<?xml version="1.0" encoding="UTF-8"?>
<testsuite xmlns:xsi="http://www.w3.org/2001/XMLSchema-instance" xsi:noNamespaceSchemaLocation="https://maven.apache.org/surefire/maven-surefire-plugin/xsd/surefire-test-report.xsd" name="org.apache.hadoop.ozone.client.rpc.TestBlockOutputStreamWithFailures" time="692.624" tests="8" errors="0" skipped="0" failures="1">
  <properties>
    <property name="awt.toolkit" value="sun.awt.X11.XToolkit"/>
    <property name="file.encoding.pkg" value="sun.io"/>
    <property name="java.specification.version" value="1.8"/>
    <property name="sun.cpu.isalist" value=""/>
    <property name="sun.jnu.encoding" value="UTF-8"/>
    <property name="java.class.path" value="/workdir/hadoop-ozone/integration-test/target/test-classes:/workdir/hadoop-ozone/integration-test/target/classes:/home/user/.m2/repository/org/apache/hadoop/hadoop-ozone-common/0.5.0-SNAPSHOT/hadoop-ozone-common-0.5.0-SNAPSHOT.jar:/home/user/.m2/repository/org/apache/commons/commons-compress/1.4.1/commons-compress-1.4.1.jar:/home/user/.m2/repository/org/tukaani/xz/1.0/xz-1.0.jar:/home/user/.m2/repository/org/apache/hadoop/hadoop-common/3.2.0/hadoop-common-3.2.0.jar:/home/user/.m2/repository/org/apache/hadoop/hadoop-hdfs/3.2.0/hadoop-hdfs-3.2.0.jar:/home/user/.m2/repository/org/apache/hadoop/hadoop-hdfs-client/3.2.0/hadoop-hdfs-client-3.2.0.jar:/home/user/.m2/repository/com/fasterxml/jackson/core/jackson-annotations/2.9.9/jackson-annotations-2.9.9.jar:/home/user/.m2/repository/org/apache/hadoop/hadoop-hdds-common/0.5.0-SNAPSHOT/hadoop-hdds-common-0.5.0-SNAPSHOT.jar:/home/user/.m2/repository/javax/annotation/javax.annotation-api/1.2/javax.annotation-api-1.2.jar:/home/user/.m2/repository/org/apache/ratis/ratis-server/0.5.0-201fc85-SNAPSHOT/ratis-server-0.5.0-201fc85-SNAPSHOT.jar:/home/user/.m2/repository/org/apache/ratis/ratis-thirdparty-misc/0.2.0/ratis-thirdparty-misc-0.2.0.jar:/home/user/.m2/repository/org/apache/ratis/ratis-proto/0.5.0-201fc85-SNAPSHOT/ratis-proto-0.5.0-201fc85-SNAPSHOT.jar:/home/user/.m2/repository/org/apache/ratis/ratis-common/0.5.0-201fc85-SNAPSHOT/ratis-common-0.5.0-201fc85-SNAPSHOT.jar:/home/user/.m2/repository/org/apache/ratis/ratis-client/0.5.0-201fc85-SNAPSHOT/ratis-client-0.5.0-201fc85-SNAPSHOT.jar:/home/user/.m2/repository/org/apache/ratis/ratis-metrics/0.5.0-201fc85-SNAPSHOT/ratis-metrics-0.5.0-201fc85-SNAPSHOT.jar:/home/user/.m2/repository/com/github/joshelser/dropwizard-metrics-hadoop-metrics2-reporter/0.1.2/dropwizard-metrics-hadoop-metrics2-reporter-0.1.2.jar:/home/user/.m2/repository/io/dropwizard/metrics/metrics-jvm/3.2.5/metrics-jvm-3.2.5.jar:/home/user/.m2/repository/io/dropwizard/metrics/metrics-ganglia/3.2.5/metrics-ganglia-3.2.5.jar:/home/user/.m2/repository/info/ganglia/gmetric4j/gmetric4j/1.0.7/gmetric4j-1.0.7.jar:/home/user/.m2/repository/org/apache/ratis/ratis-netty/0.5.0-201fc85-SNAPSHOT/ratis-netty-0.5.0-201fc85-SNAPSHOT.jar:/home/user/.m2/repository/org/apache/ratis/ratis-grpc/0.5.0-201fc85-SNAPSHOT/ratis-grpc-0.5.0-201fc85-SNAPSHOT.jar:/home/user/.m2/repository/org/rocksdb/rocksdbjni/6.0.1/rocksdbjni-6.0.1.jar:/home/user/.m2/repository/org/apache/logging/log4j/log4j-api/2.11.0/log4j-api-2.11.0.jar:/home/user/.m2/repository/org/apache/logging/log4j/log4j-core/2.11.0/log4j-core-2.11.0.jar:/home/user/.m2/repository/com/lmax/disruptor/3.4.2/disruptor-3.4.2.jar:/home/user/.m2/repository/org/apache/commons/commons-pool2/2.6.0/commons-pool2-2.6.0.jar:/home/user/.m2/repository/org/bouncycastle/bcpkix-jdk15on/1.60/bcpkix-jdk15on-1.60.jar:/home/user/.m2/repository/commons-validator/commons-validator/1.6/commons-validator-1.6.jar:/home/user/.m2/repository/commons-digester/commons-digester/1.8.1/commons-digester-1.8.1.jar:/home/user/.m2/repository/io/jaegertracing/jaeger-client/0.34.0/jaeger-client-0.34.0.jar:/home/user/.m2/repository/io/jaegertracing/jaeger-thrift/0.34.0/jaeger-thrift-0.34.0.jar:/home/user/.m2/repository/org/apache/thrift/libthrift/0.12.0/libthrift-0.12.0.jar:/home/user/.m2/repository/com/squareup/okhttp3/okhttp/3.9.0/okhttp-3.9.0.jar:/home/user/.m2/repository/com/squareup/okio/okio/1.13.0/okio-1.13.0.jar:/home/user/.m2/repository/io/jaegertracing/jaeger-core/0.34.0/jaeger-core-0.34.0.jar:/home/user/.m2/repository/io/jaegertracing/jaeger-tracerresolver/0.34.0/jaeger-tracerresolver-0.34.0.jar:/home/user/.m2/repository/io/opentracing/contrib/opentracing-tracerresolver/0.1.5/opentracing-tracerresolver-0.1.5.jar:/home/user/.m2/repository/io/opentracing/opentracing-util/0.31.0/opentracing-util-0.31.0.jar:/home/user/.m2/repository/io/opentracing/opentracing-api/0.31.0/opentracing-api-0.31.0.jar:/home/user/.m2/repository/io/opentracing/opentracing-noop/0.31.0/opentracing-noop-0.31.0.jar:/home/user/.m2/repository/org/apache/hadoop/hadoop-hdds-server-framework/0.5.0-SNAPSHOT/hadoop-hdds-server-framework-0.5.0-SNAPSHOT.jar:/home/user/.m2/repository/org/apache/hadoop/hadoop-hdds-container-service/0.5.0-SNAPSHOT/hadoop-hdds-container-service-0.5.0-SNAPSHOT.jar:/home/user/.m2/repository/org/apache/hadoop/hadoop-hdds-client/0.5.0-SNAPSHOT/hadoop-hdds-client-0.5.0-SNAPSHOT.jar:/home/user/.m2/repository/org/apache/hadoop/hadoop-hdds-tools/0.5.0-SNAPSHOT/hadoop-hdds-tools-0.5.0-SNAPSHOT.jar:/home/user/.m2/repository/org/apache/hadoop/hadoop-hdds-server-scm/0.5.0-SNAPSHOT/hadoop-hdds-server-scm-0.5.0-SNAPSHOT.jar:/home/user/.m2/repository/org/apache/hadoop/hadoop-hdds-docs/0.5.0-SNAPSHOT/hadoop-hdds-docs-0.5.0-SNAPSHOT.jar:/home/user/.m2/repository/io/dropwizard/metrics/metrics-core/3.2.4/metrics-core-3.2.4.jar:/home/user/.m2/repository/org/hamcrest/hamcrest-all/1.3/hamcrest-all-1.3.jar:/home/user/.m2/repository/org/bouncycastle/bcprov-jdk15on/1.60/bcprov-jdk15on-1.60.jar:/home/user/.m2/repository/info/picocli/picocli/3.9.6/picocli-3.9.6.jar:/home/user/.m2/repository/com/google/protobuf/protobuf-java/2.5.0/protobuf-java-2.5.0.jar:/home/user/.m2/repository/com/google/guava/guava/11.0.2/guava-11.0.2.jar:/home/user/.m2/repository/org/apache/hadoop/hadoop-ozone-ozone-manager/0.5.0-SNAPSHOT/hadoop-ozone-ozone-manager-0.5.0-SNAPSHOT.jar:/home/user/.m2/repository/org/apache/hadoop/hadoop-minikdc/3.2.0/hadoop-minikdc-3.2.0.jar:/home/user/.m2/repository/commons-io/commons-io/2.5/commons-io-2.5.jar:/home/user/.m2/repository/org/apache/kerby/kerb-simplekdc/1.0.1/kerb-simplekdc-1.0.1.jar:/home/user/.m2/repository/org/apache/kerby/kerb-client/1.0.1/kerb-client-1.0.1.jar:/home/user/.m2/repository/org/apache/kerby/kerby-config/1.0.1/kerby-config-1.0.1.jar:/home/user/.m2/repository/org/apache/kerby/kerb-core/1.0.1/kerb-core-1.0.1.jar:/home/user/.m2/repository/org/apache/kerby/kerby-pkix/1.0.1/kerby-pkix-1.0.1.jar:/home/user/.m2/repository/org/apache/kerby/kerby-asn1/1.0.1/kerby-asn1-1.0.1.jar:/home/user/.m2/repository/org/apache/kerby/kerby-util/1.0.1/kerby-util-1.0.1.jar:/home/user/.m2/repository/org/apache/kerby/kerb-common/1.0.1/kerb-common-1.0.1.jar:/home/user/.m2/repository/org/apache/kerby/kerb-crypto/1.0.1/kerb-crypto-1.0.1.jar:/home/user/.m2/repository/org/apache/kerby/kerb-util/1.0.1/kerb-util-1.0.1.jar:/home/user/.m2/repository/org/apache/kerby/token-provider/1.0.1/token-provider-1.0.1.jar:/home/user/.m2/repository/org/apache/kerby/kerb-admin/1.0.1/kerb-admin-1.0.1.jar:/home/user/.m2/repository/org/apache/kerby/kerb-server/1.0.1/kerb-server-1.0.1.jar:/home/user/.m2/repository/org/apache/kerby/kerb-identity/1.0.1/kerb-identity-1.0.1.jar:/home/user/.m2/repository/org/apache/kerby/kerby-xdr/1.0.1/kerby-xdr-1.0.1.jar:/home/user/.m2/repository/org/slf4j/slf4j-log4j12/1.7.25/slf4j-log4j12-1.7.25.jar:/home/user/.m2/repository/org/apache/hadoop/hadoop-ozone-s3gateway/0.5.0-SNAPSHOT/hadoop-ozone-s3gateway-0.5.0-SNAPSHOT.jar:/home/user/.m2/repository/org/jboss/weld/servlet/weld-servlet/2.4.7.Final/weld-servlet-2.4.7.Final.jar:/home/user/.m2/repository/org/glassfish/jersey/containers/jersey-container-servlet-core/2.27/jersey-container-servlet-core-2.27.jar:/home/user/.m2/repository/org/glassfish/hk2/external/javax.inject/2.5.0-b42/javax.inject-2.5.0-b42.jar:/home/user/.m2/repository/org/glassfish/jersey/core/jersey-common/2.27/jersey-common-2.27.jar:/home/user/.m2/repository/org/glassfish/hk2/osgi-resource-locator/1.0.1/osgi-resource-locator-1.0.1.jar:/home/user/.m2/repository/javax/ws/rs/javax.ws.rs-api/2.1/javax.ws.rs-api-2.1.jar:/home/user/.m2/repository/org/glassfish/jersey/ext/cdi/jersey-cdi1x/2.27/jersey-cdi1x-2.27.jar:/home/user/.m2/repository/org/glassfish/jersey/inject/jersey-hk2/2.27/jersey-hk2-2.27.jar:/home/user/.m2/repository/org/glassfish/hk2/hk2-locator/2.5.0-b42/hk2-locator-2.5.0-b42.jar:/home/user/.m2/repository/org/javassist/javassist/3.22.0-CR2/javassist-3.22.0-CR2.jar:/home/user/.m2/repository/org/glassfish/hk2/hk2-api/2.5.0/hk2-api-2.5.0.jar:/home/user/.m2/repository/org/glassfish/hk2/external/jakarta.inject/2.5.0/jakarta.inject-2.5.0.jar:/home/user/.m2/repository/org/glassfish/hk2/hk2-utils/2.5.0/hk2-utils-2.5.0.jar:/home/user/.m2/repository/jakarta/annotation/jakarta.annotation-api/1.3.4/jakarta.annotation-api-1.3.4.jar:/home/user/.m2/repository/org/glassfish/hk2/external/aopalliance-repackaged/2.5.0/aopalliance-repackaged-2.5.0.jar:/home/user/.m2/repository/com/fasterxml/jackson/dataformat/jackson-dataformat-xml/2.9.0/jackson-dataformat-xml-2.9.0.jar:/home/user/.m2/repository/com/fasterxml/jackson/core/jackson-core/2.9.9/jackson-core-2.9.9.jar:/home/user/.m2/repository/com/fasterxml/jackson/module/jackson-module-jaxb-annotations/2.9.9/jackson-module-jaxb-annotations-2.9.9.jar:/home/user/.m2/repository/javax/enterprise/cdi-api/1.2/cdi-api-1.2.jar:/home/user/.m2/repository/javax/el/javax.el-api/3.0.0/javax.el-api-3.0.0.jar:/home/user/.m2/repository/javax/interceptor/javax.interceptor-api/1.2/javax.interceptor-api-1.2.jar:/home/user/.m2/repository/javax/inject/javax.inject/1/javax.inject-1.jar:/home/user/.m2/repository/com/sun/xml/bind/jaxb-impl/2.3.0.1/jaxb-impl-2.3.0.1.jar:/home/user/.m2/repository/com/sun/xml/bind/jaxb-core/2.3.0.1/jaxb-core-2.3.0.1.jar:/home/user/.m2/repository/javax/xml/bind/jaxb-api/2.3.0/jaxb-api-2.3.0.jar:/home/user/.m2/repository/javax/activation/activation/1.1.1/activation-1.1.1.jar:/home/user/.m2/repository/org/apache/hadoop/hadoop-ozone-csi/0.5.0-SNAPSHOT/hadoop-ozone-csi-0.5.0-SNAPSHOT.jar:/home/user/.m2/repository/com/google/protobuf/protobuf-java-util/3.5.1/protobuf-java-util-3.5.1.jar:/home/user/.m2/repository/org/apache/hadoop/hadoop-hdds-config/0.5.0-SNAPSHOT/hadoop-hdds-config-0.5.0-SNAPSHOT.jar:/home/user/.m2/repository/io/grpc/grpc-netty/1.17.1/grpc-netty-1.17.1.jar:/home/user/.m2/repository/io/grpc/grpc-core/1.17.1/grpc-core-1.17.1.jar:/home/user/.m2/repository/io/grpc/grpc-context/1.17.1/grpc-context-1.17.1.jar:/home/user/.m2/repository/com/google/errorprone/error_prone_annotations/2.2.0/error_prone_annotations-2.2.0.jar:/home/user/.m2/repository/org/codehaus/mojo/animal-sniffer-annotations/1.17/animal-sniffer-annotations-1.17.jar:/home/user/.m2/repository/io/opencensus/opencensus-api/0.17.0/opencensus-api-0.17.0.jar:/home/user/.m2/repository/io/opencensus/opencensus-contrib-grpc-metrics/0.17.0/opencensus-contrib-grpc-metrics-0.17.0.jar:/home/user/.m2/repository/io/netty/netty-codec-http2/4.1.30.Final/netty-codec-http2-4.1.30.Final.jar:/home/user/.m2/repository/io/netty/netty-codec-http/4.1.30.Final/netty-codec-http-4.1.30.Final.jar:/home/user/.m2/repository/io/netty/netty-codec/4.1.30.Final/netty-codec-4.1.30.Final.jar:/home/user/.m2/repository/io/netty/netty-handler/4.1.30.Final/netty-handler-4.1.30.Final.jar:/home/user/.m2/repository/io/netty/netty-handler-proxy/4.1.30.Final/netty-handler-proxy-4.1.30.Final.jar:/home/user/.m2/repository/io/netty/netty-codec-socks/4.1.30.Final/netty-codec-socks-4.1.30.Final.jar:/home/user/.m2/repository/io/netty/netty-transport-native-epoll/4.1.30.Final/netty-transport-native-epoll-4.1.30.Final.jar:/home/user/.m2/repository/io/netty/netty-common/4.1.30.Final/netty-common-4.1.30.Final.jar:/home/user/.m2/repository/io/netty/netty-buffer/4.1.30.Final/netty-buffer-4.1.30.Final.jar:/home/user/.m2/repository/io/netty/netty-transport/4.1.30.Final/netty-transport-4.1.30.Final.jar:/home/user/.m2/repository/io/netty/netty-resolver/4.1.30.Final/netty-resolver-4.1.30.Final.jar:/home/user/.m2/repository/io/netty/netty-transport-native-unix-common/4.1.30.Final/netty-transport-native-unix-common-4.1.30.Final.jar:/home/user/.m2/repository/io/grpc/grpc-protobuf/1.17.1/grpc-protobuf-1.17.1.jar:/home/user/.m2/repository/com/google/api/grpc/proto-google-common-protos/1.0.0/proto-google-common-protos-1.0.0.jar:/home/user/.m2/repository/io/grpc/grpc-protobuf-lite/1.17.1/grpc-protobuf-lite-1.17.1.jar:/home/user/.m2/repository/io/grpc/grpc-stub/1.17.1/grpc-stub-1.17.1.jar:/home/user/.m2/repository/org/apache/hadoop/hadoop-ozone-recon/0.5.0-SNAPSHOT/hadoop-ozone-recon-0.5.0-SNAPSHOT.jar:/home/user/.m2/repository/org/apache/hadoop/hadoop-ozone-reconcodegen/0.5.0-SNAPSHOT/hadoop-ozone-reconcodegen-0.5.0-SNAPSHOT.jar:/home/user/.m2/repository/com/google/inject/extensions/guice-multibindings/4.0/guice-multibindings-4.0.jar:/home/user/.m2/repository/com/google/inject/guice/4.0/guice-4.0.jar:/home/user/.m2/repository/aopalliance/aopalliance/1.0/aopalliance-1.0.jar:/home/user/.m2/repository/com/google/inject/extensions/guice-servlet/4.0/guice-servlet-4.0.jar:/home/user/.m2/repository/org/glassfish/jersey/containers/jersey-container-servlet/2.27/jersey-container-servlet-2.27.jar:/home/user/.m2/repository/org/glassfish/hk2/guice-bridge/2.5.0/guice-bridge-2.5.0.jar:/home/user/.m2/repository/org/glassfish/jersey/core/jersey-server/2.27/jersey-server-2.27.jar:/home/user/.m2/repository/org/glassfish/jersey/core/jersey-client/2.27/jersey-client-2.27.jar:/home/user/.m2/repository/org/glassfish/jersey/media/jersey-media-jaxb/2.27/jersey-media-jaxb-2.27.jar:/home/user/.m2/repository/javax/validation/validation-api/1.1.0.Final/validation-api-1.1.0.Final.jar:/home/user/.m2/repository/org/glassfish/jersey/media/jersey-media-json-jackson/2.27/jersey-media-json-jackson-2.27.jar:/home/user/.m2/repository/org/glassfish/jersey/ext/jersey-entity-filtering/2.27/jersey-entity-filtering-2.27.jar:/home/user/.m2/repository/com/google/inject/extensions/guice-assistedinject/4.0/guice-assistedinject-4.0.jar:/home/user/.m2/repository/org/jooq/jooq/3.11.10/jooq-3.11.10.jar:/home/user/.m2/repository/org/jooq/jooq-meta/3.11.10/jooq-meta-3.11.10.jar:/home/user/.m2/repository/org/jooq/jooq-codegen/3.11.10/jooq-codegen-3.11.10.jar:/home/user/.m2/repository/com/jolbox/bonecp/0.8.0.RELEASE/bonecp-0.8.0.RELEASE.jar:/home/user/.m2/repository/org/xerial/sqlite-jdbc/3.25.2/sqlite-jdbc-3.25.2.jar:/home/user/.m2/repository/org/springframework/spring-jdbc/5.1.3.RELEASE/spring-jdbc-5.1.3.RELEASE.jar:/home/user/.m2/repository/org/springframework/spring-beans/5.1.3.RELEASE/spring-beans-5.1.3.RELEASE.jar:/home/user/.m2/repository/org/springframework/spring-core/5.1.3.RELEASE/spring-core-5.1.3.RELEASE.jar:/home/user/.m2/repository/org/springframework/spring-jcl/5.1.3.RELEASE/spring-jcl-5.1.3.RELEASE.jar:/home/user/.m2/repository/org/springframework/spring-tx/5.1.3.RELEASE/spring-tx-5.1.3.RELEASE.jar:/home/user/.m2/repository/org/apache/hadoop/hadoop-ozone-client/0.5.0-SNAPSHOT/hadoop-ozone-client-0.5.0-SNAPSHOT.jar:/home/user/.m2/repository/commons-lang/commons-lang/2.6/commons-lang-2.6.jar:/home/user/.m2/repository/org/apache/hadoop/hadoop-ozone-ozone-manager/0.5.0-SNAPSHOT/hadoop-ozone-ozone-manager-0.5.0-SNAPSHOT-tests.jar:/home/user/.m2/repository/junit/junit/4.11/junit-4.11.jar:/home/user/.m2/repository/org/hamcrest/hamcrest-core/1.3/hamcrest-core-1.3.jar:/home/user/.m2/repository/org/openjdk/jmh/jmh-core/1.19/jmh-core-1.19.jar:/home/user/.m2/repository/net/sf/jopt-simple/jopt-simple/4.6/jopt-simple-4.6.jar:/home/user/.m2/repository/org/apache/commons/commons-math3/3.1.1/commons-math3-3.1.1.jar:/home/user/.m2/repository/org/openjdk/jmh/jmh-generator-annprocess/1.19/jmh-generator-annprocess-1.19.jar:/home/user/.m2/repository/org/mockito/mockito-all/1.8.5/mockito-all-1.8.5.jar:/home/user/.m2/repository/org/apache/hadoop/hadoop-kms/3.2.0/hadoop-kms-3.2.0.jar:/home/user/.m2/repository/org/apache/hadoop/hadoop-auth/3.2.0/hadoop-auth-3.2.0.jar:/home/user/.m2/repository/com/nimbusds/nimbus-jose-jwt/4.41.1/nimbus-jose-jwt-4.41.1.jar:/home/user/.m2/repository/com/github/stephenc/jcip/jcip-annotations/1.0-1/jcip-annotations-1.0-1.jar:/home/user/.m2/repository/net/minidev/json-smart/2.3/json-smart-2.3.jar:/home/user/.m2/repository/net/minidev/accessors-smart/1.2/accessors-smart-1.2.jar:/home/user/.m2/repository/org/ow2/asm/asm/5.0.4/asm-5.0.4.jar:/home/user/.m2/repository/org/apache/curator/curator-framework/2.12.0/curator-framework-2.12.0.jar:/home/user/.m2/repository/com/sun/jersey/jersey-core/1.19/jersey-core-1.19.jar:/home/user/.m2/repository/javax/ws/rs/jsr311-api/1.1.1/jsr311-api-1.1.1.jar:/home/user/.m2/repository/com/sun/jersey/jersey-server/1.19/jersey-server-1.19.jar:/home/user/.m2/repository/javax/servlet/javax.servlet-api/3.1.0/javax.servlet-api-3.1.0.jar:/home/user/.m2/repository/org/eclipse/jetty/jetty-server/9.3.25.v20180904/jetty-server-9.3.25.v20180904.jar:/home/user/.m2/repository/org/eclipse/jetty/jetty-http/9.3.25.v20180904/jetty-http-9.3.25.v20180904.jar:/home/user/.m2/repository/org/eclipse/jetty/jetty-io/9.3.25.v20180904/jetty-io-9.3.25.v20180904.jar:/home/user/.m2/repository/org/eclipse/jetty/jetty-webapp/9.3.25.v20180904/jetty-webapp-9.3.25.v20180904.jar:/home/user/.m2/repository/org/eclipse/jetty/jetty-xml/9.3.25.v20180904/jetty-xml-9.3.25.v20180904.jar:/home/user/.m2/repository/log4j/log4j/1.2.17/log4j-1.2.17.jar:/home/user/.m2/repository/org/slf4j/slf4j-api/1.7.25/slf4j-api-1.7.25.jar:/home/user/.m2/repository/org/slf4j/jul-to-slf4j/1.7.25/jul-to-slf4j-1.7.25.jar:/home/user/.m2/repository/org/eclipse/jetty/jetty-util/9.3.25.v20180904/jetty-util-9.3.25.v20180904.jar:/home/user/.m2/repository/com/fasterxml/jackson/core/jackson-databind/2.9.9/jackson-databind-2.9.9.jar:/home/user/.m2/repository/org/apache/hadoop/hadoop-kms/3.2.0/hadoop-kms-3.2.0-tests.jar:/home/user/.m2/repository/org/apache/hadoop/hadoop-hdds-server-scm/0.5.0-SNAPSHOT/hadoop-hdds-server-scm-0.5.0-SNAPSHOT-tests.jar:/home/user/.m2/repository/org/apache/hadoop/hadoop-hdds-container-service/0.5.0-SNAPSHOT/hadoop-hdds-container-service-0.5.0-SNAPSHOT-tests.jar:/home/user/.m2/repository/org/yaml/snakeyaml/1.16/snakeyaml-1.16.jar:/home/user/.m2/repository/org/apache/hadoop/hadoop-common/3.2.0/hadoop-common-3.2.0-tests.jar:/home/user/.m2/repository/org/apache/hadoop/hadoop-annotations/3.2.0/hadoop-annotations-3.2.0.jar:/usr/lib/jvm/java-1.8-openjdk/jre/../lib/tools.jar:/home/user/.m2/repository/commons-cli/commons-cli/1.2/commons-cli-1.2.jar:/home/user/.m2/repository/org/apache/httpcomponents/httpclient/4.5.2/httpclient-4.5.2.jar:/home/user/.m2/repository/org/apache/httpcomponents/httpcore/4.4.4/httpcore-4.4.4.jar:/home/user/.m2/repository/commons-codec/commons-codec/1.11/commons-codec-1.11.jar:/home/user/.m2/repository/commons-net/commons-net/3.6/commons-net-3.6.jar:/home/user/.m2/repository/commons-collections/commons-collections/3.2.2/commons-collections-3.2.2.jar:/home/user/.m2/repository/org/eclipse/jetty/jetty-servlet/9.3.25.v20180904/jetty-servlet-9.3.25.v20180904.jar:/home/user/.m2/repository/org/eclipse/jetty/jetty-security/9.3.25.v20180904/jetty-security-9.3.25.v20180904.jar:/home/user/.m2/repository/javax/servlet/jsp/jsp-api/2.1/jsp-api-2.1.jar:/home/user/.m2/repository/com/sun/jersey/jersey-servlet/1.19/jersey-servlet-1.19.jar:/home/user/.m2/repository/com/sun/jersey/jersey-json/1.19/jersey-json-1.19.jar:/home/user/.m2/repository/org/codehaus/jettison/jettison/1.1/jettison-1.1.jar:/home/user/.m2/repository/org/codehaus/jackson/jackson-core-asl/1.9.13/jackson-core-asl-1.9.13.jar:/home/user/.m2/repository/org/codehaus/jackson/jackson-mapper-asl/1.9.13/jackson-mapper-asl-1.9.13.jar:/home/user/.m2/repository/org/codehaus/jackson/jackson-jaxrs/1.9.13/jackson-jaxrs-1.9.13.jar:/home/user/.m2/repository/org/codehaus/jackson/jackson-xc/1.9.13/jackson-xc-1.9.13.jar:/home/user/.m2/repository/commons-logging/commons-logging/1.1.3/commons-logging-1.1.3.jar:/home/user/.m2/repository/commons-beanutils/commons-beanutils/1.9.4/commons-beanutils-1.9.4.jar:/home/user/.m2/repository/org/apache/commons/commons-configuration2/2.1.1/commons-configuration2-2.1.1.jar:/home/user/.m2/repository/org/apache/commons/commons-lang3/3.7/commons-lang3-3.7.jar:/home/user/.m2/repository/org/apache/commons/commons-text/1.4/commons-text-1.4.jar:/home/user/.m2/repository/org/apache/avro/avro/1.7.7/avro-1.7.7.jar:/home/user/.m2/repository/com/thoughtworks/paranamer/paranamer/2.3/paranamer-2.3.jar:/home/user/.m2/repository/org/xerial/snappy/snappy-java/1.0.5/snappy-java-1.0.5.jar:/home/user/.m2/repository/com/google/re2j/re2j/1.1/re2j-1.1.jar:/home/user/.m2/repository/com/google/code/gson/gson/2.2.4/gson-2.2.4.jar:/home/user/.m2/repository/com/jcraft/jsch/0.1.54/jsch-0.1.54.jar:/home/user/.m2/repository/org/apache/curator/curator-client/2.12.0/curator-client-2.12.0.jar:/home/user/.m2/repository/org/apache/curator/curator-recipes/2.12.0/curator-recipes-2.12.0.jar:/home/user/.m2/repository/com/google/code/findbugs/jsr305/3.0.0/jsr305-3.0.0.jar:/home/user/.m2/repository/org/apache/htrace/htrace-core4/4.1.0-incubating/htrace-core4-4.1.0-incubating.jar:/home/user/.m2/repository/org/apache/zookeeper/zookeeper/3.4.13/zookeeper-3.4.13.jar:/home/user/.m2/repository/jline/jline/0.9.94/jline-0.9.94.jar:/home/user/.m2/repository/org/apache/yetus/audience-annotations/0.5.0/audience-annotations-0.5.0.jar:/home/user/.m2/repository/org/codehaus/woodstox/stax2-api/3.1.4/stax2-api-3.1.4.jar:/home/user/.m2/repository/com/fasterxml/woodstox/woodstox-core/5.0.3/woodstox-core-5.0.3.jar:/home/user/.m2/repository/dnsjava/dnsjava/2.1.7/dnsjava-2.1.7.jar:/home/user/.m2/repository/org/apache/hadoop/hadoop-hdfs/3.2.0/hadoop-hdfs-3.2.0-tests.jar:/home/user/.m2/repository/org/eclipse/jetty/jetty-util-ajax/9.3.25.v20180904/jetty-util-ajax-9.3.25.v20180904.jar:/home/user/.m2/repository/commons-daemon/commons-daemon/1.0.13/commons-daemon-1.0.13.jar:/home/user/.m2/repository/io/netty/netty/3.10.5.Final/netty-3.10.5.Final.jar:/home/user/.m2/repository/io/netty/netty-all/4.0.52.Final/netty-all-4.0.52.Final.jar:/home/user/.m2/repository/org/fusesource/leveldbjni/leveldbjni-all/1.8/leveldbjni-all-1.8.jar:"/>
    <property name="java.vm.vendor" value="IcedTea"/>
    <property name="sun.arch.data.model" value="64"/>
    <property name="test.build.dir" value="/workdir/hadoop-ozone/integration-test/target/test-dir"/>
    <property name="test.cache.data" value=""/>
    <property name="java.vendor.url" value="https://icedtea.classpath.org"/>
    <property name="user.timezone" value=""/>
    <property name="java.vm.specification.version" value="1.8"/>
    <property name="os.name" value="Linux"/>
    <property name="test.build.data" value="/workdir/hadoop-ozone/integration-test/target/test-dir"/>
    <property name="user.country" value="US"/>
    <property name="sun.java.launcher" value="SUN_STANDARD"/>
    <property name="sun.boot.library.path" value="/usr/lib/jvm/java-1.8-openjdk/jre/lib/amd64"/>
    <property name="sun.java.command" value="/workdir/hadoop-ozone/integration-test/target/surefire/surefirebooter7814727534956594187.jar /workdir/hadoop-ozone/integration-test/target/surefire 2019-10-04T07-07-14_537-jvmRun1 surefire5052179025910346037tmp surefire_563261021606279418609tmp"/>
    <property name="test" value="!TestMiniChaosOzoneCluster"/>
    <property name="surefire.test.class.path" value="/workdir/hadoop-ozone/integration-test/target/test-classes:/workdir/hadoop-ozone/integration-test/target/classes:/home/user/.m2/repository/org/apache/hadoop/hadoop-ozone-common/0.5.0-SNAPSHOT/hadoop-ozone-common-0.5.0-SNAPSHOT.jar:/home/user/.m2/repository/org/apache/commons/commons-compress/1.4.1/commons-compress-1.4.1.jar:/home/user/.m2/repository/org/tukaani/xz/1.0/xz-1.0.jar:/home/user/.m2/repository/org/apache/hadoop/hadoop-common/3.2.0/hadoop-common-3.2.0.jar:/home/user/.m2/repository/org/apache/hadoop/hadoop-hdfs/3.2.0/hadoop-hdfs-3.2.0.jar:/home/user/.m2/repository/org/apache/hadoop/hadoop-hdfs-client/3.2.0/hadoop-hdfs-client-3.2.0.jar:/home/user/.m2/repository/com/fasterxml/jackson/core/jackson-annotations/2.9.9/jackson-annotations-2.9.9.jar:/home/user/.m2/repository/org/apache/hadoop/hadoop-hdds-common/0.5.0-SNAPSHOT/hadoop-hdds-common-0.5.0-SNAPSHOT.jar:/home/user/.m2/repository/javax/annotation/javax.annotation-api/1.2/javax.annotation-api-1.2.jar:/home/user/.m2/repository/org/apache/ratis/ratis-server/0.5.0-201fc85-SNAPSHOT/ratis-server-0.5.0-201fc85-SNAPSHOT.jar:/home/user/.m2/repository/org/apache/ratis/ratis-thirdparty-misc/0.2.0/ratis-thirdparty-misc-0.2.0.jar:/home/user/.m2/repository/org/apache/ratis/ratis-proto/0.5.0-201fc85-SNAPSHOT/ratis-proto-0.5.0-201fc85-SNAPSHOT.jar:/home/user/.m2/repository/org/apache/ratis/ratis-common/0.5.0-201fc85-SNAPSHOT/ratis-common-0.5.0-201fc85-SNAPSHOT.jar:/home/user/.m2/repository/org/apache/ratis/ratis-client/0.5.0-201fc85-SNAPSHOT/ratis-client-0.5.0-201fc85-SNAPSHOT.jar:/home/user/.m2/repository/org/apache/ratis/ratis-metrics/0.5.0-201fc85-SNAPSHOT/ratis-metrics-0.5.0-201fc85-SNAPSHOT.jar:/home/user/.m2/repository/com/github/joshelser/dropwizard-metrics-hadoop-metrics2-reporter/0.1.2/dropwizard-metrics-hadoop-metrics2-reporter-0.1.2.jar:/home/user/.m2/repository/io/dropwizard/metrics/metrics-jvm/3.2.5/metrics-jvm-3.2.5.jar:/home/user/.m2/repository/io/dropwizard/metrics/metrics-ganglia/3.2.5/metrics-ganglia-3.2.5.jar:/home/user/.m2/repository/info/ganglia/gmetric4j/gmetric4j/1.0.7/gmetric4j-1.0.7.jar:/home/user/.m2/repository/org/apache/ratis/ratis-netty/0.5.0-201fc85-SNAPSHOT/ratis-netty-0.5.0-201fc85-SNAPSHOT.jar:/home/user/.m2/repository/org/apache/ratis/ratis-grpc/0.5.0-201fc85-SNAPSHOT/ratis-grpc-0.5.0-201fc85-SNAPSHOT.jar:/home/user/.m2/repository/org/rocksdb/rocksdbjni/6.0.1/rocksdbjni-6.0.1.jar:/home/user/.m2/repository/org/apache/logging/log4j/log4j-api/2.11.0/log4j-api-2.11.0.jar:/home/user/.m2/repository/org/apache/logging/log4j/log4j-core/2.11.0/log4j-core-2.11.0.jar:/home/user/.m2/repository/com/lmax/disruptor/3.4.2/disruptor-3.4.2.jar:/home/user/.m2/repository/org/apache/commons/commons-pool2/2.6.0/commons-pool2-2.6.0.jar:/home/user/.m2/repository/org/bouncycastle/bcpkix-jdk15on/1.60/bcpkix-jdk15on-1.60.jar:/home/user/.m2/repository/commons-validator/commons-validator/1.6/commons-validator-1.6.jar:/home/user/.m2/repository/commons-digester/commons-digester/1.8.1/commons-digester-1.8.1.jar:/home/user/.m2/repository/io/jaegertracing/jaeger-client/0.34.0/jaeger-client-0.34.0.jar:/home/user/.m2/repository/io/jaegertracing/jaeger-thrift/0.34.0/jaeger-thrift-0.34.0.jar:/home/user/.m2/repository/org/apache/thrift/libthrift/0.12.0/libthrift-0.12.0.jar:/home/user/.m2/repository/com/squareup/okhttp3/okhttp/3.9.0/okhttp-3.9.0.jar:/home/user/.m2/repository/com/squareup/okio/okio/1.13.0/okio-1.13.0.jar:/home/user/.m2/repository/io/jaegertracing/jaeger-core/0.34.0/jaeger-core-0.34.0.jar:/home/user/.m2/repository/io/jaegertracing/jaeger-tracerresolver/0.34.0/jaeger-tracerresolver-0.34.0.jar:/home/user/.m2/repository/io/opentracing/contrib/opentracing-tracerresolver/0.1.5/opentracing-tracerresolver-0.1.5.jar:/home/user/.m2/repository/io/opentracing/opentracing-util/0.31.0/opentracing-util-0.31.0.jar:/home/user/.m2/repository/io/opentracing/opentracing-api/0.31.0/opentracing-api-0.31.0.jar:/home/user/.m2/repository/io/opentracing/opentracing-noop/0.31.0/opentracing-noop-0.31.0.jar:/home/user/.m2/repository/org/apache/hadoop/hadoop-hdds-server-framework/0.5.0-SNAPSHOT/hadoop-hdds-server-framework-0.5.0-SNAPSHOT.jar:/home/user/.m2/repository/org/apache/hadoop/hadoop-hdds-container-service/0.5.0-SNAPSHOT/hadoop-hdds-container-service-0.5.0-SNAPSHOT.jar:/home/user/.m2/repository/org/apache/hadoop/hadoop-hdds-client/0.5.0-SNAPSHOT/hadoop-hdds-client-0.5.0-SNAPSHOT.jar:/home/user/.m2/repository/org/apache/hadoop/hadoop-hdds-tools/0.5.0-SNAPSHOT/hadoop-hdds-tools-0.5.0-SNAPSHOT.jar:/home/user/.m2/repository/org/apache/hadoop/hadoop-hdds-server-scm/0.5.0-SNAPSHOT/hadoop-hdds-server-scm-0.5.0-SNAPSHOT.jar:/home/user/.m2/repository/org/apache/hadoop/hadoop-hdds-docs/0.5.0-SNAPSHOT/hadoop-hdds-docs-0.5.0-SNAPSHOT.jar:/home/user/.m2/repository/io/dropwizard/metrics/metrics-core/3.2.4/metrics-core-3.2.4.jar:/home/user/.m2/repository/org/hamcrest/hamcrest-all/1.3/hamcrest-all-1.3.jar:/home/user/.m2/repository/org/bouncycastle/bcprov-jdk15on/1.60/bcprov-jdk15on-1.60.jar:/home/user/.m2/repository/info/picocli/picocli/3.9.6/picocli-3.9.6.jar:/home/user/.m2/repository/com/google/protobuf/protobuf-java/2.5.0/protobuf-java-2.5.0.jar:/home/user/.m2/repository/com/google/guava/guava/11.0.2/guava-11.0.2.jar:/home/user/.m2/repository/org/apache/hadoop/hadoop-ozone-ozone-manager/0.5.0-SNAPSHOT/hadoop-ozone-ozone-manager-0.5.0-SNAPSHOT.jar:/home/user/.m2/repository/org/apache/hadoop/hadoop-minikdc/3.2.0/hadoop-minikdc-3.2.0.jar:/home/user/.m2/repository/commons-io/commons-io/2.5/commons-io-2.5.jar:/home/user/.m2/repository/org/apache/kerby/kerb-simplekdc/1.0.1/kerb-simplekdc-1.0.1.jar:/home/user/.m2/repository/org/apache/kerby/kerb-client/1.0.1/kerb-client-1.0.1.jar:/home/user/.m2/repository/org/apache/kerby/kerby-config/1.0.1/kerby-config-1.0.1.jar:/home/user/.m2/repository/org/apache/kerby/kerb-core/1.0.1/kerb-core-1.0.1.jar:/home/user/.m2/repository/org/apache/kerby/kerby-pkix/1.0.1/kerby-pkix-1.0.1.jar:/home/user/.m2/repository/org/apache/kerby/kerby-asn1/1.0.1/kerby-asn1-1.0.1.jar:/home/user/.m2/repository/org/apache/kerby/kerby-util/1.0.1/kerby-util-1.0.1.jar:/home/user/.m2/repository/org/apache/kerby/kerb-common/1.0.1/kerb-common-1.0.1.jar:/home/user/.m2/repository/org/apache/kerby/kerb-crypto/1.0.1/kerb-crypto-1.0.1.jar:/home/user/.m2/repository/org/apache/kerby/kerb-util/1.0.1/kerb-util-1.0.1.jar:/home/user/.m2/repository/org/apache/kerby/token-provider/1.0.1/token-provider-1.0.1.jar:/home/user/.m2/repository/org/apache/kerby/kerb-admin/1.0.1/kerb-admin-1.0.1.jar:/home/user/.m2/repository/org/apache/kerby/kerb-server/1.0.1/kerb-server-1.0.1.jar:/home/user/.m2/repository/org/apache/kerby/kerb-identity/1.0.1/kerb-identity-1.0.1.jar:/home/user/.m2/repository/org/apache/kerby/kerby-xdr/1.0.1/kerby-xdr-1.0.1.jar:/home/user/.m2/repository/org/slf4j/slf4j-log4j12/1.7.25/slf4j-log4j12-1.7.25.jar:/home/user/.m2/repository/org/apache/hadoop/hadoop-ozone-s3gateway/0.5.0-SNAPSHOT/hadoop-ozone-s3gateway-0.5.0-SNAPSHOT.jar:/home/user/.m2/repository/org/jboss/weld/servlet/weld-servlet/2.4.7.Final/weld-servlet-2.4.7.Final.jar:/home/user/.m2/repository/org/glassfish/jersey/containers/jersey-container-servlet-core/2.27/jersey-container-servlet-core-2.27.jar:/home/user/.m2/repository/org/glassfish/hk2/external/javax.inject/2.5.0-b42/javax.inject-2.5.0-b42.jar:/home/user/.m2/repository/org/glassfish/jersey/core/jersey-common/2.27/jersey-common-2.27.jar:/home/user/.m2/repository/org/glassfish/hk2/osgi-resource-locator/1.0.1/osgi-resource-locator-1.0.1.jar:/home/user/.m2/repository/javax/ws/rs/javax.ws.rs-api/2.1/javax.ws.rs-api-2.1.jar:/home/user/.m2/repository/org/glassfish/jersey/ext/cdi/jersey-cdi1x/2.27/jersey-cdi1x-2.27.jar:/home/user/.m2/repository/org/glassfish/jersey/inject/jersey-hk2/2.27/jersey-hk2-2.27.jar:/home/user/.m2/repository/org/glassfish/hk2/hk2-locator/2.5.0-b42/hk2-locator-2.5.0-b42.jar:/home/user/.m2/repository/org/javassist/javassist/3.22.0-CR2/javassist-3.22.0-CR2.jar:/home/user/.m2/repository/org/glassfish/hk2/hk2-api/2.5.0/hk2-api-2.5.0.jar:/home/user/.m2/repository/org/glassfish/hk2/external/jakarta.inject/2.5.0/jakarta.inject-2.5.0.jar:/home/user/.m2/repository/org/glassfish/hk2/hk2-utils/2.5.0/hk2-utils-2.5.0.jar:/home/user/.m2/repository/jakarta/annotation/jakarta.annotation-api/1.3.4/jakarta.annotation-api-1.3.4.jar:/home/user/.m2/repository/org/glassfish/hk2/external/aopalliance-repackaged/2.5.0/aopalliance-repackaged-2.5.0.jar:/home/user/.m2/repository/com/fasterxml/jackson/dataformat/jackson-dataformat-xml/2.9.0/jackson-dataformat-xml-2.9.0.jar:/home/user/.m2/repository/com/fasterxml/jackson/core/jackson-core/2.9.9/jackson-core-2.9.9.jar:/home/user/.m2/repository/com/fasterxml/jackson/module/jackson-module-jaxb-annotations/2.9.9/jackson-module-jaxb-annotations-2.9.9.jar:/home/user/.m2/repository/javax/enterprise/cdi-api/1.2/cdi-api-1.2.jar:/home/user/.m2/repository/javax/el/javax.el-api/3.0.0/javax.el-api-3.0.0.jar:/home/user/.m2/repository/javax/interceptor/javax.interceptor-api/1.2/javax.interceptor-api-1.2.jar:/home/user/.m2/repository/javax/inject/javax.inject/1/javax.inject-1.jar:/home/user/.m2/repository/com/sun/xml/bind/jaxb-impl/2.3.0.1/jaxb-impl-2.3.0.1.jar:/home/user/.m2/repository/com/sun/xml/bind/jaxb-core/2.3.0.1/jaxb-core-2.3.0.1.jar:/home/user/.m2/repository/javax/xml/bind/jaxb-api/2.3.0/jaxb-api-2.3.0.jar:/home/user/.m2/repository/javax/activation/activation/1.1.1/activation-1.1.1.jar:/home/user/.m2/repository/org/apache/hadoop/hadoop-ozone-csi/0.5.0-SNAPSHOT/hadoop-ozone-csi-0.5.0-SNAPSHOT.jar:/home/user/.m2/repository/com/google/protobuf/protobuf-java-util/3.5.1/protobuf-java-util-3.5.1.jar:/home/user/.m2/repository/org/apache/hadoop/hadoop-hdds-config/0.5.0-SNAPSHOT/hadoop-hdds-config-0.5.0-SNAPSHOT.jar:/home/user/.m2/repository/io/grpc/grpc-netty/1.17.1/grpc-netty-1.17.1.jar:/home/user/.m2/repository/io/grpc/grpc-core/1.17.1/grpc-core-1.17.1.jar:/home/user/.m2/repository/io/grpc/grpc-context/1.17.1/grpc-context-1.17.1.jar:/home/user/.m2/repository/com/google/errorprone/error_prone_annotations/2.2.0/error_prone_annotations-2.2.0.jar:/home/user/.m2/repository/org/codehaus/mojo/animal-sniffer-annotations/1.17/animal-sniffer-annotations-1.17.jar:/home/user/.m2/repository/io/opencensus/opencensus-api/0.17.0/opencensus-api-0.17.0.jar:/home/user/.m2/repository/io/opencensus/opencensus-contrib-grpc-metrics/0.17.0/opencensus-contrib-grpc-metrics-0.17.0.jar:/home/user/.m2/repository/io/netty/netty-codec-http2/4.1.30.Final/netty-codec-http2-4.1.30.Final.jar:/home/user/.m2/repository/io/netty/netty-codec-http/4.1.30.Final/netty-codec-http-4.1.30.Final.jar:/home/user/.m2/repository/io/netty/netty-codec/4.1.30.Final/netty-codec-4.1.30.Final.jar:/home/user/.m2/repository/io/netty/netty-handler/4.1.30.Final/netty-handler-4.1.30.Final.jar:/home/user/.m2/repository/io/netty/netty-handler-proxy/4.1.30.Final/netty-handler-proxy-4.1.30.Final.jar:/home/user/.m2/repository/io/netty/netty-codec-socks/4.1.30.Final/netty-codec-socks-4.1.30.Final.jar:/home/user/.m2/repository/io/netty/netty-transport-native-epoll/4.1.30.Final/netty-transport-native-epoll-4.1.30.Final.jar:/home/user/.m2/repository/io/netty/netty-common/4.1.30.Final/netty-common-4.1.30.Final.jar:/home/user/.m2/repository/io/netty/netty-buffer/4.1.30.Final/netty-buffer-4.1.30.Final.jar:/home/user/.m2/repository/io/netty/netty-transport/4.1.30.Final/netty-transport-4.1.30.Final.jar:/home/user/.m2/repository/io/netty/netty-resolver/4.1.30.Final/netty-resolver-4.1.30.Final.jar:/home/user/.m2/repository/io/netty/netty-transport-native-unix-common/4.1.30.Final/netty-transport-native-unix-common-4.1.30.Final.jar:/home/user/.m2/repository/io/grpc/grpc-protobuf/1.17.1/grpc-protobuf-1.17.1.jar:/home/user/.m2/repository/com/google/api/grpc/proto-google-common-protos/1.0.0/proto-google-common-protos-1.0.0.jar:/home/user/.m2/repository/io/grpc/grpc-protobuf-lite/1.17.1/grpc-protobuf-lite-1.17.1.jar:/home/user/.m2/repository/io/grpc/grpc-stub/1.17.1/grpc-stub-1.17.1.jar:/home/user/.m2/repository/org/apache/hadoop/hadoop-ozone-recon/0.5.0-SNAPSHOT/hadoop-ozone-recon-0.5.0-SNAPSHOT.jar:/home/user/.m2/repository/org/apache/hadoop/hadoop-ozone-reconcodegen/0.5.0-SNAPSHOT/hadoop-ozone-reconcodegen-0.5.0-SNAPSHOT.jar:/home/user/.m2/repository/com/google/inject/extensions/guice-multibindings/4.0/guice-multibindings-4.0.jar:/home/user/.m2/repository/com/google/inject/guice/4.0/guice-4.0.jar:/home/user/.m2/repository/aopalliance/aopalliance/1.0/aopalliance-1.0.jar:/home/user/.m2/repository/com/google/inject/extensions/guice-servlet/4.0/guice-servlet-4.0.jar:/home/user/.m2/repository/org/glassfish/jersey/containers/jersey-container-servlet/2.27/jersey-container-servlet-2.27.jar:/home/user/.m2/repository/org/glassfish/hk2/guice-bridge/2.5.0/guice-bridge-2.5.0.jar:/home/user/.m2/repository/org/glassfish/jersey/core/jersey-server/2.27/jersey-server-2.27.jar:/home/user/.m2/repository/org/glassfish/jersey/core/jersey-client/2.27/jersey-client-2.27.jar:/home/user/.m2/repository/org/glassfish/jersey/media/jersey-media-jaxb/2.27/jersey-media-jaxb-2.27.jar:/home/user/.m2/repository/javax/validation/validation-api/1.1.0.Final/validation-api-1.1.0.Final.jar:/home/user/.m2/repository/org/glassfish/jersey/media/jersey-media-json-jackson/2.27/jersey-media-json-jackson-2.27.jar:/home/user/.m2/repository/org/glassfish/jersey/ext/jersey-entity-filtering/2.27/jersey-entity-filtering-2.27.jar:/home/user/.m2/repository/com/google/inject/extensions/guice-assistedinject/4.0/guice-assistedinject-4.0.jar:/home/user/.m2/repository/org/jooq/jooq/3.11.10/jooq-3.11.10.jar:/home/user/.m2/repository/org/jooq/jooq-meta/3.11.10/jooq-meta-3.11.10.jar:/home/user/.m2/repository/org/jooq/jooq-codegen/3.11.10/jooq-codegen-3.11.10.jar:/home/user/.m2/repository/com/jolbox/bonecp/0.8.0.RELEASE/bonecp-0.8.0.RELEASE.jar:/home/user/.m2/repository/org/xerial/sqlite-jdbc/3.25.2/sqlite-jdbc-3.25.2.jar:/home/user/.m2/repository/org/springframework/spring-jdbc/5.1.3.RELEASE/spring-jdbc-5.1.3.RELEASE.jar:/home/user/.m2/repository/org/springframework/spring-beans/5.1.3.RELEASE/spring-beans-5.1.3.RELEASE.jar:/home/user/.m2/repository/org/springframework/spring-core/5.1.3.RELEASE/spring-core-5.1.3.RELEASE.jar:/home/user/.m2/repository/org/springframework/spring-jcl/5.1.3.RELEASE/spring-jcl-5.1.3.RELEASE.jar:/home/user/.m2/repository/org/springframework/spring-tx/5.1.3.RELEASE/spring-tx-5.1.3.RELEASE.jar:/home/user/.m2/repository/org/apache/hadoop/hadoop-ozone-client/0.5.0-SNAPSHOT/hadoop-ozone-client-0.5.0-SNAPSHOT.jar:/home/user/.m2/repository/commons-lang/commons-lang/2.6/commons-lang-2.6.jar:/home/user/.m2/repository/org/apache/hadoop/hadoop-ozone-ozone-manager/0.5.0-SNAPSHOT/hadoop-ozone-ozone-manager-0.5.0-SNAPSHOT-tests.jar:/home/user/.m2/repository/junit/junit/4.11/junit-4.11.jar:/home/user/.m2/repository/org/hamcrest/hamcrest-core/1.3/hamcrest-core-1.3.jar:/home/user/.m2/repository/org/openjdk/jmh/jmh-core/1.19/jmh-core-1.19.jar:/home/user/.m2/repository/net/sf/jopt-simple/jopt-simple/4.6/jopt-simple-4.6.jar:/home/user/.m2/repository/org/apache/commons/commons-math3/3.1.1/commons-math3-3.1.1.jar:/home/user/.m2/repository/org/openjdk/jmh/jmh-generator-annprocess/1.19/jmh-generator-annprocess-1.19.jar:/home/user/.m2/repository/org/mockito/mockito-all/1.8.5/mockito-all-1.8.5.jar:/home/user/.m2/repository/org/apache/hadoop/hadoop-kms/3.2.0/hadoop-kms-3.2.0.jar:/home/user/.m2/repository/org/apache/hadoop/hadoop-auth/3.2.0/hadoop-auth-3.2.0.jar:/home/user/.m2/repository/com/nimbusds/nimbus-jose-jwt/4.41.1/nimbus-jose-jwt-4.41.1.jar:/home/user/.m2/repository/com/github/stephenc/jcip/jcip-annotations/1.0-1/jcip-annotations-1.0-1.jar:/home/user/.m2/repository/net/minidev/json-smart/2.3/json-smart-2.3.jar:/home/user/.m2/repository/net/minidev/accessors-smart/1.2/accessors-smart-1.2.jar:/home/user/.m2/repository/org/ow2/asm/asm/5.0.4/asm-5.0.4.jar:/home/user/.m2/repository/org/apache/curator/curator-framework/2.12.0/curator-framework-2.12.0.jar:/home/user/.m2/repository/com/sun/jersey/jersey-core/1.19/jersey-core-1.19.jar:/home/user/.m2/repository/javax/ws/rs/jsr311-api/1.1.1/jsr311-api-1.1.1.jar:/home/user/.m2/repository/com/sun/jersey/jersey-server/1.19/jersey-server-1.19.jar:/home/user/.m2/repository/javax/servlet/javax.servlet-api/3.1.0/javax.servlet-api-3.1.0.jar:/home/user/.m2/repository/org/eclipse/jetty/jetty-server/9.3.25.v20180904/jetty-server-9.3.25.v20180904.jar:/home/user/.m2/repository/org/eclipse/jetty/jetty-http/9.3.25.v20180904/jetty-http-9.3.25.v20180904.jar:/home/user/.m2/repository/org/eclipse/jetty/jetty-io/9.3.25.v20180904/jetty-io-9.3.25.v20180904.jar:/home/user/.m2/repository/org/eclipse/jetty/jetty-webapp/9.3.25.v20180904/jetty-webapp-9.3.25.v20180904.jar:/home/user/.m2/repository/org/eclipse/jetty/jetty-xml/9.3.25.v20180904/jetty-xml-9.3.25.v20180904.jar:/home/user/.m2/repository/log4j/log4j/1.2.17/log4j-1.2.17.jar:/home/user/.m2/repository/org/slf4j/slf4j-api/1.7.25/slf4j-api-1.7.25.jar:/home/user/.m2/repository/org/slf4j/jul-to-slf4j/1.7.25/jul-to-slf4j-1.7.25.jar:/home/user/.m2/repository/org/eclipse/jetty/jetty-util/9.3.25.v20180904/jetty-util-9.3.25.v20180904.jar:/home/user/.m2/repository/com/fasterxml/jackson/core/jackson-databind/2.9.9/jackson-databind-2.9.9.jar:/home/user/.m2/repository/org/apache/hadoop/hadoop-kms/3.2.0/hadoop-kms-3.2.0-tests.jar:/home/user/.m2/repository/org/apache/hadoop/hadoop-hdds-server-scm/0.5.0-SNAPSHOT/hadoop-hdds-server-scm-0.5.0-SNAPSHOT-tests.jar:/home/user/.m2/repository/org/apache/hadoop/hadoop-hdds-container-service/0.5.0-SNAPSHOT/hadoop-hdds-container-service-0.5.0-SNAPSHOT-tests.jar:/home/user/.m2/repository/org/yaml/snakeyaml/1.16/snakeyaml-1.16.jar:/home/user/.m2/repository/org/apache/hadoop/hadoop-common/3.2.0/hadoop-common-3.2.0-tests.jar:/home/user/.m2/repository/org/apache/hadoop/hadoop-annotations/3.2.0/hadoop-annotations-3.2.0.jar:/usr/lib/jvm/java-1.8-openjdk/jre/../lib/tools.jar:/home/user/.m2/repository/commons-cli/commons-cli/1.2/commons-cli-1.2.jar:/home/user/.m2/repository/org/apache/httpcomponents/httpclient/4.5.2/httpclient-4.5.2.jar:/home/user/.m2/repository/org/apache/httpcomponents/httpcore/4.4.4/httpcore-4.4.4.jar:/home/user/.m2/repository/commons-codec/commons-codec/1.11/commons-codec-1.11.jar:/home/user/.m2/repository/commons-net/commons-net/3.6/commons-net-3.6.jar:/home/user/.m2/repository/commons-collections/commons-collections/3.2.2/commons-collections-3.2.2.jar:/home/user/.m2/repository/org/eclipse/jetty/jetty-servlet/9.3.25.v20180904/jetty-servlet-9.3.25.v20180904.jar:/home/user/.m2/repository/org/eclipse/jetty/jetty-security/9.3.25.v20180904/jetty-security-9.3.25.v20180904.jar:/home/user/.m2/repository/javax/servlet/jsp/jsp-api/2.1/jsp-api-2.1.jar:/home/user/.m2/repository/com/sun/jersey/jersey-servlet/1.19/jersey-servlet-1.19.jar:/home/user/.m2/repository/com/sun/jersey/jersey-json/1.19/jersey-json-1.19.jar:/home/user/.m2/repository/org/codehaus/jettison/jettison/1.1/jettison-1.1.jar:/home/user/.m2/repository/org/codehaus/jackson/jackson-core-asl/1.9.13/jackson-core-asl-1.9.13.jar:/home/user/.m2/repository/org/codehaus/jackson/jackson-mapper-asl/1.9.13/jackson-mapper-asl-1.9.13.jar:/home/user/.m2/repository/org/codehaus/jackson/jackson-jaxrs/1.9.13/jackson-jaxrs-1.9.13.jar:/home/user/.m2/repository/org/codehaus/jackson/jackson-xc/1.9.13/jackson-xc-1.9.13.jar:/home/user/.m2/repository/commons-logging/commons-logging/1.1.3/commons-logging-1.1.3.jar:/home/user/.m2/repository/commons-beanutils/commons-beanutils/1.9.4/commons-beanutils-1.9.4.jar:/home/user/.m2/repository/org/apache/commons/commons-configuration2/2.1.1/commons-configuration2-2.1.1.jar:/home/user/.m2/repository/org/apache/commons/commons-lang3/3.7/commons-lang3-3.7.jar:/home/user/.m2/repository/org/apache/commons/commons-text/1.4/commons-text-1.4.jar:/home/user/.m2/repository/org/apache/avro/avro/1.7.7/avro-1.7.7.jar:/home/user/.m2/repository/com/thoughtworks/paranamer/paranamer/2.3/paranamer-2.3.jar:/home/user/.m2/repository/org/xerial/snappy/snappy-java/1.0.5/snappy-java-1.0.5.jar:/home/user/.m2/repository/com/google/re2j/re2j/1.1/re2j-1.1.jar:/home/user/.m2/repository/com/google/code/gson/gson/2.2.4/gson-2.2.4.jar:/home/user/.m2/repository/com/jcraft/jsch/0.1.54/jsch-0.1.54.jar:/home/user/.m2/repository/org/apache/curator/curator-client/2.12.0/curator-client-2.12.0.jar:/home/user/.m2/repository/org/apache/curator/curator-recipes/2.12.0/curator-recipes-2.12.0.jar:/home/user/.m2/repository/com/google/code/findbugs/jsr305/3.0.0/jsr305-3.0.0.jar:/home/user/.m2/repository/org/apache/htrace/htrace-core4/4.1.0-incubating/htrace-core4-4.1.0-incubating.jar:/home/user/.m2/repository/org/apache/zookeeper/zookeeper/3.4.13/zookeeper-3.4.13.jar:/home/user/.m2/repository/jline/jline/0.9.94/jline-0.9.94.jar:/home/user/.m2/repository/org/apache/yetus/audience-annotations/0.5.0/audience-annotations-0.5.0.jar:/home/user/.m2/repository/org/codehaus/woodstox/stax2-api/3.1.4/stax2-api-3.1.4.jar:/home/user/.m2/repository/com/fasterxml/woodstox/woodstox-core/5.0.3/woodstox-core-5.0.3.jar:/home/user/.m2/repository/dnsjava/dnsjava/2.1.7/dnsjava-2.1.7.jar:/home/user/.m2/repository/org/apache/hadoop/hadoop-hdfs/3.2.0/hadoop-hdfs-3.2.0-tests.jar:/home/user/.m2/repository/org/eclipse/jetty/jetty-util-ajax/9.3.25.v20180904/jetty-util-ajax-9.3.25.v20180904.jar:/home/user/.m2/repository/commons-daemon/commons-daemon/1.0.13/commons-daemon-1.0.13.jar:/home/user/.m2/repository/io/netty/netty/3.10.5.Final/netty-3.10.5.Final.jar:/home/user/.m2/repository/io/netty/netty-all/4.0.52.Final/netty-all-4.0.52.Final.jar:/home/user/.m2/repository/org/fusesource/leveldbjni/leveldbjni-all/1.8/leveldbjni-all-1.8.jar:"/>
    <property name="sun.cpu.endian" value="little"/>
    <property name="user.home" value="/home/user"/>
    <property name="user.language" value="en"/>
    <property name="java.specification.vendor" value="Oracle Corporation"/>
    <property name="java.home" value="/usr/lib/jvm/java-1.8-openjdk/jre"/>
    <property name="java.security.krb5.conf" value="/workdir/hadoop-ozone/integration-test/target/test-classes/krb5.conf"/>
    <property name="basedir" value="/workdir/hadoop-ozone/integration-test"/>
    <property name="file.separator" value="/"/>
    <property name="line.separator" value="&#10;"/>
    <property name="java.vm.specification.vendor" value="Oracle Corporation"/>
    <property name="java.specification.name" value="Java Platform API Specification"/>
    <property name="java.awt.graphicsenv" value="sun.awt.X11GraphicsEnvironment"/>
    <property name="surefire.real.class.path" value="/workdir/hadoop-ozone/integration-test/target/surefire/surefirebooter7814727534956594187.jar"/>
    <property name="hadoop.log.dir" value="/workdir/hadoop-ozone/integration-test/target/log"/>
    <property name="sun.boot.class.path" value="/usr/lib/jvm/java-1.8-openjdk/jre/lib/resources.jar:/usr/lib/jvm/java-1.8-openjdk/jre/lib/rt.jar:/usr/lib/jvm/java-1.8-openjdk/jre/lib/sunrsasign.jar:/usr/lib/jvm/java-1.8-openjdk/jre/lib/jsse.jar:/usr/lib/jvm/java-1.8-openjdk/jre/lib/jce.jar:/usr/lib/jvm/java-1.8-openjdk/jre/lib/charsets.jar:/usr/lib/jvm/java-1.8-openjdk/jre/lib/jfr.jar:/usr/lib/jvm/java-1.8-openjdk/jre/classes"/>
    <property name="sun.management.compiler" value="HotSpot 64-Bit Tiered Compilers"/>
    <property name="java.runtime.version" value="1.8.0_212-b04"/>
    <property name="java.net.preferIPv4Stack" value="true"/>
    <property name="user.name" value="jenkins1000"/>
    <property name="path.separator" value=":"/>
    <property name="java.security.egd" value="file:///dev/urandom"/>
    <property name="os.version" value="3.10.0-957.12.2.el7.x86_64"/>
    <property name="java.endorsed.dirs" value="/usr/lib/jvm/java-1.8-openjdk/jre/lib/endorsed"/>
    <property name="java.runtime.name" value="OpenJDK Runtime Environment"/>
    <property name="file.encoding" value="UTF-8"/>
    <property name="java.vm.name" value="OpenJDK 64-Bit Server VM"/>
    <property name="test.build.webapps" value=""/>
    <property name="localRepository" value="/home/user/.m2/repository"/>
    <property name="java.vendor.url.bug" value="https://icedtea.classpath.org/bugzilla"/>
    <property name="java.io.tmpdir" value="/tmp"/>
    <property name="require.test.libhadoop" value=""/>
    <property name="java.version" value="1.8.0_212"/>
    <property name="user.dir" value="/workdir/hadoop-ozone/integration-test"/>
    <property name="os.arch" value="amd64"/>
    <property name="java.vm.specification.name" value="Java Virtual Machine Specification"/>
    <property name="test.build.classes" value="/workdir/hadoop-ozone/integration-test/target/test-classes"/>
    <property name="java.awt.printerjob" value="sun.print.PSPrinterJob"/>
    <property name="sun.os.patch.level" value="unknown"/>
    <property name="hadoop.tmp.dir" value="/workdir/hadoop-ozone/integration-test/target/tmp"/>
    <property name="java.library.path" value="/usr/lib/jvm/java-1.8-openjdk/jre/lib/amd64/server:/usr/lib/jvm/java-1.8-openjdk/jre/lib/amd64:/usr/lib/jvm/java-1.8-openjdk/jre/../lib/amd64:/workdir/hadoop-ozone/integration-test/target/native/target/usr/local/lib:/workdir/hadoop-ozone/integration-test/../../hadoop-common-project/hadoop-common/target/native/target/usr/local/lib:/usr/java/packages/lib/amd64:/usr/lib64:/lib64:/lib:/usr/lib"/>
    <property name="java.vm.info" value="mixed mode"/>
    <property name="java.vendor" value="IcedTea"/>
    <property name="java.vm.version" value="25.212-b04"/>
    <property name="java.ext.dirs" value="/usr/lib/jvm/java-1.8-openjdk/jre/lib/ext:/usr/java/packages/lib/ext"/>
    <property name="sun.io.unicode.encoding" value="UnicodeLittle"/>
    <property name="java.class.version" value="52.0"/>
  </properties>
  <testcase name="test2DatanodesFailure" classname="org.apache.hadoop.ozone.client.rpc.TestBlockOutputStreamWithFailures" time="44.46"/>
  <testcase name="testDatanodeFailureWithPreAllocation" classname="org.apache.hadoop.ozone.client.rpc.TestBlockOutputStreamWithFailures" time="224.951"/>
  <testcase name="testDatanodeFailureWithSingleNodeRatis" classname="org.apache.hadoop.ozone.client.rpc.TestBlockOutputStreamWithFailures" time="223.346"/>
  <testcase name="testWatchForCommitWithSingleNodeRatis" classname="org.apache.hadoop.ozone.client.rpc.TestBlockOutputStreamWithFailures" time="34.322"/>
  <testcase name="testWatchForCommitDatanodeFailure" classname="org.apache.hadoop.ozone.client.rpc.TestBlockOutputStreamWithFailures" time="53.079">
    <failure message="expected:&lt;2&gt; but was:&lt;3&gt;" type="java.lang.AssertionError"><![CDATA[java.lang.AssertionError: expected:<2> but was:<3>
	at org.junit.Assert.fail(Assert.java:88)
	at org.junit.Assert.failNotEquals(Assert.java:743)
	at org.junit.Assert.assertEquals(Assert.java:118)
	at org.junit.Assert.assertEquals(Assert.java:555)
	at org.junit.Assert.assertEquals(Assert.java:542)
	at org.apache.hadoop.ozone.client.rpc.TestBlockOutputStreamWithFailures.testWatchForCommitDatanodeFailure(TestBlockOutputStreamWithFailures.java:366)
	at sun.reflect.NativeMethodAccessorImpl.invoke0(Native Method)
	at sun.reflect.NativeMethodAccessorImpl.invoke(NativeMethodAccessorImpl.java:62)
	at sun.reflect.DelegatingMethodAccessorImpl.invoke(DelegatingMethodAccessorImpl.java:43)
	at java.lang.reflect.Method.invoke(Method.java:498)
	at org.junit.runners.model.FrameworkMethod$1.runReflectiveCall(FrameworkMethod.java:47)
	at org.junit.internal.runners.model.ReflectiveCallable.run(ReflectiveCallable.java:12)
	at org.junit.runners.model.FrameworkMethod.invokeExplosively(FrameworkMethod.java:44)
	at org.junit.internal.runners.statements.InvokeMethod.evaluate(InvokeMethod.java:17)
	at org.junit.internal.runners.statements.RunBefores.evaluate(RunBefores.java:26)
	at org.junit.internal.runners.statements.RunAfters.evaluate(RunAfters.java:27)
	at org.junit.runners.ParentRunner.runLeaf(ParentRunner.java:271)
	at org.junit.runners.BlockJUnit4ClassRunner.runChild(BlockJUnit4ClassRunner.java:70)
	at org.junit.runners.BlockJUnit4ClassRunner.runChild(BlockJUnit4ClassRunner.java:50)
	at org.junit.runners.ParentRunner$3.run(ParentRunner.java:238)
	at org.junit.runners.ParentRunner$1.schedule(ParentRunner.java:63)
	at org.junit.runners.ParentRunner.runChildren(ParentRunner.java:236)
	at org.junit.runners.ParentRunner.access$000(ParentRunner.java:53)
	at org.junit.runners.ParentRunner$2.evaluate(ParentRunner.java:229)
	at org.junit.runners.ParentRunner.run(ParentRunner.java:309)
	at org.apache.maven.surefire.junit4.JUnit4Provider.execute(JUnit4Provider.java:365)
	at org.apache.maven.surefire.junit4.JUnit4Provider.executeWithRerun(JUnit4Provider.java:273)
	at org.apache.maven.surefire.junit4.JUnit4Provider.executeTestSet(JUnit4Provider.java:238)
	at org.apache.maven.surefire.junit4.JUnit4Provider.invoke(JUnit4Provider.java:159)
	at org.apache.maven.surefire.booter.ForkedBooter.invokeProviderInSameClassLoader(ForkedBooter.java:384)
	at org.apache.maven.surefire.booter.ForkedBooter.runSuitesInProcess(ForkedBooter.java:345)
	at org.apache.maven.surefire.booter.ForkedBooter.execute(ForkedBooter.java:126)
	at org.apache.maven.surefire.booter.ForkedBooter.main(ForkedBooter.java:418)
]]></failure>
    <system-out><![CDATA[2019-10-04 08:08:59,167 [main] WARN  server.ServerUtils (ServerUtils.java:getScmDbDir(145)) - ozone.scm.db.dirs is not configured. We recommend adding this setting. Falling back to ozone.metadata.dirs instead.
2019-10-04 08:08:59,192 [main] WARN  server.ServerUtils (ServerUtils.java:getScmDbDir(145)) - ozone.scm.db.dirs is not configured. We recommend adding this setting. Falling back to ozone.metadata.dirs instead.
2019-10-04 08:08:59,192 [main] WARN  server.ServerUtils (ServerUtils.java:getScmDbDir(145)) - ozone.scm.db.dirs is not configured. We recommend adding this setting. Falling back to ozone.metadata.dirs instead.
2019-10-04 08:08:59,193 [main] INFO  db.DBStoreBuilder (DBStoreBuilder.java:addTable(117)) - using custom profile for table: deletedBlocks
2019-10-04 08:08:59,193 [main] INFO  db.DBStoreBuilder (DBStoreBuilder.java:processTables(168)) - Using default column profile:DBProfile.DISK for Table:deletedBlocks
2019-10-04 08:08:59,194 [main] INFO  db.DBStoreBuilder (DBStoreBuilder.java:addTable(117)) - using custom profile for table: validCerts
2019-10-04 08:08:59,194 [main] INFO  db.DBStoreBuilder (DBStoreBuilder.java:processTables(168)) - Using default column profile:DBProfile.DISK for Table:validCerts
2019-10-04 08:08:59,194 [main] INFO  db.DBStoreBuilder (DBStoreBuilder.java:addTable(117)) - using custom profile for table: revokedCerts
2019-10-04 08:08:59,194 [main] INFO  db.DBStoreBuilder (DBStoreBuilder.java:processTables(168)) - Using default column profile:DBProfile.DISK for Table:revokedCerts
2019-10-04 08:08:59,195 [main] INFO  db.DBStoreBuilder (DBStoreBuilder.java:addTable(117)) - using custom profile for table: default
2019-10-04 08:08:59,195 [main] INFO  db.DBStoreBuilder (DBStoreBuilder.java:processTables(174)) - Using default column profile:DBProfile.DISK for Table:default
2019-10-04 08:08:59,195 [main] INFO  db.DBStoreBuilder (DBStoreBuilder.java:getDbProfile(205)) - Using default options. DBProfile.DISK
2019-10-04 08:08:59,437 [main] INFO  net.NodeSchemaLoader (NodeSchemaLoader.java:loadSchemaFromFile(125)) - Loading file from sun.misc.CompoundEnumeration@675b18ff
2019-10-04 08:08:59,437 [main] INFO  net.NodeSchemaLoader (NodeSchemaLoader.java:loadSchema(171)) - Loading network topology layer schema file
2019-10-04 08:08:59,443 [main] INFO  node.SCMNodeManager (SCMNodeManager.java:<init>(114)) - Entering startup safe mode.
2019-10-04 08:08:59,444 [main] INFO  algorithms.ContainerPlacementPolicyFactory (ContainerPlacementPolicyFactory.java:getPolicy(57)) - Create container placement policy of type org.apache.hadoop.hdds.scm.container.placement.algorithms.SCMContainerPlacementRandom
2019-10-04 08:08:59,444 [main] WARN  server.ServerUtils (ServerUtils.java:getScmDbDir(145)) - ozone.scm.db.dirs is not configured. We recommend adding this setting. Falling back to ozone.metadata.dirs instead.
2019-10-04 08:08:59,547 [main] INFO  pipeline.SCMPipelineManager (SCMPipelineManager.java:initializePipelineState(132)) - No pipeline exists in current db
2019-10-04 08:08:59,548 [main] WARN  server.ServerUtils (ServerUtils.java:getScmDbDir(145)) - ozone.scm.db.dirs is not configured. We recommend adding this setting. Falling back to ozone.metadata.dirs instead.
2019-10-04 08:08:59,649 [main] WARN  events.EventQueue (EventQueue.java:fireEvent(183)) - No event handler registered for event TypedEvent{payloadType=SafeModeStatus, name='SafeModeStatus'}
2019-10-04 08:08:59,650 [main] INFO  ipc.CallQueueManager (CallQueueManager.java:<init>(84)) - Using callQueue: class java.util.concurrent.LinkedBlockingQueue, queueCapacity: 2000, scheduler: class org.apache.hadoop.ipc.DefaultRpcScheduler, ipcBackoff: false.
2019-10-04 08:08:59,652 [Socket Reader #1 for port 40959] INFO  ipc.Server (Server.java:run(1074)) - Starting Socket Reader #1 for port 40959
2019-10-04 08:08:59,654 [main] INFO  ipc.CallQueueManager (CallQueueManager.java:<init>(84)) - Using callQueue: class java.util.concurrent.LinkedBlockingQueue, queueCapacity: 2000, scheduler: class org.apache.hadoop.ipc.DefaultRpcScheduler, ipcBackoff: false.
2019-10-04 08:08:59,655 [Socket Reader #1 for port 37875] INFO  ipc.Server (Server.java:run(1074)) - Starting Socket Reader #1 for port 37875
2019-10-04 08:08:59,657 [main] INFO  ipc.CallQueueManager (CallQueueManager.java:<init>(84)) - Using callQueue: class java.util.concurrent.LinkedBlockingQueue, queueCapacity: 2000, scheduler: class org.apache.hadoop.ipc.DefaultRpcScheduler, ipcBackoff: false.
2019-10-04 08:08:59,657 [Socket Reader #1 for port 38707] INFO  ipc.Server (Server.java:run(1074)) - Starting Socket Reader #1 for port 38707
2019-10-04 08:08:59,660 [main] INFO  hdfs.DFSUtil (DFSUtil.java:httpServerTemplateForNNAndJN(1641)) - Starting Web-server for scm at: http://0.0.0.0:0
2019-10-04 08:08:59,664 [main] INFO  server.AuthenticationFilter (AuthenticationFilter.java:constructSecretProvider(240)) - Unable to initialize FileSignerSecretProvider, falling back to use random secrets.
2019-10-04 08:08:59,665 [main] WARN  http.HttpRequestLog (HttpRequestLog.java:getRequestLog(97)) - Jetty request log can only be enabled using Log4j
2019-10-04 08:08:59,668 [main] INFO  http.HttpServer2 (HttpServer2.java:addGlobalFilter(975)) - Added global filter 'safety' (class=org.apache.hadoop.http.HttpServer2$QuotingInputFilter)
2019-10-04 08:08:59,669 [main] INFO  http.HttpServer2 (HttpServer2.java:addFilter(948)) - Added filter static_user_filter (class=org.apache.hadoop.http.lib.StaticUserWebFilter$StaticUserFilter) to context scm
2019-10-04 08:08:59,669 [main] INFO  http.HttpServer2 (HttpServer2.java:addFilter(958)) - Added filter static_user_filter (class=org.apache.hadoop.http.lib.StaticUserWebFilter$StaticUserFilter) to context logs
2019-10-04 08:08:59,670 [main] INFO  http.HttpServer2 (HttpServer2.java:addFilter(958)) - Added filter static_user_filter (class=org.apache.hadoop.http.lib.StaticUserWebFilter$StaticUserFilter) to context static
2019-10-04 08:08:59,673 [main] INFO  server.StorageContainerManager (StorageContainerManager.java:start(770)) - StorageContainerLocationProtocol RPC server is listening at /0.0.0.0:38707
2019-10-04 08:08:59,678 [main] WARN  impl.MetricsConfig (MetricsConfig.java:loadFirst(134)) - Cannot locate configuration: tried hadoop-metrics2-storagecontainermanager.properties,hadoop-metrics2.properties
2019-10-04 08:08:59,680 [main] INFO  impl.MetricsSystemImpl (MetricsSystemImpl.java:startTimer(374)) - Scheduled Metric snapshot period at 10 second(s).
2019-10-04 08:08:59,680 [main] INFO  impl.MetricsSystemImpl (MetricsSystemImpl.java:start(191)) - StorageContainerManager metrics system started
2019-10-04 08:08:59,811 [main] WARN  impl.MetricsSystemImpl (MetricsSystemImpl.java:register(276)) - Sink prometheus already exists!
2019-10-04 08:08:59,878 [main] INFO  server.SCMClientProtocolServer (SCMClientProtocolServer.java:start(159)) - RPC server for Client  is listening at /0.0.0.0:38707
2019-10-04 08:08:59,879 [IPC Server Responder] INFO  ipc.Server (Server.java:run(1314)) - IPC Server Responder: starting
2019-10-04 08:08:59,879 [IPC Server listener on 38707] INFO  ipc.Server (Server.java:run(1153)) - IPC Server listener on 38707: starting
2019-10-04 08:08:59,885 [main] INFO  server.StorageContainerManager (StorageContainerManager.java:start(780)) - ScmBlockLocationProtocol RPC server is listening at /0.0.0.0:37875
2019-10-04 08:08:59,885 [main] INFO  server.SCMBlockProtocolServer (SCMBlockProtocolServer.java:start(146)) - RPC server for Block Protocol is listening at /0.0.0.0:37875
2019-10-04 08:08:59,885 [IPC Server Responder] INFO  ipc.Server (Server.java:run(1314)) - IPC Server Responder: starting
2019-10-04 08:08:59,885 [IPC Server listener on 37875] INFO  ipc.Server (Server.java:run(1153)) - IPC Server listener on 37875: starting
2019-10-04 08:08:59,890 [main] INFO  server.StorageContainerManager (StorageContainerManager.java:start(784)) - ScmDatanodeProtocl RPC server is listening at /0.0.0.0:40959
2019-10-04 08:08:59,891 [main] INFO  server.SCMDatanodeProtocolServer (SCMDatanodeProtocolServer.java:start(169)) - RPC server for DataNodes is listening at /0.0.0.0:40959
2019-10-04 08:08:59,891 [IPC Server Responder] INFO  ipc.Server (Server.java:run(1314)) - IPC Server Responder: starting
2019-10-04 08:08:59,891 [IPC Server listener on 40959] INFO  ipc.Server (Server.java:run(1153)) - IPC Server listener on 40959: starting
2019-10-04 08:08:59,897 [main] INFO  http.HttpServer2 (HttpServer2.java:bindListener(1191)) - Jetty bound to port 40779
2019-10-04 08:08:59,897 [main] INFO  server.Server (Server.java:doStart(351)) - jetty-9.3.25.v20180904, build timestamp: 2018-09-04T21:11:46Z, git hash: 3ce520221d0240229c862b122d2b06c12a625732
2019-10-04 08:08:59,899 [main] INFO  handler.ContextHandler (ContextHandler.java:doStart(781)) - Started o.e.j.s.ServletContextHandler@3caee3a8{/logs,file:///workdir/hadoop-ozone/integration-test/target/log,AVAILABLE}
2019-10-04 08:08:59,900 [main] INFO  handler.ContextHandler (ContextHandler.java:doStart(781)) - Started o.e.j.s.ServletContextHandler@251c90f{/static,file:///workdir/hadoop-ozone/integration-test/target/test-classes/webapps/static,AVAILABLE}
2019-10-04 08:08:59,904 [main] INFO  handler.ContextHandler (ContextHandler.java:doStart(781)) - Started o.e.j.w.WebAppContext@3e14d390{/,file:///workdir/hadoop-ozone/integration-test/target/test-classes/webapps/scm/,AVAILABLE}{/scm}
2019-10-04 08:08:59,905 [main] INFO  server.AbstractConnector (AbstractConnector.java:doStart(278)) - Started ServerConnector@5eb87338{HTTP/1.1,[http/1.1]}{0.0.0.0:40779}
2019-10-04 08:08:59,906 [main] INFO  server.Server (Server.java:doStart(419)) - Started @528333ms
2019-10-04 08:08:59,906 [main] WARN  impl.MetricsSystemImpl (MetricsSystemImpl.java:register(276)) - Sink prometheus already exists!
2019-10-04 08:08:59,907 [main] INFO  server.BaseHttpServer (BaseHttpServer.java:updateConnectorAddress(215)) - HTTP server of SCM is listening at http://0.0.0.0:40779
2019-10-04 08:08:59,909 [main] WARN  server.ServerUtils (ServerUtils.java:getDBPath(222)) - ozone.om.db.dirs is not configured. We recommend adding this setting. Falling back to ozone.metadata.dirs instead.
2019-10-04 08:08:59,909 [org.apache.hadoop.util.JvmPauseMonitor$Monitor@31ab1e67] INFO  util.JvmPauseMonitor (JvmPauseMonitor.java:run(188)) - Starting JVM pause monitor
2019-10-04 08:08:59,932 [main] INFO  ha.OMHANodeDetails (OMHANodeDetails.java:loadOMHAConfig(190)) - Configuration either no ozone.om.address set. Falling back to the default OM address /127.0.0.1:0
2019-10-04 08:08:59,932 [main] INFO  ha.OMHANodeDetails (OMHANodeDetails.java:getOMNodeDetails(220)) - OM Service ID is not set. Setting it to the default ID: omServiceIdDefault
2019-10-04 08:08:59,932 [main] WARN  server.ServerUtils (ServerUtils.java:getDBPath(222)) - ozone.om.db.dirs is not configured. We recommend adding this setting. Falling back to ozone.metadata.dirs instead.
2019-10-04 08:08:59,933 [main] WARN  server.ServerUtils (ServerUtils.java:getDBPath(222)) - ozone.om.db.dirs is not configured. We recommend adding this setting. Falling back to ozone.metadata.dirs instead.
2019-10-04 08:08:59,940 [main] WARN  server.ServerUtils (ServerUtils.java:getDBPath(222)) - ozone.om.db.dirs is not configured. We recommend adding this setting. Falling back to ozone.metadata.dirs instead.
2019-10-04 08:08:59,940 [main] INFO  db.DBStoreBuilder (DBStoreBuilder.java:addTable(117)) - using custom profile for table: userTable
2019-10-04 08:08:59,940 [main] INFO  db.DBStoreBuilder (DBStoreBuilder.java:processTables(168)) - Using default column profile:DBProfile.DISK for Table:userTable
2019-10-04 08:08:59,941 [main] INFO  db.DBStoreBuilder (DBStoreBuilder.java:addTable(117)) - using custom profile for table: volumeTable
2019-10-04 08:08:59,941 [main] INFO  db.DBStoreBuilder (DBStoreBuilder.java:processTables(168)) - Using default column profile:DBProfile.DISK for Table:volumeTable
2019-10-04 08:08:59,941 [main] INFO  db.DBStoreBuilder (DBStoreBuilder.java:addTable(117)) - using custom profile for table: bucketTable
2019-10-04 08:08:59,941 [main] INFO  db.DBStoreBuilder (DBStoreBuilder.java:processTables(168)) - Using default column profile:DBProfile.DISK for Table:bucketTable
2019-10-04 08:08:59,941 [main] INFO  db.DBStoreBuilder (DBStoreBuilder.java:addTable(117)) - using custom profile for table: keyTable
2019-10-04 08:08:59,941 [main] INFO  db.DBStoreBuilder (DBStoreBuilder.java:processTables(168)) - Using default column profile:DBProfile.DISK for Table:keyTable
2019-10-04 08:08:59,942 [main] INFO  db.DBStoreBuilder (DBStoreBuilder.java:addTable(117)) - using custom profile for table: deletedTable
2019-10-04 08:08:59,942 [main] INFO  db.DBStoreBuilder (DBStoreBuilder.java:processTables(168)) - Using default column profile:DBProfile.DISK for Table:deletedTable
2019-10-04 08:08:59,942 [main] INFO  db.DBStoreBuilder (DBStoreBuilder.java:addTable(117)) - using custom profile for table: openKeyTable
2019-10-04 08:08:59,942 [main] INFO  db.DBStoreBuilder (DBStoreBuilder.java:processTables(168)) - Using default column profile:DBProfile.DISK for Table:openKeyTable
2019-10-04 08:08:59,943 [main] INFO  db.DBStoreBuilder (DBStoreBuilder.java:addTable(117)) - using custom profile for table: s3Table
2019-10-04 08:08:59,943 [main] INFO  db.DBStoreBuilder (DBStoreBuilder.java:processTables(168)) - Using default column profile:DBProfile.DISK for Table:s3Table
2019-10-04 08:08:59,943 [main] INFO  db.DBStoreBuilder (DBStoreBuilder.java:addTable(117)) - using custom profile for table: multipartInfoTable
2019-10-04 08:08:59,943 [main] INFO  db.DBStoreBuilder (DBStoreBuilder.java:processTables(168)) - Using default column profile:DBProfile.DISK for Table:multipartInfoTable
2019-10-04 08:08:59,943 [main] INFO  db.DBStoreBuilder (DBStoreBuilder.java:addTable(117)) - using custom profile for table: dTokenTable
2019-10-04 08:08:59,943 [main] INFO  db.DBStoreBuilder (DBStoreBuilder.java:processTables(168)) - Using default column profile:DBProfile.DISK for Table:dTokenTable
2019-10-04 08:08:59,944 [main] INFO  db.DBStoreBuilder (DBStoreBuilder.java:addTable(117)) - using custom profile for table: s3SecretTable
2019-10-04 08:08:59,944 [main] INFO  db.DBStoreBuilder (DBStoreBuilder.java:processTables(168)) - Using default column profile:DBProfile.DISK for Table:s3SecretTable
2019-10-04 08:08:59,944 [main] INFO  db.DBStoreBuilder (DBStoreBuilder.java:addTable(117)) - using custom profile for table: prefixTable
2019-10-04 08:08:59,944 [main] INFO  db.DBStoreBuilder (DBStoreBuilder.java:processTables(168)) - Using default column profile:DBProfile.DISK for Table:prefixTable
2019-10-04 08:08:59,944 [main] INFO  db.DBStoreBuilder (DBStoreBuilder.java:addTable(117)) - using custom profile for table: default
2019-10-04 08:08:59,945 [main] INFO  db.DBStoreBuilder (DBStoreBuilder.java:processTables(174)) - Using default column profile:DBProfile.DISK for Table:default
2019-10-04 08:08:59,945 [main] INFO  db.DBStoreBuilder (DBStoreBuilder.java:getDbProfile(205)) - Using default options. DBProfile.DISK
2019-10-04 08:09:00,568 [main] INFO  ipc.CallQueueManager (CallQueueManager.java:<init>(84)) - Using callQueue: class java.util.concurrent.LinkedBlockingQueue, queueCapacity: 2000, scheduler: class org.apache.hadoop.ipc.DefaultRpcScheduler, ipcBackoff: false.
2019-10-04 08:09:00,569 [Socket Reader #1 for port 46097] INFO  ipc.Server (Server.java:run(1074)) - Starting Socket Reader #1 for port 46097
2019-10-04 08:09:00,583 [main] INFO  om.OzoneManager (OzoneManager.java:start(1069)) - OzoneManager RPC server is listening at localhost/127.0.0.1:46097
2019-10-04 08:09:00,583 [main] INFO  impl.MetricsSystemImpl (MetricsSystemImpl.java:init(158)) - OzoneManager metrics system started (again)
2019-10-04 08:09:00,584 [IPC Server Responder] INFO  ipc.Server (Server.java:run(1314)) - IPC Server Responder: starting
2019-10-04 08:09:00,584 [IPC Server listener on 46097] INFO  ipc.Server (Server.java:run(1153)) - IPC Server listener on 46097: starting
2019-10-04 08:09:00,589 [main] INFO  hdfs.DFSUtil (DFSUtil.java:httpServerTemplateForNNAndJN(1641)) - Starting Web-server for ozoneManager at: http://0.0.0.0:0
2019-10-04 08:09:00,591 [main] INFO  server.AuthenticationFilter (AuthenticationFilter.java:constructSecretProvider(240)) - Unable to initialize FileSignerSecretProvider, falling back to use random secrets.
2019-10-04 08:09:00,591 [main] WARN  http.HttpRequestLog (HttpRequestLog.java:getRequestLog(97)) - Jetty request log can only be enabled using Log4j
2019-10-04 08:09:00,593 [main] INFO  http.HttpServer2 (HttpServer2.java:addGlobalFilter(975)) - Added global filter 'safety' (class=org.apache.hadoop.http.HttpServer2$QuotingInputFilter)
2019-10-04 08:09:00,593 [main] INFO  http.HttpServer2 (HttpServer2.java:addFilter(948)) - Added filter static_user_filter (class=org.apache.hadoop.http.lib.StaticUserWebFilter$StaticUserFilter) to context ozoneManager
2019-10-04 08:09:00,594 [main] INFO  http.HttpServer2 (HttpServer2.java:addFilter(958)) - Added filter static_user_filter (class=org.apache.hadoop.http.lib.StaticUserWebFilter$StaticUserFilter) to context static
2019-10-04 08:09:00,594 [main] INFO  http.HttpServer2 (HttpServer2.java:addFilter(958)) - Added filter static_user_filter (class=org.apache.hadoop.http.lib.StaticUserWebFilter$StaticUserFilter) to context logs
2019-10-04 08:09:00,595 [main] INFO  http.HttpServer2 (HttpServer2.java:bindListener(1191)) - Jetty bound to port 42669
2019-10-04 08:09:00,595 [main] INFO  server.Server (Server.java:doStart(351)) - jetty-9.3.25.v20180904, build timestamp: 2018-09-04T21:11:46Z, git hash: 3ce520221d0240229c862b122d2b06c12a625732
2019-10-04 08:09:00,596 [main] INFO  handler.ContextHandler (ContextHandler.java:doStart(781)) - Started o.e.j.s.ServletContextHandler@44dfdd58{/logs,file:///workdir/hadoop-ozone/integration-test/target/log,AVAILABLE}
2019-10-04 08:09:00,597 [main] INFO  handler.ContextHandler (ContextHandler.java:doStart(781)) - Started o.e.j.s.ServletContextHandler@72a8361b{/static,file:///workdir/hadoop-ozone/integration-test/target/test-classes/webapps/static,AVAILABLE}
2019-10-04 08:09:00,601 [main] INFO  handler.ContextHandler (ContextHandler.java:doStart(781)) - Started o.e.j.w.WebAppContext@3a788fe0{/,file:///workdir/hadoop-ozone/integration-test/target/test-classes/webapps/ozoneManager/,AVAILABLE}{/ozoneManager}
2019-10-04 08:09:00,601 [main] INFO  server.AbstractConnector (AbstractConnector.java:doStart(278)) - Started ServerConnector@430df350{HTTP/1.1,[http/1.1]}{0.0.0.0:42669}
2019-10-04 08:09:00,603 [main] INFO  server.Server (Server.java:doStart(419)) - Started @529030ms
2019-10-04 08:09:00,603 [main] WARN  impl.MetricsSystemImpl (MetricsSystemImpl.java:register(276)) - Sink prometheus already exists!
2019-10-04 08:09:00,604 [main] INFO  server.BaseHttpServer (BaseHttpServer.java:updateConnectorAddress(215)) - HTTP server of OZONEMANAGER is listening at http://0.0.0.0:42669
2019-10-04 08:09:00,618 [main] INFO  impl.MetricsSystemImpl (MetricsSystemImpl.java:init(158)) - HddsDatanode metrics system started (again)
2019-10-04 08:09:00,622 [main] INFO  ozone.HddsDatanodeService (HddsDatanodeService.java:start(184)) - HddsDatanodeService host:pr-hdds-2230-99mx8-1595754997 ip:192.168.30.44
2019-10-04 08:09:00,629 [main] INFO  volume.HddsVolume (HddsVolume.java:<init>(176)) - Creating Volume: /workdir/hadoop-ozone/integration-test/target/test-dir/MiniOzoneClusterImpl-fc615848-cf41-4b62-93ca-35284ed11942/datanode-0/data/containers/hdds of  storage type : DISK and capacity : 1482555576320
2019-10-04 08:09:00,630 [main] INFO  volume.VolumeSet (VolumeSet.java:initializeVolumeSet(170)) - Added Volume : /workdir/hadoop-ozone/integration-test/target/test-dir/MiniOzoneClusterImpl-fc615848-cf41-4b62-93ca-35284ed11942/datanode-0/data/containers/hdds to VolumeSet
2019-10-04 08:09:00,630 [main] INFO  volume.ThrottledAsyncChecker (ThrottledAsyncChecker.java:schedule(139)) - Scheduling a check for org.apache.hadoop.ozone.container.common.volume.HddsVolume@27898e13
2019-10-04 08:09:00,631 [main] INFO  volume.HddsVolumeChecker (HddsVolumeChecker.java:checkAllVolumes(202)) - Scheduled health check for volume org.apache.hadoop.ozone.container.common.volume.HddsVolume@27898e13
2019-10-04 08:09:00,646 [main] INFO  impl.RaftServerProxy (ConfUtils.java:logGet(43)) - raft.rpc.type = GRPC (default)
2019-10-04 08:09:00,647 [main] INFO  grpc.GrpcFactory (GrpcFactory.java:checkPooledByteBufAllocatorUseCacheForAllThreads(45)) - PERFORMANCE WARNING: useCacheForAllThreads is true that may cause Netty to create a lot garbage objects and, as a result, trigger GC.
	It is recommended to disable useCacheForAllThreads by setting -Dorg.apache.ratis.thirdparty.io.netty.allocator.useCacheForAllThreads=false in command line.
2019-10-04 08:09:00,647 [main] INFO  grpc.GrpcConfigKeys$Server (ConfUtils.java:logGet(43)) - raft.grpc.server.port = 0 (default)
2019-10-04 08:09:00,647 [main] INFO  server.GrpcService (ConfUtils.java:logGet(43)) - raft.grpc.message.size.max = 33570816 (custom)
2019-10-04 08:09:00,647 [main] INFO  server.RaftServerConfigKeys (ConfUtils.java:logGet(43)) - raft.server.log.appender.buffer.byte-limit = 33554432 (custom)
2019-10-04 08:09:00,647 [main] INFO  server.GrpcService (ConfUtils.java:logGet(43)) - raft.grpc.flow.control.window = 1MB (=1048576) (default)
2019-10-04 08:09:00,647 [main] INFO  server.RaftServerConfigKeys (ConfUtils.java:logGet(43)) - raft.server.rpc.request.timeout = 3000ms (default)
2019-10-04 08:09:00,648 [main] INFO  server.RaftServerConfigKeys (ConfUtils.java:logGet(43)) - raft.server.storage.dir = [/workdir/hadoop-ozone/integration-test/target/test-dir/MiniOzoneClusterImpl-fc615848-cf41-4b62-93ca-35284ed11942/datanode-0/data/ratis] (custom)
2019-10-04 08:09:00,649 [main] INFO  hdfs.DFSUtil (DFSUtil.java:httpServerTemplateForNNAndJN(1641)) - Starting Web-server for hddsDatanode at: http://0.0.0.0:0
2019-10-04 08:09:00,650 [main] INFO  server.AuthenticationFilter (AuthenticationFilter.java:constructSecretProvider(240)) - Unable to initialize FileSignerSecretProvider, falling back to use random secrets.
2019-10-04 08:09:00,651 [main] WARN  http.HttpRequestLog (HttpRequestLog.java:getRequestLog(97)) - Jetty request log can only be enabled using Log4j
2019-10-04 08:09:00,652 [main] INFO  http.HttpServer2 (HttpServer2.java:addGlobalFilter(975)) - Added global filter 'safety' (class=org.apache.hadoop.http.HttpServer2$QuotingInputFilter)
2019-10-04 08:09:00,652 [main] INFO  http.HttpServer2 (HttpServer2.java:addFilter(948)) - Added filter static_user_filter (class=org.apache.hadoop.http.lib.StaticUserWebFilter$StaticUserFilter) to context hddsDatanode
2019-10-04 08:09:00,652 [main] INFO  http.HttpServer2 (HttpServer2.java:addFilter(958)) - Added filter static_user_filter (class=org.apache.hadoop.http.lib.StaticUserWebFilter$StaticUserFilter) to context logs
2019-10-04 08:09:00,652 [main] INFO  http.HttpServer2 (HttpServer2.java:addFilter(958)) - Added filter static_user_filter (class=org.apache.hadoop.http.lib.StaticUserWebFilter$StaticUserFilter) to context static
2019-10-04 08:09:00,653 [main] INFO  http.HttpServer2 (HttpServer2.java:bindListener(1191)) - Jetty bound to port 35129
2019-10-04 08:09:00,653 [main] INFO  server.Server (Server.java:doStart(351)) - jetty-9.3.25.v20180904, build timestamp: 2018-09-04T21:11:46Z, git hash: 3ce520221d0240229c862b122d2b06c12a625732
2019-10-04 08:09:00,654 [main] INFO  handler.ContextHandler (ContextHandler.java:doStart(781)) - Started o.e.j.s.ServletContextHandler@4a31ed12{/logs,file:///workdir/hadoop-ozone/integration-test/target/log,AVAILABLE}
2019-10-04 08:09:00,655 [main] INFO  handler.ContextHandler (ContextHandler.java:doStart(781)) - Started o.e.j.s.ServletContextHandler@2365ea38{/static,jar:file:/home/user/.m2/repository/org/apache/hadoop/hadoop-hdds-container-service/0.5.0-SNAPSHOT/hadoop-hdds-container-service-0.5.0-SNAPSHOT.jar!/webapps/static,AVAILABLE}
2019-10-04 08:09:00,682 [main] INFO  handler.ContextHandler (ContextHandler.java:doStart(781)) - Started o.e.j.w.WebAppContext@703e8050{/,file:///tmp/jetty-0.0.0.0-35129-hddsDatanode-_-any-7428041837371016470.dir/webapp/,AVAILABLE}{/hddsDatanode}
2019-10-04 08:09:00,682 [main] INFO  server.AbstractConnector (AbstractConnector.java:doStart(278)) - Started ServerConnector@49c1e294{HTTP/1.1,[http/1.1]}{0.0.0.0:35129}
2019-10-04 08:09:00,684 [main] INFO  server.Server (Server.java:doStart(419)) - Started @529111ms
2019-10-04 08:09:00,684 [main] WARN  impl.MetricsSystemImpl (MetricsSystemImpl.java:register(276)) - Sink prometheus already exists!
2019-10-04 08:09:00,685 [main] INFO  server.BaseHttpServer (BaseHttpServer.java:updateConnectorAddress(215)) - HTTP server of HDDSDATANODE is listening at http://0.0.0.0:35129
2019-10-04 08:09:00,685 [main] INFO  impl.MetricsSystemImpl (MetricsSystemImpl.java:init(158)) - HddsDatanode metrics system started (again)
2019-10-04 08:09:00,690 [org.apache.hadoop.util.JvmPauseMonitor$Monitor@ee7067c] INFO  util.JvmPauseMonitor (JvmPauseMonitor.java:run(188)) - Starting JVM pause monitor
2019-10-04 08:09:00,690 [main] INFO  ozone.HddsDatanodeService (HddsDatanodeService.java:start(184)) - HddsDatanodeService host:pr-hdds-2230-99mx8-1595754997 ip:192.168.30.44
2019-10-04 08:09:00,692 [Datanode State Machine Thread - 0] INFO  datanode.InitDatanodeState (InitDatanodeState.java:persistContainerDatanodeDetails(140)) - DatanodeDetails is persisted to /workdir/hadoop-ozone/integration-test/target/test-dir/MiniOzoneClusterImpl-fc615848-cf41-4b62-93ca-35284ed11942/datanode-0/meta/datanode.id
2019-10-04 08:09:00,697 [main] INFO  volume.HddsVolume (HddsVolume.java:<init>(176)) - Creating Volume: /workdir/hadoop-ozone/integration-test/target/test-dir/MiniOzoneClusterImpl-fc615848-cf41-4b62-93ca-35284ed11942/datanode-1/data/containers/hdds of  storage type : DISK and capacity : 1482555576320
2019-10-04 08:09:00,697 [main] INFO  volume.VolumeSet (VolumeSet.java:initializeVolumeSet(170)) - Added Volume : /workdir/hadoop-ozone/integration-test/target/test-dir/MiniOzoneClusterImpl-fc615848-cf41-4b62-93ca-35284ed11942/datanode-1/data/containers/hdds to VolumeSet
2019-10-04 08:09:00,697 [main] INFO  volume.ThrottledAsyncChecker (ThrottledAsyncChecker.java:schedule(139)) - Scheduling a check for org.apache.hadoop.ozone.container.common.volume.HddsVolume@37e7c4cc
2019-10-04 08:09:00,698 [main] INFO  volume.HddsVolumeChecker (HddsVolumeChecker.java:checkAllVolumes(202)) - Scheduled health check for volume org.apache.hadoop.ozone.container.common.volume.HddsVolume@37e7c4cc
2019-10-04 08:09:00,716 [main] INFO  impl.RaftServerProxy (ConfUtils.java:logGet(43)) - raft.rpc.type = GRPC (default)
2019-10-04 08:09:00,716 [main] INFO  grpc.GrpcFactory (GrpcFactory.java:checkPooledByteBufAllocatorUseCacheForAllThreads(45)) - PERFORMANCE WARNING: useCacheForAllThreads is true that may cause Netty to create a lot garbage objects and, as a result, trigger GC.
	It is recommended to disable useCacheForAllThreads by setting -Dorg.apache.ratis.thirdparty.io.netty.allocator.useCacheForAllThreads=false in command line.
2019-10-04 08:09:00,716 [main] INFO  grpc.GrpcConfigKeys$Server (ConfUtils.java:logGet(43)) - raft.grpc.server.port = 0 (default)
2019-10-04 08:09:00,717 [main] INFO  server.GrpcService (ConfUtils.java:logGet(43)) - raft.grpc.message.size.max = 33570816 (custom)
2019-10-04 08:09:00,717 [main] INFO  server.RaftServerConfigKeys (ConfUtils.java:logGet(43)) - raft.server.log.appender.buffer.byte-limit = 33554432 (custom)
2019-10-04 08:09:00,717 [main] INFO  server.GrpcService (ConfUtils.java:logGet(43)) - raft.grpc.flow.control.window = 1MB (=1048576) (default)
2019-10-04 08:09:00,717 [main] INFO  server.RaftServerConfigKeys (ConfUtils.java:logGet(43)) - raft.server.rpc.request.timeout = 3000ms (default)
2019-10-04 08:09:00,718 [main] INFO  server.RaftServerConfigKeys (ConfUtils.java:logGet(43)) - raft.server.storage.dir = [/workdir/hadoop-ozone/integration-test/target/test-dir/MiniOzoneClusterImpl-fc615848-cf41-4b62-93ca-35284ed11942/datanode-1/data/ratis] (custom)
2019-10-04 08:09:00,719 [main] INFO  hdfs.DFSUtil (DFSUtil.java:httpServerTemplateForNNAndJN(1641)) - Starting Web-server for hddsDatanode at: http://0.0.0.0:0
2019-10-04 08:09:00,721 [main] INFO  server.AuthenticationFilter (AuthenticationFilter.java:constructSecretProvider(240)) - Unable to initialize FileSignerSecretProvider, falling back to use random secrets.
2019-10-04 08:09:00,721 [main] WARN  http.HttpRequestLog (HttpRequestLog.java:getRequestLog(97)) - Jetty request log can only be enabled using Log4j
2019-10-04 08:09:00,723 [main] INFO  http.HttpServer2 (HttpServer2.java:addGlobalFilter(975)) - Added global filter 'safety' (class=org.apache.hadoop.http.HttpServer2$QuotingInputFilter)
2019-10-04 08:09:00,724 [main] INFO  http.HttpServer2 (HttpServer2.java:addFilter(948)) - Added filter static_user_filter (class=org.apache.hadoop.http.lib.StaticUserWebFilter$StaticUserFilter) to context hddsDatanode
2019-10-04 08:09:00,724 [main] INFO  http.HttpServer2 (HttpServer2.java:addFilter(958)) - Added filter static_user_filter (class=org.apache.hadoop.http.lib.StaticUserWebFilter$StaticUserFilter) to context logs
2019-10-04 08:09:00,724 [main] INFO  http.HttpServer2 (HttpServer2.java:addFilter(958)) - Added filter static_user_filter (class=org.apache.hadoop.http.lib.StaticUserWebFilter$StaticUserFilter) to context static
2019-10-04 08:09:00,725 [main] INFO  http.HttpServer2 (HttpServer2.java:bindListener(1191)) - Jetty bound to port 41264
2019-10-04 08:09:00,725 [main] INFO  server.Server (Server.java:doStart(351)) - jetty-9.3.25.v20180904, build timestamp: 2018-09-04T21:11:46Z, git hash: 3ce520221d0240229c862b122d2b06c12a625732
2019-10-04 08:09:00,727 [main] INFO  handler.ContextHandler (ContextHandler.java:doStart(781)) - Started o.e.j.s.ServletContextHandler@46bb0bdf{/logs,file:///workdir/hadoop-ozone/integration-test/target/log,AVAILABLE}
2019-10-04 08:09:00,727 [main] INFO  handler.ContextHandler (ContextHandler.java:doStart(781)) - Started o.e.j.s.ServletContextHandler@1c84d80a{/static,jar:file:/home/user/.m2/repository/org/apache/hadoop/hadoop-hdds-container-service/0.5.0-SNAPSHOT/hadoop-hdds-container-service-0.5.0-SNAPSHOT.jar!/webapps/static,AVAILABLE}
2019-10-04 08:09:00,755 [main] INFO  handler.ContextHandler (ContextHandler.java:doStart(781)) - Started o.e.j.w.WebAppContext@4d4c1ba9{/,file:///tmp/jetty-0.0.0.0-41264-hddsDatanode-_-any-2262288045008251439.dir/webapp/,AVAILABLE}{/hddsDatanode}
2019-10-04 08:09:00,756 [main] INFO  server.AbstractConnector (AbstractConnector.java:doStart(278)) - Started ServerConnector@2017f6e6{HTTP/1.1,[http/1.1]}{0.0.0.0:41264}
2019-10-04 08:09:00,756 [main] INFO  server.Server (Server.java:doStart(419)) - Started @529183ms
2019-10-04 08:09:00,758 [main] WARN  impl.MetricsSystemImpl (MetricsSystemImpl.java:register(276)) - Sink prometheus already exists!
2019-10-04 08:09:00,758 [main] INFO  server.BaseHttpServer (BaseHttpServer.java:updateConnectorAddress(215)) - HTTP server of HDDSDATANODE is listening at http://0.0.0.0:41264
2019-10-04 08:09:00,759 [main] INFO  impl.MetricsSystemImpl (MetricsSystemImpl.java:init(158)) - HddsDatanode metrics system started (again)
2019-10-04 08:09:00,763 [org.apache.hadoop.util.JvmPauseMonitor$Monitor@5b9ef8b8] INFO  util.JvmPauseMonitor (JvmPauseMonitor.java:run(188)) - Starting JVM pause monitor
2019-10-04 08:09:00,764 [main] INFO  ozone.HddsDatanodeService (HddsDatanodeService.java:start(184)) - HddsDatanodeService host:pr-hdds-2230-99mx8-1595754997 ip:192.168.30.44
2019-10-04 08:09:00,764 [Datanode State Machine Thread - 0] INFO  datanode.InitDatanodeState (InitDatanodeState.java:persistContainerDatanodeDetails(140)) - DatanodeDetails is persisted to /workdir/hadoop-ozone/integration-test/target/test-dir/MiniOzoneClusterImpl-fc615848-cf41-4b62-93ca-35284ed11942/datanode-1/meta/datanode.id
2019-10-04 08:09:00,770 [main] INFO  volume.HddsVolume (HddsVolume.java:<init>(176)) - Creating Volume: /workdir/hadoop-ozone/integration-test/target/test-dir/MiniOzoneClusterImpl-fc615848-cf41-4b62-93ca-35284ed11942/datanode-2/data/containers/hdds of  storage type : DISK and capacity : 1482555576320
2019-10-04 08:09:00,771 [main] INFO  volume.VolumeSet (VolumeSet.java:initializeVolumeSet(170)) - Added Volume : /workdir/hadoop-ozone/integration-test/target/test-dir/MiniOzoneClusterImpl-fc615848-cf41-4b62-93ca-35284ed11942/datanode-2/data/containers/hdds to VolumeSet
2019-10-04 08:09:00,771 [main] INFO  volume.ThrottledAsyncChecker (ThrottledAsyncChecker.java:schedule(139)) - Scheduling a check for org.apache.hadoop.ozone.container.common.volume.HddsVolume@336f49a1
2019-10-04 08:09:00,771 [main] INFO  volume.HddsVolumeChecker (HddsVolumeChecker.java:checkAllVolumes(202)) - Scheduled health check for volume org.apache.hadoop.ozone.container.common.volume.HddsVolume@336f49a1
2019-10-04 08:09:00,785 [main] INFO  impl.RaftServerProxy (ConfUtils.java:logGet(43)) - raft.rpc.type = GRPC (default)
2019-10-04 08:09:00,785 [main] INFO  grpc.GrpcFactory (GrpcFactory.java:checkPooledByteBufAllocatorUseCacheForAllThreads(45)) - PERFORMANCE WARNING: useCacheForAllThreads is true that may cause Netty to create a lot garbage objects and, as a result, trigger GC.
	It is recommended to disable useCacheForAllThreads by setting -Dorg.apache.ratis.thirdparty.io.netty.allocator.useCacheForAllThreads=false in command line.
2019-10-04 08:09:00,785 [main] INFO  grpc.GrpcConfigKeys$Server (ConfUtils.java:logGet(43)) - raft.grpc.server.port = 0 (default)
2019-10-04 08:09:00,786 [main] INFO  server.GrpcService (ConfUtils.java:logGet(43)) - raft.grpc.message.size.max = 33570816 (custom)
2019-10-04 08:09:00,786 [main] INFO  server.RaftServerConfigKeys (ConfUtils.java:logGet(43)) - raft.server.log.appender.buffer.byte-limit = 33554432 (custom)
2019-10-04 08:09:00,786 [main] INFO  server.GrpcService (ConfUtils.java:logGet(43)) - raft.grpc.flow.control.window = 1MB (=1048576) (default)
2019-10-04 08:09:00,786 [main] INFO  server.RaftServerConfigKeys (ConfUtils.java:logGet(43)) - raft.server.rpc.request.timeout = 3000ms (default)
2019-10-04 08:09:00,786 [main] INFO  server.RaftServerConfigKeys (ConfUtils.java:logGet(43)) - raft.server.storage.dir = [/workdir/hadoop-ozone/integration-test/target/test-dir/MiniOzoneClusterImpl-fc615848-cf41-4b62-93ca-35284ed11942/datanode-2/data/ratis] (custom)
2019-10-04 08:09:00,788 [main] INFO  hdfs.DFSUtil (DFSUtil.java:httpServerTemplateForNNAndJN(1641)) - Starting Web-server for hddsDatanode at: http://0.0.0.0:0
2019-10-04 08:09:00,789 [main] INFO  server.AuthenticationFilter (AuthenticationFilter.java:constructSecretProvider(240)) - Unable to initialize FileSignerSecretProvider, falling back to use random secrets.
2019-10-04 08:09:00,789 [main] WARN  http.HttpRequestLog (HttpRequestLog.java:getRequestLog(97)) - Jetty request log can only be enabled using Log4j
2019-10-04 08:09:00,791 [main] INFO  http.HttpServer2 (HttpServer2.java:addGlobalFilter(975)) - Added global filter 'safety' (class=org.apache.hadoop.http.HttpServer2$QuotingInputFilter)
2019-10-04 08:09:00,791 [main] INFO  http.HttpServer2 (HttpServer2.java:addFilter(948)) - Added filter static_user_filter (class=org.apache.hadoop.http.lib.StaticUserWebFilter$StaticUserFilter) to context hddsDatanode
2019-10-04 08:09:00,791 [main] INFO  http.HttpServer2 (HttpServer2.java:addFilter(958)) - Added filter static_user_filter (class=org.apache.hadoop.http.lib.StaticUserWebFilter$StaticUserFilter) to context static
2019-10-04 08:09:00,792 [main] INFO  http.HttpServer2 (HttpServer2.java:addFilter(958)) - Added filter static_user_filter (class=org.apache.hadoop.http.lib.StaticUserWebFilter$StaticUserFilter) to context logs
2019-10-04 08:09:00,792 [main] INFO  http.HttpServer2 (HttpServer2.java:bindListener(1191)) - Jetty bound to port 44230
2019-10-04 08:09:00,792 [main] INFO  server.Server (Server.java:doStart(351)) - jetty-9.3.25.v20180904, build timestamp: 2018-09-04T21:11:46Z, git hash: 3ce520221d0240229c862b122d2b06c12a625732
2019-10-04 08:09:00,794 [main] INFO  handler.ContextHandler (ContextHandler.java:doStart(781)) - Started o.e.j.s.ServletContextHandler@47187f50{/logs,file:///workdir/hadoop-ozone/integration-test/target/log,AVAILABLE}
2019-10-04 08:09:00,794 [main] INFO  handler.ContextHandler (ContextHandler.java:doStart(781)) - Started o.e.j.s.ServletContextHandler@712e787e{/static,jar:file:/home/user/.m2/repository/org/apache/hadoop/hadoop-hdds-container-service/0.5.0-SNAPSHOT/hadoop-hdds-container-service-0.5.0-SNAPSHOT.jar!/webapps/static,AVAILABLE}
2019-10-04 08:09:00,821 [main] INFO  handler.ContextHandler (ContextHandler.java:doStart(781)) - Started o.e.j.w.WebAppContext@4863c8ac{/,file:///tmp/jetty-0.0.0.0-44230-hddsDatanode-_-any-9155686597924226419.dir/webapp/,AVAILABLE}{/hddsDatanode}
2019-10-04 08:09:00,821 [main] INFO  server.AbstractConnector (AbstractConnector.java:doStart(278)) - Started ServerConnector@56fda064{HTTP/1.1,[http/1.1]}{0.0.0.0:44230}
2019-10-04 08:09:00,823 [main] INFO  server.Server (Server.java:doStart(419)) - Started @529248ms
2019-10-04 08:09:00,823 [main] WARN  impl.MetricsSystemImpl (MetricsSystemImpl.java:register(276)) - Sink prometheus already exists!
2019-10-04 08:09:00,824 [main] INFO  server.BaseHttpServer (BaseHttpServer.java:updateConnectorAddress(215)) - HTTP server of HDDSDATANODE is listening at http://0.0.0.0:44230
2019-10-04 08:09:00,824 [main] INFO  impl.MetricsSystemImpl (MetricsSystemImpl.java:init(158)) - HddsDatanode metrics system started (again)
2019-10-04 08:09:00,829 [org.apache.hadoop.util.JvmPauseMonitor$Monitor@26475fee] INFO  util.JvmPauseMonitor (JvmPauseMonitor.java:run(188)) - Starting JVM pause monitor
2019-10-04 08:09:00,830 [Datanode State Machine Thread - 0] INFO  datanode.InitDatanodeState (InitDatanodeState.java:persistContainerDatanodeDetails(140)) - DatanodeDetails is persisted to /workdir/hadoop-ozone/integration-test/target/test-dir/MiniOzoneClusterImpl-fc615848-cf41-4b62-93ca-35284ed11942/datanode-2/meta/datanode.id
2019-10-04 08:09:00,830 [main] INFO  ozone.HddsDatanodeService (HddsDatanodeService.java:start(184)) - HddsDatanodeService host:pr-hdds-2230-99mx8-1595754997 ip:192.168.30.44
2019-10-04 08:09:00,837 [main] INFO  volume.HddsVolume (HddsVolume.java:<init>(176)) - Creating Volume: /workdir/hadoop-ozone/integration-test/target/test-dir/MiniOzoneClusterImpl-fc615848-cf41-4b62-93ca-35284ed11942/datanode-3/data/containers/hdds of  storage type : DISK and capacity : 1482555576320
2019-10-04 08:09:00,837 [main] INFO  volume.VolumeSet (VolumeSet.java:initializeVolumeSet(170)) - Added Volume : /workdir/hadoop-ozone/integration-test/target/test-dir/MiniOzoneClusterImpl-fc615848-cf41-4b62-93ca-35284ed11942/datanode-3/data/containers/hdds to VolumeSet
2019-10-04 08:09:00,838 [main] INFO  volume.ThrottledAsyncChecker (ThrottledAsyncChecker.java:schedule(139)) - Scheduling a check for org.apache.hadoop.ozone.container.common.volume.HddsVolume@463045fb
2019-10-04 08:09:00,838 [main] INFO  volume.HddsVolumeChecker (HddsVolumeChecker.java:checkAllVolumes(202)) - Scheduled health check for volume org.apache.hadoop.ozone.container.common.volume.HddsVolume@463045fb
2019-10-04 08:09:00,852 [main] INFO  impl.RaftServerProxy (ConfUtils.java:logGet(43)) - raft.rpc.type = GRPC (default)
2019-10-04 08:09:00,852 [main] INFO  grpc.GrpcFactory (GrpcFactory.java:checkPooledByteBufAllocatorUseCacheForAllThreads(45)) - PERFORMANCE WARNING: useCacheForAllThreads is true that may cause Netty to create a lot garbage objects and, as a result, trigger GC.
	It is recommended to disable useCacheForAllThreads by setting -Dorg.apache.ratis.thirdparty.io.netty.allocator.useCacheForAllThreads=false in command line.
2019-10-04 08:09:00,852 [main] INFO  grpc.GrpcConfigKeys$Server (ConfUtils.java:logGet(43)) - raft.grpc.server.port = 0 (default)
2019-10-04 08:09:00,852 [main] INFO  server.GrpcService (ConfUtils.java:logGet(43)) - raft.grpc.message.size.max = 33570816 (custom)
2019-10-04 08:09:00,852 [main] INFO  server.RaftServerConfigKeys (ConfUtils.java:logGet(43)) - raft.server.log.appender.buffer.byte-limit = 33554432 (custom)
2019-10-04 08:09:00,853 [main] INFO  server.GrpcService (ConfUtils.java:logGet(43)) - raft.grpc.flow.control.window = 1MB (=1048576) (default)
2019-10-04 08:09:00,853 [main] INFO  server.RaftServerConfigKeys (ConfUtils.java:logGet(43)) - raft.server.rpc.request.timeout = 3000ms (default)
2019-10-04 08:09:00,853 [main] INFO  server.RaftServerConfigKeys (ConfUtils.java:logGet(43)) - raft.server.storage.dir = [/workdir/hadoop-ozone/integration-test/target/test-dir/MiniOzoneClusterImpl-fc615848-cf41-4b62-93ca-35284ed11942/datanode-3/data/ratis] (custom)
2019-10-04 08:09:00,854 [main] INFO  hdfs.DFSUtil (DFSUtil.java:httpServerTemplateForNNAndJN(1641)) - Starting Web-server for hddsDatanode at: http://0.0.0.0:0
2019-10-04 08:09:00,855 [main] INFO  server.AuthenticationFilter (AuthenticationFilter.java:constructSecretProvider(240)) - Unable to initialize FileSignerSecretProvider, falling back to use random secrets.
2019-10-04 08:09:00,855 [main] WARN  http.HttpRequestLog (HttpRequestLog.java:getRequestLog(97)) - Jetty request log can only be enabled using Log4j
2019-10-04 08:09:00,857 [main] INFO  http.HttpServer2 (HttpServer2.java:addGlobalFilter(975)) - Added global filter 'safety' (class=org.apache.hadoop.http.HttpServer2$QuotingInputFilter)
2019-10-04 08:09:00,857 [main] INFO  http.HttpServer2 (HttpServer2.java:addFilter(948)) - Added filter static_user_filter (class=org.apache.hadoop.http.lib.StaticUserWebFilter$StaticUserFilter) to context hddsDatanode
2019-10-04 08:09:00,857 [main] INFO  http.HttpServer2 (HttpServer2.java:addFilter(958)) - Added filter static_user_filter (class=org.apache.hadoop.http.lib.StaticUserWebFilter$StaticUserFilter) to context logs
2019-10-04 08:09:00,857 [main] INFO  http.HttpServer2 (HttpServer2.java:addFilter(958)) - Added filter static_user_filter (class=org.apache.hadoop.http.lib.StaticUserWebFilter$StaticUserFilter) to context static
2019-10-04 08:09:00,858 [main] INFO  http.HttpServer2 (HttpServer2.java:bindListener(1191)) - Jetty bound to port 33771
2019-10-04 08:09:00,858 [main] INFO  server.Server (Server.java:doStart(351)) - jetty-9.3.25.v20180904, build timestamp: 2018-09-04T21:11:46Z, git hash: 3ce520221d0240229c862b122d2b06c12a625732
2019-10-04 08:09:00,859 [main] INFO  handler.ContextHandler (ContextHandler.java:doStart(781)) - Started o.e.j.s.ServletContextHandler@73a845cb{/logs,file:///workdir/hadoop-ozone/integration-test/target/log,AVAILABLE}
2019-10-04 08:09:00,860 [main] INFO  handler.ContextHandler (ContextHandler.java:doStart(781)) - Started o.e.j.s.ServletContextHandler@7dbae40{/static,jar:file:/home/user/.m2/repository/org/apache/hadoop/hadoop-hdds-container-service/0.5.0-SNAPSHOT/hadoop-hdds-container-service-0.5.0-SNAPSHOT.jar!/webapps/static,AVAILABLE}
2019-10-04 08:09:00,887 [main] INFO  handler.ContextHandler (ContextHandler.java:doStart(781)) - Started o.e.j.w.WebAppContext@1ea930eb{/,file:///tmp/jetty-0.0.0.0-33771-hddsDatanode-_-any-7153475041403597427.dir/webapp/,AVAILABLE}{/hddsDatanode}
2019-10-04 08:09:00,887 [main] INFO  server.AbstractConnector (AbstractConnector.java:doStart(278)) - Started ServerConnector@2e0ad709{HTTP/1.1,[http/1.1]}{0.0.0.0:33771}
2019-10-04 08:09:00,889 [main] INFO  server.Server (Server.java:doStart(419)) - Started @529316ms
2019-10-04 08:09:00,889 [main] WARN  impl.MetricsSystemImpl (MetricsSystemImpl.java:register(276)) - Sink prometheus already exists!
2019-10-04 08:09:00,890 [main] INFO  server.BaseHttpServer (BaseHttpServer.java:updateConnectorAddress(215)) - HTTP server of HDDSDATANODE is listening at http://0.0.0.0:33771
2019-10-04 08:09:00,890 [main] INFO  impl.MetricsSystemImpl (MetricsSystemImpl.java:init(158)) - HddsDatanode metrics system started (again)
2019-10-04 08:09:00,895 [org.apache.hadoop.util.JvmPauseMonitor$Monitor@6a034eeb] INFO  util.JvmPauseMonitor (JvmPauseMonitor.java:run(188)) - Starting JVM pause monitor
2019-10-04 08:09:00,895 [main] INFO  ozone.HddsDatanodeService (HddsDatanodeService.java:start(184)) - HddsDatanodeService host:pr-hdds-2230-99mx8-1595754997 ip:192.168.30.44
2019-10-04 08:09:00,896 [Datanode State Machine Thread - 0] INFO  datanode.InitDatanodeState (InitDatanodeState.java:persistContainerDatanodeDetails(140)) - DatanodeDetails is persisted to /workdir/hadoop-ozone/integration-test/target/test-dir/MiniOzoneClusterImpl-fc615848-cf41-4b62-93ca-35284ed11942/datanode-3/meta/datanode.id
2019-10-04 08:09:00,902 [main] INFO  volume.HddsVolume (HddsVolume.java:<init>(176)) - Creating Volume: /workdir/hadoop-ozone/integration-test/target/test-dir/MiniOzoneClusterImpl-fc615848-cf41-4b62-93ca-35284ed11942/datanode-4/data/containers/hdds of  storage type : DISK and capacity : 1482555576320
2019-10-04 08:09:00,903 [main] INFO  volume.VolumeSet (VolumeSet.java:initializeVolumeSet(170)) - Added Volume : /workdir/hadoop-ozone/integration-test/target/test-dir/MiniOzoneClusterImpl-fc615848-cf41-4b62-93ca-35284ed11942/datanode-4/data/containers/hdds to VolumeSet
2019-10-04 08:09:00,903 [main] INFO  volume.ThrottledAsyncChecker (ThrottledAsyncChecker.java:schedule(139)) - Scheduling a check for org.apache.hadoop.ozone.container.common.volume.HddsVolume@ad3f70a
2019-10-04 08:09:00,903 [main] INFO  volume.HddsVolumeChecker (HddsVolumeChecker.java:checkAllVolumes(202)) - Scheduled health check for volume org.apache.hadoop.ozone.container.common.volume.HddsVolume@ad3f70a
2019-10-04 08:09:00,917 [main] INFO  impl.RaftServerProxy (ConfUtils.java:logGet(43)) - raft.rpc.type = GRPC (default)
2019-10-04 08:09:00,917 [main] INFO  grpc.GrpcFactory (GrpcFactory.java:checkPooledByteBufAllocatorUseCacheForAllThreads(45)) - PERFORMANCE WARNING: useCacheForAllThreads is true that may cause Netty to create a lot garbage objects and, as a result, trigger GC.
	It is recommended to disable useCacheForAllThreads by setting -Dorg.apache.ratis.thirdparty.io.netty.allocator.useCacheForAllThreads=false in command line.
2019-10-04 08:09:00,917 [main] INFO  grpc.GrpcConfigKeys$Server (ConfUtils.java:logGet(43)) - raft.grpc.server.port = 0 (default)
2019-10-04 08:09:00,918 [main] INFO  server.GrpcService (ConfUtils.java:logGet(43)) - raft.grpc.message.size.max = 33570816 (custom)
2019-10-04 08:09:00,918 [main] INFO  server.RaftServerConfigKeys (ConfUtils.java:logGet(43)) - raft.server.log.appender.buffer.byte-limit = 33554432 (custom)
2019-10-04 08:09:00,918 [main] INFO  server.GrpcService (ConfUtils.java:logGet(43)) - raft.grpc.flow.control.window = 1MB (=1048576) (default)
2019-10-04 08:09:00,918 [main] INFO  server.RaftServerConfigKeys (ConfUtils.java:logGet(43)) - raft.server.rpc.request.timeout = 3000ms (default)
2019-10-04 08:09:00,919 [main] INFO  server.RaftServerConfigKeys (ConfUtils.java:logGet(43)) - raft.server.storage.dir = [/workdir/hadoop-ozone/integration-test/target/test-dir/MiniOzoneClusterImpl-fc615848-cf41-4b62-93ca-35284ed11942/datanode-4/data/ratis] (custom)
2019-10-04 08:09:00,920 [main] INFO  hdfs.DFSUtil (DFSUtil.java:httpServerTemplateForNNAndJN(1641)) - Starting Web-server for hddsDatanode at: http://0.0.0.0:0
2019-10-04 08:09:00,921 [main] INFO  server.AuthenticationFilter (AuthenticationFilter.java:constructSecretProvider(240)) - Unable to initialize FileSignerSecretProvider, falling back to use random secrets.
2019-10-04 08:09:00,921 [main] WARN  http.HttpRequestLog (HttpRequestLog.java:getRequestLog(97)) - Jetty request log can only be enabled using Log4j
2019-10-04 08:09:00,922 [main] INFO  http.HttpServer2 (HttpServer2.java:addGlobalFilter(975)) - Added global filter 'safety' (class=org.apache.hadoop.http.HttpServer2$QuotingInputFilter)
2019-10-04 08:09:00,922 [main] INFO  http.HttpServer2 (HttpServer2.java:addFilter(948)) - Added filter static_user_filter (class=org.apache.hadoop.http.lib.StaticUserWebFilter$StaticUserFilter) to context hddsDatanode
2019-10-04 08:09:00,923 [main] INFO  http.HttpServer2 (HttpServer2.java:addFilter(958)) - Added filter static_user_filter (class=org.apache.hadoop.http.lib.StaticUserWebFilter$StaticUserFilter) to context logs
2019-10-04 08:09:00,923 [main] INFO  http.HttpServer2 (HttpServer2.java:addFilter(958)) - Added filter static_user_filter (class=org.apache.hadoop.http.lib.StaticUserWebFilter$StaticUserFilter) to context static
2019-10-04 08:09:00,923 [main] INFO  http.HttpServer2 (HttpServer2.java:bindListener(1191)) - Jetty bound to port 41927
2019-10-04 08:09:00,923 [main] INFO  server.Server (Server.java:doStart(351)) - jetty-9.3.25.v20180904, build timestamp: 2018-09-04T21:11:46Z, git hash: 3ce520221d0240229c862b122d2b06c12a625732
2019-10-04 08:09:00,925 [main] INFO  handler.ContextHandler (ContextHandler.java:doStart(781)) - Started o.e.j.s.ServletContextHandler@3f68a7f8{/logs,file:///workdir/hadoop-ozone/integration-test/target/log,AVAILABLE}
2019-10-04 08:09:00,925 [main] INFO  handler.ContextHandler (ContextHandler.java:doStart(781)) - Started o.e.j.s.ServletContextHandler@4f811029{/static,jar:file:/home/user/.m2/repository/org/apache/hadoop/hadoop-hdds-container-service/0.5.0-SNAPSHOT/hadoop-hdds-container-service-0.5.0-SNAPSHOT.jar!/webapps/static,AVAILABLE}
2019-10-04 08:09:00,950 [main] INFO  handler.ContextHandler (ContextHandler.java:doStart(781)) - Started o.e.j.w.WebAppContext@42cf6349{/,file:///tmp/jetty-0.0.0.0-41927-hddsDatanode-_-any-7956550763523844798.dir/webapp/,AVAILABLE}{/hddsDatanode}
2019-10-04 08:09:00,951 [main] INFO  server.AbstractConnector (AbstractConnector.java:doStart(278)) - Started ServerConnector@79cb8ffa{HTTP/1.1,[http/1.1]}{0.0.0.0:41927}
2019-10-04 08:09:00,952 [main] INFO  server.Server (Server.java:doStart(419)) - Started @529380ms
2019-10-04 08:09:00,953 [main] WARN  impl.MetricsSystemImpl (MetricsSystemImpl.java:register(276)) - Sink prometheus already exists!
2019-10-04 08:09:00,953 [main] INFO  server.BaseHttpServer (BaseHttpServer.java:updateConnectorAddress(215)) - HTTP server of HDDSDATANODE is listening at http://0.0.0.0:41927
2019-10-04 08:09:00,953 [main] INFO  impl.MetricsSystemImpl (MetricsSystemImpl.java:init(158)) - HddsDatanode metrics system started (again)
2019-10-04 08:09:00,959 [org.apache.hadoop.util.JvmPauseMonitor$Monitor@4da815b4] INFO  util.JvmPauseMonitor (JvmPauseMonitor.java:run(188)) - Starting JVM pause monitor
2019-10-04 08:09:00,959 [main] INFO  ozone.HddsDatanodeService (HddsDatanodeService.java:start(184)) - HddsDatanodeService host:pr-hdds-2230-99mx8-1595754997 ip:192.168.30.44
2019-10-04 08:09:00,960 [Datanode State Machine Thread - 0] INFO  datanode.InitDatanodeState (InitDatanodeState.java:persistContainerDatanodeDetails(140)) - DatanodeDetails is persisted to /workdir/hadoop-ozone/integration-test/target/test-dir/MiniOzoneClusterImpl-fc615848-cf41-4b62-93ca-35284ed11942/datanode-4/meta/datanode.id
2019-10-04 08:09:00,965 [main] INFO  volume.HddsVolume (HddsVolume.java:<init>(176)) - Creating Volume: /workdir/hadoop-ozone/integration-test/target/test-dir/MiniOzoneClusterImpl-fc615848-cf41-4b62-93ca-35284ed11942/datanode-5/data/containers/hdds of  storage type : DISK and capacity : 1482555576320
2019-10-04 08:09:00,965 [main] INFO  volume.VolumeSet (VolumeSet.java:initializeVolumeSet(170)) - Added Volume : /workdir/hadoop-ozone/integration-test/target/test-dir/MiniOzoneClusterImpl-fc615848-cf41-4b62-93ca-35284ed11942/datanode-5/data/containers/hdds to VolumeSet
2019-10-04 08:09:00,965 [main] INFO  volume.ThrottledAsyncChecker (ThrottledAsyncChecker.java:schedule(139)) - Scheduling a check for org.apache.hadoop.ozone.container.common.volume.HddsVolume@72af90e8
2019-10-04 08:09:00,966 [main] INFO  volume.HddsVolumeChecker (HddsVolumeChecker.java:checkAllVolumes(202)) - Scheduled health check for volume org.apache.hadoop.ozone.container.common.volume.HddsVolume@72af90e8
2019-10-04 08:09:00,982 [main] INFO  impl.RaftServerProxy (ConfUtils.java:logGet(43)) - raft.rpc.type = GRPC (default)
2019-10-04 08:09:00,983 [main] INFO  grpc.GrpcFactory (GrpcFactory.java:checkPooledByteBufAllocatorUseCacheForAllThreads(45)) - PERFORMANCE WARNING: useCacheForAllThreads is true that may cause Netty to create a lot garbage objects and, as a result, trigger GC.
	It is recommended to disable useCacheForAllThreads by setting -Dorg.apache.ratis.thirdparty.io.netty.allocator.useCacheForAllThreads=false in command line.
2019-10-04 08:09:00,983 [main] INFO  grpc.GrpcConfigKeys$Server (ConfUtils.java:logGet(43)) - raft.grpc.server.port = 0 (default)
2019-10-04 08:09:00,983 [main] INFO  server.GrpcService (ConfUtils.java:logGet(43)) - raft.grpc.message.size.max = 33570816 (custom)
2019-10-04 08:09:00,983 [main] INFO  server.RaftServerConfigKeys (ConfUtils.java:logGet(43)) - raft.server.log.appender.buffer.byte-limit = 33554432 (custom)
2019-10-04 08:09:00,984 [main] INFO  server.GrpcService (ConfUtils.java:logGet(43)) - raft.grpc.flow.control.window = 1MB (=1048576) (default)
2019-10-04 08:09:00,984 [main] INFO  server.RaftServerConfigKeys (ConfUtils.java:logGet(43)) - raft.server.rpc.request.timeout = 3000ms (default)
2019-10-04 08:09:00,984 [main] INFO  server.RaftServerConfigKeys (ConfUtils.java:logGet(43)) - raft.server.storage.dir = [/workdir/hadoop-ozone/integration-test/target/test-dir/MiniOzoneClusterImpl-fc615848-cf41-4b62-93ca-35284ed11942/datanode-5/data/ratis] (custom)
2019-10-04 08:09:00,986 [main] INFO  hdfs.DFSUtil (DFSUtil.java:httpServerTemplateForNNAndJN(1641)) - Starting Web-server for hddsDatanode at: http://0.0.0.0:0
2019-10-04 08:09:00,987 [main] INFO  server.AuthenticationFilter (AuthenticationFilter.java:constructSecretProvider(240)) - Unable to initialize FileSignerSecretProvider, falling back to use random secrets.
2019-10-04 08:09:00,988 [main] WARN  http.HttpRequestLog (HttpRequestLog.java:getRequestLog(97)) - Jetty request log can only be enabled using Log4j
2019-10-04 08:09:00,989 [main] INFO  http.HttpServer2 (HttpServer2.java:addGlobalFilter(975)) - Added global filter 'safety' (class=org.apache.hadoop.http.HttpServer2$QuotingInputFilter)
2019-10-04 08:09:00,990 [main] INFO  http.HttpServer2 (HttpServer2.java:addFilter(948)) - Added filter static_user_filter (class=org.apache.hadoop.http.lib.StaticUserWebFilter$StaticUserFilter) to context hddsDatanode
2019-10-04 08:09:00,990 [main] INFO  http.HttpServer2 (HttpServer2.java:addFilter(958)) - Added filter static_user_filter (class=org.apache.hadoop.http.lib.StaticUserWebFilter$StaticUserFilter) to context logs
2019-10-04 08:09:00,990 [main] INFO  http.HttpServer2 (HttpServer2.java:addFilter(958)) - Added filter static_user_filter (class=org.apache.hadoop.http.lib.StaticUserWebFilter$StaticUserFilter) to context static
2019-10-04 08:09:00,991 [main] INFO  http.HttpServer2 (HttpServer2.java:bindListener(1191)) - Jetty bound to port 34325
2019-10-04 08:09:00,991 [main] INFO  server.Server (Server.java:doStart(351)) - jetty-9.3.25.v20180904, build timestamp: 2018-09-04T21:11:46Z, git hash: 3ce520221d0240229c862b122d2b06c12a625732
2019-10-04 08:09:00,992 [main] INFO  handler.ContextHandler (ContextHandler.java:doStart(781)) - Started o.e.j.s.ServletContextHandler@5fb5ad40{/logs,file:///workdir/hadoop-ozone/integration-test/target/log,AVAILABLE}
2019-10-04 08:09:00,993 [main] INFO  handler.ContextHandler (ContextHandler.java:doStart(781)) - Started o.e.j.s.ServletContextHandler@632cf7d3{/static,jar:file:/home/user/.m2/repository/org/apache/hadoop/hadoop-hdds-container-service/0.5.0-SNAPSHOT/hadoop-hdds-container-service-0.5.0-SNAPSHOT.jar!/webapps/static,AVAILABLE}
2019-10-04 08:09:01,029 [main] INFO  handler.ContextHandler (ContextHandler.java:doStart(781)) - Started o.e.j.w.WebAppContext@49754e74{/,file:///tmp/jetty-0.0.0.0-34325-hddsDatanode-_-any-937498395047906621.dir/webapp/,AVAILABLE}{/hddsDatanode}
2019-10-04 08:09:01,029 [main] INFO  server.AbstractConnector (AbstractConnector.java:doStart(278)) - Started ServerConnector@31881aa2{HTTP/1.1,[http/1.1]}{0.0.0.0:34325}
2019-10-04 08:09:01,031 [main] INFO  server.Server (Server.java:doStart(419)) - Started @529458ms
2019-10-04 08:09:01,031 [main] WARN  impl.MetricsSystemImpl (MetricsSystemImpl.java:register(276)) - Sink prometheus already exists!
2019-10-04 08:09:01,032 [main] INFO  server.BaseHttpServer (BaseHttpServer.java:updateConnectorAddress(215)) - HTTP server of HDDSDATANODE is listening at http://0.0.0.0:34325
2019-10-04 08:09:01,032 [main] INFO  impl.MetricsSystemImpl (MetricsSystemImpl.java:init(158)) - HddsDatanode metrics system started (again)
2019-10-04 08:09:01,038 [org.apache.hadoop.util.JvmPauseMonitor$Monitor@60256960] INFO  util.JvmPauseMonitor (JvmPauseMonitor.java:run(188)) - Starting JVM pause monitor
2019-10-04 08:09:01,039 [main] INFO  ozone.HddsDatanodeService (HddsDatanodeService.java:start(184)) - HddsDatanodeService host:pr-hdds-2230-99mx8-1595754997 ip:192.168.30.44
2019-10-04 08:09:01,039 [Datanode State Machine Thread - 0] INFO  datanode.InitDatanodeState (InitDatanodeState.java:persistContainerDatanodeDetails(140)) - DatanodeDetails is persisted to /workdir/hadoop-ozone/integration-test/target/test-dir/MiniOzoneClusterImpl-fc615848-cf41-4b62-93ca-35284ed11942/datanode-5/meta/datanode.id
2019-10-04 08:09:01,045 [main] INFO  volume.HddsVolume (HddsVolume.java:<init>(176)) - Creating Volume: /workdir/hadoop-ozone/integration-test/target/test-dir/MiniOzoneClusterImpl-fc615848-cf41-4b62-93ca-35284ed11942/datanode-6/data/containers/hdds of  storage type : DISK and capacity : 1482555576320
2019-10-04 08:09:01,045 [main] INFO  volume.VolumeSet (VolumeSet.java:initializeVolumeSet(170)) - Added Volume : /workdir/hadoop-ozone/integration-test/target/test-dir/MiniOzoneClusterImpl-fc615848-cf41-4b62-93ca-35284ed11942/datanode-6/data/containers/hdds to VolumeSet
2019-10-04 08:09:01,045 [main] INFO  volume.ThrottledAsyncChecker (ThrottledAsyncChecker.java:schedule(139)) - Scheduling a check for org.apache.hadoop.ozone.container.common.volume.HddsVolume@70fede7d
2019-10-04 08:09:01,046 [main] INFO  volume.HddsVolumeChecker (HddsVolumeChecker.java:checkAllVolumes(202)) - Scheduled health check for volume org.apache.hadoop.ozone.container.common.volume.HddsVolume@70fede7d
2019-10-04 08:09:01,058 [main] INFO  impl.RaftServerProxy (ConfUtils.java:logGet(43)) - raft.rpc.type = GRPC (default)
2019-10-04 08:09:01,058 [main] INFO  grpc.GrpcFactory (GrpcFactory.java:checkPooledByteBufAllocatorUseCacheForAllThreads(45)) - PERFORMANCE WARNING: useCacheForAllThreads is true that may cause Netty to create a lot garbage objects and, as a result, trigger GC.
	It is recommended to disable useCacheForAllThreads by setting -Dorg.apache.ratis.thirdparty.io.netty.allocator.useCacheForAllThreads=false in command line.
2019-10-04 08:09:01,058 [main] INFO  grpc.GrpcConfigKeys$Server (ConfUtils.java:logGet(43)) - raft.grpc.server.port = 0 (default)
2019-10-04 08:09:01,058 [main] INFO  server.GrpcService (ConfUtils.java:logGet(43)) - raft.grpc.message.size.max = 33570816 (custom)
2019-10-04 08:09:01,058 [main] INFO  server.RaftServerConfigKeys (ConfUtils.java:logGet(43)) - raft.server.log.appender.buffer.byte-limit = 33554432 (custom)
2019-10-04 08:09:01,059 [main] INFO  server.GrpcService (ConfUtils.java:logGet(43)) - raft.grpc.flow.control.window = 1MB (=1048576) (default)
2019-10-04 08:09:01,059 [main] INFO  server.RaftServerConfigKeys (ConfUtils.java:logGet(43)) - raft.server.rpc.request.timeout = 3000ms (default)
2019-10-04 08:09:01,059 [main] INFO  server.RaftServerConfigKeys (ConfUtils.java:logGet(43)) - raft.server.storage.dir = [/workdir/hadoop-ozone/integration-test/target/test-dir/MiniOzoneClusterImpl-fc615848-cf41-4b62-93ca-35284ed11942/datanode-6/data/ratis] (custom)
2019-10-04 08:09:01,060 [main] INFO  hdfs.DFSUtil (DFSUtil.java:httpServerTemplateForNNAndJN(1641)) - Starting Web-server for hddsDatanode at: http://0.0.0.0:0
2019-10-04 08:09:01,062 [main] INFO  server.AuthenticationFilter (AuthenticationFilter.java:constructSecretProvider(240)) - Unable to initialize FileSignerSecretProvider, falling back to use random secrets.
2019-10-04 08:09:01,062 [main] WARN  http.HttpRequestLog (HttpRequestLog.java:getRequestLog(97)) - Jetty request log can only be enabled using Log4j
2019-10-04 08:09:01,063 [main] INFO  http.HttpServer2 (HttpServer2.java:addGlobalFilter(975)) - Added global filter 'safety' (class=org.apache.hadoop.http.HttpServer2$QuotingInputFilter)
2019-10-04 08:09:01,064 [main] INFO  http.HttpServer2 (HttpServer2.java:addFilter(948)) - Added filter static_user_filter (class=org.apache.hadoop.http.lib.StaticUserWebFilter$StaticUserFilter) to context hddsDatanode
2019-10-04 08:09:01,064 [main] INFO  http.HttpServer2 (HttpServer2.java:addFilter(958)) - Added filter static_user_filter (class=org.apache.hadoop.http.lib.StaticUserWebFilter$StaticUserFilter) to context static
2019-10-04 08:09:01,064 [main] INFO  http.HttpServer2 (HttpServer2.java:addFilter(958)) - Added filter static_user_filter (class=org.apache.hadoop.http.lib.StaticUserWebFilter$StaticUserFilter) to context logs
2019-10-04 08:09:01,065 [main] INFO  http.HttpServer2 (HttpServer2.java:bindListener(1191)) - Jetty bound to port 33696
2019-10-04 08:09:01,065 [main] INFO  server.Server (Server.java:doStart(351)) - jetty-9.3.25.v20180904, build timestamp: 2018-09-04T21:11:46Z, git hash: 3ce520221d0240229c862b122d2b06c12a625732
2019-10-04 08:09:01,066 [main] INFO  handler.ContextHandler (ContextHandler.java:doStart(781)) - Started o.e.j.s.ServletContextHandler@d36c1c3{/logs,file:///workdir/hadoop-ozone/integration-test/target/log,AVAILABLE}
2019-10-04 08:09:01,067 [main] INFO  handler.ContextHandler (ContextHandler.java:doStart(781)) - Started o.e.j.s.ServletContextHandler@4d69d288{/static,jar:file:/home/user/.m2/repository/org/apache/hadoop/hadoop-hdds-container-service/0.5.0-SNAPSHOT/hadoop-hdds-container-service-0.5.0-SNAPSHOT.jar!/webapps/static,AVAILABLE}
2019-10-04 08:09:01,095 [main] INFO  handler.ContextHandler (ContextHandler.java:doStart(781)) - Started o.e.j.w.WebAppContext@333398f{/,file:///tmp/jetty-0.0.0.0-33696-hddsDatanode-_-any-4221510837773499307.dir/webapp/,AVAILABLE}{/hddsDatanode}
2019-10-04 08:09:01,096 [main] INFO  server.AbstractConnector (AbstractConnector.java:doStart(278)) - Started ServerConnector@103c97ff{HTTP/1.1,[http/1.1]}{0.0.0.0:33696}
2019-10-04 08:09:01,101 [main] INFO  server.Server (Server.java:doStart(419)) - Started @529528ms
2019-10-04 08:09:01,101 [main] WARN  impl.MetricsSystemImpl (MetricsSystemImpl.java:register(276)) - Sink prometheus already exists!
2019-10-04 08:09:01,102 [main] INFO  server.BaseHttpServer (BaseHttpServer.java:updateConnectorAddress(215)) - HTTP server of HDDSDATANODE is listening at http://0.0.0.0:33696
2019-10-04 08:09:01,102 [main] INFO  ozone.MiniOzoneClusterImpl (MiniOzoneClusterImpl.java:lambda$waitForClusterToBeReady$0(147)) - Waiting for cluster to be ready. Got 0 of 7 DN Heartbeats.
2019-10-04 08:09:01,103 [org.apache.hadoop.util.JvmPauseMonitor$Monitor@35c7864b] INFO  util.JvmPauseMonitor (JvmPauseMonitor.java:run(188)) - Starting JVM pause monitor
2019-10-04 08:09:01,104 [Datanode State Machine Thread - 0] INFO  datanode.InitDatanodeState (InitDatanodeState.java:persistContainerDatanodeDetails(140)) - DatanodeDetails is persisted to /workdir/hadoop-ozone/integration-test/target/test-dir/MiniOzoneClusterImpl-fc615848-cf41-4b62-93ca-35284ed11942/datanode-6/meta/datanode.id
2019-10-04 08:09:02,103 [main] INFO  ozone.MiniOzoneClusterImpl (MiniOzoneClusterImpl.java:lambda$waitForClusterToBeReady$0(147)) - Waiting for cluster to be ready. Got 0 of 7 DN Heartbeats.
2019-10-04 08:09:02,734 [Datanode State Machine Thread - 0] INFO  ozoneimpl.OzoneContainer (OzoneContainer.java:start(217)) - Attempting to start container services.
2019-10-04 08:09:02,735 [Datanode State Machine Thread - 0] INFO  ozoneimpl.OzoneContainer (OzoneContainer.java:startContainerScrub(179)) - Background container scanner has been disabled.
2019-10-04 08:09:02,736 [Datanode State Machine Thread - 0] INFO  ratis.XceiverServerRatis (XceiverServerRatis.java:start(417)) - Starting XceiverServerRatis 87531f07-bbe4-4083-9325-2f5525f6d6ba at port 0
2019-10-04 08:09:02,748 [Datanode State Machine Thread - 0] INFO  impl.RaftServerProxy (RaftServerProxy.java:lambda$start$3(299)) - 87531f07-bbe4-4083-9325-2f5525f6d6ba: start RPC server
2019-10-04 08:09:02,752 [Datanode State Machine Thread - 0] INFO  server.GrpcService (GrpcService.java:startImpl(158)) - 87531f07-bbe4-4083-9325-2f5525f6d6ba: GrpcService started, listening on 0.0.0.0/0.0.0.0:42548
2019-10-04 08:09:02,752 [Datanode State Machine Thread - 0] INFO  ratis.XceiverServerRatis (XceiverServerRatis.java:start(427)) - XceiverServerRatis 87531f07-bbe4-4083-9325-2f5525f6d6ba is started using port 42548
2019-10-04 08:09:02,760 [Datanode State Machine Thread - 0] INFO  server.XceiverServerGrpc (XceiverServerGrpc.java:start(149)) - XceiverServerGrpc 87531f07-bbe4-4083-9325-2f5525f6d6ba is started using port 38957
2019-10-04 08:09:02,789 [Datanode State Machine Thread - 0] INFO  ozoneimpl.OzoneContainer (OzoneContainer.java:start(217)) - Attempting to start container services.
2019-10-04 08:09:02,790 [Datanode State Machine Thread - 0] INFO  ozoneimpl.OzoneContainer (OzoneContainer.java:startContainerScrub(179)) - Background container scanner has been disabled.
2019-10-04 08:09:02,790 [Datanode State Machine Thread - 0] INFO  ratis.XceiverServerRatis (XceiverServerRatis.java:start(417)) - Starting XceiverServerRatis b604db3c-4fe1-481b-b03b-67d8cedf9bac at port 0
2019-10-04 08:09:02,799 [Datanode State Machine Thread - 0] INFO  impl.RaftServerProxy (RaftServerProxy.java:lambda$start$3(299)) - b604db3c-4fe1-481b-b03b-67d8cedf9bac: start RPC server
2019-10-04 08:09:02,802 [Datanode State Machine Thread - 0] INFO  server.GrpcService (GrpcService.java:startImpl(158)) - b604db3c-4fe1-481b-b03b-67d8cedf9bac: GrpcService started, listening on 0.0.0.0/0.0.0.0:42232
2019-10-04 08:09:02,802 [Datanode State Machine Thread - 0] INFO  ratis.XceiverServerRatis (XceiverServerRatis.java:start(427)) - XceiverServerRatis b604db3c-4fe1-481b-b03b-67d8cedf9bac is started using port 42232
2019-10-04 08:09:02,804 [Datanode State Machine Thread - 0] INFO  server.XceiverServerGrpc (XceiverServerGrpc.java:start(149)) - XceiverServerGrpc b604db3c-4fe1-481b-b03b-67d8cedf9bac is started using port 42307
2019-10-04 08:09:02,852 [Datanode State Machine Thread - 0] INFO  ozoneimpl.OzoneContainer (OzoneContainer.java:start(217)) - Attempting to start container services.
2019-10-04 08:09:02,852 [Datanode State Machine Thread - 0] INFO  ozoneimpl.OzoneContainer (OzoneContainer.java:startContainerScrub(179)) - Background container scanner has been disabled.
2019-10-04 08:09:02,852 [Datanode State Machine Thread - 0] INFO  ratis.XceiverServerRatis (XceiverServerRatis.java:start(417)) - Starting XceiverServerRatis 5d2a1223-0e23-4d85-be9b-2c5d2b41fb37 at port 0
2019-10-04 08:09:02,858 [Datanode State Machine Thread - 0] INFO  impl.RaftServerProxy (RaftServerProxy.java:lambda$start$3(299)) - 5d2a1223-0e23-4d85-be9b-2c5d2b41fb37: start RPC server
2019-10-04 08:09:02,859 [Datanode State Machine Thread - 0] INFO  server.GrpcService (GrpcService.java:startImpl(158)) - 5d2a1223-0e23-4d85-be9b-2c5d2b41fb37: GrpcService started, listening on 0.0.0.0/0.0.0.0:37956
2019-10-04 08:09:02,859 [Datanode State Machine Thread - 0] INFO  ratis.XceiverServerRatis (XceiverServerRatis.java:start(427)) - XceiverServerRatis 5d2a1223-0e23-4d85-be9b-2c5d2b41fb37 is started using port 37956
2019-10-04 08:09:02,859 [Datanode State Machine Thread - 0] INFO  server.XceiverServerGrpc (XceiverServerGrpc.java:start(149)) - XceiverServerGrpc 5d2a1223-0e23-4d85-be9b-2c5d2b41fb37 is started using port 40965
2019-10-04 08:09:02,910 [Datanode State Machine Thread - 0] INFO  ozoneimpl.OzoneContainer (OzoneContainer.java:start(217)) - Attempting to start container services.
2019-10-04 08:09:02,911 [Datanode State Machine Thread - 0] INFO  ozoneimpl.OzoneContainer (OzoneContainer.java:startContainerScrub(179)) - Background container scanner has been disabled.
2019-10-04 08:09:02,911 [Datanode State Machine Thread - 0] INFO  ratis.XceiverServerRatis (XceiverServerRatis.java:start(417)) - Starting XceiverServerRatis 999b9f8d-9896-464d-b2ab-2fa0111ec6b5 at port 0
2019-10-04 08:09:02,918 [Datanode State Machine Thread - 0] INFO  impl.RaftServerProxy (RaftServerProxy.java:lambda$start$3(299)) - 999b9f8d-9896-464d-b2ab-2fa0111ec6b5: start RPC server
2019-10-04 08:09:02,918 [Datanode State Machine Thread - 0] INFO  server.GrpcService (GrpcService.java:startImpl(158)) - 999b9f8d-9896-464d-b2ab-2fa0111ec6b5: GrpcService started, listening on 0.0.0.0/0.0.0.0:45963
2019-10-04 08:09:02,918 [Datanode State Machine Thread - 0] INFO  ratis.XceiverServerRatis (XceiverServerRatis.java:start(427)) - XceiverServerRatis 999b9f8d-9896-464d-b2ab-2fa0111ec6b5 is started using port 45963
2019-10-04 08:09:02,919 [Datanode State Machine Thread - 0] INFO  server.XceiverServerGrpc (XceiverServerGrpc.java:start(149)) - XceiverServerGrpc 999b9f8d-9896-464d-b2ab-2fa0111ec6b5 is started using port 42535
2019-10-04 08:09:02,973 [Datanode State Machine Thread - 0] INFO  ozoneimpl.OzoneContainer (OzoneContainer.java:start(217)) - Attempting to start container services.
2019-10-04 08:09:02,973 [Datanode State Machine Thread - 0] INFO  ozoneimpl.OzoneContainer (OzoneContainer.java:startContainerScrub(179)) - Background container scanner has been disabled.
2019-10-04 08:09:02,973 [Datanode State Machine Thread - 0] INFO  ratis.XceiverServerRatis (XceiverServerRatis.java:start(417)) - Starting XceiverServerRatis 42edd144-1281-44cd-8bb0-48942e6c21ea at port 0
2019-10-04 08:09:02,980 [Datanode State Machine Thread - 0] INFO  impl.RaftServerProxy (RaftServerProxy.java:lambda$start$3(299)) - 42edd144-1281-44cd-8bb0-48942e6c21ea: start RPC server
2019-10-04 08:09:02,983 [Datanode State Machine Thread - 0] INFO  server.GrpcService (GrpcService.java:startImpl(158)) - 42edd144-1281-44cd-8bb0-48942e6c21ea: GrpcService started, listening on 0.0.0.0/0.0.0.0:37127
2019-10-04 08:09:02,983 [Datanode State Machine Thread - 0] INFO  ratis.XceiverServerRatis (XceiverServerRatis.java:start(427)) - XceiverServerRatis 42edd144-1281-44cd-8bb0-48942e6c21ea is started using port 37127
2019-10-04 08:09:02,984 [Datanode State Machine Thread - 0] INFO  server.XceiverServerGrpc (XceiverServerGrpc.java:start(149)) - XceiverServerGrpc 42edd144-1281-44cd-8bb0-48942e6c21ea is started using port 36008
2019-10-04 08:09:03,053 [Datanode State Machine Thread - 0] INFO  ozoneimpl.OzoneContainer (OzoneContainer.java:start(217)) - Attempting to start container services.
2019-10-04 08:09:03,054 [Datanode State Machine Thread - 0] INFO  ozoneimpl.OzoneContainer (OzoneContainer.java:startContainerScrub(179)) - Background container scanner has been disabled.
2019-10-04 08:09:03,054 [Datanode State Machine Thread - 0] INFO  ratis.XceiverServerRatis (XceiverServerRatis.java:start(417)) - Starting XceiverServerRatis 487589ec-ad7e-4ef6-803a-650f69006185 at port 0
2019-10-04 08:09:03,060 [Datanode State Machine Thread - 0] INFO  impl.RaftServerProxy (RaftServerProxy.java:lambda$start$3(299)) - 487589ec-ad7e-4ef6-803a-650f69006185: start RPC server
2019-10-04 08:09:03,062 [Datanode State Machine Thread - 0] INFO  server.GrpcService (GrpcService.java:startImpl(158)) - 487589ec-ad7e-4ef6-803a-650f69006185: GrpcService started, listening on 0.0.0.0/0.0.0.0:38924
2019-10-04 08:09:03,063 [Datanode State Machine Thread - 0] INFO  ratis.XceiverServerRatis (XceiverServerRatis.java:start(427)) - XceiverServerRatis 487589ec-ad7e-4ef6-803a-650f69006185 is started using port 38924
2019-10-04 08:09:03,063 [Datanode State Machine Thread - 0] INFO  server.XceiverServerGrpc (XceiverServerGrpc.java:start(149)) - XceiverServerGrpc 487589ec-ad7e-4ef6-803a-650f69006185 is started using port 33249
2019-10-04 08:09:03,104 [main] INFO  ozone.MiniOzoneClusterImpl (MiniOzoneClusterImpl.java:lambda$waitForClusterToBeReady$0(147)) - Waiting for cluster to be ready. Got 0 of 7 DN Heartbeats.
2019-10-04 08:09:03,126 [Datanode State Machine Thread - 0] INFO  ozoneimpl.OzoneContainer (OzoneContainer.java:start(217)) - Attempting to start container services.
2019-10-04 08:09:03,127 [Datanode State Machine Thread - 0] INFO  ozoneimpl.OzoneContainer (OzoneContainer.java:startContainerScrub(179)) - Background container scanner has been disabled.
2019-10-04 08:09:03,127 [Datanode State Machine Thread - 0] INFO  ratis.XceiverServerRatis (XceiverServerRatis.java:start(417)) - Starting XceiverServerRatis 426b4f77-b502-47d6-a6eb-a4300ace0f14 at port 0
2019-10-04 08:09:03,133 [Datanode State Machine Thread - 0] INFO  impl.RaftServerProxy (RaftServerProxy.java:lambda$start$3(299)) - 426b4f77-b502-47d6-a6eb-a4300ace0f14: start RPC server
2019-10-04 08:09:03,133 [Datanode State Machine Thread - 0] INFO  server.GrpcService (GrpcService.java:startImpl(158)) - 426b4f77-b502-47d6-a6eb-a4300ace0f14: GrpcService started, listening on 0.0.0.0/0.0.0.0:39158
2019-10-04 08:09:03,133 [Datanode State Machine Thread - 0] INFO  ratis.XceiverServerRatis (XceiverServerRatis.java:start(427)) - XceiverServerRatis 426b4f77-b502-47d6-a6eb-a4300ace0f14 is started using port 39158
2019-10-04 08:09:03,134 [Datanode State Machine Thread - 0] INFO  server.XceiverServerGrpc (XceiverServerGrpc.java:start(149)) - XceiverServerGrpc 426b4f77-b502-47d6-a6eb-a4300ace0f14 is started using port 44198
2019-10-04 08:09:04,104 [main] INFO  ozone.MiniOzoneClusterImpl (MiniOzoneClusterImpl.java:lambda$waitForClusterToBeReady$0(147)) - Waiting for cluster to be ready. Got 0 of 7 DN Heartbeats.
2019-10-04 08:09:04,701 [IPC Server handler 3 on 40959] INFO  net.NetworkTopology (NetworkTopologyImpl.java:add(111)) - Added a new node: /default-rack/87531f07-bbe4-4083-9325-2f5525f6d6ba
2019-10-04 08:09:04,704 [IPC Server handler 3 on 40959] INFO  node.SCMNodeManager (SCMNodeManager.java:register(266)) - Registered Data node : 87531f07-bbe4-4083-9325-2f5525f6d6ba{ip: 192.168.30.44, host: pr-hdds-2230-99mx8-1595754997, networkLocation: /default-rack, certSerialId: null}
2019-10-04 08:09:04,705 [EventQueue-NodeRegistrationContainerReportForDataNodeSafeModeRule] INFO  safemode.SCMSafeModeManager (DataNodeSafeModeRule.java:process(71)) - SCM in safe mode. 1 DataNodes registered, 1 required.
2019-10-04 08:09:04,708 [EventQueue-NodeRegistrationContainerReportForDataNodeSafeModeRule] INFO  safemode.SCMSafeModeManager (SCMSafeModeManager.java:validateSafeModeExitRules(177)) - ScmSafeModeManager, all rules are successfully validated
2019-10-04 08:09:04,709 [EventQueue-NodeRegistrationContainerReportForDataNodeSafeModeRule] INFO  safemode.SCMSafeModeManager (SCMSafeModeManager.java:exitSafeMode(193)) - SCM exiting safe mode.
2019-10-04 08:09:04,729 [grpc-default-executor-11] INFO  impl.RaftServerProxy (RaftServerProxy.java:addNew(89)) - 87531f07-bbe4-4083-9325-2f5525f6d6ba: addNew group-33B2382E1A01:[87531f07-bbe4-4083-9325-2f5525f6d6ba:192.168.30.44:42548] returns group-33B2382E1A01:java.util.concurrent.CompletableFuture@b9c643b[Not completed]
2019-10-04 08:09:04,733 [pool-409-thread-1] INFO  impl.RaftServerImpl (RaftServerImpl.java:<init>(95)) - 87531f07-bbe4-4083-9325-2f5525f6d6ba: new RaftServerImpl for group-33B2382E1A01:[87531f07-bbe4-4083-9325-2f5525f6d6ba:192.168.30.44:42548] with ContainerStateMachine:uninitialized
2019-10-04 08:09:04,733 [pool-409-thread-1] INFO  server.RaftServerConfigKeys (ConfUtils.java:logGet(43)) - raft.server.rpc.timeout.min = 5s (custom)
2019-10-04 08:09:04,734 [pool-409-thread-1] INFO  server.RaftServerConfigKeys (ConfUtils.java:logGet(43)) - raft.server.rpc.timeout.max = 5200ms (custom)
2019-10-04 08:09:04,734 [pool-409-thread-1] INFO  server.RaftServerConfigKeys (ConfUtils.java:logGet(43)) - raft.server.rpcslowness.timeout = 120s (custom)
2019-10-04 08:09:04,734 [pool-409-thread-1] INFO  server.RaftServerConfigKeys (ConfUtils.java:logGet(43)) - raft.server.sleep.deviation.threshold = 300 (default)
2019-10-04 08:09:04,734 [pool-409-thread-1] INFO  server.RaftServerConfigKeys (ConfUtils.java:logGet(43)) - raft.server.log.appender.install.snapshot.enabled = false (custom)
2019-10-04 08:09:04,735 [pool-409-thread-1] INFO  impl.RaftServerImpl (ServerState.java:<init>(103)) - 87531f07-bbe4-4083-9325-2f5525f6d6ba@group-33B2382E1A01: ConfigurationManager, init=-1: [87531f07-bbe4-4083-9325-2f5525f6d6ba:192.168.30.44:42548], old=null, confs=<EMPTY_MAP>
2019-10-04 08:09:04,735 [pool-409-thread-1] INFO  server.RaftServerConfigKeys (ConfUtils.java:logGet(43)) - raft.server.storage.dir = [/workdir/hadoop-ozone/integration-test/target/test-dir/MiniOzoneClusterImpl-fc615848-cf41-4b62-93ca-35284ed11942/datanode-0/data/ratis] (custom)
2019-10-04 08:09:04,735 [pool-409-thread-1] INFO  server.RaftServerConfigKeys (ConfUtils.java:logGet(43)) - raft.server.log.corruption.policy = EXCEPTION (default)
2019-10-04 08:09:04,736 [pool-409-thread-1] INFO  storage.RaftStorageDirectory (RaftStorageDirectory.java:analyzeStorage(246)) - The storage directory /workdir/hadoop-ozone/integration-test/target/test-dir/MiniOzoneClusterImpl-fc615848-cf41-4b62-93ca-35284ed11942/datanode-0/data/ratis/0f703ef4-a8a2-4c35-b24f-33b2382e1a01 does not exist. Creating ...
2019-10-04 08:09:04,764 [IPC Server handler 4 on 40959] INFO  net.NetworkTopology (NetworkTopologyImpl.java:add(111)) - Added a new node: /default-rack/b604db3c-4fe1-481b-b03b-67d8cedf9bac
2019-10-04 08:09:04,765 [IPC Server handler 4 on 40959] INFO  node.SCMNodeManager (SCMNodeManager.java:register(266)) - Registered Data node : b604db3c-4fe1-481b-b03b-67d8cedf9bac{ip: 192.168.30.44, host: pr-hdds-2230-99mx8-1595754997, networkLocation: /default-rack, certSerialId: null}
2019-10-04 08:09:04,774 [pool-409-thread-1] INFO  storage.RaftStorageDirectory (RaftStorageDirectory.java:tryLock(328)) - Lock on /workdir/hadoop-ozone/integration-test/target/test-dir/MiniOzoneClusterImpl-fc615848-cf41-4b62-93ca-35284ed11942/datanode-0/data/ratis/0f703ef4-a8a2-4c35-b24f-33b2382e1a01/in_use.lock acquired by nodename 24500@pr-hdds-2230-99mx8-1595754997
2019-10-04 08:09:04,800 [pool-409-thread-1] INFO  storage.RaftStorage (RaftStorage.java:format(84)) - Storage directory /workdir/hadoop-ozone/integration-test/target/test-dir/MiniOzoneClusterImpl-fc615848-cf41-4b62-93ca-35284ed11942/datanode-0/data/ratis/0f703ef4-a8a2-4c35-b24f-33b2382e1a01 has been successfully formatted.
2019-10-04 08:09:04,800 [pool-409-thread-1] INFO  ratis.ContainerStateMachine (ContainerStateMachine.java:loadSnapshot(230)) - group-33B2382E1A01: The snapshot info is null. Setting the last applied indexto:(t:0, i:~)
2019-10-04 08:09:04,800 [pool-409-thread-1] INFO  server.RaftServerConfigKeys (ConfUtils.java:logGet(43)) - raft.server.notification.no-leader.timeout = 120s (custom)
2019-10-04 08:09:04,800 [pool-409-thread-1] INFO  server.RaftServerConfigKeys (ConfUtils.java:logGet(43)) - raft.server.log.use.memory = false (default)
2019-10-04 08:09:04,800 [pool-409-thread-1] INFO  server.RaftServerConfigKeys (ConfUtils.java:logGet(43)) - raft.server.log.purge.gap = 1000000 (custom)
2019-10-04 08:09:04,801 [pool-409-thread-1] INFO  server.RaftServerConfigKeys (ConfUtils.java:logGet(43)) - raft.server.log.appender.buffer.byte-limit = 33554432 (custom)
2019-10-04 08:09:04,801 [pool-409-thread-1] INFO  server.RaftServerConfigKeys (ConfUtils.java:logGet(43)) - raft.server.log.segment.size.max = 1048576 (custom)
2019-10-04 08:09:04,803 [pool-409-thread-1] INFO  server.RaftServerConfigKeys (ConfUtils.java:logGet(43)) - raft.server.log.segment.cache.num.max = 2 (custom)
2019-10-04 08:09:04,803 [pool-409-thread-1] INFO  segmented.SegmentedRaftLogWorker (SegmentedRaftLogWorker.java:<init>(173)) - new 87531f07-bbe4-4083-9325-2f5525f6d6ba@group-33B2382E1A01-SegmentedRaftLogWorker for RaftStorage:Storage Directory /workdir/hadoop-ozone/integration-test/target/test-dir/MiniOzoneClusterImpl-fc615848-cf41-4b62-93ca-35284ed11942/datanode-0/data/ratis/0f703ef4-a8a2-4c35-b24f-33b2382e1a01
2019-10-04 08:09:04,803 [pool-409-thread-1] INFO  server.RaftServerConfigKeys (ConfUtils.java:logGet(43)) - raft.server.log.queue.byte-limit = 2147483647 (custom)
2019-10-04 08:09:04,803 [pool-409-thread-1] INFO  server.RaftServerConfigKeys (ConfUtils.java:logGet(43)) - raft.server.log.queue.element-limit = 1024 (custom)
2019-10-04 08:09:04,803 [pool-409-thread-1] INFO  server.RaftServerConfigKeys (ConfUtils.java:logGet(43)) - raft.server.log.segment.size.max = 1048576 (custom)
2019-10-04 08:09:04,804 [pool-409-thread-1] INFO  server.RaftServerConfigKeys (ConfUtils.java:logGet(43)) - raft.server.log.preallocated.size = 16384 (custom)
2019-10-04 08:09:04,804 [pool-409-thread-1] INFO  server.RaftServerConfigKeys (ConfUtils.java:logGet(43)) - raft.server.log.write.buffer.size = 33554432 (custom)
2019-10-04 08:09:04,804 [pool-409-thread-1] INFO  server.RaftServerConfigKeys (ConfUtils.java:logGet(43)) - raft.server.log.force.sync.num = 128 (default)
2019-10-04 08:09:04,804 [pool-409-thread-1] INFO  server.RaftServerConfigKeys (ConfUtils.java:logGet(43)) - raft.server.log.statemachine.data.sync = true (default)
2019-10-04 08:09:04,804 [pool-409-thread-1] INFO  server.RaftServerConfigKeys (ConfUtils.java:logGet(43)) - raft.server.log.statemachine.data.sync.timeout = 10s (default)
2019-10-04 08:09:04,804 [pool-409-thread-1] INFO  server.RaftServerConfigKeys (ConfUtils.java:logGet(43)) - raft.server.log.statemachine.data.sync.timeout.retry = -1 (default)
2019-10-04 08:09:04,805 [pool-409-thread-1] INFO  server.RaftServerConfigKeys (ConfUtils.java:logGet(43)) - raft.server.log.statemachine.data.caching.enabled = true (custom)
2019-10-04 08:09:04,805 [pool-409-thread-1] INFO  segmented.SegmentedRaftLogWorker (SegmentedRaftLogWorker.java:lambda$new$0(128)) - 87531f07-bbe4-4083-9325-2f5525f6d6ba@group-33B2382E1A01-SegmentedRaftLogWorker: flushIndex: setUnconditionally 0 -> -1
2019-10-04 08:09:04,805 [pool-409-thread-1] INFO  server.RaftServerConfigKeys (ConfUtils.java:logGet(43)) - raft.server.snapshot.auto.trigger.enabled = true (custom)
2019-10-04 08:09:04,806 [pool-409-thread-1] INFO  server.RaftServerConfigKeys (ConfUtils.java:logGet(43)) - raft.server.snapshot.auto.trigger.threshold = 10000 (custom)
2019-10-04 08:09:04,806 [pool-409-thread-1] INFO  server.RaftServerConfigKeys (ConfUtils.java:logGet(43)) - raft.server.snapshot.retention.file.num = 5 (custom)
2019-10-04 08:09:04,806 [pool-409-thread-1] INFO  server.RaftServerConfigKeys (ConfUtils.java:logGet(43)) - raft.server.retrycache.expirytime = 600000ms (custom)
2019-10-04 08:09:04,807 [pool-409-thread-1] INFO  impl.RaftServerImpl (RaftServerImpl.java:start(181)) - 87531f07-bbe4-4083-9325-2f5525f6d6ba@group-33B2382E1A01: start as a follower, conf=-1: [87531f07-bbe4-4083-9325-2f5525f6d6ba:192.168.30.44:42548], old=null
2019-10-04 08:09:04,808 [pool-409-thread-1] INFO  impl.RaftServerImpl (RaftServerImpl.java:setRole(170)) - 87531f07-bbe4-4083-9325-2f5525f6d6ba@group-33B2382E1A01: changes role from      null to FOLLOWER at term 0 for startAsFollower
2019-10-04 08:09:04,808 [pool-409-thread-1] INFO  impl.RoleInfo (RoleInfo.java:updateAndGet(143)) - 87531f07-bbe4-4083-9325-2f5525f6d6ba: start FollowerState
2019-10-04 08:09:04,809 [pool-409-thread-1] INFO  util.JmxRegister (JmxRegister.java:tryRegister(44)) - Successfully registered JMX Bean with object name Ratis:service=RaftServer,group=group-33B2382E1A01,id=87531f07-bbe4-4083-9325-2f5525f6d6ba
2019-10-04 08:09:04,814 [RatisPipelineUtilsThread] INFO  pipeline.PipelineStateManager (PipelineStateManager.java:addPipeline(56)) - Created pipeline Pipeline[ Id: 0f703ef4-a8a2-4c35-b24f-33b2382e1a01, Nodes: 87531f07-bbe4-4083-9325-2f5525f6d6ba{ip: 192.168.30.44, host: pr-hdds-2230-99mx8-1595754997, networkLocation: /default-rack, certSerialId: null}, Type:RATIS, Factor:ONE, State:OPEN]
2019-10-04 08:09:04,824 [grpc-default-executor-11] INFO  impl.RaftServerProxy (RaftServerProxy.java:addNew(89)) - b604db3c-4fe1-481b-b03b-67d8cedf9bac: addNew group-7721F5E41DA9:[b604db3c-4fe1-481b-b03b-67d8cedf9bac:192.168.30.44:42232] returns group-7721F5E41DA9:java.util.concurrent.CompletableFuture@78ea05e2[Not completed]
2019-10-04 08:09:04,825 [pool-419-thread-1] INFO  impl.RaftServerImpl (RaftServerImpl.java:<init>(95)) - b604db3c-4fe1-481b-b03b-67d8cedf9bac: new RaftServerImpl for group-7721F5E41DA9:[b604db3c-4fe1-481b-b03b-67d8cedf9bac:192.168.30.44:42232] with ContainerStateMachine:uninitialized
2019-10-04 08:09:04,825 [pool-419-thread-1] INFO  server.RaftServerConfigKeys (ConfUtils.java:logGet(43)) - raft.server.rpc.timeout.min = 5s (custom)
2019-10-04 08:09:04,825 [pool-419-thread-1] INFO  server.RaftServerConfigKeys (ConfUtils.java:logGet(43)) - raft.server.rpc.timeout.max = 5200ms (custom)
2019-10-04 08:09:04,825 [pool-419-thread-1] INFO  server.RaftServerConfigKeys (ConfUtils.java:logGet(43)) - raft.server.rpcslowness.timeout = 120s (custom)
2019-10-04 08:09:04,825 [pool-419-thread-1] INFO  server.RaftServerConfigKeys (ConfUtils.java:logGet(43)) - raft.server.sleep.deviation.threshold = 300 (default)
2019-10-04 08:09:04,825 [pool-419-thread-1] INFO  server.RaftServerConfigKeys (ConfUtils.java:logGet(43)) - raft.server.log.appender.install.snapshot.enabled = false (custom)
2019-10-04 08:09:04,826 [pool-419-thread-1] INFO  impl.RaftServerImpl (ServerState.java:<init>(103)) - b604db3c-4fe1-481b-b03b-67d8cedf9bac@group-7721F5E41DA9: ConfigurationManager, init=-1: [b604db3c-4fe1-481b-b03b-67d8cedf9bac:192.168.30.44:42232], old=null, confs=<EMPTY_MAP>
2019-10-04 08:09:04,826 [pool-419-thread-1] INFO  server.RaftServerConfigKeys (ConfUtils.java:logGet(43)) - raft.server.storage.dir = [/workdir/hadoop-ozone/integration-test/target/test-dir/MiniOzoneClusterImpl-fc615848-cf41-4b62-93ca-35284ed11942/datanode-1/data/ratis] (custom)
2019-10-04 08:09:04,826 [pool-419-thread-1] INFO  server.RaftServerConfigKeys (ConfUtils.java:logGet(43)) - raft.server.log.corruption.policy = EXCEPTION (default)
2019-10-04 08:09:04,826 [pool-419-thread-1] INFO  storage.RaftStorageDirectory (RaftStorageDirectory.java:analyzeStorage(246)) - The storage directory /workdir/hadoop-ozone/integration-test/target/test-dir/MiniOzoneClusterImpl-fc615848-cf41-4b62-93ca-35284ed11942/datanode-1/data/ratis/02df0474-c5f7-4fc5-b604-7721f5e41da9 does not exist. Creating ...
2019-10-04 08:09:04,829 [IPC Server handler 5 on 40959] INFO  net.NetworkTopology (NetworkTopologyImpl.java:add(111)) - Added a new node: /default-rack/5d2a1223-0e23-4d85-be9b-2c5d2b41fb37
2019-10-04 08:09:04,829 [IPC Server handler 5 on 40959] INFO  node.SCMNodeManager (SCMNodeManager.java:register(266)) - Registered Data node : 5d2a1223-0e23-4d85-be9b-2c5d2b41fb37{ip: 192.168.30.44, host: pr-hdds-2230-99mx8-1595754997, networkLocation: /default-rack, certSerialId: null}
2019-10-04 08:09:04,850 [pool-419-thread-1] INFO  storage.RaftStorageDirectory (RaftStorageDirectory.java:tryLock(328)) - Lock on /workdir/hadoop-ozone/integration-test/target/test-dir/MiniOzoneClusterImpl-fc615848-cf41-4b62-93ca-35284ed11942/datanode-1/data/ratis/02df0474-c5f7-4fc5-b604-7721f5e41da9/in_use.lock acquired by nodename 24500@pr-hdds-2230-99mx8-1595754997
2019-10-04 08:09:04,875 [pool-419-thread-1] INFO  storage.RaftStorage (RaftStorage.java:format(84)) - Storage directory /workdir/hadoop-ozone/integration-test/target/test-dir/MiniOzoneClusterImpl-fc615848-cf41-4b62-93ca-35284ed11942/datanode-1/data/ratis/02df0474-c5f7-4fc5-b604-7721f5e41da9 has been successfully formatted.
2019-10-04 08:09:04,876 [pool-419-thread-1] INFO  ratis.ContainerStateMachine (ContainerStateMachine.java:loadSnapshot(230)) - group-7721F5E41DA9: The snapshot info is null. Setting the last applied indexto:(t:0, i:~)
2019-10-04 08:09:04,876 [pool-419-thread-1] INFO  server.RaftServerConfigKeys (ConfUtils.java:logGet(43)) - raft.server.notification.no-leader.timeout = 120s (custom)
2019-10-04 08:09:04,876 [pool-419-thread-1] INFO  server.RaftServerConfigKeys (ConfUtils.java:logGet(43)) - raft.server.log.use.memory = false (default)
2019-10-04 08:09:04,876 [pool-419-thread-1] INFO  server.RaftServerConfigKeys (ConfUtils.java:logGet(43)) - raft.server.log.purge.gap = 1000000 (custom)
2019-10-04 08:09:04,876 [pool-419-thread-1] INFO  server.RaftServerConfigKeys (ConfUtils.java:logGet(43)) - raft.server.log.appender.buffer.byte-limit = 33554432 (custom)
2019-10-04 08:09:04,876 [pool-419-thread-1] INFO  server.RaftServerConfigKeys (ConfUtils.java:logGet(43)) - raft.server.log.segment.size.max = 1048576 (custom)
2019-10-04 08:09:04,878 [pool-419-thread-1] INFO  server.RaftServerConfigKeys (ConfUtils.java:logGet(43)) - raft.server.log.segment.cache.num.max = 2 (custom)
2019-10-04 08:09:04,878 [pool-419-thread-1] INFO  segmented.SegmentedRaftLogWorker (SegmentedRaftLogWorker.java:<init>(173)) - new b604db3c-4fe1-481b-b03b-67d8cedf9bac@group-7721F5E41DA9-SegmentedRaftLogWorker for RaftStorage:Storage Directory /workdir/hadoop-ozone/integration-test/target/test-dir/MiniOzoneClusterImpl-fc615848-cf41-4b62-93ca-35284ed11942/datanode-1/data/ratis/02df0474-c5f7-4fc5-b604-7721f5e41da9
2019-10-04 08:09:04,878 [pool-419-thread-1] INFO  server.RaftServerConfigKeys (ConfUtils.java:logGet(43)) - raft.server.log.queue.byte-limit = 2147483647 (custom)
2019-10-04 08:09:04,878 [pool-419-thread-1] INFO  server.RaftServerConfigKeys (ConfUtils.java:logGet(43)) - raft.server.log.queue.element-limit = 1024 (custom)
2019-10-04 08:09:04,878 [pool-419-thread-1] INFO  server.RaftServerConfigKeys (ConfUtils.java:logGet(43)) - raft.server.log.segment.size.max = 1048576 (custom)
2019-10-04 08:09:04,878 [pool-419-thread-1] INFO  server.RaftServerConfigKeys (ConfUtils.java:logGet(43)) - raft.server.log.preallocated.size = 16384 (custom)
2019-10-04 08:09:04,878 [pool-419-thread-1] INFO  server.RaftServerConfigKeys (ConfUtils.java:logGet(43)) - raft.server.log.write.buffer.size = 33554432 (custom)
2019-10-04 08:09:04,878 [pool-419-thread-1] INFO  server.RaftServerConfigKeys (ConfUtils.java:logGet(43)) - raft.server.log.force.sync.num = 128 (default)
2019-10-04 08:09:04,878 [pool-419-thread-1] INFO  server.RaftServerConfigKeys (ConfUtils.java:logGet(43)) - raft.server.log.statemachine.data.sync = true (default)
2019-10-04 08:09:04,879 [pool-419-thread-1] INFO  server.RaftServerConfigKeys (ConfUtils.java:logGet(43)) - raft.server.log.statemachine.data.sync.timeout = 10s (default)
2019-10-04 08:09:04,879 [pool-419-thread-1] INFO  server.RaftServerConfigKeys (ConfUtils.java:logGet(43)) - raft.server.log.statemachine.data.sync.timeout.retry = -1 (default)
2019-10-04 08:09:04,879 [pool-419-thread-1] INFO  server.RaftServerConfigKeys (ConfUtils.java:logGet(43)) - raft.server.log.statemachine.data.caching.enabled = true (custom)
2019-10-04 08:09:04,879 [pool-419-thread-1] INFO  segmented.SegmentedRaftLogWorker (SegmentedRaftLogWorker.java:lambda$new$0(128)) - b604db3c-4fe1-481b-b03b-67d8cedf9bac@group-7721F5E41DA9-SegmentedRaftLogWorker: flushIndex: setUnconditionally 0 -> -1
2019-10-04 08:09:04,879 [pool-419-thread-1] INFO  server.RaftServerConfigKeys (ConfUtils.java:logGet(43)) - raft.server.snapshot.auto.trigger.enabled = true (custom)
2019-10-04 08:09:04,879 [pool-419-thread-1] INFO  server.RaftServerConfigKeys (ConfUtils.java:logGet(43)) - raft.server.snapshot.auto.trigger.threshold = 10000 (custom)
2019-10-04 08:09:04,880 [pool-419-thread-1] INFO  server.RaftServerConfigKeys (ConfUtils.java:logGet(43)) - raft.server.snapshot.retention.file.num = 5 (custom)
2019-10-04 08:09:04,880 [pool-419-thread-1] INFO  server.RaftServerConfigKeys (ConfUtils.java:logGet(43)) - raft.server.retrycache.expirytime = 600000ms (custom)
2019-10-04 08:09:04,881 [pool-419-thread-1] INFO  impl.RaftServerImpl (RaftServerImpl.java:start(181)) - b604db3c-4fe1-481b-b03b-67d8cedf9bac@group-7721F5E41DA9: start as a follower, conf=-1: [b604db3c-4fe1-481b-b03b-67d8cedf9bac:192.168.30.44:42232], old=null
2019-10-04 08:09:04,881 [pool-419-thread-1] INFO  impl.RaftServerImpl (RaftServerImpl.java:setRole(170)) - b604db3c-4fe1-481b-b03b-67d8cedf9bac@group-7721F5E41DA9: changes role from      null to FOLLOWER at term 0 for startAsFollower
2019-10-04 08:09:04,881 [pool-419-thread-1] INFO  impl.RoleInfo (RoleInfo.java:updateAndGet(143)) - b604db3c-4fe1-481b-b03b-67d8cedf9bac: start FollowerState
2019-10-04 08:09:04,882 [pool-419-thread-1] INFO  util.JmxRegister (JmxRegister.java:tryRegister(44)) - Successfully registered JMX Bean with object name Ratis:service=RaftServer,group=group-7721F5E41DA9,id=b604db3c-4fe1-481b-b03b-67d8cedf9bac
2019-10-04 08:09:04,885 [RatisPipelineUtilsThread] INFO  pipeline.PipelineStateManager (PipelineStateManager.java:addPipeline(56)) - Created pipeline Pipeline[ Id: 02df0474-c5f7-4fc5-b604-7721f5e41da9, Nodes: b604db3c-4fe1-481b-b03b-67d8cedf9bac{ip: 192.168.30.44, host: pr-hdds-2230-99mx8-1595754997, networkLocation: /default-rack, certSerialId: null}, Type:RATIS, Factor:ONE, State:OPEN]
2019-10-04 08:09:04,894 [grpc-default-executor-11] INFO  impl.RaftServerProxy (RaftServerProxy.java:addNew(89)) - 5d2a1223-0e23-4d85-be9b-2c5d2b41fb37: addNew group-1FF51DF35117:[5d2a1223-0e23-4d85-be9b-2c5d2b41fb37:192.168.30.44:37956] returns group-1FF51DF35117:java.util.concurrent.CompletableFuture@ad8d5fd[Not completed]
2019-10-04 08:09:04,895 [pool-429-thread-1] INFO  impl.RaftServerImpl (RaftServerImpl.java:<init>(95)) - 5d2a1223-0e23-4d85-be9b-2c5d2b41fb37: new RaftServerImpl for group-1FF51DF35117:[5d2a1223-0e23-4d85-be9b-2c5d2b41fb37:192.168.30.44:37956] with ContainerStateMachine:uninitialized
2019-10-04 08:09:04,895 [pool-429-thread-1] INFO  server.RaftServerConfigKeys (ConfUtils.java:logGet(43)) - raft.server.rpc.timeout.min = 5s (custom)
2019-10-04 08:09:04,895 [pool-429-thread-1] INFO  server.RaftServerConfigKeys (ConfUtils.java:logGet(43)) - raft.server.rpc.timeout.max = 5200ms (custom)
2019-10-04 08:09:04,895 [pool-429-thread-1] INFO  server.RaftServerConfigKeys (ConfUtils.java:logGet(43)) - raft.server.rpcslowness.timeout = 120s (custom)
2019-10-04 08:09:04,895 [pool-429-thread-1] INFO  server.RaftServerConfigKeys (ConfUtils.java:logGet(43)) - raft.server.sleep.deviation.threshold = 300 (default)
2019-10-04 08:09:04,896 [pool-429-thread-1] INFO  server.RaftServerConfigKeys (ConfUtils.java:logGet(43)) - raft.server.log.appender.install.snapshot.enabled = false (custom)
2019-10-04 08:09:04,896 [pool-429-thread-1] INFO  impl.RaftServerImpl (ServerState.java:<init>(103)) - 5d2a1223-0e23-4d85-be9b-2c5d2b41fb37@group-1FF51DF35117: ConfigurationManager, init=-1: [5d2a1223-0e23-4d85-be9b-2c5d2b41fb37:192.168.30.44:37956], old=null, confs=<EMPTY_MAP>
2019-10-04 08:09:04,896 [pool-429-thread-1] INFO  server.RaftServerConfigKeys (ConfUtils.java:logGet(43)) - raft.server.storage.dir = [/workdir/hadoop-ozone/integration-test/target/test-dir/MiniOzoneClusterImpl-fc615848-cf41-4b62-93ca-35284ed11942/datanode-2/data/ratis] (custom)
2019-10-04 08:09:04,896 [pool-429-thread-1] INFO  server.RaftServerConfigKeys (ConfUtils.java:logGet(43)) - raft.server.log.corruption.policy = EXCEPTION (default)
2019-10-04 08:09:04,896 [pool-429-thread-1] INFO  storage.RaftStorageDirectory (RaftStorageDirectory.java:analyzeStorage(246)) - The storage directory /workdir/hadoop-ozone/integration-test/target/test-dir/MiniOzoneClusterImpl-fc615848-cf41-4b62-93ca-35284ed11942/datanode-2/data/ratis/eec5cad8-4d77-41b2-880e-1ff51df35117 does not exist. Creating ...
2019-10-04 08:09:04,896 [IPC Server handler 10 on 40959] INFO  net.NetworkTopology (NetworkTopologyImpl.java:add(111)) - Added a new node: /default-rack/999b9f8d-9896-464d-b2ab-2fa0111ec6b5
2019-10-04 08:09:04,897 [IPC Server handler 10 on 40959] INFO  node.SCMNodeManager (SCMNodeManager.java:register(266)) - Registered Data node : 999b9f8d-9896-464d-b2ab-2fa0111ec6b5{ip: 192.168.30.44, host: pr-hdds-2230-99mx8-1595754997, networkLocation: /default-rack, certSerialId: null}
2019-10-04 08:09:04,909 [pool-429-thread-1] INFO  storage.RaftStorageDirectory (RaftStorageDirectory.java:tryLock(328)) - Lock on /workdir/hadoop-ozone/integration-test/target/test-dir/MiniOzoneClusterImpl-fc615848-cf41-4b62-93ca-35284ed11942/datanode-2/data/ratis/eec5cad8-4d77-41b2-880e-1ff51df35117/in_use.lock acquired by nodename 24500@pr-hdds-2230-99mx8-1595754997
2019-10-04 08:09:04,926 [pool-429-thread-1] INFO  storage.RaftStorage (RaftStorage.java:format(84)) - Storage directory /workdir/hadoop-ozone/integration-test/target/test-dir/MiniOzoneClusterImpl-fc615848-cf41-4b62-93ca-35284ed11942/datanode-2/data/ratis/eec5cad8-4d77-41b2-880e-1ff51df35117 has been successfully formatted.
2019-10-04 08:09:04,926 [pool-429-thread-1] INFO  ratis.ContainerStateMachine (ContainerStateMachine.java:loadSnapshot(230)) - group-1FF51DF35117: The snapshot info is null. Setting the last applied indexto:(t:0, i:~)
2019-10-04 08:09:04,926 [pool-429-thread-1] INFO  server.RaftServerConfigKeys (ConfUtils.java:logGet(43)) - raft.server.notification.no-leader.timeout = 120s (custom)
2019-10-04 08:09:04,926 [pool-429-thread-1] INFO  server.RaftServerConfigKeys (ConfUtils.java:logGet(43)) - raft.server.log.use.memory = false (default)
2019-10-04 08:09:04,927 [pool-429-thread-1] INFO  server.RaftServerConfigKeys (ConfUtils.java:logGet(43)) - raft.server.log.purge.gap = 1000000 (custom)
2019-10-04 08:09:04,927 [pool-429-thread-1] INFO  server.RaftServerConfigKeys (ConfUtils.java:logGet(43)) - raft.server.log.appender.buffer.byte-limit = 33554432 (custom)
2019-10-04 08:09:04,927 [pool-429-thread-1] INFO  server.RaftServerConfigKeys (ConfUtils.java:logGet(43)) - raft.server.log.segment.size.max = 1048576 (custom)
2019-10-04 08:09:04,928 [pool-429-thread-1] INFO  server.RaftServerConfigKeys (ConfUtils.java:logGet(43)) - raft.server.log.segment.cache.num.max = 2 (custom)
2019-10-04 08:09:04,928 [pool-429-thread-1] INFO  segmented.SegmentedRaftLogWorker (SegmentedRaftLogWorker.java:<init>(173)) - new 5d2a1223-0e23-4d85-be9b-2c5d2b41fb37@group-1FF51DF35117-SegmentedRaftLogWorker for RaftStorage:Storage Directory /workdir/hadoop-ozone/integration-test/target/test-dir/MiniOzoneClusterImpl-fc615848-cf41-4b62-93ca-35284ed11942/datanode-2/data/ratis/eec5cad8-4d77-41b2-880e-1ff51df35117
2019-10-04 08:09:04,928 [pool-429-thread-1] INFO  server.RaftServerConfigKeys (ConfUtils.java:logGet(43)) - raft.server.log.queue.byte-limit = 2147483647 (custom)
2019-10-04 08:09:04,928 [pool-429-thread-1] INFO  server.RaftServerConfigKeys (ConfUtils.java:logGet(43)) - raft.server.log.queue.element-limit = 1024 (custom)
2019-10-04 08:09:04,928 [pool-429-thread-1] INFO  server.RaftServerConfigKeys (ConfUtils.java:logGet(43)) - raft.server.log.segment.size.max = 1048576 (custom)
2019-10-04 08:09:04,928 [pool-429-thread-1] INFO  server.RaftServerConfigKeys (ConfUtils.java:logGet(43)) - raft.server.log.preallocated.size = 16384 (custom)
2019-10-04 08:09:04,928 [pool-429-thread-1] INFO  server.RaftServerConfigKeys (ConfUtils.java:logGet(43)) - raft.server.log.write.buffer.size = 33554432 (custom)
2019-10-04 08:09:04,929 [pool-429-thread-1] INFO  server.RaftServerConfigKeys (ConfUtils.java:logGet(43)) - raft.server.log.force.sync.num = 128 (default)
2019-10-04 08:09:04,929 [pool-429-thread-1] INFO  server.RaftServerConfigKeys (ConfUtils.java:logGet(43)) - raft.server.log.statemachine.data.sync = true (default)
2019-10-04 08:09:04,929 [pool-429-thread-1] INFO  server.RaftServerConfigKeys (ConfUtils.java:logGet(43)) - raft.server.log.statemachine.data.sync.timeout = 10s (default)
2019-10-04 08:09:04,929 [pool-429-thread-1] INFO  server.RaftServerConfigKeys (ConfUtils.java:logGet(43)) - raft.server.log.statemachine.data.sync.timeout.retry = -1 (default)
2019-10-04 08:09:04,929 [pool-429-thread-1] INFO  server.RaftServerConfigKeys (ConfUtils.java:logGet(43)) - raft.server.log.statemachine.data.caching.enabled = true (custom)
2019-10-04 08:09:04,929 [pool-429-thread-1] INFO  segmented.SegmentedRaftLogWorker (SegmentedRaftLogWorker.java:lambda$new$0(128)) - 5d2a1223-0e23-4d85-be9b-2c5d2b41fb37@group-1FF51DF35117-SegmentedRaftLogWorker: flushIndex: setUnconditionally 0 -> -1
2019-10-04 08:09:04,929 [pool-429-thread-1] INFO  server.RaftServerConfigKeys (ConfUtils.java:logGet(43)) - raft.server.snapshot.auto.trigger.enabled = true (custom)
2019-10-04 08:09:04,930 [pool-429-thread-1] INFO  server.RaftServerConfigKeys (ConfUtils.java:logGet(43)) - raft.server.snapshot.auto.trigger.threshold = 10000 (custom)
2019-10-04 08:09:04,930 [pool-429-thread-1] INFO  server.RaftServerConfigKeys (ConfUtils.java:logGet(43)) - raft.server.snapshot.retention.file.num = 5 (custom)
2019-10-04 08:09:04,930 [pool-429-thread-1] INFO  server.RaftServerConfigKeys (ConfUtils.java:logGet(43)) - raft.server.retrycache.expirytime = 600000ms (custom)
2019-10-04 08:09:04,931 [pool-429-thread-1] INFO  impl.RaftServerImpl (RaftServerImpl.java:start(181)) - 5d2a1223-0e23-4d85-be9b-2c5d2b41fb37@group-1FF51DF35117: start as a follower, conf=-1: [5d2a1223-0e23-4d85-be9b-2c5d2b41fb37:192.168.30.44:37956], old=null
2019-10-04 08:09:04,931 [pool-429-thread-1] INFO  impl.RaftServerImpl (RaftServerImpl.java:setRole(170)) - 5d2a1223-0e23-4d85-be9b-2c5d2b41fb37@group-1FF51DF35117: changes role from      null to FOLLOWER at term 0 for startAsFollower
2019-10-04 08:09:04,931 [pool-429-thread-1] INFO  impl.RoleInfo (RoleInfo.java:updateAndGet(143)) - 5d2a1223-0e23-4d85-be9b-2c5d2b41fb37: start FollowerState
2019-10-04 08:09:04,931 [pool-429-thread-1] INFO  util.JmxRegister (JmxRegister.java:tryRegister(44)) - Successfully registered JMX Bean with object name Ratis:service=RaftServer,group=group-1FF51DF35117,id=5d2a1223-0e23-4d85-be9b-2c5d2b41fb37
2019-10-04 08:09:04,934 [RatisPipelineUtilsThread] INFO  pipeline.PipelineStateManager (PipelineStateManager.java:addPipeline(56)) - Created pipeline Pipeline[ Id: eec5cad8-4d77-41b2-880e-1ff51df35117, Nodes: 5d2a1223-0e23-4d85-be9b-2c5d2b41fb37{ip: 192.168.30.44, host: pr-hdds-2230-99mx8-1595754997, networkLocation: /default-rack, certSerialId: null}, Type:RATIS, Factor:ONE, State:OPEN]
2019-10-04 08:09:04,944 [grpc-default-executor-11] INFO  impl.RaftServerProxy (RaftServerProxy.java:addNew(89)) - 999b9f8d-9896-464d-b2ab-2fa0111ec6b5: addNew group-418E6131C8D0:[999b9f8d-9896-464d-b2ab-2fa0111ec6b5:192.168.30.44:45963] returns group-418E6131C8D0:java.util.concurrent.CompletableFuture@526af972[Not completed]
2019-10-04 08:09:04,945 [pool-439-thread-1] INFO  impl.RaftServerImpl (RaftServerImpl.java:<init>(95)) - 999b9f8d-9896-464d-b2ab-2fa0111ec6b5: new RaftServerImpl for group-418E6131C8D0:[999b9f8d-9896-464d-b2ab-2fa0111ec6b5:192.168.30.44:45963] with ContainerStateMachine:uninitialized
2019-10-04 08:09:04,945 [pool-439-thread-1] INFO  server.RaftServerConfigKeys (ConfUtils.java:logGet(43)) - raft.server.rpc.timeout.min = 5s (custom)
2019-10-04 08:09:04,945 [pool-439-thread-1] INFO  server.RaftServerConfigKeys (ConfUtils.java:logGet(43)) - raft.server.rpc.timeout.max = 5200ms (custom)
2019-10-04 08:09:04,945 [pool-439-thread-1] INFO  server.RaftServerConfigKeys (ConfUtils.java:logGet(43)) - raft.server.rpcslowness.timeout = 120s (custom)
2019-10-04 08:09:04,945 [pool-439-thread-1] INFO  server.RaftServerConfigKeys (ConfUtils.java:logGet(43)) - raft.server.sleep.deviation.threshold = 300 (default)
2019-10-04 08:09:04,945 [pool-439-thread-1] INFO  server.RaftServerConfigKeys (ConfUtils.java:logGet(43)) - raft.server.log.appender.install.snapshot.enabled = false (custom)
2019-10-04 08:09:04,945 [pool-439-thread-1] INFO  impl.RaftServerImpl (ServerState.java:<init>(103)) - 999b9f8d-9896-464d-b2ab-2fa0111ec6b5@group-418E6131C8D0: ConfigurationManager, init=-1: [999b9f8d-9896-464d-b2ab-2fa0111ec6b5:192.168.30.44:45963], old=null, confs=<EMPTY_MAP>
2019-10-04 08:09:04,945 [pool-439-thread-1] INFO  server.RaftServerConfigKeys (ConfUtils.java:logGet(43)) - raft.server.storage.dir = [/workdir/hadoop-ozone/integration-test/target/test-dir/MiniOzoneClusterImpl-fc615848-cf41-4b62-93ca-35284ed11942/datanode-3/data/ratis] (custom)
2019-10-04 08:09:04,946 [pool-439-thread-1] INFO  server.RaftServerConfigKeys (ConfUtils.java:logGet(43)) - raft.server.log.corruption.policy = EXCEPTION (default)
2019-10-04 08:09:04,946 [pool-439-thread-1] INFO  storage.RaftStorageDirectory (RaftStorageDirectory.java:analyzeStorage(246)) - The storage directory /workdir/hadoop-ozone/integration-test/target/test-dir/MiniOzoneClusterImpl-fc615848-cf41-4b62-93ca-35284ed11942/datanode-3/data/ratis/9bb2354c-c3f7-4e72-892c-418e6131c8d0 does not exist. Creating ...
2019-10-04 08:09:04,959 [IPC Server handler 0 on 40959] INFO  net.NetworkTopology (NetworkTopologyImpl.java:add(111)) - Added a new node: /default-rack/42edd144-1281-44cd-8bb0-48942e6c21ea
2019-10-04 08:09:04,959 [IPC Server handler 0 on 40959] INFO  node.SCMNodeManager (SCMNodeManager.java:register(266)) - Registered Data node : 42edd144-1281-44cd-8bb0-48942e6c21ea{ip: 192.168.30.44, host: pr-hdds-2230-99mx8-1595754997, networkLocation: /default-rack, certSerialId: null}
2019-10-04 08:09:04,960 [pool-439-thread-1] INFO  storage.RaftStorageDirectory (RaftStorageDirectory.java:tryLock(328)) - Lock on /workdir/hadoop-ozone/integration-test/target/test-dir/MiniOzoneClusterImpl-fc615848-cf41-4b62-93ca-35284ed11942/datanode-3/data/ratis/9bb2354c-c3f7-4e72-892c-418e6131c8d0/in_use.lock acquired by nodename 24500@pr-hdds-2230-99mx8-1595754997
2019-10-04 08:09:04,985 [pool-439-thread-1] INFO  storage.RaftStorage (RaftStorage.java:format(84)) - Storage directory /workdir/hadoop-ozone/integration-test/target/test-dir/MiniOzoneClusterImpl-fc615848-cf41-4b62-93ca-35284ed11942/datanode-3/data/ratis/9bb2354c-c3f7-4e72-892c-418e6131c8d0 has been successfully formatted.
2019-10-04 08:09:04,986 [pool-439-thread-1] INFO  ratis.ContainerStateMachine (ContainerStateMachine.java:loadSnapshot(230)) - group-418E6131C8D0: The snapshot info is null. Setting the last applied indexto:(t:0, i:~)
2019-10-04 08:09:04,986 [pool-439-thread-1] INFO  server.RaftServerConfigKeys (ConfUtils.java:logGet(43)) - raft.server.notification.no-leader.timeout = 120s (custom)
2019-10-04 08:09:04,986 [pool-439-thread-1] INFO  server.RaftServerConfigKeys (ConfUtils.java:logGet(43)) - raft.server.log.use.memory = false (default)
2019-10-04 08:09:04,986 [pool-439-thread-1] INFO  server.RaftServerConfigKeys (ConfUtils.java:logGet(43)) - raft.server.log.purge.gap = 1000000 (custom)
2019-10-04 08:09:04,986 [pool-439-thread-1] INFO  server.RaftServerConfigKeys (ConfUtils.java:logGet(43)) - raft.server.log.appender.buffer.byte-limit = 33554432 (custom)
2019-10-04 08:09:04,986 [pool-439-thread-1] INFO  server.RaftServerConfigKeys (ConfUtils.java:logGet(43)) - raft.server.log.segment.size.max = 1048576 (custom)
2019-10-04 08:09:04,988 [pool-439-thread-1] INFO  server.RaftServerConfigKeys (ConfUtils.java:logGet(43)) - raft.server.log.segment.cache.num.max = 2 (custom)
2019-10-04 08:09:04,988 [pool-439-thread-1] INFO  segmented.SegmentedRaftLogWorker (SegmentedRaftLogWorker.java:<init>(173)) - new 999b9f8d-9896-464d-b2ab-2fa0111ec6b5@group-418E6131C8D0-SegmentedRaftLogWorker for RaftStorage:Storage Directory /workdir/hadoop-ozone/integration-test/target/test-dir/MiniOzoneClusterImpl-fc615848-cf41-4b62-93ca-35284ed11942/datanode-3/data/ratis/9bb2354c-c3f7-4e72-892c-418e6131c8d0
2019-10-04 08:09:04,988 [pool-439-thread-1] INFO  server.RaftServerConfigKeys (ConfUtils.java:logGet(43)) - raft.server.log.queue.byte-limit = 2147483647 (custom)
2019-10-04 08:09:04,988 [pool-439-thread-1] INFO  server.RaftServerConfigKeys (ConfUtils.java:logGet(43)) - raft.server.log.queue.element-limit = 1024 (custom)
2019-10-04 08:09:04,988 [pool-439-thread-1] INFO  server.RaftServerConfigKeys (ConfUtils.java:logGet(43)) - raft.server.log.segment.size.max = 1048576 (custom)
2019-10-04 08:09:04,988 [pool-439-thread-1] INFO  server.RaftServerConfigKeys (ConfUtils.java:logGet(43)) - raft.server.log.preallocated.size = 16384 (custom)
2019-10-04 08:09:04,988 [pool-439-thread-1] INFO  server.RaftServerConfigKeys (ConfUtils.java:logGet(43)) - raft.server.log.write.buffer.size = 33554432 (custom)
2019-10-04 08:09:04,988 [pool-439-thread-1] INFO  server.RaftServerConfigKeys (ConfUtils.java:logGet(43)) - raft.server.log.force.sync.num = 128 (default)
2019-10-04 08:09:04,988 [pool-439-thread-1] INFO  server.RaftServerConfigKeys (ConfUtils.java:logGet(43)) - raft.server.log.statemachine.data.sync = true (default)
2019-10-04 08:09:04,989 [pool-439-thread-1] INFO  server.RaftServerConfigKeys (ConfUtils.java:logGet(43)) - raft.server.log.statemachine.data.sync.timeout = 10s (default)
2019-10-04 08:09:04,989 [pool-439-thread-1] INFO  server.RaftServerConfigKeys (ConfUtils.java:logGet(43)) - raft.server.log.statemachine.data.sync.timeout.retry = -1 (default)
2019-10-04 08:09:04,989 [pool-439-thread-1] INFO  server.RaftServerConfigKeys (ConfUtils.java:logGet(43)) - raft.server.log.statemachine.data.caching.enabled = true (custom)
2019-10-04 08:09:04,989 [pool-439-thread-1] INFO  segmented.SegmentedRaftLogWorker (SegmentedRaftLogWorker.java:lambda$new$0(128)) - 999b9f8d-9896-464d-b2ab-2fa0111ec6b5@group-418E6131C8D0-SegmentedRaftLogWorker: flushIndex: setUnconditionally 0 -> -1
2019-10-04 08:09:04,989 [pool-439-thread-1] INFO  server.RaftServerConfigKeys (ConfUtils.java:logGet(43)) - raft.server.snapshot.auto.trigger.enabled = true (custom)
2019-10-04 08:09:04,989 [pool-439-thread-1] INFO  server.RaftServerConfigKeys (ConfUtils.java:logGet(43)) - raft.server.snapshot.auto.trigger.threshold = 10000 (custom)
2019-10-04 08:09:04,989 [pool-439-thread-1] INFO  server.RaftServerConfigKeys (ConfUtils.java:logGet(43)) - raft.server.snapshot.retention.file.num = 5 (custom)
2019-10-04 08:09:04,990 [pool-439-thread-1] INFO  server.RaftServerConfigKeys (ConfUtils.java:logGet(43)) - raft.server.retrycache.expirytime = 600000ms (custom)
2019-10-04 08:09:04,991 [pool-439-thread-1] INFO  impl.RaftServerImpl (RaftServerImpl.java:start(181)) - 999b9f8d-9896-464d-b2ab-2fa0111ec6b5@group-418E6131C8D0: start as a follower, conf=-1: [999b9f8d-9896-464d-b2ab-2fa0111ec6b5:192.168.30.44:45963], old=null
2019-10-04 08:09:04,991 [pool-439-thread-1] INFO  impl.RaftServerImpl (RaftServerImpl.java:setRole(170)) - 999b9f8d-9896-464d-b2ab-2fa0111ec6b5@group-418E6131C8D0: changes role from      null to FOLLOWER at term 0 for startAsFollower
2019-10-04 08:09:04,991 [pool-439-thread-1] INFO  impl.RoleInfo (RoleInfo.java:updateAndGet(143)) - 999b9f8d-9896-464d-b2ab-2fa0111ec6b5: start FollowerState
2019-10-04 08:09:05,007 [pool-439-thread-1] INFO  util.JmxRegister (JmxRegister.java:tryRegister(44)) - Successfully registered JMX Bean with object name Ratis:service=RaftServer,group=group-418E6131C8D0,id=999b9f8d-9896-464d-b2ab-2fa0111ec6b5
2019-10-04 08:09:05,018 [RatisPipelineUtilsThread] INFO  pipeline.PipelineStateManager (PipelineStateManager.java:addPipeline(56)) - Created pipeline Pipeline[ Id: 9bb2354c-c3f7-4e72-892c-418e6131c8d0, Nodes: 999b9f8d-9896-464d-b2ab-2fa0111ec6b5{ip: 192.168.30.44, host: pr-hdds-2230-99mx8-1595754997, networkLocation: /default-rack, certSerialId: null}, Type:RATIS, Factor:ONE, State:OPEN]
2019-10-04 08:09:05,027 [grpc-default-executor-11] INFO  impl.RaftServerProxy (RaftServerProxy.java:addNew(89)) - 42edd144-1281-44cd-8bb0-48942e6c21ea: addNew group-38FDE17B4116:[42edd144-1281-44cd-8bb0-48942e6c21ea:192.168.30.44:37127] returns group-38FDE17B4116:java.util.concurrent.CompletableFuture@138f685a[Not completed]
2019-10-04 08:09:05,028 [pool-449-thread-1] INFO  impl.RaftServerImpl (RaftServerImpl.java:<init>(95)) - 42edd144-1281-44cd-8bb0-48942e6c21ea: new RaftServerImpl for group-38FDE17B4116:[42edd144-1281-44cd-8bb0-48942e6c21ea:192.168.30.44:37127] with ContainerStateMachine:uninitialized
2019-10-04 08:09:05,028 [pool-449-thread-1] INFO  server.RaftServerConfigKeys (ConfUtils.java:logGet(43)) - raft.server.rpc.timeout.min = 5s (custom)
2019-10-04 08:09:05,028 [pool-449-thread-1] INFO  server.RaftServerConfigKeys (ConfUtils.java:logGet(43)) - raft.server.rpc.timeout.max = 5200ms (custom)
2019-10-04 08:09:05,029 [pool-449-thread-1] INFO  server.RaftServerConfigKeys (ConfUtils.java:logGet(43)) - raft.server.rpcslowness.timeout = 120s (custom)
2019-10-04 08:09:05,029 [pool-449-thread-1] INFO  server.RaftServerConfigKeys (ConfUtils.java:logGet(43)) - raft.server.sleep.deviation.threshold = 300 (default)
2019-10-04 08:09:05,029 [pool-449-thread-1] INFO  server.RaftServerConfigKeys (ConfUtils.java:logGet(43)) - raft.server.log.appender.install.snapshot.enabled = false (custom)
2019-10-04 08:09:05,029 [pool-449-thread-1] INFO  impl.RaftServerImpl (ServerState.java:<init>(103)) - 42edd144-1281-44cd-8bb0-48942e6c21ea@group-38FDE17B4116: ConfigurationManager, init=-1: [42edd144-1281-44cd-8bb0-48942e6c21ea:192.168.30.44:37127], old=null, confs=<EMPTY_MAP>
2019-10-04 08:09:05,029 [pool-449-thread-1] INFO  server.RaftServerConfigKeys (ConfUtils.java:logGet(43)) - raft.server.storage.dir = [/workdir/hadoop-ozone/integration-test/target/test-dir/MiniOzoneClusterImpl-fc615848-cf41-4b62-93ca-35284ed11942/datanode-4/data/ratis] (custom)
2019-10-04 08:09:05,029 [pool-449-thread-1] INFO  server.RaftServerConfigKeys (ConfUtils.java:logGet(43)) - raft.server.log.corruption.policy = EXCEPTION (default)
2019-10-04 08:09:05,030 [pool-449-thread-1] INFO  storage.RaftStorageDirectory (RaftStorageDirectory.java:analyzeStorage(246)) - The storage directory /workdir/hadoop-ozone/integration-test/target/test-dir/MiniOzoneClusterImpl-fc615848-cf41-4b62-93ca-35284ed11942/datanode-4/data/ratis/c2397b3b-5714-4d4f-a4c4-38fde17b4116 does not exist. Creating ...
2019-10-04 08:09:05,039 [IPC Server handler 1 on 40959] INFO  net.NetworkTopology (NetworkTopologyImpl.java:add(111)) - Added a new node: /default-rack/487589ec-ad7e-4ef6-803a-650f69006185
2019-10-04 08:09:05,040 [IPC Server handler 1 on 40959] INFO  node.SCMNodeManager (SCMNodeManager.java:register(266)) - Registered Data node : 487589ec-ad7e-4ef6-803a-650f69006185{ip: 192.168.30.44, host: pr-hdds-2230-99mx8-1595754997, networkLocation: /default-rack, certSerialId: null}
2019-10-04 08:09:05,052 [pool-449-thread-1] INFO  storage.RaftStorageDirectory (RaftStorageDirectory.java:tryLock(328)) - Lock on /workdir/hadoop-ozone/integration-test/target/test-dir/MiniOzoneClusterImpl-fc615848-cf41-4b62-93ca-35284ed11942/datanode-4/data/ratis/c2397b3b-5714-4d4f-a4c4-38fde17b4116/in_use.lock acquired by nodename 24500@pr-hdds-2230-99mx8-1595754997
2019-10-04 08:09:05,086 [pool-449-thread-1] INFO  storage.RaftStorage (RaftStorage.java:format(84)) - Storage directory /workdir/hadoop-ozone/integration-test/target/test-dir/MiniOzoneClusterImpl-fc615848-cf41-4b62-93ca-35284ed11942/datanode-4/data/ratis/c2397b3b-5714-4d4f-a4c4-38fde17b4116 has been successfully formatted.
2019-10-04 08:09:05,086 [pool-449-thread-1] INFO  ratis.ContainerStateMachine (ContainerStateMachine.java:loadSnapshot(230)) - group-38FDE17B4116: The snapshot info is null. Setting the last applied indexto:(t:0, i:~)
2019-10-04 08:09:05,086 [pool-449-thread-1] INFO  server.RaftServerConfigKeys (ConfUtils.java:logGet(43)) - raft.server.notification.no-leader.timeout = 120s (custom)
2019-10-04 08:09:05,086 [pool-449-thread-1] INFO  server.RaftServerConfigKeys (ConfUtils.java:logGet(43)) - raft.server.log.use.memory = false (default)
2019-10-04 08:09:05,087 [pool-449-thread-1] INFO  server.RaftServerConfigKeys (ConfUtils.java:logGet(43)) - raft.server.log.purge.gap = 1000000 (custom)
2019-10-04 08:09:05,087 [pool-449-thread-1] INFO  server.RaftServerConfigKeys (ConfUtils.java:logGet(43)) - raft.server.log.appender.buffer.byte-limit = 33554432 (custom)
2019-10-04 08:09:05,087 [pool-449-thread-1] INFO  server.RaftServerConfigKeys (ConfUtils.java:logGet(43)) - raft.server.log.segment.size.max = 1048576 (custom)
2019-10-04 08:09:05,089 [pool-449-thread-1] INFO  server.RaftServerConfigKeys (ConfUtils.java:logGet(43)) - raft.server.log.segment.cache.num.max = 2 (custom)
2019-10-04 08:09:05,089 [pool-449-thread-1] INFO  segmented.SegmentedRaftLogWorker (SegmentedRaftLogWorker.java:<init>(173)) - new 42edd144-1281-44cd-8bb0-48942e6c21ea@group-38FDE17B4116-SegmentedRaftLogWorker for RaftStorage:Storage Directory /workdir/hadoop-ozone/integration-test/target/test-dir/MiniOzoneClusterImpl-fc615848-cf41-4b62-93ca-35284ed11942/datanode-4/data/ratis/c2397b3b-5714-4d4f-a4c4-38fde17b4116
2019-10-04 08:09:05,089 [pool-449-thread-1] INFO  server.RaftServerConfigKeys (ConfUtils.java:logGet(43)) - raft.server.log.queue.byte-limit = 2147483647 (custom)
2019-10-04 08:09:05,089 [pool-449-thread-1] INFO  server.RaftServerConfigKeys (ConfUtils.java:logGet(43)) - raft.server.log.queue.element-limit = 1024 (custom)
2019-10-04 08:09:05,089 [pool-449-thread-1] INFO  server.RaftServerConfigKeys (ConfUtils.java:logGet(43)) - raft.server.log.segment.size.max = 1048576 (custom)
2019-10-04 08:09:05,089 [pool-449-thread-1] INFO  server.RaftServerConfigKeys (ConfUtils.java:logGet(43)) - raft.server.log.preallocated.size = 16384 (custom)
2019-10-04 08:09:05,089 [pool-449-thread-1] INFO  server.RaftServerConfigKeys (ConfUtils.java:logGet(43)) - raft.server.log.write.buffer.size = 33554432 (custom)
2019-10-04 08:09:05,090 [pool-449-thread-1] INFO  server.RaftServerConfigKeys (ConfUtils.java:logGet(43)) - raft.server.log.force.sync.num = 128 (default)
2019-10-04 08:09:05,090 [pool-449-thread-1] INFO  server.RaftServerConfigKeys (ConfUtils.java:logGet(43)) - raft.server.log.statemachine.data.sync = true (default)
2019-10-04 08:09:05,090 [pool-449-thread-1] INFO  server.RaftServerConfigKeys (ConfUtils.java:logGet(43)) - raft.server.log.statemachine.data.sync.timeout = 10s (default)
2019-10-04 08:09:05,090 [pool-449-thread-1] INFO  server.RaftServerConfigKeys (ConfUtils.java:logGet(43)) - raft.server.log.statemachine.data.sync.timeout.retry = -1 (default)
2019-10-04 08:09:05,090 [pool-449-thread-1] INFO  server.RaftServerConfigKeys (ConfUtils.java:logGet(43)) - raft.server.log.statemachine.data.caching.enabled = true (custom)
2019-10-04 08:09:05,091 [pool-449-thread-1] INFO  segmented.SegmentedRaftLogWorker (SegmentedRaftLogWorker.java:lambda$new$0(128)) - 42edd144-1281-44cd-8bb0-48942e6c21ea@group-38FDE17B4116-SegmentedRaftLogWorker: flushIndex: setUnconditionally 0 -> -1
2019-10-04 08:09:05,091 [pool-449-thread-1] INFO  server.RaftServerConfigKeys (ConfUtils.java:logGet(43)) - raft.server.snapshot.auto.trigger.enabled = true (custom)
2019-10-04 08:09:05,091 [pool-449-thread-1] INFO  server.RaftServerConfigKeys (ConfUtils.java:logGet(43)) - raft.server.snapshot.auto.trigger.threshold = 10000 (custom)
2019-10-04 08:09:05,091 [pool-449-thread-1] INFO  server.RaftServerConfigKeys (ConfUtils.java:logGet(43)) - raft.server.snapshot.retention.file.num = 5 (custom)
2019-10-04 08:09:05,091 [pool-449-thread-1] INFO  server.RaftServerConfigKeys (ConfUtils.java:logGet(43)) - raft.server.retrycache.expirytime = 600000ms (custom)
2019-10-04 08:09:05,093 [pool-449-thread-1] INFO  impl.RaftServerImpl (RaftServerImpl.java:start(181)) - 42edd144-1281-44cd-8bb0-48942e6c21ea@group-38FDE17B4116: start as a follower, conf=-1: [42edd144-1281-44cd-8bb0-48942e6c21ea:192.168.30.44:37127], old=null
2019-10-04 08:09:05,093 [pool-449-thread-1] INFO  impl.RaftServerImpl (RaftServerImpl.java:setRole(170)) - 42edd144-1281-44cd-8bb0-48942e6c21ea@group-38FDE17B4116: changes role from      null to FOLLOWER at term 0 for startAsFollower
2019-10-04 08:09:05,093 [pool-449-thread-1] INFO  impl.RoleInfo (RoleInfo.java:updateAndGet(143)) - 42edd144-1281-44cd-8bb0-48942e6c21ea: start FollowerState
2019-10-04 08:09:05,093 [pool-449-thread-1] INFO  util.JmxRegister (JmxRegister.java:tryRegister(44)) - Successfully registered JMX Bean with object name Ratis:service=RaftServer,group=group-38FDE17B4116,id=42edd144-1281-44cd-8bb0-48942e6c21ea
2019-10-04 08:09:05,097 [RatisPipelineUtilsThread] INFO  pipeline.PipelineStateManager (PipelineStateManager.java:addPipeline(56)) - Created pipeline Pipeline[ Id: c2397b3b-5714-4d4f-a4c4-38fde17b4116, Nodes: 42edd144-1281-44cd-8bb0-48942e6c21ea{ip: 192.168.30.44, host: pr-hdds-2230-99mx8-1595754997, networkLocation: /default-rack, certSerialId: null}, Type:RATIS, Factor:ONE, State:OPEN]
2019-10-04 08:09:05,105 [main] INFO  ozone.MiniOzoneClusterImpl (MiniOzoneClusterImpl.java:lambda$waitForClusterToBeReady$0(147)) - Waiting for cluster to be ready. Got 6 of 7 DN Heartbeats.
2019-10-04 08:09:05,108 [grpc-default-executor-11] INFO  impl.RaftServerProxy (RaftServerProxy.java:addNew(89)) - 487589ec-ad7e-4ef6-803a-650f69006185: addNew group-826045D778D8:[487589ec-ad7e-4ef6-803a-650f69006185:192.168.30.44:38924] returns group-826045D778D8:java.util.concurrent.CompletableFuture@74144d66[Not completed]
2019-10-04 08:09:05,109 [IPC Server handler 3 on 40959] INFO  net.NetworkTopology (NetworkTopologyImpl.java:add(111)) - Added a new node: /default-rack/426b4f77-b502-47d6-a6eb-a4300ace0f14
2019-10-04 08:09:05,109 [IPC Server handler 3 on 40959] INFO  node.SCMNodeManager (SCMNodeManager.java:register(266)) - Registered Data node : 426b4f77-b502-47d6-a6eb-a4300ace0f14{ip: 192.168.30.44, host: pr-hdds-2230-99mx8-1595754997, networkLocation: /default-rack, certSerialId: null}
2019-10-04 08:09:05,110 [pool-459-thread-1] INFO  impl.RaftServerImpl (RaftServerImpl.java:<init>(95)) - 487589ec-ad7e-4ef6-803a-650f69006185: new RaftServerImpl for group-826045D778D8:[487589ec-ad7e-4ef6-803a-650f69006185:192.168.30.44:38924] with ContainerStateMachine:uninitialized
2019-10-04 08:09:05,110 [pool-459-thread-1] INFO  server.RaftServerConfigKeys (ConfUtils.java:logGet(43)) - raft.server.rpc.timeout.min = 5s (custom)
2019-10-04 08:09:05,110 [pool-459-thread-1] INFO  server.RaftServerConfigKeys (ConfUtils.java:logGet(43)) - raft.server.rpc.timeout.max = 5200ms (custom)
2019-10-04 08:09:05,110 [pool-459-thread-1] INFO  server.RaftServerConfigKeys (ConfUtils.java:logGet(43)) - raft.server.rpcslowness.timeout = 120s (custom)
2019-10-04 08:09:05,110 [pool-459-thread-1] INFO  server.RaftServerConfigKeys (ConfUtils.java:logGet(43)) - raft.server.sleep.deviation.threshold = 300 (default)
2019-10-04 08:09:05,111 [pool-459-thread-1] INFO  server.RaftServerConfigKeys (ConfUtils.java:logGet(43)) - raft.server.log.appender.install.snapshot.enabled = false (custom)
2019-10-04 08:09:05,111 [pool-459-thread-1] INFO  impl.RaftServerImpl (ServerState.java:<init>(103)) - 487589ec-ad7e-4ef6-803a-650f69006185@group-826045D778D8: ConfigurationManager, init=-1: [487589ec-ad7e-4ef6-803a-650f69006185:192.168.30.44:38924], old=null, confs=<EMPTY_MAP>
2019-10-04 08:09:05,111 [pool-459-thread-1] INFO  server.RaftServerConfigKeys (ConfUtils.java:logGet(43)) - raft.server.storage.dir = [/workdir/hadoop-ozone/integration-test/target/test-dir/MiniOzoneClusterImpl-fc615848-cf41-4b62-93ca-35284ed11942/datanode-5/data/ratis] (custom)
2019-10-04 08:09:05,111 [pool-459-thread-1] INFO  server.RaftServerConfigKeys (ConfUtils.java:logGet(43)) - raft.server.log.corruption.policy = EXCEPTION (default)
2019-10-04 08:09:05,112 [pool-459-thread-1] INFO  storage.RaftStorageDirectory (RaftStorageDirectory.java:analyzeStorage(246)) - The storage directory /workdir/hadoop-ozone/integration-test/target/test-dir/MiniOzoneClusterImpl-fc615848-cf41-4b62-93ca-35284ed11942/datanode-5/data/ratis/29522e0c-9b7c-48bc-8096-826045d778d8 does not exist. Creating ...
2019-10-04 08:09:05,136 [pool-459-thread-1] INFO  storage.RaftStorageDirectory (RaftStorageDirectory.java:tryLock(328)) - Lock on /workdir/hadoop-ozone/integration-test/target/test-dir/MiniOzoneClusterImpl-fc615848-cf41-4b62-93ca-35284ed11942/datanode-5/data/ratis/29522e0c-9b7c-48bc-8096-826045d778d8/in_use.lock acquired by nodename 24500@pr-hdds-2230-99mx8-1595754997
2019-10-04 08:09:05,162 [pool-459-thread-1] INFO  storage.RaftStorage (RaftStorage.java:format(84)) - Storage directory /workdir/hadoop-ozone/integration-test/target/test-dir/MiniOzoneClusterImpl-fc615848-cf41-4b62-93ca-35284ed11942/datanode-5/data/ratis/29522e0c-9b7c-48bc-8096-826045d778d8 has been successfully formatted.
2019-10-04 08:09:05,162 [pool-459-thread-1] INFO  ratis.ContainerStateMachine (ContainerStateMachine.java:loadSnapshot(230)) - group-826045D778D8: The snapshot info is null. Setting the last applied indexto:(t:0, i:~)
2019-10-04 08:09:05,162 [pool-459-thread-1] INFO  server.RaftServerConfigKeys (ConfUtils.java:logGet(43)) - raft.server.notification.no-leader.timeout = 120s (custom)
2019-10-04 08:09:05,162 [pool-459-thread-1] INFO  server.RaftServerConfigKeys (ConfUtils.java:logGet(43)) - raft.server.log.use.memory = false (default)
2019-10-04 08:09:05,162 [pool-459-thread-1] INFO  server.RaftServerConfigKeys (ConfUtils.java:logGet(43)) - raft.server.log.purge.gap = 1000000 (custom)
2019-10-04 08:09:05,162 [pool-459-thread-1] INFO  server.RaftServerConfigKeys (ConfUtils.java:logGet(43)) - raft.server.log.appender.buffer.byte-limit = 33554432 (custom)
2019-10-04 08:09:05,163 [pool-459-thread-1] INFO  server.RaftServerConfigKeys (ConfUtils.java:logGet(43)) - raft.server.log.segment.size.max = 1048576 (custom)
2019-10-04 08:09:05,164 [pool-459-thread-1] INFO  server.RaftServerConfigKeys (ConfUtils.java:logGet(43)) - raft.server.log.segment.cache.num.max = 2 (custom)
2019-10-04 08:09:05,165 [pool-459-thread-1] INFO  segmented.SegmentedRaftLogWorker (SegmentedRaftLogWorker.java:<init>(173)) - new 487589ec-ad7e-4ef6-803a-650f69006185@group-826045D778D8-SegmentedRaftLogWorker for RaftStorage:Storage Directory /workdir/hadoop-ozone/integration-test/target/test-dir/MiniOzoneClusterImpl-fc615848-cf41-4b62-93ca-35284ed11942/datanode-5/data/ratis/29522e0c-9b7c-48bc-8096-826045d778d8
2019-10-04 08:09:05,165 [pool-459-thread-1] INFO  server.RaftServerConfigKeys (ConfUtils.java:logGet(43)) - raft.server.log.queue.byte-limit = 2147483647 (custom)
2019-10-04 08:09:05,165 [pool-459-thread-1] INFO  server.RaftServerConfigKeys (ConfUtils.java:logGet(43)) - raft.server.log.queue.element-limit = 1024 (custom)
2019-10-04 08:09:05,165 [pool-459-thread-1] INFO  server.RaftServerConfigKeys (ConfUtils.java:logGet(43)) - raft.server.log.segment.size.max = 1048576 (custom)
2019-10-04 08:09:05,165 [pool-459-thread-1] INFO  server.RaftServerConfigKeys (ConfUtils.java:logGet(43)) - raft.server.log.preallocated.size = 16384 (custom)
2019-10-04 08:09:05,165 [pool-459-thread-1] INFO  server.RaftServerConfigKeys (ConfUtils.java:logGet(43)) - raft.server.log.write.buffer.size = 33554432 (custom)
2019-10-04 08:09:05,165 [pool-459-thread-1] INFO  server.RaftServerConfigKeys (ConfUtils.java:logGet(43)) - raft.server.log.force.sync.num = 128 (default)
2019-10-04 08:09:05,165 [pool-459-thread-1] INFO  server.RaftServerConfigKeys (ConfUtils.java:logGet(43)) - raft.server.log.statemachine.data.sync = true (default)
2019-10-04 08:09:05,166 [pool-459-thread-1] INFO  server.RaftServerConfigKeys (ConfUtils.java:logGet(43)) - raft.server.log.statemachine.data.sync.timeout = 10s (default)
2019-10-04 08:09:05,166 [pool-459-thread-1] INFO  server.RaftServerConfigKeys (ConfUtils.java:logGet(43)) - raft.server.log.statemachine.data.sync.timeout.retry = -1 (default)
2019-10-04 08:09:05,166 [pool-459-thread-1] INFO  server.RaftServerConfigKeys (ConfUtils.java:logGet(43)) - raft.server.log.statemachine.data.caching.enabled = true (custom)
2019-10-04 08:09:05,166 [pool-459-thread-1] INFO  segmented.SegmentedRaftLogWorker (SegmentedRaftLogWorker.java:lambda$new$0(128)) - 487589ec-ad7e-4ef6-803a-650f69006185@group-826045D778D8-SegmentedRaftLogWorker: flushIndex: setUnconditionally 0 -> -1
2019-10-04 08:09:05,167 [pool-459-thread-1] INFO  server.RaftServerConfigKeys (ConfUtils.java:logGet(43)) - raft.server.snapshot.auto.trigger.enabled = true (custom)
2019-10-04 08:09:05,167 [pool-459-thread-1] INFO  server.RaftServerConfigKeys (ConfUtils.java:logGet(43)) - raft.server.snapshot.auto.trigger.threshold = 10000 (custom)
2019-10-04 08:09:05,167 [pool-459-thread-1] INFO  server.RaftServerConfigKeys (ConfUtils.java:logGet(43)) - raft.server.snapshot.retention.file.num = 5 (custom)
2019-10-04 08:09:05,167 [pool-459-thread-1] INFO  server.RaftServerConfigKeys (ConfUtils.java:logGet(43)) - raft.server.retrycache.expirytime = 600000ms (custom)
2019-10-04 08:09:05,169 [pool-459-thread-1] INFO  impl.RaftServerImpl (RaftServerImpl.java:start(181)) - 487589ec-ad7e-4ef6-803a-650f69006185@group-826045D778D8: start as a follower, conf=-1: [487589ec-ad7e-4ef6-803a-650f69006185:192.168.30.44:38924], old=null
2019-10-04 08:09:05,169 [pool-459-thread-1] INFO  impl.RaftServerImpl (RaftServerImpl.java:setRole(170)) - 487589ec-ad7e-4ef6-803a-650f69006185@group-826045D778D8: changes role from      null to FOLLOWER at term 0 for startAsFollower
2019-10-04 08:09:05,169 [pool-459-thread-1] INFO  impl.RoleInfo (RoleInfo.java:updateAndGet(143)) - 487589ec-ad7e-4ef6-803a-650f69006185: start FollowerState
2019-10-04 08:09:05,169 [pool-459-thread-1] INFO  util.JmxRegister (JmxRegister.java:tryRegister(44)) - Successfully registered JMX Bean with object name Ratis:service=RaftServer,group=group-826045D778D8,id=487589ec-ad7e-4ef6-803a-650f69006185
2019-10-04 08:09:05,173 [RatisPipelineUtilsThread] INFO  pipeline.PipelineStateManager (PipelineStateManager.java:addPipeline(56)) - Created pipeline Pipeline[ Id: 29522e0c-9b7c-48bc-8096-826045d778d8, Nodes: 487589ec-ad7e-4ef6-803a-650f69006185{ip: 192.168.30.44, host: pr-hdds-2230-99mx8-1595754997, networkLocation: /default-rack, certSerialId: null}, Type:RATIS, Factor:ONE, State:OPEN]
2019-10-04 08:09:05,183 [grpc-default-executor-11] INFO  impl.RaftServerProxy (RaftServerProxy.java:addNew(89)) - 426b4f77-b502-47d6-a6eb-a4300ace0f14: addNew group-609BE6EAE854:[426b4f77-b502-47d6-a6eb-a4300ace0f14:192.168.30.44:39158] returns group-609BE6EAE854:java.util.concurrent.CompletableFuture@652e4c96[Not completed]
2019-10-04 08:09:05,184 [pool-469-thread-1] INFO  impl.RaftServerImpl (RaftServerImpl.java:<init>(95)) - 426b4f77-b502-47d6-a6eb-a4300ace0f14: new RaftServerImpl for group-609BE6EAE854:[426b4f77-b502-47d6-a6eb-a4300ace0f14:192.168.30.44:39158] with ContainerStateMachine:uninitialized
2019-10-04 08:09:05,184 [pool-469-thread-1] INFO  server.RaftServerConfigKeys (ConfUtils.java:logGet(43)) - raft.server.rpc.timeout.min = 5s (custom)
2019-10-04 08:09:05,184 [pool-469-thread-1] INFO  server.RaftServerConfigKeys (ConfUtils.java:logGet(43)) - raft.server.rpc.timeout.max = 5200ms (custom)
2019-10-04 08:09:05,184 [pool-469-thread-1] INFO  server.RaftServerConfigKeys (ConfUtils.java:logGet(43)) - raft.server.rpcslowness.timeout = 120s (custom)
2019-10-04 08:09:05,185 [pool-469-thread-1] INFO  server.RaftServerConfigKeys (ConfUtils.java:logGet(43)) - raft.server.sleep.deviation.threshold = 300 (default)
2019-10-04 08:09:05,185 [pool-469-thread-1] INFO  server.RaftServerConfigKeys (ConfUtils.java:logGet(43)) - raft.server.log.appender.install.snapshot.enabled = false (custom)
2019-10-04 08:09:05,185 [pool-469-thread-1] INFO  impl.RaftServerImpl (ServerState.java:<init>(103)) - 426b4f77-b502-47d6-a6eb-a4300ace0f14@group-609BE6EAE854: ConfigurationManager, init=-1: [426b4f77-b502-47d6-a6eb-a4300ace0f14:192.168.30.44:39158], old=null, confs=<EMPTY_MAP>
2019-10-04 08:09:05,185 [pool-469-thread-1] INFO  server.RaftServerConfigKeys (ConfUtils.java:logGet(43)) - raft.server.storage.dir = [/workdir/hadoop-ozone/integration-test/target/test-dir/MiniOzoneClusterImpl-fc615848-cf41-4b62-93ca-35284ed11942/datanode-6/data/ratis] (custom)
2019-10-04 08:09:05,185 [pool-469-thread-1] INFO  server.RaftServerConfigKeys (ConfUtils.java:logGet(43)) - raft.server.log.corruption.policy = EXCEPTION (default)
2019-10-04 08:09:05,185 [pool-469-thread-1] INFO  storage.RaftStorageDirectory (RaftStorageDirectory.java:analyzeStorage(246)) - The storage directory /workdir/hadoop-ozone/integration-test/target/test-dir/MiniOzoneClusterImpl-fc615848-cf41-4b62-93ca-35284ed11942/datanode-6/data/ratis/0693ead4-3dfd-4643-b560-609be6eae854 does not exist. Creating ...
2019-10-04 08:09:05,212 [pool-469-thread-1] INFO  storage.RaftStorageDirectory (RaftStorageDirectory.java:tryLock(328)) - Lock on /workdir/hadoop-ozone/integration-test/target/test-dir/MiniOzoneClusterImpl-fc615848-cf41-4b62-93ca-35284ed11942/datanode-6/data/ratis/0693ead4-3dfd-4643-b560-609be6eae854/in_use.lock acquired by nodename 24500@pr-hdds-2230-99mx8-1595754997
2019-10-04 08:09:05,237 [pool-469-thread-1] INFO  storage.RaftStorage (RaftStorage.java:format(84)) - Storage directory /workdir/hadoop-ozone/integration-test/target/test-dir/MiniOzoneClusterImpl-fc615848-cf41-4b62-93ca-35284ed11942/datanode-6/data/ratis/0693ead4-3dfd-4643-b560-609be6eae854 has been successfully formatted.
2019-10-04 08:09:05,238 [pool-469-thread-1] INFO  ratis.ContainerStateMachine (ContainerStateMachine.java:loadSnapshot(230)) - group-609BE6EAE854: The snapshot info is null. Setting the last applied indexto:(t:0, i:~)
2019-10-04 08:09:05,238 [pool-469-thread-1] INFO  server.RaftServerConfigKeys (ConfUtils.java:logGet(43)) - raft.server.notification.no-leader.timeout = 120s (custom)
2019-10-04 08:09:05,238 [pool-469-thread-1] INFO  server.RaftServerConfigKeys (ConfUtils.java:logGet(43)) - raft.server.log.use.memory = false (default)
2019-10-04 08:09:05,238 [pool-469-thread-1] INFO  server.RaftServerConfigKeys (ConfUtils.java:logGet(43)) - raft.server.log.purge.gap = 1000000 (custom)
2019-10-04 08:09:05,238 [pool-469-thread-1] INFO  server.RaftServerConfigKeys (ConfUtils.java:logGet(43)) - raft.server.log.appender.buffer.byte-limit = 33554432 (custom)
2019-10-04 08:09:05,238 [pool-469-thread-1] INFO  server.RaftServerConfigKeys (ConfUtils.java:logGet(43)) - raft.server.log.segment.size.max = 1048576 (custom)
2019-10-04 08:09:05,240 [pool-469-thread-1] INFO  server.RaftServerConfigKeys (ConfUtils.java:logGet(43)) - raft.server.log.segment.cache.num.max = 2 (custom)
2019-10-04 08:09:05,241 [pool-469-thread-1] INFO  segmented.SegmentedRaftLogWorker (SegmentedRaftLogWorker.java:<init>(173)) - new 426b4f77-b502-47d6-a6eb-a4300ace0f14@group-609BE6EAE854-SegmentedRaftLogWorker for RaftStorage:Storage Directory /workdir/hadoop-ozone/integration-test/target/test-dir/MiniOzoneClusterImpl-fc615848-cf41-4b62-93ca-35284ed11942/datanode-6/data/ratis/0693ead4-3dfd-4643-b560-609be6eae854
2019-10-04 08:09:05,241 [pool-469-thread-1] INFO  server.RaftServerConfigKeys (ConfUtils.java:logGet(43)) - raft.server.log.queue.byte-limit = 2147483647 (custom)
2019-10-04 08:09:05,241 [pool-469-thread-1] INFO  server.RaftServerConfigKeys (ConfUtils.java:logGet(43)) - raft.server.log.queue.element-limit = 1024 (custom)
2019-10-04 08:09:05,241 [pool-469-thread-1] INFO  server.RaftServerConfigKeys (ConfUtils.java:logGet(43)) - raft.server.log.segment.size.max = 1048576 (custom)
2019-10-04 08:09:05,241 [pool-469-thread-1] INFO  server.RaftServerConfigKeys (ConfUtils.java:logGet(43)) - raft.server.log.preallocated.size = 16384 (custom)
2019-10-04 08:09:05,241 [pool-469-thread-1] INFO  server.RaftServerConfigKeys (ConfUtils.java:logGet(43)) - raft.server.log.write.buffer.size = 33554432 (custom)
2019-10-04 08:09:05,241 [pool-469-thread-1] INFO  server.RaftServerConfigKeys (ConfUtils.java:logGet(43)) - raft.server.log.force.sync.num = 128 (default)
2019-10-04 08:09:05,241 [pool-469-thread-1] INFO  server.RaftServerConfigKeys (ConfUtils.java:logGet(43)) - raft.server.log.statemachine.data.sync = true (default)
2019-10-04 08:09:05,242 [pool-469-thread-1] INFO  server.RaftServerConfigKeys (ConfUtils.java:logGet(43)) - raft.server.log.statemachine.data.sync.timeout = 10s (default)
2019-10-04 08:09:05,242 [pool-469-thread-1] INFO  server.RaftServerConfigKeys (ConfUtils.java:logGet(43)) - raft.server.log.statemachine.data.sync.timeout.retry = -1 (default)
2019-10-04 08:09:05,242 [pool-469-thread-1] INFO  server.RaftServerConfigKeys (ConfUtils.java:logGet(43)) - raft.server.log.statemachine.data.caching.enabled = true (custom)
2019-10-04 08:09:05,242 [pool-469-thread-1] INFO  segmented.SegmentedRaftLogWorker (SegmentedRaftLogWorker.java:lambda$new$0(128)) - 426b4f77-b502-47d6-a6eb-a4300ace0f14@group-609BE6EAE854-SegmentedRaftLogWorker: flushIndex: setUnconditionally 0 -> -1
2019-10-04 08:09:05,243 [pool-469-thread-1] INFO  server.RaftServerConfigKeys (ConfUtils.java:logGet(43)) - raft.server.snapshot.auto.trigger.enabled = true (custom)
2019-10-04 08:09:05,243 [pool-469-thread-1] INFO  server.RaftServerConfigKeys (ConfUtils.java:logGet(43)) - raft.server.snapshot.auto.trigger.threshold = 10000 (custom)
2019-10-04 08:09:05,243 [pool-469-thread-1] INFO  server.RaftServerConfigKeys (ConfUtils.java:logGet(43)) - raft.server.snapshot.retention.file.num = 5 (custom)
2019-10-04 08:09:05,243 [pool-469-thread-1] INFO  server.RaftServerConfigKeys (ConfUtils.java:logGet(43)) - raft.server.retrycache.expirytime = 600000ms (custom)
2019-10-04 08:09:05,245 [pool-469-thread-1] INFO  impl.RaftServerImpl (RaftServerImpl.java:start(181)) - 426b4f77-b502-47d6-a6eb-a4300ace0f14@group-609BE6EAE854: start as a follower, conf=-1: [426b4f77-b502-47d6-a6eb-a4300ace0f14:192.168.30.44:39158], old=null
2019-10-04 08:09:05,245 [pool-469-thread-1] INFO  impl.RaftServerImpl (RaftServerImpl.java:setRole(170)) - 426b4f77-b502-47d6-a6eb-a4300ace0f14@group-609BE6EAE854: changes role from      null to FOLLOWER at term 0 for startAsFollower
2019-10-04 08:09:05,245 [pool-469-thread-1] INFO  impl.RoleInfo (RoleInfo.java:updateAndGet(143)) - 426b4f77-b502-47d6-a6eb-a4300ace0f14: start FollowerState
2019-10-04 08:09:05,245 [pool-469-thread-1] INFO  util.JmxRegister (JmxRegister.java:tryRegister(44)) - Successfully registered JMX Bean with object name Ratis:service=RaftServer,group=group-609BE6EAE854,id=426b4f77-b502-47d6-a6eb-a4300ace0f14
2019-10-04 08:09:05,249 [RatisPipelineUtilsThread] INFO  pipeline.PipelineStateManager (PipelineStateManager.java:addPipeline(56)) - Created pipeline Pipeline[ Id: 0693ead4-3dfd-4643-b560-609be6eae854, Nodes: 426b4f77-b502-47d6-a6eb-a4300ace0f14{ip: 192.168.30.44, host: pr-hdds-2230-99mx8-1595754997, networkLocation: /default-rack, certSerialId: null}, Type:RATIS, Factor:ONE, State:OPEN]
2019-10-04 08:09:05,269 [grpc-default-executor-6] INFO  impl.RaftServerProxy (RaftServerProxy.java:addNew(89)) - b604db3c-4fe1-481b-b03b-67d8cedf9bac: addNew group-8BA8EA3E883D:[42edd144-1281-44cd-8bb0-48942e6c21ea:192.168.30.44:37127, b604db3c-4fe1-481b-b03b-67d8cedf9bac:192.168.30.44:42232, 487589ec-ad7e-4ef6-803a-650f69006185:192.168.30.44:38924] returns group-8BA8EA3E883D:java.util.concurrent.CompletableFuture@1dd8a971[Not completed]
2019-10-04 08:09:05,271 [grpc-default-executor-12] INFO  impl.RaftServerProxy (RaftServerProxy.java:addNew(89)) - 487589ec-ad7e-4ef6-803a-650f69006185: addNew group-8BA8EA3E883D:[42edd144-1281-44cd-8bb0-48942e6c21ea:192.168.30.44:37127, b604db3c-4fe1-481b-b03b-67d8cedf9bac:192.168.30.44:42232, 487589ec-ad7e-4ef6-803a-650f69006185:192.168.30.44:38924] returns group-8BA8EA3E883D:java.util.concurrent.CompletableFuture@2ca72492[Not completed]
2019-10-04 08:09:05,274 [grpc-default-executor-6] INFO  impl.RaftServerProxy (RaftServerProxy.java:addNew(89)) - 42edd144-1281-44cd-8bb0-48942e6c21ea: addNew group-8BA8EA3E883D:[42edd144-1281-44cd-8bb0-48942e6c21ea:192.168.30.44:37127, b604db3c-4fe1-481b-b03b-67d8cedf9bac:192.168.30.44:42232, 487589ec-ad7e-4ef6-803a-650f69006185:192.168.30.44:38924] returns group-8BA8EA3E883D:java.util.concurrent.CompletableFuture@3cb1ad0d[Not completed]
2019-10-04 08:09:05,275 [pool-419-thread-1] INFO  impl.RaftServerImpl (RaftServerImpl.java:<init>(95)) - b604db3c-4fe1-481b-b03b-67d8cedf9bac: new RaftServerImpl for group-8BA8EA3E883D:[42edd144-1281-44cd-8bb0-48942e6c21ea:192.168.30.44:37127, b604db3c-4fe1-481b-b03b-67d8cedf9bac:192.168.30.44:42232, 487589ec-ad7e-4ef6-803a-650f69006185:192.168.30.44:38924] with ContainerStateMachine:uninitialized
2019-10-04 08:09:05,275 [pool-419-thread-1] INFO  server.RaftServerConfigKeys (ConfUtils.java:logGet(43)) - raft.server.rpc.timeout.min = 5s (custom)
2019-10-04 08:09:05,275 [pool-419-thread-1] INFO  server.RaftServerConfigKeys (ConfUtils.java:logGet(43)) - raft.server.rpc.timeout.max = 5200ms (custom)
2019-10-04 08:09:05,275 [pool-419-thread-1] INFO  server.RaftServerConfigKeys (ConfUtils.java:logGet(43)) - raft.server.rpcslowness.timeout = 120s (custom)
2019-10-04 08:09:05,275 [pool-419-thread-1] INFO  server.RaftServerConfigKeys (ConfUtils.java:logGet(43)) - raft.server.sleep.deviation.threshold = 300 (default)
2019-10-04 08:09:05,275 [pool-449-thread-1] INFO  impl.RaftServerImpl (RaftServerImpl.java:<init>(95)) - 42edd144-1281-44cd-8bb0-48942e6c21ea: new RaftServerImpl for group-8BA8EA3E883D:[42edd144-1281-44cd-8bb0-48942e6c21ea:192.168.30.44:37127, b604db3c-4fe1-481b-b03b-67d8cedf9bac:192.168.30.44:42232, 487589ec-ad7e-4ef6-803a-650f69006185:192.168.30.44:38924] with ContainerStateMachine:uninitialized
2019-10-04 08:09:05,275 [pool-419-thread-1] INFO  server.RaftServerConfigKeys (ConfUtils.java:logGet(43)) - raft.server.log.appender.install.snapshot.enabled = false (custom)
2019-10-04 08:09:05,276 [pool-449-thread-1] INFO  server.RaftServerConfigKeys (ConfUtils.java:logGet(43)) - raft.server.rpc.timeout.min = 5s (custom)
2019-10-04 08:09:05,276 [pool-419-thread-1] INFO  impl.RaftServerImpl (ServerState.java:<init>(103)) - b604db3c-4fe1-481b-b03b-67d8cedf9bac@group-8BA8EA3E883D: ConfigurationManager, init=-1: [42edd144-1281-44cd-8bb0-48942e6c21ea:192.168.30.44:37127, b604db3c-4fe1-481b-b03b-67d8cedf9bac:192.168.30.44:42232, 487589ec-ad7e-4ef6-803a-650f69006185:192.168.30.44:38924], old=null, confs=<EMPTY_MAP>
2019-10-04 08:09:05,276 [pool-449-thread-1] INFO  server.RaftServerConfigKeys (ConfUtils.java:logGet(43)) - raft.server.rpc.timeout.max = 5200ms (custom)
2019-10-04 08:09:05,276 [pool-419-thread-1] INFO  server.RaftServerConfigKeys (ConfUtils.java:logGet(43)) - raft.server.storage.dir = [/workdir/hadoop-ozone/integration-test/target/test-dir/MiniOzoneClusterImpl-fc615848-cf41-4b62-93ca-35284ed11942/datanode-1/data/ratis] (custom)
2019-10-04 08:09:05,276 [pool-459-thread-1] INFO  impl.RaftServerImpl (RaftServerImpl.java:<init>(95)) - 487589ec-ad7e-4ef6-803a-650f69006185: new RaftServerImpl for group-8BA8EA3E883D:[42edd144-1281-44cd-8bb0-48942e6c21ea:192.168.30.44:37127, b604db3c-4fe1-481b-b03b-67d8cedf9bac:192.168.30.44:42232, 487589ec-ad7e-4ef6-803a-650f69006185:192.168.30.44:38924] with ContainerStateMachine:uninitialized
2019-10-04 08:09:05,276 [pool-449-thread-1] INFO  server.RaftServerConfigKeys (ConfUtils.java:logGet(43)) - raft.server.rpcslowness.timeout = 120s (custom)
2019-10-04 08:09:05,276 [pool-419-thread-1] INFO  server.RaftServerConfigKeys (ConfUtils.java:logGet(43)) - raft.server.log.corruption.policy = EXCEPTION (default)
2019-10-04 08:09:05,276 [pool-459-thread-1] INFO  server.RaftServerConfigKeys (ConfUtils.java:logGet(43)) - raft.server.rpc.timeout.min = 5s (custom)
2019-10-04 08:09:05,277 [pool-419-thread-1] INFO  storage.RaftStorageDirectory (RaftStorageDirectory.java:analyzeStorage(246)) - The storage directory /workdir/hadoop-ozone/integration-test/target/test-dir/MiniOzoneClusterImpl-fc615848-cf41-4b62-93ca-35284ed11942/datanode-1/data/ratis/98748278-b6e9-4f62-9f77-8ba8ea3e883d does not exist. Creating ...
2019-10-04 08:09:05,276 [pool-449-thread-1] INFO  server.RaftServerConfigKeys (ConfUtils.java:logGet(43)) - raft.server.sleep.deviation.threshold = 300 (default)
2019-10-04 08:09:05,277 [pool-459-thread-1] INFO  server.RaftServerConfigKeys (ConfUtils.java:logGet(43)) - raft.server.rpc.timeout.max = 5200ms (custom)
2019-10-04 08:09:05,277 [pool-449-thread-1] INFO  server.RaftServerConfigKeys (ConfUtils.java:logGet(43)) - raft.server.log.appender.install.snapshot.enabled = false (custom)
2019-10-04 08:09:05,277 [pool-459-thread-1] INFO  server.RaftServerConfigKeys (ConfUtils.java:logGet(43)) - raft.server.rpcslowness.timeout = 120s (custom)
2019-10-04 08:09:05,277 [pool-449-thread-1] INFO  impl.RaftServerImpl (ServerState.java:<init>(103)) - 42edd144-1281-44cd-8bb0-48942e6c21ea@group-8BA8EA3E883D: ConfigurationManager, init=-1: [42edd144-1281-44cd-8bb0-48942e6c21ea:192.168.30.44:37127, b604db3c-4fe1-481b-b03b-67d8cedf9bac:192.168.30.44:42232, 487589ec-ad7e-4ef6-803a-650f69006185:192.168.30.44:38924], old=null, confs=<EMPTY_MAP>
2019-10-04 08:09:05,277 [pool-459-thread-1] INFO  server.RaftServerConfigKeys (ConfUtils.java:logGet(43)) - raft.server.sleep.deviation.threshold = 300 (default)
2019-10-04 08:09:05,277 [pool-449-thread-1] INFO  server.RaftServerConfigKeys (ConfUtils.java:logGet(43)) - raft.server.storage.dir = [/workdir/hadoop-ozone/integration-test/target/test-dir/MiniOzoneClusterImpl-fc615848-cf41-4b62-93ca-35284ed11942/datanode-4/data/ratis] (custom)
2019-10-04 08:09:05,277 [pool-459-thread-1] INFO  server.RaftServerConfigKeys (ConfUtils.java:logGet(43)) - raft.server.log.appender.install.snapshot.enabled = false (custom)
2019-10-04 08:09:05,278 [pool-449-thread-1] INFO  server.RaftServerConfigKeys (ConfUtils.java:logGet(43)) - raft.server.log.corruption.policy = EXCEPTION (default)
2019-10-04 08:09:05,278 [pool-459-thread-1] INFO  impl.RaftServerImpl (ServerState.java:<init>(103)) - 487589ec-ad7e-4ef6-803a-650f69006185@group-8BA8EA3E883D: ConfigurationManager, init=-1: [42edd144-1281-44cd-8bb0-48942e6c21ea:192.168.30.44:37127, b604db3c-4fe1-481b-b03b-67d8cedf9bac:192.168.30.44:42232, 487589ec-ad7e-4ef6-803a-650f69006185:192.168.30.44:38924], old=null, confs=<EMPTY_MAP>
2019-10-04 08:09:05,278 [pool-449-thread-1] INFO  storage.RaftStorageDirectory (RaftStorageDirectory.java:analyzeStorage(246)) - The storage directory /workdir/hadoop-ozone/integration-test/target/test-dir/MiniOzoneClusterImpl-fc615848-cf41-4b62-93ca-35284ed11942/datanode-4/data/ratis/98748278-b6e9-4f62-9f77-8ba8ea3e883d does not exist. Creating ...
2019-10-04 08:09:05,278 [pool-459-thread-1] INFO  server.RaftServerConfigKeys (ConfUtils.java:logGet(43)) - raft.server.storage.dir = [/workdir/hadoop-ozone/integration-test/target/test-dir/MiniOzoneClusterImpl-fc615848-cf41-4b62-93ca-35284ed11942/datanode-5/data/ratis] (custom)
2019-10-04 08:09:05,278 [pool-459-thread-1] INFO  server.RaftServerConfigKeys (ConfUtils.java:logGet(43)) - raft.server.log.corruption.policy = EXCEPTION (default)
2019-10-04 08:09:05,279 [pool-459-thread-1] INFO  storage.RaftStorageDirectory (RaftStorageDirectory.java:analyzeStorage(246)) - The storage directory /workdir/hadoop-ozone/integration-test/target/test-dir/MiniOzoneClusterImpl-fc615848-cf41-4b62-93ca-35284ed11942/datanode-5/data/ratis/98748278-b6e9-4f62-9f77-8ba8ea3e883d does not exist. Creating ...
2019-10-04 08:09:05,305 [pool-419-thread-1] INFO  storage.RaftStorageDirectory (RaftStorageDirectory.java:tryLock(328)) - Lock on /workdir/hadoop-ozone/integration-test/target/test-dir/MiniOzoneClusterImpl-fc615848-cf41-4b62-93ca-35284ed11942/datanode-1/data/ratis/98748278-b6e9-4f62-9f77-8ba8ea3e883d/in_use.lock acquired by nodename 24500@pr-hdds-2230-99mx8-1595754997
2019-10-04 08:09:05,305 [pool-449-thread-1] INFO  storage.RaftStorageDirectory (RaftStorageDirectory.java:tryLock(328)) - Lock on /workdir/hadoop-ozone/integration-test/target/test-dir/MiniOzoneClusterImpl-fc615848-cf41-4b62-93ca-35284ed11942/datanode-4/data/ratis/98748278-b6e9-4f62-9f77-8ba8ea3e883d/in_use.lock acquired by nodename 24500@pr-hdds-2230-99mx8-1595754997
2019-10-04 08:09:05,305 [pool-459-thread-1] INFO  storage.RaftStorageDirectory (RaftStorageDirectory.java:tryLock(328)) - Lock on /workdir/hadoop-ozone/integration-test/target/test-dir/MiniOzoneClusterImpl-fc615848-cf41-4b62-93ca-35284ed11942/datanode-5/data/ratis/98748278-b6e9-4f62-9f77-8ba8ea3e883d/in_use.lock acquired by nodename 24500@pr-hdds-2230-99mx8-1595754997
2019-10-04 08:09:05,339 [pool-419-thread-1] INFO  storage.RaftStorage (RaftStorage.java:format(84)) - Storage directory /workdir/hadoop-ozone/integration-test/target/test-dir/MiniOzoneClusterImpl-fc615848-cf41-4b62-93ca-35284ed11942/datanode-1/data/ratis/98748278-b6e9-4f62-9f77-8ba8ea3e883d has been successfully formatted.
2019-10-04 08:09:05,339 [pool-449-thread-1] INFO  storage.RaftStorage (RaftStorage.java:format(84)) - Storage directory /workdir/hadoop-ozone/integration-test/target/test-dir/MiniOzoneClusterImpl-fc615848-cf41-4b62-93ca-35284ed11942/datanode-4/data/ratis/98748278-b6e9-4f62-9f77-8ba8ea3e883d has been successfully formatted.
2019-10-04 08:09:05,339 [pool-459-thread-1] INFO  storage.RaftStorage (RaftStorage.java:format(84)) - Storage directory /workdir/hadoop-ozone/integration-test/target/test-dir/MiniOzoneClusterImpl-fc615848-cf41-4b62-93ca-35284ed11942/datanode-5/data/ratis/98748278-b6e9-4f62-9f77-8ba8ea3e883d has been successfully formatted.
2019-10-04 08:09:05,340 [pool-449-thread-1] INFO  ratis.ContainerStateMachine (ContainerStateMachine.java:loadSnapshot(230)) - group-8BA8EA3E883D: The snapshot info is null. Setting the last applied indexto:(t:0, i:~)
2019-10-04 08:09:05,339 [pool-419-thread-1] INFO  ratis.ContainerStateMachine (ContainerStateMachine.java:loadSnapshot(230)) - group-8BA8EA3E883D: The snapshot info is null. Setting the last applied indexto:(t:0, i:~)
2019-10-04 08:09:05,340 [pool-449-thread-1] INFO  server.RaftServerConfigKeys (ConfUtils.java:logGet(43)) - raft.server.notification.no-leader.timeout = 120s (custom)
2019-10-04 08:09:05,340 [pool-459-thread-1] INFO  ratis.ContainerStateMachine (ContainerStateMachine.java:loadSnapshot(230)) - group-8BA8EA3E883D: The snapshot info is null. Setting the last applied indexto:(t:0, i:~)
2019-10-04 08:09:05,340 [pool-449-thread-1] INFO  server.RaftServerConfigKeys (ConfUtils.java:logGet(43)) - raft.server.log.use.memory = false (default)
2019-10-04 08:09:05,340 [pool-419-thread-1] INFO  server.RaftServerConfigKeys (ConfUtils.java:logGet(43)) - raft.server.notification.no-leader.timeout = 120s (custom)
2019-10-04 08:09:05,340 [pool-449-thread-1] INFO  server.RaftServerConfigKeys (ConfUtils.java:logGet(43)) - raft.server.log.purge.gap = 1000000 (custom)
2019-10-04 08:09:05,340 [pool-459-thread-1] INFO  server.RaftServerConfigKeys (ConfUtils.java:logGet(43)) - raft.server.notification.no-leader.timeout = 120s (custom)
2019-10-04 08:09:05,340 [pool-449-thread-1] INFO  server.RaftServerConfigKeys (ConfUtils.java:logGet(43)) - raft.server.log.appender.buffer.byte-limit = 33554432 (custom)
2019-10-04 08:09:05,340 [pool-419-thread-1] INFO  server.RaftServerConfigKeys (ConfUtils.java:logGet(43)) - raft.server.log.use.memory = false (default)
2019-10-04 08:09:05,341 [pool-449-thread-1] INFO  server.RaftServerConfigKeys (ConfUtils.java:logGet(43)) - raft.server.log.segment.size.max = 1048576 (custom)
2019-10-04 08:09:05,340 [pool-459-thread-1] INFO  server.RaftServerConfigKeys (ConfUtils.java:logGet(43)) - raft.server.log.use.memory = false (default)
2019-10-04 08:09:05,341 [pool-449-thread-1] INFO  server.RaftServerConfigKeys (ConfUtils.java:logGet(43)) - raft.server.log.segment.cache.num.max = 2 (custom)
2019-10-04 08:09:05,341 [pool-419-thread-1] INFO  server.RaftServerConfigKeys (ConfUtils.java:logGet(43)) - raft.server.log.purge.gap = 1000000 (custom)
2019-10-04 08:09:05,341 [pool-449-thread-1] INFO  segmented.SegmentedRaftLogWorker (SegmentedRaftLogWorker.java:<init>(173)) - new 42edd144-1281-44cd-8bb0-48942e6c21ea@group-8BA8EA3E883D-SegmentedRaftLogWorker for RaftStorage:Storage Directory /workdir/hadoop-ozone/integration-test/target/test-dir/MiniOzoneClusterImpl-fc615848-cf41-4b62-93ca-35284ed11942/datanode-4/data/ratis/98748278-b6e9-4f62-9f77-8ba8ea3e883d
2019-10-04 08:09:05,341 [pool-459-thread-1] INFO  server.RaftServerConfigKeys (ConfUtils.java:logGet(43)) - raft.server.log.purge.gap = 1000000 (custom)
2019-10-04 08:09:05,341 [pool-449-thread-1] INFO  server.RaftServerConfigKeys (ConfUtils.java:logGet(43)) - raft.server.log.queue.byte-limit = 2147483647 (custom)
2019-10-04 08:09:05,341 [pool-419-thread-1] INFO  server.RaftServerConfigKeys (ConfUtils.java:logGet(43)) - raft.server.log.appender.buffer.byte-limit = 33554432 (custom)
2019-10-04 08:09:05,342 [pool-449-thread-1] INFO  server.RaftServerConfigKeys (ConfUtils.java:logGet(43)) - raft.server.log.queue.element-limit = 1024 (custom)
2019-10-04 08:09:05,341 [pool-459-thread-1] INFO  server.RaftServerConfigKeys (ConfUtils.java:logGet(43)) - raft.server.log.appender.buffer.byte-limit = 33554432 (custom)
2019-10-04 08:09:05,342 [pool-449-thread-1] INFO  server.RaftServerConfigKeys (ConfUtils.java:logGet(43)) - raft.server.log.segment.size.max = 1048576 (custom)
2019-10-04 08:09:05,342 [pool-449-thread-1] INFO  server.RaftServerConfigKeys (ConfUtils.java:logGet(43)) - raft.server.log.preallocated.size = 16384 (custom)
2019-10-04 08:09:05,342 [pool-419-thread-1] INFO  server.RaftServerConfigKeys (ConfUtils.java:logGet(43)) - raft.server.log.segment.size.max = 1048576 (custom)
2019-10-04 08:09:05,342 [pool-449-thread-1] INFO  server.RaftServerConfigKeys (ConfUtils.java:logGet(43)) - raft.server.log.write.buffer.size = 33554432 (custom)
2019-10-04 08:09:05,342 [pool-459-thread-1] INFO  server.RaftServerConfigKeys (ConfUtils.java:logGet(43)) - raft.server.log.segment.size.max = 1048576 (custom)
2019-10-04 08:09:05,342 [pool-449-thread-1] INFO  server.RaftServerConfigKeys (ConfUtils.java:logGet(43)) - raft.server.log.force.sync.num = 128 (default)
2019-10-04 08:09:05,342 [pool-419-thread-1] INFO  server.RaftServerConfigKeys (ConfUtils.java:logGet(43)) - raft.server.log.segment.cache.num.max = 2 (custom)
2019-10-04 08:09:05,343 [pool-449-thread-1] INFO  server.RaftServerConfigKeys (ConfUtils.java:logGet(43)) - raft.server.log.statemachine.data.sync = true (default)
2019-10-04 08:09:05,342 [pool-459-thread-1] INFO  server.RaftServerConfigKeys (ConfUtils.java:logGet(43)) - raft.server.log.segment.cache.num.max = 2 (custom)
2019-10-04 08:09:05,343 [pool-449-thread-1] INFO  server.RaftServerConfigKeys (ConfUtils.java:logGet(43)) - raft.server.log.statemachine.data.sync.timeout = 10s (default)
2019-10-04 08:09:05,343 [pool-449-thread-1] INFO  server.RaftServerConfigKeys (ConfUtils.java:logGet(43)) - raft.server.log.statemachine.data.sync.timeout.retry = -1 (default)
2019-10-04 08:09:05,343 [pool-419-thread-1] INFO  segmented.SegmentedRaftLogWorker (SegmentedRaftLogWorker.java:<init>(173)) - new b604db3c-4fe1-481b-b03b-67d8cedf9bac@group-8BA8EA3E883D-SegmentedRaftLogWorker for RaftStorage:Storage Directory /workdir/hadoop-ozone/integration-test/target/test-dir/MiniOzoneClusterImpl-fc615848-cf41-4b62-93ca-35284ed11942/datanode-1/data/ratis/98748278-b6e9-4f62-9f77-8ba8ea3e883d
2019-10-04 08:09:05,343 [pool-449-thread-1] INFO  server.RaftServerConfigKeys (ConfUtils.java:logGet(43)) - raft.server.log.statemachine.data.caching.enabled = true (custom)
2019-10-04 08:09:05,343 [pool-459-thread-1] INFO  segmented.SegmentedRaftLogWorker (SegmentedRaftLogWorker.java:<init>(173)) - new 487589ec-ad7e-4ef6-803a-650f69006185@group-8BA8EA3E883D-SegmentedRaftLogWorker for RaftStorage:Storage Directory /workdir/hadoop-ozone/integration-test/target/test-dir/MiniOzoneClusterImpl-fc615848-cf41-4b62-93ca-35284ed11942/datanode-5/data/ratis/98748278-b6e9-4f62-9f77-8ba8ea3e883d
2019-10-04 08:09:05,343 [pool-419-thread-1] INFO  server.RaftServerConfigKeys (ConfUtils.java:logGet(43)) - raft.server.log.queue.byte-limit = 2147483647 (custom)
2019-10-04 08:09:05,344 [pool-449-thread-1] INFO  segmented.SegmentedRaftLogWorker (SegmentedRaftLogWorker.java:lambda$new$0(128)) - 42edd144-1281-44cd-8bb0-48942e6c21ea@group-8BA8EA3E883D-SegmentedRaftLogWorker: flushIndex: setUnconditionally 0 -> -1
2019-10-04 08:09:05,343 [pool-459-thread-1] INFO  server.RaftServerConfigKeys (ConfUtils.java:logGet(43)) - raft.server.log.queue.byte-limit = 2147483647 (custom)
2019-10-04 08:09:05,344 [pool-419-thread-1] INFO  server.RaftServerConfigKeys (ConfUtils.java:logGet(43)) - raft.server.log.queue.element-limit = 1024 (custom)
2019-10-04 08:09:05,344 [pool-449-thread-1] INFO  server.RaftServerConfigKeys (ConfUtils.java:logGet(43)) - raft.server.snapshot.auto.trigger.enabled = true (custom)
2019-10-04 08:09:05,344 [pool-459-thread-1] INFO  server.RaftServerConfigKeys (ConfUtils.java:logGet(43)) - raft.server.log.queue.element-limit = 1024 (custom)
2019-10-04 08:09:05,344 [pool-449-thread-1] INFO  server.RaftServerConfigKeys (ConfUtils.java:logGet(43)) - raft.server.snapshot.auto.trigger.threshold = 10000 (custom)
2019-10-04 08:09:05,344 [pool-419-thread-1] INFO  server.RaftServerConfigKeys (ConfUtils.java:logGet(43)) - raft.server.log.segment.size.max = 1048576 (custom)
2019-10-04 08:09:05,344 [pool-449-thread-1] INFO  server.RaftServerConfigKeys (ConfUtils.java:logGet(43)) - raft.server.snapshot.retention.file.num = 5 (custom)
2019-10-04 08:09:05,344 [pool-459-thread-1] INFO  server.RaftServerConfigKeys (ConfUtils.java:logGet(43)) - raft.server.log.segment.size.max = 1048576 (custom)
2019-10-04 08:09:05,344 [pool-449-thread-1] INFO  server.RaftServerConfigKeys (ConfUtils.java:logGet(43)) - raft.server.retrycache.expirytime = 600000ms (custom)
2019-10-04 08:09:05,344 [pool-419-thread-1] INFO  server.RaftServerConfigKeys (ConfUtils.java:logGet(43)) - raft.server.log.preallocated.size = 16384 (custom)
2019-10-04 08:09:05,344 [pool-459-thread-1] INFO  server.RaftServerConfigKeys (ConfUtils.java:logGet(43)) - raft.server.log.preallocated.size = 16384 (custom)
2019-10-04 08:09:05,345 [pool-419-thread-1] INFO  server.RaftServerConfigKeys (ConfUtils.java:logGet(43)) - raft.server.log.write.buffer.size = 33554432 (custom)
2019-10-04 08:09:05,345 [pool-459-thread-1] INFO  server.RaftServerConfigKeys (ConfUtils.java:logGet(43)) - raft.server.log.write.buffer.size = 33554432 (custom)
2019-10-04 08:09:05,345 [pool-419-thread-1] INFO  server.RaftServerConfigKeys (ConfUtils.java:logGet(43)) - raft.server.log.force.sync.num = 128 (default)
2019-10-04 08:09:05,345 [pool-459-thread-1] INFO  server.RaftServerConfigKeys (ConfUtils.java:logGet(43)) - raft.server.log.force.sync.num = 128 (default)
2019-10-04 08:09:05,345 [pool-419-thread-1] INFO  server.RaftServerConfigKeys (ConfUtils.java:logGet(43)) - raft.server.log.statemachine.data.sync = true (default)
2019-10-04 08:09:05,345 [pool-459-thread-1] INFO  server.RaftServerConfigKeys (ConfUtils.java:logGet(43)) - raft.server.log.statemachine.data.sync = true (default)
2019-10-04 08:09:05,345 [pool-419-thread-1] INFO  server.RaftServerConfigKeys (ConfUtils.java:logGet(43)) - raft.server.log.statemachine.data.sync.timeout = 10s (default)
2019-10-04 08:09:05,345 [pool-459-thread-1] INFO  server.RaftServerConfigKeys (ConfUtils.java:logGet(43)) - raft.server.log.statemachine.data.sync.timeout = 10s (default)
2019-10-04 08:09:05,345 [pool-419-thread-1] INFO  server.RaftServerConfigKeys (ConfUtils.java:logGet(43)) - raft.server.log.statemachine.data.sync.timeout.retry = -1 (default)
2019-10-04 08:09:05,346 [pool-459-thread-1] INFO  server.RaftServerConfigKeys (ConfUtils.java:logGet(43)) - raft.server.log.statemachine.data.sync.timeout.retry = -1 (default)
2019-10-04 08:09:05,346 [pool-419-thread-1] INFO  server.RaftServerConfigKeys (ConfUtils.java:logGet(43)) - raft.server.log.statemachine.data.caching.enabled = true (custom)
2019-10-04 08:09:05,346 [pool-459-thread-1] INFO  server.RaftServerConfigKeys (ConfUtils.java:logGet(43)) - raft.server.log.statemachine.data.caching.enabled = true (custom)
2019-10-04 08:09:05,346 [pool-419-thread-1] INFO  segmented.SegmentedRaftLogWorker (SegmentedRaftLogWorker.java:lambda$new$0(128)) - b604db3c-4fe1-481b-b03b-67d8cedf9bac@group-8BA8EA3E883D-SegmentedRaftLogWorker: flushIndex: setUnconditionally 0 -> -1
2019-10-04 08:09:05,346 [pool-459-thread-1] INFO  segmented.SegmentedRaftLogWorker (SegmentedRaftLogWorker.java:lambda$new$0(128)) - 487589ec-ad7e-4ef6-803a-650f69006185@group-8BA8EA3E883D-SegmentedRaftLogWorker: flushIndex: setUnconditionally 0 -> -1
2019-10-04 08:09:05,346 [pool-419-thread-1] INFO  server.RaftServerConfigKeys (ConfUtils.java:logGet(43)) - raft.server.snapshot.auto.trigger.enabled = true (custom)
2019-10-04 08:09:05,346 [pool-419-thread-1] INFO  server.RaftServerConfigKeys (ConfUtils.java:logGet(43)) - raft.server.snapshot.auto.trigger.threshold = 10000 (custom)
2019-10-04 08:09:05,346 [pool-459-thread-1] INFO  server.RaftServerConfigKeys (ConfUtils.java:logGet(43)) - raft.server.snapshot.auto.trigger.enabled = true (custom)
2019-10-04 08:09:05,346 [pool-419-thread-1] INFO  server.RaftServerConfigKeys (ConfUtils.java:logGet(43)) - raft.server.snapshot.retention.file.num = 5 (custom)
2019-10-04 08:09:05,346 [pool-449-thread-1] INFO  impl.RaftServerImpl (RaftServerImpl.java:start(181)) - 42edd144-1281-44cd-8bb0-48942e6c21ea@group-8BA8EA3E883D: start as a follower, conf=-1: [42edd144-1281-44cd-8bb0-48942e6c21ea:192.168.30.44:37127, b604db3c-4fe1-481b-b03b-67d8cedf9bac:192.168.30.44:42232, 487589ec-ad7e-4ef6-803a-650f69006185:192.168.30.44:38924], old=null
2019-10-04 08:09:05,347 [pool-419-thread-1] INFO  server.RaftServerConfigKeys (ConfUtils.java:logGet(43)) - raft.server.retrycache.expirytime = 600000ms (custom)
2019-10-04 08:09:05,347 [pool-459-thread-1] INFO  server.RaftServerConfigKeys (ConfUtils.java:logGet(43)) - raft.server.snapshot.auto.trigger.threshold = 10000 (custom)
2019-10-04 08:09:05,347 [pool-449-thread-1] INFO  impl.RaftServerImpl (RaftServerImpl.java:setRole(170)) - 42edd144-1281-44cd-8bb0-48942e6c21ea@group-8BA8EA3E883D: changes role from      null to FOLLOWER at term 0 for startAsFollower
2019-10-04 08:09:05,347 [pool-459-thread-1] INFO  server.RaftServerConfigKeys (ConfUtils.java:logGet(43)) - raft.server.snapshot.retention.file.num = 5 (custom)
2019-10-04 08:09:05,347 [pool-449-thread-1] INFO  impl.RoleInfo (RoleInfo.java:updateAndGet(143)) - 42edd144-1281-44cd-8bb0-48942e6c21ea: start FollowerState
2019-10-04 08:09:05,347 [pool-459-thread-1] INFO  server.RaftServerConfigKeys (ConfUtils.java:logGet(43)) - raft.server.retrycache.expirytime = 600000ms (custom)
2019-10-04 08:09:05,347 [pool-449-thread-1] INFO  util.JmxRegister (JmxRegister.java:tryRegister(44)) - Successfully registered JMX Bean with object name Ratis:service=RaftServer,group=group-8BA8EA3E883D,id=42edd144-1281-44cd-8bb0-48942e6c21ea
2019-10-04 08:09:05,348 [pool-419-thread-1] INFO  impl.RaftServerImpl (RaftServerImpl.java:start(181)) - b604db3c-4fe1-481b-b03b-67d8cedf9bac@group-8BA8EA3E883D: start as a follower, conf=-1: [42edd144-1281-44cd-8bb0-48942e6c21ea:192.168.30.44:37127, b604db3c-4fe1-481b-b03b-67d8cedf9bac:192.168.30.44:42232, 487589ec-ad7e-4ef6-803a-650f69006185:192.168.30.44:38924], old=null
2019-10-04 08:09:05,349 [pool-419-thread-1] INFO  impl.RaftServerImpl (RaftServerImpl.java:setRole(170)) - b604db3c-4fe1-481b-b03b-67d8cedf9bac@group-8BA8EA3E883D: changes role from      null to FOLLOWER at term 0 for startAsFollower
2019-10-04 08:09:05,349 [pool-419-thread-1] INFO  impl.RoleInfo (RoleInfo.java:updateAndGet(143)) - b604db3c-4fe1-481b-b03b-67d8cedf9bac: start FollowerState
2019-10-04 08:09:05,349 [pool-419-thread-1] INFO  util.JmxRegister (JmxRegister.java:tryRegister(44)) - Successfully registered JMX Bean with object name Ratis:service=RaftServer,group=group-8BA8EA3E883D,id=b604db3c-4fe1-481b-b03b-67d8cedf9bac
2019-10-04 08:09:05,350 [pool-459-thread-1] INFO  impl.RaftServerImpl (RaftServerImpl.java:start(181)) - 487589ec-ad7e-4ef6-803a-650f69006185@group-8BA8EA3E883D: start as a follower, conf=-1: [42edd144-1281-44cd-8bb0-48942e6c21ea:192.168.30.44:37127, b604db3c-4fe1-481b-b03b-67d8cedf9bac:192.168.30.44:42232, 487589ec-ad7e-4ef6-803a-650f69006185:192.168.30.44:38924], old=null
2019-10-04 08:09:05,350 [pool-459-thread-1] INFO  impl.RaftServerImpl (RaftServerImpl.java:setRole(170)) - 487589ec-ad7e-4ef6-803a-650f69006185@group-8BA8EA3E883D: changes role from      null to FOLLOWER at term 0 for startAsFollower
2019-10-04 08:09:05,350 [pool-459-thread-1] INFO  impl.RoleInfo (RoleInfo.java:updateAndGet(143)) - 487589ec-ad7e-4ef6-803a-650f69006185: start FollowerState
2019-10-04 08:09:05,351 [pool-459-thread-1] INFO  util.JmxRegister (JmxRegister.java:tryRegister(44)) - Successfully registered JMX Bean with object name Ratis:service=RaftServer,group=group-8BA8EA3E883D,id=487589ec-ad7e-4ef6-803a-650f69006185
2019-10-04 08:09:05,354 [RatisPipelineUtilsThread] INFO  pipeline.PipelineStateManager (PipelineStateManager.java:addPipeline(56)) - Created pipeline Pipeline[ Id: 98748278-b6e9-4f62-9f77-8ba8ea3e883d, Nodes: 487589ec-ad7e-4ef6-803a-650f69006185{ip: 192.168.30.44, host: pr-hdds-2230-99mx8-1595754997, networkLocation: /default-rack, certSerialId: null}b604db3c-4fe1-481b-b03b-67d8cedf9bac{ip: 192.168.30.44, host: pr-hdds-2230-99mx8-1595754997, networkLocation: /default-rack, certSerialId: null}42edd144-1281-44cd-8bb0-48942e6c21ea{ip: 192.168.30.44, host: pr-hdds-2230-99mx8-1595754997, networkLocation: /default-rack, certSerialId: null}, Type:RATIS, Factor:THREE, State:OPEN]
2019-10-04 08:09:05,371 [grpc-default-executor-11] INFO  impl.RaftServerProxy (RaftServerProxy.java:addNew(89)) - 87531f07-bbe4-4083-9325-2f5525f6d6ba: addNew group-08EFFC98F927:[999b9f8d-9896-464d-b2ab-2fa0111ec6b5:192.168.30.44:45963, 87531f07-bbe4-4083-9325-2f5525f6d6ba:192.168.30.44:42548, 426b4f77-b502-47d6-a6eb-a4300ace0f14:192.168.30.44:39158] returns group-08EFFC98F927:java.util.concurrent.CompletableFuture@70e95635[Not completed]
2019-10-04 08:09:05,371 [grpc-default-executor-6] INFO  impl.RaftServerProxy (RaftServerProxy.java:addNew(89)) - 999b9f8d-9896-464d-b2ab-2fa0111ec6b5: addNew group-08EFFC98F927:[999b9f8d-9896-464d-b2ab-2fa0111ec6b5:192.168.30.44:45963, 87531f07-bbe4-4083-9325-2f5525f6d6ba:192.168.30.44:42548, 426b4f77-b502-47d6-a6eb-a4300ace0f14:192.168.30.44:39158] returns group-08EFFC98F927:java.util.concurrent.CompletableFuture@22b93232[Not completed]
2019-10-04 08:09:05,377 [grpc-default-executor-12] INFO  impl.RaftServerProxy (RaftServerProxy.java:addNew(89)) - 426b4f77-b502-47d6-a6eb-a4300ace0f14: addNew group-08EFFC98F927:[999b9f8d-9896-464d-b2ab-2fa0111ec6b5:192.168.30.44:45963, 87531f07-bbe4-4083-9325-2f5525f6d6ba:192.168.30.44:42548, 426b4f77-b502-47d6-a6eb-a4300ace0f14:192.168.30.44:39158] returns group-08EFFC98F927:java.util.concurrent.CompletableFuture@685006f0[Not completed]
2019-10-04 08:09:05,378 [pool-409-thread-1] INFO  impl.RaftServerImpl (RaftServerImpl.java:<init>(95)) - 87531f07-bbe4-4083-9325-2f5525f6d6ba: new RaftServerImpl for group-08EFFC98F927:[999b9f8d-9896-464d-b2ab-2fa0111ec6b5:192.168.30.44:45963, 87531f07-bbe4-4083-9325-2f5525f6d6ba:192.168.30.44:42548, 426b4f77-b502-47d6-a6eb-a4300ace0f14:192.168.30.44:39158] with ContainerStateMachine:uninitialized
2019-10-04 08:09:05,378 [pool-409-thread-1] INFO  server.RaftServerConfigKeys (ConfUtils.java:logGet(43)) - raft.server.rpc.timeout.min = 5s (custom)
2019-10-04 08:09:05,379 [pool-409-thread-1] INFO  server.RaftServerConfigKeys (ConfUtils.java:logGet(43)) - raft.server.rpc.timeout.max = 5200ms (custom)
2019-10-04 08:09:05,379 [pool-409-thread-1] INFO  server.RaftServerConfigKeys (ConfUtils.java:logGet(43)) - raft.server.rpcslowness.timeout = 120s (custom)
2019-10-04 08:09:05,379 [pool-409-thread-1] INFO  server.RaftServerConfigKeys (ConfUtils.java:logGet(43)) - raft.server.sleep.deviation.threshold = 300 (default)
2019-10-04 08:09:05,379 [pool-469-thread-1] INFO  impl.RaftServerImpl (RaftServerImpl.java:<init>(95)) - 426b4f77-b502-47d6-a6eb-a4300ace0f14: new RaftServerImpl for group-08EFFC98F927:[999b9f8d-9896-464d-b2ab-2fa0111ec6b5:192.168.30.44:45963, 87531f07-bbe4-4083-9325-2f5525f6d6ba:192.168.30.44:42548, 426b4f77-b502-47d6-a6eb-a4300ace0f14:192.168.30.44:39158] with ContainerStateMachine:uninitialized
2019-10-04 08:09:05,379 [pool-409-thread-1] INFO  server.RaftServerConfigKeys (ConfUtils.java:logGet(43)) - raft.server.log.appender.install.snapshot.enabled = false (custom)
2019-10-04 08:09:05,379 [pool-469-thread-1] INFO  server.RaftServerConfigKeys (ConfUtils.java:logGet(43)) - raft.server.rpc.timeout.min = 5s (custom)
2019-10-04 08:09:05,379 [pool-409-thread-1] INFO  impl.RaftServerImpl (ServerState.java:<init>(103)) - 87531f07-bbe4-4083-9325-2f5525f6d6ba@group-08EFFC98F927: ConfigurationManager, init=-1: [999b9f8d-9896-464d-b2ab-2fa0111ec6b5:192.168.30.44:45963, 87531f07-bbe4-4083-9325-2f5525f6d6ba:192.168.30.44:42548, 426b4f77-b502-47d6-a6eb-a4300ace0f14:192.168.30.44:39158], old=null, confs=<EMPTY_MAP>
2019-10-04 08:09:05,380 [pool-469-thread-1] INFO  server.RaftServerConfigKeys (ConfUtils.java:logGet(43)) - raft.server.rpc.timeout.max = 5200ms (custom)
2019-10-04 08:09:05,380 [pool-409-thread-1] INFO  server.RaftServerConfigKeys (ConfUtils.java:logGet(43)) - raft.server.storage.dir = [/workdir/hadoop-ozone/integration-test/target/test-dir/MiniOzoneClusterImpl-fc615848-cf41-4b62-93ca-35284ed11942/datanode-0/data/ratis] (custom)
2019-10-04 08:09:05,380 [pool-469-thread-1] INFO  server.RaftServerConfigKeys (ConfUtils.java:logGet(43)) - raft.server.rpcslowness.timeout = 120s (custom)
2019-10-04 08:09:05,380 [pool-409-thread-1] INFO  server.RaftServerConfigKeys (ConfUtils.java:logGet(43)) - raft.server.log.corruption.policy = EXCEPTION (default)
2019-10-04 08:09:05,380 [pool-439-thread-1] INFO  impl.RaftServerImpl (RaftServerImpl.java:<init>(95)) - 999b9f8d-9896-464d-b2ab-2fa0111ec6b5: new RaftServerImpl for group-08EFFC98F927:[999b9f8d-9896-464d-b2ab-2fa0111ec6b5:192.168.30.44:45963, 87531f07-bbe4-4083-9325-2f5525f6d6ba:192.168.30.44:42548, 426b4f77-b502-47d6-a6eb-a4300ace0f14:192.168.30.44:39158] with ContainerStateMachine:uninitialized
2019-10-04 08:09:05,380 [pool-409-thread-1] INFO  storage.RaftStorageDirectory (RaftStorageDirectory.java:analyzeStorage(246)) - The storage directory /workdir/hadoop-ozone/integration-test/target/test-dir/MiniOzoneClusterImpl-fc615848-cf41-4b62-93ca-35284ed11942/datanode-0/data/ratis/0296561e-5f37-44fb-8500-08effc98f927 does not exist. Creating ...
2019-10-04 08:09:05,380 [pool-469-thread-1] INFO  server.RaftServerConfigKeys (ConfUtils.java:logGet(43)) - raft.server.sleep.deviation.threshold = 300 (default)
2019-10-04 08:09:05,380 [pool-439-thread-1] INFO  server.RaftServerConfigKeys (ConfUtils.java:logGet(43)) - raft.server.rpc.timeout.min = 5s (custom)
2019-10-04 08:09:05,381 [pool-469-thread-1] INFO  server.RaftServerConfigKeys (ConfUtils.java:logGet(43)) - raft.server.log.appender.install.snapshot.enabled = false (custom)
2019-10-04 08:09:05,381 [pool-439-thread-1] INFO  server.RaftServerConfigKeys (ConfUtils.java:logGet(43)) - raft.server.rpc.timeout.max = 5200ms (custom)
2019-10-04 08:09:05,381 [pool-469-thread-1] INFO  impl.RaftServerImpl (ServerState.java:<init>(103)) - 426b4f77-b502-47d6-a6eb-a4300ace0f14@group-08EFFC98F927: ConfigurationManager, init=-1: [999b9f8d-9896-464d-b2ab-2fa0111ec6b5:192.168.30.44:45963, 87531f07-bbe4-4083-9325-2f5525f6d6ba:192.168.30.44:42548, 426b4f77-b502-47d6-a6eb-a4300ace0f14:192.168.30.44:39158], old=null, confs=<EMPTY_MAP>
2019-10-04 08:09:05,381 [pool-439-thread-1] INFO  server.RaftServerConfigKeys (ConfUtils.java:logGet(43)) - raft.server.rpcslowness.timeout = 120s (custom)
2019-10-04 08:09:05,381 [pool-469-thread-1] INFO  server.RaftServerConfigKeys (ConfUtils.java:logGet(43)) - raft.server.storage.dir = [/workdir/hadoop-ozone/integration-test/target/test-dir/MiniOzoneClusterImpl-fc615848-cf41-4b62-93ca-35284ed11942/datanode-6/data/ratis] (custom)
2019-10-04 08:09:05,381 [pool-439-thread-1] INFO  server.RaftServerConfigKeys (ConfUtils.java:logGet(43)) - raft.server.sleep.deviation.threshold = 300 (default)
2019-10-04 08:09:05,381 [pool-439-thread-1] INFO  server.RaftServerConfigKeys (ConfUtils.java:logGet(43)) - raft.server.log.appender.install.snapshot.enabled = false (custom)
2019-10-04 08:09:05,381 [pool-469-thread-1] INFO  server.RaftServerConfigKeys (ConfUtils.java:logGet(43)) - raft.server.log.corruption.policy = EXCEPTION (default)
2019-10-04 08:09:05,382 [pool-439-thread-1] INFO  impl.RaftServerImpl (ServerState.java:<init>(103)) - 999b9f8d-9896-464d-b2ab-2fa0111ec6b5@group-08EFFC98F927: ConfigurationManager, init=-1: [999b9f8d-9896-464d-b2ab-2fa0111ec6b5:192.168.30.44:45963, 87531f07-bbe4-4083-9325-2f5525f6d6ba:192.168.30.44:42548, 426b4f77-b502-47d6-a6eb-a4300ace0f14:192.168.30.44:39158], old=null, confs=<EMPTY_MAP>
2019-10-04 08:09:05,382 [pool-469-thread-1] INFO  storage.RaftStorageDirectory (RaftStorageDirectory.java:analyzeStorage(246)) - The storage directory /workdir/hadoop-ozone/integration-test/target/test-dir/MiniOzoneClusterImpl-fc615848-cf41-4b62-93ca-35284ed11942/datanode-6/data/ratis/0296561e-5f37-44fb-8500-08effc98f927 does not exist. Creating ...
2019-10-04 08:09:05,382 [pool-439-thread-1] INFO  server.RaftServerConfigKeys (ConfUtils.java:logGet(43)) - raft.server.storage.dir = [/workdir/hadoop-ozone/integration-test/target/test-dir/MiniOzoneClusterImpl-fc615848-cf41-4b62-93ca-35284ed11942/datanode-3/data/ratis] (custom)
2019-10-04 08:09:05,382 [pool-439-thread-1] INFO  server.RaftServerConfigKeys (ConfUtils.java:logGet(43)) - raft.server.log.corruption.policy = EXCEPTION (default)
2019-10-04 08:09:05,382 [pool-439-thread-1] INFO  storage.RaftStorageDirectory (RaftStorageDirectory.java:analyzeStorage(246)) - The storage directory /workdir/hadoop-ozone/integration-test/target/test-dir/MiniOzoneClusterImpl-fc615848-cf41-4b62-93ca-35284ed11942/datanode-3/data/ratis/0296561e-5f37-44fb-8500-08effc98f927 does not exist. Creating ...
2019-10-04 08:09:05,406 [pool-469-thread-1] INFO  storage.RaftStorageDirectory (RaftStorageDirectory.java:tryLock(328)) - Lock on /workdir/hadoop-ozone/integration-test/target/test-dir/MiniOzoneClusterImpl-fc615848-cf41-4b62-93ca-35284ed11942/datanode-6/data/ratis/0296561e-5f37-44fb-8500-08effc98f927/in_use.lock acquired by nodename 24500@pr-hdds-2230-99mx8-1595754997
2019-10-04 08:09:05,406 [pool-439-thread-1] INFO  storage.RaftStorageDirectory (RaftStorageDirectory.java:tryLock(328)) - Lock on /workdir/hadoop-ozone/integration-test/target/test-dir/MiniOzoneClusterImpl-fc615848-cf41-4b62-93ca-35284ed11942/datanode-3/data/ratis/0296561e-5f37-44fb-8500-08effc98f927/in_use.lock acquired by nodename 24500@pr-hdds-2230-99mx8-1595754997
2019-10-04 08:09:05,406 [pool-409-thread-1] INFO  storage.RaftStorageDirectory (RaftStorageDirectory.java:tryLock(328)) - Lock on /workdir/hadoop-ozone/integration-test/target/test-dir/MiniOzoneClusterImpl-fc615848-cf41-4b62-93ca-35284ed11942/datanode-0/data/ratis/0296561e-5f37-44fb-8500-08effc98f927/in_use.lock acquired by nodename 24500@pr-hdds-2230-99mx8-1595754997
2019-10-04 08:09:05,432 [pool-439-thread-1] INFO  storage.RaftStorage (RaftStorage.java:format(84)) - Storage directory /workdir/hadoop-ozone/integration-test/target/test-dir/MiniOzoneClusterImpl-fc615848-cf41-4b62-93ca-35284ed11942/datanode-3/data/ratis/0296561e-5f37-44fb-8500-08effc98f927 has been successfully formatted.
2019-10-04 08:09:05,432 [pool-409-thread-1] INFO  storage.RaftStorage (RaftStorage.java:format(84)) - Storage directory /workdir/hadoop-ozone/integration-test/target/test-dir/MiniOzoneClusterImpl-fc615848-cf41-4b62-93ca-35284ed11942/datanode-0/data/ratis/0296561e-5f37-44fb-8500-08effc98f927 has been successfully formatted.
2019-10-04 08:09:05,432 [pool-469-thread-1] INFO  storage.RaftStorage (RaftStorage.java:format(84)) - Storage directory /workdir/hadoop-ozone/integration-test/target/test-dir/MiniOzoneClusterImpl-fc615848-cf41-4b62-93ca-35284ed11942/datanode-6/data/ratis/0296561e-5f37-44fb-8500-08effc98f927 has been successfully formatted.
2019-10-04 08:09:05,432 [pool-439-thread-1] INFO  ratis.ContainerStateMachine (ContainerStateMachine.java:loadSnapshot(230)) - group-08EFFC98F927: The snapshot info is null. Setting the last applied indexto:(t:0, i:~)
2019-10-04 08:09:05,433 [pool-469-thread-1] INFO  ratis.ContainerStateMachine (ContainerStateMachine.java:loadSnapshot(230)) - group-08EFFC98F927: The snapshot info is null. Setting the last applied indexto:(t:0, i:~)
2019-10-04 08:09:05,433 [pool-409-thread-1] INFO  ratis.ContainerStateMachine (ContainerStateMachine.java:loadSnapshot(230)) - group-08EFFC98F927: The snapshot info is null. Setting the last applied indexto:(t:0, i:~)
2019-10-04 08:09:05,433 [pool-469-thread-1] INFO  server.RaftServerConfigKeys (ConfUtils.java:logGet(43)) - raft.server.notification.no-leader.timeout = 120s (custom)
2019-10-04 08:09:05,433 [pool-439-thread-1] INFO  server.RaftServerConfigKeys (ConfUtils.java:logGet(43)) - raft.server.notification.no-leader.timeout = 120s (custom)
2019-10-04 08:09:05,433 [pool-469-thread-1] INFO  server.RaftServerConfigKeys (ConfUtils.java:logGet(43)) - raft.server.log.use.memory = false (default)
2019-10-04 08:09:05,433 [pool-409-thread-1] INFO  server.RaftServerConfigKeys (ConfUtils.java:logGet(43)) - raft.server.notification.no-leader.timeout = 120s (custom)
2019-10-04 08:09:05,433 [pool-469-thread-1] INFO  server.RaftServerConfigKeys (ConfUtils.java:logGet(43)) - raft.server.log.purge.gap = 1000000 (custom)
2019-10-04 08:09:05,433 [pool-439-thread-1] INFO  server.RaftServerConfigKeys (ConfUtils.java:logGet(43)) - raft.server.log.use.memory = false (default)
2019-10-04 08:09:05,434 [pool-469-thread-1] INFO  server.RaftServerConfigKeys (ConfUtils.java:logGet(43)) - raft.server.log.appender.buffer.byte-limit = 33554432 (custom)
2019-10-04 08:09:05,434 [pool-409-thread-1] INFO  server.RaftServerConfigKeys (ConfUtils.java:logGet(43)) - raft.server.log.use.memory = false (default)
2019-10-04 08:09:05,434 [pool-469-thread-1] INFO  server.RaftServerConfigKeys (ConfUtils.java:logGet(43)) - raft.server.log.segment.size.max = 1048576 (custom)
2019-10-04 08:09:05,434 [pool-439-thread-1] INFO  server.RaftServerConfigKeys (ConfUtils.java:logGet(43)) - raft.server.log.purge.gap = 1000000 (custom)
2019-10-04 08:09:05,434 [pool-469-thread-1] INFO  server.RaftServerConfigKeys (ConfUtils.java:logGet(43)) - raft.server.log.segment.cache.num.max = 2 (custom)
2019-10-04 08:09:05,434 [pool-409-thread-1] INFO  server.RaftServerConfigKeys (ConfUtils.java:logGet(43)) - raft.server.log.purge.gap = 1000000 (custom)
2019-10-04 08:09:05,434 [pool-469-thread-1] INFO  segmented.SegmentedRaftLogWorker (SegmentedRaftLogWorker.java:<init>(173)) - new 426b4f77-b502-47d6-a6eb-a4300ace0f14@group-08EFFC98F927-SegmentedRaftLogWorker for RaftStorage:Storage Directory /workdir/hadoop-ozone/integration-test/target/test-dir/MiniOzoneClusterImpl-fc615848-cf41-4b62-93ca-35284ed11942/datanode-6/data/ratis/0296561e-5f37-44fb-8500-08effc98f927
2019-10-04 08:09:05,434 [pool-439-thread-1] INFO  server.RaftServerConfigKeys (ConfUtils.java:logGet(43)) - raft.server.log.appender.buffer.byte-limit = 33554432 (custom)
2019-10-04 08:09:05,435 [pool-469-thread-1] INFO  server.RaftServerConfigKeys (ConfUtils.java:logGet(43)) - raft.server.log.queue.byte-limit = 2147483647 (custom)
2019-10-04 08:09:05,435 [pool-409-thread-1] INFO  server.RaftServerConfigKeys (ConfUtils.java:logGet(43)) - raft.server.log.appender.buffer.byte-limit = 33554432 (custom)
2019-10-04 08:09:05,435 [pool-469-thread-1] INFO  server.RaftServerConfigKeys (ConfUtils.java:logGet(43)) - raft.server.log.queue.element-limit = 1024 (custom)
2019-10-04 08:09:05,435 [pool-439-thread-1] INFO  server.RaftServerConfigKeys (ConfUtils.java:logGet(43)) - raft.server.log.segment.size.max = 1048576 (custom)
2019-10-04 08:09:05,435 [pool-469-thread-1] INFO  server.RaftServerConfigKeys (ConfUtils.java:logGet(43)) - raft.server.log.segment.size.max = 1048576 (custom)
2019-10-04 08:09:05,435 [pool-409-thread-1] INFO  server.RaftServerConfigKeys (ConfUtils.java:logGet(43)) - raft.server.log.segment.size.max = 1048576 (custom)
2019-10-04 08:09:05,435 [pool-469-thread-1] INFO  server.RaftServerConfigKeys (ConfUtils.java:logGet(43)) - raft.server.log.preallocated.size = 16384 (custom)
2019-10-04 08:09:05,436 [pool-469-thread-1] INFO  server.RaftServerConfigKeys (ConfUtils.java:logGet(43)) - raft.server.log.write.buffer.size = 33554432 (custom)
2019-10-04 08:09:05,435 [pool-439-thread-1] INFO  server.RaftServerConfigKeys (ConfUtils.java:logGet(43)) - raft.server.log.segment.cache.num.max = 2 (custom)
2019-10-04 08:09:05,436 [pool-469-thread-1] INFO  server.RaftServerConfigKeys (ConfUtils.java:logGet(43)) - raft.server.log.force.sync.num = 128 (default)
2019-10-04 08:09:05,435 [pool-409-thread-1] INFO  server.RaftServerConfigKeys (ConfUtils.java:logGet(43)) - raft.server.log.segment.cache.num.max = 2 (custom)
2019-10-04 08:09:05,436 [pool-469-thread-1] INFO  server.RaftServerConfigKeys (ConfUtils.java:logGet(43)) - raft.server.log.statemachine.data.sync = true (default)
2019-10-04 08:09:05,436 [pool-439-thread-1] INFO  segmented.SegmentedRaftLogWorker (SegmentedRaftLogWorker.java:<init>(173)) - new 999b9f8d-9896-464d-b2ab-2fa0111ec6b5@group-08EFFC98F927-SegmentedRaftLogWorker for RaftStorage:Storage Directory /workdir/hadoop-ozone/integration-test/target/test-dir/MiniOzoneClusterImpl-fc615848-cf41-4b62-93ca-35284ed11942/datanode-3/data/ratis/0296561e-5f37-44fb-8500-08effc98f927
2019-10-04 08:09:05,436 [pool-469-thread-1] INFO  server.RaftServerConfigKeys (ConfUtils.java:logGet(43)) - raft.server.log.statemachine.data.sync.timeout = 10s (default)
2019-10-04 08:09:05,436 [pool-409-thread-1] INFO  segmented.SegmentedRaftLogWorker (SegmentedRaftLogWorker.java:<init>(173)) - new 87531f07-bbe4-4083-9325-2f5525f6d6ba@group-08EFFC98F927-SegmentedRaftLogWorker for RaftStorage:Storage Directory /workdir/hadoop-ozone/integration-test/target/test-dir/MiniOzoneClusterImpl-fc615848-cf41-4b62-93ca-35284ed11942/datanode-0/data/ratis/0296561e-5f37-44fb-8500-08effc98f927
2019-10-04 08:09:05,436 [pool-469-thread-1] INFO  server.RaftServerConfigKeys (ConfUtils.java:logGet(43)) - raft.server.log.statemachine.data.sync.timeout.retry = -1 (default)
2019-10-04 08:09:05,436 [pool-439-thread-1] INFO  server.RaftServerConfigKeys (ConfUtils.java:logGet(43)) - raft.server.log.queue.byte-limit = 2147483647 (custom)
2019-10-04 08:09:05,437 [pool-469-thread-1] INFO  server.RaftServerConfigKeys (ConfUtils.java:logGet(43)) - raft.server.log.statemachine.data.caching.enabled = true (custom)
2019-10-04 08:09:05,436 [pool-409-thread-1] INFO  server.RaftServerConfigKeys (ConfUtils.java:logGet(43)) - raft.server.log.queue.byte-limit = 2147483647 (custom)
2019-10-04 08:09:05,437 [pool-439-thread-1] INFO  server.RaftServerConfigKeys (ConfUtils.java:logGet(43)) - raft.server.log.queue.element-limit = 1024 (custom)
2019-10-04 08:09:05,437 [pool-469-thread-1] INFO  segmented.SegmentedRaftLogWorker (SegmentedRaftLogWorker.java:lambda$new$0(128)) - 426b4f77-b502-47d6-a6eb-a4300ace0f14@group-08EFFC98F927-SegmentedRaftLogWorker: flushIndex: setUnconditionally 0 -> -1
2019-10-04 08:09:05,437 [pool-409-thread-1] INFO  server.RaftServerConfigKeys (ConfUtils.java:logGet(43)) - raft.server.log.queue.element-limit = 1024 (custom)
2019-10-04 08:09:05,437 [pool-439-thread-1] INFO  server.RaftServerConfigKeys (ConfUtils.java:logGet(43)) - raft.server.log.segment.size.max = 1048576 (custom)
2019-10-04 08:09:05,437 [pool-409-thread-1] INFO  server.RaftServerConfigKeys (ConfUtils.java:logGet(43)) - raft.server.log.segment.size.max = 1048576 (custom)
2019-10-04 08:09:05,437 [pool-409-thread-1] INFO  server.RaftServerConfigKeys (ConfUtils.java:logGet(43)) - raft.server.log.preallocated.size = 16384 (custom)
2019-10-04 08:09:05,438 [pool-409-thread-1] INFO  server.RaftServerConfigKeys (ConfUtils.java:logGet(43)) - raft.server.log.write.buffer.size = 33554432 (custom)
2019-10-04 08:09:05,438 [pool-409-thread-1] INFO  server.RaftServerConfigKeys (ConfUtils.java:logGet(43)) - raft.server.log.force.sync.num = 128 (default)
2019-10-04 08:09:05,437 [pool-469-thread-1] INFO  server.RaftServerConfigKeys (ConfUtils.java:logGet(43)) - raft.server.snapshot.auto.trigger.enabled = true (custom)
2019-10-04 08:09:05,438 [pool-409-thread-1] INFO  server.RaftServerConfigKeys (ConfUtils.java:logGet(43)) - raft.server.log.statemachine.data.sync = true (default)
2019-10-04 08:09:05,437 [pool-439-thread-1] INFO  server.RaftServerConfigKeys (ConfUtils.java:logGet(43)) - raft.server.log.preallocated.size = 16384 (custom)
2019-10-04 08:09:05,438 [pool-409-thread-1] INFO  server.RaftServerConfigKeys (ConfUtils.java:logGet(43)) - raft.server.log.statemachine.data.sync.timeout = 10s (default)
2019-10-04 08:09:05,438 [pool-469-thread-1] INFO  server.RaftServerConfigKeys (ConfUtils.java:logGet(43)) - raft.server.snapshot.auto.trigger.threshold = 10000 (custom)
2019-10-04 08:09:05,438 [pool-409-thread-1] INFO  server.RaftServerConfigKeys (ConfUtils.java:logGet(43)) - raft.server.log.statemachine.data.sync.timeout.retry = -1 (default)
2019-10-04 08:09:05,438 [pool-439-thread-1] INFO  server.RaftServerConfigKeys (ConfUtils.java:logGet(43)) - raft.server.log.write.buffer.size = 33554432 (custom)
2019-10-04 08:09:05,439 [pool-409-thread-1] INFO  server.RaftServerConfigKeys (ConfUtils.java:logGet(43)) - raft.server.log.statemachine.data.caching.enabled = true (custom)
2019-10-04 08:09:05,439 [pool-469-thread-1] INFO  server.RaftServerConfigKeys (ConfUtils.java:logGet(43)) - raft.server.snapshot.retention.file.num = 5 (custom)
2019-10-04 08:09:05,439 [pool-409-thread-1] INFO  segmented.SegmentedRaftLogWorker (SegmentedRaftLogWorker.java:lambda$new$0(128)) - 87531f07-bbe4-4083-9325-2f5525f6d6ba@group-08EFFC98F927-SegmentedRaftLogWorker: flushIndex: setUnconditionally 0 -> -1
2019-10-04 08:09:05,439 [pool-439-thread-1] INFO  server.RaftServerConfigKeys (ConfUtils.java:logGet(43)) - raft.server.log.force.sync.num = 128 (default)
2019-10-04 08:09:05,439 [pool-409-thread-1] INFO  server.RaftServerConfigKeys (ConfUtils.java:logGet(43)) - raft.server.snapshot.auto.trigger.enabled = true (custom)
2019-10-04 08:09:05,439 [pool-469-thread-1] INFO  server.RaftServerConfigKeys (ConfUtils.java:logGet(43)) - raft.server.retrycache.expirytime = 600000ms (custom)
2019-10-04 08:09:05,439 [pool-409-thread-1] INFO  server.RaftServerConfigKeys (ConfUtils.java:logGet(43)) - raft.server.snapshot.auto.trigger.threshold = 10000 (custom)
2019-10-04 08:09:05,439 [pool-439-thread-1] INFO  server.RaftServerConfigKeys (ConfUtils.java:logGet(43)) - raft.server.log.statemachine.data.sync = true (default)
2019-10-04 08:09:05,440 [pool-409-thread-1] INFO  server.RaftServerConfigKeys (ConfUtils.java:logGet(43)) - raft.server.snapshot.retention.file.num = 5 (custom)
2019-10-04 08:09:05,440 [pool-439-thread-1] INFO  server.RaftServerConfigKeys (ConfUtils.java:logGet(43)) - raft.server.log.statemachine.data.sync.timeout = 10s (default)
2019-10-04 08:09:05,440 [pool-409-thread-1] INFO  server.RaftServerConfigKeys (ConfUtils.java:logGet(43)) - raft.server.retrycache.expirytime = 600000ms (custom)
2019-10-04 08:09:05,440 [pool-439-thread-1] INFO  server.RaftServerConfigKeys (ConfUtils.java:logGet(43)) - raft.server.log.statemachine.data.sync.timeout.retry = -1 (default)
2019-10-04 08:09:05,440 [pool-439-thread-1] INFO  server.RaftServerConfigKeys (ConfUtils.java:logGet(43)) - raft.server.log.statemachine.data.caching.enabled = true (custom)
2019-10-04 08:09:05,441 [pool-439-thread-1] INFO  segmented.SegmentedRaftLogWorker (SegmentedRaftLogWorker.java:lambda$new$0(128)) - 999b9f8d-9896-464d-b2ab-2fa0111ec6b5@group-08EFFC98F927-SegmentedRaftLogWorker: flushIndex: setUnconditionally 0 -> -1
2019-10-04 08:09:05,441 [pool-439-thread-1] INFO  server.RaftServerConfigKeys (ConfUtils.java:logGet(43)) - raft.server.snapshot.auto.trigger.enabled = true (custom)
2019-10-04 08:09:05,441 [pool-439-thread-1] INFO  server.RaftServerConfigKeys (ConfUtils.java:logGet(43)) - raft.server.snapshot.auto.trigger.threshold = 10000 (custom)
2019-10-04 08:09:05,441 [pool-439-thread-1] INFO  server.RaftServerConfigKeys (ConfUtils.java:logGet(43)) - raft.server.snapshot.retention.file.num = 5 (custom)
2019-10-04 08:09:05,441 [pool-439-thread-1] INFO  server.RaftServerConfigKeys (ConfUtils.java:logGet(43)) - raft.server.retrycache.expirytime = 600000ms (custom)
2019-10-04 08:09:05,443 [pool-469-thread-1] INFO  impl.RaftServerImpl (RaftServerImpl.java:start(181)) - 426b4f77-b502-47d6-a6eb-a4300ace0f14@group-08EFFC98F927: start as a follower, conf=-1: [999b9f8d-9896-464d-b2ab-2fa0111ec6b5:192.168.30.44:45963, 87531f07-bbe4-4083-9325-2f5525f6d6ba:192.168.30.44:42548, 426b4f77-b502-47d6-a6eb-a4300ace0f14:192.168.30.44:39158], old=null
2019-10-04 08:09:05,443 [pool-469-thread-1] INFO  impl.RaftServerImpl (RaftServerImpl.java:setRole(170)) - 426b4f77-b502-47d6-a6eb-a4300ace0f14@group-08EFFC98F927: changes role from      null to FOLLOWER at term 0 for startAsFollower
2019-10-04 08:09:05,443 [pool-469-thread-1] INFO  impl.RoleInfo (RoleInfo.java:updateAndGet(143)) - 426b4f77-b502-47d6-a6eb-a4300ace0f14: start FollowerState
2019-10-04 08:09:05,443 [pool-409-thread-1] INFO  impl.RaftServerImpl (RaftServerImpl.java:start(181)) - 87531f07-bbe4-4083-9325-2f5525f6d6ba@group-08EFFC98F927: start as a follower, conf=-1: [999b9f8d-9896-464d-b2ab-2fa0111ec6b5:192.168.30.44:45963, 87531f07-bbe4-4083-9325-2f5525f6d6ba:192.168.30.44:42548, 426b4f77-b502-47d6-a6eb-a4300ace0f14:192.168.30.44:39158], old=null
2019-10-04 08:09:05,443 [pool-409-thread-1] INFO  impl.RaftServerImpl (RaftServerImpl.java:setRole(170)) - 87531f07-bbe4-4083-9325-2f5525f6d6ba@group-08EFFC98F927: changes role from      null to FOLLOWER at term 0 for startAsFollower
2019-10-04 08:09:05,443 [pool-409-thread-1] INFO  impl.RoleInfo (RoleInfo.java:updateAndGet(143)) - 87531f07-bbe4-4083-9325-2f5525f6d6ba: start FollowerState
2019-10-04 08:09:05,443 [pool-469-thread-1] INFO  util.JmxRegister (JmxRegister.java:tryRegister(44)) - Successfully registered JMX Bean with object name Ratis:service=RaftServer,group=group-08EFFC98F927,id=426b4f77-b502-47d6-a6eb-a4300ace0f14
2019-10-04 08:09:05,444 [pool-409-thread-1] INFO  util.JmxRegister (JmxRegister.java:tryRegister(44)) - Successfully registered JMX Bean with object name Ratis:service=RaftServer,group=group-08EFFC98F927,id=87531f07-bbe4-4083-9325-2f5525f6d6ba
2019-10-04 08:09:05,444 [pool-439-thread-1] INFO  impl.RaftServerImpl (RaftServerImpl.java:start(181)) - 999b9f8d-9896-464d-b2ab-2fa0111ec6b5@group-08EFFC98F927: start as a follower, conf=-1: [999b9f8d-9896-464d-b2ab-2fa0111ec6b5:192.168.30.44:45963, 87531f07-bbe4-4083-9325-2f5525f6d6ba:192.168.30.44:42548, 426b4f77-b502-47d6-a6eb-a4300ace0f14:192.168.30.44:39158], old=null
2019-10-04 08:09:05,444 [pool-439-thread-1] INFO  impl.RaftServerImpl (RaftServerImpl.java:setRole(170)) - 999b9f8d-9896-464d-b2ab-2fa0111ec6b5@group-08EFFC98F927: changes role from      null to FOLLOWER at term 0 for startAsFollower
2019-10-04 08:09:05,445 [pool-439-thread-1] INFO  impl.RoleInfo (RoleInfo.java:updateAndGet(143)) - 999b9f8d-9896-464d-b2ab-2fa0111ec6b5: start FollowerState
2019-10-04 08:09:05,445 [pool-439-thread-1] INFO  util.JmxRegister (JmxRegister.java:tryRegister(44)) - Successfully registered JMX Bean with object name Ratis:service=RaftServer,group=group-08EFFC98F927,id=999b9f8d-9896-464d-b2ab-2fa0111ec6b5
2019-10-04 08:09:05,451 [RatisPipelineUtilsThread] INFO  pipeline.PipelineStateManager (PipelineStateManager.java:addPipeline(56)) - Created pipeline Pipeline[ Id: 0296561e-5f37-44fb-8500-08effc98f927, Nodes: 426b4f77-b502-47d6-a6eb-a4300ace0f14{ip: 192.168.30.44, host: pr-hdds-2230-99mx8-1595754997, networkLocation: /default-rack, certSerialId: null}999b9f8d-9896-464d-b2ab-2fa0111ec6b5{ip: 192.168.30.44, host: pr-hdds-2230-99mx8-1595754997, networkLocation: /default-rack, certSerialId: null}87531f07-bbe4-4083-9325-2f5525f6d6ba{ip: 192.168.30.44, host: pr-hdds-2230-99mx8-1595754997, networkLocation: /default-rack, certSerialId: null}, Type:RATIS, Factor:THREE, State:OPEN]
2019-10-04 08:09:06,109 [main] INFO  ozone.MiniOzoneClusterImpl (MiniOzoneClusterImpl.java:lambda$waitForClusterToBeReady$0(147)) - Cluster is ready. Got 7 of 7 DN Heartbeats.
2019-10-04 08:09:06,153 [main] INFO  rpc.RpcClient (RpcClient.java:createVolume(277)) - Creating Volume: testblockoutputstream, with jenkins1000 as owner.
2019-10-04 08:09:06,156 [IPC Server handler 2 on 46097] INFO  volume.OMVolumeCreateRequest (OMVolumeCreateRequest.java:validateAndUpdateCache(193)) - created volume:testblockoutputstream for user:jenkins1000
2019-10-04 08:09:06,172 [main] INFO  rpc.RpcClient (RpcClient.java:createBucket(416)) - Creating Bucket: testblockoutputstream/testblockoutputstream, with Versioning false and Storage Type set to DISK and Encryption set to false 
2019-10-04 08:09:07,710 [Thread-2889] INFO  container.ReplicationManager (ReplicationManager.java:start(162)) - Starting Replication Monitor Thread.
2019-10-04 08:09:07,715 [ReplicationMonitor] INFO  container.ReplicationManager (ReplicationManager.java:run(225)) - Replication Monitor Thread took 1 milliseconds for processing 1 containers.
2019-10-04 08:09:09,883 [Thread-2891] INFO  impl.FollowerState (FollowerState.java:run(108)) - 87531f07-bbe4-4083-9325-2f5525f6d6ba@group-33B2382E1A01-FollowerState: change to CANDIDATE, lastRpcTime:5075ms, electionTimeout:5075ms
2019-10-04 08:09:09,884 [Thread-2891] INFO  impl.RoleInfo (RoleInfo.java:shutdownFollowerState(121)) - 87531f07-bbe4-4083-9325-2f5525f6d6ba: shutdown FollowerState
2019-10-04 08:09:09,884 [Thread-2891] INFO  impl.RaftServerImpl (RaftServerImpl.java:setRole(170)) - 87531f07-bbe4-4083-9325-2f5525f6d6ba@group-33B2382E1A01: changes role from  FOLLOWER to CANDIDATE at term 0 for changeToCandidate
2019-10-04 08:09:09,884 [Thread-2891] INFO  impl.RoleInfo (RoleInfo.java:updateAndGet(143)) - 87531f07-bbe4-4083-9325-2f5525f6d6ba: start LeaderElection
2019-10-04 08:09:09,917 [87531f07-bbe4-4083-9325-2f5525f6d6ba@group-33B2382E1A01-LeaderElection54] INFO  impl.LeaderElection (LeaderElection.java:askForVotes(178)) - 87531f07-bbe4-4083-9325-2f5525f6d6ba@group-33B2382E1A01-LeaderElection54: begin an election at term 1 for -1: [87531f07-bbe4-4083-9325-2f5525f6d6ba:192.168.30.44:42548], old=null
2019-10-04 08:09:09,917 [87531f07-bbe4-4083-9325-2f5525f6d6ba@group-33B2382E1A01-LeaderElection54] INFO  impl.RoleInfo (RoleInfo.java:shutdownLeaderElection(134)) - 87531f07-bbe4-4083-9325-2f5525f6d6ba: shutdown LeaderElection
2019-10-04 08:09:09,917 [87531f07-bbe4-4083-9325-2f5525f6d6ba@group-33B2382E1A01-LeaderElection54] INFO  impl.RaftServerImpl (RaftServerImpl.java:setRole(170)) - 87531f07-bbe4-4083-9325-2f5525f6d6ba@group-33B2382E1A01: changes role from CANDIDATE to LEADER at term 1 for changeToLeader
2019-10-04 08:09:09,917 [87531f07-bbe4-4083-9325-2f5525f6d6ba@group-33B2382E1A01-LeaderElection54] INFO  impl.RaftServerImpl (ServerState.java:setLeader(255)) - 87531f07-bbe4-4083-9325-2f5525f6d6ba@group-33B2382E1A01: change Leader from null to 87531f07-bbe4-4083-9325-2f5525f6d6ba at term 1 for becomeLeader, leader elected after 5117ms
2019-10-04 08:09:09,918 [87531f07-bbe4-4083-9325-2f5525f6d6ba@group-33B2382E1A01-LeaderElection54] INFO  server.RaftServerConfigKeys (ConfUtils.java:logGet(43)) - raft.server.staging.catchup.gap = 1000 (default)
2019-10-04 08:09:09,918 [87531f07-bbe4-4083-9325-2f5525f6d6ba@group-33B2382E1A01-LeaderElection54] INFO  server.RaftServerConfigKeys (ConfUtils.java:logGet(43)) - raft.server.rpc.sleep.time = 25ms (default)
2019-10-04 08:09:09,918 [87531f07-bbe4-4083-9325-2f5525f6d6ba@group-33B2382E1A01-LeaderElection54] INFO  server.RaftServerConfigKeys (ConfUtils.java:logGet(43)) - raft.server.write.element-limit = 4096 (default)
2019-10-04 08:09:09,919 [87531f07-bbe4-4083-9325-2f5525f6d6ba@group-33B2382E1A01-LeaderElection54] INFO  server.RaftServerConfigKeys (ConfUtils.java:logGet(43)) - raft.server.watch.timeout = 10s (default)
2019-10-04 08:09:09,919 [87531f07-bbe4-4083-9325-2f5525f6d6ba@group-33B2382E1A01-LeaderElection54] INFO  server.RaftServerConfigKeys (ConfUtils.java:logGet(43)) - raft.server.watch.timeout.denomination = 1s (default)
2019-10-04 08:09:09,919 [87531f07-bbe4-4083-9325-2f5525f6d6ba@group-33B2382E1A01-LeaderElection54] INFO  server.RaftServerConfigKeys (ConfUtils.java:logGet(43)) - raft.server.watch.element-limit = 65536 (default)
2019-10-04 08:09:09,923 [87531f07-bbe4-4083-9325-2f5525f6d6ba@group-33B2382E1A01-LeaderElection54] INFO  impl.RoleInfo (RoleInfo.java:updateAndGet(143)) - 87531f07-bbe4-4083-9325-2f5525f6d6ba: start LeaderState
2019-10-04 08:09:09,924 [87531f07-bbe4-4083-9325-2f5525f6d6ba@group-33B2382E1A01-LeaderElection54] INFO  segmented.SegmentedRaftLogWorker (SegmentedRaftLogWorker.java:startLogSegment(385)) - 87531f07-bbe4-4083-9325-2f5525f6d6ba@group-33B2382E1A01-SegmentedRaftLogWorker: Starting segment from index:0
2019-10-04 08:09:09,925 [87531f07-bbe4-4083-9325-2f5525f6d6ba@group-33B2382E1A01-LeaderElection54] INFO  impl.RaftServerImpl (ServerState.java:setRaftConf(356)) - 87531f07-bbe4-4083-9325-2f5525f6d6ba@group-33B2382E1A01: set configuration 0: [87531f07-bbe4-4083-9325-2f5525f6d6ba:192.168.30.44:42548], old=null at 0
2019-10-04 08:09:09,972 [Thread-2894] INFO  impl.FollowerState (FollowerState.java:run(108)) - b604db3c-4fe1-481b-b03b-67d8cedf9bac@group-7721F5E41DA9-FollowerState: change to CANDIDATE, lastRpcTime:5090ms, electionTimeout:5090ms
2019-10-04 08:09:09,972 [Thread-2894] INFO  impl.RoleInfo (RoleInfo.java:shutdownFollowerState(121)) - b604db3c-4fe1-481b-b03b-67d8cedf9bac: shutdown FollowerState
2019-10-04 08:09:09,972 [Thread-2894] INFO  impl.RaftServerImpl (RaftServerImpl.java:setRole(170)) - b604db3c-4fe1-481b-b03b-67d8cedf9bac@group-7721F5E41DA9: changes role from  FOLLOWER to CANDIDATE at term 0 for changeToCandidate
2019-10-04 08:09:09,972 [Thread-2894] INFO  impl.RoleInfo (RoleInfo.java:updateAndGet(143)) - b604db3c-4fe1-481b-b03b-67d8cedf9bac: start LeaderElection
2019-10-04 08:09:09,997 [87531f07-bbe4-4083-9325-2f5525f6d6ba@group-33B2382E1A01-SegmentedRaftLogWorker] INFO  segmented.SegmentedRaftLogWorker (SegmentedRaftLogWorker.java:execute(574)) - 87531f07-bbe4-4083-9325-2f5525f6d6ba@group-33B2382E1A01-SegmentedRaftLogWorker: created new log segment /workdir/hadoop-ozone/integration-test/target/test-dir/MiniOzoneClusterImpl-fc615848-cf41-4b62-93ca-35284ed11942/datanode-0/data/ratis/0f703ef4-a8a2-4c35-b24f-33b2382e1a01/current/log_inprogress_0
2019-10-04 08:09:10,011 [b604db3c-4fe1-481b-b03b-67d8cedf9bac@group-7721F5E41DA9-LeaderElection55] INFO  impl.LeaderElection (LeaderElection.java:askForVotes(178)) - b604db3c-4fe1-481b-b03b-67d8cedf9bac@group-7721F5E41DA9-LeaderElection55: begin an election at term 1 for -1: [b604db3c-4fe1-481b-b03b-67d8cedf9bac:192.168.30.44:42232], old=null
2019-10-04 08:09:10,011 [b604db3c-4fe1-481b-b03b-67d8cedf9bac@group-7721F5E41DA9-LeaderElection55] INFO  impl.RoleInfo (RoleInfo.java:shutdownLeaderElection(134)) - b604db3c-4fe1-481b-b03b-67d8cedf9bac: shutdown LeaderElection
2019-10-04 08:09:10,011 [b604db3c-4fe1-481b-b03b-67d8cedf9bac@group-7721F5E41DA9-LeaderElection55] INFO  impl.RaftServerImpl (RaftServerImpl.java:setRole(170)) - b604db3c-4fe1-481b-b03b-67d8cedf9bac@group-7721F5E41DA9: changes role from CANDIDATE to LEADER at term 1 for changeToLeader
2019-10-04 08:09:10,011 [b604db3c-4fe1-481b-b03b-67d8cedf9bac@group-7721F5E41DA9-LeaderElection55] INFO  impl.RaftServerImpl (ServerState.java:setLeader(255)) - b604db3c-4fe1-481b-b03b-67d8cedf9bac@group-7721F5E41DA9: change Leader from null to b604db3c-4fe1-481b-b03b-67d8cedf9bac at term 1 for becomeLeader, leader elected after 5135ms
2019-10-04 08:09:10,011 [b604db3c-4fe1-481b-b03b-67d8cedf9bac@group-7721F5E41DA9-LeaderElection55] INFO  server.RaftServerConfigKeys (ConfUtils.java:logGet(43)) - raft.server.staging.catchup.gap = 1000 (default)
2019-10-04 08:09:10,011 [b604db3c-4fe1-481b-b03b-67d8cedf9bac@group-7721F5E41DA9-LeaderElection55] INFO  server.RaftServerConfigKeys (ConfUtils.java:logGet(43)) - raft.server.rpc.sleep.time = 25ms (default)
2019-10-04 08:09:10,012 [b604db3c-4fe1-481b-b03b-67d8cedf9bac@group-7721F5E41DA9-LeaderElection55] INFO  server.RaftServerConfigKeys (ConfUtils.java:logGet(43)) - raft.server.write.element-limit = 4096 (default)
2019-10-04 08:09:10,012 [b604db3c-4fe1-481b-b03b-67d8cedf9bac@group-7721F5E41DA9-LeaderElection55] INFO  server.RaftServerConfigKeys (ConfUtils.java:logGet(43)) - raft.server.watch.timeout = 10s (default)
2019-10-04 08:09:10,012 [b604db3c-4fe1-481b-b03b-67d8cedf9bac@group-7721F5E41DA9-LeaderElection55] INFO  server.RaftServerConfigKeys (ConfUtils.java:logGet(43)) - raft.server.watch.timeout.denomination = 1s (default)
2019-10-04 08:09:10,012 [b604db3c-4fe1-481b-b03b-67d8cedf9bac@group-7721F5E41DA9-LeaderElection55] INFO  server.RaftServerConfigKeys (ConfUtils.java:logGet(43)) - raft.server.watch.element-limit = 65536 (default)
2019-10-04 08:09:10,014 [b604db3c-4fe1-481b-b03b-67d8cedf9bac@group-7721F5E41DA9-LeaderElection55] INFO  impl.RoleInfo (RoleInfo.java:updateAndGet(143)) - b604db3c-4fe1-481b-b03b-67d8cedf9bac: start LeaderState
2019-10-04 08:09:10,014 [b604db3c-4fe1-481b-b03b-67d8cedf9bac@group-7721F5E41DA9-LeaderElection55] INFO  segmented.SegmentedRaftLogWorker (SegmentedRaftLogWorker.java:startLogSegment(385)) - b604db3c-4fe1-481b-b03b-67d8cedf9bac@group-7721F5E41DA9-SegmentedRaftLogWorker: Starting segment from index:0
2019-10-04 08:09:10,014 [b604db3c-4fe1-481b-b03b-67d8cedf9bac@group-7721F5E41DA9-LeaderElection55] INFO  impl.RaftServerImpl (ServerState.java:setRaftConf(356)) - b604db3c-4fe1-481b-b03b-67d8cedf9bac@group-7721F5E41DA9: set configuration 0: [b604db3c-4fe1-481b-b03b-67d8cedf9bac:192.168.30.44:42232], old=null at 0
2019-10-04 08:09:10,050 [Thread-2897] INFO  impl.FollowerState (FollowerState.java:run(108)) - 5d2a1223-0e23-4d85-be9b-2c5d2b41fb37@group-1FF51DF35117-FollowerState: change to CANDIDATE, lastRpcTime:5118ms, electionTimeout:5101ms
2019-10-04 08:09:10,050 [Thread-2900] INFO  impl.FollowerState (FollowerState.java:run(108)) - 999b9f8d-9896-464d-b2ab-2fa0111ec6b5@group-418E6131C8D0-FollowerState: change to CANDIDATE, lastRpcTime:5058ms, electionTimeout:5036ms
2019-10-04 08:09:10,050 [Thread-2897] INFO  impl.RoleInfo (RoleInfo.java:shutdownFollowerState(121)) - 5d2a1223-0e23-4d85-be9b-2c5d2b41fb37: shutdown FollowerState
2019-10-04 08:09:10,050 [Thread-2900] INFO  impl.RoleInfo (RoleInfo.java:shutdownFollowerState(121)) - 999b9f8d-9896-464d-b2ab-2fa0111ec6b5: shutdown FollowerState
2019-10-04 08:09:10,050 [Thread-2897] INFO  impl.RaftServerImpl (RaftServerImpl.java:setRole(170)) - 5d2a1223-0e23-4d85-be9b-2c5d2b41fb37@group-1FF51DF35117: changes role from  FOLLOWER to CANDIDATE at term 0 for changeToCandidate
2019-10-04 08:09:10,050 [Thread-2900] INFO  impl.RaftServerImpl (RaftServerImpl.java:setRole(170)) - 999b9f8d-9896-464d-b2ab-2fa0111ec6b5@group-418E6131C8D0: changes role from  FOLLOWER to CANDIDATE at term 0 for changeToCandidate
2019-10-04 08:09:10,050 [Thread-2897] INFO  impl.RoleInfo (RoleInfo.java:updateAndGet(143)) - 5d2a1223-0e23-4d85-be9b-2c5d2b41fb37: start LeaderElection
2019-10-04 08:09:10,051 [Thread-2900] INFO  impl.RoleInfo (RoleInfo.java:updateAndGet(143)) - 999b9f8d-9896-464d-b2ab-2fa0111ec6b5: start LeaderElection
2019-10-04 08:09:10,071 [b604db3c-4fe1-481b-b03b-67d8cedf9bac@group-7721F5E41DA9-SegmentedRaftLogWorker] INFO  segmented.SegmentedRaftLogWorker (SegmentedRaftLogWorker.java:execute(574)) - b604db3c-4fe1-481b-b03b-67d8cedf9bac@group-7721F5E41DA9-SegmentedRaftLogWorker: created new log segment /workdir/hadoop-ozone/integration-test/target/test-dir/MiniOzoneClusterImpl-fc615848-cf41-4b62-93ca-35284ed11942/datanode-1/data/ratis/02df0474-c5f7-4fc5-b604-7721f5e41da9/current/log_inprogress_0
2019-10-04 08:09:10,071 [5d2a1223-0e23-4d85-be9b-2c5d2b41fb37@group-1FF51DF35117-LeaderElection56] INFO  impl.LeaderElection (LeaderElection.java:askForVotes(178)) - 5d2a1223-0e23-4d85-be9b-2c5d2b41fb37@group-1FF51DF35117-LeaderElection56: begin an election at term 1 for -1: [5d2a1223-0e23-4d85-be9b-2c5d2b41fb37:192.168.30.44:37956], old=null
2019-10-04 08:09:10,071 [999b9f8d-9896-464d-b2ab-2fa0111ec6b5@group-418E6131C8D0-LeaderElection57] INFO  impl.LeaderElection (LeaderElection.java:askForVotes(178)) - 999b9f8d-9896-464d-b2ab-2fa0111ec6b5@group-418E6131C8D0-LeaderElection57: begin an election at term 1 for -1: [999b9f8d-9896-464d-b2ab-2fa0111ec6b5:192.168.30.44:45963], old=null
2019-10-04 08:09:10,071 [5d2a1223-0e23-4d85-be9b-2c5d2b41fb37@group-1FF51DF35117-LeaderElection56] INFO  impl.RoleInfo (RoleInfo.java:shutdownLeaderElection(134)) - 5d2a1223-0e23-4d85-be9b-2c5d2b41fb37: shutdown LeaderElection
2019-10-04 08:09:10,071 [999b9f8d-9896-464d-b2ab-2fa0111ec6b5@group-418E6131C8D0-LeaderElection57] INFO  impl.RoleInfo (RoleInfo.java:shutdownLeaderElection(134)) - 999b9f8d-9896-464d-b2ab-2fa0111ec6b5: shutdown LeaderElection
2019-10-04 08:09:10,071 [5d2a1223-0e23-4d85-be9b-2c5d2b41fb37@group-1FF51DF35117-LeaderElection56] INFO  impl.RaftServerImpl (RaftServerImpl.java:setRole(170)) - 5d2a1223-0e23-4d85-be9b-2c5d2b41fb37@group-1FF51DF35117: changes role from CANDIDATE to LEADER at term 1 for changeToLeader
2019-10-04 08:09:10,071 [999b9f8d-9896-464d-b2ab-2fa0111ec6b5@group-418E6131C8D0-LeaderElection57] INFO  impl.RaftServerImpl (RaftServerImpl.java:setRole(170)) - 999b9f8d-9896-464d-b2ab-2fa0111ec6b5@group-418E6131C8D0: changes role from CANDIDATE to LEADER at term 1 for changeToLeader
2019-10-04 08:09:10,071 [5d2a1223-0e23-4d85-be9b-2c5d2b41fb37@group-1FF51DF35117-LeaderElection56] INFO  impl.RaftServerImpl (ServerState.java:setLeader(255)) - 5d2a1223-0e23-4d85-be9b-2c5d2b41fb37@group-1FF51DF35117: change Leader from null to 5d2a1223-0e23-4d85-be9b-2c5d2b41fb37 at term 1 for becomeLeader, leader elected after 5145ms
2019-10-04 08:09:10,071 [999b9f8d-9896-464d-b2ab-2fa0111ec6b5@group-418E6131C8D0-LeaderElection57] INFO  impl.RaftServerImpl (ServerState.java:setLeader(255)) - 999b9f8d-9896-464d-b2ab-2fa0111ec6b5@group-418E6131C8D0: change Leader from null to 999b9f8d-9896-464d-b2ab-2fa0111ec6b5 at term 1 for becomeLeader, leader elected after 5085ms
2019-10-04 08:09:10,072 [5d2a1223-0e23-4d85-be9b-2c5d2b41fb37@group-1FF51DF35117-LeaderElection56] INFO  server.RaftServerConfigKeys (ConfUtils.java:logGet(43)) - raft.server.staging.catchup.gap = 1000 (default)
2019-10-04 08:09:10,072 [999b9f8d-9896-464d-b2ab-2fa0111ec6b5@group-418E6131C8D0-LeaderElection57] INFO  server.RaftServerConfigKeys (ConfUtils.java:logGet(43)) - raft.server.staging.catchup.gap = 1000 (default)
2019-10-04 08:09:10,072 [5d2a1223-0e23-4d85-be9b-2c5d2b41fb37@group-1FF51DF35117-LeaderElection56] INFO  server.RaftServerConfigKeys (ConfUtils.java:logGet(43)) - raft.server.rpc.sleep.time = 25ms (default)
2019-10-04 08:09:10,072 [999b9f8d-9896-464d-b2ab-2fa0111ec6b5@group-418E6131C8D0-LeaderElection57] INFO  server.RaftServerConfigKeys (ConfUtils.java:logGet(43)) - raft.server.rpc.sleep.time = 25ms (default)
2019-10-04 08:09:10,072 [5d2a1223-0e23-4d85-be9b-2c5d2b41fb37@group-1FF51DF35117-LeaderElection56] INFO  server.RaftServerConfigKeys (ConfUtils.java:logGet(43)) - raft.server.write.element-limit = 4096 (default)
2019-10-04 08:09:10,072 [999b9f8d-9896-464d-b2ab-2fa0111ec6b5@group-418E6131C8D0-LeaderElection57] INFO  server.RaftServerConfigKeys (ConfUtils.java:logGet(43)) - raft.server.write.element-limit = 4096 (default)
2019-10-04 08:09:10,072 [5d2a1223-0e23-4d85-be9b-2c5d2b41fb37@group-1FF51DF35117-LeaderElection56] INFO  server.RaftServerConfigKeys (ConfUtils.java:logGet(43)) - raft.server.watch.timeout = 10s (default)
2019-10-04 08:09:10,072 [999b9f8d-9896-464d-b2ab-2fa0111ec6b5@group-418E6131C8D0-LeaderElection57] INFO  server.RaftServerConfigKeys (ConfUtils.java:logGet(43)) - raft.server.watch.timeout = 10s (default)
2019-10-04 08:09:10,073 [5d2a1223-0e23-4d85-be9b-2c5d2b41fb37@group-1FF51DF35117-LeaderElection56] INFO  server.RaftServerConfigKeys (ConfUtils.java:logGet(43)) - raft.server.watch.timeout.denomination = 1s (default)
2019-10-04 08:09:10,073 [999b9f8d-9896-464d-b2ab-2fa0111ec6b5@group-418E6131C8D0-LeaderElection57] INFO  server.RaftServerConfigKeys (ConfUtils.java:logGet(43)) - raft.server.watch.timeout.denomination = 1s (default)
2019-10-04 08:09:10,073 [5d2a1223-0e23-4d85-be9b-2c5d2b41fb37@group-1FF51DF35117-LeaderElection56] INFO  server.RaftServerConfigKeys (ConfUtils.java:logGet(43)) - raft.server.watch.element-limit = 65536 (default)
2019-10-04 08:09:10,073 [999b9f8d-9896-464d-b2ab-2fa0111ec6b5@group-418E6131C8D0-LeaderElection57] INFO  server.RaftServerConfigKeys (ConfUtils.java:logGet(43)) - raft.server.watch.element-limit = 65536 (default)
2019-10-04 08:09:10,076 [5d2a1223-0e23-4d85-be9b-2c5d2b41fb37@group-1FF51DF35117-LeaderElection56] INFO  impl.RoleInfo (RoleInfo.java:updateAndGet(143)) - 5d2a1223-0e23-4d85-be9b-2c5d2b41fb37: start LeaderState
2019-10-04 08:09:10,076 [5d2a1223-0e23-4d85-be9b-2c5d2b41fb37@group-1FF51DF35117-LeaderElection56] INFO  segmented.SegmentedRaftLogWorker (SegmentedRaftLogWorker.java:startLogSegment(385)) - 5d2a1223-0e23-4d85-be9b-2c5d2b41fb37@group-1FF51DF35117-SegmentedRaftLogWorker: Starting segment from index:0
2019-10-04 08:09:10,076 [999b9f8d-9896-464d-b2ab-2fa0111ec6b5@group-418E6131C8D0-LeaderElection57] INFO  impl.RoleInfo (RoleInfo.java:updateAndGet(143)) - 999b9f8d-9896-464d-b2ab-2fa0111ec6b5: start LeaderState
2019-10-04 08:09:10,077 [999b9f8d-9896-464d-b2ab-2fa0111ec6b5@group-418E6131C8D0-LeaderElection57] INFO  segmented.SegmentedRaftLogWorker (SegmentedRaftLogWorker.java:startLogSegment(385)) - 999b9f8d-9896-464d-b2ab-2fa0111ec6b5@group-418E6131C8D0-SegmentedRaftLogWorker: Starting segment from index:0
2019-10-04 08:09:10,077 [5d2a1223-0e23-4d85-be9b-2c5d2b41fb37@group-1FF51DF35117-LeaderElection56] INFO  impl.RaftServerImpl (ServerState.java:setRaftConf(356)) - 5d2a1223-0e23-4d85-be9b-2c5d2b41fb37@group-1FF51DF35117: set configuration 0: [5d2a1223-0e23-4d85-be9b-2c5d2b41fb37:192.168.30.44:37956], old=null at 0
2019-10-04 08:09:10,104 [Thread-2903] INFO  impl.FollowerState (FollowerState.java:run(108)) - 42edd144-1281-44cd-8bb0-48942e6c21ea@group-38FDE17B4116-FollowerState: change to CANDIDATE, lastRpcTime:5011ms, electionTimeout:5003ms
2019-10-04 08:09:10,104 [Thread-2903] INFO  impl.RoleInfo (RoleInfo.java:shutdownFollowerState(121)) - 42edd144-1281-44cd-8bb0-48942e6c21ea: shutdown FollowerState
2019-10-04 08:09:10,104 [999b9f8d-9896-464d-b2ab-2fa0111ec6b5@group-418E6131C8D0-LeaderElection57] INFO  impl.RaftServerImpl (ServerState.java:setRaftConf(356)) - 999b9f8d-9896-464d-b2ab-2fa0111ec6b5@group-418E6131C8D0: set configuration 0: [999b9f8d-9896-464d-b2ab-2fa0111ec6b5:192.168.30.44:45963], old=null at 0
2019-10-04 08:09:10,104 [Thread-2903] INFO  impl.RaftServerImpl (RaftServerImpl.java:setRole(170)) - 42edd144-1281-44cd-8bb0-48942e6c21ea@group-38FDE17B4116: changes role from  FOLLOWER to CANDIDATE at term 0 for changeToCandidate
2019-10-04 08:09:10,108 [Thread-2903] INFO  impl.RoleInfo (RoleInfo.java:updateAndGet(143)) - 42edd144-1281-44cd-8bb0-48942e6c21ea: start LeaderElection
2019-10-04 08:09:10,140 [5d2a1223-0e23-4d85-be9b-2c5d2b41fb37@group-1FF51DF35117-SegmentedRaftLogWorker] INFO  segmented.SegmentedRaftLogWorker (SegmentedRaftLogWorker.java:execute(574)) - 5d2a1223-0e23-4d85-be9b-2c5d2b41fb37@group-1FF51DF35117-SegmentedRaftLogWorker: created new log segment /workdir/hadoop-ozone/integration-test/target/test-dir/MiniOzoneClusterImpl-fc615848-cf41-4b62-93ca-35284ed11942/datanode-2/data/ratis/eec5cad8-4d77-41b2-880e-1ff51df35117/current/log_inprogress_0
2019-10-04 08:09:10,173 [999b9f8d-9896-464d-b2ab-2fa0111ec6b5@group-418E6131C8D0-SegmentedRaftLogWorker] INFO  segmented.SegmentedRaftLogWorker (SegmentedRaftLogWorker.java:execute(574)) - 999b9f8d-9896-464d-b2ab-2fa0111ec6b5@group-418E6131C8D0-SegmentedRaftLogWorker: created new log segment /workdir/hadoop-ozone/integration-test/target/test-dir/MiniOzoneClusterImpl-fc615848-cf41-4b62-93ca-35284ed11942/datanode-3/data/ratis/9bb2354c-c3f7-4e72-892c-418e6131c8d0/current/log_inprogress_0
2019-10-04 08:09:10,173 [42edd144-1281-44cd-8bb0-48942e6c21ea@group-38FDE17B4116-LeaderElection58] INFO  impl.LeaderElection (LeaderElection.java:askForVotes(178)) - 42edd144-1281-44cd-8bb0-48942e6c21ea@group-38FDE17B4116-LeaderElection58: begin an election at term 1 for -1: [42edd144-1281-44cd-8bb0-48942e6c21ea:192.168.30.44:37127], old=null
2019-10-04 08:09:10,174 [42edd144-1281-44cd-8bb0-48942e6c21ea@group-38FDE17B4116-LeaderElection58] INFO  impl.RoleInfo (RoleInfo.java:shutdownLeaderElection(134)) - 42edd144-1281-44cd-8bb0-48942e6c21ea: shutdown LeaderElection
2019-10-04 08:09:10,174 [42edd144-1281-44cd-8bb0-48942e6c21ea@group-38FDE17B4116-LeaderElection58] INFO  impl.RaftServerImpl (RaftServerImpl.java:setRole(170)) - 42edd144-1281-44cd-8bb0-48942e6c21ea@group-38FDE17B4116: changes role from CANDIDATE to LEADER at term 1 for changeToLeader
2019-10-04 08:09:10,174 [42edd144-1281-44cd-8bb0-48942e6c21ea@group-38FDE17B4116-LeaderElection58] INFO  impl.RaftServerImpl (ServerState.java:setLeader(255)) - 42edd144-1281-44cd-8bb0-48942e6c21ea@group-38FDE17B4116: change Leader from null to 42edd144-1281-44cd-8bb0-48942e6c21ea at term 1 for becomeLeader, leader elected after 5087ms
2019-10-04 08:09:10,174 [42edd144-1281-44cd-8bb0-48942e6c21ea@group-38FDE17B4116-LeaderElection58] INFO  server.RaftServerConfigKeys (ConfUtils.java:logGet(43)) - raft.server.staging.catchup.gap = 1000 (default)
2019-10-04 08:09:10,174 [42edd144-1281-44cd-8bb0-48942e6c21ea@group-38FDE17B4116-LeaderElection58] INFO  server.RaftServerConfigKeys (ConfUtils.java:logGet(43)) - raft.server.rpc.sleep.time = 25ms (default)
2019-10-04 08:09:10,174 [42edd144-1281-44cd-8bb0-48942e6c21ea@group-38FDE17B4116-LeaderElection58] INFO  server.RaftServerConfigKeys (ConfUtils.java:logGet(43)) - raft.server.write.element-limit = 4096 (default)
2019-10-04 08:09:10,174 [42edd144-1281-44cd-8bb0-48942e6c21ea@group-38FDE17B4116-LeaderElection58] INFO  server.RaftServerConfigKeys (ConfUtils.java:logGet(43)) - raft.server.watch.timeout = 10s (default)
2019-10-04 08:09:10,175 [42edd144-1281-44cd-8bb0-48942e6c21ea@group-38FDE17B4116-LeaderElection58] INFO  server.RaftServerConfigKeys (ConfUtils.java:logGet(43)) - raft.server.watch.timeout.denomination = 1s (default)
2019-10-04 08:09:10,175 [42edd144-1281-44cd-8bb0-48942e6c21ea@group-38FDE17B4116-LeaderElection58] INFO  server.RaftServerConfigKeys (ConfUtils.java:logGet(43)) - raft.server.watch.element-limit = 65536 (default)
2019-10-04 08:09:10,176 [42edd144-1281-44cd-8bb0-48942e6c21ea@group-38FDE17B4116-LeaderElection58] INFO  impl.RoleInfo (RoleInfo.java:updateAndGet(143)) - 42edd144-1281-44cd-8bb0-48942e6c21ea: start LeaderState
2019-10-04 08:09:10,177 [42edd144-1281-44cd-8bb0-48942e6c21ea@group-38FDE17B4116-LeaderElection58] INFO  segmented.SegmentedRaftLogWorker (SegmentedRaftLogWorker.java:startLogSegment(385)) - 42edd144-1281-44cd-8bb0-48942e6c21ea@group-38FDE17B4116-SegmentedRaftLogWorker: Starting segment from index:0
2019-10-04 08:09:10,177 [42edd144-1281-44cd-8bb0-48942e6c21ea@group-38FDE17B4116-LeaderElection58] INFO  impl.RaftServerImpl (ServerState.java:setRaftConf(356)) - 42edd144-1281-44cd-8bb0-48942e6c21ea@group-38FDE17B4116: set configuration 0: [42edd144-1281-44cd-8bb0-48942e6c21ea:192.168.30.44:37127], old=null at 0
2019-10-04 08:09:10,236 [42edd144-1281-44cd-8bb0-48942e6c21ea@group-38FDE17B4116-SegmentedRaftLogWorker] INFO  segmented.SegmentedRaftLogWorker (SegmentedRaftLogWorker.java:execute(574)) - 42edd144-1281-44cd-8bb0-48942e6c21ea@group-38FDE17B4116-SegmentedRaftLogWorker: created new log segment /workdir/hadoop-ozone/integration-test/target/test-dir/MiniOzoneClusterImpl-fc615848-cf41-4b62-93ca-35284ed11942/datanode-4/data/ratis/c2397b3b-5714-4d4f-a4c4-38fde17b4116/current/log_inprogress_0
2019-10-04 08:09:10,330 [Thread-2906] INFO  impl.FollowerState (FollowerState.java:run(108)) - 487589ec-ad7e-4ef6-803a-650f69006185@group-826045D778D8-FollowerState: change to CANDIDATE, lastRpcTime:5161ms, electionTimeout:5161ms
2019-10-04 08:09:10,331 [Thread-2906] INFO  impl.RoleInfo (RoleInfo.java:shutdownFollowerState(121)) - 487589ec-ad7e-4ef6-803a-650f69006185: shutdown FollowerState
2019-10-04 08:09:10,331 [Thread-2906] INFO  impl.RaftServerImpl (RaftServerImpl.java:setRole(170)) - 487589ec-ad7e-4ef6-803a-650f69006185@group-826045D778D8: changes role from  FOLLOWER to CANDIDATE at term 0 for changeToCandidate
2019-10-04 08:09:10,331 [Thread-2906] INFO  impl.RoleInfo (RoleInfo.java:updateAndGet(143)) - 487589ec-ad7e-4ef6-803a-650f69006185: start LeaderElection
2019-10-04 08:09:10,354 [Thread-2915] INFO  impl.FollowerState (FollowerState.java:run(108)) - b604db3c-4fe1-481b-b03b-67d8cedf9bac@group-8BA8EA3E883D-FollowerState: change to CANDIDATE, lastRpcTime:5005ms, electionTimeout:5005ms
2019-10-04 08:09:10,354 [Thread-2915] INFO  impl.RoleInfo (RoleInfo.java:shutdownFollowerState(121)) - b604db3c-4fe1-481b-b03b-67d8cedf9bac: shutdown FollowerState
2019-10-04 08:09:10,354 [Thread-2915] INFO  impl.RaftServerImpl (RaftServerImpl.java:setRole(170)) - b604db3c-4fe1-481b-b03b-67d8cedf9bac@group-8BA8EA3E883D: changes role from  FOLLOWER to CANDIDATE at term 0 for changeToCandidate
2019-10-04 08:09:10,354 [Thread-2915] INFO  impl.RoleInfo (RoleInfo.java:updateAndGet(143)) - b604db3c-4fe1-481b-b03b-67d8cedf9bac: start LeaderElection
2019-10-04 08:09:10,363 [Thread-2913] INFO  impl.FollowerState (FollowerState.java:run(108)) - 42edd144-1281-44cd-8bb0-48942e6c21ea@group-8BA8EA3E883D-FollowerState: change to CANDIDATE, lastRpcTime:5015ms, electionTimeout:5015ms
2019-10-04 08:09:10,363 [Thread-2913] INFO  impl.RoleInfo (RoleInfo.java:shutdownFollowerState(121)) - 42edd144-1281-44cd-8bb0-48942e6c21ea: shutdown FollowerState
2019-10-04 08:09:10,363 [Thread-2913] INFO  impl.RaftServerImpl (RaftServerImpl.java:setRole(170)) - 42edd144-1281-44cd-8bb0-48942e6c21ea@group-8BA8EA3E883D: changes role from  FOLLOWER to CANDIDATE at term 0 for changeToCandidate
2019-10-04 08:09:10,363 [Thread-2913] INFO  impl.RoleInfo (RoleInfo.java:updateAndGet(143)) - 42edd144-1281-44cd-8bb0-48942e6c21ea: start LeaderElection
2019-10-04 08:09:10,369 [Thread-2916] INFO  impl.FollowerState (FollowerState.java:run(108)) - 487589ec-ad7e-4ef6-803a-650f69006185@group-8BA8EA3E883D-FollowerState: change to CANDIDATE, lastRpcTime:5018ms, electionTimeout:5018ms
2019-10-04 08:09:10,369 [Thread-2916] INFO  impl.RoleInfo (RoleInfo.java:shutdownFollowerState(121)) - 487589ec-ad7e-4ef6-803a-650f69006185: shutdown FollowerState
2019-10-04 08:09:10,369 [Thread-2916] INFO  impl.RaftServerImpl (RaftServerImpl.java:setRole(170)) - 487589ec-ad7e-4ef6-803a-650f69006185@group-8BA8EA3E883D: changes role from  FOLLOWER to CANDIDATE at term 0 for changeToCandidate
2019-10-04 08:09:10,369 [Thread-2916] INFO  impl.RoleInfo (RoleInfo.java:updateAndGet(143)) - 487589ec-ad7e-4ef6-803a-650f69006185: start LeaderElection
2019-10-04 08:09:10,377 [487589ec-ad7e-4ef6-803a-650f69006185@group-826045D778D8-LeaderElection59] INFO  impl.LeaderElection (LeaderElection.java:askForVotes(178)) - 487589ec-ad7e-4ef6-803a-650f69006185@group-826045D778D8-LeaderElection59: begin an election at term 1 for -1: [487589ec-ad7e-4ef6-803a-650f69006185:192.168.30.44:38924], old=null
2019-10-04 08:09:10,377 [487589ec-ad7e-4ef6-803a-650f69006185@group-826045D778D8-LeaderElection59] INFO  impl.RoleInfo (RoleInfo.java:shutdownLeaderElection(134)) - 487589ec-ad7e-4ef6-803a-650f69006185: shutdown LeaderElection
2019-10-04 08:09:10,377 [487589ec-ad7e-4ef6-803a-650f69006185@group-826045D778D8-LeaderElection59] INFO  impl.RaftServerImpl (RaftServerImpl.java:setRole(170)) - 487589ec-ad7e-4ef6-803a-650f69006185@group-826045D778D8: changes role from CANDIDATE to LEADER at term 1 for changeToLeader
2019-10-04 08:09:10,377 [487589ec-ad7e-4ef6-803a-650f69006185@group-826045D778D8-LeaderElection59] INFO  impl.RaftServerImpl (ServerState.java:setLeader(255)) - 487589ec-ad7e-4ef6-803a-650f69006185@group-826045D778D8: change Leader from null to 487589ec-ad7e-4ef6-803a-650f69006185 at term 1 for becomeLeader, leader elected after 5215ms
2019-10-04 08:09:10,378 [487589ec-ad7e-4ef6-803a-650f69006185@group-826045D778D8-LeaderElection59] INFO  server.RaftServerConfigKeys (ConfUtils.java:logGet(43)) - raft.server.staging.catchup.gap = 1000 (default)
2019-10-04 08:09:10,378 [487589ec-ad7e-4ef6-803a-650f69006185@group-826045D778D8-LeaderElection59] INFO  server.RaftServerConfigKeys (ConfUtils.java:logGet(43)) - raft.server.rpc.sleep.time = 25ms (default)
2019-10-04 08:09:10,378 [487589ec-ad7e-4ef6-803a-650f69006185@group-826045D778D8-LeaderElection59] INFO  server.RaftServerConfigKeys (ConfUtils.java:logGet(43)) - raft.server.write.element-limit = 4096 (default)
2019-10-04 08:09:10,378 [487589ec-ad7e-4ef6-803a-650f69006185@group-826045D778D8-LeaderElection59] INFO  server.RaftServerConfigKeys (ConfUtils.java:logGet(43)) - raft.server.watch.timeout = 10s (default)
2019-10-04 08:09:10,378 [487589ec-ad7e-4ef6-803a-650f69006185@group-826045D778D8-LeaderElection59] INFO  server.RaftServerConfigKeys (ConfUtils.java:logGet(43)) - raft.server.watch.timeout.denomination = 1s (default)
2019-10-04 08:09:10,378 [487589ec-ad7e-4ef6-803a-650f69006185@group-826045D778D8-LeaderElection59] INFO  server.RaftServerConfigKeys (ConfUtils.java:logGet(43)) - raft.server.watch.element-limit = 65536 (default)
2019-10-04 08:09:10,380 [487589ec-ad7e-4ef6-803a-650f69006185@group-826045D778D8-LeaderElection59] INFO  impl.RoleInfo (RoleInfo.java:updateAndGet(143)) - 487589ec-ad7e-4ef6-803a-650f69006185: start LeaderState
2019-10-04 08:09:10,380 [487589ec-ad7e-4ef6-803a-650f69006185@group-826045D778D8-LeaderElection59] INFO  segmented.SegmentedRaftLogWorker (SegmentedRaftLogWorker.java:startLogSegment(385)) - 487589ec-ad7e-4ef6-803a-650f69006185@group-826045D778D8-SegmentedRaftLogWorker: Starting segment from index:0
2019-10-04 08:09:10,381 [487589ec-ad7e-4ef6-803a-650f69006185@group-826045D778D8-LeaderElection59] INFO  impl.RaftServerImpl (ServerState.java:setRaftConf(356)) - 487589ec-ad7e-4ef6-803a-650f69006185@group-826045D778D8: set configuration 0: [487589ec-ad7e-4ef6-803a-650f69006185:192.168.30.44:38924], old=null at 0
2019-10-04 08:09:10,386 [Thread-2909] INFO  impl.FollowerState (FollowerState.java:run(108)) - 426b4f77-b502-47d6-a6eb-a4300ace0f14@group-609BE6EAE854-FollowerState: change to CANDIDATE, lastRpcTime:5140ms, electionTimeout:5139ms
2019-10-04 08:09:10,386 [Thread-2909] INFO  impl.RoleInfo (RoleInfo.java:shutdownFollowerState(121)) - 426b4f77-b502-47d6-a6eb-a4300ace0f14: shutdown FollowerState
2019-10-04 08:09:10,386 [Thread-2909] INFO  impl.RaftServerImpl (RaftServerImpl.java:setRole(170)) - 426b4f77-b502-47d6-a6eb-a4300ace0f14@group-609BE6EAE854: changes role from  FOLLOWER to CANDIDATE at term 0 for changeToCandidate
2019-10-04 08:09:10,386 [Thread-2909] INFO  impl.RoleInfo (RoleInfo.java:updateAndGet(143)) - 426b4f77-b502-47d6-a6eb-a4300ace0f14: start LeaderElection
2019-10-04 08:09:10,423 [487589ec-ad7e-4ef6-803a-650f69006185@group-8BA8EA3E883D-LeaderElection62] INFO  impl.LeaderElection (LeaderElection.java:askForVotes(178)) - 487589ec-ad7e-4ef6-803a-650f69006185@group-8BA8EA3E883D-LeaderElection62: begin an election at term 1 for -1: [42edd144-1281-44cd-8bb0-48942e6c21ea:192.168.30.44:37127, b604db3c-4fe1-481b-b03b-67d8cedf9bac:192.168.30.44:42232, 487589ec-ad7e-4ef6-803a-650f69006185:192.168.30.44:38924], old=null
2019-10-04 08:09:10,423 [b604db3c-4fe1-481b-b03b-67d8cedf9bac@group-8BA8EA3E883D-LeaderElection60] INFO  impl.LeaderElection (LeaderElection.java:askForVotes(178)) - b604db3c-4fe1-481b-b03b-67d8cedf9bac@group-8BA8EA3E883D-LeaderElection60: begin an election at term 1 for -1: [42edd144-1281-44cd-8bb0-48942e6c21ea:192.168.30.44:37127, b604db3c-4fe1-481b-b03b-67d8cedf9bac:192.168.30.44:42232, 487589ec-ad7e-4ef6-803a-650f69006185:192.168.30.44:38924], old=null
2019-10-04 08:09:10,423 [42edd144-1281-44cd-8bb0-48942e6c21ea@group-8BA8EA3E883D-LeaderElection61] INFO  impl.LeaderElection (LeaderElection.java:askForVotes(178)) - 42edd144-1281-44cd-8bb0-48942e6c21ea@group-8BA8EA3E883D-LeaderElection61: begin an election at term 1 for -1: [42edd144-1281-44cd-8bb0-48942e6c21ea:192.168.30.44:37127, b604db3c-4fe1-481b-b03b-67d8cedf9bac:192.168.30.44:42232, 487589ec-ad7e-4ef6-803a-650f69006185:192.168.30.44:38924], old=null
2019-10-04 08:09:10,445 [487589ec-ad7e-4ef6-803a-650f69006185@group-826045D778D8-SegmentedRaftLogWorker] INFO  segmented.SegmentedRaftLogWorker (SegmentedRaftLogWorker.java:execute(574)) - 487589ec-ad7e-4ef6-803a-650f69006185@group-826045D778D8-SegmentedRaftLogWorker: created new log segment /workdir/hadoop-ozone/integration-test/target/test-dir/MiniOzoneClusterImpl-fc615848-cf41-4b62-93ca-35284ed11942/datanode-5/data/ratis/29522e0c-9b7c-48bc-8096-826045d778d8/current/log_inprogress_0
2019-10-04 08:09:10,445 [426b4f77-b502-47d6-a6eb-a4300ace0f14@group-609BE6EAE854-LeaderElection63] INFO  impl.LeaderElection (LeaderElection.java:askForVotes(178)) - 426b4f77-b502-47d6-a6eb-a4300ace0f14@group-609BE6EAE854-LeaderElection63: begin an election at term 1 for -1: [426b4f77-b502-47d6-a6eb-a4300ace0f14:192.168.30.44:39158], old=null
2019-10-04 08:09:10,445 [426b4f77-b502-47d6-a6eb-a4300ace0f14@group-609BE6EAE854-LeaderElection63] INFO  impl.RoleInfo (RoleInfo.java:shutdownLeaderElection(134)) - 426b4f77-b502-47d6-a6eb-a4300ace0f14: shutdown LeaderElection
2019-10-04 08:09:10,445 [426b4f77-b502-47d6-a6eb-a4300ace0f14@group-609BE6EAE854-LeaderElection63] INFO  impl.RaftServerImpl (RaftServerImpl.java:setRole(170)) - 426b4f77-b502-47d6-a6eb-a4300ace0f14@group-609BE6EAE854: changes role from CANDIDATE to LEADER at term 1 for changeToLeader
2019-10-04 08:09:10,456 [426b4f77-b502-47d6-a6eb-a4300ace0f14@group-609BE6EAE854-LeaderElection63] INFO  impl.RaftServerImpl (ServerState.java:setLeader(255)) - 426b4f77-b502-47d6-a6eb-a4300ace0f14@group-609BE6EAE854: change Leader from null to 426b4f77-b502-47d6-a6eb-a4300ace0f14 at term 1 for becomeLeader, leader elected after 5218ms
2019-10-04 08:09:10,461 [426b4f77-b502-47d6-a6eb-a4300ace0f14@group-609BE6EAE854-LeaderElection63] INFO  server.RaftServerConfigKeys (ConfUtils.java:logGet(43)) - raft.server.staging.catchup.gap = 1000 (default)
2019-10-04 08:09:10,465 [426b4f77-b502-47d6-a6eb-a4300ace0f14@group-609BE6EAE854-LeaderElection63] INFO  server.RaftServerConfigKeys (ConfUtils.java:logGet(43)) - raft.server.rpc.sleep.time = 25ms (default)
2019-10-04 08:09:10,469 [426b4f77-b502-47d6-a6eb-a4300ace0f14@group-609BE6EAE854-LeaderElection63] INFO  server.RaftServerConfigKeys (ConfUtils.java:logGet(43)) - raft.server.write.element-limit = 4096 (default)
2019-10-04 08:09:10,472 [426b4f77-b502-47d6-a6eb-a4300ace0f14@group-609BE6EAE854-LeaderElection63] INFO  server.RaftServerConfigKeys (ConfUtils.java:logGet(43)) - raft.server.watch.timeout = 10s (default)
2019-10-04 08:09:10,472 [426b4f77-b502-47d6-a6eb-a4300ace0f14@group-609BE6EAE854-LeaderElection63] INFO  server.RaftServerConfigKeys (ConfUtils.java:logGet(43)) - raft.server.watch.timeout.denomination = 1s (default)
2019-10-04 08:09:10,473 [426b4f77-b502-47d6-a6eb-a4300ace0f14@group-609BE6EAE854-LeaderElection63] INFO  server.RaftServerConfigKeys (ConfUtils.java:logGet(43)) - raft.server.watch.element-limit = 65536 (default)
2019-10-04 08:09:10,473 [b604db3c-4fe1-481b-b03b-67d8cedf9bac@group-8BA8EA3E883D-LeaderElection60] INFO  impl.LeaderElection (LeaderElection.java:logAndReturn(56)) - b604db3c-4fe1-481b-b03b-67d8cedf9bac@group-8BA8EA3E883D-LeaderElection60: Election REJECTED; received 2 response(s) [b604db3c-4fe1-481b-b03b-67d8cedf9bac<-42edd144-1281-44cd-8bb0-48942e6c21ea#0:FAIL-t1, b604db3c-4fe1-481b-b03b-67d8cedf9bac<-487589ec-ad7e-4ef6-803a-650f69006185#0:FAIL-t1] and 0 exception(s); b604db3c-4fe1-481b-b03b-67d8cedf9bac@group-8BA8EA3E883D:t1, leader=null, voted=b604db3c-4fe1-481b-b03b-67d8cedf9bac, raftlog=b604db3c-4fe1-481b-b03b-67d8cedf9bac@group-8BA8EA3E883D-SegmentedRaftLog:OPENED:c-1,f-1,i0, conf=-1: [42edd144-1281-44cd-8bb0-48942e6c21ea:192.168.30.44:37127, b604db3c-4fe1-481b-b03b-67d8cedf9bac:192.168.30.44:42232, 487589ec-ad7e-4ef6-803a-650f69006185:192.168.30.44:38924], old=null
2019-10-04 08:09:10,477 [b604db3c-4fe1-481b-b03b-67d8cedf9bac@group-8BA8EA3E883D-LeaderElection60] INFO  impl.RaftServerImpl (RaftServerImpl.java:setRole(170)) - b604db3c-4fe1-481b-b03b-67d8cedf9bac@group-8BA8EA3E883D: changes role from CANDIDATE to FOLLOWER at term 1 for DISCOVERED_A_NEW_TERM
2019-10-04 08:09:10,477 [b604db3c-4fe1-481b-b03b-67d8cedf9bac@group-8BA8EA3E883D-LeaderElection60] INFO  impl.RoleInfo (RoleInfo.java:shutdownLeaderElection(134)) - b604db3c-4fe1-481b-b03b-67d8cedf9bac: shutdown LeaderElection
2019-10-04 08:09:10,477 [b604db3c-4fe1-481b-b03b-67d8cedf9bac@group-8BA8EA3E883D-LeaderElection60] INFO  impl.RoleInfo (RoleInfo.java:updateAndGet(143)) - b604db3c-4fe1-481b-b03b-67d8cedf9bac: start FollowerState
2019-10-04 08:09:10,478 [42edd144-1281-44cd-8bb0-48942e6c21ea@group-8BA8EA3E883D-LeaderElection61] INFO  impl.LeaderElection (LeaderElection.java:logAndReturn(56)) - 42edd144-1281-44cd-8bb0-48942e6c21ea@group-8BA8EA3E883D-LeaderElection61: Election REJECTED; received 2 response(s) [42edd144-1281-44cd-8bb0-48942e6c21ea<-b604db3c-4fe1-481b-b03b-67d8cedf9bac#0:FAIL-t1, 42edd144-1281-44cd-8bb0-48942e6c21ea<-487589ec-ad7e-4ef6-803a-650f69006185#0:FAIL-t1] and 0 exception(s); 42edd144-1281-44cd-8bb0-48942e6c21ea@group-8BA8EA3E883D:t1, leader=null, voted=42edd144-1281-44cd-8bb0-48942e6c21ea, raftlog=42edd144-1281-44cd-8bb0-48942e6c21ea@group-8BA8EA3E883D-SegmentedRaftLog:OPENED:c-1,f-1,i0, conf=-1: [42edd144-1281-44cd-8bb0-48942e6c21ea:192.168.30.44:37127, b604db3c-4fe1-481b-b03b-67d8cedf9bac:192.168.30.44:42232, 487589ec-ad7e-4ef6-803a-650f69006185:192.168.30.44:38924], old=null
2019-10-04 08:09:10,480 [Thread-2925] INFO  impl.FollowerState (FollowerState.java:run(108)) - 999b9f8d-9896-464d-b2ab-2fa0111ec6b5@group-08EFFC98F927-FollowerState: change to CANDIDATE, lastRpcTime:5035ms, electionTimeout:5033ms
2019-10-04 08:09:10,481 [42edd144-1281-44cd-8bb0-48942e6c21ea@group-8BA8EA3E883D-LeaderElection61] INFO  impl.RaftServerImpl (RaftServerImpl.java:setRole(170)) - 42edd144-1281-44cd-8bb0-48942e6c21ea@group-8BA8EA3E883D: changes role from CANDIDATE to FOLLOWER at term 1 for DISCOVERED_A_NEW_TERM
2019-10-04 08:09:10,483 [42edd144-1281-44cd-8bb0-48942e6c21ea@group-8BA8EA3E883D-LeaderElection61] INFO  impl.RoleInfo (RoleInfo.java:shutdownLeaderElection(134)) - 42edd144-1281-44cd-8bb0-48942e6c21ea: shutdown LeaderElection
2019-10-04 08:09:10,480 [487589ec-ad7e-4ef6-803a-650f69006185@group-8BA8EA3E883D-LeaderElection62] INFO  impl.LeaderElection (LeaderElection.java:logAndReturn(56)) - 487589ec-ad7e-4ef6-803a-650f69006185@group-8BA8EA3E883D-LeaderElection62: Election REJECTED; received 2 response(s) [487589ec-ad7e-4ef6-803a-650f69006185<-42edd144-1281-44cd-8bb0-48942e6c21ea#0:FAIL-t1, 487589ec-ad7e-4ef6-803a-650f69006185<-b604db3c-4fe1-481b-b03b-67d8cedf9bac#0:FAIL-t1] and 0 exception(s); 487589ec-ad7e-4ef6-803a-650f69006185@group-8BA8EA3E883D:t1, leader=null, voted=487589ec-ad7e-4ef6-803a-650f69006185, raftlog=487589ec-ad7e-4ef6-803a-650f69006185@group-8BA8EA3E883D-SegmentedRaftLog:OPENED:c-1,f-1,i0, conf=-1: [42edd144-1281-44cd-8bb0-48942e6c21ea:192.168.30.44:37127, b604db3c-4fe1-481b-b03b-67d8cedf9bac:192.168.30.44:42232, 487589ec-ad7e-4ef6-803a-650f69006185:192.168.30.44:38924], old=null
2019-10-04 08:09:10,483 [Thread-2925] INFO  impl.RoleInfo (RoleInfo.java:shutdownFollowerState(121)) - 999b9f8d-9896-464d-b2ab-2fa0111ec6b5: shutdown FollowerState
2019-10-04 08:09:10,483 [42edd144-1281-44cd-8bb0-48942e6c21ea@group-8BA8EA3E883D-LeaderElection61] INFO  impl.RoleInfo (RoleInfo.java:updateAndGet(143)) - 42edd144-1281-44cd-8bb0-48942e6c21ea: start FollowerState
2019-10-04 08:09:10,483 [426b4f77-b502-47d6-a6eb-a4300ace0f14@group-609BE6EAE854-LeaderElection63] INFO  impl.RoleInfo (RoleInfo.java:updateAndGet(143)) - 426b4f77-b502-47d6-a6eb-a4300ace0f14: start LeaderState
2019-10-04 08:09:10,486 [Thread-2925] INFO  impl.RaftServerImpl (RaftServerImpl.java:setRole(170)) - 999b9f8d-9896-464d-b2ab-2fa0111ec6b5@group-08EFFC98F927: changes role from  FOLLOWER to CANDIDATE at term 0 for changeToCandidate
2019-10-04 08:09:10,484 [487589ec-ad7e-4ef6-803a-650f69006185@group-8BA8EA3E883D-LeaderElection62] INFO  impl.RaftServerImpl (RaftServerImpl.java:setRole(170)) - 487589ec-ad7e-4ef6-803a-650f69006185@group-8BA8EA3E883D: changes role from CANDIDATE to FOLLOWER at term 1 for DISCOVERED_A_NEW_TERM
2019-10-04 08:09:10,487 [426b4f77-b502-47d6-a6eb-a4300ace0f14@group-609BE6EAE854-LeaderElection63] INFO  segmented.SegmentedRaftLogWorker (SegmentedRaftLogWorker.java:startLogSegment(385)) - 426b4f77-b502-47d6-a6eb-a4300ace0f14@group-609BE6EAE854-SegmentedRaftLogWorker: Starting segment from index:0
2019-10-04 08:09:10,486 [Thread-2925] INFO  impl.RoleInfo (RoleInfo.java:updateAndGet(143)) - 999b9f8d-9896-464d-b2ab-2fa0111ec6b5: start LeaderElection
2019-10-04 08:09:10,487 [487589ec-ad7e-4ef6-803a-650f69006185@group-8BA8EA3E883D-LeaderElection62] INFO  impl.RoleInfo (RoleInfo.java:shutdownLeaderElection(134)) - 487589ec-ad7e-4ef6-803a-650f69006185: shutdown LeaderElection
2019-10-04 08:09:10,487 [487589ec-ad7e-4ef6-803a-650f69006185@group-8BA8EA3E883D-LeaderElection62] INFO  impl.RoleInfo (RoleInfo.java:updateAndGet(143)) - 487589ec-ad7e-4ef6-803a-650f69006185: start FollowerState
2019-10-04 08:09:10,487 [426b4f77-b502-47d6-a6eb-a4300ace0f14@group-609BE6EAE854-LeaderElection63] INFO  impl.RaftServerImpl (ServerState.java:setRaftConf(356)) - 426b4f77-b502-47d6-a6eb-a4300ace0f14@group-609BE6EAE854: set configuration 0: [426b4f77-b502-47d6-a6eb-a4300ace0f14:192.168.30.44:39158], old=null at 0
2019-10-04 08:09:10,515 [Thread-2924] INFO  impl.FollowerState (FollowerState.java:run(108)) - 87531f07-bbe4-4083-9325-2f5525f6d6ba@group-08EFFC98F927-FollowerState: change to CANDIDATE, lastRpcTime:5072ms, electionTimeout:5070ms
2019-10-04 08:09:10,516 [Thread-2924] INFO  impl.RoleInfo (RoleInfo.java:shutdownFollowerState(121)) - 87531f07-bbe4-4083-9325-2f5525f6d6ba: shutdown FollowerState
2019-10-04 08:09:10,516 [Thread-2924] INFO  impl.RaftServerImpl (RaftServerImpl.java:setRole(170)) - 87531f07-bbe4-4083-9325-2f5525f6d6ba@group-08EFFC98F927: changes role from  FOLLOWER to CANDIDATE at term 0 for changeToCandidate
2019-10-04 08:09:10,516 [Thread-2924] INFO  impl.RoleInfo (RoleInfo.java:updateAndGet(143)) - 87531f07-bbe4-4083-9325-2f5525f6d6ba: start LeaderElection
2019-10-04 08:09:10,525 [Thread-2923] INFO  impl.FollowerState (FollowerState.java:run(108)) - 426b4f77-b502-47d6-a6eb-a4300ace0f14@group-08EFFC98F927-FollowerState: change to CANDIDATE, lastRpcTime:5082ms, electionTimeout:5082ms
2019-10-04 08:09:10,526 [Thread-2923] INFO  impl.RoleInfo (RoleInfo.java:shutdownFollowerState(121)) - 426b4f77-b502-47d6-a6eb-a4300ace0f14: shutdown FollowerState
2019-10-04 08:09:10,526 [Thread-2923] INFO  impl.RaftServerImpl (RaftServerImpl.java:setRole(170)) - 426b4f77-b502-47d6-a6eb-a4300ace0f14@group-08EFFC98F927: changes role from  FOLLOWER to CANDIDATE at term 0 for changeToCandidate
2019-10-04 08:09:10,526 [Thread-2923] INFO  impl.RoleInfo (RoleInfo.java:updateAndGet(143)) - 426b4f77-b502-47d6-a6eb-a4300ace0f14: start LeaderElection
2019-10-04 08:09:10,537 [426b4f77-b502-47d6-a6eb-a4300ace0f14@group-609BE6EAE854-SegmentedRaftLogWorker] INFO  segmented.SegmentedRaftLogWorker (SegmentedRaftLogWorker.java:execute(574)) - 426b4f77-b502-47d6-a6eb-a4300ace0f14@group-609BE6EAE854-SegmentedRaftLogWorker: created new log segment /workdir/hadoop-ozone/integration-test/target/test-dir/MiniOzoneClusterImpl-fc615848-cf41-4b62-93ca-35284ed11942/datanode-6/data/ratis/0693ead4-3dfd-4643-b560-609be6eae854/current/log_inprogress_0
2019-10-04 08:09:10,537 [999b9f8d-9896-464d-b2ab-2fa0111ec6b5@group-08EFFC98F927-LeaderElection64] INFO  impl.LeaderElection (LeaderElection.java:askForVotes(178)) - 999b9f8d-9896-464d-b2ab-2fa0111ec6b5@group-08EFFC98F927-LeaderElection64: begin an election at term 1 for -1: [999b9f8d-9896-464d-b2ab-2fa0111ec6b5:192.168.30.44:45963, 87531f07-bbe4-4083-9325-2f5525f6d6ba:192.168.30.44:42548, 426b4f77-b502-47d6-a6eb-a4300ace0f14:192.168.30.44:39158], old=null
2019-10-04 08:09:10,537 [87531f07-bbe4-4083-9325-2f5525f6d6ba@group-08EFFC98F927-LeaderElection65] INFO  impl.LeaderElection (LeaderElection.java:askForVotes(178)) - 87531f07-bbe4-4083-9325-2f5525f6d6ba@group-08EFFC98F927-LeaderElection65: begin an election at term 1 for -1: [999b9f8d-9896-464d-b2ab-2fa0111ec6b5:192.168.30.44:45963, 87531f07-bbe4-4083-9325-2f5525f6d6ba:192.168.30.44:42548, 426b4f77-b502-47d6-a6eb-a4300ace0f14:192.168.30.44:39158], old=null
2019-10-04 08:09:10,554 [426b4f77-b502-47d6-a6eb-a4300ace0f14@group-08EFFC98F927-LeaderElection66] INFO  impl.LeaderElection (LeaderElection.java:askForVotes(178)) - 426b4f77-b502-47d6-a6eb-a4300ace0f14@group-08EFFC98F927-LeaderElection66: begin an election at term 1 for -1: [999b9f8d-9896-464d-b2ab-2fa0111ec6b5:192.168.30.44:45963, 87531f07-bbe4-4083-9325-2f5525f6d6ba:192.168.30.44:42548, 426b4f77-b502-47d6-a6eb-a4300ace0f14:192.168.30.44:39158], old=null
2019-10-04 08:09:10,557 [87531f07-bbe4-4083-9325-2f5525f6d6ba@group-08EFFC98F927-LeaderElection65] INFO  impl.LeaderElection (LeaderElection.java:logAndReturn(56)) - 87531f07-bbe4-4083-9325-2f5525f6d6ba@group-08EFFC98F927-LeaderElection65: Election REJECTED; received 2 response(s) [87531f07-bbe4-4083-9325-2f5525f6d6ba<-999b9f8d-9896-464d-b2ab-2fa0111ec6b5#0:FAIL-t1, 87531f07-bbe4-4083-9325-2f5525f6d6ba<-426b4f77-b502-47d6-a6eb-a4300ace0f14#0:FAIL-t1] and 0 exception(s); 87531f07-bbe4-4083-9325-2f5525f6d6ba@group-08EFFC98F927:t1, leader=null, voted=87531f07-bbe4-4083-9325-2f5525f6d6ba, raftlog=87531f07-bbe4-4083-9325-2f5525f6d6ba@group-08EFFC98F927-SegmentedRaftLog:OPENED:c-1,f-1,i0, conf=-1: [999b9f8d-9896-464d-b2ab-2fa0111ec6b5:192.168.30.44:45963, 87531f07-bbe4-4083-9325-2f5525f6d6ba:192.168.30.44:42548, 426b4f77-b502-47d6-a6eb-a4300ace0f14:192.168.30.44:39158], old=null
2019-10-04 08:09:10,557 [87531f07-bbe4-4083-9325-2f5525f6d6ba@group-08EFFC98F927-LeaderElection65] INFO  impl.RaftServerImpl (RaftServerImpl.java:setRole(170)) - 87531f07-bbe4-4083-9325-2f5525f6d6ba@group-08EFFC98F927: changes role from CANDIDATE to FOLLOWER at term 1 for DISCOVERED_A_NEW_TERM
2019-10-04 08:09:10,557 [999b9f8d-9896-464d-b2ab-2fa0111ec6b5@group-08EFFC98F927-LeaderElection64] INFO  impl.LeaderElection (LeaderElection.java:logAndReturn(56)) - 999b9f8d-9896-464d-b2ab-2fa0111ec6b5@group-08EFFC98F927-LeaderElection64: Election REJECTED; received 2 response(s) [999b9f8d-9896-464d-b2ab-2fa0111ec6b5<-87531f07-bbe4-4083-9325-2f5525f6d6ba#0:FAIL-t1, 999b9f8d-9896-464d-b2ab-2fa0111ec6b5<-426b4f77-b502-47d6-a6eb-a4300ace0f14#0:FAIL-t1] and 0 exception(s); 999b9f8d-9896-464d-b2ab-2fa0111ec6b5@group-08EFFC98F927:t1, leader=null, voted=999b9f8d-9896-464d-b2ab-2fa0111ec6b5, raftlog=999b9f8d-9896-464d-b2ab-2fa0111ec6b5@group-08EFFC98F927-SegmentedRaftLog:OPENED:c-1,f-1,i0, conf=-1: [999b9f8d-9896-464d-b2ab-2fa0111ec6b5:192.168.30.44:45963, 87531f07-bbe4-4083-9325-2f5525f6d6ba:192.168.30.44:42548, 426b4f77-b502-47d6-a6eb-a4300ace0f14:192.168.30.44:39158], old=null
2019-10-04 08:09:10,557 [87531f07-bbe4-4083-9325-2f5525f6d6ba@group-08EFFC98F927-LeaderElection65] INFO  impl.RoleInfo (RoleInfo.java:shutdownLeaderElection(134)) - 87531f07-bbe4-4083-9325-2f5525f6d6ba: shutdown LeaderElection
2019-10-04 08:09:10,559 [999b9f8d-9896-464d-b2ab-2fa0111ec6b5@group-08EFFC98F927-LeaderElection64] INFO  impl.RaftServerImpl (RaftServerImpl.java:setRole(170)) - 999b9f8d-9896-464d-b2ab-2fa0111ec6b5@group-08EFFC98F927: changes role from CANDIDATE to FOLLOWER at term 1 for DISCOVERED_A_NEW_TERM
2019-10-04 08:09:10,562 [999b9f8d-9896-464d-b2ab-2fa0111ec6b5@group-08EFFC98F927-LeaderElection64] INFO  impl.RoleInfo (RoleInfo.java:shutdownLeaderElection(134)) - 999b9f8d-9896-464d-b2ab-2fa0111ec6b5: shutdown LeaderElection
2019-10-04 08:09:10,562 [87531f07-bbe4-4083-9325-2f5525f6d6ba@group-08EFFC98F927-LeaderElection65] INFO  impl.RoleInfo (RoleInfo.java:updateAndGet(143)) - 87531f07-bbe4-4083-9325-2f5525f6d6ba: start FollowerState
2019-10-04 08:09:10,562 [999b9f8d-9896-464d-b2ab-2fa0111ec6b5@group-08EFFC98F927-LeaderElection64] INFO  impl.RoleInfo (RoleInfo.java:updateAndGet(143)) - 999b9f8d-9896-464d-b2ab-2fa0111ec6b5: start FollowerState
2019-10-04 08:09:10,569 [426b4f77-b502-47d6-a6eb-a4300ace0f14@group-08EFFC98F927-LeaderElection66] INFO  impl.LeaderElection (LeaderElection.java:logAndReturn(56)) - 426b4f77-b502-47d6-a6eb-a4300ace0f14@group-08EFFC98F927-LeaderElection66: Election REJECTED; received 2 response(s) [426b4f77-b502-47d6-a6eb-a4300ace0f14<-999b9f8d-9896-464d-b2ab-2fa0111ec6b5#0:FAIL-t1, 426b4f77-b502-47d6-a6eb-a4300ace0f14<-87531f07-bbe4-4083-9325-2f5525f6d6ba#0:FAIL-t1] and 0 exception(s); 426b4f77-b502-47d6-a6eb-a4300ace0f14@group-08EFFC98F927:t1, leader=null, voted=426b4f77-b502-47d6-a6eb-a4300ace0f14, raftlog=426b4f77-b502-47d6-a6eb-a4300ace0f14@group-08EFFC98F927-SegmentedRaftLog:OPENED:c-1,f-1,i0, conf=-1: [999b9f8d-9896-464d-b2ab-2fa0111ec6b5:192.168.30.44:45963, 87531f07-bbe4-4083-9325-2f5525f6d6ba:192.168.30.44:42548, 426b4f77-b502-47d6-a6eb-a4300ace0f14:192.168.30.44:39158], old=null
2019-10-04 08:09:10,569 [426b4f77-b502-47d6-a6eb-a4300ace0f14@group-08EFFC98F927-LeaderElection66] INFO  impl.RaftServerImpl (RaftServerImpl.java:setRole(170)) - 426b4f77-b502-47d6-a6eb-a4300ace0f14@group-08EFFC98F927: changes role from CANDIDATE to FOLLOWER at term 1 for DISCOVERED_A_NEW_TERM
2019-10-04 08:09:10,569 [426b4f77-b502-47d6-a6eb-a4300ace0f14@group-08EFFC98F927-LeaderElection66] INFO  impl.RoleInfo (RoleInfo.java:shutdownLeaderElection(134)) - 426b4f77-b502-47d6-a6eb-a4300ace0f14: shutdown LeaderElection
2019-10-04 08:09:10,569 [426b4f77-b502-47d6-a6eb-a4300ace0f14@group-08EFFC98F927-LeaderElection66] INFO  impl.RoleInfo (RoleInfo.java:updateAndGet(143)) - 426b4f77-b502-47d6-a6eb-a4300ace0f14: start FollowerState
2019-10-04 08:09:15,626 [Thread-2967] INFO  impl.FollowerState (FollowerState.java:run(108)) - 42edd144-1281-44cd-8bb0-48942e6c21ea@group-8BA8EA3E883D-FollowerState: change to CANDIDATE, lastRpcTime:5142ms, electionTimeout:5139ms
2019-10-04 08:09:15,631 [Thread-2967] INFO  impl.RoleInfo (RoleInfo.java:shutdownFollowerState(121)) - 42edd144-1281-44cd-8bb0-48942e6c21ea: shutdown FollowerState
2019-10-04 08:09:15,631 [Thread-2967] INFO  impl.RaftServerImpl (RaftServerImpl.java:setRole(170)) - 42edd144-1281-44cd-8bb0-48942e6c21ea@group-8BA8EA3E883D: changes role from  FOLLOWER to CANDIDATE at term 1 for changeToCandidate
2019-10-04 08:09:15,631 [Thread-2967] INFO  impl.RoleInfo (RoleInfo.java:updateAndGet(143)) - 42edd144-1281-44cd-8bb0-48942e6c21ea: start LeaderElection
2019-10-04 08:09:15,647 [Thread-2966] INFO  impl.FollowerState (FollowerState.java:run(108)) - b604db3c-4fe1-481b-b03b-67d8cedf9bac@group-8BA8EA3E883D-FollowerState: change to CANDIDATE, lastRpcTime:5169ms, electionTimeout:5169ms
2019-10-04 08:09:15,647 [Thread-2966] INFO  impl.RoleInfo (RoleInfo.java:shutdownFollowerState(121)) - b604db3c-4fe1-481b-b03b-67d8cedf9bac: shutdown FollowerState
2019-10-04 08:09:15,647 [Thread-2966] INFO  impl.RaftServerImpl (RaftServerImpl.java:setRole(170)) - b604db3c-4fe1-481b-b03b-67d8cedf9bac@group-8BA8EA3E883D: changes role from  FOLLOWER to CANDIDATE at term 1 for changeToCandidate
2019-10-04 08:09:15,647 [Thread-2966] INFO  impl.RoleInfo (RoleInfo.java:updateAndGet(143)) - b604db3c-4fe1-481b-b03b-67d8cedf9bac: start LeaderElection
2019-10-04 08:09:15,669 [b604db3c-4fe1-481b-b03b-67d8cedf9bac@group-8BA8EA3E883D-LeaderElection68] INFO  impl.LeaderElection (LeaderElection.java:askForVotes(178)) - b604db3c-4fe1-481b-b03b-67d8cedf9bac@group-8BA8EA3E883D-LeaderElection68: begin an election at term 2 for -1: [42edd144-1281-44cd-8bb0-48942e6c21ea:192.168.30.44:37127, b604db3c-4fe1-481b-b03b-67d8cedf9bac:192.168.30.44:42232, 487589ec-ad7e-4ef6-803a-650f69006185:192.168.30.44:38924], old=null
2019-10-04 08:09:15,669 [Thread-2969] INFO  impl.FollowerState (FollowerState.java:run(108)) - 487589ec-ad7e-4ef6-803a-650f69006185@group-8BA8EA3E883D-FollowerState: change to CANDIDATE, lastRpcTime:5181ms, electionTimeout:5153ms
2019-10-04 08:09:15,669 [42edd144-1281-44cd-8bb0-48942e6c21ea@group-8BA8EA3E883D-LeaderElection67] INFO  impl.LeaderElection (LeaderElection.java:askForVotes(178)) - 42edd144-1281-44cd-8bb0-48942e6c21ea@group-8BA8EA3E883D-LeaderElection67: begin an election at term 2 for -1: [42edd144-1281-44cd-8bb0-48942e6c21ea:192.168.30.44:37127, b604db3c-4fe1-481b-b03b-67d8cedf9bac:192.168.30.44:42232, 487589ec-ad7e-4ef6-803a-650f69006185:192.168.30.44:38924], old=null
2019-10-04 08:09:15,669 [Thread-2969] INFO  impl.RoleInfo (RoleInfo.java:shutdownFollowerState(121)) - 487589ec-ad7e-4ef6-803a-650f69006185: shutdown FollowerState
2019-10-04 08:09:15,669 [Thread-2969] INFO  impl.RaftServerImpl (RaftServerImpl.java:setRole(170)) - 487589ec-ad7e-4ef6-803a-650f69006185@group-8BA8EA3E883D: changes role from  FOLLOWER to CANDIDATE at term 1 for changeToCandidate
2019-10-04 08:09:15,670 [Thread-2969] INFO  impl.RoleInfo (RoleInfo.java:updateAndGet(143)) - 487589ec-ad7e-4ef6-803a-650f69006185: start LeaderElection
2019-10-04 08:09:15,707 [487589ec-ad7e-4ef6-803a-650f69006185@group-8BA8EA3E883D-LeaderElection69] INFO  impl.LeaderElection (LeaderElection.java:askForVotes(178)) - 487589ec-ad7e-4ef6-803a-650f69006185@group-8BA8EA3E883D-LeaderElection69: begin an election at term 2 for -1: [42edd144-1281-44cd-8bb0-48942e6c21ea:192.168.30.44:37127, b604db3c-4fe1-481b-b03b-67d8cedf9bac:192.168.30.44:42232, 487589ec-ad7e-4ef6-803a-650f69006185:192.168.30.44:38924], old=null
2019-10-04 08:09:15,707 [Thread-2979] INFO  impl.FollowerState (FollowerState.java:run(108)) - 999b9f8d-9896-464d-b2ab-2fa0111ec6b5@group-08EFFC98F927-FollowerState: change to CANDIDATE, lastRpcTime:5145ms, electionTimeout:5125ms
2019-10-04 08:09:15,707 [Thread-2979] INFO  impl.RoleInfo (RoleInfo.java:shutdownFollowerState(121)) - 999b9f8d-9896-464d-b2ab-2fa0111ec6b5: shutdown FollowerState
2019-10-04 08:09:15,707 [Thread-2979] INFO  impl.RaftServerImpl (RaftServerImpl.java:setRole(170)) - 999b9f8d-9896-464d-b2ab-2fa0111ec6b5@group-08EFFC98F927: changes role from  FOLLOWER to CANDIDATE at term 1 for changeToCandidate
2019-10-04 08:09:15,708 [Thread-2979] INFO  impl.RoleInfo (RoleInfo.java:updateAndGet(143)) - 999b9f8d-9896-464d-b2ab-2fa0111ec6b5: start LeaderElection
2019-10-04 08:09:15,711 [42edd144-1281-44cd-8bb0-48942e6c21ea@group-8BA8EA3E883D-LeaderElection67] INFO  impl.LeaderElection (LeaderElection.java:logAndReturn(56)) - 42edd144-1281-44cd-8bb0-48942e6c21ea@group-8BA8EA3E883D-LeaderElection67: Election REJECTED; received 2 response(s) [42edd144-1281-44cd-8bb0-48942e6c21ea<-b604db3c-4fe1-481b-b03b-67d8cedf9bac#0:FAIL-t2, 42edd144-1281-44cd-8bb0-48942e6c21ea<-487589ec-ad7e-4ef6-803a-650f69006185#0:FAIL-t2] and 0 exception(s); 42edd144-1281-44cd-8bb0-48942e6c21ea@group-8BA8EA3E883D:t2, leader=null, voted=42edd144-1281-44cd-8bb0-48942e6c21ea, raftlog=42edd144-1281-44cd-8bb0-48942e6c21ea@group-8BA8EA3E883D-SegmentedRaftLog:OPENED:c-1,f-1,i0, conf=-1: [42edd144-1281-44cd-8bb0-48942e6c21ea:192.168.30.44:37127, b604db3c-4fe1-481b-b03b-67d8cedf9bac:192.168.30.44:42232, 487589ec-ad7e-4ef6-803a-650f69006185:192.168.30.44:38924], old=null
2019-10-04 08:09:15,711 [42edd144-1281-44cd-8bb0-48942e6c21ea@group-8BA8EA3E883D-LeaderElection67] INFO  impl.RaftServerImpl (RaftServerImpl.java:setRole(170)) - 42edd144-1281-44cd-8bb0-48942e6c21ea@group-8BA8EA3E883D: changes role from CANDIDATE to FOLLOWER at term 2 for DISCOVERED_A_NEW_TERM
2019-10-04 08:09:15,712 [b604db3c-4fe1-481b-b03b-67d8cedf9bac@group-8BA8EA3E883D-LeaderElection68] INFO  impl.LeaderElection (LeaderElection.java:logAndReturn(56)) - b604db3c-4fe1-481b-b03b-67d8cedf9bac@group-8BA8EA3E883D-LeaderElection68: Election REJECTED; received 2 response(s) [b604db3c-4fe1-481b-b03b-67d8cedf9bac<-42edd144-1281-44cd-8bb0-48942e6c21ea#0:FAIL-t2, b604db3c-4fe1-481b-b03b-67d8cedf9bac<-487589ec-ad7e-4ef6-803a-650f69006185#0:FAIL-t2] and 0 exception(s); b604db3c-4fe1-481b-b03b-67d8cedf9bac@group-8BA8EA3E883D:t2, leader=null, voted=b604db3c-4fe1-481b-b03b-67d8cedf9bac, raftlog=b604db3c-4fe1-481b-b03b-67d8cedf9bac@group-8BA8EA3E883D-SegmentedRaftLog:OPENED:c-1,f-1,i0, conf=-1: [42edd144-1281-44cd-8bb0-48942e6c21ea:192.168.30.44:37127, b604db3c-4fe1-481b-b03b-67d8cedf9bac:192.168.30.44:42232, 487589ec-ad7e-4ef6-803a-650f69006185:192.168.30.44:38924], old=null
2019-10-04 08:09:15,712 [42edd144-1281-44cd-8bb0-48942e6c21ea@group-8BA8EA3E883D-LeaderElection67] INFO  impl.RoleInfo (RoleInfo.java:shutdownLeaderElection(134)) - 42edd144-1281-44cd-8bb0-48942e6c21ea: shutdown LeaderElection
2019-10-04 08:09:15,714 [b604db3c-4fe1-481b-b03b-67d8cedf9bac@group-8BA8EA3E883D-LeaderElection68] INFO  impl.RaftServerImpl (RaftServerImpl.java:setRole(170)) - b604db3c-4fe1-481b-b03b-67d8cedf9bac@group-8BA8EA3E883D: changes role from CANDIDATE to FOLLOWER at term 2 for DISCOVERED_A_NEW_TERM
2019-10-04 08:09:15,717 [b604db3c-4fe1-481b-b03b-67d8cedf9bac@group-8BA8EA3E883D-LeaderElection68] INFO  impl.RoleInfo (RoleInfo.java:shutdownLeaderElection(134)) - b604db3c-4fe1-481b-b03b-67d8cedf9bac: shutdown LeaderElection
2019-10-04 08:09:15,717 [b604db3c-4fe1-481b-b03b-67d8cedf9bac@group-8BA8EA3E883D-LeaderElection68] INFO  impl.RoleInfo (RoleInfo.java:updateAndGet(143)) - b604db3c-4fe1-481b-b03b-67d8cedf9bac: start FollowerState
2019-10-04 08:09:15,717 [42edd144-1281-44cd-8bb0-48942e6c21ea@group-8BA8EA3E883D-LeaderElection67] INFO  impl.RoleInfo (RoleInfo.java:updateAndGet(143)) - 42edd144-1281-44cd-8bb0-48942e6c21ea: start FollowerState
2019-10-04 08:09:15,718 [487589ec-ad7e-4ef6-803a-650f69006185@group-8BA8EA3E883D-LeaderElection69] INFO  impl.LeaderElection (LeaderElection.java:logAndReturn(56)) - 487589ec-ad7e-4ef6-803a-650f69006185@group-8BA8EA3E883D-LeaderElection69: Election REJECTED; received 2 response(s) [487589ec-ad7e-4ef6-803a-650f69006185<-42edd144-1281-44cd-8bb0-48942e6c21ea#0:FAIL-t2, 487589ec-ad7e-4ef6-803a-650f69006185<-b604db3c-4fe1-481b-b03b-67d8cedf9bac#0:FAIL-t2] and 0 exception(s); 487589ec-ad7e-4ef6-803a-650f69006185@group-8BA8EA3E883D:t2, leader=null, voted=487589ec-ad7e-4ef6-803a-650f69006185, raftlog=487589ec-ad7e-4ef6-803a-650f69006185@group-8BA8EA3E883D-SegmentedRaftLog:OPENED:c-1,f-1,i0, conf=-1: [42edd144-1281-44cd-8bb0-48942e6c21ea:192.168.30.44:37127, b604db3c-4fe1-481b-b03b-67d8cedf9bac:192.168.30.44:42232, 487589ec-ad7e-4ef6-803a-650f69006185:192.168.30.44:38924], old=null
2019-10-04 08:09:15,719 [487589ec-ad7e-4ef6-803a-650f69006185@group-8BA8EA3E883D-LeaderElection69] INFO  impl.RaftServerImpl (RaftServerImpl.java:setRole(170)) - 487589ec-ad7e-4ef6-803a-650f69006185@group-8BA8EA3E883D: changes role from CANDIDATE to FOLLOWER at term 2 for DISCOVERED_A_NEW_TERM
2019-10-04 08:09:15,719 [487589ec-ad7e-4ef6-803a-650f69006185@group-8BA8EA3E883D-LeaderElection69] INFO  impl.RoleInfo (RoleInfo.java:shutdownLeaderElection(134)) - 487589ec-ad7e-4ef6-803a-650f69006185: shutdown LeaderElection
2019-10-04 08:09:15,719 [487589ec-ad7e-4ef6-803a-650f69006185@group-8BA8EA3E883D-LeaderElection69] INFO  impl.RoleInfo (RoleInfo.java:updateAndGet(143)) - 487589ec-ad7e-4ef6-803a-650f69006185: start FollowerState
2019-10-04 08:09:15,740 [999b9f8d-9896-464d-b2ab-2fa0111ec6b5@group-08EFFC98F927-LeaderElection70] INFO  impl.LeaderElection (LeaderElection.java:askForVotes(178)) - 999b9f8d-9896-464d-b2ab-2fa0111ec6b5@group-08EFFC98F927-LeaderElection70: begin an election at term 2 for -1: [999b9f8d-9896-464d-b2ab-2fa0111ec6b5:192.168.30.44:45963, 87531f07-bbe4-4083-9325-2f5525f6d6ba:192.168.30.44:42548, 426b4f77-b502-47d6-a6eb-a4300ace0f14:192.168.30.44:39158], old=null
2019-10-04 08:09:15,743 [grpc-default-executor-11] INFO  impl.RaftServerImpl (RaftServerImpl.java:setRole(170)) - 87531f07-bbe4-4083-9325-2f5525f6d6ba@group-08EFFC98F927: changes role from  FOLLOWER to FOLLOWER at term 2 for recognizeCandidate:999b9f8d-9896-464d-b2ab-2fa0111ec6b5
2019-10-04 08:09:15,744 [grpc-default-executor-11] INFO  impl.RoleInfo (RoleInfo.java:shutdownFollowerState(121)) - 87531f07-bbe4-4083-9325-2f5525f6d6ba: shutdown FollowerState
2019-10-04 08:09:15,744 [grpc-default-executor-6] INFO  impl.RaftServerImpl (RaftServerImpl.java:setRole(170)) - 426b4f77-b502-47d6-a6eb-a4300ace0f14@group-08EFFC98F927: changes role from  FOLLOWER to FOLLOWER at term 2 for recognizeCandidate:999b9f8d-9896-464d-b2ab-2fa0111ec6b5
2019-10-04 08:09:15,744 [grpc-default-executor-11] INFO  impl.RoleInfo (RoleInfo.java:updateAndGet(143)) - 87531f07-bbe4-4083-9325-2f5525f6d6ba: start FollowerState
2019-10-04 08:09:15,744 [grpc-default-executor-6] INFO  impl.RoleInfo (RoleInfo.java:shutdownFollowerState(121)) - 426b4f77-b502-47d6-a6eb-a4300ace0f14: shutdown FollowerState
2019-10-04 08:09:15,744 [Thread-2978] INFO  impl.FollowerState (FollowerState.java:run(117)) - 87531f07-bbe4-4083-9325-2f5525f6d6ba@group-08EFFC98F927-FollowerState was interrupted: java.lang.InterruptedException: sleep interrupted
2019-10-04 08:09:15,745 [grpc-default-executor-6] INFO  impl.RoleInfo (RoleInfo.java:updateAndGet(143)) - 426b4f77-b502-47d6-a6eb-a4300ace0f14: start FollowerState
2019-10-04 08:09:15,745 [Thread-2980] INFO  impl.FollowerState (FollowerState.java:run(117)) - 426b4f77-b502-47d6-a6eb-a4300ace0f14@group-08EFFC98F927-FollowerState was interrupted: java.lang.InterruptedException: sleep interrupted
2019-10-04 08:09:15,773 [999b9f8d-9896-464d-b2ab-2fa0111ec6b5@group-08EFFC98F927-LeaderElection70] INFO  impl.LeaderElection (LeaderElection.java:logAndReturn(56)) - 999b9f8d-9896-464d-b2ab-2fa0111ec6b5@group-08EFFC98F927-LeaderElection70: Election PASSED; received 1 response(s) [999b9f8d-9896-464d-b2ab-2fa0111ec6b5<-87531f07-bbe4-4083-9325-2f5525f6d6ba#0:OK-t2] and 0 exception(s); 999b9f8d-9896-464d-b2ab-2fa0111ec6b5@group-08EFFC98F927:t2, leader=null, voted=999b9f8d-9896-464d-b2ab-2fa0111ec6b5, raftlog=999b9f8d-9896-464d-b2ab-2fa0111ec6b5@group-08EFFC98F927-SegmentedRaftLog:OPENED:c-1,f-1,i0, conf=-1: [999b9f8d-9896-464d-b2ab-2fa0111ec6b5:192.168.30.44:45963, 87531f07-bbe4-4083-9325-2f5525f6d6ba:192.168.30.44:42548, 426b4f77-b502-47d6-a6eb-a4300ace0f14:192.168.30.44:39158], old=null
2019-10-04 08:09:15,773 [999b9f8d-9896-464d-b2ab-2fa0111ec6b5@group-08EFFC98F927-LeaderElection70] INFO  impl.RoleInfo (RoleInfo.java:shutdownLeaderElection(134)) - 999b9f8d-9896-464d-b2ab-2fa0111ec6b5: shutdown LeaderElection
2019-10-04 08:09:15,773 [999b9f8d-9896-464d-b2ab-2fa0111ec6b5@group-08EFFC98F927-LeaderElection70] INFO  impl.RaftServerImpl (RaftServerImpl.java:setRole(170)) - 999b9f8d-9896-464d-b2ab-2fa0111ec6b5@group-08EFFC98F927: changes role from CANDIDATE to LEADER at term 2 for changeToLeader
2019-10-04 08:09:15,773 [999b9f8d-9896-464d-b2ab-2fa0111ec6b5@group-08EFFC98F927-LeaderElection70] INFO  impl.RaftServerImpl (ServerState.java:setLeader(255)) - 999b9f8d-9896-464d-b2ab-2fa0111ec6b5@group-08EFFC98F927: change Leader from null to 999b9f8d-9896-464d-b2ab-2fa0111ec6b5 at term 2 for becomeLeader, leader elected after 10340ms
2019-10-04 08:09:15,774 [999b9f8d-9896-464d-b2ab-2fa0111ec6b5@group-08EFFC98F927-LeaderElection70] INFO  server.RaftServerConfigKeys (ConfUtils.java:logGet(43)) - raft.server.staging.catchup.gap = 1000 (default)
2019-10-04 08:09:15,774 [999b9f8d-9896-464d-b2ab-2fa0111ec6b5@group-08EFFC98F927-LeaderElection70] INFO  server.RaftServerConfigKeys (ConfUtils.java:logGet(43)) - raft.server.rpc.sleep.time = 25ms (default)
2019-10-04 08:09:15,775 [999b9f8d-9896-464d-b2ab-2fa0111ec6b5@group-08EFFC98F927-LeaderElection70] INFO  server.RaftServerConfigKeys (ConfUtils.java:logGet(43)) - raft.server.write.element-limit = 4096 (default)
2019-10-04 08:09:15,775 [999b9f8d-9896-464d-b2ab-2fa0111ec6b5@group-08EFFC98F927-LeaderElection70] INFO  server.RaftServerConfigKeys (ConfUtils.java:logGet(43)) - raft.server.watch.timeout = 10s (default)
2019-10-04 08:09:15,775 [999b9f8d-9896-464d-b2ab-2fa0111ec6b5@group-08EFFC98F927-LeaderElection70] INFO  server.RaftServerConfigKeys (ConfUtils.java:logGet(43)) - raft.server.watch.timeout.denomination = 1s (default)
2019-10-04 08:09:15,775 [999b9f8d-9896-464d-b2ab-2fa0111ec6b5@group-08EFFC98F927-LeaderElection70] INFO  server.RaftServerConfigKeys (ConfUtils.java:logGet(43)) - raft.server.watch.element-limit = 65536 (default)
2019-10-04 08:09:15,779 [999b9f8d-9896-464d-b2ab-2fa0111ec6b5@group-08EFFC98F927-LeaderElection70] INFO  server.RaftServerConfigKeys (ConfUtils.java:logGet(43)) - raft.server.log.appender.snapshot.chunk.size.max = 16MB (=16777216) (default)
2019-10-04 08:09:15,780 [999b9f8d-9896-464d-b2ab-2fa0111ec6b5@group-08EFFC98F927-LeaderElection70] INFO  server.RaftServerConfigKeys (ConfUtils.java:logGet(43)) - raft.server.log.appender.buffer.byte-limit = 33554432 (custom)
2019-10-04 08:09:15,780 [999b9f8d-9896-464d-b2ab-2fa0111ec6b5@group-08EFFC98F927-LeaderElection70] INFO  server.RaftServerConfigKeys (ConfUtils.java:logGet(43)) - raft.server.log.appender.buffer.element-limit = 1 (custom)
2019-10-04 08:09:15,780 [999b9f8d-9896-464d-b2ab-2fa0111ec6b5@group-08EFFC98F927-LeaderElection70] INFO  grpc.GrpcConfigKeys$Server (ConfUtils.java:logGet(43)) - raft.grpc.server.leader.outstanding.appends.max = 128 (default)
2019-10-04 08:09:15,781 [999b9f8d-9896-464d-b2ab-2fa0111ec6b5@group-08EFFC98F927-LeaderElection70] INFO  server.RaftServerConfigKeys (ConfUtils.java:logGet(43)) - raft.server.rpc.request.timeout = 3000ms (default)
2019-10-04 08:09:15,781 [999b9f8d-9896-464d-b2ab-2fa0111ec6b5@group-08EFFC98F927-LeaderElection70] INFO  server.RaftServerConfigKeys (ConfUtils.java:logGet(43)) - raft.server.log.appender.install.snapshot.enabled = false (custom)
2019-10-04 08:09:15,781 [999b9f8d-9896-464d-b2ab-2fa0111ec6b5@group-08EFFC98F927-LeaderElection70] INFO  server.RaftServerConfigKeys (ConfUtils.java:logGet(43)) - raft.server.log.appender.snapshot.chunk.size.max = 16MB (=16777216) (default)
2019-10-04 08:09:15,781 [999b9f8d-9896-464d-b2ab-2fa0111ec6b5@group-08EFFC98F927-LeaderElection70] INFO  server.RaftServerConfigKeys (ConfUtils.java:logGet(43)) - raft.server.log.appender.buffer.byte-limit = 33554432 (custom)
2019-10-04 08:09:15,782 [999b9f8d-9896-464d-b2ab-2fa0111ec6b5@group-08EFFC98F927-LeaderElection70] INFO  server.RaftServerConfigKeys (ConfUtils.java:logGet(43)) - raft.server.log.appender.buffer.element-limit = 1 (custom)
2019-10-04 08:09:15,782 [999b9f8d-9896-464d-b2ab-2fa0111ec6b5@group-08EFFC98F927-LeaderElection70] INFO  grpc.GrpcConfigKeys$Server (ConfUtils.java:logGet(43)) - raft.grpc.server.leader.outstanding.appends.max = 128 (default)
2019-10-04 08:09:15,782 [999b9f8d-9896-464d-b2ab-2fa0111ec6b5@group-08EFFC98F927-LeaderElection70] INFO  server.RaftServerConfigKeys (ConfUtils.java:logGet(43)) - raft.server.rpc.request.timeout = 3000ms (default)
2019-10-04 08:09:15,782 [999b9f8d-9896-464d-b2ab-2fa0111ec6b5@group-08EFFC98F927-LeaderElection70] INFO  server.RaftServerConfigKeys (ConfUtils.java:logGet(43)) - raft.server.log.appender.install.snapshot.enabled = false (custom)
2019-10-04 08:09:15,782 [999b9f8d-9896-464d-b2ab-2fa0111ec6b5@group-08EFFC98F927-LeaderElection70] INFO  impl.RoleInfo (RoleInfo.java:updateAndGet(143)) - 999b9f8d-9896-464d-b2ab-2fa0111ec6b5: start LeaderState
2019-10-04 08:09:15,783 [999b9f8d-9896-464d-b2ab-2fa0111ec6b5@group-08EFFC98F927-LeaderElection70] INFO  segmented.SegmentedRaftLogWorker (SegmentedRaftLogWorker.java:startLogSegment(385)) - 999b9f8d-9896-464d-b2ab-2fa0111ec6b5@group-08EFFC98F927-SegmentedRaftLogWorker: Starting segment from index:0
2019-10-04 08:09:15,785 [999b9f8d-9896-464d-b2ab-2fa0111ec6b5@group-08EFFC98F927-LeaderElection70] INFO  impl.RaftServerImpl (ServerState.java:setRaftConf(356)) - 999b9f8d-9896-464d-b2ab-2fa0111ec6b5@group-08EFFC98F927: set configuration 0: [999b9f8d-9896-464d-b2ab-2fa0111ec6b5:192.168.30.44:45963, 87531f07-bbe4-4083-9325-2f5525f6d6ba:192.168.30.44:42548, 426b4f77-b502-47d6-a6eb-a4300ace0f14:192.168.30.44:39158], old=null at 0
2019-10-04 08:09:15,786 [grpc-default-executor-11] INFO  impl.RaftServerImpl (ServerState.java:setLeader(255)) - 87531f07-bbe4-4083-9325-2f5525f6d6ba@group-08EFFC98F927: change Leader from null to 999b9f8d-9896-464d-b2ab-2fa0111ec6b5 at term 2 for appendEntries, leader elected after 10352ms
2019-10-04 08:09:15,814 [grpc-default-executor-11] INFO  impl.RaftServerImpl (ServerState.java:setLeader(255)) - 426b4f77-b502-47d6-a6eb-a4300ace0f14@group-08EFFC98F927: change Leader from null to 999b9f8d-9896-464d-b2ab-2fa0111ec6b5 at term 2 for appendEntries, leader elected after 10381ms
2019-10-04 08:09:15,816 [grpc-default-executor-11] INFO  impl.RaftServerImpl (ServerState.java:setRaftConf(356)) - 87531f07-bbe4-4083-9325-2f5525f6d6ba@group-08EFFC98F927: set configuration 0: [999b9f8d-9896-464d-b2ab-2fa0111ec6b5:192.168.30.44:45963, 87531f07-bbe4-4083-9325-2f5525f6d6ba:192.168.30.44:42548, 426b4f77-b502-47d6-a6eb-a4300ace0f14:192.168.30.44:39158], old=null at 0
2019-10-04 08:09:15,816 [grpc-default-executor-6] INFO  impl.RaftServerImpl (ServerState.java:setRaftConf(356)) - 426b4f77-b502-47d6-a6eb-a4300ace0f14@group-08EFFC98F927: set configuration 0: [999b9f8d-9896-464d-b2ab-2fa0111ec6b5:192.168.30.44:45963, 87531f07-bbe4-4083-9325-2f5525f6d6ba:192.168.30.44:42548, 426b4f77-b502-47d6-a6eb-a4300ace0f14:192.168.30.44:39158], old=null at 0
2019-10-04 08:09:15,816 [grpc-default-executor-11] INFO  segmented.SegmentedRaftLogWorker (SegmentedRaftLogWorker.java:startLogSegment(385)) - 87531f07-bbe4-4083-9325-2f5525f6d6ba@group-08EFFC98F927-SegmentedRaftLogWorker: Starting segment from index:0
2019-10-04 08:09:15,816 [grpc-default-executor-6] INFO  segmented.SegmentedRaftLogWorker (SegmentedRaftLogWorker.java:startLogSegment(385)) - 426b4f77-b502-47d6-a6eb-a4300ace0f14@group-08EFFC98F927-SegmentedRaftLogWorker: Starting segment from index:0
2019-10-04 08:09:15,835 [999b9f8d-9896-464d-b2ab-2fa0111ec6b5@group-08EFFC98F927-SegmentedRaftLogWorker] INFO  segmented.SegmentedRaftLogWorker (SegmentedRaftLogWorker.java:execute(574)) - 999b9f8d-9896-464d-b2ab-2fa0111ec6b5@group-08EFFC98F927-SegmentedRaftLogWorker: created new log segment /workdir/hadoop-ozone/integration-test/target/test-dir/MiniOzoneClusterImpl-fc615848-cf41-4b62-93ca-35284ed11942/datanode-3/data/ratis/0296561e-5f37-44fb-8500-08effc98f927/current/log_inprogress_0
2019-10-04 08:09:15,854 [426b4f77-b502-47d6-a6eb-a4300ace0f14@group-08EFFC98F927-SegmentedRaftLogWorker] INFO  segmented.SegmentedRaftLogWorker (SegmentedRaftLogWorker.java:execute(574)) - 426b4f77-b502-47d6-a6eb-a4300ace0f14@group-08EFFC98F927-SegmentedRaftLogWorker: created new log segment /workdir/hadoop-ozone/integration-test/target/test-dir/MiniOzoneClusterImpl-fc615848-cf41-4b62-93ca-35284ed11942/datanode-6/data/ratis/0296561e-5f37-44fb-8500-08effc98f927/current/log_inprogress_0
2019-10-04 08:09:15,882 [87531f07-bbe4-4083-9325-2f5525f6d6ba@group-08EFFC98F927-SegmentedRaftLogWorker] INFO  segmented.SegmentedRaftLogWorker (SegmentedRaftLogWorker.java:execute(574)) - 87531f07-bbe4-4083-9325-2f5525f6d6ba@group-08EFFC98F927-SegmentedRaftLogWorker: created new log segment /workdir/hadoop-ozone/integration-test/target/test-dir/MiniOzoneClusterImpl-fc615848-cf41-4b62-93ca-35284ed11942/datanode-0/data/ratis/0296561e-5f37-44fb-8500-08effc98f927/current/log_inprogress_0
2019-10-04 08:09:20,721 [Thread-3003] INFO  impl.FollowerState (FollowerState.java:run(108)) - 487589ec-ad7e-4ef6-803a-650f69006185@group-8BA8EA3E883D-FollowerState: change to CANDIDATE, lastRpcTime:5001ms, electionTimeout:5001ms
2019-10-04 08:09:20,721 [Thread-3003] INFO  impl.RoleInfo (RoleInfo.java:shutdownFollowerState(121)) - 487589ec-ad7e-4ef6-803a-650f69006185: shutdown FollowerState
2019-10-04 08:09:20,721 [Thread-3003] INFO  impl.RaftServerImpl (RaftServerImpl.java:setRole(170)) - 487589ec-ad7e-4ef6-803a-650f69006185@group-8BA8EA3E883D: changes role from  FOLLOWER to CANDIDATE at term 2 for changeToCandidate
2019-10-04 08:09:20,722 [Thread-3003] INFO  impl.RoleInfo (RoleInfo.java:updateAndGet(143)) - 487589ec-ad7e-4ef6-803a-650f69006185: start LeaderElection
2019-10-04 08:09:20,764 [487589ec-ad7e-4ef6-803a-650f69006185@group-8BA8EA3E883D-LeaderElection71] INFO  impl.LeaderElection (LeaderElection.java:askForVotes(178)) - 487589ec-ad7e-4ef6-803a-650f69006185@group-8BA8EA3E883D-LeaderElection71: begin an election at term 3 for -1: [42edd144-1281-44cd-8bb0-48942e6c21ea:192.168.30.44:37127, b604db3c-4fe1-481b-b03b-67d8cedf9bac:192.168.30.44:42232, 487589ec-ad7e-4ef6-803a-650f69006185:192.168.30.44:38924], old=null
2019-10-04 08:09:20,767 [grpc-default-executor-11] INFO  impl.RaftServerImpl (RaftServerImpl.java:setRole(170)) - 42edd144-1281-44cd-8bb0-48942e6c21ea@group-8BA8EA3E883D: changes role from  FOLLOWER to FOLLOWER at term 3 for recognizeCandidate:487589ec-ad7e-4ef6-803a-650f69006185
2019-10-04 08:09:20,767 [grpc-default-executor-6] INFO  impl.RaftServerImpl (RaftServerImpl.java:setRole(170)) - b604db3c-4fe1-481b-b03b-67d8cedf9bac@group-8BA8EA3E883D: changes role from  FOLLOWER to FOLLOWER at term 3 for recognizeCandidate:487589ec-ad7e-4ef6-803a-650f69006185
2019-10-04 08:09:20,767 [grpc-default-executor-11] INFO  impl.RoleInfo (RoleInfo.java:shutdownFollowerState(121)) - 42edd144-1281-44cd-8bb0-48942e6c21ea: shutdown FollowerState
2019-10-04 08:09:20,768 [grpc-default-executor-6] INFO  impl.RoleInfo (RoleInfo.java:shutdownFollowerState(121)) - b604db3c-4fe1-481b-b03b-67d8cedf9bac: shutdown FollowerState
2019-10-04 08:09:20,768 [Thread-3001] INFO  impl.FollowerState (FollowerState.java:run(117)) - 42edd144-1281-44cd-8bb0-48942e6c21ea@group-8BA8EA3E883D-FollowerState was interrupted: java.lang.InterruptedException: sleep interrupted
2019-10-04 08:09:20,768 [grpc-default-executor-11] INFO  impl.RoleInfo (RoleInfo.java:updateAndGet(143)) - 42edd144-1281-44cd-8bb0-48942e6c21ea: start FollowerState
2019-10-04 08:09:20,768 [Thread-3002] INFO  impl.FollowerState (FollowerState.java:run(117)) - b604db3c-4fe1-481b-b03b-67d8cedf9bac@group-8BA8EA3E883D-FollowerState was interrupted: java.lang.InterruptedException: sleep interrupted
2019-10-04 08:09:20,768 [grpc-default-executor-6] INFO  impl.RoleInfo (RoleInfo.java:updateAndGet(143)) - b604db3c-4fe1-481b-b03b-67d8cedf9bac: start FollowerState
2019-10-04 08:09:20,791 [487589ec-ad7e-4ef6-803a-650f69006185@group-8BA8EA3E883D-LeaderElection71] INFO  impl.LeaderElection (LeaderElection.java:logAndReturn(56)) - 487589ec-ad7e-4ef6-803a-650f69006185@group-8BA8EA3E883D-LeaderElection71: Election PASSED; received 1 response(s) [487589ec-ad7e-4ef6-803a-650f69006185<-42edd144-1281-44cd-8bb0-48942e6c21ea#0:OK-t3] and 0 exception(s); 487589ec-ad7e-4ef6-803a-650f69006185@group-8BA8EA3E883D:t3, leader=null, voted=487589ec-ad7e-4ef6-803a-650f69006185, raftlog=487589ec-ad7e-4ef6-803a-650f69006185@group-8BA8EA3E883D-SegmentedRaftLog:OPENED:c-1,f-1,i0, conf=-1: [42edd144-1281-44cd-8bb0-48942e6c21ea:192.168.30.44:37127, b604db3c-4fe1-481b-b03b-67d8cedf9bac:192.168.30.44:42232, 487589ec-ad7e-4ef6-803a-650f69006185:192.168.30.44:38924], old=null
2019-10-04 08:09:20,792 [487589ec-ad7e-4ef6-803a-650f69006185@group-8BA8EA3E883D-LeaderElection71] INFO  impl.RoleInfo (RoleInfo.java:shutdownLeaderElection(134)) - 487589ec-ad7e-4ef6-803a-650f69006185: shutdown LeaderElection
2019-10-04 08:09:20,792 [487589ec-ad7e-4ef6-803a-650f69006185@group-8BA8EA3E883D-LeaderElection71] INFO  impl.RaftServerImpl (RaftServerImpl.java:setRole(170)) - 487589ec-ad7e-4ef6-803a-650f69006185@group-8BA8EA3E883D: changes role from CANDIDATE to LEADER at term 3 for changeToLeader
2019-10-04 08:09:20,792 [487589ec-ad7e-4ef6-803a-650f69006185@group-8BA8EA3E883D-LeaderElection71] INFO  impl.RaftServerImpl (ServerState.java:setLeader(255)) - 487589ec-ad7e-4ef6-803a-650f69006185@group-8BA8EA3E883D: change Leader from null to 487589ec-ad7e-4ef6-803a-650f69006185 at term 3 for becomeLeader, leader elected after 15452ms
2019-10-04 08:09:20,793 [487589ec-ad7e-4ef6-803a-650f69006185@group-8BA8EA3E883D-LeaderElection71] INFO  server.RaftServerConfigKeys (ConfUtils.java:logGet(43)) - raft.server.staging.catchup.gap = 1000 (default)
2019-10-04 08:09:20,793 [487589ec-ad7e-4ef6-803a-650f69006185@group-8BA8EA3E883D-LeaderElection71] INFO  server.RaftServerConfigKeys (ConfUtils.java:logGet(43)) - raft.server.rpc.sleep.time = 25ms (default)
2019-10-04 08:09:20,793 [487589ec-ad7e-4ef6-803a-650f69006185@group-8BA8EA3E883D-LeaderElection71] INFO  server.RaftServerConfigKeys (ConfUtils.java:logGet(43)) - raft.server.write.element-limit = 4096 (default)
2019-10-04 08:09:20,793 [487589ec-ad7e-4ef6-803a-650f69006185@group-8BA8EA3E883D-LeaderElection71] INFO  server.RaftServerConfigKeys (ConfUtils.java:logGet(43)) - raft.server.watch.timeout = 10s (default)
2019-10-04 08:09:20,793 [487589ec-ad7e-4ef6-803a-650f69006185@group-8BA8EA3E883D-LeaderElection71] INFO  server.RaftServerConfigKeys (ConfUtils.java:logGet(43)) - raft.server.watch.timeout.denomination = 1s (default)
2019-10-04 08:09:20,794 [487589ec-ad7e-4ef6-803a-650f69006185@group-8BA8EA3E883D-LeaderElection71] INFO  server.RaftServerConfigKeys (ConfUtils.java:logGet(43)) - raft.server.watch.element-limit = 65536 (default)
2019-10-04 08:09:20,797 [487589ec-ad7e-4ef6-803a-650f69006185@group-8BA8EA3E883D-LeaderElection71] INFO  server.RaftServerConfigKeys (ConfUtils.java:logGet(43)) - raft.server.log.appender.snapshot.chunk.size.max = 16MB (=16777216) (default)
2019-10-04 08:09:20,798 [487589ec-ad7e-4ef6-803a-650f69006185@group-8BA8EA3E883D-LeaderElection71] INFO  server.RaftServerConfigKeys (ConfUtils.java:logGet(43)) - raft.server.log.appender.buffer.byte-limit = 33554432 (custom)
2019-10-04 08:09:20,798 [487589ec-ad7e-4ef6-803a-650f69006185@group-8BA8EA3E883D-LeaderElection71] INFO  server.RaftServerConfigKeys (ConfUtils.java:logGet(43)) - raft.server.log.appender.buffer.element-limit = 1 (custom)
2019-10-04 08:09:20,798 [487589ec-ad7e-4ef6-803a-650f69006185@group-8BA8EA3E883D-LeaderElection71] INFO  grpc.GrpcConfigKeys$Server (ConfUtils.java:logGet(43)) - raft.grpc.server.leader.outstanding.appends.max = 128 (default)
2019-10-04 08:09:20,798 [487589ec-ad7e-4ef6-803a-650f69006185@group-8BA8EA3E883D-LeaderElection71] INFO  server.RaftServerConfigKeys (ConfUtils.java:logGet(43)) - raft.server.rpc.request.timeout = 3000ms (default)
2019-10-04 08:09:20,799 [487589ec-ad7e-4ef6-803a-650f69006185@group-8BA8EA3E883D-LeaderElection71] INFO  server.RaftServerConfigKeys (ConfUtils.java:logGet(43)) - raft.server.log.appender.install.snapshot.enabled = false (custom)
2019-10-04 08:09:20,799 [487589ec-ad7e-4ef6-803a-650f69006185@group-8BA8EA3E883D-LeaderElection71] INFO  server.RaftServerConfigKeys (ConfUtils.java:logGet(43)) - raft.server.log.appender.snapshot.chunk.size.max = 16MB (=16777216) (default)
2019-10-04 08:09:20,799 [487589ec-ad7e-4ef6-803a-650f69006185@group-8BA8EA3E883D-LeaderElection71] INFO  server.RaftServerConfigKeys (ConfUtils.java:logGet(43)) - raft.server.log.appender.buffer.byte-limit = 33554432 (custom)
2019-10-04 08:09:20,799 [487589ec-ad7e-4ef6-803a-650f69006185@group-8BA8EA3E883D-LeaderElection71] INFO  server.RaftServerConfigKeys (ConfUtils.java:logGet(43)) - raft.server.log.appender.buffer.element-limit = 1 (custom)
2019-10-04 08:09:20,800 [487589ec-ad7e-4ef6-803a-650f69006185@group-8BA8EA3E883D-LeaderElection71] INFO  grpc.GrpcConfigKeys$Server (ConfUtils.java:logGet(43)) - raft.grpc.server.leader.outstanding.appends.max = 128 (default)
2019-10-04 08:09:20,800 [487589ec-ad7e-4ef6-803a-650f69006185@group-8BA8EA3E883D-LeaderElection71] INFO  server.RaftServerConfigKeys (ConfUtils.java:logGet(43)) - raft.server.rpc.request.timeout = 3000ms (default)
2019-10-04 08:09:20,800 [487589ec-ad7e-4ef6-803a-650f69006185@group-8BA8EA3E883D-LeaderElection71] INFO  server.RaftServerConfigKeys (ConfUtils.java:logGet(43)) - raft.server.log.appender.install.snapshot.enabled = false (custom)
2019-10-04 08:09:20,800 [487589ec-ad7e-4ef6-803a-650f69006185@group-8BA8EA3E883D-LeaderElection71] INFO  impl.RoleInfo (RoleInfo.java:updateAndGet(143)) - 487589ec-ad7e-4ef6-803a-650f69006185: start LeaderState
2019-10-04 08:09:20,800 [487589ec-ad7e-4ef6-803a-650f69006185@group-8BA8EA3E883D-LeaderElection71] INFO  segmented.SegmentedRaftLogWorker (SegmentedRaftLogWorker.java:startLogSegment(385)) - 487589ec-ad7e-4ef6-803a-650f69006185@group-8BA8EA3E883D-SegmentedRaftLogWorker: Starting segment from index:0
2019-10-04 08:09:20,801 [487589ec-ad7e-4ef6-803a-650f69006185@group-8BA8EA3E883D-LeaderElection71] INFO  impl.RaftServerImpl (ServerState.java:setRaftConf(356)) - 487589ec-ad7e-4ef6-803a-650f69006185@group-8BA8EA3E883D: set configuration 0: [42edd144-1281-44cd-8bb0-48942e6c21ea:192.168.30.44:37127, b604db3c-4fe1-481b-b03b-67d8cedf9bac:192.168.30.44:42232, 487589ec-ad7e-4ef6-803a-650f69006185:192.168.30.44:38924], old=null at 0
2019-10-04 08:09:20,836 [grpc-default-executor-6] INFO  impl.RaftServerImpl (ServerState.java:setLeader(255)) - b604db3c-4fe1-481b-b03b-67d8cedf9bac@group-8BA8EA3E883D: change Leader from null to 487589ec-ad7e-4ef6-803a-650f69006185 at term 3 for appendEntries, leader elected after 15496ms
2019-10-04 08:09:20,839 [grpc-default-executor-11] INFO  impl.RaftServerImpl (ServerState.java:setLeader(255)) - 42edd144-1281-44cd-8bb0-48942e6c21ea@group-8BA8EA3E883D: change Leader from null to 487589ec-ad7e-4ef6-803a-650f69006185 at term 3 for appendEntries, leader elected after 15499ms
2019-10-04 08:09:20,842 [grpc-default-executor-11] INFO  impl.RaftServerImpl (ServerState.java:setRaftConf(356)) - b604db3c-4fe1-481b-b03b-67d8cedf9bac@group-8BA8EA3E883D: set configuration 0: [42edd144-1281-44cd-8bb0-48942e6c21ea:192.168.30.44:37127, b604db3c-4fe1-481b-b03b-67d8cedf9bac:192.168.30.44:42232, 487589ec-ad7e-4ef6-803a-650f69006185:192.168.30.44:38924], old=null at 0
2019-10-04 08:09:20,842 [grpc-default-executor-6] INFO  impl.RaftServerImpl (ServerState.java:setRaftConf(356)) - 42edd144-1281-44cd-8bb0-48942e6c21ea@group-8BA8EA3E883D: set configuration 0: [42edd144-1281-44cd-8bb0-48942e6c21ea:192.168.30.44:37127, b604db3c-4fe1-481b-b03b-67d8cedf9bac:192.168.30.44:42232, 487589ec-ad7e-4ef6-803a-650f69006185:192.168.30.44:38924], old=null at 0
2019-10-04 08:09:20,842 [grpc-default-executor-11] INFO  segmented.SegmentedRaftLogWorker (SegmentedRaftLogWorker.java:startLogSegment(385)) - b604db3c-4fe1-481b-b03b-67d8cedf9bac@group-8BA8EA3E883D-SegmentedRaftLogWorker: Starting segment from index:0
2019-10-04 08:09:20,842 [grpc-default-executor-6] INFO  segmented.SegmentedRaftLogWorker (SegmentedRaftLogWorker.java:startLogSegment(385)) - 42edd144-1281-44cd-8bb0-48942e6c21ea@group-8BA8EA3E883D-SegmentedRaftLogWorker: Starting segment from index:0
2019-10-04 08:09:20,856 [487589ec-ad7e-4ef6-803a-650f69006185@group-8BA8EA3E883D-SegmentedRaftLogWorker] INFO  segmented.SegmentedRaftLogWorker (SegmentedRaftLogWorker.java:execute(574)) - 487589ec-ad7e-4ef6-803a-650f69006185@group-8BA8EA3E883D-SegmentedRaftLogWorker: created new log segment /workdir/hadoop-ozone/integration-test/target/test-dir/MiniOzoneClusterImpl-fc615848-cf41-4b62-93ca-35284ed11942/datanode-5/data/ratis/98748278-b6e9-4f62-9f77-8ba8ea3e883d/current/log_inprogress_0
2019-10-04 08:09:20,895 [b604db3c-4fe1-481b-b03b-67d8cedf9bac@group-8BA8EA3E883D-SegmentedRaftLogWorker] INFO  segmented.SegmentedRaftLogWorker (SegmentedRaftLogWorker.java:execute(574)) - b604db3c-4fe1-481b-b03b-67d8cedf9bac@group-8BA8EA3E883D-SegmentedRaftLogWorker: created new log segment /workdir/hadoop-ozone/integration-test/target/test-dir/MiniOzoneClusterImpl-fc615848-cf41-4b62-93ca-35284ed11942/datanode-1/data/ratis/98748278-b6e9-4f62-9f77-8ba8ea3e883d/current/log_inprogress_0
2019-10-04 08:09:20,895 [42edd144-1281-44cd-8bb0-48942e6c21ea@group-8BA8EA3E883D-SegmentedRaftLogWorker] INFO  segmented.SegmentedRaftLogWorker (SegmentedRaftLogWorker.java:execute(574)) - 42edd144-1281-44cd-8bb0-48942e6c21ea@group-8BA8EA3E883D-SegmentedRaftLogWorker: created new log segment /workdir/hadoop-ozone/integration-test/target/test-dir/MiniOzoneClusterImpl-fc615848-cf41-4b62-93ca-35284ed11942/datanode-4/data/ratis/98748278-b6e9-4f62-9f77-8ba8ea3e883d/current/log_inprogress_0
2019-10-04 08:09:22,633 [Datanode State Machine Thread - 0] INFO  statemachine.DatanodeStateMachine (DatanodeStateMachine.java:lambda$startDaemon$0(350)) - Ozone container server started.
2019-10-04 08:09:26,698 [EventQueue-StaleNodeForStaleNodeHandler] INFO  node.StaleNodeHandler (StaleNodeHandler.java:onMessage(58)) - Datanode 487589ec-ad7e-4ef6-803a-650f69006185{ip: 192.168.30.44, host: pr-hdds-2230-99mx8-1595754997, networkLocation: /default-rack, certSerialId: null} moved to stale state. Finalizing its pipelines [PipelineID=29522e0c-9b7c-48bc-8096-826045d778d8, PipelineID=98748278-b6e9-4f62-9f77-8ba8ea3e883d]
2019-10-04 08:09:26,698 [EventQueue-StaleNodeForStaleNodeHandler] INFO  pipeline.SCMPipelineManager (SCMPipelineManager.java:finalizeAndDestroyPipeline(315)) - destroying pipeline:Pipeline[ Id: 29522e0c-9b7c-48bc-8096-826045d778d8, Nodes: 487589ec-ad7e-4ef6-803a-650f69006185{ip: 192.168.30.44, host: pr-hdds-2230-99mx8-1595754997, networkLocation: /default-rack, certSerialId: null}, Type:RATIS, Factor:ONE, State:OPEN]
2019-10-04 08:09:26,699 [EventQueue-StaleNodeForStaleNodeHandler] INFO  pipeline.PipelineStateManager (PipelineStateManager.java:finalizePipeline(123)) - Pipeline Pipeline[ Id: 29522e0c-9b7c-48bc-8096-826045d778d8, Nodes: 487589ec-ad7e-4ef6-803a-650f69006185{ip: 192.168.30.44, host: pr-hdds-2230-99mx8-1595754997, networkLocation: /default-rack, certSerialId: null}, Type:RATIS, Factor:ONE, State:CLOSED] moved to CLOSED state
2019-10-04 08:09:26,699 [EventQueue-StaleNodeForStaleNodeHandler] INFO  pipeline.SCMPipelineManager (SCMPipelineManager.java:finalizeAndDestroyPipeline(315)) - destroying pipeline:Pipeline[ Id: 98748278-b6e9-4f62-9f77-8ba8ea3e883d, Nodes: 487589ec-ad7e-4ef6-803a-650f69006185{ip: 192.168.30.44, host: pr-hdds-2230-99mx8-1595754997, networkLocation: /default-rack, certSerialId: null}b604db3c-4fe1-481b-b03b-67d8cedf9bac{ip: 192.168.30.44, host: pr-hdds-2230-99mx8-1595754997, networkLocation: /default-rack, certSerialId: null}42edd144-1281-44cd-8bb0-48942e6c21ea{ip: 192.168.30.44, host: pr-hdds-2230-99mx8-1595754997, networkLocation: /default-rack, certSerialId: null}, Type:RATIS, Factor:THREE, State:OPEN]
2019-10-04 08:09:26,699 [EventQueue-StaleNodeForStaleNodeHandler] INFO  pipeline.PipelineStateManager (PipelineStateManager.java:finalizePipeline(123)) - Pipeline Pipeline[ Id: 98748278-b6e9-4f62-9f77-8ba8ea3e883d, Nodes: 487589ec-ad7e-4ef6-803a-650f69006185{ip: 192.168.30.44, host: pr-hdds-2230-99mx8-1595754997, networkLocation: /default-rack, certSerialId: null}b604db3c-4fe1-481b-b03b-67d8cedf9bac{ip: 192.168.30.44, host: pr-hdds-2230-99mx8-1595754997, networkLocation: /default-rack, certSerialId: null}42edd144-1281-44cd-8bb0-48942e6c21ea{ip: 192.168.30.44, host: pr-hdds-2230-99mx8-1595754997, networkLocation: /default-rack, certSerialId: null}, Type:RATIS, Factor:THREE, State:CLOSED] moved to CLOSED state
2019-10-04 08:09:26,700 [EventQueue-CloseContainerForCloseContainerEventHandler] INFO  container.CloseContainerEventHandler (CloseContainerEventHandler.java:onMessage(61)) - Close container Event triggered for container : #1
2019-10-04 08:09:26,892 [main] INFO  ozoneimpl.OzoneContainer (OzoneContainer.java:stop(231)) - Attempting to stop container services.
2019-10-04 08:09:26,897 [main] INFO  impl.RaftServerProxy (RaftServerProxy.java:lambda$close$4(314)) - 487589ec-ad7e-4ef6-803a-650f69006185: close
2019-10-04 08:09:26,898 [main] INFO  impl.RaftServerImpl (RaftServerImpl.java:lambda$shutdown$3(247)) - 487589ec-ad7e-4ef6-803a-650f69006185@group-826045D778D8: shutdown
2019-10-04 08:09:26,898 [ForkJoinPool.commonPool-worker-1] INFO  impl.RaftServerImpl (RaftServerImpl.java:lambda$shutdown$3(247)) - 487589ec-ad7e-4ef6-803a-650f69006185@group-8BA8EA3E883D: shutdown
2019-10-04 08:09:26,898 [main] INFO  util.JmxRegister (JmxRegister.java:unregister(73)) - Successfully un-registered JMX Bean with object name Ratis:service=RaftServer,group=group-826045D778D8,id=487589ec-ad7e-4ef6-803a-650f69006185
2019-10-04 08:09:26,899 [ForkJoinPool.commonPool-worker-1] INFO  util.JmxRegister (JmxRegister.java:unregister(73)) - Successfully un-registered JMX Bean with object name Ratis:service=RaftServer,group=group-8BA8EA3E883D,id=487589ec-ad7e-4ef6-803a-650f69006185
2019-10-04 08:09:26,899 [main] INFO  impl.RoleInfo (RoleInfo.java:shutdownLeaderState(104)) - 487589ec-ad7e-4ef6-803a-650f69006185: shutdown LeaderState
2019-10-04 08:09:26,899 [ForkJoinPool.commonPool-worker-1] INFO  impl.RoleInfo (RoleInfo.java:shutdownLeaderState(104)) - 487589ec-ad7e-4ef6-803a-650f69006185: shutdown LeaderState
2019-10-04 08:09:26,900 [main] INFO  impl.PendingRequests (PendingRequests.java:sendNotLeaderResponses(202)) - 487589ec-ad7e-4ef6-803a-650f69006185@group-826045D778D8-PendingRequests: sendNotLeaderResponses
2019-10-04 08:09:26,905 [ForkJoinPool.commonPool-worker-1] INFO  impl.PendingRequests (PendingRequests.java:sendNotLeaderResponses(202)) - 487589ec-ad7e-4ef6-803a-650f69006185@group-8BA8EA3E883D-PendingRequests: sendNotLeaderResponses
2019-10-04 08:09:26,905 [org.apache.ratis.server.impl.LogAppender$AppenderDaemon$$Lambda$532/950848361@19d2b0b9] WARN  server.GrpcLogAppender (GrpcLogAppender.java:mayWait(143)) - 487589ec-ad7e-4ef6-803a-650f69006185@group-8BA8EA3E883D->42edd144-1281-44cd-8bb0-48942e6c21ea-GrpcLogAppender: Wait interrupted by java.lang.InterruptedException
2019-10-04 08:09:26,905 [org.apache.ratis.server.impl.LogAppender$AppenderDaemon$$Lambda$532/950848361@d9f0c42] WARN  server.GrpcLogAppender (GrpcLogAppender.java:mayWait(143)) - 487589ec-ad7e-4ef6-803a-650f69006185@group-8BA8EA3E883D->b604db3c-4fe1-481b-b03b-67d8cedf9bac-GrpcLogAppender: Wait interrupted by java.lang.InterruptedException
2019-10-04 08:09:26,906 [main] INFO  impl.StateMachineUpdater (StateMachineUpdater.java:stopAndJoin(136)) - 487589ec-ad7e-4ef6-803a-650f69006185@group-826045D778D8-StateMachineUpdater: set stopIndex = 0
2019-10-04 08:09:26,911 [ForkJoinPool.commonPool-worker-1] INFO  impl.StateMachineUpdater (StateMachineUpdater.java:stopAndJoin(136)) - 487589ec-ad7e-4ef6-803a-650f69006185@group-8BA8EA3E883D-StateMachineUpdater: set stopIndex = 16
2019-10-04 08:09:26,911 [grpc-default-executor-6] INFO  server.GrpcServerProtocolService (GrpcServerProtocolService.java:onCompleted(113)) - b604db3c-4fe1-481b-b03b-67d8cedf9bac: Completed APPEND_ENTRIES, lastRequest: 487589ec-ad7e-4ef6-803a-650f69006185->b604db3c-4fe1-481b-b03b-67d8cedf9bac#19-t3, previous=(t:3, i:16), leaderCommit=16, initializing? false, entries: <empty>
2019-10-04 08:09:26,911 [main] INFO  impl.RaftServerImpl (ServerState.java:close(387)) - 487589ec-ad7e-4ef6-803a-650f69006185@group-826045D778D8: closes. applyIndex: 0
2019-10-04 08:09:26,911 [487589ec-ad7e-4ef6-803a-650f69006185@group-8BA8EA3E883D-StateMachineUpdater] INFO  ratis.ContainerStateMachine (ContainerStateMachine.java:takeSnapshot(293)) - group-8BA8EA3E883D: Taking a snapshot at:(t:3, i:14) file /workdir/hadoop-ozone/integration-test/target/test-dir/MiniOzoneClusterImpl-fc615848-cf41-4b62-93ca-35284ed11942/datanode-5/data/ratis/98748278-b6e9-4f62-9f77-8ba8ea3e883d/sm/snapshot.3_14
2019-10-04 08:09:26,911 [grpc-default-executor-13] INFO  server.GrpcServerProtocolService (GrpcServerProtocolService.java:onCompleted(113)) - 42edd144-1281-44cd-8bb0-48942e6c21ea: Completed APPEND_ENTRIES, lastRequest: 487589ec-ad7e-4ef6-803a-650f69006185->42edd144-1281-44cd-8bb0-48942e6c21ea#19-t3, previous=(t:3, i:16), leaderCommit=16, initializing? false, entries: <empty>
2019-10-04 08:09:26,912 [487589ec-ad7e-4ef6-803a-650f69006185@group-826045D778D8-SegmentedRaftLogWorker] INFO  segmented.SegmentedRaftLogWorker (SegmentedRaftLogWorker.java:run(316)) - 487589ec-ad7e-4ef6-803a-650f69006185@group-826045D778D8-SegmentedRaftLogWorker was interrupted, exiting. There are 0 tasks remaining in the queue.
2019-10-04 08:09:26,916 [grpc-default-executor-6] INFO  server.GrpcLogAppender (GrpcLogAppender.java:onCompleted(293)) - 487589ec-ad7e-4ef6-803a-650f69006185@group-8BA8EA3E883D->b604db3c-4fe1-481b-b03b-67d8cedf9bac-AppendLogResponseHandler: follower responses appendEntries COMPLETED
2019-10-04 08:09:26,916 [grpc-default-executor-13] INFO  server.GrpcLogAppender (GrpcLogAppender.java:onCompleted(293)) - 487589ec-ad7e-4ef6-803a-650f69006185@group-8BA8EA3E883D->42edd144-1281-44cd-8bb0-48942e6c21ea-AppendLogResponseHandler: follower responses appendEntries COMPLETED
2019-10-04 08:09:26,917 [grpc-default-executor-6] INFO  impl.FollowerInfo (FollowerInfo.java:lambda$new$0(51)) - 487589ec-ad7e-4ef6-803a-650f69006185@group-8BA8EA3E883D->b604db3c-4fe1-481b-b03b-67d8cedf9bac: nextIndex: updateUnconditionally 17 -> 16
2019-10-04 08:09:26,917 [grpc-default-executor-13] INFO  impl.FollowerInfo (FollowerInfo.java:lambda$new$0(51)) - 487589ec-ad7e-4ef6-803a-650f69006185@group-8BA8EA3E883D->42edd144-1281-44cd-8bb0-48942e6c21ea: nextIndex: updateUnconditionally 17 -> 16
2019-10-04 08:09:26,923 [main] INFO  segmented.SegmentedRaftLogWorker (SegmentedRaftLogWorker.java:close(224)) - 487589ec-ad7e-4ef6-803a-650f69006185@group-826045D778D8-SegmentedRaftLogWorker close()
2019-10-04 08:09:26,936 [487589ec-ad7e-4ef6-803a-650f69006185@group-8BA8EA3E883D-StateMachineUpdater] INFO  ratis.ContainerStateMachine (ContainerStateMachine.java:takeSnapshot(304)) - group-8BA8EA3E883D: Finished taking a snapshot at:(t:3, i:14) file:/workdir/hadoop-ozone/integration-test/target/test-dir/MiniOzoneClusterImpl-fc615848-cf41-4b62-93ca-35284ed11942/datanode-5/data/ratis/98748278-b6e9-4f62-9f77-8ba8ea3e883d/sm/snapshot.3_14 time:25
2019-10-04 08:09:26,936 [487589ec-ad7e-4ef6-803a-650f69006185@group-8BA8EA3E883D-StateMachineUpdater] INFO  impl.StateMachineUpdater (StateMachineUpdater.java:takeSnapshot(269)) - 487589ec-ad7e-4ef6-803a-650f69006185@group-8BA8EA3E883D-StateMachineUpdater: Took a snapshot at index 14
2019-10-04 08:09:26,936 [487589ec-ad7e-4ef6-803a-650f69006185@group-8BA8EA3E883D-StateMachineUpdater] INFO  impl.StateMachineUpdater (StateMachineUpdater.java:lambda$new$0(84)) - 487589ec-ad7e-4ef6-803a-650f69006185@group-8BA8EA3E883D-StateMachineUpdater: snapshotIndex: updateIncreasingly -1 -> 14
2019-10-04 08:09:26,936 [487589ec-ad7e-4ef6-803a-650f69006185@group-8BA8EA3E883D-StateMachineUpdater] INFO  ratis.ContainerStateMachine (ContainerStateMachine.java:takeSnapshot(293)) - group-8BA8EA3E883D: Taking a snapshot at:(t:3, i:14) file /workdir/hadoop-ozone/integration-test/target/test-dir/MiniOzoneClusterImpl-fc615848-cf41-4b62-93ca-35284ed11942/datanode-5/data/ratis/98748278-b6e9-4f62-9f77-8ba8ea3e883d/sm/snapshot.3_14
2019-10-04 08:09:26,950 [487589ec-ad7e-4ef6-803a-650f69006185@group-8BA8EA3E883D-StateMachineUpdater] INFO  ratis.ContainerStateMachine (ContainerStateMachine.java:takeSnapshot(304)) - group-8BA8EA3E883D: Finished taking a snapshot at:(t:3, i:14) file:/workdir/hadoop-ozone/integration-test/target/test-dir/MiniOzoneClusterImpl-fc615848-cf41-4b62-93ca-35284ed11942/datanode-5/data/ratis/98748278-b6e9-4f62-9f77-8ba8ea3e883d/sm/snapshot.3_14 time:14
2019-10-04 08:09:26,950 [487589ec-ad7e-4ef6-803a-650f69006185@group-8BA8EA3E883D-StateMachineUpdater] INFO  impl.StateMachineUpdater (StateMachineUpdater.java:takeSnapshot(269)) - 487589ec-ad7e-4ef6-803a-650f69006185@group-8BA8EA3E883D-StateMachineUpdater: Took a snapshot at index 14
2019-10-04 08:09:26,950 [487589ec-ad7e-4ef6-803a-650f69006185@group-8BA8EA3E883D-StateMachineUpdater] INFO  impl.StateMachineUpdater (StateMachineUpdater.java:lambda$new$0(84)) - 487589ec-ad7e-4ef6-803a-650f69006185@group-8BA8EA3E883D-StateMachineUpdater: snapshotIndex: updateIncreasingly 14 -> 14
2019-10-04 08:09:26,950 [ForkJoinPool.commonPool-worker-1] INFO  impl.RaftServerImpl (ServerState.java:close(387)) - 487589ec-ad7e-4ef6-803a-650f69006185@group-8BA8EA3E883D: closes. applyIndex: 16
2019-10-04 08:09:26,951 [487589ec-ad7e-4ef6-803a-650f69006185@group-8BA8EA3E883D-SegmentedRaftLogWorker] INFO  segmented.SegmentedRaftLogWorker (SegmentedRaftLogWorker.java:run(316)) - 487589ec-ad7e-4ef6-803a-650f69006185@group-8BA8EA3E883D-SegmentedRaftLogWorker was interrupted, exiting. There are 0 tasks remaining in the queue.
2019-10-04 08:09:26,953 [ForkJoinPool.commonPool-worker-1] INFO  segmented.SegmentedRaftLogWorker (SegmentedRaftLogWorker.java:close(224)) - 487589ec-ad7e-4ef6-803a-650f69006185@group-8BA8EA3E883D-SegmentedRaftLogWorker close()
2019-10-04 08:09:26,953 [main] INFO  server.GrpcService (GrpcService.java:closeImpl(164)) - 487589ec-ad7e-4ef6-803a-650f69006185: shutdown server with port 38924 now
2019-10-04 08:09:26,954 [grpc-default-executor-6] WARN  client.GrpcClientProtocolService (LogUtils.java:warn(134)) - 8-UnorderedRequestStreamObserver8: onError: org.apache.ratis.thirdparty.io.grpc.StatusRuntimeException: CANCELLED: cancelled before receiving half close
2019-10-04 08:09:26,954 [main] INFO  server.GrpcService (GrpcService.java:closeImpl(172)) - 487589ec-ad7e-4ef6-803a-650f69006185: shutdown server with port 38924 successfully
2019-10-04 08:09:26,956 [refreshUsed-/workdir/hadoop-ozone/integration-test/target/test-dir/MiniOzoneClusterImpl-fc615848-cf41-4b62-93ca-35284ed11942/datanode-5/data/containers] WARN  fs.CachingGetSpaceUsed (CachingGetSpaceUsed.java:run(183)) - Thread Interrupted waiting to refresh disk information: sleep interrupted
2019-10-04 08:09:26,969 [main] INFO  utils.BackgroundService (BackgroundService.java:shutdown(148)) - Shutting down service BlockDeletingService
2019-10-04 08:09:26,990 [main] INFO  statemachine.DatanodeStateMachine (DatanodeStateMachine.java:stopDaemon(395)) - Ozone container server stopped.
2019-10-04 08:09:26,991 [main] INFO  handler.ContextHandler (ContextHandler.java:doStop(910)) - Stopped o.e.j.w.WebAppContext@49754e74{/,null,UNAVAILABLE}{/hddsDatanode}
2019-10-04 08:09:26,992 [main] INFO  server.AbstractConnector (AbstractConnector.java:doStop(318)) - Stopped ServerConnector@31881aa2{HTTP/1.1,[http/1.1]}{0.0.0.0:0}
2019-10-04 08:09:26,993 [main] INFO  handler.ContextHandler (ContextHandler.java:doStop(910)) - Stopped o.e.j.s.ServletContextHandler@632cf7d3{/static,jar:file:/home/user/.m2/repository/org/apache/hadoop/hadoop-hdds-container-service/0.5.0-SNAPSHOT/hadoop-hdds-container-service-0.5.0-SNAPSHOT.jar!/webapps/static,UNAVAILABLE}
2019-10-04 08:09:26,993 [main] INFO  handler.ContextHandler (ContextHandler.java:doStop(910)) - Stopped o.e.j.s.ServletContextHandler@5fb5ad40{/logs,file:///workdir/hadoop-ozone/integration-test/target/log,UNAVAILABLE}
2019-10-04 08:09:35,861 [Thread-3033] INFO  impl.FollowerState (FollowerState.java:run(108)) - b604db3c-4fe1-481b-b03b-67d8cedf9bac@group-8BA8EA3E883D-FollowerState: change to CANDIDATE, lastRpcTime:8970ms, electionTimeout:5030ms
2019-10-04 08:09:35,862 [Thread-3033] INFO  impl.RoleInfo (RoleInfo.java:shutdownFollowerState(121)) - b604db3c-4fe1-481b-b03b-67d8cedf9bac: shutdown FollowerState
2019-10-04 08:09:35,862 [Thread-3033] INFO  impl.RaftServerImpl (RaftServerImpl.java:setRole(170)) - b604db3c-4fe1-481b-b03b-67d8cedf9bac@group-8BA8EA3E883D: changes role from  FOLLOWER to CANDIDATE at term 3 for changeToCandidate
2019-10-04 08:09:35,862 [Thread-3033] INFO  impl.RoleInfo (RoleInfo.java:updateAndGet(143)) - b604db3c-4fe1-481b-b03b-67d8cedf9bac: start LeaderElection
2019-10-04 08:09:35,867 [b604db3c-4fe1-481b-b03b-67d8cedf9bac@group-8BA8EA3E883D-LeaderElection72] INFO  impl.RaftServerImpl (ServerState.java:setLeader(255)) - b604db3c-4fe1-481b-b03b-67d8cedf9bac@group-8BA8EA3E883D: change Leader from 487589ec-ad7e-4ef6-803a-650f69006185 to null at term 3 for initElection
2019-10-04 08:09:35,892 [b604db3c-4fe1-481b-b03b-67d8cedf9bac@group-8BA8EA3E883D-LeaderElection72] INFO  impl.LeaderElection (LeaderElection.java:askForVotes(178)) - b604db3c-4fe1-481b-b03b-67d8cedf9bac@group-8BA8EA3E883D-LeaderElection72: begin an election at term 4 for 0: [42edd144-1281-44cd-8bb0-48942e6c21ea:192.168.30.44:37127, b604db3c-4fe1-481b-b03b-67d8cedf9bac:192.168.30.44:42232, 487589ec-ad7e-4ef6-803a-650f69006185:192.168.30.44:38924], old=null
2019-10-04 08:09:35,895 [b604db3c-4fe1-481b-b03b-67d8cedf9bac@group-8BA8EA3E883D-LeaderElection72] INFO  impl.LeaderElection (LogUtils.java:infoOrTrace(149)) - b604db3c-4fe1-481b-b03b-67d8cedf9bac@group-8BA8EA3E883D-LeaderElection72 got exception when requesting votes: {}
java.util.concurrent.ExecutionException: org.apache.ratis.thirdparty.io.grpc.StatusRuntimeException: UNAVAILABLE: io exception
	at java.util.concurrent.FutureTask.report(FutureTask.java:122)
	at java.util.concurrent.FutureTask.get(FutureTask.java:192)
	at org.apache.ratis.server.impl.LeaderElection.waitForResults(LeaderElection.java:259)
	at org.apache.ratis.server.impl.LeaderElection.askForVotes(LeaderElection.java:197)
	at org.apache.ratis.server.impl.LeaderElection.run(LeaderElection.java:133)
	at java.lang.Thread.run(Thread.java:748)
Caused by: org.apache.ratis.thirdparty.io.grpc.StatusRuntimeException: UNAVAILABLE: io exception
	at org.apache.ratis.thirdparty.io.grpc.stub.ClientCalls.toStatusRuntimeException(ClientCalls.java:233)
	at org.apache.ratis.thirdparty.io.grpc.stub.ClientCalls.getUnchecked(ClientCalls.java:214)
	at org.apache.ratis.thirdparty.io.grpc.stub.ClientCalls.blockingUnaryCall(ClientCalls.java:139)
	at org.apache.ratis.proto.grpc.RaftServerProtocolServiceGrpc$RaftServerProtocolServiceBlockingStub.requestVote(RaftServerProtocolServiceGrpc.java:265)
	at org.apache.ratis.grpc.server.GrpcServerProtocolClient.requestVote(GrpcServerProtocolClient.java:99)
	at org.apache.ratis.grpc.server.GrpcService.requestVote(GrpcService.java:204)
	at org.apache.ratis.server.impl.LeaderElection.lambda$submitRequests$1(LeaderElection.java:234)
	at java.util.concurrent.FutureTask.run(FutureTask.java:266)
	at java.util.concurrent.Executors$RunnableAdapter.call(Executors.java:511)
	at java.util.concurrent.FutureTask.run(FutureTask.java:266)
	at java.util.concurrent.ThreadPoolExecutor.runWorker(ThreadPoolExecutor.java:1149)
	at java.util.concurrent.ThreadPoolExecutor$Worker.run(ThreadPoolExecutor.java:624)
	... 1 more
Caused by: org.apache.ratis.thirdparty.io.netty.channel.AbstractChannel$AnnotatedConnectException: Connection refused: /192.168.30.44:38924
	at sun.nio.ch.SocketChannelImpl.checkConnect(Native Method)
	at sun.nio.ch.SocketChannelImpl.finishConnect(SocketChannelImpl.java:717)
	at org.apache.ratis.thirdparty.io.netty.channel.socket.nio.NioSocketChannel.doFinishConnect(NioSocketChannel.java:327)
	at org.apache.ratis.thirdparty.io.netty.channel.nio.AbstractNioChannel$AbstractNioUnsafe.finishConnect(AbstractNioChannel.java:340)
	at org.apache.ratis.thirdparty.io.netty.channel.nio.NioEventLoop.processSelectedKey(NioEventLoop.java:632)
	at org.apache.ratis.thirdparty.io.netty.channel.nio.NioEventLoop.processSelectedKeysOptimized(NioEventLoop.java:579)
	at org.apache.ratis.thirdparty.io.netty.channel.nio.NioEventLoop.processSelectedKeys(NioEventLoop.java:496)
	at org.apache.ratis.thirdparty.io.netty.channel.nio.NioEventLoop.run(NioEventLoop.java:458)
	at org.apache.ratis.thirdparty.io.netty.util.concurrent.SingleThreadEventExecutor$5.run(SingleThreadEventExecutor.java:897)
	at org.apache.ratis.thirdparty.io.netty.util.concurrent.FastThreadLocalRunnable.run(FastThreadLocalRunnable.java:30)
	... 1 more
Caused by: java.net.ConnectException: Connection refused
	... 11 more
2019-10-04 08:09:35,895 [grpc-default-executor-6] INFO  impl.RaftServerImpl (ServerState.java:setLeader(255)) - 42edd144-1281-44cd-8bb0-48942e6c21ea@group-8BA8EA3E883D: change Leader from 487589ec-ad7e-4ef6-803a-650f69006185 to null at term 4 for updateCurrentTerm
2019-10-04 08:09:35,900 [grpc-default-executor-6] INFO  impl.RaftServerImpl (RaftServerImpl.java:setRole(170)) - 42edd144-1281-44cd-8bb0-48942e6c21ea@group-8BA8EA3E883D: changes role from  FOLLOWER to FOLLOWER at term 4 for recognizeCandidate:b604db3c-4fe1-481b-b03b-67d8cedf9bac
2019-10-04 08:09:35,900 [grpc-default-executor-6] INFO  impl.RoleInfo (RoleInfo.java:shutdownFollowerState(121)) - 42edd144-1281-44cd-8bb0-48942e6c21ea: shutdown FollowerState
2019-10-04 08:09:35,900 [grpc-default-executor-6] INFO  impl.RoleInfo (RoleInfo.java:updateAndGet(143)) - 42edd144-1281-44cd-8bb0-48942e6c21ea: start FollowerState
2019-10-04 08:09:35,901 [Thread-3032] INFO  impl.FollowerState (FollowerState.java:run(117)) - 42edd144-1281-44cd-8bb0-48942e6c21ea@group-8BA8EA3E883D-FollowerState was interrupted: java.lang.InterruptedException: sleep interrupted
2019-10-04 08:09:35,918 [b604db3c-4fe1-481b-b03b-67d8cedf9bac@group-8BA8EA3E883D-LeaderElection72] INFO  impl.LeaderElection (LeaderElection.java:logAndReturn(56)) - b604db3c-4fe1-481b-b03b-67d8cedf9bac@group-8BA8EA3E883D-LeaderElection72: Election PASSED; received 1 response(s) [b604db3c-4fe1-481b-b03b-67d8cedf9bac<-42edd144-1281-44cd-8bb0-48942e6c21ea#0:OK-t4] and 1 exception(s); b604db3c-4fe1-481b-b03b-67d8cedf9bac@group-8BA8EA3E883D:t4, leader=null, voted=b604db3c-4fe1-481b-b03b-67d8cedf9bac, raftlog=b604db3c-4fe1-481b-b03b-67d8cedf9bac@group-8BA8EA3E883D-SegmentedRaftLog:OPENED:c16,f16,i16, conf=0: [42edd144-1281-44cd-8bb0-48942e6c21ea:192.168.30.44:37127, b604db3c-4fe1-481b-b03b-67d8cedf9bac:192.168.30.44:42232, 487589ec-ad7e-4ef6-803a-650f69006185:192.168.30.44:38924], old=null
2019-10-04 08:09:35,918 [b604db3c-4fe1-481b-b03b-67d8cedf9bac@group-8BA8EA3E883D-LeaderElection72] INFO  impl.LeaderElection (LogUtils.java:infoOrTrace(149)) -   Exception 0: {}
java.util.concurrent.ExecutionException: org.apache.ratis.thirdparty.io.grpc.StatusRuntimeException: UNAVAILABLE: io exception
	at java.util.concurrent.FutureTask.report(FutureTask.java:122)
	at java.util.concurrent.FutureTask.get(FutureTask.java:192)
	at org.apache.ratis.server.impl.LeaderElection.waitForResults(LeaderElection.java:259)
	at org.apache.ratis.server.impl.LeaderElection.askForVotes(LeaderElection.java:197)
	at org.apache.ratis.server.impl.LeaderElection.run(LeaderElection.java:133)
	at java.lang.Thread.run(Thread.java:748)
Caused by: org.apache.ratis.thirdparty.io.grpc.StatusRuntimeException: UNAVAILABLE: io exception
	at org.apache.ratis.thirdparty.io.grpc.stub.ClientCalls.toStatusRuntimeException(ClientCalls.java:233)
	at org.apache.ratis.thirdparty.io.grpc.stub.ClientCalls.getUnchecked(ClientCalls.java:214)
	at org.apache.ratis.thirdparty.io.grpc.stub.ClientCalls.blockingUnaryCall(ClientCalls.java:139)
	at org.apache.ratis.proto.grpc.RaftServerProtocolServiceGrpc$RaftServerProtocolServiceBlockingStub.requestVote(RaftServerProtocolServiceGrpc.java:265)
	at org.apache.ratis.grpc.server.GrpcServerProtocolClient.requestVote(GrpcServerProtocolClient.java:99)
	at org.apache.ratis.grpc.server.GrpcService.requestVote(GrpcService.java:204)
	at org.apache.ratis.server.impl.LeaderElection.lambda$submitRequests$1(LeaderElection.java:234)
	at java.util.concurrent.FutureTask.run(FutureTask.java:266)
	at java.util.concurrent.Executors$RunnableAdapter.call(Executors.java:511)
	at java.util.concurrent.FutureTask.run(FutureTask.java:266)
	at java.util.concurrent.ThreadPoolExecutor.runWorker(ThreadPoolExecutor.java:1149)
	at java.util.concurrent.ThreadPoolExecutor$Worker.run(ThreadPoolExecutor.java:624)
	... 1 more
Caused by: org.apache.ratis.thirdparty.io.netty.channel.AbstractChannel$AnnotatedConnectException: Connection refused: /192.168.30.44:38924
	at sun.nio.ch.SocketChannelImpl.checkConnect(Native Method)
	at sun.nio.ch.SocketChannelImpl.finishConnect(SocketChannelImpl.java:717)
	at org.apache.ratis.thirdparty.io.netty.channel.socket.nio.NioSocketChannel.doFinishConnect(NioSocketChannel.java:327)
	at org.apache.ratis.thirdparty.io.netty.channel.nio.AbstractNioChannel$AbstractNioUnsafe.finishConnect(AbstractNioChannel.java:340)
	at org.apache.ratis.thirdparty.io.netty.channel.nio.NioEventLoop.processSelectedKey(NioEventLoop.java:632)
	at org.apache.ratis.thirdparty.io.netty.channel.nio.NioEventLoop.processSelectedKeysOptimized(NioEventLoop.java:579)
	at org.apache.ratis.thirdparty.io.netty.channel.nio.NioEventLoop.processSelectedKeys(NioEventLoop.java:496)
	at org.apache.ratis.thirdparty.io.netty.channel.nio.NioEventLoop.run(NioEventLoop.java:458)
	at org.apache.ratis.thirdparty.io.netty.util.concurrent.SingleThreadEventExecutor$5.run(SingleThreadEventExecutor.java:897)
	at org.apache.ratis.thirdparty.io.netty.util.concurrent.FastThreadLocalRunnable.run(FastThreadLocalRunnable.java:30)
	... 1 more
Caused by: java.net.ConnectException: Connection refused
	... 11 more
2019-10-04 08:09:35,918 [b604db3c-4fe1-481b-b03b-67d8cedf9bac@group-8BA8EA3E883D-LeaderElection72] INFO  impl.RoleInfo (RoleInfo.java:shutdownLeaderElection(134)) - b604db3c-4fe1-481b-b03b-67d8cedf9bac: shutdown LeaderElection
2019-10-04 08:09:35,918 [b604db3c-4fe1-481b-b03b-67d8cedf9bac@group-8BA8EA3E883D-LeaderElection72] INFO  impl.RaftServerImpl (RaftServerImpl.java:setRole(170)) - b604db3c-4fe1-481b-b03b-67d8cedf9bac@group-8BA8EA3E883D: changes role from CANDIDATE to LEADER at term 4 for changeToLeader
2019-10-04 08:09:35,919 [b604db3c-4fe1-481b-b03b-67d8cedf9bac@group-8BA8EA3E883D-LeaderElection72] INFO  impl.RaftServerImpl (ServerState.java:setLeader(255)) - b604db3c-4fe1-481b-b03b-67d8cedf9bac@group-8BA8EA3E883D: change Leader from null to b604db3c-4fe1-481b-b03b-67d8cedf9bac at term 4 for becomeLeader, leader elected after 51ms
2019-10-04 08:09:35,919 [b604db3c-4fe1-481b-b03b-67d8cedf9bac@group-8BA8EA3E883D-LeaderElection72] INFO  server.RaftServerConfigKeys (ConfUtils.java:logGet(43)) - raft.server.staging.catchup.gap = 1000 (default)
2019-10-04 08:09:35,919 [b604db3c-4fe1-481b-b03b-67d8cedf9bac@group-8BA8EA3E883D-LeaderElection72] INFO  server.RaftServerConfigKeys (ConfUtils.java:logGet(43)) - raft.server.rpc.sleep.time = 25ms (default)
2019-10-04 08:09:35,919 [b604db3c-4fe1-481b-b03b-67d8cedf9bac@group-8BA8EA3E883D-LeaderElection72] INFO  server.RaftServerConfigKeys (ConfUtils.java:logGet(43)) - raft.server.write.element-limit = 4096 (default)
2019-10-04 08:09:35,920 [b604db3c-4fe1-481b-b03b-67d8cedf9bac@group-8BA8EA3E883D-LeaderElection72] INFO  server.RaftServerConfigKeys (ConfUtils.java:logGet(43)) - raft.server.watch.timeout = 10s (default)
2019-10-04 08:09:35,920 [b604db3c-4fe1-481b-b03b-67d8cedf9bac@group-8BA8EA3E883D-LeaderElection72] INFO  server.RaftServerConfigKeys (ConfUtils.java:logGet(43)) - raft.server.watch.timeout.denomination = 1s (default)
2019-10-04 08:09:35,920 [b604db3c-4fe1-481b-b03b-67d8cedf9bac@group-8BA8EA3E883D-LeaderElection72] INFO  server.RaftServerConfigKeys (ConfUtils.java:logGet(43)) - raft.server.watch.element-limit = 65536 (default)
2019-10-04 08:09:35,922 [b604db3c-4fe1-481b-b03b-67d8cedf9bac@group-8BA8EA3E883D-LeaderElection72] INFO  server.RaftServerConfigKeys (ConfUtils.java:logGet(43)) - raft.server.log.appender.snapshot.chunk.size.max = 16MB (=16777216) (default)
2019-10-04 08:09:35,922 [b604db3c-4fe1-481b-b03b-67d8cedf9bac@group-8BA8EA3E883D-LeaderElection72] INFO  server.RaftServerConfigKeys (ConfUtils.java:logGet(43)) - raft.server.log.appender.buffer.byte-limit = 33554432 (custom)
2019-10-04 08:09:35,923 [b604db3c-4fe1-481b-b03b-67d8cedf9bac@group-8BA8EA3E883D-LeaderElection72] INFO  server.RaftServerConfigKeys (ConfUtils.java:logGet(43)) - raft.server.log.appender.buffer.element-limit = 1 (custom)
2019-10-04 08:09:35,923 [b604db3c-4fe1-481b-b03b-67d8cedf9bac@group-8BA8EA3E883D-LeaderElection72] INFO  grpc.GrpcConfigKeys$Server (ConfUtils.java:logGet(43)) - raft.grpc.server.leader.outstanding.appends.max = 128 (default)
2019-10-04 08:09:35,923 [b604db3c-4fe1-481b-b03b-67d8cedf9bac@group-8BA8EA3E883D-LeaderElection72] INFO  server.RaftServerConfigKeys (ConfUtils.java:logGet(43)) - raft.server.rpc.request.timeout = 3000ms (default)
2019-10-04 08:09:35,923 [b604db3c-4fe1-481b-b03b-67d8cedf9bac@group-8BA8EA3E883D-LeaderElection72] INFO  server.RaftServerConfigKeys (ConfUtils.java:logGet(43)) - raft.server.log.appender.install.snapshot.enabled = false (custom)
2019-10-04 08:09:35,923 [b604db3c-4fe1-481b-b03b-67d8cedf9bac@group-8BA8EA3E883D-LeaderElection72] INFO  server.RaftServerConfigKeys (ConfUtils.java:logGet(43)) - raft.server.log.appender.snapshot.chunk.size.max = 16MB (=16777216) (default)
2019-10-04 08:09:35,923 [b604db3c-4fe1-481b-b03b-67d8cedf9bac@group-8BA8EA3E883D-LeaderElection72] INFO  server.RaftServerConfigKeys (ConfUtils.java:logGet(43)) - raft.server.log.appender.buffer.byte-limit = 33554432 (custom)
2019-10-04 08:09:35,923 [b604db3c-4fe1-481b-b03b-67d8cedf9bac@group-8BA8EA3E883D-LeaderElection72] INFO  server.RaftServerConfigKeys (ConfUtils.java:logGet(43)) - raft.server.log.appender.buffer.element-limit = 1 (custom)
2019-10-04 08:09:35,924 [b604db3c-4fe1-481b-b03b-67d8cedf9bac@group-8BA8EA3E883D-LeaderElection72] INFO  grpc.GrpcConfigKeys$Server (ConfUtils.java:logGet(43)) - raft.grpc.server.leader.outstanding.appends.max = 128 (default)
2019-10-04 08:09:35,924 [b604db3c-4fe1-481b-b03b-67d8cedf9bac@group-8BA8EA3E883D-LeaderElection72] INFO  server.RaftServerConfigKeys (ConfUtils.java:logGet(43)) - raft.server.rpc.request.timeout = 3000ms (default)
2019-10-04 08:09:35,924 [b604db3c-4fe1-481b-b03b-67d8cedf9bac@group-8BA8EA3E883D-LeaderElection72] INFO  server.RaftServerConfigKeys (ConfUtils.java:logGet(43)) - raft.server.log.appender.install.snapshot.enabled = false (custom)
2019-10-04 08:09:35,924 [b604db3c-4fe1-481b-b03b-67d8cedf9bac@group-8BA8EA3E883D-LeaderElection72] INFO  impl.RoleInfo (RoleInfo.java:updateAndGet(143)) - b604db3c-4fe1-481b-b03b-67d8cedf9bac: start LeaderState
2019-10-04 08:09:35,924 [b604db3c-4fe1-481b-b03b-67d8cedf9bac@group-8BA8EA3E883D-LeaderElection72] INFO  segmented.SegmentedRaftLogWorker (SegmentedRaftLogWorker.java:rollLogSegment(390)) - b604db3c-4fe1-481b-b03b-67d8cedf9bac@group-8BA8EA3E883D-SegmentedRaftLogWorker: Rolling segment log-0_16 to index:16
2019-10-04 08:09:35,925 [b604db3c-4fe1-481b-b03b-67d8cedf9bac@group-8BA8EA3E883D-LeaderElection72] INFO  impl.RaftServerImpl (ServerState.java:setRaftConf(356)) - b604db3c-4fe1-481b-b03b-67d8cedf9bac@group-8BA8EA3E883D: set configuration 17: [42edd144-1281-44cd-8bb0-48942e6c21ea:192.168.30.44:37127, b604db3c-4fe1-481b-b03b-67d8cedf9bac:192.168.30.44:42232, 487589ec-ad7e-4ef6-803a-650f69006185:192.168.30.44:38924], old=null at 17
2019-10-04 08:09:35,926 [b604db3c-4fe1-481b-b03b-67d8cedf9bac@group-8BA8EA3E883D-SegmentedRaftLogWorker] INFO  segmented.SegmentedRaftLogWorker (SegmentedRaftLogWorker.java:execute(531)) - b604db3c-4fe1-481b-b03b-67d8cedf9bac@group-8BA8EA3E883D-SegmentedRaftLogWorker: Rolled log segment from /workdir/hadoop-ozone/integration-test/target/test-dir/MiniOzoneClusterImpl-fc615848-cf41-4b62-93ca-35284ed11942/datanode-1/data/ratis/98748278-b6e9-4f62-9f77-8ba8ea3e883d/current/log_inprogress_0 to /workdir/hadoop-ozone/integration-test/target/test-dir/MiniOzoneClusterImpl-fc615848-cf41-4b62-93ca-35284ed11942/datanode-1/data/ratis/98748278-b6e9-4f62-9f77-8ba8ea3e883d/current/log_0-16
2019-10-04 08:09:35,929 [grpc-default-executor-6] WARN  server.GrpcLogAppender (LogUtils.java:warn(134)) - b604db3c-4fe1-481b-b03b-67d8cedf9bac@group-8BA8EA3E883D->487589ec-ad7e-4ef6-803a-650f69006185-AppendLogResponseHandler: Failed appendEntries: org.apache.ratis.thirdparty.io.grpc.StatusRuntimeException: UNAVAILABLE: io exception
2019-10-04 08:09:35,930 [grpc-default-executor-6] INFO  impl.FollowerInfo (FollowerInfo.java:lambda$new$0(51)) - b604db3c-4fe1-481b-b03b-67d8cedf9bac@group-8BA8EA3E883D->487589ec-ad7e-4ef6-803a-650f69006185: nextIndex: updateUnconditionally 17 -> 1
2019-10-04 08:09:35,930 [grpc-default-executor-13] INFO  impl.RaftServerImpl (ServerState.java:setLeader(255)) - 42edd144-1281-44cd-8bb0-48942e6c21ea@group-8BA8EA3E883D: change Leader from null to b604db3c-4fe1-481b-b03b-67d8cedf9bac at term 4 for appendEntries, leader elected after 34ms
2019-10-04 08:09:35,962 [grpc-default-executor-13] INFO  impl.RaftServerImpl (ServerState.java:setRaftConf(356)) - 42edd144-1281-44cd-8bb0-48942e6c21ea@group-8BA8EA3E883D: set configuration 17: [42edd144-1281-44cd-8bb0-48942e6c21ea:192.168.30.44:37127, b604db3c-4fe1-481b-b03b-67d8cedf9bac:192.168.30.44:42232, 487589ec-ad7e-4ef6-803a-650f69006185:192.168.30.44:38924], old=null at 17
2019-10-04 08:09:35,962 [grpc-default-executor-13] INFO  segmented.SegmentedRaftLogWorker (SegmentedRaftLogWorker.java:rollLogSegment(390)) - 42edd144-1281-44cd-8bb0-48942e6c21ea@group-8BA8EA3E883D-SegmentedRaftLogWorker: Rolling segment log-0_16 to index:16
2019-10-04 08:09:35,963 [42edd144-1281-44cd-8bb0-48942e6c21ea@group-8BA8EA3E883D-SegmentedRaftLogWorker] INFO  segmented.SegmentedRaftLogWorker (SegmentedRaftLogWorker.java:execute(531)) - 42edd144-1281-44cd-8bb0-48942e6c21ea@group-8BA8EA3E883D-SegmentedRaftLogWorker: Rolled log segment from /workdir/hadoop-ozone/integration-test/target/test-dir/MiniOzoneClusterImpl-fc615848-cf41-4b62-93ca-35284ed11942/datanode-4/data/ratis/98748278-b6e9-4f62-9f77-8ba8ea3e883d/current/log_inprogress_0 to /workdir/hadoop-ozone/integration-test/target/test-dir/MiniOzoneClusterImpl-fc615848-cf41-4b62-93ca-35284ed11942/datanode-4/data/ratis/98748278-b6e9-4f62-9f77-8ba8ea3e883d/current/log_0-16
2019-10-04 08:09:35,982 [b604db3c-4fe1-481b-b03b-67d8cedf9bac@group-8BA8EA3E883D-SegmentedRaftLogWorker] INFO  segmented.SegmentedRaftLogWorker (SegmentedRaftLogWorker.java:execute(574)) - b604db3c-4fe1-481b-b03b-67d8cedf9bac@group-8BA8EA3E883D-SegmentedRaftLogWorker: created new log segment /workdir/hadoop-ozone/integration-test/target/test-dir/MiniOzoneClusterImpl-fc615848-cf41-4b62-93ca-35284ed11942/datanode-1/data/ratis/98748278-b6e9-4f62-9f77-8ba8ea3e883d/current/log_inprogress_17
2019-10-04 08:09:36,015 [42edd144-1281-44cd-8bb0-48942e6c21ea@group-8BA8EA3E883D-SegmentedRaftLogWorker] INFO  segmented.SegmentedRaftLogWorker (SegmentedRaftLogWorker.java:execute(574)) - 42edd144-1281-44cd-8bb0-48942e6c21ea@group-8BA8EA3E883D-SegmentedRaftLogWorker: created new log segment /workdir/hadoop-ozone/integration-test/target/test-dir/MiniOzoneClusterImpl-fc615848-cf41-4b62-93ca-35284ed11942/datanode-4/data/ratis/98748278-b6e9-4f62-9f77-8ba8ea3e883d/current/log_inprogress_17
2019-10-04 08:09:36,038 [grpc-default-executor-11] WARN  server.GrpcLogAppender (LogUtils.java:warn(134)) - b604db3c-4fe1-481b-b03b-67d8cedf9bac@group-8BA8EA3E883D->487589ec-ad7e-4ef6-803a-650f69006185-AppendLogResponseHandler: Failed appendEntries: org.apache.ratis.thirdparty.io.grpc.StatusRuntimeException: UNAVAILABLE: io exception
2019-10-04 08:09:36,038 [grpc-default-executor-11] INFO  impl.FollowerInfo (FollowerInfo.java:lambda$new$0(51)) - b604db3c-4fe1-481b-b03b-67d8cedf9bac@group-8BA8EA3E883D->487589ec-ad7e-4ef6-803a-650f69006185: nextIndex: updateUnconditionally 2 -> 1
08:09:36.151 [grpc-default-executor-11] ERROR DNAudit - user=null | ip=null | op=WRITE_CHUNK {blockData=conID: 1 locID: 102903090130583565 bcsId: 14} | ret=FAILURE
org.apache.hadoop.hdds.scm.container.common.helpers.ContainerNotOpenException: Container 1 in CLOSING state
	at org.apache.hadoop.ozone.container.common.impl.HddsDispatcher.validateContainerCommand(HddsDispatcher.java:434) ~[hadoop-hdds-container-service-0.5.0-SNAPSHOT.jar:?]
	at org.apache.hadoop.ozone.container.common.transport.server.ratis.ContainerStateMachine.startTransaction(ContainerStateMachine.java:319) ~[hadoop-hdds-container-service-0.5.0-SNAPSHOT.jar:?]
	at org.apache.ratis.server.impl.RaftServerImpl.submitClientRequestAsync(RaftServerImpl.java:569) ~[ratis-server-0.5.0-201fc85-SNAPSHOT.jar:0.5.0-201fc85-SNAPSHOT]
	at org.apache.ratis.server.impl.RaftServerProxy.lambda$submitClientRequestAsync$7(RaftServerProxy.java:333) ~[ratis-server-0.5.0-201fc85-SNAPSHOT.jar:0.5.0-201fc85-SNAPSHOT]
	at org.apache.ratis.server.impl.RaftServerProxy.lambda$null$5(RaftServerProxy.java:328) ~[ratis-server-0.5.0-201fc85-SNAPSHOT.jar:0.5.0-201fc85-SNAPSHOT]
	at org.apache.ratis.util.JavaUtils.callAsUnchecked(JavaUtils.java:109) ~[ratis-common-0.5.0-201fc85-SNAPSHOT.jar:0.5.0-201fc85-SNAPSHOT]
	at org.apache.ratis.server.impl.RaftServerProxy.lambda$submitRequest$6(RaftServerProxy.java:328) ~[ratis-server-0.5.0-201fc85-SNAPSHOT.jar:0.5.0-201fc85-SNAPSHOT]
	at java.util.concurrent.CompletableFuture.uniComposeStage(CompletableFuture.java:981) ~[?:1.8.0_212]
	at java.util.concurrent.CompletableFuture.thenCompose(CompletableFuture.java:2124) ~[?:1.8.0_212]
	at org.apache.ratis.server.impl.RaftServerProxy.submitRequest(RaftServerProxy.java:327) ~[ratis-server-0.5.0-201fc85-SNAPSHOT.jar:0.5.0-201fc85-SNAPSHOT]
	at org.apache.ratis.server.impl.RaftServerProxy.submitClientRequestAsync(RaftServerProxy.java:333) ~[ratis-server-0.5.0-201fc85-SNAPSHOT.jar:0.5.0-201fc85-SNAPSHOT]
	at org.apache.ratis.grpc.client.GrpcClientProtocolService$RequestStreamObserver.processClientRequest(GrpcClientProtocolService.java:220) ~[ratis-grpc-0.5.0-201fc85-SNAPSHOT.jar:0.5.0-201fc85-SNAPSHOT]
	at org.apache.ratis.grpc.client.GrpcClientProtocolService$OrderedRequestStreamObserver.processClientRequest(GrpcClientProtocolService.java:326) ~[ratis-grpc-0.5.0-201fc85-SNAPSHOT.jar:0.5.0-201fc85-SNAPSHOT]
	at org.apache.ratis.util.SlidingWindow$Server.processRequestsFromHead(SlidingWindow.java:429) [ratis-common-0.5.0-201fc85-SNAPSHOT.jar:0.5.0-201fc85-SNAPSHOT]
	at org.apache.ratis.util.SlidingWindow$Server.receivedRequest(SlidingWindow.java:421) [ratis-common-0.5.0-201fc85-SNAPSHOT.jar:0.5.0-201fc85-SNAPSHOT]
	at org.apache.ratis.grpc.client.GrpcClientProtocolService$OrderedRequestStreamObserver.processClientRequest(GrpcClientProtocolService.java:345) [ratis-grpc-0.5.0-201fc85-SNAPSHOT.jar:0.5.0-201fc85-SNAPSHOT]
	at org.apache.ratis.grpc.client.GrpcClientProtocolService$RequestStreamObserver.onNext(GrpcClientProtocolService.java:240) [ratis-grpc-0.5.0-201fc85-SNAPSHOT.jar:0.5.0-201fc85-SNAPSHOT]
	at org.apache.ratis.grpc.client.GrpcClientProtocolService$RequestStreamObserver.onNext(GrpcClientProtocolService.java:168) [ratis-grpc-0.5.0-201fc85-SNAPSHOT.jar:0.5.0-201fc85-SNAPSHOT]
	at org.apache.ratis.thirdparty.io.grpc.stub.ServerCalls$StreamingServerCallHandler$StreamingServerCallListener.onMessage(ServerCalls.java:248) [ratis-thirdparty-misc-0.2.0.jar:0.2.0]
	at org.apache.ratis.thirdparty.io.grpc.internal.ServerCallImpl$ServerStreamListenerImpl.messagesAvailable(ServerCallImpl.java:263) [ratis-thirdparty-misc-0.2.0.jar:0.2.0]
	at org.apache.ratis.thirdparty.io.grpc.internal.ServerImpl$JumpToApplicationThreadServerStreamListener$1MessagesAvailable.runInContext(ServerImpl.java:686) [ratis-thirdparty-misc-0.2.0.jar:0.2.0]
	at org.apache.ratis.thirdparty.io.grpc.internal.ContextRunnable.run(ContextRunnable.java:37) [ratis-thirdparty-misc-0.2.0.jar:0.2.0]
	at org.apache.ratis.thirdparty.io.grpc.internal.SerializingExecutor.run(SerializingExecutor.java:123) [ratis-thirdparty-misc-0.2.0.jar:0.2.0]
	at java.util.concurrent.ThreadPoolExecutor.runWorker(ThreadPoolExecutor.java:1149) [?:1.8.0_212]
	at java.util.concurrent.ThreadPoolExecutor$Worker.run(ThreadPoolExecutor.java:624) [?:1.8.0_212]
	at java.lang.Thread.run(Thread.java:748) [?:1.8.0_212]
08:09:36.166 [grpc-default-executor-11] ERROR DNAudit - user=null | ip=null | op=WRITE_CHUNK {blockData=conID: 1 locID: 102903090130583565 bcsId: 14} | ret=FAILURE
org.apache.hadoop.hdds.scm.container.common.helpers.ContainerNotOpenException: Container 1 in CLOSING state
	at org.apache.hadoop.ozone.container.common.impl.HddsDispatcher.validateContainerCommand(HddsDispatcher.java:434) ~[hadoop-hdds-container-service-0.5.0-SNAPSHOT.jar:?]
	at org.apache.hadoop.ozone.container.common.transport.server.ratis.ContainerStateMachine.startTransaction(ContainerStateMachine.java:319) ~[hadoop-hdds-container-service-0.5.0-SNAPSHOT.jar:?]
	at org.apache.ratis.server.impl.RaftServerImpl.submitClientRequestAsync(RaftServerImpl.java:569) ~[ratis-server-0.5.0-201fc85-SNAPSHOT.jar:0.5.0-201fc85-SNAPSHOT]
	at org.apache.ratis.server.impl.RaftServerProxy.lambda$submitClientRequestAsync$7(RaftServerProxy.java:333) ~[ratis-server-0.5.0-201fc85-SNAPSHOT.jar:0.5.0-201fc85-SNAPSHOT]
	at org.apache.ratis.server.impl.RaftServerProxy.lambda$null$5(RaftServerProxy.java:328) ~[ratis-server-0.5.0-201fc85-SNAPSHOT.jar:0.5.0-201fc85-SNAPSHOT]
	at org.apache.ratis.util.JavaUtils.callAsUnchecked(JavaUtils.java:109) ~[ratis-common-0.5.0-201fc85-SNAPSHOT.jar:0.5.0-201fc85-SNAPSHOT]
	at org.apache.ratis.server.impl.RaftServerProxy.lambda$submitRequest$6(RaftServerProxy.java:328) ~[ratis-server-0.5.0-201fc85-SNAPSHOT.jar:0.5.0-201fc85-SNAPSHOT]
	at java.util.concurrent.CompletableFuture.uniComposeStage(CompletableFuture.java:981) ~[?:1.8.0_212]
	at java.util.concurrent.CompletableFuture.thenCompose(CompletableFuture.java:2124) ~[?:1.8.0_212]
	at org.apache.ratis.server.impl.RaftServerProxy.submitRequest(RaftServerProxy.java:327) ~[ratis-server-0.5.0-201fc85-SNAPSHOT.jar:0.5.0-201fc85-SNAPSHOT]
	at org.apache.ratis.server.impl.RaftServerProxy.submitClientRequestAsync(RaftServerProxy.java:333) ~[ratis-server-0.5.0-201fc85-SNAPSHOT.jar:0.5.0-201fc85-SNAPSHOT]
	at org.apache.ratis.grpc.client.GrpcClientProtocolService$RequestStreamObserver.processClientRequest(GrpcClientProtocolService.java:220) ~[ratis-grpc-0.5.0-201fc85-SNAPSHOT.jar:0.5.0-201fc85-SNAPSHOT]
	at org.apache.ratis.grpc.client.GrpcClientProtocolService$OrderedRequestStreamObserver.processClientRequest(GrpcClientProtocolService.java:326) ~[ratis-grpc-0.5.0-201fc85-SNAPSHOT.jar:0.5.0-201fc85-SNAPSHOT]
	at org.apache.ratis.util.SlidingWindow$Server.processRequestsFromHead(SlidingWindow.java:429) [ratis-common-0.5.0-201fc85-SNAPSHOT.jar:0.5.0-201fc85-SNAPSHOT]
	at org.apache.ratis.util.SlidingWindow$Server.receivedRequest(SlidingWindow.java:421) [ratis-common-0.5.0-201fc85-SNAPSHOT.jar:0.5.0-201fc85-SNAPSHOT]
	at org.apache.ratis.grpc.client.GrpcClientProtocolService$OrderedRequestStreamObserver.processClientRequest(GrpcClientProtocolService.java:345) [ratis-grpc-0.5.0-201fc85-SNAPSHOT.jar:0.5.0-201fc85-SNAPSHOT]
	at org.apache.ratis.grpc.client.GrpcClientProtocolService$RequestStreamObserver.onNext(GrpcClientProtocolService.java:240) [ratis-grpc-0.5.0-201fc85-SNAPSHOT.jar:0.5.0-201fc85-SNAPSHOT]
	at org.apache.ratis.grpc.client.GrpcClientProtocolService$RequestStreamObserver.onNext(GrpcClientProtocolService.java:168) [ratis-grpc-0.5.0-201fc85-SNAPSHOT.jar:0.5.0-201fc85-SNAPSHOT]
	at org.apache.ratis.thirdparty.io.grpc.stub.ServerCalls$StreamingServerCallHandler$StreamingServerCallListener.onMessage(ServerCalls.java:248) [ratis-thirdparty-misc-0.2.0.jar:0.2.0]
	at org.apache.ratis.thirdparty.io.grpc.internal.ServerCallImpl$ServerStreamListenerImpl.messagesAvailable(ServerCallImpl.java:263) [ratis-thirdparty-misc-0.2.0.jar:0.2.0]
	at org.apache.ratis.thirdparty.io.grpc.internal.ServerImpl$JumpToApplicationThreadServerStreamListener$1MessagesAvailable.runInContext(ServerImpl.java:686) [ratis-thirdparty-misc-0.2.0.jar:0.2.0]
	at org.apache.ratis.thirdparty.io.grpc.internal.ContextRunnable.run(ContextRunnable.java:37) [ratis-thirdparty-misc-0.2.0.jar:0.2.0]
	at org.apache.ratis.thirdparty.io.grpc.internal.SerializingExecutor.run(SerializingExecutor.java:123) [ratis-thirdparty-misc-0.2.0.jar:0.2.0]
	at java.util.concurrent.ThreadPoolExecutor.runWorker(ThreadPoolExecutor.java:1149) [?:1.8.0_212]
	at java.util.concurrent.ThreadPoolExecutor$Worker.run(ThreadPoolExecutor.java:624) [?:1.8.0_212]
	at java.lang.Thread.run(Thread.java:748) [?:1.8.0_212]
08:09:36.167 [grpc-default-executor-11] ERROR DNAudit - user=null | ip=null | op=PUT_BLOCK {blockData=[blockId=conID: 1 locID: 102903090130583565 bcsId: 0,size=650]} | ret=FAILURE
org.apache.hadoop.hdds.scm.container.common.helpers.ContainerNotOpenException: Container 1 in CLOSING state
	at org.apache.hadoop.ozone.container.common.impl.HddsDispatcher.validateContainerCommand(HddsDispatcher.java:434) ~[hadoop-hdds-container-service-0.5.0-SNAPSHOT.jar:?]
	at org.apache.hadoop.ozone.container.common.transport.server.ratis.ContainerStateMachine.startTransaction(ContainerStateMachine.java:319) ~[hadoop-hdds-container-service-0.5.0-SNAPSHOT.jar:?]
	at org.apache.ratis.server.impl.RaftServerImpl.submitClientRequestAsync(RaftServerImpl.java:569) ~[ratis-server-0.5.0-201fc85-SNAPSHOT.jar:0.5.0-201fc85-SNAPSHOT]
	at org.apache.ratis.server.impl.RaftServerProxy.lambda$submitClientRequestAsync$7(RaftServerProxy.java:333) ~[ratis-server-0.5.0-201fc85-SNAPSHOT.jar:0.5.0-201fc85-SNAPSHOT]
	at org.apache.ratis.server.impl.RaftServerProxy.lambda$null$5(RaftServerProxy.java:328) ~[ratis-server-0.5.0-201fc85-SNAPSHOT.jar:0.5.0-201fc85-SNAPSHOT]
	at org.apache.ratis.util.JavaUtils.callAsUnchecked(JavaUtils.java:109) ~[ratis-common-0.5.0-201fc85-SNAPSHOT.jar:0.5.0-201fc85-SNAPSHOT]
	at org.apache.ratis.server.impl.RaftServerProxy.lambda$submitRequest$6(RaftServerProxy.java:328) ~[ratis-server-0.5.0-201fc85-SNAPSHOT.jar:0.5.0-201fc85-SNAPSHOT]
	at java.util.concurrent.CompletableFuture.uniComposeStage(CompletableFuture.java:981) ~[?:1.8.0_212]
	at java.util.concurrent.CompletableFuture.thenCompose(CompletableFuture.java:2124) ~[?:1.8.0_212]
	at org.apache.ratis.server.impl.RaftServerProxy.submitRequest(RaftServerProxy.java:327) ~[ratis-server-0.5.0-201fc85-SNAPSHOT.jar:0.5.0-201fc85-SNAPSHOT]
	at org.apache.ratis.server.impl.RaftServerProxy.submitClientRequestAsync(RaftServerProxy.java:333) ~[ratis-server-0.5.0-201fc85-SNAPSHOT.jar:0.5.0-201fc85-SNAPSHOT]
	at org.apache.ratis.grpc.client.GrpcClientProtocolService$RequestStreamObserver.processClientRequest(GrpcClientProtocolService.java:220) ~[ratis-grpc-0.5.0-201fc85-SNAPSHOT.jar:0.5.0-201fc85-SNAPSHOT]
	at org.apache.ratis.grpc.client.GrpcClientProtocolService$OrderedRequestStreamObserver.processClientRequest(GrpcClientProtocolService.java:326) ~[ratis-grpc-0.5.0-201fc85-SNAPSHOT.jar:0.5.0-201fc85-SNAPSHOT]
	at org.apache.ratis.util.SlidingWindow$Server.processRequestsFromHead(SlidingWindow.java:429) [ratis-common-0.5.0-201fc85-SNAPSHOT.jar:0.5.0-201fc85-SNAPSHOT]
	at org.apache.ratis.util.SlidingWindow$Server.receivedRequest(SlidingWindow.java:421) [ratis-common-0.5.0-201fc85-SNAPSHOT.jar:0.5.0-201fc85-SNAPSHOT]
	at org.apache.ratis.grpc.client.GrpcClientProtocolService$OrderedRequestStreamObserver.processClientRequest(GrpcClientProtocolService.java:345) [ratis-grpc-0.5.0-201fc85-SNAPSHOT.jar:0.5.0-201fc85-SNAPSHOT]
	at org.apache.ratis.grpc.client.GrpcClientProtocolService$RequestStreamObserver.onNext(GrpcClientProtocolService.java:240) [ratis-grpc-0.5.0-201fc85-SNAPSHOT.jar:0.5.0-201fc85-SNAPSHOT]
	at org.apache.ratis.grpc.client.GrpcClientProtocolService$RequestStreamObserver.onNext(GrpcClientProtocolService.java:168) [ratis-grpc-0.5.0-201fc85-SNAPSHOT.jar:0.5.0-201fc85-SNAPSHOT]
	at org.apache.ratis.thirdparty.io.grpc.stub.ServerCalls$StreamingServerCallHandler$StreamingServerCallListener.onMessage(ServerCalls.java:248) [ratis-thirdparty-misc-0.2.0.jar:0.2.0]
	at org.apache.ratis.thirdparty.io.grpc.internal.ServerCallImpl$ServerStreamListenerImpl.messagesAvailable(ServerCallImpl.java:263) [ratis-thirdparty-misc-0.2.0.jar:0.2.0]
	at org.apache.ratis.thirdparty.io.grpc.internal.ServerImpl$JumpToApplicationThreadServerStreamListener$1MessagesAvailable.runInContext(ServerImpl.java:686) [ratis-thirdparty-misc-0.2.0.jar:0.2.0]
	at org.apache.ratis.thirdparty.io.grpc.internal.ContextRunnable.run(ContextRunnable.java:37) [ratis-thirdparty-misc-0.2.0.jar:0.2.0]
	at org.apache.ratis.thirdparty.io.grpc.internal.SerializingExecutor.run(SerializingExecutor.java:123) [ratis-thirdparty-misc-0.2.0.jar:0.2.0]
	at java.util.concurrent.ThreadPoolExecutor.runWorker(ThreadPoolExecutor.java:1149) [?:1.8.0_212]
	at java.util.concurrent.ThreadPoolExecutor$Worker.run(ThreadPoolExecutor.java:624) [?:1.8.0_212]
	at java.lang.Thread.run(Thread.java:748) [?:1.8.0_212]
08:09:36.185 [grpc-default-executor-11] ERROR DNAudit - user=null | ip=null | op=WRITE_CHUNK {blockData=conID: 1 locID: 102903090130583565 bcsId: 14} | ret=FAILURE
org.apache.hadoop.hdds.scm.container.common.helpers.ContainerNotOpenException: Container 1 in CLOSING state
	at org.apache.hadoop.ozone.container.common.impl.HddsDispatcher.validateContainerCommand(HddsDispatcher.java:434) ~[hadoop-hdds-container-service-0.5.0-SNAPSHOT.jar:?]
	at org.apache.hadoop.ozone.container.common.transport.server.ratis.ContainerStateMachine.startTransaction(ContainerStateMachine.java:319) ~[hadoop-hdds-container-service-0.5.0-SNAPSHOT.jar:?]
	at org.apache.ratis.server.impl.RaftServerImpl.submitClientRequestAsync(RaftServerImpl.java:569) ~[ratis-server-0.5.0-201fc85-SNAPSHOT.jar:0.5.0-201fc85-SNAPSHOT]
	at org.apache.ratis.server.impl.RaftServerProxy.lambda$submitClientRequestAsync$7(RaftServerProxy.java:333) ~[ratis-server-0.5.0-201fc85-SNAPSHOT.jar:0.5.0-201fc85-SNAPSHOT]
	at org.apache.ratis.server.impl.RaftServerProxy.lambda$null$5(RaftServerProxy.java:328) ~[ratis-server-0.5.0-201fc85-SNAPSHOT.jar:0.5.0-201fc85-SNAPSHOT]
	at org.apache.ratis.util.JavaUtils.callAsUnchecked(JavaUtils.java:109) ~[ratis-common-0.5.0-201fc85-SNAPSHOT.jar:0.5.0-201fc85-SNAPSHOT]
	at org.apache.ratis.server.impl.RaftServerProxy.lambda$submitRequest$6(RaftServerProxy.java:328) ~[ratis-server-0.5.0-201fc85-SNAPSHOT.jar:0.5.0-201fc85-SNAPSHOT]
	at java.util.concurrent.CompletableFuture.uniComposeStage(CompletableFuture.java:981) ~[?:1.8.0_212]
	at java.util.concurrent.CompletableFuture.thenCompose(CompletableFuture.java:2124) ~[?:1.8.0_212]
	at org.apache.ratis.server.impl.RaftServerProxy.submitRequest(RaftServerProxy.java:327) ~[ratis-server-0.5.0-201fc85-SNAPSHOT.jar:0.5.0-201fc85-SNAPSHOT]
	at org.apache.ratis.server.impl.RaftServerProxy.submitClientRequestAsync(RaftServerProxy.java:333) ~[ratis-server-0.5.0-201fc85-SNAPSHOT.jar:0.5.0-201fc85-SNAPSHOT]
	at org.apache.ratis.grpc.client.GrpcClientProtocolService$RequestStreamObserver.processClientRequest(GrpcClientProtocolService.java:220) ~[ratis-grpc-0.5.0-201fc85-SNAPSHOT.jar:0.5.0-201fc85-SNAPSHOT]
	at org.apache.ratis.grpc.client.GrpcClientProtocolService$OrderedRequestStreamObserver.processClientRequest(GrpcClientProtocolService.java:326) ~[ratis-grpc-0.5.0-201fc85-SNAPSHOT.jar:0.5.0-201fc85-SNAPSHOT]
	at org.apache.ratis.util.SlidingWindow$Server.processRequestsFromHead(SlidingWindow.java:429) [ratis-common-0.5.0-201fc85-SNAPSHOT.jar:0.5.0-201fc85-SNAPSHOT]
	at org.apache.ratis.util.SlidingWindow$Server.receivedRequest(SlidingWindow.java:421) [ratis-common-0.5.0-201fc85-SNAPSHOT.jar:0.5.0-201fc85-SNAPSHOT]
	at org.apache.ratis.grpc.client.GrpcClientProtocolService$OrderedRequestStreamObserver.processClientRequest(GrpcClientProtocolService.java:345) [ratis-grpc-0.5.0-201fc85-SNAPSHOT.jar:0.5.0-201fc85-SNAPSHOT]
	at org.apache.ratis.grpc.client.GrpcClientProtocolService$RequestStreamObserver.onNext(GrpcClientProtocolService.java:240) [ratis-grpc-0.5.0-201fc85-SNAPSHOT.jar:0.5.0-201fc85-SNAPSHOT]
	at org.apache.ratis.grpc.client.GrpcClientProtocolService$RequestStreamObserver.onNext(GrpcClientProtocolService.java:168) [ratis-grpc-0.5.0-201fc85-SNAPSHOT.jar:0.5.0-201fc85-SNAPSHOT]
	at org.apache.ratis.thirdparty.io.grpc.stub.ServerCalls$StreamingServerCallHandler$StreamingServerCallListener.onMessage(ServerCalls.java:248) [ratis-thirdparty-misc-0.2.0.jar:0.2.0]
	at org.apache.ratis.thirdparty.io.grpc.internal.ServerCallImpl$ServerStreamListenerImpl.messagesAvailable(ServerCallImpl.java:263) [ratis-thirdparty-misc-0.2.0.jar:0.2.0]
	at org.apache.ratis.thirdparty.io.grpc.internal.ServerImpl$JumpToApplicationThreadServerStreamListener$1MessagesAvailable.runInContext(ServerImpl.java:686) [ratis-thirdparty-misc-0.2.0.jar:0.2.0]
	at org.apache.ratis.thirdparty.io.grpc.internal.ContextRunnable.run(ContextRunnable.java:37) [ratis-thirdparty-misc-0.2.0.jar:0.2.0]
	at org.apache.ratis.thirdparty.io.grpc.internal.SerializingExecutor.run(SerializingExecutor.java:123) [ratis-thirdparty-misc-0.2.0.jar:0.2.0]
	at java.util.concurrent.ThreadPoolExecutor.runWorker(ThreadPoolExecutor.java:1149) [?:1.8.0_212]
	at java.util.concurrent.ThreadPoolExecutor$Worker.run(ThreadPoolExecutor.java:624) [?:1.8.0_212]
	at java.lang.Thread.run(Thread.java:748) [?:1.8.0_212]
08:09:36.186 [grpc-default-executor-11] ERROR DNAudit - user=null | ip=null | op=WRITE_CHUNK {blockData=conID: 1 locID: 102903090130583565 bcsId: 14} | ret=FAILURE
org.apache.hadoop.hdds.scm.container.common.helpers.ContainerNotOpenException: Container 1 in CLOSING state
	at org.apache.hadoop.ozone.container.common.impl.HddsDispatcher.validateContainerCommand(HddsDispatcher.java:434) ~[hadoop-hdds-container-service-0.5.0-SNAPSHOT.jar:?]
	at org.apache.hadoop.ozone.container.common.transport.server.ratis.ContainerStateMachine.startTransaction(ContainerStateMachine.java:319) ~[hadoop-hdds-container-service-0.5.0-SNAPSHOT.jar:?]
	at org.apache.ratis.server.impl.RaftServerImpl.submitClientRequestAsync(RaftServerImpl.java:569) ~[ratis-server-0.5.0-201fc85-SNAPSHOT.jar:0.5.0-201fc85-SNAPSHOT]
	at org.apache.ratis.server.impl.RaftServerProxy.lambda$submitClientRequestAsync$7(RaftServerProxy.java:333) ~[ratis-server-0.5.0-201fc85-SNAPSHOT.jar:0.5.0-201fc85-SNAPSHOT]
	at org.apache.ratis.server.impl.RaftServerProxy.lambda$null$5(RaftServerProxy.java:328) ~[ratis-server-0.5.0-201fc85-SNAPSHOT.jar:0.5.0-201fc85-SNAPSHOT]
	at org.apache.ratis.util.JavaUtils.callAsUnchecked(JavaUtils.java:109) ~[ratis-common-0.5.0-201fc85-SNAPSHOT.jar:0.5.0-201fc85-SNAPSHOT]
	at org.apache.ratis.server.impl.RaftServerProxy.lambda$submitRequest$6(RaftServerProxy.java:328) ~[ratis-server-0.5.0-201fc85-SNAPSHOT.jar:0.5.0-201fc85-SNAPSHOT]
	at java.util.concurrent.CompletableFuture.uniComposeStage(CompletableFuture.java:981) ~[?:1.8.0_212]
	at java.util.concurrent.CompletableFuture.thenCompose(CompletableFuture.java:2124) ~[?:1.8.0_212]
	at org.apache.ratis.server.impl.RaftServerProxy.submitRequest(RaftServerProxy.java:327) ~[ratis-server-0.5.0-201fc85-SNAPSHOT.jar:0.5.0-201fc85-SNAPSHOT]
	at org.apache.ratis.server.impl.RaftServerProxy.submitClientRequestAsync(RaftServerProxy.java:333) ~[ratis-server-0.5.0-201fc85-SNAPSHOT.jar:0.5.0-201fc85-SNAPSHOT]
	at org.apache.ratis.grpc.client.GrpcClientProtocolService$RequestStreamObserver.processClientRequest(GrpcClientProtocolService.java:220) ~[ratis-grpc-0.5.0-201fc85-SNAPSHOT.jar:0.5.0-201fc85-SNAPSHOT]
	at org.apache.ratis.grpc.client.GrpcClientProtocolService$OrderedRequestStreamObserver.processClientRequest(GrpcClientProtocolService.java:326) ~[ratis-grpc-0.5.0-201fc85-SNAPSHOT.jar:0.5.0-201fc85-SNAPSHOT]
	at org.apache.ratis.util.SlidingWindow$Server.processRequestsFromHead(SlidingWindow.java:429) [ratis-common-0.5.0-201fc85-SNAPSHOT.jar:0.5.0-201fc85-SNAPSHOT]
	at org.apache.ratis.util.SlidingWindow$Server.receivedRequest(SlidingWindow.java:421) [ratis-common-0.5.0-201fc85-SNAPSHOT.jar:0.5.0-201fc85-SNAPSHOT]
	at org.apache.ratis.grpc.client.GrpcClientProtocolService$OrderedRequestStreamObserver.processClientRequest(GrpcClientProtocolService.java:345) [ratis-grpc-0.5.0-201fc85-SNAPSHOT.jar:0.5.0-201fc85-SNAPSHOT]
	at org.apache.ratis.grpc.client.GrpcClientProtocolService$RequestStreamObserver.onNext(GrpcClientProtocolService.java:240) [ratis-grpc-0.5.0-201fc85-SNAPSHOT.jar:0.5.0-201fc85-SNAPSHOT]
	at org.apache.ratis.grpc.client.GrpcClientProtocolService$RequestStreamObserver.onNext(GrpcClientProtocolService.java:168) [ratis-grpc-0.5.0-201fc85-SNAPSHOT.jar:0.5.0-201fc85-SNAPSHOT]
	at org.apache.ratis.thirdparty.io.grpc.stub.ServerCalls$StreamingServerCallHandler$StreamingServerCallListener.onMessage(ServerCalls.java:248) [ratis-thirdparty-misc-0.2.0.jar:0.2.0]
	at org.apache.ratis.thirdparty.io.grpc.internal.ServerCallImpl$ServerStreamListenerImpl.messagesAvailable(ServerCallImpl.java:263) [ratis-thirdparty-misc-0.2.0.jar:0.2.0]
	at org.apache.ratis.thirdparty.io.grpc.internal.ServerImpl$JumpToApplicationThreadServerStreamListener$1MessagesAvailable.runInContext(ServerImpl.java:686) [ratis-thirdparty-misc-0.2.0.jar:0.2.0]
	at org.apache.ratis.thirdparty.io.grpc.internal.ContextRunnable.run(ContextRunnable.java:37) [ratis-thirdparty-misc-0.2.0.jar:0.2.0]
	at org.apache.ratis.thirdparty.io.grpc.internal.SerializingExecutor.run(SerializingExecutor.java:123) [ratis-thirdparty-misc-0.2.0.jar:0.2.0]
	at java.util.concurrent.ThreadPoolExecutor.runWorker(ThreadPoolExecutor.java:1149) [?:1.8.0_212]
	at java.util.concurrent.ThreadPoolExecutor$Worker.run(ThreadPoolExecutor.java:624) [?:1.8.0_212]
	at java.lang.Thread.run(Thread.java:748) [?:1.8.0_212]
08:09:36.199 [grpc-default-executor-11] ERROR DNAudit - user=null | ip=null | op=PUT_BLOCK {blockData=[blockId=conID: 1 locID: 102903090130583565 bcsId: 0,size=800]} | ret=FAILURE
org.apache.hadoop.hdds.scm.container.common.helpers.ContainerNotOpenException: Container 1 in CLOSING state
	at org.apache.hadoop.ozone.container.common.impl.HddsDispatcher.validateContainerCommand(HddsDispatcher.java:434) ~[hadoop-hdds-container-service-0.5.0-SNAPSHOT.jar:?]
	at org.apache.hadoop.ozone.container.common.transport.server.ratis.ContainerStateMachine.startTransaction(ContainerStateMachine.java:319) ~[hadoop-hdds-container-service-0.5.0-SNAPSHOT.jar:?]
	at org.apache.ratis.server.impl.RaftServerImpl.submitClientRequestAsync(RaftServerImpl.java:569) ~[ratis-server-0.5.0-201fc85-SNAPSHOT.jar:0.5.0-201fc85-SNAPSHOT]
	at org.apache.ratis.server.impl.RaftServerProxy.lambda$submitClientRequestAsync$7(RaftServerProxy.java:333) ~[ratis-server-0.5.0-201fc85-SNAPSHOT.jar:0.5.0-201fc85-SNAPSHOT]
	at org.apache.ratis.server.impl.RaftServerProxy.lambda$null$5(RaftServerProxy.java:328) ~[ratis-server-0.5.0-201fc85-SNAPSHOT.jar:0.5.0-201fc85-SNAPSHOT]
	at org.apache.ratis.util.JavaUtils.callAsUnchecked(JavaUtils.java:109) ~[ratis-common-0.5.0-201fc85-SNAPSHOT.jar:0.5.0-201fc85-SNAPSHOT]
	at org.apache.ratis.server.impl.RaftServerProxy.lambda$submitRequest$6(RaftServerProxy.java:328) ~[ratis-server-0.5.0-201fc85-SNAPSHOT.jar:0.5.0-201fc85-SNAPSHOT]
	at java.util.concurrent.CompletableFuture.uniComposeStage(CompletableFuture.java:981) ~[?:1.8.0_212]
	at java.util.concurrent.CompletableFuture.thenCompose(CompletableFuture.java:2124) ~[?:1.8.0_212]
	at org.apache.ratis.server.impl.RaftServerProxy.submitRequest(RaftServerProxy.java:327) ~[ratis-server-0.5.0-201fc85-SNAPSHOT.jar:0.5.0-201fc85-SNAPSHOT]
	at org.apache.ratis.server.impl.RaftServerProxy.submitClientRequestAsync(RaftServerProxy.java:333) ~[ratis-server-0.5.0-201fc85-SNAPSHOT.jar:0.5.0-201fc85-SNAPSHOT]
	at org.apache.ratis.grpc.client.GrpcClientProtocolService$RequestStreamObserver.processClientRequest(GrpcClientProtocolService.java:220) ~[ratis-grpc-0.5.0-201fc85-SNAPSHOT.jar:0.5.0-201fc85-SNAPSHOT]
	at org.apache.ratis.grpc.client.GrpcClientProtocolService$OrderedRequestStreamObserver.processClientRequest(GrpcClientProtocolService.java:326) ~[ratis-grpc-0.5.0-201fc85-SNAPSHOT.jar:0.5.0-201fc85-SNAPSHOT]
	at org.apache.ratis.util.SlidingWindow$Server.processRequestsFromHead(SlidingWindow.java:429) [ratis-common-0.5.0-201fc85-SNAPSHOT.jar:0.5.0-201fc85-SNAPSHOT]
	at org.apache.ratis.util.SlidingWindow$Server.receivedRequest(SlidingWindow.java:421) [ratis-common-0.5.0-201fc85-SNAPSHOT.jar:0.5.0-201fc85-SNAPSHOT]
	at org.apache.ratis.grpc.client.GrpcClientProtocolService$OrderedRequestStreamObserver.processClientRequest(GrpcClientProtocolService.java:345) [ratis-grpc-0.5.0-201fc85-SNAPSHOT.jar:0.5.0-201fc85-SNAPSHOT]
	at org.apache.ratis.grpc.client.GrpcClientProtocolService$RequestStreamObserver.onNext(GrpcClientProtocolService.java:240) [ratis-grpc-0.5.0-201fc85-SNAPSHOT.jar:0.5.0-201fc85-SNAPSHOT]
	at org.apache.ratis.grpc.client.GrpcClientProtocolService$RequestStreamObserver.onNext(GrpcClientProtocolService.java:168) [ratis-grpc-0.5.0-201fc85-SNAPSHOT.jar:0.5.0-201fc85-SNAPSHOT]
	at org.apache.ratis.thirdparty.io.grpc.stub.ServerCalls$StreamingServerCallHandler$StreamingServerCallListener.onMessage(ServerCalls.java:248) [ratis-thirdparty-misc-0.2.0.jar:0.2.0]
	at org.apache.ratis.thirdparty.io.grpc.internal.ServerCallImpl$ServerStreamListenerImpl.messagesAvailable(ServerCallImpl.java:263) [ratis-thirdparty-misc-0.2.0.jar:0.2.0]
	at org.apache.ratis.thirdparty.io.grpc.internal.ServerImpl$JumpToApplicationThreadServerStreamListener$1MessagesAvailable.runInContext(ServerImpl.java:686) [ratis-thirdparty-misc-0.2.0.jar:0.2.0]
	at org.apache.ratis.thirdparty.io.grpc.internal.ContextRunnable.run(ContextRunnable.java:37) [ratis-thirdparty-misc-0.2.0.jar:0.2.0]
	at org.apache.ratis.thirdparty.io.grpc.internal.SerializingExecutor.run(SerializingExecutor.java:123) [ratis-thirdparty-misc-0.2.0.jar:0.2.0]
	at java.util.concurrent.ThreadPoolExecutor.runWorker(ThreadPoolExecutor.java:1149) [?:1.8.0_212]
	at java.util.concurrent.ThreadPoolExecutor$Worker.run(ThreadPoolExecutor.java:624) [?:1.8.0_212]
	at java.lang.Thread.run(Thread.java:748) [?:1.8.0_212]
2019-10-04 08:09:36,744 [main] INFO  ozone.MiniOzoneClusterImpl (MiniOzoneClusterImpl.java:shutdown(314)) - Shutting down the Mini Ozone Cluster
2019-10-04 08:09:36,744 [main] INFO  ozone.MiniOzoneClusterImpl (MiniOzoneClusterImpl.java:stop(330)) - Stopping the Mini Ozone Cluster
2019-10-04 08:09:36,744 [main] INFO  ozone.MiniOzoneClusterImpl (MiniOzoneClusterImpl.java:stopOM(400)) - Stopping the OzoneManager
2019-10-04 08:09:36,745 [main] INFO  ipc.Server (Server.java:stop(3082)) - Stopping server on 46097
2019-10-04 08:09:36,759 [IPC Server listener on 46097] INFO  ipc.Server (Server.java:run(1185)) - Stopping IPC Server listener on 46097
2019-10-04 08:09:36,766 [IPC Server Responder] INFO  ipc.Server (Server.java:run(1319)) - Stopping IPC Server Responder
2019-10-04 08:09:36,766 [main] INFO  ratis.OzoneManagerDoubleBuffer (OzoneManagerDoubleBuffer.java:stop(248)) - Stopping OMDoubleBuffer flush thread
2019-10-04 08:09:36,769 [OMDoubleBufferFlushThread] INFO  ratis.OzoneManagerDoubleBuffer (OzoneManagerDoubleBuffer.java:flushTransactions(191)) - OMDoubleBuffer flush thread OMDoubleBufferFlushThread is interrupted and will exit. OMDoubleBufferFlushThread
2019-10-04 08:09:36,769 [main] INFO  utils.BackgroundService (BackgroundService.java:shutdown(148)) - Shutting down service KeyDeletingService
2019-10-04 08:09:36,771 [main] INFO  handler.ContextHandler (ContextHandler.java:doStop(910)) - Stopped o.e.j.w.WebAppContext@3a788fe0{/,null,UNAVAILABLE}{/ozoneManager}
2019-10-04 08:09:36,772 [main] INFO  server.AbstractConnector (AbstractConnector.java:doStop(318)) - Stopped ServerConnector@430df350{HTTP/1.1,[http/1.1]}{0.0.0.0:0}
2019-10-04 08:09:36,773 [main] INFO  handler.ContextHandler (ContextHandler.java:doStop(910)) - Stopped o.e.j.s.ServletContextHandler@72a8361b{/static,file:///workdir/hadoop-ozone/integration-test/target/test-classes/webapps/static,UNAVAILABLE}
2019-10-04 08:09:36,773 [main] INFO  handler.ContextHandler (ContextHandler.java:doStop(910)) - Stopped o.e.j.s.ServletContextHandler@44dfdd58{/logs,file:///workdir/hadoop-ozone/integration-test/target/log,UNAVAILABLE}
2019-10-04 08:09:36,775 [main] INFO  ozone.MiniOzoneClusterImpl (MiniOzoneClusterImpl.java:stopDatanodes(377)) - Stopping the HddsDatanodes
2019-10-04 08:09:37,669 [Datanode State Machine Thread - 0] INFO  statemachine.DatanodeStateMachine (DatanodeStateMachine.java:lambda$startDaemon$0(350)) - Ozone container server started.
2019-10-04 08:09:37,669 [Datanode State Machine Thread - 0] INFO  statemachine.DatanodeStateMachine (DatanodeStateMachine.java:lambda$startDaemon$0(350)) - Ozone container server started.
2019-10-04 08:09:38,540 [grpc-default-executor-13] WARN  server.GrpcLogAppender (LogUtils.java:warn(134)) - b604db3c-4fe1-481b-b03b-67d8cedf9bac@group-8BA8EA3E883D->487589ec-ad7e-4ef6-803a-650f69006185-AppendLogResponseHandler: Failed appendEntries: org.apache.ratis.thirdparty.io.grpc.StatusRuntimeException: UNAVAILABLE: io exception
2019-10-04 08:09:38,541 [grpc-default-executor-13] INFO  impl.FollowerInfo (FollowerInfo.java:lambda$new$0(51)) - b604db3c-4fe1-481b-b03b-67d8cedf9bac@group-8BA8EA3E883D->487589ec-ad7e-4ef6-803a-650f69006185: nextIndex: updateUnconditionally 1 -> 0
2019-10-04 08:09:41,043 [grpc-default-executor-6] WARN  server.GrpcLogAppender (LogUtils.java:warn(134)) - b604db3c-4fe1-481b-b03b-67d8cedf9bac@group-8BA8EA3E883D->487589ec-ad7e-4ef6-803a-650f69006185-AppendLogResponseHandler: Failed appendEntries: org.apache.ratis.thirdparty.io.grpc.StatusRuntimeException: UNAVAILABLE: io exception
2019-10-04 08:09:41,044 [grpc-default-executor-6] INFO  impl.FollowerInfo (FollowerInfo.java:lambda$new$0(51)) - b604db3c-4fe1-481b-b03b-67d8cedf9bac@group-8BA8EA3E883D->487589ec-ad7e-4ef6-803a-650f69006185: nextIndex: updateUnconditionally 0 -> 0
2019-10-04 08:09:41,723 [EventQueue-StaleNodeForStaleNodeHandler] INFO  node.StaleNodeHandler (StaleNodeHandler.java:onMessage(58)) - Datanode b604db3c-4fe1-481b-b03b-67d8cedf9bac{ip: 192.168.30.44, host: pr-hdds-2230-99mx8-1595754997, networkLocation: /default-rack, certSerialId: null} moved to stale state. Finalizing its pipelines [PipelineID=02df0474-c5f7-4fc5-b604-7721f5e41da9, PipelineID=98748278-b6e9-4f62-9f77-8ba8ea3e883d]
2019-10-04 08:09:41,723 [EventQueue-StaleNodeForStaleNodeHandler] INFO  pipeline.SCMPipelineManager (SCMPipelineManager.java:finalizeAndDestroyPipeline(315)) - destroying pipeline:Pipeline[ Id: 02df0474-c5f7-4fc5-b604-7721f5e41da9, Nodes: b604db3c-4fe1-481b-b03b-67d8cedf9bac{ip: 192.168.30.44, host: pr-hdds-2230-99mx8-1595754997, networkLocation: /default-rack, certSerialId: null}, Type:RATIS, Factor:ONE, State:OPEN]
2019-10-04 08:09:41,723 [EventQueue-StaleNodeForStaleNodeHandler] INFO  pipeline.PipelineStateManager (PipelineStateManager.java:finalizePipeline(123)) - Pipeline Pipeline[ Id: 02df0474-c5f7-4fc5-b604-7721f5e41da9, Nodes: b604db3c-4fe1-481b-b03b-67d8cedf9bac{ip: 192.168.30.44, host: pr-hdds-2230-99mx8-1595754997, networkLocation: /default-rack, certSerialId: null}, Type:RATIS, Factor:ONE, State:CLOSED] moved to CLOSED state
2019-10-04 08:09:41,724 [EventQueue-StaleNodeForStaleNodeHandler] INFO  pipeline.SCMPipelineManager (SCMPipelineManager.java:finalizeAndDestroyPipeline(315)) - destroying pipeline:Pipeline[ Id: 98748278-b6e9-4f62-9f77-8ba8ea3e883d, Nodes: 487589ec-ad7e-4ef6-803a-650f69006185{ip: 192.168.30.44, host: pr-hdds-2230-99mx8-1595754997, networkLocation: /default-rack, certSerialId: null}b604db3c-4fe1-481b-b03b-67d8cedf9bac{ip: 192.168.30.44, host: pr-hdds-2230-99mx8-1595754997, networkLocation: /default-rack, certSerialId: null}42edd144-1281-44cd-8bb0-48942e6c21ea{ip: 192.168.30.44, host: pr-hdds-2230-99mx8-1595754997, networkLocation: /default-rack, certSerialId: null}, Type:RATIS, Factor:THREE, State:CLOSED]
2019-10-04 08:09:41,724 [EventQueue-StaleNodeForStaleNodeHandler] INFO  node.StaleNodeHandler (StaleNodeHandler.java:onMessage(58)) - Datanode 42edd144-1281-44cd-8bb0-48942e6c21ea{ip: 192.168.30.44, host: pr-hdds-2230-99mx8-1595754997, networkLocation: /default-rack, certSerialId: null} moved to stale state. Finalizing its pipelines [PipelineID=98748278-b6e9-4f62-9f77-8ba8ea3e883d, PipelineID=c2397b3b-5714-4d4f-a4c4-38fde17b4116]
2019-10-04 08:09:41,724 [EventQueue-StaleNodeForStaleNodeHandler] INFO  pipeline.SCMPipelineManager (SCMPipelineManager.java:finalizeAndDestroyPipeline(315)) - destroying pipeline:Pipeline[ Id: 98748278-b6e9-4f62-9f77-8ba8ea3e883d, Nodes: 487589ec-ad7e-4ef6-803a-650f69006185{ip: 192.168.30.44, host: pr-hdds-2230-99mx8-1595754997, networkLocation: /default-rack, certSerialId: null}b604db3c-4fe1-481b-b03b-67d8cedf9bac{ip: 192.168.30.44, host: pr-hdds-2230-99mx8-1595754997, networkLocation: /default-rack, certSerialId: null}42edd144-1281-44cd-8bb0-48942e6c21ea{ip: 192.168.30.44, host: pr-hdds-2230-99mx8-1595754997, networkLocation: /default-rack, certSerialId: null}, Type:RATIS, Factor:THREE, State:CLOSED]
2019-10-04 08:09:41,724 [EventQueue-StaleNodeForStaleNodeHandler] INFO  pipeline.SCMPipelineManager (SCMPipelineManager.java:finalizeAndDestroyPipeline(315)) - destroying pipeline:Pipeline[ Id: c2397b3b-5714-4d4f-a4c4-38fde17b4116, Nodes: 42edd144-1281-44cd-8bb0-48942e6c21ea{ip: 192.168.30.44, host: pr-hdds-2230-99mx8-1595754997, networkLocation: /default-rack, certSerialId: null}, Type:RATIS, Factor:ONE, State:OPEN]
2019-10-04 08:09:41,724 [EventQueue-StaleNodeForStaleNodeHandler] INFO  pipeline.PipelineStateManager (PipelineStateManager.java:finalizePipeline(123)) - Pipeline Pipeline[ Id: c2397b3b-5714-4d4f-a4c4-38fde17b4116, Nodes: 42edd144-1281-44cd-8bb0-48942e6c21ea{ip: 192.168.30.44, host: pr-hdds-2230-99mx8-1595754997, networkLocation: /default-rack, certSerialId: null}, Type:RATIS, Factor:ONE, State:CLOSED] moved to CLOSED state
2019-10-04 08:09:41,786 [main] INFO  ozoneimpl.OzoneContainer (OzoneContainer.java:stop(231)) - Attempting to stop container services.
2019-10-04 08:09:41,786 [ForkJoinPool.commonPool-worker-0] INFO  ozoneimpl.OzoneContainer (OzoneContainer.java:stop(231)) - Attempting to stop container services.
2019-10-04 08:09:41,790 [main] INFO  impl.RaftServerProxy (RaftServerProxy.java:lambda$close$4(314)) - 42edd144-1281-44cd-8bb0-48942e6c21ea: close
2019-10-04 08:09:41,790 [ForkJoinPool.commonPool-worker-0] INFO  impl.RaftServerProxy (RaftServerProxy.java:lambda$close$4(314)) - b604db3c-4fe1-481b-b03b-67d8cedf9bac: close
2019-10-04 08:09:41,790 [main] INFO  impl.RaftServerImpl (RaftServerImpl.java:lambda$shutdown$3(247)) - 42edd144-1281-44cd-8bb0-48942e6c21ea@group-8BA8EA3E883D: shutdown
2019-10-04 08:09:41,790 [ForkJoinPool.commonPool-worker-0] INFO  impl.RaftServerImpl (RaftServerImpl.java:lambda$shutdown$3(247)) - b604db3c-4fe1-481b-b03b-67d8cedf9bac@group-7721F5E41DA9: shutdown
2019-10-04 08:09:41,791 [main] INFO  util.JmxRegister (JmxRegister.java:unregister(73)) - Successfully un-registered JMX Bean with object name Ratis:service=RaftServer,group=group-8BA8EA3E883D,id=42edd144-1281-44cd-8bb0-48942e6c21ea
2019-10-04 08:09:41,791 [ForkJoinPool.commonPool-worker-0] INFO  util.JmxRegister (JmxRegister.java:unregister(73)) - Successfully un-registered JMX Bean with object name Ratis:service=RaftServer,group=group-7721F5E41DA9,id=b604db3c-4fe1-481b-b03b-67d8cedf9bac
2019-10-04 08:09:41,791 [main] INFO  impl.RoleInfo (RoleInfo.java:shutdownFollowerState(121)) - 42edd144-1281-44cd-8bb0-48942e6c21ea: shutdown FollowerState
2019-10-04 08:09:41,791 [ForkJoinPool.commonPool-worker-0] INFO  impl.RoleInfo (RoleInfo.java:shutdownLeaderState(104)) - b604db3c-4fe1-481b-b03b-67d8cedf9bac: shutdown LeaderState
2019-10-04 08:09:41,792 [Thread-3139] INFO  impl.FollowerState (FollowerState.java:run(117)) - 42edd144-1281-44cd-8bb0-48942e6c21ea@group-8BA8EA3E883D-FollowerState was interrupted: java.lang.InterruptedException: sleep interrupted
2019-10-04 08:09:41,792 [42edd144-1281-44cd-8bb0-48942e6c21ea@group-8BA8EA3E883D-StateMachineUpdater] INFO  ratis.ContainerStateMachine (ContainerStateMachine.java:takeSnapshot(293)) - group-8BA8EA3E883D: Taking a snapshot at:(t:3, i:14) file /workdir/hadoop-ozone/integration-test/target/test-dir/MiniOzoneClusterImpl-fc615848-cf41-4b62-93ca-35284ed11942/datanode-4/data/ratis/98748278-b6e9-4f62-9f77-8ba8ea3e883d/sm/snapshot.3_14
2019-10-04 08:09:41,792 [main] INFO  impl.StateMachineUpdater (StateMachineUpdater.java:stopAndJoin(136)) - 42edd144-1281-44cd-8bb0-48942e6c21ea@group-8BA8EA3E883D-StateMachineUpdater: set stopIndex = 18
2019-10-04 08:09:41,792 [ForkJoinPool.commonPool-worker-0] INFO  impl.PendingRequests (PendingRequests.java:sendNotLeaderResponses(202)) - b604db3c-4fe1-481b-b03b-67d8cedf9bac@group-7721F5E41DA9-PendingRequests: sendNotLeaderResponses
2019-10-04 08:09:41,796 [ForkJoinPool.commonPool-worker-0] INFO  impl.StateMachineUpdater (StateMachineUpdater.java:stopAndJoin(136)) - b604db3c-4fe1-481b-b03b-67d8cedf9bac@group-7721F5E41DA9-StateMachineUpdater: set stopIndex = 0
2019-10-04 08:09:41,796 [ForkJoinPool.commonPool-worker-0] INFO  impl.RaftServerImpl (ServerState.java:close(387)) - b604db3c-4fe1-481b-b03b-67d8cedf9bac@group-7721F5E41DA9: closes. applyIndex: 0
2019-10-04 08:09:41,797 [b604db3c-4fe1-481b-b03b-67d8cedf9bac@group-7721F5E41DA9-SegmentedRaftLogWorker] INFO  segmented.SegmentedRaftLogWorker (SegmentedRaftLogWorker.java:run(316)) - b604db3c-4fe1-481b-b03b-67d8cedf9bac@group-7721F5E41DA9-SegmentedRaftLogWorker was interrupted, exiting. There are 0 tasks remaining in the queue.
2019-10-04 08:09:41,807 [ForkJoinPool.commonPool-worker-0] INFO  segmented.SegmentedRaftLogWorker (SegmentedRaftLogWorker.java:close(224)) - b604db3c-4fe1-481b-b03b-67d8cedf9bac@group-7721F5E41DA9-SegmentedRaftLogWorker close()
2019-10-04 08:09:41,811 [ForkJoinPool.commonPool-worker-0] INFO  impl.RaftServerImpl (RaftServerImpl.java:lambda$shutdown$3(247)) - b604db3c-4fe1-481b-b03b-67d8cedf9bac@group-8BA8EA3E883D: shutdown
2019-10-04 08:09:41,812 [ForkJoinPool.commonPool-worker-0] INFO  util.JmxRegister (JmxRegister.java:unregister(73)) - Successfully un-registered JMX Bean with object name Ratis:service=RaftServer,group=group-8BA8EA3E883D,id=b604db3c-4fe1-481b-b03b-67d8cedf9bac
2019-10-04 08:09:41,812 [ForkJoinPool.commonPool-worker-0] INFO  impl.RoleInfo (RoleInfo.java:shutdownLeaderState(104)) - b604db3c-4fe1-481b-b03b-67d8cedf9bac: shutdown LeaderState
2019-10-04 08:09:41,817 [ForkJoinPool.commonPool-worker-0] INFO  impl.PendingRequests (PendingRequests.java:sendNotLeaderResponses(202)) - b604db3c-4fe1-481b-b03b-67d8cedf9bac@group-8BA8EA3E883D-PendingRequests: sendNotLeaderResponses
2019-10-04 08:09:41,817 [org.apache.ratis.server.impl.LogAppender$AppenderDaemon$$Lambda$532/950848361@547f548f] WARN  server.GrpcLogAppender (GrpcLogAppender.java:mayWait(143)) - b604db3c-4fe1-481b-b03b-67d8cedf9bac@group-8BA8EA3E883D->487589ec-ad7e-4ef6-803a-650f69006185-GrpcLogAppender: Wait interrupted by java.lang.InterruptedException
2019-10-04 08:09:41,817 [org.apache.ratis.server.impl.LogAppender$AppenderDaemon$$Lambda$532/950848361@6ac77d22] WARN  server.GrpcLogAppender (GrpcLogAppender.java:mayWait(143)) - b604db3c-4fe1-481b-b03b-67d8cedf9bac@group-8BA8EA3E883D->42edd144-1281-44cd-8bb0-48942e6c21ea-GrpcLogAppender: Wait interrupted by java.lang.InterruptedException
2019-10-04 08:09:41,820 [ForkJoinPool.commonPool-worker-0] INFO  impl.StateMachineUpdater (StateMachineUpdater.java:stopAndJoin(136)) - b604db3c-4fe1-481b-b03b-67d8cedf9bac@group-8BA8EA3E883D-StateMachineUpdater: set stopIndex = 18
2019-10-04 08:09:41,820 [b604db3c-4fe1-481b-b03b-67d8cedf9bac@group-8BA8EA3E883D-StateMachineUpdater] INFO  ratis.ContainerStateMachine (ContainerStateMachine.java:takeSnapshot(293)) - group-8BA8EA3E883D: Taking a snapshot at:(t:3, i:14) file /workdir/hadoop-ozone/integration-test/target/test-dir/MiniOzoneClusterImpl-fc615848-cf41-4b62-93ca-35284ed11942/datanode-1/data/ratis/98748278-b6e9-4f62-9f77-8ba8ea3e883d/sm/snapshot.3_14
2019-10-04 08:09:41,820 [grpc-default-executor-11] INFO  server.GrpcServerProtocolService (GrpcServerProtocolService.java:onCompleted(113)) - 42edd144-1281-44cd-8bb0-48942e6c21ea: Completed APPEND_ENTRIES, lastRequest: b604db3c-4fe1-481b-b03b-67d8cedf9bac->42edd144-1281-44cd-8bb0-48942e6c21ea#4-t4, previous=(t:4, i:18), leaderCommit=18, initializing? false, entries: <empty>
2019-10-04 08:09:41,821 [grpc-default-executor-13] INFO  server.GrpcLogAppender (GrpcLogAppender.java:onCompleted(293)) - b604db3c-4fe1-481b-b03b-67d8cedf9bac@group-8BA8EA3E883D->42edd144-1281-44cd-8bb0-48942e6c21ea-AppendLogResponseHandler: follower responses appendEntries COMPLETED
2019-10-04 08:09:41,821 [grpc-default-executor-13] INFO  impl.FollowerInfo (FollowerInfo.java:lambda$new$0(51)) - b604db3c-4fe1-481b-b03b-67d8cedf9bac@group-8BA8EA3E883D->42edd144-1281-44cd-8bb0-48942e6c21ea: nextIndex: updateUnconditionally 19 -> 18
2019-10-04 08:09:41,829 [42edd144-1281-44cd-8bb0-48942e6c21ea@group-8BA8EA3E883D-StateMachineUpdater] INFO  ratis.ContainerStateMachine (ContainerStateMachine.java:takeSnapshot(304)) - group-8BA8EA3E883D: Finished taking a snapshot at:(t:3, i:14) file:/workdir/hadoop-ozone/integration-test/target/test-dir/MiniOzoneClusterImpl-fc615848-cf41-4b62-93ca-35284ed11942/datanode-4/data/ratis/98748278-b6e9-4f62-9f77-8ba8ea3e883d/sm/snapshot.3_14 time:37
2019-10-04 08:09:41,829 [42edd144-1281-44cd-8bb0-48942e6c21ea@group-8BA8EA3E883D-StateMachineUpdater] INFO  impl.StateMachineUpdater (StateMachineUpdater.java:takeSnapshot(269)) - 42edd144-1281-44cd-8bb0-48942e6c21ea@group-8BA8EA3E883D-StateMachineUpdater: Took a snapshot at index 14
2019-10-04 08:09:41,829 [42edd144-1281-44cd-8bb0-48942e6c21ea@group-8BA8EA3E883D-StateMachineUpdater] INFO  impl.StateMachineUpdater (StateMachineUpdater.java:lambda$new$0(84)) - 42edd144-1281-44cd-8bb0-48942e6c21ea@group-8BA8EA3E883D-StateMachineUpdater: snapshotIndex: updateIncreasingly -1 -> 14
2019-10-04 08:09:41,830 [42edd144-1281-44cd-8bb0-48942e6c21ea@group-8BA8EA3E883D-StateMachineUpdater] INFO  ratis.ContainerStateMachine (ContainerStateMachine.java:takeSnapshot(293)) - group-8BA8EA3E883D: Taking a snapshot at:(t:3, i:14) file /workdir/hadoop-ozone/integration-test/target/test-dir/MiniOzoneClusterImpl-fc615848-cf41-4b62-93ca-35284ed11942/datanode-4/data/ratis/98748278-b6e9-4f62-9f77-8ba8ea3e883d/sm/snapshot.3_14
2019-10-04 08:09:41,851 [b604db3c-4fe1-481b-b03b-67d8cedf9bac@group-8BA8EA3E883D-StateMachineUpdater] INFO  ratis.ContainerStateMachine (ContainerStateMachine.java:takeSnapshot(304)) - group-8BA8EA3E883D: Finished taking a snapshot at:(t:3, i:14) file:/workdir/hadoop-ozone/integration-test/target/test-dir/MiniOzoneClusterImpl-fc615848-cf41-4b62-93ca-35284ed11942/datanode-1/data/ratis/98748278-b6e9-4f62-9f77-8ba8ea3e883d/sm/snapshot.3_14 time:31
2019-10-04 08:09:41,851 [42edd144-1281-44cd-8bb0-48942e6c21ea@group-8BA8EA3E883D-StateMachineUpdater] INFO  ratis.ContainerStateMachine (ContainerStateMachine.java:takeSnapshot(304)) - group-8BA8EA3E883D: Finished taking a snapshot at:(t:3, i:14) file:/workdir/hadoop-ozone/integration-test/target/test-dir/MiniOzoneClusterImpl-fc615848-cf41-4b62-93ca-35284ed11942/datanode-4/data/ratis/98748278-b6e9-4f62-9f77-8ba8ea3e883d/sm/snapshot.3_14 time:21
2019-10-04 08:09:41,851 [b604db3c-4fe1-481b-b03b-67d8cedf9bac@group-8BA8EA3E883D-StateMachineUpdater] INFO  impl.StateMachineUpdater (StateMachineUpdater.java:takeSnapshot(269)) - b604db3c-4fe1-481b-b03b-67d8cedf9bac@group-8BA8EA3E883D-StateMachineUpdater: Took a snapshot at index 14
2019-10-04 08:09:41,851 [42edd144-1281-44cd-8bb0-48942e6c21ea@group-8BA8EA3E883D-StateMachineUpdater] INFO  impl.StateMachineUpdater (StateMachineUpdater.java:takeSnapshot(269)) - 42edd144-1281-44cd-8bb0-48942e6c21ea@group-8BA8EA3E883D-StateMachineUpdater: Took a snapshot at index 14
2019-10-04 08:09:41,851 [b604db3c-4fe1-481b-b03b-67d8cedf9bac@group-8BA8EA3E883D-StateMachineUpdater] INFO  impl.StateMachineUpdater (StateMachineUpdater.java:lambda$new$0(84)) - b604db3c-4fe1-481b-b03b-67d8cedf9bac@group-8BA8EA3E883D-StateMachineUpdater: snapshotIndex: updateIncreasingly -1 -> 14
2019-10-04 08:09:41,851 [42edd144-1281-44cd-8bb0-48942e6c21ea@group-8BA8EA3E883D-StateMachineUpdater] INFO  impl.StateMachineUpdater (StateMachineUpdater.java:lambda$new$0(84)) - 42edd144-1281-44cd-8bb0-48942e6c21ea@group-8BA8EA3E883D-StateMachineUpdater: snapshotIndex: updateIncreasingly 14 -> 14
2019-10-04 08:09:41,852 [b604db3c-4fe1-481b-b03b-67d8cedf9bac@group-8BA8EA3E883D-StateMachineUpdater] INFO  ratis.ContainerStateMachine (ContainerStateMachine.java:takeSnapshot(293)) - group-8BA8EA3E883D: Taking a snapshot at:(t:3, i:14) file /workdir/hadoop-ozone/integration-test/target/test-dir/MiniOzoneClusterImpl-fc615848-cf41-4b62-93ca-35284ed11942/datanode-1/data/ratis/98748278-b6e9-4f62-9f77-8ba8ea3e883d/sm/snapshot.3_14
2019-10-04 08:09:41,852 [main] INFO  impl.RaftServerImpl (ServerState.java:close(387)) - 42edd144-1281-44cd-8bb0-48942e6c21ea@group-8BA8EA3E883D: closes. applyIndex: 18
2019-10-04 08:09:41,853 [42edd144-1281-44cd-8bb0-48942e6c21ea@group-8BA8EA3E883D-SegmentedRaftLogWorker] INFO  segmented.SegmentedRaftLogWorker (SegmentedRaftLogWorker.java:run(316)) - 42edd144-1281-44cd-8bb0-48942e6c21ea@group-8BA8EA3E883D-SegmentedRaftLogWorker was interrupted, exiting. There are 0 tasks remaining in the queue.
2019-10-04 08:09:41,855 [main] INFO  segmented.SegmentedRaftLogWorker (SegmentedRaftLogWorker.java:close(224)) - 42edd144-1281-44cd-8bb0-48942e6c21ea@group-8BA8EA3E883D-SegmentedRaftLogWorker close()
2019-10-04 08:09:41,859 [main] INFO  impl.RaftServerImpl (RaftServerImpl.java:lambda$shutdown$3(247)) - 42edd144-1281-44cd-8bb0-48942e6c21ea@group-38FDE17B4116: shutdown
2019-10-04 08:09:41,859 [main] INFO  util.JmxRegister (JmxRegister.java:unregister(73)) - Successfully un-registered JMX Bean with object name Ratis:service=RaftServer,group=group-38FDE17B4116,id=42edd144-1281-44cd-8bb0-48942e6c21ea
2019-10-04 08:09:41,860 [main] INFO  impl.RoleInfo (RoleInfo.java:shutdownLeaderState(104)) - 42edd144-1281-44cd-8bb0-48942e6c21ea: shutdown LeaderState
2019-10-04 08:09:41,860 [main] INFO  impl.PendingRequests (PendingRequests.java:sendNotLeaderResponses(202)) - 42edd144-1281-44cd-8bb0-48942e6c21ea@group-38FDE17B4116-PendingRequests: sendNotLeaderResponses
2019-10-04 08:09:41,860 [main] INFO  impl.StateMachineUpdater (StateMachineUpdater.java:stopAndJoin(136)) - 42edd144-1281-44cd-8bb0-48942e6c21ea@group-38FDE17B4116-StateMachineUpdater: set stopIndex = 0
2019-10-04 08:09:41,860 [main] INFO  impl.RaftServerImpl (ServerState.java:close(387)) - 42edd144-1281-44cd-8bb0-48942e6c21ea@group-38FDE17B4116: closes. applyIndex: 0
2019-10-04 08:09:41,861 [42edd144-1281-44cd-8bb0-48942e6c21ea@group-38FDE17B4116-SegmentedRaftLogWorker] INFO  segmented.SegmentedRaftLogWorker (SegmentedRaftLogWorker.java:run(316)) - 42edd144-1281-44cd-8bb0-48942e6c21ea@group-38FDE17B4116-SegmentedRaftLogWorker was interrupted, exiting. There are 0 tasks remaining in the queue.
2019-10-04 08:09:41,874 [main] INFO  segmented.SegmentedRaftLogWorker (SegmentedRaftLogWorker.java:close(224)) - 42edd144-1281-44cd-8bb0-48942e6c21ea@group-38FDE17B4116-SegmentedRaftLogWorker close()
2019-10-04 08:09:41,879 [main] INFO  server.GrpcService (GrpcService.java:closeImpl(164)) - 42edd144-1281-44cd-8bb0-48942e6c21ea: shutdown server with port 37127 now
2019-10-04 08:09:41,879 [b604db3c-4fe1-481b-b03b-67d8cedf9bac@group-8BA8EA3E883D-StateMachineUpdater] INFO  ratis.ContainerStateMachine (ContainerStateMachine.java:takeSnapshot(304)) - group-8BA8EA3E883D: Finished taking a snapshot at:(t:3, i:14) file:/workdir/hadoop-ozone/integration-test/target/test-dir/MiniOzoneClusterImpl-fc615848-cf41-4b62-93ca-35284ed11942/datanode-1/data/ratis/98748278-b6e9-4f62-9f77-8ba8ea3e883d/sm/snapshot.3_14 time:27
2019-10-04 08:09:41,879 [b604db3c-4fe1-481b-b03b-67d8cedf9bac@group-8BA8EA3E883D-StateMachineUpdater] INFO  impl.StateMachineUpdater (StateMachineUpdater.java:takeSnapshot(269)) - b604db3c-4fe1-481b-b03b-67d8cedf9bac@group-8BA8EA3E883D-StateMachineUpdater: Took a snapshot at index 14
2019-10-04 08:09:41,880 [b604db3c-4fe1-481b-b03b-67d8cedf9bac@group-8BA8EA3E883D-StateMachineUpdater] INFO  impl.StateMachineUpdater (StateMachineUpdater.java:lambda$new$0(84)) - b604db3c-4fe1-481b-b03b-67d8cedf9bac@group-8BA8EA3E883D-StateMachineUpdater: snapshotIndex: updateIncreasingly 14 -> 14
2019-10-04 08:09:41,880 [main] INFO  server.GrpcService (GrpcService.java:closeImpl(172)) - 42edd144-1281-44cd-8bb0-48942e6c21ea: shutdown server with port 37127 successfully
2019-10-04 08:09:41,880 [ForkJoinPool.commonPool-worker-0] INFO  impl.RaftServerImpl (ServerState.java:close(387)) - b604db3c-4fe1-481b-b03b-67d8cedf9bac@group-8BA8EA3E883D: closes. applyIndex: 18
2019-10-04 08:09:41,881 [b604db3c-4fe1-481b-b03b-67d8cedf9bac@group-8BA8EA3E883D-SegmentedRaftLogWorker] INFO  segmented.SegmentedRaftLogWorker (SegmentedRaftLogWorker.java:run(316)) - b604db3c-4fe1-481b-b03b-67d8cedf9bac@group-8BA8EA3E883D-SegmentedRaftLogWorker was interrupted, exiting. There are 0 tasks remaining in the queue.
2019-10-04 08:09:41,883 [ForkJoinPool.commonPool-worker-0] INFO  segmented.SegmentedRaftLogWorker (SegmentedRaftLogWorker.java:close(224)) - b604db3c-4fe1-481b-b03b-67d8cedf9bac@group-8BA8EA3E883D-SegmentedRaftLogWorker close()
2019-10-04 08:09:41,887 [ForkJoinPool.commonPool-worker-0] INFO  server.GrpcService (GrpcService.java:closeImpl(164)) - b604db3c-4fe1-481b-b03b-67d8cedf9bac: shutdown server with port 42232 now
2019-10-04 08:09:41,888 [ForkJoinPool.commonPool-worker-0] INFO  server.GrpcService (GrpcService.java:closeImpl(172)) - b604db3c-4fe1-481b-b03b-67d8cedf9bac: shutdown server with port 42232 successfully
2019-10-04 08:09:41,888 [refreshUsed-/workdir/hadoop-ozone/integration-test/target/test-dir/MiniOzoneClusterImpl-fc615848-cf41-4b62-93ca-35284ed11942/datanode-4/data/containers] WARN  fs.CachingGetSpaceUsed (CachingGetSpaceUsed.java:run(183)) - Thread Interrupted waiting to refresh disk information: sleep interrupted
2019-10-04 08:09:41,891 [refreshUsed-/workdir/hadoop-ozone/integration-test/target/test-dir/MiniOzoneClusterImpl-fc615848-cf41-4b62-93ca-35284ed11942/datanode-1/data/containers] WARN  fs.CachingGetSpaceUsed (CachingGetSpaceUsed.java:run(183)) - Thread Interrupted waiting to refresh disk information: sleep interrupted
2019-10-04 08:09:41,912 [ForkJoinPool.commonPool-worker-0] INFO  utils.BackgroundService (BackgroundService.java:shutdown(148)) - Shutting down service BlockDeletingService
2019-10-04 08:09:41,912 [main] INFO  utils.BackgroundService (BackgroundService.java:shutdown(148)) - Shutting down service BlockDeletingService
2019-10-04 08:09:41,917 [ForkJoinPool.commonPool-worker-0] INFO  statemachine.DatanodeStateMachine (DatanodeStateMachine.java:stopDaemon(395)) - Ozone container server stopped.
2019-10-04 08:09:41,922 [main] INFO  statemachine.DatanodeStateMachine (DatanodeStateMachine.java:stopDaemon(395)) - Ozone container server stopped.
2019-10-04 08:09:41,924 [ForkJoinPool.commonPool-worker-0] INFO  handler.ContextHandler (ContextHandler.java:doStop(910)) - Stopped o.e.j.w.WebAppContext@4d4c1ba9{/,null,UNAVAILABLE}{/hddsDatanode}
2019-10-04 08:09:41,925 [main] INFO  handler.ContextHandler (ContextHandler.java:doStop(910)) - Stopped o.e.j.w.WebAppContext@42cf6349{/,null,UNAVAILABLE}{/hddsDatanode}
2019-10-04 08:09:41,925 [main] INFO  server.AbstractConnector (AbstractConnector.java:doStop(318)) - Stopped ServerConnector@79cb8ffa{HTTP/1.1,[http/1.1]}{0.0.0.0:0}
2019-10-04 08:09:41,926 [ForkJoinPool.commonPool-worker-0] INFO  server.AbstractConnector (AbstractConnector.java:doStop(318)) - Stopped ServerConnector@2017f6e6{HTTP/1.1,[http/1.1]}{0.0.0.0:0}
2019-10-04 08:09:41,927 [main] INFO  handler.ContextHandler (ContextHandler.java:doStop(910)) - Stopped o.e.j.s.ServletContextHandler@4f811029{/static,jar:file:/home/user/.m2/repository/org/apache/hadoop/hadoop-hdds-container-service/0.5.0-SNAPSHOT/hadoop-hdds-container-service-0.5.0-SNAPSHOT.jar!/webapps/static,UNAVAILABLE}
2019-10-04 08:09:41,928 [ForkJoinPool.commonPool-worker-0] INFO  handler.ContextHandler (ContextHandler.java:doStop(910)) - Stopped o.e.j.s.ServletContextHandler@1c84d80a{/static,jar:file:/home/user/.m2/repository/org/apache/hadoop/hadoop-hdds-container-service/0.5.0-SNAPSHOT/hadoop-hdds-container-service-0.5.0-SNAPSHOT.jar!/webapps/static,UNAVAILABLE}
2019-10-04 08:09:41,928 [main] INFO  handler.ContextHandler (ContextHandler.java:doStop(910)) - Stopped o.e.j.s.ServletContextHandler@3f68a7f8{/logs,file:///workdir/hadoop-ozone/integration-test/target/log,UNAVAILABLE}
2019-10-04 08:09:41,930 [ForkJoinPool.commonPool-worker-0] INFO  handler.ContextHandler (ContextHandler.java:doStop(910)) - Stopped o.e.j.s.ServletContextHandler@46bb0bdf{/logs,file:///workdir/hadoop-ozone/integration-test/target/log,UNAVAILABLE}
2019-10-04 08:09:42,473 [Datanode State Machine Thread - 0] INFO  statemachine.DatanodeStateMachine (DatanodeStateMachine.java:lambda$startDaemon$0(350)) - Ozone container server started.
2019-10-04 08:09:42,837 [Datanode State Machine Thread - 0] INFO  statemachine.DatanodeStateMachine (DatanodeStateMachine.java:lambda$startDaemon$0(350)) - Ozone container server started.
2019-10-04 08:09:46,528 [EventQueue-StaleNodeForStaleNodeHandler] INFO  node.StaleNodeHandler (StaleNodeHandler.java:onMessage(58)) - Datanode 999b9f8d-9896-464d-b2ab-2fa0111ec6b5{ip: 192.168.30.44, host: pr-hdds-2230-99mx8-1595754997, networkLocation: /default-rack, certSerialId: null} moved to stale state. Finalizing its pipelines [PipelineID=0296561e-5f37-44fb-8500-08effc98f927, PipelineID=9bb2354c-c3f7-4e72-892c-418e6131c8d0]
2019-10-04 08:09:46,529 [EventQueue-StaleNodeForStaleNodeHandler] INFO  pipeline.SCMPipelineManager (SCMPipelineManager.java:finalizeAndDestroyPipeline(315)) - destroying pipeline:Pipeline[ Id: 0296561e-5f37-44fb-8500-08effc98f927, Nodes: 426b4f77-b502-47d6-a6eb-a4300ace0f14{ip: 192.168.30.44, host: pr-hdds-2230-99mx8-1595754997, networkLocation: /default-rack, certSerialId: null}999b9f8d-9896-464d-b2ab-2fa0111ec6b5{ip: 192.168.30.44, host: pr-hdds-2230-99mx8-1595754997, networkLocation: /default-rack, certSerialId: null}87531f07-bbe4-4083-9325-2f5525f6d6ba{ip: 192.168.30.44, host: pr-hdds-2230-99mx8-1595754997, networkLocation: /default-rack, certSerialId: null}, Type:RATIS, Factor:THREE, State:OPEN]
2019-10-04 08:09:46,530 [EventQueue-StaleNodeForStaleNodeHandler] INFO  pipeline.PipelineStateManager (PipelineStateManager.java:finalizePipeline(123)) - Pipeline Pipeline[ Id: 0296561e-5f37-44fb-8500-08effc98f927, Nodes: 426b4f77-b502-47d6-a6eb-a4300ace0f14{ip: 192.168.30.44, host: pr-hdds-2230-99mx8-1595754997, networkLocation: /default-rack, certSerialId: null}999b9f8d-9896-464d-b2ab-2fa0111ec6b5{ip: 192.168.30.44, host: pr-hdds-2230-99mx8-1595754997, networkLocation: /default-rack, certSerialId: null}87531f07-bbe4-4083-9325-2f5525f6d6ba{ip: 192.168.30.44, host: pr-hdds-2230-99mx8-1595754997, networkLocation: /default-rack, certSerialId: null}, Type:RATIS, Factor:THREE, State:CLOSED] moved to CLOSED state
2019-10-04 08:09:46,531 [EventQueue-CloseContainerForCloseContainerEventHandler] INFO  container.CloseContainerEventHandler (CloseContainerEventHandler.java:onMessage(61)) - Close container Event triggered for container : #2
2019-10-04 08:09:46,531 [EventQueue-StaleNodeForStaleNodeHandler] INFO  pipeline.SCMPipelineManager (SCMPipelineManager.java:finalizeAndDestroyPipeline(315)) - destroying pipeline:Pipeline[ Id: 9bb2354c-c3f7-4e72-892c-418e6131c8d0, Nodes: 999b9f8d-9896-464d-b2ab-2fa0111ec6b5{ip: 192.168.30.44, host: pr-hdds-2230-99mx8-1595754997, networkLocation: /default-rack, certSerialId: null}, Type:RATIS, Factor:ONE, State:OPEN]
2019-10-04 08:09:46,534 [EventQueue-StaleNodeForStaleNodeHandler] INFO  pipeline.PipelineStateManager (PipelineStateManager.java:finalizePipeline(123)) - Pipeline Pipeline[ Id: 9bb2354c-c3f7-4e72-892c-418e6131c8d0, Nodes: 999b9f8d-9896-464d-b2ab-2fa0111ec6b5{ip: 192.168.30.44, host: pr-hdds-2230-99mx8-1595754997, networkLocation: /default-rack, certSerialId: null}, Type:RATIS, Factor:ONE, State:CLOSED] moved to CLOSED state
2019-10-04 08:09:46,928 [EventQueue-StaleNodeForStaleNodeHandler] INFO  node.StaleNodeHandler (StaleNodeHandler.java:onMessage(58)) - Datanode 5d2a1223-0e23-4d85-be9b-2c5d2b41fb37{ip: 192.168.30.44, host: pr-hdds-2230-99mx8-1595754997, networkLocation: /default-rack, certSerialId: null} moved to stale state. Finalizing its pipelines [PipelineID=eec5cad8-4d77-41b2-880e-1ff51df35117]
2019-10-04 08:09:46,928 [EventQueue-StaleNodeForStaleNodeHandler] INFO  pipeline.SCMPipelineManager (SCMPipelineManager.java:finalizeAndDestroyPipeline(315)) - destroying pipeline:Pipeline[ Id: eec5cad8-4d77-41b2-880e-1ff51df35117, Nodes: 5d2a1223-0e23-4d85-be9b-2c5d2b41fb37{ip: 192.168.30.44, host: pr-hdds-2230-99mx8-1595754997, networkLocation: /default-rack, certSerialId: null}, Type:RATIS, Factor:ONE, State:OPEN]
2019-10-04 08:09:46,928 [EventQueue-StaleNodeForStaleNodeHandler] INFO  pipeline.PipelineStateManager (PipelineStateManager.java:finalizePipeline(123)) - Pipeline Pipeline[ Id: eec5cad8-4d77-41b2-880e-1ff51df35117, Nodes: 5d2a1223-0e23-4d85-be9b-2c5d2b41fb37{ip: 192.168.30.44, host: pr-hdds-2230-99mx8-1595754997, networkLocation: /default-rack, certSerialId: null}, Type:RATIS, Factor:ONE, State:CLOSED] moved to CLOSED state
2019-10-04 08:09:46,933 [main] INFO  ozoneimpl.OzoneContainer (OzoneContainer.java:stop(231)) - Attempting to stop container services.
2019-10-04 08:09:46,933 [ForkJoinPool.commonPool-worker-0] INFO  ozoneimpl.OzoneContainer (OzoneContainer.java:stop(231)) - Attempting to stop container services.
2019-10-04 08:09:46,934 [main] INFO  impl.RaftServerProxy (RaftServerProxy.java:lambda$close$4(314)) - 999b9f8d-9896-464d-b2ab-2fa0111ec6b5: close
2019-10-04 08:09:46,934 [ForkJoinPool.commonPool-worker-0] INFO  impl.RaftServerProxy (RaftServerProxy.java:lambda$close$4(314)) - 5d2a1223-0e23-4d85-be9b-2c5d2b41fb37: close
2019-10-04 08:09:46,934 [main] INFO  impl.RaftServerImpl (RaftServerImpl.java:lambda$shutdown$3(247)) - 999b9f8d-9896-464d-b2ab-2fa0111ec6b5@group-08EFFC98F927: shutdown
2019-10-04 08:09:46,934 [ForkJoinPool.commonPool-worker-0] INFO  impl.RaftServerImpl (RaftServerImpl.java:lambda$shutdown$3(247)) - 5d2a1223-0e23-4d85-be9b-2c5d2b41fb37@group-1FF51DF35117: shutdown
2019-10-04 08:09:46,934 [main] INFO  util.JmxRegister (JmxRegister.java:unregister(73)) - Successfully un-registered JMX Bean with object name Ratis:service=RaftServer,group=group-08EFFC98F927,id=999b9f8d-9896-464d-b2ab-2fa0111ec6b5
2019-10-04 08:09:46,934 [ForkJoinPool.commonPool-worker-0] INFO  util.JmxRegister (JmxRegister.java:unregister(73)) - Successfully un-registered JMX Bean with object name Ratis:service=RaftServer,group=group-1FF51DF35117,id=5d2a1223-0e23-4d85-be9b-2c5d2b41fb37
2019-10-04 08:09:46,935 [main] INFO  impl.RoleInfo (RoleInfo.java:shutdownLeaderState(104)) - 999b9f8d-9896-464d-b2ab-2fa0111ec6b5: shutdown LeaderState
2019-10-04 08:09:46,935 [ForkJoinPool.commonPool-worker-0] INFO  impl.RoleInfo (RoleInfo.java:shutdownLeaderState(104)) - 5d2a1223-0e23-4d85-be9b-2c5d2b41fb37: shutdown LeaderState
2019-10-04 08:09:46,940 [org.apache.ratis.server.impl.LogAppender$AppenderDaemon$$Lambda$532/950848361@17dd23d9] WARN  server.GrpcLogAppender (GrpcLogAppender.java:mayWait(143)) - 999b9f8d-9896-464d-b2ab-2fa0111ec6b5@group-08EFFC98F927->426b4f77-b502-47d6-a6eb-a4300ace0f14-GrpcLogAppender: Wait interrupted by java.lang.InterruptedException
2019-10-04 08:09:46,940 [main] INFO  impl.PendingRequests (PendingRequests.java:sendNotLeaderResponses(202)) - 999b9f8d-9896-464d-b2ab-2fa0111ec6b5@group-08EFFC98F927-PendingRequests: sendNotLeaderResponses
2019-10-04 08:09:46,940 [ForkJoinPool.commonPool-worker-0] INFO  impl.PendingRequests (PendingRequests.java:sendNotLeaderResponses(202)) - 5d2a1223-0e23-4d85-be9b-2c5d2b41fb37@group-1FF51DF35117-PendingRequests: sendNotLeaderResponses
2019-10-04 08:09:46,940 [org.apache.ratis.server.impl.LogAppender$AppenderDaemon$$Lambda$532/950848361@1d71fbb7] WARN  server.GrpcLogAppender (GrpcLogAppender.java:mayWait(143)) - 999b9f8d-9896-464d-b2ab-2fa0111ec6b5@group-08EFFC98F927->87531f07-bbe4-4083-9325-2f5525f6d6ba-GrpcLogAppender: Wait interrupted by java.lang.InterruptedException
2019-10-04 08:09:46,943 [ForkJoinPool.commonPool-worker-0] INFO  impl.StateMachineUpdater (StateMachineUpdater.java:stopAndJoin(136)) - 5d2a1223-0e23-4d85-be9b-2c5d2b41fb37@group-1FF51DF35117-StateMachineUpdater: set stopIndex = 0
2019-10-04 08:09:46,943 [grpc-default-executor-13] INFO  server.GrpcServerProtocolService (GrpcServerProtocolService.java:onCompleted(113)) - 426b4f77-b502-47d6-a6eb-a4300ace0f14: Completed APPEND_ENTRIES, lastRequest: 999b9f8d-9896-464d-b2ab-2fa0111ec6b5->426b4f77-b502-47d6-a6eb-a4300ace0f14#29-t2, previous=(t:2, i:16), leaderCommit=16, initializing? false, entries: <empty>
2019-10-04 08:09:46,943 [grpc-default-executor-11] INFO  server.GrpcServerProtocolService (GrpcServerProtocolService.java:onCompleted(113)) - 87531f07-bbe4-4083-9325-2f5525f6d6ba: Completed APPEND_ENTRIES, lastRequest: 999b9f8d-9896-464d-b2ab-2fa0111ec6b5->87531f07-bbe4-4083-9325-2f5525f6d6ba#29-t2, previous=(t:2, i:16), leaderCommit=16, initializing? false, entries: <empty>
2019-10-04 08:09:46,943 [999b9f8d-9896-464d-b2ab-2fa0111ec6b5@group-08EFFC98F927-StateMachineUpdater] INFO  ratis.ContainerStateMachine (ContainerStateMachine.java:takeSnapshot(293)) - group-08EFFC98F927: Taking a snapshot at:(t:2, i:14) file /workdir/hadoop-ozone/integration-test/target/test-dir/MiniOzoneClusterImpl-fc615848-cf41-4b62-93ca-35284ed11942/datanode-3/data/ratis/0296561e-5f37-44fb-8500-08effc98f927/sm/snapshot.2_14
2019-10-04 08:09:46,943 [main] INFO  impl.StateMachineUpdater (StateMachineUpdater.java:stopAndJoin(136)) - 999b9f8d-9896-464d-b2ab-2fa0111ec6b5@group-08EFFC98F927-StateMachineUpdater: set stopIndex = 16
2019-10-04 08:09:46,944 [grpc-default-executor-11] INFO  server.GrpcLogAppender (GrpcLogAppender.java:onCompleted(293)) - 999b9f8d-9896-464d-b2ab-2fa0111ec6b5@group-08EFFC98F927->426b4f77-b502-47d6-a6eb-a4300ace0f14-AppendLogResponseHandler: follower responses appendEntries COMPLETED
2019-10-04 08:09:46,944 [ForkJoinPool.commonPool-worker-0] INFO  impl.RaftServerImpl (ServerState.java:close(387)) - 5d2a1223-0e23-4d85-be9b-2c5d2b41fb37@group-1FF51DF35117: closes. applyIndex: 0
2019-10-04 08:09:46,944 [grpc-default-executor-13] INFO  server.GrpcLogAppender (GrpcLogAppender.java:onCompleted(293)) - 999b9f8d-9896-464d-b2ab-2fa0111ec6b5@group-08EFFC98F927->87531f07-bbe4-4083-9325-2f5525f6d6ba-AppendLogResponseHandler: follower responses appendEntries COMPLETED
2019-10-04 08:09:46,945 [5d2a1223-0e23-4d85-be9b-2c5d2b41fb37@group-1FF51DF35117-SegmentedRaftLogWorker] INFO  segmented.SegmentedRaftLogWorker (SegmentedRaftLogWorker.java:run(316)) - 5d2a1223-0e23-4d85-be9b-2c5d2b41fb37@group-1FF51DF35117-SegmentedRaftLogWorker was interrupted, exiting. There are 0 tasks remaining in the queue.
2019-10-04 08:09:46,948 [grpc-default-executor-11] INFO  impl.FollowerInfo (FollowerInfo.java:lambda$new$0(51)) - 999b9f8d-9896-464d-b2ab-2fa0111ec6b5@group-08EFFC98F927->426b4f77-b502-47d6-a6eb-a4300ace0f14: nextIndex: updateUnconditionally 17 -> 16
2019-10-04 08:09:46,948 [grpc-default-executor-13] INFO  impl.FollowerInfo (FollowerInfo.java:lambda$new$0(51)) - 999b9f8d-9896-464d-b2ab-2fa0111ec6b5@group-08EFFC98F927->87531f07-bbe4-4083-9325-2f5525f6d6ba: nextIndex: updateUnconditionally 17 -> 16
2019-10-04 08:09:46,956 [ForkJoinPool.commonPool-worker-0] INFO  segmented.SegmentedRaftLogWorker (SegmentedRaftLogWorker.java:close(224)) - 5d2a1223-0e23-4d85-be9b-2c5d2b41fb37@group-1FF51DF35117-SegmentedRaftLogWorker close()
2019-10-04 08:09:46,960 [ForkJoinPool.commonPool-worker-0] INFO  server.GrpcService (GrpcService.java:closeImpl(164)) - 5d2a1223-0e23-4d85-be9b-2c5d2b41fb37: shutdown server with port 37956 now
2019-10-04 08:09:46,960 [ForkJoinPool.commonPool-worker-0] INFO  server.GrpcService (GrpcService.java:closeImpl(172)) - 5d2a1223-0e23-4d85-be9b-2c5d2b41fb37: shutdown server with port 37956 successfully
2019-10-04 08:09:46,969 [refreshUsed-/workdir/hadoop-ozone/integration-test/target/test-dir/MiniOzoneClusterImpl-fc615848-cf41-4b62-93ca-35284ed11942/datanode-2/data/containers] WARN  fs.CachingGetSpaceUsed (CachingGetSpaceUsed.java:run(183)) - Thread Interrupted waiting to refresh disk information: sleep interrupted
2019-10-04 08:09:46,969 [999b9f8d-9896-464d-b2ab-2fa0111ec6b5@group-08EFFC98F927-StateMachineUpdater] INFO  ratis.ContainerStateMachine (ContainerStateMachine.java:takeSnapshot(304)) - group-08EFFC98F927: Finished taking a snapshot at:(t:2, i:14) file:/workdir/hadoop-ozone/integration-test/target/test-dir/MiniOzoneClusterImpl-fc615848-cf41-4b62-93ca-35284ed11942/datanode-3/data/ratis/0296561e-5f37-44fb-8500-08effc98f927/sm/snapshot.2_14 time:26
2019-10-04 08:09:46,969 [999b9f8d-9896-464d-b2ab-2fa0111ec6b5@group-08EFFC98F927-StateMachineUpdater] INFO  impl.StateMachineUpdater (StateMachineUpdater.java:takeSnapshot(269)) - 999b9f8d-9896-464d-b2ab-2fa0111ec6b5@group-08EFFC98F927-StateMachineUpdater: Took a snapshot at index 14
2019-10-04 08:09:46,969 [999b9f8d-9896-464d-b2ab-2fa0111ec6b5@group-08EFFC98F927-StateMachineUpdater] INFO  impl.StateMachineUpdater (StateMachineUpdater.java:lambda$new$0(84)) - 999b9f8d-9896-464d-b2ab-2fa0111ec6b5@group-08EFFC98F927-StateMachineUpdater: snapshotIndex: updateIncreasingly -1 -> 14
2019-10-04 08:09:46,970 [999b9f8d-9896-464d-b2ab-2fa0111ec6b5@group-08EFFC98F927-StateMachineUpdater] INFO  ratis.ContainerStateMachine (ContainerStateMachine.java:takeSnapshot(293)) - group-08EFFC98F927: Taking a snapshot at:(t:2, i:14) file /workdir/hadoop-ozone/integration-test/target/test-dir/MiniOzoneClusterImpl-fc615848-cf41-4b62-93ca-35284ed11942/datanode-3/data/ratis/0296561e-5f37-44fb-8500-08effc98f927/sm/snapshot.2_14
2019-10-04 08:09:46,983 [999b9f8d-9896-464d-b2ab-2fa0111ec6b5@group-08EFFC98F927-StateMachineUpdater] INFO  ratis.ContainerStateMachine (ContainerStateMachine.java:takeSnapshot(304)) - group-08EFFC98F927: Finished taking a snapshot at:(t:2, i:14) file:/workdir/hadoop-ozone/integration-test/target/test-dir/MiniOzoneClusterImpl-fc615848-cf41-4b62-93ca-35284ed11942/datanode-3/data/ratis/0296561e-5f37-44fb-8500-08effc98f927/sm/snapshot.2_14 time:13
2019-10-04 08:09:46,983 [999b9f8d-9896-464d-b2ab-2fa0111ec6b5@group-08EFFC98F927-StateMachineUpdater] INFO  impl.StateMachineUpdater (StateMachineUpdater.java:takeSnapshot(269)) - 999b9f8d-9896-464d-b2ab-2fa0111ec6b5@group-08EFFC98F927-StateMachineUpdater: Took a snapshot at index 14
2019-10-04 08:09:46,983 [999b9f8d-9896-464d-b2ab-2fa0111ec6b5@group-08EFFC98F927-StateMachineUpdater] INFO  impl.StateMachineUpdater (StateMachineUpdater.java:lambda$new$0(84)) - 999b9f8d-9896-464d-b2ab-2fa0111ec6b5@group-08EFFC98F927-StateMachineUpdater: snapshotIndex: updateIncreasingly 14 -> 14
2019-10-04 08:09:46,985 [main] INFO  impl.RaftServerImpl (ServerState.java:close(387)) - 999b9f8d-9896-464d-b2ab-2fa0111ec6b5@group-08EFFC98F927: closes. applyIndex: 16
2019-10-04 08:09:46,986 [999b9f8d-9896-464d-b2ab-2fa0111ec6b5@group-08EFFC98F927-SegmentedRaftLogWorker] INFO  segmented.SegmentedRaftLogWorker (SegmentedRaftLogWorker.java:run(316)) - 999b9f8d-9896-464d-b2ab-2fa0111ec6b5@group-08EFFC98F927-SegmentedRaftLogWorker was interrupted, exiting. There are 0 tasks remaining in the queue.
2019-10-04 08:09:46,990 [main] INFO  segmented.SegmentedRaftLogWorker (SegmentedRaftLogWorker.java:close(224)) - 999b9f8d-9896-464d-b2ab-2fa0111ec6b5@group-08EFFC98F927-SegmentedRaftLogWorker close()
2019-10-04 08:09:46,994 [main] INFO  impl.RaftServerImpl (RaftServerImpl.java:lambda$shutdown$3(247)) - 999b9f8d-9896-464d-b2ab-2fa0111ec6b5@group-418E6131C8D0: shutdown
2019-10-04 08:09:46,994 [main] INFO  util.JmxRegister (JmxRegister.java:unregister(73)) - Successfully un-registered JMX Bean with object name Ratis:service=RaftServer,group=group-418E6131C8D0,id=999b9f8d-9896-464d-b2ab-2fa0111ec6b5
2019-10-04 08:09:46,995 [main] INFO  impl.RoleInfo (RoleInfo.java:shutdownLeaderState(104)) - 999b9f8d-9896-464d-b2ab-2fa0111ec6b5: shutdown LeaderState
2019-10-04 08:09:46,995 [ForkJoinPool.commonPool-worker-0] INFO  utils.BackgroundService (BackgroundService.java:shutdown(148)) - Shutting down service BlockDeletingService
2019-10-04 08:09:46,995 [main] INFO  impl.PendingRequests (PendingRequests.java:sendNotLeaderResponses(202)) - 999b9f8d-9896-464d-b2ab-2fa0111ec6b5@group-418E6131C8D0-PendingRequests: sendNotLeaderResponses
2019-10-04 08:09:46,997 [main] INFO  impl.StateMachineUpdater (StateMachineUpdater.java:stopAndJoin(136)) - 999b9f8d-9896-464d-b2ab-2fa0111ec6b5@group-418E6131C8D0-StateMachineUpdater: set stopIndex = 0
2019-10-04 08:09:46,999 [ForkJoinPool.commonPool-worker-0] INFO  statemachine.DatanodeStateMachine (DatanodeStateMachine.java:stopDaemon(395)) - Ozone container server stopped.
2019-10-04 08:09:46,999 [main] INFO  impl.RaftServerImpl (ServerState.java:close(387)) - 999b9f8d-9896-464d-b2ab-2fa0111ec6b5@group-418E6131C8D0: closes. applyIndex: 0
2019-10-04 08:09:47,004 [999b9f8d-9896-464d-b2ab-2fa0111ec6b5@group-418E6131C8D0-SegmentedRaftLogWorker] INFO  segmented.SegmentedRaftLogWorker (SegmentedRaftLogWorker.java:run(316)) - 999b9f8d-9896-464d-b2ab-2fa0111ec6b5@group-418E6131C8D0-SegmentedRaftLogWorker was interrupted, exiting. There are 0 tasks remaining in the queue.
2019-10-04 08:09:47,006 [main] INFO  segmented.SegmentedRaftLogWorker (SegmentedRaftLogWorker.java:close(224)) - 999b9f8d-9896-464d-b2ab-2fa0111ec6b5@group-418E6131C8D0-SegmentedRaftLogWorker close()
2019-10-04 08:09:47,010 [main] INFO  server.GrpcService (GrpcService.java:closeImpl(164)) - 999b9f8d-9896-464d-b2ab-2fa0111ec6b5: shutdown server with port 45963 now
2019-10-04 08:09:47,012 [ForkJoinPool.commonPool-worker-0] INFO  handler.ContextHandler (ContextHandler.java:doStop(910)) - Stopped o.e.j.w.WebAppContext@4863c8ac{/,null,UNAVAILABLE}{/hddsDatanode}
2019-10-04 08:09:47,013 [grpc-default-executor-11] WARN  client.GrpcClientProtocolService (LogUtils.java:warn(134)) - 1-UnorderedRequestStreamObserver1: onError: org.apache.ratis.thirdparty.io.grpc.StatusRuntimeException: CANCELLED: cancelled before receiving half close
2019-10-04 08:09:47,013 [main] INFO  server.GrpcService (GrpcService.java:closeImpl(172)) - 999b9f8d-9896-464d-b2ab-2fa0111ec6b5: shutdown server with port 45963 successfully
2019-10-04 08:09:47,014 [ForkJoinPool.commonPool-worker-0] INFO  server.AbstractConnector (AbstractConnector.java:doStop(318)) - Stopped ServerConnector@56fda064{HTTP/1.1,[http/1.1]}{0.0.0.0:0}
2019-10-04 08:09:47,016 [ForkJoinPool.commonPool-worker-0] INFO  handler.ContextHandler (ContextHandler.java:doStop(910)) - Stopped o.e.j.s.ServletContextHandler@712e787e{/static,jar:file:/home/user/.m2/repository/org/apache/hadoop/hadoop-hdds-container-service/0.5.0-SNAPSHOT/hadoop-hdds-container-service-0.5.0-SNAPSHOT.jar!/webapps/static,UNAVAILABLE}
2019-10-04 08:09:47,019 [ForkJoinPool.commonPool-worker-0] INFO  handler.ContextHandler (ContextHandler.java:doStop(910)) - Stopped o.e.j.s.ServletContextHandler@47187f50{/logs,file:///workdir/hadoop-ozone/integration-test/target/log,UNAVAILABLE}
2019-10-04 08:09:47,022 [refreshUsed-/workdir/hadoop-ozone/integration-test/target/test-dir/MiniOzoneClusterImpl-fc615848-cf41-4b62-93ca-35284ed11942/datanode-3/data/containers] WARN  fs.CachingGetSpaceUsed (CachingGetSpaceUsed.java:run(183)) - Thread Interrupted waiting to refresh disk information: sleep interrupted
2019-10-04 08:09:47,031 [main] INFO  utils.BackgroundService (BackgroundService.java:shutdown(148)) - Shutting down service BlockDeletingService
2019-10-04 08:09:47,034 [main] INFO  statemachine.DatanodeStateMachine (DatanodeStateMachine.java:stopDaemon(395)) - Ozone container server stopped.
2019-10-04 08:09:47,035 [main] INFO  handler.ContextHandler (ContextHandler.java:doStop(910)) - Stopped o.e.j.w.WebAppContext@1ea930eb{/,null,UNAVAILABLE}{/hddsDatanode}
2019-10-04 08:09:47,036 [main] INFO  server.AbstractConnector (AbstractConnector.java:doStop(318)) - Stopped ServerConnector@2e0ad709{HTTP/1.1,[http/1.1]}{0.0.0.0:0}
2019-10-04 08:09:47,037 [main] INFO  handler.ContextHandler (ContextHandler.java:doStop(910)) - Stopped o.e.j.s.ServletContextHandler@7dbae40{/static,jar:file:/home/user/.m2/repository/org/apache/hadoop/hadoop-hdds-container-service/0.5.0-SNAPSHOT/hadoop-hdds-container-service-0.5.0-SNAPSHOT.jar!/webapps/static,UNAVAILABLE}
2019-10-04 08:09:47,037 [main] INFO  handler.ContextHandler (ContextHandler.java:doStop(910)) - Stopped o.e.j.s.ServletContextHandler@73a845cb{/logs,file:///workdir/hadoop-ozone/integration-test/target/log,UNAVAILABLE}
2019-10-04 08:09:47,472 [Datanode State Machine Thread - 0] INFO  statemachine.DatanodeStateMachine (DatanodeStateMachine.java:lambda$startDaemon$0(350)) - Ozone container server started.
2019-10-04 08:09:47,472 [Datanode State Machine Thread - 0] INFO  statemachine.DatanodeStateMachine (DatanodeStateMachine.java:lambda$startDaemon$0(350)) - Ozone container server started.
2019-10-04 08:09:51,535 [EventQueue-StaleNodeForStaleNodeHandler] INFO  node.StaleNodeHandler (StaleNodeHandler.java:onMessage(58)) - Datanode 426b4f77-b502-47d6-a6eb-a4300ace0f14{ip: 192.168.30.44, host: pr-hdds-2230-99mx8-1595754997, networkLocation: /default-rack, certSerialId: null} moved to stale state. Finalizing its pipelines [PipelineID=0296561e-5f37-44fb-8500-08effc98f927, PipelineID=0693ead4-3dfd-4643-b560-609be6eae854]
2019-10-04 08:09:51,536 [EventQueue-StaleNodeForStaleNodeHandler] INFO  pipeline.SCMPipelineManager (SCMPipelineManager.java:finalizeAndDestroyPipeline(315)) - destroying pipeline:Pipeline[ Id: 0296561e-5f37-44fb-8500-08effc98f927, Nodes: 426b4f77-b502-47d6-a6eb-a4300ace0f14{ip: 192.168.30.44, host: pr-hdds-2230-99mx8-1595754997, networkLocation: /default-rack, certSerialId: null}999b9f8d-9896-464d-b2ab-2fa0111ec6b5{ip: 192.168.30.44, host: pr-hdds-2230-99mx8-1595754997, networkLocation: /default-rack, certSerialId: null}87531f07-bbe4-4083-9325-2f5525f6d6ba{ip: 192.168.30.44, host: pr-hdds-2230-99mx8-1595754997, networkLocation: /default-rack, certSerialId: null}, Type:RATIS, Factor:THREE, State:CLOSED]
2019-10-04 08:09:51,537 [EventQueue-StaleNodeForStaleNodeHandler] INFO  pipeline.SCMPipelineManager (SCMPipelineManager.java:finalizeAndDestroyPipeline(315)) - destroying pipeline:Pipeline[ Id: 0693ead4-3dfd-4643-b560-609be6eae854, Nodes: 426b4f77-b502-47d6-a6eb-a4300ace0f14{ip: 192.168.30.44, host: pr-hdds-2230-99mx8-1595754997, networkLocation: /default-rack, certSerialId: null}, Type:RATIS, Factor:ONE, State:OPEN]
2019-10-04 08:09:51,537 [EventQueue-StaleNodeForStaleNodeHandler] INFO  pipeline.PipelineStateManager (PipelineStateManager.java:finalizePipeline(123)) - Pipeline Pipeline[ Id: 0693ead4-3dfd-4643-b560-609be6eae854, Nodes: 426b4f77-b502-47d6-a6eb-a4300ace0f14{ip: 192.168.30.44, host: pr-hdds-2230-99mx8-1595754997, networkLocation: /default-rack, certSerialId: null}, Type:RATIS, Factor:ONE, State:CLOSED] moved to CLOSED state
2019-10-04 08:09:51,538 [EventQueue-StaleNodeForStaleNodeHandler] INFO  node.StaleNodeHandler (StaleNodeHandler.java:onMessage(58)) - Datanode 87531f07-bbe4-4083-9325-2f5525f6d6ba{ip: 192.168.30.44, host: pr-hdds-2230-99mx8-1595754997, networkLocation: /default-rack, certSerialId: null} moved to stale state. Finalizing its pipelines [PipelineID=0f703ef4-a8a2-4c35-b24f-33b2382e1a01, PipelineID=0296561e-5f37-44fb-8500-08effc98f927]
2019-10-04 08:09:51,538 [EventQueue-StaleNodeForStaleNodeHandler] INFO  pipeline.SCMPipelineManager (SCMPipelineManager.java:finalizeAndDestroyPipeline(315)) - destroying pipeline:Pipeline[ Id: 0f703ef4-a8a2-4c35-b24f-33b2382e1a01, Nodes: 87531f07-bbe4-4083-9325-2f5525f6d6ba{ip: 192.168.30.44, host: pr-hdds-2230-99mx8-1595754997, networkLocation: /default-rack, certSerialId: null}, Type:RATIS, Factor:ONE, State:OPEN]
2019-10-04 08:09:51,538 [EventQueue-StaleNodeForStaleNodeHandler] INFO  pipeline.PipelineStateManager (PipelineStateManager.java:finalizePipeline(123)) - Pipeline Pipeline[ Id: 0f703ef4-a8a2-4c35-b24f-33b2382e1a01, Nodes: 87531f07-bbe4-4083-9325-2f5525f6d6ba{ip: 192.168.30.44, host: pr-hdds-2230-99mx8-1595754997, networkLocation: /default-rack, certSerialId: null}, Type:RATIS, Factor:ONE, State:CLOSED] moved to CLOSED state
2019-10-04 08:09:51,538 [EventQueue-StaleNodeForStaleNodeHandler] INFO  pipeline.SCMPipelineManager (SCMPipelineManager.java:finalizeAndDestroyPipeline(315)) - destroying pipeline:Pipeline[ Id: 0296561e-5f37-44fb-8500-08effc98f927, Nodes: 426b4f77-b502-47d6-a6eb-a4300ace0f14{ip: 192.168.30.44, host: pr-hdds-2230-99mx8-1595754997, networkLocation: /default-rack, certSerialId: null}999b9f8d-9896-464d-b2ab-2fa0111ec6b5{ip: 192.168.30.44, host: pr-hdds-2230-99mx8-1595754997, networkLocation: /default-rack, certSerialId: null}87531f07-bbe4-4083-9325-2f5525f6d6ba{ip: 192.168.30.44, host: pr-hdds-2230-99mx8-1595754997, networkLocation: /default-rack, certSerialId: null}, Type:RATIS, Factor:THREE, State:CLOSED]
2019-10-04 08:09:52,022 [ForkJoinPool.commonPool-worker-0] INFO  ozoneimpl.OzoneContainer (OzoneContainer.java:stop(231)) - Attempting to stop container services.
2019-10-04 08:09:52,026 [ForkJoinPool.commonPool-worker-0] INFO  impl.RaftServerProxy (RaftServerProxy.java:lambda$close$4(314)) - 87531f07-bbe4-4083-9325-2f5525f6d6ba: close
2019-10-04 08:09:52,027 [ForkJoinPool.commonPool-worker-0] INFO  impl.RaftServerImpl (RaftServerImpl.java:lambda$shutdown$3(247)) - 87531f07-bbe4-4083-9325-2f5525f6d6ba@group-33B2382E1A01: shutdown
2019-10-04 08:09:52,028 [ForkJoinPool.commonPool-worker-0] INFO  util.JmxRegister (JmxRegister.java:unregister(73)) - Successfully un-registered JMX Bean with object name Ratis:service=RaftServer,group=group-33B2382E1A01,id=87531f07-bbe4-4083-9325-2f5525f6d6ba
2019-10-04 08:09:52,028 [ForkJoinPool.commonPool-worker-0] INFO  impl.RoleInfo (RoleInfo.java:shutdownLeaderState(104)) - 87531f07-bbe4-4083-9325-2f5525f6d6ba: shutdown LeaderState
2019-10-04 08:09:52,029 [ForkJoinPool.commonPool-worker-0] INFO  impl.PendingRequests (PendingRequests.java:sendNotLeaderResponses(202)) - 87531f07-bbe4-4083-9325-2f5525f6d6ba@group-33B2382E1A01-PendingRequests: sendNotLeaderResponses
2019-10-04 08:09:52,029 [ForkJoinPool.commonPool-worker-0] INFO  impl.StateMachineUpdater (StateMachineUpdater.java:stopAndJoin(136)) - 87531f07-bbe4-4083-9325-2f5525f6d6ba@group-33B2382E1A01-StateMachineUpdater: set stopIndex = 0
2019-10-04 08:09:52,030 [ForkJoinPool.commonPool-worker-0] INFO  impl.RaftServerImpl (ServerState.java:close(387)) - 87531f07-bbe4-4083-9325-2f5525f6d6ba@group-33B2382E1A01: closes. applyIndex: 0
2019-10-04 08:09:52,030 [87531f07-bbe4-4083-9325-2f5525f6d6ba@group-33B2382E1A01-SegmentedRaftLogWorker] INFO  segmented.SegmentedRaftLogWorker (SegmentedRaftLogWorker.java:run(316)) - 87531f07-bbe4-4083-9325-2f5525f6d6ba@group-33B2382E1A01-SegmentedRaftLogWorker was interrupted, exiting. There are 0 tasks remaining in the queue.
2019-10-04 08:09:52,034 [ForkJoinPool.commonPool-worker-0] INFO  segmented.SegmentedRaftLogWorker (SegmentedRaftLogWorker.java:close(224)) - 87531f07-bbe4-4083-9325-2f5525f6d6ba@group-33B2382E1A01-SegmentedRaftLogWorker close()
2019-10-04 08:09:52,037 [ForkJoinPool.commonPool-worker-0] INFO  impl.RaftServerImpl (RaftServerImpl.java:lambda$shutdown$3(247)) - 87531f07-bbe4-4083-9325-2f5525f6d6ba@group-08EFFC98F927: shutdown
2019-10-04 08:09:52,037 [ForkJoinPool.commonPool-worker-0] INFO  util.JmxRegister (JmxRegister.java:unregister(73)) - Successfully un-registered JMX Bean with object name Ratis:service=RaftServer,group=group-08EFFC98F927,id=87531f07-bbe4-4083-9325-2f5525f6d6ba
2019-10-04 08:09:52,037 [ForkJoinPool.commonPool-worker-0] INFO  impl.RoleInfo (RoleInfo.java:shutdownFollowerState(121)) - 87531f07-bbe4-4083-9325-2f5525f6d6ba: shutdown FollowerState
2019-10-04 08:09:52,037 [ForkJoinPool.commonPool-worker-0] INFO  impl.StateMachineUpdater (StateMachineUpdater.java:stopAndJoin(136)) - 87531f07-bbe4-4083-9325-2f5525f6d6ba@group-08EFFC98F927-StateMachineUpdater: set stopIndex = 16
2019-10-04 08:09:52,038 [Thread-3006] INFO  impl.FollowerState (FollowerState.java:run(117)) - 87531f07-bbe4-4083-9325-2f5525f6d6ba@group-08EFFC98F927-FollowerState was interrupted: java.lang.InterruptedException: sleep interrupted
2019-10-04 08:09:52,038 [87531f07-bbe4-4083-9325-2f5525f6d6ba@group-08EFFC98F927-StateMachineUpdater] INFO  ratis.ContainerStateMachine (ContainerStateMachine.java:takeSnapshot(293)) - group-08EFFC98F927: Taking a snapshot at:(t:2, i:14) file /workdir/hadoop-ozone/integration-test/target/test-dir/MiniOzoneClusterImpl-fc615848-cf41-4b62-93ca-35284ed11942/datanode-0/data/ratis/0296561e-5f37-44fb-8500-08effc98f927/sm/snapshot.2_14
2019-10-04 08:09:52,041 [main] INFO  ozoneimpl.OzoneContainer (OzoneContainer.java:stop(231)) - Attempting to stop container services.
2019-10-04 08:09:52,042 [main] INFO  impl.RaftServerProxy (RaftServerProxy.java:lambda$close$4(314)) - 426b4f77-b502-47d6-a6eb-a4300ace0f14: close
2019-10-04 08:09:52,042 [87531f07-bbe4-4083-9325-2f5525f6d6ba@group-08EFFC98F927-StateMachineUpdater] INFO  ratis.ContainerStateMachine (ContainerStateMachine.java:takeSnapshot(304)) - group-08EFFC98F927: Finished taking a snapshot at:(t:2, i:14) file:/workdir/hadoop-ozone/integration-test/target/test-dir/MiniOzoneClusterImpl-fc615848-cf41-4b62-93ca-35284ed11942/datanode-0/data/ratis/0296561e-5f37-44fb-8500-08effc98f927/sm/snapshot.2_14 time:4
2019-10-04 08:09:52,042 [main] INFO  impl.RaftServerImpl (RaftServerImpl.java:lambda$shutdown$3(247)) - 426b4f77-b502-47d6-a6eb-a4300ace0f14@group-08EFFC98F927: shutdown
2019-10-04 08:09:52,043 [87531f07-bbe4-4083-9325-2f5525f6d6ba@group-08EFFC98F927-StateMachineUpdater] INFO  impl.StateMachineUpdater (StateMachineUpdater.java:takeSnapshot(269)) - 87531f07-bbe4-4083-9325-2f5525f6d6ba@group-08EFFC98F927-StateMachineUpdater: Took a snapshot at index 14
2019-10-04 08:09:52,043 [main] INFO  util.JmxRegister (JmxRegister.java:unregister(73)) - Successfully un-registered JMX Bean with object name Ratis:service=RaftServer,group=group-08EFFC98F927,id=426b4f77-b502-47d6-a6eb-a4300ace0f14
2019-10-04 08:09:52,043 [87531f07-bbe4-4083-9325-2f5525f6d6ba@group-08EFFC98F927-StateMachineUpdater] INFO  impl.StateMachineUpdater (StateMachineUpdater.java:lambda$new$0(84)) - 87531f07-bbe4-4083-9325-2f5525f6d6ba@group-08EFFC98F927-StateMachineUpdater: snapshotIndex: updateIncreasingly -1 -> 14
2019-10-04 08:09:52,043 [main] INFO  impl.RoleInfo (RoleInfo.java:shutdownFollowerState(121)) - 426b4f77-b502-47d6-a6eb-a4300ace0f14: shutdown FollowerState
2019-10-04 08:09:52,044 [main] INFO  impl.StateMachineUpdater (StateMachineUpdater.java:stopAndJoin(136)) - 426b4f77-b502-47d6-a6eb-a4300ace0f14@group-08EFFC98F927-StateMachineUpdater: set stopIndex = 16
2019-10-04 08:09:52,044 [426b4f77-b502-47d6-a6eb-a4300ace0f14@group-08EFFC98F927-StateMachineUpdater] INFO  ratis.ContainerStateMachine (ContainerStateMachine.java:takeSnapshot(293)) - group-08EFFC98F927: Taking a snapshot at:(t:2, i:14) file /workdir/hadoop-ozone/integration-test/target/test-dir/MiniOzoneClusterImpl-fc615848-cf41-4b62-93ca-35284ed11942/datanode-6/data/ratis/0296561e-5f37-44fb-8500-08effc98f927/sm/snapshot.2_14
2019-10-04 08:09:52,044 [87531f07-bbe4-4083-9325-2f5525f6d6ba@group-08EFFC98F927-StateMachineUpdater] INFO  ratis.ContainerStateMachine (ContainerStateMachine.java:takeSnapshot(293)) - group-08EFFC98F927: Taking a snapshot at:(t:2, i:14) file /workdir/hadoop-ozone/integration-test/target/test-dir/MiniOzoneClusterImpl-fc615848-cf41-4b62-93ca-35284ed11942/datanode-0/data/ratis/0296561e-5f37-44fb-8500-08effc98f927/sm/snapshot.2_14
2019-10-04 08:09:52,044 [Thread-3007] INFO  impl.FollowerState (FollowerState.java:run(117)) - 426b4f77-b502-47d6-a6eb-a4300ace0f14@group-08EFFC98F927-FollowerState was interrupted: java.lang.InterruptedException: sleep interrupted
2019-10-04 08:09:52,055 [87531f07-bbe4-4083-9325-2f5525f6d6ba@group-08EFFC98F927-StateMachineUpdater] INFO  ratis.ContainerStateMachine (ContainerStateMachine.java:takeSnapshot(304)) - group-08EFFC98F927: Finished taking a snapshot at:(t:2, i:14) file:/workdir/hadoop-ozone/integration-test/target/test-dir/MiniOzoneClusterImpl-fc615848-cf41-4b62-93ca-35284ed11942/datanode-0/data/ratis/0296561e-5f37-44fb-8500-08effc98f927/sm/snapshot.2_14 time:11
2019-10-04 08:09:52,055 [426b4f77-b502-47d6-a6eb-a4300ace0f14@group-08EFFC98F927-StateMachineUpdater] INFO  ratis.ContainerStateMachine (ContainerStateMachine.java:takeSnapshot(304)) - group-08EFFC98F927: Finished taking a snapshot at:(t:2, i:14) file:/workdir/hadoop-ozone/integration-test/target/test-dir/MiniOzoneClusterImpl-fc615848-cf41-4b62-93ca-35284ed11942/datanode-6/data/ratis/0296561e-5f37-44fb-8500-08effc98f927/sm/snapshot.2_14 time:11
2019-10-04 08:09:52,055 [87531f07-bbe4-4083-9325-2f5525f6d6ba@group-08EFFC98F927-StateMachineUpdater] INFO  impl.StateMachineUpdater (StateMachineUpdater.java:takeSnapshot(269)) - 87531f07-bbe4-4083-9325-2f5525f6d6ba@group-08EFFC98F927-StateMachineUpdater: Took a snapshot at index 14
2019-10-04 08:09:52,056 [87531f07-bbe4-4083-9325-2f5525f6d6ba@group-08EFFC98F927-StateMachineUpdater] INFO  impl.StateMachineUpdater (StateMachineUpdater.java:lambda$new$0(84)) - 87531f07-bbe4-4083-9325-2f5525f6d6ba@group-08EFFC98F927-StateMachineUpdater: snapshotIndex: updateIncreasingly 14 -> 14
2019-10-04 08:09:52,056 [426b4f77-b502-47d6-a6eb-a4300ace0f14@group-08EFFC98F927-StateMachineUpdater] INFO  impl.StateMachineUpdater (StateMachineUpdater.java:takeSnapshot(269)) - 426b4f77-b502-47d6-a6eb-a4300ace0f14@group-08EFFC98F927-StateMachineUpdater: Took a snapshot at index 14
2019-10-04 08:09:52,056 [426b4f77-b502-47d6-a6eb-a4300ace0f14@group-08EFFC98F927-StateMachineUpdater] INFO  impl.StateMachineUpdater (StateMachineUpdater.java:lambda$new$0(84)) - 426b4f77-b502-47d6-a6eb-a4300ace0f14@group-08EFFC98F927-StateMachineUpdater: snapshotIndex: updateIncreasingly -1 -> 14
2019-10-04 08:09:52,056 [ForkJoinPool.commonPool-worker-0] INFO  impl.RaftServerImpl (ServerState.java:close(387)) - 87531f07-bbe4-4083-9325-2f5525f6d6ba@group-08EFFC98F927: closes. applyIndex: 16
2019-10-04 08:09:52,056 [426b4f77-b502-47d6-a6eb-a4300ace0f14@group-08EFFC98F927-StateMachineUpdater] INFO  ratis.ContainerStateMachine (ContainerStateMachine.java:takeSnapshot(293)) - group-08EFFC98F927: Taking a snapshot at:(t:2, i:14) file /workdir/hadoop-ozone/integration-test/target/test-dir/MiniOzoneClusterImpl-fc615848-cf41-4b62-93ca-35284ed11942/datanode-6/data/ratis/0296561e-5f37-44fb-8500-08effc98f927/sm/snapshot.2_14
2019-10-04 08:09:52,056 [87531f07-bbe4-4083-9325-2f5525f6d6ba@group-08EFFC98F927-SegmentedRaftLogWorker] INFO  segmented.SegmentedRaftLogWorker (SegmentedRaftLogWorker.java:run(316)) - 87531f07-bbe4-4083-9325-2f5525f6d6ba@group-08EFFC98F927-SegmentedRaftLogWorker was interrupted, exiting. There are 0 tasks remaining in the queue.
2019-10-04 08:09:52,067 [ForkJoinPool.commonPool-worker-0] INFO  segmented.SegmentedRaftLogWorker (SegmentedRaftLogWorker.java:close(224)) - 87531f07-bbe4-4083-9325-2f5525f6d6ba@group-08EFFC98F927-SegmentedRaftLogWorker close()
2019-10-04 08:09:52,069 [426b4f77-b502-47d6-a6eb-a4300ace0f14@group-08EFFC98F927-StateMachineUpdater] INFO  ratis.ContainerStateMachine (ContainerStateMachine.java:takeSnapshot(304)) - group-08EFFC98F927: Finished taking a snapshot at:(t:2, i:14) file:/workdir/hadoop-ozone/integration-test/target/test-dir/MiniOzoneClusterImpl-fc615848-cf41-4b62-93ca-35284ed11942/datanode-6/data/ratis/0296561e-5f37-44fb-8500-08effc98f927/sm/snapshot.2_14 time:13
2019-10-04 08:09:52,069 [ForkJoinPool.commonPool-worker-0] INFO  server.GrpcService (GrpcService.java:closeImpl(164)) - 87531f07-bbe4-4083-9325-2f5525f6d6ba: shutdown server with port 42548 now
2019-10-04 08:09:52,069 [426b4f77-b502-47d6-a6eb-a4300ace0f14@group-08EFFC98F927-StateMachineUpdater] INFO  impl.StateMachineUpdater (StateMachineUpdater.java:takeSnapshot(269)) - 426b4f77-b502-47d6-a6eb-a4300ace0f14@group-08EFFC98F927-StateMachineUpdater: Took a snapshot at index 14
2019-10-04 08:09:52,069 [426b4f77-b502-47d6-a6eb-a4300ace0f14@group-08EFFC98F927-StateMachineUpdater] INFO  impl.StateMachineUpdater (StateMachineUpdater.java:lambda$new$0(84)) - 426b4f77-b502-47d6-a6eb-a4300ace0f14@group-08EFFC98F927-StateMachineUpdater: snapshotIndex: updateIncreasingly 14 -> 14
2019-10-04 08:09:52,070 [main] INFO  impl.RaftServerImpl (ServerState.java:close(387)) - 426b4f77-b502-47d6-a6eb-a4300ace0f14@group-08EFFC98F927: closes. applyIndex: 16
2019-10-04 08:09:52,070 [426b4f77-b502-47d6-a6eb-a4300ace0f14@group-08EFFC98F927-SegmentedRaftLogWorker] INFO  segmented.SegmentedRaftLogWorker (SegmentedRaftLogWorker.java:run(316)) - 426b4f77-b502-47d6-a6eb-a4300ace0f14@group-08EFFC98F927-SegmentedRaftLogWorker was interrupted, exiting. There are 0 tasks remaining in the queue.
2019-10-04 08:09:52,070 [main] INFO  segmented.SegmentedRaftLogWorker (SegmentedRaftLogWorker.java:close(224)) - 426b4f77-b502-47d6-a6eb-a4300ace0f14@group-08EFFC98F927-SegmentedRaftLogWorker close()
2019-10-04 08:09:52,072 [main] INFO  impl.RaftServerImpl (RaftServerImpl.java:lambda$shutdown$3(247)) - 426b4f77-b502-47d6-a6eb-a4300ace0f14@group-609BE6EAE854: shutdown
2019-10-04 08:09:52,072 [main] INFO  util.JmxRegister (JmxRegister.java:unregister(73)) - Successfully un-registered JMX Bean with object name Ratis:service=RaftServer,group=group-609BE6EAE854,id=426b4f77-b502-47d6-a6eb-a4300ace0f14
2019-10-04 08:09:52,073 [ForkJoinPool.commonPool-worker-0] INFO  server.GrpcService (GrpcService.java:closeImpl(172)) - 87531f07-bbe4-4083-9325-2f5525f6d6ba: shutdown server with port 42548 successfully
2019-10-04 08:09:52,073 [main] INFO  impl.RoleInfo (RoleInfo.java:shutdownLeaderState(104)) - 426b4f77-b502-47d6-a6eb-a4300ace0f14: shutdown LeaderState
2019-10-04 08:09:52,073 [main] INFO  impl.PendingRequests (PendingRequests.java:sendNotLeaderResponses(202)) - 426b4f77-b502-47d6-a6eb-a4300ace0f14@group-609BE6EAE854-PendingRequests: sendNotLeaderResponses
2019-10-04 08:09:52,074 [main] INFO  impl.StateMachineUpdater (StateMachineUpdater.java:stopAndJoin(136)) - 426b4f77-b502-47d6-a6eb-a4300ace0f14@group-609BE6EAE854-StateMachineUpdater: set stopIndex = 0
2019-10-04 08:09:52,074 [main] INFO  impl.RaftServerImpl (ServerState.java:close(387)) - 426b4f77-b502-47d6-a6eb-a4300ace0f14@group-609BE6EAE854: closes. applyIndex: 0
2019-10-04 08:09:52,075 [426b4f77-b502-47d6-a6eb-a4300ace0f14@group-609BE6EAE854-SegmentedRaftLogWorker] INFO  segmented.SegmentedRaftLogWorker (SegmentedRaftLogWorker.java:run(316)) - 426b4f77-b502-47d6-a6eb-a4300ace0f14@group-609BE6EAE854-SegmentedRaftLogWorker was interrupted, exiting. There are 0 tasks remaining in the queue.
2019-10-04 08:09:52,075 [refreshUsed-/workdir/hadoop-ozone/integration-test/target/test-dir/MiniOzoneClusterImpl-fc615848-cf41-4b62-93ca-35284ed11942/datanode-0/data/containers] WARN  fs.CachingGetSpaceUsed (CachingGetSpaceUsed.java:run(183)) - Thread Interrupted waiting to refresh disk information: sleep interrupted
2019-10-04 08:09:52,076 [main] INFO  segmented.SegmentedRaftLogWorker (SegmentedRaftLogWorker.java:close(224)) - 426b4f77-b502-47d6-a6eb-a4300ace0f14@group-609BE6EAE854-SegmentedRaftLogWorker close()
2019-10-04 08:09:52,078 [main] INFO  server.GrpcService (GrpcService.java:closeImpl(164)) - 426b4f77-b502-47d6-a6eb-a4300ace0f14: shutdown server with port 39158 now
2019-10-04 08:09:52,080 [main] INFO  server.GrpcService (GrpcService.java:closeImpl(172)) - 426b4f77-b502-47d6-a6eb-a4300ace0f14: shutdown server with port 39158 successfully
2019-10-04 08:09:52,082 [refreshUsed-/workdir/hadoop-ozone/integration-test/target/test-dir/MiniOzoneClusterImpl-fc615848-cf41-4b62-93ca-35284ed11942/datanode-6/data/containers] WARN  fs.CachingGetSpaceUsed (CachingGetSpaceUsed.java:run(183)) - Thread Interrupted waiting to refresh disk information: sleep interrupted
2019-10-04 08:09:52,096 [ForkJoinPool.commonPool-worker-0] INFO  utils.BackgroundService (BackgroundService.java:shutdown(148)) - Shutting down service BlockDeletingService
2019-10-04 08:09:52,099 [ForkJoinPool.commonPool-worker-0] INFO  statemachine.DatanodeStateMachine (DatanodeStateMachine.java:stopDaemon(395)) - Ozone container server stopped.
2019-10-04 08:09:52,104 [ForkJoinPool.commonPool-worker-0] INFO  handler.ContextHandler (ContextHandler.java:doStop(910)) - Stopped o.e.j.w.WebAppContext@703e8050{/,null,UNAVAILABLE}{/hddsDatanode}
2019-10-04 08:09:52,104 [ForkJoinPool.commonPool-worker-0] INFO  server.AbstractConnector (AbstractConnector.java:doStop(318)) - Stopped ServerConnector@49c1e294{HTTP/1.1,[http/1.1]}{0.0.0.0:0}
2019-10-04 08:09:52,105 [ForkJoinPool.commonPool-worker-0] INFO  handler.ContextHandler (ContextHandler.java:doStop(910)) - Stopped o.e.j.s.ServletContextHandler@2365ea38{/static,jar:file:/home/user/.m2/repository/org/apache/hadoop/hadoop-hdds-container-service/0.5.0-SNAPSHOT/hadoop-hdds-container-service-0.5.0-SNAPSHOT.jar!/webapps/static,UNAVAILABLE}
2019-10-04 08:09:52,107 [ForkJoinPool.commonPool-worker-0] INFO  handler.ContextHandler (ContextHandler.java:doStop(910)) - Stopped o.e.j.s.ServletContextHandler@4a31ed12{/logs,file:///workdir/hadoop-ozone/integration-test/target/log,UNAVAILABLE}
2019-10-04 08:09:52,113 [main] INFO  utils.BackgroundService (BackgroundService.java:shutdown(148)) - Shutting down service BlockDeletingService
2019-10-04 08:09:52,117 [main] INFO  statemachine.DatanodeStateMachine (DatanodeStateMachine.java:stopDaemon(395)) - Ozone container server stopped.
2019-10-04 08:09:52,118 [main] INFO  handler.ContextHandler (ContextHandler.java:doStop(910)) - Stopped o.e.j.w.WebAppContext@333398f{/,null,UNAVAILABLE}{/hddsDatanode}
2019-10-04 08:09:52,119 [main] INFO  server.AbstractConnector (AbstractConnector.java:doStop(318)) - Stopped ServerConnector@103c97ff{HTTP/1.1,[http/1.1]}{0.0.0.0:0}
2019-10-04 08:09:52,120 [main] INFO  handler.ContextHandler (ContextHandler.java:doStop(910)) - Stopped o.e.j.s.ServletContextHandler@4d69d288{/static,jar:file:/home/user/.m2/repository/org/apache/hadoop/hadoop-hdds-container-service/0.5.0-SNAPSHOT/hadoop-hdds-container-service-0.5.0-SNAPSHOT.jar!/webapps/static,UNAVAILABLE}
2019-10-04 08:09:52,120 [main] INFO  handler.ContextHandler (ContextHandler.java:doStop(910)) - Stopped o.e.j.s.ServletContextHandler@d36c1c3{/logs,file:///workdir/hadoop-ozone/integration-test/target/log,UNAVAILABLE}
2019-10-04 08:09:52,121 [main] INFO  ozone.MiniOzoneClusterImpl (MiniOzoneClusterImpl.java:stopSCM(392)) - Stopping the StorageContainerManager
2019-10-04 08:09:52,121 [main] INFO  server.StorageContainerManager (StorageContainerManager.java:stop(808)) - Stopping Replication Manager Service.
2019-10-04 08:09:52,122 [main] INFO  container.ReplicationManager (ReplicationManager.java:stop(203)) - Stopping Replication Monitor Thread.
2019-10-04 08:09:52,122 [main] INFO  server.StorageContainerManager (StorageContainerManager.java:stop(815)) - Stopping Lease Manager of the command watchers
2019-10-04 08:09:52,122 [main] INFO  server.StorageContainerManager (StorageContainerManager.java:stop(822)) - Stopping datanode service RPC server
2019-10-04 08:09:52,122 [main] INFO  server.SCMDatanodeProtocolServer (SCMDatanodeProtocolServer.java:stop(346)) - Stopping the RPC server for DataNodes
2019-10-04 08:09:52,123 [main] INFO  ipc.Server (Server.java:stop(3082)) - Stopping server on 40959
2019-10-04 08:09:52,125 [IPC Server listener on 40959] INFO  ipc.Server (Server.java:run(1185)) - Stopping IPC Server listener on 40959
2019-10-04 08:09:52,126 [IPC Server Responder] INFO  ipc.Server (Server.java:run(1319)) - Stopping IPC Server Responder
2019-10-04 08:09:52,136 [SCM Heartbeat Processing Thread - 0] WARN  node.NodeStateManager (NodeStateManager.java:scheduleNextHealthCheck(646)) - Current Thread is interrupted, shutting down HB processing thread for Node Manager.
2019-10-04 08:09:52,136 [main] INFO  server.StorageContainerManager (StorageContainerManager.java:stop(830)) - Stopping block service RPC server
2019-10-04 08:09:52,136 [main] INFO  server.SCMBlockProtocolServer (SCMBlockProtocolServer.java:stop(155)) - Stopping the RPC server for Block Protocol
2019-10-04 08:09:52,136 [main] INFO  ipc.Server (Server.java:stop(3082)) - Stopping server on 37875
2019-10-04 08:09:52,139 [IPC Server listener on 37875] INFO  ipc.Server (Server.java:run(1185)) - Stopping IPC Server listener on 37875
2019-10-04 08:09:52,139 [main] INFO  server.StorageContainerManager (StorageContainerManager.java:stop(837)) - Stopping the StorageContainerLocationProtocol RPC server
2019-10-04 08:09:52,139 [IPC Server Responder] INFO  ipc.Server (Server.java:run(1319)) - Stopping IPC Server Responder
2019-10-04 08:09:52,140 [main] INFO  server.SCMClientProtocolServer (SCMClientProtocolServer.java:stop(168)) - Stopping the RPC server for Client Protocol
2019-10-04 08:09:52,140 [main] INFO  ipc.Server (Server.java:stop(3082)) - Stopping server on 38707
2019-10-04 08:09:52,142 [IPC Server listener on 38707] INFO  ipc.Server (Server.java:run(1185)) - Stopping IPC Server listener on 38707
2019-10-04 08:09:52,142 [main] INFO  server.StorageContainerManager (StorageContainerManager.java:stop(844)) - Stopping Storage Container Manager HTTP server.
2019-10-04 08:09:52,142 [IPC Server Responder] INFO  ipc.Server (Server.java:run(1319)) - Stopping IPC Server Responder
2019-10-04 08:09:52,145 [main] INFO  handler.ContextHandler (ContextHandler.java:doStop(910)) - Stopped o.e.j.w.WebAppContext@3e14d390{/,null,UNAVAILABLE}{/scm}
2019-10-04 08:09:52,145 [main] INFO  server.AbstractConnector (AbstractConnector.java:doStop(318)) - Stopped ServerConnector@5eb87338{HTTP/1.1,[http/1.1]}{0.0.0.0:0}
2019-10-04 08:09:52,145 [main] INFO  handler.ContextHandler (ContextHandler.java:doStop(910)) - Stopped o.e.j.s.ServletContextHandler@251c90f{/static,file:///workdir/hadoop-ozone/integration-test/target/test-classes/webapps/static,UNAVAILABLE}
2019-10-04 08:09:52,146 [main] INFO  handler.ContextHandler (ContextHandler.java:doStop(910)) - Stopped o.e.j.s.ServletContextHandler@3caee3a8{/logs,file:///workdir/hadoop-ozone/integration-test/target/log,UNAVAILABLE}
2019-10-04 08:09:52,147 [main] INFO  server.StorageContainerManager (StorageContainerManager.java:stop(855)) - Stopping Block Manager Service.
2019-10-04 08:09:52,147 [main] INFO  utils.BackgroundService (BackgroundService.java:shutdown(148)) - Shutting down service SCMBlockDeletingService
2019-10-04 08:09:52,147 [main] INFO  utils.BackgroundService (BackgroundService.java:shutdown(148)) - Shutting down service SCMBlockDeletingService
2019-10-04 08:09:52,148 [main] INFO  server.StorageContainerManager (StorageContainerManager.java:stop(877)) - Stopping SCM Event Queue.
2019-10-04 08:09:52,153 [main] INFO  impl.MetricsSystemImpl (MetricsSystemImpl.java:stop(210)) - Stopping HddsDatanode metrics system...
2019-10-04 08:09:52,187 [main] INFO  impl.MetricsSystemImpl (MetricsSystemImpl.java:stop(216)) - HddsDatanode metrics system stopped.
]]></system-out>
  </testcase>
  <testcase name="testFailureWithPrimeSizedData" classname="org.apache.hadoop.ozone.client.rpc.TestBlockOutputStreamWithFailures" time="40.911"/>
  <testcase name="testWatchForCommitWithCloseContainerException" classname="org.apache.hadoop.ozone.client.rpc.TestBlockOutputStreamWithFailures" time="36.581"/>
  <testcase name="testExceptionDuringClose" classname="org.apache.hadoop.ozone.client.rpc.TestBlockOutputStreamWithFailures" time="34.764"/>
</testsuite>