<?xml version="1.0" encoding="UTF-8"?>
<testsuite xmlns:xsi="http://www.w3.org/2001/XMLSchema-instance" xsi:noNamespaceSchemaLocation="https://maven.apache.org/surefire/maven-surefire-plugin/xsd/surefire-test-report.xsd" name="org.apache.hadoop.ozone.client.rpc.TestFailureHandlingByClient" time="473.697" tests="5" errors="1" skipped="0" failures="0">
  <properties>
    <property name="awt.toolkit" value="sun.awt.X11.XToolkit"/>
    <property name="file.encoding.pkg" value="sun.io"/>
    <property name="java.specification.version" value="1.8"/>
    <property name="sun.cpu.isalist" value=""/>
    <property name="sun.jnu.encoding" value="UTF-8"/>
    <property name="java.class.path" value="/workdir/hadoop-ozone/integration-test/target/test-classes:/workdir/hadoop-ozone/integration-test/target/classes:/home/user/.m2/repository/org/apache/hadoop/hadoop-ozone-common/0.5.0-SNAPSHOT/hadoop-ozone-common-0.5.0-SNAPSHOT.jar:/home/user/.m2/repository/org/apache/commons/commons-compress/1.4.1/commons-compress-1.4.1.jar:/home/user/.m2/repository/org/tukaani/xz/1.0/xz-1.0.jar:/home/user/.m2/repository/org/apache/hadoop/hadoop-common/3.2.0/hadoop-common-3.2.0.jar:/home/user/.m2/repository/org/apache/hadoop/hadoop-hdfs/3.2.0/hadoop-hdfs-3.2.0.jar:/home/user/.m2/repository/org/apache/hadoop/hadoop-hdfs-client/3.2.0/hadoop-hdfs-client-3.2.0.jar:/home/user/.m2/repository/com/fasterxml/jackson/core/jackson-annotations/2.9.9/jackson-annotations-2.9.9.jar:/home/user/.m2/repository/org/apache/hadoop/hadoop-hdds-common/0.5.0-SNAPSHOT/hadoop-hdds-common-0.5.0-SNAPSHOT.jar:/home/user/.m2/repository/javax/annotation/javax.annotation-api/1.2/javax.annotation-api-1.2.jar:/home/user/.m2/repository/org/apache/ratis/ratis-server/0.5.0-201fc85-SNAPSHOT/ratis-server-0.5.0-201fc85-SNAPSHOT.jar:/home/user/.m2/repository/org/apache/ratis/ratis-thirdparty-misc/0.2.0/ratis-thirdparty-misc-0.2.0.jar:/home/user/.m2/repository/org/apache/ratis/ratis-proto/0.5.0-201fc85-SNAPSHOT/ratis-proto-0.5.0-201fc85-SNAPSHOT.jar:/home/user/.m2/repository/org/apache/ratis/ratis-common/0.5.0-201fc85-SNAPSHOT/ratis-common-0.5.0-201fc85-SNAPSHOT.jar:/home/user/.m2/repository/org/apache/ratis/ratis-client/0.5.0-201fc85-SNAPSHOT/ratis-client-0.5.0-201fc85-SNAPSHOT.jar:/home/user/.m2/repository/org/apache/ratis/ratis-metrics/0.5.0-201fc85-SNAPSHOT/ratis-metrics-0.5.0-201fc85-SNAPSHOT.jar:/home/user/.m2/repository/com/github/joshelser/dropwizard-metrics-hadoop-metrics2-reporter/0.1.2/dropwizard-metrics-hadoop-metrics2-reporter-0.1.2.jar:/home/user/.m2/repository/io/dropwizard/metrics/metrics-jvm/3.2.5/metrics-jvm-3.2.5.jar:/home/user/.m2/repository/io/dropwizard/metrics/metrics-ganglia/3.2.5/metrics-ganglia-3.2.5.jar:/home/user/.m2/repository/info/ganglia/gmetric4j/gmetric4j/1.0.7/gmetric4j-1.0.7.jar:/home/user/.m2/repository/org/apache/ratis/ratis-netty/0.5.0-201fc85-SNAPSHOT/ratis-netty-0.5.0-201fc85-SNAPSHOT.jar:/home/user/.m2/repository/org/apache/ratis/ratis-grpc/0.5.0-201fc85-SNAPSHOT/ratis-grpc-0.5.0-201fc85-SNAPSHOT.jar:/home/user/.m2/repository/org/rocksdb/rocksdbjni/6.0.1/rocksdbjni-6.0.1.jar:/home/user/.m2/repository/org/apache/logging/log4j/log4j-api/2.11.0/log4j-api-2.11.0.jar:/home/user/.m2/repository/org/apache/logging/log4j/log4j-core/2.11.0/log4j-core-2.11.0.jar:/home/user/.m2/repository/com/lmax/disruptor/3.4.2/disruptor-3.4.2.jar:/home/user/.m2/repository/org/apache/commons/commons-pool2/2.6.0/commons-pool2-2.6.0.jar:/home/user/.m2/repository/org/bouncycastle/bcpkix-jdk15on/1.60/bcpkix-jdk15on-1.60.jar:/home/user/.m2/repository/commons-validator/commons-validator/1.6/commons-validator-1.6.jar:/home/user/.m2/repository/commons-digester/commons-digester/1.8.1/commons-digester-1.8.1.jar:/home/user/.m2/repository/io/jaegertracing/jaeger-client/0.34.0/jaeger-client-0.34.0.jar:/home/user/.m2/repository/io/jaegertracing/jaeger-thrift/0.34.0/jaeger-thrift-0.34.0.jar:/home/user/.m2/repository/org/apache/thrift/libthrift/0.12.0/libthrift-0.12.0.jar:/home/user/.m2/repository/com/squareup/okhttp3/okhttp/3.9.0/okhttp-3.9.0.jar:/home/user/.m2/repository/com/squareup/okio/okio/1.13.0/okio-1.13.0.jar:/home/user/.m2/repository/io/jaegertracing/jaeger-core/0.34.0/jaeger-core-0.34.0.jar:/home/user/.m2/repository/io/jaegertracing/jaeger-tracerresolver/0.34.0/jaeger-tracerresolver-0.34.0.jar:/home/user/.m2/repository/io/opentracing/contrib/opentracing-tracerresolver/0.1.5/opentracing-tracerresolver-0.1.5.jar:/home/user/.m2/repository/io/opentracing/opentracing-util/0.31.0/opentracing-util-0.31.0.jar:/home/user/.m2/repository/io/opentracing/opentracing-api/0.31.0/opentracing-api-0.31.0.jar:/home/user/.m2/repository/io/opentracing/opentracing-noop/0.31.0/opentracing-noop-0.31.0.jar:/home/user/.m2/repository/org/apache/hadoop/hadoop-hdds-server-framework/0.5.0-SNAPSHOT/hadoop-hdds-server-framework-0.5.0-SNAPSHOT.jar:/home/user/.m2/repository/org/apache/hadoop/hadoop-hdds-container-service/0.5.0-SNAPSHOT/hadoop-hdds-container-service-0.5.0-SNAPSHOT.jar:/home/user/.m2/repository/org/apache/hadoop/hadoop-hdds-client/0.5.0-SNAPSHOT/hadoop-hdds-client-0.5.0-SNAPSHOT.jar:/home/user/.m2/repository/org/apache/hadoop/hadoop-hdds-tools/0.5.0-SNAPSHOT/hadoop-hdds-tools-0.5.0-SNAPSHOT.jar:/home/user/.m2/repository/org/apache/hadoop/hadoop-hdds-server-scm/0.5.0-SNAPSHOT/hadoop-hdds-server-scm-0.5.0-SNAPSHOT.jar:/home/user/.m2/repository/org/apache/hadoop/hadoop-hdds-docs/0.5.0-SNAPSHOT/hadoop-hdds-docs-0.5.0-SNAPSHOT.jar:/home/user/.m2/repository/io/dropwizard/metrics/metrics-core/3.2.4/metrics-core-3.2.4.jar:/home/user/.m2/repository/org/hamcrest/hamcrest-all/1.3/hamcrest-all-1.3.jar:/home/user/.m2/repository/org/bouncycastle/bcprov-jdk15on/1.60/bcprov-jdk15on-1.60.jar:/home/user/.m2/repository/info/picocli/picocli/3.9.6/picocli-3.9.6.jar:/home/user/.m2/repository/com/google/protobuf/protobuf-java/2.5.0/protobuf-java-2.5.0.jar:/home/user/.m2/repository/com/google/guava/guava/11.0.2/guava-11.0.2.jar:/home/user/.m2/repository/org/apache/hadoop/hadoop-ozone-ozone-manager/0.5.0-SNAPSHOT/hadoop-ozone-ozone-manager-0.5.0-SNAPSHOT.jar:/home/user/.m2/repository/org/apache/hadoop/hadoop-minikdc/3.2.0/hadoop-minikdc-3.2.0.jar:/home/user/.m2/repository/commons-io/commons-io/2.5/commons-io-2.5.jar:/home/user/.m2/repository/org/apache/kerby/kerb-simplekdc/1.0.1/kerb-simplekdc-1.0.1.jar:/home/user/.m2/repository/org/apache/kerby/kerb-client/1.0.1/kerb-client-1.0.1.jar:/home/user/.m2/repository/org/apache/kerby/kerby-config/1.0.1/kerby-config-1.0.1.jar:/home/user/.m2/repository/org/apache/kerby/kerb-core/1.0.1/kerb-core-1.0.1.jar:/home/user/.m2/repository/org/apache/kerby/kerby-pkix/1.0.1/kerby-pkix-1.0.1.jar:/home/user/.m2/repository/org/apache/kerby/kerby-asn1/1.0.1/kerby-asn1-1.0.1.jar:/home/user/.m2/repository/org/apache/kerby/kerby-util/1.0.1/kerby-util-1.0.1.jar:/home/user/.m2/repository/org/apache/kerby/kerb-common/1.0.1/kerb-common-1.0.1.jar:/home/user/.m2/repository/org/apache/kerby/kerb-crypto/1.0.1/kerb-crypto-1.0.1.jar:/home/user/.m2/repository/org/apache/kerby/kerb-util/1.0.1/kerb-util-1.0.1.jar:/home/user/.m2/repository/org/apache/kerby/token-provider/1.0.1/token-provider-1.0.1.jar:/home/user/.m2/repository/org/apache/kerby/kerb-admin/1.0.1/kerb-admin-1.0.1.jar:/home/user/.m2/repository/org/apache/kerby/kerb-server/1.0.1/kerb-server-1.0.1.jar:/home/user/.m2/repository/org/apache/kerby/kerb-identity/1.0.1/kerb-identity-1.0.1.jar:/home/user/.m2/repository/org/apache/kerby/kerby-xdr/1.0.1/kerby-xdr-1.0.1.jar:/home/user/.m2/repository/org/slf4j/slf4j-log4j12/1.7.25/slf4j-log4j12-1.7.25.jar:/home/user/.m2/repository/org/apache/hadoop/hadoop-ozone-s3gateway/0.5.0-SNAPSHOT/hadoop-ozone-s3gateway-0.5.0-SNAPSHOT.jar:/home/user/.m2/repository/org/jboss/weld/servlet/weld-servlet/2.4.7.Final/weld-servlet-2.4.7.Final.jar:/home/user/.m2/repository/org/glassfish/jersey/containers/jersey-container-servlet-core/2.27/jersey-container-servlet-core-2.27.jar:/home/user/.m2/repository/org/glassfish/hk2/external/javax.inject/2.5.0-b42/javax.inject-2.5.0-b42.jar:/home/user/.m2/repository/org/glassfish/jersey/core/jersey-common/2.27/jersey-common-2.27.jar:/home/user/.m2/repository/org/glassfish/hk2/osgi-resource-locator/1.0.1/osgi-resource-locator-1.0.1.jar:/home/user/.m2/repository/javax/ws/rs/javax.ws.rs-api/2.1/javax.ws.rs-api-2.1.jar:/home/user/.m2/repository/org/glassfish/jersey/ext/cdi/jersey-cdi1x/2.27/jersey-cdi1x-2.27.jar:/home/user/.m2/repository/org/glassfish/jersey/inject/jersey-hk2/2.27/jersey-hk2-2.27.jar:/home/user/.m2/repository/org/glassfish/hk2/hk2-locator/2.5.0-b42/hk2-locator-2.5.0-b42.jar:/home/user/.m2/repository/org/javassist/javassist/3.22.0-CR2/javassist-3.22.0-CR2.jar:/home/user/.m2/repository/org/glassfish/hk2/hk2-api/2.5.0/hk2-api-2.5.0.jar:/home/user/.m2/repository/org/glassfish/hk2/external/jakarta.inject/2.5.0/jakarta.inject-2.5.0.jar:/home/user/.m2/repository/org/glassfish/hk2/hk2-utils/2.5.0/hk2-utils-2.5.0.jar:/home/user/.m2/repository/jakarta/annotation/jakarta.annotation-api/1.3.4/jakarta.annotation-api-1.3.4.jar:/home/user/.m2/repository/org/glassfish/hk2/external/aopalliance-repackaged/2.5.0/aopalliance-repackaged-2.5.0.jar:/home/user/.m2/repository/com/fasterxml/jackson/dataformat/jackson-dataformat-xml/2.9.0/jackson-dataformat-xml-2.9.0.jar:/home/user/.m2/repository/com/fasterxml/jackson/core/jackson-core/2.9.9/jackson-core-2.9.9.jar:/home/user/.m2/repository/com/fasterxml/jackson/module/jackson-module-jaxb-annotations/2.9.9/jackson-module-jaxb-annotations-2.9.9.jar:/home/user/.m2/repository/javax/enterprise/cdi-api/1.2/cdi-api-1.2.jar:/home/user/.m2/repository/javax/el/javax.el-api/3.0.0/javax.el-api-3.0.0.jar:/home/user/.m2/repository/javax/interceptor/javax.interceptor-api/1.2/javax.interceptor-api-1.2.jar:/home/user/.m2/repository/javax/inject/javax.inject/1/javax.inject-1.jar:/home/user/.m2/repository/com/sun/xml/bind/jaxb-impl/2.3.0.1/jaxb-impl-2.3.0.1.jar:/home/user/.m2/repository/com/sun/xml/bind/jaxb-core/2.3.0.1/jaxb-core-2.3.0.1.jar:/home/user/.m2/repository/javax/xml/bind/jaxb-api/2.3.0/jaxb-api-2.3.0.jar:/home/user/.m2/repository/javax/activation/activation/1.1.1/activation-1.1.1.jar:/home/user/.m2/repository/org/apache/hadoop/hadoop-ozone-csi/0.5.0-SNAPSHOT/hadoop-ozone-csi-0.5.0-SNAPSHOT.jar:/home/user/.m2/repository/com/google/protobuf/protobuf-java-util/3.5.1/protobuf-java-util-3.5.1.jar:/home/user/.m2/repository/org/apache/hadoop/hadoop-hdds-config/0.5.0-SNAPSHOT/hadoop-hdds-config-0.5.0-SNAPSHOT.jar:/home/user/.m2/repository/io/grpc/grpc-netty/1.17.1/grpc-netty-1.17.1.jar:/home/user/.m2/repository/io/grpc/grpc-core/1.17.1/grpc-core-1.17.1.jar:/home/user/.m2/repository/io/grpc/grpc-context/1.17.1/grpc-context-1.17.1.jar:/home/user/.m2/repository/com/google/errorprone/error_prone_annotations/2.2.0/error_prone_annotations-2.2.0.jar:/home/user/.m2/repository/org/codehaus/mojo/animal-sniffer-annotations/1.17/animal-sniffer-annotations-1.17.jar:/home/user/.m2/repository/io/opencensus/opencensus-api/0.17.0/opencensus-api-0.17.0.jar:/home/user/.m2/repository/io/opencensus/opencensus-contrib-grpc-metrics/0.17.0/opencensus-contrib-grpc-metrics-0.17.0.jar:/home/user/.m2/repository/io/netty/netty-codec-http2/4.1.30.Final/netty-codec-http2-4.1.30.Final.jar:/home/user/.m2/repository/io/netty/netty-codec-http/4.1.30.Final/netty-codec-http-4.1.30.Final.jar:/home/user/.m2/repository/io/netty/netty-codec/4.1.30.Final/netty-codec-4.1.30.Final.jar:/home/user/.m2/repository/io/netty/netty-handler/4.1.30.Final/netty-handler-4.1.30.Final.jar:/home/user/.m2/repository/io/netty/netty-handler-proxy/4.1.30.Final/netty-handler-proxy-4.1.30.Final.jar:/home/user/.m2/repository/io/netty/netty-codec-socks/4.1.30.Final/netty-codec-socks-4.1.30.Final.jar:/home/user/.m2/repository/io/netty/netty-transport-native-epoll/4.1.30.Final/netty-transport-native-epoll-4.1.30.Final.jar:/home/user/.m2/repository/io/netty/netty-common/4.1.30.Final/netty-common-4.1.30.Final.jar:/home/user/.m2/repository/io/netty/netty-buffer/4.1.30.Final/netty-buffer-4.1.30.Final.jar:/home/user/.m2/repository/io/netty/netty-transport/4.1.30.Final/netty-transport-4.1.30.Final.jar:/home/user/.m2/repository/io/netty/netty-resolver/4.1.30.Final/netty-resolver-4.1.30.Final.jar:/home/user/.m2/repository/io/netty/netty-transport-native-unix-common/4.1.30.Final/netty-transport-native-unix-common-4.1.30.Final.jar:/home/user/.m2/repository/io/grpc/grpc-protobuf/1.17.1/grpc-protobuf-1.17.1.jar:/home/user/.m2/repository/com/google/api/grpc/proto-google-common-protos/1.0.0/proto-google-common-protos-1.0.0.jar:/home/user/.m2/repository/io/grpc/grpc-protobuf-lite/1.17.1/grpc-protobuf-lite-1.17.1.jar:/home/user/.m2/repository/io/grpc/grpc-stub/1.17.1/grpc-stub-1.17.1.jar:/home/user/.m2/repository/org/apache/hadoop/hadoop-ozone-recon/0.5.0-SNAPSHOT/hadoop-ozone-recon-0.5.0-SNAPSHOT.jar:/home/user/.m2/repository/org/apache/hadoop/hadoop-ozone-reconcodegen/0.5.0-SNAPSHOT/hadoop-ozone-reconcodegen-0.5.0-SNAPSHOT.jar:/home/user/.m2/repository/com/google/inject/extensions/guice-multibindings/4.0/guice-multibindings-4.0.jar:/home/user/.m2/repository/com/google/inject/guice/4.0/guice-4.0.jar:/home/user/.m2/repository/aopalliance/aopalliance/1.0/aopalliance-1.0.jar:/home/user/.m2/repository/com/google/inject/extensions/guice-servlet/4.0/guice-servlet-4.0.jar:/home/user/.m2/repository/org/glassfish/jersey/containers/jersey-container-servlet/2.27/jersey-container-servlet-2.27.jar:/home/user/.m2/repository/org/glassfish/hk2/guice-bridge/2.5.0/guice-bridge-2.5.0.jar:/home/user/.m2/repository/org/glassfish/jersey/core/jersey-server/2.27/jersey-server-2.27.jar:/home/user/.m2/repository/org/glassfish/jersey/core/jersey-client/2.27/jersey-client-2.27.jar:/home/user/.m2/repository/org/glassfish/jersey/media/jersey-media-jaxb/2.27/jersey-media-jaxb-2.27.jar:/home/user/.m2/repository/javax/validation/validation-api/1.1.0.Final/validation-api-1.1.0.Final.jar:/home/user/.m2/repository/org/glassfish/jersey/media/jersey-media-json-jackson/2.27/jersey-media-json-jackson-2.27.jar:/home/user/.m2/repository/org/glassfish/jersey/ext/jersey-entity-filtering/2.27/jersey-entity-filtering-2.27.jar:/home/user/.m2/repository/com/google/inject/extensions/guice-assistedinject/4.0/guice-assistedinject-4.0.jar:/home/user/.m2/repository/org/jooq/jooq/3.11.10/jooq-3.11.10.jar:/home/user/.m2/repository/org/jooq/jooq-meta/3.11.10/jooq-meta-3.11.10.jar:/home/user/.m2/repository/org/jooq/jooq-codegen/3.11.10/jooq-codegen-3.11.10.jar:/home/user/.m2/repository/com/jolbox/bonecp/0.8.0.RELEASE/bonecp-0.8.0.RELEASE.jar:/home/user/.m2/repository/org/xerial/sqlite-jdbc/3.25.2/sqlite-jdbc-3.25.2.jar:/home/user/.m2/repository/org/springframework/spring-jdbc/5.1.3.RELEASE/spring-jdbc-5.1.3.RELEASE.jar:/home/user/.m2/repository/org/springframework/spring-beans/5.1.3.RELEASE/spring-beans-5.1.3.RELEASE.jar:/home/user/.m2/repository/org/springframework/spring-core/5.1.3.RELEASE/spring-core-5.1.3.RELEASE.jar:/home/user/.m2/repository/org/springframework/spring-jcl/5.1.3.RELEASE/spring-jcl-5.1.3.RELEASE.jar:/home/user/.m2/repository/org/springframework/spring-tx/5.1.3.RELEASE/spring-tx-5.1.3.RELEASE.jar:/home/user/.m2/repository/org/apache/hadoop/hadoop-ozone-client/0.5.0-SNAPSHOT/hadoop-ozone-client-0.5.0-SNAPSHOT.jar:/home/user/.m2/repository/commons-lang/commons-lang/2.6/commons-lang-2.6.jar:/home/user/.m2/repository/org/apache/hadoop/hadoop-ozone-ozone-manager/0.5.0-SNAPSHOT/hadoop-ozone-ozone-manager-0.5.0-SNAPSHOT-tests.jar:/home/user/.m2/repository/junit/junit/4.11/junit-4.11.jar:/home/user/.m2/repository/org/hamcrest/hamcrest-core/1.3/hamcrest-core-1.3.jar:/home/user/.m2/repository/org/openjdk/jmh/jmh-core/1.19/jmh-core-1.19.jar:/home/user/.m2/repository/net/sf/jopt-simple/jopt-simple/4.6/jopt-simple-4.6.jar:/home/user/.m2/repository/org/apache/commons/commons-math3/3.1.1/commons-math3-3.1.1.jar:/home/user/.m2/repository/org/openjdk/jmh/jmh-generator-annprocess/1.19/jmh-generator-annprocess-1.19.jar:/home/user/.m2/repository/org/mockito/mockito-all/1.8.5/mockito-all-1.8.5.jar:/home/user/.m2/repository/org/apache/hadoop/hadoop-kms/3.2.0/hadoop-kms-3.2.0.jar:/home/user/.m2/repository/org/apache/hadoop/hadoop-auth/3.2.0/hadoop-auth-3.2.0.jar:/home/user/.m2/repository/com/nimbusds/nimbus-jose-jwt/4.41.1/nimbus-jose-jwt-4.41.1.jar:/home/user/.m2/repository/com/github/stephenc/jcip/jcip-annotations/1.0-1/jcip-annotations-1.0-1.jar:/home/user/.m2/repository/net/minidev/json-smart/2.3/json-smart-2.3.jar:/home/user/.m2/repository/net/minidev/accessors-smart/1.2/accessors-smart-1.2.jar:/home/user/.m2/repository/org/ow2/asm/asm/5.0.4/asm-5.0.4.jar:/home/user/.m2/repository/org/apache/curator/curator-framework/2.12.0/curator-framework-2.12.0.jar:/home/user/.m2/repository/com/sun/jersey/jersey-core/1.19/jersey-core-1.19.jar:/home/user/.m2/repository/javax/ws/rs/jsr311-api/1.1.1/jsr311-api-1.1.1.jar:/home/user/.m2/repository/com/sun/jersey/jersey-server/1.19/jersey-server-1.19.jar:/home/user/.m2/repository/javax/servlet/javax.servlet-api/3.1.0/javax.servlet-api-3.1.0.jar:/home/user/.m2/repository/org/eclipse/jetty/jetty-server/9.3.25.v20180904/jetty-server-9.3.25.v20180904.jar:/home/user/.m2/repository/org/eclipse/jetty/jetty-http/9.3.25.v20180904/jetty-http-9.3.25.v20180904.jar:/home/user/.m2/repository/org/eclipse/jetty/jetty-io/9.3.25.v20180904/jetty-io-9.3.25.v20180904.jar:/home/user/.m2/repository/org/eclipse/jetty/jetty-webapp/9.3.25.v20180904/jetty-webapp-9.3.25.v20180904.jar:/home/user/.m2/repository/org/eclipse/jetty/jetty-xml/9.3.25.v20180904/jetty-xml-9.3.25.v20180904.jar:/home/user/.m2/repository/log4j/log4j/1.2.17/log4j-1.2.17.jar:/home/user/.m2/repository/org/slf4j/slf4j-api/1.7.25/slf4j-api-1.7.25.jar:/home/user/.m2/repository/org/slf4j/jul-to-slf4j/1.7.25/jul-to-slf4j-1.7.25.jar:/home/user/.m2/repository/org/eclipse/jetty/jetty-util/9.3.25.v20180904/jetty-util-9.3.25.v20180904.jar:/home/user/.m2/repository/com/fasterxml/jackson/core/jackson-databind/2.9.9/jackson-databind-2.9.9.jar:/home/user/.m2/repository/org/apache/hadoop/hadoop-kms/3.2.0/hadoop-kms-3.2.0-tests.jar:/home/user/.m2/repository/org/apache/hadoop/hadoop-hdds-server-scm/0.5.0-SNAPSHOT/hadoop-hdds-server-scm-0.5.0-SNAPSHOT-tests.jar:/home/user/.m2/repository/org/apache/hadoop/hadoop-hdds-container-service/0.5.0-SNAPSHOT/hadoop-hdds-container-service-0.5.0-SNAPSHOT-tests.jar:/home/user/.m2/repository/org/yaml/snakeyaml/1.16/snakeyaml-1.16.jar:/home/user/.m2/repository/org/apache/hadoop/hadoop-common/3.2.0/hadoop-common-3.2.0-tests.jar:/home/user/.m2/repository/org/apache/hadoop/hadoop-annotations/3.2.0/hadoop-annotations-3.2.0.jar:/usr/lib/jvm/java-1.8-openjdk/jre/../lib/tools.jar:/home/user/.m2/repository/commons-cli/commons-cli/1.2/commons-cli-1.2.jar:/home/user/.m2/repository/org/apache/httpcomponents/httpclient/4.5.2/httpclient-4.5.2.jar:/home/user/.m2/repository/org/apache/httpcomponents/httpcore/4.4.4/httpcore-4.4.4.jar:/home/user/.m2/repository/commons-codec/commons-codec/1.11/commons-codec-1.11.jar:/home/user/.m2/repository/commons-net/commons-net/3.6/commons-net-3.6.jar:/home/user/.m2/repository/commons-collections/commons-collections/3.2.2/commons-collections-3.2.2.jar:/home/user/.m2/repository/org/eclipse/jetty/jetty-servlet/9.3.25.v20180904/jetty-servlet-9.3.25.v20180904.jar:/home/user/.m2/repository/org/eclipse/jetty/jetty-security/9.3.25.v20180904/jetty-security-9.3.25.v20180904.jar:/home/user/.m2/repository/javax/servlet/jsp/jsp-api/2.1/jsp-api-2.1.jar:/home/user/.m2/repository/com/sun/jersey/jersey-servlet/1.19/jersey-servlet-1.19.jar:/home/user/.m2/repository/com/sun/jersey/jersey-json/1.19/jersey-json-1.19.jar:/home/user/.m2/repository/org/codehaus/jettison/jettison/1.1/jettison-1.1.jar:/home/user/.m2/repository/org/codehaus/jackson/jackson-core-asl/1.9.13/jackson-core-asl-1.9.13.jar:/home/user/.m2/repository/org/codehaus/jackson/jackson-mapper-asl/1.9.13/jackson-mapper-asl-1.9.13.jar:/home/user/.m2/repository/org/codehaus/jackson/jackson-jaxrs/1.9.13/jackson-jaxrs-1.9.13.jar:/home/user/.m2/repository/org/codehaus/jackson/jackson-xc/1.9.13/jackson-xc-1.9.13.jar:/home/user/.m2/repository/commons-logging/commons-logging/1.1.3/commons-logging-1.1.3.jar:/home/user/.m2/repository/commons-beanutils/commons-beanutils/1.9.4/commons-beanutils-1.9.4.jar:/home/user/.m2/repository/org/apache/commons/commons-configuration2/2.1.1/commons-configuration2-2.1.1.jar:/home/user/.m2/repository/org/apache/commons/commons-lang3/3.7/commons-lang3-3.7.jar:/home/user/.m2/repository/org/apache/commons/commons-text/1.4/commons-text-1.4.jar:/home/user/.m2/repository/org/apache/avro/avro/1.7.7/avro-1.7.7.jar:/home/user/.m2/repository/com/thoughtworks/paranamer/paranamer/2.3/paranamer-2.3.jar:/home/user/.m2/repository/org/xerial/snappy/snappy-java/1.0.5/snappy-java-1.0.5.jar:/home/user/.m2/repository/com/google/re2j/re2j/1.1/re2j-1.1.jar:/home/user/.m2/repository/com/google/code/gson/gson/2.2.4/gson-2.2.4.jar:/home/user/.m2/repository/com/jcraft/jsch/0.1.54/jsch-0.1.54.jar:/home/user/.m2/repository/org/apache/curator/curator-client/2.12.0/curator-client-2.12.0.jar:/home/user/.m2/repository/org/apache/curator/curator-recipes/2.12.0/curator-recipes-2.12.0.jar:/home/user/.m2/repository/com/google/code/findbugs/jsr305/3.0.0/jsr305-3.0.0.jar:/home/user/.m2/repository/org/apache/htrace/htrace-core4/4.1.0-incubating/htrace-core4-4.1.0-incubating.jar:/home/user/.m2/repository/org/apache/zookeeper/zookeeper/3.4.13/zookeeper-3.4.13.jar:/home/user/.m2/repository/jline/jline/0.9.94/jline-0.9.94.jar:/home/user/.m2/repository/org/apache/yetus/audience-annotations/0.5.0/audience-annotations-0.5.0.jar:/home/user/.m2/repository/org/codehaus/woodstox/stax2-api/3.1.4/stax2-api-3.1.4.jar:/home/user/.m2/repository/com/fasterxml/woodstox/woodstox-core/5.0.3/woodstox-core-5.0.3.jar:/home/user/.m2/repository/dnsjava/dnsjava/2.1.7/dnsjava-2.1.7.jar:/home/user/.m2/repository/org/apache/hadoop/hadoop-hdfs/3.2.0/hadoop-hdfs-3.2.0-tests.jar:/home/user/.m2/repository/org/eclipse/jetty/jetty-util-ajax/9.3.25.v20180904/jetty-util-ajax-9.3.25.v20180904.jar:/home/user/.m2/repository/commons-daemon/commons-daemon/1.0.13/commons-daemon-1.0.13.jar:/home/user/.m2/repository/io/netty/netty/3.10.5.Final/netty-3.10.5.Final.jar:/home/user/.m2/repository/io/netty/netty-all/4.0.52.Final/netty-all-4.0.52.Final.jar:/home/user/.m2/repository/org/fusesource/leveldbjni/leveldbjni-all/1.8/leveldbjni-all-1.8.jar:"/>
    <property name="java.vm.vendor" value="IcedTea"/>
    <property name="sun.arch.data.model" value="64"/>
    <property name="test.build.dir" value="/workdir/hadoop-ozone/integration-test/target/test-dir"/>
    <property name="test.cache.data" value=""/>
    <property name="java.vendor.url" value="https://icedtea.classpath.org"/>
    <property name="user.timezone" value=""/>
    <property name="java.vm.specification.version" value="1.8"/>
    <property name="os.name" value="Linux"/>
    <property name="test.build.data" value="/workdir/hadoop-ozone/integration-test/target/test-dir"/>
    <property name="user.country" value="US"/>
    <property name="sun.java.launcher" value="SUN_STANDARD"/>
    <property name="sun.boot.library.path" value="/usr/lib/jvm/java-1.8-openjdk/jre/lib/amd64"/>
    <property name="sun.java.command" value="/workdir/hadoop-ozone/integration-test/target/surefire/surefirebooter4515247237163600010.jar /workdir/hadoop-ozone/integration-test/target/surefire 2019-10-02T10-27-51_755-jvmRun1 surefire1806754523741828967tmp surefire_584029180409228742560tmp"/>
    <property name="test" value="!TestMiniChaosOzoneCluster"/>
    <property name="surefire.test.class.path" value="/workdir/hadoop-ozone/integration-test/target/test-classes:/workdir/hadoop-ozone/integration-test/target/classes:/home/user/.m2/repository/org/apache/hadoop/hadoop-ozone-common/0.5.0-SNAPSHOT/hadoop-ozone-common-0.5.0-SNAPSHOT.jar:/home/user/.m2/repository/org/apache/commons/commons-compress/1.4.1/commons-compress-1.4.1.jar:/home/user/.m2/repository/org/tukaani/xz/1.0/xz-1.0.jar:/home/user/.m2/repository/org/apache/hadoop/hadoop-common/3.2.0/hadoop-common-3.2.0.jar:/home/user/.m2/repository/org/apache/hadoop/hadoop-hdfs/3.2.0/hadoop-hdfs-3.2.0.jar:/home/user/.m2/repository/org/apache/hadoop/hadoop-hdfs-client/3.2.0/hadoop-hdfs-client-3.2.0.jar:/home/user/.m2/repository/com/fasterxml/jackson/core/jackson-annotations/2.9.9/jackson-annotations-2.9.9.jar:/home/user/.m2/repository/org/apache/hadoop/hadoop-hdds-common/0.5.0-SNAPSHOT/hadoop-hdds-common-0.5.0-SNAPSHOT.jar:/home/user/.m2/repository/javax/annotation/javax.annotation-api/1.2/javax.annotation-api-1.2.jar:/home/user/.m2/repository/org/apache/ratis/ratis-server/0.5.0-201fc85-SNAPSHOT/ratis-server-0.5.0-201fc85-SNAPSHOT.jar:/home/user/.m2/repository/org/apache/ratis/ratis-thirdparty-misc/0.2.0/ratis-thirdparty-misc-0.2.0.jar:/home/user/.m2/repository/org/apache/ratis/ratis-proto/0.5.0-201fc85-SNAPSHOT/ratis-proto-0.5.0-201fc85-SNAPSHOT.jar:/home/user/.m2/repository/org/apache/ratis/ratis-common/0.5.0-201fc85-SNAPSHOT/ratis-common-0.5.0-201fc85-SNAPSHOT.jar:/home/user/.m2/repository/org/apache/ratis/ratis-client/0.5.0-201fc85-SNAPSHOT/ratis-client-0.5.0-201fc85-SNAPSHOT.jar:/home/user/.m2/repository/org/apache/ratis/ratis-metrics/0.5.0-201fc85-SNAPSHOT/ratis-metrics-0.5.0-201fc85-SNAPSHOT.jar:/home/user/.m2/repository/com/github/joshelser/dropwizard-metrics-hadoop-metrics2-reporter/0.1.2/dropwizard-metrics-hadoop-metrics2-reporter-0.1.2.jar:/home/user/.m2/repository/io/dropwizard/metrics/metrics-jvm/3.2.5/metrics-jvm-3.2.5.jar:/home/user/.m2/repository/io/dropwizard/metrics/metrics-ganglia/3.2.5/metrics-ganglia-3.2.5.jar:/home/user/.m2/repository/info/ganglia/gmetric4j/gmetric4j/1.0.7/gmetric4j-1.0.7.jar:/home/user/.m2/repository/org/apache/ratis/ratis-netty/0.5.0-201fc85-SNAPSHOT/ratis-netty-0.5.0-201fc85-SNAPSHOT.jar:/home/user/.m2/repository/org/apache/ratis/ratis-grpc/0.5.0-201fc85-SNAPSHOT/ratis-grpc-0.5.0-201fc85-SNAPSHOT.jar:/home/user/.m2/repository/org/rocksdb/rocksdbjni/6.0.1/rocksdbjni-6.0.1.jar:/home/user/.m2/repository/org/apache/logging/log4j/log4j-api/2.11.0/log4j-api-2.11.0.jar:/home/user/.m2/repository/org/apache/logging/log4j/log4j-core/2.11.0/log4j-core-2.11.0.jar:/home/user/.m2/repository/com/lmax/disruptor/3.4.2/disruptor-3.4.2.jar:/home/user/.m2/repository/org/apache/commons/commons-pool2/2.6.0/commons-pool2-2.6.0.jar:/home/user/.m2/repository/org/bouncycastle/bcpkix-jdk15on/1.60/bcpkix-jdk15on-1.60.jar:/home/user/.m2/repository/commons-validator/commons-validator/1.6/commons-validator-1.6.jar:/home/user/.m2/repository/commons-digester/commons-digester/1.8.1/commons-digester-1.8.1.jar:/home/user/.m2/repository/io/jaegertracing/jaeger-client/0.34.0/jaeger-client-0.34.0.jar:/home/user/.m2/repository/io/jaegertracing/jaeger-thrift/0.34.0/jaeger-thrift-0.34.0.jar:/home/user/.m2/repository/org/apache/thrift/libthrift/0.12.0/libthrift-0.12.0.jar:/home/user/.m2/repository/com/squareup/okhttp3/okhttp/3.9.0/okhttp-3.9.0.jar:/home/user/.m2/repository/com/squareup/okio/okio/1.13.0/okio-1.13.0.jar:/home/user/.m2/repository/io/jaegertracing/jaeger-core/0.34.0/jaeger-core-0.34.0.jar:/home/user/.m2/repository/io/jaegertracing/jaeger-tracerresolver/0.34.0/jaeger-tracerresolver-0.34.0.jar:/home/user/.m2/repository/io/opentracing/contrib/opentracing-tracerresolver/0.1.5/opentracing-tracerresolver-0.1.5.jar:/home/user/.m2/repository/io/opentracing/opentracing-util/0.31.0/opentracing-util-0.31.0.jar:/home/user/.m2/repository/io/opentracing/opentracing-api/0.31.0/opentracing-api-0.31.0.jar:/home/user/.m2/repository/io/opentracing/opentracing-noop/0.31.0/opentracing-noop-0.31.0.jar:/home/user/.m2/repository/org/apache/hadoop/hadoop-hdds-server-framework/0.5.0-SNAPSHOT/hadoop-hdds-server-framework-0.5.0-SNAPSHOT.jar:/home/user/.m2/repository/org/apache/hadoop/hadoop-hdds-container-service/0.5.0-SNAPSHOT/hadoop-hdds-container-service-0.5.0-SNAPSHOT.jar:/home/user/.m2/repository/org/apache/hadoop/hadoop-hdds-client/0.5.0-SNAPSHOT/hadoop-hdds-client-0.5.0-SNAPSHOT.jar:/home/user/.m2/repository/org/apache/hadoop/hadoop-hdds-tools/0.5.0-SNAPSHOT/hadoop-hdds-tools-0.5.0-SNAPSHOT.jar:/home/user/.m2/repository/org/apache/hadoop/hadoop-hdds-server-scm/0.5.0-SNAPSHOT/hadoop-hdds-server-scm-0.5.0-SNAPSHOT.jar:/home/user/.m2/repository/org/apache/hadoop/hadoop-hdds-docs/0.5.0-SNAPSHOT/hadoop-hdds-docs-0.5.0-SNAPSHOT.jar:/home/user/.m2/repository/io/dropwizard/metrics/metrics-core/3.2.4/metrics-core-3.2.4.jar:/home/user/.m2/repository/org/hamcrest/hamcrest-all/1.3/hamcrest-all-1.3.jar:/home/user/.m2/repository/org/bouncycastle/bcprov-jdk15on/1.60/bcprov-jdk15on-1.60.jar:/home/user/.m2/repository/info/picocli/picocli/3.9.6/picocli-3.9.6.jar:/home/user/.m2/repository/com/google/protobuf/protobuf-java/2.5.0/protobuf-java-2.5.0.jar:/home/user/.m2/repository/com/google/guava/guava/11.0.2/guava-11.0.2.jar:/home/user/.m2/repository/org/apache/hadoop/hadoop-ozone-ozone-manager/0.5.0-SNAPSHOT/hadoop-ozone-ozone-manager-0.5.0-SNAPSHOT.jar:/home/user/.m2/repository/org/apache/hadoop/hadoop-minikdc/3.2.0/hadoop-minikdc-3.2.0.jar:/home/user/.m2/repository/commons-io/commons-io/2.5/commons-io-2.5.jar:/home/user/.m2/repository/org/apache/kerby/kerb-simplekdc/1.0.1/kerb-simplekdc-1.0.1.jar:/home/user/.m2/repository/org/apache/kerby/kerb-client/1.0.1/kerb-client-1.0.1.jar:/home/user/.m2/repository/org/apache/kerby/kerby-config/1.0.1/kerby-config-1.0.1.jar:/home/user/.m2/repository/org/apache/kerby/kerb-core/1.0.1/kerb-core-1.0.1.jar:/home/user/.m2/repository/org/apache/kerby/kerby-pkix/1.0.1/kerby-pkix-1.0.1.jar:/home/user/.m2/repository/org/apache/kerby/kerby-asn1/1.0.1/kerby-asn1-1.0.1.jar:/home/user/.m2/repository/org/apache/kerby/kerby-util/1.0.1/kerby-util-1.0.1.jar:/home/user/.m2/repository/org/apache/kerby/kerb-common/1.0.1/kerb-common-1.0.1.jar:/home/user/.m2/repository/org/apache/kerby/kerb-crypto/1.0.1/kerb-crypto-1.0.1.jar:/home/user/.m2/repository/org/apache/kerby/kerb-util/1.0.1/kerb-util-1.0.1.jar:/home/user/.m2/repository/org/apache/kerby/token-provider/1.0.1/token-provider-1.0.1.jar:/home/user/.m2/repository/org/apache/kerby/kerb-admin/1.0.1/kerb-admin-1.0.1.jar:/home/user/.m2/repository/org/apache/kerby/kerb-server/1.0.1/kerb-server-1.0.1.jar:/home/user/.m2/repository/org/apache/kerby/kerb-identity/1.0.1/kerb-identity-1.0.1.jar:/home/user/.m2/repository/org/apache/kerby/kerby-xdr/1.0.1/kerby-xdr-1.0.1.jar:/home/user/.m2/repository/org/slf4j/slf4j-log4j12/1.7.25/slf4j-log4j12-1.7.25.jar:/home/user/.m2/repository/org/apache/hadoop/hadoop-ozone-s3gateway/0.5.0-SNAPSHOT/hadoop-ozone-s3gateway-0.5.0-SNAPSHOT.jar:/home/user/.m2/repository/org/jboss/weld/servlet/weld-servlet/2.4.7.Final/weld-servlet-2.4.7.Final.jar:/home/user/.m2/repository/org/glassfish/jersey/containers/jersey-container-servlet-core/2.27/jersey-container-servlet-core-2.27.jar:/home/user/.m2/repository/org/glassfish/hk2/external/javax.inject/2.5.0-b42/javax.inject-2.5.0-b42.jar:/home/user/.m2/repository/org/glassfish/jersey/core/jersey-common/2.27/jersey-common-2.27.jar:/home/user/.m2/repository/org/glassfish/hk2/osgi-resource-locator/1.0.1/osgi-resource-locator-1.0.1.jar:/home/user/.m2/repository/javax/ws/rs/javax.ws.rs-api/2.1/javax.ws.rs-api-2.1.jar:/home/user/.m2/repository/org/glassfish/jersey/ext/cdi/jersey-cdi1x/2.27/jersey-cdi1x-2.27.jar:/home/user/.m2/repository/org/glassfish/jersey/inject/jersey-hk2/2.27/jersey-hk2-2.27.jar:/home/user/.m2/repository/org/glassfish/hk2/hk2-locator/2.5.0-b42/hk2-locator-2.5.0-b42.jar:/home/user/.m2/repository/org/javassist/javassist/3.22.0-CR2/javassist-3.22.0-CR2.jar:/home/user/.m2/repository/org/glassfish/hk2/hk2-api/2.5.0/hk2-api-2.5.0.jar:/home/user/.m2/repository/org/glassfish/hk2/external/jakarta.inject/2.5.0/jakarta.inject-2.5.0.jar:/home/user/.m2/repository/org/glassfish/hk2/hk2-utils/2.5.0/hk2-utils-2.5.0.jar:/home/user/.m2/repository/jakarta/annotation/jakarta.annotation-api/1.3.4/jakarta.annotation-api-1.3.4.jar:/home/user/.m2/repository/org/glassfish/hk2/external/aopalliance-repackaged/2.5.0/aopalliance-repackaged-2.5.0.jar:/home/user/.m2/repository/com/fasterxml/jackson/dataformat/jackson-dataformat-xml/2.9.0/jackson-dataformat-xml-2.9.0.jar:/home/user/.m2/repository/com/fasterxml/jackson/core/jackson-core/2.9.9/jackson-core-2.9.9.jar:/home/user/.m2/repository/com/fasterxml/jackson/module/jackson-module-jaxb-annotations/2.9.9/jackson-module-jaxb-annotations-2.9.9.jar:/home/user/.m2/repository/javax/enterprise/cdi-api/1.2/cdi-api-1.2.jar:/home/user/.m2/repository/javax/el/javax.el-api/3.0.0/javax.el-api-3.0.0.jar:/home/user/.m2/repository/javax/interceptor/javax.interceptor-api/1.2/javax.interceptor-api-1.2.jar:/home/user/.m2/repository/javax/inject/javax.inject/1/javax.inject-1.jar:/home/user/.m2/repository/com/sun/xml/bind/jaxb-impl/2.3.0.1/jaxb-impl-2.3.0.1.jar:/home/user/.m2/repository/com/sun/xml/bind/jaxb-core/2.3.0.1/jaxb-core-2.3.0.1.jar:/home/user/.m2/repository/javax/xml/bind/jaxb-api/2.3.0/jaxb-api-2.3.0.jar:/home/user/.m2/repository/javax/activation/activation/1.1.1/activation-1.1.1.jar:/home/user/.m2/repository/org/apache/hadoop/hadoop-ozone-csi/0.5.0-SNAPSHOT/hadoop-ozone-csi-0.5.0-SNAPSHOT.jar:/home/user/.m2/repository/com/google/protobuf/protobuf-java-util/3.5.1/protobuf-java-util-3.5.1.jar:/home/user/.m2/repository/org/apache/hadoop/hadoop-hdds-config/0.5.0-SNAPSHOT/hadoop-hdds-config-0.5.0-SNAPSHOT.jar:/home/user/.m2/repository/io/grpc/grpc-netty/1.17.1/grpc-netty-1.17.1.jar:/home/user/.m2/repository/io/grpc/grpc-core/1.17.1/grpc-core-1.17.1.jar:/home/user/.m2/repository/io/grpc/grpc-context/1.17.1/grpc-context-1.17.1.jar:/home/user/.m2/repository/com/google/errorprone/error_prone_annotations/2.2.0/error_prone_annotations-2.2.0.jar:/home/user/.m2/repository/org/codehaus/mojo/animal-sniffer-annotations/1.17/animal-sniffer-annotations-1.17.jar:/home/user/.m2/repository/io/opencensus/opencensus-api/0.17.0/opencensus-api-0.17.0.jar:/home/user/.m2/repository/io/opencensus/opencensus-contrib-grpc-metrics/0.17.0/opencensus-contrib-grpc-metrics-0.17.0.jar:/home/user/.m2/repository/io/netty/netty-codec-http2/4.1.30.Final/netty-codec-http2-4.1.30.Final.jar:/home/user/.m2/repository/io/netty/netty-codec-http/4.1.30.Final/netty-codec-http-4.1.30.Final.jar:/home/user/.m2/repository/io/netty/netty-codec/4.1.30.Final/netty-codec-4.1.30.Final.jar:/home/user/.m2/repository/io/netty/netty-handler/4.1.30.Final/netty-handler-4.1.30.Final.jar:/home/user/.m2/repository/io/netty/netty-handler-proxy/4.1.30.Final/netty-handler-proxy-4.1.30.Final.jar:/home/user/.m2/repository/io/netty/netty-codec-socks/4.1.30.Final/netty-codec-socks-4.1.30.Final.jar:/home/user/.m2/repository/io/netty/netty-transport-native-epoll/4.1.30.Final/netty-transport-native-epoll-4.1.30.Final.jar:/home/user/.m2/repository/io/netty/netty-common/4.1.30.Final/netty-common-4.1.30.Final.jar:/home/user/.m2/repository/io/netty/netty-buffer/4.1.30.Final/netty-buffer-4.1.30.Final.jar:/home/user/.m2/repository/io/netty/netty-transport/4.1.30.Final/netty-transport-4.1.30.Final.jar:/home/user/.m2/repository/io/netty/netty-resolver/4.1.30.Final/netty-resolver-4.1.30.Final.jar:/home/user/.m2/repository/io/netty/netty-transport-native-unix-common/4.1.30.Final/netty-transport-native-unix-common-4.1.30.Final.jar:/home/user/.m2/repository/io/grpc/grpc-protobuf/1.17.1/grpc-protobuf-1.17.1.jar:/home/user/.m2/repository/com/google/api/grpc/proto-google-common-protos/1.0.0/proto-google-common-protos-1.0.0.jar:/home/user/.m2/repository/io/grpc/grpc-protobuf-lite/1.17.1/grpc-protobuf-lite-1.17.1.jar:/home/user/.m2/repository/io/grpc/grpc-stub/1.17.1/grpc-stub-1.17.1.jar:/home/user/.m2/repository/org/apache/hadoop/hadoop-ozone-recon/0.5.0-SNAPSHOT/hadoop-ozone-recon-0.5.0-SNAPSHOT.jar:/home/user/.m2/repository/org/apache/hadoop/hadoop-ozone-reconcodegen/0.5.0-SNAPSHOT/hadoop-ozone-reconcodegen-0.5.0-SNAPSHOT.jar:/home/user/.m2/repository/com/google/inject/extensions/guice-multibindings/4.0/guice-multibindings-4.0.jar:/home/user/.m2/repository/com/google/inject/guice/4.0/guice-4.0.jar:/home/user/.m2/repository/aopalliance/aopalliance/1.0/aopalliance-1.0.jar:/home/user/.m2/repository/com/google/inject/extensions/guice-servlet/4.0/guice-servlet-4.0.jar:/home/user/.m2/repository/org/glassfish/jersey/containers/jersey-container-servlet/2.27/jersey-container-servlet-2.27.jar:/home/user/.m2/repository/org/glassfish/hk2/guice-bridge/2.5.0/guice-bridge-2.5.0.jar:/home/user/.m2/repository/org/glassfish/jersey/core/jersey-server/2.27/jersey-server-2.27.jar:/home/user/.m2/repository/org/glassfish/jersey/core/jersey-client/2.27/jersey-client-2.27.jar:/home/user/.m2/repository/org/glassfish/jersey/media/jersey-media-jaxb/2.27/jersey-media-jaxb-2.27.jar:/home/user/.m2/repository/javax/validation/validation-api/1.1.0.Final/validation-api-1.1.0.Final.jar:/home/user/.m2/repository/org/glassfish/jersey/media/jersey-media-json-jackson/2.27/jersey-media-json-jackson-2.27.jar:/home/user/.m2/repository/org/glassfish/jersey/ext/jersey-entity-filtering/2.27/jersey-entity-filtering-2.27.jar:/home/user/.m2/repository/com/google/inject/extensions/guice-assistedinject/4.0/guice-assistedinject-4.0.jar:/home/user/.m2/repository/org/jooq/jooq/3.11.10/jooq-3.11.10.jar:/home/user/.m2/repository/org/jooq/jooq-meta/3.11.10/jooq-meta-3.11.10.jar:/home/user/.m2/repository/org/jooq/jooq-codegen/3.11.10/jooq-codegen-3.11.10.jar:/home/user/.m2/repository/com/jolbox/bonecp/0.8.0.RELEASE/bonecp-0.8.0.RELEASE.jar:/home/user/.m2/repository/org/xerial/sqlite-jdbc/3.25.2/sqlite-jdbc-3.25.2.jar:/home/user/.m2/repository/org/springframework/spring-jdbc/5.1.3.RELEASE/spring-jdbc-5.1.3.RELEASE.jar:/home/user/.m2/repository/org/springframework/spring-beans/5.1.3.RELEASE/spring-beans-5.1.3.RELEASE.jar:/home/user/.m2/repository/org/springframework/spring-core/5.1.3.RELEASE/spring-core-5.1.3.RELEASE.jar:/home/user/.m2/repository/org/springframework/spring-jcl/5.1.3.RELEASE/spring-jcl-5.1.3.RELEASE.jar:/home/user/.m2/repository/org/springframework/spring-tx/5.1.3.RELEASE/spring-tx-5.1.3.RELEASE.jar:/home/user/.m2/repository/org/apache/hadoop/hadoop-ozone-client/0.5.0-SNAPSHOT/hadoop-ozone-client-0.5.0-SNAPSHOT.jar:/home/user/.m2/repository/commons-lang/commons-lang/2.6/commons-lang-2.6.jar:/home/user/.m2/repository/org/apache/hadoop/hadoop-ozone-ozone-manager/0.5.0-SNAPSHOT/hadoop-ozone-ozone-manager-0.5.0-SNAPSHOT-tests.jar:/home/user/.m2/repository/junit/junit/4.11/junit-4.11.jar:/home/user/.m2/repository/org/hamcrest/hamcrest-core/1.3/hamcrest-core-1.3.jar:/home/user/.m2/repository/org/openjdk/jmh/jmh-core/1.19/jmh-core-1.19.jar:/home/user/.m2/repository/net/sf/jopt-simple/jopt-simple/4.6/jopt-simple-4.6.jar:/home/user/.m2/repository/org/apache/commons/commons-math3/3.1.1/commons-math3-3.1.1.jar:/home/user/.m2/repository/org/openjdk/jmh/jmh-generator-annprocess/1.19/jmh-generator-annprocess-1.19.jar:/home/user/.m2/repository/org/mockito/mockito-all/1.8.5/mockito-all-1.8.5.jar:/home/user/.m2/repository/org/apache/hadoop/hadoop-kms/3.2.0/hadoop-kms-3.2.0.jar:/home/user/.m2/repository/org/apache/hadoop/hadoop-auth/3.2.0/hadoop-auth-3.2.0.jar:/home/user/.m2/repository/com/nimbusds/nimbus-jose-jwt/4.41.1/nimbus-jose-jwt-4.41.1.jar:/home/user/.m2/repository/com/github/stephenc/jcip/jcip-annotations/1.0-1/jcip-annotations-1.0-1.jar:/home/user/.m2/repository/net/minidev/json-smart/2.3/json-smart-2.3.jar:/home/user/.m2/repository/net/minidev/accessors-smart/1.2/accessors-smart-1.2.jar:/home/user/.m2/repository/org/ow2/asm/asm/5.0.4/asm-5.0.4.jar:/home/user/.m2/repository/org/apache/curator/curator-framework/2.12.0/curator-framework-2.12.0.jar:/home/user/.m2/repository/com/sun/jersey/jersey-core/1.19/jersey-core-1.19.jar:/home/user/.m2/repository/javax/ws/rs/jsr311-api/1.1.1/jsr311-api-1.1.1.jar:/home/user/.m2/repository/com/sun/jersey/jersey-server/1.19/jersey-server-1.19.jar:/home/user/.m2/repository/javax/servlet/javax.servlet-api/3.1.0/javax.servlet-api-3.1.0.jar:/home/user/.m2/repository/org/eclipse/jetty/jetty-server/9.3.25.v20180904/jetty-server-9.3.25.v20180904.jar:/home/user/.m2/repository/org/eclipse/jetty/jetty-http/9.3.25.v20180904/jetty-http-9.3.25.v20180904.jar:/home/user/.m2/repository/org/eclipse/jetty/jetty-io/9.3.25.v20180904/jetty-io-9.3.25.v20180904.jar:/home/user/.m2/repository/org/eclipse/jetty/jetty-webapp/9.3.25.v20180904/jetty-webapp-9.3.25.v20180904.jar:/home/user/.m2/repository/org/eclipse/jetty/jetty-xml/9.3.25.v20180904/jetty-xml-9.3.25.v20180904.jar:/home/user/.m2/repository/log4j/log4j/1.2.17/log4j-1.2.17.jar:/home/user/.m2/repository/org/slf4j/slf4j-api/1.7.25/slf4j-api-1.7.25.jar:/home/user/.m2/repository/org/slf4j/jul-to-slf4j/1.7.25/jul-to-slf4j-1.7.25.jar:/home/user/.m2/repository/org/eclipse/jetty/jetty-util/9.3.25.v20180904/jetty-util-9.3.25.v20180904.jar:/home/user/.m2/repository/com/fasterxml/jackson/core/jackson-databind/2.9.9/jackson-databind-2.9.9.jar:/home/user/.m2/repository/org/apache/hadoop/hadoop-kms/3.2.0/hadoop-kms-3.2.0-tests.jar:/home/user/.m2/repository/org/apache/hadoop/hadoop-hdds-server-scm/0.5.0-SNAPSHOT/hadoop-hdds-server-scm-0.5.0-SNAPSHOT-tests.jar:/home/user/.m2/repository/org/apache/hadoop/hadoop-hdds-container-service/0.5.0-SNAPSHOT/hadoop-hdds-container-service-0.5.0-SNAPSHOT-tests.jar:/home/user/.m2/repository/org/yaml/snakeyaml/1.16/snakeyaml-1.16.jar:/home/user/.m2/repository/org/apache/hadoop/hadoop-common/3.2.0/hadoop-common-3.2.0-tests.jar:/home/user/.m2/repository/org/apache/hadoop/hadoop-annotations/3.2.0/hadoop-annotations-3.2.0.jar:/usr/lib/jvm/java-1.8-openjdk/jre/../lib/tools.jar:/home/user/.m2/repository/commons-cli/commons-cli/1.2/commons-cli-1.2.jar:/home/user/.m2/repository/org/apache/httpcomponents/httpclient/4.5.2/httpclient-4.5.2.jar:/home/user/.m2/repository/org/apache/httpcomponents/httpcore/4.4.4/httpcore-4.4.4.jar:/home/user/.m2/repository/commons-codec/commons-codec/1.11/commons-codec-1.11.jar:/home/user/.m2/repository/commons-net/commons-net/3.6/commons-net-3.6.jar:/home/user/.m2/repository/commons-collections/commons-collections/3.2.2/commons-collections-3.2.2.jar:/home/user/.m2/repository/org/eclipse/jetty/jetty-servlet/9.3.25.v20180904/jetty-servlet-9.3.25.v20180904.jar:/home/user/.m2/repository/org/eclipse/jetty/jetty-security/9.3.25.v20180904/jetty-security-9.3.25.v20180904.jar:/home/user/.m2/repository/javax/servlet/jsp/jsp-api/2.1/jsp-api-2.1.jar:/home/user/.m2/repository/com/sun/jersey/jersey-servlet/1.19/jersey-servlet-1.19.jar:/home/user/.m2/repository/com/sun/jersey/jersey-json/1.19/jersey-json-1.19.jar:/home/user/.m2/repository/org/codehaus/jettison/jettison/1.1/jettison-1.1.jar:/home/user/.m2/repository/org/codehaus/jackson/jackson-core-asl/1.9.13/jackson-core-asl-1.9.13.jar:/home/user/.m2/repository/org/codehaus/jackson/jackson-mapper-asl/1.9.13/jackson-mapper-asl-1.9.13.jar:/home/user/.m2/repository/org/codehaus/jackson/jackson-jaxrs/1.9.13/jackson-jaxrs-1.9.13.jar:/home/user/.m2/repository/org/codehaus/jackson/jackson-xc/1.9.13/jackson-xc-1.9.13.jar:/home/user/.m2/repository/commons-logging/commons-logging/1.1.3/commons-logging-1.1.3.jar:/home/user/.m2/repository/commons-beanutils/commons-beanutils/1.9.4/commons-beanutils-1.9.4.jar:/home/user/.m2/repository/org/apache/commons/commons-configuration2/2.1.1/commons-configuration2-2.1.1.jar:/home/user/.m2/repository/org/apache/commons/commons-lang3/3.7/commons-lang3-3.7.jar:/home/user/.m2/repository/org/apache/commons/commons-text/1.4/commons-text-1.4.jar:/home/user/.m2/repository/org/apache/avro/avro/1.7.7/avro-1.7.7.jar:/home/user/.m2/repository/com/thoughtworks/paranamer/paranamer/2.3/paranamer-2.3.jar:/home/user/.m2/repository/org/xerial/snappy/snappy-java/1.0.5/snappy-java-1.0.5.jar:/home/user/.m2/repository/com/google/re2j/re2j/1.1/re2j-1.1.jar:/home/user/.m2/repository/com/google/code/gson/gson/2.2.4/gson-2.2.4.jar:/home/user/.m2/repository/com/jcraft/jsch/0.1.54/jsch-0.1.54.jar:/home/user/.m2/repository/org/apache/curator/curator-client/2.12.0/curator-client-2.12.0.jar:/home/user/.m2/repository/org/apache/curator/curator-recipes/2.12.0/curator-recipes-2.12.0.jar:/home/user/.m2/repository/com/google/code/findbugs/jsr305/3.0.0/jsr305-3.0.0.jar:/home/user/.m2/repository/org/apache/htrace/htrace-core4/4.1.0-incubating/htrace-core4-4.1.0-incubating.jar:/home/user/.m2/repository/org/apache/zookeeper/zookeeper/3.4.13/zookeeper-3.4.13.jar:/home/user/.m2/repository/jline/jline/0.9.94/jline-0.9.94.jar:/home/user/.m2/repository/org/apache/yetus/audience-annotations/0.5.0/audience-annotations-0.5.0.jar:/home/user/.m2/repository/org/codehaus/woodstox/stax2-api/3.1.4/stax2-api-3.1.4.jar:/home/user/.m2/repository/com/fasterxml/woodstox/woodstox-core/5.0.3/woodstox-core-5.0.3.jar:/home/user/.m2/repository/dnsjava/dnsjava/2.1.7/dnsjava-2.1.7.jar:/home/user/.m2/repository/org/apache/hadoop/hadoop-hdfs/3.2.0/hadoop-hdfs-3.2.0-tests.jar:/home/user/.m2/repository/org/eclipse/jetty/jetty-util-ajax/9.3.25.v20180904/jetty-util-ajax-9.3.25.v20180904.jar:/home/user/.m2/repository/commons-daemon/commons-daemon/1.0.13/commons-daemon-1.0.13.jar:/home/user/.m2/repository/io/netty/netty/3.10.5.Final/netty-3.10.5.Final.jar:/home/user/.m2/repository/io/netty/netty-all/4.0.52.Final/netty-all-4.0.52.Final.jar:/home/user/.m2/repository/org/fusesource/leveldbjni/leveldbjni-all/1.8/leveldbjni-all-1.8.jar:"/>
    <property name="sun.cpu.endian" value="little"/>
    <property name="user.home" value="/home/user"/>
    <property name="user.language" value="en"/>
    <property name="java.specification.vendor" value="Oracle Corporation"/>
    <property name="java.home" value="/usr/lib/jvm/java-1.8-openjdk/jre"/>
    <property name="java.security.krb5.conf" value="/workdir/hadoop-ozone/integration-test/target/test-classes/krb5.conf"/>
    <property name="basedir" value="/workdir/hadoop-ozone/integration-test"/>
    <property name="file.separator" value="/"/>
    <property name="line.separator" value="&#10;"/>
    <property name="java.vm.specification.vendor" value="Oracle Corporation"/>
    <property name="java.specification.name" value="Java Platform API Specification"/>
    <property name="java.awt.graphicsenv" value="sun.awt.X11GraphicsEnvironment"/>
    <property name="surefire.real.class.path" value="/workdir/hadoop-ozone/integration-test/target/surefire/surefirebooter4515247237163600010.jar"/>
    <property name="hadoop.log.dir" value="/workdir/hadoop-ozone/integration-test/target/log"/>
    <property name="sun.boot.class.path" value="/usr/lib/jvm/java-1.8-openjdk/jre/lib/resources.jar:/usr/lib/jvm/java-1.8-openjdk/jre/lib/rt.jar:/usr/lib/jvm/java-1.8-openjdk/jre/lib/sunrsasign.jar:/usr/lib/jvm/java-1.8-openjdk/jre/lib/jsse.jar:/usr/lib/jvm/java-1.8-openjdk/jre/lib/jce.jar:/usr/lib/jvm/java-1.8-openjdk/jre/lib/charsets.jar:/usr/lib/jvm/java-1.8-openjdk/jre/lib/jfr.jar:/usr/lib/jvm/java-1.8-openjdk/jre/classes"/>
    <property name="sun.management.compiler" value="HotSpot 64-Bit Tiered Compilers"/>
    <property name="java.runtime.version" value="1.8.0_212-b04"/>
    <property name="java.net.preferIPv4Stack" value="true"/>
    <property name="user.name" value="jenkins1000"/>
    <property name="path.separator" value=":"/>
    <property name="java.security.egd" value="file:///dev/urandom"/>
    <property name="os.version" value="3.10.0-957.12.2.el7.x86_64"/>
    <property name="java.endorsed.dirs" value="/usr/lib/jvm/java-1.8-openjdk/jre/lib/endorsed"/>
    <property name="java.runtime.name" value="OpenJDK Runtime Environment"/>
    <property name="file.encoding" value="UTF-8"/>
    <property name="java.vm.name" value="OpenJDK 64-Bit Server VM"/>
    <property name="test.build.webapps" value=""/>
    <property name="localRepository" value="/home/user/.m2/repository"/>
    <property name="java.vendor.url.bug" value="https://icedtea.classpath.org/bugzilla"/>
    <property name="java.io.tmpdir" value="/tmp"/>
    <property name="require.test.libhadoop" value=""/>
    <property name="java.version" value="1.8.0_212"/>
    <property name="user.dir" value="/workdir/hadoop-ozone/integration-test"/>
    <property name="os.arch" value="amd64"/>
    <property name="java.vm.specification.name" value="Java Virtual Machine Specification"/>
    <property name="test.build.classes" value="/workdir/hadoop-ozone/integration-test/target/test-classes"/>
    <property name="java.awt.printerjob" value="sun.print.PSPrinterJob"/>
    <property name="sun.os.patch.level" value="unknown"/>
    <property name="hadoop.tmp.dir" value="/workdir/hadoop-ozone/integration-test/target/tmp"/>
    <property name="java.library.path" value="/usr/lib/jvm/java-1.8-openjdk/jre/lib/amd64/server:/usr/lib/jvm/java-1.8-openjdk/jre/lib/amd64:/usr/lib/jvm/java-1.8-openjdk/jre/../lib/amd64:/workdir/hadoop-ozone/integration-test/target/native/target/usr/local/lib:/workdir/hadoop-ozone/integration-test/../../hadoop-common-project/hadoop-common/target/native/target/usr/local/lib:/usr/java/packages/lib/amd64:/usr/lib64:/lib64:/lib:/usr/lib"/>
    <property name="java.vm.info" value="mixed mode"/>
    <property name="java.vendor" value="IcedTea"/>
    <property name="java.vm.version" value="25.212-b04"/>
    <property name="java.ext.dirs" value="/usr/lib/jvm/java-1.8-openjdk/jre/lib/ext:/usr/java/packages/lib/ext"/>
    <property name="sun.io.unicode.encoding" value="UnicodeLittle"/>
    <property name="java.class.version" value="52.0"/>
  </properties>
  <testcase name="testPipelineExclusionWithPipelineFailure" classname="org.apache.hadoop.ozone.client.rpc.TestFailureHandlingByClient" time="142.744">
    <error message="Allocated 0 blocks. Requested 1 blocks" type="INTERNAL_ERROR org.apache.hadoop.ozone.om.exceptions.OMException">INTERNAL_ERROR org.apache.hadoop.ozone.om.exceptions.OMException: Allocated 0 blocks. Requested 1 blocks
	at org.apache.hadoop.ozone.om.protocolPB.OzoneManagerProtocolClientSideTranslatorPB.handleError(OzoneManagerProtocolClientSideTranslatorPB.java:732)
	at org.apache.hadoop.ozone.om.protocolPB.OzoneManagerProtocolClientSideTranslatorPB.allocateBlock(OzoneManagerProtocolClientSideTranslatorPB.java:764)
	at sun.reflect.NativeMethodAccessorImpl.invoke0(Native Method)
	at sun.reflect.NativeMethodAccessorImpl.invoke(NativeMethodAccessorImpl.java:62)
	at sun.reflect.DelegatingMethodAccessorImpl.invoke(DelegatingMethodAccessorImpl.java:43)
	at java.lang.reflect.Method.invoke(Method.java:498)
	at org.apache.hadoop.hdds.tracing.TraceAllMethod.invoke(TraceAllMethod.java:66)
	at com.sun.proxy.$Proxy36.allocateBlock(Unknown Source)
	at org.apache.hadoop.ozone.client.io.BlockOutputStreamEntryPool.allocateNewBlock(BlockOutputStreamEntryPool.java:248)
	at org.apache.hadoop.ozone.client.io.BlockOutputStreamEntryPool.allocateBlockIfNeeded(BlockOutputStreamEntryPool.java:296)
	at org.apache.hadoop.ozone.client.io.KeyOutputStream.handleWrite(KeyOutputStream.java:198)
	at org.apache.hadoop.ozone.client.io.KeyOutputStream.handleRetry(KeyOutputStream.java:375)
	at org.apache.hadoop.ozone.client.io.KeyOutputStream.handleException(KeyOutputStream.java:324)
	at org.apache.hadoop.ozone.client.io.KeyOutputStream.handleWrite(KeyOutputStream.java:228)
	at org.apache.hadoop.ozone.client.io.KeyOutputStream.write(KeyOutputStream.java:190)
	at org.apache.hadoop.ozone.client.io.OzoneOutputStream.write(OzoneOutputStream.java:49)
	at java.io.OutputStream.write(OutputStream.java:75)
	at org.apache.hadoop.ozone.client.rpc.TestFailureHandlingByClient.testPipelineExclusionWithPipelineFailure(TestFailureHandlingByClient.java:379)
	at sun.reflect.NativeMethodAccessorImpl.invoke0(Native Method)
	at sun.reflect.NativeMethodAccessorImpl.invoke(NativeMethodAccessorImpl.java:62)
	at sun.reflect.DelegatingMethodAccessorImpl.invoke(DelegatingMethodAccessorImpl.java:43)
	at java.lang.reflect.Method.invoke(Method.java:498)
	at org.junit.runners.model.FrameworkMethod$1.runReflectiveCall(FrameworkMethod.java:47)
	at org.junit.internal.runners.model.ReflectiveCallable.run(ReflectiveCallable.java:12)
	at org.junit.runners.model.FrameworkMethod.invokeExplosively(FrameworkMethod.java:44)
	at org.junit.internal.runners.statements.InvokeMethod.evaluate(InvokeMethod.java:17)
	at org.junit.internal.runners.statements.RunAfters.evaluate(RunAfters.java:27)
	at org.junit.runners.ParentRunner.runLeaf(ParentRunner.java:271)
	at org.junit.runners.BlockJUnit4ClassRunner.runChild(BlockJUnit4ClassRunner.java:70)
	at org.junit.runners.BlockJUnit4ClassRunner.runChild(BlockJUnit4ClassRunner.java:50)
	at org.junit.runners.ParentRunner$3.run(ParentRunner.java:238)
	at org.junit.runners.ParentRunner$1.schedule(ParentRunner.java:63)
	at org.junit.runners.ParentRunner.runChildren(ParentRunner.java:236)
	at org.junit.runners.ParentRunner.access$000(ParentRunner.java:53)
	at org.junit.runners.ParentRunner$2.evaluate(ParentRunner.java:229)
	at org.junit.runners.ParentRunner.run(ParentRunner.java:309)
	at org.apache.maven.surefire.junit4.JUnit4Provider.execute(JUnit4Provider.java:365)
	at org.apache.maven.surefire.junit4.JUnit4Provider.executeWithRerun(JUnit4Provider.java:273)
	at org.apache.maven.surefire.junit4.JUnit4Provider.executeTestSet(JUnit4Provider.java:238)
	at org.apache.maven.surefire.junit4.JUnit4Provider.invoke(JUnit4Provider.java:159)
	at org.apache.maven.surefire.booter.ForkedBooter.invokeProviderInSameClassLoader(ForkedBooter.java:384)
	at org.apache.maven.surefire.booter.ForkedBooter.runSuitesInProcess(ForkedBooter.java:345)
	at org.apache.maven.surefire.booter.ForkedBooter.execute(ForkedBooter.java:126)
	at org.apache.maven.surefire.booter.ForkedBooter.main(ForkedBooter.java:418)
</error>
    <system-out><![CDATA[2019-10-02 11:21:14,461 [main] WARN  server.ServerUtils (ServerUtils.java:getScmDbDir(145)) - ozone.scm.db.dirs is not configured. We recommend adding this setting. Falling back to ozone.metadata.dirs instead.
2019-10-02 11:21:14,600 [main] WARN  server.ServerUtils (ServerUtils.java:getScmDbDir(145)) - ozone.scm.db.dirs is not configured. We recommend adding this setting. Falling back to ozone.metadata.dirs instead.
2019-10-02 11:21:14,605 [main] WARN  server.ServerUtils (ServerUtils.java:getScmDbDir(145)) - ozone.scm.db.dirs is not configured. We recommend adding this setting. Falling back to ozone.metadata.dirs instead.
2019-10-02 11:21:14,629 [main] INFO  util.log (Log.java:initialized(192)) - Logging initialized @902ms
2019-10-02 11:21:14,765 [main] INFO  db.DBStoreBuilder (DBStoreBuilder.java:addTable(110)) - using custom profile for table: deletedBlocks
2019-10-02 11:21:14,765 [main] INFO  db.DBStoreBuilder (DBStoreBuilder.java:processTables(161)) - Using default column profile:DBProfile.DISK for Table:deletedBlocks
2019-10-02 11:21:14,766 [main] INFO  db.DBStoreBuilder (DBStoreBuilder.java:addTable(110)) - using custom profile for table: validCerts
2019-10-02 11:21:14,766 [main] INFO  db.DBStoreBuilder (DBStoreBuilder.java:processTables(161)) - Using default column profile:DBProfile.DISK for Table:validCerts
2019-10-02 11:21:14,767 [main] INFO  db.DBStoreBuilder (DBStoreBuilder.java:addTable(110)) - using custom profile for table: revokedCerts
2019-10-02 11:21:14,767 [main] INFO  db.DBStoreBuilder (DBStoreBuilder.java:processTables(161)) - Using default column profile:DBProfile.DISK for Table:revokedCerts
2019-10-02 11:21:14,787 [main] INFO  db.DBStoreBuilder (DBStoreBuilder.java:addTable(110)) - using custom profile for table: default
2019-10-02 11:21:14,787 [main] INFO  db.DBStoreBuilder (DBStoreBuilder.java:processTables(167)) - Using default column profile:DBProfile.DISK for Table:default
2019-10-02 11:21:14,789 [main] INFO  db.DBStoreBuilder (DBStoreBuilder.java:getDbProfile(198)) - Using default options. DBProfile.DISK
2019-10-02 11:21:18,905 [main] INFO  net.NodeSchemaLoader (NodeSchemaLoader.java:loadSchemaFromFile(125)) - Loading file from sun.misc.CompoundEnumeration@515c6049
2019-10-02 11:21:18,907 [main] INFO  net.NodeSchemaLoader (NodeSchemaLoader.java:loadSchema(171)) - Loading network topology layer schema file
2019-10-02 11:21:18,990 [main] INFO  node.SCMNodeManager (SCMNodeManager.java:<init>(117)) - Entering startup safe mode.
2019-10-02 11:21:19,061 [main] INFO  Configuration.deprecation (Configuration.java:logDeprecation(1394)) - hadoop.configured.node.mapping is deprecated. Instead, use net.topology.configured.node.mapping
2019-10-02 11:21:19,065 [main] INFO  algorithms.ContainerPlacementPolicyFactory (ContainerPlacementPolicyFactory.java:getPolicy(57)) - Create container placement policy of type org.apache.hadoop.hdds.scm.container.placement.algorithms.SCMContainerPlacementRandom
2019-10-02 11:21:19,078 [main] WARN  server.ServerUtils (ServerUtils.java:getScmDbDir(145)) - ozone.scm.db.dirs is not configured. We recommend adding this setting. Falling back to ozone.metadata.dirs instead.
2019-10-02 11:21:21,353 [main] INFO  pipeline.SCMPipelineManager (SCMPipelineManager.java:initializePipelineState(132)) - No pipeline exists in current db
2019-10-02 11:21:21,356 [main] WARN  server.ServerUtils (ServerUtils.java:getScmDbDir(145)) - ozone.scm.db.dirs is not configured. We recommend adding this setting. Falling back to ozone.metadata.dirs instead.
2019-10-02 11:21:23,529 [main] WARN  events.EventQueue (EventQueue.java:fireEvent(183)) - No event handler registered for event TypedEvent{payloadType=SafeModeStatus, name='SafeModeStatus'}
2019-10-02 11:21:23,883 [main] INFO  ipc.CallQueueManager (CallQueueManager.java:<init>(84)) - Using callQueue: class java.util.concurrent.LinkedBlockingQueue, queueCapacity: 2000, scheduler: class org.apache.hadoop.ipc.DefaultRpcScheduler, ipcBackoff: false.
2019-10-02 11:21:23,911 [Socket Reader #1 for port 46406] INFO  ipc.Server (Server.java:run(1074)) - Starting Socket Reader #1 for port 46406
2019-10-02 11:21:24,019 [main] INFO  ipc.CallQueueManager (CallQueueManager.java:<init>(84)) - Using callQueue: class java.util.concurrent.LinkedBlockingQueue, queueCapacity: 2000, scheduler: class org.apache.hadoop.ipc.DefaultRpcScheduler, ipcBackoff: false.
2019-10-02 11:21:24,020 [Socket Reader #1 for port 39534] INFO  ipc.Server (Server.java:run(1074)) - Starting Socket Reader #1 for port 39534
2019-10-02 11:21:24,028 [main] INFO  ipc.CallQueueManager (CallQueueManager.java:<init>(84)) - Using callQueue: class java.util.concurrent.LinkedBlockingQueue, queueCapacity: 2000, scheduler: class org.apache.hadoop.ipc.DefaultRpcScheduler, ipcBackoff: false.
2019-10-02 11:21:24,029 [Socket Reader #1 for port 37075] INFO  ipc.Server (Server.java:run(1074)) - Starting Socket Reader #1 for port 37075
2019-10-02 11:21:24,052 [main] INFO  hdfs.DFSUtil (DFSUtil.java:httpServerTemplateForNNAndJN(1641)) - Starting Web-server for scm at: http://0.0.0.0:0
2019-10-02 11:21:24,183 [main] INFO  server.AuthenticationFilter (AuthenticationFilter.java:constructSecretProvider(240)) - Unable to initialize FileSignerSecretProvider, falling back to use random secrets.
2019-10-02 11:21:24,190 [main] WARN  http.HttpRequestLog (HttpRequestLog.java:getRequestLog(97)) - Jetty request log can only be enabled using Log4j
2019-10-02 11:21:24,198 [main] INFO  http.HttpServer2 (HttpServer2.java:addGlobalFilter(975)) - Added global filter 'safety' (class=org.apache.hadoop.http.HttpServer2$QuotingInputFilter)
2019-10-02 11:21:24,201 [main] INFO  http.HttpServer2 (HttpServer2.java:addFilter(948)) - Added filter static_user_filter (class=org.apache.hadoop.http.lib.StaticUserWebFilter$StaticUserFilter) to context scm
2019-10-02 11:21:24,201 [main] INFO  http.HttpServer2 (HttpServer2.java:addFilter(958)) - Added filter static_user_filter (class=org.apache.hadoop.http.lib.StaticUserWebFilter$StaticUserFilter) to context logs
2019-10-02 11:21:24,201 [main] INFO  http.HttpServer2 (HttpServer2.java:addFilter(958)) - Added filter static_user_filter (class=org.apache.hadoop.http.lib.StaticUserWebFilter$StaticUserFilter) to context static
2019-10-02 11:21:24,229 [main] INFO  server.StorageContainerManager (StorageContainerManager.java:start(770)) - StorageContainerLocationProtocol RPC server is listening at /0.0.0.0:37075
2019-10-02 11:21:24,283 [main] WARN  impl.MetricsConfig (MetricsConfig.java:loadFirst(134)) - Cannot locate configuration: tried hadoop-metrics2-storagecontainermanager.properties,hadoop-metrics2.properties
2019-10-02 11:21:24,295 [main] INFO  impl.MetricsSystemImpl (MetricsSystemImpl.java:startTimer(374)) - Scheduled Metric snapshot period at 10 second(s).
2019-10-02 11:21:24,296 [main] INFO  impl.MetricsSystemImpl (MetricsSystemImpl.java:start(191)) - StorageContainerManager metrics system started
2019-10-02 11:21:24,505 [main] INFO  server.SCMClientProtocolServer (SCMClientProtocolServer.java:start(150)) - RPC server for Client  is listening at /0.0.0.0:37075
2019-10-02 11:21:24,506 [IPC Server listener on 37075] INFO  ipc.Server (Server.java:run(1153)) - IPC Server listener on 37075: starting
2019-10-02 11:21:24,506 [IPC Server Responder] INFO  ipc.Server (Server.java:run(1314)) - IPC Server Responder: starting
2019-10-02 11:21:24,509 [main] INFO  server.StorageContainerManager (StorageContainerManager.java:start(780)) - ScmBlockLocationProtocol RPC server is listening at /0.0.0.0:39534
2019-10-02 11:21:24,511 [main] INFO  server.SCMBlockProtocolServer (SCMBlockProtocolServer.java:start(148)) - RPC server for Block Protocol is listening at /0.0.0.0:39534
2019-10-02 11:21:24,511 [IPC Server Responder] INFO  ipc.Server (Server.java:run(1314)) - IPC Server Responder: starting
2019-10-02 11:21:24,512 [IPC Server listener on 39534] INFO  ipc.Server (Server.java:run(1153)) - IPC Server listener on 39534: starting
2019-10-02 11:21:24,516 [main] INFO  server.StorageContainerManager (StorageContainerManager.java:start(784)) - ScmDatanodeProtocl RPC server is listening at /0.0.0.0:46406
2019-10-02 11:21:24,516 [main] INFO  server.SCMDatanodeProtocolServer (SCMDatanodeProtocolServer.java:start(191)) - RPC server for DataNodes is listening at /0.0.0.0:46406
2019-10-02 11:21:24,517 [IPC Server listener on 46406] INFO  ipc.Server (Server.java:run(1153)) - IPC Server listener on 46406: starting
2019-10-02 11:21:24,517 [IPC Server Responder] INFO  ipc.Server (Server.java:run(1314)) - IPC Server Responder: starting
2019-10-02 11:21:24,521 [main] INFO  http.HttpServer2 (HttpServer2.java:bindListener(1191)) - Jetty bound to port 40287
2019-10-02 11:21:24,523 [main] INFO  server.Server (Server.java:doStart(351)) - jetty-9.3.25.v20180904, build timestamp: 2018-09-04T21:11:46Z, git hash: 3ce520221d0240229c862b122d2b06c12a625732
2019-10-02 11:21:24,559 [main] INFO  handler.ContextHandler (ContextHandler.java:doStart(781)) - Started o.e.j.s.ServletContextHandler@4fce136b{/logs,file:///workdir/hadoop-ozone/integration-test/target/log,AVAILABLE}
2019-10-02 11:21:24,560 [main] INFO  handler.ContextHandler (ContextHandler.java:doStart(781)) - Started o.e.j.s.ServletContextHandler@43b6123e{/static,file:///workdir/hadoop-ozone/integration-test/target/test-classes/webapps/static,AVAILABLE}
2019-10-02 11:21:28,805 [main] INFO  handler.ContextHandler (ContextHandler.java:doStart(781)) - Started o.e.j.w.WebAppContext@6db66836{/,file:///workdir/hadoop-ozone/integration-test/target/test-classes/webapps/scm/,AVAILABLE}{/scm}
2019-10-02 11:21:28,813 [main] INFO  server.AbstractConnector (AbstractConnector.java:doStart(278)) - Started ServerConnector@1ee4730{HTTP/1.1,[http/1.1]}{0.0.0.0:40287}
2019-10-02 11:21:28,813 [main] INFO  server.Server (Server.java:doStart(419)) - Started @15087ms
2019-10-02 11:21:28,816 [main] INFO  impl.MetricsSinkAdapter (MetricsSinkAdapter.java:start(204)) - Sink prometheus started
2019-10-02 11:21:28,816 [main] INFO  impl.MetricsSystemImpl (MetricsSystemImpl.java:registerSink(301)) - Registered sink prometheus
2019-10-02 11:21:28,817 [main] INFO  server.BaseHttpServer (BaseHttpServer.java:updateConnectorAddress(215)) - HTTP server of SCM is listening at http://0.0.0.0:40287
2019-10-02 11:21:28,824 [org.apache.hadoop.util.JvmPauseMonitor$Monitor@51f49060] INFO  util.JvmPauseMonitor (JvmPauseMonitor.java:run(188)) - Starting JVM pause monitor
2019-10-02 11:21:28,828 [main] WARN  server.ServerUtils (ServerUtils.java:getDBPath(222)) - ozone.om.db.dirs is not configured. We recommend adding this setting. Falling back to ozone.metadata.dirs instead.
2019-10-02 11:21:29,804 [main] WARN  server.ServerUtils (ServerUtils.java:getDBPath(222)) - ozone.om.db.dirs is not configured. We recommend adding this setting. Falling back to ozone.metadata.dirs instead.
2019-10-02 11:21:29,805 [main] WARN  server.ServerUtils (ServerUtils.java:getDBPath(222)) - ozone.om.db.dirs is not configured. We recommend adding this setting. Falling back to ozone.metadata.dirs instead.
2019-10-02 11:21:29,806 [main] INFO  om.OzoneManager (OzoneManager.java:setOMNodeDetails(652)) - OM Service ID is not set. Setting it to the default ID: omServiceIdDefault
2019-10-02 11:21:29,807 [main] INFO  om.OzoneManager (OzoneManager.java:setOMNodeDetails(658)) - OM Node ID is not set. Setting it to the OmStorage's OmID: 08a1a0d2-e257-47d6-9763-de46d2c657a8
2019-10-02 11:21:29,808 [main] INFO  om.OzoneManager (OzoneManager.java:loadOMHAConfigs(609)) - Found matching OM address with OMServiceId: null, OMNodeId: null, RPC Address: localhost:0 and Ratis port: 9872
2019-10-02 11:21:30,544 [main] WARN  server.ServerUtils (ServerUtils.java:getDBPath(222)) - ozone.om.db.dirs is not configured. We recommend adding this setting. Falling back to ozone.metadata.dirs instead.
2019-10-02 11:21:30,551 [main] INFO  db.DBStoreBuilder (DBStoreBuilder.java:addTable(110)) - using custom profile for table: userTable
2019-10-02 11:21:30,551 [main] INFO  db.DBStoreBuilder (DBStoreBuilder.java:processTables(161)) - Using default column profile:DBProfile.DISK for Table:userTable
2019-10-02 11:21:30,552 [main] INFO  db.DBStoreBuilder (DBStoreBuilder.java:addTable(110)) - using custom profile for table: volumeTable
2019-10-02 11:21:30,552 [main] INFO  db.DBStoreBuilder (DBStoreBuilder.java:processTables(161)) - Using default column profile:DBProfile.DISK for Table:volumeTable
2019-10-02 11:21:30,552 [main] INFO  db.DBStoreBuilder (DBStoreBuilder.java:addTable(110)) - using custom profile for table: bucketTable
2019-10-02 11:21:30,553 [main] INFO  db.DBStoreBuilder (DBStoreBuilder.java:processTables(161)) - Using default column profile:DBProfile.DISK for Table:bucketTable
2019-10-02 11:21:30,553 [main] INFO  db.DBStoreBuilder (DBStoreBuilder.java:addTable(110)) - using custom profile for table: keyTable
2019-10-02 11:21:30,553 [main] INFO  db.DBStoreBuilder (DBStoreBuilder.java:processTables(161)) - Using default column profile:DBProfile.DISK for Table:keyTable
2019-10-02 11:21:30,553 [main] INFO  db.DBStoreBuilder (DBStoreBuilder.java:addTable(110)) - using custom profile for table: deletedTable
2019-10-02 11:21:30,553 [main] INFO  db.DBStoreBuilder (DBStoreBuilder.java:processTables(161)) - Using default column profile:DBProfile.DISK for Table:deletedTable
2019-10-02 11:21:30,554 [main] INFO  db.DBStoreBuilder (DBStoreBuilder.java:addTable(110)) - using custom profile for table: openKeyTable
2019-10-02 11:21:30,554 [main] INFO  db.DBStoreBuilder (DBStoreBuilder.java:processTables(161)) - Using default column profile:DBProfile.DISK for Table:openKeyTable
2019-10-02 11:21:30,554 [main] INFO  db.DBStoreBuilder (DBStoreBuilder.java:addTable(110)) - using custom profile for table: s3Table
2019-10-02 11:21:30,554 [main] INFO  db.DBStoreBuilder (DBStoreBuilder.java:processTables(161)) - Using default column profile:DBProfile.DISK for Table:s3Table
2019-10-02 11:21:30,555 [main] INFO  db.DBStoreBuilder (DBStoreBuilder.java:addTable(110)) - using custom profile for table: multipartInfoTable
2019-10-02 11:21:30,555 [main] INFO  db.DBStoreBuilder (DBStoreBuilder.java:processTables(161)) - Using default column profile:DBProfile.DISK for Table:multipartInfoTable
2019-10-02 11:21:30,555 [main] INFO  db.DBStoreBuilder (DBStoreBuilder.java:addTable(110)) - using custom profile for table: dTokenTable
2019-10-02 11:21:30,555 [main] INFO  db.DBStoreBuilder (DBStoreBuilder.java:processTables(161)) - Using default column profile:DBProfile.DISK for Table:dTokenTable
2019-10-02 11:21:30,556 [main] INFO  db.DBStoreBuilder (DBStoreBuilder.java:addTable(110)) - using custom profile for table: s3SecretTable
2019-10-02 11:21:30,556 [main] INFO  db.DBStoreBuilder (DBStoreBuilder.java:processTables(161)) - Using default column profile:DBProfile.DISK for Table:s3SecretTable
2019-10-02 11:21:30,556 [main] INFO  db.DBStoreBuilder (DBStoreBuilder.java:addTable(110)) - using custom profile for table: prefixTable
2019-10-02 11:21:30,556 [main] INFO  db.DBStoreBuilder (DBStoreBuilder.java:processTables(161)) - Using default column profile:DBProfile.DISK for Table:prefixTable
2019-10-02 11:21:30,557 [main] INFO  db.DBStoreBuilder (DBStoreBuilder.java:addTable(110)) - using custom profile for table: default
2019-10-02 11:21:30,557 [main] INFO  db.DBStoreBuilder (DBStoreBuilder.java:processTables(167)) - Using default column profile:DBProfile.DISK for Table:default
2019-10-02 11:21:30,557 [main] INFO  db.DBStoreBuilder (DBStoreBuilder.java:getDbProfile(198)) - Using default options. DBProfile.DISK
2019-10-02 11:21:44,100 [main] INFO  ipc.CallQueueManager (CallQueueManager.java:<init>(84)) - Using callQueue: class java.util.concurrent.LinkedBlockingQueue, queueCapacity: 2000, scheduler: class org.apache.hadoop.ipc.DefaultRpcScheduler, ipcBackoff: false.
2019-10-02 11:21:44,102 [Socket Reader #1 for port 41260] INFO  ipc.Server (Server.java:run(1074)) - Starting Socket Reader #1 for port 41260
2019-10-02 11:21:44,132 [main] INFO  om.OzoneManager (OzoneManager.java:start(1243)) - OzoneManager RPC server is listening at localhost/127.0.0.1:41260
2019-10-02 11:21:44,132 [main] INFO  impl.MetricsSystemImpl (MetricsSystemImpl.java:init(158)) - OzoneManager metrics system started (again)
2019-10-02 11:21:44,134 [IPC Server Responder] INFO  ipc.Server (Server.java:run(1314)) - IPC Server Responder: starting
2019-10-02 11:21:44,134 [IPC Server listener on 41260] INFO  ipc.Server (Server.java:run(1153)) - IPC Server listener on 41260: starting
2019-10-02 11:21:44,142 [main] INFO  hdfs.DFSUtil (DFSUtil.java:httpServerTemplateForNNAndJN(1641)) - Starting Web-server for ozoneManager at: http://0.0.0.0:0
2019-10-02 11:21:44,149 [main] INFO  server.AuthenticationFilter (AuthenticationFilter.java:constructSecretProvider(240)) - Unable to initialize FileSignerSecretProvider, falling back to use random secrets.
2019-10-02 11:21:44,151 [main] WARN  http.HttpRequestLog (HttpRequestLog.java:getRequestLog(97)) - Jetty request log can only be enabled using Log4j
2019-10-02 11:21:44,156 [main] INFO  http.HttpServer2 (HttpServer2.java:addGlobalFilter(975)) - Added global filter 'safety' (class=org.apache.hadoop.http.HttpServer2$QuotingInputFilter)
2019-10-02 11:21:44,158 [main] INFO  http.HttpServer2 (HttpServer2.java:addFilter(948)) - Added filter static_user_filter (class=org.apache.hadoop.http.lib.StaticUserWebFilter$StaticUserFilter) to context ozoneManager
2019-10-02 11:21:44,158 [main] INFO  http.HttpServer2 (HttpServer2.java:addFilter(958)) - Added filter static_user_filter (class=org.apache.hadoop.http.lib.StaticUserWebFilter$StaticUserFilter) to context logs
2019-10-02 11:21:44,159 [main] INFO  http.HttpServer2 (HttpServer2.java:addFilter(958)) - Added filter static_user_filter (class=org.apache.hadoop.http.lib.StaticUserWebFilter$StaticUserFilter) to context static
2019-10-02 11:21:44,163 [main] INFO  http.HttpServer2 (HttpServer2.java:bindListener(1191)) - Jetty bound to port 39467
2019-10-02 11:21:44,163 [main] INFO  server.Server (Server.java:doStart(351)) - jetty-9.3.25.v20180904, build timestamp: 2018-09-04T21:11:46Z, git hash: 3ce520221d0240229c862b122d2b06c12a625732
2019-10-02 11:21:44,167 [main] INFO  handler.ContextHandler (ContextHandler.java:doStart(781)) - Started o.e.j.s.ServletContextHandler@963176{/logs,file:///workdir/hadoop-ozone/integration-test/target/log,AVAILABLE}
2019-10-02 11:21:44,168 [main] INFO  handler.ContextHandler (ContextHandler.java:doStart(781)) - Started o.e.j.s.ServletContextHandler@4cafa9aa{/static,file:///workdir/hadoop-ozone/integration-test/target/test-classes/webapps/static,AVAILABLE}
2019-10-02 11:21:44,175 [main] INFO  handler.ContextHandler (ContextHandler.java:doStart(781)) - Started o.e.j.w.WebAppContext@af78c87{/,file:///workdir/hadoop-ozone/integration-test/target/test-classes/webapps/ozoneManager/,AVAILABLE}{/ozoneManager}
2019-10-02 11:21:44,177 [main] INFO  server.AbstractConnector (AbstractConnector.java:doStart(278)) - Started ServerConnector@773dab28{HTTP/1.1,[http/1.1]}{0.0.0.0:39467}
2019-10-02 11:21:44,177 [main] INFO  server.Server (Server.java:doStart(419)) - Started @30451ms
2019-10-02 11:21:44,178 [main] WARN  impl.MetricsSystemImpl (MetricsSystemImpl.java:register(276)) - Sink prometheus already exists!
2019-10-02 11:21:44,178 [main] INFO  server.BaseHttpServer (BaseHttpServer.java:updateConnectorAddress(215)) - HTTP server of OZONEMANAGER is listening at http://0.0.0.0:39467
2019-10-02 11:21:44,510 [main] INFO  impl.MetricsSystemImpl (MetricsSystemImpl.java:init(158)) - HddsDatanode metrics system started (again)
2019-10-02 11:21:44,557 [main] INFO  ozone.HddsDatanodeService (HddsDatanodeService.java:start(184)) - HddsDatanodeService host:pr-hdds-2199-dnstouuidmap-nxzb2-26233584 ip:192.168.151.122
2019-10-02 11:21:44,588 [main] INFO  volume.HddsVolume (HddsVolume.java:<init>(176)) - Creating Volume: /workdir/hadoop-ozone/integration-test/target/test-dir/MiniOzoneClusterImpl-544d5193-f7b3-4e33-ac9d-9d27303d2a96/datanode-0/data/containers/hdds of  storage type : DISK and capacity : 1482555576320
2019-10-02 11:21:44,590 [main] INFO  volume.VolumeSet (VolumeSet.java:initializeVolumeSet(170)) - Added Volume : /workdir/hadoop-ozone/integration-test/target/test-dir/MiniOzoneClusterImpl-544d5193-f7b3-4e33-ac9d-9d27303d2a96/datanode-0/data/containers/hdds to VolumeSet
2019-10-02 11:21:44,593 [main] INFO  volume.ThrottledAsyncChecker (ThrottledAsyncChecker.java:schedule(139)) - Scheduling a check for org.apache.hadoop.ozone.container.common.volume.HddsVolume@6fd5717c
2019-10-02 11:21:44,609 [main] INFO  volume.HddsVolumeChecker (HddsVolumeChecker.java:checkAllVolumes(202)) - Scheduled health check for volume org.apache.hadoop.ozone.container.common.volume.HddsVolume@6fd5717c
2019-10-02 11:21:44,716 [main] INFO  impl.RaftServerProxy (ConfUtils.java:logGet(43)) - raft.rpc.type = GRPC (default)
2019-10-02 11:21:44,782 [main] INFO  grpc.GrpcFactory (GrpcFactory.java:checkPooledByteBufAllocatorUseCacheForAllThreads(45)) - PERFORMANCE WARNING: useCacheForAllThreads is true that may cause Netty to create a lot garbage objects and, as a result, trigger GC.
	It is recommended to disable useCacheForAllThreads by setting -Dorg.apache.ratis.thirdparty.io.netty.allocator.useCacheForAllThreads=false in command line.
2019-10-02 11:21:44,787 [main] INFO  grpc.GrpcConfigKeys$Server (ConfUtils.java:logGet(43)) - raft.grpc.server.port = 0 (default)
2019-10-02 11:21:44,788 [main] INFO  server.GrpcService (ConfUtils.java:logGet(43)) - raft.grpc.message.size.max = 33570816 (custom)
2019-10-02 11:21:44,789 [main] INFO  server.RaftServerConfigKeys (ConfUtils.java:logGet(43)) - raft.server.log.appender.buffer.byte-limit = 33554432 (custom)
2019-10-02 11:21:44,790 [main] INFO  server.GrpcService (ConfUtils.java:logGet(43)) - raft.grpc.flow.control.window = 1MB (=1048576) (default)
2019-10-02 11:21:44,791 [main] INFO  server.RaftServerConfigKeys (ConfUtils.java:logGet(43)) - raft.server.rpc.request.timeout = 3000ms (default)
2019-10-02 11:21:44,962 [main] INFO  server.RaftServerConfigKeys (ConfUtils.java:logGet(43)) - raft.server.storage.dir = [/workdir/hadoop-ozone/integration-test/target/test-dir/MiniOzoneClusterImpl-544d5193-f7b3-4e33-ac9d-9d27303d2a96/datanode-0/data/ratis] (custom)
2019-10-02 11:21:45,034 [main] INFO  hdfs.DFSUtil (DFSUtil.java:httpServerTemplateForNNAndJN(1641)) - Starting Web-server for hddsDatanode at: http://0.0.0.0:0
2019-10-02 11:21:45,035 [main] INFO  server.AuthenticationFilter (AuthenticationFilter.java:constructSecretProvider(240)) - Unable to initialize FileSignerSecretProvider, falling back to use random secrets.
2019-10-02 11:21:45,036 [main] WARN  http.HttpRequestLog (HttpRequestLog.java:getRequestLog(97)) - Jetty request log can only be enabled using Log4j
2019-10-02 11:21:45,038 [main] INFO  http.HttpServer2 (HttpServer2.java:addGlobalFilter(975)) - Added global filter 'safety' (class=org.apache.hadoop.http.HttpServer2$QuotingInputFilter)
2019-10-02 11:21:45,039 [main] INFO  http.HttpServer2 (HttpServer2.java:addFilter(948)) - Added filter static_user_filter (class=org.apache.hadoop.http.lib.StaticUserWebFilter$StaticUserFilter) to context hddsDatanode
2019-10-02 11:21:45,039 [main] INFO  http.HttpServer2 (HttpServer2.java:addFilter(958)) - Added filter static_user_filter (class=org.apache.hadoop.http.lib.StaticUserWebFilter$StaticUserFilter) to context logs
2019-10-02 11:21:45,040 [main] INFO  http.HttpServer2 (HttpServer2.java:addFilter(958)) - Added filter static_user_filter (class=org.apache.hadoop.http.lib.StaticUserWebFilter$StaticUserFilter) to context static
2019-10-02 11:21:45,041 [main] INFO  http.HttpServer2 (HttpServer2.java:bindListener(1191)) - Jetty bound to port 35594
2019-10-02 11:21:45,041 [main] INFO  server.Server (Server.java:doStart(351)) - jetty-9.3.25.v20180904, build timestamp: 2018-09-04T21:11:46Z, git hash: 3ce520221d0240229c862b122d2b06c12a625732
2019-10-02 11:21:45,045 [main] INFO  handler.ContextHandler (ContextHandler.java:doStart(781)) - Started o.e.j.s.ServletContextHandler@6069dd38{/logs,file:///workdir/hadoop-ozone/integration-test/target/log,AVAILABLE}
2019-10-02 11:21:45,046 [main] INFO  handler.ContextHandler (ContextHandler.java:doStart(781)) - Started o.e.j.s.ServletContextHandler@558756be{/static,jar:file:/home/user/.m2/repository/org/apache/hadoop/hadoop-hdds-container-service/0.5.0-SNAPSHOT/hadoop-hdds-container-service-0.5.0-SNAPSHOT.jar!/webapps/static,AVAILABLE}
2019-10-02 11:21:45,083 [main] INFO  handler.ContextHandler (ContextHandler.java:doStart(781)) - Started o.e.j.w.WebAppContext@43e9089{/,file:///tmp/jetty-0.0.0.0-35594-hddsDatanode-_-any-8565233537915954159.dir/webapp/,AVAILABLE}{/hddsDatanode}
2019-10-02 11:21:45,084 [main] INFO  server.AbstractConnector (AbstractConnector.java:doStart(278)) - Started ServerConnector@3c5dbdf8{HTTP/1.1,[http/1.1]}{0.0.0.0:35594}
2019-10-02 11:21:45,084 [main] INFO  server.Server (Server.java:doStart(419)) - Started @31358ms
2019-10-02 11:21:45,085 [main] WARN  impl.MetricsSystemImpl (MetricsSystemImpl.java:register(276)) - Sink prometheus already exists!
2019-10-02 11:21:45,085 [main] INFO  server.BaseHttpServer (BaseHttpServer.java:updateConnectorAddress(215)) - HTTP server of HDDSDATANODE is listening at http://0.0.0.0:35594
2019-10-02 11:21:45,086 [main] INFO  impl.MetricsSystemImpl (MetricsSystemImpl.java:init(158)) - HddsDatanode metrics system started (again)
2019-10-02 11:21:45,089 [main] INFO  ozone.HddsDatanodeService (HddsDatanodeService.java:start(184)) - HddsDatanodeService host:pr-hdds-2199-dnstouuidmap-nxzb2-26233584 ip:192.168.151.122
2019-10-02 11:21:45,094 [org.apache.hadoop.util.JvmPauseMonitor$Monitor@27d070c5] INFO  util.JvmPauseMonitor (JvmPauseMonitor.java:run(188)) - Starting JVM pause monitor
2019-10-02 11:21:45,097 [main] INFO  volume.HddsVolume (HddsVolume.java:<init>(176)) - Creating Volume: /workdir/hadoop-ozone/integration-test/target/test-dir/MiniOzoneClusterImpl-544d5193-f7b3-4e33-ac9d-9d27303d2a96/datanode-1/data/containers/hdds of  storage type : DISK and capacity : 1482555576320
2019-10-02 11:21:45,098 [main] INFO  volume.VolumeSet (VolumeSet.java:initializeVolumeSet(170)) - Added Volume : /workdir/hadoop-ozone/integration-test/target/test-dir/MiniOzoneClusterImpl-544d5193-f7b3-4e33-ac9d-9d27303d2a96/datanode-1/data/containers/hdds to VolumeSet
2019-10-02 11:21:45,098 [main] INFO  volume.ThrottledAsyncChecker (ThrottledAsyncChecker.java:schedule(139)) - Scheduling a check for org.apache.hadoop.ozone.container.common.volume.HddsVolume@68a4dcc6
2019-10-02 11:21:45,099 [main] INFO  volume.HddsVolumeChecker (HddsVolumeChecker.java:checkAllVolumes(202)) - Scheduled health check for volume org.apache.hadoop.ozone.container.common.volume.HddsVolume@68a4dcc6
2019-10-02 11:21:45,118 [main] INFO  impl.RaftServerProxy (ConfUtils.java:logGet(43)) - raft.rpc.type = GRPC (default)
2019-10-02 11:21:45,119 [main] INFO  grpc.GrpcFactory (GrpcFactory.java:checkPooledByteBufAllocatorUseCacheForAllThreads(45)) - PERFORMANCE WARNING: useCacheForAllThreads is true that may cause Netty to create a lot garbage objects and, as a result, trigger GC.
	It is recommended to disable useCacheForAllThreads by setting -Dorg.apache.ratis.thirdparty.io.netty.allocator.useCacheForAllThreads=false in command line.
2019-10-02 11:21:45,119 [main] INFO  grpc.GrpcConfigKeys$Server (ConfUtils.java:logGet(43)) - raft.grpc.server.port = 0 (default)
2019-10-02 11:21:45,120 [main] INFO  server.GrpcService (ConfUtils.java:logGet(43)) - raft.grpc.message.size.max = 33570816 (custom)
2019-10-02 11:21:45,120 [main] INFO  server.RaftServerConfigKeys (ConfUtils.java:logGet(43)) - raft.server.log.appender.buffer.byte-limit = 33554432 (custom)
2019-10-02 11:21:45,121 [main] INFO  server.GrpcService (ConfUtils.java:logGet(43)) - raft.grpc.flow.control.window = 1MB (=1048576) (default)
2019-10-02 11:21:45,121 [main] INFO  server.RaftServerConfigKeys (ConfUtils.java:logGet(43)) - raft.server.rpc.request.timeout = 3000ms (default)
2019-10-02 11:21:45,122 [main] INFO  server.RaftServerConfigKeys (ConfUtils.java:logGet(43)) - raft.server.storage.dir = [/workdir/hadoop-ozone/integration-test/target/test-dir/MiniOzoneClusterImpl-544d5193-f7b3-4e33-ac9d-9d27303d2a96/datanode-1/data/ratis] (custom)
2019-10-02 11:21:45,124 [main] INFO  hdfs.DFSUtil (DFSUtil.java:httpServerTemplateForNNAndJN(1641)) - Starting Web-server for hddsDatanode at: http://0.0.0.0:0
2019-10-02 11:21:45,126 [main] INFO  server.AuthenticationFilter (AuthenticationFilter.java:constructSecretProvider(240)) - Unable to initialize FileSignerSecretProvider, falling back to use random secrets.
2019-10-02 11:21:45,128 [main] WARN  http.HttpRequestLog (HttpRequestLog.java:getRequestLog(97)) - Jetty request log can only be enabled using Log4j
2019-10-02 11:21:45,130 [main] INFO  http.HttpServer2 (HttpServer2.java:addGlobalFilter(975)) - Added global filter 'safety' (class=org.apache.hadoop.http.HttpServer2$QuotingInputFilter)
2019-10-02 11:21:45,131 [main] INFO  http.HttpServer2 (HttpServer2.java:addFilter(948)) - Added filter static_user_filter (class=org.apache.hadoop.http.lib.StaticUserWebFilter$StaticUserFilter) to context hddsDatanode
2019-10-02 11:21:45,132 [main] INFO  http.HttpServer2 (HttpServer2.java:addFilter(958)) - Added filter static_user_filter (class=org.apache.hadoop.http.lib.StaticUserWebFilter$StaticUserFilter) to context logs
2019-10-02 11:21:45,132 [main] INFO  http.HttpServer2 (HttpServer2.java:addFilter(958)) - Added filter static_user_filter (class=org.apache.hadoop.http.lib.StaticUserWebFilter$StaticUserFilter) to context static
2019-10-02 11:21:45,133 [main] INFO  http.HttpServer2 (HttpServer2.java:bindListener(1191)) - Jetty bound to port 41053
2019-10-02 11:21:45,133 [main] INFO  server.Server (Server.java:doStart(351)) - jetty-9.3.25.v20180904, build timestamp: 2018-09-04T21:11:46Z, git hash: 3ce520221d0240229c862b122d2b06c12a625732
2019-10-02 11:21:45,136 [main] INFO  handler.ContextHandler (ContextHandler.java:doStart(781)) - Started o.e.j.s.ServletContextHandler@18d910b3{/logs,file:///workdir/hadoop-ozone/integration-test/target/log,AVAILABLE}
2019-10-02 11:21:45,136 [main] INFO  handler.ContextHandler (ContextHandler.java:doStart(781)) - Started o.e.j.s.ServletContextHandler@625d9132{/static,jar:file:/home/user/.m2/repository/org/apache/hadoop/hadoop-hdds-container-service/0.5.0-SNAPSHOT/hadoop-hdds-container-service-0.5.0-SNAPSHOT.jar!/webapps/static,AVAILABLE}
2019-10-02 11:21:45,186 [main] INFO  handler.ContextHandler (ContextHandler.java:doStart(781)) - Started o.e.j.w.WebAppContext@455c1d8c{/,file:///tmp/jetty-0.0.0.0-41053-hddsDatanode-_-any-2377407984517857352.dir/webapp/,AVAILABLE}{/hddsDatanode}
2019-10-02 11:21:45,188 [main] INFO  server.AbstractConnector (AbstractConnector.java:doStart(278)) - Started ServerConnector@a451491{HTTP/1.1,[http/1.1]}{0.0.0.0:41053}
2019-10-02 11:21:45,188 [main] INFO  server.Server (Server.java:doStart(419)) - Started @31462ms
2019-10-02 11:21:45,189 [main] WARN  impl.MetricsSystemImpl (MetricsSystemImpl.java:register(276)) - Sink prometheus already exists!
2019-10-02 11:21:45,190 [main] INFO  server.BaseHttpServer (BaseHttpServer.java:updateConnectorAddress(215)) - HTTP server of HDDSDATANODE is listening at http://0.0.0.0:41053
2019-10-02 11:21:45,190 [main] INFO  impl.MetricsSystemImpl (MetricsSystemImpl.java:init(158)) - HddsDatanode metrics system started (again)
2019-10-02 11:21:45,193 [org.apache.hadoop.util.JvmPauseMonitor$Monitor@6801ca99] INFO  util.JvmPauseMonitor (JvmPauseMonitor.java:run(188)) - Starting JVM pause monitor
2019-10-02 11:21:45,194 [main] INFO  ozone.HddsDatanodeService (HddsDatanodeService.java:start(184)) - HddsDatanodeService host:pr-hdds-2199-dnstouuidmap-nxzb2-26233584 ip:192.168.151.122
2019-10-02 11:21:45,201 [main] INFO  volume.HddsVolume (HddsVolume.java:<init>(176)) - Creating Volume: /workdir/hadoop-ozone/integration-test/target/test-dir/MiniOzoneClusterImpl-544d5193-f7b3-4e33-ac9d-9d27303d2a96/datanode-2/data/containers/hdds of  storage type : DISK and capacity : 1482555576320
2019-10-02 11:21:45,204 [main] INFO  volume.VolumeSet (VolumeSet.java:initializeVolumeSet(170)) - Added Volume : /workdir/hadoop-ozone/integration-test/target/test-dir/MiniOzoneClusterImpl-544d5193-f7b3-4e33-ac9d-9d27303d2a96/datanode-2/data/containers/hdds to VolumeSet
2019-10-02 11:21:45,204 [main] INFO  volume.ThrottledAsyncChecker (ThrottledAsyncChecker.java:schedule(139)) - Scheduling a check for org.apache.hadoop.ozone.container.common.volume.HddsVolume@6cff61fc
2019-10-02 11:21:45,205 [main] INFO  volume.HddsVolumeChecker (HddsVolumeChecker.java:checkAllVolumes(202)) - Scheduled health check for volume org.apache.hadoop.ozone.container.common.volume.HddsVolume@6cff61fc
2019-10-02 11:21:45,218 [main] INFO  impl.RaftServerProxy (ConfUtils.java:logGet(43)) - raft.rpc.type = GRPC (default)
2019-10-02 11:21:45,219 [main] INFO  grpc.GrpcFactory (GrpcFactory.java:checkPooledByteBufAllocatorUseCacheForAllThreads(45)) - PERFORMANCE WARNING: useCacheForAllThreads is true that may cause Netty to create a lot garbage objects and, as a result, trigger GC.
	It is recommended to disable useCacheForAllThreads by setting -Dorg.apache.ratis.thirdparty.io.netty.allocator.useCacheForAllThreads=false in command line.
2019-10-02 11:21:45,219 [Datanode State Machine Thread - 0] INFO  datanode.InitDatanodeState (InitDatanodeState.java:persistContainerDatanodeDetails(140)) - DatanodeDetails is persisted to /workdir/hadoop-ozone/integration-test/target/test-dir/MiniOzoneClusterImpl-544d5193-f7b3-4e33-ac9d-9d27303d2a96/datanode-0/meta/datanode.id
2019-10-02 11:21:45,219 [main] INFO  grpc.GrpcConfigKeys$Server (ConfUtils.java:logGet(43)) - raft.grpc.server.port = 0 (default)
2019-10-02 11:21:45,219 [main] INFO  server.GrpcService (ConfUtils.java:logGet(43)) - raft.grpc.message.size.max = 33570816 (custom)
2019-10-02 11:21:45,221 [main] INFO  server.RaftServerConfigKeys (ConfUtils.java:logGet(43)) - raft.server.log.appender.buffer.byte-limit = 33554432 (custom)
2019-10-02 11:21:45,222 [main] INFO  server.GrpcService (ConfUtils.java:logGet(43)) - raft.grpc.flow.control.window = 1MB (=1048576) (default)
2019-10-02 11:21:45,223 [main] INFO  server.RaftServerConfigKeys (ConfUtils.java:logGet(43)) - raft.server.rpc.request.timeout = 3000ms (default)
2019-10-02 11:21:45,223 [main] INFO  server.RaftServerConfigKeys (ConfUtils.java:logGet(43)) - raft.server.storage.dir = [/workdir/hadoop-ozone/integration-test/target/test-dir/MiniOzoneClusterImpl-544d5193-f7b3-4e33-ac9d-9d27303d2a96/datanode-2/data/ratis] (custom)
2019-10-02 11:21:45,223 [Datanode State Machine Thread - 0] INFO  datanode.InitDatanodeState (InitDatanodeState.java:persistContainerDatanodeDetails(140)) - DatanodeDetails is persisted to /workdir/hadoop-ozone/integration-test/target/test-dir/MiniOzoneClusterImpl-544d5193-f7b3-4e33-ac9d-9d27303d2a96/datanode-1/meta/datanode.id
2019-10-02 11:21:45,225 [main] INFO  hdfs.DFSUtil (DFSUtil.java:httpServerTemplateForNNAndJN(1641)) - Starting Web-server for hddsDatanode at: http://0.0.0.0:0
2019-10-02 11:21:45,227 [main] INFO  server.AuthenticationFilter (AuthenticationFilter.java:constructSecretProvider(240)) - Unable to initialize FileSignerSecretProvider, falling back to use random secrets.
2019-10-02 11:21:45,227 [main] WARN  http.HttpRequestLog (HttpRequestLog.java:getRequestLog(97)) - Jetty request log can only be enabled using Log4j
2019-10-02 11:21:45,229 [main] INFO  http.HttpServer2 (HttpServer2.java:addGlobalFilter(975)) - Added global filter 'safety' (class=org.apache.hadoop.http.HttpServer2$QuotingInputFilter)
2019-10-02 11:21:45,229 [main] INFO  http.HttpServer2 (HttpServer2.java:addFilter(948)) - Added filter static_user_filter (class=org.apache.hadoop.http.lib.StaticUserWebFilter$StaticUserFilter) to context hddsDatanode
2019-10-02 11:21:45,229 [main] INFO  http.HttpServer2 (HttpServer2.java:addFilter(958)) - Added filter static_user_filter (class=org.apache.hadoop.http.lib.StaticUserWebFilter$StaticUserFilter) to context logs
2019-10-02 11:21:45,230 [main] INFO  http.HttpServer2 (HttpServer2.java:addFilter(958)) - Added filter static_user_filter (class=org.apache.hadoop.http.lib.StaticUserWebFilter$StaticUserFilter) to context static
2019-10-02 11:21:45,230 [main] INFO  http.HttpServer2 (HttpServer2.java:bindListener(1191)) - Jetty bound to port 33257
2019-10-02 11:21:45,230 [main] INFO  server.Server (Server.java:doStart(351)) - jetty-9.3.25.v20180904, build timestamp: 2018-09-04T21:11:46Z, git hash: 3ce520221d0240229c862b122d2b06c12a625732
2019-10-02 11:21:45,236 [main] INFO  handler.ContextHandler (ContextHandler.java:doStart(781)) - Started o.e.j.s.ServletContextHandler@44536de4{/logs,file:///workdir/hadoop-ozone/integration-test/target/log,AVAILABLE}
2019-10-02 11:21:45,236 [main] INFO  handler.ContextHandler (ContextHandler.java:doStart(781)) - Started o.e.j.s.ServletContextHandler@4d95a72e{/static,jar:file:/home/user/.m2/repository/org/apache/hadoop/hadoop-hdds-container-service/0.5.0-SNAPSHOT/hadoop-hdds-container-service-0.5.0-SNAPSHOT.jar!/webapps/static,AVAILABLE}
2019-10-02 11:21:45,267 [main] INFO  handler.ContextHandler (ContextHandler.java:doStart(781)) - Started o.e.j.w.WebAppContext@fc807c1{/,file:///tmp/jetty-0.0.0.0-33257-hddsDatanode-_-any-1881416553435073896.dir/webapp/,AVAILABLE}{/hddsDatanode}
2019-10-02 11:21:45,269 [main] INFO  server.AbstractConnector (AbstractConnector.java:doStart(278)) - Started ServerConnector@296e281a{HTTP/1.1,[http/1.1]}{0.0.0.0:33257}
2019-10-02 11:21:45,269 [main] INFO  server.Server (Server.java:doStart(419)) - Started @31543ms
2019-10-02 11:21:45,269 [main] WARN  impl.MetricsSystemImpl (MetricsSystemImpl.java:register(276)) - Sink prometheus already exists!
2019-10-02 11:21:45,270 [main] INFO  server.BaseHttpServer (BaseHttpServer.java:updateConnectorAddress(215)) - HTTP server of HDDSDATANODE is listening at http://0.0.0.0:33257
2019-10-02 11:21:45,270 [main] INFO  impl.MetricsSystemImpl (MetricsSystemImpl.java:init(158)) - HddsDatanode metrics system started (again)
2019-10-02 11:21:45,273 [org.apache.hadoop.util.JvmPauseMonitor$Monitor@4c67160f] INFO  util.JvmPauseMonitor (JvmPauseMonitor.java:run(188)) - Starting JVM pause monitor
2019-10-02 11:21:45,273 [main] INFO  ozone.HddsDatanodeService (HddsDatanodeService.java:start(184)) - HddsDatanodeService host:pr-hdds-2199-dnstouuidmap-nxzb2-26233584 ip:192.168.151.122
2019-10-02 11:21:45,275 [Datanode State Machine Thread - 0] INFO  datanode.InitDatanodeState (InitDatanodeState.java:persistContainerDatanodeDetails(140)) - DatanodeDetails is persisted to /workdir/hadoop-ozone/integration-test/target/test-dir/MiniOzoneClusterImpl-544d5193-f7b3-4e33-ac9d-9d27303d2a96/datanode-2/meta/datanode.id
2019-10-02 11:21:45,280 [main] INFO  volume.HddsVolume (HddsVolume.java:<init>(176)) - Creating Volume: /workdir/hadoop-ozone/integration-test/target/test-dir/MiniOzoneClusterImpl-544d5193-f7b3-4e33-ac9d-9d27303d2a96/datanode-3/data/containers/hdds of  storage type : DISK and capacity : 1482555576320
2019-10-02 11:21:45,280 [main] INFO  volume.VolumeSet (VolumeSet.java:initializeVolumeSet(170)) - Added Volume : /workdir/hadoop-ozone/integration-test/target/test-dir/MiniOzoneClusterImpl-544d5193-f7b3-4e33-ac9d-9d27303d2a96/datanode-3/data/containers/hdds to VolumeSet
2019-10-02 11:21:45,280 [main] INFO  volume.ThrottledAsyncChecker (ThrottledAsyncChecker.java:schedule(139)) - Scheduling a check for org.apache.hadoop.ozone.container.common.volume.HddsVolume@36c2b646
2019-10-02 11:21:45,281 [main] INFO  volume.HddsVolumeChecker (HddsVolumeChecker.java:checkAllVolumes(202)) - Scheduled health check for volume org.apache.hadoop.ozone.container.common.volume.HddsVolume@36c2b646
2019-10-02 11:21:45,301 [main] INFO  impl.RaftServerProxy (ConfUtils.java:logGet(43)) - raft.rpc.type = GRPC (default)
2019-10-02 11:21:45,301 [main] INFO  grpc.GrpcFactory (GrpcFactory.java:checkPooledByteBufAllocatorUseCacheForAllThreads(45)) - PERFORMANCE WARNING: useCacheForAllThreads is true that may cause Netty to create a lot garbage objects and, as a result, trigger GC.
	It is recommended to disable useCacheForAllThreads by setting -Dorg.apache.ratis.thirdparty.io.netty.allocator.useCacheForAllThreads=false in command line.
2019-10-02 11:21:45,302 [main] INFO  grpc.GrpcConfigKeys$Server (ConfUtils.java:logGet(43)) - raft.grpc.server.port = 0 (default)
2019-10-02 11:21:45,302 [main] INFO  server.GrpcService (ConfUtils.java:logGet(43)) - raft.grpc.message.size.max = 33570816 (custom)
2019-10-02 11:21:45,302 [main] INFO  server.RaftServerConfigKeys (ConfUtils.java:logGet(43)) - raft.server.log.appender.buffer.byte-limit = 33554432 (custom)
2019-10-02 11:21:45,302 [main] INFO  server.GrpcService (ConfUtils.java:logGet(43)) - raft.grpc.flow.control.window = 1MB (=1048576) (default)
2019-10-02 11:21:45,302 [main] INFO  server.RaftServerConfigKeys (ConfUtils.java:logGet(43)) - raft.server.rpc.request.timeout = 3000ms (default)
2019-10-02 11:21:45,303 [main] INFO  server.RaftServerConfigKeys (ConfUtils.java:logGet(43)) - raft.server.storage.dir = [/workdir/hadoop-ozone/integration-test/target/test-dir/MiniOzoneClusterImpl-544d5193-f7b3-4e33-ac9d-9d27303d2a96/datanode-3/data/ratis] (custom)
2019-10-02 11:21:45,305 [main] INFO  hdfs.DFSUtil (DFSUtil.java:httpServerTemplateForNNAndJN(1641)) - Starting Web-server for hddsDatanode at: http://0.0.0.0:0
2019-10-02 11:21:45,306 [main] INFO  server.AuthenticationFilter (AuthenticationFilter.java:constructSecretProvider(240)) - Unable to initialize FileSignerSecretProvider, falling back to use random secrets.
2019-10-02 11:21:45,306 [main] WARN  http.HttpRequestLog (HttpRequestLog.java:getRequestLog(97)) - Jetty request log can only be enabled using Log4j
2019-10-02 11:21:45,308 [main] INFO  http.HttpServer2 (HttpServer2.java:addGlobalFilter(975)) - Added global filter 'safety' (class=org.apache.hadoop.http.HttpServer2$QuotingInputFilter)
2019-10-02 11:21:45,309 [main] INFO  http.HttpServer2 (HttpServer2.java:addFilter(948)) - Added filter static_user_filter (class=org.apache.hadoop.http.lib.StaticUserWebFilter$StaticUserFilter) to context hddsDatanode
2019-10-02 11:21:45,309 [main] INFO  http.HttpServer2 (HttpServer2.java:addFilter(958)) - Added filter static_user_filter (class=org.apache.hadoop.http.lib.StaticUserWebFilter$StaticUserFilter) to context static
2019-10-02 11:21:45,309 [main] INFO  http.HttpServer2 (HttpServer2.java:addFilter(958)) - Added filter static_user_filter (class=org.apache.hadoop.http.lib.StaticUserWebFilter$StaticUserFilter) to context logs
2019-10-02 11:21:45,310 [main] INFO  http.HttpServer2 (HttpServer2.java:bindListener(1191)) - Jetty bound to port 41870
2019-10-02 11:21:45,310 [main] INFO  server.Server (Server.java:doStart(351)) - jetty-9.3.25.v20180904, build timestamp: 2018-09-04T21:11:46Z, git hash: 3ce520221d0240229c862b122d2b06c12a625732
2019-10-02 11:21:45,312 [main] INFO  handler.ContextHandler (ContextHandler.java:doStart(781)) - Started o.e.j.s.ServletContextHandler@36480b2d{/logs,file:///workdir/hadoop-ozone/integration-test/target/log,AVAILABLE}
2019-10-02 11:21:45,312 [main] INFO  handler.ContextHandler (ContextHandler.java:doStart(781)) - Started o.e.j.s.ServletContextHandler@1f6917fb{/static,jar:file:/home/user/.m2/repository/org/apache/hadoop/hadoop-hdds-container-service/0.5.0-SNAPSHOT/hadoop-hdds-container-service-0.5.0-SNAPSHOT.jar!/webapps/static,AVAILABLE}
2019-10-02 11:21:45,344 [main] INFO  handler.ContextHandler (ContextHandler.java:doStart(781)) - Started o.e.j.w.WebAppContext@6573d2f7{/,file:///tmp/jetty-0.0.0.0-41870-hddsDatanode-_-any-2863222846115068347.dir/webapp/,AVAILABLE}{/hddsDatanode}
2019-10-02 11:21:45,344 [main] INFO  server.AbstractConnector (AbstractConnector.java:doStart(278)) - Started ServerConnector@4052c8c2{HTTP/1.1,[http/1.1]}{0.0.0.0:41870}
2019-10-02 11:21:45,345 [main] INFO  server.Server (Server.java:doStart(419)) - Started @31619ms
2019-10-02 11:21:45,346 [main] WARN  impl.MetricsSystemImpl (MetricsSystemImpl.java:register(276)) - Sink prometheus already exists!
2019-10-02 11:21:45,346 [main] INFO  server.BaseHttpServer (BaseHttpServer.java:updateConnectorAddress(215)) - HTTP server of HDDSDATANODE is listening at http://0.0.0.0:41870
2019-10-02 11:21:45,347 [main] INFO  impl.MetricsSystemImpl (MetricsSystemImpl.java:init(158)) - HddsDatanode metrics system started (again)
2019-10-02 11:21:45,350 [main] INFO  ozone.HddsDatanodeService (HddsDatanodeService.java:start(184)) - HddsDatanodeService host:pr-hdds-2199-dnstouuidmap-nxzb2-26233584 ip:192.168.151.122
2019-10-02 11:21:45,350 [org.apache.hadoop.util.JvmPauseMonitor$Monitor@2f1bda12] INFO  util.JvmPauseMonitor (JvmPauseMonitor.java:run(188)) - Starting JVM pause monitor
2019-10-02 11:21:45,353 [Datanode State Machine Thread - 0] INFO  datanode.InitDatanodeState (InitDatanodeState.java:persistContainerDatanodeDetails(140)) - DatanodeDetails is persisted to /workdir/hadoop-ozone/integration-test/target/test-dir/MiniOzoneClusterImpl-544d5193-f7b3-4e33-ac9d-9d27303d2a96/datanode-3/meta/datanode.id
2019-10-02 11:21:45,358 [main] INFO  volume.HddsVolume (HddsVolume.java:<init>(176)) - Creating Volume: /workdir/hadoop-ozone/integration-test/target/test-dir/MiniOzoneClusterImpl-544d5193-f7b3-4e33-ac9d-9d27303d2a96/datanode-4/data/containers/hdds of  storage type : DISK and capacity : 1482555576320
2019-10-02 11:21:45,358 [main] INFO  volume.VolumeSet (VolumeSet.java:initializeVolumeSet(170)) - Added Volume : /workdir/hadoop-ozone/integration-test/target/test-dir/MiniOzoneClusterImpl-544d5193-f7b3-4e33-ac9d-9d27303d2a96/datanode-4/data/containers/hdds to VolumeSet
2019-10-02 11:21:45,359 [main] INFO  volume.ThrottledAsyncChecker (ThrottledAsyncChecker.java:schedule(139)) - Scheduling a check for org.apache.hadoop.ozone.container.common.volume.HddsVolume@46349b95
2019-10-02 11:21:45,359 [main] INFO  volume.HddsVolumeChecker (HddsVolumeChecker.java:checkAllVolumes(202)) - Scheduled health check for volume org.apache.hadoop.ozone.container.common.volume.HddsVolume@46349b95
2019-10-02 11:21:45,377 [main] INFO  impl.RaftServerProxy (ConfUtils.java:logGet(43)) - raft.rpc.type = GRPC (default)
2019-10-02 11:21:45,377 [main] INFO  grpc.GrpcFactory (GrpcFactory.java:checkPooledByteBufAllocatorUseCacheForAllThreads(45)) - PERFORMANCE WARNING: useCacheForAllThreads is true that may cause Netty to create a lot garbage objects and, as a result, trigger GC.
	It is recommended to disable useCacheForAllThreads by setting -Dorg.apache.ratis.thirdparty.io.netty.allocator.useCacheForAllThreads=false in command line.
2019-10-02 11:21:45,378 [main] INFO  grpc.GrpcConfigKeys$Server (ConfUtils.java:logGet(43)) - raft.grpc.server.port = 0 (default)
2019-10-02 11:21:45,378 [main] INFO  server.GrpcService (ConfUtils.java:logGet(43)) - raft.grpc.message.size.max = 33570816 (custom)
2019-10-02 11:21:45,378 [main] INFO  server.RaftServerConfigKeys (ConfUtils.java:logGet(43)) - raft.server.log.appender.buffer.byte-limit = 33554432 (custom)
2019-10-02 11:21:45,378 [main] INFO  server.GrpcService (ConfUtils.java:logGet(43)) - raft.grpc.flow.control.window = 1MB (=1048576) (default)
2019-10-02 11:21:45,379 [main] INFO  server.RaftServerConfigKeys (ConfUtils.java:logGet(43)) - raft.server.rpc.request.timeout = 3000ms (default)
2019-10-02 11:21:45,379 [main] INFO  server.RaftServerConfigKeys (ConfUtils.java:logGet(43)) - raft.server.storage.dir = [/workdir/hadoop-ozone/integration-test/target/test-dir/MiniOzoneClusterImpl-544d5193-f7b3-4e33-ac9d-9d27303d2a96/datanode-4/data/ratis] (custom)
2019-10-02 11:21:45,381 [main] INFO  hdfs.DFSUtil (DFSUtil.java:httpServerTemplateForNNAndJN(1641)) - Starting Web-server for hddsDatanode at: http://0.0.0.0:0
2019-10-02 11:21:45,382 [main] INFO  server.AuthenticationFilter (AuthenticationFilter.java:constructSecretProvider(240)) - Unable to initialize FileSignerSecretProvider, falling back to use random secrets.
2019-10-02 11:21:45,383 [main] WARN  http.HttpRequestLog (HttpRequestLog.java:getRequestLog(97)) - Jetty request log can only be enabled using Log4j
2019-10-02 11:21:45,384 [main] INFO  http.HttpServer2 (HttpServer2.java:addGlobalFilter(975)) - Added global filter 'safety' (class=org.apache.hadoop.http.HttpServer2$QuotingInputFilter)
2019-10-02 11:21:45,385 [main] INFO  http.HttpServer2 (HttpServer2.java:addFilter(948)) - Added filter static_user_filter (class=org.apache.hadoop.http.lib.StaticUserWebFilter$StaticUserFilter) to context hddsDatanode
2019-10-02 11:21:45,385 [main] INFO  http.HttpServer2 (HttpServer2.java:addFilter(958)) - Added filter static_user_filter (class=org.apache.hadoop.http.lib.StaticUserWebFilter$StaticUserFilter) to context static
2019-10-02 11:21:45,385 [main] INFO  http.HttpServer2 (HttpServer2.java:addFilter(958)) - Added filter static_user_filter (class=org.apache.hadoop.http.lib.StaticUserWebFilter$StaticUserFilter) to context logs
2019-10-02 11:21:45,386 [main] INFO  http.HttpServer2 (HttpServer2.java:bindListener(1191)) - Jetty bound to port 39646
2019-10-02 11:21:45,386 [main] INFO  server.Server (Server.java:doStart(351)) - jetty-9.3.25.v20180904, build timestamp: 2018-09-04T21:11:46Z, git hash: 3ce520221d0240229c862b122d2b06c12a625732
2019-10-02 11:21:45,389 [main] INFO  handler.ContextHandler (ContextHandler.java:doStart(781)) - Started o.e.j.s.ServletContextHandler@22eaa86e{/logs,file:///workdir/hadoop-ozone/integration-test/target/log,AVAILABLE}
2019-10-02 11:21:45,389 [main] INFO  handler.ContextHandler (ContextHandler.java:doStart(781)) - Started o.e.j.s.ServletContextHandler@1cc680e{/static,jar:file:/home/user/.m2/repository/org/apache/hadoop/hadoop-hdds-container-service/0.5.0-SNAPSHOT/hadoop-hdds-container-service-0.5.0-SNAPSHOT.jar!/webapps/static,AVAILABLE}
2019-10-02 11:21:45,419 [main] INFO  handler.ContextHandler (ContextHandler.java:doStart(781)) - Started o.e.j.w.WebAppContext@4dba773d{/,file:///tmp/jetty-0.0.0.0-39646-hddsDatanode-_-any-3111529057845113543.dir/webapp/,AVAILABLE}{/hddsDatanode}
2019-10-02 11:21:45,420 [main] INFO  server.AbstractConnector (AbstractConnector.java:doStart(278)) - Started ServerConnector@1d9bd4da{HTTP/1.1,[http/1.1]}{0.0.0.0:39646}
2019-10-02 11:21:45,420 [main] INFO  server.Server (Server.java:doStart(419)) - Started @31694ms
2019-10-02 11:21:45,421 [main] WARN  impl.MetricsSystemImpl (MetricsSystemImpl.java:register(276)) - Sink prometheus already exists!
2019-10-02 11:21:45,421 [main] INFO  server.BaseHttpServer (BaseHttpServer.java:updateConnectorAddress(215)) - HTTP server of HDDSDATANODE is listening at http://0.0.0.0:39646
2019-10-02 11:21:45,422 [main] INFO  impl.MetricsSystemImpl (MetricsSystemImpl.java:init(158)) - HddsDatanode metrics system started (again)
2019-10-02 11:21:45,425 [org.apache.hadoop.util.JvmPauseMonitor$Monitor@7ce68871] INFO  util.JvmPauseMonitor (JvmPauseMonitor.java:run(188)) - Starting JVM pause monitor
2019-10-02 11:21:45,425 [main] INFO  ozone.HddsDatanodeService (HddsDatanodeService.java:start(184)) - HddsDatanodeService host:pr-hdds-2199-dnstouuidmap-nxzb2-26233584 ip:192.168.151.122
2019-10-02 11:21:45,428 [Datanode State Machine Thread - 0] INFO  datanode.InitDatanodeState (InitDatanodeState.java:persistContainerDatanodeDetails(140)) - DatanodeDetails is persisted to /workdir/hadoop-ozone/integration-test/target/test-dir/MiniOzoneClusterImpl-544d5193-f7b3-4e33-ac9d-9d27303d2a96/datanode-4/meta/datanode.id
2019-10-02 11:21:45,434 [main] INFO  volume.HddsVolume (HddsVolume.java:<init>(176)) - Creating Volume: /workdir/hadoop-ozone/integration-test/target/test-dir/MiniOzoneClusterImpl-544d5193-f7b3-4e33-ac9d-9d27303d2a96/datanode-5/data/containers/hdds of  storage type : DISK and capacity : 1482555576320
2019-10-02 11:21:45,435 [main] INFO  volume.VolumeSet (VolumeSet.java:initializeVolumeSet(170)) - Added Volume : /workdir/hadoop-ozone/integration-test/target/test-dir/MiniOzoneClusterImpl-544d5193-f7b3-4e33-ac9d-9d27303d2a96/datanode-5/data/containers/hdds to VolumeSet
2019-10-02 11:21:45,435 [main] INFO  volume.ThrottledAsyncChecker (ThrottledAsyncChecker.java:schedule(139)) - Scheduling a check for org.apache.hadoop.ozone.container.common.volume.HddsVolume@ff23ae7
2019-10-02 11:21:45,436 [main] INFO  volume.HddsVolumeChecker (HddsVolumeChecker.java:checkAllVolumes(202)) - Scheduled health check for volume org.apache.hadoop.ozone.container.common.volume.HddsVolume@ff23ae7
2019-10-02 11:21:45,451 [main] INFO  impl.RaftServerProxy (ConfUtils.java:logGet(43)) - raft.rpc.type = GRPC (default)
2019-10-02 11:21:45,452 [main] INFO  grpc.GrpcFactory (GrpcFactory.java:checkPooledByteBufAllocatorUseCacheForAllThreads(45)) - PERFORMANCE WARNING: useCacheForAllThreads is true that may cause Netty to create a lot garbage objects and, as a result, trigger GC.
	It is recommended to disable useCacheForAllThreads by setting -Dorg.apache.ratis.thirdparty.io.netty.allocator.useCacheForAllThreads=false in command line.
2019-10-02 11:21:45,452 [main] INFO  grpc.GrpcConfigKeys$Server (ConfUtils.java:logGet(43)) - raft.grpc.server.port = 0 (default)
2019-10-02 11:21:45,452 [main] INFO  server.GrpcService (ConfUtils.java:logGet(43)) - raft.grpc.message.size.max = 33570816 (custom)
2019-10-02 11:21:45,452 [main] INFO  server.RaftServerConfigKeys (ConfUtils.java:logGet(43)) - raft.server.log.appender.buffer.byte-limit = 33554432 (custom)
2019-10-02 11:21:45,453 [main] INFO  server.GrpcService (ConfUtils.java:logGet(43)) - raft.grpc.flow.control.window = 1MB (=1048576) (default)
2019-10-02 11:21:45,453 [main] INFO  server.RaftServerConfigKeys (ConfUtils.java:logGet(43)) - raft.server.rpc.request.timeout = 3000ms (default)
2019-10-02 11:21:45,454 [main] INFO  server.RaftServerConfigKeys (ConfUtils.java:logGet(43)) - raft.server.storage.dir = [/workdir/hadoop-ozone/integration-test/target/test-dir/MiniOzoneClusterImpl-544d5193-f7b3-4e33-ac9d-9d27303d2a96/datanode-5/data/ratis] (custom)
2019-10-02 11:21:45,455 [main] INFO  hdfs.DFSUtil (DFSUtil.java:httpServerTemplateForNNAndJN(1641)) - Starting Web-server for hddsDatanode at: http://0.0.0.0:0
2019-10-02 11:21:45,456 [main] INFO  server.AuthenticationFilter (AuthenticationFilter.java:constructSecretProvider(240)) - Unable to initialize FileSignerSecretProvider, falling back to use random secrets.
2019-10-02 11:21:45,457 [main] WARN  http.HttpRequestLog (HttpRequestLog.java:getRequestLog(97)) - Jetty request log can only be enabled using Log4j
2019-10-02 11:21:45,459 [main] INFO  http.HttpServer2 (HttpServer2.java:addGlobalFilter(975)) - Added global filter 'safety' (class=org.apache.hadoop.http.HttpServer2$QuotingInputFilter)
2019-10-02 11:21:45,459 [main] INFO  http.HttpServer2 (HttpServer2.java:addFilter(948)) - Added filter static_user_filter (class=org.apache.hadoop.http.lib.StaticUserWebFilter$StaticUserFilter) to context hddsDatanode
2019-10-02 11:21:45,460 [main] INFO  http.HttpServer2 (HttpServer2.java:addFilter(958)) - Added filter static_user_filter (class=org.apache.hadoop.http.lib.StaticUserWebFilter$StaticUserFilter) to context logs
2019-10-02 11:21:45,460 [main] INFO  http.HttpServer2 (HttpServer2.java:addFilter(958)) - Added filter static_user_filter (class=org.apache.hadoop.http.lib.StaticUserWebFilter$StaticUserFilter) to context static
2019-10-02 11:21:45,461 [main] INFO  http.HttpServer2 (HttpServer2.java:bindListener(1191)) - Jetty bound to port 41307
2019-10-02 11:21:45,461 [main] INFO  server.Server (Server.java:doStart(351)) - jetty-9.3.25.v20180904, build timestamp: 2018-09-04T21:11:46Z, git hash: 3ce520221d0240229c862b122d2b06c12a625732
2019-10-02 11:21:45,463 [main] INFO  handler.ContextHandler (ContextHandler.java:doStart(781)) - Started o.e.j.s.ServletContextHandler@ccf91df{/logs,file:///workdir/hadoop-ozone/integration-test/target/log,AVAILABLE}
2019-10-02 11:21:45,463 [main] INFO  handler.ContextHandler (ContextHandler.java:doStart(781)) - Started o.e.j.s.ServletContextHandler@51d387d3{/static,jar:file:/home/user/.m2/repository/org/apache/hadoop/hadoop-hdds-container-service/0.5.0-SNAPSHOT/hadoop-hdds-container-service-0.5.0-SNAPSHOT.jar!/webapps/static,AVAILABLE}
2019-10-02 11:21:45,493 [main] INFO  handler.ContextHandler (ContextHandler.java:doStart(781)) - Started o.e.j.w.WebAppContext@3d7fb838{/,file:///tmp/jetty-0.0.0.0-41307-hddsDatanode-_-any-131216985736973941.dir/webapp/,AVAILABLE}{/hddsDatanode}
2019-10-02 11:21:45,494 [main] INFO  server.AbstractConnector (AbstractConnector.java:doStart(278)) - Started ServerConnector@1c26273d{HTTP/1.1,[http/1.1]}{0.0.0.0:41307}
2019-10-02 11:21:45,495 [main] INFO  server.Server (Server.java:doStart(419)) - Started @31769ms
2019-10-02 11:21:45,495 [main] WARN  impl.MetricsSystemImpl (MetricsSystemImpl.java:register(276)) - Sink prometheus already exists!
2019-10-02 11:21:45,496 [main] INFO  server.BaseHttpServer (BaseHttpServer.java:updateConnectorAddress(215)) - HTTP server of HDDSDATANODE is listening at http://0.0.0.0:41307
2019-10-02 11:21:45,496 [main] INFO  impl.MetricsSystemImpl (MetricsSystemImpl.java:init(158)) - HddsDatanode metrics system started (again)
2019-10-02 11:21:45,500 [org.apache.hadoop.util.JvmPauseMonitor$Monitor@4cbb3a64] INFO  util.JvmPauseMonitor (JvmPauseMonitor.java:run(188)) - Starting JVM pause monitor
2019-10-02 11:21:45,500 [main] INFO  ozone.HddsDatanodeService (HddsDatanodeService.java:start(184)) - HddsDatanodeService host:pr-hdds-2199-dnstouuidmap-nxzb2-26233584 ip:192.168.151.122
2019-10-02 11:21:45,502 [Datanode State Machine Thread - 0] INFO  datanode.InitDatanodeState (InitDatanodeState.java:persistContainerDatanodeDetails(140)) - DatanodeDetails is persisted to /workdir/hadoop-ozone/integration-test/target/test-dir/MiniOzoneClusterImpl-544d5193-f7b3-4e33-ac9d-9d27303d2a96/datanode-5/meta/datanode.id
2019-10-02 11:21:45,506 [main] INFO  volume.HddsVolume (HddsVolume.java:<init>(176)) - Creating Volume: /workdir/hadoop-ozone/integration-test/target/test-dir/MiniOzoneClusterImpl-544d5193-f7b3-4e33-ac9d-9d27303d2a96/datanode-6/data/containers/hdds of  storage type : DISK and capacity : 1482555576320
2019-10-02 11:21:45,506 [main] INFO  volume.VolumeSet (VolumeSet.java:initializeVolumeSet(170)) - Added Volume : /workdir/hadoop-ozone/integration-test/target/test-dir/MiniOzoneClusterImpl-544d5193-f7b3-4e33-ac9d-9d27303d2a96/datanode-6/data/containers/hdds to VolumeSet
2019-10-02 11:21:45,507 [main] INFO  volume.ThrottledAsyncChecker (ThrottledAsyncChecker.java:schedule(139)) - Scheduling a check for org.apache.hadoop.ozone.container.common.volume.HddsVolume@2bfb6b49
2019-10-02 11:21:45,507 [main] INFO  volume.HddsVolumeChecker (HddsVolumeChecker.java:checkAllVolumes(202)) - Scheduled health check for volume org.apache.hadoop.ozone.container.common.volume.HddsVolume@2bfb6b49
2019-10-02 11:21:45,523 [main] INFO  impl.RaftServerProxy (ConfUtils.java:logGet(43)) - raft.rpc.type = GRPC (default)
2019-10-02 11:21:45,523 [main] INFO  grpc.GrpcFactory (GrpcFactory.java:checkPooledByteBufAllocatorUseCacheForAllThreads(45)) - PERFORMANCE WARNING: useCacheForAllThreads is true that may cause Netty to create a lot garbage objects and, as a result, trigger GC.
	It is recommended to disable useCacheForAllThreads by setting -Dorg.apache.ratis.thirdparty.io.netty.allocator.useCacheForAllThreads=false in command line.
2019-10-02 11:21:45,523 [main] INFO  grpc.GrpcConfigKeys$Server (ConfUtils.java:logGet(43)) - raft.grpc.server.port = 0 (default)
2019-10-02 11:21:45,523 [main] INFO  server.GrpcService (ConfUtils.java:logGet(43)) - raft.grpc.message.size.max = 33570816 (custom)
2019-10-02 11:21:45,524 [main] INFO  server.RaftServerConfigKeys (ConfUtils.java:logGet(43)) - raft.server.log.appender.buffer.byte-limit = 33554432 (custom)
2019-10-02 11:21:45,524 [main] INFO  server.GrpcService (ConfUtils.java:logGet(43)) - raft.grpc.flow.control.window = 1MB (=1048576) (default)
2019-10-02 11:21:45,524 [main] INFO  server.RaftServerConfigKeys (ConfUtils.java:logGet(43)) - raft.server.rpc.request.timeout = 3000ms (default)
2019-10-02 11:21:45,525 [main] INFO  server.RaftServerConfigKeys (ConfUtils.java:logGet(43)) - raft.server.storage.dir = [/workdir/hadoop-ozone/integration-test/target/test-dir/MiniOzoneClusterImpl-544d5193-f7b3-4e33-ac9d-9d27303d2a96/datanode-6/data/ratis] (custom)
2019-10-02 11:21:45,526 [main] INFO  hdfs.DFSUtil (DFSUtil.java:httpServerTemplateForNNAndJN(1641)) - Starting Web-server for hddsDatanode at: http://0.0.0.0:0
2019-10-02 11:21:45,528 [main] INFO  server.AuthenticationFilter (AuthenticationFilter.java:constructSecretProvider(240)) - Unable to initialize FileSignerSecretProvider, falling back to use random secrets.
2019-10-02 11:21:45,528 [main] WARN  http.HttpRequestLog (HttpRequestLog.java:getRequestLog(97)) - Jetty request log can only be enabled using Log4j
2019-10-02 11:21:45,530 [main] INFO  http.HttpServer2 (HttpServer2.java:addGlobalFilter(975)) - Added global filter 'safety' (class=org.apache.hadoop.http.HttpServer2$QuotingInputFilter)
2019-10-02 11:21:45,531 [main] INFO  http.HttpServer2 (HttpServer2.java:addFilter(948)) - Added filter static_user_filter (class=org.apache.hadoop.http.lib.StaticUserWebFilter$StaticUserFilter) to context hddsDatanode
2019-10-02 11:21:45,531 [main] INFO  http.HttpServer2 (HttpServer2.java:addFilter(958)) - Added filter static_user_filter (class=org.apache.hadoop.http.lib.StaticUserWebFilter$StaticUserFilter) to context static
2019-10-02 11:21:45,531 [main] INFO  http.HttpServer2 (HttpServer2.java:addFilter(958)) - Added filter static_user_filter (class=org.apache.hadoop.http.lib.StaticUserWebFilter$StaticUserFilter) to context logs
2019-10-02 11:21:45,532 [main] INFO  http.HttpServer2 (HttpServer2.java:bindListener(1191)) - Jetty bound to port 39930
2019-10-02 11:21:45,532 [main] INFO  server.Server (Server.java:doStart(351)) - jetty-9.3.25.v20180904, build timestamp: 2018-09-04T21:11:46Z, git hash: 3ce520221d0240229c862b122d2b06c12a625732
2019-10-02 11:21:45,534 [main] INFO  handler.ContextHandler (ContextHandler.java:doStart(781)) - Started o.e.j.s.ServletContextHandler@7f5538a1{/logs,file:///workdir/hadoop-ozone/integration-test/target/log,AVAILABLE}
2019-10-02 11:21:45,534 [main] INFO  handler.ContextHandler (ContextHandler.java:doStart(781)) - Started o.e.j.s.ServletContextHandler@1f9f381d{/static,jar:file:/home/user/.m2/repository/org/apache/hadoop/hadoop-hdds-container-service/0.5.0-SNAPSHOT/hadoop-hdds-container-service-0.5.0-SNAPSHOT.jar!/webapps/static,AVAILABLE}
2019-10-02 11:21:45,564 [main] INFO  handler.ContextHandler (ContextHandler.java:doStart(781)) - Started o.e.j.w.WebAppContext@74e6094b{/,file:///tmp/jetty-0.0.0.0-39930-hddsDatanode-_-any-1230017885998896161.dir/webapp/,AVAILABLE}{/hddsDatanode}
2019-10-02 11:21:45,566 [main] INFO  server.AbstractConnector (AbstractConnector.java:doStart(278)) - Started ServerConnector@7a485a36{HTTP/1.1,[http/1.1]}{0.0.0.0:39930}
2019-10-02 11:21:45,566 [main] INFO  server.Server (Server.java:doStart(419)) - Started @31840ms
2019-10-02 11:21:45,566 [main] WARN  impl.MetricsSystemImpl (MetricsSystemImpl.java:register(276)) - Sink prometheus already exists!
2019-10-02 11:21:45,567 [main] INFO  server.BaseHttpServer (BaseHttpServer.java:updateConnectorAddress(215)) - HTTP server of HDDSDATANODE is listening at http://0.0.0.0:39930
2019-10-02 11:21:45,567 [main] INFO  impl.MetricsSystemImpl (MetricsSystemImpl.java:init(158)) - HddsDatanode metrics system started (again)
2019-10-02 11:21:45,571 [org.apache.hadoop.util.JvmPauseMonitor$Monitor@7bf15169] INFO  util.JvmPauseMonitor (JvmPauseMonitor.java:run(188)) - Starting JVM pause monitor
2019-10-02 11:21:45,571 [main] INFO  ozone.HddsDatanodeService (HddsDatanodeService.java:start(184)) - HddsDatanodeService host:pr-hdds-2199-dnstouuidmap-nxzb2-26233584 ip:192.168.151.122
2019-10-02 11:21:45,573 [Datanode State Machine Thread - 0] INFO  datanode.InitDatanodeState (InitDatanodeState.java:persistContainerDatanodeDetails(140)) - DatanodeDetails is persisted to /workdir/hadoop-ozone/integration-test/target/test-dir/MiniOzoneClusterImpl-544d5193-f7b3-4e33-ac9d-9d27303d2a96/datanode-6/meta/datanode.id
2019-10-02 11:21:45,577 [main] INFO  volume.HddsVolume (HddsVolume.java:<init>(176)) - Creating Volume: /workdir/hadoop-ozone/integration-test/target/test-dir/MiniOzoneClusterImpl-544d5193-f7b3-4e33-ac9d-9d27303d2a96/datanode-7/data/containers/hdds of  storage type : DISK and capacity : 1482555576320
2019-10-02 11:21:45,578 [main] INFO  volume.VolumeSet (VolumeSet.java:initializeVolumeSet(170)) - Added Volume : /workdir/hadoop-ozone/integration-test/target/test-dir/MiniOzoneClusterImpl-544d5193-f7b3-4e33-ac9d-9d27303d2a96/datanode-7/data/containers/hdds to VolumeSet
2019-10-02 11:21:45,578 [main] INFO  volume.ThrottledAsyncChecker (ThrottledAsyncChecker.java:schedule(139)) - Scheduling a check for org.apache.hadoop.ozone.container.common.volume.HddsVolume@7544ac86
2019-10-02 11:21:45,578 [main] INFO  volume.HddsVolumeChecker (HddsVolumeChecker.java:checkAllVolumes(202)) - Scheduled health check for volume org.apache.hadoop.ozone.container.common.volume.HddsVolume@7544ac86
2019-10-02 11:21:45,594 [main] INFO  impl.RaftServerProxy (ConfUtils.java:logGet(43)) - raft.rpc.type = GRPC (default)
2019-10-02 11:21:45,594 [main] INFO  grpc.GrpcFactory (GrpcFactory.java:checkPooledByteBufAllocatorUseCacheForAllThreads(45)) - PERFORMANCE WARNING: useCacheForAllThreads is true that may cause Netty to create a lot garbage objects and, as a result, trigger GC.
	It is recommended to disable useCacheForAllThreads by setting -Dorg.apache.ratis.thirdparty.io.netty.allocator.useCacheForAllThreads=false in command line.
2019-10-02 11:21:45,595 [main] INFO  grpc.GrpcConfigKeys$Server (ConfUtils.java:logGet(43)) - raft.grpc.server.port = 0 (default)
2019-10-02 11:21:45,595 [main] INFO  server.GrpcService (ConfUtils.java:logGet(43)) - raft.grpc.message.size.max = 33570816 (custom)
2019-10-02 11:21:45,595 [main] INFO  server.RaftServerConfigKeys (ConfUtils.java:logGet(43)) - raft.server.log.appender.buffer.byte-limit = 33554432 (custom)
2019-10-02 11:21:45,595 [main] INFO  server.GrpcService (ConfUtils.java:logGet(43)) - raft.grpc.flow.control.window = 1MB (=1048576) (default)
2019-10-02 11:21:45,596 [main] INFO  server.RaftServerConfigKeys (ConfUtils.java:logGet(43)) - raft.server.rpc.request.timeout = 3000ms (default)
2019-10-02 11:21:45,596 [main] INFO  server.RaftServerConfigKeys (ConfUtils.java:logGet(43)) - raft.server.storage.dir = [/workdir/hadoop-ozone/integration-test/target/test-dir/MiniOzoneClusterImpl-544d5193-f7b3-4e33-ac9d-9d27303d2a96/datanode-7/data/ratis] (custom)
2019-10-02 11:21:45,598 [main] INFO  hdfs.DFSUtil (DFSUtil.java:httpServerTemplateForNNAndJN(1641)) - Starting Web-server for hddsDatanode at: http://0.0.0.0:0
2019-10-02 11:21:45,599 [main] INFO  server.AuthenticationFilter (AuthenticationFilter.java:constructSecretProvider(240)) - Unable to initialize FileSignerSecretProvider, falling back to use random secrets.
2019-10-02 11:21:45,599 [main] WARN  http.HttpRequestLog (HttpRequestLog.java:getRequestLog(97)) - Jetty request log can only be enabled using Log4j
2019-10-02 11:21:45,601 [main] INFO  http.HttpServer2 (HttpServer2.java:addGlobalFilter(975)) - Added global filter 'safety' (class=org.apache.hadoop.http.HttpServer2$QuotingInputFilter)
2019-10-02 11:21:45,602 [main] INFO  http.HttpServer2 (HttpServer2.java:addFilter(948)) - Added filter static_user_filter (class=org.apache.hadoop.http.lib.StaticUserWebFilter$StaticUserFilter) to context hddsDatanode
2019-10-02 11:21:45,602 [main] INFO  http.HttpServer2 (HttpServer2.java:addFilter(958)) - Added filter static_user_filter (class=org.apache.hadoop.http.lib.StaticUserWebFilter$StaticUserFilter) to context logs
2019-10-02 11:21:45,602 [main] INFO  http.HttpServer2 (HttpServer2.java:addFilter(958)) - Added filter static_user_filter (class=org.apache.hadoop.http.lib.StaticUserWebFilter$StaticUserFilter) to context static
2019-10-02 11:21:45,603 [main] INFO  http.HttpServer2 (HttpServer2.java:bindListener(1191)) - Jetty bound to port 38224
2019-10-02 11:21:45,603 [main] INFO  server.Server (Server.java:doStart(351)) - jetty-9.3.25.v20180904, build timestamp: 2018-09-04T21:11:46Z, git hash: 3ce520221d0240229c862b122d2b06c12a625732
2019-10-02 11:21:45,605 [main] INFO  handler.ContextHandler (ContextHandler.java:doStart(781)) - Started o.e.j.s.ServletContextHandler@75181b50{/logs,file:///workdir/hadoop-ozone/integration-test/target/log,AVAILABLE}
2019-10-02 11:21:45,605 [main] INFO  handler.ContextHandler (ContextHandler.java:doStart(781)) - Started o.e.j.s.ServletContextHandler@5f254608{/static,jar:file:/home/user/.m2/repository/org/apache/hadoop/hadoop-hdds-container-service/0.5.0-SNAPSHOT/hadoop-hdds-container-service-0.5.0-SNAPSHOT.jar!/webapps/static,AVAILABLE}
2019-10-02 11:21:45,635 [main] INFO  handler.ContextHandler (ContextHandler.java:doStart(781)) - Started o.e.j.w.WebAppContext@7e5843db{/,file:///tmp/jetty-0.0.0.0-38224-hddsDatanode-_-any-3912102172538585510.dir/webapp/,AVAILABLE}{/hddsDatanode}
2019-10-02 11:21:45,636 [main] INFO  server.AbstractConnector (AbstractConnector.java:doStart(278)) - Started ServerConnector@459f703f{HTTP/1.1,[http/1.1]}{0.0.0.0:38224}
2019-10-02 11:21:45,637 [main] INFO  server.Server (Server.java:doStart(419)) - Started @31911ms
2019-10-02 11:21:45,637 [main] WARN  impl.MetricsSystemImpl (MetricsSystemImpl.java:register(276)) - Sink prometheus already exists!
2019-10-02 11:21:45,638 [main] INFO  server.BaseHttpServer (BaseHttpServer.java:updateConnectorAddress(215)) - HTTP server of HDDSDATANODE is listening at http://0.0.0.0:38224
2019-10-02 11:21:45,638 [main] INFO  impl.MetricsSystemImpl (MetricsSystemImpl.java:init(158)) - HddsDatanode metrics system started (again)
2019-10-02 11:21:45,642 [org.apache.hadoop.util.JvmPauseMonitor$Monitor@1d37ce20] INFO  util.JvmPauseMonitor (JvmPauseMonitor.java:run(188)) - Starting JVM pause monitor
2019-10-02 11:21:45,643 [main] INFO  ozone.HddsDatanodeService (HddsDatanodeService.java:start(184)) - HddsDatanodeService host:pr-hdds-2199-dnstouuidmap-nxzb2-26233584 ip:192.168.151.122
2019-10-02 11:21:45,645 [Datanode State Machine Thread - 0] INFO  datanode.InitDatanodeState (InitDatanodeState.java:persistContainerDatanodeDetails(140)) - DatanodeDetails is persisted to /workdir/hadoop-ozone/integration-test/target/test-dir/MiniOzoneClusterImpl-544d5193-f7b3-4e33-ac9d-9d27303d2a96/datanode-7/meta/datanode.id
2019-10-02 11:21:45,649 [main] INFO  volume.HddsVolume (HddsVolume.java:<init>(176)) - Creating Volume: /workdir/hadoop-ozone/integration-test/target/test-dir/MiniOzoneClusterImpl-544d5193-f7b3-4e33-ac9d-9d27303d2a96/datanode-8/data/containers/hdds of  storage type : DISK and capacity : 1482555576320
2019-10-02 11:21:45,650 [main] INFO  volume.VolumeSet (VolumeSet.java:initializeVolumeSet(170)) - Added Volume : /workdir/hadoop-ozone/integration-test/target/test-dir/MiniOzoneClusterImpl-544d5193-f7b3-4e33-ac9d-9d27303d2a96/datanode-8/data/containers/hdds to VolumeSet
2019-10-02 11:21:45,650 [main] INFO  volume.ThrottledAsyncChecker (ThrottledAsyncChecker.java:schedule(139)) - Scheduling a check for org.apache.hadoop.ozone.container.common.volume.HddsVolume@f6de586
2019-10-02 11:21:45,650 [main] INFO  volume.HddsVolumeChecker (HddsVolumeChecker.java:checkAllVolumes(202)) - Scheduled health check for volume org.apache.hadoop.ozone.container.common.volume.HddsVolume@f6de586
2019-10-02 11:21:45,666 [main] INFO  impl.RaftServerProxy (ConfUtils.java:logGet(43)) - raft.rpc.type = GRPC (default)
2019-10-02 11:21:45,666 [main] INFO  grpc.GrpcFactory (GrpcFactory.java:checkPooledByteBufAllocatorUseCacheForAllThreads(45)) - PERFORMANCE WARNING: useCacheForAllThreads is true that may cause Netty to create a lot garbage objects and, as a result, trigger GC.
	It is recommended to disable useCacheForAllThreads by setting -Dorg.apache.ratis.thirdparty.io.netty.allocator.useCacheForAllThreads=false in command line.
2019-10-02 11:21:45,666 [main] INFO  grpc.GrpcConfigKeys$Server (ConfUtils.java:logGet(43)) - raft.grpc.server.port = 0 (default)
2019-10-02 11:21:45,666 [main] INFO  server.GrpcService (ConfUtils.java:logGet(43)) - raft.grpc.message.size.max = 33570816 (custom)
2019-10-02 11:21:45,667 [main] INFO  server.RaftServerConfigKeys (ConfUtils.java:logGet(43)) - raft.server.log.appender.buffer.byte-limit = 33554432 (custom)
2019-10-02 11:21:45,667 [main] INFO  server.GrpcService (ConfUtils.java:logGet(43)) - raft.grpc.flow.control.window = 1MB (=1048576) (default)
2019-10-02 11:21:45,667 [main] INFO  server.RaftServerConfigKeys (ConfUtils.java:logGet(43)) - raft.server.rpc.request.timeout = 3000ms (default)
2019-10-02 11:21:45,668 [main] INFO  server.RaftServerConfigKeys (ConfUtils.java:logGet(43)) - raft.server.storage.dir = [/workdir/hadoop-ozone/integration-test/target/test-dir/MiniOzoneClusterImpl-544d5193-f7b3-4e33-ac9d-9d27303d2a96/datanode-8/data/ratis] (custom)
2019-10-02 11:21:45,669 [main] INFO  hdfs.DFSUtil (DFSUtil.java:httpServerTemplateForNNAndJN(1641)) - Starting Web-server for hddsDatanode at: http://0.0.0.0:0
2019-10-02 11:21:45,670 [main] INFO  server.AuthenticationFilter (AuthenticationFilter.java:constructSecretProvider(240)) - Unable to initialize FileSignerSecretProvider, falling back to use random secrets.
2019-10-02 11:21:45,671 [main] WARN  http.HttpRequestLog (HttpRequestLog.java:getRequestLog(97)) - Jetty request log can only be enabled using Log4j
2019-10-02 11:21:45,673 [main] INFO  http.HttpServer2 (HttpServer2.java:addGlobalFilter(975)) - Added global filter 'safety' (class=org.apache.hadoop.http.HttpServer2$QuotingInputFilter)
2019-10-02 11:21:45,673 [main] INFO  http.HttpServer2 (HttpServer2.java:addFilter(948)) - Added filter static_user_filter (class=org.apache.hadoop.http.lib.StaticUserWebFilter$StaticUserFilter) to context hddsDatanode
2019-10-02 11:21:45,674 [main] INFO  http.HttpServer2 (HttpServer2.java:addFilter(958)) - Added filter static_user_filter (class=org.apache.hadoop.http.lib.StaticUserWebFilter$StaticUserFilter) to context logs
2019-10-02 11:21:45,674 [main] INFO  http.HttpServer2 (HttpServer2.java:addFilter(958)) - Added filter static_user_filter (class=org.apache.hadoop.http.lib.StaticUserWebFilter$StaticUserFilter) to context static
2019-10-02 11:21:45,675 [main] INFO  http.HttpServer2 (HttpServer2.java:bindListener(1191)) - Jetty bound to port 43868
2019-10-02 11:21:45,676 [main] INFO  server.Server (Server.java:doStart(351)) - jetty-9.3.25.v20180904, build timestamp: 2018-09-04T21:11:46Z, git hash: 3ce520221d0240229c862b122d2b06c12a625732
2019-10-02 11:21:45,678 [main] INFO  handler.ContextHandler (ContextHandler.java:doStart(781)) - Started o.e.j.s.ServletContextHandler@47be0f9b{/logs,file:///workdir/hadoop-ozone/integration-test/target/log,AVAILABLE}
2019-10-02 11:21:45,679 [main] INFO  handler.ContextHandler (ContextHandler.java:doStart(781)) - Started o.e.j.s.ServletContextHandler@4bd51d3e{/static,jar:file:/home/user/.m2/repository/org/apache/hadoop/hadoop-hdds-container-service/0.5.0-SNAPSHOT/hadoop-hdds-container-service-0.5.0-SNAPSHOT.jar!/webapps/static,AVAILABLE}
2019-10-02 11:21:45,726 [main] INFO  handler.ContextHandler (ContextHandler.java:doStart(781)) - Started o.e.j.w.WebAppContext@352ed70d{/,file:///tmp/jetty-0.0.0.0-43868-hddsDatanode-_-any-7450235637679215785.dir/webapp/,AVAILABLE}{/hddsDatanode}
2019-10-02 11:21:45,727 [main] INFO  server.AbstractConnector (AbstractConnector.java:doStart(278)) - Started ServerConnector@70730db{HTTP/1.1,[http/1.1]}{0.0.0.0:43868}
2019-10-02 11:21:45,728 [main] INFO  server.Server (Server.java:doStart(419)) - Started @32002ms
2019-10-02 11:21:45,728 [main] WARN  impl.MetricsSystemImpl (MetricsSystemImpl.java:register(276)) - Sink prometheus already exists!
2019-10-02 11:21:45,729 [main] INFO  server.BaseHttpServer (BaseHttpServer.java:updateConnectorAddress(215)) - HTTP server of HDDSDATANODE is listening at http://0.0.0.0:43868
2019-10-02 11:21:45,729 [main] INFO  impl.MetricsSystemImpl (MetricsSystemImpl.java:init(158)) - HddsDatanode metrics system started (again)
2019-10-02 11:21:45,734 [org.apache.hadoop.util.JvmPauseMonitor$Monitor@4feab313] INFO  util.JvmPauseMonitor (JvmPauseMonitor.java:run(188)) - Starting JVM pause monitor
2019-10-02 11:21:45,735 [main] INFO  ozone.HddsDatanodeService (HddsDatanodeService.java:start(184)) - HddsDatanodeService host:pr-hdds-2199-dnstouuidmap-nxzb2-26233584 ip:192.168.151.122
2019-10-02 11:21:45,737 [Datanode State Machine Thread - 0] INFO  datanode.InitDatanodeState (InitDatanodeState.java:persistContainerDatanodeDetails(140)) - DatanodeDetails is persisted to /workdir/hadoop-ozone/integration-test/target/test-dir/MiniOzoneClusterImpl-544d5193-f7b3-4e33-ac9d-9d27303d2a96/datanode-8/meta/datanode.id
2019-10-02 11:21:45,743 [main] INFO  volume.HddsVolume (HddsVolume.java:<init>(176)) - Creating Volume: /workdir/hadoop-ozone/integration-test/target/test-dir/MiniOzoneClusterImpl-544d5193-f7b3-4e33-ac9d-9d27303d2a96/datanode-9/data/containers/hdds of  storage type : DISK and capacity : 1482555576320
2019-10-02 11:21:45,743 [main] INFO  volume.VolumeSet (VolumeSet.java:initializeVolumeSet(170)) - Added Volume : /workdir/hadoop-ozone/integration-test/target/test-dir/MiniOzoneClusterImpl-544d5193-f7b3-4e33-ac9d-9d27303d2a96/datanode-9/data/containers/hdds to VolumeSet
2019-10-02 11:21:45,744 [main] INFO  volume.ThrottledAsyncChecker (ThrottledAsyncChecker.java:schedule(139)) - Scheduling a check for org.apache.hadoop.ozone.container.common.volume.HddsVolume@7a360554
2019-10-02 11:21:45,744 [main] INFO  volume.HddsVolumeChecker (HddsVolumeChecker.java:checkAllVolumes(202)) - Scheduled health check for volume org.apache.hadoop.ozone.container.common.volume.HddsVolume@7a360554
2019-10-02 11:21:45,761 [main] INFO  impl.RaftServerProxy (ConfUtils.java:logGet(43)) - raft.rpc.type = GRPC (default)
2019-10-02 11:21:45,761 [main] INFO  grpc.GrpcFactory (GrpcFactory.java:checkPooledByteBufAllocatorUseCacheForAllThreads(45)) - PERFORMANCE WARNING: useCacheForAllThreads is true that may cause Netty to create a lot garbage objects and, as a result, trigger GC.
	It is recommended to disable useCacheForAllThreads by setting -Dorg.apache.ratis.thirdparty.io.netty.allocator.useCacheForAllThreads=false in command line.
2019-10-02 11:21:45,762 [main] INFO  grpc.GrpcConfigKeys$Server (ConfUtils.java:logGet(43)) - raft.grpc.server.port = 0 (default)
2019-10-02 11:21:45,762 [main] INFO  server.GrpcService (ConfUtils.java:logGet(43)) - raft.grpc.message.size.max = 33570816 (custom)
2019-10-02 11:21:45,762 [main] INFO  server.RaftServerConfigKeys (ConfUtils.java:logGet(43)) - raft.server.log.appender.buffer.byte-limit = 33554432 (custom)
2019-10-02 11:21:45,762 [main] INFO  server.GrpcService (ConfUtils.java:logGet(43)) - raft.grpc.flow.control.window = 1MB (=1048576) (default)
2019-10-02 11:21:45,762 [main] INFO  server.RaftServerConfigKeys (ConfUtils.java:logGet(43)) - raft.server.rpc.request.timeout = 3000ms (default)
2019-10-02 11:21:45,763 [main] INFO  server.RaftServerConfigKeys (ConfUtils.java:logGet(43)) - raft.server.storage.dir = [/workdir/hadoop-ozone/integration-test/target/test-dir/MiniOzoneClusterImpl-544d5193-f7b3-4e33-ac9d-9d27303d2a96/datanode-9/data/ratis] (custom)
2019-10-02 11:21:45,765 [main] INFO  hdfs.DFSUtil (DFSUtil.java:httpServerTemplateForNNAndJN(1641)) - Starting Web-server for hddsDatanode at: http://0.0.0.0:0
2019-10-02 11:21:45,767 [main] INFO  server.AuthenticationFilter (AuthenticationFilter.java:constructSecretProvider(240)) - Unable to initialize FileSignerSecretProvider, falling back to use random secrets.
2019-10-02 11:21:45,767 [main] WARN  http.HttpRequestLog (HttpRequestLog.java:getRequestLog(97)) - Jetty request log can only be enabled using Log4j
2019-10-02 11:21:45,769 [main] INFO  http.HttpServer2 (HttpServer2.java:addGlobalFilter(975)) - Added global filter 'safety' (class=org.apache.hadoop.http.HttpServer2$QuotingInputFilter)
2019-10-02 11:21:45,770 [main] INFO  http.HttpServer2 (HttpServer2.java:addFilter(948)) - Added filter static_user_filter (class=org.apache.hadoop.http.lib.StaticUserWebFilter$StaticUserFilter) to context hddsDatanode
2019-10-02 11:21:45,770 [main] INFO  http.HttpServer2 (HttpServer2.java:addFilter(958)) - Added filter static_user_filter (class=org.apache.hadoop.http.lib.StaticUserWebFilter$StaticUserFilter) to context static
2019-10-02 11:21:45,770 [main] INFO  http.HttpServer2 (HttpServer2.java:addFilter(958)) - Added filter static_user_filter (class=org.apache.hadoop.http.lib.StaticUserWebFilter$StaticUserFilter) to context logs
2019-10-02 11:21:45,771 [main] INFO  http.HttpServer2 (HttpServer2.java:bindListener(1191)) - Jetty bound to port 43982
2019-10-02 11:21:45,772 [main] INFO  server.Server (Server.java:doStart(351)) - jetty-9.3.25.v20180904, build timestamp: 2018-09-04T21:11:46Z, git hash: 3ce520221d0240229c862b122d2b06c12a625732
2019-10-02 11:21:45,774 [main] INFO  handler.ContextHandler (ContextHandler.java:doStart(781)) - Started o.e.j.s.ServletContextHandler@136965e3{/logs,file:///workdir/hadoop-ozone/integration-test/target/log,AVAILABLE}
2019-10-02 11:21:45,774 [main] INFO  handler.ContextHandler (ContextHandler.java:doStart(781)) - Started o.e.j.s.ServletContextHandler@435cc7f9{/static,jar:file:/home/user/.m2/repository/org/apache/hadoop/hadoop-hdds-container-service/0.5.0-SNAPSHOT/hadoop-hdds-container-service-0.5.0-SNAPSHOT.jar!/webapps/static,AVAILABLE}
2019-10-02 11:21:45,802 [main] INFO  handler.ContextHandler (ContextHandler.java:doStart(781)) - Started o.e.j.w.WebAppContext@3c98781a{/,file:///tmp/jetty-0.0.0.0-43982-hddsDatanode-_-any-5007944509365992507.dir/webapp/,AVAILABLE}{/hddsDatanode}
2019-10-02 11:21:45,804 [main] INFO  server.AbstractConnector (AbstractConnector.java:doStart(278)) - Started ServerConnector@3f736a16{HTTP/1.1,[http/1.1]}{0.0.0.0:43982}
2019-10-02 11:21:45,805 [main] INFO  server.Server (Server.java:doStart(419)) - Started @32079ms
2019-10-02 11:21:45,805 [main] WARN  impl.MetricsSystemImpl (MetricsSystemImpl.java:register(276)) - Sink prometheus already exists!
2019-10-02 11:21:45,806 [main] INFO  server.BaseHttpServer (BaseHttpServer.java:updateConnectorAddress(215)) - HTTP server of HDDSDATANODE is listening at http://0.0.0.0:43982
2019-10-02 11:21:45,810 [main] INFO  ozone.MiniOzoneClusterImpl (MiniOzoneClusterImpl.java:lambda$waitForClusterToBeReady$0(147)) - Waiting for cluster to be ready. Got 0 of 10 DN Heartbeats.
2019-10-02 11:21:45,811 [org.apache.hadoop.util.JvmPauseMonitor$Monitor@13ad032b] INFO  util.JvmPauseMonitor (JvmPauseMonitor.java:run(188)) - Starting JVM pause monitor
2019-10-02 11:21:45,813 [Datanode State Machine Thread - 0] INFO  datanode.InitDatanodeState (InitDatanodeState.java:persistContainerDatanodeDetails(140)) - DatanodeDetails is persisted to /workdir/hadoop-ozone/integration-test/target/test-dir/MiniOzoneClusterImpl-544d5193-f7b3-4e33-ac9d-9d27303d2a96/datanode-9/meta/datanode.id
2019-10-02 11:21:46,811 [main] INFO  ozone.MiniOzoneClusterImpl (MiniOzoneClusterImpl.java:lambda$waitForClusterToBeReady$0(147)) - Waiting for cluster to be ready. Got 0 of 10 DN Heartbeats.
2019-10-02 11:21:47,153 [Datanode State Machine Thread - 0] INFO  ozoneimpl.OzoneContainer (OzoneContainer.java:start(217)) - Attempting to start container services.
2019-10-02 11:21:47,155 [Datanode State Machine Thread - 0] INFO  ozoneimpl.OzoneContainer (OzoneContainer.java:startContainerScrub(179)) - Background container scanner has been disabled.
2019-10-02 11:21:47,155 [Datanode State Machine Thread - 0] INFO  ratis.XceiverServerRatis (XceiverServerRatis.java:start(417)) - Starting XceiverServerRatis 2efd349e-feaf-4869-a93b-bd8bfaac471f at port 0
2019-10-02 11:21:47,178 [Datanode State Machine Thread - 0] INFO  impl.RaftServerProxy (RaftServerProxy.java:lambda$start$3(299)) - 2efd349e-feaf-4869-a93b-bd8bfaac471f: start RPC server
2019-10-02 11:21:47,211 [Datanode State Machine Thread - 0] INFO  ozoneimpl.OzoneContainer (OzoneContainer.java:start(217)) - Attempting to start container services.
2019-10-02 11:21:47,217 [Datanode State Machine Thread - 0] INFO  ozoneimpl.OzoneContainer (OzoneContainer.java:startContainerScrub(179)) - Background container scanner has been disabled.
2019-10-02 11:21:47,217 [Datanode State Machine Thread - 0] INFO  ratis.XceiverServerRatis (XceiverServerRatis.java:start(417)) - Starting XceiverServerRatis 255f5341-67af-48a5-9f0a-34079e58e4b3 at port 0
2019-10-02 11:21:47,228 [Datanode State Machine Thread - 0] INFO  impl.RaftServerProxy (RaftServerProxy.java:lambda$start$3(299)) - 255f5341-67af-48a5-9f0a-34079e58e4b3: start RPC server
2019-10-02 11:21:47,290 [Datanode State Machine Thread - 0] INFO  ozoneimpl.OzoneContainer (OzoneContainer.java:start(217)) - Attempting to start container services.
2019-10-02 11:21:47,291 [Datanode State Machine Thread - 0] INFO  ozoneimpl.OzoneContainer (OzoneContainer.java:startContainerScrub(179)) - Background container scanner has been disabled.
2019-10-02 11:21:47,291 [Datanode State Machine Thread - 0] INFO  ratis.XceiverServerRatis (XceiverServerRatis.java:start(417)) - Starting XceiverServerRatis c5209792-15f6-46a4-8128-2e7c6fbeb642 at port 0
2019-10-02 11:21:47,298 [Datanode State Machine Thread - 0] INFO  impl.RaftServerProxy (RaftServerProxy.java:lambda$start$3(299)) - c5209792-15f6-46a4-8128-2e7c6fbeb642: start RPC server
2019-10-02 11:21:47,323 [Datanode State Machine Thread - 0] INFO  server.GrpcService (GrpcService.java:startImpl(158)) - c5209792-15f6-46a4-8128-2e7c6fbeb642: GrpcService started, listening on 0.0.0.0/0.0.0.0:34481
2019-10-02 11:21:47,323 [Datanode State Machine Thread - 0] INFO  server.GrpcService (GrpcService.java:startImpl(158)) - 255f5341-67af-48a5-9f0a-34079e58e4b3: GrpcService started, listening on 0.0.0.0/0.0.0.0:40199
2019-10-02 11:21:47,323 [Datanode State Machine Thread - 0] INFO  server.GrpcService (GrpcService.java:startImpl(158)) - 2efd349e-feaf-4869-a93b-bd8bfaac471f: GrpcService started, listening on 0.0.0.0/0.0.0.0:46738
2019-10-02 11:21:47,325 [Datanode State Machine Thread - 0] INFO  ratis.XceiverServerRatis (XceiverServerRatis.java:start(427)) - XceiverServerRatis 255f5341-67af-48a5-9f0a-34079e58e4b3 is started using port 40199
2019-10-02 11:21:47,324 [Datanode State Machine Thread - 0] INFO  ratis.XceiverServerRatis (XceiverServerRatis.java:start(427)) - XceiverServerRatis c5209792-15f6-46a4-8128-2e7c6fbeb642 is started using port 34481
2019-10-02 11:21:47,325 [Datanode State Machine Thread - 0] INFO  ratis.XceiverServerRatis (XceiverServerRatis.java:start(427)) - XceiverServerRatis 2efd349e-feaf-4869-a93b-bd8bfaac471f is started using port 46738
2019-10-02 11:21:47,334 [Datanode State Machine Thread - 0] INFO  server.XceiverServerGrpc (XceiverServerGrpc.java:start(149)) - XceiverServerGrpc 2efd349e-feaf-4869-a93b-bd8bfaac471f is started using port 46332
2019-10-02 11:21:47,334 [Datanode State Machine Thread - 0] INFO  server.XceiverServerGrpc (XceiverServerGrpc.java:start(149)) - XceiverServerGrpc c5209792-15f6-46a4-8128-2e7c6fbeb642 is started using port 34157
2019-10-02 11:21:47,335 [Datanode State Machine Thread - 0] INFO  server.XceiverServerGrpc (XceiverServerGrpc.java:start(149)) - XceiverServerGrpc 255f5341-67af-48a5-9f0a-34079e58e4b3 is started using port 37925
2019-10-02 11:21:47,366 [Datanode State Machine Thread - 0] INFO  ozoneimpl.OzoneContainer (OzoneContainer.java:start(217)) - Attempting to start container services.
2019-10-02 11:21:47,366 [Datanode State Machine Thread - 0] INFO  ozoneimpl.OzoneContainer (OzoneContainer.java:startContainerScrub(179)) - Background container scanner has been disabled.
2019-10-02 11:21:47,367 [Datanode State Machine Thread - 0] INFO  ratis.XceiverServerRatis (XceiverServerRatis.java:start(417)) - Starting XceiverServerRatis 99afa1ab-f70e-454d-b97f-b50504ecadc2 at port 0
2019-10-02 11:21:47,374 [Datanode State Machine Thread - 0] INFO  impl.RaftServerProxy (RaftServerProxy.java:lambda$start$3(299)) - 99afa1ab-f70e-454d-b97f-b50504ecadc2: start RPC server
2019-10-02 11:21:47,378 [Datanode State Machine Thread - 0] INFO  server.GrpcService (GrpcService.java:startImpl(158)) - 99afa1ab-f70e-454d-b97f-b50504ecadc2: GrpcService started, listening on 0.0.0.0/0.0.0.0:41178
2019-10-02 11:21:47,378 [Datanode State Machine Thread - 0] INFO  ratis.XceiverServerRatis (XceiverServerRatis.java:start(427)) - XceiverServerRatis 99afa1ab-f70e-454d-b97f-b50504ecadc2 is started using port 41178
2019-10-02 11:21:47,388 [Datanode State Machine Thread - 0] INFO  server.XceiverServerGrpc (XceiverServerGrpc.java:start(149)) - XceiverServerGrpc 99afa1ab-f70e-454d-b97f-b50504ecadc2 is started using port 43387
2019-10-02 11:21:47,442 [Datanode State Machine Thread - 0] INFO  ozoneimpl.OzoneContainer (OzoneContainer.java:start(217)) - Attempting to start container services.
2019-10-02 11:21:47,443 [Datanode State Machine Thread - 0] INFO  ozoneimpl.OzoneContainer (OzoneContainer.java:startContainerScrub(179)) - Background container scanner has been disabled.
2019-10-02 11:21:47,443 [Datanode State Machine Thread - 0] INFO  ratis.XceiverServerRatis (XceiverServerRatis.java:start(417)) - Starting XceiverServerRatis fa2082ef-2be2-4bae-9323-f7b52755e8d7 at port 0
2019-10-02 11:21:47,450 [Datanode State Machine Thread - 0] INFO  impl.RaftServerProxy (RaftServerProxy.java:lambda$start$3(299)) - fa2082ef-2be2-4bae-9323-f7b52755e8d7: start RPC server
2019-10-02 11:21:47,453 [Datanode State Machine Thread - 0] INFO  server.GrpcService (GrpcService.java:startImpl(158)) - fa2082ef-2be2-4bae-9323-f7b52755e8d7: GrpcService started, listening on 0.0.0.0/0.0.0.0:39327
2019-10-02 11:21:47,454 [Datanode State Machine Thread - 0] INFO  ratis.XceiverServerRatis (XceiverServerRatis.java:start(427)) - XceiverServerRatis fa2082ef-2be2-4bae-9323-f7b52755e8d7 is started using port 39327
2019-10-02 11:21:47,456 [Datanode State Machine Thread - 0] INFO  server.XceiverServerGrpc (XceiverServerGrpc.java:start(149)) - XceiverServerGrpc fa2082ef-2be2-4bae-9323-f7b52755e8d7 is started using port 33467
2019-10-02 11:21:47,515 [Datanode State Machine Thread - 0] INFO  ozoneimpl.OzoneContainer (OzoneContainer.java:start(217)) - Attempting to start container services.
2019-10-02 11:21:47,515 [Datanode State Machine Thread - 0] INFO  ozoneimpl.OzoneContainer (OzoneContainer.java:startContainerScrub(179)) - Background container scanner has been disabled.
2019-10-02 11:21:47,516 [Datanode State Machine Thread - 0] INFO  ratis.XceiverServerRatis (XceiverServerRatis.java:start(417)) - Starting XceiverServerRatis 9e274982-f195-4b5c-a6c7-0e3088e4c0d1 at port 0
2019-10-02 11:21:47,522 [Datanode State Machine Thread - 0] INFO  impl.RaftServerProxy (RaftServerProxy.java:lambda$start$3(299)) - 9e274982-f195-4b5c-a6c7-0e3088e4c0d1: start RPC server
2019-10-02 11:21:47,526 [Datanode State Machine Thread - 0] INFO  server.GrpcService (GrpcService.java:startImpl(158)) - 9e274982-f195-4b5c-a6c7-0e3088e4c0d1: GrpcService started, listening on 0.0.0.0/0.0.0.0:43345
2019-10-02 11:21:47,526 [Datanode State Machine Thread - 0] INFO  ratis.XceiverServerRatis (XceiverServerRatis.java:start(427)) - XceiverServerRatis 9e274982-f195-4b5c-a6c7-0e3088e4c0d1 is started using port 43345
2019-10-02 11:21:47,529 [Datanode State Machine Thread - 0] INFO  server.XceiverServerGrpc (XceiverServerGrpc.java:start(149)) - XceiverServerGrpc 9e274982-f195-4b5c-a6c7-0e3088e4c0d1 is started using port 43053
2019-10-02 11:21:47,587 [Datanode State Machine Thread - 0] INFO  ozoneimpl.OzoneContainer (OzoneContainer.java:start(217)) - Attempting to start container services.
2019-10-02 11:21:47,587 [Datanode State Machine Thread - 0] INFO  ozoneimpl.OzoneContainer (OzoneContainer.java:startContainerScrub(179)) - Background container scanner has been disabled.
2019-10-02 11:21:47,587 [Datanode State Machine Thread - 0] INFO  ratis.XceiverServerRatis (XceiverServerRatis.java:start(417)) - Starting XceiverServerRatis 64a4ccc3-1591-40f2-b301-6887c574969c at port 0
2019-10-02 11:21:47,593 [Datanode State Machine Thread - 0] INFO  impl.RaftServerProxy (RaftServerProxy.java:lambda$start$3(299)) - 64a4ccc3-1591-40f2-b301-6887c574969c: start RPC server
2019-10-02 11:21:47,596 [Datanode State Machine Thread - 0] INFO  server.GrpcService (GrpcService.java:startImpl(158)) - 64a4ccc3-1591-40f2-b301-6887c574969c: GrpcService started, listening on 0.0.0.0/0.0.0.0:41012
2019-10-02 11:21:47,596 [Datanode State Machine Thread - 0] INFO  ratis.XceiverServerRatis (XceiverServerRatis.java:start(427)) - XceiverServerRatis 64a4ccc3-1591-40f2-b301-6887c574969c is started using port 41012
2019-10-02 11:21:47,599 [Datanode State Machine Thread - 0] INFO  server.XceiverServerGrpc (XceiverServerGrpc.java:start(149)) - XceiverServerGrpc 64a4ccc3-1591-40f2-b301-6887c574969c is started using port 33434
2019-10-02 11:21:47,658 [Datanode State Machine Thread - 0] INFO  ozoneimpl.OzoneContainer (OzoneContainer.java:start(217)) - Attempting to start container services.
2019-10-02 11:21:47,658 [Datanode State Machine Thread - 0] INFO  ozoneimpl.OzoneContainer (OzoneContainer.java:startContainerScrub(179)) - Background container scanner has been disabled.
2019-10-02 11:21:47,658 [Datanode State Machine Thread - 0] INFO  ratis.XceiverServerRatis (XceiverServerRatis.java:start(417)) - Starting XceiverServerRatis 5a152cad-2f68-44e1-8661-622a6e2403aa at port 0
2019-10-02 11:21:47,665 [Datanode State Machine Thread - 0] INFO  impl.RaftServerProxy (RaftServerProxy.java:lambda$start$3(299)) - 5a152cad-2f68-44e1-8661-622a6e2403aa: start RPC server
2019-10-02 11:21:47,668 [Datanode State Machine Thread - 0] INFO  server.GrpcService (GrpcService.java:startImpl(158)) - 5a152cad-2f68-44e1-8661-622a6e2403aa: GrpcService started, listening on 0.0.0.0/0.0.0.0:41282
2019-10-02 11:21:47,669 [Datanode State Machine Thread - 0] INFO  ratis.XceiverServerRatis (XceiverServerRatis.java:start(427)) - XceiverServerRatis 5a152cad-2f68-44e1-8661-622a6e2403aa is started using port 41282
2019-10-02 11:21:47,672 [Datanode State Machine Thread - 0] INFO  server.XceiverServerGrpc (XceiverServerGrpc.java:start(149)) - XceiverServerGrpc 5a152cad-2f68-44e1-8661-622a6e2403aa is started using port 39805
2019-10-02 11:21:47,752 [Datanode State Machine Thread - 0] INFO  ozoneimpl.OzoneContainer (OzoneContainer.java:start(217)) - Attempting to start container services.
2019-10-02 11:21:47,752 [Datanode State Machine Thread - 0] INFO  ozoneimpl.OzoneContainer (OzoneContainer.java:startContainerScrub(179)) - Background container scanner has been disabled.
2019-10-02 11:21:47,752 [Datanode State Machine Thread - 0] INFO  ratis.XceiverServerRatis (XceiverServerRatis.java:start(417)) - Starting XceiverServerRatis bb050479-c71d-42eb-a7b6-5f26a483c913 at port 0
2019-10-02 11:21:47,759 [Datanode State Machine Thread - 0] INFO  impl.RaftServerProxy (RaftServerProxy.java:lambda$start$3(299)) - bb050479-c71d-42eb-a7b6-5f26a483c913: start RPC server
2019-10-02 11:21:47,773 [Datanode State Machine Thread - 0] INFO  server.GrpcService (GrpcService.java:startImpl(158)) - bb050479-c71d-42eb-a7b6-5f26a483c913: GrpcService started, listening on 0.0.0.0/0.0.0.0:36341
2019-10-02 11:21:47,773 [Datanode State Machine Thread - 0] INFO  ratis.XceiverServerRatis (XceiverServerRatis.java:start(427)) - XceiverServerRatis bb050479-c71d-42eb-a7b6-5f26a483c913 is started using port 36341
2019-10-02 11:21:47,780 [Datanode State Machine Thread - 0] INFO  server.XceiverServerGrpc (XceiverServerGrpc.java:start(149)) - XceiverServerGrpc bb050479-c71d-42eb-a7b6-5f26a483c913 is started using port 36422
2019-10-02 11:21:47,811 [main] INFO  ozone.MiniOzoneClusterImpl (MiniOzoneClusterImpl.java:lambda$waitForClusterToBeReady$0(147)) - Waiting for cluster to be ready. Got 0 of 10 DN Heartbeats.
2019-10-02 11:21:47,828 [Datanode State Machine Thread - 0] INFO  ozoneimpl.OzoneContainer (OzoneContainer.java:start(217)) - Attempting to start container services.
2019-10-02 11:21:47,829 [Datanode State Machine Thread - 0] INFO  ozoneimpl.OzoneContainer (OzoneContainer.java:startContainerScrub(179)) - Background container scanner has been disabled.
2019-10-02 11:21:47,829 [Datanode State Machine Thread - 0] INFO  ratis.XceiverServerRatis (XceiverServerRatis.java:start(417)) - Starting XceiverServerRatis 18fe2ab8-cd21-4778-862d-95375402d60b at port 0
2019-10-02 11:21:47,837 [Datanode State Machine Thread - 0] INFO  impl.RaftServerProxy (RaftServerProxy.java:lambda$start$3(299)) - 18fe2ab8-cd21-4778-862d-95375402d60b: start RPC server
2019-10-02 11:21:47,842 [Datanode State Machine Thread - 0] INFO  server.GrpcService (GrpcService.java:startImpl(158)) - 18fe2ab8-cd21-4778-862d-95375402d60b: GrpcService started, listening on 0.0.0.0/0.0.0.0:36547
2019-10-02 11:21:47,842 [Datanode State Machine Thread - 0] INFO  ratis.XceiverServerRatis (XceiverServerRatis.java:start(427)) - XceiverServerRatis 18fe2ab8-cd21-4778-862d-95375402d60b is started using port 36547
2019-10-02 11:21:47,873 [Datanode State Machine Thread - 0] INFO  server.XceiverServerGrpc (XceiverServerGrpc.java:start(149)) - XceiverServerGrpc 18fe2ab8-cd21-4778-862d-95375402d60b is started using port 36681
2019-10-02 11:21:48,814 [main] INFO  ozone.MiniOzoneClusterImpl (MiniOzoneClusterImpl.java:lambda$waitForClusterToBeReady$0(147)) - Waiting for cluster to be ready. Got 0 of 10 DN Heartbeats.
2019-10-02 11:21:49,140 [IPC Server handler 9 on 46406] INFO  net.NetworkTopology (NetworkTopologyImpl.java:add(111)) - Added a new node: /rack1/2efd349e-feaf-4869-a93b-bd8bfaac471f
2019-10-02 11:21:49,141 [IPC Server handler 9 on 46406] INFO  node.SCMNodeManager (SCMNodeManager.java:register(269)) - Registered Data node : 2efd349e-feaf-4869-a93b-bd8bfaac471f{ip: 192.168.151.122, host: pr-hdds-2199-dnstouuidmap-nxzb2-26233584, networkLocation: /rack1, certSerialId: null}
2019-10-02 11:21:49,146 [EventQueue-NodeRegistrationContainerReportForDataNodeSafeModeRule] INFO  safemode.SCMSafeModeManager (DataNodeSafeModeRule.java:process(71)) - SCM in safe mode. 1 DataNodes registered, 1 required.
2019-10-02 11:21:49,149 [EventQueue-NodeRegistrationContainerReportForDataNodeSafeModeRule] INFO  safemode.SCMSafeModeManager (SCMSafeModeManager.java:validateSafeModeExitRules(177)) - ScmSafeModeManager, all rules are successfully validated
2019-10-02 11:21:49,149 [EventQueue-NodeRegistrationContainerReportForDataNodeSafeModeRule] INFO  safemode.SCMSafeModeManager (SCMSafeModeManager.java:exitSafeMode(193)) - SCM exiting safe mode.
2019-10-02 11:21:49,199 [IPC Server handler 6 on 46406] INFO  net.NetworkTopology (NetworkTopologyImpl.java:add(111)) - Added a new node: /rack1/255f5341-67af-48a5-9f0a-34079e58e4b3
2019-10-02 11:21:49,202 [IPC Server handler 6 on 46406] INFO  node.SCMNodeManager (SCMNodeManager.java:register(269)) - Registered Data node : 255f5341-67af-48a5-9f0a-34079e58e4b3{ip: 192.168.151.122, host: pr-hdds-2199-dnstouuidmap-nxzb2-26233584, networkLocation: /rack1, certSerialId: null}
2019-10-02 11:21:49,278 [IPC Server handler 10 on 46406] INFO  net.NetworkTopology (NetworkTopologyImpl.java:add(111)) - Added a new node: /rack1/c5209792-15f6-46a4-8128-2e7c6fbeb642
2019-10-02 11:21:49,278 [IPC Server handler 10 on 46406] INFO  node.SCMNodeManager (SCMNodeManager.java:register(269)) - Registered Data node : c5209792-15f6-46a4-8128-2e7c6fbeb642{ip: 192.168.151.122, host: pr-hdds-2199-dnstouuidmap-nxzb2-26233584, networkLocation: /rack1, certSerialId: null}
2019-10-02 11:21:49,356 [IPC Server handler 7 on 46406] INFO  net.NetworkTopology (NetworkTopologyImpl.java:add(111)) - Added a new node: /rack1/99afa1ab-f70e-454d-b97f-b50504ecadc2
2019-10-02 11:21:49,357 [IPC Server handler 7 on 46406] INFO  node.SCMNodeManager (SCMNodeManager.java:register(269)) - Registered Data node : 99afa1ab-f70e-454d-b97f-b50504ecadc2{ip: 192.168.151.122, host: pr-hdds-2199-dnstouuidmap-nxzb2-26233584, networkLocation: /rack1, certSerialId: null}
2019-10-02 11:21:49,430 [IPC Server handler 5 on 46406] INFO  net.NetworkTopology (NetworkTopologyImpl.java:add(111)) - Added a new node: /rack1/fa2082ef-2be2-4bae-9323-f7b52755e8d7
2019-10-02 11:21:49,430 [IPC Server handler 5 on 46406] INFO  node.SCMNodeManager (SCMNodeManager.java:register(269)) - Registered Data node : fa2082ef-2be2-4bae-9323-f7b52755e8d7{ip: 192.168.151.122, host: pr-hdds-2199-dnstouuidmap-nxzb2-26233584, networkLocation: /rack1, certSerialId: null}
2019-10-02 11:21:49,505 [IPC Server handler 4 on 46406] INFO  net.NetworkTopology (NetworkTopologyImpl.java:add(111)) - Added a new node: /rack1/9e274982-f195-4b5c-a6c7-0e3088e4c0d1
2019-10-02 11:21:49,505 [IPC Server handler 4 on 46406] INFO  node.SCMNodeManager (SCMNodeManager.java:register(269)) - Registered Data node : 9e274982-f195-4b5c-a6c7-0e3088e4c0d1{ip: 192.168.151.122, host: pr-hdds-2199-dnstouuidmap-nxzb2-26233584, networkLocation: /rack1, certSerialId: null}
2019-10-02 11:21:49,575 [IPC Server handler 1 on 46406] INFO  net.NetworkTopology (NetworkTopologyImpl.java:add(111)) - Added a new node: /rack1/64a4ccc3-1591-40f2-b301-6887c574969c
2019-10-02 11:21:49,575 [IPC Server handler 1 on 46406] INFO  node.SCMNodeManager (SCMNodeManager.java:register(269)) - Registered Data node : 64a4ccc3-1591-40f2-b301-6887c574969c{ip: 192.168.151.122, host: pr-hdds-2199-dnstouuidmap-nxzb2-26233584, networkLocation: /rack1, certSerialId: null}
2019-10-02 11:21:49,646 [IPC Server handler 2 on 46406] INFO  net.NetworkTopology (NetworkTopologyImpl.java:add(111)) - Added a new node: /rack1/5a152cad-2f68-44e1-8661-622a6e2403aa
2019-10-02 11:21:49,646 [IPC Server handler 2 on 46406] INFO  node.SCMNodeManager (SCMNodeManager.java:register(269)) - Registered Data node : 5a152cad-2f68-44e1-8661-622a6e2403aa{ip: 192.168.151.122, host: pr-hdds-2199-dnstouuidmap-nxzb2-26233584, networkLocation: /rack1, certSerialId: null}
2019-10-02 11:21:49,726 [grpc-default-executor-0] INFO  impl.RaftServerProxy (RaftServerProxy.java:addNew(89)) - 2efd349e-feaf-4869-a93b-bd8bfaac471f: addNew group-3C281C7C625B:[2efd349e-feaf-4869-a93b-bd8bfaac471f:192.168.151.122:46738] returns group-3C281C7C625B:java.util.concurrent.CompletableFuture@33b96b2c[Not completed]
2019-10-02 11:21:49,751 [IPC Server handler 3 on 46406] INFO  net.NetworkTopology (NetworkTopologyImpl.java:add(111)) - Added a new node: /rack1/bb050479-c71d-42eb-a7b6-5f26a483c913
2019-10-02 11:21:49,751 [IPC Server handler 3 on 46406] INFO  node.SCMNodeManager (SCMNodeManager.java:register(269)) - Registered Data node : bb050479-c71d-42eb-a7b6-5f26a483c913{ip: 192.168.151.122, host: pr-hdds-2199-dnstouuidmap-nxzb2-26233584, networkLocation: /rack1, certSerialId: null}
2019-10-02 11:21:49,763 [pool-27-thread-1] INFO  impl.RaftServerImpl (RaftServerImpl.java:<init>(95)) - 2efd349e-feaf-4869-a93b-bd8bfaac471f: new RaftServerImpl for group-3C281C7C625B:[2efd349e-feaf-4869-a93b-bd8bfaac471f:192.168.151.122:46738] with ContainerStateMachine:uninitialized
2019-10-02 11:21:49,765 [pool-27-thread-1] INFO  server.RaftServerConfigKeys (ConfUtils.java:logGet(43)) - raft.server.rpc.timeout.min = 1s (custom)
2019-10-02 11:21:49,767 [pool-27-thread-1] INFO  server.RaftServerConfigKeys (ConfUtils.java:logGet(43)) - raft.server.rpc.timeout.max = 1200ms (custom)
2019-10-02 11:21:49,768 [pool-27-thread-1] INFO  server.RaftServerConfigKeys (ConfUtils.java:logGet(43)) - raft.server.rpcslowness.timeout = 120s (custom)
2019-10-02 11:21:49,768 [pool-27-thread-1] INFO  server.RaftServerConfigKeys (ConfUtils.java:logGet(43)) - raft.server.sleep.deviation.threshold = 300 (default)
2019-10-02 11:21:49,769 [pool-27-thread-1] INFO  server.RaftServerConfigKeys (ConfUtils.java:logGet(43)) - raft.server.log.appender.install.snapshot.enabled = false (custom)
2019-10-02 11:21:49,778 [pool-27-thread-1] INFO  impl.RaftServerImpl (ServerState.java:<init>(103)) - 2efd349e-feaf-4869-a93b-bd8bfaac471f@group-3C281C7C625B: ConfigurationManager, init=-1: [2efd349e-feaf-4869-a93b-bd8bfaac471f:192.168.151.122:46738], old=null, confs=<EMPTY_MAP>
2019-10-02 11:21:49,779 [pool-27-thread-1] INFO  server.RaftServerConfigKeys (ConfUtils.java:logGet(43)) - raft.server.storage.dir = [/workdir/hadoop-ozone/integration-test/target/test-dir/MiniOzoneClusterImpl-544d5193-f7b3-4e33-ac9d-9d27303d2a96/datanode-0/data/ratis] (custom)
2019-10-02 11:21:49,786 [pool-27-thread-1] INFO  server.RaftServerConfigKeys (ConfUtils.java:logGet(43)) - raft.server.log.corruption.policy = EXCEPTION (default)
2019-10-02 11:21:49,788 [pool-27-thread-1] INFO  storage.RaftStorageDirectory (RaftStorageDirectory.java:analyzeStorage(246)) - The storage directory /workdir/hadoop-ozone/integration-test/target/test-dir/MiniOzoneClusterImpl-544d5193-f7b3-4e33-ac9d-9d27303d2a96/datanode-0/data/ratis/86701aa5-fa74-4370-822f-3c281c7c625b does not exist. Creating ...
2019-10-02 11:21:49,815 [main] INFO  ozone.MiniOzoneClusterImpl (MiniOzoneClusterImpl.java:lambda$waitForClusterToBeReady$0(147)) - Waiting for cluster to be ready. Got 9 of 10 DN Heartbeats.
2019-10-02 11:21:49,815 [IPC Server handler 9 on 46406] INFO  net.NetworkTopology (NetworkTopologyImpl.java:add(111)) - Added a new node: /rack1/18fe2ab8-cd21-4778-862d-95375402d60b
2019-10-02 11:21:49,816 [IPC Server handler 9 on 46406] INFO  node.SCMNodeManager (SCMNodeManager.java:register(269)) - Registered Data node : 18fe2ab8-cd21-4778-862d-95375402d60b{ip: 192.168.151.122, host: pr-hdds-2199-dnstouuidmap-nxzb2-26233584, networkLocation: /rack1, certSerialId: null}
2019-10-02 11:21:50,818 [main] INFO  ozone.MiniOzoneClusterImpl (MiniOzoneClusterImpl.java:lambda$waitForClusterToBeReady$0(147)) - Cluster is ready. Got 10 of 10 DN Heartbeats.
2019-10-02 11:21:51,392 [main] INFO  rpc.RpcClient (RpcClient.java:createVolume(276)) - Creating Volume: datanodefailurehandlingtest, with jenkins1000 as owner.
2019-10-02 11:21:51,608 [IPC Server handler 2 on 41260] INFO  volume.OMVolumeCreateRequest (OMVolumeCreateRequest.java:validateAndUpdateCache(194)) - created volume:datanodefailurehandlingtest for user:jenkins1000
2019-10-02 11:21:52,155 [Thread-283] INFO  container.ReplicationManager (ReplicationManager.java:start(162)) - Starting Replication Monitor Thread.
2019-10-02 11:21:52,160 [ReplicationMonitor] INFO  container.ReplicationManager (ReplicationManager.java:run(225)) - Replication Monitor Thread took 1 milliseconds for processing 0 containers.
2019-10-02 11:21:52,343 [RATISCREATEPIPELINE1] ERROR pipeline.RatisPipelineProvider (RatisPipelineProvider.java:lambda$null$5(235)) - Failed invoke Ratis rpc org.apache.hadoop.hdds.scm.pipeline.RatisPipelineProvider$$Lambda$184/2003814937@77b7fd59 for 2efd349e-feaf-4869-a93b-bd8bfaac471f
org.apache.ratis.protocol.TimeoutIOException: deadline exceeded after 2946106327ns
	at org.apache.ratis.grpc.GrpcUtil.tryUnwrapException(GrpcUtil.java:82)
	at org.apache.ratis.grpc.GrpcUtil.unwrapException(GrpcUtil.java:75)
	at org.apache.ratis.grpc.client.GrpcClientProtocolClient.blockingCall(GrpcClientProtocolClient.java:184)
	at org.apache.ratis.grpc.client.GrpcClientProtocolClient.groupAdd(GrpcClientProtocolClient.java:153)
	at org.apache.ratis.grpc.client.GrpcClientRpc.sendRequest(GrpcClientRpc.java:94)
	at org.apache.ratis.client.impl.RaftClientImpl.sendRequest(RaftClientImpl.java:278)
	at org.apache.ratis.client.impl.RaftClientImpl.groupAdd(RaftClientImpl.java:205)
	at org.apache.hadoop.hdds.scm.pipeline.RatisPipelineProvider.lambda$initializePipeline$4(RatisPipelineProvider.java:196)
	at org.apache.hadoop.hdds.scm.pipeline.RatisPipelineProvider.lambda$null$5(RatisPipelineProvider.java:231)
	at java.util.stream.ForEachOps$ForEachOp$OfRef.accept(ForEachOps.java:184)
	at java.util.ArrayList$ArrayListSpliterator.forEachRemaining(ArrayList.java:1382)
	at java.util.stream.AbstractPipeline.copyInto(AbstractPipeline.java:482)
	at java.util.stream.ForEachOps$ForEachTask.compute(ForEachOps.java:291)
	at java.util.concurrent.CountedCompleter.exec(CountedCompleter.java:731)
	at java.util.concurrent.ForkJoinTask.doExec(ForkJoinTask.java:289)
	at java.util.concurrent.ForkJoinTask.doInvoke(ForkJoinTask.java:401)
	at java.util.concurrent.ForkJoinTask.invoke(ForkJoinTask.java:734)
	at java.util.stream.ForEachOps$ForEachOp.evaluateParallel(ForEachOps.java:160)
	at java.util.stream.ForEachOps$ForEachOp$OfRef.evaluateParallel(ForEachOps.java:174)
	at java.util.stream.AbstractPipeline.evaluate(AbstractPipeline.java:233)
	at java.util.stream.ReferencePipeline.forEach(ReferencePipeline.java:418)
	at java.util.stream.ReferencePipeline$Head.forEach(ReferencePipeline.java:583)
	at org.apache.hadoop.hdds.scm.pipeline.RatisPipelineProvider.lambda$callRatisRpc$6(RatisPipelineProvider.java:225)
	at java.util.concurrent.ForkJoinTask$AdaptedRunnableAction.exec(ForkJoinTask.java:1386)
	at java.util.concurrent.ForkJoinTask.doExec(ForkJoinTask.java:289)
	at java.util.concurrent.ForkJoinPool$WorkQueue.runTask(ForkJoinPool.java:1056)
	at java.util.concurrent.ForkJoinPool.runWorker(ForkJoinPool.java:1692)
	at java.util.concurrent.ForkJoinWorkerThread.run(ForkJoinWorkerThread.java:157)
Caused by: org.apache.ratis.thirdparty.io.grpc.StatusRuntimeException: DEADLINE_EXCEEDED: deadline exceeded after 2946106327ns
	at org.apache.ratis.thirdparty.io.grpc.stub.ClientCalls.toStatusRuntimeException(ClientCalls.java:233)
	at org.apache.ratis.thirdparty.io.grpc.stub.ClientCalls.getUnchecked(ClientCalls.java:214)
	at org.apache.ratis.thirdparty.io.grpc.stub.ClientCalls.blockingUnaryCall(ClientCalls.java:139)
	at org.apache.ratis.proto.grpc.AdminProtocolServiceGrpc$AdminProtocolServiceBlockingStub.groupManagement(AdminProtocolServiceGrpc.java:274)
	at org.apache.ratis.grpc.client.GrpcClientProtocolClient.lambda$groupAdd$3(GrpcClientProtocolClient.java:155)
	at org.apache.ratis.grpc.client.GrpcClientProtocolClient.blockingCall(GrpcClientProtocolClient.java:182)
	... 25 more
2019-10-02 11:21:52,407 [grpc-default-executor-1] INFO  impl.RaftServerProxy (RaftServerProxy.java:addNew(89)) - 99afa1ab-f70e-454d-b97f-b50504ecadc2: addNew group-B42E39A6701C:[255f5341-67af-48a5-9f0a-34079e58e4b3:192.168.151.122:40199, 5a152cad-2f68-44e1-8661-622a6e2403aa:192.168.151.122:41282, 99afa1ab-f70e-454d-b97f-b50504ecadc2:192.168.151.122:41178] returns group-B42E39A6701C:java.util.concurrent.CompletableFuture@7ff9186c[Not completed]
2019-10-02 11:21:52,415 [grpc-default-executor-2] INFO  impl.RaftServerProxy (RaftServerProxy.java:addNew(89)) - 5a152cad-2f68-44e1-8661-622a6e2403aa: addNew group-B42E39A6701C:[255f5341-67af-48a5-9f0a-34079e58e4b3:192.168.151.122:40199, 5a152cad-2f68-44e1-8661-622a6e2403aa:192.168.151.122:41282, 99afa1ab-f70e-454d-b97f-b50504ecadc2:192.168.151.122:41178] returns group-B42E39A6701C:java.util.concurrent.CompletableFuture@b10799d[Not completed]
2019-10-02 11:21:52,460 [grpc-default-executor-1] INFO  impl.RaftServerProxy (RaftServerProxy.java:addNew(89)) - 255f5341-67af-48a5-9f0a-34079e58e4b3: addNew group-B42E39A6701C:[255f5341-67af-48a5-9f0a-34079e58e4b3:192.168.151.122:40199, 5a152cad-2f68-44e1-8661-622a6e2403aa:192.168.151.122:41282, 99afa1ab-f70e-454d-b97f-b50504ecadc2:192.168.151.122:41178] returns group-B42E39A6701C:java.util.concurrent.CompletableFuture@28dba02c[Not completed]
2019-10-02 11:21:52,480 [pool-57-thread-1] INFO  impl.RaftServerImpl (RaftServerImpl.java:<init>(95)) - 99afa1ab-f70e-454d-b97f-b50504ecadc2: new RaftServerImpl for group-B42E39A6701C:[255f5341-67af-48a5-9f0a-34079e58e4b3:192.168.151.122:40199, 5a152cad-2f68-44e1-8661-622a6e2403aa:192.168.151.122:41282, 99afa1ab-f70e-454d-b97f-b50504ecadc2:192.168.151.122:41178] with ContainerStateMachine:uninitialized
2019-10-02 11:21:52,485 [pool-57-thread-1] INFO  server.RaftServerConfigKeys (ConfUtils.java:logGet(43)) - raft.server.rpc.timeout.min = 1s (custom)
2019-10-02 11:21:52,524 [pool-57-thread-1] INFO  server.RaftServerConfigKeys (ConfUtils.java:logGet(43)) - raft.server.rpc.timeout.max = 1200ms (custom)
2019-10-02 11:21:52,524 [pool-57-thread-1] INFO  server.RaftServerConfigKeys (ConfUtils.java:logGet(43)) - raft.server.rpcslowness.timeout = 120s (custom)
2019-10-02 11:21:52,524 [pool-57-thread-1] INFO  server.RaftServerConfigKeys (ConfUtils.java:logGet(43)) - raft.server.sleep.deviation.threshold = 300 (default)
2019-10-02 11:21:52,524 [pool-57-thread-1] INFO  server.RaftServerConfigKeys (ConfUtils.java:logGet(43)) - raft.server.log.appender.install.snapshot.enabled = false (custom)
2019-10-02 11:21:52,524 [pool-57-thread-1] INFO  impl.RaftServerImpl (ServerState.java:<init>(103)) - 99afa1ab-f70e-454d-b97f-b50504ecadc2@group-B42E39A6701C: ConfigurationManager, init=-1: [255f5341-67af-48a5-9f0a-34079e58e4b3:192.168.151.122:40199, 5a152cad-2f68-44e1-8661-622a6e2403aa:192.168.151.122:41282, 99afa1ab-f70e-454d-b97f-b50504ecadc2:192.168.151.122:41178], old=null, confs=<EMPTY_MAP>
2019-10-02 11:21:52,524 [pool-57-thread-1] INFO  server.RaftServerConfigKeys (ConfUtils.java:logGet(43)) - raft.server.storage.dir = [/workdir/hadoop-ozone/integration-test/target/test-dir/MiniOzoneClusterImpl-544d5193-f7b3-4e33-ac9d-9d27303d2a96/datanode-3/data/ratis] (custom)
2019-10-02 11:21:52,529 [pool-97-thread-1] INFO  impl.RaftServerImpl (RaftServerImpl.java:<init>(95)) - 5a152cad-2f68-44e1-8661-622a6e2403aa: new RaftServerImpl for group-B42E39A6701C:[255f5341-67af-48a5-9f0a-34079e58e4b3:192.168.151.122:40199, 5a152cad-2f68-44e1-8661-622a6e2403aa:192.168.151.122:41282, 99afa1ab-f70e-454d-b97f-b50504ecadc2:192.168.151.122:41178] with ContainerStateMachine:uninitialized
2019-10-02 11:21:52,529 [pool-57-thread-1] INFO  server.RaftServerConfigKeys (ConfUtils.java:logGet(43)) - raft.server.log.corruption.policy = EXCEPTION (default)
2019-10-02 11:21:52,529 [pool-97-thread-1] INFO  server.RaftServerConfigKeys (ConfUtils.java:logGet(43)) - raft.server.rpc.timeout.min = 1s (custom)
2019-10-02 11:21:52,529 [pool-57-thread-1] INFO  storage.RaftStorageDirectory (RaftStorageDirectory.java:analyzeStorage(246)) - The storage directory /workdir/hadoop-ozone/integration-test/target/test-dir/MiniOzoneClusterImpl-544d5193-f7b3-4e33-ac9d-9d27303d2a96/datanode-3/data/ratis/3d6876c1-a150-4168-8e0e-b42e39a6701c does not exist. Creating ...
2019-10-02 11:21:52,531 [pool-97-thread-1] INFO  server.RaftServerConfigKeys (ConfUtils.java:logGet(43)) - raft.server.rpc.timeout.max = 1200ms (custom)
2019-10-02 11:21:52,531 [pool-97-thread-1] INFO  server.RaftServerConfigKeys (ConfUtils.java:logGet(43)) - raft.server.rpcslowness.timeout = 120s (custom)
2019-10-02 11:21:52,531 [pool-97-thread-1] INFO  server.RaftServerConfigKeys (ConfUtils.java:logGet(43)) - raft.server.sleep.deviation.threshold = 300 (default)
2019-10-02 11:21:52,531 [pool-97-thread-1] INFO  server.RaftServerConfigKeys (ConfUtils.java:logGet(43)) - raft.server.log.appender.install.snapshot.enabled = false (custom)
2019-10-02 11:21:52,535 [pool-37-thread-1] INFO  impl.RaftServerImpl (RaftServerImpl.java:<init>(95)) - 255f5341-67af-48a5-9f0a-34079e58e4b3: new RaftServerImpl for group-B42E39A6701C:[255f5341-67af-48a5-9f0a-34079e58e4b3:192.168.151.122:40199, 5a152cad-2f68-44e1-8661-622a6e2403aa:192.168.151.122:41282, 99afa1ab-f70e-454d-b97f-b50504ecadc2:192.168.151.122:41178] with ContainerStateMachine:uninitialized
2019-10-02 11:21:52,536 [pool-97-thread-1] INFO  impl.RaftServerImpl (ServerState.java:<init>(103)) - 5a152cad-2f68-44e1-8661-622a6e2403aa@group-B42E39A6701C: ConfigurationManager, init=-1: [255f5341-67af-48a5-9f0a-34079e58e4b3:192.168.151.122:40199, 5a152cad-2f68-44e1-8661-622a6e2403aa:192.168.151.122:41282, 99afa1ab-f70e-454d-b97f-b50504ecadc2:192.168.151.122:41178], old=null, confs=<EMPTY_MAP>
2019-10-02 11:21:52,536 [pool-37-thread-1] INFO  server.RaftServerConfigKeys (ConfUtils.java:logGet(43)) - raft.server.rpc.timeout.min = 1s (custom)
2019-10-02 11:21:52,536 [pool-97-thread-1] INFO  server.RaftServerConfigKeys (ConfUtils.java:logGet(43)) - raft.server.storage.dir = [/workdir/hadoop-ozone/integration-test/target/test-dir/MiniOzoneClusterImpl-544d5193-f7b3-4e33-ac9d-9d27303d2a96/datanode-7/data/ratis] (custom)
2019-10-02 11:21:52,536 [pool-37-thread-1] INFO  server.RaftServerConfigKeys (ConfUtils.java:logGet(43)) - raft.server.rpc.timeout.max = 1200ms (custom)
2019-10-02 11:21:52,536 [pool-37-thread-1] INFO  server.RaftServerConfigKeys (ConfUtils.java:logGet(43)) - raft.server.rpcslowness.timeout = 120s (custom)
2019-10-02 11:21:52,536 [pool-97-thread-1] INFO  server.RaftServerConfigKeys (ConfUtils.java:logGet(43)) - raft.server.log.corruption.policy = EXCEPTION (default)
2019-10-02 11:21:52,536 [pool-37-thread-1] INFO  server.RaftServerConfigKeys (ConfUtils.java:logGet(43)) - raft.server.sleep.deviation.threshold = 300 (default)
2019-10-02 11:21:52,537 [pool-37-thread-1] INFO  server.RaftServerConfigKeys (ConfUtils.java:logGet(43)) - raft.server.log.appender.install.snapshot.enabled = false (custom)
2019-10-02 11:21:52,537 [pool-97-thread-1] INFO  storage.RaftStorageDirectory (RaftStorageDirectory.java:analyzeStorage(246)) - The storage directory /workdir/hadoop-ozone/integration-test/target/test-dir/MiniOzoneClusterImpl-544d5193-f7b3-4e33-ac9d-9d27303d2a96/datanode-7/data/ratis/3d6876c1-a150-4168-8e0e-b42e39a6701c does not exist. Creating ...
2019-10-02 11:21:52,537 [pool-37-thread-1] INFO  impl.RaftServerImpl (ServerState.java:<init>(103)) - 255f5341-67af-48a5-9f0a-34079e58e4b3@group-B42E39A6701C: ConfigurationManager, init=-1: [255f5341-67af-48a5-9f0a-34079e58e4b3:192.168.151.122:40199, 5a152cad-2f68-44e1-8661-622a6e2403aa:192.168.151.122:41282, 99afa1ab-f70e-454d-b97f-b50504ecadc2:192.168.151.122:41178], old=null, confs=<EMPTY_MAP>
2019-10-02 11:21:52,537 [pool-37-thread-1] INFO  server.RaftServerConfigKeys (ConfUtils.java:logGet(43)) - raft.server.storage.dir = [/workdir/hadoop-ozone/integration-test/target/test-dir/MiniOzoneClusterImpl-544d5193-f7b3-4e33-ac9d-9d27303d2a96/datanode-1/data/ratis] (custom)
2019-10-02 11:21:52,537 [pool-37-thread-1] INFO  server.RaftServerConfigKeys (ConfUtils.java:logGet(43)) - raft.server.log.corruption.policy = EXCEPTION (default)
2019-10-02 11:21:52,538 [pool-37-thread-1] INFO  storage.RaftStorageDirectory (RaftStorageDirectory.java:analyzeStorage(246)) - The storage directory /workdir/hadoop-ozone/integration-test/target/test-dir/MiniOzoneClusterImpl-544d5193-f7b3-4e33-ac9d-9d27303d2a96/datanode-1/data/ratis/3d6876c1-a150-4168-8e0e-b42e39a6701c does not exist. Creating ...
2019-10-02 11:21:52,666 [main] INFO  rpc.RpcClient (RpcClient.java:createBucket(415)) - Creating Bucket: datanodefailurehandlingtest/datanodefailurehandlingtest, with Versioning false and Storage Type set to DISK and Encryption set to false 
2019-10-02 11:21:55,370 [RATISCREATEPIPELINE3] ERROR pipeline.RatisPipelineProvider (RatisPipelineProvider.java:lambda$null$5(235)) - Failed invoke Ratis rpc org.apache.hadoop.hdds.scm.pipeline.RatisPipelineProvider$$Lambda$184/2003814937@10614b22 for 5a152cad-2f68-44e1-8661-622a6e2403aa
org.apache.ratis.protocol.TimeoutIOException: deadline exceeded after 2996161168ns
	at org.apache.ratis.grpc.GrpcUtil.tryUnwrapException(GrpcUtil.java:82)
	at org.apache.ratis.grpc.GrpcUtil.unwrapException(GrpcUtil.java:75)
	at org.apache.ratis.grpc.client.GrpcClientProtocolClient.blockingCall(GrpcClientProtocolClient.java:184)
	at org.apache.ratis.grpc.client.GrpcClientProtocolClient.groupAdd(GrpcClientProtocolClient.java:153)
	at org.apache.ratis.grpc.client.GrpcClientRpc.sendRequest(GrpcClientRpc.java:94)
	at org.apache.ratis.client.impl.RaftClientImpl.sendRequest(RaftClientImpl.java:278)
	at org.apache.ratis.client.impl.RaftClientImpl.groupAdd(RaftClientImpl.java:205)
	at org.apache.hadoop.hdds.scm.pipeline.RatisPipelineProvider.lambda$initializePipeline$4(RatisPipelineProvider.java:196)
	at org.apache.hadoop.hdds.scm.pipeline.RatisPipelineProvider.lambda$null$5(RatisPipelineProvider.java:231)
	at java.util.stream.ForEachOps$ForEachOp$OfRef.accept(ForEachOps.java:184)
	at java.util.ArrayList$ArrayListSpliterator.forEachRemaining(ArrayList.java:1382)
	at java.util.stream.AbstractPipeline.copyInto(AbstractPipeline.java:482)
	at java.util.stream.ForEachOps$ForEachTask.compute(ForEachOps.java:291)
	at java.util.concurrent.CountedCompleter.exec(CountedCompleter.java:731)
	at java.util.concurrent.ForkJoinTask.doExec(ForkJoinTask.java:289)
	at java.util.concurrent.ForkJoinPool$WorkQueue.runTask(ForkJoinPool.java:1056)
	at java.util.concurrent.ForkJoinPool.runWorker(ForkJoinPool.java:1692)
	at java.util.concurrent.ForkJoinWorkerThread.run(ForkJoinWorkerThread.java:157)
Caused by: org.apache.ratis.thirdparty.io.grpc.StatusRuntimeException: DEADLINE_EXCEEDED: deadline exceeded after 2996161168ns
	at org.apache.ratis.thirdparty.io.grpc.stub.ClientCalls.toStatusRuntimeException(ClientCalls.java:233)
	at org.apache.ratis.thirdparty.io.grpc.stub.ClientCalls.getUnchecked(ClientCalls.java:214)
	at org.apache.ratis.thirdparty.io.grpc.stub.ClientCalls.blockingUnaryCall(ClientCalls.java:139)
	at org.apache.ratis.proto.grpc.AdminProtocolServiceGrpc$AdminProtocolServiceBlockingStub.groupManagement(AdminProtocolServiceGrpc.java:274)
	at org.apache.ratis.grpc.client.GrpcClientProtocolClient.lambda$groupAdd$3(GrpcClientProtocolClient.java:155)
	at org.apache.ratis.grpc.client.GrpcClientProtocolClient.blockingCall(GrpcClientProtocolClient.java:182)
	... 15 more
2019-10-02 11:21:55,374 [RATISCREATEPIPELINE1] ERROR pipeline.RatisPipelineProvider (RatisPipelineProvider.java:lambda$null$5(235)) - Failed invoke Ratis rpc org.apache.hadoop.hdds.scm.pipeline.RatisPipelineProvider$$Lambda$184/2003814937@10614b22 for 99afa1ab-f70e-454d-b97f-b50504ecadc2
org.apache.ratis.protocol.TimeoutIOException: deadline exceeded after 2999772901ns
	at org.apache.ratis.grpc.GrpcUtil.tryUnwrapException(GrpcUtil.java:82)
	at org.apache.ratis.grpc.GrpcUtil.unwrapException(GrpcUtil.java:75)
	at org.apache.ratis.grpc.client.GrpcClientProtocolClient.blockingCall(GrpcClientProtocolClient.java:184)
	at org.apache.ratis.grpc.client.GrpcClientProtocolClient.groupAdd(GrpcClientProtocolClient.java:153)
	at org.apache.ratis.grpc.client.GrpcClientRpc.sendRequest(GrpcClientRpc.java:94)
	at org.apache.ratis.client.impl.RaftClientImpl.sendRequest(RaftClientImpl.java:278)
	at org.apache.ratis.client.impl.RaftClientImpl.groupAdd(RaftClientImpl.java:205)
	at org.apache.hadoop.hdds.scm.pipeline.RatisPipelineProvider.lambda$initializePipeline$4(RatisPipelineProvider.java:196)
	at org.apache.hadoop.hdds.scm.pipeline.RatisPipelineProvider.lambda$null$5(RatisPipelineProvider.java:231)
	at java.util.stream.ForEachOps$ForEachOp$OfRef.accept(ForEachOps.java:184)
	at java.util.ArrayList$ArrayListSpliterator.forEachRemaining(ArrayList.java:1382)
	at java.util.stream.AbstractPipeline.copyInto(AbstractPipeline.java:482)
	at java.util.stream.ForEachOps$ForEachTask.compute(ForEachOps.java:291)
	at java.util.concurrent.CountedCompleter.exec(CountedCompleter.java:731)
	at java.util.concurrent.ForkJoinTask.doExec(ForkJoinTask.java:289)
	at java.util.concurrent.ForkJoinTask.doInvoke(ForkJoinTask.java:401)
	at java.util.concurrent.ForkJoinTask.invoke(ForkJoinTask.java:734)
	at java.util.stream.ForEachOps$ForEachOp.evaluateParallel(ForEachOps.java:160)
	at java.util.stream.ForEachOps$ForEachOp$OfRef.evaluateParallel(ForEachOps.java:174)
	at java.util.stream.AbstractPipeline.evaluate(AbstractPipeline.java:233)
	at java.util.stream.ReferencePipeline.forEach(ReferencePipeline.java:418)
	at java.util.stream.ReferencePipeline$Head.forEach(ReferencePipeline.java:583)
	at org.apache.hadoop.hdds.scm.pipeline.RatisPipelineProvider.lambda$callRatisRpc$6(RatisPipelineProvider.java:225)
	at java.util.concurrent.ForkJoinTask$AdaptedRunnableAction.exec(ForkJoinTask.java:1386)
	at java.util.concurrent.ForkJoinTask.doExec(ForkJoinTask.java:289)
	at java.util.concurrent.ForkJoinPool$WorkQueue.runTask(ForkJoinPool.java:1056)
	at java.util.concurrent.ForkJoinPool.runWorker(ForkJoinPool.java:1692)
	at java.util.concurrent.ForkJoinWorkerThread.run(ForkJoinWorkerThread.java:157)
Caused by: org.apache.ratis.thirdparty.io.grpc.StatusRuntimeException: DEADLINE_EXCEEDED: deadline exceeded after 2999772901ns
	at org.apache.ratis.thirdparty.io.grpc.stub.ClientCalls.toStatusRuntimeException(ClientCalls.java:233)
	at org.apache.ratis.thirdparty.io.grpc.stub.ClientCalls.getUnchecked(ClientCalls.java:214)
	at org.apache.ratis.thirdparty.io.grpc.stub.ClientCalls.blockingUnaryCall(ClientCalls.java:139)
	at org.apache.ratis.proto.grpc.AdminProtocolServiceGrpc$AdminProtocolServiceBlockingStub.groupManagement(AdminProtocolServiceGrpc.java:274)
	at org.apache.ratis.grpc.client.GrpcClientProtocolClient.lambda$groupAdd$3(GrpcClientProtocolClient.java:155)
	at org.apache.ratis.grpc.client.GrpcClientProtocolClient.blockingCall(GrpcClientProtocolClient.java:182)
	... 25 more
2019-10-02 11:21:55,372 [RATISCREATEPIPELINE2] ERROR pipeline.RatisPipelineProvider (RatisPipelineProvider.java:lambda$null$5(235)) - Failed invoke Ratis rpc org.apache.hadoop.hdds.scm.pipeline.RatisPipelineProvider$$Lambda$184/2003814937@10614b22 for 255f5341-67af-48a5-9f0a-34079e58e4b3
org.apache.ratis.protocol.TimeoutIOException: deadline exceeded after 2996296481ns
	at org.apache.ratis.grpc.GrpcUtil.tryUnwrapException(GrpcUtil.java:82)
	at org.apache.ratis.grpc.GrpcUtil.unwrapException(GrpcUtil.java:75)
	at org.apache.ratis.grpc.client.GrpcClientProtocolClient.blockingCall(GrpcClientProtocolClient.java:184)
	at org.apache.ratis.grpc.client.GrpcClientProtocolClient.groupAdd(GrpcClientProtocolClient.java:153)
	at org.apache.ratis.grpc.client.GrpcClientRpc.sendRequest(GrpcClientRpc.java:94)
	at org.apache.ratis.client.impl.RaftClientImpl.sendRequest(RaftClientImpl.java:278)
	at org.apache.ratis.client.impl.RaftClientImpl.groupAdd(RaftClientImpl.java:205)
	at org.apache.hadoop.hdds.scm.pipeline.RatisPipelineProvider.lambda$initializePipeline$4(RatisPipelineProvider.java:196)
	at org.apache.hadoop.hdds.scm.pipeline.RatisPipelineProvider.lambda$null$5(RatisPipelineProvider.java:231)
	at java.util.stream.ForEachOps$ForEachOp$OfRef.accept(ForEachOps.java:184)
	at java.util.ArrayList$ArrayListSpliterator.forEachRemaining(ArrayList.java:1382)
	at java.util.stream.AbstractPipeline.copyInto(AbstractPipeline.java:482)
	at java.util.stream.ForEachOps$ForEachTask.compute(ForEachOps.java:291)
	at java.util.concurrent.CountedCompleter.exec(CountedCompleter.java:731)
	at java.util.concurrent.ForkJoinTask.doExec(ForkJoinTask.java:289)
	at java.util.concurrent.ForkJoinPool$WorkQueue.runTask(ForkJoinPool.java:1056)
	at java.util.concurrent.ForkJoinPool.runWorker(ForkJoinPool.java:1692)
	at java.util.concurrent.ForkJoinWorkerThread.run(ForkJoinWorkerThread.java:157)
Caused by: org.apache.ratis.thirdparty.io.grpc.StatusRuntimeException: DEADLINE_EXCEEDED: deadline exceeded after 2996296481ns
	at org.apache.ratis.thirdparty.io.grpc.stub.ClientCalls.toStatusRuntimeException(ClientCalls.java:233)
	at org.apache.ratis.thirdparty.io.grpc.stub.ClientCalls.getUnchecked(ClientCalls.java:214)
	at org.apache.ratis.thirdparty.io.grpc.stub.ClientCalls.blockingUnaryCall(ClientCalls.java:139)
	at org.apache.ratis.proto.grpc.AdminProtocolServiceGrpc$AdminProtocolServiceBlockingStub.groupManagement(AdminProtocolServiceGrpc.java:274)
	at org.apache.ratis.grpc.client.GrpcClientProtocolClient.lambda$groupAdd$3(GrpcClientProtocolClient.java:155)
	at org.apache.ratis.grpc.client.GrpcClientProtocolClient.blockingCall(GrpcClientProtocolClient.java:182)
	... 15 more
2019-10-02 11:21:55,408 [grpc-default-executor-1] INFO  impl.RaftServerProxy (RaftServerProxy.java:addNew(89)) - 255f5341-67af-48a5-9f0a-34079e58e4b3: addNew group-334F83988BD0:[255f5341-67af-48a5-9f0a-34079e58e4b3:192.168.151.122:40199] returns group-334F83988BD0:java.util.concurrent.CompletableFuture@6b9dec08[Not completed]
2019-10-02 11:22:02,754 [pool-97-thread-1] INFO  storage.RaftStorageDirectory (RaftStorageDirectory.java:tryLock(328)) - Lock on /workdir/hadoop-ozone/integration-test/target/test-dir/MiniOzoneClusterImpl-544d5193-f7b3-4e33-ac9d-9d27303d2a96/datanode-7/data/ratis/3d6876c1-a150-4168-8e0e-b42e39a6701c/in_use.lock acquired by nodename 1997@pr-hdds-2199-dnstouuidmap-nxzb2-26233584
2019-10-02 11:22:02,754 [pool-37-thread-1] INFO  storage.RaftStorageDirectory (RaftStorageDirectory.java:tryLock(328)) - Lock on /workdir/hadoop-ozone/integration-test/target/test-dir/MiniOzoneClusterImpl-544d5193-f7b3-4e33-ac9d-9d27303d2a96/datanode-1/data/ratis/3d6876c1-a150-4168-8e0e-b42e39a6701c/in_use.lock acquired by nodename 1997@pr-hdds-2199-dnstouuidmap-nxzb2-26233584
2019-10-02 11:22:02,754 [pool-57-thread-1] INFO  storage.RaftStorageDirectory (RaftStorageDirectory.java:tryLock(328)) - Lock on /workdir/hadoop-ozone/integration-test/target/test-dir/MiniOzoneClusterImpl-544d5193-f7b3-4e33-ac9d-9d27303d2a96/datanode-3/data/ratis/3d6876c1-a150-4168-8e0e-b42e39a6701c/in_use.lock acquired by nodename 1997@pr-hdds-2199-dnstouuidmap-nxzb2-26233584
2019-10-02 11:22:02,754 [pool-27-thread-1] INFO  storage.RaftStorageDirectory (RaftStorageDirectory.java:tryLock(328)) - Lock on /workdir/hadoop-ozone/integration-test/target/test-dir/MiniOzoneClusterImpl-544d5193-f7b3-4e33-ac9d-9d27303d2a96/datanode-0/data/ratis/86701aa5-fa74-4370-822f-3c281c7c625b/in_use.lock acquired by nodename 1997@pr-hdds-2199-dnstouuidmap-nxzb2-26233584
2019-10-02 11:22:02,992 [SCM Heartbeat Processing Thread - 0] ERROR node.NodeStateManager (NodeStateManager.java:checkNodesHealth(626)) - Total time spend processing datanode HB's is greater than configured values for datanode heartbeats. Please adjust the heartbeat configs. Time Spend on HB processing: 1 seconds Datanode heartbeat Interval: 100 seconds.
2019-10-02 11:22:03,030 [RATISCREATEPIPELINE1] ERROR pipeline.RatisPipelineProvider (RatisPipelineProvider.java:lambda$null$5(235)) - Failed invoke Ratis rpc org.apache.hadoop.hdds.scm.pipeline.RatisPipelineProvider$$Lambda$184/2003814937@6f09cc9b for 255f5341-67af-48a5-9f0a-34079e58e4b3
org.apache.ratis.protocol.TimeoutIOException: deadline exceeded after 2999771147ns
	at org.apache.ratis.grpc.GrpcUtil.tryUnwrapException(GrpcUtil.java:82)
	at org.apache.ratis.grpc.GrpcUtil.unwrapException(GrpcUtil.java:75)
	at org.apache.ratis.grpc.client.GrpcClientProtocolClient.blockingCall(GrpcClientProtocolClient.java:184)
	at org.apache.ratis.grpc.client.GrpcClientProtocolClient.groupAdd(GrpcClientProtocolClient.java:153)
	at org.apache.ratis.grpc.client.GrpcClientRpc.sendRequest(GrpcClientRpc.java:94)
	at org.apache.ratis.client.impl.RaftClientImpl.sendRequest(RaftClientImpl.java:278)
	at org.apache.ratis.client.impl.RaftClientImpl.groupAdd(RaftClientImpl.java:205)
	at org.apache.hadoop.hdds.scm.pipeline.RatisPipelineProvider.lambda$initializePipeline$4(RatisPipelineProvider.java:196)
	at org.apache.hadoop.hdds.scm.pipeline.RatisPipelineProvider.lambda$null$5(RatisPipelineProvider.java:231)
	at java.util.stream.ForEachOps$ForEachOp$OfRef.accept(ForEachOps.java:184)
	at java.util.ArrayList$ArrayListSpliterator.forEachRemaining(ArrayList.java:1382)
	at java.util.stream.AbstractPipeline.copyInto(AbstractPipeline.java:482)
	at java.util.stream.ForEachOps$ForEachTask.compute(ForEachOps.java:291)
	at java.util.concurrent.CountedCompleter.exec(CountedCompleter.java:731)
	at java.util.concurrent.ForkJoinTask.doExec(ForkJoinTask.java:289)
	at java.util.concurrent.ForkJoinTask.doInvoke(ForkJoinTask.java:401)
	at java.util.concurrent.ForkJoinTask.invoke(ForkJoinTask.java:734)
	at java.util.stream.ForEachOps$ForEachOp.evaluateParallel(ForEachOps.java:160)
	at java.util.stream.ForEachOps$ForEachOp$OfRef.evaluateParallel(ForEachOps.java:174)
	at java.util.stream.AbstractPipeline.evaluate(AbstractPipeline.java:233)
	at java.util.stream.ReferencePipeline.forEach(ReferencePipeline.java:418)
	at java.util.stream.ReferencePipeline$Head.forEach(ReferencePipeline.java:583)
	at org.apache.hadoop.hdds.scm.pipeline.RatisPipelineProvider.lambda$callRatisRpc$6(RatisPipelineProvider.java:225)
	at java.util.concurrent.ForkJoinTask$AdaptedRunnableAction.exec(ForkJoinTask.java:1386)
	at java.util.concurrent.ForkJoinTask.doExec(ForkJoinTask.java:289)
	at java.util.concurrent.ForkJoinPool$WorkQueue.runTask(ForkJoinPool.java:1056)
	at java.util.concurrent.ForkJoinPool.runWorker(ForkJoinPool.java:1692)
	at java.util.concurrent.ForkJoinWorkerThread.run(ForkJoinWorkerThread.java:157)
Caused by: org.apache.ratis.thirdparty.io.grpc.StatusRuntimeException: DEADLINE_EXCEEDED: deadline exceeded after 2999771147ns
	at org.apache.ratis.thirdparty.io.grpc.stub.ClientCalls.toStatusRuntimeException(ClientCalls.java:233)
	at org.apache.ratis.thirdparty.io.grpc.stub.ClientCalls.getUnchecked(ClientCalls.java:214)
	at org.apache.ratis.thirdparty.io.grpc.stub.ClientCalls.blockingUnaryCall(ClientCalls.java:139)
	at org.apache.ratis.proto.grpc.AdminProtocolServiceGrpc$AdminProtocolServiceBlockingStub.groupManagement(AdminProtocolServiceGrpc.java:274)
	at org.apache.ratis.grpc.client.GrpcClientProtocolClient.lambda$groupAdd$3(GrpcClientProtocolClient.java:155)
	at org.apache.ratis.grpc.client.GrpcClientProtocolClient.blockingCall(GrpcClientProtocolClient.java:182)
	... 25 more
2019-10-02 11:22:03,064 [grpc-default-executor-1] INFO  impl.RaftServerProxy (RaftServerProxy.java:addNew(89)) - 99afa1ab-f70e-454d-b97f-b50504ecadc2: addNew group-CFA5962B69F1:[255f5341-67af-48a5-9f0a-34079e58e4b3:192.168.151.122:40199, 5a152cad-2f68-44e1-8661-622a6e2403aa:192.168.151.122:41282, 99afa1ab-f70e-454d-b97f-b50504ecadc2:192.168.151.122:41178] returns group-CFA5962B69F1:java.util.concurrent.CompletableFuture@33df8afb[Not completed]
2019-10-02 11:22:03,064 [grpc-default-executor-0] INFO  impl.RaftServerProxy (RaftServerProxy.java:addNew(89)) - 5a152cad-2f68-44e1-8661-622a6e2403aa: addNew group-CFA5962B69F1:[255f5341-67af-48a5-9f0a-34079e58e4b3:192.168.151.122:40199, 5a152cad-2f68-44e1-8661-622a6e2403aa:192.168.151.122:41282, 99afa1ab-f70e-454d-b97f-b50504ecadc2:192.168.151.122:41178] returns group-CFA5962B69F1:java.util.concurrent.CompletableFuture@6d2e2432[Not completed]
2019-10-02 11:22:03,064 [grpc-default-executor-2] INFO  impl.RaftServerProxy (RaftServerProxy.java:addNew(89)) - 255f5341-67af-48a5-9f0a-34079e58e4b3: addNew group-CFA5962B69F1:[255f5341-67af-48a5-9f0a-34079e58e4b3:192.168.151.122:40199, 5a152cad-2f68-44e1-8661-622a6e2403aa:192.168.151.122:41282, 99afa1ab-f70e-454d-b97f-b50504ecadc2:192.168.151.122:41178] returns group-CFA5962B69F1:java.util.concurrent.CompletableFuture@3ad195f4[Not completed]
2019-10-02 11:22:06,062 [RATISCREATEPIPELINE2] ERROR pipeline.RatisPipelineProvider (RatisPipelineProvider.java:lambda$null$5(235)) - Failed invoke Ratis rpc org.apache.hadoop.hdds.scm.pipeline.RatisPipelineProvider$$Lambda$184/2003814937@4cc10210 for 255f5341-67af-48a5-9f0a-34079e58e4b3
org.apache.ratis.protocol.TimeoutIOException: deadline exceeded after 2997996526ns
	at org.apache.ratis.grpc.GrpcUtil.tryUnwrapException(GrpcUtil.java:82)
	at org.apache.ratis.grpc.GrpcUtil.unwrapException(GrpcUtil.java:75)
	at org.apache.ratis.grpc.client.GrpcClientProtocolClient.blockingCall(GrpcClientProtocolClient.java:184)
	at org.apache.ratis.grpc.client.GrpcClientProtocolClient.groupAdd(GrpcClientProtocolClient.java:153)
	at org.apache.ratis.grpc.client.GrpcClientRpc.sendRequest(GrpcClientRpc.java:94)
	at org.apache.ratis.client.impl.RaftClientImpl.sendRequest(RaftClientImpl.java:278)
	at org.apache.ratis.client.impl.RaftClientImpl.groupAdd(RaftClientImpl.java:205)
	at org.apache.hadoop.hdds.scm.pipeline.RatisPipelineProvider.lambda$initializePipeline$4(RatisPipelineProvider.java:196)
	at org.apache.hadoop.hdds.scm.pipeline.RatisPipelineProvider.lambda$null$5(RatisPipelineProvider.java:231)
	at java.util.stream.ForEachOps$ForEachOp$OfRef.accept(ForEachOps.java:184)
	at java.util.ArrayList$ArrayListSpliterator.forEachRemaining(ArrayList.java:1382)
	at java.util.stream.AbstractPipeline.copyInto(AbstractPipeline.java:482)
	at java.util.stream.ForEachOps$ForEachTask.compute(ForEachOps.java:291)
	at java.util.concurrent.CountedCompleter.exec(CountedCompleter.java:731)
	at java.util.concurrent.ForkJoinTask.doExec(ForkJoinTask.java:289)
	at java.util.concurrent.ForkJoinPool$WorkQueue.runTask(ForkJoinPool.java:1056)
	at java.util.concurrent.ForkJoinPool.runWorker(ForkJoinPool.java:1692)
	at java.util.concurrent.ForkJoinWorkerThread.run(ForkJoinWorkerThread.java:157)
Caused by: org.apache.ratis.thirdparty.io.grpc.StatusRuntimeException: DEADLINE_EXCEEDED: deadline exceeded after 2997996526ns
	at org.apache.ratis.thirdparty.io.grpc.stub.ClientCalls.toStatusRuntimeException(ClientCalls.java:233)
	at org.apache.ratis.thirdparty.io.grpc.stub.ClientCalls.getUnchecked(ClientCalls.java:214)
	at org.apache.ratis.thirdparty.io.grpc.stub.ClientCalls.blockingUnaryCall(ClientCalls.java:139)
	at org.apache.ratis.proto.grpc.AdminProtocolServiceGrpc$AdminProtocolServiceBlockingStub.groupManagement(AdminProtocolServiceGrpc.java:274)
	at org.apache.ratis.grpc.client.GrpcClientProtocolClient.lambda$groupAdd$3(GrpcClientProtocolClient.java:155)
	at org.apache.ratis.grpc.client.GrpcClientProtocolClient.blockingCall(GrpcClientProtocolClient.java:182)
	... 15 more
2019-10-02 11:22:06,064 [pool-57-thread-1] INFO  storage.RaftStorage (RaftStorage.java:format(84)) - Storage directory /workdir/hadoop-ozone/integration-test/target/test-dir/MiniOzoneClusterImpl-544d5193-f7b3-4e33-ac9d-9d27303d2a96/datanode-3/data/ratis/3d6876c1-a150-4168-8e0e-b42e39a6701c has been successfully formatted.
2019-10-02 11:22:06,064 [pool-37-thread-1] INFO  storage.RaftStorage (RaftStorage.java:format(84)) - Storage directory /workdir/hadoop-ozone/integration-test/target/test-dir/MiniOzoneClusterImpl-544d5193-f7b3-4e33-ac9d-9d27303d2a96/datanode-1/data/ratis/3d6876c1-a150-4168-8e0e-b42e39a6701c has been successfully formatted.
2019-10-02 11:22:06,064 [pool-97-thread-1] INFO  storage.RaftStorage (RaftStorage.java:format(84)) - Storage directory /workdir/hadoop-ozone/integration-test/target/test-dir/MiniOzoneClusterImpl-544d5193-f7b3-4e33-ac9d-9d27303d2a96/datanode-7/data/ratis/3d6876c1-a150-4168-8e0e-b42e39a6701c has been successfully formatted.
2019-10-02 11:22:06,077 [RATISCREATEPIPELINE3] ERROR pipeline.RatisPipelineProvider (RatisPipelineProvider.java:lambda$null$5(235)) - Failed invoke Ratis rpc org.apache.hadoop.hdds.scm.pipeline.RatisPipelineProvider$$Lambda$184/2003814937@4cc10210 for 5a152cad-2f68-44e1-8661-622a6e2403aa
org.apache.ratis.protocol.TimeoutIOException: deadline exceeded after 2999517934ns
	at org.apache.ratis.grpc.GrpcUtil.tryUnwrapException(GrpcUtil.java:82)
	at org.apache.ratis.grpc.GrpcUtil.unwrapException(GrpcUtil.java:75)
	at org.apache.ratis.grpc.client.GrpcClientProtocolClient.blockingCall(GrpcClientProtocolClient.java:184)
	at org.apache.ratis.grpc.client.GrpcClientProtocolClient.groupAdd(GrpcClientProtocolClient.java:153)
	at org.apache.ratis.grpc.client.GrpcClientRpc.sendRequest(GrpcClientRpc.java:94)
	at org.apache.ratis.client.impl.RaftClientImpl.sendRequest(RaftClientImpl.java:278)
	at org.apache.ratis.client.impl.RaftClientImpl.groupAdd(RaftClientImpl.java:205)
	at org.apache.hadoop.hdds.scm.pipeline.RatisPipelineProvider.lambda$initializePipeline$4(RatisPipelineProvider.java:196)
	at org.apache.hadoop.hdds.scm.pipeline.RatisPipelineProvider.lambda$null$5(RatisPipelineProvider.java:231)
	at java.util.stream.ForEachOps$ForEachOp$OfRef.accept(ForEachOps.java:184)
	at java.util.ArrayList$ArrayListSpliterator.forEachRemaining(ArrayList.java:1382)
	at java.util.stream.AbstractPipeline.copyInto(AbstractPipeline.java:482)
	at java.util.stream.ForEachOps$ForEachTask.compute(ForEachOps.java:291)
	at java.util.concurrent.CountedCompleter.exec(CountedCompleter.java:731)
	at java.util.concurrent.ForkJoinTask.doExec(ForkJoinTask.java:289)
	at java.util.concurrent.ForkJoinPool$WorkQueue.runTask(ForkJoinPool.java:1056)
	at java.util.concurrent.ForkJoinPool.runWorker(ForkJoinPool.java:1692)
	at java.util.concurrent.ForkJoinWorkerThread.run(ForkJoinWorkerThread.java:157)
Caused by: org.apache.ratis.thirdparty.io.grpc.StatusRuntimeException: DEADLINE_EXCEEDED: deadline exceeded after 2999517934ns
	at org.apache.ratis.thirdparty.io.grpc.stub.ClientCalls.toStatusRuntimeException(ClientCalls.java:233)
	at org.apache.ratis.thirdparty.io.grpc.stub.ClientCalls.getUnchecked(ClientCalls.java:214)
	at org.apache.ratis.thirdparty.io.grpc.stub.ClientCalls.blockingUnaryCall(ClientCalls.java:139)
	at org.apache.ratis.proto.grpc.AdminProtocolServiceGrpc$AdminProtocolServiceBlockingStub.groupManagement(AdminProtocolServiceGrpc.java:274)
	at org.apache.ratis.grpc.client.GrpcClientProtocolClient.lambda$groupAdd$3(GrpcClientProtocolClient.java:155)
	at org.apache.ratis.grpc.client.GrpcClientProtocolClient.blockingCall(GrpcClientProtocolClient.java:182)
	... 15 more
2019-10-02 11:22:06,062 [pool-27-thread-1] INFO  storage.RaftStorage (RaftStorage.java:format(84)) - Storage directory /workdir/hadoop-ozone/integration-test/target/test-dir/MiniOzoneClusterImpl-544d5193-f7b3-4e33-ac9d-9d27303d2a96/datanode-0/data/ratis/86701aa5-fa74-4370-822f-3c281c7c625b has been successfully formatted.
2019-10-02 11:22:06,062 [RATISCREATEPIPELINE1] ERROR pipeline.RatisPipelineProvider (RatisPipelineProvider.java:lambda$null$5(235)) - Failed invoke Ratis rpc org.apache.hadoop.hdds.scm.pipeline.RatisPipelineProvider$$Lambda$184/2003814937@4cc10210 for 99afa1ab-f70e-454d-b97f-b50504ecadc2
org.apache.ratis.protocol.TimeoutIOException: deadline exceeded after 2997942072ns
	at org.apache.ratis.grpc.GrpcUtil.tryUnwrapException(GrpcUtil.java:82)
	at org.apache.ratis.grpc.GrpcUtil.unwrapException(GrpcUtil.java:75)
	at org.apache.ratis.grpc.client.GrpcClientProtocolClient.blockingCall(GrpcClientProtocolClient.java:184)
	at org.apache.ratis.grpc.client.GrpcClientProtocolClient.groupAdd(GrpcClientProtocolClient.java:153)
	at org.apache.ratis.grpc.client.GrpcClientRpc.sendRequest(GrpcClientRpc.java:94)
	at org.apache.ratis.client.impl.RaftClientImpl.sendRequest(RaftClientImpl.java:278)
	at org.apache.ratis.client.impl.RaftClientImpl.groupAdd(RaftClientImpl.java:205)
	at org.apache.hadoop.hdds.scm.pipeline.RatisPipelineProvider.lambda$initializePipeline$4(RatisPipelineProvider.java:196)
	at org.apache.hadoop.hdds.scm.pipeline.RatisPipelineProvider.lambda$null$5(RatisPipelineProvider.java:231)
	at java.util.stream.ForEachOps$ForEachOp$OfRef.accept(ForEachOps.java:184)
	at java.util.ArrayList$ArrayListSpliterator.forEachRemaining(ArrayList.java:1382)
	at java.util.stream.AbstractPipeline.copyInto(AbstractPipeline.java:482)
	at java.util.stream.ForEachOps$ForEachTask.compute(ForEachOps.java:291)
	at java.util.concurrent.CountedCompleter.exec(CountedCompleter.java:731)
	at java.util.concurrent.ForkJoinTask.doExec(ForkJoinTask.java:289)
	at java.util.concurrent.ForkJoinTask.doInvoke(ForkJoinTask.java:401)
	at java.util.concurrent.ForkJoinTask.invoke(ForkJoinTask.java:734)
	at java.util.stream.ForEachOps$ForEachOp.evaluateParallel(ForEachOps.java:160)
	at java.util.stream.ForEachOps$ForEachOp$OfRef.evaluateParallel(ForEachOps.java:174)
	at java.util.stream.AbstractPipeline.evaluate(AbstractPipeline.java:233)
	at java.util.stream.ReferencePipeline.forEach(ReferencePipeline.java:418)
	at java.util.stream.ReferencePipeline$Head.forEach(ReferencePipeline.java:583)
	at org.apache.hadoop.hdds.scm.pipeline.RatisPipelineProvider.lambda$callRatisRpc$6(RatisPipelineProvider.java:225)
	at java.util.concurrent.ForkJoinTask$AdaptedRunnableAction.exec(ForkJoinTask.java:1386)
	at java.util.concurrent.ForkJoinTask.doExec(ForkJoinTask.java:289)
	at java.util.concurrent.ForkJoinPool$WorkQueue.runTask(ForkJoinPool.java:1056)
	at java.util.concurrent.ForkJoinPool.runWorker(ForkJoinPool.java:1692)
	at java.util.concurrent.ForkJoinWorkerThread.run(ForkJoinWorkerThread.java:157)
Caused by: org.apache.ratis.thirdparty.io.grpc.StatusRuntimeException: DEADLINE_EXCEEDED: deadline exceeded after 2997942072ns
	at org.apache.ratis.thirdparty.io.grpc.stub.ClientCalls.toStatusRuntimeException(ClientCalls.java:233)
	at org.apache.ratis.thirdparty.io.grpc.stub.ClientCalls.getUnchecked(ClientCalls.java:214)
	at org.apache.ratis.thirdparty.io.grpc.stub.ClientCalls.blockingUnaryCall(ClientCalls.java:139)
	at org.apache.ratis.proto.grpc.AdminProtocolServiceGrpc$AdminProtocolServiceBlockingStub.groupManagement(AdminProtocolServiceGrpc.java:274)
	at org.apache.ratis.grpc.client.GrpcClientProtocolClient.lambda$groupAdd$3(GrpcClientProtocolClient.java:155)
	at org.apache.ratis.grpc.client.GrpcClientProtocolClient.blockingCall(GrpcClientProtocolClient.java:182)
	... 25 more
2019-10-02 11:22:06,086 [pool-27-thread-1] INFO  ratis.ContainerStateMachine (ContainerStateMachine.java:loadSnapshot(230)) - group-3C281C7C625B: The snapshot info is null. Setting the last applied indexto:(t:0, i:~)
2019-10-02 11:22:06,086 [pool-37-thread-1] INFO  ratis.ContainerStateMachine (ContainerStateMachine.java:loadSnapshot(230)) - group-B42E39A6701C: The snapshot info is null. Setting the last applied indexto:(t:0, i:~)
2019-10-02 11:22:06,086 [pool-57-thread-1] INFO  ratis.ContainerStateMachine (ContainerStateMachine.java:loadSnapshot(230)) - group-B42E39A6701C: The snapshot info is null. Setting the last applied indexto:(t:0, i:~)
2019-10-02 11:22:06,086 [pool-97-thread-1] INFO  ratis.ContainerStateMachine (ContainerStateMachine.java:loadSnapshot(230)) - group-B42E39A6701C: The snapshot info is null. Setting the last applied indexto:(t:0, i:~)
2019-10-02 11:22:06,089 [pool-57-thread-1] INFO  server.RaftServerConfigKeys (ConfUtils.java:logGet(43)) - raft.server.notification.no-leader.timeout = 120s (custom)
2019-10-02 11:22:06,089 [pool-27-thread-1] INFO  server.RaftServerConfigKeys (ConfUtils.java:logGet(43)) - raft.server.notification.no-leader.timeout = 120s (custom)
2019-10-02 11:22:06,089 [pool-37-thread-1] INFO  server.RaftServerConfigKeys (ConfUtils.java:logGet(43)) - raft.server.notification.no-leader.timeout = 120s (custom)
2019-10-02 11:22:06,092 [pool-97-thread-1] INFO  server.RaftServerConfigKeys (ConfUtils.java:logGet(43)) - raft.server.notification.no-leader.timeout = 120s (custom)
2019-10-02 11:22:06,112 [pool-27-thread-1] INFO  server.RaftServerConfigKeys (ConfUtils.java:logGet(43)) - raft.server.log.use.memory = false (default)
2019-10-02 11:22:06,112 [pool-37-thread-1] INFO  server.RaftServerConfigKeys (ConfUtils.java:logGet(43)) - raft.server.log.use.memory = false (default)
2019-10-02 11:22:06,112 [pool-57-thread-1] INFO  server.RaftServerConfigKeys (ConfUtils.java:logGet(43)) - raft.server.log.use.memory = false (default)
2019-10-02 11:22:06,112 [pool-97-thread-1] INFO  server.RaftServerConfigKeys (ConfUtils.java:logGet(43)) - raft.server.log.use.memory = false (default)
2019-10-02 11:22:06,117 [grpc-default-executor-0] INFO  impl.RaftServerProxy (RaftServerProxy.java:addNew(89)) - 5a152cad-2f68-44e1-8661-622a6e2403aa: addNew group-33DDF701D157:[255f5341-67af-48a5-9f0a-34079e58e4b3:192.168.151.122:40199, 5a152cad-2f68-44e1-8661-622a6e2403aa:192.168.151.122:41282, 99afa1ab-f70e-454d-b97f-b50504ecadc2:192.168.151.122:41178] returns group-33DDF701D157:java.util.concurrent.CompletableFuture@2a41528a[Not completed]
2019-10-02 11:22:06,119 [grpc-default-executor-0] INFO  impl.RaftServerProxy (RaftServerProxy.java:addNew(89)) - 99afa1ab-f70e-454d-b97f-b50504ecadc2: addNew group-33DDF701D157:[255f5341-67af-48a5-9f0a-34079e58e4b3:192.168.151.122:40199, 5a152cad-2f68-44e1-8661-622a6e2403aa:192.168.151.122:41282, 99afa1ab-f70e-454d-b97f-b50504ecadc2:192.168.151.122:41178] returns group-33DDF701D157:java.util.concurrent.CompletableFuture@a78ae53[Not completed]
2019-10-02 11:22:06,119 [grpc-default-executor-2] INFO  impl.RaftServerProxy (RaftServerProxy.java:addNew(89)) - 255f5341-67af-48a5-9f0a-34079e58e4b3: addNew group-33DDF701D157:[255f5341-67af-48a5-9f0a-34079e58e4b3:192.168.151.122:40199, 5a152cad-2f68-44e1-8661-622a6e2403aa:192.168.151.122:41282, 99afa1ab-f70e-454d-b97f-b50504ecadc2:192.168.151.122:41178] returns group-33DDF701D157:java.util.concurrent.CompletableFuture@6b3f86d2[Not completed]
2019-10-02 11:22:06,121 [pool-27-thread-1] INFO  server.RaftServerConfigKeys (ConfUtils.java:logGet(43)) - raft.server.log.purge.gap = 1000000 (custom)
2019-10-02 11:22:06,121 [pool-57-thread-1] INFO  server.RaftServerConfigKeys (ConfUtils.java:logGet(43)) - raft.server.log.purge.gap = 1000000 (custom)
2019-10-02 11:22:06,121 [pool-37-thread-1] INFO  server.RaftServerConfigKeys (ConfUtils.java:logGet(43)) - raft.server.log.purge.gap = 1000000 (custom)
2019-10-02 11:22:06,121 [pool-97-thread-1] INFO  server.RaftServerConfigKeys (ConfUtils.java:logGet(43)) - raft.server.log.purge.gap = 1000000 (custom)
2019-10-02 11:22:06,122 [pool-37-thread-1] INFO  server.RaftServerConfigKeys (ConfUtils.java:logGet(43)) - raft.server.log.appender.buffer.byte-limit = 33554432 (custom)
2019-10-02 11:22:06,121 [pool-57-thread-1] INFO  server.RaftServerConfigKeys (ConfUtils.java:logGet(43)) - raft.server.log.appender.buffer.byte-limit = 33554432 (custom)
2019-10-02 11:22:06,121 [pool-27-thread-1] INFO  server.RaftServerConfigKeys (ConfUtils.java:logGet(43)) - raft.server.log.appender.buffer.byte-limit = 33554432 (custom)
2019-10-02 11:22:06,122 [pool-97-thread-1] INFO  server.RaftServerConfigKeys (ConfUtils.java:logGet(43)) - raft.server.log.appender.buffer.byte-limit = 33554432 (custom)
2019-10-02 11:22:06,124 [pool-27-thread-1] INFO  server.RaftServerConfigKeys (ConfUtils.java:logGet(43)) - raft.server.log.segment.size.max = 1048576 (custom)
2019-10-02 11:22:06,124 [pool-57-thread-1] INFO  server.RaftServerConfigKeys (ConfUtils.java:logGet(43)) - raft.server.log.segment.size.max = 1048576 (custom)
2019-10-02 11:22:06,124 [pool-97-thread-1] INFO  server.RaftServerConfigKeys (ConfUtils.java:logGet(43)) - raft.server.log.segment.size.max = 1048576 (custom)
2019-10-02 11:22:06,124 [pool-37-thread-1] INFO  server.RaftServerConfigKeys (ConfUtils.java:logGet(43)) - raft.server.log.segment.size.max = 1048576 (custom)
2019-10-02 11:22:06,126 [pool-37-thread-1] INFO  impl.MetricsSystemImpl (MetricsSystemImpl.java:init(158)) - ratis metrics system started (again)
2019-10-02 11:22:06,134 [pool-57-thread-1] INFO  metrics.MetricRegistries (MetricRegistriesLoader.java:load(64)) - Loaded MetricRegistries class org.apache.ratis.metrics.impl.MetricRegistriesImpl
2019-10-02 11:22:06,223 [pool-57-thread-1] INFO  server.RaftServerConfigKeys (ConfUtils.java:logGet(43)) - raft.server.log.segment.cache.num.max = 2 (custom)
2019-10-02 11:22:06,223 [pool-97-thread-1] INFO  server.RaftServerConfigKeys (ConfUtils.java:logGet(43)) - raft.server.log.segment.cache.num.max = 2 (custom)
2019-10-02 11:22:06,223 [pool-27-thread-1] INFO  server.RaftServerConfigKeys (ConfUtils.java:logGet(43)) - raft.server.log.segment.cache.num.max = 2 (custom)
2019-10-02 11:22:06,223 [pool-37-thread-1] INFO  server.RaftServerConfigKeys (ConfUtils.java:logGet(43)) - raft.server.log.segment.cache.num.max = 2 (custom)
2019-10-02 11:22:06,230 [pool-57-thread-1] INFO  segmented.SegmentedRaftLogWorker (SegmentedRaftLogWorker.java:<init>(173)) - new 99afa1ab-f70e-454d-b97f-b50504ecadc2@group-B42E39A6701C-SegmentedRaftLogWorker for RaftStorage:Storage Directory /workdir/hadoop-ozone/integration-test/target/test-dir/MiniOzoneClusterImpl-544d5193-f7b3-4e33-ac9d-9d27303d2a96/datanode-3/data/ratis/3d6876c1-a150-4168-8e0e-b42e39a6701c
2019-10-02 11:22:06,230 [pool-37-thread-1] INFO  segmented.SegmentedRaftLogWorker (SegmentedRaftLogWorker.java:<init>(173)) - new 255f5341-67af-48a5-9f0a-34079e58e4b3@group-B42E39A6701C-SegmentedRaftLogWorker for RaftStorage:Storage Directory /workdir/hadoop-ozone/integration-test/target/test-dir/MiniOzoneClusterImpl-544d5193-f7b3-4e33-ac9d-9d27303d2a96/datanode-1/data/ratis/3d6876c1-a150-4168-8e0e-b42e39a6701c
2019-10-02 11:22:06,230 [pool-97-thread-1] INFO  segmented.SegmentedRaftLogWorker (SegmentedRaftLogWorker.java:<init>(173)) - new 5a152cad-2f68-44e1-8661-622a6e2403aa@group-B42E39A6701C-SegmentedRaftLogWorker for RaftStorage:Storage Directory /workdir/hadoop-ozone/integration-test/target/test-dir/MiniOzoneClusterImpl-544d5193-f7b3-4e33-ac9d-9d27303d2a96/datanode-7/data/ratis/3d6876c1-a150-4168-8e0e-b42e39a6701c
2019-10-02 11:22:06,230 [pool-27-thread-1] INFO  segmented.SegmentedRaftLogWorker (SegmentedRaftLogWorker.java:<init>(173)) - new 2efd349e-feaf-4869-a93b-bd8bfaac471f@group-3C281C7C625B-SegmentedRaftLogWorker for RaftStorage:Storage Directory /workdir/hadoop-ozone/integration-test/target/test-dir/MiniOzoneClusterImpl-544d5193-f7b3-4e33-ac9d-9d27303d2a96/datanode-0/data/ratis/86701aa5-fa74-4370-822f-3c281c7c625b
2019-10-02 11:22:06,232 [pool-57-thread-1] INFO  server.RaftServerConfigKeys (ConfUtils.java:logGet(43)) - raft.server.log.queue.byte-limit = 2147483647 (custom)
2019-10-02 11:22:06,232 [pool-37-thread-1] INFO  server.RaftServerConfigKeys (ConfUtils.java:logGet(43)) - raft.server.log.queue.byte-limit = 2147483647 (custom)
2019-10-02 11:22:06,232 [pool-97-thread-1] INFO  server.RaftServerConfigKeys (ConfUtils.java:logGet(43)) - raft.server.log.queue.byte-limit = 2147483647 (custom)
2019-10-02 11:22:06,232 [pool-27-thread-1] INFO  server.RaftServerConfigKeys (ConfUtils.java:logGet(43)) - raft.server.log.queue.byte-limit = 2147483647 (custom)
2019-10-02 11:22:06,232 [pool-57-thread-1] INFO  server.RaftServerConfigKeys (ConfUtils.java:logGet(43)) - raft.server.log.queue.element-limit = 1024 (custom)
2019-10-02 11:22:06,232 [pool-37-thread-1] INFO  server.RaftServerConfigKeys (ConfUtils.java:logGet(43)) - raft.server.log.queue.element-limit = 1024 (custom)
2019-10-02 11:22:06,233 [pool-97-thread-1] INFO  server.RaftServerConfigKeys (ConfUtils.java:logGet(43)) - raft.server.log.queue.element-limit = 1024 (custom)
2019-10-02 11:22:06,232 [pool-27-thread-1] INFO  server.RaftServerConfigKeys (ConfUtils.java:logGet(43)) - raft.server.log.queue.element-limit = 1024 (custom)
2019-10-02 11:22:06,234 [pool-57-thread-1] INFO  server.RaftServerConfigKeys (ConfUtils.java:logGet(43)) - raft.server.log.segment.size.max = 1048576 (custom)
2019-10-02 11:22:06,234 [pool-97-thread-1] INFO  server.RaftServerConfigKeys (ConfUtils.java:logGet(43)) - raft.server.log.segment.size.max = 1048576 (custom)
2019-10-02 11:22:06,234 [pool-27-thread-1] INFO  server.RaftServerConfigKeys (ConfUtils.java:logGet(43)) - raft.server.log.segment.size.max = 1048576 (custom)
2019-10-02 11:22:06,234 [pool-37-thread-1] INFO  server.RaftServerConfigKeys (ConfUtils.java:logGet(43)) - raft.server.log.segment.size.max = 1048576 (custom)
2019-10-02 11:22:06,234 [pool-27-thread-1] INFO  server.RaftServerConfigKeys (ConfUtils.java:logGet(43)) - raft.server.log.preallocated.size = 16384 (custom)
2019-10-02 11:22:06,234 [pool-57-thread-1] INFO  server.RaftServerConfigKeys (ConfUtils.java:logGet(43)) - raft.server.log.preallocated.size = 16384 (custom)
2019-10-02 11:22:06,234 [pool-97-thread-1] INFO  server.RaftServerConfigKeys (ConfUtils.java:logGet(43)) - raft.server.log.preallocated.size = 16384 (custom)
2019-10-02 11:22:06,234 [pool-37-thread-1] INFO  server.RaftServerConfigKeys (ConfUtils.java:logGet(43)) - raft.server.log.preallocated.size = 16384 (custom)
2019-10-02 11:22:06,235 [pool-27-thread-1] INFO  server.RaftServerConfigKeys (ConfUtils.java:logGet(43)) - raft.server.log.write.buffer.size = 33554432 (custom)
2019-10-02 11:22:06,235 [pool-57-thread-1] INFO  server.RaftServerConfigKeys (ConfUtils.java:logGet(43)) - raft.server.log.write.buffer.size = 33554432 (custom)
2019-10-02 11:22:06,235 [pool-37-thread-1] INFO  server.RaftServerConfigKeys (ConfUtils.java:logGet(43)) - raft.server.log.write.buffer.size = 33554432 (custom)
2019-10-02 11:22:06,235 [pool-97-thread-1] INFO  server.RaftServerConfigKeys (ConfUtils.java:logGet(43)) - raft.server.log.write.buffer.size = 33554432 (custom)
2019-10-02 11:22:06,235 [pool-97-thread-1] INFO  server.RaftServerConfigKeys (ConfUtils.java:logGet(43)) - raft.server.log.force.sync.num = 128 (default)
2019-10-02 11:22:06,235 [pool-57-thread-1] INFO  server.RaftServerConfigKeys (ConfUtils.java:logGet(43)) - raft.server.log.force.sync.num = 128 (default)
2019-10-02 11:22:06,235 [pool-27-thread-1] INFO  server.RaftServerConfigKeys (ConfUtils.java:logGet(43)) - raft.server.log.force.sync.num = 128 (default)
2019-10-02 11:22:06,235 [pool-37-thread-1] INFO  server.RaftServerConfigKeys (ConfUtils.java:logGet(43)) - raft.server.log.force.sync.num = 128 (default)
2019-10-02 11:22:06,236 [pool-57-thread-1] INFO  server.RaftServerConfigKeys (ConfUtils.java:logGet(43)) - raft.server.log.statemachine.data.sync = true (default)
2019-10-02 11:22:06,236 [pool-97-thread-1] INFO  server.RaftServerConfigKeys (ConfUtils.java:logGet(43)) - raft.server.log.statemachine.data.sync = true (default)
2019-10-02 11:22:06,236 [pool-37-thread-1] INFO  server.RaftServerConfigKeys (ConfUtils.java:logGet(43)) - raft.server.log.statemachine.data.sync = true (default)
2019-10-02 11:22:06,236 [pool-27-thread-1] INFO  server.RaftServerConfigKeys (ConfUtils.java:logGet(43)) - raft.server.log.statemachine.data.sync = true (default)
2019-10-02 11:22:06,236 [pool-37-thread-1] INFO  server.RaftServerConfigKeys (ConfUtils.java:logGet(43)) - raft.server.log.statemachine.data.sync.timeout = 10s (default)
2019-10-02 11:22:06,236 [pool-97-thread-1] INFO  server.RaftServerConfigKeys (ConfUtils.java:logGet(43)) - raft.server.log.statemachine.data.sync.timeout = 10s (default)
2019-10-02 11:22:06,236 [pool-57-thread-1] INFO  server.RaftServerConfigKeys (ConfUtils.java:logGet(43)) - raft.server.log.statemachine.data.sync.timeout = 10s (default)
2019-10-02 11:22:06,237 [pool-27-thread-1] INFO  server.RaftServerConfigKeys (ConfUtils.java:logGet(43)) - raft.server.log.statemachine.data.sync.timeout = 10s (default)
2019-10-02 11:22:06,237 [pool-37-thread-1] INFO  server.RaftServerConfigKeys (ConfUtils.java:logGet(43)) - raft.server.log.statemachine.data.sync.timeout.retry = -1 (default)
2019-10-02 11:22:06,237 [pool-97-thread-1] INFO  server.RaftServerConfigKeys (ConfUtils.java:logGet(43)) - raft.server.log.statemachine.data.sync.timeout.retry = -1 (default)
2019-10-02 11:22:06,237 [pool-27-thread-1] INFO  server.RaftServerConfigKeys (ConfUtils.java:logGet(43)) - raft.server.log.statemachine.data.sync.timeout.retry = -1 (default)
2019-10-02 11:22:06,237 [pool-57-thread-1] INFO  server.RaftServerConfigKeys (ConfUtils.java:logGet(43)) - raft.server.log.statemachine.data.sync.timeout.retry = -1 (default)
2019-10-02 11:22:06,523 [pool-97-thread-1] INFO  server.RaftServerConfigKeys (ConfUtils.java:logGet(43)) - raft.server.log.statemachine.data.caching.enabled = true (custom)
2019-10-02 11:22:06,524 [pool-27-thread-1] INFO  server.RaftServerConfigKeys (ConfUtils.java:logGet(43)) - raft.server.log.statemachine.data.caching.enabled = true (custom)
2019-10-02 11:22:06,523 [pool-37-thread-1] INFO  server.RaftServerConfigKeys (ConfUtils.java:logGet(43)) - raft.server.log.statemachine.data.caching.enabled = true (custom)
2019-10-02 11:22:06,523 [pool-57-thread-1] INFO  server.RaftServerConfigKeys (ConfUtils.java:logGet(43)) - raft.server.log.statemachine.data.caching.enabled = true (custom)
2019-10-02 11:22:06,534 [pool-57-thread-1] INFO  segmented.SegmentedRaftLogWorker (SegmentedRaftLogWorker.java:lambda$new$0(128)) - 99afa1ab-f70e-454d-b97f-b50504ecadc2@group-B42E39A6701C-SegmentedRaftLogWorker: flushIndex: setUnconditionally 0 -> -1
2019-10-02 11:22:06,534 [pool-27-thread-1] INFO  segmented.SegmentedRaftLogWorker (SegmentedRaftLogWorker.java:lambda$new$0(128)) - 2efd349e-feaf-4869-a93b-bd8bfaac471f@group-3C281C7C625B-SegmentedRaftLogWorker: flushIndex: setUnconditionally 0 -> -1
2019-10-02 11:22:06,534 [pool-37-thread-1] INFO  segmented.SegmentedRaftLogWorker (SegmentedRaftLogWorker.java:lambda$new$0(128)) - 255f5341-67af-48a5-9f0a-34079e58e4b3@group-B42E39A6701C-SegmentedRaftLogWorker: flushIndex: setUnconditionally 0 -> -1
2019-10-02 11:22:06,534 [pool-97-thread-1] INFO  segmented.SegmentedRaftLogWorker (SegmentedRaftLogWorker.java:lambda$new$0(128)) - 5a152cad-2f68-44e1-8661-622a6e2403aa@group-B42E39A6701C-SegmentedRaftLogWorker: flushIndex: setUnconditionally 0 -> -1
2019-10-02 11:22:06,540 [pool-57-thread-1] INFO  server.RaftServerConfigKeys (ConfUtils.java:logGet(43)) - raft.server.snapshot.auto.trigger.enabled = true (custom)
2019-10-02 11:22:06,540 [pool-37-thread-1] INFO  server.RaftServerConfigKeys (ConfUtils.java:logGet(43)) - raft.server.snapshot.auto.trigger.enabled = true (custom)
2019-10-02 11:22:06,540 [pool-97-thread-1] INFO  server.RaftServerConfigKeys (ConfUtils.java:logGet(43)) - raft.server.snapshot.auto.trigger.enabled = true (custom)
2019-10-02 11:22:06,540 [pool-27-thread-1] INFO  server.RaftServerConfigKeys (ConfUtils.java:logGet(43)) - raft.server.snapshot.auto.trigger.enabled = true (custom)
2019-10-02 11:22:06,542 [pool-57-thread-1] INFO  server.RaftServerConfigKeys (ConfUtils.java:logGet(43)) - raft.server.snapshot.auto.trigger.threshold = 10000 (custom)
2019-10-02 11:22:06,542 [pool-37-thread-1] INFO  server.RaftServerConfigKeys (ConfUtils.java:logGet(43)) - raft.server.snapshot.auto.trigger.threshold = 10000 (custom)
2019-10-02 11:22:06,542 [pool-27-thread-1] INFO  server.RaftServerConfigKeys (ConfUtils.java:logGet(43)) - raft.server.snapshot.auto.trigger.threshold = 10000 (custom)
2019-10-02 11:22:06,542 [pool-97-thread-1] INFO  server.RaftServerConfigKeys (ConfUtils.java:logGet(43)) - raft.server.snapshot.auto.trigger.threshold = 10000 (custom)
2019-10-02 11:22:06,542 [pool-27-thread-1] INFO  server.RaftServerConfigKeys (ConfUtils.java:logGet(43)) - raft.server.snapshot.retention.file.num = 5 (custom)
2019-10-02 11:22:06,542 [pool-57-thread-1] INFO  server.RaftServerConfigKeys (ConfUtils.java:logGet(43)) - raft.server.snapshot.retention.file.num = 5 (custom)
2019-10-02 11:22:06,543 [pool-37-thread-1] INFO  server.RaftServerConfigKeys (ConfUtils.java:logGet(43)) - raft.server.snapshot.retention.file.num = 5 (custom)
2019-10-02 11:22:06,543 [pool-97-thread-1] INFO  server.RaftServerConfigKeys (ConfUtils.java:logGet(43)) - raft.server.snapshot.retention.file.num = 5 (custom)
2019-10-02 11:22:06,543 [pool-57-thread-1] INFO  server.RaftServerConfigKeys (ConfUtils.java:logGet(43)) - raft.server.retrycache.expirytime = 600000ms (custom)
2019-10-02 11:22:06,543 [pool-27-thread-1] INFO  server.RaftServerConfigKeys (ConfUtils.java:logGet(43)) - raft.server.retrycache.expirytime = 600000ms (custom)
2019-10-02 11:22:06,543 [pool-37-thread-1] INFO  server.RaftServerConfigKeys (ConfUtils.java:logGet(43)) - raft.server.retrycache.expirytime = 600000ms (custom)
2019-10-02 11:22:06,543 [pool-97-thread-1] INFO  server.RaftServerConfigKeys (ConfUtils.java:logGet(43)) - raft.server.retrycache.expirytime = 600000ms (custom)
2019-10-02 11:22:06,570 [pool-27-thread-1] INFO  impl.RaftServerImpl (RaftServerImpl.java:start(181)) - 2efd349e-feaf-4869-a93b-bd8bfaac471f@group-3C281C7C625B: start as a follower, conf=-1: [2efd349e-feaf-4869-a93b-bd8bfaac471f:192.168.151.122:46738], old=null
2019-10-02 11:22:06,571 [pool-27-thread-1] INFO  impl.RaftServerImpl (RaftServerImpl.java:setRole(170)) - 2efd349e-feaf-4869-a93b-bd8bfaac471f@group-3C281C7C625B: changes role from      null to FOLLOWER at term 0 for startAsFollower
2019-10-02 11:22:06,571 [pool-57-thread-1] INFO  impl.RaftServerImpl (RaftServerImpl.java:<init>(95)) - 99afa1ab-f70e-454d-b97f-b50504ecadc2: new RaftServerImpl for group-CFA5962B69F1:[255f5341-67af-48a5-9f0a-34079e58e4b3:192.168.151.122:40199, 5a152cad-2f68-44e1-8661-622a6e2403aa:192.168.151.122:41282, 99afa1ab-f70e-454d-b97f-b50504ecadc2:192.168.151.122:41178] with ContainerStateMachine:uninitialized
2019-10-02 11:22:06,571 [pool-57-thread-1] INFO  server.RaftServerConfigKeys (ConfUtils.java:logGet(43)) - raft.server.rpc.timeout.min = 1s (custom)
2019-10-02 11:22:06,571 [pool-57-thread-1] INFO  server.RaftServerConfigKeys (ConfUtils.java:logGet(43)) - raft.server.rpc.timeout.max = 1200ms (custom)
2019-10-02 11:22:06,571 [pool-57-thread-1] INFO  server.RaftServerConfigKeys (ConfUtils.java:logGet(43)) - raft.server.rpcslowness.timeout = 120s (custom)
2019-10-02 11:22:06,571 [pool-57-thread-1] INFO  server.RaftServerConfigKeys (ConfUtils.java:logGet(43)) - raft.server.sleep.deviation.threshold = 300 (default)
2019-10-02 11:22:06,571 [pool-57-thread-1] INFO  server.RaftServerConfigKeys (ConfUtils.java:logGet(43)) - raft.server.log.appender.install.snapshot.enabled = false (custom)
2019-10-02 11:22:06,571 [pool-57-thread-1] INFO  impl.RaftServerImpl (ServerState.java:<init>(103)) - 99afa1ab-f70e-454d-b97f-b50504ecadc2@group-CFA5962B69F1: ConfigurationManager, init=-1: [255f5341-67af-48a5-9f0a-34079e58e4b3:192.168.151.122:40199, 5a152cad-2f68-44e1-8661-622a6e2403aa:192.168.151.122:41282, 99afa1ab-f70e-454d-b97f-b50504ecadc2:192.168.151.122:41178], old=null, confs=<EMPTY_MAP>
2019-10-02 11:22:06,572 [pool-37-thread-1] INFO  impl.RaftServerImpl (RaftServerImpl.java:<init>(95)) - 255f5341-67af-48a5-9f0a-34079e58e4b3: new RaftServerImpl for group-334F83988BD0:[255f5341-67af-48a5-9f0a-34079e58e4b3:192.168.151.122:40199] with ContainerStateMachine:uninitialized
2019-10-02 11:22:06,572 [pool-57-thread-1] INFO  server.RaftServerConfigKeys (ConfUtils.java:logGet(43)) - raft.server.storage.dir = [/workdir/hadoop-ozone/integration-test/target/test-dir/MiniOzoneClusterImpl-544d5193-f7b3-4e33-ac9d-9d27303d2a96/datanode-3/data/ratis] (custom)
2019-10-02 11:22:06,572 [pool-37-thread-1] INFO  server.RaftServerConfigKeys (ConfUtils.java:logGet(43)) - raft.server.rpc.timeout.min = 1s (custom)
2019-10-02 11:22:06,572 [pool-27-thread-1] INFO  impl.RoleInfo (RoleInfo.java:updateAndGet(143)) - 2efd349e-feaf-4869-a93b-bd8bfaac471f: start FollowerState
2019-10-02 11:22:06,572 [pool-57-thread-1] INFO  server.RaftServerConfigKeys (ConfUtils.java:logGet(43)) - raft.server.log.corruption.policy = EXCEPTION (default)
2019-10-02 11:22:06,572 [pool-37-thread-1] INFO  server.RaftServerConfigKeys (ConfUtils.java:logGet(43)) - raft.server.rpc.timeout.max = 1200ms (custom)
2019-10-02 11:22:06,572 [pool-57-thread-1] INFO  storage.RaftStorageDirectory (RaftStorageDirectory.java:analyzeStorage(246)) - The storage directory /workdir/hadoop-ozone/integration-test/target/test-dir/MiniOzoneClusterImpl-544d5193-f7b3-4e33-ac9d-9d27303d2a96/datanode-3/data/ratis/0065cf22-2ee5-4bd9-9dc4-cfa5962b69f1 does not exist. Creating ...
2019-10-02 11:22:06,572 [pool-97-thread-1] INFO  impl.RaftServerImpl (RaftServerImpl.java:<init>(95)) - 5a152cad-2f68-44e1-8661-622a6e2403aa: new RaftServerImpl for group-CFA5962B69F1:[255f5341-67af-48a5-9f0a-34079e58e4b3:192.168.151.122:40199, 5a152cad-2f68-44e1-8661-622a6e2403aa:192.168.151.122:41282, 99afa1ab-f70e-454d-b97f-b50504ecadc2:192.168.151.122:41178] with ContainerStateMachine:uninitialized
2019-10-02 11:22:06,572 [pool-37-thread-1] INFO  server.RaftServerConfigKeys (ConfUtils.java:logGet(43)) - raft.server.rpcslowness.timeout = 120s (custom)
2019-10-02 11:22:06,572 [pool-97-thread-1] INFO  server.RaftServerConfigKeys (ConfUtils.java:logGet(43)) - raft.server.rpc.timeout.min = 1s (custom)
2019-10-02 11:22:06,572 [pool-37-thread-1] INFO  server.RaftServerConfigKeys (ConfUtils.java:logGet(43)) - raft.server.sleep.deviation.threshold = 300 (default)
2019-10-02 11:22:06,573 [pool-97-thread-1] INFO  server.RaftServerConfigKeys (ConfUtils.java:logGet(43)) - raft.server.rpc.timeout.max = 1200ms (custom)
2019-10-02 11:22:06,573 [pool-37-thread-1] INFO  server.RaftServerConfigKeys (ConfUtils.java:logGet(43)) - raft.server.log.appender.install.snapshot.enabled = false (custom)
2019-10-02 11:22:06,573 [pool-97-thread-1] INFO  server.RaftServerConfigKeys (ConfUtils.java:logGet(43)) - raft.server.rpcslowness.timeout = 120s (custom)
2019-10-02 11:22:06,573 [pool-37-thread-1] INFO  impl.RaftServerImpl (ServerState.java:<init>(103)) - 255f5341-67af-48a5-9f0a-34079e58e4b3@group-334F83988BD0: ConfigurationManager, init=-1: [255f5341-67af-48a5-9f0a-34079e58e4b3:192.168.151.122:40199], old=null, confs=<EMPTY_MAP>
2019-10-02 11:22:06,573 [pool-97-thread-1] INFO  server.RaftServerConfigKeys (ConfUtils.java:logGet(43)) - raft.server.sleep.deviation.threshold = 300 (default)
2019-10-02 11:22:06,573 [pool-37-thread-1] INFO  server.RaftServerConfigKeys (ConfUtils.java:logGet(43)) - raft.server.storage.dir = [/workdir/hadoop-ozone/integration-test/target/test-dir/MiniOzoneClusterImpl-544d5193-f7b3-4e33-ac9d-9d27303d2a96/datanode-1/data/ratis] (custom)
2019-10-02 11:22:06,573 [pool-97-thread-1] INFO  server.RaftServerConfigKeys (ConfUtils.java:logGet(43)) - raft.server.log.appender.install.snapshot.enabled = false (custom)
2019-10-02 11:22:06,573 [pool-37-thread-1] INFO  server.RaftServerConfigKeys (ConfUtils.java:logGet(43)) - raft.server.log.corruption.policy = EXCEPTION (default)
2019-10-02 11:22:06,573 [pool-97-thread-1] INFO  impl.RaftServerImpl (ServerState.java:<init>(103)) - 5a152cad-2f68-44e1-8661-622a6e2403aa@group-CFA5962B69F1: ConfigurationManager, init=-1: [255f5341-67af-48a5-9f0a-34079e58e4b3:192.168.151.122:40199, 5a152cad-2f68-44e1-8661-622a6e2403aa:192.168.151.122:41282, 99afa1ab-f70e-454d-b97f-b50504ecadc2:192.168.151.122:41178], old=null, confs=<EMPTY_MAP>
2019-10-02 11:22:06,573 [pool-37-thread-1] INFO  storage.RaftStorageDirectory (RaftStorageDirectory.java:analyzeStorage(246)) - The storage directory /workdir/hadoop-ozone/integration-test/target/test-dir/MiniOzoneClusterImpl-544d5193-f7b3-4e33-ac9d-9d27303d2a96/datanode-1/data/ratis/c58d2318-7600-4acb-bcf7-334f83988bd0 does not exist. Creating ...
2019-10-02 11:22:06,576 [pool-97-thread-1] INFO  server.RaftServerConfigKeys (ConfUtils.java:logGet(43)) - raft.server.storage.dir = [/workdir/hadoop-ozone/integration-test/target/test-dir/MiniOzoneClusterImpl-544d5193-f7b3-4e33-ac9d-9d27303d2a96/datanode-7/data/ratis] (custom)
2019-10-02 11:22:06,579 [pool-97-thread-1] INFO  server.RaftServerConfigKeys (ConfUtils.java:logGet(43)) - raft.server.log.corruption.policy = EXCEPTION (default)
2019-10-02 11:22:06,579 [pool-97-thread-1] INFO  storage.RaftStorageDirectory (RaftStorageDirectory.java:analyzeStorage(246)) - The storage directory /workdir/hadoop-ozone/integration-test/target/test-dir/MiniOzoneClusterImpl-544d5193-f7b3-4e33-ac9d-9d27303d2a96/datanode-7/data/ratis/0065cf22-2ee5-4bd9-9dc4-cfa5962b69f1 does not exist. Creating ...
2019-10-02 11:22:06,587 [pool-37-thread-1] INFO  storage.RaftStorageDirectory (RaftStorageDirectory.java:tryLock(328)) - Lock on /workdir/hadoop-ozone/integration-test/target/test-dir/MiniOzoneClusterImpl-544d5193-f7b3-4e33-ac9d-9d27303d2a96/datanode-1/data/ratis/c58d2318-7600-4acb-bcf7-334f83988bd0/in_use.lock acquired by nodename 1997@pr-hdds-2199-dnstouuidmap-nxzb2-26233584
2019-10-02 11:22:06,587 [pool-27-thread-1] INFO  util.JmxRegister (JmxRegister.java:tryRegister(44)) - Successfully registered JMX Bean with object name Ratis:service=RaftServer,group=group-3C281C7C625B,id=2efd349e-feaf-4869-a93b-bd8bfaac471f
2019-10-02 11:22:06,587 [pool-97-thread-1] INFO  storage.RaftStorageDirectory (RaftStorageDirectory.java:tryLock(328)) - Lock on /workdir/hadoop-ozone/integration-test/target/test-dir/MiniOzoneClusterImpl-544d5193-f7b3-4e33-ac9d-9d27303d2a96/datanode-7/data/ratis/0065cf22-2ee5-4bd9-9dc4-cfa5962b69f1/in_use.lock acquired by nodename 1997@pr-hdds-2199-dnstouuidmap-nxzb2-26233584
2019-10-02 11:22:06,587 [pool-57-thread-1] INFO  storage.RaftStorageDirectory (RaftStorageDirectory.java:tryLock(328)) - Lock on /workdir/hadoop-ozone/integration-test/target/test-dir/MiniOzoneClusterImpl-544d5193-f7b3-4e33-ac9d-9d27303d2a96/datanode-3/data/ratis/0065cf22-2ee5-4bd9-9dc4-cfa5962b69f1/in_use.lock acquired by nodename 1997@pr-hdds-2199-dnstouuidmap-nxzb2-26233584
2019-10-02 11:22:06,601 [pool-37-thread-1] INFO  storage.RaftStorage (RaftStorage.java:format(84)) - Storage directory /workdir/hadoop-ozone/integration-test/target/test-dir/MiniOzoneClusterImpl-544d5193-f7b3-4e33-ac9d-9d27303d2a96/datanode-1/data/ratis/c58d2318-7600-4acb-bcf7-334f83988bd0 has been successfully formatted.
2019-10-02 11:22:06,601 [pool-57-thread-1] INFO  storage.RaftStorage (RaftStorage.java:format(84)) - Storage directory /workdir/hadoop-ozone/integration-test/target/test-dir/MiniOzoneClusterImpl-544d5193-f7b3-4e33-ac9d-9d27303d2a96/datanode-3/data/ratis/0065cf22-2ee5-4bd9-9dc4-cfa5962b69f1 has been successfully formatted.
2019-10-02 11:22:06,601 [pool-97-thread-1] INFO  storage.RaftStorage (RaftStorage.java:format(84)) - Storage directory /workdir/hadoop-ozone/integration-test/target/test-dir/MiniOzoneClusterImpl-544d5193-f7b3-4e33-ac9d-9d27303d2a96/datanode-7/data/ratis/0065cf22-2ee5-4bd9-9dc4-cfa5962b69f1 has been successfully formatted.
2019-10-02 11:22:06,601 [pool-37-thread-1] INFO  ratis.ContainerStateMachine (ContainerStateMachine.java:loadSnapshot(230)) - group-334F83988BD0: The snapshot info is null. Setting the last applied indexto:(t:0, i:~)
2019-10-02 11:22:06,601 [pool-57-thread-1] INFO  ratis.ContainerStateMachine (ContainerStateMachine.java:loadSnapshot(230)) - group-CFA5962B69F1: The snapshot info is null. Setting the last applied indexto:(t:0, i:~)
2019-10-02 11:22:06,601 [pool-37-thread-1] INFO  server.RaftServerConfigKeys (ConfUtils.java:logGet(43)) - raft.server.notification.no-leader.timeout = 120s (custom)
2019-10-02 11:22:06,601 [pool-97-thread-1] INFO  ratis.ContainerStateMachine (ContainerStateMachine.java:loadSnapshot(230)) - group-CFA5962B69F1: The snapshot info is null. Setting the last applied indexto:(t:0, i:~)
2019-10-02 11:22:06,602 [pool-37-thread-1] INFO  server.RaftServerConfigKeys (ConfUtils.java:logGet(43)) - raft.server.log.use.memory = false (default)
2019-10-02 11:22:06,602 [pool-57-thread-1] INFO  server.RaftServerConfigKeys (ConfUtils.java:logGet(43)) - raft.server.notification.no-leader.timeout = 120s (custom)
2019-10-02 11:22:06,602 [pool-37-thread-1] INFO  server.RaftServerConfigKeys (ConfUtils.java:logGet(43)) - raft.server.log.purge.gap = 1000000 (custom)
2019-10-02 11:22:06,602 [pool-97-thread-1] INFO  server.RaftServerConfigKeys (ConfUtils.java:logGet(43)) - raft.server.notification.no-leader.timeout = 120s (custom)
2019-10-02 11:22:06,602 [pool-37-thread-1] INFO  server.RaftServerConfigKeys (ConfUtils.java:logGet(43)) - raft.server.log.appender.buffer.byte-limit = 33554432 (custom)
2019-10-02 11:22:06,602 [pool-57-thread-1] INFO  server.RaftServerConfigKeys (ConfUtils.java:logGet(43)) - raft.server.log.use.memory = false (default)
2019-10-02 11:22:06,602 [pool-37-thread-1] INFO  server.RaftServerConfigKeys (ConfUtils.java:logGet(43)) - raft.server.log.segment.size.max = 1048576 (custom)
2019-10-02 11:22:06,602 [pool-97-thread-1] INFO  server.RaftServerConfigKeys (ConfUtils.java:logGet(43)) - raft.server.log.use.memory = false (default)
2019-10-02 11:22:06,602 [pool-37-thread-1] INFO  server.RaftServerConfigKeys (ConfUtils.java:logGet(43)) - raft.server.log.segment.cache.num.max = 2 (custom)
2019-10-02 11:22:06,602 [pool-57-thread-1] INFO  server.RaftServerConfigKeys (ConfUtils.java:logGet(43)) - raft.server.log.purge.gap = 1000000 (custom)
2019-10-02 11:22:06,603 [pool-37-thread-1] INFO  segmented.SegmentedRaftLogWorker (SegmentedRaftLogWorker.java:<init>(173)) - new 255f5341-67af-48a5-9f0a-34079e58e4b3@group-334F83988BD0-SegmentedRaftLogWorker for RaftStorage:Storage Directory /workdir/hadoop-ozone/integration-test/target/test-dir/MiniOzoneClusterImpl-544d5193-f7b3-4e33-ac9d-9d27303d2a96/datanode-1/data/ratis/c58d2318-7600-4acb-bcf7-334f83988bd0
2019-10-02 11:22:06,602 [pool-97-thread-1] INFO  server.RaftServerConfigKeys (ConfUtils.java:logGet(43)) - raft.server.log.purge.gap = 1000000 (custom)
2019-10-02 11:22:06,603 [pool-37-thread-1] INFO  server.RaftServerConfigKeys (ConfUtils.java:logGet(43)) - raft.server.log.queue.byte-limit = 2147483647 (custom)
2019-10-02 11:22:06,603 [pool-57-thread-1] INFO  server.RaftServerConfigKeys (ConfUtils.java:logGet(43)) - raft.server.log.appender.buffer.byte-limit = 33554432 (custom)
2019-10-02 11:22:06,603 [pool-37-thread-1] INFO  server.RaftServerConfigKeys (ConfUtils.java:logGet(43)) - raft.server.log.queue.element-limit = 1024 (custom)
2019-10-02 11:22:06,603 [pool-97-thread-1] INFO  server.RaftServerConfigKeys (ConfUtils.java:logGet(43)) - raft.server.log.appender.buffer.byte-limit = 33554432 (custom)
2019-10-02 11:22:06,603 [pool-37-thread-1] INFO  server.RaftServerConfigKeys (ConfUtils.java:logGet(43)) - raft.server.log.segment.size.max = 1048576 (custom)
2019-10-02 11:22:06,603 [pool-57-thread-1] INFO  server.RaftServerConfigKeys (ConfUtils.java:logGet(43)) - raft.server.log.segment.size.max = 1048576 (custom)
2019-10-02 11:22:06,603 [pool-37-thread-1] INFO  server.RaftServerConfigKeys (ConfUtils.java:logGet(43)) - raft.server.log.preallocated.size = 16384 (custom)
2019-10-02 11:22:06,603 [pool-97-thread-1] INFO  server.RaftServerConfigKeys (ConfUtils.java:logGet(43)) - raft.server.log.segment.size.max = 1048576 (custom)
2019-10-02 11:22:06,604 [pool-37-thread-1] INFO  server.RaftServerConfigKeys (ConfUtils.java:logGet(43)) - raft.server.log.write.buffer.size = 33554432 (custom)
2019-10-02 11:22:06,604 [pool-57-thread-1] INFO  server.RaftServerConfigKeys (ConfUtils.java:logGet(43)) - raft.server.log.segment.cache.num.max = 2 (custom)
2019-10-02 11:22:06,604 [pool-37-thread-1] INFO  server.RaftServerConfigKeys (ConfUtils.java:logGet(43)) - raft.server.log.force.sync.num = 128 (default)
2019-10-02 11:22:06,604 [pool-97-thread-1] INFO  server.RaftServerConfigKeys (ConfUtils.java:logGet(43)) - raft.server.log.segment.cache.num.max = 2 (custom)
2019-10-02 11:22:06,604 [pool-37-thread-1] INFO  server.RaftServerConfigKeys (ConfUtils.java:logGet(43)) - raft.server.log.statemachine.data.sync = true (default)
2019-10-02 11:22:06,604 [pool-57-thread-1] INFO  segmented.SegmentedRaftLogWorker (SegmentedRaftLogWorker.java:<init>(173)) - new 99afa1ab-f70e-454d-b97f-b50504ecadc2@group-CFA5962B69F1-SegmentedRaftLogWorker for RaftStorage:Storage Directory /workdir/hadoop-ozone/integration-test/target/test-dir/MiniOzoneClusterImpl-544d5193-f7b3-4e33-ac9d-9d27303d2a96/datanode-3/data/ratis/0065cf22-2ee5-4bd9-9dc4-cfa5962b69f1
2019-10-02 11:22:06,604 [pool-37-thread-1] INFO  server.RaftServerConfigKeys (ConfUtils.java:logGet(43)) - raft.server.log.statemachine.data.sync.timeout = 10s (default)
2019-10-02 11:22:06,604 [pool-97-thread-1] INFO  segmented.SegmentedRaftLogWorker (SegmentedRaftLogWorker.java:<init>(173)) - new 5a152cad-2f68-44e1-8661-622a6e2403aa@group-CFA5962B69F1-SegmentedRaftLogWorker for RaftStorage:Storage Directory /workdir/hadoop-ozone/integration-test/target/test-dir/MiniOzoneClusterImpl-544d5193-f7b3-4e33-ac9d-9d27303d2a96/datanode-7/data/ratis/0065cf22-2ee5-4bd9-9dc4-cfa5962b69f1
2019-10-02 11:22:06,604 [pool-37-thread-1] INFO  server.RaftServerConfigKeys (ConfUtils.java:logGet(43)) - raft.server.log.statemachine.data.sync.timeout.retry = -1 (default)
2019-10-02 11:22:06,604 [pool-57-thread-1] INFO  server.RaftServerConfigKeys (ConfUtils.java:logGet(43)) - raft.server.log.queue.byte-limit = 2147483647 (custom)
2019-10-02 11:22:06,605 [pool-37-thread-1] INFO  server.RaftServerConfigKeys (ConfUtils.java:logGet(43)) - raft.server.log.statemachine.data.caching.enabled = true (custom)
2019-10-02 11:22:06,605 [pool-97-thread-1] INFO  server.RaftServerConfigKeys (ConfUtils.java:logGet(43)) - raft.server.log.queue.byte-limit = 2147483647 (custom)
2019-10-02 11:22:06,605 [pool-57-thread-1] INFO  server.RaftServerConfigKeys (ConfUtils.java:logGet(43)) - raft.server.log.queue.element-limit = 1024 (custom)
2019-10-02 11:22:06,605 [pool-97-thread-1] INFO  server.RaftServerConfigKeys (ConfUtils.java:logGet(43)) - raft.server.log.queue.element-limit = 1024 (custom)
2019-10-02 11:22:06,605 [pool-37-thread-1] INFO  segmented.SegmentedRaftLogWorker (SegmentedRaftLogWorker.java:lambda$new$0(128)) - 255f5341-67af-48a5-9f0a-34079e58e4b3@group-334F83988BD0-SegmentedRaftLogWorker: flushIndex: setUnconditionally 0 -> -1
2019-10-02 11:22:06,605 [pool-97-thread-1] INFO  server.RaftServerConfigKeys (ConfUtils.java:logGet(43)) - raft.server.log.segment.size.max = 1048576 (custom)
2019-10-02 11:22:06,605 [pool-57-thread-1] INFO  server.RaftServerConfigKeys (ConfUtils.java:logGet(43)) - raft.server.log.segment.size.max = 1048576 (custom)
2019-10-02 11:22:06,606 [pool-37-thread-1] INFO  server.RaftServerConfigKeys (ConfUtils.java:logGet(43)) - raft.server.snapshot.auto.trigger.enabled = true (custom)
2019-10-02 11:22:06,606 [pool-97-thread-1] INFO  server.RaftServerConfigKeys (ConfUtils.java:logGet(43)) - raft.server.log.preallocated.size = 16384 (custom)
2019-10-02 11:22:06,606 [pool-37-thread-1] INFO  server.RaftServerConfigKeys (ConfUtils.java:logGet(43)) - raft.server.snapshot.auto.trigger.threshold = 10000 (custom)
2019-10-02 11:22:06,606 [pool-57-thread-1] INFO  server.RaftServerConfigKeys (ConfUtils.java:logGet(43)) - raft.server.log.preallocated.size = 16384 (custom)
2019-10-02 11:22:06,606 [pool-37-thread-1] INFO  server.RaftServerConfigKeys (ConfUtils.java:logGet(43)) - raft.server.snapshot.retention.file.num = 5 (custom)
2019-10-02 11:22:06,606 [pool-97-thread-1] INFO  server.RaftServerConfigKeys (ConfUtils.java:logGet(43)) - raft.server.log.write.buffer.size = 33554432 (custom)
2019-10-02 11:22:06,606 [pool-37-thread-1] INFO  server.RaftServerConfigKeys (ConfUtils.java:logGet(43)) - raft.server.retrycache.expirytime = 600000ms (custom)
2019-10-02 11:22:06,606 [pool-57-thread-1] INFO  server.RaftServerConfigKeys (ConfUtils.java:logGet(43)) - raft.server.log.write.buffer.size = 33554432 (custom)
2019-10-02 11:22:06,606 [pool-97-thread-1] INFO  server.RaftServerConfigKeys (ConfUtils.java:logGet(43)) - raft.server.log.force.sync.num = 128 (default)
2019-10-02 11:22:06,607 [pool-57-thread-1] INFO  server.RaftServerConfigKeys (ConfUtils.java:logGet(43)) - raft.server.log.force.sync.num = 128 (default)
2019-10-02 11:22:06,607 [pool-97-thread-1] INFO  server.RaftServerConfigKeys (ConfUtils.java:logGet(43)) - raft.server.log.statemachine.data.sync = true (default)
2019-10-02 11:22:06,607 [pool-57-thread-1] INFO  server.RaftServerConfigKeys (ConfUtils.java:logGet(43)) - raft.server.log.statemachine.data.sync = true (default)
2019-10-02 11:22:06,607 [pool-97-thread-1] INFO  server.RaftServerConfigKeys (ConfUtils.java:logGet(43)) - raft.server.log.statemachine.data.sync.timeout = 10s (default)
2019-10-02 11:22:06,607 [pool-57-thread-1] INFO  server.RaftServerConfigKeys (ConfUtils.java:logGet(43)) - raft.server.log.statemachine.data.sync.timeout = 10s (default)
2019-10-02 11:22:06,607 [pool-97-thread-1] INFO  server.RaftServerConfigKeys (ConfUtils.java:logGet(43)) - raft.server.log.statemachine.data.sync.timeout.retry = -1 (default)
2019-10-02 11:22:06,607 [pool-57-thread-1] INFO  server.RaftServerConfigKeys (ConfUtils.java:logGet(43)) - raft.server.log.statemachine.data.sync.timeout.retry = -1 (default)
2019-10-02 11:22:06,607 [pool-97-thread-1] INFO  server.RaftServerConfigKeys (ConfUtils.java:logGet(43)) - raft.server.log.statemachine.data.caching.enabled = true (custom)
2019-10-02 11:22:06,608 [pool-57-thread-1] INFO  server.RaftServerConfigKeys (ConfUtils.java:logGet(43)) - raft.server.log.statemachine.data.caching.enabled = true (custom)
2019-10-02 11:22:06,608 [pool-97-thread-1] INFO  segmented.SegmentedRaftLogWorker (SegmentedRaftLogWorker.java:lambda$new$0(128)) - 5a152cad-2f68-44e1-8661-622a6e2403aa@group-CFA5962B69F1-SegmentedRaftLogWorker: flushIndex: setUnconditionally 0 -> -1
2019-10-02 11:22:06,608 [pool-57-thread-1] INFO  segmented.SegmentedRaftLogWorker (SegmentedRaftLogWorker.java:lambda$new$0(128)) - 99afa1ab-f70e-454d-b97f-b50504ecadc2@group-CFA5962B69F1-SegmentedRaftLogWorker: flushIndex: setUnconditionally 0 -> -1
2019-10-02 11:22:06,608 [pool-97-thread-1] INFO  server.RaftServerConfigKeys (ConfUtils.java:logGet(43)) - raft.server.snapshot.auto.trigger.enabled = true (custom)
2019-10-02 11:22:06,608 [pool-97-thread-1] INFO  server.RaftServerConfigKeys (ConfUtils.java:logGet(43)) - raft.server.snapshot.auto.trigger.threshold = 10000 (custom)
2019-10-02 11:22:06,608 [pool-57-thread-1] INFO  server.RaftServerConfigKeys (ConfUtils.java:logGet(43)) - raft.server.snapshot.auto.trigger.enabled = true (custom)
2019-10-02 11:22:06,608 [pool-97-thread-1] INFO  server.RaftServerConfigKeys (ConfUtils.java:logGet(43)) - raft.server.snapshot.retention.file.num = 5 (custom)
2019-10-02 11:22:06,608 [pool-57-thread-1] INFO  server.RaftServerConfigKeys (ConfUtils.java:logGet(43)) - raft.server.snapshot.auto.trigger.threshold = 10000 (custom)
2019-10-02 11:22:06,609 [pool-97-thread-1] INFO  server.RaftServerConfigKeys (ConfUtils.java:logGet(43)) - raft.server.retrycache.expirytime = 600000ms (custom)
2019-10-02 11:22:06,609 [pool-57-thread-1] INFO  server.RaftServerConfigKeys (ConfUtils.java:logGet(43)) - raft.server.snapshot.retention.file.num = 5 (custom)
2019-10-02 11:22:06,609 [pool-57-thread-1] INFO  server.RaftServerConfigKeys (ConfUtils.java:logGet(43)) - raft.server.retrycache.expirytime = 600000ms (custom)
2019-10-02 11:22:06,614 [pool-37-thread-1] INFO  impl.RaftServerImpl (RaftServerImpl.java:<init>(95)) - 255f5341-67af-48a5-9f0a-34079e58e4b3: new RaftServerImpl for group-CFA5962B69F1:[255f5341-67af-48a5-9f0a-34079e58e4b3:192.168.151.122:40199, 5a152cad-2f68-44e1-8661-622a6e2403aa:192.168.151.122:41282, 99afa1ab-f70e-454d-b97f-b50504ecadc2:192.168.151.122:41178] with ContainerStateMachine:uninitialized
2019-10-02 11:22:06,614 [pool-37-thread-1] INFO  server.RaftServerConfigKeys (ConfUtils.java:logGet(43)) - raft.server.rpc.timeout.min = 1s (custom)
2019-10-02 11:22:06,614 [pool-37-thread-1] INFO  server.RaftServerConfigKeys (ConfUtils.java:logGet(43)) - raft.server.rpc.timeout.max = 1200ms (custom)
2019-10-02 11:22:06,614 [pool-37-thread-1] INFO  server.RaftServerConfigKeys (ConfUtils.java:logGet(43)) - raft.server.rpcslowness.timeout = 120s (custom)
2019-10-02 11:22:06,614 [pool-37-thread-1] INFO  server.RaftServerConfigKeys (ConfUtils.java:logGet(43)) - raft.server.sleep.deviation.threshold = 300 (default)
2019-10-02 11:22:06,614 [pool-97-thread-1] INFO  impl.RaftServerImpl (RaftServerImpl.java:<init>(95)) - 5a152cad-2f68-44e1-8661-622a6e2403aa: new RaftServerImpl for group-33DDF701D157:[255f5341-67af-48a5-9f0a-34079e58e4b3:192.168.151.122:40199, 5a152cad-2f68-44e1-8661-622a6e2403aa:192.168.151.122:41282, 99afa1ab-f70e-454d-b97f-b50504ecadc2:192.168.151.122:41178] with ContainerStateMachine:uninitialized
2019-10-02 11:22:06,614 [pool-37-thread-1] INFO  server.RaftServerConfigKeys (ConfUtils.java:logGet(43)) - raft.server.log.appender.install.snapshot.enabled = false (custom)
2019-10-02 11:22:06,615 [pool-97-thread-1] INFO  server.RaftServerConfigKeys (ConfUtils.java:logGet(43)) - raft.server.rpc.timeout.min = 1s (custom)
2019-10-02 11:22:06,615 [pool-37-thread-1] INFO  impl.RaftServerImpl (ServerState.java:<init>(103)) - 255f5341-67af-48a5-9f0a-34079e58e4b3@group-CFA5962B69F1: ConfigurationManager, init=-1: [255f5341-67af-48a5-9f0a-34079e58e4b3:192.168.151.122:40199, 5a152cad-2f68-44e1-8661-622a6e2403aa:192.168.151.122:41282, 99afa1ab-f70e-454d-b97f-b50504ecadc2:192.168.151.122:41178], old=null, confs=<EMPTY_MAP>
2019-10-02 11:22:06,615 [pool-97-thread-1] INFO  server.RaftServerConfigKeys (ConfUtils.java:logGet(43)) - raft.server.rpc.timeout.max = 1200ms (custom)
2019-10-02 11:22:06,615 [pool-37-thread-1] INFO  server.RaftServerConfigKeys (ConfUtils.java:logGet(43)) - raft.server.storage.dir = [/workdir/hadoop-ozone/integration-test/target/test-dir/MiniOzoneClusterImpl-544d5193-f7b3-4e33-ac9d-9d27303d2a96/datanode-1/data/ratis] (custom)
2019-10-02 11:22:06,615 [pool-97-thread-1] INFO  server.RaftServerConfigKeys (ConfUtils.java:logGet(43)) - raft.server.rpcslowness.timeout = 120s (custom)
2019-10-02 11:22:06,615 [pool-97-thread-1] INFO  server.RaftServerConfigKeys (ConfUtils.java:logGet(43)) - raft.server.sleep.deviation.threshold = 300 (default)
2019-10-02 11:22:06,615 [pool-37-thread-1] INFO  server.RaftServerConfigKeys (ConfUtils.java:logGet(43)) - raft.server.log.corruption.policy = EXCEPTION (default)
2019-10-02 11:22:06,615 [pool-97-thread-1] INFO  server.RaftServerConfigKeys (ConfUtils.java:logGet(43)) - raft.server.log.appender.install.snapshot.enabled = false (custom)
2019-10-02 11:22:06,616 [pool-37-thread-1] INFO  storage.RaftStorageDirectory (RaftStorageDirectory.java:analyzeStorage(246)) - The storage directory /workdir/hadoop-ozone/integration-test/target/test-dir/MiniOzoneClusterImpl-544d5193-f7b3-4e33-ac9d-9d27303d2a96/datanode-1/data/ratis/0065cf22-2ee5-4bd9-9dc4-cfa5962b69f1 does not exist. Creating ...
2019-10-02 11:22:06,616 [pool-97-thread-1] INFO  impl.RaftServerImpl (ServerState.java:<init>(103)) - 5a152cad-2f68-44e1-8661-622a6e2403aa@group-33DDF701D157: ConfigurationManager, init=-1: [255f5341-67af-48a5-9f0a-34079e58e4b3:192.168.151.122:40199, 5a152cad-2f68-44e1-8661-622a6e2403aa:192.168.151.122:41282, 99afa1ab-f70e-454d-b97f-b50504ecadc2:192.168.151.122:41178], old=null, confs=<EMPTY_MAP>
2019-10-02 11:22:06,616 [pool-97-thread-1] INFO  server.RaftServerConfigKeys (ConfUtils.java:logGet(43)) - raft.server.storage.dir = [/workdir/hadoop-ozone/integration-test/target/test-dir/MiniOzoneClusterImpl-544d5193-f7b3-4e33-ac9d-9d27303d2a96/datanode-7/data/ratis] (custom)
2019-10-02 11:22:06,616 [pool-97-thread-1] INFO  server.RaftServerConfigKeys (ConfUtils.java:logGet(43)) - raft.server.log.corruption.policy = EXCEPTION (default)
2019-10-02 11:22:06,616 [pool-57-thread-1] INFO  impl.RaftServerImpl (RaftServerImpl.java:<init>(95)) - 99afa1ab-f70e-454d-b97f-b50504ecadc2: new RaftServerImpl for group-33DDF701D157:[255f5341-67af-48a5-9f0a-34079e58e4b3:192.168.151.122:40199, 5a152cad-2f68-44e1-8661-622a6e2403aa:192.168.151.122:41282, 99afa1ab-f70e-454d-b97f-b50504ecadc2:192.168.151.122:41178] with ContainerStateMachine:uninitialized
2019-10-02 11:22:06,616 [pool-97-thread-1] INFO  storage.RaftStorageDirectory (RaftStorageDirectory.java:analyzeStorage(246)) - The storage directory /workdir/hadoop-ozone/integration-test/target/test-dir/MiniOzoneClusterImpl-544d5193-f7b3-4e33-ac9d-9d27303d2a96/datanode-7/data/ratis/24c0406e-22e1-403f-b1f7-33ddf701d157 does not exist. Creating ...
2019-10-02 11:22:06,616 [pool-57-thread-1] INFO  server.RaftServerConfigKeys (ConfUtils.java:logGet(43)) - raft.server.rpc.timeout.min = 1s (custom)
2019-10-02 11:22:06,617 [pool-57-thread-1] INFO  server.RaftServerConfigKeys (ConfUtils.java:logGet(43)) - raft.server.rpc.timeout.max = 1200ms (custom)
2019-10-02 11:22:06,617 [pool-57-thread-1] INFO  server.RaftServerConfigKeys (ConfUtils.java:logGet(43)) - raft.server.rpcslowness.timeout = 120s (custom)
2019-10-02 11:22:06,617 [pool-57-thread-1] INFO  server.RaftServerConfigKeys (ConfUtils.java:logGet(43)) - raft.server.sleep.deviation.threshold = 300 (default)
2019-10-02 11:22:06,617 [pool-57-thread-1] INFO  server.RaftServerConfigKeys (ConfUtils.java:logGet(43)) - raft.server.log.appender.install.snapshot.enabled = false (custom)
2019-10-02 11:22:06,617 [pool-57-thread-1] INFO  impl.RaftServerImpl (ServerState.java:<init>(103)) - 99afa1ab-f70e-454d-b97f-b50504ecadc2@group-33DDF701D157: ConfigurationManager, init=-1: [255f5341-67af-48a5-9f0a-34079e58e4b3:192.168.151.122:40199, 5a152cad-2f68-44e1-8661-622a6e2403aa:192.168.151.122:41282, 99afa1ab-f70e-454d-b97f-b50504ecadc2:192.168.151.122:41178], old=null, confs=<EMPTY_MAP>
2019-10-02 11:22:06,617 [pool-57-thread-1] INFO  server.RaftServerConfigKeys (ConfUtils.java:logGet(43)) - raft.server.storage.dir = [/workdir/hadoop-ozone/integration-test/target/test-dir/MiniOzoneClusterImpl-544d5193-f7b3-4e33-ac9d-9d27303d2a96/datanode-3/data/ratis] (custom)
2019-10-02 11:22:06,617 [pool-57-thread-1] INFO  server.RaftServerConfigKeys (ConfUtils.java:logGet(43)) - raft.server.log.corruption.policy = EXCEPTION (default)
2019-10-02 11:22:06,618 [pool-57-thread-1] INFO  storage.RaftStorageDirectory (RaftStorageDirectory.java:analyzeStorage(246)) - The storage directory /workdir/hadoop-ozone/integration-test/target/test-dir/MiniOzoneClusterImpl-544d5193-f7b3-4e33-ac9d-9d27303d2a96/datanode-3/data/ratis/24c0406e-22e1-403f-b1f7-33ddf701d157 does not exist. Creating ...
2019-10-02 11:22:06,629 [pool-97-thread-1] INFO  storage.RaftStorageDirectory (RaftStorageDirectory.java:tryLock(328)) - Lock on /workdir/hadoop-ozone/integration-test/target/test-dir/MiniOzoneClusterImpl-544d5193-f7b3-4e33-ac9d-9d27303d2a96/datanode-7/data/ratis/24c0406e-22e1-403f-b1f7-33ddf701d157/in_use.lock acquired by nodename 1997@pr-hdds-2199-dnstouuidmap-nxzb2-26233584
2019-10-02 11:22:06,629 [pool-37-thread-1] INFO  storage.RaftStorageDirectory (RaftStorageDirectory.java:tryLock(328)) - Lock on /workdir/hadoop-ozone/integration-test/target/test-dir/MiniOzoneClusterImpl-544d5193-f7b3-4e33-ac9d-9d27303d2a96/datanode-1/data/ratis/0065cf22-2ee5-4bd9-9dc4-cfa5962b69f1/in_use.lock acquired by nodename 1997@pr-hdds-2199-dnstouuidmap-nxzb2-26233584
2019-10-02 11:22:06,629 [pool-57-thread-1] INFO  storage.RaftStorageDirectory (RaftStorageDirectory.java:tryLock(328)) - Lock on /workdir/hadoop-ozone/integration-test/target/test-dir/MiniOzoneClusterImpl-544d5193-f7b3-4e33-ac9d-9d27303d2a96/datanode-3/data/ratis/24c0406e-22e1-403f-b1f7-33ddf701d157/in_use.lock acquired by nodename 1997@pr-hdds-2199-dnstouuidmap-nxzb2-26233584
2019-10-02 11:22:06,647 [pool-97-thread-1] INFO  storage.RaftStorage (RaftStorage.java:format(84)) - Storage directory /workdir/hadoop-ozone/integration-test/target/test-dir/MiniOzoneClusterImpl-544d5193-f7b3-4e33-ac9d-9d27303d2a96/datanode-7/data/ratis/24c0406e-22e1-403f-b1f7-33ddf701d157 has been successfully formatted.
2019-10-02 11:22:06,647 [pool-57-thread-1] INFO  storage.RaftStorage (RaftStorage.java:format(84)) - Storage directory /workdir/hadoop-ozone/integration-test/target/test-dir/MiniOzoneClusterImpl-544d5193-f7b3-4e33-ac9d-9d27303d2a96/datanode-3/data/ratis/24c0406e-22e1-403f-b1f7-33ddf701d157 has been successfully formatted.
2019-10-02 11:22:06,647 [pool-37-thread-1] INFO  storage.RaftStorage (RaftStorage.java:format(84)) - Storage directory /workdir/hadoop-ozone/integration-test/target/test-dir/MiniOzoneClusterImpl-544d5193-f7b3-4e33-ac9d-9d27303d2a96/datanode-1/data/ratis/0065cf22-2ee5-4bd9-9dc4-cfa5962b69f1 has been successfully formatted.
2019-10-02 11:22:06,647 [pool-57-thread-1] INFO  ratis.ContainerStateMachine (ContainerStateMachine.java:loadSnapshot(230)) - group-33DDF701D157: The snapshot info is null. Setting the last applied indexto:(t:0, i:~)
2019-10-02 11:22:06,647 [pool-37-thread-1] INFO  ratis.ContainerStateMachine (ContainerStateMachine.java:loadSnapshot(230)) - group-CFA5962B69F1: The snapshot info is null. Setting the last applied indexto:(t:0, i:~)
2019-10-02 11:22:06,647 [pool-97-thread-1] INFO  ratis.ContainerStateMachine (ContainerStateMachine.java:loadSnapshot(230)) - group-33DDF701D157: The snapshot info is null. Setting the last applied indexto:(t:0, i:~)
2019-10-02 11:22:06,647 [pool-37-thread-1] INFO  server.RaftServerConfigKeys (ConfUtils.java:logGet(43)) - raft.server.notification.no-leader.timeout = 120s (custom)
2019-10-02 11:22:06,647 [pool-57-thread-1] INFO  server.RaftServerConfigKeys (ConfUtils.java:logGet(43)) - raft.server.notification.no-leader.timeout = 120s (custom)
2019-10-02 11:22:06,648 [pool-37-thread-1] INFO  server.RaftServerConfigKeys (ConfUtils.java:logGet(43)) - raft.server.log.use.memory = false (default)
2019-10-02 11:22:06,648 [pool-97-thread-1] INFO  server.RaftServerConfigKeys (ConfUtils.java:logGet(43)) - raft.server.notification.no-leader.timeout = 120s (custom)
2019-10-02 11:22:06,648 [pool-37-thread-1] INFO  server.RaftServerConfigKeys (ConfUtils.java:logGet(43)) - raft.server.log.purge.gap = 1000000 (custom)
2019-10-02 11:22:06,648 [pool-57-thread-1] INFO  server.RaftServerConfigKeys (ConfUtils.java:logGet(43)) - raft.server.log.use.memory = false (default)
2019-10-02 11:22:06,648 [pool-37-thread-1] INFO  server.RaftServerConfigKeys (ConfUtils.java:logGet(43)) - raft.server.log.appender.buffer.byte-limit = 33554432 (custom)
2019-10-02 11:22:06,648 [pool-97-thread-1] INFO  server.RaftServerConfigKeys (ConfUtils.java:logGet(43)) - raft.server.log.use.memory = false (default)
2019-10-02 11:22:06,648 [pool-37-thread-1] INFO  server.RaftServerConfigKeys (ConfUtils.java:logGet(43)) - raft.server.log.segment.size.max = 1048576 (custom)
2019-10-02 11:22:06,648 [pool-57-thread-1] INFO  server.RaftServerConfigKeys (ConfUtils.java:logGet(43)) - raft.server.log.purge.gap = 1000000 (custom)
2019-10-02 11:22:06,648 [pool-37-thread-1] INFO  server.RaftServerConfigKeys (ConfUtils.java:logGet(43)) - raft.server.log.segment.cache.num.max = 2 (custom)
2019-10-02 11:22:06,648 [pool-97-thread-1] INFO  server.RaftServerConfigKeys (ConfUtils.java:logGet(43)) - raft.server.log.purge.gap = 1000000 (custom)
2019-10-02 11:22:06,649 [pool-37-thread-1] INFO  segmented.SegmentedRaftLogWorker (SegmentedRaftLogWorker.java:<init>(173)) - new 255f5341-67af-48a5-9f0a-34079e58e4b3@group-CFA5962B69F1-SegmentedRaftLogWorker for RaftStorage:Storage Directory /workdir/hadoop-ozone/integration-test/target/test-dir/MiniOzoneClusterImpl-544d5193-f7b3-4e33-ac9d-9d27303d2a96/datanode-1/data/ratis/0065cf22-2ee5-4bd9-9dc4-cfa5962b69f1
2019-10-02 11:22:06,649 [pool-57-thread-1] INFO  server.RaftServerConfigKeys (ConfUtils.java:logGet(43)) - raft.server.log.appender.buffer.byte-limit = 33554432 (custom)
2019-10-02 11:22:06,649 [pool-37-thread-1] INFO  server.RaftServerConfigKeys (ConfUtils.java:logGet(43)) - raft.server.log.queue.byte-limit = 2147483647 (custom)
2019-10-02 11:22:06,649 [pool-97-thread-1] INFO  server.RaftServerConfigKeys (ConfUtils.java:logGet(43)) - raft.server.log.appender.buffer.byte-limit = 33554432 (custom)
2019-10-02 11:22:06,649 [pool-37-thread-1] INFO  server.RaftServerConfigKeys (ConfUtils.java:logGet(43)) - raft.server.log.queue.element-limit = 1024 (custom)
2019-10-02 11:22:06,649 [pool-57-thread-1] INFO  server.RaftServerConfigKeys (ConfUtils.java:logGet(43)) - raft.server.log.segment.size.max = 1048576 (custom)
2019-10-02 11:22:06,649 [pool-37-thread-1] INFO  server.RaftServerConfigKeys (ConfUtils.java:logGet(43)) - raft.server.log.segment.size.max = 1048576 (custom)
2019-10-02 11:22:06,649 [pool-97-thread-1] INFO  server.RaftServerConfigKeys (ConfUtils.java:logGet(43)) - raft.server.log.segment.size.max = 1048576 (custom)
2019-10-02 11:22:06,649 [pool-37-thread-1] INFO  server.RaftServerConfigKeys (ConfUtils.java:logGet(43)) - raft.server.log.preallocated.size = 16384 (custom)
2019-10-02 11:22:06,649 [pool-57-thread-1] INFO  server.RaftServerConfigKeys (ConfUtils.java:logGet(43)) - raft.server.log.segment.cache.num.max = 2 (custom)
2019-10-02 11:22:06,650 [pool-37-thread-1] INFO  server.RaftServerConfigKeys (ConfUtils.java:logGet(43)) - raft.server.log.write.buffer.size = 33554432 (custom)
2019-10-02 11:22:06,650 [pool-97-thread-1] INFO  server.RaftServerConfigKeys (ConfUtils.java:logGet(43)) - raft.server.log.segment.cache.num.max = 2 (custom)
2019-10-02 11:22:06,650 [pool-37-thread-1] INFO  server.RaftServerConfigKeys (ConfUtils.java:logGet(43)) - raft.server.log.force.sync.num = 128 (default)
2019-10-02 11:22:06,650 [pool-57-thread-1] INFO  segmented.SegmentedRaftLogWorker (SegmentedRaftLogWorker.java:<init>(173)) - new 99afa1ab-f70e-454d-b97f-b50504ecadc2@group-33DDF701D157-SegmentedRaftLogWorker for RaftStorage:Storage Directory /workdir/hadoop-ozone/integration-test/target/test-dir/MiniOzoneClusterImpl-544d5193-f7b3-4e33-ac9d-9d27303d2a96/datanode-3/data/ratis/24c0406e-22e1-403f-b1f7-33ddf701d157
2019-10-02 11:22:06,650 [pool-37-thread-1] INFO  server.RaftServerConfigKeys (ConfUtils.java:logGet(43)) - raft.server.log.statemachine.data.sync = true (default)
2019-10-02 11:22:06,650 [pool-97-thread-1] INFO  segmented.SegmentedRaftLogWorker (SegmentedRaftLogWorker.java:<init>(173)) - new 5a152cad-2f68-44e1-8661-622a6e2403aa@group-33DDF701D157-SegmentedRaftLogWorker for RaftStorage:Storage Directory /workdir/hadoop-ozone/integration-test/target/test-dir/MiniOzoneClusterImpl-544d5193-f7b3-4e33-ac9d-9d27303d2a96/datanode-7/data/ratis/24c0406e-22e1-403f-b1f7-33ddf701d157
2019-10-02 11:22:06,650 [pool-37-thread-1] INFO  server.RaftServerConfigKeys (ConfUtils.java:logGet(43)) - raft.server.log.statemachine.data.sync.timeout = 10s (default)
2019-10-02 11:22:06,650 [pool-57-thread-1] INFO  server.RaftServerConfigKeys (ConfUtils.java:logGet(43)) - raft.server.log.queue.byte-limit = 2147483647 (custom)
2019-10-02 11:22:06,650 [pool-37-thread-1] INFO  server.RaftServerConfigKeys (ConfUtils.java:logGet(43)) - raft.server.log.statemachine.data.sync.timeout.retry = -1 (default)
2019-10-02 11:22:06,650 [pool-97-thread-1] INFO  server.RaftServerConfigKeys (ConfUtils.java:logGet(43)) - raft.server.log.queue.byte-limit = 2147483647 (custom)
2019-10-02 11:22:06,651 [pool-37-thread-1] INFO  server.RaftServerConfigKeys (ConfUtils.java:logGet(43)) - raft.server.log.statemachine.data.caching.enabled = true (custom)
2019-10-02 11:22:06,651 [pool-57-thread-1] INFO  server.RaftServerConfigKeys (ConfUtils.java:logGet(43)) - raft.server.log.queue.element-limit = 1024 (custom)
2019-10-02 11:22:06,651 [pool-97-thread-1] INFO  server.RaftServerConfigKeys (ConfUtils.java:logGet(43)) - raft.server.log.queue.element-limit = 1024 (custom)
2019-10-02 11:22:06,651 [pool-37-thread-1] INFO  segmented.SegmentedRaftLogWorker (SegmentedRaftLogWorker.java:lambda$new$0(128)) - 255f5341-67af-48a5-9f0a-34079e58e4b3@group-CFA5962B69F1-SegmentedRaftLogWorker: flushIndex: setUnconditionally 0 -> -1
2019-10-02 11:22:06,651 [pool-57-thread-1] INFO  server.RaftServerConfigKeys (ConfUtils.java:logGet(43)) - raft.server.log.segment.size.max = 1048576 (custom)
2019-10-02 11:22:06,651 [pool-97-thread-1] INFO  server.RaftServerConfigKeys (ConfUtils.java:logGet(43)) - raft.server.log.segment.size.max = 1048576 (custom)
2019-10-02 11:22:06,651 [pool-37-thread-1] INFO  server.RaftServerConfigKeys (ConfUtils.java:logGet(43)) - raft.server.snapshot.auto.trigger.enabled = true (custom)
2019-10-02 11:22:06,651 [pool-57-thread-1] INFO  server.RaftServerConfigKeys (ConfUtils.java:logGet(43)) - raft.server.log.preallocated.size = 16384 (custom)
2019-10-02 11:22:06,652 [pool-37-thread-1] INFO  server.RaftServerConfigKeys (ConfUtils.java:logGet(43)) - raft.server.snapshot.auto.trigger.threshold = 10000 (custom)
2019-10-02 11:22:06,651 [pool-97-thread-1] INFO  server.RaftServerConfigKeys (ConfUtils.java:logGet(43)) - raft.server.log.preallocated.size = 16384 (custom)
2019-10-02 11:22:06,652 [pool-37-thread-1] INFO  server.RaftServerConfigKeys (ConfUtils.java:logGet(43)) - raft.server.snapshot.retention.file.num = 5 (custom)
2019-10-02 11:22:06,652 [pool-57-thread-1] INFO  server.RaftServerConfigKeys (ConfUtils.java:logGet(43)) - raft.server.log.write.buffer.size = 33554432 (custom)
2019-10-02 11:22:06,652 [pool-37-thread-1] INFO  server.RaftServerConfigKeys (ConfUtils.java:logGet(43)) - raft.server.retrycache.expirytime = 600000ms (custom)
2019-10-02 11:22:06,652 [pool-97-thread-1] INFO  server.RaftServerConfigKeys (ConfUtils.java:logGet(43)) - raft.server.log.write.buffer.size = 33554432 (custom)
2019-10-02 11:22:06,652 [pool-57-thread-1] INFO  server.RaftServerConfigKeys (ConfUtils.java:logGet(43)) - raft.server.log.force.sync.num = 128 (default)
2019-10-02 11:22:06,652 [pool-97-thread-1] INFO  server.RaftServerConfigKeys (ConfUtils.java:logGet(43)) - raft.server.log.force.sync.num = 128 (default)
2019-10-02 11:22:06,652 [pool-57-thread-1] INFO  server.RaftServerConfigKeys (ConfUtils.java:logGet(43)) - raft.server.log.statemachine.data.sync = true (default)
2019-10-02 11:22:06,652 [pool-97-thread-1] INFO  server.RaftServerConfigKeys (ConfUtils.java:logGet(43)) - raft.server.log.statemachine.data.sync = true (default)
2019-10-02 11:22:06,653 [pool-57-thread-1] INFO  server.RaftServerConfigKeys (ConfUtils.java:logGet(43)) - raft.server.log.statemachine.data.sync.timeout = 10s (default)
2019-10-02 11:22:06,653 [pool-97-thread-1] INFO  server.RaftServerConfigKeys (ConfUtils.java:logGet(43)) - raft.server.log.statemachine.data.sync.timeout = 10s (default)
2019-10-02 11:22:06,653 [pool-57-thread-1] INFO  server.RaftServerConfigKeys (ConfUtils.java:logGet(43)) - raft.server.log.statemachine.data.sync.timeout.retry = -1 (default)
2019-10-02 11:22:06,653 [pool-97-thread-1] INFO  server.RaftServerConfigKeys (ConfUtils.java:logGet(43)) - raft.server.log.statemachine.data.sync.timeout.retry = -1 (default)
2019-10-02 11:22:06,653 [pool-57-thread-1] INFO  server.RaftServerConfigKeys (ConfUtils.java:logGet(43)) - raft.server.log.statemachine.data.caching.enabled = true (custom)
2019-10-02 11:22:06,653 [pool-97-thread-1] INFO  server.RaftServerConfigKeys (ConfUtils.java:logGet(43)) - raft.server.log.statemachine.data.caching.enabled = true (custom)
2019-10-02 11:22:06,653 [pool-57-thread-1] INFO  segmented.SegmentedRaftLogWorker (SegmentedRaftLogWorker.java:lambda$new$0(128)) - 99afa1ab-f70e-454d-b97f-b50504ecadc2@group-33DDF701D157-SegmentedRaftLogWorker: flushIndex: setUnconditionally 0 -> -1
2019-10-02 11:22:06,653 [pool-97-thread-1] INFO  segmented.SegmentedRaftLogWorker (SegmentedRaftLogWorker.java:lambda$new$0(128)) - 5a152cad-2f68-44e1-8661-622a6e2403aa@group-33DDF701D157-SegmentedRaftLogWorker: flushIndex: setUnconditionally 0 -> -1
2019-10-02 11:22:06,654 [pool-57-thread-1] INFO  server.RaftServerConfigKeys (ConfUtils.java:logGet(43)) - raft.server.snapshot.auto.trigger.enabled = true (custom)
2019-10-02 11:22:06,654 [pool-97-thread-1] INFO  server.RaftServerConfigKeys (ConfUtils.java:logGet(43)) - raft.server.snapshot.auto.trigger.enabled = true (custom)
2019-10-02 11:22:06,654 [pool-57-thread-1] INFO  server.RaftServerConfigKeys (ConfUtils.java:logGet(43)) - raft.server.snapshot.auto.trigger.threshold = 10000 (custom)
2019-10-02 11:22:06,654 [pool-97-thread-1] INFO  server.RaftServerConfigKeys (ConfUtils.java:logGet(43)) - raft.server.snapshot.auto.trigger.threshold = 10000 (custom)
2019-10-02 11:22:06,654 [pool-57-thread-1] INFO  server.RaftServerConfigKeys (ConfUtils.java:logGet(43)) - raft.server.snapshot.retention.file.num = 5 (custom)
2019-10-02 11:22:06,654 [pool-97-thread-1] INFO  server.RaftServerConfigKeys (ConfUtils.java:logGet(43)) - raft.server.snapshot.retention.file.num = 5 (custom)
2019-10-02 11:22:06,654 [pool-57-thread-1] INFO  server.RaftServerConfigKeys (ConfUtils.java:logGet(43)) - raft.server.retrycache.expirytime = 600000ms (custom)
2019-10-02 11:22:06,654 [pool-97-thread-1] INFO  server.RaftServerConfigKeys (ConfUtils.java:logGet(43)) - raft.server.retrycache.expirytime = 600000ms (custom)
2019-10-02 11:22:06,657 [pool-37-thread-1] INFO  impl.RaftServerImpl (RaftServerImpl.java:<init>(95)) - 255f5341-67af-48a5-9f0a-34079e58e4b3: new RaftServerImpl for group-33DDF701D157:[255f5341-67af-48a5-9f0a-34079e58e4b3:192.168.151.122:40199, 5a152cad-2f68-44e1-8661-622a6e2403aa:192.168.151.122:41282, 99afa1ab-f70e-454d-b97f-b50504ecadc2:192.168.151.122:41178] with ContainerStateMachine:uninitialized
2019-10-02 11:22:06,657 [pool-37-thread-1] INFO  server.RaftServerConfigKeys (ConfUtils.java:logGet(43)) - raft.server.rpc.timeout.min = 1s (custom)
2019-10-02 11:22:06,658 [pool-37-thread-1] INFO  server.RaftServerConfigKeys (ConfUtils.java:logGet(43)) - raft.server.rpc.timeout.max = 1200ms (custom)
2019-10-02 11:22:06,658 [pool-37-thread-1] INFO  server.RaftServerConfigKeys (ConfUtils.java:logGet(43)) - raft.server.rpcslowness.timeout = 120s (custom)
2019-10-02 11:22:06,658 [pool-37-thread-1] INFO  server.RaftServerConfigKeys (ConfUtils.java:logGet(43)) - raft.server.sleep.deviation.threshold = 300 (default)
2019-10-02 11:22:06,658 [pool-57-thread-1] INFO  impl.RaftServerImpl (RaftServerImpl.java:start(181)) - 99afa1ab-f70e-454d-b97f-b50504ecadc2@group-B42E39A6701C: start as a follower, conf=-1: [255f5341-67af-48a5-9f0a-34079e58e4b3:192.168.151.122:40199, 5a152cad-2f68-44e1-8661-622a6e2403aa:192.168.151.122:41282, 99afa1ab-f70e-454d-b97f-b50504ecadc2:192.168.151.122:41178], old=null
2019-10-02 11:22:06,658 [pool-37-thread-1] INFO  server.RaftServerConfigKeys (ConfUtils.java:logGet(43)) - raft.server.log.appender.install.snapshot.enabled = false (custom)
2019-10-02 11:22:06,658 [pool-97-thread-1] INFO  impl.RaftServerImpl (RaftServerImpl.java:start(181)) - 5a152cad-2f68-44e1-8661-622a6e2403aa@group-B42E39A6701C: start as a follower, conf=-1: [255f5341-67af-48a5-9f0a-34079e58e4b3:192.168.151.122:40199, 5a152cad-2f68-44e1-8661-622a6e2403aa:192.168.151.122:41282, 99afa1ab-f70e-454d-b97f-b50504ecadc2:192.168.151.122:41178], old=null
2019-10-02 11:22:06,658 [pool-37-thread-1] INFO  impl.RaftServerImpl (ServerState.java:<init>(103)) - 255f5341-67af-48a5-9f0a-34079e58e4b3@group-33DDF701D157: ConfigurationManager, init=-1: [255f5341-67af-48a5-9f0a-34079e58e4b3:192.168.151.122:40199, 5a152cad-2f68-44e1-8661-622a6e2403aa:192.168.151.122:41282, 99afa1ab-f70e-454d-b97f-b50504ecadc2:192.168.151.122:41178], old=null, confs=<EMPTY_MAP>
2019-10-02 11:22:06,658 [pool-57-thread-1] INFO  impl.RaftServerImpl (RaftServerImpl.java:setRole(170)) - 99afa1ab-f70e-454d-b97f-b50504ecadc2@group-B42E39A6701C: changes role from      null to FOLLOWER at term 0 for startAsFollower
2019-10-02 11:22:06,658 [pool-97-thread-1] INFO  impl.RaftServerImpl (RaftServerImpl.java:setRole(170)) - 5a152cad-2f68-44e1-8661-622a6e2403aa@group-B42E39A6701C: changes role from      null to FOLLOWER at term 0 for startAsFollower
2019-10-02 11:22:06,658 [pool-37-thread-1] INFO  server.RaftServerConfigKeys (ConfUtils.java:logGet(43)) - raft.server.storage.dir = [/workdir/hadoop-ozone/integration-test/target/test-dir/MiniOzoneClusterImpl-544d5193-f7b3-4e33-ac9d-9d27303d2a96/datanode-1/data/ratis] (custom)
2019-10-02 11:22:06,658 [pool-57-thread-1] INFO  impl.RoleInfo (RoleInfo.java:updateAndGet(143)) - 99afa1ab-f70e-454d-b97f-b50504ecadc2: start FollowerState
2019-10-02 11:22:06,662 [pool-37-thread-1] INFO  server.RaftServerConfigKeys (ConfUtils.java:logGet(43)) - raft.server.log.corruption.policy = EXCEPTION (default)
2019-10-02 11:22:06,662 [pool-97-thread-1] INFO  impl.RoleInfo (RoleInfo.java:updateAndGet(143)) - 5a152cad-2f68-44e1-8661-622a6e2403aa: start FollowerState
2019-10-02 11:22:06,663 [pool-37-thread-1] INFO  storage.RaftStorageDirectory (RaftStorageDirectory.java:analyzeStorage(246)) - The storage directory /workdir/hadoop-ozone/integration-test/target/test-dir/MiniOzoneClusterImpl-544d5193-f7b3-4e33-ac9d-9d27303d2a96/datanode-1/data/ratis/24c0406e-22e1-403f-b1f7-33ddf701d157 does not exist. Creating ...
2019-10-02 11:22:06,663 [pool-57-thread-1] INFO  util.JmxRegister (JmxRegister.java:tryRegister(44)) - Successfully registered JMX Bean with object name Ratis:service=RaftServer,group=group-B42E39A6701C,id=99afa1ab-f70e-454d-b97f-b50504ecadc2
2019-10-02 11:22:06,665 [pool-97-thread-1] INFO  util.JmxRegister (JmxRegister.java:tryRegister(44)) - Successfully registered JMX Bean with object name Ratis:service=RaftServer,group=group-B42E39A6701C,id=5a152cad-2f68-44e1-8661-622a6e2403aa
2019-10-02 11:22:06,668 [pool-57-thread-1] INFO  impl.RaftServerImpl (RaftServerImpl.java:start(181)) - 99afa1ab-f70e-454d-b97f-b50504ecadc2@group-CFA5962B69F1: start as a follower, conf=-1: [255f5341-67af-48a5-9f0a-34079e58e4b3:192.168.151.122:40199, 5a152cad-2f68-44e1-8661-622a6e2403aa:192.168.151.122:41282, 99afa1ab-f70e-454d-b97f-b50504ecadc2:192.168.151.122:41178], old=null
2019-10-02 11:22:06,669 [pool-57-thread-1] INFO  impl.RaftServerImpl (RaftServerImpl.java:setRole(170)) - 99afa1ab-f70e-454d-b97f-b50504ecadc2@group-CFA5962B69F1: changes role from      null to FOLLOWER at term 0 for startAsFollower
2019-10-02 11:22:06,669 [pool-97-thread-1] INFO  impl.RaftServerImpl (RaftServerImpl.java:start(181)) - 5a152cad-2f68-44e1-8661-622a6e2403aa@group-CFA5962B69F1: start as a follower, conf=-1: [255f5341-67af-48a5-9f0a-34079e58e4b3:192.168.151.122:40199, 5a152cad-2f68-44e1-8661-622a6e2403aa:192.168.151.122:41282, 99afa1ab-f70e-454d-b97f-b50504ecadc2:192.168.151.122:41178], old=null
2019-10-02 11:22:06,669 [pool-57-thread-1] INFO  impl.RoleInfo (RoleInfo.java:updateAndGet(143)) - 99afa1ab-f70e-454d-b97f-b50504ecadc2: start FollowerState
2019-10-02 11:22:06,669 [pool-97-thread-1] INFO  impl.RaftServerImpl (RaftServerImpl.java:setRole(170)) - 5a152cad-2f68-44e1-8661-622a6e2403aa@group-CFA5962B69F1: changes role from      null to FOLLOWER at term 0 for startAsFollower
2019-10-02 11:22:06,669 [pool-97-thread-1] INFO  impl.RoleInfo (RoleInfo.java:updateAndGet(143)) - 5a152cad-2f68-44e1-8661-622a6e2403aa: start FollowerState
2019-10-02 11:22:06,669 [pool-57-thread-1] INFO  util.JmxRegister (JmxRegister.java:tryRegister(44)) - Successfully registered JMX Bean with object name Ratis:service=RaftServer,group=group-CFA5962B69F1,id=99afa1ab-f70e-454d-b97f-b50504ecadc2
2019-10-02 11:22:06,669 [pool-97-thread-1] INFO  util.JmxRegister (JmxRegister.java:tryRegister(44)) - Successfully registered JMX Bean with object name Ratis:service=RaftServer,group=group-CFA5962B69F1,id=5a152cad-2f68-44e1-8661-622a6e2403aa
2019-10-02 11:22:06,673 [pool-57-thread-1] INFO  impl.RaftServerImpl (RaftServerImpl.java:start(181)) - 99afa1ab-f70e-454d-b97f-b50504ecadc2@group-33DDF701D157: start as a follower, conf=-1: [255f5341-67af-48a5-9f0a-34079e58e4b3:192.168.151.122:40199, 5a152cad-2f68-44e1-8661-622a6e2403aa:192.168.151.122:41282, 99afa1ab-f70e-454d-b97f-b50504ecadc2:192.168.151.122:41178], old=null
2019-10-02 11:22:06,673 [pool-57-thread-1] INFO  impl.RaftServerImpl (RaftServerImpl.java:setRole(170)) - 99afa1ab-f70e-454d-b97f-b50504ecadc2@group-33DDF701D157: changes role from      null to FOLLOWER at term 0 for startAsFollower
2019-10-02 11:22:06,673 [pool-97-thread-1] INFO  impl.RaftServerImpl (RaftServerImpl.java:start(181)) - 5a152cad-2f68-44e1-8661-622a6e2403aa@group-33DDF701D157: start as a follower, conf=-1: [255f5341-67af-48a5-9f0a-34079e58e4b3:192.168.151.122:40199, 5a152cad-2f68-44e1-8661-622a6e2403aa:192.168.151.122:41282, 99afa1ab-f70e-454d-b97f-b50504ecadc2:192.168.151.122:41178], old=null
2019-10-02 11:22:06,673 [pool-57-thread-1] INFO  impl.RoleInfo (RoleInfo.java:updateAndGet(143)) - 99afa1ab-f70e-454d-b97f-b50504ecadc2: start FollowerState
2019-10-02 11:22:06,673 [pool-97-thread-1] INFO  impl.RaftServerImpl (RaftServerImpl.java:setRole(170)) - 5a152cad-2f68-44e1-8661-622a6e2403aa@group-33DDF701D157: changes role from      null to FOLLOWER at term 0 for startAsFollower
2019-10-02 11:22:06,673 [pool-97-thread-1] INFO  impl.RoleInfo (RoleInfo.java:updateAndGet(143)) - 5a152cad-2f68-44e1-8661-622a6e2403aa: start FollowerState
2019-10-02 11:22:06,673 [pool-57-thread-1] INFO  util.JmxRegister (JmxRegister.java:tryRegister(44)) - Successfully registered JMX Bean with object name Ratis:service=RaftServer,group=group-33DDF701D157,id=99afa1ab-f70e-454d-b97f-b50504ecadc2
2019-10-02 11:22:06,674 [pool-97-thread-1] INFO  util.JmxRegister (JmxRegister.java:tryRegister(44)) - Successfully registered JMX Bean with object name Ratis:service=RaftServer,group=group-33DDF701D157,id=5a152cad-2f68-44e1-8661-622a6e2403aa
2019-10-02 11:22:06,678 [pool-37-thread-1] INFO  storage.RaftStorageDirectory (RaftStorageDirectory.java:tryLock(328)) - Lock on /workdir/hadoop-ozone/integration-test/target/test-dir/MiniOzoneClusterImpl-544d5193-f7b3-4e33-ac9d-9d27303d2a96/datanode-1/data/ratis/24c0406e-22e1-403f-b1f7-33ddf701d157/in_use.lock acquired by nodename 1997@pr-hdds-2199-dnstouuidmap-nxzb2-26233584
2019-10-02 11:22:06,696 [pool-37-thread-1] INFO  storage.RaftStorage (RaftStorage.java:format(84)) - Storage directory /workdir/hadoop-ozone/integration-test/target/test-dir/MiniOzoneClusterImpl-544d5193-f7b3-4e33-ac9d-9d27303d2a96/datanode-1/data/ratis/24c0406e-22e1-403f-b1f7-33ddf701d157 has been successfully formatted.
2019-10-02 11:22:06,698 [pool-37-thread-1] INFO  ratis.ContainerStateMachine (ContainerStateMachine.java:loadSnapshot(230)) - group-33DDF701D157: The snapshot info is null. Setting the last applied indexto:(t:0, i:~)
2019-10-02 11:22:06,700 [pool-37-thread-1] INFO  server.RaftServerConfigKeys (ConfUtils.java:logGet(43)) - raft.server.notification.no-leader.timeout = 120s (custom)
2019-10-02 11:22:06,701 [pool-37-thread-1] INFO  server.RaftServerConfigKeys (ConfUtils.java:logGet(43)) - raft.server.log.use.memory = false (default)
2019-10-02 11:22:06,701 [pool-37-thread-1] INFO  server.RaftServerConfigKeys (ConfUtils.java:logGet(43)) - raft.server.log.purge.gap = 1000000 (custom)
2019-10-02 11:22:06,701 [pool-37-thread-1] INFO  server.RaftServerConfigKeys (ConfUtils.java:logGet(43)) - raft.server.log.appender.buffer.byte-limit = 33554432 (custom)
2019-10-02 11:22:06,701 [pool-37-thread-1] INFO  server.RaftServerConfigKeys (ConfUtils.java:logGet(43)) - raft.server.log.segment.size.max = 1048576 (custom)
2019-10-02 11:22:06,701 [pool-37-thread-1] INFO  server.RaftServerConfigKeys (ConfUtils.java:logGet(43)) - raft.server.log.segment.cache.num.max = 2 (custom)
2019-10-02 11:22:06,701 [pool-37-thread-1] INFO  segmented.SegmentedRaftLogWorker (SegmentedRaftLogWorker.java:<init>(173)) - new 255f5341-67af-48a5-9f0a-34079e58e4b3@group-33DDF701D157-SegmentedRaftLogWorker for RaftStorage:Storage Directory /workdir/hadoop-ozone/integration-test/target/test-dir/MiniOzoneClusterImpl-544d5193-f7b3-4e33-ac9d-9d27303d2a96/datanode-1/data/ratis/24c0406e-22e1-403f-b1f7-33ddf701d157
2019-10-02 11:22:06,704 [pool-37-thread-1] INFO  server.RaftServerConfigKeys (ConfUtils.java:logGet(43)) - raft.server.log.queue.byte-limit = 2147483647 (custom)
2019-10-02 11:22:06,708 [pool-37-thread-1] INFO  server.RaftServerConfigKeys (ConfUtils.java:logGet(43)) - raft.server.log.queue.element-limit = 1024 (custom)
2019-10-02 11:22:06,708 [pool-37-thread-1] INFO  server.RaftServerConfigKeys (ConfUtils.java:logGet(43)) - raft.server.log.segment.size.max = 1048576 (custom)
2019-10-02 11:22:06,708 [pool-37-thread-1] INFO  server.RaftServerConfigKeys (ConfUtils.java:logGet(43)) - raft.server.log.preallocated.size = 16384 (custom)
2019-10-02 11:22:06,708 [pool-37-thread-1] INFO  server.RaftServerConfigKeys (ConfUtils.java:logGet(43)) - raft.server.log.write.buffer.size = 33554432 (custom)
2019-10-02 11:22:06,708 [pool-37-thread-1] INFO  server.RaftServerConfigKeys (ConfUtils.java:logGet(43)) - raft.server.log.force.sync.num = 128 (default)
2019-10-02 11:22:06,708 [pool-37-thread-1] INFO  server.RaftServerConfigKeys (ConfUtils.java:logGet(43)) - raft.server.log.statemachine.data.sync = true (default)
2019-10-02 11:22:06,709 [pool-37-thread-1] INFO  server.RaftServerConfigKeys (ConfUtils.java:logGet(43)) - raft.server.log.statemachine.data.sync.timeout = 10s (default)
2019-10-02 11:22:06,709 [pool-37-thread-1] INFO  server.RaftServerConfigKeys (ConfUtils.java:logGet(43)) - raft.server.log.statemachine.data.sync.timeout.retry = -1 (default)
2019-10-02 11:22:06,709 [pool-37-thread-1] INFO  server.RaftServerConfigKeys (ConfUtils.java:logGet(43)) - raft.server.log.statemachine.data.caching.enabled = true (custom)
2019-10-02 11:22:06,709 [pool-37-thread-1] INFO  segmented.SegmentedRaftLogWorker (SegmentedRaftLogWorker.java:lambda$new$0(128)) - 255f5341-67af-48a5-9f0a-34079e58e4b3@group-33DDF701D157-SegmentedRaftLogWorker: flushIndex: setUnconditionally 0 -> -1
2019-10-02 11:22:06,710 [pool-37-thread-1] INFO  server.RaftServerConfigKeys (ConfUtils.java:logGet(43)) - raft.server.snapshot.auto.trigger.enabled = true (custom)
2019-10-02 11:22:06,710 [pool-37-thread-1] INFO  server.RaftServerConfigKeys (ConfUtils.java:logGet(43)) - raft.server.snapshot.auto.trigger.threshold = 10000 (custom)
2019-10-02 11:22:06,710 [pool-37-thread-1] INFO  server.RaftServerConfigKeys (ConfUtils.java:logGet(43)) - raft.server.snapshot.retention.file.num = 5 (custom)
2019-10-02 11:22:06,710 [pool-37-thread-1] INFO  server.RaftServerConfigKeys (ConfUtils.java:logGet(43)) - raft.server.retrycache.expirytime = 600000ms (custom)
2019-10-02 11:22:06,714 [pool-37-thread-1] INFO  impl.RaftServerImpl (RaftServerImpl.java:start(181)) - 255f5341-67af-48a5-9f0a-34079e58e4b3@group-B42E39A6701C: start as a follower, conf=-1: [255f5341-67af-48a5-9f0a-34079e58e4b3:192.168.151.122:40199, 5a152cad-2f68-44e1-8661-622a6e2403aa:192.168.151.122:41282, 99afa1ab-f70e-454d-b97f-b50504ecadc2:192.168.151.122:41178], old=null
2019-10-02 11:22:06,714 [pool-37-thread-1] INFO  impl.RaftServerImpl (RaftServerImpl.java:setRole(170)) - 255f5341-67af-48a5-9f0a-34079e58e4b3@group-B42E39A6701C: changes role from      null to FOLLOWER at term 0 for startAsFollower
2019-10-02 11:22:06,715 [pool-37-thread-1] INFO  impl.RoleInfo (RoleInfo.java:updateAndGet(143)) - 255f5341-67af-48a5-9f0a-34079e58e4b3: start FollowerState
2019-10-02 11:22:06,715 [pool-37-thread-1] INFO  util.JmxRegister (JmxRegister.java:tryRegister(44)) - Successfully registered JMX Bean with object name Ratis:service=RaftServer,group=group-B42E39A6701C,id=255f5341-67af-48a5-9f0a-34079e58e4b3
2019-10-02 11:22:06,717 [pool-37-thread-1] INFO  impl.RaftServerImpl (RaftServerImpl.java:start(181)) - 255f5341-67af-48a5-9f0a-34079e58e4b3@group-334F83988BD0: start as a follower, conf=-1: [255f5341-67af-48a5-9f0a-34079e58e4b3:192.168.151.122:40199], old=null
2019-10-02 11:22:06,717 [pool-37-thread-1] INFO  impl.RaftServerImpl (RaftServerImpl.java:setRole(170)) - 255f5341-67af-48a5-9f0a-34079e58e4b3@group-334F83988BD0: changes role from      null to FOLLOWER at term 0 for startAsFollower
2019-10-02 11:22:06,717 [pool-37-thread-1] INFO  impl.RoleInfo (RoleInfo.java:updateAndGet(143)) - 255f5341-67af-48a5-9f0a-34079e58e4b3: start FollowerState
2019-10-02 11:22:06,717 [pool-37-thread-1] INFO  util.JmxRegister (JmxRegister.java:tryRegister(44)) - Successfully registered JMX Bean with object name Ratis:service=RaftServer,group=group-334F83988BD0,id=255f5341-67af-48a5-9f0a-34079e58e4b3
2019-10-02 11:22:06,720 [pool-37-thread-1] INFO  impl.RaftServerImpl (RaftServerImpl.java:start(181)) - 255f5341-67af-48a5-9f0a-34079e58e4b3@group-CFA5962B69F1: start as a follower, conf=-1: [255f5341-67af-48a5-9f0a-34079e58e4b3:192.168.151.122:40199, 5a152cad-2f68-44e1-8661-622a6e2403aa:192.168.151.122:41282, 99afa1ab-f70e-454d-b97f-b50504ecadc2:192.168.151.122:41178], old=null
2019-10-02 11:22:06,720 [pool-37-thread-1] INFO  impl.RaftServerImpl (RaftServerImpl.java:setRole(170)) - 255f5341-67af-48a5-9f0a-34079e58e4b3@group-CFA5962B69F1: changes role from      null to FOLLOWER at term 0 for startAsFollower
2019-10-02 11:22:06,720 [pool-37-thread-1] INFO  impl.RoleInfo (RoleInfo.java:updateAndGet(143)) - 255f5341-67af-48a5-9f0a-34079e58e4b3: start FollowerState
2019-10-02 11:22:06,720 [pool-37-thread-1] INFO  util.JmxRegister (JmxRegister.java:tryRegister(44)) - Successfully registered JMX Bean with object name Ratis:service=RaftServer,group=group-CFA5962B69F1,id=255f5341-67af-48a5-9f0a-34079e58e4b3
2019-10-02 11:22:06,722 [pool-37-thread-1] INFO  impl.RaftServerImpl (RaftServerImpl.java:start(181)) - 255f5341-67af-48a5-9f0a-34079e58e4b3@group-33DDF701D157: start as a follower, conf=-1: [255f5341-67af-48a5-9f0a-34079e58e4b3:192.168.151.122:40199, 5a152cad-2f68-44e1-8661-622a6e2403aa:192.168.151.122:41282, 99afa1ab-f70e-454d-b97f-b50504ecadc2:192.168.151.122:41178], old=null
2019-10-02 11:22:06,722 [pool-37-thread-1] INFO  impl.RaftServerImpl (RaftServerImpl.java:setRole(170)) - 255f5341-67af-48a5-9f0a-34079e58e4b3@group-33DDF701D157: changes role from      null to FOLLOWER at term 0 for startAsFollower
2019-10-02 11:22:06,722 [pool-37-thread-1] INFO  impl.RoleInfo (RoleInfo.java:updateAndGet(143)) - 255f5341-67af-48a5-9f0a-34079e58e4b3: start FollowerState
2019-10-02 11:22:06,723 [pool-37-thread-1] INFO  util.JmxRegister (JmxRegister.java:tryRegister(44)) - Successfully registered JMX Bean with object name Ratis:service=RaftServer,group=group-33DDF701D157,id=255f5341-67af-48a5-9f0a-34079e58e4b3
2019-10-02 11:22:06,750 [IPC Server handler 2 on 39534] INFO  pipeline.PipelineStateManager (PipelineStateManager.java:addPipeline(56)) - Created pipeline Pipeline[ Id: 24c0406e-22e1-403f-b1f7-33ddf701d157, Nodes: 255f5341-67af-48a5-9f0a-34079e58e4b3{ip: 192.168.151.122, host: pr-hdds-2199-dnstouuidmap-nxzb2-26233584, networkLocation: /rack1, certSerialId: null}99afa1ab-f70e-454d-b97f-b50504ecadc2{ip: 192.168.151.122, host: pr-hdds-2199-dnstouuidmap-nxzb2-26233584, networkLocation: /rack1, certSerialId: null}5a152cad-2f68-44e1-8661-622a6e2403aa{ip: 192.168.151.122, host: pr-hdds-2199-dnstouuidmap-nxzb2-26233584, networkLocation: /rack1, certSerialId: null}, Type:RATIS, Factor:THREE, State:OPEN]
2019-10-02 11:22:07,254 [main] INFO  impl.MetricsSystemImpl (MetricsSystemImpl.java:init(158)) - XceiverClientMetrics metrics system started (again)
2019-10-02 11:22:07,732 [Thread-293] INFO  impl.FollowerState (FollowerState.java:run(108)) - 2efd349e-feaf-4869-a93b-bd8bfaac471f@group-3C281C7C625B-FollowerState: change to CANDIDATE, lastRpcTime:1160ms, electionTimeout:1159ms
2019-10-02 11:22:07,739 [Thread-293] INFO  impl.RoleInfo (RoleInfo.java:shutdownFollowerState(121)) - 2efd349e-feaf-4869-a93b-bd8bfaac471f: shutdown FollowerState
2019-10-02 11:22:07,739 [Thread-293] INFO  impl.RaftServerImpl (RaftServerImpl.java:setRole(170)) - 2efd349e-feaf-4869-a93b-bd8bfaac471f@group-3C281C7C625B: changes role from  FOLLOWER to CANDIDATE at term 0 for changeToCandidate
2019-10-02 11:22:07,744 [Thread-293] INFO  impl.RoleInfo (RoleInfo.java:updateAndGet(143)) - 2efd349e-feaf-4869-a93b-bd8bfaac471f: start LeaderElection
2019-10-02 11:22:07,774 [Thread-320] INFO  impl.FollowerState (FollowerState.java:run(108)) - 255f5341-67af-48a5-9f0a-34079e58e4b3@group-33DDF701D157-FollowerState: change to CANDIDATE, lastRpcTime:1051ms, electionTimeout:1051ms
2019-10-02 11:22:07,777 [Thread-310] INFO  impl.FollowerState (FollowerState.java:run(108)) - 5a152cad-2f68-44e1-8661-622a6e2403aa@group-33DDF701D157-FollowerState: change to CANDIDATE, lastRpcTime:1103ms, electionTimeout:1101ms
2019-10-02 11:22:07,777 [Thread-320] INFO  impl.RoleInfo (RoleInfo.java:shutdownFollowerState(121)) - 255f5341-67af-48a5-9f0a-34079e58e4b3: shutdown FollowerState
2019-10-02 11:22:07,777 [Thread-310] INFO  impl.RoleInfo (RoleInfo.java:shutdownFollowerState(121)) - 5a152cad-2f68-44e1-8661-622a6e2403aa: shutdown FollowerState
2019-10-02 11:22:07,777 [Thread-320] INFO  impl.RaftServerImpl (RaftServerImpl.java:setRole(170)) - 255f5341-67af-48a5-9f0a-34079e58e4b3@group-33DDF701D157: changes role from  FOLLOWER to CANDIDATE at term 0 for changeToCandidate
2019-10-02 11:22:07,777 [Thread-310] INFO  impl.RaftServerImpl (RaftServerImpl.java:setRole(170)) - 5a152cad-2f68-44e1-8661-622a6e2403aa@group-33DDF701D157: changes role from  FOLLOWER to CANDIDATE at term 0 for changeToCandidate
2019-10-02 11:22:07,777 [Thread-320] INFO  impl.RoleInfo (RoleInfo.java:updateAndGet(143)) - 255f5341-67af-48a5-9f0a-34079e58e4b3: start LeaderElection
2019-10-02 11:22:07,777 [Thread-310] INFO  impl.RoleInfo (RoleInfo.java:updateAndGet(143)) - 5a152cad-2f68-44e1-8661-622a6e2403aa: start LeaderElection
2019-10-02 11:22:07,791 [Thread-302] INFO  impl.FollowerState (FollowerState.java:run(108)) - 5a152cad-2f68-44e1-8661-622a6e2403aa@group-B42E39A6701C-FollowerState: change to CANDIDATE, lastRpcTime:1128ms, electionTimeout:1125ms
2019-10-02 11:22:07,791 [Thread-302] INFO  impl.RoleInfo (RoleInfo.java:shutdownFollowerState(121)) - 5a152cad-2f68-44e1-8661-622a6e2403aa: shutdown FollowerState
2019-10-02 11:22:07,791 [Thread-302] INFO  impl.RaftServerImpl (RaftServerImpl.java:setRole(170)) - 5a152cad-2f68-44e1-8661-622a6e2403aa@group-B42E39A6701C: changes role from  FOLLOWER to CANDIDATE at term 0 for changeToCandidate
2019-10-02 11:22:07,791 [Thread-302] INFO  impl.RoleInfo (RoleInfo.java:updateAndGet(143)) - 5a152cad-2f68-44e1-8661-622a6e2403aa: start LeaderElection
2019-10-02 11:22:07,818 [Thread-309] INFO  impl.FollowerState (FollowerState.java:run(108)) - 99afa1ab-f70e-454d-b97f-b50504ecadc2@group-33DDF701D157-FollowerState: change to CANDIDATE, lastRpcTime:1144ms, electionTimeout:1144ms
2019-10-02 11:22:07,818 [Thread-309] INFO  impl.RoleInfo (RoleInfo.java:shutdownFollowerState(121)) - 99afa1ab-f70e-454d-b97f-b50504ecadc2: shutdown FollowerState
2019-10-02 11:22:07,818 [Thread-309] INFO  impl.RaftServerImpl (RaftServerImpl.java:setRole(170)) - 99afa1ab-f70e-454d-b97f-b50504ecadc2@group-33DDF701D157: changes role from  FOLLOWER to CANDIDATE at term 0 for changeToCandidate
2019-10-02 11:22:07,818 [Thread-309] INFO  impl.RoleInfo (RoleInfo.java:updateAndGet(143)) - 99afa1ab-f70e-454d-b97f-b50504ecadc2: start LeaderElection
2019-10-02 11:22:07,823 [Thread-305] INFO  impl.FollowerState (FollowerState.java:run(108)) - 99afa1ab-f70e-454d-b97f-b50504ecadc2@group-CFA5962B69F1-FollowerState: change to CANDIDATE, lastRpcTime:1154ms, electionTimeout:1153ms
2019-10-02 11:22:07,823 [Thread-305] INFO  impl.RoleInfo (RoleInfo.java:shutdownFollowerState(121)) - 99afa1ab-f70e-454d-b97f-b50504ecadc2: shutdown FollowerState
2019-10-02 11:22:07,823 [Thread-305] INFO  impl.RaftServerImpl (RaftServerImpl.java:setRole(170)) - 99afa1ab-f70e-454d-b97f-b50504ecadc2@group-CFA5962B69F1: changes role from  FOLLOWER to CANDIDATE at term 0 for changeToCandidate
2019-10-02 11:22:07,823 [Thread-305] INFO  impl.RoleInfo (RoleInfo.java:updateAndGet(143)) - 99afa1ab-f70e-454d-b97f-b50504ecadc2: start LeaderElection
2019-10-02 11:22:07,827 [Thread-306] INFO  impl.FollowerState (FollowerState.java:run(108)) - 5a152cad-2f68-44e1-8661-622a6e2403aa@group-CFA5962B69F1-FollowerState: change to CANDIDATE, lastRpcTime:1157ms, electionTimeout:1157ms
2019-10-02 11:22:07,827 [Thread-306] INFO  impl.RoleInfo (RoleInfo.java:shutdownFollowerState(121)) - 5a152cad-2f68-44e1-8661-622a6e2403aa: shutdown FollowerState
2019-10-02 11:22:07,827 [Thread-306] INFO  impl.RaftServerImpl (RaftServerImpl.java:setRole(170)) - 5a152cad-2f68-44e1-8661-622a6e2403aa@group-CFA5962B69F1: changes role from  FOLLOWER to CANDIDATE at term 0 for changeToCandidate
2019-10-02 11:22:07,828 [Thread-306] INFO  impl.RoleInfo (RoleInfo.java:updateAndGet(143)) - 5a152cad-2f68-44e1-8661-622a6e2403aa: start LeaderElection
2019-10-02 11:22:07,834 [Thread-301] INFO  impl.FollowerState (FollowerState.java:run(108)) - 99afa1ab-f70e-454d-b97f-b50504ecadc2@group-B42E39A6701C-FollowerState: change to CANDIDATE, lastRpcTime:1175ms, electionTimeout:1171ms
2019-10-02 11:22:07,834 [Thread-301] INFO  impl.RoleInfo (RoleInfo.java:shutdownFollowerState(121)) - 99afa1ab-f70e-454d-b97f-b50504ecadc2: shutdown FollowerState
2019-10-02 11:22:07,834 [Thread-301] INFO  impl.RaftServerImpl (RaftServerImpl.java:setRole(170)) - 99afa1ab-f70e-454d-b97f-b50504ecadc2@group-B42E39A6701C: changes role from  FOLLOWER to CANDIDATE at term 0 for changeToCandidate
2019-10-02 11:22:07,834 [Thread-301] INFO  impl.RoleInfo (RoleInfo.java:updateAndGet(143)) - 99afa1ab-f70e-454d-b97f-b50504ecadc2: start LeaderElection
2019-10-02 11:22:07,846 [Thread-316] INFO  impl.FollowerState (FollowerState.java:run(108)) - 255f5341-67af-48a5-9f0a-34079e58e4b3@group-334F83988BD0-FollowerState: change to CANDIDATE, lastRpcTime:1128ms, electionTimeout:1128ms
2019-10-02 11:22:07,846 [Thread-316] INFO  impl.RoleInfo (RoleInfo.java:shutdownFollowerState(121)) - 255f5341-67af-48a5-9f0a-34079e58e4b3: shutdown FollowerState
2019-10-02 11:22:07,846 [Thread-316] INFO  impl.RaftServerImpl (RaftServerImpl.java:setRole(170)) - 255f5341-67af-48a5-9f0a-34079e58e4b3@group-334F83988BD0: changes role from  FOLLOWER to CANDIDATE at term 0 for changeToCandidate
2019-10-02 11:22:07,846 [Thread-316] INFO  impl.RoleInfo (RoleInfo.java:updateAndGet(143)) - 255f5341-67af-48a5-9f0a-34079e58e4b3: start LeaderElection
2019-10-02 11:22:07,857 [Thread-314] INFO  impl.FollowerState (FollowerState.java:run(108)) - 255f5341-67af-48a5-9f0a-34079e58e4b3@group-B42E39A6701C-FollowerState: change to CANDIDATE, lastRpcTime:1142ms, electionTimeout:1142ms
2019-10-02 11:22:07,857 [Thread-314] INFO  impl.RoleInfo (RoleInfo.java:shutdownFollowerState(121)) - 255f5341-67af-48a5-9f0a-34079e58e4b3: shutdown FollowerState
2019-10-02 11:22:07,857 [Thread-314] INFO  impl.RaftServerImpl (RaftServerImpl.java:setRole(170)) - 255f5341-67af-48a5-9f0a-34079e58e4b3@group-B42E39A6701C: changes role from  FOLLOWER to CANDIDATE at term 0 for changeToCandidate
2019-10-02 11:22:07,857 [Thread-314] INFO  impl.RoleInfo (RoleInfo.java:updateAndGet(143)) - 255f5341-67af-48a5-9f0a-34079e58e4b3: start LeaderElection
2019-10-02 11:22:07,874 [2efd349e-feaf-4869-a93b-bd8bfaac471f@group-3C281C7C625B-LeaderElection1] INFO  impl.LeaderElection (LeaderElection.java:askForVotes(178)) - 2efd349e-feaf-4869-a93b-bd8bfaac471f@group-3C281C7C625B-LeaderElection1: begin an election at term 1 for -1: [2efd349e-feaf-4869-a93b-bd8bfaac471f:192.168.151.122:46738], old=null
2019-10-02 11:22:07,875 [255f5341-67af-48a5-9f0a-34079e58e4b3@group-334F83988BD0-LeaderElection9] INFO  impl.LeaderElection (LeaderElection.java:askForVotes(178)) - 255f5341-67af-48a5-9f0a-34079e58e4b3@group-334F83988BD0-LeaderElection9: begin an election at term 1 for -1: [255f5341-67af-48a5-9f0a-34079e58e4b3:192.168.151.122:40199], old=null
2019-10-02 11:22:07,875 [5a152cad-2f68-44e1-8661-622a6e2403aa@group-CFA5962B69F1-LeaderElection7] INFO  impl.LeaderElection (LeaderElection.java:askForVotes(178)) - 5a152cad-2f68-44e1-8661-622a6e2403aa@group-CFA5962B69F1-LeaderElection7: begin an election at term 1 for -1: [255f5341-67af-48a5-9f0a-34079e58e4b3:192.168.151.122:40199, 5a152cad-2f68-44e1-8661-622a6e2403aa:192.168.151.122:41282, 99afa1ab-f70e-454d-b97f-b50504ecadc2:192.168.151.122:41178], old=null
2019-10-02 11:22:07,877 [99afa1ab-f70e-454d-b97f-b50504ecadc2@group-CFA5962B69F1-LeaderElection6] INFO  impl.LeaderElection (LeaderElection.java:askForVotes(178)) - 99afa1ab-f70e-454d-b97f-b50504ecadc2@group-CFA5962B69F1-LeaderElection6: begin an election at term 1 for -1: [255f5341-67af-48a5-9f0a-34079e58e4b3:192.168.151.122:40199, 5a152cad-2f68-44e1-8661-622a6e2403aa:192.168.151.122:41282, 99afa1ab-f70e-454d-b97f-b50504ecadc2:192.168.151.122:41178], old=null
2019-10-02 11:22:07,877 [5a152cad-2f68-44e1-8661-622a6e2403aa@group-B42E39A6701C-LeaderElection4] INFO  impl.LeaderElection (LeaderElection.java:askForVotes(178)) - 5a152cad-2f68-44e1-8661-622a6e2403aa@group-B42E39A6701C-LeaderElection4: begin an election at term 1 for -1: [255f5341-67af-48a5-9f0a-34079e58e4b3:192.168.151.122:40199, 5a152cad-2f68-44e1-8661-622a6e2403aa:192.168.151.122:41282, 99afa1ab-f70e-454d-b97f-b50504ecadc2:192.168.151.122:41178], old=null
2019-10-02 11:22:07,876 [5a152cad-2f68-44e1-8661-622a6e2403aa@group-33DDF701D157-LeaderElection3] INFO  impl.LeaderElection (LeaderElection.java:askForVotes(178)) - 5a152cad-2f68-44e1-8661-622a6e2403aa@group-33DDF701D157-LeaderElection3: begin an election at term 1 for -1: [255f5341-67af-48a5-9f0a-34079e58e4b3:192.168.151.122:40199, 5a152cad-2f68-44e1-8661-622a6e2403aa:192.168.151.122:41282, 99afa1ab-f70e-454d-b97f-b50504ecadc2:192.168.151.122:41178], old=null
2019-10-02 11:22:07,876 [99afa1ab-f70e-454d-b97f-b50504ecadc2@group-33DDF701D157-LeaderElection5] INFO  impl.LeaderElection (LeaderElection.java:askForVotes(178)) - 99afa1ab-f70e-454d-b97f-b50504ecadc2@group-33DDF701D157-LeaderElection5: begin an election at term 1 for -1: [255f5341-67af-48a5-9f0a-34079e58e4b3:192.168.151.122:40199, 5a152cad-2f68-44e1-8661-622a6e2403aa:192.168.151.122:41282, 99afa1ab-f70e-454d-b97f-b50504ecadc2:192.168.151.122:41178], old=null
2019-10-02 11:22:07,877 [255f5341-67af-48a5-9f0a-34079e58e4b3@group-B42E39A6701C-LeaderElection10] INFO  impl.LeaderElection (LeaderElection.java:askForVotes(178)) - 255f5341-67af-48a5-9f0a-34079e58e4b3@group-B42E39A6701C-LeaderElection10: begin an election at term 1 for -1: [255f5341-67af-48a5-9f0a-34079e58e4b3:192.168.151.122:40199, 5a152cad-2f68-44e1-8661-622a6e2403aa:192.168.151.122:41282, 99afa1ab-f70e-454d-b97f-b50504ecadc2:192.168.151.122:41178], old=null
2019-10-02 11:22:07,875 [255f5341-67af-48a5-9f0a-34079e58e4b3@group-33DDF701D157-LeaderElection2] INFO  impl.LeaderElection (LeaderElection.java:askForVotes(178)) - 255f5341-67af-48a5-9f0a-34079e58e4b3@group-33DDF701D157-LeaderElection2: begin an election at term 1 for -1: [255f5341-67af-48a5-9f0a-34079e58e4b3:192.168.151.122:40199, 5a152cad-2f68-44e1-8661-622a6e2403aa:192.168.151.122:41282, 99afa1ab-f70e-454d-b97f-b50504ecadc2:192.168.151.122:41178], old=null
2019-10-02 11:22:07,877 [99afa1ab-f70e-454d-b97f-b50504ecadc2@group-B42E39A6701C-LeaderElection8] INFO  impl.LeaderElection (LeaderElection.java:askForVotes(178)) - 99afa1ab-f70e-454d-b97f-b50504ecadc2@group-B42E39A6701C-LeaderElection8: begin an election at term 1 for -1: [255f5341-67af-48a5-9f0a-34079e58e4b3:192.168.151.122:40199, 5a152cad-2f68-44e1-8661-622a6e2403aa:192.168.151.122:41282, 99afa1ab-f70e-454d-b97f-b50504ecadc2:192.168.151.122:41178], old=null
2019-10-02 11:22:07,878 [255f5341-67af-48a5-9f0a-34079e58e4b3@group-334F83988BD0-LeaderElection9] INFO  impl.RoleInfo (RoleInfo.java:shutdownLeaderElection(134)) - 255f5341-67af-48a5-9f0a-34079e58e4b3: shutdown LeaderElection
2019-10-02 11:22:07,878 [2efd349e-feaf-4869-a93b-bd8bfaac471f@group-3C281C7C625B-LeaderElection1] INFO  impl.RoleInfo (RoleInfo.java:shutdownLeaderElection(134)) - 2efd349e-feaf-4869-a93b-bd8bfaac471f: shutdown LeaderElection
2019-10-02 11:22:07,878 [255f5341-67af-48a5-9f0a-34079e58e4b3@group-334F83988BD0-LeaderElection9] INFO  impl.RaftServerImpl (RaftServerImpl.java:setRole(170)) - 255f5341-67af-48a5-9f0a-34079e58e4b3@group-334F83988BD0: changes role from CANDIDATE to LEADER at term 1 for changeToLeader
2019-10-02 11:22:07,878 [2efd349e-feaf-4869-a93b-bd8bfaac471f@group-3C281C7C625B-LeaderElection1] INFO  impl.RaftServerImpl (RaftServerImpl.java:setRole(170)) - 2efd349e-feaf-4869-a93b-bd8bfaac471f@group-3C281C7C625B: changes role from CANDIDATE to LEADER at term 1 for changeToLeader
2019-10-02 11:22:07,878 [255f5341-67af-48a5-9f0a-34079e58e4b3@group-334F83988BD0-LeaderElection9] INFO  impl.RaftServerImpl (ServerState.java:setLeader(255)) - 255f5341-67af-48a5-9f0a-34079e58e4b3@group-334F83988BD0: change Leader from null to 255f5341-67af-48a5-9f0a-34079e58e4b3 at term 1 for becomeLeader, leader elected after 1276ms
2019-10-02 11:22:07,878 [2efd349e-feaf-4869-a93b-bd8bfaac471f@group-3C281C7C625B-LeaderElection1] INFO  impl.RaftServerImpl (ServerState.java:setLeader(255)) - 2efd349e-feaf-4869-a93b-bd8bfaac471f@group-3C281C7C625B: change Leader from null to 2efd349e-feaf-4869-a93b-bd8bfaac471f at term 1 for becomeLeader, leader elected after 1789ms
2019-10-02 11:22:07,885 [255f5341-67af-48a5-9f0a-34079e58e4b3@group-334F83988BD0-LeaderElection9] INFO  server.RaftServerConfigKeys (ConfUtils.java:logGet(43)) - raft.server.staging.catchup.gap = 1000 (default)
2019-10-02 11:22:07,886 [2efd349e-feaf-4869-a93b-bd8bfaac471f@group-3C281C7C625B-LeaderElection1] INFO  server.RaftServerConfigKeys (ConfUtils.java:logGet(43)) - raft.server.staging.catchup.gap = 1000 (default)
2019-10-02 11:22:07,886 [255f5341-67af-48a5-9f0a-34079e58e4b3@group-334F83988BD0-LeaderElection9] INFO  server.RaftServerConfigKeys (ConfUtils.java:logGet(43)) - raft.server.rpc.sleep.time = 25ms (default)
2019-10-02 11:22:07,886 [2efd349e-feaf-4869-a93b-bd8bfaac471f@group-3C281C7C625B-LeaderElection1] INFO  server.RaftServerConfigKeys (ConfUtils.java:logGet(43)) - raft.server.rpc.sleep.time = 25ms (default)
2019-10-02 11:22:07,892 [2efd349e-feaf-4869-a93b-bd8bfaac471f@group-3C281C7C625B-LeaderElection1] INFO  server.RaftServerConfigKeys (ConfUtils.java:logGet(43)) - raft.server.write.element-limit = 4096 (default)
2019-10-02 11:22:07,895 [255f5341-67af-48a5-9f0a-34079e58e4b3@group-334F83988BD0-LeaderElection9] INFO  server.RaftServerConfigKeys (ConfUtils.java:logGet(43)) - raft.server.write.element-limit = 4096 (default)
2019-10-02 11:22:07,900 [Thread-318] INFO  impl.FollowerState (FollowerState.java:run(108)) - 255f5341-67af-48a5-9f0a-34079e58e4b3@group-CFA5962B69F1-FollowerState: change to CANDIDATE, lastRpcTime:1180ms, electionTimeout:1178ms
2019-10-02 11:22:07,902 [Thread-318] INFO  impl.RoleInfo (RoleInfo.java:shutdownFollowerState(121)) - 255f5341-67af-48a5-9f0a-34079e58e4b3: shutdown FollowerState
2019-10-02 11:22:07,902 [Thread-318] INFO  impl.RaftServerImpl (RaftServerImpl.java:setRole(170)) - 255f5341-67af-48a5-9f0a-34079e58e4b3@group-CFA5962B69F1: changes role from  FOLLOWER to CANDIDATE at term 0 for changeToCandidate
2019-10-02 11:22:07,904 [Thread-318] INFO  impl.RoleInfo (RoleInfo.java:updateAndGet(143)) - 255f5341-67af-48a5-9f0a-34079e58e4b3: start LeaderElection
2019-10-02 11:22:07,910 [255f5341-67af-48a5-9f0a-34079e58e4b3@group-334F83988BD0-LeaderElection9] INFO  server.RaftServerConfigKeys (ConfUtils.java:logGet(43)) - raft.server.watch.timeout = 10s (default)
2019-10-02 11:22:07,910 [2efd349e-feaf-4869-a93b-bd8bfaac471f@group-3C281C7C625B-LeaderElection1] INFO  server.RaftServerConfigKeys (ConfUtils.java:logGet(43)) - raft.server.watch.timeout = 10s (default)
2019-10-02 11:22:07,910 [255f5341-67af-48a5-9f0a-34079e58e4b3@group-334F83988BD0-LeaderElection9] INFO  server.RaftServerConfigKeys (ConfUtils.java:logGet(43)) - raft.server.watch.timeout.denomination = 1s (default)
2019-10-02 11:22:07,910 [2efd349e-feaf-4869-a93b-bd8bfaac471f@group-3C281C7C625B-LeaderElection1] INFO  server.RaftServerConfigKeys (ConfUtils.java:logGet(43)) - raft.server.watch.timeout.denomination = 1s (default)
2019-10-02 11:22:07,913 [255f5341-67af-48a5-9f0a-34079e58e4b3@group-334F83988BD0-LeaderElection9] INFO  server.RaftServerConfigKeys (ConfUtils.java:logGet(43)) - raft.server.watch.element-limit = 65536 (default)
2019-10-02 11:22:07,913 [2efd349e-feaf-4869-a93b-bd8bfaac471f@group-3C281C7C625B-LeaderElection1] INFO  server.RaftServerConfigKeys (ConfUtils.java:logGet(43)) - raft.server.watch.element-limit = 65536 (default)
2019-10-02 11:22:07,923 [255f5341-67af-48a5-9f0a-34079e58e4b3@group-CFA5962B69F1-LeaderElection11] INFO  impl.LeaderElection (LeaderElection.java:askForVotes(178)) - 255f5341-67af-48a5-9f0a-34079e58e4b3@group-CFA5962B69F1-LeaderElection11: begin an election at term 1 for -1: [255f5341-67af-48a5-9f0a-34079e58e4b3:192.168.151.122:40199, 5a152cad-2f68-44e1-8661-622a6e2403aa:192.168.151.122:41282, 99afa1ab-f70e-454d-b97f-b50504ecadc2:192.168.151.122:41178], old=null
2019-10-02 11:22:07,964 [2efd349e-feaf-4869-a93b-bd8bfaac471f@group-3C281C7C625B-LeaderElection1] INFO  impl.RoleInfo (RoleInfo.java:updateAndGet(143)) - 2efd349e-feaf-4869-a93b-bd8bfaac471f: start LeaderState
2019-10-02 11:22:07,964 [255f5341-67af-48a5-9f0a-34079e58e4b3@group-334F83988BD0-LeaderElection9] INFO  impl.RoleInfo (RoleInfo.java:updateAndGet(143)) - 255f5341-67af-48a5-9f0a-34079e58e4b3: start LeaderState
2019-10-02 11:22:08,029 [99afa1ab-f70e-454d-b97f-b50504ecadc2@group-33DDF701D157-LeaderElection5] INFO  impl.LeaderElection (LeaderElection.java:logAndReturn(56)) - 99afa1ab-f70e-454d-b97f-b50504ecadc2@group-33DDF701D157-LeaderElection5: Election REJECTED; received 2 response(s) [99afa1ab-f70e-454d-b97f-b50504ecadc2<-5a152cad-2f68-44e1-8661-622a6e2403aa#0:FAIL-t1, 99afa1ab-f70e-454d-b97f-b50504ecadc2<-255f5341-67af-48a5-9f0a-34079e58e4b3#0:FAIL-t1] and 0 exception(s); 99afa1ab-f70e-454d-b97f-b50504ecadc2@group-33DDF701D157:t1, leader=null, voted=99afa1ab-f70e-454d-b97f-b50504ecadc2, raftlog=99afa1ab-f70e-454d-b97f-b50504ecadc2@group-33DDF701D157-SegmentedRaftLog:OPENED:c-1,f-1,i0, conf=-1: [255f5341-67af-48a5-9f0a-34079e58e4b3:192.168.151.122:40199, 5a152cad-2f68-44e1-8661-622a6e2403aa:192.168.151.122:41282, 99afa1ab-f70e-454d-b97f-b50504ecadc2:192.168.151.122:41178], old=null
2019-10-02 11:22:08,030 [99afa1ab-f70e-454d-b97f-b50504ecadc2@group-CFA5962B69F1-LeaderElection6] INFO  impl.LeaderElection (LeaderElection.java:logAndReturn(56)) - 99afa1ab-f70e-454d-b97f-b50504ecadc2@group-CFA5962B69F1-LeaderElection6: Election REJECTED; received 2 response(s) [99afa1ab-f70e-454d-b97f-b50504ecadc2<-5a152cad-2f68-44e1-8661-622a6e2403aa#0:FAIL-t1, 99afa1ab-f70e-454d-b97f-b50504ecadc2<-255f5341-67af-48a5-9f0a-34079e58e4b3#0:FAIL-t1] and 0 exception(s); 99afa1ab-f70e-454d-b97f-b50504ecadc2@group-CFA5962B69F1:t1, leader=null, voted=99afa1ab-f70e-454d-b97f-b50504ecadc2, raftlog=99afa1ab-f70e-454d-b97f-b50504ecadc2@group-CFA5962B69F1-SegmentedRaftLog:OPENED:c-1,f-1,i0, conf=-1: [255f5341-67af-48a5-9f0a-34079e58e4b3:192.168.151.122:40199, 5a152cad-2f68-44e1-8661-622a6e2403aa:192.168.151.122:41282, 99afa1ab-f70e-454d-b97f-b50504ecadc2:192.168.151.122:41178], old=null
2019-10-02 11:22:08,030 [255f5341-67af-48a5-9f0a-34079e58e4b3@group-B42E39A6701C-LeaderElection10] INFO  impl.LeaderElection (LeaderElection.java:logAndReturn(56)) - 255f5341-67af-48a5-9f0a-34079e58e4b3@group-B42E39A6701C-LeaderElection10: Election REJECTED; received 2 response(s) [255f5341-67af-48a5-9f0a-34079e58e4b3<-5a152cad-2f68-44e1-8661-622a6e2403aa#0:FAIL-t1, 255f5341-67af-48a5-9f0a-34079e58e4b3<-99afa1ab-f70e-454d-b97f-b50504ecadc2#0:FAIL-t1] and 0 exception(s); 255f5341-67af-48a5-9f0a-34079e58e4b3@group-B42E39A6701C:t1, leader=null, voted=255f5341-67af-48a5-9f0a-34079e58e4b3, raftlog=255f5341-67af-48a5-9f0a-34079e58e4b3@group-B42E39A6701C-SegmentedRaftLog:OPENED:c-1,f-1,i0, conf=-1: [255f5341-67af-48a5-9f0a-34079e58e4b3:192.168.151.122:40199, 5a152cad-2f68-44e1-8661-622a6e2403aa:192.168.151.122:41282, 99afa1ab-f70e-454d-b97f-b50504ecadc2:192.168.151.122:41178], old=null
2019-10-02 11:22:08,030 [5a152cad-2f68-44e1-8661-622a6e2403aa@group-CFA5962B69F1-LeaderElection7] INFO  impl.LeaderElection (LeaderElection.java:logAndReturn(56)) - 5a152cad-2f68-44e1-8661-622a6e2403aa@group-CFA5962B69F1-LeaderElection7: Election REJECTED; received 2 response(s) [5a152cad-2f68-44e1-8661-622a6e2403aa<-255f5341-67af-48a5-9f0a-34079e58e4b3#0:FAIL-t1, 5a152cad-2f68-44e1-8661-622a6e2403aa<-99afa1ab-f70e-454d-b97f-b50504ecadc2#0:FAIL-t1] and 0 exception(s); 5a152cad-2f68-44e1-8661-622a6e2403aa@group-CFA5962B69F1:t1, leader=null, voted=5a152cad-2f68-44e1-8661-622a6e2403aa, raftlog=5a152cad-2f68-44e1-8661-622a6e2403aa@group-CFA5962B69F1-SegmentedRaftLog:OPENED:c-1,f-1,i0, conf=-1: [255f5341-67af-48a5-9f0a-34079e58e4b3:192.168.151.122:40199, 5a152cad-2f68-44e1-8661-622a6e2403aa:192.168.151.122:41282, 99afa1ab-f70e-454d-b97f-b50504ecadc2:192.168.151.122:41178], old=null
2019-10-02 11:22:08,030 [99afa1ab-f70e-454d-b97f-b50504ecadc2@group-B42E39A6701C-LeaderElection8] INFO  impl.LeaderElection (LeaderElection.java:logAndReturn(56)) - 99afa1ab-f70e-454d-b97f-b50504ecadc2@group-B42E39A6701C-LeaderElection8: Election REJECTED; received 2 response(s) [99afa1ab-f70e-454d-b97f-b50504ecadc2<-5a152cad-2f68-44e1-8661-622a6e2403aa#0:FAIL-t1, 99afa1ab-f70e-454d-b97f-b50504ecadc2<-255f5341-67af-48a5-9f0a-34079e58e4b3#0:FAIL-t1] and 0 exception(s); 99afa1ab-f70e-454d-b97f-b50504ecadc2@group-B42E39A6701C:t1, leader=null, voted=99afa1ab-f70e-454d-b97f-b50504ecadc2, raftlog=99afa1ab-f70e-454d-b97f-b50504ecadc2@group-B42E39A6701C-SegmentedRaftLog:OPENED:c-1,f-1,i0, conf=-1: [255f5341-67af-48a5-9f0a-34079e58e4b3:192.168.151.122:40199, 5a152cad-2f68-44e1-8661-622a6e2403aa:192.168.151.122:41282, 99afa1ab-f70e-454d-b97f-b50504ecadc2:192.168.151.122:41178], old=null
2019-10-02 11:22:08,030 [255f5341-67af-48a5-9f0a-34079e58e4b3@group-33DDF701D157-LeaderElection2] INFO  impl.LeaderElection (LeaderElection.java:logAndReturn(56)) - 255f5341-67af-48a5-9f0a-34079e58e4b3@group-33DDF701D157-LeaderElection2: Election REJECTED; received 2 response(s) [255f5341-67af-48a5-9f0a-34079e58e4b3<-5a152cad-2f68-44e1-8661-622a6e2403aa#0:FAIL-t1, 255f5341-67af-48a5-9f0a-34079e58e4b3<-99afa1ab-f70e-454d-b97f-b50504ecadc2#0:FAIL-t1] and 0 exception(s); 255f5341-67af-48a5-9f0a-34079e58e4b3@group-33DDF701D157:t1, leader=null, voted=255f5341-67af-48a5-9f0a-34079e58e4b3, raftlog=255f5341-67af-48a5-9f0a-34079e58e4b3@group-33DDF701D157-SegmentedRaftLog:OPENED:c-1,f-1,i0, conf=-1: [255f5341-67af-48a5-9f0a-34079e58e4b3:192.168.151.122:40199, 5a152cad-2f68-44e1-8661-622a6e2403aa:192.168.151.122:41282, 99afa1ab-f70e-454d-b97f-b50504ecadc2:192.168.151.122:41178], old=null
2019-10-02 11:22:08,030 [255f5341-67af-48a5-9f0a-34079e58e4b3@group-CFA5962B69F1-LeaderElection11] INFO  impl.LeaderElection (LeaderElection.java:logAndReturn(56)) - 255f5341-67af-48a5-9f0a-34079e58e4b3@group-CFA5962B69F1-LeaderElection11: Election REJECTED; received 2 response(s) [255f5341-67af-48a5-9f0a-34079e58e4b3<-5a152cad-2f68-44e1-8661-622a6e2403aa#0:FAIL-t1, 255f5341-67af-48a5-9f0a-34079e58e4b3<-99afa1ab-f70e-454d-b97f-b50504ecadc2#0:FAIL-t1] and 0 exception(s); 255f5341-67af-48a5-9f0a-34079e58e4b3@group-CFA5962B69F1:t1, leader=null, voted=255f5341-67af-48a5-9f0a-34079e58e4b3, raftlog=255f5341-67af-48a5-9f0a-34079e58e4b3@group-CFA5962B69F1-SegmentedRaftLog:OPENED:c-1,f-1,i0, conf=-1: [255f5341-67af-48a5-9f0a-34079e58e4b3:192.168.151.122:40199, 5a152cad-2f68-44e1-8661-622a6e2403aa:192.168.151.122:41282, 99afa1ab-f70e-454d-b97f-b50504ecadc2:192.168.151.122:41178], old=null
2019-10-02 11:22:08,030 [5a152cad-2f68-44e1-8661-622a6e2403aa@group-33DDF701D157-LeaderElection3] INFO  impl.LeaderElection (LeaderElection.java:logAndReturn(56)) - 5a152cad-2f68-44e1-8661-622a6e2403aa@group-33DDF701D157-LeaderElection3: Election REJECTED; received 2 response(s) [5a152cad-2f68-44e1-8661-622a6e2403aa<-255f5341-67af-48a5-9f0a-34079e58e4b3#0:FAIL-t1, 5a152cad-2f68-44e1-8661-622a6e2403aa<-99afa1ab-f70e-454d-b97f-b50504ecadc2#0:FAIL-t1] and 0 exception(s); 5a152cad-2f68-44e1-8661-622a6e2403aa@group-33DDF701D157:t1, leader=null, voted=5a152cad-2f68-44e1-8661-622a6e2403aa, raftlog=5a152cad-2f68-44e1-8661-622a6e2403aa@group-33DDF701D157-SegmentedRaftLog:OPENED:c-1,f-1,i0, conf=-1: [255f5341-67af-48a5-9f0a-34079e58e4b3:192.168.151.122:40199, 5a152cad-2f68-44e1-8661-622a6e2403aa:192.168.151.122:41282, 99afa1ab-f70e-454d-b97f-b50504ecadc2:192.168.151.122:41178], old=null
2019-10-02 11:22:08,029 [5a152cad-2f68-44e1-8661-622a6e2403aa@group-B42E39A6701C-LeaderElection4] INFO  impl.LeaderElection (LeaderElection.java:logAndReturn(56)) - 5a152cad-2f68-44e1-8661-622a6e2403aa@group-B42E39A6701C-LeaderElection4: Election REJECTED; received 2 response(s) [5a152cad-2f68-44e1-8661-622a6e2403aa<-255f5341-67af-48a5-9f0a-34079e58e4b3#0:FAIL-t1, 5a152cad-2f68-44e1-8661-622a6e2403aa<-99afa1ab-f70e-454d-b97f-b50504ecadc2#0:FAIL-t1] and 0 exception(s); 5a152cad-2f68-44e1-8661-622a6e2403aa@group-B42E39A6701C:t1, leader=null, voted=5a152cad-2f68-44e1-8661-622a6e2403aa, raftlog=5a152cad-2f68-44e1-8661-622a6e2403aa@group-B42E39A6701C-SegmentedRaftLog:OPENED:c-1,f-1,i0, conf=-1: [255f5341-67af-48a5-9f0a-34079e58e4b3:192.168.151.122:40199, 5a152cad-2f68-44e1-8661-622a6e2403aa:192.168.151.122:41282, 99afa1ab-f70e-454d-b97f-b50504ecadc2:192.168.151.122:41178], old=null
2019-10-02 11:22:08,043 [255f5341-67af-48a5-9f0a-34079e58e4b3@group-B42E39A6701C-LeaderElection10] INFO  impl.RaftServerImpl (RaftServerImpl.java:setRole(170)) - 255f5341-67af-48a5-9f0a-34079e58e4b3@group-B42E39A6701C: changes role from CANDIDATE to FOLLOWER at term 1 for DISCOVERED_A_NEW_TERM
2019-10-02 11:22:08,044 [255f5341-67af-48a5-9f0a-34079e58e4b3@group-B42E39A6701C-LeaderElection10] INFO  impl.RoleInfo (RoleInfo.java:shutdownLeaderElection(134)) - 255f5341-67af-48a5-9f0a-34079e58e4b3: shutdown LeaderElection
2019-10-02 11:22:08,043 [5a152cad-2f68-44e1-8661-622a6e2403aa@group-B42E39A6701C-LeaderElection4] INFO  impl.RaftServerImpl (RaftServerImpl.java:setRole(170)) - 5a152cad-2f68-44e1-8661-622a6e2403aa@group-B42E39A6701C: changes role from CANDIDATE to FOLLOWER at term 1 for DISCOVERED_A_NEW_TERM
2019-10-02 11:22:08,043 [5a152cad-2f68-44e1-8661-622a6e2403aa@group-CFA5962B69F1-LeaderElection7] INFO  impl.RaftServerImpl (RaftServerImpl.java:setRole(170)) - 5a152cad-2f68-44e1-8661-622a6e2403aa@group-CFA5962B69F1: changes role from CANDIDATE to FOLLOWER at term 1 for DISCOVERED_A_NEW_TERM
2019-10-02 11:22:08,046 [99afa1ab-f70e-454d-b97f-b50504ecadc2@group-33DDF701D157-LeaderElection5] INFO  impl.RaftServerImpl (RaftServerImpl.java:setRole(170)) - 99afa1ab-f70e-454d-b97f-b50504ecadc2@group-33DDF701D157: changes role from CANDIDATE to FOLLOWER at term 1 for DISCOVERED_A_NEW_TERM
2019-10-02 11:22:08,046 [5a152cad-2f68-44e1-8661-622a6e2403aa@group-B42E39A6701C-LeaderElection4] INFO  impl.RoleInfo (RoleInfo.java:shutdownLeaderElection(134)) - 5a152cad-2f68-44e1-8661-622a6e2403aa: shutdown LeaderElection
2019-10-02 11:22:08,048 [99afa1ab-f70e-454d-b97f-b50504ecadc2@group-33DDF701D157-LeaderElection5] INFO  impl.RoleInfo (RoleInfo.java:shutdownLeaderElection(134)) - 99afa1ab-f70e-454d-b97f-b50504ecadc2: shutdown LeaderElection
2019-10-02 11:22:08,048 [255f5341-67af-48a5-9f0a-34079e58e4b3@group-CFA5962B69F1-LeaderElection11] INFO  impl.RaftServerImpl (RaftServerImpl.java:setRole(170)) - 255f5341-67af-48a5-9f0a-34079e58e4b3@group-CFA5962B69F1: changes role from CANDIDATE to FOLLOWER at term 1 for DISCOVERED_A_NEW_TERM
2019-10-02 11:22:08,048 [99afa1ab-f70e-454d-b97f-b50504ecadc2@group-B42E39A6701C-LeaderElection8] INFO  impl.RaftServerImpl (RaftServerImpl.java:setRole(170)) - 99afa1ab-f70e-454d-b97f-b50504ecadc2@group-B42E39A6701C: changes role from CANDIDATE to FOLLOWER at term 1 for DISCOVERED_A_NEW_TERM
2019-10-02 11:22:08,048 [99afa1ab-f70e-454d-b97f-b50504ecadc2@group-CFA5962B69F1-LeaderElection6] INFO  impl.RaftServerImpl (RaftServerImpl.java:setRole(170)) - 99afa1ab-f70e-454d-b97f-b50504ecadc2@group-CFA5962B69F1: changes role from CANDIDATE to FOLLOWER at term 1 for DISCOVERED_A_NEW_TERM
2019-10-02 11:22:08,048 [5a152cad-2f68-44e1-8661-622a6e2403aa@group-33DDF701D157-LeaderElection3] INFO  impl.RaftServerImpl (RaftServerImpl.java:setRole(170)) - 5a152cad-2f68-44e1-8661-622a6e2403aa@group-33DDF701D157: changes role from CANDIDATE to FOLLOWER at term 1 for DISCOVERED_A_NEW_TERM
2019-10-02 11:22:08,048 [255f5341-67af-48a5-9f0a-34079e58e4b3@group-33DDF701D157-LeaderElection2] INFO  impl.RaftServerImpl (RaftServerImpl.java:setRole(170)) - 255f5341-67af-48a5-9f0a-34079e58e4b3@group-33DDF701D157: changes role from CANDIDATE to FOLLOWER at term 1 for DISCOVERED_A_NEW_TERM
2019-10-02 11:22:08,046 [5a152cad-2f68-44e1-8661-622a6e2403aa@group-CFA5962B69F1-LeaderElection7] INFO  impl.RoleInfo (RoleInfo.java:shutdownLeaderElection(134)) - 5a152cad-2f68-44e1-8661-622a6e2403aa: shutdown LeaderElection
2019-10-02 11:22:08,067 [255f5341-67af-48a5-9f0a-34079e58e4b3@group-33DDF701D157-LeaderElection2] INFO  impl.RoleInfo (RoleInfo.java:shutdownLeaderElection(134)) - 255f5341-67af-48a5-9f0a-34079e58e4b3: shutdown LeaderElection
2019-10-02 11:22:08,067 [99afa1ab-f70e-454d-b97f-b50504ecadc2@group-CFA5962B69F1-LeaderElection6] INFO  impl.RoleInfo (RoleInfo.java:shutdownLeaderElection(134)) - 99afa1ab-f70e-454d-b97f-b50504ecadc2: shutdown LeaderElection
2019-10-02 11:22:08,065 [5a152cad-2f68-44e1-8661-622a6e2403aa@group-33DDF701D157-LeaderElection3] INFO  impl.RoleInfo (RoleInfo.java:shutdownLeaderElection(134)) - 5a152cad-2f68-44e1-8661-622a6e2403aa: shutdown LeaderElection
2019-10-02 11:22:08,059 [255f5341-67af-48a5-9f0a-34079e58e4b3@group-B42E39A6701C-LeaderElection10] INFO  impl.RoleInfo (RoleInfo.java:updateAndGet(143)) - 255f5341-67af-48a5-9f0a-34079e58e4b3: start FollowerState
2019-10-02 11:22:08,057 [99afa1ab-f70e-454d-b97f-b50504ecadc2@group-B42E39A6701C-LeaderElection8] INFO  impl.RoleInfo (RoleInfo.java:shutdownLeaderElection(134)) - 99afa1ab-f70e-454d-b97f-b50504ecadc2: shutdown LeaderElection
2019-10-02 11:22:08,055 [255f5341-67af-48a5-9f0a-34079e58e4b3@group-CFA5962B69F1-LeaderElection11] INFO  impl.RoleInfo (RoleInfo.java:shutdownLeaderElection(134)) - 255f5341-67af-48a5-9f0a-34079e58e4b3: shutdown LeaderElection
2019-10-02 11:22:08,079 [5a152cad-2f68-44e1-8661-622a6e2403aa@group-CFA5962B69F1-LeaderElection7] INFO  impl.RoleInfo (RoleInfo.java:updateAndGet(143)) - 5a152cad-2f68-44e1-8661-622a6e2403aa: start FollowerState
2019-10-02 11:22:08,079 [99afa1ab-f70e-454d-b97f-b50504ecadc2@group-33DDF701D157-LeaderElection5] INFO  impl.RoleInfo (RoleInfo.java:updateAndGet(143)) - 99afa1ab-f70e-454d-b97f-b50504ecadc2: start FollowerState
2019-10-02 11:22:08,079 [99afa1ab-f70e-454d-b97f-b50504ecadc2@group-B42E39A6701C-LeaderElection8] INFO  impl.RoleInfo (RoleInfo.java:updateAndGet(143)) - 99afa1ab-f70e-454d-b97f-b50504ecadc2: start FollowerState
2019-10-02 11:22:08,079 [99afa1ab-f70e-454d-b97f-b50504ecadc2@group-CFA5962B69F1-LeaderElection6] INFO  impl.RoleInfo (RoleInfo.java:updateAndGet(143)) - 99afa1ab-f70e-454d-b97f-b50504ecadc2: start FollowerState
2019-10-02 11:22:08,079 [255f5341-67af-48a5-9f0a-34079e58e4b3@group-33DDF701D157-LeaderElection2] INFO  impl.RoleInfo (RoleInfo.java:updateAndGet(143)) - 255f5341-67af-48a5-9f0a-34079e58e4b3: start FollowerState
2019-10-02 11:22:08,077 [5a152cad-2f68-44e1-8661-622a6e2403aa@group-33DDF701D157-LeaderElection3] INFO  impl.RoleInfo (RoleInfo.java:updateAndGet(143)) - 5a152cad-2f68-44e1-8661-622a6e2403aa: start FollowerState
2019-10-02 11:22:08,088 [255f5341-67af-48a5-9f0a-34079e58e4b3@group-CFA5962B69F1-LeaderElection11] INFO  impl.RoleInfo (RoleInfo.java:updateAndGet(143)) - 255f5341-67af-48a5-9f0a-34079e58e4b3: start FollowerState
2019-10-02 11:22:08,088 [5a152cad-2f68-44e1-8661-622a6e2403aa@group-B42E39A6701C-LeaderElection4] INFO  impl.RoleInfo (RoleInfo.java:updateAndGet(143)) - 5a152cad-2f68-44e1-8661-622a6e2403aa: start FollowerState
2019-10-02 11:22:08,093 [255f5341-67af-48a5-9f0a-34079e58e4b3@group-334F83988BD0-LeaderElection9] INFO  segmented.SegmentedRaftLogWorker (SegmentedRaftLogWorker.java:startLogSegment(385)) - 255f5341-67af-48a5-9f0a-34079e58e4b3@group-334F83988BD0-SegmentedRaftLogWorker: Starting segment from index:0
2019-10-02 11:22:08,093 [2efd349e-feaf-4869-a93b-bd8bfaac471f@group-3C281C7C625B-LeaderElection1] INFO  segmented.SegmentedRaftLogWorker (SegmentedRaftLogWorker.java:startLogSegment(385)) - 2efd349e-feaf-4869-a93b-bd8bfaac471f@group-3C281C7C625B-SegmentedRaftLogWorker: Starting segment from index:0
2019-10-02 11:22:08,101 [255f5341-67af-48a5-9f0a-34079e58e4b3@group-334F83988BD0-LeaderElection9] INFO  impl.RaftServerImpl (ServerState.java:setRaftConf(356)) - 255f5341-67af-48a5-9f0a-34079e58e4b3@group-334F83988BD0: set configuration 0: [255f5341-67af-48a5-9f0a-34079e58e4b3:192.168.151.122:40199], old=null at 0
2019-10-02 11:22:08,101 [2efd349e-feaf-4869-a93b-bd8bfaac471f@group-3C281C7C625B-LeaderElection1] INFO  impl.RaftServerImpl (ServerState.java:setRaftConf(356)) - 2efd349e-feaf-4869-a93b-bd8bfaac471f@group-3C281C7C625B: set configuration 0: [2efd349e-feaf-4869-a93b-bd8bfaac471f:192.168.151.122:46738], old=null at 0
2019-10-02 11:22:08,266 [2efd349e-feaf-4869-a93b-bd8bfaac471f@group-3C281C7C625B-SegmentedRaftLogWorker] INFO  segmented.SegmentedRaftLogWorker (SegmentedRaftLogWorker.java:execute(574)) - 2efd349e-feaf-4869-a93b-bd8bfaac471f@group-3C281C7C625B-SegmentedRaftLogWorker: created new log segment /workdir/hadoop-ozone/integration-test/target/test-dir/MiniOzoneClusterImpl-544d5193-f7b3-4e33-ac9d-9d27303d2a96/datanode-0/data/ratis/86701aa5-fa74-4370-822f-3c281c7c625b/current/log_inprogress_0
2019-10-02 11:22:08,266 [255f5341-67af-48a5-9f0a-34079e58e4b3@group-334F83988BD0-SegmentedRaftLogWorker] INFO  segmented.SegmentedRaftLogWorker (SegmentedRaftLogWorker.java:execute(574)) - 255f5341-67af-48a5-9f0a-34079e58e4b3@group-334F83988BD0-SegmentedRaftLogWorker: created new log segment /workdir/hadoop-ozone/integration-test/target/test-dir/MiniOzoneClusterImpl-544d5193-f7b3-4e33-ac9d-9d27303d2a96/datanode-1/data/ratis/c58d2318-7600-4acb-bcf7-334f83988bd0/current/log_inprogress_0
2019-10-02 11:22:09,098 [Thread-359] INFO  impl.FollowerState (FollowerState.java:run(108)) - 5a152cad-2f68-44e1-8661-622a6e2403aa@group-CFA5962B69F1-FollowerState: change to CANDIDATE, lastRpcTime:1019ms, electionTimeout:1010ms
2019-10-02 11:22:09,099 [Thread-359] INFO  impl.RoleInfo (RoleInfo.java:shutdownFollowerState(121)) - 5a152cad-2f68-44e1-8661-622a6e2403aa: shutdown FollowerState
2019-10-02 11:22:09,099 [Thread-359] INFO  impl.RaftServerImpl (RaftServerImpl.java:setRole(170)) - 5a152cad-2f68-44e1-8661-622a6e2403aa@group-CFA5962B69F1: changes role from  FOLLOWER to CANDIDATE at term 1 for changeToCandidate
2019-10-02 11:22:09,099 [Thread-359] INFO  impl.RoleInfo (RoleInfo.java:updateAndGet(143)) - 5a152cad-2f68-44e1-8661-622a6e2403aa: start LeaderElection
2019-10-02 11:22:09,117 [5a152cad-2f68-44e1-8661-622a6e2403aa@group-CFA5962B69F1-LeaderElection12] INFO  impl.LeaderElection (LeaderElection.java:askForVotes(178)) - 5a152cad-2f68-44e1-8661-622a6e2403aa@group-CFA5962B69F1-LeaderElection12: begin an election at term 2 for -1: [255f5341-67af-48a5-9f0a-34079e58e4b3:192.168.151.122:40199, 5a152cad-2f68-44e1-8661-622a6e2403aa:192.168.151.122:41282, 99afa1ab-f70e-454d-b97f-b50504ecadc2:192.168.151.122:41178], old=null
2019-10-02 11:22:09,126 [Thread-358] INFO  impl.FollowerState (FollowerState.java:run(108)) - 99afa1ab-f70e-454d-b97f-b50504ecadc2@group-33DDF701D157-FollowerState: change to CANDIDATE, lastRpcTime:1046ms, electionTimeout:1036ms
2019-10-02 11:22:09,126 [Thread-358] INFO  impl.RoleInfo (RoleInfo.java:shutdownFollowerState(121)) - 99afa1ab-f70e-454d-b97f-b50504ecadc2: shutdown FollowerState
2019-10-02 11:22:09,126 [Thread-358] INFO  impl.RaftServerImpl (RaftServerImpl.java:setRole(170)) - 99afa1ab-f70e-454d-b97f-b50504ecadc2@group-33DDF701D157: changes role from  FOLLOWER to CANDIDATE at term 1 for changeToCandidate
2019-10-02 11:22:09,126 [Thread-358] INFO  impl.RoleInfo (RoleInfo.java:updateAndGet(143)) - 99afa1ab-f70e-454d-b97f-b50504ecadc2: start LeaderElection
2019-10-02 11:22:09,126 [grpc-default-executor-16] INFO  impl.RaftServerImpl (RaftServerImpl.java:setRole(170)) - 99afa1ab-f70e-454d-b97f-b50504ecadc2@group-CFA5962B69F1: changes role from  FOLLOWER to FOLLOWER at term 2 for recognizeCandidate:5a152cad-2f68-44e1-8661-622a6e2403aa
2019-10-02 11:22:09,126 [grpc-default-executor-4] INFO  impl.RaftServerImpl (RaftServerImpl.java:setRole(170)) - 255f5341-67af-48a5-9f0a-34079e58e4b3@group-CFA5962B69F1: changes role from  FOLLOWER to FOLLOWER at term 2 for recognizeCandidate:5a152cad-2f68-44e1-8661-622a6e2403aa
2019-10-02 11:22:09,126 [grpc-default-executor-16] INFO  impl.RoleInfo (RoleInfo.java:shutdownFollowerState(121)) - 99afa1ab-f70e-454d-b97f-b50504ecadc2: shutdown FollowerState
2019-10-02 11:22:09,129 [grpc-default-executor-4] INFO  impl.RoleInfo (RoleInfo.java:shutdownFollowerState(121)) - 255f5341-67af-48a5-9f0a-34079e58e4b3: shutdown FollowerState
2019-10-02 11:22:09,129 [grpc-default-executor-16] INFO  impl.RoleInfo (RoleInfo.java:updateAndGet(143)) - 99afa1ab-f70e-454d-b97f-b50504ecadc2: start FollowerState
2019-10-02 11:22:09,129 [Thread-361] INFO  impl.FollowerState (FollowerState.java:run(117)) - 99afa1ab-f70e-454d-b97f-b50504ecadc2@group-CFA5962B69F1-FollowerState was interrupted: java.lang.InterruptedException: sleep interrupted
2019-10-02 11:22:09,129 [grpc-default-executor-4] INFO  impl.RoleInfo (RoleInfo.java:updateAndGet(143)) - 255f5341-67af-48a5-9f0a-34079e58e4b3: start FollowerState
2019-10-02 11:22:09,129 [Thread-364] INFO  impl.FollowerState (FollowerState.java:run(117)) - 255f5341-67af-48a5-9f0a-34079e58e4b3@group-CFA5962B69F1-FollowerState was interrupted: java.lang.InterruptedException: sleep interrupted
2019-10-02 11:22:09,135 [Thread-362] INFO  impl.FollowerState (FollowerState.java:run(108)) - 5a152cad-2f68-44e1-8661-622a6e2403aa@group-33DDF701D157-FollowerState: change to CANDIDATE, lastRpcTime:1058ms, electionTimeout:1046ms
2019-10-02 11:22:09,136 [Thread-362] INFO  impl.RoleInfo (RoleInfo.java:shutdownFollowerState(121)) - 5a152cad-2f68-44e1-8661-622a6e2403aa: shutdown FollowerState
2019-10-02 11:22:09,136 [Thread-362] INFO  impl.RaftServerImpl (RaftServerImpl.java:setRole(170)) - 5a152cad-2f68-44e1-8661-622a6e2403aa@group-33DDF701D157: changes role from  FOLLOWER to CANDIDATE at term 1 for changeToCandidate
2019-10-02 11:22:09,136 [Thread-362] INFO  impl.RoleInfo (RoleInfo.java:updateAndGet(143)) - 5a152cad-2f68-44e1-8661-622a6e2403aa: start LeaderElection
2019-10-02 11:22:09,147 [5a152cad-2f68-44e1-8661-622a6e2403aa@group-33DDF701D157-LeaderElection14] INFO  impl.LeaderElection (LeaderElection.java:askForVotes(178)) - 5a152cad-2f68-44e1-8661-622a6e2403aa@group-33DDF701D157-LeaderElection14: begin an election at term 2 for -1: [255f5341-67af-48a5-9f0a-34079e58e4b3:192.168.151.122:40199, 5a152cad-2f68-44e1-8661-622a6e2403aa:192.168.151.122:41282, 99afa1ab-f70e-454d-b97f-b50504ecadc2:192.168.151.122:41178], old=null
2019-10-02 11:22:09,147 [99afa1ab-f70e-454d-b97f-b50504ecadc2@group-33DDF701D157-LeaderElection13] INFO  impl.LeaderElection (LeaderElection.java:askForVotes(178)) - 99afa1ab-f70e-454d-b97f-b50504ecadc2@group-33DDF701D157-LeaderElection13: begin an election at term 2 for -1: [255f5341-67af-48a5-9f0a-34079e58e4b3:192.168.151.122:40199, 5a152cad-2f68-44e1-8661-622a6e2403aa:192.168.151.122:41282, 99afa1ab-f70e-454d-b97f-b50504ecadc2:192.168.151.122:41178], old=null
2019-10-02 11:22:09,149 [5a152cad-2f68-44e1-8661-622a6e2403aa@group-CFA5962B69F1-LeaderElection12] INFO  impl.LeaderElection (LeaderElection.java:logAndReturn(56)) - 5a152cad-2f68-44e1-8661-622a6e2403aa@group-CFA5962B69F1-LeaderElection12: Election PASSED; received 1 response(s) [5a152cad-2f68-44e1-8661-622a6e2403aa<-255f5341-67af-48a5-9f0a-34079e58e4b3#0:OK-t2] and 0 exception(s); 5a152cad-2f68-44e1-8661-622a6e2403aa@group-CFA5962B69F1:t2, leader=null, voted=5a152cad-2f68-44e1-8661-622a6e2403aa, raftlog=5a152cad-2f68-44e1-8661-622a6e2403aa@group-CFA5962B69F1-SegmentedRaftLog:OPENED:c-1,f-1,i0, conf=-1: [255f5341-67af-48a5-9f0a-34079e58e4b3:192.168.151.122:40199, 5a152cad-2f68-44e1-8661-622a6e2403aa:192.168.151.122:41282, 99afa1ab-f70e-454d-b97f-b50504ecadc2:192.168.151.122:41178], old=null
2019-10-02 11:22:09,149 [5a152cad-2f68-44e1-8661-622a6e2403aa@group-CFA5962B69F1-LeaderElection12] INFO  impl.RoleInfo (RoleInfo.java:shutdownLeaderElection(134)) - 5a152cad-2f68-44e1-8661-622a6e2403aa: shutdown LeaderElection
2019-10-02 11:22:09,151 [Thread-360] INFO  impl.FollowerState (FollowerState.java:run(108)) - 255f5341-67af-48a5-9f0a-34079e58e4b3@group-33DDF701D157-FollowerState: change to CANDIDATE, lastRpcTime:1072ms, electionTimeout:1060ms
2019-10-02 11:22:09,155 [5a152cad-2f68-44e1-8661-622a6e2403aa@group-CFA5962B69F1-LeaderElection12] INFO  impl.RaftServerImpl (RaftServerImpl.java:setRole(170)) - 5a152cad-2f68-44e1-8661-622a6e2403aa@group-CFA5962B69F1: changes role from CANDIDATE to LEADER at term 2 for changeToLeader
2019-10-02 11:22:09,155 [Thread-360] INFO  impl.RoleInfo (RoleInfo.java:shutdownFollowerState(121)) - 255f5341-67af-48a5-9f0a-34079e58e4b3: shutdown FollowerState
2019-10-02 11:22:09,155 [5a152cad-2f68-44e1-8661-622a6e2403aa@group-CFA5962B69F1-LeaderElection12] INFO  impl.RaftServerImpl (ServerState.java:setLeader(255)) - 5a152cad-2f68-44e1-8661-622a6e2403aa@group-CFA5962B69F1: change Leader from null to 5a152cad-2f68-44e1-8661-622a6e2403aa at term 2 for becomeLeader, leader elected after 2553ms
2019-10-02 11:22:09,155 [Thread-360] INFO  impl.RaftServerImpl (RaftServerImpl.java:setRole(170)) - 255f5341-67af-48a5-9f0a-34079e58e4b3@group-33DDF701D157: changes role from  FOLLOWER to CANDIDATE at term 1 for changeToCandidate
2019-10-02 11:22:09,158 [5a152cad-2f68-44e1-8661-622a6e2403aa@group-CFA5962B69F1-LeaderElection12] INFO  server.RaftServerConfigKeys (ConfUtils.java:logGet(43)) - raft.server.staging.catchup.gap = 1000 (default)
2019-10-02 11:22:09,158 [Thread-360] INFO  impl.RoleInfo (RoleInfo.java:updateAndGet(143)) - 255f5341-67af-48a5-9f0a-34079e58e4b3: start LeaderElection
2019-10-02 11:22:09,161 [5a152cad-2f68-44e1-8661-622a6e2403aa@group-CFA5962B69F1-LeaderElection12] INFO  server.RaftServerConfigKeys (ConfUtils.java:logGet(43)) - raft.server.rpc.sleep.time = 25ms (default)
2019-10-02 11:22:09,166 [grpc-default-executor-4] INFO  impl.RaftServerImpl (RaftServerImpl.java:setRole(170)) - 255f5341-67af-48a5-9f0a-34079e58e4b3@group-33DDF701D157: changes role from CANDIDATE to FOLLOWER at term 2 for recognizeCandidate:5a152cad-2f68-44e1-8661-622a6e2403aa
2019-10-02 11:22:09,166 [5a152cad-2f68-44e1-8661-622a6e2403aa@group-CFA5962B69F1-LeaderElection12] INFO  server.RaftServerConfigKeys (ConfUtils.java:logGet(43)) - raft.server.write.element-limit = 4096 (default)
2019-10-02 11:22:09,166 [grpc-default-executor-4] INFO  impl.RoleInfo (RoleInfo.java:shutdownLeaderElection(134)) - 255f5341-67af-48a5-9f0a-34079e58e4b3: shutdown LeaderElection
2019-10-02 11:22:09,166 [5a152cad-2f68-44e1-8661-622a6e2403aa@group-CFA5962B69F1-LeaderElection12] INFO  server.RaftServerConfigKeys (ConfUtils.java:logGet(43)) - raft.server.watch.timeout = 10s (default)
2019-10-02 11:22:09,169 [grpc-default-executor-4] INFO  impl.RoleInfo (RoleInfo.java:updateAndGet(143)) - 255f5341-67af-48a5-9f0a-34079e58e4b3: start FollowerState
2019-10-02 11:22:09,169 [5a152cad-2f68-44e1-8661-622a6e2403aa@group-CFA5962B69F1-LeaderElection12] INFO  server.RaftServerConfigKeys (ConfUtils.java:logGet(43)) - raft.server.watch.timeout.denomination = 1s (default)
2019-10-02 11:22:09,169 [5a152cad-2f68-44e1-8661-622a6e2403aa@group-CFA5962B69F1-LeaderElection12] INFO  server.RaftServerConfigKeys (ConfUtils.java:logGet(43)) - raft.server.watch.element-limit = 65536 (default)
2019-10-02 11:22:09,176 [5a152cad-2f68-44e1-8661-622a6e2403aa@group-CFA5962B69F1-LeaderElection12] INFO  server.RaftServerConfigKeys (ConfUtils.java:logGet(43)) - raft.server.log.appender.snapshot.chunk.size.max = 16MB (=16777216) (default)
2019-10-02 11:22:09,176 [5a152cad-2f68-44e1-8661-622a6e2403aa@group-CFA5962B69F1-LeaderElection12] INFO  server.RaftServerConfigKeys (ConfUtils.java:logGet(43)) - raft.server.log.appender.buffer.byte-limit = 33554432 (custom)
2019-10-02 11:22:09,177 [5a152cad-2f68-44e1-8661-622a6e2403aa@group-CFA5962B69F1-LeaderElection12] INFO  server.RaftServerConfigKeys (ConfUtils.java:logGet(43)) - raft.server.log.appender.buffer.element-limit = 1 (custom)
2019-10-02 11:22:09,180 [5a152cad-2f68-44e1-8661-622a6e2403aa@group-CFA5962B69F1-LeaderElection12] INFO  grpc.GrpcConfigKeys$Server (ConfUtils.java:logGet(43)) - raft.grpc.server.leader.outstanding.appends.max = 128 (default)
2019-10-02 11:22:09,180 [5a152cad-2f68-44e1-8661-622a6e2403aa@group-CFA5962B69F1-LeaderElection12] INFO  server.RaftServerConfigKeys (ConfUtils.java:logGet(43)) - raft.server.rpc.request.timeout = 3000ms (default)
2019-10-02 11:22:09,180 [5a152cad-2f68-44e1-8661-622a6e2403aa@group-CFA5962B69F1-LeaderElection12] INFO  server.RaftServerConfigKeys (ConfUtils.java:logGet(43)) - raft.server.log.appender.install.snapshot.enabled = false (custom)
2019-10-02 11:22:09,181 [5a152cad-2f68-44e1-8661-622a6e2403aa@group-CFA5962B69F1-LeaderElection12] INFO  server.RaftServerConfigKeys (ConfUtils.java:logGet(43)) - raft.server.log.appender.snapshot.chunk.size.max = 16MB (=16777216) (default)
2019-10-02 11:22:09,181 [5a152cad-2f68-44e1-8661-622a6e2403aa@group-CFA5962B69F1-LeaderElection12] INFO  server.RaftServerConfigKeys (ConfUtils.java:logGet(43)) - raft.server.log.appender.buffer.byte-limit = 33554432 (custom)
2019-10-02 11:22:09,182 [5a152cad-2f68-44e1-8661-622a6e2403aa@group-CFA5962B69F1-LeaderElection12] INFO  server.RaftServerConfigKeys (ConfUtils.java:logGet(43)) - raft.server.log.appender.buffer.element-limit = 1 (custom)
2019-10-02 11:22:09,182 [5a152cad-2f68-44e1-8661-622a6e2403aa@group-CFA5962B69F1-LeaderElection12] INFO  grpc.GrpcConfigKeys$Server (ConfUtils.java:logGet(43)) - raft.grpc.server.leader.outstanding.appends.max = 128 (default)
2019-10-02 11:22:09,182 [5a152cad-2f68-44e1-8661-622a6e2403aa@group-CFA5962B69F1-LeaderElection12] INFO  server.RaftServerConfigKeys (ConfUtils.java:logGet(43)) - raft.server.rpc.request.timeout = 3000ms (default)
2019-10-02 11:22:09,182 [5a152cad-2f68-44e1-8661-622a6e2403aa@group-CFA5962B69F1-LeaderElection12] INFO  server.RaftServerConfigKeys (ConfUtils.java:logGet(43)) - raft.server.log.appender.install.snapshot.enabled = false (custom)
2019-10-02 11:22:09,183 [grpc-default-executor-8] INFO  impl.RaftServerImpl (RaftServerImpl.java:setRole(170)) - 255f5341-67af-48a5-9f0a-34079e58e4b3@group-33DDF701D157: changes role from  FOLLOWER to FOLLOWER at term 2 for recognizeCandidate:99afa1ab-f70e-454d-b97f-b50504ecadc2
2019-10-02 11:22:09,183 [grpc-default-executor-8] INFO  impl.RoleInfo (RoleInfo.java:shutdownFollowerState(121)) - 255f5341-67af-48a5-9f0a-34079e58e4b3: shutdown FollowerState
2019-10-02 11:22:09,183 [grpc-default-executor-8] INFO  impl.RoleInfo (RoleInfo.java:updateAndGet(143)) - 255f5341-67af-48a5-9f0a-34079e58e4b3: start FollowerState
2019-10-02 11:22:09,183 [Thread-380] INFO  impl.FollowerState (FollowerState.java:run(117)) - 255f5341-67af-48a5-9f0a-34079e58e4b3@group-33DDF701D157-FollowerState was interrupted: java.lang.InterruptedException: sleep interrupted
2019-10-02 11:22:09,183 [5a152cad-2f68-44e1-8661-622a6e2403aa@group-CFA5962B69F1-LeaderElection12] INFO  impl.RoleInfo (RoleInfo.java:updateAndGet(143)) - 5a152cad-2f68-44e1-8661-622a6e2403aa: start LeaderState
2019-10-02 11:22:09,186 [5a152cad-2f68-44e1-8661-622a6e2403aa@group-CFA5962B69F1-LeaderElection12] INFO  segmented.SegmentedRaftLogWorker (SegmentedRaftLogWorker.java:startLogSegment(385)) - 5a152cad-2f68-44e1-8661-622a6e2403aa@group-CFA5962B69F1-SegmentedRaftLogWorker: Starting segment from index:0
2019-10-02 11:22:09,186 [5a152cad-2f68-44e1-8661-622a6e2403aa@group-33DDF701D157-LeaderElection14] INFO  impl.LeaderElection (LeaderElection.java:logAndReturn(56)) - 5a152cad-2f68-44e1-8661-622a6e2403aa@group-33DDF701D157-LeaderElection14: Election REJECTED; received 2 response(s) [5a152cad-2f68-44e1-8661-622a6e2403aa<-255f5341-67af-48a5-9f0a-34079e58e4b3#0:FAIL-t2, 5a152cad-2f68-44e1-8661-622a6e2403aa<-99afa1ab-f70e-454d-b97f-b50504ecadc2#0:FAIL-t2] and 0 exception(s); 5a152cad-2f68-44e1-8661-622a6e2403aa@group-33DDF701D157:t2, leader=null, voted=5a152cad-2f68-44e1-8661-622a6e2403aa, raftlog=5a152cad-2f68-44e1-8661-622a6e2403aa@group-33DDF701D157-SegmentedRaftLog:OPENED:c-1,f-1,i0, conf=-1: [255f5341-67af-48a5-9f0a-34079e58e4b3:192.168.151.122:40199, 5a152cad-2f68-44e1-8661-622a6e2403aa:192.168.151.122:41282, 99afa1ab-f70e-454d-b97f-b50504ecadc2:192.168.151.122:41178], old=null
2019-10-02 11:22:09,187 [5a152cad-2f68-44e1-8661-622a6e2403aa@group-33DDF701D157-LeaderElection14] INFO  impl.RaftServerImpl (RaftServerImpl.java:setRole(170)) - 5a152cad-2f68-44e1-8661-622a6e2403aa@group-33DDF701D157: changes role from CANDIDATE to FOLLOWER at term 2 for DISCOVERED_A_NEW_TERM
2019-10-02 11:22:09,187 [5a152cad-2f68-44e1-8661-622a6e2403aa@group-CFA5962B69F1-LeaderElection12] INFO  impl.RaftServerImpl (ServerState.java:setRaftConf(356)) - 5a152cad-2f68-44e1-8661-622a6e2403aa@group-CFA5962B69F1: set configuration 0: [255f5341-67af-48a5-9f0a-34079e58e4b3:192.168.151.122:40199, 5a152cad-2f68-44e1-8661-622a6e2403aa:192.168.151.122:41282, 99afa1ab-f70e-454d-b97f-b50504ecadc2:192.168.151.122:41178], old=null at 0
2019-10-02 11:22:09,212 [Thread-356] INFO  impl.FollowerState (FollowerState.java:run(108)) - 255f5341-67af-48a5-9f0a-34079e58e4b3@group-B42E39A6701C-FollowerState: change to CANDIDATE, lastRpcTime:1157ms, electionTimeout:1130ms
2019-10-02 11:22:09,217 [Thread-356] INFO  impl.RoleInfo (RoleInfo.java:shutdownFollowerState(121)) - 255f5341-67af-48a5-9f0a-34079e58e4b3: shutdown FollowerState
2019-10-02 11:22:09,213 [5a152cad-2f68-44e1-8661-622a6e2403aa@group-33DDF701D157-LeaderElection14] INFO  impl.RoleInfo (RoleInfo.java:shutdownLeaderElection(134)) - 5a152cad-2f68-44e1-8661-622a6e2403aa: shutdown LeaderElection
2019-10-02 11:22:09,217 [Thread-356] INFO  impl.RaftServerImpl (RaftServerImpl.java:setRole(170)) - 255f5341-67af-48a5-9f0a-34079e58e4b3@group-B42E39A6701C: changes role from  FOLLOWER to CANDIDATE at term 1 for changeToCandidate
2019-10-02 11:22:09,217 [5a152cad-2f68-44e1-8661-622a6e2403aa@group-33DDF701D157-LeaderElection14] INFO  impl.RoleInfo (RoleInfo.java:updateAndGet(143)) - 5a152cad-2f68-44e1-8661-622a6e2403aa: start FollowerState
2019-10-02 11:22:09,218 [Thread-356] INFO  impl.RoleInfo (RoleInfo.java:updateAndGet(143)) - 255f5341-67af-48a5-9f0a-34079e58e4b3: start LeaderElection
2019-10-02 11:22:09,222 [99afa1ab-f70e-454d-b97f-b50504ecadc2@group-33DDF701D157-LeaderElection13] INFO  impl.LeaderElection (LeaderElection.java:logAndReturn(56)) - 99afa1ab-f70e-454d-b97f-b50504ecadc2@group-33DDF701D157-LeaderElection13: Election PASSED; received 2 response(s) [99afa1ab-f70e-454d-b97f-b50504ecadc2<-5a152cad-2f68-44e1-8661-622a6e2403aa#0:FAIL-t2, 99afa1ab-f70e-454d-b97f-b50504ecadc2<-255f5341-67af-48a5-9f0a-34079e58e4b3#0:OK-t2] and 0 exception(s); 99afa1ab-f70e-454d-b97f-b50504ecadc2@group-33DDF701D157:t2, leader=null, voted=99afa1ab-f70e-454d-b97f-b50504ecadc2, raftlog=99afa1ab-f70e-454d-b97f-b50504ecadc2@group-33DDF701D157-SegmentedRaftLog:OPENED:c-1,f-1,i0, conf=-1: [255f5341-67af-48a5-9f0a-34079e58e4b3:192.168.151.122:40199, 5a152cad-2f68-44e1-8661-622a6e2403aa:192.168.151.122:41282, 99afa1ab-f70e-454d-b97f-b50504ecadc2:192.168.151.122:41178], old=null
2019-10-02 11:22:09,222 [99afa1ab-f70e-454d-b97f-b50504ecadc2@group-33DDF701D157-LeaderElection13] INFO  impl.RoleInfo (RoleInfo.java:shutdownLeaderElection(134)) - 99afa1ab-f70e-454d-b97f-b50504ecadc2: shutdown LeaderElection
2019-10-02 11:22:09,225 [99afa1ab-f70e-454d-b97f-b50504ecadc2@group-33DDF701D157-LeaderElection13] INFO  impl.RaftServerImpl (RaftServerImpl.java:setRole(170)) - 99afa1ab-f70e-454d-b97f-b50504ecadc2@group-33DDF701D157: changes role from CANDIDATE to LEADER at term 2 for changeToLeader
2019-10-02 11:22:09,225 [99afa1ab-f70e-454d-b97f-b50504ecadc2@group-33DDF701D157-LeaderElection13] INFO  impl.RaftServerImpl (ServerState.java:setLeader(255)) - 99afa1ab-f70e-454d-b97f-b50504ecadc2@group-33DDF701D157: change Leader from null to 99afa1ab-f70e-454d-b97f-b50504ecadc2 at term 2 for becomeLeader, leader elected after 2577ms
2019-10-02 11:22:09,227 [99afa1ab-f70e-454d-b97f-b50504ecadc2@group-33DDF701D157-LeaderElection13] INFO  server.RaftServerConfigKeys (ConfUtils.java:logGet(43)) - raft.server.staging.catchup.gap = 1000 (default)
2019-10-02 11:22:09,227 [5a152cad-2f68-44e1-8661-622a6e2403aa@group-CFA5962B69F1-SegmentedRaftLogWorker] INFO  segmented.SegmentedRaftLogWorker (SegmentedRaftLogWorker.java:execute(574)) - 5a152cad-2f68-44e1-8661-622a6e2403aa@group-CFA5962B69F1-SegmentedRaftLogWorker: created new log segment /workdir/hadoop-ozone/integration-test/target/test-dir/MiniOzoneClusterImpl-544d5193-f7b3-4e33-ac9d-9d27303d2a96/datanode-7/data/ratis/0065cf22-2ee5-4bd9-9dc4-cfa5962b69f1/current/log_inprogress_0
2019-10-02 11:22:09,229 [99afa1ab-f70e-454d-b97f-b50504ecadc2@group-33DDF701D157-LeaderElection13] INFO  server.RaftServerConfigKeys (ConfUtils.java:logGet(43)) - raft.server.rpc.sleep.time = 25ms (default)
2019-10-02 11:22:09,229 [255f5341-67af-48a5-9f0a-34079e58e4b3@group-B42E39A6701C-LeaderElection16] INFO  impl.LeaderElection (LeaderElection.java:askForVotes(178)) - 255f5341-67af-48a5-9f0a-34079e58e4b3@group-B42E39A6701C-LeaderElection16: begin an election at term 2 for -1: [255f5341-67af-48a5-9f0a-34079e58e4b3:192.168.151.122:40199, 5a152cad-2f68-44e1-8661-622a6e2403aa:192.168.151.122:41282, 99afa1ab-f70e-454d-b97f-b50504ecadc2:192.168.151.122:41178], old=null
2019-10-02 11:22:09,229 [255f5341-67af-48a5-9f0a-34079e58e4b3@group-33DDF701D157-LeaderElection15] INFO  impl.LeaderElection (LeaderElection.java:askForVotes(178)) - 255f5341-67af-48a5-9f0a-34079e58e4b3@group-33DDF701D157-LeaderElection15: begin an election at term 3 for -1: [255f5341-67af-48a5-9f0a-34079e58e4b3:192.168.151.122:40199, 5a152cad-2f68-44e1-8661-622a6e2403aa:192.168.151.122:41282, 99afa1ab-f70e-454d-b97f-b50504ecadc2:192.168.151.122:41178], old=null
2019-10-02 11:22:09,229 [99afa1ab-f70e-454d-b97f-b50504ecadc2@group-33DDF701D157-LeaderElection13] INFO  server.RaftServerConfigKeys (ConfUtils.java:logGet(43)) - raft.server.write.element-limit = 4096 (default)
2019-10-02 11:22:09,230 [99afa1ab-f70e-454d-b97f-b50504ecadc2@group-33DDF701D157-LeaderElection13] INFO  server.RaftServerConfigKeys (ConfUtils.java:logGet(43)) - raft.server.watch.timeout = 10s (default)
2019-10-02 11:22:09,230 [99afa1ab-f70e-454d-b97f-b50504ecadc2@group-33DDF701D157-LeaderElection13] INFO  server.RaftServerConfigKeys (ConfUtils.java:logGet(43)) - raft.server.watch.timeout.denomination = 1s (default)
2019-10-02 11:22:09,230 [255f5341-67af-48a5-9f0a-34079e58e4b3@group-33DDF701D157-LeaderElection15] INFO  impl.LeaderElection (LeaderElection.java:logAndReturn(56)) - 255f5341-67af-48a5-9f0a-34079e58e4b3@group-33DDF701D157-LeaderElection15: Election REJECTED; received 0 response(s) [] and 0 exception(s); 255f5341-67af-48a5-9f0a-34079e58e4b3@group-33DDF701D157:t3, leader=null, voted=255f5341-67af-48a5-9f0a-34079e58e4b3, raftlog=255f5341-67af-48a5-9f0a-34079e58e4b3@group-33DDF701D157-SegmentedRaftLog:OPENED:c-1,f-1,i0, conf=-1: [255f5341-67af-48a5-9f0a-34079e58e4b3:192.168.151.122:40199, 5a152cad-2f68-44e1-8661-622a6e2403aa:192.168.151.122:41282, 99afa1ab-f70e-454d-b97f-b50504ecadc2:192.168.151.122:41178], old=null
2019-10-02 11:22:09,230 [99afa1ab-f70e-454d-b97f-b50504ecadc2@group-33DDF701D157-LeaderElection13] INFO  server.RaftServerConfigKeys (ConfUtils.java:logGet(43)) - raft.server.watch.element-limit = 65536 (default)
2019-10-02 11:22:09,251 [grpc-default-executor-16] INFO  impl.RaftServerImpl (RaftServerImpl.java:setRole(170)) - 5a152cad-2f68-44e1-8661-622a6e2403aa@group-33DDF701D157: changes role from  FOLLOWER to FOLLOWER at term 3 for recognizeCandidate:255f5341-67af-48a5-9f0a-34079e58e4b3
2019-10-02 11:22:09,253 [grpc-default-executor-4] INFO  impl.RaftServerImpl (RaftServerImpl.java:setRole(170)) - 5a152cad-2f68-44e1-8661-622a6e2403aa@group-B42E39A6701C: changes role from  FOLLOWER to FOLLOWER at term 2 for recognizeCandidate:255f5341-67af-48a5-9f0a-34079e58e4b3
2019-10-02 11:22:09,253 [99afa1ab-f70e-454d-b97f-b50504ecadc2@group-33DDF701D157-LeaderElection13] INFO  server.RaftServerConfigKeys (ConfUtils.java:logGet(43)) - raft.server.log.appender.snapshot.chunk.size.max = 16MB (=16777216) (default)
2019-10-02 11:22:09,253 [grpc-default-executor-1] INFO  impl.RaftServerImpl (RaftServerImpl.java:setRole(170)) - 99afa1ab-f70e-454d-b97f-b50504ecadc2@group-B42E39A6701C: changes role from  FOLLOWER to FOLLOWER at term 2 for recognizeCandidate:255f5341-67af-48a5-9f0a-34079e58e4b3
2019-10-02 11:22:09,253 [grpc-default-executor-4] INFO  impl.RoleInfo (RoleInfo.java:shutdownFollowerState(121)) - 5a152cad-2f68-44e1-8661-622a6e2403aa: shutdown FollowerState
2019-10-02 11:22:09,253 [grpc-default-executor-16] INFO  impl.RoleInfo (RoleInfo.java:shutdownFollowerState(121)) - 5a152cad-2f68-44e1-8661-622a6e2403aa: shutdown FollowerState
2019-10-02 11:22:09,254 [Thread-357] INFO  impl.FollowerState (FollowerState.java:run(117)) - 5a152cad-2f68-44e1-8661-622a6e2403aa@group-B42E39A6701C-FollowerState was interrupted: java.lang.InterruptedException: sleep interrupted
2019-10-02 11:22:09,254 [grpc-default-executor-4] INFO  impl.RoleInfo (RoleInfo.java:updateAndGet(143)) - 5a152cad-2f68-44e1-8661-622a6e2403aa: start FollowerState
2019-10-02 11:22:09,253 [grpc-default-executor-1] INFO  impl.RoleInfo (RoleInfo.java:shutdownFollowerState(121)) - 99afa1ab-f70e-454d-b97f-b50504ecadc2: shutdown FollowerState
2019-10-02 11:22:09,253 [99afa1ab-f70e-454d-b97f-b50504ecadc2@group-33DDF701D157-LeaderElection13] INFO  server.RaftServerConfigKeys (ConfUtils.java:logGet(43)) - raft.server.log.appender.buffer.byte-limit = 33554432 (custom)
2019-10-02 11:22:09,260 [Thread-363] INFO  impl.FollowerState (FollowerState.java:run(117)) - 99afa1ab-f70e-454d-b97f-b50504ecadc2@group-B42E39A6701C-FollowerState was interrupted: java.lang.InterruptedException: sleep interrupted
2019-10-02 11:22:09,260 [grpc-default-executor-1] INFO  impl.RoleInfo (RoleInfo.java:updateAndGet(143)) - 99afa1ab-f70e-454d-b97f-b50504ecadc2: start FollowerState
2019-10-02 11:22:09,254 [grpc-default-executor-16] INFO  impl.RoleInfo (RoleInfo.java:updateAndGet(143)) - 5a152cad-2f68-44e1-8661-622a6e2403aa: start FollowerState
2019-10-02 11:22:09,254 [Thread-384] INFO  impl.FollowerState (FollowerState.java:run(117)) - 5a152cad-2f68-44e1-8661-622a6e2403aa@group-33DDF701D157-FollowerState was interrupted: java.lang.InterruptedException: sleep interrupted
2019-10-02 11:22:09,260 [99afa1ab-f70e-454d-b97f-b50504ecadc2@group-33DDF701D157-LeaderElection13] INFO  server.RaftServerConfigKeys (ConfUtils.java:logGet(43)) - raft.server.log.appender.buffer.element-limit = 1 (custom)
2019-10-02 11:22:09,261 [99afa1ab-f70e-454d-b97f-b50504ecadc2@group-33DDF701D157-LeaderElection13] INFO  grpc.GrpcConfigKeys$Server (ConfUtils.java:logGet(43)) - raft.grpc.server.leader.outstanding.appends.max = 128 (default)
2019-10-02 11:22:09,263 [99afa1ab-f70e-454d-b97f-b50504ecadc2@group-33DDF701D157-LeaderElection13] INFO  server.RaftServerConfigKeys (ConfUtils.java:logGet(43)) - raft.server.rpc.request.timeout = 3000ms (default)
2019-10-02 11:22:09,263 [99afa1ab-f70e-454d-b97f-b50504ecadc2@group-33DDF701D157-LeaderElection13] INFO  server.RaftServerConfigKeys (ConfUtils.java:logGet(43)) - raft.server.log.appender.install.snapshot.enabled = false (custom)
2019-10-02 11:22:09,264 [99afa1ab-f70e-454d-b97f-b50504ecadc2@group-33DDF701D157-LeaderElection13] INFO  server.RaftServerConfigKeys (ConfUtils.java:logGet(43)) - raft.server.log.appender.snapshot.chunk.size.max = 16MB (=16777216) (default)
2019-10-02 11:22:09,264 [99afa1ab-f70e-454d-b97f-b50504ecadc2@group-33DDF701D157-LeaderElection13] INFO  server.RaftServerConfigKeys (ConfUtils.java:logGet(43)) - raft.server.log.appender.buffer.byte-limit = 33554432 (custom)
2019-10-02 11:22:09,264 [99afa1ab-f70e-454d-b97f-b50504ecadc2@group-33DDF701D157-LeaderElection13] INFO  server.RaftServerConfigKeys (ConfUtils.java:logGet(43)) - raft.server.log.appender.buffer.element-limit = 1 (custom)
2019-10-02 11:22:09,264 [99afa1ab-f70e-454d-b97f-b50504ecadc2@group-33DDF701D157-LeaderElection13] INFO  grpc.GrpcConfigKeys$Server (ConfUtils.java:logGet(43)) - raft.grpc.server.leader.outstanding.appends.max = 128 (default)
2019-10-02 11:22:09,264 [99afa1ab-f70e-454d-b97f-b50504ecadc2@group-33DDF701D157-LeaderElection13] INFO  server.RaftServerConfigKeys (ConfUtils.java:logGet(43)) - raft.server.rpc.request.timeout = 3000ms (default)
2019-10-02 11:22:09,264 [99afa1ab-f70e-454d-b97f-b50504ecadc2@group-33DDF701D157-LeaderElection13] INFO  server.RaftServerConfigKeys (ConfUtils.java:logGet(43)) - raft.server.log.appender.install.snapshot.enabled = false (custom)
2019-10-02 11:22:09,266 [99afa1ab-f70e-454d-b97f-b50504ecadc2@group-33DDF701D157-LeaderElection13] INFO  impl.RoleInfo (RoleInfo.java:updateAndGet(143)) - 99afa1ab-f70e-454d-b97f-b50504ecadc2: start LeaderState
2019-10-02 11:22:09,267 [99afa1ab-f70e-454d-b97f-b50504ecadc2@group-33DDF701D157-LeaderElection13] INFO  segmented.SegmentedRaftLogWorker (SegmentedRaftLogWorker.java:startLogSegment(385)) - 99afa1ab-f70e-454d-b97f-b50504ecadc2@group-33DDF701D157-SegmentedRaftLogWorker: Starting segment from index:0
2019-10-02 11:22:09,303 [grpc-default-executor-14] INFO  impl.RaftServerImpl (ServerState.java:setLeader(255)) - 255f5341-67af-48a5-9f0a-34079e58e4b3@group-CFA5962B69F1: change Leader from null to 5a152cad-2f68-44e1-8661-622a6e2403aa at term 2 for appendEntries, leader elected after 2656ms
2019-10-02 11:22:09,304 [grpc-default-executor-8] INFO  impl.RaftServerImpl (ServerState.java:setLeader(255)) - 99afa1ab-f70e-454d-b97f-b50504ecadc2@group-CFA5962B69F1: change Leader from null to 5a152cad-2f68-44e1-8661-622a6e2403aa at term 2 for appendEntries, leader elected after 2702ms
2019-10-02 11:22:09,304 [99afa1ab-f70e-454d-b97f-b50504ecadc2@group-33DDF701D157-LeaderElection13] INFO  impl.RaftServerImpl (ServerState.java:setRaftConf(356)) - 99afa1ab-f70e-454d-b97f-b50504ecadc2@group-33DDF701D157: set configuration 0: [255f5341-67af-48a5-9f0a-34079e58e4b3:192.168.151.122:40199, 5a152cad-2f68-44e1-8661-622a6e2403aa:192.168.151.122:41282, 99afa1ab-f70e-454d-b97f-b50504ecadc2:192.168.151.122:41178], old=null at 0
2019-10-02 11:22:09,306 [grpc-default-executor-6] INFO  impl.RaftServerImpl (ServerState.java:setLeader(255)) - 99afa1ab-f70e-454d-b97f-b50504ecadc2@group-33DDF701D157: change Leader from 99afa1ab-f70e-454d-b97f-b50504ecadc2 to null at term 3 for updateCurrentTerm
2019-10-02 11:22:09,306 [grpc-default-executor-6] INFO  impl.RaftServerImpl (RaftServerImpl.java:setRole(170)) - 99afa1ab-f70e-454d-b97f-b50504ecadc2@group-33DDF701D157: changes role from    LEADER to FOLLOWER at term 3 for recognizeCandidate:255f5341-67af-48a5-9f0a-34079e58e4b3
2019-10-02 11:22:09,306 [grpc-default-executor-6] INFO  impl.RoleInfo (RoleInfo.java:shutdownLeaderState(104)) - 99afa1ab-f70e-454d-b97f-b50504ecadc2: shutdown LeaderState
2019-10-02 11:22:09,310 [org.apache.ratis.server.impl.LogAppender$AppenderDaemon$$Lambda$697/298400853@2c888ba8] WARN  server.GrpcLogAppender (GrpcLogAppender.java:mayWait(143)) - 99afa1ab-f70e-454d-b97f-b50504ecadc2@group-33DDF701D157->5a152cad-2f68-44e1-8661-622a6e2403aa-GrpcLogAppender: Wait interrupted by java.lang.InterruptedException
2019-10-02 11:22:09,310 [grpc-default-executor-6] INFO  impl.PendingRequests (PendingRequests.java:sendNotLeaderResponses(202)) - 99afa1ab-f70e-454d-b97f-b50504ecadc2@group-33DDF701D157-PendingRequests: sendNotLeaderResponses
2019-10-02 11:22:09,311 [org.apache.ratis.server.impl.LogAppender$AppenderDaemon$$Lambda$697/298400853@7c569673] WARN  server.GrpcLogAppender (GrpcLogAppender.java:mayWait(143)) - 99afa1ab-f70e-454d-b97f-b50504ecadc2@group-33DDF701D157->255f5341-67af-48a5-9f0a-34079e58e4b3-GrpcLogAppender: Wait interrupted by java.lang.InterruptedException
2019-10-02 11:22:09,317 [99afa1ab-f70e-454d-b97f-b50504ecadc2@group-33DDF701D157-SegmentedRaftLogWorker] INFO  segmented.SegmentedRaftLogWorker (SegmentedRaftLogWorker.java:execute(574)) - 99afa1ab-f70e-454d-b97f-b50504ecadc2@group-33DDF701D157-SegmentedRaftLogWorker: created new log segment /workdir/hadoop-ozone/integration-test/target/test-dir/MiniOzoneClusterImpl-544d5193-f7b3-4e33-ac9d-9d27303d2a96/datanode-3/data/ratis/24c0406e-22e1-403f-b1f7-33ddf701d157/current/log_inprogress_0
2019-10-02 11:22:09,317 [255f5341-67af-48a5-9f0a-34079e58e4b3@group-B42E39A6701C-LeaderElection16] INFO  impl.LeaderElection (LeaderElection.java:logAndReturn(56)) - 255f5341-67af-48a5-9f0a-34079e58e4b3@group-B42E39A6701C-LeaderElection16: Election PASSED; received 1 response(s) [255f5341-67af-48a5-9f0a-34079e58e4b3<-99afa1ab-f70e-454d-b97f-b50504ecadc2#0:OK-t2] and 0 exception(s); 255f5341-67af-48a5-9f0a-34079e58e4b3@group-B42E39A6701C:t2, leader=null, voted=255f5341-67af-48a5-9f0a-34079e58e4b3, raftlog=255f5341-67af-48a5-9f0a-34079e58e4b3@group-B42E39A6701C-SegmentedRaftLog:OPENED:c-1,f-1,i0, conf=-1: [255f5341-67af-48a5-9f0a-34079e58e4b3:192.168.151.122:40199, 5a152cad-2f68-44e1-8661-622a6e2403aa:192.168.151.122:41282, 99afa1ab-f70e-454d-b97f-b50504ecadc2:192.168.151.122:41178], old=null
2019-10-02 11:22:09,321 [255f5341-67af-48a5-9f0a-34079e58e4b3@group-B42E39A6701C-LeaderElection16] INFO  impl.RoleInfo (RoleInfo.java:shutdownLeaderElection(134)) - 255f5341-67af-48a5-9f0a-34079e58e4b3: shutdown LeaderElection
2019-10-02 11:22:09,323 [255f5341-67af-48a5-9f0a-34079e58e4b3@group-B42E39A6701C-LeaderElection16] INFO  impl.RaftServerImpl (RaftServerImpl.java:setRole(170)) - 255f5341-67af-48a5-9f0a-34079e58e4b3@group-B42E39A6701C: changes role from CANDIDATE to LEADER at term 2 for changeToLeader
2019-10-02 11:22:09,323 [255f5341-67af-48a5-9f0a-34079e58e4b3@group-B42E39A6701C-LeaderElection16] INFO  impl.RaftServerImpl (ServerState.java:setLeader(255)) - 255f5341-67af-48a5-9f0a-34079e58e4b3@group-B42E39A6701C: change Leader from null to 255f5341-67af-48a5-9f0a-34079e58e4b3 at term 2 for becomeLeader, leader elected after 3234ms
2019-10-02 11:22:09,323 [255f5341-67af-48a5-9f0a-34079e58e4b3@group-B42E39A6701C-LeaderElection16] INFO  server.RaftServerConfigKeys (ConfUtils.java:logGet(43)) - raft.server.staging.catchup.gap = 1000 (default)
2019-10-02 11:22:09,323 [255f5341-67af-48a5-9f0a-34079e58e4b3@group-B42E39A6701C-LeaderElection16] INFO  server.RaftServerConfigKeys (ConfUtils.java:logGet(43)) - raft.server.rpc.sleep.time = 25ms (default)
2019-10-02 11:22:09,323 [grpc-default-executor-6] INFO  impl.RoleInfo (RoleInfo.java:updateAndGet(143)) - 99afa1ab-f70e-454d-b97f-b50504ecadc2: start FollowerState
2019-10-02 11:22:09,325 [255f5341-67af-48a5-9f0a-34079e58e4b3@group-B42E39A6701C-LeaderElection16] INFO  server.RaftServerConfigKeys (ConfUtils.java:logGet(43)) - raft.server.write.element-limit = 4096 (default)
2019-10-02 11:22:09,325 [255f5341-67af-48a5-9f0a-34079e58e4b3@group-B42E39A6701C-LeaderElection16] INFO  server.RaftServerConfigKeys (ConfUtils.java:logGet(43)) - raft.server.watch.timeout = 10s (default)
2019-10-02 11:22:09,332 [255f5341-67af-48a5-9f0a-34079e58e4b3@group-B42E39A6701C-LeaderElection16] INFO  server.RaftServerConfigKeys (ConfUtils.java:logGet(43)) - raft.server.watch.timeout.denomination = 1s (default)
2019-10-02 11:22:09,334 [255f5341-67af-48a5-9f0a-34079e58e4b3@group-B42E39A6701C-LeaderElection16] INFO  server.RaftServerConfigKeys (ConfUtils.java:logGet(43)) - raft.server.watch.element-limit = 65536 (default)
2019-10-02 11:22:09,336 [255f5341-67af-48a5-9f0a-34079e58e4b3@group-B42E39A6701C-LeaderElection16] INFO  server.RaftServerConfigKeys (ConfUtils.java:logGet(43)) - raft.server.log.appender.snapshot.chunk.size.max = 16MB (=16777216) (default)
2019-10-02 11:22:09,336 [255f5341-67af-48a5-9f0a-34079e58e4b3@group-B42E39A6701C-LeaderElection16] INFO  server.RaftServerConfigKeys (ConfUtils.java:logGet(43)) - raft.server.log.appender.buffer.byte-limit = 33554432 (custom)
2019-10-02 11:22:09,337 [255f5341-67af-48a5-9f0a-34079e58e4b3@group-B42E39A6701C-LeaderElection16] INFO  server.RaftServerConfigKeys (ConfUtils.java:logGet(43)) - raft.server.log.appender.buffer.element-limit = 1 (custom)
2019-10-02 11:22:09,337 [255f5341-67af-48a5-9f0a-34079e58e4b3@group-B42E39A6701C-LeaderElection16] INFO  grpc.GrpcConfigKeys$Server (ConfUtils.java:logGet(43)) - raft.grpc.server.leader.outstanding.appends.max = 128 (default)
2019-10-02 11:22:09,337 [255f5341-67af-48a5-9f0a-34079e58e4b3@group-B42E39A6701C-LeaderElection16] INFO  server.RaftServerConfigKeys (ConfUtils.java:logGet(43)) - raft.server.rpc.request.timeout = 3000ms (default)
2019-10-02 11:22:09,337 [255f5341-67af-48a5-9f0a-34079e58e4b3@group-B42E39A6701C-LeaderElection16] INFO  server.RaftServerConfigKeys (ConfUtils.java:logGet(43)) - raft.server.log.appender.install.snapshot.enabled = false (custom)
2019-10-02 11:22:09,337 [255f5341-67af-48a5-9f0a-34079e58e4b3@group-B42E39A6701C-LeaderElection16] INFO  server.RaftServerConfigKeys (ConfUtils.java:logGet(43)) - raft.server.log.appender.snapshot.chunk.size.max = 16MB (=16777216) (default)
2019-10-02 11:22:09,337 [255f5341-67af-48a5-9f0a-34079e58e4b3@group-B42E39A6701C-LeaderElection16] INFO  server.RaftServerConfigKeys (ConfUtils.java:logGet(43)) - raft.server.log.appender.buffer.byte-limit = 33554432 (custom)
2019-10-02 11:22:09,337 [255f5341-67af-48a5-9f0a-34079e58e4b3@group-B42E39A6701C-LeaderElection16] INFO  server.RaftServerConfigKeys (ConfUtils.java:logGet(43)) - raft.server.log.appender.buffer.element-limit = 1 (custom)
2019-10-02 11:22:09,338 [255f5341-67af-48a5-9f0a-34079e58e4b3@group-B42E39A6701C-LeaderElection16] INFO  grpc.GrpcConfigKeys$Server (ConfUtils.java:logGet(43)) - raft.grpc.server.leader.outstanding.appends.max = 128 (default)
2019-10-02 11:22:09,338 [255f5341-67af-48a5-9f0a-34079e58e4b3@group-B42E39A6701C-LeaderElection16] INFO  server.RaftServerConfigKeys (ConfUtils.java:logGet(43)) - raft.server.rpc.request.timeout = 3000ms (default)
2019-10-02 11:22:09,338 [255f5341-67af-48a5-9f0a-34079e58e4b3@group-B42E39A6701C-LeaderElection16] INFO  server.RaftServerConfigKeys (ConfUtils.java:logGet(43)) - raft.server.log.appender.install.snapshot.enabled = false (custom)
2019-10-02 11:22:09,338 [255f5341-67af-48a5-9f0a-34079e58e4b3@group-B42E39A6701C-LeaderElection16] INFO  impl.RoleInfo (RoleInfo.java:updateAndGet(143)) - 255f5341-67af-48a5-9f0a-34079e58e4b3: start LeaderState
2019-10-02 11:22:09,338 [255f5341-67af-48a5-9f0a-34079e58e4b3@group-B42E39A6701C-LeaderElection16] INFO  segmented.SegmentedRaftLogWorker (SegmentedRaftLogWorker.java:startLogSegment(385)) - 255f5341-67af-48a5-9f0a-34079e58e4b3@group-B42E39A6701C-SegmentedRaftLogWorker: Starting segment from index:0
2019-10-02 11:22:09,339 [grpc-default-executor-16] INFO  server.GrpcServerProtocolService (GrpcServerProtocolService.java:onCompleted(113)) - 255f5341-67af-48a5-9f0a-34079e58e4b3: Completed APPEND_ENTRIES, lastRequest: 99afa1ab-f70e-454d-b97f-b50504ecadc2->255f5341-67af-48a5-9f0a-34079e58e4b3#0-t2, previous=(t:0, i:0), leaderCommit=-1, initializing? false, entries: <empty>
2019-10-02 11:22:09,339 [grpc-default-executor-4] INFO  server.GrpcServerProtocolService (GrpcServerProtocolService.java:onCompleted(113)) - 5a152cad-2f68-44e1-8661-622a6e2403aa: Completed APPEND_ENTRIES, lastRequest: 99afa1ab-f70e-454d-b97f-b50504ecadc2->5a152cad-2f68-44e1-8661-622a6e2403aa#0-t2, previous=(t:0, i:0), leaderCommit=-1, initializing? false, entries: <empty>
2019-10-02 11:22:09,341 [255f5341-67af-48a5-9f0a-34079e58e4b3@group-B42E39A6701C-LeaderElection16] INFO  impl.RaftServerImpl (ServerState.java:setRaftConf(356)) - 255f5341-67af-48a5-9f0a-34079e58e4b3@group-B42E39A6701C: set configuration 0: [255f5341-67af-48a5-9f0a-34079e58e4b3:192.168.151.122:40199, 5a152cad-2f68-44e1-8661-622a6e2403aa:192.168.151.122:41282, 99afa1ab-f70e-454d-b97f-b50504ecadc2:192.168.151.122:41178], old=null at 0
2019-10-02 11:22:09,375 [grpc-default-executor-0] INFO  server.GrpcLogAppender (GrpcLogAppender.java:onCompleted(293)) - 99afa1ab-f70e-454d-b97f-b50504ecadc2@group-33DDF701D157->255f5341-67af-48a5-9f0a-34079e58e4b3-AppendLogResponseHandler: follower responses appendEntries COMPLETED
2019-10-02 11:22:09,375 [grpc-default-executor-6] INFO  server.GrpcLogAppender (GrpcLogAppender.java:onCompleted(293)) - 99afa1ab-f70e-454d-b97f-b50504ecadc2@group-33DDF701D157->5a152cad-2f68-44e1-8661-622a6e2403aa-AppendLogResponseHandler: follower responses appendEntries COMPLETED
2019-10-02 11:22:09,382 [grpc-default-executor-8] INFO  impl.RaftServerImpl (ServerState.java:setLeader(255)) - 99afa1ab-f70e-454d-b97f-b50504ecadc2@group-B42E39A6701C: change Leader from null to 255f5341-67af-48a5-9f0a-34079e58e4b3 at term 2 for appendEntries, leader elected after 3292ms
2019-10-02 11:22:09,382 [grpc-default-executor-4] INFO  impl.RaftServerImpl (ServerState.java:setLeader(255)) - 5a152cad-2f68-44e1-8661-622a6e2403aa@group-B42E39A6701C: change Leader from null to 255f5341-67af-48a5-9f0a-34079e58e4b3 at term 2 for appendEntries, leader elected after 3291ms
2019-10-02 11:22:09,382 [grpc-default-executor-0] INFO  impl.FollowerInfo (FollowerInfo.java:lambda$new$0(51)) - 99afa1ab-f70e-454d-b97f-b50504ecadc2@group-33DDF701D157->255f5341-67af-48a5-9f0a-34079e58e4b3: nextIndex: updateUnconditionally 0 -> 0
2019-10-02 11:22:09,384 [grpc-default-executor-6] INFO  impl.FollowerInfo (FollowerInfo.java:lambda$new$0(51)) - 99afa1ab-f70e-454d-b97f-b50504ecadc2@group-33DDF701D157->5a152cad-2f68-44e1-8661-622a6e2403aa: nextIndex: updateUnconditionally 0 -> 0
2019-10-02 11:22:09,387 [255f5341-67af-48a5-9f0a-34079e58e4b3@group-B42E39A6701C-SegmentedRaftLogWorker] INFO  segmented.SegmentedRaftLogWorker (SegmentedRaftLogWorker.java:execute(574)) - 255f5341-67af-48a5-9f0a-34079e58e4b3@group-B42E39A6701C-SegmentedRaftLogWorker: created new log segment /workdir/hadoop-ozone/integration-test/target/test-dir/MiniOzoneClusterImpl-544d5193-f7b3-4e33-ac9d-9d27303d2a96/datanode-1/data/ratis/3d6876c1-a150-4168-8e0e-b42e39a6701c/current/log_inprogress_0
2019-10-02 11:22:09,396 [grpc-default-executor-1] INFO  impl.RaftServerImpl (ServerState.java:setRaftConf(356)) - 5a152cad-2f68-44e1-8661-622a6e2403aa@group-B42E39A6701C: set configuration 0: [255f5341-67af-48a5-9f0a-34079e58e4b3:192.168.151.122:40199, 5a152cad-2f68-44e1-8661-622a6e2403aa:192.168.151.122:41282, 99afa1ab-f70e-454d-b97f-b50504ecadc2:192.168.151.122:41178], old=null at 0
2019-10-02 11:22:09,396 [grpc-default-executor-8] INFO  impl.RaftServerImpl (ServerState.java:setRaftConf(356)) - 99afa1ab-f70e-454d-b97f-b50504ecadc2@group-CFA5962B69F1: set configuration 0: [255f5341-67af-48a5-9f0a-34079e58e4b3:192.168.151.122:40199, 5a152cad-2f68-44e1-8661-622a6e2403aa:192.168.151.122:41282, 99afa1ab-f70e-454d-b97f-b50504ecadc2:192.168.151.122:41178], old=null at 0
2019-10-02 11:22:09,396 [grpc-default-executor-6] INFO  impl.RaftServerImpl (ServerState.java:setRaftConf(356)) - 255f5341-67af-48a5-9f0a-34079e58e4b3@group-CFA5962B69F1: set configuration 0: [255f5341-67af-48a5-9f0a-34079e58e4b3:192.168.151.122:40199, 5a152cad-2f68-44e1-8661-622a6e2403aa:192.168.151.122:41282, 99afa1ab-f70e-454d-b97f-b50504ecadc2:192.168.151.122:41178], old=null at 0
2019-10-02 11:22:09,396 [grpc-default-executor-4] INFO  impl.RaftServerImpl (ServerState.java:setRaftConf(356)) - 99afa1ab-f70e-454d-b97f-b50504ecadc2@group-B42E39A6701C: set configuration 0: [255f5341-67af-48a5-9f0a-34079e58e4b3:192.168.151.122:40199, 5a152cad-2f68-44e1-8661-622a6e2403aa:192.168.151.122:41282, 99afa1ab-f70e-454d-b97f-b50504ecadc2:192.168.151.122:41178], old=null at 0
2019-10-02 11:22:09,396 [grpc-default-executor-6] INFO  segmented.SegmentedRaftLogWorker (SegmentedRaftLogWorker.java:startLogSegment(385)) - 255f5341-67af-48a5-9f0a-34079e58e4b3@group-CFA5962B69F1-SegmentedRaftLogWorker: Starting segment from index:0
2019-10-02 11:22:09,396 [grpc-default-executor-8] INFO  segmented.SegmentedRaftLogWorker (SegmentedRaftLogWorker.java:startLogSegment(385)) - 99afa1ab-f70e-454d-b97f-b50504ecadc2@group-CFA5962B69F1-SegmentedRaftLogWorker: Starting segment from index:0
2019-10-02 11:22:09,396 [grpc-default-executor-1] INFO  segmented.SegmentedRaftLogWorker (SegmentedRaftLogWorker.java:startLogSegment(385)) - 5a152cad-2f68-44e1-8661-622a6e2403aa@group-B42E39A6701C-SegmentedRaftLogWorker: Starting segment from index:0
2019-10-02 11:22:09,396 [grpc-default-executor-4] INFO  segmented.SegmentedRaftLogWorker (SegmentedRaftLogWorker.java:startLogSegment(385)) - 99afa1ab-f70e-454d-b97f-b50504ecadc2@group-B42E39A6701C-SegmentedRaftLogWorker: Starting segment from index:0
2019-10-02 11:22:09,435 [5a152cad-2f68-44e1-8661-622a6e2403aa@group-B42E39A6701C-SegmentedRaftLogWorker] INFO  segmented.SegmentedRaftLogWorker (SegmentedRaftLogWorker.java:execute(574)) - 5a152cad-2f68-44e1-8661-622a6e2403aa@group-B42E39A6701C-SegmentedRaftLogWorker: created new log segment /workdir/hadoop-ozone/integration-test/target/test-dir/MiniOzoneClusterImpl-544d5193-f7b3-4e33-ac9d-9d27303d2a96/datanode-7/data/ratis/3d6876c1-a150-4168-8e0e-b42e39a6701c/current/log_inprogress_0
2019-10-02 11:22:09,435 [255f5341-67af-48a5-9f0a-34079e58e4b3@group-CFA5962B69F1-SegmentedRaftLogWorker] INFO  segmented.SegmentedRaftLogWorker (SegmentedRaftLogWorker.java:execute(574)) - 255f5341-67af-48a5-9f0a-34079e58e4b3@group-CFA5962B69F1-SegmentedRaftLogWorker: created new log segment /workdir/hadoop-ozone/integration-test/target/test-dir/MiniOzoneClusterImpl-544d5193-f7b3-4e33-ac9d-9d27303d2a96/datanode-1/data/ratis/0065cf22-2ee5-4bd9-9dc4-cfa5962b69f1/current/log_inprogress_0
2019-10-02 11:22:09,435 [99afa1ab-f70e-454d-b97f-b50504ecadc2@group-CFA5962B69F1-SegmentedRaftLogWorker] INFO  segmented.SegmentedRaftLogWorker (SegmentedRaftLogWorker.java:execute(574)) - 99afa1ab-f70e-454d-b97f-b50504ecadc2@group-CFA5962B69F1-SegmentedRaftLogWorker: created new log segment /workdir/hadoop-ozone/integration-test/target/test-dir/MiniOzoneClusterImpl-544d5193-f7b3-4e33-ac9d-9d27303d2a96/datanode-3/data/ratis/0065cf22-2ee5-4bd9-9dc4-cfa5962b69f1/current/log_inprogress_0
2019-10-02 11:22:09,435 [99afa1ab-f70e-454d-b97f-b50504ecadc2@group-B42E39A6701C-SegmentedRaftLogWorker] INFO  segmented.SegmentedRaftLogWorker (SegmentedRaftLogWorker.java:execute(574)) - 99afa1ab-f70e-454d-b97f-b50504ecadc2@group-B42E39A6701C-SegmentedRaftLogWorker: created new log segment /workdir/hadoop-ozone/integration-test/target/test-dir/MiniOzoneClusterImpl-544d5193-f7b3-4e33-ac9d-9d27303d2a96/datanode-3/data/ratis/3d6876c1-a150-4168-8e0e-b42e39a6701c/current/log_inprogress_0
2019-10-02 11:22:10,201 [Thread-383] INFO  impl.FollowerState (FollowerState.java:run(108)) - 255f5341-67af-48a5-9f0a-34079e58e4b3@group-33DDF701D157-FollowerState: change to CANDIDATE, lastRpcTime:1017ms, electionTimeout:1015ms
2019-10-02 11:22:10,201 [Thread-383] INFO  impl.RoleInfo (RoleInfo.java:shutdownFollowerState(121)) - 255f5341-67af-48a5-9f0a-34079e58e4b3: shutdown FollowerState
2019-10-02 11:22:10,201 [Thread-383] INFO  impl.RaftServerImpl (RaftServerImpl.java:setRole(170)) - 255f5341-67af-48a5-9f0a-34079e58e4b3@group-33DDF701D157: changes role from  FOLLOWER to CANDIDATE at term 3 for changeToCandidate
2019-10-02 11:22:10,201 [Thread-383] INFO  impl.RoleInfo (RoleInfo.java:updateAndGet(143)) - 255f5341-67af-48a5-9f0a-34079e58e4b3: start LeaderElection
2019-10-02 11:22:10,217 [255f5341-67af-48a5-9f0a-34079e58e4b3@group-33DDF701D157-LeaderElection17] INFO  impl.LeaderElection (LeaderElection.java:askForVotes(178)) - 255f5341-67af-48a5-9f0a-34079e58e4b3@group-33DDF701D157-LeaderElection17: begin an election at term 4 for -1: [255f5341-67af-48a5-9f0a-34079e58e4b3:192.168.151.122:40199, 5a152cad-2f68-44e1-8661-622a6e2403aa:192.168.151.122:41282, 99afa1ab-f70e-454d-b97f-b50504ecadc2:192.168.151.122:41178], old=null
2019-10-02 11:22:10,221 [grpc-default-executor-1] INFO  impl.RaftServerImpl (RaftServerImpl.java:setRole(170)) - 99afa1ab-f70e-454d-b97f-b50504ecadc2@group-33DDF701D157: changes role from  FOLLOWER to FOLLOWER at term 4 for recognizeCandidate:255f5341-67af-48a5-9f0a-34079e58e4b3
2019-10-02 11:22:10,221 [grpc-default-executor-8] INFO  impl.RaftServerImpl (RaftServerImpl.java:setRole(170)) - 5a152cad-2f68-44e1-8661-622a6e2403aa@group-33DDF701D157: changes role from  FOLLOWER to FOLLOWER at term 4 for recognizeCandidate:255f5341-67af-48a5-9f0a-34079e58e4b3
2019-10-02 11:22:10,221 [grpc-default-executor-1] INFO  impl.RoleInfo (RoleInfo.java:shutdownFollowerState(121)) - 99afa1ab-f70e-454d-b97f-b50504ecadc2: shutdown FollowerState
2019-10-02 11:22:10,221 [grpc-default-executor-8] INFO  impl.RoleInfo (RoleInfo.java:shutdownFollowerState(121)) - 5a152cad-2f68-44e1-8661-622a6e2403aa: shutdown FollowerState
2019-10-02 11:22:10,221 [Thread-402] INFO  impl.FollowerState (FollowerState.java:run(117)) - 99afa1ab-f70e-454d-b97f-b50504ecadc2@group-33DDF701D157-FollowerState was interrupted: java.lang.InterruptedException: sleep interrupted
2019-10-02 11:22:10,221 [grpc-default-executor-1] INFO  impl.RoleInfo (RoleInfo.java:updateAndGet(143)) - 99afa1ab-f70e-454d-b97f-b50504ecadc2: start FollowerState
2019-10-02 11:22:10,221 [Thread-394] INFO  impl.FollowerState (FollowerState.java:run(117)) - 5a152cad-2f68-44e1-8661-622a6e2403aa@group-33DDF701D157-FollowerState was interrupted: java.lang.InterruptedException: sleep interrupted
2019-10-02 11:22:10,221 [grpc-default-executor-8] INFO  impl.RoleInfo (RoleInfo.java:updateAndGet(143)) - 5a152cad-2f68-44e1-8661-622a6e2403aa: start FollowerState
2019-10-02 11:22:10,243 [255f5341-67af-48a5-9f0a-34079e58e4b3@group-33DDF701D157-LeaderElection17] INFO  impl.LeaderElection (LeaderElection.java:logAndReturn(56)) - 255f5341-67af-48a5-9f0a-34079e58e4b3@group-33DDF701D157-LeaderElection17: Election PASSED; received 1 response(s) [255f5341-67af-48a5-9f0a-34079e58e4b3<-5a152cad-2f68-44e1-8661-622a6e2403aa#0:OK-t4] and 0 exception(s); 255f5341-67af-48a5-9f0a-34079e58e4b3@group-33DDF701D157:t4, leader=null, voted=255f5341-67af-48a5-9f0a-34079e58e4b3, raftlog=255f5341-67af-48a5-9f0a-34079e58e4b3@group-33DDF701D157-SegmentedRaftLog:OPENED:c-1,f-1,i0, conf=-1: [255f5341-67af-48a5-9f0a-34079e58e4b3:192.168.151.122:40199, 5a152cad-2f68-44e1-8661-622a6e2403aa:192.168.151.122:41282, 99afa1ab-f70e-454d-b97f-b50504ecadc2:192.168.151.122:41178], old=null
2019-10-02 11:22:10,243 [255f5341-67af-48a5-9f0a-34079e58e4b3@group-33DDF701D157-LeaderElection17] INFO  impl.RoleInfo (RoleInfo.java:shutdownLeaderElection(134)) - 255f5341-67af-48a5-9f0a-34079e58e4b3: shutdown LeaderElection
2019-10-02 11:22:10,252 [255f5341-67af-48a5-9f0a-34079e58e4b3@group-33DDF701D157-LeaderElection17] INFO  impl.RaftServerImpl (RaftServerImpl.java:setRole(170)) - 255f5341-67af-48a5-9f0a-34079e58e4b3@group-33DDF701D157: changes role from CANDIDATE to LEADER at term 4 for changeToLeader
2019-10-02 11:22:10,253 [255f5341-67af-48a5-9f0a-34079e58e4b3@group-33DDF701D157-LeaderElection17] INFO  impl.RaftServerImpl (ServerState.java:setLeader(255)) - 255f5341-67af-48a5-9f0a-34079e58e4b3@group-33DDF701D157: change Leader from null to 255f5341-67af-48a5-9f0a-34079e58e4b3 at term 4 for becomeLeader, leader elected after 3554ms
2019-10-02 11:22:10,253 [255f5341-67af-48a5-9f0a-34079e58e4b3@group-33DDF701D157-LeaderElection17] INFO  server.RaftServerConfigKeys (ConfUtils.java:logGet(43)) - raft.server.staging.catchup.gap = 1000 (default)
2019-10-02 11:22:10,253 [255f5341-67af-48a5-9f0a-34079e58e4b3@group-33DDF701D157-LeaderElection17] INFO  server.RaftServerConfigKeys (ConfUtils.java:logGet(43)) - raft.server.rpc.sleep.time = 25ms (default)
2019-10-02 11:22:10,253 [255f5341-67af-48a5-9f0a-34079e58e4b3@group-33DDF701D157-LeaderElection17] INFO  server.RaftServerConfigKeys (ConfUtils.java:logGet(43)) - raft.server.write.element-limit = 4096 (default)
2019-10-02 11:22:10,253 [255f5341-67af-48a5-9f0a-34079e58e4b3@group-33DDF701D157-LeaderElection17] INFO  server.RaftServerConfigKeys (ConfUtils.java:logGet(43)) - raft.server.watch.timeout = 10s (default)
2019-10-02 11:22:10,253 [255f5341-67af-48a5-9f0a-34079e58e4b3@group-33DDF701D157-LeaderElection17] INFO  server.RaftServerConfigKeys (ConfUtils.java:logGet(43)) - raft.server.watch.timeout.denomination = 1s (default)
2019-10-02 11:22:10,254 [255f5341-67af-48a5-9f0a-34079e58e4b3@group-33DDF701D157-LeaderElection17] INFO  server.RaftServerConfigKeys (ConfUtils.java:logGet(43)) - raft.server.watch.element-limit = 65536 (default)
2019-10-02 11:22:10,256 [255f5341-67af-48a5-9f0a-34079e58e4b3@group-33DDF701D157-LeaderElection17] INFO  server.RaftServerConfigKeys (ConfUtils.java:logGet(43)) - raft.server.log.appender.snapshot.chunk.size.max = 16MB (=16777216) (default)
2019-10-02 11:22:10,257 [255f5341-67af-48a5-9f0a-34079e58e4b3@group-33DDF701D157-LeaderElection17] INFO  server.RaftServerConfigKeys (ConfUtils.java:logGet(43)) - raft.server.log.appender.buffer.byte-limit = 33554432 (custom)
2019-10-02 11:22:10,257 [255f5341-67af-48a5-9f0a-34079e58e4b3@group-33DDF701D157-LeaderElection17] INFO  server.RaftServerConfigKeys (ConfUtils.java:logGet(43)) - raft.server.log.appender.buffer.element-limit = 1 (custom)
2019-10-02 11:22:10,257 [255f5341-67af-48a5-9f0a-34079e58e4b3@group-33DDF701D157-LeaderElection17] INFO  grpc.GrpcConfigKeys$Server (ConfUtils.java:logGet(43)) - raft.grpc.server.leader.outstanding.appends.max = 128 (default)
2019-10-02 11:22:10,257 [255f5341-67af-48a5-9f0a-34079e58e4b3@group-33DDF701D157-LeaderElection17] INFO  server.RaftServerConfigKeys (ConfUtils.java:logGet(43)) - raft.server.rpc.request.timeout = 3000ms (default)
2019-10-02 11:22:10,257 [255f5341-67af-48a5-9f0a-34079e58e4b3@group-33DDF701D157-LeaderElection17] INFO  server.RaftServerConfigKeys (ConfUtils.java:logGet(43)) - raft.server.log.appender.install.snapshot.enabled = false (custom)
2019-10-02 11:22:10,258 [255f5341-67af-48a5-9f0a-34079e58e4b3@group-33DDF701D157-LeaderElection17] INFO  server.RaftServerConfigKeys (ConfUtils.java:logGet(43)) - raft.server.log.appender.snapshot.chunk.size.max = 16MB (=16777216) (default)
2019-10-02 11:22:10,258 [255f5341-67af-48a5-9f0a-34079e58e4b3@group-33DDF701D157-LeaderElection17] INFO  server.RaftServerConfigKeys (ConfUtils.java:logGet(43)) - raft.server.log.appender.buffer.byte-limit = 33554432 (custom)
2019-10-02 11:22:10,258 [255f5341-67af-48a5-9f0a-34079e58e4b3@group-33DDF701D157-LeaderElection17] INFO  server.RaftServerConfigKeys (ConfUtils.java:logGet(43)) - raft.server.log.appender.buffer.element-limit = 1 (custom)
2019-10-02 11:22:10,258 [255f5341-67af-48a5-9f0a-34079e58e4b3@group-33DDF701D157-LeaderElection17] INFO  grpc.GrpcConfigKeys$Server (ConfUtils.java:logGet(43)) - raft.grpc.server.leader.outstanding.appends.max = 128 (default)
2019-10-02 11:22:10,258 [255f5341-67af-48a5-9f0a-34079e58e4b3@group-33DDF701D157-LeaderElection17] INFO  server.RaftServerConfigKeys (ConfUtils.java:logGet(43)) - raft.server.rpc.request.timeout = 3000ms (default)
2019-10-02 11:22:10,258 [255f5341-67af-48a5-9f0a-34079e58e4b3@group-33DDF701D157-LeaderElection17] INFO  server.RaftServerConfigKeys (ConfUtils.java:logGet(43)) - raft.server.log.appender.install.snapshot.enabled = false (custom)
2019-10-02 11:22:10,259 [255f5341-67af-48a5-9f0a-34079e58e4b3@group-33DDF701D157-LeaderElection17] INFO  impl.RoleInfo (RoleInfo.java:updateAndGet(143)) - 255f5341-67af-48a5-9f0a-34079e58e4b3: start LeaderState
2019-10-02 11:22:10,259 [255f5341-67af-48a5-9f0a-34079e58e4b3@group-33DDF701D157-LeaderElection17] INFO  segmented.SegmentedRaftLogWorker (SegmentedRaftLogWorker.java:startLogSegment(385)) - 255f5341-67af-48a5-9f0a-34079e58e4b3@group-33DDF701D157-SegmentedRaftLogWorker: Starting segment from index:0
2019-10-02 11:22:10,260 [255f5341-67af-48a5-9f0a-34079e58e4b3@group-33DDF701D157-LeaderElection17] INFO  impl.RaftServerImpl (ServerState.java:setRaftConf(356)) - 255f5341-67af-48a5-9f0a-34079e58e4b3@group-33DDF701D157: set configuration 0: [255f5341-67af-48a5-9f0a-34079e58e4b3:192.168.151.122:40199, 5a152cad-2f68-44e1-8661-622a6e2403aa:192.168.151.122:41282, 99afa1ab-f70e-454d-b97f-b50504ecadc2:192.168.151.122:41178], old=null at 0
2019-10-02 11:22:10,262 [grpc-default-executor-8] INFO  impl.RaftServerImpl (ServerState.java:setLeader(255)) - 5a152cad-2f68-44e1-8661-622a6e2403aa@group-33DDF701D157: change Leader from null to 255f5341-67af-48a5-9f0a-34079e58e4b3 at term 4 for appendEntries, leader elected after 3614ms
2019-10-02 11:22:10,286 [grpc-default-executor-1] INFO  impl.RaftServerImpl (ServerState.java:setLeader(255)) - 99afa1ab-f70e-454d-b97f-b50504ecadc2@group-33DDF701D157: change Leader from null to 255f5341-67af-48a5-9f0a-34079e58e4b3 at term 4 for appendEntries, leader elected after 979ms
2019-10-02 11:22:10,291 [grpc-default-executor-1] INFO  impl.RaftServerImpl (ServerState.java:setRaftConf(356)) - 5a152cad-2f68-44e1-8661-622a6e2403aa@group-33DDF701D157: set configuration 0: [255f5341-67af-48a5-9f0a-34079e58e4b3:192.168.151.122:40199, 5a152cad-2f68-44e1-8661-622a6e2403aa:192.168.151.122:41282, 99afa1ab-f70e-454d-b97f-b50504ecadc2:192.168.151.122:41178], old=null at 0
2019-10-02 11:22:10,291 [grpc-default-executor-8] INFO  impl.RaftServerImpl (ServerState.java:setRaftConf(356)) - 99afa1ab-f70e-454d-b97f-b50504ecadc2@group-33DDF701D157: set configuration 0: [255f5341-67af-48a5-9f0a-34079e58e4b3:192.168.151.122:40199, 5a152cad-2f68-44e1-8661-622a6e2403aa:192.168.151.122:41282, 99afa1ab-f70e-454d-b97f-b50504ecadc2:192.168.151.122:41178], old=null at 0
2019-10-02 11:22:10,291 [grpc-default-executor-1] INFO  segmented.SegmentedRaftLogWorker (SegmentedRaftLogWorker.java:startLogSegment(385)) - 5a152cad-2f68-44e1-8661-622a6e2403aa@group-33DDF701D157-SegmentedRaftLogWorker: Starting segment from index:0
2019-10-02 11:22:10,294 [grpc-default-executor-8] INFO  segmented.SegmentedRaftLogWorker (SegmentedRaftLogWorker.java:truncate(401)) - 99afa1ab-f70e-454d-b97f-b50504ecadc2@group-33DDF701D157-SegmentedRaftLogWorker: Truncating segments toTruncate: null
  toDelete: [(0, 0) isOpen? true, length=0, newEndIndex=-1], start index 0
2019-10-02 11:22:10,294 [grpc-default-executor-8] INFO  segmented.SegmentedRaftLogWorker (SegmentedRaftLogWorker.java:startLogSegment(385)) - 99afa1ab-f70e-454d-b97f-b50504ecadc2@group-33DDF701D157-SegmentedRaftLogWorker: Starting segment from index:0
2019-10-02 11:22:10,295 [99afa1ab-f70e-454d-b97f-b50504ecadc2@group-33DDF701D157-SegmentedRaftLogWorker] INFO  segmented.SegmentedRaftLogWorker (SegmentedRaftLogWorker.java:execute(638)) - 99afa1ab-f70e-454d-b97f-b50504ecadc2@group-33DDF701D157-SegmentedRaftLogWorker: Deleted log file /workdir/hadoop-ozone/integration-test/target/test-dir/MiniOzoneClusterImpl-544d5193-f7b3-4e33-ac9d-9d27303d2a96/datanode-3/data/ratis/24c0406e-22e1-403f-b1f7-33ddf701d157/current/log_inprogress_0
2019-10-02 11:22:10,296 [99afa1ab-f70e-454d-b97f-b50504ecadc2@group-33DDF701D157-SegmentedRaftLogWorker] INFO  segmented.SegmentedRaftLogWorker (SegmentedRaftLogWorker.java:lambda$new$0(128)) - 99afa1ab-f70e-454d-b97f-b50504ecadc2@group-33DDF701D157-SegmentedRaftLogWorker: flushIndex: setUnconditionally 0 -> -1
2019-10-02 11:22:10,299 [255f5341-67af-48a5-9f0a-34079e58e4b3@group-33DDF701D157-SegmentedRaftLogWorker] INFO  segmented.SegmentedRaftLogWorker (SegmentedRaftLogWorker.java:execute(574)) - 255f5341-67af-48a5-9f0a-34079e58e4b3@group-33DDF701D157-SegmentedRaftLogWorker: created new log segment /workdir/hadoop-ozone/integration-test/target/test-dir/MiniOzoneClusterImpl-544d5193-f7b3-4e33-ac9d-9d27303d2a96/datanode-1/data/ratis/24c0406e-22e1-403f-b1f7-33ddf701d157/current/log_inprogress_0
2019-10-02 11:22:10,328 [99afa1ab-f70e-454d-b97f-b50504ecadc2@group-33DDF701D157-SegmentedRaftLogWorker] INFO  segmented.SegmentedRaftLogWorker (SegmentedRaftLogWorker.java:execute(574)) - 99afa1ab-f70e-454d-b97f-b50504ecadc2@group-33DDF701D157-SegmentedRaftLogWorker: created new log segment /workdir/hadoop-ozone/integration-test/target/test-dir/MiniOzoneClusterImpl-544d5193-f7b3-4e33-ac9d-9d27303d2a96/datanode-3/data/ratis/24c0406e-22e1-403f-b1f7-33ddf701d157/current/log_inprogress_0
2019-10-02 11:22:10,342 [5a152cad-2f68-44e1-8661-622a6e2403aa@group-33DDF701D157-SegmentedRaftLogWorker] INFO  segmented.SegmentedRaftLogWorker (SegmentedRaftLogWorker.java:execute(574)) - 5a152cad-2f68-44e1-8661-622a6e2403aa@group-33DDF701D157-SegmentedRaftLogWorker: created new log segment /workdir/hadoop-ozone/integration-test/target/test-dir/MiniOzoneClusterImpl-544d5193-f7b3-4e33-ac9d-9d27303d2a96/datanode-7/data/ratis/24c0406e-22e1-403f-b1f7-33ddf701d157/current/log_inprogress_0
2019-10-02 11:22:11,738 [Datanode State Machine Thread - 0] INFO  statemachine.DatanodeStateMachine (DatanodeStateMachine.java:lambda$startDaemon$0(350)) - Ozone container server started.
2019-10-02 11:22:16,024 [main] INFO  ozoneimpl.OzoneContainer (OzoneContainer.java:stop(231)) - Attempting to stop container services.
2019-10-02 11:22:16,025 [main] INFO  impl.RaftServerProxy (RaftServerProxy.java:lambda$close$4(314)) - 255f5341-67af-48a5-9f0a-34079e58e4b3: close
2019-10-02 11:22:16,026 [main] INFO  impl.RaftServerImpl (RaftServerImpl.java:lambda$shutdown$3(247)) - 255f5341-67af-48a5-9f0a-34079e58e4b3@group-CFA5962B69F1: shutdown
2019-10-02 11:22:16,026 [ForkJoinPool.commonPool-worker-0] INFO  impl.RaftServerImpl (RaftServerImpl.java:lambda$shutdown$3(247)) - 255f5341-67af-48a5-9f0a-34079e58e4b3@group-B42E39A6701C: shutdown
2019-10-02 11:22:16,027 [main] INFO  util.JmxRegister (JmxRegister.java:unregister(73)) - Successfully un-registered JMX Bean with object name Ratis:service=RaftServer,group=group-CFA5962B69F1,id=255f5341-67af-48a5-9f0a-34079e58e4b3
2019-10-02 11:22:16,027 [ForkJoinPool.commonPool-worker-0] INFO  util.JmxRegister (JmxRegister.java:unregister(73)) - Successfully un-registered JMX Bean with object name Ratis:service=RaftServer,group=group-B42E39A6701C,id=255f5341-67af-48a5-9f0a-34079e58e4b3
2019-10-02 11:22:16,027 [main] INFO  impl.RoleInfo (RoleInfo.java:shutdownFollowerState(121)) - 255f5341-67af-48a5-9f0a-34079e58e4b3: shutdown FollowerState
2019-10-02 11:22:16,027 [ForkJoinPool.commonPool-worker-0] INFO  impl.RoleInfo (RoleInfo.java:shutdownLeaderState(104)) - 255f5341-67af-48a5-9f0a-34079e58e4b3: shutdown LeaderState
2019-10-02 11:22:16,028 [main] INFO  impl.StateMachineUpdater (StateMachineUpdater.java:stopAndJoin(136)) - 255f5341-67af-48a5-9f0a-34079e58e4b3@group-CFA5962B69F1-StateMachineUpdater: set stopIndex = 0
2019-10-02 11:22:16,032 [org.apache.ratis.server.impl.LogAppender$AppenderDaemon$$Lambda$697/298400853@f3e35bc] WARN  server.GrpcLogAppender (GrpcLogAppender.java:mayWait(143)) - 255f5341-67af-48a5-9f0a-34079e58e4b3@group-B42E39A6701C->99afa1ab-f70e-454d-b97f-b50504ecadc2-GrpcLogAppender: Wait interrupted by java.lang.InterruptedException
2019-10-02 11:22:16,032 [Thread-372] INFO  impl.FollowerState (FollowerState.java:run(117)) - 255f5341-67af-48a5-9f0a-34079e58e4b3@group-CFA5962B69F1-FollowerState was interrupted: java.lang.InterruptedException: sleep interrupted
2019-10-02 11:22:16,032 [org.apache.ratis.server.impl.LogAppender$AppenderDaemon$$Lambda$697/298400853@b62f4d8] WARN  server.GrpcLogAppender (GrpcLogAppender.java:mayWait(143)) - 255f5341-67af-48a5-9f0a-34079e58e4b3@group-B42E39A6701C->5a152cad-2f68-44e1-8661-622a6e2403aa-GrpcLogAppender: Wait interrupted by java.lang.InterruptedException
2019-10-02 11:22:16,030 [ForkJoinPool.commonPool-worker-0] INFO  impl.PendingRequests (PendingRequests.java:sendNotLeaderResponses(202)) - 255f5341-67af-48a5-9f0a-34079e58e4b3@group-B42E39A6701C-PendingRequests: sendNotLeaderResponses
2019-10-02 11:22:16,032 [main] INFO  impl.RaftServerImpl (ServerState.java:close(387)) - 255f5341-67af-48a5-9f0a-34079e58e4b3@group-CFA5962B69F1: closes. applyIndex: 0
2019-10-02 11:22:16,035 [grpc-default-executor-6] INFO  server.GrpcServerProtocolService (GrpcServerProtocolService.java:onCompleted(113)) - 5a152cad-2f68-44e1-8661-622a6e2403aa: Completed APPEND_ENTRIES, lastRequest: 255f5341-67af-48a5-9f0a-34079e58e4b3->5a152cad-2f68-44e1-8661-622a6e2403aa#14-t2, previous=(t:2, i:0), leaderCommit=0, initializing? false, entries: <empty>
2019-10-02 11:22:16,033 [ForkJoinPool.commonPool-worker-0] INFO  impl.StateMachineUpdater (StateMachineUpdater.java:stopAndJoin(136)) - 255f5341-67af-48a5-9f0a-34079e58e4b3@group-B42E39A6701C-StateMachineUpdater: set stopIndex = 0
2019-10-02 11:22:16,033 [grpc-default-executor-8] INFO  server.GrpcServerProtocolService (GrpcServerProtocolService.java:onCompleted(113)) - 99afa1ab-f70e-454d-b97f-b50504ecadc2: Completed APPEND_ENTRIES, lastRequest: 255f5341-67af-48a5-9f0a-34079e58e4b3->99afa1ab-f70e-454d-b97f-b50504ecadc2#14-t2, previous=(t:2, i:0), leaderCommit=0, initializing? false, entries: <empty>
2019-10-02 11:22:16,035 [ForkJoinPool.commonPool-worker-0] INFO  impl.RaftServerImpl (ServerState.java:close(387)) - 255f5341-67af-48a5-9f0a-34079e58e4b3@group-B42E39A6701C: closes. applyIndex: 0
2019-10-02 11:22:16,036 [grpc-default-executor-8] INFO  server.GrpcLogAppender (GrpcLogAppender.java:onCompleted(293)) - 255f5341-67af-48a5-9f0a-34079e58e4b3@group-B42E39A6701C->5a152cad-2f68-44e1-8661-622a6e2403aa-AppendLogResponseHandler: follower responses appendEntries COMPLETED
2019-10-02 11:22:16,036 [255f5341-67af-48a5-9f0a-34079e58e4b3@group-B42E39A6701C-SegmentedRaftLogWorker] INFO  segmented.SegmentedRaftLogWorker (SegmentedRaftLogWorker.java:run(316)) - 255f5341-67af-48a5-9f0a-34079e58e4b3@group-B42E39A6701C-SegmentedRaftLogWorker was interrupted, exiting. There are 0 tasks remaining in the queue.
2019-10-02 11:22:16,036 [255f5341-67af-48a5-9f0a-34079e58e4b3@group-CFA5962B69F1-SegmentedRaftLogWorker] INFO  segmented.SegmentedRaftLogWorker (SegmentedRaftLogWorker.java:run(316)) - 255f5341-67af-48a5-9f0a-34079e58e4b3@group-CFA5962B69F1-SegmentedRaftLogWorker was interrupted, exiting. There are 0 tasks remaining in the queue.
2019-10-02 11:22:16,036 [grpc-default-executor-6] INFO  server.GrpcLogAppender (GrpcLogAppender.java:onCompleted(293)) - 255f5341-67af-48a5-9f0a-34079e58e4b3@group-B42E39A6701C->99afa1ab-f70e-454d-b97f-b50504ecadc2-AppendLogResponseHandler: follower responses appendEntries COMPLETED
2019-10-02 11:22:16,039 [main] INFO  segmented.SegmentedRaftLogWorker (SegmentedRaftLogWorker.java:close(224)) - 255f5341-67af-48a5-9f0a-34079e58e4b3@group-CFA5962B69F1-SegmentedRaftLogWorker close()
2019-10-02 11:22:16,038 [ForkJoinPool.commonPool-worker-0] INFO  segmented.SegmentedRaftLogWorker (SegmentedRaftLogWorker.java:close(224)) - 255f5341-67af-48a5-9f0a-34079e58e4b3@group-B42E39A6701C-SegmentedRaftLogWorker close()
2019-10-02 11:22:16,044 [ForkJoinPool.commonPool-worker-0] INFO  impl.RaftServerImpl (RaftServerImpl.java:lambda$shutdown$3(247)) - 255f5341-67af-48a5-9f0a-34079e58e4b3@group-33DDF701D157: shutdown
2019-10-02 11:22:16,044 [ForkJoinPool.commonPool-worker-0] INFO  util.JmxRegister (JmxRegister.java:unregister(73)) - Successfully un-registered JMX Bean with object name Ratis:service=RaftServer,group=group-33DDF701D157,id=255f5341-67af-48a5-9f0a-34079e58e4b3
2019-10-02 11:22:16,045 [ForkJoinPool.commonPool-worker-0] INFO  impl.RoleInfo (RoleInfo.java:shutdownLeaderState(104)) - 255f5341-67af-48a5-9f0a-34079e58e4b3: shutdown LeaderState
2019-10-02 11:22:16,047 [ForkJoinPool.commonPool-worker-0] INFO  impl.PendingRequests (PendingRequests.java:sendNotLeaderResponses(202)) - 255f5341-67af-48a5-9f0a-34079e58e4b3@group-33DDF701D157-PendingRequests: sendNotLeaderResponses
2019-10-02 11:22:16,047 [org.apache.ratis.server.impl.LogAppender$AppenderDaemon$$Lambda$697/298400853@175f70ae] WARN  server.GrpcLogAppender (GrpcLogAppender.java:mayWait(143)) - 255f5341-67af-48a5-9f0a-34079e58e4b3@group-33DDF701D157->99afa1ab-f70e-454d-b97f-b50504ecadc2-GrpcLogAppender: Wait interrupted by java.lang.InterruptedException
2019-10-02 11:22:16,049 [org.apache.ratis.server.impl.LogAppender$AppenderDaemon$$Lambda$697/298400853@64b1ebe2] WARN  server.GrpcLogAppender (GrpcLogAppender.java:mayWait(143)) - 255f5341-67af-48a5-9f0a-34079e58e4b3@group-33DDF701D157->5a152cad-2f68-44e1-8661-622a6e2403aa-GrpcLogAppender: Wait interrupted by java.lang.InterruptedException
2019-10-02 11:22:16,049 [grpc-default-executor-4] INFO  server.GrpcServerProtocolService (GrpcServerProtocolService.java:onCompleted(113)) - 99afa1ab-f70e-454d-b97f-b50504ecadc2: Completed APPEND_ENTRIES, lastRequest: 255f5341-67af-48a5-9f0a-34079e58e4b3->99afa1ab-f70e-454d-b97f-b50504ecadc2#15-t4, previous=(t:4, i:4), leaderCommit=4, initializing? false, entries: <empty>
2019-10-02 11:22:16,050 [grpc-default-executor-4] INFO  server.GrpcLogAppender (GrpcLogAppender.java:onCompleted(293)) - 255f5341-67af-48a5-9f0a-34079e58e4b3@group-33DDF701D157->99afa1ab-f70e-454d-b97f-b50504ecadc2-AppendLogResponseHandler: follower responses appendEntries COMPLETED
2019-10-02 11:22:16,050 [grpc-default-executor-1] INFO  server.GrpcServerProtocolService (GrpcServerProtocolService.java:onCompleted(113)) - 5a152cad-2f68-44e1-8661-622a6e2403aa: Completed APPEND_ENTRIES, lastRequest: 255f5341-67af-48a5-9f0a-34079e58e4b3->5a152cad-2f68-44e1-8661-622a6e2403aa#15-t4, previous=(t:4, i:4), leaderCommit=4, initializing? false, entries: <empty>
2019-10-02 11:22:16,051 [grpc-default-executor-1] INFO  server.GrpcLogAppender (GrpcLogAppender.java:onCompleted(293)) - 255f5341-67af-48a5-9f0a-34079e58e4b3@group-33DDF701D157->5a152cad-2f68-44e1-8661-622a6e2403aa-AppendLogResponseHandler: follower responses appendEntries COMPLETED
2019-10-02 11:22:16,051 [grpc-default-executor-8] INFO  impl.FollowerInfo (FollowerInfo.java:lambda$new$0(51)) - 255f5341-67af-48a5-9f0a-34079e58e4b3@group-B42E39A6701C->5a152cad-2f68-44e1-8661-622a6e2403aa: nextIndex: updateUnconditionally 1 -> 0
2019-10-02 11:22:16,051 [grpc-default-executor-1] INFO  impl.FollowerInfo (FollowerInfo.java:lambda$new$0(51)) - 255f5341-67af-48a5-9f0a-34079e58e4b3@group-33DDF701D157->5a152cad-2f68-44e1-8661-622a6e2403aa: nextIndex: updateUnconditionally 5 -> 4
2019-10-02 11:22:16,052 [grpc-default-executor-4] INFO  impl.FollowerInfo (FollowerInfo.java:lambda$new$0(51)) - 255f5341-67af-48a5-9f0a-34079e58e4b3@group-33DDF701D157->99afa1ab-f70e-454d-b97f-b50504ecadc2: nextIndex: updateUnconditionally 5 -> 4
2019-10-02 11:22:16,052 [grpc-default-executor-6] INFO  impl.FollowerInfo (FollowerInfo.java:lambda$new$0(51)) - 255f5341-67af-48a5-9f0a-34079e58e4b3@group-B42E39A6701C->99afa1ab-f70e-454d-b97f-b50504ecadc2: nextIndex: updateUnconditionally 1 -> 0
2019-10-02 11:22:16,055 [ForkJoinPool.commonPool-worker-0] INFO  impl.StateMachineUpdater (StateMachineUpdater.java:stopAndJoin(136)) - 255f5341-67af-48a5-9f0a-34079e58e4b3@group-33DDF701D157-StateMachineUpdater: set stopIndex = 4
2019-10-02 11:22:16,055 [255f5341-67af-48a5-9f0a-34079e58e4b3@group-33DDF701D157-StateMachineUpdater] INFO  ratis.ContainerStateMachine (ContainerStateMachine.java:takeSnapshot(293)) - group-33DDF701D157: Taking a snapshot at:(t:4, i:4) file /workdir/hadoop-ozone/integration-test/target/test-dir/MiniOzoneClusterImpl-544d5193-f7b3-4e33-ac9d-9d27303d2a96/datanode-1/data/ratis/24c0406e-22e1-403f-b1f7-33ddf701d157/sm/snapshot.4_4
2019-10-02 11:22:16,084 [255f5341-67af-48a5-9f0a-34079e58e4b3@group-33DDF701D157-StateMachineUpdater] INFO  ratis.ContainerStateMachine (ContainerStateMachine.java:takeSnapshot(304)) - group-33DDF701D157: Finished taking a snapshot at:(t:4, i:4) file:/workdir/hadoop-ozone/integration-test/target/test-dir/MiniOzoneClusterImpl-544d5193-f7b3-4e33-ac9d-9d27303d2a96/datanode-1/data/ratis/24c0406e-22e1-403f-b1f7-33ddf701d157/sm/snapshot.4_4 time:29
2019-10-02 11:22:16,085 [255f5341-67af-48a5-9f0a-34079e58e4b3@group-33DDF701D157-StateMachineUpdater] INFO  impl.StateMachineUpdater (StateMachineUpdater.java:takeSnapshot(269)) - 255f5341-67af-48a5-9f0a-34079e58e4b3@group-33DDF701D157-StateMachineUpdater: Took a snapshot at index 4
2019-10-02 11:22:16,086 [255f5341-67af-48a5-9f0a-34079e58e4b3@group-33DDF701D157-StateMachineUpdater] INFO  impl.StateMachineUpdater (StateMachineUpdater.java:lambda$new$0(84)) - 255f5341-67af-48a5-9f0a-34079e58e4b3@group-33DDF701D157-StateMachineUpdater: snapshotIndex: updateIncreasingly -1 -> 4
2019-10-02 11:22:16,089 [ForkJoinPool.commonPool-worker-0] INFO  impl.RaftServerImpl (ServerState.java:close(387)) - 255f5341-67af-48a5-9f0a-34079e58e4b3@group-33DDF701D157: closes. applyIndex: 4
2019-10-02 11:22:16,089 [255f5341-67af-48a5-9f0a-34079e58e4b3@group-33DDF701D157-SegmentedRaftLogWorker] INFO  segmented.SegmentedRaftLogWorker (SegmentedRaftLogWorker.java:run(316)) - 255f5341-67af-48a5-9f0a-34079e58e4b3@group-33DDF701D157-SegmentedRaftLogWorker was interrupted, exiting. There are 0 tasks remaining in the queue.
2019-10-02 11:22:16,091 [ForkJoinPool.commonPool-worker-0] INFO  segmented.SegmentedRaftLogWorker (SegmentedRaftLogWorker.java:close(224)) - 255f5341-67af-48a5-9f0a-34079e58e4b3@group-33DDF701D157-SegmentedRaftLogWorker close()
2019-10-02 11:22:16,093 [ForkJoinPool.commonPool-worker-0] INFO  impl.RaftServerImpl (RaftServerImpl.java:lambda$shutdown$3(247)) - 255f5341-67af-48a5-9f0a-34079e58e4b3@group-334F83988BD0: shutdown
2019-10-02 11:22:16,094 [ForkJoinPool.commonPool-worker-0] INFO  util.JmxRegister (JmxRegister.java:unregister(73)) - Successfully un-registered JMX Bean with object name Ratis:service=RaftServer,group=group-334F83988BD0,id=255f5341-67af-48a5-9f0a-34079e58e4b3
2019-10-02 11:22:16,094 [ForkJoinPool.commonPool-worker-0] INFO  impl.RoleInfo (RoleInfo.java:shutdownLeaderState(104)) - 255f5341-67af-48a5-9f0a-34079e58e4b3: shutdown LeaderState
2019-10-02 11:22:16,094 [ForkJoinPool.commonPool-worker-0] INFO  impl.PendingRequests (PendingRequests.java:sendNotLeaderResponses(202)) - 255f5341-67af-48a5-9f0a-34079e58e4b3@group-334F83988BD0-PendingRequests: sendNotLeaderResponses
2019-10-02 11:22:16,094 [ForkJoinPool.commonPool-worker-0] INFO  impl.StateMachineUpdater (StateMachineUpdater.java:stopAndJoin(136)) - 255f5341-67af-48a5-9f0a-34079e58e4b3@group-334F83988BD0-StateMachineUpdater: set stopIndex = 0
2019-10-02 11:22:16,094 [ForkJoinPool.commonPool-worker-0] INFO  impl.RaftServerImpl (ServerState.java:close(387)) - 255f5341-67af-48a5-9f0a-34079e58e4b3@group-334F83988BD0: closes. applyIndex: 0
2019-10-02 11:22:16,094 [255f5341-67af-48a5-9f0a-34079e58e4b3@group-334F83988BD0-SegmentedRaftLogWorker] INFO  segmented.SegmentedRaftLogWorker (SegmentedRaftLogWorker.java:run(316)) - 255f5341-67af-48a5-9f0a-34079e58e4b3@group-334F83988BD0-SegmentedRaftLogWorker was interrupted, exiting. There are 0 tasks remaining in the queue.
2019-10-02 11:22:16,096 [ForkJoinPool.commonPool-worker-0] INFO  segmented.SegmentedRaftLogWorker (SegmentedRaftLogWorker.java:close(224)) - 255f5341-67af-48a5-9f0a-34079e58e4b3@group-334F83988BD0-SegmentedRaftLogWorker close()
2019-10-02 11:22:16,099 [main] INFO  server.GrpcService (GrpcService.java:closeImpl(164)) - 255f5341-67af-48a5-9f0a-34079e58e4b3: shutdown server with port 40199 now
2019-10-02 11:22:16,103 [grpc-default-executor-4] WARN  server.GrpcServerProtocolService (LogUtils.java:warn(134)) - 255f5341-67af-48a5-9f0a-34079e58e4b3: installSnapshot onError, lastRequest: 5a152cad-2f68-44e1-8661-622a6e2403aa->255f5341-67af-48a5-9f0a-34079e58e4b3#14-t2, previous=(t:2, i:0), leaderCommit=0, initializing? false, entries: <empty>: org.apache.ratis.thirdparty.io.grpc.StatusRuntimeException: CANCELLED: cancelled before receiving half close
2019-10-02 11:22:16,104 [main] INFO  server.GrpcService (GrpcService.java:closeImpl(172)) - 255f5341-67af-48a5-9f0a-34079e58e4b3: shutdown server with port 40199 successfully
2019-10-02 11:22:16,115 [grpc-default-executor-6] WARN  server.GrpcLogAppender (LogUtils.java:warn(134)) - 5a152cad-2f68-44e1-8661-622a6e2403aa@group-CFA5962B69F1->255f5341-67af-48a5-9f0a-34079e58e4b3-AppendLogResponseHandler: Failed appendEntries: org.apache.ratis.thirdparty.io.grpc.StatusRuntimeException: CANCELLED: HTTP/2 error code: CANCEL
Received Rst Stream
2019-10-02 11:22:16,116 [refreshUsed-/workdir/hadoop-ozone/integration-test/target/test-dir/MiniOzoneClusterImpl-544d5193-f7b3-4e33-ac9d-9d27303d2a96/datanode-1/data/containers] WARN  fs.CachingGetSpaceUsed (CachingGetSpaceUsed.java:run(183)) - Thread Interrupted waiting to refresh disk information: sleep interrupted
2019-10-02 11:22:16,124 [grpc-default-executor-6] INFO  impl.FollowerInfo (FollowerInfo.java:lambda$new$0(51)) - 5a152cad-2f68-44e1-8661-622a6e2403aa@group-CFA5962B69F1->255f5341-67af-48a5-9f0a-34079e58e4b3: nextIndex: updateUnconditionally 1 -> 0
2019-10-02 11:22:16,141 [main] INFO  utils.BackgroundService (BackgroundService.java:shutdown(148)) - Shutting down service BlockDeletingService
2019-10-02 11:22:16,148 [main] INFO  statemachine.DatanodeStateMachine (DatanodeStateMachine.java:stopDaemon(395)) - Ozone container server stopped.
2019-10-02 11:22:16,244 [main] INFO  handler.ContextHandler (ContextHandler.java:doStop(910)) - Stopped o.e.j.w.WebAppContext@455c1d8c{/,null,UNAVAILABLE}{/hddsDatanode}
2019-10-02 11:22:16,253 [main] INFO  server.AbstractConnector (AbstractConnector.java:doStop(318)) - Stopped ServerConnector@a451491{HTTP/1.1,[http/1.1]}{0.0.0.0:0}
2019-10-02 11:22:16,254 [main] INFO  handler.ContextHandler (ContextHandler.java:doStop(910)) - Stopped o.e.j.s.ServletContextHandler@625d9132{/static,jar:file:/home/user/.m2/repository/org/apache/hadoop/hadoop-hdds-container-service/0.5.0-SNAPSHOT/hadoop-hdds-container-service-0.5.0-SNAPSHOT.jar!/webapps/static,UNAVAILABLE}
2019-10-02 11:22:16,254 [main] INFO  handler.ContextHandler (ContextHandler.java:doStop(910)) - Stopped o.e.j.s.ServletContextHandler@18d910b3{/logs,file:///workdir/hadoop-ozone/integration-test/target/log,UNAVAILABLE}
2019-10-02 11:22:16,531 [grpc-default-executor-4] WARN  server.GrpcLogAppender (LogUtils.java:warn(134)) - 5a152cad-2f68-44e1-8661-622a6e2403aa@group-CFA5962B69F1->255f5341-67af-48a5-9f0a-34079e58e4b3-AppendLogResponseHandler: Failed appendEntries: org.apache.ratis.thirdparty.io.grpc.StatusRuntimeException: UNAVAILABLE: io exception
2019-10-02 11:22:16,533 [grpc-default-executor-4] INFO  impl.FollowerInfo (FollowerInfo.java:lambda$new$0(51)) - 5a152cad-2f68-44e1-8661-622a6e2403aa@group-CFA5962B69F1->255f5341-67af-48a5-9f0a-34079e58e4b3: nextIndex: updateUnconditionally 0 -> 0
2019-10-02 11:22:16,786 [Datanode State Machine Thread - 0] INFO  statemachine.DatanodeStateMachine (DatanodeStateMachine.java:lambda$startDaemon$0(350)) - Ozone container server started.
2019-10-02 11:22:17,029 [grpc-default-executor-1] WARN  server.GrpcLogAppender (LogUtils.java:warn(134)) - 5a152cad-2f68-44e1-8661-622a6e2403aa@group-CFA5962B69F1->255f5341-67af-48a5-9f0a-34079e58e4b3-AppendLogResponseHandler: Failed appendEntries: org.apache.ratis.thirdparty.io.grpc.StatusRuntimeException: UNAVAILABLE: io exception
2019-10-02 11:22:17,033 [grpc-default-executor-1] INFO  impl.FollowerInfo (FollowerInfo.java:lambda$new$0(51)) - 5a152cad-2f68-44e1-8661-622a6e2403aa@group-CFA5962B69F1->255f5341-67af-48a5-9f0a-34079e58e4b3: nextIndex: updateUnconditionally 0 -> 0
2019-10-02 11:22:17,534 [grpc-default-executor-6] WARN  server.GrpcLogAppender (LogUtils.java:warn(134)) - 5a152cad-2f68-44e1-8661-622a6e2403aa@group-CFA5962B69F1->255f5341-67af-48a5-9f0a-34079e58e4b3-AppendLogResponseHandler: Failed appendEntries: org.apache.ratis.thirdparty.io.grpc.StatusRuntimeException: UNAVAILABLE: io exception
2019-10-02 11:22:17,537 [grpc-default-executor-6] INFO  impl.FollowerInfo (FollowerInfo.java:lambda$new$0(51)) - 5a152cad-2f68-44e1-8661-622a6e2403aa@group-CFA5962B69F1->255f5341-67af-48a5-9f0a-34079e58e4b3: nextIndex: updateUnconditionally 0 -> 0
2019-10-02 11:22:17,868 [Thread-424] INFO  impl.FollowerState (FollowerState.java:run(108)) - 5a152cad-2f68-44e1-8661-622a6e2403aa@group-33DDF701D157-FollowerState: change to CANDIDATE, lastRpcTime:1958ms, electionTimeout:1200ms
2019-10-02 11:22:17,869 [Thread-424] INFO  impl.RoleInfo (RoleInfo.java:shutdownFollowerState(121)) - 5a152cad-2f68-44e1-8661-622a6e2403aa: shutdown FollowerState
2019-10-02 11:22:17,869 [Thread-424] INFO  impl.RaftServerImpl (RaftServerImpl.java:setRole(170)) - 5a152cad-2f68-44e1-8661-622a6e2403aa@group-33DDF701D157: changes role from  FOLLOWER to CANDIDATE at term 4 for changeToCandidate
2019-10-02 11:22:17,869 [Thread-424] INFO  impl.RoleInfo (RoleInfo.java:updateAndGet(143)) - 5a152cad-2f68-44e1-8661-622a6e2403aa: start LeaderElection
2019-10-02 11:22:17,869 [5a152cad-2f68-44e1-8661-622a6e2403aa@group-33DDF701D157-LeaderElection18] INFO  impl.RaftServerImpl (ServerState.java:setLeader(255)) - 5a152cad-2f68-44e1-8661-622a6e2403aa@group-33DDF701D157: change Leader from 255f5341-67af-48a5-9f0a-34079e58e4b3 to null at term 4 for initElection
2019-10-02 11:22:17,931 [Thread-393] INFO  impl.FollowerState (FollowerState.java:run(108)) - 5a152cad-2f68-44e1-8661-622a6e2403aa@group-B42E39A6701C-FollowerState: change to CANDIDATE, lastRpcTime:1934ms, electionTimeout:1023ms
2019-10-02 11:22:17,931 [Thread-393] INFO  impl.RoleInfo (RoleInfo.java:shutdownFollowerState(121)) - 5a152cad-2f68-44e1-8661-622a6e2403aa: shutdown FollowerState
2019-10-02 11:22:17,931 [Thread-393] INFO  impl.RaftServerImpl (RaftServerImpl.java:setRole(170)) - 5a152cad-2f68-44e1-8661-622a6e2403aa@group-B42E39A6701C: changes role from  FOLLOWER to CANDIDATE at term 2 for changeToCandidate
2019-10-02 11:22:17,931 [Thread-393] INFO  impl.RoleInfo (RoleInfo.java:updateAndGet(143)) - 5a152cad-2f68-44e1-8661-622a6e2403aa: start LeaderElection
2019-10-02 11:22:17,934 [5a152cad-2f68-44e1-8661-622a6e2403aa@group-B42E39A6701C-LeaderElection19] INFO  impl.RaftServerImpl (ServerState.java:setLeader(255)) - 5a152cad-2f68-44e1-8661-622a6e2403aa@group-B42E39A6701C: change Leader from 255f5341-67af-48a5-9f0a-34079e58e4b3 to null at term 2 for initElection
2019-10-02 11:22:17,980 [5a152cad-2f68-44e1-8661-622a6e2403aa@group-B42E39A6701C-LeaderElection19] INFO  impl.LeaderElection (LeaderElection.java:askForVotes(178)) - 5a152cad-2f68-44e1-8661-622a6e2403aa@group-B42E39A6701C-LeaderElection19: begin an election at term 3 for 0: [255f5341-67af-48a5-9f0a-34079e58e4b3:192.168.151.122:40199, 5a152cad-2f68-44e1-8661-622a6e2403aa:192.168.151.122:41282, 99afa1ab-f70e-454d-b97f-b50504ecadc2:192.168.151.122:41178], old=null
2019-10-02 11:22:17,980 [5a152cad-2f68-44e1-8661-622a6e2403aa@group-33DDF701D157-LeaderElection18] INFO  impl.LeaderElection (LeaderElection.java:askForVotes(178)) - 5a152cad-2f68-44e1-8661-622a6e2403aa@group-33DDF701D157-LeaderElection18: begin an election at term 5 for 0: [255f5341-67af-48a5-9f0a-34079e58e4b3:192.168.151.122:40199, 5a152cad-2f68-44e1-8661-622a6e2403aa:192.168.151.122:41282, 99afa1ab-f70e-454d-b97f-b50504ecadc2:192.168.151.122:41178], old=null
2019-10-02 11:22:17,988 [grpc-default-executor-1] INFO  impl.RaftServerImpl (ServerState.java:setLeader(255)) - 99afa1ab-f70e-454d-b97f-b50504ecadc2@group-33DDF701D157: change Leader from 255f5341-67af-48a5-9f0a-34079e58e4b3 to null at term 5 for updateCurrentTerm
2019-10-02 11:22:17,988 [grpc-default-executor-6] INFO  impl.RaftServerImpl (ServerState.java:setLeader(255)) - 99afa1ab-f70e-454d-b97f-b50504ecadc2@group-B42E39A6701C: change Leader from 255f5341-67af-48a5-9f0a-34079e58e4b3 to null at term 3 for updateCurrentTerm
2019-10-02 11:22:17,988 [grpc-default-executor-1] INFO  impl.RaftServerImpl (RaftServerImpl.java:setRole(170)) - 99afa1ab-f70e-454d-b97f-b50504ecadc2@group-33DDF701D157: changes role from  FOLLOWER to FOLLOWER at term 5 for recognizeCandidate:5a152cad-2f68-44e1-8661-622a6e2403aa
2019-10-02 11:22:17,988 [5a152cad-2f68-44e1-8661-622a6e2403aa@group-B42E39A6701C-LeaderElection19] INFO  impl.LeaderElection (LogUtils.java:infoOrTrace(149)) - 5a152cad-2f68-44e1-8661-622a6e2403aa@group-B42E39A6701C-LeaderElection19 got exception when requesting votes: {}
java.util.concurrent.ExecutionException: org.apache.ratis.thirdparty.io.grpc.StatusRuntimeException: UNAVAILABLE: io exception
	at java.util.concurrent.FutureTask.report(FutureTask.java:122)
	at java.util.concurrent.FutureTask.get(FutureTask.java:192)
	at org.apache.ratis.server.impl.LeaderElection.waitForResults(LeaderElection.java:259)
	at org.apache.ratis.server.impl.LeaderElection.askForVotes(LeaderElection.java:197)
	at org.apache.ratis.server.impl.LeaderElection.run(LeaderElection.java:133)
	at java.lang.Thread.run(Thread.java:748)
Caused by: org.apache.ratis.thirdparty.io.grpc.StatusRuntimeException: UNAVAILABLE: io exception
	at org.apache.ratis.thirdparty.io.grpc.stub.ClientCalls.toStatusRuntimeException(ClientCalls.java:233)
	at org.apache.ratis.thirdparty.io.grpc.stub.ClientCalls.getUnchecked(ClientCalls.java:214)
	at org.apache.ratis.thirdparty.io.grpc.stub.ClientCalls.blockingUnaryCall(ClientCalls.java:139)
	at org.apache.ratis.proto.grpc.RaftServerProtocolServiceGrpc$RaftServerProtocolServiceBlockingStub.requestVote(RaftServerProtocolServiceGrpc.java:265)
	at org.apache.ratis.grpc.server.GrpcServerProtocolClient.requestVote(GrpcServerProtocolClient.java:99)
	at org.apache.ratis.grpc.server.GrpcService.requestVote(GrpcService.java:204)
	at org.apache.ratis.server.impl.LeaderElection.lambda$submitRequests$1(LeaderElection.java:234)
	at java.util.concurrent.FutureTask.run(FutureTask.java:266)
	at java.util.concurrent.Executors$RunnableAdapter.call(Executors.java:511)
	at java.util.concurrent.FutureTask.run(FutureTask.java:266)
	at java.util.concurrent.ThreadPoolExecutor.runWorker(ThreadPoolExecutor.java:1149)
	at java.util.concurrent.ThreadPoolExecutor$Worker.run(ThreadPoolExecutor.java:624)
	... 1 more
Caused by: org.apache.ratis.thirdparty.io.netty.channel.AbstractChannel$AnnotatedConnectException: Connection refused: /192.168.151.122:40199
	at sun.nio.ch.SocketChannelImpl.checkConnect(Native Method)
	at sun.nio.ch.SocketChannelImpl.finishConnect(SocketChannelImpl.java:717)
	at org.apache.ratis.thirdparty.io.netty.channel.socket.nio.NioSocketChannel.doFinishConnect(NioSocketChannel.java:327)
	at org.apache.ratis.thirdparty.io.netty.channel.nio.AbstractNioChannel$AbstractNioUnsafe.finishConnect(AbstractNioChannel.java:340)
	at org.apache.ratis.thirdparty.io.netty.channel.nio.NioEventLoop.processSelectedKey(NioEventLoop.java:632)
	at org.apache.ratis.thirdparty.io.netty.channel.nio.NioEventLoop.processSelectedKeysOptimized(NioEventLoop.java:579)
	at org.apache.ratis.thirdparty.io.netty.channel.nio.NioEventLoop.processSelectedKeys(NioEventLoop.java:496)
	at org.apache.ratis.thirdparty.io.netty.channel.nio.NioEventLoop.run(NioEventLoop.java:458)
	at org.apache.ratis.thirdparty.io.netty.util.concurrent.SingleThreadEventExecutor$5.run(SingleThreadEventExecutor.java:897)
	at org.apache.ratis.thirdparty.io.netty.util.concurrent.FastThreadLocalRunnable.run(FastThreadLocalRunnable.java:30)
	... 1 more
Caused by: java.net.ConnectException: Connection refused
	... 11 more
2019-10-02 11:22:17,988 [grpc-default-executor-6] INFO  impl.RaftServerImpl (RaftServerImpl.java:setRole(170)) - 99afa1ab-f70e-454d-b97f-b50504ecadc2@group-B42E39A6701C: changes role from  FOLLOWER to FOLLOWER at term 3 for recognizeCandidate:5a152cad-2f68-44e1-8661-622a6e2403aa
2019-10-02 11:22:17,988 [5a152cad-2f68-44e1-8661-622a6e2403aa@group-33DDF701D157-LeaderElection18] INFO  impl.LeaderElection (LogUtils.java:infoOrTrace(149)) - 5a152cad-2f68-44e1-8661-622a6e2403aa@group-33DDF701D157-LeaderElection18 got exception when requesting votes: {}
java.util.concurrent.ExecutionException: org.apache.ratis.thirdparty.io.grpc.StatusRuntimeException: UNAVAILABLE: io exception
	at java.util.concurrent.FutureTask.report(FutureTask.java:122)
	at java.util.concurrent.FutureTask.get(FutureTask.java:192)
	at org.apache.ratis.server.impl.LeaderElection.waitForResults(LeaderElection.java:259)
	at org.apache.ratis.server.impl.LeaderElection.askForVotes(LeaderElection.java:197)
	at org.apache.ratis.server.impl.LeaderElection.run(LeaderElection.java:133)
	at java.lang.Thread.run(Thread.java:748)
Caused by: org.apache.ratis.thirdparty.io.grpc.StatusRuntimeException: UNAVAILABLE: io exception
	at org.apache.ratis.thirdparty.io.grpc.stub.ClientCalls.toStatusRuntimeException(ClientCalls.java:233)
	at org.apache.ratis.thirdparty.io.grpc.stub.ClientCalls.getUnchecked(ClientCalls.java:214)
	at org.apache.ratis.thirdparty.io.grpc.stub.ClientCalls.blockingUnaryCall(ClientCalls.java:139)
	at org.apache.ratis.proto.grpc.RaftServerProtocolServiceGrpc$RaftServerProtocolServiceBlockingStub.requestVote(RaftServerProtocolServiceGrpc.java:265)
	at org.apache.ratis.grpc.server.GrpcServerProtocolClient.requestVote(GrpcServerProtocolClient.java:99)
	at org.apache.ratis.grpc.server.GrpcService.requestVote(GrpcService.java:204)
	at org.apache.ratis.server.impl.LeaderElection.lambda$submitRequests$1(LeaderElection.java:234)
	at java.util.concurrent.FutureTask.run(FutureTask.java:266)
	at java.util.concurrent.Executors$RunnableAdapter.call(Executors.java:511)
	at java.util.concurrent.FutureTask.run(FutureTask.java:266)
	at java.util.concurrent.ThreadPoolExecutor.runWorker(ThreadPoolExecutor.java:1149)
	at java.util.concurrent.ThreadPoolExecutor$Worker.run(ThreadPoolExecutor.java:624)
	... 1 more
Caused by: org.apache.ratis.thirdparty.io.netty.channel.AbstractChannel$AnnotatedConnectException: Connection refused: /192.168.151.122:40199
	at sun.nio.ch.SocketChannelImpl.checkConnect(Native Method)
	at sun.nio.ch.SocketChannelImpl.finishConnect(SocketChannelImpl.java:717)
	at org.apache.ratis.thirdparty.io.netty.channel.socket.nio.NioSocketChannel.doFinishConnect(NioSocketChannel.java:327)
	at org.apache.ratis.thirdparty.io.netty.channel.nio.AbstractNioChannel$AbstractNioUnsafe.finishConnect(AbstractNioChannel.java:340)
	at org.apache.ratis.thirdparty.io.netty.channel.nio.NioEventLoop.processSelectedKey(NioEventLoop.java:632)
	at org.apache.ratis.thirdparty.io.netty.channel.nio.NioEventLoop.processSelectedKeysOptimized(NioEventLoop.java:579)
	at org.apache.ratis.thirdparty.io.netty.channel.nio.NioEventLoop.processSelectedKeys(NioEventLoop.java:496)
	at org.apache.ratis.thirdparty.io.netty.channel.nio.NioEventLoop.run(NioEventLoop.java:458)
	at org.apache.ratis.thirdparty.io.netty.util.concurrent.SingleThreadEventExecutor$5.run(SingleThreadEventExecutor.java:897)
	at org.apache.ratis.thirdparty.io.netty.util.concurrent.FastThreadLocalRunnable.run(FastThreadLocalRunnable.java:30)
	... 1 more
Caused by: java.net.ConnectException: Connection refused
	... 11 more
2019-10-02 11:22:17,992 [grpc-default-executor-6] INFO  impl.RoleInfo (RoleInfo.java:shutdownFollowerState(121)) - 99afa1ab-f70e-454d-b97f-b50504ecadc2: shutdown FollowerState
2019-10-02 11:22:17,988 [grpc-default-executor-1] INFO  impl.RoleInfo (RoleInfo.java:shutdownFollowerState(121)) - 99afa1ab-f70e-454d-b97f-b50504ecadc2: shutdown FollowerState
2019-10-02 11:22:17,994 [Thread-395] INFO  impl.FollowerState (FollowerState.java:run(117)) - 99afa1ab-f70e-454d-b97f-b50504ecadc2@group-B42E39A6701C-FollowerState was interrupted: java.lang.InterruptedException: sleep interrupted
2019-10-02 11:22:17,994 [grpc-default-executor-6] INFO  impl.RoleInfo (RoleInfo.java:updateAndGet(143)) - 99afa1ab-f70e-454d-b97f-b50504ecadc2: start FollowerState
2019-10-02 11:22:17,994 [Thread-423] INFO  impl.FollowerState (FollowerState.java:run(117)) - 99afa1ab-f70e-454d-b97f-b50504ecadc2@group-33DDF701D157-FollowerState was interrupted: java.lang.InterruptedException: sleep interrupted
2019-10-02 11:22:17,994 [grpc-default-executor-1] INFO  impl.RoleInfo (RoleInfo.java:updateAndGet(143)) - 99afa1ab-f70e-454d-b97f-b50504ecadc2: start FollowerState
2019-10-02 11:22:18,009 [5a152cad-2f68-44e1-8661-622a6e2403aa@group-33DDF701D157-LeaderElection18] INFO  impl.LeaderElection (LeaderElection.java:logAndReturn(56)) - 5a152cad-2f68-44e1-8661-622a6e2403aa@group-33DDF701D157-LeaderElection18: Election PASSED; received 1 response(s) [5a152cad-2f68-44e1-8661-622a6e2403aa<-99afa1ab-f70e-454d-b97f-b50504ecadc2#0:OK-t5] and 1 exception(s); 5a152cad-2f68-44e1-8661-622a6e2403aa@group-33DDF701D157:t5, leader=null, voted=5a152cad-2f68-44e1-8661-622a6e2403aa, raftlog=5a152cad-2f68-44e1-8661-622a6e2403aa@group-33DDF701D157-SegmentedRaftLog:OPENED:c4,f4,i4, conf=0: [255f5341-67af-48a5-9f0a-34079e58e4b3:192.168.151.122:40199, 5a152cad-2f68-44e1-8661-622a6e2403aa:192.168.151.122:41282, 99afa1ab-f70e-454d-b97f-b50504ecadc2:192.168.151.122:41178], old=null
2019-10-02 11:22:18,009 [5a152cad-2f68-44e1-8661-622a6e2403aa@group-B42E39A6701C-LeaderElection19] INFO  impl.LeaderElection (LeaderElection.java:logAndReturn(56)) - 5a152cad-2f68-44e1-8661-622a6e2403aa@group-B42E39A6701C-LeaderElection19: Election PASSED; received 1 response(s) [5a152cad-2f68-44e1-8661-622a6e2403aa<-99afa1ab-f70e-454d-b97f-b50504ecadc2#0:OK-t3] and 1 exception(s); 5a152cad-2f68-44e1-8661-622a6e2403aa@group-B42E39A6701C:t3, leader=null, voted=5a152cad-2f68-44e1-8661-622a6e2403aa, raftlog=5a152cad-2f68-44e1-8661-622a6e2403aa@group-B42E39A6701C-SegmentedRaftLog:OPENED:c0,f0,i0, conf=0: [255f5341-67af-48a5-9f0a-34079e58e4b3:192.168.151.122:40199, 5a152cad-2f68-44e1-8661-622a6e2403aa:192.168.151.122:41282, 99afa1ab-f70e-454d-b97f-b50504ecadc2:192.168.151.122:41178], old=null
2019-10-02 11:22:18,010 [5a152cad-2f68-44e1-8661-622a6e2403aa@group-33DDF701D157-LeaderElection18] INFO  impl.LeaderElection (LogUtils.java:infoOrTrace(149)) -   Exception 0: {}
java.util.concurrent.ExecutionException: org.apache.ratis.thirdparty.io.grpc.StatusRuntimeException: UNAVAILABLE: io exception
	at java.util.concurrent.FutureTask.report(FutureTask.java:122)
	at java.util.concurrent.FutureTask.get(FutureTask.java:192)
	at org.apache.ratis.server.impl.LeaderElection.waitForResults(LeaderElection.java:259)
	at org.apache.ratis.server.impl.LeaderElection.askForVotes(LeaderElection.java:197)
	at org.apache.ratis.server.impl.LeaderElection.run(LeaderElection.java:133)
	at java.lang.Thread.run(Thread.java:748)
Caused by: org.apache.ratis.thirdparty.io.grpc.StatusRuntimeException: UNAVAILABLE: io exception
	at org.apache.ratis.thirdparty.io.grpc.stub.ClientCalls.toStatusRuntimeException(ClientCalls.java:233)
	at org.apache.ratis.thirdparty.io.grpc.stub.ClientCalls.getUnchecked(ClientCalls.java:214)
	at org.apache.ratis.thirdparty.io.grpc.stub.ClientCalls.blockingUnaryCall(ClientCalls.java:139)
	at org.apache.ratis.proto.grpc.RaftServerProtocolServiceGrpc$RaftServerProtocolServiceBlockingStub.requestVote(RaftServerProtocolServiceGrpc.java:265)
	at org.apache.ratis.grpc.server.GrpcServerProtocolClient.requestVote(GrpcServerProtocolClient.java:99)
	at org.apache.ratis.grpc.server.GrpcService.requestVote(GrpcService.java:204)
	at org.apache.ratis.server.impl.LeaderElection.lambda$submitRequests$1(LeaderElection.java:234)
	at java.util.concurrent.FutureTask.run(FutureTask.java:266)
	at java.util.concurrent.Executors$RunnableAdapter.call(Executors.java:511)
	at java.util.concurrent.FutureTask.run(FutureTask.java:266)
	at java.util.concurrent.ThreadPoolExecutor.runWorker(ThreadPoolExecutor.java:1149)
	at java.util.concurrent.ThreadPoolExecutor$Worker.run(ThreadPoolExecutor.java:624)
	... 1 more
Caused by: org.apache.ratis.thirdparty.io.netty.channel.AbstractChannel$AnnotatedConnectException: Connection refused: /192.168.151.122:40199
	at sun.nio.ch.SocketChannelImpl.checkConnect(Native Method)
	at sun.nio.ch.SocketChannelImpl.finishConnect(SocketChannelImpl.java:717)
	at org.apache.ratis.thirdparty.io.netty.channel.socket.nio.NioSocketChannel.doFinishConnect(NioSocketChannel.java:327)
	at org.apache.ratis.thirdparty.io.netty.channel.nio.AbstractNioChannel$AbstractNioUnsafe.finishConnect(AbstractNioChannel.java:340)
	at org.apache.ratis.thirdparty.io.netty.channel.nio.NioEventLoop.processSelectedKey(NioEventLoop.java:632)
	at org.apache.ratis.thirdparty.io.netty.channel.nio.NioEventLoop.processSelectedKeysOptimized(NioEventLoop.java:579)
	at org.apache.ratis.thirdparty.io.netty.channel.nio.NioEventLoop.processSelectedKeys(NioEventLoop.java:496)
	at org.apache.ratis.thirdparty.io.netty.channel.nio.NioEventLoop.run(NioEventLoop.java:458)
	at org.apache.ratis.thirdparty.io.netty.util.concurrent.SingleThreadEventExecutor$5.run(SingleThreadEventExecutor.java:897)
	at org.apache.ratis.thirdparty.io.netty.util.concurrent.FastThreadLocalRunnable.run(FastThreadLocalRunnable.java:30)
	... 1 more
Caused by: java.net.ConnectException: Connection refused
	... 11 more
2019-10-02 11:22:18,010 [5a152cad-2f68-44e1-8661-622a6e2403aa@group-B42E39A6701C-LeaderElection19] INFO  impl.LeaderElection (LogUtils.java:infoOrTrace(149)) -   Exception 0: {}
java.util.concurrent.ExecutionException: org.apache.ratis.thirdparty.io.grpc.StatusRuntimeException: UNAVAILABLE: io exception
	at java.util.concurrent.FutureTask.report(FutureTask.java:122)
	at java.util.concurrent.FutureTask.get(FutureTask.java:192)
	at org.apache.ratis.server.impl.LeaderElection.waitForResults(LeaderElection.java:259)
	at org.apache.ratis.server.impl.LeaderElection.askForVotes(LeaderElection.java:197)
	at org.apache.ratis.server.impl.LeaderElection.run(LeaderElection.java:133)
	at java.lang.Thread.run(Thread.java:748)
Caused by: org.apache.ratis.thirdparty.io.grpc.StatusRuntimeException: UNAVAILABLE: io exception
	at org.apache.ratis.thirdparty.io.grpc.stub.ClientCalls.toStatusRuntimeException(ClientCalls.java:233)
	at org.apache.ratis.thirdparty.io.grpc.stub.ClientCalls.getUnchecked(ClientCalls.java:214)
	at org.apache.ratis.thirdparty.io.grpc.stub.ClientCalls.blockingUnaryCall(ClientCalls.java:139)
	at org.apache.ratis.proto.grpc.RaftServerProtocolServiceGrpc$RaftServerProtocolServiceBlockingStub.requestVote(RaftServerProtocolServiceGrpc.java:265)
	at org.apache.ratis.grpc.server.GrpcServerProtocolClient.requestVote(GrpcServerProtocolClient.java:99)
	at org.apache.ratis.grpc.server.GrpcService.requestVote(GrpcService.java:204)
	at org.apache.ratis.server.impl.LeaderElection.lambda$submitRequests$1(LeaderElection.java:234)
	at java.util.concurrent.FutureTask.run(FutureTask.java:266)
	at java.util.concurrent.Executors$RunnableAdapter.call(Executors.java:511)
	at java.util.concurrent.FutureTask.run(FutureTask.java:266)
	at java.util.concurrent.ThreadPoolExecutor.runWorker(ThreadPoolExecutor.java:1149)
	at java.util.concurrent.ThreadPoolExecutor$Worker.run(ThreadPoolExecutor.java:624)
	... 1 more
Caused by: org.apache.ratis.thirdparty.io.netty.channel.AbstractChannel$AnnotatedConnectException: Connection refused: /192.168.151.122:40199
	at sun.nio.ch.SocketChannelImpl.checkConnect(Native Method)
	at sun.nio.ch.SocketChannelImpl.finishConnect(SocketChannelImpl.java:717)
	at org.apache.ratis.thirdparty.io.netty.channel.socket.nio.NioSocketChannel.doFinishConnect(NioSocketChannel.java:327)
	at org.apache.ratis.thirdparty.io.netty.channel.nio.AbstractNioChannel$AbstractNioUnsafe.finishConnect(AbstractNioChannel.java:340)
	at org.apache.ratis.thirdparty.io.netty.channel.nio.NioEventLoop.processSelectedKey(NioEventLoop.java:632)
	at org.apache.ratis.thirdparty.io.netty.channel.nio.NioEventLoop.processSelectedKeysOptimized(NioEventLoop.java:579)
	at org.apache.ratis.thirdparty.io.netty.channel.nio.NioEventLoop.processSelectedKeys(NioEventLoop.java:496)
	at org.apache.ratis.thirdparty.io.netty.channel.nio.NioEventLoop.run(NioEventLoop.java:458)
	at org.apache.ratis.thirdparty.io.netty.util.concurrent.SingleThreadEventExecutor$5.run(SingleThreadEventExecutor.java:897)
	at org.apache.ratis.thirdparty.io.netty.util.concurrent.FastThreadLocalRunnable.run(FastThreadLocalRunnable.java:30)
	... 1 more
Caused by: java.net.ConnectException: Connection refused
	... 11 more
2019-10-02 11:22:18,014 [5a152cad-2f68-44e1-8661-622a6e2403aa@group-33DDF701D157-LeaderElection18] INFO  impl.RoleInfo (RoleInfo.java:shutdownLeaderElection(134)) - 5a152cad-2f68-44e1-8661-622a6e2403aa: shutdown LeaderElection
2019-10-02 11:22:18,014 [5a152cad-2f68-44e1-8661-622a6e2403aa@group-B42E39A6701C-LeaderElection19] INFO  impl.RoleInfo (RoleInfo.java:shutdownLeaderElection(134)) - 5a152cad-2f68-44e1-8661-622a6e2403aa: shutdown LeaderElection
2019-10-02 11:22:18,014 [5a152cad-2f68-44e1-8661-622a6e2403aa@group-33DDF701D157-LeaderElection18] INFO  impl.RaftServerImpl (RaftServerImpl.java:setRole(170)) - 5a152cad-2f68-44e1-8661-622a6e2403aa@group-33DDF701D157: changes role from CANDIDATE to LEADER at term 5 for changeToLeader
2019-10-02 11:22:18,015 [5a152cad-2f68-44e1-8661-622a6e2403aa@group-B42E39A6701C-LeaderElection19] INFO  impl.RaftServerImpl (RaftServerImpl.java:setRole(170)) - 5a152cad-2f68-44e1-8661-622a6e2403aa@group-B42E39A6701C: changes role from CANDIDATE to LEADER at term 3 for changeToLeader
2019-10-02 11:22:18,015 [5a152cad-2f68-44e1-8661-622a6e2403aa@group-33DDF701D157-LeaderElection18] INFO  impl.RaftServerImpl (ServerState.java:setLeader(255)) - 5a152cad-2f68-44e1-8661-622a6e2403aa@group-33DDF701D157: change Leader from null to 5a152cad-2f68-44e1-8661-622a6e2403aa at term 5 for becomeLeader, leader elected after 145ms
2019-10-02 11:22:18,015 [5a152cad-2f68-44e1-8661-622a6e2403aa@group-B42E39A6701C-LeaderElection19] INFO  impl.RaftServerImpl (ServerState.java:setLeader(255)) - 5a152cad-2f68-44e1-8661-622a6e2403aa@group-B42E39A6701C: change Leader from null to 5a152cad-2f68-44e1-8661-622a6e2403aa at term 3 for becomeLeader, leader elected after 80ms
2019-10-02 11:22:18,015 [5a152cad-2f68-44e1-8661-622a6e2403aa@group-33DDF701D157-LeaderElection18] INFO  server.RaftServerConfigKeys (ConfUtils.java:logGet(43)) - raft.server.staging.catchup.gap = 1000 (default)
2019-10-02 11:22:18,015 [5a152cad-2f68-44e1-8661-622a6e2403aa@group-B42E39A6701C-LeaderElection19] INFO  server.RaftServerConfigKeys (ConfUtils.java:logGet(43)) - raft.server.staging.catchup.gap = 1000 (default)
2019-10-02 11:22:18,015 [5a152cad-2f68-44e1-8661-622a6e2403aa@group-33DDF701D157-LeaderElection18] INFO  server.RaftServerConfigKeys (ConfUtils.java:logGet(43)) - raft.server.rpc.sleep.time = 25ms (default)
2019-10-02 11:22:18,015 [5a152cad-2f68-44e1-8661-622a6e2403aa@group-B42E39A6701C-LeaderElection19] INFO  server.RaftServerConfigKeys (ConfUtils.java:logGet(43)) - raft.server.rpc.sleep.time = 25ms (default)
2019-10-02 11:22:18,015 [5a152cad-2f68-44e1-8661-622a6e2403aa@group-33DDF701D157-LeaderElection18] INFO  server.RaftServerConfigKeys (ConfUtils.java:logGet(43)) - raft.server.write.element-limit = 4096 (default)
2019-10-02 11:22:18,015 [5a152cad-2f68-44e1-8661-622a6e2403aa@group-B42E39A6701C-LeaderElection19] INFO  server.RaftServerConfigKeys (ConfUtils.java:logGet(43)) - raft.server.write.element-limit = 4096 (default)
2019-10-02 11:22:18,015 [5a152cad-2f68-44e1-8661-622a6e2403aa@group-33DDF701D157-LeaderElection18] INFO  server.RaftServerConfigKeys (ConfUtils.java:logGet(43)) - raft.server.watch.timeout = 10s (default)
2019-10-02 11:22:18,016 [5a152cad-2f68-44e1-8661-622a6e2403aa@group-B42E39A6701C-LeaderElection19] INFO  server.RaftServerConfigKeys (ConfUtils.java:logGet(43)) - raft.server.watch.timeout = 10s (default)
2019-10-02 11:22:18,016 [5a152cad-2f68-44e1-8661-622a6e2403aa@group-33DDF701D157-LeaderElection18] INFO  server.RaftServerConfigKeys (ConfUtils.java:logGet(43)) - raft.server.watch.timeout.denomination = 1s (default)
2019-10-02 11:22:18,016 [5a152cad-2f68-44e1-8661-622a6e2403aa@group-B42E39A6701C-LeaderElection19] INFO  server.RaftServerConfigKeys (ConfUtils.java:logGet(43)) - raft.server.watch.timeout.denomination = 1s (default)
2019-10-02 11:22:18,016 [5a152cad-2f68-44e1-8661-622a6e2403aa@group-33DDF701D157-LeaderElection18] INFO  server.RaftServerConfigKeys (ConfUtils.java:logGet(43)) - raft.server.watch.element-limit = 65536 (default)
2019-10-02 11:22:18,016 [5a152cad-2f68-44e1-8661-622a6e2403aa@group-B42E39A6701C-LeaderElection19] INFO  server.RaftServerConfigKeys (ConfUtils.java:logGet(43)) - raft.server.watch.element-limit = 65536 (default)
2019-10-02 11:22:18,019 [5a152cad-2f68-44e1-8661-622a6e2403aa@group-33DDF701D157-LeaderElection18] INFO  server.RaftServerConfigKeys (ConfUtils.java:logGet(43)) - raft.server.log.appender.snapshot.chunk.size.max = 16MB (=16777216) (default)
2019-10-02 11:22:18,019 [5a152cad-2f68-44e1-8661-622a6e2403aa@group-33DDF701D157-LeaderElection18] INFO  server.RaftServerConfigKeys (ConfUtils.java:logGet(43)) - raft.server.log.appender.buffer.byte-limit = 33554432 (custom)
2019-10-02 11:22:18,019 [5a152cad-2f68-44e1-8661-622a6e2403aa@group-33DDF701D157-LeaderElection18] INFO  server.RaftServerConfigKeys (ConfUtils.java:logGet(43)) - raft.server.log.appender.buffer.element-limit = 1 (custom)
2019-10-02 11:22:18,019 [5a152cad-2f68-44e1-8661-622a6e2403aa@group-B42E39A6701C-LeaderElection19] INFO  server.RaftServerConfigKeys (ConfUtils.java:logGet(43)) - raft.server.log.appender.snapshot.chunk.size.max = 16MB (=16777216) (default)
2019-10-02 11:22:18,019 [5a152cad-2f68-44e1-8661-622a6e2403aa@group-33DDF701D157-LeaderElection18] INFO  grpc.GrpcConfigKeys$Server (ConfUtils.java:logGet(43)) - raft.grpc.server.leader.outstanding.appends.max = 128 (default)
2019-10-02 11:22:18,020 [5a152cad-2f68-44e1-8661-622a6e2403aa@group-B42E39A6701C-LeaderElection19] INFO  server.RaftServerConfigKeys (ConfUtils.java:logGet(43)) - raft.server.log.appender.buffer.byte-limit = 33554432 (custom)
2019-10-02 11:22:18,020 [5a152cad-2f68-44e1-8661-622a6e2403aa@group-33DDF701D157-LeaderElection18] INFO  server.RaftServerConfigKeys (ConfUtils.java:logGet(43)) - raft.server.rpc.request.timeout = 3000ms (default)
2019-10-02 11:22:18,020 [5a152cad-2f68-44e1-8661-622a6e2403aa@group-B42E39A6701C-LeaderElection19] INFO  server.RaftServerConfigKeys (ConfUtils.java:logGet(43)) - raft.server.log.appender.buffer.element-limit = 1 (custom)
2019-10-02 11:22:18,020 [5a152cad-2f68-44e1-8661-622a6e2403aa@group-33DDF701D157-LeaderElection18] INFO  server.RaftServerConfigKeys (ConfUtils.java:logGet(43)) - raft.server.log.appender.install.snapshot.enabled = false (custom)
2019-10-02 11:22:18,020 [5a152cad-2f68-44e1-8661-622a6e2403aa@group-B42E39A6701C-LeaderElection19] INFO  grpc.GrpcConfigKeys$Server (ConfUtils.java:logGet(43)) - raft.grpc.server.leader.outstanding.appends.max = 128 (default)
2019-10-02 11:22:18,020 [5a152cad-2f68-44e1-8661-622a6e2403aa@group-33DDF701D157-LeaderElection18] INFO  server.RaftServerConfigKeys (ConfUtils.java:logGet(43)) - raft.server.log.appender.snapshot.chunk.size.max = 16MB (=16777216) (default)
2019-10-02 11:22:18,020 [5a152cad-2f68-44e1-8661-622a6e2403aa@group-B42E39A6701C-LeaderElection19] INFO  server.RaftServerConfigKeys (ConfUtils.java:logGet(43)) - raft.server.rpc.request.timeout = 3000ms (default)
2019-10-02 11:22:18,020 [5a152cad-2f68-44e1-8661-622a6e2403aa@group-33DDF701D157-LeaderElection18] INFO  server.RaftServerConfigKeys (ConfUtils.java:logGet(43)) - raft.server.log.appender.buffer.byte-limit = 33554432 (custom)
2019-10-02 11:22:18,020 [5a152cad-2f68-44e1-8661-622a6e2403aa@group-B42E39A6701C-LeaderElection19] INFO  server.RaftServerConfigKeys (ConfUtils.java:logGet(43)) - raft.server.log.appender.install.snapshot.enabled = false (custom)
2019-10-02 11:22:18,021 [5a152cad-2f68-44e1-8661-622a6e2403aa@group-33DDF701D157-LeaderElection18] INFO  server.RaftServerConfigKeys (ConfUtils.java:logGet(43)) - raft.server.log.appender.buffer.element-limit = 1 (custom)
2019-10-02 11:22:18,021 [5a152cad-2f68-44e1-8661-622a6e2403aa@group-B42E39A6701C-LeaderElection19] INFO  server.RaftServerConfigKeys (ConfUtils.java:logGet(43)) - raft.server.log.appender.snapshot.chunk.size.max = 16MB (=16777216) (default)
2019-10-02 11:22:18,021 [5a152cad-2f68-44e1-8661-622a6e2403aa@group-33DDF701D157-LeaderElection18] INFO  grpc.GrpcConfigKeys$Server (ConfUtils.java:logGet(43)) - raft.grpc.server.leader.outstanding.appends.max = 128 (default)
2019-10-02 11:22:18,021 [5a152cad-2f68-44e1-8661-622a6e2403aa@group-B42E39A6701C-LeaderElection19] INFO  server.RaftServerConfigKeys (ConfUtils.java:logGet(43)) - raft.server.log.appender.buffer.byte-limit = 33554432 (custom)
2019-10-02 11:22:18,021 [5a152cad-2f68-44e1-8661-622a6e2403aa@group-33DDF701D157-LeaderElection18] INFO  server.RaftServerConfigKeys (ConfUtils.java:logGet(43)) - raft.server.rpc.request.timeout = 3000ms (default)
2019-10-02 11:22:18,021 [5a152cad-2f68-44e1-8661-622a6e2403aa@group-B42E39A6701C-LeaderElection19] INFO  server.RaftServerConfigKeys (ConfUtils.java:logGet(43)) - raft.server.log.appender.buffer.element-limit = 1 (custom)
2019-10-02 11:22:18,021 [5a152cad-2f68-44e1-8661-622a6e2403aa@group-33DDF701D157-LeaderElection18] INFO  server.RaftServerConfigKeys (ConfUtils.java:logGet(43)) - raft.server.log.appender.install.snapshot.enabled = false (custom)
2019-10-02 11:22:18,022 [5a152cad-2f68-44e1-8661-622a6e2403aa@group-B42E39A6701C-LeaderElection19] INFO  grpc.GrpcConfigKeys$Server (ConfUtils.java:logGet(43)) - raft.grpc.server.leader.outstanding.appends.max = 128 (default)
2019-10-02 11:22:18,022 [5a152cad-2f68-44e1-8661-622a6e2403aa@group-33DDF701D157-LeaderElection18] INFO  impl.RoleInfo (RoleInfo.java:updateAndGet(143)) - 5a152cad-2f68-44e1-8661-622a6e2403aa: start LeaderState
2019-10-02 11:22:18,022 [5a152cad-2f68-44e1-8661-622a6e2403aa@group-B42E39A6701C-LeaderElection19] INFO  server.RaftServerConfigKeys (ConfUtils.java:logGet(43)) - raft.server.rpc.request.timeout = 3000ms (default)
2019-10-02 11:22:18,022 [5a152cad-2f68-44e1-8661-622a6e2403aa@group-B42E39A6701C-LeaderElection19] INFO  server.RaftServerConfigKeys (ConfUtils.java:logGet(43)) - raft.server.log.appender.install.snapshot.enabled = false (custom)
2019-10-02 11:22:18,022 [5a152cad-2f68-44e1-8661-622a6e2403aa@group-33DDF701D157-LeaderElection18] INFO  segmented.SegmentedRaftLogWorker (SegmentedRaftLogWorker.java:rollLogSegment(390)) - 5a152cad-2f68-44e1-8661-622a6e2403aa@group-33DDF701D157-SegmentedRaftLogWorker: Rolling segment log-0_4 to index:4
2019-10-02 11:22:18,022 [5a152cad-2f68-44e1-8661-622a6e2403aa@group-B42E39A6701C-LeaderElection19] INFO  impl.RoleInfo (RoleInfo.java:updateAndGet(143)) - 5a152cad-2f68-44e1-8661-622a6e2403aa: start LeaderState
2019-10-02 11:22:18,023 [5a152cad-2f68-44e1-8661-622a6e2403aa@group-B42E39A6701C-LeaderElection19] INFO  segmented.SegmentedRaftLogWorker (SegmentedRaftLogWorker.java:rollLogSegment(390)) - 5a152cad-2f68-44e1-8661-622a6e2403aa@group-B42E39A6701C-SegmentedRaftLogWorker: Rolling segment log-0_0 to index:0
2019-10-02 11:22:18,025 [5a152cad-2f68-44e1-8661-622a6e2403aa@group-33DDF701D157-LeaderElection18] INFO  impl.RaftServerImpl (ServerState.java:setRaftConf(356)) - 5a152cad-2f68-44e1-8661-622a6e2403aa@group-33DDF701D157: set configuration 5: [255f5341-67af-48a5-9f0a-34079e58e4b3:192.168.151.122:40199, 5a152cad-2f68-44e1-8661-622a6e2403aa:192.168.151.122:41282, 99afa1ab-f70e-454d-b97f-b50504ecadc2:192.168.151.122:41178], old=null at 5
2019-10-02 11:22:18,026 [grpc-default-executor-6] WARN  server.GrpcLogAppender (LogUtils.java:warn(134)) - 5a152cad-2f68-44e1-8661-622a6e2403aa@group-33DDF701D157->255f5341-67af-48a5-9f0a-34079e58e4b3-AppendLogResponseHandler: Failed appendEntries: org.apache.ratis.thirdparty.io.grpc.StatusRuntimeException: UNAVAILABLE: io exception
2019-10-02 11:22:18,026 [5a152cad-2f68-44e1-8661-622a6e2403aa@group-B42E39A6701C-SegmentedRaftLogWorker] INFO  segmented.SegmentedRaftLogWorker (SegmentedRaftLogWorker.java:execute(531)) - 5a152cad-2f68-44e1-8661-622a6e2403aa@group-B42E39A6701C-SegmentedRaftLogWorker: Rolled log segment from /workdir/hadoop-ozone/integration-test/target/test-dir/MiniOzoneClusterImpl-544d5193-f7b3-4e33-ac9d-9d27303d2a96/datanode-7/data/ratis/3d6876c1-a150-4168-8e0e-b42e39a6701c/current/log_inprogress_0 to /workdir/hadoop-ozone/integration-test/target/test-dir/MiniOzoneClusterImpl-544d5193-f7b3-4e33-ac9d-9d27303d2a96/datanode-7/data/ratis/3d6876c1-a150-4168-8e0e-b42e39a6701c/current/log_0-0
2019-10-02 11:22:18,026 [5a152cad-2f68-44e1-8661-622a6e2403aa@group-33DDF701D157-SegmentedRaftLogWorker] INFO  segmented.SegmentedRaftLogWorker (SegmentedRaftLogWorker.java:execute(531)) - 5a152cad-2f68-44e1-8661-622a6e2403aa@group-33DDF701D157-SegmentedRaftLogWorker: Rolled log segment from /workdir/hadoop-ozone/integration-test/target/test-dir/MiniOzoneClusterImpl-544d5193-f7b3-4e33-ac9d-9d27303d2a96/datanode-7/data/ratis/24c0406e-22e1-403f-b1f7-33ddf701d157/current/log_inprogress_0 to /workdir/hadoop-ozone/integration-test/target/test-dir/MiniOzoneClusterImpl-544d5193-f7b3-4e33-ac9d-9d27303d2a96/datanode-7/data/ratis/24c0406e-22e1-403f-b1f7-33ddf701d157/current/log_0-4
2019-10-02 11:22:18,026 [grpc-default-executor-1] WARN  server.GrpcLogAppender (LogUtils.java:warn(134)) - 5a152cad-2f68-44e1-8661-622a6e2403aa@group-B42E39A6701C->255f5341-67af-48a5-9f0a-34079e58e4b3-AppendLogResponseHandler: Failed appendEntries: org.apache.ratis.thirdparty.io.grpc.StatusRuntimeException: UNAVAILABLE: io exception
2019-10-02 11:22:18,029 [grpc-default-executor-6] INFO  impl.FollowerInfo (FollowerInfo.java:lambda$new$0(51)) - 5a152cad-2f68-44e1-8661-622a6e2403aa@group-33DDF701D157->255f5341-67af-48a5-9f0a-34079e58e4b3: nextIndex: updateUnconditionally 5 -> 1
2019-10-02 11:22:18,029 [5a152cad-2f68-44e1-8661-622a6e2403aa@group-B42E39A6701C-LeaderElection19] INFO  impl.RaftServerImpl (ServerState.java:setRaftConf(356)) - 5a152cad-2f68-44e1-8661-622a6e2403aa@group-B42E39A6701C: set configuration 1: [255f5341-67af-48a5-9f0a-34079e58e4b3:192.168.151.122:40199, 5a152cad-2f68-44e1-8661-622a6e2403aa:192.168.151.122:41282, 99afa1ab-f70e-454d-b97f-b50504ecadc2:192.168.151.122:41178], old=null at 1
2019-10-02 11:22:18,032 [grpc-default-executor-1] INFO  impl.FollowerInfo (FollowerInfo.java:lambda$new$0(51)) - 5a152cad-2f68-44e1-8661-622a6e2403aa@group-B42E39A6701C->255f5341-67af-48a5-9f0a-34079e58e4b3: nextIndex: updateUnconditionally 1 -> 0
2019-10-02 11:22:18,077 [grpc-default-executor-1] INFO  impl.RaftServerImpl (ServerState.java:setLeader(255)) - 99afa1ab-f70e-454d-b97f-b50504ecadc2@group-33DDF701D157: change Leader from null to 5a152cad-2f68-44e1-8661-622a6e2403aa at term 5 for appendEntries, leader elected after 89ms
2019-10-02 11:22:18,077 [grpc-default-executor-4] INFO  impl.RaftServerImpl (ServerState.java:setLeader(255)) - 99afa1ab-f70e-454d-b97f-b50504ecadc2@group-B42E39A6701C: change Leader from null to 5a152cad-2f68-44e1-8661-622a6e2403aa at term 3 for appendEntries, leader elected after 89ms
2019-10-02 11:22:18,078 [grpc-default-executor-1] WARN  server.GrpcLogAppender (LogUtils.java:warn(134)) - 5a152cad-2f68-44e1-8661-622a6e2403aa@group-CFA5962B69F1->255f5341-67af-48a5-9f0a-34079e58e4b3-AppendLogResponseHandler: Failed appendEntries: org.apache.ratis.thirdparty.io.grpc.StatusRuntimeException: UNAVAILABLE: io exception
2019-10-02 11:22:18,080 [grpc-default-executor-1] INFO  impl.FollowerInfo (FollowerInfo.java:lambda$new$0(51)) - 5a152cad-2f68-44e1-8661-622a6e2403aa@group-CFA5962B69F1->255f5341-67af-48a5-9f0a-34079e58e4b3: nextIndex: updateUnconditionally 0 -> 0
2019-10-02 11:22:18,082 [grpc-default-executor-4] INFO  impl.RaftServerImpl (ServerState.java:setRaftConf(356)) - 99afa1ab-f70e-454d-b97f-b50504ecadc2@group-B42E39A6701C: set configuration 1: [255f5341-67af-48a5-9f0a-34079e58e4b3:192.168.151.122:40199, 5a152cad-2f68-44e1-8661-622a6e2403aa:192.168.151.122:41282, 99afa1ab-f70e-454d-b97f-b50504ecadc2:192.168.151.122:41178], old=null at 1
2019-10-02 11:22:18,083 [grpc-default-executor-1] INFO  impl.RaftServerImpl (ServerState.java:setRaftConf(356)) - 99afa1ab-f70e-454d-b97f-b50504ecadc2@group-33DDF701D157: set configuration 5: [255f5341-67af-48a5-9f0a-34079e58e4b3:192.168.151.122:40199, 5a152cad-2f68-44e1-8661-622a6e2403aa:192.168.151.122:41282, 99afa1ab-f70e-454d-b97f-b50504ecadc2:192.168.151.122:41178], old=null at 5
2019-10-02 11:22:18,083 [grpc-default-executor-4] INFO  segmented.SegmentedRaftLogWorker (SegmentedRaftLogWorker.java:rollLogSegment(390)) - 99afa1ab-f70e-454d-b97f-b50504ecadc2@group-B42E39A6701C-SegmentedRaftLogWorker: Rolling segment log-0_0 to index:0
2019-10-02 11:22:18,083 [grpc-default-executor-1] INFO  segmented.SegmentedRaftLogWorker (SegmentedRaftLogWorker.java:rollLogSegment(390)) - 99afa1ab-f70e-454d-b97f-b50504ecadc2@group-33DDF701D157-SegmentedRaftLogWorker: Rolling segment log-0_4 to index:4
2019-10-02 11:22:18,083 [99afa1ab-f70e-454d-b97f-b50504ecadc2@group-33DDF701D157-SegmentedRaftLogWorker] INFO  segmented.SegmentedRaftLogWorker (SegmentedRaftLogWorker.java:execute(531)) - 99afa1ab-f70e-454d-b97f-b50504ecadc2@group-33DDF701D157-SegmentedRaftLogWorker: Rolled log segment from /workdir/hadoop-ozone/integration-test/target/test-dir/MiniOzoneClusterImpl-544d5193-f7b3-4e33-ac9d-9d27303d2a96/datanode-3/data/ratis/24c0406e-22e1-403f-b1f7-33ddf701d157/current/log_inprogress_0 to /workdir/hadoop-ozone/integration-test/target/test-dir/MiniOzoneClusterImpl-544d5193-f7b3-4e33-ac9d-9d27303d2a96/datanode-3/data/ratis/24c0406e-22e1-403f-b1f7-33ddf701d157/current/log_0-4
2019-10-02 11:22:18,083 [99afa1ab-f70e-454d-b97f-b50504ecadc2@group-B42E39A6701C-SegmentedRaftLogWorker] INFO  segmented.SegmentedRaftLogWorker (SegmentedRaftLogWorker.java:execute(531)) - 99afa1ab-f70e-454d-b97f-b50504ecadc2@group-B42E39A6701C-SegmentedRaftLogWorker: Rolled log segment from /workdir/hadoop-ozone/integration-test/target/test-dir/MiniOzoneClusterImpl-544d5193-f7b3-4e33-ac9d-9d27303d2a96/datanode-3/data/ratis/3d6876c1-a150-4168-8e0e-b42e39a6701c/current/log_inprogress_0 to /workdir/hadoop-ozone/integration-test/target/test-dir/MiniOzoneClusterImpl-544d5193-f7b3-4e33-ac9d-9d27303d2a96/datanode-3/data/ratis/3d6876c1-a150-4168-8e0e-b42e39a6701c/current/log_0-0
2019-10-02 11:22:18,261 [5a152cad-2f68-44e1-8661-622a6e2403aa@group-33DDF701D157-SegmentedRaftLogWorker] INFO  segmented.SegmentedRaftLogWorker (SegmentedRaftLogWorker.java:execute(574)) - 5a152cad-2f68-44e1-8661-622a6e2403aa@group-33DDF701D157-SegmentedRaftLogWorker: created new log segment /workdir/hadoop-ozone/integration-test/target/test-dir/MiniOzoneClusterImpl-544d5193-f7b3-4e33-ac9d-9d27303d2a96/datanode-7/data/ratis/24c0406e-22e1-403f-b1f7-33ddf701d157/current/log_inprogress_5
2019-10-02 11:22:18,265 [99afa1ab-f70e-454d-b97f-b50504ecadc2@group-B42E39A6701C-SegmentedRaftLogWorker] INFO  segmented.SegmentedRaftLogWorker (SegmentedRaftLogWorker.java:execute(574)) - 99afa1ab-f70e-454d-b97f-b50504ecadc2@group-B42E39A6701C-SegmentedRaftLogWorker: created new log segment /workdir/hadoop-ozone/integration-test/target/test-dir/MiniOzoneClusterImpl-544d5193-f7b3-4e33-ac9d-9d27303d2a96/datanode-3/data/ratis/3d6876c1-a150-4168-8e0e-b42e39a6701c/current/log_inprogress_1
2019-10-02 11:22:18,265 [99afa1ab-f70e-454d-b97f-b50504ecadc2@group-33DDF701D157-SegmentedRaftLogWorker] INFO  segmented.SegmentedRaftLogWorker (SegmentedRaftLogWorker.java:execute(574)) - 99afa1ab-f70e-454d-b97f-b50504ecadc2@group-33DDF701D157-SegmentedRaftLogWorker: created new log segment /workdir/hadoop-ozone/integration-test/target/test-dir/MiniOzoneClusterImpl-544d5193-f7b3-4e33-ac9d-9d27303d2a96/datanode-3/data/ratis/24c0406e-22e1-403f-b1f7-33ddf701d157/current/log_inprogress_5
2019-10-02 11:22:18,261 [5a152cad-2f68-44e1-8661-622a6e2403aa@group-B42E39A6701C-SegmentedRaftLogWorker] INFO  segmented.SegmentedRaftLogWorker (SegmentedRaftLogWorker.java:execute(574)) - 5a152cad-2f68-44e1-8661-622a6e2403aa@group-B42E39A6701C-SegmentedRaftLogWorker: created new log segment /workdir/hadoop-ozone/integration-test/target/test-dir/MiniOzoneClusterImpl-544d5193-f7b3-4e33-ac9d-9d27303d2a96/datanode-7/data/ratis/3d6876c1-a150-4168-8e0e-b42e39a6701c/current/log_inprogress_1
2019-10-02 11:22:18,286 [grpc-default-executor-6] WARN  server.GrpcLogAppender (LogUtils.java:warn(134)) - 5a152cad-2f68-44e1-8661-622a6e2403aa@group-B42E39A6701C->255f5341-67af-48a5-9f0a-34079e58e4b3-AppendLogResponseHandler: Failed appendEntries: org.apache.ratis.thirdparty.io.grpc.StatusRuntimeException: UNAVAILABLE: io exception
2019-10-02 11:22:18,288 [grpc-default-executor-6] INFO  impl.FollowerInfo (FollowerInfo.java:lambda$new$0(51)) - 5a152cad-2f68-44e1-8661-622a6e2403aa@group-B42E39A6701C->255f5341-67af-48a5-9f0a-34079e58e4b3: nextIndex: updateUnconditionally 1 -> 0
2019-10-02 11:22:18,300 [grpc-default-executor-1] WARN  server.GrpcLogAppender (LogUtils.java:warn(134)) - 5a152cad-2f68-44e1-8661-622a6e2403aa@group-B42E39A6701C->255f5341-67af-48a5-9f0a-34079e58e4b3-AppendLogResponseHandler: Failed appendEntries: org.apache.ratis.thirdparty.io.grpc.StatusRuntimeException: UNAVAILABLE: io exception
2019-10-02 11:22:18,302 [grpc-default-executor-1] INFO  impl.FollowerInfo (FollowerInfo.java:lambda$new$0(51)) - 5a152cad-2f68-44e1-8661-622a6e2403aa@group-B42E39A6701C->255f5341-67af-48a5-9f0a-34079e58e4b3: nextIndex: updateUnconditionally 1 -> 0
2019-10-02 11:22:18,321 [grpc-default-executor-4] WARN  server.GrpcLogAppender (LogUtils.java:warn(134)) - 5a152cad-2f68-44e1-8661-622a6e2403aa@group-33DDF701D157->255f5341-67af-48a5-9f0a-34079e58e4b3-AppendLogResponseHandler: Failed appendEntries: org.apache.ratis.thirdparty.io.grpc.StatusRuntimeException: UNAVAILABLE: io exception
2019-10-02 11:22:18,327 [grpc-default-executor-4] INFO  impl.FollowerInfo (FollowerInfo.java:lambda$new$0(51)) - 5a152cad-2f68-44e1-8661-622a6e2403aa@group-33DDF701D157->255f5341-67af-48a5-9f0a-34079e58e4b3: nextIndex: updateUnconditionally 2 -> 1
2019-10-02 11:22:18,582 [grpc-default-executor-6] WARN  server.GrpcLogAppender (LogUtils.java:warn(134)) - 5a152cad-2f68-44e1-8661-622a6e2403aa@group-CFA5962B69F1->255f5341-67af-48a5-9f0a-34079e58e4b3-AppendLogResponseHandler: Failed appendEntries: org.apache.ratis.thirdparty.io.grpc.StatusRuntimeException: UNAVAILABLE: io exception
2019-10-02 11:22:18,585 [grpc-default-executor-6] INFO  impl.FollowerInfo (FollowerInfo.java:lambda$new$0(51)) - 5a152cad-2f68-44e1-8661-622a6e2403aa@group-CFA5962B69F1->255f5341-67af-48a5-9f0a-34079e58e4b3: nextIndex: updateUnconditionally 0 -> 0
2019-10-02 11:22:18,804 [grpc-default-executor-1] WARN  server.GrpcLogAppender (LogUtils.java:warn(134)) - 5a152cad-2f68-44e1-8661-622a6e2403aa@group-B42E39A6701C->255f5341-67af-48a5-9f0a-34079e58e4b3-AppendLogResponseHandler: Failed appendEntries: org.apache.ratis.thirdparty.io.grpc.StatusRuntimeException: UNAVAILABLE: io exception
2019-10-02 11:22:18,807 [grpc-default-executor-1] INFO  impl.FollowerInfo (FollowerInfo.java:lambda$new$0(51)) - 5a152cad-2f68-44e1-8661-622a6e2403aa@group-B42E39A6701C->255f5341-67af-48a5-9f0a-34079e58e4b3: nextIndex: updateUnconditionally 0 -> 0
2019-10-02 11:22:18,824 [grpc-default-executor-1] WARN  server.GrpcLogAppender (LogUtils.java:warn(134)) - 5a152cad-2f68-44e1-8661-622a6e2403aa@group-33DDF701D157->255f5341-67af-48a5-9f0a-34079e58e4b3-AppendLogResponseHandler: Failed appendEntries: org.apache.ratis.thirdparty.io.grpc.StatusRuntimeException: UNAVAILABLE: io exception
2019-10-02 11:22:18,827 [grpc-default-executor-1] INFO  impl.FollowerInfo (FollowerInfo.java:lambda$new$0(51)) - 5a152cad-2f68-44e1-8661-622a6e2403aa@group-33DDF701D157->255f5341-67af-48a5-9f0a-34079e58e4b3: nextIndex: updateUnconditionally 1 -> 0
2019-10-02 11:22:19,084 [grpc-default-executor-4] WARN  server.GrpcLogAppender (LogUtils.java:warn(134)) - 5a152cad-2f68-44e1-8661-622a6e2403aa@group-CFA5962B69F1->255f5341-67af-48a5-9f0a-34079e58e4b3-AppendLogResponseHandler: Failed appendEntries: org.apache.ratis.thirdparty.io.grpc.StatusRuntimeException: UNAVAILABLE: io exception
2019-10-02 11:22:19,087 [grpc-default-executor-4] INFO  impl.FollowerInfo (FollowerInfo.java:lambda$new$0(51)) - 5a152cad-2f68-44e1-8661-622a6e2403aa@group-CFA5962B69F1->255f5341-67af-48a5-9f0a-34079e58e4b3: nextIndex: updateUnconditionally 0 -> 0
2019-10-02 11:22:19,306 [grpc-default-executor-6] WARN  server.GrpcLogAppender (LogUtils.java:warn(134)) - 5a152cad-2f68-44e1-8661-622a6e2403aa@group-B42E39A6701C->255f5341-67af-48a5-9f0a-34079e58e4b3-AppendLogResponseHandler: Failed appendEntries: org.apache.ratis.thirdparty.io.grpc.StatusRuntimeException: UNAVAILABLE: io exception
2019-10-02 11:22:19,309 [grpc-default-executor-6] INFO  impl.FollowerInfo (FollowerInfo.java:lambda$new$0(51)) - 5a152cad-2f68-44e1-8661-622a6e2403aa@group-B42E39A6701C->255f5341-67af-48a5-9f0a-34079e58e4b3: nextIndex: updateUnconditionally 0 -> 0
2019-10-02 11:22:19,327 [grpc-default-executor-4] WARN  server.GrpcLogAppender (LogUtils.java:warn(134)) - 5a152cad-2f68-44e1-8661-622a6e2403aa@group-33DDF701D157->255f5341-67af-48a5-9f0a-34079e58e4b3-AppendLogResponseHandler: Failed appendEntries: org.apache.ratis.thirdparty.io.grpc.StatusRuntimeException: UNAVAILABLE: io exception
2019-10-02 11:22:19,330 [grpc-default-executor-4] INFO  impl.FollowerInfo (FollowerInfo.java:lambda$new$0(51)) - 5a152cad-2f68-44e1-8661-622a6e2403aa@group-33DDF701D157->255f5341-67af-48a5-9f0a-34079e58e4b3: nextIndex: updateUnconditionally 0 -> 0
2019-10-02 11:22:19,589 [grpc-default-executor-6] WARN  server.GrpcLogAppender (LogUtils.java:warn(134)) - 5a152cad-2f68-44e1-8661-622a6e2403aa@group-CFA5962B69F1->255f5341-67af-48a5-9f0a-34079e58e4b3-AppendLogResponseHandler: Failed appendEntries: org.apache.ratis.thirdparty.io.grpc.StatusRuntimeException: UNAVAILABLE: io exception
2019-10-02 11:22:19,592 [grpc-default-executor-6] INFO  impl.FollowerInfo (FollowerInfo.java:lambda$new$0(51)) - 5a152cad-2f68-44e1-8661-622a6e2403aa@group-CFA5962B69F1->255f5341-67af-48a5-9f0a-34079e58e4b3: nextIndex: updateUnconditionally 0 -> 0
2019-10-02 11:22:19,810 [grpc-default-executor-1] WARN  server.GrpcLogAppender (LogUtils.java:warn(134)) - 5a152cad-2f68-44e1-8661-622a6e2403aa@group-B42E39A6701C->255f5341-67af-48a5-9f0a-34079e58e4b3-AppendLogResponseHandler: Failed appendEntries: org.apache.ratis.thirdparty.io.grpc.StatusRuntimeException: UNAVAILABLE: io exception
2019-10-02 11:22:19,813 [grpc-default-executor-1] INFO  impl.FollowerInfo (FollowerInfo.java:lambda$new$0(51)) - 5a152cad-2f68-44e1-8661-622a6e2403aa@group-B42E39A6701C->255f5341-67af-48a5-9f0a-34079e58e4b3: nextIndex: updateUnconditionally 0 -> 0
2019-10-02 11:22:19,842 [grpc-default-executor-6] WARN  server.GrpcLogAppender (LogUtils.java:warn(134)) - 5a152cad-2f68-44e1-8661-622a6e2403aa@group-33DDF701D157->255f5341-67af-48a5-9f0a-34079e58e4b3-AppendLogResponseHandler: Failed appendEntries: org.apache.ratis.thirdparty.io.grpc.StatusRuntimeException: UNAVAILABLE: io exception
2019-10-02 11:22:19,845 [grpc-default-executor-6] INFO  impl.FollowerInfo (FollowerInfo.java:lambda$new$0(51)) - 5a152cad-2f68-44e1-8661-622a6e2403aa@group-33DDF701D157->255f5341-67af-48a5-9f0a-34079e58e4b3: nextIndex: updateUnconditionally 0 -> 0
2019-10-02 11:22:20,090 [grpc-default-executor-4] WARN  server.GrpcLogAppender (LogUtils.java:warn(134)) - 5a152cad-2f68-44e1-8661-622a6e2403aa@group-CFA5962B69F1->255f5341-67af-48a5-9f0a-34079e58e4b3-AppendLogResponseHandler: Failed appendEntries: org.apache.ratis.thirdparty.io.grpc.StatusRuntimeException: UNAVAILABLE: io exception
2019-10-02 11:22:20,093 [grpc-default-executor-4] INFO  impl.FollowerInfo (FollowerInfo.java:lambda$new$0(51)) - 5a152cad-2f68-44e1-8661-622a6e2403aa@group-CFA5962B69F1->255f5341-67af-48a5-9f0a-34079e58e4b3: nextIndex: updateUnconditionally 0 -> 0
2019-10-02 11:22:20,308 [grpc-default-executor-4] WARN  server.GrpcLogAppender (LogUtils.java:warn(134)) - 5a152cad-2f68-44e1-8661-622a6e2403aa@group-B42E39A6701C->255f5341-67af-48a5-9f0a-34079e58e4b3-AppendLogResponseHandler: Failed appendEntries: org.apache.ratis.thirdparty.io.grpc.StatusRuntimeException: UNAVAILABLE: io exception
2019-10-02 11:22:20,311 [grpc-default-executor-4] INFO  impl.FollowerInfo (FollowerInfo.java:lambda$new$0(51)) - 5a152cad-2f68-44e1-8661-622a6e2403aa@group-B42E39A6701C->255f5341-67af-48a5-9f0a-34079e58e4b3: nextIndex: updateUnconditionally 0 -> 0
2019-10-02 11:22:20,360 [grpc-default-executor-4] WARN  server.GrpcLogAppender (LogUtils.java:warn(134)) - 5a152cad-2f68-44e1-8661-622a6e2403aa@group-33DDF701D157->255f5341-67af-48a5-9f0a-34079e58e4b3-AppendLogResponseHandler: Failed appendEntries: org.apache.ratis.thirdparty.io.grpc.StatusRuntimeException: UNAVAILABLE: io exception
2019-10-02 11:22:20,363 [grpc-default-executor-4] INFO  impl.FollowerInfo (FollowerInfo.java:lambda$new$0(51)) - 5a152cad-2f68-44e1-8661-622a6e2403aa@group-33DDF701D157->255f5341-67af-48a5-9f0a-34079e58e4b3: nextIndex: updateUnconditionally 0 -> 0
2019-10-02 11:22:20,592 [grpc-default-executor-1] WARN  server.GrpcLogAppender (LogUtils.java:warn(134)) - 5a152cad-2f68-44e1-8661-622a6e2403aa@group-CFA5962B69F1->255f5341-67af-48a5-9f0a-34079e58e4b3-AppendLogResponseHandler: Failed appendEntries: org.apache.ratis.thirdparty.io.grpc.StatusRuntimeException: UNAVAILABLE: io exception
2019-10-02 11:22:20,596 [grpc-default-executor-1] INFO  impl.FollowerInfo (FollowerInfo.java:lambda$new$0(51)) - 5a152cad-2f68-44e1-8661-622a6e2403aa@group-CFA5962B69F1->255f5341-67af-48a5-9f0a-34079e58e4b3: nextIndex: updateUnconditionally 0 -> 0
2019-10-02 11:22:20,809 [grpc-default-executor-6] WARN  server.GrpcLogAppender (LogUtils.java:warn(134)) - 5a152cad-2f68-44e1-8661-622a6e2403aa@group-B42E39A6701C->255f5341-67af-48a5-9f0a-34079e58e4b3-AppendLogResponseHandler: Failed appendEntries: org.apache.ratis.thirdparty.io.grpc.StatusRuntimeException: UNAVAILABLE: io exception
2019-10-02 11:22:20,812 [grpc-default-executor-6] INFO  impl.FollowerInfo (FollowerInfo.java:lambda$new$0(51)) - 5a152cad-2f68-44e1-8661-622a6e2403aa@group-B42E39A6701C->255f5341-67af-48a5-9f0a-34079e58e4b3: nextIndex: updateUnconditionally 0 -> 0
2019-10-02 11:22:20,844 [grpc-default-executor-1] WARN  server.GrpcLogAppender (LogUtils.java:warn(134)) - 5a152cad-2f68-44e1-8661-622a6e2403aa@group-33DDF701D157->255f5341-67af-48a5-9f0a-34079e58e4b3-AppendLogResponseHandler: Failed appendEntries: org.apache.ratis.thirdparty.io.grpc.StatusRuntimeException: UNAVAILABLE: io exception
2019-10-02 11:22:20,847 [grpc-default-executor-1] INFO  impl.FollowerInfo (FollowerInfo.java:lambda$new$0(51)) - 5a152cad-2f68-44e1-8661-622a6e2403aa@group-33DDF701D157->255f5341-67af-48a5-9f0a-34079e58e4b3: nextIndex: updateUnconditionally 0 -> 0
2019-10-02 11:22:21,092 [grpc-default-executor-4] WARN  server.GrpcLogAppender (LogUtils.java:warn(134)) - 5a152cad-2f68-44e1-8661-622a6e2403aa@group-CFA5962B69F1->255f5341-67af-48a5-9f0a-34079e58e4b3-AppendLogResponseHandler: Failed appendEntries: org.apache.ratis.thirdparty.io.grpc.StatusRuntimeException: UNAVAILABLE: io exception
2019-10-02 11:22:21,096 [grpc-default-executor-4] INFO  impl.FollowerInfo (FollowerInfo.java:lambda$new$0(51)) - 5a152cad-2f68-44e1-8661-622a6e2403aa@group-CFA5962B69F1->255f5341-67af-48a5-9f0a-34079e58e4b3: nextIndex: updateUnconditionally 0 -> 0
2019-10-02 11:22:21,258 [main] INFO  ozoneimpl.OzoneContainer (OzoneContainer.java:stop(231)) - Attempting to stop container services.
2019-10-02 11:22:21,258 [main] INFO  impl.RaftServerProxy (RaftServerProxy.java:lambda$close$4(314)) - 99afa1ab-f70e-454d-b97f-b50504ecadc2: close
2019-10-02 11:22:21,259 [main] INFO  impl.RaftServerImpl (RaftServerImpl.java:lambda$shutdown$3(247)) - 99afa1ab-f70e-454d-b97f-b50504ecadc2@group-CFA5962B69F1: shutdown
2019-10-02 11:22:21,259 [main] INFO  util.JmxRegister (JmxRegister.java:unregister(73)) - Successfully un-registered JMX Bean with object name Ratis:service=RaftServer,group=group-CFA5962B69F1,id=99afa1ab-f70e-454d-b97f-b50504ecadc2
2019-10-02 11:22:21,259 [main] INFO  impl.RoleInfo (RoleInfo.java:shutdownFollowerState(121)) - 99afa1ab-f70e-454d-b97f-b50504ecadc2: shutdown FollowerState
2019-10-02 11:22:21,260 [main] INFO  impl.StateMachineUpdater (StateMachineUpdater.java:stopAndJoin(136)) - 99afa1ab-f70e-454d-b97f-b50504ecadc2@group-CFA5962B69F1-StateMachineUpdater: set stopIndex = 0
2019-10-02 11:22:21,259 [ForkJoinPool.commonPool-worker-1] INFO  impl.RaftServerImpl (RaftServerImpl.java:lambda$shutdown$3(247)) - 99afa1ab-f70e-454d-b97f-b50504ecadc2@group-B42E39A6701C: shutdown
2019-10-02 11:22:21,260 [main] INFO  impl.RaftServerImpl (ServerState.java:close(387)) - 99afa1ab-f70e-454d-b97f-b50504ecadc2@group-CFA5962B69F1: closes. applyIndex: 0
2019-10-02 11:22:21,260 [Thread-371] INFO  impl.FollowerState (FollowerState.java:run(117)) - 99afa1ab-f70e-454d-b97f-b50504ecadc2@group-CFA5962B69F1-FollowerState was interrupted: java.lang.InterruptedException: sleep interrupted
2019-10-02 11:22:21,261 [ForkJoinPool.commonPool-worker-1] INFO  util.JmxRegister (JmxRegister.java:unregister(73)) - Successfully un-registered JMX Bean with object name Ratis:service=RaftServer,group=group-B42E39A6701C,id=99afa1ab-f70e-454d-b97f-b50504ecadc2
2019-10-02 11:22:21,261 [99afa1ab-f70e-454d-b97f-b50504ecadc2@group-CFA5962B69F1-SegmentedRaftLogWorker] INFO  segmented.SegmentedRaftLogWorker (SegmentedRaftLogWorker.java:run(316)) - 99afa1ab-f70e-454d-b97f-b50504ecadc2@group-CFA5962B69F1-SegmentedRaftLogWorker was interrupted, exiting. There are 0 tasks remaining in the queue.
2019-10-02 11:22:21,261 [ForkJoinPool.commonPool-worker-1] INFO  impl.RoleInfo (RoleInfo.java:shutdownFollowerState(121)) - 99afa1ab-f70e-454d-b97f-b50504ecadc2: shutdown FollowerState
2019-10-02 11:22:21,264 [main] INFO  segmented.SegmentedRaftLogWorker (SegmentedRaftLogWorker.java:close(224)) - 99afa1ab-f70e-454d-b97f-b50504ecadc2@group-CFA5962B69F1-SegmentedRaftLogWorker close()
2019-10-02 11:22:21,270 [ForkJoinPool.commonPool-worker-1] INFO  impl.StateMachineUpdater (StateMachineUpdater.java:stopAndJoin(136)) - 99afa1ab-f70e-454d-b97f-b50504ecadc2@group-B42E39A6701C-StateMachineUpdater: set stopIndex = 2
2019-10-02 11:22:21,270 [Thread-528] INFO  impl.FollowerState (FollowerState.java:run(117)) - 99afa1ab-f70e-454d-b97f-b50504ecadc2@group-B42E39A6701C-FollowerState was interrupted: java.lang.InterruptedException: sleep interrupted
2019-10-02 11:22:21,273 [ForkJoinPool.commonPool-worker-1] INFO  impl.RaftServerImpl (ServerState.java:close(387)) - 99afa1ab-f70e-454d-b97f-b50504ecadc2@group-B42E39A6701C: closes. applyIndex: 2
2019-10-02 11:22:21,273 [99afa1ab-f70e-454d-b97f-b50504ecadc2@group-B42E39A6701C-SegmentedRaftLogWorker] INFO  segmented.SegmentedRaftLogWorker (SegmentedRaftLogWorker.java:run(316)) - 99afa1ab-f70e-454d-b97f-b50504ecadc2@group-B42E39A6701C-SegmentedRaftLogWorker was interrupted, exiting. There are 0 tasks remaining in the queue.
2019-10-02 11:22:21,276 [ForkJoinPool.commonPool-worker-1] INFO  segmented.SegmentedRaftLogWorker (SegmentedRaftLogWorker.java:close(224)) - 99afa1ab-f70e-454d-b97f-b50504ecadc2@group-B42E39A6701C-SegmentedRaftLogWorker close()
2019-10-02 11:22:21,281 [ForkJoinPool.commonPool-worker-1] INFO  impl.RaftServerImpl (RaftServerImpl.java:lambda$shutdown$3(247)) - 99afa1ab-f70e-454d-b97f-b50504ecadc2@group-33DDF701D157: shutdown
2019-10-02 11:22:21,281 [ForkJoinPool.commonPool-worker-1] INFO  util.JmxRegister (JmxRegister.java:unregister(73)) - Successfully un-registered JMX Bean with object name Ratis:service=RaftServer,group=group-33DDF701D157,id=99afa1ab-f70e-454d-b97f-b50504ecadc2
2019-10-02 11:22:21,281 [ForkJoinPool.commonPool-worker-1] INFO  impl.RoleInfo (RoleInfo.java:shutdownFollowerState(121)) - 99afa1ab-f70e-454d-b97f-b50504ecadc2: shutdown FollowerState
2019-10-02 11:22:21,281 [ForkJoinPool.commonPool-worker-1] INFO  impl.StateMachineUpdater (StateMachineUpdater.java:stopAndJoin(136)) - 99afa1ab-f70e-454d-b97f-b50504ecadc2@group-33DDF701D157-StateMachineUpdater: set stopIndex = 6
2019-10-02 11:22:21,281 [Thread-529] INFO  impl.FollowerState (FollowerState.java:run(117)) - 99afa1ab-f70e-454d-b97f-b50504ecadc2@group-33DDF701D157-FollowerState was interrupted: java.lang.InterruptedException: sleep interrupted
2019-10-02 11:22:21,281 [99afa1ab-f70e-454d-b97f-b50504ecadc2@group-33DDF701D157-StateMachineUpdater] INFO  ratis.ContainerStateMachine (ContainerStateMachine.java:takeSnapshot(293)) - group-33DDF701D157: Taking a snapshot at:(t:4, i:3) file /workdir/hadoop-ozone/integration-test/target/test-dir/MiniOzoneClusterImpl-544d5193-f7b3-4e33-ac9d-9d27303d2a96/datanode-3/data/ratis/24c0406e-22e1-403f-b1f7-33ddf701d157/sm/snapshot.4_3
2019-10-02 11:22:21,299 [99afa1ab-f70e-454d-b97f-b50504ecadc2@group-33DDF701D157-StateMachineUpdater] INFO  ratis.ContainerStateMachine (ContainerStateMachine.java:takeSnapshot(304)) - group-33DDF701D157: Finished taking a snapshot at:(t:4, i:3) file:/workdir/hadoop-ozone/integration-test/target/test-dir/MiniOzoneClusterImpl-544d5193-f7b3-4e33-ac9d-9d27303d2a96/datanode-3/data/ratis/24c0406e-22e1-403f-b1f7-33ddf701d157/sm/snapshot.4_3 time:17
2019-10-02 11:22:21,299 [99afa1ab-f70e-454d-b97f-b50504ecadc2@group-33DDF701D157-StateMachineUpdater] INFO  impl.StateMachineUpdater (StateMachineUpdater.java:takeSnapshot(269)) - 99afa1ab-f70e-454d-b97f-b50504ecadc2@group-33DDF701D157-StateMachineUpdater: Took a snapshot at index 3
2019-10-02 11:22:21,299 [99afa1ab-f70e-454d-b97f-b50504ecadc2@group-33DDF701D157-StateMachineUpdater] INFO  impl.StateMachineUpdater (StateMachineUpdater.java:lambda$new$0(84)) - 99afa1ab-f70e-454d-b97f-b50504ecadc2@group-33DDF701D157-StateMachineUpdater: snapshotIndex: updateIncreasingly -1 -> 3
2019-10-02 11:22:21,300 [99afa1ab-f70e-454d-b97f-b50504ecadc2@group-33DDF701D157-StateMachineUpdater] INFO  ratis.ContainerStateMachine (ContainerStateMachine.java:takeSnapshot(293)) - group-33DDF701D157: Taking a snapshot at:(t:4, i:3) file /workdir/hadoop-ozone/integration-test/target/test-dir/MiniOzoneClusterImpl-544d5193-f7b3-4e33-ac9d-9d27303d2a96/datanode-3/data/ratis/24c0406e-22e1-403f-b1f7-33ddf701d157/sm/snapshot.4_3
2019-10-02 11:22:21,310 [grpc-default-executor-6] WARN  server.GrpcLogAppender (LogUtils.java:warn(134)) - 5a152cad-2f68-44e1-8661-622a6e2403aa@group-B42E39A6701C->255f5341-67af-48a5-9f0a-34079e58e4b3-AppendLogResponseHandler: Failed appendEntries: org.apache.ratis.thirdparty.io.grpc.StatusRuntimeException: UNAVAILABLE: io exception
2019-10-02 11:22:21,315 [99afa1ab-f70e-454d-b97f-b50504ecadc2@group-33DDF701D157-StateMachineUpdater] INFO  ratis.ContainerStateMachine (ContainerStateMachine.java:takeSnapshot(304)) - group-33DDF701D157: Finished taking a snapshot at:(t:4, i:3) file:/workdir/hadoop-ozone/integration-test/target/test-dir/MiniOzoneClusterImpl-544d5193-f7b3-4e33-ac9d-9d27303d2a96/datanode-3/data/ratis/24c0406e-22e1-403f-b1f7-33ddf701d157/sm/snapshot.4_3 time:15
2019-10-02 11:22:21,316 [grpc-default-executor-6] INFO  impl.FollowerInfo (FollowerInfo.java:lambda$new$0(51)) - 5a152cad-2f68-44e1-8661-622a6e2403aa@group-B42E39A6701C->255f5341-67af-48a5-9f0a-34079e58e4b3: nextIndex: updateUnconditionally 0 -> 0
2019-10-02 11:22:21,316 [99afa1ab-f70e-454d-b97f-b50504ecadc2@group-33DDF701D157-StateMachineUpdater] INFO  impl.StateMachineUpdater (StateMachineUpdater.java:takeSnapshot(269)) - 99afa1ab-f70e-454d-b97f-b50504ecadc2@group-33DDF701D157-StateMachineUpdater: Took a snapshot at index 3
2019-10-02 11:22:21,316 [99afa1ab-f70e-454d-b97f-b50504ecadc2@group-33DDF701D157-StateMachineUpdater] INFO  impl.StateMachineUpdater (StateMachineUpdater.java:lambda$new$0(84)) - 99afa1ab-f70e-454d-b97f-b50504ecadc2@group-33DDF701D157-StateMachineUpdater: snapshotIndex: updateIncreasingly 3 -> 3
2019-10-02 11:22:21,316 [ForkJoinPool.commonPool-worker-1] INFO  impl.RaftServerImpl (ServerState.java:close(387)) - 99afa1ab-f70e-454d-b97f-b50504ecadc2@group-33DDF701D157: closes. applyIndex: 6
2019-10-02 11:22:21,317 [99afa1ab-f70e-454d-b97f-b50504ecadc2@group-33DDF701D157-SegmentedRaftLogWorker] INFO  segmented.SegmentedRaftLogWorker (SegmentedRaftLogWorker.java:run(316)) - 99afa1ab-f70e-454d-b97f-b50504ecadc2@group-33DDF701D157-SegmentedRaftLogWorker was interrupted, exiting. There are 0 tasks remaining in the queue.
2019-10-02 11:22:21,320 [ForkJoinPool.commonPool-worker-1] INFO  segmented.SegmentedRaftLogWorker (SegmentedRaftLogWorker.java:close(224)) - 99afa1ab-f70e-454d-b97f-b50504ecadc2@group-33DDF701D157-SegmentedRaftLogWorker close()
2019-10-02 11:22:21,325 [main] INFO  server.GrpcService (GrpcService.java:closeImpl(164)) - 99afa1ab-f70e-454d-b97f-b50504ecadc2: shutdown server with port 41178 now
2019-10-02 11:22:21,327 [grpc-default-executor-4] WARN  server.GrpcServerProtocolService (LogUtils.java:warn(134)) - 99afa1ab-f70e-454d-b97f-b50504ecadc2: installSnapshot onError, lastRequest: 5a152cad-2f68-44e1-8661-622a6e2403aa->99afa1ab-f70e-454d-b97f-b50504ecadc2#24-t2, previous=(t:2, i:0), leaderCommit=0, initializing? false, entries: <empty>: org.apache.ratis.thirdparty.io.grpc.StatusRuntimeException: CANCELLED: cancelled before receiving half close
2019-10-02 11:22:21,327 [grpc-default-executor-8] WARN  server.GrpcServerProtocolService (LogUtils.java:warn(134)) - 99afa1ab-f70e-454d-b97f-b50504ecadc2: installSnapshot onError, lastRequest: 5a152cad-2f68-44e1-8661-622a6e2403aa->99afa1ab-f70e-454d-b97f-b50504ecadc2#8-t5, previous=(t:5, i:6), leaderCommit=6, initializing? false, entries: <empty>: org.apache.ratis.thirdparty.io.grpc.StatusRuntimeException: CANCELLED: cancelled before receiving half close
2019-10-02 11:22:21,333 [grpc-default-executor-0] WARN  server.GrpcServerProtocolService (LogUtils.java:warn(134)) - 99afa1ab-f70e-454d-b97f-b50504ecadc2: installSnapshot onError, lastRequest: 5a152cad-2f68-44e1-8661-622a6e2403aa->99afa1ab-f70e-454d-b97f-b50504ecadc2#8-t3, previous=(t:3, i:2), leaderCommit=2, initializing? false, entries: <empty>: org.apache.ratis.thirdparty.io.grpc.StatusRuntimeException: CANCELLED: cancelled before receiving half close
2019-10-02 11:22:21,334 [main] INFO  server.GrpcService (GrpcService.java:closeImpl(172)) - 99afa1ab-f70e-454d-b97f-b50504ecadc2: shutdown server with port 41178 successfully
2019-10-02 11:22:21,334 [grpc-default-executor-4] WARN  server.GrpcLogAppender (LogUtils.java:warn(134)) - 5a152cad-2f68-44e1-8661-622a6e2403aa@group-B42E39A6701C->99afa1ab-f70e-454d-b97f-b50504ecadc2-AppendLogResponseHandler: Failed appendEntries: org.apache.ratis.thirdparty.io.grpc.StatusRuntimeException: CANCELLED: HTTP/2 error code: CANCEL
Received Rst Stream
2019-10-02 11:22:21,334 [grpc-default-executor-1] WARN  server.GrpcLogAppender (LogUtils.java:warn(134)) - 5a152cad-2f68-44e1-8661-622a6e2403aa@group-33DDF701D157->99afa1ab-f70e-454d-b97f-b50504ecadc2-AppendLogResponseHandler: Failed appendEntries: org.apache.ratis.thirdparty.io.grpc.StatusRuntimeException: CANCELLED: HTTP/2 error code: CANCEL
Received Rst Stream
2019-10-02 11:22:21,334 [grpc-default-executor-4] INFO  impl.FollowerInfo (FollowerInfo.java:lambda$new$0(51)) - 5a152cad-2f68-44e1-8661-622a6e2403aa@group-B42E39A6701C->99afa1ab-f70e-454d-b97f-b50504ecadc2: nextIndex: updateUnconditionally 3 -> 2
2019-10-02 11:22:21,334 [grpc-default-executor-1] INFO  impl.FollowerInfo (FollowerInfo.java:lambda$new$0(51)) - 5a152cad-2f68-44e1-8661-622a6e2403aa@group-33DDF701D157->99afa1ab-f70e-454d-b97f-b50504ecadc2: nextIndex: updateUnconditionally 7 -> 6
2019-10-02 11:22:21,335 [grpc-default-executor-6] WARN  server.GrpcLogAppender (LogUtils.java:warn(134)) - 5a152cad-2f68-44e1-8661-622a6e2403aa@group-CFA5962B69F1->99afa1ab-f70e-454d-b97f-b50504ecadc2-AppendLogResponseHandler: Failed appendEntries: org.apache.ratis.thirdparty.io.grpc.StatusRuntimeException: CANCELLED: HTTP/2 error code: CANCEL
Received Rst Stream
2019-10-02 11:22:21,335 [grpc-default-executor-6] INFO  impl.FollowerInfo (FollowerInfo.java:lambda$new$0(51)) - 5a152cad-2f68-44e1-8661-622a6e2403aa@group-CFA5962B69F1->99afa1ab-f70e-454d-b97f-b50504ecadc2: nextIndex: updateUnconditionally 1 -> 0
2019-10-02 11:22:21,351 [refreshUsed-/workdir/hadoop-ozone/integration-test/target/test-dir/MiniOzoneClusterImpl-544d5193-f7b3-4e33-ac9d-9d27303d2a96/datanode-3/data/containers] WARN  fs.CachingGetSpaceUsed (CachingGetSpaceUsed.java:run(183)) - Thread Interrupted waiting to refresh disk information: sleep interrupted
2019-10-02 11:22:21,365 [grpc-default-executor-8] WARN  server.GrpcLogAppender (LogUtils.java:warn(134)) - 5a152cad-2f68-44e1-8661-622a6e2403aa@group-33DDF701D157->255f5341-67af-48a5-9f0a-34079e58e4b3-AppendLogResponseHandler: Failed appendEntries: org.apache.ratis.thirdparty.io.grpc.StatusRuntimeException: UNAVAILABLE: io exception
2019-10-02 11:22:21,370 [grpc-default-executor-8] INFO  impl.FollowerInfo (FollowerInfo.java:lambda$new$0(51)) - 5a152cad-2f68-44e1-8661-622a6e2403aa@group-33DDF701D157->255f5341-67af-48a5-9f0a-34079e58e4b3: nextIndex: updateUnconditionally 0 -> 0
2019-10-02 11:22:21,384 [main] INFO  utils.BackgroundService (BackgroundService.java:shutdown(148)) - Shutting down service BlockDeletingService
2019-10-02 11:22:21,398 [main] INFO  statemachine.DatanodeStateMachine (DatanodeStateMachine.java:stopDaemon(395)) - Ozone container server stopped.
2019-10-02 11:22:21,540 [grpc-default-executor-0] WARN  server.GrpcLogAppender (LogUtils.java:warn(134)) - 5a152cad-2f68-44e1-8661-622a6e2403aa@group-CFA5962B69F1->99afa1ab-f70e-454d-b97f-b50504ecadc2-AppendLogResponseHandler: Failed appendEntries: org.apache.ratis.thirdparty.io.grpc.StatusRuntimeException: UNAVAILABLE: io exception
2019-10-02 11:22:21,553 [grpc-default-executor-0] INFO  impl.FollowerInfo (FollowerInfo.java:lambda$new$0(51)) - 5a152cad-2f68-44e1-8661-622a6e2403aa@group-CFA5962B69F1->99afa1ab-f70e-454d-b97f-b50504ecadc2: nextIndex: updateUnconditionally 0 -> 0
2019-10-02 11:22:21,593 [grpc-default-executor-0] WARN  server.GrpcLogAppender (LogUtils.java:warn(134)) - 5a152cad-2f68-44e1-8661-622a6e2403aa@group-CFA5962B69F1->255f5341-67af-48a5-9f0a-34079e58e4b3-AppendLogResponseHandler: Failed appendEntries: org.apache.ratis.thirdparty.io.grpc.StatusRuntimeException: UNAVAILABLE: io exception
2019-10-02 11:22:21,607 [grpc-default-executor-0] INFO  impl.FollowerInfo (FollowerInfo.java:lambda$new$0(51)) - 5a152cad-2f68-44e1-8661-622a6e2403aa@group-CFA5962B69F1->255f5341-67af-48a5-9f0a-34079e58e4b3: nextIndex: updateUnconditionally 0 -> 0
2019-10-02 11:22:21,811 [grpc-default-executor-1] WARN  server.GrpcLogAppender (LogUtils.java:warn(134)) - 5a152cad-2f68-44e1-8661-622a6e2403aa@group-B42E39A6701C->255f5341-67af-48a5-9f0a-34079e58e4b3-AppendLogResponseHandler: Failed appendEntries: org.apache.ratis.thirdparty.io.grpc.StatusRuntimeException: UNAVAILABLE: io exception
2019-10-02 11:22:21,811 [grpc-default-executor-4] WARN  server.GrpcLogAppender (LogUtils.java:warn(134)) - 5a152cad-2f68-44e1-8661-622a6e2403aa@group-33DDF701D157->99afa1ab-f70e-454d-b97f-b50504ecadc2-AppendLogResponseHandler: Failed appendEntries: org.apache.ratis.thirdparty.io.grpc.StatusRuntimeException: UNAVAILABLE: io exception
2019-10-02 11:22:21,811 [grpc-default-executor-1] INFO  impl.FollowerInfo (FollowerInfo.java:lambda$new$0(51)) - 5a152cad-2f68-44e1-8661-622a6e2403aa@group-B42E39A6701C->255f5341-67af-48a5-9f0a-34079e58e4b3: nextIndex: updateUnconditionally 0 -> 0
2019-10-02 11:22:21,811 [grpc-default-executor-4] INFO  impl.FollowerInfo (FollowerInfo.java:lambda$new$0(51)) - 5a152cad-2f68-44e1-8661-622a6e2403aa@group-33DDF701D157->99afa1ab-f70e-454d-b97f-b50504ecadc2: nextIndex: updateUnconditionally 6 -> 5
2019-10-02 11:22:21,818 [grpc-default-executor-6] WARN  server.GrpcLogAppender (LogUtils.java:warn(134)) - 5a152cad-2f68-44e1-8661-622a6e2403aa@group-B42E39A6701C->99afa1ab-f70e-454d-b97f-b50504ecadc2-AppendLogResponseHandler: Failed appendEntries: org.apache.ratis.thirdparty.io.grpc.StatusRuntimeException: UNAVAILABLE: io exception
2019-10-02 11:22:21,818 [grpc-default-executor-6] INFO  impl.FollowerInfo (FollowerInfo.java:lambda$new$0(51)) - 5a152cad-2f68-44e1-8661-622a6e2403aa@group-B42E39A6701C->99afa1ab-f70e-454d-b97f-b50504ecadc2: nextIndex: updateUnconditionally 2 -> 1
2019-10-02 11:22:21,853 [grpc-default-executor-1] WARN  server.GrpcLogAppender (LogUtils.java:warn(134)) - 5a152cad-2f68-44e1-8661-622a6e2403aa@group-33DDF701D157->255f5341-67af-48a5-9f0a-34079e58e4b3-AppendLogResponseHandler: Failed appendEntries: org.apache.ratis.thirdparty.io.grpc.StatusRuntimeException: UNAVAILABLE: io exception
2019-10-02 11:22:21,854 [grpc-default-executor-1] INFO  impl.FollowerInfo (FollowerInfo.java:lambda$new$0(51)) - 5a152cad-2f68-44e1-8661-622a6e2403aa@group-33DDF701D157->255f5341-67af-48a5-9f0a-34079e58e4b3: nextIndex: updateUnconditionally 0 -> 0
2019-10-02 11:22:22,005 [main] INFO  handler.ContextHandler (ContextHandler.java:doStop(910)) - Stopped o.e.j.w.WebAppContext@6573d2f7{/,null,UNAVAILABLE}{/hddsDatanode}
2019-10-02 11:22:22,006 [main] INFO  server.AbstractConnector (AbstractConnector.java:doStop(318)) - Stopped ServerConnector@4052c8c2{HTTP/1.1,[http/1.1]}{0.0.0.0:0}
2019-10-02 11:22:22,006 [main] INFO  handler.ContextHandler (ContextHandler.java:doStop(910)) - Stopped o.e.j.s.ServletContextHandler@1f6917fb{/static,jar:file:/home/user/.m2/repository/org/apache/hadoop/hadoop-hdds-container-service/0.5.0-SNAPSHOT/hadoop-hdds-container-service-0.5.0-SNAPSHOT.jar!/webapps/static,UNAVAILABLE}
2019-10-02 11:22:22,007 [main] INFO  handler.ContextHandler (ContextHandler.java:doStop(910)) - Stopped o.e.j.s.ServletContextHandler@36480b2d{/logs,file:///workdir/hadoop-ozone/integration-test/target/log,UNAVAILABLE}
2019-10-02 11:22:22,041 [grpc-default-executor-4] WARN  server.GrpcLogAppender (LogUtils.java:warn(134)) - 5a152cad-2f68-44e1-8661-622a6e2403aa@group-CFA5962B69F1->99afa1ab-f70e-454d-b97f-b50504ecadc2-AppendLogResponseHandler: Failed appendEntries: org.apache.ratis.thirdparty.io.grpc.StatusRuntimeException: UNAVAILABLE: io exception
2019-10-02 11:22:22,041 [grpc-default-executor-4] INFO  impl.FollowerInfo (FollowerInfo.java:lambda$new$0(51)) - 5a152cad-2f68-44e1-8661-622a6e2403aa@group-CFA5962B69F1->99afa1ab-f70e-454d-b97f-b50504ecadc2: nextIndex: updateUnconditionally 0 -> 0
2019-10-02 11:22:22,094 [grpc-default-executor-6] WARN  server.GrpcLogAppender (LogUtils.java:warn(134)) - 5a152cad-2f68-44e1-8661-622a6e2403aa@group-CFA5962B69F1->255f5341-67af-48a5-9f0a-34079e58e4b3-AppendLogResponseHandler: Failed appendEntries: org.apache.ratis.thirdparty.io.grpc.StatusRuntimeException: UNAVAILABLE: io exception
2019-10-02 11:22:22,094 [grpc-default-executor-6] INFO  impl.FollowerInfo (FollowerInfo.java:lambda$new$0(51)) - 5a152cad-2f68-44e1-8661-622a6e2403aa@group-CFA5962B69F1->255f5341-67af-48a5-9f0a-34079e58e4b3: nextIndex: updateUnconditionally 0 -> 0
2019-10-02 11:22:22,312 [grpc-default-executor-6] WARN  server.GrpcLogAppender (LogUtils.java:warn(134)) - 5a152cad-2f68-44e1-8661-622a6e2403aa@group-B42E39A6701C->255f5341-67af-48a5-9f0a-34079e58e4b3-AppendLogResponseHandler: Failed appendEntries: org.apache.ratis.thirdparty.io.grpc.StatusRuntimeException: UNAVAILABLE: io exception
2019-10-02 11:22:22,312 [grpc-default-executor-6] INFO  impl.FollowerInfo (FollowerInfo.java:lambda$new$0(51)) - 5a152cad-2f68-44e1-8661-622a6e2403aa@group-B42E39A6701C->255f5341-67af-48a5-9f0a-34079e58e4b3: nextIndex: updateUnconditionally 0 -> 0
2019-10-02 11:22:22,313 [grpc-default-executor-4] WARN  server.GrpcLogAppender (LogUtils.java:warn(134)) - 5a152cad-2f68-44e1-8661-622a6e2403aa@group-33DDF701D157->99afa1ab-f70e-454d-b97f-b50504ecadc2-AppendLogResponseHandler: Failed appendEntries: org.apache.ratis.thirdparty.io.grpc.StatusRuntimeException: UNAVAILABLE: io exception
2019-10-02 11:22:22,313 [grpc-default-executor-4] INFO  impl.FollowerInfo (FollowerInfo.java:lambda$new$0(51)) - 5a152cad-2f68-44e1-8661-622a6e2403aa@group-33DDF701D157->99afa1ab-f70e-454d-b97f-b50504ecadc2: nextIndex: updateUnconditionally 5 -> 4
2019-10-02 11:22:22,319 [grpc-default-executor-1] WARN  server.GrpcLogAppender (LogUtils.java:warn(134)) - 5a152cad-2f68-44e1-8661-622a6e2403aa@group-B42E39A6701C->99afa1ab-f70e-454d-b97f-b50504ecadc2-AppendLogResponseHandler: Failed appendEntries: org.apache.ratis.thirdparty.io.grpc.StatusRuntimeException: UNAVAILABLE: io exception
2019-10-02 11:22:22,320 [grpc-default-executor-1] INFO  impl.FollowerInfo (FollowerInfo.java:lambda$new$0(51)) - 5a152cad-2f68-44e1-8661-622a6e2403aa@group-B42E39A6701C->99afa1ab-f70e-454d-b97f-b50504ecadc2: nextIndex: updateUnconditionally 1 -> 0
2019-10-02 11:22:22,354 [grpc-default-executor-4] WARN  server.GrpcLogAppender (LogUtils.java:warn(134)) - 5a152cad-2f68-44e1-8661-622a6e2403aa@group-33DDF701D157->255f5341-67af-48a5-9f0a-34079e58e4b3-AppendLogResponseHandler: Failed appendEntries: org.apache.ratis.thirdparty.io.grpc.StatusRuntimeException: UNAVAILABLE: io exception
2019-10-02 11:22:22,355 [grpc-default-executor-4] INFO  impl.FollowerInfo (FollowerInfo.java:lambda$new$0(51)) - 5a152cad-2f68-44e1-8661-622a6e2403aa@group-33DDF701D157->255f5341-67af-48a5-9f0a-34079e58e4b3: nextIndex: updateUnconditionally 0 -> 0
2019-10-02 11:22:22,542 [grpc-default-executor-6] WARN  server.GrpcLogAppender (LogUtils.java:warn(134)) - 5a152cad-2f68-44e1-8661-622a6e2403aa@group-CFA5962B69F1->99afa1ab-f70e-454d-b97f-b50504ecadc2-AppendLogResponseHandler: Failed appendEntries: org.apache.ratis.thirdparty.io.grpc.StatusRuntimeException: UNAVAILABLE: io exception
2019-10-02 11:22:22,542 [grpc-default-executor-6] INFO  impl.FollowerInfo (FollowerInfo.java:lambda$new$0(51)) - 5a152cad-2f68-44e1-8661-622a6e2403aa@group-CFA5962B69F1->99afa1ab-f70e-454d-b97f-b50504ecadc2: nextIndex: updateUnconditionally 0 -> 0
2019-10-02 11:22:22,618 [grpc-default-executor-1] WARN  server.GrpcLogAppender (LogUtils.java:warn(134)) - 5a152cad-2f68-44e1-8661-622a6e2403aa@group-CFA5962B69F1->255f5341-67af-48a5-9f0a-34079e58e4b3-AppendLogResponseHandler: Failed appendEntries: org.apache.ratis.thirdparty.io.grpc.StatusRuntimeException: UNAVAILABLE: io exception
2019-10-02 11:22:22,618 [grpc-default-executor-1] INFO  impl.FollowerInfo (FollowerInfo.java:lambda$new$0(51)) - 5a152cad-2f68-44e1-8661-622a6e2403aa@group-CFA5962B69F1->255f5341-67af-48a5-9f0a-34079e58e4b3: nextIndex: updateUnconditionally 0 -> 0
2019-10-02 11:22:22,813 [grpc-default-executor-6] WARN  server.GrpcLogAppender (LogUtils.java:warn(134)) - 5a152cad-2f68-44e1-8661-622a6e2403aa@group-33DDF701D157->99afa1ab-f70e-454d-b97f-b50504ecadc2-AppendLogResponseHandler: Failed appendEntries: org.apache.ratis.thirdparty.io.grpc.StatusRuntimeException: UNAVAILABLE: io exception
2019-10-02 11:22:22,813 [grpc-default-executor-14] WARN  server.GrpcLogAppender (LogUtils.java:warn(134)) - 5a152cad-2f68-44e1-8661-622a6e2403aa@group-B42E39A6701C->255f5341-67af-48a5-9f0a-34079e58e4b3-AppendLogResponseHandler: Failed appendEntries: org.apache.ratis.thirdparty.io.grpc.StatusRuntimeException: UNAVAILABLE: io exception
2019-10-02 11:22:22,814 [grpc-default-executor-14] INFO  impl.FollowerInfo (FollowerInfo.java:lambda$new$0(51)) - 5a152cad-2f68-44e1-8661-622a6e2403aa@group-B42E39A6701C->255f5341-67af-48a5-9f0a-34079e58e4b3: nextIndex: updateUnconditionally 0 -> 0
2019-10-02 11:22:22,814 [grpc-default-executor-6] INFO  impl.FollowerInfo (FollowerInfo.java:lambda$new$0(51)) - 5a152cad-2f68-44e1-8661-622a6e2403aa@group-33DDF701D157->99afa1ab-f70e-454d-b97f-b50504ecadc2: nextIndex: updateUnconditionally 4 -> 3
2019-10-02 11:22:22,820 [grpc-default-executor-4] WARN  server.GrpcLogAppender (LogUtils.java:warn(134)) - 5a152cad-2f68-44e1-8661-622a6e2403aa@group-B42E39A6701C->99afa1ab-f70e-454d-b97f-b50504ecadc2-AppendLogResponseHandler: Failed appendEntries: org.apache.ratis.thirdparty.io.grpc.StatusRuntimeException: UNAVAILABLE: io exception
2019-10-02 11:22:22,821 [grpc-default-executor-4] INFO  impl.FollowerInfo (FollowerInfo.java:lambda$new$0(51)) - 5a152cad-2f68-44e1-8661-622a6e2403aa@group-B42E39A6701C->99afa1ab-f70e-454d-b97f-b50504ecadc2: nextIndex: updateUnconditionally 0 -> 0
2019-10-02 11:22:22,856 [grpc-default-executor-14] WARN  server.GrpcLogAppender (LogUtils.java:warn(134)) - 5a152cad-2f68-44e1-8661-622a6e2403aa@group-33DDF701D157->255f5341-67af-48a5-9f0a-34079e58e4b3-AppendLogResponseHandler: Failed appendEntries: org.apache.ratis.thirdparty.io.grpc.StatusRuntimeException: UNAVAILABLE: io exception
2019-10-02 11:22:22,857 [grpc-default-executor-14] INFO  impl.FollowerInfo (FollowerInfo.java:lambda$new$0(51)) - 5a152cad-2f68-44e1-8661-622a6e2403aa@group-33DDF701D157->255f5341-67af-48a5-9f0a-34079e58e4b3: nextIndex: updateUnconditionally 0 -> 0
2019-10-02 11:22:23,050 [grpc-default-executor-6] WARN  server.GrpcLogAppender (LogUtils.java:warn(134)) - 5a152cad-2f68-44e1-8661-622a6e2403aa@group-CFA5962B69F1->99afa1ab-f70e-454d-b97f-b50504ecadc2-AppendLogResponseHandler: Failed appendEntries: org.apache.ratis.thirdparty.io.grpc.StatusRuntimeException: UNAVAILABLE: io exception
2019-10-02 11:22:23,051 [grpc-default-executor-6] INFO  impl.FollowerInfo (FollowerInfo.java:lambda$new$0(51)) - 5a152cad-2f68-44e1-8661-622a6e2403aa@group-CFA5962B69F1->99afa1ab-f70e-454d-b97f-b50504ecadc2: nextIndex: updateUnconditionally 0 -> 0
2019-10-02 11:22:23,096 [grpc-default-executor-4] WARN  server.GrpcLogAppender (LogUtils.java:warn(134)) - 5a152cad-2f68-44e1-8661-622a6e2403aa@group-CFA5962B69F1->255f5341-67af-48a5-9f0a-34079e58e4b3-AppendLogResponseHandler: Failed appendEntries: org.apache.ratis.thirdparty.io.grpc.StatusRuntimeException: UNAVAILABLE: io exception
2019-10-02 11:22:23,097 [grpc-default-executor-4] INFO  impl.FollowerInfo (FollowerInfo.java:lambda$new$0(51)) - 5a152cad-2f68-44e1-8661-622a6e2403aa@group-CFA5962B69F1->255f5341-67af-48a5-9f0a-34079e58e4b3: nextIndex: updateUnconditionally 0 -> 0
2019-10-02 11:22:23,314 [grpc-default-executor-6] WARN  server.GrpcLogAppender (LogUtils.java:warn(134)) - 5a152cad-2f68-44e1-8661-622a6e2403aa@group-B42E39A6701C->255f5341-67af-48a5-9f0a-34079e58e4b3-AppendLogResponseHandler: Failed appendEntries: org.apache.ratis.thirdparty.io.grpc.StatusRuntimeException: UNAVAILABLE: io exception
2019-10-02 11:22:23,314 [grpc-default-executor-14] WARN  server.GrpcLogAppender (LogUtils.java:warn(134)) - 5a152cad-2f68-44e1-8661-622a6e2403aa@group-33DDF701D157->99afa1ab-f70e-454d-b97f-b50504ecadc2-AppendLogResponseHandler: Failed appendEntries: org.apache.ratis.thirdparty.io.grpc.StatusRuntimeException: UNAVAILABLE: io exception
2019-10-02 11:22:23,314 [grpc-default-executor-6] INFO  impl.FollowerInfo (FollowerInfo.java:lambda$new$0(51)) - 5a152cad-2f68-44e1-8661-622a6e2403aa@group-B42E39A6701C->255f5341-67af-48a5-9f0a-34079e58e4b3: nextIndex: updateUnconditionally 0 -> 0
2019-10-02 11:22:23,315 [grpc-default-executor-14] INFO  impl.FollowerInfo (FollowerInfo.java:lambda$new$0(51)) - 5a152cad-2f68-44e1-8661-622a6e2403aa@group-33DDF701D157->99afa1ab-f70e-454d-b97f-b50504ecadc2: nextIndex: updateUnconditionally 3 -> 2
2019-10-02 11:22:23,322 [grpc-default-executor-4] WARN  server.GrpcLogAppender (LogUtils.java:warn(134)) - 5a152cad-2f68-44e1-8661-622a6e2403aa@group-B42E39A6701C->99afa1ab-f70e-454d-b97f-b50504ecadc2-AppendLogResponseHandler: Failed appendEntries: org.apache.ratis.thirdparty.io.grpc.StatusRuntimeException: UNAVAILABLE: io exception
2019-10-02 11:22:23,322 [grpc-default-executor-4] INFO  impl.FollowerInfo (FollowerInfo.java:lambda$new$0(51)) - 5a152cad-2f68-44e1-8661-622a6e2403aa@group-B42E39A6701C->99afa1ab-f70e-454d-b97f-b50504ecadc2: nextIndex: updateUnconditionally 0 -> 0
2019-10-02 11:22:23,357 [grpc-default-executor-6] WARN  server.GrpcLogAppender (LogUtils.java:warn(134)) - 5a152cad-2f68-44e1-8661-622a6e2403aa@group-33DDF701D157->255f5341-67af-48a5-9f0a-34079e58e4b3-AppendLogResponseHandler: Failed appendEntries: org.apache.ratis.thirdparty.io.grpc.StatusRuntimeException: UNAVAILABLE: io exception
2019-10-02 11:22:23,357 [grpc-default-executor-6] INFO  impl.FollowerInfo (FollowerInfo.java:lambda$new$0(51)) - 5a152cad-2f68-44e1-8661-622a6e2403aa@group-33DDF701D157->255f5341-67af-48a5-9f0a-34079e58e4b3: nextIndex: updateUnconditionally 0 -> 0
2019-10-02 11:22:23,550 [grpc-default-executor-6] WARN  server.GrpcLogAppender (LogUtils.java:warn(134)) - 5a152cad-2f68-44e1-8661-622a6e2403aa@group-CFA5962B69F1->99afa1ab-f70e-454d-b97f-b50504ecadc2-AppendLogResponseHandler: Failed appendEntries: org.apache.ratis.thirdparty.io.grpc.StatusRuntimeException: UNAVAILABLE: io exception
2019-10-02 11:22:23,551 [grpc-default-executor-6] INFO  impl.FollowerInfo (FollowerInfo.java:lambda$new$0(51)) - 5a152cad-2f68-44e1-8661-622a6e2403aa@group-CFA5962B69F1->99afa1ab-f70e-454d-b97f-b50504ecadc2: nextIndex: updateUnconditionally 0 -> 0
2019-10-02 11:22:23,597 [grpc-default-executor-6] WARN  server.GrpcLogAppender (LogUtils.java:warn(134)) - 5a152cad-2f68-44e1-8661-622a6e2403aa@group-CFA5962B69F1->255f5341-67af-48a5-9f0a-34079e58e4b3-AppendLogResponseHandler: Failed appendEntries: org.apache.ratis.thirdparty.io.grpc.StatusRuntimeException: UNAVAILABLE: io exception
2019-10-02 11:22:23,597 [grpc-default-executor-6] INFO  impl.FollowerInfo (FollowerInfo.java:lambda$new$0(51)) - 5a152cad-2f68-44e1-8661-622a6e2403aa@group-CFA5962B69F1->255f5341-67af-48a5-9f0a-34079e58e4b3: nextIndex: updateUnconditionally 0 -> 0
2019-10-02 11:22:23,815 [grpc-default-executor-0] WARN  server.GrpcLogAppender (LogUtils.java:warn(134)) - 5a152cad-2f68-44e1-8661-622a6e2403aa@group-B42E39A6701C->255f5341-67af-48a5-9f0a-34079e58e4b3-AppendLogResponseHandler: Failed appendEntries: org.apache.ratis.thirdparty.io.grpc.StatusRuntimeException: UNAVAILABLE: io exception
2019-10-02 11:22:23,815 [grpc-default-executor-8] WARN  server.GrpcLogAppender (LogUtils.java:warn(134)) - 5a152cad-2f68-44e1-8661-622a6e2403aa@group-33DDF701D157->99afa1ab-f70e-454d-b97f-b50504ecadc2-AppendLogResponseHandler: Failed appendEntries: org.apache.ratis.thirdparty.io.grpc.StatusRuntimeException: UNAVAILABLE: io exception
2019-10-02 11:22:23,815 [grpc-default-executor-0] INFO  impl.FollowerInfo (FollowerInfo.java:lambda$new$0(51)) - 5a152cad-2f68-44e1-8661-622a6e2403aa@group-B42E39A6701C->255f5341-67af-48a5-9f0a-34079e58e4b3: nextIndex: updateUnconditionally 0 -> 0
2019-10-02 11:22:23,815 [grpc-default-executor-8] INFO  impl.FollowerInfo (FollowerInfo.java:lambda$new$0(51)) - 5a152cad-2f68-44e1-8661-622a6e2403aa@group-33DDF701D157->99afa1ab-f70e-454d-b97f-b50504ecadc2: nextIndex: updateUnconditionally 2 -> 1
2019-10-02 11:22:23,821 [grpc-default-executor-4] WARN  server.GrpcLogAppender (LogUtils.java:warn(134)) - 5a152cad-2f68-44e1-8661-622a6e2403aa@group-B42E39A6701C->99afa1ab-f70e-454d-b97f-b50504ecadc2-AppendLogResponseHandler: Failed appendEntries: org.apache.ratis.thirdparty.io.grpc.StatusRuntimeException: UNAVAILABLE: io exception
2019-10-02 11:22:23,822 [grpc-default-executor-4] INFO  impl.FollowerInfo (FollowerInfo.java:lambda$new$0(51)) - 5a152cad-2f68-44e1-8661-622a6e2403aa@group-B42E39A6701C->99afa1ab-f70e-454d-b97f-b50504ecadc2: nextIndex: updateUnconditionally 0 -> 0
2019-10-02 11:22:23,857 [grpc-default-executor-0] WARN  server.GrpcLogAppender (LogUtils.java:warn(134)) - 5a152cad-2f68-44e1-8661-622a6e2403aa@group-33DDF701D157->255f5341-67af-48a5-9f0a-34079e58e4b3-AppendLogResponseHandler: Failed appendEntries: org.apache.ratis.thirdparty.io.grpc.StatusRuntimeException: UNAVAILABLE: io exception
2019-10-02 11:22:23,857 [grpc-default-executor-0] INFO  impl.FollowerInfo (FollowerInfo.java:lambda$new$0(51)) - 5a152cad-2f68-44e1-8661-622a6e2403aa@group-33DDF701D157->255f5341-67af-48a5-9f0a-34079e58e4b3: nextIndex: updateUnconditionally 0 -> 0
2019-10-02 11:22:24,053 [grpc-default-executor-0] WARN  server.GrpcLogAppender (LogUtils.java:warn(134)) - 5a152cad-2f68-44e1-8661-622a6e2403aa@group-CFA5962B69F1->99afa1ab-f70e-454d-b97f-b50504ecadc2-AppendLogResponseHandler: Failed appendEntries: org.apache.ratis.thirdparty.io.grpc.StatusRuntimeException: UNAVAILABLE: io exception
2019-10-02 11:22:24,053 [grpc-default-executor-0] INFO  impl.FollowerInfo (FollowerInfo.java:lambda$new$0(51)) - 5a152cad-2f68-44e1-8661-622a6e2403aa@group-CFA5962B69F1->99afa1ab-f70e-454d-b97f-b50504ecadc2: nextIndex: updateUnconditionally 0 -> 0
2019-10-02 11:22:24,060 [grpc-default-executor-1] WARN  server.GrpcLogAppender (LogUtils.java:warn(134)) - 5a152cad-2f68-44e1-8661-622a6e2403aa@group-33DDF701D157->255f5341-67af-48a5-9f0a-34079e58e4b3-AppendLogResponseHandler: Failed appendEntries: org.apache.ratis.thirdparty.io.grpc.StatusRuntimeException: UNAVAILABLE: io exception
2019-10-02 11:22:24,060 [grpc-default-executor-14] WARN  server.GrpcLogAppender (LogUtils.java:warn(134)) - 5a152cad-2f68-44e1-8661-622a6e2403aa@group-33DDF701D157->99afa1ab-f70e-454d-b97f-b50504ecadc2-AppendLogResponseHandler: Failed appendEntries: org.apache.ratis.thirdparty.io.grpc.StatusRuntimeException: UNAVAILABLE: io exception
2019-10-02 11:22:24,060 [grpc-default-executor-1] INFO  impl.FollowerInfo (FollowerInfo.java:lambda$new$0(51)) - 5a152cad-2f68-44e1-8661-622a6e2403aa@group-33DDF701D157->255f5341-67af-48a5-9f0a-34079e58e4b3: nextIndex: updateUnconditionally 1 -> 0
2019-10-02 11:22:24,060 [grpc-default-executor-14] INFO  impl.FollowerInfo (FollowerInfo.java:lambda$new$0(51)) - 5a152cad-2f68-44e1-8661-622a6e2403aa@group-33DDF701D157->99afa1ab-f70e-454d-b97f-b50504ecadc2: nextIndex: updateUnconditionally 2 -> 1
2019-10-02 11:22:24,098 [grpc-default-executor-6] WARN  server.GrpcLogAppender (LogUtils.java:warn(134)) - 5a152cad-2f68-44e1-8661-622a6e2403aa@group-CFA5962B69F1->255f5341-67af-48a5-9f0a-34079e58e4b3-AppendLogResponseHandler: Failed appendEntries: org.apache.ratis.thirdparty.io.grpc.StatusRuntimeException: UNAVAILABLE: io exception
2019-10-02 11:22:24,099 [grpc-default-executor-6] INFO  impl.FollowerInfo (FollowerInfo.java:lambda$new$0(51)) - 5a152cad-2f68-44e1-8661-622a6e2403aa@group-CFA5962B69F1->255f5341-67af-48a5-9f0a-34079e58e4b3: nextIndex: updateUnconditionally 0 -> 0
2019-10-02 11:22:24,316 [grpc-default-executor-1] WARN  server.GrpcLogAppender (LogUtils.java:warn(134)) - 5a152cad-2f68-44e1-8661-622a6e2403aa@group-B42E39A6701C->255f5341-67af-48a5-9f0a-34079e58e4b3-AppendLogResponseHandler: Failed appendEntries: org.apache.ratis.thirdparty.io.grpc.StatusRuntimeException: UNAVAILABLE: io exception
2019-10-02 11:22:24,316 [grpc-default-executor-1] INFO  impl.FollowerInfo (FollowerInfo.java:lambda$new$0(51)) - 5a152cad-2f68-44e1-8661-622a6e2403aa@group-B42E39A6701C->255f5341-67af-48a5-9f0a-34079e58e4b3: nextIndex: updateUnconditionally 0 -> 0
2019-10-02 11:22:24,323 [grpc-default-executor-14] WARN  server.GrpcLogAppender (LogUtils.java:warn(134)) - 5a152cad-2f68-44e1-8661-622a6e2403aa@group-B42E39A6701C->99afa1ab-f70e-454d-b97f-b50504ecadc2-AppendLogResponseHandler: Failed appendEntries: org.apache.ratis.thirdparty.io.grpc.StatusRuntimeException: UNAVAILABLE: io exception
2019-10-02 11:22:24,323 [grpc-default-executor-14] INFO  impl.FollowerInfo (FollowerInfo.java:lambda$new$0(51)) - 5a152cad-2f68-44e1-8661-622a6e2403aa@group-B42E39A6701C->99afa1ab-f70e-454d-b97f-b50504ecadc2: nextIndex: updateUnconditionally 0 -> 0
2019-10-02 11:22:24,551 [grpc-default-executor-6] WARN  server.GrpcLogAppender (LogUtils.java:warn(134)) - 5a152cad-2f68-44e1-8661-622a6e2403aa@group-CFA5962B69F1->99afa1ab-f70e-454d-b97f-b50504ecadc2-AppendLogResponseHandler: Failed appendEntries: org.apache.ratis.thirdparty.io.grpc.StatusRuntimeException: UNAVAILABLE: io exception
2019-10-02 11:22:24,552 [grpc-default-executor-6] INFO  impl.FollowerInfo (FollowerInfo.java:lambda$new$0(51)) - 5a152cad-2f68-44e1-8661-622a6e2403aa@group-CFA5962B69F1->99afa1ab-f70e-454d-b97f-b50504ecadc2: nextIndex: updateUnconditionally 0 -> 0
2019-10-02 11:22:24,561 [grpc-default-executor-14] WARN  server.GrpcLogAppender (LogUtils.java:warn(134)) - 5a152cad-2f68-44e1-8661-622a6e2403aa@group-33DDF701D157->99afa1ab-f70e-454d-b97f-b50504ecadc2-AppendLogResponseHandler: Failed appendEntries: org.apache.ratis.thirdparty.io.grpc.StatusRuntimeException: UNAVAILABLE: io exception
2019-10-02 11:22:24,561 [grpc-default-executor-0] WARN  server.GrpcLogAppender (LogUtils.java:warn(134)) - 5a152cad-2f68-44e1-8661-622a6e2403aa@group-33DDF701D157->255f5341-67af-48a5-9f0a-34079e58e4b3-AppendLogResponseHandler: Failed appendEntries: org.apache.ratis.thirdparty.io.grpc.StatusRuntimeException: UNAVAILABLE: io exception
2019-10-02 11:22:24,561 [grpc-default-executor-14] INFO  impl.FollowerInfo (FollowerInfo.java:lambda$new$0(51)) - 5a152cad-2f68-44e1-8661-622a6e2403aa@group-33DDF701D157->99afa1ab-f70e-454d-b97f-b50504ecadc2: nextIndex: updateUnconditionally 1 -> 0
2019-10-02 11:22:24,561 [grpc-default-executor-0] INFO  impl.FollowerInfo (FollowerInfo.java:lambda$new$0(51)) - 5a152cad-2f68-44e1-8661-622a6e2403aa@group-33DDF701D157->255f5341-67af-48a5-9f0a-34079e58e4b3: nextIndex: updateUnconditionally 0 -> 0
2019-10-02 11:22:24,599 [grpc-default-executor-0] WARN  server.GrpcLogAppender (LogUtils.java:warn(134)) - 5a152cad-2f68-44e1-8661-622a6e2403aa@group-CFA5962B69F1->255f5341-67af-48a5-9f0a-34079e58e4b3-AppendLogResponseHandler: Failed appendEntries: org.apache.ratis.thirdparty.io.grpc.StatusRuntimeException: UNAVAILABLE: io exception
2019-10-02 11:22:24,599 [grpc-default-executor-0] INFO  impl.FollowerInfo (FollowerInfo.java:lambda$new$0(51)) - 5a152cad-2f68-44e1-8661-622a6e2403aa@group-CFA5962B69F1->255f5341-67af-48a5-9f0a-34079e58e4b3: nextIndex: updateUnconditionally 0 -> 0
2019-10-02 11:22:24,817 [grpc-default-executor-1] WARN  server.GrpcLogAppender (LogUtils.java:warn(134)) - 5a152cad-2f68-44e1-8661-622a6e2403aa@group-B42E39A6701C->255f5341-67af-48a5-9f0a-34079e58e4b3-AppendLogResponseHandler: Failed appendEntries: org.apache.ratis.thirdparty.io.grpc.StatusRuntimeException: UNAVAILABLE: io exception
2019-10-02 11:22:24,817 [grpc-default-executor-1] INFO  impl.FollowerInfo (FollowerInfo.java:lambda$new$0(51)) - 5a152cad-2f68-44e1-8661-622a6e2403aa@group-B42E39A6701C->255f5341-67af-48a5-9f0a-34079e58e4b3: nextIndex: updateUnconditionally 0 -> 0
2019-10-02 11:22:24,823 [grpc-default-executor-14] WARN  server.GrpcLogAppender (LogUtils.java:warn(134)) - 5a152cad-2f68-44e1-8661-622a6e2403aa@group-B42E39A6701C->99afa1ab-f70e-454d-b97f-b50504ecadc2-AppendLogResponseHandler: Failed appendEntries: org.apache.ratis.thirdparty.io.grpc.StatusRuntimeException: UNAVAILABLE: io exception
2019-10-02 11:22:24,824 [grpc-default-executor-14] INFO  impl.FollowerInfo (FollowerInfo.java:lambda$new$0(51)) - 5a152cad-2f68-44e1-8661-622a6e2403aa@group-B42E39A6701C->99afa1ab-f70e-454d-b97f-b50504ecadc2: nextIndex: updateUnconditionally 0 -> 0
2019-10-02 11:22:25,052 [grpc-default-executor-0] WARN  server.GrpcLogAppender (LogUtils.java:warn(134)) - 5a152cad-2f68-44e1-8661-622a6e2403aa@group-CFA5962B69F1->99afa1ab-f70e-454d-b97f-b50504ecadc2-AppendLogResponseHandler: Failed appendEntries: org.apache.ratis.thirdparty.io.grpc.StatusRuntimeException: UNAVAILABLE: io exception
2019-10-02 11:22:25,052 [grpc-default-executor-0] INFO  impl.FollowerInfo (FollowerInfo.java:lambda$new$0(51)) - 5a152cad-2f68-44e1-8661-622a6e2403aa@group-CFA5962B69F1->99afa1ab-f70e-454d-b97f-b50504ecadc2: nextIndex: updateUnconditionally 0 -> 0
2019-10-02 11:22:25,061 [grpc-default-executor-4] WARN  server.GrpcLogAppender (LogUtils.java:warn(134)) - 5a152cad-2f68-44e1-8661-622a6e2403aa@group-33DDF701D157->99afa1ab-f70e-454d-b97f-b50504ecadc2-AppendLogResponseHandler: Failed appendEntries: org.apache.ratis.thirdparty.io.grpc.StatusRuntimeException: UNAVAILABLE: io exception
2019-10-02 11:22:25,061 [grpc-default-executor-1] WARN  server.GrpcLogAppender (LogUtils.java:warn(134)) - 5a152cad-2f68-44e1-8661-622a6e2403aa@group-33DDF701D157->255f5341-67af-48a5-9f0a-34079e58e4b3-AppendLogResponseHandler: Failed appendEntries: org.apache.ratis.thirdparty.io.grpc.StatusRuntimeException: UNAVAILABLE: io exception
2019-10-02 11:22:25,061 [grpc-default-executor-4] INFO  impl.FollowerInfo (FollowerInfo.java:lambda$new$0(51)) - 5a152cad-2f68-44e1-8661-622a6e2403aa@group-33DDF701D157->99afa1ab-f70e-454d-b97f-b50504ecadc2: nextIndex: updateUnconditionally 0 -> 0
2019-10-02 11:22:25,061 [grpc-default-executor-1] INFO  impl.FollowerInfo (FollowerInfo.java:lambda$new$0(51)) - 5a152cad-2f68-44e1-8661-622a6e2403aa@group-33DDF701D157->255f5341-67af-48a5-9f0a-34079e58e4b3: nextIndex: updateUnconditionally 0 -> 0
2019-10-02 11:22:25,099 [grpc-default-executor-0] WARN  server.GrpcLogAppender (LogUtils.java:warn(134)) - 5a152cad-2f68-44e1-8661-622a6e2403aa@group-CFA5962B69F1->255f5341-67af-48a5-9f0a-34079e58e4b3-AppendLogResponseHandler: Failed appendEntries: org.apache.ratis.thirdparty.io.grpc.StatusRuntimeException: UNAVAILABLE: io exception
2019-10-02 11:22:25,100 [grpc-default-executor-0] INFO  impl.FollowerInfo (FollowerInfo.java:lambda$new$0(51)) - 5a152cad-2f68-44e1-8661-622a6e2403aa@group-CFA5962B69F1->255f5341-67af-48a5-9f0a-34079e58e4b3: nextIndex: updateUnconditionally 0 -> 0
2019-10-02 11:22:25,318 [grpc-default-executor-4] WARN  server.GrpcLogAppender (LogUtils.java:warn(134)) - 5a152cad-2f68-44e1-8661-622a6e2403aa@group-B42E39A6701C->255f5341-67af-48a5-9f0a-34079e58e4b3-AppendLogResponseHandler: Failed appendEntries: org.apache.ratis.thirdparty.io.grpc.StatusRuntimeException: UNAVAILABLE: io exception
2019-10-02 11:22:25,319 [grpc-default-executor-4] INFO  impl.FollowerInfo (FollowerInfo.java:lambda$new$0(51)) - 5a152cad-2f68-44e1-8661-622a6e2403aa@group-B42E39A6701C->255f5341-67af-48a5-9f0a-34079e58e4b3: nextIndex: updateUnconditionally 0 -> 0
2019-10-02 11:22:25,325 [grpc-default-executor-1] WARN  server.GrpcLogAppender (LogUtils.java:warn(134)) - 5a152cad-2f68-44e1-8661-622a6e2403aa@group-B42E39A6701C->99afa1ab-f70e-454d-b97f-b50504ecadc2-AppendLogResponseHandler: Failed appendEntries: org.apache.ratis.thirdparty.io.grpc.StatusRuntimeException: UNAVAILABLE: io exception
2019-10-02 11:22:25,325 [grpc-default-executor-1] INFO  impl.FollowerInfo (FollowerInfo.java:lambda$new$0(51)) - 5a152cad-2f68-44e1-8661-622a6e2403aa@group-B42E39A6701C->99afa1ab-f70e-454d-b97f-b50504ecadc2: nextIndex: updateUnconditionally 0 -> 0
2019-10-02 11:22:25,553 [grpc-default-executor-4] WARN  server.GrpcLogAppender (LogUtils.java:warn(134)) - 5a152cad-2f68-44e1-8661-622a6e2403aa@group-CFA5962B69F1->99afa1ab-f70e-454d-b97f-b50504ecadc2-AppendLogResponseHandler: Failed appendEntries: org.apache.ratis.thirdparty.io.grpc.StatusRuntimeException: UNAVAILABLE: io exception
2019-10-02 11:22:25,554 [grpc-default-executor-4] INFO  impl.FollowerInfo (FollowerInfo.java:lambda$new$0(51)) - 5a152cad-2f68-44e1-8661-622a6e2403aa@group-CFA5962B69F1->99afa1ab-f70e-454d-b97f-b50504ecadc2: nextIndex: updateUnconditionally 0 -> 0
2019-10-02 11:22:25,562 [grpc-default-executor-8] WARN  server.GrpcLogAppender (LogUtils.java:warn(134)) - 5a152cad-2f68-44e1-8661-622a6e2403aa@group-33DDF701D157->99afa1ab-f70e-454d-b97f-b50504ecadc2-AppendLogResponseHandler: Failed appendEntries: org.apache.ratis.thirdparty.io.grpc.StatusRuntimeException: UNAVAILABLE: io exception
2019-10-02 11:22:25,562 [grpc-default-executor-6] WARN  server.GrpcLogAppender (LogUtils.java:warn(134)) - 5a152cad-2f68-44e1-8661-622a6e2403aa@group-33DDF701D157->255f5341-67af-48a5-9f0a-34079e58e4b3-AppendLogResponseHandler: Failed appendEntries: org.apache.ratis.thirdparty.io.grpc.StatusRuntimeException: UNAVAILABLE: io exception
2019-10-02 11:22:25,562 [grpc-default-executor-8] INFO  impl.FollowerInfo (FollowerInfo.java:lambda$new$0(51)) - 5a152cad-2f68-44e1-8661-622a6e2403aa@group-33DDF701D157->99afa1ab-f70e-454d-b97f-b50504ecadc2: nextIndex: updateUnconditionally 0 -> 0
2019-10-02 11:22:25,562 [grpc-default-executor-6] INFO  impl.FollowerInfo (FollowerInfo.java:lambda$new$0(51)) - 5a152cad-2f68-44e1-8661-622a6e2403aa@group-33DDF701D157->255f5341-67af-48a5-9f0a-34079e58e4b3: nextIndex: updateUnconditionally 0 -> 0
2019-10-02 11:22:25,601 [grpc-default-executor-0] WARN  server.GrpcLogAppender (LogUtils.java:warn(134)) - 5a152cad-2f68-44e1-8661-622a6e2403aa@group-CFA5962B69F1->255f5341-67af-48a5-9f0a-34079e58e4b3-AppendLogResponseHandler: Failed appendEntries: org.apache.ratis.thirdparty.io.grpc.StatusRuntimeException: UNAVAILABLE: io exception
2019-10-02 11:22:25,601 [grpc-default-executor-0] INFO  impl.FollowerInfo (FollowerInfo.java:lambda$new$0(51)) - 5a152cad-2f68-44e1-8661-622a6e2403aa@group-CFA5962B69F1->255f5341-67af-48a5-9f0a-34079e58e4b3: nextIndex: updateUnconditionally 0 -> 0
2019-10-02 11:22:25,818 [grpc-default-executor-6] WARN  server.GrpcLogAppender (LogUtils.java:warn(134)) - 5a152cad-2f68-44e1-8661-622a6e2403aa@group-B42E39A6701C->255f5341-67af-48a5-9f0a-34079e58e4b3-AppendLogResponseHandler: Failed appendEntries: org.apache.ratis.thirdparty.io.grpc.StatusRuntimeException: UNAVAILABLE: io exception
2019-10-02 11:22:25,819 [grpc-default-executor-6] INFO  impl.FollowerInfo (FollowerInfo.java:lambda$new$0(51)) - 5a152cad-2f68-44e1-8661-622a6e2403aa@group-B42E39A6701C->255f5341-67af-48a5-9f0a-34079e58e4b3: nextIndex: updateUnconditionally 0 -> 0
2019-10-02 11:22:25,825 [grpc-default-executor-8] WARN  server.GrpcLogAppender (LogUtils.java:warn(134)) - 5a152cad-2f68-44e1-8661-622a6e2403aa@group-B42E39A6701C->99afa1ab-f70e-454d-b97f-b50504ecadc2-AppendLogResponseHandler: Failed appendEntries: org.apache.ratis.thirdparty.io.grpc.StatusRuntimeException: UNAVAILABLE: io exception
2019-10-02 11:22:25,826 [grpc-default-executor-8] INFO  impl.FollowerInfo (FollowerInfo.java:lambda$new$0(51)) - 5a152cad-2f68-44e1-8661-622a6e2403aa@group-B42E39A6701C->99afa1ab-f70e-454d-b97f-b50504ecadc2: nextIndex: updateUnconditionally 0 -> 0
2019-10-02 11:22:26,054 [grpc-default-executor-0] WARN  server.GrpcLogAppender (LogUtils.java:warn(134)) - 5a152cad-2f68-44e1-8661-622a6e2403aa@group-CFA5962B69F1->99afa1ab-f70e-454d-b97f-b50504ecadc2-AppendLogResponseHandler: Failed appendEntries: org.apache.ratis.thirdparty.io.grpc.StatusRuntimeException: UNAVAILABLE: io exception
2019-10-02 11:22:26,054 [grpc-default-executor-0] INFO  impl.FollowerInfo (FollowerInfo.java:lambda$new$0(51)) - 5a152cad-2f68-44e1-8661-622a6e2403aa@group-CFA5962B69F1->99afa1ab-f70e-454d-b97f-b50504ecadc2: nextIndex: updateUnconditionally 0 -> 0
2019-10-02 11:22:26,063 [grpc-default-executor-1] WARN  server.GrpcLogAppender (LogUtils.java:warn(134)) - 5a152cad-2f68-44e1-8661-622a6e2403aa@group-33DDF701D157->99afa1ab-f70e-454d-b97f-b50504ecadc2-AppendLogResponseHandler: Failed appendEntries: org.apache.ratis.thirdparty.io.grpc.StatusRuntimeException: UNAVAILABLE: io exception
2019-10-02 11:22:26,063 [grpc-default-executor-14] WARN  server.GrpcLogAppender (LogUtils.java:warn(134)) - 5a152cad-2f68-44e1-8661-622a6e2403aa@group-33DDF701D157->255f5341-67af-48a5-9f0a-34079e58e4b3-AppendLogResponseHandler: Failed appendEntries: org.apache.ratis.thirdparty.io.grpc.StatusRuntimeException: UNAVAILABLE: io exception
2019-10-02 11:22:26,063 [grpc-default-executor-1] INFO  impl.FollowerInfo (FollowerInfo.java:lambda$new$0(51)) - 5a152cad-2f68-44e1-8661-622a6e2403aa@group-33DDF701D157->99afa1ab-f70e-454d-b97f-b50504ecadc2: nextIndex: updateUnconditionally 0 -> 0
2019-10-02 11:22:26,063 [grpc-default-executor-14] INFO  impl.FollowerInfo (FollowerInfo.java:lambda$new$0(51)) - 5a152cad-2f68-44e1-8661-622a6e2403aa@group-33DDF701D157->255f5341-67af-48a5-9f0a-34079e58e4b3: nextIndex: updateUnconditionally 0 -> 0
2019-10-02 11:22:26,102 [grpc-default-executor-14] WARN  server.GrpcLogAppender (LogUtils.java:warn(134)) - 5a152cad-2f68-44e1-8661-622a6e2403aa@group-CFA5962B69F1->255f5341-67af-48a5-9f0a-34079e58e4b3-AppendLogResponseHandler: Failed appendEntries: org.apache.ratis.thirdparty.io.grpc.StatusRuntimeException: UNAVAILABLE: io exception
2019-10-02 11:22:26,102 [grpc-default-executor-14] INFO  impl.FollowerInfo (FollowerInfo.java:lambda$new$0(51)) - 5a152cad-2f68-44e1-8661-622a6e2403aa@group-CFA5962B69F1->255f5341-67af-48a5-9f0a-34079e58e4b3: nextIndex: updateUnconditionally 0 -> 0
2019-10-02 11:22:26,320 [grpc-default-executor-14] WARN  server.GrpcLogAppender (LogUtils.java:warn(134)) - 5a152cad-2f68-44e1-8661-622a6e2403aa@group-B42E39A6701C->255f5341-67af-48a5-9f0a-34079e58e4b3-AppendLogResponseHandler: Failed appendEntries: org.apache.ratis.thirdparty.io.grpc.StatusRuntimeException: UNAVAILABLE: io exception
2019-10-02 11:22:26,320 [grpc-default-executor-14] INFO  impl.FollowerInfo (FollowerInfo.java:lambda$new$0(51)) - 5a152cad-2f68-44e1-8661-622a6e2403aa@group-B42E39A6701C->255f5341-67af-48a5-9f0a-34079e58e4b3: nextIndex: updateUnconditionally 0 -> 0
2019-10-02 11:22:26,326 [grpc-default-executor-0] WARN  server.GrpcLogAppender (LogUtils.java:warn(134)) - 5a152cad-2f68-44e1-8661-622a6e2403aa@group-B42E39A6701C->99afa1ab-f70e-454d-b97f-b50504ecadc2-AppendLogResponseHandler: Failed appendEntries: org.apache.ratis.thirdparty.io.grpc.StatusRuntimeException: UNAVAILABLE: io exception
2019-10-02 11:22:26,326 [grpc-default-executor-0] INFO  impl.FollowerInfo (FollowerInfo.java:lambda$new$0(51)) - 5a152cad-2f68-44e1-8661-622a6e2403aa@group-B42E39A6701C->99afa1ab-f70e-454d-b97f-b50504ecadc2: nextIndex: updateUnconditionally 0 -> 0
2019-10-02 11:22:26,556 [grpc-default-executor-0] WARN  server.GrpcLogAppender (LogUtils.java:warn(134)) - 5a152cad-2f68-44e1-8661-622a6e2403aa@group-CFA5962B69F1->99afa1ab-f70e-454d-b97f-b50504ecadc2-AppendLogResponseHandler: Failed appendEntries: org.apache.ratis.thirdparty.io.grpc.StatusRuntimeException: UNAVAILABLE: io exception
2019-10-02 11:22:26,557 [grpc-default-executor-0] INFO  impl.FollowerInfo (FollowerInfo.java:lambda$new$0(51)) - 5a152cad-2f68-44e1-8661-622a6e2403aa@group-CFA5962B69F1->99afa1ab-f70e-454d-b97f-b50504ecadc2: nextIndex: updateUnconditionally 0 -> 0
2019-10-02 11:22:26,564 [grpc-default-executor-0] WARN  server.GrpcLogAppender (LogUtils.java:warn(134)) - 5a152cad-2f68-44e1-8661-622a6e2403aa@group-33DDF701D157->99afa1ab-f70e-454d-b97f-b50504ecadc2-AppendLogResponseHandler: Failed appendEntries: org.apache.ratis.thirdparty.io.grpc.StatusRuntimeException: UNAVAILABLE: io exception
2019-10-02 11:22:26,565 [grpc-default-executor-0] INFO  impl.FollowerInfo (FollowerInfo.java:lambda$new$0(51)) - 5a152cad-2f68-44e1-8661-622a6e2403aa@group-33DDF701D157->99afa1ab-f70e-454d-b97f-b50504ecadc2: nextIndex: updateUnconditionally 0 -> 0
2019-10-02 11:22:26,603 [grpc-default-executor-14] WARN  server.GrpcLogAppender (LogUtils.java:warn(134)) - 5a152cad-2f68-44e1-8661-622a6e2403aa@group-CFA5962B69F1->255f5341-67af-48a5-9f0a-34079e58e4b3-AppendLogResponseHandler: Failed appendEntries: org.apache.ratis.thirdparty.io.grpc.StatusRuntimeException: UNAVAILABLE: io exception
2019-10-02 11:22:26,603 [grpc-default-executor-14] INFO  impl.FollowerInfo (FollowerInfo.java:lambda$new$0(51)) - 5a152cad-2f68-44e1-8661-622a6e2403aa@group-CFA5962B69F1->255f5341-67af-48a5-9f0a-34079e58e4b3: nextIndex: updateUnconditionally 0 -> 0
2019-10-02 11:22:26,823 [grpc-default-executor-1] WARN  server.GrpcLogAppender (LogUtils.java:warn(134)) - 5a152cad-2f68-44e1-8661-622a6e2403aa@group-B42E39A6701C->255f5341-67af-48a5-9f0a-34079e58e4b3-AppendLogResponseHandler: Failed appendEntries: org.apache.ratis.thirdparty.io.grpc.StatusRuntimeException: UNAVAILABLE: io exception
2019-10-02 11:22:26,824 [grpc-default-executor-1] INFO  impl.FollowerInfo (FollowerInfo.java:lambda$new$0(51)) - 5a152cad-2f68-44e1-8661-622a6e2403aa@group-B42E39A6701C->255f5341-67af-48a5-9f0a-34079e58e4b3: nextIndex: updateUnconditionally 0 -> 0
2019-10-02 11:22:26,827 [grpc-default-executor-0] WARN  server.GrpcLogAppender (LogUtils.java:warn(134)) - 5a152cad-2f68-44e1-8661-622a6e2403aa@group-B42E39A6701C->99afa1ab-f70e-454d-b97f-b50504ecadc2-AppendLogResponseHandler: Failed appendEntries: org.apache.ratis.thirdparty.io.grpc.StatusRuntimeException: UNAVAILABLE: io exception
2019-10-02 11:22:26,827 [grpc-default-executor-0] INFO  impl.FollowerInfo (FollowerInfo.java:lambda$new$0(51)) - 5a152cad-2f68-44e1-8661-622a6e2403aa@group-B42E39A6701C->99afa1ab-f70e-454d-b97f-b50504ecadc2: nextIndex: updateUnconditionally 0 -> 0
2019-10-02 11:22:27,057 [grpc-default-executor-14] WARN  server.GrpcLogAppender (LogUtils.java:warn(134)) - 5a152cad-2f68-44e1-8661-622a6e2403aa@group-CFA5962B69F1->99afa1ab-f70e-454d-b97f-b50504ecadc2-AppendLogResponseHandler: Failed appendEntries: org.apache.ratis.thirdparty.io.grpc.StatusRuntimeException: UNAVAILABLE: io exception
2019-10-02 11:22:27,104 [grpc-default-executor-4] WARN  server.GrpcLogAppender (LogUtils.java:warn(134)) - 5a152cad-2f68-44e1-8661-622a6e2403aa@group-CFA5962B69F1->255f5341-67af-48a5-9f0a-34079e58e4b3-AppendLogResponseHandler: Failed appendEntries: org.apache.ratis.thirdparty.io.grpc.StatusRuntimeException: UNAVAILABLE: io exception
2019-10-02 11:22:39,125 [grpc-default-executor-14] INFO  impl.FollowerInfo (FollowerInfo.java:lambda$new$0(51)) - 5a152cad-2f68-44e1-8661-622a6e2403aa@group-CFA5962B69F1->99afa1ab-f70e-454d-b97f-b50504ecadc2: nextIndex: updateUnconditionally 0 -> 0
2019-10-02 11:22:39,129 [SCM Heartbeat Processing Thread - 0] ERROR node.NodeStateManager (NodeStateManager.java:checkNodesHealth(626)) - Total time spend processing datanode HB's is greater than configured values for datanode heartbeats. Please adjust the heartbeat configs. Time Spend on HB processing: 11 seconds Datanode heartbeat Interval: 100 seconds.
2019-10-02 11:22:39,131 [grpc-default-executor-4] INFO  impl.FollowerInfo (FollowerInfo.java:lambda$new$0(51)) - 5a152cad-2f68-44e1-8661-622a6e2403aa@group-CFA5962B69F1->255f5341-67af-48a5-9f0a-34079e58e4b3: nextIndex: updateUnconditionally 0 -> 0
2019-10-02 11:22:39,162 [java.util.concurrent.ThreadPoolExecutor$Worker@7cd10737[State = -1, empty queue]] ERROR client.GrpcClientProtocolClient (GrpcClientProtocolClient.java:close(148)) - Unexpected exception while waiting for channel termination
java.lang.InterruptedException
	at java.util.concurrent.locks.AbstractQueuedSynchronizer.tryAcquireSharedNanos(AbstractQueuedSynchronizer.java:1326)
	at java.util.concurrent.CountDownLatch.await(CountDownLatch.java:277)
	at org.apache.ratis.thirdparty.io.grpc.internal.ManagedChannelImpl.awaitTermination(ManagedChannelImpl.java:763)
	at org.apache.ratis.thirdparty.io.grpc.internal.ForwardingManagedChannel.awaitTermination(ForwardingManagedChannel.java:57)
	at org.apache.ratis.thirdparty.io.grpc.internal.ManagedChannelOrphanWrapper.awaitTermination(ManagedChannelOrphanWrapper.java:70)
	at org.apache.ratis.grpc.client.GrpcClientProtocolClient.close(GrpcClientProtocolClient.java:146)
	at org.apache.ratis.util.PeerProxyMap$PeerAndProxy.lambda$close$1(PeerProxyMap.java:74)
	at org.apache.ratis.util.LifeCycle.lambda$checkStateAndClose$2(LifeCycle.java:231)
	at org.apache.ratis.util.LifeCycle.checkStateAndClose(LifeCycle.java:251)
	at org.apache.ratis.util.LifeCycle.checkStateAndClose(LifeCycle.java:229)
	at org.apache.ratis.util.PeerProxyMap$PeerAndProxy.close(PeerProxyMap.java:70)
	at org.apache.ratis.util.PeerProxyMap.resetProxy(PeerProxyMap.java:127)
	at org.apache.ratis.util.PeerProxyMap.handleException(PeerProxyMap.java:136)
	at org.apache.ratis.client.impl.RaftClientRpcWithProxy.handleException(RaftClientRpcWithProxy.java:47)
	at org.apache.ratis.client.impl.RaftClientImpl.handleIOException(RaftClientImpl.java:372)
	at org.apache.ratis.client.impl.OrderedAsync.lambda$sendRequest$10(OrderedAsync.java:236)
	at java.util.concurrent.CompletableFuture.uniExceptionally(CompletableFuture.java:870)
	at java.util.concurrent.CompletableFuture$UniExceptionally.tryFire(CompletableFuture.java:852)
	at java.util.concurrent.CompletableFuture.postComplete(CompletableFuture.java:474)
	at java.util.concurrent.CompletableFuture.completeExceptionally(CompletableFuture.java:1977)
	at org.apache.ratis.grpc.client.GrpcClientProtocolClient$AsyncStreamObservers.lambda$timeoutCheck$3(GrpcClientProtocolClient.java:324)
	at java.util.Optional.ifPresent(Optional.java:159)
	at org.apache.ratis.grpc.client.GrpcClientProtocolClient$AsyncStreamObservers.handleReplyFuture(GrpcClientProtocolClient.java:329)
	at org.apache.ratis.grpc.client.GrpcClientProtocolClient$AsyncStreamObservers.timeoutCheck(GrpcClientProtocolClient.java:324)
	at org.apache.ratis.grpc.client.GrpcClientProtocolClient$AsyncStreamObservers.lambda$onNext$1(GrpcClientProtocolClient.java:318)
	at org.apache.ratis.util.TimeoutScheduler.lambda$onTimeout$0(TimeoutScheduler.java:113)
	at org.apache.ratis.util.TimeoutScheduler.lambda$onTimeout$1(TimeoutScheduler.java:133)
	at org.apache.ratis.util.LogUtils.runAndLog(LogUtils.java:50)
	at org.apache.ratis.util.LogUtils$1.run(LogUtils.java:91)
	at java.util.concurrent.Executors$RunnableAdapter.call(Executors.java:511)
	at java.util.concurrent.FutureTask.run(FutureTask.java:266)
	at java.util.concurrent.ScheduledThreadPoolExecutor$ScheduledFutureTask.access$201(ScheduledThreadPoolExecutor.java:180)
	at java.util.concurrent.ScheduledThreadPoolExecutor$ScheduledFutureTask.run(ScheduledThreadPoolExecutor.java:293)
	at java.util.concurrent.ThreadPoolExecutor.runWorker(ThreadPoolExecutor.java:1149)
	at java.util.concurrent.ThreadPoolExecutor$Worker.run(ThreadPoolExecutor.java:624)
	at java.lang.Thread.run(Thread.java:748)
2019-10-02 11:22:39,163 [org.apache.hadoop.util.JvmPauseMonitor$Monitor@27d070c5] WARN  util.JvmPauseMonitor (JvmPauseMonitor.java:run(201)) - Detected pause in JVM or host machine (eg GC): pause of approximately 12043ms
No GCs detected
2019-10-02 11:22:39,162 [java.util.concurrent.ThreadPoolExecutor$Worker@52a1bd33[State = -1, empty queue]] WARN  server.GrpcLogAppender (GrpcLogAppender.java:timeoutAppendRequest(200)) - 5a152cad-2f68-44e1-8661-622a6e2403aa@group-CFA5962B69F1->99afa1ab-f70e-454d-b97f-b50504ecadc2-GrpcLogAppender: appendEntries Timeout, request=5a152cad-2f68-44e1-8661-622a6e2403aa->99afa1ab-f70e-454d-b97f-b50504ecadc2#36-t2, previous=(t:0, i:0), leaderCommit=0, initializing? false, entries: <empty>
2019-10-02 11:22:39,163 [java.util.concurrent.ThreadPoolExecutor$Worker@7cd10737[State = -1, empty queue]] WARN  util.TimeoutScheduler (LogUtils.java:runAndLog(55)) - Failed to task #0: java.lang.NullPointerException
2019-10-02 11:22:39,165 [org.apache.hadoop.util.JvmPauseMonitor$Monitor@1d37ce20] WARN  util.JvmPauseMonitor (JvmPauseMonitor.java:run(201)) - Detected pause in JVM or host machine (eg GC): pause of approximately 12006ms
No GCs detected
2019-10-02 11:22:39,224 [grpc-default-executor-1] WARN  server.GrpcLogAppender (LogUtils.java:warn(134)) - 5a152cad-2f68-44e1-8661-622a6e2403aa@group-B42E39A6701C->99afa1ab-f70e-454d-b97f-b50504ecadc2-AppendLogResponseHandler: Failed appendEntries: org.apache.ratis.thirdparty.io.grpc.StatusRuntimeException: UNAVAILABLE: io exception
2019-10-02 11:22:39,224 [grpc-default-executor-14] WARN  server.GrpcLogAppender (LogUtils.java:warn(134)) - 5a152cad-2f68-44e1-8661-622a6e2403aa@group-CFA5962B69F1->99afa1ab-f70e-454d-b97f-b50504ecadc2-AppendLogResponseHandler: Failed appendEntries: org.apache.ratis.thirdparty.io.grpc.StatusRuntimeException: UNAVAILABLE: io exception
2019-10-02 11:22:39,225 [grpc-default-executor-14] INFO  impl.FollowerInfo (FollowerInfo.java:lambda$new$0(51)) - 5a152cad-2f68-44e1-8661-622a6e2403aa@group-CFA5962B69F1->99afa1ab-f70e-454d-b97f-b50504ecadc2: nextIndex: updateUnconditionally 0 -> 0
2019-10-02 11:22:39,225 [grpc-default-executor-8] WARN  server.GrpcLogAppender (LogUtils.java:warn(134)) - 5a152cad-2f68-44e1-8661-622a6e2403aa@group-33DDF701D157->99afa1ab-f70e-454d-b97f-b50504ecadc2-AppendLogResponseHandler: Failed appendEntries: org.apache.ratis.thirdparty.io.grpc.StatusRuntimeException: UNAVAILABLE: io exception
2019-10-02 11:22:39,225 [grpc-default-executor-8] INFO  impl.FollowerInfo (FollowerInfo.java:lambda$new$0(51)) - 5a152cad-2f68-44e1-8661-622a6e2403aa@group-33DDF701D157->99afa1ab-f70e-454d-b97f-b50504ecadc2: nextIndex: updateUnconditionally 0 -> 0
2019-10-02 11:22:39,225 [grpc-default-executor-1] INFO  impl.FollowerInfo (FollowerInfo.java:lambda$new$0(51)) - 5a152cad-2f68-44e1-8661-622a6e2403aa@group-B42E39A6701C->99afa1ab-f70e-454d-b97f-b50504ecadc2: nextIndex: updateUnconditionally 0 -> 0
2019-10-02 11:22:39,246 [grpc-default-executor-6] WARN  server.GrpcLogAppender (LogUtils.java:warn(134)) - 5a152cad-2f68-44e1-8661-622a6e2403aa@group-CFA5962B69F1->255f5341-67af-48a5-9f0a-34079e58e4b3-AppendLogResponseHandler: Failed appendEntries: org.apache.ratis.thirdparty.io.grpc.StatusRuntimeException: UNAVAILABLE: io exception
2019-10-02 11:22:39,246 [grpc-default-executor-14] WARN  server.GrpcLogAppender (LogUtils.java:warn(134)) - 5a152cad-2f68-44e1-8661-622a6e2403aa@group-B42E39A6701C->255f5341-67af-48a5-9f0a-34079e58e4b3-AppendLogResponseHandler: Failed appendEntries: org.apache.ratis.thirdparty.io.grpc.StatusRuntimeException: UNAVAILABLE: io exception
2019-10-02 11:22:39,247 [grpc-default-executor-6] INFO  impl.FollowerInfo (FollowerInfo.java:lambda$new$0(51)) - 5a152cad-2f68-44e1-8661-622a6e2403aa@group-CFA5962B69F1->255f5341-67af-48a5-9f0a-34079e58e4b3: nextIndex: updateUnconditionally 0 -> 0
2019-10-02 11:22:39,246 [grpc-default-executor-1] WARN  server.GrpcLogAppender (LogUtils.java:warn(134)) - 5a152cad-2f68-44e1-8661-622a6e2403aa@group-33DDF701D157->255f5341-67af-48a5-9f0a-34079e58e4b3-AppendLogResponseHandler: Failed appendEntries: org.apache.ratis.thirdparty.io.grpc.StatusRuntimeException: UNAVAILABLE: io exception
2019-10-02 11:22:39,247 [grpc-default-executor-14] INFO  impl.FollowerInfo (FollowerInfo.java:lambda$new$0(51)) - 5a152cad-2f68-44e1-8661-622a6e2403aa@group-B42E39A6701C->255f5341-67af-48a5-9f0a-34079e58e4b3: nextIndex: updateUnconditionally 0 -> 0
2019-10-02 11:22:39,247 [grpc-default-executor-1] INFO  impl.FollowerInfo (FollowerInfo.java:lambda$new$0(51)) - 5a152cad-2f68-44e1-8661-622a6e2403aa@group-33DDF701D157->255f5341-67af-48a5-9f0a-34079e58e4b3: nextIndex: updateUnconditionally 0 -> 0
2019-10-02 11:22:39,629 [grpc-default-executor-1] WARN  server.GrpcLogAppender (LogUtils.java:warn(134)) - 5a152cad-2f68-44e1-8661-622a6e2403aa@group-B42E39A6701C->99afa1ab-f70e-454d-b97f-b50504ecadc2-AppendLogResponseHandler: Failed appendEntries: org.apache.ratis.thirdparty.io.grpc.StatusRuntimeException: UNAVAILABLE: io exception
2019-10-02 11:22:39,629 [grpc-default-executor-4] WARN  server.GrpcLogAppender (LogUtils.java:warn(134)) - 5a152cad-2f68-44e1-8661-622a6e2403aa@group-33DDF701D157->99afa1ab-f70e-454d-b97f-b50504ecadc2-AppendLogResponseHandler: Failed appendEntries: org.apache.ratis.thirdparty.io.grpc.StatusRuntimeException: UNAVAILABLE: io exception
2019-10-02 11:22:39,630 [grpc-default-executor-1] INFO  impl.FollowerInfo (FollowerInfo.java:lambda$new$0(51)) - 5a152cad-2f68-44e1-8661-622a6e2403aa@group-B42E39A6701C->99afa1ab-f70e-454d-b97f-b50504ecadc2: nextIndex: updateUnconditionally 0 -> 0
2019-10-02 11:22:39,629 [grpc-default-executor-0] WARN  server.GrpcLogAppender (LogUtils.java:warn(134)) - 5a152cad-2f68-44e1-8661-622a6e2403aa@group-CFA5962B69F1->99afa1ab-f70e-454d-b97f-b50504ecadc2-AppendLogResponseHandler: Failed appendEntries: org.apache.ratis.thirdparty.io.grpc.StatusRuntimeException: UNAVAILABLE: io exception
2019-10-02 11:22:39,630 [grpc-default-executor-4] INFO  impl.FollowerInfo (FollowerInfo.java:lambda$new$0(51)) - 5a152cad-2f68-44e1-8661-622a6e2403aa@group-33DDF701D157->99afa1ab-f70e-454d-b97f-b50504ecadc2: nextIndex: updateUnconditionally 0 -> 0
2019-10-02 11:22:39,630 [grpc-default-executor-0] INFO  impl.FollowerInfo (FollowerInfo.java:lambda$new$0(51)) - 5a152cad-2f68-44e1-8661-622a6e2403aa@group-CFA5962B69F1->99afa1ab-f70e-454d-b97f-b50504ecadc2: nextIndex: updateUnconditionally 0 -> 0
2019-10-02 11:22:39,694 [grpc-default-executor-1] WARN  server.GrpcLogAppender (LogUtils.java:warn(134)) - 5a152cad-2f68-44e1-8661-622a6e2403aa@group-B42E39A6701C->255f5341-67af-48a5-9f0a-34079e58e4b3-AppendLogResponseHandler: Failed appendEntries: org.apache.ratis.thirdparty.io.grpc.StatusRuntimeException: UNAVAILABLE: io exception
2019-10-02 11:22:39,694 [grpc-default-executor-1] INFO  impl.FollowerInfo (FollowerInfo.java:lambda$new$0(51)) - 5a152cad-2f68-44e1-8661-622a6e2403aa@group-B42E39A6701C->255f5341-67af-48a5-9f0a-34079e58e4b3: nextIndex: updateUnconditionally 0 -> 0
2019-10-02 11:22:39,698 [grpc-default-executor-6] WARN  server.GrpcLogAppender (LogUtils.java:warn(134)) - 5a152cad-2f68-44e1-8661-622a6e2403aa@group-CFA5962B69F1->255f5341-67af-48a5-9f0a-34079e58e4b3-AppendLogResponseHandler: Failed appendEntries: org.apache.ratis.thirdparty.io.grpc.StatusRuntimeException: UNAVAILABLE: io exception
2019-10-02 11:22:39,698 [grpc-default-executor-14] WARN  server.GrpcLogAppender (LogUtils.java:warn(134)) - 5a152cad-2f68-44e1-8661-622a6e2403aa@group-33DDF701D157->255f5341-67af-48a5-9f0a-34079e58e4b3-AppendLogResponseHandler: Failed appendEntries: org.apache.ratis.thirdparty.io.grpc.StatusRuntimeException: UNAVAILABLE: io exception
2019-10-02 11:22:39,698 [grpc-default-executor-6] INFO  impl.FollowerInfo (FollowerInfo.java:lambda$new$0(51)) - 5a152cad-2f68-44e1-8661-622a6e2403aa@group-CFA5962B69F1->255f5341-67af-48a5-9f0a-34079e58e4b3: nextIndex: updateUnconditionally 0 -> 0
2019-10-02 11:22:39,698 [grpc-default-executor-14] INFO  impl.FollowerInfo (FollowerInfo.java:lambda$new$0(51)) - 5a152cad-2f68-44e1-8661-622a6e2403aa@group-33DDF701D157->255f5341-67af-48a5-9f0a-34079e58e4b3: nextIndex: updateUnconditionally 0 -> 0
2019-10-02 11:22:40,131 [grpc-default-executor-14] WARN  server.GrpcLogAppender (LogUtils.java:warn(134)) - 5a152cad-2f68-44e1-8661-622a6e2403aa@group-B42E39A6701C->99afa1ab-f70e-454d-b97f-b50504ecadc2-AppendLogResponseHandler: Failed appendEntries: org.apache.ratis.thirdparty.io.grpc.StatusRuntimeException: UNAVAILABLE: io exception
2019-10-02 11:22:40,131 [grpc-default-executor-8] WARN  server.GrpcLogAppender (LogUtils.java:warn(134)) - 5a152cad-2f68-44e1-8661-622a6e2403aa@group-33DDF701D157->99afa1ab-f70e-454d-b97f-b50504ecadc2-AppendLogResponseHandler: Failed appendEntries: org.apache.ratis.thirdparty.io.grpc.StatusRuntimeException: UNAVAILABLE: io exception
2019-10-02 11:22:40,131 [grpc-default-executor-4] WARN  server.GrpcLogAppender (LogUtils.java:warn(134)) - 5a152cad-2f68-44e1-8661-622a6e2403aa@group-CFA5962B69F1->99afa1ab-f70e-454d-b97f-b50504ecadc2-AppendLogResponseHandler: Failed appendEntries: org.apache.ratis.thirdparty.io.grpc.StatusRuntimeException: UNAVAILABLE: io exception
2019-10-02 11:22:40,131 [grpc-default-executor-8] INFO  impl.FollowerInfo (FollowerInfo.java:lambda$new$0(51)) - 5a152cad-2f68-44e1-8661-622a6e2403aa@group-33DDF701D157->99afa1ab-f70e-454d-b97f-b50504ecadc2: nextIndex: updateUnconditionally 0 -> 0
2019-10-02 11:22:40,131 [grpc-default-executor-14] INFO  impl.FollowerInfo (FollowerInfo.java:lambda$new$0(51)) - 5a152cad-2f68-44e1-8661-622a6e2403aa@group-B42E39A6701C->99afa1ab-f70e-454d-b97f-b50504ecadc2: nextIndex: updateUnconditionally 0 -> 0
2019-10-02 11:22:40,131 [grpc-default-executor-4] INFO  impl.FollowerInfo (FollowerInfo.java:lambda$new$0(51)) - 5a152cad-2f68-44e1-8661-622a6e2403aa@group-CFA5962B69F1->99afa1ab-f70e-454d-b97f-b50504ecadc2: nextIndex: updateUnconditionally 0 -> 0
2019-10-02 11:22:40,194 [grpc-default-executor-14] WARN  server.GrpcLogAppender (LogUtils.java:warn(134)) - 5a152cad-2f68-44e1-8661-622a6e2403aa@group-B42E39A6701C->255f5341-67af-48a5-9f0a-34079e58e4b3-AppendLogResponseHandler: Failed appendEntries: org.apache.ratis.thirdparty.io.grpc.StatusRuntimeException: UNAVAILABLE: io exception
2019-10-02 11:22:40,195 [grpc-default-executor-14] INFO  impl.FollowerInfo (FollowerInfo.java:lambda$new$0(51)) - 5a152cad-2f68-44e1-8661-622a6e2403aa@group-B42E39A6701C->255f5341-67af-48a5-9f0a-34079e58e4b3: nextIndex: updateUnconditionally 0 -> 0
2019-10-02 11:22:40,198 [grpc-default-executor-6] WARN  server.GrpcLogAppender (LogUtils.java:warn(134)) - 5a152cad-2f68-44e1-8661-622a6e2403aa@group-CFA5962B69F1->255f5341-67af-48a5-9f0a-34079e58e4b3-AppendLogResponseHandler: Failed appendEntries: org.apache.ratis.thirdparty.io.grpc.StatusRuntimeException: UNAVAILABLE: io exception
2019-10-02 11:22:40,198 [grpc-default-executor-14] WARN  server.GrpcLogAppender (LogUtils.java:warn(134)) - 5a152cad-2f68-44e1-8661-622a6e2403aa@group-33DDF701D157->255f5341-67af-48a5-9f0a-34079e58e4b3-AppendLogResponseHandler: Failed appendEntries: org.apache.ratis.thirdparty.io.grpc.StatusRuntimeException: UNAVAILABLE: io exception
2019-10-02 11:22:40,198 [grpc-default-executor-6] INFO  impl.FollowerInfo (FollowerInfo.java:lambda$new$0(51)) - 5a152cad-2f68-44e1-8661-622a6e2403aa@group-CFA5962B69F1->255f5341-67af-48a5-9f0a-34079e58e4b3: nextIndex: updateUnconditionally 0 -> 0
2019-10-02 11:22:40,198 [grpc-default-executor-14] INFO  impl.FollowerInfo (FollowerInfo.java:lambda$new$0(51)) - 5a152cad-2f68-44e1-8661-622a6e2403aa@group-33DDF701D157->255f5341-67af-48a5-9f0a-34079e58e4b3: nextIndex: updateUnconditionally 0 -> 0
2019-10-02 11:22:40,632 [grpc-default-executor-4] WARN  server.GrpcLogAppender (LogUtils.java:warn(134)) - 5a152cad-2f68-44e1-8661-622a6e2403aa@group-33DDF701D157->99afa1ab-f70e-454d-b97f-b50504ecadc2-AppendLogResponseHandler: Failed appendEntries: org.apache.ratis.thirdparty.io.grpc.StatusRuntimeException: UNAVAILABLE: io exception
2019-10-02 11:22:40,632 [grpc-default-executor-14] WARN  server.GrpcLogAppender (LogUtils.java:warn(134)) - 5a152cad-2f68-44e1-8661-622a6e2403aa@group-CFA5962B69F1->99afa1ab-f70e-454d-b97f-b50504ecadc2-AppendLogResponseHandler: Failed appendEntries: org.apache.ratis.thirdparty.io.grpc.StatusRuntimeException: UNAVAILABLE: io exception
2019-10-02 11:22:40,632 [grpc-default-executor-6] WARN  server.GrpcLogAppender (LogUtils.java:warn(134)) - 5a152cad-2f68-44e1-8661-622a6e2403aa@group-B42E39A6701C->99afa1ab-f70e-454d-b97f-b50504ecadc2-AppendLogResponseHandler: Failed appendEntries: org.apache.ratis.thirdparty.io.grpc.StatusRuntimeException: UNAVAILABLE: io exception
2019-10-02 11:22:40,632 [grpc-default-executor-14] INFO  impl.FollowerInfo (FollowerInfo.java:lambda$new$0(51)) - 5a152cad-2f68-44e1-8661-622a6e2403aa@group-CFA5962B69F1->99afa1ab-f70e-454d-b97f-b50504ecadc2: nextIndex: updateUnconditionally 0 -> 0
2019-10-02 11:22:40,632 [grpc-default-executor-4] INFO  impl.FollowerInfo (FollowerInfo.java:lambda$new$0(51)) - 5a152cad-2f68-44e1-8661-622a6e2403aa@group-33DDF701D157->99afa1ab-f70e-454d-b97f-b50504ecadc2: nextIndex: updateUnconditionally 0 -> 0
2019-10-02 11:22:40,632 [grpc-default-executor-6] INFO  impl.FollowerInfo (FollowerInfo.java:lambda$new$0(51)) - 5a152cad-2f68-44e1-8661-622a6e2403aa@group-B42E39A6701C->99afa1ab-f70e-454d-b97f-b50504ecadc2: nextIndex: updateUnconditionally 0 -> 0
2019-10-02 11:22:40,695 [grpc-default-executor-14] WARN  server.GrpcLogAppender (LogUtils.java:warn(134)) - 5a152cad-2f68-44e1-8661-622a6e2403aa@group-B42E39A6701C->255f5341-67af-48a5-9f0a-34079e58e4b3-AppendLogResponseHandler: Failed appendEntries: org.apache.ratis.thirdparty.io.grpc.StatusRuntimeException: UNAVAILABLE: io exception
2019-10-02 11:22:40,695 [grpc-default-executor-14] INFO  impl.FollowerInfo (FollowerInfo.java:lambda$new$0(51)) - 5a152cad-2f68-44e1-8661-622a6e2403aa@group-B42E39A6701C->255f5341-67af-48a5-9f0a-34079e58e4b3: nextIndex: updateUnconditionally 0 -> 0
2019-10-02 11:22:40,699 [grpc-default-executor-14] WARN  server.GrpcLogAppender (LogUtils.java:warn(134)) - 5a152cad-2f68-44e1-8661-622a6e2403aa@group-CFA5962B69F1->255f5341-67af-48a5-9f0a-34079e58e4b3-AppendLogResponseHandler: Failed appendEntries: org.apache.ratis.thirdparty.io.grpc.StatusRuntimeException: UNAVAILABLE: io exception
2019-10-02 11:22:40,699 [grpc-default-executor-6] WARN  server.GrpcLogAppender (LogUtils.java:warn(134)) - 5a152cad-2f68-44e1-8661-622a6e2403aa@group-33DDF701D157->255f5341-67af-48a5-9f0a-34079e58e4b3-AppendLogResponseHandler: Failed appendEntries: org.apache.ratis.thirdparty.io.grpc.StatusRuntimeException: UNAVAILABLE: io exception
2019-10-02 11:22:40,700 [grpc-default-executor-14] INFO  impl.FollowerInfo (FollowerInfo.java:lambda$new$0(51)) - 5a152cad-2f68-44e1-8661-622a6e2403aa@group-CFA5962B69F1->255f5341-67af-48a5-9f0a-34079e58e4b3: nextIndex: updateUnconditionally 0 -> 0
2019-10-02 11:22:40,700 [grpc-default-executor-6] INFO  impl.FollowerInfo (FollowerInfo.java:lambda$new$0(51)) - 5a152cad-2f68-44e1-8661-622a6e2403aa@group-33DDF701D157->255f5341-67af-48a5-9f0a-34079e58e4b3: nextIndex: updateUnconditionally 0 -> 0
2019-10-02 11:22:41,133 [grpc-default-executor-4] WARN  server.GrpcLogAppender (LogUtils.java:warn(134)) - 5a152cad-2f68-44e1-8661-622a6e2403aa@group-B42E39A6701C->99afa1ab-f70e-454d-b97f-b50504ecadc2-AppendLogResponseHandler: Failed appendEntries: org.apache.ratis.thirdparty.io.grpc.StatusRuntimeException: UNAVAILABLE: io exception
2019-10-02 11:22:41,133 [grpc-default-executor-0] WARN  server.GrpcLogAppender (LogUtils.java:warn(134)) - 5a152cad-2f68-44e1-8661-622a6e2403aa@group-33DDF701D157->99afa1ab-f70e-454d-b97f-b50504ecadc2-AppendLogResponseHandler: Failed appendEntries: org.apache.ratis.thirdparty.io.grpc.StatusRuntimeException: UNAVAILABLE: io exception
2019-10-02 11:22:41,133 [grpc-default-executor-1] WARN  server.GrpcLogAppender (LogUtils.java:warn(134)) - 5a152cad-2f68-44e1-8661-622a6e2403aa@group-CFA5962B69F1->99afa1ab-f70e-454d-b97f-b50504ecadc2-AppendLogResponseHandler: Failed appendEntries: org.apache.ratis.thirdparty.io.grpc.StatusRuntimeException: UNAVAILABLE: io exception
2019-10-02 11:22:41,134 [grpc-default-executor-0] INFO  impl.FollowerInfo (FollowerInfo.java:lambda$new$0(51)) - 5a152cad-2f68-44e1-8661-622a6e2403aa@group-33DDF701D157->99afa1ab-f70e-454d-b97f-b50504ecadc2: nextIndex: updateUnconditionally 0 -> 0
2019-10-02 11:22:41,133 [grpc-default-executor-4] INFO  impl.FollowerInfo (FollowerInfo.java:lambda$new$0(51)) - 5a152cad-2f68-44e1-8661-622a6e2403aa@group-B42E39A6701C->99afa1ab-f70e-454d-b97f-b50504ecadc2: nextIndex: updateUnconditionally 0 -> 0
2019-10-02 11:22:41,134 [grpc-default-executor-1] INFO  impl.FollowerInfo (FollowerInfo.java:lambda$new$0(51)) - 5a152cad-2f68-44e1-8661-622a6e2403aa@group-CFA5962B69F1->99afa1ab-f70e-454d-b97f-b50504ecadc2: nextIndex: updateUnconditionally 0 -> 0
2019-10-02 11:22:41,196 [grpc-default-executor-4] WARN  server.GrpcLogAppender (LogUtils.java:warn(134)) - 5a152cad-2f68-44e1-8661-622a6e2403aa@group-B42E39A6701C->255f5341-67af-48a5-9f0a-34079e58e4b3-AppendLogResponseHandler: Failed appendEntries: org.apache.ratis.thirdparty.io.grpc.StatusRuntimeException: UNAVAILABLE: io exception
2019-10-02 11:22:41,196 [grpc-default-executor-4] INFO  impl.FollowerInfo (FollowerInfo.java:lambda$new$0(51)) - 5a152cad-2f68-44e1-8661-622a6e2403aa@group-B42E39A6701C->255f5341-67af-48a5-9f0a-34079e58e4b3: nextIndex: updateUnconditionally 0 -> 0
2019-10-02 11:22:41,199 [grpc-default-executor-1] WARN  server.GrpcLogAppender (LogUtils.java:warn(134)) - 5a152cad-2f68-44e1-8661-622a6e2403aa@group-CFA5962B69F1->255f5341-67af-48a5-9f0a-34079e58e4b3-AppendLogResponseHandler: Failed appendEntries: org.apache.ratis.thirdparty.io.grpc.StatusRuntimeException: UNAVAILABLE: io exception
2019-10-02 11:22:41,199 [grpc-default-executor-14] WARN  server.GrpcLogAppender (LogUtils.java:warn(134)) - 5a152cad-2f68-44e1-8661-622a6e2403aa@group-33DDF701D157->255f5341-67af-48a5-9f0a-34079e58e4b3-AppendLogResponseHandler: Failed appendEntries: org.apache.ratis.thirdparty.io.grpc.StatusRuntimeException: UNAVAILABLE: io exception
2019-10-02 11:22:41,199 [grpc-default-executor-1] INFO  impl.FollowerInfo (FollowerInfo.java:lambda$new$0(51)) - 5a152cad-2f68-44e1-8661-622a6e2403aa@group-CFA5962B69F1->255f5341-67af-48a5-9f0a-34079e58e4b3: nextIndex: updateUnconditionally 0 -> 0
2019-10-02 11:22:41,200 [grpc-default-executor-14] INFO  impl.FollowerInfo (FollowerInfo.java:lambda$new$0(51)) - 5a152cad-2f68-44e1-8661-622a6e2403aa@group-33DDF701D157->255f5341-67af-48a5-9f0a-34079e58e4b3: nextIndex: updateUnconditionally 0 -> 0
2019-10-02 11:22:41,633 [grpc-default-executor-14] WARN  server.GrpcLogAppender (LogUtils.java:warn(134)) - 5a152cad-2f68-44e1-8661-622a6e2403aa@group-CFA5962B69F1->99afa1ab-f70e-454d-b97f-b50504ecadc2-AppendLogResponseHandler: Failed appendEntries: org.apache.ratis.thirdparty.io.grpc.StatusRuntimeException: UNAVAILABLE: io exception
2019-10-02 11:22:41,633 [grpc-default-executor-1] WARN  server.GrpcLogAppender (LogUtils.java:warn(134)) - 5a152cad-2f68-44e1-8661-622a6e2403aa@group-B42E39A6701C->99afa1ab-f70e-454d-b97f-b50504ecadc2-AppendLogResponseHandler: Failed appendEntries: org.apache.ratis.thirdparty.io.grpc.StatusRuntimeException: UNAVAILABLE: io exception
2019-10-02 11:22:41,633 [grpc-default-executor-6] WARN  server.GrpcLogAppender (LogUtils.java:warn(134)) - 5a152cad-2f68-44e1-8661-622a6e2403aa@group-33DDF701D157->99afa1ab-f70e-454d-b97f-b50504ecadc2-AppendLogResponseHandler: Failed appendEntries: org.apache.ratis.thirdparty.io.grpc.StatusRuntimeException: UNAVAILABLE: io exception
2019-10-02 11:22:41,634 [grpc-default-executor-1] INFO  impl.FollowerInfo (FollowerInfo.java:lambda$new$0(51)) - 5a152cad-2f68-44e1-8661-622a6e2403aa@group-B42E39A6701C->99afa1ab-f70e-454d-b97f-b50504ecadc2: nextIndex: updateUnconditionally 0 -> 0
2019-10-02 11:22:41,634 [grpc-default-executor-14] INFO  impl.FollowerInfo (FollowerInfo.java:lambda$new$0(51)) - 5a152cad-2f68-44e1-8661-622a6e2403aa@group-CFA5962B69F1->99afa1ab-f70e-454d-b97f-b50504ecadc2: nextIndex: updateUnconditionally 0 -> 0
2019-10-02 11:22:41,634 [grpc-default-executor-6] INFO  impl.FollowerInfo (FollowerInfo.java:lambda$new$0(51)) - 5a152cad-2f68-44e1-8661-622a6e2403aa@group-33DDF701D157->99afa1ab-f70e-454d-b97f-b50504ecadc2: nextIndex: updateUnconditionally 0 -> 0
2019-10-02 11:22:41,697 [grpc-default-executor-1] WARN  server.GrpcLogAppender (LogUtils.java:warn(134)) - 5a152cad-2f68-44e1-8661-622a6e2403aa@group-B42E39A6701C->255f5341-67af-48a5-9f0a-34079e58e4b3-AppendLogResponseHandler: Failed appendEntries: org.apache.ratis.thirdparty.io.grpc.StatusRuntimeException: UNAVAILABLE: io exception
2019-10-02 11:22:41,698 [grpc-default-executor-1] INFO  impl.FollowerInfo (FollowerInfo.java:lambda$new$0(51)) - 5a152cad-2f68-44e1-8661-622a6e2403aa@group-B42E39A6701C->255f5341-67af-48a5-9f0a-34079e58e4b3: nextIndex: updateUnconditionally 0 -> 0
2019-10-02 11:22:41,700 [grpc-default-executor-4] WARN  server.GrpcLogAppender (LogUtils.java:warn(134)) - 5a152cad-2f68-44e1-8661-622a6e2403aa@group-CFA5962B69F1->255f5341-67af-48a5-9f0a-34079e58e4b3-AppendLogResponseHandler: Failed appendEntries: org.apache.ratis.thirdparty.io.grpc.StatusRuntimeException: UNAVAILABLE: io exception
2019-10-02 11:22:41,700 [grpc-default-executor-1] WARN  server.GrpcLogAppender (LogUtils.java:warn(134)) - 5a152cad-2f68-44e1-8661-622a6e2403aa@group-33DDF701D157->255f5341-67af-48a5-9f0a-34079e58e4b3-AppendLogResponseHandler: Failed appendEntries: org.apache.ratis.thirdparty.io.grpc.StatusRuntimeException: UNAVAILABLE: io exception
2019-10-02 11:22:41,700 [grpc-default-executor-4] INFO  impl.FollowerInfo (FollowerInfo.java:lambda$new$0(51)) - 5a152cad-2f68-44e1-8661-622a6e2403aa@group-CFA5962B69F1->255f5341-67af-48a5-9f0a-34079e58e4b3: nextIndex: updateUnconditionally 0 -> 0
2019-10-02 11:22:41,700 [grpc-default-executor-1] INFO  impl.FollowerInfo (FollowerInfo.java:lambda$new$0(51)) - 5a152cad-2f68-44e1-8661-622a6e2403aa@group-33DDF701D157->255f5341-67af-48a5-9f0a-34079e58e4b3: nextIndex: updateUnconditionally 0 -> 0
2019-10-02 11:22:42,134 [grpc-default-executor-1] WARN  server.GrpcLogAppender (LogUtils.java:warn(134)) - 5a152cad-2f68-44e1-8661-622a6e2403aa@group-33DDF701D157->99afa1ab-f70e-454d-b97f-b50504ecadc2-AppendLogResponseHandler: Failed appendEntries: org.apache.ratis.thirdparty.io.grpc.StatusRuntimeException: UNAVAILABLE: io exception
2019-10-02 11:22:42,134 [grpc-default-executor-6] WARN  server.GrpcLogAppender (LogUtils.java:warn(134)) - 5a152cad-2f68-44e1-8661-622a6e2403aa@group-B42E39A6701C->99afa1ab-f70e-454d-b97f-b50504ecadc2-AppendLogResponseHandler: Failed appendEntries: org.apache.ratis.thirdparty.io.grpc.StatusRuntimeException: UNAVAILABLE: io exception
2019-10-02 11:22:42,134 [grpc-default-executor-4] WARN  server.GrpcLogAppender (LogUtils.java:warn(134)) - 5a152cad-2f68-44e1-8661-622a6e2403aa@group-CFA5962B69F1->99afa1ab-f70e-454d-b97f-b50504ecadc2-AppendLogResponseHandler: Failed appendEntries: org.apache.ratis.thirdparty.io.grpc.StatusRuntimeException: UNAVAILABLE: io exception
2019-10-02 11:22:42,135 [grpc-default-executor-6] INFO  impl.FollowerInfo (FollowerInfo.java:lambda$new$0(51)) - 5a152cad-2f68-44e1-8661-622a6e2403aa@group-B42E39A6701C->99afa1ab-f70e-454d-b97f-b50504ecadc2: nextIndex: updateUnconditionally 0 -> 0
2019-10-02 11:22:42,135 [grpc-default-executor-1] INFO  impl.FollowerInfo (FollowerInfo.java:lambda$new$0(51)) - 5a152cad-2f68-44e1-8661-622a6e2403aa@group-33DDF701D157->99afa1ab-f70e-454d-b97f-b50504ecadc2: nextIndex: updateUnconditionally 0 -> 0
2019-10-02 11:22:42,135 [grpc-default-executor-4] INFO  impl.FollowerInfo (FollowerInfo.java:lambda$new$0(51)) - 5a152cad-2f68-44e1-8661-622a6e2403aa@group-CFA5962B69F1->99afa1ab-f70e-454d-b97f-b50504ecadc2: nextIndex: updateUnconditionally 0 -> 0
2019-10-02 11:22:42,197 [grpc-default-executor-1] WARN  server.GrpcLogAppender (LogUtils.java:warn(134)) - 5a152cad-2f68-44e1-8661-622a6e2403aa@group-B42E39A6701C->255f5341-67af-48a5-9f0a-34079e58e4b3-AppendLogResponseHandler: Failed appendEntries: org.apache.ratis.thirdparty.io.grpc.StatusRuntimeException: UNAVAILABLE: io exception
2019-10-02 11:22:42,198 [grpc-default-executor-1] INFO  impl.FollowerInfo (FollowerInfo.java:lambda$new$0(51)) - 5a152cad-2f68-44e1-8661-622a6e2403aa@group-B42E39A6701C->255f5341-67af-48a5-9f0a-34079e58e4b3: nextIndex: updateUnconditionally 0 -> 0
2019-10-02 11:22:42,200 [grpc-default-executor-1] WARN  server.GrpcLogAppender (LogUtils.java:warn(134)) - 5a152cad-2f68-44e1-8661-622a6e2403aa@group-CFA5962B69F1->255f5341-67af-48a5-9f0a-34079e58e4b3-AppendLogResponseHandler: Failed appendEntries: org.apache.ratis.thirdparty.io.grpc.StatusRuntimeException: UNAVAILABLE: io exception
2019-10-02 11:22:42,200 [grpc-default-executor-14] WARN  server.GrpcLogAppender (LogUtils.java:warn(134)) - 5a152cad-2f68-44e1-8661-622a6e2403aa@group-33DDF701D157->255f5341-67af-48a5-9f0a-34079e58e4b3-AppendLogResponseHandler: Failed appendEntries: org.apache.ratis.thirdparty.io.grpc.StatusRuntimeException: UNAVAILABLE: io exception
2019-10-02 11:22:42,201 [grpc-default-executor-1] INFO  impl.FollowerInfo (FollowerInfo.java:lambda$new$0(51)) - 5a152cad-2f68-44e1-8661-622a6e2403aa@group-CFA5962B69F1->255f5341-67af-48a5-9f0a-34079e58e4b3: nextIndex: updateUnconditionally 0 -> 0
2019-10-02 11:22:42,201 [grpc-default-executor-14] INFO  impl.FollowerInfo (FollowerInfo.java:lambda$new$0(51)) - 5a152cad-2f68-44e1-8661-622a6e2403aa@group-33DDF701D157->255f5341-67af-48a5-9f0a-34079e58e4b3: nextIndex: updateUnconditionally 0 -> 0
2019-10-02 11:22:42,636 [grpc-default-executor-1] WARN  server.GrpcLogAppender (LogUtils.java:warn(134)) - 5a152cad-2f68-44e1-8661-622a6e2403aa@group-33DDF701D157->99afa1ab-f70e-454d-b97f-b50504ecadc2-AppendLogResponseHandler: Failed appendEntries: org.apache.ratis.thirdparty.io.grpc.StatusRuntimeException: UNAVAILABLE: io exception
2019-10-02 11:22:42,636 [grpc-default-executor-0] WARN  server.GrpcLogAppender (LogUtils.java:warn(134)) - 5a152cad-2f68-44e1-8661-622a6e2403aa@group-CFA5962B69F1->99afa1ab-f70e-454d-b97f-b50504ecadc2-AppendLogResponseHandler: Failed appendEntries: org.apache.ratis.thirdparty.io.grpc.StatusRuntimeException: UNAVAILABLE: io exception
2019-10-02 11:22:42,636 [grpc-default-executor-8] WARN  server.GrpcLogAppender (LogUtils.java:warn(134)) - 5a152cad-2f68-44e1-8661-622a6e2403aa@group-B42E39A6701C->99afa1ab-f70e-454d-b97f-b50504ecadc2-AppendLogResponseHandler: Failed appendEntries: org.apache.ratis.thirdparty.io.grpc.StatusRuntimeException: UNAVAILABLE: io exception
2019-10-02 11:22:42,636 [grpc-default-executor-0] INFO  impl.FollowerInfo (FollowerInfo.java:lambda$new$0(51)) - 5a152cad-2f68-44e1-8661-622a6e2403aa@group-CFA5962B69F1->99afa1ab-f70e-454d-b97f-b50504ecadc2: nextIndex: updateUnconditionally 0 -> 0
2019-10-02 11:22:42,636 [grpc-default-executor-1] INFO  impl.FollowerInfo (FollowerInfo.java:lambda$new$0(51)) - 5a152cad-2f68-44e1-8661-622a6e2403aa@group-33DDF701D157->99afa1ab-f70e-454d-b97f-b50504ecadc2: nextIndex: updateUnconditionally 0 -> 0
2019-10-02 11:22:42,636 [grpc-default-executor-8] INFO  impl.FollowerInfo (FollowerInfo.java:lambda$new$0(51)) - 5a152cad-2f68-44e1-8661-622a6e2403aa@group-B42E39A6701C->99afa1ab-f70e-454d-b97f-b50504ecadc2: nextIndex: updateUnconditionally 0 -> 0
2019-10-02 11:22:42,699 [grpc-default-executor-0] WARN  server.GrpcLogAppender (LogUtils.java:warn(134)) - 5a152cad-2f68-44e1-8661-622a6e2403aa@group-B42E39A6701C->255f5341-67af-48a5-9f0a-34079e58e4b3-AppendLogResponseHandler: Failed appendEntries: org.apache.ratis.thirdparty.io.grpc.StatusRuntimeException: UNAVAILABLE: io exception
2019-10-02 11:22:42,699 [grpc-default-executor-0] INFO  impl.FollowerInfo (FollowerInfo.java:lambda$new$0(51)) - 5a152cad-2f68-44e1-8661-622a6e2403aa@group-B42E39A6701C->255f5341-67af-48a5-9f0a-34079e58e4b3: nextIndex: updateUnconditionally 0 -> 0
2019-10-02 11:22:42,701 [grpc-default-executor-14] WARN  server.GrpcLogAppender (LogUtils.java:warn(134)) - 5a152cad-2f68-44e1-8661-622a6e2403aa@group-33DDF701D157->255f5341-67af-48a5-9f0a-34079e58e4b3-AppendLogResponseHandler: Failed appendEntries: org.apache.ratis.thirdparty.io.grpc.StatusRuntimeException: UNAVAILABLE: io exception
2019-10-02 11:22:42,701 [grpc-default-executor-6] WARN  server.GrpcLogAppender (LogUtils.java:warn(134)) - 5a152cad-2f68-44e1-8661-622a6e2403aa@group-CFA5962B69F1->255f5341-67af-48a5-9f0a-34079e58e4b3-AppendLogResponseHandler: Failed appendEntries: org.apache.ratis.thirdparty.io.grpc.StatusRuntimeException: UNAVAILABLE: io exception
2019-10-02 11:22:42,701 [grpc-default-executor-14] INFO  impl.FollowerInfo (FollowerInfo.java:lambda$new$0(51)) - 5a152cad-2f68-44e1-8661-622a6e2403aa@group-33DDF701D157->255f5341-67af-48a5-9f0a-34079e58e4b3: nextIndex: updateUnconditionally 0 -> 0
2019-10-02 11:22:42,701 [grpc-default-executor-6] INFO  impl.FollowerInfo (FollowerInfo.java:lambda$new$0(51)) - 5a152cad-2f68-44e1-8661-622a6e2403aa@group-CFA5962B69F1->255f5341-67af-48a5-9f0a-34079e58e4b3: nextIndex: updateUnconditionally 0 -> 0
2019-10-02 11:22:43,137 [grpc-default-executor-4] WARN  server.GrpcLogAppender (LogUtils.java:warn(134)) - 5a152cad-2f68-44e1-8661-622a6e2403aa@group-33DDF701D157->99afa1ab-f70e-454d-b97f-b50504ecadc2-AppendLogResponseHandler: Failed appendEntries: org.apache.ratis.thirdparty.io.grpc.StatusRuntimeException: UNAVAILABLE: io exception
2019-10-02 11:22:43,137 [grpc-default-executor-0] WARN  server.GrpcLogAppender (LogUtils.java:warn(134)) - 5a152cad-2f68-44e1-8661-622a6e2403aa@group-B42E39A6701C->99afa1ab-f70e-454d-b97f-b50504ecadc2-AppendLogResponseHandler: Failed appendEntries: org.apache.ratis.thirdparty.io.grpc.StatusRuntimeException: UNAVAILABLE: io exception
2019-10-02 11:22:43,137 [grpc-default-executor-1] WARN  server.GrpcLogAppender (LogUtils.java:warn(134)) - 5a152cad-2f68-44e1-8661-622a6e2403aa@group-CFA5962B69F1->99afa1ab-f70e-454d-b97f-b50504ecadc2-AppendLogResponseHandler: Failed appendEntries: org.apache.ratis.thirdparty.io.grpc.StatusRuntimeException: UNAVAILABLE: io exception
2019-10-02 11:22:43,137 [grpc-default-executor-0] INFO  impl.FollowerInfo (FollowerInfo.java:lambda$new$0(51)) - 5a152cad-2f68-44e1-8661-622a6e2403aa@group-B42E39A6701C->99afa1ab-f70e-454d-b97f-b50504ecadc2: nextIndex: updateUnconditionally 0 -> 0
2019-10-02 11:22:43,137 [grpc-default-executor-4] INFO  impl.FollowerInfo (FollowerInfo.java:lambda$new$0(51)) - 5a152cad-2f68-44e1-8661-622a6e2403aa@group-33DDF701D157->99afa1ab-f70e-454d-b97f-b50504ecadc2: nextIndex: updateUnconditionally 0 -> 0
2019-10-02 11:22:43,138 [grpc-default-executor-1] INFO  impl.FollowerInfo (FollowerInfo.java:lambda$new$0(51)) - 5a152cad-2f68-44e1-8661-622a6e2403aa@group-CFA5962B69F1->99afa1ab-f70e-454d-b97f-b50504ecadc2: nextIndex: updateUnconditionally 0 -> 0
2019-10-02 11:22:43,204 [grpc-default-executor-14] WARN  server.GrpcLogAppender (LogUtils.java:warn(134)) - 5a152cad-2f68-44e1-8661-622a6e2403aa@group-B42E39A6701C->255f5341-67af-48a5-9f0a-34079e58e4b3-AppendLogResponseHandler: Failed appendEntries: org.apache.ratis.thirdparty.io.grpc.StatusRuntimeException: UNAVAILABLE: io exception
2019-10-02 11:22:43,211 [grpc-default-executor-1] WARN  server.GrpcLogAppender (LogUtils.java:warn(134)) - 5a152cad-2f68-44e1-8661-622a6e2403aa@group-CFA5962B69F1->255f5341-67af-48a5-9f0a-34079e58e4b3-AppendLogResponseHandler: Failed appendEntries: org.apache.ratis.thirdparty.io.grpc.StatusRuntimeException: UNAVAILABLE: io exception
2019-10-02 11:22:43,206 [grpc-default-executor-16] WARN  server.GrpcLogAppender (LogUtils.java:warn(134)) - 5a152cad-2f68-44e1-8661-622a6e2403aa@group-33DDF701D157->255f5341-67af-48a5-9f0a-34079e58e4b3-AppendLogResponseHandler: Failed appendEntries: org.apache.ratis.thirdparty.io.grpc.StatusRuntimeException: UNAVAILABLE: io exception
2019-10-02 11:22:43,212 [grpc-default-executor-1] INFO  impl.FollowerInfo (FollowerInfo.java:lambda$new$0(51)) - 5a152cad-2f68-44e1-8661-622a6e2403aa@group-CFA5962B69F1->255f5341-67af-48a5-9f0a-34079e58e4b3: nextIndex: updateUnconditionally 0 -> 0
2019-10-02 11:22:43,211 [grpc-default-executor-14] INFO  impl.FollowerInfo (FollowerInfo.java:lambda$new$0(51)) - 5a152cad-2f68-44e1-8661-622a6e2403aa@group-B42E39A6701C->255f5341-67af-48a5-9f0a-34079e58e4b3: nextIndex: updateUnconditionally 0 -> 0
2019-10-02 11:22:43,212 [grpc-default-executor-16] INFO  impl.FollowerInfo (FollowerInfo.java:lambda$new$0(51)) - 5a152cad-2f68-44e1-8661-622a6e2403aa@group-33DDF701D157->255f5341-67af-48a5-9f0a-34079e58e4b3: nextIndex: updateUnconditionally 0 -> 0
2019-10-02 11:22:43,637 [grpc-default-executor-16] WARN  server.GrpcLogAppender (LogUtils.java:warn(134)) - 5a152cad-2f68-44e1-8661-622a6e2403aa@group-B42E39A6701C->99afa1ab-f70e-454d-b97f-b50504ecadc2-AppendLogResponseHandler: Failed appendEntries: org.apache.ratis.thirdparty.io.grpc.StatusRuntimeException: UNAVAILABLE: io exception
2019-10-02 11:22:43,637 [grpc-default-executor-14] WARN  server.GrpcLogAppender (LogUtils.java:warn(134)) - 5a152cad-2f68-44e1-8661-622a6e2403aa@group-33DDF701D157->99afa1ab-f70e-454d-b97f-b50504ecadc2-AppendLogResponseHandler: Failed appendEntries: org.apache.ratis.thirdparty.io.grpc.StatusRuntimeException: UNAVAILABLE: io exception
2019-10-02 11:22:43,637 [grpc-default-executor-4] WARN  server.GrpcLogAppender (LogUtils.java:warn(134)) - 5a152cad-2f68-44e1-8661-622a6e2403aa@group-CFA5962B69F1->99afa1ab-f70e-454d-b97f-b50504ecadc2-AppendLogResponseHandler: Failed appendEntries: org.apache.ratis.thirdparty.io.grpc.StatusRuntimeException: UNAVAILABLE: io exception
2019-10-02 11:22:43,638 [grpc-default-executor-14] INFO  impl.FollowerInfo (FollowerInfo.java:lambda$new$0(51)) - 5a152cad-2f68-44e1-8661-622a6e2403aa@group-33DDF701D157->99afa1ab-f70e-454d-b97f-b50504ecadc2: nextIndex: updateUnconditionally 0 -> 0
2019-10-02 11:22:43,638 [grpc-default-executor-16] INFO  impl.FollowerInfo (FollowerInfo.java:lambda$new$0(51)) - 5a152cad-2f68-44e1-8661-622a6e2403aa@group-B42E39A6701C->99afa1ab-f70e-454d-b97f-b50504ecadc2: nextIndex: updateUnconditionally 0 -> 0
2019-10-02 11:22:43,638 [grpc-default-executor-4] INFO  impl.FollowerInfo (FollowerInfo.java:lambda$new$0(51)) - 5a152cad-2f68-44e1-8661-622a6e2403aa@group-CFA5962B69F1->99afa1ab-f70e-454d-b97f-b50504ecadc2: nextIndex: updateUnconditionally 0 -> 0
2019-10-02 11:22:43,704 [grpc-default-executor-1] WARN  server.GrpcLogAppender (LogUtils.java:warn(134)) - 5a152cad-2f68-44e1-8661-622a6e2403aa@group-CFA5962B69F1->255f5341-67af-48a5-9f0a-34079e58e4b3-AppendLogResponseHandler: Failed appendEntries: org.apache.ratis.thirdparty.io.grpc.StatusRuntimeException: UNAVAILABLE: io exception
2019-10-02 11:22:43,704 [grpc-default-executor-14] WARN  server.GrpcLogAppender (LogUtils.java:warn(134)) - 5a152cad-2f68-44e1-8661-622a6e2403aa@group-B42E39A6701C->255f5341-67af-48a5-9f0a-34079e58e4b3-AppendLogResponseHandler: Failed appendEntries: org.apache.ratis.thirdparty.io.grpc.StatusRuntimeException: UNAVAILABLE: io exception
2019-10-02 11:22:43,704 [grpc-default-executor-16] WARN  server.GrpcLogAppender (LogUtils.java:warn(134)) - 5a152cad-2f68-44e1-8661-622a6e2403aa@group-33DDF701D157->255f5341-67af-48a5-9f0a-34079e58e4b3-AppendLogResponseHandler: Failed appendEntries: org.apache.ratis.thirdparty.io.grpc.StatusRuntimeException: UNAVAILABLE: io exception
2019-10-02 11:22:43,705 [grpc-default-executor-14] INFO  impl.FollowerInfo (FollowerInfo.java:lambda$new$0(51)) - 5a152cad-2f68-44e1-8661-622a6e2403aa@group-B42E39A6701C->255f5341-67af-48a5-9f0a-34079e58e4b3: nextIndex: updateUnconditionally 0 -> 0
2019-10-02 11:22:43,705 [grpc-default-executor-1] INFO  impl.FollowerInfo (FollowerInfo.java:lambda$new$0(51)) - 5a152cad-2f68-44e1-8661-622a6e2403aa@group-CFA5962B69F1->255f5341-67af-48a5-9f0a-34079e58e4b3: nextIndex: updateUnconditionally 0 -> 0
2019-10-02 11:22:43,705 [grpc-default-executor-16] INFO  impl.FollowerInfo (FollowerInfo.java:lambda$new$0(51)) - 5a152cad-2f68-44e1-8661-622a6e2403aa@group-33DDF701D157->255f5341-67af-48a5-9f0a-34079e58e4b3: nextIndex: updateUnconditionally 0 -> 0
2019-10-02 11:22:44,138 [grpc-default-executor-1] WARN  server.GrpcLogAppender (LogUtils.java:warn(134)) - 5a152cad-2f68-44e1-8661-622a6e2403aa@group-33DDF701D157->99afa1ab-f70e-454d-b97f-b50504ecadc2-AppendLogResponseHandler: Failed appendEntries: org.apache.ratis.thirdparty.io.grpc.StatusRuntimeException: UNAVAILABLE: io exception
2019-10-02 11:22:44,138 [grpc-default-executor-0] WARN  server.GrpcLogAppender (LogUtils.java:warn(134)) - 5a152cad-2f68-44e1-8661-622a6e2403aa@group-CFA5962B69F1->99afa1ab-f70e-454d-b97f-b50504ecadc2-AppendLogResponseHandler: Failed appendEntries: org.apache.ratis.thirdparty.io.grpc.StatusRuntimeException: UNAVAILABLE: io exception
2019-10-02 11:22:44,138 [grpc-default-executor-14] WARN  server.GrpcLogAppender (LogUtils.java:warn(134)) - 5a152cad-2f68-44e1-8661-622a6e2403aa@group-B42E39A6701C->99afa1ab-f70e-454d-b97f-b50504ecadc2-AppendLogResponseHandler: Failed appendEntries: org.apache.ratis.thirdparty.io.grpc.StatusRuntimeException: UNAVAILABLE: io exception
2019-10-02 11:22:44,139 [grpc-default-executor-0] INFO  impl.FollowerInfo (FollowerInfo.java:lambda$new$0(51)) - 5a152cad-2f68-44e1-8661-622a6e2403aa@group-CFA5962B69F1->99afa1ab-f70e-454d-b97f-b50504ecadc2: nextIndex: updateUnconditionally 0 -> 0
2019-10-02 11:22:44,139 [grpc-default-executor-1] INFO  impl.FollowerInfo (FollowerInfo.java:lambda$new$0(51)) - 5a152cad-2f68-44e1-8661-622a6e2403aa@group-33DDF701D157->99afa1ab-f70e-454d-b97f-b50504ecadc2: nextIndex: updateUnconditionally 0 -> 0
2019-10-02 11:22:44,139 [grpc-default-executor-14] INFO  impl.FollowerInfo (FollowerInfo.java:lambda$new$0(51)) - 5a152cad-2f68-44e1-8661-622a6e2403aa@group-B42E39A6701C->99afa1ab-f70e-454d-b97f-b50504ecadc2: nextIndex: updateUnconditionally 0 -> 0
2019-10-02 11:22:44,205 [grpc-default-executor-8] WARN  server.GrpcLogAppender (LogUtils.java:warn(134)) - 5a152cad-2f68-44e1-8661-622a6e2403aa@group-CFA5962B69F1->255f5341-67af-48a5-9f0a-34079e58e4b3-AppendLogResponseHandler: Failed appendEntries: org.apache.ratis.thirdparty.io.grpc.StatusRuntimeException: UNAVAILABLE: io exception
2019-10-02 11:22:44,205 [grpc-default-executor-16] WARN  server.GrpcLogAppender (LogUtils.java:warn(134)) - 5a152cad-2f68-44e1-8661-622a6e2403aa@group-33DDF701D157->255f5341-67af-48a5-9f0a-34079e58e4b3-AppendLogResponseHandler: Failed appendEntries: org.apache.ratis.thirdparty.io.grpc.StatusRuntimeException: UNAVAILABLE: io exception
2019-10-02 11:22:44,205 [grpc-default-executor-1] WARN  server.GrpcLogAppender (LogUtils.java:warn(134)) - 5a152cad-2f68-44e1-8661-622a6e2403aa@group-B42E39A6701C->255f5341-67af-48a5-9f0a-34079e58e4b3-AppendLogResponseHandler: Failed appendEntries: org.apache.ratis.thirdparty.io.grpc.StatusRuntimeException: UNAVAILABLE: io exception
2019-10-02 11:22:44,205 [grpc-default-executor-16] INFO  impl.FollowerInfo (FollowerInfo.java:lambda$new$0(51)) - 5a152cad-2f68-44e1-8661-622a6e2403aa@group-33DDF701D157->255f5341-67af-48a5-9f0a-34079e58e4b3: nextIndex: updateUnconditionally 0 -> 0
2019-10-02 11:22:44,205 [grpc-default-executor-8] INFO  impl.FollowerInfo (FollowerInfo.java:lambda$new$0(51)) - 5a152cad-2f68-44e1-8661-622a6e2403aa@group-CFA5962B69F1->255f5341-67af-48a5-9f0a-34079e58e4b3: nextIndex: updateUnconditionally 0 -> 0
2019-10-02 11:22:44,206 [grpc-default-executor-1] INFO  impl.FollowerInfo (FollowerInfo.java:lambda$new$0(51)) - 5a152cad-2f68-44e1-8661-622a6e2403aa@group-B42E39A6701C->255f5341-67af-48a5-9f0a-34079e58e4b3: nextIndex: updateUnconditionally 0 -> 0
2019-10-02 11:22:44,639 [grpc-default-executor-16] WARN  server.GrpcLogAppender (LogUtils.java:warn(134)) - 5a152cad-2f68-44e1-8661-622a6e2403aa@group-B42E39A6701C->99afa1ab-f70e-454d-b97f-b50504ecadc2-AppendLogResponseHandler: Failed appendEntries: org.apache.ratis.thirdparty.io.grpc.StatusRuntimeException: UNAVAILABLE: io exception
2019-10-02 11:22:44,639 [grpc-default-executor-14] WARN  server.GrpcLogAppender (LogUtils.java:warn(134)) - 5a152cad-2f68-44e1-8661-622a6e2403aa@group-33DDF701D157->99afa1ab-f70e-454d-b97f-b50504ecadc2-AppendLogResponseHandler: Failed appendEntries: org.apache.ratis.thirdparty.io.grpc.StatusRuntimeException: UNAVAILABLE: io exception
2019-10-02 11:22:44,639 [grpc-default-executor-0] WARN  server.GrpcLogAppender (LogUtils.java:warn(134)) - 5a152cad-2f68-44e1-8661-622a6e2403aa@group-CFA5962B69F1->99afa1ab-f70e-454d-b97f-b50504ecadc2-AppendLogResponseHandler: Failed appendEntries: org.apache.ratis.thirdparty.io.grpc.StatusRuntimeException: UNAVAILABLE: io exception
2019-10-02 11:22:44,639 [grpc-default-executor-14] INFO  impl.FollowerInfo (FollowerInfo.java:lambda$new$0(51)) - 5a152cad-2f68-44e1-8661-622a6e2403aa@group-33DDF701D157->99afa1ab-f70e-454d-b97f-b50504ecadc2: nextIndex: updateUnconditionally 0 -> 0
2019-10-02 11:22:44,639 [grpc-default-executor-16] INFO  impl.FollowerInfo (FollowerInfo.java:lambda$new$0(51)) - 5a152cad-2f68-44e1-8661-622a6e2403aa@group-B42E39A6701C->99afa1ab-f70e-454d-b97f-b50504ecadc2: nextIndex: updateUnconditionally 0 -> 0
2019-10-02 11:22:44,640 [grpc-default-executor-0] INFO  impl.FollowerInfo (FollowerInfo.java:lambda$new$0(51)) - 5a152cad-2f68-44e1-8661-622a6e2403aa@group-CFA5962B69F1->99afa1ab-f70e-454d-b97f-b50504ecadc2: nextIndex: updateUnconditionally 0 -> 0
2019-10-02 11:22:44,706 [grpc-default-executor-1] WARN  server.GrpcLogAppender (LogUtils.java:warn(134)) - 5a152cad-2f68-44e1-8661-622a6e2403aa@group-CFA5962B69F1->255f5341-67af-48a5-9f0a-34079e58e4b3-AppendLogResponseHandler: Failed appendEntries: org.apache.ratis.thirdparty.io.grpc.StatusRuntimeException: UNAVAILABLE: io exception
2019-10-02 11:22:44,706 [grpc-default-executor-8] WARN  server.GrpcLogAppender (LogUtils.java:warn(134)) - 5a152cad-2f68-44e1-8661-622a6e2403aa@group-33DDF701D157->255f5341-67af-48a5-9f0a-34079e58e4b3-AppendLogResponseHandler: Failed appendEntries: org.apache.ratis.thirdparty.io.grpc.StatusRuntimeException: UNAVAILABLE: io exception
2019-10-02 11:22:44,706 [grpc-default-executor-1] INFO  impl.FollowerInfo (FollowerInfo.java:lambda$new$0(51)) - 5a152cad-2f68-44e1-8661-622a6e2403aa@group-CFA5962B69F1->255f5341-67af-48a5-9f0a-34079e58e4b3: nextIndex: updateUnconditionally 0 -> 0
2019-10-02 11:22:44,706 [grpc-default-executor-4] WARN  server.GrpcLogAppender (LogUtils.java:warn(134)) - 5a152cad-2f68-44e1-8661-622a6e2403aa@group-B42E39A6701C->255f5341-67af-48a5-9f0a-34079e58e4b3-AppendLogResponseHandler: Failed appendEntries: org.apache.ratis.thirdparty.io.grpc.StatusRuntimeException: UNAVAILABLE: io exception
2019-10-02 11:22:44,706 [grpc-default-executor-8] INFO  impl.FollowerInfo (FollowerInfo.java:lambda$new$0(51)) - 5a152cad-2f68-44e1-8661-622a6e2403aa@group-33DDF701D157->255f5341-67af-48a5-9f0a-34079e58e4b3: nextIndex: updateUnconditionally 0 -> 0
2019-10-02 11:22:44,706 [grpc-default-executor-4] INFO  impl.FollowerInfo (FollowerInfo.java:lambda$new$0(51)) - 5a152cad-2f68-44e1-8661-622a6e2403aa@group-B42E39A6701C->255f5341-67af-48a5-9f0a-34079e58e4b3: nextIndex: updateUnconditionally 0 -> 0
2019-10-02 11:22:45,140 [grpc-default-executor-0] WARN  server.GrpcLogAppender (LogUtils.java:warn(134)) - 5a152cad-2f68-44e1-8661-622a6e2403aa@group-B42E39A6701C->99afa1ab-f70e-454d-b97f-b50504ecadc2-AppendLogResponseHandler: Failed appendEntries: org.apache.ratis.thirdparty.io.grpc.StatusRuntimeException: UNAVAILABLE: io exception
2019-10-02 11:22:45,140 [grpc-default-executor-4] WARN  server.GrpcLogAppender (LogUtils.java:warn(134)) - 5a152cad-2f68-44e1-8661-622a6e2403aa@group-33DDF701D157->99afa1ab-f70e-454d-b97f-b50504ecadc2-AppendLogResponseHandler: Failed appendEntries: org.apache.ratis.thirdparty.io.grpc.StatusRuntimeException: UNAVAILABLE: io exception
2019-10-02 11:22:45,140 [grpc-default-executor-8] WARN  server.GrpcLogAppender (LogUtils.java:warn(134)) - 5a152cad-2f68-44e1-8661-622a6e2403aa@group-CFA5962B69F1->99afa1ab-f70e-454d-b97f-b50504ecadc2-AppendLogResponseHandler: Failed appendEntries: org.apache.ratis.thirdparty.io.grpc.StatusRuntimeException: UNAVAILABLE: io exception
2019-10-02 11:22:45,140 [grpc-default-executor-4] INFO  impl.FollowerInfo (FollowerInfo.java:lambda$new$0(51)) - 5a152cad-2f68-44e1-8661-622a6e2403aa@group-33DDF701D157->99afa1ab-f70e-454d-b97f-b50504ecadc2: nextIndex: updateUnconditionally 0 -> 0
2019-10-02 11:22:45,140 [grpc-default-executor-0] INFO  impl.FollowerInfo (FollowerInfo.java:lambda$new$0(51)) - 5a152cad-2f68-44e1-8661-622a6e2403aa@group-B42E39A6701C->99afa1ab-f70e-454d-b97f-b50504ecadc2: nextIndex: updateUnconditionally 0 -> 0
2019-10-02 11:22:45,141 [grpc-default-executor-8] INFO  impl.FollowerInfo (FollowerInfo.java:lambda$new$0(51)) - 5a152cad-2f68-44e1-8661-622a6e2403aa@group-CFA5962B69F1->99afa1ab-f70e-454d-b97f-b50504ecadc2: nextIndex: updateUnconditionally 0 -> 0
2019-10-02 11:22:45,206 [grpc-default-executor-8] WARN  server.GrpcLogAppender (LogUtils.java:warn(134)) - 5a152cad-2f68-44e1-8661-622a6e2403aa@group-CFA5962B69F1->255f5341-67af-48a5-9f0a-34079e58e4b3-AppendLogResponseHandler: Failed appendEntries: org.apache.ratis.thirdparty.io.grpc.StatusRuntimeException: UNAVAILABLE: io exception
2019-10-02 11:22:45,206 [grpc-default-executor-4] WARN  server.GrpcLogAppender (LogUtils.java:warn(134)) - 5a152cad-2f68-44e1-8661-622a6e2403aa@group-33DDF701D157->255f5341-67af-48a5-9f0a-34079e58e4b3-AppendLogResponseHandler: Failed appendEntries: org.apache.ratis.thirdparty.io.grpc.StatusRuntimeException: UNAVAILABLE: io exception
2019-10-02 11:22:45,206 [grpc-default-executor-8] INFO  impl.FollowerInfo (FollowerInfo.java:lambda$new$0(51)) - 5a152cad-2f68-44e1-8661-622a6e2403aa@group-CFA5962B69F1->255f5341-67af-48a5-9f0a-34079e58e4b3: nextIndex: updateUnconditionally 0 -> 0
2019-10-02 11:22:45,206 [grpc-default-executor-0] WARN  server.GrpcLogAppender (LogUtils.java:warn(134)) - 5a152cad-2f68-44e1-8661-622a6e2403aa@group-B42E39A6701C->255f5341-67af-48a5-9f0a-34079e58e4b3-AppendLogResponseHandler: Failed appendEntries: org.apache.ratis.thirdparty.io.grpc.StatusRuntimeException: UNAVAILABLE: io exception
2019-10-02 11:22:45,206 [grpc-default-executor-4] INFO  impl.FollowerInfo (FollowerInfo.java:lambda$new$0(51)) - 5a152cad-2f68-44e1-8661-622a6e2403aa@group-33DDF701D157->255f5341-67af-48a5-9f0a-34079e58e4b3: nextIndex: updateUnconditionally 0 -> 0
2019-10-02 11:22:45,207 [grpc-default-executor-0] INFO  impl.FollowerInfo (FollowerInfo.java:lambda$new$0(51)) - 5a152cad-2f68-44e1-8661-622a6e2403aa@group-B42E39A6701C->255f5341-67af-48a5-9f0a-34079e58e4b3: nextIndex: updateUnconditionally 0 -> 0
2019-10-02 11:22:45,640 [grpc-default-executor-0] WARN  server.GrpcLogAppender (LogUtils.java:warn(134)) - 5a152cad-2f68-44e1-8661-622a6e2403aa@group-33DDF701D157->99afa1ab-f70e-454d-b97f-b50504ecadc2-AppendLogResponseHandler: Failed appendEntries: org.apache.ratis.thirdparty.io.grpc.StatusRuntimeException: UNAVAILABLE: io exception
2019-10-02 11:22:45,640 [grpc-default-executor-16] WARN  server.GrpcLogAppender (LogUtils.java:warn(134)) - 5a152cad-2f68-44e1-8661-622a6e2403aa@group-CFA5962B69F1->99afa1ab-f70e-454d-b97f-b50504ecadc2-AppendLogResponseHandler: Failed appendEntries: org.apache.ratis.thirdparty.io.grpc.StatusRuntimeException: UNAVAILABLE: io exception
2019-10-02 11:22:45,640 [grpc-default-executor-1] WARN  server.GrpcLogAppender (LogUtils.java:warn(134)) - 5a152cad-2f68-44e1-8661-622a6e2403aa@group-B42E39A6701C->99afa1ab-f70e-454d-b97f-b50504ecadc2-AppendLogResponseHandler: Failed appendEntries: org.apache.ratis.thirdparty.io.grpc.StatusRuntimeException: UNAVAILABLE: io exception
2019-10-02 11:22:45,641 [grpc-default-executor-16] INFO  impl.FollowerInfo (FollowerInfo.java:lambda$new$0(51)) - 5a152cad-2f68-44e1-8661-622a6e2403aa@group-CFA5962B69F1->99afa1ab-f70e-454d-b97f-b50504ecadc2: nextIndex: updateUnconditionally 0 -> 0
2019-10-02 11:22:45,640 [grpc-default-executor-0] INFO  impl.FollowerInfo (FollowerInfo.java:lambda$new$0(51)) - 5a152cad-2f68-44e1-8661-622a6e2403aa@group-33DDF701D157->99afa1ab-f70e-454d-b97f-b50504ecadc2: nextIndex: updateUnconditionally 0 -> 0
2019-10-02 11:22:45,641 [grpc-default-executor-1] INFO  impl.FollowerInfo (FollowerInfo.java:lambda$new$0(51)) - 5a152cad-2f68-44e1-8661-622a6e2403aa@group-B42E39A6701C->99afa1ab-f70e-454d-b97f-b50504ecadc2: nextIndex: updateUnconditionally 0 -> 0
2019-10-02 11:22:45,707 [grpc-default-executor-14] WARN  server.GrpcLogAppender (LogUtils.java:warn(134)) - 5a152cad-2f68-44e1-8661-622a6e2403aa@group-CFA5962B69F1->255f5341-67af-48a5-9f0a-34079e58e4b3-AppendLogResponseHandler: Failed appendEntries: org.apache.ratis.thirdparty.io.grpc.StatusRuntimeException: UNAVAILABLE: io exception
2019-10-02 11:22:45,707 [grpc-default-executor-1] WARN  server.GrpcLogAppender (LogUtils.java:warn(134)) - 5a152cad-2f68-44e1-8661-622a6e2403aa@group-B42E39A6701C->255f5341-67af-48a5-9f0a-34079e58e4b3-AppendLogResponseHandler: Failed appendEntries: org.apache.ratis.thirdparty.io.grpc.StatusRuntimeException: UNAVAILABLE: io exception
2019-10-02 11:22:45,707 [grpc-default-executor-4] WARN  server.GrpcLogAppender (LogUtils.java:warn(134)) - 5a152cad-2f68-44e1-8661-622a6e2403aa@group-33DDF701D157->255f5341-67af-48a5-9f0a-34079e58e4b3-AppendLogResponseHandler: Failed appendEntries: org.apache.ratis.thirdparty.io.grpc.StatusRuntimeException: UNAVAILABLE: io exception
2019-10-02 11:22:45,707 [grpc-default-executor-1] INFO  impl.FollowerInfo (FollowerInfo.java:lambda$new$0(51)) - 5a152cad-2f68-44e1-8661-622a6e2403aa@group-B42E39A6701C->255f5341-67af-48a5-9f0a-34079e58e4b3: nextIndex: updateUnconditionally 0 -> 0
2019-10-02 11:22:45,707 [grpc-default-executor-14] INFO  impl.FollowerInfo (FollowerInfo.java:lambda$new$0(51)) - 5a152cad-2f68-44e1-8661-622a6e2403aa@group-CFA5962B69F1->255f5341-67af-48a5-9f0a-34079e58e4b3: nextIndex: updateUnconditionally 0 -> 0
2019-10-02 11:22:45,707 [grpc-default-executor-4] INFO  impl.FollowerInfo (FollowerInfo.java:lambda$new$0(51)) - 5a152cad-2f68-44e1-8661-622a6e2403aa@group-33DDF701D157->255f5341-67af-48a5-9f0a-34079e58e4b3: nextIndex: updateUnconditionally 0 -> 0
2019-10-02 11:22:46,141 [grpc-default-executor-16] WARN  server.GrpcLogAppender (LogUtils.java:warn(134)) - 5a152cad-2f68-44e1-8661-622a6e2403aa@group-33DDF701D157->99afa1ab-f70e-454d-b97f-b50504ecadc2-AppendLogResponseHandler: Failed appendEntries: org.apache.ratis.thirdparty.io.grpc.StatusRuntimeException: UNAVAILABLE: io exception
2019-10-02 11:22:46,142 [grpc-default-executor-16] INFO  impl.FollowerInfo (FollowerInfo.java:lambda$new$0(51)) - 5a152cad-2f68-44e1-8661-622a6e2403aa@group-33DDF701D157->99afa1ab-f70e-454d-b97f-b50504ecadc2: nextIndex: updateUnconditionally 0 -> 0
2019-10-02 11:22:46,143 [grpc-default-executor-16] WARN  server.GrpcLogAppender (LogUtils.java:warn(134)) - 5a152cad-2f68-44e1-8661-622a6e2403aa@group-B42E39A6701C->99afa1ab-f70e-454d-b97f-b50504ecadc2-AppendLogResponseHandler: Failed appendEntries: org.apache.ratis.thirdparty.io.grpc.StatusRuntimeException: UNAVAILABLE: io exception
2019-10-02 11:22:46,143 [grpc-default-executor-16] INFO  impl.FollowerInfo (FollowerInfo.java:lambda$new$0(51)) - 5a152cad-2f68-44e1-8661-622a6e2403aa@group-B42E39A6701C->99afa1ab-f70e-454d-b97f-b50504ecadc2: nextIndex: updateUnconditionally 0 -> 0
2019-10-02 11:22:46,146 [grpc-default-executor-16] WARN  server.GrpcLogAppender (LogUtils.java:warn(134)) - 5a152cad-2f68-44e1-8661-622a6e2403aa@group-CFA5962B69F1->99afa1ab-f70e-454d-b97f-b50504ecadc2-AppendLogResponseHandler: Failed appendEntries: org.apache.ratis.thirdparty.io.grpc.StatusRuntimeException: UNAVAILABLE: io exception
2019-10-02 11:22:46,146 [grpc-default-executor-16] INFO  impl.FollowerInfo (FollowerInfo.java:lambda$new$0(51)) - 5a152cad-2f68-44e1-8661-622a6e2403aa@group-CFA5962B69F1->99afa1ab-f70e-454d-b97f-b50504ecadc2: nextIndex: updateUnconditionally 0 -> 0
2019-10-02 11:22:46,208 [grpc-default-executor-16] WARN  server.GrpcLogAppender (LogUtils.java:warn(134)) - 5a152cad-2f68-44e1-8661-622a6e2403aa@group-B42E39A6701C->255f5341-67af-48a5-9f0a-34079e58e4b3-AppendLogResponseHandler: Failed appendEntries: org.apache.ratis.thirdparty.io.grpc.StatusRuntimeException: UNAVAILABLE: io exception
2019-10-02 11:22:46,208 [grpc-default-executor-14] WARN  server.GrpcLogAppender (LogUtils.java:warn(134)) - 5a152cad-2f68-44e1-8661-622a6e2403aa@group-CFA5962B69F1->255f5341-67af-48a5-9f0a-34079e58e4b3-AppendLogResponseHandler: Failed appendEntries: org.apache.ratis.thirdparty.io.grpc.StatusRuntimeException: UNAVAILABLE: io exception
2019-10-02 11:22:46,208 [grpc-default-executor-1] WARN  server.GrpcLogAppender (LogUtils.java:warn(134)) - 5a152cad-2f68-44e1-8661-622a6e2403aa@group-33DDF701D157->255f5341-67af-48a5-9f0a-34079e58e4b3-AppendLogResponseHandler: Failed appendEntries: org.apache.ratis.thirdparty.io.grpc.StatusRuntimeException: UNAVAILABLE: io exception
2019-10-02 11:22:46,208 [grpc-default-executor-16] INFO  impl.FollowerInfo (FollowerInfo.java:lambda$new$0(51)) - 5a152cad-2f68-44e1-8661-622a6e2403aa@group-B42E39A6701C->255f5341-67af-48a5-9f0a-34079e58e4b3: nextIndex: updateUnconditionally 0 -> 0
2019-10-02 11:22:46,208 [grpc-default-executor-14] INFO  impl.FollowerInfo (FollowerInfo.java:lambda$new$0(51)) - 5a152cad-2f68-44e1-8661-622a6e2403aa@group-CFA5962B69F1->255f5341-67af-48a5-9f0a-34079e58e4b3: nextIndex: updateUnconditionally 0 -> 0
2019-10-02 11:22:46,208 [grpc-default-executor-1] INFO  impl.FollowerInfo (FollowerInfo.java:lambda$new$0(51)) - 5a152cad-2f68-44e1-8661-622a6e2403aa@group-33DDF701D157->255f5341-67af-48a5-9f0a-34079e58e4b3: nextIndex: updateUnconditionally 0 -> 0
2019-10-02 11:22:46,242 [grpc-default-executor-1] INFO  impl.RaftServerProxy (RaftServerProxy.java:remove(95)) - 2efd349e-feaf-4869-a93b-bd8bfaac471f: remove    LEADER 2efd349e-feaf-4869-a93b-bd8bfaac471f@group-3C281C7C625B:t1, leader=2efd349e-feaf-4869-a93b-bd8bfaac471f, voted=2efd349e-feaf-4869-a93b-bd8bfaac471f, raftlog=2efd349e-feaf-4869-a93b-bd8bfaac471f@group-3C281C7C625B-SegmentedRaftLog:OPENED:c0,f0,i0, conf=0: [2efd349e-feaf-4869-a93b-bd8bfaac471f:192.168.151.122:46738], old=null RUNNING
2019-10-02 11:22:46,245 [grpc-default-executor-1] INFO  impl.RaftServerImpl (RaftServerImpl.java:lambda$shutdown$3(247)) - 2efd349e-feaf-4869-a93b-bd8bfaac471f@group-3C281C7C625B: shutdown
2019-10-02 11:22:46,245 [grpc-default-executor-1] INFO  util.JmxRegister (JmxRegister.java:unregister(73)) - Successfully un-registered JMX Bean with object name Ratis:service=RaftServer,group=group-3C281C7C625B,id=2efd349e-feaf-4869-a93b-bd8bfaac471f
2019-10-02 11:22:46,245 [grpc-default-executor-1] INFO  impl.RoleInfo (RoleInfo.java:shutdownLeaderState(104)) - 2efd349e-feaf-4869-a93b-bd8bfaac471f: shutdown LeaderState
2019-10-02 11:22:46,245 [grpc-default-executor-1] INFO  impl.PendingRequests (PendingRequests.java:sendNotLeaderResponses(202)) - 2efd349e-feaf-4869-a93b-bd8bfaac471f@group-3C281C7C625B-PendingRequests: sendNotLeaderResponses
2019-10-02 11:22:46,246 [grpc-default-executor-1] INFO  impl.StateMachineUpdater (StateMachineUpdater.java:stopAndJoin(136)) - 2efd349e-feaf-4869-a93b-bd8bfaac471f@group-3C281C7C625B-StateMachineUpdater: set stopIndex = 0
2019-10-02 11:22:46,246 [grpc-default-executor-1] INFO  impl.RaftServerImpl (ServerState.java:close(387)) - 2efd349e-feaf-4869-a93b-bd8bfaac471f@group-3C281C7C625B: closes. applyIndex: 0
2019-10-02 11:22:46,247 [2efd349e-feaf-4869-a93b-bd8bfaac471f@group-3C281C7C625B-SegmentedRaftLogWorker] INFO  segmented.SegmentedRaftLogWorker (SegmentedRaftLogWorker.java:run(316)) - 2efd349e-feaf-4869-a93b-bd8bfaac471f@group-3C281C7C625B-SegmentedRaftLogWorker was interrupted, exiting. There are 0 tasks remaining in the queue.
2019-10-02 11:22:46,250 [grpc-default-executor-1] INFO  segmented.SegmentedRaftLogWorker (SegmentedRaftLogWorker.java:close(224)) - 2efd349e-feaf-4869-a93b-bd8bfaac471f@group-3C281C7C625B-SegmentedRaftLogWorker close()
2019-10-02 11:22:46,642 [grpc-default-executor-0] WARN  server.GrpcLogAppender (LogUtils.java:warn(134)) - 5a152cad-2f68-44e1-8661-622a6e2403aa@group-33DDF701D157->99afa1ab-f70e-454d-b97f-b50504ecadc2-AppendLogResponseHandler: Failed appendEntries: org.apache.ratis.thirdparty.io.grpc.StatusRuntimeException: UNAVAILABLE: io exception
2019-10-02 11:22:46,642 [grpc-default-executor-4] WARN  server.GrpcLogAppender (LogUtils.java:warn(134)) - 5a152cad-2f68-44e1-8661-622a6e2403aa@group-B42E39A6701C->99afa1ab-f70e-454d-b97f-b50504ecadc2-AppendLogResponseHandler: Failed appendEntries: org.apache.ratis.thirdparty.io.grpc.StatusRuntimeException: UNAVAILABLE: io exception
2019-10-02 11:22:46,642 [grpc-default-executor-16] WARN  server.GrpcLogAppender (LogUtils.java:warn(134)) - 5a152cad-2f68-44e1-8661-622a6e2403aa@group-CFA5962B69F1->99afa1ab-f70e-454d-b97f-b50504ecadc2-AppendLogResponseHandler: Failed appendEntries: org.apache.ratis.thirdparty.io.grpc.StatusRuntimeException: UNAVAILABLE: io exception
2019-10-02 11:22:46,642 [grpc-default-executor-0] INFO  impl.FollowerInfo (FollowerInfo.java:lambda$new$0(51)) - 5a152cad-2f68-44e1-8661-622a6e2403aa@group-33DDF701D157->99afa1ab-f70e-454d-b97f-b50504ecadc2: nextIndex: updateUnconditionally 0 -> 0
2019-10-02 11:22:46,642 [grpc-default-executor-4] INFO  impl.FollowerInfo (FollowerInfo.java:lambda$new$0(51)) - 5a152cad-2f68-44e1-8661-622a6e2403aa@group-B42E39A6701C->99afa1ab-f70e-454d-b97f-b50504ecadc2: nextIndex: updateUnconditionally 0 -> 0
2019-10-02 11:22:46,642 [grpc-default-executor-16] INFO  impl.FollowerInfo (FollowerInfo.java:lambda$new$0(51)) - 5a152cad-2f68-44e1-8661-622a6e2403aa@group-CFA5962B69F1->99afa1ab-f70e-454d-b97f-b50504ecadc2: nextIndex: updateUnconditionally 0 -> 0
2019-10-02 11:22:46,708 [grpc-default-executor-16] WARN  server.GrpcLogAppender (LogUtils.java:warn(134)) - 5a152cad-2f68-44e1-8661-622a6e2403aa@group-B42E39A6701C->255f5341-67af-48a5-9f0a-34079e58e4b3-AppendLogResponseHandler: Failed appendEntries: org.apache.ratis.thirdparty.io.grpc.StatusRuntimeException: UNAVAILABLE: io exception
2019-10-02 11:22:46,708 [grpc-default-executor-8] WARN  server.GrpcLogAppender (LogUtils.java:warn(134)) - 5a152cad-2f68-44e1-8661-622a6e2403aa@group-33DDF701D157->255f5341-67af-48a5-9f0a-34079e58e4b3-AppendLogResponseHandler: Failed appendEntries: org.apache.ratis.thirdparty.io.grpc.StatusRuntimeException: UNAVAILABLE: io exception
2019-10-02 11:22:46,708 [grpc-default-executor-4] WARN  server.GrpcLogAppender (LogUtils.java:warn(134)) - 5a152cad-2f68-44e1-8661-622a6e2403aa@group-CFA5962B69F1->255f5341-67af-48a5-9f0a-34079e58e4b3-AppendLogResponseHandler: Failed appendEntries: org.apache.ratis.thirdparty.io.grpc.StatusRuntimeException: UNAVAILABLE: io exception
2019-10-02 11:22:46,709 [grpc-default-executor-8] INFO  impl.FollowerInfo (FollowerInfo.java:lambda$new$0(51)) - 5a152cad-2f68-44e1-8661-622a6e2403aa@group-33DDF701D157->255f5341-67af-48a5-9f0a-34079e58e4b3: nextIndex: updateUnconditionally 0 -> 0
2019-10-02 11:22:46,708 [grpc-default-executor-16] INFO  impl.FollowerInfo (FollowerInfo.java:lambda$new$0(51)) - 5a152cad-2f68-44e1-8661-622a6e2403aa@group-B42E39A6701C->255f5341-67af-48a5-9f0a-34079e58e4b3: nextIndex: updateUnconditionally 0 -> 0
2019-10-02 11:22:46,709 [grpc-default-executor-4] INFO  impl.FollowerInfo (FollowerInfo.java:lambda$new$0(51)) - 5a152cad-2f68-44e1-8661-622a6e2403aa@group-CFA5962B69F1->255f5341-67af-48a5-9f0a-34079e58e4b3: nextIndex: updateUnconditionally 0 -> 0
2019-10-02 11:22:47,143 [grpc-default-executor-14] WARN  server.GrpcLogAppender (LogUtils.java:warn(134)) - 5a152cad-2f68-44e1-8661-622a6e2403aa@group-CFA5962B69F1->99afa1ab-f70e-454d-b97f-b50504ecadc2-AppendLogResponseHandler: Failed appendEntries: org.apache.ratis.thirdparty.io.grpc.StatusRuntimeException: UNAVAILABLE: io exception
2019-10-02 11:22:47,143 [grpc-default-executor-1] WARN  server.GrpcLogAppender (LogUtils.java:warn(134)) - 5a152cad-2f68-44e1-8661-622a6e2403aa@group-33DDF701D157->99afa1ab-f70e-454d-b97f-b50504ecadc2-AppendLogResponseHandler: Failed appendEntries: org.apache.ratis.thirdparty.io.grpc.StatusRuntimeException: UNAVAILABLE: io exception
2019-10-02 11:22:47,143 [grpc-default-executor-6] WARN  server.GrpcLogAppender (LogUtils.java:warn(134)) - 5a152cad-2f68-44e1-8661-622a6e2403aa@group-B42E39A6701C->99afa1ab-f70e-454d-b97f-b50504ecadc2-AppendLogResponseHandler: Failed appendEntries: org.apache.ratis.thirdparty.io.grpc.StatusRuntimeException: UNAVAILABLE: io exception
2019-10-02 11:22:47,143 [grpc-default-executor-1] INFO  impl.FollowerInfo (FollowerInfo.java:lambda$new$0(51)) - 5a152cad-2f68-44e1-8661-622a6e2403aa@group-33DDF701D157->99afa1ab-f70e-454d-b97f-b50504ecadc2: nextIndex: updateUnconditionally 0 -> 0
2019-10-02 11:22:47,143 [grpc-default-executor-14] INFO  impl.FollowerInfo (FollowerInfo.java:lambda$new$0(51)) - 5a152cad-2f68-44e1-8661-622a6e2403aa@group-CFA5962B69F1->99afa1ab-f70e-454d-b97f-b50504ecadc2: nextIndex: updateUnconditionally 0 -> 0
2019-10-02 11:22:47,143 [grpc-default-executor-6] INFO  impl.FollowerInfo (FollowerInfo.java:lambda$new$0(51)) - 5a152cad-2f68-44e1-8661-622a6e2403aa@group-B42E39A6701C->99afa1ab-f70e-454d-b97f-b50504ecadc2: nextIndex: updateUnconditionally 0 -> 0
2019-10-02 11:22:47,209 [grpc-default-executor-6] WARN  server.GrpcLogAppender (LogUtils.java:warn(134)) - 5a152cad-2f68-44e1-8661-622a6e2403aa@group-CFA5962B69F1->255f5341-67af-48a5-9f0a-34079e58e4b3-AppendLogResponseHandler: Failed appendEntries: org.apache.ratis.thirdparty.io.grpc.StatusRuntimeException: UNAVAILABLE: io exception
2019-10-02 11:22:47,209 [grpc-default-executor-8] WARN  server.GrpcLogAppender (LogUtils.java:warn(134)) - 5a152cad-2f68-44e1-8661-622a6e2403aa@group-B42E39A6701C->255f5341-67af-48a5-9f0a-34079e58e4b3-AppendLogResponseHandler: Failed appendEntries: org.apache.ratis.thirdparty.io.grpc.StatusRuntimeException: UNAVAILABLE: io exception
2019-10-02 11:22:47,209 [grpc-default-executor-14] WARN  server.GrpcLogAppender (LogUtils.java:warn(134)) - 5a152cad-2f68-44e1-8661-622a6e2403aa@group-33DDF701D157->255f5341-67af-48a5-9f0a-34079e58e4b3-AppendLogResponseHandler: Failed appendEntries: org.apache.ratis.thirdparty.io.grpc.StatusRuntimeException: UNAVAILABLE: io exception
2019-10-02 11:22:47,209 [grpc-default-executor-8] INFO  impl.FollowerInfo (FollowerInfo.java:lambda$new$0(51)) - 5a152cad-2f68-44e1-8661-622a6e2403aa@group-B42E39A6701C->255f5341-67af-48a5-9f0a-34079e58e4b3: nextIndex: updateUnconditionally 0 -> 0
2019-10-02 11:22:47,209 [grpc-default-executor-6] INFO  impl.FollowerInfo (FollowerInfo.java:lambda$new$0(51)) - 5a152cad-2f68-44e1-8661-622a6e2403aa@group-CFA5962B69F1->255f5341-67af-48a5-9f0a-34079e58e4b3: nextIndex: updateUnconditionally 0 -> 0
2019-10-02 11:22:47,210 [grpc-default-executor-14] INFO  impl.FollowerInfo (FollowerInfo.java:lambda$new$0(51)) - 5a152cad-2f68-44e1-8661-622a6e2403aa@group-33DDF701D157->255f5341-67af-48a5-9f0a-34079e58e4b3: nextIndex: updateUnconditionally 0 -> 0
2019-10-02 11:22:47,644 [grpc-default-executor-14] WARN  server.GrpcLogAppender (LogUtils.java:warn(134)) - 5a152cad-2f68-44e1-8661-622a6e2403aa@group-CFA5962B69F1->99afa1ab-f70e-454d-b97f-b50504ecadc2-AppendLogResponseHandler: Failed appendEntries: org.apache.ratis.thirdparty.io.grpc.StatusRuntimeException: UNAVAILABLE: io exception
2019-10-02 11:22:47,644 [grpc-default-executor-4] WARN  server.GrpcLogAppender (LogUtils.java:warn(134)) - 5a152cad-2f68-44e1-8661-622a6e2403aa@group-B42E39A6701C->99afa1ab-f70e-454d-b97f-b50504ecadc2-AppendLogResponseHandler: Failed appendEntries: org.apache.ratis.thirdparty.io.grpc.StatusRuntimeException: UNAVAILABLE: io exception
2019-10-02 11:22:47,644 [grpc-default-executor-16] WARN  server.GrpcLogAppender (LogUtils.java:warn(134)) - 5a152cad-2f68-44e1-8661-622a6e2403aa@group-33DDF701D157->99afa1ab-f70e-454d-b97f-b50504ecadc2-AppendLogResponseHandler: Failed appendEntries: org.apache.ratis.thirdparty.io.grpc.StatusRuntimeException: UNAVAILABLE: io exception
2019-10-02 11:22:47,644 [grpc-default-executor-4] INFO  impl.FollowerInfo (FollowerInfo.java:lambda$new$0(51)) - 5a152cad-2f68-44e1-8661-622a6e2403aa@group-B42E39A6701C->99afa1ab-f70e-454d-b97f-b50504ecadc2: nextIndex: updateUnconditionally 0 -> 0
2019-10-02 11:22:47,644 [grpc-default-executor-14] INFO  impl.FollowerInfo (FollowerInfo.java:lambda$new$0(51)) - 5a152cad-2f68-44e1-8661-622a6e2403aa@group-CFA5962B69F1->99afa1ab-f70e-454d-b97f-b50504ecadc2: nextIndex: updateUnconditionally 0 -> 0
2019-10-02 11:22:47,645 [grpc-default-executor-16] INFO  impl.FollowerInfo (FollowerInfo.java:lambda$new$0(51)) - 5a152cad-2f68-44e1-8661-622a6e2403aa@group-33DDF701D157->99afa1ab-f70e-454d-b97f-b50504ecadc2: nextIndex: updateUnconditionally 0 -> 0
2019-10-02 11:22:47,710 [grpc-default-executor-8] WARN  server.GrpcLogAppender (LogUtils.java:warn(134)) - 5a152cad-2f68-44e1-8661-622a6e2403aa@group-B42E39A6701C->255f5341-67af-48a5-9f0a-34079e58e4b3-AppendLogResponseHandler: Failed appendEntries: org.apache.ratis.thirdparty.io.grpc.StatusRuntimeException: UNAVAILABLE: io exception
2019-10-02 11:22:47,710 [grpc-default-executor-16] WARN  server.GrpcLogAppender (LogUtils.java:warn(134)) - 5a152cad-2f68-44e1-8661-622a6e2403aa@group-CFA5962B69F1->255f5341-67af-48a5-9f0a-34079e58e4b3-AppendLogResponseHandler: Failed appendEntries: org.apache.ratis.thirdparty.io.grpc.StatusRuntimeException: UNAVAILABLE: io exception
2019-10-02 11:22:47,710 [grpc-default-executor-4] WARN  server.GrpcLogAppender (LogUtils.java:warn(134)) - 5a152cad-2f68-44e1-8661-622a6e2403aa@group-33DDF701D157->255f5341-67af-48a5-9f0a-34079e58e4b3-AppendLogResponseHandler: Failed appendEntries: org.apache.ratis.thirdparty.io.grpc.StatusRuntimeException: UNAVAILABLE: io exception
2019-10-02 11:22:47,710 [grpc-default-executor-16] INFO  impl.FollowerInfo (FollowerInfo.java:lambda$new$0(51)) - 5a152cad-2f68-44e1-8661-622a6e2403aa@group-CFA5962B69F1->255f5341-67af-48a5-9f0a-34079e58e4b3: nextIndex: updateUnconditionally 0 -> 0
2019-10-02 11:22:47,710 [grpc-default-executor-8] INFO  impl.FollowerInfo (FollowerInfo.java:lambda$new$0(51)) - 5a152cad-2f68-44e1-8661-622a6e2403aa@group-B42E39A6701C->255f5341-67af-48a5-9f0a-34079e58e4b3: nextIndex: updateUnconditionally 0 -> 0
2019-10-02 11:22:47,710 [grpc-default-executor-4] INFO  impl.FollowerInfo (FollowerInfo.java:lambda$new$0(51)) - 5a152cad-2f68-44e1-8661-622a6e2403aa@group-33DDF701D157->255f5341-67af-48a5-9f0a-34079e58e4b3: nextIndex: updateUnconditionally 0 -> 0
2019-10-02 11:22:48,144 [grpc-default-executor-6] WARN  server.GrpcLogAppender (LogUtils.java:warn(134)) - 5a152cad-2f68-44e1-8661-622a6e2403aa@group-B42E39A6701C->99afa1ab-f70e-454d-b97f-b50504ecadc2-AppendLogResponseHandler: Failed appendEntries: org.apache.ratis.thirdparty.io.grpc.StatusRuntimeException: UNAVAILABLE: io exception
2019-10-02 11:22:48,144 [grpc-default-executor-14] WARN  server.GrpcLogAppender (LogUtils.java:warn(134)) - 5a152cad-2f68-44e1-8661-622a6e2403aa@group-33DDF701D157->99afa1ab-f70e-454d-b97f-b50504ecadc2-AppendLogResponseHandler: Failed appendEntries: org.apache.ratis.thirdparty.io.grpc.StatusRuntimeException: UNAVAILABLE: io exception
2019-10-02 11:22:48,144 [grpc-default-executor-8] WARN  server.GrpcLogAppender (LogUtils.java:warn(134)) - 5a152cad-2f68-44e1-8661-622a6e2403aa@group-CFA5962B69F1->99afa1ab-f70e-454d-b97f-b50504ecadc2-AppendLogResponseHandler: Failed appendEntries: org.apache.ratis.thirdparty.io.grpc.StatusRuntimeException: UNAVAILABLE: io exception
2019-10-02 11:22:48,145 [grpc-default-executor-14] INFO  impl.FollowerInfo (FollowerInfo.java:lambda$new$0(51)) - 5a152cad-2f68-44e1-8661-622a6e2403aa@group-33DDF701D157->99afa1ab-f70e-454d-b97f-b50504ecadc2: nextIndex: updateUnconditionally 0 -> 0
2019-10-02 11:22:48,145 [grpc-default-executor-6] INFO  impl.FollowerInfo (FollowerInfo.java:lambda$new$0(51)) - 5a152cad-2f68-44e1-8661-622a6e2403aa@group-B42E39A6701C->99afa1ab-f70e-454d-b97f-b50504ecadc2: nextIndex: updateUnconditionally 0 -> 0
2019-10-02 11:22:48,145 [grpc-default-executor-8] INFO  impl.FollowerInfo (FollowerInfo.java:lambda$new$0(51)) - 5a152cad-2f68-44e1-8661-622a6e2403aa@group-CFA5962B69F1->99afa1ab-f70e-454d-b97f-b50504ecadc2: nextIndex: updateUnconditionally 0 -> 0
2019-10-02 11:22:48,211 [grpc-default-executor-6] WARN  server.GrpcLogAppender (LogUtils.java:warn(134)) - 5a152cad-2f68-44e1-8661-622a6e2403aa@group-CFA5962B69F1->255f5341-67af-48a5-9f0a-34079e58e4b3-AppendLogResponseHandler: Failed appendEntries: org.apache.ratis.thirdparty.io.grpc.StatusRuntimeException: UNAVAILABLE: io exception
2019-10-02 11:22:48,211 [grpc-default-executor-16] WARN  server.GrpcLogAppender (LogUtils.java:warn(134)) - 5a152cad-2f68-44e1-8661-622a6e2403aa@group-33DDF701D157->255f5341-67af-48a5-9f0a-34079e58e4b3-AppendLogResponseHandler: Failed appendEntries: org.apache.ratis.thirdparty.io.grpc.StatusRuntimeException: UNAVAILABLE: io exception
2019-10-02 11:22:48,211 [grpc-default-executor-4] WARN  server.GrpcLogAppender (LogUtils.java:warn(134)) - 5a152cad-2f68-44e1-8661-622a6e2403aa@group-B42E39A6701C->255f5341-67af-48a5-9f0a-34079e58e4b3-AppendLogResponseHandler: Failed appendEntries: org.apache.ratis.thirdparty.io.grpc.StatusRuntimeException: UNAVAILABLE: io exception
2019-10-02 11:22:48,211 [grpc-default-executor-16] INFO  impl.FollowerInfo (FollowerInfo.java:lambda$new$0(51)) - 5a152cad-2f68-44e1-8661-622a6e2403aa@group-33DDF701D157->255f5341-67af-48a5-9f0a-34079e58e4b3: nextIndex: updateUnconditionally 0 -> 0
2019-10-02 11:22:48,211 [grpc-default-executor-6] INFO  impl.FollowerInfo (FollowerInfo.java:lambda$new$0(51)) - 5a152cad-2f68-44e1-8661-622a6e2403aa@group-CFA5962B69F1->255f5341-67af-48a5-9f0a-34079e58e4b3: nextIndex: updateUnconditionally 0 -> 0
2019-10-02 11:22:48,211 [grpc-default-executor-4] INFO  impl.FollowerInfo (FollowerInfo.java:lambda$new$0(51)) - 5a152cad-2f68-44e1-8661-622a6e2403aa@group-B42E39A6701C->255f5341-67af-48a5-9f0a-34079e58e4b3: nextIndex: updateUnconditionally 0 -> 0
2019-10-02 11:22:48,645 [grpc-default-executor-4] WARN  server.GrpcLogAppender (LogUtils.java:warn(134)) - 5a152cad-2f68-44e1-8661-622a6e2403aa@group-CFA5962B69F1->99afa1ab-f70e-454d-b97f-b50504ecadc2-AppendLogResponseHandler: Failed appendEntries: org.apache.ratis.thirdparty.io.grpc.StatusRuntimeException: UNAVAILABLE: io exception
2019-10-02 11:22:48,645 [grpc-default-executor-1] WARN  server.GrpcLogAppender (LogUtils.java:warn(134)) - 5a152cad-2f68-44e1-8661-622a6e2403aa@group-33DDF701D157->99afa1ab-f70e-454d-b97f-b50504ecadc2-AppendLogResponseHandler: Failed appendEntries: org.apache.ratis.thirdparty.io.grpc.StatusRuntimeException: UNAVAILABLE: io exception
2019-10-02 11:22:48,645 [grpc-default-executor-14] WARN  server.GrpcLogAppender (LogUtils.java:warn(134)) - 5a152cad-2f68-44e1-8661-622a6e2403aa@group-B42E39A6701C->99afa1ab-f70e-454d-b97f-b50504ecadc2-AppendLogResponseHandler: Failed appendEntries: org.apache.ratis.thirdparty.io.grpc.StatusRuntimeException: UNAVAILABLE: io exception
2019-10-02 11:22:48,645 [grpc-default-executor-1] INFO  impl.FollowerInfo (FollowerInfo.java:lambda$new$0(51)) - 5a152cad-2f68-44e1-8661-622a6e2403aa@group-33DDF701D157->99afa1ab-f70e-454d-b97f-b50504ecadc2: nextIndex: updateUnconditionally 0 -> 0
2019-10-02 11:22:48,645 [grpc-default-executor-4] INFO  impl.FollowerInfo (FollowerInfo.java:lambda$new$0(51)) - 5a152cad-2f68-44e1-8661-622a6e2403aa@group-CFA5962B69F1->99afa1ab-f70e-454d-b97f-b50504ecadc2: nextIndex: updateUnconditionally 0 -> 0
2019-10-02 11:22:48,646 [grpc-default-executor-14] INFO  impl.FollowerInfo (FollowerInfo.java:lambda$new$0(51)) - 5a152cad-2f68-44e1-8661-622a6e2403aa@group-B42E39A6701C->99afa1ab-f70e-454d-b97f-b50504ecadc2: nextIndex: updateUnconditionally 0 -> 0
2019-10-02 11:22:48,711 [grpc-default-executor-1] WARN  server.GrpcLogAppender (LogUtils.java:warn(134)) - 5a152cad-2f68-44e1-8661-622a6e2403aa@group-33DDF701D157->255f5341-67af-48a5-9f0a-34079e58e4b3-AppendLogResponseHandler: Failed appendEntries: org.apache.ratis.thirdparty.io.grpc.StatusRuntimeException: UNAVAILABLE: io exception
2019-10-02 11:22:48,711 [grpc-default-executor-6] WARN  server.GrpcLogAppender (LogUtils.java:warn(134)) - 5a152cad-2f68-44e1-8661-622a6e2403aa@group-CFA5962B69F1->255f5341-67af-48a5-9f0a-34079e58e4b3-AppendLogResponseHandler: Failed appendEntries: org.apache.ratis.thirdparty.io.grpc.StatusRuntimeException: UNAVAILABLE: io exception
2019-10-02 11:22:48,711 [grpc-default-executor-16] WARN  server.GrpcLogAppender (LogUtils.java:warn(134)) - 5a152cad-2f68-44e1-8661-622a6e2403aa@group-B42E39A6701C->255f5341-67af-48a5-9f0a-34079e58e4b3-AppendLogResponseHandler: Failed appendEntries: org.apache.ratis.thirdparty.io.grpc.StatusRuntimeException: UNAVAILABLE: io exception
2019-10-02 11:22:48,711 [grpc-default-executor-6] INFO  impl.FollowerInfo (FollowerInfo.java:lambda$new$0(51)) - 5a152cad-2f68-44e1-8661-622a6e2403aa@group-CFA5962B69F1->255f5341-67af-48a5-9f0a-34079e58e4b3: nextIndex: updateUnconditionally 0 -> 0
2019-10-02 11:22:48,711 [grpc-default-executor-1] INFO  impl.FollowerInfo (FollowerInfo.java:lambda$new$0(51)) - 5a152cad-2f68-44e1-8661-622a6e2403aa@group-33DDF701D157->255f5341-67af-48a5-9f0a-34079e58e4b3: nextIndex: updateUnconditionally 0 -> 0
2019-10-02 11:22:48,712 [grpc-default-executor-16] INFO  impl.FollowerInfo (FollowerInfo.java:lambda$new$0(51)) - 5a152cad-2f68-44e1-8661-622a6e2403aa@group-B42E39A6701C->255f5341-67af-48a5-9f0a-34079e58e4b3: nextIndex: updateUnconditionally 0 -> 0
2019-10-02 11:22:49,146 [grpc-default-executor-14] WARN  server.GrpcLogAppender (LogUtils.java:warn(134)) - 5a152cad-2f68-44e1-8661-622a6e2403aa@group-B42E39A6701C->99afa1ab-f70e-454d-b97f-b50504ecadc2-AppendLogResponseHandler: Failed appendEntries: org.apache.ratis.thirdparty.io.grpc.StatusRuntimeException: UNAVAILABLE: io exception
2019-10-02 11:22:49,146 [grpc-default-executor-16] WARN  server.GrpcLogAppender (LogUtils.java:warn(134)) - 5a152cad-2f68-44e1-8661-622a6e2403aa@group-CFA5962B69F1->99afa1ab-f70e-454d-b97f-b50504ecadc2-AppendLogResponseHandler: Failed appendEntries: org.apache.ratis.thirdparty.io.grpc.StatusRuntimeException: UNAVAILABLE: io exception
2019-10-02 11:22:49,146 [grpc-default-executor-4] WARN  server.GrpcLogAppender (LogUtils.java:warn(134)) - 5a152cad-2f68-44e1-8661-622a6e2403aa@group-33DDF701D157->99afa1ab-f70e-454d-b97f-b50504ecadc2-AppendLogResponseHandler: Failed appendEntries: org.apache.ratis.thirdparty.io.grpc.StatusRuntimeException: UNAVAILABLE: io exception
2019-10-02 11:22:49,147 [grpc-default-executor-16] INFO  impl.FollowerInfo (FollowerInfo.java:lambda$new$0(51)) - 5a152cad-2f68-44e1-8661-622a6e2403aa@group-CFA5962B69F1->99afa1ab-f70e-454d-b97f-b50504ecadc2: nextIndex: updateUnconditionally 0 -> 0
2019-10-02 11:22:49,147 [grpc-default-executor-14] INFO  impl.FollowerInfo (FollowerInfo.java:lambda$new$0(51)) - 5a152cad-2f68-44e1-8661-622a6e2403aa@group-B42E39A6701C->99afa1ab-f70e-454d-b97f-b50504ecadc2: nextIndex: updateUnconditionally 0 -> 0
2019-10-02 11:22:49,147 [grpc-default-executor-4] INFO  impl.FollowerInfo (FollowerInfo.java:lambda$new$0(51)) - 5a152cad-2f68-44e1-8661-622a6e2403aa@group-33DDF701D157->99afa1ab-f70e-454d-b97f-b50504ecadc2: nextIndex: updateUnconditionally 0 -> 0
2019-10-02 11:22:49,212 [grpc-default-executor-14] WARN  server.GrpcLogAppender (LogUtils.java:warn(134)) - 5a152cad-2f68-44e1-8661-622a6e2403aa@group-B42E39A6701C->255f5341-67af-48a5-9f0a-34079e58e4b3-AppendLogResponseHandler: Failed appendEntries: org.apache.ratis.thirdparty.io.grpc.StatusRuntimeException: UNAVAILABLE: io exception
2019-10-02 11:22:49,212 [grpc-default-executor-8] WARN  server.GrpcLogAppender (LogUtils.java:warn(134)) - 5a152cad-2f68-44e1-8661-622a6e2403aa@group-33DDF701D157->255f5341-67af-48a5-9f0a-34079e58e4b3-AppendLogResponseHandler: Failed appendEntries: org.apache.ratis.thirdparty.io.grpc.StatusRuntimeException: UNAVAILABLE: io exception
2019-10-02 11:22:49,212 [grpc-default-executor-16] WARN  server.GrpcLogAppender (LogUtils.java:warn(134)) - 5a152cad-2f68-44e1-8661-622a6e2403aa@group-CFA5962B69F1->255f5341-67af-48a5-9f0a-34079e58e4b3-AppendLogResponseHandler: Failed appendEntries: org.apache.ratis.thirdparty.io.grpc.StatusRuntimeException: UNAVAILABLE: io exception
2019-10-02 11:22:49,212 [grpc-default-executor-8] INFO  impl.FollowerInfo (FollowerInfo.java:lambda$new$0(51)) - 5a152cad-2f68-44e1-8661-622a6e2403aa@group-33DDF701D157->255f5341-67af-48a5-9f0a-34079e58e4b3: nextIndex: updateUnconditionally 0 -> 0
2019-10-02 11:22:49,212 [grpc-default-executor-14] INFO  impl.FollowerInfo (FollowerInfo.java:lambda$new$0(51)) - 5a152cad-2f68-44e1-8661-622a6e2403aa@group-B42E39A6701C->255f5341-67af-48a5-9f0a-34079e58e4b3: nextIndex: updateUnconditionally 0 -> 0
2019-10-02 11:22:49,212 [grpc-default-executor-16] INFO  impl.FollowerInfo (FollowerInfo.java:lambda$new$0(51)) - 5a152cad-2f68-44e1-8661-622a6e2403aa@group-CFA5962B69F1->255f5341-67af-48a5-9f0a-34079e58e4b3: nextIndex: updateUnconditionally 0 -> 0
2019-10-02 11:22:49,246 [main] WARN  io.KeyOutputStream (KeyOutputStream.java:handleException(274)) - Encountered exception java.io.IOException: Unexpected Storage Container Exception: java.util.concurrent.CompletionException: java.util.concurrent.CompletionException: org.apache.ratis.protocol.RaftRetryFailureException: Failed RaftClientRequest:client-CD5B6FA21BE9->5a152cad-2f68-44e1-8661-622a6e2403aa@group-33DDF701D157, cid=13, seq=3*, RW, org.apache.hadoop.hdds.scm.XceiverClientRatis$$Lambda$472/1904047495@3e42bdd4 for 10 attempts with RetryLimited(maxAttempts=10, sleepTime=1000ms) on the pipeline Pipeline[ Id: 24c0406e-22e1-403f-b1f7-33ddf701d157, Nodes: 255f5341-67af-48a5-9f0a-34079e58e4b3{ip: 192.168.151.122, host: pr-hdds-2199-dnstouuidmap-nxzb2-26233584, networkLocation: /rack1, certSerialId: null}99afa1ab-f70e-454d-b97f-b50504ecadc2{ip: 192.168.151.122, host: pr-hdds-2199-dnstouuidmap-nxzb2-26233584, networkLocation: /rack1, certSerialId: null}5a152cad-2f68-44e1-8661-622a6e2403aa{ip: 192.168.151.122, host: pr-hdds-2199-dnstouuidmap-nxzb2-26233584, networkLocation: /rack1, certSerialId: null}, Type:RATIS, Factor:THREE, State:OPEN]. The last committed block length is 1048576, uncommitted data length is 2097152 retry count 0
2019-10-02 11:22:49,290 [grpc-default-executor-14] INFO  impl.RaftServerProxy (RaftServerProxy.java:addNew(89)) - 2efd349e-feaf-4869-a93b-bd8bfaac471f: addNew group-FC2D5FD9454F:[c5209792-15f6-46a4-8128-2e7c6fbeb642:192.168.151.122:34481, 2efd349e-feaf-4869-a93b-bd8bfaac471f:192.168.151.122:46738, fa2082ef-2be2-4bae-9323-f7b52755e8d7:192.168.151.122:39327] returns group-FC2D5FD9454F:java.util.concurrent.CompletableFuture@178dca3f[Not completed]
2019-10-02 11:22:49,293 [grpc-default-executor-16] INFO  impl.RaftServerProxy (RaftServerProxy.java:addNew(89)) - fa2082ef-2be2-4bae-9323-f7b52755e8d7: addNew group-FC2D5FD9454F:[c5209792-15f6-46a4-8128-2e7c6fbeb642:192.168.151.122:34481, 2efd349e-feaf-4869-a93b-bd8bfaac471f:192.168.151.122:46738, fa2082ef-2be2-4bae-9323-f7b52755e8d7:192.168.151.122:39327] returns group-FC2D5FD9454F:java.util.concurrent.CompletableFuture@5edd3f6e[Not completed]
2019-10-02 11:22:49,296 [grpc-default-executor-14] INFO  impl.RaftServerProxy (RaftServerProxy.java:addNew(89)) - c5209792-15f6-46a4-8128-2e7c6fbeb642: addNew group-FC2D5FD9454F:[c5209792-15f6-46a4-8128-2e7c6fbeb642:192.168.151.122:34481, 2efd349e-feaf-4869-a93b-bd8bfaac471f:192.168.151.122:46738, fa2082ef-2be2-4bae-9323-f7b52755e8d7:192.168.151.122:39327] returns group-FC2D5FD9454F:java.util.concurrent.CompletableFuture@73657ef[Not completed]
2019-10-02 11:22:49,297 [pool-27-thread-1] INFO  impl.RaftServerImpl (RaftServerImpl.java:<init>(95)) - 2efd349e-feaf-4869-a93b-bd8bfaac471f: new RaftServerImpl for group-FC2D5FD9454F:[c5209792-15f6-46a4-8128-2e7c6fbeb642:192.168.151.122:34481, 2efd349e-feaf-4869-a93b-bd8bfaac471f:192.168.151.122:46738, fa2082ef-2be2-4bae-9323-f7b52755e8d7:192.168.151.122:39327] with ContainerStateMachine:uninitialized
2019-10-02 11:22:49,297 [pool-27-thread-1] INFO  server.RaftServerConfigKeys (ConfUtils.java:logGet(43)) - raft.server.rpc.timeout.min = 1s (custom)
2019-10-02 11:22:49,297 [pool-27-thread-1] INFO  server.RaftServerConfigKeys (ConfUtils.java:logGet(43)) - raft.server.rpc.timeout.max = 1200ms (custom)
2019-10-02 11:22:49,297 [pool-27-thread-1] INFO  server.RaftServerConfigKeys (ConfUtils.java:logGet(43)) - raft.server.rpcslowness.timeout = 120s (custom)
2019-10-02 11:22:49,297 [pool-27-thread-1] INFO  server.RaftServerConfigKeys (ConfUtils.java:logGet(43)) - raft.server.sleep.deviation.threshold = 300 (default)
2019-10-02 11:22:49,298 [pool-27-thread-1] INFO  server.RaftServerConfigKeys (ConfUtils.java:logGet(43)) - raft.server.log.appender.install.snapshot.enabled = false (custom)
2019-10-02 11:22:49,298 [pool-27-thread-1] INFO  impl.RaftServerImpl (ServerState.java:<init>(103)) - 2efd349e-feaf-4869-a93b-bd8bfaac471f@group-FC2D5FD9454F: ConfigurationManager, init=-1: [c5209792-15f6-46a4-8128-2e7c6fbeb642:192.168.151.122:34481, 2efd349e-feaf-4869-a93b-bd8bfaac471f:192.168.151.122:46738, fa2082ef-2be2-4bae-9323-f7b52755e8d7:192.168.151.122:39327], old=null, confs=<EMPTY_MAP>
2019-10-02 11:22:49,298 [pool-27-thread-1] INFO  server.RaftServerConfigKeys (ConfUtils.java:logGet(43)) - raft.server.storage.dir = [/workdir/hadoop-ozone/integration-test/target/test-dir/MiniOzoneClusterImpl-544d5193-f7b3-4e33-ac9d-9d27303d2a96/datanode-0/data/ratis] (custom)
2019-10-02 11:22:49,298 [pool-27-thread-1] INFO  server.RaftServerConfigKeys (ConfUtils.java:logGet(43)) - raft.server.log.corruption.policy = EXCEPTION (default)
2019-10-02 11:22:49,301 [pool-27-thread-1] INFO  storage.RaftStorageDirectory (RaftStorageDirectory.java:analyzeStorage(246)) - The storage directory /workdir/hadoop-ozone/integration-test/target/test-dir/MiniOzoneClusterImpl-544d5193-f7b3-4e33-ac9d-9d27303d2a96/datanode-0/data/ratis/d17f1eb3-6a3b-42c1-a22a-fc2d5fd9454f does not exist. Creating ...
2019-10-02 11:22:49,301 [pool-47-thread-1] INFO  impl.RaftServerImpl (RaftServerImpl.java:<init>(95)) - c5209792-15f6-46a4-8128-2e7c6fbeb642: new RaftServerImpl for group-FC2D5FD9454F:[c5209792-15f6-46a4-8128-2e7c6fbeb642:192.168.151.122:34481, 2efd349e-feaf-4869-a93b-bd8bfaac471f:192.168.151.122:46738, fa2082ef-2be2-4bae-9323-f7b52755e8d7:192.168.151.122:39327] with ContainerStateMachine:uninitialized
2019-10-02 11:22:49,301 [pool-47-thread-1] INFO  server.RaftServerConfigKeys (ConfUtils.java:logGet(43)) - raft.server.rpc.timeout.min = 1s (custom)
2019-10-02 11:22:49,302 [pool-47-thread-1] INFO  server.RaftServerConfigKeys (ConfUtils.java:logGet(43)) - raft.server.rpc.timeout.max = 1200ms (custom)
2019-10-02 11:22:49,302 [pool-47-thread-1] INFO  server.RaftServerConfigKeys (ConfUtils.java:logGet(43)) - raft.server.rpcslowness.timeout = 120s (custom)
2019-10-02 11:22:49,302 [pool-47-thread-1] INFO  server.RaftServerConfigKeys (ConfUtils.java:logGet(43)) - raft.server.sleep.deviation.threshold = 300 (default)
2019-10-02 11:22:49,302 [pool-47-thread-1] INFO  server.RaftServerConfigKeys (ConfUtils.java:logGet(43)) - raft.server.log.appender.install.snapshot.enabled = false (custom)
2019-10-02 11:22:49,302 [pool-47-thread-1] INFO  impl.RaftServerImpl (ServerState.java:<init>(103)) - c5209792-15f6-46a4-8128-2e7c6fbeb642@group-FC2D5FD9454F: ConfigurationManager, init=-1: [c5209792-15f6-46a4-8128-2e7c6fbeb642:192.168.151.122:34481, 2efd349e-feaf-4869-a93b-bd8bfaac471f:192.168.151.122:46738, fa2082ef-2be2-4bae-9323-f7b52755e8d7:192.168.151.122:39327], old=null, confs=<EMPTY_MAP>
2019-10-02 11:22:49,305 [pool-47-thread-1] INFO  server.RaftServerConfigKeys (ConfUtils.java:logGet(43)) - raft.server.storage.dir = [/workdir/hadoop-ozone/integration-test/target/test-dir/MiniOzoneClusterImpl-544d5193-f7b3-4e33-ac9d-9d27303d2a96/datanode-2/data/ratis] (custom)
2019-10-02 11:22:49,305 [pool-67-thread-1] INFO  impl.RaftServerImpl (RaftServerImpl.java:<init>(95)) - fa2082ef-2be2-4bae-9323-f7b52755e8d7: new RaftServerImpl for group-FC2D5FD9454F:[c5209792-15f6-46a4-8128-2e7c6fbeb642:192.168.151.122:34481, 2efd349e-feaf-4869-a93b-bd8bfaac471f:192.168.151.122:46738, fa2082ef-2be2-4bae-9323-f7b52755e8d7:192.168.151.122:39327] with ContainerStateMachine:uninitialized
2019-10-02 11:22:49,305 [pool-67-thread-1] INFO  server.RaftServerConfigKeys (ConfUtils.java:logGet(43)) - raft.server.rpc.timeout.min = 1s (custom)
2019-10-02 11:22:49,305 [pool-47-thread-1] INFO  server.RaftServerConfigKeys (ConfUtils.java:logGet(43)) - raft.server.log.corruption.policy = EXCEPTION (default)
2019-10-02 11:22:49,305 [pool-67-thread-1] INFO  server.RaftServerConfigKeys (ConfUtils.java:logGet(43)) - raft.server.rpc.timeout.max = 1200ms (custom)
2019-10-02 11:22:49,305 [pool-67-thread-1] INFO  server.RaftServerConfigKeys (ConfUtils.java:logGet(43)) - raft.server.rpcslowness.timeout = 120s (custom)
2019-10-02 11:22:49,305 [pool-47-thread-1] INFO  storage.RaftStorageDirectory (RaftStorageDirectory.java:analyzeStorage(246)) - The storage directory /workdir/hadoop-ozone/integration-test/target/test-dir/MiniOzoneClusterImpl-544d5193-f7b3-4e33-ac9d-9d27303d2a96/datanode-2/data/ratis/d17f1eb3-6a3b-42c1-a22a-fc2d5fd9454f does not exist. Creating ...
2019-10-02 11:22:49,306 [pool-67-thread-1] INFO  server.RaftServerConfigKeys (ConfUtils.java:logGet(43)) - raft.server.sleep.deviation.threshold = 300 (default)
2019-10-02 11:22:49,306 [pool-67-thread-1] INFO  server.RaftServerConfigKeys (ConfUtils.java:logGet(43)) - raft.server.log.appender.install.snapshot.enabled = false (custom)
2019-10-02 11:22:49,306 [pool-67-thread-1] INFO  impl.RaftServerImpl (ServerState.java:<init>(103)) - fa2082ef-2be2-4bae-9323-f7b52755e8d7@group-FC2D5FD9454F: ConfigurationManager, init=-1: [c5209792-15f6-46a4-8128-2e7c6fbeb642:192.168.151.122:34481, 2efd349e-feaf-4869-a93b-bd8bfaac471f:192.168.151.122:46738, fa2082ef-2be2-4bae-9323-f7b52755e8d7:192.168.151.122:39327], old=null, confs=<EMPTY_MAP>
2019-10-02 11:22:49,306 [pool-67-thread-1] INFO  server.RaftServerConfigKeys (ConfUtils.java:logGet(43)) - raft.server.storage.dir = [/workdir/hadoop-ozone/integration-test/target/test-dir/MiniOzoneClusterImpl-544d5193-f7b3-4e33-ac9d-9d27303d2a96/datanode-4/data/ratis] (custom)
2019-10-02 11:22:49,306 [pool-67-thread-1] INFO  server.RaftServerConfigKeys (ConfUtils.java:logGet(43)) - raft.server.log.corruption.policy = EXCEPTION (default)
2019-10-02 11:22:49,306 [pool-67-thread-1] INFO  storage.RaftStorageDirectory (RaftStorageDirectory.java:analyzeStorage(246)) - The storage directory /workdir/hadoop-ozone/integration-test/target/test-dir/MiniOzoneClusterImpl-544d5193-f7b3-4e33-ac9d-9d27303d2a96/datanode-4/data/ratis/d17f1eb3-6a3b-42c1-a22a-fc2d5fd9454f does not exist. Creating ...
2019-10-02 11:22:49,647 [grpc-default-executor-6] WARN  server.GrpcLogAppender (LogUtils.java:warn(134)) - 5a152cad-2f68-44e1-8661-622a6e2403aa@group-CFA5962B69F1->99afa1ab-f70e-454d-b97f-b50504ecadc2-AppendLogResponseHandler: Failed appendEntries: org.apache.ratis.thirdparty.io.grpc.StatusRuntimeException: UNAVAILABLE: io exception
2019-10-02 11:22:49,647 [grpc-default-executor-14] WARN  server.GrpcLogAppender (LogUtils.java:warn(134)) - 5a152cad-2f68-44e1-8661-622a6e2403aa@group-B42E39A6701C->99afa1ab-f70e-454d-b97f-b50504ecadc2-AppendLogResponseHandler: Failed appendEntries: org.apache.ratis.thirdparty.io.grpc.StatusRuntimeException: UNAVAILABLE: io exception
2019-10-02 11:22:49,647 [grpc-default-executor-4] WARN  server.GrpcLogAppender (LogUtils.java:warn(134)) - 5a152cad-2f68-44e1-8661-622a6e2403aa@group-33DDF701D157->99afa1ab-f70e-454d-b97f-b50504ecadc2-AppendLogResponseHandler: Failed appendEntries: org.apache.ratis.thirdparty.io.grpc.StatusRuntimeException: UNAVAILABLE: io exception
2019-10-02 11:22:49,647 [grpc-default-executor-14] INFO  impl.FollowerInfo (FollowerInfo.java:lambda$new$0(51)) - 5a152cad-2f68-44e1-8661-622a6e2403aa@group-B42E39A6701C->99afa1ab-f70e-454d-b97f-b50504ecadc2: nextIndex: updateUnconditionally 0 -> 0
2019-10-02 11:22:49,647 [grpc-default-executor-6] INFO  impl.FollowerInfo (FollowerInfo.java:lambda$new$0(51)) - 5a152cad-2f68-44e1-8661-622a6e2403aa@group-CFA5962B69F1->99afa1ab-f70e-454d-b97f-b50504ecadc2: nextIndex: updateUnconditionally 0 -> 0
2019-10-02 11:22:49,647 [grpc-default-executor-4] INFO  impl.FollowerInfo (FollowerInfo.java:lambda$new$0(51)) - 5a152cad-2f68-44e1-8661-622a6e2403aa@group-33DDF701D157->99afa1ab-f70e-454d-b97f-b50504ecadc2: nextIndex: updateUnconditionally 0 -> 0
2019-10-02 11:22:49,713 [grpc-default-executor-1] WARN  server.GrpcLogAppender (LogUtils.java:warn(134)) - 5a152cad-2f68-44e1-8661-622a6e2403aa@group-CFA5962B69F1->255f5341-67af-48a5-9f0a-34079e58e4b3-AppendLogResponseHandler: Failed appendEntries: org.apache.ratis.thirdparty.io.grpc.StatusRuntimeException: UNAVAILABLE: io exception
2019-10-02 11:22:49,713 [grpc-default-executor-4] WARN  server.GrpcLogAppender (LogUtils.java:warn(134)) - 5a152cad-2f68-44e1-8661-622a6e2403aa@group-B42E39A6701C->255f5341-67af-48a5-9f0a-34079e58e4b3-AppendLogResponseHandler: Failed appendEntries: org.apache.ratis.thirdparty.io.grpc.StatusRuntimeException: UNAVAILABLE: io exception
2019-10-02 11:22:49,713 [grpc-default-executor-16] WARN  server.GrpcLogAppender (LogUtils.java:warn(134)) - 5a152cad-2f68-44e1-8661-622a6e2403aa@group-33DDF701D157->255f5341-67af-48a5-9f0a-34079e58e4b3-AppendLogResponseHandler: Failed appendEntries: org.apache.ratis.thirdparty.io.grpc.StatusRuntimeException: UNAVAILABLE: io exception
2019-10-02 11:22:49,713 [grpc-default-executor-4] INFO  impl.FollowerInfo (FollowerInfo.java:lambda$new$0(51)) - 5a152cad-2f68-44e1-8661-622a6e2403aa@group-B42E39A6701C->255f5341-67af-48a5-9f0a-34079e58e4b3: nextIndex: updateUnconditionally 0 -> 0
2019-10-02 11:22:49,713 [grpc-default-executor-1] INFO  impl.FollowerInfo (FollowerInfo.java:lambda$new$0(51)) - 5a152cad-2f68-44e1-8661-622a6e2403aa@group-CFA5962B69F1->255f5341-67af-48a5-9f0a-34079e58e4b3: nextIndex: updateUnconditionally 0 -> 0
2019-10-02 11:22:49,714 [grpc-default-executor-16] INFO  impl.FollowerInfo (FollowerInfo.java:lambda$new$0(51)) - 5a152cad-2f68-44e1-8661-622a6e2403aa@group-33DDF701D157->255f5341-67af-48a5-9f0a-34079e58e4b3: nextIndex: updateUnconditionally 0 -> 0
2019-10-02 11:22:50,154 [grpc-default-executor-14] WARN  server.GrpcLogAppender (LogUtils.java:warn(134)) - 5a152cad-2f68-44e1-8661-622a6e2403aa@group-B42E39A6701C->99afa1ab-f70e-454d-b97f-b50504ecadc2-AppendLogResponseHandler: Failed appendEntries: org.apache.ratis.thirdparty.io.grpc.StatusRuntimeException: UNAVAILABLE: io exception
2019-10-02 11:22:50,154 [grpc-default-executor-16] WARN  server.GrpcLogAppender (LogUtils.java:warn(134)) - 5a152cad-2f68-44e1-8661-622a6e2403aa@group-CFA5962B69F1->99afa1ab-f70e-454d-b97f-b50504ecadc2-AppendLogResponseHandler: Failed appendEntries: org.apache.ratis.thirdparty.io.grpc.StatusRuntimeException: UNAVAILABLE: io exception
2019-10-02 11:22:50,154 [grpc-default-executor-6] WARN  server.GrpcLogAppender (LogUtils.java:warn(134)) - 5a152cad-2f68-44e1-8661-622a6e2403aa@group-33DDF701D157->99afa1ab-f70e-454d-b97f-b50504ecadc2-AppendLogResponseHandler: Failed appendEntries: org.apache.ratis.thirdparty.io.grpc.StatusRuntimeException: UNAVAILABLE: io exception
2019-10-02 11:22:50,155 [grpc-default-executor-16] INFO  impl.FollowerInfo (FollowerInfo.java:lambda$new$0(51)) - 5a152cad-2f68-44e1-8661-622a6e2403aa@group-CFA5962B69F1->99afa1ab-f70e-454d-b97f-b50504ecadc2: nextIndex: updateUnconditionally 0 -> 0
2019-10-02 11:22:50,155 [grpc-default-executor-14] INFO  impl.FollowerInfo (FollowerInfo.java:lambda$new$0(51)) - 5a152cad-2f68-44e1-8661-622a6e2403aa@group-B42E39A6701C->99afa1ab-f70e-454d-b97f-b50504ecadc2: nextIndex: updateUnconditionally 0 -> 0
2019-10-02 11:22:50,155 [grpc-default-executor-6] INFO  impl.FollowerInfo (FollowerInfo.java:lambda$new$0(51)) - 5a152cad-2f68-44e1-8661-622a6e2403aa@group-33DDF701D157->99afa1ab-f70e-454d-b97f-b50504ecadc2: nextIndex: updateUnconditionally 0 -> 0
2019-10-02 11:22:50,213 [grpc-default-executor-6] WARN  server.GrpcLogAppender (LogUtils.java:warn(134)) - 5a152cad-2f68-44e1-8661-622a6e2403aa@group-B42E39A6701C->255f5341-67af-48a5-9f0a-34079e58e4b3-AppendLogResponseHandler: Failed appendEntries: org.apache.ratis.thirdparty.io.grpc.StatusRuntimeException: UNAVAILABLE: io exception
2019-10-02 11:22:50,213 [grpc-default-executor-1] WARN  server.GrpcLogAppender (LogUtils.java:warn(134)) - 5a152cad-2f68-44e1-8661-622a6e2403aa@group-CFA5962B69F1->255f5341-67af-48a5-9f0a-34079e58e4b3-AppendLogResponseHandler: Failed appendEntries: org.apache.ratis.thirdparty.io.grpc.StatusRuntimeException: UNAVAILABLE: io exception
2019-10-02 11:22:50,213 [grpc-default-executor-8] WARN  server.GrpcLogAppender (LogUtils.java:warn(134)) - 5a152cad-2f68-44e1-8661-622a6e2403aa@group-33DDF701D157->255f5341-67af-48a5-9f0a-34079e58e4b3-AppendLogResponseHandler: Failed appendEntries: org.apache.ratis.thirdparty.io.grpc.StatusRuntimeException: UNAVAILABLE: io exception
2019-10-02 11:22:50,213 [grpc-default-executor-6] INFO  impl.FollowerInfo (FollowerInfo.java:lambda$new$0(51)) - 5a152cad-2f68-44e1-8661-622a6e2403aa@group-B42E39A6701C->255f5341-67af-48a5-9f0a-34079e58e4b3: nextIndex: updateUnconditionally 0 -> 0
2019-10-02 11:22:50,214 [grpc-default-executor-8] INFO  impl.FollowerInfo (FollowerInfo.java:lambda$new$0(51)) - 5a152cad-2f68-44e1-8661-622a6e2403aa@group-33DDF701D157->255f5341-67af-48a5-9f0a-34079e58e4b3: nextIndex: updateUnconditionally 0 -> 0
2019-10-02 11:22:50,214 [grpc-default-executor-1] INFO  impl.FollowerInfo (FollowerInfo.java:lambda$new$0(51)) - 5a152cad-2f68-44e1-8661-622a6e2403aa@group-CFA5962B69F1->255f5341-67af-48a5-9f0a-34079e58e4b3: nextIndex: updateUnconditionally 0 -> 0
2019-10-02 11:22:50,652 [grpc-default-executor-16] WARN  server.GrpcLogAppender (LogUtils.java:warn(134)) - 5a152cad-2f68-44e1-8661-622a6e2403aa@group-CFA5962B69F1->99afa1ab-f70e-454d-b97f-b50504ecadc2-AppendLogResponseHandler: Failed appendEntries: org.apache.ratis.thirdparty.io.grpc.StatusRuntimeException: UNAVAILABLE: io exception
2019-10-02 11:22:50,652 [grpc-default-executor-4] WARN  server.GrpcLogAppender (LogUtils.java:warn(134)) - 5a152cad-2f68-44e1-8661-622a6e2403aa@group-B42E39A6701C->99afa1ab-f70e-454d-b97f-b50504ecadc2-AppendLogResponseHandler: Failed appendEntries: org.apache.ratis.thirdparty.io.grpc.StatusRuntimeException: UNAVAILABLE: io exception
2019-10-02 11:22:50,652 [grpc-default-executor-8] WARN  server.GrpcLogAppender (LogUtils.java:warn(134)) - 5a152cad-2f68-44e1-8661-622a6e2403aa@group-33DDF701D157->99afa1ab-f70e-454d-b97f-b50504ecadc2-AppendLogResponseHandler: Failed appendEntries: org.apache.ratis.thirdparty.io.grpc.StatusRuntimeException: UNAVAILABLE: io exception
2019-10-02 11:22:50,653 [grpc-default-executor-4] INFO  impl.FollowerInfo (FollowerInfo.java:lambda$new$0(51)) - 5a152cad-2f68-44e1-8661-622a6e2403aa@group-B42E39A6701C->99afa1ab-f70e-454d-b97f-b50504ecadc2: nextIndex: updateUnconditionally 0 -> 0
2019-10-02 11:22:50,653 [grpc-default-executor-16] INFO  impl.FollowerInfo (FollowerInfo.java:lambda$new$0(51)) - 5a152cad-2f68-44e1-8661-622a6e2403aa@group-CFA5962B69F1->99afa1ab-f70e-454d-b97f-b50504ecadc2: nextIndex: updateUnconditionally 0 -> 0
2019-10-02 11:22:50,653 [grpc-default-executor-8] INFO  impl.FollowerInfo (FollowerInfo.java:lambda$new$0(51)) - 5a152cad-2f68-44e1-8661-622a6e2403aa@group-33DDF701D157->99afa1ab-f70e-454d-b97f-b50504ecadc2: nextIndex: updateUnconditionally 0 -> 0
2019-10-02 11:22:50,714 [grpc-default-executor-6] WARN  server.GrpcLogAppender (LogUtils.java:warn(134)) - 5a152cad-2f68-44e1-8661-622a6e2403aa@group-33DDF701D157->255f5341-67af-48a5-9f0a-34079e58e4b3-AppendLogResponseHandler: Failed appendEntries: org.apache.ratis.thirdparty.io.grpc.StatusRuntimeException: UNAVAILABLE: io exception
2019-10-02 11:22:50,714 [grpc-default-executor-4] WARN  server.GrpcLogAppender (LogUtils.java:warn(134)) - 5a152cad-2f68-44e1-8661-622a6e2403aa@group-B42E39A6701C->255f5341-67af-48a5-9f0a-34079e58e4b3-AppendLogResponseHandler: Failed appendEntries: org.apache.ratis.thirdparty.io.grpc.StatusRuntimeException: UNAVAILABLE: io exception
2019-10-02 11:22:50,715 [grpc-default-executor-4] INFO  impl.FollowerInfo (FollowerInfo.java:lambda$new$0(51)) - 5a152cad-2f68-44e1-8661-622a6e2403aa@group-B42E39A6701C->255f5341-67af-48a5-9f0a-34079e58e4b3: nextIndex: updateUnconditionally 0 -> 0
2019-10-02 11:22:50,714 [grpc-default-executor-1] WARN  server.GrpcLogAppender (LogUtils.java:warn(134)) - 5a152cad-2f68-44e1-8661-622a6e2403aa@group-CFA5962B69F1->255f5341-67af-48a5-9f0a-34079e58e4b3-AppendLogResponseHandler: Failed appendEntries: org.apache.ratis.thirdparty.io.grpc.StatusRuntimeException: UNAVAILABLE: io exception
2019-10-02 11:22:50,715 [grpc-default-executor-6] INFO  impl.FollowerInfo (FollowerInfo.java:lambda$new$0(51)) - 5a152cad-2f68-44e1-8661-622a6e2403aa@group-33DDF701D157->255f5341-67af-48a5-9f0a-34079e58e4b3: nextIndex: updateUnconditionally 0 -> 0
2019-10-02 11:22:50,715 [grpc-default-executor-1] INFO  impl.FollowerInfo (FollowerInfo.java:lambda$new$0(51)) - 5a152cad-2f68-44e1-8661-622a6e2403aa@group-CFA5962B69F1->255f5341-67af-48a5-9f0a-34079e58e4b3: nextIndex: updateUnconditionally 0 -> 0
2019-10-02 11:22:51,152 [grpc-default-executor-0] WARN  server.GrpcLogAppender (LogUtils.java:warn(134)) - 5a152cad-2f68-44e1-8661-622a6e2403aa@group-B42E39A6701C->99afa1ab-f70e-454d-b97f-b50504ecadc2-AppendLogResponseHandler: Failed appendEntries: org.apache.ratis.thirdparty.io.grpc.StatusRuntimeException: UNAVAILABLE: io exception
2019-10-02 11:22:51,152 [grpc-default-executor-8] WARN  server.GrpcLogAppender (LogUtils.java:warn(134)) - 5a152cad-2f68-44e1-8661-622a6e2403aa@group-33DDF701D157->99afa1ab-f70e-454d-b97f-b50504ecadc2-AppendLogResponseHandler: Failed appendEntries: org.apache.ratis.thirdparty.io.grpc.StatusRuntimeException: UNAVAILABLE: io exception
2019-10-02 11:22:51,152 [grpc-default-executor-16] WARN  server.GrpcLogAppender (LogUtils.java:warn(134)) - 5a152cad-2f68-44e1-8661-622a6e2403aa@group-CFA5962B69F1->99afa1ab-f70e-454d-b97f-b50504ecadc2-AppendLogResponseHandler: Failed appendEntries: org.apache.ratis.thirdparty.io.grpc.StatusRuntimeException: UNAVAILABLE: io exception
2019-10-02 11:22:51,153 [grpc-default-executor-8] INFO  impl.FollowerInfo (FollowerInfo.java:lambda$new$0(51)) - 5a152cad-2f68-44e1-8661-622a6e2403aa@group-33DDF701D157->99afa1ab-f70e-454d-b97f-b50504ecadc2: nextIndex: updateUnconditionally 0 -> 0
2019-10-02 11:22:51,153 [grpc-default-executor-0] INFO  impl.FollowerInfo (FollowerInfo.java:lambda$new$0(51)) - 5a152cad-2f68-44e1-8661-622a6e2403aa@group-B42E39A6701C->99afa1ab-f70e-454d-b97f-b50504ecadc2: nextIndex: updateUnconditionally 0 -> 0
2019-10-02 11:22:51,153 [grpc-default-executor-16] INFO  impl.FollowerInfo (FollowerInfo.java:lambda$new$0(51)) - 5a152cad-2f68-44e1-8661-622a6e2403aa@group-CFA5962B69F1->99afa1ab-f70e-454d-b97f-b50504ecadc2: nextIndex: updateUnconditionally 0 -> 0
2019-10-02 11:22:51,216 [grpc-default-executor-16] WARN  server.GrpcLogAppender (LogUtils.java:warn(134)) - 5a152cad-2f68-44e1-8661-622a6e2403aa@group-CFA5962B69F1->255f5341-67af-48a5-9f0a-34079e58e4b3-AppendLogResponseHandler: Failed appendEntries: org.apache.ratis.thirdparty.io.grpc.StatusRuntimeException: UNAVAILABLE: io exception
2019-10-02 11:22:51,216 [grpc-default-executor-8] WARN  server.GrpcLogAppender (LogUtils.java:warn(134)) - 5a152cad-2f68-44e1-8661-622a6e2403aa@group-33DDF701D157->255f5341-67af-48a5-9f0a-34079e58e4b3-AppendLogResponseHandler: Failed appendEntries: org.apache.ratis.thirdparty.io.grpc.StatusRuntimeException: UNAVAILABLE: io exception
2019-10-02 11:22:51,216 [grpc-default-executor-16] INFO  impl.FollowerInfo (FollowerInfo.java:lambda$new$0(51)) - 5a152cad-2f68-44e1-8661-622a6e2403aa@group-CFA5962B69F1->255f5341-67af-48a5-9f0a-34079e58e4b3: nextIndex: updateUnconditionally 0 -> 0
2019-10-02 11:22:51,216 [grpc-default-executor-14] WARN  server.GrpcLogAppender (LogUtils.java:warn(134)) - 5a152cad-2f68-44e1-8661-622a6e2403aa@group-B42E39A6701C->255f5341-67af-48a5-9f0a-34079e58e4b3-AppendLogResponseHandler: Failed appendEntries: org.apache.ratis.thirdparty.io.grpc.StatusRuntimeException: UNAVAILABLE: io exception
2019-10-02 11:22:51,216 [grpc-default-executor-8] INFO  impl.FollowerInfo (FollowerInfo.java:lambda$new$0(51)) - 5a152cad-2f68-44e1-8661-622a6e2403aa@group-33DDF701D157->255f5341-67af-48a5-9f0a-34079e58e4b3: nextIndex: updateUnconditionally 0 -> 0
2019-10-02 11:22:51,217 [grpc-default-executor-14] INFO  impl.FollowerInfo (FollowerInfo.java:lambda$new$0(51)) - 5a152cad-2f68-44e1-8661-622a6e2403aa@group-B42E39A6701C->255f5341-67af-48a5-9f0a-34079e58e4b3: nextIndex: updateUnconditionally 0 -> 0
2019-10-02 11:22:51,653 [grpc-default-executor-0] WARN  server.GrpcLogAppender (LogUtils.java:warn(134)) - 5a152cad-2f68-44e1-8661-622a6e2403aa@group-B42E39A6701C->99afa1ab-f70e-454d-b97f-b50504ecadc2-AppendLogResponseHandler: Failed appendEntries: org.apache.ratis.thirdparty.io.grpc.StatusRuntimeException: UNAVAILABLE: io exception
2019-10-02 11:22:51,653 [grpc-default-executor-1] WARN  server.GrpcLogAppender (LogUtils.java:warn(134)) - 5a152cad-2f68-44e1-8661-622a6e2403aa@group-CFA5962B69F1->99afa1ab-f70e-454d-b97f-b50504ecadc2-AppendLogResponseHandler: Failed appendEntries: org.apache.ratis.thirdparty.io.grpc.StatusRuntimeException: UNAVAILABLE: io exception
2019-10-02 11:22:51,653 [grpc-default-executor-16] WARN  server.GrpcLogAppender (LogUtils.java:warn(134)) - 5a152cad-2f68-44e1-8661-622a6e2403aa@group-33DDF701D157->99afa1ab-f70e-454d-b97f-b50504ecadc2-AppendLogResponseHandler: Failed appendEntries: org.apache.ratis.thirdparty.io.grpc.StatusRuntimeException: UNAVAILABLE: io exception
2019-10-02 11:22:51,654 [grpc-default-executor-1] INFO  impl.FollowerInfo (FollowerInfo.java:lambda$new$0(51)) - 5a152cad-2f68-44e1-8661-622a6e2403aa@group-CFA5962B69F1->99afa1ab-f70e-454d-b97f-b50504ecadc2: nextIndex: updateUnconditionally 0 -> 0
2019-10-02 11:22:51,654 [grpc-default-executor-0] INFO  impl.FollowerInfo (FollowerInfo.java:lambda$new$0(51)) - 5a152cad-2f68-44e1-8661-622a6e2403aa@group-B42E39A6701C->99afa1ab-f70e-454d-b97f-b50504ecadc2: nextIndex: updateUnconditionally 0 -> 0
2019-10-02 11:22:51,654 [grpc-default-executor-16] INFO  impl.FollowerInfo (FollowerInfo.java:lambda$new$0(51)) - 5a152cad-2f68-44e1-8661-622a6e2403aa@group-33DDF701D157->99afa1ab-f70e-454d-b97f-b50504ecadc2: nextIndex: updateUnconditionally 0 -> 0
2019-10-02 11:22:51,717 [grpc-default-executor-16] WARN  server.GrpcLogAppender (LogUtils.java:warn(134)) - 5a152cad-2f68-44e1-8661-622a6e2403aa@group-B42E39A6701C->255f5341-67af-48a5-9f0a-34079e58e4b3-AppendLogResponseHandler: Failed appendEntries: org.apache.ratis.thirdparty.io.grpc.StatusRuntimeException: UNAVAILABLE: io exception
2019-10-02 11:22:51,717 [grpc-default-executor-14] WARN  server.GrpcLogAppender (LogUtils.java:warn(134)) - 5a152cad-2f68-44e1-8661-622a6e2403aa@group-33DDF701D157->255f5341-67af-48a5-9f0a-34079e58e4b3-AppendLogResponseHandler: Failed appendEntries: org.apache.ratis.thirdparty.io.grpc.StatusRuntimeException: UNAVAILABLE: io exception
2019-10-02 11:22:51,717 [grpc-default-executor-8] WARN  server.GrpcLogAppender (LogUtils.java:warn(134)) - 5a152cad-2f68-44e1-8661-622a6e2403aa@group-CFA5962B69F1->255f5341-67af-48a5-9f0a-34079e58e4b3-AppendLogResponseHandler: Failed appendEntries: org.apache.ratis.thirdparty.io.grpc.StatusRuntimeException: UNAVAILABLE: io exception
2019-10-02 11:22:51,717 [grpc-default-executor-14] INFO  impl.FollowerInfo (FollowerInfo.java:lambda$new$0(51)) - 5a152cad-2f68-44e1-8661-622a6e2403aa@group-33DDF701D157->255f5341-67af-48a5-9f0a-34079e58e4b3: nextIndex: updateUnconditionally 0 -> 0
2019-10-02 11:22:51,717 [grpc-default-executor-16] INFO  impl.FollowerInfo (FollowerInfo.java:lambda$new$0(51)) - 5a152cad-2f68-44e1-8661-622a6e2403aa@group-B42E39A6701C->255f5341-67af-48a5-9f0a-34079e58e4b3: nextIndex: updateUnconditionally 0 -> 0
2019-10-02 11:22:51,717 [grpc-default-executor-8] INFO  impl.FollowerInfo (FollowerInfo.java:lambda$new$0(51)) - 5a152cad-2f68-44e1-8661-622a6e2403aa@group-CFA5962B69F1->255f5341-67af-48a5-9f0a-34079e58e4b3: nextIndex: updateUnconditionally 0 -> 0
2019-10-02 11:22:52,156 [grpc-default-executor-14] WARN  server.GrpcLogAppender (LogUtils.java:warn(134)) - 5a152cad-2f68-44e1-8661-622a6e2403aa@group-33DDF701D157->99afa1ab-f70e-454d-b97f-b50504ecadc2-AppendLogResponseHandler: Failed appendEntries: org.apache.ratis.thirdparty.io.grpc.StatusRuntimeException: UNAVAILABLE: io exception
2019-10-02 11:22:52,156 [grpc-default-executor-0] WARN  server.GrpcLogAppender (LogUtils.java:warn(134)) - 5a152cad-2f68-44e1-8661-622a6e2403aa@group-B42E39A6701C->99afa1ab-f70e-454d-b97f-b50504ecadc2-AppendLogResponseHandler: Failed appendEntries: org.apache.ratis.thirdparty.io.grpc.StatusRuntimeException: UNAVAILABLE: io exception
2019-10-02 11:22:52,156 [grpc-default-executor-8] WARN  server.GrpcLogAppender (LogUtils.java:warn(134)) - 5a152cad-2f68-44e1-8661-622a6e2403aa@group-CFA5962B69F1->99afa1ab-f70e-454d-b97f-b50504ecadc2-AppendLogResponseHandler: Failed appendEntries: org.apache.ratis.thirdparty.io.grpc.StatusRuntimeException: UNAVAILABLE: io exception
2019-10-02 11:22:52,156 [grpc-default-executor-14] INFO  impl.FollowerInfo (FollowerInfo.java:lambda$new$0(51)) - 5a152cad-2f68-44e1-8661-622a6e2403aa@group-33DDF701D157->99afa1ab-f70e-454d-b97f-b50504ecadc2: nextIndex: updateUnconditionally 0 -> 0
2019-10-02 11:22:52,156 [grpc-default-executor-0] INFO  impl.FollowerInfo (FollowerInfo.java:lambda$new$0(51)) - 5a152cad-2f68-44e1-8661-622a6e2403aa@group-B42E39A6701C->99afa1ab-f70e-454d-b97f-b50504ecadc2: nextIndex: updateUnconditionally 0 -> 0
2019-10-02 11:22:52,156 [grpc-default-executor-8] INFO  impl.FollowerInfo (FollowerInfo.java:lambda$new$0(51)) - 5a152cad-2f68-44e1-8661-622a6e2403aa@group-CFA5962B69F1->99afa1ab-f70e-454d-b97f-b50504ecadc2: nextIndex: updateUnconditionally 0 -> 0
2019-10-02 11:22:52,217 [grpc-default-executor-16] WARN  server.GrpcLogAppender (LogUtils.java:warn(134)) - 5a152cad-2f68-44e1-8661-622a6e2403aa@group-33DDF701D157->255f5341-67af-48a5-9f0a-34079e58e4b3-AppendLogResponseHandler: Failed appendEntries: org.apache.ratis.thirdparty.io.grpc.StatusRuntimeException: UNAVAILABLE: io exception
2019-10-02 11:22:52,217 [grpc-default-executor-6] WARN  server.GrpcLogAppender (LogUtils.java:warn(134)) - 5a152cad-2f68-44e1-8661-622a6e2403aa@group-CFA5962B69F1->255f5341-67af-48a5-9f0a-34079e58e4b3-AppendLogResponseHandler: Failed appendEntries: org.apache.ratis.thirdparty.io.grpc.StatusRuntimeException: UNAVAILABLE: io exception
2019-10-02 11:22:52,217 [grpc-default-executor-1] WARN  server.GrpcLogAppender (LogUtils.java:warn(134)) - 5a152cad-2f68-44e1-8661-622a6e2403aa@group-B42E39A6701C->255f5341-67af-48a5-9f0a-34079e58e4b3-AppendLogResponseHandler: Failed appendEntries: org.apache.ratis.thirdparty.io.grpc.StatusRuntimeException: UNAVAILABLE: io exception
2019-10-02 11:22:52,218 [grpc-default-executor-6] INFO  impl.FollowerInfo (FollowerInfo.java:lambda$new$0(51)) - 5a152cad-2f68-44e1-8661-622a6e2403aa@group-CFA5962B69F1->255f5341-67af-48a5-9f0a-34079e58e4b3: nextIndex: updateUnconditionally 0 -> 0
2019-10-02 11:22:52,218 [grpc-default-executor-16] INFO  impl.FollowerInfo (FollowerInfo.java:lambda$new$0(51)) - 5a152cad-2f68-44e1-8661-622a6e2403aa@group-33DDF701D157->255f5341-67af-48a5-9f0a-34079e58e4b3: nextIndex: updateUnconditionally 0 -> 0
2019-10-02 11:22:52,218 [grpc-default-executor-1] INFO  impl.FollowerInfo (FollowerInfo.java:lambda$new$0(51)) - 5a152cad-2f68-44e1-8661-622a6e2403aa@group-B42E39A6701C->255f5341-67af-48a5-9f0a-34079e58e4b3: nextIndex: updateUnconditionally 0 -> 0
2019-10-02 11:22:52,288 [RATISCREATEPIPELINE2] ERROR pipeline.RatisPipelineProvider (RatisPipelineProvider.java:lambda$null$5(235)) - Failed invoke Ratis rpc org.apache.hadoop.hdds.scm.pipeline.RatisPipelineProvider$$Lambda$184/2003814937@24276535 for c5209792-15f6-46a4-8128-2e7c6fbeb642
org.apache.ratis.protocol.TimeoutIOException: deadline exceeded after 2999748108ns
	at org.apache.ratis.grpc.GrpcUtil.tryUnwrapException(GrpcUtil.java:82)
	at org.apache.ratis.grpc.GrpcUtil.unwrapException(GrpcUtil.java:75)
	at org.apache.ratis.grpc.client.GrpcClientProtocolClient.blockingCall(GrpcClientProtocolClient.java:184)
	at org.apache.ratis.grpc.client.GrpcClientProtocolClient.groupAdd(GrpcClientProtocolClient.java:153)
	at org.apache.ratis.grpc.client.GrpcClientRpc.sendRequest(GrpcClientRpc.java:94)
	at org.apache.ratis.client.impl.RaftClientImpl.sendRequest(RaftClientImpl.java:278)
	at org.apache.ratis.client.impl.RaftClientImpl.groupAdd(RaftClientImpl.java:205)
	at org.apache.hadoop.hdds.scm.pipeline.RatisPipelineProvider.lambda$initializePipeline$4(RatisPipelineProvider.java:196)
	at org.apache.hadoop.hdds.scm.pipeline.RatisPipelineProvider.lambda$null$5(RatisPipelineProvider.java:231)
	at java.util.stream.ForEachOps$ForEachOp$OfRef.accept(ForEachOps.java:184)
	at java.util.ArrayList$ArrayListSpliterator.forEachRemaining(ArrayList.java:1382)
	at java.util.stream.AbstractPipeline.copyInto(AbstractPipeline.java:482)
	at java.util.stream.ForEachOps$ForEachTask.compute(ForEachOps.java:291)
	at java.util.concurrent.CountedCompleter.exec(CountedCompleter.java:731)
	at java.util.concurrent.ForkJoinTask.doExec(ForkJoinTask.java:289)
	at java.util.concurrent.ForkJoinPool$WorkQueue.runTask(ForkJoinPool.java:1056)
	at java.util.concurrent.ForkJoinPool.runWorker(ForkJoinPool.java:1692)
	at java.util.concurrent.ForkJoinWorkerThread.run(ForkJoinWorkerThread.java:157)
Caused by: org.apache.ratis.thirdparty.io.grpc.StatusRuntimeException: DEADLINE_EXCEEDED: deadline exceeded after 2999748108ns
	at org.apache.ratis.thirdparty.io.grpc.stub.ClientCalls.toStatusRuntimeException(ClientCalls.java:233)
	at org.apache.ratis.thirdparty.io.grpc.stub.ClientCalls.getUnchecked(ClientCalls.java:214)
	at org.apache.ratis.thirdparty.io.grpc.stub.ClientCalls.blockingUnaryCall(ClientCalls.java:139)
	at org.apache.ratis.proto.grpc.AdminProtocolServiceGrpc$AdminProtocolServiceBlockingStub.groupManagement(AdminProtocolServiceGrpc.java:274)
	at org.apache.ratis.grpc.client.GrpcClientProtocolClient.lambda$groupAdd$3(GrpcClientProtocolClient.java:155)
	at org.apache.ratis.grpc.client.GrpcClientProtocolClient.blockingCall(GrpcClientProtocolClient.java:182)
	... 15 more
2019-10-02 11:22:52,288 [RATISCREATEPIPELINE0] ERROR pipeline.RatisPipelineProvider (RatisPipelineProvider.java:lambda$null$5(235)) - Failed invoke Ratis rpc org.apache.hadoop.hdds.scm.pipeline.RatisPipelineProvider$$Lambda$184/2003814937@24276535 for fa2082ef-2be2-4bae-9323-f7b52755e8d7
org.apache.ratis.protocol.TimeoutIOException: deadline exceeded after 2999751214ns
	at org.apache.ratis.grpc.GrpcUtil.tryUnwrapException(GrpcUtil.java:82)
	at org.apache.ratis.grpc.GrpcUtil.unwrapException(GrpcUtil.java:75)
	at org.apache.ratis.grpc.client.GrpcClientProtocolClient.blockingCall(GrpcClientProtocolClient.java:184)
	at org.apache.ratis.grpc.client.GrpcClientProtocolClient.groupAdd(GrpcClientProtocolClient.java:153)
	at org.apache.ratis.grpc.client.GrpcClientRpc.sendRequest(GrpcClientRpc.java:94)
	at org.apache.ratis.client.impl.RaftClientImpl.sendRequest(RaftClientImpl.java:278)
	at org.apache.ratis.client.impl.RaftClientImpl.groupAdd(RaftClientImpl.java:205)
	at org.apache.hadoop.hdds.scm.pipeline.RatisPipelineProvider.lambda$initializePipeline$4(RatisPipelineProvider.java:196)
	at org.apache.hadoop.hdds.scm.pipeline.RatisPipelineProvider.lambda$null$5(RatisPipelineProvider.java:231)
	at java.util.stream.ForEachOps$ForEachOp$OfRef.accept(ForEachOps.java:184)
	at java.util.ArrayList$ArrayListSpliterator.forEachRemaining(ArrayList.java:1382)
	at java.util.stream.AbstractPipeline.copyInto(AbstractPipeline.java:482)
	at java.util.stream.ForEachOps$ForEachTask.compute(ForEachOps.java:291)
	at java.util.concurrent.CountedCompleter.exec(CountedCompleter.java:731)
	at java.util.concurrent.ForkJoinTask.doExec(ForkJoinTask.java:289)
	at java.util.concurrent.ForkJoinTask.doInvoke(ForkJoinTask.java:401)
	at java.util.concurrent.ForkJoinTask.invoke(ForkJoinTask.java:734)
	at java.util.stream.ForEachOps$ForEachOp.evaluateParallel(ForEachOps.java:160)
	at java.util.stream.ForEachOps$ForEachOp$OfRef.evaluateParallel(ForEachOps.java:174)
	at java.util.stream.AbstractPipeline.evaluate(AbstractPipeline.java:233)
	at java.util.stream.ReferencePipeline.forEach(ReferencePipeline.java:418)
	at java.util.stream.ReferencePipeline$Head.forEach(ReferencePipeline.java:583)
	at org.apache.hadoop.hdds.scm.pipeline.RatisPipelineProvider.lambda$callRatisRpc$6(RatisPipelineProvider.java:225)
	at java.util.concurrent.ForkJoinTask$AdaptedRunnableAction.exec(ForkJoinTask.java:1386)
	at java.util.concurrent.ForkJoinTask.doExec(ForkJoinTask.java:289)
	at java.util.concurrent.ForkJoinPool$WorkQueue.runTask(ForkJoinPool.java:1056)
	at java.util.concurrent.ForkJoinPool.runWorker(ForkJoinPool.java:1692)
	at java.util.concurrent.ForkJoinWorkerThread.run(ForkJoinWorkerThread.java:157)
Caused by: org.apache.ratis.thirdparty.io.grpc.StatusRuntimeException: DEADLINE_EXCEEDED: deadline exceeded after 2999751214ns
	at org.apache.ratis.thirdparty.io.grpc.stub.ClientCalls.toStatusRuntimeException(ClientCalls.java:233)
	at org.apache.ratis.thirdparty.io.grpc.stub.ClientCalls.getUnchecked(ClientCalls.java:214)
	at org.apache.ratis.thirdparty.io.grpc.stub.ClientCalls.blockingUnaryCall(ClientCalls.java:139)
	at org.apache.ratis.proto.grpc.AdminProtocolServiceGrpc$AdminProtocolServiceBlockingStub.groupManagement(AdminProtocolServiceGrpc.java:274)
	at org.apache.ratis.grpc.client.GrpcClientProtocolClient.lambda$groupAdd$3(GrpcClientProtocolClient.java:155)
	at org.apache.ratis.grpc.client.GrpcClientProtocolClient.blockingCall(GrpcClientProtocolClient.java:182)
	... 25 more
2019-10-02 11:22:52,288 [RATISCREATEPIPELINE1] ERROR pipeline.RatisPipelineProvider (RatisPipelineProvider.java:lambda$null$5(235)) - Failed invoke Ratis rpc org.apache.hadoop.hdds.scm.pipeline.RatisPipelineProvider$$Lambda$184/2003814937@24276535 for 2efd349e-feaf-4869-a93b-bd8bfaac471f
org.apache.ratis.protocol.TimeoutIOException: deadline exceeded after 2999741288ns
	at org.apache.ratis.grpc.GrpcUtil.tryUnwrapException(GrpcUtil.java:82)
	at org.apache.ratis.grpc.GrpcUtil.unwrapException(GrpcUtil.java:75)
	at org.apache.ratis.grpc.client.GrpcClientProtocolClient.blockingCall(GrpcClientProtocolClient.java:184)
	at org.apache.ratis.grpc.client.GrpcClientProtocolClient.groupAdd(GrpcClientProtocolClient.java:153)
	at org.apache.ratis.grpc.client.GrpcClientRpc.sendRequest(GrpcClientRpc.java:94)
	at org.apache.ratis.client.impl.RaftClientImpl.sendRequest(RaftClientImpl.java:278)
	at org.apache.ratis.client.impl.RaftClientImpl.groupAdd(RaftClientImpl.java:205)
	at org.apache.hadoop.hdds.scm.pipeline.RatisPipelineProvider.lambda$initializePipeline$4(RatisPipelineProvider.java:196)
	at org.apache.hadoop.hdds.scm.pipeline.RatisPipelineProvider.lambda$null$5(RatisPipelineProvider.java:231)
	at java.util.stream.ForEachOps$ForEachOp$OfRef.accept(ForEachOps.java:184)
	at java.util.ArrayList$ArrayListSpliterator.forEachRemaining(ArrayList.java:1382)
	at java.util.stream.AbstractPipeline.copyInto(AbstractPipeline.java:482)
	at java.util.stream.ForEachOps$ForEachTask.compute(ForEachOps.java:291)
	at java.util.concurrent.CountedCompleter.exec(CountedCompleter.java:731)
	at java.util.concurrent.ForkJoinTask.doExec(ForkJoinTask.java:289)
	at java.util.concurrent.ForkJoinPool$WorkQueue.runTask(ForkJoinPool.java:1056)
	at java.util.concurrent.ForkJoinPool.runWorker(ForkJoinPool.java:1692)
	at java.util.concurrent.ForkJoinWorkerThread.run(ForkJoinWorkerThread.java:157)
Caused by: org.apache.ratis.thirdparty.io.grpc.StatusRuntimeException: DEADLINE_EXCEEDED: deadline exceeded after 2999741288ns
	at org.apache.ratis.thirdparty.io.grpc.stub.ClientCalls.toStatusRuntimeException(ClientCalls.java:233)
	at org.apache.ratis.thirdparty.io.grpc.stub.ClientCalls.getUnchecked(ClientCalls.java:214)
	at org.apache.ratis.thirdparty.io.grpc.stub.ClientCalls.blockingUnaryCall(ClientCalls.java:139)
	at org.apache.ratis.proto.grpc.AdminProtocolServiceGrpc$AdminProtocolServiceBlockingStub.groupManagement(AdminProtocolServiceGrpc.java:274)
	at org.apache.ratis.grpc.client.GrpcClientProtocolClient.lambda$groupAdd$3(GrpcClientProtocolClient.java:155)
	at org.apache.ratis.grpc.client.GrpcClientProtocolClient.blockingCall(GrpcClientProtocolClient.java:182)
	... 15 more
2019-10-02 11:22:52,295 [IPC Server handler 18 on 39534] WARN  block.BlockManagerImpl (BlockManagerImpl.java:allocateBlock(192)) - Pipeline creation failed for type:RATIS factor:THREE. Retrying get pipelines call once.
org.apache.hadoop.io.MultipleIOException: 3 exceptions [java.io.IOException: Failed invoke Ratis rpc org.apache.hadoop.hdds.scm.pipeline.RatisPipelineProvider$$Lambda$184/2003814937@24276535 for c5209792-15f6-46a4-8128-2e7c6fbeb642, java.io.IOException: Failed invoke Ratis rpc org.apache.hadoop.hdds.scm.pipeline.RatisPipelineProvider$$Lambda$184/2003814937@24276535 for fa2082ef-2be2-4bae-9323-f7b52755e8d7, java.io.IOException: Failed invoke Ratis rpc org.apache.hadoop.hdds.scm.pipeline.RatisPipelineProvider$$Lambda$184/2003814937@24276535 for 2efd349e-feaf-4869-a93b-bd8bfaac471f]
	at org.apache.hadoop.io.MultipleIOException.createIOException(MultipleIOException.java:53)
	at org.apache.hadoop.hdds.scm.pipeline.RatisPipelineProvider.callRatisRpc(RatisPipelineProvider.java:251)
	at org.apache.hadoop.hdds.scm.pipeline.RatisPipelineProvider.initializePipeline(RatisPipelineProvider.java:194)
	at org.apache.hadoop.hdds.scm.pipeline.RatisPipelineProvider.create(RatisPipelineProvider.java:163)
	at org.apache.hadoop.hdds.scm.pipeline.PipelineFactory.create(PipelineFactory.java:58)
	at org.apache.hadoop.hdds.scm.pipeline.SCMPipelineManager.createPipeline(SCMPipelineManager.java:155)
	at org.apache.hadoop.hdds.scm.block.BlockManagerImpl.allocateBlock(BlockManagerImpl.java:190)
	at org.apache.hadoop.hdds.scm.server.SCMBlockProtocolServer.allocateBlock(SCMBlockProtocolServer.java:184)
	at org.apache.hadoop.hdds.scm.protocol.ScmBlockLocationProtocolServerSideTranslatorPB.allocateScmBlock(ScmBlockLocationProtocolServerSideTranslatorPB.java:159)
	at org.apache.hadoop.hdds.scm.protocol.ScmBlockLocationProtocolServerSideTranslatorPB.processMessage(ScmBlockLocationProtocolServerSideTranslatorPB.java:117)
	at org.apache.hadoop.hdds.server.OzoneProtocolMessageDispatcher.processRequest(OzoneProtocolMessageDispatcher.java:72)
	at org.apache.hadoop.hdds.scm.protocol.ScmBlockLocationProtocolServerSideTranslatorPB.send(ScmBlockLocationProtocolServerSideTranslatorPB.java:98)
	at org.apache.hadoop.hdds.protocol.proto.ScmBlockLocationProtocolProtos$ScmBlockLocationProtocolService$2.callBlockingMethod(ScmBlockLocationProtocolProtos.java:13157)
	at org.apache.hadoop.ipc.ProtobufRpcEngine$Server$ProtoBufRpcInvoker.call(ProtobufRpcEngine.java:524)
	at org.apache.hadoop.ipc.RPC$Server.call(RPC.java:1025)
	at org.apache.hadoop.ipc.Server$RpcCall.run(Server.java:876)
	at org.apache.hadoop.ipc.Server$RpcCall.run(Server.java:822)
	at java.security.AccessController.doPrivileged(Native Method)
	at javax.security.auth.Subject.doAs(Subject.java:422)
	at org.apache.hadoop.security.UserGroupInformation.doAs(UserGroupInformation.java:1730)
	at org.apache.hadoop.ipc.Server$Handler.run(Server.java:2682)
2019-10-02 11:22:52,298 [IPC Server handler 18 on 39534] INFO  block.BlockManagerImpl (BlockManagerImpl.java:allocateBlock(198)) - Could not find available pipeline of type:RATIS and factor:THREE even after retrying
2019-10-02 11:22:52,298 [IPC Server handler 18 on 39534] ERROR block.BlockManagerImpl (BlockManagerImpl.java:allocateBlock(222)) - Unable to allocate a block for the size: 4194304, type: RATIS, factor: THREE
2019-10-02 11:22:52,311 [main] ERROR io.BlockOutputStreamEntryPool (BlockOutputStreamEntryPool.java:allocateBlockIfNeeded(299)) - Try to allocate more blocks for write failed, already allocated 0 blocks for this write.
INTERNAL_ERROR org.apache.hadoop.ozone.om.exceptions.OMException: Allocated 0 blocks. Requested 1 blocks
	at org.apache.hadoop.ozone.om.protocolPB.OzoneManagerProtocolClientSideTranslatorPB.handleError(OzoneManagerProtocolClientSideTranslatorPB.java:732)
	at org.apache.hadoop.ozone.om.protocolPB.OzoneManagerProtocolClientSideTranslatorPB.allocateBlock(OzoneManagerProtocolClientSideTranslatorPB.java:764)
	at sun.reflect.NativeMethodAccessorImpl.invoke0(Native Method)
	at sun.reflect.NativeMethodAccessorImpl.invoke(NativeMethodAccessorImpl.java:62)
	at sun.reflect.DelegatingMethodAccessorImpl.invoke(DelegatingMethodAccessorImpl.java:43)
	at java.lang.reflect.Method.invoke(Method.java:498)
	at org.apache.hadoop.hdds.tracing.TraceAllMethod.invoke(TraceAllMethod.java:66)
	at com.sun.proxy.$Proxy36.allocateBlock(Unknown Source)
	at org.apache.hadoop.ozone.client.io.BlockOutputStreamEntryPool.allocateNewBlock(BlockOutputStreamEntryPool.java:248)
	at org.apache.hadoop.ozone.client.io.BlockOutputStreamEntryPool.allocateBlockIfNeeded(BlockOutputStreamEntryPool.java:296)
	at org.apache.hadoop.ozone.client.io.KeyOutputStream.handleWrite(KeyOutputStream.java:198)
	at org.apache.hadoop.ozone.client.io.KeyOutputStream.handleRetry(KeyOutputStream.java:375)
	at org.apache.hadoop.ozone.client.io.KeyOutputStream.handleException(KeyOutputStream.java:324)
	at org.apache.hadoop.ozone.client.io.KeyOutputStream.handleWrite(KeyOutputStream.java:228)
	at org.apache.hadoop.ozone.client.io.KeyOutputStream.write(KeyOutputStream.java:190)
	at org.apache.hadoop.ozone.client.io.OzoneOutputStream.write(OzoneOutputStream.java:49)
	at java.io.OutputStream.write(OutputStream.java:75)
	at org.apache.hadoop.ozone.client.rpc.TestFailureHandlingByClient.testPipelineExclusionWithPipelineFailure(TestFailureHandlingByClient.java:379)
	at sun.reflect.NativeMethodAccessorImpl.invoke0(Native Method)
	at sun.reflect.NativeMethodAccessorImpl.invoke(NativeMethodAccessorImpl.java:62)
	at sun.reflect.DelegatingMethodAccessorImpl.invoke(DelegatingMethodAccessorImpl.java:43)
	at java.lang.reflect.Method.invoke(Method.java:498)
	at org.junit.runners.model.FrameworkMethod$1.runReflectiveCall(FrameworkMethod.java:47)
	at org.junit.internal.runners.model.ReflectiveCallable.run(ReflectiveCallable.java:12)
	at org.junit.runners.model.FrameworkMethod.invokeExplosively(FrameworkMethod.java:44)
	at org.junit.internal.runners.statements.InvokeMethod.evaluate(InvokeMethod.java:17)
	at org.junit.internal.runners.statements.RunAfters.evaluate(RunAfters.java:27)
	at org.junit.runners.ParentRunner.runLeaf(ParentRunner.java:271)
	at org.junit.runners.BlockJUnit4ClassRunner.runChild(BlockJUnit4ClassRunner.java:70)
	at org.junit.runners.BlockJUnit4ClassRunner.runChild(BlockJUnit4ClassRunner.java:50)
	at org.junit.runners.ParentRunner$3.run(ParentRunner.java:238)
	at org.junit.runners.ParentRunner$1.schedule(ParentRunner.java:63)
	at org.junit.runners.ParentRunner.runChildren(ParentRunner.java:236)
	at org.junit.runners.ParentRunner.access$000(ParentRunner.java:53)
	at org.junit.runners.ParentRunner$2.evaluate(ParentRunner.java:229)
	at org.junit.runners.ParentRunner.run(ParentRunner.java:309)
	at org.apache.maven.surefire.junit4.JUnit4Provider.execute(JUnit4Provider.java:365)
	at org.apache.maven.surefire.junit4.JUnit4Provider.executeWithRerun(JUnit4Provider.java:273)
	at org.apache.maven.surefire.junit4.JUnit4Provider.executeTestSet(JUnit4Provider.java:238)
	at org.apache.maven.surefire.junit4.JUnit4Provider.invoke(JUnit4Provider.java:159)
	at org.apache.maven.surefire.booter.ForkedBooter.invokeProviderInSameClassLoader(ForkedBooter.java:384)
	at org.apache.maven.surefire.booter.ForkedBooter.runSuitesInProcess(ForkedBooter.java:345)
	at org.apache.maven.surefire.booter.ForkedBooter.execute(ForkedBooter.java:126)
	at org.apache.maven.surefire.booter.ForkedBooter.main(ForkedBooter.java:418)
2019-10-02 11:22:52,311 [grpc-default-executor-1] INFO  impl.RaftServerProxy (RaftServerProxy.java:remove(95)) - fa2082ef-2be2-4bae-9323-f7b52755e8d7: remove group-FC2D5FD9454F:java.util.concurrent.CompletableFuture@5edd3f6e[Not completed, 1 dependents]
2019-10-02 11:22:52,312 [main] INFO  ozone.MiniOzoneClusterImpl (MiniOzoneClusterImpl.java:shutdown(314)) - Shutting down the Mini Ozone Cluster
2019-10-02 11:22:52,313 [main] INFO  ozone.MiniOzoneClusterImpl (MiniOzoneClusterImpl.java:stop(330)) - Stopping the Mini Ozone Cluster
2019-10-02 11:22:52,313 [main] INFO  ozone.MiniOzoneClusterImpl (MiniOzoneClusterImpl.java:stopOM(400)) - Stopping the OzoneManager
2019-10-02 11:22:52,313 [main] INFO  ipc.Server (Server.java:stop(3082)) - Stopping server on 41260
2019-10-02 11:22:52,325 [IPC Server listener on 41260] INFO  ipc.Server (Server.java:run(1185)) - Stopping IPC Server listener on 41260
2019-10-02 11:22:52,326 [main] INFO  ratis.OzoneManagerDoubleBuffer (OzoneManagerDoubleBuffer.java:stop(248)) - Stopping OMDoubleBuffer flush thread
2019-10-02 11:22:52,333 [IPC Server Responder] INFO  ipc.Server (Server.java:run(1319)) - Stopping IPC Server Responder
2019-10-02 11:22:52,342 [OMDoubleBufferFlushThread] INFO  ratis.OzoneManagerDoubleBuffer (OzoneManagerDoubleBuffer.java:flushTransactions(191)) - OMDoubleBuffer flush thread OMDoubleBufferFlushThread is interrupted and will exit. OMDoubleBufferFlushThread
2019-10-02 11:22:52,359 [main] INFO  utils.BackgroundService (BackgroundService.java:shutdown(148)) - Shutting down service KeyDeletingService
2019-10-02 11:22:52,657 [grpc-default-executor-14] WARN  server.GrpcLogAppender (LogUtils.java:warn(134)) - 5a152cad-2f68-44e1-8661-622a6e2403aa@group-CFA5962B69F1->99afa1ab-f70e-454d-b97f-b50504ecadc2-AppendLogResponseHandler: Failed appendEntries: org.apache.ratis.thirdparty.io.grpc.StatusRuntimeException: UNAVAILABLE: io exception
2019-10-02 11:22:52,657 [grpc-default-executor-0] WARN  server.GrpcLogAppender (LogUtils.java:warn(134)) - 5a152cad-2f68-44e1-8661-622a6e2403aa@group-B42E39A6701C->99afa1ab-f70e-454d-b97f-b50504ecadc2-AppendLogResponseHandler: Failed appendEntries: org.apache.ratis.thirdparty.io.grpc.StatusRuntimeException: UNAVAILABLE: io exception
2019-10-02 11:22:52,657 [grpc-default-executor-4] WARN  server.GrpcLogAppender (LogUtils.java:warn(134)) - 5a152cad-2f68-44e1-8661-622a6e2403aa@group-33DDF701D157->99afa1ab-f70e-454d-b97f-b50504ecadc2-AppendLogResponseHandler: Failed appendEntries: org.apache.ratis.thirdparty.io.grpc.StatusRuntimeException: UNAVAILABLE: io exception
2019-10-02 11:22:52,658 [grpc-default-executor-0] INFO  impl.FollowerInfo (FollowerInfo.java:lambda$new$0(51)) - 5a152cad-2f68-44e1-8661-622a6e2403aa@group-B42E39A6701C->99afa1ab-f70e-454d-b97f-b50504ecadc2: nextIndex: updateUnconditionally 0 -> 0
2019-10-02 11:22:52,658 [grpc-default-executor-14] INFO  impl.FollowerInfo (FollowerInfo.java:lambda$new$0(51)) - 5a152cad-2f68-44e1-8661-622a6e2403aa@group-CFA5962B69F1->99afa1ab-f70e-454d-b97f-b50504ecadc2: nextIndex: updateUnconditionally 0 -> 0
2019-10-02 11:22:52,658 [grpc-default-executor-4] INFO  impl.FollowerInfo (FollowerInfo.java:lambda$new$0(51)) - 5a152cad-2f68-44e1-8661-622a6e2403aa@group-33DDF701D157->99afa1ab-f70e-454d-b97f-b50504ecadc2: nextIndex: updateUnconditionally 0 -> 0
2019-10-02 11:22:52,719 [grpc-default-executor-8] WARN  server.GrpcLogAppender (LogUtils.java:warn(134)) - 5a152cad-2f68-44e1-8661-622a6e2403aa@group-B42E39A6701C->255f5341-67af-48a5-9f0a-34079e58e4b3-AppendLogResponseHandler: Failed appendEntries: org.apache.ratis.thirdparty.io.grpc.StatusRuntimeException: UNAVAILABLE: io exception
2019-10-02 11:22:52,719 [grpc-default-executor-14] WARN  server.GrpcLogAppender (LogUtils.java:warn(134)) - 5a152cad-2f68-44e1-8661-622a6e2403aa@group-CFA5962B69F1->255f5341-67af-48a5-9f0a-34079e58e4b3-AppendLogResponseHandler: Failed appendEntries: org.apache.ratis.thirdparty.io.grpc.StatusRuntimeException: UNAVAILABLE: io exception
2019-10-02 11:22:52,719 [grpc-default-executor-16] WARN  server.GrpcLogAppender (LogUtils.java:warn(134)) - 5a152cad-2f68-44e1-8661-622a6e2403aa@group-33DDF701D157->255f5341-67af-48a5-9f0a-34079e58e4b3-AppendLogResponseHandler: Failed appendEntries: org.apache.ratis.thirdparty.io.grpc.StatusRuntimeException: UNAVAILABLE: io exception
2019-10-02 11:22:52,719 [grpc-default-executor-14] INFO  impl.FollowerInfo (FollowerInfo.java:lambda$new$0(51)) - 5a152cad-2f68-44e1-8661-622a6e2403aa@group-CFA5962B69F1->255f5341-67af-48a5-9f0a-34079e58e4b3: nextIndex: updateUnconditionally 0 -> 0
2019-10-02 11:22:52,719 [grpc-default-executor-8] INFO  impl.FollowerInfo (FollowerInfo.java:lambda$new$0(51)) - 5a152cad-2f68-44e1-8661-622a6e2403aa@group-B42E39A6701C->255f5341-67af-48a5-9f0a-34079e58e4b3: nextIndex: updateUnconditionally 0 -> 0
2019-10-02 11:22:52,719 [grpc-default-executor-16] INFO  impl.FollowerInfo (FollowerInfo.java:lambda$new$0(51)) - 5a152cad-2f68-44e1-8661-622a6e2403aa@group-33DDF701D157->255f5341-67af-48a5-9f0a-34079e58e4b3: nextIndex: updateUnconditionally 0 -> 0
2019-10-02 11:22:53,157 [grpc-default-executor-4] WARN  server.GrpcLogAppender (LogUtils.java:warn(134)) - 5a152cad-2f68-44e1-8661-622a6e2403aa@group-33DDF701D157->99afa1ab-f70e-454d-b97f-b50504ecadc2-AppendLogResponseHandler: Failed appendEntries: org.apache.ratis.thirdparty.io.grpc.StatusRuntimeException: UNAVAILABLE: io exception
2019-10-02 11:22:53,157 [grpc-default-executor-1] WARN  server.GrpcLogAppender (LogUtils.java:warn(134)) - 5a152cad-2f68-44e1-8661-622a6e2403aa@group-B42E39A6701C->99afa1ab-f70e-454d-b97f-b50504ecadc2-AppendLogResponseHandler: Failed appendEntries: org.apache.ratis.thirdparty.io.grpc.StatusRuntimeException: UNAVAILABLE: io exception
2019-10-02 11:22:53,157 [grpc-default-executor-0] WARN  server.GrpcLogAppender (LogUtils.java:warn(134)) - 5a152cad-2f68-44e1-8661-622a6e2403aa@group-CFA5962B69F1->99afa1ab-f70e-454d-b97f-b50504ecadc2-AppendLogResponseHandler: Failed appendEntries: org.apache.ratis.thirdparty.io.grpc.StatusRuntimeException: UNAVAILABLE: io exception
2019-10-02 11:22:53,158 [grpc-default-executor-1] INFO  impl.FollowerInfo (FollowerInfo.java:lambda$new$0(51)) - 5a152cad-2f68-44e1-8661-622a6e2403aa@group-B42E39A6701C->99afa1ab-f70e-454d-b97f-b50504ecadc2: nextIndex: updateUnconditionally 0 -> 0
2019-10-02 11:22:53,158 [grpc-default-executor-4] INFO  impl.FollowerInfo (FollowerInfo.java:lambda$new$0(51)) - 5a152cad-2f68-44e1-8661-622a6e2403aa@group-33DDF701D157->99afa1ab-f70e-454d-b97f-b50504ecadc2: nextIndex: updateUnconditionally 0 -> 0
2019-10-02 11:22:53,158 [grpc-default-executor-0] INFO  impl.FollowerInfo (FollowerInfo.java:lambda$new$0(51)) - 5a152cad-2f68-44e1-8661-622a6e2403aa@group-CFA5962B69F1->99afa1ab-f70e-454d-b97f-b50504ecadc2: nextIndex: updateUnconditionally 0 -> 0
2019-10-02 11:22:53,219 [grpc-default-executor-4] WARN  server.GrpcLogAppender (LogUtils.java:warn(134)) - 5a152cad-2f68-44e1-8661-622a6e2403aa@group-B42E39A6701C->255f5341-67af-48a5-9f0a-34079e58e4b3-AppendLogResponseHandler: Failed appendEntries: org.apache.ratis.thirdparty.io.grpc.StatusRuntimeException: UNAVAILABLE: io exception
2019-10-02 11:22:53,219 [grpc-default-executor-8] WARN  server.GrpcLogAppender (LogUtils.java:warn(134)) - 5a152cad-2f68-44e1-8661-622a6e2403aa@group-33DDF701D157->255f5341-67af-48a5-9f0a-34079e58e4b3-AppendLogResponseHandler: Failed appendEntries: org.apache.ratis.thirdparty.io.grpc.StatusRuntimeException: UNAVAILABLE: io exception
2019-10-02 11:22:53,219 [grpc-default-executor-16] WARN  server.GrpcLogAppender (LogUtils.java:warn(134)) - 5a152cad-2f68-44e1-8661-622a6e2403aa@group-CFA5962B69F1->255f5341-67af-48a5-9f0a-34079e58e4b3-AppendLogResponseHandler: Failed appendEntries: org.apache.ratis.thirdparty.io.grpc.StatusRuntimeException: UNAVAILABLE: io exception
2019-10-02 11:22:53,219 [grpc-default-executor-8] INFO  impl.FollowerInfo (FollowerInfo.java:lambda$new$0(51)) - 5a152cad-2f68-44e1-8661-622a6e2403aa@group-33DDF701D157->255f5341-67af-48a5-9f0a-34079e58e4b3: nextIndex: updateUnconditionally 0 -> 0
2019-10-02 11:22:53,219 [grpc-default-executor-4] INFO  impl.FollowerInfo (FollowerInfo.java:lambda$new$0(51)) - 5a152cad-2f68-44e1-8661-622a6e2403aa@group-B42E39A6701C->255f5341-67af-48a5-9f0a-34079e58e4b3: nextIndex: updateUnconditionally 0 -> 0
2019-10-02 11:22:53,220 [grpc-default-executor-16] INFO  impl.FollowerInfo (FollowerInfo.java:lambda$new$0(51)) - 5a152cad-2f68-44e1-8661-622a6e2403aa@group-CFA5962B69F1->255f5341-67af-48a5-9f0a-34079e58e4b3: nextIndex: updateUnconditionally 0 -> 0
2019-10-02 11:22:53,658 [grpc-default-executor-1] WARN  server.GrpcLogAppender (LogUtils.java:warn(134)) - 5a152cad-2f68-44e1-8661-622a6e2403aa@group-CFA5962B69F1->99afa1ab-f70e-454d-b97f-b50504ecadc2-AppendLogResponseHandler: Failed appendEntries: org.apache.ratis.thirdparty.io.grpc.StatusRuntimeException: UNAVAILABLE: io exception
2019-10-02 11:22:53,658 [grpc-default-executor-6] WARN  server.GrpcLogAppender (LogUtils.java:warn(134)) - 5a152cad-2f68-44e1-8661-622a6e2403aa@group-B42E39A6701C->99afa1ab-f70e-454d-b97f-b50504ecadc2-AppendLogResponseHandler: Failed appendEntries: org.apache.ratis.thirdparty.io.grpc.StatusRuntimeException: UNAVAILABLE: io exception
2019-10-02 11:22:53,658 [grpc-default-executor-14] WARN  server.GrpcLogAppender (LogUtils.java:warn(134)) - 5a152cad-2f68-44e1-8661-622a6e2403aa@group-33DDF701D157->99afa1ab-f70e-454d-b97f-b50504ecadc2-AppendLogResponseHandler: Failed appendEntries: org.apache.ratis.thirdparty.io.grpc.StatusRuntimeException: UNAVAILABLE: io exception
2019-10-02 11:22:53,659 [grpc-default-executor-6] INFO  impl.FollowerInfo (FollowerInfo.java:lambda$new$0(51)) - 5a152cad-2f68-44e1-8661-622a6e2403aa@group-B42E39A6701C->99afa1ab-f70e-454d-b97f-b50504ecadc2: nextIndex: updateUnconditionally 0 -> 0
2019-10-02 11:22:53,659 [grpc-default-executor-1] INFO  impl.FollowerInfo (FollowerInfo.java:lambda$new$0(51)) - 5a152cad-2f68-44e1-8661-622a6e2403aa@group-CFA5962B69F1->99afa1ab-f70e-454d-b97f-b50504ecadc2: nextIndex: updateUnconditionally 0 -> 0
2019-10-02 11:22:53,660 [grpc-default-executor-14] INFO  impl.FollowerInfo (FollowerInfo.java:lambda$new$0(51)) - 5a152cad-2f68-44e1-8661-622a6e2403aa@group-33DDF701D157->99afa1ab-f70e-454d-b97f-b50504ecadc2: nextIndex: updateUnconditionally 0 -> 0
2019-10-02 11:22:53,720 [grpc-default-executor-16] WARN  server.GrpcLogAppender (LogUtils.java:warn(134)) - 5a152cad-2f68-44e1-8661-622a6e2403aa@group-CFA5962B69F1->255f5341-67af-48a5-9f0a-34079e58e4b3-AppendLogResponseHandler: Failed appendEntries: org.apache.ratis.thirdparty.io.grpc.StatusRuntimeException: UNAVAILABLE: io exception
2019-10-02 11:22:53,720 [grpc-default-executor-6] WARN  server.GrpcLogAppender (LogUtils.java:warn(134)) - 5a152cad-2f68-44e1-8661-622a6e2403aa@group-B42E39A6701C->255f5341-67af-48a5-9f0a-34079e58e4b3-AppendLogResponseHandler: Failed appendEntries: org.apache.ratis.thirdparty.io.grpc.StatusRuntimeException: UNAVAILABLE: io exception
2019-10-02 11:22:53,720 [grpc-default-executor-1] WARN  server.GrpcLogAppender (LogUtils.java:warn(134)) - 5a152cad-2f68-44e1-8661-622a6e2403aa@group-33DDF701D157->255f5341-67af-48a5-9f0a-34079e58e4b3-AppendLogResponseHandler: Failed appendEntries: org.apache.ratis.thirdparty.io.grpc.StatusRuntimeException: UNAVAILABLE: io exception
2019-10-02 11:22:53,720 [grpc-default-executor-6] INFO  impl.FollowerInfo (FollowerInfo.java:lambda$new$0(51)) - 5a152cad-2f68-44e1-8661-622a6e2403aa@group-B42E39A6701C->255f5341-67af-48a5-9f0a-34079e58e4b3: nextIndex: updateUnconditionally 0 -> 0
2019-10-02 11:22:53,720 [grpc-default-executor-16] INFO  impl.FollowerInfo (FollowerInfo.java:lambda$new$0(51)) - 5a152cad-2f68-44e1-8661-622a6e2403aa@group-CFA5962B69F1->255f5341-67af-48a5-9f0a-34079e58e4b3: nextIndex: updateUnconditionally 0 -> 0
2019-10-02 11:22:53,721 [grpc-default-executor-1] INFO  impl.FollowerInfo (FollowerInfo.java:lambda$new$0(51)) - 5a152cad-2f68-44e1-8661-622a6e2403aa@group-33DDF701D157->255f5341-67af-48a5-9f0a-34079e58e4b3: nextIndex: updateUnconditionally 0 -> 0
2019-10-02 11:22:54,159 [grpc-default-executor-0] WARN  server.GrpcLogAppender (LogUtils.java:warn(134)) - 5a152cad-2f68-44e1-8661-622a6e2403aa@group-B42E39A6701C->99afa1ab-f70e-454d-b97f-b50504ecadc2-AppendLogResponseHandler: Failed appendEntries: org.apache.ratis.thirdparty.io.grpc.StatusRuntimeException: UNAVAILABLE: io exception
2019-10-02 11:22:54,159 [grpc-default-executor-4] WARN  server.GrpcLogAppender (LogUtils.java:warn(134)) - 5a152cad-2f68-44e1-8661-622a6e2403aa@group-33DDF701D157->99afa1ab-f70e-454d-b97f-b50504ecadc2-AppendLogResponseHandler: Failed appendEntries: org.apache.ratis.thirdparty.io.grpc.StatusRuntimeException: UNAVAILABLE: io exception
2019-10-02 11:22:54,159 [grpc-default-executor-14] WARN  server.GrpcLogAppender (LogUtils.java:warn(134)) - 5a152cad-2f68-44e1-8661-622a6e2403aa@group-CFA5962B69F1->99afa1ab-f70e-454d-b97f-b50504ecadc2-AppendLogResponseHandler: Failed appendEntries: org.apache.ratis.thirdparty.io.grpc.StatusRuntimeException: UNAVAILABLE: io exception
2019-10-02 11:22:54,159 [grpc-default-executor-4] INFO  impl.FollowerInfo (FollowerInfo.java:lambda$new$0(51)) - 5a152cad-2f68-44e1-8661-622a6e2403aa@group-33DDF701D157->99afa1ab-f70e-454d-b97f-b50504ecadc2: nextIndex: updateUnconditionally 0 -> 0
2019-10-02 11:22:54,159 [grpc-default-executor-0] INFO  impl.FollowerInfo (FollowerInfo.java:lambda$new$0(51)) - 5a152cad-2f68-44e1-8661-622a6e2403aa@group-B42E39A6701C->99afa1ab-f70e-454d-b97f-b50504ecadc2: nextIndex: updateUnconditionally 0 -> 0
2019-10-02 11:22:54,160 [grpc-default-executor-14] INFO  impl.FollowerInfo (FollowerInfo.java:lambda$new$0(51)) - 5a152cad-2f68-44e1-8661-622a6e2403aa@group-CFA5962B69F1->99afa1ab-f70e-454d-b97f-b50504ecadc2: nextIndex: updateUnconditionally 0 -> 0
2019-10-02 11:22:54,220 [grpc-default-executor-6] WARN  server.GrpcLogAppender (LogUtils.java:warn(134)) - 5a152cad-2f68-44e1-8661-622a6e2403aa@group-33DDF701D157->255f5341-67af-48a5-9f0a-34079e58e4b3-AppendLogResponseHandler: Failed appendEntries: org.apache.ratis.thirdparty.io.grpc.StatusRuntimeException: UNAVAILABLE: io exception
2019-10-02 11:22:54,220 [grpc-default-executor-4] WARN  server.GrpcLogAppender (LogUtils.java:warn(134)) - 5a152cad-2f68-44e1-8661-622a6e2403aa@group-CFA5962B69F1->255f5341-67af-48a5-9f0a-34079e58e4b3-AppendLogResponseHandler: Failed appendEntries: org.apache.ratis.thirdparty.io.grpc.StatusRuntimeException: UNAVAILABLE: io exception
2019-10-02 11:22:54,220 [grpc-default-executor-16] WARN  server.GrpcLogAppender (LogUtils.java:warn(134)) - 5a152cad-2f68-44e1-8661-622a6e2403aa@group-B42E39A6701C->255f5341-67af-48a5-9f0a-34079e58e4b3-AppendLogResponseHandler: Failed appendEntries: org.apache.ratis.thirdparty.io.grpc.StatusRuntimeException: UNAVAILABLE: io exception
2019-10-02 11:22:54,221 [grpc-default-executor-4] INFO  impl.FollowerInfo (FollowerInfo.java:lambda$new$0(51)) - 5a152cad-2f68-44e1-8661-622a6e2403aa@group-CFA5962B69F1->255f5341-67af-48a5-9f0a-34079e58e4b3: nextIndex: updateUnconditionally 0 -> 0
2019-10-02 11:22:54,221 [grpc-default-executor-6] INFO  impl.FollowerInfo (FollowerInfo.java:lambda$new$0(51)) - 5a152cad-2f68-44e1-8661-622a6e2403aa@group-33DDF701D157->255f5341-67af-48a5-9f0a-34079e58e4b3: nextIndex: updateUnconditionally 0 -> 0
2019-10-02 11:22:54,221 [grpc-default-executor-16] INFO  impl.FollowerInfo (FollowerInfo.java:lambda$new$0(51)) - 5a152cad-2f68-44e1-8661-622a6e2403aa@group-B42E39A6701C->255f5341-67af-48a5-9f0a-34079e58e4b3: nextIndex: updateUnconditionally 0 -> 0
2019-10-02 11:22:54,660 [grpc-default-executor-6] WARN  server.GrpcLogAppender (LogUtils.java:warn(134)) - 5a152cad-2f68-44e1-8661-622a6e2403aa@group-B42E39A6701C->99afa1ab-f70e-454d-b97f-b50504ecadc2-AppendLogResponseHandler: Failed appendEntries: org.apache.ratis.thirdparty.io.grpc.StatusRuntimeException: UNAVAILABLE: io exception
2019-10-02 11:22:54,660 [grpc-default-executor-0] WARN  server.GrpcLogAppender (LogUtils.java:warn(134)) - 5a152cad-2f68-44e1-8661-622a6e2403aa@group-33DDF701D157->99afa1ab-f70e-454d-b97f-b50504ecadc2-AppendLogResponseHandler: Failed appendEntries: org.apache.ratis.thirdparty.io.grpc.StatusRuntimeException: UNAVAILABLE: io exception
2019-10-02 11:22:54,660 [grpc-default-executor-16] WARN  server.GrpcLogAppender (LogUtils.java:warn(134)) - 5a152cad-2f68-44e1-8661-622a6e2403aa@group-CFA5962B69F1->99afa1ab-f70e-454d-b97f-b50504ecadc2-AppendLogResponseHandler: Failed appendEntries: org.apache.ratis.thirdparty.io.grpc.StatusRuntimeException: UNAVAILABLE: io exception
2019-10-02 11:22:54,661 [grpc-default-executor-0] INFO  impl.FollowerInfo (FollowerInfo.java:lambda$new$0(51)) - 5a152cad-2f68-44e1-8661-622a6e2403aa@group-33DDF701D157->99afa1ab-f70e-454d-b97f-b50504ecadc2: nextIndex: updateUnconditionally 0 -> 0
2019-10-02 11:22:54,660 [grpc-default-executor-6] INFO  impl.FollowerInfo (FollowerInfo.java:lambda$new$0(51)) - 5a152cad-2f68-44e1-8661-622a6e2403aa@group-B42E39A6701C->99afa1ab-f70e-454d-b97f-b50504ecadc2: nextIndex: updateUnconditionally 0 -> 0
2019-10-02 11:22:54,661 [grpc-default-executor-16] INFO  impl.FollowerInfo (FollowerInfo.java:lambda$new$0(51)) - 5a152cad-2f68-44e1-8661-622a6e2403aa@group-CFA5962B69F1->99afa1ab-f70e-454d-b97f-b50504ecadc2: nextIndex: updateUnconditionally 0 -> 0
2019-10-02 11:22:54,721 [grpc-default-executor-14] WARN  server.GrpcLogAppender (LogUtils.java:warn(134)) - 5a152cad-2f68-44e1-8661-622a6e2403aa@group-33DDF701D157->255f5341-67af-48a5-9f0a-34079e58e4b3-AppendLogResponseHandler: Failed appendEntries: org.apache.ratis.thirdparty.io.grpc.StatusRuntimeException: UNAVAILABLE: io exception
2019-10-02 11:22:54,721 [grpc-default-executor-4] WARN  server.GrpcLogAppender (LogUtils.java:warn(134)) - 5a152cad-2f68-44e1-8661-622a6e2403aa@group-CFA5962B69F1->255f5341-67af-48a5-9f0a-34079e58e4b3-AppendLogResponseHandler: Failed appendEntries: org.apache.ratis.thirdparty.io.grpc.StatusRuntimeException: UNAVAILABLE: io exception
2019-10-02 11:22:54,721 [grpc-default-executor-16] WARN  server.GrpcLogAppender (LogUtils.java:warn(134)) - 5a152cad-2f68-44e1-8661-622a6e2403aa@group-B42E39A6701C->255f5341-67af-48a5-9f0a-34079e58e4b3-AppendLogResponseHandler: Failed appendEntries: org.apache.ratis.thirdparty.io.grpc.StatusRuntimeException: UNAVAILABLE: io exception
2019-10-02 11:22:54,721 [grpc-default-executor-4] INFO  impl.FollowerInfo (FollowerInfo.java:lambda$new$0(51)) - 5a152cad-2f68-44e1-8661-622a6e2403aa@group-CFA5962B69F1->255f5341-67af-48a5-9f0a-34079e58e4b3: nextIndex: updateUnconditionally 0 -> 0
2019-10-02 11:22:54,721 [grpc-default-executor-14] INFO  impl.FollowerInfo (FollowerInfo.java:lambda$new$0(51)) - 5a152cad-2f68-44e1-8661-622a6e2403aa@group-33DDF701D157->255f5341-67af-48a5-9f0a-34079e58e4b3: nextIndex: updateUnconditionally 0 -> 0
2019-10-02 11:22:54,721 [grpc-default-executor-16] INFO  impl.FollowerInfo (FollowerInfo.java:lambda$new$0(51)) - 5a152cad-2f68-44e1-8661-622a6e2403aa@group-B42E39A6701C->255f5341-67af-48a5-9f0a-34079e58e4b3: nextIndex: updateUnconditionally 0 -> 0
2019-10-02 11:22:55,164 [grpc-default-executor-0] WARN  server.GrpcLogAppender (LogUtils.java:warn(134)) - 5a152cad-2f68-44e1-8661-622a6e2403aa@group-CFA5962B69F1->99afa1ab-f70e-454d-b97f-b50504ecadc2-AppendLogResponseHandler: Failed appendEntries: org.apache.ratis.thirdparty.io.grpc.StatusRuntimeException: UNAVAILABLE: io exception
2019-10-02 11:22:55,164 [grpc-default-executor-8] WARN  server.GrpcLogAppender (LogUtils.java:warn(134)) - 5a152cad-2f68-44e1-8661-622a6e2403aa@group-B42E39A6701C->99afa1ab-f70e-454d-b97f-b50504ecadc2-AppendLogResponseHandler: Failed appendEntries: org.apache.ratis.thirdparty.io.grpc.StatusRuntimeException: UNAVAILABLE: io exception
2019-10-02 11:22:55,164 [grpc-default-executor-6] WARN  server.GrpcLogAppender (LogUtils.java:warn(134)) - 5a152cad-2f68-44e1-8661-622a6e2403aa@group-33DDF701D157->99afa1ab-f70e-454d-b97f-b50504ecadc2-AppendLogResponseHandler: Failed appendEntries: org.apache.ratis.thirdparty.io.grpc.StatusRuntimeException: UNAVAILABLE: io exception
2019-10-02 11:22:55,166 [grpc-default-executor-8] INFO  impl.FollowerInfo (FollowerInfo.java:lambda$new$0(51)) - 5a152cad-2f68-44e1-8661-622a6e2403aa@group-B42E39A6701C->99afa1ab-f70e-454d-b97f-b50504ecadc2: nextIndex: updateUnconditionally 0 -> 0
2019-10-02 11:22:55,166 [grpc-default-executor-0] INFO  impl.FollowerInfo (FollowerInfo.java:lambda$new$0(51)) - 5a152cad-2f68-44e1-8661-622a6e2403aa@group-CFA5962B69F1->99afa1ab-f70e-454d-b97f-b50504ecadc2: nextIndex: updateUnconditionally 0 -> 0
2019-10-02 11:22:55,167 [grpc-default-executor-6] INFO  impl.FollowerInfo (FollowerInfo.java:lambda$new$0(51)) - 5a152cad-2f68-44e1-8661-622a6e2403aa@group-33DDF701D157->99afa1ab-f70e-454d-b97f-b50504ecadc2: nextIndex: updateUnconditionally 0 -> 0
2019-10-02 11:22:55,222 [grpc-default-executor-6] WARN  server.GrpcLogAppender (LogUtils.java:warn(134)) - 5a152cad-2f68-44e1-8661-622a6e2403aa@group-CFA5962B69F1->255f5341-67af-48a5-9f0a-34079e58e4b3-AppendLogResponseHandler: Failed appendEntries: org.apache.ratis.thirdparty.io.grpc.StatusRuntimeException: UNAVAILABLE: io exception
2019-10-02 11:22:55,222 [grpc-default-executor-16] WARN  server.GrpcLogAppender (LogUtils.java:warn(134)) - 5a152cad-2f68-44e1-8661-622a6e2403aa@group-B42E39A6701C->255f5341-67af-48a5-9f0a-34079e58e4b3-AppendLogResponseHandler: Failed appendEntries: org.apache.ratis.thirdparty.io.grpc.StatusRuntimeException: UNAVAILABLE: io exception
2019-10-02 11:22:55,222 [grpc-default-executor-0] WARN  server.GrpcLogAppender (LogUtils.java:warn(134)) - 5a152cad-2f68-44e1-8661-622a6e2403aa@group-33DDF701D157->255f5341-67af-48a5-9f0a-34079e58e4b3-AppendLogResponseHandler: Failed appendEntries: org.apache.ratis.thirdparty.io.grpc.StatusRuntimeException: UNAVAILABLE: io exception
2019-10-02 11:22:55,222 [grpc-default-executor-16] INFO  impl.FollowerInfo (FollowerInfo.java:lambda$new$0(51)) - 5a152cad-2f68-44e1-8661-622a6e2403aa@group-B42E39A6701C->255f5341-67af-48a5-9f0a-34079e58e4b3: nextIndex: updateUnconditionally 0 -> 0
2019-10-02 11:22:55,222 [grpc-default-executor-6] INFO  impl.FollowerInfo (FollowerInfo.java:lambda$new$0(51)) - 5a152cad-2f68-44e1-8661-622a6e2403aa@group-CFA5962B69F1->255f5341-67af-48a5-9f0a-34079e58e4b3: nextIndex: updateUnconditionally 0 -> 0
2019-10-02 11:22:55,222 [grpc-default-executor-0] INFO  impl.FollowerInfo (FollowerInfo.java:lambda$new$0(51)) - 5a152cad-2f68-44e1-8661-622a6e2403aa@group-33DDF701D157->255f5341-67af-48a5-9f0a-34079e58e4b3: nextIndex: updateUnconditionally 0 -> 0
2019-10-02 11:22:55,308 [EventQueue-PipelineReportForPipelineReportHandler] ERROR pipeline.PipelineReportHandler (PipelineReportHandler.java:onMessage(82)) - Could not process pipeline report=pipelineID {
  id: "d17f1eb3-6a3b-42c1-a22a-fc2d5fd9454f"
}
 from dn=fa2082ef-2be2-4bae-9323-f7b52755e8d7{ip: 192.168.151.122, host: pr-hdds-2199-dnstouuidmap-nxzb2-26233584, networkLocation: /rack1, certSerialId: null} {}
org.apache.ratis.protocol.TimeoutIOException: deadline exceeded after 2999761808ns
	at org.apache.ratis.grpc.GrpcUtil.tryUnwrapException(GrpcUtil.java:82)
	at org.apache.ratis.grpc.GrpcUtil.unwrapException(GrpcUtil.java:75)
	at org.apache.ratis.grpc.client.GrpcClientProtocolClient.blockingCall(GrpcClientProtocolClient.java:184)
	at org.apache.ratis.grpc.client.GrpcClientProtocolClient.groupAdd(GrpcClientProtocolClient.java:153)
	at org.apache.ratis.grpc.client.GrpcClientRpc.sendRequest(GrpcClientRpc.java:94)
	at org.apache.ratis.client.impl.RaftClientImpl.sendRequest(RaftClientImpl.java:278)
	at org.apache.ratis.client.impl.RaftClientImpl.groupRemove(RaftClientImpl.java:215)
	at org.apache.hadoop.hdds.scm.pipeline.RatisPipelineUtils.destroyPipeline(RatisPipelineUtils.java:97)
	at org.apache.hadoop.hdds.scm.pipeline.PipelineReportHandler.processPipelineReport(PipelineReportHandler.java:100)
	at org.apache.hadoop.hdds.scm.pipeline.PipelineReportHandler.onMessage(PipelineReportHandler.java:80)
	at org.apache.hadoop.hdds.scm.pipeline.PipelineReportHandler.onMessage(PipelineReportHandler.java:44)
	at org.apache.hadoop.hdds.server.events.SingleThreadExecutor.lambda$onMessage$1(SingleThreadExecutor.java:85)
	at java.util.concurrent.ThreadPoolExecutor.runWorker(ThreadPoolExecutor.java:1149)
	at java.util.concurrent.ThreadPoolExecutor$Worker.run(ThreadPoolExecutor.java:624)
	at java.lang.Thread.run(Thread.java:748)
Caused by: org.apache.ratis.thirdparty.io.grpc.StatusRuntimeException: DEADLINE_EXCEEDED: deadline exceeded after 2999761808ns
	at org.apache.ratis.thirdparty.io.grpc.stub.ClientCalls.toStatusRuntimeException(ClientCalls.java:233)
	at org.apache.ratis.thirdparty.io.grpc.stub.ClientCalls.getUnchecked(ClientCalls.java:214)
	at org.apache.ratis.thirdparty.io.grpc.stub.ClientCalls.blockingUnaryCall(ClientCalls.java:139)
	at org.apache.ratis.proto.grpc.AdminProtocolServiceGrpc$AdminProtocolServiceBlockingStub.groupManagement(AdminProtocolServiceGrpc.java:274)
	at org.apache.ratis.grpc.client.GrpcClientProtocolClient.lambda$groupAdd$3(GrpcClientProtocolClient.java:155)
	at org.apache.ratis.grpc.client.GrpcClientProtocolClient.blockingCall(GrpcClientProtocolClient.java:182)
	... 12 more
2019-10-02 11:22:55,663 [grpc-default-executor-8] WARN  server.GrpcLogAppender (LogUtils.java:warn(134)) - 5a152cad-2f68-44e1-8661-622a6e2403aa@group-33DDF701D157->99afa1ab-f70e-454d-b97f-b50504ecadc2-AppendLogResponseHandler: Failed appendEntries: org.apache.ratis.thirdparty.io.grpc.StatusRuntimeException: UNAVAILABLE: io exception
2019-10-02 11:22:55,663 [grpc-default-executor-1] WARN  server.GrpcLogAppender (LogUtils.java:warn(134)) - 5a152cad-2f68-44e1-8661-622a6e2403aa@group-B42E39A6701C->99afa1ab-f70e-454d-b97f-b50504ecadc2-AppendLogResponseHandler: Failed appendEntries: org.apache.ratis.thirdparty.io.grpc.StatusRuntimeException: UNAVAILABLE: io exception
2019-10-02 11:22:55,663 [grpc-default-executor-4] WARN  server.GrpcLogAppender (LogUtils.java:warn(134)) - 5a152cad-2f68-44e1-8661-622a6e2403aa@group-CFA5962B69F1->99afa1ab-f70e-454d-b97f-b50504ecadc2-AppendLogResponseHandler: Failed appendEntries: org.apache.ratis.thirdparty.io.grpc.StatusRuntimeException: UNAVAILABLE: io exception
2019-10-02 11:22:55,663 [grpc-default-executor-1] INFO  impl.FollowerInfo (FollowerInfo.java:lambda$new$0(51)) - 5a152cad-2f68-44e1-8661-622a6e2403aa@group-B42E39A6701C->99afa1ab-f70e-454d-b97f-b50504ecadc2: nextIndex: updateUnconditionally 0 -> 0
2019-10-02 11:22:55,663 [grpc-default-executor-8] INFO  impl.FollowerInfo (FollowerInfo.java:lambda$new$0(51)) - 5a152cad-2f68-44e1-8661-622a6e2403aa@group-33DDF701D157->99afa1ab-f70e-454d-b97f-b50504ecadc2: nextIndex: updateUnconditionally 0 -> 0
2019-10-02 11:22:55,663 [grpc-default-executor-4] INFO  impl.FollowerInfo (FollowerInfo.java:lambda$new$0(51)) - 5a152cad-2f68-44e1-8661-622a6e2403aa@group-CFA5962B69F1->99afa1ab-f70e-454d-b97f-b50504ecadc2: nextIndex: updateUnconditionally 0 -> 0
2019-10-02 11:22:55,722 [grpc-default-executor-6] WARN  server.GrpcLogAppender (LogUtils.java:warn(134)) - 5a152cad-2f68-44e1-8661-622a6e2403aa@group-33DDF701D157->255f5341-67af-48a5-9f0a-34079e58e4b3-AppendLogResponseHandler: Failed appendEntries: org.apache.ratis.thirdparty.io.grpc.StatusRuntimeException: UNAVAILABLE: io exception
2019-10-02 11:22:55,722 [grpc-default-executor-0] WARN  server.GrpcLogAppender (LogUtils.java:warn(134)) - 5a152cad-2f68-44e1-8661-622a6e2403aa@group-CFA5962B69F1->255f5341-67af-48a5-9f0a-34079e58e4b3-AppendLogResponseHandler: Failed appendEntries: org.apache.ratis.thirdparty.io.grpc.StatusRuntimeException: UNAVAILABLE: io exception
2019-10-02 11:22:55,722 [grpc-default-executor-8] WARN  server.GrpcLogAppender (LogUtils.java:warn(134)) - 5a152cad-2f68-44e1-8661-622a6e2403aa@group-B42E39A6701C->255f5341-67af-48a5-9f0a-34079e58e4b3-AppendLogResponseHandler: Failed appendEntries: org.apache.ratis.thirdparty.io.grpc.StatusRuntimeException: UNAVAILABLE: io exception
2019-10-02 11:22:55,723 [grpc-default-executor-0] INFO  impl.FollowerInfo (FollowerInfo.java:lambda$new$0(51)) - 5a152cad-2f68-44e1-8661-622a6e2403aa@group-CFA5962B69F1->255f5341-67af-48a5-9f0a-34079e58e4b3: nextIndex: updateUnconditionally 0 -> 0
2019-10-02 11:22:55,722 [grpc-default-executor-6] INFO  impl.FollowerInfo (FollowerInfo.java:lambda$new$0(51)) - 5a152cad-2f68-44e1-8661-622a6e2403aa@group-33DDF701D157->255f5341-67af-48a5-9f0a-34079e58e4b3: nextIndex: updateUnconditionally 0 -> 0
2019-10-02 11:22:55,723 [grpc-default-executor-8] INFO  impl.FollowerInfo (FollowerInfo.java:lambda$new$0(51)) - 5a152cad-2f68-44e1-8661-622a6e2403aa@group-B42E39A6701C->255f5341-67af-48a5-9f0a-34079e58e4b3: nextIndex: updateUnconditionally 0 -> 0
2019-10-02 11:22:56,165 [grpc-default-executor-6] WARN  server.GrpcLogAppender (LogUtils.java:warn(134)) - 5a152cad-2f68-44e1-8661-622a6e2403aa@group-CFA5962B69F1->99afa1ab-f70e-454d-b97f-b50504ecadc2-AppendLogResponseHandler: Failed appendEntries: org.apache.ratis.thirdparty.io.grpc.StatusRuntimeException: UNAVAILABLE: io exception
2019-10-02 11:22:56,165 [grpc-default-executor-4] WARN  server.GrpcLogAppender (LogUtils.java:warn(134)) - 5a152cad-2f68-44e1-8661-622a6e2403aa@group-B42E39A6701C->99afa1ab-f70e-454d-b97f-b50504ecadc2-AppendLogResponseHandler: Failed appendEntries: org.apache.ratis.thirdparty.io.grpc.StatusRuntimeException: UNAVAILABLE: io exception
2019-10-02 11:22:56,165 [grpc-default-executor-6] INFO  impl.FollowerInfo (FollowerInfo.java:lambda$new$0(51)) - 5a152cad-2f68-44e1-8661-622a6e2403aa@group-CFA5962B69F1->99afa1ab-f70e-454d-b97f-b50504ecadc2: nextIndex: updateUnconditionally 0 -> 0
2019-10-02 11:22:56,165 [grpc-default-executor-1] WARN  server.GrpcLogAppender (LogUtils.java:warn(134)) - 5a152cad-2f68-44e1-8661-622a6e2403aa@group-33DDF701D157->99afa1ab-f70e-454d-b97f-b50504ecadc2-AppendLogResponseHandler: Failed appendEntries: org.apache.ratis.thirdparty.io.grpc.StatusRuntimeException: UNAVAILABLE: io exception
2019-10-02 11:22:56,165 [grpc-default-executor-4] INFO  impl.FollowerInfo (FollowerInfo.java:lambda$new$0(51)) - 5a152cad-2f68-44e1-8661-622a6e2403aa@group-B42E39A6701C->99afa1ab-f70e-454d-b97f-b50504ecadc2: nextIndex: updateUnconditionally 0 -> 0
2019-10-02 11:22:56,166 [grpc-default-executor-1] INFO  impl.FollowerInfo (FollowerInfo.java:lambda$new$0(51)) - 5a152cad-2f68-44e1-8661-622a6e2403aa@group-33DDF701D157->99afa1ab-f70e-454d-b97f-b50504ecadc2: nextIndex: updateUnconditionally 0 -> 0
2019-10-02 11:22:56,223 [grpc-default-executor-4] WARN  server.GrpcLogAppender (LogUtils.java:warn(134)) - 5a152cad-2f68-44e1-8661-622a6e2403aa@group-B42E39A6701C->255f5341-67af-48a5-9f0a-34079e58e4b3-AppendLogResponseHandler: Failed appendEntries: org.apache.ratis.thirdparty.io.grpc.StatusRuntimeException: UNAVAILABLE: io exception
2019-10-02 11:22:56,223 [grpc-default-executor-16] WARN  server.GrpcLogAppender (LogUtils.java:warn(134)) - 5a152cad-2f68-44e1-8661-622a6e2403aa@group-CFA5962B69F1->255f5341-67af-48a5-9f0a-34079e58e4b3-AppendLogResponseHandler: Failed appendEntries: org.apache.ratis.thirdparty.io.grpc.StatusRuntimeException: UNAVAILABLE: io exception
2019-10-02 11:22:56,223 [grpc-default-executor-8] WARN  server.GrpcLogAppender (LogUtils.java:warn(134)) - 5a152cad-2f68-44e1-8661-622a6e2403aa@group-33DDF701D157->255f5341-67af-48a5-9f0a-34079e58e4b3-AppendLogResponseHandler: Failed appendEntries: org.apache.ratis.thirdparty.io.grpc.StatusRuntimeException: UNAVAILABLE: io exception
2019-10-02 11:22:56,224 [grpc-default-executor-8] INFO  impl.FollowerInfo (FollowerInfo.java:lambda$new$0(51)) - 5a152cad-2f68-44e1-8661-622a6e2403aa@group-33DDF701D157->255f5341-67af-48a5-9f0a-34079e58e4b3: nextIndex: updateUnconditionally 0 -> 0
2019-10-02 11:22:56,224 [grpc-default-executor-16] INFO  impl.FollowerInfo (FollowerInfo.java:lambda$new$0(51)) - 5a152cad-2f68-44e1-8661-622a6e2403aa@group-CFA5962B69F1->255f5341-67af-48a5-9f0a-34079e58e4b3: nextIndex: updateUnconditionally 0 -> 0
2019-10-02 11:22:56,223 [grpc-default-executor-4] INFO  impl.FollowerInfo (FollowerInfo.java:lambda$new$0(51)) - 5a152cad-2f68-44e1-8661-622a6e2403aa@group-B42E39A6701C->255f5341-67af-48a5-9f0a-34079e58e4b3: nextIndex: updateUnconditionally 0 -> 0
2019-10-02 11:22:56,669 [grpc-default-executor-1] WARN  server.GrpcLogAppender (LogUtils.java:warn(134)) - 5a152cad-2f68-44e1-8661-622a6e2403aa@group-B42E39A6701C->99afa1ab-f70e-454d-b97f-b50504ecadc2-AppendLogResponseHandler: Failed appendEntries: org.apache.ratis.thirdparty.io.grpc.StatusRuntimeException: UNAVAILABLE: io exception
2019-10-02 11:22:56,669 [grpc-default-executor-0] WARN  server.GrpcLogAppender (LogUtils.java:warn(134)) - 5a152cad-2f68-44e1-8661-622a6e2403aa@group-CFA5962B69F1->99afa1ab-f70e-454d-b97f-b50504ecadc2-AppendLogResponseHandler: Failed appendEntries: org.apache.ratis.thirdparty.io.grpc.StatusRuntimeException: UNAVAILABLE: io exception
2019-10-02 11:22:56,669 [grpc-default-executor-16] WARN  server.GrpcLogAppender (LogUtils.java:warn(134)) - 5a152cad-2f68-44e1-8661-622a6e2403aa@group-33DDF701D157->99afa1ab-f70e-454d-b97f-b50504ecadc2-AppendLogResponseHandler: Failed appendEntries: org.apache.ratis.thirdparty.io.grpc.StatusRuntimeException: UNAVAILABLE: io exception
2019-10-02 11:22:56,669 [grpc-default-executor-0] INFO  impl.FollowerInfo (FollowerInfo.java:lambda$new$0(51)) - 5a152cad-2f68-44e1-8661-622a6e2403aa@group-CFA5962B69F1->99afa1ab-f70e-454d-b97f-b50504ecadc2: nextIndex: updateUnconditionally 0 -> 0
2019-10-02 11:22:56,669 [grpc-default-executor-1] INFO  impl.FollowerInfo (FollowerInfo.java:lambda$new$0(51)) - 5a152cad-2f68-44e1-8661-622a6e2403aa@group-B42E39A6701C->99afa1ab-f70e-454d-b97f-b50504ecadc2: nextIndex: updateUnconditionally 0 -> 0
2019-10-02 11:22:56,670 [grpc-default-executor-16] INFO  impl.FollowerInfo (FollowerInfo.java:lambda$new$0(51)) - 5a152cad-2f68-44e1-8661-622a6e2403aa@group-33DDF701D157->99afa1ab-f70e-454d-b97f-b50504ecadc2: nextIndex: updateUnconditionally 0 -> 0
2019-10-02 11:22:56,724 [grpc-default-executor-14] WARN  server.GrpcLogAppender (LogUtils.java:warn(134)) - 5a152cad-2f68-44e1-8661-622a6e2403aa@group-CFA5962B69F1->255f5341-67af-48a5-9f0a-34079e58e4b3-AppendLogResponseHandler: Failed appendEntries: org.apache.ratis.thirdparty.io.grpc.StatusRuntimeException: UNAVAILABLE: io exception
2019-10-02 11:22:56,724 [grpc-default-executor-4] WARN  server.GrpcLogAppender (LogUtils.java:warn(134)) - 5a152cad-2f68-44e1-8661-622a6e2403aa@group-B42E39A6701C->255f5341-67af-48a5-9f0a-34079e58e4b3-AppendLogResponseHandler: Failed appendEntries: org.apache.ratis.thirdparty.io.grpc.StatusRuntimeException: UNAVAILABLE: io exception
2019-10-02 11:22:56,724 [grpc-default-executor-6] WARN  server.GrpcLogAppender (LogUtils.java:warn(134)) - 5a152cad-2f68-44e1-8661-622a6e2403aa@group-33DDF701D157->255f5341-67af-48a5-9f0a-34079e58e4b3-AppendLogResponseHandler: Failed appendEntries: org.apache.ratis.thirdparty.io.grpc.StatusRuntimeException: UNAVAILABLE: io exception
2019-10-02 11:22:56,725 [grpc-default-executor-4] INFO  impl.FollowerInfo (FollowerInfo.java:lambda$new$0(51)) - 5a152cad-2f68-44e1-8661-622a6e2403aa@group-B42E39A6701C->255f5341-67af-48a5-9f0a-34079e58e4b3: nextIndex: updateUnconditionally 0 -> 0
2019-10-02 11:22:56,724 [grpc-default-executor-14] INFO  impl.FollowerInfo (FollowerInfo.java:lambda$new$0(51)) - 5a152cad-2f68-44e1-8661-622a6e2403aa@group-CFA5962B69F1->255f5341-67af-48a5-9f0a-34079e58e4b3: nextIndex: updateUnconditionally 0 -> 0
2019-10-02 11:22:56,725 [grpc-default-executor-6] INFO  impl.FollowerInfo (FollowerInfo.java:lambda$new$0(51)) - 5a152cad-2f68-44e1-8661-622a6e2403aa@group-33DDF701D157->255f5341-67af-48a5-9f0a-34079e58e4b3: nextIndex: updateUnconditionally 0 -> 0
2019-10-02 11:22:57,169 [grpc-default-executor-14] WARN  server.GrpcLogAppender (LogUtils.java:warn(134)) - 5a152cad-2f68-44e1-8661-622a6e2403aa@group-33DDF701D157->99afa1ab-f70e-454d-b97f-b50504ecadc2-AppendLogResponseHandler: Failed appendEntries: org.apache.ratis.thirdparty.io.grpc.StatusRuntimeException: UNAVAILABLE: io exception
2019-10-02 11:22:57,169 [grpc-default-executor-4] WARN  server.GrpcLogAppender (LogUtils.java:warn(134)) - 5a152cad-2f68-44e1-8661-622a6e2403aa@group-B42E39A6701C->99afa1ab-f70e-454d-b97f-b50504ecadc2-AppendLogResponseHandler: Failed appendEntries: org.apache.ratis.thirdparty.io.grpc.StatusRuntimeException: UNAVAILABLE: io exception
2019-10-02 11:22:57,169 [grpc-default-executor-0] WARN  server.GrpcLogAppender (LogUtils.java:warn(134)) - 5a152cad-2f68-44e1-8661-622a6e2403aa@group-CFA5962B69F1->99afa1ab-f70e-454d-b97f-b50504ecadc2-AppendLogResponseHandler: Failed appendEntries: org.apache.ratis.thirdparty.io.grpc.StatusRuntimeException: UNAVAILABLE: io exception
2019-10-02 11:22:57,170 [grpc-default-executor-4] INFO  impl.FollowerInfo (FollowerInfo.java:lambda$new$0(51)) - 5a152cad-2f68-44e1-8661-622a6e2403aa@group-B42E39A6701C->99afa1ab-f70e-454d-b97f-b50504ecadc2: nextIndex: updateUnconditionally 0 -> 0
2019-10-02 11:22:57,170 [grpc-default-executor-14] INFO  impl.FollowerInfo (FollowerInfo.java:lambda$new$0(51)) - 5a152cad-2f68-44e1-8661-622a6e2403aa@group-33DDF701D157->99afa1ab-f70e-454d-b97f-b50504ecadc2: nextIndex: updateUnconditionally 0 -> 0
2019-10-02 11:22:57,170 [grpc-default-executor-0] INFO  impl.FollowerInfo (FollowerInfo.java:lambda$new$0(51)) - 5a152cad-2f68-44e1-8661-622a6e2403aa@group-CFA5962B69F1->99afa1ab-f70e-454d-b97f-b50504ecadc2: nextIndex: updateUnconditionally 0 -> 0
2019-10-02 11:22:57,225 [grpc-default-executor-16] WARN  server.GrpcLogAppender (LogUtils.java:warn(134)) - 5a152cad-2f68-44e1-8661-622a6e2403aa@group-33DDF701D157->255f5341-67af-48a5-9f0a-34079e58e4b3-AppendLogResponseHandler: Failed appendEntries: org.apache.ratis.thirdparty.io.grpc.StatusRuntimeException: UNAVAILABLE: io exception
2019-10-02 11:22:57,225 [grpc-default-executor-8] WARN  server.GrpcLogAppender (LogUtils.java:warn(134)) - 5a152cad-2f68-44e1-8661-622a6e2403aa@group-B42E39A6701C->255f5341-67af-48a5-9f0a-34079e58e4b3-AppendLogResponseHandler: Failed appendEntries: org.apache.ratis.thirdparty.io.grpc.StatusRuntimeException: UNAVAILABLE: io exception
2019-10-02 11:22:57,225 [grpc-default-executor-6] WARN  server.GrpcLogAppender (LogUtils.java:warn(134)) - 5a152cad-2f68-44e1-8661-622a6e2403aa@group-CFA5962B69F1->255f5341-67af-48a5-9f0a-34079e58e4b3-AppendLogResponseHandler: Failed appendEntries: org.apache.ratis.thirdparty.io.grpc.StatusRuntimeException: UNAVAILABLE: io exception
2019-10-02 11:22:57,225 [grpc-default-executor-8] INFO  impl.FollowerInfo (FollowerInfo.java:lambda$new$0(51)) - 5a152cad-2f68-44e1-8661-622a6e2403aa@group-B42E39A6701C->255f5341-67af-48a5-9f0a-34079e58e4b3: nextIndex: updateUnconditionally 0 -> 0
2019-10-02 11:22:57,225 [grpc-default-executor-16] INFO  impl.FollowerInfo (FollowerInfo.java:lambda$new$0(51)) - 5a152cad-2f68-44e1-8661-622a6e2403aa@group-33DDF701D157->255f5341-67af-48a5-9f0a-34079e58e4b3: nextIndex: updateUnconditionally 0 -> 0
2019-10-02 11:22:57,226 [grpc-default-executor-6] INFO  impl.FollowerInfo (FollowerInfo.java:lambda$new$0(51)) - 5a152cad-2f68-44e1-8661-622a6e2403aa@group-CFA5962B69F1->255f5341-67af-48a5-9f0a-34079e58e4b3: nextIndex: updateUnconditionally 0 -> 0
2019-10-02 11:22:57,670 [grpc-default-executor-1] WARN  server.GrpcLogAppender (LogUtils.java:warn(134)) - 5a152cad-2f68-44e1-8661-622a6e2403aa@group-33DDF701D157->99afa1ab-f70e-454d-b97f-b50504ecadc2-AppendLogResponseHandler: Failed appendEntries: org.apache.ratis.thirdparty.io.grpc.StatusRuntimeException: UNAVAILABLE: io exception
2019-10-02 11:22:57,670 [grpc-default-executor-8] WARN  server.GrpcLogAppender (LogUtils.java:warn(134)) - 5a152cad-2f68-44e1-8661-622a6e2403aa@group-CFA5962B69F1->99afa1ab-f70e-454d-b97f-b50504ecadc2-AppendLogResponseHandler: Failed appendEntries: org.apache.ratis.thirdparty.io.grpc.StatusRuntimeException: UNAVAILABLE: io exception
2019-10-02 11:22:57,670 [grpc-default-executor-4] WARN  server.GrpcLogAppender (LogUtils.java:warn(134)) - 5a152cad-2f68-44e1-8661-622a6e2403aa@group-B42E39A6701C->99afa1ab-f70e-454d-b97f-b50504ecadc2-AppendLogResponseHandler: Failed appendEntries: org.apache.ratis.thirdparty.io.grpc.StatusRuntimeException: UNAVAILABLE: io exception
2019-10-02 11:22:57,671 [grpc-default-executor-8] INFO  impl.FollowerInfo (FollowerInfo.java:lambda$new$0(51)) - 5a152cad-2f68-44e1-8661-622a6e2403aa@group-CFA5962B69F1->99afa1ab-f70e-454d-b97f-b50504ecadc2: nextIndex: updateUnconditionally 0 -> 0
2019-10-02 11:22:57,671 [grpc-default-executor-1] INFO  impl.FollowerInfo (FollowerInfo.java:lambda$new$0(51)) - 5a152cad-2f68-44e1-8661-622a6e2403aa@group-33DDF701D157->99afa1ab-f70e-454d-b97f-b50504ecadc2: nextIndex: updateUnconditionally 0 -> 0
2019-10-02 11:22:57,671 [grpc-default-executor-4] INFO  impl.FollowerInfo (FollowerInfo.java:lambda$new$0(51)) - 5a152cad-2f68-44e1-8661-622a6e2403aa@group-B42E39A6701C->99afa1ab-f70e-454d-b97f-b50504ecadc2: nextIndex: updateUnconditionally 0 -> 0
2019-10-02 11:22:57,725 [grpc-default-executor-16] WARN  server.GrpcLogAppender (LogUtils.java:warn(134)) - 5a152cad-2f68-44e1-8661-622a6e2403aa@group-CFA5962B69F1->255f5341-67af-48a5-9f0a-34079e58e4b3-AppendLogResponseHandler: Failed appendEntries: org.apache.ratis.thirdparty.io.grpc.StatusRuntimeException: UNAVAILABLE: io exception
2019-10-02 11:22:57,725 [grpc-default-executor-14] WARN  server.GrpcLogAppender (LogUtils.java:warn(134)) - 5a152cad-2f68-44e1-8661-622a6e2403aa@group-33DDF701D157->255f5341-67af-48a5-9f0a-34079e58e4b3-AppendLogResponseHandler: Failed appendEntries: org.apache.ratis.thirdparty.io.grpc.StatusRuntimeException: UNAVAILABLE: io exception
2019-10-02 11:22:57,725 [grpc-default-executor-6] WARN  server.GrpcLogAppender (LogUtils.java:warn(134)) - 5a152cad-2f68-44e1-8661-622a6e2403aa@group-B42E39A6701C->255f5341-67af-48a5-9f0a-34079e58e4b3-AppendLogResponseHandler: Failed appendEntries: org.apache.ratis.thirdparty.io.grpc.StatusRuntimeException: UNAVAILABLE: io exception
2019-10-02 11:22:57,725 [grpc-default-executor-14] INFO  impl.FollowerInfo (FollowerInfo.java:lambda$new$0(51)) - 5a152cad-2f68-44e1-8661-622a6e2403aa@group-33DDF701D157->255f5341-67af-48a5-9f0a-34079e58e4b3: nextIndex: updateUnconditionally 0 -> 0
2019-10-02 11:22:57,725 [grpc-default-executor-16] INFO  impl.FollowerInfo (FollowerInfo.java:lambda$new$0(51)) - 5a152cad-2f68-44e1-8661-622a6e2403aa@group-CFA5962B69F1->255f5341-67af-48a5-9f0a-34079e58e4b3: nextIndex: updateUnconditionally 0 -> 0
2019-10-02 11:22:57,726 [grpc-default-executor-6] INFO  impl.FollowerInfo (FollowerInfo.java:lambda$new$0(51)) - 5a152cad-2f68-44e1-8661-622a6e2403aa@group-B42E39A6701C->255f5341-67af-48a5-9f0a-34079e58e4b3: nextIndex: updateUnconditionally 0 -> 0
2019-10-02 11:22:58,173 [grpc-default-executor-1] WARN  server.GrpcLogAppender (LogUtils.java:warn(134)) - 5a152cad-2f68-44e1-8661-622a6e2403aa@group-CFA5962B69F1->99afa1ab-f70e-454d-b97f-b50504ecadc2-AppendLogResponseHandler: Failed appendEntries: org.apache.ratis.thirdparty.io.grpc.StatusRuntimeException: UNAVAILABLE: io exception
2019-10-02 11:22:58,173 [grpc-default-executor-8] WARN  server.GrpcLogAppender (LogUtils.java:warn(134)) - 5a152cad-2f68-44e1-8661-622a6e2403aa@group-B42E39A6701C->99afa1ab-f70e-454d-b97f-b50504ecadc2-AppendLogResponseHandler: Failed appendEntries: org.apache.ratis.thirdparty.io.grpc.StatusRuntimeException: UNAVAILABLE: io exception
2019-10-02 11:22:58,173 [grpc-default-executor-0] WARN  server.GrpcLogAppender (LogUtils.java:warn(134)) - 5a152cad-2f68-44e1-8661-622a6e2403aa@group-33DDF701D157->99afa1ab-f70e-454d-b97f-b50504ecadc2-AppendLogResponseHandler: Failed appendEntries: org.apache.ratis.thirdparty.io.grpc.StatusRuntimeException: UNAVAILABLE: io exception
2019-10-02 11:22:58,174 [grpc-default-executor-8] INFO  impl.FollowerInfo (FollowerInfo.java:lambda$new$0(51)) - 5a152cad-2f68-44e1-8661-622a6e2403aa@group-B42E39A6701C->99afa1ab-f70e-454d-b97f-b50504ecadc2: nextIndex: updateUnconditionally 0 -> 0
2019-10-02 11:22:58,174 [grpc-default-executor-1] INFO  impl.FollowerInfo (FollowerInfo.java:lambda$new$0(51)) - 5a152cad-2f68-44e1-8661-622a6e2403aa@group-CFA5962B69F1->99afa1ab-f70e-454d-b97f-b50504ecadc2: nextIndex: updateUnconditionally 0 -> 0
2019-10-02 11:22:58,174 [grpc-default-executor-0] INFO  impl.FollowerInfo (FollowerInfo.java:lambda$new$0(51)) - 5a152cad-2f68-44e1-8661-622a6e2403aa@group-33DDF701D157->99afa1ab-f70e-454d-b97f-b50504ecadc2: nextIndex: updateUnconditionally 0 -> 0
2019-10-02 11:22:58,226 [grpc-default-executor-1] WARN  server.GrpcLogAppender (LogUtils.java:warn(134)) - 5a152cad-2f68-44e1-8661-622a6e2403aa@group-B42E39A6701C->255f5341-67af-48a5-9f0a-34079e58e4b3-AppendLogResponseHandler: Failed appendEntries: org.apache.ratis.thirdparty.io.grpc.StatusRuntimeException: UNAVAILABLE: io exception
2019-10-02 11:22:58,226 [grpc-default-executor-16] WARN  server.GrpcLogAppender (LogUtils.java:warn(134)) - 5a152cad-2f68-44e1-8661-622a6e2403aa@group-33DDF701D157->255f5341-67af-48a5-9f0a-34079e58e4b3-AppendLogResponseHandler: Failed appendEntries: org.apache.ratis.thirdparty.io.grpc.StatusRuntimeException: UNAVAILABLE: io exception
2019-10-02 11:22:58,226 [grpc-default-executor-1] INFO  impl.FollowerInfo (FollowerInfo.java:lambda$new$0(51)) - 5a152cad-2f68-44e1-8661-622a6e2403aa@group-B42E39A6701C->255f5341-67af-48a5-9f0a-34079e58e4b3: nextIndex: updateUnconditionally 0 -> 0
2019-10-02 11:22:58,226 [grpc-default-executor-14] WARN  server.GrpcLogAppender (LogUtils.java:warn(134)) - 5a152cad-2f68-44e1-8661-622a6e2403aa@group-CFA5962B69F1->255f5341-67af-48a5-9f0a-34079e58e4b3-AppendLogResponseHandler: Failed appendEntries: org.apache.ratis.thirdparty.io.grpc.StatusRuntimeException: UNAVAILABLE: io exception
2019-10-02 11:22:58,226 [grpc-default-executor-16] INFO  impl.FollowerInfo (FollowerInfo.java:lambda$new$0(51)) - 5a152cad-2f68-44e1-8661-622a6e2403aa@group-33DDF701D157->255f5341-67af-48a5-9f0a-34079e58e4b3: nextIndex: updateUnconditionally 0 -> 0
2019-10-02 11:22:58,227 [grpc-default-executor-14] INFO  impl.FollowerInfo (FollowerInfo.java:lambda$new$0(51)) - 5a152cad-2f68-44e1-8661-622a6e2403aa@group-CFA5962B69F1->255f5341-67af-48a5-9f0a-34079e58e4b3: nextIndex: updateUnconditionally 0 -> 0
2019-10-02 11:22:58,236 [grpc-default-executor-14] INFO  impl.RaftServerProxy (RaftServerProxy.java:remove(95)) - c5209792-15f6-46a4-8128-2e7c6fbeb642: remove group-FC2D5FD9454F:java.util.concurrent.CompletableFuture@73657ef[Not completed, 1 dependents]
2019-10-02 11:22:58,672 [grpc-default-executor-0] WARN  server.GrpcLogAppender (LogUtils.java:warn(134)) - 5a152cad-2f68-44e1-8661-622a6e2403aa@group-33DDF701D157->99afa1ab-f70e-454d-b97f-b50504ecadc2-AppendLogResponseHandler: Failed appendEntries: org.apache.ratis.thirdparty.io.grpc.StatusRuntimeException: UNAVAILABLE: io exception
2019-10-02 11:22:58,672 [grpc-default-executor-4] WARN  server.GrpcLogAppender (LogUtils.java:warn(134)) - 5a152cad-2f68-44e1-8661-622a6e2403aa@group-CFA5962B69F1->99afa1ab-f70e-454d-b97f-b50504ecadc2-AppendLogResponseHandler: Failed appendEntries: org.apache.ratis.thirdparty.io.grpc.StatusRuntimeException: UNAVAILABLE: io exception
2019-10-02 11:22:58,673 [grpc-default-executor-0] INFO  impl.FollowerInfo (FollowerInfo.java:lambda$new$0(51)) - 5a152cad-2f68-44e1-8661-622a6e2403aa@group-33DDF701D157->99afa1ab-f70e-454d-b97f-b50504ecadc2: nextIndex: updateUnconditionally 0 -> 0
2019-10-02 11:22:58,672 [grpc-default-executor-6] WARN  server.GrpcLogAppender (LogUtils.java:warn(134)) - 5a152cad-2f68-44e1-8661-622a6e2403aa@group-B42E39A6701C->99afa1ab-f70e-454d-b97f-b50504ecadc2-AppendLogResponseHandler: Failed appendEntries: org.apache.ratis.thirdparty.io.grpc.StatusRuntimeException: UNAVAILABLE: io exception
2019-10-02 11:22:58,673 [grpc-default-executor-4] INFO  impl.FollowerInfo (FollowerInfo.java:lambda$new$0(51)) - 5a152cad-2f68-44e1-8661-622a6e2403aa@group-CFA5962B69F1->99afa1ab-f70e-454d-b97f-b50504ecadc2: nextIndex: updateUnconditionally 0 -> 0
2019-10-02 11:22:58,673 [grpc-default-executor-6] INFO  impl.FollowerInfo (FollowerInfo.java:lambda$new$0(51)) - 5a152cad-2f68-44e1-8661-622a6e2403aa@group-B42E39A6701C->99afa1ab-f70e-454d-b97f-b50504ecadc2: nextIndex: updateUnconditionally 0 -> 0
2019-10-02 11:22:58,726 [grpc-default-executor-14] WARN  server.GrpcLogAppender (LogUtils.java:warn(134)) - 5a152cad-2f68-44e1-8661-622a6e2403aa@group-B42E39A6701C->255f5341-67af-48a5-9f0a-34079e58e4b3-AppendLogResponseHandler: Failed appendEntries: org.apache.ratis.thirdparty.io.grpc.StatusRuntimeException: UNAVAILABLE: io exception
2019-10-02 11:22:58,726 [grpc-default-executor-4] WARN  server.GrpcLogAppender (LogUtils.java:warn(134)) - 5a152cad-2f68-44e1-8661-622a6e2403aa@group-33DDF701D157->255f5341-67af-48a5-9f0a-34079e58e4b3-AppendLogResponseHandler: Failed appendEntries: org.apache.ratis.thirdparty.io.grpc.StatusRuntimeException: UNAVAILABLE: io exception
2019-10-02 11:22:58,726 [grpc-default-executor-0] WARN  server.GrpcLogAppender (LogUtils.java:warn(134)) - 5a152cad-2f68-44e1-8661-622a6e2403aa@group-CFA5962B69F1->255f5341-67af-48a5-9f0a-34079e58e4b3-AppendLogResponseHandler: Failed appendEntries: org.apache.ratis.thirdparty.io.grpc.StatusRuntimeException: UNAVAILABLE: io exception
2019-10-02 11:22:58,726 [grpc-default-executor-4] INFO  impl.FollowerInfo (FollowerInfo.java:lambda$new$0(51)) - 5a152cad-2f68-44e1-8661-622a6e2403aa@group-33DDF701D157->255f5341-67af-48a5-9f0a-34079e58e4b3: nextIndex: updateUnconditionally 0 -> 0
2019-10-02 11:22:58,726 [grpc-default-executor-14] INFO  impl.FollowerInfo (FollowerInfo.java:lambda$new$0(51)) - 5a152cad-2f68-44e1-8661-622a6e2403aa@group-B42E39A6701C->255f5341-67af-48a5-9f0a-34079e58e4b3: nextIndex: updateUnconditionally 0 -> 0
2019-10-02 11:22:58,727 [grpc-default-executor-0] INFO  impl.FollowerInfo (FollowerInfo.java:lambda$new$0(51)) - 5a152cad-2f68-44e1-8661-622a6e2403aa@group-CFA5962B69F1->255f5341-67af-48a5-9f0a-34079e58e4b3: nextIndex: updateUnconditionally 0 -> 0
2019-10-02 11:22:59,175 [grpc-default-executor-1] WARN  server.GrpcLogAppender (LogUtils.java:warn(134)) - 5a152cad-2f68-44e1-8661-622a6e2403aa@group-B42E39A6701C->99afa1ab-f70e-454d-b97f-b50504ecadc2-AppendLogResponseHandler: Failed appendEntries: org.apache.ratis.thirdparty.io.grpc.StatusRuntimeException: UNAVAILABLE: io exception
2019-10-02 11:22:59,175 [grpc-default-executor-8] WARN  server.GrpcLogAppender (LogUtils.java:warn(134)) - 5a152cad-2f68-44e1-8661-622a6e2403aa@group-CFA5962B69F1->99afa1ab-f70e-454d-b97f-b50504ecadc2-AppendLogResponseHandler: Failed appendEntries: org.apache.ratis.thirdparty.io.grpc.StatusRuntimeException: UNAVAILABLE: io exception
2019-10-02 11:22:59,175 [grpc-default-executor-6] WARN  server.GrpcLogAppender (LogUtils.java:warn(134)) - 5a152cad-2f68-44e1-8661-622a6e2403aa@group-33DDF701D157->99afa1ab-f70e-454d-b97f-b50504ecadc2-AppendLogResponseHandler: Failed appendEntries: org.apache.ratis.thirdparty.io.grpc.StatusRuntimeException: UNAVAILABLE: io exception
2019-10-02 11:22:59,175 [grpc-default-executor-8] INFO  impl.FollowerInfo (FollowerInfo.java:lambda$new$0(51)) - 5a152cad-2f68-44e1-8661-622a6e2403aa@group-CFA5962B69F1->99afa1ab-f70e-454d-b97f-b50504ecadc2: nextIndex: updateUnconditionally 0 -> 0
2019-10-02 11:22:59,175 [grpc-default-executor-1] INFO  impl.FollowerInfo (FollowerInfo.java:lambda$new$0(51)) - 5a152cad-2f68-44e1-8661-622a6e2403aa@group-B42E39A6701C->99afa1ab-f70e-454d-b97f-b50504ecadc2: nextIndex: updateUnconditionally 0 -> 0
2019-10-02 11:22:59,175 [grpc-default-executor-6] INFO  impl.FollowerInfo (FollowerInfo.java:lambda$new$0(51)) - 5a152cad-2f68-44e1-8661-622a6e2403aa@group-33DDF701D157->99afa1ab-f70e-454d-b97f-b50504ecadc2: nextIndex: updateUnconditionally 0 -> 0
2019-10-02 11:22:59,227 [grpc-default-executor-1] WARN  server.GrpcLogAppender (LogUtils.java:warn(134)) - 5a152cad-2f68-44e1-8661-622a6e2403aa@group-33DDF701D157->255f5341-67af-48a5-9f0a-34079e58e4b3-AppendLogResponseHandler: Failed appendEntries: org.apache.ratis.thirdparty.io.grpc.StatusRuntimeException: UNAVAILABLE: io exception
2019-10-02 11:22:59,227 [grpc-default-executor-4] WARN  server.GrpcLogAppender (LogUtils.java:warn(134)) - 5a152cad-2f68-44e1-8661-622a6e2403aa@group-CFA5962B69F1->255f5341-67af-48a5-9f0a-34079e58e4b3-AppendLogResponseHandler: Failed appendEntries: org.apache.ratis.thirdparty.io.grpc.StatusRuntimeException: UNAVAILABLE: io exception
2019-10-02 11:22:59,227 [grpc-default-executor-0] WARN  server.GrpcLogAppender (LogUtils.java:warn(134)) - 5a152cad-2f68-44e1-8661-622a6e2403aa@group-B42E39A6701C->255f5341-67af-48a5-9f0a-34079e58e4b3-AppendLogResponseHandler: Failed appendEntries: org.apache.ratis.thirdparty.io.grpc.StatusRuntimeException: UNAVAILABLE: io exception
2019-10-02 11:22:59,227 [grpc-default-executor-4] INFO  impl.FollowerInfo (FollowerInfo.java:lambda$new$0(51)) - 5a152cad-2f68-44e1-8661-622a6e2403aa@group-CFA5962B69F1->255f5341-67af-48a5-9f0a-34079e58e4b3: nextIndex: updateUnconditionally 0 -> 0
2019-10-02 11:22:59,227 [grpc-default-executor-1] INFO  impl.FollowerInfo (FollowerInfo.java:lambda$new$0(51)) - 5a152cad-2f68-44e1-8661-622a6e2403aa@group-33DDF701D157->255f5341-67af-48a5-9f0a-34079e58e4b3: nextIndex: updateUnconditionally 0 -> 0
2019-10-02 11:22:59,227 [grpc-default-executor-0] INFO  impl.FollowerInfo (FollowerInfo.java:lambda$new$0(51)) - 5a152cad-2f68-44e1-8661-622a6e2403aa@group-B42E39A6701C->255f5341-67af-48a5-9f0a-34079e58e4b3: nextIndex: updateUnconditionally 0 -> 0
2019-10-02 11:22:59,674 [grpc-default-executor-14] WARN  server.GrpcLogAppender (LogUtils.java:warn(134)) - 5a152cad-2f68-44e1-8661-622a6e2403aa@group-33DDF701D157->99afa1ab-f70e-454d-b97f-b50504ecadc2-AppendLogResponseHandler: Failed appendEntries: org.apache.ratis.thirdparty.io.grpc.StatusRuntimeException: UNAVAILABLE: io exception
2019-10-02 11:22:59,674 [grpc-default-executor-0] WARN  server.GrpcLogAppender (LogUtils.java:warn(134)) - 5a152cad-2f68-44e1-8661-622a6e2403aa@group-B42E39A6701C->99afa1ab-f70e-454d-b97f-b50504ecadc2-AppendLogResponseHandler: Failed appendEntries: org.apache.ratis.thirdparty.io.grpc.StatusRuntimeException: UNAVAILABLE: io exception
2019-10-02 11:22:59,675 [grpc-default-executor-14] INFO  impl.FollowerInfo (FollowerInfo.java:lambda$new$0(51)) - 5a152cad-2f68-44e1-8661-622a6e2403aa@group-33DDF701D157->99afa1ab-f70e-454d-b97f-b50504ecadc2: nextIndex: updateUnconditionally 0 -> 0
2019-10-02 11:22:59,674 [grpc-default-executor-1] WARN  server.GrpcLogAppender (LogUtils.java:warn(134)) - 5a152cad-2f68-44e1-8661-622a6e2403aa@group-CFA5962B69F1->99afa1ab-f70e-454d-b97f-b50504ecadc2-AppendLogResponseHandler: Failed appendEntries: org.apache.ratis.thirdparty.io.grpc.StatusRuntimeException: UNAVAILABLE: io exception
2019-10-02 11:22:59,675 [grpc-default-executor-0] INFO  impl.FollowerInfo (FollowerInfo.java:lambda$new$0(51)) - 5a152cad-2f68-44e1-8661-622a6e2403aa@group-B42E39A6701C->99afa1ab-f70e-454d-b97f-b50504ecadc2: nextIndex: updateUnconditionally 0 -> 0
2019-10-02 11:22:59,675 [grpc-default-executor-1] INFO  impl.FollowerInfo (FollowerInfo.java:lambda$new$0(51)) - 5a152cad-2f68-44e1-8661-622a6e2403aa@group-CFA5962B69F1->99afa1ab-f70e-454d-b97f-b50504ecadc2: nextIndex: updateUnconditionally 0 -> 0
2019-10-02 11:22:59,727 [grpc-default-executor-1] WARN  server.GrpcLogAppender (LogUtils.java:warn(134)) - 5a152cad-2f68-44e1-8661-622a6e2403aa@group-B42E39A6701C->255f5341-67af-48a5-9f0a-34079e58e4b3-AppendLogResponseHandler: Failed appendEntries: org.apache.ratis.thirdparty.io.grpc.StatusRuntimeException: UNAVAILABLE: io exception
2019-10-02 11:22:59,727 [grpc-default-executor-8] WARN  server.GrpcLogAppender (LogUtils.java:warn(134)) - 5a152cad-2f68-44e1-8661-622a6e2403aa@group-33DDF701D157->255f5341-67af-48a5-9f0a-34079e58e4b3-AppendLogResponseHandler: Failed appendEntries: org.apache.ratis.thirdparty.io.grpc.StatusRuntimeException: UNAVAILABLE: io exception
2019-10-02 11:22:59,727 [grpc-default-executor-6] WARN  server.GrpcLogAppender (LogUtils.java:warn(134)) - 5a152cad-2f68-44e1-8661-622a6e2403aa@group-CFA5962B69F1->255f5341-67af-48a5-9f0a-34079e58e4b3-AppendLogResponseHandler: Failed appendEntries: org.apache.ratis.thirdparty.io.grpc.StatusRuntimeException: UNAVAILABLE: io exception
2019-10-02 11:22:59,727 [grpc-default-executor-8] INFO  impl.FollowerInfo (FollowerInfo.java:lambda$new$0(51)) - 5a152cad-2f68-44e1-8661-622a6e2403aa@group-33DDF701D157->255f5341-67af-48a5-9f0a-34079e58e4b3: nextIndex: updateUnconditionally 0 -> 0
2019-10-02 11:22:59,727 [grpc-default-executor-1] INFO  impl.FollowerInfo (FollowerInfo.java:lambda$new$0(51)) - 5a152cad-2f68-44e1-8661-622a6e2403aa@group-B42E39A6701C->255f5341-67af-48a5-9f0a-34079e58e4b3: nextIndex: updateUnconditionally 0 -> 0
2019-10-02 11:22:59,727 [grpc-default-executor-6] INFO  impl.FollowerInfo (FollowerInfo.java:lambda$new$0(51)) - 5a152cad-2f68-44e1-8661-622a6e2403aa@group-CFA5962B69F1->255f5341-67af-48a5-9f0a-34079e58e4b3: nextIndex: updateUnconditionally 0 -> 0
2019-10-02 11:23:00,175 [grpc-default-executor-6] WARN  server.GrpcLogAppender (LogUtils.java:warn(134)) - 5a152cad-2f68-44e1-8661-622a6e2403aa@group-CFA5962B69F1->99afa1ab-f70e-454d-b97f-b50504ecadc2-AppendLogResponseHandler: Failed appendEntries: org.apache.ratis.thirdparty.io.grpc.StatusRuntimeException: UNAVAILABLE: io exception
2019-10-02 11:23:00,175 [grpc-default-executor-4] WARN  server.GrpcLogAppender (LogUtils.java:warn(134)) - 5a152cad-2f68-44e1-8661-622a6e2403aa@group-33DDF701D157->99afa1ab-f70e-454d-b97f-b50504ecadc2-AppendLogResponseHandler: Failed appendEntries: org.apache.ratis.thirdparty.io.grpc.StatusRuntimeException: UNAVAILABLE: io exception
2019-10-02 11:23:00,175 [grpc-default-executor-8] WARN  server.GrpcLogAppender (LogUtils.java:warn(134)) - 5a152cad-2f68-44e1-8661-622a6e2403aa@group-B42E39A6701C->99afa1ab-f70e-454d-b97f-b50504ecadc2-AppendLogResponseHandler: Failed appendEntries: org.apache.ratis.thirdparty.io.grpc.StatusRuntimeException: UNAVAILABLE: io exception
2019-10-02 11:23:00,176 [grpc-default-executor-4] INFO  impl.FollowerInfo (FollowerInfo.java:lambda$new$0(51)) - 5a152cad-2f68-44e1-8661-622a6e2403aa@group-33DDF701D157->99afa1ab-f70e-454d-b97f-b50504ecadc2: nextIndex: updateUnconditionally 0 -> 0
2019-10-02 11:23:00,176 [grpc-default-executor-6] INFO  impl.FollowerInfo (FollowerInfo.java:lambda$new$0(51)) - 5a152cad-2f68-44e1-8661-622a6e2403aa@group-CFA5962B69F1->99afa1ab-f70e-454d-b97f-b50504ecadc2: nextIndex: updateUnconditionally 0 -> 0
2019-10-02 11:23:00,176 [grpc-default-executor-8] INFO  impl.FollowerInfo (FollowerInfo.java:lambda$new$0(51)) - 5a152cad-2f68-44e1-8661-622a6e2403aa@group-B42E39A6701C->99afa1ab-f70e-454d-b97f-b50504ecadc2: nextIndex: updateUnconditionally 0 -> 0
2019-10-02 11:23:00,228 [grpc-default-executor-6] WARN  server.GrpcLogAppender (LogUtils.java:warn(134)) - 5a152cad-2f68-44e1-8661-622a6e2403aa@group-B42E39A6701C->255f5341-67af-48a5-9f0a-34079e58e4b3-AppendLogResponseHandler: Failed appendEntries: org.apache.ratis.thirdparty.io.grpc.StatusRuntimeException: UNAVAILABLE: io exception
2019-10-02 11:23:00,228 [grpc-default-executor-4] WARN  server.GrpcLogAppender (LogUtils.java:warn(134)) - 5a152cad-2f68-44e1-8661-622a6e2403aa@group-CFA5962B69F1->255f5341-67af-48a5-9f0a-34079e58e4b3-AppendLogResponseHandler: Failed appendEntries: org.apache.ratis.thirdparty.io.grpc.StatusRuntimeException: UNAVAILABLE: io exception
2019-10-02 11:23:00,228 [grpc-default-executor-1] WARN  server.GrpcLogAppender (LogUtils.java:warn(134)) - 5a152cad-2f68-44e1-8661-622a6e2403aa@group-33DDF701D157->255f5341-67af-48a5-9f0a-34079e58e4b3-AppendLogResponseHandler: Failed appendEntries: org.apache.ratis.thirdparty.io.grpc.StatusRuntimeException: UNAVAILABLE: io exception
2019-10-02 11:23:00,228 [grpc-default-executor-4] INFO  impl.FollowerInfo (FollowerInfo.java:lambda$new$0(51)) - 5a152cad-2f68-44e1-8661-622a6e2403aa@group-CFA5962B69F1->255f5341-67af-48a5-9f0a-34079e58e4b3: nextIndex: updateUnconditionally 0 -> 0
2019-10-02 11:23:00,228 [grpc-default-executor-6] INFO  impl.FollowerInfo (FollowerInfo.java:lambda$new$0(51)) - 5a152cad-2f68-44e1-8661-622a6e2403aa@group-B42E39A6701C->255f5341-67af-48a5-9f0a-34079e58e4b3: nextIndex: updateUnconditionally 0 -> 0
2019-10-02 11:23:00,229 [grpc-default-executor-1] INFO  impl.FollowerInfo (FollowerInfo.java:lambda$new$0(51)) - 5a152cad-2f68-44e1-8661-622a6e2403aa@group-33DDF701D157->255f5341-67af-48a5-9f0a-34079e58e4b3: nextIndex: updateUnconditionally 0 -> 0
2019-10-02 11:23:00,676 [grpc-default-executor-6] WARN  server.GrpcLogAppender (LogUtils.java:warn(134)) - 5a152cad-2f68-44e1-8661-622a6e2403aa@group-B42E39A6701C->99afa1ab-f70e-454d-b97f-b50504ecadc2-AppendLogResponseHandler: Failed appendEntries: org.apache.ratis.thirdparty.io.grpc.StatusRuntimeException: UNAVAILABLE: io exception
2019-10-02 11:23:00,676 [grpc-default-executor-14] WARN  server.GrpcLogAppender (LogUtils.java:warn(134)) - 5a152cad-2f68-44e1-8661-622a6e2403aa@group-CFA5962B69F1->99afa1ab-f70e-454d-b97f-b50504ecadc2-AppendLogResponseHandler: Failed appendEntries: org.apache.ratis.thirdparty.io.grpc.StatusRuntimeException: UNAVAILABLE: io exception
2019-10-02 11:23:00,676 [grpc-default-executor-4] WARN  server.GrpcLogAppender (LogUtils.java:warn(134)) - 5a152cad-2f68-44e1-8661-622a6e2403aa@group-33DDF701D157->99afa1ab-f70e-454d-b97f-b50504ecadc2-AppendLogResponseHandler: Failed appendEntries: org.apache.ratis.thirdparty.io.grpc.StatusRuntimeException: UNAVAILABLE: io exception
2019-10-02 11:23:00,676 [grpc-default-executor-14] INFO  impl.FollowerInfo (FollowerInfo.java:lambda$new$0(51)) - 5a152cad-2f68-44e1-8661-622a6e2403aa@group-CFA5962B69F1->99afa1ab-f70e-454d-b97f-b50504ecadc2: nextIndex: updateUnconditionally 0 -> 0
2019-10-02 11:23:00,676 [grpc-default-executor-6] INFO  impl.FollowerInfo (FollowerInfo.java:lambda$new$0(51)) - 5a152cad-2f68-44e1-8661-622a6e2403aa@group-B42E39A6701C->99afa1ab-f70e-454d-b97f-b50504ecadc2: nextIndex: updateUnconditionally 0 -> 0
2019-10-02 11:23:00,677 [grpc-default-executor-4] INFO  impl.FollowerInfo (FollowerInfo.java:lambda$new$0(51)) - 5a152cad-2f68-44e1-8661-622a6e2403aa@group-33DDF701D157->99afa1ab-f70e-454d-b97f-b50504ecadc2: nextIndex: updateUnconditionally 0 -> 0
2019-10-02 11:23:00,729 [grpc-default-executor-6] WARN  server.GrpcLogAppender (LogUtils.java:warn(134)) - 5a152cad-2f68-44e1-8661-622a6e2403aa@group-33DDF701D157->255f5341-67af-48a5-9f0a-34079e58e4b3-AppendLogResponseHandler: Failed appendEntries: org.apache.ratis.thirdparty.io.grpc.StatusRuntimeException: UNAVAILABLE: io exception
2019-10-02 11:23:00,729 [grpc-default-executor-0] WARN  server.GrpcLogAppender (LogUtils.java:warn(134)) - 5a152cad-2f68-44e1-8661-622a6e2403aa@group-B42E39A6701C->255f5341-67af-48a5-9f0a-34079e58e4b3-AppendLogResponseHandler: Failed appendEntries: org.apache.ratis.thirdparty.io.grpc.StatusRuntimeException: UNAVAILABLE: io exception
2019-10-02 11:23:00,729 [grpc-default-executor-8] WARN  server.GrpcLogAppender (LogUtils.java:warn(134)) - 5a152cad-2f68-44e1-8661-622a6e2403aa@group-CFA5962B69F1->255f5341-67af-48a5-9f0a-34079e58e4b3-AppendLogResponseHandler: Failed appendEntries: org.apache.ratis.thirdparty.io.grpc.StatusRuntimeException: UNAVAILABLE: io exception
2019-10-02 11:23:00,729 [grpc-default-executor-0] INFO  impl.FollowerInfo (FollowerInfo.java:lambda$new$0(51)) - 5a152cad-2f68-44e1-8661-622a6e2403aa@group-B42E39A6701C->255f5341-67af-48a5-9f0a-34079e58e4b3: nextIndex: updateUnconditionally 0 -> 0
2019-10-02 11:23:00,729 [grpc-default-executor-6] INFO  impl.FollowerInfo (FollowerInfo.java:lambda$new$0(51)) - 5a152cad-2f68-44e1-8661-622a6e2403aa@group-33DDF701D157->255f5341-67af-48a5-9f0a-34079e58e4b3: nextIndex: updateUnconditionally 0 -> 0
2019-10-02 11:23:00,729 [grpc-default-executor-8] INFO  impl.FollowerInfo (FollowerInfo.java:lambda$new$0(51)) - 5a152cad-2f68-44e1-8661-622a6e2403aa@group-CFA5962B69F1->255f5341-67af-48a5-9f0a-34079e58e4b3: nextIndex: updateUnconditionally 0 -> 0
2019-10-02 11:23:01,178 [grpc-default-executor-6] WARN  server.GrpcLogAppender (LogUtils.java:warn(134)) - 5a152cad-2f68-44e1-8661-622a6e2403aa@group-33DDF701D157->99afa1ab-f70e-454d-b97f-b50504ecadc2-AppendLogResponseHandler: Failed appendEntries: org.apache.ratis.thirdparty.io.grpc.StatusRuntimeException: UNAVAILABLE: io exception
2019-10-02 11:23:01,178 [grpc-default-executor-1] WARN  server.GrpcLogAppender (LogUtils.java:warn(134)) - 5a152cad-2f68-44e1-8661-622a6e2403aa@group-CFA5962B69F1->99afa1ab-f70e-454d-b97f-b50504ecadc2-AppendLogResponseHandler: Failed appendEntries: org.apache.ratis.thirdparty.io.grpc.StatusRuntimeException: UNAVAILABLE: io exception
2019-10-02 11:23:01,179 [grpc-default-executor-6] INFO  impl.FollowerInfo (FollowerInfo.java:lambda$new$0(51)) - 5a152cad-2f68-44e1-8661-622a6e2403aa@group-33DDF701D157->99afa1ab-f70e-454d-b97f-b50504ecadc2: nextIndex: updateUnconditionally 0 -> 0
2019-10-02 11:23:01,178 [grpc-default-executor-14] WARN  server.GrpcLogAppender (LogUtils.java:warn(134)) - 5a152cad-2f68-44e1-8661-622a6e2403aa@group-B42E39A6701C->99afa1ab-f70e-454d-b97f-b50504ecadc2-AppendLogResponseHandler: Failed appendEntries: org.apache.ratis.thirdparty.io.grpc.StatusRuntimeException: UNAVAILABLE: io exception
2019-10-02 11:23:01,179 [grpc-default-executor-1] INFO  impl.FollowerInfo (FollowerInfo.java:lambda$new$0(51)) - 5a152cad-2f68-44e1-8661-622a6e2403aa@group-CFA5962B69F1->99afa1ab-f70e-454d-b97f-b50504ecadc2: nextIndex: updateUnconditionally 0 -> 0
2019-10-02 11:23:01,179 [grpc-default-executor-14] INFO  impl.FollowerInfo (FollowerInfo.java:lambda$new$0(51)) - 5a152cad-2f68-44e1-8661-622a6e2403aa@group-B42E39A6701C->99afa1ab-f70e-454d-b97f-b50504ecadc2: nextIndex: updateUnconditionally 0 -> 0
2019-10-02 11:23:01,229 [grpc-default-executor-4] WARN  server.GrpcLogAppender (LogUtils.java:warn(134)) - 5a152cad-2f68-44e1-8661-622a6e2403aa@group-CFA5962B69F1->255f5341-67af-48a5-9f0a-34079e58e4b3-AppendLogResponseHandler: Failed appendEntries: org.apache.ratis.thirdparty.io.grpc.StatusRuntimeException: UNAVAILABLE: io exception
2019-10-02 11:23:01,236 [grpc-default-executor-14] WARN  server.GrpcLogAppender (LogUtils.java:warn(134)) - 5a152cad-2f68-44e1-8661-622a6e2403aa@group-B42E39A6701C->255f5341-67af-48a5-9f0a-34079e58e4b3-AppendLogResponseHandler: Failed appendEntries: org.apache.ratis.thirdparty.io.grpc.StatusRuntimeException: UNAVAILABLE: io exception
2019-10-02 11:23:01,229 [grpc-default-executor-6] WARN  server.GrpcLogAppender (LogUtils.java:warn(134)) - 5a152cad-2f68-44e1-8661-622a6e2403aa@group-33DDF701D157->255f5341-67af-48a5-9f0a-34079e58e4b3-AppendLogResponseHandler: Failed appendEntries: org.apache.ratis.thirdparty.io.grpc.StatusRuntimeException: UNAVAILABLE: io exception
2019-10-02 11:23:01,237 [grpc-default-executor-14] INFO  impl.FollowerInfo (FollowerInfo.java:lambda$new$0(51)) - 5a152cad-2f68-44e1-8661-622a6e2403aa@group-B42E39A6701C->255f5341-67af-48a5-9f0a-34079e58e4b3: nextIndex: updateUnconditionally 0 -> 0
2019-10-02 11:23:01,237 [grpc-default-executor-4] INFO  impl.FollowerInfo (FollowerInfo.java:lambda$new$0(51)) - 5a152cad-2f68-44e1-8661-622a6e2403aa@group-CFA5962B69F1->255f5341-67af-48a5-9f0a-34079e58e4b3: nextIndex: updateUnconditionally 0 -> 0
2019-10-02 11:23:01,237 [grpc-default-executor-6] INFO  impl.FollowerInfo (FollowerInfo.java:lambda$new$0(51)) - 5a152cad-2f68-44e1-8661-622a6e2403aa@group-33DDF701D157->255f5341-67af-48a5-9f0a-34079e58e4b3: nextIndex: updateUnconditionally 0 -> 0
2019-10-02 11:23:01,238 [EventQueue-PipelineReportForPipelineReportHandler] ERROR pipeline.PipelineReportHandler (PipelineReportHandler.java:onMessage(82)) - Could not process pipeline report=pipelineID {
  id: "d17f1eb3-6a3b-42c1-a22a-fc2d5fd9454f"
}
 from dn=c5209792-15f6-46a4-8128-2e7c6fbeb642{ip: 192.168.151.122, host: pr-hdds-2199-dnstouuidmap-nxzb2-26233584, networkLocation: /rack1, certSerialId: null} {}
org.apache.ratis.protocol.TimeoutIOException: deadline exceeded after 2999738503ns
	at org.apache.ratis.grpc.GrpcUtil.tryUnwrapException(GrpcUtil.java:82)
	at org.apache.ratis.grpc.GrpcUtil.unwrapException(GrpcUtil.java:75)
	at org.apache.ratis.grpc.client.GrpcClientProtocolClient.blockingCall(GrpcClientProtocolClient.java:184)
	at org.apache.ratis.grpc.client.GrpcClientProtocolClient.groupAdd(GrpcClientProtocolClient.java:153)
	at org.apache.ratis.grpc.client.GrpcClientRpc.sendRequest(GrpcClientRpc.java:94)
	at org.apache.ratis.client.impl.RaftClientImpl.sendRequest(RaftClientImpl.java:278)
	at org.apache.ratis.client.impl.RaftClientImpl.groupRemove(RaftClientImpl.java:215)
	at org.apache.hadoop.hdds.scm.pipeline.RatisPipelineUtils.destroyPipeline(RatisPipelineUtils.java:97)
	at org.apache.hadoop.hdds.scm.pipeline.PipelineReportHandler.processPipelineReport(PipelineReportHandler.java:100)
	at org.apache.hadoop.hdds.scm.pipeline.PipelineReportHandler.onMessage(PipelineReportHandler.java:80)
	at org.apache.hadoop.hdds.scm.pipeline.PipelineReportHandler.onMessage(PipelineReportHandler.java:44)
	at org.apache.hadoop.hdds.server.events.SingleThreadExecutor.lambda$onMessage$1(SingleThreadExecutor.java:85)
	at java.util.concurrent.ThreadPoolExecutor.runWorker(ThreadPoolExecutor.java:1149)
	at java.util.concurrent.ThreadPoolExecutor$Worker.run(ThreadPoolExecutor.java:624)
	at java.lang.Thread.run(Thread.java:748)
Caused by: org.apache.ratis.thirdparty.io.grpc.StatusRuntimeException: DEADLINE_EXCEEDED: deadline exceeded after 2999738503ns
	at org.apache.ratis.thirdparty.io.grpc.stub.ClientCalls.toStatusRuntimeException(ClientCalls.java:233)
	at org.apache.ratis.thirdparty.io.grpc.stub.ClientCalls.getUnchecked(ClientCalls.java:214)
	at org.apache.ratis.thirdparty.io.grpc.stub.ClientCalls.blockingUnaryCall(ClientCalls.java:139)
	at org.apache.ratis.proto.grpc.AdminProtocolServiceGrpc$AdminProtocolServiceBlockingStub.groupManagement(AdminProtocolServiceGrpc.java:274)
	at org.apache.ratis.grpc.client.GrpcClientProtocolClient.lambda$groupAdd$3(GrpcClientProtocolClient.java:155)
	at org.apache.ratis.grpc.client.GrpcClientProtocolClient.blockingCall(GrpcClientProtocolClient.java:182)
	... 12 more
2019-10-02 11:23:01,679 [grpc-default-executor-6] WARN  server.GrpcLogAppender (LogUtils.java:warn(134)) - 5a152cad-2f68-44e1-8661-622a6e2403aa@group-33DDF701D157->99afa1ab-f70e-454d-b97f-b50504ecadc2-AppendLogResponseHandler: Failed appendEntries: org.apache.ratis.thirdparty.io.grpc.StatusRuntimeException: UNAVAILABLE: io exception
2019-10-02 11:23:01,679 [grpc-default-executor-1] WARN  server.GrpcLogAppender (LogUtils.java:warn(134)) - 5a152cad-2f68-44e1-8661-622a6e2403aa@group-CFA5962B69F1->99afa1ab-f70e-454d-b97f-b50504ecadc2-AppendLogResponseHandler: Failed appendEntries: org.apache.ratis.thirdparty.io.grpc.StatusRuntimeException: UNAVAILABLE: io exception
2019-10-02 11:23:01,679 [grpc-default-executor-0] WARN  server.GrpcLogAppender (LogUtils.java:warn(134)) - 5a152cad-2f68-44e1-8661-622a6e2403aa@group-B42E39A6701C->99afa1ab-f70e-454d-b97f-b50504ecadc2-AppendLogResponseHandler: Failed appendEntries: org.apache.ratis.thirdparty.io.grpc.StatusRuntimeException: UNAVAILABLE: io exception
2019-10-02 11:23:01,680 [grpc-default-executor-1] INFO  impl.FollowerInfo (FollowerInfo.java:lambda$new$0(51)) - 5a152cad-2f68-44e1-8661-622a6e2403aa@group-CFA5962B69F1->99afa1ab-f70e-454d-b97f-b50504ecadc2: nextIndex: updateUnconditionally 0 -> 0
2019-10-02 11:23:01,679 [grpc-default-executor-6] INFO  impl.FollowerInfo (FollowerInfo.java:lambda$new$0(51)) - 5a152cad-2f68-44e1-8661-622a6e2403aa@group-33DDF701D157->99afa1ab-f70e-454d-b97f-b50504ecadc2: nextIndex: updateUnconditionally 0 -> 0
2019-10-02 11:23:01,680 [grpc-default-executor-0] INFO  impl.FollowerInfo (FollowerInfo.java:lambda$new$0(51)) - 5a152cad-2f68-44e1-8661-622a6e2403aa@group-B42E39A6701C->99afa1ab-f70e-454d-b97f-b50504ecadc2: nextIndex: updateUnconditionally 0 -> 0
2019-10-02 11:23:01,730 [grpc-default-executor-8] WARN  server.GrpcLogAppender (LogUtils.java:warn(134)) - 5a152cad-2f68-44e1-8661-622a6e2403aa@group-B42E39A6701C->255f5341-67af-48a5-9f0a-34079e58e4b3-AppendLogResponseHandler: Failed appendEntries: org.apache.ratis.thirdparty.io.grpc.StatusRuntimeException: UNAVAILABLE: io exception
2019-10-02 11:23:01,730 [grpc-default-executor-16] WARN  server.GrpcLogAppender (LogUtils.java:warn(134)) - 5a152cad-2f68-44e1-8661-622a6e2403aa@group-CFA5962B69F1->255f5341-67af-48a5-9f0a-34079e58e4b3-AppendLogResponseHandler: Failed appendEntries: org.apache.ratis.thirdparty.io.grpc.StatusRuntimeException: UNAVAILABLE: io exception
2019-10-02 11:23:01,730 [grpc-default-executor-14] WARN  server.GrpcLogAppender (LogUtils.java:warn(134)) - 5a152cad-2f68-44e1-8661-622a6e2403aa@group-33DDF701D157->255f5341-67af-48a5-9f0a-34079e58e4b3-AppendLogResponseHandler: Failed appendEntries: org.apache.ratis.thirdparty.io.grpc.StatusRuntimeException: UNAVAILABLE: io exception
2019-10-02 11:23:01,730 [grpc-default-executor-16] INFO  impl.FollowerInfo (FollowerInfo.java:lambda$new$0(51)) - 5a152cad-2f68-44e1-8661-622a6e2403aa@group-CFA5962B69F1->255f5341-67af-48a5-9f0a-34079e58e4b3: nextIndex: updateUnconditionally 0 -> 0
2019-10-02 11:23:01,730 [grpc-default-executor-8] INFO  impl.FollowerInfo (FollowerInfo.java:lambda$new$0(51)) - 5a152cad-2f68-44e1-8661-622a6e2403aa@group-B42E39A6701C->255f5341-67af-48a5-9f0a-34079e58e4b3: nextIndex: updateUnconditionally 0 -> 0
2019-10-02 11:23:01,730 [grpc-default-executor-14] INFO  impl.FollowerInfo (FollowerInfo.java:lambda$new$0(51)) - 5a152cad-2f68-44e1-8661-622a6e2403aa@group-33DDF701D157->255f5341-67af-48a5-9f0a-34079e58e4b3: nextIndex: updateUnconditionally 0 -> 0
2019-10-02 11:23:02,181 [grpc-default-executor-8] WARN  server.GrpcLogAppender (LogUtils.java:warn(134)) - 5a152cad-2f68-44e1-8661-622a6e2403aa@group-CFA5962B69F1->99afa1ab-f70e-454d-b97f-b50504ecadc2-AppendLogResponseHandler: Failed appendEntries: org.apache.ratis.thirdparty.io.grpc.StatusRuntimeException: UNAVAILABLE: io exception
2019-10-02 11:23:02,181 [grpc-default-executor-4] WARN  server.GrpcLogAppender (LogUtils.java:warn(134)) - 5a152cad-2f68-44e1-8661-622a6e2403aa@group-33DDF701D157->99afa1ab-f70e-454d-b97f-b50504ecadc2-AppendLogResponseHandler: Failed appendEntries: org.apache.ratis.thirdparty.io.grpc.StatusRuntimeException: UNAVAILABLE: io exception
2019-10-02 11:23:02,181 [grpc-default-executor-16] WARN  server.GrpcLogAppender (LogUtils.java:warn(134)) - 5a152cad-2f68-44e1-8661-622a6e2403aa@group-B42E39A6701C->99afa1ab-f70e-454d-b97f-b50504ecadc2-AppendLogResponseHandler: Failed appendEntries: org.apache.ratis.thirdparty.io.grpc.StatusRuntimeException: UNAVAILABLE: io exception
2019-10-02 11:23:02,181 [grpc-default-executor-4] INFO  impl.FollowerInfo (FollowerInfo.java:lambda$new$0(51)) - 5a152cad-2f68-44e1-8661-622a6e2403aa@group-33DDF701D157->99afa1ab-f70e-454d-b97f-b50504ecadc2: nextIndex: updateUnconditionally 0 -> 0
2019-10-02 11:23:02,181 [grpc-default-executor-8] INFO  impl.FollowerInfo (FollowerInfo.java:lambda$new$0(51)) - 5a152cad-2f68-44e1-8661-622a6e2403aa@group-CFA5962B69F1->99afa1ab-f70e-454d-b97f-b50504ecadc2: nextIndex: updateUnconditionally 0 -> 0
2019-10-02 11:23:02,182 [grpc-default-executor-16] INFO  impl.FollowerInfo (FollowerInfo.java:lambda$new$0(51)) - 5a152cad-2f68-44e1-8661-622a6e2403aa@group-B42E39A6701C->99afa1ab-f70e-454d-b97f-b50504ecadc2: nextIndex: updateUnconditionally 0 -> 0
2019-10-02 11:23:02,230 [grpc-default-executor-8] WARN  server.GrpcLogAppender (LogUtils.java:warn(134)) - 5a152cad-2f68-44e1-8661-622a6e2403aa@group-B42E39A6701C->255f5341-67af-48a5-9f0a-34079e58e4b3-AppendLogResponseHandler: Failed appendEntries: org.apache.ratis.thirdparty.io.grpc.StatusRuntimeException: UNAVAILABLE: io exception
2019-10-02 11:23:02,231 [grpc-default-executor-14] WARN  server.GrpcLogAppender (LogUtils.java:warn(134)) - 5a152cad-2f68-44e1-8661-622a6e2403aa@group-CFA5962B69F1->255f5341-67af-48a5-9f0a-34079e58e4b3-AppendLogResponseHandler: Failed appendEntries: org.apache.ratis.thirdparty.io.grpc.StatusRuntimeException: UNAVAILABLE: io exception
2019-10-02 11:23:02,230 [grpc-default-executor-1] WARN  server.GrpcLogAppender (LogUtils.java:warn(134)) - 5a152cad-2f68-44e1-8661-622a6e2403aa@group-33DDF701D157->255f5341-67af-48a5-9f0a-34079e58e4b3-AppendLogResponseHandler: Failed appendEntries: org.apache.ratis.thirdparty.io.grpc.StatusRuntimeException: UNAVAILABLE: io exception
2019-10-02 11:23:02,231 [grpc-default-executor-14] INFO  impl.FollowerInfo (FollowerInfo.java:lambda$new$0(51)) - 5a152cad-2f68-44e1-8661-622a6e2403aa@group-CFA5962B69F1->255f5341-67af-48a5-9f0a-34079e58e4b3: nextIndex: updateUnconditionally 0 -> 0
2019-10-02 11:23:02,231 [grpc-default-executor-8] INFO  impl.FollowerInfo (FollowerInfo.java:lambda$new$0(51)) - 5a152cad-2f68-44e1-8661-622a6e2403aa@group-B42E39A6701C->255f5341-67af-48a5-9f0a-34079e58e4b3: nextIndex: updateUnconditionally 0 -> 0
2019-10-02 11:23:02,231 [grpc-default-executor-1] INFO  impl.FollowerInfo (FollowerInfo.java:lambda$new$0(51)) - 5a152cad-2f68-44e1-8661-622a6e2403aa@group-33DDF701D157->255f5341-67af-48a5-9f0a-34079e58e4b3: nextIndex: updateUnconditionally 0 -> 0
2019-10-02 11:23:02,681 [grpc-default-executor-1] WARN  server.GrpcLogAppender (LogUtils.java:warn(134)) - 5a152cad-2f68-44e1-8661-622a6e2403aa@group-CFA5962B69F1->99afa1ab-f70e-454d-b97f-b50504ecadc2-AppendLogResponseHandler: Failed appendEntries: org.apache.ratis.thirdparty.io.grpc.StatusRuntimeException: UNAVAILABLE: io exception
2019-10-02 11:23:02,681 [grpc-default-executor-16] WARN  server.GrpcLogAppender (LogUtils.java:warn(134)) - 5a152cad-2f68-44e1-8661-622a6e2403aa@group-B42E39A6701C->99afa1ab-f70e-454d-b97f-b50504ecadc2-AppendLogResponseHandler: Failed appendEntries: org.apache.ratis.thirdparty.io.grpc.StatusRuntimeException: UNAVAILABLE: io exception
2019-10-02 11:23:02,681 [grpc-default-executor-4] WARN  server.GrpcLogAppender (LogUtils.java:warn(134)) - 5a152cad-2f68-44e1-8661-622a6e2403aa@group-33DDF701D157->99afa1ab-f70e-454d-b97f-b50504ecadc2-AppendLogResponseHandler: Failed appendEntries: org.apache.ratis.thirdparty.io.grpc.StatusRuntimeException: UNAVAILABLE: io exception
2019-10-02 11:23:02,681 [grpc-default-executor-16] INFO  impl.FollowerInfo (FollowerInfo.java:lambda$new$0(51)) - 5a152cad-2f68-44e1-8661-622a6e2403aa@group-B42E39A6701C->99afa1ab-f70e-454d-b97f-b50504ecadc2: nextIndex: updateUnconditionally 0 -> 0
2019-10-02 11:23:02,681 [grpc-default-executor-1] INFO  impl.FollowerInfo (FollowerInfo.java:lambda$new$0(51)) - 5a152cad-2f68-44e1-8661-622a6e2403aa@group-CFA5962B69F1->99afa1ab-f70e-454d-b97f-b50504ecadc2: nextIndex: updateUnconditionally 0 -> 0
2019-10-02 11:23:02,682 [grpc-default-executor-4] INFO  impl.FollowerInfo (FollowerInfo.java:lambda$new$0(51)) - 5a152cad-2f68-44e1-8661-622a6e2403aa@group-33DDF701D157->99afa1ab-f70e-454d-b97f-b50504ecadc2: nextIndex: updateUnconditionally 0 -> 0
2019-10-02 11:23:02,731 [grpc-default-executor-8] WARN  server.GrpcLogAppender (LogUtils.java:warn(134)) - 5a152cad-2f68-44e1-8661-622a6e2403aa@group-33DDF701D157->255f5341-67af-48a5-9f0a-34079e58e4b3-AppendLogResponseHandler: Failed appendEntries: org.apache.ratis.thirdparty.io.grpc.StatusRuntimeException: UNAVAILABLE: io exception
2019-10-02 11:23:02,731 [grpc-default-executor-4] WARN  server.GrpcLogAppender (LogUtils.java:warn(134)) - 5a152cad-2f68-44e1-8661-622a6e2403aa@group-CFA5962B69F1->255f5341-67af-48a5-9f0a-34079e58e4b3-AppendLogResponseHandler: Failed appendEntries: org.apache.ratis.thirdparty.io.grpc.StatusRuntimeException: UNAVAILABLE: io exception
2019-10-02 11:23:02,731 [grpc-default-executor-1] WARN  server.GrpcLogAppender (LogUtils.java:warn(134)) - 5a152cad-2f68-44e1-8661-622a6e2403aa@group-B42E39A6701C->255f5341-67af-48a5-9f0a-34079e58e4b3-AppendLogResponseHandler: Failed appendEntries: org.apache.ratis.thirdparty.io.grpc.StatusRuntimeException: UNAVAILABLE: io exception
2019-10-02 11:23:02,732 [grpc-default-executor-4] INFO  impl.FollowerInfo (FollowerInfo.java:lambda$new$0(51)) - 5a152cad-2f68-44e1-8661-622a6e2403aa@group-CFA5962B69F1->255f5341-67af-48a5-9f0a-34079e58e4b3: nextIndex: updateUnconditionally 0 -> 0
2019-10-02 11:23:02,732 [grpc-default-executor-8] INFO  impl.FollowerInfo (FollowerInfo.java:lambda$new$0(51)) - 5a152cad-2f68-44e1-8661-622a6e2403aa@group-33DDF701D157->255f5341-67af-48a5-9f0a-34079e58e4b3: nextIndex: updateUnconditionally 0 -> 0
2019-10-02 11:23:02,732 [grpc-default-executor-1] INFO  impl.FollowerInfo (FollowerInfo.java:lambda$new$0(51)) - 5a152cad-2f68-44e1-8661-622a6e2403aa@group-B42E39A6701C->255f5341-67af-48a5-9f0a-34079e58e4b3: nextIndex: updateUnconditionally 0 -> 0
2019-10-02 11:23:03,183 [grpc-default-executor-8] WARN  server.GrpcLogAppender (LogUtils.java:warn(134)) - 5a152cad-2f68-44e1-8661-622a6e2403aa@group-33DDF701D157->99afa1ab-f70e-454d-b97f-b50504ecadc2-AppendLogResponseHandler: Failed appendEntries: org.apache.ratis.thirdparty.io.grpc.StatusRuntimeException: UNAVAILABLE: io exception
2019-10-02 11:23:03,183 [grpc-default-executor-0] WARN  server.GrpcLogAppender (LogUtils.java:warn(134)) - 5a152cad-2f68-44e1-8661-622a6e2403aa@group-B42E39A6701C->99afa1ab-f70e-454d-b97f-b50504ecadc2-AppendLogResponseHandler: Failed appendEntries: org.apache.ratis.thirdparty.io.grpc.StatusRuntimeException: UNAVAILABLE: io exception
2019-10-02 11:23:03,183 [grpc-default-executor-16] WARN  server.GrpcLogAppender (LogUtils.java:warn(134)) - 5a152cad-2f68-44e1-8661-622a6e2403aa@group-CFA5962B69F1->99afa1ab-f70e-454d-b97f-b50504ecadc2-AppendLogResponseHandler: Failed appendEntries: org.apache.ratis.thirdparty.io.grpc.StatusRuntimeException: UNAVAILABLE: io exception
2019-10-02 11:23:03,183 [grpc-default-executor-0] INFO  impl.FollowerInfo (FollowerInfo.java:lambda$new$0(51)) - 5a152cad-2f68-44e1-8661-622a6e2403aa@group-B42E39A6701C->99afa1ab-f70e-454d-b97f-b50504ecadc2: nextIndex: updateUnconditionally 0 -> 0
2019-10-02 11:23:03,183 [grpc-default-executor-8] INFO  impl.FollowerInfo (FollowerInfo.java:lambda$new$0(51)) - 5a152cad-2f68-44e1-8661-622a6e2403aa@group-33DDF701D157->99afa1ab-f70e-454d-b97f-b50504ecadc2: nextIndex: updateUnconditionally 0 -> 0
2019-10-02 11:23:03,184 [grpc-default-executor-16] INFO  impl.FollowerInfo (FollowerInfo.java:lambda$new$0(51)) - 5a152cad-2f68-44e1-8661-622a6e2403aa@group-CFA5962B69F1->99afa1ab-f70e-454d-b97f-b50504ecadc2: nextIndex: updateUnconditionally 0 -> 0
2019-10-02 11:23:03,231 [grpc-default-executor-6] WARN  server.GrpcLogAppender (LogUtils.java:warn(134)) - 5a152cad-2f68-44e1-8661-622a6e2403aa@group-CFA5962B69F1->255f5341-67af-48a5-9f0a-34079e58e4b3-AppendLogResponseHandler: Failed appendEntries: org.apache.ratis.thirdparty.io.grpc.StatusRuntimeException: UNAVAILABLE: io exception
2019-10-02 11:23:03,231 [grpc-default-executor-4] WARN  server.GrpcLogAppender (LogUtils.java:warn(134)) - 5a152cad-2f68-44e1-8661-622a6e2403aa@group-B42E39A6701C->255f5341-67af-48a5-9f0a-34079e58e4b3-AppendLogResponseHandler: Failed appendEntries: org.apache.ratis.thirdparty.io.grpc.StatusRuntimeException: UNAVAILABLE: io exception
2019-10-02 11:23:03,231 [grpc-default-executor-14] WARN  server.GrpcLogAppender (LogUtils.java:warn(134)) - 5a152cad-2f68-44e1-8661-622a6e2403aa@group-33DDF701D157->255f5341-67af-48a5-9f0a-34079e58e4b3-AppendLogResponseHandler: Failed appendEntries: org.apache.ratis.thirdparty.io.grpc.StatusRuntimeException: UNAVAILABLE: io exception
2019-10-02 11:23:03,232 [grpc-default-executor-4] INFO  impl.FollowerInfo (FollowerInfo.java:lambda$new$0(51)) - 5a152cad-2f68-44e1-8661-622a6e2403aa@group-B42E39A6701C->255f5341-67af-48a5-9f0a-34079e58e4b3: nextIndex: updateUnconditionally 0 -> 0
2019-10-02 11:23:03,232 [grpc-default-executor-6] INFO  impl.FollowerInfo (FollowerInfo.java:lambda$new$0(51)) - 5a152cad-2f68-44e1-8661-622a6e2403aa@group-CFA5962B69F1->255f5341-67af-48a5-9f0a-34079e58e4b3: nextIndex: updateUnconditionally 0 -> 0
2019-10-02 11:23:03,232 [grpc-default-executor-14] INFO  impl.FollowerInfo (FollowerInfo.java:lambda$new$0(51)) - 5a152cad-2f68-44e1-8661-622a6e2403aa@group-33DDF701D157->255f5341-67af-48a5-9f0a-34079e58e4b3: nextIndex: updateUnconditionally 0 -> 0
2019-10-02 11:23:03,686 [grpc-default-executor-8] WARN  server.GrpcLogAppender (LogUtils.java:warn(134)) - 5a152cad-2f68-44e1-8661-622a6e2403aa@group-CFA5962B69F1->99afa1ab-f70e-454d-b97f-b50504ecadc2-AppendLogResponseHandler: Failed appendEntries: org.apache.ratis.thirdparty.io.grpc.StatusRuntimeException: UNAVAILABLE: io exception
2019-10-02 11:23:03,686 [grpc-default-executor-14] WARN  server.GrpcLogAppender (LogUtils.java:warn(134)) - 5a152cad-2f68-44e1-8661-622a6e2403aa@group-33DDF701D157->99afa1ab-f70e-454d-b97f-b50504ecadc2-AppendLogResponseHandler: Failed appendEntries: org.apache.ratis.thirdparty.io.grpc.StatusRuntimeException: UNAVAILABLE: io exception
2019-10-02 11:23:03,686 [grpc-default-executor-14] INFO  impl.FollowerInfo (FollowerInfo.java:lambda$new$0(51)) - 5a152cad-2f68-44e1-8661-622a6e2403aa@group-33DDF701D157->99afa1ab-f70e-454d-b97f-b50504ecadc2: nextIndex: updateUnconditionally 0 -> 0
2019-10-02 11:23:03,686 [grpc-default-executor-1] WARN  server.GrpcLogAppender (LogUtils.java:warn(134)) - 5a152cad-2f68-44e1-8661-622a6e2403aa@group-B42E39A6701C->99afa1ab-f70e-454d-b97f-b50504ecadc2-AppendLogResponseHandler: Failed appendEntries: org.apache.ratis.thirdparty.io.grpc.StatusRuntimeException: UNAVAILABLE: io exception
2019-10-02 11:23:03,686 [grpc-default-executor-8] INFO  impl.FollowerInfo (FollowerInfo.java:lambda$new$0(51)) - 5a152cad-2f68-44e1-8661-622a6e2403aa@group-CFA5962B69F1->99afa1ab-f70e-454d-b97f-b50504ecadc2: nextIndex: updateUnconditionally 0 -> 0
2019-10-02 11:23:03,687 [grpc-default-executor-1] INFO  impl.FollowerInfo (FollowerInfo.java:lambda$new$0(51)) - 5a152cad-2f68-44e1-8661-622a6e2403aa@group-B42E39A6701C->99afa1ab-f70e-454d-b97f-b50504ecadc2: nextIndex: updateUnconditionally 0 -> 0
2019-10-02 11:23:03,732 [grpc-default-executor-6] WARN  server.GrpcLogAppender (LogUtils.java:warn(134)) - 5a152cad-2f68-44e1-8661-622a6e2403aa@group-CFA5962B69F1->255f5341-67af-48a5-9f0a-34079e58e4b3-AppendLogResponseHandler: Failed appendEntries: org.apache.ratis.thirdparty.io.grpc.StatusRuntimeException: UNAVAILABLE: io exception
2019-10-02 11:23:03,732 [grpc-default-executor-4] WARN  server.GrpcLogAppender (LogUtils.java:warn(134)) - 5a152cad-2f68-44e1-8661-622a6e2403aa@group-33DDF701D157->255f5341-67af-48a5-9f0a-34079e58e4b3-AppendLogResponseHandler: Failed appendEntries: org.apache.ratis.thirdparty.io.grpc.StatusRuntimeException: UNAVAILABLE: io exception
2019-10-02 11:23:03,732 [grpc-default-executor-0] WARN  server.GrpcLogAppender (LogUtils.java:warn(134)) - 5a152cad-2f68-44e1-8661-622a6e2403aa@group-B42E39A6701C->255f5341-67af-48a5-9f0a-34079e58e4b3-AppendLogResponseHandler: Failed appendEntries: org.apache.ratis.thirdparty.io.grpc.StatusRuntimeException: UNAVAILABLE: io exception
2019-10-02 11:23:03,733 [grpc-default-executor-4] INFO  impl.FollowerInfo (FollowerInfo.java:lambda$new$0(51)) - 5a152cad-2f68-44e1-8661-622a6e2403aa@group-33DDF701D157->255f5341-67af-48a5-9f0a-34079e58e4b3: nextIndex: updateUnconditionally 0 -> 0
2019-10-02 11:23:03,733 [grpc-default-executor-6] INFO  impl.FollowerInfo (FollowerInfo.java:lambda$new$0(51)) - 5a152cad-2f68-44e1-8661-622a6e2403aa@group-CFA5962B69F1->255f5341-67af-48a5-9f0a-34079e58e4b3: nextIndex: updateUnconditionally 0 -> 0
2019-10-02 11:23:03,733 [grpc-default-executor-0] INFO  impl.FollowerInfo (FollowerInfo.java:lambda$new$0(51)) - 5a152cad-2f68-44e1-8661-622a6e2403aa@group-B42E39A6701C->255f5341-67af-48a5-9f0a-34079e58e4b3: nextIndex: updateUnconditionally 0 -> 0
2019-10-02 11:23:04,185 [grpc-default-executor-16] WARN  server.GrpcLogAppender (LogUtils.java:warn(134)) - 5a152cad-2f68-44e1-8661-622a6e2403aa@group-B42E39A6701C->99afa1ab-f70e-454d-b97f-b50504ecadc2-AppendLogResponseHandler: Failed appendEntries: org.apache.ratis.thirdparty.io.grpc.StatusRuntimeException: UNAVAILABLE: io exception
2019-10-02 11:23:04,185 [grpc-default-executor-8] WARN  server.GrpcLogAppender (LogUtils.java:warn(134)) - 5a152cad-2f68-44e1-8661-622a6e2403aa@group-33DDF701D157->99afa1ab-f70e-454d-b97f-b50504ecadc2-AppendLogResponseHandler: Failed appendEntries: org.apache.ratis.thirdparty.io.grpc.StatusRuntimeException: UNAVAILABLE: io exception
2019-10-02 11:23:04,185 [grpc-default-executor-4] WARN  server.GrpcLogAppender (LogUtils.java:warn(134)) - 5a152cad-2f68-44e1-8661-622a6e2403aa@group-CFA5962B69F1->99afa1ab-f70e-454d-b97f-b50504ecadc2-AppendLogResponseHandler: Failed appendEntries: org.apache.ratis.thirdparty.io.grpc.StatusRuntimeException: UNAVAILABLE: io exception
2019-10-02 11:23:04,186 [grpc-default-executor-4] INFO  impl.FollowerInfo (FollowerInfo.java:lambda$new$0(51)) - 5a152cad-2f68-44e1-8661-622a6e2403aa@group-CFA5962B69F1->99afa1ab-f70e-454d-b97f-b50504ecadc2: nextIndex: updateUnconditionally 0 -> 0
2019-10-02 11:23:04,186 [grpc-default-executor-8] INFO  impl.FollowerInfo (FollowerInfo.java:lambda$new$0(51)) - 5a152cad-2f68-44e1-8661-622a6e2403aa@group-33DDF701D157->99afa1ab-f70e-454d-b97f-b50504ecadc2: nextIndex: updateUnconditionally 0 -> 0
2019-10-02 11:23:04,185 [grpc-default-executor-16] INFO  impl.FollowerInfo (FollowerInfo.java:lambda$new$0(51)) - 5a152cad-2f68-44e1-8661-622a6e2403aa@group-B42E39A6701C->99afa1ab-f70e-454d-b97f-b50504ecadc2: nextIndex: updateUnconditionally 0 -> 0
2019-10-02 11:23:04,232 [grpc-default-executor-1] WARN  server.GrpcLogAppender (LogUtils.java:warn(134)) - 5a152cad-2f68-44e1-8661-622a6e2403aa@group-B42E39A6701C->255f5341-67af-48a5-9f0a-34079e58e4b3-AppendLogResponseHandler: Failed appendEntries: org.apache.ratis.thirdparty.io.grpc.StatusRuntimeException: UNAVAILABLE: io exception
2019-10-02 11:23:04,232 [grpc-default-executor-14] WARN  server.GrpcLogAppender (LogUtils.java:warn(134)) - 5a152cad-2f68-44e1-8661-622a6e2403aa@group-33DDF701D157->255f5341-67af-48a5-9f0a-34079e58e4b3-AppendLogResponseHandler: Failed appendEntries: org.apache.ratis.thirdparty.io.grpc.StatusRuntimeException: UNAVAILABLE: io exception
2019-10-02 11:23:04,232 [grpc-default-executor-6] WARN  server.GrpcLogAppender (LogUtils.java:warn(134)) - 5a152cad-2f68-44e1-8661-622a6e2403aa@group-CFA5962B69F1->255f5341-67af-48a5-9f0a-34079e58e4b3-AppendLogResponseHandler: Failed appendEntries: org.apache.ratis.thirdparty.io.grpc.StatusRuntimeException: UNAVAILABLE: io exception
2019-10-02 11:23:04,233 [grpc-default-executor-14] INFO  impl.FollowerInfo (FollowerInfo.java:lambda$new$0(51)) - 5a152cad-2f68-44e1-8661-622a6e2403aa@group-33DDF701D157->255f5341-67af-48a5-9f0a-34079e58e4b3: nextIndex: updateUnconditionally 0 -> 0
2019-10-02 11:23:04,233 [grpc-default-executor-1] INFO  impl.FollowerInfo (FollowerInfo.java:lambda$new$0(51)) - 5a152cad-2f68-44e1-8661-622a6e2403aa@group-B42E39A6701C->255f5341-67af-48a5-9f0a-34079e58e4b3: nextIndex: updateUnconditionally 0 -> 0
2019-10-02 11:23:04,233 [grpc-default-executor-6] INFO  impl.FollowerInfo (FollowerInfo.java:lambda$new$0(51)) - 5a152cad-2f68-44e1-8661-622a6e2403aa@group-CFA5962B69F1->255f5341-67af-48a5-9f0a-34079e58e4b3: nextIndex: updateUnconditionally 0 -> 0
2019-10-02 11:23:04,686 [grpc-default-executor-4] WARN  server.GrpcLogAppender (LogUtils.java:warn(134)) - 5a152cad-2f68-44e1-8661-622a6e2403aa@group-CFA5962B69F1->99afa1ab-f70e-454d-b97f-b50504ecadc2-AppendLogResponseHandler: Failed appendEntries: org.apache.ratis.thirdparty.io.grpc.StatusRuntimeException: UNAVAILABLE: io exception
2019-10-02 11:23:04,686 [grpc-default-executor-6] WARN  server.GrpcLogAppender (LogUtils.java:warn(134)) - 5a152cad-2f68-44e1-8661-622a6e2403aa@group-B42E39A6701C->99afa1ab-f70e-454d-b97f-b50504ecadc2-AppendLogResponseHandler: Failed appendEntries: org.apache.ratis.thirdparty.io.grpc.StatusRuntimeException: UNAVAILABLE: io exception
2019-10-02 11:23:04,686 [grpc-default-executor-1] WARN  server.GrpcLogAppender (LogUtils.java:warn(134)) - 5a152cad-2f68-44e1-8661-622a6e2403aa@group-33DDF701D157->99afa1ab-f70e-454d-b97f-b50504ecadc2-AppendLogResponseHandler: Failed appendEntries: org.apache.ratis.thirdparty.io.grpc.StatusRuntimeException: UNAVAILABLE: io exception
2019-10-02 11:23:04,686 [grpc-default-executor-6] INFO  impl.FollowerInfo (FollowerInfo.java:lambda$new$0(51)) - 5a152cad-2f68-44e1-8661-622a6e2403aa@group-B42E39A6701C->99afa1ab-f70e-454d-b97f-b50504ecadc2: nextIndex: updateUnconditionally 0 -> 0
2019-10-02 11:23:04,686 [grpc-default-executor-4] INFO  impl.FollowerInfo (FollowerInfo.java:lambda$new$0(51)) - 5a152cad-2f68-44e1-8661-622a6e2403aa@group-CFA5962B69F1->99afa1ab-f70e-454d-b97f-b50504ecadc2: nextIndex: updateUnconditionally 0 -> 0
2019-10-02 11:23:04,687 [grpc-default-executor-1] INFO  impl.FollowerInfo (FollowerInfo.java:lambda$new$0(51)) - 5a152cad-2f68-44e1-8661-622a6e2403aa@group-33DDF701D157->99afa1ab-f70e-454d-b97f-b50504ecadc2: nextIndex: updateUnconditionally 0 -> 0
2019-10-02 11:23:04,733 [grpc-default-executor-8] WARN  server.GrpcLogAppender (LogUtils.java:warn(134)) - 5a152cad-2f68-44e1-8661-622a6e2403aa@group-B42E39A6701C->255f5341-67af-48a5-9f0a-34079e58e4b3-AppendLogResponseHandler: Failed appendEntries: org.apache.ratis.thirdparty.io.grpc.StatusRuntimeException: UNAVAILABLE: io exception
2019-10-02 11:23:04,733 [grpc-default-executor-14] WARN  server.GrpcLogAppender (LogUtils.java:warn(134)) - 5a152cad-2f68-44e1-8661-622a6e2403aa@group-CFA5962B69F1->255f5341-67af-48a5-9f0a-34079e58e4b3-AppendLogResponseHandler: Failed appendEntries: org.apache.ratis.thirdparty.io.grpc.StatusRuntimeException: UNAVAILABLE: io exception
2019-10-02 11:23:04,733 [grpc-default-executor-4] WARN  server.GrpcLogAppender (LogUtils.java:warn(134)) - 5a152cad-2f68-44e1-8661-622a6e2403aa@group-33DDF701D157->255f5341-67af-48a5-9f0a-34079e58e4b3-AppendLogResponseHandler: Failed appendEntries: org.apache.ratis.thirdparty.io.grpc.StatusRuntimeException: UNAVAILABLE: io exception
2019-10-02 11:23:04,734 [grpc-default-executor-14] INFO  impl.FollowerInfo (FollowerInfo.java:lambda$new$0(51)) - 5a152cad-2f68-44e1-8661-622a6e2403aa@group-CFA5962B69F1->255f5341-67af-48a5-9f0a-34079e58e4b3: nextIndex: updateUnconditionally 0 -> 0
2019-10-02 11:23:04,734 [grpc-default-executor-8] INFO  impl.FollowerInfo (FollowerInfo.java:lambda$new$0(51)) - 5a152cad-2f68-44e1-8661-622a6e2403aa@group-B42E39A6701C->255f5341-67af-48a5-9f0a-34079e58e4b3: nextIndex: updateUnconditionally 0 -> 0
2019-10-02 11:23:04,734 [grpc-default-executor-4] INFO  impl.FollowerInfo (FollowerInfo.java:lambda$new$0(51)) - 5a152cad-2f68-44e1-8661-622a6e2403aa@group-33DDF701D157->255f5341-67af-48a5-9f0a-34079e58e4b3: nextIndex: updateUnconditionally 0 -> 0
2019-10-02 11:23:05,190 [grpc-default-executor-4] WARN  server.GrpcLogAppender (LogUtils.java:warn(134)) - 5a152cad-2f68-44e1-8661-622a6e2403aa@group-B42E39A6701C->99afa1ab-f70e-454d-b97f-b50504ecadc2-AppendLogResponseHandler: Failed appendEntries: org.apache.ratis.thirdparty.io.grpc.StatusRuntimeException: UNAVAILABLE: io exception
2019-10-02 11:23:05,190 [grpc-default-executor-0] WARN  server.GrpcLogAppender (LogUtils.java:warn(134)) - 5a152cad-2f68-44e1-8661-622a6e2403aa@group-CFA5962B69F1->99afa1ab-f70e-454d-b97f-b50504ecadc2-AppendLogResponseHandler: Failed appendEntries: org.apache.ratis.thirdparty.io.grpc.StatusRuntimeException: UNAVAILABLE: io exception
2019-10-02 11:23:05,190 [grpc-default-executor-1] WARN  server.GrpcLogAppender (LogUtils.java:warn(134)) - 5a152cad-2f68-44e1-8661-622a6e2403aa@group-33DDF701D157->99afa1ab-f70e-454d-b97f-b50504ecadc2-AppendLogResponseHandler: Failed appendEntries: org.apache.ratis.thirdparty.io.grpc.StatusRuntimeException: UNAVAILABLE: io exception
2019-10-02 11:23:05,191 [grpc-default-executor-0] INFO  impl.FollowerInfo (FollowerInfo.java:lambda$new$0(51)) - 5a152cad-2f68-44e1-8661-622a6e2403aa@group-CFA5962B69F1->99afa1ab-f70e-454d-b97f-b50504ecadc2: nextIndex: updateUnconditionally 0 -> 0
2019-10-02 11:23:05,191 [grpc-default-executor-4] INFO  impl.FollowerInfo (FollowerInfo.java:lambda$new$0(51)) - 5a152cad-2f68-44e1-8661-622a6e2403aa@group-B42E39A6701C->99afa1ab-f70e-454d-b97f-b50504ecadc2: nextIndex: updateUnconditionally 0 -> 0
2019-10-02 11:23:05,191 [grpc-default-executor-1] INFO  impl.FollowerInfo (FollowerInfo.java:lambda$new$0(51)) - 5a152cad-2f68-44e1-8661-622a6e2403aa@group-33DDF701D157->99afa1ab-f70e-454d-b97f-b50504ecadc2: nextIndex: updateUnconditionally 0 -> 0
2019-10-02 11:23:05,234 [grpc-default-executor-8] WARN  server.GrpcLogAppender (LogUtils.java:warn(134)) - 5a152cad-2f68-44e1-8661-622a6e2403aa@group-B42E39A6701C->255f5341-67af-48a5-9f0a-34079e58e4b3-AppendLogResponseHandler: Failed appendEntries: org.apache.ratis.thirdparty.io.grpc.StatusRuntimeException: UNAVAILABLE: io exception
2019-10-02 11:23:05,234 [grpc-default-executor-6] WARN  server.GrpcLogAppender (LogUtils.java:warn(134)) - 5a152cad-2f68-44e1-8661-622a6e2403aa@group-33DDF701D157->255f5341-67af-48a5-9f0a-34079e58e4b3-AppendLogResponseHandler: Failed appendEntries: org.apache.ratis.thirdparty.io.grpc.StatusRuntimeException: UNAVAILABLE: io exception
2019-10-02 11:23:05,234 [grpc-default-executor-0] WARN  server.GrpcLogAppender (LogUtils.java:warn(134)) - 5a152cad-2f68-44e1-8661-622a6e2403aa@group-CFA5962B69F1->255f5341-67af-48a5-9f0a-34079e58e4b3-AppendLogResponseHandler: Failed appendEntries: org.apache.ratis.thirdparty.io.grpc.StatusRuntimeException: UNAVAILABLE: io exception
2019-10-02 11:23:05,234 [grpc-default-executor-6] INFO  impl.FollowerInfo (FollowerInfo.java:lambda$new$0(51)) - 5a152cad-2f68-44e1-8661-622a6e2403aa@group-33DDF701D157->255f5341-67af-48a5-9f0a-34079e58e4b3: nextIndex: updateUnconditionally 0 -> 0
2019-10-02 11:23:05,234 [grpc-default-executor-8] INFO  impl.FollowerInfo (FollowerInfo.java:lambda$new$0(51)) - 5a152cad-2f68-44e1-8661-622a6e2403aa@group-B42E39A6701C->255f5341-67af-48a5-9f0a-34079e58e4b3: nextIndex: updateUnconditionally 0 -> 0
2019-10-02 11:23:05,234 [grpc-default-executor-0] INFO  impl.FollowerInfo (FollowerInfo.java:lambda$new$0(51)) - 5a152cad-2f68-44e1-8661-622a6e2403aa@group-CFA5962B69F1->255f5341-67af-48a5-9f0a-34079e58e4b3: nextIndex: updateUnconditionally 0 -> 0
2019-10-02 11:23:05,688 [grpc-default-executor-1] WARN  server.GrpcLogAppender (LogUtils.java:warn(134)) - 5a152cad-2f68-44e1-8661-622a6e2403aa@group-B42E39A6701C->99afa1ab-f70e-454d-b97f-b50504ecadc2-AppendLogResponseHandler: Failed appendEntries: org.apache.ratis.thirdparty.io.grpc.StatusRuntimeException: UNAVAILABLE: io exception
2019-10-02 11:23:05,688 [grpc-default-executor-4] WARN  server.GrpcLogAppender (LogUtils.java:warn(134)) - 5a152cad-2f68-44e1-8661-622a6e2403aa@group-CFA5962B69F1->99afa1ab-f70e-454d-b97f-b50504ecadc2-AppendLogResponseHandler: Failed appendEntries: org.apache.ratis.thirdparty.io.grpc.StatusRuntimeException: UNAVAILABLE: io exception
2019-10-02 11:23:05,689 [grpc-default-executor-4] INFO  impl.FollowerInfo (FollowerInfo.java:lambda$new$0(51)) - 5a152cad-2f68-44e1-8661-622a6e2403aa@group-CFA5962B69F1->99afa1ab-f70e-454d-b97f-b50504ecadc2: nextIndex: updateUnconditionally 0 -> 0
2019-10-02 11:23:05,688 [grpc-default-executor-16] WARN  server.GrpcLogAppender (LogUtils.java:warn(134)) - 5a152cad-2f68-44e1-8661-622a6e2403aa@group-33DDF701D157->99afa1ab-f70e-454d-b97f-b50504ecadc2-AppendLogResponseHandler: Failed appendEntries: org.apache.ratis.thirdparty.io.grpc.StatusRuntimeException: UNAVAILABLE: io exception
2019-10-02 11:23:05,690 [grpc-default-executor-16] INFO  impl.FollowerInfo (FollowerInfo.java:lambda$new$0(51)) - 5a152cad-2f68-44e1-8661-622a6e2403aa@group-33DDF701D157->99afa1ab-f70e-454d-b97f-b50504ecadc2: nextIndex: updateUnconditionally 0 -> 0
2019-10-02 11:23:05,689 [grpc-default-executor-1] INFO  impl.FollowerInfo (FollowerInfo.java:lambda$new$0(51)) - 5a152cad-2f68-44e1-8661-622a6e2403aa@group-B42E39A6701C->99afa1ab-f70e-454d-b97f-b50504ecadc2: nextIndex: updateUnconditionally 0 -> 0
2019-10-02 11:23:05,734 [grpc-default-executor-16] WARN  server.GrpcLogAppender (LogUtils.java:warn(134)) - 5a152cad-2f68-44e1-8661-622a6e2403aa@group-33DDF701D157->255f5341-67af-48a5-9f0a-34079e58e4b3-AppendLogResponseHandler: Failed appendEntries: org.apache.ratis.thirdparty.io.grpc.StatusRuntimeException: UNAVAILABLE: io exception
2019-10-02 11:23:05,734 [grpc-default-executor-8] WARN  server.GrpcLogAppender (LogUtils.java:warn(134)) - 5a152cad-2f68-44e1-8661-622a6e2403aa@group-CFA5962B69F1->255f5341-67af-48a5-9f0a-34079e58e4b3-AppendLogResponseHandler: Failed appendEntries: org.apache.ratis.thirdparty.io.grpc.StatusRuntimeException: UNAVAILABLE: io exception
2019-10-02 11:23:05,734 [grpc-default-executor-0] WARN  server.GrpcLogAppender (LogUtils.java:warn(134)) - 5a152cad-2f68-44e1-8661-622a6e2403aa@group-B42E39A6701C->255f5341-67af-48a5-9f0a-34079e58e4b3-AppendLogResponseHandler: Failed appendEntries: org.apache.ratis.thirdparty.io.grpc.StatusRuntimeException: UNAVAILABLE: io exception
2019-10-02 11:23:05,735 [grpc-default-executor-8] INFO  impl.FollowerInfo (FollowerInfo.java:lambda$new$0(51)) - 5a152cad-2f68-44e1-8661-622a6e2403aa@group-CFA5962B69F1->255f5341-67af-48a5-9f0a-34079e58e4b3: nextIndex: updateUnconditionally 0 -> 0
2019-10-02 11:23:05,735 [grpc-default-executor-16] INFO  impl.FollowerInfo (FollowerInfo.java:lambda$new$0(51)) - 5a152cad-2f68-44e1-8661-622a6e2403aa@group-33DDF701D157->255f5341-67af-48a5-9f0a-34079e58e4b3: nextIndex: updateUnconditionally 0 -> 0
2019-10-02 11:23:05,735 [grpc-default-executor-0] INFO  impl.FollowerInfo (FollowerInfo.java:lambda$new$0(51)) - 5a152cad-2f68-44e1-8661-622a6e2403aa@group-B42E39A6701C->255f5341-67af-48a5-9f0a-34079e58e4b3: nextIndex: updateUnconditionally 0 -> 0
2019-10-02 11:23:06,190 [grpc-default-executor-0] WARN  server.GrpcLogAppender (LogUtils.java:warn(134)) - 5a152cad-2f68-44e1-8661-622a6e2403aa@group-CFA5962B69F1->99afa1ab-f70e-454d-b97f-b50504ecadc2-AppendLogResponseHandler: Failed appendEntries: org.apache.ratis.thirdparty.io.grpc.StatusRuntimeException: UNAVAILABLE: io exception
2019-10-02 11:23:06,190 [grpc-default-executor-8] WARN  server.GrpcLogAppender (LogUtils.java:warn(134)) - 5a152cad-2f68-44e1-8661-622a6e2403aa@group-33DDF701D157->99afa1ab-f70e-454d-b97f-b50504ecadc2-AppendLogResponseHandler: Failed appendEntries: org.apache.ratis.thirdparty.io.grpc.StatusRuntimeException: UNAVAILABLE: io exception
2019-10-02 11:23:06,190 [grpc-default-executor-16] WARN  server.GrpcLogAppender (LogUtils.java:warn(134)) - 5a152cad-2f68-44e1-8661-622a6e2403aa@group-B42E39A6701C->99afa1ab-f70e-454d-b97f-b50504ecadc2-AppendLogResponseHandler: Failed appendEntries: org.apache.ratis.thirdparty.io.grpc.StatusRuntimeException: UNAVAILABLE: io exception
2019-10-02 11:23:06,191 [grpc-default-executor-0] INFO  impl.FollowerInfo (FollowerInfo.java:lambda$new$0(51)) - 5a152cad-2f68-44e1-8661-622a6e2403aa@group-CFA5962B69F1->99afa1ab-f70e-454d-b97f-b50504ecadc2: nextIndex: updateUnconditionally 0 -> 0
2019-10-02 11:23:06,191 [grpc-default-executor-8] INFO  impl.FollowerInfo (FollowerInfo.java:lambda$new$0(51)) - 5a152cad-2f68-44e1-8661-622a6e2403aa@group-33DDF701D157->99afa1ab-f70e-454d-b97f-b50504ecadc2: nextIndex: updateUnconditionally 0 -> 0
2019-10-02 11:23:06,191 [grpc-default-executor-16] INFO  impl.FollowerInfo (FollowerInfo.java:lambda$new$0(51)) - 5a152cad-2f68-44e1-8661-622a6e2403aa@group-B42E39A6701C->99afa1ab-f70e-454d-b97f-b50504ecadc2: nextIndex: updateUnconditionally 0 -> 0
2019-10-02 11:23:06,235 [grpc-default-executor-14] WARN  server.GrpcLogAppender (LogUtils.java:warn(134)) - 5a152cad-2f68-44e1-8661-622a6e2403aa@group-33DDF701D157->255f5341-67af-48a5-9f0a-34079e58e4b3-AppendLogResponseHandler: Failed appendEntries: org.apache.ratis.thirdparty.io.grpc.StatusRuntimeException: UNAVAILABLE: io exception
2019-10-02 11:23:06,235 [grpc-default-executor-4] WARN  server.GrpcLogAppender (LogUtils.java:warn(134)) - 5a152cad-2f68-44e1-8661-622a6e2403aa@group-B42E39A6701C->255f5341-67af-48a5-9f0a-34079e58e4b3-AppendLogResponseHandler: Failed appendEntries: org.apache.ratis.thirdparty.io.grpc.StatusRuntimeException: UNAVAILABLE: io exception
2019-10-02 11:23:06,235 [grpc-default-executor-6] WARN  server.GrpcLogAppender (LogUtils.java:warn(134)) - 5a152cad-2f68-44e1-8661-622a6e2403aa@group-CFA5962B69F1->255f5341-67af-48a5-9f0a-34079e58e4b3-AppendLogResponseHandler: Failed appendEntries: org.apache.ratis.thirdparty.io.grpc.StatusRuntimeException: UNAVAILABLE: io exception
2019-10-02 11:23:06,235 [grpc-default-executor-4] INFO  impl.FollowerInfo (FollowerInfo.java:lambda$new$0(51)) - 5a152cad-2f68-44e1-8661-622a6e2403aa@group-B42E39A6701C->255f5341-67af-48a5-9f0a-34079e58e4b3: nextIndex: updateUnconditionally 0 -> 0
2019-10-02 11:23:06,235 [grpc-default-executor-14] INFO  impl.FollowerInfo (FollowerInfo.java:lambda$new$0(51)) - 5a152cad-2f68-44e1-8661-622a6e2403aa@group-33DDF701D157->255f5341-67af-48a5-9f0a-34079e58e4b3: nextIndex: updateUnconditionally 0 -> 0
2019-10-02 11:23:06,235 [grpc-default-executor-6] INFO  impl.FollowerInfo (FollowerInfo.java:lambda$new$0(51)) - 5a152cad-2f68-44e1-8661-622a6e2403aa@group-CFA5962B69F1->255f5341-67af-48a5-9f0a-34079e58e4b3: nextIndex: updateUnconditionally 0 -> 0
2019-10-02 11:23:06,690 [grpc-default-executor-6] WARN  server.GrpcLogAppender (LogUtils.java:warn(134)) - 5a152cad-2f68-44e1-8661-622a6e2403aa@group-33DDF701D157->99afa1ab-f70e-454d-b97f-b50504ecadc2-AppendLogResponseHandler: Failed appendEntries: org.apache.ratis.thirdparty.io.grpc.StatusRuntimeException: UNAVAILABLE: io exception
2019-10-02 11:23:06,690 [grpc-default-executor-1] WARN  server.GrpcLogAppender (LogUtils.java:warn(134)) - 5a152cad-2f68-44e1-8661-622a6e2403aa@group-CFA5962B69F1->99afa1ab-f70e-454d-b97f-b50504ecadc2-AppendLogResponseHandler: Failed appendEntries: org.apache.ratis.thirdparty.io.grpc.StatusRuntimeException: UNAVAILABLE: io exception
2019-10-02 11:23:06,690 [grpc-default-executor-8] WARN  server.GrpcLogAppender (LogUtils.java:warn(134)) - 5a152cad-2f68-44e1-8661-622a6e2403aa@group-B42E39A6701C->99afa1ab-f70e-454d-b97f-b50504ecadc2-AppendLogResponseHandler: Failed appendEntries: org.apache.ratis.thirdparty.io.grpc.StatusRuntimeException: UNAVAILABLE: io exception
2019-10-02 11:23:06,691 [grpc-default-executor-1] INFO  impl.FollowerInfo (FollowerInfo.java:lambda$new$0(51)) - 5a152cad-2f68-44e1-8661-622a6e2403aa@group-CFA5962B69F1->99afa1ab-f70e-454d-b97f-b50504ecadc2: nextIndex: updateUnconditionally 0 -> 0
2019-10-02 11:23:06,690 [grpc-default-executor-6] INFO  impl.FollowerInfo (FollowerInfo.java:lambda$new$0(51)) - 5a152cad-2f68-44e1-8661-622a6e2403aa@group-33DDF701D157->99afa1ab-f70e-454d-b97f-b50504ecadc2: nextIndex: updateUnconditionally 0 -> 0
2019-10-02 11:23:06,691 [grpc-default-executor-8] INFO  impl.FollowerInfo (FollowerInfo.java:lambda$new$0(51)) - 5a152cad-2f68-44e1-8661-622a6e2403aa@group-B42E39A6701C->99afa1ab-f70e-454d-b97f-b50504ecadc2: nextIndex: updateUnconditionally 0 -> 0
2019-10-02 11:23:06,735 [grpc-default-executor-16] WARN  server.GrpcLogAppender (LogUtils.java:warn(134)) - 5a152cad-2f68-44e1-8661-622a6e2403aa@group-B42E39A6701C->255f5341-67af-48a5-9f0a-34079e58e4b3-AppendLogResponseHandler: Failed appendEntries: org.apache.ratis.thirdparty.io.grpc.StatusRuntimeException: UNAVAILABLE: io exception
2019-10-02 11:23:06,735 [grpc-default-executor-14] WARN  server.GrpcLogAppender (LogUtils.java:warn(134)) - 5a152cad-2f68-44e1-8661-622a6e2403aa@group-CFA5962B69F1->255f5341-67af-48a5-9f0a-34079e58e4b3-AppendLogResponseHandler: Failed appendEntries: org.apache.ratis.thirdparty.io.grpc.StatusRuntimeException: UNAVAILABLE: io exception
2019-10-02 11:23:06,735 [grpc-default-executor-6] WARN  server.GrpcLogAppender (LogUtils.java:warn(134)) - 5a152cad-2f68-44e1-8661-622a6e2403aa@group-33DDF701D157->255f5341-67af-48a5-9f0a-34079e58e4b3-AppendLogResponseHandler: Failed appendEntries: org.apache.ratis.thirdparty.io.grpc.StatusRuntimeException: UNAVAILABLE: io exception
2019-10-02 11:23:06,735 [grpc-default-executor-14] INFO  impl.FollowerInfo (FollowerInfo.java:lambda$new$0(51)) - 5a152cad-2f68-44e1-8661-622a6e2403aa@group-CFA5962B69F1->255f5341-67af-48a5-9f0a-34079e58e4b3: nextIndex: updateUnconditionally 0 -> 0
2019-10-02 11:23:06,735 [grpc-default-executor-16] INFO  impl.FollowerInfo (FollowerInfo.java:lambda$new$0(51)) - 5a152cad-2f68-44e1-8661-622a6e2403aa@group-B42E39A6701C->255f5341-67af-48a5-9f0a-34079e58e4b3: nextIndex: updateUnconditionally 0 -> 0
2019-10-02 11:23:06,736 [grpc-default-executor-6] INFO  impl.FollowerInfo (FollowerInfo.java:lambda$new$0(51)) - 5a152cad-2f68-44e1-8661-622a6e2403aa@group-33DDF701D157->255f5341-67af-48a5-9f0a-34079e58e4b3: nextIndex: updateUnconditionally 0 -> 0
2019-10-02 11:23:07,191 [grpc-default-executor-6] WARN  server.GrpcLogAppender (LogUtils.java:warn(134)) - 5a152cad-2f68-44e1-8661-622a6e2403aa@group-33DDF701D157->99afa1ab-f70e-454d-b97f-b50504ecadc2-AppendLogResponseHandler: Failed appendEntries: org.apache.ratis.thirdparty.io.grpc.StatusRuntimeException: UNAVAILABLE: io exception
2019-10-02 11:23:07,191 [grpc-default-executor-1] WARN  server.GrpcLogAppender (LogUtils.java:warn(134)) - 5a152cad-2f68-44e1-8661-622a6e2403aa@group-CFA5962B69F1->99afa1ab-f70e-454d-b97f-b50504ecadc2-AppendLogResponseHandler: Failed appendEntries: org.apache.ratis.thirdparty.io.grpc.StatusRuntimeException: UNAVAILABLE: io exception
2019-10-02 11:23:07,191 [grpc-default-executor-14] WARN  server.GrpcLogAppender (LogUtils.java:warn(134)) - 5a152cad-2f68-44e1-8661-622a6e2403aa@group-B42E39A6701C->99afa1ab-f70e-454d-b97f-b50504ecadc2-AppendLogResponseHandler: Failed appendEntries: org.apache.ratis.thirdparty.io.grpc.StatusRuntimeException: UNAVAILABLE: io exception
2019-10-02 11:23:07,191 [grpc-default-executor-1] INFO  impl.FollowerInfo (FollowerInfo.java:lambda$new$0(51)) - 5a152cad-2f68-44e1-8661-622a6e2403aa@group-CFA5962B69F1->99afa1ab-f70e-454d-b97f-b50504ecadc2: nextIndex: updateUnconditionally 0 -> 0
2019-10-02 11:23:07,191 [grpc-default-executor-6] INFO  impl.FollowerInfo (FollowerInfo.java:lambda$new$0(51)) - 5a152cad-2f68-44e1-8661-622a6e2403aa@group-33DDF701D157->99afa1ab-f70e-454d-b97f-b50504ecadc2: nextIndex: updateUnconditionally 0 -> 0
2019-10-02 11:23:07,192 [grpc-default-executor-14] INFO  impl.FollowerInfo (FollowerInfo.java:lambda$new$0(51)) - 5a152cad-2f68-44e1-8661-622a6e2403aa@group-B42E39A6701C->99afa1ab-f70e-454d-b97f-b50504ecadc2: nextIndex: updateUnconditionally 0 -> 0
2019-10-02 11:23:07,235 [grpc-default-executor-16] WARN  server.GrpcLogAppender (LogUtils.java:warn(134)) - 5a152cad-2f68-44e1-8661-622a6e2403aa@group-33DDF701D157->255f5341-67af-48a5-9f0a-34079e58e4b3-AppendLogResponseHandler: Failed appendEntries: org.apache.ratis.thirdparty.io.grpc.StatusRuntimeException: UNAVAILABLE: io exception
2019-10-02 11:23:07,235 [grpc-default-executor-14] WARN  server.GrpcLogAppender (LogUtils.java:warn(134)) - 5a152cad-2f68-44e1-8661-622a6e2403aa@group-B42E39A6701C->255f5341-67af-48a5-9f0a-34079e58e4b3-AppendLogResponseHandler: Failed appendEntries: org.apache.ratis.thirdparty.io.grpc.StatusRuntimeException: UNAVAILABLE: io exception
2019-10-02 11:23:07,236 [grpc-default-executor-14] INFO  impl.FollowerInfo (FollowerInfo.java:lambda$new$0(51)) - 5a152cad-2f68-44e1-8661-622a6e2403aa@group-B42E39A6701C->255f5341-67af-48a5-9f0a-34079e58e4b3: nextIndex: updateUnconditionally 0 -> 0
2019-10-02 11:23:07,235 [grpc-default-executor-6] WARN  server.GrpcLogAppender (LogUtils.java:warn(134)) - 5a152cad-2f68-44e1-8661-622a6e2403aa@group-CFA5962B69F1->255f5341-67af-48a5-9f0a-34079e58e4b3-AppendLogResponseHandler: Failed appendEntries: org.apache.ratis.thirdparty.io.grpc.StatusRuntimeException: UNAVAILABLE: io exception
2019-10-02 11:23:07,236 [grpc-default-executor-16] INFO  impl.FollowerInfo (FollowerInfo.java:lambda$new$0(51)) - 5a152cad-2f68-44e1-8661-622a6e2403aa@group-33DDF701D157->255f5341-67af-48a5-9f0a-34079e58e4b3: nextIndex: updateUnconditionally 0 -> 0
2019-10-02 11:23:07,236 [grpc-default-executor-6] INFO  impl.FollowerInfo (FollowerInfo.java:lambda$new$0(51)) - 5a152cad-2f68-44e1-8661-622a6e2403aa@group-CFA5962B69F1->255f5341-67af-48a5-9f0a-34079e58e4b3: nextIndex: updateUnconditionally 0 -> 0
2019-10-02 11:23:07,691 [grpc-default-executor-1] WARN  server.GrpcLogAppender (LogUtils.java:warn(134)) - 5a152cad-2f68-44e1-8661-622a6e2403aa@group-33DDF701D157->99afa1ab-f70e-454d-b97f-b50504ecadc2-AppendLogResponseHandler: Failed appendEntries: org.apache.ratis.thirdparty.io.grpc.StatusRuntimeException: UNAVAILABLE: io exception
2019-10-02 11:23:07,691 [grpc-default-executor-0] WARN  server.GrpcLogAppender (LogUtils.java:warn(134)) - 5a152cad-2f68-44e1-8661-622a6e2403aa@group-B42E39A6701C->99afa1ab-f70e-454d-b97f-b50504ecadc2-AppendLogResponseHandler: Failed appendEntries: org.apache.ratis.thirdparty.io.grpc.StatusRuntimeException: UNAVAILABLE: io exception
2019-10-02 11:23:07,692 [grpc-default-executor-0] INFO  impl.FollowerInfo (FollowerInfo.java:lambda$new$0(51)) - 5a152cad-2f68-44e1-8661-622a6e2403aa@group-B42E39A6701C->99afa1ab-f70e-454d-b97f-b50504ecadc2: nextIndex: updateUnconditionally 0 -> 0
2019-10-02 11:23:07,691 [grpc-default-executor-4] WARN  server.GrpcLogAppender (LogUtils.java:warn(134)) - 5a152cad-2f68-44e1-8661-622a6e2403aa@group-CFA5962B69F1->99afa1ab-f70e-454d-b97f-b50504ecadc2-AppendLogResponseHandler: Failed appendEntries: org.apache.ratis.thirdparty.io.grpc.StatusRuntimeException: UNAVAILABLE: io exception
2019-10-02 11:23:07,692 [grpc-default-executor-1] INFO  impl.FollowerInfo (FollowerInfo.java:lambda$new$0(51)) - 5a152cad-2f68-44e1-8661-622a6e2403aa@group-33DDF701D157->99afa1ab-f70e-454d-b97f-b50504ecadc2: nextIndex: updateUnconditionally 0 -> 0
2019-10-02 11:23:07,692 [grpc-default-executor-4] INFO  impl.FollowerInfo (FollowerInfo.java:lambda$new$0(51)) - 5a152cad-2f68-44e1-8661-622a6e2403aa@group-CFA5962B69F1->99afa1ab-f70e-454d-b97f-b50504ecadc2: nextIndex: updateUnconditionally 0 -> 0
2019-10-02 11:23:07,736 [grpc-default-executor-6] WARN  server.GrpcLogAppender (LogUtils.java:warn(134)) - 5a152cad-2f68-44e1-8661-622a6e2403aa@group-B42E39A6701C->255f5341-67af-48a5-9f0a-34079e58e4b3-AppendLogResponseHandler: Failed appendEntries: org.apache.ratis.thirdparty.io.grpc.StatusRuntimeException: UNAVAILABLE: io exception
2019-10-02 11:23:07,736 [grpc-default-executor-14] WARN  server.GrpcLogAppender (LogUtils.java:warn(134)) - 5a152cad-2f68-44e1-8661-622a6e2403aa@group-33DDF701D157->255f5341-67af-48a5-9f0a-34079e58e4b3-AppendLogResponseHandler: Failed appendEntries: org.apache.ratis.thirdparty.io.grpc.StatusRuntimeException: UNAVAILABLE: io exception
2019-10-02 11:23:07,736 [grpc-default-executor-8] WARN  server.GrpcLogAppender (LogUtils.java:warn(134)) - 5a152cad-2f68-44e1-8661-622a6e2403aa@group-CFA5962B69F1->255f5341-67af-48a5-9f0a-34079e58e4b3-AppendLogResponseHandler: Failed appendEntries: org.apache.ratis.thirdparty.io.grpc.StatusRuntimeException: UNAVAILABLE: io exception
2019-10-02 11:23:07,737 [grpc-default-executor-14] INFO  impl.FollowerInfo (FollowerInfo.java:lambda$new$0(51)) - 5a152cad-2f68-44e1-8661-622a6e2403aa@group-33DDF701D157->255f5341-67af-48a5-9f0a-34079e58e4b3: nextIndex: updateUnconditionally 0 -> 0
2019-10-02 11:23:07,737 [grpc-default-executor-6] INFO  impl.FollowerInfo (FollowerInfo.java:lambda$new$0(51)) - 5a152cad-2f68-44e1-8661-622a6e2403aa@group-B42E39A6701C->255f5341-67af-48a5-9f0a-34079e58e4b3: nextIndex: updateUnconditionally 0 -> 0
2019-10-02 11:23:07,737 [grpc-default-executor-8] INFO  impl.FollowerInfo (FollowerInfo.java:lambda$new$0(51)) - 5a152cad-2f68-44e1-8661-622a6e2403aa@group-CFA5962B69F1->255f5341-67af-48a5-9f0a-34079e58e4b3: nextIndex: updateUnconditionally 0 -> 0
2019-10-02 11:23:08,021 [main] INFO  handler.ContextHandler (ContextHandler.java:doStop(910)) - Stopped o.e.j.w.WebAppContext@af78c87{/,null,UNAVAILABLE}{/ozoneManager}
2019-10-02 11:23:08,024 [main] INFO  server.AbstractConnector (AbstractConnector.java:doStop(318)) - Stopped ServerConnector@773dab28{HTTP/1.1,[http/1.1]}{0.0.0.0:0}
2019-10-02 11:23:08,026 [main] INFO  handler.ContextHandler (ContextHandler.java:doStop(910)) - Stopped o.e.j.s.ServletContextHandler@4cafa9aa{/static,file:///workdir/hadoop-ozone/integration-test/target/test-classes/webapps/static,UNAVAILABLE}
2019-10-02 11:23:08,027 [main] INFO  handler.ContextHandler (ContextHandler.java:doStop(910)) - Stopped o.e.j.s.ServletContextHandler@963176{/logs,file:///workdir/hadoop-ozone/integration-test/target/log,UNAVAILABLE}
2019-10-02 11:23:08,193 [grpc-default-executor-16] WARN  server.GrpcLogAppender (LogUtils.java:warn(134)) - 5a152cad-2f68-44e1-8661-622a6e2403aa@group-B42E39A6701C->99afa1ab-f70e-454d-b97f-b50504ecadc2-AppendLogResponseHandler: Failed appendEntries: org.apache.ratis.thirdparty.io.grpc.StatusRuntimeException: UNAVAILABLE: io exception
2019-10-02 11:23:08,193 [grpc-default-executor-8] WARN  server.GrpcLogAppender (LogUtils.java:warn(134)) - 5a152cad-2f68-44e1-8661-622a6e2403aa@group-CFA5962B69F1->99afa1ab-f70e-454d-b97f-b50504ecadc2-AppendLogResponseHandler: Failed appendEntries: org.apache.ratis.thirdparty.io.grpc.StatusRuntimeException: UNAVAILABLE: io exception
2019-10-02 11:23:08,193 [grpc-default-executor-8] INFO  impl.FollowerInfo (FollowerInfo.java:lambda$new$0(51)) - 5a152cad-2f68-44e1-8661-622a6e2403aa@group-CFA5962B69F1->99afa1ab-f70e-454d-b97f-b50504ecadc2: nextIndex: updateUnconditionally 0 -> 0
2019-10-02 11:23:08,193 [grpc-default-executor-1] WARN  server.GrpcLogAppender (LogUtils.java:warn(134)) - 5a152cad-2f68-44e1-8661-622a6e2403aa@group-33DDF701D157->99afa1ab-f70e-454d-b97f-b50504ecadc2-AppendLogResponseHandler: Failed appendEntries: org.apache.ratis.thirdparty.io.grpc.StatusRuntimeException: UNAVAILABLE: io exception
2019-10-02 11:23:08,193 [grpc-default-executor-16] INFO  impl.FollowerInfo (FollowerInfo.java:lambda$new$0(51)) - 5a152cad-2f68-44e1-8661-622a6e2403aa@group-B42E39A6701C->99afa1ab-f70e-454d-b97f-b50504ecadc2: nextIndex: updateUnconditionally 0 -> 0
2019-10-02 11:23:08,194 [grpc-default-executor-1] INFO  impl.FollowerInfo (FollowerInfo.java:lambda$new$0(51)) - 5a152cad-2f68-44e1-8661-622a6e2403aa@group-33DDF701D157->99afa1ab-f70e-454d-b97f-b50504ecadc2: nextIndex: updateUnconditionally 0 -> 0
2019-10-02 11:23:08,237 [grpc-default-executor-6] WARN  server.GrpcLogAppender (LogUtils.java:warn(134)) - 5a152cad-2f68-44e1-8661-622a6e2403aa@group-33DDF701D157->255f5341-67af-48a5-9f0a-34079e58e4b3-AppendLogResponseHandler: Failed appendEntries: org.apache.ratis.thirdparty.io.grpc.StatusRuntimeException: UNAVAILABLE: io exception
2019-10-02 11:23:08,237 [grpc-default-executor-4] WARN  server.GrpcLogAppender (LogUtils.java:warn(134)) - 5a152cad-2f68-44e1-8661-622a6e2403aa@group-B42E39A6701C->255f5341-67af-48a5-9f0a-34079e58e4b3-AppendLogResponseHandler: Failed appendEntries: org.apache.ratis.thirdparty.io.grpc.StatusRuntimeException: UNAVAILABLE: io exception
2019-10-02 11:23:08,238 [grpc-default-executor-6] INFO  impl.FollowerInfo (FollowerInfo.java:lambda$new$0(51)) - 5a152cad-2f68-44e1-8661-622a6e2403aa@group-33DDF701D157->255f5341-67af-48a5-9f0a-34079e58e4b3: nextIndex: updateUnconditionally 0 -> 0
2019-10-02 11:23:08,237 [grpc-default-executor-8] WARN  server.GrpcLogAppender (LogUtils.java:warn(134)) - 5a152cad-2f68-44e1-8661-622a6e2403aa@group-CFA5962B69F1->255f5341-67af-48a5-9f0a-34079e58e4b3-AppendLogResponseHandler: Failed appendEntries: org.apache.ratis.thirdparty.io.grpc.StatusRuntimeException: UNAVAILABLE: io exception
2019-10-02 11:23:08,238 [grpc-default-executor-4] INFO  impl.FollowerInfo (FollowerInfo.java:lambda$new$0(51)) - 5a152cad-2f68-44e1-8661-622a6e2403aa@group-B42E39A6701C->255f5341-67af-48a5-9f0a-34079e58e4b3: nextIndex: updateUnconditionally 0 -> 0
2019-10-02 11:23:08,238 [grpc-default-executor-8] INFO  impl.FollowerInfo (FollowerInfo.java:lambda$new$0(51)) - 5a152cad-2f68-44e1-8661-622a6e2403aa@group-CFA5962B69F1->255f5341-67af-48a5-9f0a-34079e58e4b3: nextIndex: updateUnconditionally 0 -> 0
2019-10-02 11:23:08,693 [grpc-default-executor-0] WARN  server.GrpcLogAppender (LogUtils.java:warn(134)) - 5a152cad-2f68-44e1-8661-622a6e2403aa@group-33DDF701D157->99afa1ab-f70e-454d-b97f-b50504ecadc2-AppendLogResponseHandler: Failed appendEntries: org.apache.ratis.thirdparty.io.grpc.StatusRuntimeException: UNAVAILABLE: io exception
2019-10-02 11:23:08,693 [grpc-default-executor-1] WARN  server.GrpcLogAppender (LogUtils.java:warn(134)) - 5a152cad-2f68-44e1-8661-622a6e2403aa@group-CFA5962B69F1->99afa1ab-f70e-454d-b97f-b50504ecadc2-AppendLogResponseHandler: Failed appendEntries: org.apache.ratis.thirdparty.io.grpc.StatusRuntimeException: UNAVAILABLE: io exception
2019-10-02 11:23:08,694 [grpc-default-executor-0] INFO  impl.FollowerInfo (FollowerInfo.java:lambda$new$0(51)) - 5a152cad-2f68-44e1-8661-622a6e2403aa@group-33DDF701D157->99afa1ab-f70e-454d-b97f-b50504ecadc2: nextIndex: updateUnconditionally 0 -> 0
2019-10-02 11:23:08,693 [grpc-default-executor-16] WARN  server.GrpcLogAppender (LogUtils.java:warn(134)) - 5a152cad-2f68-44e1-8661-622a6e2403aa@group-B42E39A6701C->99afa1ab-f70e-454d-b97f-b50504ecadc2-AppendLogResponseHandler: Failed appendEntries: org.apache.ratis.thirdparty.io.grpc.StatusRuntimeException: UNAVAILABLE: io exception
2019-10-02 11:23:08,694 [grpc-default-executor-1] INFO  impl.FollowerInfo (FollowerInfo.java:lambda$new$0(51)) - 5a152cad-2f68-44e1-8661-622a6e2403aa@group-CFA5962B69F1->99afa1ab-f70e-454d-b97f-b50504ecadc2: nextIndex: updateUnconditionally 0 -> 0
2019-10-02 11:23:08,694 [grpc-default-executor-16] INFO  impl.FollowerInfo (FollowerInfo.java:lambda$new$0(51)) - 5a152cad-2f68-44e1-8661-622a6e2403aa@group-B42E39A6701C->99afa1ab-f70e-454d-b97f-b50504ecadc2: nextIndex: updateUnconditionally 0 -> 0
2019-10-02 11:23:08,737 [grpc-default-executor-6] WARN  server.GrpcLogAppender (LogUtils.java:warn(134)) - 5a152cad-2f68-44e1-8661-622a6e2403aa@group-CFA5962B69F1->255f5341-67af-48a5-9f0a-34079e58e4b3-AppendLogResponseHandler: Failed appendEntries: org.apache.ratis.thirdparty.io.grpc.StatusRuntimeException: UNAVAILABLE: io exception
2019-10-02 11:23:08,737 [grpc-default-executor-14] WARN  server.GrpcLogAppender (LogUtils.java:warn(134)) - 5a152cad-2f68-44e1-8661-622a6e2403aa@group-B42E39A6701C->255f5341-67af-48a5-9f0a-34079e58e4b3-AppendLogResponseHandler: Failed appendEntries: org.apache.ratis.thirdparty.io.grpc.StatusRuntimeException: UNAVAILABLE: io exception
2019-10-02 11:23:08,737 [grpc-default-executor-1] WARN  server.GrpcLogAppender (LogUtils.java:warn(134)) - 5a152cad-2f68-44e1-8661-622a6e2403aa@group-33DDF701D157->255f5341-67af-48a5-9f0a-34079e58e4b3-AppendLogResponseHandler: Failed appendEntries: org.apache.ratis.thirdparty.io.grpc.StatusRuntimeException: UNAVAILABLE: io exception
2019-10-02 11:23:08,738 [grpc-default-executor-14] INFO  impl.FollowerInfo (FollowerInfo.java:lambda$new$0(51)) - 5a152cad-2f68-44e1-8661-622a6e2403aa@group-B42E39A6701C->255f5341-67af-48a5-9f0a-34079e58e4b3: nextIndex: updateUnconditionally 0 -> 0
2019-10-02 11:23:08,738 [grpc-default-executor-6] INFO  impl.FollowerInfo (FollowerInfo.java:lambda$new$0(51)) - 5a152cad-2f68-44e1-8661-622a6e2403aa@group-CFA5962B69F1->255f5341-67af-48a5-9f0a-34079e58e4b3: nextIndex: updateUnconditionally 0 -> 0
2019-10-02 11:23:08,738 [grpc-default-executor-1] INFO  impl.FollowerInfo (FollowerInfo.java:lambda$new$0(51)) - 5a152cad-2f68-44e1-8661-622a6e2403aa@group-33DDF701D157->255f5341-67af-48a5-9f0a-34079e58e4b3: nextIndex: updateUnconditionally 0 -> 0
2019-10-02 11:23:09,156 [main] INFO  ozone.MiniOzoneClusterImpl (MiniOzoneClusterImpl.java:stopDatanodes(377)) - Stopping the HddsDatanodes
2019-10-02 11:23:09,193 [grpc-default-executor-4] WARN  server.GrpcLogAppender (LogUtils.java:warn(134)) - 5a152cad-2f68-44e1-8661-622a6e2403aa@group-B42E39A6701C->99afa1ab-f70e-454d-b97f-b50504ecadc2-AppendLogResponseHandler: Failed appendEntries: org.apache.ratis.thirdparty.io.grpc.StatusRuntimeException: UNAVAILABLE: io exception
2019-10-02 11:23:09,193 [grpc-default-executor-0] WARN  server.GrpcLogAppender (LogUtils.java:warn(134)) - 5a152cad-2f68-44e1-8661-622a6e2403aa@group-CFA5962B69F1->99afa1ab-f70e-454d-b97f-b50504ecadc2-AppendLogResponseHandler: Failed appendEntries: org.apache.ratis.thirdparty.io.grpc.StatusRuntimeException: UNAVAILABLE: io exception
2019-10-02 11:23:09,193 [grpc-default-executor-8] WARN  server.GrpcLogAppender (LogUtils.java:warn(134)) - 5a152cad-2f68-44e1-8661-622a6e2403aa@group-33DDF701D157->99afa1ab-f70e-454d-b97f-b50504ecadc2-AppendLogResponseHandler: Failed appendEntries: org.apache.ratis.thirdparty.io.grpc.StatusRuntimeException: UNAVAILABLE: io exception
2019-10-02 11:23:09,194 [grpc-default-executor-0] INFO  impl.FollowerInfo (FollowerInfo.java:lambda$new$0(51)) - 5a152cad-2f68-44e1-8661-622a6e2403aa@group-CFA5962B69F1->99afa1ab-f70e-454d-b97f-b50504ecadc2: nextIndex: updateUnconditionally 0 -> 0
2019-10-02 11:23:09,194 [grpc-default-executor-4] INFO  impl.FollowerInfo (FollowerInfo.java:lambda$new$0(51)) - 5a152cad-2f68-44e1-8661-622a6e2403aa@group-B42E39A6701C->99afa1ab-f70e-454d-b97f-b50504ecadc2: nextIndex: updateUnconditionally 0 -> 0
2019-10-02 11:23:09,194 [grpc-default-executor-8] INFO  impl.FollowerInfo (FollowerInfo.java:lambda$new$0(51)) - 5a152cad-2f68-44e1-8661-622a6e2403aa@group-33DDF701D157->99afa1ab-f70e-454d-b97f-b50504ecadc2: nextIndex: updateUnconditionally 0 -> 0
2019-10-02 11:23:09,225 [Datanode State Machine Thread - 0] INFO  statemachine.DatanodeStateMachine (DatanodeStateMachine.java:lambda$startDaemon$0(350)) - Ozone container server started.
2019-10-02 11:23:09,226 [Datanode State Machine Thread - 0] INFO  statemachine.DatanodeStateMachine (DatanodeStateMachine.java:lambda$startDaemon$0(350)) - Ozone container server started.
2019-10-02 11:23:09,237 [grpc-default-executor-8] WARN  server.GrpcLogAppender (LogUtils.java:warn(134)) - 5a152cad-2f68-44e1-8661-622a6e2403aa@group-B42E39A6701C->255f5341-67af-48a5-9f0a-34079e58e4b3-AppendLogResponseHandler: Failed appendEntries: org.apache.ratis.thirdparty.io.grpc.StatusRuntimeException: UNAVAILABLE: io exception
2019-10-02 11:23:09,237 [grpc-default-executor-6] WARN  server.GrpcLogAppender (LogUtils.java:warn(134)) - 5a152cad-2f68-44e1-8661-622a6e2403aa@group-33DDF701D157->255f5341-67af-48a5-9f0a-34079e58e4b3-AppendLogResponseHandler: Failed appendEntries: org.apache.ratis.thirdparty.io.grpc.StatusRuntimeException: UNAVAILABLE: io exception
2019-10-02 11:23:09,237 [grpc-default-executor-16] WARN  server.GrpcLogAppender (LogUtils.java:warn(134)) - 5a152cad-2f68-44e1-8661-622a6e2403aa@group-CFA5962B69F1->255f5341-67af-48a5-9f0a-34079e58e4b3-AppendLogResponseHandler: Failed appendEntries: org.apache.ratis.thirdparty.io.grpc.StatusRuntimeException: UNAVAILABLE: io exception
2019-10-02 11:23:09,238 [grpc-default-executor-6] INFO  impl.FollowerInfo (FollowerInfo.java:lambda$new$0(51)) - 5a152cad-2f68-44e1-8661-622a6e2403aa@group-33DDF701D157->255f5341-67af-48a5-9f0a-34079e58e4b3: nextIndex: updateUnconditionally 0 -> 0
2019-10-02 11:23:09,238 [grpc-default-executor-8] INFO  impl.FollowerInfo (FollowerInfo.java:lambda$new$0(51)) - 5a152cad-2f68-44e1-8661-622a6e2403aa@group-B42E39A6701C->255f5341-67af-48a5-9f0a-34079e58e4b3: nextIndex: updateUnconditionally 0 -> 0
2019-10-02 11:23:09,238 [grpc-default-executor-16] INFO  impl.FollowerInfo (FollowerInfo.java:lambda$new$0(51)) - 5a152cad-2f68-44e1-8661-622a6e2403aa@group-CFA5962B69F1->255f5341-67af-48a5-9f0a-34079e58e4b3: nextIndex: updateUnconditionally 0 -> 0
2019-10-02 11:23:09,694 [grpc-default-executor-0] WARN  server.GrpcLogAppender (LogUtils.java:warn(134)) - 5a152cad-2f68-44e1-8661-622a6e2403aa@group-33DDF701D157->99afa1ab-f70e-454d-b97f-b50504ecadc2-AppendLogResponseHandler: Failed appendEntries: org.apache.ratis.thirdparty.io.grpc.StatusRuntimeException: UNAVAILABLE: io exception
2019-10-02 11:23:09,694 [grpc-default-executor-4] WARN  server.GrpcLogAppender (LogUtils.java:warn(134)) - 5a152cad-2f68-44e1-8661-622a6e2403aa@group-CFA5962B69F1->99afa1ab-f70e-454d-b97f-b50504ecadc2-AppendLogResponseHandler: Failed appendEntries: org.apache.ratis.thirdparty.io.grpc.StatusRuntimeException: UNAVAILABLE: io exception
2019-10-02 11:23:09,694 [grpc-default-executor-0] INFO  impl.FollowerInfo (FollowerInfo.java:lambda$new$0(51)) - 5a152cad-2f68-44e1-8661-622a6e2403aa@group-33DDF701D157->99afa1ab-f70e-454d-b97f-b50504ecadc2: nextIndex: updateUnconditionally 0 -> 0
2019-10-02 11:23:09,694 [grpc-default-executor-16] WARN  server.GrpcLogAppender (LogUtils.java:warn(134)) - 5a152cad-2f68-44e1-8661-622a6e2403aa@group-B42E39A6701C->99afa1ab-f70e-454d-b97f-b50504ecadc2-AppendLogResponseHandler: Failed appendEntries: org.apache.ratis.thirdparty.io.grpc.StatusRuntimeException: UNAVAILABLE: io exception
2019-10-02 11:23:09,694 [grpc-default-executor-4] INFO  impl.FollowerInfo (FollowerInfo.java:lambda$new$0(51)) - 5a152cad-2f68-44e1-8661-622a6e2403aa@group-CFA5962B69F1->99afa1ab-f70e-454d-b97f-b50504ecadc2: nextIndex: updateUnconditionally 0 -> 0
2019-10-02 11:23:09,695 [grpc-default-executor-16] INFO  impl.FollowerInfo (FollowerInfo.java:lambda$new$0(51)) - 5a152cad-2f68-44e1-8661-622a6e2403aa@group-B42E39A6701C->99afa1ab-f70e-454d-b97f-b50504ecadc2: nextIndex: updateUnconditionally 0 -> 0
2019-10-02 11:23:09,738 [grpc-default-executor-1] WARN  server.GrpcLogAppender (LogUtils.java:warn(134)) - 5a152cad-2f68-44e1-8661-622a6e2403aa@group-33DDF701D157->255f5341-67af-48a5-9f0a-34079e58e4b3-AppendLogResponseHandler: Failed appendEntries: org.apache.ratis.thirdparty.io.grpc.StatusRuntimeException: UNAVAILABLE: io exception
2019-10-02 11:23:09,738 [grpc-default-executor-6] WARN  server.GrpcLogAppender (LogUtils.java:warn(134)) - 5a152cad-2f68-44e1-8661-622a6e2403aa@group-B42E39A6701C->255f5341-67af-48a5-9f0a-34079e58e4b3-AppendLogResponseHandler: Failed appendEntries: org.apache.ratis.thirdparty.io.grpc.StatusRuntimeException: UNAVAILABLE: io exception
2019-10-02 11:23:09,738 [grpc-default-executor-8] WARN  server.GrpcLogAppender (LogUtils.java:warn(134)) - 5a152cad-2f68-44e1-8661-622a6e2403aa@group-CFA5962B69F1->255f5341-67af-48a5-9f0a-34079e58e4b3-AppendLogResponseHandler: Failed appendEntries: org.apache.ratis.thirdparty.io.grpc.StatusRuntimeException: UNAVAILABLE: io exception
2019-10-02 11:23:09,739 [grpc-default-executor-6] INFO  impl.FollowerInfo (FollowerInfo.java:lambda$new$0(51)) - 5a152cad-2f68-44e1-8661-622a6e2403aa@group-B42E39A6701C->255f5341-67af-48a5-9f0a-34079e58e4b3: nextIndex: updateUnconditionally 0 -> 0
2019-10-02 11:23:09,739 [grpc-default-executor-1] INFO  impl.FollowerInfo (FollowerInfo.java:lambda$new$0(51)) - 5a152cad-2f68-44e1-8661-622a6e2403aa@group-33DDF701D157->255f5341-67af-48a5-9f0a-34079e58e4b3: nextIndex: updateUnconditionally 0 -> 0
2019-10-02 11:23:09,739 [grpc-default-executor-8] INFO  impl.FollowerInfo (FollowerInfo.java:lambda$new$0(51)) - 5a152cad-2f68-44e1-8661-622a6e2403aa@group-CFA5962B69F1->255f5341-67af-48a5-9f0a-34079e58e4b3: nextIndex: updateUnconditionally 0 -> 0
2019-10-02 11:23:10,197 [grpc-default-executor-4] WARN  server.GrpcLogAppender (LogUtils.java:warn(134)) - 5a152cad-2f68-44e1-8661-622a6e2403aa@group-B42E39A6701C->99afa1ab-f70e-454d-b97f-b50504ecadc2-AppendLogResponseHandler: Failed appendEntries: org.apache.ratis.thirdparty.io.grpc.StatusRuntimeException: UNAVAILABLE: io exception
2019-10-02 11:23:10,197 [grpc-default-executor-8] WARN  server.GrpcLogAppender (LogUtils.java:warn(134)) - 5a152cad-2f68-44e1-8661-622a6e2403aa@group-33DDF701D157->99afa1ab-f70e-454d-b97f-b50504ecadc2-AppendLogResponseHandler: Failed appendEntries: org.apache.ratis.thirdparty.io.grpc.StatusRuntimeException: UNAVAILABLE: io exception
2019-10-02 11:23:10,197 [grpc-default-executor-0] WARN  server.GrpcLogAppender (LogUtils.java:warn(134)) - 5a152cad-2f68-44e1-8661-622a6e2403aa@group-CFA5962B69F1->99afa1ab-f70e-454d-b97f-b50504ecadc2-AppendLogResponseHandler: Failed appendEntries: org.apache.ratis.thirdparty.io.grpc.StatusRuntimeException: UNAVAILABLE: io exception
2019-10-02 11:23:10,198 [grpc-default-executor-8] INFO  impl.FollowerInfo (FollowerInfo.java:lambda$new$0(51)) - 5a152cad-2f68-44e1-8661-622a6e2403aa@group-33DDF701D157->99afa1ab-f70e-454d-b97f-b50504ecadc2: nextIndex: updateUnconditionally 0 -> 0
2019-10-02 11:23:10,198 [grpc-default-executor-4] INFO  impl.FollowerInfo (FollowerInfo.java:lambda$new$0(51)) - 5a152cad-2f68-44e1-8661-622a6e2403aa@group-B42E39A6701C->99afa1ab-f70e-454d-b97f-b50504ecadc2: nextIndex: updateUnconditionally 0 -> 0
2019-10-02 11:23:10,198 [grpc-default-executor-0] INFO  impl.FollowerInfo (FollowerInfo.java:lambda$new$0(51)) - 5a152cad-2f68-44e1-8661-622a6e2403aa@group-CFA5962B69F1->99afa1ab-f70e-454d-b97f-b50504ecadc2: nextIndex: updateUnconditionally 0 -> 0
2019-10-02 11:23:10,239 [grpc-default-executor-1] WARN  server.GrpcLogAppender (LogUtils.java:warn(134)) - 5a152cad-2f68-44e1-8661-622a6e2403aa@group-33DDF701D157->255f5341-67af-48a5-9f0a-34079e58e4b3-AppendLogResponseHandler: Failed appendEntries: org.apache.ratis.thirdparty.io.grpc.StatusRuntimeException: UNAVAILABLE: io exception
2019-10-02 11:23:10,239 [grpc-default-executor-0] WARN  server.GrpcLogAppender (LogUtils.java:warn(134)) - 5a152cad-2f68-44e1-8661-622a6e2403aa@group-CFA5962B69F1->255f5341-67af-48a5-9f0a-34079e58e4b3-AppendLogResponseHandler: Failed appendEntries: org.apache.ratis.thirdparty.io.grpc.StatusRuntimeException: UNAVAILABLE: io exception
2019-10-02 11:23:10,239 [grpc-default-executor-8] WARN  server.GrpcLogAppender (LogUtils.java:warn(134)) - 5a152cad-2f68-44e1-8661-622a6e2403aa@group-B42E39A6701C->255f5341-67af-48a5-9f0a-34079e58e4b3-AppendLogResponseHandler: Failed appendEntries: org.apache.ratis.thirdparty.io.grpc.StatusRuntimeException: UNAVAILABLE: io exception
2019-10-02 11:23:10,240 [grpc-default-executor-0] INFO  impl.FollowerInfo (FollowerInfo.java:lambda$new$0(51)) - 5a152cad-2f68-44e1-8661-622a6e2403aa@group-CFA5962B69F1->255f5341-67af-48a5-9f0a-34079e58e4b3: nextIndex: updateUnconditionally 0 -> 0
2019-10-02 11:23:10,240 [grpc-default-executor-1] INFO  impl.FollowerInfo (FollowerInfo.java:lambda$new$0(51)) - 5a152cad-2f68-44e1-8661-622a6e2403aa@group-33DDF701D157->255f5341-67af-48a5-9f0a-34079e58e4b3: nextIndex: updateUnconditionally 0 -> 0
2019-10-02 11:23:10,240 [grpc-default-executor-8] INFO  impl.FollowerInfo (FollowerInfo.java:lambda$new$0(51)) - 5a152cad-2f68-44e1-8661-622a6e2403aa@group-B42E39A6701C->255f5341-67af-48a5-9f0a-34079e58e4b3: nextIndex: updateUnconditionally 0 -> 0
2019-10-02 11:23:10,696 [grpc-default-executor-6] WARN  server.GrpcLogAppender (LogUtils.java:warn(134)) - 5a152cad-2f68-44e1-8661-622a6e2403aa@group-33DDF701D157->99afa1ab-f70e-454d-b97f-b50504ecadc2-AppendLogResponseHandler: Failed appendEntries: org.apache.ratis.thirdparty.io.grpc.StatusRuntimeException: UNAVAILABLE: io exception
2019-10-02 11:23:10,696 [grpc-default-executor-4] WARN  server.GrpcLogAppender (LogUtils.java:warn(134)) - 5a152cad-2f68-44e1-8661-622a6e2403aa@group-B42E39A6701C->99afa1ab-f70e-454d-b97f-b50504ecadc2-AppendLogResponseHandler: Failed appendEntries: org.apache.ratis.thirdparty.io.grpc.StatusRuntimeException: UNAVAILABLE: io exception
2019-10-02 11:23:10,696 [grpc-default-executor-0] WARN  server.GrpcLogAppender (LogUtils.java:warn(134)) - 5a152cad-2f68-44e1-8661-622a6e2403aa@group-CFA5962B69F1->99afa1ab-f70e-454d-b97f-b50504ecadc2-AppendLogResponseHandler: Failed appendEntries: org.apache.ratis.thirdparty.io.grpc.StatusRuntimeException: UNAVAILABLE: io exception
2019-10-02 11:23:10,696 [grpc-default-executor-4] INFO  impl.FollowerInfo (FollowerInfo.java:lambda$new$0(51)) - 5a152cad-2f68-44e1-8661-622a6e2403aa@group-B42E39A6701C->99afa1ab-f70e-454d-b97f-b50504ecadc2: nextIndex: updateUnconditionally 0 -> 0
2019-10-02 11:23:10,696 [grpc-default-executor-6] INFO  impl.FollowerInfo (FollowerInfo.java:lambda$new$0(51)) - 5a152cad-2f68-44e1-8661-622a6e2403aa@group-33DDF701D157->99afa1ab-f70e-454d-b97f-b50504ecadc2: nextIndex: updateUnconditionally 0 -> 0
2019-10-02 11:23:10,697 [grpc-default-executor-0] INFO  impl.FollowerInfo (FollowerInfo.java:lambda$new$0(51)) - 5a152cad-2f68-44e1-8661-622a6e2403aa@group-CFA5962B69F1->99afa1ab-f70e-454d-b97f-b50504ecadc2: nextIndex: updateUnconditionally 0 -> 0
2019-10-02 11:23:10,740 [grpc-default-executor-16] WARN  server.GrpcLogAppender (LogUtils.java:warn(134)) - 5a152cad-2f68-44e1-8661-622a6e2403aa@group-33DDF701D157->255f5341-67af-48a5-9f0a-34079e58e4b3-AppendLogResponseHandler: Failed appendEntries: org.apache.ratis.thirdparty.io.grpc.StatusRuntimeException: UNAVAILABLE: io exception
2019-10-02 11:23:10,740 [grpc-default-executor-8] WARN  server.GrpcLogAppender (LogUtils.java:warn(134)) - 5a152cad-2f68-44e1-8661-622a6e2403aa@group-B42E39A6701C->255f5341-67af-48a5-9f0a-34079e58e4b3-AppendLogResponseHandler: Failed appendEntries: org.apache.ratis.thirdparty.io.grpc.StatusRuntimeException: UNAVAILABLE: io exception
2019-10-02 11:23:10,740 [grpc-default-executor-0] WARN  server.GrpcLogAppender (LogUtils.java:warn(134)) - 5a152cad-2f68-44e1-8661-622a6e2403aa@group-CFA5962B69F1->255f5341-67af-48a5-9f0a-34079e58e4b3-AppendLogResponseHandler: Failed appendEntries: org.apache.ratis.thirdparty.io.grpc.StatusRuntimeException: UNAVAILABLE: io exception
2019-10-02 11:23:10,740 [grpc-default-executor-0] INFO  impl.FollowerInfo (FollowerInfo.java:lambda$new$0(51)) - 5a152cad-2f68-44e1-8661-622a6e2403aa@group-CFA5962B69F1->255f5341-67af-48a5-9f0a-34079e58e4b3: nextIndex: updateUnconditionally 0 -> 0
2019-10-02 11:23:10,740 [grpc-default-executor-8] INFO  impl.FollowerInfo (FollowerInfo.java:lambda$new$0(51)) - 5a152cad-2f68-44e1-8661-622a6e2403aa@group-B42E39A6701C->255f5341-67af-48a5-9f0a-34079e58e4b3: nextIndex: updateUnconditionally 0 -> 0
2019-10-02 11:23:10,740 [grpc-default-executor-16] INFO  impl.FollowerInfo (FollowerInfo.java:lambda$new$0(51)) - 5a152cad-2f68-44e1-8661-622a6e2403aa@group-33DDF701D157->255f5341-67af-48a5-9f0a-34079e58e4b3: nextIndex: updateUnconditionally 0 -> 0
2019-10-02 11:23:11,199 [grpc-default-executor-16] WARN  server.GrpcLogAppender (LogUtils.java:warn(134)) - 5a152cad-2f68-44e1-8661-622a6e2403aa@group-CFA5962B69F1->99afa1ab-f70e-454d-b97f-b50504ecadc2-AppendLogResponseHandler: Failed appendEntries: org.apache.ratis.thirdparty.io.grpc.StatusRuntimeException: UNAVAILABLE: io exception
2019-10-02 11:23:11,199 [grpc-default-executor-8] WARN  server.GrpcLogAppender (LogUtils.java:warn(134)) - 5a152cad-2f68-44e1-8661-622a6e2403aa@group-33DDF701D157->99afa1ab-f70e-454d-b97f-b50504ecadc2-AppendLogResponseHandler: Failed appendEntries: org.apache.ratis.thirdparty.io.grpc.StatusRuntimeException: UNAVAILABLE: io exception
2019-10-02 11:23:11,199 [grpc-default-executor-0] WARN  server.GrpcLogAppender (LogUtils.java:warn(134)) - 5a152cad-2f68-44e1-8661-622a6e2403aa@group-B42E39A6701C->99afa1ab-f70e-454d-b97f-b50504ecadc2-AppendLogResponseHandler: Failed appendEntries: org.apache.ratis.thirdparty.io.grpc.StatusRuntimeException: UNAVAILABLE: io exception
2019-10-02 11:23:11,199 [grpc-default-executor-8] INFO  impl.FollowerInfo (FollowerInfo.java:lambda$new$0(51)) - 5a152cad-2f68-44e1-8661-622a6e2403aa@group-33DDF701D157->99afa1ab-f70e-454d-b97f-b50504ecadc2: nextIndex: updateUnconditionally 0 -> 0
2019-10-02 11:23:11,199 [grpc-default-executor-16] INFO  impl.FollowerInfo (FollowerInfo.java:lambda$new$0(51)) - 5a152cad-2f68-44e1-8661-622a6e2403aa@group-CFA5962B69F1->99afa1ab-f70e-454d-b97f-b50504ecadc2: nextIndex: updateUnconditionally 0 -> 0
2019-10-02 11:23:11,199 [grpc-default-executor-0] INFO  impl.FollowerInfo (FollowerInfo.java:lambda$new$0(51)) - 5a152cad-2f68-44e1-8661-622a6e2403aa@group-B42E39A6701C->99afa1ab-f70e-454d-b97f-b50504ecadc2: nextIndex: updateUnconditionally 0 -> 0
2019-10-02 11:23:11,240 [grpc-default-executor-1] WARN  server.GrpcLogAppender (LogUtils.java:warn(134)) - 5a152cad-2f68-44e1-8661-622a6e2403aa@group-33DDF701D157->255f5341-67af-48a5-9f0a-34079e58e4b3-AppendLogResponseHandler: Failed appendEntries: org.apache.ratis.thirdparty.io.grpc.StatusRuntimeException: UNAVAILABLE: io exception
2019-10-02 11:23:11,240 [grpc-default-executor-4] WARN  server.GrpcLogAppender (LogUtils.java:warn(134)) - 5a152cad-2f68-44e1-8661-622a6e2403aa@group-CFA5962B69F1->255f5341-67af-48a5-9f0a-34079e58e4b3-AppendLogResponseHandler: Failed appendEntries: org.apache.ratis.thirdparty.io.grpc.StatusRuntimeException: UNAVAILABLE: io exception
2019-10-02 11:23:11,240 [grpc-default-executor-0] WARN  server.GrpcLogAppender (LogUtils.java:warn(134)) - 5a152cad-2f68-44e1-8661-622a6e2403aa@group-B42E39A6701C->255f5341-67af-48a5-9f0a-34079e58e4b3-AppendLogResponseHandler: Failed appendEntries: org.apache.ratis.thirdparty.io.grpc.StatusRuntimeException: UNAVAILABLE: io exception
2019-10-02 11:23:11,240 [grpc-default-executor-4] INFO  impl.FollowerInfo (FollowerInfo.java:lambda$new$0(51)) - 5a152cad-2f68-44e1-8661-622a6e2403aa@group-CFA5962B69F1->255f5341-67af-48a5-9f0a-34079e58e4b3: nextIndex: updateUnconditionally 0 -> 0
2019-10-02 11:23:11,240 [grpc-default-executor-1] INFO  impl.FollowerInfo (FollowerInfo.java:lambda$new$0(51)) - 5a152cad-2f68-44e1-8661-622a6e2403aa@group-33DDF701D157->255f5341-67af-48a5-9f0a-34079e58e4b3: nextIndex: updateUnconditionally 0 -> 0
2019-10-02 11:23:11,241 [grpc-default-executor-0] INFO  impl.FollowerInfo (FollowerInfo.java:lambda$new$0(51)) - 5a152cad-2f68-44e1-8661-622a6e2403aa@group-B42E39A6701C->255f5341-67af-48a5-9f0a-34079e58e4b3: nextIndex: updateUnconditionally 0 -> 0
2019-10-02 11:23:11,700 [grpc-default-executor-8] WARN  server.GrpcLogAppender (LogUtils.java:warn(134)) - 5a152cad-2f68-44e1-8661-622a6e2403aa@group-CFA5962B69F1->99afa1ab-f70e-454d-b97f-b50504ecadc2-AppendLogResponseHandler: Failed appendEntries: org.apache.ratis.thirdparty.io.grpc.StatusRuntimeException: UNAVAILABLE: io exception
2019-10-02 11:23:11,700 [grpc-default-executor-6] WARN  server.GrpcLogAppender (LogUtils.java:warn(134)) - 5a152cad-2f68-44e1-8661-622a6e2403aa@group-B42E39A6701C->99afa1ab-f70e-454d-b97f-b50504ecadc2-AppendLogResponseHandler: Failed appendEntries: org.apache.ratis.thirdparty.io.grpc.StatusRuntimeException: UNAVAILABLE: io exception
2019-10-02 11:23:11,700 [grpc-default-executor-4] WARN  server.GrpcLogAppender (LogUtils.java:warn(134)) - 5a152cad-2f68-44e1-8661-622a6e2403aa@group-33DDF701D157->99afa1ab-f70e-454d-b97f-b50504ecadc2-AppendLogResponseHandler: Failed appendEntries: org.apache.ratis.thirdparty.io.grpc.StatusRuntimeException: UNAVAILABLE: io exception
2019-10-02 11:23:11,701 [grpc-default-executor-6] INFO  impl.FollowerInfo (FollowerInfo.java:lambda$new$0(51)) - 5a152cad-2f68-44e1-8661-622a6e2403aa@group-B42E39A6701C->99afa1ab-f70e-454d-b97f-b50504ecadc2: nextIndex: updateUnconditionally 0 -> 0
2019-10-02 11:23:11,700 [grpc-default-executor-8] INFO  impl.FollowerInfo (FollowerInfo.java:lambda$new$0(51)) - 5a152cad-2f68-44e1-8661-622a6e2403aa@group-CFA5962B69F1->99afa1ab-f70e-454d-b97f-b50504ecadc2: nextIndex: updateUnconditionally 0 -> 0
2019-10-02 11:23:11,701 [grpc-default-executor-4] INFO  impl.FollowerInfo (FollowerInfo.java:lambda$new$0(51)) - 5a152cad-2f68-44e1-8661-622a6e2403aa@group-33DDF701D157->99afa1ab-f70e-454d-b97f-b50504ecadc2: nextIndex: updateUnconditionally 0 -> 0
2019-10-02 11:23:11,741 [grpc-default-executor-16] WARN  server.GrpcLogAppender (LogUtils.java:warn(134)) - 5a152cad-2f68-44e1-8661-622a6e2403aa@group-B42E39A6701C->255f5341-67af-48a5-9f0a-34079e58e4b3-AppendLogResponseHandler: Failed appendEntries: org.apache.ratis.thirdparty.io.grpc.StatusRuntimeException: UNAVAILABLE: io exception
2019-10-02 11:23:11,741 [grpc-default-executor-0] WARN  server.GrpcLogAppender (LogUtils.java:warn(134)) - 5a152cad-2f68-44e1-8661-622a6e2403aa@group-CFA5962B69F1->255f5341-67af-48a5-9f0a-34079e58e4b3-AppendLogResponseHandler: Failed appendEntries: org.apache.ratis.thirdparty.io.grpc.StatusRuntimeException: UNAVAILABLE: io exception
2019-10-02 11:23:11,741 [grpc-default-executor-16] INFO  impl.FollowerInfo (FollowerInfo.java:lambda$new$0(51)) - 5a152cad-2f68-44e1-8661-622a6e2403aa@group-B42E39A6701C->255f5341-67af-48a5-9f0a-34079e58e4b3: nextIndex: updateUnconditionally 0 -> 0
2019-10-02 11:23:11,741 [grpc-default-executor-1] WARN  server.GrpcLogAppender (LogUtils.java:warn(134)) - 5a152cad-2f68-44e1-8661-622a6e2403aa@group-33DDF701D157->255f5341-67af-48a5-9f0a-34079e58e4b3-AppendLogResponseHandler: Failed appendEntries: org.apache.ratis.thirdparty.io.grpc.StatusRuntimeException: UNAVAILABLE: io exception
2019-10-02 11:23:11,741 [grpc-default-executor-0] INFO  impl.FollowerInfo (FollowerInfo.java:lambda$new$0(51)) - 5a152cad-2f68-44e1-8661-622a6e2403aa@group-CFA5962B69F1->255f5341-67af-48a5-9f0a-34079e58e4b3: nextIndex: updateUnconditionally 0 -> 0
2019-10-02 11:23:11,742 [grpc-default-executor-1] INFO  impl.FollowerInfo (FollowerInfo.java:lambda$new$0(51)) - 5a152cad-2f68-44e1-8661-622a6e2403aa@group-33DDF701D157->255f5341-67af-48a5-9f0a-34079e58e4b3: nextIndex: updateUnconditionally 0 -> 0
2019-10-02 11:23:12,200 [grpc-default-executor-6] WARN  server.GrpcLogAppender (LogUtils.java:warn(134)) - 5a152cad-2f68-44e1-8661-622a6e2403aa@group-CFA5962B69F1->99afa1ab-f70e-454d-b97f-b50504ecadc2-AppendLogResponseHandler: Failed appendEntries: org.apache.ratis.thirdparty.io.grpc.StatusRuntimeException: UNAVAILABLE: io exception
2019-10-02 11:23:12,200 [grpc-default-executor-8] WARN  server.GrpcLogAppender (LogUtils.java:warn(134)) - 5a152cad-2f68-44e1-8661-622a6e2403aa@group-33DDF701D157->99afa1ab-f70e-454d-b97f-b50504ecadc2-AppendLogResponseHandler: Failed appendEntries: org.apache.ratis.thirdparty.io.grpc.StatusRuntimeException: UNAVAILABLE: io exception
2019-10-02 11:23:12,200 [grpc-default-executor-14] WARN  server.GrpcLogAppender (LogUtils.java:warn(134)) - 5a152cad-2f68-44e1-8661-622a6e2403aa@group-B42E39A6701C->99afa1ab-f70e-454d-b97f-b50504ecadc2-AppendLogResponseHandler: Failed appendEntries: org.apache.ratis.thirdparty.io.grpc.StatusRuntimeException: UNAVAILABLE: io exception
2019-10-02 11:23:12,201 [grpc-default-executor-8] INFO  impl.FollowerInfo (FollowerInfo.java:lambda$new$0(51)) - 5a152cad-2f68-44e1-8661-622a6e2403aa@group-33DDF701D157->99afa1ab-f70e-454d-b97f-b50504ecadc2: nextIndex: updateUnconditionally 0 -> 0
2019-10-02 11:23:12,201 [grpc-default-executor-6] INFO  impl.FollowerInfo (FollowerInfo.java:lambda$new$0(51)) - 5a152cad-2f68-44e1-8661-622a6e2403aa@group-CFA5962B69F1->99afa1ab-f70e-454d-b97f-b50504ecadc2: nextIndex: updateUnconditionally 0 -> 0
2019-10-02 11:23:12,201 [grpc-default-executor-14] INFO  impl.FollowerInfo (FollowerInfo.java:lambda$new$0(51)) - 5a152cad-2f68-44e1-8661-622a6e2403aa@group-B42E39A6701C->99afa1ab-f70e-454d-b97f-b50504ecadc2: nextIndex: updateUnconditionally 0 -> 0
2019-10-02 11:23:12,241 [grpc-default-executor-14] WARN  server.GrpcLogAppender (LogUtils.java:warn(134)) - 5a152cad-2f68-44e1-8661-622a6e2403aa@group-B42E39A6701C->255f5341-67af-48a5-9f0a-34079e58e4b3-AppendLogResponseHandler: Failed appendEntries: org.apache.ratis.thirdparty.io.grpc.StatusRuntimeException: UNAVAILABLE: io exception
2019-10-02 11:23:12,241 [grpc-default-executor-0] WARN  server.GrpcLogAppender (LogUtils.java:warn(134)) - 5a152cad-2f68-44e1-8661-622a6e2403aa@group-33DDF701D157->255f5341-67af-48a5-9f0a-34079e58e4b3-AppendLogResponseHandler: Failed appendEntries: org.apache.ratis.thirdparty.io.grpc.StatusRuntimeException: UNAVAILABLE: io exception
2019-10-02 11:23:12,241 [grpc-default-executor-1] WARN  server.GrpcLogAppender (LogUtils.java:warn(134)) - 5a152cad-2f68-44e1-8661-622a6e2403aa@group-CFA5962B69F1->255f5341-67af-48a5-9f0a-34079e58e4b3-AppendLogResponseHandler: Failed appendEntries: org.apache.ratis.thirdparty.io.grpc.StatusRuntimeException: UNAVAILABLE: io exception
2019-10-02 11:23:12,241 [grpc-default-executor-0] INFO  impl.FollowerInfo (FollowerInfo.java:lambda$new$0(51)) - 5a152cad-2f68-44e1-8661-622a6e2403aa@group-33DDF701D157->255f5341-67af-48a5-9f0a-34079e58e4b3: nextIndex: updateUnconditionally 0 -> 0
2019-10-02 11:23:12,241 [grpc-default-executor-14] INFO  impl.FollowerInfo (FollowerInfo.java:lambda$new$0(51)) - 5a152cad-2f68-44e1-8661-622a6e2403aa@group-B42E39A6701C->255f5341-67af-48a5-9f0a-34079e58e4b3: nextIndex: updateUnconditionally 0 -> 0
2019-10-02 11:23:12,242 [grpc-default-executor-1] INFO  impl.FollowerInfo (FollowerInfo.java:lambda$new$0(51)) - 5a152cad-2f68-44e1-8661-622a6e2403aa@group-CFA5962B69F1->255f5341-67af-48a5-9f0a-34079e58e4b3: nextIndex: updateUnconditionally 0 -> 0
2019-10-02 11:23:12,700 [grpc-default-executor-8] WARN  server.GrpcLogAppender (LogUtils.java:warn(134)) - 5a152cad-2f68-44e1-8661-622a6e2403aa@group-CFA5962B69F1->99afa1ab-f70e-454d-b97f-b50504ecadc2-AppendLogResponseHandler: Failed appendEntries: org.apache.ratis.thirdparty.io.grpc.StatusRuntimeException: UNAVAILABLE: io exception
2019-10-02 11:23:12,700 [grpc-default-executor-6] WARN  server.GrpcLogAppender (LogUtils.java:warn(134)) - 5a152cad-2f68-44e1-8661-622a6e2403aa@group-B42E39A6701C->99afa1ab-f70e-454d-b97f-b50504ecadc2-AppendLogResponseHandler: Failed appendEntries: org.apache.ratis.thirdparty.io.grpc.StatusRuntimeException: UNAVAILABLE: io exception
2019-10-02 11:23:12,701 [grpc-default-executor-8] INFO  impl.FollowerInfo (FollowerInfo.java:lambda$new$0(51)) - 5a152cad-2f68-44e1-8661-622a6e2403aa@group-CFA5962B69F1->99afa1ab-f70e-454d-b97f-b50504ecadc2: nextIndex: updateUnconditionally 0 -> 0
2019-10-02 11:23:12,700 [grpc-default-executor-14] WARN  server.GrpcLogAppender (LogUtils.java:warn(134)) - 5a152cad-2f68-44e1-8661-622a6e2403aa@group-33DDF701D157->99afa1ab-f70e-454d-b97f-b50504ecadc2-AppendLogResponseHandler: Failed appendEntries: org.apache.ratis.thirdparty.io.grpc.StatusRuntimeException: UNAVAILABLE: io exception
2019-10-02 11:23:12,701 [grpc-default-executor-6] INFO  impl.FollowerInfo (FollowerInfo.java:lambda$new$0(51)) - 5a152cad-2f68-44e1-8661-622a6e2403aa@group-B42E39A6701C->99afa1ab-f70e-454d-b97f-b50504ecadc2: nextIndex: updateUnconditionally 0 -> 0
2019-10-02 11:23:12,701 [grpc-default-executor-14] INFO  impl.FollowerInfo (FollowerInfo.java:lambda$new$0(51)) - 5a152cad-2f68-44e1-8661-622a6e2403aa@group-33DDF701D157->99afa1ab-f70e-454d-b97f-b50504ecadc2: nextIndex: updateUnconditionally 0 -> 0
2019-10-02 11:23:12,745 [grpc-default-executor-8] WARN  server.GrpcLogAppender (LogUtils.java:warn(134)) - 5a152cad-2f68-44e1-8661-622a6e2403aa@group-CFA5962B69F1->255f5341-67af-48a5-9f0a-34079e58e4b3-AppendLogResponseHandler: Failed appendEntries: org.apache.ratis.thirdparty.io.grpc.StatusRuntimeException: UNAVAILABLE: io exception
2019-10-02 11:23:12,745 [grpc-default-executor-16] WARN  server.GrpcLogAppender (LogUtils.java:warn(134)) - 5a152cad-2f68-44e1-8661-622a6e2403aa@group-B42E39A6701C->255f5341-67af-48a5-9f0a-34079e58e4b3-AppendLogResponseHandler: Failed appendEntries: org.apache.ratis.thirdparty.io.grpc.StatusRuntimeException: UNAVAILABLE: io exception
2019-10-02 11:23:12,745 [grpc-default-executor-8] INFO  impl.FollowerInfo (FollowerInfo.java:lambda$new$0(51)) - 5a152cad-2f68-44e1-8661-622a6e2403aa@group-CFA5962B69F1->255f5341-67af-48a5-9f0a-34079e58e4b3: nextIndex: updateUnconditionally 0 -> 0
2019-10-02 11:23:12,745 [grpc-default-executor-0] WARN  server.GrpcLogAppender (LogUtils.java:warn(134)) - 5a152cad-2f68-44e1-8661-622a6e2403aa@group-33DDF701D157->255f5341-67af-48a5-9f0a-34079e58e4b3-AppendLogResponseHandler: Failed appendEntries: org.apache.ratis.thirdparty.io.grpc.StatusRuntimeException: UNAVAILABLE: io exception
2019-10-02 11:23:12,745 [grpc-default-executor-16] INFO  impl.FollowerInfo (FollowerInfo.java:lambda$new$0(51)) - 5a152cad-2f68-44e1-8661-622a6e2403aa@group-B42E39A6701C->255f5341-67af-48a5-9f0a-34079e58e4b3: nextIndex: updateUnconditionally 0 -> 0
2019-10-02 11:23:12,745 [grpc-default-executor-0] INFO  impl.FollowerInfo (FollowerInfo.java:lambda$new$0(51)) - 5a152cad-2f68-44e1-8661-622a6e2403aa@group-33DDF701D157->255f5341-67af-48a5-9f0a-34079e58e4b3: nextIndex: updateUnconditionally 0 -> 0
2019-10-02 11:23:13,201 [grpc-default-executor-1] WARN  server.GrpcLogAppender (LogUtils.java:warn(134)) - 5a152cad-2f68-44e1-8661-622a6e2403aa@group-33DDF701D157->99afa1ab-f70e-454d-b97f-b50504ecadc2-AppendLogResponseHandler: Failed appendEntries: org.apache.ratis.thirdparty.io.grpc.StatusRuntimeException: UNAVAILABLE: io exception
2019-10-02 11:23:13,201 [grpc-default-executor-6] WARN  server.GrpcLogAppender (LogUtils.java:warn(134)) - 5a152cad-2f68-44e1-8661-622a6e2403aa@group-B42E39A6701C->99afa1ab-f70e-454d-b97f-b50504ecadc2-AppendLogResponseHandler: Failed appendEntries: org.apache.ratis.thirdparty.io.grpc.StatusRuntimeException: UNAVAILABLE: io exception
2019-10-02 11:23:13,201 [grpc-default-executor-8] WARN  server.GrpcLogAppender (LogUtils.java:warn(134)) - 5a152cad-2f68-44e1-8661-622a6e2403aa@group-CFA5962B69F1->99afa1ab-f70e-454d-b97f-b50504ecadc2-AppendLogResponseHandler: Failed appendEntries: org.apache.ratis.thirdparty.io.grpc.StatusRuntimeException: UNAVAILABLE: io exception
2019-10-02 11:23:13,201 [grpc-default-executor-6] INFO  impl.FollowerInfo (FollowerInfo.java:lambda$new$0(51)) - 5a152cad-2f68-44e1-8661-622a6e2403aa@group-B42E39A6701C->99afa1ab-f70e-454d-b97f-b50504ecadc2: nextIndex: updateUnconditionally 0 -> 0
2019-10-02 11:23:13,201 [grpc-default-executor-1] INFO  impl.FollowerInfo (FollowerInfo.java:lambda$new$0(51)) - 5a152cad-2f68-44e1-8661-622a6e2403aa@group-33DDF701D157->99afa1ab-f70e-454d-b97f-b50504ecadc2: nextIndex: updateUnconditionally 0 -> 0
2019-10-02 11:23:13,201 [grpc-default-executor-8] INFO  impl.FollowerInfo (FollowerInfo.java:lambda$new$0(51)) - 5a152cad-2f68-44e1-8661-622a6e2403aa@group-CFA5962B69F1->99afa1ab-f70e-454d-b97f-b50504ecadc2: nextIndex: updateUnconditionally 0 -> 0
2019-10-02 11:23:13,245 [grpc-default-executor-8] WARN  server.GrpcLogAppender (LogUtils.java:warn(134)) - 5a152cad-2f68-44e1-8661-622a6e2403aa@group-CFA5962B69F1->255f5341-67af-48a5-9f0a-34079e58e4b3-AppendLogResponseHandler: Failed appendEntries: org.apache.ratis.thirdparty.io.grpc.StatusRuntimeException: UNAVAILABLE: io exception
2019-10-02 11:23:13,245 [grpc-default-executor-1] WARN  server.GrpcLogAppender (LogUtils.java:warn(134)) - 5a152cad-2f68-44e1-8661-622a6e2403aa@group-33DDF701D157->255f5341-67af-48a5-9f0a-34079e58e4b3-AppendLogResponseHandler: Failed appendEntries: org.apache.ratis.thirdparty.io.grpc.StatusRuntimeException: UNAVAILABLE: io exception
2019-10-02 11:23:13,246 [grpc-default-executor-8] INFO  impl.FollowerInfo (FollowerInfo.java:lambda$new$0(51)) - 5a152cad-2f68-44e1-8661-622a6e2403aa@group-CFA5962B69F1->255f5341-67af-48a5-9f0a-34079e58e4b3: nextIndex: updateUnconditionally 0 -> 0
2019-10-02 11:23:13,245 [grpc-default-executor-14] WARN  server.GrpcLogAppender (LogUtils.java:warn(134)) - 5a152cad-2f68-44e1-8661-622a6e2403aa@group-B42E39A6701C->255f5341-67af-48a5-9f0a-34079e58e4b3-AppendLogResponseHandler: Failed appendEntries: org.apache.ratis.thirdparty.io.grpc.StatusRuntimeException: UNAVAILABLE: io exception
2019-10-02 11:23:13,246 [grpc-default-executor-1] INFO  impl.FollowerInfo (FollowerInfo.java:lambda$new$0(51)) - 5a152cad-2f68-44e1-8661-622a6e2403aa@group-33DDF701D157->255f5341-67af-48a5-9f0a-34079e58e4b3: nextIndex: updateUnconditionally 0 -> 0
2019-10-02 11:23:13,246 [grpc-default-executor-14] INFO  impl.FollowerInfo (FollowerInfo.java:lambda$new$0(51)) - 5a152cad-2f68-44e1-8661-622a6e2403aa@group-B42E39A6701C->255f5341-67af-48a5-9f0a-34079e58e4b3: nextIndex: updateUnconditionally 0 -> 0
2019-10-02 11:23:13,701 [grpc-default-executor-6] WARN  server.GrpcLogAppender (LogUtils.java:warn(134)) - 5a152cad-2f68-44e1-8661-622a6e2403aa@group-B42E39A6701C->99afa1ab-f70e-454d-b97f-b50504ecadc2-AppendLogResponseHandler: Failed appendEntries: org.apache.ratis.thirdparty.io.grpc.StatusRuntimeException: UNAVAILABLE: io exception
2019-10-02 11:23:13,701 [grpc-default-executor-16] WARN  server.GrpcLogAppender (LogUtils.java:warn(134)) - 5a152cad-2f68-44e1-8661-622a6e2403aa@group-33DDF701D157->99afa1ab-f70e-454d-b97f-b50504ecadc2-AppendLogResponseHandler: Failed appendEntries: org.apache.ratis.thirdparty.io.grpc.StatusRuntimeException: UNAVAILABLE: io exception
2019-10-02 11:23:13,701 [grpc-default-executor-8] WARN  server.GrpcLogAppender (LogUtils.java:warn(134)) - 5a152cad-2f68-44e1-8661-622a6e2403aa@group-CFA5962B69F1->99afa1ab-f70e-454d-b97f-b50504ecadc2-AppendLogResponseHandler: Failed appendEntries: org.apache.ratis.thirdparty.io.grpc.StatusRuntimeException: UNAVAILABLE: io exception
2019-10-02 11:23:13,702 [grpc-default-executor-16] INFO  impl.FollowerInfo (FollowerInfo.java:lambda$new$0(51)) - 5a152cad-2f68-44e1-8661-622a6e2403aa@group-33DDF701D157->99afa1ab-f70e-454d-b97f-b50504ecadc2: nextIndex: updateUnconditionally 0 -> 0
2019-10-02 11:23:13,702 [grpc-default-executor-6] INFO  impl.FollowerInfo (FollowerInfo.java:lambda$new$0(51)) - 5a152cad-2f68-44e1-8661-622a6e2403aa@group-B42E39A6701C->99afa1ab-f70e-454d-b97f-b50504ecadc2: nextIndex: updateUnconditionally 0 -> 0
2019-10-02 11:23:13,702 [grpc-default-executor-8] INFO  impl.FollowerInfo (FollowerInfo.java:lambda$new$0(51)) - 5a152cad-2f68-44e1-8661-622a6e2403aa@group-CFA5962B69F1->99afa1ab-f70e-454d-b97f-b50504ecadc2: nextIndex: updateUnconditionally 0 -> 0
2019-10-02 11:23:13,747 [grpc-default-executor-0] WARN  server.GrpcLogAppender (LogUtils.java:warn(134)) - 5a152cad-2f68-44e1-8661-622a6e2403aa@group-33DDF701D157->255f5341-67af-48a5-9f0a-34079e58e4b3-AppendLogResponseHandler: Failed appendEntries: org.apache.ratis.thirdparty.io.grpc.StatusRuntimeException: UNAVAILABLE: io exception
2019-10-02 11:23:13,748 [grpc-default-executor-14] WARN  server.GrpcLogAppender (LogUtils.java:warn(134)) - 5a152cad-2f68-44e1-8661-622a6e2403aa@group-CFA5962B69F1->255f5341-67af-48a5-9f0a-34079e58e4b3-AppendLogResponseHandler: Failed appendEntries: org.apache.ratis.thirdparty.io.grpc.StatusRuntimeException: UNAVAILABLE: io exception
2019-10-02 11:23:13,748 [grpc-default-executor-6] WARN  server.GrpcLogAppender (LogUtils.java:warn(134)) - 5a152cad-2f68-44e1-8661-622a6e2403aa@group-B42E39A6701C->255f5341-67af-48a5-9f0a-34079e58e4b3-AppendLogResponseHandler: Failed appendEntries: org.apache.ratis.thirdparty.io.grpc.StatusRuntimeException: UNAVAILABLE: io exception
2019-10-02 11:23:13,748 [grpc-default-executor-0] INFO  impl.FollowerInfo (FollowerInfo.java:lambda$new$0(51)) - 5a152cad-2f68-44e1-8661-622a6e2403aa@group-33DDF701D157->255f5341-67af-48a5-9f0a-34079e58e4b3: nextIndex: updateUnconditionally 0 -> 0
2019-10-02 11:23:13,748 [grpc-default-executor-6] INFO  impl.FollowerInfo (FollowerInfo.java:lambda$new$0(51)) - 5a152cad-2f68-44e1-8661-622a6e2403aa@group-B42E39A6701C->255f5341-67af-48a5-9f0a-34079e58e4b3: nextIndex: updateUnconditionally 0 -> 0
2019-10-02 11:23:13,748 [grpc-default-executor-14] INFO  impl.FollowerInfo (FollowerInfo.java:lambda$new$0(51)) - 5a152cad-2f68-44e1-8661-622a6e2403aa@group-CFA5962B69F1->255f5341-67af-48a5-9f0a-34079e58e4b3: nextIndex: updateUnconditionally 0 -> 0
2019-10-02 11:23:14,160 [ForkJoinPool.commonPool-worker-1] INFO  ozoneimpl.OzoneContainer (OzoneContainer.java:stop(231)) - Attempting to stop container services.
2019-10-02 11:23:14,160 [main] INFO  ozoneimpl.OzoneContainer (OzoneContainer.java:stop(231)) - Attempting to stop container services.
2019-10-02 11:23:14,161 [main] INFO  impl.RaftServerProxy (RaftServerProxy.java:lambda$close$4(314)) - 9e274982-f195-4b5c-a6c7-0e3088e4c0d1: close
2019-10-02 11:23:14,165 [main] INFO  server.GrpcService (GrpcService.java:closeImpl(164)) - 9e274982-f195-4b5c-a6c7-0e3088e4c0d1: shutdown server with port 43345 now
2019-10-02 11:23:14,166 [main] INFO  server.GrpcService (GrpcService.java:closeImpl(172)) - 9e274982-f195-4b5c-a6c7-0e3088e4c0d1: shutdown server with port 43345 successfully
2019-10-02 11:23:14,174 [refreshUsed-/workdir/hadoop-ozone/integration-test/target/test-dir/MiniOzoneClusterImpl-544d5193-f7b3-4e33-ac9d-9d27303d2a96/datanode-5/data/containers] WARN  fs.CachingGetSpaceUsed (CachingGetSpaceUsed.java:run(183)) - Thread Interrupted waiting to refresh disk information: sleep interrupted
2019-10-02 11:23:14,186 [main] INFO  utils.BackgroundService (BackgroundService.java:shutdown(148)) - Shutting down service BlockDeletingService
2019-10-02 11:23:14,193 [main] INFO  statemachine.DatanodeStateMachine (DatanodeStateMachine.java:stopDaemon(395)) - Ozone container server stopped.
2019-10-02 11:23:14,202 [grpc-default-executor-14] WARN  server.GrpcLogAppender (LogUtils.java:warn(134)) - 5a152cad-2f68-44e1-8661-622a6e2403aa@group-33DDF701D157->99afa1ab-f70e-454d-b97f-b50504ecadc2-AppendLogResponseHandler: Failed appendEntries: org.apache.ratis.thirdparty.io.grpc.StatusRuntimeException: UNAVAILABLE: io exception
2019-10-02 11:23:14,202 [grpc-default-executor-6] WARN  server.GrpcLogAppender (LogUtils.java:warn(134)) - 5a152cad-2f68-44e1-8661-622a6e2403aa@group-CFA5962B69F1->99afa1ab-f70e-454d-b97f-b50504ecadc2-AppendLogResponseHandler: Failed appendEntries: org.apache.ratis.thirdparty.io.grpc.StatusRuntimeException: UNAVAILABLE: io exception
2019-10-02 11:23:14,202 [grpc-default-executor-6] INFO  impl.FollowerInfo (FollowerInfo.java:lambda$new$0(51)) - 5a152cad-2f68-44e1-8661-622a6e2403aa@group-CFA5962B69F1->99afa1ab-f70e-454d-b97f-b50504ecadc2: nextIndex: updateUnconditionally 0 -> 0
2019-10-02 11:23:14,202 [grpc-default-executor-8] WARN  server.GrpcLogAppender (LogUtils.java:warn(134)) - 5a152cad-2f68-44e1-8661-622a6e2403aa@group-B42E39A6701C->99afa1ab-f70e-454d-b97f-b50504ecadc2-AppendLogResponseHandler: Failed appendEntries: org.apache.ratis.thirdparty.io.grpc.StatusRuntimeException: UNAVAILABLE: io exception
2019-10-02 11:23:14,202 [grpc-default-executor-14] INFO  impl.FollowerInfo (FollowerInfo.java:lambda$new$0(51)) - 5a152cad-2f68-44e1-8661-622a6e2403aa@group-33DDF701D157->99afa1ab-f70e-454d-b97f-b50504ecadc2: nextIndex: updateUnconditionally 0 -> 0
2019-10-02 11:23:14,202 [grpc-default-executor-8] INFO  impl.FollowerInfo (FollowerInfo.java:lambda$new$0(51)) - 5a152cad-2f68-44e1-8661-622a6e2403aa@group-B42E39A6701C->99afa1ab-f70e-454d-b97f-b50504ecadc2: nextIndex: updateUnconditionally 0 -> 0
2019-10-02 11:23:14,248 [grpc-default-executor-6] WARN  server.GrpcLogAppender (LogUtils.java:warn(134)) - 5a152cad-2f68-44e1-8661-622a6e2403aa@group-B42E39A6701C->255f5341-67af-48a5-9f0a-34079e58e4b3-AppendLogResponseHandler: Failed appendEntries: org.apache.ratis.thirdparty.io.grpc.StatusRuntimeException: UNAVAILABLE: io exception
2019-10-02 11:23:14,248 [grpc-default-executor-1] WARN  server.GrpcLogAppender (LogUtils.java:warn(134)) - 5a152cad-2f68-44e1-8661-622a6e2403aa@group-33DDF701D157->255f5341-67af-48a5-9f0a-34079e58e4b3-AppendLogResponseHandler: Failed appendEntries: org.apache.ratis.thirdparty.io.grpc.StatusRuntimeException: UNAVAILABLE: io exception
2019-10-02 11:23:14,248 [grpc-default-executor-0] WARN  server.GrpcLogAppender (LogUtils.java:warn(134)) - 5a152cad-2f68-44e1-8661-622a6e2403aa@group-CFA5962B69F1->255f5341-67af-48a5-9f0a-34079e58e4b3-AppendLogResponseHandler: Failed appendEntries: org.apache.ratis.thirdparty.io.grpc.StatusRuntimeException: UNAVAILABLE: io exception
2019-10-02 11:23:14,248 [grpc-default-executor-1] INFO  impl.FollowerInfo (FollowerInfo.java:lambda$new$0(51)) - 5a152cad-2f68-44e1-8661-622a6e2403aa@group-33DDF701D157->255f5341-67af-48a5-9f0a-34079e58e4b3: nextIndex: updateUnconditionally 0 -> 0
2019-10-02 11:23:14,248 [grpc-default-executor-6] INFO  impl.FollowerInfo (FollowerInfo.java:lambda$new$0(51)) - 5a152cad-2f68-44e1-8661-622a6e2403aa@group-B42E39A6701C->255f5341-67af-48a5-9f0a-34079e58e4b3: nextIndex: updateUnconditionally 0 -> 0
2019-10-02 11:23:14,248 [grpc-default-executor-0] INFO  impl.FollowerInfo (FollowerInfo.java:lambda$new$0(51)) - 5a152cad-2f68-44e1-8661-622a6e2403aa@group-CFA5962B69F1->255f5341-67af-48a5-9f0a-34079e58e4b3: nextIndex: updateUnconditionally 0 -> 0
2019-10-02 11:23:14,396 [main] INFO  handler.ContextHandler (ContextHandler.java:doStop(910)) - Stopped o.e.j.w.WebAppContext@3d7fb838{/,null,UNAVAILABLE}{/hddsDatanode}
2019-10-02 11:23:14,398 [main] INFO  server.AbstractConnector (AbstractConnector.java:doStop(318)) - Stopped ServerConnector@1c26273d{HTTP/1.1,[http/1.1]}{0.0.0.0:0}
2019-10-02 11:23:14,400 [main] INFO  handler.ContextHandler (ContextHandler.java:doStop(910)) - Stopped o.e.j.s.ServletContextHandler@51d387d3{/static,jar:file:/home/user/.m2/repository/org/apache/hadoop/hadoop-hdds-container-service/0.5.0-SNAPSHOT/hadoop-hdds-container-service-0.5.0-SNAPSHOT.jar!/webapps/static,UNAVAILABLE}
2019-10-02 11:23:14,401 [main] INFO  handler.ContextHandler (ContextHandler.java:doStop(910)) - Stopped o.e.j.s.ServletContextHandler@ccf91df{/logs,file:///workdir/hadoop-ozone/integration-test/target/log,UNAVAILABLE}
2019-10-02 11:23:14,702 [grpc-default-executor-14] WARN  server.GrpcLogAppender (LogUtils.java:warn(134)) - 5a152cad-2f68-44e1-8661-622a6e2403aa@group-33DDF701D157->99afa1ab-f70e-454d-b97f-b50504ecadc2-AppendLogResponseHandler: Failed appendEntries: org.apache.ratis.thirdparty.io.grpc.StatusRuntimeException: UNAVAILABLE: io exception
2019-10-02 11:23:14,702 [grpc-default-executor-4] WARN  server.GrpcLogAppender (LogUtils.java:warn(134)) - 5a152cad-2f68-44e1-8661-622a6e2403aa@group-B42E39A6701C->99afa1ab-f70e-454d-b97f-b50504ecadc2-AppendLogResponseHandler: Failed appendEntries: org.apache.ratis.thirdparty.io.grpc.StatusRuntimeException: UNAVAILABLE: io exception
2019-10-02 11:23:14,703 [grpc-default-executor-16] WARN  server.GrpcLogAppender (LogUtils.java:warn(134)) - 5a152cad-2f68-44e1-8661-622a6e2403aa@group-CFA5962B69F1->99afa1ab-f70e-454d-b97f-b50504ecadc2-AppendLogResponseHandler: Failed appendEntries: org.apache.ratis.thirdparty.io.grpc.StatusRuntimeException: UNAVAILABLE: io exception
2019-10-02 11:23:14,703 [grpc-default-executor-4] INFO  impl.FollowerInfo (FollowerInfo.java:lambda$new$0(51)) - 5a152cad-2f68-44e1-8661-622a6e2403aa@group-B42E39A6701C->99afa1ab-f70e-454d-b97f-b50504ecadc2: nextIndex: updateUnconditionally 0 -> 0
2019-10-02 11:23:14,703 [grpc-default-executor-14] INFO  impl.FollowerInfo (FollowerInfo.java:lambda$new$0(51)) - 5a152cad-2f68-44e1-8661-622a6e2403aa@group-33DDF701D157->99afa1ab-f70e-454d-b97f-b50504ecadc2: nextIndex: updateUnconditionally 0 -> 0
2019-10-02 11:23:14,703 [grpc-default-executor-16] INFO  impl.FollowerInfo (FollowerInfo.java:lambda$new$0(51)) - 5a152cad-2f68-44e1-8661-622a6e2403aa@group-CFA5962B69F1->99afa1ab-f70e-454d-b97f-b50504ecadc2: nextIndex: updateUnconditionally 0 -> 0
2019-10-02 11:23:14,751 [grpc-default-executor-4] WARN  server.GrpcLogAppender (LogUtils.java:warn(134)) - 5a152cad-2f68-44e1-8661-622a6e2403aa@group-CFA5962B69F1->255f5341-67af-48a5-9f0a-34079e58e4b3-AppendLogResponseHandler: Failed appendEntries: org.apache.ratis.thirdparty.io.grpc.StatusRuntimeException: UNAVAILABLE: io exception
2019-10-02 11:23:14,753 [grpc-default-executor-4] INFO  impl.FollowerInfo (FollowerInfo.java:lambda$new$0(51)) - 5a152cad-2f68-44e1-8661-622a6e2403aa@group-CFA5962B69F1->255f5341-67af-48a5-9f0a-34079e58e4b3: nextIndex: updateUnconditionally 0 -> 0
2019-10-02 11:23:14,753 [grpc-default-executor-4] WARN  server.GrpcLogAppender (LogUtils.java:warn(134)) - 5a152cad-2f68-44e1-8661-622a6e2403aa@group-B42E39A6701C->255f5341-67af-48a5-9f0a-34079e58e4b3-AppendLogResponseHandler: Failed appendEntries: org.apache.ratis.thirdparty.io.grpc.StatusRuntimeException: UNAVAILABLE: Channel shutdown invoked
2019-10-02 11:23:14,754 [grpc-default-executor-4] INFO  impl.FollowerInfo (FollowerInfo.java:lambda$new$0(51)) - 5a152cad-2f68-44e1-8661-622a6e2403aa@group-B42E39A6701C->255f5341-67af-48a5-9f0a-34079e58e4b3: nextIndex: updateUnconditionally 0 -> 0
2019-10-02 11:23:14,754 [grpc-default-executor-14] WARN  server.GrpcLogAppender (LogUtils.java:warn(134)) - 5a152cad-2f68-44e1-8661-622a6e2403aa@group-33DDF701D157->255f5341-67af-48a5-9f0a-34079e58e4b3-AppendLogResponseHandler: Failed appendEntries: org.apache.ratis.thirdparty.io.grpc.StatusRuntimeException: UNAVAILABLE: io exception
2019-10-02 11:23:14,755 [grpc-default-executor-14] INFO  impl.FollowerInfo (FollowerInfo.java:lambda$new$0(51)) - 5a152cad-2f68-44e1-8661-622a6e2403aa@group-33DDF701D157->255f5341-67af-48a5-9f0a-34079e58e4b3: nextIndex: updateUnconditionally 0 -> 0
2019-10-02 11:23:15,203 [grpc-default-executor-4] WARN  server.GrpcLogAppender (LogUtils.java:warn(134)) - 5a152cad-2f68-44e1-8661-622a6e2403aa@group-33DDF701D157->99afa1ab-f70e-454d-b97f-b50504ecadc2-AppendLogResponseHandler: Failed appendEntries: org.apache.ratis.thirdparty.io.grpc.StatusRuntimeException: UNAVAILABLE: io exception
2019-10-02 11:23:15,203 [grpc-default-executor-1] WARN  server.GrpcLogAppender (LogUtils.java:warn(134)) - 5a152cad-2f68-44e1-8661-622a6e2403aa@group-B42E39A6701C->99afa1ab-f70e-454d-b97f-b50504ecadc2-AppendLogResponseHandler: Failed appendEntries: org.apache.ratis.thirdparty.io.grpc.StatusRuntimeException: UNAVAILABLE: io exception
2019-10-02 11:23:15,203 [grpc-default-executor-8] WARN  server.GrpcLogAppender (LogUtils.java:warn(134)) - 5a152cad-2f68-44e1-8661-622a6e2403aa@group-CFA5962B69F1->99afa1ab-f70e-454d-b97f-b50504ecadc2-AppendLogResponseHandler: Failed appendEntries: org.apache.ratis.thirdparty.io.grpc.StatusRuntimeException: UNAVAILABLE: io exception
2019-10-02 11:23:15,204 [grpc-default-executor-1] INFO  impl.FollowerInfo (FollowerInfo.java:lambda$new$0(51)) - 5a152cad-2f68-44e1-8661-622a6e2403aa@group-B42E39A6701C->99afa1ab-f70e-454d-b97f-b50504ecadc2: nextIndex: updateUnconditionally 0 -> 0
2019-10-02 11:23:15,203 [grpc-default-executor-4] INFO  impl.FollowerInfo (FollowerInfo.java:lambda$new$0(51)) - 5a152cad-2f68-44e1-8661-622a6e2403aa@group-33DDF701D157->99afa1ab-f70e-454d-b97f-b50504ecadc2: nextIndex: updateUnconditionally 0 -> 0
2019-10-02 11:23:15,204 [grpc-default-executor-8] INFO  impl.FollowerInfo (FollowerInfo.java:lambda$new$0(51)) - 5a152cad-2f68-44e1-8661-622a6e2403aa@group-CFA5962B69F1->99afa1ab-f70e-454d-b97f-b50504ecadc2: nextIndex: updateUnconditionally 0 -> 0
2019-10-02 11:23:15,227 [Datanode State Machine Thread - 0] INFO  statemachine.DatanodeStateMachine (DatanodeStateMachine.java:lambda$startDaemon$0(350)) - Ozone container server started.
2019-10-02 11:23:15,250 [grpc-default-executor-8] WARN  server.GrpcLogAppender (LogUtils.java:warn(134)) - 5a152cad-2f68-44e1-8661-622a6e2403aa@group-CFA5962B69F1->255f5341-67af-48a5-9f0a-34079e58e4b3-AppendLogResponseHandler: Failed appendEntries: org.apache.ratis.thirdparty.io.grpc.StatusRuntimeException: UNAVAILABLE: io exception
2019-10-02 11:23:15,250 [grpc-default-executor-14] WARN  server.GrpcLogAppender (LogUtils.java:warn(134)) - 5a152cad-2f68-44e1-8661-622a6e2403aa@group-33DDF701D157->255f5341-67af-48a5-9f0a-34079e58e4b3-AppendLogResponseHandler: Failed appendEntries: org.apache.ratis.thirdparty.io.grpc.StatusRuntimeException: UNAVAILABLE: io exception
2019-10-02 11:23:15,250 [grpc-default-executor-8] INFO  impl.FollowerInfo (FollowerInfo.java:lambda$new$0(51)) - 5a152cad-2f68-44e1-8661-622a6e2403aa@group-CFA5962B69F1->255f5341-67af-48a5-9f0a-34079e58e4b3: nextIndex: updateUnconditionally 0 -> 0
2019-10-02 11:23:15,250 [grpc-default-executor-14] INFO  impl.FollowerInfo (FollowerInfo.java:lambda$new$0(51)) - 5a152cad-2f68-44e1-8661-622a6e2403aa@group-33DDF701D157->255f5341-67af-48a5-9f0a-34079e58e4b3: nextIndex: updateUnconditionally 0 -> 0
2019-10-02 11:23:15,255 [grpc-default-executor-4] WARN  server.GrpcLogAppender (LogUtils.java:warn(134)) - 5a152cad-2f68-44e1-8661-622a6e2403aa@group-B42E39A6701C->255f5341-67af-48a5-9f0a-34079e58e4b3-AppendLogResponseHandler: Failed appendEntries: org.apache.ratis.thirdparty.io.grpc.StatusRuntimeException: UNAVAILABLE: io exception
2019-10-02 11:23:15,256 [grpc-default-executor-4] INFO  impl.FollowerInfo (FollowerInfo.java:lambda$new$0(51)) - 5a152cad-2f68-44e1-8661-622a6e2403aa@group-B42E39A6701C->255f5341-67af-48a5-9f0a-34079e58e4b3: nextIndex: updateUnconditionally 0 -> 0
2019-10-02 11:23:15,704 [grpc-default-executor-6] WARN  server.GrpcLogAppender (LogUtils.java:warn(134)) - 5a152cad-2f68-44e1-8661-622a6e2403aa@group-33DDF701D157->99afa1ab-f70e-454d-b97f-b50504ecadc2-AppendLogResponseHandler: Failed appendEntries: org.apache.ratis.thirdparty.io.grpc.StatusRuntimeException: UNAVAILABLE: io exception
2019-10-02 11:23:15,704 [grpc-default-executor-0] WARN  server.GrpcLogAppender (LogUtils.java:warn(134)) - 5a152cad-2f68-44e1-8661-622a6e2403aa@group-CFA5962B69F1->99afa1ab-f70e-454d-b97f-b50504ecadc2-AppendLogResponseHandler: Failed appendEntries: org.apache.ratis.thirdparty.io.grpc.StatusRuntimeException: UNAVAILABLE: io exception
2019-10-02 11:23:15,704 [grpc-default-executor-6] INFO  impl.FollowerInfo (FollowerInfo.java:lambda$new$0(51)) - 5a152cad-2f68-44e1-8661-622a6e2403aa@group-33DDF701D157->99afa1ab-f70e-454d-b97f-b50504ecadc2: nextIndex: updateUnconditionally 0 -> 0
2019-10-02 11:23:15,704 [grpc-default-executor-16] WARN  server.GrpcLogAppender (LogUtils.java:warn(134)) - 5a152cad-2f68-44e1-8661-622a6e2403aa@group-B42E39A6701C->99afa1ab-f70e-454d-b97f-b50504ecadc2-AppendLogResponseHandler: Failed appendEntries: org.apache.ratis.thirdparty.io.grpc.StatusRuntimeException: UNAVAILABLE: io exception
2019-10-02 11:23:15,704 [grpc-default-executor-0] INFO  impl.FollowerInfo (FollowerInfo.java:lambda$new$0(51)) - 5a152cad-2f68-44e1-8661-622a6e2403aa@group-CFA5962B69F1->99afa1ab-f70e-454d-b97f-b50504ecadc2: nextIndex: updateUnconditionally 0 -> 0
2019-10-02 11:23:15,704 [grpc-default-executor-16] INFO  impl.FollowerInfo (FollowerInfo.java:lambda$new$0(51)) - 5a152cad-2f68-44e1-8661-622a6e2403aa@group-B42E39A6701C->99afa1ab-f70e-454d-b97f-b50504ecadc2: nextIndex: updateUnconditionally 0 -> 0
2019-10-02 11:23:15,750 [grpc-default-executor-0] WARN  server.GrpcLogAppender (LogUtils.java:warn(134)) - 5a152cad-2f68-44e1-8661-622a6e2403aa@group-CFA5962B69F1->255f5341-67af-48a5-9f0a-34079e58e4b3-AppendLogResponseHandler: Failed appendEntries: org.apache.ratis.thirdparty.io.grpc.StatusRuntimeException: UNAVAILABLE: io exception
2019-10-02 11:23:15,750 [grpc-default-executor-4] WARN  server.GrpcLogAppender (LogUtils.java:warn(134)) - 5a152cad-2f68-44e1-8661-622a6e2403aa@group-33DDF701D157->255f5341-67af-48a5-9f0a-34079e58e4b3-AppendLogResponseHandler: Failed appendEntries: org.apache.ratis.thirdparty.io.grpc.StatusRuntimeException: UNAVAILABLE: io exception
2019-10-02 11:23:15,751 [grpc-default-executor-0] INFO  impl.FollowerInfo (FollowerInfo.java:lambda$new$0(51)) - 5a152cad-2f68-44e1-8661-622a6e2403aa@group-CFA5962B69F1->255f5341-67af-48a5-9f0a-34079e58e4b3: nextIndex: updateUnconditionally 0 -> 0
2019-10-02 11:23:15,751 [grpc-default-executor-4] INFO  impl.FollowerInfo (FollowerInfo.java:lambda$new$0(51)) - 5a152cad-2f68-44e1-8661-622a6e2403aa@group-33DDF701D157->255f5341-67af-48a5-9f0a-34079e58e4b3: nextIndex: updateUnconditionally 0 -> 0
2019-10-02 11:23:15,756 [grpc-default-executor-16] WARN  server.GrpcLogAppender (LogUtils.java:warn(134)) - 5a152cad-2f68-44e1-8661-622a6e2403aa@group-B42E39A6701C->255f5341-67af-48a5-9f0a-34079e58e4b3-AppendLogResponseHandler: Failed appendEntries: org.apache.ratis.thirdparty.io.grpc.StatusRuntimeException: UNAVAILABLE: io exception
2019-10-02 11:23:15,756 [grpc-default-executor-16] INFO  impl.FollowerInfo (FollowerInfo.java:lambda$new$0(51)) - 5a152cad-2f68-44e1-8661-622a6e2403aa@group-B42E39A6701C->255f5341-67af-48a5-9f0a-34079e58e4b3: nextIndex: updateUnconditionally 0 -> 0
2019-10-02 11:23:16,204 [grpc-default-executor-6] WARN  server.GrpcLogAppender (LogUtils.java:warn(134)) - 5a152cad-2f68-44e1-8661-622a6e2403aa@group-CFA5962B69F1->99afa1ab-f70e-454d-b97f-b50504ecadc2-AppendLogResponseHandler: Failed appendEntries: org.apache.ratis.thirdparty.io.grpc.StatusRuntimeException: UNAVAILABLE: io exception
2019-10-02 11:23:16,204 [grpc-default-executor-16] WARN  server.GrpcLogAppender (LogUtils.java:warn(134)) - 5a152cad-2f68-44e1-8661-622a6e2403aa@group-33DDF701D157->99afa1ab-f70e-454d-b97f-b50504ecadc2-AppendLogResponseHandler: Failed appendEntries: org.apache.ratis.thirdparty.io.grpc.StatusRuntimeException: UNAVAILABLE: io exception
2019-10-02 11:23:16,204 [grpc-default-executor-4] WARN  server.GrpcLogAppender (LogUtils.java:warn(134)) - 5a152cad-2f68-44e1-8661-622a6e2403aa@group-B42E39A6701C->99afa1ab-f70e-454d-b97f-b50504ecadc2-AppendLogResponseHandler: Failed appendEntries: org.apache.ratis.thirdparty.io.grpc.StatusRuntimeException: UNAVAILABLE: io exception
2019-10-02 11:23:16,205 [grpc-default-executor-16] INFO  impl.FollowerInfo (FollowerInfo.java:lambda$new$0(51)) - 5a152cad-2f68-44e1-8661-622a6e2403aa@group-33DDF701D157->99afa1ab-f70e-454d-b97f-b50504ecadc2: nextIndex: updateUnconditionally 0 -> 0
2019-10-02 11:23:16,205 [grpc-default-executor-6] INFO  impl.FollowerInfo (FollowerInfo.java:lambda$new$0(51)) - 5a152cad-2f68-44e1-8661-622a6e2403aa@group-CFA5962B69F1->99afa1ab-f70e-454d-b97f-b50504ecadc2: nextIndex: updateUnconditionally 0 -> 0
2019-10-02 11:23:16,205 [grpc-default-executor-4] INFO  impl.FollowerInfo (FollowerInfo.java:lambda$new$0(51)) - 5a152cad-2f68-44e1-8661-622a6e2403aa@group-B42E39A6701C->99afa1ab-f70e-454d-b97f-b50504ecadc2: nextIndex: updateUnconditionally 0 -> 0
2019-10-02 11:23:16,251 [grpc-default-executor-4] WARN  server.GrpcLogAppender (LogUtils.java:warn(134)) - 5a152cad-2f68-44e1-8661-622a6e2403aa@group-33DDF701D157->255f5341-67af-48a5-9f0a-34079e58e4b3-AppendLogResponseHandler: Failed appendEntries: org.apache.ratis.thirdparty.io.grpc.StatusRuntimeException: UNAVAILABLE: io exception
2019-10-02 11:23:16,251 [grpc-default-executor-0] WARN  server.GrpcLogAppender (LogUtils.java:warn(134)) - 5a152cad-2f68-44e1-8661-622a6e2403aa@group-CFA5962B69F1->255f5341-67af-48a5-9f0a-34079e58e4b3-AppendLogResponseHandler: Failed appendEntries: org.apache.ratis.thirdparty.io.grpc.StatusRuntimeException: UNAVAILABLE: io exception
2019-10-02 11:23:16,252 [grpc-default-executor-4] INFO  impl.FollowerInfo (FollowerInfo.java:lambda$new$0(51)) - 5a152cad-2f68-44e1-8661-622a6e2403aa@group-33DDF701D157->255f5341-67af-48a5-9f0a-34079e58e4b3: nextIndex: updateUnconditionally 0 -> 0
2019-10-02 11:23:16,252 [grpc-default-executor-0] INFO  impl.FollowerInfo (FollowerInfo.java:lambda$new$0(51)) - 5a152cad-2f68-44e1-8661-622a6e2403aa@group-CFA5962B69F1->255f5341-67af-48a5-9f0a-34079e58e4b3: nextIndex: updateUnconditionally 0 -> 0
2019-10-02 11:23:16,256 [grpc-default-executor-6] WARN  server.GrpcLogAppender (LogUtils.java:warn(134)) - 5a152cad-2f68-44e1-8661-622a6e2403aa@group-B42E39A6701C->255f5341-67af-48a5-9f0a-34079e58e4b3-AppendLogResponseHandler: Failed appendEntries: org.apache.ratis.thirdparty.io.grpc.StatusRuntimeException: UNAVAILABLE: io exception
2019-10-02 11:23:16,256 [grpc-default-executor-6] INFO  impl.FollowerInfo (FollowerInfo.java:lambda$new$0(51)) - 5a152cad-2f68-44e1-8661-622a6e2403aa@group-B42E39A6701C->255f5341-67af-48a5-9f0a-34079e58e4b3: nextIndex: updateUnconditionally 0 -> 0
2019-10-02 11:23:16,705 [grpc-default-executor-14] WARN  server.GrpcLogAppender (LogUtils.java:warn(134)) - 5a152cad-2f68-44e1-8661-622a6e2403aa@group-33DDF701D157->99afa1ab-f70e-454d-b97f-b50504ecadc2-AppendLogResponseHandler: Failed appendEntries: org.apache.ratis.thirdparty.io.grpc.StatusRuntimeException: UNAVAILABLE: io exception
2019-10-02 11:23:16,705 [grpc-default-executor-6] WARN  server.GrpcLogAppender (LogUtils.java:warn(134)) - 5a152cad-2f68-44e1-8661-622a6e2403aa@group-B42E39A6701C->99afa1ab-f70e-454d-b97f-b50504ecadc2-AppendLogResponseHandler: Failed appendEntries: org.apache.ratis.thirdparty.io.grpc.StatusRuntimeException: UNAVAILABLE: io exception
2019-10-02 11:23:16,705 [grpc-default-executor-0] WARN  server.GrpcLogAppender (LogUtils.java:warn(134)) - 5a152cad-2f68-44e1-8661-622a6e2403aa@group-CFA5962B69F1->99afa1ab-f70e-454d-b97f-b50504ecadc2-AppendLogResponseHandler: Failed appendEntries: org.apache.ratis.thirdparty.io.grpc.StatusRuntimeException: UNAVAILABLE: io exception
2019-10-02 11:23:16,705 [grpc-default-executor-6] INFO  impl.FollowerInfo (FollowerInfo.java:lambda$new$0(51)) - 5a152cad-2f68-44e1-8661-622a6e2403aa@group-B42E39A6701C->99afa1ab-f70e-454d-b97f-b50504ecadc2: nextIndex: updateUnconditionally 0 -> 0
2019-10-02 11:23:16,705 [grpc-default-executor-14] INFO  impl.FollowerInfo (FollowerInfo.java:lambda$new$0(51)) - 5a152cad-2f68-44e1-8661-622a6e2403aa@group-33DDF701D157->99afa1ab-f70e-454d-b97f-b50504ecadc2: nextIndex: updateUnconditionally 0 -> 0
2019-10-02 11:23:16,705 [grpc-default-executor-0] INFO  impl.FollowerInfo (FollowerInfo.java:lambda$new$0(51)) - 5a152cad-2f68-44e1-8661-622a6e2403aa@group-CFA5962B69F1->99afa1ab-f70e-454d-b97f-b50504ecadc2: nextIndex: updateUnconditionally 0 -> 0
2019-10-02 11:23:16,752 [grpc-default-executor-4] WARN  server.GrpcLogAppender (LogUtils.java:warn(134)) - 5a152cad-2f68-44e1-8661-622a6e2403aa@group-CFA5962B69F1->255f5341-67af-48a5-9f0a-34079e58e4b3-AppendLogResponseHandler: Failed appendEntries: org.apache.ratis.thirdparty.io.grpc.StatusRuntimeException: UNAVAILABLE: io exception
2019-10-02 11:23:16,752 [grpc-default-executor-16] WARN  server.GrpcLogAppender (LogUtils.java:warn(134)) - 5a152cad-2f68-44e1-8661-622a6e2403aa@group-33DDF701D157->255f5341-67af-48a5-9f0a-34079e58e4b3-AppendLogResponseHandler: Failed appendEntries: org.apache.ratis.thirdparty.io.grpc.StatusRuntimeException: UNAVAILABLE: io exception
2019-10-02 11:23:16,752 [grpc-default-executor-4] INFO  impl.FollowerInfo (FollowerInfo.java:lambda$new$0(51)) - 5a152cad-2f68-44e1-8661-622a6e2403aa@group-CFA5962B69F1->255f5341-67af-48a5-9f0a-34079e58e4b3: nextIndex: updateUnconditionally 0 -> 0
2019-10-02 11:23:16,752 [grpc-default-executor-16] INFO  impl.FollowerInfo (FollowerInfo.java:lambda$new$0(51)) - 5a152cad-2f68-44e1-8661-622a6e2403aa@group-33DDF701D157->255f5341-67af-48a5-9f0a-34079e58e4b3: nextIndex: updateUnconditionally 0 -> 0
2019-10-02 11:23:16,756 [grpc-default-executor-0] WARN  server.GrpcLogAppender (LogUtils.java:warn(134)) - 5a152cad-2f68-44e1-8661-622a6e2403aa@group-B42E39A6701C->255f5341-67af-48a5-9f0a-34079e58e4b3-AppendLogResponseHandler: Failed appendEntries: org.apache.ratis.thirdparty.io.grpc.StatusRuntimeException: UNAVAILABLE: io exception
2019-10-02 11:23:16,757 [grpc-default-executor-0] INFO  impl.FollowerInfo (FollowerInfo.java:lambda$new$0(51)) - 5a152cad-2f68-44e1-8661-622a6e2403aa@group-B42E39A6701C->255f5341-67af-48a5-9f0a-34079e58e4b3: nextIndex: updateUnconditionally 0 -> 0
2019-10-02 11:23:17,045 [pool-67-thread-1] INFO  storage.RaftStorageDirectory (RaftStorageDirectory.java:tryLock(328)) - Lock on /workdir/hadoop-ozone/integration-test/target/test-dir/MiniOzoneClusterImpl-544d5193-f7b3-4e33-ac9d-9d27303d2a96/datanode-4/data/ratis/d17f1eb3-6a3b-42c1-a22a-fc2d5fd9454f/in_use.lock acquired by nodename 1997@pr-hdds-2199-dnstouuidmap-nxzb2-26233584
2019-10-02 11:23:17,045 [pool-27-thread-1] INFO  storage.RaftStorageDirectory (RaftStorageDirectory.java:tryLock(328)) - Lock on /workdir/hadoop-ozone/integration-test/target/test-dir/MiniOzoneClusterImpl-544d5193-f7b3-4e33-ac9d-9d27303d2a96/datanode-0/data/ratis/d17f1eb3-6a3b-42c1-a22a-fc2d5fd9454f/in_use.lock acquired by nodename 1997@pr-hdds-2199-dnstouuidmap-nxzb2-26233584
2019-10-02 11:23:17,045 [pool-47-thread-1] INFO  storage.RaftStorageDirectory (RaftStorageDirectory.java:tryLock(328)) - Lock on /workdir/hadoop-ozone/integration-test/target/test-dir/MiniOzoneClusterImpl-544d5193-f7b3-4e33-ac9d-9d27303d2a96/datanode-2/data/ratis/d17f1eb3-6a3b-42c1-a22a-fc2d5fd9454f/in_use.lock acquired by nodename 1997@pr-hdds-2199-dnstouuidmap-nxzb2-26233584
2019-10-02 11:23:17,205 [grpc-default-executor-14] WARN  server.GrpcLogAppender (LogUtils.java:warn(134)) - 5a152cad-2f68-44e1-8661-622a6e2403aa@group-B42E39A6701C->99afa1ab-f70e-454d-b97f-b50504ecadc2-AppendLogResponseHandler: Failed appendEntries: org.apache.ratis.thirdparty.io.grpc.StatusRuntimeException: UNAVAILABLE: io exception
2019-10-02 11:23:17,205 [grpc-default-executor-6] WARN  server.GrpcLogAppender (LogUtils.java:warn(134)) - 5a152cad-2f68-44e1-8661-622a6e2403aa@group-CFA5962B69F1->99afa1ab-f70e-454d-b97f-b50504ecadc2-AppendLogResponseHandler: Failed appendEntries: org.apache.ratis.thirdparty.io.grpc.StatusRuntimeException: UNAVAILABLE: io exception
2019-10-02 11:23:17,205 [grpc-default-executor-16] WARN  server.GrpcLogAppender (LogUtils.java:warn(134)) - 5a152cad-2f68-44e1-8661-622a6e2403aa@group-33DDF701D157->99afa1ab-f70e-454d-b97f-b50504ecadc2-AppendLogResponseHandler: Failed appendEntries: org.apache.ratis.thirdparty.io.grpc.StatusRuntimeException: UNAVAILABLE: io exception
2019-10-02 11:23:17,206 [grpc-default-executor-6] INFO  impl.FollowerInfo (FollowerInfo.java:lambda$new$0(51)) - 5a152cad-2f68-44e1-8661-622a6e2403aa@group-CFA5962B69F1->99afa1ab-f70e-454d-b97f-b50504ecadc2: nextIndex: updateUnconditionally 0 -> 0
2019-10-02 11:23:17,206 [grpc-default-executor-14] INFO  impl.FollowerInfo (FollowerInfo.java:lambda$new$0(51)) - 5a152cad-2f68-44e1-8661-622a6e2403aa@group-B42E39A6701C->99afa1ab-f70e-454d-b97f-b50504ecadc2: nextIndex: updateUnconditionally 0 -> 0
2019-10-02 11:23:17,206 [grpc-default-executor-16] INFO  impl.FollowerInfo (FollowerInfo.java:lambda$new$0(51)) - 5a152cad-2f68-44e1-8661-622a6e2403aa@group-33DDF701D157->99afa1ab-f70e-454d-b97f-b50504ecadc2: nextIndex: updateUnconditionally 0 -> 0
2019-10-02 11:23:17,252 [grpc-default-executor-14] WARN  server.GrpcLogAppender (LogUtils.java:warn(134)) - 5a152cad-2f68-44e1-8661-622a6e2403aa@group-33DDF701D157->255f5341-67af-48a5-9f0a-34079e58e4b3-AppendLogResponseHandler: Failed appendEntries: org.apache.ratis.thirdparty.io.grpc.StatusRuntimeException: UNAVAILABLE: io exception
2019-10-02 11:23:17,252 [grpc-default-executor-0] WARN  server.GrpcLogAppender (LogUtils.java:warn(134)) - 5a152cad-2f68-44e1-8661-622a6e2403aa@group-CFA5962B69F1->255f5341-67af-48a5-9f0a-34079e58e4b3-AppendLogResponseHandler: Failed appendEntries: org.apache.ratis.thirdparty.io.grpc.StatusRuntimeException: UNAVAILABLE: io exception
2019-10-02 11:23:17,252 [grpc-default-executor-14] INFO  impl.FollowerInfo (FollowerInfo.java:lambda$new$0(51)) - 5a152cad-2f68-44e1-8661-622a6e2403aa@group-33DDF701D157->255f5341-67af-48a5-9f0a-34079e58e4b3: nextIndex: updateUnconditionally 0 -> 0
2019-10-02 11:23:17,253 [grpc-default-executor-0] INFO  impl.FollowerInfo (FollowerInfo.java:lambda$new$0(51)) - 5a152cad-2f68-44e1-8661-622a6e2403aa@group-CFA5962B69F1->255f5341-67af-48a5-9f0a-34079e58e4b3: nextIndex: updateUnconditionally 0 -> 0
2019-10-02 11:23:17,257 [grpc-default-executor-6] WARN  server.GrpcLogAppender (LogUtils.java:warn(134)) - 5a152cad-2f68-44e1-8661-622a6e2403aa@group-B42E39A6701C->255f5341-67af-48a5-9f0a-34079e58e4b3-AppendLogResponseHandler: Failed appendEntries: org.apache.ratis.thirdparty.io.grpc.StatusRuntimeException: UNAVAILABLE: io exception
2019-10-02 11:23:17,257 [grpc-default-executor-6] INFO  impl.FollowerInfo (FollowerInfo.java:lambda$new$0(51)) - 5a152cad-2f68-44e1-8661-622a6e2403aa@group-B42E39A6701C->255f5341-67af-48a5-9f0a-34079e58e4b3: nextIndex: updateUnconditionally 0 -> 0
2019-10-02 11:23:17,558 [pool-67-thread-1] INFO  storage.RaftStorage (RaftStorage.java:format(84)) - Storage directory /workdir/hadoop-ozone/integration-test/target/test-dir/MiniOzoneClusterImpl-544d5193-f7b3-4e33-ac9d-9d27303d2a96/datanode-4/data/ratis/d17f1eb3-6a3b-42c1-a22a-fc2d5fd9454f has been successfully formatted.
2019-10-02 11:23:17,558 [pool-27-thread-1] INFO  storage.RaftStorage (RaftStorage.java:format(84)) - Storage directory /workdir/hadoop-ozone/integration-test/target/test-dir/MiniOzoneClusterImpl-544d5193-f7b3-4e33-ac9d-9d27303d2a96/datanode-0/data/ratis/d17f1eb3-6a3b-42c1-a22a-fc2d5fd9454f has been successfully formatted.
2019-10-02 11:23:17,558 [pool-47-thread-1] INFO  storage.RaftStorage (RaftStorage.java:format(84)) - Storage directory /workdir/hadoop-ozone/integration-test/target/test-dir/MiniOzoneClusterImpl-544d5193-f7b3-4e33-ac9d-9d27303d2a96/datanode-2/data/ratis/d17f1eb3-6a3b-42c1-a22a-fc2d5fd9454f has been successfully formatted.
2019-10-02 11:23:17,559 [pool-67-thread-1] INFO  ratis.ContainerStateMachine (ContainerStateMachine.java:loadSnapshot(230)) - group-FC2D5FD9454F: The snapshot info is null. Setting the last applied indexto:(t:0, i:~)
2019-10-02 11:23:17,559 [pool-27-thread-1] INFO  ratis.ContainerStateMachine (ContainerStateMachine.java:loadSnapshot(230)) - group-FC2D5FD9454F: The snapshot info is null. Setting the last applied indexto:(t:0, i:~)
2019-10-02 11:23:17,559 [pool-67-thread-1] INFO  server.RaftServerConfigKeys (ConfUtils.java:logGet(43)) - raft.server.notification.no-leader.timeout = 120s (custom)
2019-10-02 11:23:17,559 [pool-47-thread-1] INFO  ratis.ContainerStateMachine (ContainerStateMachine.java:loadSnapshot(230)) - group-FC2D5FD9454F: The snapshot info is null. Setting the last applied indexto:(t:0, i:~)
2019-10-02 11:23:17,560 [pool-67-thread-1] INFO  server.RaftServerConfigKeys (ConfUtils.java:logGet(43)) - raft.server.log.use.memory = false (default)
2019-10-02 11:23:17,560 [pool-27-thread-1] INFO  server.RaftServerConfigKeys (ConfUtils.java:logGet(43)) - raft.server.notification.no-leader.timeout = 120s (custom)
2019-10-02 11:23:17,560 [pool-47-thread-1] INFO  server.RaftServerConfigKeys (ConfUtils.java:logGet(43)) - raft.server.notification.no-leader.timeout = 120s (custom)
2019-10-02 11:23:17,560 [pool-67-thread-1] INFO  server.RaftServerConfigKeys (ConfUtils.java:logGet(43)) - raft.server.log.purge.gap = 1000000 (custom)
2019-10-02 11:23:17,560 [pool-27-thread-1] INFO  server.RaftServerConfigKeys (ConfUtils.java:logGet(43)) - raft.server.log.use.memory = false (default)
2019-10-02 11:23:17,561 [pool-67-thread-1] INFO  server.RaftServerConfigKeys (ConfUtils.java:logGet(43)) - raft.server.log.appender.buffer.byte-limit = 33554432 (custom)
2019-10-02 11:23:17,561 [pool-47-thread-1] INFO  server.RaftServerConfigKeys (ConfUtils.java:logGet(43)) - raft.server.log.use.memory = false (default)
2019-10-02 11:23:17,561 [pool-67-thread-1] INFO  server.RaftServerConfigKeys (ConfUtils.java:logGet(43)) - raft.server.log.segment.size.max = 1048576 (custom)
2019-10-02 11:23:17,561 [pool-27-thread-1] INFO  server.RaftServerConfigKeys (ConfUtils.java:logGet(43)) - raft.server.log.purge.gap = 1000000 (custom)
2019-10-02 11:23:17,561 [pool-47-thread-1] INFO  server.RaftServerConfigKeys (ConfUtils.java:logGet(43)) - raft.server.log.purge.gap = 1000000 (custom)
2019-10-02 11:23:17,562 [pool-27-thread-1] INFO  server.RaftServerConfigKeys (ConfUtils.java:logGet(43)) - raft.server.log.appender.buffer.byte-limit = 33554432 (custom)
2019-10-02 11:23:17,562 [pool-47-thread-1] INFO  server.RaftServerConfigKeys (ConfUtils.java:logGet(43)) - raft.server.log.appender.buffer.byte-limit = 33554432 (custom)
2019-10-02 11:23:17,562 [pool-27-thread-1] INFO  server.RaftServerConfigKeys (ConfUtils.java:logGet(43)) - raft.server.log.segment.size.max = 1048576 (custom)
2019-10-02 11:23:17,562 [pool-47-thread-1] INFO  server.RaftServerConfigKeys (ConfUtils.java:logGet(43)) - raft.server.log.segment.size.max = 1048576 (custom)
2019-10-02 11:23:17,563 [pool-27-thread-1] INFO  server.RaftServerConfigKeys (ConfUtils.java:logGet(43)) - raft.server.log.segment.cache.num.max = 2 (custom)
2019-10-02 11:23:17,563 [pool-27-thread-1] INFO  segmented.SegmentedRaftLogWorker (SegmentedRaftLogWorker.java:<init>(173)) - new 2efd349e-feaf-4869-a93b-bd8bfaac471f@group-FC2D5FD9454F-SegmentedRaftLogWorker for RaftStorage:Storage Directory /workdir/hadoop-ozone/integration-test/target/test-dir/MiniOzoneClusterImpl-544d5193-f7b3-4e33-ac9d-9d27303d2a96/datanode-0/data/ratis/d17f1eb3-6a3b-42c1-a22a-fc2d5fd9454f
2019-10-02 11:23:17,563 [pool-27-thread-1] INFO  server.RaftServerConfigKeys (ConfUtils.java:logGet(43)) - raft.server.log.queue.byte-limit = 2147483647 (custom)
2019-10-02 11:23:17,563 [pool-27-thread-1] INFO  server.RaftServerConfigKeys (ConfUtils.java:logGet(43)) - raft.server.log.queue.element-limit = 1024 (custom)
2019-10-02 11:23:17,564 [pool-27-thread-1] INFO  server.RaftServerConfigKeys (ConfUtils.java:logGet(43)) - raft.server.log.segment.size.max = 1048576 (custom)
2019-10-02 11:23:17,564 [pool-27-thread-1] INFO  server.RaftServerConfigKeys (ConfUtils.java:logGet(43)) - raft.server.log.preallocated.size = 16384 (custom)
2019-10-02 11:23:17,564 [pool-27-thread-1] INFO  server.RaftServerConfigKeys (ConfUtils.java:logGet(43)) - raft.server.log.write.buffer.size = 33554432 (custom)
2019-10-02 11:23:17,564 [pool-27-thread-1] INFO  server.RaftServerConfigKeys (ConfUtils.java:logGet(43)) - raft.server.log.force.sync.num = 128 (default)
2019-10-02 11:23:17,565 [pool-27-thread-1] INFO  server.RaftServerConfigKeys (ConfUtils.java:logGet(43)) - raft.server.log.statemachine.data.sync = true (default)
2019-10-02 11:23:17,565 [pool-27-thread-1] INFO  server.RaftServerConfigKeys (ConfUtils.java:logGet(43)) - raft.server.log.statemachine.data.sync.timeout = 10s (default)
2019-10-02 11:23:17,565 [pool-27-thread-1] INFO  server.RaftServerConfigKeys (ConfUtils.java:logGet(43)) - raft.server.log.statemachine.data.sync.timeout.retry = -1 (default)
2019-10-02 11:23:17,565 [pool-27-thread-1] INFO  server.RaftServerConfigKeys (ConfUtils.java:logGet(43)) - raft.server.log.statemachine.data.caching.enabled = true (custom)
2019-10-02 11:23:17,566 [pool-27-thread-1] INFO  segmented.SegmentedRaftLogWorker (SegmentedRaftLogWorker.java:lambda$new$0(128)) - 2efd349e-feaf-4869-a93b-bd8bfaac471f@group-FC2D5FD9454F-SegmentedRaftLogWorker: flushIndex: setUnconditionally 0 -> -1
2019-10-02 11:23:17,566 [pool-67-thread-1] INFO  server.RaftServerConfigKeys (ConfUtils.java:logGet(43)) - raft.server.log.segment.cache.num.max = 2 (custom)
2019-10-02 11:23:17,566 [pool-67-thread-1] INFO  segmented.SegmentedRaftLogWorker (SegmentedRaftLogWorker.java:<init>(173)) - new fa2082ef-2be2-4bae-9323-f7b52755e8d7@group-FC2D5FD9454F-SegmentedRaftLogWorker for RaftStorage:Storage Directory /workdir/hadoop-ozone/integration-test/target/test-dir/MiniOzoneClusterImpl-544d5193-f7b3-4e33-ac9d-9d27303d2a96/datanode-4/data/ratis/d17f1eb3-6a3b-42c1-a22a-fc2d5fd9454f
2019-10-02 11:23:17,566 [pool-67-thread-1] INFO  server.RaftServerConfigKeys (ConfUtils.java:logGet(43)) - raft.server.log.queue.byte-limit = 2147483647 (custom)
2019-10-02 11:23:17,566 [pool-67-thread-1] INFO  server.RaftServerConfigKeys (ConfUtils.java:logGet(43)) - raft.server.log.queue.element-limit = 1024 (custom)
2019-10-02 11:23:17,567 [pool-27-thread-1] INFO  server.RaftServerConfigKeys (ConfUtils.java:logGet(43)) - raft.server.snapshot.auto.trigger.enabled = true (custom)
2019-10-02 11:23:17,567 [pool-47-thread-1] INFO  server.RaftServerConfigKeys (ConfUtils.java:logGet(43)) - raft.server.log.segment.cache.num.max = 2 (custom)
2019-10-02 11:23:17,567 [pool-67-thread-1] INFO  server.RaftServerConfigKeys (ConfUtils.java:logGet(43)) - raft.server.log.segment.size.max = 1048576 (custom)
2019-10-02 11:23:17,567 [pool-47-thread-1] INFO  segmented.SegmentedRaftLogWorker (SegmentedRaftLogWorker.java:<init>(173)) - new c5209792-15f6-46a4-8128-2e7c6fbeb642@group-FC2D5FD9454F-SegmentedRaftLogWorker for RaftStorage:Storage Directory /workdir/hadoop-ozone/integration-test/target/test-dir/MiniOzoneClusterImpl-544d5193-f7b3-4e33-ac9d-9d27303d2a96/datanode-2/data/ratis/d17f1eb3-6a3b-42c1-a22a-fc2d5fd9454f
2019-10-02 11:23:17,567 [pool-27-thread-1] INFO  server.RaftServerConfigKeys (ConfUtils.java:logGet(43)) - raft.server.snapshot.auto.trigger.threshold = 10000 (custom)
2019-10-02 11:23:17,567 [pool-47-thread-1] INFO  server.RaftServerConfigKeys (ConfUtils.java:logGet(43)) - raft.server.log.queue.byte-limit = 2147483647 (custom)
2019-10-02 11:23:17,567 [pool-67-thread-1] INFO  server.RaftServerConfigKeys (ConfUtils.java:logGet(43)) - raft.server.log.preallocated.size = 16384 (custom)
2019-10-02 11:23:17,568 [pool-47-thread-1] INFO  server.RaftServerConfigKeys (ConfUtils.java:logGet(43)) - raft.server.log.queue.element-limit = 1024 (custom)
2019-10-02 11:23:17,567 [pool-27-thread-1] INFO  server.RaftServerConfigKeys (ConfUtils.java:logGet(43)) - raft.server.snapshot.retention.file.num = 5 (custom)
2019-10-02 11:23:17,568 [pool-47-thread-1] INFO  server.RaftServerConfigKeys (ConfUtils.java:logGet(43)) - raft.server.log.segment.size.max = 1048576 (custom)
2019-10-02 11:23:17,568 [pool-67-thread-1] INFO  server.RaftServerConfigKeys (ConfUtils.java:logGet(43)) - raft.server.log.write.buffer.size = 33554432 (custom)
2019-10-02 11:23:17,568 [pool-47-thread-1] INFO  server.RaftServerConfigKeys (ConfUtils.java:logGet(43)) - raft.server.log.preallocated.size = 16384 (custom)
2019-10-02 11:23:17,568 [pool-27-thread-1] INFO  server.RaftServerConfigKeys (ConfUtils.java:logGet(43)) - raft.server.retrycache.expirytime = 600000ms (custom)
2019-10-02 11:23:17,568 [pool-47-thread-1] INFO  server.RaftServerConfigKeys (ConfUtils.java:logGet(43)) - raft.server.log.write.buffer.size = 33554432 (custom)
2019-10-02 11:23:17,568 [pool-67-thread-1] INFO  server.RaftServerConfigKeys (ConfUtils.java:logGet(43)) - raft.server.log.force.sync.num = 128 (default)
2019-10-02 11:23:17,569 [pool-47-thread-1] INFO  server.RaftServerConfigKeys (ConfUtils.java:logGet(43)) - raft.server.log.force.sync.num = 128 (default)
2019-10-02 11:23:17,569 [pool-67-thread-1] INFO  server.RaftServerConfigKeys (ConfUtils.java:logGet(43)) - raft.server.log.statemachine.data.sync = true (default)
2019-10-02 11:23:17,569 [pool-47-thread-1] INFO  server.RaftServerConfigKeys (ConfUtils.java:logGet(43)) - raft.server.log.statemachine.data.sync = true (default)
2019-10-02 11:23:17,569 [pool-67-thread-1] INFO  server.RaftServerConfigKeys (ConfUtils.java:logGet(43)) - raft.server.log.statemachine.data.sync.timeout = 10s (default)
2019-10-02 11:23:17,569 [pool-47-thread-1] INFO  server.RaftServerConfigKeys (ConfUtils.java:logGet(43)) - raft.server.log.statemachine.data.sync.timeout = 10s (default)
2019-10-02 11:23:17,569 [pool-67-thread-1] INFO  server.RaftServerConfigKeys (ConfUtils.java:logGet(43)) - raft.server.log.statemachine.data.sync.timeout.retry = -1 (default)
2019-10-02 11:23:17,569 [pool-47-thread-1] INFO  server.RaftServerConfigKeys (ConfUtils.java:logGet(43)) - raft.server.log.statemachine.data.sync.timeout.retry = -1 (default)
2019-10-02 11:23:17,570 [pool-67-thread-1] INFO  server.RaftServerConfigKeys (ConfUtils.java:logGet(43)) - raft.server.log.statemachine.data.caching.enabled = true (custom)
2019-10-02 11:23:17,570 [pool-47-thread-1] INFO  server.RaftServerConfigKeys (ConfUtils.java:logGet(43)) - raft.server.log.statemachine.data.caching.enabled = true (custom)
2019-10-02 11:23:17,570 [pool-67-thread-1] INFO  segmented.SegmentedRaftLogWorker (SegmentedRaftLogWorker.java:lambda$new$0(128)) - fa2082ef-2be2-4bae-9323-f7b52755e8d7@group-FC2D5FD9454F-SegmentedRaftLogWorker: flushIndex: setUnconditionally 0 -> -1
2019-10-02 11:23:17,571 [pool-47-thread-1] INFO  segmented.SegmentedRaftLogWorker (SegmentedRaftLogWorker.java:lambda$new$0(128)) - c5209792-15f6-46a4-8128-2e7c6fbeb642@group-FC2D5FD9454F-SegmentedRaftLogWorker: flushIndex: setUnconditionally 0 -> -1
2019-10-02 11:23:17,571 [pool-67-thread-1] INFO  server.RaftServerConfigKeys (ConfUtils.java:logGet(43)) - raft.server.snapshot.auto.trigger.enabled = true (custom)
2019-10-02 11:23:17,571 [pool-67-thread-1] INFO  server.RaftServerConfigKeys (ConfUtils.java:logGet(43)) - raft.server.snapshot.auto.trigger.threshold = 10000 (custom)
2019-10-02 11:23:17,571 [pool-67-thread-1] INFO  server.RaftServerConfigKeys (ConfUtils.java:logGet(43)) - raft.server.snapshot.retention.file.num = 5 (custom)
2019-10-02 11:23:17,571 [pool-47-thread-1] INFO  server.RaftServerConfigKeys (ConfUtils.java:logGet(43)) - raft.server.snapshot.auto.trigger.enabled = true (custom)
2019-10-02 11:23:17,571 [pool-67-thread-1] INFO  server.RaftServerConfigKeys (ConfUtils.java:logGet(43)) - raft.server.retrycache.expirytime = 600000ms (custom)
2019-10-02 11:23:17,571 [pool-47-thread-1] INFO  server.RaftServerConfigKeys (ConfUtils.java:logGet(43)) - raft.server.snapshot.auto.trigger.threshold = 10000 (custom)
2019-10-02 11:23:17,571 [pool-47-thread-1] INFO  server.RaftServerConfigKeys (ConfUtils.java:logGet(43)) - raft.server.snapshot.retention.file.num = 5 (custom)
2019-10-02 11:23:17,572 [pool-47-thread-1] INFO  server.RaftServerConfigKeys (ConfUtils.java:logGet(43)) - raft.server.retrycache.expirytime = 600000ms (custom)
2019-10-02 11:23:17,572 [pool-27-thread-1] INFO  impl.RaftServerImpl (RaftServerImpl.java:start(181)) - 2efd349e-feaf-4869-a93b-bd8bfaac471f@group-FC2D5FD9454F: start as a follower, conf=-1: [c5209792-15f6-46a4-8128-2e7c6fbeb642:192.168.151.122:34481, 2efd349e-feaf-4869-a93b-bd8bfaac471f:192.168.151.122:46738, fa2082ef-2be2-4bae-9323-f7b52755e8d7:192.168.151.122:39327], old=null
2019-10-02 11:23:17,572 [pool-27-thread-1] INFO  impl.RaftServerImpl (RaftServerImpl.java:setRole(170)) - 2efd349e-feaf-4869-a93b-bd8bfaac471f@group-FC2D5FD9454F: changes role from      null to FOLLOWER at term 0 for startAsFollower
2019-10-02 11:23:17,572 [pool-27-thread-1] INFO  impl.RoleInfo (RoleInfo.java:updateAndGet(143)) - 2efd349e-feaf-4869-a93b-bd8bfaac471f: start FollowerState
2019-10-02 11:23:17,573 [pool-27-thread-1] INFO  util.JmxRegister (JmxRegister.java:tryRegister(44)) - Successfully registered JMX Bean with object name Ratis:service=RaftServer,group=group-FC2D5FD9454F,id=2efd349e-feaf-4869-a93b-bd8bfaac471f
2019-10-02 11:23:17,574 [pool-67-thread-1] INFO  impl.RaftServerProxy (RaftServerProxy.java:remove(95)) - fa2082ef-2be2-4bae-9323-f7b52755e8d7: remove group-FC2D5FD9454F:null
2019-10-02 11:23:17,574 [pool-47-thread-1] INFO  impl.RaftServerProxy (RaftServerProxy.java:remove(95)) - c5209792-15f6-46a4-8128-2e7c6fbeb642: remove group-FC2D5FD9454F:null
2019-10-02 11:23:17,574 [pool-67-thread-1] WARN  impl.RaftServerProxy (RaftServerProxy.java:lambda$groupAddAsync$11(388)) - fa2082ef-2be2-4bae-9323-f7b52755e8d7: Failed groupAdd* GroupManagementRequest:client-8DF41097A986->fa2082ef-2be2-4bae-9323-f7b52755e8d7@group-FC2D5FD9454F, cid=18, seq=0, RW, null, Add:group-FC2D5FD9454F:[c5209792-15f6-46a4-8128-2e7c6fbeb642:192.168.151.122:34481, 2efd349e-feaf-4869-a93b-bd8bfaac471f:192.168.151.122:46738, fa2082ef-2be2-4bae-9323-f7b52755e8d7:192.168.151.122:39327]
java.util.concurrent.CompletionException: java.lang.IllegalStateException: fa2082ef-2be2-4bae-9323-f7b52755e8d7: failed to start a new impl:      null fa2082ef-2be2-4bae-9323-f7b52755e8d7@group-FC2D5FD9454F:t0, leader=null, voted=null, raftlog=fa2082ef-2be2-4bae-9323-f7b52755e8d7@group-FC2D5FD9454F-SegmentedRaftLog:OPENED:c-1,f-1,i0, conf=-1: [c5209792-15f6-46a4-8128-2e7c6fbeb642:192.168.151.122:34481, 2efd349e-feaf-4869-a93b-bd8bfaac471f:192.168.151.122:46738, fa2082ef-2be2-4bae-9323-f7b52755e8d7:192.168.151.122:39327], old=null CLOSED
	at java.util.concurrent.CompletableFuture.encodeThrowable(CompletableFuture.java:273)
	at java.util.concurrent.CompletableFuture.completeThrowable(CompletableFuture.java:280)
	at java.util.concurrent.CompletableFuture.uniApply(CompletableFuture.java:604)
	at java.util.concurrent.CompletableFuture$UniApply.tryFire(CompletableFuture.java:577)
	at java.util.concurrent.CompletableFuture$Completion.run(CompletableFuture.java:442)
	at java.util.concurrent.ThreadPoolExecutor.runWorker(ThreadPoolExecutor.java:1149)
	at java.util.concurrent.ThreadPoolExecutor$Worker.run(ThreadPoolExecutor.java:624)
	at java.lang.Thread.run(Thread.java:748)
Caused by: java.lang.IllegalStateException: fa2082ef-2be2-4bae-9323-f7b52755e8d7: failed to start a new impl:      null fa2082ef-2be2-4bae-9323-f7b52755e8d7@group-FC2D5FD9454F:t0, leader=null, voted=null, raftlog=fa2082ef-2be2-4bae-9323-f7b52755e8d7@group-FC2D5FD9454F-SegmentedRaftLog:OPENED:c-1,f-1,i0, conf=-1: [c5209792-15f6-46a4-8128-2e7c6fbeb642:192.168.151.122:34481, 2efd349e-feaf-4869-a93b-bd8bfaac471f:192.168.151.122:46738, fa2082ef-2be2-4bae-9323-f7b52755e8d7:192.168.151.122:39327], old=null CLOSED
	at org.apache.ratis.util.Preconditions.assertTrue(Preconditions.java:75)
	at org.apache.ratis.server.impl.RaftServerProxy.lambda$groupAddAsync$10(RaftServerProxy.java:382)
	at java.util.concurrent.CompletableFuture.uniApply(CompletableFuture.java:602)
	... 5 more
2019-10-02 11:23:17,574 [pool-47-thread-1] WARN  impl.RaftServerProxy (RaftServerProxy.java:lambda$groupAddAsync$11(388)) - c5209792-15f6-46a4-8128-2e7c6fbeb642: Failed groupAdd* GroupManagementRequest:client-B17E1EA4DD22->c5209792-15f6-46a4-8128-2e7c6fbeb642@group-FC2D5FD9454F, cid=20, seq=0, RW, null, Add:group-FC2D5FD9454F:[c5209792-15f6-46a4-8128-2e7c6fbeb642:192.168.151.122:34481, 2efd349e-feaf-4869-a93b-bd8bfaac471f:192.168.151.122:46738, fa2082ef-2be2-4bae-9323-f7b52755e8d7:192.168.151.122:39327]
java.util.concurrent.CompletionException: java.util.concurrent.RejectedExecutionException: Task java.util.concurrent.CompletableFuture$UniApply@2ac5d5f9 rejected from java.util.concurrent.ThreadPoolExecutor@6fc75ec5[Shutting down, pool size = 1, active threads = 1, queued tasks = 0, completed tasks = 0]
	at java.util.concurrent.CompletableFuture.encodeThrowable(CompletableFuture.java:273)
	at java.util.concurrent.CompletableFuture.completeThrowable(CompletableFuture.java:280)
	at java.util.concurrent.CompletableFuture.uniApply(CompletableFuture.java:604)
	at java.util.concurrent.CompletableFuture$UniApply.tryFire(CompletableFuture.java:577)
	at java.util.concurrent.CompletableFuture.postComplete(CompletableFuture.java:474)
	at java.util.concurrent.CompletableFuture$AsyncSupply.run(CompletableFuture.java:1595)
	at java.util.concurrent.ThreadPoolExecutor.runWorker(ThreadPoolExecutor.java:1149)
	at java.util.concurrent.ThreadPoolExecutor$Worker.run(ThreadPoolExecutor.java:624)
	at java.lang.Thread.run(Thread.java:748)
Caused by: java.util.concurrent.RejectedExecutionException: Task java.util.concurrent.CompletableFuture$UniApply@2ac5d5f9 rejected from java.util.concurrent.ThreadPoolExecutor@6fc75ec5[Shutting down, pool size = 1, active threads = 1, queued tasks = 0, completed tasks = 0]
	at java.util.concurrent.ThreadPoolExecutor$AbortPolicy.rejectedExecution(ThreadPoolExecutor.java:2063)
	at java.util.concurrent.ThreadPoolExecutor.reject(ThreadPoolExecutor.java:830)
	at java.util.concurrent.ThreadPoolExecutor.execute(ThreadPoolExecutor.java:1379)
	at java.util.concurrent.Executors$DelegatedExecutorService.execute(Executors.java:668)
	at java.util.concurrent.CompletableFuture$UniCompletion.claim(CompletableFuture.java:529)
	at java.util.concurrent.CompletableFuture.uniApply(CompletableFuture.java:599)
	... 6 more
2019-10-02 11:23:17,576 [ForkJoinPool.commonPool-worker-1] INFO  impl.RaftServerProxy (RaftServerProxy.java:lambda$close$4(314)) - c5209792-15f6-46a4-8128-2e7c6fbeb642: close
2019-10-02 11:23:17,576 [ForkJoinPool.commonPool-worker-1] INFO  server.GrpcService (GrpcService.java:closeImpl(164)) - c5209792-15f6-46a4-8128-2e7c6fbeb642: shutdown server with port 34481 now
2019-10-02 11:23:17,579 [ForkJoinPool.commonPool-worker-1] INFO  server.GrpcService (GrpcService.java:closeImpl(172)) - c5209792-15f6-46a4-8128-2e7c6fbeb642: shutdown server with port 34481 successfully
2019-10-02 11:23:17,588 [refreshUsed-/workdir/hadoop-ozone/integration-test/target/test-dir/MiniOzoneClusterImpl-544d5193-f7b3-4e33-ac9d-9d27303d2a96/datanode-2/data/containers] WARN  fs.CachingGetSpaceUsed (CachingGetSpaceUsed.java:run(183)) - Thread Interrupted waiting to refresh disk information: sleep interrupted
2019-10-02 11:23:17,603 [ForkJoinPool.commonPool-worker-1] INFO  utils.BackgroundService (BackgroundService.java:shutdown(148)) - Shutting down service BlockDeletingService
2019-10-02 11:23:17,609 [ForkJoinPool.commonPool-worker-1] INFO  statemachine.DatanodeStateMachine (DatanodeStateMachine.java:stopDaemon(395)) - Ozone container server stopped.
2019-10-02 11:23:17,706 [grpc-default-executor-0] WARN  server.GrpcLogAppender (LogUtils.java:warn(134)) - 5a152cad-2f68-44e1-8661-622a6e2403aa@group-33DDF701D157->99afa1ab-f70e-454d-b97f-b50504ecadc2-AppendLogResponseHandler: Failed appendEntries: org.apache.ratis.thirdparty.io.grpc.StatusRuntimeException: UNAVAILABLE: io exception
2019-10-02 11:23:17,706 [grpc-default-executor-4] WARN  server.GrpcLogAppender (LogUtils.java:warn(134)) - 5a152cad-2f68-44e1-8661-622a6e2403aa@group-B42E39A6701C->99afa1ab-f70e-454d-b97f-b50504ecadc2-AppendLogResponseHandler: Failed appendEntries: org.apache.ratis.thirdparty.io.grpc.StatusRuntimeException: UNAVAILABLE: io exception
2019-10-02 11:23:17,706 [grpc-default-executor-0] INFO  impl.FollowerInfo (FollowerInfo.java:lambda$new$0(51)) - 5a152cad-2f68-44e1-8661-622a6e2403aa@group-33DDF701D157->99afa1ab-f70e-454d-b97f-b50504ecadc2: nextIndex: updateUnconditionally 0 -> 0
2019-10-02 11:23:17,706 [grpc-default-executor-8] WARN  server.GrpcLogAppender (LogUtils.java:warn(134)) - 5a152cad-2f68-44e1-8661-622a6e2403aa@group-CFA5962B69F1->99afa1ab-f70e-454d-b97f-b50504ecadc2-AppendLogResponseHandler: Failed appendEntries: org.apache.ratis.thirdparty.io.grpc.StatusRuntimeException: UNAVAILABLE: io exception
2019-10-02 11:23:17,706 [grpc-default-executor-4] INFO  impl.FollowerInfo (FollowerInfo.java:lambda$new$0(51)) - 5a152cad-2f68-44e1-8661-622a6e2403aa@group-B42E39A6701C->99afa1ab-f70e-454d-b97f-b50504ecadc2: nextIndex: updateUnconditionally 0 -> 0
2019-10-02 11:23:17,707 [grpc-default-executor-8] INFO  impl.FollowerInfo (FollowerInfo.java:lambda$new$0(51)) - 5a152cad-2f68-44e1-8661-622a6e2403aa@group-CFA5962B69F1->99afa1ab-f70e-454d-b97f-b50504ecadc2: nextIndex: updateUnconditionally 0 -> 0
2019-10-02 11:23:17,753 [grpc-default-executor-6] WARN  server.GrpcLogAppender (LogUtils.java:warn(134)) - 5a152cad-2f68-44e1-8661-622a6e2403aa@group-CFA5962B69F1->255f5341-67af-48a5-9f0a-34079e58e4b3-AppendLogResponseHandler: Failed appendEntries: org.apache.ratis.thirdparty.io.grpc.StatusRuntimeException: UNAVAILABLE: io exception
2019-10-02 11:23:17,753 [grpc-default-executor-16] WARN  server.GrpcLogAppender (LogUtils.java:warn(134)) - 5a152cad-2f68-44e1-8661-622a6e2403aa@group-33DDF701D157->255f5341-67af-48a5-9f0a-34079e58e4b3-AppendLogResponseHandler: Failed appendEntries: org.apache.ratis.thirdparty.io.grpc.StatusRuntimeException: UNAVAILABLE: io exception
2019-10-02 11:23:17,753 [grpc-default-executor-6] INFO  impl.FollowerInfo (FollowerInfo.java:lambda$new$0(51)) - 5a152cad-2f68-44e1-8661-622a6e2403aa@group-CFA5962B69F1->255f5341-67af-48a5-9f0a-34079e58e4b3: nextIndex: updateUnconditionally 0 -> 0
2019-10-02 11:23:17,753 [grpc-default-executor-16] INFO  impl.FollowerInfo (FollowerInfo.java:lambda$new$0(51)) - 5a152cad-2f68-44e1-8661-622a6e2403aa@group-33DDF701D157->255f5341-67af-48a5-9f0a-34079e58e4b3: nextIndex: updateUnconditionally 0 -> 0
2019-10-02 11:23:17,757 [grpc-default-executor-6] WARN  server.GrpcLogAppender (LogUtils.java:warn(134)) - 5a152cad-2f68-44e1-8661-622a6e2403aa@group-B42E39A6701C->255f5341-67af-48a5-9f0a-34079e58e4b3-AppendLogResponseHandler: Failed appendEntries: org.apache.ratis.thirdparty.io.grpc.StatusRuntimeException: UNAVAILABLE: io exception
2019-10-02 11:23:17,757 [grpc-default-executor-6] INFO  impl.FollowerInfo (FollowerInfo.java:lambda$new$0(51)) - 5a152cad-2f68-44e1-8661-622a6e2403aa@group-B42E39A6701C->255f5341-67af-48a5-9f0a-34079e58e4b3: nextIndex: updateUnconditionally 0 -> 0
2019-10-02 11:23:18,206 [grpc-default-executor-6] WARN  server.GrpcLogAppender (LogUtils.java:warn(134)) - 5a152cad-2f68-44e1-8661-622a6e2403aa@group-CFA5962B69F1->99afa1ab-f70e-454d-b97f-b50504ecadc2-AppendLogResponseHandler: Failed appendEntries: org.apache.ratis.thirdparty.io.grpc.StatusRuntimeException: UNAVAILABLE: io exception
2019-10-02 11:23:18,206 [grpc-default-executor-4] WARN  server.GrpcLogAppender (LogUtils.java:warn(134)) - 5a152cad-2f68-44e1-8661-622a6e2403aa@group-33DDF701D157->99afa1ab-f70e-454d-b97f-b50504ecadc2-AppendLogResponseHandler: Failed appendEntries: org.apache.ratis.thirdparty.io.grpc.StatusRuntimeException: UNAVAILABLE: io exception
2019-10-02 11:23:18,206 [grpc-default-executor-14] WARN  server.GrpcLogAppender (LogUtils.java:warn(134)) - 5a152cad-2f68-44e1-8661-622a6e2403aa@group-B42E39A6701C->99afa1ab-f70e-454d-b97f-b50504ecadc2-AppendLogResponseHandler: Failed appendEntries: org.apache.ratis.thirdparty.io.grpc.StatusRuntimeException: UNAVAILABLE: io exception
2019-10-02 11:23:18,207 [grpc-default-executor-4] INFO  impl.FollowerInfo (FollowerInfo.java:lambda$new$0(51)) - 5a152cad-2f68-44e1-8661-622a6e2403aa@group-33DDF701D157->99afa1ab-f70e-454d-b97f-b50504ecadc2: nextIndex: updateUnconditionally 0 -> 0
2019-10-02 11:23:18,207 [grpc-default-executor-6] INFO  impl.FollowerInfo (FollowerInfo.java:lambda$new$0(51)) - 5a152cad-2f68-44e1-8661-622a6e2403aa@group-CFA5962B69F1->99afa1ab-f70e-454d-b97f-b50504ecadc2: nextIndex: updateUnconditionally 0 -> 0
2019-10-02 11:23:18,207 [grpc-default-executor-14] INFO  impl.FollowerInfo (FollowerInfo.java:lambda$new$0(51)) - 5a152cad-2f68-44e1-8661-622a6e2403aa@group-B42E39A6701C->99afa1ab-f70e-454d-b97f-b50504ecadc2: nextIndex: updateUnconditionally 0 -> 0
2019-10-02 11:23:18,253 [grpc-default-executor-14] WARN  server.GrpcLogAppender (LogUtils.java:warn(134)) - 5a152cad-2f68-44e1-8661-622a6e2403aa@group-33DDF701D157->255f5341-67af-48a5-9f0a-34079e58e4b3-AppendLogResponseHandler: Failed appendEntries: org.apache.ratis.thirdparty.io.grpc.StatusRuntimeException: UNAVAILABLE: io exception
2019-10-02 11:23:18,253 [grpc-default-executor-16] WARN  server.GrpcLogAppender (LogUtils.java:warn(134)) - 5a152cad-2f68-44e1-8661-622a6e2403aa@group-CFA5962B69F1->255f5341-67af-48a5-9f0a-34079e58e4b3-AppendLogResponseHandler: Failed appendEntries: org.apache.ratis.thirdparty.io.grpc.StatusRuntimeException: UNAVAILABLE: io exception
2019-10-02 11:23:18,253 [grpc-default-executor-14] INFO  impl.FollowerInfo (FollowerInfo.java:lambda$new$0(51)) - 5a152cad-2f68-44e1-8661-622a6e2403aa@group-33DDF701D157->255f5341-67af-48a5-9f0a-34079e58e4b3: nextIndex: updateUnconditionally 0 -> 0
2019-10-02 11:23:18,253 [grpc-default-executor-16] INFO  impl.FollowerInfo (FollowerInfo.java:lambda$new$0(51)) - 5a152cad-2f68-44e1-8661-622a6e2403aa@group-CFA5962B69F1->255f5341-67af-48a5-9f0a-34079e58e4b3: nextIndex: updateUnconditionally 0 -> 0
2019-10-02 11:23:18,257 [grpc-default-executor-16] WARN  server.GrpcLogAppender (LogUtils.java:warn(134)) - 5a152cad-2f68-44e1-8661-622a6e2403aa@group-B42E39A6701C->255f5341-67af-48a5-9f0a-34079e58e4b3-AppendLogResponseHandler: Failed appendEntries: org.apache.ratis.thirdparty.io.grpc.StatusRuntimeException: UNAVAILABLE: io exception
2019-10-02 11:23:18,258 [grpc-default-executor-16] INFO  impl.FollowerInfo (FollowerInfo.java:lambda$new$0(51)) - 5a152cad-2f68-44e1-8661-622a6e2403aa@group-B42E39A6701C->255f5341-67af-48a5-9f0a-34079e58e4b3: nextIndex: updateUnconditionally 0 -> 0
2019-10-02 11:23:18,262 [ForkJoinPool.commonPool-worker-1] INFO  handler.ContextHandler (ContextHandler.java:doStop(910)) - Stopped o.e.j.w.WebAppContext@fc807c1{/,null,UNAVAILABLE}{/hddsDatanode}
2019-10-02 11:23:18,263 [ForkJoinPool.commonPool-worker-1] INFO  server.AbstractConnector (AbstractConnector.java:doStop(318)) - Stopped ServerConnector@296e281a{HTTP/1.1,[http/1.1]}{0.0.0.0:0}
2019-10-02 11:23:18,265 [ForkJoinPool.commonPool-worker-1] INFO  handler.ContextHandler (ContextHandler.java:doStop(910)) - Stopped o.e.j.s.ServletContextHandler@4d95a72e{/static,jar:file:/home/user/.m2/repository/org/apache/hadoop/hadoop-hdds-container-service/0.5.0-SNAPSHOT/hadoop-hdds-container-service-0.5.0-SNAPSHOT.jar!/webapps/static,UNAVAILABLE}
2019-10-02 11:23:18,267 [ForkJoinPool.commonPool-worker-1] INFO  handler.ContextHandler (ContextHandler.java:doStop(910)) - Stopped o.e.j.s.ServletContextHandler@44536de4{/logs,file:///workdir/hadoop-ozone/integration-test/target/log,UNAVAILABLE}
2019-10-02 11:23:18,707 [grpc-default-executor-8] WARN  server.GrpcLogAppender (LogUtils.java:warn(134)) - 5a152cad-2f68-44e1-8661-622a6e2403aa@group-B42E39A6701C->99afa1ab-f70e-454d-b97f-b50504ecadc2-AppendLogResponseHandler: Failed appendEntries: org.apache.ratis.thirdparty.io.grpc.StatusRuntimeException: UNAVAILABLE: io exception
2019-10-02 11:23:18,707 [grpc-default-executor-0] WARN  server.GrpcLogAppender (LogUtils.java:warn(134)) - 5a152cad-2f68-44e1-8661-622a6e2403aa@group-CFA5962B69F1->99afa1ab-f70e-454d-b97f-b50504ecadc2-AppendLogResponseHandler: Failed appendEntries: org.apache.ratis.thirdparty.io.grpc.StatusRuntimeException: UNAVAILABLE: io exception
2019-10-02 11:23:18,707 [grpc-default-executor-4] WARN  server.GrpcLogAppender (LogUtils.java:warn(134)) - 5a152cad-2f68-44e1-8661-622a6e2403aa@group-33DDF701D157->99afa1ab-f70e-454d-b97f-b50504ecadc2-AppendLogResponseHandler: Failed appendEntries: org.apache.ratis.thirdparty.io.grpc.StatusRuntimeException: UNAVAILABLE: io exception
2019-10-02 11:23:18,707 [grpc-default-executor-0] INFO  impl.FollowerInfo (FollowerInfo.java:lambda$new$0(51)) - 5a152cad-2f68-44e1-8661-622a6e2403aa@group-CFA5962B69F1->99afa1ab-f70e-454d-b97f-b50504ecadc2: nextIndex: updateUnconditionally 0 -> 0
2019-10-02 11:23:18,707 [grpc-default-executor-8] INFO  impl.FollowerInfo (FollowerInfo.java:lambda$new$0(51)) - 5a152cad-2f68-44e1-8661-622a6e2403aa@group-B42E39A6701C->99afa1ab-f70e-454d-b97f-b50504ecadc2: nextIndex: updateUnconditionally 0 -> 0
2019-10-02 11:23:18,708 [grpc-default-executor-4] INFO  impl.FollowerInfo (FollowerInfo.java:lambda$new$0(51)) - 5a152cad-2f68-44e1-8661-622a6e2403aa@group-33DDF701D157->99afa1ab-f70e-454d-b97f-b50504ecadc2: nextIndex: updateUnconditionally 0 -> 0
2019-10-02 11:23:18,722 [Thread-587] INFO  impl.FollowerState (FollowerState.java:run(108)) - 2efd349e-feaf-4869-a93b-bd8bfaac471f@group-FC2D5FD9454F-FollowerState: change to CANDIDATE, lastRpcTime:1149ms, electionTimeout:1149ms
2019-10-02 11:23:18,722 [Thread-587] INFO  impl.RoleInfo (RoleInfo.java:shutdownFollowerState(121)) - 2efd349e-feaf-4869-a93b-bd8bfaac471f: shutdown FollowerState
2019-10-02 11:23:18,722 [Thread-587] INFO  impl.RaftServerImpl (RaftServerImpl.java:setRole(170)) - 2efd349e-feaf-4869-a93b-bd8bfaac471f@group-FC2D5FD9454F: changes role from  FOLLOWER to CANDIDATE at term 0 for changeToCandidate
2019-10-02 11:23:18,722 [Thread-587] INFO  impl.RoleInfo (RoleInfo.java:updateAndGet(143)) - 2efd349e-feaf-4869-a93b-bd8bfaac471f: start LeaderElection
2019-10-02 11:23:18,753 [grpc-default-executor-8] WARN  server.GrpcLogAppender (LogUtils.java:warn(134)) - 5a152cad-2f68-44e1-8661-622a6e2403aa@group-33DDF701D157->255f5341-67af-48a5-9f0a-34079e58e4b3-AppendLogResponseHandler: Failed appendEntries: org.apache.ratis.thirdparty.io.grpc.StatusRuntimeException: UNAVAILABLE: io exception
2019-10-02 11:23:18,753 [grpc-default-executor-14] WARN  server.GrpcLogAppender (LogUtils.java:warn(134)) - 5a152cad-2f68-44e1-8661-622a6e2403aa@group-CFA5962B69F1->255f5341-67af-48a5-9f0a-34079e58e4b3-AppendLogResponseHandler: Failed appendEntries: org.apache.ratis.thirdparty.io.grpc.StatusRuntimeException: UNAVAILABLE: io exception
2019-10-02 11:23:18,754 [grpc-default-executor-8] INFO  impl.FollowerInfo (FollowerInfo.java:lambda$new$0(51)) - 5a152cad-2f68-44e1-8661-622a6e2403aa@group-33DDF701D157->255f5341-67af-48a5-9f0a-34079e58e4b3: nextIndex: updateUnconditionally 0 -> 0
2019-10-02 11:23:18,754 [grpc-default-executor-14] INFO  impl.FollowerInfo (FollowerInfo.java:lambda$new$0(51)) - 5a152cad-2f68-44e1-8661-622a6e2403aa@group-CFA5962B69F1->255f5341-67af-48a5-9f0a-34079e58e4b3: nextIndex: updateUnconditionally 0 -> 0
2019-10-02 11:23:18,758 [grpc-default-executor-0] WARN  server.GrpcLogAppender (LogUtils.java:warn(134)) - 5a152cad-2f68-44e1-8661-622a6e2403aa@group-B42E39A6701C->255f5341-67af-48a5-9f0a-34079e58e4b3-AppendLogResponseHandler: Failed appendEntries: org.apache.ratis.thirdparty.io.grpc.StatusRuntimeException: UNAVAILABLE: io exception
2019-10-02 11:23:18,758 [grpc-default-executor-0] INFO  impl.FollowerInfo (FollowerInfo.java:lambda$new$0(51)) - 5a152cad-2f68-44e1-8661-622a6e2403aa@group-B42E39A6701C->255f5341-67af-48a5-9f0a-34079e58e4b3: nextIndex: updateUnconditionally 0 -> 0
2019-10-02 11:23:18,893 [2efd349e-feaf-4869-a93b-bd8bfaac471f@group-FC2D5FD9454F-LeaderElection20] INFO  impl.LeaderElection (LeaderElection.java:askForVotes(178)) - 2efd349e-feaf-4869-a93b-bd8bfaac471f@group-FC2D5FD9454F-LeaderElection20: begin an election at term 1 for -1: [c5209792-15f6-46a4-8128-2e7c6fbeb642:192.168.151.122:34481, 2efd349e-feaf-4869-a93b-bd8bfaac471f:192.168.151.122:46738, fa2082ef-2be2-4bae-9323-f7b52755e8d7:192.168.151.122:39327], old=null
2019-10-02 11:23:18,896 [2efd349e-feaf-4869-a93b-bd8bfaac471f@group-FC2D5FD9454F-LeaderElection20] INFO  impl.LeaderElection (LogUtils.java:infoOrTrace(149)) - 2efd349e-feaf-4869-a93b-bd8bfaac471f@group-FC2D5FD9454F-LeaderElection20 got exception when requesting votes: {}
java.util.concurrent.ExecutionException: org.apache.ratis.thirdparty.io.grpc.StatusRuntimeException: UNAVAILABLE: io exception
	at java.util.concurrent.FutureTask.report(FutureTask.java:122)
	at java.util.concurrent.FutureTask.get(FutureTask.java:192)
	at org.apache.ratis.server.impl.LeaderElection.waitForResults(LeaderElection.java:259)
	at org.apache.ratis.server.impl.LeaderElection.askForVotes(LeaderElection.java:197)
	at org.apache.ratis.server.impl.LeaderElection.run(LeaderElection.java:133)
	at java.lang.Thread.run(Thread.java:748)
Caused by: org.apache.ratis.thirdparty.io.grpc.StatusRuntimeException: UNAVAILABLE: io exception
	at org.apache.ratis.thirdparty.io.grpc.stub.ClientCalls.toStatusRuntimeException(ClientCalls.java:233)
	at org.apache.ratis.thirdparty.io.grpc.stub.ClientCalls.getUnchecked(ClientCalls.java:214)
	at org.apache.ratis.thirdparty.io.grpc.stub.ClientCalls.blockingUnaryCall(ClientCalls.java:139)
	at org.apache.ratis.proto.grpc.RaftServerProtocolServiceGrpc$RaftServerProtocolServiceBlockingStub.requestVote(RaftServerProtocolServiceGrpc.java:265)
	at org.apache.ratis.grpc.server.GrpcServerProtocolClient.requestVote(GrpcServerProtocolClient.java:99)
	at org.apache.ratis.grpc.server.GrpcService.requestVote(GrpcService.java:204)
	at org.apache.ratis.server.impl.LeaderElection.lambda$submitRequests$1(LeaderElection.java:234)
	at java.util.concurrent.FutureTask.run(FutureTask.java:266)
	at java.util.concurrent.Executors$RunnableAdapter.call(Executors.java:511)
	at java.util.concurrent.FutureTask.run(FutureTask.java:266)
	at java.util.concurrent.ThreadPoolExecutor.runWorker(ThreadPoolExecutor.java:1149)
	at java.util.concurrent.ThreadPoolExecutor$Worker.run(ThreadPoolExecutor.java:624)
	... 1 more
Caused by: org.apache.ratis.thirdparty.io.netty.channel.AbstractChannel$AnnotatedConnectException: Connection refused: /192.168.151.122:34481
	at sun.nio.ch.SocketChannelImpl.checkConnect(Native Method)
	at sun.nio.ch.SocketChannelImpl.finishConnect(SocketChannelImpl.java:717)
	at org.apache.ratis.thirdparty.io.netty.channel.socket.nio.NioSocketChannel.doFinishConnect(NioSocketChannel.java:327)
	at org.apache.ratis.thirdparty.io.netty.channel.nio.AbstractNioChannel$AbstractNioUnsafe.finishConnect(AbstractNioChannel.java:340)
	at org.apache.ratis.thirdparty.io.netty.channel.nio.NioEventLoop.processSelectedKey(NioEventLoop.java:632)
	at org.apache.ratis.thirdparty.io.netty.channel.nio.NioEventLoop.processSelectedKeysOptimized(NioEventLoop.java:579)
	at org.apache.ratis.thirdparty.io.netty.channel.nio.NioEventLoop.processSelectedKeys(NioEventLoop.java:496)
	at org.apache.ratis.thirdparty.io.netty.channel.nio.NioEventLoop.run(NioEventLoop.java:458)
	at org.apache.ratis.thirdparty.io.netty.util.concurrent.SingleThreadEventExecutor$5.run(SingleThreadEventExecutor.java:897)
	at org.apache.ratis.thirdparty.io.netty.util.concurrent.FastThreadLocalRunnable.run(FastThreadLocalRunnable.java:30)
	... 1 more
Caused by: java.net.ConnectException: Connection refused
	... 11 more
2019-10-02 11:23:18,908 [grpc-default-executor-14] WARN  server.GrpcServerProtocolService (LogUtils.java:warn(136)) - fa2082ef-2be2-4bae-9323-f7b52755e8d7: Failed requestVote 2efd349e-feaf-4869-a93b-bd8bfaac471f->fa2082ef-2be2-4bae-9323-f7b52755e8d7#0
org.apache.ratis.protocol.GroupMismatchException: fa2082ef-2be2-4bae-9323-f7b52755e8d7: group-FC2D5FD9454F not found.
	at org.apache.ratis.server.impl.RaftServerProxy$ImplMap.get(RaftServerProxy.java:122)
	at org.apache.ratis.server.impl.RaftServerProxy.getImplFuture(RaftServerProxy.java:269)
	at org.apache.ratis.server.impl.RaftServerProxy.getImpl(RaftServerProxy.java:278)
	at org.apache.ratis.server.impl.RaftServerProxy.getImpl(RaftServerProxy.java:273)
	at org.apache.ratis.server.impl.RaftServerProxy.requestVote(RaftServerProxy.java:443)
	at org.apache.ratis.grpc.server.GrpcServerProtocolService.requestVote(GrpcServerProtocolService.java:142)
	at org.apache.ratis.proto.grpc.RaftServerProtocolServiceGrpc$MethodHandlers.invoke(RaftServerProtocolServiceGrpc.java:319)
	at org.apache.ratis.thirdparty.io.grpc.stub.ServerCalls$UnaryServerCallHandler$UnaryServerCallListener.onHalfClose(ServerCalls.java:171)
	at org.apache.ratis.thirdparty.io.grpc.internal.ServerCallImpl$ServerStreamListenerImpl.halfClosed(ServerCallImpl.java:283)
	at org.apache.ratis.thirdparty.io.grpc.internal.ServerImpl$JumpToApplicationThreadServerStreamListener$1HalfClosed.runInContext(ServerImpl.java:710)
	at org.apache.ratis.thirdparty.io.grpc.internal.ContextRunnable.run(ContextRunnable.java:37)
	at org.apache.ratis.thirdparty.io.grpc.internal.SerializingExecutor.run(SerializingExecutor.java:123)
	at java.util.concurrent.ThreadPoolExecutor.runWorker(ThreadPoolExecutor.java:1149)
	at java.util.concurrent.ThreadPoolExecutor$Worker.run(ThreadPoolExecutor.java:624)
	at java.lang.Thread.run(Thread.java:748)
2019-10-02 11:23:18,921 [2efd349e-feaf-4869-a93b-bd8bfaac471f@group-FC2D5FD9454F-LeaderElection20] INFO  impl.LeaderElection (LogUtils.java:infoOrTrace(149)) - 2efd349e-feaf-4869-a93b-bd8bfaac471f@group-FC2D5FD9454F-LeaderElection20 got exception when requesting votes: {}
java.util.concurrent.ExecutionException: org.apache.ratis.thirdparty.io.grpc.StatusRuntimeException: INTERNAL: fa2082ef-2be2-4bae-9323-f7b52755e8d7: group-FC2D5FD9454F not found.
	at java.util.concurrent.FutureTask.report(FutureTask.java:122)
	at java.util.concurrent.FutureTask.get(FutureTask.java:192)
	at org.apache.ratis.server.impl.LeaderElection.waitForResults(LeaderElection.java:259)
	at org.apache.ratis.server.impl.LeaderElection.askForVotes(LeaderElection.java:197)
	at org.apache.ratis.server.impl.LeaderElection.run(LeaderElection.java:133)
	at java.lang.Thread.run(Thread.java:748)
Caused by: org.apache.ratis.thirdparty.io.grpc.StatusRuntimeException: INTERNAL: fa2082ef-2be2-4bae-9323-f7b52755e8d7: group-FC2D5FD9454F not found.
	at org.apache.ratis.thirdparty.io.grpc.stub.ClientCalls.toStatusRuntimeException(ClientCalls.java:233)
	at org.apache.ratis.thirdparty.io.grpc.stub.ClientCalls.getUnchecked(ClientCalls.java:214)
	at org.apache.ratis.thirdparty.io.grpc.stub.ClientCalls.blockingUnaryCall(ClientCalls.java:139)
	at org.apache.ratis.proto.grpc.RaftServerProtocolServiceGrpc$RaftServerProtocolServiceBlockingStub.requestVote(RaftServerProtocolServiceGrpc.java:265)
	at org.apache.ratis.grpc.server.GrpcServerProtocolClient.requestVote(GrpcServerProtocolClient.java:99)
	at org.apache.ratis.grpc.server.GrpcService.requestVote(GrpcService.java:204)
	at org.apache.ratis.server.impl.LeaderElection.lambda$submitRequests$1(LeaderElection.java:234)
	at java.util.concurrent.FutureTask.run(FutureTask.java:266)
	at java.util.concurrent.Executors$RunnableAdapter.call(Executors.java:511)
	at java.util.concurrent.FutureTask.run(FutureTask.java:266)
	at java.util.concurrent.ThreadPoolExecutor.runWorker(ThreadPoolExecutor.java:1149)
	at java.util.concurrent.ThreadPoolExecutor$Worker.run(ThreadPoolExecutor.java:624)
	... 1 more
2019-10-02 11:23:18,922 [2efd349e-feaf-4869-a93b-bd8bfaac471f@group-FC2D5FD9454F-LeaderElection20] INFO  impl.LeaderElection (LeaderElection.java:logAndReturn(56)) - 2efd349e-feaf-4869-a93b-bd8bfaac471f@group-FC2D5FD9454F-LeaderElection20: Election REJECTED; received 0 response(s) [] and 2 exception(s); 2efd349e-feaf-4869-a93b-bd8bfaac471f@group-FC2D5FD9454F:t1, leader=null, voted=2efd349e-feaf-4869-a93b-bd8bfaac471f, raftlog=2efd349e-feaf-4869-a93b-bd8bfaac471f@group-FC2D5FD9454F-SegmentedRaftLog:OPENED:c-1,f-1,i0, conf=-1: [c5209792-15f6-46a4-8128-2e7c6fbeb642:192.168.151.122:34481, 2efd349e-feaf-4869-a93b-bd8bfaac471f:192.168.151.122:46738, fa2082ef-2be2-4bae-9323-f7b52755e8d7:192.168.151.122:39327], old=null
2019-10-02 11:23:18,923 [2efd349e-feaf-4869-a93b-bd8bfaac471f@group-FC2D5FD9454F-LeaderElection20] INFO  impl.LeaderElection (LogUtils.java:infoOrTrace(149)) -   Exception 0: {}
java.util.concurrent.ExecutionException: org.apache.ratis.thirdparty.io.grpc.StatusRuntimeException: UNAVAILABLE: io exception
	at java.util.concurrent.FutureTask.report(FutureTask.java:122)
	at java.util.concurrent.FutureTask.get(FutureTask.java:192)
	at org.apache.ratis.server.impl.LeaderElection.waitForResults(LeaderElection.java:259)
	at org.apache.ratis.server.impl.LeaderElection.askForVotes(LeaderElection.java:197)
	at org.apache.ratis.server.impl.LeaderElection.run(LeaderElection.java:133)
	at java.lang.Thread.run(Thread.java:748)
Caused by: org.apache.ratis.thirdparty.io.grpc.StatusRuntimeException: UNAVAILABLE: io exception
	at org.apache.ratis.thirdparty.io.grpc.stub.ClientCalls.toStatusRuntimeException(ClientCalls.java:233)
	at org.apache.ratis.thirdparty.io.grpc.stub.ClientCalls.getUnchecked(ClientCalls.java:214)
	at org.apache.ratis.thirdparty.io.grpc.stub.ClientCalls.blockingUnaryCall(ClientCalls.java:139)
	at org.apache.ratis.proto.grpc.RaftServerProtocolServiceGrpc$RaftServerProtocolServiceBlockingStub.requestVote(RaftServerProtocolServiceGrpc.java:265)
	at org.apache.ratis.grpc.server.GrpcServerProtocolClient.requestVote(GrpcServerProtocolClient.java:99)
	at org.apache.ratis.grpc.server.GrpcService.requestVote(GrpcService.java:204)
	at org.apache.ratis.server.impl.LeaderElection.lambda$submitRequests$1(LeaderElection.java:234)
	at java.util.concurrent.FutureTask.run(FutureTask.java:266)
	at java.util.concurrent.Executors$RunnableAdapter.call(Executors.java:511)
	at java.util.concurrent.FutureTask.run(FutureTask.java:266)
	at java.util.concurrent.ThreadPoolExecutor.runWorker(ThreadPoolExecutor.java:1149)
	at java.util.concurrent.ThreadPoolExecutor$Worker.run(ThreadPoolExecutor.java:624)
	... 1 more
Caused by: org.apache.ratis.thirdparty.io.netty.channel.AbstractChannel$AnnotatedConnectException: Connection refused: /192.168.151.122:34481
	at sun.nio.ch.SocketChannelImpl.checkConnect(Native Method)
	at sun.nio.ch.SocketChannelImpl.finishConnect(SocketChannelImpl.java:717)
	at org.apache.ratis.thirdparty.io.netty.channel.socket.nio.NioSocketChannel.doFinishConnect(NioSocketChannel.java:327)
	at org.apache.ratis.thirdparty.io.netty.channel.nio.AbstractNioChannel$AbstractNioUnsafe.finishConnect(AbstractNioChannel.java:340)
	at org.apache.ratis.thirdparty.io.netty.channel.nio.NioEventLoop.processSelectedKey(NioEventLoop.java:632)
	at org.apache.ratis.thirdparty.io.netty.channel.nio.NioEventLoop.processSelectedKeysOptimized(NioEventLoop.java:579)
	at org.apache.ratis.thirdparty.io.netty.channel.nio.NioEventLoop.processSelectedKeys(NioEventLoop.java:496)
	at org.apache.ratis.thirdparty.io.netty.channel.nio.NioEventLoop.run(NioEventLoop.java:458)
	at org.apache.ratis.thirdparty.io.netty.util.concurrent.SingleThreadEventExecutor$5.run(SingleThreadEventExecutor.java:897)
	at org.apache.ratis.thirdparty.io.netty.util.concurrent.FastThreadLocalRunnable.run(FastThreadLocalRunnable.java:30)
	... 1 more
Caused by: java.net.ConnectException: Connection refused
	... 11 more
2019-10-02 11:23:18,923 [2efd349e-feaf-4869-a93b-bd8bfaac471f@group-FC2D5FD9454F-LeaderElection20] INFO  impl.LeaderElection (LogUtils.java:infoOrTrace(149)) -   Exception 1: {}
java.util.concurrent.ExecutionException: org.apache.ratis.thirdparty.io.grpc.StatusRuntimeException: INTERNAL: fa2082ef-2be2-4bae-9323-f7b52755e8d7: group-FC2D5FD9454F not found.
	at java.util.concurrent.FutureTask.report(FutureTask.java:122)
	at java.util.concurrent.FutureTask.get(FutureTask.java:192)
	at org.apache.ratis.server.impl.LeaderElection.waitForResults(LeaderElection.java:259)
	at org.apache.ratis.server.impl.LeaderElection.askForVotes(LeaderElection.java:197)
	at org.apache.ratis.server.impl.LeaderElection.run(LeaderElection.java:133)
	at java.lang.Thread.run(Thread.java:748)
Caused by: org.apache.ratis.thirdparty.io.grpc.StatusRuntimeException: INTERNAL: fa2082ef-2be2-4bae-9323-f7b52755e8d7: group-FC2D5FD9454F not found.
	at org.apache.ratis.thirdparty.io.grpc.stub.ClientCalls.toStatusRuntimeException(ClientCalls.java:233)
	at org.apache.ratis.thirdparty.io.grpc.stub.ClientCalls.getUnchecked(ClientCalls.java:214)
	at org.apache.ratis.thirdparty.io.grpc.stub.ClientCalls.blockingUnaryCall(ClientCalls.java:139)
	at org.apache.ratis.proto.grpc.RaftServerProtocolServiceGrpc$RaftServerProtocolServiceBlockingStub.requestVote(RaftServerProtocolServiceGrpc.java:265)
	at org.apache.ratis.grpc.server.GrpcServerProtocolClient.requestVote(GrpcServerProtocolClient.java:99)
	at org.apache.ratis.grpc.server.GrpcService.requestVote(GrpcService.java:204)
	at org.apache.ratis.server.impl.LeaderElection.lambda$submitRequests$1(LeaderElection.java:234)
	at java.util.concurrent.FutureTask.run(FutureTask.java:266)
	at java.util.concurrent.Executors$RunnableAdapter.call(Executors.java:511)
	at java.util.concurrent.FutureTask.run(FutureTask.java:266)
	at java.util.concurrent.ThreadPoolExecutor.runWorker(ThreadPoolExecutor.java:1149)
	at java.util.concurrent.ThreadPoolExecutor$Worker.run(ThreadPoolExecutor.java:624)
	... 1 more
2019-10-02 11:23:18,923 [2efd349e-feaf-4869-a93b-bd8bfaac471f@group-FC2D5FD9454F-LeaderElection20] INFO  impl.RaftServerImpl (RaftServerImpl.java:setRole(170)) - 2efd349e-feaf-4869-a93b-bd8bfaac471f@group-FC2D5FD9454F: changes role from CANDIDATE to FOLLOWER at term 1 for DISCOVERED_A_NEW_TERM
2019-10-02 11:23:18,923 [2efd349e-feaf-4869-a93b-bd8bfaac471f@group-FC2D5FD9454F-LeaderElection20] INFO  impl.RoleInfo (RoleInfo.java:shutdownLeaderElection(134)) - 2efd349e-feaf-4869-a93b-bd8bfaac471f: shutdown LeaderElection
2019-10-02 11:23:18,924 [2efd349e-feaf-4869-a93b-bd8bfaac471f@group-FC2D5FD9454F-LeaderElection20] INFO  impl.RoleInfo (RoleInfo.java:updateAndGet(143)) - 2efd349e-feaf-4869-a93b-bd8bfaac471f: start FollowerState
2019-10-02 11:23:19,207 [grpc-default-executor-16] WARN  server.GrpcLogAppender (LogUtils.java:warn(134)) - 5a152cad-2f68-44e1-8661-622a6e2403aa@group-CFA5962B69F1->99afa1ab-f70e-454d-b97f-b50504ecadc2-AppendLogResponseHandler: Failed appendEntries: org.apache.ratis.thirdparty.io.grpc.StatusRuntimeException: UNAVAILABLE: io exception
2019-10-02 11:23:19,210 [grpc-default-executor-6] WARN  server.GrpcLogAppender (LogUtils.java:warn(134)) - 5a152cad-2f68-44e1-8661-622a6e2403aa@group-B42E39A6701C->99afa1ab-f70e-454d-b97f-b50504ecadc2-AppendLogResponseHandler: Failed appendEntries: org.apache.ratis.thirdparty.io.grpc.StatusRuntimeException: UNAVAILABLE: io exception
2019-10-02 11:23:19,207 [grpc-default-executor-1] WARN  server.GrpcLogAppender (LogUtils.java:warn(134)) - 5a152cad-2f68-44e1-8661-622a6e2403aa@group-33DDF701D157->99afa1ab-f70e-454d-b97f-b50504ecadc2-AppendLogResponseHandler: Failed appendEntries: org.apache.ratis.thirdparty.io.grpc.StatusRuntimeException: UNAVAILABLE: io exception
2019-10-02 11:23:19,210 [grpc-default-executor-6] INFO  impl.FollowerInfo (FollowerInfo.java:lambda$new$0(51)) - 5a152cad-2f68-44e1-8661-622a6e2403aa@group-B42E39A6701C->99afa1ab-f70e-454d-b97f-b50504ecadc2: nextIndex: updateUnconditionally 0 -> 0
2019-10-02 11:23:19,210 [grpc-default-executor-16] INFO  impl.FollowerInfo (FollowerInfo.java:lambda$new$0(51)) - 5a152cad-2f68-44e1-8661-622a6e2403aa@group-CFA5962B69F1->99afa1ab-f70e-454d-b97f-b50504ecadc2: nextIndex: updateUnconditionally 0 -> 0
2019-10-02 11:23:19,210 [grpc-default-executor-1] INFO  impl.FollowerInfo (FollowerInfo.java:lambda$new$0(51)) - 5a152cad-2f68-44e1-8661-622a6e2403aa@group-33DDF701D157->99afa1ab-f70e-454d-b97f-b50504ecadc2: nextIndex: updateUnconditionally 0 -> 0
2019-10-02 11:23:19,253 [Datanode State Machine Thread - 0] INFO  statemachine.DatanodeStateMachine (DatanodeStateMachine.java:lambda$startDaemon$0(350)) - Ozone container server started.
2019-10-02 11:23:19,254 [grpc-default-executor-1] WARN  server.GrpcLogAppender (LogUtils.java:warn(134)) - 5a152cad-2f68-44e1-8661-622a6e2403aa@group-CFA5962B69F1->255f5341-67af-48a5-9f0a-34079e58e4b3-AppendLogResponseHandler: Failed appendEntries: org.apache.ratis.thirdparty.io.grpc.StatusRuntimeException: UNAVAILABLE: io exception
2019-10-02 11:23:19,254 [grpc-default-executor-14] WARN  server.GrpcLogAppender (LogUtils.java:warn(134)) - 5a152cad-2f68-44e1-8661-622a6e2403aa@group-33DDF701D157->255f5341-67af-48a5-9f0a-34079e58e4b3-AppendLogResponseHandler: Failed appendEntries: org.apache.ratis.thirdparty.io.grpc.StatusRuntimeException: UNAVAILABLE: io exception
2019-10-02 11:23:19,254 [grpc-default-executor-1] INFO  impl.FollowerInfo (FollowerInfo.java:lambda$new$0(51)) - 5a152cad-2f68-44e1-8661-622a6e2403aa@group-CFA5962B69F1->255f5341-67af-48a5-9f0a-34079e58e4b3: nextIndex: updateUnconditionally 0 -> 0
2019-10-02 11:23:19,254 [grpc-default-executor-14] INFO  impl.FollowerInfo (FollowerInfo.java:lambda$new$0(51)) - 5a152cad-2f68-44e1-8661-622a6e2403aa@group-33DDF701D157->255f5341-67af-48a5-9f0a-34079e58e4b3: nextIndex: updateUnconditionally 0 -> 0
2019-10-02 11:23:19,258 [grpc-default-executor-16] WARN  server.GrpcLogAppender (LogUtils.java:warn(134)) - 5a152cad-2f68-44e1-8661-622a6e2403aa@group-B42E39A6701C->255f5341-67af-48a5-9f0a-34079e58e4b3-AppendLogResponseHandler: Failed appendEntries: org.apache.ratis.thirdparty.io.grpc.StatusRuntimeException: UNAVAILABLE: io exception
2019-10-02 11:23:19,258 [grpc-default-executor-16] INFO  impl.FollowerInfo (FollowerInfo.java:lambda$new$0(51)) - 5a152cad-2f68-44e1-8661-622a6e2403aa@group-B42E39A6701C->255f5341-67af-48a5-9f0a-34079e58e4b3: nextIndex: updateUnconditionally 0 -> 0
2019-10-02 11:23:19,403 [main] INFO  ozoneimpl.OzoneContainer (OzoneContainer.java:stop(231)) - Attempting to stop container services.
2019-10-02 11:23:19,403 [main] INFO  impl.RaftServerProxy (RaftServerProxy.java:lambda$close$4(314)) - 64a4ccc3-1591-40f2-b301-6887c574969c: close
2019-10-02 11:23:19,403 [main] INFO  server.GrpcService (GrpcService.java:closeImpl(164)) - 64a4ccc3-1591-40f2-b301-6887c574969c: shutdown server with port 41012 now
2019-10-02 11:23:19,404 [main] INFO  server.GrpcService (GrpcService.java:closeImpl(172)) - 64a4ccc3-1591-40f2-b301-6887c574969c: shutdown server with port 41012 successfully
2019-10-02 11:23:19,447 [refreshUsed-/workdir/hadoop-ozone/integration-test/target/test-dir/MiniOzoneClusterImpl-544d5193-f7b3-4e33-ac9d-9d27303d2a96/datanode-6/data/containers] WARN  fs.CachingGetSpaceUsed (CachingGetSpaceUsed.java:run(183)) - Thread Interrupted waiting to refresh disk information: sleep interrupted
2019-10-02 11:23:19,457 [main] INFO  utils.BackgroundService (BackgroundService.java:shutdown(148)) - Shutting down service BlockDeletingService
2019-10-02 11:23:19,462 [main] INFO  statemachine.DatanodeStateMachine (DatanodeStateMachine.java:stopDaemon(395)) - Ozone container server stopped.
2019-10-02 11:23:19,463 [main] INFO  handler.ContextHandler (ContextHandler.java:doStop(910)) - Stopped o.e.j.w.WebAppContext@74e6094b{/,null,UNAVAILABLE}{/hddsDatanode}
2019-10-02 11:23:19,464 [main] INFO  server.AbstractConnector (AbstractConnector.java:doStop(318)) - Stopped ServerConnector@7a485a36{HTTP/1.1,[http/1.1]}{0.0.0.0:0}
2019-10-02 11:23:19,464 [main] INFO  handler.ContextHandler (ContextHandler.java:doStop(910)) - Stopped o.e.j.s.ServletContextHandler@1f9f381d{/static,jar:file:/home/user/.m2/repository/org/apache/hadoop/hadoop-hdds-container-service/0.5.0-SNAPSHOT/hadoop-hdds-container-service-0.5.0-SNAPSHOT.jar!/webapps/static,UNAVAILABLE}
2019-10-02 11:23:19,464 [main] INFO  handler.ContextHandler (ContextHandler.java:doStop(910)) - Stopped o.e.j.s.ServletContextHandler@7f5538a1{/logs,file:///workdir/hadoop-ozone/integration-test/target/log,UNAVAILABLE}
2019-10-02 11:23:19,708 [grpc-default-executor-14] WARN  server.GrpcLogAppender (LogUtils.java:warn(134)) - 5a152cad-2f68-44e1-8661-622a6e2403aa@group-CFA5962B69F1->99afa1ab-f70e-454d-b97f-b50504ecadc2-AppendLogResponseHandler: Failed appendEntries: org.apache.ratis.thirdparty.io.grpc.StatusRuntimeException: UNAVAILABLE: io exception
2019-10-02 11:23:19,708 [grpc-default-executor-16] WARN  server.GrpcLogAppender (LogUtils.java:warn(134)) - 5a152cad-2f68-44e1-8661-622a6e2403aa@group-B42E39A6701C->99afa1ab-f70e-454d-b97f-b50504ecadc2-AppendLogResponseHandler: Failed appendEntries: org.apache.ratis.thirdparty.io.grpc.StatusRuntimeException: UNAVAILABLE: io exception
2019-10-02 11:23:19,708 [grpc-default-executor-14] INFO  impl.FollowerInfo (FollowerInfo.java:lambda$new$0(51)) - 5a152cad-2f68-44e1-8661-622a6e2403aa@group-CFA5962B69F1->99afa1ab-f70e-454d-b97f-b50504ecadc2: nextIndex: updateUnconditionally 0 -> 0
2019-10-02 11:23:19,708 [grpc-default-executor-0] WARN  server.GrpcLogAppender (LogUtils.java:warn(134)) - 5a152cad-2f68-44e1-8661-622a6e2403aa@group-33DDF701D157->99afa1ab-f70e-454d-b97f-b50504ecadc2-AppendLogResponseHandler: Failed appendEntries: org.apache.ratis.thirdparty.io.grpc.StatusRuntimeException: UNAVAILABLE: io exception
2019-10-02 11:23:19,708 [grpc-default-executor-16] INFO  impl.FollowerInfo (FollowerInfo.java:lambda$new$0(51)) - 5a152cad-2f68-44e1-8661-622a6e2403aa@group-B42E39A6701C->99afa1ab-f70e-454d-b97f-b50504ecadc2: nextIndex: updateUnconditionally 0 -> 0
2019-10-02 11:23:19,708 [grpc-default-executor-0] INFO  impl.FollowerInfo (FollowerInfo.java:lambda$new$0(51)) - 5a152cad-2f68-44e1-8661-622a6e2403aa@group-33DDF701D157->99afa1ab-f70e-454d-b97f-b50504ecadc2: nextIndex: updateUnconditionally 0 -> 0
2019-10-02 11:23:19,754 [grpc-default-executor-0] WARN  server.GrpcLogAppender (LogUtils.java:warn(134)) - 5a152cad-2f68-44e1-8661-622a6e2403aa@group-CFA5962B69F1->255f5341-67af-48a5-9f0a-34079e58e4b3-AppendLogResponseHandler: Failed appendEntries: org.apache.ratis.thirdparty.io.grpc.StatusRuntimeException: UNAVAILABLE: io exception
2019-10-02 11:23:19,754 [grpc-default-executor-6] WARN  server.GrpcLogAppender (LogUtils.java:warn(134)) - 5a152cad-2f68-44e1-8661-622a6e2403aa@group-33DDF701D157->255f5341-67af-48a5-9f0a-34079e58e4b3-AppendLogResponseHandler: Failed appendEntries: org.apache.ratis.thirdparty.io.grpc.StatusRuntimeException: UNAVAILABLE: io exception
2019-10-02 11:23:19,755 [grpc-default-executor-0] INFO  impl.FollowerInfo (FollowerInfo.java:lambda$new$0(51)) - 5a152cad-2f68-44e1-8661-622a6e2403aa@group-CFA5962B69F1->255f5341-67af-48a5-9f0a-34079e58e4b3: nextIndex: updateUnconditionally 0 -> 0
2019-10-02 11:23:19,755 [grpc-default-executor-6] INFO  impl.FollowerInfo (FollowerInfo.java:lambda$new$0(51)) - 5a152cad-2f68-44e1-8661-622a6e2403aa@group-33DDF701D157->255f5341-67af-48a5-9f0a-34079e58e4b3: nextIndex: updateUnconditionally 0 -> 0
2019-10-02 11:23:19,759 [grpc-default-executor-16] WARN  server.GrpcLogAppender (LogUtils.java:warn(134)) - 5a152cad-2f68-44e1-8661-622a6e2403aa@group-B42E39A6701C->255f5341-67af-48a5-9f0a-34079e58e4b3-AppendLogResponseHandler: Failed appendEntries: org.apache.ratis.thirdparty.io.grpc.StatusRuntimeException: UNAVAILABLE: io exception
2019-10-02 11:23:19,759 [grpc-default-executor-16] INFO  impl.FollowerInfo (FollowerInfo.java:lambda$new$0(51)) - 5a152cad-2f68-44e1-8661-622a6e2403aa@group-B42E39A6701C->255f5341-67af-48a5-9f0a-34079e58e4b3: nextIndex: updateUnconditionally 0 -> 0
2019-10-02 11:23:20,112 [Thread-596] INFO  impl.FollowerState (FollowerState.java:run(108)) - 2efd349e-feaf-4869-a93b-bd8bfaac471f@group-FC2D5FD9454F-FollowerState: change to CANDIDATE, lastRpcTime:1188ms, electionTimeout:1188ms
2019-10-02 11:23:20,112 [Thread-596] INFO  impl.RoleInfo (RoleInfo.java:shutdownFollowerState(121)) - 2efd349e-feaf-4869-a93b-bd8bfaac471f: shutdown FollowerState
2019-10-02 11:23:20,113 [Thread-596] INFO  impl.RaftServerImpl (RaftServerImpl.java:setRole(170)) - 2efd349e-feaf-4869-a93b-bd8bfaac471f@group-FC2D5FD9454F: changes role from  FOLLOWER to CANDIDATE at term 1 for changeToCandidate
2019-10-02 11:23:20,113 [Thread-596] INFO  impl.RoleInfo (RoleInfo.java:updateAndGet(143)) - 2efd349e-feaf-4869-a93b-bd8bfaac471f: start LeaderElection
2019-10-02 11:23:20,208 [grpc-default-executor-8] WARN  server.GrpcLogAppender (LogUtils.java:warn(134)) - 5a152cad-2f68-44e1-8661-622a6e2403aa@group-33DDF701D157->99afa1ab-f70e-454d-b97f-b50504ecadc2-AppendLogResponseHandler: Failed appendEntries: org.apache.ratis.thirdparty.io.grpc.StatusRuntimeException: UNAVAILABLE: io exception
2019-10-02 11:23:20,208 [grpc-default-executor-4] WARN  server.GrpcLogAppender (LogUtils.java:warn(134)) - 5a152cad-2f68-44e1-8661-622a6e2403aa@group-B42E39A6701C->99afa1ab-f70e-454d-b97f-b50504ecadc2-AppendLogResponseHandler: Failed appendEntries: org.apache.ratis.thirdparty.io.grpc.StatusRuntimeException: UNAVAILABLE: io exception
2019-10-02 11:23:20,209 [grpc-default-executor-8] INFO  impl.FollowerInfo (FollowerInfo.java:lambda$new$0(51)) - 5a152cad-2f68-44e1-8661-622a6e2403aa@group-33DDF701D157->99afa1ab-f70e-454d-b97f-b50504ecadc2: nextIndex: updateUnconditionally 0 -> 0
2019-10-02 11:23:20,209 [grpc-default-executor-1] WARN  server.GrpcLogAppender (LogUtils.java:warn(134)) - 5a152cad-2f68-44e1-8661-622a6e2403aa@group-CFA5962B69F1->99afa1ab-f70e-454d-b97f-b50504ecadc2-AppendLogResponseHandler: Failed appendEntries: org.apache.ratis.thirdparty.io.grpc.StatusRuntimeException: UNAVAILABLE: io exception
2019-10-02 11:23:20,209 [grpc-default-executor-4] INFO  impl.FollowerInfo (FollowerInfo.java:lambda$new$0(51)) - 5a152cad-2f68-44e1-8661-622a6e2403aa@group-B42E39A6701C->99afa1ab-f70e-454d-b97f-b50504ecadc2: nextIndex: updateUnconditionally 0 -> 0
2019-10-02 11:23:20,209 [grpc-default-executor-1] INFO  impl.FollowerInfo (FollowerInfo.java:lambda$new$0(51)) - 5a152cad-2f68-44e1-8661-622a6e2403aa@group-CFA5962B69F1->99afa1ab-f70e-454d-b97f-b50504ecadc2: nextIndex: updateUnconditionally 0 -> 0
2019-10-02 11:23:20,255 [grpc-default-executor-14] WARN  server.GrpcLogAppender (LogUtils.java:warn(134)) - 5a152cad-2f68-44e1-8661-622a6e2403aa@group-33DDF701D157->255f5341-67af-48a5-9f0a-34079e58e4b3-AppendLogResponseHandler: Failed appendEntries: org.apache.ratis.thirdparty.io.grpc.StatusRuntimeException: UNAVAILABLE: io exception
2019-10-02 11:23:20,255 [grpc-default-executor-16] WARN  server.GrpcLogAppender (LogUtils.java:warn(134)) - 5a152cad-2f68-44e1-8661-622a6e2403aa@group-CFA5962B69F1->255f5341-67af-48a5-9f0a-34079e58e4b3-AppendLogResponseHandler: Failed appendEntries: org.apache.ratis.thirdparty.io.grpc.StatusRuntimeException: UNAVAILABLE: io exception
2019-10-02 11:23:20,255 [grpc-default-executor-14] INFO  impl.FollowerInfo (FollowerInfo.java:lambda$new$0(51)) - 5a152cad-2f68-44e1-8661-622a6e2403aa@group-33DDF701D157->255f5341-67af-48a5-9f0a-34079e58e4b3: nextIndex: updateUnconditionally 0 -> 0
2019-10-02 11:23:20,255 [grpc-default-executor-16] INFO  impl.FollowerInfo (FollowerInfo.java:lambda$new$0(51)) - 5a152cad-2f68-44e1-8661-622a6e2403aa@group-CFA5962B69F1->255f5341-67af-48a5-9f0a-34079e58e4b3: nextIndex: updateUnconditionally 0 -> 0
2019-10-02 11:23:20,255 [Datanode State Machine Thread - 0] INFO  statemachine.DatanodeStateMachine (DatanodeStateMachine.java:lambda$startDaemon$0(350)) - Ozone container server started.
2019-10-02 11:23:20,259 [grpc-default-executor-8] WARN  server.GrpcLogAppender (LogUtils.java:warn(134)) - 5a152cad-2f68-44e1-8661-622a6e2403aa@group-B42E39A6701C->255f5341-67af-48a5-9f0a-34079e58e4b3-AppendLogResponseHandler: Failed appendEntries: org.apache.ratis.thirdparty.io.grpc.StatusRuntimeException: UNAVAILABLE: io exception
2019-10-02 11:23:20,259 [grpc-default-executor-8] INFO  impl.FollowerInfo (FollowerInfo.java:lambda$new$0(51)) - 5a152cad-2f68-44e1-8661-622a6e2403aa@group-B42E39A6701C->255f5341-67af-48a5-9f0a-34079e58e4b3: nextIndex: updateUnconditionally 0 -> 0
2019-10-02 11:23:20,709 [grpc-default-executor-8] WARN  server.GrpcLogAppender (LogUtils.java:warn(134)) - 5a152cad-2f68-44e1-8661-622a6e2403aa@group-B42E39A6701C->99afa1ab-f70e-454d-b97f-b50504ecadc2-AppendLogResponseHandler: Failed appendEntries: org.apache.ratis.thirdparty.io.grpc.StatusRuntimeException: UNAVAILABLE: io exception
2019-10-02 11:23:20,709 [grpc-default-executor-0] WARN  server.GrpcLogAppender (LogUtils.java:warn(134)) - 5a152cad-2f68-44e1-8661-622a6e2403aa@group-33DDF701D157->99afa1ab-f70e-454d-b97f-b50504ecadc2-AppendLogResponseHandler: Failed appendEntries: org.apache.ratis.thirdparty.io.grpc.StatusRuntimeException: UNAVAILABLE: io exception
2019-10-02 11:23:20,709 [grpc-default-executor-4] WARN  server.GrpcLogAppender (LogUtils.java:warn(134)) - 5a152cad-2f68-44e1-8661-622a6e2403aa@group-CFA5962B69F1->99afa1ab-f70e-454d-b97f-b50504ecadc2-AppendLogResponseHandler: Failed appendEntries: org.apache.ratis.thirdparty.io.grpc.StatusRuntimeException: UNAVAILABLE: io exception
2019-10-02 11:23:20,709 [grpc-default-executor-0] INFO  impl.FollowerInfo (FollowerInfo.java:lambda$new$0(51)) - 5a152cad-2f68-44e1-8661-622a6e2403aa@group-33DDF701D157->99afa1ab-f70e-454d-b97f-b50504ecadc2: nextIndex: updateUnconditionally 0 -> 0
2019-10-02 11:23:20,709 [grpc-default-executor-8] INFO  impl.FollowerInfo (FollowerInfo.java:lambda$new$0(51)) - 5a152cad-2f68-44e1-8661-622a6e2403aa@group-B42E39A6701C->99afa1ab-f70e-454d-b97f-b50504ecadc2: nextIndex: updateUnconditionally 0 -> 0
2019-10-02 11:23:20,709 [grpc-default-executor-4] INFO  impl.FollowerInfo (FollowerInfo.java:lambda$new$0(51)) - 5a152cad-2f68-44e1-8661-622a6e2403aa@group-CFA5962B69F1->99afa1ab-f70e-454d-b97f-b50504ecadc2: nextIndex: updateUnconditionally 0 -> 0
2019-10-02 11:23:20,755 [grpc-default-executor-4] WARN  server.GrpcLogAppender (LogUtils.java:warn(134)) - 5a152cad-2f68-44e1-8661-622a6e2403aa@group-CFA5962B69F1->255f5341-67af-48a5-9f0a-34079e58e4b3-AppendLogResponseHandler: Failed appendEntries: org.apache.ratis.thirdparty.io.grpc.StatusRuntimeException: UNAVAILABLE: io exception
2019-10-02 11:23:20,755 [grpc-default-executor-1] WARN  server.GrpcLogAppender (LogUtils.java:warn(134)) - 5a152cad-2f68-44e1-8661-622a6e2403aa@group-33DDF701D157->255f5341-67af-48a5-9f0a-34079e58e4b3-AppendLogResponseHandler: Failed appendEntries: org.apache.ratis.thirdparty.io.grpc.StatusRuntimeException: UNAVAILABLE: io exception
2019-10-02 11:23:20,756 [grpc-default-executor-4] INFO  impl.FollowerInfo (FollowerInfo.java:lambda$new$0(51)) - 5a152cad-2f68-44e1-8661-622a6e2403aa@group-CFA5962B69F1->255f5341-67af-48a5-9f0a-34079e58e4b3: nextIndex: updateUnconditionally 0 -> 0
2019-10-02 11:23:20,756 [grpc-default-executor-1] INFO  impl.FollowerInfo (FollowerInfo.java:lambda$new$0(51)) - 5a152cad-2f68-44e1-8661-622a6e2403aa@group-33DDF701D157->255f5341-67af-48a5-9f0a-34079e58e4b3: nextIndex: updateUnconditionally 0 -> 0
2019-10-02 11:23:20,759 [grpc-default-executor-0] WARN  server.GrpcLogAppender (LogUtils.java:warn(134)) - 5a152cad-2f68-44e1-8661-622a6e2403aa@group-B42E39A6701C->255f5341-67af-48a5-9f0a-34079e58e4b3-AppendLogResponseHandler: Failed appendEntries: org.apache.ratis.thirdparty.io.grpc.StatusRuntimeException: UNAVAILABLE: io exception
2019-10-02 11:23:20,760 [grpc-default-executor-0] INFO  impl.FollowerInfo (FollowerInfo.java:lambda$new$0(51)) - 5a152cad-2f68-44e1-8661-622a6e2403aa@group-B42E39A6701C->255f5341-67af-48a5-9f0a-34079e58e4b3: nextIndex: updateUnconditionally 0 -> 0
2019-10-02 11:23:21,125 [2efd349e-feaf-4869-a93b-bd8bfaac471f@group-FC2D5FD9454F-LeaderElection21] INFO  impl.LeaderElection (LeaderElection.java:askForVotes(178)) - 2efd349e-feaf-4869-a93b-bd8bfaac471f@group-FC2D5FD9454F-LeaderElection21: begin an election at term 2 for -1: [c5209792-15f6-46a4-8128-2e7c6fbeb642:192.168.151.122:34481, 2efd349e-feaf-4869-a93b-bd8bfaac471f:192.168.151.122:46738, fa2082ef-2be2-4bae-9323-f7b52755e8d7:192.168.151.122:39327], old=null
2019-10-02 11:23:21,126 [2efd349e-feaf-4869-a93b-bd8bfaac471f@group-FC2D5FD9454F-LeaderElection21] INFO  impl.LeaderElection (LogUtils.java:infoOrTrace(149)) - 2efd349e-feaf-4869-a93b-bd8bfaac471f@group-FC2D5FD9454F-LeaderElection21 got exception when requesting votes: {}
java.util.concurrent.ExecutionException: org.apache.ratis.thirdparty.io.grpc.StatusRuntimeException: UNAVAILABLE: io exception
	at java.util.concurrent.FutureTask.report(FutureTask.java:122)
	at java.util.concurrent.FutureTask.get(FutureTask.java:192)
	at org.apache.ratis.server.impl.LeaderElection.waitForResults(LeaderElection.java:259)
	at org.apache.ratis.server.impl.LeaderElection.askForVotes(LeaderElection.java:197)
	at org.apache.ratis.server.impl.LeaderElection.run(LeaderElection.java:133)
	at java.lang.Thread.run(Thread.java:748)
Caused by: org.apache.ratis.thirdparty.io.grpc.StatusRuntimeException: UNAVAILABLE: io exception
	at org.apache.ratis.thirdparty.io.grpc.stub.ClientCalls.toStatusRuntimeException(ClientCalls.java:233)
	at org.apache.ratis.thirdparty.io.grpc.stub.ClientCalls.getUnchecked(ClientCalls.java:214)
	at org.apache.ratis.thirdparty.io.grpc.stub.ClientCalls.blockingUnaryCall(ClientCalls.java:139)
	at org.apache.ratis.proto.grpc.RaftServerProtocolServiceGrpc$RaftServerProtocolServiceBlockingStub.requestVote(RaftServerProtocolServiceGrpc.java:265)
	at org.apache.ratis.grpc.server.GrpcServerProtocolClient.requestVote(GrpcServerProtocolClient.java:99)
	at org.apache.ratis.grpc.server.GrpcService.requestVote(GrpcService.java:204)
	at org.apache.ratis.server.impl.LeaderElection.lambda$submitRequests$1(LeaderElection.java:234)
	at java.util.concurrent.FutureTask.run(FutureTask.java:266)
	at java.util.concurrent.Executors$RunnableAdapter.call(Executors.java:511)
	at java.util.concurrent.FutureTask.run(FutureTask.java:266)
	at java.util.concurrent.ThreadPoolExecutor.runWorker(ThreadPoolExecutor.java:1149)
	at java.util.concurrent.ThreadPoolExecutor$Worker.run(ThreadPoolExecutor.java:624)
	... 1 more
Caused by: org.apache.ratis.thirdparty.io.netty.channel.AbstractChannel$AnnotatedConnectException: Connection refused: /192.168.151.122:34481
	at sun.nio.ch.SocketChannelImpl.checkConnect(Native Method)
	at sun.nio.ch.SocketChannelImpl.finishConnect(SocketChannelImpl.java:717)
	at org.apache.ratis.thirdparty.io.netty.channel.socket.nio.NioSocketChannel.doFinishConnect(NioSocketChannel.java:327)
	at org.apache.ratis.thirdparty.io.netty.channel.nio.AbstractNioChannel$AbstractNioUnsafe.finishConnect(AbstractNioChannel.java:340)
	at org.apache.ratis.thirdparty.io.netty.channel.nio.NioEventLoop.processSelectedKey(NioEventLoop.java:632)
	at org.apache.ratis.thirdparty.io.netty.channel.nio.NioEventLoop.processSelectedKeysOptimized(NioEventLoop.java:579)
	at org.apache.ratis.thirdparty.io.netty.channel.nio.NioEventLoop.processSelectedKeys(NioEventLoop.java:496)
	at org.apache.ratis.thirdparty.io.netty.channel.nio.NioEventLoop.run(NioEventLoop.java:458)
	at org.apache.ratis.thirdparty.io.netty.util.concurrent.SingleThreadEventExecutor$5.run(SingleThreadEventExecutor.java:897)
	at org.apache.ratis.thirdparty.io.netty.util.concurrent.FastThreadLocalRunnable.run(FastThreadLocalRunnable.java:30)
	... 1 more
Caused by: java.net.ConnectException: Connection refused
	... 11 more
2019-10-02 11:23:21,130 [grpc-default-executor-0] WARN  server.GrpcServerProtocolService (LogUtils.java:warn(136)) - fa2082ef-2be2-4bae-9323-f7b52755e8d7: Failed requestVote 2efd349e-feaf-4869-a93b-bd8bfaac471f->fa2082ef-2be2-4bae-9323-f7b52755e8d7#0
org.apache.ratis.protocol.GroupMismatchException: fa2082ef-2be2-4bae-9323-f7b52755e8d7: group-FC2D5FD9454F not found.
	at org.apache.ratis.server.impl.RaftServerProxy$ImplMap.get(RaftServerProxy.java:122)
	at org.apache.ratis.server.impl.RaftServerProxy.getImplFuture(RaftServerProxy.java:269)
	at org.apache.ratis.server.impl.RaftServerProxy.getImpl(RaftServerProxy.java:278)
	at org.apache.ratis.server.impl.RaftServerProxy.getImpl(RaftServerProxy.java:273)
	at org.apache.ratis.server.impl.RaftServerProxy.requestVote(RaftServerProxy.java:443)
	at org.apache.ratis.grpc.server.GrpcServerProtocolService.requestVote(GrpcServerProtocolService.java:142)
	at org.apache.ratis.proto.grpc.RaftServerProtocolServiceGrpc$MethodHandlers.invoke(RaftServerProtocolServiceGrpc.java:319)
	at org.apache.ratis.thirdparty.io.grpc.stub.ServerCalls$UnaryServerCallHandler$UnaryServerCallListener.onHalfClose(ServerCalls.java:171)
	at org.apache.ratis.thirdparty.io.grpc.internal.ServerCallImpl$ServerStreamListenerImpl.halfClosed(ServerCallImpl.java:283)
	at org.apache.ratis.thirdparty.io.grpc.internal.ServerImpl$JumpToApplicationThreadServerStreamListener$1HalfClosed.runInContext(ServerImpl.java:710)
	at org.apache.ratis.thirdparty.io.grpc.internal.ContextRunnable.run(ContextRunnable.java:37)
	at org.apache.ratis.thirdparty.io.grpc.internal.SerializingExecutor.run(SerializingExecutor.java:123)
	at java.util.concurrent.ThreadPoolExecutor.runWorker(ThreadPoolExecutor.java:1149)
	at java.util.concurrent.ThreadPoolExecutor$Worker.run(ThreadPoolExecutor.java:624)
	at java.lang.Thread.run(Thread.java:748)
2019-10-02 11:23:21,134 [2efd349e-feaf-4869-a93b-bd8bfaac471f@group-FC2D5FD9454F-LeaderElection21] INFO  impl.LeaderElection (LogUtils.java:infoOrTrace(149)) - 2efd349e-feaf-4869-a93b-bd8bfaac471f@group-FC2D5FD9454F-LeaderElection21 got exception when requesting votes: {}
java.util.concurrent.ExecutionException: org.apache.ratis.thirdparty.io.grpc.StatusRuntimeException: INTERNAL: fa2082ef-2be2-4bae-9323-f7b52755e8d7: group-FC2D5FD9454F not found.
	at java.util.concurrent.FutureTask.report(FutureTask.java:122)
	at java.util.concurrent.FutureTask.get(FutureTask.java:192)
	at org.apache.ratis.server.impl.LeaderElection.waitForResults(LeaderElection.java:259)
	at org.apache.ratis.server.impl.LeaderElection.askForVotes(LeaderElection.java:197)
	at org.apache.ratis.server.impl.LeaderElection.run(LeaderElection.java:133)
	at java.lang.Thread.run(Thread.java:748)
Caused by: org.apache.ratis.thirdparty.io.grpc.StatusRuntimeException: INTERNAL: fa2082ef-2be2-4bae-9323-f7b52755e8d7: group-FC2D5FD9454F not found.
	at org.apache.ratis.thirdparty.io.grpc.stub.ClientCalls.toStatusRuntimeException(ClientCalls.java:233)
	at org.apache.ratis.thirdparty.io.grpc.stub.ClientCalls.getUnchecked(ClientCalls.java:214)
	at org.apache.ratis.thirdparty.io.grpc.stub.ClientCalls.blockingUnaryCall(ClientCalls.java:139)
	at org.apache.ratis.proto.grpc.RaftServerProtocolServiceGrpc$RaftServerProtocolServiceBlockingStub.requestVote(RaftServerProtocolServiceGrpc.java:265)
	at org.apache.ratis.grpc.server.GrpcServerProtocolClient.requestVote(GrpcServerProtocolClient.java:99)
	at org.apache.ratis.grpc.server.GrpcService.requestVote(GrpcService.java:204)
	at org.apache.ratis.server.impl.LeaderElection.lambda$submitRequests$1(LeaderElection.java:234)
	at java.util.concurrent.FutureTask.run(FutureTask.java:266)
	at java.util.concurrent.Executors$RunnableAdapter.call(Executors.java:511)
	at java.util.concurrent.FutureTask.run(FutureTask.java:266)
	at java.util.concurrent.ThreadPoolExecutor.runWorker(ThreadPoolExecutor.java:1149)
	at java.util.concurrent.ThreadPoolExecutor$Worker.run(ThreadPoolExecutor.java:624)
	... 1 more
2019-10-02 11:23:21,135 [2efd349e-feaf-4869-a93b-bd8bfaac471f@group-FC2D5FD9454F-LeaderElection21] INFO  impl.LeaderElection (LeaderElection.java:logAndReturn(56)) - 2efd349e-feaf-4869-a93b-bd8bfaac471f@group-FC2D5FD9454F-LeaderElection21: Election REJECTED; received 0 response(s) [] and 2 exception(s); 2efd349e-feaf-4869-a93b-bd8bfaac471f@group-FC2D5FD9454F:t2, leader=null, voted=2efd349e-feaf-4869-a93b-bd8bfaac471f, raftlog=2efd349e-feaf-4869-a93b-bd8bfaac471f@group-FC2D5FD9454F-SegmentedRaftLog:OPENED:c-1,f-1,i0, conf=-1: [c5209792-15f6-46a4-8128-2e7c6fbeb642:192.168.151.122:34481, 2efd349e-feaf-4869-a93b-bd8bfaac471f:192.168.151.122:46738, fa2082ef-2be2-4bae-9323-f7b52755e8d7:192.168.151.122:39327], old=null
2019-10-02 11:23:21,135 [2efd349e-feaf-4869-a93b-bd8bfaac471f@group-FC2D5FD9454F-LeaderElection21] INFO  impl.LeaderElection (LogUtils.java:infoOrTrace(149)) -   Exception 0: {}
java.util.concurrent.ExecutionException: org.apache.ratis.thirdparty.io.grpc.StatusRuntimeException: UNAVAILABLE: io exception
	at java.util.concurrent.FutureTask.report(FutureTask.java:122)
	at java.util.concurrent.FutureTask.get(FutureTask.java:192)
	at org.apache.ratis.server.impl.LeaderElection.waitForResults(LeaderElection.java:259)
	at org.apache.ratis.server.impl.LeaderElection.askForVotes(LeaderElection.java:197)
	at org.apache.ratis.server.impl.LeaderElection.run(LeaderElection.java:133)
	at java.lang.Thread.run(Thread.java:748)
Caused by: org.apache.ratis.thirdparty.io.grpc.StatusRuntimeException: UNAVAILABLE: io exception
	at org.apache.ratis.thirdparty.io.grpc.stub.ClientCalls.toStatusRuntimeException(ClientCalls.java:233)
	at org.apache.ratis.thirdparty.io.grpc.stub.ClientCalls.getUnchecked(ClientCalls.java:214)
	at org.apache.ratis.thirdparty.io.grpc.stub.ClientCalls.blockingUnaryCall(ClientCalls.java:139)
	at org.apache.ratis.proto.grpc.RaftServerProtocolServiceGrpc$RaftServerProtocolServiceBlockingStub.requestVote(RaftServerProtocolServiceGrpc.java:265)
	at org.apache.ratis.grpc.server.GrpcServerProtocolClient.requestVote(GrpcServerProtocolClient.java:99)
	at org.apache.ratis.grpc.server.GrpcService.requestVote(GrpcService.java:204)
	at org.apache.ratis.server.impl.LeaderElection.lambda$submitRequests$1(LeaderElection.java:234)
	at java.util.concurrent.FutureTask.run(FutureTask.java:266)
	at java.util.concurrent.Executors$RunnableAdapter.call(Executors.java:511)
	at java.util.concurrent.FutureTask.run(FutureTask.java:266)
	at java.util.concurrent.ThreadPoolExecutor.runWorker(ThreadPoolExecutor.java:1149)
	at java.util.concurrent.ThreadPoolExecutor$Worker.run(ThreadPoolExecutor.java:624)
	... 1 more
Caused by: org.apache.ratis.thirdparty.io.netty.channel.AbstractChannel$AnnotatedConnectException: Connection refused: /192.168.151.122:34481
	at sun.nio.ch.SocketChannelImpl.checkConnect(Native Method)
	at sun.nio.ch.SocketChannelImpl.finishConnect(SocketChannelImpl.java:717)
	at org.apache.ratis.thirdparty.io.netty.channel.socket.nio.NioSocketChannel.doFinishConnect(NioSocketChannel.java:327)
	at org.apache.ratis.thirdparty.io.netty.channel.nio.AbstractNioChannel$AbstractNioUnsafe.finishConnect(AbstractNioChannel.java:340)
	at org.apache.ratis.thirdparty.io.netty.channel.nio.NioEventLoop.processSelectedKey(NioEventLoop.java:632)
	at org.apache.ratis.thirdparty.io.netty.channel.nio.NioEventLoop.processSelectedKeysOptimized(NioEventLoop.java:579)
	at org.apache.ratis.thirdparty.io.netty.channel.nio.NioEventLoop.processSelectedKeys(NioEventLoop.java:496)
	at org.apache.ratis.thirdparty.io.netty.channel.nio.NioEventLoop.run(NioEventLoop.java:458)
	at org.apache.ratis.thirdparty.io.netty.util.concurrent.SingleThreadEventExecutor$5.run(SingleThreadEventExecutor.java:897)
	at org.apache.ratis.thirdparty.io.netty.util.concurrent.FastThreadLocalRunnable.run(FastThreadLocalRunnable.java:30)
	... 1 more
Caused by: java.net.ConnectException: Connection refused
	... 11 more
2019-10-02 11:23:21,136 [2efd349e-feaf-4869-a93b-bd8bfaac471f@group-FC2D5FD9454F-LeaderElection21] INFO  impl.LeaderElection (LogUtils.java:infoOrTrace(149)) -   Exception 1: {}
java.util.concurrent.ExecutionException: org.apache.ratis.thirdparty.io.grpc.StatusRuntimeException: INTERNAL: fa2082ef-2be2-4bae-9323-f7b52755e8d7: group-FC2D5FD9454F not found.
	at java.util.concurrent.FutureTask.report(FutureTask.java:122)
	at java.util.concurrent.FutureTask.get(FutureTask.java:192)
	at org.apache.ratis.server.impl.LeaderElection.waitForResults(LeaderElection.java:259)
	at org.apache.ratis.server.impl.LeaderElection.askForVotes(LeaderElection.java:197)
	at org.apache.ratis.server.impl.LeaderElection.run(LeaderElection.java:133)
	at java.lang.Thread.run(Thread.java:748)
Caused by: org.apache.ratis.thirdparty.io.grpc.StatusRuntimeException: INTERNAL: fa2082ef-2be2-4bae-9323-f7b52755e8d7: group-FC2D5FD9454F not found.
	at org.apache.ratis.thirdparty.io.grpc.stub.ClientCalls.toStatusRuntimeException(ClientCalls.java:233)
	at org.apache.ratis.thirdparty.io.grpc.stub.ClientCalls.getUnchecked(ClientCalls.java:214)
	at org.apache.ratis.thirdparty.io.grpc.stub.ClientCalls.blockingUnaryCall(ClientCalls.java:139)
	at org.apache.ratis.proto.grpc.RaftServerProtocolServiceGrpc$RaftServerProtocolServiceBlockingStub.requestVote(RaftServerProtocolServiceGrpc.java:265)
	at org.apache.ratis.grpc.server.GrpcServerProtocolClient.requestVote(GrpcServerProtocolClient.java:99)
	at org.apache.ratis.grpc.server.GrpcService.requestVote(GrpcService.java:204)
	at org.apache.ratis.server.impl.LeaderElection.lambda$submitRequests$1(LeaderElection.java:234)
	at java.util.concurrent.FutureTask.run(FutureTask.java:266)
	at java.util.concurrent.Executors$RunnableAdapter.call(Executors.java:511)
	at java.util.concurrent.FutureTask.run(FutureTask.java:266)
	at java.util.concurrent.ThreadPoolExecutor.runWorker(ThreadPoolExecutor.java:1149)
	at java.util.concurrent.ThreadPoolExecutor$Worker.run(ThreadPoolExecutor.java:624)
	... 1 more
2019-10-02 11:23:21,136 [2efd349e-feaf-4869-a93b-bd8bfaac471f@group-FC2D5FD9454F-LeaderElection21] INFO  impl.RaftServerImpl (RaftServerImpl.java:setRole(170)) - 2efd349e-feaf-4869-a93b-bd8bfaac471f@group-FC2D5FD9454F: changes role from CANDIDATE to FOLLOWER at term 2 for DISCOVERED_A_NEW_TERM
2019-10-02 11:23:21,136 [2efd349e-feaf-4869-a93b-bd8bfaac471f@group-FC2D5FD9454F-LeaderElection21] INFO  impl.RoleInfo (RoleInfo.java:shutdownLeaderElection(134)) - 2efd349e-feaf-4869-a93b-bd8bfaac471f: shutdown LeaderElection
2019-10-02 11:23:21,136 [2efd349e-feaf-4869-a93b-bd8bfaac471f@group-FC2D5FD9454F-LeaderElection21] INFO  impl.RoleInfo (RoleInfo.java:updateAndGet(143)) - 2efd349e-feaf-4869-a93b-bd8bfaac471f: start FollowerState
2019-10-02 11:23:21,209 [grpc-default-executor-1] WARN  server.GrpcLogAppender (LogUtils.java:warn(134)) - 5a152cad-2f68-44e1-8661-622a6e2403aa@group-CFA5962B69F1->99afa1ab-f70e-454d-b97f-b50504ecadc2-AppendLogResponseHandler: Failed appendEntries: org.apache.ratis.thirdparty.io.grpc.StatusRuntimeException: UNAVAILABLE: io exception
2019-10-02 11:23:21,209 [grpc-default-executor-0] WARN  server.GrpcLogAppender (LogUtils.java:warn(134)) - 5a152cad-2f68-44e1-8661-622a6e2403aa@group-33DDF701D157->99afa1ab-f70e-454d-b97f-b50504ecadc2-AppendLogResponseHandler: Failed appendEntries: org.apache.ratis.thirdparty.io.grpc.StatusRuntimeException: UNAVAILABLE: io exception
2019-10-02 11:23:21,209 [grpc-default-executor-16] WARN  server.GrpcLogAppender (LogUtils.java:warn(134)) - 5a152cad-2f68-44e1-8661-622a6e2403aa@group-B42E39A6701C->99afa1ab-f70e-454d-b97f-b50504ecadc2-AppendLogResponseHandler: Failed appendEntries: org.apache.ratis.thirdparty.io.grpc.StatusRuntimeException: UNAVAILABLE: io exception
2019-10-02 11:23:21,211 [grpc-default-executor-0] INFO  impl.FollowerInfo (FollowerInfo.java:lambda$new$0(51)) - 5a152cad-2f68-44e1-8661-622a6e2403aa@group-33DDF701D157->99afa1ab-f70e-454d-b97f-b50504ecadc2: nextIndex: updateUnconditionally 0 -> 0
2019-10-02 11:23:21,211 [grpc-default-executor-1] INFO  impl.FollowerInfo (FollowerInfo.java:lambda$new$0(51)) - 5a152cad-2f68-44e1-8661-622a6e2403aa@group-CFA5962B69F1->99afa1ab-f70e-454d-b97f-b50504ecadc2: nextIndex: updateUnconditionally 0 -> 0
2019-10-02 11:23:21,211 [grpc-default-executor-16] INFO  impl.FollowerInfo (FollowerInfo.java:lambda$new$0(51)) - 5a152cad-2f68-44e1-8661-622a6e2403aa@group-B42E39A6701C->99afa1ab-f70e-454d-b97f-b50504ecadc2: nextIndex: updateUnconditionally 0 -> 0
2019-10-02 11:23:21,256 [grpc-default-executor-4] WARN  server.GrpcLogAppender (LogUtils.java:warn(134)) - 5a152cad-2f68-44e1-8661-622a6e2403aa@group-33DDF701D157->255f5341-67af-48a5-9f0a-34079e58e4b3-AppendLogResponseHandler: Failed appendEntries: org.apache.ratis.thirdparty.io.grpc.StatusRuntimeException: UNAVAILABLE: io exception
2019-10-02 11:23:21,256 [grpc-default-executor-16] WARN  server.GrpcLogAppender (LogUtils.java:warn(134)) - 5a152cad-2f68-44e1-8661-622a6e2403aa@group-CFA5962B69F1->255f5341-67af-48a5-9f0a-34079e58e4b3-AppendLogResponseHandler: Failed appendEntries: org.apache.ratis.thirdparty.io.grpc.StatusRuntimeException: UNAVAILABLE: io exception
2019-10-02 11:23:21,256 [grpc-default-executor-4] INFO  impl.FollowerInfo (FollowerInfo.java:lambda$new$0(51)) - 5a152cad-2f68-44e1-8661-622a6e2403aa@group-33DDF701D157->255f5341-67af-48a5-9f0a-34079e58e4b3: nextIndex: updateUnconditionally 0 -> 0
2019-10-02 11:23:21,256 [grpc-default-executor-16] INFO  impl.FollowerInfo (FollowerInfo.java:lambda$new$0(51)) - 5a152cad-2f68-44e1-8661-622a6e2403aa@group-CFA5962B69F1->255f5341-67af-48a5-9f0a-34079e58e4b3: nextIndex: updateUnconditionally 0 -> 0
2019-10-02 11:23:21,260 [grpc-default-executor-1] WARN  server.GrpcLogAppender (LogUtils.java:warn(134)) - 5a152cad-2f68-44e1-8661-622a6e2403aa@group-B42E39A6701C->255f5341-67af-48a5-9f0a-34079e58e4b3-AppendLogResponseHandler: Failed appendEntries: org.apache.ratis.thirdparty.io.grpc.StatusRuntimeException: UNAVAILABLE: io exception
2019-10-02 11:23:21,260 [grpc-default-executor-1] INFO  impl.FollowerInfo (FollowerInfo.java:lambda$new$0(51)) - 5a152cad-2f68-44e1-8661-622a6e2403aa@group-B42E39A6701C->255f5341-67af-48a5-9f0a-34079e58e4b3: nextIndex: updateUnconditionally 0 -> 0
2019-10-02 11:23:21,713 [grpc-default-executor-8] WARN  server.GrpcLogAppender (LogUtils.java:warn(134)) - 5a152cad-2f68-44e1-8661-622a6e2403aa@group-CFA5962B69F1->99afa1ab-f70e-454d-b97f-b50504ecadc2-AppendLogResponseHandler: Failed appendEntries: org.apache.ratis.thirdparty.io.grpc.StatusRuntimeException: UNAVAILABLE: io exception
2019-10-02 11:23:21,713 [grpc-default-executor-14] WARN  server.GrpcLogAppender (LogUtils.java:warn(134)) - 5a152cad-2f68-44e1-8661-622a6e2403aa@group-B42E39A6701C->99afa1ab-f70e-454d-b97f-b50504ecadc2-AppendLogResponseHandler: Failed appendEntries: org.apache.ratis.thirdparty.io.grpc.StatusRuntimeException: UNAVAILABLE: io exception
2019-10-02 11:23:21,713 [grpc-default-executor-1] WARN  server.GrpcLogAppender (LogUtils.java:warn(134)) - 5a152cad-2f68-44e1-8661-622a6e2403aa@group-33DDF701D157->99afa1ab-f70e-454d-b97f-b50504ecadc2-AppendLogResponseHandler: Failed appendEntries: org.apache.ratis.thirdparty.io.grpc.StatusRuntimeException: UNAVAILABLE: io exception
2019-10-02 11:23:21,713 [grpc-default-executor-8] INFO  impl.FollowerInfo (FollowerInfo.java:lambda$new$0(51)) - 5a152cad-2f68-44e1-8661-622a6e2403aa@group-CFA5962B69F1->99afa1ab-f70e-454d-b97f-b50504ecadc2: nextIndex: updateUnconditionally 0 -> 0
2019-10-02 11:23:21,713 [grpc-default-executor-14] INFO  impl.FollowerInfo (FollowerInfo.java:lambda$new$0(51)) - 5a152cad-2f68-44e1-8661-622a6e2403aa@group-B42E39A6701C->99afa1ab-f70e-454d-b97f-b50504ecadc2: nextIndex: updateUnconditionally 0 -> 0
2019-10-02 11:23:21,714 [grpc-default-executor-1] INFO  impl.FollowerInfo (FollowerInfo.java:lambda$new$0(51)) - 5a152cad-2f68-44e1-8661-622a6e2403aa@group-33DDF701D157->99afa1ab-f70e-454d-b97f-b50504ecadc2: nextIndex: updateUnconditionally 0 -> 0
2019-10-02 11:23:21,756 [grpc-default-executor-14] WARN  server.GrpcLogAppender (LogUtils.java:warn(134)) - 5a152cad-2f68-44e1-8661-622a6e2403aa@group-33DDF701D157->255f5341-67af-48a5-9f0a-34079e58e4b3-AppendLogResponseHandler: Failed appendEntries: org.apache.ratis.thirdparty.io.grpc.StatusRuntimeException: UNAVAILABLE: io exception
2019-10-02 11:23:21,756 [grpc-default-executor-0] WARN  server.GrpcLogAppender (LogUtils.java:warn(134)) - 5a152cad-2f68-44e1-8661-622a6e2403aa@group-CFA5962B69F1->255f5341-67af-48a5-9f0a-34079e58e4b3-AppendLogResponseHandler: Failed appendEntries: org.apache.ratis.thirdparty.io.grpc.StatusRuntimeException: UNAVAILABLE: io exception
2019-10-02 11:23:21,756 [grpc-default-executor-14] INFO  impl.FollowerInfo (FollowerInfo.java:lambda$new$0(51)) - 5a152cad-2f68-44e1-8661-622a6e2403aa@group-33DDF701D157->255f5341-67af-48a5-9f0a-34079e58e4b3: nextIndex: updateUnconditionally 0 -> 0
2019-10-02 11:23:21,757 [grpc-default-executor-0] INFO  impl.FollowerInfo (FollowerInfo.java:lambda$new$0(51)) - 5a152cad-2f68-44e1-8661-622a6e2403aa@group-CFA5962B69F1->255f5341-67af-48a5-9f0a-34079e58e4b3: nextIndex: updateUnconditionally 0 -> 0
2019-10-02 11:23:21,760 [grpc-default-executor-1] WARN  server.GrpcLogAppender (LogUtils.java:warn(134)) - 5a152cad-2f68-44e1-8661-622a6e2403aa@group-B42E39A6701C->255f5341-67af-48a5-9f0a-34079e58e4b3-AppendLogResponseHandler: Failed appendEntries: org.apache.ratis.thirdparty.io.grpc.StatusRuntimeException: UNAVAILABLE: io exception
2019-10-02 11:23:21,761 [grpc-default-executor-1] INFO  impl.FollowerInfo (FollowerInfo.java:lambda$new$0(51)) - 5a152cad-2f68-44e1-8661-622a6e2403aa@group-B42E39A6701C->255f5341-67af-48a5-9f0a-34079e58e4b3: nextIndex: updateUnconditionally 0 -> 0
2019-10-02 11:23:22,215 [grpc-default-executor-1] WARN  server.GrpcLogAppender (LogUtils.java:warn(134)) - 5a152cad-2f68-44e1-8661-622a6e2403aa@group-CFA5962B69F1->99afa1ab-f70e-454d-b97f-b50504ecadc2-AppendLogResponseHandler: Failed appendEntries: org.apache.ratis.thirdparty.io.grpc.StatusRuntimeException: UNAVAILABLE: io exception
2019-10-02 11:23:22,215 [grpc-default-executor-4] WARN  server.GrpcLogAppender (LogUtils.java:warn(134)) - 5a152cad-2f68-44e1-8661-622a6e2403aa@group-33DDF701D157->99afa1ab-f70e-454d-b97f-b50504ecadc2-AppendLogResponseHandler: Failed appendEntries: org.apache.ratis.thirdparty.io.grpc.StatusRuntimeException: UNAVAILABLE: io exception
2019-10-02 11:23:22,215 [grpc-default-executor-14] WARN  server.GrpcLogAppender (LogUtils.java:warn(134)) - 5a152cad-2f68-44e1-8661-622a6e2403aa@group-B42E39A6701C->99afa1ab-f70e-454d-b97f-b50504ecadc2-AppendLogResponseHandler: Failed appendEntries: org.apache.ratis.thirdparty.io.grpc.StatusRuntimeException: UNAVAILABLE: io exception
2019-10-02 11:23:22,216 [grpc-default-executor-4] INFO  impl.FollowerInfo (FollowerInfo.java:lambda$new$0(51)) - 5a152cad-2f68-44e1-8661-622a6e2403aa@group-33DDF701D157->99afa1ab-f70e-454d-b97f-b50504ecadc2: nextIndex: updateUnconditionally 0 -> 0
2019-10-02 11:23:22,216 [grpc-default-executor-1] INFO  impl.FollowerInfo (FollowerInfo.java:lambda$new$0(51)) - 5a152cad-2f68-44e1-8661-622a6e2403aa@group-CFA5962B69F1->99afa1ab-f70e-454d-b97f-b50504ecadc2: nextIndex: updateUnconditionally 0 -> 0
2019-10-02 11:23:22,216 [grpc-default-executor-14] INFO  impl.FollowerInfo (FollowerInfo.java:lambda$new$0(51)) - 5a152cad-2f68-44e1-8661-622a6e2403aa@group-B42E39A6701C->99afa1ab-f70e-454d-b97f-b50504ecadc2: nextIndex: updateUnconditionally 0 -> 0
2019-10-02 11:23:22,257 [grpc-default-executor-0] WARN  server.GrpcLogAppender (LogUtils.java:warn(134)) - 5a152cad-2f68-44e1-8661-622a6e2403aa@group-CFA5962B69F1->255f5341-67af-48a5-9f0a-34079e58e4b3-AppendLogResponseHandler: Failed appendEntries: org.apache.ratis.thirdparty.io.grpc.StatusRuntimeException: UNAVAILABLE: io exception
2019-10-02 11:23:22,257 [grpc-default-executor-8] WARN  server.GrpcLogAppender (LogUtils.java:warn(134)) - 5a152cad-2f68-44e1-8661-622a6e2403aa@group-33DDF701D157->255f5341-67af-48a5-9f0a-34079e58e4b3-AppendLogResponseHandler: Failed appendEntries: org.apache.ratis.thirdparty.io.grpc.StatusRuntimeException: UNAVAILABLE: io exception
2019-10-02 11:23:22,257 [grpc-default-executor-0] INFO  impl.FollowerInfo (FollowerInfo.java:lambda$new$0(51)) - 5a152cad-2f68-44e1-8661-622a6e2403aa@group-CFA5962B69F1->255f5341-67af-48a5-9f0a-34079e58e4b3: nextIndex: updateUnconditionally 0 -> 0
2019-10-02 11:23:22,257 [grpc-default-executor-8] INFO  impl.FollowerInfo (FollowerInfo.java:lambda$new$0(51)) - 5a152cad-2f68-44e1-8661-622a6e2403aa@group-33DDF701D157->255f5341-67af-48a5-9f0a-34079e58e4b3: nextIndex: updateUnconditionally 0 -> 0
2019-10-02 11:23:22,261 [grpc-default-executor-1] WARN  server.GrpcLogAppender (LogUtils.java:warn(134)) - 5a152cad-2f68-44e1-8661-622a6e2403aa@group-B42E39A6701C->255f5341-67af-48a5-9f0a-34079e58e4b3-AppendLogResponseHandler: Failed appendEntries: org.apache.ratis.thirdparty.io.grpc.StatusRuntimeException: UNAVAILABLE: io exception
2019-10-02 11:23:22,261 [grpc-default-executor-1] INFO  impl.FollowerInfo (FollowerInfo.java:lambda$new$0(51)) - 5a152cad-2f68-44e1-8661-622a6e2403aa@group-B42E39A6701C->255f5341-67af-48a5-9f0a-34079e58e4b3: nextIndex: updateUnconditionally 0 -> 0
2019-10-02 11:23:22,306 [Thread-600] INFO  impl.FollowerState (FollowerState.java:run(108)) - 2efd349e-feaf-4869-a93b-bd8bfaac471f@group-FC2D5FD9454F-FollowerState: change to CANDIDATE, lastRpcTime:1169ms, electionTimeout:1169ms
2019-10-02 11:23:22,306 [Thread-600] INFO  impl.RoleInfo (RoleInfo.java:shutdownFollowerState(121)) - 2efd349e-feaf-4869-a93b-bd8bfaac471f: shutdown FollowerState
2019-10-02 11:23:22,306 [Thread-600] INFO  impl.RaftServerImpl (RaftServerImpl.java:setRole(170)) - 2efd349e-feaf-4869-a93b-bd8bfaac471f@group-FC2D5FD9454F: changes role from  FOLLOWER to CANDIDATE at term 2 for changeToCandidate
2019-10-02 11:23:22,306 [Thread-600] INFO  impl.RoleInfo (RoleInfo.java:updateAndGet(143)) - 2efd349e-feaf-4869-a93b-bd8bfaac471f: start LeaderElection
2019-10-02 11:23:22,636 [2efd349e-feaf-4869-a93b-bd8bfaac471f@group-FC2D5FD9454F-LeaderElection22] INFO  impl.LeaderElection (LeaderElection.java:askForVotes(178)) - 2efd349e-feaf-4869-a93b-bd8bfaac471f@group-FC2D5FD9454F-LeaderElection22: begin an election at term 3 for -1: [c5209792-15f6-46a4-8128-2e7c6fbeb642:192.168.151.122:34481, 2efd349e-feaf-4869-a93b-bd8bfaac471f:192.168.151.122:46738, fa2082ef-2be2-4bae-9323-f7b52755e8d7:192.168.151.122:39327], old=null
2019-10-02 11:23:22,637 [2efd349e-feaf-4869-a93b-bd8bfaac471f@group-FC2D5FD9454F-LeaderElection22] INFO  impl.LeaderElection (LogUtils.java:infoOrTrace(149)) - 2efd349e-feaf-4869-a93b-bd8bfaac471f@group-FC2D5FD9454F-LeaderElection22 got exception when requesting votes: {}
java.util.concurrent.ExecutionException: org.apache.ratis.thirdparty.io.grpc.StatusRuntimeException: UNAVAILABLE: io exception
	at java.util.concurrent.FutureTask.report(FutureTask.java:122)
	at java.util.concurrent.FutureTask.get(FutureTask.java:192)
	at org.apache.ratis.server.impl.LeaderElection.waitForResults(LeaderElection.java:259)
	at org.apache.ratis.server.impl.LeaderElection.askForVotes(LeaderElection.java:197)
	at org.apache.ratis.server.impl.LeaderElection.run(LeaderElection.java:133)
	at java.lang.Thread.run(Thread.java:748)
Caused by: org.apache.ratis.thirdparty.io.grpc.StatusRuntimeException: UNAVAILABLE: io exception
	at org.apache.ratis.thirdparty.io.grpc.stub.ClientCalls.toStatusRuntimeException(ClientCalls.java:233)
	at org.apache.ratis.thirdparty.io.grpc.stub.ClientCalls.getUnchecked(ClientCalls.java:214)
	at org.apache.ratis.thirdparty.io.grpc.stub.ClientCalls.blockingUnaryCall(ClientCalls.java:139)
	at org.apache.ratis.proto.grpc.RaftServerProtocolServiceGrpc$RaftServerProtocolServiceBlockingStub.requestVote(RaftServerProtocolServiceGrpc.java:265)
	at org.apache.ratis.grpc.server.GrpcServerProtocolClient.requestVote(GrpcServerProtocolClient.java:99)
	at org.apache.ratis.grpc.server.GrpcService.requestVote(GrpcService.java:204)
	at org.apache.ratis.server.impl.LeaderElection.lambda$submitRequests$1(LeaderElection.java:234)
	at java.util.concurrent.FutureTask.run(FutureTask.java:266)
	at java.util.concurrent.Executors$RunnableAdapter.call(Executors.java:511)
	at java.util.concurrent.FutureTask.run(FutureTask.java:266)
	at java.util.concurrent.ThreadPoolExecutor.runWorker(ThreadPoolExecutor.java:1149)
	at java.util.concurrent.ThreadPoolExecutor$Worker.run(ThreadPoolExecutor.java:624)
	... 1 more
Caused by: org.apache.ratis.thirdparty.io.netty.channel.AbstractChannel$AnnotatedConnectException: Connection refused: /192.168.151.122:34481
	at sun.nio.ch.SocketChannelImpl.checkConnect(Native Method)
	at sun.nio.ch.SocketChannelImpl.finishConnect(SocketChannelImpl.java:717)
	at org.apache.ratis.thirdparty.io.netty.channel.socket.nio.NioSocketChannel.doFinishConnect(NioSocketChannel.java:327)
	at org.apache.ratis.thirdparty.io.netty.channel.nio.AbstractNioChannel$AbstractNioUnsafe.finishConnect(AbstractNioChannel.java:340)
	at org.apache.ratis.thirdparty.io.netty.channel.nio.NioEventLoop.processSelectedKey(NioEventLoop.java:632)
	at org.apache.ratis.thirdparty.io.netty.channel.nio.NioEventLoop.processSelectedKeysOptimized(NioEventLoop.java:579)
	at org.apache.ratis.thirdparty.io.netty.channel.nio.NioEventLoop.processSelectedKeys(NioEventLoop.java:496)
	at org.apache.ratis.thirdparty.io.netty.channel.nio.NioEventLoop.run(NioEventLoop.java:458)
	at org.apache.ratis.thirdparty.io.netty.util.concurrent.SingleThreadEventExecutor$5.run(SingleThreadEventExecutor.java:897)
	at org.apache.ratis.thirdparty.io.netty.util.concurrent.FastThreadLocalRunnable.run(FastThreadLocalRunnable.java:30)
	... 1 more
Caused by: java.net.ConnectException: Connection refused
	... 11 more
2019-10-02 11:23:22,642 [grpc-default-executor-1] WARN  server.GrpcServerProtocolService (LogUtils.java:warn(136)) - fa2082ef-2be2-4bae-9323-f7b52755e8d7: Failed requestVote 2efd349e-feaf-4869-a93b-bd8bfaac471f->fa2082ef-2be2-4bae-9323-f7b52755e8d7#0
org.apache.ratis.protocol.GroupMismatchException: fa2082ef-2be2-4bae-9323-f7b52755e8d7: group-FC2D5FD9454F not found.
	at org.apache.ratis.server.impl.RaftServerProxy$ImplMap.get(RaftServerProxy.java:122)
	at org.apache.ratis.server.impl.RaftServerProxy.getImplFuture(RaftServerProxy.java:269)
	at org.apache.ratis.server.impl.RaftServerProxy.getImpl(RaftServerProxy.java:278)
	at org.apache.ratis.server.impl.RaftServerProxy.getImpl(RaftServerProxy.java:273)
	at org.apache.ratis.server.impl.RaftServerProxy.requestVote(RaftServerProxy.java:443)
	at org.apache.ratis.grpc.server.GrpcServerProtocolService.requestVote(GrpcServerProtocolService.java:142)
	at org.apache.ratis.proto.grpc.RaftServerProtocolServiceGrpc$MethodHandlers.invoke(RaftServerProtocolServiceGrpc.java:319)
	at org.apache.ratis.thirdparty.io.grpc.stub.ServerCalls$UnaryServerCallHandler$UnaryServerCallListener.onHalfClose(ServerCalls.java:171)
	at org.apache.ratis.thirdparty.io.grpc.internal.ServerCallImpl$ServerStreamListenerImpl.halfClosed(ServerCallImpl.java:283)
	at org.apache.ratis.thirdparty.io.grpc.internal.ServerImpl$JumpToApplicationThreadServerStreamListener$1HalfClosed.runInContext(ServerImpl.java:710)
	at org.apache.ratis.thirdparty.io.grpc.internal.ContextRunnable.run(ContextRunnable.java:37)
	at org.apache.ratis.thirdparty.io.grpc.internal.SerializingExecutor.run(SerializingExecutor.java:123)
	at java.util.concurrent.ThreadPoolExecutor.runWorker(ThreadPoolExecutor.java:1149)
	at java.util.concurrent.ThreadPoolExecutor$Worker.run(ThreadPoolExecutor.java:624)
	at java.lang.Thread.run(Thread.java:748)
2019-10-02 11:23:22,645 [2efd349e-feaf-4869-a93b-bd8bfaac471f@group-FC2D5FD9454F-LeaderElection22] INFO  impl.LeaderElection (LogUtils.java:infoOrTrace(149)) - 2efd349e-feaf-4869-a93b-bd8bfaac471f@group-FC2D5FD9454F-LeaderElection22 got exception when requesting votes: {}
java.util.concurrent.ExecutionException: org.apache.ratis.thirdparty.io.grpc.StatusRuntimeException: INTERNAL: fa2082ef-2be2-4bae-9323-f7b52755e8d7: group-FC2D5FD9454F not found.
	at java.util.concurrent.FutureTask.report(FutureTask.java:122)
	at java.util.concurrent.FutureTask.get(FutureTask.java:192)
	at org.apache.ratis.server.impl.LeaderElection.waitForResults(LeaderElection.java:259)
	at org.apache.ratis.server.impl.LeaderElection.askForVotes(LeaderElection.java:197)
	at org.apache.ratis.server.impl.LeaderElection.run(LeaderElection.java:133)
	at java.lang.Thread.run(Thread.java:748)
Caused by: org.apache.ratis.thirdparty.io.grpc.StatusRuntimeException: INTERNAL: fa2082ef-2be2-4bae-9323-f7b52755e8d7: group-FC2D5FD9454F not found.
	at org.apache.ratis.thirdparty.io.grpc.stub.ClientCalls.toStatusRuntimeException(ClientCalls.java:233)
	at org.apache.ratis.thirdparty.io.grpc.stub.ClientCalls.getUnchecked(ClientCalls.java:214)
	at org.apache.ratis.thirdparty.io.grpc.stub.ClientCalls.blockingUnaryCall(ClientCalls.java:139)
	at org.apache.ratis.proto.grpc.RaftServerProtocolServiceGrpc$RaftServerProtocolServiceBlockingStub.requestVote(RaftServerProtocolServiceGrpc.java:265)
	at org.apache.ratis.grpc.server.GrpcServerProtocolClient.requestVote(GrpcServerProtocolClient.java:99)
	at org.apache.ratis.grpc.server.GrpcService.requestVote(GrpcService.java:204)
	at org.apache.ratis.server.impl.LeaderElection.lambda$submitRequests$1(LeaderElection.java:234)
	at java.util.concurrent.FutureTask.run(FutureTask.java:266)
	at java.util.concurrent.Executors$RunnableAdapter.call(Executors.java:511)
	at java.util.concurrent.FutureTask.run(FutureTask.java:266)
	at java.util.concurrent.ThreadPoolExecutor.runWorker(ThreadPoolExecutor.java:1149)
	at java.util.concurrent.ThreadPoolExecutor$Worker.run(ThreadPoolExecutor.java:624)
	... 1 more
2019-10-02 11:23:22,647 [2efd349e-feaf-4869-a93b-bd8bfaac471f@group-FC2D5FD9454F-LeaderElection22] INFO  impl.LeaderElection (LeaderElection.java:logAndReturn(56)) - 2efd349e-feaf-4869-a93b-bd8bfaac471f@group-FC2D5FD9454F-LeaderElection22: Election REJECTED; received 0 response(s) [] and 2 exception(s); 2efd349e-feaf-4869-a93b-bd8bfaac471f@group-FC2D5FD9454F:t3, leader=null, voted=2efd349e-feaf-4869-a93b-bd8bfaac471f, raftlog=2efd349e-feaf-4869-a93b-bd8bfaac471f@group-FC2D5FD9454F-SegmentedRaftLog:OPENED:c-1,f-1,i0, conf=-1: [c5209792-15f6-46a4-8128-2e7c6fbeb642:192.168.151.122:34481, 2efd349e-feaf-4869-a93b-bd8bfaac471f:192.168.151.122:46738, fa2082ef-2be2-4bae-9323-f7b52755e8d7:192.168.151.122:39327], old=null
2019-10-02 11:23:22,647 [2efd349e-feaf-4869-a93b-bd8bfaac471f@group-FC2D5FD9454F-LeaderElection22] INFO  impl.LeaderElection (LogUtils.java:infoOrTrace(149)) -   Exception 0: {}
java.util.concurrent.ExecutionException: org.apache.ratis.thirdparty.io.grpc.StatusRuntimeException: UNAVAILABLE: io exception
	at java.util.concurrent.FutureTask.report(FutureTask.java:122)
	at java.util.concurrent.FutureTask.get(FutureTask.java:192)
	at org.apache.ratis.server.impl.LeaderElection.waitForResults(LeaderElection.java:259)
	at org.apache.ratis.server.impl.LeaderElection.askForVotes(LeaderElection.java:197)
	at org.apache.ratis.server.impl.LeaderElection.run(LeaderElection.java:133)
	at java.lang.Thread.run(Thread.java:748)
Caused by: org.apache.ratis.thirdparty.io.grpc.StatusRuntimeException: UNAVAILABLE: io exception
	at org.apache.ratis.thirdparty.io.grpc.stub.ClientCalls.toStatusRuntimeException(ClientCalls.java:233)
	at org.apache.ratis.thirdparty.io.grpc.stub.ClientCalls.getUnchecked(ClientCalls.java:214)
	at org.apache.ratis.thirdparty.io.grpc.stub.ClientCalls.blockingUnaryCall(ClientCalls.java:139)
	at org.apache.ratis.proto.grpc.RaftServerProtocolServiceGrpc$RaftServerProtocolServiceBlockingStub.requestVote(RaftServerProtocolServiceGrpc.java:265)
	at org.apache.ratis.grpc.server.GrpcServerProtocolClient.requestVote(GrpcServerProtocolClient.java:99)
	at org.apache.ratis.grpc.server.GrpcService.requestVote(GrpcService.java:204)
	at org.apache.ratis.server.impl.LeaderElection.lambda$submitRequests$1(LeaderElection.java:234)
	at java.util.concurrent.FutureTask.run(FutureTask.java:266)
	at java.util.concurrent.Executors$RunnableAdapter.call(Executors.java:511)
	at java.util.concurrent.FutureTask.run(FutureTask.java:266)
	at java.util.concurrent.ThreadPoolExecutor.runWorker(ThreadPoolExecutor.java:1149)
	at java.util.concurrent.ThreadPoolExecutor$Worker.run(ThreadPoolExecutor.java:624)
	... 1 more
Caused by: org.apache.ratis.thirdparty.io.netty.channel.AbstractChannel$AnnotatedConnectException: Connection refused: /192.168.151.122:34481
	at sun.nio.ch.SocketChannelImpl.checkConnect(Native Method)
	at sun.nio.ch.SocketChannelImpl.finishConnect(SocketChannelImpl.java:717)
	at org.apache.ratis.thirdparty.io.netty.channel.socket.nio.NioSocketChannel.doFinishConnect(NioSocketChannel.java:327)
	at org.apache.ratis.thirdparty.io.netty.channel.nio.AbstractNioChannel$AbstractNioUnsafe.finishConnect(AbstractNioChannel.java:340)
	at org.apache.ratis.thirdparty.io.netty.channel.nio.NioEventLoop.processSelectedKey(NioEventLoop.java:632)
	at org.apache.ratis.thirdparty.io.netty.channel.nio.NioEventLoop.processSelectedKeysOptimized(NioEventLoop.java:579)
	at org.apache.ratis.thirdparty.io.netty.channel.nio.NioEventLoop.processSelectedKeys(NioEventLoop.java:496)
	at org.apache.ratis.thirdparty.io.netty.channel.nio.NioEventLoop.run(NioEventLoop.java:458)
	at org.apache.ratis.thirdparty.io.netty.util.concurrent.SingleThreadEventExecutor$5.run(SingleThreadEventExecutor.java:897)
	at org.apache.ratis.thirdparty.io.netty.util.concurrent.FastThreadLocalRunnable.run(FastThreadLocalRunnable.java:30)
	... 1 more
Caused by: java.net.ConnectException: Connection refused
	... 11 more
2019-10-02 11:23:22,648 [2efd349e-feaf-4869-a93b-bd8bfaac471f@group-FC2D5FD9454F-LeaderElection22] INFO  impl.LeaderElection (LogUtils.java:infoOrTrace(149)) -   Exception 1: {}
java.util.concurrent.ExecutionException: org.apache.ratis.thirdparty.io.grpc.StatusRuntimeException: INTERNAL: fa2082ef-2be2-4bae-9323-f7b52755e8d7: group-FC2D5FD9454F not found.
	at java.util.concurrent.FutureTask.report(FutureTask.java:122)
	at java.util.concurrent.FutureTask.get(FutureTask.java:192)
	at org.apache.ratis.server.impl.LeaderElection.waitForResults(LeaderElection.java:259)
	at org.apache.ratis.server.impl.LeaderElection.askForVotes(LeaderElection.java:197)
	at org.apache.ratis.server.impl.LeaderElection.run(LeaderElection.java:133)
	at java.lang.Thread.run(Thread.java:748)
Caused by: org.apache.ratis.thirdparty.io.grpc.StatusRuntimeException: INTERNAL: fa2082ef-2be2-4bae-9323-f7b52755e8d7: group-FC2D5FD9454F not found.
	at org.apache.ratis.thirdparty.io.grpc.stub.ClientCalls.toStatusRuntimeException(ClientCalls.java:233)
	at org.apache.ratis.thirdparty.io.grpc.stub.ClientCalls.getUnchecked(ClientCalls.java:214)
	at org.apache.ratis.thirdparty.io.grpc.stub.ClientCalls.blockingUnaryCall(ClientCalls.java:139)
	at org.apache.ratis.proto.grpc.RaftServerProtocolServiceGrpc$RaftServerProtocolServiceBlockingStub.requestVote(RaftServerProtocolServiceGrpc.java:265)
	at org.apache.ratis.grpc.server.GrpcServerProtocolClient.requestVote(GrpcServerProtocolClient.java:99)
	at org.apache.ratis.grpc.server.GrpcService.requestVote(GrpcService.java:204)
	at org.apache.ratis.server.impl.LeaderElection.lambda$submitRequests$1(LeaderElection.java:234)
	at java.util.concurrent.FutureTask.run(FutureTask.java:266)
	at java.util.concurrent.Executors$RunnableAdapter.call(Executors.java:511)
	at java.util.concurrent.FutureTask.run(FutureTask.java:266)
	at java.util.concurrent.ThreadPoolExecutor.runWorker(ThreadPoolExecutor.java:1149)
	at java.util.concurrent.ThreadPoolExecutor$Worker.run(ThreadPoolExecutor.java:624)
	... 1 more
2019-10-02 11:23:22,648 [2efd349e-feaf-4869-a93b-bd8bfaac471f@group-FC2D5FD9454F-LeaderElection22] INFO  impl.RaftServerImpl (RaftServerImpl.java:setRole(170)) - 2efd349e-feaf-4869-a93b-bd8bfaac471f@group-FC2D5FD9454F: changes role from CANDIDATE to FOLLOWER at term 3 for DISCOVERED_A_NEW_TERM
2019-10-02 11:23:22,648 [2efd349e-feaf-4869-a93b-bd8bfaac471f@group-FC2D5FD9454F-LeaderElection22] INFO  impl.RoleInfo (RoleInfo.java:shutdownLeaderElection(134)) - 2efd349e-feaf-4869-a93b-bd8bfaac471f: shutdown LeaderElection
2019-10-02 11:23:22,648 [2efd349e-feaf-4869-a93b-bd8bfaac471f@group-FC2D5FD9454F-LeaderElection22] INFO  impl.RoleInfo (RoleInfo.java:updateAndGet(143)) - 2efd349e-feaf-4869-a93b-bd8bfaac471f: start FollowerState
2019-10-02 11:23:22,713 [grpc-default-executor-14] WARN  server.GrpcLogAppender (LogUtils.java:warn(134)) - 5a152cad-2f68-44e1-8661-622a6e2403aa@group-CFA5962B69F1->99afa1ab-f70e-454d-b97f-b50504ecadc2-AppendLogResponseHandler: Failed appendEntries: org.apache.ratis.thirdparty.io.grpc.StatusRuntimeException: UNAVAILABLE: io exception
2019-10-02 11:23:22,713 [grpc-default-executor-0] WARN  server.GrpcLogAppender (LogUtils.java:warn(134)) - 5a152cad-2f68-44e1-8661-622a6e2403aa@group-B42E39A6701C->99afa1ab-f70e-454d-b97f-b50504ecadc2-AppendLogResponseHandler: Failed appendEntries: org.apache.ratis.thirdparty.io.grpc.StatusRuntimeException: UNAVAILABLE: io exception
2019-10-02 11:23:22,713 [grpc-default-executor-1] WARN  server.GrpcLogAppender (LogUtils.java:warn(134)) - 5a152cad-2f68-44e1-8661-622a6e2403aa@group-33DDF701D157->99afa1ab-f70e-454d-b97f-b50504ecadc2-AppendLogResponseHandler: Failed appendEntries: org.apache.ratis.thirdparty.io.grpc.StatusRuntimeException: UNAVAILABLE: io exception
2019-10-02 11:23:22,716 [grpc-default-executor-0] INFO  impl.FollowerInfo (FollowerInfo.java:lambda$new$0(51)) - 5a152cad-2f68-44e1-8661-622a6e2403aa@group-B42E39A6701C->99afa1ab-f70e-454d-b97f-b50504ecadc2: nextIndex: updateUnconditionally 0 -> 0
2019-10-02 11:23:22,716 [grpc-default-executor-14] INFO  impl.FollowerInfo (FollowerInfo.java:lambda$new$0(51)) - 5a152cad-2f68-44e1-8661-622a6e2403aa@group-CFA5962B69F1->99afa1ab-f70e-454d-b97f-b50504ecadc2: nextIndex: updateUnconditionally 0 -> 0
2019-10-02 11:23:22,716 [grpc-default-executor-1] INFO  impl.FollowerInfo (FollowerInfo.java:lambda$new$0(51)) - 5a152cad-2f68-44e1-8661-622a6e2403aa@group-33DDF701D157->99afa1ab-f70e-454d-b97f-b50504ecadc2: nextIndex: updateUnconditionally 0 -> 0
2019-10-02 11:23:22,758 [grpc-default-executor-8] WARN  server.GrpcLogAppender (LogUtils.java:warn(134)) - 5a152cad-2f68-44e1-8661-622a6e2403aa@group-33DDF701D157->255f5341-67af-48a5-9f0a-34079e58e4b3-AppendLogResponseHandler: Failed appendEntries: org.apache.ratis.thirdparty.io.grpc.StatusRuntimeException: UNAVAILABLE: io exception
2019-10-02 11:23:22,758 [grpc-default-executor-8] INFO  impl.FollowerInfo (FollowerInfo.java:lambda$new$0(51)) - 5a152cad-2f68-44e1-8661-622a6e2403aa@group-33DDF701D157->255f5341-67af-48a5-9f0a-34079e58e4b3: nextIndex: updateUnconditionally 0 -> 0
2019-10-02 11:23:22,758 [grpc-default-executor-4] WARN  server.GrpcLogAppender (LogUtils.java:warn(134)) - 5a152cad-2f68-44e1-8661-622a6e2403aa@group-CFA5962B69F1->255f5341-67af-48a5-9f0a-34079e58e4b3-AppendLogResponseHandler: Failed appendEntries: org.apache.ratis.thirdparty.io.grpc.StatusRuntimeException: UNAVAILABLE: io exception
2019-10-02 11:23:22,758 [grpc-default-executor-4] INFO  impl.FollowerInfo (FollowerInfo.java:lambda$new$0(51)) - 5a152cad-2f68-44e1-8661-622a6e2403aa@group-CFA5962B69F1->255f5341-67af-48a5-9f0a-34079e58e4b3: nextIndex: updateUnconditionally 0 -> 0
2019-10-02 11:23:22,761 [grpc-default-executor-14] WARN  server.GrpcLogAppender (LogUtils.java:warn(134)) - 5a152cad-2f68-44e1-8661-622a6e2403aa@group-B42E39A6701C->255f5341-67af-48a5-9f0a-34079e58e4b3-AppendLogResponseHandler: Failed appendEntries: org.apache.ratis.thirdparty.io.grpc.StatusRuntimeException: UNAVAILABLE: io exception
2019-10-02 11:23:22,762 [grpc-default-executor-14] INFO  impl.FollowerInfo (FollowerInfo.java:lambda$new$0(51)) - 5a152cad-2f68-44e1-8661-622a6e2403aa@group-B42E39A6701C->255f5341-67af-48a5-9f0a-34079e58e4b3: nextIndex: updateUnconditionally 0 -> 0
2019-10-02 11:23:23,213 [grpc-default-executor-1] WARN  server.GrpcLogAppender (LogUtils.java:warn(134)) - 5a152cad-2f68-44e1-8661-622a6e2403aa@group-33DDF701D157->99afa1ab-f70e-454d-b97f-b50504ecadc2-AppendLogResponseHandler: Failed appendEntries: org.apache.ratis.thirdparty.io.grpc.StatusRuntimeException: UNAVAILABLE: io exception
2019-10-02 11:23:23,213 [grpc-default-executor-16] WARN  server.GrpcLogAppender (LogUtils.java:warn(134)) - 5a152cad-2f68-44e1-8661-622a6e2403aa@group-CFA5962B69F1->99afa1ab-f70e-454d-b97f-b50504ecadc2-AppendLogResponseHandler: Failed appendEntries: org.apache.ratis.thirdparty.io.grpc.StatusRuntimeException: UNAVAILABLE: io exception
2019-10-02 11:23:23,213 [grpc-default-executor-6] WARN  server.GrpcLogAppender (LogUtils.java:warn(134)) - 5a152cad-2f68-44e1-8661-622a6e2403aa@group-B42E39A6701C->99afa1ab-f70e-454d-b97f-b50504ecadc2-AppendLogResponseHandler: Failed appendEntries: org.apache.ratis.thirdparty.io.grpc.StatusRuntimeException: UNAVAILABLE: io exception
2019-10-02 11:23:23,214 [grpc-default-executor-16] INFO  impl.FollowerInfo (FollowerInfo.java:lambda$new$0(51)) - 5a152cad-2f68-44e1-8661-622a6e2403aa@group-CFA5962B69F1->99afa1ab-f70e-454d-b97f-b50504ecadc2: nextIndex: updateUnconditionally 0 -> 0
2019-10-02 11:23:23,214 [grpc-default-executor-1] INFO  impl.FollowerInfo (FollowerInfo.java:lambda$new$0(51)) - 5a152cad-2f68-44e1-8661-622a6e2403aa@group-33DDF701D157->99afa1ab-f70e-454d-b97f-b50504ecadc2: nextIndex: updateUnconditionally 0 -> 0
2019-10-02 11:23:23,214 [grpc-default-executor-6] INFO  impl.FollowerInfo (FollowerInfo.java:lambda$new$0(51)) - 5a152cad-2f68-44e1-8661-622a6e2403aa@group-B42E39A6701C->99afa1ab-f70e-454d-b97f-b50504ecadc2: nextIndex: updateUnconditionally 0 -> 0
2019-10-02 11:23:23,258 [grpc-default-executor-14] WARN  server.GrpcLogAppender (LogUtils.java:warn(134)) - 5a152cad-2f68-44e1-8661-622a6e2403aa@group-CFA5962B69F1->255f5341-67af-48a5-9f0a-34079e58e4b3-AppendLogResponseHandler: Failed appendEntries: org.apache.ratis.thirdparty.io.grpc.StatusRuntimeException: UNAVAILABLE: io exception
2019-10-02 11:23:23,258 [grpc-default-executor-1] WARN  server.GrpcLogAppender (LogUtils.java:warn(134)) - 5a152cad-2f68-44e1-8661-622a6e2403aa@group-33DDF701D157->255f5341-67af-48a5-9f0a-34079e58e4b3-AppendLogResponseHandler: Failed appendEntries: org.apache.ratis.thirdparty.io.grpc.StatusRuntimeException: UNAVAILABLE: io exception
2019-10-02 11:23:23,258 [grpc-default-executor-14] INFO  impl.FollowerInfo (FollowerInfo.java:lambda$new$0(51)) - 5a152cad-2f68-44e1-8661-622a6e2403aa@group-CFA5962B69F1->255f5341-67af-48a5-9f0a-34079e58e4b3: nextIndex: updateUnconditionally 0 -> 0
2019-10-02 11:23:23,258 [grpc-default-executor-1] INFO  impl.FollowerInfo (FollowerInfo.java:lambda$new$0(51)) - 5a152cad-2f68-44e1-8661-622a6e2403aa@group-33DDF701D157->255f5341-67af-48a5-9f0a-34079e58e4b3: nextIndex: updateUnconditionally 0 -> 0
2019-10-02 11:23:23,261 [grpc-default-executor-1] WARN  server.GrpcLogAppender (LogUtils.java:warn(134)) - 5a152cad-2f68-44e1-8661-622a6e2403aa@group-B42E39A6701C->255f5341-67af-48a5-9f0a-34079e58e4b3-AppendLogResponseHandler: Failed appendEntries: org.apache.ratis.thirdparty.io.grpc.StatusRuntimeException: UNAVAILABLE: io exception
2019-10-02 11:23:23,262 [grpc-default-executor-1] INFO  impl.FollowerInfo (FollowerInfo.java:lambda$new$0(51)) - 5a152cad-2f68-44e1-8661-622a6e2403aa@group-B42E39A6701C->255f5341-67af-48a5-9f0a-34079e58e4b3: nextIndex: updateUnconditionally 0 -> 0
2019-10-02 11:23:23,274 [ForkJoinPool.commonPool-worker-1] INFO  ozoneimpl.OzoneContainer (OzoneContainer.java:stop(231)) - Attempting to stop container services.
2019-10-02 11:23:23,274 [ForkJoinPool.commonPool-worker-1] INFO  impl.RaftServerProxy (RaftServerProxy.java:lambda$close$4(314)) - fa2082ef-2be2-4bae-9323-f7b52755e8d7: close
2019-10-02 11:23:23,275 [ForkJoinPool.commonPool-worker-1] INFO  server.GrpcService (GrpcService.java:closeImpl(164)) - fa2082ef-2be2-4bae-9323-f7b52755e8d7: shutdown server with port 39327 now
2019-10-02 11:23:23,275 [ForkJoinPool.commonPool-worker-1] INFO  server.GrpcService (GrpcService.java:closeImpl(172)) - fa2082ef-2be2-4bae-9323-f7b52755e8d7: shutdown server with port 39327 successfully
2019-10-02 11:23:23,277 [refreshUsed-/workdir/hadoop-ozone/integration-test/target/test-dir/MiniOzoneClusterImpl-544d5193-f7b3-4e33-ac9d-9d27303d2a96/datanode-4/data/containers] WARN  fs.CachingGetSpaceUsed (CachingGetSpaceUsed.java:run(183)) - Thread Interrupted waiting to refresh disk information: sleep interrupted
2019-10-02 11:23:23,289 [ForkJoinPool.commonPool-worker-1] INFO  utils.BackgroundService (BackgroundService.java:shutdown(148)) - Shutting down service BlockDeletingService
2019-10-02 11:23:23,294 [ForkJoinPool.commonPool-worker-1] INFO  statemachine.DatanodeStateMachine (DatanodeStateMachine.java:stopDaemon(395)) - Ozone container server stopped.
2019-10-02 11:23:23,299 [ForkJoinPool.commonPool-worker-1] INFO  handler.ContextHandler (ContextHandler.java:doStop(910)) - Stopped o.e.j.w.WebAppContext@4dba773d{/,null,UNAVAILABLE}{/hddsDatanode}
2019-10-02 11:23:23,299 [ForkJoinPool.commonPool-worker-1] INFO  server.AbstractConnector (AbstractConnector.java:doStop(318)) - Stopped ServerConnector@1d9bd4da{HTTP/1.1,[http/1.1]}{0.0.0.0:0}
2019-10-02 11:23:23,301 [ForkJoinPool.commonPool-worker-1] INFO  handler.ContextHandler (ContextHandler.java:doStop(910)) - Stopped o.e.j.s.ServletContextHandler@1cc680e{/static,jar:file:/home/user/.m2/repository/org/apache/hadoop/hadoop-hdds-container-service/0.5.0-SNAPSHOT/hadoop-hdds-container-service-0.5.0-SNAPSHOT.jar!/webapps/static,UNAVAILABLE}
2019-10-02 11:23:23,302 [ForkJoinPool.commonPool-worker-1] INFO  handler.ContextHandler (ContextHandler.java:doStop(910)) - Stopped o.e.j.s.ServletContextHandler@22eaa86e{/logs,file:///workdir/hadoop-ozone/integration-test/target/log,UNAVAILABLE}
2019-10-02 11:23:23,714 [grpc-default-executor-1] WARN  server.GrpcLogAppender (LogUtils.java:warn(134)) - 5a152cad-2f68-44e1-8661-622a6e2403aa@group-B42E39A6701C->99afa1ab-f70e-454d-b97f-b50504ecadc2-AppendLogResponseHandler: Failed appendEntries: org.apache.ratis.thirdparty.io.grpc.StatusRuntimeException: UNAVAILABLE: io exception
2019-10-02 11:23:23,714 [Thread-604] INFO  impl.FollowerState (FollowerState.java:run(108)) - 2efd349e-feaf-4869-a93b-bd8bfaac471f@group-FC2D5FD9454F-FollowerState: change to CANDIDATE, lastRpcTime:1065ms, electionTimeout:1065ms
2019-10-02 11:23:23,714 [grpc-default-executor-0] WARN  server.GrpcLogAppender (LogUtils.java:warn(134)) - 5a152cad-2f68-44e1-8661-622a6e2403aa@group-CFA5962B69F1->99afa1ab-f70e-454d-b97f-b50504ecadc2-AppendLogResponseHandler: Failed appendEntries: org.apache.ratis.thirdparty.io.grpc.StatusRuntimeException: UNAVAILABLE: io exception
2019-10-02 11:23:23,714 [grpc-default-executor-8] WARN  server.GrpcLogAppender (LogUtils.java:warn(134)) - 5a152cad-2f68-44e1-8661-622a6e2403aa@group-33DDF701D157->99afa1ab-f70e-454d-b97f-b50504ecadc2-AppendLogResponseHandler: Failed appendEntries: org.apache.ratis.thirdparty.io.grpc.StatusRuntimeException: UNAVAILABLE: io exception
2019-10-02 11:23:23,714 [grpc-default-executor-0] INFO  impl.FollowerInfo (FollowerInfo.java:lambda$new$0(51)) - 5a152cad-2f68-44e1-8661-622a6e2403aa@group-CFA5962B69F1->99afa1ab-f70e-454d-b97f-b50504ecadc2: nextIndex: updateUnconditionally 0 -> 0
2019-10-02 11:23:23,714 [Thread-604] INFO  impl.RoleInfo (RoleInfo.java:shutdownFollowerState(121)) - 2efd349e-feaf-4869-a93b-bd8bfaac471f: shutdown FollowerState
2019-10-02 11:23:23,714 [grpc-default-executor-1] INFO  impl.FollowerInfo (FollowerInfo.java:lambda$new$0(51)) - 5a152cad-2f68-44e1-8661-622a6e2403aa@group-B42E39A6701C->99afa1ab-f70e-454d-b97f-b50504ecadc2: nextIndex: updateUnconditionally 0 -> 0
2019-10-02 11:23:23,715 [Thread-604] INFO  impl.RaftServerImpl (RaftServerImpl.java:setRole(170)) - 2efd349e-feaf-4869-a93b-bd8bfaac471f@group-FC2D5FD9454F: changes role from  FOLLOWER to CANDIDATE at term 3 for changeToCandidate
2019-10-02 11:23:23,714 [grpc-default-executor-8] INFO  impl.FollowerInfo (FollowerInfo.java:lambda$new$0(51)) - 5a152cad-2f68-44e1-8661-622a6e2403aa@group-33DDF701D157->99afa1ab-f70e-454d-b97f-b50504ecadc2: nextIndex: updateUnconditionally 0 -> 0
2019-10-02 11:23:23,715 [Thread-604] INFO  impl.RoleInfo (RoleInfo.java:updateAndGet(143)) - 2efd349e-feaf-4869-a93b-bd8bfaac471f: start LeaderElection
2019-10-02 11:23:23,758 [grpc-default-executor-14] WARN  server.GrpcLogAppender (LogUtils.java:warn(134)) - 5a152cad-2f68-44e1-8661-622a6e2403aa@group-33DDF701D157->255f5341-67af-48a5-9f0a-34079e58e4b3-AppendLogResponseHandler: Failed appendEntries: org.apache.ratis.thirdparty.io.grpc.StatusRuntimeException: UNAVAILABLE: io exception
2019-10-02 11:23:23,758 [grpc-default-executor-1] WARN  server.GrpcLogAppender (LogUtils.java:warn(134)) - 5a152cad-2f68-44e1-8661-622a6e2403aa@group-CFA5962B69F1->255f5341-67af-48a5-9f0a-34079e58e4b3-AppendLogResponseHandler: Failed appendEntries: org.apache.ratis.thirdparty.io.grpc.StatusRuntimeException: UNAVAILABLE: io exception
2019-10-02 11:23:23,759 [grpc-default-executor-14] INFO  impl.FollowerInfo (FollowerInfo.java:lambda$new$0(51)) - 5a152cad-2f68-44e1-8661-622a6e2403aa@group-33DDF701D157->255f5341-67af-48a5-9f0a-34079e58e4b3: nextIndex: updateUnconditionally 0 -> 0
2019-10-02 11:23:23,759 [grpc-default-executor-1] INFO  impl.FollowerInfo (FollowerInfo.java:lambda$new$0(51)) - 5a152cad-2f68-44e1-8661-622a6e2403aa@group-CFA5962B69F1->255f5341-67af-48a5-9f0a-34079e58e4b3: nextIndex: updateUnconditionally 0 -> 0
2019-10-02 11:23:23,762 [grpc-default-executor-0] WARN  server.GrpcLogAppender (LogUtils.java:warn(134)) - 5a152cad-2f68-44e1-8661-622a6e2403aa@group-B42E39A6701C->255f5341-67af-48a5-9f0a-34079e58e4b3-AppendLogResponseHandler: Failed appendEntries: org.apache.ratis.thirdparty.io.grpc.StatusRuntimeException: UNAVAILABLE: io exception
2019-10-02 11:23:23,762 [grpc-default-executor-0] INFO  impl.FollowerInfo (FollowerInfo.java:lambda$new$0(51)) - 5a152cad-2f68-44e1-8661-622a6e2403aa@group-B42E39A6701C->255f5341-67af-48a5-9f0a-34079e58e4b3: nextIndex: updateUnconditionally 0 -> 0
2019-10-02 11:23:24,058 [2efd349e-feaf-4869-a93b-bd8bfaac471f@group-FC2D5FD9454F-LeaderElection23] INFO  impl.LeaderElection (LeaderElection.java:askForVotes(178)) - 2efd349e-feaf-4869-a93b-bd8bfaac471f@group-FC2D5FD9454F-LeaderElection23: begin an election at term 4 for -1: [c5209792-15f6-46a4-8128-2e7c6fbeb642:192.168.151.122:34481, 2efd349e-feaf-4869-a93b-bd8bfaac471f:192.168.151.122:46738, fa2082ef-2be2-4bae-9323-f7b52755e8d7:192.168.151.122:39327], old=null
2019-10-02 11:23:24,060 [2efd349e-feaf-4869-a93b-bd8bfaac471f@group-FC2D5FD9454F-LeaderElection23] INFO  impl.LeaderElection (LogUtils.java:infoOrTrace(149)) - 2efd349e-feaf-4869-a93b-bd8bfaac471f@group-FC2D5FD9454F-LeaderElection23 got exception when requesting votes: {}
java.util.concurrent.ExecutionException: org.apache.ratis.thirdparty.io.grpc.StatusRuntimeException: UNAVAILABLE: io exception
	at java.util.concurrent.FutureTask.report(FutureTask.java:122)
	at java.util.concurrent.FutureTask.get(FutureTask.java:192)
	at org.apache.ratis.server.impl.LeaderElection.waitForResults(LeaderElection.java:259)
	at org.apache.ratis.server.impl.LeaderElection.askForVotes(LeaderElection.java:197)
	at org.apache.ratis.server.impl.LeaderElection.run(LeaderElection.java:133)
	at java.lang.Thread.run(Thread.java:748)
Caused by: org.apache.ratis.thirdparty.io.grpc.StatusRuntimeException: UNAVAILABLE: io exception
	at org.apache.ratis.thirdparty.io.grpc.stub.ClientCalls.toStatusRuntimeException(ClientCalls.java:233)
	at org.apache.ratis.thirdparty.io.grpc.stub.ClientCalls.getUnchecked(ClientCalls.java:214)
	at org.apache.ratis.thirdparty.io.grpc.stub.ClientCalls.blockingUnaryCall(ClientCalls.java:139)
	at org.apache.ratis.proto.grpc.RaftServerProtocolServiceGrpc$RaftServerProtocolServiceBlockingStub.requestVote(RaftServerProtocolServiceGrpc.java:265)
	at org.apache.ratis.grpc.server.GrpcServerProtocolClient.requestVote(GrpcServerProtocolClient.java:99)
	at org.apache.ratis.grpc.server.GrpcService.requestVote(GrpcService.java:204)
	at org.apache.ratis.server.impl.LeaderElection.lambda$submitRequests$1(LeaderElection.java:234)
	at java.util.concurrent.FutureTask.run(FutureTask.java:266)
	at java.util.concurrent.Executors$RunnableAdapter.call(Executors.java:511)
	at java.util.concurrent.FutureTask.run(FutureTask.java:266)
	at java.util.concurrent.ThreadPoolExecutor.runWorker(ThreadPoolExecutor.java:1149)
	at java.util.concurrent.ThreadPoolExecutor$Worker.run(ThreadPoolExecutor.java:624)
	... 1 more
Caused by: org.apache.ratis.thirdparty.io.netty.channel.AbstractChannel$AnnotatedConnectException: Connection refused: /192.168.151.122:34481
	at sun.nio.ch.SocketChannelImpl.checkConnect(Native Method)
	at sun.nio.ch.SocketChannelImpl.finishConnect(SocketChannelImpl.java:717)
	at org.apache.ratis.thirdparty.io.netty.channel.socket.nio.NioSocketChannel.doFinishConnect(NioSocketChannel.java:327)
	at org.apache.ratis.thirdparty.io.netty.channel.nio.AbstractNioChannel$AbstractNioUnsafe.finishConnect(AbstractNioChannel.java:340)
	at org.apache.ratis.thirdparty.io.netty.channel.nio.NioEventLoop.processSelectedKey(NioEventLoop.java:632)
	at org.apache.ratis.thirdparty.io.netty.channel.nio.NioEventLoop.processSelectedKeysOptimized(NioEventLoop.java:579)
	at org.apache.ratis.thirdparty.io.netty.channel.nio.NioEventLoop.processSelectedKeys(NioEventLoop.java:496)
	at org.apache.ratis.thirdparty.io.netty.channel.nio.NioEventLoop.run(NioEventLoop.java:458)
	at org.apache.ratis.thirdparty.io.netty.util.concurrent.SingleThreadEventExecutor$5.run(SingleThreadEventExecutor.java:897)
	at org.apache.ratis.thirdparty.io.netty.util.concurrent.FastThreadLocalRunnable.run(FastThreadLocalRunnable.java:30)
	... 1 more
Caused by: java.net.ConnectException: Connection refused
	... 11 more
2019-10-02 11:23:24,063 [2efd349e-feaf-4869-a93b-bd8bfaac471f@group-FC2D5FD9454F-LeaderElection23] INFO  impl.LeaderElection (LogUtils.java:infoOrTrace(149)) - 2efd349e-feaf-4869-a93b-bd8bfaac471f@group-FC2D5FD9454F-LeaderElection23 got exception when requesting votes: {}
java.util.concurrent.ExecutionException: org.apache.ratis.thirdparty.io.grpc.StatusRuntimeException: UNAVAILABLE: io exception
	at java.util.concurrent.FutureTask.report(FutureTask.java:122)
	at java.util.concurrent.FutureTask.get(FutureTask.java:192)
	at org.apache.ratis.server.impl.LeaderElection.waitForResults(LeaderElection.java:259)
	at org.apache.ratis.server.impl.LeaderElection.askForVotes(LeaderElection.java:197)
	at org.apache.ratis.server.impl.LeaderElection.run(LeaderElection.java:133)
	at java.lang.Thread.run(Thread.java:748)
Caused by: org.apache.ratis.thirdparty.io.grpc.StatusRuntimeException: UNAVAILABLE: io exception
	at org.apache.ratis.thirdparty.io.grpc.stub.ClientCalls.toStatusRuntimeException(ClientCalls.java:233)
	at org.apache.ratis.thirdparty.io.grpc.stub.ClientCalls.getUnchecked(ClientCalls.java:214)
	at org.apache.ratis.thirdparty.io.grpc.stub.ClientCalls.blockingUnaryCall(ClientCalls.java:139)
	at org.apache.ratis.proto.grpc.RaftServerProtocolServiceGrpc$RaftServerProtocolServiceBlockingStub.requestVote(RaftServerProtocolServiceGrpc.java:265)
	at org.apache.ratis.grpc.server.GrpcServerProtocolClient.requestVote(GrpcServerProtocolClient.java:99)
	at org.apache.ratis.grpc.server.GrpcService.requestVote(GrpcService.java:204)
	at org.apache.ratis.server.impl.LeaderElection.lambda$submitRequests$1(LeaderElection.java:234)
	at java.util.concurrent.FutureTask.run(FutureTask.java:266)
	at java.util.concurrent.Executors$RunnableAdapter.call(Executors.java:511)
	at java.util.concurrent.FutureTask.run(FutureTask.java:266)
	at java.util.concurrent.ThreadPoolExecutor.runWorker(ThreadPoolExecutor.java:1149)
	at java.util.concurrent.ThreadPoolExecutor$Worker.run(ThreadPoolExecutor.java:624)
	... 1 more
Caused by: org.apache.ratis.thirdparty.io.netty.channel.AbstractChannel$AnnotatedConnectException: Connection refused: /192.168.151.122:39327
	at sun.nio.ch.SocketChannelImpl.checkConnect(Native Method)
	at sun.nio.ch.SocketChannelImpl.finishConnect(SocketChannelImpl.java:717)
	at org.apache.ratis.thirdparty.io.netty.channel.socket.nio.NioSocketChannel.doFinishConnect(NioSocketChannel.java:327)
	at org.apache.ratis.thirdparty.io.netty.channel.nio.AbstractNioChannel$AbstractNioUnsafe.finishConnect(AbstractNioChannel.java:340)
	at org.apache.ratis.thirdparty.io.netty.channel.nio.NioEventLoop.processSelectedKey(NioEventLoop.java:632)
	at org.apache.ratis.thirdparty.io.netty.channel.nio.NioEventLoop.processSelectedKeysOptimized(NioEventLoop.java:579)
	at org.apache.ratis.thirdparty.io.netty.channel.nio.NioEventLoop.processSelectedKeys(NioEventLoop.java:496)
	at org.apache.ratis.thirdparty.io.netty.channel.nio.NioEventLoop.run(NioEventLoop.java:458)
	at org.apache.ratis.thirdparty.io.netty.util.concurrent.SingleThreadEventExecutor$5.run(SingleThreadEventExecutor.java:897)
	at org.apache.ratis.thirdparty.io.netty.util.concurrent.FastThreadLocalRunnable.run(FastThreadLocalRunnable.java:30)
	... 1 more
Caused by: java.net.ConnectException: Connection refused
	... 11 more
2019-10-02 11:23:24,065 [2efd349e-feaf-4869-a93b-bd8bfaac471f@group-FC2D5FD9454F-LeaderElection23] INFO  impl.LeaderElection (LeaderElection.java:logAndReturn(56)) - 2efd349e-feaf-4869-a93b-bd8bfaac471f@group-FC2D5FD9454F-LeaderElection23: Election REJECTED; received 0 response(s) [] and 2 exception(s); 2efd349e-feaf-4869-a93b-bd8bfaac471f@group-FC2D5FD9454F:t4, leader=null, voted=2efd349e-feaf-4869-a93b-bd8bfaac471f, raftlog=2efd349e-feaf-4869-a93b-bd8bfaac471f@group-FC2D5FD9454F-SegmentedRaftLog:OPENED:c-1,f-1,i0, conf=-1: [c5209792-15f6-46a4-8128-2e7c6fbeb642:192.168.151.122:34481, 2efd349e-feaf-4869-a93b-bd8bfaac471f:192.168.151.122:46738, fa2082ef-2be2-4bae-9323-f7b52755e8d7:192.168.151.122:39327], old=null
2019-10-02 11:23:24,065 [2efd349e-feaf-4869-a93b-bd8bfaac471f@group-FC2D5FD9454F-LeaderElection23] INFO  impl.LeaderElection (LogUtils.java:infoOrTrace(149)) -   Exception 0: {}
java.util.concurrent.ExecutionException: org.apache.ratis.thirdparty.io.grpc.StatusRuntimeException: UNAVAILABLE: io exception
	at java.util.concurrent.FutureTask.report(FutureTask.java:122)
	at java.util.concurrent.FutureTask.get(FutureTask.java:192)
	at org.apache.ratis.server.impl.LeaderElection.waitForResults(LeaderElection.java:259)
	at org.apache.ratis.server.impl.LeaderElection.askForVotes(LeaderElection.java:197)
	at org.apache.ratis.server.impl.LeaderElection.run(LeaderElection.java:133)
	at java.lang.Thread.run(Thread.java:748)
Caused by: org.apache.ratis.thirdparty.io.grpc.StatusRuntimeException: UNAVAILABLE: io exception
	at org.apache.ratis.thirdparty.io.grpc.stub.ClientCalls.toStatusRuntimeException(ClientCalls.java:233)
	at org.apache.ratis.thirdparty.io.grpc.stub.ClientCalls.getUnchecked(ClientCalls.java:214)
	at org.apache.ratis.thirdparty.io.grpc.stub.ClientCalls.blockingUnaryCall(ClientCalls.java:139)
	at org.apache.ratis.proto.grpc.RaftServerProtocolServiceGrpc$RaftServerProtocolServiceBlockingStub.requestVote(RaftServerProtocolServiceGrpc.java:265)
	at org.apache.ratis.grpc.server.GrpcServerProtocolClient.requestVote(GrpcServerProtocolClient.java:99)
	at org.apache.ratis.grpc.server.GrpcService.requestVote(GrpcService.java:204)
	at org.apache.ratis.server.impl.LeaderElection.lambda$submitRequests$1(LeaderElection.java:234)
	at java.util.concurrent.FutureTask.run(FutureTask.java:266)
	at java.util.concurrent.Executors$RunnableAdapter.call(Executors.java:511)
	at java.util.concurrent.FutureTask.run(FutureTask.java:266)
	at java.util.concurrent.ThreadPoolExecutor.runWorker(ThreadPoolExecutor.java:1149)
	at java.util.concurrent.ThreadPoolExecutor$Worker.run(ThreadPoolExecutor.java:624)
	... 1 more
Caused by: org.apache.ratis.thirdparty.io.netty.channel.AbstractChannel$AnnotatedConnectException: Connection refused: /192.168.151.122:34481
	at sun.nio.ch.SocketChannelImpl.checkConnect(Native Method)
	at sun.nio.ch.SocketChannelImpl.finishConnect(SocketChannelImpl.java:717)
	at org.apache.ratis.thirdparty.io.netty.channel.socket.nio.NioSocketChannel.doFinishConnect(NioSocketChannel.java:327)
	at org.apache.ratis.thirdparty.io.netty.channel.nio.AbstractNioChannel$AbstractNioUnsafe.finishConnect(AbstractNioChannel.java:340)
	at org.apache.ratis.thirdparty.io.netty.channel.nio.NioEventLoop.processSelectedKey(NioEventLoop.java:632)
	at org.apache.ratis.thirdparty.io.netty.channel.nio.NioEventLoop.processSelectedKeysOptimized(NioEventLoop.java:579)
	at org.apache.ratis.thirdparty.io.netty.channel.nio.NioEventLoop.processSelectedKeys(NioEventLoop.java:496)
	at org.apache.ratis.thirdparty.io.netty.channel.nio.NioEventLoop.run(NioEventLoop.java:458)
	at org.apache.ratis.thirdparty.io.netty.util.concurrent.SingleThreadEventExecutor$5.run(SingleThreadEventExecutor.java:897)
	at org.apache.ratis.thirdparty.io.netty.util.concurrent.FastThreadLocalRunnable.run(FastThreadLocalRunnable.java:30)
	... 1 more
Caused by: java.net.ConnectException: Connection refused
	... 11 more
2019-10-02 11:23:24,066 [2efd349e-feaf-4869-a93b-bd8bfaac471f@group-FC2D5FD9454F-LeaderElection23] INFO  impl.LeaderElection (LogUtils.java:infoOrTrace(149)) -   Exception 1: {}
java.util.concurrent.ExecutionException: org.apache.ratis.thirdparty.io.grpc.StatusRuntimeException: UNAVAILABLE: io exception
	at java.util.concurrent.FutureTask.report(FutureTask.java:122)
	at java.util.concurrent.FutureTask.get(FutureTask.java:192)
	at org.apache.ratis.server.impl.LeaderElection.waitForResults(LeaderElection.java:259)
	at org.apache.ratis.server.impl.LeaderElection.askForVotes(LeaderElection.java:197)
	at org.apache.ratis.server.impl.LeaderElection.run(LeaderElection.java:133)
	at java.lang.Thread.run(Thread.java:748)
Caused by: org.apache.ratis.thirdparty.io.grpc.StatusRuntimeException: UNAVAILABLE: io exception
	at org.apache.ratis.thirdparty.io.grpc.stub.ClientCalls.toStatusRuntimeException(ClientCalls.java:233)
	at org.apache.ratis.thirdparty.io.grpc.stub.ClientCalls.getUnchecked(ClientCalls.java:214)
	at org.apache.ratis.thirdparty.io.grpc.stub.ClientCalls.blockingUnaryCall(ClientCalls.java:139)
	at org.apache.ratis.proto.grpc.RaftServerProtocolServiceGrpc$RaftServerProtocolServiceBlockingStub.requestVote(RaftServerProtocolServiceGrpc.java:265)
	at org.apache.ratis.grpc.server.GrpcServerProtocolClient.requestVote(GrpcServerProtocolClient.java:99)
	at org.apache.ratis.grpc.server.GrpcService.requestVote(GrpcService.java:204)
	at org.apache.ratis.server.impl.LeaderElection.lambda$submitRequests$1(LeaderElection.java:234)
	at java.util.concurrent.FutureTask.run(FutureTask.java:266)
	at java.util.concurrent.Executors$RunnableAdapter.call(Executors.java:511)
	at java.util.concurrent.FutureTask.run(FutureTask.java:266)
	at java.util.concurrent.ThreadPoolExecutor.runWorker(ThreadPoolExecutor.java:1149)
	at java.util.concurrent.ThreadPoolExecutor$Worker.run(ThreadPoolExecutor.java:624)
	... 1 more
Caused by: org.apache.ratis.thirdparty.io.netty.channel.AbstractChannel$AnnotatedConnectException: Connection refused: /192.168.151.122:39327
	at sun.nio.ch.SocketChannelImpl.checkConnect(Native Method)
	at sun.nio.ch.SocketChannelImpl.finishConnect(SocketChannelImpl.java:717)
	at org.apache.ratis.thirdparty.io.netty.channel.socket.nio.NioSocketChannel.doFinishConnect(NioSocketChannel.java:327)
	at org.apache.ratis.thirdparty.io.netty.channel.nio.AbstractNioChannel$AbstractNioUnsafe.finishConnect(AbstractNioChannel.java:340)
	at org.apache.ratis.thirdparty.io.netty.channel.nio.NioEventLoop.processSelectedKey(NioEventLoop.java:632)
	at org.apache.ratis.thirdparty.io.netty.channel.nio.NioEventLoop.processSelectedKeysOptimized(NioEventLoop.java:579)
	at org.apache.ratis.thirdparty.io.netty.channel.nio.NioEventLoop.processSelectedKeys(NioEventLoop.java:496)
	at org.apache.ratis.thirdparty.io.netty.channel.nio.NioEventLoop.run(NioEventLoop.java:458)
	at org.apache.ratis.thirdparty.io.netty.util.concurrent.SingleThreadEventExecutor$5.run(SingleThreadEventExecutor.java:897)
	at org.apache.ratis.thirdparty.io.netty.util.concurrent.FastThreadLocalRunnable.run(FastThreadLocalRunnable.java:30)
	... 1 more
Caused by: java.net.ConnectException: Connection refused
	... 11 more
2019-10-02 11:23:24,066 [2efd349e-feaf-4869-a93b-bd8bfaac471f@group-FC2D5FD9454F-LeaderElection23] INFO  impl.RaftServerImpl (RaftServerImpl.java:setRole(170)) - 2efd349e-feaf-4869-a93b-bd8bfaac471f@group-FC2D5FD9454F: changes role from CANDIDATE to FOLLOWER at term 4 for DISCOVERED_A_NEW_TERM
2019-10-02 11:23:24,066 [2efd349e-feaf-4869-a93b-bd8bfaac471f@group-FC2D5FD9454F-LeaderElection23] INFO  impl.RoleInfo (RoleInfo.java:shutdownLeaderElection(134)) - 2efd349e-feaf-4869-a93b-bd8bfaac471f: shutdown LeaderElection
2019-10-02 11:23:24,066 [2efd349e-feaf-4869-a93b-bd8bfaac471f@group-FC2D5FD9454F-LeaderElection23] INFO  impl.RoleInfo (RoleInfo.java:updateAndGet(143)) - 2efd349e-feaf-4869-a93b-bd8bfaac471f: start FollowerState
2019-10-02 11:23:24,215 [grpc-default-executor-6] WARN  server.GrpcLogAppender (LogUtils.java:warn(134)) - 5a152cad-2f68-44e1-8661-622a6e2403aa@group-33DDF701D157->99afa1ab-f70e-454d-b97f-b50504ecadc2-AppendLogResponseHandler: Failed appendEntries: org.apache.ratis.thirdparty.io.grpc.StatusRuntimeException: UNAVAILABLE: io exception
2019-10-02 11:23:24,215 [grpc-default-executor-16] WARN  server.GrpcLogAppender (LogUtils.java:warn(134)) - 5a152cad-2f68-44e1-8661-622a6e2403aa@group-CFA5962B69F1->99afa1ab-f70e-454d-b97f-b50504ecadc2-AppendLogResponseHandler: Failed appendEntries: org.apache.ratis.thirdparty.io.grpc.StatusRuntimeException: UNAVAILABLE: io exception
2019-10-02 11:23:24,215 [grpc-default-executor-4] WARN  server.GrpcLogAppender (LogUtils.java:warn(134)) - 5a152cad-2f68-44e1-8661-622a6e2403aa@group-B42E39A6701C->99afa1ab-f70e-454d-b97f-b50504ecadc2-AppendLogResponseHandler: Failed appendEntries: org.apache.ratis.thirdparty.io.grpc.StatusRuntimeException: UNAVAILABLE: io exception
2019-10-02 11:23:24,217 [grpc-default-executor-16] INFO  impl.FollowerInfo (FollowerInfo.java:lambda$new$0(51)) - 5a152cad-2f68-44e1-8661-622a6e2403aa@group-CFA5962B69F1->99afa1ab-f70e-454d-b97f-b50504ecadc2: nextIndex: updateUnconditionally 0 -> 0
2019-10-02 11:23:24,217 [grpc-default-executor-6] INFO  impl.FollowerInfo (FollowerInfo.java:lambda$new$0(51)) - 5a152cad-2f68-44e1-8661-622a6e2403aa@group-33DDF701D157->99afa1ab-f70e-454d-b97f-b50504ecadc2: nextIndex: updateUnconditionally 0 -> 0
2019-10-02 11:23:24,217 [grpc-default-executor-4] INFO  impl.FollowerInfo (FollowerInfo.java:lambda$new$0(51)) - 5a152cad-2f68-44e1-8661-622a6e2403aa@group-B42E39A6701C->99afa1ab-f70e-454d-b97f-b50504ecadc2: nextIndex: updateUnconditionally 0 -> 0
2019-10-02 11:23:24,228 [Datanode State Machine Thread - 0] INFO  statemachine.DatanodeStateMachine (DatanodeStateMachine.java:lambda$startDaemon$0(350)) - Ozone container server started.
2019-10-02 11:23:24,259 [grpc-default-executor-0] WARN  server.GrpcLogAppender (LogUtils.java:warn(134)) - 5a152cad-2f68-44e1-8661-622a6e2403aa@group-33DDF701D157->255f5341-67af-48a5-9f0a-34079e58e4b3-AppendLogResponseHandler: Failed appendEntries: org.apache.ratis.thirdparty.io.grpc.StatusRuntimeException: UNAVAILABLE: io exception
2019-10-02 11:23:24,259 [grpc-default-executor-4] WARN  server.GrpcLogAppender (LogUtils.java:warn(134)) - 5a152cad-2f68-44e1-8661-622a6e2403aa@group-CFA5962B69F1->255f5341-67af-48a5-9f0a-34079e58e4b3-AppendLogResponseHandler: Failed appendEntries: org.apache.ratis.thirdparty.io.grpc.StatusRuntimeException: UNAVAILABLE: io exception
2019-10-02 11:23:24,259 [grpc-default-executor-0] INFO  impl.FollowerInfo (FollowerInfo.java:lambda$new$0(51)) - 5a152cad-2f68-44e1-8661-622a6e2403aa@group-33DDF701D157->255f5341-67af-48a5-9f0a-34079e58e4b3: nextIndex: updateUnconditionally 0 -> 0
2019-10-02 11:23:24,259 [grpc-default-executor-4] INFO  impl.FollowerInfo (FollowerInfo.java:lambda$new$0(51)) - 5a152cad-2f68-44e1-8661-622a6e2403aa@group-CFA5962B69F1->255f5341-67af-48a5-9f0a-34079e58e4b3: nextIndex: updateUnconditionally 0 -> 0
2019-10-02 11:23:24,262 [grpc-default-executor-16] WARN  server.GrpcLogAppender (LogUtils.java:warn(134)) - 5a152cad-2f68-44e1-8661-622a6e2403aa@group-B42E39A6701C->255f5341-67af-48a5-9f0a-34079e58e4b3-AppendLogResponseHandler: Failed appendEntries: org.apache.ratis.thirdparty.io.grpc.StatusRuntimeException: UNAVAILABLE: io exception
2019-10-02 11:23:24,262 [grpc-default-executor-16] INFO  impl.FollowerInfo (FollowerInfo.java:lambda$new$0(51)) - 5a152cad-2f68-44e1-8661-622a6e2403aa@group-B42E39A6701C->255f5341-67af-48a5-9f0a-34079e58e4b3: nextIndex: updateUnconditionally 0 -> 0
2019-10-02 11:23:24,466 [main] INFO  ozoneimpl.OzoneContainer (OzoneContainer.java:stop(231)) - Attempting to stop container services.
2019-10-02 11:23:24,467 [main] INFO  impl.RaftServerProxy (RaftServerProxy.java:lambda$close$4(314)) - bb050479-c71d-42eb-a7b6-5f26a483c913: close
2019-10-02 11:23:24,467 [main] INFO  server.GrpcService (GrpcService.java:closeImpl(164)) - bb050479-c71d-42eb-a7b6-5f26a483c913: shutdown server with port 36341 now
2019-10-02 11:23:24,467 [main] INFO  server.GrpcService (GrpcService.java:closeImpl(172)) - bb050479-c71d-42eb-a7b6-5f26a483c913: shutdown server with port 36341 successfully
2019-10-02 11:23:24,471 [refreshUsed-/workdir/hadoop-ozone/integration-test/target/test-dir/MiniOzoneClusterImpl-544d5193-f7b3-4e33-ac9d-9d27303d2a96/datanode-8/data/containers] WARN  fs.CachingGetSpaceUsed (CachingGetSpaceUsed.java:run(183)) - Thread Interrupted waiting to refresh disk information: sleep interrupted
2019-10-02 11:23:24,495 [main] INFO  utils.BackgroundService (BackgroundService.java:shutdown(148)) - Shutting down service BlockDeletingService
2019-10-02 11:23:24,500 [main] INFO  statemachine.DatanodeStateMachine (DatanodeStateMachine.java:stopDaemon(395)) - Ozone container server stopped.
2019-10-02 11:23:24,501 [main] INFO  handler.ContextHandler (ContextHandler.java:doStop(910)) - Stopped o.e.j.w.WebAppContext@352ed70d{/,null,UNAVAILABLE}{/hddsDatanode}
2019-10-02 11:23:24,502 [main] INFO  server.AbstractConnector (AbstractConnector.java:doStop(318)) - Stopped ServerConnector@70730db{HTTP/1.1,[http/1.1]}{0.0.0.0:0}
2019-10-02 11:23:24,503 [main] INFO  handler.ContextHandler (ContextHandler.java:doStop(910)) - Stopped o.e.j.s.ServletContextHandler@4bd51d3e{/static,jar:file:/home/user/.m2/repository/org/apache/hadoop/hadoop-hdds-container-service/0.5.0-SNAPSHOT/hadoop-hdds-container-service-0.5.0-SNAPSHOT.jar!/webapps/static,UNAVAILABLE}
2019-10-02 11:23:24,503 [main] INFO  handler.ContextHandler (ContextHandler.java:doStop(910)) - Stopped o.e.j.s.ServletContextHandler@47be0f9b{/logs,file:///workdir/hadoop-ozone/integration-test/target/log,UNAVAILABLE}
2019-10-02 11:23:24,715 [grpc-default-executor-4] WARN  server.GrpcLogAppender (LogUtils.java:warn(134)) - 5a152cad-2f68-44e1-8661-622a6e2403aa@group-B42E39A6701C->99afa1ab-f70e-454d-b97f-b50504ecadc2-AppendLogResponseHandler: Failed appendEntries: org.apache.ratis.thirdparty.io.grpc.StatusRuntimeException: UNAVAILABLE: io exception
2019-10-02 11:23:24,715 [grpc-default-executor-1] WARN  server.GrpcLogAppender (LogUtils.java:warn(134)) - 5a152cad-2f68-44e1-8661-622a6e2403aa@group-33DDF701D157->99afa1ab-f70e-454d-b97f-b50504ecadc2-AppendLogResponseHandler: Failed appendEntries: org.apache.ratis.thirdparty.io.grpc.StatusRuntimeException: UNAVAILABLE: io exception
2019-10-02 11:23:24,715 [grpc-default-executor-14] WARN  server.GrpcLogAppender (LogUtils.java:warn(134)) - 5a152cad-2f68-44e1-8661-622a6e2403aa@group-CFA5962B69F1->99afa1ab-f70e-454d-b97f-b50504ecadc2-AppendLogResponseHandler: Failed appendEntries: org.apache.ratis.thirdparty.io.grpc.StatusRuntimeException: UNAVAILABLE: io exception
2019-10-02 11:23:24,716 [grpc-default-executor-1] INFO  impl.FollowerInfo (FollowerInfo.java:lambda$new$0(51)) - 5a152cad-2f68-44e1-8661-622a6e2403aa@group-33DDF701D157->99afa1ab-f70e-454d-b97f-b50504ecadc2: nextIndex: updateUnconditionally 0 -> 0
2019-10-02 11:23:24,715 [grpc-default-executor-4] INFO  impl.FollowerInfo (FollowerInfo.java:lambda$new$0(51)) - 5a152cad-2f68-44e1-8661-622a6e2403aa@group-B42E39A6701C->99afa1ab-f70e-454d-b97f-b50504ecadc2: nextIndex: updateUnconditionally 0 -> 0
2019-10-02 11:23:24,716 [grpc-default-executor-14] INFO  impl.FollowerInfo (FollowerInfo.java:lambda$new$0(51)) - 5a152cad-2f68-44e1-8661-622a6e2403aa@group-CFA5962B69F1->99afa1ab-f70e-454d-b97f-b50504ecadc2: nextIndex: updateUnconditionally 0 -> 0
2019-10-02 11:23:24,759 [grpc-default-executor-16] WARN  server.GrpcLogAppender (LogUtils.java:warn(134)) - 5a152cad-2f68-44e1-8661-622a6e2403aa@group-33DDF701D157->255f5341-67af-48a5-9f0a-34079e58e4b3-AppendLogResponseHandler: Failed appendEntries: org.apache.ratis.thirdparty.io.grpc.StatusRuntimeException: UNAVAILABLE: io exception
2019-10-02 11:23:24,759 [grpc-default-executor-1] WARN  server.GrpcLogAppender (LogUtils.java:warn(134)) - 5a152cad-2f68-44e1-8661-622a6e2403aa@group-CFA5962B69F1->255f5341-67af-48a5-9f0a-34079e58e4b3-AppendLogResponseHandler: Failed appendEntries: org.apache.ratis.thirdparty.io.grpc.StatusRuntimeException: UNAVAILABLE: io exception
2019-10-02 11:23:24,760 [grpc-default-executor-16] INFO  impl.FollowerInfo (FollowerInfo.java:lambda$new$0(51)) - 5a152cad-2f68-44e1-8661-622a6e2403aa@group-33DDF701D157->255f5341-67af-48a5-9f0a-34079e58e4b3: nextIndex: updateUnconditionally 0 -> 0
2019-10-02 11:23:24,760 [grpc-default-executor-1] INFO  impl.FollowerInfo (FollowerInfo.java:lambda$new$0(51)) - 5a152cad-2f68-44e1-8661-622a6e2403aa@group-CFA5962B69F1->255f5341-67af-48a5-9f0a-34079e58e4b3: nextIndex: updateUnconditionally 0 -> 0
2019-10-02 11:23:24,763 [grpc-default-executor-14] WARN  server.GrpcLogAppender (LogUtils.java:warn(134)) - 5a152cad-2f68-44e1-8661-622a6e2403aa@group-B42E39A6701C->255f5341-67af-48a5-9f0a-34079e58e4b3-AppendLogResponseHandler: Failed appendEntries: org.apache.ratis.thirdparty.io.grpc.StatusRuntimeException: UNAVAILABLE: io exception
2019-10-02 11:23:24,763 [grpc-default-executor-14] INFO  impl.FollowerInfo (FollowerInfo.java:lambda$new$0(51)) - 5a152cad-2f68-44e1-8661-622a6e2403aa@group-B42E39A6701C->255f5341-67af-48a5-9f0a-34079e58e4b3: nextIndex: updateUnconditionally 0 -> 0
2019-10-02 11:23:25,200 [Thread-608] INFO  impl.FollowerState (FollowerState.java:run(108)) - 2efd349e-feaf-4869-a93b-bd8bfaac471f@group-FC2D5FD9454F-FollowerState: change to CANDIDATE, lastRpcTime:1133ms, electionTimeout:1133ms
2019-10-02 11:23:25,200 [Thread-608] INFO  impl.RoleInfo (RoleInfo.java:shutdownFollowerState(121)) - 2efd349e-feaf-4869-a93b-bd8bfaac471f: shutdown FollowerState
2019-10-02 11:23:25,200 [Thread-608] INFO  impl.RaftServerImpl (RaftServerImpl.java:setRole(170)) - 2efd349e-feaf-4869-a93b-bd8bfaac471f@group-FC2D5FD9454F: changes role from  FOLLOWER to CANDIDATE at term 4 for changeToCandidate
2019-10-02 11:23:25,200 [Thread-608] INFO  impl.RoleInfo (RoleInfo.java:updateAndGet(143)) - 2efd349e-feaf-4869-a93b-bd8bfaac471f: start LeaderElection
2019-10-02 11:23:25,216 [grpc-default-executor-6] WARN  server.GrpcLogAppender (LogUtils.java:warn(134)) - 5a152cad-2f68-44e1-8661-622a6e2403aa@group-CFA5962B69F1->99afa1ab-f70e-454d-b97f-b50504ecadc2-AppendLogResponseHandler: Failed appendEntries: org.apache.ratis.thirdparty.io.grpc.StatusRuntimeException: UNAVAILABLE: io exception
2019-10-02 11:23:25,216 [grpc-default-executor-0] WARN  server.GrpcLogAppender (LogUtils.java:warn(134)) - 5a152cad-2f68-44e1-8661-622a6e2403aa@group-B42E39A6701C->99afa1ab-f70e-454d-b97f-b50504ecadc2-AppendLogResponseHandler: Failed appendEntries: org.apache.ratis.thirdparty.io.grpc.StatusRuntimeException: UNAVAILABLE: io exception
2019-10-02 11:23:25,216 [grpc-default-executor-8] WARN  server.GrpcLogAppender (LogUtils.java:warn(134)) - 5a152cad-2f68-44e1-8661-622a6e2403aa@group-33DDF701D157->99afa1ab-f70e-454d-b97f-b50504ecadc2-AppendLogResponseHandler: Failed appendEntries: org.apache.ratis.thirdparty.io.grpc.StatusRuntimeException: UNAVAILABLE: io exception
2019-10-02 11:23:25,216 [grpc-default-executor-0] INFO  impl.FollowerInfo (FollowerInfo.java:lambda$new$0(51)) - 5a152cad-2f68-44e1-8661-622a6e2403aa@group-B42E39A6701C->99afa1ab-f70e-454d-b97f-b50504ecadc2: nextIndex: updateUnconditionally 0 -> 0
2019-10-02 11:23:25,216 [grpc-default-executor-6] INFO  impl.FollowerInfo (FollowerInfo.java:lambda$new$0(51)) - 5a152cad-2f68-44e1-8661-622a6e2403aa@group-CFA5962B69F1->99afa1ab-f70e-454d-b97f-b50504ecadc2: nextIndex: updateUnconditionally 0 -> 0
2019-10-02 11:23:25,216 [grpc-default-executor-8] INFO  impl.FollowerInfo (FollowerInfo.java:lambda$new$0(51)) - 5a152cad-2f68-44e1-8661-622a6e2403aa@group-33DDF701D157->99afa1ab-f70e-454d-b97f-b50504ecadc2: nextIndex: updateUnconditionally 0 -> 0
2019-10-02 11:23:25,230 [Datanode State Machine Thread - 0] INFO  statemachine.DatanodeStateMachine (DatanodeStateMachine.java:lambda$startDaemon$0(350)) - Ozone container server started.
2019-10-02 11:23:25,260 [grpc-default-executor-14] WARN  server.GrpcLogAppender (LogUtils.java:warn(134)) - 5a152cad-2f68-44e1-8661-622a6e2403aa@group-33DDF701D157->255f5341-67af-48a5-9f0a-34079e58e4b3-AppendLogResponseHandler: Failed appendEntries: org.apache.ratis.thirdparty.io.grpc.StatusRuntimeException: UNAVAILABLE: io exception
2019-10-02 11:23:25,260 [grpc-default-executor-8] WARN  server.GrpcLogAppender (LogUtils.java:warn(134)) - 5a152cad-2f68-44e1-8661-622a6e2403aa@group-CFA5962B69F1->255f5341-67af-48a5-9f0a-34079e58e4b3-AppendLogResponseHandler: Failed appendEntries: org.apache.ratis.thirdparty.io.grpc.StatusRuntimeException: UNAVAILABLE: io exception
2019-10-02 11:23:25,260 [grpc-default-executor-14] INFO  impl.FollowerInfo (FollowerInfo.java:lambda$new$0(51)) - 5a152cad-2f68-44e1-8661-622a6e2403aa@group-33DDF701D157->255f5341-67af-48a5-9f0a-34079e58e4b3: nextIndex: updateUnconditionally 0 -> 0
2019-10-02 11:23:25,260 [grpc-default-executor-8] INFO  impl.FollowerInfo (FollowerInfo.java:lambda$new$0(51)) - 5a152cad-2f68-44e1-8661-622a6e2403aa@group-CFA5962B69F1->255f5341-67af-48a5-9f0a-34079e58e4b3: nextIndex: updateUnconditionally 0 -> 0
2019-10-02 11:23:25,263 [grpc-default-executor-0] WARN  server.GrpcLogAppender (LogUtils.java:warn(134)) - 5a152cad-2f68-44e1-8661-622a6e2403aa@group-B42E39A6701C->255f5341-67af-48a5-9f0a-34079e58e4b3-AppendLogResponseHandler: Failed appendEntries: org.apache.ratis.thirdparty.io.grpc.StatusRuntimeException: UNAVAILABLE: io exception
2019-10-02 11:23:25,263 [grpc-default-executor-0] INFO  impl.FollowerInfo (FollowerInfo.java:lambda$new$0(51)) - 5a152cad-2f68-44e1-8661-622a6e2403aa@group-B42E39A6701C->255f5341-67af-48a5-9f0a-34079e58e4b3: nextIndex: updateUnconditionally 0 -> 0
2019-10-02 11:23:25,535 [2efd349e-feaf-4869-a93b-bd8bfaac471f@group-FC2D5FD9454F-LeaderElection24] INFO  impl.LeaderElection (LeaderElection.java:askForVotes(178)) - 2efd349e-feaf-4869-a93b-bd8bfaac471f@group-FC2D5FD9454F-LeaderElection24: begin an election at term 5 for -1: [c5209792-15f6-46a4-8128-2e7c6fbeb642:192.168.151.122:34481, 2efd349e-feaf-4869-a93b-bd8bfaac471f:192.168.151.122:46738, fa2082ef-2be2-4bae-9323-f7b52755e8d7:192.168.151.122:39327], old=null
2019-10-02 11:23:25,536 [2efd349e-feaf-4869-a93b-bd8bfaac471f@group-FC2D5FD9454F-LeaderElection24] INFO  impl.LeaderElection (LogUtils.java:infoOrTrace(149)) - 2efd349e-feaf-4869-a93b-bd8bfaac471f@group-FC2D5FD9454F-LeaderElection24 got exception when requesting votes: {}
java.util.concurrent.ExecutionException: org.apache.ratis.thirdparty.io.grpc.StatusRuntimeException: UNAVAILABLE: io exception
	at java.util.concurrent.FutureTask.report(FutureTask.java:122)
	at java.util.concurrent.FutureTask.get(FutureTask.java:192)
	at org.apache.ratis.server.impl.LeaderElection.waitForResults(LeaderElection.java:259)
	at org.apache.ratis.server.impl.LeaderElection.askForVotes(LeaderElection.java:197)
	at org.apache.ratis.server.impl.LeaderElection.run(LeaderElection.java:133)
	at java.lang.Thread.run(Thread.java:748)
Caused by: org.apache.ratis.thirdparty.io.grpc.StatusRuntimeException: UNAVAILABLE: io exception
	at org.apache.ratis.thirdparty.io.grpc.stub.ClientCalls.toStatusRuntimeException(ClientCalls.java:233)
	at org.apache.ratis.thirdparty.io.grpc.stub.ClientCalls.getUnchecked(ClientCalls.java:214)
	at org.apache.ratis.thirdparty.io.grpc.stub.ClientCalls.blockingUnaryCall(ClientCalls.java:139)
	at org.apache.ratis.proto.grpc.RaftServerProtocolServiceGrpc$RaftServerProtocolServiceBlockingStub.requestVote(RaftServerProtocolServiceGrpc.java:265)
	at org.apache.ratis.grpc.server.GrpcServerProtocolClient.requestVote(GrpcServerProtocolClient.java:99)
	at org.apache.ratis.grpc.server.GrpcService.requestVote(GrpcService.java:204)
	at org.apache.ratis.server.impl.LeaderElection.lambda$submitRequests$1(LeaderElection.java:234)
	at java.util.concurrent.FutureTask.run(FutureTask.java:266)
	at java.util.concurrent.Executors$RunnableAdapter.call(Executors.java:511)
	at java.util.concurrent.FutureTask.run(FutureTask.java:266)
	at java.util.concurrent.ThreadPoolExecutor.runWorker(ThreadPoolExecutor.java:1149)
	at java.util.concurrent.ThreadPoolExecutor$Worker.run(ThreadPoolExecutor.java:624)
	... 1 more
Caused by: org.apache.ratis.thirdparty.io.netty.channel.AbstractChannel$AnnotatedConnectException: Connection refused: /192.168.151.122:39327
	at sun.nio.ch.SocketChannelImpl.checkConnect(Native Method)
	at sun.nio.ch.SocketChannelImpl.finishConnect(SocketChannelImpl.java:717)
	at org.apache.ratis.thirdparty.io.netty.channel.socket.nio.NioSocketChannel.doFinishConnect(NioSocketChannel.java:327)
	at org.apache.ratis.thirdparty.io.netty.channel.nio.AbstractNioChannel$AbstractNioUnsafe.finishConnect(AbstractNioChannel.java:340)
	at org.apache.ratis.thirdparty.io.netty.channel.nio.NioEventLoop.processSelectedKey(NioEventLoop.java:632)
	at org.apache.ratis.thirdparty.io.netty.channel.nio.NioEventLoop.processSelectedKeysOptimized(NioEventLoop.java:579)
	at org.apache.ratis.thirdparty.io.netty.channel.nio.NioEventLoop.processSelectedKeys(NioEventLoop.java:496)
	at org.apache.ratis.thirdparty.io.netty.channel.nio.NioEventLoop.run(NioEventLoop.java:458)
	at org.apache.ratis.thirdparty.io.netty.util.concurrent.SingleThreadEventExecutor$5.run(SingleThreadEventExecutor.java:897)
	at org.apache.ratis.thirdparty.io.netty.util.concurrent.FastThreadLocalRunnable.run(FastThreadLocalRunnable.java:30)
	... 1 more
Caused by: java.net.ConnectException: Connection refused
	... 11 more
2019-10-02 11:23:25,539 [2efd349e-feaf-4869-a93b-bd8bfaac471f@group-FC2D5FD9454F-LeaderElection24] INFO  impl.LeaderElection (LogUtils.java:infoOrTrace(149)) - 2efd349e-feaf-4869-a93b-bd8bfaac471f@group-FC2D5FD9454F-LeaderElection24 got exception when requesting votes: {}
java.util.concurrent.ExecutionException: org.apache.ratis.thirdparty.io.grpc.StatusRuntimeException: UNAVAILABLE: io exception
	at java.util.concurrent.FutureTask.report(FutureTask.java:122)
	at java.util.concurrent.FutureTask.get(FutureTask.java:192)
	at org.apache.ratis.server.impl.LeaderElection.waitForResults(LeaderElection.java:259)
	at org.apache.ratis.server.impl.LeaderElection.askForVotes(LeaderElection.java:197)
	at org.apache.ratis.server.impl.LeaderElection.run(LeaderElection.java:133)
	at java.lang.Thread.run(Thread.java:748)
Caused by: org.apache.ratis.thirdparty.io.grpc.StatusRuntimeException: UNAVAILABLE: io exception
	at org.apache.ratis.thirdparty.io.grpc.stub.ClientCalls.toStatusRuntimeException(ClientCalls.java:233)
	at org.apache.ratis.thirdparty.io.grpc.stub.ClientCalls.getUnchecked(ClientCalls.java:214)
	at org.apache.ratis.thirdparty.io.grpc.stub.ClientCalls.blockingUnaryCall(ClientCalls.java:139)
	at org.apache.ratis.proto.grpc.RaftServerProtocolServiceGrpc$RaftServerProtocolServiceBlockingStub.requestVote(RaftServerProtocolServiceGrpc.java:265)
	at org.apache.ratis.grpc.server.GrpcServerProtocolClient.requestVote(GrpcServerProtocolClient.java:99)
	at org.apache.ratis.grpc.server.GrpcService.requestVote(GrpcService.java:204)
	at org.apache.ratis.server.impl.LeaderElection.lambda$submitRequests$1(LeaderElection.java:234)
	at java.util.concurrent.FutureTask.run(FutureTask.java:266)
	at java.util.concurrent.Executors$RunnableAdapter.call(Executors.java:511)
	at java.util.concurrent.FutureTask.run(FutureTask.java:266)
	at java.util.concurrent.ThreadPoolExecutor.runWorker(ThreadPoolExecutor.java:1149)
	at java.util.concurrent.ThreadPoolExecutor$Worker.run(ThreadPoolExecutor.java:624)
	... 1 more
Caused by: org.apache.ratis.thirdparty.io.netty.channel.AbstractChannel$AnnotatedConnectException: Connection refused: /192.168.151.122:34481
	at sun.nio.ch.SocketChannelImpl.checkConnect(Native Method)
	at sun.nio.ch.SocketChannelImpl.finishConnect(SocketChannelImpl.java:717)
	at org.apache.ratis.thirdparty.io.netty.channel.socket.nio.NioSocketChannel.doFinishConnect(NioSocketChannel.java:327)
	at org.apache.ratis.thirdparty.io.netty.channel.nio.AbstractNioChannel$AbstractNioUnsafe.finishConnect(AbstractNioChannel.java:340)
	at org.apache.ratis.thirdparty.io.netty.channel.nio.NioEventLoop.processSelectedKey(NioEventLoop.java:632)
	at org.apache.ratis.thirdparty.io.netty.channel.nio.NioEventLoop.processSelectedKeysOptimized(NioEventLoop.java:579)
	at org.apache.ratis.thirdparty.io.netty.channel.nio.NioEventLoop.processSelectedKeys(NioEventLoop.java:496)
	at org.apache.ratis.thirdparty.io.netty.channel.nio.NioEventLoop.run(NioEventLoop.java:458)
	at org.apache.ratis.thirdparty.io.netty.util.concurrent.SingleThreadEventExecutor$5.run(SingleThreadEventExecutor.java:897)
	at org.apache.ratis.thirdparty.io.netty.util.concurrent.FastThreadLocalRunnable.run(FastThreadLocalRunnable.java:30)
	... 1 more
Caused by: java.net.ConnectException: Connection refused
	... 11 more
2019-10-02 11:23:25,541 [2efd349e-feaf-4869-a93b-bd8bfaac471f@group-FC2D5FD9454F-LeaderElection24] INFO  impl.LeaderElection (LeaderElection.java:logAndReturn(56)) - 2efd349e-feaf-4869-a93b-bd8bfaac471f@group-FC2D5FD9454F-LeaderElection24: Election REJECTED; received 0 response(s) [] and 2 exception(s); 2efd349e-feaf-4869-a93b-bd8bfaac471f@group-FC2D5FD9454F:t5, leader=null, voted=2efd349e-feaf-4869-a93b-bd8bfaac471f, raftlog=2efd349e-feaf-4869-a93b-bd8bfaac471f@group-FC2D5FD9454F-SegmentedRaftLog:OPENED:c-1,f-1,i0, conf=-1: [c5209792-15f6-46a4-8128-2e7c6fbeb642:192.168.151.122:34481, 2efd349e-feaf-4869-a93b-bd8bfaac471f:192.168.151.122:46738, fa2082ef-2be2-4bae-9323-f7b52755e8d7:192.168.151.122:39327], old=null
2019-10-02 11:23:25,541 [2efd349e-feaf-4869-a93b-bd8bfaac471f@group-FC2D5FD9454F-LeaderElection24] INFO  impl.LeaderElection (LogUtils.java:infoOrTrace(149)) -   Exception 0: {}
java.util.concurrent.ExecutionException: org.apache.ratis.thirdparty.io.grpc.StatusRuntimeException: UNAVAILABLE: io exception
	at java.util.concurrent.FutureTask.report(FutureTask.java:122)
	at java.util.concurrent.FutureTask.get(FutureTask.java:192)
	at org.apache.ratis.server.impl.LeaderElection.waitForResults(LeaderElection.java:259)
	at org.apache.ratis.server.impl.LeaderElection.askForVotes(LeaderElection.java:197)
	at org.apache.ratis.server.impl.LeaderElection.run(LeaderElection.java:133)
	at java.lang.Thread.run(Thread.java:748)
Caused by: org.apache.ratis.thirdparty.io.grpc.StatusRuntimeException: UNAVAILABLE: io exception
	at org.apache.ratis.thirdparty.io.grpc.stub.ClientCalls.toStatusRuntimeException(ClientCalls.java:233)
	at org.apache.ratis.thirdparty.io.grpc.stub.ClientCalls.getUnchecked(ClientCalls.java:214)
	at org.apache.ratis.thirdparty.io.grpc.stub.ClientCalls.blockingUnaryCall(ClientCalls.java:139)
	at org.apache.ratis.proto.grpc.RaftServerProtocolServiceGrpc$RaftServerProtocolServiceBlockingStub.requestVote(RaftServerProtocolServiceGrpc.java:265)
	at org.apache.ratis.grpc.server.GrpcServerProtocolClient.requestVote(GrpcServerProtocolClient.java:99)
	at org.apache.ratis.grpc.server.GrpcService.requestVote(GrpcService.java:204)
	at org.apache.ratis.server.impl.LeaderElection.lambda$submitRequests$1(LeaderElection.java:234)
	at java.util.concurrent.FutureTask.run(FutureTask.java:266)
	at java.util.concurrent.Executors$RunnableAdapter.call(Executors.java:511)
	at java.util.concurrent.FutureTask.run(FutureTask.java:266)
	at java.util.concurrent.ThreadPoolExecutor.runWorker(ThreadPoolExecutor.java:1149)
	at java.util.concurrent.ThreadPoolExecutor$Worker.run(ThreadPoolExecutor.java:624)
	... 1 more
Caused by: org.apache.ratis.thirdparty.io.netty.channel.AbstractChannel$AnnotatedConnectException: Connection refused: /192.168.151.122:39327
	at sun.nio.ch.SocketChannelImpl.checkConnect(Native Method)
	at sun.nio.ch.SocketChannelImpl.finishConnect(SocketChannelImpl.java:717)
	at org.apache.ratis.thirdparty.io.netty.channel.socket.nio.NioSocketChannel.doFinishConnect(NioSocketChannel.java:327)
	at org.apache.ratis.thirdparty.io.netty.channel.nio.AbstractNioChannel$AbstractNioUnsafe.finishConnect(AbstractNioChannel.java:340)
	at org.apache.ratis.thirdparty.io.netty.channel.nio.NioEventLoop.processSelectedKey(NioEventLoop.java:632)
	at org.apache.ratis.thirdparty.io.netty.channel.nio.NioEventLoop.processSelectedKeysOptimized(NioEventLoop.java:579)
	at org.apache.ratis.thirdparty.io.netty.channel.nio.NioEventLoop.processSelectedKeys(NioEventLoop.java:496)
	at org.apache.ratis.thirdparty.io.netty.channel.nio.NioEventLoop.run(NioEventLoop.java:458)
	at org.apache.ratis.thirdparty.io.netty.util.concurrent.SingleThreadEventExecutor$5.run(SingleThreadEventExecutor.java:897)
	at org.apache.ratis.thirdparty.io.netty.util.concurrent.FastThreadLocalRunnable.run(FastThreadLocalRunnable.java:30)
	... 1 more
Caused by: java.net.ConnectException: Connection refused
	... 11 more
2019-10-02 11:23:25,541 [2efd349e-feaf-4869-a93b-bd8bfaac471f@group-FC2D5FD9454F-LeaderElection24] INFO  impl.LeaderElection (LogUtils.java:infoOrTrace(149)) -   Exception 1: {}
java.util.concurrent.ExecutionException: org.apache.ratis.thirdparty.io.grpc.StatusRuntimeException: UNAVAILABLE: io exception
	at java.util.concurrent.FutureTask.report(FutureTask.java:122)
	at java.util.concurrent.FutureTask.get(FutureTask.java:192)
	at org.apache.ratis.server.impl.LeaderElection.waitForResults(LeaderElection.java:259)
	at org.apache.ratis.server.impl.LeaderElection.askForVotes(LeaderElection.java:197)
	at org.apache.ratis.server.impl.LeaderElection.run(LeaderElection.java:133)
	at java.lang.Thread.run(Thread.java:748)
Caused by: org.apache.ratis.thirdparty.io.grpc.StatusRuntimeException: UNAVAILABLE: io exception
	at org.apache.ratis.thirdparty.io.grpc.stub.ClientCalls.toStatusRuntimeException(ClientCalls.java:233)
	at org.apache.ratis.thirdparty.io.grpc.stub.ClientCalls.getUnchecked(ClientCalls.java:214)
	at org.apache.ratis.thirdparty.io.grpc.stub.ClientCalls.blockingUnaryCall(ClientCalls.java:139)
	at org.apache.ratis.proto.grpc.RaftServerProtocolServiceGrpc$RaftServerProtocolServiceBlockingStub.requestVote(RaftServerProtocolServiceGrpc.java:265)
	at org.apache.ratis.grpc.server.GrpcServerProtocolClient.requestVote(GrpcServerProtocolClient.java:99)
	at org.apache.ratis.grpc.server.GrpcService.requestVote(GrpcService.java:204)
	at org.apache.ratis.server.impl.LeaderElection.lambda$submitRequests$1(LeaderElection.java:234)
	at java.util.concurrent.FutureTask.run(FutureTask.java:266)
	at java.util.concurrent.Executors$RunnableAdapter.call(Executors.java:511)
	at java.util.concurrent.FutureTask.run(FutureTask.java:266)
	at java.util.concurrent.ThreadPoolExecutor.runWorker(ThreadPoolExecutor.java:1149)
	at java.util.concurrent.ThreadPoolExecutor$Worker.run(ThreadPoolExecutor.java:624)
	... 1 more
Caused by: org.apache.ratis.thirdparty.io.netty.channel.AbstractChannel$AnnotatedConnectException: Connection refused: /192.168.151.122:34481
	at sun.nio.ch.SocketChannelImpl.checkConnect(Native Method)
	at sun.nio.ch.SocketChannelImpl.finishConnect(SocketChannelImpl.java:717)
	at org.apache.ratis.thirdparty.io.netty.channel.socket.nio.NioSocketChannel.doFinishConnect(NioSocketChannel.java:327)
	at org.apache.ratis.thirdparty.io.netty.channel.nio.AbstractNioChannel$AbstractNioUnsafe.finishConnect(AbstractNioChannel.java:340)
	at org.apache.ratis.thirdparty.io.netty.channel.nio.NioEventLoop.processSelectedKey(NioEventLoop.java:632)
	at org.apache.ratis.thirdparty.io.netty.channel.nio.NioEventLoop.processSelectedKeysOptimized(NioEventLoop.java:579)
	at org.apache.ratis.thirdparty.io.netty.channel.nio.NioEventLoop.processSelectedKeys(NioEventLoop.java:496)
	at org.apache.ratis.thirdparty.io.netty.channel.nio.NioEventLoop.run(NioEventLoop.java:458)
	at org.apache.ratis.thirdparty.io.netty.util.concurrent.SingleThreadEventExecutor$5.run(SingleThreadEventExecutor.java:897)
	at org.apache.ratis.thirdparty.io.netty.util.concurrent.FastThreadLocalRunnable.run(FastThreadLocalRunnable.java:30)
	... 1 more
Caused by: java.net.ConnectException: Connection refused
	... 11 more
2019-10-02 11:23:25,542 [2efd349e-feaf-4869-a93b-bd8bfaac471f@group-FC2D5FD9454F-LeaderElection24] INFO  impl.RaftServerImpl (RaftServerImpl.java:setRole(170)) - 2efd349e-feaf-4869-a93b-bd8bfaac471f@group-FC2D5FD9454F: changes role from CANDIDATE to FOLLOWER at term 5 for DISCOVERED_A_NEW_TERM
2019-10-02 11:23:25,542 [2efd349e-feaf-4869-a93b-bd8bfaac471f@group-FC2D5FD9454F-LeaderElection24] INFO  impl.RoleInfo (RoleInfo.java:shutdownLeaderElection(134)) - 2efd349e-feaf-4869-a93b-bd8bfaac471f: shutdown LeaderElection
2019-10-02 11:23:25,542 [2efd349e-feaf-4869-a93b-bd8bfaac471f@group-FC2D5FD9454F-LeaderElection24] INFO  impl.RoleInfo (RoleInfo.java:updateAndGet(143)) - 2efd349e-feaf-4869-a93b-bd8bfaac471f: start FollowerState
2019-10-02 11:23:25,716 [grpc-default-executor-4] WARN  server.GrpcLogAppender (LogUtils.java:warn(134)) - 5a152cad-2f68-44e1-8661-622a6e2403aa@group-33DDF701D157->99afa1ab-f70e-454d-b97f-b50504ecadc2-AppendLogResponseHandler: Failed appendEntries: org.apache.ratis.thirdparty.io.grpc.StatusRuntimeException: UNAVAILABLE: io exception
2019-10-02 11:23:25,716 [grpc-default-executor-16] WARN  server.GrpcLogAppender (LogUtils.java:warn(134)) - 5a152cad-2f68-44e1-8661-622a6e2403aa@group-B42E39A6701C->99afa1ab-f70e-454d-b97f-b50504ecadc2-AppendLogResponseHandler: Failed appendEntries: org.apache.ratis.thirdparty.io.grpc.StatusRuntimeException: UNAVAILABLE: io exception
2019-10-02 11:23:25,716 [grpc-default-executor-1] WARN  server.GrpcLogAppender (LogUtils.java:warn(134)) - 5a152cad-2f68-44e1-8661-622a6e2403aa@group-CFA5962B69F1->99afa1ab-f70e-454d-b97f-b50504ecadc2-AppendLogResponseHandler: Failed appendEntries: org.apache.ratis.thirdparty.io.grpc.StatusRuntimeException: UNAVAILABLE: io exception
2019-10-02 11:23:25,719 [grpc-default-executor-16] INFO  impl.FollowerInfo (FollowerInfo.java:lambda$new$0(51)) - 5a152cad-2f68-44e1-8661-622a6e2403aa@group-B42E39A6701C->99afa1ab-f70e-454d-b97f-b50504ecadc2: nextIndex: updateUnconditionally 0 -> 0
2019-10-02 11:23:25,719 [grpc-default-executor-4] INFO  impl.FollowerInfo (FollowerInfo.java:lambda$new$0(51)) - 5a152cad-2f68-44e1-8661-622a6e2403aa@group-33DDF701D157->99afa1ab-f70e-454d-b97f-b50504ecadc2: nextIndex: updateUnconditionally 0 -> 0
2019-10-02 11:23:25,719 [grpc-default-executor-1] INFO  impl.FollowerInfo (FollowerInfo.java:lambda$new$0(51)) - 5a152cad-2f68-44e1-8661-622a6e2403aa@group-CFA5962B69F1->99afa1ab-f70e-454d-b97f-b50504ecadc2: nextIndex: updateUnconditionally 0 -> 0
2019-10-02 11:23:25,760 [grpc-default-executor-1] WARN  server.GrpcLogAppender (LogUtils.java:warn(134)) - 5a152cad-2f68-44e1-8661-622a6e2403aa@group-CFA5962B69F1->255f5341-67af-48a5-9f0a-34079e58e4b3-AppendLogResponseHandler: Failed appendEntries: org.apache.ratis.thirdparty.io.grpc.StatusRuntimeException: UNAVAILABLE: io exception
2019-10-02 11:23:25,760 [grpc-default-executor-8] WARN  server.GrpcLogAppender (LogUtils.java:warn(134)) - 5a152cad-2f68-44e1-8661-622a6e2403aa@group-33DDF701D157->255f5341-67af-48a5-9f0a-34079e58e4b3-AppendLogResponseHandler: Failed appendEntries: org.apache.ratis.thirdparty.io.grpc.StatusRuntimeException: UNAVAILABLE: io exception
2019-10-02 11:23:25,761 [grpc-default-executor-1] INFO  impl.FollowerInfo (FollowerInfo.java:lambda$new$0(51)) - 5a152cad-2f68-44e1-8661-622a6e2403aa@group-CFA5962B69F1->255f5341-67af-48a5-9f0a-34079e58e4b3: nextIndex: updateUnconditionally 0 -> 0
2019-10-02 11:23:25,761 [grpc-default-executor-8] INFO  impl.FollowerInfo (FollowerInfo.java:lambda$new$0(51)) - 5a152cad-2f68-44e1-8661-622a6e2403aa@group-33DDF701D157->255f5341-67af-48a5-9f0a-34079e58e4b3: nextIndex: updateUnconditionally 0 -> 0
2019-10-02 11:23:25,763 [grpc-default-executor-8] WARN  server.GrpcLogAppender (LogUtils.java:warn(134)) - 5a152cad-2f68-44e1-8661-622a6e2403aa@group-B42E39A6701C->255f5341-67af-48a5-9f0a-34079e58e4b3-AppendLogResponseHandler: Failed appendEntries: org.apache.ratis.thirdparty.io.grpc.StatusRuntimeException: UNAVAILABLE: io exception
2019-10-02 11:23:25,763 [grpc-default-executor-8] INFO  impl.FollowerInfo (FollowerInfo.java:lambda$new$0(51)) - 5a152cad-2f68-44e1-8661-622a6e2403aa@group-B42E39A6701C->255f5341-67af-48a5-9f0a-34079e58e4b3: nextIndex: updateUnconditionally 0 -> 0
2019-10-02 11:23:26,217 [grpc-default-executor-16] WARN  server.GrpcLogAppender (LogUtils.java:warn(134)) - 5a152cad-2f68-44e1-8661-622a6e2403aa@group-B42E39A6701C->99afa1ab-f70e-454d-b97f-b50504ecadc2-AppendLogResponseHandler: Failed appendEntries: org.apache.ratis.thirdparty.io.grpc.StatusRuntimeException: UNAVAILABLE: io exception
2019-10-02 11:23:26,217 [grpc-default-executor-14] WARN  server.GrpcLogAppender (LogUtils.java:warn(134)) - 5a152cad-2f68-44e1-8661-622a6e2403aa@group-33DDF701D157->99afa1ab-f70e-454d-b97f-b50504ecadc2-AppendLogResponseHandler: Failed appendEntries: org.apache.ratis.thirdparty.io.grpc.StatusRuntimeException: UNAVAILABLE: io exception
2019-10-02 11:23:26,217 [grpc-default-executor-6] WARN  server.GrpcLogAppender (LogUtils.java:warn(134)) - 5a152cad-2f68-44e1-8661-622a6e2403aa@group-CFA5962B69F1->99afa1ab-f70e-454d-b97f-b50504ecadc2-AppendLogResponseHandler: Failed appendEntries: org.apache.ratis.thirdparty.io.grpc.StatusRuntimeException: UNAVAILABLE: io exception
2019-10-02 11:23:26,218 [grpc-default-executor-14] INFO  impl.FollowerInfo (FollowerInfo.java:lambda$new$0(51)) - 5a152cad-2f68-44e1-8661-622a6e2403aa@group-33DDF701D157->99afa1ab-f70e-454d-b97f-b50504ecadc2: nextIndex: updateUnconditionally 0 -> 0
2019-10-02 11:23:26,217 [grpc-default-executor-16] INFO  impl.FollowerInfo (FollowerInfo.java:lambda$new$0(51)) - 5a152cad-2f68-44e1-8661-622a6e2403aa@group-B42E39A6701C->99afa1ab-f70e-454d-b97f-b50504ecadc2: nextIndex: updateUnconditionally 0 -> 0
2019-10-02 11:23:26,218 [grpc-default-executor-6] INFO  impl.FollowerInfo (FollowerInfo.java:lambda$new$0(51)) - 5a152cad-2f68-44e1-8661-622a6e2403aa@group-CFA5962B69F1->99afa1ab-f70e-454d-b97f-b50504ecadc2: nextIndex: updateUnconditionally 0 -> 0
2019-10-02 11:23:26,261 [grpc-default-executor-8] WARN  server.GrpcLogAppender (LogUtils.java:warn(134)) - 5a152cad-2f68-44e1-8661-622a6e2403aa@group-33DDF701D157->255f5341-67af-48a5-9f0a-34079e58e4b3-AppendLogResponseHandler: Failed appendEntries: org.apache.ratis.thirdparty.io.grpc.StatusRuntimeException: UNAVAILABLE: io exception
2019-10-02 11:23:26,261 [grpc-default-executor-1] WARN  server.GrpcLogAppender (LogUtils.java:warn(134)) - 5a152cad-2f68-44e1-8661-622a6e2403aa@group-CFA5962B69F1->255f5341-67af-48a5-9f0a-34079e58e4b3-AppendLogResponseHandler: Failed appendEntries: org.apache.ratis.thirdparty.io.grpc.StatusRuntimeException: UNAVAILABLE: io exception
2019-10-02 11:23:26,261 [grpc-default-executor-8] INFO  impl.FollowerInfo (FollowerInfo.java:lambda$new$0(51)) - 5a152cad-2f68-44e1-8661-622a6e2403aa@group-33DDF701D157->255f5341-67af-48a5-9f0a-34079e58e4b3: nextIndex: updateUnconditionally 0 -> 0
2019-10-02 11:23:26,261 [grpc-default-executor-1] INFO  impl.FollowerInfo (FollowerInfo.java:lambda$new$0(51)) - 5a152cad-2f68-44e1-8661-622a6e2403aa@group-CFA5962B69F1->255f5341-67af-48a5-9f0a-34079e58e4b3: nextIndex: updateUnconditionally 0 -> 0
2019-10-02 11:23:26,264 [grpc-default-executor-16] WARN  server.GrpcLogAppender (LogUtils.java:warn(134)) - 5a152cad-2f68-44e1-8661-622a6e2403aa@group-B42E39A6701C->255f5341-67af-48a5-9f0a-34079e58e4b3-AppendLogResponseHandler: Failed appendEntries: org.apache.ratis.thirdparty.io.grpc.StatusRuntimeException: UNAVAILABLE: io exception
2019-10-02 11:23:26,264 [grpc-default-executor-16] INFO  impl.FollowerInfo (FollowerInfo.java:lambda$new$0(51)) - 5a152cad-2f68-44e1-8661-622a6e2403aa@group-B42E39A6701C->255f5341-67af-48a5-9f0a-34079e58e4b3: nextIndex: updateUnconditionally 0 -> 0
2019-10-02 11:23:26,670 [Thread-612] INFO  impl.FollowerState (FollowerState.java:run(108)) - 2efd349e-feaf-4869-a93b-bd8bfaac471f@group-FC2D5FD9454F-FollowerState: change to CANDIDATE, lastRpcTime:1127ms, electionTimeout:1127ms
2019-10-02 11:23:26,670 [Thread-612] INFO  impl.RoleInfo (RoleInfo.java:shutdownFollowerState(121)) - 2efd349e-feaf-4869-a93b-bd8bfaac471f: shutdown FollowerState
2019-10-02 11:23:26,670 [Thread-612] INFO  impl.RaftServerImpl (RaftServerImpl.java:setRole(170)) - 2efd349e-feaf-4869-a93b-bd8bfaac471f@group-FC2D5FD9454F: changes role from  FOLLOWER to CANDIDATE at term 5 for changeToCandidate
2019-10-02 11:23:26,670 [Thread-612] INFO  impl.RoleInfo (RoleInfo.java:updateAndGet(143)) - 2efd349e-feaf-4869-a93b-bd8bfaac471f: start LeaderElection
2019-10-02 11:23:26,717 [grpc-default-executor-16] WARN  server.GrpcLogAppender (LogUtils.java:warn(134)) - 5a152cad-2f68-44e1-8661-622a6e2403aa@group-B42E39A6701C->99afa1ab-f70e-454d-b97f-b50504ecadc2-AppendLogResponseHandler: Failed appendEntries: org.apache.ratis.thirdparty.io.grpc.StatusRuntimeException: UNAVAILABLE: io exception
2019-10-02 11:23:26,717 [grpc-default-executor-4] WARN  server.GrpcLogAppender (LogUtils.java:warn(134)) - 5a152cad-2f68-44e1-8661-622a6e2403aa@group-33DDF701D157->99afa1ab-f70e-454d-b97f-b50504ecadc2-AppendLogResponseHandler: Failed appendEntries: org.apache.ratis.thirdparty.io.grpc.StatusRuntimeException: UNAVAILABLE: io exception
2019-10-02 11:23:26,717 [grpc-default-executor-16] INFO  impl.FollowerInfo (FollowerInfo.java:lambda$new$0(51)) - 5a152cad-2f68-44e1-8661-622a6e2403aa@group-B42E39A6701C->99afa1ab-f70e-454d-b97f-b50504ecadc2: nextIndex: updateUnconditionally 0 -> 0
2019-10-02 11:23:26,717 [grpc-default-executor-6] WARN  server.GrpcLogAppender (LogUtils.java:warn(134)) - 5a152cad-2f68-44e1-8661-622a6e2403aa@group-CFA5962B69F1->99afa1ab-f70e-454d-b97f-b50504ecadc2-AppendLogResponseHandler: Failed appendEntries: org.apache.ratis.thirdparty.io.grpc.StatusRuntimeException: UNAVAILABLE: io exception
2019-10-02 11:23:26,717 [grpc-default-executor-4] INFO  impl.FollowerInfo (FollowerInfo.java:lambda$new$0(51)) - 5a152cad-2f68-44e1-8661-622a6e2403aa@group-33DDF701D157->99afa1ab-f70e-454d-b97f-b50504ecadc2: nextIndex: updateUnconditionally 0 -> 0
2019-10-02 11:23:26,718 [grpc-default-executor-6] INFO  impl.FollowerInfo (FollowerInfo.java:lambda$new$0(51)) - 5a152cad-2f68-44e1-8661-622a6e2403aa@group-CFA5962B69F1->99afa1ab-f70e-454d-b97f-b50504ecadc2: nextIndex: updateUnconditionally 0 -> 0
2019-10-02 11:23:26,761 [grpc-default-executor-14] WARN  server.GrpcLogAppender (LogUtils.java:warn(134)) - 5a152cad-2f68-44e1-8661-622a6e2403aa@group-CFA5962B69F1->255f5341-67af-48a5-9f0a-34079e58e4b3-AppendLogResponseHandler: Failed appendEntries: org.apache.ratis.thirdparty.io.grpc.StatusRuntimeException: UNAVAILABLE: io exception
2019-10-02 11:23:26,761 [grpc-default-executor-6] WARN  server.GrpcLogAppender (LogUtils.java:warn(134)) - 5a152cad-2f68-44e1-8661-622a6e2403aa@group-33DDF701D157->255f5341-67af-48a5-9f0a-34079e58e4b3-AppendLogResponseHandler: Failed appendEntries: org.apache.ratis.thirdparty.io.grpc.StatusRuntimeException: UNAVAILABLE: io exception
2019-10-02 11:23:26,761 [grpc-default-executor-14] INFO  impl.FollowerInfo (FollowerInfo.java:lambda$new$0(51)) - 5a152cad-2f68-44e1-8661-622a6e2403aa@group-CFA5962B69F1->255f5341-67af-48a5-9f0a-34079e58e4b3: nextIndex: updateUnconditionally 0 -> 0
2019-10-02 11:23:26,762 [grpc-default-executor-6] INFO  impl.FollowerInfo (FollowerInfo.java:lambda$new$0(51)) - 5a152cad-2f68-44e1-8661-622a6e2403aa@group-33DDF701D157->255f5341-67af-48a5-9f0a-34079e58e4b3: nextIndex: updateUnconditionally 0 -> 0
2019-10-02 11:23:26,764 [grpc-default-executor-16] WARN  server.GrpcLogAppender (LogUtils.java:warn(134)) - 5a152cad-2f68-44e1-8661-622a6e2403aa@group-B42E39A6701C->255f5341-67af-48a5-9f0a-34079e58e4b3-AppendLogResponseHandler: Failed appendEntries: org.apache.ratis.thirdparty.io.grpc.StatusRuntimeException: UNAVAILABLE: io exception
2019-10-02 11:23:26,764 [grpc-default-executor-16] INFO  impl.FollowerInfo (FollowerInfo.java:lambda$new$0(51)) - 5a152cad-2f68-44e1-8661-622a6e2403aa@group-B42E39A6701C->255f5341-67af-48a5-9f0a-34079e58e4b3: nextIndex: updateUnconditionally 0 -> 0
2019-10-02 11:23:27,220 [grpc-default-executor-16] WARN  server.GrpcLogAppender (LogUtils.java:warn(134)) - 5a152cad-2f68-44e1-8661-622a6e2403aa@group-B42E39A6701C->99afa1ab-f70e-454d-b97f-b50504ecadc2-AppendLogResponseHandler: Failed appendEntries: org.apache.ratis.thirdparty.io.grpc.StatusRuntimeException: UNAVAILABLE: io exception
2019-10-02 11:23:27,220 [grpc-default-executor-8] WARN  server.GrpcLogAppender (LogUtils.java:warn(134)) - 5a152cad-2f68-44e1-8661-622a6e2403aa@group-CFA5962B69F1->99afa1ab-f70e-454d-b97f-b50504ecadc2-AppendLogResponseHandler: Failed appendEntries: org.apache.ratis.thirdparty.io.grpc.StatusRuntimeException: UNAVAILABLE: io exception
2019-10-02 11:23:27,220 [grpc-default-executor-1] WARN  server.GrpcLogAppender (LogUtils.java:warn(134)) - 5a152cad-2f68-44e1-8661-622a6e2403aa@group-33DDF701D157->99afa1ab-f70e-454d-b97f-b50504ecadc2-AppendLogResponseHandler: Failed appendEntries: org.apache.ratis.thirdparty.io.grpc.StatusRuntimeException: UNAVAILABLE: io exception
2019-10-02 11:23:27,222 [grpc-default-executor-16] INFO  impl.FollowerInfo (FollowerInfo.java:lambda$new$0(51)) - 5a152cad-2f68-44e1-8661-622a6e2403aa@group-B42E39A6701C->99afa1ab-f70e-454d-b97f-b50504ecadc2: nextIndex: updateUnconditionally 0 -> 0
2019-10-02 11:23:27,222 [grpc-default-executor-8] INFO  impl.FollowerInfo (FollowerInfo.java:lambda$new$0(51)) - 5a152cad-2f68-44e1-8661-622a6e2403aa@group-CFA5962B69F1->99afa1ab-f70e-454d-b97f-b50504ecadc2: nextIndex: updateUnconditionally 0 -> 0
2019-10-02 11:23:27,222 [grpc-default-executor-1] INFO  impl.FollowerInfo (FollowerInfo.java:lambda$new$0(51)) - 5a152cad-2f68-44e1-8661-622a6e2403aa@group-33DDF701D157->99afa1ab-f70e-454d-b97f-b50504ecadc2: nextIndex: updateUnconditionally 0 -> 0
2019-10-02 11:23:27,262 [grpc-default-executor-6] WARN  server.GrpcLogAppender (LogUtils.java:warn(134)) - 5a152cad-2f68-44e1-8661-622a6e2403aa@group-33DDF701D157->255f5341-67af-48a5-9f0a-34079e58e4b3-AppendLogResponseHandler: Failed appendEntries: org.apache.ratis.thirdparty.io.grpc.StatusRuntimeException: UNAVAILABLE: io exception
2019-10-02 11:23:27,262 [grpc-default-executor-16] WARN  server.GrpcLogAppender (LogUtils.java:warn(134)) - 5a152cad-2f68-44e1-8661-622a6e2403aa@group-CFA5962B69F1->255f5341-67af-48a5-9f0a-34079e58e4b3-AppendLogResponseHandler: Failed appendEntries: org.apache.ratis.thirdparty.io.grpc.StatusRuntimeException: UNAVAILABLE: io exception
2019-10-02 11:23:27,262 [grpc-default-executor-6] INFO  impl.FollowerInfo (FollowerInfo.java:lambda$new$0(51)) - 5a152cad-2f68-44e1-8661-622a6e2403aa@group-33DDF701D157->255f5341-67af-48a5-9f0a-34079e58e4b3: nextIndex: updateUnconditionally 0 -> 0
2019-10-02 11:23:27,262 [grpc-default-executor-16] INFO  impl.FollowerInfo (FollowerInfo.java:lambda$new$0(51)) - 5a152cad-2f68-44e1-8661-622a6e2403aa@group-CFA5962B69F1->255f5341-67af-48a5-9f0a-34079e58e4b3: nextIndex: updateUnconditionally 0 -> 0
2019-10-02 11:23:27,265 [grpc-default-executor-8] WARN  server.GrpcLogAppender (LogUtils.java:warn(134)) - 5a152cad-2f68-44e1-8661-622a6e2403aa@group-B42E39A6701C->255f5341-67af-48a5-9f0a-34079e58e4b3-AppendLogResponseHandler: Failed appendEntries: org.apache.ratis.thirdparty.io.grpc.StatusRuntimeException: UNAVAILABLE: io exception
2019-10-02 11:23:27,265 [grpc-default-executor-8] INFO  impl.FollowerInfo (FollowerInfo.java:lambda$new$0(51)) - 5a152cad-2f68-44e1-8661-622a6e2403aa@group-B42E39A6701C->255f5341-67af-48a5-9f0a-34079e58e4b3: nextIndex: updateUnconditionally 0 -> 0
2019-10-02 11:23:27,415 [2efd349e-feaf-4869-a93b-bd8bfaac471f@group-FC2D5FD9454F-LeaderElection25] INFO  impl.LeaderElection (LeaderElection.java:askForVotes(178)) - 2efd349e-feaf-4869-a93b-bd8bfaac471f@group-FC2D5FD9454F-LeaderElection25: begin an election at term 6 for -1: [c5209792-15f6-46a4-8128-2e7c6fbeb642:192.168.151.122:34481, 2efd349e-feaf-4869-a93b-bd8bfaac471f:192.168.151.122:46738, fa2082ef-2be2-4bae-9323-f7b52755e8d7:192.168.151.122:39327], old=null
2019-10-02 11:23:27,417 [2efd349e-feaf-4869-a93b-bd8bfaac471f@group-FC2D5FD9454F-LeaderElection25] INFO  impl.LeaderElection (LogUtils.java:infoOrTrace(149)) - 2efd349e-feaf-4869-a93b-bd8bfaac471f@group-FC2D5FD9454F-LeaderElection25 got exception when requesting votes: {}
java.util.concurrent.ExecutionException: org.apache.ratis.thirdparty.io.grpc.StatusRuntimeException: UNAVAILABLE: io exception
	at java.util.concurrent.FutureTask.report(FutureTask.java:122)
	at java.util.concurrent.FutureTask.get(FutureTask.java:192)
	at org.apache.ratis.server.impl.LeaderElection.waitForResults(LeaderElection.java:259)
	at org.apache.ratis.server.impl.LeaderElection.askForVotes(LeaderElection.java:197)
	at org.apache.ratis.server.impl.LeaderElection.run(LeaderElection.java:133)
	at java.lang.Thread.run(Thread.java:748)
Caused by: org.apache.ratis.thirdparty.io.grpc.StatusRuntimeException: UNAVAILABLE: io exception
	at org.apache.ratis.thirdparty.io.grpc.stub.ClientCalls.toStatusRuntimeException(ClientCalls.java:233)
	at org.apache.ratis.thirdparty.io.grpc.stub.ClientCalls.getUnchecked(ClientCalls.java:214)
	at org.apache.ratis.thirdparty.io.grpc.stub.ClientCalls.blockingUnaryCall(ClientCalls.java:139)
	at org.apache.ratis.proto.grpc.RaftServerProtocolServiceGrpc$RaftServerProtocolServiceBlockingStub.requestVote(RaftServerProtocolServiceGrpc.java:265)
	at org.apache.ratis.grpc.server.GrpcServerProtocolClient.requestVote(GrpcServerProtocolClient.java:99)
	at org.apache.ratis.grpc.server.GrpcService.requestVote(GrpcService.java:204)
	at org.apache.ratis.server.impl.LeaderElection.lambda$submitRequests$1(LeaderElection.java:234)
	at java.util.concurrent.FutureTask.run(FutureTask.java:266)
	at java.util.concurrent.Executors$RunnableAdapter.call(Executors.java:511)
	at java.util.concurrent.FutureTask.run(FutureTask.java:266)
	at java.util.concurrent.ThreadPoolExecutor.runWorker(ThreadPoolExecutor.java:1149)
	at java.util.concurrent.ThreadPoolExecutor$Worker.run(ThreadPoolExecutor.java:624)
	... 1 more
Caused by: org.apache.ratis.thirdparty.io.netty.channel.AbstractChannel$AnnotatedConnectException: Connection refused: /192.168.151.122:34481
	at sun.nio.ch.SocketChannelImpl.checkConnect(Native Method)
	at sun.nio.ch.SocketChannelImpl.finishConnect(SocketChannelImpl.java:717)
	at org.apache.ratis.thirdparty.io.netty.channel.socket.nio.NioSocketChannel.doFinishConnect(NioSocketChannel.java:327)
	at org.apache.ratis.thirdparty.io.netty.channel.nio.AbstractNioChannel$AbstractNioUnsafe.finishConnect(AbstractNioChannel.java:340)
	at org.apache.ratis.thirdparty.io.netty.channel.nio.NioEventLoop.processSelectedKey(NioEventLoop.java:632)
	at org.apache.ratis.thirdparty.io.netty.channel.nio.NioEventLoop.processSelectedKeysOptimized(NioEventLoop.java:579)
	at org.apache.ratis.thirdparty.io.netty.channel.nio.NioEventLoop.processSelectedKeys(NioEventLoop.java:496)
	at org.apache.ratis.thirdparty.io.netty.channel.nio.NioEventLoop.run(NioEventLoop.java:458)
	at org.apache.ratis.thirdparty.io.netty.util.concurrent.SingleThreadEventExecutor$5.run(SingleThreadEventExecutor.java:897)
	at org.apache.ratis.thirdparty.io.netty.util.concurrent.FastThreadLocalRunnable.run(FastThreadLocalRunnable.java:30)
	... 1 more
Caused by: java.net.ConnectException: Connection refused
	... 11 more
2019-10-02 11:23:27,422 [2efd349e-feaf-4869-a93b-bd8bfaac471f@group-FC2D5FD9454F-LeaderElection25] INFO  impl.LeaderElection (LogUtils.java:infoOrTrace(149)) - 2efd349e-feaf-4869-a93b-bd8bfaac471f@group-FC2D5FD9454F-LeaderElection25 got exception when requesting votes: {}
java.util.concurrent.ExecutionException: org.apache.ratis.thirdparty.io.grpc.StatusRuntimeException: UNAVAILABLE: io exception
	at java.util.concurrent.FutureTask.report(FutureTask.java:122)
	at java.util.concurrent.FutureTask.get(FutureTask.java:192)
	at org.apache.ratis.server.impl.LeaderElection.waitForResults(LeaderElection.java:259)
	at org.apache.ratis.server.impl.LeaderElection.askForVotes(LeaderElection.java:197)
	at org.apache.ratis.server.impl.LeaderElection.run(LeaderElection.java:133)
	at java.lang.Thread.run(Thread.java:748)
Caused by: org.apache.ratis.thirdparty.io.grpc.StatusRuntimeException: UNAVAILABLE: io exception
	at org.apache.ratis.thirdparty.io.grpc.stub.ClientCalls.toStatusRuntimeException(ClientCalls.java:233)
	at org.apache.ratis.thirdparty.io.grpc.stub.ClientCalls.getUnchecked(ClientCalls.java:214)
	at org.apache.ratis.thirdparty.io.grpc.stub.ClientCalls.blockingUnaryCall(ClientCalls.java:139)
	at org.apache.ratis.proto.grpc.RaftServerProtocolServiceGrpc$RaftServerProtocolServiceBlockingStub.requestVote(RaftServerProtocolServiceGrpc.java:265)
	at org.apache.ratis.grpc.server.GrpcServerProtocolClient.requestVote(GrpcServerProtocolClient.java:99)
	at org.apache.ratis.grpc.server.GrpcService.requestVote(GrpcService.java:204)
	at org.apache.ratis.server.impl.LeaderElection.lambda$submitRequests$1(LeaderElection.java:234)
	at java.util.concurrent.FutureTask.run(FutureTask.java:266)
	at java.util.concurrent.Executors$RunnableAdapter.call(Executors.java:511)
	at java.util.concurrent.FutureTask.run(FutureTask.java:266)
	at java.util.concurrent.ThreadPoolExecutor.runWorker(ThreadPoolExecutor.java:1149)
	at java.util.concurrent.ThreadPoolExecutor$Worker.run(ThreadPoolExecutor.java:624)
	... 1 more
Caused by: org.apache.ratis.thirdparty.io.netty.channel.AbstractChannel$AnnotatedConnectException: Connection refused: /192.168.151.122:39327
	at sun.nio.ch.SocketChannelImpl.checkConnect(Native Method)
	at sun.nio.ch.SocketChannelImpl.finishConnect(SocketChannelImpl.java:717)
	at org.apache.ratis.thirdparty.io.netty.channel.socket.nio.NioSocketChannel.doFinishConnect(NioSocketChannel.java:327)
	at org.apache.ratis.thirdparty.io.netty.channel.nio.AbstractNioChannel$AbstractNioUnsafe.finishConnect(AbstractNioChannel.java:340)
	at org.apache.ratis.thirdparty.io.netty.channel.nio.NioEventLoop.processSelectedKey(NioEventLoop.java:632)
	at org.apache.ratis.thirdparty.io.netty.channel.nio.NioEventLoop.processSelectedKeysOptimized(NioEventLoop.java:579)
	at org.apache.ratis.thirdparty.io.netty.channel.nio.NioEventLoop.processSelectedKeys(NioEventLoop.java:496)
	at org.apache.ratis.thirdparty.io.netty.channel.nio.NioEventLoop.run(NioEventLoop.java:458)
	at org.apache.ratis.thirdparty.io.netty.util.concurrent.SingleThreadEventExecutor$5.run(SingleThreadEventExecutor.java:897)
	at org.apache.ratis.thirdparty.io.netty.util.concurrent.FastThreadLocalRunnable.run(FastThreadLocalRunnable.java:30)
	... 1 more
Caused by: java.net.ConnectException: Connection refused
	... 11 more
2019-10-02 11:23:27,424 [2efd349e-feaf-4869-a93b-bd8bfaac471f@group-FC2D5FD9454F-LeaderElection25] INFO  impl.LeaderElection (LeaderElection.java:logAndReturn(56)) - 2efd349e-feaf-4869-a93b-bd8bfaac471f@group-FC2D5FD9454F-LeaderElection25: Election REJECTED; received 0 response(s) [] and 2 exception(s); 2efd349e-feaf-4869-a93b-bd8bfaac471f@group-FC2D5FD9454F:t6, leader=null, voted=2efd349e-feaf-4869-a93b-bd8bfaac471f, raftlog=2efd349e-feaf-4869-a93b-bd8bfaac471f@group-FC2D5FD9454F-SegmentedRaftLog:OPENED:c-1,f-1,i0, conf=-1: [c5209792-15f6-46a4-8128-2e7c6fbeb642:192.168.151.122:34481, 2efd349e-feaf-4869-a93b-bd8bfaac471f:192.168.151.122:46738, fa2082ef-2be2-4bae-9323-f7b52755e8d7:192.168.151.122:39327], old=null
2019-10-02 11:23:27,424 [2efd349e-feaf-4869-a93b-bd8bfaac471f@group-FC2D5FD9454F-LeaderElection25] INFO  impl.LeaderElection (LogUtils.java:infoOrTrace(149)) -   Exception 0: {}
java.util.concurrent.ExecutionException: org.apache.ratis.thirdparty.io.grpc.StatusRuntimeException: UNAVAILABLE: io exception
	at java.util.concurrent.FutureTask.report(FutureTask.java:122)
	at java.util.concurrent.FutureTask.get(FutureTask.java:192)
	at org.apache.ratis.server.impl.LeaderElection.waitForResults(LeaderElection.java:259)
	at org.apache.ratis.server.impl.LeaderElection.askForVotes(LeaderElection.java:197)
	at org.apache.ratis.server.impl.LeaderElection.run(LeaderElection.java:133)
	at java.lang.Thread.run(Thread.java:748)
Caused by: org.apache.ratis.thirdparty.io.grpc.StatusRuntimeException: UNAVAILABLE: io exception
	at org.apache.ratis.thirdparty.io.grpc.stub.ClientCalls.toStatusRuntimeException(ClientCalls.java:233)
	at org.apache.ratis.thirdparty.io.grpc.stub.ClientCalls.getUnchecked(ClientCalls.java:214)
	at org.apache.ratis.thirdparty.io.grpc.stub.ClientCalls.blockingUnaryCall(ClientCalls.java:139)
	at org.apache.ratis.proto.grpc.RaftServerProtocolServiceGrpc$RaftServerProtocolServiceBlockingStub.requestVote(RaftServerProtocolServiceGrpc.java:265)
	at org.apache.ratis.grpc.server.GrpcServerProtocolClient.requestVote(GrpcServerProtocolClient.java:99)
	at org.apache.ratis.grpc.server.GrpcService.requestVote(GrpcService.java:204)
	at org.apache.ratis.server.impl.LeaderElection.lambda$submitRequests$1(LeaderElection.java:234)
	at java.util.concurrent.FutureTask.run(FutureTask.java:266)
	at java.util.concurrent.Executors$RunnableAdapter.call(Executors.java:511)
	at java.util.concurrent.FutureTask.run(FutureTask.java:266)
	at java.util.concurrent.ThreadPoolExecutor.runWorker(ThreadPoolExecutor.java:1149)
	at java.util.concurrent.ThreadPoolExecutor$Worker.run(ThreadPoolExecutor.java:624)
	... 1 more
Caused by: org.apache.ratis.thirdparty.io.netty.channel.AbstractChannel$AnnotatedConnectException: Connection refused: /192.168.151.122:34481
	at sun.nio.ch.SocketChannelImpl.checkConnect(Native Method)
	at sun.nio.ch.SocketChannelImpl.finishConnect(SocketChannelImpl.java:717)
	at org.apache.ratis.thirdparty.io.netty.channel.socket.nio.NioSocketChannel.doFinishConnect(NioSocketChannel.java:327)
	at org.apache.ratis.thirdparty.io.netty.channel.nio.AbstractNioChannel$AbstractNioUnsafe.finishConnect(AbstractNioChannel.java:340)
	at org.apache.ratis.thirdparty.io.netty.channel.nio.NioEventLoop.processSelectedKey(NioEventLoop.java:632)
	at org.apache.ratis.thirdparty.io.netty.channel.nio.NioEventLoop.processSelectedKeysOptimized(NioEventLoop.java:579)
	at org.apache.ratis.thirdparty.io.netty.channel.nio.NioEventLoop.processSelectedKeys(NioEventLoop.java:496)
	at org.apache.ratis.thirdparty.io.netty.channel.nio.NioEventLoop.run(NioEventLoop.java:458)
	at org.apache.ratis.thirdparty.io.netty.util.concurrent.SingleThreadEventExecutor$5.run(SingleThreadEventExecutor.java:897)
	at org.apache.ratis.thirdparty.io.netty.util.concurrent.FastThreadLocalRunnable.run(FastThreadLocalRunnable.java:30)
	... 1 more
Caused by: java.net.ConnectException: Connection refused
	... 11 more
2019-10-02 11:23:27,425 [2efd349e-feaf-4869-a93b-bd8bfaac471f@group-FC2D5FD9454F-LeaderElection25] INFO  impl.LeaderElection (LogUtils.java:infoOrTrace(149)) -   Exception 1: {}
java.util.concurrent.ExecutionException: org.apache.ratis.thirdparty.io.grpc.StatusRuntimeException: UNAVAILABLE: io exception
	at java.util.concurrent.FutureTask.report(FutureTask.java:122)
	at java.util.concurrent.FutureTask.get(FutureTask.java:192)
	at org.apache.ratis.server.impl.LeaderElection.waitForResults(LeaderElection.java:259)
	at org.apache.ratis.server.impl.LeaderElection.askForVotes(LeaderElection.java:197)
	at org.apache.ratis.server.impl.LeaderElection.run(LeaderElection.java:133)
	at java.lang.Thread.run(Thread.java:748)
Caused by: org.apache.ratis.thirdparty.io.grpc.StatusRuntimeException: UNAVAILABLE: io exception
	at org.apache.ratis.thirdparty.io.grpc.stub.ClientCalls.toStatusRuntimeException(ClientCalls.java:233)
	at org.apache.ratis.thirdparty.io.grpc.stub.ClientCalls.getUnchecked(ClientCalls.java:214)
	at org.apache.ratis.thirdparty.io.grpc.stub.ClientCalls.blockingUnaryCall(ClientCalls.java:139)
	at org.apache.ratis.proto.grpc.RaftServerProtocolServiceGrpc$RaftServerProtocolServiceBlockingStub.requestVote(RaftServerProtocolServiceGrpc.java:265)
	at org.apache.ratis.grpc.server.GrpcServerProtocolClient.requestVote(GrpcServerProtocolClient.java:99)
	at org.apache.ratis.grpc.server.GrpcService.requestVote(GrpcService.java:204)
	at org.apache.ratis.server.impl.LeaderElection.lambda$submitRequests$1(LeaderElection.java:234)
	at java.util.concurrent.FutureTask.run(FutureTask.java:266)
	at java.util.concurrent.Executors$RunnableAdapter.call(Executors.java:511)
	at java.util.concurrent.FutureTask.run(FutureTask.java:266)
	at java.util.concurrent.ThreadPoolExecutor.runWorker(ThreadPoolExecutor.java:1149)
	at java.util.concurrent.ThreadPoolExecutor$Worker.run(ThreadPoolExecutor.java:624)
	... 1 more
Caused by: org.apache.ratis.thirdparty.io.netty.channel.AbstractChannel$AnnotatedConnectException: Connection refused: /192.168.151.122:39327
	at sun.nio.ch.SocketChannelImpl.checkConnect(Native Method)
	at sun.nio.ch.SocketChannelImpl.finishConnect(SocketChannelImpl.java:717)
	at org.apache.ratis.thirdparty.io.netty.channel.socket.nio.NioSocketChannel.doFinishConnect(NioSocketChannel.java:327)
	at org.apache.ratis.thirdparty.io.netty.channel.nio.AbstractNioChannel$AbstractNioUnsafe.finishConnect(AbstractNioChannel.java:340)
	at org.apache.ratis.thirdparty.io.netty.channel.nio.NioEventLoop.processSelectedKey(NioEventLoop.java:632)
	at org.apache.ratis.thirdparty.io.netty.channel.nio.NioEventLoop.processSelectedKeysOptimized(NioEventLoop.java:579)
	at org.apache.ratis.thirdparty.io.netty.channel.nio.NioEventLoop.processSelectedKeys(NioEventLoop.java:496)
	at org.apache.ratis.thirdparty.io.netty.channel.nio.NioEventLoop.run(NioEventLoop.java:458)
	at org.apache.ratis.thirdparty.io.netty.util.concurrent.SingleThreadEventExecutor$5.run(SingleThreadEventExecutor.java:897)
	at org.apache.ratis.thirdparty.io.netty.util.concurrent.FastThreadLocalRunnable.run(FastThreadLocalRunnable.java:30)
	... 1 more
Caused by: java.net.ConnectException: Connection refused
	... 11 more
2019-10-02 11:23:27,425 [2efd349e-feaf-4869-a93b-bd8bfaac471f@group-FC2D5FD9454F-LeaderElection25] INFO  impl.RaftServerImpl (RaftServerImpl.java:setRole(170)) - 2efd349e-feaf-4869-a93b-bd8bfaac471f@group-FC2D5FD9454F: changes role from CANDIDATE to FOLLOWER at term 6 for DISCOVERED_A_NEW_TERM
2019-10-02 11:23:27,426 [2efd349e-feaf-4869-a93b-bd8bfaac471f@group-FC2D5FD9454F-LeaderElection25] INFO  impl.RoleInfo (RoleInfo.java:shutdownLeaderElection(134)) - 2efd349e-feaf-4869-a93b-bd8bfaac471f: shutdown LeaderElection
2019-10-02 11:23:27,426 [2efd349e-feaf-4869-a93b-bd8bfaac471f@group-FC2D5FD9454F-LeaderElection25] INFO  impl.RoleInfo (RoleInfo.java:updateAndGet(143)) - 2efd349e-feaf-4869-a93b-bd8bfaac471f: start FollowerState
2019-10-02 11:23:27,719 [grpc-default-executor-4] WARN  server.GrpcLogAppender (LogUtils.java:warn(134)) - 5a152cad-2f68-44e1-8661-622a6e2403aa@group-CFA5962B69F1->99afa1ab-f70e-454d-b97f-b50504ecadc2-AppendLogResponseHandler: Failed appendEntries: org.apache.ratis.thirdparty.io.grpc.StatusRuntimeException: UNAVAILABLE: io exception
2019-10-02 11:23:27,719 [grpc-default-executor-14] WARN  server.GrpcLogAppender (LogUtils.java:warn(134)) - 5a152cad-2f68-44e1-8661-622a6e2403aa@group-33DDF701D157->99afa1ab-f70e-454d-b97f-b50504ecadc2-AppendLogResponseHandler: Failed appendEntries: org.apache.ratis.thirdparty.io.grpc.StatusRuntimeException: UNAVAILABLE: io exception
2019-10-02 11:23:27,719 [grpc-default-executor-16] WARN  server.GrpcLogAppender (LogUtils.java:warn(134)) - 5a152cad-2f68-44e1-8661-622a6e2403aa@group-B42E39A6701C->99afa1ab-f70e-454d-b97f-b50504ecadc2-AppendLogResponseHandler: Failed appendEntries: org.apache.ratis.thirdparty.io.grpc.StatusRuntimeException: UNAVAILABLE: io exception
2019-10-02 11:23:27,722 [grpc-default-executor-14] INFO  impl.FollowerInfo (FollowerInfo.java:lambda$new$0(51)) - 5a152cad-2f68-44e1-8661-622a6e2403aa@group-33DDF701D157->99afa1ab-f70e-454d-b97f-b50504ecadc2: nextIndex: updateUnconditionally 0 -> 0
2019-10-02 11:23:27,721 [grpc-default-executor-4] INFO  impl.FollowerInfo (FollowerInfo.java:lambda$new$0(51)) - 5a152cad-2f68-44e1-8661-622a6e2403aa@group-CFA5962B69F1->99afa1ab-f70e-454d-b97f-b50504ecadc2: nextIndex: updateUnconditionally 0 -> 0
2019-10-02 11:23:27,722 [grpc-default-executor-16] INFO  impl.FollowerInfo (FollowerInfo.java:lambda$new$0(51)) - 5a152cad-2f68-44e1-8661-622a6e2403aa@group-B42E39A6701C->99afa1ab-f70e-454d-b97f-b50504ecadc2: nextIndex: updateUnconditionally 0 -> 0
2019-10-02 11:23:27,762 [grpc-default-executor-8] WARN  server.GrpcLogAppender (LogUtils.java:warn(134)) - 5a152cad-2f68-44e1-8661-622a6e2403aa@group-33DDF701D157->255f5341-67af-48a5-9f0a-34079e58e4b3-AppendLogResponseHandler: Failed appendEntries: org.apache.ratis.thirdparty.io.grpc.StatusRuntimeException: UNAVAILABLE: io exception
2019-10-02 11:23:27,762 [grpc-default-executor-16] WARN  server.GrpcLogAppender (LogUtils.java:warn(134)) - 5a152cad-2f68-44e1-8661-622a6e2403aa@group-CFA5962B69F1->255f5341-67af-48a5-9f0a-34079e58e4b3-AppendLogResponseHandler: Failed appendEntries: org.apache.ratis.thirdparty.io.grpc.StatusRuntimeException: UNAVAILABLE: io exception
2019-10-02 11:23:27,763 [grpc-default-executor-8] INFO  impl.FollowerInfo (FollowerInfo.java:lambda$new$0(51)) - 5a152cad-2f68-44e1-8661-622a6e2403aa@group-33DDF701D157->255f5341-67af-48a5-9f0a-34079e58e4b3: nextIndex: updateUnconditionally 0 -> 0
2019-10-02 11:23:27,763 [grpc-default-executor-16] INFO  impl.FollowerInfo (FollowerInfo.java:lambda$new$0(51)) - 5a152cad-2f68-44e1-8661-622a6e2403aa@group-CFA5962B69F1->255f5341-67af-48a5-9f0a-34079e58e4b3: nextIndex: updateUnconditionally 0 -> 0
2019-10-02 11:23:27,765 [grpc-default-executor-14] WARN  server.GrpcLogAppender (LogUtils.java:warn(134)) - 5a152cad-2f68-44e1-8661-622a6e2403aa@group-B42E39A6701C->255f5341-67af-48a5-9f0a-34079e58e4b3-AppendLogResponseHandler: Failed appendEntries: org.apache.ratis.thirdparty.io.grpc.StatusRuntimeException: UNAVAILABLE: io exception
2019-10-02 11:23:27,765 [grpc-default-executor-14] INFO  impl.FollowerInfo (FollowerInfo.java:lambda$new$0(51)) - 5a152cad-2f68-44e1-8661-622a6e2403aa@group-B42E39A6701C->255f5341-67af-48a5-9f0a-34079e58e4b3: nextIndex: updateUnconditionally 0 -> 0
2019-10-02 11:23:28,220 [grpc-default-executor-14] WARN  server.GrpcLogAppender (LogUtils.java:warn(134)) - 5a152cad-2f68-44e1-8661-622a6e2403aa@group-33DDF701D157->99afa1ab-f70e-454d-b97f-b50504ecadc2-AppendLogResponseHandler: Failed appendEntries: org.apache.ratis.thirdparty.io.grpc.StatusRuntimeException: UNAVAILABLE: io exception
2019-10-02 11:23:28,220 [grpc-default-executor-16] WARN  server.GrpcLogAppender (LogUtils.java:warn(134)) - 5a152cad-2f68-44e1-8661-622a6e2403aa@group-B42E39A6701C->99afa1ab-f70e-454d-b97f-b50504ecadc2-AppendLogResponseHandler: Failed appendEntries: org.apache.ratis.thirdparty.io.grpc.StatusRuntimeException: UNAVAILABLE: io exception
2019-10-02 11:23:28,220 [grpc-default-executor-16] INFO  impl.FollowerInfo (FollowerInfo.java:lambda$new$0(51)) - 5a152cad-2f68-44e1-8661-622a6e2403aa@group-B42E39A6701C->99afa1ab-f70e-454d-b97f-b50504ecadc2: nextIndex: updateUnconditionally 0 -> 0
2019-10-02 11:23:28,220 [grpc-default-executor-6] WARN  server.GrpcLogAppender (LogUtils.java:warn(134)) - 5a152cad-2f68-44e1-8661-622a6e2403aa@group-CFA5962B69F1->99afa1ab-f70e-454d-b97f-b50504ecadc2-AppendLogResponseHandler: Failed appendEntries: org.apache.ratis.thirdparty.io.grpc.StatusRuntimeException: UNAVAILABLE: io exception
2019-10-02 11:23:28,220 [grpc-default-executor-14] INFO  impl.FollowerInfo (FollowerInfo.java:lambda$new$0(51)) - 5a152cad-2f68-44e1-8661-622a6e2403aa@group-33DDF701D157->99afa1ab-f70e-454d-b97f-b50504ecadc2: nextIndex: updateUnconditionally 0 -> 0
2019-10-02 11:23:28,221 [grpc-default-executor-6] INFO  impl.FollowerInfo (FollowerInfo.java:lambda$new$0(51)) - 5a152cad-2f68-44e1-8661-622a6e2403aa@group-CFA5962B69F1->99afa1ab-f70e-454d-b97f-b50504ecadc2: nextIndex: updateUnconditionally 0 -> 0
2019-10-02 11:23:28,263 [grpc-default-executor-4] WARN  server.GrpcLogAppender (LogUtils.java:warn(134)) - 5a152cad-2f68-44e1-8661-622a6e2403aa@group-CFA5962B69F1->255f5341-67af-48a5-9f0a-34079e58e4b3-AppendLogResponseHandler: Failed appendEntries: org.apache.ratis.thirdparty.io.grpc.StatusRuntimeException: UNAVAILABLE: io exception
2019-10-02 11:23:28,263 [grpc-default-executor-14] WARN  server.GrpcLogAppender (LogUtils.java:warn(134)) - 5a152cad-2f68-44e1-8661-622a6e2403aa@group-33DDF701D157->255f5341-67af-48a5-9f0a-34079e58e4b3-AppendLogResponseHandler: Failed appendEntries: org.apache.ratis.thirdparty.io.grpc.StatusRuntimeException: UNAVAILABLE: io exception
2019-10-02 11:23:28,263 [grpc-default-executor-4] INFO  impl.FollowerInfo (FollowerInfo.java:lambda$new$0(51)) - 5a152cad-2f68-44e1-8661-622a6e2403aa@group-CFA5962B69F1->255f5341-67af-48a5-9f0a-34079e58e4b3: nextIndex: updateUnconditionally 0 -> 0
2019-10-02 11:23:28,263 [grpc-default-executor-14] INFO  impl.FollowerInfo (FollowerInfo.java:lambda$new$0(51)) - 5a152cad-2f68-44e1-8661-622a6e2403aa@group-33DDF701D157->255f5341-67af-48a5-9f0a-34079e58e4b3: nextIndex: updateUnconditionally 0 -> 0
2019-10-02 11:23:28,265 [grpc-default-executor-16] WARN  server.GrpcLogAppender (LogUtils.java:warn(134)) - 5a152cad-2f68-44e1-8661-622a6e2403aa@group-B42E39A6701C->255f5341-67af-48a5-9f0a-34079e58e4b3-AppendLogResponseHandler: Failed appendEntries: org.apache.ratis.thirdparty.io.grpc.StatusRuntimeException: UNAVAILABLE: io exception
2019-10-02 11:23:28,265 [grpc-default-executor-16] INFO  impl.FollowerInfo (FollowerInfo.java:lambda$new$0(51)) - 5a152cad-2f68-44e1-8661-622a6e2403aa@group-B42E39A6701C->255f5341-67af-48a5-9f0a-34079e58e4b3: nextIndex: updateUnconditionally 0 -> 0
2019-10-02 11:23:28,304 [ForkJoinPool.commonPool-worker-1] INFO  ozoneimpl.OzoneContainer (OzoneContainer.java:stop(231)) - Attempting to stop container services.
2019-10-02 11:23:28,305 [ForkJoinPool.commonPool-worker-1] INFO  impl.RaftServerProxy (RaftServerProxy.java:lambda$close$4(314)) - 2efd349e-feaf-4869-a93b-bd8bfaac471f: close
2019-10-02 11:23:28,305 [ForkJoinPool.commonPool-worker-1] INFO  impl.RaftServerImpl (RaftServerImpl.java:lambda$shutdown$3(247)) - 2efd349e-feaf-4869-a93b-bd8bfaac471f@group-FC2D5FD9454F: shutdown
2019-10-02 11:23:28,306 [ForkJoinPool.commonPool-worker-1] INFO  util.JmxRegister (JmxRegister.java:unregister(73)) - Successfully un-registered JMX Bean with object name Ratis:service=RaftServer,group=group-FC2D5FD9454F,id=2efd349e-feaf-4869-a93b-bd8bfaac471f
2019-10-02 11:23:28,306 [ForkJoinPool.commonPool-worker-1] INFO  impl.RoleInfo (RoleInfo.java:shutdownFollowerState(121)) - 2efd349e-feaf-4869-a93b-bd8bfaac471f: shutdown FollowerState
2019-10-02 11:23:28,306 [ForkJoinPool.commonPool-worker-1] INFO  impl.StateMachineUpdater (StateMachineUpdater.java:stopAndJoin(136)) - 2efd349e-feaf-4869-a93b-bd8bfaac471f@group-FC2D5FD9454F-StateMachineUpdater: set stopIndex = -1
2019-10-02 11:23:28,306 [Thread-616] INFO  impl.FollowerState (FollowerState.java:run(117)) - 2efd349e-feaf-4869-a93b-bd8bfaac471f@group-FC2D5FD9454F-FollowerState was interrupted: java.lang.InterruptedException: sleep interrupted
2019-10-02 11:23:28,306 [ForkJoinPool.commonPool-worker-1] INFO  impl.RaftServerImpl (ServerState.java:close(387)) - 2efd349e-feaf-4869-a93b-bd8bfaac471f@group-FC2D5FD9454F: closes. applyIndex: -1
2019-10-02 11:23:28,309 [2efd349e-feaf-4869-a93b-bd8bfaac471f@group-FC2D5FD9454F-SegmentedRaftLogWorker] INFO  segmented.SegmentedRaftLogWorker (SegmentedRaftLogWorker.java:run(316)) - 2efd349e-feaf-4869-a93b-bd8bfaac471f@group-FC2D5FD9454F-SegmentedRaftLogWorker was interrupted, exiting. There are 0 tasks remaining in the queue.
2019-10-02 11:23:28,309 [ForkJoinPool.commonPool-worker-1] INFO  segmented.SegmentedRaftLogWorker (SegmentedRaftLogWorker.java:close(224)) - 2efd349e-feaf-4869-a93b-bd8bfaac471f@group-FC2D5FD9454F-SegmentedRaftLogWorker close()
2019-10-02 11:23:28,312 [ForkJoinPool.commonPool-worker-1] INFO  server.GrpcService (GrpcService.java:closeImpl(164)) - 2efd349e-feaf-4869-a93b-bd8bfaac471f: shutdown server with port 46738 now
2019-10-02 11:23:28,312 [ForkJoinPool.commonPool-worker-1] INFO  server.GrpcService (GrpcService.java:closeImpl(172)) - 2efd349e-feaf-4869-a93b-bd8bfaac471f: shutdown server with port 46738 successfully
2019-10-02 11:23:28,323 [refreshUsed-/workdir/hadoop-ozone/integration-test/target/test-dir/MiniOzoneClusterImpl-544d5193-f7b3-4e33-ac9d-9d27303d2a96/datanode-0/data/containers] WARN  fs.CachingGetSpaceUsed (CachingGetSpaceUsed.java:run(183)) - Thread Interrupted waiting to refresh disk information: sleep interrupted
2019-10-02 11:23:28,337 [ForkJoinPool.commonPool-worker-1] INFO  utils.BackgroundService (BackgroundService.java:shutdown(148)) - Shutting down service BlockDeletingService
2019-10-02 11:23:28,341 [ForkJoinPool.commonPool-worker-1] INFO  statemachine.DatanodeStateMachine (DatanodeStateMachine.java:stopDaemon(395)) - Ozone container server stopped.
2019-10-02 11:23:28,720 [grpc-default-executor-1] WARN  server.GrpcLogAppender (LogUtils.java:warn(134)) - 5a152cad-2f68-44e1-8661-622a6e2403aa@group-CFA5962B69F1->99afa1ab-f70e-454d-b97f-b50504ecadc2-AppendLogResponseHandler: Failed appendEntries: org.apache.ratis.thirdparty.io.grpc.StatusRuntimeException: UNAVAILABLE: io exception
2019-10-02 11:23:28,720 [grpc-default-executor-8] WARN  server.GrpcLogAppender (LogUtils.java:warn(134)) - 5a152cad-2f68-44e1-8661-622a6e2403aa@group-33DDF701D157->99afa1ab-f70e-454d-b97f-b50504ecadc2-AppendLogResponseHandler: Failed appendEntries: org.apache.ratis.thirdparty.io.grpc.StatusRuntimeException: UNAVAILABLE: io exception
2019-10-02 11:23:28,720 [grpc-default-executor-14] WARN  server.GrpcLogAppender (LogUtils.java:warn(134)) - 5a152cad-2f68-44e1-8661-622a6e2403aa@group-B42E39A6701C->99afa1ab-f70e-454d-b97f-b50504ecadc2-AppendLogResponseHandler: Failed appendEntries: org.apache.ratis.thirdparty.io.grpc.StatusRuntimeException: UNAVAILABLE: io exception
2019-10-02 11:23:28,721 [grpc-default-executor-8] INFO  impl.FollowerInfo (FollowerInfo.java:lambda$new$0(51)) - 5a152cad-2f68-44e1-8661-622a6e2403aa@group-33DDF701D157->99afa1ab-f70e-454d-b97f-b50504ecadc2: nextIndex: updateUnconditionally 0 -> 0
2019-10-02 11:23:28,721 [grpc-default-executor-1] INFO  impl.FollowerInfo (FollowerInfo.java:lambda$new$0(51)) - 5a152cad-2f68-44e1-8661-622a6e2403aa@group-CFA5962B69F1->99afa1ab-f70e-454d-b97f-b50504ecadc2: nextIndex: updateUnconditionally 0 -> 0
2019-10-02 11:23:28,721 [grpc-default-executor-14] INFO  impl.FollowerInfo (FollowerInfo.java:lambda$new$0(51)) - 5a152cad-2f68-44e1-8661-622a6e2403aa@group-B42E39A6701C->99afa1ab-f70e-454d-b97f-b50504ecadc2: nextIndex: updateUnconditionally 0 -> 0
2019-10-02 11:23:28,764 [grpc-default-executor-14] WARN  server.GrpcLogAppender (LogUtils.java:warn(134)) - 5a152cad-2f68-44e1-8661-622a6e2403aa@group-CFA5962B69F1->255f5341-67af-48a5-9f0a-34079e58e4b3-AppendLogResponseHandler: Failed appendEntries: org.apache.ratis.thirdparty.io.grpc.StatusRuntimeException: UNAVAILABLE: io exception
2019-10-02 11:23:28,764 [grpc-default-executor-1] WARN  server.GrpcLogAppender (LogUtils.java:warn(134)) - 5a152cad-2f68-44e1-8661-622a6e2403aa@group-33DDF701D157->255f5341-67af-48a5-9f0a-34079e58e4b3-AppendLogResponseHandler: Failed appendEntries: org.apache.ratis.thirdparty.io.grpc.StatusRuntimeException: UNAVAILABLE: io exception
2019-10-02 11:23:28,764 [grpc-default-executor-14] INFO  impl.FollowerInfo (FollowerInfo.java:lambda$new$0(51)) - 5a152cad-2f68-44e1-8661-622a6e2403aa@group-CFA5962B69F1->255f5341-67af-48a5-9f0a-34079e58e4b3: nextIndex: updateUnconditionally 0 -> 0
2019-10-02 11:23:28,764 [grpc-default-executor-1] INFO  impl.FollowerInfo (FollowerInfo.java:lambda$new$0(51)) - 5a152cad-2f68-44e1-8661-622a6e2403aa@group-33DDF701D157->255f5341-67af-48a5-9f0a-34079e58e4b3: nextIndex: updateUnconditionally 0 -> 0
2019-10-02 11:23:28,766 [grpc-default-executor-8] WARN  server.GrpcLogAppender (LogUtils.java:warn(134)) - 5a152cad-2f68-44e1-8661-622a6e2403aa@group-B42E39A6701C->255f5341-67af-48a5-9f0a-34079e58e4b3-AppendLogResponseHandler: Failed appendEntries: org.apache.ratis.thirdparty.io.grpc.StatusRuntimeException: UNAVAILABLE: io exception
2019-10-02 11:23:28,766 [grpc-default-executor-8] INFO  impl.FollowerInfo (FollowerInfo.java:lambda$new$0(51)) - 5a152cad-2f68-44e1-8661-622a6e2403aa@group-B42E39A6701C->255f5341-67af-48a5-9f0a-34079e58e4b3: nextIndex: updateUnconditionally 0 -> 0
2019-10-02 11:23:29,221 [grpc-default-executor-8] WARN  server.GrpcLogAppender (LogUtils.java:warn(134)) - 5a152cad-2f68-44e1-8661-622a6e2403aa@group-CFA5962B69F1->99afa1ab-f70e-454d-b97f-b50504ecadc2-AppendLogResponseHandler: Failed appendEntries: org.apache.ratis.thirdparty.io.grpc.StatusRuntimeException: UNAVAILABLE: io exception
2019-10-02 11:23:29,221 [grpc-default-executor-6] WARN  server.GrpcLogAppender (LogUtils.java:warn(134)) - 5a152cad-2f68-44e1-8661-622a6e2403aa@group-B42E39A6701C->99afa1ab-f70e-454d-b97f-b50504ecadc2-AppendLogResponseHandler: Failed appendEntries: org.apache.ratis.thirdparty.io.grpc.StatusRuntimeException: UNAVAILABLE: io exception
2019-10-02 11:23:29,221 [grpc-default-executor-1] WARN  server.GrpcLogAppender (LogUtils.java:warn(134)) - 5a152cad-2f68-44e1-8661-622a6e2403aa@group-33DDF701D157->99afa1ab-f70e-454d-b97f-b50504ecadc2-AppendLogResponseHandler: Failed appendEntries: org.apache.ratis.thirdparty.io.grpc.StatusRuntimeException: UNAVAILABLE: io exception
2019-10-02 11:23:29,221 [grpc-default-executor-6] INFO  impl.FollowerInfo (FollowerInfo.java:lambda$new$0(51)) - 5a152cad-2f68-44e1-8661-622a6e2403aa@group-B42E39A6701C->99afa1ab-f70e-454d-b97f-b50504ecadc2: nextIndex: updateUnconditionally 0 -> 0
2019-10-02 11:23:29,221 [grpc-default-executor-8] INFO  impl.FollowerInfo (FollowerInfo.java:lambda$new$0(51)) - 5a152cad-2f68-44e1-8661-622a6e2403aa@group-CFA5962B69F1->99afa1ab-f70e-454d-b97f-b50504ecadc2: nextIndex: updateUnconditionally 0 -> 0
2019-10-02 11:23:29,222 [grpc-default-executor-1] INFO  impl.FollowerInfo (FollowerInfo.java:lambda$new$0(51)) - 5a152cad-2f68-44e1-8661-622a6e2403aa@group-33DDF701D157->99afa1ab-f70e-454d-b97f-b50504ecadc2: nextIndex: updateUnconditionally 0 -> 0
2019-10-02 11:23:29,264 [grpc-default-executor-16] WARN  server.GrpcLogAppender (LogUtils.java:warn(134)) - 5a152cad-2f68-44e1-8661-622a6e2403aa@group-CFA5962B69F1->255f5341-67af-48a5-9f0a-34079e58e4b3-AppendLogResponseHandler: Failed appendEntries: org.apache.ratis.thirdparty.io.grpc.StatusRuntimeException: UNAVAILABLE: io exception
2019-10-02 11:23:29,264 [grpc-default-executor-14] WARN  server.GrpcLogAppender (LogUtils.java:warn(134)) - 5a152cad-2f68-44e1-8661-622a6e2403aa@group-33DDF701D157->255f5341-67af-48a5-9f0a-34079e58e4b3-AppendLogResponseHandler: Failed appendEntries: org.apache.ratis.thirdparty.io.grpc.StatusRuntimeException: UNAVAILABLE: io exception
2019-10-02 11:23:29,264 [grpc-default-executor-16] INFO  impl.FollowerInfo (FollowerInfo.java:lambda$new$0(51)) - 5a152cad-2f68-44e1-8661-622a6e2403aa@group-CFA5962B69F1->255f5341-67af-48a5-9f0a-34079e58e4b3: nextIndex: updateUnconditionally 0 -> 0
2019-10-02 11:23:29,264 [grpc-default-executor-14] INFO  impl.FollowerInfo (FollowerInfo.java:lambda$new$0(51)) - 5a152cad-2f68-44e1-8661-622a6e2403aa@group-33DDF701D157->255f5341-67af-48a5-9f0a-34079e58e4b3: nextIndex: updateUnconditionally 0 -> 0
2019-10-02 11:23:29,266 [grpc-default-executor-1] WARN  server.GrpcLogAppender (LogUtils.java:warn(134)) - 5a152cad-2f68-44e1-8661-622a6e2403aa@group-B42E39A6701C->255f5341-67af-48a5-9f0a-34079e58e4b3-AppendLogResponseHandler: Failed appendEntries: org.apache.ratis.thirdparty.io.grpc.StatusRuntimeException: UNAVAILABLE: io exception
2019-10-02 11:23:29,266 [grpc-default-executor-1] INFO  impl.FollowerInfo (FollowerInfo.java:lambda$new$0(51)) - 5a152cad-2f68-44e1-8661-622a6e2403aa@group-B42E39A6701C->255f5341-67af-48a5-9f0a-34079e58e4b3: nextIndex: updateUnconditionally 0 -> 0
2019-10-02 11:23:29,505 [main] INFO  ozoneimpl.OzoneContainer (OzoneContainer.java:stop(231)) - Attempting to stop container services.
2019-10-02 11:23:29,506 [main] INFO  impl.RaftServerProxy (RaftServerProxy.java:lambda$close$4(314)) - 18fe2ab8-cd21-4778-862d-95375402d60b: close
2019-10-02 11:23:29,506 [main] INFO  server.GrpcService (GrpcService.java:closeImpl(164)) - 18fe2ab8-cd21-4778-862d-95375402d60b: shutdown server with port 36547 now
2019-10-02 11:23:29,507 [main] INFO  server.GrpcService (GrpcService.java:closeImpl(172)) - 18fe2ab8-cd21-4778-862d-95375402d60b: shutdown server with port 36547 successfully
2019-10-02 11:23:29,508 [refreshUsed-/workdir/hadoop-ozone/integration-test/target/test-dir/MiniOzoneClusterImpl-544d5193-f7b3-4e33-ac9d-9d27303d2a96/datanode-9/data/containers] WARN  fs.CachingGetSpaceUsed (CachingGetSpaceUsed.java:run(183)) - Thread Interrupted waiting to refresh disk information: sleep interrupted
2019-10-02 11:23:29,520 [main] INFO  utils.BackgroundService (BackgroundService.java:shutdown(148)) - Shutting down service BlockDeletingService
2019-10-02 11:23:29,524 [main] INFO  statemachine.DatanodeStateMachine (DatanodeStateMachine.java:stopDaemon(395)) - Ozone container server stopped.
2019-10-02 11:23:29,721 [grpc-default-executor-14] WARN  server.GrpcLogAppender (LogUtils.java:warn(134)) - 5a152cad-2f68-44e1-8661-622a6e2403aa@group-CFA5962B69F1->99afa1ab-f70e-454d-b97f-b50504ecadc2-AppendLogResponseHandler: Failed appendEntries: org.apache.ratis.thirdparty.io.grpc.StatusRuntimeException: UNAVAILABLE: io exception
2019-10-02 11:23:29,722 [grpc-default-executor-8] WARN  server.GrpcLogAppender (LogUtils.java:warn(134)) - 5a152cad-2f68-44e1-8661-622a6e2403aa@group-33DDF701D157->99afa1ab-f70e-454d-b97f-b50504ecadc2-AppendLogResponseHandler: Failed appendEntries: org.apache.ratis.thirdparty.io.grpc.StatusRuntimeException: UNAVAILABLE: io exception
2019-10-02 11:23:29,721 [grpc-default-executor-1] WARN  server.GrpcLogAppender (LogUtils.java:warn(134)) - 5a152cad-2f68-44e1-8661-622a6e2403aa@group-B42E39A6701C->99afa1ab-f70e-454d-b97f-b50504ecadc2-AppendLogResponseHandler: Failed appendEntries: org.apache.ratis.thirdparty.io.grpc.StatusRuntimeException: UNAVAILABLE: io exception
2019-10-02 11:23:29,722 [grpc-default-executor-8] INFO  impl.FollowerInfo (FollowerInfo.java:lambda$new$0(51)) - 5a152cad-2f68-44e1-8661-622a6e2403aa@group-33DDF701D157->99afa1ab-f70e-454d-b97f-b50504ecadc2: nextIndex: updateUnconditionally 0 -> 0
2019-10-02 11:23:29,722 [grpc-default-executor-14] INFO  impl.FollowerInfo (FollowerInfo.java:lambda$new$0(51)) - 5a152cad-2f68-44e1-8661-622a6e2403aa@group-CFA5962B69F1->99afa1ab-f70e-454d-b97f-b50504ecadc2: nextIndex: updateUnconditionally 0 -> 0
2019-10-02 11:23:29,722 [grpc-default-executor-1] INFO  impl.FollowerInfo (FollowerInfo.java:lambda$new$0(51)) - 5a152cad-2f68-44e1-8661-622a6e2403aa@group-B42E39A6701C->99afa1ab-f70e-454d-b97f-b50504ecadc2: nextIndex: updateUnconditionally 0 -> 0
2019-10-02 11:23:29,764 [grpc-default-executor-1] WARN  server.GrpcLogAppender (LogUtils.java:warn(134)) - 5a152cad-2f68-44e1-8661-622a6e2403aa@group-CFA5962B69F1->255f5341-67af-48a5-9f0a-34079e58e4b3-AppendLogResponseHandler: Failed appendEntries: org.apache.ratis.thirdparty.io.grpc.StatusRuntimeException: UNAVAILABLE: io exception
2019-10-02 11:23:29,764 [grpc-default-executor-16] WARN  server.GrpcLogAppender (LogUtils.java:warn(134)) - 5a152cad-2f68-44e1-8661-622a6e2403aa@group-33DDF701D157->255f5341-67af-48a5-9f0a-34079e58e4b3-AppendLogResponseHandler: Failed appendEntries: org.apache.ratis.thirdparty.io.grpc.StatusRuntimeException: UNAVAILABLE: io exception
2019-10-02 11:23:29,765 [grpc-default-executor-1] INFO  impl.FollowerInfo (FollowerInfo.java:lambda$new$0(51)) - 5a152cad-2f68-44e1-8661-622a6e2403aa@group-CFA5962B69F1->255f5341-67af-48a5-9f0a-34079e58e4b3: nextIndex: updateUnconditionally 0 -> 0
2019-10-02 11:23:29,765 [grpc-default-executor-16] INFO  impl.FollowerInfo (FollowerInfo.java:lambda$new$0(51)) - 5a152cad-2f68-44e1-8661-622a6e2403aa@group-33DDF701D157->255f5341-67af-48a5-9f0a-34079e58e4b3: nextIndex: updateUnconditionally 0 -> 0
2019-10-02 11:23:29,766 [grpc-default-executor-8] WARN  server.GrpcLogAppender (LogUtils.java:warn(134)) - 5a152cad-2f68-44e1-8661-622a6e2403aa@group-B42E39A6701C->255f5341-67af-48a5-9f0a-34079e58e4b3-AppendLogResponseHandler: Failed appendEntries: org.apache.ratis.thirdparty.io.grpc.StatusRuntimeException: UNAVAILABLE: io exception
2019-10-02 11:23:29,767 [grpc-default-executor-8] INFO  impl.FollowerInfo (FollowerInfo.java:lambda$new$0(51)) - 5a152cad-2f68-44e1-8661-622a6e2403aa@group-B42E39A6701C->255f5341-67af-48a5-9f0a-34079e58e4b3: nextIndex: updateUnconditionally 0 -> 0
2019-10-02 11:23:30,222 [grpc-default-executor-4] WARN  server.GrpcLogAppender (LogUtils.java:warn(134)) - 5a152cad-2f68-44e1-8661-622a6e2403aa@group-33DDF701D157->99afa1ab-f70e-454d-b97f-b50504ecadc2-AppendLogResponseHandler: Failed appendEntries: org.apache.ratis.thirdparty.io.grpc.StatusRuntimeException: UNAVAILABLE: io exception
2019-10-02 11:23:30,222 [grpc-default-executor-14] WARN  server.GrpcLogAppender (LogUtils.java:warn(134)) - 5a152cad-2f68-44e1-8661-622a6e2403aa@group-B42E39A6701C->99afa1ab-f70e-454d-b97f-b50504ecadc2-AppendLogResponseHandler: Failed appendEntries: org.apache.ratis.thirdparty.io.grpc.StatusRuntimeException: UNAVAILABLE: io exception
2019-10-02 11:23:30,222 [grpc-default-executor-6] WARN  server.GrpcLogAppender (LogUtils.java:warn(134)) - 5a152cad-2f68-44e1-8661-622a6e2403aa@group-CFA5962B69F1->99afa1ab-f70e-454d-b97f-b50504ecadc2-AppendLogResponseHandler: Failed appendEntries: org.apache.ratis.thirdparty.io.grpc.StatusRuntimeException: UNAVAILABLE: io exception
2019-10-02 11:23:30,223 [grpc-default-executor-14] INFO  impl.FollowerInfo (FollowerInfo.java:lambda$new$0(51)) - 5a152cad-2f68-44e1-8661-622a6e2403aa@group-B42E39A6701C->99afa1ab-f70e-454d-b97f-b50504ecadc2: nextIndex: updateUnconditionally 0 -> 0
2019-10-02 11:23:30,222 [grpc-default-executor-4] INFO  impl.FollowerInfo (FollowerInfo.java:lambda$new$0(51)) - 5a152cad-2f68-44e1-8661-622a6e2403aa@group-33DDF701D157->99afa1ab-f70e-454d-b97f-b50504ecadc2: nextIndex: updateUnconditionally 0 -> 0
2019-10-02 11:23:30,223 [grpc-default-executor-6] INFO  impl.FollowerInfo (FollowerInfo.java:lambda$new$0(51)) - 5a152cad-2f68-44e1-8661-622a6e2403aa@group-CFA5962B69F1->99afa1ab-f70e-454d-b97f-b50504ecadc2: nextIndex: updateUnconditionally 0 -> 0
2019-10-02 11:23:30,265 [grpc-default-executor-14] WARN  server.GrpcLogAppender (LogUtils.java:warn(134)) - 5a152cad-2f68-44e1-8661-622a6e2403aa@group-CFA5962B69F1->255f5341-67af-48a5-9f0a-34079e58e4b3-AppendLogResponseHandler: Failed appendEntries: org.apache.ratis.thirdparty.io.grpc.StatusRuntimeException: UNAVAILABLE: io exception
2019-10-02 11:23:30,265 [grpc-default-executor-8] WARN  server.GrpcLogAppender (LogUtils.java:warn(134)) - 5a152cad-2f68-44e1-8661-622a6e2403aa@group-33DDF701D157->255f5341-67af-48a5-9f0a-34079e58e4b3-AppendLogResponseHandler: Failed appendEntries: org.apache.ratis.thirdparty.io.grpc.StatusRuntimeException: UNAVAILABLE: io exception
2019-10-02 11:23:30,265 [grpc-default-executor-14] INFO  impl.FollowerInfo (FollowerInfo.java:lambda$new$0(51)) - 5a152cad-2f68-44e1-8661-622a6e2403aa@group-CFA5962B69F1->255f5341-67af-48a5-9f0a-34079e58e4b3: nextIndex: updateUnconditionally 0 -> 0
2019-10-02 11:23:30,265 [grpc-default-executor-8] INFO  impl.FollowerInfo (FollowerInfo.java:lambda$new$0(51)) - 5a152cad-2f68-44e1-8661-622a6e2403aa@group-33DDF701D157->255f5341-67af-48a5-9f0a-34079e58e4b3: nextIndex: updateUnconditionally 0 -> 0
2019-10-02 11:23:30,267 [grpc-default-executor-6] WARN  server.GrpcLogAppender (LogUtils.java:warn(134)) - 5a152cad-2f68-44e1-8661-622a6e2403aa@group-B42E39A6701C->255f5341-67af-48a5-9f0a-34079e58e4b3-AppendLogResponseHandler: Failed appendEntries: org.apache.ratis.thirdparty.io.grpc.StatusRuntimeException: UNAVAILABLE: io exception
2019-10-02 11:23:30,267 [grpc-default-executor-6] INFO  impl.FollowerInfo (FollowerInfo.java:lambda$new$0(51)) - 5a152cad-2f68-44e1-8661-622a6e2403aa@group-B42E39A6701C->255f5341-67af-48a5-9f0a-34079e58e4b3: nextIndex: updateUnconditionally 0 -> 0
2019-10-02 11:23:30,723 [grpc-default-executor-6] WARN  server.GrpcLogAppender (LogUtils.java:warn(134)) - 5a152cad-2f68-44e1-8661-622a6e2403aa@group-33DDF701D157->99afa1ab-f70e-454d-b97f-b50504ecadc2-AppendLogResponseHandler: Failed appendEntries: org.apache.ratis.thirdparty.io.grpc.StatusRuntimeException: UNAVAILABLE: io exception
2019-10-02 11:23:30,723 [grpc-default-executor-16] WARN  server.GrpcLogAppender (LogUtils.java:warn(134)) - 5a152cad-2f68-44e1-8661-622a6e2403aa@group-CFA5962B69F1->99afa1ab-f70e-454d-b97f-b50504ecadc2-AppendLogResponseHandler: Failed appendEntries: org.apache.ratis.thirdparty.io.grpc.StatusRuntimeException: UNAVAILABLE: io exception
2019-10-02 11:23:30,723 [grpc-default-executor-6] INFO  impl.FollowerInfo (FollowerInfo.java:lambda$new$0(51)) - 5a152cad-2f68-44e1-8661-622a6e2403aa@group-33DDF701D157->99afa1ab-f70e-454d-b97f-b50504ecadc2: nextIndex: updateUnconditionally 0 -> 0
2019-10-02 11:23:30,723 [grpc-default-executor-1] WARN  server.GrpcLogAppender (LogUtils.java:warn(134)) - 5a152cad-2f68-44e1-8661-622a6e2403aa@group-B42E39A6701C->99afa1ab-f70e-454d-b97f-b50504ecadc2-AppendLogResponseHandler: Failed appendEntries: org.apache.ratis.thirdparty.io.grpc.StatusRuntimeException: UNAVAILABLE: io exception
2019-10-02 11:23:30,723 [grpc-default-executor-16] INFO  impl.FollowerInfo (FollowerInfo.java:lambda$new$0(51)) - 5a152cad-2f68-44e1-8661-622a6e2403aa@group-CFA5962B69F1->99afa1ab-f70e-454d-b97f-b50504ecadc2: nextIndex: updateUnconditionally 0 -> 0
2019-10-02 11:23:30,724 [grpc-default-executor-1] INFO  impl.FollowerInfo (FollowerInfo.java:lambda$new$0(51)) - 5a152cad-2f68-44e1-8661-622a6e2403aa@group-B42E39A6701C->99afa1ab-f70e-454d-b97f-b50504ecadc2: nextIndex: updateUnconditionally 0 -> 0
2019-10-02 11:23:30,766 [grpc-default-executor-8] WARN  server.GrpcLogAppender (LogUtils.java:warn(134)) - 5a152cad-2f68-44e1-8661-622a6e2403aa@group-CFA5962B69F1->255f5341-67af-48a5-9f0a-34079e58e4b3-AppendLogResponseHandler: Failed appendEntries: org.apache.ratis.thirdparty.io.grpc.StatusRuntimeException: UNAVAILABLE: io exception
2019-10-02 11:23:30,766 [grpc-default-executor-6] WARN  server.GrpcLogAppender (LogUtils.java:warn(134)) - 5a152cad-2f68-44e1-8661-622a6e2403aa@group-33DDF701D157->255f5341-67af-48a5-9f0a-34079e58e4b3-AppendLogResponseHandler: Failed appendEntries: org.apache.ratis.thirdparty.io.grpc.StatusRuntimeException: UNAVAILABLE: io exception
2019-10-02 11:23:30,766 [grpc-default-executor-8] INFO  impl.FollowerInfo (FollowerInfo.java:lambda$new$0(51)) - 5a152cad-2f68-44e1-8661-622a6e2403aa@group-CFA5962B69F1->255f5341-67af-48a5-9f0a-34079e58e4b3: nextIndex: updateUnconditionally 0 -> 0
2019-10-02 11:23:30,767 [grpc-default-executor-1] WARN  server.GrpcLogAppender (LogUtils.java:warn(134)) - 5a152cad-2f68-44e1-8661-622a6e2403aa@group-B42E39A6701C->255f5341-67af-48a5-9f0a-34079e58e4b3-AppendLogResponseHandler: Failed appendEntries: org.apache.ratis.thirdparty.io.grpc.StatusRuntimeException: UNAVAILABLE: Channel shutdown invoked
2019-10-02 11:23:30,767 [grpc-default-executor-6] INFO  impl.FollowerInfo (FollowerInfo.java:lambda$new$0(51)) - 5a152cad-2f68-44e1-8661-622a6e2403aa@group-33DDF701D157->255f5341-67af-48a5-9f0a-34079e58e4b3: nextIndex: updateUnconditionally 0 -> 0
2019-10-02 11:23:30,767 [grpc-default-executor-1] INFO  impl.FollowerInfo (FollowerInfo.java:lambda$new$0(51)) - 5a152cad-2f68-44e1-8661-622a6e2403aa@group-B42E39A6701C->255f5341-67af-48a5-9f0a-34079e58e4b3: nextIndex: updateUnconditionally 0 -> 0
2019-10-02 11:23:31,224 [grpc-default-executor-1] WARN  server.GrpcLogAppender (LogUtils.java:warn(134)) - 5a152cad-2f68-44e1-8661-622a6e2403aa@group-33DDF701D157->99afa1ab-f70e-454d-b97f-b50504ecadc2-AppendLogResponseHandler: Failed appendEntries: org.apache.ratis.thirdparty.io.grpc.StatusRuntimeException: UNAVAILABLE: io exception
2019-10-02 11:23:31,224 [grpc-default-executor-14] WARN  server.GrpcLogAppender (LogUtils.java:warn(134)) - 5a152cad-2f68-44e1-8661-622a6e2403aa@group-B42E39A6701C->99afa1ab-f70e-454d-b97f-b50504ecadc2-AppendLogResponseHandler: Failed appendEntries: org.apache.ratis.thirdparty.io.grpc.StatusRuntimeException: UNAVAILABLE: io exception
2019-10-02 11:23:31,224 [grpc-default-executor-16] WARN  server.GrpcLogAppender (LogUtils.java:warn(134)) - 5a152cad-2f68-44e1-8661-622a6e2403aa@group-CFA5962B69F1->99afa1ab-f70e-454d-b97f-b50504ecadc2-AppendLogResponseHandler: Failed appendEntries: org.apache.ratis.thirdparty.io.grpc.StatusRuntimeException: UNAVAILABLE: io exception
2019-10-02 11:23:31,224 [grpc-default-executor-14] INFO  impl.FollowerInfo (FollowerInfo.java:lambda$new$0(51)) - 5a152cad-2f68-44e1-8661-622a6e2403aa@group-B42E39A6701C->99afa1ab-f70e-454d-b97f-b50504ecadc2: nextIndex: updateUnconditionally 0 -> 0
2019-10-02 11:23:31,224 [grpc-default-executor-1] INFO  impl.FollowerInfo (FollowerInfo.java:lambda$new$0(51)) - 5a152cad-2f68-44e1-8661-622a6e2403aa@group-33DDF701D157->99afa1ab-f70e-454d-b97f-b50504ecadc2: nextIndex: updateUnconditionally 0 -> 0
2019-10-02 11:23:31,225 [grpc-default-executor-16] INFO  impl.FollowerInfo (FollowerInfo.java:lambda$new$0(51)) - 5a152cad-2f68-44e1-8661-622a6e2403aa@group-CFA5962B69F1->99afa1ab-f70e-454d-b97f-b50504ecadc2: nextIndex: updateUnconditionally 0 -> 0
2019-10-02 11:23:31,266 [grpc-default-executor-6] WARN  server.GrpcLogAppender (LogUtils.java:warn(134)) - 5a152cad-2f68-44e1-8661-622a6e2403aa@group-33DDF701D157->255f5341-67af-48a5-9f0a-34079e58e4b3-AppendLogResponseHandler: Failed appendEntries: org.apache.ratis.thirdparty.io.grpc.StatusRuntimeException: UNAVAILABLE: io exception
2019-10-02 11:23:31,266 [grpc-default-executor-8] WARN  server.GrpcLogAppender (LogUtils.java:warn(134)) - 5a152cad-2f68-44e1-8661-622a6e2403aa@group-CFA5962B69F1->255f5341-67af-48a5-9f0a-34079e58e4b3-AppendLogResponseHandler: Failed appendEntries: org.apache.ratis.thirdparty.io.grpc.StatusRuntimeException: UNAVAILABLE: io exception
2019-10-02 11:23:31,266 [grpc-default-executor-6] INFO  impl.FollowerInfo (FollowerInfo.java:lambda$new$0(51)) - 5a152cad-2f68-44e1-8661-622a6e2403aa@group-33DDF701D157->255f5341-67af-48a5-9f0a-34079e58e4b3: nextIndex: updateUnconditionally 0 -> 0
2019-10-02 11:23:31,267 [grpc-default-executor-8] INFO  impl.FollowerInfo (FollowerInfo.java:lambda$new$0(51)) - 5a152cad-2f68-44e1-8661-622a6e2403aa@group-CFA5962B69F1->255f5341-67af-48a5-9f0a-34079e58e4b3: nextIndex: updateUnconditionally 0 -> 0
2019-10-02 11:23:31,268 [grpc-default-executor-14] WARN  server.GrpcLogAppender (LogUtils.java:warn(134)) - 5a152cad-2f68-44e1-8661-622a6e2403aa@group-B42E39A6701C->255f5341-67af-48a5-9f0a-34079e58e4b3-AppendLogResponseHandler: Failed appendEntries: org.apache.ratis.thirdparty.io.grpc.StatusRuntimeException: UNAVAILABLE: io exception
2019-10-02 11:23:31,268 [grpc-default-executor-14] INFO  impl.FollowerInfo (FollowerInfo.java:lambda$new$0(51)) - 5a152cad-2f68-44e1-8661-622a6e2403aa@group-B42E39A6701C->255f5341-67af-48a5-9f0a-34079e58e4b3: nextIndex: updateUnconditionally 0 -> 0
2019-10-02 11:23:31,478 [ForkJoinPool.commonPool-worker-1] INFO  handler.ContextHandler (ContextHandler.java:doStop(910)) - Stopped o.e.j.w.WebAppContext@43e9089{/,null,UNAVAILABLE}{/hddsDatanode}
2019-10-02 11:23:31,479 [ForkJoinPool.commonPool-worker-1] INFO  server.AbstractConnector (AbstractConnector.java:doStop(318)) - Stopped ServerConnector@3c5dbdf8{HTTP/1.1,[http/1.1]}{0.0.0.0:0}
2019-10-02 11:23:31,481 [ForkJoinPool.commonPool-worker-1] INFO  handler.ContextHandler (ContextHandler.java:doStop(910)) - Stopped o.e.j.s.ServletContextHandler@558756be{/static,jar:file:/home/user/.m2/repository/org/apache/hadoop/hadoop-hdds-container-service/0.5.0-SNAPSHOT/hadoop-hdds-container-service-0.5.0-SNAPSHOT.jar!/webapps/static,UNAVAILABLE}
2019-10-02 11:23:31,482 [ForkJoinPool.commonPool-worker-1] INFO  handler.ContextHandler (ContextHandler.java:doStop(910)) - Stopped o.e.j.s.ServletContextHandler@6069dd38{/logs,file:///workdir/hadoop-ozone/integration-test/target/log,UNAVAILABLE}
2019-10-02 11:23:31,723 [main] INFO  handler.ContextHandler (ContextHandler.java:doStop(910)) - Stopped o.e.j.w.WebAppContext@3c98781a{/,null,UNAVAILABLE}{/hddsDatanode}
2019-10-02 11:23:31,724 [grpc-default-executor-4] WARN  server.GrpcLogAppender (LogUtils.java:warn(134)) - 5a152cad-2f68-44e1-8661-622a6e2403aa@group-33DDF701D157->99afa1ab-f70e-454d-b97f-b50504ecadc2-AppendLogResponseHandler: Failed appendEntries: org.apache.ratis.thirdparty.io.grpc.StatusRuntimeException: UNAVAILABLE: io exception
2019-10-02 11:23:31,724 [grpc-default-executor-1] WARN  server.GrpcLogAppender (LogUtils.java:warn(134)) - 5a152cad-2f68-44e1-8661-622a6e2403aa@group-B42E39A6701C->99afa1ab-f70e-454d-b97f-b50504ecadc2-AppendLogResponseHandler: Failed appendEntries: org.apache.ratis.thirdparty.io.grpc.StatusRuntimeException: UNAVAILABLE: io exception
2019-10-02 11:23:31,730 [grpc-default-executor-4] INFO  impl.FollowerInfo (FollowerInfo.java:lambda$new$0(51)) - 5a152cad-2f68-44e1-8661-622a6e2403aa@group-33DDF701D157->99afa1ab-f70e-454d-b97f-b50504ecadc2: nextIndex: updateUnconditionally 0 -> 0
2019-10-02 11:23:31,724 [grpc-default-executor-14] WARN  server.GrpcLogAppender (LogUtils.java:warn(134)) - 5a152cad-2f68-44e1-8661-622a6e2403aa@group-CFA5962B69F1->99afa1ab-f70e-454d-b97f-b50504ecadc2-AppendLogResponseHandler: Failed appendEntries: org.apache.ratis.thirdparty.io.grpc.StatusRuntimeException: UNAVAILABLE: io exception
2019-10-02 11:23:31,730 [main] INFO  server.AbstractConnector (AbstractConnector.java:doStop(318)) - Stopped ServerConnector@3f736a16{HTTP/1.1,[http/1.1]}{0.0.0.0:0}
2019-10-02 11:23:31,730 [grpc-default-executor-1] INFO  impl.FollowerInfo (FollowerInfo.java:lambda$new$0(51)) - 5a152cad-2f68-44e1-8661-622a6e2403aa@group-B42E39A6701C->99afa1ab-f70e-454d-b97f-b50504ecadc2: nextIndex: updateUnconditionally 0 -> 0
2019-10-02 11:23:31,731 [main] INFO  handler.ContextHandler (ContextHandler.java:doStop(910)) - Stopped o.e.j.s.ServletContextHandler@435cc7f9{/static,jar:file:/home/user/.m2/repository/org/apache/hadoop/hadoop-hdds-container-service/0.5.0-SNAPSHOT/hadoop-hdds-container-service-0.5.0-SNAPSHOT.jar!/webapps/static,UNAVAILABLE}
2019-10-02 11:23:31,730 [grpc-default-executor-14] INFO  impl.FollowerInfo (FollowerInfo.java:lambda$new$0(51)) - 5a152cad-2f68-44e1-8661-622a6e2403aa@group-CFA5962B69F1->99afa1ab-f70e-454d-b97f-b50504ecadc2: nextIndex: updateUnconditionally 0 -> 0
2019-10-02 11:23:31,731 [main] INFO  handler.ContextHandler (ContextHandler.java:doStop(910)) - Stopped o.e.j.s.ServletContextHandler@136965e3{/logs,file:///workdir/hadoop-ozone/integration-test/target/log,UNAVAILABLE}
2019-10-02 11:23:31,767 [grpc-default-executor-8] WARN  server.GrpcLogAppender (LogUtils.java:warn(134)) - 5a152cad-2f68-44e1-8661-622a6e2403aa@group-33DDF701D157->255f5341-67af-48a5-9f0a-34079e58e4b3-AppendLogResponseHandler: Failed appendEntries: org.apache.ratis.thirdparty.io.grpc.StatusRuntimeException: UNAVAILABLE: io exception
2019-10-02 11:23:31,767 [grpc-default-executor-16] WARN  server.GrpcLogAppender (LogUtils.java:warn(134)) - 5a152cad-2f68-44e1-8661-622a6e2403aa@group-CFA5962B69F1->255f5341-67af-48a5-9f0a-34079e58e4b3-AppendLogResponseHandler: Failed appendEntries: org.apache.ratis.thirdparty.io.grpc.StatusRuntimeException: UNAVAILABLE: io exception
2019-10-02 11:23:31,767 [grpc-default-executor-8] INFO  impl.FollowerInfo (FollowerInfo.java:lambda$new$0(51)) - 5a152cad-2f68-44e1-8661-622a6e2403aa@group-33DDF701D157->255f5341-67af-48a5-9f0a-34079e58e4b3: nextIndex: updateUnconditionally 0 -> 0
2019-10-02 11:23:31,768 [grpc-default-executor-14] WARN  server.GrpcLogAppender (LogUtils.java:warn(134)) - 5a152cad-2f68-44e1-8661-622a6e2403aa@group-B42E39A6701C->255f5341-67af-48a5-9f0a-34079e58e4b3-AppendLogResponseHandler: Failed appendEntries: org.apache.ratis.thirdparty.io.grpc.StatusRuntimeException: UNAVAILABLE: Channel shutdown invoked
2019-10-02 11:23:31,768 [grpc-default-executor-16] INFO  impl.FollowerInfo (FollowerInfo.java:lambda$new$0(51)) - 5a152cad-2f68-44e1-8661-622a6e2403aa@group-CFA5962B69F1->255f5341-67af-48a5-9f0a-34079e58e4b3: nextIndex: updateUnconditionally 0 -> 0
2019-10-02 11:23:31,768 [grpc-default-executor-14] INFO  impl.FollowerInfo (FollowerInfo.java:lambda$new$0(51)) - 5a152cad-2f68-44e1-8661-622a6e2403aa@group-B42E39A6701C->255f5341-67af-48a5-9f0a-34079e58e4b3: nextIndex: updateUnconditionally 0 -> 0
2019-10-02 11:23:32,215 [Datanode State Machine Thread - 0] INFO  statemachine.DatanodeStateMachine (DatanodeStateMachine.java:lambda$startDaemon$0(350)) - Ozone container server started.
2019-10-02 11:23:32,225 [grpc-default-executor-14] WARN  server.GrpcLogAppender (LogUtils.java:warn(134)) - 5a152cad-2f68-44e1-8661-622a6e2403aa@group-B42E39A6701C->99afa1ab-f70e-454d-b97f-b50504ecadc2-AppendLogResponseHandler: Failed appendEntries: org.apache.ratis.thirdparty.io.grpc.StatusRuntimeException: UNAVAILABLE: io exception
2019-10-02 11:23:32,225 [grpc-default-executor-4] WARN  server.GrpcLogAppender (LogUtils.java:warn(134)) - 5a152cad-2f68-44e1-8661-622a6e2403aa@group-33DDF701D157->99afa1ab-f70e-454d-b97f-b50504ecadc2-AppendLogResponseHandler: Failed appendEntries: org.apache.ratis.thirdparty.io.grpc.StatusRuntimeException: UNAVAILABLE: io exception
2019-10-02 11:23:32,225 [grpc-default-executor-8] WARN  server.GrpcLogAppender (LogUtils.java:warn(134)) - 5a152cad-2f68-44e1-8661-622a6e2403aa@group-CFA5962B69F1->99afa1ab-f70e-454d-b97f-b50504ecadc2-AppendLogResponseHandler: Failed appendEntries: org.apache.ratis.thirdparty.io.grpc.StatusRuntimeException: UNAVAILABLE: io exception
2019-10-02 11:23:32,225 [grpc-default-executor-4] INFO  impl.FollowerInfo (FollowerInfo.java:lambda$new$0(51)) - 5a152cad-2f68-44e1-8661-622a6e2403aa@group-33DDF701D157->99afa1ab-f70e-454d-b97f-b50504ecadc2: nextIndex: updateUnconditionally 0 -> 0
2019-10-02 11:23:32,225 [grpc-default-executor-14] INFO  impl.FollowerInfo (FollowerInfo.java:lambda$new$0(51)) - 5a152cad-2f68-44e1-8661-622a6e2403aa@group-B42E39A6701C->99afa1ab-f70e-454d-b97f-b50504ecadc2: nextIndex: updateUnconditionally 0 -> 0
2019-10-02 11:23:32,225 [grpc-default-executor-8] INFO  impl.FollowerInfo (FollowerInfo.java:lambda$new$0(51)) - 5a152cad-2f68-44e1-8661-622a6e2403aa@group-CFA5962B69F1->99afa1ab-f70e-454d-b97f-b50504ecadc2: nextIndex: updateUnconditionally 0 -> 0
2019-10-02 11:23:32,268 [grpc-default-executor-4] WARN  server.GrpcLogAppender (LogUtils.java:warn(134)) - 5a152cad-2f68-44e1-8661-622a6e2403aa@group-CFA5962B69F1->255f5341-67af-48a5-9f0a-34079e58e4b3-AppendLogResponseHandler: Failed appendEntries: org.apache.ratis.thirdparty.io.grpc.StatusRuntimeException: UNAVAILABLE: io exception
2019-10-02 11:23:32,268 [grpc-default-executor-14] WARN  server.GrpcLogAppender (LogUtils.java:warn(134)) - 5a152cad-2f68-44e1-8661-622a6e2403aa@group-B42E39A6701C->255f5341-67af-48a5-9f0a-34079e58e4b3-AppendLogResponseHandler: Failed appendEntries: org.apache.ratis.thirdparty.io.grpc.StatusRuntimeException: UNAVAILABLE: io exception
2019-10-02 11:23:32,268 [grpc-default-executor-1] WARN  server.GrpcLogAppender (LogUtils.java:warn(134)) - 5a152cad-2f68-44e1-8661-622a6e2403aa@group-33DDF701D157->255f5341-67af-48a5-9f0a-34079e58e4b3-AppendLogResponseHandler: Failed appendEntries: org.apache.ratis.thirdparty.io.grpc.StatusRuntimeException: UNAVAILABLE: io exception
2019-10-02 11:23:32,268 [grpc-default-executor-14] INFO  impl.FollowerInfo (FollowerInfo.java:lambda$new$0(51)) - 5a152cad-2f68-44e1-8661-622a6e2403aa@group-B42E39A6701C->255f5341-67af-48a5-9f0a-34079e58e4b3: nextIndex: updateUnconditionally 0 -> 0
2019-10-02 11:23:32,268 [grpc-default-executor-4] INFO  impl.FollowerInfo (FollowerInfo.java:lambda$new$0(51)) - 5a152cad-2f68-44e1-8661-622a6e2403aa@group-CFA5962B69F1->255f5341-67af-48a5-9f0a-34079e58e4b3: nextIndex: updateUnconditionally 0 -> 0
2019-10-02 11:23:32,268 [grpc-default-executor-1] INFO  impl.FollowerInfo (FollowerInfo.java:lambda$new$0(51)) - 5a152cad-2f68-44e1-8661-622a6e2403aa@group-33DDF701D157->255f5341-67af-48a5-9f0a-34079e58e4b3: nextIndex: updateUnconditionally 0 -> 0
2019-10-02 11:23:32,726 [grpc-default-executor-8] WARN  server.GrpcLogAppender (LogUtils.java:warn(134)) - 5a152cad-2f68-44e1-8661-622a6e2403aa@group-33DDF701D157->99afa1ab-f70e-454d-b97f-b50504ecadc2-AppendLogResponseHandler: Failed appendEntries: org.apache.ratis.thirdparty.io.grpc.StatusRuntimeException: UNAVAILABLE: io exception
2019-10-02 11:23:32,726 [grpc-default-executor-16] WARN  server.GrpcLogAppender (LogUtils.java:warn(134)) - 5a152cad-2f68-44e1-8661-622a6e2403aa@group-B42E39A6701C->99afa1ab-f70e-454d-b97f-b50504ecadc2-AppendLogResponseHandler: Failed appendEntries: org.apache.ratis.thirdparty.io.grpc.StatusRuntimeException: UNAVAILABLE: io exception
2019-10-02 11:23:32,726 [grpc-default-executor-6] WARN  server.GrpcLogAppender (LogUtils.java:warn(134)) - 5a152cad-2f68-44e1-8661-622a6e2403aa@group-CFA5962B69F1->99afa1ab-f70e-454d-b97f-b50504ecadc2-AppendLogResponseHandler: Failed appendEntries: org.apache.ratis.thirdparty.io.grpc.StatusRuntimeException: UNAVAILABLE: io exception
2019-10-02 11:23:32,726 [grpc-default-executor-16] INFO  impl.FollowerInfo (FollowerInfo.java:lambda$new$0(51)) - 5a152cad-2f68-44e1-8661-622a6e2403aa@group-B42E39A6701C->99afa1ab-f70e-454d-b97f-b50504ecadc2: nextIndex: updateUnconditionally 0 -> 0
2019-10-02 11:23:32,726 [grpc-default-executor-8] INFO  impl.FollowerInfo (FollowerInfo.java:lambda$new$0(51)) - 5a152cad-2f68-44e1-8661-622a6e2403aa@group-33DDF701D157->99afa1ab-f70e-454d-b97f-b50504ecadc2: nextIndex: updateUnconditionally 0 -> 0
2019-10-02 11:23:32,726 [grpc-default-executor-6] INFO  impl.FollowerInfo (FollowerInfo.java:lambda$new$0(51)) - 5a152cad-2f68-44e1-8661-622a6e2403aa@group-CFA5962B69F1->99afa1ab-f70e-454d-b97f-b50504ecadc2: nextIndex: updateUnconditionally 0 -> 0
2019-10-02 11:23:32,768 [grpc-default-executor-6] WARN  server.GrpcLogAppender (LogUtils.java:warn(134)) - 5a152cad-2f68-44e1-8661-622a6e2403aa@group-33DDF701D157->255f5341-67af-48a5-9f0a-34079e58e4b3-AppendLogResponseHandler: Failed appendEntries: org.apache.ratis.thirdparty.io.grpc.StatusRuntimeException: UNAVAILABLE: io exception
2019-10-02 11:23:32,768 [grpc-default-executor-4] WARN  server.GrpcLogAppender (LogUtils.java:warn(134)) - 5a152cad-2f68-44e1-8661-622a6e2403aa@group-CFA5962B69F1->255f5341-67af-48a5-9f0a-34079e58e4b3-AppendLogResponseHandler: Failed appendEntries: org.apache.ratis.thirdparty.io.grpc.StatusRuntimeException: UNAVAILABLE: io exception
2019-10-02 11:23:32,768 [grpc-default-executor-16] WARN  server.GrpcLogAppender (LogUtils.java:warn(134)) - 5a152cad-2f68-44e1-8661-622a6e2403aa@group-B42E39A6701C->255f5341-67af-48a5-9f0a-34079e58e4b3-AppendLogResponseHandler: Failed appendEntries: org.apache.ratis.thirdparty.io.grpc.StatusRuntimeException: UNAVAILABLE: io exception
2019-10-02 11:23:32,768 [grpc-default-executor-6] INFO  impl.FollowerInfo (FollowerInfo.java:lambda$new$0(51)) - 5a152cad-2f68-44e1-8661-622a6e2403aa@group-33DDF701D157->255f5341-67af-48a5-9f0a-34079e58e4b3: nextIndex: updateUnconditionally 0 -> 0
2019-10-02 11:23:32,768 [grpc-default-executor-4] INFO  impl.FollowerInfo (FollowerInfo.java:lambda$new$0(51)) - 5a152cad-2f68-44e1-8661-622a6e2403aa@group-CFA5962B69F1->255f5341-67af-48a5-9f0a-34079e58e4b3: nextIndex: updateUnconditionally 0 -> 0
2019-10-02 11:23:32,768 [grpc-default-executor-16] INFO  impl.FollowerInfo (FollowerInfo.java:lambda$new$0(51)) - 5a152cad-2f68-44e1-8661-622a6e2403aa@group-B42E39A6701C->255f5341-67af-48a5-9f0a-34079e58e4b3: nextIndex: updateUnconditionally 0 -> 0
2019-10-02 11:23:33,226 [grpc-default-executor-1] WARN  server.GrpcLogAppender (LogUtils.java:warn(134)) - 5a152cad-2f68-44e1-8661-622a6e2403aa@group-CFA5962B69F1->99afa1ab-f70e-454d-b97f-b50504ecadc2-AppendLogResponseHandler: Failed appendEntries: org.apache.ratis.thirdparty.io.grpc.StatusRuntimeException: UNAVAILABLE: io exception
2019-10-02 11:23:33,226 [grpc-default-executor-14] WARN  server.GrpcLogAppender (LogUtils.java:warn(134)) - 5a152cad-2f68-44e1-8661-622a6e2403aa@group-B42E39A6701C->99afa1ab-f70e-454d-b97f-b50504ecadc2-AppendLogResponseHandler: Failed appendEntries: org.apache.ratis.thirdparty.io.grpc.StatusRuntimeException: UNAVAILABLE: io exception
2019-10-02 11:23:33,226 [grpc-default-executor-6] WARN  server.GrpcLogAppender (LogUtils.java:warn(134)) - 5a152cad-2f68-44e1-8661-622a6e2403aa@group-33DDF701D157->99afa1ab-f70e-454d-b97f-b50504ecadc2-AppendLogResponseHandler: Failed appendEntries: org.apache.ratis.thirdparty.io.grpc.StatusRuntimeException: UNAVAILABLE: io exception
2019-10-02 11:23:33,227 [grpc-default-executor-14] INFO  impl.FollowerInfo (FollowerInfo.java:lambda$new$0(51)) - 5a152cad-2f68-44e1-8661-622a6e2403aa@group-B42E39A6701C->99afa1ab-f70e-454d-b97f-b50504ecadc2: nextIndex: updateUnconditionally 0 -> 0
2019-10-02 11:23:33,227 [grpc-default-executor-1] INFO  impl.FollowerInfo (FollowerInfo.java:lambda$new$0(51)) - 5a152cad-2f68-44e1-8661-622a6e2403aa@group-CFA5962B69F1->99afa1ab-f70e-454d-b97f-b50504ecadc2: nextIndex: updateUnconditionally 0 -> 0
2019-10-02 11:23:33,227 [grpc-default-executor-6] INFO  impl.FollowerInfo (FollowerInfo.java:lambda$new$0(51)) - 5a152cad-2f68-44e1-8661-622a6e2403aa@group-33DDF701D157->99afa1ab-f70e-454d-b97f-b50504ecadc2: nextIndex: updateUnconditionally 0 -> 0
2019-10-02 11:23:33,268 [grpc-default-executor-6] WARN  server.GrpcLogAppender (LogUtils.java:warn(134)) - 5a152cad-2f68-44e1-8661-622a6e2403aa@group-B42E39A6701C->255f5341-67af-48a5-9f0a-34079e58e4b3-AppendLogResponseHandler: Failed appendEntries: org.apache.ratis.thirdparty.io.grpc.StatusRuntimeException: UNAVAILABLE: io exception
2019-10-02 11:23:33,268 [grpc-default-executor-16] WARN  server.GrpcLogAppender (LogUtils.java:warn(134)) - 5a152cad-2f68-44e1-8661-622a6e2403aa@group-CFA5962B69F1->255f5341-67af-48a5-9f0a-34079e58e4b3-AppendLogResponseHandler: Failed appendEntries: org.apache.ratis.thirdparty.io.grpc.StatusRuntimeException: UNAVAILABLE: io exception
2019-10-02 11:23:33,269 [grpc-default-executor-6] INFO  impl.FollowerInfo (FollowerInfo.java:lambda$new$0(51)) - 5a152cad-2f68-44e1-8661-622a6e2403aa@group-B42E39A6701C->255f5341-67af-48a5-9f0a-34079e58e4b3: nextIndex: updateUnconditionally 0 -> 0
2019-10-02 11:23:33,268 [grpc-default-executor-4] WARN  server.GrpcLogAppender (LogUtils.java:warn(134)) - 5a152cad-2f68-44e1-8661-622a6e2403aa@group-33DDF701D157->255f5341-67af-48a5-9f0a-34079e58e4b3-AppendLogResponseHandler: Failed appendEntries: org.apache.ratis.thirdparty.io.grpc.StatusRuntimeException: UNAVAILABLE: io exception
2019-10-02 11:23:33,269 [grpc-default-executor-16] INFO  impl.FollowerInfo (FollowerInfo.java:lambda$new$0(51)) - 5a152cad-2f68-44e1-8661-622a6e2403aa@group-CFA5962B69F1->255f5341-67af-48a5-9f0a-34079e58e4b3: nextIndex: updateUnconditionally 0 -> 0
2019-10-02 11:23:33,269 [grpc-default-executor-4] INFO  impl.FollowerInfo (FollowerInfo.java:lambda$new$0(51)) - 5a152cad-2f68-44e1-8661-622a6e2403aa@group-33DDF701D157->255f5341-67af-48a5-9f0a-34079e58e4b3: nextIndex: updateUnconditionally 0 -> 0
2019-10-02 11:23:33,729 [grpc-default-executor-4] WARN  server.GrpcLogAppender (LogUtils.java:warn(134)) - 5a152cad-2f68-44e1-8661-622a6e2403aa@group-CFA5962B69F1->99afa1ab-f70e-454d-b97f-b50504ecadc2-AppendLogResponseHandler: Failed appendEntries: org.apache.ratis.thirdparty.io.grpc.StatusRuntimeException: UNAVAILABLE: io exception
2019-10-02 11:23:33,729 [grpc-default-executor-14] WARN  server.GrpcLogAppender (LogUtils.java:warn(134)) - 5a152cad-2f68-44e1-8661-622a6e2403aa@group-33DDF701D157->99afa1ab-f70e-454d-b97f-b50504ecadc2-AppendLogResponseHandler: Failed appendEntries: org.apache.ratis.thirdparty.io.grpc.StatusRuntimeException: UNAVAILABLE: io exception
2019-10-02 11:23:33,729 [grpc-default-executor-1] WARN  server.GrpcLogAppender (LogUtils.java:warn(134)) - 5a152cad-2f68-44e1-8661-622a6e2403aa@group-B42E39A6701C->99afa1ab-f70e-454d-b97f-b50504ecadc2-AppendLogResponseHandler: Failed appendEntries: org.apache.ratis.thirdparty.io.grpc.StatusRuntimeException: UNAVAILABLE: io exception
2019-10-02 11:23:33,729 [grpc-default-executor-14] INFO  impl.FollowerInfo (FollowerInfo.java:lambda$new$0(51)) - 5a152cad-2f68-44e1-8661-622a6e2403aa@group-33DDF701D157->99afa1ab-f70e-454d-b97f-b50504ecadc2: nextIndex: updateUnconditionally 0 -> 0
2019-10-02 11:23:33,729 [grpc-default-executor-4] INFO  impl.FollowerInfo (FollowerInfo.java:lambda$new$0(51)) - 5a152cad-2f68-44e1-8661-622a6e2403aa@group-CFA5962B69F1->99afa1ab-f70e-454d-b97f-b50504ecadc2: nextIndex: updateUnconditionally 0 -> 0
2019-10-02 11:23:33,730 [grpc-default-executor-1] INFO  impl.FollowerInfo (FollowerInfo.java:lambda$new$0(51)) - 5a152cad-2f68-44e1-8661-622a6e2403aa@group-B42E39A6701C->99afa1ab-f70e-454d-b97f-b50504ecadc2: nextIndex: updateUnconditionally 0 -> 0
2019-10-02 11:23:33,769 [grpc-default-executor-1] WARN  server.GrpcLogAppender (LogUtils.java:warn(134)) - 5a152cad-2f68-44e1-8661-622a6e2403aa@group-CFA5962B69F1->255f5341-67af-48a5-9f0a-34079e58e4b3-AppendLogResponseHandler: Failed appendEntries: org.apache.ratis.thirdparty.io.grpc.StatusRuntimeException: UNAVAILABLE: io exception
2019-10-02 11:23:33,769 [grpc-default-executor-8] WARN  server.GrpcLogAppender (LogUtils.java:warn(134)) - 5a152cad-2f68-44e1-8661-622a6e2403aa@group-33DDF701D157->255f5341-67af-48a5-9f0a-34079e58e4b3-AppendLogResponseHandler: Failed appendEntries: org.apache.ratis.thirdparty.io.grpc.StatusRuntimeException: UNAVAILABLE: io exception
2019-10-02 11:23:33,769 [grpc-default-executor-4] WARN  server.GrpcLogAppender (LogUtils.java:warn(134)) - 5a152cad-2f68-44e1-8661-622a6e2403aa@group-B42E39A6701C->255f5341-67af-48a5-9f0a-34079e58e4b3-AppendLogResponseHandler: Failed appendEntries: org.apache.ratis.thirdparty.io.grpc.StatusRuntimeException: UNAVAILABLE: io exception
2019-10-02 11:23:33,770 [grpc-default-executor-8] INFO  impl.FollowerInfo (FollowerInfo.java:lambda$new$0(51)) - 5a152cad-2f68-44e1-8661-622a6e2403aa@group-33DDF701D157->255f5341-67af-48a5-9f0a-34079e58e4b3: nextIndex: updateUnconditionally 0 -> 0
2019-10-02 11:23:33,769 [grpc-default-executor-1] INFO  impl.FollowerInfo (FollowerInfo.java:lambda$new$0(51)) - 5a152cad-2f68-44e1-8661-622a6e2403aa@group-CFA5962B69F1->255f5341-67af-48a5-9f0a-34079e58e4b3: nextIndex: updateUnconditionally 0 -> 0
2019-10-02 11:23:33,770 [grpc-default-executor-4] INFO  impl.FollowerInfo (FollowerInfo.java:lambda$new$0(51)) - 5a152cad-2f68-44e1-8661-622a6e2403aa@group-B42E39A6701C->255f5341-67af-48a5-9f0a-34079e58e4b3: nextIndex: updateUnconditionally 0 -> 0
2019-10-02 11:23:34,232 [grpc-default-executor-4] WARN  server.GrpcLogAppender (LogUtils.java:warn(134)) - 5a152cad-2f68-44e1-8661-622a6e2403aa@group-33DDF701D157->99afa1ab-f70e-454d-b97f-b50504ecadc2-AppendLogResponseHandler: Failed appendEntries: org.apache.ratis.thirdparty.io.grpc.StatusRuntimeException: UNAVAILABLE: io exception
2019-10-02 11:23:34,232 [grpc-default-executor-14] WARN  server.GrpcLogAppender (LogUtils.java:warn(134)) - 5a152cad-2f68-44e1-8661-622a6e2403aa@group-CFA5962B69F1->99afa1ab-f70e-454d-b97f-b50504ecadc2-AppendLogResponseHandler: Failed appendEntries: org.apache.ratis.thirdparty.io.grpc.StatusRuntimeException: UNAVAILABLE: io exception
2019-10-02 11:23:34,233 [grpc-default-executor-4] INFO  impl.FollowerInfo (FollowerInfo.java:lambda$new$0(51)) - 5a152cad-2f68-44e1-8661-622a6e2403aa@group-33DDF701D157->99afa1ab-f70e-454d-b97f-b50504ecadc2: nextIndex: updateUnconditionally 0 -> 0
2019-10-02 11:23:34,232 [grpc-default-executor-6] WARN  server.GrpcLogAppender (LogUtils.java:warn(134)) - 5a152cad-2f68-44e1-8661-622a6e2403aa@group-B42E39A6701C->99afa1ab-f70e-454d-b97f-b50504ecadc2-AppendLogResponseHandler: Failed appendEntries: org.apache.ratis.thirdparty.io.grpc.StatusRuntimeException: UNAVAILABLE: io exception
2019-10-02 11:23:34,234 [grpc-default-executor-6] INFO  impl.FollowerInfo (FollowerInfo.java:lambda$new$0(51)) - 5a152cad-2f68-44e1-8661-622a6e2403aa@group-B42E39A6701C->99afa1ab-f70e-454d-b97f-b50504ecadc2: nextIndex: updateUnconditionally 0 -> 0
2019-10-02 11:23:34,233 [grpc-default-executor-14] INFO  impl.FollowerInfo (FollowerInfo.java:lambda$new$0(51)) - 5a152cad-2f68-44e1-8661-622a6e2403aa@group-CFA5962B69F1->99afa1ab-f70e-454d-b97f-b50504ecadc2: nextIndex: updateUnconditionally 0 -> 0
2019-10-02 11:23:34,269 [grpc-default-executor-6] WARN  server.GrpcLogAppender (LogUtils.java:warn(134)) - 5a152cad-2f68-44e1-8661-622a6e2403aa@group-33DDF701D157->255f5341-67af-48a5-9f0a-34079e58e4b3-AppendLogResponseHandler: Failed appendEntries: org.apache.ratis.thirdparty.io.grpc.StatusRuntimeException: UNAVAILABLE: io exception
2019-10-02 11:23:34,269 [grpc-default-executor-16] WARN  server.GrpcLogAppender (LogUtils.java:warn(134)) - 5a152cad-2f68-44e1-8661-622a6e2403aa@group-B42E39A6701C->255f5341-67af-48a5-9f0a-34079e58e4b3-AppendLogResponseHandler: Failed appendEntries: org.apache.ratis.thirdparty.io.grpc.StatusRuntimeException: UNAVAILABLE: io exception
2019-10-02 11:23:34,270 [grpc-default-executor-16] INFO  impl.FollowerInfo (FollowerInfo.java:lambda$new$0(51)) - 5a152cad-2f68-44e1-8661-622a6e2403aa@group-B42E39A6701C->255f5341-67af-48a5-9f0a-34079e58e4b3: nextIndex: updateUnconditionally 0 -> 0
2019-10-02 11:23:34,269 [grpc-default-executor-1] WARN  server.GrpcLogAppender (LogUtils.java:warn(134)) - 5a152cad-2f68-44e1-8661-622a6e2403aa@group-CFA5962B69F1->255f5341-67af-48a5-9f0a-34079e58e4b3-AppendLogResponseHandler: Failed appendEntries: org.apache.ratis.thirdparty.io.grpc.StatusRuntimeException: UNAVAILABLE: io exception
2019-10-02 11:23:34,270 [grpc-default-executor-1] INFO  impl.FollowerInfo (FollowerInfo.java:lambda$new$0(51)) - 5a152cad-2f68-44e1-8661-622a6e2403aa@group-CFA5962B69F1->255f5341-67af-48a5-9f0a-34079e58e4b3: nextIndex: updateUnconditionally 0 -> 0
2019-10-02 11:23:34,270 [grpc-default-executor-6] INFO  impl.FollowerInfo (FollowerInfo.java:lambda$new$0(51)) - 5a152cad-2f68-44e1-8661-622a6e2403aa@group-33DDF701D157->255f5341-67af-48a5-9f0a-34079e58e4b3: nextIndex: updateUnconditionally 0 -> 0
2019-10-02 11:23:34,730 [grpc-default-executor-14] WARN  server.GrpcLogAppender (LogUtils.java:warn(134)) - 5a152cad-2f68-44e1-8661-622a6e2403aa@group-33DDF701D157->99afa1ab-f70e-454d-b97f-b50504ecadc2-AppendLogResponseHandler: Failed appendEntries: org.apache.ratis.thirdparty.io.grpc.StatusRuntimeException: UNAVAILABLE: io exception
2019-10-02 11:23:34,730 [grpc-default-executor-4] WARN  server.GrpcLogAppender (LogUtils.java:warn(134)) - 5a152cad-2f68-44e1-8661-622a6e2403aa@group-CFA5962B69F1->99afa1ab-f70e-454d-b97f-b50504ecadc2-AppendLogResponseHandler: Failed appendEntries: org.apache.ratis.thirdparty.io.grpc.StatusRuntimeException: UNAVAILABLE: io exception
2019-10-02 11:23:34,730 [grpc-default-executor-1] WARN  server.GrpcLogAppender (LogUtils.java:warn(134)) - 5a152cad-2f68-44e1-8661-622a6e2403aa@group-B42E39A6701C->99afa1ab-f70e-454d-b97f-b50504ecadc2-AppendLogResponseHandler: Failed appendEntries: org.apache.ratis.thirdparty.io.grpc.StatusRuntimeException: UNAVAILABLE: io exception
2019-10-02 11:23:34,731 [grpc-default-executor-4] INFO  impl.FollowerInfo (FollowerInfo.java:lambda$new$0(51)) - 5a152cad-2f68-44e1-8661-622a6e2403aa@group-CFA5962B69F1->99afa1ab-f70e-454d-b97f-b50504ecadc2: nextIndex: updateUnconditionally 0 -> 0
2019-10-02 11:23:34,731 [grpc-default-executor-14] INFO  impl.FollowerInfo (FollowerInfo.java:lambda$new$0(51)) - 5a152cad-2f68-44e1-8661-622a6e2403aa@group-33DDF701D157->99afa1ab-f70e-454d-b97f-b50504ecadc2: nextIndex: updateUnconditionally 0 -> 0
2019-10-02 11:23:34,731 [grpc-default-executor-1] INFO  impl.FollowerInfo (FollowerInfo.java:lambda$new$0(51)) - 5a152cad-2f68-44e1-8661-622a6e2403aa@group-B42E39A6701C->99afa1ab-f70e-454d-b97f-b50504ecadc2: nextIndex: updateUnconditionally 0 -> 0
2019-10-02 11:23:34,770 [grpc-default-executor-6] WARN  server.GrpcLogAppender (LogUtils.java:warn(134)) - 5a152cad-2f68-44e1-8661-622a6e2403aa@group-CFA5962B69F1->255f5341-67af-48a5-9f0a-34079e58e4b3-AppendLogResponseHandler: Failed appendEntries: org.apache.ratis.thirdparty.io.grpc.StatusRuntimeException: UNAVAILABLE: io exception
2019-10-02 11:23:34,770 [grpc-default-executor-16] WARN  server.GrpcLogAppender (LogUtils.java:warn(134)) - 5a152cad-2f68-44e1-8661-622a6e2403aa@group-33DDF701D157->255f5341-67af-48a5-9f0a-34079e58e4b3-AppendLogResponseHandler: Failed appendEntries: org.apache.ratis.thirdparty.io.grpc.StatusRuntimeException: UNAVAILABLE: io exception
2019-10-02 11:23:34,770 [grpc-default-executor-16] INFO  impl.FollowerInfo (FollowerInfo.java:lambda$new$0(51)) - 5a152cad-2f68-44e1-8661-622a6e2403aa@group-33DDF701D157->255f5341-67af-48a5-9f0a-34079e58e4b3: nextIndex: updateUnconditionally 0 -> 0
2019-10-02 11:23:34,770 [grpc-default-executor-8] WARN  server.GrpcLogAppender (LogUtils.java:warn(134)) - 5a152cad-2f68-44e1-8661-622a6e2403aa@group-B42E39A6701C->255f5341-67af-48a5-9f0a-34079e58e4b3-AppendLogResponseHandler: Failed appendEntries: org.apache.ratis.thirdparty.io.grpc.StatusRuntimeException: UNAVAILABLE: io exception
2019-10-02 11:23:34,770 [grpc-default-executor-6] INFO  impl.FollowerInfo (FollowerInfo.java:lambda$new$0(51)) - 5a152cad-2f68-44e1-8661-622a6e2403aa@group-CFA5962B69F1->255f5341-67af-48a5-9f0a-34079e58e4b3: nextIndex: updateUnconditionally 0 -> 0
2019-10-02 11:23:34,771 [grpc-default-executor-8] INFO  impl.FollowerInfo (FollowerInfo.java:lambda$new$0(51)) - 5a152cad-2f68-44e1-8661-622a6e2403aa@group-B42E39A6701C->255f5341-67af-48a5-9f0a-34079e58e4b3: nextIndex: updateUnconditionally 0 -> 0
2019-10-02 11:23:35,232 [grpc-default-executor-0] WARN  server.GrpcLogAppender (LogUtils.java:warn(134)) - 5a152cad-2f68-44e1-8661-622a6e2403aa@group-CFA5962B69F1->99afa1ab-f70e-454d-b97f-b50504ecadc2-AppendLogResponseHandler: Failed appendEntries: org.apache.ratis.thirdparty.io.grpc.StatusRuntimeException: UNAVAILABLE: io exception
2019-10-02 11:23:35,232 [grpc-default-executor-1] WARN  server.GrpcLogAppender (LogUtils.java:warn(134)) - 5a152cad-2f68-44e1-8661-622a6e2403aa@group-33DDF701D157->99afa1ab-f70e-454d-b97f-b50504ecadc2-AppendLogResponseHandler: Failed appendEntries: org.apache.ratis.thirdparty.io.grpc.StatusRuntimeException: UNAVAILABLE: io exception
2019-10-02 11:23:35,232 [grpc-default-executor-14] WARN  server.GrpcLogAppender (LogUtils.java:warn(134)) - 5a152cad-2f68-44e1-8661-622a6e2403aa@group-B42E39A6701C->99afa1ab-f70e-454d-b97f-b50504ecadc2-AppendLogResponseHandler: Failed appendEntries: org.apache.ratis.thirdparty.io.grpc.StatusRuntimeException: UNAVAILABLE: io exception
2019-10-02 11:23:35,232 [grpc-default-executor-1] INFO  impl.FollowerInfo (FollowerInfo.java:lambda$new$0(51)) - 5a152cad-2f68-44e1-8661-622a6e2403aa@group-33DDF701D157->99afa1ab-f70e-454d-b97f-b50504ecadc2: nextIndex: updateUnconditionally 0 -> 0
2019-10-02 11:23:35,232 [grpc-default-executor-0] INFO  impl.FollowerInfo (FollowerInfo.java:lambda$new$0(51)) - 5a152cad-2f68-44e1-8661-622a6e2403aa@group-CFA5962B69F1->99afa1ab-f70e-454d-b97f-b50504ecadc2: nextIndex: updateUnconditionally 0 -> 0
2019-10-02 11:23:35,233 [grpc-default-executor-14] INFO  impl.FollowerInfo (FollowerInfo.java:lambda$new$0(51)) - 5a152cad-2f68-44e1-8661-622a6e2403aa@group-B42E39A6701C->99afa1ab-f70e-454d-b97f-b50504ecadc2: nextIndex: updateUnconditionally 0 -> 0
2019-10-02 11:23:35,270 [grpc-default-executor-4] WARN  server.GrpcLogAppender (LogUtils.java:warn(134)) - 5a152cad-2f68-44e1-8661-622a6e2403aa@group-CFA5962B69F1->255f5341-67af-48a5-9f0a-34079e58e4b3-AppendLogResponseHandler: Failed appendEntries: org.apache.ratis.thirdparty.io.grpc.StatusRuntimeException: UNAVAILABLE: io exception
2019-10-02 11:23:35,270 [grpc-default-executor-16] WARN  server.GrpcLogAppender (LogUtils.java:warn(134)) - 5a152cad-2f68-44e1-8661-622a6e2403aa@group-33DDF701D157->255f5341-67af-48a5-9f0a-34079e58e4b3-AppendLogResponseHandler: Failed appendEntries: org.apache.ratis.thirdparty.io.grpc.StatusRuntimeException: UNAVAILABLE: io exception
2019-10-02 11:23:35,270 [grpc-default-executor-6] WARN  server.GrpcLogAppender (LogUtils.java:warn(134)) - 5a152cad-2f68-44e1-8661-622a6e2403aa@group-B42E39A6701C->255f5341-67af-48a5-9f0a-34079e58e4b3-AppendLogResponseHandler: Failed appendEntries: org.apache.ratis.thirdparty.io.grpc.StatusRuntimeException: UNAVAILABLE: io exception
2019-10-02 11:23:35,271 [grpc-default-executor-16] INFO  impl.FollowerInfo (FollowerInfo.java:lambda$new$0(51)) - 5a152cad-2f68-44e1-8661-622a6e2403aa@group-33DDF701D157->255f5341-67af-48a5-9f0a-34079e58e4b3: nextIndex: updateUnconditionally 0 -> 0
2019-10-02 11:23:35,271 [grpc-default-executor-4] INFO  impl.FollowerInfo (FollowerInfo.java:lambda$new$0(51)) - 5a152cad-2f68-44e1-8661-622a6e2403aa@group-CFA5962B69F1->255f5341-67af-48a5-9f0a-34079e58e4b3: nextIndex: updateUnconditionally 0 -> 0
2019-10-02 11:23:35,271 [grpc-default-executor-6] INFO  impl.FollowerInfo (FollowerInfo.java:lambda$new$0(51)) - 5a152cad-2f68-44e1-8661-622a6e2403aa@group-B42E39A6701C->255f5341-67af-48a5-9f0a-34079e58e4b3: nextIndex: updateUnconditionally 0 -> 0
2019-10-02 11:23:35,732 [grpc-default-executor-0] WARN  server.GrpcLogAppender (LogUtils.java:warn(134)) - 5a152cad-2f68-44e1-8661-622a6e2403aa@group-CFA5962B69F1->99afa1ab-f70e-454d-b97f-b50504ecadc2-AppendLogResponseHandler: Failed appendEntries: org.apache.ratis.thirdparty.io.grpc.StatusRuntimeException: UNAVAILABLE: io exception
2019-10-02 11:23:35,732 [grpc-default-executor-8] WARN  server.GrpcLogAppender (LogUtils.java:warn(134)) - 5a152cad-2f68-44e1-8661-622a6e2403aa@group-33DDF701D157->99afa1ab-f70e-454d-b97f-b50504ecadc2-AppendLogResponseHandler: Failed appendEntries: org.apache.ratis.thirdparty.io.grpc.StatusRuntimeException: UNAVAILABLE: io exception
2019-10-02 11:23:35,732 [grpc-default-executor-14] WARN  server.GrpcLogAppender (LogUtils.java:warn(134)) - 5a152cad-2f68-44e1-8661-622a6e2403aa@group-B42E39A6701C->99afa1ab-f70e-454d-b97f-b50504ecadc2-AppendLogResponseHandler: Failed appendEntries: org.apache.ratis.thirdparty.io.grpc.StatusRuntimeException: UNAVAILABLE: io exception
2019-10-02 11:23:35,732 [grpc-default-executor-8] INFO  impl.FollowerInfo (FollowerInfo.java:lambda$new$0(51)) - 5a152cad-2f68-44e1-8661-622a6e2403aa@group-33DDF701D157->99afa1ab-f70e-454d-b97f-b50504ecadc2: nextIndex: updateUnconditionally 0 -> 0
2019-10-02 11:23:35,732 [grpc-default-executor-0] INFO  impl.FollowerInfo (FollowerInfo.java:lambda$new$0(51)) - 5a152cad-2f68-44e1-8661-622a6e2403aa@group-CFA5962B69F1->99afa1ab-f70e-454d-b97f-b50504ecadc2: nextIndex: updateUnconditionally 0 -> 0
2019-10-02 11:23:35,733 [grpc-default-executor-14] INFO  impl.FollowerInfo (FollowerInfo.java:lambda$new$0(51)) - 5a152cad-2f68-44e1-8661-622a6e2403aa@group-B42E39A6701C->99afa1ab-f70e-454d-b97f-b50504ecadc2: nextIndex: updateUnconditionally 0 -> 0
2019-10-02 11:23:35,771 [grpc-default-executor-0] WARN  server.GrpcLogAppender (LogUtils.java:warn(134)) - 5a152cad-2f68-44e1-8661-622a6e2403aa@group-B42E39A6701C->255f5341-67af-48a5-9f0a-34079e58e4b3-AppendLogResponseHandler: Failed appendEntries: org.apache.ratis.thirdparty.io.grpc.StatusRuntimeException: UNAVAILABLE: io exception
2019-10-02 11:23:35,771 [grpc-default-executor-16] WARN  server.GrpcLogAppender (LogUtils.java:warn(134)) - 5a152cad-2f68-44e1-8661-622a6e2403aa@group-33DDF701D157->255f5341-67af-48a5-9f0a-34079e58e4b3-AppendLogResponseHandler: Failed appendEntries: org.apache.ratis.thirdparty.io.grpc.StatusRuntimeException: UNAVAILABLE: io exception
2019-10-02 11:23:35,771 [grpc-default-executor-6] WARN  server.GrpcLogAppender (LogUtils.java:warn(134)) - 5a152cad-2f68-44e1-8661-622a6e2403aa@group-CFA5962B69F1->255f5341-67af-48a5-9f0a-34079e58e4b3-AppendLogResponseHandler: Failed appendEntries: org.apache.ratis.thirdparty.io.grpc.StatusRuntimeException: UNAVAILABLE: io exception
2019-10-02 11:23:35,771 [grpc-default-executor-16] INFO  impl.FollowerInfo (FollowerInfo.java:lambda$new$0(51)) - 5a152cad-2f68-44e1-8661-622a6e2403aa@group-33DDF701D157->255f5341-67af-48a5-9f0a-34079e58e4b3: nextIndex: updateUnconditionally 0 -> 0
2019-10-02 11:23:35,771 [grpc-default-executor-0] INFO  impl.FollowerInfo (FollowerInfo.java:lambda$new$0(51)) - 5a152cad-2f68-44e1-8661-622a6e2403aa@group-B42E39A6701C->255f5341-67af-48a5-9f0a-34079e58e4b3: nextIndex: updateUnconditionally 0 -> 0
2019-10-02 11:23:35,771 [grpc-default-executor-6] INFO  impl.FollowerInfo (FollowerInfo.java:lambda$new$0(51)) - 5a152cad-2f68-44e1-8661-622a6e2403aa@group-CFA5962B69F1->255f5341-67af-48a5-9f0a-34079e58e4b3: nextIndex: updateUnconditionally 0 -> 0
2019-10-02 11:23:36,232 [grpc-default-executor-14] WARN  server.GrpcLogAppender (LogUtils.java:warn(134)) - 5a152cad-2f68-44e1-8661-622a6e2403aa@group-33DDF701D157->99afa1ab-f70e-454d-b97f-b50504ecadc2-AppendLogResponseHandler: Failed appendEntries: org.apache.ratis.thirdparty.io.grpc.StatusRuntimeException: UNAVAILABLE: io exception
2019-10-02 11:23:36,232 [grpc-default-executor-4] WARN  server.GrpcLogAppender (LogUtils.java:warn(134)) - 5a152cad-2f68-44e1-8661-622a6e2403aa@group-CFA5962B69F1->99afa1ab-f70e-454d-b97f-b50504ecadc2-AppendLogResponseHandler: Failed appendEntries: org.apache.ratis.thirdparty.io.grpc.StatusRuntimeException: UNAVAILABLE: io exception
2019-10-02 11:23:36,232 [grpc-default-executor-1] WARN  server.GrpcLogAppender (LogUtils.java:warn(134)) - 5a152cad-2f68-44e1-8661-622a6e2403aa@group-B42E39A6701C->99afa1ab-f70e-454d-b97f-b50504ecadc2-AppendLogResponseHandler: Failed appendEntries: org.apache.ratis.thirdparty.io.grpc.StatusRuntimeException: UNAVAILABLE: io exception
2019-10-02 11:23:36,233 [grpc-default-executor-4] INFO  impl.FollowerInfo (FollowerInfo.java:lambda$new$0(51)) - 5a152cad-2f68-44e1-8661-622a6e2403aa@group-CFA5962B69F1->99afa1ab-f70e-454d-b97f-b50504ecadc2: nextIndex: updateUnconditionally 0 -> 0
2019-10-02 11:23:36,233 [grpc-default-executor-14] INFO  impl.FollowerInfo (FollowerInfo.java:lambda$new$0(51)) - 5a152cad-2f68-44e1-8661-622a6e2403aa@group-33DDF701D157->99afa1ab-f70e-454d-b97f-b50504ecadc2: nextIndex: updateUnconditionally 0 -> 0
2019-10-02 11:23:36,233 [grpc-default-executor-1] INFO  impl.FollowerInfo (FollowerInfo.java:lambda$new$0(51)) - 5a152cad-2f68-44e1-8661-622a6e2403aa@group-B42E39A6701C->99afa1ab-f70e-454d-b97f-b50504ecadc2: nextIndex: updateUnconditionally 0 -> 0
2019-10-02 11:23:36,271 [grpc-default-executor-8] WARN  server.GrpcLogAppender (LogUtils.java:warn(134)) - 5a152cad-2f68-44e1-8661-622a6e2403aa@group-B42E39A6701C->255f5341-67af-48a5-9f0a-34079e58e4b3-AppendLogResponseHandler: Failed appendEntries: org.apache.ratis.thirdparty.io.grpc.StatusRuntimeException: UNAVAILABLE: io exception
2019-10-02 11:23:36,271 [grpc-default-executor-8] INFO  impl.FollowerInfo (FollowerInfo.java:lambda$new$0(51)) - 5a152cad-2f68-44e1-8661-622a6e2403aa@group-B42E39A6701C->255f5341-67af-48a5-9f0a-34079e58e4b3: nextIndex: updateUnconditionally 0 -> 0
2019-10-02 11:23:36,271 [grpc-default-executor-16] WARN  server.GrpcLogAppender (LogUtils.java:warn(134)) - 5a152cad-2f68-44e1-8661-622a6e2403aa@group-33DDF701D157->255f5341-67af-48a5-9f0a-34079e58e4b3-AppendLogResponseHandler: Failed appendEntries: org.apache.ratis.thirdparty.io.grpc.StatusRuntimeException: UNAVAILABLE: io exception
2019-10-02 11:23:36,271 [grpc-default-executor-14] WARN  server.GrpcLogAppender (LogUtils.java:warn(134)) - 5a152cad-2f68-44e1-8661-622a6e2403aa@group-CFA5962B69F1->255f5341-67af-48a5-9f0a-34079e58e4b3-AppendLogResponseHandler: Failed appendEntries: org.apache.ratis.thirdparty.io.grpc.StatusRuntimeException: UNAVAILABLE: io exception
2019-10-02 11:23:36,272 [grpc-default-executor-16] INFO  impl.FollowerInfo (FollowerInfo.java:lambda$new$0(51)) - 5a152cad-2f68-44e1-8661-622a6e2403aa@group-33DDF701D157->255f5341-67af-48a5-9f0a-34079e58e4b3: nextIndex: updateUnconditionally 0 -> 0
2019-10-02 11:23:36,272 [grpc-default-executor-14] INFO  impl.FollowerInfo (FollowerInfo.java:lambda$new$0(51)) - 5a152cad-2f68-44e1-8661-622a6e2403aa@group-CFA5962B69F1->255f5341-67af-48a5-9f0a-34079e58e4b3: nextIndex: updateUnconditionally 0 -> 0
2019-10-02 11:23:36,726 [ForkJoinPool.commonPool-worker-1] INFO  ozoneimpl.OzoneContainer (OzoneContainer.java:stop(231)) - Attempting to stop container services.
2019-10-02 11:23:36,727 [ForkJoinPool.commonPool-worker-1] INFO  impl.RaftServerProxy (RaftServerProxy.java:lambda$close$4(314)) - 5a152cad-2f68-44e1-8661-622a6e2403aa: close
2019-10-02 11:23:36,727 [ForkJoinPool.commonPool-worker-1] INFO  impl.RaftServerImpl (RaftServerImpl.java:lambda$shutdown$3(247)) - 5a152cad-2f68-44e1-8661-622a6e2403aa@group-CFA5962B69F1: shutdown
2019-10-02 11:23:36,728 [ForkJoinPool.commonPool-worker-1] INFO  util.JmxRegister (JmxRegister.java:unregister(73)) - Successfully un-registered JMX Bean with object name Ratis:service=RaftServer,group=group-CFA5962B69F1,id=5a152cad-2f68-44e1-8661-622a6e2403aa
2019-10-02 11:23:36,728 [ForkJoinPool.commonPool-worker-1] INFO  impl.RoleInfo (RoleInfo.java:shutdownLeaderState(104)) - 5a152cad-2f68-44e1-8661-622a6e2403aa: shutdown LeaderState
2019-10-02 11:23:36,733 [ForkJoinPool.commonPool-worker-1] INFO  impl.PendingRequests (PendingRequests.java:sendNotLeaderResponses(202)) - 5a152cad-2f68-44e1-8661-622a6e2403aa@group-CFA5962B69F1-PendingRequests: sendNotLeaderResponses
2019-10-02 11:23:36,734 [org.apache.ratis.server.impl.LogAppender$AppenderDaemon$$Lambda$697/298400853@107cec1a] WARN  server.GrpcLogAppender (GrpcLogAppender.java:mayWait(143)) - 5a152cad-2f68-44e1-8661-622a6e2403aa@group-CFA5962B69F1->255f5341-67af-48a5-9f0a-34079e58e4b3-GrpcLogAppender: Wait interrupted by java.lang.InterruptedException
2019-10-02 11:23:36,734 [ForkJoinPool.commonPool-worker-1] INFO  impl.StateMachineUpdater (StateMachineUpdater.java:stopAndJoin(136)) - 5a152cad-2f68-44e1-8661-622a6e2403aa@group-CFA5962B69F1-StateMachineUpdater: set stopIndex = 0
2019-10-02 11:23:36,735 [ForkJoinPool.commonPool-worker-1] INFO  impl.RaftServerImpl (ServerState.java:close(387)) - 5a152cad-2f68-44e1-8661-622a6e2403aa@group-CFA5962B69F1: closes. applyIndex: 0
2019-10-02 11:23:36,736 [5a152cad-2f68-44e1-8661-622a6e2403aa@group-CFA5962B69F1-SegmentedRaftLogWorker] INFO  segmented.SegmentedRaftLogWorker (SegmentedRaftLogWorker.java:run(316)) - 5a152cad-2f68-44e1-8661-622a6e2403aa@group-CFA5962B69F1-SegmentedRaftLogWorker was interrupted, exiting. There are 0 tasks remaining in the queue.
2019-10-02 11:23:36,737 [ForkJoinPool.commonPool-worker-1] INFO  segmented.SegmentedRaftLogWorker (SegmentedRaftLogWorker.java:close(224)) - 5a152cad-2f68-44e1-8661-622a6e2403aa@group-CFA5962B69F1-SegmentedRaftLogWorker close()
2019-10-02 11:23:36,739 [ForkJoinPool.commonPool-worker-1] INFO  impl.RaftServerImpl (RaftServerImpl.java:lambda$shutdown$3(247)) - 5a152cad-2f68-44e1-8661-622a6e2403aa@group-B42E39A6701C: shutdown
2019-10-02 11:23:36,739 [grpc-default-executor-4] WARN  server.GrpcLogAppender (LogUtils.java:warn(134)) - 5a152cad-2f68-44e1-8661-622a6e2403aa@group-33DDF701D157->99afa1ab-f70e-454d-b97f-b50504ecadc2-AppendLogResponseHandler: Failed appendEntries: org.apache.ratis.thirdparty.io.grpc.StatusRuntimeException: UNAVAILABLE: io exception
2019-10-02 11:23:36,739 [ForkJoinPool.commonPool-worker-1] INFO  util.JmxRegister (JmxRegister.java:unregister(73)) - Successfully un-registered JMX Bean with object name Ratis:service=RaftServer,group=group-B42E39A6701C,id=5a152cad-2f68-44e1-8661-622a6e2403aa
2019-10-02 11:23:36,739 [grpc-default-executor-14] WARN  server.GrpcLogAppender (LogUtils.java:warn(134)) - 5a152cad-2f68-44e1-8661-622a6e2403aa@group-B42E39A6701C->99afa1ab-f70e-454d-b97f-b50504ecadc2-AppendLogResponseHandler: Failed appendEntries: org.apache.ratis.thirdparty.io.grpc.StatusRuntimeException: UNAVAILABLE: io exception
2019-10-02 11:23:36,740 [ForkJoinPool.commonPool-worker-1] INFO  impl.RoleInfo (RoleInfo.java:shutdownLeaderState(104)) - 5a152cad-2f68-44e1-8661-622a6e2403aa: shutdown LeaderState
2019-10-02 11:23:36,740 [grpc-default-executor-4] INFO  impl.FollowerInfo (FollowerInfo.java:lambda$new$0(51)) - 5a152cad-2f68-44e1-8661-622a6e2403aa@group-33DDF701D157->99afa1ab-f70e-454d-b97f-b50504ecadc2: nextIndex: updateUnconditionally 0 -> 0
2019-10-02 11:23:36,742 [org.apache.ratis.server.impl.LogAppender$AppenderDaemon$$Lambda$697/298400853@34714ce7] WARN  server.GrpcLogAppender (GrpcLogAppender.java:mayWait(143)) - 5a152cad-2f68-44e1-8661-622a6e2403aa@group-B42E39A6701C->255f5341-67af-48a5-9f0a-34079e58e4b3-GrpcLogAppender: Wait interrupted by java.lang.InterruptedException
2019-10-02 11:23:36,742 [ForkJoinPool.commonPool-worker-1] INFO  impl.PendingRequests (PendingRequests.java:sendNotLeaderResponses(202)) - 5a152cad-2f68-44e1-8661-622a6e2403aa@group-B42E39A6701C-PendingRequests: sendNotLeaderResponses
2019-10-02 11:23:36,740 [grpc-default-executor-14] INFO  impl.FollowerInfo (FollowerInfo.java:lambda$new$0(51)) - 5a152cad-2f68-44e1-8661-622a6e2403aa@group-B42E39A6701C->99afa1ab-f70e-454d-b97f-b50504ecadc2: nextIndex: updateUnconditionally 0 -> 0
2019-10-02 11:23:36,744 [ForkJoinPool.commonPool-worker-1] INFO  impl.StateMachineUpdater (StateMachineUpdater.java:stopAndJoin(136)) - 5a152cad-2f68-44e1-8661-622a6e2403aa@group-B42E39A6701C-StateMachineUpdater: set stopIndex = 2
2019-10-02 11:23:36,745 [org.apache.ratis.server.impl.LogAppender$AppenderDaemon$$Lambda$697/298400853@1dd561b8] WARN  server.GrpcLogAppender (GrpcLogAppender.java:mayWait(143)) - 5a152cad-2f68-44e1-8661-622a6e2403aa@group-B42E39A6701C->99afa1ab-f70e-454d-b97f-b50504ecadc2-GrpcLogAppender: Wait interrupted by java.lang.InterruptedException
2019-10-02 11:23:36,745 [ForkJoinPool.commonPool-worker-1] INFO  impl.RaftServerImpl (ServerState.java:close(387)) - 5a152cad-2f68-44e1-8661-622a6e2403aa@group-B42E39A6701C: closes. applyIndex: 2
2019-10-02 11:23:36,745 [5a152cad-2f68-44e1-8661-622a6e2403aa@group-B42E39A6701C-SegmentedRaftLogWorker] INFO  segmented.SegmentedRaftLogWorker (SegmentedRaftLogWorker.java:run(316)) - 5a152cad-2f68-44e1-8661-622a6e2403aa@group-B42E39A6701C-SegmentedRaftLogWorker was interrupted, exiting. There are 0 tasks remaining in the queue.
2019-10-02 11:23:36,751 [ForkJoinPool.commonPool-worker-1] INFO  segmented.SegmentedRaftLogWorker (SegmentedRaftLogWorker.java:close(224)) - 5a152cad-2f68-44e1-8661-622a6e2403aa@group-B42E39A6701C-SegmentedRaftLogWorker close()
2019-10-02 11:23:36,752 [ForkJoinPool.commonPool-worker-1] INFO  impl.RaftServerImpl (RaftServerImpl.java:lambda$shutdown$3(247)) - 5a152cad-2f68-44e1-8661-622a6e2403aa@group-33DDF701D157: shutdown
2019-10-02 11:23:36,752 [ForkJoinPool.commonPool-worker-1] INFO  util.JmxRegister (JmxRegister.java:unregister(73)) - Successfully un-registered JMX Bean with object name Ratis:service=RaftServer,group=group-33DDF701D157,id=5a152cad-2f68-44e1-8661-622a6e2403aa
2019-10-02 11:23:36,753 [ForkJoinPool.commonPool-worker-1] INFO  impl.RoleInfo (RoleInfo.java:shutdownLeaderState(104)) - 5a152cad-2f68-44e1-8661-622a6e2403aa: shutdown LeaderState
2019-10-02 11:23:36,754 [ForkJoinPool.commonPool-worker-1] INFO  impl.PendingRequests (PendingRequests.java:sendNotLeaderResponses(202)) - 5a152cad-2f68-44e1-8661-622a6e2403aa@group-33DDF701D157-PendingRequests: sendNotLeaderResponses
2019-10-02 11:23:36,754 [org.apache.ratis.server.impl.LogAppender$AppenderDaemon$$Lambda$697/298400853@429780ea] WARN  server.GrpcLogAppender (GrpcLogAppender.java:mayWait(143)) - 5a152cad-2f68-44e1-8661-622a6e2403aa@group-33DDF701D157->255f5341-67af-48a5-9f0a-34079e58e4b3-GrpcLogAppender: Wait interrupted by java.lang.InterruptedException
2019-10-02 11:23:36,754 [org.apache.ratis.server.impl.LogAppender$AppenderDaemon$$Lambda$697/298400853@101cfc17] WARN  server.GrpcLogAppender (GrpcLogAppender.java:mayWait(143)) - 5a152cad-2f68-44e1-8661-622a6e2403aa@group-33DDF701D157->99afa1ab-f70e-454d-b97f-b50504ecadc2-GrpcLogAppender: Wait interrupted by java.lang.InterruptedException
2019-10-02 11:23:36,758 [ForkJoinPool.commonPool-worker-1] INFO  impl.StateMachineUpdater (StateMachineUpdater.java:stopAndJoin(136)) - 5a152cad-2f68-44e1-8661-622a6e2403aa@group-33DDF701D157-StateMachineUpdater: set stopIndex = 6
2019-10-02 11:23:36,759 [5a152cad-2f68-44e1-8661-622a6e2403aa@group-33DDF701D157-StateMachineUpdater] INFO  ratis.ContainerStateMachine (ContainerStateMachine.java:takeSnapshot(293)) - group-33DDF701D157: Taking a snapshot at:(t:4, i:3) file /workdir/hadoop-ozone/integration-test/target/test-dir/MiniOzoneClusterImpl-544d5193-f7b3-4e33-ac9d-9d27303d2a96/datanode-7/data/ratis/24c0406e-22e1-403f-b1f7-33ddf701d157/sm/snapshot.4_3
2019-10-02 11:23:36,774 [5a152cad-2f68-44e1-8661-622a6e2403aa@group-33DDF701D157-StateMachineUpdater] INFO  ratis.ContainerStateMachine (ContainerStateMachine.java:takeSnapshot(304)) - group-33DDF701D157: Finished taking a snapshot at:(t:4, i:3) file:/workdir/hadoop-ozone/integration-test/target/test-dir/MiniOzoneClusterImpl-544d5193-f7b3-4e33-ac9d-9d27303d2a96/datanode-7/data/ratis/24c0406e-22e1-403f-b1f7-33ddf701d157/sm/snapshot.4_3 time:16
2019-10-02 11:23:36,774 [5a152cad-2f68-44e1-8661-622a6e2403aa@group-33DDF701D157-StateMachineUpdater] INFO  impl.StateMachineUpdater (StateMachineUpdater.java:takeSnapshot(269)) - 5a152cad-2f68-44e1-8661-622a6e2403aa@group-33DDF701D157-StateMachineUpdater: Took a snapshot at index 3
2019-10-02 11:23:36,775 [5a152cad-2f68-44e1-8661-622a6e2403aa@group-33DDF701D157-StateMachineUpdater] INFO  impl.StateMachineUpdater (StateMachineUpdater.java:lambda$new$0(84)) - 5a152cad-2f68-44e1-8661-622a6e2403aa@group-33DDF701D157-StateMachineUpdater: snapshotIndex: updateIncreasingly -1 -> 3
2019-10-02 11:23:36,775 [5a152cad-2f68-44e1-8661-622a6e2403aa@group-33DDF701D157-StateMachineUpdater] INFO  ratis.ContainerStateMachine (ContainerStateMachine.java:takeSnapshot(293)) - group-33DDF701D157: Taking a snapshot at:(t:4, i:3) file /workdir/hadoop-ozone/integration-test/target/test-dir/MiniOzoneClusterImpl-544d5193-f7b3-4e33-ac9d-9d27303d2a96/datanode-7/data/ratis/24c0406e-22e1-403f-b1f7-33ddf701d157/sm/snapshot.4_3
2019-10-02 11:23:36,787 [5a152cad-2f68-44e1-8661-622a6e2403aa@group-33DDF701D157-StateMachineUpdater] INFO  ratis.ContainerStateMachine (ContainerStateMachine.java:takeSnapshot(304)) - group-33DDF701D157: Finished taking a snapshot at:(t:4, i:3) file:/workdir/hadoop-ozone/integration-test/target/test-dir/MiniOzoneClusterImpl-544d5193-f7b3-4e33-ac9d-9d27303d2a96/datanode-7/data/ratis/24c0406e-22e1-403f-b1f7-33ddf701d157/sm/snapshot.4_3 time:12
2019-10-02 11:23:36,788 [5a152cad-2f68-44e1-8661-622a6e2403aa@group-33DDF701D157-StateMachineUpdater] INFO  impl.StateMachineUpdater (StateMachineUpdater.java:takeSnapshot(269)) - 5a152cad-2f68-44e1-8661-622a6e2403aa@group-33DDF701D157-StateMachineUpdater: Took a snapshot at index 3
2019-10-02 11:23:36,788 [5a152cad-2f68-44e1-8661-622a6e2403aa@group-33DDF701D157-StateMachineUpdater] INFO  impl.StateMachineUpdater (StateMachineUpdater.java:lambda$new$0(84)) - 5a152cad-2f68-44e1-8661-622a6e2403aa@group-33DDF701D157-StateMachineUpdater: snapshotIndex: updateIncreasingly 3 -> 3
2019-10-02 11:23:36,788 [ForkJoinPool.commonPool-worker-1] INFO  impl.RaftServerImpl (ServerState.java:close(387)) - 5a152cad-2f68-44e1-8661-622a6e2403aa@group-33DDF701D157: closes. applyIndex: 6
2019-10-02 11:23:36,789 [5a152cad-2f68-44e1-8661-622a6e2403aa@group-33DDF701D157-SegmentedRaftLogWorker] INFO  segmented.SegmentedRaftLogWorker (SegmentedRaftLogWorker.java:run(316)) - 5a152cad-2f68-44e1-8661-622a6e2403aa@group-33DDF701D157-SegmentedRaftLogWorker was interrupted, exiting. There are 0 tasks remaining in the queue.
2019-10-02 11:23:36,789 [ForkJoinPool.commonPool-worker-1] INFO  segmented.SegmentedRaftLogWorker (SegmentedRaftLogWorker.java:close(224)) - 5a152cad-2f68-44e1-8661-622a6e2403aa@group-33DDF701D157-SegmentedRaftLogWorker close()
2019-10-02 11:23:36,790 [ForkJoinPool.commonPool-worker-1] INFO  server.GrpcService (GrpcService.java:closeImpl(164)) - 5a152cad-2f68-44e1-8661-622a6e2403aa: shutdown server with port 41282 now
2019-10-02 11:23:36,791 [ForkJoinPool.commonPool-worker-1] INFO  server.GrpcService (GrpcService.java:closeImpl(172)) - 5a152cad-2f68-44e1-8661-622a6e2403aa: shutdown server with port 41282 successfully
2019-10-02 11:23:36,797 [refreshUsed-/workdir/hadoop-ozone/integration-test/target/test-dir/MiniOzoneClusterImpl-544d5193-f7b3-4e33-ac9d-9d27303d2a96/datanode-7/data/containers] WARN  fs.CachingGetSpaceUsed (CachingGetSpaceUsed.java:run(183)) - Thread Interrupted waiting to refresh disk information: sleep interrupted
2019-10-02 11:23:36,813 [ForkJoinPool.commonPool-worker-1] INFO  utils.BackgroundService (BackgroundService.java:shutdown(148)) - Shutting down service BlockDeletingService
2019-10-02 11:23:36,815 [ForkJoinPool.commonPool-worker-1] INFO  statemachine.DatanodeStateMachine (DatanodeStateMachine.java:stopDaemon(395)) - Ozone container server stopped.
2019-10-02 11:23:36,818 [ForkJoinPool.commonPool-worker-1] INFO  handler.ContextHandler (ContextHandler.java:doStop(910)) - Stopped o.e.j.w.WebAppContext@7e5843db{/,null,UNAVAILABLE}{/hddsDatanode}
2019-10-02 11:23:36,819 [ForkJoinPool.commonPool-worker-1] INFO  server.AbstractConnector (AbstractConnector.java:doStop(318)) - Stopped ServerConnector@459f703f{HTTP/1.1,[http/1.1]}{0.0.0.0:0}
2019-10-02 11:23:36,820 [ForkJoinPool.commonPool-worker-1] INFO  handler.ContextHandler (ContextHandler.java:doStop(910)) - Stopped o.e.j.s.ServletContextHandler@5f254608{/static,jar:file:/home/user/.m2/repository/org/apache/hadoop/hadoop-hdds-container-service/0.5.0-SNAPSHOT/hadoop-hdds-container-service-0.5.0-SNAPSHOT.jar!/webapps/static,UNAVAILABLE}
2019-10-02 11:23:36,820 [ForkJoinPool.commonPool-worker-1] INFO  handler.ContextHandler (ContextHandler.java:doStop(910)) - Stopped o.e.j.s.ServletContextHandler@75181b50{/logs,file:///workdir/hadoop-ozone/integration-test/target/log,UNAVAILABLE}
2019-10-02 11:23:36,822 [main] INFO  ozone.MiniOzoneClusterImpl (MiniOzoneClusterImpl.java:stopSCM(392)) - Stopping the StorageContainerManager
2019-10-02 11:23:36,822 [main] INFO  server.StorageContainerManager (StorageContainerManager.java:stop(808)) - Stopping Replication Manager Service.
2019-10-02 11:23:36,822 [main] INFO  container.ReplicationManager (ReplicationManager.java:stop(203)) - Stopping Replication Monitor Thread.
2019-10-02 11:23:36,822 [main] INFO  server.StorageContainerManager (StorageContainerManager.java:stop(815)) - Stopping Lease Manager of the command watchers
2019-10-02 11:23:36,823 [main] INFO  server.StorageContainerManager (StorageContainerManager.java:stop(822)) - Stopping datanode service RPC server
2019-10-02 11:23:36,823 [main] INFO  server.SCMDatanodeProtocolServer (SCMDatanodeProtocolServer.java:stop(367)) - Stopping the RPC server for DataNodes
2019-10-02 11:23:36,823 [main] INFO  ipc.Server (Server.java:stop(3082)) - Stopping server on 46406
2019-10-02 11:23:36,824 [IPC Server listener on 46406] INFO  ipc.Server (Server.java:run(1185)) - Stopping IPC Server listener on 46406
2019-10-02 11:23:36,826 [IPC Server Responder] INFO  ipc.Server (Server.java:run(1319)) - Stopping IPC Server Responder
2019-10-02 11:23:36,829 [SCM Heartbeat Processing Thread - 0] WARN  node.NodeStateManager (NodeStateManager.java:scheduleNextHealthCheck(646)) - Current Thread is interrupted, shutting down HB processing thread for Node Manager.
2019-10-02 11:23:36,829 [main] INFO  server.StorageContainerManager (StorageContainerManager.java:stop(830)) - Stopping block service RPC server
2019-10-02 11:23:36,829 [main] INFO  server.SCMBlockProtocolServer (SCMBlockProtocolServer.java:stop(157)) - Stopping the RPC server for Block Protocol
2019-10-02 11:23:36,829 [main] INFO  ipc.Server (Server.java:stop(3082)) - Stopping server on 39534
2019-10-02 11:23:36,831 [IPC Server listener on 39534] INFO  ipc.Server (Server.java:run(1185)) - Stopping IPC Server listener on 39534
2019-10-02 11:23:36,831 [IPC Server Responder] INFO  ipc.Server (Server.java:run(1319)) - Stopping IPC Server Responder
2019-10-02 11:23:36,831 [main] INFO  server.StorageContainerManager (StorageContainerManager.java:stop(837)) - Stopping the StorageContainerLocationProtocol RPC server
2019-10-02 11:23:36,832 [main] INFO  server.SCMClientProtocolServer (SCMClientProtocolServer.java:stop(158)) - Stopping the RPC server for Client Protocol
2019-10-02 11:23:36,832 [main] INFO  ipc.Server (Server.java:stop(3082)) - Stopping server on 37075
2019-10-02 11:23:36,834 [IPC Server listener on 37075] INFO  ipc.Server (Server.java:run(1185)) - Stopping IPC Server listener on 37075
2019-10-02 11:23:36,835 [IPC Server Responder] INFO  ipc.Server (Server.java:run(1319)) - Stopping IPC Server Responder
2019-10-02 11:23:36,835 [main] INFO  server.StorageContainerManager (StorageContainerManager.java:stop(844)) - Stopping Storage Container Manager HTTP server.
2019-10-02 11:23:36,836 [main] INFO  handler.ContextHandler (ContextHandler.java:doStop(910)) - Stopped o.e.j.w.WebAppContext@6db66836{/,null,UNAVAILABLE}{/scm}
2019-10-02 11:23:36,836 [main] INFO  server.AbstractConnector (AbstractConnector.java:doStop(318)) - Stopped ServerConnector@1ee4730{HTTP/1.1,[http/1.1]}{0.0.0.0:0}
2019-10-02 11:23:36,837 [main] INFO  handler.ContextHandler (ContextHandler.java:doStop(910)) - Stopped o.e.j.s.ServletContextHandler@43b6123e{/static,file:///workdir/hadoop-ozone/integration-test/target/test-classes/webapps/static,UNAVAILABLE}
2019-10-02 11:23:36,837 [main] INFO  handler.ContextHandler (ContextHandler.java:doStop(910)) - Stopped o.e.j.s.ServletContextHandler@4fce136b{/logs,file:///workdir/hadoop-ozone/integration-test/target/log,UNAVAILABLE}
2019-10-02 11:23:36,838 [main] INFO  server.StorageContainerManager (StorageContainerManager.java:stop(855)) - Stopping Block Manager Service.
2019-10-02 11:23:36,838 [main] INFO  utils.BackgroundService (BackgroundService.java:shutdown(148)) - Shutting down service SCMBlockDeletingService
2019-10-02 11:23:36,838 [main] INFO  utils.BackgroundService (BackgroundService.java:shutdown(148)) - Shutting down service SCMBlockDeletingService
2019-10-02 11:23:36,839 [main] INFO  server.StorageContainerManager (StorageContainerManager.java:stop(877)) - Stopping SCM Event Queue.
2019-10-02 11:23:36,844 [main] INFO  impl.MetricsSystemImpl (MetricsSystemImpl.java:stop(210)) - Stopping XceiverClientMetrics metrics system...
2019-10-02 11:23:36,853 [prometheus] INFO  impl.MetricsSinkAdapter (MetricsSinkAdapter.java:publishMetricsFromQueue(141)) - prometheus thread interrupted.
2019-10-02 11:23:36,853 [main] INFO  impl.MetricsSystemImpl (MetricsSystemImpl.java:stop(216)) - XceiverClientMetrics metrics system stopped.
]]></system-out>
    <system-err><![CDATA[ERROR StatusLogger No Log4j 2 configuration file found. Using default configuration (logging only errors to the console), or user programmatically provided configurations. Set system property 'log4j2.debug' to show Log4j 2 internal initialization logging. See https://logging.apache.org/log4j/2.x/manual/configuration.html for instructions on how to configure Log4j 2
Oct 02, 2019 11:22:16 AM org.apache.ratis.thirdparty.io.grpc.internal.SerializingExecutor run
SEVERE: Exception while executing runnable org.apache.ratis.thirdparty.io.grpc.internal.ServerImpl$JumpToApplicationThreadServerStreamListener$1Closed@78c73682
org.apache.ratis.thirdparty.io.grpc.StatusRuntimeException: CANCELLED: call already cancelled
	at org.apache.ratis.thirdparty.io.grpc.Status.asRuntimeException(Status.java:517)
	at org.apache.ratis.thirdparty.io.grpc.stub.ServerCalls$ServerCallStreamObserverImpl.onCompleted(ServerCalls.java:356)
	at org.apache.ratis.grpc.server.GrpcServerProtocolService$ServerRequestStreamObserver.onError(GrpcServerProtocolService.java:121)
	at org.apache.ratis.thirdparty.io.grpc.stub.ServerCalls$StreamingServerCallHandler$StreamingServerCallListener.onCancel(ServerCalls.java:269)
	at org.apache.ratis.thirdparty.io.grpc.internal.ServerCallImpl$ServerStreamListenerImpl.closed(ServerCallImpl.java:293)
	at org.apache.ratis.thirdparty.io.grpc.internal.ServerImpl$JumpToApplicationThreadServerStreamListener$1Closed.runInContext(ServerImpl.java:741)
	at org.apache.ratis.thirdparty.io.grpc.internal.ContextRunnable.run(ContextRunnable.java:37)
	at org.apache.ratis.thirdparty.io.grpc.internal.SerializingExecutor.run(SerializingExecutor.java:123)
	at java.util.concurrent.ThreadPoolExecutor.runWorker(ThreadPoolExecutor.java:1149)
	at java.util.concurrent.ThreadPoolExecutor$Worker.run(ThreadPoolExecutor.java:624)
	at java.lang.Thread.run(Thread.java:748)

Oct 02, 2019 11:22:21 AM org.apache.ratis.thirdparty.io.grpc.internal.SerializingExecutor run
SEVERE: Exception while executing runnable org.apache.ratis.thirdparty.io.grpc.internal.ServerImpl$JumpToApplicationThreadServerStreamListener$1Closed@55990dc2
org.apache.ratis.thirdparty.io.grpc.StatusRuntimeException: CANCELLED: call already cancelled
	at org.apache.ratis.thirdparty.io.grpc.Status.asRuntimeException(Status.java:517)
	at org.apache.ratis.thirdparty.io.grpc.stub.ServerCalls$ServerCallStreamObserverImpl.onCompleted(ServerCalls.java:356)
	at org.apache.ratis.grpc.server.GrpcServerProtocolService$ServerRequestStreamObserver.onError(GrpcServerProtocolService.java:121)
	at org.apache.ratis.thirdparty.io.grpc.stub.ServerCalls$StreamingServerCallHandler$StreamingServerCallListener.onCancel(ServerCalls.java:269)
	at org.apache.ratis.thirdparty.io.grpc.internal.ServerCallImpl$ServerStreamListenerImpl.closed(ServerCallImpl.java:293)
	at org.apache.ratis.thirdparty.io.grpc.internal.ServerImpl$JumpToApplicationThreadServerStreamListener$1Closed.runInContext(ServerImpl.java:741)
	at org.apache.ratis.thirdparty.io.grpc.internal.ContextRunnable.run(ContextRunnable.java:37)
	at org.apache.ratis.thirdparty.io.grpc.internal.SerializingExecutor.run(SerializingExecutor.java:123)
	at java.util.concurrent.ThreadPoolExecutor.runWorker(ThreadPoolExecutor.java:1149)
	at java.util.concurrent.ThreadPoolExecutor$Worker.run(ThreadPoolExecutor.java:624)
	at java.lang.Thread.run(Thread.java:748)

Oct 02, 2019 11:22:21 AM org.apache.ratis.thirdparty.io.grpc.internal.SerializingExecutor run
SEVERE: Exception while executing runnable org.apache.ratis.thirdparty.io.grpc.internal.ServerImpl$JumpToApplicationThreadServerStreamListener$1Closed@284b1a3c
org.apache.ratis.thirdparty.io.grpc.StatusRuntimeException: CANCELLED: call already cancelled
	at org.apache.ratis.thirdparty.io.grpc.Status.asRuntimeException(Status.java:517)
	at org.apache.ratis.thirdparty.io.grpc.stub.ServerCalls$ServerCallStreamObserverImpl.onCompleted(ServerCalls.java:356)
	at org.apache.ratis.grpc.server.GrpcServerProtocolService$ServerRequestStreamObserver.onError(GrpcServerProtocolService.java:121)
	at org.apache.ratis.thirdparty.io.grpc.stub.ServerCalls$StreamingServerCallHandler$StreamingServerCallListener.onCancel(ServerCalls.java:269)
	at org.apache.ratis.thirdparty.io.grpc.internal.ServerCallImpl$ServerStreamListenerImpl.closed(ServerCallImpl.java:293)
	at org.apache.ratis.thirdparty.io.grpc.internal.ServerImpl$JumpToApplicationThreadServerStreamListener$1Closed.runInContext(ServerImpl.java:741)
	at org.apache.ratis.thirdparty.io.grpc.internal.ContextRunnable.run(ContextRunnable.java:37)
	at org.apache.ratis.thirdparty.io.grpc.internal.SerializingExecutor.run(SerializingExecutor.java:123)
	at java.util.concurrent.ThreadPoolExecutor.runWorker(ThreadPoolExecutor.java:1149)
	at java.util.concurrent.ThreadPoolExecutor$Worker.run(ThreadPoolExecutor.java:624)
	at java.lang.Thread.run(Thread.java:748)

Oct 02, 2019 11:22:21 AM org.apache.ratis.thirdparty.io.grpc.internal.SerializingExecutor run
SEVERE: Exception while executing runnable org.apache.ratis.thirdparty.io.grpc.internal.ServerImpl$JumpToApplicationThreadServerStreamListener$1Closed@3dc372c
org.apache.ratis.thirdparty.io.grpc.StatusRuntimeException: CANCELLED: call already cancelled
	at org.apache.ratis.thirdparty.io.grpc.Status.asRuntimeException(Status.java:517)
	at org.apache.ratis.thirdparty.io.grpc.stub.ServerCalls$ServerCallStreamObserverImpl.onCompleted(ServerCalls.java:356)
	at org.apache.ratis.grpc.server.GrpcServerProtocolService$ServerRequestStreamObserver.onError(GrpcServerProtocolService.java:121)
	at org.apache.ratis.thirdparty.io.grpc.stub.ServerCalls$StreamingServerCallHandler$StreamingServerCallListener.onCancel(ServerCalls.java:269)
	at org.apache.ratis.thirdparty.io.grpc.internal.ServerCallImpl$ServerStreamListenerImpl.closed(ServerCallImpl.java:293)
	at org.apache.ratis.thirdparty.io.grpc.internal.ServerImpl$JumpToApplicationThreadServerStreamListener$1Closed.runInContext(ServerImpl.java:741)
	at org.apache.ratis.thirdparty.io.grpc.internal.ContextRunnable.run(ContextRunnable.java:37)
	at org.apache.ratis.thirdparty.io.grpc.internal.SerializingExecutor.run(SerializingExecutor.java:123)
	at java.util.concurrent.ThreadPoolExecutor.runWorker(ThreadPoolExecutor.java:1149)
	at java.util.concurrent.ThreadPoolExecutor$Worker.run(ThreadPoolExecutor.java:624)
	at java.lang.Thread.run(Thread.java:748)

]]></system-err>
  </testcase>
  <testcase name="testContainerExclusionWithClosedContainerException" classname="org.apache.hadoop.ozone.client.rpc.TestFailureHandlingByClient" time="67.387"/>
  <testcase name="testWriteSmallFile" classname="org.apache.hadoop.ozone.client.rpc.TestFailureHandlingByClient" time="109.226"/>
  <testcase name="testBlockWritesWithDnFailures" classname="org.apache.hadoop.ozone.client.rpc.TestFailureHandlingByClient" time="75.904"/>
  <testcase name="testDatanodeExclusionWithMajorityCommit" classname="org.apache.hadoop.ozone.client.rpc.TestFailureHandlingByClient" time="78.37"/>
</testsuite>