<?xml version="1.0" encoding="UTF-8"?>
<testsuite xmlns:xsi="http://www.w3.org/2001/XMLSchema-instance" xsi:noNamespaceSchemaLocation="https://maven.apache.org/surefire/maven-surefire-plugin/xsd/surefire-test-report.xsd" name="org.apache.hadoop.ozone.client.rpc.TestWatchForCommit" time="275.166" tests="5" errors="1" skipped="0" failures="0">
  <properties>
    <property name="awt.toolkit" value="sun.awt.X11.XToolkit"/>
    <property name="file.encoding.pkg" value="sun.io"/>
    <property name="java.specification.version" value="1.8"/>
    <property name="sun.cpu.isalist" value=""/>
    <property name="sun.jnu.encoding" value="UTF-8"/>
    <property name="java.class.path" value="/workdir/hadoop-ozone/integration-test/target/test-classes:/workdir/hadoop-ozone/integration-test/target/classes:/home/user/.m2/repository/org/apache/hadoop/hadoop-ozone-common/0.5.0-SNAPSHOT/hadoop-ozone-common-0.5.0-SNAPSHOT.jar:/home/user/.m2/repository/org/apache/commons/commons-compress/1.4.1/commons-compress-1.4.1.jar:/home/user/.m2/repository/org/tukaani/xz/1.0/xz-1.0.jar:/home/user/.m2/repository/org/apache/hadoop/hadoop-common/3.2.0/hadoop-common-3.2.0.jar:/home/user/.m2/repository/org/apache/hadoop/hadoop-hdfs/3.2.0/hadoop-hdfs-3.2.0.jar:/home/user/.m2/repository/org/apache/hadoop/hadoop-hdfs-client/3.2.0/hadoop-hdfs-client-3.2.0.jar:/home/user/.m2/repository/com/fasterxml/jackson/core/jackson-annotations/2.9.9/jackson-annotations-2.9.9.jar:/home/user/.m2/repository/org/apache/hadoop/hadoop-hdds-common/0.5.0-SNAPSHOT/hadoop-hdds-common-0.5.0-SNAPSHOT.jar:/home/user/.m2/repository/javax/annotation/javax.annotation-api/1.2/javax.annotation-api-1.2.jar:/home/user/.m2/repository/org/apache/ratis/ratis-server/0.5.0-201fc85-SNAPSHOT/ratis-server-0.5.0-201fc85-SNAPSHOT.jar:/home/user/.m2/repository/org/apache/ratis/ratis-thirdparty-misc/0.2.0/ratis-thirdparty-misc-0.2.0.jar:/home/user/.m2/repository/org/apache/ratis/ratis-proto/0.5.0-201fc85-SNAPSHOT/ratis-proto-0.5.0-201fc85-SNAPSHOT.jar:/home/user/.m2/repository/org/apache/ratis/ratis-common/0.5.0-201fc85-SNAPSHOT/ratis-common-0.5.0-201fc85-SNAPSHOT.jar:/home/user/.m2/repository/org/apache/ratis/ratis-client/0.5.0-201fc85-SNAPSHOT/ratis-client-0.5.0-201fc85-SNAPSHOT.jar:/home/user/.m2/repository/org/apache/ratis/ratis-metrics/0.5.0-201fc85-SNAPSHOT/ratis-metrics-0.5.0-201fc85-SNAPSHOT.jar:/home/user/.m2/repository/com/github/joshelser/dropwizard-metrics-hadoop-metrics2-reporter/0.1.2/dropwizard-metrics-hadoop-metrics2-reporter-0.1.2.jar:/home/user/.m2/repository/io/dropwizard/metrics/metrics-jvm/3.2.5/metrics-jvm-3.2.5.jar:/home/user/.m2/repository/io/dropwizard/metrics/metrics-ganglia/3.2.5/metrics-ganglia-3.2.5.jar:/home/user/.m2/repository/info/ganglia/gmetric4j/gmetric4j/1.0.7/gmetric4j-1.0.7.jar:/home/user/.m2/repository/org/apache/ratis/ratis-netty/0.5.0-201fc85-SNAPSHOT/ratis-netty-0.5.0-201fc85-SNAPSHOT.jar:/home/user/.m2/repository/org/apache/ratis/ratis-grpc/0.5.0-201fc85-SNAPSHOT/ratis-grpc-0.5.0-201fc85-SNAPSHOT.jar:/home/user/.m2/repository/org/rocksdb/rocksdbjni/6.0.1/rocksdbjni-6.0.1.jar:/home/user/.m2/repository/org/apache/logging/log4j/log4j-api/2.11.0/log4j-api-2.11.0.jar:/home/user/.m2/repository/org/apache/logging/log4j/log4j-core/2.11.0/log4j-core-2.11.0.jar:/home/user/.m2/repository/com/lmax/disruptor/3.4.2/disruptor-3.4.2.jar:/home/user/.m2/repository/org/apache/commons/commons-pool2/2.6.0/commons-pool2-2.6.0.jar:/home/user/.m2/repository/org/bouncycastle/bcpkix-jdk15on/1.60/bcpkix-jdk15on-1.60.jar:/home/user/.m2/repository/commons-validator/commons-validator/1.6/commons-validator-1.6.jar:/home/user/.m2/repository/commons-digester/commons-digester/1.8.1/commons-digester-1.8.1.jar:/home/user/.m2/repository/io/jaegertracing/jaeger-client/0.34.0/jaeger-client-0.34.0.jar:/home/user/.m2/repository/io/jaegertracing/jaeger-thrift/0.34.0/jaeger-thrift-0.34.0.jar:/home/user/.m2/repository/org/apache/thrift/libthrift/0.12.0/libthrift-0.12.0.jar:/home/user/.m2/repository/com/squareup/okhttp3/okhttp/3.9.0/okhttp-3.9.0.jar:/home/user/.m2/repository/com/squareup/okio/okio/1.13.0/okio-1.13.0.jar:/home/user/.m2/repository/io/jaegertracing/jaeger-core/0.34.0/jaeger-core-0.34.0.jar:/home/user/.m2/repository/io/jaegertracing/jaeger-tracerresolver/0.34.0/jaeger-tracerresolver-0.34.0.jar:/home/user/.m2/repository/io/opentracing/contrib/opentracing-tracerresolver/0.1.5/opentracing-tracerresolver-0.1.5.jar:/home/user/.m2/repository/io/opentracing/opentracing-util/0.31.0/opentracing-util-0.31.0.jar:/home/user/.m2/repository/io/opentracing/opentracing-api/0.31.0/opentracing-api-0.31.0.jar:/home/user/.m2/repository/io/opentracing/opentracing-noop/0.31.0/opentracing-noop-0.31.0.jar:/home/user/.m2/repository/org/apache/hadoop/hadoop-hdds-server-framework/0.5.0-SNAPSHOT/hadoop-hdds-server-framework-0.5.0-SNAPSHOT.jar:/home/user/.m2/repository/org/apache/hadoop/hadoop-hdds-container-service/0.5.0-SNAPSHOT/hadoop-hdds-container-service-0.5.0-SNAPSHOT.jar:/home/user/.m2/repository/org/apache/hadoop/hadoop-hdds-client/0.5.0-SNAPSHOT/hadoop-hdds-client-0.5.0-SNAPSHOT.jar:/home/user/.m2/repository/org/apache/hadoop/hadoop-hdds-tools/0.5.0-SNAPSHOT/hadoop-hdds-tools-0.5.0-SNAPSHOT.jar:/home/user/.m2/repository/org/apache/hadoop/hadoop-hdds-server-scm/0.5.0-SNAPSHOT/hadoop-hdds-server-scm-0.5.0-SNAPSHOT.jar:/home/user/.m2/repository/org/apache/hadoop/hadoop-hdds-docs/0.5.0-SNAPSHOT/hadoop-hdds-docs-0.5.0-SNAPSHOT.jar:/home/user/.m2/repository/io/dropwizard/metrics/metrics-core/3.2.4/metrics-core-3.2.4.jar:/home/user/.m2/repository/org/hamcrest/hamcrest-all/1.3/hamcrest-all-1.3.jar:/home/user/.m2/repository/org/bouncycastle/bcprov-jdk15on/1.60/bcprov-jdk15on-1.60.jar:/home/user/.m2/repository/info/picocli/picocli/3.9.6/picocli-3.9.6.jar:/home/user/.m2/repository/com/google/protobuf/protobuf-java/2.5.0/protobuf-java-2.5.0.jar:/home/user/.m2/repository/com/google/guava/guava/11.0.2/guava-11.0.2.jar:/home/user/.m2/repository/org/apache/hadoop/hadoop-ozone-ozone-manager/0.5.0-SNAPSHOT/hadoop-ozone-ozone-manager-0.5.0-SNAPSHOT.jar:/home/user/.m2/repository/org/apache/hadoop/hadoop-minikdc/3.2.0/hadoop-minikdc-3.2.0.jar:/home/user/.m2/repository/commons-io/commons-io/2.5/commons-io-2.5.jar:/home/user/.m2/repository/org/apache/kerby/kerb-simplekdc/1.0.1/kerb-simplekdc-1.0.1.jar:/home/user/.m2/repository/org/apache/kerby/kerb-client/1.0.1/kerb-client-1.0.1.jar:/home/user/.m2/repository/org/apache/kerby/kerby-config/1.0.1/kerby-config-1.0.1.jar:/home/user/.m2/repository/org/apache/kerby/kerb-core/1.0.1/kerb-core-1.0.1.jar:/home/user/.m2/repository/org/apache/kerby/kerby-pkix/1.0.1/kerby-pkix-1.0.1.jar:/home/user/.m2/repository/org/apache/kerby/kerby-asn1/1.0.1/kerby-asn1-1.0.1.jar:/home/user/.m2/repository/org/apache/kerby/kerby-util/1.0.1/kerby-util-1.0.1.jar:/home/user/.m2/repository/org/apache/kerby/kerb-common/1.0.1/kerb-common-1.0.1.jar:/home/user/.m2/repository/org/apache/kerby/kerb-crypto/1.0.1/kerb-crypto-1.0.1.jar:/home/user/.m2/repository/org/apache/kerby/kerb-util/1.0.1/kerb-util-1.0.1.jar:/home/user/.m2/repository/org/apache/kerby/token-provider/1.0.1/token-provider-1.0.1.jar:/home/user/.m2/repository/org/apache/kerby/kerb-admin/1.0.1/kerb-admin-1.0.1.jar:/home/user/.m2/repository/org/apache/kerby/kerb-server/1.0.1/kerb-server-1.0.1.jar:/home/user/.m2/repository/org/apache/kerby/kerb-identity/1.0.1/kerb-identity-1.0.1.jar:/home/user/.m2/repository/org/apache/kerby/kerby-xdr/1.0.1/kerby-xdr-1.0.1.jar:/home/user/.m2/repository/org/slf4j/slf4j-log4j12/1.7.25/slf4j-log4j12-1.7.25.jar:/home/user/.m2/repository/org/apache/hadoop/hadoop-ozone-s3gateway/0.5.0-SNAPSHOT/hadoop-ozone-s3gateway-0.5.0-SNAPSHOT.jar:/home/user/.m2/repository/org/jboss/weld/servlet/weld-servlet/2.4.7.Final/weld-servlet-2.4.7.Final.jar:/home/user/.m2/repository/org/glassfish/jersey/containers/jersey-container-servlet-core/2.27/jersey-container-servlet-core-2.27.jar:/home/user/.m2/repository/org/glassfish/hk2/external/javax.inject/2.5.0-b42/javax.inject-2.5.0-b42.jar:/home/user/.m2/repository/org/glassfish/jersey/core/jersey-common/2.27/jersey-common-2.27.jar:/home/user/.m2/repository/org/glassfish/hk2/osgi-resource-locator/1.0.1/osgi-resource-locator-1.0.1.jar:/home/user/.m2/repository/javax/ws/rs/javax.ws.rs-api/2.1/javax.ws.rs-api-2.1.jar:/home/user/.m2/repository/org/glassfish/jersey/ext/cdi/jersey-cdi1x/2.27/jersey-cdi1x-2.27.jar:/home/user/.m2/repository/org/glassfish/jersey/inject/jersey-hk2/2.27/jersey-hk2-2.27.jar:/home/user/.m2/repository/org/glassfish/hk2/hk2-locator/2.5.0-b42/hk2-locator-2.5.0-b42.jar:/home/user/.m2/repository/org/javassist/javassist/3.22.0-CR2/javassist-3.22.0-CR2.jar:/home/user/.m2/repository/org/glassfish/hk2/hk2-api/2.5.0/hk2-api-2.5.0.jar:/home/user/.m2/repository/org/glassfish/hk2/external/jakarta.inject/2.5.0/jakarta.inject-2.5.0.jar:/home/user/.m2/repository/org/glassfish/hk2/hk2-utils/2.5.0/hk2-utils-2.5.0.jar:/home/user/.m2/repository/jakarta/annotation/jakarta.annotation-api/1.3.4/jakarta.annotation-api-1.3.4.jar:/home/user/.m2/repository/org/glassfish/hk2/external/aopalliance-repackaged/2.5.0/aopalliance-repackaged-2.5.0.jar:/home/user/.m2/repository/com/fasterxml/jackson/dataformat/jackson-dataformat-xml/2.9.0/jackson-dataformat-xml-2.9.0.jar:/home/user/.m2/repository/com/fasterxml/jackson/core/jackson-core/2.9.9/jackson-core-2.9.9.jar:/home/user/.m2/repository/com/fasterxml/jackson/module/jackson-module-jaxb-annotations/2.9.9/jackson-module-jaxb-annotations-2.9.9.jar:/home/user/.m2/repository/javax/enterprise/cdi-api/1.2/cdi-api-1.2.jar:/home/user/.m2/repository/javax/el/javax.el-api/3.0.0/javax.el-api-3.0.0.jar:/home/user/.m2/repository/javax/interceptor/javax.interceptor-api/1.2/javax.interceptor-api-1.2.jar:/home/user/.m2/repository/javax/inject/javax.inject/1/javax.inject-1.jar:/home/user/.m2/repository/com/sun/xml/bind/jaxb-impl/2.3.0.1/jaxb-impl-2.3.0.1.jar:/home/user/.m2/repository/com/sun/xml/bind/jaxb-core/2.3.0.1/jaxb-core-2.3.0.1.jar:/home/user/.m2/repository/javax/xml/bind/jaxb-api/2.3.0/jaxb-api-2.3.0.jar:/home/user/.m2/repository/javax/activation/activation/1.1.1/activation-1.1.1.jar:/home/user/.m2/repository/org/apache/hadoop/hadoop-ozone-csi/0.5.0-SNAPSHOT/hadoop-ozone-csi-0.5.0-SNAPSHOT.jar:/home/user/.m2/repository/com/google/protobuf/protobuf-java-util/3.5.1/protobuf-java-util-3.5.1.jar:/home/user/.m2/repository/org/apache/hadoop/hadoop-hdds-config/0.5.0-SNAPSHOT/hadoop-hdds-config-0.5.0-SNAPSHOT.jar:/home/user/.m2/repository/io/grpc/grpc-netty/1.17.1/grpc-netty-1.17.1.jar:/home/user/.m2/repository/io/grpc/grpc-core/1.17.1/grpc-core-1.17.1.jar:/home/user/.m2/repository/io/grpc/grpc-context/1.17.1/grpc-context-1.17.1.jar:/home/user/.m2/repository/com/google/errorprone/error_prone_annotations/2.2.0/error_prone_annotations-2.2.0.jar:/home/user/.m2/repository/org/codehaus/mojo/animal-sniffer-annotations/1.17/animal-sniffer-annotations-1.17.jar:/home/user/.m2/repository/io/opencensus/opencensus-api/0.17.0/opencensus-api-0.17.0.jar:/home/user/.m2/repository/io/opencensus/opencensus-contrib-grpc-metrics/0.17.0/opencensus-contrib-grpc-metrics-0.17.0.jar:/home/user/.m2/repository/io/netty/netty-codec-http2/4.1.30.Final/netty-codec-http2-4.1.30.Final.jar:/home/user/.m2/repository/io/netty/netty-codec-http/4.1.30.Final/netty-codec-http-4.1.30.Final.jar:/home/user/.m2/repository/io/netty/netty-codec/4.1.30.Final/netty-codec-4.1.30.Final.jar:/home/user/.m2/repository/io/netty/netty-handler/4.1.30.Final/netty-handler-4.1.30.Final.jar:/home/user/.m2/repository/io/netty/netty-handler-proxy/4.1.30.Final/netty-handler-proxy-4.1.30.Final.jar:/home/user/.m2/repository/io/netty/netty-codec-socks/4.1.30.Final/netty-codec-socks-4.1.30.Final.jar:/home/user/.m2/repository/io/netty/netty-transport-native-epoll/4.1.30.Final/netty-transport-native-epoll-4.1.30.Final.jar:/home/user/.m2/repository/io/netty/netty-common/4.1.30.Final/netty-common-4.1.30.Final.jar:/home/user/.m2/repository/io/netty/netty-buffer/4.1.30.Final/netty-buffer-4.1.30.Final.jar:/home/user/.m2/repository/io/netty/netty-transport/4.1.30.Final/netty-transport-4.1.30.Final.jar:/home/user/.m2/repository/io/netty/netty-resolver/4.1.30.Final/netty-resolver-4.1.30.Final.jar:/home/user/.m2/repository/io/netty/netty-transport-native-unix-common/4.1.30.Final/netty-transport-native-unix-common-4.1.30.Final.jar:/home/user/.m2/repository/io/grpc/grpc-protobuf/1.17.1/grpc-protobuf-1.17.1.jar:/home/user/.m2/repository/com/google/api/grpc/proto-google-common-protos/1.0.0/proto-google-common-protos-1.0.0.jar:/home/user/.m2/repository/io/grpc/grpc-protobuf-lite/1.17.1/grpc-protobuf-lite-1.17.1.jar:/home/user/.m2/repository/io/grpc/grpc-stub/1.17.1/grpc-stub-1.17.1.jar:/home/user/.m2/repository/org/apache/hadoop/hadoop-ozone-recon/0.5.0-SNAPSHOT/hadoop-ozone-recon-0.5.0-SNAPSHOT.jar:/home/user/.m2/repository/org/apache/hadoop/hadoop-ozone-reconcodegen/0.5.0-SNAPSHOT/hadoop-ozone-reconcodegen-0.5.0-SNAPSHOT.jar:/home/user/.m2/repository/com/google/inject/extensions/guice-multibindings/4.0/guice-multibindings-4.0.jar:/home/user/.m2/repository/com/google/inject/guice/4.0/guice-4.0.jar:/home/user/.m2/repository/aopalliance/aopalliance/1.0/aopalliance-1.0.jar:/home/user/.m2/repository/com/google/inject/extensions/guice-servlet/4.0/guice-servlet-4.0.jar:/home/user/.m2/repository/org/glassfish/jersey/containers/jersey-container-servlet/2.27/jersey-container-servlet-2.27.jar:/home/user/.m2/repository/org/glassfish/hk2/guice-bridge/2.5.0/guice-bridge-2.5.0.jar:/home/user/.m2/repository/org/glassfish/jersey/core/jersey-server/2.27/jersey-server-2.27.jar:/home/user/.m2/repository/org/glassfish/jersey/core/jersey-client/2.27/jersey-client-2.27.jar:/home/user/.m2/repository/org/glassfish/jersey/media/jersey-media-jaxb/2.27/jersey-media-jaxb-2.27.jar:/home/user/.m2/repository/javax/validation/validation-api/1.1.0.Final/validation-api-1.1.0.Final.jar:/home/user/.m2/repository/org/glassfish/jersey/media/jersey-media-json-jackson/2.27/jersey-media-json-jackson-2.27.jar:/home/user/.m2/repository/org/glassfish/jersey/ext/jersey-entity-filtering/2.27/jersey-entity-filtering-2.27.jar:/home/user/.m2/repository/com/google/inject/extensions/guice-assistedinject/4.0/guice-assistedinject-4.0.jar:/home/user/.m2/repository/org/jooq/jooq/3.11.10/jooq-3.11.10.jar:/home/user/.m2/repository/org/jooq/jooq-meta/3.11.10/jooq-meta-3.11.10.jar:/home/user/.m2/repository/org/jooq/jooq-codegen/3.11.10/jooq-codegen-3.11.10.jar:/home/user/.m2/repository/com/jolbox/bonecp/0.8.0.RELEASE/bonecp-0.8.0.RELEASE.jar:/home/user/.m2/repository/org/xerial/sqlite-jdbc/3.25.2/sqlite-jdbc-3.25.2.jar:/home/user/.m2/repository/org/springframework/spring-jdbc/5.1.3.RELEASE/spring-jdbc-5.1.3.RELEASE.jar:/home/user/.m2/repository/org/springframework/spring-beans/5.1.3.RELEASE/spring-beans-5.1.3.RELEASE.jar:/home/user/.m2/repository/org/springframework/spring-core/5.1.3.RELEASE/spring-core-5.1.3.RELEASE.jar:/home/user/.m2/repository/org/springframework/spring-jcl/5.1.3.RELEASE/spring-jcl-5.1.3.RELEASE.jar:/home/user/.m2/repository/org/springframework/spring-tx/5.1.3.RELEASE/spring-tx-5.1.3.RELEASE.jar:/home/user/.m2/repository/org/apache/hadoop/hadoop-ozone-client/0.5.0-SNAPSHOT/hadoop-ozone-client-0.5.0-SNAPSHOT.jar:/home/user/.m2/repository/commons-lang/commons-lang/2.6/commons-lang-2.6.jar:/home/user/.m2/repository/org/apache/hadoop/hadoop-ozone-ozone-manager/0.5.0-SNAPSHOT/hadoop-ozone-ozone-manager-0.5.0-SNAPSHOT-tests.jar:/home/user/.m2/repository/junit/junit/4.11/junit-4.11.jar:/home/user/.m2/repository/org/hamcrest/hamcrest-core/1.3/hamcrest-core-1.3.jar:/home/user/.m2/repository/org/openjdk/jmh/jmh-core/1.19/jmh-core-1.19.jar:/home/user/.m2/repository/net/sf/jopt-simple/jopt-simple/4.6/jopt-simple-4.6.jar:/home/user/.m2/repository/org/apache/commons/commons-math3/3.1.1/commons-math3-3.1.1.jar:/home/user/.m2/repository/org/openjdk/jmh/jmh-generator-annprocess/1.19/jmh-generator-annprocess-1.19.jar:/home/user/.m2/repository/org/mockito/mockito-all/1.8.5/mockito-all-1.8.5.jar:/home/user/.m2/repository/org/apache/hadoop/hadoop-kms/3.2.0/hadoop-kms-3.2.0.jar:/home/user/.m2/repository/org/apache/hadoop/hadoop-auth/3.2.0/hadoop-auth-3.2.0.jar:/home/user/.m2/repository/com/nimbusds/nimbus-jose-jwt/4.41.1/nimbus-jose-jwt-4.41.1.jar:/home/user/.m2/repository/com/github/stephenc/jcip/jcip-annotations/1.0-1/jcip-annotations-1.0-1.jar:/home/user/.m2/repository/net/minidev/json-smart/2.3/json-smart-2.3.jar:/home/user/.m2/repository/net/minidev/accessors-smart/1.2/accessors-smart-1.2.jar:/home/user/.m2/repository/org/ow2/asm/asm/5.0.4/asm-5.0.4.jar:/home/user/.m2/repository/org/apache/curator/curator-framework/2.12.0/curator-framework-2.12.0.jar:/home/user/.m2/repository/com/sun/jersey/jersey-core/1.19/jersey-core-1.19.jar:/home/user/.m2/repository/javax/ws/rs/jsr311-api/1.1.1/jsr311-api-1.1.1.jar:/home/user/.m2/repository/com/sun/jersey/jersey-server/1.19/jersey-server-1.19.jar:/home/user/.m2/repository/javax/servlet/javax.servlet-api/3.1.0/javax.servlet-api-3.1.0.jar:/home/user/.m2/repository/org/eclipse/jetty/jetty-server/9.3.25.v20180904/jetty-server-9.3.25.v20180904.jar:/home/user/.m2/repository/org/eclipse/jetty/jetty-http/9.3.25.v20180904/jetty-http-9.3.25.v20180904.jar:/home/user/.m2/repository/org/eclipse/jetty/jetty-io/9.3.25.v20180904/jetty-io-9.3.25.v20180904.jar:/home/user/.m2/repository/org/eclipse/jetty/jetty-webapp/9.3.25.v20180904/jetty-webapp-9.3.25.v20180904.jar:/home/user/.m2/repository/org/eclipse/jetty/jetty-xml/9.3.25.v20180904/jetty-xml-9.3.25.v20180904.jar:/home/user/.m2/repository/log4j/log4j/1.2.17/log4j-1.2.17.jar:/home/user/.m2/repository/org/slf4j/slf4j-api/1.7.25/slf4j-api-1.7.25.jar:/home/user/.m2/repository/org/slf4j/jul-to-slf4j/1.7.25/jul-to-slf4j-1.7.25.jar:/home/user/.m2/repository/org/eclipse/jetty/jetty-util/9.3.25.v20180904/jetty-util-9.3.25.v20180904.jar:/home/user/.m2/repository/com/fasterxml/jackson/core/jackson-databind/2.9.9/jackson-databind-2.9.9.jar:/home/user/.m2/repository/org/apache/hadoop/hadoop-kms/3.2.0/hadoop-kms-3.2.0-tests.jar:/home/user/.m2/repository/org/apache/hadoop/hadoop-hdds-server-scm/0.5.0-SNAPSHOT/hadoop-hdds-server-scm-0.5.0-SNAPSHOT-tests.jar:/home/user/.m2/repository/org/apache/hadoop/hadoop-hdds-container-service/0.5.0-SNAPSHOT/hadoop-hdds-container-service-0.5.0-SNAPSHOT-tests.jar:/home/user/.m2/repository/org/yaml/snakeyaml/1.16/snakeyaml-1.16.jar:/home/user/.m2/repository/org/apache/hadoop/hadoop-common/3.2.0/hadoop-common-3.2.0-tests.jar:/home/user/.m2/repository/org/apache/hadoop/hadoop-annotations/3.2.0/hadoop-annotations-3.2.0.jar:/usr/lib/jvm/java-1.8-openjdk/jre/../lib/tools.jar:/home/user/.m2/repository/commons-cli/commons-cli/1.2/commons-cli-1.2.jar:/home/user/.m2/repository/org/apache/httpcomponents/httpclient/4.5.2/httpclient-4.5.2.jar:/home/user/.m2/repository/org/apache/httpcomponents/httpcore/4.4.4/httpcore-4.4.4.jar:/home/user/.m2/repository/commons-codec/commons-codec/1.11/commons-codec-1.11.jar:/home/user/.m2/repository/commons-net/commons-net/3.6/commons-net-3.6.jar:/home/user/.m2/repository/commons-collections/commons-collections/3.2.2/commons-collections-3.2.2.jar:/home/user/.m2/repository/org/eclipse/jetty/jetty-servlet/9.3.25.v20180904/jetty-servlet-9.3.25.v20180904.jar:/home/user/.m2/repository/org/eclipse/jetty/jetty-security/9.3.25.v20180904/jetty-security-9.3.25.v20180904.jar:/home/user/.m2/repository/javax/servlet/jsp/jsp-api/2.1/jsp-api-2.1.jar:/home/user/.m2/repository/com/sun/jersey/jersey-servlet/1.19/jersey-servlet-1.19.jar:/home/user/.m2/repository/com/sun/jersey/jersey-json/1.19/jersey-json-1.19.jar:/home/user/.m2/repository/org/codehaus/jettison/jettison/1.1/jettison-1.1.jar:/home/user/.m2/repository/org/codehaus/jackson/jackson-core-asl/1.9.13/jackson-core-asl-1.9.13.jar:/home/user/.m2/repository/org/codehaus/jackson/jackson-mapper-asl/1.9.13/jackson-mapper-asl-1.9.13.jar:/home/user/.m2/repository/org/codehaus/jackson/jackson-jaxrs/1.9.13/jackson-jaxrs-1.9.13.jar:/home/user/.m2/repository/org/codehaus/jackson/jackson-xc/1.9.13/jackson-xc-1.9.13.jar:/home/user/.m2/repository/commons-logging/commons-logging/1.1.3/commons-logging-1.1.3.jar:/home/user/.m2/repository/commons-beanutils/commons-beanutils/1.9.4/commons-beanutils-1.9.4.jar:/home/user/.m2/repository/org/apache/commons/commons-configuration2/2.1.1/commons-configuration2-2.1.1.jar:/home/user/.m2/repository/org/apache/commons/commons-lang3/3.7/commons-lang3-3.7.jar:/home/user/.m2/repository/org/apache/commons/commons-text/1.4/commons-text-1.4.jar:/home/user/.m2/repository/org/apache/avro/avro/1.7.7/avro-1.7.7.jar:/home/user/.m2/repository/com/thoughtworks/paranamer/paranamer/2.3/paranamer-2.3.jar:/home/user/.m2/repository/org/xerial/snappy/snappy-java/1.0.5/snappy-java-1.0.5.jar:/home/user/.m2/repository/com/google/re2j/re2j/1.1/re2j-1.1.jar:/home/user/.m2/repository/com/google/code/gson/gson/2.2.4/gson-2.2.4.jar:/home/user/.m2/repository/com/jcraft/jsch/0.1.54/jsch-0.1.54.jar:/home/user/.m2/repository/org/apache/curator/curator-client/2.12.0/curator-client-2.12.0.jar:/home/user/.m2/repository/org/apache/curator/curator-recipes/2.12.0/curator-recipes-2.12.0.jar:/home/user/.m2/repository/com/google/code/findbugs/jsr305/3.0.0/jsr305-3.0.0.jar:/home/user/.m2/repository/org/apache/htrace/htrace-core4/4.1.0-incubating/htrace-core4-4.1.0-incubating.jar:/home/user/.m2/repository/org/apache/zookeeper/zookeeper/3.4.13/zookeeper-3.4.13.jar:/home/user/.m2/repository/jline/jline/0.9.94/jline-0.9.94.jar:/home/user/.m2/repository/org/apache/yetus/audience-annotations/0.5.0/audience-annotations-0.5.0.jar:/home/user/.m2/repository/org/codehaus/woodstox/stax2-api/3.1.4/stax2-api-3.1.4.jar:/home/user/.m2/repository/com/fasterxml/woodstox/woodstox-core/5.0.3/woodstox-core-5.0.3.jar:/home/user/.m2/repository/dnsjava/dnsjava/2.1.7/dnsjava-2.1.7.jar:/home/user/.m2/repository/org/apache/hadoop/hadoop-hdfs/3.2.0/hadoop-hdfs-3.2.0-tests.jar:/home/user/.m2/repository/org/eclipse/jetty/jetty-util-ajax/9.3.25.v20180904/jetty-util-ajax-9.3.25.v20180904.jar:/home/user/.m2/repository/commons-daemon/commons-daemon/1.0.13/commons-daemon-1.0.13.jar:/home/user/.m2/repository/io/netty/netty/3.10.5.Final/netty-3.10.5.Final.jar:/home/user/.m2/repository/io/netty/netty-all/4.0.52.Final/netty-all-4.0.52.Final.jar:/home/user/.m2/repository/org/fusesource/leveldbjni/leveldbjni-all/1.8/leveldbjni-all-1.8.jar:"/>
    <property name="java.vm.vendor" value="IcedTea"/>
    <property name="sun.arch.data.model" value="64"/>
    <property name="test.build.dir" value="/workdir/hadoop-ozone/integration-test/target/test-dir"/>
    <property name="test.cache.data" value=""/>
    <property name="java.vendor.url" value="https://icedtea.classpath.org"/>
    <property name="user.timezone" value=""/>
    <property name="java.vm.specification.version" value="1.8"/>
    <property name="os.name" value="Linux"/>
    <property name="test.build.data" value="/workdir/hadoop-ozone/integration-test/target/test-dir"/>
    <property name="user.country" value="US"/>
    <property name="sun.java.launcher" value="SUN_STANDARD"/>
    <property name="sun.boot.library.path" value="/usr/lib/jvm/java-1.8-openjdk/jre/lib/amd64"/>
    <property name="sun.java.command" value="/workdir/hadoop-ozone/integration-test/target/surefire/surefirebooter2804330744123121166.jar /workdir/hadoop-ozone/integration-test/target/surefire 2019-10-02T10-27-51_755-jvmRun1 surefire5383742520537908820tmp surefire_757864002309849830131tmp"/>
    <property name="test" value="!TestMiniChaosOzoneCluster"/>
    <property name="surefire.test.class.path" value="/workdir/hadoop-ozone/integration-test/target/test-classes:/workdir/hadoop-ozone/integration-test/target/classes:/home/user/.m2/repository/org/apache/hadoop/hadoop-ozone-common/0.5.0-SNAPSHOT/hadoop-ozone-common-0.5.0-SNAPSHOT.jar:/home/user/.m2/repository/org/apache/commons/commons-compress/1.4.1/commons-compress-1.4.1.jar:/home/user/.m2/repository/org/tukaani/xz/1.0/xz-1.0.jar:/home/user/.m2/repository/org/apache/hadoop/hadoop-common/3.2.0/hadoop-common-3.2.0.jar:/home/user/.m2/repository/org/apache/hadoop/hadoop-hdfs/3.2.0/hadoop-hdfs-3.2.0.jar:/home/user/.m2/repository/org/apache/hadoop/hadoop-hdfs-client/3.2.0/hadoop-hdfs-client-3.2.0.jar:/home/user/.m2/repository/com/fasterxml/jackson/core/jackson-annotations/2.9.9/jackson-annotations-2.9.9.jar:/home/user/.m2/repository/org/apache/hadoop/hadoop-hdds-common/0.5.0-SNAPSHOT/hadoop-hdds-common-0.5.0-SNAPSHOT.jar:/home/user/.m2/repository/javax/annotation/javax.annotation-api/1.2/javax.annotation-api-1.2.jar:/home/user/.m2/repository/org/apache/ratis/ratis-server/0.5.0-201fc85-SNAPSHOT/ratis-server-0.5.0-201fc85-SNAPSHOT.jar:/home/user/.m2/repository/org/apache/ratis/ratis-thirdparty-misc/0.2.0/ratis-thirdparty-misc-0.2.0.jar:/home/user/.m2/repository/org/apache/ratis/ratis-proto/0.5.0-201fc85-SNAPSHOT/ratis-proto-0.5.0-201fc85-SNAPSHOT.jar:/home/user/.m2/repository/org/apache/ratis/ratis-common/0.5.0-201fc85-SNAPSHOT/ratis-common-0.5.0-201fc85-SNAPSHOT.jar:/home/user/.m2/repository/org/apache/ratis/ratis-client/0.5.0-201fc85-SNAPSHOT/ratis-client-0.5.0-201fc85-SNAPSHOT.jar:/home/user/.m2/repository/org/apache/ratis/ratis-metrics/0.5.0-201fc85-SNAPSHOT/ratis-metrics-0.5.0-201fc85-SNAPSHOT.jar:/home/user/.m2/repository/com/github/joshelser/dropwizard-metrics-hadoop-metrics2-reporter/0.1.2/dropwizard-metrics-hadoop-metrics2-reporter-0.1.2.jar:/home/user/.m2/repository/io/dropwizard/metrics/metrics-jvm/3.2.5/metrics-jvm-3.2.5.jar:/home/user/.m2/repository/io/dropwizard/metrics/metrics-ganglia/3.2.5/metrics-ganglia-3.2.5.jar:/home/user/.m2/repository/info/ganglia/gmetric4j/gmetric4j/1.0.7/gmetric4j-1.0.7.jar:/home/user/.m2/repository/org/apache/ratis/ratis-netty/0.5.0-201fc85-SNAPSHOT/ratis-netty-0.5.0-201fc85-SNAPSHOT.jar:/home/user/.m2/repository/org/apache/ratis/ratis-grpc/0.5.0-201fc85-SNAPSHOT/ratis-grpc-0.5.0-201fc85-SNAPSHOT.jar:/home/user/.m2/repository/org/rocksdb/rocksdbjni/6.0.1/rocksdbjni-6.0.1.jar:/home/user/.m2/repository/org/apache/logging/log4j/log4j-api/2.11.0/log4j-api-2.11.0.jar:/home/user/.m2/repository/org/apache/logging/log4j/log4j-core/2.11.0/log4j-core-2.11.0.jar:/home/user/.m2/repository/com/lmax/disruptor/3.4.2/disruptor-3.4.2.jar:/home/user/.m2/repository/org/apache/commons/commons-pool2/2.6.0/commons-pool2-2.6.0.jar:/home/user/.m2/repository/org/bouncycastle/bcpkix-jdk15on/1.60/bcpkix-jdk15on-1.60.jar:/home/user/.m2/repository/commons-validator/commons-validator/1.6/commons-validator-1.6.jar:/home/user/.m2/repository/commons-digester/commons-digester/1.8.1/commons-digester-1.8.1.jar:/home/user/.m2/repository/io/jaegertracing/jaeger-client/0.34.0/jaeger-client-0.34.0.jar:/home/user/.m2/repository/io/jaegertracing/jaeger-thrift/0.34.0/jaeger-thrift-0.34.0.jar:/home/user/.m2/repository/org/apache/thrift/libthrift/0.12.0/libthrift-0.12.0.jar:/home/user/.m2/repository/com/squareup/okhttp3/okhttp/3.9.0/okhttp-3.9.0.jar:/home/user/.m2/repository/com/squareup/okio/okio/1.13.0/okio-1.13.0.jar:/home/user/.m2/repository/io/jaegertracing/jaeger-core/0.34.0/jaeger-core-0.34.0.jar:/home/user/.m2/repository/io/jaegertracing/jaeger-tracerresolver/0.34.0/jaeger-tracerresolver-0.34.0.jar:/home/user/.m2/repository/io/opentracing/contrib/opentracing-tracerresolver/0.1.5/opentracing-tracerresolver-0.1.5.jar:/home/user/.m2/repository/io/opentracing/opentracing-util/0.31.0/opentracing-util-0.31.0.jar:/home/user/.m2/repository/io/opentracing/opentracing-api/0.31.0/opentracing-api-0.31.0.jar:/home/user/.m2/repository/io/opentracing/opentracing-noop/0.31.0/opentracing-noop-0.31.0.jar:/home/user/.m2/repository/org/apache/hadoop/hadoop-hdds-server-framework/0.5.0-SNAPSHOT/hadoop-hdds-server-framework-0.5.0-SNAPSHOT.jar:/home/user/.m2/repository/org/apache/hadoop/hadoop-hdds-container-service/0.5.0-SNAPSHOT/hadoop-hdds-container-service-0.5.0-SNAPSHOT.jar:/home/user/.m2/repository/org/apache/hadoop/hadoop-hdds-client/0.5.0-SNAPSHOT/hadoop-hdds-client-0.5.0-SNAPSHOT.jar:/home/user/.m2/repository/org/apache/hadoop/hadoop-hdds-tools/0.5.0-SNAPSHOT/hadoop-hdds-tools-0.5.0-SNAPSHOT.jar:/home/user/.m2/repository/org/apache/hadoop/hadoop-hdds-server-scm/0.5.0-SNAPSHOT/hadoop-hdds-server-scm-0.5.0-SNAPSHOT.jar:/home/user/.m2/repository/org/apache/hadoop/hadoop-hdds-docs/0.5.0-SNAPSHOT/hadoop-hdds-docs-0.5.0-SNAPSHOT.jar:/home/user/.m2/repository/io/dropwizard/metrics/metrics-core/3.2.4/metrics-core-3.2.4.jar:/home/user/.m2/repository/org/hamcrest/hamcrest-all/1.3/hamcrest-all-1.3.jar:/home/user/.m2/repository/org/bouncycastle/bcprov-jdk15on/1.60/bcprov-jdk15on-1.60.jar:/home/user/.m2/repository/info/picocli/picocli/3.9.6/picocli-3.9.6.jar:/home/user/.m2/repository/com/google/protobuf/protobuf-java/2.5.0/protobuf-java-2.5.0.jar:/home/user/.m2/repository/com/google/guava/guava/11.0.2/guava-11.0.2.jar:/home/user/.m2/repository/org/apache/hadoop/hadoop-ozone-ozone-manager/0.5.0-SNAPSHOT/hadoop-ozone-ozone-manager-0.5.0-SNAPSHOT.jar:/home/user/.m2/repository/org/apache/hadoop/hadoop-minikdc/3.2.0/hadoop-minikdc-3.2.0.jar:/home/user/.m2/repository/commons-io/commons-io/2.5/commons-io-2.5.jar:/home/user/.m2/repository/org/apache/kerby/kerb-simplekdc/1.0.1/kerb-simplekdc-1.0.1.jar:/home/user/.m2/repository/org/apache/kerby/kerb-client/1.0.1/kerb-client-1.0.1.jar:/home/user/.m2/repository/org/apache/kerby/kerby-config/1.0.1/kerby-config-1.0.1.jar:/home/user/.m2/repository/org/apache/kerby/kerb-core/1.0.1/kerb-core-1.0.1.jar:/home/user/.m2/repository/org/apache/kerby/kerby-pkix/1.0.1/kerby-pkix-1.0.1.jar:/home/user/.m2/repository/org/apache/kerby/kerby-asn1/1.0.1/kerby-asn1-1.0.1.jar:/home/user/.m2/repository/org/apache/kerby/kerby-util/1.0.1/kerby-util-1.0.1.jar:/home/user/.m2/repository/org/apache/kerby/kerb-common/1.0.1/kerb-common-1.0.1.jar:/home/user/.m2/repository/org/apache/kerby/kerb-crypto/1.0.1/kerb-crypto-1.0.1.jar:/home/user/.m2/repository/org/apache/kerby/kerb-util/1.0.1/kerb-util-1.0.1.jar:/home/user/.m2/repository/org/apache/kerby/token-provider/1.0.1/token-provider-1.0.1.jar:/home/user/.m2/repository/org/apache/kerby/kerb-admin/1.0.1/kerb-admin-1.0.1.jar:/home/user/.m2/repository/org/apache/kerby/kerb-server/1.0.1/kerb-server-1.0.1.jar:/home/user/.m2/repository/org/apache/kerby/kerb-identity/1.0.1/kerb-identity-1.0.1.jar:/home/user/.m2/repository/org/apache/kerby/kerby-xdr/1.0.1/kerby-xdr-1.0.1.jar:/home/user/.m2/repository/org/slf4j/slf4j-log4j12/1.7.25/slf4j-log4j12-1.7.25.jar:/home/user/.m2/repository/org/apache/hadoop/hadoop-ozone-s3gateway/0.5.0-SNAPSHOT/hadoop-ozone-s3gateway-0.5.0-SNAPSHOT.jar:/home/user/.m2/repository/org/jboss/weld/servlet/weld-servlet/2.4.7.Final/weld-servlet-2.4.7.Final.jar:/home/user/.m2/repository/org/glassfish/jersey/containers/jersey-container-servlet-core/2.27/jersey-container-servlet-core-2.27.jar:/home/user/.m2/repository/org/glassfish/hk2/external/javax.inject/2.5.0-b42/javax.inject-2.5.0-b42.jar:/home/user/.m2/repository/org/glassfish/jersey/core/jersey-common/2.27/jersey-common-2.27.jar:/home/user/.m2/repository/org/glassfish/hk2/osgi-resource-locator/1.0.1/osgi-resource-locator-1.0.1.jar:/home/user/.m2/repository/javax/ws/rs/javax.ws.rs-api/2.1/javax.ws.rs-api-2.1.jar:/home/user/.m2/repository/org/glassfish/jersey/ext/cdi/jersey-cdi1x/2.27/jersey-cdi1x-2.27.jar:/home/user/.m2/repository/org/glassfish/jersey/inject/jersey-hk2/2.27/jersey-hk2-2.27.jar:/home/user/.m2/repository/org/glassfish/hk2/hk2-locator/2.5.0-b42/hk2-locator-2.5.0-b42.jar:/home/user/.m2/repository/org/javassist/javassist/3.22.0-CR2/javassist-3.22.0-CR2.jar:/home/user/.m2/repository/org/glassfish/hk2/hk2-api/2.5.0/hk2-api-2.5.0.jar:/home/user/.m2/repository/org/glassfish/hk2/external/jakarta.inject/2.5.0/jakarta.inject-2.5.0.jar:/home/user/.m2/repository/org/glassfish/hk2/hk2-utils/2.5.0/hk2-utils-2.5.0.jar:/home/user/.m2/repository/jakarta/annotation/jakarta.annotation-api/1.3.4/jakarta.annotation-api-1.3.4.jar:/home/user/.m2/repository/org/glassfish/hk2/external/aopalliance-repackaged/2.5.0/aopalliance-repackaged-2.5.0.jar:/home/user/.m2/repository/com/fasterxml/jackson/dataformat/jackson-dataformat-xml/2.9.0/jackson-dataformat-xml-2.9.0.jar:/home/user/.m2/repository/com/fasterxml/jackson/core/jackson-core/2.9.9/jackson-core-2.9.9.jar:/home/user/.m2/repository/com/fasterxml/jackson/module/jackson-module-jaxb-annotations/2.9.9/jackson-module-jaxb-annotations-2.9.9.jar:/home/user/.m2/repository/javax/enterprise/cdi-api/1.2/cdi-api-1.2.jar:/home/user/.m2/repository/javax/el/javax.el-api/3.0.0/javax.el-api-3.0.0.jar:/home/user/.m2/repository/javax/interceptor/javax.interceptor-api/1.2/javax.interceptor-api-1.2.jar:/home/user/.m2/repository/javax/inject/javax.inject/1/javax.inject-1.jar:/home/user/.m2/repository/com/sun/xml/bind/jaxb-impl/2.3.0.1/jaxb-impl-2.3.0.1.jar:/home/user/.m2/repository/com/sun/xml/bind/jaxb-core/2.3.0.1/jaxb-core-2.3.0.1.jar:/home/user/.m2/repository/javax/xml/bind/jaxb-api/2.3.0/jaxb-api-2.3.0.jar:/home/user/.m2/repository/javax/activation/activation/1.1.1/activation-1.1.1.jar:/home/user/.m2/repository/org/apache/hadoop/hadoop-ozone-csi/0.5.0-SNAPSHOT/hadoop-ozone-csi-0.5.0-SNAPSHOT.jar:/home/user/.m2/repository/com/google/protobuf/protobuf-java-util/3.5.1/protobuf-java-util-3.5.1.jar:/home/user/.m2/repository/org/apache/hadoop/hadoop-hdds-config/0.5.0-SNAPSHOT/hadoop-hdds-config-0.5.0-SNAPSHOT.jar:/home/user/.m2/repository/io/grpc/grpc-netty/1.17.1/grpc-netty-1.17.1.jar:/home/user/.m2/repository/io/grpc/grpc-core/1.17.1/grpc-core-1.17.1.jar:/home/user/.m2/repository/io/grpc/grpc-context/1.17.1/grpc-context-1.17.1.jar:/home/user/.m2/repository/com/google/errorprone/error_prone_annotations/2.2.0/error_prone_annotations-2.2.0.jar:/home/user/.m2/repository/org/codehaus/mojo/animal-sniffer-annotations/1.17/animal-sniffer-annotations-1.17.jar:/home/user/.m2/repository/io/opencensus/opencensus-api/0.17.0/opencensus-api-0.17.0.jar:/home/user/.m2/repository/io/opencensus/opencensus-contrib-grpc-metrics/0.17.0/opencensus-contrib-grpc-metrics-0.17.0.jar:/home/user/.m2/repository/io/netty/netty-codec-http2/4.1.30.Final/netty-codec-http2-4.1.30.Final.jar:/home/user/.m2/repository/io/netty/netty-codec-http/4.1.30.Final/netty-codec-http-4.1.30.Final.jar:/home/user/.m2/repository/io/netty/netty-codec/4.1.30.Final/netty-codec-4.1.30.Final.jar:/home/user/.m2/repository/io/netty/netty-handler/4.1.30.Final/netty-handler-4.1.30.Final.jar:/home/user/.m2/repository/io/netty/netty-handler-proxy/4.1.30.Final/netty-handler-proxy-4.1.30.Final.jar:/home/user/.m2/repository/io/netty/netty-codec-socks/4.1.30.Final/netty-codec-socks-4.1.30.Final.jar:/home/user/.m2/repository/io/netty/netty-transport-native-epoll/4.1.30.Final/netty-transport-native-epoll-4.1.30.Final.jar:/home/user/.m2/repository/io/netty/netty-common/4.1.30.Final/netty-common-4.1.30.Final.jar:/home/user/.m2/repository/io/netty/netty-buffer/4.1.30.Final/netty-buffer-4.1.30.Final.jar:/home/user/.m2/repository/io/netty/netty-transport/4.1.30.Final/netty-transport-4.1.30.Final.jar:/home/user/.m2/repository/io/netty/netty-resolver/4.1.30.Final/netty-resolver-4.1.30.Final.jar:/home/user/.m2/repository/io/netty/netty-transport-native-unix-common/4.1.30.Final/netty-transport-native-unix-common-4.1.30.Final.jar:/home/user/.m2/repository/io/grpc/grpc-protobuf/1.17.1/grpc-protobuf-1.17.1.jar:/home/user/.m2/repository/com/google/api/grpc/proto-google-common-protos/1.0.0/proto-google-common-protos-1.0.0.jar:/home/user/.m2/repository/io/grpc/grpc-protobuf-lite/1.17.1/grpc-protobuf-lite-1.17.1.jar:/home/user/.m2/repository/io/grpc/grpc-stub/1.17.1/grpc-stub-1.17.1.jar:/home/user/.m2/repository/org/apache/hadoop/hadoop-ozone-recon/0.5.0-SNAPSHOT/hadoop-ozone-recon-0.5.0-SNAPSHOT.jar:/home/user/.m2/repository/org/apache/hadoop/hadoop-ozone-reconcodegen/0.5.0-SNAPSHOT/hadoop-ozone-reconcodegen-0.5.0-SNAPSHOT.jar:/home/user/.m2/repository/com/google/inject/extensions/guice-multibindings/4.0/guice-multibindings-4.0.jar:/home/user/.m2/repository/com/google/inject/guice/4.0/guice-4.0.jar:/home/user/.m2/repository/aopalliance/aopalliance/1.0/aopalliance-1.0.jar:/home/user/.m2/repository/com/google/inject/extensions/guice-servlet/4.0/guice-servlet-4.0.jar:/home/user/.m2/repository/org/glassfish/jersey/containers/jersey-container-servlet/2.27/jersey-container-servlet-2.27.jar:/home/user/.m2/repository/org/glassfish/hk2/guice-bridge/2.5.0/guice-bridge-2.5.0.jar:/home/user/.m2/repository/org/glassfish/jersey/core/jersey-server/2.27/jersey-server-2.27.jar:/home/user/.m2/repository/org/glassfish/jersey/core/jersey-client/2.27/jersey-client-2.27.jar:/home/user/.m2/repository/org/glassfish/jersey/media/jersey-media-jaxb/2.27/jersey-media-jaxb-2.27.jar:/home/user/.m2/repository/javax/validation/validation-api/1.1.0.Final/validation-api-1.1.0.Final.jar:/home/user/.m2/repository/org/glassfish/jersey/media/jersey-media-json-jackson/2.27/jersey-media-json-jackson-2.27.jar:/home/user/.m2/repository/org/glassfish/jersey/ext/jersey-entity-filtering/2.27/jersey-entity-filtering-2.27.jar:/home/user/.m2/repository/com/google/inject/extensions/guice-assistedinject/4.0/guice-assistedinject-4.0.jar:/home/user/.m2/repository/org/jooq/jooq/3.11.10/jooq-3.11.10.jar:/home/user/.m2/repository/org/jooq/jooq-meta/3.11.10/jooq-meta-3.11.10.jar:/home/user/.m2/repository/org/jooq/jooq-codegen/3.11.10/jooq-codegen-3.11.10.jar:/home/user/.m2/repository/com/jolbox/bonecp/0.8.0.RELEASE/bonecp-0.8.0.RELEASE.jar:/home/user/.m2/repository/org/xerial/sqlite-jdbc/3.25.2/sqlite-jdbc-3.25.2.jar:/home/user/.m2/repository/org/springframework/spring-jdbc/5.1.3.RELEASE/spring-jdbc-5.1.3.RELEASE.jar:/home/user/.m2/repository/org/springframework/spring-beans/5.1.3.RELEASE/spring-beans-5.1.3.RELEASE.jar:/home/user/.m2/repository/org/springframework/spring-core/5.1.3.RELEASE/spring-core-5.1.3.RELEASE.jar:/home/user/.m2/repository/org/springframework/spring-jcl/5.1.3.RELEASE/spring-jcl-5.1.3.RELEASE.jar:/home/user/.m2/repository/org/springframework/spring-tx/5.1.3.RELEASE/spring-tx-5.1.3.RELEASE.jar:/home/user/.m2/repository/org/apache/hadoop/hadoop-ozone-client/0.5.0-SNAPSHOT/hadoop-ozone-client-0.5.0-SNAPSHOT.jar:/home/user/.m2/repository/commons-lang/commons-lang/2.6/commons-lang-2.6.jar:/home/user/.m2/repository/org/apache/hadoop/hadoop-ozone-ozone-manager/0.5.0-SNAPSHOT/hadoop-ozone-ozone-manager-0.5.0-SNAPSHOT-tests.jar:/home/user/.m2/repository/junit/junit/4.11/junit-4.11.jar:/home/user/.m2/repository/org/hamcrest/hamcrest-core/1.3/hamcrest-core-1.3.jar:/home/user/.m2/repository/org/openjdk/jmh/jmh-core/1.19/jmh-core-1.19.jar:/home/user/.m2/repository/net/sf/jopt-simple/jopt-simple/4.6/jopt-simple-4.6.jar:/home/user/.m2/repository/org/apache/commons/commons-math3/3.1.1/commons-math3-3.1.1.jar:/home/user/.m2/repository/org/openjdk/jmh/jmh-generator-annprocess/1.19/jmh-generator-annprocess-1.19.jar:/home/user/.m2/repository/org/mockito/mockito-all/1.8.5/mockito-all-1.8.5.jar:/home/user/.m2/repository/org/apache/hadoop/hadoop-kms/3.2.0/hadoop-kms-3.2.0.jar:/home/user/.m2/repository/org/apache/hadoop/hadoop-auth/3.2.0/hadoop-auth-3.2.0.jar:/home/user/.m2/repository/com/nimbusds/nimbus-jose-jwt/4.41.1/nimbus-jose-jwt-4.41.1.jar:/home/user/.m2/repository/com/github/stephenc/jcip/jcip-annotations/1.0-1/jcip-annotations-1.0-1.jar:/home/user/.m2/repository/net/minidev/json-smart/2.3/json-smart-2.3.jar:/home/user/.m2/repository/net/minidev/accessors-smart/1.2/accessors-smart-1.2.jar:/home/user/.m2/repository/org/ow2/asm/asm/5.0.4/asm-5.0.4.jar:/home/user/.m2/repository/org/apache/curator/curator-framework/2.12.0/curator-framework-2.12.0.jar:/home/user/.m2/repository/com/sun/jersey/jersey-core/1.19/jersey-core-1.19.jar:/home/user/.m2/repository/javax/ws/rs/jsr311-api/1.1.1/jsr311-api-1.1.1.jar:/home/user/.m2/repository/com/sun/jersey/jersey-server/1.19/jersey-server-1.19.jar:/home/user/.m2/repository/javax/servlet/javax.servlet-api/3.1.0/javax.servlet-api-3.1.0.jar:/home/user/.m2/repository/org/eclipse/jetty/jetty-server/9.3.25.v20180904/jetty-server-9.3.25.v20180904.jar:/home/user/.m2/repository/org/eclipse/jetty/jetty-http/9.3.25.v20180904/jetty-http-9.3.25.v20180904.jar:/home/user/.m2/repository/org/eclipse/jetty/jetty-io/9.3.25.v20180904/jetty-io-9.3.25.v20180904.jar:/home/user/.m2/repository/org/eclipse/jetty/jetty-webapp/9.3.25.v20180904/jetty-webapp-9.3.25.v20180904.jar:/home/user/.m2/repository/org/eclipse/jetty/jetty-xml/9.3.25.v20180904/jetty-xml-9.3.25.v20180904.jar:/home/user/.m2/repository/log4j/log4j/1.2.17/log4j-1.2.17.jar:/home/user/.m2/repository/org/slf4j/slf4j-api/1.7.25/slf4j-api-1.7.25.jar:/home/user/.m2/repository/org/slf4j/jul-to-slf4j/1.7.25/jul-to-slf4j-1.7.25.jar:/home/user/.m2/repository/org/eclipse/jetty/jetty-util/9.3.25.v20180904/jetty-util-9.3.25.v20180904.jar:/home/user/.m2/repository/com/fasterxml/jackson/core/jackson-databind/2.9.9/jackson-databind-2.9.9.jar:/home/user/.m2/repository/org/apache/hadoop/hadoop-kms/3.2.0/hadoop-kms-3.2.0-tests.jar:/home/user/.m2/repository/org/apache/hadoop/hadoop-hdds-server-scm/0.5.0-SNAPSHOT/hadoop-hdds-server-scm-0.5.0-SNAPSHOT-tests.jar:/home/user/.m2/repository/org/apache/hadoop/hadoop-hdds-container-service/0.5.0-SNAPSHOT/hadoop-hdds-container-service-0.5.0-SNAPSHOT-tests.jar:/home/user/.m2/repository/org/yaml/snakeyaml/1.16/snakeyaml-1.16.jar:/home/user/.m2/repository/org/apache/hadoop/hadoop-common/3.2.0/hadoop-common-3.2.0-tests.jar:/home/user/.m2/repository/org/apache/hadoop/hadoop-annotations/3.2.0/hadoop-annotations-3.2.0.jar:/usr/lib/jvm/java-1.8-openjdk/jre/../lib/tools.jar:/home/user/.m2/repository/commons-cli/commons-cli/1.2/commons-cli-1.2.jar:/home/user/.m2/repository/org/apache/httpcomponents/httpclient/4.5.2/httpclient-4.5.2.jar:/home/user/.m2/repository/org/apache/httpcomponents/httpcore/4.4.4/httpcore-4.4.4.jar:/home/user/.m2/repository/commons-codec/commons-codec/1.11/commons-codec-1.11.jar:/home/user/.m2/repository/commons-net/commons-net/3.6/commons-net-3.6.jar:/home/user/.m2/repository/commons-collections/commons-collections/3.2.2/commons-collections-3.2.2.jar:/home/user/.m2/repository/org/eclipse/jetty/jetty-servlet/9.3.25.v20180904/jetty-servlet-9.3.25.v20180904.jar:/home/user/.m2/repository/org/eclipse/jetty/jetty-security/9.3.25.v20180904/jetty-security-9.3.25.v20180904.jar:/home/user/.m2/repository/javax/servlet/jsp/jsp-api/2.1/jsp-api-2.1.jar:/home/user/.m2/repository/com/sun/jersey/jersey-servlet/1.19/jersey-servlet-1.19.jar:/home/user/.m2/repository/com/sun/jersey/jersey-json/1.19/jersey-json-1.19.jar:/home/user/.m2/repository/org/codehaus/jettison/jettison/1.1/jettison-1.1.jar:/home/user/.m2/repository/org/codehaus/jackson/jackson-core-asl/1.9.13/jackson-core-asl-1.9.13.jar:/home/user/.m2/repository/org/codehaus/jackson/jackson-mapper-asl/1.9.13/jackson-mapper-asl-1.9.13.jar:/home/user/.m2/repository/org/codehaus/jackson/jackson-jaxrs/1.9.13/jackson-jaxrs-1.9.13.jar:/home/user/.m2/repository/org/codehaus/jackson/jackson-xc/1.9.13/jackson-xc-1.9.13.jar:/home/user/.m2/repository/commons-logging/commons-logging/1.1.3/commons-logging-1.1.3.jar:/home/user/.m2/repository/commons-beanutils/commons-beanutils/1.9.4/commons-beanutils-1.9.4.jar:/home/user/.m2/repository/org/apache/commons/commons-configuration2/2.1.1/commons-configuration2-2.1.1.jar:/home/user/.m2/repository/org/apache/commons/commons-lang3/3.7/commons-lang3-3.7.jar:/home/user/.m2/repository/org/apache/commons/commons-text/1.4/commons-text-1.4.jar:/home/user/.m2/repository/org/apache/avro/avro/1.7.7/avro-1.7.7.jar:/home/user/.m2/repository/com/thoughtworks/paranamer/paranamer/2.3/paranamer-2.3.jar:/home/user/.m2/repository/org/xerial/snappy/snappy-java/1.0.5/snappy-java-1.0.5.jar:/home/user/.m2/repository/com/google/re2j/re2j/1.1/re2j-1.1.jar:/home/user/.m2/repository/com/google/code/gson/gson/2.2.4/gson-2.2.4.jar:/home/user/.m2/repository/com/jcraft/jsch/0.1.54/jsch-0.1.54.jar:/home/user/.m2/repository/org/apache/curator/curator-client/2.12.0/curator-client-2.12.0.jar:/home/user/.m2/repository/org/apache/curator/curator-recipes/2.12.0/curator-recipes-2.12.0.jar:/home/user/.m2/repository/com/google/code/findbugs/jsr305/3.0.0/jsr305-3.0.0.jar:/home/user/.m2/repository/org/apache/htrace/htrace-core4/4.1.0-incubating/htrace-core4-4.1.0-incubating.jar:/home/user/.m2/repository/org/apache/zookeeper/zookeeper/3.4.13/zookeeper-3.4.13.jar:/home/user/.m2/repository/jline/jline/0.9.94/jline-0.9.94.jar:/home/user/.m2/repository/org/apache/yetus/audience-annotations/0.5.0/audience-annotations-0.5.0.jar:/home/user/.m2/repository/org/codehaus/woodstox/stax2-api/3.1.4/stax2-api-3.1.4.jar:/home/user/.m2/repository/com/fasterxml/woodstox/woodstox-core/5.0.3/woodstox-core-5.0.3.jar:/home/user/.m2/repository/dnsjava/dnsjava/2.1.7/dnsjava-2.1.7.jar:/home/user/.m2/repository/org/apache/hadoop/hadoop-hdfs/3.2.0/hadoop-hdfs-3.2.0-tests.jar:/home/user/.m2/repository/org/eclipse/jetty/jetty-util-ajax/9.3.25.v20180904/jetty-util-ajax-9.3.25.v20180904.jar:/home/user/.m2/repository/commons-daemon/commons-daemon/1.0.13/commons-daemon-1.0.13.jar:/home/user/.m2/repository/io/netty/netty/3.10.5.Final/netty-3.10.5.Final.jar:/home/user/.m2/repository/io/netty/netty-all/4.0.52.Final/netty-all-4.0.52.Final.jar:/home/user/.m2/repository/org/fusesource/leveldbjni/leveldbjni-all/1.8/leveldbjni-all-1.8.jar:"/>
    <property name="sun.cpu.endian" value="little"/>
    <property name="user.home" value="/home/user"/>
    <property name="user.language" value="en"/>
    <property name="java.specification.vendor" value="Oracle Corporation"/>
    <property name="java.home" value="/usr/lib/jvm/java-1.8-openjdk/jre"/>
    <property name="java.security.krb5.conf" value="/workdir/hadoop-ozone/integration-test/target/test-classes/krb5.conf"/>
    <property name="basedir" value="/workdir/hadoop-ozone/integration-test"/>
    <property name="file.separator" value="/"/>
    <property name="line.separator" value="&#10;"/>
    <property name="java.vm.specification.vendor" value="Oracle Corporation"/>
    <property name="java.specification.name" value="Java Platform API Specification"/>
    <property name="java.awt.graphicsenv" value="sun.awt.X11GraphicsEnvironment"/>
    <property name="surefire.real.class.path" value="/workdir/hadoop-ozone/integration-test/target/surefire/surefirebooter2804330744123121166.jar"/>
    <property name="hadoop.log.dir" value="/workdir/hadoop-ozone/integration-test/target/log"/>
    <property name="sun.boot.class.path" value="/usr/lib/jvm/java-1.8-openjdk/jre/lib/resources.jar:/usr/lib/jvm/java-1.8-openjdk/jre/lib/rt.jar:/usr/lib/jvm/java-1.8-openjdk/jre/lib/sunrsasign.jar:/usr/lib/jvm/java-1.8-openjdk/jre/lib/jsse.jar:/usr/lib/jvm/java-1.8-openjdk/jre/lib/jce.jar:/usr/lib/jvm/java-1.8-openjdk/jre/lib/charsets.jar:/usr/lib/jvm/java-1.8-openjdk/jre/lib/jfr.jar:/usr/lib/jvm/java-1.8-openjdk/jre/classes"/>
    <property name="sun.management.compiler" value="HotSpot 64-Bit Tiered Compilers"/>
    <property name="java.runtime.version" value="1.8.0_212-b04"/>
    <property name="java.net.preferIPv4Stack" value="true"/>
    <property name="user.name" value="jenkins1000"/>
    <property name="path.separator" value=":"/>
    <property name="java.security.egd" value="file:///dev/urandom"/>
    <property name="os.version" value="3.10.0-957.12.2.el7.x86_64"/>
    <property name="java.endorsed.dirs" value="/usr/lib/jvm/java-1.8-openjdk/jre/lib/endorsed"/>
    <property name="java.runtime.name" value="OpenJDK Runtime Environment"/>
    <property name="file.encoding" value="UTF-8"/>
    <property name="java.vm.name" value="OpenJDK 64-Bit Server VM"/>
    <property name="test.build.webapps" value=""/>
    <property name="localRepository" value="/home/user/.m2/repository"/>
    <property name="java.vendor.url.bug" value="https://icedtea.classpath.org/bugzilla"/>
    <property name="java.io.tmpdir" value="/tmp"/>
    <property name="require.test.libhadoop" value=""/>
    <property name="java.version" value="1.8.0_212"/>
    <property name="user.dir" value="/workdir/hadoop-ozone/integration-test"/>
    <property name="os.arch" value="amd64"/>
    <property name="java.vm.specification.name" value="Java Virtual Machine Specification"/>
    <property name="test.build.classes" value="/workdir/hadoop-ozone/integration-test/target/test-classes"/>
    <property name="java.awt.printerjob" value="sun.print.PSPrinterJob"/>
    <property name="sun.os.patch.level" value="unknown"/>
    <property name="hadoop.tmp.dir" value="/workdir/hadoop-ozone/integration-test/target/tmp"/>
    <property name="java.library.path" value="/usr/lib/jvm/java-1.8-openjdk/jre/lib/amd64/server:/usr/lib/jvm/java-1.8-openjdk/jre/lib/amd64:/usr/lib/jvm/java-1.8-openjdk/jre/../lib/amd64:/workdir/hadoop-ozone/integration-test/target/native/target/usr/local/lib:/workdir/hadoop-ozone/integration-test/../../hadoop-common-project/hadoop-common/target/native/target/usr/local/lib:/usr/java/packages/lib/amd64:/usr/lib64:/lib64:/lib:/usr/lib"/>
    <property name="java.vm.info" value="mixed mode"/>
    <property name="java.vendor" value="IcedTea"/>
    <property name="java.vm.version" value="25.212-b04"/>
    <property name="java.ext.dirs" value="/usr/lib/jvm/java-1.8-openjdk/jre/lib/ext:/usr/java/packages/lib/ext"/>
    <property name="sun.io.unicode.encoding" value="UnicodeLittle"/>
    <property name="java.class.version" value="52.0"/>
  </properties>
  <testcase name="testWatchForCommitWithKeyWrite" classname="org.apache.hadoop.ozone.client.rpc.TestWatchForCommit" time="84.349"/>
  <testcase name="testWatchForCommitWithSmallerTimeoutValue" classname="org.apache.hadoop.ozone.client.rpc.TestWatchForCommit" time="42.602"/>
  <testcase name="testWatchForCommitForRetryfailure" classname="org.apache.hadoop.ozone.client.rpc.TestWatchForCommit" time="83.253"/>
  <testcase name="testWatchForCommitForGroupMismatchException" classname="org.apache.hadoop.ozone.client.rpc.TestWatchForCommit" time="32.319"/>
  <testcase name="test2WayCommitForTimeoutException" classname="org.apache.hadoop.ozone.client.rpc.TestWatchForCommit" time="32.587">
    <error type="java.util.concurrent.TimeoutException">java.util.concurrent.TimeoutException
	at java.util.concurrent.CompletableFuture.timedGet(CompletableFuture.java:1771)
	at java.util.concurrent.CompletableFuture.get(CompletableFuture.java:1915)
	at org.apache.hadoop.hdds.scm.XceiverClientRatis.watchForCommit(XceiverClientRatis.java:298)
	at org.apache.hadoop.ozone.client.rpc.TestWatchForCommit.test2WayCommitForTimeoutException(TestWatchForCommit.java:391)
	at sun.reflect.NativeMethodAccessorImpl.invoke0(Native Method)
	at sun.reflect.NativeMethodAccessorImpl.invoke(NativeMethodAccessorImpl.java:62)
	at sun.reflect.DelegatingMethodAccessorImpl.invoke(DelegatingMethodAccessorImpl.java:43)
	at java.lang.reflect.Method.invoke(Method.java:498)
	at org.junit.runners.model.FrameworkMethod$1.runReflectiveCall(FrameworkMethod.java:47)
	at org.junit.internal.runners.model.ReflectiveCallable.run(ReflectiveCallable.java:12)
	at org.junit.runners.model.FrameworkMethod.invokeExplosively(FrameworkMethod.java:44)
	at org.junit.internal.runners.statements.InvokeMethod.evaluate(InvokeMethod.java:17)
	at org.junit.runners.ParentRunner.runLeaf(ParentRunner.java:271)
	at org.junit.runners.BlockJUnit4ClassRunner.runChild(BlockJUnit4ClassRunner.java:70)
	at org.junit.runners.BlockJUnit4ClassRunner.runChild(BlockJUnit4ClassRunner.java:50)
	at org.junit.runners.ParentRunner$3.run(ParentRunner.java:238)
	at org.junit.runners.ParentRunner$1.schedule(ParentRunner.java:63)
	at org.junit.runners.ParentRunner.runChildren(ParentRunner.java:236)
	at org.junit.runners.ParentRunner.access$000(ParentRunner.java:53)
	at org.junit.runners.ParentRunner$2.evaluate(ParentRunner.java:229)
	at org.junit.runners.ParentRunner.run(ParentRunner.java:309)
	at org.apache.maven.surefire.junit4.JUnit4Provider.execute(JUnit4Provider.java:365)
	at org.apache.maven.surefire.junit4.JUnit4Provider.executeWithRerun(JUnit4Provider.java:273)
	at org.apache.maven.surefire.junit4.JUnit4Provider.executeTestSet(JUnit4Provider.java:238)
	at org.apache.maven.surefire.junit4.JUnit4Provider.invoke(JUnit4Provider.java:159)
	at org.apache.maven.surefire.booter.ForkedBooter.invokeProviderInSameClassLoader(ForkedBooter.java:384)
	at org.apache.maven.surefire.booter.ForkedBooter.runSuitesInProcess(ForkedBooter.java:345)
	at org.apache.maven.surefire.booter.ForkedBooter.execute(ForkedBooter.java:126)
	at org.apache.maven.surefire.booter.ForkedBooter.main(ForkedBooter.java:418)
</error>
    <system-out><![CDATA[2019-10-02 12:06:23,538 [main] WARN  server.ServerUtils (ServerUtils.java:getScmDbDir(145)) - ozone.scm.db.dirs is not configured. We recommend adding this setting. Falling back to ozone.metadata.dirs instead.
2019-10-02 12:06:23,547 [main] WARN  server.ServerUtils (ServerUtils.java:getScmDbDir(145)) - ozone.scm.db.dirs is not configured. We recommend adding this setting. Falling back to ozone.metadata.dirs instead.
2019-10-02 12:06:23,547 [main] WARN  server.ServerUtils (ServerUtils.java:getScmDbDir(145)) - ozone.scm.db.dirs is not configured. We recommend adding this setting. Falling back to ozone.metadata.dirs instead.
2019-10-02 12:06:23,548 [main] INFO  db.DBStoreBuilder (DBStoreBuilder.java:addTable(110)) - using custom profile for table: deletedBlocks
2019-10-02 12:06:23,548 [main] INFO  db.DBStoreBuilder (DBStoreBuilder.java:processTables(161)) - Using default column profile:DBProfile.DISK for Table:deletedBlocks
2019-10-02 12:06:23,548 [main] INFO  db.DBStoreBuilder (DBStoreBuilder.java:addTable(110)) - using custom profile for table: validCerts
2019-10-02 12:06:23,549 [main] INFO  db.DBStoreBuilder (DBStoreBuilder.java:processTables(161)) - Using default column profile:DBProfile.DISK for Table:validCerts
2019-10-02 12:06:23,549 [main] INFO  db.DBStoreBuilder (DBStoreBuilder.java:addTable(110)) - using custom profile for table: revokedCerts
2019-10-02 12:06:23,549 [main] INFO  db.DBStoreBuilder (DBStoreBuilder.java:processTables(161)) - Using default column profile:DBProfile.DISK for Table:revokedCerts
2019-10-02 12:06:23,549 [main] INFO  db.DBStoreBuilder (DBStoreBuilder.java:addTable(110)) - using custom profile for table: default
2019-10-02 12:06:23,549 [main] INFO  db.DBStoreBuilder (DBStoreBuilder.java:processTables(167)) - Using default column profile:DBProfile.DISK for Table:default
2019-10-02 12:06:23,550 [main] INFO  db.DBStoreBuilder (DBStoreBuilder.java:getDbProfile(198)) - Using default options. DBProfile.DISK
2019-10-02 12:06:23,768 [main] INFO  net.NodeSchemaLoader (NodeSchemaLoader.java:loadSchemaFromFile(125)) - Loading file from sun.misc.CompoundEnumeration@64021427
2019-10-02 12:06:23,769 [main] INFO  net.NodeSchemaLoader (NodeSchemaLoader.java:loadSchema(171)) - Loading network topology layer schema file
2019-10-02 12:06:23,773 [main] WARN  server.ServerUtils (ServerUtils.java:sanitizeUserArgs(70)) - ozone.scm.stale.node.interval value = 300000 is larger than max = 100000 based on the key value of ozone.scm.heartbeat.thread.interval, reset to the max value 100000.
2019-10-02 12:06:23,774 [main] WARN  server.ServerUtils (ServerUtils.java:sanitizeUserArgs(70)) - ozone.scm.stale.node.interval value = 300000 is larger than max = 100000 based on the key value of ozone.scm.heartbeat.thread.interval, reset to the max value 100000.
2019-10-02 12:06:23,774 [main] INFO  node.SCMNodeManager (SCMNodeManager.java:<init>(117)) - Entering startup safe mode.
2019-10-02 12:06:23,775 [main] INFO  algorithms.ContainerPlacementPolicyFactory (ContainerPlacementPolicyFactory.java:getPolicy(57)) - Create container placement policy of type org.apache.hadoop.hdds.scm.container.placement.algorithms.SCMContainerPlacementRandom
2019-10-02 12:06:23,775 [main] WARN  server.ServerUtils (ServerUtils.java:getScmDbDir(145)) - ozone.scm.db.dirs is not configured. We recommend adding this setting. Falling back to ozone.metadata.dirs instead.
2019-10-02 12:06:23,866 [main] INFO  pipeline.SCMPipelineManager (SCMPipelineManager.java:initializePipelineState(132)) - No pipeline exists in current db
2019-10-02 12:06:23,866 [main] WARN  server.ServerUtils (ServerUtils.java:getScmDbDir(145)) - ozone.scm.db.dirs is not configured. We recommend adding this setting. Falling back to ozone.metadata.dirs instead.
2019-10-02 12:06:23,948 [main] WARN  events.EventQueue (EventQueue.java:fireEvent(183)) - No event handler registered for event TypedEvent{payloadType=SafeModeStatus, name='SafeModeStatus'}
2019-10-02 12:06:23,949 [main] INFO  ipc.CallQueueManager (CallQueueManager.java:<init>(84)) - Using callQueue: class java.util.concurrent.LinkedBlockingQueue, queueCapacity: 2000, scheduler: class org.apache.hadoop.ipc.DefaultRpcScheduler, ipcBackoff: false.
2019-10-02 12:06:23,950 [Socket Reader #1 for port 34766] INFO  ipc.Server (Server.java:run(1074)) - Starting Socket Reader #1 for port 34766
2019-10-02 12:06:23,955 [main] INFO  ipc.CallQueueManager (CallQueueManager.java:<init>(84)) - Using callQueue: class java.util.concurrent.LinkedBlockingQueue, queueCapacity: 2000, scheduler: class org.apache.hadoop.ipc.DefaultRpcScheduler, ipcBackoff: false.
2019-10-02 12:06:23,956 [Socket Reader #1 for port 38762] INFO  ipc.Server (Server.java:run(1074)) - Starting Socket Reader #1 for port 38762
2019-10-02 12:06:23,959 [main] INFO  ipc.CallQueueManager (CallQueueManager.java:<init>(84)) - Using callQueue: class java.util.concurrent.LinkedBlockingQueue, queueCapacity: 2000, scheduler: class org.apache.hadoop.ipc.DefaultRpcScheduler, ipcBackoff: false.
2019-10-02 12:06:23,960 [Socket Reader #1 for port 35881] INFO  ipc.Server (Server.java:run(1074)) - Starting Socket Reader #1 for port 35881
2019-10-02 12:06:23,962 [main] INFO  hdfs.DFSUtil (DFSUtil.java:httpServerTemplateForNNAndJN(1641)) - Starting Web-server for scm at: http://0.0.0.0:0
2019-10-02 12:06:23,963 [main] INFO  server.AuthenticationFilter (AuthenticationFilter.java:constructSecretProvider(240)) - Unable to initialize FileSignerSecretProvider, falling back to use random secrets.
2019-10-02 12:06:23,964 [main] WARN  http.HttpRequestLog (HttpRequestLog.java:getRequestLog(97)) - Jetty request log can only be enabled using Log4j
2019-10-02 12:06:23,966 [main] INFO  http.HttpServer2 (HttpServer2.java:addGlobalFilter(975)) - Added global filter 'safety' (class=org.apache.hadoop.http.HttpServer2$QuotingInputFilter)
2019-10-02 12:06:23,966 [main] INFO  http.HttpServer2 (HttpServer2.java:addFilter(948)) - Added filter static_user_filter (class=org.apache.hadoop.http.lib.StaticUserWebFilter$StaticUserFilter) to context scm
2019-10-02 12:06:23,966 [main] INFO  http.HttpServer2 (HttpServer2.java:addFilter(958)) - Added filter static_user_filter (class=org.apache.hadoop.http.lib.StaticUserWebFilter$StaticUserFilter) to context logs
2019-10-02 12:06:23,967 [main] INFO  http.HttpServer2 (HttpServer2.java:addFilter(958)) - Added filter static_user_filter (class=org.apache.hadoop.http.lib.StaticUserWebFilter$StaticUserFilter) to context static
2019-10-02 12:06:23,968 [main] INFO  server.StorageContainerManager (StorageContainerManager.java:start(770)) - StorageContainerLocationProtocol RPC server is listening at /0.0.0.0:35881
2019-10-02 12:06:23,970 [main] WARN  impl.MetricsConfig (MetricsConfig.java:loadFirst(134)) - Cannot locate configuration: tried hadoop-metrics2-storagecontainermanager.properties,hadoop-metrics2.properties
2019-10-02 12:06:23,971 [main] INFO  impl.MetricsSystemImpl (MetricsSystemImpl.java:startTimer(374)) - Scheduled Metric snapshot period at 10 second(s).
2019-10-02 12:06:23,971 [main] INFO  impl.MetricsSystemImpl (MetricsSystemImpl.java:start(191)) - StorageContainerManager metrics system started
2019-10-02 12:06:24,029 [main] WARN  impl.MetricsSystemImpl (MetricsSystemImpl.java:register(276)) - Sink prometheus already exists!
2019-10-02 12:06:24,121 [main] INFO  server.SCMClientProtocolServer (SCMClientProtocolServer.java:start(150)) - RPC server for Client  is listening at /0.0.0.0:35881
2019-10-02 12:06:24,121 [IPC Server Responder] INFO  ipc.Server (Server.java:run(1314)) - IPC Server Responder: starting
2019-10-02 12:06:24,121 [IPC Server listener on 35881] INFO  ipc.Server (Server.java:run(1153)) - IPC Server listener on 35881: starting
2019-10-02 12:06:24,126 [main] INFO  server.StorageContainerManager (StorageContainerManager.java:start(780)) - ScmBlockLocationProtocol RPC server is listening at /0.0.0.0:38762
2019-10-02 12:06:24,126 [main] INFO  server.SCMBlockProtocolServer (SCMBlockProtocolServer.java:start(148)) - RPC server for Block Protocol is listening at /0.0.0.0:38762
2019-10-02 12:06:24,127 [IPC Server Responder] INFO  ipc.Server (Server.java:run(1314)) - IPC Server Responder: starting
2019-10-02 12:06:24,128 [IPC Server listener on 38762] INFO  ipc.Server (Server.java:run(1153)) - IPC Server listener on 38762: starting
2019-10-02 12:06:24,133 [main] INFO  server.StorageContainerManager (StorageContainerManager.java:start(784)) - ScmDatanodeProtocl RPC server is listening at /0.0.0.0:34766
2019-10-02 12:06:24,133 [main] INFO  server.SCMDatanodeProtocolServer (SCMDatanodeProtocolServer.java:start(191)) - RPC server for DataNodes is listening at /0.0.0.0:34766
2019-10-02 12:06:24,133 [IPC Server listener on 34766] INFO  ipc.Server (Server.java:run(1153)) - IPC Server listener on 34766: starting
2019-10-02 12:06:24,133 [IPC Server Responder] INFO  ipc.Server (Server.java:run(1314)) - IPC Server Responder: starting
2019-10-02 12:06:24,137 [main] INFO  http.HttpServer2 (HttpServer2.java:bindListener(1191)) - Jetty bound to port 34373
2019-10-02 12:06:24,137 [main] INFO  server.Server (Server.java:doStart(351)) - jetty-9.3.25.v20180904, build timestamp: 2018-09-04T21:11:46Z, git hash: 3ce520221d0240229c862b122d2b06c12a625732
2019-10-02 12:06:24,139 [main] INFO  handler.ContextHandler (ContextHandler.java:doStart(781)) - Started o.e.j.s.ServletContextHandler@73bb1337{/logs,file:///workdir/hadoop-ozone/integration-test/target/log,AVAILABLE}
2019-10-02 12:06:24,139 [main] INFO  handler.ContextHandler (ContextHandler.java:doStart(781)) - Started o.e.j.s.ServletContextHandler@3830b06c{/static,file:///workdir/hadoop-ozone/integration-test/target/test-classes/webapps/static,AVAILABLE}
2019-10-02 12:06:24,143 [main] INFO  handler.ContextHandler (ContextHandler.java:doStart(781)) - Started o.e.j.w.WebAppContext@25791d40{/,file:///workdir/hadoop-ozone/integration-test/target/test-classes/webapps/scm/,AVAILABLE}{/scm}
2019-10-02 12:06:24,143 [main] INFO  server.AbstractConnector (AbstractConnector.java:doStart(278)) - Started ServerConnector@448c92fc{HTTP/1.1,[http/1.1]}{0.0.0.0:34373}
2019-10-02 12:06:24,144 [main] INFO  server.Server (Server.java:doStart(419)) - Started @243522ms
2019-10-02 12:06:24,144 [main] WARN  impl.MetricsSystemImpl (MetricsSystemImpl.java:register(276)) - Sink prometheus already exists!
2019-10-02 12:06:24,145 [main] INFO  server.BaseHttpServer (BaseHttpServer.java:updateConnectorAddress(215)) - HTTP server of SCM is listening at http://0.0.0.0:34373
2019-10-02 12:06:24,146 [main] WARN  server.ServerUtils (ServerUtils.java:getDBPath(222)) - ozone.om.db.dirs is not configured. We recommend adding this setting. Falling back to ozone.metadata.dirs instead.
2019-10-02 12:06:24,147 [org.apache.hadoop.util.JvmPauseMonitor$Monitor@17c0274c] INFO  util.JvmPauseMonitor (JvmPauseMonitor.java:run(188)) - Starting JVM pause monitor
2019-10-02 12:06:24,188 [main] WARN  server.ServerUtils (ServerUtils.java:getDBPath(222)) - ozone.om.db.dirs is not configured. We recommend adding this setting. Falling back to ozone.metadata.dirs instead.
2019-10-02 12:06:24,189 [main] WARN  server.ServerUtils (ServerUtils.java:getDBPath(222)) - ozone.om.db.dirs is not configured. We recommend adding this setting. Falling back to ozone.metadata.dirs instead.
2019-10-02 12:06:24,189 [main] INFO  om.OzoneManager (OzoneManager.java:setOMNodeDetails(652)) - OM Service ID is not set. Setting it to the default ID: omServiceIdDefault
2019-10-02 12:06:24,189 [main] INFO  om.OzoneManager (OzoneManager.java:setOMNodeDetails(658)) - OM Node ID is not set. Setting it to the OmStorage's OmID: 1bb93516-4f1d-4ebe-8fef-18dffe1b2947
2019-10-02 12:06:24,189 [main] INFO  om.OzoneManager (OzoneManager.java:loadOMHAConfigs(609)) - Found matching OM address with OMServiceId: null, OMNodeId: null, RPC Address: localhost:0 and Ratis port: 9872
2019-10-02 12:06:24,205 [main] WARN  server.ServerUtils (ServerUtils.java:getDBPath(222)) - ozone.om.db.dirs is not configured. We recommend adding this setting. Falling back to ozone.metadata.dirs instead.
2019-10-02 12:06:24,206 [main] INFO  db.DBStoreBuilder (DBStoreBuilder.java:addTable(110)) - using custom profile for table: userTable
2019-10-02 12:06:24,206 [main] INFO  db.DBStoreBuilder (DBStoreBuilder.java:processTables(161)) - Using default column profile:DBProfile.DISK for Table:userTable
2019-10-02 12:06:24,206 [main] INFO  db.DBStoreBuilder (DBStoreBuilder.java:addTable(110)) - using custom profile for table: volumeTable
2019-10-02 12:06:24,206 [main] INFO  db.DBStoreBuilder (DBStoreBuilder.java:processTables(161)) - Using default column profile:DBProfile.DISK for Table:volumeTable
2019-10-02 12:06:24,207 [main] INFO  db.DBStoreBuilder (DBStoreBuilder.java:addTable(110)) - using custom profile for table: bucketTable
2019-10-02 12:06:24,207 [main] INFO  db.DBStoreBuilder (DBStoreBuilder.java:processTables(161)) - Using default column profile:DBProfile.DISK for Table:bucketTable
2019-10-02 12:06:24,207 [main] INFO  db.DBStoreBuilder (DBStoreBuilder.java:addTable(110)) - using custom profile for table: keyTable
2019-10-02 12:06:24,207 [main] INFO  db.DBStoreBuilder (DBStoreBuilder.java:processTables(161)) - Using default column profile:DBProfile.DISK for Table:keyTable
2019-10-02 12:06:24,208 [main] INFO  db.DBStoreBuilder (DBStoreBuilder.java:addTable(110)) - using custom profile for table: deletedTable
2019-10-02 12:06:24,208 [main] INFO  db.DBStoreBuilder (DBStoreBuilder.java:processTables(161)) - Using default column profile:DBProfile.DISK for Table:deletedTable
2019-10-02 12:06:24,208 [main] INFO  db.DBStoreBuilder (DBStoreBuilder.java:addTable(110)) - using custom profile for table: openKeyTable
2019-10-02 12:06:24,208 [main] INFO  db.DBStoreBuilder (DBStoreBuilder.java:processTables(161)) - Using default column profile:DBProfile.DISK for Table:openKeyTable
2019-10-02 12:06:24,209 [main] INFO  db.DBStoreBuilder (DBStoreBuilder.java:addTable(110)) - using custom profile for table: s3Table
2019-10-02 12:06:24,209 [main] INFO  db.DBStoreBuilder (DBStoreBuilder.java:processTables(161)) - Using default column profile:DBProfile.DISK for Table:s3Table
2019-10-02 12:06:24,209 [main] INFO  db.DBStoreBuilder (DBStoreBuilder.java:addTable(110)) - using custom profile for table: multipartInfoTable
2019-10-02 12:06:24,209 [main] INFO  db.DBStoreBuilder (DBStoreBuilder.java:processTables(161)) - Using default column profile:DBProfile.DISK for Table:multipartInfoTable
2019-10-02 12:06:24,210 [main] INFO  db.DBStoreBuilder (DBStoreBuilder.java:addTable(110)) - using custom profile for table: dTokenTable
2019-10-02 12:06:24,210 [main] INFO  db.DBStoreBuilder (DBStoreBuilder.java:processTables(161)) - Using default column profile:DBProfile.DISK for Table:dTokenTable
2019-10-02 12:06:24,210 [main] INFO  db.DBStoreBuilder (DBStoreBuilder.java:addTable(110)) - using custom profile for table: s3SecretTable
2019-10-02 12:06:24,211 [main] INFO  db.DBStoreBuilder (DBStoreBuilder.java:processTables(161)) - Using default column profile:DBProfile.DISK for Table:s3SecretTable
2019-10-02 12:06:24,211 [main] INFO  db.DBStoreBuilder (DBStoreBuilder.java:addTable(110)) - using custom profile for table: prefixTable
2019-10-02 12:06:24,211 [main] INFO  db.DBStoreBuilder (DBStoreBuilder.java:processTables(161)) - Using default column profile:DBProfile.DISK for Table:prefixTable
2019-10-02 12:06:24,211 [main] INFO  db.DBStoreBuilder (DBStoreBuilder.java:addTable(110)) - using custom profile for table: default
2019-10-02 12:06:24,211 [main] INFO  db.DBStoreBuilder (DBStoreBuilder.java:processTables(167)) - Using default column profile:DBProfile.DISK for Table:default
2019-10-02 12:06:24,212 [main] INFO  db.DBStoreBuilder (DBStoreBuilder.java:getDbProfile(198)) - Using default options. DBProfile.DISK
2019-10-02 12:06:24,786 [main] INFO  ipc.CallQueueManager (CallQueueManager.java:<init>(84)) - Using callQueue: class java.util.concurrent.LinkedBlockingQueue, queueCapacity: 2000, scheduler: class org.apache.hadoop.ipc.DefaultRpcScheduler, ipcBackoff: false.
2019-10-02 12:06:24,787 [Socket Reader #1 for port 36655] INFO  ipc.Server (Server.java:run(1074)) - Starting Socket Reader #1 for port 36655
2019-10-02 12:06:24,805 [main] INFO  om.OzoneManager (OzoneManager.java:start(1243)) - OzoneManager RPC server is listening at localhost/127.0.0.1:36655
2019-10-02 12:06:24,805 [main] INFO  impl.MetricsSystemImpl (MetricsSystemImpl.java:init(158)) - OzoneManager metrics system started (again)
2019-10-02 12:06:24,805 [IPC Server Responder] INFO  ipc.Server (Server.java:run(1314)) - IPC Server Responder: starting
2019-10-02 12:06:24,809 [IPC Server listener on 36655] INFO  ipc.Server (Server.java:run(1153)) - IPC Server listener on 36655: starting
2019-10-02 12:06:24,816 [main] INFO  hdfs.DFSUtil (DFSUtil.java:httpServerTemplateForNNAndJN(1641)) - Starting Web-server for ozoneManager at: http://0.0.0.0:0
2019-10-02 12:06:24,817 [main] INFO  server.AuthenticationFilter (AuthenticationFilter.java:constructSecretProvider(240)) - Unable to initialize FileSignerSecretProvider, falling back to use random secrets.
2019-10-02 12:06:24,817 [main] WARN  http.HttpRequestLog (HttpRequestLog.java:getRequestLog(97)) - Jetty request log can only be enabled using Log4j
2019-10-02 12:06:24,819 [main] INFO  http.HttpServer2 (HttpServer2.java:addGlobalFilter(975)) - Added global filter 'safety' (class=org.apache.hadoop.http.HttpServer2$QuotingInputFilter)
2019-10-02 12:06:24,819 [main] INFO  http.HttpServer2 (HttpServer2.java:addFilter(948)) - Added filter static_user_filter (class=org.apache.hadoop.http.lib.StaticUserWebFilter$StaticUserFilter) to context ozoneManager
2019-10-02 12:06:24,820 [main] INFO  http.HttpServer2 (HttpServer2.java:addFilter(958)) - Added filter static_user_filter (class=org.apache.hadoop.http.lib.StaticUserWebFilter$StaticUserFilter) to context logs
2019-10-02 12:06:24,820 [main] INFO  http.HttpServer2 (HttpServer2.java:addFilter(958)) - Added filter static_user_filter (class=org.apache.hadoop.http.lib.StaticUserWebFilter$StaticUserFilter) to context static
2019-10-02 12:06:24,820 [main] INFO  http.HttpServer2 (HttpServer2.java:bindListener(1191)) - Jetty bound to port 44524
2019-10-02 12:06:24,821 [main] INFO  server.Server (Server.java:doStart(351)) - jetty-9.3.25.v20180904, build timestamp: 2018-09-04T21:11:46Z, git hash: 3ce520221d0240229c862b122d2b06c12a625732
2019-10-02 12:06:24,822 [main] INFO  handler.ContextHandler (ContextHandler.java:doStart(781)) - Started o.e.j.s.ServletContextHandler@b5aa65b{/logs,file:///workdir/hadoop-ozone/integration-test/target/log,AVAILABLE}
2019-10-02 12:06:24,823 [main] INFO  handler.ContextHandler (ContextHandler.java:doStart(781)) - Started o.e.j.s.ServletContextHandler@6b27b2d0{/static,file:///workdir/hadoop-ozone/integration-test/target/test-classes/webapps/static,AVAILABLE}
2019-10-02 12:06:24,827 [main] INFO  handler.ContextHandler (ContextHandler.java:doStart(781)) - Started o.e.j.w.WebAppContext@3e856100{/,file:///workdir/hadoop-ozone/integration-test/target/test-classes/webapps/ozoneManager/,AVAILABLE}{/ozoneManager}
2019-10-02 12:06:24,827 [main] INFO  server.AbstractConnector (AbstractConnector.java:doStart(278)) - Started ServerConnector@6e9a0bea{HTTP/1.1,[http/1.1]}{0.0.0.0:44524}
2019-10-02 12:06:24,828 [main] INFO  server.Server (Server.java:doStart(419)) - Started @244206ms
2019-10-02 12:06:24,828 [main] WARN  impl.MetricsSystemImpl (MetricsSystemImpl.java:register(276)) - Sink prometheus already exists!
2019-10-02 12:06:24,829 [main] INFO  server.BaseHttpServer (BaseHttpServer.java:updateConnectorAddress(215)) - HTTP server of OZONEMANAGER is listening at http://0.0.0.0:44524
2019-10-02 12:06:24,845 [main] INFO  impl.MetricsSystemImpl (MetricsSystemImpl.java:init(158)) - HddsDatanode metrics system started (again)
2019-10-02 12:06:24,849 [main] INFO  ozone.HddsDatanodeService (HddsDatanodeService.java:start(184)) - HddsDatanodeService host:pr-hdds-2199-dnstouuidmap-nxzb2-26233584 ip:192.168.151.122
2019-10-02 12:06:24,854 [main] INFO  volume.HddsVolume (HddsVolume.java:<init>(176)) - Creating Volume: /workdir/hadoop-ozone/integration-test/target/test-dir/MiniOzoneClusterImpl-c22a1174-2eb6-4002-9413-6ccd7ee92ef6/datanode-0/data/containers/hdds of  storage type : DISK and capacity : 1482555576320
2019-10-02 12:06:24,854 [main] INFO  volume.VolumeSet (VolumeSet.java:initializeVolumeSet(170)) - Added Volume : /workdir/hadoop-ozone/integration-test/target/test-dir/MiniOzoneClusterImpl-c22a1174-2eb6-4002-9413-6ccd7ee92ef6/datanode-0/data/containers/hdds to VolumeSet
2019-10-02 12:06:24,855 [main] INFO  volume.ThrottledAsyncChecker (ThrottledAsyncChecker.java:schedule(139)) - Scheduling a check for org.apache.hadoop.ozone.container.common.volume.HddsVolume@14efa279
2019-10-02 12:06:24,855 [main] INFO  volume.HddsVolumeChecker (HddsVolumeChecker.java:checkAllVolumes(202)) - Scheduled health check for volume org.apache.hadoop.ozone.container.common.volume.HddsVolume@14efa279
2019-10-02 12:06:24,870 [main] INFO  impl.RaftServerProxy (ConfUtils.java:logGet(43)) - raft.rpc.type = GRPC (default)
2019-10-02 12:06:24,871 [main] INFO  grpc.GrpcFactory (GrpcFactory.java:checkPooledByteBufAllocatorUseCacheForAllThreads(45)) - PERFORMANCE WARNING: useCacheForAllThreads is true that may cause Netty to create a lot garbage objects and, as a result, trigger GC.
	It is recommended to disable useCacheForAllThreads by setting -Dorg.apache.ratis.thirdparty.io.netty.allocator.useCacheForAllThreads=false in command line.
2019-10-02 12:06:24,871 [main] INFO  grpc.GrpcConfigKeys$Server (ConfUtils.java:logGet(43)) - raft.grpc.server.port = 0 (default)
2019-10-02 12:06:24,871 [main] INFO  server.GrpcService (ConfUtils.java:logGet(43)) - raft.grpc.message.size.max = 33570816 (custom)
2019-10-02 12:06:24,871 [main] INFO  server.RaftServerConfigKeys (ConfUtils.java:logGet(43)) - raft.server.log.appender.buffer.byte-limit = 33554432 (custom)
2019-10-02 12:06:24,871 [main] INFO  server.GrpcService (ConfUtils.java:logGet(43)) - raft.grpc.flow.control.window = 1MB (=1048576) (default)
2019-10-02 12:06:24,871 [main] INFO  server.RaftServerConfigKeys (ConfUtils.java:logGet(43)) - raft.server.rpc.request.timeout = 3000ms (default)
2019-10-02 12:06:24,872 [main] INFO  server.RaftServerConfigKeys (ConfUtils.java:logGet(43)) - raft.server.storage.dir = [/workdir/hadoop-ozone/integration-test/target/test-dir/MiniOzoneClusterImpl-c22a1174-2eb6-4002-9413-6ccd7ee92ef6/datanode-0/data/ratis] (custom)
2019-10-02 12:06:24,873 [main] INFO  hdfs.DFSUtil (DFSUtil.java:httpServerTemplateForNNAndJN(1641)) - Starting Web-server for hddsDatanode at: http://0.0.0.0:0
2019-10-02 12:06:24,874 [main] INFO  server.AuthenticationFilter (AuthenticationFilter.java:constructSecretProvider(240)) - Unable to initialize FileSignerSecretProvider, falling back to use random secrets.
2019-10-02 12:06:24,874 [main] WARN  http.HttpRequestLog (HttpRequestLog.java:getRequestLog(97)) - Jetty request log can only be enabled using Log4j
2019-10-02 12:06:24,875 [main] INFO  http.HttpServer2 (HttpServer2.java:addGlobalFilter(975)) - Added global filter 'safety' (class=org.apache.hadoop.http.HttpServer2$QuotingInputFilter)
2019-10-02 12:06:24,876 [main] INFO  http.HttpServer2 (HttpServer2.java:addFilter(948)) - Added filter static_user_filter (class=org.apache.hadoop.http.lib.StaticUserWebFilter$StaticUserFilter) to context hddsDatanode
2019-10-02 12:06:24,876 [main] INFO  http.HttpServer2 (HttpServer2.java:addFilter(958)) - Added filter static_user_filter (class=org.apache.hadoop.http.lib.StaticUserWebFilter$StaticUserFilter) to context logs
2019-10-02 12:06:24,876 [main] INFO  http.HttpServer2 (HttpServer2.java:addFilter(958)) - Added filter static_user_filter (class=org.apache.hadoop.http.lib.StaticUserWebFilter$StaticUserFilter) to context static
2019-10-02 12:06:24,877 [main] INFO  http.HttpServer2 (HttpServer2.java:bindListener(1191)) - Jetty bound to port 36197
2019-10-02 12:06:24,877 [main] INFO  server.Server (Server.java:doStart(351)) - jetty-9.3.25.v20180904, build timestamp: 2018-09-04T21:11:46Z, git hash: 3ce520221d0240229c862b122d2b06c12a625732
2019-10-02 12:06:24,878 [main] INFO  handler.ContextHandler (ContextHandler.java:doStart(781)) - Started o.e.j.s.ServletContextHandler@418f890f{/logs,file:///workdir/hadoop-ozone/integration-test/target/log,AVAILABLE}
2019-10-02 12:06:24,878 [main] INFO  handler.ContextHandler (ContextHandler.java:doStart(781)) - Started o.e.j.s.ServletContextHandler@7d66e544{/static,jar:file:/home/user/.m2/repository/org/apache/hadoop/hadoop-hdds-container-service/0.5.0-SNAPSHOT/hadoop-hdds-container-service-0.5.0-SNAPSHOT.jar!/webapps/static,AVAILABLE}
2019-10-02 12:06:24,904 [main] INFO  handler.ContextHandler (ContextHandler.java:doStart(781)) - Started o.e.j.w.WebAppContext@563ccd31{/,file:///tmp/jetty-0.0.0.0-36197-hddsDatanode-_-any-7979504516373720794.dir/webapp/,AVAILABLE}{/hddsDatanode}
2019-10-02 12:06:24,904 [main] INFO  server.AbstractConnector (AbstractConnector.java:doStart(278)) - Started ServerConnector@72465eb2{HTTP/1.1,[http/1.1]}{0.0.0.0:36197}
2019-10-02 12:06:24,906 [main] INFO  server.Server (Server.java:doStart(419)) - Started @244283ms
2019-10-02 12:06:24,906 [main] WARN  impl.MetricsSystemImpl (MetricsSystemImpl.java:register(276)) - Sink prometheus already exists!
2019-10-02 12:06:24,906 [main] INFO  server.BaseHttpServer (BaseHttpServer.java:updateConnectorAddress(215)) - HTTP server of HDDSDATANODE is listening at http://0.0.0.0:36197
2019-10-02 12:06:24,907 [main] INFO  impl.MetricsSystemImpl (MetricsSystemImpl.java:init(158)) - HddsDatanode metrics system started (again)
2019-10-02 12:06:24,910 [org.apache.hadoop.util.JvmPauseMonitor$Monitor@6fc836da] INFO  util.JvmPauseMonitor (JvmPauseMonitor.java:run(188)) - Starting JVM pause monitor
2019-10-02 12:06:24,910 [main] INFO  ozone.HddsDatanodeService (HddsDatanodeService.java:start(184)) - HddsDatanodeService host:pr-hdds-2199-dnstouuidmap-nxzb2-26233584 ip:192.168.151.122
2019-10-02 12:06:24,913 [Datanode State Machine Thread - 0] INFO  datanode.InitDatanodeState (InitDatanodeState.java:persistContainerDatanodeDetails(140)) - DatanodeDetails is persisted to /workdir/hadoop-ozone/integration-test/target/test-dir/MiniOzoneClusterImpl-c22a1174-2eb6-4002-9413-6ccd7ee92ef6/datanode-0/meta/datanode.id
2019-10-02 12:06:24,916 [main] INFO  volume.HddsVolume (HddsVolume.java:<init>(176)) - Creating Volume: /workdir/hadoop-ozone/integration-test/target/test-dir/MiniOzoneClusterImpl-c22a1174-2eb6-4002-9413-6ccd7ee92ef6/datanode-1/data/containers/hdds of  storage type : DISK and capacity : 1482555576320
2019-10-02 12:06:24,916 [main] INFO  volume.VolumeSet (VolumeSet.java:initializeVolumeSet(170)) - Added Volume : /workdir/hadoop-ozone/integration-test/target/test-dir/MiniOzoneClusterImpl-c22a1174-2eb6-4002-9413-6ccd7ee92ef6/datanode-1/data/containers/hdds to VolumeSet
2019-10-02 12:06:24,916 [main] INFO  volume.ThrottledAsyncChecker (ThrottledAsyncChecker.java:schedule(139)) - Scheduling a check for org.apache.hadoop.ozone.container.common.volume.HddsVolume@1118d539
2019-10-02 12:06:24,916 [main] INFO  volume.HddsVolumeChecker (HddsVolumeChecker.java:checkAllVolumes(202)) - Scheduled health check for volume org.apache.hadoop.ozone.container.common.volume.HddsVolume@1118d539
2019-10-02 12:06:24,928 [main] INFO  impl.RaftServerProxy (ConfUtils.java:logGet(43)) - raft.rpc.type = GRPC (default)
2019-10-02 12:06:24,928 [main] INFO  grpc.GrpcFactory (GrpcFactory.java:checkPooledByteBufAllocatorUseCacheForAllThreads(45)) - PERFORMANCE WARNING: useCacheForAllThreads is true that may cause Netty to create a lot garbage objects and, as a result, trigger GC.
	It is recommended to disable useCacheForAllThreads by setting -Dorg.apache.ratis.thirdparty.io.netty.allocator.useCacheForAllThreads=false in command line.
2019-10-02 12:06:24,928 [main] INFO  grpc.GrpcConfigKeys$Server (ConfUtils.java:logGet(43)) - raft.grpc.server.port = 0 (default)
2019-10-02 12:06:24,928 [main] INFO  server.GrpcService (ConfUtils.java:logGet(43)) - raft.grpc.message.size.max = 33570816 (custom)
2019-10-02 12:06:24,928 [main] INFO  server.RaftServerConfigKeys (ConfUtils.java:logGet(43)) - raft.server.log.appender.buffer.byte-limit = 33554432 (custom)
2019-10-02 12:06:24,929 [main] INFO  server.GrpcService (ConfUtils.java:logGet(43)) - raft.grpc.flow.control.window = 1MB (=1048576) (default)
2019-10-02 12:06:24,929 [main] INFO  server.RaftServerConfigKeys (ConfUtils.java:logGet(43)) - raft.server.rpc.request.timeout = 3000ms (default)
2019-10-02 12:06:24,929 [main] INFO  server.RaftServerConfigKeys (ConfUtils.java:logGet(43)) - raft.server.storage.dir = [/workdir/hadoop-ozone/integration-test/target/test-dir/MiniOzoneClusterImpl-c22a1174-2eb6-4002-9413-6ccd7ee92ef6/datanode-1/data/ratis] (custom)
2019-10-02 12:06:24,930 [main] INFO  hdfs.DFSUtil (DFSUtil.java:httpServerTemplateForNNAndJN(1641)) - Starting Web-server for hddsDatanode at: http://0.0.0.0:0
2019-10-02 12:06:24,931 [main] INFO  server.AuthenticationFilter (AuthenticationFilter.java:constructSecretProvider(240)) - Unable to initialize FileSignerSecretProvider, falling back to use random secrets.
2019-10-02 12:06:24,931 [main] WARN  http.HttpRequestLog (HttpRequestLog.java:getRequestLog(97)) - Jetty request log can only be enabled using Log4j
2019-10-02 12:06:24,933 [main] INFO  http.HttpServer2 (HttpServer2.java:addGlobalFilter(975)) - Added global filter 'safety' (class=org.apache.hadoop.http.HttpServer2$QuotingInputFilter)
2019-10-02 12:06:24,933 [main] INFO  http.HttpServer2 (HttpServer2.java:addFilter(948)) - Added filter static_user_filter (class=org.apache.hadoop.http.lib.StaticUserWebFilter$StaticUserFilter) to context hddsDatanode
2019-10-02 12:06:24,933 [main] INFO  http.HttpServer2 (HttpServer2.java:addFilter(958)) - Added filter static_user_filter (class=org.apache.hadoop.http.lib.StaticUserWebFilter$StaticUserFilter) to context logs
2019-10-02 12:06:24,933 [main] INFO  http.HttpServer2 (HttpServer2.java:addFilter(958)) - Added filter static_user_filter (class=org.apache.hadoop.http.lib.StaticUserWebFilter$StaticUserFilter) to context static
2019-10-02 12:06:24,934 [main] INFO  http.HttpServer2 (HttpServer2.java:bindListener(1191)) - Jetty bound to port 37289
2019-10-02 12:06:24,934 [main] INFO  server.Server (Server.java:doStart(351)) - jetty-9.3.25.v20180904, build timestamp: 2018-09-04T21:11:46Z, git hash: 3ce520221d0240229c862b122d2b06c12a625732
2019-10-02 12:06:24,936 [main] INFO  handler.ContextHandler (ContextHandler.java:doStart(781)) - Started o.e.j.s.ServletContextHandler@611d0763{/logs,file:///workdir/hadoop-ozone/integration-test/target/log,AVAILABLE}
2019-10-02 12:06:24,936 [main] INFO  handler.ContextHandler (ContextHandler.java:doStart(781)) - Started o.e.j.s.ServletContextHandler@1e226bcd{/static,jar:file:/home/user/.m2/repository/org/apache/hadoop/hadoop-hdds-container-service/0.5.0-SNAPSHOT/hadoop-hdds-container-service-0.5.0-SNAPSHOT.jar!/webapps/static,AVAILABLE}
2019-10-02 12:06:24,961 [main] INFO  handler.ContextHandler (ContextHandler.java:doStart(781)) - Started o.e.j.w.WebAppContext@1bd8afc8{/,file:///tmp/jetty-0.0.0.0-37289-hddsDatanode-_-any-1958089430517604781.dir/webapp/,AVAILABLE}{/hddsDatanode}
2019-10-02 12:06:24,961 [main] INFO  server.AbstractConnector (AbstractConnector.java:doStart(278)) - Started ServerConnector@24134cbc{HTTP/1.1,[http/1.1]}{0.0.0.0:37289}
2019-10-02 12:06:24,963 [main] INFO  server.Server (Server.java:doStart(419)) - Started @244340ms
2019-10-02 12:06:24,963 [main] WARN  impl.MetricsSystemImpl (MetricsSystemImpl.java:register(276)) - Sink prometheus already exists!
2019-10-02 12:06:24,963 [main] INFO  server.BaseHttpServer (BaseHttpServer.java:updateConnectorAddress(215)) - HTTP server of HDDSDATANODE is listening at http://0.0.0.0:37289
2019-10-02 12:06:24,964 [main] INFO  impl.MetricsSystemImpl (MetricsSystemImpl.java:init(158)) - HddsDatanode metrics system started (again)
2019-10-02 12:06:24,967 [org.apache.hadoop.util.JvmPauseMonitor$Monitor@6512d785] INFO  util.JvmPauseMonitor (JvmPauseMonitor.java:run(188)) - Starting JVM pause monitor
2019-10-02 12:06:24,968 [main] INFO  ozone.HddsDatanodeService (HddsDatanodeService.java:start(184)) - HddsDatanodeService host:pr-hdds-2199-dnstouuidmap-nxzb2-26233584 ip:192.168.151.122
2019-10-02 12:06:24,968 [Datanode State Machine Thread - 0] INFO  datanode.InitDatanodeState (InitDatanodeState.java:persistContainerDatanodeDetails(140)) - DatanodeDetails is persisted to /workdir/hadoop-ozone/integration-test/target/test-dir/MiniOzoneClusterImpl-c22a1174-2eb6-4002-9413-6ccd7ee92ef6/datanode-1/meta/datanode.id
2019-10-02 12:06:24,972 [main] INFO  volume.HddsVolume (HddsVolume.java:<init>(176)) - Creating Volume: /workdir/hadoop-ozone/integration-test/target/test-dir/MiniOzoneClusterImpl-c22a1174-2eb6-4002-9413-6ccd7ee92ef6/datanode-2/data/containers/hdds of  storage type : DISK and capacity : 1482555576320
2019-10-02 12:06:24,973 [main] INFO  volume.VolumeSet (VolumeSet.java:initializeVolumeSet(170)) - Added Volume : /workdir/hadoop-ozone/integration-test/target/test-dir/MiniOzoneClusterImpl-c22a1174-2eb6-4002-9413-6ccd7ee92ef6/datanode-2/data/containers/hdds to VolumeSet
2019-10-02 12:06:24,973 [main] INFO  volume.ThrottledAsyncChecker (ThrottledAsyncChecker.java:schedule(139)) - Scheduling a check for org.apache.hadoop.ozone.container.common.volume.HddsVolume@4dc52559
2019-10-02 12:06:24,973 [main] INFO  volume.HddsVolumeChecker (HddsVolumeChecker.java:checkAllVolumes(202)) - Scheduled health check for volume org.apache.hadoop.ozone.container.common.volume.HddsVolume@4dc52559
2019-10-02 12:06:24,985 [main] INFO  impl.RaftServerProxy (ConfUtils.java:logGet(43)) - raft.rpc.type = GRPC (default)
2019-10-02 12:06:24,986 [main] INFO  grpc.GrpcFactory (GrpcFactory.java:checkPooledByteBufAllocatorUseCacheForAllThreads(45)) - PERFORMANCE WARNING: useCacheForAllThreads is true that may cause Netty to create a lot garbage objects and, as a result, trigger GC.
	It is recommended to disable useCacheForAllThreads by setting -Dorg.apache.ratis.thirdparty.io.netty.allocator.useCacheForAllThreads=false in command line.
2019-10-02 12:06:24,986 [main] INFO  grpc.GrpcConfigKeys$Server (ConfUtils.java:logGet(43)) - raft.grpc.server.port = 0 (default)
2019-10-02 12:06:24,986 [main] INFO  server.GrpcService (ConfUtils.java:logGet(43)) - raft.grpc.message.size.max = 33570816 (custom)
2019-10-02 12:06:24,986 [main] INFO  server.RaftServerConfigKeys (ConfUtils.java:logGet(43)) - raft.server.log.appender.buffer.byte-limit = 33554432 (custom)
2019-10-02 12:06:24,986 [main] INFO  server.GrpcService (ConfUtils.java:logGet(43)) - raft.grpc.flow.control.window = 1MB (=1048576) (default)
2019-10-02 12:06:24,986 [main] INFO  server.RaftServerConfigKeys (ConfUtils.java:logGet(43)) - raft.server.rpc.request.timeout = 3000ms (default)
2019-10-02 12:06:24,987 [main] INFO  server.RaftServerConfigKeys (ConfUtils.java:logGet(43)) - raft.server.storage.dir = [/workdir/hadoop-ozone/integration-test/target/test-dir/MiniOzoneClusterImpl-c22a1174-2eb6-4002-9413-6ccd7ee92ef6/datanode-2/data/ratis] (custom)
2019-10-02 12:06:24,988 [main] INFO  hdfs.DFSUtil (DFSUtil.java:httpServerTemplateForNNAndJN(1641)) - Starting Web-server for hddsDatanode at: http://0.0.0.0:0
2019-10-02 12:06:24,989 [main] INFO  server.AuthenticationFilter (AuthenticationFilter.java:constructSecretProvider(240)) - Unable to initialize FileSignerSecretProvider, falling back to use random secrets.
2019-10-02 12:06:24,989 [main] WARN  http.HttpRequestLog (HttpRequestLog.java:getRequestLog(97)) - Jetty request log can only be enabled using Log4j
2019-10-02 12:06:24,991 [main] INFO  http.HttpServer2 (HttpServer2.java:addGlobalFilter(975)) - Added global filter 'safety' (class=org.apache.hadoop.http.HttpServer2$QuotingInputFilter)
2019-10-02 12:06:24,991 [main] INFO  http.HttpServer2 (HttpServer2.java:addFilter(948)) - Added filter static_user_filter (class=org.apache.hadoop.http.lib.StaticUserWebFilter$StaticUserFilter) to context hddsDatanode
2019-10-02 12:06:24,992 [main] INFO  http.HttpServer2 (HttpServer2.java:addFilter(958)) - Added filter static_user_filter (class=org.apache.hadoop.http.lib.StaticUserWebFilter$StaticUserFilter) to context static
2019-10-02 12:06:24,992 [main] INFO  http.HttpServer2 (HttpServer2.java:addFilter(958)) - Added filter static_user_filter (class=org.apache.hadoop.http.lib.StaticUserWebFilter$StaticUserFilter) to context logs
2019-10-02 12:06:24,992 [main] INFO  http.HttpServer2 (HttpServer2.java:bindListener(1191)) - Jetty bound to port 33090
2019-10-02 12:06:24,992 [main] INFO  server.Server (Server.java:doStart(351)) - jetty-9.3.25.v20180904, build timestamp: 2018-09-04T21:11:46Z, git hash: 3ce520221d0240229c862b122d2b06c12a625732
2019-10-02 12:06:24,994 [main] INFO  handler.ContextHandler (ContextHandler.java:doStart(781)) - Started o.e.j.s.ServletContextHandler@2ca54da9{/logs,file:///workdir/hadoop-ozone/integration-test/target/log,AVAILABLE}
2019-10-02 12:06:24,994 [main] INFO  handler.ContextHandler (ContextHandler.java:doStart(781)) - Started o.e.j.s.ServletContextHandler@496cc217{/static,jar:file:/home/user/.m2/repository/org/apache/hadoop/hadoop-hdds-container-service/0.5.0-SNAPSHOT/hadoop-hdds-container-service-0.5.0-SNAPSHOT.jar!/webapps/static,AVAILABLE}
2019-10-02 12:06:25,019 [main] INFO  handler.ContextHandler (ContextHandler.java:doStart(781)) - Started o.e.j.w.WebAppContext@2589d787{/,file:///tmp/jetty-0.0.0.0-33090-hddsDatanode-_-any-5256048155237510846.dir/webapp/,AVAILABLE}{/hddsDatanode}
2019-10-02 12:06:25,020 [main] INFO  server.AbstractConnector (AbstractConnector.java:doStart(278)) - Started ServerConnector@1788cb61{HTTP/1.1,[http/1.1]}{0.0.0.0:33090}
2019-10-02 12:06:25,021 [main] INFO  server.Server (Server.java:doStart(419)) - Started @244399ms
2019-10-02 12:06:25,021 [main] WARN  impl.MetricsSystemImpl (MetricsSystemImpl.java:register(276)) - Sink prometheus already exists!
2019-10-02 12:06:25,022 [main] INFO  server.BaseHttpServer (BaseHttpServer.java:updateConnectorAddress(215)) - HTTP server of HDDSDATANODE is listening at http://0.0.0.0:33090
2019-10-02 12:06:25,022 [main] INFO  impl.MetricsSystemImpl (MetricsSystemImpl.java:init(158)) - HddsDatanode metrics system started (again)
2019-10-02 12:06:25,026 [org.apache.hadoop.util.JvmPauseMonitor$Monitor@6bc23245] INFO  util.JvmPauseMonitor (JvmPauseMonitor.java:run(188)) - Starting JVM pause monitor
2019-10-02 12:06:25,027 [main] INFO  ozone.HddsDatanodeService (HddsDatanodeService.java:start(184)) - HddsDatanodeService host:pr-hdds-2199-dnstouuidmap-nxzb2-26233584 ip:192.168.151.122
2019-10-02 12:06:25,027 [Datanode State Machine Thread - 0] INFO  datanode.InitDatanodeState (InitDatanodeState.java:persistContainerDatanodeDetails(140)) - DatanodeDetails is persisted to /workdir/hadoop-ozone/integration-test/target/test-dir/MiniOzoneClusterImpl-c22a1174-2eb6-4002-9413-6ccd7ee92ef6/datanode-2/meta/datanode.id
2019-10-02 12:06:25,031 [main] INFO  volume.HddsVolume (HddsVolume.java:<init>(176)) - Creating Volume: /workdir/hadoop-ozone/integration-test/target/test-dir/MiniOzoneClusterImpl-c22a1174-2eb6-4002-9413-6ccd7ee92ef6/datanode-3/data/containers/hdds of  storage type : DISK and capacity : 1482555576320
2019-10-02 12:06:25,032 [main] INFO  volume.VolumeSet (VolumeSet.java:initializeVolumeSet(170)) - Added Volume : /workdir/hadoop-ozone/integration-test/target/test-dir/MiniOzoneClusterImpl-c22a1174-2eb6-4002-9413-6ccd7ee92ef6/datanode-3/data/containers/hdds to VolumeSet
2019-10-02 12:06:25,032 [main] INFO  volume.ThrottledAsyncChecker (ThrottledAsyncChecker.java:schedule(139)) - Scheduling a check for org.apache.hadoop.ozone.container.common.volume.HddsVolume@45037e16
2019-10-02 12:06:25,032 [main] INFO  volume.HddsVolumeChecker (HddsVolumeChecker.java:checkAllVolumes(202)) - Scheduled health check for volume org.apache.hadoop.ozone.container.common.volume.HddsVolume@45037e16
2019-10-02 12:06:25,047 [main] INFO  impl.RaftServerProxy (ConfUtils.java:logGet(43)) - raft.rpc.type = GRPC (default)
2019-10-02 12:06:25,047 [main] INFO  grpc.GrpcFactory (GrpcFactory.java:checkPooledByteBufAllocatorUseCacheForAllThreads(45)) - PERFORMANCE WARNING: useCacheForAllThreads is true that may cause Netty to create a lot garbage objects and, as a result, trigger GC.
	It is recommended to disable useCacheForAllThreads by setting -Dorg.apache.ratis.thirdparty.io.netty.allocator.useCacheForAllThreads=false in command line.
2019-10-02 12:06:25,047 [main] INFO  grpc.GrpcConfigKeys$Server (ConfUtils.java:logGet(43)) - raft.grpc.server.port = 0 (default)
2019-10-02 12:06:25,047 [main] INFO  server.GrpcService (ConfUtils.java:logGet(43)) - raft.grpc.message.size.max = 33570816 (custom)
2019-10-02 12:06:25,048 [main] INFO  server.RaftServerConfigKeys (ConfUtils.java:logGet(43)) - raft.server.log.appender.buffer.byte-limit = 33554432 (custom)
2019-10-02 12:06:25,048 [main] INFO  server.GrpcService (ConfUtils.java:logGet(43)) - raft.grpc.flow.control.window = 1MB (=1048576) (default)
2019-10-02 12:06:25,048 [main] INFO  server.RaftServerConfigKeys (ConfUtils.java:logGet(43)) - raft.server.rpc.request.timeout = 3000ms (default)
2019-10-02 12:06:25,048 [main] INFO  server.RaftServerConfigKeys (ConfUtils.java:logGet(43)) - raft.server.storage.dir = [/workdir/hadoop-ozone/integration-test/target/test-dir/MiniOzoneClusterImpl-c22a1174-2eb6-4002-9413-6ccd7ee92ef6/datanode-3/data/ratis] (custom)
2019-10-02 12:06:25,049 [main] INFO  hdfs.DFSUtil (DFSUtil.java:httpServerTemplateForNNAndJN(1641)) - Starting Web-server for hddsDatanode at: http://0.0.0.0:0
2019-10-02 12:06:25,050 [main] INFO  server.AuthenticationFilter (AuthenticationFilter.java:constructSecretProvider(240)) - Unable to initialize FileSignerSecretProvider, falling back to use random secrets.
2019-10-02 12:06:25,051 [main] WARN  http.HttpRequestLog (HttpRequestLog.java:getRequestLog(97)) - Jetty request log can only be enabled using Log4j
2019-10-02 12:06:25,052 [main] INFO  http.HttpServer2 (HttpServer2.java:addGlobalFilter(975)) - Added global filter 'safety' (class=org.apache.hadoop.http.HttpServer2$QuotingInputFilter)
2019-10-02 12:06:25,053 [main] INFO  http.HttpServer2 (HttpServer2.java:addFilter(948)) - Added filter static_user_filter (class=org.apache.hadoop.http.lib.StaticUserWebFilter$StaticUserFilter) to context hddsDatanode
2019-10-02 12:06:25,053 [main] INFO  http.HttpServer2 (HttpServer2.java:addFilter(958)) - Added filter static_user_filter (class=org.apache.hadoop.http.lib.StaticUserWebFilter$StaticUserFilter) to context static
2019-10-02 12:06:25,053 [main] INFO  http.HttpServer2 (HttpServer2.java:addFilter(958)) - Added filter static_user_filter (class=org.apache.hadoop.http.lib.StaticUserWebFilter$StaticUserFilter) to context logs
2019-10-02 12:06:25,054 [main] INFO  http.HttpServer2 (HttpServer2.java:bindListener(1191)) - Jetty bound to port 42325
2019-10-02 12:06:25,054 [main] INFO  server.Server (Server.java:doStart(351)) - jetty-9.3.25.v20180904, build timestamp: 2018-09-04T21:11:46Z, git hash: 3ce520221d0240229c862b122d2b06c12a625732
2019-10-02 12:06:25,055 [main] INFO  handler.ContextHandler (ContextHandler.java:doStart(781)) - Started o.e.j.s.ServletContextHandler@42c12b3e{/logs,file:///workdir/hadoop-ozone/integration-test/target/log,AVAILABLE}
2019-10-02 12:06:25,056 [main] INFO  handler.ContextHandler (ContextHandler.java:doStart(781)) - Started o.e.j.s.ServletContextHandler@46f73ffa{/static,jar:file:/home/user/.m2/repository/org/apache/hadoop/hadoop-hdds-container-service/0.5.0-SNAPSHOT/hadoop-hdds-container-service-0.5.0-SNAPSHOT.jar!/webapps/static,AVAILABLE}
2019-10-02 12:06:25,081 [main] INFO  handler.ContextHandler (ContextHandler.java:doStart(781)) - Started o.e.j.w.WebAppContext@6629643d{/,file:///tmp/jetty-0.0.0.0-42325-hddsDatanode-_-any-3709639922096191210.dir/webapp/,AVAILABLE}{/hddsDatanode}
2019-10-02 12:06:25,082 [main] INFO  server.AbstractConnector (AbstractConnector.java:doStart(278)) - Started ServerConnector@2dd178f3{HTTP/1.1,[http/1.1]}{0.0.0.0:42325}
2019-10-02 12:06:25,083 [main] INFO  server.Server (Server.java:doStart(419)) - Started @244461ms
2019-10-02 12:06:25,083 [main] WARN  impl.MetricsSystemImpl (MetricsSystemImpl.java:register(276)) - Sink prometheus already exists!
2019-10-02 12:06:25,084 [main] INFO  server.BaseHttpServer (BaseHttpServer.java:updateConnectorAddress(215)) - HTTP server of HDDSDATANODE is listening at http://0.0.0.0:42325
2019-10-02 12:06:25,084 [main] INFO  impl.MetricsSystemImpl (MetricsSystemImpl.java:init(158)) - HddsDatanode metrics system started (again)
2019-10-02 12:06:25,088 [org.apache.hadoop.util.JvmPauseMonitor$Monitor@60c92fb8] INFO  util.JvmPauseMonitor (JvmPauseMonitor.java:run(188)) - Starting JVM pause monitor
2019-10-02 12:06:25,089 [main] INFO  ozone.HddsDatanodeService (HddsDatanodeService.java:start(184)) - HddsDatanodeService host:pr-hdds-2199-dnstouuidmap-nxzb2-26233584 ip:192.168.151.122
2019-10-02 12:06:25,089 [Datanode State Machine Thread - 0] INFO  datanode.InitDatanodeState (InitDatanodeState.java:persistContainerDatanodeDetails(140)) - DatanodeDetails is persisted to /workdir/hadoop-ozone/integration-test/target/test-dir/MiniOzoneClusterImpl-c22a1174-2eb6-4002-9413-6ccd7ee92ef6/datanode-3/meta/datanode.id
2019-10-02 12:06:25,093 [main] INFO  volume.HddsVolume (HddsVolume.java:<init>(176)) - Creating Volume: /workdir/hadoop-ozone/integration-test/target/test-dir/MiniOzoneClusterImpl-c22a1174-2eb6-4002-9413-6ccd7ee92ef6/datanode-4/data/containers/hdds of  storage type : DISK and capacity : 1482555576320
2019-10-02 12:06:25,093 [main] INFO  volume.VolumeSet (VolumeSet.java:initializeVolumeSet(170)) - Added Volume : /workdir/hadoop-ozone/integration-test/target/test-dir/MiniOzoneClusterImpl-c22a1174-2eb6-4002-9413-6ccd7ee92ef6/datanode-4/data/containers/hdds to VolumeSet
2019-10-02 12:06:25,094 [main] INFO  volume.ThrottledAsyncChecker (ThrottledAsyncChecker.java:schedule(139)) - Scheduling a check for org.apache.hadoop.ozone.container.common.volume.HddsVolume@64f4f12
2019-10-02 12:06:25,094 [main] INFO  volume.HddsVolumeChecker (HddsVolumeChecker.java:checkAllVolumes(202)) - Scheduled health check for volume org.apache.hadoop.ozone.container.common.volume.HddsVolume@64f4f12
2019-10-02 12:06:25,105 [main] INFO  impl.RaftServerProxy (ConfUtils.java:logGet(43)) - raft.rpc.type = GRPC (default)
2019-10-02 12:06:25,105 [main] INFO  grpc.GrpcFactory (GrpcFactory.java:checkPooledByteBufAllocatorUseCacheForAllThreads(45)) - PERFORMANCE WARNING: useCacheForAllThreads is true that may cause Netty to create a lot garbage objects and, as a result, trigger GC.
	It is recommended to disable useCacheForAllThreads by setting -Dorg.apache.ratis.thirdparty.io.netty.allocator.useCacheForAllThreads=false in command line.
2019-10-02 12:06:25,105 [main] INFO  grpc.GrpcConfigKeys$Server (ConfUtils.java:logGet(43)) - raft.grpc.server.port = 0 (default)
2019-10-02 12:06:25,105 [main] INFO  server.GrpcService (ConfUtils.java:logGet(43)) - raft.grpc.message.size.max = 33570816 (custom)
2019-10-02 12:06:25,105 [main] INFO  server.RaftServerConfigKeys (ConfUtils.java:logGet(43)) - raft.server.log.appender.buffer.byte-limit = 33554432 (custom)
2019-10-02 12:06:25,106 [main] INFO  server.GrpcService (ConfUtils.java:logGet(43)) - raft.grpc.flow.control.window = 1MB (=1048576) (default)
2019-10-02 12:06:25,106 [main] INFO  server.RaftServerConfigKeys (ConfUtils.java:logGet(43)) - raft.server.rpc.request.timeout = 3000ms (default)
2019-10-02 12:06:25,106 [main] INFO  server.RaftServerConfigKeys (ConfUtils.java:logGet(43)) - raft.server.storage.dir = [/workdir/hadoop-ozone/integration-test/target/test-dir/MiniOzoneClusterImpl-c22a1174-2eb6-4002-9413-6ccd7ee92ef6/datanode-4/data/ratis] (custom)
2019-10-02 12:06:25,108 [main] INFO  hdfs.DFSUtil (DFSUtil.java:httpServerTemplateForNNAndJN(1641)) - Starting Web-server for hddsDatanode at: http://0.0.0.0:0
2019-10-02 12:06:25,109 [main] INFO  server.AuthenticationFilter (AuthenticationFilter.java:constructSecretProvider(240)) - Unable to initialize FileSignerSecretProvider, falling back to use random secrets.
2019-10-02 12:06:25,110 [main] WARN  http.HttpRequestLog (HttpRequestLog.java:getRequestLog(97)) - Jetty request log can only be enabled using Log4j
2019-10-02 12:06:25,111 [main] INFO  http.HttpServer2 (HttpServer2.java:addGlobalFilter(975)) - Added global filter 'safety' (class=org.apache.hadoop.http.HttpServer2$QuotingInputFilter)
2019-10-02 12:06:25,111 [main] INFO  http.HttpServer2 (HttpServer2.java:addFilter(948)) - Added filter static_user_filter (class=org.apache.hadoop.http.lib.StaticUserWebFilter$StaticUserFilter) to context hddsDatanode
2019-10-02 12:06:25,112 [main] INFO  http.HttpServer2 (HttpServer2.java:addFilter(958)) - Added filter static_user_filter (class=org.apache.hadoop.http.lib.StaticUserWebFilter$StaticUserFilter) to context static
2019-10-02 12:06:25,112 [main] INFO  http.HttpServer2 (HttpServer2.java:addFilter(958)) - Added filter static_user_filter (class=org.apache.hadoop.http.lib.StaticUserWebFilter$StaticUserFilter) to context logs
2019-10-02 12:06:25,113 [main] INFO  http.HttpServer2 (HttpServer2.java:bindListener(1191)) - Jetty bound to port 39637
2019-10-02 12:06:25,113 [main] INFO  server.Server (Server.java:doStart(351)) - jetty-9.3.25.v20180904, build timestamp: 2018-09-04T21:11:46Z, git hash: 3ce520221d0240229c862b122d2b06c12a625732
2019-10-02 12:06:25,114 [main] INFO  handler.ContextHandler (ContextHandler.java:doStart(781)) - Started o.e.j.s.ServletContextHandler@5d7dd549{/logs,file:///workdir/hadoop-ozone/integration-test/target/log,AVAILABLE}
2019-10-02 12:06:25,115 [main] INFO  handler.ContextHandler (ContextHandler.java:doStart(781)) - Started o.e.j.s.ServletContextHandler@6459f4ea{/static,jar:file:/home/user/.m2/repository/org/apache/hadoop/hadoop-hdds-container-service/0.5.0-SNAPSHOT/hadoop-hdds-container-service-0.5.0-SNAPSHOT.jar!/webapps/static,AVAILABLE}
2019-10-02 12:06:25,144 [main] INFO  handler.ContextHandler (ContextHandler.java:doStart(781)) - Started o.e.j.w.WebAppContext@581c9bb7{/,file:///tmp/jetty-0.0.0.0-39637-hddsDatanode-_-any-1527237292165236024.dir/webapp/,AVAILABLE}{/hddsDatanode}
2019-10-02 12:06:25,145 [main] INFO  server.AbstractConnector (AbstractConnector.java:doStart(278)) - Started ServerConnector@138f0661{HTTP/1.1,[http/1.1]}{0.0.0.0:39637}
2019-10-02 12:06:25,146 [main] INFO  server.Server (Server.java:doStart(419)) - Started @244524ms
2019-10-02 12:06:25,146 [main] WARN  impl.MetricsSystemImpl (MetricsSystemImpl.java:register(276)) - Sink prometheus already exists!
2019-10-02 12:06:25,147 [main] INFO  server.BaseHttpServer (BaseHttpServer.java:updateConnectorAddress(215)) - HTTP server of HDDSDATANODE is listening at http://0.0.0.0:39637
2019-10-02 12:06:25,147 [main] INFO  impl.MetricsSystemImpl (MetricsSystemImpl.java:init(158)) - HddsDatanode metrics system started (again)
2019-10-02 12:06:25,151 [org.apache.hadoop.util.JvmPauseMonitor$Monitor@2327847b] INFO  util.JvmPauseMonitor (JvmPauseMonitor.java:run(188)) - Starting JVM pause monitor
2019-10-02 12:06:25,151 [main] INFO  ozone.HddsDatanodeService (HddsDatanodeService.java:start(184)) - HddsDatanodeService host:pr-hdds-2199-dnstouuidmap-nxzb2-26233584 ip:192.168.151.122
2019-10-02 12:06:25,152 [Datanode State Machine Thread - 0] INFO  datanode.InitDatanodeState (InitDatanodeState.java:persistContainerDatanodeDetails(140)) - DatanodeDetails is persisted to /workdir/hadoop-ozone/integration-test/target/test-dir/MiniOzoneClusterImpl-c22a1174-2eb6-4002-9413-6ccd7ee92ef6/datanode-4/meta/datanode.id
2019-10-02 12:06:25,156 [main] INFO  volume.HddsVolume (HddsVolume.java:<init>(176)) - Creating Volume: /workdir/hadoop-ozone/integration-test/target/test-dir/MiniOzoneClusterImpl-c22a1174-2eb6-4002-9413-6ccd7ee92ef6/datanode-5/data/containers/hdds of  storage type : DISK and capacity : 1482555576320
2019-10-02 12:06:25,157 [main] INFO  volume.VolumeSet (VolumeSet.java:initializeVolumeSet(170)) - Added Volume : /workdir/hadoop-ozone/integration-test/target/test-dir/MiniOzoneClusterImpl-c22a1174-2eb6-4002-9413-6ccd7ee92ef6/datanode-5/data/containers/hdds to VolumeSet
2019-10-02 12:06:25,157 [main] INFO  volume.ThrottledAsyncChecker (ThrottledAsyncChecker.java:schedule(139)) - Scheduling a check for org.apache.hadoop.ozone.container.common.volume.HddsVolume@6f50d55c
2019-10-02 12:06:25,157 [main] INFO  volume.HddsVolumeChecker (HddsVolumeChecker.java:checkAllVolumes(202)) - Scheduled health check for volume org.apache.hadoop.ozone.container.common.volume.HddsVolume@6f50d55c
2019-10-02 12:06:25,169 [main] INFO  impl.RaftServerProxy (ConfUtils.java:logGet(43)) - raft.rpc.type = GRPC (default)
2019-10-02 12:06:25,170 [main] INFO  grpc.GrpcFactory (GrpcFactory.java:checkPooledByteBufAllocatorUseCacheForAllThreads(45)) - PERFORMANCE WARNING: useCacheForAllThreads is true that may cause Netty to create a lot garbage objects and, as a result, trigger GC.
	It is recommended to disable useCacheForAllThreads by setting -Dorg.apache.ratis.thirdparty.io.netty.allocator.useCacheForAllThreads=false in command line.
2019-10-02 12:06:25,170 [main] INFO  grpc.GrpcConfigKeys$Server (ConfUtils.java:logGet(43)) - raft.grpc.server.port = 0 (default)
2019-10-02 12:06:25,170 [main] INFO  server.GrpcService (ConfUtils.java:logGet(43)) - raft.grpc.message.size.max = 33570816 (custom)
2019-10-02 12:06:25,170 [main] INFO  server.RaftServerConfigKeys (ConfUtils.java:logGet(43)) - raft.server.log.appender.buffer.byte-limit = 33554432 (custom)
2019-10-02 12:06:25,170 [main] INFO  server.GrpcService (ConfUtils.java:logGet(43)) - raft.grpc.flow.control.window = 1MB (=1048576) (default)
2019-10-02 12:06:25,170 [main] INFO  server.RaftServerConfigKeys (ConfUtils.java:logGet(43)) - raft.server.rpc.request.timeout = 3000ms (default)
2019-10-02 12:06:25,171 [main] INFO  server.RaftServerConfigKeys (ConfUtils.java:logGet(43)) - raft.server.storage.dir = [/workdir/hadoop-ozone/integration-test/target/test-dir/MiniOzoneClusterImpl-c22a1174-2eb6-4002-9413-6ccd7ee92ef6/datanode-5/data/ratis] (custom)
2019-10-02 12:06:25,172 [main] INFO  hdfs.DFSUtil (DFSUtil.java:httpServerTemplateForNNAndJN(1641)) - Starting Web-server for hddsDatanode at: http://0.0.0.0:0
2019-10-02 12:06:25,173 [main] INFO  server.AuthenticationFilter (AuthenticationFilter.java:constructSecretProvider(240)) - Unable to initialize FileSignerSecretProvider, falling back to use random secrets.
2019-10-02 12:06:25,173 [main] WARN  http.HttpRequestLog (HttpRequestLog.java:getRequestLog(97)) - Jetty request log can only be enabled using Log4j
2019-10-02 12:06:25,174 [main] INFO  http.HttpServer2 (HttpServer2.java:addGlobalFilter(975)) - Added global filter 'safety' (class=org.apache.hadoop.http.HttpServer2$QuotingInputFilter)
2019-10-02 12:06:25,175 [main] INFO  http.HttpServer2 (HttpServer2.java:addFilter(948)) - Added filter static_user_filter (class=org.apache.hadoop.http.lib.StaticUserWebFilter$StaticUserFilter) to context hddsDatanode
2019-10-02 12:06:25,175 [main] INFO  http.HttpServer2 (HttpServer2.java:addFilter(958)) - Added filter static_user_filter (class=org.apache.hadoop.http.lib.StaticUserWebFilter$StaticUserFilter) to context static
2019-10-02 12:06:25,175 [main] INFO  http.HttpServer2 (HttpServer2.java:addFilter(958)) - Added filter static_user_filter (class=org.apache.hadoop.http.lib.StaticUserWebFilter$StaticUserFilter) to context logs
2019-10-02 12:06:25,175 [main] INFO  http.HttpServer2 (HttpServer2.java:bindListener(1191)) - Jetty bound to port 38700
2019-10-02 12:06:25,175 [main] INFO  server.Server (Server.java:doStart(351)) - jetty-9.3.25.v20180904, build timestamp: 2018-09-04T21:11:46Z, git hash: 3ce520221d0240229c862b122d2b06c12a625732
2019-10-02 12:06:25,177 [main] INFO  handler.ContextHandler (ContextHandler.java:doStart(781)) - Started o.e.j.s.ServletContextHandler@7d37ee0c{/logs,file:///workdir/hadoop-ozone/integration-test/target/log,AVAILABLE}
2019-10-02 12:06:25,177 [main] INFO  handler.ContextHandler (ContextHandler.java:doStart(781)) - Started o.e.j.s.ServletContextHandler@4602f874{/static,jar:file:/home/user/.m2/repository/org/apache/hadoop/hadoop-hdds-container-service/0.5.0-SNAPSHOT/hadoop-hdds-container-service-0.5.0-SNAPSHOT.jar!/webapps/static,AVAILABLE}
2019-10-02 12:06:25,201 [main] INFO  handler.ContextHandler (ContextHandler.java:doStart(781)) - Started o.e.j.w.WebAppContext@5d1bdd4a{/,file:///tmp/jetty-0.0.0.0-38700-hddsDatanode-_-any-2653489048521762565.dir/webapp/,AVAILABLE}{/hddsDatanode}
2019-10-02 12:06:25,201 [main] INFO  server.AbstractConnector (AbstractConnector.java:doStart(278)) - Started ServerConnector@6812c8cc{HTTP/1.1,[http/1.1]}{0.0.0.0:38700}
2019-10-02 12:06:25,203 [main] INFO  server.Server (Server.java:doStart(419)) - Started @244580ms
2019-10-02 12:06:25,203 [main] WARN  impl.MetricsSystemImpl (MetricsSystemImpl.java:register(276)) - Sink prometheus already exists!
2019-10-02 12:06:25,204 [main] INFO  server.BaseHttpServer (BaseHttpServer.java:updateConnectorAddress(215)) - HTTP server of HDDSDATANODE is listening at http://0.0.0.0:38700
2019-10-02 12:06:25,204 [main] INFO  impl.MetricsSystemImpl (MetricsSystemImpl.java:init(158)) - HddsDatanode metrics system started (again)
2019-10-02 12:06:25,209 [org.apache.hadoop.util.JvmPauseMonitor$Monitor@35c27260] INFO  util.JvmPauseMonitor (JvmPauseMonitor.java:run(188)) - Starting JVM pause monitor
2019-10-02 12:06:25,209 [main] INFO  ozone.HddsDatanodeService (HddsDatanodeService.java:start(184)) - HddsDatanodeService host:pr-hdds-2199-dnstouuidmap-nxzb2-26233584 ip:192.168.151.122
2019-10-02 12:06:25,209 [Datanode State Machine Thread - 0] INFO  datanode.InitDatanodeState (InitDatanodeState.java:persistContainerDatanodeDetails(140)) - DatanodeDetails is persisted to /workdir/hadoop-ozone/integration-test/target/test-dir/MiniOzoneClusterImpl-c22a1174-2eb6-4002-9413-6ccd7ee92ef6/datanode-5/meta/datanode.id
2019-10-02 12:06:25,214 [main] INFO  volume.HddsVolume (HddsVolume.java:<init>(176)) - Creating Volume: /workdir/hadoop-ozone/integration-test/target/test-dir/MiniOzoneClusterImpl-c22a1174-2eb6-4002-9413-6ccd7ee92ef6/datanode-6/data/containers/hdds of  storage type : DISK and capacity : 1482555576320
2019-10-02 12:06:25,214 [main] INFO  volume.VolumeSet (VolumeSet.java:initializeVolumeSet(170)) - Added Volume : /workdir/hadoop-ozone/integration-test/target/test-dir/MiniOzoneClusterImpl-c22a1174-2eb6-4002-9413-6ccd7ee92ef6/datanode-6/data/containers/hdds to VolumeSet
2019-10-02 12:06:25,214 [main] INFO  volume.ThrottledAsyncChecker (ThrottledAsyncChecker.java:schedule(139)) - Scheduling a check for org.apache.hadoop.ozone.container.common.volume.HddsVolume@546ed2a0
2019-10-02 12:06:25,214 [main] INFO  volume.HddsVolumeChecker (HddsVolumeChecker.java:checkAllVolumes(202)) - Scheduled health check for volume org.apache.hadoop.ozone.container.common.volume.HddsVolume@546ed2a0
2019-10-02 12:06:25,225 [main] INFO  impl.RaftServerProxy (ConfUtils.java:logGet(43)) - raft.rpc.type = GRPC (default)
2019-10-02 12:06:25,225 [main] INFO  grpc.GrpcFactory (GrpcFactory.java:checkPooledByteBufAllocatorUseCacheForAllThreads(45)) - PERFORMANCE WARNING: useCacheForAllThreads is true that may cause Netty to create a lot garbage objects and, as a result, trigger GC.
	It is recommended to disable useCacheForAllThreads by setting -Dorg.apache.ratis.thirdparty.io.netty.allocator.useCacheForAllThreads=false in command line.
2019-10-02 12:06:25,226 [main] INFO  grpc.GrpcConfigKeys$Server (ConfUtils.java:logGet(43)) - raft.grpc.server.port = 0 (default)
2019-10-02 12:06:25,226 [main] INFO  server.GrpcService (ConfUtils.java:logGet(43)) - raft.grpc.message.size.max = 33570816 (custom)
2019-10-02 12:06:25,226 [main] INFO  server.RaftServerConfigKeys (ConfUtils.java:logGet(43)) - raft.server.log.appender.buffer.byte-limit = 33554432 (custom)
2019-10-02 12:06:25,226 [main] INFO  server.GrpcService (ConfUtils.java:logGet(43)) - raft.grpc.flow.control.window = 1MB (=1048576) (default)
2019-10-02 12:06:25,227 [main] INFO  server.RaftServerConfigKeys (ConfUtils.java:logGet(43)) - raft.server.rpc.request.timeout = 3000ms (default)
2019-10-02 12:06:25,227 [main] INFO  server.RaftServerConfigKeys (ConfUtils.java:logGet(43)) - raft.server.storage.dir = [/workdir/hadoop-ozone/integration-test/target/test-dir/MiniOzoneClusterImpl-c22a1174-2eb6-4002-9413-6ccd7ee92ef6/datanode-6/data/ratis] (custom)
2019-10-02 12:06:25,228 [main] INFO  hdfs.DFSUtil (DFSUtil.java:httpServerTemplateForNNAndJN(1641)) - Starting Web-server for hddsDatanode at: http://0.0.0.0:0
2019-10-02 12:06:25,230 [main] INFO  server.AuthenticationFilter (AuthenticationFilter.java:constructSecretProvider(240)) - Unable to initialize FileSignerSecretProvider, falling back to use random secrets.
2019-10-02 12:06:25,230 [main] WARN  http.HttpRequestLog (HttpRequestLog.java:getRequestLog(97)) - Jetty request log can only be enabled using Log4j
2019-10-02 12:06:25,231 [main] INFO  http.HttpServer2 (HttpServer2.java:addGlobalFilter(975)) - Added global filter 'safety' (class=org.apache.hadoop.http.HttpServer2$QuotingInputFilter)
2019-10-02 12:06:25,232 [main] INFO  http.HttpServer2 (HttpServer2.java:addFilter(948)) - Added filter static_user_filter (class=org.apache.hadoop.http.lib.StaticUserWebFilter$StaticUserFilter) to context hddsDatanode
2019-10-02 12:06:25,232 [main] INFO  http.HttpServer2 (HttpServer2.java:addFilter(958)) - Added filter static_user_filter (class=org.apache.hadoop.http.lib.StaticUserWebFilter$StaticUserFilter) to context logs
2019-10-02 12:06:25,232 [main] INFO  http.HttpServer2 (HttpServer2.java:addFilter(958)) - Added filter static_user_filter (class=org.apache.hadoop.http.lib.StaticUserWebFilter$StaticUserFilter) to context static
2019-10-02 12:06:25,233 [main] INFO  http.HttpServer2 (HttpServer2.java:bindListener(1191)) - Jetty bound to port 44698
2019-10-02 12:06:25,233 [main] INFO  server.Server (Server.java:doStart(351)) - jetty-9.3.25.v20180904, build timestamp: 2018-09-04T21:11:46Z, git hash: 3ce520221d0240229c862b122d2b06c12a625732
2019-10-02 12:06:25,235 [main] INFO  handler.ContextHandler (ContextHandler.java:doStart(781)) - Started o.e.j.s.ServletContextHandler@143fefaf{/logs,file:///workdir/hadoop-ozone/integration-test/target/log,AVAILABLE}
2019-10-02 12:06:25,235 [main] INFO  handler.ContextHandler (ContextHandler.java:doStart(781)) - Started o.e.j.s.ServletContextHandler@46468f0{/static,jar:file:/home/user/.m2/repository/org/apache/hadoop/hadoop-hdds-container-service/0.5.0-SNAPSHOT/hadoop-hdds-container-service-0.5.0-SNAPSHOT.jar!/webapps/static,AVAILABLE}
2019-10-02 12:06:25,266 [main] INFO  handler.ContextHandler (ContextHandler.java:doStart(781)) - Started o.e.j.w.WebAppContext@75793f17{/,file:///tmp/jetty-0.0.0.0-44698-hddsDatanode-_-any-7085636961751069918.dir/webapp/,AVAILABLE}{/hddsDatanode}
2019-10-02 12:06:25,266 [main] INFO  server.AbstractConnector (AbstractConnector.java:doStart(278)) - Started ServerConnector@4652c74d{HTTP/1.1,[http/1.1]}{0.0.0.0:44698}
2019-10-02 12:06:25,268 [main] INFO  server.Server (Server.java:doStart(419)) - Started @244646ms
2019-10-02 12:06:25,268 [main] WARN  impl.MetricsSystemImpl (MetricsSystemImpl.java:register(276)) - Sink prometheus already exists!
2019-10-02 12:06:25,269 [main] INFO  server.BaseHttpServer (BaseHttpServer.java:updateConnectorAddress(215)) - HTTP server of HDDSDATANODE is listening at http://0.0.0.0:44698
2019-10-02 12:06:25,269 [main] INFO  ozone.MiniOzoneClusterImpl (MiniOzoneClusterImpl.java:lambda$waitForClusterToBeReady$0(147)) - Waiting for cluster to be ready. Got 0 of 7 DN Heartbeats.
2019-10-02 12:06:25,270 [org.apache.hadoop.util.JvmPauseMonitor$Monitor@3e164551] INFO  util.JvmPauseMonitor (JvmPauseMonitor.java:run(188)) - Starting JVM pause monitor
2019-10-02 12:06:25,271 [Datanode State Machine Thread - 0] INFO  datanode.InitDatanodeState (InitDatanodeState.java:persistContainerDatanodeDetails(140)) - DatanodeDetails is persisted to /workdir/hadoop-ozone/integration-test/target/test-dir/MiniOzoneClusterImpl-c22a1174-2eb6-4002-9413-6ccd7ee92ef6/datanode-6/meta/datanode.id
2019-10-02 12:06:26,270 [main] INFO  ozone.MiniOzoneClusterImpl (MiniOzoneClusterImpl.java:lambda$waitForClusterToBeReady$0(147)) - Waiting for cluster to be ready. Got 0 of 7 DN Heartbeats.
2019-10-02 12:06:26,936 [Datanode State Machine Thread - 0] INFO  ozoneimpl.OzoneContainer (OzoneContainer.java:start(217)) - Attempting to start container services.
2019-10-02 12:06:26,937 [Datanode State Machine Thread - 0] INFO  ozoneimpl.OzoneContainer (OzoneContainer.java:startContainerScrub(179)) - Background container scanner has been disabled.
2019-10-02 12:06:26,937 [Datanode State Machine Thread - 0] INFO  ratis.XceiverServerRatis (XceiverServerRatis.java:start(417)) - Starting XceiverServerRatis 9424690c-9c3a-4d0f-91ad-24fd72d97d06 at port 0
2019-10-02 12:06:26,943 [Datanode State Machine Thread - 0] INFO  impl.RaftServerProxy (RaftServerProxy.java:lambda$start$3(299)) - 9424690c-9c3a-4d0f-91ad-24fd72d97d06: start RPC server
2019-10-02 12:06:26,945 [Datanode State Machine Thread - 0] INFO  server.GrpcService (GrpcService.java:startImpl(158)) - 9424690c-9c3a-4d0f-91ad-24fd72d97d06: GrpcService started, listening on 0.0.0.0/0.0.0.0:42716
2019-10-02 12:06:26,945 [Datanode State Machine Thread - 0] INFO  ratis.XceiverServerRatis (XceiverServerRatis.java:start(427)) - XceiverServerRatis 9424690c-9c3a-4d0f-91ad-24fd72d97d06 is started using port 42716
2019-10-02 12:06:26,945 [Datanode State Machine Thread - 0] INFO  server.XceiverServerGrpc (XceiverServerGrpc.java:start(149)) - XceiverServerGrpc 9424690c-9c3a-4d0f-91ad-24fd72d97d06 is started using port 36997
2019-10-02 12:06:26,981 [Datanode State Machine Thread - 0] INFO  ozoneimpl.OzoneContainer (OzoneContainer.java:start(217)) - Attempting to start container services.
2019-10-02 12:06:26,982 [Datanode State Machine Thread - 0] INFO  ozoneimpl.OzoneContainer (OzoneContainer.java:startContainerScrub(179)) - Background container scanner has been disabled.
2019-10-02 12:06:26,982 [Datanode State Machine Thread - 0] INFO  ratis.XceiverServerRatis (XceiverServerRatis.java:start(417)) - Starting XceiverServerRatis ee0bc2ba-f718-41aa-bc30-8c1a2823b755 at port 0
2019-10-02 12:06:26,987 [Datanode State Machine Thread - 0] INFO  impl.RaftServerProxy (RaftServerProxy.java:lambda$start$3(299)) - ee0bc2ba-f718-41aa-bc30-8c1a2823b755: start RPC server
2019-10-02 12:06:26,987 [Datanode State Machine Thread - 0] INFO  server.GrpcService (GrpcService.java:startImpl(158)) - ee0bc2ba-f718-41aa-bc30-8c1a2823b755: GrpcService started, listening on 0.0.0.0/0.0.0.0:34642
2019-10-02 12:06:26,987 [Datanode State Machine Thread - 0] INFO  ratis.XceiverServerRatis (XceiverServerRatis.java:start(427)) - XceiverServerRatis ee0bc2ba-f718-41aa-bc30-8c1a2823b755 is started using port 34642
2019-10-02 12:06:26,988 [Datanode State Machine Thread - 0] INFO  server.XceiverServerGrpc (XceiverServerGrpc.java:start(149)) - XceiverServerGrpc ee0bc2ba-f718-41aa-bc30-8c1a2823b755 is started using port 46574
2019-10-02 12:06:27,039 [Datanode State Machine Thread - 0] INFO  ozoneimpl.OzoneContainer (OzoneContainer.java:start(217)) - Attempting to start container services.
2019-10-02 12:06:27,039 [Datanode State Machine Thread - 0] INFO  ozoneimpl.OzoneContainer (OzoneContainer.java:startContainerScrub(179)) - Background container scanner has been disabled.
2019-10-02 12:06:27,039 [Datanode State Machine Thread - 0] INFO  ratis.XceiverServerRatis (XceiverServerRatis.java:start(417)) - Starting XceiverServerRatis 3cc710bf-a429-474a-81b8-6b6bfe7aeacb at port 0
2019-10-02 12:06:27,043 [Datanode State Machine Thread - 0] INFO  impl.RaftServerProxy (RaftServerProxy.java:lambda$start$3(299)) - 3cc710bf-a429-474a-81b8-6b6bfe7aeacb: start RPC server
2019-10-02 12:06:27,043 [Datanode State Machine Thread - 0] INFO  server.GrpcService (GrpcService.java:startImpl(158)) - 3cc710bf-a429-474a-81b8-6b6bfe7aeacb: GrpcService started, listening on 0.0.0.0/0.0.0.0:35676
2019-10-02 12:06:27,043 [Datanode State Machine Thread - 0] INFO  ratis.XceiverServerRatis (XceiverServerRatis.java:start(427)) - XceiverServerRatis 3cc710bf-a429-474a-81b8-6b6bfe7aeacb is started using port 35676
2019-10-02 12:06:27,044 [Datanode State Machine Thread - 0] INFO  server.XceiverServerGrpc (XceiverServerGrpc.java:start(149)) - XceiverServerGrpc 3cc710bf-a429-474a-81b8-6b6bfe7aeacb is started using port 34147
2019-10-02 12:06:27,110 [Datanode State Machine Thread - 0] INFO  ozoneimpl.OzoneContainer (OzoneContainer.java:start(217)) - Attempting to start container services.
2019-10-02 12:06:27,110 [Datanode State Machine Thread - 0] INFO  ozoneimpl.OzoneContainer (OzoneContainer.java:startContainerScrub(179)) - Background container scanner has been disabled.
2019-10-02 12:06:27,110 [Datanode State Machine Thread - 0] INFO  ratis.XceiverServerRatis (XceiverServerRatis.java:start(417)) - Starting XceiverServerRatis 6abeaf85-4af0-47f5-88ee-a76a4231644f at port 0
2019-10-02 12:06:27,115 [Datanode State Machine Thread - 0] INFO  impl.RaftServerProxy (RaftServerProxy.java:lambda$start$3(299)) - 6abeaf85-4af0-47f5-88ee-a76a4231644f: start RPC server
2019-10-02 12:06:27,116 [Datanode State Machine Thread - 0] INFO  server.GrpcService (GrpcService.java:startImpl(158)) - 6abeaf85-4af0-47f5-88ee-a76a4231644f: GrpcService started, listening on 0.0.0.0/0.0.0.0:38560
2019-10-02 12:06:27,116 [Datanode State Machine Thread - 0] INFO  ratis.XceiverServerRatis (XceiverServerRatis.java:start(427)) - XceiverServerRatis 6abeaf85-4af0-47f5-88ee-a76a4231644f is started using port 38560
2019-10-02 12:06:27,116 [Datanode State Machine Thread - 0] INFO  server.XceiverServerGrpc (XceiverServerGrpc.java:start(149)) - XceiverServerGrpc 6abeaf85-4af0-47f5-88ee-a76a4231644f is started using port 42924
2019-10-02 12:06:27,156 [Datanode State Machine Thread - 0] INFO  ozoneimpl.OzoneContainer (OzoneContainer.java:start(217)) - Attempting to start container services.
2019-10-02 12:06:27,156 [Datanode State Machine Thread - 0] INFO  ozoneimpl.OzoneContainer (OzoneContainer.java:startContainerScrub(179)) - Background container scanner has been disabled.
2019-10-02 12:06:27,156 [Datanode State Machine Thread - 0] INFO  ratis.XceiverServerRatis (XceiverServerRatis.java:start(417)) - Starting XceiverServerRatis 406ed7e4-9aa5-47d5-9c7f-ce9f767194f3 at port 0
2019-10-02 12:06:27,160 [Datanode State Machine Thread - 0] INFO  impl.RaftServerProxy (RaftServerProxy.java:lambda$start$3(299)) - 406ed7e4-9aa5-47d5-9c7f-ce9f767194f3: start RPC server
2019-10-02 12:06:27,161 [Datanode State Machine Thread - 0] INFO  server.GrpcService (GrpcService.java:startImpl(158)) - 406ed7e4-9aa5-47d5-9c7f-ce9f767194f3: GrpcService started, listening on 0.0.0.0/0.0.0.0:43165
2019-10-02 12:06:27,161 [Datanode State Machine Thread - 0] INFO  ratis.XceiverServerRatis (XceiverServerRatis.java:start(427)) - XceiverServerRatis 406ed7e4-9aa5-47d5-9c7f-ce9f767194f3 is started using port 43165
2019-10-02 12:06:27,161 [Datanode State Machine Thread - 0] INFO  server.XceiverServerGrpc (XceiverServerGrpc.java:start(149)) - XceiverServerGrpc 406ed7e4-9aa5-47d5-9c7f-ce9f767194f3 is started using port 38449
2019-10-02 12:06:27,212 [Datanode State Machine Thread - 0] INFO  ozoneimpl.OzoneContainer (OzoneContainer.java:start(217)) - Attempting to start container services.
2019-10-02 12:06:27,213 [Datanode State Machine Thread - 0] INFO  ozoneimpl.OzoneContainer (OzoneContainer.java:startContainerScrub(179)) - Background container scanner has been disabled.
2019-10-02 12:06:27,213 [Datanode State Machine Thread - 0] INFO  ratis.XceiverServerRatis (XceiverServerRatis.java:start(417)) - Starting XceiverServerRatis d693e41b-1ebf-47ff-9671-c51895b3c86b at port 0
2019-10-02 12:06:27,218 [Datanode State Machine Thread - 0] INFO  impl.RaftServerProxy (RaftServerProxy.java:lambda$start$3(299)) - d693e41b-1ebf-47ff-9671-c51895b3c86b: start RPC server
2019-10-02 12:06:27,218 [Datanode State Machine Thread - 0] INFO  server.GrpcService (GrpcService.java:startImpl(158)) - d693e41b-1ebf-47ff-9671-c51895b3c86b: GrpcService started, listening on 0.0.0.0/0.0.0.0:38410
2019-10-02 12:06:27,219 [Datanode State Machine Thread - 0] INFO  ratis.XceiverServerRatis (XceiverServerRatis.java:start(427)) - XceiverServerRatis d693e41b-1ebf-47ff-9671-c51895b3c86b is started using port 38410
2019-10-02 12:06:27,219 [Datanode State Machine Thread - 0] INFO  server.XceiverServerGrpc (XceiverServerGrpc.java:start(149)) - XceiverServerGrpc d693e41b-1ebf-47ff-9671-c51895b3c86b is started using port 33660
2019-10-02 12:06:27,270 [main] INFO  ozone.MiniOzoneClusterImpl (MiniOzoneClusterImpl.java:lambda$waitForClusterToBeReady$0(147)) - Waiting for cluster to be ready. Got 0 of 7 DN Heartbeats.
2019-10-02 12:06:27,284 [Datanode State Machine Thread - 0] INFO  ozoneimpl.OzoneContainer (OzoneContainer.java:start(217)) - Attempting to start container services.
2019-10-02 12:06:27,284 [Datanode State Machine Thread - 0] INFO  ozoneimpl.OzoneContainer (OzoneContainer.java:startContainerScrub(179)) - Background container scanner has been disabled.
2019-10-02 12:06:27,284 [Datanode State Machine Thread - 0] INFO  ratis.XceiverServerRatis (XceiverServerRatis.java:start(417)) - Starting XceiverServerRatis e58f0fd8-9fa3-4717-adbb-9d31f98a1277 at port 0
2019-10-02 12:06:27,289 [Datanode State Machine Thread - 0] INFO  impl.RaftServerProxy (RaftServerProxy.java:lambda$start$3(299)) - e58f0fd8-9fa3-4717-adbb-9d31f98a1277: start RPC server
2019-10-02 12:06:27,289 [Datanode State Machine Thread - 0] INFO  server.GrpcService (GrpcService.java:startImpl(158)) - e58f0fd8-9fa3-4717-adbb-9d31f98a1277: GrpcService started, listening on 0.0.0.0/0.0.0.0:37246
2019-10-02 12:06:27,289 [Datanode State Machine Thread - 0] INFO  ratis.XceiverServerRatis (XceiverServerRatis.java:start(427)) - XceiverServerRatis e58f0fd8-9fa3-4717-adbb-9d31f98a1277 is started using port 37246
2019-10-02 12:06:27,290 [Datanode State Machine Thread - 0] INFO  server.XceiverServerGrpc (XceiverServerGrpc.java:start(149)) - XceiverServerGrpc e58f0fd8-9fa3-4717-adbb-9d31f98a1277 is started using port 45295
2019-10-02 12:06:28,271 [main] INFO  ozone.MiniOzoneClusterImpl (MiniOzoneClusterImpl.java:lambda$waitForClusterToBeReady$0(147)) - Waiting for cluster to be ready. Got 0 of 7 DN Heartbeats.
2019-10-02 12:06:28,913 [IPC Server handler 3 on 34766] INFO  net.NetworkTopology (NetworkTopologyImpl.java:add(111)) - Added a new node: /default-rack/9424690c-9c3a-4d0f-91ad-24fd72d97d06
2019-10-02 12:06:28,915 [IPC Server handler 3 on 34766] INFO  node.SCMNodeManager (SCMNodeManager.java:register(269)) - Registered Data node : 9424690c-9c3a-4d0f-91ad-24fd72d97d06{ip: 192.168.151.122, host: pr-hdds-2199-dnstouuidmap-nxzb2-26233584, networkLocation: /default-rack, certSerialId: null}
2019-10-02 12:06:28,916 [EventQueue-NodeRegistrationContainerReportForDataNodeSafeModeRule] INFO  safemode.SCMSafeModeManager (DataNodeSafeModeRule.java:process(71)) - SCM in safe mode. 1 DataNodes registered, 1 required.
2019-10-02 12:06:28,918 [EventQueue-NodeRegistrationContainerReportForDataNodeSafeModeRule] INFO  safemode.SCMSafeModeManager (SCMSafeModeManager.java:validateSafeModeExitRules(177)) - ScmSafeModeManager, all rules are successfully validated
2019-10-02 12:06:28,918 [EventQueue-NodeRegistrationContainerReportForDataNodeSafeModeRule] INFO  safemode.SCMSafeModeManager (SCMSafeModeManager.java:exitSafeMode(193)) - SCM exiting safe mode.
2019-10-02 12:06:28,928 [grpc-default-executor-8] INFO  impl.RaftServerProxy (RaftServerProxy.java:addNew(89)) - 9424690c-9c3a-4d0f-91ad-24fd72d97d06: addNew group-E271F6ED2E5F:[9424690c-9c3a-4d0f-91ad-24fd72d97d06:192.168.151.122:42716] returns group-E271F6ED2E5F:java.util.concurrent.CompletableFuture@10722ae3[Not completed]
2019-10-02 12:06:28,930 [pool-383-thread-1] INFO  impl.RaftServerImpl (RaftServerImpl.java:<init>(95)) - 9424690c-9c3a-4d0f-91ad-24fd72d97d06: new RaftServerImpl for group-E271F6ED2E5F:[9424690c-9c3a-4d0f-91ad-24fd72d97d06:192.168.151.122:42716] with ContainerStateMachine:uninitialized
2019-10-02 12:06:28,930 [pool-383-thread-1] INFO  server.RaftServerConfigKeys (ConfUtils.java:logGet(43)) - raft.server.rpc.timeout.min = 5s (custom)
2019-10-02 12:06:28,931 [pool-383-thread-1] INFO  server.RaftServerConfigKeys (ConfUtils.java:logGet(43)) - raft.server.rpc.timeout.max = 5200ms (custom)
2019-10-02 12:06:28,931 [pool-383-thread-1] INFO  server.RaftServerConfigKeys (ConfUtils.java:logGet(43)) - raft.server.rpcslowness.timeout = 120s (custom)
2019-10-02 12:06:28,931 [pool-383-thread-1] INFO  server.RaftServerConfigKeys (ConfUtils.java:logGet(43)) - raft.server.sleep.deviation.threshold = 300 (default)
2019-10-02 12:06:28,931 [pool-383-thread-1] INFO  server.RaftServerConfigKeys (ConfUtils.java:logGet(43)) - raft.server.log.appender.install.snapshot.enabled = false (custom)
2019-10-02 12:06:28,931 [pool-383-thread-1] INFO  impl.RaftServerImpl (ServerState.java:<init>(103)) - 9424690c-9c3a-4d0f-91ad-24fd72d97d06@group-E271F6ED2E5F: ConfigurationManager, init=-1: [9424690c-9c3a-4d0f-91ad-24fd72d97d06:192.168.151.122:42716], old=null, confs=<EMPTY_MAP>
2019-10-02 12:06:28,931 [pool-383-thread-1] INFO  server.RaftServerConfigKeys (ConfUtils.java:logGet(43)) - raft.server.storage.dir = [/workdir/hadoop-ozone/integration-test/target/test-dir/MiniOzoneClusterImpl-c22a1174-2eb6-4002-9413-6ccd7ee92ef6/datanode-0/data/ratis] (custom)
2019-10-02 12:06:28,932 [pool-383-thread-1] INFO  server.RaftServerConfigKeys (ConfUtils.java:logGet(43)) - raft.server.log.corruption.policy = EXCEPTION (default)
2019-10-02 12:06:28,932 [pool-383-thread-1] INFO  storage.RaftStorageDirectory (RaftStorageDirectory.java:analyzeStorage(246)) - The storage directory /workdir/hadoop-ozone/integration-test/target/test-dir/MiniOzoneClusterImpl-c22a1174-2eb6-4002-9413-6ccd7ee92ef6/datanode-0/data/ratis/c4c05bc6-0e93-499d-b2aa-e271f6ed2e5f does not exist. Creating ...
2019-10-02 12:06:28,946 [pool-383-thread-1] INFO  storage.RaftStorageDirectory (RaftStorageDirectory.java:tryLock(328)) - Lock on /workdir/hadoop-ozone/integration-test/target/test-dir/MiniOzoneClusterImpl-c22a1174-2eb6-4002-9413-6ccd7ee92ef6/datanode-0/data/ratis/c4c05bc6-0e93-499d-b2aa-e271f6ed2e5f/in_use.lock acquired by nodename 21049@pr-hdds-2199-dnstouuidmap-nxzb2-26233584
2019-10-02 12:06:28,959 [pool-383-thread-1] INFO  storage.RaftStorage (RaftStorage.java:format(84)) - Storage directory /workdir/hadoop-ozone/integration-test/target/test-dir/MiniOzoneClusterImpl-c22a1174-2eb6-4002-9413-6ccd7ee92ef6/datanode-0/data/ratis/c4c05bc6-0e93-499d-b2aa-e271f6ed2e5f has been successfully formatted.
2019-10-02 12:06:28,959 [pool-383-thread-1] INFO  ratis.ContainerStateMachine (ContainerStateMachine.java:loadSnapshot(230)) - group-E271F6ED2E5F: The snapshot info is null. Setting the last applied indexto:(t:0, i:~)
2019-10-02 12:06:28,959 [pool-383-thread-1] INFO  server.RaftServerConfigKeys (ConfUtils.java:logGet(43)) - raft.server.notification.no-leader.timeout = 120s (custom)
2019-10-02 12:06:28,960 [pool-383-thread-1] INFO  server.RaftServerConfigKeys (ConfUtils.java:logGet(43)) - raft.server.log.use.memory = false (default)
2019-10-02 12:06:28,960 [pool-383-thread-1] INFO  server.RaftServerConfigKeys (ConfUtils.java:logGet(43)) - raft.server.log.purge.gap = 1000000 (custom)
2019-10-02 12:06:28,960 [pool-383-thread-1] INFO  server.RaftServerConfigKeys (ConfUtils.java:logGet(43)) - raft.server.log.appender.buffer.byte-limit = 33554432 (custom)
2019-10-02 12:06:28,960 [pool-383-thread-1] INFO  server.RaftServerConfigKeys (ConfUtils.java:logGet(43)) - raft.server.log.segment.size.max = 1048576 (custom)
2019-10-02 12:06:28,962 [pool-383-thread-1] INFO  server.RaftServerConfigKeys (ConfUtils.java:logGet(43)) - raft.server.log.segment.cache.num.max = 2 (custom)
2019-10-02 12:06:28,962 [pool-383-thread-1] INFO  segmented.SegmentedRaftLogWorker (SegmentedRaftLogWorker.java:<init>(173)) - new 9424690c-9c3a-4d0f-91ad-24fd72d97d06@group-E271F6ED2E5F-SegmentedRaftLogWorker for RaftStorage:Storage Directory /workdir/hadoop-ozone/integration-test/target/test-dir/MiniOzoneClusterImpl-c22a1174-2eb6-4002-9413-6ccd7ee92ef6/datanode-0/data/ratis/c4c05bc6-0e93-499d-b2aa-e271f6ed2e5f
2019-10-02 12:06:28,962 [pool-383-thread-1] INFO  server.RaftServerConfigKeys (ConfUtils.java:logGet(43)) - raft.server.log.queue.byte-limit = 2147483647 (custom)
2019-10-02 12:06:28,962 [pool-383-thread-1] INFO  server.RaftServerConfigKeys (ConfUtils.java:logGet(43)) - raft.server.log.queue.element-limit = 1024 (custom)
2019-10-02 12:06:28,963 [pool-383-thread-1] INFO  server.RaftServerConfigKeys (ConfUtils.java:logGet(43)) - raft.server.log.segment.size.max = 1048576 (custom)
2019-10-02 12:06:28,963 [pool-383-thread-1] INFO  server.RaftServerConfigKeys (ConfUtils.java:logGet(43)) - raft.server.log.preallocated.size = 16384 (custom)
2019-10-02 12:06:28,963 [pool-383-thread-1] INFO  server.RaftServerConfigKeys (ConfUtils.java:logGet(43)) - raft.server.log.write.buffer.size = 33554432 (custom)
2019-10-02 12:06:28,963 [pool-383-thread-1] INFO  server.RaftServerConfigKeys (ConfUtils.java:logGet(43)) - raft.server.log.force.sync.num = 128 (default)
2019-10-02 12:06:28,963 [pool-383-thread-1] INFO  server.RaftServerConfigKeys (ConfUtils.java:logGet(43)) - raft.server.log.statemachine.data.sync = true (default)
2019-10-02 12:06:28,963 [pool-383-thread-1] INFO  server.RaftServerConfigKeys (ConfUtils.java:logGet(43)) - raft.server.log.statemachine.data.sync.timeout = 10s (default)
2019-10-02 12:06:28,963 [pool-383-thread-1] INFO  server.RaftServerConfigKeys (ConfUtils.java:logGet(43)) - raft.server.log.statemachine.data.sync.timeout.retry = -1 (default)
2019-10-02 12:06:28,964 [pool-383-thread-1] INFO  server.RaftServerConfigKeys (ConfUtils.java:logGet(43)) - raft.server.log.statemachine.data.caching.enabled = true (custom)
2019-10-02 12:06:28,964 [pool-383-thread-1] INFO  segmented.SegmentedRaftLogWorker (SegmentedRaftLogWorker.java:lambda$new$0(128)) - 9424690c-9c3a-4d0f-91ad-24fd72d97d06@group-E271F6ED2E5F-SegmentedRaftLogWorker: flushIndex: setUnconditionally 0 -> -1
2019-10-02 12:06:28,964 [pool-383-thread-1] INFO  server.RaftServerConfigKeys (ConfUtils.java:logGet(43)) - raft.server.snapshot.auto.trigger.enabled = true (custom)
2019-10-02 12:06:28,965 [pool-383-thread-1] INFO  server.RaftServerConfigKeys (ConfUtils.java:logGet(43)) - raft.server.snapshot.auto.trigger.threshold = 10000 (custom)
2019-10-02 12:06:28,965 [pool-383-thread-1] INFO  server.RaftServerConfigKeys (ConfUtils.java:logGet(43)) - raft.server.snapshot.retention.file.num = 5 (custom)
2019-10-02 12:06:28,965 [pool-383-thread-1] INFO  server.RaftServerConfigKeys (ConfUtils.java:logGet(43)) - raft.server.retrycache.expirytime = 600000ms (custom)
2019-10-02 12:06:28,966 [pool-383-thread-1] INFO  impl.RaftServerImpl (RaftServerImpl.java:start(181)) - 9424690c-9c3a-4d0f-91ad-24fd72d97d06@group-E271F6ED2E5F: start as a follower, conf=-1: [9424690c-9c3a-4d0f-91ad-24fd72d97d06:192.168.151.122:42716], old=null
2019-10-02 12:06:28,966 [pool-383-thread-1] INFO  impl.RaftServerImpl (RaftServerImpl.java:setRole(170)) - 9424690c-9c3a-4d0f-91ad-24fd72d97d06@group-E271F6ED2E5F: changes role from      null to FOLLOWER at term 0 for startAsFollower
2019-10-02 12:06:28,967 [pool-383-thread-1] INFO  impl.RoleInfo (RoleInfo.java:updateAndGet(143)) - 9424690c-9c3a-4d0f-91ad-24fd72d97d06: start FollowerState
2019-10-02 12:06:28,967 [pool-383-thread-1] INFO  util.JmxRegister (JmxRegister.java:tryRegister(44)) - Successfully registered JMX Bean with object name Ratis:service=RaftServer,group=group-E271F6ED2E5F,id=9424690c-9c3a-4d0f-91ad-24fd72d97d06
2019-10-02 12:06:28,968 [IPC Server handler 4 on 34766] INFO  net.NetworkTopology (NetworkTopologyImpl.java:add(111)) - Added a new node: /default-rack/ee0bc2ba-f718-41aa-bc30-8c1a2823b755
2019-10-02 12:06:28,968 [IPC Server handler 4 on 34766] INFO  node.SCMNodeManager (SCMNodeManager.java:register(269)) - Registered Data node : ee0bc2ba-f718-41aa-bc30-8c1a2823b755{ip: 192.168.151.122, host: pr-hdds-2199-dnstouuidmap-nxzb2-26233584, networkLocation: /default-rack, certSerialId: null}
2019-10-02 12:06:28,972 [RatisPipelineUtilsThread] INFO  pipeline.PipelineStateManager (PipelineStateManager.java:addPipeline(56)) - Created pipeline Pipeline[ Id: c4c05bc6-0e93-499d-b2aa-e271f6ed2e5f, Nodes: 9424690c-9c3a-4d0f-91ad-24fd72d97d06{ip: 192.168.151.122, host: pr-hdds-2199-dnstouuidmap-nxzb2-26233584, networkLocation: /default-rack, certSerialId: null}, Type:RATIS, Factor:ONE, State:OPEN]
2019-10-02 12:06:28,977 [grpc-default-executor-8] INFO  impl.RaftServerProxy (RaftServerProxy.java:addNew(89)) - ee0bc2ba-f718-41aa-bc30-8c1a2823b755: addNew group-3E167C2121E1:[ee0bc2ba-f718-41aa-bc30-8c1a2823b755:192.168.151.122:34642] returns group-3E167C2121E1:java.util.concurrent.CompletableFuture@1e307f7d[Not completed]
2019-10-02 12:06:28,979 [pool-393-thread-1] INFO  impl.RaftServerImpl (RaftServerImpl.java:<init>(95)) - ee0bc2ba-f718-41aa-bc30-8c1a2823b755: new RaftServerImpl for group-3E167C2121E1:[ee0bc2ba-f718-41aa-bc30-8c1a2823b755:192.168.151.122:34642] with ContainerStateMachine:uninitialized
2019-10-02 12:06:28,979 [pool-393-thread-1] INFO  server.RaftServerConfigKeys (ConfUtils.java:logGet(43)) - raft.server.rpc.timeout.min = 5s (custom)
2019-10-02 12:06:28,979 [pool-393-thread-1] INFO  server.RaftServerConfigKeys (ConfUtils.java:logGet(43)) - raft.server.rpc.timeout.max = 5200ms (custom)
2019-10-02 12:06:28,979 [pool-393-thread-1] INFO  server.RaftServerConfigKeys (ConfUtils.java:logGet(43)) - raft.server.rpcslowness.timeout = 120s (custom)
2019-10-02 12:06:28,979 [pool-393-thread-1] INFO  server.RaftServerConfigKeys (ConfUtils.java:logGet(43)) - raft.server.sleep.deviation.threshold = 300 (default)
2019-10-02 12:06:28,979 [pool-393-thread-1] INFO  server.RaftServerConfigKeys (ConfUtils.java:logGet(43)) - raft.server.log.appender.install.snapshot.enabled = false (custom)
2019-10-02 12:06:28,979 [pool-393-thread-1] INFO  impl.RaftServerImpl (ServerState.java:<init>(103)) - ee0bc2ba-f718-41aa-bc30-8c1a2823b755@group-3E167C2121E1: ConfigurationManager, init=-1: [ee0bc2ba-f718-41aa-bc30-8c1a2823b755:192.168.151.122:34642], old=null, confs=<EMPTY_MAP>
2019-10-02 12:06:28,979 [pool-393-thread-1] INFO  server.RaftServerConfigKeys (ConfUtils.java:logGet(43)) - raft.server.storage.dir = [/workdir/hadoop-ozone/integration-test/target/test-dir/MiniOzoneClusterImpl-c22a1174-2eb6-4002-9413-6ccd7ee92ef6/datanode-1/data/ratis] (custom)
2019-10-02 12:06:28,980 [pool-393-thread-1] INFO  server.RaftServerConfigKeys (ConfUtils.java:logGet(43)) - raft.server.log.corruption.policy = EXCEPTION (default)
2019-10-02 12:06:28,980 [pool-393-thread-1] INFO  storage.RaftStorageDirectory (RaftStorageDirectory.java:analyzeStorage(246)) - The storage directory /workdir/hadoop-ozone/integration-test/target/test-dir/MiniOzoneClusterImpl-c22a1174-2eb6-4002-9413-6ccd7ee92ef6/datanode-1/data/ratis/22211d93-96de-4fc7-a320-3e167c2121e1 does not exist. Creating ...
2019-10-02 12:06:28,993 [pool-393-thread-1] INFO  storage.RaftStorageDirectory (RaftStorageDirectory.java:tryLock(328)) - Lock on /workdir/hadoop-ozone/integration-test/target/test-dir/MiniOzoneClusterImpl-c22a1174-2eb6-4002-9413-6ccd7ee92ef6/datanode-1/data/ratis/22211d93-96de-4fc7-a320-3e167c2121e1/in_use.lock acquired by nodename 21049@pr-hdds-2199-dnstouuidmap-nxzb2-26233584
2019-10-02 12:06:29,005 [pool-393-thread-1] INFO  storage.RaftStorage (RaftStorage.java:format(84)) - Storage directory /workdir/hadoop-ozone/integration-test/target/test-dir/MiniOzoneClusterImpl-c22a1174-2eb6-4002-9413-6ccd7ee92ef6/datanode-1/data/ratis/22211d93-96de-4fc7-a320-3e167c2121e1 has been successfully formatted.
2019-10-02 12:06:29,006 [pool-393-thread-1] INFO  ratis.ContainerStateMachine (ContainerStateMachine.java:loadSnapshot(230)) - group-3E167C2121E1: The snapshot info is null. Setting the last applied indexto:(t:0, i:~)
2019-10-02 12:06:29,006 [pool-393-thread-1] INFO  server.RaftServerConfigKeys (ConfUtils.java:logGet(43)) - raft.server.notification.no-leader.timeout = 120s (custom)
2019-10-02 12:06:29,006 [pool-393-thread-1] INFO  server.RaftServerConfigKeys (ConfUtils.java:logGet(43)) - raft.server.log.use.memory = false (default)
2019-10-02 12:06:29,006 [pool-393-thread-1] INFO  server.RaftServerConfigKeys (ConfUtils.java:logGet(43)) - raft.server.log.purge.gap = 1000000 (custom)
2019-10-02 12:06:29,006 [pool-393-thread-1] INFO  server.RaftServerConfigKeys (ConfUtils.java:logGet(43)) - raft.server.log.appender.buffer.byte-limit = 33554432 (custom)
2019-10-02 12:06:29,006 [pool-393-thread-1] INFO  server.RaftServerConfigKeys (ConfUtils.java:logGet(43)) - raft.server.log.segment.size.max = 1048576 (custom)
2019-10-02 12:06:29,008 [pool-393-thread-1] INFO  server.RaftServerConfigKeys (ConfUtils.java:logGet(43)) - raft.server.log.segment.cache.num.max = 2 (custom)
2019-10-02 12:06:29,008 [pool-393-thread-1] INFO  segmented.SegmentedRaftLogWorker (SegmentedRaftLogWorker.java:<init>(173)) - new ee0bc2ba-f718-41aa-bc30-8c1a2823b755@group-3E167C2121E1-SegmentedRaftLogWorker for RaftStorage:Storage Directory /workdir/hadoop-ozone/integration-test/target/test-dir/MiniOzoneClusterImpl-c22a1174-2eb6-4002-9413-6ccd7ee92ef6/datanode-1/data/ratis/22211d93-96de-4fc7-a320-3e167c2121e1
2019-10-02 12:06:29,008 [pool-393-thread-1] INFO  server.RaftServerConfigKeys (ConfUtils.java:logGet(43)) - raft.server.log.queue.byte-limit = 2147483647 (custom)
2019-10-02 12:06:29,008 [pool-393-thread-1] INFO  server.RaftServerConfigKeys (ConfUtils.java:logGet(43)) - raft.server.log.queue.element-limit = 1024 (custom)
2019-10-02 12:06:29,008 [pool-393-thread-1] INFO  server.RaftServerConfigKeys (ConfUtils.java:logGet(43)) - raft.server.log.segment.size.max = 1048576 (custom)
2019-10-02 12:06:29,008 [pool-393-thread-1] INFO  server.RaftServerConfigKeys (ConfUtils.java:logGet(43)) - raft.server.log.preallocated.size = 16384 (custom)
2019-10-02 12:06:29,009 [pool-393-thread-1] INFO  server.RaftServerConfigKeys (ConfUtils.java:logGet(43)) - raft.server.log.write.buffer.size = 33554432 (custom)
2019-10-02 12:06:29,009 [pool-393-thread-1] INFO  server.RaftServerConfigKeys (ConfUtils.java:logGet(43)) - raft.server.log.force.sync.num = 128 (default)
2019-10-02 12:06:29,009 [pool-393-thread-1] INFO  server.RaftServerConfigKeys (ConfUtils.java:logGet(43)) - raft.server.log.statemachine.data.sync = true (default)
2019-10-02 12:06:29,009 [pool-393-thread-1] INFO  server.RaftServerConfigKeys (ConfUtils.java:logGet(43)) - raft.server.log.statemachine.data.sync.timeout = 10s (default)
2019-10-02 12:06:29,009 [pool-393-thread-1] INFO  server.RaftServerConfigKeys (ConfUtils.java:logGet(43)) - raft.server.log.statemachine.data.sync.timeout.retry = -1 (default)
2019-10-02 12:06:29,009 [pool-393-thread-1] INFO  server.RaftServerConfigKeys (ConfUtils.java:logGet(43)) - raft.server.log.statemachine.data.caching.enabled = true (custom)
2019-10-02 12:06:29,010 [pool-393-thread-1] INFO  segmented.SegmentedRaftLogWorker (SegmentedRaftLogWorker.java:lambda$new$0(128)) - ee0bc2ba-f718-41aa-bc30-8c1a2823b755@group-3E167C2121E1-SegmentedRaftLogWorker: flushIndex: setUnconditionally 0 -> -1
2019-10-02 12:06:29,010 [pool-393-thread-1] INFO  server.RaftServerConfigKeys (ConfUtils.java:logGet(43)) - raft.server.snapshot.auto.trigger.enabled = true (custom)
2019-10-02 12:06:29,010 [pool-393-thread-1] INFO  server.RaftServerConfigKeys (ConfUtils.java:logGet(43)) - raft.server.snapshot.auto.trigger.threshold = 10000 (custom)
2019-10-02 12:06:29,010 [pool-393-thread-1] INFO  server.RaftServerConfigKeys (ConfUtils.java:logGet(43)) - raft.server.snapshot.retention.file.num = 5 (custom)
2019-10-02 12:06:29,010 [pool-393-thread-1] INFO  server.RaftServerConfigKeys (ConfUtils.java:logGet(43)) - raft.server.retrycache.expirytime = 600000ms (custom)
2019-10-02 12:06:29,012 [pool-393-thread-1] INFO  impl.RaftServerImpl (RaftServerImpl.java:start(181)) - ee0bc2ba-f718-41aa-bc30-8c1a2823b755@group-3E167C2121E1: start as a follower, conf=-1: [ee0bc2ba-f718-41aa-bc30-8c1a2823b755:192.168.151.122:34642], old=null
2019-10-02 12:06:29,012 [pool-393-thread-1] INFO  impl.RaftServerImpl (RaftServerImpl.java:setRole(170)) - ee0bc2ba-f718-41aa-bc30-8c1a2823b755@group-3E167C2121E1: changes role from      null to FOLLOWER at term 0 for startAsFollower
2019-10-02 12:06:29,012 [pool-393-thread-1] INFO  impl.RoleInfo (RoleInfo.java:updateAndGet(143)) - ee0bc2ba-f718-41aa-bc30-8c1a2823b755: start FollowerState
2019-10-02 12:06:29,012 [pool-393-thread-1] INFO  util.JmxRegister (JmxRegister.java:tryRegister(44)) - Successfully registered JMX Bean with object name Ratis:service=RaftServer,group=group-3E167C2121E1,id=ee0bc2ba-f718-41aa-bc30-8c1a2823b755
2019-10-02 12:06:29,015 [RatisPipelineUtilsThread] INFO  pipeline.PipelineStateManager (PipelineStateManager.java:addPipeline(56)) - Created pipeline Pipeline[ Id: 22211d93-96de-4fc7-a320-3e167c2121e1, Nodes: ee0bc2ba-f718-41aa-bc30-8c1a2823b755{ip: 192.168.151.122, host: pr-hdds-2199-dnstouuidmap-nxzb2-26233584, networkLocation: /default-rack, certSerialId: null}, Type:RATIS, Factor:ONE, State:OPEN]
2019-10-02 12:06:29,026 [IPC Server handler 5 on 34766] INFO  net.NetworkTopology (NetworkTopologyImpl.java:add(111)) - Added a new node: /default-rack/3cc710bf-a429-474a-81b8-6b6bfe7aeacb
2019-10-02 12:06:29,026 [IPC Server handler 5 on 34766] INFO  node.SCMNodeManager (SCMNodeManager.java:register(269)) - Registered Data node : 3cc710bf-a429-474a-81b8-6b6bfe7aeacb{ip: 192.168.151.122, host: pr-hdds-2199-dnstouuidmap-nxzb2-26233584, networkLocation: /default-rack, certSerialId: null}
2019-10-02 12:06:29,031 [grpc-default-executor-8] INFO  impl.RaftServerProxy (RaftServerProxy.java:addNew(89)) - 3cc710bf-a429-474a-81b8-6b6bfe7aeacb: addNew group-0065DA64874C:[3cc710bf-a429-474a-81b8-6b6bfe7aeacb:192.168.151.122:35676] returns group-0065DA64874C:java.util.concurrent.CompletableFuture@6d79a7d4[Not completed]
2019-10-02 12:06:29,032 [pool-403-thread-1] INFO  impl.RaftServerImpl (RaftServerImpl.java:<init>(95)) - 3cc710bf-a429-474a-81b8-6b6bfe7aeacb: new RaftServerImpl for group-0065DA64874C:[3cc710bf-a429-474a-81b8-6b6bfe7aeacb:192.168.151.122:35676] with ContainerStateMachine:uninitialized
2019-10-02 12:06:29,032 [pool-403-thread-1] INFO  server.RaftServerConfigKeys (ConfUtils.java:logGet(43)) - raft.server.rpc.timeout.min = 5s (custom)
2019-10-02 12:06:29,032 [pool-403-thread-1] INFO  server.RaftServerConfigKeys (ConfUtils.java:logGet(43)) - raft.server.rpc.timeout.max = 5200ms (custom)
2019-10-02 12:06:29,032 [pool-403-thread-1] INFO  server.RaftServerConfigKeys (ConfUtils.java:logGet(43)) - raft.server.rpcslowness.timeout = 120s (custom)
2019-10-02 12:06:29,032 [pool-403-thread-1] INFO  server.RaftServerConfigKeys (ConfUtils.java:logGet(43)) - raft.server.sleep.deviation.threshold = 300 (default)
2019-10-02 12:06:29,032 [pool-403-thread-1] INFO  server.RaftServerConfigKeys (ConfUtils.java:logGet(43)) - raft.server.log.appender.install.snapshot.enabled = false (custom)
2019-10-02 12:06:29,033 [pool-403-thread-1] INFO  impl.RaftServerImpl (ServerState.java:<init>(103)) - 3cc710bf-a429-474a-81b8-6b6bfe7aeacb@group-0065DA64874C: ConfigurationManager, init=-1: [3cc710bf-a429-474a-81b8-6b6bfe7aeacb:192.168.151.122:35676], old=null, confs=<EMPTY_MAP>
2019-10-02 12:06:29,033 [pool-403-thread-1] INFO  server.RaftServerConfigKeys (ConfUtils.java:logGet(43)) - raft.server.storage.dir = [/workdir/hadoop-ozone/integration-test/target/test-dir/MiniOzoneClusterImpl-c22a1174-2eb6-4002-9413-6ccd7ee92ef6/datanode-2/data/ratis] (custom)
2019-10-02 12:06:29,033 [pool-403-thread-1] INFO  server.RaftServerConfigKeys (ConfUtils.java:logGet(43)) - raft.server.log.corruption.policy = EXCEPTION (default)
2019-10-02 12:06:29,033 [pool-403-thread-1] INFO  storage.RaftStorageDirectory (RaftStorageDirectory.java:analyzeStorage(246)) - The storage directory /workdir/hadoop-ozone/integration-test/target/test-dir/MiniOzoneClusterImpl-c22a1174-2eb6-4002-9413-6ccd7ee92ef6/datanode-2/data/ratis/00d40183-285c-4902-bc55-0065da64874c does not exist. Creating ...
2019-10-02 12:06:29,046 [pool-403-thread-1] INFO  storage.RaftStorageDirectory (RaftStorageDirectory.java:tryLock(328)) - Lock on /workdir/hadoop-ozone/integration-test/target/test-dir/MiniOzoneClusterImpl-c22a1174-2eb6-4002-9413-6ccd7ee92ef6/datanode-2/data/ratis/00d40183-285c-4902-bc55-0065da64874c/in_use.lock acquired by nodename 21049@pr-hdds-2199-dnstouuidmap-nxzb2-26233584
2019-10-02 12:06:29,059 [pool-403-thread-1] INFO  storage.RaftStorage (RaftStorage.java:format(84)) - Storage directory /workdir/hadoop-ozone/integration-test/target/test-dir/MiniOzoneClusterImpl-c22a1174-2eb6-4002-9413-6ccd7ee92ef6/datanode-2/data/ratis/00d40183-285c-4902-bc55-0065da64874c has been successfully formatted.
2019-10-02 12:06:29,059 [pool-403-thread-1] INFO  ratis.ContainerStateMachine (ContainerStateMachine.java:loadSnapshot(230)) - group-0065DA64874C: The snapshot info is null. Setting the last applied indexto:(t:0, i:~)
2019-10-02 12:06:29,059 [pool-403-thread-1] INFO  server.RaftServerConfigKeys (ConfUtils.java:logGet(43)) - raft.server.notification.no-leader.timeout = 120s (custom)
2019-10-02 12:06:29,059 [pool-403-thread-1] INFO  server.RaftServerConfigKeys (ConfUtils.java:logGet(43)) - raft.server.log.use.memory = false (default)
2019-10-02 12:06:29,059 [pool-403-thread-1] INFO  server.RaftServerConfigKeys (ConfUtils.java:logGet(43)) - raft.server.log.purge.gap = 1000000 (custom)
2019-10-02 12:06:29,059 [pool-403-thread-1] INFO  server.RaftServerConfigKeys (ConfUtils.java:logGet(43)) - raft.server.log.appender.buffer.byte-limit = 33554432 (custom)
2019-10-02 12:06:29,059 [pool-403-thread-1] INFO  server.RaftServerConfigKeys (ConfUtils.java:logGet(43)) - raft.server.log.segment.size.max = 1048576 (custom)
2019-10-02 12:06:29,060 [pool-403-thread-1] INFO  server.RaftServerConfigKeys (ConfUtils.java:logGet(43)) - raft.server.log.segment.cache.num.max = 2 (custom)
2019-10-02 12:06:29,061 [pool-403-thread-1] INFO  segmented.SegmentedRaftLogWorker (SegmentedRaftLogWorker.java:<init>(173)) - new 3cc710bf-a429-474a-81b8-6b6bfe7aeacb@group-0065DA64874C-SegmentedRaftLogWorker for RaftStorage:Storage Directory /workdir/hadoop-ozone/integration-test/target/test-dir/MiniOzoneClusterImpl-c22a1174-2eb6-4002-9413-6ccd7ee92ef6/datanode-2/data/ratis/00d40183-285c-4902-bc55-0065da64874c
2019-10-02 12:06:29,061 [pool-403-thread-1] INFO  server.RaftServerConfigKeys (ConfUtils.java:logGet(43)) - raft.server.log.queue.byte-limit = 2147483647 (custom)
2019-10-02 12:06:29,061 [pool-403-thread-1] INFO  server.RaftServerConfigKeys (ConfUtils.java:logGet(43)) - raft.server.log.queue.element-limit = 1024 (custom)
2019-10-02 12:06:29,061 [pool-403-thread-1] INFO  server.RaftServerConfigKeys (ConfUtils.java:logGet(43)) - raft.server.log.segment.size.max = 1048576 (custom)
2019-10-02 12:06:29,061 [pool-403-thread-1] INFO  server.RaftServerConfigKeys (ConfUtils.java:logGet(43)) - raft.server.log.preallocated.size = 16384 (custom)
2019-10-02 12:06:29,061 [pool-403-thread-1] INFO  server.RaftServerConfigKeys (ConfUtils.java:logGet(43)) - raft.server.log.write.buffer.size = 33554432 (custom)
2019-10-02 12:06:29,061 [pool-403-thread-1] INFO  server.RaftServerConfigKeys (ConfUtils.java:logGet(43)) - raft.server.log.force.sync.num = 128 (default)
2019-10-02 12:06:29,061 [pool-403-thread-1] INFO  server.RaftServerConfigKeys (ConfUtils.java:logGet(43)) - raft.server.log.statemachine.data.sync = true (default)
2019-10-02 12:06:29,061 [pool-403-thread-1] INFO  server.RaftServerConfigKeys (ConfUtils.java:logGet(43)) - raft.server.log.statemachine.data.sync.timeout = 10s (default)
2019-10-02 12:06:29,061 [pool-403-thread-1] INFO  server.RaftServerConfigKeys (ConfUtils.java:logGet(43)) - raft.server.log.statemachine.data.sync.timeout.retry = -1 (default)
2019-10-02 12:06:29,062 [pool-403-thread-1] INFO  server.RaftServerConfigKeys (ConfUtils.java:logGet(43)) - raft.server.log.statemachine.data.caching.enabled = true (custom)
2019-10-02 12:06:29,062 [pool-403-thread-1] INFO  segmented.SegmentedRaftLogWorker (SegmentedRaftLogWorker.java:lambda$new$0(128)) - 3cc710bf-a429-474a-81b8-6b6bfe7aeacb@group-0065DA64874C-SegmentedRaftLogWorker: flushIndex: setUnconditionally 0 -> -1
2019-10-02 12:06:29,062 [pool-403-thread-1] INFO  server.RaftServerConfigKeys (ConfUtils.java:logGet(43)) - raft.server.snapshot.auto.trigger.enabled = true (custom)
2019-10-02 12:06:29,062 [pool-403-thread-1] INFO  server.RaftServerConfigKeys (ConfUtils.java:logGet(43)) - raft.server.snapshot.auto.trigger.threshold = 10000 (custom)
2019-10-02 12:06:29,062 [pool-403-thread-1] INFO  server.RaftServerConfigKeys (ConfUtils.java:logGet(43)) - raft.server.snapshot.retention.file.num = 5 (custom)
2019-10-02 12:06:29,062 [pool-403-thread-1] INFO  server.RaftServerConfigKeys (ConfUtils.java:logGet(43)) - raft.server.retrycache.expirytime = 600000ms (custom)
2019-10-02 12:06:29,064 [pool-403-thread-1] INFO  impl.RaftServerImpl (RaftServerImpl.java:start(181)) - 3cc710bf-a429-474a-81b8-6b6bfe7aeacb@group-0065DA64874C: start as a follower, conf=-1: [3cc710bf-a429-474a-81b8-6b6bfe7aeacb:192.168.151.122:35676], old=null
2019-10-02 12:06:29,064 [pool-403-thread-1] INFO  impl.RaftServerImpl (RaftServerImpl.java:setRole(170)) - 3cc710bf-a429-474a-81b8-6b6bfe7aeacb@group-0065DA64874C: changes role from      null to FOLLOWER at term 0 for startAsFollower
2019-10-02 12:06:29,064 [pool-403-thread-1] INFO  impl.RoleInfo (RoleInfo.java:updateAndGet(143)) - 3cc710bf-a429-474a-81b8-6b6bfe7aeacb: start FollowerState
2019-10-02 12:06:29,064 [pool-403-thread-1] INFO  util.JmxRegister (JmxRegister.java:tryRegister(44)) - Successfully registered JMX Bean with object name Ratis:service=RaftServer,group=group-0065DA64874C,id=3cc710bf-a429-474a-81b8-6b6bfe7aeacb
2019-10-02 12:06:29,067 [RatisPipelineUtilsThread] INFO  pipeline.PipelineStateManager (PipelineStateManager.java:addPipeline(56)) - Created pipeline Pipeline[ Id: 00d40183-285c-4902-bc55-0065da64874c, Nodes: 3cc710bf-a429-474a-81b8-6b6bfe7aeacb{ip: 192.168.151.122, host: pr-hdds-2199-dnstouuidmap-nxzb2-26233584, networkLocation: /default-rack, certSerialId: null}, Type:RATIS, Factor:ONE, State:OPEN]
2019-10-02 12:06:29,075 [grpc-default-executor-4] INFO  impl.RaftServerProxy (RaftServerProxy.java:addNew(89)) - 3cc710bf-a429-474a-81b8-6b6bfe7aeacb: addNew group-F074D92AE205:[9424690c-9c3a-4d0f-91ad-24fd72d97d06:192.168.151.122:42716, ee0bc2ba-f718-41aa-bc30-8c1a2823b755:192.168.151.122:34642, 3cc710bf-a429-474a-81b8-6b6bfe7aeacb:192.168.151.122:35676] returns group-F074D92AE205:java.util.concurrent.CompletableFuture@1ec9d1c2[Not completed]
2019-10-02 12:06:29,076 [grpc-default-executor-4] INFO  impl.RaftServerProxy (RaftServerProxy.java:addNew(89)) - ee0bc2ba-f718-41aa-bc30-8c1a2823b755: addNew group-F074D92AE205:[9424690c-9c3a-4d0f-91ad-24fd72d97d06:192.168.151.122:42716, ee0bc2ba-f718-41aa-bc30-8c1a2823b755:192.168.151.122:34642, 3cc710bf-a429-474a-81b8-6b6bfe7aeacb:192.168.151.122:35676] returns group-F074D92AE205:java.util.concurrent.CompletableFuture@6d777f50[Not completed]
2019-10-02 12:06:29,076 [grpc-default-executor-0] INFO  impl.RaftServerProxy (RaftServerProxy.java:addNew(89)) - 9424690c-9c3a-4d0f-91ad-24fd72d97d06: addNew group-F074D92AE205:[9424690c-9c3a-4d0f-91ad-24fd72d97d06:192.168.151.122:42716, ee0bc2ba-f718-41aa-bc30-8c1a2823b755:192.168.151.122:34642, 3cc710bf-a429-474a-81b8-6b6bfe7aeacb:192.168.151.122:35676] returns group-F074D92AE205:java.util.concurrent.CompletableFuture@cc0969a[Not completed]
2019-10-02 12:06:29,076 [pool-403-thread-1] INFO  impl.RaftServerImpl (RaftServerImpl.java:<init>(95)) - 3cc710bf-a429-474a-81b8-6b6bfe7aeacb: new RaftServerImpl for group-F074D92AE205:[9424690c-9c3a-4d0f-91ad-24fd72d97d06:192.168.151.122:42716, ee0bc2ba-f718-41aa-bc30-8c1a2823b755:192.168.151.122:34642, 3cc710bf-a429-474a-81b8-6b6bfe7aeacb:192.168.151.122:35676] with ContainerStateMachine:uninitialized
2019-10-02 12:06:29,077 [pool-403-thread-1] INFO  server.RaftServerConfigKeys (ConfUtils.java:logGet(43)) - raft.server.rpc.timeout.min = 5s (custom)
2019-10-02 12:06:29,077 [pool-403-thread-1] INFO  server.RaftServerConfigKeys (ConfUtils.java:logGet(43)) - raft.server.rpc.timeout.max = 5200ms (custom)
2019-10-02 12:06:29,077 [pool-403-thread-1] INFO  server.RaftServerConfigKeys (ConfUtils.java:logGet(43)) - raft.server.rpcslowness.timeout = 120s (custom)
2019-10-02 12:06:29,077 [pool-403-thread-1] INFO  server.RaftServerConfigKeys (ConfUtils.java:logGet(43)) - raft.server.sleep.deviation.threshold = 300 (default)
2019-10-02 12:06:29,077 [pool-393-thread-1] INFO  impl.RaftServerImpl (RaftServerImpl.java:<init>(95)) - ee0bc2ba-f718-41aa-bc30-8c1a2823b755: new RaftServerImpl for group-F074D92AE205:[9424690c-9c3a-4d0f-91ad-24fd72d97d06:192.168.151.122:42716, ee0bc2ba-f718-41aa-bc30-8c1a2823b755:192.168.151.122:34642, 3cc710bf-a429-474a-81b8-6b6bfe7aeacb:192.168.151.122:35676] with ContainerStateMachine:uninitialized
2019-10-02 12:06:29,077 [pool-403-thread-1] INFO  server.RaftServerConfigKeys (ConfUtils.java:logGet(43)) - raft.server.log.appender.install.snapshot.enabled = false (custom)
2019-10-02 12:06:29,077 [pool-393-thread-1] INFO  server.RaftServerConfigKeys (ConfUtils.java:logGet(43)) - raft.server.rpc.timeout.min = 5s (custom)
2019-10-02 12:06:29,077 [pool-403-thread-1] INFO  impl.RaftServerImpl (ServerState.java:<init>(103)) - 3cc710bf-a429-474a-81b8-6b6bfe7aeacb@group-F074D92AE205: ConfigurationManager, init=-1: [9424690c-9c3a-4d0f-91ad-24fd72d97d06:192.168.151.122:42716, ee0bc2ba-f718-41aa-bc30-8c1a2823b755:192.168.151.122:34642, 3cc710bf-a429-474a-81b8-6b6bfe7aeacb:192.168.151.122:35676], old=null, confs=<EMPTY_MAP>
2019-10-02 12:06:29,077 [pool-383-thread-1] INFO  impl.RaftServerImpl (RaftServerImpl.java:<init>(95)) - 9424690c-9c3a-4d0f-91ad-24fd72d97d06: new RaftServerImpl for group-F074D92AE205:[9424690c-9c3a-4d0f-91ad-24fd72d97d06:192.168.151.122:42716, ee0bc2ba-f718-41aa-bc30-8c1a2823b755:192.168.151.122:34642, 3cc710bf-a429-474a-81b8-6b6bfe7aeacb:192.168.151.122:35676] with ContainerStateMachine:uninitialized
2019-10-02 12:06:29,077 [pool-403-thread-1] INFO  server.RaftServerConfigKeys (ConfUtils.java:logGet(43)) - raft.server.storage.dir = [/workdir/hadoop-ozone/integration-test/target/test-dir/MiniOzoneClusterImpl-c22a1174-2eb6-4002-9413-6ccd7ee92ef6/datanode-2/data/ratis] (custom)
2019-10-02 12:06:29,077 [pool-393-thread-1] INFO  server.RaftServerConfigKeys (ConfUtils.java:logGet(43)) - raft.server.rpc.timeout.max = 5200ms (custom)
2019-10-02 12:06:29,077 [pool-383-thread-1] INFO  server.RaftServerConfigKeys (ConfUtils.java:logGet(43)) - raft.server.rpc.timeout.min = 5s (custom)
2019-10-02 12:06:29,078 [pool-403-thread-1] INFO  server.RaftServerConfigKeys (ConfUtils.java:logGet(43)) - raft.server.log.corruption.policy = EXCEPTION (default)
2019-10-02 12:06:29,078 [pool-393-thread-1] INFO  server.RaftServerConfigKeys (ConfUtils.java:logGet(43)) - raft.server.rpcslowness.timeout = 120s (custom)
2019-10-02 12:06:29,078 [pool-403-thread-1] INFO  storage.RaftStorageDirectory (RaftStorageDirectory.java:analyzeStorage(246)) - The storage directory /workdir/hadoop-ozone/integration-test/target/test-dir/MiniOzoneClusterImpl-c22a1174-2eb6-4002-9413-6ccd7ee92ef6/datanode-2/data/ratis/a7c14c75-e1a0-4e1d-bc55-f074d92ae205 does not exist. Creating ...
2019-10-02 12:06:29,078 [pool-383-thread-1] INFO  server.RaftServerConfigKeys (ConfUtils.java:logGet(43)) - raft.server.rpc.timeout.max = 5200ms (custom)
2019-10-02 12:06:29,078 [pool-393-thread-1] INFO  server.RaftServerConfigKeys (ConfUtils.java:logGet(43)) - raft.server.sleep.deviation.threshold = 300 (default)
2019-10-02 12:06:29,078 [pool-383-thread-1] INFO  server.RaftServerConfigKeys (ConfUtils.java:logGet(43)) - raft.server.rpcslowness.timeout = 120s (custom)
2019-10-02 12:06:29,078 [pool-393-thread-1] INFO  server.RaftServerConfigKeys (ConfUtils.java:logGet(43)) - raft.server.log.appender.install.snapshot.enabled = false (custom)
2019-10-02 12:06:29,078 [pool-383-thread-1] INFO  server.RaftServerConfigKeys (ConfUtils.java:logGet(43)) - raft.server.sleep.deviation.threshold = 300 (default)
2019-10-02 12:06:29,078 [pool-393-thread-1] INFO  impl.RaftServerImpl (ServerState.java:<init>(103)) - ee0bc2ba-f718-41aa-bc30-8c1a2823b755@group-F074D92AE205: ConfigurationManager, init=-1: [9424690c-9c3a-4d0f-91ad-24fd72d97d06:192.168.151.122:42716, ee0bc2ba-f718-41aa-bc30-8c1a2823b755:192.168.151.122:34642, 3cc710bf-a429-474a-81b8-6b6bfe7aeacb:192.168.151.122:35676], old=null, confs=<EMPTY_MAP>
2019-10-02 12:06:29,078 [pool-383-thread-1] INFO  server.RaftServerConfigKeys (ConfUtils.java:logGet(43)) - raft.server.log.appender.install.snapshot.enabled = false (custom)
2019-10-02 12:06:29,078 [pool-393-thread-1] INFO  server.RaftServerConfigKeys (ConfUtils.java:logGet(43)) - raft.server.storage.dir = [/workdir/hadoop-ozone/integration-test/target/test-dir/MiniOzoneClusterImpl-c22a1174-2eb6-4002-9413-6ccd7ee92ef6/datanode-1/data/ratis] (custom)
2019-10-02 12:06:29,079 [pool-383-thread-1] INFO  impl.RaftServerImpl (ServerState.java:<init>(103)) - 9424690c-9c3a-4d0f-91ad-24fd72d97d06@group-F074D92AE205: ConfigurationManager, init=-1: [9424690c-9c3a-4d0f-91ad-24fd72d97d06:192.168.151.122:42716, ee0bc2ba-f718-41aa-bc30-8c1a2823b755:192.168.151.122:34642, 3cc710bf-a429-474a-81b8-6b6bfe7aeacb:192.168.151.122:35676], old=null, confs=<EMPTY_MAP>
2019-10-02 12:06:29,079 [pool-393-thread-1] INFO  server.RaftServerConfigKeys (ConfUtils.java:logGet(43)) - raft.server.log.corruption.policy = EXCEPTION (default)
2019-10-02 12:06:29,079 [pool-383-thread-1] INFO  server.RaftServerConfigKeys (ConfUtils.java:logGet(43)) - raft.server.storage.dir = [/workdir/hadoop-ozone/integration-test/target/test-dir/MiniOzoneClusterImpl-c22a1174-2eb6-4002-9413-6ccd7ee92ef6/datanode-0/data/ratis] (custom)
2019-10-02 12:06:29,079 [pool-393-thread-1] INFO  storage.RaftStorageDirectory (RaftStorageDirectory.java:analyzeStorage(246)) - The storage directory /workdir/hadoop-ozone/integration-test/target/test-dir/MiniOzoneClusterImpl-c22a1174-2eb6-4002-9413-6ccd7ee92ef6/datanode-1/data/ratis/a7c14c75-e1a0-4e1d-bc55-f074d92ae205 does not exist. Creating ...
2019-10-02 12:06:29,079 [pool-383-thread-1] INFO  server.RaftServerConfigKeys (ConfUtils.java:logGet(43)) - raft.server.log.corruption.policy = EXCEPTION (default)
2019-10-02 12:06:29,079 [pool-383-thread-1] INFO  storage.RaftStorageDirectory (RaftStorageDirectory.java:analyzeStorage(246)) - The storage directory /workdir/hadoop-ozone/integration-test/target/test-dir/MiniOzoneClusterImpl-c22a1174-2eb6-4002-9413-6ccd7ee92ef6/datanode-0/data/ratis/a7c14c75-e1a0-4e1d-bc55-f074d92ae205 does not exist. Creating ...
2019-10-02 12:06:29,089 [IPC Server handler 6 on 34766] INFO  net.NetworkTopology (NetworkTopologyImpl.java:add(111)) - Added a new node: /default-rack/6abeaf85-4af0-47f5-88ee-a76a4231644f
2019-10-02 12:06:29,089 [IPC Server handler 6 on 34766] INFO  node.SCMNodeManager (SCMNodeManager.java:register(269)) - Registered Data node : 6abeaf85-4af0-47f5-88ee-a76a4231644f{ip: 192.168.151.122, host: pr-hdds-2199-dnstouuidmap-nxzb2-26233584, networkLocation: /default-rack, certSerialId: null}
2019-10-02 12:06:29,091 [pool-393-thread-1] INFO  storage.RaftStorageDirectory (RaftStorageDirectory.java:tryLock(328)) - Lock on /workdir/hadoop-ozone/integration-test/target/test-dir/MiniOzoneClusterImpl-c22a1174-2eb6-4002-9413-6ccd7ee92ef6/datanode-1/data/ratis/a7c14c75-e1a0-4e1d-bc55-f074d92ae205/in_use.lock acquired by nodename 21049@pr-hdds-2199-dnstouuidmap-nxzb2-26233584
2019-10-02 12:06:29,091 [pool-383-thread-1] INFO  storage.RaftStorageDirectory (RaftStorageDirectory.java:tryLock(328)) - Lock on /workdir/hadoop-ozone/integration-test/target/test-dir/MiniOzoneClusterImpl-c22a1174-2eb6-4002-9413-6ccd7ee92ef6/datanode-0/data/ratis/a7c14c75-e1a0-4e1d-bc55-f074d92ae205/in_use.lock acquired by nodename 21049@pr-hdds-2199-dnstouuidmap-nxzb2-26233584
2019-10-02 12:06:29,091 [pool-403-thread-1] INFO  storage.RaftStorageDirectory (RaftStorageDirectory.java:tryLock(328)) - Lock on /workdir/hadoop-ozone/integration-test/target/test-dir/MiniOzoneClusterImpl-c22a1174-2eb6-4002-9413-6ccd7ee92ef6/datanode-2/data/ratis/a7c14c75-e1a0-4e1d-bc55-f074d92ae205/in_use.lock acquired by nodename 21049@pr-hdds-2199-dnstouuidmap-nxzb2-26233584
2019-10-02 12:06:29,104 [pool-403-thread-1] INFO  storage.RaftStorage (RaftStorage.java:format(84)) - Storage directory /workdir/hadoop-ozone/integration-test/target/test-dir/MiniOzoneClusterImpl-c22a1174-2eb6-4002-9413-6ccd7ee92ef6/datanode-2/data/ratis/a7c14c75-e1a0-4e1d-bc55-f074d92ae205 has been successfully formatted.
2019-10-02 12:06:29,104 [pool-393-thread-1] INFO  storage.RaftStorage (RaftStorage.java:format(84)) - Storage directory /workdir/hadoop-ozone/integration-test/target/test-dir/MiniOzoneClusterImpl-c22a1174-2eb6-4002-9413-6ccd7ee92ef6/datanode-1/data/ratis/a7c14c75-e1a0-4e1d-bc55-f074d92ae205 has been successfully formatted.
2019-10-02 12:06:29,104 [pool-383-thread-1] INFO  storage.RaftStorage (RaftStorage.java:format(84)) - Storage directory /workdir/hadoop-ozone/integration-test/target/test-dir/MiniOzoneClusterImpl-c22a1174-2eb6-4002-9413-6ccd7ee92ef6/datanode-0/data/ratis/a7c14c75-e1a0-4e1d-bc55-f074d92ae205 has been successfully formatted.
2019-10-02 12:06:29,104 [pool-393-thread-1] INFO  ratis.ContainerStateMachine (ContainerStateMachine.java:loadSnapshot(230)) - group-F074D92AE205: The snapshot info is null. Setting the last applied indexto:(t:0, i:~)
2019-10-02 12:06:29,104 [pool-403-thread-1] INFO  ratis.ContainerStateMachine (ContainerStateMachine.java:loadSnapshot(230)) - group-F074D92AE205: The snapshot info is null. Setting the last applied indexto:(t:0, i:~)
2019-10-02 12:06:29,105 [pool-393-thread-1] INFO  server.RaftServerConfigKeys (ConfUtils.java:logGet(43)) - raft.server.notification.no-leader.timeout = 120s (custom)
2019-10-02 12:06:29,104 [pool-383-thread-1] INFO  ratis.ContainerStateMachine (ContainerStateMachine.java:loadSnapshot(230)) - group-F074D92AE205: The snapshot info is null. Setting the last applied indexto:(t:0, i:~)
2019-10-02 12:06:29,105 [pool-393-thread-1] INFO  server.RaftServerConfigKeys (ConfUtils.java:logGet(43)) - raft.server.log.use.memory = false (default)
2019-10-02 12:06:29,105 [pool-403-thread-1] INFO  server.RaftServerConfigKeys (ConfUtils.java:logGet(43)) - raft.server.notification.no-leader.timeout = 120s (custom)
2019-10-02 12:06:29,105 [pool-393-thread-1] INFO  server.RaftServerConfigKeys (ConfUtils.java:logGet(43)) - raft.server.log.purge.gap = 1000000 (custom)
2019-10-02 12:06:29,105 [pool-383-thread-1] INFO  server.RaftServerConfigKeys (ConfUtils.java:logGet(43)) - raft.server.notification.no-leader.timeout = 120s (custom)
2019-10-02 12:06:29,105 [pool-393-thread-1] INFO  server.RaftServerConfigKeys (ConfUtils.java:logGet(43)) - raft.server.log.appender.buffer.byte-limit = 33554432 (custom)
2019-10-02 12:06:29,105 [pool-403-thread-1] INFO  server.RaftServerConfigKeys (ConfUtils.java:logGet(43)) - raft.server.log.use.memory = false (default)
2019-10-02 12:06:29,105 [pool-393-thread-1] INFO  server.RaftServerConfigKeys (ConfUtils.java:logGet(43)) - raft.server.log.segment.size.max = 1048576 (custom)
2019-10-02 12:06:29,105 [pool-383-thread-1] INFO  server.RaftServerConfigKeys (ConfUtils.java:logGet(43)) - raft.server.log.use.memory = false (default)
2019-10-02 12:06:29,105 [pool-393-thread-1] INFO  server.RaftServerConfigKeys (ConfUtils.java:logGet(43)) - raft.server.log.segment.cache.num.max = 2 (custom)
2019-10-02 12:06:29,105 [pool-403-thread-1] INFO  server.RaftServerConfigKeys (ConfUtils.java:logGet(43)) - raft.server.log.purge.gap = 1000000 (custom)
2019-10-02 12:06:29,106 [pool-393-thread-1] INFO  segmented.SegmentedRaftLogWorker (SegmentedRaftLogWorker.java:<init>(173)) - new ee0bc2ba-f718-41aa-bc30-8c1a2823b755@group-F074D92AE205-SegmentedRaftLogWorker for RaftStorage:Storage Directory /workdir/hadoop-ozone/integration-test/target/test-dir/MiniOzoneClusterImpl-c22a1174-2eb6-4002-9413-6ccd7ee92ef6/datanode-1/data/ratis/a7c14c75-e1a0-4e1d-bc55-f074d92ae205
2019-10-02 12:06:29,106 [pool-383-thread-1] INFO  server.RaftServerConfigKeys (ConfUtils.java:logGet(43)) - raft.server.log.purge.gap = 1000000 (custom)
2019-10-02 12:06:29,106 [pool-393-thread-1] INFO  server.RaftServerConfigKeys (ConfUtils.java:logGet(43)) - raft.server.log.queue.byte-limit = 2147483647 (custom)
2019-10-02 12:06:29,106 [pool-403-thread-1] INFO  server.RaftServerConfigKeys (ConfUtils.java:logGet(43)) - raft.server.log.appender.buffer.byte-limit = 33554432 (custom)
2019-10-02 12:06:29,106 [pool-393-thread-1] INFO  server.RaftServerConfigKeys (ConfUtils.java:logGet(43)) - raft.server.log.queue.element-limit = 1024 (custom)
2019-10-02 12:06:29,106 [pool-383-thread-1] INFO  server.RaftServerConfigKeys (ConfUtils.java:logGet(43)) - raft.server.log.appender.buffer.byte-limit = 33554432 (custom)
2019-10-02 12:06:29,106 [pool-393-thread-1] INFO  server.RaftServerConfigKeys (ConfUtils.java:logGet(43)) - raft.server.log.segment.size.max = 1048576 (custom)
2019-10-02 12:06:29,106 [pool-403-thread-1] INFO  server.RaftServerConfigKeys (ConfUtils.java:logGet(43)) - raft.server.log.segment.size.max = 1048576 (custom)
2019-10-02 12:06:29,106 [pool-393-thread-1] INFO  server.RaftServerConfigKeys (ConfUtils.java:logGet(43)) - raft.server.log.preallocated.size = 16384 (custom)
2019-10-02 12:06:29,106 [pool-383-thread-1] INFO  server.RaftServerConfigKeys (ConfUtils.java:logGet(43)) - raft.server.log.segment.size.max = 1048576 (custom)
2019-10-02 12:06:29,106 [pool-393-thread-1] INFO  server.RaftServerConfigKeys (ConfUtils.java:logGet(43)) - raft.server.log.write.buffer.size = 33554432 (custom)
2019-10-02 12:06:29,106 [pool-403-thread-1] INFO  server.RaftServerConfigKeys (ConfUtils.java:logGet(43)) - raft.server.log.segment.cache.num.max = 2 (custom)
2019-10-02 12:06:29,107 [pool-393-thread-1] INFO  server.RaftServerConfigKeys (ConfUtils.java:logGet(43)) - raft.server.log.force.sync.num = 128 (default)
2019-10-02 12:06:29,107 [pool-383-thread-1] INFO  server.RaftServerConfigKeys (ConfUtils.java:logGet(43)) - raft.server.log.segment.cache.num.max = 2 (custom)
2019-10-02 12:06:29,107 [pool-393-thread-1] INFO  server.RaftServerConfigKeys (ConfUtils.java:logGet(43)) - raft.server.log.statemachine.data.sync = true (default)
2019-10-02 12:06:29,107 [pool-403-thread-1] INFO  segmented.SegmentedRaftLogWorker (SegmentedRaftLogWorker.java:<init>(173)) - new 3cc710bf-a429-474a-81b8-6b6bfe7aeacb@group-F074D92AE205-SegmentedRaftLogWorker for RaftStorage:Storage Directory /workdir/hadoop-ozone/integration-test/target/test-dir/MiniOzoneClusterImpl-c22a1174-2eb6-4002-9413-6ccd7ee92ef6/datanode-2/data/ratis/a7c14c75-e1a0-4e1d-bc55-f074d92ae205
2019-10-02 12:06:29,107 [pool-393-thread-1] INFO  server.RaftServerConfigKeys (ConfUtils.java:logGet(43)) - raft.server.log.statemachine.data.sync.timeout = 10s (default)
2019-10-02 12:06:29,107 [pool-383-thread-1] INFO  segmented.SegmentedRaftLogWorker (SegmentedRaftLogWorker.java:<init>(173)) - new 9424690c-9c3a-4d0f-91ad-24fd72d97d06@group-F074D92AE205-SegmentedRaftLogWorker for RaftStorage:Storage Directory /workdir/hadoop-ozone/integration-test/target/test-dir/MiniOzoneClusterImpl-c22a1174-2eb6-4002-9413-6ccd7ee92ef6/datanode-0/data/ratis/a7c14c75-e1a0-4e1d-bc55-f074d92ae205
2019-10-02 12:06:29,107 [pool-393-thread-1] INFO  server.RaftServerConfigKeys (ConfUtils.java:logGet(43)) - raft.server.log.statemachine.data.sync.timeout.retry = -1 (default)
2019-10-02 12:06:29,107 [pool-403-thread-1] INFO  server.RaftServerConfigKeys (ConfUtils.java:logGet(43)) - raft.server.log.queue.byte-limit = 2147483647 (custom)
2019-10-02 12:06:29,107 [pool-393-thread-1] INFO  server.RaftServerConfigKeys (ConfUtils.java:logGet(43)) - raft.server.log.statemachine.data.caching.enabled = true (custom)
2019-10-02 12:06:29,107 [pool-383-thread-1] INFO  server.RaftServerConfigKeys (ConfUtils.java:logGet(43)) - raft.server.log.queue.byte-limit = 2147483647 (custom)
2019-10-02 12:06:29,107 [pool-403-thread-1] INFO  server.RaftServerConfigKeys (ConfUtils.java:logGet(43)) - raft.server.log.queue.element-limit = 1024 (custom)
2019-10-02 12:06:29,108 [pool-393-thread-1] INFO  segmented.SegmentedRaftLogWorker (SegmentedRaftLogWorker.java:lambda$new$0(128)) - ee0bc2ba-f718-41aa-bc30-8c1a2823b755@group-F074D92AE205-SegmentedRaftLogWorker: flushIndex: setUnconditionally 0 -> -1
2019-10-02 12:06:29,108 [pool-383-thread-1] INFO  server.RaftServerConfigKeys (ConfUtils.java:logGet(43)) - raft.server.log.queue.element-limit = 1024 (custom)
2019-10-02 12:06:29,108 [pool-403-thread-1] INFO  server.RaftServerConfigKeys (ConfUtils.java:logGet(43)) - raft.server.log.segment.size.max = 1048576 (custom)
2019-10-02 12:06:29,108 [pool-393-thread-1] INFO  server.RaftServerConfigKeys (ConfUtils.java:logGet(43)) - raft.server.snapshot.auto.trigger.enabled = true (custom)
2019-10-02 12:06:29,108 [pool-383-thread-1] INFO  server.RaftServerConfigKeys (ConfUtils.java:logGet(43)) - raft.server.log.segment.size.max = 1048576 (custom)
2019-10-02 12:06:29,108 [pool-393-thread-1] INFO  server.RaftServerConfigKeys (ConfUtils.java:logGet(43)) - raft.server.snapshot.auto.trigger.threshold = 10000 (custom)
2019-10-02 12:06:29,108 [pool-403-thread-1] INFO  server.RaftServerConfigKeys (ConfUtils.java:logGet(43)) - raft.server.log.preallocated.size = 16384 (custom)
2019-10-02 12:06:29,108 [pool-393-thread-1] INFO  server.RaftServerConfigKeys (ConfUtils.java:logGet(43)) - raft.server.snapshot.retention.file.num = 5 (custom)
2019-10-02 12:06:29,108 [pool-383-thread-1] INFO  server.RaftServerConfigKeys (ConfUtils.java:logGet(43)) - raft.server.log.preallocated.size = 16384 (custom)
2019-10-02 12:06:29,109 [pool-393-thread-1] INFO  server.RaftServerConfigKeys (ConfUtils.java:logGet(43)) - raft.server.retrycache.expirytime = 600000ms (custom)
2019-10-02 12:06:29,108 [pool-403-thread-1] INFO  server.RaftServerConfigKeys (ConfUtils.java:logGet(43)) - raft.server.log.write.buffer.size = 33554432 (custom)
2019-10-02 12:06:29,109 [pool-383-thread-1] INFO  server.RaftServerConfigKeys (ConfUtils.java:logGet(43)) - raft.server.log.write.buffer.size = 33554432 (custom)
2019-10-02 12:06:29,109 [pool-403-thread-1] INFO  server.RaftServerConfigKeys (ConfUtils.java:logGet(43)) - raft.server.log.force.sync.num = 128 (default)
2019-10-02 12:06:29,109 [pool-383-thread-1] INFO  server.RaftServerConfigKeys (ConfUtils.java:logGet(43)) - raft.server.log.force.sync.num = 128 (default)
2019-10-02 12:06:29,109 [pool-403-thread-1] INFO  server.RaftServerConfigKeys (ConfUtils.java:logGet(43)) - raft.server.log.statemachine.data.sync = true (default)
2019-10-02 12:06:29,109 [pool-383-thread-1] INFO  server.RaftServerConfigKeys (ConfUtils.java:logGet(43)) - raft.server.log.statemachine.data.sync = true (default)
2019-10-02 12:06:29,109 [pool-403-thread-1] INFO  server.RaftServerConfigKeys (ConfUtils.java:logGet(43)) - raft.server.log.statemachine.data.sync.timeout = 10s (default)
2019-10-02 12:06:29,109 [pool-383-thread-1] INFO  server.RaftServerConfigKeys (ConfUtils.java:logGet(43)) - raft.server.log.statemachine.data.sync.timeout = 10s (default)
2019-10-02 12:06:29,109 [pool-403-thread-1] INFO  server.RaftServerConfigKeys (ConfUtils.java:logGet(43)) - raft.server.log.statemachine.data.sync.timeout.retry = -1 (default)
2019-10-02 12:06:29,110 [pool-383-thread-1] INFO  server.RaftServerConfigKeys (ConfUtils.java:logGet(43)) - raft.server.log.statemachine.data.sync.timeout.retry = -1 (default)
2019-10-02 12:06:29,110 [pool-403-thread-1] INFO  server.RaftServerConfigKeys (ConfUtils.java:logGet(43)) - raft.server.log.statemachine.data.caching.enabled = true (custom)
2019-10-02 12:06:29,110 [pool-393-thread-1] INFO  impl.RaftServerImpl (RaftServerImpl.java:start(181)) - ee0bc2ba-f718-41aa-bc30-8c1a2823b755@group-F074D92AE205: start as a follower, conf=-1: [9424690c-9c3a-4d0f-91ad-24fd72d97d06:192.168.151.122:42716, ee0bc2ba-f718-41aa-bc30-8c1a2823b755:192.168.151.122:34642, 3cc710bf-a429-474a-81b8-6b6bfe7aeacb:192.168.151.122:35676], old=null
2019-10-02 12:06:29,110 [pool-383-thread-1] INFO  server.RaftServerConfigKeys (ConfUtils.java:logGet(43)) - raft.server.log.statemachine.data.caching.enabled = true (custom)
2019-10-02 12:06:29,110 [pool-403-thread-1] INFO  segmented.SegmentedRaftLogWorker (SegmentedRaftLogWorker.java:lambda$new$0(128)) - 3cc710bf-a429-474a-81b8-6b6bfe7aeacb@group-F074D92AE205-SegmentedRaftLogWorker: flushIndex: setUnconditionally 0 -> -1
2019-10-02 12:06:29,110 [pool-383-thread-1] INFO  segmented.SegmentedRaftLogWorker (SegmentedRaftLogWorker.java:lambda$new$0(128)) - 9424690c-9c3a-4d0f-91ad-24fd72d97d06@group-F074D92AE205-SegmentedRaftLogWorker: flushIndex: setUnconditionally 0 -> -1
2019-10-02 12:06:29,110 [pool-393-thread-1] INFO  impl.RaftServerImpl (RaftServerImpl.java:setRole(170)) - ee0bc2ba-f718-41aa-bc30-8c1a2823b755@group-F074D92AE205: changes role from      null to FOLLOWER at term 0 for startAsFollower
2019-10-02 12:06:29,110 [pool-403-thread-1] INFO  server.RaftServerConfigKeys (ConfUtils.java:logGet(43)) - raft.server.snapshot.auto.trigger.enabled = true (custom)
2019-10-02 12:06:29,110 [pool-383-thread-1] INFO  server.RaftServerConfigKeys (ConfUtils.java:logGet(43)) - raft.server.snapshot.auto.trigger.enabled = true (custom)
2019-10-02 12:06:29,110 [pool-393-thread-1] INFO  impl.RoleInfo (RoleInfo.java:updateAndGet(143)) - ee0bc2ba-f718-41aa-bc30-8c1a2823b755: start FollowerState
2019-10-02 12:06:29,111 [pool-383-thread-1] INFO  server.RaftServerConfigKeys (ConfUtils.java:logGet(43)) - raft.server.snapshot.auto.trigger.threshold = 10000 (custom)
2019-10-02 12:06:29,110 [pool-403-thread-1] INFO  server.RaftServerConfigKeys (ConfUtils.java:logGet(43)) - raft.server.snapshot.auto.trigger.threshold = 10000 (custom)
2019-10-02 12:06:29,111 [pool-383-thread-1] INFO  server.RaftServerConfigKeys (ConfUtils.java:logGet(43)) - raft.server.snapshot.retention.file.num = 5 (custom)
2019-10-02 12:06:29,111 [pool-403-thread-1] INFO  server.RaftServerConfigKeys (ConfUtils.java:logGet(43)) - raft.server.snapshot.retention.file.num = 5 (custom)
2019-10-02 12:06:29,111 [pool-393-thread-1] INFO  util.JmxRegister (JmxRegister.java:tryRegister(44)) - Successfully registered JMX Bean with object name Ratis:service=RaftServer,group=group-F074D92AE205,id=ee0bc2ba-f718-41aa-bc30-8c1a2823b755
2019-10-02 12:06:29,111 [pool-403-thread-1] INFO  server.RaftServerConfigKeys (ConfUtils.java:logGet(43)) - raft.server.retrycache.expirytime = 600000ms (custom)
2019-10-02 12:06:29,111 [pool-383-thread-1] INFO  server.RaftServerConfigKeys (ConfUtils.java:logGet(43)) - raft.server.retrycache.expirytime = 600000ms (custom)
2019-10-02 12:06:29,114 [pool-403-thread-1] INFO  impl.RaftServerImpl (RaftServerImpl.java:start(181)) - 3cc710bf-a429-474a-81b8-6b6bfe7aeacb@group-F074D92AE205: start as a follower, conf=-1: [9424690c-9c3a-4d0f-91ad-24fd72d97d06:192.168.151.122:42716, ee0bc2ba-f718-41aa-bc30-8c1a2823b755:192.168.151.122:34642, 3cc710bf-a429-474a-81b8-6b6bfe7aeacb:192.168.151.122:35676], old=null
2019-10-02 12:06:29,114 [pool-383-thread-1] INFO  impl.RaftServerImpl (RaftServerImpl.java:start(181)) - 9424690c-9c3a-4d0f-91ad-24fd72d97d06@group-F074D92AE205: start as a follower, conf=-1: [9424690c-9c3a-4d0f-91ad-24fd72d97d06:192.168.151.122:42716, ee0bc2ba-f718-41aa-bc30-8c1a2823b755:192.168.151.122:34642, 3cc710bf-a429-474a-81b8-6b6bfe7aeacb:192.168.151.122:35676], old=null
2019-10-02 12:06:29,114 [pool-403-thread-1] INFO  impl.RaftServerImpl (RaftServerImpl.java:setRole(170)) - 3cc710bf-a429-474a-81b8-6b6bfe7aeacb@group-F074D92AE205: changes role from      null to FOLLOWER at term 0 for startAsFollower
2019-10-02 12:06:29,114 [pool-383-thread-1] INFO  impl.RaftServerImpl (RaftServerImpl.java:setRole(170)) - 9424690c-9c3a-4d0f-91ad-24fd72d97d06@group-F074D92AE205: changes role from      null to FOLLOWER at term 0 for startAsFollower
2019-10-02 12:06:29,114 [pool-403-thread-1] INFO  impl.RoleInfo (RoleInfo.java:updateAndGet(143)) - 3cc710bf-a429-474a-81b8-6b6bfe7aeacb: start FollowerState
2019-10-02 12:06:29,114 [pool-383-thread-1] INFO  impl.RoleInfo (RoleInfo.java:updateAndGet(143)) - 9424690c-9c3a-4d0f-91ad-24fd72d97d06: start FollowerState
2019-10-02 12:06:29,115 [pool-403-thread-1] INFO  util.JmxRegister (JmxRegister.java:tryRegister(44)) - Successfully registered JMX Bean with object name Ratis:service=RaftServer,group=group-F074D92AE205,id=3cc710bf-a429-474a-81b8-6b6bfe7aeacb
2019-10-02 12:06:29,115 [pool-383-thread-1] INFO  util.JmxRegister (JmxRegister.java:tryRegister(44)) - Successfully registered JMX Bean with object name Ratis:service=RaftServer,group=group-F074D92AE205,id=9424690c-9c3a-4d0f-91ad-24fd72d97d06
2019-10-02 12:06:29,119 [RatisPipelineUtilsThread] INFO  pipeline.PipelineStateManager (PipelineStateManager.java:addPipeline(56)) - Created pipeline Pipeline[ Id: a7c14c75-e1a0-4e1d-bc55-f074d92ae205, Nodes: 9424690c-9c3a-4d0f-91ad-24fd72d97d06{ip: 192.168.151.122, host: pr-hdds-2199-dnstouuidmap-nxzb2-26233584, networkLocation: /default-rack, certSerialId: null}3cc710bf-a429-474a-81b8-6b6bfe7aeacb{ip: 192.168.151.122, host: pr-hdds-2199-dnstouuidmap-nxzb2-26233584, networkLocation: /default-rack, certSerialId: null}ee0bc2ba-f718-41aa-bc30-8c1a2823b755{ip: 192.168.151.122, host: pr-hdds-2199-dnstouuidmap-nxzb2-26233584, networkLocation: /default-rack, certSerialId: null}, Type:RATIS, Factor:THREE, State:OPEN]
2019-10-02 12:06:29,152 [IPC Server handler 0 on 34766] INFO  net.NetworkTopology (NetworkTopologyImpl.java:add(111)) - Added a new node: /default-rack/406ed7e4-9aa5-47d5-9c7f-ce9f767194f3
2019-10-02 12:06:29,152 [IPC Server handler 0 on 34766] INFO  node.SCMNodeManager (SCMNodeManager.java:register(269)) - Registered Data node : 406ed7e4-9aa5-47d5-9c7f-ce9f767194f3{ip: 192.168.151.122, host: pr-hdds-2199-dnstouuidmap-nxzb2-26233584, networkLocation: /default-rack, certSerialId: null}
2019-10-02 12:06:29,162 [grpc-default-executor-0] INFO  impl.RaftServerProxy (RaftServerProxy.java:addNew(89)) - 6abeaf85-4af0-47f5-88ee-a76a4231644f: addNew group-E885519D15E0:[6abeaf85-4af0-47f5-88ee-a76a4231644f:192.168.151.122:38560] returns group-E885519D15E0:java.util.concurrent.CompletableFuture@6a7baee1[Not completed]
2019-10-02 12:06:29,165 [pool-413-thread-1] INFO  impl.RaftServerImpl (RaftServerImpl.java:<init>(95)) - 6abeaf85-4af0-47f5-88ee-a76a4231644f: new RaftServerImpl for group-E885519D15E0:[6abeaf85-4af0-47f5-88ee-a76a4231644f:192.168.151.122:38560] with ContainerStateMachine:uninitialized
2019-10-02 12:06:29,165 [pool-413-thread-1] INFO  server.RaftServerConfigKeys (ConfUtils.java:logGet(43)) - raft.server.rpc.timeout.min = 5s (custom)
2019-10-02 12:06:29,166 [pool-413-thread-1] INFO  server.RaftServerConfigKeys (ConfUtils.java:logGet(43)) - raft.server.rpc.timeout.max = 5200ms (custom)
2019-10-02 12:06:29,166 [pool-413-thread-1] INFO  server.RaftServerConfigKeys (ConfUtils.java:logGet(43)) - raft.server.rpcslowness.timeout = 120s (custom)
2019-10-02 12:06:29,166 [pool-413-thread-1] INFO  server.RaftServerConfigKeys (ConfUtils.java:logGet(43)) - raft.server.sleep.deviation.threshold = 300 (default)
2019-10-02 12:06:29,166 [pool-413-thread-1] INFO  server.RaftServerConfigKeys (ConfUtils.java:logGet(43)) - raft.server.log.appender.install.snapshot.enabled = false (custom)
2019-10-02 12:06:29,166 [pool-413-thread-1] INFO  impl.RaftServerImpl (ServerState.java:<init>(103)) - 6abeaf85-4af0-47f5-88ee-a76a4231644f@group-E885519D15E0: ConfigurationManager, init=-1: [6abeaf85-4af0-47f5-88ee-a76a4231644f:192.168.151.122:38560], old=null, confs=<EMPTY_MAP>
2019-10-02 12:06:29,166 [pool-413-thread-1] INFO  server.RaftServerConfigKeys (ConfUtils.java:logGet(43)) - raft.server.storage.dir = [/workdir/hadoop-ozone/integration-test/target/test-dir/MiniOzoneClusterImpl-c22a1174-2eb6-4002-9413-6ccd7ee92ef6/datanode-3/data/ratis] (custom)
2019-10-02 12:06:29,166 [pool-413-thread-1] INFO  server.RaftServerConfigKeys (ConfUtils.java:logGet(43)) - raft.server.log.corruption.policy = EXCEPTION (default)
2019-10-02 12:06:29,167 [pool-413-thread-1] INFO  storage.RaftStorageDirectory (RaftStorageDirectory.java:analyzeStorage(246)) - The storage directory /workdir/hadoop-ozone/integration-test/target/test-dir/MiniOzoneClusterImpl-c22a1174-2eb6-4002-9413-6ccd7ee92ef6/datanode-3/data/ratis/ee5c21dd-8435-4c72-80ba-e885519d15e0 does not exist. Creating ...
2019-10-02 12:06:29,179 [pool-413-thread-1] INFO  storage.RaftStorageDirectory (RaftStorageDirectory.java:tryLock(328)) - Lock on /workdir/hadoop-ozone/integration-test/target/test-dir/MiniOzoneClusterImpl-c22a1174-2eb6-4002-9413-6ccd7ee92ef6/datanode-3/data/ratis/ee5c21dd-8435-4c72-80ba-e885519d15e0/in_use.lock acquired by nodename 21049@pr-hdds-2199-dnstouuidmap-nxzb2-26233584
2019-10-02 12:06:29,193 [pool-413-thread-1] INFO  storage.RaftStorage (RaftStorage.java:format(84)) - Storage directory /workdir/hadoop-ozone/integration-test/target/test-dir/MiniOzoneClusterImpl-c22a1174-2eb6-4002-9413-6ccd7ee92ef6/datanode-3/data/ratis/ee5c21dd-8435-4c72-80ba-e885519d15e0 has been successfully formatted.
2019-10-02 12:06:29,194 [pool-413-thread-1] INFO  ratis.ContainerStateMachine (ContainerStateMachine.java:loadSnapshot(230)) - group-E885519D15E0: The snapshot info is null. Setting the last applied indexto:(t:0, i:~)
2019-10-02 12:06:29,194 [pool-413-thread-1] INFO  server.RaftServerConfigKeys (ConfUtils.java:logGet(43)) - raft.server.notification.no-leader.timeout = 120s (custom)
2019-10-02 12:06:29,194 [pool-413-thread-1] INFO  server.RaftServerConfigKeys (ConfUtils.java:logGet(43)) - raft.server.log.use.memory = false (default)
2019-10-02 12:06:29,194 [pool-413-thread-1] INFO  server.RaftServerConfigKeys (ConfUtils.java:logGet(43)) - raft.server.log.purge.gap = 1000000 (custom)
2019-10-02 12:06:29,194 [pool-413-thread-1] INFO  server.RaftServerConfigKeys (ConfUtils.java:logGet(43)) - raft.server.log.appender.buffer.byte-limit = 33554432 (custom)
2019-10-02 12:06:29,194 [pool-413-thread-1] INFO  server.RaftServerConfigKeys (ConfUtils.java:logGet(43)) - raft.server.log.segment.size.max = 1048576 (custom)
2019-10-02 12:06:29,196 [pool-413-thread-1] INFO  server.RaftServerConfigKeys (ConfUtils.java:logGet(43)) - raft.server.log.segment.cache.num.max = 2 (custom)
2019-10-02 12:06:29,196 [pool-413-thread-1] INFO  segmented.SegmentedRaftLogWorker (SegmentedRaftLogWorker.java:<init>(173)) - new 6abeaf85-4af0-47f5-88ee-a76a4231644f@group-E885519D15E0-SegmentedRaftLogWorker for RaftStorage:Storage Directory /workdir/hadoop-ozone/integration-test/target/test-dir/MiniOzoneClusterImpl-c22a1174-2eb6-4002-9413-6ccd7ee92ef6/datanode-3/data/ratis/ee5c21dd-8435-4c72-80ba-e885519d15e0
2019-10-02 12:06:29,196 [pool-413-thread-1] INFO  server.RaftServerConfigKeys (ConfUtils.java:logGet(43)) - raft.server.log.queue.byte-limit = 2147483647 (custom)
2019-10-02 12:06:29,197 [pool-413-thread-1] INFO  server.RaftServerConfigKeys (ConfUtils.java:logGet(43)) - raft.server.log.queue.element-limit = 1024 (custom)
2019-10-02 12:06:29,197 [pool-413-thread-1] INFO  server.RaftServerConfigKeys (ConfUtils.java:logGet(43)) - raft.server.log.segment.size.max = 1048576 (custom)
2019-10-02 12:06:29,197 [pool-413-thread-1] INFO  server.RaftServerConfigKeys (ConfUtils.java:logGet(43)) - raft.server.log.preallocated.size = 16384 (custom)
2019-10-02 12:06:29,197 [pool-413-thread-1] INFO  server.RaftServerConfigKeys (ConfUtils.java:logGet(43)) - raft.server.log.write.buffer.size = 33554432 (custom)
2019-10-02 12:06:29,197 [pool-413-thread-1] INFO  server.RaftServerConfigKeys (ConfUtils.java:logGet(43)) - raft.server.log.force.sync.num = 128 (default)
2019-10-02 12:06:29,197 [pool-413-thread-1] INFO  server.RaftServerConfigKeys (ConfUtils.java:logGet(43)) - raft.server.log.statemachine.data.sync = true (default)
2019-10-02 12:06:29,197 [pool-413-thread-1] INFO  server.RaftServerConfigKeys (ConfUtils.java:logGet(43)) - raft.server.log.statemachine.data.sync.timeout = 10s (default)
2019-10-02 12:06:29,197 [pool-413-thread-1] INFO  server.RaftServerConfigKeys (ConfUtils.java:logGet(43)) - raft.server.log.statemachine.data.sync.timeout.retry = -1 (default)
2019-10-02 12:06:29,198 [pool-413-thread-1] INFO  server.RaftServerConfigKeys (ConfUtils.java:logGet(43)) - raft.server.log.statemachine.data.caching.enabled = true (custom)
2019-10-02 12:06:29,198 [pool-413-thread-1] INFO  segmented.SegmentedRaftLogWorker (SegmentedRaftLogWorker.java:lambda$new$0(128)) - 6abeaf85-4af0-47f5-88ee-a76a4231644f@group-E885519D15E0-SegmentedRaftLogWorker: flushIndex: setUnconditionally 0 -> -1
2019-10-02 12:06:29,198 [pool-413-thread-1] INFO  server.RaftServerConfigKeys (ConfUtils.java:logGet(43)) - raft.server.snapshot.auto.trigger.enabled = true (custom)
2019-10-02 12:06:29,198 [pool-413-thread-1] INFO  server.RaftServerConfigKeys (ConfUtils.java:logGet(43)) - raft.server.snapshot.auto.trigger.threshold = 10000 (custom)
2019-10-02 12:06:29,199 [pool-413-thread-1] INFO  server.RaftServerConfigKeys (ConfUtils.java:logGet(43)) - raft.server.snapshot.retention.file.num = 5 (custom)
2019-10-02 12:06:29,199 [pool-413-thread-1] INFO  server.RaftServerConfigKeys (ConfUtils.java:logGet(43)) - raft.server.retrycache.expirytime = 600000ms (custom)
2019-10-02 12:06:29,200 [pool-413-thread-1] INFO  impl.RaftServerImpl (RaftServerImpl.java:start(181)) - 6abeaf85-4af0-47f5-88ee-a76a4231644f@group-E885519D15E0: start as a follower, conf=-1: [6abeaf85-4af0-47f5-88ee-a76a4231644f:192.168.151.122:38560], old=null
2019-10-02 12:06:29,200 [pool-413-thread-1] INFO  impl.RaftServerImpl (RaftServerImpl.java:setRole(170)) - 6abeaf85-4af0-47f5-88ee-a76a4231644f@group-E885519D15E0: changes role from      null to FOLLOWER at term 0 for startAsFollower
2019-10-02 12:06:29,201 [pool-413-thread-1] INFO  impl.RoleInfo (RoleInfo.java:updateAndGet(143)) - 6abeaf85-4af0-47f5-88ee-a76a4231644f: start FollowerState
2019-10-02 12:06:29,201 [pool-413-thread-1] INFO  util.JmxRegister (JmxRegister.java:tryRegister(44)) - Successfully registered JMX Bean with object name Ratis:service=RaftServer,group=group-E885519D15E0,id=6abeaf85-4af0-47f5-88ee-a76a4231644f
2019-10-02 12:06:29,204 [RatisPipelineUtilsThread] INFO  pipeline.PipelineStateManager (PipelineStateManager.java:addPipeline(56)) - Created pipeline Pipeline[ Id: ee5c21dd-8435-4c72-80ba-e885519d15e0, Nodes: 6abeaf85-4af0-47f5-88ee-a76a4231644f{ip: 192.168.151.122, host: pr-hdds-2199-dnstouuidmap-nxzb2-26233584, networkLocation: /default-rack, certSerialId: null}, Type:RATIS, Factor:ONE, State:OPEN]
2019-10-02 12:06:29,209 [IPC Server handler 1 on 34766] INFO  net.NetworkTopology (NetworkTopologyImpl.java:add(111)) - Added a new node: /default-rack/d693e41b-1ebf-47ff-9671-c51895b3c86b
2019-10-02 12:06:29,209 [IPC Server handler 1 on 34766] INFO  node.SCMNodeManager (SCMNodeManager.java:register(269)) - Registered Data node : d693e41b-1ebf-47ff-9671-c51895b3c86b{ip: 192.168.151.122, host: pr-hdds-2199-dnstouuidmap-nxzb2-26233584, networkLocation: /default-rack, certSerialId: null}
2019-10-02 12:06:29,212 [grpc-default-executor-0] INFO  impl.RaftServerProxy (RaftServerProxy.java:addNew(89)) - 406ed7e4-9aa5-47d5-9c7f-ce9f767194f3: addNew group-FF1EA4D6B19D:[406ed7e4-9aa5-47d5-9c7f-ce9f767194f3:192.168.151.122:43165] returns group-FF1EA4D6B19D:java.util.concurrent.CompletableFuture@5302cbd[Not completed]
2019-10-02 12:06:29,214 [pool-423-thread-1] INFO  impl.RaftServerImpl (RaftServerImpl.java:<init>(95)) - 406ed7e4-9aa5-47d5-9c7f-ce9f767194f3: new RaftServerImpl for group-FF1EA4D6B19D:[406ed7e4-9aa5-47d5-9c7f-ce9f767194f3:192.168.151.122:43165] with ContainerStateMachine:uninitialized
2019-10-02 12:06:29,214 [pool-423-thread-1] INFO  server.RaftServerConfigKeys (ConfUtils.java:logGet(43)) - raft.server.rpc.timeout.min = 5s (custom)
2019-10-02 12:06:29,214 [pool-423-thread-1] INFO  server.RaftServerConfigKeys (ConfUtils.java:logGet(43)) - raft.server.rpc.timeout.max = 5200ms (custom)
2019-10-02 12:06:29,214 [pool-423-thread-1] INFO  server.RaftServerConfigKeys (ConfUtils.java:logGet(43)) - raft.server.rpcslowness.timeout = 120s (custom)
2019-10-02 12:06:29,215 [pool-423-thread-1] INFO  server.RaftServerConfigKeys (ConfUtils.java:logGet(43)) - raft.server.sleep.deviation.threshold = 300 (default)
2019-10-02 12:06:29,215 [pool-423-thread-1] INFO  server.RaftServerConfigKeys (ConfUtils.java:logGet(43)) - raft.server.log.appender.install.snapshot.enabled = false (custom)
2019-10-02 12:06:29,215 [pool-423-thread-1] INFO  impl.RaftServerImpl (ServerState.java:<init>(103)) - 406ed7e4-9aa5-47d5-9c7f-ce9f767194f3@group-FF1EA4D6B19D: ConfigurationManager, init=-1: [406ed7e4-9aa5-47d5-9c7f-ce9f767194f3:192.168.151.122:43165], old=null, confs=<EMPTY_MAP>
2019-10-02 12:06:29,215 [pool-423-thread-1] INFO  server.RaftServerConfigKeys (ConfUtils.java:logGet(43)) - raft.server.storage.dir = [/workdir/hadoop-ozone/integration-test/target/test-dir/MiniOzoneClusterImpl-c22a1174-2eb6-4002-9413-6ccd7ee92ef6/datanode-4/data/ratis] (custom)
2019-10-02 12:06:29,215 [pool-423-thread-1] INFO  server.RaftServerConfigKeys (ConfUtils.java:logGet(43)) - raft.server.log.corruption.policy = EXCEPTION (default)
2019-10-02 12:06:29,216 [pool-423-thread-1] INFO  storage.RaftStorageDirectory (RaftStorageDirectory.java:analyzeStorage(246)) - The storage directory /workdir/hadoop-ozone/integration-test/target/test-dir/MiniOzoneClusterImpl-c22a1174-2eb6-4002-9413-6ccd7ee92ef6/datanode-4/data/ratis/78081661-dbad-4f3a-86f3-ff1ea4d6b19d does not exist. Creating ...
2019-10-02 12:06:29,228 [pool-423-thread-1] INFO  storage.RaftStorageDirectory (RaftStorageDirectory.java:tryLock(328)) - Lock on /workdir/hadoop-ozone/integration-test/target/test-dir/MiniOzoneClusterImpl-c22a1174-2eb6-4002-9413-6ccd7ee92ef6/datanode-4/data/ratis/78081661-dbad-4f3a-86f3-ff1ea4d6b19d/in_use.lock acquired by nodename 21049@pr-hdds-2199-dnstouuidmap-nxzb2-26233584
2019-10-02 12:06:29,247 [pool-423-thread-1] INFO  storage.RaftStorage (RaftStorage.java:format(84)) - Storage directory /workdir/hadoop-ozone/integration-test/target/test-dir/MiniOzoneClusterImpl-c22a1174-2eb6-4002-9413-6ccd7ee92ef6/datanode-4/data/ratis/78081661-dbad-4f3a-86f3-ff1ea4d6b19d has been successfully formatted.
2019-10-02 12:06:29,248 [pool-423-thread-1] INFO  ratis.ContainerStateMachine (ContainerStateMachine.java:loadSnapshot(230)) - group-FF1EA4D6B19D: The snapshot info is null. Setting the last applied indexto:(t:0, i:~)
2019-10-02 12:06:29,248 [pool-423-thread-1] INFO  server.RaftServerConfigKeys (ConfUtils.java:logGet(43)) - raft.server.notification.no-leader.timeout = 120s (custom)
2019-10-02 12:06:29,248 [pool-423-thread-1] INFO  server.RaftServerConfigKeys (ConfUtils.java:logGet(43)) - raft.server.log.use.memory = false (default)
2019-10-02 12:06:29,248 [pool-423-thread-1] INFO  server.RaftServerConfigKeys (ConfUtils.java:logGet(43)) - raft.server.log.purge.gap = 1000000 (custom)
2019-10-02 12:06:29,248 [pool-423-thread-1] INFO  server.RaftServerConfigKeys (ConfUtils.java:logGet(43)) - raft.server.log.appender.buffer.byte-limit = 33554432 (custom)
2019-10-02 12:06:29,248 [pool-423-thread-1] INFO  server.RaftServerConfigKeys (ConfUtils.java:logGet(43)) - raft.server.log.segment.size.max = 1048576 (custom)
2019-10-02 12:06:29,251 [pool-423-thread-1] INFO  server.RaftServerConfigKeys (ConfUtils.java:logGet(43)) - raft.server.log.segment.cache.num.max = 2 (custom)
2019-10-02 12:06:29,251 [pool-423-thread-1] INFO  segmented.SegmentedRaftLogWorker (SegmentedRaftLogWorker.java:<init>(173)) - new 406ed7e4-9aa5-47d5-9c7f-ce9f767194f3@group-FF1EA4D6B19D-SegmentedRaftLogWorker for RaftStorage:Storage Directory /workdir/hadoop-ozone/integration-test/target/test-dir/MiniOzoneClusterImpl-c22a1174-2eb6-4002-9413-6ccd7ee92ef6/datanode-4/data/ratis/78081661-dbad-4f3a-86f3-ff1ea4d6b19d
2019-10-02 12:06:29,251 [pool-423-thread-1] INFO  server.RaftServerConfigKeys (ConfUtils.java:logGet(43)) - raft.server.log.queue.byte-limit = 2147483647 (custom)
2019-10-02 12:06:29,251 [pool-423-thread-1] INFO  server.RaftServerConfigKeys (ConfUtils.java:logGet(43)) - raft.server.log.queue.element-limit = 1024 (custom)
2019-10-02 12:06:29,251 [pool-423-thread-1] INFO  server.RaftServerConfigKeys (ConfUtils.java:logGet(43)) - raft.server.log.segment.size.max = 1048576 (custom)
2019-10-02 12:06:29,251 [pool-423-thread-1] INFO  server.RaftServerConfigKeys (ConfUtils.java:logGet(43)) - raft.server.log.preallocated.size = 16384 (custom)
2019-10-02 12:06:29,251 [pool-423-thread-1] INFO  server.RaftServerConfigKeys (ConfUtils.java:logGet(43)) - raft.server.log.write.buffer.size = 33554432 (custom)
2019-10-02 12:06:29,252 [pool-423-thread-1] INFO  server.RaftServerConfigKeys (ConfUtils.java:logGet(43)) - raft.server.log.force.sync.num = 128 (default)
2019-10-02 12:06:29,252 [pool-423-thread-1] INFO  server.RaftServerConfigKeys (ConfUtils.java:logGet(43)) - raft.server.log.statemachine.data.sync = true (default)
2019-10-02 12:06:29,252 [pool-423-thread-1] INFO  server.RaftServerConfigKeys (ConfUtils.java:logGet(43)) - raft.server.log.statemachine.data.sync.timeout = 10s (default)
2019-10-02 12:06:29,252 [pool-423-thread-1] INFO  server.RaftServerConfigKeys (ConfUtils.java:logGet(43)) - raft.server.log.statemachine.data.sync.timeout.retry = -1 (default)
2019-10-02 12:06:29,253 [pool-423-thread-1] INFO  server.RaftServerConfigKeys (ConfUtils.java:logGet(43)) - raft.server.log.statemachine.data.caching.enabled = true (custom)
2019-10-02 12:06:29,253 [pool-423-thread-1] INFO  segmented.SegmentedRaftLogWorker (SegmentedRaftLogWorker.java:lambda$new$0(128)) - 406ed7e4-9aa5-47d5-9c7f-ce9f767194f3@group-FF1EA4D6B19D-SegmentedRaftLogWorker: flushIndex: setUnconditionally 0 -> -1
2019-10-02 12:06:29,253 [pool-423-thread-1] INFO  server.RaftServerConfigKeys (ConfUtils.java:logGet(43)) - raft.server.snapshot.auto.trigger.enabled = true (custom)
2019-10-02 12:06:29,253 [pool-423-thread-1] INFO  server.RaftServerConfigKeys (ConfUtils.java:logGet(43)) - raft.server.snapshot.auto.trigger.threshold = 10000 (custom)
2019-10-02 12:06:29,253 [pool-423-thread-1] INFO  server.RaftServerConfigKeys (ConfUtils.java:logGet(43)) - raft.server.snapshot.retention.file.num = 5 (custom)
2019-10-02 12:06:29,254 [pool-423-thread-1] INFO  server.RaftServerConfigKeys (ConfUtils.java:logGet(43)) - raft.server.retrycache.expirytime = 600000ms (custom)
2019-10-02 12:06:29,255 [pool-423-thread-1] INFO  impl.RaftServerImpl (RaftServerImpl.java:start(181)) - 406ed7e4-9aa5-47d5-9c7f-ce9f767194f3@group-FF1EA4D6B19D: start as a follower, conf=-1: [406ed7e4-9aa5-47d5-9c7f-ce9f767194f3:192.168.151.122:43165], old=null
2019-10-02 12:06:29,255 [pool-423-thread-1] INFO  impl.RaftServerImpl (RaftServerImpl.java:setRole(170)) - 406ed7e4-9aa5-47d5-9c7f-ce9f767194f3@group-FF1EA4D6B19D: changes role from      null to FOLLOWER at term 0 for startAsFollower
2019-10-02 12:06:29,255 [pool-423-thread-1] INFO  impl.RoleInfo (RoleInfo.java:updateAndGet(143)) - 406ed7e4-9aa5-47d5-9c7f-ce9f767194f3: start FollowerState
2019-10-02 12:06:29,256 [pool-423-thread-1] INFO  util.JmxRegister (JmxRegister.java:tryRegister(44)) - Successfully registered JMX Bean with object name Ratis:service=RaftServer,group=group-FF1EA4D6B19D,id=406ed7e4-9aa5-47d5-9c7f-ce9f767194f3
2019-10-02 12:06:29,260 [RatisPipelineUtilsThread] INFO  pipeline.PipelineStateManager (PipelineStateManager.java:addPipeline(56)) - Created pipeline Pipeline[ Id: 78081661-dbad-4f3a-86f3-ff1ea4d6b19d, Nodes: 406ed7e4-9aa5-47d5-9c7f-ce9f767194f3{ip: 192.168.151.122, host: pr-hdds-2199-dnstouuidmap-nxzb2-26233584, networkLocation: /default-rack, certSerialId: null}, Type:RATIS, Factor:ONE, State:OPEN]
2019-10-02 12:06:29,265 [grpc-default-executor-0] INFO  impl.RaftServerProxy (RaftServerProxy.java:addNew(89)) - d693e41b-1ebf-47ff-9671-c51895b3c86b: addNew group-C7194ABC5659:[d693e41b-1ebf-47ff-9671-c51895b3c86b:192.168.151.122:38410] returns group-C7194ABC5659:java.util.concurrent.CompletableFuture@748fc64f[Not completed]
2019-10-02 12:06:29,266 [pool-433-thread-1] INFO  impl.RaftServerImpl (RaftServerImpl.java:<init>(95)) - d693e41b-1ebf-47ff-9671-c51895b3c86b: new RaftServerImpl for group-C7194ABC5659:[d693e41b-1ebf-47ff-9671-c51895b3c86b:192.168.151.122:38410] with ContainerStateMachine:uninitialized
2019-10-02 12:06:29,266 [pool-433-thread-1] INFO  server.RaftServerConfigKeys (ConfUtils.java:logGet(43)) - raft.server.rpc.timeout.min = 5s (custom)
2019-10-02 12:06:29,266 [pool-433-thread-1] INFO  server.RaftServerConfigKeys (ConfUtils.java:logGet(43)) - raft.server.rpc.timeout.max = 5200ms (custom)
2019-10-02 12:06:29,266 [pool-433-thread-1] INFO  server.RaftServerConfigKeys (ConfUtils.java:logGet(43)) - raft.server.rpcslowness.timeout = 120s (custom)
2019-10-02 12:06:29,266 [pool-433-thread-1] INFO  server.RaftServerConfigKeys (ConfUtils.java:logGet(43)) - raft.server.sleep.deviation.threshold = 300 (default)
2019-10-02 12:06:29,266 [pool-433-thread-1] INFO  server.RaftServerConfigKeys (ConfUtils.java:logGet(43)) - raft.server.log.appender.install.snapshot.enabled = false (custom)
2019-10-02 12:06:29,266 [pool-433-thread-1] INFO  impl.RaftServerImpl (ServerState.java:<init>(103)) - d693e41b-1ebf-47ff-9671-c51895b3c86b@group-C7194ABC5659: ConfigurationManager, init=-1: [d693e41b-1ebf-47ff-9671-c51895b3c86b:192.168.151.122:38410], old=null, confs=<EMPTY_MAP>
2019-10-02 12:06:29,266 [pool-433-thread-1] INFO  server.RaftServerConfigKeys (ConfUtils.java:logGet(43)) - raft.server.storage.dir = [/workdir/hadoop-ozone/integration-test/target/test-dir/MiniOzoneClusterImpl-c22a1174-2eb6-4002-9413-6ccd7ee92ef6/datanode-5/data/ratis] (custom)
2019-10-02 12:06:29,266 [pool-433-thread-1] INFO  server.RaftServerConfigKeys (ConfUtils.java:logGet(43)) - raft.server.log.corruption.policy = EXCEPTION (default)
2019-10-02 12:06:29,267 [pool-433-thread-1] INFO  storage.RaftStorageDirectory (RaftStorageDirectory.java:analyzeStorage(246)) - The storage directory /workdir/hadoop-ozone/integration-test/target/test-dir/MiniOzoneClusterImpl-c22a1174-2eb6-4002-9413-6ccd7ee92ef6/datanode-5/data/ratis/eb42ea2b-f049-4cd9-9a4a-c7194abc5659 does not exist. Creating ...
2019-10-02 12:06:29,271 [IPC Server handler 2 on 34766] INFO  net.NetworkTopology (NetworkTopologyImpl.java:add(111)) - Added a new node: /default-rack/e58f0fd8-9fa3-4717-adbb-9d31f98a1277
2019-10-02 12:06:29,271 [IPC Server handler 2 on 34766] INFO  node.SCMNodeManager (SCMNodeManager.java:register(269)) - Registered Data node : e58f0fd8-9fa3-4717-adbb-9d31f98a1277{ip: 192.168.151.122, host: pr-hdds-2199-dnstouuidmap-nxzb2-26233584, networkLocation: /default-rack, certSerialId: null}
2019-10-02 12:06:29,271 [main] INFO  ozone.MiniOzoneClusterImpl (MiniOzoneClusterImpl.java:lambda$waitForClusterToBeReady$0(147)) - Cluster is ready. Got 7 of 7 DN Heartbeats.
2019-10-02 12:06:29,279 [pool-433-thread-1] INFO  storage.RaftStorageDirectory (RaftStorageDirectory.java:tryLock(328)) - Lock on /workdir/hadoop-ozone/integration-test/target/test-dir/MiniOzoneClusterImpl-c22a1174-2eb6-4002-9413-6ccd7ee92ef6/datanode-5/data/ratis/eb42ea2b-f049-4cd9-9a4a-c7194abc5659/in_use.lock acquired by nodename 21049@pr-hdds-2199-dnstouuidmap-nxzb2-26233584
2019-10-02 12:06:29,295 [pool-433-thread-1] INFO  storage.RaftStorage (RaftStorage.java:format(84)) - Storage directory /workdir/hadoop-ozone/integration-test/target/test-dir/MiniOzoneClusterImpl-c22a1174-2eb6-4002-9413-6ccd7ee92ef6/datanode-5/data/ratis/eb42ea2b-f049-4cd9-9a4a-c7194abc5659 has been successfully formatted.
2019-10-02 12:06:29,295 [pool-433-thread-1] INFO  ratis.ContainerStateMachine (ContainerStateMachine.java:loadSnapshot(230)) - group-C7194ABC5659: The snapshot info is null. Setting the last applied indexto:(t:0, i:~)
2019-10-02 12:06:29,295 [pool-433-thread-1] INFO  server.RaftServerConfigKeys (ConfUtils.java:logGet(43)) - raft.server.notification.no-leader.timeout = 120s (custom)
2019-10-02 12:06:29,295 [pool-433-thread-1] INFO  server.RaftServerConfigKeys (ConfUtils.java:logGet(43)) - raft.server.log.use.memory = false (default)
2019-10-02 12:06:29,296 [pool-433-thread-1] INFO  server.RaftServerConfigKeys (ConfUtils.java:logGet(43)) - raft.server.log.purge.gap = 1000000 (custom)
2019-10-02 12:06:29,296 [pool-433-thread-1] INFO  server.RaftServerConfigKeys (ConfUtils.java:logGet(43)) - raft.server.log.appender.buffer.byte-limit = 33554432 (custom)
2019-10-02 12:06:29,296 [pool-433-thread-1] INFO  server.RaftServerConfigKeys (ConfUtils.java:logGet(43)) - raft.server.log.segment.size.max = 1048576 (custom)
2019-10-02 12:06:29,302 [pool-433-thread-1] INFO  server.RaftServerConfigKeys (ConfUtils.java:logGet(43)) - raft.server.log.segment.cache.num.max = 2 (custom)
2019-10-02 12:06:29,302 [pool-433-thread-1] INFO  segmented.SegmentedRaftLogWorker (SegmentedRaftLogWorker.java:<init>(173)) - new d693e41b-1ebf-47ff-9671-c51895b3c86b@group-C7194ABC5659-SegmentedRaftLogWorker for RaftStorage:Storage Directory /workdir/hadoop-ozone/integration-test/target/test-dir/MiniOzoneClusterImpl-c22a1174-2eb6-4002-9413-6ccd7ee92ef6/datanode-5/data/ratis/eb42ea2b-f049-4cd9-9a4a-c7194abc5659
2019-10-02 12:06:29,302 [pool-433-thread-1] INFO  server.RaftServerConfigKeys (ConfUtils.java:logGet(43)) - raft.server.log.queue.byte-limit = 2147483647 (custom)
2019-10-02 12:06:29,302 [pool-433-thread-1] INFO  server.RaftServerConfigKeys (ConfUtils.java:logGet(43)) - raft.server.log.queue.element-limit = 1024 (custom)
2019-10-02 12:06:29,302 [pool-433-thread-1] INFO  server.RaftServerConfigKeys (ConfUtils.java:logGet(43)) - raft.server.log.segment.size.max = 1048576 (custom)
2019-10-02 12:06:29,302 [pool-433-thread-1] INFO  server.RaftServerConfigKeys (ConfUtils.java:logGet(43)) - raft.server.log.preallocated.size = 16384 (custom)
2019-10-02 12:06:29,302 [pool-433-thread-1] INFO  server.RaftServerConfigKeys (ConfUtils.java:logGet(43)) - raft.server.log.write.buffer.size = 33554432 (custom)
2019-10-02 12:06:29,302 [pool-433-thread-1] INFO  server.RaftServerConfigKeys (ConfUtils.java:logGet(43)) - raft.server.log.force.sync.num = 128 (default)
2019-10-02 12:06:29,302 [pool-433-thread-1] INFO  server.RaftServerConfigKeys (ConfUtils.java:logGet(43)) - raft.server.log.statemachine.data.sync = true (default)
2019-10-02 12:06:29,302 [pool-433-thread-1] INFO  server.RaftServerConfigKeys (ConfUtils.java:logGet(43)) - raft.server.log.statemachine.data.sync.timeout = 10s (default)
2019-10-02 12:06:29,303 [pool-433-thread-1] INFO  server.RaftServerConfigKeys (ConfUtils.java:logGet(43)) - raft.server.log.statemachine.data.sync.timeout.retry = -1 (default)
2019-10-02 12:06:29,303 [main] INFO  rpc.RpcClient (RpcClient.java:createVolume(276)) - Creating Volume: watchforcommithandlingtest, with jenkins1000 as owner.
2019-10-02 12:06:29,303 [pool-433-thread-1] INFO  server.RaftServerConfigKeys (ConfUtils.java:logGet(43)) - raft.server.log.statemachine.data.caching.enabled = true (custom)
2019-10-02 12:06:29,303 [pool-433-thread-1] INFO  segmented.SegmentedRaftLogWorker (SegmentedRaftLogWorker.java:lambda$new$0(128)) - d693e41b-1ebf-47ff-9671-c51895b3c86b@group-C7194ABC5659-SegmentedRaftLogWorker: flushIndex: setUnconditionally 0 -> -1
2019-10-02 12:06:29,303 [pool-433-thread-1] INFO  server.RaftServerConfigKeys (ConfUtils.java:logGet(43)) - raft.server.snapshot.auto.trigger.enabled = true (custom)
2019-10-02 12:06:29,304 [pool-433-thread-1] INFO  server.RaftServerConfigKeys (ConfUtils.java:logGet(43)) - raft.server.snapshot.auto.trigger.threshold = 10000 (custom)
2019-10-02 12:06:29,304 [pool-433-thread-1] INFO  server.RaftServerConfigKeys (ConfUtils.java:logGet(43)) - raft.server.snapshot.retention.file.num = 5 (custom)
2019-10-02 12:06:29,304 [pool-433-thread-1] INFO  server.RaftServerConfigKeys (ConfUtils.java:logGet(43)) - raft.server.retrycache.expirytime = 600000ms (custom)
2019-10-02 12:06:29,305 [pool-433-thread-1] INFO  impl.RaftServerImpl (RaftServerImpl.java:start(181)) - d693e41b-1ebf-47ff-9671-c51895b3c86b@group-C7194ABC5659: start as a follower, conf=-1: [d693e41b-1ebf-47ff-9671-c51895b3c86b:192.168.151.122:38410], old=null
2019-10-02 12:06:29,305 [pool-433-thread-1] INFO  impl.RaftServerImpl (RaftServerImpl.java:setRole(170)) - d693e41b-1ebf-47ff-9671-c51895b3c86b@group-C7194ABC5659: changes role from      null to FOLLOWER at term 0 for startAsFollower
2019-10-02 12:06:29,305 [pool-433-thread-1] INFO  impl.RoleInfo (RoleInfo.java:updateAndGet(143)) - d693e41b-1ebf-47ff-9671-c51895b3c86b: start FollowerState
2019-10-02 12:06:29,305 [IPC Server handler 1 on 36655] INFO  volume.OMVolumeCreateRequest (OMVolumeCreateRequest.java:validateAndUpdateCache(194)) - created volume:watchforcommithandlingtest for user:jenkins1000
2019-10-02 12:06:29,305 [pool-433-thread-1] INFO  util.JmxRegister (JmxRegister.java:tryRegister(44)) - Successfully registered JMX Bean with object name Ratis:service=RaftServer,group=group-C7194ABC5659,id=d693e41b-1ebf-47ff-9671-c51895b3c86b
2019-10-02 12:06:29,317 [RatisPipelineUtilsThread] INFO  pipeline.PipelineStateManager (PipelineStateManager.java:addPipeline(56)) - Created pipeline Pipeline[ Id: eb42ea2b-f049-4cd9-9a4a-c7194abc5659, Nodes: d693e41b-1ebf-47ff-9671-c51895b3c86b{ip: 192.168.151.122, host: pr-hdds-2199-dnstouuidmap-nxzb2-26233584, networkLocation: /default-rack, certSerialId: null}, Type:RATIS, Factor:ONE, State:OPEN]
2019-10-02 12:06:29,317 [main] INFO  rpc.RpcClient (RpcClient.java:createBucket(415)) - Creating Bucket: watchforcommithandlingtest/watchforcommithandlingtest, with Versioning false and Storage Type set to DISK and Encryption set to false 
2019-10-02 12:06:29,322 [main] INFO  ozone.MiniOzoneClusterImpl (MiniOzoneClusterImpl.java:getStorageContainerLocationClient(234)) - Creating StorageContainerLocationProtocol RPC client with address /0.0.0.0:35881
2019-10-02 12:06:29,326 [grpc-default-executor-0] INFO  impl.RaftServerProxy (RaftServerProxy.java:addNew(89)) - e58f0fd8-9fa3-4717-adbb-9d31f98a1277: addNew group-75DC5A339995:[e58f0fd8-9fa3-4717-adbb-9d31f98a1277:192.168.151.122:37246] returns group-75DC5A339995:java.util.concurrent.CompletableFuture@3e1bc454[Not completed]
2019-10-02 12:06:29,327 [pool-443-thread-1] INFO  impl.RaftServerImpl (RaftServerImpl.java:<init>(95)) - e58f0fd8-9fa3-4717-adbb-9d31f98a1277: new RaftServerImpl for group-75DC5A339995:[e58f0fd8-9fa3-4717-adbb-9d31f98a1277:192.168.151.122:37246] with ContainerStateMachine:uninitialized
2019-10-02 12:06:29,327 [pool-443-thread-1] INFO  server.RaftServerConfigKeys (ConfUtils.java:logGet(43)) - raft.server.rpc.timeout.min = 5s (custom)
2019-10-02 12:06:29,327 [pool-443-thread-1] INFO  server.RaftServerConfigKeys (ConfUtils.java:logGet(43)) - raft.server.rpc.timeout.max = 5200ms (custom)
2019-10-02 12:06:29,327 [pool-443-thread-1] INFO  server.RaftServerConfigKeys (ConfUtils.java:logGet(43)) - raft.server.rpcslowness.timeout = 120s (custom)
2019-10-02 12:06:29,327 [pool-443-thread-1] INFO  server.RaftServerConfigKeys (ConfUtils.java:logGet(43)) - raft.server.sleep.deviation.threshold = 300 (default)
2019-10-02 12:06:29,328 [pool-443-thread-1] INFO  server.RaftServerConfigKeys (ConfUtils.java:logGet(43)) - raft.server.log.appender.install.snapshot.enabled = false (custom)
2019-10-02 12:06:29,328 [pool-443-thread-1] INFO  impl.RaftServerImpl (ServerState.java:<init>(103)) - e58f0fd8-9fa3-4717-adbb-9d31f98a1277@group-75DC5A339995: ConfigurationManager, init=-1: [e58f0fd8-9fa3-4717-adbb-9d31f98a1277:192.168.151.122:37246], old=null, confs=<EMPTY_MAP>
2019-10-02 12:06:29,328 [pool-443-thread-1] INFO  server.RaftServerConfigKeys (ConfUtils.java:logGet(43)) - raft.server.storage.dir = [/workdir/hadoop-ozone/integration-test/target/test-dir/MiniOzoneClusterImpl-c22a1174-2eb6-4002-9413-6ccd7ee92ef6/datanode-6/data/ratis] (custom)
2019-10-02 12:06:29,328 [pool-443-thread-1] INFO  server.RaftServerConfigKeys (ConfUtils.java:logGet(43)) - raft.server.log.corruption.policy = EXCEPTION (default)
2019-10-02 12:06:29,328 [pool-443-thread-1] INFO  storage.RaftStorageDirectory (RaftStorageDirectory.java:analyzeStorage(246)) - The storage directory /workdir/hadoop-ozone/integration-test/target/test-dir/MiniOzoneClusterImpl-c22a1174-2eb6-4002-9413-6ccd7ee92ef6/datanode-6/data/ratis/4927b523-1582-4bfa-af6d-75dc5a339995 does not exist. Creating ...
2019-10-02 12:06:29,341 [pool-443-thread-1] INFO  storage.RaftStorageDirectory (RaftStorageDirectory.java:tryLock(328)) - Lock on /workdir/hadoop-ozone/integration-test/target/test-dir/MiniOzoneClusterImpl-c22a1174-2eb6-4002-9413-6ccd7ee92ef6/datanode-6/data/ratis/4927b523-1582-4bfa-af6d-75dc5a339995/in_use.lock acquired by nodename 21049@pr-hdds-2199-dnstouuidmap-nxzb2-26233584
2019-10-02 12:06:29,354 [pool-443-thread-1] INFO  storage.RaftStorage (RaftStorage.java:format(84)) - Storage directory /workdir/hadoop-ozone/integration-test/target/test-dir/MiniOzoneClusterImpl-c22a1174-2eb6-4002-9413-6ccd7ee92ef6/datanode-6/data/ratis/4927b523-1582-4bfa-af6d-75dc5a339995 has been successfully formatted.
2019-10-02 12:06:29,354 [pool-443-thread-1] INFO  ratis.ContainerStateMachine (ContainerStateMachine.java:loadSnapshot(230)) - group-75DC5A339995: The snapshot info is null. Setting the last applied indexto:(t:0, i:~)
2019-10-02 12:06:29,354 [pool-443-thread-1] INFO  server.RaftServerConfigKeys (ConfUtils.java:logGet(43)) - raft.server.notification.no-leader.timeout = 120s (custom)
2019-10-02 12:06:29,354 [pool-443-thread-1] INFO  server.RaftServerConfigKeys (ConfUtils.java:logGet(43)) - raft.server.log.use.memory = false (default)
2019-10-02 12:06:29,354 [pool-443-thread-1] INFO  server.RaftServerConfigKeys (ConfUtils.java:logGet(43)) - raft.server.log.purge.gap = 1000000 (custom)
2019-10-02 12:06:29,354 [pool-443-thread-1] INFO  server.RaftServerConfigKeys (ConfUtils.java:logGet(43)) - raft.server.log.appender.buffer.byte-limit = 33554432 (custom)
2019-10-02 12:06:29,354 [pool-443-thread-1] INFO  server.RaftServerConfigKeys (ConfUtils.java:logGet(43)) - raft.server.log.segment.size.max = 1048576 (custom)
2019-10-02 12:06:29,355 [pool-443-thread-1] INFO  server.RaftServerConfigKeys (ConfUtils.java:logGet(43)) - raft.server.log.segment.cache.num.max = 2 (custom)
2019-10-02 12:06:29,355 [pool-443-thread-1] INFO  segmented.SegmentedRaftLogWorker (SegmentedRaftLogWorker.java:<init>(173)) - new e58f0fd8-9fa3-4717-adbb-9d31f98a1277@group-75DC5A339995-SegmentedRaftLogWorker for RaftStorage:Storage Directory /workdir/hadoop-ozone/integration-test/target/test-dir/MiniOzoneClusterImpl-c22a1174-2eb6-4002-9413-6ccd7ee92ef6/datanode-6/data/ratis/4927b523-1582-4bfa-af6d-75dc5a339995
2019-10-02 12:06:29,355 [pool-443-thread-1] INFO  server.RaftServerConfigKeys (ConfUtils.java:logGet(43)) - raft.server.log.queue.byte-limit = 2147483647 (custom)
2019-10-02 12:06:29,356 [pool-443-thread-1] INFO  server.RaftServerConfigKeys (ConfUtils.java:logGet(43)) - raft.server.log.queue.element-limit = 1024 (custom)
2019-10-02 12:06:29,356 [pool-443-thread-1] INFO  server.RaftServerConfigKeys (ConfUtils.java:logGet(43)) - raft.server.log.segment.size.max = 1048576 (custom)
2019-10-02 12:06:29,356 [pool-443-thread-1] INFO  server.RaftServerConfigKeys (ConfUtils.java:logGet(43)) - raft.server.log.preallocated.size = 16384 (custom)
2019-10-02 12:06:29,356 [pool-443-thread-1] INFO  server.RaftServerConfigKeys (ConfUtils.java:logGet(43)) - raft.server.log.write.buffer.size = 33554432 (custom)
2019-10-02 12:06:29,356 [pool-443-thread-1] INFO  server.RaftServerConfigKeys (ConfUtils.java:logGet(43)) - raft.server.log.force.sync.num = 128 (default)
2019-10-02 12:06:29,356 [pool-443-thread-1] INFO  server.RaftServerConfigKeys (ConfUtils.java:logGet(43)) - raft.server.log.statemachine.data.sync = true (default)
2019-10-02 12:06:29,356 [pool-443-thread-1] INFO  server.RaftServerConfigKeys (ConfUtils.java:logGet(43)) - raft.server.log.statemachine.data.sync.timeout = 10s (default)
2019-10-02 12:06:29,356 [pool-443-thread-1] INFO  server.RaftServerConfigKeys (ConfUtils.java:logGet(43)) - raft.server.log.statemachine.data.sync.timeout.retry = -1 (default)
2019-10-02 12:06:29,356 [pool-443-thread-1] INFO  server.RaftServerConfigKeys (ConfUtils.java:logGet(43)) - raft.server.log.statemachine.data.caching.enabled = true (custom)
2019-10-02 12:06:29,357 [pool-443-thread-1] INFO  segmented.SegmentedRaftLogWorker (SegmentedRaftLogWorker.java:lambda$new$0(128)) - e58f0fd8-9fa3-4717-adbb-9d31f98a1277@group-75DC5A339995-SegmentedRaftLogWorker: flushIndex: setUnconditionally 0 -> -1
2019-10-02 12:06:29,357 [pool-443-thread-1] INFO  server.RaftServerConfigKeys (ConfUtils.java:logGet(43)) - raft.server.snapshot.auto.trigger.enabled = true (custom)
2019-10-02 12:06:29,357 [pool-443-thread-1] INFO  server.RaftServerConfigKeys (ConfUtils.java:logGet(43)) - raft.server.snapshot.auto.trigger.threshold = 10000 (custom)
2019-10-02 12:06:29,357 [pool-443-thread-1] INFO  server.RaftServerConfigKeys (ConfUtils.java:logGet(43)) - raft.server.snapshot.retention.file.num = 5 (custom)
2019-10-02 12:06:29,357 [pool-443-thread-1] INFO  server.RaftServerConfigKeys (ConfUtils.java:logGet(43)) - raft.server.retrycache.expirytime = 600000ms (custom)
2019-10-02 12:06:29,358 [pool-443-thread-1] INFO  impl.RaftServerImpl (RaftServerImpl.java:start(181)) - e58f0fd8-9fa3-4717-adbb-9d31f98a1277@group-75DC5A339995: start as a follower, conf=-1: [e58f0fd8-9fa3-4717-adbb-9d31f98a1277:192.168.151.122:37246], old=null
2019-10-02 12:06:29,358 [pool-443-thread-1] INFO  impl.RaftServerImpl (RaftServerImpl.java:setRole(170)) - e58f0fd8-9fa3-4717-adbb-9d31f98a1277@group-75DC5A339995: changes role from      null to FOLLOWER at term 0 for startAsFollower
2019-10-02 12:06:29,358 [pool-443-thread-1] INFO  impl.RoleInfo (RoleInfo.java:updateAndGet(143)) - e58f0fd8-9fa3-4717-adbb-9d31f98a1277: start FollowerState
2019-10-02 12:06:29,359 [pool-443-thread-1] INFO  util.JmxRegister (JmxRegister.java:tryRegister(44)) - Successfully registered JMX Bean with object name Ratis:service=RaftServer,group=group-75DC5A339995,id=e58f0fd8-9fa3-4717-adbb-9d31f98a1277
2019-10-02 12:06:29,362 [RatisPipelineUtilsThread] INFO  pipeline.PipelineStateManager (PipelineStateManager.java:addPipeline(56)) - Created pipeline Pipeline[ Id: 4927b523-1582-4bfa-af6d-75dc5a339995, Nodes: e58f0fd8-9fa3-4717-adbb-9d31f98a1277{ip: 192.168.151.122, host: pr-hdds-2199-dnstouuidmap-nxzb2-26233584, networkLocation: /default-rack, certSerialId: null}, Type:RATIS, Factor:ONE, State:OPEN]
2019-10-02 12:06:29,377 [grpc-default-executor-0] INFO  impl.RaftServerProxy (RaftServerProxy.java:addNew(89)) - 406ed7e4-9aa5-47d5-9c7f-ce9f767194f3: addNew group-D08F086B2972:[e58f0fd8-9fa3-4717-adbb-9d31f98a1277:192.168.151.122:37246, 6abeaf85-4af0-47f5-88ee-a76a4231644f:192.168.151.122:38560, 406ed7e4-9aa5-47d5-9c7f-ce9f767194f3:192.168.151.122:43165] returns group-D08F086B2972:java.util.concurrent.CompletableFuture@363db435[Not completed]
2019-10-02 12:06:29,378 [grpc-default-executor-8] INFO  impl.RaftServerProxy (RaftServerProxy.java:addNew(89)) - e58f0fd8-9fa3-4717-adbb-9d31f98a1277: addNew group-D08F086B2972:[e58f0fd8-9fa3-4717-adbb-9d31f98a1277:192.168.151.122:37246, 6abeaf85-4af0-47f5-88ee-a76a4231644f:192.168.151.122:38560, 406ed7e4-9aa5-47d5-9c7f-ce9f767194f3:192.168.151.122:43165] returns group-D08F086B2972:java.util.concurrent.CompletableFuture@2b424995[Not completed]
2019-10-02 12:06:29,378 [grpc-default-executor-4] INFO  impl.RaftServerProxy (RaftServerProxy.java:addNew(89)) - 6abeaf85-4af0-47f5-88ee-a76a4231644f: addNew group-D08F086B2972:[e58f0fd8-9fa3-4717-adbb-9d31f98a1277:192.168.151.122:37246, 6abeaf85-4af0-47f5-88ee-a76a4231644f:192.168.151.122:38560, 406ed7e4-9aa5-47d5-9c7f-ce9f767194f3:192.168.151.122:43165] returns group-D08F086B2972:java.util.concurrent.CompletableFuture@13c57676[Not completed]
2019-10-02 12:06:29,378 [pool-423-thread-1] INFO  impl.RaftServerImpl (RaftServerImpl.java:<init>(95)) - 406ed7e4-9aa5-47d5-9c7f-ce9f767194f3: new RaftServerImpl for group-D08F086B2972:[e58f0fd8-9fa3-4717-adbb-9d31f98a1277:192.168.151.122:37246, 6abeaf85-4af0-47f5-88ee-a76a4231644f:192.168.151.122:38560, 406ed7e4-9aa5-47d5-9c7f-ce9f767194f3:192.168.151.122:43165] with ContainerStateMachine:uninitialized
2019-10-02 12:06:29,378 [pool-423-thread-1] INFO  server.RaftServerConfigKeys (ConfUtils.java:logGet(43)) - raft.server.rpc.timeout.min = 5s (custom)
2019-10-02 12:06:29,379 [pool-423-thread-1] INFO  server.RaftServerConfigKeys (ConfUtils.java:logGet(43)) - raft.server.rpc.timeout.max = 5200ms (custom)
2019-10-02 12:06:29,379 [pool-423-thread-1] INFO  server.RaftServerConfigKeys (ConfUtils.java:logGet(43)) - raft.server.rpcslowness.timeout = 120s (custom)
2019-10-02 12:06:29,379 [pool-443-thread-1] INFO  impl.RaftServerImpl (RaftServerImpl.java:<init>(95)) - e58f0fd8-9fa3-4717-adbb-9d31f98a1277: new RaftServerImpl for group-D08F086B2972:[e58f0fd8-9fa3-4717-adbb-9d31f98a1277:192.168.151.122:37246, 6abeaf85-4af0-47f5-88ee-a76a4231644f:192.168.151.122:38560, 406ed7e4-9aa5-47d5-9c7f-ce9f767194f3:192.168.151.122:43165] with ContainerStateMachine:uninitialized
2019-10-02 12:06:29,379 [pool-423-thread-1] INFO  server.RaftServerConfigKeys (ConfUtils.java:logGet(43)) - raft.server.sleep.deviation.threshold = 300 (default)
2019-10-02 12:06:29,379 [pool-413-thread-1] INFO  impl.RaftServerImpl (RaftServerImpl.java:<init>(95)) - 6abeaf85-4af0-47f5-88ee-a76a4231644f: new RaftServerImpl for group-D08F086B2972:[e58f0fd8-9fa3-4717-adbb-9d31f98a1277:192.168.151.122:37246, 6abeaf85-4af0-47f5-88ee-a76a4231644f:192.168.151.122:38560, 406ed7e4-9aa5-47d5-9c7f-ce9f767194f3:192.168.151.122:43165] with ContainerStateMachine:uninitialized
2019-10-02 12:06:29,379 [pool-443-thread-1] INFO  server.RaftServerConfigKeys (ConfUtils.java:logGet(43)) - raft.server.rpc.timeout.min = 5s (custom)
2019-10-02 12:06:29,379 [pool-413-thread-1] INFO  server.RaftServerConfigKeys (ConfUtils.java:logGet(43)) - raft.server.rpc.timeout.min = 5s (custom)
2019-10-02 12:06:29,379 [pool-423-thread-1] INFO  server.RaftServerConfigKeys (ConfUtils.java:logGet(43)) - raft.server.log.appender.install.snapshot.enabled = false (custom)
2019-10-02 12:06:29,379 [pool-413-thread-1] INFO  server.RaftServerConfigKeys (ConfUtils.java:logGet(43)) - raft.server.rpc.timeout.max = 5200ms (custom)
2019-10-02 12:06:29,379 [pool-443-thread-1] INFO  server.RaftServerConfigKeys (ConfUtils.java:logGet(43)) - raft.server.rpc.timeout.max = 5200ms (custom)
2019-10-02 12:06:29,379 [pool-413-thread-1] INFO  server.RaftServerConfigKeys (ConfUtils.java:logGet(43)) - raft.server.rpcslowness.timeout = 120s (custom)
2019-10-02 12:06:29,379 [pool-423-thread-1] INFO  impl.RaftServerImpl (ServerState.java:<init>(103)) - 406ed7e4-9aa5-47d5-9c7f-ce9f767194f3@group-D08F086B2972: ConfigurationManager, init=-1: [e58f0fd8-9fa3-4717-adbb-9d31f98a1277:192.168.151.122:37246, 6abeaf85-4af0-47f5-88ee-a76a4231644f:192.168.151.122:38560, 406ed7e4-9aa5-47d5-9c7f-ce9f767194f3:192.168.151.122:43165], old=null, confs=<EMPTY_MAP>
2019-10-02 12:06:29,379 [pool-413-thread-1] INFO  server.RaftServerConfigKeys (ConfUtils.java:logGet(43)) - raft.server.sleep.deviation.threshold = 300 (default)
2019-10-02 12:06:29,379 [pool-443-thread-1] INFO  server.RaftServerConfigKeys (ConfUtils.java:logGet(43)) - raft.server.rpcslowness.timeout = 120s (custom)
2019-10-02 12:06:29,380 [pool-413-thread-1] INFO  server.RaftServerConfigKeys (ConfUtils.java:logGet(43)) - raft.server.log.appender.install.snapshot.enabled = false (custom)
2019-10-02 12:06:29,380 [pool-423-thread-1] INFO  server.RaftServerConfigKeys (ConfUtils.java:logGet(43)) - raft.server.storage.dir = [/workdir/hadoop-ozone/integration-test/target/test-dir/MiniOzoneClusterImpl-c22a1174-2eb6-4002-9413-6ccd7ee92ef6/datanode-4/data/ratis] (custom)
2019-10-02 12:06:29,380 [pool-413-thread-1] INFO  impl.RaftServerImpl (ServerState.java:<init>(103)) - 6abeaf85-4af0-47f5-88ee-a76a4231644f@group-D08F086B2972: ConfigurationManager, init=-1: [e58f0fd8-9fa3-4717-adbb-9d31f98a1277:192.168.151.122:37246, 6abeaf85-4af0-47f5-88ee-a76a4231644f:192.168.151.122:38560, 406ed7e4-9aa5-47d5-9c7f-ce9f767194f3:192.168.151.122:43165], old=null, confs=<EMPTY_MAP>
2019-10-02 12:06:29,380 [pool-443-thread-1] INFO  server.RaftServerConfigKeys (ConfUtils.java:logGet(43)) - raft.server.sleep.deviation.threshold = 300 (default)
2019-10-02 12:06:29,380 [pool-423-thread-1] INFO  server.RaftServerConfigKeys (ConfUtils.java:logGet(43)) - raft.server.log.corruption.policy = EXCEPTION (default)
2019-10-02 12:06:29,380 [pool-413-thread-1] INFO  server.RaftServerConfigKeys (ConfUtils.java:logGet(43)) - raft.server.storage.dir = [/workdir/hadoop-ozone/integration-test/target/test-dir/MiniOzoneClusterImpl-c22a1174-2eb6-4002-9413-6ccd7ee92ef6/datanode-3/data/ratis] (custom)
2019-10-02 12:06:29,380 [pool-423-thread-1] INFO  storage.RaftStorageDirectory (RaftStorageDirectory.java:analyzeStorage(246)) - The storage directory /workdir/hadoop-ozone/integration-test/target/test-dir/MiniOzoneClusterImpl-c22a1174-2eb6-4002-9413-6ccd7ee92ef6/datanode-4/data/ratis/15d80cc7-e56d-4af5-8c40-d08f086b2972 does not exist. Creating ...
2019-10-02 12:06:29,380 [pool-443-thread-1] INFO  server.RaftServerConfigKeys (ConfUtils.java:logGet(43)) - raft.server.log.appender.install.snapshot.enabled = false (custom)
2019-10-02 12:06:29,380 [pool-413-thread-1] INFO  server.RaftServerConfigKeys (ConfUtils.java:logGet(43)) - raft.server.log.corruption.policy = EXCEPTION (default)
2019-10-02 12:06:29,380 [pool-443-thread-1] INFO  impl.RaftServerImpl (ServerState.java:<init>(103)) - e58f0fd8-9fa3-4717-adbb-9d31f98a1277@group-D08F086B2972: ConfigurationManager, init=-1: [e58f0fd8-9fa3-4717-adbb-9d31f98a1277:192.168.151.122:37246, 6abeaf85-4af0-47f5-88ee-a76a4231644f:192.168.151.122:38560, 406ed7e4-9aa5-47d5-9c7f-ce9f767194f3:192.168.151.122:43165], old=null, confs=<EMPTY_MAP>
2019-10-02 12:06:29,381 [pool-413-thread-1] INFO  storage.RaftStorageDirectory (RaftStorageDirectory.java:analyzeStorage(246)) - The storage directory /workdir/hadoop-ozone/integration-test/target/test-dir/MiniOzoneClusterImpl-c22a1174-2eb6-4002-9413-6ccd7ee92ef6/datanode-3/data/ratis/15d80cc7-e56d-4af5-8c40-d08f086b2972 does not exist. Creating ...
2019-10-02 12:06:29,381 [pool-443-thread-1] INFO  server.RaftServerConfigKeys (ConfUtils.java:logGet(43)) - raft.server.storage.dir = [/workdir/hadoop-ozone/integration-test/target/test-dir/MiniOzoneClusterImpl-c22a1174-2eb6-4002-9413-6ccd7ee92ef6/datanode-6/data/ratis] (custom)
2019-10-02 12:06:29,381 [pool-443-thread-1] INFO  server.RaftServerConfigKeys (ConfUtils.java:logGet(43)) - raft.server.log.corruption.policy = EXCEPTION (default)
2019-10-02 12:06:29,381 [pool-443-thread-1] INFO  storage.RaftStorageDirectory (RaftStorageDirectory.java:analyzeStorage(246)) - The storage directory /workdir/hadoop-ozone/integration-test/target/test-dir/MiniOzoneClusterImpl-c22a1174-2eb6-4002-9413-6ccd7ee92ef6/datanode-6/data/ratis/15d80cc7-e56d-4af5-8c40-d08f086b2972 does not exist. Creating ...
2019-10-02 12:06:29,393 [pool-443-thread-1] INFO  storage.RaftStorageDirectory (RaftStorageDirectory.java:tryLock(328)) - Lock on /workdir/hadoop-ozone/integration-test/target/test-dir/MiniOzoneClusterImpl-c22a1174-2eb6-4002-9413-6ccd7ee92ef6/datanode-6/data/ratis/15d80cc7-e56d-4af5-8c40-d08f086b2972/in_use.lock acquired by nodename 21049@pr-hdds-2199-dnstouuidmap-nxzb2-26233584
2019-10-02 12:06:29,393 [pool-423-thread-1] INFO  storage.RaftStorageDirectory (RaftStorageDirectory.java:tryLock(328)) - Lock on /workdir/hadoop-ozone/integration-test/target/test-dir/MiniOzoneClusterImpl-c22a1174-2eb6-4002-9413-6ccd7ee92ef6/datanode-4/data/ratis/15d80cc7-e56d-4af5-8c40-d08f086b2972/in_use.lock acquired by nodename 21049@pr-hdds-2199-dnstouuidmap-nxzb2-26233584
2019-10-02 12:06:29,393 [pool-413-thread-1] INFO  storage.RaftStorageDirectory (RaftStorageDirectory.java:tryLock(328)) - Lock on /workdir/hadoop-ozone/integration-test/target/test-dir/MiniOzoneClusterImpl-c22a1174-2eb6-4002-9413-6ccd7ee92ef6/datanode-3/data/ratis/15d80cc7-e56d-4af5-8c40-d08f086b2972/in_use.lock acquired by nodename 21049@pr-hdds-2199-dnstouuidmap-nxzb2-26233584
2019-10-02 12:06:29,406 [pool-413-thread-1] INFO  storage.RaftStorage (RaftStorage.java:format(84)) - Storage directory /workdir/hadoop-ozone/integration-test/target/test-dir/MiniOzoneClusterImpl-c22a1174-2eb6-4002-9413-6ccd7ee92ef6/datanode-3/data/ratis/15d80cc7-e56d-4af5-8c40-d08f086b2972 has been successfully formatted.
2019-10-02 12:06:29,406 [pool-443-thread-1] INFO  storage.RaftStorage (RaftStorage.java:format(84)) - Storage directory /workdir/hadoop-ozone/integration-test/target/test-dir/MiniOzoneClusterImpl-c22a1174-2eb6-4002-9413-6ccd7ee92ef6/datanode-6/data/ratis/15d80cc7-e56d-4af5-8c40-d08f086b2972 has been successfully formatted.
2019-10-02 12:06:29,406 [pool-423-thread-1] INFO  storage.RaftStorage (RaftStorage.java:format(84)) - Storage directory /workdir/hadoop-ozone/integration-test/target/test-dir/MiniOzoneClusterImpl-c22a1174-2eb6-4002-9413-6ccd7ee92ef6/datanode-4/data/ratis/15d80cc7-e56d-4af5-8c40-d08f086b2972 has been successfully formatted.
2019-10-02 12:06:29,407 [pool-443-thread-1] INFO  ratis.ContainerStateMachine (ContainerStateMachine.java:loadSnapshot(230)) - group-D08F086B2972: The snapshot info is null. Setting the last applied indexto:(t:0, i:~)
2019-10-02 12:06:29,406 [pool-413-thread-1] INFO  ratis.ContainerStateMachine (ContainerStateMachine.java:loadSnapshot(230)) - group-D08F086B2972: The snapshot info is null. Setting the last applied indexto:(t:0, i:~)
2019-10-02 12:06:29,407 [pool-443-thread-1] INFO  server.RaftServerConfigKeys (ConfUtils.java:logGet(43)) - raft.server.notification.no-leader.timeout = 120s (custom)
2019-10-02 12:06:29,407 [pool-423-thread-1] INFO  ratis.ContainerStateMachine (ContainerStateMachine.java:loadSnapshot(230)) - group-D08F086B2972: The snapshot info is null. Setting the last applied indexto:(t:0, i:~)
2019-10-02 12:06:29,407 [pool-443-thread-1] INFO  server.RaftServerConfigKeys (ConfUtils.java:logGet(43)) - raft.server.log.use.memory = false (default)
2019-10-02 12:06:29,407 [pool-413-thread-1] INFO  server.RaftServerConfigKeys (ConfUtils.java:logGet(43)) - raft.server.notification.no-leader.timeout = 120s (custom)
2019-10-02 12:06:29,407 [pool-443-thread-1] INFO  server.RaftServerConfigKeys (ConfUtils.java:logGet(43)) - raft.server.log.purge.gap = 1000000 (custom)
2019-10-02 12:06:29,407 [pool-423-thread-1] INFO  server.RaftServerConfigKeys (ConfUtils.java:logGet(43)) - raft.server.notification.no-leader.timeout = 120s (custom)
2019-10-02 12:06:29,407 [pool-443-thread-1] INFO  server.RaftServerConfigKeys (ConfUtils.java:logGet(43)) - raft.server.log.appender.buffer.byte-limit = 33554432 (custom)
2019-10-02 12:06:29,407 [pool-413-thread-1] INFO  server.RaftServerConfigKeys (ConfUtils.java:logGet(43)) - raft.server.log.use.memory = false (default)
2019-10-02 12:06:29,408 [pool-443-thread-1] INFO  server.RaftServerConfigKeys (ConfUtils.java:logGet(43)) - raft.server.log.segment.size.max = 1048576 (custom)
2019-10-02 12:06:29,407 [pool-423-thread-1] INFO  server.RaftServerConfigKeys (ConfUtils.java:logGet(43)) - raft.server.log.use.memory = false (default)
2019-10-02 12:06:29,408 [pool-443-thread-1] INFO  server.RaftServerConfigKeys (ConfUtils.java:logGet(43)) - raft.server.log.segment.cache.num.max = 2 (custom)
2019-10-02 12:06:29,408 [pool-413-thread-1] INFO  server.RaftServerConfigKeys (ConfUtils.java:logGet(43)) - raft.server.log.purge.gap = 1000000 (custom)
2019-10-02 12:06:29,408 [pool-443-thread-1] INFO  segmented.SegmentedRaftLogWorker (SegmentedRaftLogWorker.java:<init>(173)) - new e58f0fd8-9fa3-4717-adbb-9d31f98a1277@group-D08F086B2972-SegmentedRaftLogWorker for RaftStorage:Storage Directory /workdir/hadoop-ozone/integration-test/target/test-dir/MiniOzoneClusterImpl-c22a1174-2eb6-4002-9413-6ccd7ee92ef6/datanode-6/data/ratis/15d80cc7-e56d-4af5-8c40-d08f086b2972
2019-10-02 12:06:29,408 [pool-423-thread-1] INFO  server.RaftServerConfigKeys (ConfUtils.java:logGet(43)) - raft.server.log.purge.gap = 1000000 (custom)
2019-10-02 12:06:29,408 [pool-443-thread-1] INFO  server.RaftServerConfigKeys (ConfUtils.java:logGet(43)) - raft.server.log.queue.byte-limit = 2147483647 (custom)
2019-10-02 12:06:29,408 [pool-413-thread-1] INFO  server.RaftServerConfigKeys (ConfUtils.java:logGet(43)) - raft.server.log.appender.buffer.byte-limit = 33554432 (custom)
2019-10-02 12:06:29,408 [pool-443-thread-1] INFO  server.RaftServerConfigKeys (ConfUtils.java:logGet(43)) - raft.server.log.queue.element-limit = 1024 (custom)
2019-10-02 12:06:29,408 [pool-423-thread-1] INFO  server.RaftServerConfigKeys (ConfUtils.java:logGet(43)) - raft.server.log.appender.buffer.byte-limit = 33554432 (custom)
2019-10-02 12:06:29,409 [pool-443-thread-1] INFO  server.RaftServerConfigKeys (ConfUtils.java:logGet(43)) - raft.server.log.segment.size.max = 1048576 (custom)
2019-10-02 12:06:29,408 [pool-413-thread-1] INFO  server.RaftServerConfigKeys (ConfUtils.java:logGet(43)) - raft.server.log.segment.size.max = 1048576 (custom)
2019-10-02 12:06:29,409 [pool-443-thread-1] INFO  server.RaftServerConfigKeys (ConfUtils.java:logGet(43)) - raft.server.log.preallocated.size = 16384 (custom)
2019-10-02 12:06:29,409 [pool-423-thread-1] INFO  server.RaftServerConfigKeys (ConfUtils.java:logGet(43)) - raft.server.log.segment.size.max = 1048576 (custom)
2019-10-02 12:06:29,409 [pool-443-thread-1] INFO  server.RaftServerConfigKeys (ConfUtils.java:logGet(43)) - raft.server.log.write.buffer.size = 33554432 (custom)
2019-10-02 12:06:29,409 [pool-413-thread-1] INFO  server.RaftServerConfigKeys (ConfUtils.java:logGet(43)) - raft.server.log.segment.cache.num.max = 2 (custom)
2019-10-02 12:06:29,409 [pool-443-thread-1] INFO  server.RaftServerConfigKeys (ConfUtils.java:logGet(43)) - raft.server.log.force.sync.num = 128 (default)
2019-10-02 12:06:29,409 [pool-443-thread-1] INFO  server.RaftServerConfigKeys (ConfUtils.java:logGet(43)) - raft.server.log.statemachine.data.sync = true (default)
2019-10-02 12:06:29,409 [pool-423-thread-1] INFO  server.RaftServerConfigKeys (ConfUtils.java:logGet(43)) - raft.server.log.segment.cache.num.max = 2 (custom)
2019-10-02 12:06:29,409 [pool-443-thread-1] INFO  server.RaftServerConfigKeys (ConfUtils.java:logGet(43)) - raft.server.log.statemachine.data.sync.timeout = 10s (default)
2019-10-02 12:06:29,409 [pool-413-thread-1] INFO  segmented.SegmentedRaftLogWorker (SegmentedRaftLogWorker.java:<init>(173)) - new 6abeaf85-4af0-47f5-88ee-a76a4231644f@group-D08F086B2972-SegmentedRaftLogWorker for RaftStorage:Storage Directory /workdir/hadoop-ozone/integration-test/target/test-dir/MiniOzoneClusterImpl-c22a1174-2eb6-4002-9413-6ccd7ee92ef6/datanode-3/data/ratis/15d80cc7-e56d-4af5-8c40-d08f086b2972
2019-10-02 12:06:29,410 [pool-443-thread-1] INFO  server.RaftServerConfigKeys (ConfUtils.java:logGet(43)) - raft.server.log.statemachine.data.sync.timeout.retry = -1 (default)
2019-10-02 12:06:29,410 [pool-423-thread-1] INFO  segmented.SegmentedRaftLogWorker (SegmentedRaftLogWorker.java:<init>(173)) - new 406ed7e4-9aa5-47d5-9c7f-ce9f767194f3@group-D08F086B2972-SegmentedRaftLogWorker for RaftStorage:Storage Directory /workdir/hadoop-ozone/integration-test/target/test-dir/MiniOzoneClusterImpl-c22a1174-2eb6-4002-9413-6ccd7ee92ef6/datanode-4/data/ratis/15d80cc7-e56d-4af5-8c40-d08f086b2972
2019-10-02 12:06:29,410 [pool-443-thread-1] INFO  server.RaftServerConfigKeys (ConfUtils.java:logGet(43)) - raft.server.log.statemachine.data.caching.enabled = true (custom)
2019-10-02 12:06:29,410 [pool-413-thread-1] INFO  server.RaftServerConfigKeys (ConfUtils.java:logGet(43)) - raft.server.log.queue.byte-limit = 2147483647 (custom)
2019-10-02 12:06:29,410 [pool-423-thread-1] INFO  server.RaftServerConfigKeys (ConfUtils.java:logGet(43)) - raft.server.log.queue.byte-limit = 2147483647 (custom)
2019-10-02 12:06:29,410 [pool-443-thread-1] INFO  segmented.SegmentedRaftLogWorker (SegmentedRaftLogWorker.java:lambda$new$0(128)) - e58f0fd8-9fa3-4717-adbb-9d31f98a1277@group-D08F086B2972-SegmentedRaftLogWorker: flushIndex: setUnconditionally 0 -> -1
2019-10-02 12:06:29,410 [pool-413-thread-1] INFO  server.RaftServerConfigKeys (ConfUtils.java:logGet(43)) - raft.server.log.queue.element-limit = 1024 (custom)
2019-10-02 12:06:29,410 [pool-423-thread-1] INFO  server.RaftServerConfigKeys (ConfUtils.java:logGet(43)) - raft.server.log.queue.element-limit = 1024 (custom)
2019-10-02 12:06:29,411 [pool-443-thread-1] INFO  server.RaftServerConfigKeys (ConfUtils.java:logGet(43)) - raft.server.snapshot.auto.trigger.enabled = true (custom)
2019-10-02 12:06:29,411 [pool-413-thread-1] INFO  server.RaftServerConfigKeys (ConfUtils.java:logGet(43)) - raft.server.log.segment.size.max = 1048576 (custom)
2019-10-02 12:06:29,411 [pool-443-thread-1] INFO  server.RaftServerConfigKeys (ConfUtils.java:logGet(43)) - raft.server.snapshot.auto.trigger.threshold = 10000 (custom)
2019-10-02 12:06:29,411 [pool-423-thread-1] INFO  server.RaftServerConfigKeys (ConfUtils.java:logGet(43)) - raft.server.log.segment.size.max = 1048576 (custom)
2019-10-02 12:06:29,411 [pool-443-thread-1] INFO  server.RaftServerConfigKeys (ConfUtils.java:logGet(43)) - raft.server.snapshot.retention.file.num = 5 (custom)
2019-10-02 12:06:29,411 [pool-413-thread-1] INFO  server.RaftServerConfigKeys (ConfUtils.java:logGet(43)) - raft.server.log.preallocated.size = 16384 (custom)
2019-10-02 12:06:29,411 [pool-443-thread-1] INFO  server.RaftServerConfigKeys (ConfUtils.java:logGet(43)) - raft.server.retrycache.expirytime = 600000ms (custom)
2019-10-02 12:06:29,411 [pool-423-thread-1] INFO  server.RaftServerConfigKeys (ConfUtils.java:logGet(43)) - raft.server.log.preallocated.size = 16384 (custom)
2019-10-02 12:06:29,411 [pool-413-thread-1] INFO  server.RaftServerConfigKeys (ConfUtils.java:logGet(43)) - raft.server.log.write.buffer.size = 33554432 (custom)
2019-10-02 12:06:29,412 [pool-423-thread-1] INFO  server.RaftServerConfigKeys (ConfUtils.java:logGet(43)) - raft.server.log.write.buffer.size = 33554432 (custom)
2019-10-02 12:06:29,412 [pool-413-thread-1] INFO  server.RaftServerConfigKeys (ConfUtils.java:logGet(43)) - raft.server.log.force.sync.num = 128 (default)
2019-10-02 12:06:29,412 [pool-423-thread-1] INFO  server.RaftServerConfigKeys (ConfUtils.java:logGet(43)) - raft.server.log.force.sync.num = 128 (default)
2019-10-02 12:06:29,412 [pool-413-thread-1] INFO  server.RaftServerConfigKeys (ConfUtils.java:logGet(43)) - raft.server.log.statemachine.data.sync = true (default)
2019-10-02 12:06:29,412 [pool-423-thread-1] INFO  server.RaftServerConfigKeys (ConfUtils.java:logGet(43)) - raft.server.log.statemachine.data.sync = true (default)
2019-10-02 12:06:29,412 [pool-413-thread-1] INFO  server.RaftServerConfigKeys (ConfUtils.java:logGet(43)) - raft.server.log.statemachine.data.sync.timeout = 10s (default)
2019-10-02 12:06:29,412 [pool-423-thread-1] INFO  server.RaftServerConfigKeys (ConfUtils.java:logGet(43)) - raft.server.log.statemachine.data.sync.timeout = 10s (default)
2019-10-02 12:06:29,412 [pool-413-thread-1] INFO  server.RaftServerConfigKeys (ConfUtils.java:logGet(43)) - raft.server.log.statemachine.data.sync.timeout.retry = -1 (default)
2019-10-02 12:06:29,412 [pool-423-thread-1] INFO  server.RaftServerConfigKeys (ConfUtils.java:logGet(43)) - raft.server.log.statemachine.data.sync.timeout.retry = -1 (default)
2019-10-02 12:06:29,412 [pool-413-thread-1] INFO  server.RaftServerConfigKeys (ConfUtils.java:logGet(43)) - raft.server.log.statemachine.data.caching.enabled = true (custom)
2019-10-02 12:06:29,412 [pool-423-thread-1] INFO  server.RaftServerConfigKeys (ConfUtils.java:logGet(43)) - raft.server.log.statemachine.data.caching.enabled = true (custom)
2019-10-02 12:06:29,413 [pool-413-thread-1] INFO  segmented.SegmentedRaftLogWorker (SegmentedRaftLogWorker.java:lambda$new$0(128)) - 6abeaf85-4af0-47f5-88ee-a76a4231644f@group-D08F086B2972-SegmentedRaftLogWorker: flushIndex: setUnconditionally 0 -> -1
2019-10-02 12:06:29,413 [pool-423-thread-1] INFO  segmented.SegmentedRaftLogWorker (SegmentedRaftLogWorker.java:lambda$new$0(128)) - 406ed7e4-9aa5-47d5-9c7f-ce9f767194f3@group-D08F086B2972-SegmentedRaftLogWorker: flushIndex: setUnconditionally 0 -> -1
2019-10-02 12:06:29,413 [pool-413-thread-1] INFO  server.RaftServerConfigKeys (ConfUtils.java:logGet(43)) - raft.server.snapshot.auto.trigger.enabled = true (custom)
2019-10-02 12:06:29,413 [pool-443-thread-1] INFO  impl.RaftServerImpl (RaftServerImpl.java:start(181)) - e58f0fd8-9fa3-4717-adbb-9d31f98a1277@group-D08F086B2972: start as a follower, conf=-1: [e58f0fd8-9fa3-4717-adbb-9d31f98a1277:192.168.151.122:37246, 6abeaf85-4af0-47f5-88ee-a76a4231644f:192.168.151.122:38560, 406ed7e4-9aa5-47d5-9c7f-ce9f767194f3:192.168.151.122:43165], old=null
2019-10-02 12:06:29,413 [pool-423-thread-1] INFO  server.RaftServerConfigKeys (ConfUtils.java:logGet(43)) - raft.server.snapshot.auto.trigger.enabled = true (custom)
2019-10-02 12:06:29,413 [pool-443-thread-1] INFO  impl.RaftServerImpl (RaftServerImpl.java:setRole(170)) - e58f0fd8-9fa3-4717-adbb-9d31f98a1277@group-D08F086B2972: changes role from      null to FOLLOWER at term 0 for startAsFollower
2019-10-02 12:06:29,413 [pool-413-thread-1] INFO  server.RaftServerConfigKeys (ConfUtils.java:logGet(43)) - raft.server.snapshot.auto.trigger.threshold = 10000 (custom)
2019-10-02 12:06:29,413 [pool-443-thread-1] INFO  impl.RoleInfo (RoleInfo.java:updateAndGet(143)) - e58f0fd8-9fa3-4717-adbb-9d31f98a1277: start FollowerState
2019-10-02 12:06:29,413 [pool-423-thread-1] INFO  server.RaftServerConfigKeys (ConfUtils.java:logGet(43)) - raft.server.snapshot.auto.trigger.threshold = 10000 (custom)
2019-10-02 12:06:29,413 [pool-413-thread-1] INFO  server.RaftServerConfigKeys (ConfUtils.java:logGet(43)) - raft.server.snapshot.retention.file.num = 5 (custom)
2019-10-02 12:06:29,414 [pool-423-thread-1] INFO  server.RaftServerConfigKeys (ConfUtils.java:logGet(43)) - raft.server.snapshot.retention.file.num = 5 (custom)
2019-10-02 12:06:29,414 [pool-413-thread-1] INFO  server.RaftServerConfigKeys (ConfUtils.java:logGet(43)) - raft.server.retrycache.expirytime = 600000ms (custom)
2019-10-02 12:06:29,414 [pool-443-thread-1] INFO  util.JmxRegister (JmxRegister.java:tryRegister(44)) - Successfully registered JMX Bean with object name Ratis:service=RaftServer,group=group-D08F086B2972,id=e58f0fd8-9fa3-4717-adbb-9d31f98a1277
2019-10-02 12:06:29,414 [pool-423-thread-1] INFO  server.RaftServerConfigKeys (ConfUtils.java:logGet(43)) - raft.server.retrycache.expirytime = 600000ms (custom)
2019-10-02 12:06:29,416 [pool-413-thread-1] INFO  impl.RaftServerImpl (RaftServerImpl.java:start(181)) - 6abeaf85-4af0-47f5-88ee-a76a4231644f@group-D08F086B2972: start as a follower, conf=-1: [e58f0fd8-9fa3-4717-adbb-9d31f98a1277:192.168.151.122:37246, 6abeaf85-4af0-47f5-88ee-a76a4231644f:192.168.151.122:38560, 406ed7e4-9aa5-47d5-9c7f-ce9f767194f3:192.168.151.122:43165], old=null
2019-10-02 12:06:29,416 [pool-413-thread-1] INFO  impl.RaftServerImpl (RaftServerImpl.java:setRole(170)) - 6abeaf85-4af0-47f5-88ee-a76a4231644f@group-D08F086B2972: changes role from      null to FOLLOWER at term 0 for startAsFollower
2019-10-02 12:06:29,417 [pool-413-thread-1] INFO  impl.RoleInfo (RoleInfo.java:updateAndGet(143)) - 6abeaf85-4af0-47f5-88ee-a76a4231644f: start FollowerState
2019-10-02 12:06:29,417 [pool-423-thread-1] INFO  impl.RaftServerImpl (RaftServerImpl.java:start(181)) - 406ed7e4-9aa5-47d5-9c7f-ce9f767194f3@group-D08F086B2972: start as a follower, conf=-1: [e58f0fd8-9fa3-4717-adbb-9d31f98a1277:192.168.151.122:37246, 6abeaf85-4af0-47f5-88ee-a76a4231644f:192.168.151.122:38560, 406ed7e4-9aa5-47d5-9c7f-ce9f767194f3:192.168.151.122:43165], old=null
2019-10-02 12:06:29,417 [pool-413-thread-1] INFO  util.JmxRegister (JmxRegister.java:tryRegister(44)) - Successfully registered JMX Bean with object name Ratis:service=RaftServer,group=group-D08F086B2972,id=6abeaf85-4af0-47f5-88ee-a76a4231644f
2019-10-02 12:06:29,417 [pool-423-thread-1] INFO  impl.RaftServerImpl (RaftServerImpl.java:setRole(170)) - 406ed7e4-9aa5-47d5-9c7f-ce9f767194f3@group-D08F086B2972: changes role from      null to FOLLOWER at term 0 for startAsFollower
2019-10-02 12:06:29,417 [pool-423-thread-1] INFO  impl.RoleInfo (RoleInfo.java:updateAndGet(143)) - 406ed7e4-9aa5-47d5-9c7f-ce9f767194f3: start FollowerState
2019-10-02 12:06:29,417 [pool-423-thread-1] INFO  util.JmxRegister (JmxRegister.java:tryRegister(44)) - Successfully registered JMX Bean with object name Ratis:service=RaftServer,group=group-D08F086B2972,id=406ed7e4-9aa5-47d5-9c7f-ce9f767194f3
2019-10-02 12:06:29,422 [RatisPipelineUtilsThread] INFO  pipeline.PipelineStateManager (PipelineStateManager.java:addPipeline(56)) - Created pipeline Pipeline[ Id: 15d80cc7-e56d-4af5-8c40-d08f086b2972, Nodes: 6abeaf85-4af0-47f5-88ee-a76a4231644f{ip: 192.168.151.122, host: pr-hdds-2199-dnstouuidmap-nxzb2-26233584, networkLocation: /default-rack, certSerialId: null}e58f0fd8-9fa3-4717-adbb-9d31f98a1277{ip: 192.168.151.122, host: pr-hdds-2199-dnstouuidmap-nxzb2-26233584, networkLocation: /default-rack, certSerialId: null}406ed7e4-9aa5-47d5-9c7f-ce9f767194f3{ip: 192.168.151.122, host: pr-hdds-2199-dnstouuidmap-nxzb2-26233584, networkLocation: /default-rack, certSerialId: null}, Type:RATIS, Factor:THREE, State:OPEN]
2019-10-02 12:06:31,919 [Thread-2361] INFO  container.ReplicationManager (ReplicationManager.java:start(162)) - Starting Replication Monitor Thread.
2019-10-02 12:06:31,923 [ReplicationMonitor] INFO  container.ReplicationManager (ReplicationManager.java:run(225)) - Replication Monitor Thread took 0 milliseconds for processing 1 containers.
2019-10-02 12:06:34,087 [Thread-2369] INFO  impl.FollowerState (FollowerState.java:run(108)) - 3cc710bf-a429-474a-81b8-6b6bfe7aeacb@group-0065DA64874C-FollowerState: change to CANDIDATE, lastRpcTime:5023ms, electionTimeout:5023ms
2019-10-02 12:06:34,088 [Thread-2369] INFO  impl.RoleInfo (RoleInfo.java:shutdownFollowerState(121)) - 3cc710bf-a429-474a-81b8-6b6bfe7aeacb: shutdown FollowerState
2019-10-02 12:06:34,088 [Thread-2369] INFO  impl.RaftServerImpl (RaftServerImpl.java:setRole(170)) - 3cc710bf-a429-474a-81b8-6b6bfe7aeacb@group-0065DA64874C: changes role from  FOLLOWER to CANDIDATE at term 0 for changeToCandidate
2019-10-02 12:06:34,089 [Thread-2369] INFO  impl.RoleInfo (RoleInfo.java:updateAndGet(143)) - 3cc710bf-a429-474a-81b8-6b6bfe7aeacb: start LeaderElection
2019-10-02 12:06:34,110 [3cc710bf-a429-474a-81b8-6b6bfe7aeacb@group-0065DA64874C-LeaderElection64] INFO  impl.LeaderElection (LeaderElection.java:askForVotes(178)) - 3cc710bf-a429-474a-81b8-6b6bfe7aeacb@group-0065DA64874C-LeaderElection64: begin an election at term 1 for -1: [3cc710bf-a429-474a-81b8-6b6bfe7aeacb:192.168.151.122:35676], old=null
2019-10-02 12:06:34,110 [3cc710bf-a429-474a-81b8-6b6bfe7aeacb@group-0065DA64874C-LeaderElection64] INFO  impl.RoleInfo (RoleInfo.java:shutdownLeaderElection(134)) - 3cc710bf-a429-474a-81b8-6b6bfe7aeacb: shutdown LeaderElection
2019-10-02 12:06:34,110 [3cc710bf-a429-474a-81b8-6b6bfe7aeacb@group-0065DA64874C-LeaderElection64] INFO  impl.RaftServerImpl (RaftServerImpl.java:setRole(170)) - 3cc710bf-a429-474a-81b8-6b6bfe7aeacb@group-0065DA64874C: changes role from CANDIDATE to LEADER at term 1 for changeToLeader
2019-10-02 12:06:34,110 [3cc710bf-a429-474a-81b8-6b6bfe7aeacb@group-0065DA64874C-LeaderElection64] INFO  impl.RaftServerImpl (ServerState.java:setLeader(255)) - 3cc710bf-a429-474a-81b8-6b6bfe7aeacb@group-0065DA64874C: change Leader from null to 3cc710bf-a429-474a-81b8-6b6bfe7aeacb at term 1 for becomeLeader, leader elected after 5051ms
2019-10-02 12:06:34,110 [3cc710bf-a429-474a-81b8-6b6bfe7aeacb@group-0065DA64874C-LeaderElection64] INFO  server.RaftServerConfigKeys (ConfUtils.java:logGet(43)) - raft.server.staging.catchup.gap = 1000 (default)
2019-10-02 12:06:34,111 [3cc710bf-a429-474a-81b8-6b6bfe7aeacb@group-0065DA64874C-LeaderElection64] INFO  server.RaftServerConfigKeys (ConfUtils.java:logGet(43)) - raft.server.rpc.sleep.time = 25ms (default)
2019-10-02 12:06:34,111 [3cc710bf-a429-474a-81b8-6b6bfe7aeacb@group-0065DA64874C-LeaderElection64] INFO  server.RaftServerConfigKeys (ConfUtils.java:logGet(43)) - raft.server.write.element-limit = 4096 (default)
2019-10-02 12:06:34,111 [3cc710bf-a429-474a-81b8-6b6bfe7aeacb@group-0065DA64874C-LeaderElection64] INFO  server.RaftServerConfigKeys (ConfUtils.java:logGet(43)) - raft.server.watch.timeout = 10s (default)
2019-10-02 12:06:34,111 [3cc710bf-a429-474a-81b8-6b6bfe7aeacb@group-0065DA64874C-LeaderElection64] INFO  server.RaftServerConfigKeys (ConfUtils.java:logGet(43)) - raft.server.watch.timeout.denomination = 1s (default)
2019-10-02 12:06:34,111 [3cc710bf-a429-474a-81b8-6b6bfe7aeacb@group-0065DA64874C-LeaderElection64] INFO  server.RaftServerConfigKeys (ConfUtils.java:logGet(43)) - raft.server.watch.element-limit = 65536 (default)
2019-10-02 12:06:34,113 [3cc710bf-a429-474a-81b8-6b6bfe7aeacb@group-0065DA64874C-LeaderElection64] INFO  impl.RoleInfo (RoleInfo.java:updateAndGet(143)) - 3cc710bf-a429-474a-81b8-6b6bfe7aeacb: start LeaderState
2019-10-02 12:06:34,114 [3cc710bf-a429-474a-81b8-6b6bfe7aeacb@group-0065DA64874C-LeaderElection64] INFO  segmented.SegmentedRaftLogWorker (SegmentedRaftLogWorker.java:startLogSegment(385)) - 3cc710bf-a429-474a-81b8-6b6bfe7aeacb@group-0065DA64874C-SegmentedRaftLogWorker: Starting segment from index:0
2019-10-02 12:06:34,114 [3cc710bf-a429-474a-81b8-6b6bfe7aeacb@group-0065DA64874C-LeaderElection64] INFO  impl.RaftServerImpl (ServerState.java:setRaftConf(356)) - 3cc710bf-a429-474a-81b8-6b6bfe7aeacb@group-0065DA64874C: set configuration 0: [3cc710bf-a429-474a-81b8-6b6bfe7aeacb:192.168.151.122:35676], old=null at 0
2019-10-02 12:06:34,142 [Thread-2377] INFO  impl.FollowerState (FollowerState.java:run(108)) - 9424690c-9c3a-4d0f-91ad-24fd72d97d06@group-F074D92AE205-FollowerState: change to CANDIDATE, lastRpcTime:5027ms, electionTimeout:5027ms
2019-10-02 12:06:34,142 [Thread-2377] INFO  impl.RoleInfo (RoleInfo.java:shutdownFollowerState(121)) - 9424690c-9c3a-4d0f-91ad-24fd72d97d06: shutdown FollowerState
2019-10-02 12:06:34,142 [Thread-2377] INFO  impl.RaftServerImpl (RaftServerImpl.java:setRole(170)) - 9424690c-9c3a-4d0f-91ad-24fd72d97d06@group-F074D92AE205: changes role from  FOLLOWER to CANDIDATE at term 0 for changeToCandidate
2019-10-02 12:06:34,142 [Thread-2377] INFO  impl.RoleInfo (RoleInfo.java:updateAndGet(143)) - 9424690c-9c3a-4d0f-91ad-24fd72d97d06: start LeaderElection
2019-10-02 12:06:34,152 [Thread-2372] INFO  impl.FollowerState (FollowerState.java:run(108)) - ee0bc2ba-f718-41aa-bc30-8c1a2823b755@group-F074D92AE205-FollowerState: change to CANDIDATE, lastRpcTime:5041ms, electionTimeout:5041ms
2019-10-02 12:06:34,152 [Thread-2372] INFO  impl.RoleInfo (RoleInfo.java:shutdownFollowerState(121)) - ee0bc2ba-f718-41aa-bc30-8c1a2823b755: shutdown FollowerState
2019-10-02 12:06:34,152 [Thread-2363] INFO  impl.FollowerState (FollowerState.java:run(108)) - 9424690c-9c3a-4d0f-91ad-24fd72d97d06@group-E271F6ED2E5F-FollowerState: change to CANDIDATE, lastRpcTime:5183ms, electionTimeout:5176ms
2019-10-02 12:06:34,152 [Thread-2372] INFO  impl.RaftServerImpl (RaftServerImpl.java:setRole(170)) - ee0bc2ba-f718-41aa-bc30-8c1a2823b755@group-F074D92AE205: changes role from  FOLLOWER to CANDIDATE at term 0 for changeToCandidate
2019-10-02 12:06:34,152 [Thread-2363] INFO  impl.RoleInfo (RoleInfo.java:shutdownFollowerState(121)) - 9424690c-9c3a-4d0f-91ad-24fd72d97d06: shutdown FollowerState
2019-10-02 12:06:34,152 [Thread-2372] INFO  impl.RoleInfo (RoleInfo.java:updateAndGet(143)) - ee0bc2ba-f718-41aa-bc30-8c1a2823b755: start LeaderElection
2019-10-02 12:06:34,153 [Thread-2363] INFO  impl.RaftServerImpl (RaftServerImpl.java:setRole(170)) - 9424690c-9c3a-4d0f-91ad-24fd72d97d06@group-E271F6ED2E5F: changes role from  FOLLOWER to CANDIDATE at term 0 for changeToCandidate
2019-10-02 12:06:34,155 [Thread-2363] INFO  impl.RoleInfo (RoleInfo.java:updateAndGet(143)) - 9424690c-9c3a-4d0f-91ad-24fd72d97d06: start LeaderElection
2019-10-02 12:06:34,163 [3cc710bf-a429-474a-81b8-6b6bfe7aeacb@group-0065DA64874C-SegmentedRaftLogWorker] INFO  segmented.SegmentedRaftLogWorker (SegmentedRaftLogWorker.java:execute(574)) - 3cc710bf-a429-474a-81b8-6b6bfe7aeacb@group-0065DA64874C-SegmentedRaftLogWorker: created new log segment /workdir/hadoop-ozone/integration-test/target/test-dir/MiniOzoneClusterImpl-c22a1174-2eb6-4002-9413-6ccd7ee92ef6/datanode-2/data/ratis/00d40183-285c-4902-bc55-0065da64874c/current/log_inprogress_0
2019-10-02 12:06:34,163 [9424690c-9c3a-4d0f-91ad-24fd72d97d06@group-F074D92AE205-LeaderElection65] INFO  impl.LeaderElection (LeaderElection.java:askForVotes(178)) - 9424690c-9c3a-4d0f-91ad-24fd72d97d06@group-F074D92AE205-LeaderElection65: begin an election at term 1 for -1: [9424690c-9c3a-4d0f-91ad-24fd72d97d06:192.168.151.122:42716, ee0bc2ba-f718-41aa-bc30-8c1a2823b755:192.168.151.122:34642, 3cc710bf-a429-474a-81b8-6b6bfe7aeacb:192.168.151.122:35676], old=null
2019-10-02 12:06:34,163 [Thread-2366] INFO  impl.FollowerState (FollowerState.java:run(108)) - ee0bc2ba-f718-41aa-bc30-8c1a2823b755@group-3E167C2121E1-FollowerState: change to CANDIDATE, lastRpcTime:5151ms, electionTimeout:5148ms
2019-10-02 12:06:34,164 [Thread-2366] INFO  impl.RoleInfo (RoleInfo.java:shutdownFollowerState(121)) - ee0bc2ba-f718-41aa-bc30-8c1a2823b755: shutdown FollowerState
2019-10-02 12:06:34,164 [Thread-2366] INFO  impl.RaftServerImpl (RaftServerImpl.java:setRole(170)) - ee0bc2ba-f718-41aa-bc30-8c1a2823b755@group-3E167C2121E1: changes role from  FOLLOWER to CANDIDATE at term 0 for changeToCandidate
2019-10-02 12:06:34,164 [Thread-2366] INFO  impl.RoleInfo (RoleInfo.java:updateAndGet(143)) - ee0bc2ba-f718-41aa-bc30-8c1a2823b755: start LeaderElection
2019-10-02 12:06:34,175 [grpc-default-executor-8] INFO  impl.RaftServerImpl (RaftServerImpl.java:setRole(170)) - 3cc710bf-a429-474a-81b8-6b6bfe7aeacb@group-F074D92AE205: changes role from  FOLLOWER to FOLLOWER at term 1 for recognizeCandidate:9424690c-9c3a-4d0f-91ad-24fd72d97d06
2019-10-02 12:06:34,175 [grpc-default-executor-8] INFO  impl.RoleInfo (RoleInfo.java:shutdownFollowerState(121)) - 3cc710bf-a429-474a-81b8-6b6bfe7aeacb: shutdown FollowerState
2019-10-02 12:06:34,175 [grpc-default-executor-8] INFO  impl.RoleInfo (RoleInfo.java:updateAndGet(143)) - 3cc710bf-a429-474a-81b8-6b6bfe7aeacb: start FollowerState
2019-10-02 12:06:34,175 [Thread-2376] INFO  impl.FollowerState (FollowerState.java:run(117)) - 3cc710bf-a429-474a-81b8-6b6bfe7aeacb@group-F074D92AE205-FollowerState was interrupted: java.lang.InterruptedException: sleep interrupted
2019-10-02 12:06:34,179 [ee0bc2ba-f718-41aa-bc30-8c1a2823b755@group-3E167C2121E1-LeaderElection68] INFO  impl.LeaderElection (LeaderElection.java:askForVotes(178)) - ee0bc2ba-f718-41aa-bc30-8c1a2823b755@group-3E167C2121E1-LeaderElection68: begin an election at term 1 for -1: [ee0bc2ba-f718-41aa-bc30-8c1a2823b755:192.168.151.122:34642], old=null
2019-10-02 12:06:34,179 [9424690c-9c3a-4d0f-91ad-24fd72d97d06@group-E271F6ED2E5F-LeaderElection67] INFO  impl.LeaderElection (LeaderElection.java:askForVotes(178)) - 9424690c-9c3a-4d0f-91ad-24fd72d97d06@group-E271F6ED2E5F-LeaderElection67: begin an election at term 1 for -1: [9424690c-9c3a-4d0f-91ad-24fd72d97d06:192.168.151.122:42716], old=null
2019-10-02 12:06:34,179 [ee0bc2ba-f718-41aa-bc30-8c1a2823b755@group-3E167C2121E1-LeaderElection68] INFO  impl.RoleInfo (RoleInfo.java:shutdownLeaderElection(134)) - ee0bc2ba-f718-41aa-bc30-8c1a2823b755: shutdown LeaderElection
2019-10-02 12:06:34,179 [9424690c-9c3a-4d0f-91ad-24fd72d97d06@group-E271F6ED2E5F-LeaderElection67] INFO  impl.RoleInfo (RoleInfo.java:shutdownLeaderElection(134)) - 9424690c-9c3a-4d0f-91ad-24fd72d97d06: shutdown LeaderElection
2019-10-02 12:06:34,179 [ee0bc2ba-f718-41aa-bc30-8c1a2823b755@group-F074D92AE205-LeaderElection66] INFO  impl.LeaderElection (LeaderElection.java:askForVotes(178)) - ee0bc2ba-f718-41aa-bc30-8c1a2823b755@group-F074D92AE205-LeaderElection66: begin an election at term 1 for -1: [9424690c-9c3a-4d0f-91ad-24fd72d97d06:192.168.151.122:42716, ee0bc2ba-f718-41aa-bc30-8c1a2823b755:192.168.151.122:34642, 3cc710bf-a429-474a-81b8-6b6bfe7aeacb:192.168.151.122:35676], old=null
2019-10-02 12:06:34,179 [9424690c-9c3a-4d0f-91ad-24fd72d97d06@group-E271F6ED2E5F-LeaderElection67] INFO  impl.RaftServerImpl (RaftServerImpl.java:setRole(170)) - 9424690c-9c3a-4d0f-91ad-24fd72d97d06@group-E271F6ED2E5F: changes role from CANDIDATE to LEADER at term 1 for changeToLeader
2019-10-02 12:06:34,179 [ee0bc2ba-f718-41aa-bc30-8c1a2823b755@group-3E167C2121E1-LeaderElection68] INFO  impl.RaftServerImpl (RaftServerImpl.java:setRole(170)) - ee0bc2ba-f718-41aa-bc30-8c1a2823b755@group-3E167C2121E1: changes role from CANDIDATE to LEADER at term 1 for changeToLeader
2019-10-02 12:06:34,179 [9424690c-9c3a-4d0f-91ad-24fd72d97d06@group-E271F6ED2E5F-LeaderElection67] INFO  impl.RaftServerImpl (ServerState.java:setLeader(255)) - 9424690c-9c3a-4d0f-91ad-24fd72d97d06@group-E271F6ED2E5F: change Leader from null to 9424690c-9c3a-4d0f-91ad-24fd72d97d06 at term 1 for becomeLeader, leader elected after 5219ms
2019-10-02 12:06:34,179 [ee0bc2ba-f718-41aa-bc30-8c1a2823b755@group-3E167C2121E1-LeaderElection68] INFO  impl.RaftServerImpl (ServerState.java:setLeader(255)) - ee0bc2ba-f718-41aa-bc30-8c1a2823b755@group-3E167C2121E1: change Leader from null to ee0bc2ba-f718-41aa-bc30-8c1a2823b755 at term 1 for becomeLeader, leader elected after 5173ms
2019-10-02 12:06:34,179 [9424690c-9c3a-4d0f-91ad-24fd72d97d06@group-E271F6ED2E5F-LeaderElection67] INFO  server.RaftServerConfigKeys (ConfUtils.java:logGet(43)) - raft.server.staging.catchup.gap = 1000 (default)
2019-10-02 12:06:34,179 [ee0bc2ba-f718-41aa-bc30-8c1a2823b755@group-3E167C2121E1-LeaderElection68] INFO  server.RaftServerConfigKeys (ConfUtils.java:logGet(43)) - raft.server.staging.catchup.gap = 1000 (default)
2019-10-02 12:06:34,179 [9424690c-9c3a-4d0f-91ad-24fd72d97d06@group-E271F6ED2E5F-LeaderElection67] INFO  server.RaftServerConfigKeys (ConfUtils.java:logGet(43)) - raft.server.rpc.sleep.time = 25ms (default)
2019-10-02 12:06:34,180 [ee0bc2ba-f718-41aa-bc30-8c1a2823b755@group-3E167C2121E1-LeaderElection68] INFO  server.RaftServerConfigKeys (ConfUtils.java:logGet(43)) - raft.server.rpc.sleep.time = 25ms (default)
2019-10-02 12:06:34,180 [9424690c-9c3a-4d0f-91ad-24fd72d97d06@group-E271F6ED2E5F-LeaderElection67] INFO  server.RaftServerConfigKeys (ConfUtils.java:logGet(43)) - raft.server.write.element-limit = 4096 (default)
2019-10-02 12:06:34,180 [ee0bc2ba-f718-41aa-bc30-8c1a2823b755@group-3E167C2121E1-LeaderElection68] INFO  server.RaftServerConfigKeys (ConfUtils.java:logGet(43)) - raft.server.write.element-limit = 4096 (default)
2019-10-02 12:06:34,180 [9424690c-9c3a-4d0f-91ad-24fd72d97d06@group-E271F6ED2E5F-LeaderElection67] INFO  server.RaftServerConfigKeys (ConfUtils.java:logGet(43)) - raft.server.watch.timeout = 10s (default)
2019-10-02 12:06:34,180 [ee0bc2ba-f718-41aa-bc30-8c1a2823b755@group-3E167C2121E1-LeaderElection68] INFO  server.RaftServerConfigKeys (ConfUtils.java:logGet(43)) - raft.server.watch.timeout = 10s (default)
2019-10-02 12:06:34,180 [9424690c-9c3a-4d0f-91ad-24fd72d97d06@group-E271F6ED2E5F-LeaderElection67] INFO  server.RaftServerConfigKeys (ConfUtils.java:logGet(43)) - raft.server.watch.timeout.denomination = 1s (default)
2019-10-02 12:06:34,180 [ee0bc2ba-f718-41aa-bc30-8c1a2823b755@group-3E167C2121E1-LeaderElection68] INFO  server.RaftServerConfigKeys (ConfUtils.java:logGet(43)) - raft.server.watch.timeout.denomination = 1s (default)
2019-10-02 12:06:34,180 [9424690c-9c3a-4d0f-91ad-24fd72d97d06@group-E271F6ED2E5F-LeaderElection67] INFO  server.RaftServerConfigKeys (ConfUtils.java:logGet(43)) - raft.server.watch.element-limit = 65536 (default)
2019-10-02 12:06:34,180 [ee0bc2ba-f718-41aa-bc30-8c1a2823b755@group-3E167C2121E1-LeaderElection68] INFO  server.RaftServerConfigKeys (ConfUtils.java:logGet(43)) - raft.server.watch.element-limit = 65536 (default)
2019-10-02 12:06:34,182 [9424690c-9c3a-4d0f-91ad-24fd72d97d06@group-F074D92AE205-LeaderElection65] INFO  impl.LeaderElection (LeaderElection.java:logAndReturn(56)) - 9424690c-9c3a-4d0f-91ad-24fd72d97d06@group-F074D92AE205-LeaderElection65: Election PASSED; received 2 response(s) [9424690c-9c3a-4d0f-91ad-24fd72d97d06<-ee0bc2ba-f718-41aa-bc30-8c1a2823b755#0:FAIL-t1, 9424690c-9c3a-4d0f-91ad-24fd72d97d06<-3cc710bf-a429-474a-81b8-6b6bfe7aeacb#0:OK-t1] and 0 exception(s); 9424690c-9c3a-4d0f-91ad-24fd72d97d06@group-F074D92AE205:t1, leader=null, voted=9424690c-9c3a-4d0f-91ad-24fd72d97d06, raftlog=9424690c-9c3a-4d0f-91ad-24fd72d97d06@group-F074D92AE205-SegmentedRaftLog:OPENED:c-1,f-1,i0, conf=-1: [9424690c-9c3a-4d0f-91ad-24fd72d97d06:192.168.151.122:42716, ee0bc2ba-f718-41aa-bc30-8c1a2823b755:192.168.151.122:34642, 3cc710bf-a429-474a-81b8-6b6bfe7aeacb:192.168.151.122:35676], old=null
2019-10-02 12:06:34,182 [9424690c-9c3a-4d0f-91ad-24fd72d97d06@group-F074D92AE205-LeaderElection65] INFO  impl.RoleInfo (RoleInfo.java:shutdownLeaderElection(134)) - 9424690c-9c3a-4d0f-91ad-24fd72d97d06: shutdown LeaderElection
2019-10-02 12:06:34,182 [9424690c-9c3a-4d0f-91ad-24fd72d97d06@group-F074D92AE205-LeaderElection65] INFO  impl.RaftServerImpl (RaftServerImpl.java:setRole(170)) - 9424690c-9c3a-4d0f-91ad-24fd72d97d06@group-F074D92AE205: changes role from CANDIDATE to LEADER at term 1 for changeToLeader
2019-10-02 12:06:34,182 [9424690c-9c3a-4d0f-91ad-24fd72d97d06@group-E271F6ED2E5F-LeaderElection67] INFO  impl.RoleInfo (RoleInfo.java:updateAndGet(143)) - 9424690c-9c3a-4d0f-91ad-24fd72d97d06: start LeaderState
2019-10-02 12:06:34,182 [9424690c-9c3a-4d0f-91ad-24fd72d97d06@group-F074D92AE205-LeaderElection65] INFO  impl.RaftServerImpl (ServerState.java:setLeader(255)) - 9424690c-9c3a-4d0f-91ad-24fd72d97d06@group-F074D92AE205: change Leader from null to 9424690c-9c3a-4d0f-91ad-24fd72d97d06 at term 1 for becomeLeader, leader elected after 5077ms
2019-10-02 12:06:34,184 [9424690c-9c3a-4d0f-91ad-24fd72d97d06@group-E271F6ED2E5F-LeaderElection67] INFO  segmented.SegmentedRaftLogWorker (SegmentedRaftLogWorker.java:startLogSegment(385)) - 9424690c-9c3a-4d0f-91ad-24fd72d97d06@group-E271F6ED2E5F-SegmentedRaftLogWorker: Starting segment from index:0
2019-10-02 12:06:34,184 [9424690c-9c3a-4d0f-91ad-24fd72d97d06@group-F074D92AE205-LeaderElection65] INFO  server.RaftServerConfigKeys (ConfUtils.java:logGet(43)) - raft.server.staging.catchup.gap = 1000 (default)
2019-10-02 12:06:34,184 [ee0bc2ba-f718-41aa-bc30-8c1a2823b755@group-3E167C2121E1-LeaderElection68] INFO  impl.RoleInfo (RoleInfo.java:updateAndGet(143)) - ee0bc2ba-f718-41aa-bc30-8c1a2823b755: start LeaderState
2019-10-02 12:06:34,185 [9424690c-9c3a-4d0f-91ad-24fd72d97d06@group-E271F6ED2E5F-LeaderElection67] INFO  impl.RaftServerImpl (ServerState.java:setRaftConf(356)) - 9424690c-9c3a-4d0f-91ad-24fd72d97d06@group-E271F6ED2E5F: set configuration 0: [9424690c-9c3a-4d0f-91ad-24fd72d97d06:192.168.151.122:42716], old=null at 0
2019-10-02 12:06:34,185 [9424690c-9c3a-4d0f-91ad-24fd72d97d06@group-F074D92AE205-LeaderElection65] INFO  server.RaftServerConfigKeys (ConfUtils.java:logGet(43)) - raft.server.rpc.sleep.time = 25ms (default)
2019-10-02 12:06:34,185 [ee0bc2ba-f718-41aa-bc30-8c1a2823b755@group-3E167C2121E1-LeaderElection68] INFO  segmented.SegmentedRaftLogWorker (SegmentedRaftLogWorker.java:startLogSegment(385)) - ee0bc2ba-f718-41aa-bc30-8c1a2823b755@group-3E167C2121E1-SegmentedRaftLogWorker: Starting segment from index:0
2019-10-02 12:06:34,185 [9424690c-9c3a-4d0f-91ad-24fd72d97d06@group-F074D92AE205-LeaderElection65] INFO  server.RaftServerConfigKeys (ConfUtils.java:logGet(43)) - raft.server.write.element-limit = 4096 (default)
2019-10-02 12:06:34,185 [9424690c-9c3a-4d0f-91ad-24fd72d97d06@group-F074D92AE205-LeaderElection65] INFO  server.RaftServerConfigKeys (ConfUtils.java:logGet(43)) - raft.server.watch.timeout = 10s (default)
2019-10-02 12:06:34,185 [9424690c-9c3a-4d0f-91ad-24fd72d97d06@group-F074D92AE205-LeaderElection65] INFO  server.RaftServerConfigKeys (ConfUtils.java:logGet(43)) - raft.server.watch.timeout.denomination = 1s (default)
2019-10-02 12:06:34,185 [9424690c-9c3a-4d0f-91ad-24fd72d97d06@group-F074D92AE205-LeaderElection65] INFO  server.RaftServerConfigKeys (ConfUtils.java:logGet(43)) - raft.server.watch.element-limit = 65536 (default)
2019-10-02 12:06:34,185 [ee0bc2ba-f718-41aa-bc30-8c1a2823b755@group-3E167C2121E1-LeaderElection68] INFO  impl.RaftServerImpl (ServerState.java:setRaftConf(356)) - ee0bc2ba-f718-41aa-bc30-8c1a2823b755@group-3E167C2121E1: set configuration 0: [ee0bc2ba-f718-41aa-bc30-8c1a2823b755:192.168.151.122:34642], old=null at 0
2019-10-02 12:06:34,187 [9424690c-9c3a-4d0f-91ad-24fd72d97d06@group-F074D92AE205-LeaderElection65] INFO  server.RaftServerConfigKeys (ConfUtils.java:logGet(43)) - raft.server.log.appender.snapshot.chunk.size.max = 16MB (=16777216) (default)
2019-10-02 12:06:34,188 [9424690c-9c3a-4d0f-91ad-24fd72d97d06@group-F074D92AE205-LeaderElection65] INFO  server.RaftServerConfigKeys (ConfUtils.java:logGet(43)) - raft.server.log.appender.buffer.byte-limit = 33554432 (custom)
2019-10-02 12:06:34,188 [9424690c-9c3a-4d0f-91ad-24fd72d97d06@group-F074D92AE205-LeaderElection65] INFO  server.RaftServerConfigKeys (ConfUtils.java:logGet(43)) - raft.server.log.appender.buffer.element-limit = 1 (custom)
2019-10-02 12:06:34,188 [9424690c-9c3a-4d0f-91ad-24fd72d97d06@group-F074D92AE205-LeaderElection65] INFO  grpc.GrpcConfigKeys$Server (ConfUtils.java:logGet(43)) - raft.grpc.server.leader.outstanding.appends.max = 128 (default)
2019-10-02 12:06:34,189 [9424690c-9c3a-4d0f-91ad-24fd72d97d06@group-F074D92AE205-LeaderElection65] INFO  server.RaftServerConfigKeys (ConfUtils.java:logGet(43)) - raft.server.rpc.request.timeout = 3000ms (default)
2019-10-02 12:06:34,189 [9424690c-9c3a-4d0f-91ad-24fd72d97d06@group-F074D92AE205-LeaderElection65] INFO  server.RaftServerConfigKeys (ConfUtils.java:logGet(43)) - raft.server.log.appender.install.snapshot.enabled = false (custom)
2019-10-02 12:06:34,189 [9424690c-9c3a-4d0f-91ad-24fd72d97d06@group-F074D92AE205-LeaderElection65] INFO  server.RaftServerConfigKeys (ConfUtils.java:logGet(43)) - raft.server.log.appender.snapshot.chunk.size.max = 16MB (=16777216) (default)
2019-10-02 12:06:34,189 [9424690c-9c3a-4d0f-91ad-24fd72d97d06@group-F074D92AE205-LeaderElection65] INFO  server.RaftServerConfigKeys (ConfUtils.java:logGet(43)) - raft.server.log.appender.buffer.byte-limit = 33554432 (custom)
2019-10-02 12:06:34,190 [9424690c-9c3a-4d0f-91ad-24fd72d97d06@group-F074D92AE205-LeaderElection65] INFO  server.RaftServerConfigKeys (ConfUtils.java:logGet(43)) - raft.server.log.appender.buffer.element-limit = 1 (custom)
2019-10-02 12:06:34,190 [9424690c-9c3a-4d0f-91ad-24fd72d97d06@group-F074D92AE205-LeaderElection65] INFO  grpc.GrpcConfigKeys$Server (ConfUtils.java:logGet(43)) - raft.grpc.server.leader.outstanding.appends.max = 128 (default)
2019-10-02 12:06:34,190 [9424690c-9c3a-4d0f-91ad-24fd72d97d06@group-F074D92AE205-LeaderElection65] INFO  server.RaftServerConfigKeys (ConfUtils.java:logGet(43)) - raft.server.rpc.request.timeout = 3000ms (default)
2019-10-02 12:06:34,190 [9424690c-9c3a-4d0f-91ad-24fd72d97d06@group-F074D92AE205-LeaderElection65] INFO  server.RaftServerConfigKeys (ConfUtils.java:logGet(43)) - raft.server.log.appender.install.snapshot.enabled = false (custom)
2019-10-02 12:06:34,191 [9424690c-9c3a-4d0f-91ad-24fd72d97d06@group-F074D92AE205-LeaderElection65] INFO  impl.RoleInfo (RoleInfo.java:updateAndGet(143)) - 9424690c-9c3a-4d0f-91ad-24fd72d97d06: start LeaderState
2019-10-02 12:06:34,191 [9424690c-9c3a-4d0f-91ad-24fd72d97d06@group-F074D92AE205-LeaderElection65] INFO  segmented.SegmentedRaftLogWorker (SegmentedRaftLogWorker.java:startLogSegment(385)) - 9424690c-9c3a-4d0f-91ad-24fd72d97d06@group-F074D92AE205-SegmentedRaftLogWorker: Starting segment from index:0
2019-10-02 12:06:34,192 [9424690c-9c3a-4d0f-91ad-24fd72d97d06@group-F074D92AE205-LeaderElection65] INFO  impl.RaftServerImpl (ServerState.java:setRaftConf(356)) - 9424690c-9c3a-4d0f-91ad-24fd72d97d06@group-F074D92AE205: set configuration 0: [9424690c-9c3a-4d0f-91ad-24fd72d97d06:192.168.151.122:42716, ee0bc2ba-f718-41aa-bc30-8c1a2823b755:192.168.151.122:34642, 3cc710bf-a429-474a-81b8-6b6bfe7aeacb:192.168.151.122:35676], old=null at 0
2019-10-02 12:06:34,192 [grpc-default-executor-4] INFO  impl.RaftServerImpl (RaftServerImpl.java:requestVote(754)) - 9424690c-9c3a-4d0f-91ad-24fd72d97d06@group-F074D92AE205-   LEADER: Withhold vote from candidate ee0bc2ba-f718-41aa-bc30-8c1a2823b755 with term 1. State: leader=9424690c-9c3a-4d0f-91ad-24fd72d97d06, term=1, lastRpcElapsed=null
2019-10-02 12:06:34,193 [grpc-default-executor-8] INFO  impl.RaftServerImpl (RaftServerImpl.java:setRole(170)) - ee0bc2ba-f718-41aa-bc30-8c1a2823b755@group-F074D92AE205: changes role from CANDIDATE to FOLLOWER at term 1 for appendEntries
2019-10-02 12:06:34,193 [ee0bc2ba-f718-41aa-bc30-8c1a2823b755@group-F074D92AE205-LeaderElection66] INFO  impl.LeaderElection (LeaderElection.java:logAndReturn(56)) - ee0bc2ba-f718-41aa-bc30-8c1a2823b755@group-F074D92AE205-LeaderElection66: Election REJECTED; received 2 response(s) [ee0bc2ba-f718-41aa-bc30-8c1a2823b755<-9424690c-9c3a-4d0f-91ad-24fd72d97d06#0:FAIL-t1, ee0bc2ba-f718-41aa-bc30-8c1a2823b755<-3cc710bf-a429-474a-81b8-6b6bfe7aeacb#0:FAIL-t1] and 0 exception(s); ee0bc2ba-f718-41aa-bc30-8c1a2823b755@group-F074D92AE205:t1, leader=null, voted=ee0bc2ba-f718-41aa-bc30-8c1a2823b755, raftlog=ee0bc2ba-f718-41aa-bc30-8c1a2823b755@group-F074D92AE205-SegmentedRaftLog:OPENED:c-1,f-1,i0, conf=-1: [9424690c-9c3a-4d0f-91ad-24fd72d97d06:192.168.151.122:42716, ee0bc2ba-f718-41aa-bc30-8c1a2823b755:192.168.151.122:34642, 3cc710bf-a429-474a-81b8-6b6bfe7aeacb:192.168.151.122:35676], old=null
2019-10-02 12:06:34,193 [grpc-default-executor-8] INFO  impl.RoleInfo (RoleInfo.java:shutdownLeaderElection(134)) - ee0bc2ba-f718-41aa-bc30-8c1a2823b755: shutdown LeaderElection
2019-10-02 12:06:34,232 [grpc-default-executor-8] INFO  impl.RoleInfo (RoleInfo.java:updateAndGet(143)) - ee0bc2ba-f718-41aa-bc30-8c1a2823b755: start FollowerState
2019-10-02 12:06:34,232 [grpc-default-executor-4] INFO  impl.RaftServerImpl (ServerState.java:setLeader(255)) - 3cc710bf-a429-474a-81b8-6b6bfe7aeacb@group-F074D92AE205: change Leader from null to 9424690c-9c3a-4d0f-91ad-24fd72d97d06 at term 1 for appendEntries, leader elected after 5127ms
2019-10-02 12:06:34,234 [grpc-default-executor-8] INFO  impl.RaftServerImpl (ServerState.java:setLeader(255)) - ee0bc2ba-f718-41aa-bc30-8c1a2823b755@group-F074D92AE205: change Leader from null to 9424690c-9c3a-4d0f-91ad-24fd72d97d06 at term 1 for appendEntries, leader elected after 5129ms
2019-10-02 12:06:34,236 [Thread-2381] INFO  impl.FollowerState (FollowerState.java:run(108)) - 6abeaf85-4af0-47f5-88ee-a76a4231644f@group-E885519D15E0-FollowerState: change to CANDIDATE, lastRpcTime:5035ms, electionTimeout:5035ms
2019-10-02 12:06:34,236 [Thread-2381] INFO  impl.RoleInfo (RoleInfo.java:shutdownFollowerState(121)) - 6abeaf85-4af0-47f5-88ee-a76a4231644f: shutdown FollowerState
2019-10-02 12:06:34,236 [Thread-2381] INFO  impl.RaftServerImpl (RaftServerImpl.java:setRole(170)) - 6abeaf85-4af0-47f5-88ee-a76a4231644f@group-E885519D15E0: changes role from  FOLLOWER to CANDIDATE at term 0 for changeToCandidate
2019-10-02 12:06:34,237 [Thread-2381] INFO  impl.RoleInfo (RoleInfo.java:updateAndGet(143)) - 6abeaf85-4af0-47f5-88ee-a76a4231644f: start LeaderElection
2019-10-02 12:06:34,240 [grpc-default-executor-8] INFO  impl.RaftServerImpl (ServerState.java:setRaftConf(356)) - ee0bc2ba-f718-41aa-bc30-8c1a2823b755@group-F074D92AE205: set configuration 0: [9424690c-9c3a-4d0f-91ad-24fd72d97d06:192.168.151.122:42716, ee0bc2ba-f718-41aa-bc30-8c1a2823b755:192.168.151.122:34642, 3cc710bf-a429-474a-81b8-6b6bfe7aeacb:192.168.151.122:35676], old=null at 0
2019-10-02 12:06:34,241 [grpc-default-executor-4] INFO  impl.RaftServerImpl (ServerState.java:setRaftConf(356)) - 3cc710bf-a429-474a-81b8-6b6bfe7aeacb@group-F074D92AE205: set configuration 0: [9424690c-9c3a-4d0f-91ad-24fd72d97d06:192.168.151.122:42716, ee0bc2ba-f718-41aa-bc30-8c1a2823b755:192.168.151.122:34642, 3cc710bf-a429-474a-81b8-6b6bfe7aeacb:192.168.151.122:35676], old=null at 0
2019-10-02 12:06:34,241 [grpc-default-executor-8] INFO  segmented.SegmentedRaftLogWorker (SegmentedRaftLogWorker.java:startLogSegment(385)) - ee0bc2ba-f718-41aa-bc30-8c1a2823b755@group-F074D92AE205-SegmentedRaftLogWorker: Starting segment from index:0
2019-10-02 12:06:34,241 [grpc-default-executor-4] INFO  segmented.SegmentedRaftLogWorker (SegmentedRaftLogWorker.java:startLogSegment(385)) - 3cc710bf-a429-474a-81b8-6b6bfe7aeacb@group-F074D92AE205-SegmentedRaftLogWorker: Starting segment from index:0
2019-10-02 12:06:34,242 [9424690c-9c3a-4d0f-91ad-24fd72d97d06@group-F074D92AE205-SegmentedRaftLogWorker] INFO  segmented.SegmentedRaftLogWorker (SegmentedRaftLogWorker.java:execute(574)) - 9424690c-9c3a-4d0f-91ad-24fd72d97d06@group-F074D92AE205-SegmentedRaftLogWorker: created new log segment /workdir/hadoop-ozone/integration-test/target/test-dir/MiniOzoneClusterImpl-c22a1174-2eb6-4002-9413-6ccd7ee92ef6/datanode-0/data/ratis/a7c14c75-e1a0-4e1d-bc55-f074d92ae205/current/log_inprogress_0
2019-10-02 12:06:34,242 [9424690c-9c3a-4d0f-91ad-24fd72d97d06@group-E271F6ED2E5F-SegmentedRaftLogWorker] INFO  segmented.SegmentedRaftLogWorker (SegmentedRaftLogWorker.java:execute(574)) - 9424690c-9c3a-4d0f-91ad-24fd72d97d06@group-E271F6ED2E5F-SegmentedRaftLogWorker: created new log segment /workdir/hadoop-ozone/integration-test/target/test-dir/MiniOzoneClusterImpl-c22a1174-2eb6-4002-9413-6ccd7ee92ef6/datanode-0/data/ratis/c4c05bc6-0e93-499d-b2aa-e271f6ed2e5f/current/log_inprogress_0
2019-10-02 12:06:34,242 [ee0bc2ba-f718-41aa-bc30-8c1a2823b755@group-3E167C2121E1-SegmentedRaftLogWorker] INFO  segmented.SegmentedRaftLogWorker (SegmentedRaftLogWorker.java:execute(574)) - ee0bc2ba-f718-41aa-bc30-8c1a2823b755@group-3E167C2121E1-SegmentedRaftLogWorker: created new log segment /workdir/hadoop-ozone/integration-test/target/test-dir/MiniOzoneClusterImpl-c22a1174-2eb6-4002-9413-6ccd7ee92ef6/datanode-1/data/ratis/22211d93-96de-4fc7-a320-3e167c2121e1/current/log_inprogress_0
2019-10-02 12:06:34,246 [6abeaf85-4af0-47f5-88ee-a76a4231644f@group-E885519D15E0-LeaderElection69] INFO  impl.LeaderElection (LeaderElection.java:askForVotes(178)) - 6abeaf85-4af0-47f5-88ee-a76a4231644f@group-E885519D15E0-LeaderElection69: begin an election at term 1 for -1: [6abeaf85-4af0-47f5-88ee-a76a4231644f:192.168.151.122:38560], old=null
2019-10-02 12:06:34,246 [6abeaf85-4af0-47f5-88ee-a76a4231644f@group-E885519D15E0-LeaderElection69] INFO  impl.RoleInfo (RoleInfo.java:shutdownLeaderElection(134)) - 6abeaf85-4af0-47f5-88ee-a76a4231644f: shutdown LeaderElection
2019-10-02 12:06:34,246 [6abeaf85-4af0-47f5-88ee-a76a4231644f@group-E885519D15E0-LeaderElection69] INFO  impl.RaftServerImpl (RaftServerImpl.java:setRole(170)) - 6abeaf85-4af0-47f5-88ee-a76a4231644f@group-E885519D15E0: changes role from CANDIDATE to LEADER at term 1 for changeToLeader
2019-10-02 12:06:34,246 [6abeaf85-4af0-47f5-88ee-a76a4231644f@group-E885519D15E0-LeaderElection69] INFO  impl.RaftServerImpl (ServerState.java:setLeader(255)) - 6abeaf85-4af0-47f5-88ee-a76a4231644f@group-E885519D15E0: change Leader from null to 6abeaf85-4af0-47f5-88ee-a76a4231644f at term 1 for becomeLeader, leader elected after 5052ms
2019-10-02 12:06:34,246 [6abeaf85-4af0-47f5-88ee-a76a4231644f@group-E885519D15E0-LeaderElection69] INFO  server.RaftServerConfigKeys (ConfUtils.java:logGet(43)) - raft.server.staging.catchup.gap = 1000 (default)
2019-10-02 12:06:34,247 [6abeaf85-4af0-47f5-88ee-a76a4231644f@group-E885519D15E0-LeaderElection69] INFO  server.RaftServerConfigKeys (ConfUtils.java:logGet(43)) - raft.server.rpc.sleep.time = 25ms (default)
2019-10-02 12:06:34,247 [6abeaf85-4af0-47f5-88ee-a76a4231644f@group-E885519D15E0-LeaderElection69] INFO  server.RaftServerConfigKeys (ConfUtils.java:logGet(43)) - raft.server.write.element-limit = 4096 (default)
2019-10-02 12:06:34,247 [6abeaf85-4af0-47f5-88ee-a76a4231644f@group-E885519D15E0-LeaderElection69] INFO  server.RaftServerConfigKeys (ConfUtils.java:logGet(43)) - raft.server.watch.timeout = 10s (default)
2019-10-02 12:06:34,247 [6abeaf85-4af0-47f5-88ee-a76a4231644f@group-E885519D15E0-LeaderElection69] INFO  server.RaftServerConfigKeys (ConfUtils.java:logGet(43)) - raft.server.watch.timeout.denomination = 1s (default)
2019-10-02 12:06:34,247 [6abeaf85-4af0-47f5-88ee-a76a4231644f@group-E885519D15E0-LeaderElection69] INFO  server.RaftServerConfigKeys (ConfUtils.java:logGet(43)) - raft.server.watch.element-limit = 65536 (default)
2019-10-02 12:06:34,249 [6abeaf85-4af0-47f5-88ee-a76a4231644f@group-E885519D15E0-LeaderElection69] INFO  impl.RoleInfo (RoleInfo.java:updateAndGet(143)) - 6abeaf85-4af0-47f5-88ee-a76a4231644f: start LeaderState
2019-10-02 12:06:34,249 [6abeaf85-4af0-47f5-88ee-a76a4231644f@group-E885519D15E0-LeaderElection69] INFO  segmented.SegmentedRaftLogWorker (SegmentedRaftLogWorker.java:startLogSegment(385)) - 6abeaf85-4af0-47f5-88ee-a76a4231644f@group-E885519D15E0-SegmentedRaftLogWorker: Starting segment from index:0
2019-10-02 12:06:34,250 [6abeaf85-4af0-47f5-88ee-a76a4231644f@group-E885519D15E0-LeaderElection69] INFO  impl.RaftServerImpl (ServerState.java:setRaftConf(356)) - 6abeaf85-4af0-47f5-88ee-a76a4231644f@group-E885519D15E0: set configuration 0: [6abeaf85-4af0-47f5-88ee-a76a4231644f:192.168.151.122:38560], old=null at 0
2019-10-02 12:06:34,278 [ee0bc2ba-f718-41aa-bc30-8c1a2823b755@group-F074D92AE205-SegmentedRaftLogWorker] INFO  segmented.SegmentedRaftLogWorker (SegmentedRaftLogWorker.java:execute(574)) - ee0bc2ba-f718-41aa-bc30-8c1a2823b755@group-F074D92AE205-SegmentedRaftLogWorker: created new log segment /workdir/hadoop-ozone/integration-test/target/test-dir/MiniOzoneClusterImpl-c22a1174-2eb6-4002-9413-6ccd7ee92ef6/datanode-1/data/ratis/a7c14c75-e1a0-4e1d-bc55-f074d92ae205/current/log_inprogress_0
2019-10-02 12:06:34,280 [6abeaf85-4af0-47f5-88ee-a76a4231644f@group-E885519D15E0-SegmentedRaftLogWorker] INFO  segmented.SegmentedRaftLogWorker (SegmentedRaftLogWorker.java:execute(574)) - 6abeaf85-4af0-47f5-88ee-a76a4231644f@group-E885519D15E0-SegmentedRaftLogWorker: created new log segment /workdir/hadoop-ozone/integration-test/target/test-dir/MiniOzoneClusterImpl-c22a1174-2eb6-4002-9413-6ccd7ee92ef6/datanode-3/data/ratis/ee5c21dd-8435-4c72-80ba-e885519d15e0/current/log_inprogress_0
2019-10-02 12:06:34,280 [3cc710bf-a429-474a-81b8-6b6bfe7aeacb@group-F074D92AE205-SegmentedRaftLogWorker] INFO  segmented.SegmentedRaftLogWorker (SegmentedRaftLogWorker.java:execute(574)) - 3cc710bf-a429-474a-81b8-6b6bfe7aeacb@group-F074D92AE205-SegmentedRaftLogWorker: created new log segment /workdir/hadoop-ozone/integration-test/target/test-dir/MiniOzoneClusterImpl-c22a1174-2eb6-4002-9413-6ccd7ee92ef6/datanode-2/data/ratis/a7c14c75-e1a0-4e1d-bc55-f074d92ae205/current/log_inprogress_0
2019-10-02 12:06:34,341 [Thread-2384] INFO  impl.FollowerState (FollowerState.java:run(108)) - 406ed7e4-9aa5-47d5-9c7f-ce9f767194f3@group-FF1EA4D6B19D-FollowerState: change to CANDIDATE, lastRpcTime:5085ms, electionTimeout:5085ms
2019-10-02 12:06:34,341 [Thread-2384] INFO  impl.RoleInfo (RoleInfo.java:shutdownFollowerState(121)) - 406ed7e4-9aa5-47d5-9c7f-ce9f767194f3: shutdown FollowerState
2019-10-02 12:06:34,341 [Thread-2384] INFO  impl.RaftServerImpl (RaftServerImpl.java:setRole(170)) - 406ed7e4-9aa5-47d5-9c7f-ce9f767194f3@group-FF1EA4D6B19D: changes role from  FOLLOWER to CANDIDATE at term 0 for changeToCandidate
2019-10-02 12:06:34,341 [Thread-2384] INFO  impl.RoleInfo (RoleInfo.java:updateAndGet(143)) - 406ed7e4-9aa5-47d5-9c7f-ce9f767194f3: start LeaderElection
2019-10-02 12:06:34,364 [406ed7e4-9aa5-47d5-9c7f-ce9f767194f3@group-FF1EA4D6B19D-LeaderElection70] INFO  impl.LeaderElection (LeaderElection.java:askForVotes(178)) - 406ed7e4-9aa5-47d5-9c7f-ce9f767194f3@group-FF1EA4D6B19D-LeaderElection70: begin an election at term 1 for -1: [406ed7e4-9aa5-47d5-9c7f-ce9f767194f3:192.168.151.122:43165], old=null
2019-10-02 12:06:34,364 [406ed7e4-9aa5-47d5-9c7f-ce9f767194f3@group-FF1EA4D6B19D-LeaderElection70] INFO  impl.RoleInfo (RoleInfo.java:shutdownLeaderElection(134)) - 406ed7e4-9aa5-47d5-9c7f-ce9f767194f3: shutdown LeaderElection
2019-10-02 12:06:34,364 [406ed7e4-9aa5-47d5-9c7f-ce9f767194f3@group-FF1EA4D6B19D-LeaderElection70] INFO  impl.RaftServerImpl (RaftServerImpl.java:setRole(170)) - 406ed7e4-9aa5-47d5-9c7f-ce9f767194f3@group-FF1EA4D6B19D: changes role from CANDIDATE to LEADER at term 1 for changeToLeader
2019-10-02 12:06:34,364 [406ed7e4-9aa5-47d5-9c7f-ce9f767194f3@group-FF1EA4D6B19D-LeaderElection70] INFO  impl.RaftServerImpl (ServerState.java:setLeader(255)) - 406ed7e4-9aa5-47d5-9c7f-ce9f767194f3@group-FF1EA4D6B19D: change Leader from null to 406ed7e4-9aa5-47d5-9c7f-ce9f767194f3 at term 1 for becomeLeader, leader elected after 5116ms
2019-10-02 12:06:34,364 [406ed7e4-9aa5-47d5-9c7f-ce9f767194f3@group-FF1EA4D6B19D-LeaderElection70] INFO  server.RaftServerConfigKeys (ConfUtils.java:logGet(43)) - raft.server.staging.catchup.gap = 1000 (default)
2019-10-02 12:06:34,365 [406ed7e4-9aa5-47d5-9c7f-ce9f767194f3@group-FF1EA4D6B19D-LeaderElection70] INFO  server.RaftServerConfigKeys (ConfUtils.java:logGet(43)) - raft.server.rpc.sleep.time = 25ms (default)
2019-10-02 12:06:34,365 [406ed7e4-9aa5-47d5-9c7f-ce9f767194f3@group-FF1EA4D6B19D-LeaderElection70] INFO  server.RaftServerConfigKeys (ConfUtils.java:logGet(43)) - raft.server.write.element-limit = 4096 (default)
2019-10-02 12:06:34,365 [406ed7e4-9aa5-47d5-9c7f-ce9f767194f3@group-FF1EA4D6B19D-LeaderElection70] INFO  server.RaftServerConfigKeys (ConfUtils.java:logGet(43)) - raft.server.watch.timeout = 10s (default)
2019-10-02 12:06:34,365 [406ed7e4-9aa5-47d5-9c7f-ce9f767194f3@group-FF1EA4D6B19D-LeaderElection70] INFO  server.RaftServerConfigKeys (ConfUtils.java:logGet(43)) - raft.server.watch.timeout.denomination = 1s (default)
2019-10-02 12:06:34,365 [406ed7e4-9aa5-47d5-9c7f-ce9f767194f3@group-FF1EA4D6B19D-LeaderElection70] INFO  server.RaftServerConfigKeys (ConfUtils.java:logGet(43)) - raft.server.watch.element-limit = 65536 (default)
2019-10-02 12:06:34,367 [406ed7e4-9aa5-47d5-9c7f-ce9f767194f3@group-FF1EA4D6B19D-LeaderElection70] INFO  impl.RoleInfo (RoleInfo.java:updateAndGet(143)) - 406ed7e4-9aa5-47d5-9c7f-ce9f767194f3: start LeaderState
2019-10-02 12:06:34,367 [406ed7e4-9aa5-47d5-9c7f-ce9f767194f3@group-FF1EA4D6B19D-LeaderElection70] INFO  segmented.SegmentedRaftLogWorker (SegmentedRaftLogWorker.java:startLogSegment(385)) - 406ed7e4-9aa5-47d5-9c7f-ce9f767194f3@group-FF1EA4D6B19D-SegmentedRaftLogWorker: Starting segment from index:0
2019-10-02 12:06:34,367 [406ed7e4-9aa5-47d5-9c7f-ce9f767194f3@group-FF1EA4D6B19D-LeaderElection70] INFO  impl.RaftServerImpl (ServerState.java:setRaftConf(356)) - 406ed7e4-9aa5-47d5-9c7f-ce9f767194f3@group-FF1EA4D6B19D: set configuration 0: [406ed7e4-9aa5-47d5-9c7f-ce9f767194f3:192.168.151.122:43165], old=null at 0
2019-10-02 12:06:34,403 [Thread-2389] INFO  impl.FollowerState (FollowerState.java:run(108)) - d693e41b-1ebf-47ff-9671-c51895b3c86b@group-C7194ABC5659-FollowerState: change to CANDIDATE, lastRpcTime:5097ms, electionTimeout:5097ms
2019-10-02 12:06:34,403 [Thread-2389] INFO  impl.RoleInfo (RoleInfo.java:shutdownFollowerState(121)) - d693e41b-1ebf-47ff-9671-c51895b3c86b: shutdown FollowerState
2019-10-02 12:06:34,403 [Thread-2389] INFO  impl.RaftServerImpl (RaftServerImpl.java:setRole(170)) - d693e41b-1ebf-47ff-9671-c51895b3c86b@group-C7194ABC5659: changes role from  FOLLOWER to CANDIDATE at term 0 for changeToCandidate
2019-10-02 12:06:34,403 [Thread-2389] INFO  impl.RoleInfo (RoleInfo.java:updateAndGet(143)) - d693e41b-1ebf-47ff-9671-c51895b3c86b: start LeaderElection
2019-10-02 12:06:34,407 [406ed7e4-9aa5-47d5-9c7f-ce9f767194f3@group-FF1EA4D6B19D-SegmentedRaftLogWorker] INFO  segmented.SegmentedRaftLogWorker (SegmentedRaftLogWorker.java:execute(574)) - 406ed7e4-9aa5-47d5-9c7f-ce9f767194f3@group-FF1EA4D6B19D-SegmentedRaftLogWorker: created new log segment /workdir/hadoop-ozone/integration-test/target/test-dir/MiniOzoneClusterImpl-c22a1174-2eb6-4002-9413-6ccd7ee92ef6/datanode-4/data/ratis/78081661-dbad-4f3a-86f3-ff1ea4d6b19d/current/log_inprogress_0
2019-10-02 12:06:34,425 [d693e41b-1ebf-47ff-9671-c51895b3c86b@group-C7194ABC5659-LeaderElection71] INFO  impl.LeaderElection (LeaderElection.java:askForVotes(178)) - d693e41b-1ebf-47ff-9671-c51895b3c86b@group-C7194ABC5659-LeaderElection71: begin an election at term 1 for -1: [d693e41b-1ebf-47ff-9671-c51895b3c86b:192.168.151.122:38410], old=null
2019-10-02 12:06:34,425 [d693e41b-1ebf-47ff-9671-c51895b3c86b@group-C7194ABC5659-LeaderElection71] INFO  impl.RoleInfo (RoleInfo.java:shutdownLeaderElection(134)) - d693e41b-1ebf-47ff-9671-c51895b3c86b: shutdown LeaderElection
2019-10-02 12:06:34,425 [d693e41b-1ebf-47ff-9671-c51895b3c86b@group-C7194ABC5659-LeaderElection71] INFO  impl.RaftServerImpl (RaftServerImpl.java:setRole(170)) - d693e41b-1ebf-47ff-9671-c51895b3c86b@group-C7194ABC5659: changes role from CANDIDATE to LEADER at term 1 for changeToLeader
2019-10-02 12:06:34,425 [d693e41b-1ebf-47ff-9671-c51895b3c86b@group-C7194ABC5659-LeaderElection71] INFO  impl.RaftServerImpl (ServerState.java:setLeader(255)) - d693e41b-1ebf-47ff-9671-c51895b3c86b@group-C7194ABC5659: change Leader from null to d693e41b-1ebf-47ff-9671-c51895b3c86b at term 1 for becomeLeader, leader elected after 5130ms
2019-10-02 12:06:34,426 [d693e41b-1ebf-47ff-9671-c51895b3c86b@group-C7194ABC5659-LeaderElection71] INFO  server.RaftServerConfigKeys (ConfUtils.java:logGet(43)) - raft.server.staging.catchup.gap = 1000 (default)
2019-10-02 12:06:34,426 [d693e41b-1ebf-47ff-9671-c51895b3c86b@group-C7194ABC5659-LeaderElection71] INFO  server.RaftServerConfigKeys (ConfUtils.java:logGet(43)) - raft.server.rpc.sleep.time = 25ms (default)
2019-10-02 12:06:34,426 [d693e41b-1ebf-47ff-9671-c51895b3c86b@group-C7194ABC5659-LeaderElection71] INFO  server.RaftServerConfigKeys (ConfUtils.java:logGet(43)) - raft.server.write.element-limit = 4096 (default)
2019-10-02 12:06:34,426 [d693e41b-1ebf-47ff-9671-c51895b3c86b@group-C7194ABC5659-LeaderElection71] INFO  server.RaftServerConfigKeys (ConfUtils.java:logGet(43)) - raft.server.watch.timeout = 10s (default)
2019-10-02 12:06:34,426 [d693e41b-1ebf-47ff-9671-c51895b3c86b@group-C7194ABC5659-LeaderElection71] INFO  server.RaftServerConfigKeys (ConfUtils.java:logGet(43)) - raft.server.watch.timeout.denomination = 1s (default)
2019-10-02 12:06:34,426 [d693e41b-1ebf-47ff-9671-c51895b3c86b@group-C7194ABC5659-LeaderElection71] INFO  server.RaftServerConfigKeys (ConfUtils.java:logGet(43)) - raft.server.watch.element-limit = 65536 (default)
2019-10-02 12:06:34,428 [d693e41b-1ebf-47ff-9671-c51895b3c86b@group-C7194ABC5659-LeaderElection71] INFO  impl.RoleInfo (RoleInfo.java:updateAndGet(143)) - d693e41b-1ebf-47ff-9671-c51895b3c86b: start LeaderState
2019-10-02 12:06:34,428 [d693e41b-1ebf-47ff-9671-c51895b3c86b@group-C7194ABC5659-LeaderElection71] INFO  segmented.SegmentedRaftLogWorker (SegmentedRaftLogWorker.java:startLogSegment(385)) - d693e41b-1ebf-47ff-9671-c51895b3c86b@group-C7194ABC5659-SegmentedRaftLogWorker: Starting segment from index:0
2019-10-02 12:06:34,429 [d693e41b-1ebf-47ff-9671-c51895b3c86b@group-C7194ABC5659-LeaderElection71] INFO  impl.RaftServerImpl (ServerState.java:setRaftConf(356)) - d693e41b-1ebf-47ff-9671-c51895b3c86b@group-C7194ABC5659: set configuration 0: [d693e41b-1ebf-47ff-9671-c51895b3c86b:192.168.151.122:38410], old=null at 0
2019-10-02 12:06:34,452 [Thread-2395] INFO  impl.FollowerState (FollowerState.java:run(108)) - e58f0fd8-9fa3-4717-adbb-9d31f98a1277@group-D08F086B2972-FollowerState: change to CANDIDATE, lastRpcTime:5038ms, electionTimeout:5038ms
2019-10-02 12:06:34,452 [Thread-2395] INFO  impl.RoleInfo (RoleInfo.java:shutdownFollowerState(121)) - e58f0fd8-9fa3-4717-adbb-9d31f98a1277: shutdown FollowerState
2019-10-02 12:06:34,452 [Thread-2395] INFO  impl.RaftServerImpl (RaftServerImpl.java:setRole(170)) - e58f0fd8-9fa3-4717-adbb-9d31f98a1277@group-D08F086B2972: changes role from  FOLLOWER to CANDIDATE at term 0 for changeToCandidate
2019-10-02 12:06:34,452 [Thread-2395] INFO  impl.RoleInfo (RoleInfo.java:updateAndGet(143)) - e58f0fd8-9fa3-4717-adbb-9d31f98a1277: start LeaderElection
2019-10-02 12:06:34,468 [Thread-2392] INFO  impl.FollowerState (FollowerState.java:run(108)) - e58f0fd8-9fa3-4717-adbb-9d31f98a1277@group-75DC5A339995-FollowerState: change to CANDIDATE, lastRpcTime:5109ms, electionTimeout:5094ms
2019-10-02 12:06:34,468 [Thread-2392] INFO  impl.RoleInfo (RoleInfo.java:shutdownFollowerState(121)) - e58f0fd8-9fa3-4717-adbb-9d31f98a1277: shutdown FollowerState
2019-10-02 12:06:34,468 [Thread-2392] INFO  impl.RaftServerImpl (RaftServerImpl.java:setRole(170)) - e58f0fd8-9fa3-4717-adbb-9d31f98a1277@group-75DC5A339995: changes role from  FOLLOWER to CANDIDATE at term 0 for changeToCandidate
2019-10-02 12:06:34,468 [Thread-2392] INFO  impl.RoleInfo (RoleInfo.java:updateAndGet(143)) - e58f0fd8-9fa3-4717-adbb-9d31f98a1277: start LeaderElection
2019-10-02 12:06:34,477 [d693e41b-1ebf-47ff-9671-c51895b3c86b@group-C7194ABC5659-SegmentedRaftLogWorker] INFO  segmented.SegmentedRaftLogWorker (SegmentedRaftLogWorker.java:execute(574)) - d693e41b-1ebf-47ff-9671-c51895b3c86b@group-C7194ABC5659-SegmentedRaftLogWorker: created new log segment /workdir/hadoop-ozone/integration-test/target/test-dir/MiniOzoneClusterImpl-c22a1174-2eb6-4002-9413-6ccd7ee92ef6/datanode-5/data/ratis/eb42ea2b-f049-4cd9-9a4a-c7194abc5659/current/log_inprogress_0
2019-10-02 12:06:34,477 [e58f0fd8-9fa3-4717-adbb-9d31f98a1277@group-75DC5A339995-LeaderElection73] INFO  impl.LeaderElection (LeaderElection.java:askForVotes(178)) - e58f0fd8-9fa3-4717-adbb-9d31f98a1277@group-75DC5A339995-LeaderElection73: begin an election at term 1 for -1: [e58f0fd8-9fa3-4717-adbb-9d31f98a1277:192.168.151.122:37246], old=null
2019-10-02 12:06:34,477 [e58f0fd8-9fa3-4717-adbb-9d31f98a1277@group-D08F086B2972-LeaderElection72] INFO  impl.LeaderElection (LeaderElection.java:askForVotes(178)) - e58f0fd8-9fa3-4717-adbb-9d31f98a1277@group-D08F086B2972-LeaderElection72: begin an election at term 1 for -1: [e58f0fd8-9fa3-4717-adbb-9d31f98a1277:192.168.151.122:37246, 6abeaf85-4af0-47f5-88ee-a76a4231644f:192.168.151.122:38560, 406ed7e4-9aa5-47d5-9c7f-ce9f767194f3:192.168.151.122:43165], old=null
2019-10-02 12:06:34,477 [e58f0fd8-9fa3-4717-adbb-9d31f98a1277@group-75DC5A339995-LeaderElection73] INFO  impl.RoleInfo (RoleInfo.java:shutdownLeaderElection(134)) - e58f0fd8-9fa3-4717-adbb-9d31f98a1277: shutdown LeaderElection
2019-10-02 12:06:34,477 [e58f0fd8-9fa3-4717-adbb-9d31f98a1277@group-75DC5A339995-LeaderElection73] INFO  impl.RaftServerImpl (RaftServerImpl.java:setRole(170)) - e58f0fd8-9fa3-4717-adbb-9d31f98a1277@group-75DC5A339995: changes role from CANDIDATE to LEADER at term 1 for changeToLeader
2019-10-02 12:06:34,478 [e58f0fd8-9fa3-4717-adbb-9d31f98a1277@group-75DC5A339995-LeaderElection73] INFO  impl.RaftServerImpl (ServerState.java:setLeader(255)) - e58f0fd8-9fa3-4717-adbb-9d31f98a1277@group-75DC5A339995: change Leader from null to e58f0fd8-9fa3-4717-adbb-9d31f98a1277 at term 1 for becomeLeader, leader elected after 5123ms
2019-10-02 12:06:34,478 [e58f0fd8-9fa3-4717-adbb-9d31f98a1277@group-75DC5A339995-LeaderElection73] INFO  server.RaftServerConfigKeys (ConfUtils.java:logGet(43)) - raft.server.staging.catchup.gap = 1000 (default)
2019-10-02 12:06:34,478 [e58f0fd8-9fa3-4717-adbb-9d31f98a1277@group-75DC5A339995-LeaderElection73] INFO  server.RaftServerConfigKeys (ConfUtils.java:logGet(43)) - raft.server.rpc.sleep.time = 25ms (default)
2019-10-02 12:06:34,478 [e58f0fd8-9fa3-4717-adbb-9d31f98a1277@group-75DC5A339995-LeaderElection73] INFO  server.RaftServerConfigKeys (ConfUtils.java:logGet(43)) - raft.server.write.element-limit = 4096 (default)
2019-10-02 12:06:34,478 [e58f0fd8-9fa3-4717-adbb-9d31f98a1277@group-75DC5A339995-LeaderElection73] INFO  server.RaftServerConfigKeys (ConfUtils.java:logGet(43)) - raft.server.watch.timeout = 10s (default)
2019-10-02 12:06:34,478 [e58f0fd8-9fa3-4717-adbb-9d31f98a1277@group-75DC5A339995-LeaderElection73] INFO  server.RaftServerConfigKeys (ConfUtils.java:logGet(43)) - raft.server.watch.timeout.denomination = 1s (default)
2019-10-02 12:06:34,478 [e58f0fd8-9fa3-4717-adbb-9d31f98a1277@group-75DC5A339995-LeaderElection73] INFO  server.RaftServerConfigKeys (ConfUtils.java:logGet(43)) - raft.server.watch.element-limit = 65536 (default)
2019-10-02 12:06:34,482 [e58f0fd8-9fa3-4717-adbb-9d31f98a1277@group-75DC5A339995-LeaderElection73] INFO  impl.RoleInfo (RoleInfo.java:updateAndGet(143)) - e58f0fd8-9fa3-4717-adbb-9d31f98a1277: start LeaderState
2019-10-02 12:06:34,482 [e58f0fd8-9fa3-4717-adbb-9d31f98a1277@group-75DC5A339995-LeaderElection73] INFO  segmented.SegmentedRaftLogWorker (SegmentedRaftLogWorker.java:startLogSegment(385)) - e58f0fd8-9fa3-4717-adbb-9d31f98a1277@group-75DC5A339995-SegmentedRaftLogWorker: Starting segment from index:0
2019-10-02 12:06:34,483 [e58f0fd8-9fa3-4717-adbb-9d31f98a1277@group-75DC5A339995-LeaderElection73] INFO  impl.RaftServerImpl (ServerState.java:setRaftConf(356)) - e58f0fd8-9fa3-4717-adbb-9d31f98a1277@group-75DC5A339995: set configuration 0: [e58f0fd8-9fa3-4717-adbb-9d31f98a1277:192.168.151.122:37246], old=null at 0
2019-10-02 12:06:34,509 [grpc-default-executor-4] INFO  impl.RaftServerImpl (RaftServerImpl.java:setRole(170)) - 6abeaf85-4af0-47f5-88ee-a76a4231644f@group-D08F086B2972: changes role from  FOLLOWER to FOLLOWER at term 1 for recognizeCandidate:e58f0fd8-9fa3-4717-adbb-9d31f98a1277
2019-10-02 12:06:34,509 [grpc-default-executor-8] INFO  impl.RaftServerImpl (RaftServerImpl.java:setRole(170)) - 406ed7e4-9aa5-47d5-9c7f-ce9f767194f3@group-D08F086B2972: changes role from  FOLLOWER to FOLLOWER at term 1 for recognizeCandidate:e58f0fd8-9fa3-4717-adbb-9d31f98a1277
2019-10-02 12:06:34,509 [grpc-default-executor-4] INFO  impl.RoleInfo (RoleInfo.java:shutdownFollowerState(121)) - 6abeaf85-4af0-47f5-88ee-a76a4231644f: shutdown FollowerState
2019-10-02 12:06:34,509 [grpc-default-executor-8] INFO  impl.RoleInfo (RoleInfo.java:shutdownFollowerState(121)) - 406ed7e4-9aa5-47d5-9c7f-ce9f767194f3: shutdown FollowerState
2019-10-02 12:06:34,510 [Thread-2398] INFO  impl.FollowerState (FollowerState.java:run(117)) - 6abeaf85-4af0-47f5-88ee-a76a4231644f@group-D08F086B2972-FollowerState was interrupted: java.lang.InterruptedException: sleep interrupted
2019-10-02 12:06:34,509 [grpc-default-executor-4] INFO  impl.RoleInfo (RoleInfo.java:updateAndGet(143)) - 6abeaf85-4af0-47f5-88ee-a76a4231644f: start FollowerState
2019-10-02 12:06:34,511 [Thread-2399] INFO  impl.FollowerState (FollowerState.java:run(117)) - 406ed7e4-9aa5-47d5-9c7f-ce9f767194f3@group-D08F086B2972-FollowerState was interrupted: java.lang.InterruptedException: sleep interrupted
2019-10-02 12:06:34,513 [grpc-default-executor-8] INFO  impl.RoleInfo (RoleInfo.java:updateAndGet(143)) - 406ed7e4-9aa5-47d5-9c7f-ce9f767194f3: start FollowerState
2019-10-02 12:06:34,522 [e58f0fd8-9fa3-4717-adbb-9d31f98a1277@group-75DC5A339995-SegmentedRaftLogWorker] INFO  segmented.SegmentedRaftLogWorker (SegmentedRaftLogWorker.java:execute(574)) - e58f0fd8-9fa3-4717-adbb-9d31f98a1277@group-75DC5A339995-SegmentedRaftLogWorker: created new log segment /workdir/hadoop-ozone/integration-test/target/test-dir/MiniOzoneClusterImpl-c22a1174-2eb6-4002-9413-6ccd7ee92ef6/datanode-6/data/ratis/4927b523-1582-4bfa-af6d-75dc5a339995/current/log_inprogress_0
2019-10-02 12:06:34,523 [e58f0fd8-9fa3-4717-adbb-9d31f98a1277@group-D08F086B2972-LeaderElection72] INFO  impl.LeaderElection (LeaderElection.java:logAndReturn(56)) - e58f0fd8-9fa3-4717-adbb-9d31f98a1277@group-D08F086B2972-LeaderElection72: Election PASSED; received 1 response(s) [e58f0fd8-9fa3-4717-adbb-9d31f98a1277<-6abeaf85-4af0-47f5-88ee-a76a4231644f#0:OK-t1] and 0 exception(s); e58f0fd8-9fa3-4717-adbb-9d31f98a1277@group-D08F086B2972:t1, leader=null, voted=e58f0fd8-9fa3-4717-adbb-9d31f98a1277, raftlog=e58f0fd8-9fa3-4717-adbb-9d31f98a1277@group-D08F086B2972-SegmentedRaftLog:OPENED:c-1,f-1,i0, conf=-1: [e58f0fd8-9fa3-4717-adbb-9d31f98a1277:192.168.151.122:37246, 6abeaf85-4af0-47f5-88ee-a76a4231644f:192.168.151.122:38560, 406ed7e4-9aa5-47d5-9c7f-ce9f767194f3:192.168.151.122:43165], old=null
2019-10-02 12:06:34,523 [e58f0fd8-9fa3-4717-adbb-9d31f98a1277@group-D08F086B2972-LeaderElection72] INFO  impl.RoleInfo (RoleInfo.java:shutdownLeaderElection(134)) - e58f0fd8-9fa3-4717-adbb-9d31f98a1277: shutdown LeaderElection
2019-10-02 12:06:34,524 [e58f0fd8-9fa3-4717-adbb-9d31f98a1277@group-D08F086B2972-LeaderElection72] INFO  impl.RaftServerImpl (RaftServerImpl.java:setRole(170)) - e58f0fd8-9fa3-4717-adbb-9d31f98a1277@group-D08F086B2972: changes role from CANDIDATE to LEADER at term 1 for changeToLeader
2019-10-02 12:06:34,524 [e58f0fd8-9fa3-4717-adbb-9d31f98a1277@group-D08F086B2972-LeaderElection72] INFO  impl.RaftServerImpl (ServerState.java:setLeader(255)) - e58f0fd8-9fa3-4717-adbb-9d31f98a1277@group-D08F086B2972: change Leader from null to e58f0fd8-9fa3-4717-adbb-9d31f98a1277 at term 1 for becomeLeader, leader elected after 5116ms
2019-10-02 12:06:34,524 [e58f0fd8-9fa3-4717-adbb-9d31f98a1277@group-D08F086B2972-LeaderElection72] INFO  server.RaftServerConfigKeys (ConfUtils.java:logGet(43)) - raft.server.staging.catchup.gap = 1000 (default)
2019-10-02 12:06:34,524 [e58f0fd8-9fa3-4717-adbb-9d31f98a1277@group-D08F086B2972-LeaderElection72] INFO  server.RaftServerConfigKeys (ConfUtils.java:logGet(43)) - raft.server.rpc.sleep.time = 25ms (default)
2019-10-02 12:06:34,524 [e58f0fd8-9fa3-4717-adbb-9d31f98a1277@group-D08F086B2972-LeaderElection72] INFO  server.RaftServerConfigKeys (ConfUtils.java:logGet(43)) - raft.server.write.element-limit = 4096 (default)
2019-10-02 12:06:34,524 [e58f0fd8-9fa3-4717-adbb-9d31f98a1277@group-D08F086B2972-LeaderElection72] INFO  server.RaftServerConfigKeys (ConfUtils.java:logGet(43)) - raft.server.watch.timeout = 10s (default)
2019-10-02 12:06:34,524 [e58f0fd8-9fa3-4717-adbb-9d31f98a1277@group-D08F086B2972-LeaderElection72] INFO  server.RaftServerConfigKeys (ConfUtils.java:logGet(43)) - raft.server.watch.timeout.denomination = 1s (default)
2019-10-02 12:06:34,524 [e58f0fd8-9fa3-4717-adbb-9d31f98a1277@group-D08F086B2972-LeaderElection72] INFO  server.RaftServerConfigKeys (ConfUtils.java:logGet(43)) - raft.server.watch.element-limit = 65536 (default)
2019-10-02 12:06:34,526 [e58f0fd8-9fa3-4717-adbb-9d31f98a1277@group-D08F086B2972-LeaderElection72] INFO  server.RaftServerConfigKeys (ConfUtils.java:logGet(43)) - raft.server.log.appender.snapshot.chunk.size.max = 16MB (=16777216) (default)
2019-10-02 12:06:34,526 [e58f0fd8-9fa3-4717-adbb-9d31f98a1277@group-D08F086B2972-LeaderElection72] INFO  server.RaftServerConfigKeys (ConfUtils.java:logGet(43)) - raft.server.log.appender.buffer.byte-limit = 33554432 (custom)
2019-10-02 12:06:34,526 [e58f0fd8-9fa3-4717-adbb-9d31f98a1277@group-D08F086B2972-LeaderElection72] INFO  server.RaftServerConfigKeys (ConfUtils.java:logGet(43)) - raft.server.log.appender.buffer.element-limit = 1 (custom)
2019-10-02 12:06:34,526 [e58f0fd8-9fa3-4717-adbb-9d31f98a1277@group-D08F086B2972-LeaderElection72] INFO  grpc.GrpcConfigKeys$Server (ConfUtils.java:logGet(43)) - raft.grpc.server.leader.outstanding.appends.max = 128 (default)
2019-10-02 12:06:34,527 [e58f0fd8-9fa3-4717-adbb-9d31f98a1277@group-D08F086B2972-LeaderElection72] INFO  server.RaftServerConfigKeys (ConfUtils.java:logGet(43)) - raft.server.rpc.request.timeout = 3000ms (default)
2019-10-02 12:06:34,527 [e58f0fd8-9fa3-4717-adbb-9d31f98a1277@group-D08F086B2972-LeaderElection72] INFO  server.RaftServerConfigKeys (ConfUtils.java:logGet(43)) - raft.server.log.appender.install.snapshot.enabled = false (custom)
2019-10-02 12:06:34,527 [e58f0fd8-9fa3-4717-adbb-9d31f98a1277@group-D08F086B2972-LeaderElection72] INFO  server.RaftServerConfigKeys (ConfUtils.java:logGet(43)) - raft.server.log.appender.snapshot.chunk.size.max = 16MB (=16777216) (default)
2019-10-02 12:06:34,527 [e58f0fd8-9fa3-4717-adbb-9d31f98a1277@group-D08F086B2972-LeaderElection72] INFO  server.RaftServerConfigKeys (ConfUtils.java:logGet(43)) - raft.server.log.appender.buffer.byte-limit = 33554432 (custom)
2019-10-02 12:06:34,527 [e58f0fd8-9fa3-4717-adbb-9d31f98a1277@group-D08F086B2972-LeaderElection72] INFO  server.RaftServerConfigKeys (ConfUtils.java:logGet(43)) - raft.server.log.appender.buffer.element-limit = 1 (custom)
2019-10-02 12:06:34,527 [e58f0fd8-9fa3-4717-adbb-9d31f98a1277@group-D08F086B2972-LeaderElection72] INFO  grpc.GrpcConfigKeys$Server (ConfUtils.java:logGet(43)) - raft.grpc.server.leader.outstanding.appends.max = 128 (default)
2019-10-02 12:06:34,527 [e58f0fd8-9fa3-4717-adbb-9d31f98a1277@group-D08F086B2972-LeaderElection72] INFO  server.RaftServerConfigKeys (ConfUtils.java:logGet(43)) - raft.server.rpc.request.timeout = 3000ms (default)
2019-10-02 12:06:34,528 [e58f0fd8-9fa3-4717-adbb-9d31f98a1277@group-D08F086B2972-LeaderElection72] INFO  server.RaftServerConfigKeys (ConfUtils.java:logGet(43)) - raft.server.log.appender.install.snapshot.enabled = false (custom)
2019-10-02 12:06:34,528 [e58f0fd8-9fa3-4717-adbb-9d31f98a1277@group-D08F086B2972-LeaderElection72] INFO  impl.RoleInfo (RoleInfo.java:updateAndGet(143)) - e58f0fd8-9fa3-4717-adbb-9d31f98a1277: start LeaderState
2019-10-02 12:06:34,528 [e58f0fd8-9fa3-4717-adbb-9d31f98a1277@group-D08F086B2972-LeaderElection72] INFO  segmented.SegmentedRaftLogWorker (SegmentedRaftLogWorker.java:startLogSegment(385)) - e58f0fd8-9fa3-4717-adbb-9d31f98a1277@group-D08F086B2972-SegmentedRaftLogWorker: Starting segment from index:0
2019-10-02 12:06:34,528 [e58f0fd8-9fa3-4717-adbb-9d31f98a1277@group-D08F086B2972-LeaderElection72] INFO  impl.RaftServerImpl (ServerState.java:setRaftConf(356)) - e58f0fd8-9fa3-4717-adbb-9d31f98a1277@group-D08F086B2972: set configuration 0: [e58f0fd8-9fa3-4717-adbb-9d31f98a1277:192.168.151.122:37246, 6abeaf85-4af0-47f5-88ee-a76a4231644f:192.168.151.122:38560, 406ed7e4-9aa5-47d5-9c7f-ce9f767194f3:192.168.151.122:43165], old=null at 0
2019-10-02 12:06:34,562 [grpc-default-executor-4] INFO  impl.RaftServerImpl (ServerState.java:setLeader(255)) - 406ed7e4-9aa5-47d5-9c7f-ce9f767194f3@group-D08F086B2972: change Leader from null to e58f0fd8-9fa3-4717-adbb-9d31f98a1277 at term 1 for appendEntries, leader elected after 5154ms
2019-10-02 12:06:34,565 [grpc-default-executor-4] INFO  impl.RaftServerImpl (ServerState.java:setLeader(255)) - 6abeaf85-4af0-47f5-88ee-a76a4231644f@group-D08F086B2972: change Leader from null to e58f0fd8-9fa3-4717-adbb-9d31f98a1277 at term 1 for appendEntries, leader elected after 5157ms
2019-10-02 12:06:34,567 [grpc-default-executor-4] INFO  impl.RaftServerImpl (ServerState.java:setRaftConf(356)) - 406ed7e4-9aa5-47d5-9c7f-ce9f767194f3@group-D08F086B2972: set configuration 0: [e58f0fd8-9fa3-4717-adbb-9d31f98a1277:192.168.151.122:37246, 6abeaf85-4af0-47f5-88ee-a76a4231644f:192.168.151.122:38560, 406ed7e4-9aa5-47d5-9c7f-ce9f767194f3:192.168.151.122:43165], old=null at 0
2019-10-02 12:06:34,567 [grpc-default-executor-4] INFO  segmented.SegmentedRaftLogWorker (SegmentedRaftLogWorker.java:startLogSegment(385)) - 406ed7e4-9aa5-47d5-9c7f-ce9f767194f3@group-D08F086B2972-SegmentedRaftLogWorker: Starting segment from index:0
2019-10-02 12:06:34,568 [grpc-default-executor-4] INFO  impl.RaftServerImpl (ServerState.java:setRaftConf(356)) - 6abeaf85-4af0-47f5-88ee-a76a4231644f@group-D08F086B2972: set configuration 0: [e58f0fd8-9fa3-4717-adbb-9d31f98a1277:192.168.151.122:37246, 6abeaf85-4af0-47f5-88ee-a76a4231644f:192.168.151.122:38560, 406ed7e4-9aa5-47d5-9c7f-ce9f767194f3:192.168.151.122:43165], old=null at 0
2019-10-02 12:06:34,568 [grpc-default-executor-4] INFO  segmented.SegmentedRaftLogWorker (SegmentedRaftLogWorker.java:startLogSegment(385)) - 6abeaf85-4af0-47f5-88ee-a76a4231644f@group-D08F086B2972-SegmentedRaftLogWorker: Starting segment from index:0
2019-10-02 12:06:34,595 [e58f0fd8-9fa3-4717-adbb-9d31f98a1277@group-D08F086B2972-SegmentedRaftLogWorker] INFO  segmented.SegmentedRaftLogWorker (SegmentedRaftLogWorker.java:execute(574)) - e58f0fd8-9fa3-4717-adbb-9d31f98a1277@group-D08F086B2972-SegmentedRaftLogWorker: created new log segment /workdir/hadoop-ozone/integration-test/target/test-dir/MiniOzoneClusterImpl-c22a1174-2eb6-4002-9413-6ccd7ee92ef6/datanode-6/data/ratis/15d80cc7-e56d-4af5-8c40-d08f086b2972/current/log_inprogress_0
2019-10-02 12:06:34,608 [6abeaf85-4af0-47f5-88ee-a76a4231644f@group-D08F086B2972-SegmentedRaftLogWorker] INFO  segmented.SegmentedRaftLogWorker (SegmentedRaftLogWorker.java:execute(574)) - 6abeaf85-4af0-47f5-88ee-a76a4231644f@group-D08F086B2972-SegmentedRaftLogWorker: created new log segment /workdir/hadoop-ozone/integration-test/target/test-dir/MiniOzoneClusterImpl-c22a1174-2eb6-4002-9413-6ccd7ee92ef6/datanode-3/data/ratis/15d80cc7-e56d-4af5-8c40-d08f086b2972/current/log_inprogress_0
2019-10-02 12:06:34,608 [406ed7e4-9aa5-47d5-9c7f-ce9f767194f3@group-D08F086B2972-SegmentedRaftLogWorker] INFO  segmented.SegmentedRaftLogWorker (SegmentedRaftLogWorker.java:execute(574)) - 406ed7e4-9aa5-47d5-9c7f-ce9f767194f3@group-D08F086B2972-SegmentedRaftLogWorker: created new log segment /workdir/hadoop-ozone/integration-test/target/test-dir/MiniOzoneClusterImpl-c22a1174-2eb6-4002-9413-6ccd7ee92ef6/datanode-4/data/ratis/15d80cc7-e56d-4af5-8c40-d08f086b2972/current/log_inprogress_0
2019-10-02 12:06:35,667 [Datanode State Machine Thread - 0] INFO  statemachine.DatanodeStateMachine (DatanodeStateMachine.java:lambda$startDaemon$0(350)) - Ozone container server started.
2019-10-02 12:06:39,677 [main] INFO  ozoneimpl.OzoneContainer (OzoneContainer.java:stop(231)) - Attempting to stop container services.
2019-10-02 12:06:39,678 [main] INFO  impl.RaftServerProxy (RaftServerProxy.java:lambda$close$4(314)) - 9424690c-9c3a-4d0f-91ad-24fd72d97d06: close
2019-10-02 12:06:39,678 [main] INFO  impl.RaftServerImpl (RaftServerImpl.java:lambda$shutdown$3(247)) - 9424690c-9c3a-4d0f-91ad-24fd72d97d06@group-E271F6ED2E5F: shutdown
2019-10-02 12:06:39,678 [main] INFO  util.JmxRegister (JmxRegister.java:unregister(73)) - Successfully un-registered JMX Bean with object name Ratis:service=RaftServer,group=group-E271F6ED2E5F,id=9424690c-9c3a-4d0f-91ad-24fd72d97d06
2019-10-02 12:06:39,679 [main] INFO  impl.RoleInfo (RoleInfo.java:shutdownLeaderState(104)) - 9424690c-9c3a-4d0f-91ad-24fd72d97d06: shutdown LeaderState
2019-10-02 12:06:39,679 [main] INFO  impl.PendingRequests (PendingRequests.java:sendNotLeaderResponses(202)) - 9424690c-9c3a-4d0f-91ad-24fd72d97d06@group-E271F6ED2E5F-PendingRequests: sendNotLeaderResponses
2019-10-02 12:06:39,679 [main] INFO  impl.StateMachineUpdater (StateMachineUpdater.java:stopAndJoin(136)) - 9424690c-9c3a-4d0f-91ad-24fd72d97d06@group-E271F6ED2E5F-StateMachineUpdater: set stopIndex = 0
2019-10-02 12:06:39,680 [main] INFO  impl.RaftServerImpl (ServerState.java:close(387)) - 9424690c-9c3a-4d0f-91ad-24fd72d97d06@group-E271F6ED2E5F: closes. applyIndex: 0
2019-10-02 12:06:39,680 [9424690c-9c3a-4d0f-91ad-24fd72d97d06@group-E271F6ED2E5F-SegmentedRaftLogWorker] INFO  segmented.SegmentedRaftLogWorker (SegmentedRaftLogWorker.java:run(316)) - 9424690c-9c3a-4d0f-91ad-24fd72d97d06@group-E271F6ED2E5F-SegmentedRaftLogWorker was interrupted, exiting. There are 0 tasks remaining in the queue.
2019-10-02 12:06:39,684 [main] INFO  segmented.SegmentedRaftLogWorker (SegmentedRaftLogWorker.java:close(224)) - 9424690c-9c3a-4d0f-91ad-24fd72d97d06@group-E271F6ED2E5F-SegmentedRaftLogWorker close()
2019-10-02 12:06:39,688 [main] INFO  impl.RaftServerImpl (RaftServerImpl.java:lambda$shutdown$3(247)) - 9424690c-9c3a-4d0f-91ad-24fd72d97d06@group-F074D92AE205: shutdown
2019-10-02 12:06:39,688 [main] INFO  util.JmxRegister (JmxRegister.java:unregister(73)) - Successfully un-registered JMX Bean with object name Ratis:service=RaftServer,group=group-F074D92AE205,id=9424690c-9c3a-4d0f-91ad-24fd72d97d06
2019-10-02 12:06:39,688 [main] INFO  impl.RoleInfo (RoleInfo.java:shutdownLeaderState(104)) - 9424690c-9c3a-4d0f-91ad-24fd72d97d06: shutdown LeaderState
2019-10-02 12:06:39,698 [main] INFO  impl.PendingRequests (PendingRequests.java:sendNotLeaderResponses(202)) - 9424690c-9c3a-4d0f-91ad-24fd72d97d06@group-F074D92AE205-PendingRequests: sendNotLeaderResponses
2019-10-02 12:06:39,698 [org.apache.ratis.server.impl.LogAppender$AppenderDaemon$$Lambda$497/418567870@6c7646eb] WARN  server.GrpcLogAppender (GrpcLogAppender.java:mayWait(143)) - 9424690c-9c3a-4d0f-91ad-24fd72d97d06@group-F074D92AE205->3cc710bf-a429-474a-81b8-6b6bfe7aeacb-GrpcLogAppender: Wait interrupted by java.lang.InterruptedException
2019-10-02 12:06:39,704 [main] INFO  impl.StateMachineUpdater (StateMachineUpdater.java:stopAndJoin(136)) - 9424690c-9c3a-4d0f-91ad-24fd72d97d06@group-F074D92AE205-StateMachineUpdater: set stopIndex = 2
2019-10-02 12:06:39,703 [org.apache.ratis.server.impl.LogAppender$AppenderDaemon$$Lambda$497/418567870@1f1e81b1] WARN  server.GrpcLogAppender (GrpcLogAppender.java:mayWait(143)) - 9424690c-9c3a-4d0f-91ad-24fd72d97d06@group-F074D92AE205->ee0bc2ba-f718-41aa-bc30-8c1a2823b755-GrpcLogAppender: Wait interrupted by java.lang.InterruptedException
2019-10-02 12:06:39,704 [9424690c-9c3a-4d0f-91ad-24fd72d97d06@group-F074D92AE205-StateMachineUpdater] INFO  ratis.ContainerStateMachine (ContainerStateMachine.java:takeSnapshot(293)) - group-F074D92AE205: Taking a snapshot at:(t:1, i:2) file /workdir/hadoop-ozone/integration-test/target/test-dir/MiniOzoneClusterImpl-c22a1174-2eb6-4002-9413-6ccd7ee92ef6/datanode-0/data/ratis/a7c14c75-e1a0-4e1d-bc55-f074d92ae205/sm/snapshot.1_2
2019-10-02 12:06:39,705 [grpc-default-executor-4] INFO  server.GrpcServerProtocolService (GrpcServerProtocolService.java:onCompleted(113)) - 3cc710bf-a429-474a-81b8-6b6bfe7aeacb: Completed APPEND_ENTRIES, lastRequest: 9424690c-9c3a-4d0f-91ad-24fd72d97d06->3cc710bf-a429-474a-81b8-6b6bfe7aeacb#5-t1, previous=(t:1, i:2), leaderCommit=2, initializing? false, entries: <empty>
2019-10-02 12:06:39,705 [grpc-default-executor-6] INFO  server.GrpcServerProtocolService (GrpcServerProtocolService.java:onCompleted(113)) - ee0bc2ba-f718-41aa-bc30-8c1a2823b755: Completed APPEND_ENTRIES, lastRequest: 9424690c-9c3a-4d0f-91ad-24fd72d97d06->ee0bc2ba-f718-41aa-bc30-8c1a2823b755#5-t1, previous=(t:1, i:2), leaderCommit=2, initializing? false, entries: <empty>
2019-10-02 12:06:39,705 [grpc-default-executor-6] INFO  server.GrpcLogAppender (GrpcLogAppender.java:onCompleted(293)) - 9424690c-9c3a-4d0f-91ad-24fd72d97d06@group-F074D92AE205->3cc710bf-a429-474a-81b8-6b6bfe7aeacb-AppendLogResponseHandler: follower responses appendEntries COMPLETED
2019-10-02 12:06:39,705 [grpc-default-executor-4] INFO  server.GrpcLogAppender (GrpcLogAppender.java:onCompleted(293)) - 9424690c-9c3a-4d0f-91ad-24fd72d97d06@group-F074D92AE205->ee0bc2ba-f718-41aa-bc30-8c1a2823b755-AppendLogResponseHandler: follower responses appendEntries COMPLETED
2019-10-02 12:06:39,706 [grpc-default-executor-6] INFO  impl.FollowerInfo (FollowerInfo.java:lambda$new$0(51)) - 9424690c-9c3a-4d0f-91ad-24fd72d97d06@group-F074D92AE205->3cc710bf-a429-474a-81b8-6b6bfe7aeacb: nextIndex: updateUnconditionally 3 -> 2
2019-10-02 12:06:39,706 [grpc-default-executor-4] INFO  impl.FollowerInfo (FollowerInfo.java:lambda$new$0(51)) - 9424690c-9c3a-4d0f-91ad-24fd72d97d06@group-F074D92AE205->ee0bc2ba-f718-41aa-bc30-8c1a2823b755: nextIndex: updateUnconditionally 3 -> 2
2019-10-02 12:06:39,718 [9424690c-9c3a-4d0f-91ad-24fd72d97d06@group-F074D92AE205-StateMachineUpdater] INFO  ratis.ContainerStateMachine (ContainerStateMachine.java:takeSnapshot(304)) - group-F074D92AE205: Finished taking a snapshot at:(t:1, i:2) file:/workdir/hadoop-ozone/integration-test/target/test-dir/MiniOzoneClusterImpl-c22a1174-2eb6-4002-9413-6ccd7ee92ef6/datanode-0/data/ratis/a7c14c75-e1a0-4e1d-bc55-f074d92ae205/sm/snapshot.1_2 time:14
2019-10-02 12:06:39,718 [9424690c-9c3a-4d0f-91ad-24fd72d97d06@group-F074D92AE205-StateMachineUpdater] INFO  impl.StateMachineUpdater (StateMachineUpdater.java:takeSnapshot(269)) - 9424690c-9c3a-4d0f-91ad-24fd72d97d06@group-F074D92AE205-StateMachineUpdater: Took a snapshot at index 2
2019-10-02 12:06:39,718 [9424690c-9c3a-4d0f-91ad-24fd72d97d06@group-F074D92AE205-StateMachineUpdater] INFO  impl.StateMachineUpdater (StateMachineUpdater.java:lambda$new$0(84)) - 9424690c-9c3a-4d0f-91ad-24fd72d97d06@group-F074D92AE205-StateMachineUpdater: snapshotIndex: updateIncreasingly -1 -> 2
2019-10-02 12:06:39,718 [main] INFO  impl.RaftServerImpl (ServerState.java:close(387)) - 9424690c-9c3a-4d0f-91ad-24fd72d97d06@group-F074D92AE205: closes. applyIndex: 2
2019-10-02 12:06:39,719 [9424690c-9c3a-4d0f-91ad-24fd72d97d06@group-F074D92AE205-SegmentedRaftLogWorker] INFO  segmented.SegmentedRaftLogWorker (SegmentedRaftLogWorker.java:run(316)) - 9424690c-9c3a-4d0f-91ad-24fd72d97d06@group-F074D92AE205-SegmentedRaftLogWorker was interrupted, exiting. There are 0 tasks remaining in the queue.
2019-10-02 12:06:39,722 [main] INFO  segmented.SegmentedRaftLogWorker (SegmentedRaftLogWorker.java:close(224)) - 9424690c-9c3a-4d0f-91ad-24fd72d97d06@group-F074D92AE205-SegmentedRaftLogWorker close()
2019-10-02 12:06:39,727 [main] INFO  server.GrpcService (GrpcService.java:closeImpl(164)) - 9424690c-9c3a-4d0f-91ad-24fd72d97d06: shutdown server with port 42716 now
2019-10-02 12:06:39,727 [main] INFO  server.GrpcService (GrpcService.java:closeImpl(172)) - 9424690c-9c3a-4d0f-91ad-24fd72d97d06: shutdown server with port 42716 successfully
2019-10-02 12:06:39,731 [refreshUsed-/workdir/hadoop-ozone/integration-test/target/test-dir/MiniOzoneClusterImpl-c22a1174-2eb6-4002-9413-6ccd7ee92ef6/datanode-0/data/containers] WARN  fs.CachingGetSpaceUsed (CachingGetSpaceUsed.java:run(183)) - Thread Interrupted waiting to refresh disk information: sleep interrupted
2019-10-02 12:06:39,749 [main] INFO  utils.BackgroundService (BackgroundService.java:shutdown(148)) - Shutting down service BlockDeletingService
2019-10-02 12:06:39,754 [main] INFO  statemachine.DatanodeStateMachine (DatanodeStateMachine.java:stopDaemon(395)) - Ozone container server stopped.
2019-10-02 12:06:39,756 [main] INFO  handler.ContextHandler (ContextHandler.java:doStop(910)) - Stopped o.e.j.w.WebAppContext@563ccd31{/,null,UNAVAILABLE}{/hddsDatanode}
2019-10-02 12:06:39,757 [main] INFO  server.AbstractConnector (AbstractConnector.java:doStop(318)) - Stopped ServerConnector@72465eb2{HTTP/1.1,[http/1.1]}{0.0.0.0:0}
2019-10-02 12:06:39,758 [main] INFO  handler.ContextHandler (ContextHandler.java:doStop(910)) - Stopped o.e.j.s.ServletContextHandler@7d66e544{/static,jar:file:/home/user/.m2/repository/org/apache/hadoop/hadoop-hdds-container-service/0.5.0-SNAPSHOT/hadoop-hdds-container-service-0.5.0-SNAPSHOT.jar!/webapps/static,UNAVAILABLE}
2019-10-02 12:06:39,758 [main] INFO  handler.ContextHandler (ContextHandler.java:doStop(910)) - Stopped o.e.j.s.ServletContextHandler@418f890f{/logs,file:///workdir/hadoop-ozone/integration-test/target/log,UNAVAILABLE}
2019-10-02 12:06:49,391 [Thread-2423] INFO  impl.FollowerState (FollowerState.java:run(108)) - 3cc710bf-a429-474a-81b8-6b6bfe7aeacb@group-F074D92AE205-FollowerState: change to CANDIDATE, lastRpcTime:9814ms, electionTimeout:5133ms
2019-10-02 12:06:49,392 [Thread-2423] INFO  impl.RoleInfo (RoleInfo.java:shutdownFollowerState(121)) - 3cc710bf-a429-474a-81b8-6b6bfe7aeacb: shutdown FollowerState
2019-10-02 12:06:49,392 [Thread-2423] INFO  impl.RaftServerImpl (RaftServerImpl.java:setRole(170)) - 3cc710bf-a429-474a-81b8-6b6bfe7aeacb@group-F074D92AE205: changes role from  FOLLOWER to CANDIDATE at term 1 for changeToCandidate
2019-10-02 12:06:49,392 [Thread-2423] INFO  impl.RoleInfo (RoleInfo.java:updateAndGet(143)) - 3cc710bf-a429-474a-81b8-6b6bfe7aeacb: start LeaderElection
2019-10-02 12:06:49,395 [3cc710bf-a429-474a-81b8-6b6bfe7aeacb@group-F074D92AE205-LeaderElection74] INFO  impl.RaftServerImpl (ServerState.java:setLeader(255)) - 3cc710bf-a429-474a-81b8-6b6bfe7aeacb@group-F074D92AE205: change Leader from 9424690c-9c3a-4d0f-91ad-24fd72d97d06 to null at term 1 for initElection
2019-10-02 12:06:49,409 [3cc710bf-a429-474a-81b8-6b6bfe7aeacb@group-F074D92AE205-LeaderElection74] INFO  impl.LeaderElection (LeaderElection.java:askForVotes(178)) - 3cc710bf-a429-474a-81b8-6b6bfe7aeacb@group-F074D92AE205-LeaderElection74: begin an election at term 2 for 0: [9424690c-9c3a-4d0f-91ad-24fd72d97d06:192.168.151.122:42716, ee0bc2ba-f718-41aa-bc30-8c1a2823b755:192.168.151.122:34642, 3cc710bf-a429-474a-81b8-6b6bfe7aeacb:192.168.151.122:35676], old=null
2019-10-02 12:06:49,411 [3cc710bf-a429-474a-81b8-6b6bfe7aeacb@group-F074D92AE205-LeaderElection74] INFO  impl.LeaderElection (LogUtils.java:infoOrTrace(149)) - 3cc710bf-a429-474a-81b8-6b6bfe7aeacb@group-F074D92AE205-LeaderElection74 got exception when requesting votes: {}
java.util.concurrent.ExecutionException: org.apache.ratis.thirdparty.io.grpc.StatusRuntimeException: UNAVAILABLE: io exception
	at java.util.concurrent.FutureTask.report(FutureTask.java:122)
	at java.util.concurrent.FutureTask.get(FutureTask.java:192)
	at org.apache.ratis.server.impl.LeaderElection.waitForResults(LeaderElection.java:259)
	at org.apache.ratis.server.impl.LeaderElection.askForVotes(LeaderElection.java:197)
	at org.apache.ratis.server.impl.LeaderElection.run(LeaderElection.java:133)
	at java.lang.Thread.run(Thread.java:748)
Caused by: org.apache.ratis.thirdparty.io.grpc.StatusRuntimeException: UNAVAILABLE: io exception
	at org.apache.ratis.thirdparty.io.grpc.stub.ClientCalls.toStatusRuntimeException(ClientCalls.java:233)
	at org.apache.ratis.thirdparty.io.grpc.stub.ClientCalls.getUnchecked(ClientCalls.java:214)
	at org.apache.ratis.thirdparty.io.grpc.stub.ClientCalls.blockingUnaryCall(ClientCalls.java:139)
	at org.apache.ratis.proto.grpc.RaftServerProtocolServiceGrpc$RaftServerProtocolServiceBlockingStub.requestVote(RaftServerProtocolServiceGrpc.java:265)
	at org.apache.ratis.grpc.server.GrpcServerProtocolClient.requestVote(GrpcServerProtocolClient.java:99)
	at org.apache.ratis.grpc.server.GrpcService.requestVote(GrpcService.java:204)
	at org.apache.ratis.server.impl.LeaderElection.lambda$submitRequests$1(LeaderElection.java:234)
	at java.util.concurrent.FutureTask.run(FutureTask.java:266)
	at java.util.concurrent.Executors$RunnableAdapter.call(Executors.java:511)
	at java.util.concurrent.FutureTask.run(FutureTask.java:266)
	at java.util.concurrent.ThreadPoolExecutor.runWorker(ThreadPoolExecutor.java:1149)
	at java.util.concurrent.ThreadPoolExecutor$Worker.run(ThreadPoolExecutor.java:624)
	... 1 more
Caused by: org.apache.ratis.thirdparty.io.netty.channel.AbstractChannel$AnnotatedConnectException: Connection refused: /192.168.151.122:42716
	at sun.nio.ch.SocketChannelImpl.checkConnect(Native Method)
	at sun.nio.ch.SocketChannelImpl.finishConnect(SocketChannelImpl.java:717)
	at org.apache.ratis.thirdparty.io.netty.channel.socket.nio.NioSocketChannel.doFinishConnect(NioSocketChannel.java:327)
	at org.apache.ratis.thirdparty.io.netty.channel.nio.AbstractNioChannel$AbstractNioUnsafe.finishConnect(AbstractNioChannel.java:340)
	at org.apache.ratis.thirdparty.io.netty.channel.nio.NioEventLoop.processSelectedKey(NioEventLoop.java:632)
	at org.apache.ratis.thirdparty.io.netty.channel.nio.NioEventLoop.processSelectedKeysOptimized(NioEventLoop.java:579)
	at org.apache.ratis.thirdparty.io.netty.channel.nio.NioEventLoop.processSelectedKeys(NioEventLoop.java:496)
	at org.apache.ratis.thirdparty.io.netty.channel.nio.NioEventLoop.run(NioEventLoop.java:458)
	at org.apache.ratis.thirdparty.io.netty.util.concurrent.SingleThreadEventExecutor$5.run(SingleThreadEventExecutor.java:897)
	at org.apache.ratis.thirdparty.io.netty.util.concurrent.FastThreadLocalRunnable.run(FastThreadLocalRunnable.java:30)
	... 1 more
Caused by: java.net.ConnectException: Connection refused
	... 11 more
2019-10-02 12:06:49,415 [grpc-default-executor-6] INFO  impl.RaftServerImpl (ServerState.java:setLeader(255)) - ee0bc2ba-f718-41aa-bc30-8c1a2823b755@group-F074D92AE205: change Leader from 9424690c-9c3a-4d0f-91ad-24fd72d97d06 to null at term 2 for updateCurrentTerm
2019-10-02 12:06:49,415 [grpc-default-executor-6] INFO  impl.RaftServerImpl (RaftServerImpl.java:setRole(170)) - ee0bc2ba-f718-41aa-bc30-8c1a2823b755@group-F074D92AE205: changes role from  FOLLOWER to FOLLOWER at term 2 for recognizeCandidate:3cc710bf-a429-474a-81b8-6b6bfe7aeacb
2019-10-02 12:06:49,415 [grpc-default-executor-6] INFO  impl.RoleInfo (RoleInfo.java:shutdownFollowerState(121)) - ee0bc2ba-f718-41aa-bc30-8c1a2823b755: shutdown FollowerState
2019-10-02 12:06:49,415 [grpc-default-executor-6] INFO  impl.RoleInfo (RoleInfo.java:updateAndGet(143)) - ee0bc2ba-f718-41aa-bc30-8c1a2823b755: start FollowerState
2019-10-02 12:06:49,415 [Thread-2433] INFO  impl.FollowerState (FollowerState.java:run(117)) - ee0bc2ba-f718-41aa-bc30-8c1a2823b755@group-F074D92AE205-FollowerState was interrupted: java.lang.InterruptedException: sleep interrupted
2019-10-02 12:06:49,431 [3cc710bf-a429-474a-81b8-6b6bfe7aeacb@group-F074D92AE205-LeaderElection74] INFO  impl.LeaderElection (LeaderElection.java:logAndReturn(56)) - 3cc710bf-a429-474a-81b8-6b6bfe7aeacb@group-F074D92AE205-LeaderElection74: Election PASSED; received 1 response(s) [3cc710bf-a429-474a-81b8-6b6bfe7aeacb<-ee0bc2ba-f718-41aa-bc30-8c1a2823b755#0:OK-t2] and 1 exception(s); 3cc710bf-a429-474a-81b8-6b6bfe7aeacb@group-F074D92AE205:t2, leader=null, voted=3cc710bf-a429-474a-81b8-6b6bfe7aeacb, raftlog=3cc710bf-a429-474a-81b8-6b6bfe7aeacb@group-F074D92AE205-SegmentedRaftLog:OPENED:c2,f2,i2, conf=0: [9424690c-9c3a-4d0f-91ad-24fd72d97d06:192.168.151.122:42716, ee0bc2ba-f718-41aa-bc30-8c1a2823b755:192.168.151.122:34642, 3cc710bf-a429-474a-81b8-6b6bfe7aeacb:192.168.151.122:35676], old=null
2019-10-02 12:06:49,431 [3cc710bf-a429-474a-81b8-6b6bfe7aeacb@group-F074D92AE205-LeaderElection74] INFO  impl.LeaderElection (LogUtils.java:infoOrTrace(149)) -   Exception 0: {}
java.util.concurrent.ExecutionException: org.apache.ratis.thirdparty.io.grpc.StatusRuntimeException: UNAVAILABLE: io exception
	at java.util.concurrent.FutureTask.report(FutureTask.java:122)
	at java.util.concurrent.FutureTask.get(FutureTask.java:192)
	at org.apache.ratis.server.impl.LeaderElection.waitForResults(LeaderElection.java:259)
	at org.apache.ratis.server.impl.LeaderElection.askForVotes(LeaderElection.java:197)
	at org.apache.ratis.server.impl.LeaderElection.run(LeaderElection.java:133)
	at java.lang.Thread.run(Thread.java:748)
Caused by: org.apache.ratis.thirdparty.io.grpc.StatusRuntimeException: UNAVAILABLE: io exception
	at org.apache.ratis.thirdparty.io.grpc.stub.ClientCalls.toStatusRuntimeException(ClientCalls.java:233)
	at org.apache.ratis.thirdparty.io.grpc.stub.ClientCalls.getUnchecked(ClientCalls.java:214)
	at org.apache.ratis.thirdparty.io.grpc.stub.ClientCalls.blockingUnaryCall(ClientCalls.java:139)
	at org.apache.ratis.proto.grpc.RaftServerProtocolServiceGrpc$RaftServerProtocolServiceBlockingStub.requestVote(RaftServerProtocolServiceGrpc.java:265)
	at org.apache.ratis.grpc.server.GrpcServerProtocolClient.requestVote(GrpcServerProtocolClient.java:99)
	at org.apache.ratis.grpc.server.GrpcService.requestVote(GrpcService.java:204)
	at org.apache.ratis.server.impl.LeaderElection.lambda$submitRequests$1(LeaderElection.java:234)
	at java.util.concurrent.FutureTask.run(FutureTask.java:266)
	at java.util.concurrent.Executors$RunnableAdapter.call(Executors.java:511)
	at java.util.concurrent.FutureTask.run(FutureTask.java:266)
	at java.util.concurrent.ThreadPoolExecutor.runWorker(ThreadPoolExecutor.java:1149)
	at java.util.concurrent.ThreadPoolExecutor$Worker.run(ThreadPoolExecutor.java:624)
	... 1 more
Caused by: org.apache.ratis.thirdparty.io.netty.channel.AbstractChannel$AnnotatedConnectException: Connection refused: /192.168.151.122:42716
	at sun.nio.ch.SocketChannelImpl.checkConnect(Native Method)
	at sun.nio.ch.SocketChannelImpl.finishConnect(SocketChannelImpl.java:717)
	at org.apache.ratis.thirdparty.io.netty.channel.socket.nio.NioSocketChannel.doFinishConnect(NioSocketChannel.java:327)
	at org.apache.ratis.thirdparty.io.netty.channel.nio.AbstractNioChannel$AbstractNioUnsafe.finishConnect(AbstractNioChannel.java:340)
	at org.apache.ratis.thirdparty.io.netty.channel.nio.NioEventLoop.processSelectedKey(NioEventLoop.java:632)
	at org.apache.ratis.thirdparty.io.netty.channel.nio.NioEventLoop.processSelectedKeysOptimized(NioEventLoop.java:579)
	at org.apache.ratis.thirdparty.io.netty.channel.nio.NioEventLoop.processSelectedKeys(NioEventLoop.java:496)
	at org.apache.ratis.thirdparty.io.netty.channel.nio.NioEventLoop.run(NioEventLoop.java:458)
	at org.apache.ratis.thirdparty.io.netty.util.concurrent.SingleThreadEventExecutor$5.run(SingleThreadEventExecutor.java:897)
	at org.apache.ratis.thirdparty.io.netty.util.concurrent.FastThreadLocalRunnable.run(FastThreadLocalRunnable.java:30)
	... 1 more
Caused by: java.net.ConnectException: Connection refused
	... 11 more
2019-10-02 12:06:49,431 [3cc710bf-a429-474a-81b8-6b6bfe7aeacb@group-F074D92AE205-LeaderElection74] INFO  impl.RoleInfo (RoleInfo.java:shutdownLeaderElection(134)) - 3cc710bf-a429-474a-81b8-6b6bfe7aeacb: shutdown LeaderElection
2019-10-02 12:06:49,431 [3cc710bf-a429-474a-81b8-6b6bfe7aeacb@group-F074D92AE205-LeaderElection74] INFO  impl.RaftServerImpl (RaftServerImpl.java:setRole(170)) - 3cc710bf-a429-474a-81b8-6b6bfe7aeacb@group-F074D92AE205: changes role from CANDIDATE to LEADER at term 2 for changeToLeader
2019-10-02 12:06:49,432 [3cc710bf-a429-474a-81b8-6b6bfe7aeacb@group-F074D92AE205-LeaderElection74] INFO  impl.RaftServerImpl (ServerState.java:setLeader(255)) - 3cc710bf-a429-474a-81b8-6b6bfe7aeacb@group-F074D92AE205: change Leader from null to 3cc710bf-a429-474a-81b8-6b6bfe7aeacb at term 2 for becomeLeader, leader elected after 36ms
2019-10-02 12:06:49,432 [3cc710bf-a429-474a-81b8-6b6bfe7aeacb@group-F074D92AE205-LeaderElection74] INFO  server.RaftServerConfigKeys (ConfUtils.java:logGet(43)) - raft.server.staging.catchup.gap = 1000 (default)
2019-10-02 12:06:49,432 [3cc710bf-a429-474a-81b8-6b6bfe7aeacb@group-F074D92AE205-LeaderElection74] INFO  server.RaftServerConfigKeys (ConfUtils.java:logGet(43)) - raft.server.rpc.sleep.time = 25ms (default)
2019-10-02 12:06:49,432 [3cc710bf-a429-474a-81b8-6b6bfe7aeacb@group-F074D92AE205-LeaderElection74] INFO  server.RaftServerConfigKeys (ConfUtils.java:logGet(43)) - raft.server.write.element-limit = 4096 (default)
2019-10-02 12:06:49,432 [3cc710bf-a429-474a-81b8-6b6bfe7aeacb@group-F074D92AE205-LeaderElection74] INFO  server.RaftServerConfigKeys (ConfUtils.java:logGet(43)) - raft.server.watch.timeout = 10s (default)
2019-10-02 12:06:49,432 [3cc710bf-a429-474a-81b8-6b6bfe7aeacb@group-F074D92AE205-LeaderElection74] INFO  server.RaftServerConfigKeys (ConfUtils.java:logGet(43)) - raft.server.watch.timeout.denomination = 1s (default)
2019-10-02 12:06:49,432 [3cc710bf-a429-474a-81b8-6b6bfe7aeacb@group-F074D92AE205-LeaderElection74] INFO  server.RaftServerConfigKeys (ConfUtils.java:logGet(43)) - raft.server.watch.element-limit = 65536 (default)
2019-10-02 12:06:49,435 [3cc710bf-a429-474a-81b8-6b6bfe7aeacb@group-F074D92AE205-LeaderElection74] INFO  server.RaftServerConfigKeys (ConfUtils.java:logGet(43)) - raft.server.log.appender.snapshot.chunk.size.max = 16MB (=16777216) (default)
2019-10-02 12:06:49,435 [3cc710bf-a429-474a-81b8-6b6bfe7aeacb@group-F074D92AE205-LeaderElection74] INFO  server.RaftServerConfigKeys (ConfUtils.java:logGet(43)) - raft.server.log.appender.buffer.byte-limit = 33554432 (custom)
2019-10-02 12:06:49,435 [3cc710bf-a429-474a-81b8-6b6bfe7aeacb@group-F074D92AE205-LeaderElection74] INFO  server.RaftServerConfigKeys (ConfUtils.java:logGet(43)) - raft.server.log.appender.buffer.element-limit = 1 (custom)
2019-10-02 12:06:49,435 [3cc710bf-a429-474a-81b8-6b6bfe7aeacb@group-F074D92AE205-LeaderElection74] INFO  grpc.GrpcConfigKeys$Server (ConfUtils.java:logGet(43)) - raft.grpc.server.leader.outstanding.appends.max = 128 (default)
2019-10-02 12:06:49,435 [3cc710bf-a429-474a-81b8-6b6bfe7aeacb@group-F074D92AE205-LeaderElection74] INFO  server.RaftServerConfigKeys (ConfUtils.java:logGet(43)) - raft.server.rpc.request.timeout = 3000ms (default)
2019-10-02 12:06:49,435 [3cc710bf-a429-474a-81b8-6b6bfe7aeacb@group-F074D92AE205-LeaderElection74] INFO  server.RaftServerConfigKeys (ConfUtils.java:logGet(43)) - raft.server.log.appender.install.snapshot.enabled = false (custom)
2019-10-02 12:06:49,436 [3cc710bf-a429-474a-81b8-6b6bfe7aeacb@group-F074D92AE205-LeaderElection74] INFO  server.RaftServerConfigKeys (ConfUtils.java:logGet(43)) - raft.server.log.appender.snapshot.chunk.size.max = 16MB (=16777216) (default)
2019-10-02 12:06:49,436 [3cc710bf-a429-474a-81b8-6b6bfe7aeacb@group-F074D92AE205-LeaderElection74] INFO  server.RaftServerConfigKeys (ConfUtils.java:logGet(43)) - raft.server.log.appender.buffer.byte-limit = 33554432 (custom)
2019-10-02 12:06:49,436 [3cc710bf-a429-474a-81b8-6b6bfe7aeacb@group-F074D92AE205-LeaderElection74] INFO  server.RaftServerConfigKeys (ConfUtils.java:logGet(43)) - raft.server.log.appender.buffer.element-limit = 1 (custom)
2019-10-02 12:06:49,436 [3cc710bf-a429-474a-81b8-6b6bfe7aeacb@group-F074D92AE205-LeaderElection74] INFO  grpc.GrpcConfigKeys$Server (ConfUtils.java:logGet(43)) - raft.grpc.server.leader.outstanding.appends.max = 128 (default)
2019-10-02 12:06:49,436 [3cc710bf-a429-474a-81b8-6b6bfe7aeacb@group-F074D92AE205-LeaderElection74] INFO  server.RaftServerConfigKeys (ConfUtils.java:logGet(43)) - raft.server.rpc.request.timeout = 3000ms (default)
2019-10-02 12:06:49,436 [3cc710bf-a429-474a-81b8-6b6bfe7aeacb@group-F074D92AE205-LeaderElection74] INFO  server.RaftServerConfigKeys (ConfUtils.java:logGet(43)) - raft.server.log.appender.install.snapshot.enabled = false (custom)
2019-10-02 12:06:49,436 [3cc710bf-a429-474a-81b8-6b6bfe7aeacb@group-F074D92AE205-LeaderElection74] INFO  impl.RoleInfo (RoleInfo.java:updateAndGet(143)) - 3cc710bf-a429-474a-81b8-6b6bfe7aeacb: start LeaderState
2019-10-02 12:06:49,437 [3cc710bf-a429-474a-81b8-6b6bfe7aeacb@group-F074D92AE205-LeaderElection74] INFO  segmented.SegmentedRaftLogWorker (SegmentedRaftLogWorker.java:rollLogSegment(390)) - 3cc710bf-a429-474a-81b8-6b6bfe7aeacb@group-F074D92AE205-SegmentedRaftLogWorker: Rolling segment log-0_2 to index:2
2019-10-02 12:06:49,439 [3cc710bf-a429-474a-81b8-6b6bfe7aeacb@group-F074D92AE205-LeaderElection74] INFO  impl.RaftServerImpl (ServerState.java:setRaftConf(356)) - 3cc710bf-a429-474a-81b8-6b6bfe7aeacb@group-F074D92AE205: set configuration 3: [9424690c-9c3a-4d0f-91ad-24fd72d97d06:192.168.151.122:42716, ee0bc2ba-f718-41aa-bc30-8c1a2823b755:192.168.151.122:34642, 3cc710bf-a429-474a-81b8-6b6bfe7aeacb:192.168.151.122:35676], old=null at 3
2019-10-02 12:06:49,440 [3cc710bf-a429-474a-81b8-6b6bfe7aeacb@group-F074D92AE205-SegmentedRaftLogWorker] INFO  segmented.SegmentedRaftLogWorker (SegmentedRaftLogWorker.java:execute(531)) - 3cc710bf-a429-474a-81b8-6b6bfe7aeacb@group-F074D92AE205-SegmentedRaftLogWorker: Rolled log segment from /workdir/hadoop-ozone/integration-test/target/test-dir/MiniOzoneClusterImpl-c22a1174-2eb6-4002-9413-6ccd7ee92ef6/datanode-2/data/ratis/a7c14c75-e1a0-4e1d-bc55-f074d92ae205/current/log_inprogress_0 to /workdir/hadoop-ozone/integration-test/target/test-dir/MiniOzoneClusterImpl-c22a1174-2eb6-4002-9413-6ccd7ee92ef6/datanode-2/data/ratis/a7c14c75-e1a0-4e1d-bc55-f074d92ae205/current/log_0-2
2019-10-02 12:06:49,442 [grpc-default-executor-6] WARN  server.GrpcLogAppender (LogUtils.java:warn(134)) - 3cc710bf-a429-474a-81b8-6b6bfe7aeacb@group-F074D92AE205->9424690c-9c3a-4d0f-91ad-24fd72d97d06-AppendLogResponseHandler: Failed appendEntries: org.apache.ratis.thirdparty.io.grpc.StatusRuntimeException: UNAVAILABLE: io exception
2019-10-02 12:06:49,442 [grpc-default-executor-6] INFO  impl.FollowerInfo (FollowerInfo.java:lambda$new$0(51)) - 3cc710bf-a429-474a-81b8-6b6bfe7aeacb@group-F074D92AE205->9424690c-9c3a-4d0f-91ad-24fd72d97d06: nextIndex: updateUnconditionally 3 -> 1
2019-10-02 12:06:49,442 [grpc-default-executor-8] INFO  impl.RaftServerImpl (ServerState.java:setLeader(255)) - ee0bc2ba-f718-41aa-bc30-8c1a2823b755@group-F074D92AE205: change Leader from null to 3cc710bf-a429-474a-81b8-6b6bfe7aeacb at term 2 for appendEntries, leader elected after 27ms
2019-10-02 12:06:49,469 [grpc-default-executor-8] INFO  impl.RaftServerImpl (ServerState.java:setRaftConf(356)) - ee0bc2ba-f718-41aa-bc30-8c1a2823b755@group-F074D92AE205: set configuration 3: [9424690c-9c3a-4d0f-91ad-24fd72d97d06:192.168.151.122:42716, ee0bc2ba-f718-41aa-bc30-8c1a2823b755:192.168.151.122:34642, 3cc710bf-a429-474a-81b8-6b6bfe7aeacb:192.168.151.122:35676], old=null at 3
2019-10-02 12:06:49,470 [grpc-default-executor-8] INFO  segmented.SegmentedRaftLogWorker (SegmentedRaftLogWorker.java:rollLogSegment(390)) - ee0bc2ba-f718-41aa-bc30-8c1a2823b755@group-F074D92AE205-SegmentedRaftLogWorker: Rolling segment log-0_2 to index:2
2019-10-02 12:06:49,470 [ee0bc2ba-f718-41aa-bc30-8c1a2823b755@group-F074D92AE205-SegmentedRaftLogWorker] INFO  segmented.SegmentedRaftLogWorker (SegmentedRaftLogWorker.java:execute(531)) - ee0bc2ba-f718-41aa-bc30-8c1a2823b755@group-F074D92AE205-SegmentedRaftLogWorker: Rolled log segment from /workdir/hadoop-ozone/integration-test/target/test-dir/MiniOzoneClusterImpl-c22a1174-2eb6-4002-9413-6ccd7ee92ef6/datanode-1/data/ratis/a7c14c75-e1a0-4e1d-bc55-f074d92ae205/current/log_inprogress_0 to /workdir/hadoop-ozone/integration-test/target/test-dir/MiniOzoneClusterImpl-c22a1174-2eb6-4002-9413-6ccd7ee92ef6/datanode-1/data/ratis/a7c14c75-e1a0-4e1d-bc55-f074d92ae205/current/log_0-2
2019-10-02 12:06:49,480 [3cc710bf-a429-474a-81b8-6b6bfe7aeacb@group-F074D92AE205-SegmentedRaftLogWorker] INFO  segmented.SegmentedRaftLogWorker (SegmentedRaftLogWorker.java:execute(574)) - 3cc710bf-a429-474a-81b8-6b6bfe7aeacb@group-F074D92AE205-SegmentedRaftLogWorker: created new log segment /workdir/hadoop-ozone/integration-test/target/test-dir/MiniOzoneClusterImpl-c22a1174-2eb6-4002-9413-6ccd7ee92ef6/datanode-2/data/ratis/a7c14c75-e1a0-4e1d-bc55-f074d92ae205/current/log_inprogress_3
2019-10-02 12:06:49,497 [ee0bc2ba-f718-41aa-bc30-8c1a2823b755@group-F074D92AE205-SegmentedRaftLogWorker] INFO  segmented.SegmentedRaftLogWorker (SegmentedRaftLogWorker.java:execute(574)) - ee0bc2ba-f718-41aa-bc30-8c1a2823b755@group-F074D92AE205-SegmentedRaftLogWorker: created new log segment /workdir/hadoop-ozone/integration-test/target/test-dir/MiniOzoneClusterImpl-c22a1174-2eb6-4002-9413-6ccd7ee92ef6/datanode-1/data/ratis/a7c14c75-e1a0-4e1d-bc55-f074d92ae205/current/log_inprogress_3
2019-10-02 12:06:49,521 [grpc-default-executor-4] WARN  server.GrpcLogAppender (LogUtils.java:warn(134)) - 3cc710bf-a429-474a-81b8-6b6bfe7aeacb@group-F074D92AE205->9424690c-9c3a-4d0f-91ad-24fd72d97d06-AppendLogResponseHandler: Failed appendEntries: org.apache.ratis.thirdparty.io.grpc.StatusRuntimeException: UNAVAILABLE: io exception
2019-10-02 12:06:49,521 [grpc-default-executor-4] INFO  impl.FollowerInfo (FollowerInfo.java:lambda$new$0(51)) - 3cc710bf-a429-474a-81b8-6b6bfe7aeacb@group-F074D92AE205->9424690c-9c3a-4d0f-91ad-24fd72d97d06: nextIndex: updateUnconditionally 2 -> 1
2019-10-02 12:06:49,534 [grpc-default-executor-6] WARN  server.GrpcLogAppender (LogUtils.java:warn(134)) - 3cc710bf-a429-474a-81b8-6b6bfe7aeacb@group-F074D92AE205->9424690c-9c3a-4d0f-91ad-24fd72d97d06-AppendLogResponseHandler: Failed appendEntries: org.apache.ratis.thirdparty.io.grpc.StatusRuntimeException: UNAVAILABLE: io exception
2019-10-02 12:06:49,534 [grpc-default-executor-6] INFO  impl.FollowerInfo (FollowerInfo.java:lambda$new$0(51)) - 3cc710bf-a429-474a-81b8-6b6bfe7aeacb@group-F074D92AE205->9424690c-9c3a-4d0f-91ad-24fd72d97d06: nextIndex: updateUnconditionally 2 -> 1
2019-10-02 12:06:49,899 [grpc-default-executor-8] WARN  server.GrpcLogAppender (LogUtils.java:warn(134)) - 3cc710bf-a429-474a-81b8-6b6bfe7aeacb@group-F074D92AE205->9424690c-9c3a-4d0f-91ad-24fd72d97d06-AppendLogResponseHandler: Failed appendEntries: org.apache.ratis.thirdparty.io.grpc.StatusRuntimeException: UNAVAILABLE: io exception
2019-10-02 12:06:49,899 [grpc-default-executor-8] INFO  impl.FollowerInfo (FollowerInfo.java:lambda$new$0(51)) - 3cc710bf-a429-474a-81b8-6b6bfe7aeacb@group-F074D92AE205->9424690c-9c3a-4d0f-91ad-24fd72d97d06: nextIndex: updateUnconditionally 2 -> 1
2019-10-02 12:06:49,912 [grpc-default-executor-6] WARN  server.GrpcLogAppender (LogUtils.java:warn(134)) - 3cc710bf-a429-474a-81b8-6b6bfe7aeacb@group-F074D92AE205->9424690c-9c3a-4d0f-91ad-24fd72d97d06-AppendLogResponseHandler: Failed appendEntries: org.apache.ratis.thirdparty.io.grpc.StatusRuntimeException: UNAVAILABLE: io exception
2019-10-02 12:06:49,912 [grpc-default-executor-6] INFO  impl.FollowerInfo (FollowerInfo.java:lambda$new$0(51)) - 3cc710bf-a429-474a-81b8-6b6bfe7aeacb@group-F074D92AE205->9424690c-9c3a-4d0f-91ad-24fd72d97d06: nextIndex: updateUnconditionally 2 -> 1
2019-10-02 12:06:49,924 [grpc-default-executor-4] WARN  server.GrpcLogAppender (LogUtils.java:warn(134)) - 3cc710bf-a429-474a-81b8-6b6bfe7aeacb@group-F074D92AE205->9424690c-9c3a-4d0f-91ad-24fd72d97d06-AppendLogResponseHandler: Failed appendEntries: org.apache.ratis.thirdparty.io.grpc.StatusRuntimeException: UNAVAILABLE: io exception
2019-10-02 12:06:49,925 [grpc-default-executor-4] INFO  impl.FollowerInfo (FollowerInfo.java:lambda$new$0(51)) - 3cc710bf-a429-474a-81b8-6b6bfe7aeacb@group-F074D92AE205->9424690c-9c3a-4d0f-91ad-24fd72d97d06: nextIndex: updateUnconditionally 2 -> 1
2019-10-02 12:06:49,926 [EventQueue-IncrementalContainerReportForIncrementalContainerReportHandler] WARN  container.IncrementalContainerReportHandler (AbstractContainerReportHandler.java:updateContainerState(143)) - Container #1 is in OPEN state, but the datanode 3cc710bf-a429-474a-81b8-6b6bfe7aeacb{ip: 192.168.151.122, host: pr-hdds-2199-dnstouuidmap-nxzb2-26233584, networkLocation: /default-rack, certSerialId: null} reports an CLOSING replica.
2019-10-02 12:06:49,950 [EventQueue-IncrementalContainerReportForIncrementalContainerReportHandler] WARN  container.IncrementalContainerReportHandler (AbstractContainerReportHandler.java:updateContainerState(143)) - Container #1 is in OPEN state, but the datanode ee0bc2ba-f718-41aa-bc30-8c1a2823b755{ip: 192.168.151.122, host: pr-hdds-2199-dnstouuidmap-nxzb2-26233584, networkLocation: /default-rack, certSerialId: null} reports an CLOSING replica.
2019-10-02 12:06:49,980 [RatisApplyTransactionExecutor 1] INFO  interfaces.Container (KeyValueContainer.java:flushAndSyncDB(386)) - Container 1 is synced with bcsId 0.
2019-10-02 12:06:50,033 [RatisApplyTransactionExecutor 1] INFO  interfaces.Container (KeyValueContainer.java:flushAndSyncDB(386)) - Container 1 is synced with bcsId 0.
2019-10-02 12:06:50,045 [RatisApplyTransactionExecutor 1] INFO  interfaces.Container (KeyValueContainer.java:flushAndSyncDB(386)) - Container 1 is synced with bcsId 0.
2019-10-02 12:06:50,045 [RatisApplyTransactionExecutor 1] INFO  interfaces.Container (KeyValueContainer.java:flushAndSyncDB(386)) - Container 1 is synced with bcsId 0.
2019-10-02 12:06:50,074 [RatisApplyTransactionExecutor 1] INFO  interfaces.Container (KeyValueContainer.java:close(335)) - Container 1 is closed with bcsId 0.
2019-10-02 12:06:50,074 [RatisApplyTransactionExecutor 1] INFO  interfaces.Container (KeyValueContainer.java:close(335)) - Container 1 is closed with bcsId 0.
2019-10-02 12:06:50,083 [EventQueue-IncrementalContainerReportForIncrementalContainerReportHandler] WARN  container.IncrementalContainerReportHandler (AbstractContainerReportHandler.java:updateContainerState(143)) - Container #1 is in OPEN state, but the datanode 3cc710bf-a429-474a-81b8-6b6bfe7aeacb{ip: 192.168.151.122, host: pr-hdds-2199-dnstouuidmap-nxzb2-26233584, networkLocation: /default-rack, certSerialId: null} reports an CLOSED replica.
2019-10-02 12:06:50,084 [EventQueue-IncrementalContainerReportForIncrementalContainerReportHandler] WARN  container.IncrementalContainerReportHandler (AbstractContainerReportHandler.java:updateContainerState(143)) - Container #1 is in OPEN state, but the datanode ee0bc2ba-f718-41aa-bc30-8c1a2823b755{ip: 192.168.151.122, host: pr-hdds-2199-dnstouuidmap-nxzb2-26233584, networkLocation: /default-rack, certSerialId: null} reports an CLOSED replica.
2019-10-02 12:06:52,426 [grpc-default-executor-4] WARN  server.GrpcLogAppender (LogUtils.java:warn(134)) - 3cc710bf-a429-474a-81b8-6b6bfe7aeacb@group-F074D92AE205->9424690c-9c3a-4d0f-91ad-24fd72d97d06-AppendLogResponseHandler: Failed appendEntries: org.apache.ratis.thirdparty.io.grpc.StatusRuntimeException: UNAVAILABLE: io exception
2019-10-02 12:06:52,426 [grpc-default-executor-4] INFO  impl.FollowerInfo (FollowerInfo.java:lambda$new$0(51)) - 3cc710bf-a429-474a-81b8-6b6bfe7aeacb@group-F074D92AE205->9424690c-9c3a-4d0f-91ad-24fd72d97d06: nextIndex: updateUnconditionally 1 -> 0
2019-10-02 12:06:53,086 [main] WARN  scm.XceiverClientRatis (XceiverClientRatis.java:watchForCommit(292)) - 3 way commit failed on pipeline Pipeline[ Id: a7c14c75-e1a0-4e1d-bc55-f074d92ae205, Nodes: 9424690c-9c3a-4d0f-91ad-24fd72d97d06{ip: 192.168.151.122, host: pr-hdds-2199-dnstouuidmap-nxzb2-26233584, networkLocation: /default-rack, certSerialId: null}3cc710bf-a429-474a-81b8-6b6bfe7aeacb{ip: 192.168.151.122, host: pr-hdds-2199-dnstouuidmap-nxzb2-26233584, networkLocation: /default-rack, certSerialId: null}ee0bc2ba-f718-41aa-bc30-8c1a2823b755{ip: 192.168.151.122, host: pr-hdds-2199-dnstouuidmap-nxzb2-26233584, networkLocation: /default-rack, certSerialId: null}, Type:RATIS, Factor:THREE, State:OPEN]
java.util.concurrent.TimeoutException
	at java.util.concurrent.CompletableFuture.timedGet(CompletableFuture.java:1771)
	at java.util.concurrent.CompletableFuture.get(CompletableFuture.java:1915)
	at org.apache.hadoop.hdds.scm.XceiverClientRatis.watchForCommit(XceiverClientRatis.java:289)
	at org.apache.hadoop.ozone.client.rpc.TestWatchForCommit.test2WayCommitForTimeoutException(TestWatchForCommit.java:391)
	at sun.reflect.NativeMethodAccessorImpl.invoke0(Native Method)
	at sun.reflect.NativeMethodAccessorImpl.invoke(NativeMethodAccessorImpl.java:62)
	at sun.reflect.DelegatingMethodAccessorImpl.invoke(DelegatingMethodAccessorImpl.java:43)
	at java.lang.reflect.Method.invoke(Method.java:498)
	at org.junit.runners.model.FrameworkMethod$1.runReflectiveCall(FrameworkMethod.java:47)
	at org.junit.internal.runners.model.ReflectiveCallable.run(ReflectiveCallable.java:12)
	at org.junit.runners.model.FrameworkMethod.invokeExplosively(FrameworkMethod.java:44)
	at org.junit.internal.runners.statements.InvokeMethod.evaluate(InvokeMethod.java:17)
	at org.junit.runners.ParentRunner.runLeaf(ParentRunner.java:271)
	at org.junit.runners.BlockJUnit4ClassRunner.runChild(BlockJUnit4ClassRunner.java:70)
	at org.junit.runners.BlockJUnit4ClassRunner.runChild(BlockJUnit4ClassRunner.java:50)
	at org.junit.runners.ParentRunner$3.run(ParentRunner.java:238)
	at org.junit.runners.ParentRunner$1.schedule(ParentRunner.java:63)
	at org.junit.runners.ParentRunner.runChildren(ParentRunner.java:236)
	at org.junit.runners.ParentRunner.access$000(ParentRunner.java:53)
	at org.junit.runners.ParentRunner$2.evaluate(ParentRunner.java:229)
	at org.junit.runners.ParentRunner.run(ParentRunner.java:309)
	at org.apache.maven.surefire.junit4.JUnit4Provider.execute(JUnit4Provider.java:365)
	at org.apache.maven.surefire.junit4.JUnit4Provider.executeWithRerun(JUnit4Provider.java:273)
	at org.apache.maven.surefire.junit4.JUnit4Provider.executeTestSet(JUnit4Provider.java:238)
	at org.apache.maven.surefire.junit4.JUnit4Provider.invoke(JUnit4Provider.java:159)
	at org.apache.maven.surefire.booter.ForkedBooter.invokeProviderInSameClassLoader(ForkedBooter.java:384)
	at org.apache.maven.surefire.booter.ForkedBooter.runSuitesInProcess(ForkedBooter.java:345)
	at org.apache.maven.surefire.booter.ForkedBooter.execute(ForkedBooter.java:126)
	at org.apache.maven.surefire.booter.ForkedBooter.main(ForkedBooter.java:418)
2019-10-02 12:06:54,927 [grpc-default-executor-4] WARN  server.GrpcLogAppender (LogUtils.java:warn(134)) - 3cc710bf-a429-474a-81b8-6b6bfe7aeacb@group-F074D92AE205->9424690c-9c3a-4d0f-91ad-24fd72d97d06-AppendLogResponseHandler: Failed appendEntries: org.apache.ratis.thirdparty.io.grpc.StatusRuntimeException: UNAVAILABLE: io exception
2019-10-02 12:06:54,932 [grpc-default-executor-4] INFO  impl.FollowerInfo (FollowerInfo.java:lambda$new$0(51)) - 3cc710bf-a429-474a-81b8-6b6bfe7aeacb@group-F074D92AE205->9424690c-9c3a-4d0f-91ad-24fd72d97d06: nextIndex: updateUnconditionally 0 -> 0
]]></system-out>
  </testcase>
</testsuite>