<?xml version="1.0" encoding="UTF-8"?>
<testsuite xmlns:xsi="http://www.w3.org/2001/XMLSchema-instance" xsi:noNamespaceSchemaLocation="https://maven.apache.org/surefire/maven-surefire-plugin/xsd/surefire-test-report.xsd" name="org.apache.hadoop.ozone.client.rpc.TestDeleteWithSlowFollower" time="133.836" tests="1" errors="0" skipped="0" failures="1">
  <properties>
    <property name="awt.toolkit" value="sun.awt.X11.XToolkit"/>
    <property name="file.encoding.pkg" value="sun.io"/>
    <property name="java.specification.version" value="1.8"/>
    <property name="sun.cpu.isalist" value=""/>
    <property name="sun.jnu.encoding" value="ANSI_X3.4-1968"/>
    <property name="java.class.path" value="/workdir/hadoop-ozone/integration-test/target/test-classes:/workdir/hadoop-ozone/integration-test/target/classes:/home/user/.m2/repository/org/apache/hadoop/hadoop-ozone-common/0.5.0-SNAPSHOT/hadoop-ozone-common-0.5.0-SNAPSHOT.jar:/home/user/.m2/repository/org/apache/commons/commons-compress/1.4.1/commons-compress-1.4.1.jar:/home/user/.m2/repository/org/tukaani/xz/1.0/xz-1.0.jar:/home/user/.m2/repository/org/apache/hadoop/hadoop-common/3.2.0/hadoop-common-3.2.0.jar:/home/user/.m2/repository/org/apache/hadoop/hadoop-hdfs/3.2.0/hadoop-hdfs-3.2.0.jar:/home/user/.m2/repository/org/apache/hadoop/hadoop-hdfs-client/3.2.0/hadoop-hdfs-client-3.2.0.jar:/home/user/.m2/repository/com/fasterxml/jackson/core/jackson-annotations/2.9.9/jackson-annotations-2.9.9.jar:/home/user/.m2/repository/org/apache/hadoop/hadoop-hdds-common/0.5.0-SNAPSHOT/hadoop-hdds-common-0.5.0-SNAPSHOT.jar:/home/user/.m2/repository/javax/annotation/javax.annotation-api/1.2/javax.annotation-api-1.2.jar:/home/user/.m2/repository/org/apache/ratis/ratis-server/0.5.0-3f446aa-SNAPSHOT/ratis-server-0.5.0-3f446aa-SNAPSHOT.jar:/home/user/.m2/repository/org/apache/ratis/ratis-thirdparty-misc/0.2.0/ratis-thirdparty-misc-0.2.0.jar:/home/user/.m2/repository/org/apache/ratis/ratis-proto/0.5.0-3f446aa-SNAPSHOT/ratis-proto-0.5.0-3f446aa-SNAPSHOT.jar:/home/user/.m2/repository/org/apache/ratis/ratis-common/0.5.0-3f446aa-SNAPSHOT/ratis-common-0.5.0-3f446aa-SNAPSHOT.jar:/home/user/.m2/repository/org/apache/ratis/ratis-client/0.5.0-3f446aa-SNAPSHOT/ratis-client-0.5.0-3f446aa-SNAPSHOT.jar:/home/user/.m2/repository/org/apache/ratis/ratis-metrics/0.5.0-3f446aa-SNAPSHOT/ratis-metrics-0.5.0-3f446aa-SNAPSHOT.jar:/home/user/.m2/repository/com/github/joshelser/dropwizard-metrics-hadoop-metrics2-reporter/0.1.2/dropwizard-metrics-hadoop-metrics2-reporter-0.1.2.jar:/home/user/.m2/repository/io/dropwizard/metrics/metrics-jvm/3.2.5/metrics-jvm-3.2.5.jar:/home/user/.m2/repository/io/dropwizard/metrics/metrics-ganglia/3.2.5/metrics-ganglia-3.2.5.jar:/home/user/.m2/repository/info/ganglia/gmetric4j/gmetric4j/1.0.7/gmetric4j-1.0.7.jar:/home/user/.m2/repository/org/apache/ratis/ratis-netty/0.5.0-3f446aa-SNAPSHOT/ratis-netty-0.5.0-3f446aa-SNAPSHOT.jar:/home/user/.m2/repository/org/apache/ratis/ratis-grpc/0.5.0-3f446aa-SNAPSHOT/ratis-grpc-0.5.0-3f446aa-SNAPSHOT.jar:/home/user/.m2/repository/org/rocksdb/rocksdbjni/6.0.1/rocksdbjni-6.0.1.jar:/home/user/.m2/repository/org/apache/logging/log4j/log4j-api/2.11.0/log4j-api-2.11.0.jar:/home/user/.m2/repository/org/apache/logging/log4j/log4j-core/2.11.0/log4j-core-2.11.0.jar:/home/user/.m2/repository/com/lmax/disruptor/3.4.2/disruptor-3.4.2.jar:/home/user/.m2/repository/org/apache/commons/commons-pool2/2.6.0/commons-pool2-2.6.0.jar:/home/user/.m2/repository/org/bouncycastle/bcpkix-jdk15on/1.60/bcpkix-jdk15on-1.60.jar:/home/user/.m2/repository/commons-validator/commons-validator/1.6/commons-validator-1.6.jar:/home/user/.m2/repository/commons-digester/commons-digester/1.8.1/commons-digester-1.8.1.jar:/home/user/.m2/repository/io/jaegertracing/jaeger-client/0.34.0/jaeger-client-0.34.0.jar:/home/user/.m2/repository/io/jaegertracing/jaeger-thrift/0.34.0/jaeger-thrift-0.34.0.jar:/home/user/.m2/repository/org/apache/thrift/libthrift/0.12.0/libthrift-0.12.0.jar:/home/user/.m2/repository/com/squareup/okhttp3/okhttp/3.9.0/okhttp-3.9.0.jar:/home/user/.m2/repository/com/squareup/okio/okio/1.13.0/okio-1.13.0.jar:/home/user/.m2/repository/io/jaegertracing/jaeger-core/0.34.0/jaeger-core-0.34.0.jar:/home/user/.m2/repository/io/jaegertracing/jaeger-tracerresolver/0.34.0/jaeger-tracerresolver-0.34.0.jar:/home/user/.m2/repository/io/opentracing/contrib/opentracing-tracerresolver/0.1.5/opentracing-tracerresolver-0.1.5.jar:/home/user/.m2/repository/io/opentracing/opentracing-util/0.31.0/opentracing-util-0.31.0.jar:/home/user/.m2/repository/io/opentracing/opentracing-api/0.31.0/opentracing-api-0.31.0.jar:/home/user/.m2/repository/io/opentracing/opentracing-noop/0.31.0/opentracing-noop-0.31.0.jar:/home/user/.m2/repository/org/apache/hadoop/hadoop-hdds-server-framework/0.5.0-SNAPSHOT/hadoop-hdds-server-framework-0.5.0-SNAPSHOT.jar:/home/user/.m2/repository/org/apache/hadoop/hadoop-hdds-container-service/0.5.0-SNAPSHOT/hadoop-hdds-container-service-0.5.0-SNAPSHOT.jar:/home/user/.m2/repository/org/apache/hadoop/hadoop-hdds-client/0.5.0-SNAPSHOT/hadoop-hdds-client-0.5.0-SNAPSHOT.jar:/home/user/.m2/repository/org/apache/hadoop/hadoop-hdds-tools/0.5.0-SNAPSHOT/hadoop-hdds-tools-0.5.0-SNAPSHOT.jar:/home/user/.m2/repository/org/apache/hadoop/hadoop-hdds-server-scm/0.5.0-SNAPSHOT/hadoop-hdds-server-scm-0.5.0-SNAPSHOT.jar:/home/user/.m2/repository/org/apache/hadoop/hadoop-hdds-docs/0.5.0-SNAPSHOT/hadoop-hdds-docs-0.5.0-SNAPSHOT.jar:/home/user/.m2/repository/io/dropwizard/metrics/metrics-core/3.2.4/metrics-core-3.2.4.jar:/home/user/.m2/repository/org/hamcrest/hamcrest-all/1.3/hamcrest-all-1.3.jar:/home/user/.m2/repository/org/bouncycastle/bcprov-jdk15on/1.60/bcprov-jdk15on-1.60.jar:/home/user/.m2/repository/info/picocli/picocli/3.9.6/picocli-3.9.6.jar:/home/user/.m2/repository/com/google/protobuf/protobuf-java/2.5.0/protobuf-java-2.5.0.jar:/home/user/.m2/repository/com/google/guava/guava/11.0.2/guava-11.0.2.jar:/home/user/.m2/repository/org/apache/hadoop/hadoop-ozone-ozone-manager/0.5.0-SNAPSHOT/hadoop-ozone-ozone-manager-0.5.0-SNAPSHOT.jar:/home/user/.m2/repository/org/apache/hadoop/hadoop-minikdc/3.2.0/hadoop-minikdc-3.2.0.jar:/home/user/.m2/repository/commons-io/commons-io/2.5/commons-io-2.5.jar:/home/user/.m2/repository/org/apache/kerby/kerb-simplekdc/1.0.1/kerb-simplekdc-1.0.1.jar:/home/user/.m2/repository/org/apache/kerby/kerb-client/1.0.1/kerb-client-1.0.1.jar:/home/user/.m2/repository/org/apache/kerby/kerby-config/1.0.1/kerby-config-1.0.1.jar:/home/user/.m2/repository/org/apache/kerby/kerb-core/1.0.1/kerb-core-1.0.1.jar:/home/user/.m2/repository/org/apache/kerby/kerby-pkix/1.0.1/kerby-pkix-1.0.1.jar:/home/user/.m2/repository/org/apache/kerby/kerby-asn1/1.0.1/kerby-asn1-1.0.1.jar:/home/user/.m2/repository/org/apache/kerby/kerby-util/1.0.1/kerby-util-1.0.1.jar:/home/user/.m2/repository/org/apache/kerby/kerb-common/1.0.1/kerb-common-1.0.1.jar:/home/user/.m2/repository/org/apache/kerby/kerb-crypto/1.0.1/kerb-crypto-1.0.1.jar:/home/user/.m2/repository/org/apache/kerby/kerb-util/1.0.1/kerb-util-1.0.1.jar:/home/user/.m2/repository/org/apache/kerby/token-provider/1.0.1/token-provider-1.0.1.jar:/home/user/.m2/repository/org/apache/kerby/kerb-admin/1.0.1/kerb-admin-1.0.1.jar:/home/user/.m2/repository/org/apache/kerby/kerb-server/1.0.1/kerb-server-1.0.1.jar:/home/user/.m2/repository/org/apache/kerby/kerb-identity/1.0.1/kerb-identity-1.0.1.jar:/home/user/.m2/repository/org/apache/kerby/kerby-xdr/1.0.1/kerby-xdr-1.0.1.jar:/home/user/.m2/repository/org/slf4j/slf4j-log4j12/1.7.25/slf4j-log4j12-1.7.25.jar:/home/user/.m2/repository/org/apache/hadoop/hadoop-ozone-s3gateway/0.5.0-SNAPSHOT/hadoop-ozone-s3gateway-0.5.0-SNAPSHOT.jar:/home/user/.m2/repository/org/jboss/weld/servlet/weld-servlet/2.4.7.Final/weld-servlet-2.4.7.Final.jar:/home/user/.m2/repository/org/glassfish/jersey/containers/jersey-container-servlet-core/2.27/jersey-container-servlet-core-2.27.jar:/home/user/.m2/repository/org/glassfish/hk2/external/javax.inject/2.5.0-b42/javax.inject-2.5.0-b42.jar:/home/user/.m2/repository/org/glassfish/jersey/core/jersey-common/2.27/jersey-common-2.27.jar:/home/user/.m2/repository/org/glassfish/hk2/osgi-resource-locator/1.0.1/osgi-resource-locator-1.0.1.jar:/home/user/.m2/repository/javax/ws/rs/javax.ws.rs-api/2.1/javax.ws.rs-api-2.1.jar:/home/user/.m2/repository/org/glassfish/jersey/ext/cdi/jersey-cdi1x/2.27/jersey-cdi1x-2.27.jar:/home/user/.m2/repository/org/glassfish/jersey/inject/jersey-hk2/2.27/jersey-hk2-2.27.jar:/home/user/.m2/repository/org/glassfish/hk2/hk2-locator/2.5.0-b42/hk2-locator-2.5.0-b42.jar:/home/user/.m2/repository/org/javassist/javassist/3.22.0-CR2/javassist-3.22.0-CR2.jar:/home/user/.m2/repository/org/glassfish/hk2/hk2-api/2.5.0/hk2-api-2.5.0.jar:/home/user/.m2/repository/org/glassfish/hk2/external/jakarta.inject/2.5.0/jakarta.inject-2.5.0.jar:/home/user/.m2/repository/org/glassfish/hk2/hk2-utils/2.5.0/hk2-utils-2.5.0.jar:/home/user/.m2/repository/jakarta/annotation/jakarta.annotation-api/1.3.4/jakarta.annotation-api-1.3.4.jar:/home/user/.m2/repository/org/glassfish/hk2/external/aopalliance-repackaged/2.5.0/aopalliance-repackaged-2.5.0.jar:/home/user/.m2/repository/com/fasterxml/jackson/dataformat/jackson-dataformat-xml/2.9.0/jackson-dataformat-xml-2.9.0.jar:/home/user/.m2/repository/com/fasterxml/jackson/core/jackson-core/2.9.9/jackson-core-2.9.9.jar:/home/user/.m2/repository/com/fasterxml/jackson/module/jackson-module-jaxb-annotations/2.9.9/jackson-module-jaxb-annotations-2.9.9.jar:/home/user/.m2/repository/javax/enterprise/cdi-api/1.2/cdi-api-1.2.jar:/home/user/.m2/repository/javax/el/javax.el-api/3.0.0/javax.el-api-3.0.0.jar:/home/user/.m2/repository/javax/interceptor/javax.interceptor-api/1.2/javax.interceptor-api-1.2.jar:/home/user/.m2/repository/javax/inject/javax.inject/1/javax.inject-1.jar:/home/user/.m2/repository/com/sun/xml/bind/jaxb-impl/2.3.0.1/jaxb-impl-2.3.0.1.jar:/home/user/.m2/repository/com/sun/xml/bind/jaxb-core/2.3.0.1/jaxb-core-2.3.0.1.jar:/home/user/.m2/repository/javax/xml/bind/jaxb-api/2.3.0/jaxb-api-2.3.0.jar:/home/user/.m2/repository/javax/activation/activation/1.1.1/activation-1.1.1.jar:/home/user/.m2/repository/org/apache/hadoop/hadoop-ozone-csi/0.5.0-SNAPSHOT/hadoop-ozone-csi-0.5.0-SNAPSHOT.jar:/home/user/.m2/repository/com/google/protobuf/protobuf-java-util/3.5.1/protobuf-java-util-3.5.1.jar:/home/user/.m2/repository/org/apache/hadoop/hadoop-hdds-config/0.5.0-SNAPSHOT/hadoop-hdds-config-0.5.0-SNAPSHOT.jar:/home/user/.m2/repository/io/grpc/grpc-netty/1.17.1/grpc-netty-1.17.1.jar:/home/user/.m2/repository/io/grpc/grpc-core/1.17.1/grpc-core-1.17.1.jar:/home/user/.m2/repository/io/grpc/grpc-context/1.17.1/grpc-context-1.17.1.jar:/home/user/.m2/repository/com/google/errorprone/error_prone_annotations/2.2.0/error_prone_annotations-2.2.0.jar:/home/user/.m2/repository/org/codehaus/mojo/animal-sniffer-annotations/1.17/animal-sniffer-annotations-1.17.jar:/home/user/.m2/repository/io/opencensus/opencensus-api/0.17.0/opencensus-api-0.17.0.jar:/home/user/.m2/repository/io/opencensus/opencensus-contrib-grpc-metrics/0.17.0/opencensus-contrib-grpc-metrics-0.17.0.jar:/home/user/.m2/repository/io/netty/netty-codec-http2/4.1.30.Final/netty-codec-http2-4.1.30.Final.jar:/home/user/.m2/repository/io/netty/netty-codec-http/4.1.30.Final/netty-codec-http-4.1.30.Final.jar:/home/user/.m2/repository/io/netty/netty-codec/4.1.30.Final/netty-codec-4.1.30.Final.jar:/home/user/.m2/repository/io/netty/netty-handler/4.1.30.Final/netty-handler-4.1.30.Final.jar:/home/user/.m2/repository/io/netty/netty-handler-proxy/4.1.30.Final/netty-handler-proxy-4.1.30.Final.jar:/home/user/.m2/repository/io/netty/netty-codec-socks/4.1.30.Final/netty-codec-socks-4.1.30.Final.jar:/home/user/.m2/repository/io/netty/netty-transport-native-epoll/4.1.30.Final/netty-transport-native-epoll-4.1.30.Final.jar:/home/user/.m2/repository/io/netty/netty-common/4.1.30.Final/netty-common-4.1.30.Final.jar:/home/user/.m2/repository/io/netty/netty-buffer/4.1.30.Final/netty-buffer-4.1.30.Final.jar:/home/user/.m2/repository/io/netty/netty-transport/4.1.30.Final/netty-transport-4.1.30.Final.jar:/home/user/.m2/repository/io/netty/netty-resolver/4.1.30.Final/netty-resolver-4.1.30.Final.jar:/home/user/.m2/repository/io/netty/netty-transport-native-unix-common/4.1.30.Final/netty-transport-native-unix-common-4.1.30.Final.jar:/home/user/.m2/repository/io/grpc/grpc-protobuf/1.17.1/grpc-protobuf-1.17.1.jar:/home/user/.m2/repository/com/google/api/grpc/proto-google-common-protos/1.0.0/proto-google-common-protos-1.0.0.jar:/home/user/.m2/repository/io/grpc/grpc-protobuf-lite/1.17.1/grpc-protobuf-lite-1.17.1.jar:/home/user/.m2/repository/io/grpc/grpc-stub/1.17.1/grpc-stub-1.17.1.jar:/home/user/.m2/repository/org/apache/hadoop/hadoop-ozone-recon/0.5.0-SNAPSHOT/hadoop-ozone-recon-0.5.0-SNAPSHOT.jar:/home/user/.m2/repository/org/apache/hadoop/hadoop-ozone-reconcodegen/0.5.0-SNAPSHOT/hadoop-ozone-reconcodegen-0.5.0-SNAPSHOT.jar:/home/user/.m2/repository/com/google/inject/extensions/guice-multibindings/4.0/guice-multibindings-4.0.jar:/home/user/.m2/repository/com/google/inject/guice/4.0/guice-4.0.jar:/home/user/.m2/repository/aopalliance/aopalliance/1.0/aopalliance-1.0.jar:/home/user/.m2/repository/com/google/inject/extensions/guice-servlet/4.0/guice-servlet-4.0.jar:/home/user/.m2/repository/org/glassfish/jersey/containers/jersey-container-servlet/2.27/jersey-container-servlet-2.27.jar:/home/user/.m2/repository/org/glassfish/hk2/guice-bridge/2.5.0/guice-bridge-2.5.0.jar:/home/user/.m2/repository/org/glassfish/jersey/core/jersey-server/2.27/jersey-server-2.27.jar:/home/user/.m2/repository/org/glassfish/jersey/core/jersey-client/2.27/jersey-client-2.27.jar:/home/user/.m2/repository/org/glassfish/jersey/media/jersey-media-jaxb/2.27/jersey-media-jaxb-2.27.jar:/home/user/.m2/repository/javax/validation/validation-api/1.1.0.Final/validation-api-1.1.0.Final.jar:/home/user/.m2/repository/org/glassfish/jersey/media/jersey-media-json-jackson/2.27/jersey-media-json-jackson-2.27.jar:/home/user/.m2/repository/org/glassfish/jersey/ext/jersey-entity-filtering/2.27/jersey-entity-filtering-2.27.jar:/home/user/.m2/repository/com/google/inject/extensions/guice-assistedinject/4.0/guice-assistedinject-4.0.jar:/home/user/.m2/repository/org/jooq/jooq/3.11.10/jooq-3.11.10.jar:/home/user/.m2/repository/org/jooq/jooq-meta/3.11.10/jooq-meta-3.11.10.jar:/home/user/.m2/repository/org/jooq/jooq-codegen/3.11.10/jooq-codegen-3.11.10.jar:/home/user/.m2/repository/com/jolbox/bonecp/0.8.0.RELEASE/bonecp-0.8.0.RELEASE.jar:/home/user/.m2/repository/org/xerial/sqlite-jdbc/3.25.2/sqlite-jdbc-3.25.2.jar:/home/user/.m2/repository/org/springframework/spring-jdbc/5.1.3.RELEASE/spring-jdbc-5.1.3.RELEASE.jar:/home/user/.m2/repository/org/springframework/spring-beans/5.1.3.RELEASE/spring-beans-5.1.3.RELEASE.jar:/home/user/.m2/repository/org/springframework/spring-core/5.1.3.RELEASE/spring-core-5.1.3.RELEASE.jar:/home/user/.m2/repository/org/springframework/spring-jcl/5.1.3.RELEASE/spring-jcl-5.1.3.RELEASE.jar:/home/user/.m2/repository/org/springframework/spring-tx/5.1.3.RELEASE/spring-tx-5.1.3.RELEASE.jar:/home/user/.m2/repository/org/apache/hadoop/hadoop-ozone-client/0.5.0-SNAPSHOT/hadoop-ozone-client-0.5.0-SNAPSHOT.jar:/home/user/.m2/repository/commons-lang/commons-lang/2.6/commons-lang-2.6.jar:/home/user/.m2/repository/org/apache/hadoop/hadoop-ozone-ozone-manager/0.5.0-SNAPSHOT/hadoop-ozone-ozone-manager-0.5.0-SNAPSHOT-tests.jar:/home/user/.m2/repository/junit/junit/4.11/junit-4.11.jar:/home/user/.m2/repository/org/hamcrest/hamcrest-core/1.3/hamcrest-core-1.3.jar:/home/user/.m2/repository/org/openjdk/jmh/jmh-core/1.19/jmh-core-1.19.jar:/home/user/.m2/repository/net/sf/jopt-simple/jopt-simple/4.6/jopt-simple-4.6.jar:/home/user/.m2/repository/org/apache/commons/commons-math3/3.1.1/commons-math3-3.1.1.jar:/home/user/.m2/repository/org/openjdk/jmh/jmh-generator-annprocess/1.19/jmh-generator-annprocess-1.19.jar:/home/user/.m2/repository/org/mockito/mockito-all/1.8.5/mockito-all-1.8.5.jar:/home/user/.m2/repository/org/apache/hadoop/hadoop-kms/3.2.0/hadoop-kms-3.2.0.jar:/home/user/.m2/repository/org/apache/hadoop/hadoop-auth/3.2.0/hadoop-auth-3.2.0.jar:/home/user/.m2/repository/com/nimbusds/nimbus-jose-jwt/4.41.1/nimbus-jose-jwt-4.41.1.jar:/home/user/.m2/repository/com/github/stephenc/jcip/jcip-annotations/1.0-1/jcip-annotations-1.0-1.jar:/home/user/.m2/repository/net/minidev/json-smart/2.3/json-smart-2.3.jar:/home/user/.m2/repository/net/minidev/accessors-smart/1.2/accessors-smart-1.2.jar:/home/user/.m2/repository/org/ow2/asm/asm/5.0.4/asm-5.0.4.jar:/home/user/.m2/repository/org/apache/curator/curator-framework/2.12.0/curator-framework-2.12.0.jar:/home/user/.m2/repository/com/sun/jersey/jersey-core/1.19/jersey-core-1.19.jar:/home/user/.m2/repository/javax/ws/rs/jsr311-api/1.1.1/jsr311-api-1.1.1.jar:/home/user/.m2/repository/com/sun/jersey/jersey-server/1.19/jersey-server-1.19.jar:/home/user/.m2/repository/javax/servlet/javax.servlet-api/3.1.0/javax.servlet-api-3.1.0.jar:/home/user/.m2/repository/org/eclipse/jetty/jetty-server/9.3.25.v20180904/jetty-server-9.3.25.v20180904.jar:/home/user/.m2/repository/org/eclipse/jetty/jetty-http/9.3.25.v20180904/jetty-http-9.3.25.v20180904.jar:/home/user/.m2/repository/org/eclipse/jetty/jetty-io/9.3.25.v20180904/jetty-io-9.3.25.v20180904.jar:/home/user/.m2/repository/org/eclipse/jetty/jetty-webapp/9.3.25.v20180904/jetty-webapp-9.3.25.v20180904.jar:/home/user/.m2/repository/org/eclipse/jetty/jetty-xml/9.3.25.v20180904/jetty-xml-9.3.25.v20180904.jar:/home/user/.m2/repository/log4j/log4j/1.2.17/log4j-1.2.17.jar:/home/user/.m2/repository/org/slf4j/slf4j-api/1.7.25/slf4j-api-1.7.25.jar:/home/user/.m2/repository/org/slf4j/jul-to-slf4j/1.7.25/jul-to-slf4j-1.7.25.jar:/home/user/.m2/repository/org/eclipse/jetty/jetty-util/9.3.25.v20180904/jetty-util-9.3.25.v20180904.jar:/home/user/.m2/repository/com/fasterxml/jackson/core/jackson-databind/2.9.9/jackson-databind-2.9.9.jar:/home/user/.m2/repository/org/apache/hadoop/hadoop-kms/3.2.0/hadoop-kms-3.2.0-tests.jar:/home/user/.m2/repository/org/apache/hadoop/hadoop-hdds-server-scm/0.5.0-SNAPSHOT/hadoop-hdds-server-scm-0.5.0-SNAPSHOT-tests.jar:/home/user/.m2/repository/org/apache/hadoop/hadoop-hdds-container-service/0.5.0-SNAPSHOT/hadoop-hdds-container-service-0.5.0-SNAPSHOT-tests.jar:/home/user/.m2/repository/org/yaml/snakeyaml/1.16/snakeyaml-1.16.jar:/home/user/.m2/repository/org/apache/hadoop/hadoop-common/3.2.0/hadoop-common-3.2.0-tests.jar:/home/user/.m2/repository/org/apache/hadoop/hadoop-annotations/3.2.0/hadoop-annotations-3.2.0.jar:/usr/lib/jvm/java-1.8.0-openjdk-1.8.0.222.b10-1.el7_7.x86_64/jre/../lib/tools.jar:/home/user/.m2/repository/commons-cli/commons-cli/1.2/commons-cli-1.2.jar:/home/user/.m2/repository/org/apache/httpcomponents/httpclient/4.5.2/httpclient-4.5.2.jar:/home/user/.m2/repository/org/apache/httpcomponents/httpcore/4.4.4/httpcore-4.4.4.jar:/home/user/.m2/repository/commons-codec/commons-codec/1.11/commons-codec-1.11.jar:/home/user/.m2/repository/commons-net/commons-net/3.6/commons-net-3.6.jar:/home/user/.m2/repository/commons-collections/commons-collections/3.2.2/commons-collections-3.2.2.jar:/home/user/.m2/repository/org/eclipse/jetty/jetty-servlet/9.3.25.v20180904/jetty-servlet-9.3.25.v20180904.jar:/home/user/.m2/repository/org/eclipse/jetty/jetty-security/9.3.25.v20180904/jetty-security-9.3.25.v20180904.jar:/home/user/.m2/repository/javax/servlet/jsp/jsp-api/2.1/jsp-api-2.1.jar:/home/user/.m2/repository/com/sun/jersey/jersey-servlet/1.19/jersey-servlet-1.19.jar:/home/user/.m2/repository/com/sun/jersey/jersey-json/1.19/jersey-json-1.19.jar:/home/user/.m2/repository/org/codehaus/jettison/jettison/1.1/jettison-1.1.jar:/home/user/.m2/repository/org/codehaus/jackson/jackson-core-asl/1.9.13/jackson-core-asl-1.9.13.jar:/home/user/.m2/repository/org/codehaus/jackson/jackson-mapper-asl/1.9.13/jackson-mapper-asl-1.9.13.jar:/home/user/.m2/repository/org/codehaus/jackson/jackson-jaxrs/1.9.13/jackson-jaxrs-1.9.13.jar:/home/user/.m2/repository/org/codehaus/jackson/jackson-xc/1.9.13/jackson-xc-1.9.13.jar:/home/user/.m2/repository/commons-logging/commons-logging/1.1.3/commons-logging-1.1.3.jar:/home/user/.m2/repository/commons-beanutils/commons-beanutils/1.9.4/commons-beanutils-1.9.4.jar:/home/user/.m2/repository/org/apache/commons/commons-configuration2/2.1.1/commons-configuration2-2.1.1.jar:/home/user/.m2/repository/org/apache/commons/commons-lang3/3.7/commons-lang3-3.7.jar:/home/user/.m2/repository/org/apache/commons/commons-text/1.4/commons-text-1.4.jar:/home/user/.m2/repository/org/apache/avro/avro/1.7.7/avro-1.7.7.jar:/home/user/.m2/repository/com/thoughtworks/paranamer/paranamer/2.3/paranamer-2.3.jar:/home/user/.m2/repository/org/xerial/snappy/snappy-java/1.0.5/snappy-java-1.0.5.jar:/home/user/.m2/repository/com/google/re2j/re2j/1.1/re2j-1.1.jar:/home/user/.m2/repository/com/google/code/gson/gson/2.2.4/gson-2.2.4.jar:/home/user/.m2/repository/com/jcraft/jsch/0.1.54/jsch-0.1.54.jar:/home/user/.m2/repository/org/apache/curator/curator-client/2.12.0/curator-client-2.12.0.jar:/home/user/.m2/repository/org/apache/curator/curator-recipes/2.12.0/curator-recipes-2.12.0.jar:/home/user/.m2/repository/com/google/code/findbugs/jsr305/3.0.0/jsr305-3.0.0.jar:/home/user/.m2/repository/org/apache/htrace/htrace-core4/4.1.0-incubating/htrace-core4-4.1.0-incubating.jar:/home/user/.m2/repository/org/apache/zookeeper/zookeeper/3.4.13/zookeeper-3.4.13.jar:/home/user/.m2/repository/jline/jline/0.9.94/jline-0.9.94.jar:/home/user/.m2/repository/org/apache/yetus/audience-annotations/0.5.0/audience-annotations-0.5.0.jar:/home/user/.m2/repository/org/codehaus/woodstox/stax2-api/3.1.4/stax2-api-3.1.4.jar:/home/user/.m2/repository/com/fasterxml/woodstox/woodstox-core/5.0.3/woodstox-core-5.0.3.jar:/home/user/.m2/repository/dnsjava/dnsjava/2.1.7/dnsjava-2.1.7.jar:/home/user/.m2/repository/org/apache/hadoop/hadoop-hdfs/3.2.0/hadoop-hdfs-3.2.0-tests.jar:/home/user/.m2/repository/org/eclipse/jetty/jetty-util-ajax/9.3.25.v20180904/jetty-util-ajax-9.3.25.v20180904.jar:/home/user/.m2/repository/commons-daemon/commons-daemon/1.0.13/commons-daemon-1.0.13.jar:/home/user/.m2/repository/io/netty/netty/3.10.5.Final/netty-3.10.5.Final.jar:/home/user/.m2/repository/io/netty/netty-all/4.0.52.Final/netty-all-4.0.52.Final.jar:/home/user/.m2/repository/org/fusesource/leveldbjni/leveldbjni-all/1.8/leveldbjni-all-1.8.jar:"/>
    <property name="java.vm.vendor" value="Oracle Corporation"/>
    <property name="sun.arch.data.model" value="64"/>
    <property name="test.build.dir" value="/workdir/hadoop-ozone/integration-test/target/test-dir"/>
    <property name="test.cache.data" value=""/>
    <property name="java.vendor.url" value="http://java.oracle.com/"/>
    <property name="user.timezone" value=""/>
    <property name="java.vm.specification.version" value="1.8"/>
    <property name="os.name" value="Linux"/>
    <property name="test.build.data" value="/workdir/hadoop-ozone/integration-test/target/test-dir"/>
    <property name="user.country" value="US"/>
    <property name="sun.java.launcher" value="SUN_STANDARD"/>
    <property name="sun.boot.library.path" value="/usr/lib/jvm/java-1.8.0-openjdk-1.8.0.222.b10-1.el7_7.x86_64/jre/lib/amd64"/>
    <property name="sun.java.command" value="/workdir/hadoop-ozone/integration-test/target/surefire/surefirebooter685331001764861596.jar /workdir/hadoop-ozone/integration-test/target/surefire 2019-10-16T00-16-56_751-jvmRun1 surefire6029515586188473394tmp surefire_487381587941407546911tmp"/>
    <property name="surefire.test.class.path" value="/workdir/hadoop-ozone/integration-test/target/test-classes:/workdir/hadoop-ozone/integration-test/target/classes:/home/user/.m2/repository/org/apache/hadoop/hadoop-ozone-common/0.5.0-SNAPSHOT/hadoop-ozone-common-0.5.0-SNAPSHOT.jar:/home/user/.m2/repository/org/apache/commons/commons-compress/1.4.1/commons-compress-1.4.1.jar:/home/user/.m2/repository/org/tukaani/xz/1.0/xz-1.0.jar:/home/user/.m2/repository/org/apache/hadoop/hadoop-common/3.2.0/hadoop-common-3.2.0.jar:/home/user/.m2/repository/org/apache/hadoop/hadoop-hdfs/3.2.0/hadoop-hdfs-3.2.0.jar:/home/user/.m2/repository/org/apache/hadoop/hadoop-hdfs-client/3.2.0/hadoop-hdfs-client-3.2.0.jar:/home/user/.m2/repository/com/fasterxml/jackson/core/jackson-annotations/2.9.9/jackson-annotations-2.9.9.jar:/home/user/.m2/repository/org/apache/hadoop/hadoop-hdds-common/0.5.0-SNAPSHOT/hadoop-hdds-common-0.5.0-SNAPSHOT.jar:/home/user/.m2/repository/javax/annotation/javax.annotation-api/1.2/javax.annotation-api-1.2.jar:/home/user/.m2/repository/org/apache/ratis/ratis-server/0.5.0-3f446aa-SNAPSHOT/ratis-server-0.5.0-3f446aa-SNAPSHOT.jar:/home/user/.m2/repository/org/apache/ratis/ratis-thirdparty-misc/0.2.0/ratis-thirdparty-misc-0.2.0.jar:/home/user/.m2/repository/org/apache/ratis/ratis-proto/0.5.0-3f446aa-SNAPSHOT/ratis-proto-0.5.0-3f446aa-SNAPSHOT.jar:/home/user/.m2/repository/org/apache/ratis/ratis-common/0.5.0-3f446aa-SNAPSHOT/ratis-common-0.5.0-3f446aa-SNAPSHOT.jar:/home/user/.m2/repository/org/apache/ratis/ratis-client/0.5.0-3f446aa-SNAPSHOT/ratis-client-0.5.0-3f446aa-SNAPSHOT.jar:/home/user/.m2/repository/org/apache/ratis/ratis-metrics/0.5.0-3f446aa-SNAPSHOT/ratis-metrics-0.5.0-3f446aa-SNAPSHOT.jar:/home/user/.m2/repository/com/github/joshelser/dropwizard-metrics-hadoop-metrics2-reporter/0.1.2/dropwizard-metrics-hadoop-metrics2-reporter-0.1.2.jar:/home/user/.m2/repository/io/dropwizard/metrics/metrics-jvm/3.2.5/metrics-jvm-3.2.5.jar:/home/user/.m2/repository/io/dropwizard/metrics/metrics-ganglia/3.2.5/metrics-ganglia-3.2.5.jar:/home/user/.m2/repository/info/ganglia/gmetric4j/gmetric4j/1.0.7/gmetric4j-1.0.7.jar:/home/user/.m2/repository/org/apache/ratis/ratis-netty/0.5.0-3f446aa-SNAPSHOT/ratis-netty-0.5.0-3f446aa-SNAPSHOT.jar:/home/user/.m2/repository/org/apache/ratis/ratis-grpc/0.5.0-3f446aa-SNAPSHOT/ratis-grpc-0.5.0-3f446aa-SNAPSHOT.jar:/home/user/.m2/repository/org/rocksdb/rocksdbjni/6.0.1/rocksdbjni-6.0.1.jar:/home/user/.m2/repository/org/apache/logging/log4j/log4j-api/2.11.0/log4j-api-2.11.0.jar:/home/user/.m2/repository/org/apache/logging/log4j/log4j-core/2.11.0/log4j-core-2.11.0.jar:/home/user/.m2/repository/com/lmax/disruptor/3.4.2/disruptor-3.4.2.jar:/home/user/.m2/repository/org/apache/commons/commons-pool2/2.6.0/commons-pool2-2.6.0.jar:/home/user/.m2/repository/org/bouncycastle/bcpkix-jdk15on/1.60/bcpkix-jdk15on-1.60.jar:/home/user/.m2/repository/commons-validator/commons-validator/1.6/commons-validator-1.6.jar:/home/user/.m2/repository/commons-digester/commons-digester/1.8.1/commons-digester-1.8.1.jar:/home/user/.m2/repository/io/jaegertracing/jaeger-client/0.34.0/jaeger-client-0.34.0.jar:/home/user/.m2/repository/io/jaegertracing/jaeger-thrift/0.34.0/jaeger-thrift-0.34.0.jar:/home/user/.m2/repository/org/apache/thrift/libthrift/0.12.0/libthrift-0.12.0.jar:/home/user/.m2/repository/com/squareup/okhttp3/okhttp/3.9.0/okhttp-3.9.0.jar:/home/user/.m2/repository/com/squareup/okio/okio/1.13.0/okio-1.13.0.jar:/home/user/.m2/repository/io/jaegertracing/jaeger-core/0.34.0/jaeger-core-0.34.0.jar:/home/user/.m2/repository/io/jaegertracing/jaeger-tracerresolver/0.34.0/jaeger-tracerresolver-0.34.0.jar:/home/user/.m2/repository/io/opentracing/contrib/opentracing-tracerresolver/0.1.5/opentracing-tracerresolver-0.1.5.jar:/home/user/.m2/repository/io/opentracing/opentracing-util/0.31.0/opentracing-util-0.31.0.jar:/home/user/.m2/repository/io/opentracing/opentracing-api/0.31.0/opentracing-api-0.31.0.jar:/home/user/.m2/repository/io/opentracing/opentracing-noop/0.31.0/opentracing-noop-0.31.0.jar:/home/user/.m2/repository/org/apache/hadoop/hadoop-hdds-server-framework/0.5.0-SNAPSHOT/hadoop-hdds-server-framework-0.5.0-SNAPSHOT.jar:/home/user/.m2/repository/org/apache/hadoop/hadoop-hdds-container-service/0.5.0-SNAPSHOT/hadoop-hdds-container-service-0.5.0-SNAPSHOT.jar:/home/user/.m2/repository/org/apache/hadoop/hadoop-hdds-client/0.5.0-SNAPSHOT/hadoop-hdds-client-0.5.0-SNAPSHOT.jar:/home/user/.m2/repository/org/apache/hadoop/hadoop-hdds-tools/0.5.0-SNAPSHOT/hadoop-hdds-tools-0.5.0-SNAPSHOT.jar:/home/user/.m2/repository/org/apache/hadoop/hadoop-hdds-server-scm/0.5.0-SNAPSHOT/hadoop-hdds-server-scm-0.5.0-SNAPSHOT.jar:/home/user/.m2/repository/org/apache/hadoop/hadoop-hdds-docs/0.5.0-SNAPSHOT/hadoop-hdds-docs-0.5.0-SNAPSHOT.jar:/home/user/.m2/repository/io/dropwizard/metrics/metrics-core/3.2.4/metrics-core-3.2.4.jar:/home/user/.m2/repository/org/hamcrest/hamcrest-all/1.3/hamcrest-all-1.3.jar:/home/user/.m2/repository/org/bouncycastle/bcprov-jdk15on/1.60/bcprov-jdk15on-1.60.jar:/home/user/.m2/repository/info/picocli/picocli/3.9.6/picocli-3.9.6.jar:/home/user/.m2/repository/com/google/protobuf/protobuf-java/2.5.0/protobuf-java-2.5.0.jar:/home/user/.m2/repository/com/google/guava/guava/11.0.2/guava-11.0.2.jar:/home/user/.m2/repository/org/apache/hadoop/hadoop-ozone-ozone-manager/0.5.0-SNAPSHOT/hadoop-ozone-ozone-manager-0.5.0-SNAPSHOT.jar:/home/user/.m2/repository/org/apache/hadoop/hadoop-minikdc/3.2.0/hadoop-minikdc-3.2.0.jar:/home/user/.m2/repository/commons-io/commons-io/2.5/commons-io-2.5.jar:/home/user/.m2/repository/org/apache/kerby/kerb-simplekdc/1.0.1/kerb-simplekdc-1.0.1.jar:/home/user/.m2/repository/org/apache/kerby/kerb-client/1.0.1/kerb-client-1.0.1.jar:/home/user/.m2/repository/org/apache/kerby/kerby-config/1.0.1/kerby-config-1.0.1.jar:/home/user/.m2/repository/org/apache/kerby/kerb-core/1.0.1/kerb-core-1.0.1.jar:/home/user/.m2/repository/org/apache/kerby/kerby-pkix/1.0.1/kerby-pkix-1.0.1.jar:/home/user/.m2/repository/org/apache/kerby/kerby-asn1/1.0.1/kerby-asn1-1.0.1.jar:/home/user/.m2/repository/org/apache/kerby/kerby-util/1.0.1/kerby-util-1.0.1.jar:/home/user/.m2/repository/org/apache/kerby/kerb-common/1.0.1/kerb-common-1.0.1.jar:/home/user/.m2/repository/org/apache/kerby/kerb-crypto/1.0.1/kerb-crypto-1.0.1.jar:/home/user/.m2/repository/org/apache/kerby/kerb-util/1.0.1/kerb-util-1.0.1.jar:/home/user/.m2/repository/org/apache/kerby/token-provider/1.0.1/token-provider-1.0.1.jar:/home/user/.m2/repository/org/apache/kerby/kerb-admin/1.0.1/kerb-admin-1.0.1.jar:/home/user/.m2/repository/org/apache/kerby/kerb-server/1.0.1/kerb-server-1.0.1.jar:/home/user/.m2/repository/org/apache/kerby/kerb-identity/1.0.1/kerb-identity-1.0.1.jar:/home/user/.m2/repository/org/apache/kerby/kerby-xdr/1.0.1/kerby-xdr-1.0.1.jar:/home/user/.m2/repository/org/slf4j/slf4j-log4j12/1.7.25/slf4j-log4j12-1.7.25.jar:/home/user/.m2/repository/org/apache/hadoop/hadoop-ozone-s3gateway/0.5.0-SNAPSHOT/hadoop-ozone-s3gateway-0.5.0-SNAPSHOT.jar:/home/user/.m2/repository/org/jboss/weld/servlet/weld-servlet/2.4.7.Final/weld-servlet-2.4.7.Final.jar:/home/user/.m2/repository/org/glassfish/jersey/containers/jersey-container-servlet-core/2.27/jersey-container-servlet-core-2.27.jar:/home/user/.m2/repository/org/glassfish/hk2/external/javax.inject/2.5.0-b42/javax.inject-2.5.0-b42.jar:/home/user/.m2/repository/org/glassfish/jersey/core/jersey-common/2.27/jersey-common-2.27.jar:/home/user/.m2/repository/org/glassfish/hk2/osgi-resource-locator/1.0.1/osgi-resource-locator-1.0.1.jar:/home/user/.m2/repository/javax/ws/rs/javax.ws.rs-api/2.1/javax.ws.rs-api-2.1.jar:/home/user/.m2/repository/org/glassfish/jersey/ext/cdi/jersey-cdi1x/2.27/jersey-cdi1x-2.27.jar:/home/user/.m2/repository/org/glassfish/jersey/inject/jersey-hk2/2.27/jersey-hk2-2.27.jar:/home/user/.m2/repository/org/glassfish/hk2/hk2-locator/2.5.0-b42/hk2-locator-2.5.0-b42.jar:/home/user/.m2/repository/org/javassist/javassist/3.22.0-CR2/javassist-3.22.0-CR2.jar:/home/user/.m2/repository/org/glassfish/hk2/hk2-api/2.5.0/hk2-api-2.5.0.jar:/home/user/.m2/repository/org/glassfish/hk2/external/jakarta.inject/2.5.0/jakarta.inject-2.5.0.jar:/home/user/.m2/repository/org/glassfish/hk2/hk2-utils/2.5.0/hk2-utils-2.5.0.jar:/home/user/.m2/repository/jakarta/annotation/jakarta.annotation-api/1.3.4/jakarta.annotation-api-1.3.4.jar:/home/user/.m2/repository/org/glassfish/hk2/external/aopalliance-repackaged/2.5.0/aopalliance-repackaged-2.5.0.jar:/home/user/.m2/repository/com/fasterxml/jackson/dataformat/jackson-dataformat-xml/2.9.0/jackson-dataformat-xml-2.9.0.jar:/home/user/.m2/repository/com/fasterxml/jackson/core/jackson-core/2.9.9/jackson-core-2.9.9.jar:/home/user/.m2/repository/com/fasterxml/jackson/module/jackson-module-jaxb-annotations/2.9.9/jackson-module-jaxb-annotations-2.9.9.jar:/home/user/.m2/repository/javax/enterprise/cdi-api/1.2/cdi-api-1.2.jar:/home/user/.m2/repository/javax/el/javax.el-api/3.0.0/javax.el-api-3.0.0.jar:/home/user/.m2/repository/javax/interceptor/javax.interceptor-api/1.2/javax.interceptor-api-1.2.jar:/home/user/.m2/repository/javax/inject/javax.inject/1/javax.inject-1.jar:/home/user/.m2/repository/com/sun/xml/bind/jaxb-impl/2.3.0.1/jaxb-impl-2.3.0.1.jar:/home/user/.m2/repository/com/sun/xml/bind/jaxb-core/2.3.0.1/jaxb-core-2.3.0.1.jar:/home/user/.m2/repository/javax/xml/bind/jaxb-api/2.3.0/jaxb-api-2.3.0.jar:/home/user/.m2/repository/javax/activation/activation/1.1.1/activation-1.1.1.jar:/home/user/.m2/repository/org/apache/hadoop/hadoop-ozone-csi/0.5.0-SNAPSHOT/hadoop-ozone-csi-0.5.0-SNAPSHOT.jar:/home/user/.m2/repository/com/google/protobuf/protobuf-java-util/3.5.1/protobuf-java-util-3.5.1.jar:/home/user/.m2/repository/org/apache/hadoop/hadoop-hdds-config/0.5.0-SNAPSHOT/hadoop-hdds-config-0.5.0-SNAPSHOT.jar:/home/user/.m2/repository/io/grpc/grpc-netty/1.17.1/grpc-netty-1.17.1.jar:/home/user/.m2/repository/io/grpc/grpc-core/1.17.1/grpc-core-1.17.1.jar:/home/user/.m2/repository/io/grpc/grpc-context/1.17.1/grpc-context-1.17.1.jar:/home/user/.m2/repository/com/google/errorprone/error_prone_annotations/2.2.0/error_prone_annotations-2.2.0.jar:/home/user/.m2/repository/org/codehaus/mojo/animal-sniffer-annotations/1.17/animal-sniffer-annotations-1.17.jar:/home/user/.m2/repository/io/opencensus/opencensus-api/0.17.0/opencensus-api-0.17.0.jar:/home/user/.m2/repository/io/opencensus/opencensus-contrib-grpc-metrics/0.17.0/opencensus-contrib-grpc-metrics-0.17.0.jar:/home/user/.m2/repository/io/netty/netty-codec-http2/4.1.30.Final/netty-codec-http2-4.1.30.Final.jar:/home/user/.m2/repository/io/netty/netty-codec-http/4.1.30.Final/netty-codec-http-4.1.30.Final.jar:/home/user/.m2/repository/io/netty/netty-codec/4.1.30.Final/netty-codec-4.1.30.Final.jar:/home/user/.m2/repository/io/netty/netty-handler/4.1.30.Final/netty-handler-4.1.30.Final.jar:/home/user/.m2/repository/io/netty/netty-handler-proxy/4.1.30.Final/netty-handler-proxy-4.1.30.Final.jar:/home/user/.m2/repository/io/netty/netty-codec-socks/4.1.30.Final/netty-codec-socks-4.1.30.Final.jar:/home/user/.m2/repository/io/netty/netty-transport-native-epoll/4.1.30.Final/netty-transport-native-epoll-4.1.30.Final.jar:/home/user/.m2/repository/io/netty/netty-common/4.1.30.Final/netty-common-4.1.30.Final.jar:/home/user/.m2/repository/io/netty/netty-buffer/4.1.30.Final/netty-buffer-4.1.30.Final.jar:/home/user/.m2/repository/io/netty/netty-transport/4.1.30.Final/netty-transport-4.1.30.Final.jar:/home/user/.m2/repository/io/netty/netty-resolver/4.1.30.Final/netty-resolver-4.1.30.Final.jar:/home/user/.m2/repository/io/netty/netty-transport-native-unix-common/4.1.30.Final/netty-transport-native-unix-common-4.1.30.Final.jar:/home/user/.m2/repository/io/grpc/grpc-protobuf/1.17.1/grpc-protobuf-1.17.1.jar:/home/user/.m2/repository/com/google/api/grpc/proto-google-common-protos/1.0.0/proto-google-common-protos-1.0.0.jar:/home/user/.m2/repository/io/grpc/grpc-protobuf-lite/1.17.1/grpc-protobuf-lite-1.17.1.jar:/home/user/.m2/repository/io/grpc/grpc-stub/1.17.1/grpc-stub-1.17.1.jar:/home/user/.m2/repository/org/apache/hadoop/hadoop-ozone-recon/0.5.0-SNAPSHOT/hadoop-ozone-recon-0.5.0-SNAPSHOT.jar:/home/user/.m2/repository/org/apache/hadoop/hadoop-ozone-reconcodegen/0.5.0-SNAPSHOT/hadoop-ozone-reconcodegen-0.5.0-SNAPSHOT.jar:/home/user/.m2/repository/com/google/inject/extensions/guice-multibindings/4.0/guice-multibindings-4.0.jar:/home/user/.m2/repository/com/google/inject/guice/4.0/guice-4.0.jar:/home/user/.m2/repository/aopalliance/aopalliance/1.0/aopalliance-1.0.jar:/home/user/.m2/repository/com/google/inject/extensions/guice-servlet/4.0/guice-servlet-4.0.jar:/home/user/.m2/repository/org/glassfish/jersey/containers/jersey-container-servlet/2.27/jersey-container-servlet-2.27.jar:/home/user/.m2/repository/org/glassfish/hk2/guice-bridge/2.5.0/guice-bridge-2.5.0.jar:/home/user/.m2/repository/org/glassfish/jersey/core/jersey-server/2.27/jersey-server-2.27.jar:/home/user/.m2/repository/org/glassfish/jersey/core/jersey-client/2.27/jersey-client-2.27.jar:/home/user/.m2/repository/org/glassfish/jersey/media/jersey-media-jaxb/2.27/jersey-media-jaxb-2.27.jar:/home/user/.m2/repository/javax/validation/validation-api/1.1.0.Final/validation-api-1.1.0.Final.jar:/home/user/.m2/repository/org/glassfish/jersey/media/jersey-media-json-jackson/2.27/jersey-media-json-jackson-2.27.jar:/home/user/.m2/repository/org/glassfish/jersey/ext/jersey-entity-filtering/2.27/jersey-entity-filtering-2.27.jar:/home/user/.m2/repository/com/google/inject/extensions/guice-assistedinject/4.0/guice-assistedinject-4.0.jar:/home/user/.m2/repository/org/jooq/jooq/3.11.10/jooq-3.11.10.jar:/home/user/.m2/repository/org/jooq/jooq-meta/3.11.10/jooq-meta-3.11.10.jar:/home/user/.m2/repository/org/jooq/jooq-codegen/3.11.10/jooq-codegen-3.11.10.jar:/home/user/.m2/repository/com/jolbox/bonecp/0.8.0.RELEASE/bonecp-0.8.0.RELEASE.jar:/home/user/.m2/repository/org/xerial/sqlite-jdbc/3.25.2/sqlite-jdbc-3.25.2.jar:/home/user/.m2/repository/org/springframework/spring-jdbc/5.1.3.RELEASE/spring-jdbc-5.1.3.RELEASE.jar:/home/user/.m2/repository/org/springframework/spring-beans/5.1.3.RELEASE/spring-beans-5.1.3.RELEASE.jar:/home/user/.m2/repository/org/springframework/spring-core/5.1.3.RELEASE/spring-core-5.1.3.RELEASE.jar:/home/user/.m2/repository/org/springframework/spring-jcl/5.1.3.RELEASE/spring-jcl-5.1.3.RELEASE.jar:/home/user/.m2/repository/org/springframework/spring-tx/5.1.3.RELEASE/spring-tx-5.1.3.RELEASE.jar:/home/user/.m2/repository/org/apache/hadoop/hadoop-ozone-client/0.5.0-SNAPSHOT/hadoop-ozone-client-0.5.0-SNAPSHOT.jar:/home/user/.m2/repository/commons-lang/commons-lang/2.6/commons-lang-2.6.jar:/home/user/.m2/repository/org/apache/hadoop/hadoop-ozone-ozone-manager/0.5.0-SNAPSHOT/hadoop-ozone-ozone-manager-0.5.0-SNAPSHOT-tests.jar:/home/user/.m2/repository/junit/junit/4.11/junit-4.11.jar:/home/user/.m2/repository/org/hamcrest/hamcrest-core/1.3/hamcrest-core-1.3.jar:/home/user/.m2/repository/org/openjdk/jmh/jmh-core/1.19/jmh-core-1.19.jar:/home/user/.m2/repository/net/sf/jopt-simple/jopt-simple/4.6/jopt-simple-4.6.jar:/home/user/.m2/repository/org/apache/commons/commons-math3/3.1.1/commons-math3-3.1.1.jar:/home/user/.m2/repository/org/openjdk/jmh/jmh-generator-annprocess/1.19/jmh-generator-annprocess-1.19.jar:/home/user/.m2/repository/org/mockito/mockito-all/1.8.5/mockito-all-1.8.5.jar:/home/user/.m2/repository/org/apache/hadoop/hadoop-kms/3.2.0/hadoop-kms-3.2.0.jar:/home/user/.m2/repository/org/apache/hadoop/hadoop-auth/3.2.0/hadoop-auth-3.2.0.jar:/home/user/.m2/repository/com/nimbusds/nimbus-jose-jwt/4.41.1/nimbus-jose-jwt-4.41.1.jar:/home/user/.m2/repository/com/github/stephenc/jcip/jcip-annotations/1.0-1/jcip-annotations-1.0-1.jar:/home/user/.m2/repository/net/minidev/json-smart/2.3/json-smart-2.3.jar:/home/user/.m2/repository/net/minidev/accessors-smart/1.2/accessors-smart-1.2.jar:/home/user/.m2/repository/org/ow2/asm/asm/5.0.4/asm-5.0.4.jar:/home/user/.m2/repository/org/apache/curator/curator-framework/2.12.0/curator-framework-2.12.0.jar:/home/user/.m2/repository/com/sun/jersey/jersey-core/1.19/jersey-core-1.19.jar:/home/user/.m2/repository/javax/ws/rs/jsr311-api/1.1.1/jsr311-api-1.1.1.jar:/home/user/.m2/repository/com/sun/jersey/jersey-server/1.19/jersey-server-1.19.jar:/home/user/.m2/repository/javax/servlet/javax.servlet-api/3.1.0/javax.servlet-api-3.1.0.jar:/home/user/.m2/repository/org/eclipse/jetty/jetty-server/9.3.25.v20180904/jetty-server-9.3.25.v20180904.jar:/home/user/.m2/repository/org/eclipse/jetty/jetty-http/9.3.25.v20180904/jetty-http-9.3.25.v20180904.jar:/home/user/.m2/repository/org/eclipse/jetty/jetty-io/9.3.25.v20180904/jetty-io-9.3.25.v20180904.jar:/home/user/.m2/repository/org/eclipse/jetty/jetty-webapp/9.3.25.v20180904/jetty-webapp-9.3.25.v20180904.jar:/home/user/.m2/repository/org/eclipse/jetty/jetty-xml/9.3.25.v20180904/jetty-xml-9.3.25.v20180904.jar:/home/user/.m2/repository/log4j/log4j/1.2.17/log4j-1.2.17.jar:/home/user/.m2/repository/org/slf4j/slf4j-api/1.7.25/slf4j-api-1.7.25.jar:/home/user/.m2/repository/org/slf4j/jul-to-slf4j/1.7.25/jul-to-slf4j-1.7.25.jar:/home/user/.m2/repository/org/eclipse/jetty/jetty-util/9.3.25.v20180904/jetty-util-9.3.25.v20180904.jar:/home/user/.m2/repository/com/fasterxml/jackson/core/jackson-databind/2.9.9/jackson-databind-2.9.9.jar:/home/user/.m2/repository/org/apache/hadoop/hadoop-kms/3.2.0/hadoop-kms-3.2.0-tests.jar:/home/user/.m2/repository/org/apache/hadoop/hadoop-hdds-server-scm/0.5.0-SNAPSHOT/hadoop-hdds-server-scm-0.5.0-SNAPSHOT-tests.jar:/home/user/.m2/repository/org/apache/hadoop/hadoop-hdds-container-service/0.5.0-SNAPSHOT/hadoop-hdds-container-service-0.5.0-SNAPSHOT-tests.jar:/home/user/.m2/repository/org/yaml/snakeyaml/1.16/snakeyaml-1.16.jar:/home/user/.m2/repository/org/apache/hadoop/hadoop-common/3.2.0/hadoop-common-3.2.0-tests.jar:/home/user/.m2/repository/org/apache/hadoop/hadoop-annotations/3.2.0/hadoop-annotations-3.2.0.jar:/usr/lib/jvm/java-1.8.0-openjdk-1.8.0.222.b10-1.el7_7.x86_64/jre/../lib/tools.jar:/home/user/.m2/repository/commons-cli/commons-cli/1.2/commons-cli-1.2.jar:/home/user/.m2/repository/org/apache/httpcomponents/httpclient/4.5.2/httpclient-4.5.2.jar:/home/user/.m2/repository/org/apache/httpcomponents/httpcore/4.4.4/httpcore-4.4.4.jar:/home/user/.m2/repository/commons-codec/commons-codec/1.11/commons-codec-1.11.jar:/home/user/.m2/repository/commons-net/commons-net/3.6/commons-net-3.6.jar:/home/user/.m2/repository/commons-collections/commons-collections/3.2.2/commons-collections-3.2.2.jar:/home/user/.m2/repository/org/eclipse/jetty/jetty-servlet/9.3.25.v20180904/jetty-servlet-9.3.25.v20180904.jar:/home/user/.m2/repository/org/eclipse/jetty/jetty-security/9.3.25.v20180904/jetty-security-9.3.25.v20180904.jar:/home/user/.m2/repository/javax/servlet/jsp/jsp-api/2.1/jsp-api-2.1.jar:/home/user/.m2/repository/com/sun/jersey/jersey-servlet/1.19/jersey-servlet-1.19.jar:/home/user/.m2/repository/com/sun/jersey/jersey-json/1.19/jersey-json-1.19.jar:/home/user/.m2/repository/org/codehaus/jettison/jettison/1.1/jettison-1.1.jar:/home/user/.m2/repository/org/codehaus/jackson/jackson-core-asl/1.9.13/jackson-core-asl-1.9.13.jar:/home/user/.m2/repository/org/codehaus/jackson/jackson-mapper-asl/1.9.13/jackson-mapper-asl-1.9.13.jar:/home/user/.m2/repository/org/codehaus/jackson/jackson-jaxrs/1.9.13/jackson-jaxrs-1.9.13.jar:/home/user/.m2/repository/org/codehaus/jackson/jackson-xc/1.9.13/jackson-xc-1.9.13.jar:/home/user/.m2/repository/commons-logging/commons-logging/1.1.3/commons-logging-1.1.3.jar:/home/user/.m2/repository/commons-beanutils/commons-beanutils/1.9.4/commons-beanutils-1.9.4.jar:/home/user/.m2/repository/org/apache/commons/commons-configuration2/2.1.1/commons-configuration2-2.1.1.jar:/home/user/.m2/repository/org/apache/commons/commons-lang3/3.7/commons-lang3-3.7.jar:/home/user/.m2/repository/org/apache/commons/commons-text/1.4/commons-text-1.4.jar:/home/user/.m2/repository/org/apache/avro/avro/1.7.7/avro-1.7.7.jar:/home/user/.m2/repository/com/thoughtworks/paranamer/paranamer/2.3/paranamer-2.3.jar:/home/user/.m2/repository/org/xerial/snappy/snappy-java/1.0.5/snappy-java-1.0.5.jar:/home/user/.m2/repository/com/google/re2j/re2j/1.1/re2j-1.1.jar:/home/user/.m2/repository/com/google/code/gson/gson/2.2.4/gson-2.2.4.jar:/home/user/.m2/repository/com/jcraft/jsch/0.1.54/jsch-0.1.54.jar:/home/user/.m2/repository/org/apache/curator/curator-client/2.12.0/curator-client-2.12.0.jar:/home/user/.m2/repository/org/apache/curator/curator-recipes/2.12.0/curator-recipes-2.12.0.jar:/home/user/.m2/repository/com/google/code/findbugs/jsr305/3.0.0/jsr305-3.0.0.jar:/home/user/.m2/repository/org/apache/htrace/htrace-core4/4.1.0-incubating/htrace-core4-4.1.0-incubating.jar:/home/user/.m2/repository/org/apache/zookeeper/zookeeper/3.4.13/zookeeper-3.4.13.jar:/home/user/.m2/repository/jline/jline/0.9.94/jline-0.9.94.jar:/home/user/.m2/repository/org/apache/yetus/audience-annotations/0.5.0/audience-annotations-0.5.0.jar:/home/user/.m2/repository/org/codehaus/woodstox/stax2-api/3.1.4/stax2-api-3.1.4.jar:/home/user/.m2/repository/com/fasterxml/woodstox/woodstox-core/5.0.3/woodstox-core-5.0.3.jar:/home/user/.m2/repository/dnsjava/dnsjava/2.1.7/dnsjava-2.1.7.jar:/home/user/.m2/repository/org/apache/hadoop/hadoop-hdfs/3.2.0/hadoop-hdfs-3.2.0-tests.jar:/home/user/.m2/repository/org/eclipse/jetty/jetty-util-ajax/9.3.25.v20180904/jetty-util-ajax-9.3.25.v20180904.jar:/home/user/.m2/repository/commons-daemon/commons-daemon/1.0.13/commons-daemon-1.0.13.jar:/home/user/.m2/repository/io/netty/netty/3.10.5.Final/netty-3.10.5.Final.jar:/home/user/.m2/repository/io/netty/netty-all/4.0.52.Final/netty-all-4.0.52.Final.jar:/home/user/.m2/repository/org/fusesource/leveldbjni/leveldbjni-all/1.8/leveldbjni-all-1.8.jar:"/>
    <property name="sun.cpu.endian" value="little"/>
    <property name="user.home" value="/home/user"/>
    <property name="user.language" value="en"/>
    <property name="java.specification.vendor" value="Oracle Corporation"/>
    <property name="java.home" value="/usr/lib/jvm/java-1.8.0-openjdk-1.8.0.222.b10-1.el7_7.x86_64/jre"/>
    <property name="surefire.excludesFile" value="/tools/ozone-bad-unit-tests"/>
    <property name="java.security.krb5.conf" value="/workdir/hadoop-ozone/integration-test/target/test-classes/krb5.conf"/>
    <property name="basedir" value="/workdir/hadoop-ozone/integration-test"/>
    <property name="file.separator" value="/"/>
    <property name="line.separator" value="&#10;"/>
    <property name="java.vm.specification.vendor" value="Oracle Corporation"/>
    <property name="java.specification.name" value="Java Platform API Specification"/>
    <property name="java.awt.graphicsenv" value="sun.awt.X11GraphicsEnvironment"/>
    <property name="surefire.real.class.path" value="/workdir/hadoop-ozone/integration-test/target/surefire/surefirebooter685331001764861596.jar"/>
    <property name="hadoop.log.dir" value="/workdir/hadoop-ozone/integration-test/target/log"/>
    <property name="sun.boot.class.path" value="/usr/lib/jvm/java-1.8.0-openjdk-1.8.0.222.b10-1.el7_7.x86_64/jre/lib/resources.jar:/usr/lib/jvm/java-1.8.0-openjdk-1.8.0.222.b10-1.el7_7.x86_64/jre/lib/rt.jar:/usr/lib/jvm/java-1.8.0-openjdk-1.8.0.222.b10-1.el7_7.x86_64/jre/lib/sunrsasign.jar:/usr/lib/jvm/java-1.8.0-openjdk-1.8.0.222.b10-1.el7_7.x86_64/jre/lib/jsse.jar:/usr/lib/jvm/java-1.8.0-openjdk-1.8.0.222.b10-1.el7_7.x86_64/jre/lib/jce.jar:/usr/lib/jvm/java-1.8.0-openjdk-1.8.0.222.b10-1.el7_7.x86_64/jre/lib/charsets.jar:/usr/lib/jvm/java-1.8.0-openjdk-1.8.0.222.b10-1.el7_7.x86_64/jre/lib/jfr.jar:/usr/lib/jvm/java-1.8.0-openjdk-1.8.0.222.b10-1.el7_7.x86_64/jre/classes"/>
    <property name="sun.management.compiler" value="HotSpot 64-Bit Tiered Compilers"/>
    <property name="java.runtime.version" value="1.8.0_222-b10"/>
    <property name="java.net.preferIPv4Stack" value="true"/>
    <property name="user.name" value="jenkins1000"/>
    <property name="path.separator" value=":"/>
    <property name="java.security.egd" value="file:///dev/urandom"/>
    <property name="os.version" value="3.10.0-957.12.2.el7.x86_64"/>
    <property name="java.endorsed.dirs" value="/usr/lib/jvm/java-1.8.0-openjdk-1.8.0.222.b10-1.el7_7.x86_64/jre/lib/endorsed"/>
    <property name="java.runtime.name" value="OpenJDK Runtime Environment"/>
    <property name="file.encoding" value="ANSI_X3.4-1968"/>
    <property name="java.vm.name" value="OpenJDK 64-Bit Server VM"/>
    <property name="test.build.webapps" value=""/>
    <property name="localRepository" value="/home/user/.m2/repository"/>
    <property name="java.vendor.url.bug" value="http://bugreport.sun.com/bugreport/"/>
    <property name="java.io.tmpdir" value="/tmp"/>
    <property name="require.test.libhadoop" value=""/>
    <property name="java.version" value="1.8.0_222"/>
    <property name="user.dir" value="/workdir/hadoop-ozone/integration-test"/>
    <property name="os.arch" value="amd64"/>
    <property name="java.vm.specification.name" value="Java Virtual Machine Specification"/>
    <property name="test.build.classes" value="/workdir/hadoop-ozone/integration-test/target/test-classes"/>
    <property name="java.awt.printerjob" value="sun.print.PSPrinterJob"/>
    <property name="sun.os.patch.level" value="unknown"/>
    <property name="hadoop.tmp.dir" value="/workdir/hadoop-ozone/integration-test/target/tmp"/>
    <property name="java.library.path" value="/usr/lib:/workdir/hadoop-ozone/integration-test/target/native/target/usr/local/lib:/workdir/hadoop-ozone/integration-test/../../hadoop-common-project/hadoop-common/target/native/target/usr/local/lib:/usr/java/packages/lib/amd64:/usr/lib64:/lib64:/lib:/usr/lib"/>
    <property name="java.vm.info" value="mixed mode"/>
    <property name="java.vendor" value="Oracle Corporation"/>
    <property name="java.vm.version" value="25.222-b10"/>
    <property name="java.ext.dirs" value="/usr/lib/jvm/java-1.8.0-openjdk-1.8.0.222.b10-1.el7_7.x86_64/jre/lib/ext:/usr/java/packages/lib/ext"/>
    <property name="sun.io.unicode.encoding" value="UnicodeLittle"/>
    <property name="java.class.version" value="52.0"/>
  </properties>
  <testcase name="testDeleteKeyWithSlowFollower" classname="org.apache.hadoop.ozone.client.rpc.TestDeleteWithSlowFollower" time="112.362">
    <failure type="java.lang.AssertionError">java.lang.AssertionError
	at org.junit.Assert.fail(Assert.java:86)
	at org.junit.Assert.assertTrue(Assert.java:41)
	at org.junit.Assert.assertTrue(Assert.java:52)
	at org.apache.hadoop.ozone.client.rpc.TestDeleteWithSlowFollower.testDeleteKeyWithSlowFollower(TestDeleteWithSlowFollower.java:265)
	at sun.reflect.NativeMethodAccessorImpl.invoke0(Native Method)
	at sun.reflect.NativeMethodAccessorImpl.invoke(NativeMethodAccessorImpl.java:62)
	at sun.reflect.DelegatingMethodAccessorImpl.invoke(DelegatingMethodAccessorImpl.java:43)
	at java.lang.reflect.Method.invoke(Method.java:498)
	at org.junit.runners.model.FrameworkMethod$1.runReflectiveCall(FrameworkMethod.java:47)
	at org.junit.internal.runners.model.ReflectiveCallable.run(ReflectiveCallable.java:12)
	at org.junit.runners.model.FrameworkMethod.invokeExplosively(FrameworkMethod.java:44)
	at org.junit.internal.runners.statements.InvokeMethod.evaluate(InvokeMethod.java:17)
	at org.junit.runners.ParentRunner.runLeaf(ParentRunner.java:271)
	at org.junit.runners.BlockJUnit4ClassRunner.runChild(BlockJUnit4ClassRunner.java:70)
	at org.junit.runners.BlockJUnit4ClassRunner.runChild(BlockJUnit4ClassRunner.java:50)
	at org.junit.runners.ParentRunner$3.run(ParentRunner.java:238)
	at org.junit.runners.ParentRunner$1.schedule(ParentRunner.java:63)
	at org.junit.runners.ParentRunner.runChildren(ParentRunner.java:236)
	at org.junit.runners.ParentRunner.access$000(ParentRunner.java:53)
	at org.junit.runners.ParentRunner$2.evaluate(ParentRunner.java:229)
	at org.junit.internal.runners.statements.RunBefores.evaluate(RunBefores.java:26)
	at org.junit.internal.runners.statements.RunAfters.evaluate(RunAfters.java:27)
	at org.junit.runners.ParentRunner.run(ParentRunner.java:309)
	at org.apache.maven.surefire.junit4.JUnit4Provider.execute(JUnit4Provider.java:365)
	at org.apache.maven.surefire.junit4.JUnit4Provider.executeWithRerun(JUnit4Provider.java:273)
	at org.apache.maven.surefire.junit4.JUnit4Provider.executeTestSet(JUnit4Provider.java:238)
	at org.apache.maven.surefire.junit4.JUnit4Provider.invoke(JUnit4Provider.java:159)
	at org.apache.maven.surefire.booter.ForkedBooter.invokeProviderInSameClassLoader(ForkedBooter.java:384)
	at org.apache.maven.surefire.booter.ForkedBooter.runSuitesInProcess(ForkedBooter.java:345)
	at org.apache.maven.surefire.booter.ForkedBooter.execute(ForkedBooter.java:126)
	at org.apache.maven.surefire.booter.ForkedBooter.main(ForkedBooter.java:418)
</failure>
    <system-out><![CDATA[2019-10-16 01:09:23,847 [main] WARN  server.ServerUtils (ServerUtils.java:getScmDbDir(145)) - ozone.scm.db.dirs is not configured. We recommend adding this setting. Falling back to ozone.metadata.dirs instead.
2019-10-16 01:09:23,986 [main] WARN  server.ServerUtils (ServerUtils.java:getScmDbDir(145)) - ozone.scm.db.dirs is not configured. We recommend adding this setting. Falling back to ozone.metadata.dirs instead.
2019-10-16 01:09:23,989 [main] WARN  server.ServerUtils (ServerUtils.java:getScmDbDir(145)) - ozone.scm.db.dirs is not configured. We recommend adding this setting. Falling back to ozone.metadata.dirs instead.
2019-10-16 01:09:24,025 [main] INFO  util.log (Log.java:initialized(192)) - Logging initialized @914ms
2019-10-16 01:09:24,130 [main] INFO  db.DBStoreBuilder (DBStoreBuilder.java:addTable(117)) - using custom profile for table: deletedBlocks
2019-10-16 01:09:24,131 [main] INFO  db.DBStoreBuilder (DBStoreBuilder.java:processTables(168)) - Using default column profile:DBProfile.DISK for Table:deletedBlocks
2019-10-16 01:09:24,131 [main] INFO  db.DBStoreBuilder (DBStoreBuilder.java:addTable(117)) - using custom profile for table: validCerts
2019-10-16 01:09:24,131 [main] INFO  db.DBStoreBuilder (DBStoreBuilder.java:processTables(168)) - Using default column profile:DBProfile.DISK for Table:validCerts
2019-10-16 01:09:24,131 [main] INFO  db.DBStoreBuilder (DBStoreBuilder.java:addTable(117)) - using custom profile for table: revokedCerts
2019-10-16 01:09:24,132 [main] INFO  db.DBStoreBuilder (DBStoreBuilder.java:processTables(168)) - Using default column profile:DBProfile.DISK for Table:revokedCerts
2019-10-16 01:09:24,143 [main] INFO  db.DBStoreBuilder (DBStoreBuilder.java:addTable(117)) - using custom profile for table: default
2019-10-16 01:09:24,143 [main] INFO  db.DBStoreBuilder (DBStoreBuilder.java:processTables(174)) - Using default column profile:DBProfile.DISK for Table:default
2019-10-16 01:09:24,145 [main] INFO  db.DBStoreBuilder (DBStoreBuilder.java:getDbProfile(205)) - Using default options. DBProfile.DISK
2019-10-16 01:09:24,495 [main] INFO  net.NodeSchemaLoader (NodeSchemaLoader.java:loadSchemaFromFile(125)) - Loading file from sun.misc.CompoundEnumeration@74235045
2019-10-16 01:09:24,497 [main] INFO  net.NodeSchemaLoader (NodeSchemaLoader.java:loadSchema(171)) - Loading network topology layer schema file
2019-10-16 01:09:24,554 [main] WARN  server.ServerUtils (ServerUtils.java:sanitizeUserArgs(70)) - ozone.scm.stale.node.interval value = 1000000 is larger than max = 100000 based on the key value of ozone.scm.heartbeat.thread.interval, reset to the max value 100000.
2019-10-16 01:09:24,556 [main] WARN  server.ServerUtils (ServerUtils.java:sanitizeUserArgs(70)) - ozone.scm.stale.node.interval value = 1000000 is larger than max = 100000 based on the key value of ozone.scm.heartbeat.thread.interval, reset to the max value 100000.
2019-10-16 01:09:24,558 [main] INFO  node.SCMNodeManager (SCMNodeManager.java:<init>(116)) - Entering startup safe mode.
2019-10-16 01:09:24,618 [main] INFO  algorithms.ContainerPlacementPolicyFactory (ContainerPlacementPolicyFactory.java:getPolicy(57)) - Create container placement policy of type org.apache.hadoop.hdds.scm.container.placement.algorithms.SCMContainerPlacementRandom
2019-10-16 01:09:24,631 [main] WARN  server.ServerUtils (ServerUtils.java:getScmDbDir(145)) - ozone.scm.db.dirs is not configured. We recommend adding this setting. Falling back to ozone.metadata.dirs instead.
2019-10-16 01:09:24,743 [main] INFO  pipeline.SCMPipelineManager (SCMPipelineManager.java:initializePipelineState(132)) - No pipeline exists in current db
2019-10-16 01:09:24,746 [main] WARN  server.ServerUtils (ServerUtils.java:getScmDbDir(145)) - ozone.scm.db.dirs is not configured. We recommend adding this setting. Falling back to ozone.metadata.dirs instead.
2019-10-16 01:09:24,928 [main] WARN  events.EventQueue (EventQueue.java:fireEvent(183)) - No event handler registered for event TypedEvent{payloadType=SafeModeStatus, name='SafeModeStatus'}
2019-10-16 01:09:25,254 [main] INFO  ipc.CallQueueManager (CallQueueManager.java:<init>(84)) - Using callQueue: class java.util.concurrent.LinkedBlockingQueue, queueCapacity: 2000, scheduler: class org.apache.hadoop.ipc.DefaultRpcScheduler, ipcBackoff: false.
2019-10-16 01:09:25,364 [Socket Reader #1 for port 40265] INFO  ipc.Server (Server.java:run(1074)) - Starting Socket Reader #1 for port 40265
2019-10-16 01:09:25,402 [main] INFO  ipc.CallQueueManager (CallQueueManager.java:<init>(84)) - Using callQueue: class java.util.concurrent.LinkedBlockingQueue, queueCapacity: 2000, scheduler: class org.apache.hadoop.ipc.DefaultRpcScheduler, ipcBackoff: false.
2019-10-16 01:09:25,403 [Socket Reader #1 for port 32900] INFO  ipc.Server (Server.java:run(1074)) - Starting Socket Reader #1 for port 32900
2019-10-16 01:09:25,413 [main] INFO  ipc.CallQueueManager (CallQueueManager.java:<init>(84)) - Using callQueue: class java.util.concurrent.LinkedBlockingQueue, queueCapacity: 2000, scheduler: class org.apache.hadoop.ipc.DefaultRpcScheduler, ipcBackoff: false.
2019-10-16 01:09:25,414 [Socket Reader #1 for port 37627] INFO  ipc.Server (Server.java:run(1074)) - Starting Socket Reader #1 for port 37627
2019-10-16 01:09:25,441 [main] INFO  hdfs.DFSUtil (DFSUtil.java:httpServerTemplateForNNAndJN(1641)) - Starting Web-server for scm at: http://0.0.0.0:0
2019-10-16 01:09:25,579 [main] INFO  server.AuthenticationFilter (AuthenticationFilter.java:constructSecretProvider(240)) - Unable to initialize FileSignerSecretProvider, falling back to use random secrets.
2019-10-16 01:09:25,587 [main] WARN  http.HttpRequestLog (HttpRequestLog.java:getRequestLog(97)) - Jetty request log can only be enabled using Log4j
2019-10-16 01:09:25,594 [main] INFO  http.HttpServer2 (HttpServer2.java:addGlobalFilter(975)) - Added global filter 'safety' (class=org.apache.hadoop.http.HttpServer2$QuotingInputFilter)
2019-10-16 01:09:25,597 [main] INFO  http.HttpServer2 (HttpServer2.java:addFilter(948)) - Added filter static_user_filter (class=org.apache.hadoop.http.lib.StaticUserWebFilter$StaticUserFilter) to context scm
2019-10-16 01:09:25,598 [main] INFO  http.HttpServer2 (HttpServer2.java:addFilter(958)) - Added filter static_user_filter (class=org.apache.hadoop.http.lib.StaticUserWebFilter$StaticUserFilter) to context logs
2019-10-16 01:09:25,598 [main] INFO  http.HttpServer2 (HttpServer2.java:addFilter(958)) - Added filter static_user_filter (class=org.apache.hadoop.http.lib.StaticUserWebFilter$StaticUserFilter) to context static
2019-10-16 01:09:25,626 [main] INFO  server.StorageContainerManager (StorageContainerManager.java:start(772)) - StorageContainerLocationProtocol RPC server is listening at /0.0.0.0:37627
2019-10-16 01:09:25,683 [main] WARN  impl.MetricsConfig (MetricsConfig.java:loadFirst(134)) - Cannot locate configuration: tried hadoop-metrics2-storagecontainermanager.properties,hadoop-metrics2.properties
2019-10-16 01:09:25,695 [main] INFO  impl.MetricsSystemImpl (MetricsSystemImpl.java:startTimer(374)) - Scheduled Metric snapshot period at 10 second(s).
2019-10-16 01:09:25,695 [main] INFO  impl.MetricsSystemImpl (MetricsSystemImpl.java:start(191)) - StorageContainerManager metrics system started
2019-10-16 01:09:25,914 [main] INFO  server.SCMClientProtocolServer (SCMClientProtocolServer.java:start(159)) - RPC server for Client  is listening at /0.0.0.0:37627
2019-10-16 01:09:25,915 [IPC Server Responder] INFO  ipc.Server (Server.java:run(1314)) - IPC Server Responder: starting
2019-10-16 01:09:25,915 [IPC Server listener on 37627] INFO  ipc.Server (Server.java:run(1153)) - IPC Server listener on 37627: starting
2019-10-16 01:09:25,918 [main] INFO  server.StorageContainerManager (StorageContainerManager.java:start(782)) - ScmBlockLocationProtocol RPC server is listening at /0.0.0.0:32900
2019-10-16 01:09:25,919 [main] INFO  server.SCMBlockProtocolServer (SCMBlockProtocolServer.java:start(146)) - RPC server for Block Protocol is listening at /0.0.0.0:32900
2019-10-16 01:09:25,919 [IPC Server listener on 32900] INFO  ipc.Server (Server.java:run(1153)) - IPC Server listener on 32900: starting
2019-10-16 01:09:25,919 [IPC Server Responder] INFO  ipc.Server (Server.java:run(1314)) - IPC Server Responder: starting
2019-10-16 01:09:25,922 [main] INFO  server.StorageContainerManager (StorageContainerManager.java:start(786)) - ScmDatanodeProtocl RPC server is listening at /0.0.0.0:40265
2019-10-16 01:09:25,922 [main] INFO  server.SCMDatanodeProtocolServer (SCMDatanodeProtocolServer.java:start(169)) - RPC server for DataNodes is listening at /0.0.0.0:40265
2019-10-16 01:09:25,923 [IPC Server Responder] INFO  ipc.Server (Server.java:run(1314)) - IPC Server Responder: starting
2019-10-16 01:09:25,923 [IPC Server listener on 40265] INFO  ipc.Server (Server.java:run(1153)) - IPC Server listener on 40265: starting
2019-10-16 01:09:25,927 [main] INFO  http.HttpServer2 (HttpServer2.java:bindListener(1191)) - Jetty bound to port 46273
2019-10-16 01:09:25,929 [main] INFO  server.Server (Server.java:doStart(351)) - jetty-9.3.25.v20180904, build timestamp: 2018-09-04T21:11:46Z, git hash: 3ce520221d0240229c862b122d2b06c12a625732
2019-10-16 01:09:25,965 [main] INFO  handler.ContextHandler (ContextHandler.java:doStart(781)) - Started o.e.j.s.ServletContextHandler@42f8285e{/logs,file:///workdir/hadoop-ozone/integration-test/target/log,AVAILABLE}
2019-10-16 01:09:25,966 [main] INFO  handler.ContextHandler (ContextHandler.java:doStart(781)) - Started o.e.j.s.ServletContextHandler@3724af13{/static,file:///workdir/hadoop-ozone/integration-test/target/test-classes/webapps/static,AVAILABLE}
2019-10-16 01:09:25,997 [main] INFO  handler.ContextHandler (ContextHandler.java:doStart(781)) - Started o.e.j.w.WebAppContext@24a1c17f{/,file:///workdir/hadoop-ozone/integration-test/target/test-classes/webapps/scm/,AVAILABLE}{/scm}
2019-10-16 01:09:26,003 [main] INFO  server.AbstractConnector (AbstractConnector.java:doStart(278)) - Started ServerConnector@4d63b624{HTTP/1.1,[http/1.1]}{0.0.0.0:46273}
2019-10-16 01:09:26,003 [main] INFO  server.Server (Server.java:doStart(419)) - Started @2893ms
2019-10-16 01:09:26,005 [main] INFO  impl.MetricsSinkAdapter (MetricsSinkAdapter.java:start(204)) - Sink prometheus started
2019-10-16 01:09:26,005 [main] INFO  impl.MetricsSystemImpl (MetricsSystemImpl.java:registerSink(301)) - Registered sink prometheus
2019-10-16 01:09:26,010 [main] INFO  server.BaseHttpServer (BaseHttpServer.java:updateConnectorAddress(215)) - HTTP server of SCM is listening at http://0.0.0.0:46273
2019-10-16 01:09:26,021 [org.apache.hadoop.util.JvmPauseMonitor$Monitor@4b629f13] INFO  util.JvmPauseMonitor (JvmPauseMonitor.java:run(188)) - Starting JVM pause monitor
2019-10-16 01:09:26,028 [main] WARN  server.ServerUtils (ServerUtils.java:getDBPath(222)) - ozone.om.db.dirs is not configured. We recommend adding this setting. Falling back to ozone.metadata.dirs instead.
2019-10-16 01:09:26,152 [main] INFO  ha.OMHANodeDetails (OMHANodeDetails.java:loadOMHAConfig(190)) - Configuration either no ozone.om.address set. Falling back to the default OM address /127.0.0.1:0
2019-10-16 01:09:26,152 [main] INFO  ha.OMHANodeDetails (OMHANodeDetails.java:getOMNodeDetails(220)) - OM Service ID is not set. Setting it to the default ID: omServiceIdDefault
2019-10-16 01:09:26,154 [main] WARN  server.ServerUtils (ServerUtils.java:getDBPath(222)) - ozone.om.db.dirs is not configured. We recommend adding this setting. Falling back to ozone.metadata.dirs instead.
2019-10-16 01:09:26,154 [main] WARN  server.ServerUtils (ServerUtils.java:getDBPath(222)) - ozone.om.db.dirs is not configured. We recommend adding this setting. Falling back to ozone.metadata.dirs instead.
2019-10-16 01:09:26,764 [main] WARN  server.ServerUtils (ServerUtils.java:getDBPath(222)) - ozone.om.db.dirs is not configured. We recommend adding this setting. Falling back to ozone.metadata.dirs instead.
2019-10-16 01:09:26,770 [main] INFO  db.DBStoreBuilder (DBStoreBuilder.java:addTable(117)) - using custom profile for table: userTable
2019-10-16 01:09:26,770 [main] INFO  db.DBStoreBuilder (DBStoreBuilder.java:processTables(168)) - Using default column profile:DBProfile.DISK for Table:userTable
2019-10-16 01:09:26,771 [main] INFO  db.DBStoreBuilder (DBStoreBuilder.java:addTable(117)) - using custom profile for table: volumeTable
2019-10-16 01:09:26,771 [main] INFO  db.DBStoreBuilder (DBStoreBuilder.java:processTables(168)) - Using default column profile:DBProfile.DISK for Table:volumeTable
2019-10-16 01:09:26,771 [main] INFO  db.DBStoreBuilder (DBStoreBuilder.java:addTable(117)) - using custom profile for table: bucketTable
2019-10-16 01:09:26,771 [main] INFO  db.DBStoreBuilder (DBStoreBuilder.java:processTables(168)) - Using default column profile:DBProfile.DISK for Table:bucketTable
2019-10-16 01:09:26,771 [main] INFO  db.DBStoreBuilder (DBStoreBuilder.java:addTable(117)) - using custom profile for table: keyTable
2019-10-16 01:09:26,772 [main] INFO  db.DBStoreBuilder (DBStoreBuilder.java:processTables(168)) - Using default column profile:DBProfile.DISK for Table:keyTable
2019-10-16 01:09:26,772 [main] INFO  db.DBStoreBuilder (DBStoreBuilder.java:addTable(117)) - using custom profile for table: deletedTable
2019-10-16 01:09:26,772 [main] INFO  db.DBStoreBuilder (DBStoreBuilder.java:processTables(168)) - Using default column profile:DBProfile.DISK for Table:deletedTable
2019-10-16 01:09:26,772 [main] INFO  db.DBStoreBuilder (DBStoreBuilder.java:addTable(117)) - using custom profile for table: openKeyTable
2019-10-16 01:09:26,772 [main] INFO  db.DBStoreBuilder (DBStoreBuilder.java:processTables(168)) - Using default column profile:DBProfile.DISK for Table:openKeyTable
2019-10-16 01:09:26,773 [main] INFO  db.DBStoreBuilder (DBStoreBuilder.java:addTable(117)) - using custom profile for table: s3Table
2019-10-16 01:09:26,773 [main] INFO  db.DBStoreBuilder (DBStoreBuilder.java:processTables(168)) - Using default column profile:DBProfile.DISK for Table:s3Table
2019-10-16 01:09:26,773 [main] INFO  db.DBStoreBuilder (DBStoreBuilder.java:addTable(117)) - using custom profile for table: multipartInfoTable
2019-10-16 01:09:26,773 [main] INFO  db.DBStoreBuilder (DBStoreBuilder.java:processTables(168)) - Using default column profile:DBProfile.DISK for Table:multipartInfoTable
2019-10-16 01:09:26,773 [main] INFO  db.DBStoreBuilder (DBStoreBuilder.java:addTable(117)) - using custom profile for table: dTokenTable
2019-10-16 01:09:26,774 [main] INFO  db.DBStoreBuilder (DBStoreBuilder.java:processTables(168)) - Using default column profile:DBProfile.DISK for Table:dTokenTable
2019-10-16 01:09:26,774 [main] INFO  db.DBStoreBuilder (DBStoreBuilder.java:addTable(117)) - using custom profile for table: s3SecretTable
2019-10-16 01:09:26,774 [main] INFO  db.DBStoreBuilder (DBStoreBuilder.java:processTables(168)) - Using default column profile:DBProfile.DISK for Table:s3SecretTable
2019-10-16 01:09:26,774 [main] INFO  db.DBStoreBuilder (DBStoreBuilder.java:addTable(117)) - using custom profile for table: prefixTable
2019-10-16 01:09:26,774 [main] INFO  db.DBStoreBuilder (DBStoreBuilder.java:processTables(168)) - Using default column profile:DBProfile.DISK for Table:prefixTable
2019-10-16 01:09:26,775 [main] INFO  db.DBStoreBuilder (DBStoreBuilder.java:addTable(117)) - using custom profile for table: default
2019-10-16 01:09:26,775 [main] INFO  db.DBStoreBuilder (DBStoreBuilder.java:processTables(174)) - Using default column profile:DBProfile.DISK for Table:default
2019-10-16 01:09:26,775 [main] INFO  db.DBStoreBuilder (DBStoreBuilder.java:getDbProfile(205)) - Using default options. DBProfile.DISK
2019-10-16 01:09:27,396 [main] INFO  ipc.CallQueueManager (CallQueueManager.java:<init>(84)) - Using callQueue: class java.util.concurrent.LinkedBlockingQueue, queueCapacity: 2000, scheduler: class org.apache.hadoop.ipc.DefaultRpcScheduler, ipcBackoff: false.
2019-10-16 01:09:27,397 [Socket Reader #1 for port 42968] INFO  ipc.Server (Server.java:run(1074)) - Starting Socket Reader #1 for port 42968
2019-10-16 01:09:27,422 [main] INFO  om.OzoneManager (OzoneManager.java:start(1071)) - OzoneManager RPC server is listening at localhost/127.0.0.1:42968
2019-10-16 01:09:27,422 [main] INFO  impl.MetricsSystemImpl (MetricsSystemImpl.java:init(158)) - OzoneManager metrics system started (again)
2019-10-16 01:09:27,431 [IPC Server Responder] INFO  ipc.Server (Server.java:run(1314)) - IPC Server Responder: starting
2019-10-16 01:09:27,432 [IPC Server listener on 42968] INFO  ipc.Server (Server.java:run(1153)) - IPC Server listener on 42968: starting
2019-10-16 01:09:27,438 [main] INFO  hdfs.DFSUtil (DFSUtil.java:httpServerTemplateForNNAndJN(1641)) - Starting Web-server for ozoneManager at: http://0.0.0.0:0
2019-10-16 01:09:27,440 [main] INFO  server.AuthenticationFilter (AuthenticationFilter.java:constructSecretProvider(240)) - Unable to initialize FileSignerSecretProvider, falling back to use random secrets.
2019-10-16 01:09:27,441 [main] WARN  http.HttpRequestLog (HttpRequestLog.java:getRequestLog(97)) - Jetty request log can only be enabled using Log4j
2019-10-16 01:09:27,443 [main] INFO  http.HttpServer2 (HttpServer2.java:addGlobalFilter(975)) - Added global filter 'safety' (class=org.apache.hadoop.http.HttpServer2$QuotingInputFilter)
2019-10-16 01:09:27,444 [main] INFO  http.HttpServer2 (HttpServer2.java:addFilter(948)) - Added filter static_user_filter (class=org.apache.hadoop.http.lib.StaticUserWebFilter$StaticUserFilter) to context ozoneManager
2019-10-16 01:09:27,444 [main] INFO  http.HttpServer2 (HttpServer2.java:addFilter(958)) - Added filter static_user_filter (class=org.apache.hadoop.http.lib.StaticUserWebFilter$StaticUserFilter) to context static
2019-10-16 01:09:27,444 [main] INFO  http.HttpServer2 (HttpServer2.java:addFilter(958)) - Added filter static_user_filter (class=org.apache.hadoop.http.lib.StaticUserWebFilter$StaticUserFilter) to context logs
2019-10-16 01:09:27,446 [main] INFO  http.HttpServer2 (HttpServer2.java:bindListener(1191)) - Jetty bound to port 39316
2019-10-16 01:09:27,446 [main] INFO  server.Server (Server.java:doStart(351)) - jetty-9.3.25.v20180904, build timestamp: 2018-09-04T21:11:46Z, git hash: 3ce520221d0240229c862b122d2b06c12a625732
2019-10-16 01:09:27,449 [main] INFO  handler.ContextHandler (ContextHandler.java:doStart(781)) - Started o.e.j.s.ServletContextHandler@aa10649{/logs,file:///workdir/hadoop-ozone/integration-test/target/log,AVAILABLE}
2019-10-16 01:09:27,449 [main] INFO  handler.ContextHandler (ContextHandler.java:doStart(781)) - Started o.e.j.s.ServletContextHandler@37095ded{/static,file:///workdir/hadoop-ozone/integration-test/target/test-classes/webapps/static,AVAILABLE}
2019-10-16 01:09:27,454 [main] INFO  handler.ContextHandler (ContextHandler.java:doStart(781)) - Started o.e.j.w.WebAppContext@75b3673{/,file:///workdir/hadoop-ozone/integration-test/target/test-classes/webapps/ozoneManager/,AVAILABLE}{/ozoneManager}
2019-10-16 01:09:27,455 [main] INFO  server.AbstractConnector (AbstractConnector.java:doStart(278)) - Started ServerConnector@1bcb79c2{HTTP/1.1,[http/1.1]}{0.0.0.0:39316}
2019-10-16 01:09:27,455 [main] INFO  server.Server (Server.java:doStart(419)) - Started @4345ms
2019-10-16 01:09:27,456 [main] WARN  impl.MetricsSystemImpl (MetricsSystemImpl.java:register(276)) - Sink prometheus already exists!
2019-10-16 01:09:27,456 [main] INFO  server.BaseHttpServer (BaseHttpServer.java:updateConnectorAddress(215)) - HTTP server of OZONEMANAGER is listening at http://0.0.0.0:39316
2019-10-16 01:09:27,752 [main] INFO  impl.MetricsSystemImpl (MetricsSystemImpl.java:init(158)) - HddsDatanode metrics system started (again)
2019-10-16 01:09:27,798 [main] INFO  ozone.HddsDatanodeService (HddsDatanodeService.java:start(184)) - HddsDatanodeService host:pr-hdds-1985-wgmpk-2951460010 ip:192.168.164.234
2019-10-16 01:09:27,829 [main] INFO  volume.HddsVolume (HddsVolume.java:<init>(176)) - Creating Volume: /workdir/hadoop-ozone/integration-test/target/test-dir/MiniOzoneClusterImpl-6aea6efb-0017-4071-a4af-b72efaa63b28/datanode-0/data/containers/hdds of  storage type : DISK and capacity : 1482555576320
2019-10-16 01:09:27,831 [main] INFO  volume.VolumeSet (VolumeSet.java:initializeVolumeSet(170)) - Added Volume : /workdir/hadoop-ozone/integration-test/target/test-dir/MiniOzoneClusterImpl-6aea6efb-0017-4071-a4af-b72efaa63b28/datanode-0/data/containers/hdds to VolumeSet
2019-10-16 01:09:27,834 [main] INFO  volume.ThrottledAsyncChecker (ThrottledAsyncChecker.java:schedule(141)) - Scheduling a check for /workdir/hadoop-ozone/integration-test/target/test-dir/MiniOzoneClusterImpl-6aea6efb-0017-4071-a4af-b72efaa63b28/datanode-0/data/containers/hdds
2019-10-16 01:09:27,850 [main] INFO  volume.HddsVolumeChecker (HddsVolumeChecker.java:checkAllVolumes(204)) - Scheduled health check for volume /workdir/hadoop-ozone/integration-test/target/test-dir/MiniOzoneClusterImpl-6aea6efb-0017-4071-a4af-b72efaa63b28/datanode-0/data/containers/hdds
2019-10-16 01:09:27,953 [main] INFO  impl.RaftServerProxy (ConfUtils.java:logGet(43)) - raft.rpc.type = GRPC (default)
2019-10-16 01:09:28,020 [main] INFO  grpc.GrpcFactory (GrpcFactory.java:checkPooledByteBufAllocatorUseCacheForAllThreads(45)) - PERFORMANCE WARNING: useCacheForAllThreads is true that may cause Netty to create a lot garbage objects and, as a result, trigger GC.
	It is recommended to disable useCacheForAllThreads by setting -Dorg.apache.ratis.thirdparty.io.netty.allocator.useCacheForAllThreads=false in command line.
2019-10-16 01:09:28,025 [main] INFO  grpc.GrpcConfigKeys$Server (ConfUtils.java:logGet(43)) - raft.grpc.server.port = 0 (default)
2019-10-16 01:09:28,026 [main] INFO  server.GrpcService (ConfUtils.java:logGet(43)) - raft.grpc.message.size.max = 33570816 (custom)
2019-10-16 01:09:28,028 [main] INFO  server.RaftServerConfigKeys (ConfUtils.java:logGet(43)) - raft.server.log.appender.buffer.byte-limit = 33554432 (custom)
2019-10-16 01:09:28,028 [main] INFO  server.GrpcService (ConfUtils.java:logGet(43)) - raft.grpc.flow.control.window = 1MB (=1048576) (default)
2019-10-16 01:09:28,029 [main] INFO  server.RaftServerConfigKeys (ConfUtils.java:logGet(43)) - raft.server.rpc.request.timeout = 3000ms (default)
2019-10-16 01:09:28,182 [main] INFO  server.RaftServerConfigKeys (ConfUtils.java:logGet(43)) - raft.server.storage.dir = [/workdir/hadoop-ozone/integration-test/target/test-dir/MiniOzoneClusterImpl-6aea6efb-0017-4071-a4af-b72efaa63b28/datanode-0/data/ratis] (custom)
2019-10-16 01:09:28,233 [main] INFO  hdfs.DFSUtil (DFSUtil.java:httpServerTemplateForNNAndJN(1641)) - Starting Web-server for hddsDatanode at: http://0.0.0.0:0
2019-10-16 01:09:28,235 [main] INFO  server.AuthenticationFilter (AuthenticationFilter.java:constructSecretProvider(240)) - Unable to initialize FileSignerSecretProvider, falling back to use random secrets.
2019-10-16 01:09:28,236 [main] WARN  http.HttpRequestLog (HttpRequestLog.java:getRequestLog(97)) - Jetty request log can only be enabled using Log4j
2019-10-16 01:09:28,237 [main] INFO  http.HttpServer2 (HttpServer2.java:addGlobalFilter(975)) - Added global filter 'safety' (class=org.apache.hadoop.http.HttpServer2$QuotingInputFilter)
2019-10-16 01:09:28,238 [main] INFO  http.HttpServer2 (HttpServer2.java:addFilter(948)) - Added filter static_user_filter (class=org.apache.hadoop.http.lib.StaticUserWebFilter$StaticUserFilter) to context hddsDatanode
2019-10-16 01:09:28,238 [main] INFO  http.HttpServer2 (HttpServer2.java:addFilter(958)) - Added filter static_user_filter (class=org.apache.hadoop.http.lib.StaticUserWebFilter$StaticUserFilter) to context logs
2019-10-16 01:09:28,238 [main] INFO  http.HttpServer2 (HttpServer2.java:addFilter(958)) - Added filter static_user_filter (class=org.apache.hadoop.http.lib.StaticUserWebFilter$StaticUserFilter) to context static
2019-10-16 01:09:28,239 [main] INFO  http.HttpServer2 (HttpServer2.java:bindListener(1191)) - Jetty bound to port 38546
2019-10-16 01:09:28,239 [main] INFO  server.Server (Server.java:doStart(351)) - jetty-9.3.25.v20180904, build timestamp: 2018-09-04T21:11:46Z, git hash: 3ce520221d0240229c862b122d2b06c12a625732
2019-10-16 01:09:28,242 [main] INFO  handler.ContextHandler (ContextHandler.java:doStart(781)) - Started o.e.j.s.ServletContextHandler@60cf62ad{/logs,file:///workdir/hadoop-ozone/integration-test/target/log,AVAILABLE}
2019-10-16 01:09:28,242 [main] INFO  handler.ContextHandler (ContextHandler.java:doStart(781)) - Started o.e.j.s.ServletContextHandler@1ac4ccad{/static,jar:file:/home/user/.m2/repository/org/apache/hadoop/hadoop-hdds-container-service/0.5.0-SNAPSHOT/hadoop-hdds-container-service-0.5.0-SNAPSHOT.jar!/webapps/static,AVAILABLE}
2019-10-16 01:09:28,279 [main] INFO  handler.ContextHandler (ContextHandler.java:doStart(781)) - Started o.e.j.w.WebAppContext@de8039f{/,file:///tmp/jetty-0.0.0.0-38546-hddsDatanode-_-any-9008742111996265164.dir/webapp/,AVAILABLE}{/hddsDatanode}
2019-10-16 01:09:28,281 [main] INFO  server.AbstractConnector (AbstractConnector.java:doStart(278)) - Started ServerConnector@1deceb67{HTTP/1.1,[http/1.1]}{0.0.0.0:38546}
2019-10-16 01:09:28,281 [main] INFO  server.Server (Server.java:doStart(419)) - Started @5171ms
2019-10-16 01:09:28,282 [main] WARN  impl.MetricsSystemImpl (MetricsSystemImpl.java:register(276)) - Sink prometheus already exists!
2019-10-16 01:09:28,283 [main] INFO  server.BaseHttpServer (BaseHttpServer.java:updateConnectorAddress(215)) - HTTP server of HDDSDATANODE is listening at http://0.0.0.0:38546
2019-10-16 01:09:28,284 [main] INFO  impl.MetricsSystemImpl (MetricsSystemImpl.java:init(158)) - HddsDatanode metrics system started (again)
2019-10-16 01:09:28,287 [main] INFO  ozone.HddsDatanodeService (HddsDatanodeService.java:start(184)) - HddsDatanodeService host:pr-hdds-1985-wgmpk-2951460010 ip:192.168.164.234
2019-10-16 01:09:28,289 [org.apache.hadoop.util.JvmPauseMonitor$Monitor@66724c35] INFO  util.JvmPauseMonitor (JvmPauseMonitor.java:run(188)) - Starting JVM pause monitor
2019-10-16 01:09:28,298 [main] INFO  volume.HddsVolume (HddsVolume.java:<init>(176)) - Creating Volume: /workdir/hadoop-ozone/integration-test/target/test-dir/MiniOzoneClusterImpl-6aea6efb-0017-4071-a4af-b72efaa63b28/datanode-1/data/containers/hdds of  storage type : DISK and capacity : 1482555576320
2019-10-16 01:09:28,298 [main] INFO  volume.VolumeSet (VolumeSet.java:initializeVolumeSet(170)) - Added Volume : /workdir/hadoop-ozone/integration-test/target/test-dir/MiniOzoneClusterImpl-6aea6efb-0017-4071-a4af-b72efaa63b28/datanode-1/data/containers/hdds to VolumeSet
2019-10-16 01:09:28,299 [main] INFO  volume.ThrottledAsyncChecker (ThrottledAsyncChecker.java:schedule(141)) - Scheduling a check for /workdir/hadoop-ozone/integration-test/target/test-dir/MiniOzoneClusterImpl-6aea6efb-0017-4071-a4af-b72efaa63b28/datanode-1/data/containers/hdds
2019-10-16 01:09:28,299 [main] INFO  volume.HddsVolumeChecker (HddsVolumeChecker.java:checkAllVolumes(204)) - Scheduled health check for volume /workdir/hadoop-ozone/integration-test/target/test-dir/MiniOzoneClusterImpl-6aea6efb-0017-4071-a4af-b72efaa63b28/datanode-1/data/containers/hdds
2019-10-16 01:09:28,316 [main] INFO  impl.RaftServerProxy (ConfUtils.java:logGet(43)) - raft.rpc.type = GRPC (default)
2019-10-16 01:09:28,316 [main] INFO  grpc.GrpcFactory (GrpcFactory.java:checkPooledByteBufAllocatorUseCacheForAllThreads(45)) - PERFORMANCE WARNING: useCacheForAllThreads is true that may cause Netty to create a lot garbage objects and, as a result, trigger GC.
	It is recommended to disable useCacheForAllThreads by setting -Dorg.apache.ratis.thirdparty.io.netty.allocator.useCacheForAllThreads=false in command line.
2019-10-16 01:09:28,316 [main] INFO  grpc.GrpcConfigKeys$Server (ConfUtils.java:logGet(43)) - raft.grpc.server.port = 0 (default)
2019-10-16 01:09:28,317 [main] INFO  server.GrpcService (ConfUtils.java:logGet(43)) - raft.grpc.message.size.max = 33570816 (custom)
2019-10-16 01:09:28,317 [main] INFO  server.RaftServerConfigKeys (ConfUtils.java:logGet(43)) - raft.server.log.appender.buffer.byte-limit = 33554432 (custom)
2019-10-16 01:09:28,317 [main] INFO  server.GrpcService (ConfUtils.java:logGet(43)) - raft.grpc.flow.control.window = 1MB (=1048576) (default)
2019-10-16 01:09:28,317 [main] INFO  server.RaftServerConfigKeys (ConfUtils.java:logGet(43)) - raft.server.rpc.request.timeout = 3000ms (default)
2019-10-16 01:09:28,318 [main] INFO  server.RaftServerConfigKeys (ConfUtils.java:logGet(43)) - raft.server.storage.dir = [/workdir/hadoop-ozone/integration-test/target/test-dir/MiniOzoneClusterImpl-6aea6efb-0017-4071-a4af-b72efaa63b28/datanode-1/data/ratis] (custom)
2019-10-16 01:09:28,320 [main] INFO  hdfs.DFSUtil (DFSUtil.java:httpServerTemplateForNNAndJN(1641)) - Starting Web-server for hddsDatanode at: http://0.0.0.0:0
2019-10-16 01:09:28,322 [main] INFO  server.AuthenticationFilter (AuthenticationFilter.java:constructSecretProvider(240)) - Unable to initialize FileSignerSecretProvider, falling back to use random secrets.
2019-10-16 01:09:28,322 [main] WARN  http.HttpRequestLog (HttpRequestLog.java:getRequestLog(97)) - Jetty request log can only be enabled using Log4j
2019-10-16 01:09:28,324 [main] INFO  http.HttpServer2 (HttpServer2.java:addGlobalFilter(975)) - Added global filter 'safety' (class=org.apache.hadoop.http.HttpServer2$QuotingInputFilter)
2019-10-16 01:09:28,325 [main] INFO  http.HttpServer2 (HttpServer2.java:addFilter(948)) - Added filter static_user_filter (class=org.apache.hadoop.http.lib.StaticUserWebFilter$StaticUserFilter) to context hddsDatanode
2019-10-16 01:09:28,325 [main] INFO  http.HttpServer2 (HttpServer2.java:addFilter(958)) - Added filter static_user_filter (class=org.apache.hadoop.http.lib.StaticUserWebFilter$StaticUserFilter) to context logs
2019-10-16 01:09:28,325 [main] INFO  http.HttpServer2 (HttpServer2.java:addFilter(958)) - Added filter static_user_filter (class=org.apache.hadoop.http.lib.StaticUserWebFilter$StaticUserFilter) to context static
2019-10-16 01:09:28,326 [main] INFO  http.HttpServer2 (HttpServer2.java:bindListener(1191)) - Jetty bound to port 46566
2019-10-16 01:09:28,326 [main] INFO  server.Server (Server.java:doStart(351)) - jetty-9.3.25.v20180904, build timestamp: 2018-09-04T21:11:46Z, git hash: 3ce520221d0240229c862b122d2b06c12a625732
2019-10-16 01:09:28,329 [main] INFO  handler.ContextHandler (ContextHandler.java:doStart(781)) - Started o.e.j.s.ServletContextHandler@1907874b{/logs,file:///workdir/hadoop-ozone/integration-test/target/log,AVAILABLE}
2019-10-16 01:09:28,330 [main] INFO  handler.ContextHandler (ContextHandler.java:doStart(781)) - Started o.e.j.s.ServletContextHandler@5b3a7ef5{/static,jar:file:/home/user/.m2/repository/org/apache/hadoop/hadoop-hdds-container-service/0.5.0-SNAPSHOT/hadoop-hdds-container-service-0.5.0-SNAPSHOT.jar!/webapps/static,AVAILABLE}
2019-10-16 01:09:28,362 [main] INFO  handler.ContextHandler (ContextHandler.java:doStart(781)) - Started o.e.j.w.WebAppContext@660f0c{/,file:///tmp/jetty-0.0.0.0-46566-hddsDatanode-_-any-7861065919111077031.dir/webapp/,AVAILABLE}{/hddsDatanode}
2019-10-16 01:09:28,363 [main] INFO  server.AbstractConnector (AbstractConnector.java:doStart(278)) - Started ServerConnector@7a0ef219{HTTP/1.1,[http/1.1]}{0.0.0.0:46566}
2019-10-16 01:09:28,363 [main] INFO  server.Server (Server.java:doStart(419)) - Started @5253ms
2019-10-16 01:09:28,363 [main] WARN  impl.MetricsSystemImpl (MetricsSystemImpl.java:register(276)) - Sink prometheus already exists!
2019-10-16 01:09:28,364 [main] INFO  server.BaseHttpServer (BaseHttpServer.java:updateConnectorAddress(215)) - HTTP server of HDDSDATANODE is listening at http://0.0.0.0:46566
2019-10-16 01:09:28,365 [main] INFO  impl.MetricsSystemImpl (MetricsSystemImpl.java:init(158)) - HddsDatanode metrics system started (again)
2019-10-16 01:09:28,367 [main] INFO  ozone.HddsDatanodeService (HddsDatanodeService.java:start(184)) - HddsDatanodeService host:pr-hdds-1985-wgmpk-2951460010 ip:192.168.164.234
2019-10-16 01:09:28,368 [org.apache.hadoop.util.JvmPauseMonitor$Monitor@274cea50] INFO  util.JvmPauseMonitor (JvmPauseMonitor.java:run(188)) - Starting JVM pause monitor
2019-10-16 01:09:28,374 [main] INFO  volume.HddsVolume (HddsVolume.java:<init>(176)) - Creating Volume: /workdir/hadoop-ozone/integration-test/target/test-dir/MiniOzoneClusterImpl-6aea6efb-0017-4071-a4af-b72efaa63b28/datanode-2/data/containers/hdds of  storage type : DISK and capacity : 1482555576320
2019-10-16 01:09:28,375 [main] INFO  volume.VolumeSet (VolumeSet.java:initializeVolumeSet(170)) - Added Volume : /workdir/hadoop-ozone/integration-test/target/test-dir/MiniOzoneClusterImpl-6aea6efb-0017-4071-a4af-b72efaa63b28/datanode-2/data/containers/hdds to VolumeSet
2019-10-16 01:09:28,375 [main] INFO  volume.ThrottledAsyncChecker (ThrottledAsyncChecker.java:schedule(141)) - Scheduling a check for /workdir/hadoop-ozone/integration-test/target/test-dir/MiniOzoneClusterImpl-6aea6efb-0017-4071-a4af-b72efaa63b28/datanode-2/data/containers/hdds
2019-10-16 01:09:28,376 [main] INFO  volume.HddsVolumeChecker (HddsVolumeChecker.java:checkAllVolumes(204)) - Scheduled health check for volume /workdir/hadoop-ozone/integration-test/target/test-dir/MiniOzoneClusterImpl-6aea6efb-0017-4071-a4af-b72efaa63b28/datanode-2/data/containers/hdds
2019-10-16 01:09:28,388 [main] INFO  impl.RaftServerProxy (ConfUtils.java:logGet(43)) - raft.rpc.type = GRPC (default)
2019-10-16 01:09:28,389 [main] INFO  grpc.GrpcFactory (GrpcFactory.java:checkPooledByteBufAllocatorUseCacheForAllThreads(45)) - PERFORMANCE WARNING: useCacheForAllThreads is true that may cause Netty to create a lot garbage objects and, as a result, trigger GC.
	It is recommended to disable useCacheForAllThreads by setting -Dorg.apache.ratis.thirdparty.io.netty.allocator.useCacheForAllThreads=false in command line.
2019-10-16 01:09:28,389 [main] INFO  grpc.GrpcConfigKeys$Server (ConfUtils.java:logGet(43)) - raft.grpc.server.port = 0 (default)
2019-10-16 01:09:28,389 [main] INFO  server.GrpcService (ConfUtils.java:logGet(43)) - raft.grpc.message.size.max = 33570816 (custom)
2019-10-16 01:09:28,390 [main] INFO  server.RaftServerConfigKeys (ConfUtils.java:logGet(43)) - raft.server.log.appender.buffer.byte-limit = 33554432 (custom)
2019-10-16 01:09:28,390 [main] INFO  server.GrpcService (ConfUtils.java:logGet(43)) - raft.grpc.flow.control.window = 1MB (=1048576) (default)
2019-10-16 01:09:28,390 [main] INFO  server.RaftServerConfigKeys (ConfUtils.java:logGet(43)) - raft.server.rpc.request.timeout = 3000ms (default)
2019-10-16 01:09:28,391 [main] INFO  server.RaftServerConfigKeys (ConfUtils.java:logGet(43)) - raft.server.storage.dir = [/workdir/hadoop-ozone/integration-test/target/test-dir/MiniOzoneClusterImpl-6aea6efb-0017-4071-a4af-b72efaa63b28/datanode-2/data/ratis] (custom)
2019-10-16 01:09:28,393 [main] INFO  hdfs.DFSUtil (DFSUtil.java:httpServerTemplateForNNAndJN(1641)) - Starting Web-server for hddsDatanode at: http://0.0.0.0:0
2019-10-16 01:09:28,394 [main] INFO  server.AuthenticationFilter (AuthenticationFilter.java:constructSecretProvider(240)) - Unable to initialize FileSignerSecretProvider, falling back to use random secrets.
2019-10-16 01:09:28,395 [main] WARN  http.HttpRequestLog (HttpRequestLog.java:getRequestLog(97)) - Jetty request log can only be enabled using Log4j
2019-10-16 01:09:28,396 [main] INFO  http.HttpServer2 (HttpServer2.java:addGlobalFilter(975)) - Added global filter 'safety' (class=org.apache.hadoop.http.HttpServer2$QuotingInputFilter)
2019-10-16 01:09:28,396 [Datanode State Machine Thread - 0] INFO  datanode.InitDatanodeState (InitDatanodeState.java:persistContainerDatanodeDetails(140)) - DatanodeDetails is persisted to /workdir/hadoop-ozone/integration-test/target/test-dir/MiniOzoneClusterImpl-6aea6efb-0017-4071-a4af-b72efaa63b28/datanode-0/meta/datanode.id
2019-10-16 01:09:28,397 [main] INFO  http.HttpServer2 (HttpServer2.java:addFilter(948)) - Added filter static_user_filter (class=org.apache.hadoop.http.lib.StaticUserWebFilter$StaticUserFilter) to context hddsDatanode
2019-10-16 01:09:28,397 [main] INFO  http.HttpServer2 (HttpServer2.java:addFilter(958)) - Added filter static_user_filter (class=org.apache.hadoop.http.lib.StaticUserWebFilter$StaticUserFilter) to context logs
2019-10-16 01:09:28,399 [main] INFO  http.HttpServer2 (HttpServer2.java:addFilter(958)) - Added filter static_user_filter (class=org.apache.hadoop.http.lib.StaticUserWebFilter$StaticUserFilter) to context static
2019-10-16 01:09:28,399 [main] INFO  http.HttpServer2 (HttpServer2.java:bindListener(1191)) - Jetty bound to port 42189
2019-10-16 01:09:28,399 [main] INFO  server.Server (Server.java:doStart(351)) - jetty-9.3.25.v20180904, build timestamp: 2018-09-04T21:11:46Z, git hash: 3ce520221d0240229c862b122d2b06c12a625732
2019-10-16 01:09:28,400 [Datanode State Machine Thread - 0] INFO  datanode.InitDatanodeState (InitDatanodeState.java:persistContainerDatanodeDetails(140)) - DatanodeDetails is persisted to /workdir/hadoop-ozone/integration-test/target/test-dir/MiniOzoneClusterImpl-6aea6efb-0017-4071-a4af-b72efaa63b28/datanode-1/meta/datanode.id
2019-10-16 01:09:28,402 [main] INFO  handler.ContextHandler (ContextHandler.java:doStart(781)) - Started o.e.j.s.ServletContextHandler@5fa23c{/logs,file:///workdir/hadoop-ozone/integration-test/target/log,AVAILABLE}
2019-10-16 01:09:28,402 [main] INFO  handler.ContextHandler (ContextHandler.java:doStart(781)) - Started o.e.j.s.ServletContextHandler@433348bc{/static,jar:file:/home/user/.m2/repository/org/apache/hadoop/hadoop-hdds-container-service/0.5.0-SNAPSHOT/hadoop-hdds-container-service-0.5.0-SNAPSHOT.jar!/webapps/static,AVAILABLE}
2019-10-16 01:09:28,432 [main] INFO  handler.ContextHandler (ContextHandler.java:doStart(781)) - Started o.e.j.w.WebAppContext@43e9089{/,file:///tmp/jetty-0.0.0.0-42189-hddsDatanode-_-any-3963686716738842327.dir/webapp/,AVAILABLE}{/hddsDatanode}
2019-10-16 01:09:28,433 [main] INFO  server.AbstractConnector (AbstractConnector.java:doStart(278)) - Started ServerConnector@3c5dbdf8{HTTP/1.1,[http/1.1]}{0.0.0.0:42189}
2019-10-16 01:09:28,433 [main] INFO  server.Server (Server.java:doStart(419)) - Started @5323ms
2019-10-16 01:09:28,434 [main] WARN  impl.MetricsSystemImpl (MetricsSystemImpl.java:register(276)) - Sink prometheus already exists!
2019-10-16 01:09:28,435 [main] INFO  server.BaseHttpServer (BaseHttpServer.java:updateConnectorAddress(215)) - HTTP server of HDDSDATANODE is listening at http://0.0.0.0:42189
2019-10-16 01:09:28,436 [main] INFO  ozone.MiniOzoneClusterImpl (MiniOzoneClusterImpl.java:lambda$waitForClusterToBeReady$0(147)) - Waiting for cluster to be ready. Got 0 of 3 DN Heartbeats.
2019-10-16 01:09:28,437 [org.apache.hadoop.util.JvmPauseMonitor$Monitor@1ea677fe] INFO  util.JvmPauseMonitor (JvmPauseMonitor.java:run(188)) - Starting JVM pause monitor
2019-10-16 01:09:28,441 [Datanode State Machine Thread - 0] INFO  datanode.InitDatanodeState (InitDatanodeState.java:persistContainerDatanodeDetails(140)) - DatanodeDetails is persisted to /workdir/hadoop-ozone/integration-test/target/test-dir/MiniOzoneClusterImpl-6aea6efb-0017-4071-a4af-b72efaa63b28/datanode-2/meta/datanode.id
2019-10-16 01:09:29,437 [main] INFO  ozone.MiniOzoneClusterImpl (MiniOzoneClusterImpl.java:lambda$waitForClusterToBeReady$0(147)) - Waiting for cluster to be ready. Got 0 of 3 DN Heartbeats.
2019-10-16 01:09:30,394 [Datanode State Machine Thread - 0] INFO  ozoneimpl.OzoneContainer (OzoneContainer.java:start(213)) - Attempting to start container services.
2019-10-16 01:09:30,394 [Datanode State Machine Thread - 0] INFO  ozoneimpl.OzoneContainer (OzoneContainer.java:start(213)) - Attempting to start container services.
2019-10-16 01:09:30,398 [Datanode State Machine Thread - 0] INFO  ozoneimpl.OzoneContainer (OzoneContainer.java:startContainerScrub(177)) - Background container scanner has been disabled.
2019-10-16 01:09:30,398 [Datanode State Machine Thread - 0] INFO  ozoneimpl.OzoneContainer (OzoneContainer.java:startContainerScrub(177)) - Background container scanner has been disabled.
2019-10-16 01:09:30,398 [Datanode State Machine Thread - 0] INFO  ratis.XceiverServerRatis (XceiverServerRatis.java:start(418)) - Starting XceiverServerRatis 9e106ceb-2e48-4592-baea-5a074ecdeb7f at port 0
2019-10-16 01:09:30,398 [Datanode State Machine Thread - 0] INFO  ratis.XceiverServerRatis (XceiverServerRatis.java:start(418)) - Starting XceiverServerRatis bdf1820c-8b54-4379-867f-1e5a509c7465 at port 0
2019-10-16 01:09:30,437 [Datanode State Machine Thread - 0] INFO  impl.RaftServerProxy (RaftServerProxy.java:lambda$start$3(299)) - bdf1820c-8b54-4379-867f-1e5a509c7465: start RPC server
2019-10-16 01:09:30,437 [Datanode State Machine Thread - 0] INFO  impl.RaftServerProxy (RaftServerProxy.java:lambda$start$3(299)) - 9e106ceb-2e48-4592-baea-5a074ecdeb7f: start RPC server
2019-10-16 01:09:30,437 [main] INFO  ozone.MiniOzoneClusterImpl (MiniOzoneClusterImpl.java:lambda$waitForClusterToBeReady$0(147)) - Waiting for cluster to be ready. Got 0 of 3 DN Heartbeats.
2019-10-16 01:09:30,467 [Datanode State Machine Thread - 0] INFO  ozoneimpl.OzoneContainer (OzoneContainer.java:start(213)) - Attempting to start container services.
2019-10-16 01:09:30,472 [Datanode State Machine Thread - 0] INFO  ozoneimpl.OzoneContainer (OzoneContainer.java:startContainerScrub(177)) - Background container scanner has been disabled.
2019-10-16 01:09:30,472 [Datanode State Machine Thread - 0] INFO  ratis.XceiverServerRatis (XceiverServerRatis.java:start(418)) - Starting XceiverServerRatis 3d4afc67-c7e5-451f-ad84-7ee4adc2e156 at port 0
2019-10-16 01:09:30,484 [Datanode State Machine Thread - 0] INFO  impl.RaftServerProxy (RaftServerProxy.java:lambda$start$3(299)) - 3d4afc67-c7e5-451f-ad84-7ee4adc2e156: start RPC server
2019-10-16 01:09:30,589 [Datanode State Machine Thread - 0] INFO  server.GrpcService (GrpcService.java:startImpl(158)) - 3d4afc67-c7e5-451f-ad84-7ee4adc2e156: GrpcService started, listening on 0.0.0.0/0.0.0.0:37554
2019-10-16 01:09:30,589 [Datanode State Machine Thread - 0] INFO  server.GrpcService (GrpcService.java:startImpl(158)) - bdf1820c-8b54-4379-867f-1e5a509c7465: GrpcService started, listening on 0.0.0.0/0.0.0.0:34989
2019-10-16 01:09:30,589 [Datanode State Machine Thread - 0] INFO  server.GrpcService (GrpcService.java:startImpl(158)) - 9e106ceb-2e48-4592-baea-5a074ecdeb7f: GrpcService started, listening on 0.0.0.0/0.0.0.0:46856
2019-10-16 01:09:30,590 [Datanode State Machine Thread - 0] INFO  ratis.XceiverServerRatis (XceiverServerRatis.java:start(428)) - XceiverServerRatis bdf1820c-8b54-4379-867f-1e5a509c7465 is started using port 34989
2019-10-16 01:09:30,590 [Datanode State Machine Thread - 0] INFO  ratis.XceiverServerRatis (XceiverServerRatis.java:start(428)) - XceiverServerRatis 3d4afc67-c7e5-451f-ad84-7ee4adc2e156 is started using port 37554
2019-10-16 01:09:30,590 [Datanode State Machine Thread - 0] INFO  ratis.XceiverServerRatis (XceiverServerRatis.java:start(428)) - XceiverServerRatis 9e106ceb-2e48-4592-baea-5a074ecdeb7f is started using port 46856
2019-10-16 01:09:30,595 [Datanode State Machine Thread - 0] INFO  server.XceiverServerGrpc (XceiverServerGrpc.java:start(149)) - XceiverServerGrpc 3d4afc67-c7e5-451f-ad84-7ee4adc2e156 is started using port 45037
2019-10-16 01:09:30,595 [Datanode State Machine Thread - 0] INFO  server.XceiverServerGrpc (XceiverServerGrpc.java:start(149)) - XceiverServerGrpc 9e106ceb-2e48-4592-baea-5a074ecdeb7f is started using port 44754
2019-10-16 01:09:30,595 [Datanode State Machine Thread - 0] INFO  server.XceiverServerGrpc (XceiverServerGrpc.java:start(149)) - XceiverServerGrpc bdf1820c-8b54-4379-867f-1e5a509c7465 is started using port 37431
2019-10-16 01:09:31,438 [main] INFO  ozone.MiniOzoneClusterImpl (MiniOzoneClusterImpl.java:lambda$waitForClusterToBeReady$0(147)) - Waiting for cluster to be ready. Got 0 of 3 DN Heartbeats.
2019-10-16 01:09:32,321 [IPC Server handler 0 on 40265] INFO  net.NetworkTopology (NetworkTopologyImpl.java:add(111)) - Added a new node: /default-rack/9e106ceb-2e48-4592-baea-5a074ecdeb7f
2019-10-16 01:09:32,321 [IPC Server handler 0 on 40265] INFO  node.SCMNodeManager (SCMNodeManager.java:register(268)) - Registered Data node : 9e106ceb-2e48-4592-baea-5a074ecdeb7f{ip: 192.168.164.234, host: pr-hdds-1985-wgmpk-2951460010, networkLocation: /default-rack, certSerialId: null}
2019-10-16 01:09:32,324 [EventQueue-NodeRegistrationContainerReportForDataNodeSafeModeRule] INFO  safemode.SCMSafeModeManager (DataNodeSafeModeRule.java:process(71)) - SCM in safe mode. 1 DataNodes registered, 1 required.
2019-10-16 01:09:32,325 [EventQueue-NodeRegistrationContainerReportForDataNodeSafeModeRule] INFO  safemode.SCMSafeModeManager (SCMSafeModeManager.java:validateSafeModeExitRules(177)) - ScmSafeModeManager, all rules are successfully validated
2019-10-16 01:09:32,325 [EventQueue-NodeRegistrationContainerReportForDataNodeSafeModeRule] INFO  safemode.SCMSafeModeManager (SCMSafeModeManager.java:exitSafeMode(193)) - SCM exiting safe mode.
2019-10-16 01:09:32,371 [IPC Server handler 1 on 40265] INFO  net.NetworkTopology (NetworkTopologyImpl.java:add(111)) - Added a new node: /default-rack/bdf1820c-8b54-4379-867f-1e5a509c7465
2019-10-16 01:09:32,371 [IPC Server handler 1 on 40265] INFO  node.SCMNodeManager (SCMNodeManager.java:register(268)) - Registered Data node : bdf1820c-8b54-4379-867f-1e5a509c7465{ip: 192.168.164.234, host: pr-hdds-1985-wgmpk-2951460010, networkLocation: /default-rack, certSerialId: null}
2019-10-16 01:09:32,439 [main] INFO  ozone.MiniOzoneClusterImpl (MiniOzoneClusterImpl.java:lambda$waitForClusterToBeReady$0(147)) - Waiting for cluster to be ready. Got 2 of 3 DN Heartbeats.
2019-10-16 01:09:32,441 [IPC Server handler 2 on 40265] INFO  net.NetworkTopology (NetworkTopologyImpl.java:add(111)) - Added a new node: /default-rack/3d4afc67-c7e5-451f-ad84-7ee4adc2e156
2019-10-16 01:09:32,441 [IPC Server handler 2 on 40265] INFO  node.SCMNodeManager (SCMNodeManager.java:register(268)) - Registered Data node : 3d4afc67-c7e5-451f-ad84-7ee4adc2e156{ip: 192.168.164.234, host: pr-hdds-1985-wgmpk-2951460010, networkLocation: /default-rack, certSerialId: null}
2019-10-16 01:09:32,832 [grpc-default-executor-0] INFO  impl.RaftServerProxy (RaftServerProxy.java:addNew(89)) - 9e106ceb-2e48-4592-baea-5a074ecdeb7f: addNew group-1841F4FBBA42:[9e106ceb-2e48-4592-baea-5a074ecdeb7f:192.168.164.234:46856] returns group-1841F4FBBA42:java.util.concurrent.CompletableFuture@21271119[Not completed]
2019-10-16 01:09:32,843 [pool-27-thread-1] INFO  impl.RaftServerImpl (RaftServerImpl.java:<init>(104)) - 9e106ceb-2e48-4592-baea-5a074ecdeb7f: new RaftServerImpl for group-1841F4FBBA42:[9e106ceb-2e48-4592-baea-5a074ecdeb7f:192.168.164.234:46856] with ContainerStateMachine:uninitialized
2019-10-16 01:09:32,845 [pool-27-thread-1] INFO  server.RaftServerConfigKeys (ConfUtils.java:logGet(43)) - raft.server.rpc.timeout.min = 5s (custom)
2019-10-16 01:09:32,846 [pool-27-thread-1] INFO  server.RaftServerConfigKeys (ConfUtils.java:logGet(43)) - raft.server.rpc.timeout.max = 5200ms (custom)
2019-10-16 01:09:32,847 [pool-27-thread-1] INFO  server.RaftServerConfigKeys (ConfUtils.java:logGet(43)) - raft.server.rpcslowness.timeout = 1000s (custom)
2019-10-16 01:09:32,847 [pool-27-thread-1] INFO  server.RaftServerConfigKeys (ConfUtils.java:logGet(43)) - raft.server.sleep.deviation.threshold = 300 (default)
2019-10-16 01:09:32,848 [pool-27-thread-1] INFO  server.RaftServerConfigKeys (ConfUtils.java:logGet(43)) - raft.server.log.appender.install.snapshot.enabled = false (custom)
2019-10-16 01:09:32,854 [pool-27-thread-1] INFO  impl.RaftServerImpl (ServerState.java:<init>(103)) - 9e106ceb-2e48-4592-baea-5a074ecdeb7f@group-1841F4FBBA42: ConfigurationManager, init=-1: [9e106ceb-2e48-4592-baea-5a074ecdeb7f:192.168.164.234:46856], old=null, confs=<EMPTY_MAP>
2019-10-16 01:09:32,855 [pool-27-thread-1] INFO  server.RaftServerConfigKeys (ConfUtils.java:logGet(43)) - raft.server.storage.dir = [/workdir/hadoop-ozone/integration-test/target/test-dir/MiniOzoneClusterImpl-6aea6efb-0017-4071-a4af-b72efaa63b28/datanode-0/data/ratis] (custom)
2019-10-16 01:09:32,860 [pool-27-thread-1] INFO  server.RaftServerConfigKeys (ConfUtils.java:logGet(43)) - raft.server.log.corruption.policy = EXCEPTION (default)
2019-10-16 01:09:32,862 [pool-27-thread-1] INFO  storage.RaftStorageDirectory (RaftStorageDirectory.java:analyzeStorage(246)) - The storage directory /workdir/hadoop-ozone/integration-test/target/test-dir/MiniOzoneClusterImpl-6aea6efb-0017-4071-a4af-b72efaa63b28/datanode-0/data/ratis/3a00e583-747b-4f93-8b62-1841f4fbba42 does not exist. Creating ...
2019-10-16 01:09:32,889 [pool-27-thread-1] INFO  storage.RaftStorageDirectory (RaftStorageDirectory.java:tryLock(328)) - Lock on /workdir/hadoop-ozone/integration-test/target/test-dir/MiniOzoneClusterImpl-6aea6efb-0017-4071-a4af-b72efaa63b28/datanode-0/data/ratis/3a00e583-747b-4f93-8b62-1841f4fbba42/in_use.lock acquired by nodename 10455@pr-hdds-1985-wgmpk-2951460010
2019-10-16 01:09:32,915 [pool-27-thread-1] INFO  storage.RaftStorage (RaftStorage.java:format(84)) - Storage directory /workdir/hadoop-ozone/integration-test/target/test-dir/MiniOzoneClusterImpl-6aea6efb-0017-4071-a4af-b72efaa63b28/datanode-0/data/ratis/3a00e583-747b-4f93-8b62-1841f4fbba42 has been successfully formatted.
2019-10-16 01:09:32,918 [pool-27-thread-1] INFO  ratis.ContainerStateMachine (ContainerStateMachine.java:loadSnapshot(231)) - group-1841F4FBBA42: The snapshot info is null. Setting the last applied indexto:(t:0, i:~)
2019-10-16 01:09:32,919 [pool-27-thread-1] INFO  server.RaftServerConfigKeys (ConfUtils.java:logGet(43)) - raft.server.notification.no-leader.timeout = 1000s (custom)
2019-10-16 01:09:32,922 [pool-27-thread-1] INFO  server.RaftServerConfigKeys (ConfUtils.java:logGet(43)) - raft.server.log.use.memory = false (default)
2019-10-16 01:09:32,930 [pool-27-thread-1] INFO  server.RaftServerConfigKeys (ConfUtils.java:logGet(43)) - raft.server.log.purge.gap = 1000000 (custom)
2019-10-16 01:09:32,930 [pool-27-thread-1] INFO  server.RaftServerConfigKeys (ConfUtils.java:logGet(43)) - raft.server.log.appender.buffer.byte-limit = 33554432 (custom)
2019-10-16 01:09:32,933 [pool-27-thread-1] INFO  server.RaftServerConfigKeys (ConfUtils.java:logGet(43)) - raft.server.log.segment.size.max = 1048576 (custom)
2019-10-16 01:09:32,936 [pool-27-thread-1] INFO  impl.MetricsSystemImpl (MetricsSystemImpl.java:init(158)) - ratis metrics system started (again)
2019-10-16 01:09:32,941 [pool-27-thread-1] INFO  metrics.MetricRegistries (MetricRegistriesLoader.java:load(64)) - Loaded MetricRegistries class org.apache.ratis.metrics.impl.MetricRegistriesImpl
2019-10-16 01:09:32,984 [pool-27-thread-1] INFO  server.RaftServerConfigKeys (ConfUtils.java:logGet(43)) - raft.server.log.segment.cache.num.max = 2 (custom)
2019-10-16 01:09:32,990 [pool-27-thread-1] INFO  segmented.SegmentedRaftLogWorker (SegmentedRaftLogWorker.java:<init>(173)) - new 9e106ceb-2e48-4592-baea-5a074ecdeb7f@group-1841F4FBBA42-SegmentedRaftLogWorker for RaftStorage:Storage Directory /workdir/hadoop-ozone/integration-test/target/test-dir/MiniOzoneClusterImpl-6aea6efb-0017-4071-a4af-b72efaa63b28/datanode-0/data/ratis/3a00e583-747b-4f93-8b62-1841f4fbba42
2019-10-16 01:09:32,991 [pool-27-thread-1] INFO  server.RaftServerConfigKeys (ConfUtils.java:logGet(43)) - raft.server.log.queue.byte-limit = 2147483647 (custom)
2019-10-16 01:09:32,991 [pool-27-thread-1] INFO  server.RaftServerConfigKeys (ConfUtils.java:logGet(43)) - raft.server.log.queue.element-limit = 1024 (custom)
2019-10-16 01:09:32,992 [pool-27-thread-1] INFO  server.RaftServerConfigKeys (ConfUtils.java:logGet(43)) - raft.server.log.segment.size.max = 1048576 (custom)
2019-10-16 01:09:32,993 [pool-27-thread-1] INFO  server.RaftServerConfigKeys (ConfUtils.java:logGet(43)) - raft.server.log.preallocated.size = 16384 (custom)
2019-10-16 01:09:32,993 [pool-27-thread-1] INFO  server.RaftServerConfigKeys (ConfUtils.java:logGet(43)) - raft.server.log.write.buffer.size = 33554432 (custom)
2019-10-16 01:09:32,994 [pool-27-thread-1] INFO  server.RaftServerConfigKeys (ConfUtils.java:logGet(43)) - raft.server.log.force.sync.num = 128 (default)
2019-10-16 01:09:32,995 [pool-27-thread-1] INFO  server.RaftServerConfigKeys (ConfUtils.java:logGet(43)) - raft.server.log.statemachine.data.sync = true (default)
2019-10-16 01:09:32,995 [pool-27-thread-1] INFO  server.RaftServerConfigKeys (ConfUtils.java:logGet(43)) - raft.server.log.statemachine.data.sync.timeout = 10s (default)
2019-10-16 01:09:32,996 [pool-27-thread-1] INFO  server.RaftServerConfigKeys (ConfUtils.java:logGet(43)) - raft.server.log.statemachine.data.sync.timeout.retry = -1 (default)
2019-10-16 01:09:33,007 [pool-27-thread-1] INFO  server.RaftServerConfigKeys (ConfUtils.java:logGet(43)) - raft.server.log.statemachine.data.caching.enabled = true (custom)
2019-10-16 01:09:33,012 [pool-27-thread-1] INFO  segmented.SegmentedRaftLogWorker (SegmentedRaftLogWorker.java:lambda$new$0(128)) - 9e106ceb-2e48-4592-baea-5a074ecdeb7f@group-1841F4FBBA42-SegmentedRaftLogWorker: flushIndex: setUnconditionally 0 -> -1
2019-10-16 01:09:33,016 [pool-27-thread-1] INFO  server.RaftServerConfigKeys (ConfUtils.java:logGet(43)) - raft.server.snapshot.auto.trigger.enabled = true (custom)
2019-10-16 01:09:33,017 [pool-27-thread-1] INFO  server.RaftServerConfigKeys (ConfUtils.java:logGet(43)) - raft.server.snapshot.auto.trigger.threshold = 10000 (custom)
2019-10-16 01:09:33,018 [pool-27-thread-1] INFO  server.RaftServerConfigKeys (ConfUtils.java:logGet(43)) - raft.server.snapshot.retention.file.num = 5 (custom)
2019-10-16 01:09:33,018 [pool-27-thread-1] INFO  server.RaftServerConfigKeys (ConfUtils.java:logGet(43)) - raft.server.retrycache.expirytime = 600000ms (custom)
2019-10-16 01:09:33,045 [pool-27-thread-1] INFO  impl.RaftServerImpl (RaftServerImpl.java:start(195)) - 9e106ceb-2e48-4592-baea-5a074ecdeb7f@group-1841F4FBBA42: start as a follower, conf=-1: [9e106ceb-2e48-4592-baea-5a074ecdeb7f:192.168.164.234:46856], old=null
2019-10-16 01:09:33,046 [pool-27-thread-1] INFO  impl.RaftServerImpl (RaftServerImpl.java:setRole(184)) - 9e106ceb-2e48-4592-baea-5a074ecdeb7f@group-1841F4FBBA42: changes role from      null to FOLLOWER at term 0 for startAsFollower
2019-10-16 01:09:33,047 [pool-27-thread-1] INFO  impl.RoleInfo (RoleInfo.java:updateAndGet(143)) - 9e106ceb-2e48-4592-baea-5a074ecdeb7f: start FollowerState
2019-10-16 01:09:33,048 [pool-27-thread-1] INFO  util.JmxRegister (JmxRegister.java:tryRegister(44)) - Successfully registered JMX Bean with object name Ratis:service=RaftServer,group=group-1841F4FBBA42,id=9e106ceb-2e48-4592-baea-5a074ecdeb7f
2019-10-16 01:09:33,057 [Thread-186] INFO  impl.FollowerState (FollowerState.java:run(108)) - 9e106ceb-2e48-4592-baea-5a074ecdeb7f@group-1841F4FBBA42-FollowerState: change to CANDIDATE, lastRpcTime:10ms, electionTimeout:10ms
2019-10-16 01:09:33,061 [Thread-186] INFO  impl.RoleInfo (RoleInfo.java:shutdownFollowerState(121)) - 9e106ceb-2e48-4592-baea-5a074ecdeb7f: shutdown FollowerState
2019-10-16 01:09:33,062 [Thread-186] INFO  impl.RaftServerImpl (RaftServerImpl.java:setRole(184)) - 9e106ceb-2e48-4592-baea-5a074ecdeb7f@group-1841F4FBBA42: changes role from  FOLLOWER to CANDIDATE at term 0 for changeToCandidate
2019-10-16 01:09:33,068 [Thread-186] INFO  impl.RoleInfo (RoleInfo.java:updateAndGet(143)) - 9e106ceb-2e48-4592-baea-5a074ecdeb7f: start LeaderElection
2019-10-16 01:09:33,093 [9e106ceb-2e48-4592-baea-5a074ecdeb7f@group-1841F4FBBA42-LeaderElection1] INFO  impl.LeaderElection (LeaderElection.java:askForVotes(178)) - 9e106ceb-2e48-4592-baea-5a074ecdeb7f@group-1841F4FBBA42-LeaderElection1: begin an election at term 1 for -1: [9e106ceb-2e48-4592-baea-5a074ecdeb7f:192.168.164.234:46856], old=null
2019-10-16 01:09:33,094 [9e106ceb-2e48-4592-baea-5a074ecdeb7f@group-1841F4FBBA42-LeaderElection1] INFO  impl.RoleInfo (RoleInfo.java:shutdownLeaderElection(134)) - 9e106ceb-2e48-4592-baea-5a074ecdeb7f: shutdown LeaderElection
2019-10-16 01:09:33,095 [9e106ceb-2e48-4592-baea-5a074ecdeb7f@group-1841F4FBBA42-LeaderElection1] INFO  impl.RaftServerImpl (RaftServerImpl.java:setRole(184)) - 9e106ceb-2e48-4592-baea-5a074ecdeb7f@group-1841F4FBBA42: changes role from CANDIDATE to LEADER at term 1 for changeToLeader
2019-10-16 01:09:33,095 [9e106ceb-2e48-4592-baea-5a074ecdeb7f@group-1841F4FBBA42-LeaderElection1] INFO  impl.RaftServerImpl (ServerState.java:setLeader(256)) - 9e106ceb-2e48-4592-baea-5a074ecdeb7f@group-1841F4FBBA42: change Leader from null to 9e106ceb-2e48-4592-baea-5a074ecdeb7f at term 1 for becomeLeader, leader elected after 176ms
2019-10-16 01:09:33,099 [9e106ceb-2e48-4592-baea-5a074ecdeb7f@group-1841F4FBBA42-LeaderElection1] INFO  server.RaftServerConfigKeys (ConfUtils.java:logGet(43)) - raft.server.staging.catchup.gap = 1000 (default)
2019-10-16 01:09:33,099 [9e106ceb-2e48-4592-baea-5a074ecdeb7f@group-1841F4FBBA42-LeaderElection1] INFO  server.RaftServerConfigKeys (ConfUtils.java:logGet(43)) - raft.server.rpc.sleep.time = 25ms (default)
2019-10-16 01:09:33,102 [9e106ceb-2e48-4592-baea-5a074ecdeb7f@group-1841F4FBBA42-LeaderElection1] INFO  server.RaftServerConfigKeys (ConfUtils.java:logGet(43)) - raft.server.write.element-limit = 4096 (default)
2019-10-16 01:09:33,105 [9e106ceb-2e48-4592-baea-5a074ecdeb7f@group-1841F4FBBA42-LeaderElection1] INFO  server.RaftServerConfigKeys (ConfUtils.java:logGet(43)) - raft.server.watch.timeout = 10s (default)
2019-10-16 01:09:33,106 [9e106ceb-2e48-4592-baea-5a074ecdeb7f@group-1841F4FBBA42-LeaderElection1] INFO  server.RaftServerConfigKeys (ConfUtils.java:logGet(43)) - raft.server.watch.timeout.denomination = 1s (default)
2019-10-16 01:09:33,106 [9e106ceb-2e48-4592-baea-5a074ecdeb7f@group-1841F4FBBA42-LeaderElection1] INFO  server.RaftServerConfigKeys (ConfUtils.java:logGet(43)) - raft.server.watch.element-limit = 65536 (default)
2019-10-16 01:09:33,141 [RatisPipelineUtilsThread] INFO  pipeline.PipelineStateManager (PipelineStateManager.java:addPipeline(56)) - Created pipeline Pipeline[ Id: 3a00e583-747b-4f93-8b62-1841f4fbba42, Nodes: 9e106ceb-2e48-4592-baea-5a074ecdeb7f{ip: 192.168.164.234, host: pr-hdds-1985-wgmpk-2951460010, networkLocation: /default-rack, certSerialId: null}, Type:RATIS, Factor:ONE, State:OPEN]
2019-10-16 01:09:33,142 [9e106ceb-2e48-4592-baea-5a074ecdeb7f@group-1841F4FBBA42-LeaderElection1] INFO  impl.RoleInfo (RoleInfo.java:updateAndGet(143)) - 9e106ceb-2e48-4592-baea-5a074ecdeb7f: start LeaderState
2019-10-16 01:09:33,163 [grpc-default-executor-0] INFO  impl.RaftServerProxy (RaftServerProxy.java:addNew(89)) - 3d4afc67-c7e5-451f-ad84-7ee4adc2e156: addNew group-FE2F3C1D2E38:[3d4afc67-c7e5-451f-ad84-7ee4adc2e156:192.168.164.234:37554] returns group-FE2F3C1D2E38:java.util.concurrent.CompletableFuture@321e828b[Not completed]
2019-10-16 01:09:33,164 [9e106ceb-2e48-4592-baea-5a074ecdeb7f@group-1841F4FBBA42-LeaderElection1] INFO  segmented.SegmentedRaftLogWorker (SegmentedRaftLogWorker.java:startLogSegment(385)) - 9e106ceb-2e48-4592-baea-5a074ecdeb7f@group-1841F4FBBA42-SegmentedRaftLogWorker: Starting segment from index:0
2019-10-16 01:09:33,166 [pool-47-thread-1] INFO  impl.RaftServerImpl (RaftServerImpl.java:<init>(104)) - 3d4afc67-c7e5-451f-ad84-7ee4adc2e156: new RaftServerImpl for group-FE2F3C1D2E38:[3d4afc67-c7e5-451f-ad84-7ee4adc2e156:192.168.164.234:37554] with ContainerStateMachine:uninitialized
2019-10-16 01:09:33,167 [pool-47-thread-1] INFO  server.RaftServerConfigKeys (ConfUtils.java:logGet(43)) - raft.server.rpc.timeout.min = 5s (custom)
2019-10-16 01:09:33,167 [pool-47-thread-1] INFO  server.RaftServerConfigKeys (ConfUtils.java:logGet(43)) - raft.server.rpc.timeout.max = 5200ms (custom)
2019-10-16 01:09:33,168 [pool-47-thread-1] INFO  server.RaftServerConfigKeys (ConfUtils.java:logGet(43)) - raft.server.rpcslowness.timeout = 1000s (custom)
2019-10-16 01:09:33,168 [pool-47-thread-1] INFO  server.RaftServerConfigKeys (ConfUtils.java:logGet(43)) - raft.server.sleep.deviation.threshold = 300 (default)
2019-10-16 01:09:33,168 [pool-47-thread-1] INFO  server.RaftServerConfigKeys (ConfUtils.java:logGet(43)) - raft.server.log.appender.install.snapshot.enabled = false (custom)
2019-10-16 01:09:33,168 [pool-47-thread-1] INFO  impl.RaftServerImpl (ServerState.java:<init>(103)) - 3d4afc67-c7e5-451f-ad84-7ee4adc2e156@group-FE2F3C1D2E38: ConfigurationManager, init=-1: [3d4afc67-c7e5-451f-ad84-7ee4adc2e156:192.168.164.234:37554], old=null, confs=<EMPTY_MAP>
2019-10-16 01:09:33,169 [pool-47-thread-1] INFO  server.RaftServerConfigKeys (ConfUtils.java:logGet(43)) - raft.server.storage.dir = [/workdir/hadoop-ozone/integration-test/target/test-dir/MiniOzoneClusterImpl-6aea6efb-0017-4071-a4af-b72efaa63b28/datanode-2/data/ratis] (custom)
2019-10-16 01:09:33,169 [pool-47-thread-1] INFO  server.RaftServerConfigKeys (ConfUtils.java:logGet(43)) - raft.server.log.corruption.policy = EXCEPTION (default)
2019-10-16 01:09:33,169 [pool-47-thread-1] INFO  storage.RaftStorageDirectory (RaftStorageDirectory.java:analyzeStorage(246)) - The storage directory /workdir/hadoop-ozone/integration-test/target/test-dir/MiniOzoneClusterImpl-6aea6efb-0017-4071-a4af-b72efaa63b28/datanode-2/data/ratis/aebedb69-a827-4c76-b3fa-fe2f3c1d2e38 does not exist. Creating ...
2019-10-16 01:09:33,174 [9e106ceb-2e48-4592-baea-5a074ecdeb7f@group-1841F4FBBA42-LeaderElection1] INFO  impl.RaftServerImpl (ServerState.java:setRaftConf(357)) - 9e106ceb-2e48-4592-baea-5a074ecdeb7f@group-1841F4FBBA42: set configuration 0: [9e106ceb-2e48-4592-baea-5a074ecdeb7f:192.168.164.234:46856], old=null at 0
2019-10-16 01:09:33,194 [pool-47-thread-1] INFO  storage.RaftStorageDirectory (RaftStorageDirectory.java:tryLock(328)) - Lock on /workdir/hadoop-ozone/integration-test/target/test-dir/MiniOzoneClusterImpl-6aea6efb-0017-4071-a4af-b72efaa63b28/datanode-2/data/ratis/aebedb69-a827-4c76-b3fa-fe2f3c1d2e38/in_use.lock acquired by nodename 10455@pr-hdds-1985-wgmpk-2951460010
2019-10-16 01:09:33,218 [pool-47-thread-1] INFO  storage.RaftStorage (RaftStorage.java:format(84)) - Storage directory /workdir/hadoop-ozone/integration-test/target/test-dir/MiniOzoneClusterImpl-6aea6efb-0017-4071-a4af-b72efaa63b28/datanode-2/data/ratis/aebedb69-a827-4c76-b3fa-fe2f3c1d2e38 has been successfully formatted.
2019-10-16 01:09:33,220 [pool-47-thread-1] INFO  ratis.ContainerStateMachine (ContainerStateMachine.java:loadSnapshot(231)) - group-FE2F3C1D2E38: The snapshot info is null. Setting the last applied indexto:(t:0, i:~)
2019-10-16 01:09:33,223 [pool-47-thread-1] INFO  server.RaftServerConfigKeys (ConfUtils.java:logGet(43)) - raft.server.notification.no-leader.timeout = 1000s (custom)
2019-10-16 01:09:33,223 [pool-47-thread-1] INFO  server.RaftServerConfigKeys (ConfUtils.java:logGet(43)) - raft.server.log.use.memory = false (default)
2019-10-16 01:09:33,223 [pool-47-thread-1] INFO  server.RaftServerConfigKeys (ConfUtils.java:logGet(43)) - raft.server.log.purge.gap = 1000000 (custom)
2019-10-16 01:09:33,223 [pool-47-thread-1] INFO  server.RaftServerConfigKeys (ConfUtils.java:logGet(43)) - raft.server.log.appender.buffer.byte-limit = 33554432 (custom)
2019-10-16 01:09:33,224 [pool-47-thread-1] INFO  server.RaftServerConfigKeys (ConfUtils.java:logGet(43)) - raft.server.log.segment.size.max = 1048576 (custom)
2019-10-16 01:09:33,248 [pool-47-thread-1] INFO  server.RaftServerConfigKeys (ConfUtils.java:logGet(43)) - raft.server.log.segment.cache.num.max = 2 (custom)
2019-10-16 01:09:33,248 [pool-47-thread-1] INFO  segmented.SegmentedRaftLogWorker (SegmentedRaftLogWorker.java:<init>(173)) - new 3d4afc67-c7e5-451f-ad84-7ee4adc2e156@group-FE2F3C1D2E38-SegmentedRaftLogWorker for RaftStorage:Storage Directory /workdir/hadoop-ozone/integration-test/target/test-dir/MiniOzoneClusterImpl-6aea6efb-0017-4071-a4af-b72efaa63b28/datanode-2/data/ratis/aebedb69-a827-4c76-b3fa-fe2f3c1d2e38
2019-10-16 01:09:33,248 [pool-47-thread-1] INFO  server.RaftServerConfigKeys (ConfUtils.java:logGet(43)) - raft.server.log.queue.byte-limit = 2147483647 (custom)
2019-10-16 01:09:33,249 [pool-47-thread-1] INFO  server.RaftServerConfigKeys (ConfUtils.java:logGet(43)) - raft.server.log.queue.element-limit = 1024 (custom)
2019-10-16 01:09:33,249 [pool-47-thread-1] INFO  server.RaftServerConfigKeys (ConfUtils.java:logGet(43)) - raft.server.log.segment.size.max = 1048576 (custom)
2019-10-16 01:09:33,249 [pool-47-thread-1] INFO  server.RaftServerConfigKeys (ConfUtils.java:logGet(43)) - raft.server.log.preallocated.size = 16384 (custom)
2019-10-16 01:09:33,249 [pool-47-thread-1] INFO  server.RaftServerConfigKeys (ConfUtils.java:logGet(43)) - raft.server.log.write.buffer.size = 33554432 (custom)
2019-10-16 01:09:33,249 [pool-47-thread-1] INFO  server.RaftServerConfigKeys (ConfUtils.java:logGet(43)) - raft.server.log.force.sync.num = 128 (default)
2019-10-16 01:09:33,250 [pool-47-thread-1] INFO  server.RaftServerConfigKeys (ConfUtils.java:logGet(43)) - raft.server.log.statemachine.data.sync = true (default)
2019-10-16 01:09:33,250 [pool-47-thread-1] INFO  server.RaftServerConfigKeys (ConfUtils.java:logGet(43)) - raft.server.log.statemachine.data.sync.timeout = 10s (default)
2019-10-16 01:09:33,250 [pool-47-thread-1] INFO  server.RaftServerConfigKeys (ConfUtils.java:logGet(43)) - raft.server.log.statemachine.data.sync.timeout.retry = -1 (default)
2019-10-16 01:09:33,251 [pool-47-thread-1] INFO  server.RaftServerConfigKeys (ConfUtils.java:logGet(43)) - raft.server.log.statemachine.data.caching.enabled = true (custom)
2019-10-16 01:09:33,252 [pool-47-thread-1] INFO  segmented.SegmentedRaftLogWorker (SegmentedRaftLogWorker.java:lambda$new$0(128)) - 3d4afc67-c7e5-451f-ad84-7ee4adc2e156@group-FE2F3C1D2E38-SegmentedRaftLogWorker: flushIndex: setUnconditionally 0 -> -1
2019-10-16 01:09:33,252 [pool-47-thread-1] INFO  server.RaftServerConfigKeys (ConfUtils.java:logGet(43)) - raft.server.snapshot.auto.trigger.enabled = true (custom)
2019-10-16 01:09:33,252 [pool-47-thread-1] INFO  server.RaftServerConfigKeys (ConfUtils.java:logGet(43)) - raft.server.snapshot.auto.trigger.threshold = 10000 (custom)
2019-10-16 01:09:33,252 [pool-47-thread-1] INFO  server.RaftServerConfigKeys (ConfUtils.java:logGet(43)) - raft.server.snapshot.retention.file.num = 5 (custom)
2019-10-16 01:09:33,253 [pool-47-thread-1] INFO  server.RaftServerConfigKeys (ConfUtils.java:logGet(43)) - raft.server.retrycache.expirytime = 600000ms (custom)
2019-10-16 01:09:33,262 [pool-47-thread-1] INFO  impl.RaftServerImpl (RaftServerImpl.java:start(195)) - 3d4afc67-c7e5-451f-ad84-7ee4adc2e156@group-FE2F3C1D2E38: start as a follower, conf=-1: [3d4afc67-c7e5-451f-ad84-7ee4adc2e156:192.168.164.234:37554], old=null
2019-10-16 01:09:33,262 [pool-47-thread-1] INFO  impl.RaftServerImpl (RaftServerImpl.java:setRole(184)) - 3d4afc67-c7e5-451f-ad84-7ee4adc2e156@group-FE2F3C1D2E38: changes role from      null to FOLLOWER at term 0 for startAsFollower
2019-10-16 01:09:33,262 [pool-47-thread-1] INFO  impl.RoleInfo (RoleInfo.java:updateAndGet(143)) - 3d4afc67-c7e5-451f-ad84-7ee4adc2e156: start FollowerState
2019-10-16 01:09:33,262 [pool-47-thread-1] INFO  util.JmxRegister (JmxRegister.java:tryRegister(44)) - Successfully registered JMX Bean with object name Ratis:service=RaftServer,group=group-FE2F3C1D2E38,id=3d4afc67-c7e5-451f-ad84-7ee4adc2e156
2019-10-16 01:09:33,278 [RatisPipelineUtilsThread] INFO  pipeline.PipelineStateManager (PipelineStateManager.java:addPipeline(56)) - Created pipeline Pipeline[ Id: aebedb69-a827-4c76-b3fa-fe2f3c1d2e38, Nodes: 3d4afc67-c7e5-451f-ad84-7ee4adc2e156{ip: 192.168.164.234, host: pr-hdds-1985-wgmpk-2951460010, networkLocation: /default-rack, certSerialId: null}, Type:RATIS, Factor:ONE, State:OPEN]
2019-10-16 01:09:33,294 [grpc-default-executor-0] INFO  impl.RaftServerProxy (RaftServerProxy.java:addNew(89)) - bdf1820c-8b54-4379-867f-1e5a509c7465: addNew group-D7515660FBF5:[bdf1820c-8b54-4379-867f-1e5a509c7465:192.168.164.234:34989] returns group-D7515660FBF5:java.util.concurrent.CompletableFuture@20ecad5d[Not completed]
2019-10-16 01:09:33,303 [pool-37-thread-1] INFO  impl.RaftServerImpl (RaftServerImpl.java:<init>(104)) - bdf1820c-8b54-4379-867f-1e5a509c7465: new RaftServerImpl for group-D7515660FBF5:[bdf1820c-8b54-4379-867f-1e5a509c7465:192.168.164.234:34989] with ContainerStateMachine:uninitialized
2019-10-16 01:09:33,304 [pool-37-thread-1] INFO  server.RaftServerConfigKeys (ConfUtils.java:logGet(43)) - raft.server.rpc.timeout.min = 5s (custom)
2019-10-16 01:09:33,304 [pool-37-thread-1] INFO  server.RaftServerConfigKeys (ConfUtils.java:logGet(43)) - raft.server.rpc.timeout.max = 5200ms (custom)
2019-10-16 01:09:33,304 [pool-37-thread-1] INFO  server.RaftServerConfigKeys (ConfUtils.java:logGet(43)) - raft.server.rpcslowness.timeout = 1000s (custom)
2019-10-16 01:09:33,304 [pool-37-thread-1] INFO  server.RaftServerConfigKeys (ConfUtils.java:logGet(43)) - raft.server.sleep.deviation.threshold = 300 (default)
2019-10-16 01:09:33,305 [pool-37-thread-1] INFO  server.RaftServerConfigKeys (ConfUtils.java:logGet(43)) - raft.server.log.appender.install.snapshot.enabled = false (custom)
2019-10-16 01:09:33,305 [pool-37-thread-1] INFO  impl.RaftServerImpl (ServerState.java:<init>(103)) - bdf1820c-8b54-4379-867f-1e5a509c7465@group-D7515660FBF5: ConfigurationManager, init=-1: [bdf1820c-8b54-4379-867f-1e5a509c7465:192.168.164.234:34989], old=null, confs=<EMPTY_MAP>
2019-10-16 01:09:33,305 [pool-37-thread-1] INFO  server.RaftServerConfigKeys (ConfUtils.java:logGet(43)) - raft.server.storage.dir = [/workdir/hadoop-ozone/integration-test/target/test-dir/MiniOzoneClusterImpl-6aea6efb-0017-4071-a4af-b72efaa63b28/datanode-1/data/ratis] (custom)
2019-10-16 01:09:33,305 [pool-37-thread-1] INFO  server.RaftServerConfigKeys (ConfUtils.java:logGet(43)) - raft.server.log.corruption.policy = EXCEPTION (default)
2019-10-16 01:09:33,306 [pool-37-thread-1] INFO  storage.RaftStorageDirectory (RaftStorageDirectory.java:analyzeStorage(246)) - The storage directory /workdir/hadoop-ozone/integration-test/target/test-dir/MiniOzoneClusterImpl-6aea6efb-0017-4071-a4af-b72efaa63b28/datanode-1/data/ratis/a0bc916a-dc8c-4397-b5da-d7515660fbf5 does not exist. Creating ...
2019-10-16 01:09:33,341 [pool-37-thread-1] INFO  storage.RaftStorageDirectory (RaftStorageDirectory.java:tryLock(328)) - Lock on /workdir/hadoop-ozone/integration-test/target/test-dir/MiniOzoneClusterImpl-6aea6efb-0017-4071-a4af-b72efaa63b28/datanode-1/data/ratis/a0bc916a-dc8c-4397-b5da-d7515660fbf5/in_use.lock acquired by nodename 10455@pr-hdds-1985-wgmpk-2951460010
2019-10-16 01:09:33,366 [pool-37-thread-1] INFO  storage.RaftStorage (RaftStorage.java:format(84)) - Storage directory /workdir/hadoop-ozone/integration-test/target/test-dir/MiniOzoneClusterImpl-6aea6efb-0017-4071-a4af-b72efaa63b28/datanode-1/data/ratis/a0bc916a-dc8c-4397-b5da-d7515660fbf5 has been successfully formatted.
2019-10-16 01:09:33,366 [9e106ceb-2e48-4592-baea-5a074ecdeb7f@group-1841F4FBBA42-SegmentedRaftLogWorker] INFO  segmented.SegmentedRaftLogWorker (SegmentedRaftLogWorker.java:execute(576)) - 9e106ceb-2e48-4592-baea-5a074ecdeb7f@group-1841F4FBBA42-SegmentedRaftLogWorker: created new log segment /workdir/hadoop-ozone/integration-test/target/test-dir/MiniOzoneClusterImpl-6aea6efb-0017-4071-a4af-b72efaa63b28/datanode-0/data/ratis/3a00e583-747b-4f93-8b62-1841f4fbba42/current/log_inprogress_0
2019-10-16 01:09:33,367 [pool-37-thread-1] INFO  ratis.ContainerStateMachine (ContainerStateMachine.java:loadSnapshot(231)) - group-D7515660FBF5: The snapshot info is null. Setting the last applied indexto:(t:0, i:~)
2019-10-16 01:09:33,367 [pool-37-thread-1] INFO  server.RaftServerConfigKeys (ConfUtils.java:logGet(43)) - raft.server.notification.no-leader.timeout = 1000s (custom)
2019-10-16 01:09:33,367 [pool-37-thread-1] INFO  server.RaftServerConfigKeys (ConfUtils.java:logGet(43)) - raft.server.log.use.memory = false (default)
2019-10-16 01:09:33,367 [pool-37-thread-1] INFO  server.RaftServerConfigKeys (ConfUtils.java:logGet(43)) - raft.server.log.purge.gap = 1000000 (custom)
2019-10-16 01:09:33,367 [pool-37-thread-1] INFO  server.RaftServerConfigKeys (ConfUtils.java:logGet(43)) - raft.server.log.appender.buffer.byte-limit = 33554432 (custom)
2019-10-16 01:09:33,367 [pool-37-thread-1] INFO  server.RaftServerConfigKeys (ConfUtils.java:logGet(43)) - raft.server.log.segment.size.max = 1048576 (custom)
2019-10-16 01:09:33,370 [pool-37-thread-1] INFO  server.RaftServerConfigKeys (ConfUtils.java:logGet(43)) - raft.server.log.segment.cache.num.max = 2 (custom)
2019-10-16 01:09:33,371 [pool-37-thread-1] INFO  segmented.SegmentedRaftLogWorker (SegmentedRaftLogWorker.java:<init>(173)) - new bdf1820c-8b54-4379-867f-1e5a509c7465@group-D7515660FBF5-SegmentedRaftLogWorker for RaftStorage:Storage Directory /workdir/hadoop-ozone/integration-test/target/test-dir/MiniOzoneClusterImpl-6aea6efb-0017-4071-a4af-b72efaa63b28/datanode-1/data/ratis/a0bc916a-dc8c-4397-b5da-d7515660fbf5
2019-10-16 01:09:33,371 [pool-37-thread-1] INFO  server.RaftServerConfigKeys (ConfUtils.java:logGet(43)) - raft.server.log.queue.byte-limit = 2147483647 (custom)
2019-10-16 01:09:33,371 [pool-37-thread-1] INFO  server.RaftServerConfigKeys (ConfUtils.java:logGet(43)) - raft.server.log.queue.element-limit = 1024 (custom)
2019-10-16 01:09:33,371 [pool-37-thread-1] INFO  server.RaftServerConfigKeys (ConfUtils.java:logGet(43)) - raft.server.log.segment.size.max = 1048576 (custom)
2019-10-16 01:09:33,371 [pool-37-thread-1] INFO  server.RaftServerConfigKeys (ConfUtils.java:logGet(43)) - raft.server.log.preallocated.size = 16384 (custom)
2019-10-16 01:09:33,371 [pool-37-thread-1] INFO  server.RaftServerConfigKeys (ConfUtils.java:logGet(43)) - raft.server.log.write.buffer.size = 33554432 (custom)
2019-10-16 01:09:33,371 [pool-37-thread-1] INFO  server.RaftServerConfigKeys (ConfUtils.java:logGet(43)) - raft.server.log.force.sync.num = 128 (default)
2019-10-16 01:09:33,371 [pool-37-thread-1] INFO  server.RaftServerConfigKeys (ConfUtils.java:logGet(43)) - raft.server.log.statemachine.data.sync = true (default)
2019-10-16 01:09:33,372 [pool-37-thread-1] INFO  server.RaftServerConfigKeys (ConfUtils.java:logGet(43)) - raft.server.log.statemachine.data.sync.timeout = 10s (default)
2019-10-16 01:09:33,372 [pool-37-thread-1] INFO  server.RaftServerConfigKeys (ConfUtils.java:logGet(43)) - raft.server.log.statemachine.data.sync.timeout.retry = -1 (default)
2019-10-16 01:09:33,372 [pool-37-thread-1] INFO  server.RaftServerConfigKeys (ConfUtils.java:logGet(43)) - raft.server.log.statemachine.data.caching.enabled = true (custom)
2019-10-16 01:09:33,373 [pool-37-thread-1] INFO  segmented.SegmentedRaftLogWorker (SegmentedRaftLogWorker.java:lambda$new$0(128)) - bdf1820c-8b54-4379-867f-1e5a509c7465@group-D7515660FBF5-SegmentedRaftLogWorker: flushIndex: setUnconditionally 0 -> -1
2019-10-16 01:09:33,373 [pool-37-thread-1] INFO  server.RaftServerConfigKeys (ConfUtils.java:logGet(43)) - raft.server.snapshot.auto.trigger.enabled = true (custom)
2019-10-16 01:09:33,373 [pool-37-thread-1] INFO  server.RaftServerConfigKeys (ConfUtils.java:logGet(43)) - raft.server.snapshot.auto.trigger.threshold = 10000 (custom)
2019-10-16 01:09:33,373 [pool-37-thread-1] INFO  server.RaftServerConfigKeys (ConfUtils.java:logGet(43)) - raft.server.snapshot.retention.file.num = 5 (custom)
2019-10-16 01:09:33,374 [pool-37-thread-1] INFO  server.RaftServerConfigKeys (ConfUtils.java:logGet(43)) - raft.server.retrycache.expirytime = 600000ms (custom)
2019-10-16 01:09:33,380 [pool-37-thread-1] INFO  impl.RaftServerImpl (RaftServerImpl.java:start(195)) - bdf1820c-8b54-4379-867f-1e5a509c7465@group-D7515660FBF5: start as a follower, conf=-1: [bdf1820c-8b54-4379-867f-1e5a509c7465:192.168.164.234:34989], old=null
2019-10-16 01:09:33,380 [pool-37-thread-1] INFO  impl.RaftServerImpl (RaftServerImpl.java:setRole(184)) - bdf1820c-8b54-4379-867f-1e5a509c7465@group-D7515660FBF5: changes role from      null to FOLLOWER at term 0 for startAsFollower
2019-10-16 01:09:33,381 [pool-37-thread-1] INFO  impl.RoleInfo (RoleInfo.java:updateAndGet(143)) - bdf1820c-8b54-4379-867f-1e5a509c7465: start FollowerState
2019-10-16 01:09:33,381 [pool-37-thread-1] INFO  util.JmxRegister (JmxRegister.java:tryRegister(44)) - Successfully registered JMX Bean with object name Ratis:service=RaftServer,group=group-D7515660FBF5,id=bdf1820c-8b54-4379-867f-1e5a509c7465
2019-10-16 01:09:33,394 [RatisPipelineUtilsThread] INFO  pipeline.PipelineStateManager (PipelineStateManager.java:addPipeline(56)) - Created pipeline Pipeline[ Id: a0bc916a-dc8c-4397-b5da-d7515660fbf5, Nodes: bdf1820c-8b54-4379-867f-1e5a509c7465{ip: 192.168.164.234, host: pr-hdds-1985-wgmpk-2951460010, networkLocation: /default-rack, certSerialId: null}, Type:RATIS, Factor:ONE, State:OPEN]
2019-10-16 01:09:33,426 [grpc-default-executor-0] INFO  impl.RaftServerProxy (RaftServerProxy.java:addNew(89)) - 9e106ceb-2e48-4592-baea-5a074ecdeb7f: addNew group-F110391D6AD9:[9e106ceb-2e48-4592-baea-5a074ecdeb7f:192.168.164.234:46856, 3d4afc67-c7e5-451f-ad84-7ee4adc2e156:192.168.164.234:37554, bdf1820c-8b54-4379-867f-1e5a509c7465:192.168.164.234:34989] returns group-F110391D6AD9:java.util.concurrent.CompletableFuture@6e1f8585[Not completed]
2019-10-16 01:09:33,426 [grpc-default-executor-1] INFO  impl.RaftServerProxy (RaftServerProxy.java:addNew(89)) - bdf1820c-8b54-4379-867f-1e5a509c7465: addNew group-F110391D6AD9:[9e106ceb-2e48-4592-baea-5a074ecdeb7f:192.168.164.234:46856, 3d4afc67-c7e5-451f-ad84-7ee4adc2e156:192.168.164.234:37554, bdf1820c-8b54-4379-867f-1e5a509c7465:192.168.164.234:34989] returns group-F110391D6AD9:java.util.concurrent.CompletableFuture@4a05f1e9[Not completed]
2019-10-16 01:09:33,427 [grpc-default-executor-2] INFO  impl.RaftServerProxy (RaftServerProxy.java:addNew(89)) - 3d4afc67-c7e5-451f-ad84-7ee4adc2e156: addNew group-F110391D6AD9:[9e106ceb-2e48-4592-baea-5a074ecdeb7f:192.168.164.234:46856, 3d4afc67-c7e5-451f-ad84-7ee4adc2e156:192.168.164.234:37554, bdf1820c-8b54-4379-867f-1e5a509c7465:192.168.164.234:34989] returns group-F110391D6AD9:java.util.concurrent.CompletableFuture@75ee09f8[Not completed]
2019-10-16 01:09:33,427 [pool-27-thread-1] INFO  impl.RaftServerImpl (RaftServerImpl.java:<init>(104)) - 9e106ceb-2e48-4592-baea-5a074ecdeb7f: new RaftServerImpl for group-F110391D6AD9:[9e106ceb-2e48-4592-baea-5a074ecdeb7f:192.168.164.234:46856, 3d4afc67-c7e5-451f-ad84-7ee4adc2e156:192.168.164.234:37554, bdf1820c-8b54-4379-867f-1e5a509c7465:192.168.164.234:34989] with ContainerStateMachine:uninitialized
2019-10-16 01:09:33,427 [pool-27-thread-1] INFO  server.RaftServerConfigKeys (ConfUtils.java:logGet(43)) - raft.server.rpc.timeout.min = 5s (custom)
2019-10-16 01:09:33,428 [pool-27-thread-1] INFO  server.RaftServerConfigKeys (ConfUtils.java:logGet(43)) - raft.server.rpc.timeout.max = 5200ms (custom)
2019-10-16 01:09:33,428 [pool-27-thread-1] INFO  server.RaftServerConfigKeys (ConfUtils.java:logGet(43)) - raft.server.rpcslowness.timeout = 1000s (custom)
2019-10-16 01:09:33,428 [pool-27-thread-1] INFO  server.RaftServerConfigKeys (ConfUtils.java:logGet(43)) - raft.server.sleep.deviation.threshold = 300 (default)
2019-10-16 01:09:33,428 [pool-27-thread-1] INFO  server.RaftServerConfigKeys (ConfUtils.java:logGet(43)) - raft.server.log.appender.install.snapshot.enabled = false (custom)
2019-10-16 01:09:33,428 [pool-37-thread-1] INFO  impl.RaftServerImpl (RaftServerImpl.java:<init>(104)) - bdf1820c-8b54-4379-867f-1e5a509c7465: new RaftServerImpl for group-F110391D6AD9:[9e106ceb-2e48-4592-baea-5a074ecdeb7f:192.168.164.234:46856, 3d4afc67-c7e5-451f-ad84-7ee4adc2e156:192.168.164.234:37554, bdf1820c-8b54-4379-867f-1e5a509c7465:192.168.164.234:34989] with ContainerStateMachine:uninitialized
2019-10-16 01:09:33,428 [pool-27-thread-1] INFO  impl.RaftServerImpl (ServerState.java:<init>(103)) - 9e106ceb-2e48-4592-baea-5a074ecdeb7f@group-F110391D6AD9: ConfigurationManager, init=-1: [9e106ceb-2e48-4592-baea-5a074ecdeb7f:192.168.164.234:46856, 3d4afc67-c7e5-451f-ad84-7ee4adc2e156:192.168.164.234:37554, bdf1820c-8b54-4379-867f-1e5a509c7465:192.168.164.234:34989], old=null, confs=<EMPTY_MAP>
2019-10-16 01:09:33,428 [pool-37-thread-1] INFO  server.RaftServerConfigKeys (ConfUtils.java:logGet(43)) - raft.server.rpc.timeout.min = 5s (custom)
2019-10-16 01:09:33,429 [pool-27-thread-1] INFO  server.RaftServerConfigKeys (ConfUtils.java:logGet(43)) - raft.server.storage.dir = [/workdir/hadoop-ozone/integration-test/target/test-dir/MiniOzoneClusterImpl-6aea6efb-0017-4071-a4af-b72efaa63b28/datanode-0/data/ratis] (custom)
2019-10-16 01:09:33,429 [pool-37-thread-1] INFO  server.RaftServerConfigKeys (ConfUtils.java:logGet(43)) - raft.server.rpc.timeout.max = 5200ms (custom)
2019-10-16 01:09:33,429 [pool-37-thread-1] INFO  server.RaftServerConfigKeys (ConfUtils.java:logGet(43)) - raft.server.rpcslowness.timeout = 1000s (custom)
2019-10-16 01:09:33,429 [pool-27-thread-1] INFO  server.RaftServerConfigKeys (ConfUtils.java:logGet(43)) - raft.server.log.corruption.policy = EXCEPTION (default)
2019-10-16 01:09:33,429 [pool-37-thread-1] INFO  server.RaftServerConfigKeys (ConfUtils.java:logGet(43)) - raft.server.sleep.deviation.threshold = 300 (default)
2019-10-16 01:09:33,429 [pool-27-thread-1] INFO  storage.RaftStorageDirectory (RaftStorageDirectory.java:analyzeStorage(246)) - The storage directory /workdir/hadoop-ozone/integration-test/target/test-dir/MiniOzoneClusterImpl-6aea6efb-0017-4071-a4af-b72efaa63b28/datanode-0/data/ratis/795bca3c-2629-405f-a5d8-f110391d6ad9 does not exist. Creating ...
2019-10-16 01:09:33,429 [pool-47-thread-1] INFO  impl.RaftServerImpl (RaftServerImpl.java:<init>(104)) - 3d4afc67-c7e5-451f-ad84-7ee4adc2e156: new RaftServerImpl for group-F110391D6AD9:[9e106ceb-2e48-4592-baea-5a074ecdeb7f:192.168.164.234:46856, 3d4afc67-c7e5-451f-ad84-7ee4adc2e156:192.168.164.234:37554, bdf1820c-8b54-4379-867f-1e5a509c7465:192.168.164.234:34989] with ContainerStateMachine:uninitialized
2019-10-16 01:09:33,429 [pool-37-thread-1] INFO  server.RaftServerConfigKeys (ConfUtils.java:logGet(43)) - raft.server.log.appender.install.snapshot.enabled = false (custom)
2019-10-16 01:09:33,430 [pool-47-thread-1] INFO  server.RaftServerConfigKeys (ConfUtils.java:logGet(43)) - raft.server.rpc.timeout.min = 5s (custom)
2019-10-16 01:09:33,430 [pool-37-thread-1] INFO  impl.RaftServerImpl (ServerState.java:<init>(103)) - bdf1820c-8b54-4379-867f-1e5a509c7465@group-F110391D6AD9: ConfigurationManager, init=-1: [9e106ceb-2e48-4592-baea-5a074ecdeb7f:192.168.164.234:46856, 3d4afc67-c7e5-451f-ad84-7ee4adc2e156:192.168.164.234:37554, bdf1820c-8b54-4379-867f-1e5a509c7465:192.168.164.234:34989], old=null, confs=<EMPTY_MAP>
2019-10-16 01:09:33,430 [pool-47-thread-1] INFO  server.RaftServerConfigKeys (ConfUtils.java:logGet(43)) - raft.server.rpc.timeout.max = 5200ms (custom)
2019-10-16 01:09:33,430 [pool-37-thread-1] INFO  server.RaftServerConfigKeys (ConfUtils.java:logGet(43)) - raft.server.storage.dir = [/workdir/hadoop-ozone/integration-test/target/test-dir/MiniOzoneClusterImpl-6aea6efb-0017-4071-a4af-b72efaa63b28/datanode-1/data/ratis] (custom)
2019-10-16 01:09:33,430 [pool-47-thread-1] INFO  server.RaftServerConfigKeys (ConfUtils.java:logGet(43)) - raft.server.rpcslowness.timeout = 1000s (custom)
2019-10-16 01:09:33,431 [pool-37-thread-1] INFO  server.RaftServerConfigKeys (ConfUtils.java:logGet(43)) - raft.server.log.corruption.policy = EXCEPTION (default)
2019-10-16 01:09:33,431 [pool-47-thread-1] INFO  server.RaftServerConfigKeys (ConfUtils.java:logGet(43)) - raft.server.sleep.deviation.threshold = 300 (default)
2019-10-16 01:09:33,431 [pool-37-thread-1] INFO  storage.RaftStorageDirectory (RaftStorageDirectory.java:analyzeStorage(246)) - The storage directory /workdir/hadoop-ozone/integration-test/target/test-dir/MiniOzoneClusterImpl-6aea6efb-0017-4071-a4af-b72efaa63b28/datanode-1/data/ratis/795bca3c-2629-405f-a5d8-f110391d6ad9 does not exist. Creating ...
2019-10-16 01:09:33,431 [pool-47-thread-1] INFO  server.RaftServerConfigKeys (ConfUtils.java:logGet(43)) - raft.server.log.appender.install.snapshot.enabled = false (custom)
2019-10-16 01:09:33,431 [pool-47-thread-1] INFO  impl.RaftServerImpl (ServerState.java:<init>(103)) - 3d4afc67-c7e5-451f-ad84-7ee4adc2e156@group-F110391D6AD9: ConfigurationManager, init=-1: [9e106ceb-2e48-4592-baea-5a074ecdeb7f:192.168.164.234:46856, 3d4afc67-c7e5-451f-ad84-7ee4adc2e156:192.168.164.234:37554, bdf1820c-8b54-4379-867f-1e5a509c7465:192.168.164.234:34989], old=null, confs=<EMPTY_MAP>
2019-10-16 01:09:33,432 [pool-47-thread-1] INFO  server.RaftServerConfigKeys (ConfUtils.java:logGet(43)) - raft.server.storage.dir = [/workdir/hadoop-ozone/integration-test/target/test-dir/MiniOzoneClusterImpl-6aea6efb-0017-4071-a4af-b72efaa63b28/datanode-2/data/ratis] (custom)
2019-10-16 01:09:33,432 [pool-47-thread-1] INFO  server.RaftServerConfigKeys (ConfUtils.java:logGet(43)) - raft.server.log.corruption.policy = EXCEPTION (default)
2019-10-16 01:09:33,432 [pool-47-thread-1] INFO  storage.RaftStorageDirectory (RaftStorageDirectory.java:analyzeStorage(246)) - The storage directory /workdir/hadoop-ozone/integration-test/target/test-dir/MiniOzoneClusterImpl-6aea6efb-0017-4071-a4af-b72efaa63b28/datanode-2/data/ratis/795bca3c-2629-405f-a5d8-f110391d6ad9 does not exist. Creating ...
2019-10-16 01:09:33,435 [Thread-191] INFO  impl.FollowerState (FollowerState.java:run(108)) - 3d4afc67-c7e5-451f-ad84-7ee4adc2e156@group-FE2F3C1D2E38-FollowerState: change to CANDIDATE, lastRpcTime:173ms, electionTimeout:173ms
2019-10-16 01:09:33,437 [Thread-191] INFO  impl.RoleInfo (RoleInfo.java:shutdownFollowerState(121)) - 3d4afc67-c7e5-451f-ad84-7ee4adc2e156: shutdown FollowerState
2019-10-16 01:09:33,437 [Thread-191] INFO  impl.RaftServerImpl (RaftServerImpl.java:setRole(184)) - 3d4afc67-c7e5-451f-ad84-7ee4adc2e156@group-FE2F3C1D2E38: changes role from  FOLLOWER to CANDIDATE at term 0 for changeToCandidate
2019-10-16 01:09:33,437 [Thread-191] INFO  impl.RoleInfo (RoleInfo.java:updateAndGet(143)) - 3d4afc67-c7e5-451f-ad84-7ee4adc2e156: start LeaderElection
2019-10-16 01:09:33,440 [main] INFO  ozone.MiniOzoneClusterImpl (MiniOzoneClusterImpl.java:lambda$waitForClusterToBeReady$0(147)) - Cluster is ready. Got 3 of 3 DN Heartbeats.
2019-10-16 01:09:33,459 [pool-27-thread-1] INFO  storage.RaftStorageDirectory (RaftStorageDirectory.java:tryLock(328)) - Lock on /workdir/hadoop-ozone/integration-test/target/test-dir/MiniOzoneClusterImpl-6aea6efb-0017-4071-a4af-b72efaa63b28/datanode-0/data/ratis/795bca3c-2629-405f-a5d8-f110391d6ad9/in_use.lock acquired by nodename 10455@pr-hdds-1985-wgmpk-2951460010
2019-10-16 01:09:33,459 [pool-37-thread-1] INFO  storage.RaftStorageDirectory (RaftStorageDirectory.java:tryLock(328)) - Lock on /workdir/hadoop-ozone/integration-test/target/test-dir/MiniOzoneClusterImpl-6aea6efb-0017-4071-a4af-b72efaa63b28/datanode-1/data/ratis/795bca3c-2629-405f-a5d8-f110391d6ad9/in_use.lock acquired by nodename 10455@pr-hdds-1985-wgmpk-2951460010
2019-10-16 01:09:33,459 [pool-47-thread-1] INFO  storage.RaftStorageDirectory (RaftStorageDirectory.java:tryLock(328)) - Lock on /workdir/hadoop-ozone/integration-test/target/test-dir/MiniOzoneClusterImpl-6aea6efb-0017-4071-a4af-b72efaa63b28/datanode-2/data/ratis/795bca3c-2629-405f-a5d8-f110391d6ad9/in_use.lock acquired by nodename 10455@pr-hdds-1985-wgmpk-2951460010
2019-10-16 01:09:33,459 [3d4afc67-c7e5-451f-ad84-7ee4adc2e156@group-FE2F3C1D2E38-LeaderElection2] INFO  impl.LeaderElection (LeaderElection.java:askForVotes(178)) - 3d4afc67-c7e5-451f-ad84-7ee4adc2e156@group-FE2F3C1D2E38-LeaderElection2: begin an election at term 1 for -1: [3d4afc67-c7e5-451f-ad84-7ee4adc2e156:192.168.164.234:37554], old=null
2019-10-16 01:09:33,461 [3d4afc67-c7e5-451f-ad84-7ee4adc2e156@group-FE2F3C1D2E38-LeaderElection2] INFO  impl.RoleInfo (RoleInfo.java:shutdownLeaderElection(134)) - 3d4afc67-c7e5-451f-ad84-7ee4adc2e156: shutdown LeaderElection
2019-10-16 01:09:33,461 [3d4afc67-c7e5-451f-ad84-7ee4adc2e156@group-FE2F3C1D2E38-LeaderElection2] INFO  impl.RaftServerImpl (RaftServerImpl.java:setRole(184)) - 3d4afc67-c7e5-451f-ad84-7ee4adc2e156@group-FE2F3C1D2E38: changes role from CANDIDATE to LEADER at term 1 for changeToLeader
2019-10-16 01:09:33,462 [3d4afc67-c7e5-451f-ad84-7ee4adc2e156@group-FE2F3C1D2E38-LeaderElection2] INFO  impl.RaftServerImpl (ServerState.java:setLeader(256)) - 3d4afc67-c7e5-451f-ad84-7ee4adc2e156@group-FE2F3C1D2E38: change Leader from null to 3d4afc67-c7e5-451f-ad84-7ee4adc2e156 at term 1 for becomeLeader, leader elected after 238ms
2019-10-16 01:09:33,462 [3d4afc67-c7e5-451f-ad84-7ee4adc2e156@group-FE2F3C1D2E38-LeaderElection2] INFO  server.RaftServerConfigKeys (ConfUtils.java:logGet(43)) - raft.server.staging.catchup.gap = 1000 (default)
2019-10-16 01:09:33,462 [3d4afc67-c7e5-451f-ad84-7ee4adc2e156@group-FE2F3C1D2E38-LeaderElection2] INFO  server.RaftServerConfigKeys (ConfUtils.java:logGet(43)) - raft.server.rpc.sleep.time = 25ms (default)
2019-10-16 01:09:33,462 [3d4afc67-c7e5-451f-ad84-7ee4adc2e156@group-FE2F3C1D2E38-LeaderElection2] INFO  server.RaftServerConfigKeys (ConfUtils.java:logGet(43)) - raft.server.write.element-limit = 4096 (default)
2019-10-16 01:09:33,462 [3d4afc67-c7e5-451f-ad84-7ee4adc2e156@group-FE2F3C1D2E38-LeaderElection2] INFO  server.RaftServerConfigKeys (ConfUtils.java:logGet(43)) - raft.server.watch.timeout = 10s (default)
2019-10-16 01:09:33,463 [3d4afc67-c7e5-451f-ad84-7ee4adc2e156@group-FE2F3C1D2E38-LeaderElection2] INFO  server.RaftServerConfigKeys (ConfUtils.java:logGet(43)) - raft.server.watch.timeout.denomination = 1s (default)
2019-10-16 01:09:33,463 [3d4afc67-c7e5-451f-ad84-7ee4adc2e156@group-FE2F3C1D2E38-LeaderElection2] INFO  server.RaftServerConfigKeys (ConfUtils.java:logGet(43)) - raft.server.watch.element-limit = 65536 (default)
2019-10-16 01:09:33,466 [3d4afc67-c7e5-451f-ad84-7ee4adc2e156@group-FE2F3C1D2E38-LeaderElection2] INFO  impl.RoleInfo (RoleInfo.java:updateAndGet(143)) - 3d4afc67-c7e5-451f-ad84-7ee4adc2e156: start LeaderState
2019-10-16 01:09:33,466 [3d4afc67-c7e5-451f-ad84-7ee4adc2e156@group-FE2F3C1D2E38-LeaderElection2] INFO  segmented.SegmentedRaftLogWorker (SegmentedRaftLogWorker.java:startLogSegment(385)) - 3d4afc67-c7e5-451f-ad84-7ee4adc2e156@group-FE2F3C1D2E38-SegmentedRaftLogWorker: Starting segment from index:0
2019-10-16 01:09:33,467 [3d4afc67-c7e5-451f-ad84-7ee4adc2e156@group-FE2F3C1D2E38-LeaderElection2] INFO  impl.RaftServerImpl (ServerState.java:setRaftConf(357)) - 3d4afc67-c7e5-451f-ad84-7ee4adc2e156@group-FE2F3C1D2E38: set configuration 0: [3d4afc67-c7e5-451f-ad84-7ee4adc2e156:192.168.164.234:37554], old=null at 0
2019-10-16 01:09:33,505 [pool-27-thread-1] INFO  storage.RaftStorage (RaftStorage.java:format(84)) - Storage directory /workdir/hadoop-ozone/integration-test/target/test-dir/MiniOzoneClusterImpl-6aea6efb-0017-4071-a4af-b72efaa63b28/datanode-0/data/ratis/795bca3c-2629-405f-a5d8-f110391d6ad9 has been successfully formatted.
2019-10-16 01:09:33,505 [pool-47-thread-1] INFO  storage.RaftStorage (RaftStorage.java:format(84)) - Storage directory /workdir/hadoop-ozone/integration-test/target/test-dir/MiniOzoneClusterImpl-6aea6efb-0017-4071-a4af-b72efaa63b28/datanode-2/data/ratis/795bca3c-2629-405f-a5d8-f110391d6ad9 has been successfully formatted.
2019-10-16 01:09:33,505 [pool-27-thread-1] INFO  ratis.ContainerStateMachine (ContainerStateMachine.java:loadSnapshot(231)) - group-F110391D6AD9: The snapshot info is null. Setting the last applied indexto:(t:0, i:~)
2019-10-16 01:09:33,505 [pool-37-thread-1] INFO  storage.RaftStorage (RaftStorage.java:format(84)) - Storage directory /workdir/hadoop-ozone/integration-test/target/test-dir/MiniOzoneClusterImpl-6aea6efb-0017-4071-a4af-b72efaa63b28/datanode-1/data/ratis/795bca3c-2629-405f-a5d8-f110391d6ad9 has been successfully formatted.
2019-10-16 01:09:33,505 [pool-27-thread-1] INFO  server.RaftServerConfigKeys (ConfUtils.java:logGet(43)) - raft.server.notification.no-leader.timeout = 1000s (custom)
2019-10-16 01:09:33,506 [pool-47-thread-1] INFO  ratis.ContainerStateMachine (ContainerStateMachine.java:loadSnapshot(231)) - group-F110391D6AD9: The snapshot info is null. Setting the last applied indexto:(t:0, i:~)
2019-10-16 01:09:33,506 [pool-37-thread-1] INFO  ratis.ContainerStateMachine (ContainerStateMachine.java:loadSnapshot(231)) - group-F110391D6AD9: The snapshot info is null. Setting the last applied indexto:(t:0, i:~)
2019-10-16 01:09:33,506 [pool-27-thread-1] INFO  server.RaftServerConfigKeys (ConfUtils.java:logGet(43)) - raft.server.log.use.memory = false (default)
2019-10-16 01:09:33,506 [pool-37-thread-1] INFO  server.RaftServerConfigKeys (ConfUtils.java:logGet(43)) - raft.server.notification.no-leader.timeout = 1000s (custom)
2019-10-16 01:09:33,506 [pool-47-thread-1] INFO  server.RaftServerConfigKeys (ConfUtils.java:logGet(43)) - raft.server.notification.no-leader.timeout = 1000s (custom)
2019-10-16 01:09:33,506 [pool-37-thread-1] INFO  server.RaftServerConfigKeys (ConfUtils.java:logGet(43)) - raft.server.log.use.memory = false (default)
2019-10-16 01:09:33,506 [pool-27-thread-1] INFO  server.RaftServerConfigKeys (ConfUtils.java:logGet(43)) - raft.server.log.purge.gap = 1000000 (custom)
2019-10-16 01:09:33,507 [pool-37-thread-1] INFO  server.RaftServerConfigKeys (ConfUtils.java:logGet(43)) - raft.server.log.purge.gap = 1000000 (custom)
2019-10-16 01:09:33,506 [pool-47-thread-1] INFO  server.RaftServerConfigKeys (ConfUtils.java:logGet(43)) - raft.server.log.use.memory = false (default)
2019-10-16 01:09:33,507 [pool-37-thread-1] INFO  server.RaftServerConfigKeys (ConfUtils.java:logGet(43)) - raft.server.log.appender.buffer.byte-limit = 33554432 (custom)
2019-10-16 01:09:33,507 [pool-27-thread-1] INFO  server.RaftServerConfigKeys (ConfUtils.java:logGet(43)) - raft.server.log.appender.buffer.byte-limit = 33554432 (custom)
2019-10-16 01:09:33,507 [pool-37-thread-1] INFO  server.RaftServerConfigKeys (ConfUtils.java:logGet(43)) - raft.server.log.segment.size.max = 1048576 (custom)
2019-10-16 01:09:33,507 [pool-47-thread-1] INFO  server.RaftServerConfigKeys (ConfUtils.java:logGet(43)) - raft.server.log.purge.gap = 1000000 (custom)
2019-10-16 01:09:33,508 [pool-37-thread-1] INFO  server.RaftServerConfigKeys (ConfUtils.java:logGet(43)) - raft.server.log.segment.cache.num.max = 2 (custom)
2019-10-16 01:09:33,508 [pool-27-thread-1] INFO  server.RaftServerConfigKeys (ConfUtils.java:logGet(43)) - raft.server.log.segment.size.max = 1048576 (custom)
2019-10-16 01:09:33,508 [pool-37-thread-1] INFO  segmented.SegmentedRaftLogWorker (SegmentedRaftLogWorker.java:<init>(173)) - new bdf1820c-8b54-4379-867f-1e5a509c7465@group-F110391D6AD9-SegmentedRaftLogWorker for RaftStorage:Storage Directory /workdir/hadoop-ozone/integration-test/target/test-dir/MiniOzoneClusterImpl-6aea6efb-0017-4071-a4af-b72efaa63b28/datanode-1/data/ratis/795bca3c-2629-405f-a5d8-f110391d6ad9
2019-10-16 01:09:33,508 [pool-47-thread-1] INFO  server.RaftServerConfigKeys (ConfUtils.java:logGet(43)) - raft.server.log.appender.buffer.byte-limit = 33554432 (custom)
2019-10-16 01:09:33,508 [pool-37-thread-1] INFO  server.RaftServerConfigKeys (ConfUtils.java:logGet(43)) - raft.server.log.queue.byte-limit = 2147483647 (custom)
2019-10-16 01:09:33,508 [pool-27-thread-1] INFO  server.RaftServerConfigKeys (ConfUtils.java:logGet(43)) - raft.server.log.segment.cache.num.max = 2 (custom)
2019-10-16 01:09:33,509 [pool-37-thread-1] INFO  server.RaftServerConfigKeys (ConfUtils.java:logGet(43)) - raft.server.log.queue.element-limit = 1024 (custom)
2019-10-16 01:09:33,508 [pool-47-thread-1] INFO  server.RaftServerConfigKeys (ConfUtils.java:logGet(43)) - raft.server.log.segment.size.max = 1048576 (custom)
2019-10-16 01:09:33,509 [pool-37-thread-1] INFO  server.RaftServerConfigKeys (ConfUtils.java:logGet(43)) - raft.server.log.segment.size.max = 1048576 (custom)
2019-10-16 01:09:33,509 [pool-27-thread-1] INFO  segmented.SegmentedRaftLogWorker (SegmentedRaftLogWorker.java:<init>(173)) - new 9e106ceb-2e48-4592-baea-5a074ecdeb7f@group-F110391D6AD9-SegmentedRaftLogWorker for RaftStorage:Storage Directory /workdir/hadoop-ozone/integration-test/target/test-dir/MiniOzoneClusterImpl-6aea6efb-0017-4071-a4af-b72efaa63b28/datanode-0/data/ratis/795bca3c-2629-405f-a5d8-f110391d6ad9
2019-10-16 01:09:33,509 [pool-37-thread-1] INFO  server.RaftServerConfigKeys (ConfUtils.java:logGet(43)) - raft.server.log.preallocated.size = 16384 (custom)
2019-10-16 01:09:33,509 [pool-47-thread-1] INFO  server.RaftServerConfigKeys (ConfUtils.java:logGet(43)) - raft.server.log.segment.cache.num.max = 2 (custom)
2019-10-16 01:09:33,510 [pool-37-thread-1] INFO  server.RaftServerConfigKeys (ConfUtils.java:logGet(43)) - raft.server.log.write.buffer.size = 33554432 (custom)
2019-10-16 01:09:33,510 [pool-27-thread-1] INFO  server.RaftServerConfigKeys (ConfUtils.java:logGet(43)) - raft.server.log.queue.byte-limit = 2147483647 (custom)
2019-10-16 01:09:33,510 [pool-37-thread-1] INFO  server.RaftServerConfigKeys (ConfUtils.java:logGet(43)) - raft.server.log.force.sync.num = 128 (default)
2019-10-16 01:09:33,510 [pool-47-thread-1] INFO  segmented.SegmentedRaftLogWorker (SegmentedRaftLogWorker.java:<init>(173)) - new 3d4afc67-c7e5-451f-ad84-7ee4adc2e156@group-F110391D6AD9-SegmentedRaftLogWorker for RaftStorage:Storage Directory /workdir/hadoop-ozone/integration-test/target/test-dir/MiniOzoneClusterImpl-6aea6efb-0017-4071-a4af-b72efaa63b28/datanode-2/data/ratis/795bca3c-2629-405f-a5d8-f110391d6ad9
2019-10-16 01:09:33,510 [pool-37-thread-1] INFO  server.RaftServerConfigKeys (ConfUtils.java:logGet(43)) - raft.server.log.statemachine.data.sync = true (default)
2019-10-16 01:09:33,510 [pool-27-thread-1] INFO  server.RaftServerConfigKeys (ConfUtils.java:logGet(43)) - raft.server.log.queue.element-limit = 1024 (custom)
2019-10-16 01:09:33,511 [pool-37-thread-1] INFO  server.RaftServerConfigKeys (ConfUtils.java:logGet(43)) - raft.server.log.statemachine.data.sync.timeout = 10s (default)
2019-10-16 01:09:33,511 [pool-47-thread-1] INFO  server.RaftServerConfigKeys (ConfUtils.java:logGet(43)) - raft.server.log.queue.byte-limit = 2147483647 (custom)
2019-10-16 01:09:33,511 [pool-37-thread-1] INFO  server.RaftServerConfigKeys (ConfUtils.java:logGet(43)) - raft.server.log.statemachine.data.sync.timeout.retry = -1 (default)
2019-10-16 01:09:33,511 [pool-27-thread-1] INFO  server.RaftServerConfigKeys (ConfUtils.java:logGet(43)) - raft.server.log.segment.size.max = 1048576 (custom)
2019-10-16 01:09:33,511 [pool-47-thread-1] INFO  server.RaftServerConfigKeys (ConfUtils.java:logGet(43)) - raft.server.log.queue.element-limit = 1024 (custom)
2019-10-16 01:09:33,512 [pool-27-thread-1] INFO  server.RaftServerConfigKeys (ConfUtils.java:logGet(43)) - raft.server.log.preallocated.size = 16384 (custom)
2019-10-16 01:09:33,512 [pool-37-thread-1] INFO  server.RaftServerConfigKeys (ConfUtils.java:logGet(43)) - raft.server.log.statemachine.data.caching.enabled = true (custom)
2019-10-16 01:09:33,512 [pool-27-thread-1] INFO  server.RaftServerConfigKeys (ConfUtils.java:logGet(43)) - raft.server.log.write.buffer.size = 33554432 (custom)
2019-10-16 01:09:33,512 [pool-47-thread-1] INFO  server.RaftServerConfigKeys (ConfUtils.java:logGet(43)) - raft.server.log.segment.size.max = 1048576 (custom)
2019-10-16 01:09:33,512 [pool-27-thread-1] INFO  server.RaftServerConfigKeys (ConfUtils.java:logGet(43)) - raft.server.log.force.sync.num = 128 (default)
2019-10-16 01:09:33,512 [pool-47-thread-1] INFO  server.RaftServerConfigKeys (ConfUtils.java:logGet(43)) - raft.server.log.preallocated.size = 16384 (custom)
2019-10-16 01:09:33,512 [pool-37-thread-1] INFO  segmented.SegmentedRaftLogWorker (SegmentedRaftLogWorker.java:lambda$new$0(128)) - bdf1820c-8b54-4379-867f-1e5a509c7465@group-F110391D6AD9-SegmentedRaftLogWorker: flushIndex: setUnconditionally 0 -> -1
2019-10-16 01:09:33,513 [pool-47-thread-1] INFO  server.RaftServerConfigKeys (ConfUtils.java:logGet(43)) - raft.server.log.write.buffer.size = 33554432 (custom)
2019-10-16 01:09:33,513 [pool-27-thread-1] INFO  server.RaftServerConfigKeys (ConfUtils.java:logGet(43)) - raft.server.log.statemachine.data.sync = true (default)
2019-10-16 01:09:33,513 [pool-37-thread-1] INFO  server.RaftServerConfigKeys (ConfUtils.java:logGet(43)) - raft.server.snapshot.auto.trigger.enabled = true (custom)
2019-10-16 01:09:33,513 [pool-47-thread-1] INFO  server.RaftServerConfigKeys (ConfUtils.java:logGet(43)) - raft.server.log.force.sync.num = 128 (default)
2019-10-16 01:09:33,514 [pool-37-thread-1] INFO  server.RaftServerConfigKeys (ConfUtils.java:logGet(43)) - raft.server.snapshot.auto.trigger.threshold = 10000 (custom)
2019-10-16 01:09:33,513 [pool-27-thread-1] INFO  server.RaftServerConfigKeys (ConfUtils.java:logGet(43)) - raft.server.log.statemachine.data.sync.timeout = 10s (default)
2019-10-16 01:09:33,514 [pool-37-thread-1] INFO  server.RaftServerConfigKeys (ConfUtils.java:logGet(43)) - raft.server.snapshot.retention.file.num = 5 (custom)
2019-10-16 01:09:33,514 [pool-47-thread-1] INFO  server.RaftServerConfigKeys (ConfUtils.java:logGet(43)) - raft.server.log.statemachine.data.sync = true (default)
2019-10-16 01:09:33,514 [pool-37-thread-1] INFO  server.RaftServerConfigKeys (ConfUtils.java:logGet(43)) - raft.server.retrycache.expirytime = 600000ms (custom)
2019-10-16 01:09:33,514 [pool-27-thread-1] INFO  server.RaftServerConfigKeys (ConfUtils.java:logGet(43)) - raft.server.log.statemachine.data.sync.timeout.retry = -1 (default)
2019-10-16 01:09:33,514 [pool-47-thread-1] INFO  server.RaftServerConfigKeys (ConfUtils.java:logGet(43)) - raft.server.log.statemachine.data.sync.timeout = 10s (default)
2019-10-16 01:09:33,515 [pool-27-thread-1] INFO  server.RaftServerConfigKeys (ConfUtils.java:logGet(43)) - raft.server.log.statemachine.data.caching.enabled = true (custom)
2019-10-16 01:09:33,515 [pool-47-thread-1] INFO  server.RaftServerConfigKeys (ConfUtils.java:logGet(43)) - raft.server.log.statemachine.data.sync.timeout.retry = -1 (default)
2019-10-16 01:09:33,515 [pool-27-thread-1] INFO  segmented.SegmentedRaftLogWorker (SegmentedRaftLogWorker.java:lambda$new$0(128)) - 9e106ceb-2e48-4592-baea-5a074ecdeb7f@group-F110391D6AD9-SegmentedRaftLogWorker: flushIndex: setUnconditionally 0 -> -1
2019-10-16 01:09:33,516 [pool-47-thread-1] INFO  server.RaftServerConfigKeys (ConfUtils.java:logGet(43)) - raft.server.log.statemachine.data.caching.enabled = true (custom)
2019-10-16 01:09:33,516 [pool-27-thread-1] INFO  server.RaftServerConfigKeys (ConfUtils.java:logGet(43)) - raft.server.snapshot.auto.trigger.enabled = true (custom)
2019-10-16 01:09:33,516 [pool-27-thread-1] INFO  server.RaftServerConfigKeys (ConfUtils.java:logGet(43)) - raft.server.snapshot.auto.trigger.threshold = 10000 (custom)
2019-10-16 01:09:33,516 [pool-27-thread-1] INFO  server.RaftServerConfigKeys (ConfUtils.java:logGet(43)) - raft.server.snapshot.retention.file.num = 5 (custom)
2019-10-16 01:09:33,517 [pool-27-thread-1] INFO  server.RaftServerConfigKeys (ConfUtils.java:logGet(43)) - raft.server.retrycache.expirytime = 600000ms (custom)
2019-10-16 01:09:33,517 [pool-37-thread-1] INFO  impl.RaftServerImpl (RaftServerImpl.java:start(195)) - bdf1820c-8b54-4379-867f-1e5a509c7465@group-F110391D6AD9: start as a follower, conf=-1: [9e106ceb-2e48-4592-baea-5a074ecdeb7f:192.168.164.234:46856, 3d4afc67-c7e5-451f-ad84-7ee4adc2e156:192.168.164.234:37554, bdf1820c-8b54-4379-867f-1e5a509c7465:192.168.164.234:34989], old=null
2019-10-16 01:09:33,518 [pool-37-thread-1] INFO  impl.RaftServerImpl (RaftServerImpl.java:setRole(184)) - bdf1820c-8b54-4379-867f-1e5a509c7465@group-F110391D6AD9: changes role from      null to FOLLOWER at term 0 for startAsFollower
2019-10-16 01:09:33,518 [pool-47-thread-1] INFO  segmented.SegmentedRaftLogWorker (SegmentedRaftLogWorker.java:lambda$new$0(128)) - 3d4afc67-c7e5-451f-ad84-7ee4adc2e156@group-F110391D6AD9-SegmentedRaftLogWorker: flushIndex: setUnconditionally 0 -> -1
2019-10-16 01:09:33,518 [pool-37-thread-1] INFO  impl.RoleInfo (RoleInfo.java:updateAndGet(143)) - bdf1820c-8b54-4379-867f-1e5a509c7465: start FollowerState
2019-10-16 01:09:33,519 [pool-47-thread-1] INFO  server.RaftServerConfigKeys (ConfUtils.java:logGet(43)) - raft.server.snapshot.auto.trigger.enabled = true (custom)
2019-10-16 01:09:33,519 [pool-47-thread-1] INFO  server.RaftServerConfigKeys (ConfUtils.java:logGet(43)) - raft.server.snapshot.auto.trigger.threshold = 10000 (custom)
2019-10-16 01:09:33,519 [pool-37-thread-1] INFO  util.JmxRegister (JmxRegister.java:tryRegister(44)) - Successfully registered JMX Bean with object name Ratis:service=RaftServer,group=group-F110391D6AD9,id=bdf1820c-8b54-4379-867f-1e5a509c7465
2019-10-16 01:09:33,519 [pool-47-thread-1] INFO  server.RaftServerConfigKeys (ConfUtils.java:logGet(43)) - raft.server.snapshot.retention.file.num = 5 (custom)
2019-10-16 01:09:33,519 [pool-47-thread-1] INFO  server.RaftServerConfigKeys (ConfUtils.java:logGet(43)) - raft.server.retrycache.expirytime = 600000ms (custom)
2019-10-16 01:09:33,520 [pool-27-thread-1] INFO  impl.RaftServerImpl (RaftServerImpl.java:start(195)) - 9e106ceb-2e48-4592-baea-5a074ecdeb7f@group-F110391D6AD9: start as a follower, conf=-1: [9e106ceb-2e48-4592-baea-5a074ecdeb7f:192.168.164.234:46856, 3d4afc67-c7e5-451f-ad84-7ee4adc2e156:192.168.164.234:37554, bdf1820c-8b54-4379-867f-1e5a509c7465:192.168.164.234:34989], old=null
2019-10-16 01:09:33,520 [pool-27-thread-1] INFO  impl.RaftServerImpl (RaftServerImpl.java:setRole(184)) - 9e106ceb-2e48-4592-baea-5a074ecdeb7f@group-F110391D6AD9: changes role from      null to FOLLOWER at term 0 for startAsFollower
2019-10-16 01:09:33,520 [pool-27-thread-1] INFO  impl.RoleInfo (RoleInfo.java:updateAndGet(143)) - 9e106ceb-2e48-4592-baea-5a074ecdeb7f: start FollowerState
2019-10-16 01:09:33,520 [pool-27-thread-1] INFO  util.JmxRegister (JmxRegister.java:tryRegister(44)) - Successfully registered JMX Bean with object name Ratis:service=RaftServer,group=group-F110391D6AD9,id=9e106ceb-2e48-4592-baea-5a074ecdeb7f
2019-10-16 01:09:33,524 [pool-47-thread-1] INFO  impl.RaftServerImpl (RaftServerImpl.java:start(195)) - 3d4afc67-c7e5-451f-ad84-7ee4adc2e156@group-F110391D6AD9: start as a follower, conf=-1: [9e106ceb-2e48-4592-baea-5a074ecdeb7f:192.168.164.234:46856, 3d4afc67-c7e5-451f-ad84-7ee4adc2e156:192.168.164.234:37554, bdf1820c-8b54-4379-867f-1e5a509c7465:192.168.164.234:34989], old=null
2019-10-16 01:09:33,526 [pool-47-thread-1] INFO  impl.RaftServerImpl (RaftServerImpl.java:setRole(184)) - 3d4afc67-c7e5-451f-ad84-7ee4adc2e156@group-F110391D6AD9: changes role from      null to FOLLOWER at term 0 for startAsFollower
2019-10-16 01:09:33,526 [pool-47-thread-1] INFO  impl.RoleInfo (RoleInfo.java:updateAndGet(143)) - 3d4afc67-c7e5-451f-ad84-7ee4adc2e156: start FollowerState
2019-10-16 01:09:33,528 [3d4afc67-c7e5-451f-ad84-7ee4adc2e156@group-FE2F3C1D2E38-SegmentedRaftLogWorker] INFO  segmented.SegmentedRaftLogWorker (SegmentedRaftLogWorker.java:execute(576)) - 3d4afc67-c7e5-451f-ad84-7ee4adc2e156@group-FE2F3C1D2E38-SegmentedRaftLogWorker: created new log segment /workdir/hadoop-ozone/integration-test/target/test-dir/MiniOzoneClusterImpl-6aea6efb-0017-4071-a4af-b72efaa63b28/datanode-2/data/ratis/aebedb69-a827-4c76-b3fa-fe2f3c1d2e38/current/log_inprogress_0
2019-10-16 01:09:33,528 [pool-47-thread-1] INFO  util.JmxRegister (JmxRegister.java:tryRegister(44)) - Successfully registered JMX Bean with object name Ratis:service=RaftServer,group=group-F110391D6AD9,id=3d4afc67-c7e5-451f-ad84-7ee4adc2e156
2019-10-16 01:09:33,543 [Thread-204] INFO  impl.FollowerState (FollowerState.java:run(108)) - 3d4afc67-c7e5-451f-ad84-7ee4adc2e156@group-F110391D6AD9-FollowerState: change to CANDIDATE, lastRpcTime:16ms, electionTimeout:15ms
2019-10-16 01:09:33,543 [Thread-204] INFO  impl.RoleInfo (RoleInfo.java:shutdownFollowerState(121)) - 3d4afc67-c7e5-451f-ad84-7ee4adc2e156: shutdown FollowerState
2019-10-16 01:09:33,543 [Thread-204] INFO  impl.RaftServerImpl (RaftServerImpl.java:setRole(184)) - 3d4afc67-c7e5-451f-ad84-7ee4adc2e156@group-F110391D6AD9: changes role from  FOLLOWER to CANDIDATE at term 0 for changeToCandidate
2019-10-16 01:09:33,544 [Thread-204] INFO  impl.RoleInfo (RoleInfo.java:updateAndGet(143)) - 3d4afc67-c7e5-451f-ad84-7ee4adc2e156: start LeaderElection
2019-10-16 01:09:33,554 [RatisPipelineUtilsThread] INFO  pipeline.PipelineStateManager (PipelineStateManager.java:addPipeline(56)) - Created pipeline Pipeline[ Id: 795bca3c-2629-405f-a5d8-f110391d6ad9, Nodes: 3d4afc67-c7e5-451f-ad84-7ee4adc2e156{ip: 192.168.164.234, host: pr-hdds-1985-wgmpk-2951460010, networkLocation: /default-rack, certSerialId: null}bdf1820c-8b54-4379-867f-1e5a509c7465{ip: 192.168.164.234, host: pr-hdds-1985-wgmpk-2951460010, networkLocation: /default-rack, certSerialId: null}9e106ceb-2e48-4592-baea-5a074ecdeb7f{ip: 192.168.164.234, host: pr-hdds-1985-wgmpk-2951460010, networkLocation: /default-rack, certSerialId: null}, Type:RATIS, Factor:THREE, State:OPEN]
2019-10-16 01:09:33,563 [Thread-194] INFO  impl.FollowerState (FollowerState.java:run(108)) - bdf1820c-8b54-4379-867f-1e5a509c7465@group-D7515660FBF5-FollowerState: change to CANDIDATE, lastRpcTime:182ms, electionTimeout:182ms
2019-10-16 01:09:33,563 [Thread-194] INFO  impl.RoleInfo (RoleInfo.java:shutdownFollowerState(121)) - bdf1820c-8b54-4379-867f-1e5a509c7465: shutdown FollowerState
2019-10-16 01:09:33,563 [Thread-194] INFO  impl.RaftServerImpl (RaftServerImpl.java:setRole(184)) - bdf1820c-8b54-4379-867f-1e5a509c7465@group-D7515660FBF5: changes role from  FOLLOWER to CANDIDATE at term 0 for changeToCandidate
2019-10-16 01:09:33,564 [Thread-194] INFO  impl.RoleInfo (RoleInfo.java:updateAndGet(143)) - bdf1820c-8b54-4379-867f-1e5a509c7465: start LeaderElection
2019-10-16 01:09:33,568 [3d4afc67-c7e5-451f-ad84-7ee4adc2e156@group-F110391D6AD9-LeaderElection3] INFO  impl.LeaderElection (LeaderElection.java:askForVotes(178)) - 3d4afc67-c7e5-451f-ad84-7ee4adc2e156@group-F110391D6AD9-LeaderElection3: begin an election at term 1 for -1: [9e106ceb-2e48-4592-baea-5a074ecdeb7f:192.168.164.234:46856, 3d4afc67-c7e5-451f-ad84-7ee4adc2e156:192.168.164.234:37554, bdf1820c-8b54-4379-867f-1e5a509c7465:192.168.164.234:34989], old=null
2019-10-16 01:09:33,594 [bdf1820c-8b54-4379-867f-1e5a509c7465@group-D7515660FBF5-LeaderElection4] INFO  impl.LeaderElection (LeaderElection.java:askForVotes(178)) - bdf1820c-8b54-4379-867f-1e5a509c7465@group-D7515660FBF5-LeaderElection4: begin an election at term 1 for -1: [bdf1820c-8b54-4379-867f-1e5a509c7465:192.168.164.234:34989], old=null
2019-10-16 01:09:33,594 [bdf1820c-8b54-4379-867f-1e5a509c7465@group-D7515660FBF5-LeaderElection4] INFO  impl.RoleInfo (RoleInfo.java:shutdownLeaderElection(134)) - bdf1820c-8b54-4379-867f-1e5a509c7465: shutdown LeaderElection
2019-10-16 01:09:33,594 [bdf1820c-8b54-4379-867f-1e5a509c7465@group-D7515660FBF5-LeaderElection4] INFO  impl.RaftServerImpl (RaftServerImpl.java:setRole(184)) - bdf1820c-8b54-4379-867f-1e5a509c7465@group-D7515660FBF5: changes role from CANDIDATE to LEADER at term 1 for changeToLeader
2019-10-16 01:09:33,594 [bdf1820c-8b54-4379-867f-1e5a509c7465@group-D7515660FBF5-LeaderElection4] INFO  impl.RaftServerImpl (ServerState.java:setLeader(256)) - bdf1820c-8b54-4379-867f-1e5a509c7465@group-D7515660FBF5: change Leader from null to bdf1820c-8b54-4379-867f-1e5a509c7465 at term 1 for becomeLeader, leader elected after 227ms
2019-10-16 01:09:33,594 [bdf1820c-8b54-4379-867f-1e5a509c7465@group-D7515660FBF5-LeaderElection4] INFO  server.RaftServerConfigKeys (ConfUtils.java:logGet(43)) - raft.server.staging.catchup.gap = 1000 (default)
2019-10-16 01:09:33,594 [bdf1820c-8b54-4379-867f-1e5a509c7465@group-D7515660FBF5-LeaderElection4] INFO  server.RaftServerConfigKeys (ConfUtils.java:logGet(43)) - raft.server.rpc.sleep.time = 25ms (default)
2019-10-16 01:09:33,595 [bdf1820c-8b54-4379-867f-1e5a509c7465@group-D7515660FBF5-LeaderElection4] INFO  server.RaftServerConfigKeys (ConfUtils.java:logGet(43)) - raft.server.write.element-limit = 4096 (default)
2019-10-16 01:09:33,595 [bdf1820c-8b54-4379-867f-1e5a509c7465@group-D7515660FBF5-LeaderElection4] INFO  server.RaftServerConfigKeys (ConfUtils.java:logGet(43)) - raft.server.watch.timeout = 10s (default)
2019-10-16 01:09:33,595 [bdf1820c-8b54-4379-867f-1e5a509c7465@group-D7515660FBF5-LeaderElection4] INFO  server.RaftServerConfigKeys (ConfUtils.java:logGet(43)) - raft.server.watch.timeout.denomination = 1s (default)
2019-10-16 01:09:33,595 [bdf1820c-8b54-4379-867f-1e5a509c7465@group-D7515660FBF5-LeaderElection4] INFO  server.RaftServerConfigKeys (ConfUtils.java:logGet(43)) - raft.server.watch.element-limit = 65536 (default)
2019-10-16 01:09:33,598 [grpc-default-executor-2] INFO  impl.RaftServerImpl (RaftServerImpl.java:setRole(184)) - bdf1820c-8b54-4379-867f-1e5a509c7465@group-F110391D6AD9: changes role from  FOLLOWER to FOLLOWER at term 1 for recognizeCandidate:3d4afc67-c7e5-451f-ad84-7ee4adc2e156
2019-10-16 01:09:33,598 [grpc-default-executor-1] INFO  impl.RaftServerImpl (RaftServerImpl.java:setRole(184)) - 9e106ceb-2e48-4592-baea-5a074ecdeb7f@group-F110391D6AD9: changes role from  FOLLOWER to FOLLOWER at term 1 for recognizeCandidate:3d4afc67-c7e5-451f-ad84-7ee4adc2e156
2019-10-16 01:09:33,598 [grpc-default-executor-2] INFO  impl.RoleInfo (RoleInfo.java:shutdownFollowerState(121)) - bdf1820c-8b54-4379-867f-1e5a509c7465: shutdown FollowerState
2019-10-16 01:09:33,598 [grpc-default-executor-1] INFO  impl.RoleInfo (RoleInfo.java:shutdownFollowerState(121)) - 9e106ceb-2e48-4592-baea-5a074ecdeb7f: shutdown FollowerState
2019-10-16 01:09:33,598 [Thread-200] INFO  impl.FollowerState (FollowerState.java:run(117)) - bdf1820c-8b54-4379-867f-1e5a509c7465@group-F110391D6AD9-FollowerState was interrupted: java.lang.InterruptedException: sleep interrupted
2019-10-16 01:09:33,599 [Thread-202] INFO  impl.FollowerState (FollowerState.java:run(117)) - 9e106ceb-2e48-4592-baea-5a074ecdeb7f@group-F110391D6AD9-FollowerState was interrupted: java.lang.InterruptedException: sleep interrupted
2019-10-16 01:09:33,598 [grpc-default-executor-2] INFO  impl.RoleInfo (RoleInfo.java:updateAndGet(143)) - bdf1820c-8b54-4379-867f-1e5a509c7465: start FollowerState
2019-10-16 01:09:33,599 [grpc-default-executor-1] INFO  impl.RoleInfo (RoleInfo.java:updateAndGet(143)) - 9e106ceb-2e48-4592-baea-5a074ecdeb7f: start FollowerState
2019-10-16 01:09:33,600 [bdf1820c-8b54-4379-867f-1e5a509c7465@group-D7515660FBF5-LeaderElection4] INFO  impl.RoleInfo (RoleInfo.java:updateAndGet(143)) - bdf1820c-8b54-4379-867f-1e5a509c7465: start LeaderState
2019-10-16 01:09:33,601 [bdf1820c-8b54-4379-867f-1e5a509c7465@group-D7515660FBF5-LeaderElection4] INFO  segmented.SegmentedRaftLogWorker (SegmentedRaftLogWorker.java:startLogSegment(385)) - bdf1820c-8b54-4379-867f-1e5a509c7465@group-D7515660FBF5-SegmentedRaftLogWorker: Starting segment from index:0
2019-10-16 01:09:33,601 [bdf1820c-8b54-4379-867f-1e5a509c7465@group-D7515660FBF5-LeaderElection4] INFO  impl.RaftServerImpl (ServerState.java:setRaftConf(357)) - bdf1820c-8b54-4379-867f-1e5a509c7465@group-D7515660FBF5: set configuration 0: [bdf1820c-8b54-4379-867f-1e5a509c7465:192.168.164.234:34989], old=null at 0
2019-10-16 01:09:33,661 [bdf1820c-8b54-4379-867f-1e5a509c7465@group-D7515660FBF5-SegmentedRaftLogWorker] INFO  segmented.SegmentedRaftLogWorker (SegmentedRaftLogWorker.java:execute(576)) - bdf1820c-8b54-4379-867f-1e5a509c7465@group-D7515660FBF5-SegmentedRaftLogWorker: created new log segment /workdir/hadoop-ozone/integration-test/target/test-dir/MiniOzoneClusterImpl-6aea6efb-0017-4071-a4af-b72efaa63b28/datanode-1/data/ratis/a0bc916a-dc8c-4397-b5da-d7515660fbf5/current/log_inprogress_0
2019-10-16 01:09:33,679 [3d4afc67-c7e5-451f-ad84-7ee4adc2e156@group-F110391D6AD9-LeaderElection3] INFO  impl.LeaderElection (LeaderElection.java:logAndReturn(56)) - 3d4afc67-c7e5-451f-ad84-7ee4adc2e156@group-F110391D6AD9-LeaderElection3: Election PASSED; received 1 response(s) [3d4afc67-c7e5-451f-ad84-7ee4adc2e156<-bdf1820c-8b54-4379-867f-1e5a509c7465#0:OK-t1] and 0 exception(s); 3d4afc67-c7e5-451f-ad84-7ee4adc2e156@group-F110391D6AD9:t1, leader=null, voted=3d4afc67-c7e5-451f-ad84-7ee4adc2e156, raftlog=3d4afc67-c7e5-451f-ad84-7ee4adc2e156@group-F110391D6AD9-SegmentedRaftLog:OPENED:c-1,f-1,i0, conf=-1: [9e106ceb-2e48-4592-baea-5a074ecdeb7f:192.168.164.234:46856, 3d4afc67-c7e5-451f-ad84-7ee4adc2e156:192.168.164.234:37554, bdf1820c-8b54-4379-867f-1e5a509c7465:192.168.164.234:34989], old=null
2019-10-16 01:09:33,679 [3d4afc67-c7e5-451f-ad84-7ee4adc2e156@group-F110391D6AD9-LeaderElection3] INFO  impl.RoleInfo (RoleInfo.java:shutdownLeaderElection(134)) - 3d4afc67-c7e5-451f-ad84-7ee4adc2e156: shutdown LeaderElection
2019-10-16 01:09:33,679 [3d4afc67-c7e5-451f-ad84-7ee4adc2e156@group-F110391D6AD9-LeaderElection3] INFO  impl.RaftServerImpl (RaftServerImpl.java:setRole(184)) - 3d4afc67-c7e5-451f-ad84-7ee4adc2e156@group-F110391D6AD9: changes role from CANDIDATE to LEADER at term 1 for changeToLeader
2019-10-16 01:09:33,679 [3d4afc67-c7e5-451f-ad84-7ee4adc2e156@group-F110391D6AD9-LeaderElection3] INFO  impl.RaftServerImpl (ServerState.java:setLeader(256)) - 3d4afc67-c7e5-451f-ad84-7ee4adc2e156@group-F110391D6AD9: change Leader from null to 3d4afc67-c7e5-451f-ad84-7ee4adc2e156 at term 1 for becomeLeader, leader elected after 173ms
2019-10-16 01:09:33,681 [3d4afc67-c7e5-451f-ad84-7ee4adc2e156@group-F110391D6AD9-LeaderElection3] INFO  server.RaftServerConfigKeys (ConfUtils.java:logGet(43)) - raft.server.staging.catchup.gap = 1000 (default)
2019-10-16 01:09:33,681 [3d4afc67-c7e5-451f-ad84-7ee4adc2e156@group-F110391D6AD9-LeaderElection3] INFO  server.RaftServerConfigKeys (ConfUtils.java:logGet(43)) - raft.server.rpc.sleep.time = 25ms (default)
2019-10-16 01:09:33,681 [3d4afc67-c7e5-451f-ad84-7ee4adc2e156@group-F110391D6AD9-LeaderElection3] INFO  server.RaftServerConfigKeys (ConfUtils.java:logGet(43)) - raft.server.write.element-limit = 4096 (default)
2019-10-16 01:09:33,682 [3d4afc67-c7e5-451f-ad84-7ee4adc2e156@group-F110391D6AD9-LeaderElection3] INFO  server.RaftServerConfigKeys (ConfUtils.java:logGet(43)) - raft.server.watch.timeout = 10s (default)
2019-10-16 01:09:33,682 [3d4afc67-c7e5-451f-ad84-7ee4adc2e156@group-F110391D6AD9-LeaderElection3] INFO  server.RaftServerConfigKeys (ConfUtils.java:logGet(43)) - raft.server.watch.timeout.denomination = 1s (default)
2019-10-16 01:09:33,682 [3d4afc67-c7e5-451f-ad84-7ee4adc2e156@group-F110391D6AD9-LeaderElection3] INFO  server.RaftServerConfigKeys (ConfUtils.java:logGet(43)) - raft.server.watch.element-limit = 65536 (default)
2019-10-16 01:09:33,686 [3d4afc67-c7e5-451f-ad84-7ee4adc2e156@group-F110391D6AD9-LeaderElection3] INFO  server.RaftServerConfigKeys (ConfUtils.java:logGet(43)) - raft.server.log.appender.snapshot.chunk.size.max = 16MB (=16777216) (default)
2019-10-16 01:09:33,687 [3d4afc67-c7e5-451f-ad84-7ee4adc2e156@group-F110391D6AD9-LeaderElection3] INFO  server.RaftServerConfigKeys (ConfUtils.java:logGet(43)) - raft.server.log.appender.buffer.byte-limit = 33554432 (custom)
2019-10-16 01:09:33,687 [3d4afc67-c7e5-451f-ad84-7ee4adc2e156@group-F110391D6AD9-LeaderElection3] INFO  server.RaftServerConfigKeys (ConfUtils.java:logGet(43)) - raft.server.log.appender.buffer.element-limit = 1 (custom)
2019-10-16 01:09:33,690 [3d4afc67-c7e5-451f-ad84-7ee4adc2e156@group-F110391D6AD9-LeaderElection3] INFO  grpc.GrpcConfigKeys$Server (ConfUtils.java:logGet(43)) - raft.grpc.server.leader.outstanding.appends.max = 128 (default)
2019-10-16 01:09:33,693 [3d4afc67-c7e5-451f-ad84-7ee4adc2e156@group-F110391D6AD9-LeaderElection3] INFO  server.RaftServerConfigKeys (ConfUtils.java:logGet(43)) - raft.server.rpc.request.timeout = 3000ms (default)
2019-10-16 01:09:33,693 [3d4afc67-c7e5-451f-ad84-7ee4adc2e156@group-F110391D6AD9-LeaderElection3] INFO  server.RaftServerConfigKeys (ConfUtils.java:logGet(43)) - raft.server.log.appender.install.snapshot.enabled = false (custom)
2019-10-16 01:09:33,696 [3d4afc67-c7e5-451f-ad84-7ee4adc2e156@group-F110391D6AD9-LeaderElection3] INFO  server.RaftServerConfigKeys (ConfUtils.java:logGet(43)) - raft.server.log.appender.snapshot.chunk.size.max = 16MB (=16777216) (default)
2019-10-16 01:09:33,697 [3d4afc67-c7e5-451f-ad84-7ee4adc2e156@group-F110391D6AD9-LeaderElection3] INFO  server.RaftServerConfigKeys (ConfUtils.java:logGet(43)) - raft.server.log.appender.buffer.byte-limit = 33554432 (custom)
2019-10-16 01:09:33,697 [3d4afc67-c7e5-451f-ad84-7ee4adc2e156@group-F110391D6AD9-LeaderElection3] INFO  server.RaftServerConfigKeys (ConfUtils.java:logGet(43)) - raft.server.log.appender.buffer.element-limit = 1 (custom)
2019-10-16 01:09:33,697 [3d4afc67-c7e5-451f-ad84-7ee4adc2e156@group-F110391D6AD9-LeaderElection3] INFO  grpc.GrpcConfigKeys$Server (ConfUtils.java:logGet(43)) - raft.grpc.server.leader.outstanding.appends.max = 128 (default)
2019-10-16 01:09:33,697 [3d4afc67-c7e5-451f-ad84-7ee4adc2e156@group-F110391D6AD9-LeaderElection3] INFO  server.RaftServerConfigKeys (ConfUtils.java:logGet(43)) - raft.server.rpc.request.timeout = 3000ms (default)
2019-10-16 01:09:33,697 [3d4afc67-c7e5-451f-ad84-7ee4adc2e156@group-F110391D6AD9-LeaderElection3] INFO  server.RaftServerConfigKeys (ConfUtils.java:logGet(43)) - raft.server.log.appender.install.snapshot.enabled = false (custom)
2019-10-16 01:09:33,701 [3d4afc67-c7e5-451f-ad84-7ee4adc2e156@group-F110391D6AD9-LeaderElection3] INFO  impl.RoleInfo (RoleInfo.java:updateAndGet(143)) - 3d4afc67-c7e5-451f-ad84-7ee4adc2e156: start LeaderState
2019-10-16 01:09:33,701 [3d4afc67-c7e5-451f-ad84-7ee4adc2e156@group-F110391D6AD9-LeaderElection3] INFO  segmented.SegmentedRaftLogWorker (SegmentedRaftLogWorker.java:startLogSegment(385)) - 3d4afc67-c7e5-451f-ad84-7ee4adc2e156@group-F110391D6AD9-SegmentedRaftLogWorker: Starting segment from index:0
2019-10-16 01:09:33,702 [3d4afc67-c7e5-451f-ad84-7ee4adc2e156@group-F110391D6AD9-LeaderElection3] INFO  impl.RaftServerImpl (ServerState.java:setRaftConf(357)) - 3d4afc67-c7e5-451f-ad84-7ee4adc2e156@group-F110391D6AD9: set configuration 0: [9e106ceb-2e48-4592-baea-5a074ecdeb7f:192.168.164.234:46856, 3d4afc67-c7e5-451f-ad84-7ee4adc2e156:192.168.164.234:37554, bdf1820c-8b54-4379-867f-1e5a509c7465:192.168.164.234:34989], old=null at 0
2019-10-16 01:09:33,729 [Thread-213] INFO  impl.FollowerState (FollowerState.java:run(108)) - 9e106ceb-2e48-4592-baea-5a074ecdeb7f@group-F110391D6AD9-FollowerState: change to CANDIDATE, lastRpcTime:130ms, electionTimeout:128ms
2019-10-16 01:09:33,731 [Thread-213] INFO  impl.RoleInfo (RoleInfo.java:shutdownFollowerState(121)) - 9e106ceb-2e48-4592-baea-5a074ecdeb7f: shutdown FollowerState
2019-10-16 01:09:33,732 [Thread-213] INFO  impl.RaftServerImpl (RaftServerImpl.java:setRole(184)) - 9e106ceb-2e48-4592-baea-5a074ecdeb7f@group-F110391D6AD9: changes role from  FOLLOWER to CANDIDATE at term 1 for changeToCandidate
2019-10-16 01:09:33,733 [Thread-213] INFO  impl.RoleInfo (RoleInfo.java:updateAndGet(143)) - 9e106ceb-2e48-4592-baea-5a074ecdeb7f: start LeaderElection
2019-10-16 01:09:33,753 [3d4afc67-c7e5-451f-ad84-7ee4adc2e156@group-F110391D6AD9-SegmentedRaftLogWorker] INFO  segmented.SegmentedRaftLogWorker (SegmentedRaftLogWorker.java:execute(576)) - 3d4afc67-c7e5-451f-ad84-7ee4adc2e156@group-F110391D6AD9-SegmentedRaftLogWorker: created new log segment /workdir/hadoop-ozone/integration-test/target/test-dir/MiniOzoneClusterImpl-6aea6efb-0017-4071-a4af-b72efaa63b28/datanode-2/data/ratis/795bca3c-2629-405f-a5d8-f110391d6ad9/current/log_inprogress_0
2019-10-16 01:09:33,753 [9e106ceb-2e48-4592-baea-5a074ecdeb7f@group-F110391D6AD9-LeaderElection5] INFO  impl.LeaderElection (LeaderElection.java:askForVotes(178)) - 9e106ceb-2e48-4592-baea-5a074ecdeb7f@group-F110391D6AD9-LeaderElection5: begin an election at term 2 for -1: [9e106ceb-2e48-4592-baea-5a074ecdeb7f:192.168.164.234:46856, 3d4afc67-c7e5-451f-ad84-7ee4adc2e156:192.168.164.234:37554, bdf1820c-8b54-4379-867f-1e5a509c7465:192.168.164.234:34989], old=null
2019-10-16 01:09:33,758 [grpc-default-executor-1] INFO  impl.RaftServerImpl (ServerState.java:setLeader(256)) - bdf1820c-8b54-4379-867f-1e5a509c7465@group-F110391D6AD9: change Leader from null to 3d4afc67-c7e5-451f-ad84-7ee4adc2e156 at term 1 for appendEntries, leader elected after 251ms
2019-10-16 01:09:33,774 [grpc-default-executor-3] INFO  impl.RaftServerImpl (ServerState.java:setLeader(256)) - bdf1820c-8b54-4379-867f-1e5a509c7465@group-F110391D6AD9: change Leader from 3d4afc67-c7e5-451f-ad84-7ee4adc2e156 to null at term 2 for updateCurrentTerm
2019-10-16 01:09:33,774 [grpc-default-executor-3] INFO  impl.RaftServerImpl (RaftServerImpl.java:setRole(184)) - bdf1820c-8b54-4379-867f-1e5a509c7465@group-F110391D6AD9: changes role from  FOLLOWER to FOLLOWER at term 2 for recognizeCandidate:9e106ceb-2e48-4592-baea-5a074ecdeb7f
2019-10-16 01:09:33,774 [grpc-default-executor-3] INFO  impl.RoleInfo (RoleInfo.java:shutdownFollowerState(121)) - bdf1820c-8b54-4379-867f-1e5a509c7465: shutdown FollowerState
2019-10-16 01:09:33,774 [Thread-212] INFO  impl.FollowerState (FollowerState.java:run(117)) - bdf1820c-8b54-4379-867f-1e5a509c7465@group-F110391D6AD9-FollowerState was interrupted: java.lang.InterruptedException: sleep interrupted
2019-10-16 01:09:33,774 [grpc-default-executor-3] INFO  impl.RoleInfo (RoleInfo.java:updateAndGet(143)) - bdf1820c-8b54-4379-867f-1e5a509c7465: start FollowerState
2019-10-16 01:09:33,775 [grpc-default-executor-0] INFO  impl.RaftServerImpl (ServerState.java:setLeader(256)) - 3d4afc67-c7e5-451f-ad84-7ee4adc2e156@group-F110391D6AD9: change Leader from 3d4afc67-c7e5-451f-ad84-7ee4adc2e156 to null at term 2 for updateCurrentTerm
2019-10-16 01:09:33,775 [grpc-default-executor-0] INFO  impl.RaftServerImpl (RaftServerImpl.java:setRole(184)) - 3d4afc67-c7e5-451f-ad84-7ee4adc2e156@group-F110391D6AD9: changes role from    LEADER to FOLLOWER at term 2 for recognizeCandidate:9e106ceb-2e48-4592-baea-5a074ecdeb7f
2019-10-16 01:09:33,775 [grpc-default-executor-0] INFO  impl.RoleInfo (RoleInfo.java:shutdownLeaderState(104)) - 3d4afc67-c7e5-451f-ad84-7ee4adc2e156: shutdown LeaderState
2019-10-16 01:09:33,778 [org.apache.ratis.server.impl.LogAppender$AppenderDaemon$$Lambda$397/929525514@5fc78b8f] WARN  server.GrpcLogAppender (GrpcLogAppender.java:mayWait(149)) - 3d4afc67-c7e5-451f-ad84-7ee4adc2e156@group-F110391D6AD9->bdf1820c-8b54-4379-867f-1e5a509c7465-GrpcLogAppender: Wait interrupted by java.lang.InterruptedException
2019-10-16 01:09:33,778 [org.apache.ratis.server.impl.LogAppender$AppenderDaemon$$Lambda$397/929525514@267ec464] WARN  server.GrpcLogAppender (GrpcLogAppender.java:mayWait(149)) - 3d4afc67-c7e5-451f-ad84-7ee4adc2e156@group-F110391D6AD9->9e106ceb-2e48-4592-baea-5a074ecdeb7f-GrpcLogAppender: Wait interrupted by java.lang.InterruptedException
2019-10-16 01:09:33,780 [grpc-default-executor-0] INFO  impl.PendingRequests (PendingRequests.java:sendNotLeaderResponses(202)) - 3d4afc67-c7e5-451f-ad84-7ee4adc2e156@group-F110391D6AD9-PendingRequests: sendNotLeaderResponses
2019-10-16 01:09:33,782 [grpc-default-executor-1] INFO  server.GrpcServerProtocolService (GrpcServerProtocolService.java:onCompleted(113)) - 9e106ceb-2e48-4592-baea-5a074ecdeb7f: Completed APPEND_ENTRIES, lastRequest: 3d4afc67-c7e5-451f-ad84-7ee4adc2e156->9e106ceb-2e48-4592-baea-5a074ecdeb7f#0-t1, previous=(t:0, i:0), leaderCommit=-1, initializing? false, entries: <empty>
2019-10-16 01:09:33,782 [grpc-default-executor-2] INFO  server.GrpcServerProtocolService (GrpcServerProtocolService.java:onCompleted(113)) - bdf1820c-8b54-4379-867f-1e5a509c7465: Completed APPEND_ENTRIES, lastRequest: 3d4afc67-c7e5-451f-ad84-7ee4adc2e156->bdf1820c-8b54-4379-867f-1e5a509c7465#0-t1, previous=(t:0, i:0), leaderCommit=-1, initializing? false, entries: <empty>
2019-10-16 01:09:33,783 [grpc-default-executor-0] INFO  impl.RoleInfo (RoleInfo.java:updateAndGet(143)) - 3d4afc67-c7e5-451f-ad84-7ee4adc2e156: start FollowerState
2019-10-16 01:09:33,784 [grpc-default-executor-2] INFO  server.GrpcLogAppender (GrpcLogAppender.java:onCompleted(308)) - 3d4afc67-c7e5-451f-ad84-7ee4adc2e156@group-F110391D6AD9->9e106ceb-2e48-4592-baea-5a074ecdeb7f-AppendLogResponseHandler: follower responses appendEntries COMPLETED
2019-10-16 01:09:33,786 [grpc-default-executor-1] INFO  server.GrpcLogAppender (GrpcLogAppender.java:onCompleted(308)) - 3d4afc67-c7e5-451f-ad84-7ee4adc2e156@group-F110391D6AD9->bdf1820c-8b54-4379-867f-1e5a509c7465-AppendLogResponseHandler: follower responses appendEntries COMPLETED
2019-10-16 01:09:33,789 [grpc-default-executor-2] INFO  impl.FollowerInfo (FollowerInfo.java:lambda$new$0(51)) - 3d4afc67-c7e5-451f-ad84-7ee4adc2e156@group-F110391D6AD9->9e106ceb-2e48-4592-baea-5a074ecdeb7f: nextIndex: updateUnconditionally 0 -> 0
2019-10-16 01:09:33,789 [grpc-default-executor-1] INFO  impl.FollowerInfo (FollowerInfo.java:lambda$new$0(51)) - 3d4afc67-c7e5-451f-ad84-7ee4adc2e156@group-F110391D6AD9->bdf1820c-8b54-4379-867f-1e5a509c7465: nextIndex: updateUnconditionally 0 -> 0
2019-10-16 01:09:33,810 [9e106ceb-2e48-4592-baea-5a074ecdeb7f@group-F110391D6AD9-LeaderElection5] INFO  impl.LeaderElection (LeaderElection.java:logAndReturn(56)) - 9e106ceb-2e48-4592-baea-5a074ecdeb7f@group-F110391D6AD9-LeaderElection5: Election PASSED; received 1 response(s) [9e106ceb-2e48-4592-baea-5a074ecdeb7f<-bdf1820c-8b54-4379-867f-1e5a509c7465#0:OK-t2] and 0 exception(s); 9e106ceb-2e48-4592-baea-5a074ecdeb7f@group-F110391D6AD9:t2, leader=null, voted=9e106ceb-2e48-4592-baea-5a074ecdeb7f, raftlog=9e106ceb-2e48-4592-baea-5a074ecdeb7f@group-F110391D6AD9-SegmentedRaftLog:OPENED:c-1,f-1,i0, conf=-1: [9e106ceb-2e48-4592-baea-5a074ecdeb7f:192.168.164.234:46856, 3d4afc67-c7e5-451f-ad84-7ee4adc2e156:192.168.164.234:37554, bdf1820c-8b54-4379-867f-1e5a509c7465:192.168.164.234:34989], old=null
2019-10-16 01:09:33,810 [9e106ceb-2e48-4592-baea-5a074ecdeb7f@group-F110391D6AD9-LeaderElection5] INFO  impl.RoleInfo (RoleInfo.java:shutdownLeaderElection(134)) - 9e106ceb-2e48-4592-baea-5a074ecdeb7f: shutdown LeaderElection
2019-10-16 01:09:33,812 [9e106ceb-2e48-4592-baea-5a074ecdeb7f@group-F110391D6AD9-LeaderElection5] INFO  impl.RaftServerImpl (RaftServerImpl.java:setRole(184)) - 9e106ceb-2e48-4592-baea-5a074ecdeb7f@group-F110391D6AD9: changes role from CANDIDATE to LEADER at term 2 for changeToLeader
2019-10-16 01:09:33,812 [9e106ceb-2e48-4592-baea-5a074ecdeb7f@group-F110391D6AD9-LeaderElection5] INFO  impl.RaftServerImpl (ServerState.java:setLeader(256)) - 9e106ceb-2e48-4592-baea-5a074ecdeb7f@group-F110391D6AD9: change Leader from null to 9e106ceb-2e48-4592-baea-5a074ecdeb7f at term 2 for becomeLeader, leader elected after 306ms
2019-10-16 01:09:33,812 [9e106ceb-2e48-4592-baea-5a074ecdeb7f@group-F110391D6AD9-LeaderElection5] INFO  server.RaftServerConfigKeys (ConfUtils.java:logGet(43)) - raft.server.staging.catchup.gap = 1000 (default)
2019-10-16 01:09:33,812 [9e106ceb-2e48-4592-baea-5a074ecdeb7f@group-F110391D6AD9-LeaderElection5] INFO  server.RaftServerConfigKeys (ConfUtils.java:logGet(43)) - raft.server.rpc.sleep.time = 25ms (default)
2019-10-16 01:09:33,812 [9e106ceb-2e48-4592-baea-5a074ecdeb7f@group-F110391D6AD9-LeaderElection5] INFO  server.RaftServerConfigKeys (ConfUtils.java:logGet(43)) - raft.server.write.element-limit = 4096 (default)
2019-10-16 01:09:33,813 [9e106ceb-2e48-4592-baea-5a074ecdeb7f@group-F110391D6AD9-LeaderElection5] INFO  server.RaftServerConfigKeys (ConfUtils.java:logGet(43)) - raft.server.watch.timeout = 10s (default)
2019-10-16 01:09:33,813 [9e106ceb-2e48-4592-baea-5a074ecdeb7f@group-F110391D6AD9-LeaderElection5] INFO  server.RaftServerConfigKeys (ConfUtils.java:logGet(43)) - raft.server.watch.timeout.denomination = 1s (default)
2019-10-16 01:09:33,813 [9e106ceb-2e48-4592-baea-5a074ecdeb7f@group-F110391D6AD9-LeaderElection5] INFO  server.RaftServerConfigKeys (ConfUtils.java:logGet(43)) - raft.server.watch.element-limit = 65536 (default)
2019-10-16 01:09:33,817 [9e106ceb-2e48-4592-baea-5a074ecdeb7f@group-F110391D6AD9-LeaderElection5] INFO  server.RaftServerConfigKeys (ConfUtils.java:logGet(43)) - raft.server.log.appender.snapshot.chunk.size.max = 16MB (=16777216) (default)
2019-10-16 01:09:33,817 [9e106ceb-2e48-4592-baea-5a074ecdeb7f@group-F110391D6AD9-LeaderElection5] INFO  server.RaftServerConfigKeys (ConfUtils.java:logGet(43)) - raft.server.log.appender.buffer.byte-limit = 33554432 (custom)
2019-10-16 01:09:33,817 [9e106ceb-2e48-4592-baea-5a074ecdeb7f@group-F110391D6AD9-LeaderElection5] INFO  server.RaftServerConfigKeys (ConfUtils.java:logGet(43)) - raft.server.log.appender.buffer.element-limit = 1 (custom)
2019-10-16 01:09:33,818 [9e106ceb-2e48-4592-baea-5a074ecdeb7f@group-F110391D6AD9-LeaderElection5] INFO  grpc.GrpcConfigKeys$Server (ConfUtils.java:logGet(43)) - raft.grpc.server.leader.outstanding.appends.max = 128 (default)
2019-10-16 01:09:33,818 [9e106ceb-2e48-4592-baea-5a074ecdeb7f@group-F110391D6AD9-LeaderElection5] INFO  server.RaftServerConfigKeys (ConfUtils.java:logGet(43)) - raft.server.rpc.request.timeout = 3000ms (default)
2019-10-16 01:09:33,818 [9e106ceb-2e48-4592-baea-5a074ecdeb7f@group-F110391D6AD9-LeaderElection5] INFO  server.RaftServerConfigKeys (ConfUtils.java:logGet(43)) - raft.server.log.appender.install.snapshot.enabled = false (custom)
2019-10-16 01:09:33,821 [9e106ceb-2e48-4592-baea-5a074ecdeb7f@group-F110391D6AD9-LeaderElection5] INFO  server.RaftServerConfigKeys (ConfUtils.java:logGet(43)) - raft.server.log.appender.snapshot.chunk.size.max = 16MB (=16777216) (default)
2019-10-16 01:09:33,822 [9e106ceb-2e48-4592-baea-5a074ecdeb7f@group-F110391D6AD9-LeaderElection5] INFO  server.RaftServerConfigKeys (ConfUtils.java:logGet(43)) - raft.server.log.appender.buffer.byte-limit = 33554432 (custom)
2019-10-16 01:09:33,822 [9e106ceb-2e48-4592-baea-5a074ecdeb7f@group-F110391D6AD9-LeaderElection5] INFO  server.RaftServerConfigKeys (ConfUtils.java:logGet(43)) - raft.server.log.appender.buffer.element-limit = 1 (custom)
2019-10-16 01:09:33,822 [9e106ceb-2e48-4592-baea-5a074ecdeb7f@group-F110391D6AD9-LeaderElection5] INFO  grpc.GrpcConfigKeys$Server (ConfUtils.java:logGet(43)) - raft.grpc.server.leader.outstanding.appends.max = 128 (default)
2019-10-16 01:09:33,822 [9e106ceb-2e48-4592-baea-5a074ecdeb7f@group-F110391D6AD9-LeaderElection5] INFO  server.RaftServerConfigKeys (ConfUtils.java:logGet(43)) - raft.server.rpc.request.timeout = 3000ms (default)
2019-10-16 01:09:33,823 [9e106ceb-2e48-4592-baea-5a074ecdeb7f@group-F110391D6AD9-LeaderElection5] INFO  server.RaftServerConfigKeys (ConfUtils.java:logGet(43)) - raft.server.log.appender.install.snapshot.enabled = false (custom)
2019-10-16 01:09:33,826 [9e106ceb-2e48-4592-baea-5a074ecdeb7f@group-F110391D6AD9-LeaderElection5] INFO  impl.RoleInfo (RoleInfo.java:updateAndGet(143)) - 9e106ceb-2e48-4592-baea-5a074ecdeb7f: start LeaderState
2019-10-16 01:09:33,826 [9e106ceb-2e48-4592-baea-5a074ecdeb7f@group-F110391D6AD9-LeaderElection5] INFO  segmented.SegmentedRaftLogWorker (SegmentedRaftLogWorker.java:startLogSegment(385)) - 9e106ceb-2e48-4592-baea-5a074ecdeb7f@group-F110391D6AD9-SegmentedRaftLogWorker: Starting segment from index:0
2019-10-16 01:09:33,827 [9e106ceb-2e48-4592-baea-5a074ecdeb7f@group-F110391D6AD9-LeaderElection5] INFO  impl.RaftServerImpl (ServerState.java:setRaftConf(357)) - 9e106ceb-2e48-4592-baea-5a074ecdeb7f@group-F110391D6AD9: set configuration 0: [9e106ceb-2e48-4592-baea-5a074ecdeb7f:192.168.164.234:46856, 3d4afc67-c7e5-451f-ad84-7ee4adc2e156:192.168.164.234:37554, bdf1820c-8b54-4379-867f-1e5a509c7465:192.168.164.234:34989], old=null at 0
2019-10-16 01:09:33,862 [grpc-default-executor-3] INFO  impl.RaftServerImpl (ServerState.java:setLeader(256)) - bdf1820c-8b54-4379-867f-1e5a509c7465@group-F110391D6AD9: change Leader from null to 9e106ceb-2e48-4592-baea-5a074ecdeb7f at term 2 for appendEntries, leader elected after 88ms
2019-10-16 01:09:33,864 [grpc-default-executor-0] INFO  impl.RaftServerImpl (ServerState.java:setLeader(256)) - 3d4afc67-c7e5-451f-ad84-7ee4adc2e156@group-F110391D6AD9: change Leader from null to 9e106ceb-2e48-4592-baea-5a074ecdeb7f at term 2 for appendEntries, leader elected after 88ms
2019-10-16 01:09:33,880 [grpc-default-executor-3] INFO  impl.RaftServerImpl (ServerState.java:setRaftConf(357)) - 3d4afc67-c7e5-451f-ad84-7ee4adc2e156@group-F110391D6AD9: set configuration 0: [9e106ceb-2e48-4592-baea-5a074ecdeb7f:192.168.164.234:46856, 3d4afc67-c7e5-451f-ad84-7ee4adc2e156:192.168.164.234:37554, bdf1820c-8b54-4379-867f-1e5a509c7465:192.168.164.234:34989], old=null at 0
2019-10-16 01:09:33,880 [grpc-default-executor-0] INFO  impl.RaftServerImpl (ServerState.java:setRaftConf(357)) - bdf1820c-8b54-4379-867f-1e5a509c7465@group-F110391D6AD9: set configuration 0: [9e106ceb-2e48-4592-baea-5a074ecdeb7f:192.168.164.234:46856, 3d4afc67-c7e5-451f-ad84-7ee4adc2e156:192.168.164.234:37554, bdf1820c-8b54-4379-867f-1e5a509c7465:192.168.164.234:34989], old=null at 0
2019-10-16 01:09:33,881 [grpc-default-executor-0] INFO  segmented.SegmentedRaftLogWorker (SegmentedRaftLogWorker.java:startLogSegment(385)) - bdf1820c-8b54-4379-867f-1e5a509c7465@group-F110391D6AD9-SegmentedRaftLogWorker: Starting segment from index:0
2019-10-16 01:09:33,920 [9e106ceb-2e48-4592-baea-5a074ecdeb7f@group-F110391D6AD9-SegmentedRaftLogWorker] INFO  segmented.SegmentedRaftLogWorker (SegmentedRaftLogWorker.java:execute(576)) - 9e106ceb-2e48-4592-baea-5a074ecdeb7f@group-F110391D6AD9-SegmentedRaftLogWorker: created new log segment /workdir/hadoop-ozone/integration-test/target/test-dir/MiniOzoneClusterImpl-6aea6efb-0017-4071-a4af-b72efaa63b28/datanode-0/data/ratis/795bca3c-2629-405f-a5d8-f110391d6ad9/current/log_inprogress_0
2019-10-16 01:09:33,924 [grpc-default-executor-3] INFO  segmented.SegmentedRaftLogWorker (SegmentedRaftLogWorker.java:truncate(401)) - 3d4afc67-c7e5-451f-ad84-7ee4adc2e156@group-F110391D6AD9-SegmentedRaftLogWorker: Truncating segments toTruncate: null
  toDelete: [(0, 0) isOpen? true, length=0, newEndIndex=-1], start index 0
2019-10-16 01:09:33,926 [grpc-default-executor-3] INFO  segmented.SegmentedRaftLogWorker (SegmentedRaftLogWorker.java:startLogSegment(385)) - 3d4afc67-c7e5-451f-ad84-7ee4adc2e156@group-F110391D6AD9-SegmentedRaftLogWorker: Starting segment from index:0
2019-10-16 01:09:33,928 [3d4afc67-c7e5-451f-ad84-7ee4adc2e156@group-F110391D6AD9-SegmentedRaftLogWorker] INFO  segmented.SegmentedRaftLogWorker (SegmentedRaftLogWorker.java:execute(640)) - 3d4afc67-c7e5-451f-ad84-7ee4adc2e156@group-F110391D6AD9-SegmentedRaftLogWorker: Deleted log file /workdir/hadoop-ozone/integration-test/target/test-dir/MiniOzoneClusterImpl-6aea6efb-0017-4071-a4af-b72efaa63b28/datanode-2/data/ratis/795bca3c-2629-405f-a5d8-f110391d6ad9/current/log_inprogress_0
2019-10-16 01:09:33,929 [3d4afc67-c7e5-451f-ad84-7ee4adc2e156@group-F110391D6AD9-SegmentedRaftLogWorker] INFO  segmented.SegmentedRaftLogWorker (SegmentedRaftLogWorker.java:lambda$new$0(128)) - 3d4afc67-c7e5-451f-ad84-7ee4adc2e156@group-F110391D6AD9-SegmentedRaftLogWorker: flushIndex: setUnconditionally 0 -> -1
2019-10-16 01:09:33,945 [bdf1820c-8b54-4379-867f-1e5a509c7465@group-F110391D6AD9-SegmentedRaftLogWorker] INFO  segmented.SegmentedRaftLogWorker (SegmentedRaftLogWorker.java:execute(576)) - bdf1820c-8b54-4379-867f-1e5a509c7465@group-F110391D6AD9-SegmentedRaftLogWorker: created new log segment /workdir/hadoop-ozone/integration-test/target/test-dir/MiniOzoneClusterImpl-6aea6efb-0017-4071-a4af-b72efaa63b28/datanode-1/data/ratis/795bca3c-2629-405f-a5d8-f110391d6ad9/current/log_inprogress_0
2019-10-16 01:09:33,996 [3d4afc67-c7e5-451f-ad84-7ee4adc2e156@group-F110391D6AD9-SegmentedRaftLogWorker] INFO  segmented.SegmentedRaftLogWorker (SegmentedRaftLogWorker.java:execute(576)) - 3d4afc67-c7e5-451f-ad84-7ee4adc2e156@group-F110391D6AD9-SegmentedRaftLogWorker: created new log segment /workdir/hadoop-ozone/integration-test/target/test-dir/MiniOzoneClusterImpl-6aea6efb-0017-4071-a4af-b72efaa63b28/datanode-2/data/ratis/795bca3c-2629-405f-a5d8-f110391d6ad9/current/log_inprogress_0
2019-10-16 01:09:34,529 [main] INFO  rpc.RpcClient (RpcClient.java:createVolume(272)) - Creating Volume: testcontainerstatemachinefailures, with jenkins1000 as owner.
2019-10-16 01:09:34,602 [IPC Server handler 0 on 42968] INFO  volume.OMVolumeCreateRequest (OMVolumeCreateRequest.java:validateAndUpdateCache(193)) - created volume:testcontainerstatemachinefailures for user:jenkins1000
2019-10-16 01:09:34,621 [main] INFO  rpc.RpcClient (RpcClient.java:createBucket(411)) - Creating Bucket: testcontainerstatemachinefailures/testcontainerstatemachinefailures, with Versioning false and Storage Type set to DISK and Encryption set to false 
2019-10-16 01:09:34,766 [main] INFO  impl.MetricsSystemImpl (MetricsSystemImpl.java:init(158)) - XceiverClientMetrics metrics system started (again)
2019-10-16 01:09:35,331 [Thread-181] INFO  container.ReplicationManager (ReplicationManager.java:start(162)) - Starting Replication Monitor Thread.
2019-10-16 01:09:35,333 [ReplicationMonitor] INFO  container.ReplicationManager (ReplicationManager.java:run(225)) - Replication Monitor Thread took 0 milliseconds for processing 1 containers.
2019-10-16 01:09:35,414 [Datanode State Machine Thread - 0] INFO  statemachine.DatanodeStateMachine (DatanodeStateMachine.java:lambda$startDaemon$0(350)) - Ozone container server started.
2019-10-16 01:09:40,325 [main] INFO  ozoneimpl.OzoneContainer (OzoneContainer.java:stop(227)) - Attempting to stop container services.
2019-10-16 01:09:40,327 [main] INFO  impl.RaftServerProxy (RaftServerProxy.java:lambda$close$4(314)) - 3d4afc67-c7e5-451f-ad84-7ee4adc2e156: close
2019-10-16 01:09:40,329 [main] INFO  impl.RaftServerImpl (RaftServerImpl.java:lambda$shutdown$3(261)) - 3d4afc67-c7e5-451f-ad84-7ee4adc2e156@group-FE2F3C1D2E38: shutdown
2019-10-16 01:09:40,329 [ForkJoinPool.commonPool-worker-0] INFO  impl.RaftServerImpl (RaftServerImpl.java:lambda$shutdown$3(261)) - 3d4afc67-c7e5-451f-ad84-7ee4adc2e156@group-F110391D6AD9: shutdown
2019-10-16 01:09:40,329 [main] INFO  util.JmxRegister (JmxRegister.java:unregister(73)) - Successfully un-registered JMX Bean with object name Ratis:service=RaftServer,group=group-FE2F3C1D2E38,id=3d4afc67-c7e5-451f-ad84-7ee4adc2e156
2019-10-16 01:09:40,330 [ForkJoinPool.commonPool-worker-0] INFO  util.JmxRegister (JmxRegister.java:unregister(73)) - Successfully un-registered JMX Bean with object name Ratis:service=RaftServer,group=group-F110391D6AD9,id=3d4afc67-c7e5-451f-ad84-7ee4adc2e156
2019-10-16 01:09:40,330 [main] INFO  impl.RoleInfo (RoleInfo.java:shutdownLeaderState(104)) - 3d4afc67-c7e5-451f-ad84-7ee4adc2e156: shutdown LeaderState
2019-10-16 01:09:40,330 [ForkJoinPool.commonPool-worker-0] INFO  impl.RoleInfo (RoleInfo.java:shutdownFollowerState(121)) - 3d4afc67-c7e5-451f-ad84-7ee4adc2e156: shutdown FollowerState
2019-10-16 01:09:40,330 [main] INFO  impl.PendingRequests (PendingRequests.java:sendNotLeaderResponses(202)) - 3d4afc67-c7e5-451f-ad84-7ee4adc2e156@group-FE2F3C1D2E38-PendingRequests: sendNotLeaderResponses
2019-10-16 01:09:40,332 [ForkJoinPool.commonPool-worker-0] INFO  impl.StateMachineUpdater (StateMachineUpdater.java:stopAndJoin(136)) - 3d4afc67-c7e5-451f-ad84-7ee4adc2e156@group-F110391D6AD9-StateMachineUpdater: set stopIndex = 4
2019-10-16 01:09:40,332 [Thread-227] INFO  impl.FollowerState (FollowerState.java:run(117)) - 3d4afc67-c7e5-451f-ad84-7ee4adc2e156@group-F110391D6AD9-FollowerState was interrupted: java.lang.InterruptedException: sleep interrupted
2019-10-16 01:09:40,332 [main] INFO  impl.StateMachineUpdater (StateMachineUpdater.java:stopAndJoin(136)) - 3d4afc67-c7e5-451f-ad84-7ee4adc2e156@group-FE2F3C1D2E38-StateMachineUpdater: set stopIndex = 0
2019-10-16 01:09:40,332 [3d4afc67-c7e5-451f-ad84-7ee4adc2e156@group-F110391D6AD9-StateMachineUpdater] INFO  ratis.ContainerStateMachine (ContainerStateMachine.java:takeSnapshot(294)) - group-F110391D6AD9: Taking a snapshot at:(t:2, i:3) file /workdir/hadoop-ozone/integration-test/target/test-dir/MiniOzoneClusterImpl-6aea6efb-0017-4071-a4af-b72efaa63b28/datanode-2/data/ratis/795bca3c-2629-405f-a5d8-f110391d6ad9/sm/snapshot.2_3
2019-10-16 01:09:40,336 [main] INFO  impl.RaftServerImpl (ServerState.java:close(388)) - 3d4afc67-c7e5-451f-ad84-7ee4adc2e156@group-FE2F3C1D2E38: closes. applyIndex: 0
2019-10-16 01:09:40,338 [3d4afc67-c7e5-451f-ad84-7ee4adc2e156@group-FE2F3C1D2E38-SegmentedRaftLogWorker] INFO  segmented.SegmentedRaftLogWorker (SegmentedRaftLogWorker.java:run(316)) - 3d4afc67-c7e5-451f-ad84-7ee4adc2e156@group-FE2F3C1D2E38-SegmentedRaftLogWorker was interrupted, exiting. There are 0 tasks remaining in the queue.
2019-10-16 01:09:40,340 [main] INFO  segmented.SegmentedRaftLogWorker (SegmentedRaftLogWorker.java:close(224)) - 3d4afc67-c7e5-451f-ad84-7ee4adc2e156@group-FE2F3C1D2E38-SegmentedRaftLogWorker close()
2019-10-16 01:09:40,458 [3d4afc67-c7e5-451f-ad84-7ee4adc2e156@group-F110391D6AD9-StateMachineUpdater] INFO  ratis.ContainerStateMachine (ContainerStateMachine.java:takeSnapshot(305)) - group-F110391D6AD9: Finished taking a snapshot at:(t:2, i:3) file:/workdir/hadoop-ozone/integration-test/target/test-dir/MiniOzoneClusterImpl-6aea6efb-0017-4071-a4af-b72efaa63b28/datanode-2/data/ratis/795bca3c-2629-405f-a5d8-f110391d6ad9/sm/snapshot.2_3 time:126
2019-10-16 01:09:40,459 [3d4afc67-c7e5-451f-ad84-7ee4adc2e156@group-F110391D6AD9-StateMachineUpdater] INFO  impl.StateMachineUpdater (StateMachineUpdater.java:takeSnapshot(269)) - 3d4afc67-c7e5-451f-ad84-7ee4adc2e156@group-F110391D6AD9-StateMachineUpdater: Took a snapshot at index 3
2019-10-16 01:09:40,459 [3d4afc67-c7e5-451f-ad84-7ee4adc2e156@group-F110391D6AD9-StateMachineUpdater] INFO  impl.StateMachineUpdater (StateMachineUpdater.java:lambda$new$0(84)) - 3d4afc67-c7e5-451f-ad84-7ee4adc2e156@group-F110391D6AD9-StateMachineUpdater: snapshotIndex: updateIncreasingly -1 -> 3
2019-10-16 01:09:40,463 [3d4afc67-c7e5-451f-ad84-7ee4adc2e156@group-F110391D6AD9-StateMachineUpdater] INFO  ratis.ContainerStateMachine (ContainerStateMachine.java:takeSnapshot(294)) - group-F110391D6AD9: Taking a snapshot at:(t:2, i:3) file /workdir/hadoop-ozone/integration-test/target/test-dir/MiniOzoneClusterImpl-6aea6efb-0017-4071-a4af-b72efaa63b28/datanode-2/data/ratis/795bca3c-2629-405f-a5d8-f110391d6ad9/sm/snapshot.2_3
2019-10-16 01:09:40,480 [3d4afc67-c7e5-451f-ad84-7ee4adc2e156@group-F110391D6AD9-StateMachineUpdater] INFO  ratis.ContainerStateMachine (ContainerStateMachine.java:takeSnapshot(305)) - group-F110391D6AD9: Finished taking a snapshot at:(t:2, i:3) file:/workdir/hadoop-ozone/integration-test/target/test-dir/MiniOzoneClusterImpl-6aea6efb-0017-4071-a4af-b72efaa63b28/datanode-2/data/ratis/795bca3c-2629-405f-a5d8-f110391d6ad9/sm/snapshot.2_3 time:16
2019-10-16 01:09:40,480 [3d4afc67-c7e5-451f-ad84-7ee4adc2e156@group-F110391D6AD9-StateMachineUpdater] INFO  impl.StateMachineUpdater (StateMachineUpdater.java:takeSnapshot(269)) - 3d4afc67-c7e5-451f-ad84-7ee4adc2e156@group-F110391D6AD9-StateMachineUpdater: Took a snapshot at index 3
2019-10-16 01:09:40,480 [3d4afc67-c7e5-451f-ad84-7ee4adc2e156@group-F110391D6AD9-StateMachineUpdater] INFO  impl.StateMachineUpdater (StateMachineUpdater.java:lambda$new$0(84)) - 3d4afc67-c7e5-451f-ad84-7ee4adc2e156@group-F110391D6AD9-StateMachineUpdater: snapshotIndex: updateIncreasingly 3 -> 3
2019-10-16 01:09:40,480 [ForkJoinPool.commonPool-worker-0] INFO  impl.RaftServerImpl (ServerState.java:close(388)) - 3d4afc67-c7e5-451f-ad84-7ee4adc2e156@group-F110391D6AD9: closes. applyIndex: 4
2019-10-16 01:09:40,481 [3d4afc67-c7e5-451f-ad84-7ee4adc2e156@group-F110391D6AD9-SegmentedRaftLogWorker] INFO  segmented.SegmentedRaftLogWorker (SegmentedRaftLogWorker.java:run(316)) - 3d4afc67-c7e5-451f-ad84-7ee4adc2e156@group-F110391D6AD9-SegmentedRaftLogWorker was interrupted, exiting. There are 0 tasks remaining in the queue.
2019-10-16 01:09:40,482 [ForkJoinPool.commonPool-worker-0] INFO  segmented.SegmentedRaftLogWorker (SegmentedRaftLogWorker.java:close(224)) - 3d4afc67-c7e5-451f-ad84-7ee4adc2e156@group-F110391D6AD9-SegmentedRaftLogWorker close()
2019-10-16 01:09:40,484 [main] INFO  server.GrpcService (GrpcService.java:closeImpl(164)) - 3d4afc67-c7e5-451f-ad84-7ee4adc2e156: shutdown server with port 37554 now
2019-10-16 01:09:40,491 [grpc-default-executor-0] WARN  server.GrpcServerProtocolService (LogUtils.java:warn(134)) - 3d4afc67-c7e5-451f-ad84-7ee4adc2e156: installSnapshot onError, lastRequest: 9e106ceb-2e48-4592-baea-5a074ecdeb7f->3d4afc67-c7e5-451f-ad84-7ee4adc2e156#7-t2, previous=(t:2, i:4), leaderCommit=4, initializing? false, entries: <empty>: org.apache.ratis.thirdparty.io.grpc.StatusRuntimeException: CANCELLED: cancelled before receiving half close
2019-10-16 01:09:40,492 [main] INFO  server.GrpcService (GrpcService.java:closeImpl(172)) - 3d4afc67-c7e5-451f-ad84-7ee4adc2e156: shutdown server with port 37554 successfully
2019-10-16 01:09:40,494 [grpc-default-executor-1] WARN  server.GrpcLogAppender (LogUtils.java:warn(134)) - 9e106ceb-2e48-4592-baea-5a074ecdeb7f@group-F110391D6AD9->3d4afc67-c7e5-451f-ad84-7ee4adc2e156-AppendLogResponseHandler: Failed appendEntries: org.apache.ratis.thirdparty.io.grpc.StatusRuntimeException: CANCELLED: HTTP/2 error code: CANCEL
Received Rst Stream
2019-10-16 01:09:40,495 [refreshUsed-/workdir/hadoop-ozone/integration-test/target/test-dir/MiniOzoneClusterImpl-6aea6efb-0017-4071-a4af-b72efaa63b28/datanode-2/data/containers] WARN  fs.CachingGetSpaceUsed (CachingGetSpaceUsed.java:run(183)) - Thread Interrupted waiting to refresh disk information: sleep interrupted
2019-10-16 01:09:40,512 [main] INFO  utils.BackgroundService (BackgroundService.java:shutdown(151)) - Shutting down service BlockDeletingService
2019-10-16 01:09:40,516 [main] INFO  statemachine.DatanodeStateMachine (DatanodeStateMachine.java:stopDaemon(395)) - Ozone container server stopped.
2019-10-16 01:09:40,520 [main] INFO  handler.ContextHandler (ContextHandler.java:doStop(910)) - Stopped o.e.j.w.WebAppContext@43e9089{/,null,UNAVAILABLE}{/hddsDatanode}
2019-10-16 01:09:40,524 [main] INFO  server.AbstractConnector (AbstractConnector.java:doStop(318)) - Stopped ServerConnector@3c5dbdf8{HTTP/1.1,[http/1.1]}{0.0.0.0:0}
2019-10-16 01:09:40,525 [main] INFO  handler.ContextHandler (ContextHandler.java:doStop(910)) - Stopped o.e.j.s.ServletContextHandler@433348bc{/static,jar:file:/home/user/.m2/repository/org/apache/hadoop/hadoop-hdds-container-service/0.5.0-SNAPSHOT/hadoop-hdds-container-service-0.5.0-SNAPSHOT.jar!/webapps/static,UNAVAILABLE}
2019-10-16 01:09:40,525 [main] INFO  handler.ContextHandler (ContextHandler.java:doStop(910)) - Stopped o.e.j.s.ServletContextHandler@5fa23c{/logs,file:///workdir/hadoop-ozone/integration-test/target/log,UNAVAILABLE}
2019-10-16 01:09:43,532 [java.util.concurrent.ThreadPoolExecutor$Worker@5536edd2[State = -1, empty queue]] WARN  server.GrpcLogAppender (GrpcLogAppender.java:timeoutAppendRequest(209)) - 9e106ceb-2e48-4592-baea-5a074ecdeb7f@group-F110391D6AD9->3d4afc67-c7e5-451f-ad84-7ee4adc2e156-GrpcLogAppender: appendEntries Timeout, request=9e106ceb-2e48-4592-baea-5a074ecdeb7f->3d4afc67-c7e5-451f-ad84-7ee4adc2e156#8-t2, previous=(t:2, i:4), leaderCommit=4, initializing? false, entries: size=1, first=(t:2, i:5), STATEMACHINELOGENTRY, client-901DCD72E87A, cid=8
2019-10-16 01:09:43,533 [java.util.concurrent.ThreadPoolExecutor$Worker@5536edd2[State = -1, empty queue]] WARN  server.GrpcLogAppender (GrpcLogAppender.java:timeoutAppendRequest(209)) - 9e106ceb-2e48-4592-baea-5a074ecdeb7f@group-F110391D6AD9->3d4afc67-c7e5-451f-ad84-7ee4adc2e156-GrpcLogAppender: appendEntries Timeout, request=9e106ceb-2e48-4592-baea-5a074ecdeb7f->3d4afc67-c7e5-451f-ad84-7ee4adc2e156#9-t2, previous=(t:2, i:5), leaderCommit=4, initializing? false, entries: size=1, first=(t:2, i:6), STATEMACHINELOGENTRY, client-901DCD72E87A, cid=9
2019-10-16 01:09:43,546 [java.util.concurrent.ThreadPoolExecutor$Worker@5536edd2[State = -1, empty queue]] WARN  server.GrpcLogAppender (GrpcLogAppender.java:timeoutAppendRequest(209)) - 9e106ceb-2e48-4592-baea-5a074ecdeb7f@group-F110391D6AD9->3d4afc67-c7e5-451f-ad84-7ee4adc2e156-GrpcLogAppender: appendEntries Timeout, request=9e106ceb-2e48-4592-baea-5a074ecdeb7f->3d4afc67-c7e5-451f-ad84-7ee4adc2e156#10-t2, previous=(t:2, i:6), leaderCommit=5, initializing? false, entries: size=1, first=(t:2, i:7), METADATAENTRY(c5)
2019-10-16 01:09:43,547 [java.util.concurrent.ThreadPoolExecutor$Worker@5536edd2[State = -1, empty queue]] WARN  server.GrpcLogAppender (GrpcLogAppender.java:timeoutAppendRequest(209)) - 9e106ceb-2e48-4592-baea-5a074ecdeb7f@group-F110391D6AD9->3d4afc67-c7e5-451f-ad84-7ee4adc2e156-GrpcLogAppender: appendEntries Timeout, request=9e106ceb-2e48-4592-baea-5a074ecdeb7f->3d4afc67-c7e5-451f-ad84-7ee4adc2e156#11-t2, previous=(t:2, i:7), leaderCommit=6, initializing? false, entries: size=1, first=(t:2, i:8), METADATAENTRY(c6)
2019-10-16 01:09:46,049 [java.util.concurrent.ThreadPoolExecutor$Worker@5536edd2[State = -1, empty queue]] WARN  server.GrpcLogAppender (GrpcLogAppender.java:timeoutAppendRequest(209)) - 9e106ceb-2e48-4592-baea-5a074ecdeb7f@group-F110391D6AD9->3d4afc67-c7e5-451f-ad84-7ee4adc2e156-GrpcLogAppender: appendEntries Timeout, request=9e106ceb-2e48-4592-baea-5a074ecdeb7f->3d4afc67-c7e5-451f-ad84-7ee4adc2e156#12-t2, previous=(t:2, i:8), leaderCommit=8, initializing? false, entries: <empty>
2019-10-16 01:09:48,550 [java.util.concurrent.ThreadPoolExecutor$Worker@5536edd2[State = -1, empty queue]] WARN  server.GrpcLogAppender (GrpcLogAppender.java:timeoutAppendRequest(209)) - 9e106ceb-2e48-4592-baea-5a074ecdeb7f@group-F110391D6AD9->3d4afc67-c7e5-451f-ad84-7ee4adc2e156-GrpcLogAppender: appendEntries Timeout, request=9e106ceb-2e48-4592-baea-5a074ecdeb7f->3d4afc67-c7e5-451f-ad84-7ee4adc2e156#13-t2, previous=(t:2, i:8), leaderCommit=8, initializing? false, entries: <empty>
2019-10-16 01:09:50,597 [Thread-293] INFO  client.GrpcClientProtocolService (GrpcClientProtocolService.java:lambda$processClientRequest$0(278)) - Failed RaftClientRequest:client-901DCD72E87A->bdf1820c-8b54-4379-867f-1e5a509c7465@group-F110391D6AD9, cid=10, seq=0, Watch-ALL_COMMITTED(6), Message:<EMPTY>, reply=RaftClientReply:client-901DCD72E87A->bdf1820c-8b54-4379-867f-1e5a509c7465@group-F110391D6AD9, cid=10, FAILED org.apache.ratis.protocol.NotLeaderException: Server bdf1820c-8b54-4379-867f-1e5a509c7465@group-F110391D6AD9 is not the leader 9e106ceb-2e48-4592-baea-5a074ecdeb7f:192.168.164.234:46856, logIndex=0, commits[bdf1820c-8b54-4379-867f-1e5a509c7465:c8, 9e106ceb-2e48-4592-baea-5a074ecdeb7f:c8, 3d4afc67-c7e5-451f-ad84-7ee4adc2e156:c4]
2019-10-16 01:09:50,687 [Thread-296] INFO  client.GrpcClientProtocolService (GrpcClientProtocolService.java:lambda$processClientRequest$0(278)) - Failed RaftClientRequest:client-901DCD72E87A->9e106ceb-2e48-4592-baea-5a074ecdeb7f@group-F110391D6AD9, cid=10, seq=0, Watch-ALL_COMMITTED(6), Message:<EMPTY>, reply=RaftClientReply:client-901DCD72E87A->9e106ceb-2e48-4592-baea-5a074ecdeb7f@group-F110391D6AD9, cid=10, FAILED org.apache.ratis.protocol.NotReplicatedException: Request with call Id 10 and log index 6 is not yet replicated to ALL_COMMITTED, logIndex=6, commits[9e106ceb-2e48-4592-baea-5a074ecdeb7f:c8, 3d4afc67-c7e5-451f-ad84-7ee4adc2e156:c4, bdf1820c-8b54-4379-867f-1e5a509c7465:c8]
2019-10-16 01:09:51,051 [java.util.concurrent.ThreadPoolExecutor$Worker@5536edd2[State = -1, empty queue]] WARN  server.GrpcLogAppender (GrpcLogAppender.java:timeoutAppendRequest(209)) - 9e106ceb-2e48-4592-baea-5a074ecdeb7f@group-F110391D6AD9->3d4afc67-c7e5-451f-ad84-7ee4adc2e156-GrpcLogAppender: appendEntries Timeout, request=9e106ceb-2e48-4592-baea-5a074ecdeb7f->3d4afc67-c7e5-451f-ad84-7ee4adc2e156#14-t2, previous=(t:2, i:8), leaderCommit=8, initializing? false, entries: <empty>
2019-10-16 01:09:53,552 [java.util.concurrent.ThreadPoolExecutor$Worker@5536edd2[State = -1, empty queue]] WARN  server.GrpcLogAppender (GrpcLogAppender.java:timeoutAppendRequest(209)) - 9e106ceb-2e48-4592-baea-5a074ecdeb7f@group-F110391D6AD9->3d4afc67-c7e5-451f-ad84-7ee4adc2e156-GrpcLogAppender: appendEntries Timeout, request=9e106ceb-2e48-4592-baea-5a074ecdeb7f->3d4afc67-c7e5-451f-ad84-7ee4adc2e156#15-t2, previous=(t:2, i:8), leaderCommit=8, initializing? false, entries: <empty>
2019-10-16 01:09:56,053 [java.util.concurrent.ThreadPoolExecutor$Worker@5536edd2[State = -1, empty queue]] WARN  server.GrpcLogAppender (GrpcLogAppender.java:timeoutAppendRequest(209)) - 9e106ceb-2e48-4592-baea-5a074ecdeb7f@group-F110391D6AD9->3d4afc67-c7e5-451f-ad84-7ee4adc2e156-GrpcLogAppender: appendEntries Timeout, request=9e106ceb-2e48-4592-baea-5a074ecdeb7f->3d4afc67-c7e5-451f-ad84-7ee4adc2e156#16-t2, previous=(t:2, i:8), leaderCommit=8, initializing? false, entries: <empty>
2019-10-16 01:09:58,555 [java.util.concurrent.ThreadPoolExecutor$Worker@5536edd2[State = -1, empty queue]] WARN  server.GrpcLogAppender (GrpcLogAppender.java:timeoutAppendRequest(209)) - 9e106ceb-2e48-4592-baea-5a074ecdeb7f@group-F110391D6AD9->3d4afc67-c7e5-451f-ad84-7ee4adc2e156-GrpcLogAppender: appendEntries Timeout, request=9e106ceb-2e48-4592-baea-5a074ecdeb7f->3d4afc67-c7e5-451f-ad84-7ee4adc2e156#17-t2, previous=(t:2, i:8), leaderCommit=8, initializing? false, entries: <empty>
2019-10-16 01:09:59,628 [Thread-302] INFO  client.GrpcClientProtocolService (GrpcClientProtocolService.java:lambda$processClientRequest$0(278)) - Failed RaftClientRequest:client-901DCD72E87A->bdf1820c-8b54-4379-867f-1e5a509c7465@group-F110391D6AD9, cid=10, seq=0, Watch-ALL_COMMITTED(6), Message:<EMPTY>, reply=RaftClientReply:client-901DCD72E87A->bdf1820c-8b54-4379-867f-1e5a509c7465@group-F110391D6AD9, cid=10, FAILED org.apache.ratis.protocol.NotLeaderException: Server bdf1820c-8b54-4379-867f-1e5a509c7465@group-F110391D6AD9 is not the leader 9e106ceb-2e48-4592-baea-5a074ecdeb7f:192.168.164.234:46856, logIndex=0, commits[bdf1820c-8b54-4379-867f-1e5a509c7465:c8, 9e106ceb-2e48-4592-baea-5a074ecdeb7f:c8, 3d4afc67-c7e5-451f-ad84-7ee4adc2e156:c4]
2019-10-16 01:10:00,683 [Thread-306] INFO  client.GrpcClientProtocolService (GrpcClientProtocolService.java:lambda$processClientRequest$0(278)) - Failed RaftClientRequest:client-901DCD72E87A->9e106ceb-2e48-4592-baea-5a074ecdeb7f@group-F110391D6AD9, cid=10, seq=0, Watch-ALL_COMMITTED(6), Message:<EMPTY>, reply=RaftClientReply:client-901DCD72E87A->9e106ceb-2e48-4592-baea-5a074ecdeb7f@group-F110391D6AD9, cid=10, FAILED org.apache.ratis.protocol.NotReplicatedException: Request with call Id 10 and log index 6 is not yet replicated to ALL_COMMITTED, logIndex=6, commits[9e106ceb-2e48-4592-baea-5a074ecdeb7f:c8, 3d4afc67-c7e5-451f-ad84-7ee4adc2e156:c4, bdf1820c-8b54-4379-867f-1e5a509c7465:c8]
2019-10-16 01:10:01,056 [java.util.concurrent.ThreadPoolExecutor$Worker@5536edd2[State = -1, empty queue]] WARN  server.GrpcLogAppender (GrpcLogAppender.java:timeoutAppendRequest(209)) - 9e106ceb-2e48-4592-baea-5a074ecdeb7f@group-F110391D6AD9->3d4afc67-c7e5-451f-ad84-7ee4adc2e156-GrpcLogAppender: appendEntries Timeout, request=9e106ceb-2e48-4592-baea-5a074ecdeb7f->3d4afc67-c7e5-451f-ad84-7ee4adc2e156#18-t2, previous=(t:2, i:8), leaderCommit=8, initializing? false, entries: <empty>
2019-10-16 01:10:03,557 [java.util.concurrent.ThreadPoolExecutor$Worker@5536edd2[State = -1, empty queue]] WARN  server.GrpcLogAppender (GrpcLogAppender.java:timeoutAppendRequest(209)) - 9e106ceb-2e48-4592-baea-5a074ecdeb7f@group-F110391D6AD9->3d4afc67-c7e5-451f-ad84-7ee4adc2e156-GrpcLogAppender: appendEntries Timeout, request=9e106ceb-2e48-4592-baea-5a074ecdeb7f->3d4afc67-c7e5-451f-ad84-7ee4adc2e156#19-t2, previous=(t:2, i:8), leaderCommit=8, initializing? false, entries: <empty>
2019-10-16 01:10:06,058 [java.util.concurrent.ThreadPoolExecutor$Worker@5536edd2[State = -1, empty queue]] WARN  server.GrpcLogAppender (GrpcLogAppender.java:timeoutAppendRequest(209)) - 9e106ceb-2e48-4592-baea-5a074ecdeb7f@group-F110391D6AD9->3d4afc67-c7e5-451f-ad84-7ee4adc2e156-GrpcLogAppender: appendEntries Timeout, request=9e106ceb-2e48-4592-baea-5a074ecdeb7f->3d4afc67-c7e5-451f-ad84-7ee4adc2e156#20-t2, previous=(t:2, i:8), leaderCommit=8, initializing? false, entries: <empty>
2019-10-16 01:10:08,562 [java.util.concurrent.ThreadPoolExecutor$Worker@5536edd2[State = -1, empty queue]] WARN  server.GrpcLogAppender (GrpcLogAppender.java:timeoutAppendRequest(209)) - 9e106ceb-2e48-4592-baea-5a074ecdeb7f@group-F110391D6AD9->3d4afc67-c7e5-451f-ad84-7ee4adc2e156-GrpcLogAppender: appendEntries Timeout, request=9e106ceb-2e48-4592-baea-5a074ecdeb7f->3d4afc67-c7e5-451f-ad84-7ee4adc2e156#21-t2, previous=(t:2, i:8), leaderCommit=8, initializing? false, entries: <empty>
2019-10-16 01:10:08,667 [Thread-312] INFO  client.GrpcClientProtocolService (GrpcClientProtocolService.java:lambda$processClientRequest$0(278)) - Failed RaftClientRequest:client-901DCD72E87A->bdf1820c-8b54-4379-867f-1e5a509c7465@group-F110391D6AD9, cid=10, seq=0, Watch-ALL_COMMITTED(6), Message:<EMPTY>, reply=RaftClientReply:client-901DCD72E87A->bdf1820c-8b54-4379-867f-1e5a509c7465@group-F110391D6AD9, cid=10, FAILED org.apache.ratis.protocol.NotLeaderException: Server bdf1820c-8b54-4379-867f-1e5a509c7465@group-F110391D6AD9 is not the leader 9e106ceb-2e48-4592-baea-5a074ecdeb7f:192.168.164.234:46856, logIndex=0, commits[bdf1820c-8b54-4379-867f-1e5a509c7465:c8, 9e106ceb-2e48-4592-baea-5a074ecdeb7f:c8, 3d4afc67-c7e5-451f-ad84-7ee4adc2e156:c4]
2019-10-16 01:10:09,690 [Thread-315] INFO  client.GrpcClientProtocolService (GrpcClientProtocolService.java:lambda$processClientRequest$0(278)) - Failed RaftClientRequest:client-901DCD72E87A->9e106ceb-2e48-4592-baea-5a074ecdeb7f@group-F110391D6AD9, cid=10, seq=0, Watch-ALL_COMMITTED(6), Message:<EMPTY>, reply=RaftClientReply:client-901DCD72E87A->9e106ceb-2e48-4592-baea-5a074ecdeb7f@group-F110391D6AD9, cid=10, FAILED org.apache.ratis.protocol.NotReplicatedException: Request with call Id 10 and log index 6 is not yet replicated to ALL_COMMITTED, logIndex=6, commits[9e106ceb-2e48-4592-baea-5a074ecdeb7f:c8, 3d4afc67-c7e5-451f-ad84-7ee4adc2e156:c4, bdf1820c-8b54-4379-867f-1e5a509c7465:c8]
2019-10-16 01:10:10,559 [main] WARN  scm.XceiverClientRatis (XceiverClientRatis.java:watchForCommit(277)) - 3 way commit failed on pipeline Pipeline[ Id: 795bca3c-2629-405f-a5d8-f110391d6ad9, Nodes: 3d4afc67-c7e5-451f-ad84-7ee4adc2e156{ip: 192.168.164.234, host: pr-hdds-1985-wgmpk-2951460010, networkLocation: /default-rack, certSerialId: null}bdf1820c-8b54-4379-867f-1e5a509c7465{ip: 192.168.164.234, host: pr-hdds-1985-wgmpk-2951460010, networkLocation: /default-rack, certSerialId: null}9e106ceb-2e48-4592-baea-5a074ecdeb7f{ip: 192.168.164.234, host: pr-hdds-1985-wgmpk-2951460010, networkLocation: /default-rack, certSerialId: null}, Type:RATIS, Factor:THREE, State:OPEN]
java.util.concurrent.TimeoutException
	at java.util.concurrent.CompletableFuture.timedGet(CompletableFuture.java:1771)
	at java.util.concurrent.CompletableFuture.get(CompletableFuture.java:1915)
	at org.apache.hadoop.hdds.scm.XceiverClientRatis.watchForCommit(XceiverClientRatis.java:274)
	at org.apache.hadoop.hdds.scm.storage.CommitWatcher.watchForCommit(CommitWatcher.java:198)
	at org.apache.hadoop.hdds.scm.storage.CommitWatcher.watchOnLastIndex(CommitWatcher.java:161)
	at org.apache.hadoop.hdds.scm.storage.BlockOutputStream.watchForCommit(BlockOutputStream.java:346)
	at org.apache.hadoop.hdds.scm.storage.BlockOutputStream.handleFlush(BlockOutputStream.java:482)
	at org.apache.hadoop.hdds.scm.storage.BlockOutputStream.close(BlockOutputStream.java:496)
	at org.apache.hadoop.ozone.client.io.BlockOutputStreamEntry.close(BlockOutputStreamEntry.java:143)
	at org.apache.hadoop.ozone.client.io.KeyOutputStream.handleFlushOrClose(KeyOutputStream.java:435)
	at org.apache.hadoop.ozone.client.io.KeyOutputStream.close(KeyOutputStream.java:473)
	at org.apache.hadoop.ozone.client.io.OzoneOutputStream.close(OzoneOutputStream.java:60)
	at org.apache.hadoop.ozone.client.rpc.TestDeleteWithSlowFollower.testDeleteKeyWithSlowFollower(TestDeleteWithSlowFollower.java:193)
	at sun.reflect.NativeMethodAccessorImpl.invoke0(Native Method)
	at sun.reflect.NativeMethodAccessorImpl.invoke(NativeMethodAccessorImpl.java:62)
	at sun.reflect.DelegatingMethodAccessorImpl.invoke(DelegatingMethodAccessorImpl.java:43)
	at java.lang.reflect.Method.invoke(Method.java:498)
	at org.junit.runners.model.FrameworkMethod$1.runReflectiveCall(FrameworkMethod.java:47)
	at org.junit.internal.runners.model.ReflectiveCallable.run(ReflectiveCallable.java:12)
	at org.junit.runners.model.FrameworkMethod.invokeExplosively(FrameworkMethod.java:44)
	at org.junit.internal.runners.statements.InvokeMethod.evaluate(InvokeMethod.java:17)
	at org.junit.runners.ParentRunner.runLeaf(ParentRunner.java:271)
	at org.junit.runners.BlockJUnit4ClassRunner.runChild(BlockJUnit4ClassRunner.java:70)
	at org.junit.runners.BlockJUnit4ClassRunner.runChild(BlockJUnit4ClassRunner.java:50)
	at org.junit.runners.ParentRunner$3.run(ParentRunner.java:238)
	at org.junit.runners.ParentRunner$1.schedule(ParentRunner.java:63)
	at org.junit.runners.ParentRunner.runChildren(ParentRunner.java:236)
	at org.junit.runners.ParentRunner.access$000(ParentRunner.java:53)
	at org.junit.runners.ParentRunner$2.evaluate(ParentRunner.java:229)
	at org.junit.internal.runners.statements.RunBefores.evaluate(RunBefores.java:26)
	at org.junit.internal.runners.statements.RunAfters.evaluate(RunAfters.java:27)
	at org.junit.runners.ParentRunner.run(ParentRunner.java:309)
	at org.apache.maven.surefire.junit4.JUnit4Provider.execute(JUnit4Provider.java:365)
	at org.apache.maven.surefire.junit4.JUnit4Provider.executeWithRerun(JUnit4Provider.java:273)
	at org.apache.maven.surefire.junit4.JUnit4Provider.executeTestSet(JUnit4Provider.java:238)
	at org.apache.maven.surefire.junit4.JUnit4Provider.invoke(JUnit4Provider.java:159)
	at org.apache.maven.surefire.booter.ForkedBooter.invokeProviderInSameClassLoader(ForkedBooter.java:384)
	at org.apache.maven.surefire.booter.ForkedBooter.runSuitesInProcess(ForkedBooter.java:345)
	at org.apache.maven.surefire.booter.ForkedBooter.execute(ForkedBooter.java:126)
	at org.apache.maven.surefire.booter.ForkedBooter.main(ForkedBooter.java:418)
2019-10-16 01:10:10,582 [main] INFO  scm.XceiverClientRatis (XceiverClientRatis.java:lambda$watchForCommit$5(295)) - Could not commit index 6 on pipeline Pipeline[ Id: 795bca3c-2629-405f-a5d8-f110391d6ad9, Nodes: 3d4afc67-c7e5-451f-ad84-7ee4adc2e156{ip: 192.168.164.234, host: pr-hdds-1985-wgmpk-2951460010, networkLocation: /default-rack, certSerialId: null}bdf1820c-8b54-4379-867f-1e5a509c7465{ip: 192.168.164.234, host: pr-hdds-1985-wgmpk-2951460010, networkLocation: /default-rack, certSerialId: null}9e106ceb-2e48-4592-baea-5a074ecdeb7f{ip: 192.168.164.234, host: pr-hdds-1985-wgmpk-2951460010, networkLocation: /default-rack, certSerialId: null}, Type:RATIS, Factor:THREE, State:OPEN] to all the nodes. Server 3d4afc67-c7e5-451f-ad84-7ee4adc2e156 has failed. Committed by majority.
2019-10-16 01:10:10,582 [main] WARN  storage.BlockOutputStream (BlockOutputStream.java:watchForCommit(352)) - Failed to commit BlockId conID: 1 locID: 102969388216680448 bcsId: 6 on Pipeline[ Id: 795bca3c-2629-405f-a5d8-f110391d6ad9, Nodes: 3d4afc67-c7e5-451f-ad84-7ee4adc2e156{ip: 192.168.164.234, host: pr-hdds-1985-wgmpk-2951460010, networkLocation: /default-rack, certSerialId: null}bdf1820c-8b54-4379-867f-1e5a509c7465{ip: 192.168.164.234, host: pr-hdds-1985-wgmpk-2951460010, networkLocation: /default-rack, certSerialId: null}9e106ceb-2e48-4592-baea-5a074ecdeb7f{ip: 192.168.164.234, host: pr-hdds-1985-wgmpk-2951460010, networkLocation: /default-rack, certSerialId: null}, Type:RATIS, Factor:THREE, State:OPEN]. Failed nodes: [3d4afc67-c7e5-451f-ad84-7ee4adc2e156{ip: null, host: null, networkLocation: /default-rack, certSerialId: null}]
2019-10-16 01:10:11,064 [java.util.concurrent.ThreadPoolExecutor$Worker@5536edd2[State = -1, empty queue]] WARN  server.GrpcLogAppender (GrpcLogAppender.java:timeoutAppendRequest(209)) - 9e106ceb-2e48-4592-baea-5a074ecdeb7f@group-F110391D6AD9->3d4afc67-c7e5-451f-ad84-7ee4adc2e156-GrpcLogAppender: appendEntries Timeout, request=9e106ceb-2e48-4592-baea-5a074ecdeb7f->3d4afc67-c7e5-451f-ad84-7ee4adc2e156#22-t2, previous=(t:2, i:8), leaderCommit=8, initializing? false, entries: <empty>
2019-10-16 01:10:11,715 [EventQueue-IncrementalContainerReportForIncrementalContainerReportHandler] WARN  container.IncrementalContainerReportHandler (AbstractContainerReportHandler.java:updateContainerState(145)) - Container #1 is in OPEN state, but the datanode 9e106ceb-2e48-4592-baea-5a074ecdeb7f{ip: 192.168.164.234, host: pr-hdds-1985-wgmpk-2951460010, networkLocation: /default-rack, certSerialId: null} reports an CLOSING replica.
2019-10-16 01:10:11,725 [RatisApplyTransactionExecutor 1] INFO  interfaces.Container (KeyValueContainer.java:flushAndSyncDB(386)) - Container 1 is synced with bcsId 6.
2019-10-16 01:10:11,726 [RatisApplyTransactionExecutor 1] INFO  interfaces.Container (KeyValueContainer.java:flushAndSyncDB(386)) - Container 1 is synced with bcsId 6.
2019-10-16 01:10:11,749 [RatisApplyTransactionExecutor 1] INFO  interfaces.Container (KeyValueContainer.java:close(335)) - Container 1 is closed with bcsId 6.
2019-10-16 01:10:11,752 [EventQueue-IncrementalContainerReportForIncrementalContainerReportHandler] WARN  container.IncrementalContainerReportHandler (AbstractContainerReportHandler.java:updateContainerState(145)) - Container #1 is in OPEN state, but the datanode bdf1820c-8b54-4379-867f-1e5a509c7465{ip: 192.168.164.234, host: pr-hdds-1985-wgmpk-2951460010, networkLocation: /default-rack, certSerialId: null} reports an CLOSING replica.
2019-10-16 01:10:11,753 [EventQueue-IncrementalContainerReportForIncrementalContainerReportHandler] WARN  container.IncrementalContainerReportHandler (AbstractContainerReportHandler.java:updateContainerState(145)) - Container #1 is in OPEN state, but the datanode 9e106ceb-2e48-4592-baea-5a074ecdeb7f{ip: 192.168.164.234, host: pr-hdds-1985-wgmpk-2951460010, networkLocation: /default-rack, certSerialId: null} reports an CLOSED replica.
2019-10-16 01:10:11,762 [RatisApplyTransactionExecutor 1] INFO  interfaces.Container (KeyValueContainer.java:flushAndSyncDB(386)) - Container 1 is synced with bcsId 6.
2019-10-16 01:10:11,763 [RatisApplyTransactionExecutor 1] INFO  interfaces.Container (KeyValueContainer.java:flushAndSyncDB(386)) - Container 1 is synced with bcsId 6.
2019-10-16 01:10:11,787 [RatisApplyTransactionExecutor 1] INFO  interfaces.Container (KeyValueContainer.java:close(335)) - Container 1 is closed with bcsId 6.
2019-10-16 01:10:11,789 [EventQueue-IncrementalContainerReportForIncrementalContainerReportHandler] WARN  container.IncrementalContainerReportHandler (AbstractContainerReportHandler.java:updateContainerState(145)) - Container #1 is in OPEN state, but the datanode bdf1820c-8b54-4379-867f-1e5a509c7465{ip: 192.168.164.234, host: pr-hdds-1985-wgmpk-2951460010, networkLocation: /default-rack, certSerialId: null} reports an CLOSED replica.
2019-10-16 01:10:11,951 [EventQueue-ContainerReportForContainerReportHandler] WARN  container.ContainerReportHandler (AbstractContainerReportHandler.java:updateContainerState(145)) - Container #1 is in OPEN state, but the datanode 9e106ceb-2e48-4592-baea-5a074ecdeb7f{ip: 192.168.164.234, host: pr-hdds-1985-wgmpk-2951460010, networkLocation: /default-rack, certSerialId: null} reports an CLOSED replica.
2019-10-16 01:10:11,989 [EventQueue-ContainerReportForContainerReportHandler] WARN  container.ContainerReportHandler (AbstractContainerReportHandler.java:updateContainerState(145)) - Container #1 is in OPEN state, but the datanode bdf1820c-8b54-4379-867f-1e5a509c7465{ip: 192.168.164.234, host: pr-hdds-1985-wgmpk-2951460010, networkLocation: /default-rack, certSerialId: null} reports an CLOSED replica.
2019-10-16 01:10:12,251 [EventQueue-ContainerReportForContainerReportHandler] WARN  container.ContainerReportHandler (AbstractContainerReportHandler.java:updateContainerState(145)) - Container #1 is in OPEN state, but the datanode 9e106ceb-2e48-4592-baea-5a074ecdeb7f{ip: 192.168.164.234, host: pr-hdds-1985-wgmpk-2951460010, networkLocation: /default-rack, certSerialId: null} reports an CLOSED replica.
2019-10-16 01:10:12,290 [EventQueue-ContainerReportForContainerReportHandler] WARN  container.ContainerReportHandler (AbstractContainerReportHandler.java:updateContainerState(145)) - Container #1 is in OPEN state, but the datanode bdf1820c-8b54-4379-867f-1e5a509c7465{ip: 192.168.164.234, host: pr-hdds-1985-wgmpk-2951460010, networkLocation: /default-rack, certSerialId: null} reports an CLOSED replica.
2019-10-16 01:10:12,514 [IPC Server handler 1 on 32900] INFO  server.SCMBlockProtocolServer (SCMBlockProtocolServer.java:deleteKeyBlocks(212)) - SCM is informed by OM to delete 1 blocks
2019-10-16 01:10:12,515 [IPC Server handler 1 on 32900] INFO  block.BlockManagerImpl (BlockManagerImpl.java:deleteBlocks(285)) - Deleting blocks conID: 1 locID: 102969388216680448 bcsId: 0
2019-10-16 01:10:12,551 [EventQueue-ContainerReportForContainerReportHandler] WARN  container.ContainerReportHandler (AbstractContainerReportHandler.java:updateContainerState(145)) - Container #1 is in OPEN state, but the datanode 9e106ceb-2e48-4592-baea-5a074ecdeb7f{ip: 192.168.164.234, host: pr-hdds-1985-wgmpk-2951460010, networkLocation: /default-rack, certSerialId: null} reports an CLOSED replica.
2019-10-16 01:10:12,590 [EventQueue-ContainerReportForContainerReportHandler] WARN  container.ContainerReportHandler (AbstractContainerReportHandler.java:updateContainerState(145)) - Container #1 is in OPEN state, but the datanode bdf1820c-8b54-4379-867f-1e5a509c7465{ip: 192.168.164.234, host: pr-hdds-1985-wgmpk-2951460010, networkLocation: /default-rack, certSerialId: null} reports an CLOSED replica.
2019-10-16 01:10:12,659 [BlockDeletingService#2] WARN  background.BlockDeletingService (BlockDeletingService.java:isDeletionAllowed(187)) - Close Container log Index 6 is not replicated across allthe servers in the pipeline 795bca3c-2629-405f-a5d8-f110391d6ad9 as the min replicated index is 4. Deletion is not allowed in this container yet.
2019-10-16 01:10:12,659 [BlockDeletingService#2] WARN  background.BlockDeletingService (BlockDeletingService.java:isDeletionAllowed(187)) - Close Container log Index 6 is not replicated across allthe servers in the pipeline 795bca3c-2629-405f-a5d8-f110391d6ad9 as the min replicated index is 4. Deletion is not allowed in this container yet.
2019-10-16 01:10:12,751 [EventQueue-ContainerReportForContainerReportHandler] WARN  container.ContainerReportHandler (AbstractContainerReportHandler.java:updateContainerState(145)) - Container #1 is in OPEN state, but the datanode 9e106ceb-2e48-4592-baea-5a074ecdeb7f{ip: 192.168.164.234, host: pr-hdds-1985-wgmpk-2951460010, networkLocation: /default-rack, certSerialId: null} reports an CLOSED replica.
2019-10-16 01:10:12,890 [EventQueue-ContainerReportForContainerReportHandler] WARN  container.ContainerReportHandler (AbstractContainerReportHandler.java:updateContainerState(145)) - Container #1 is in OPEN state, but the datanode bdf1820c-8b54-4379-867f-1e5a509c7465{ip: 192.168.164.234, host: pr-hdds-1985-wgmpk-2951460010, networkLocation: /default-rack, certSerialId: null} reports an CLOSED replica.
2019-10-16 01:10:13,051 [EventQueue-ContainerReportForContainerReportHandler] WARN  container.ContainerReportHandler (AbstractContainerReportHandler.java:updateContainerState(145)) - Container #1 is in OPEN state, but the datanode 9e106ceb-2e48-4592-baea-5a074ecdeb7f{ip: 192.168.164.234, host: pr-hdds-1985-wgmpk-2951460010, networkLocation: /default-rack, certSerialId: null} reports an CLOSED replica.
2019-10-16 01:10:13,191 [EventQueue-ContainerReportForContainerReportHandler] WARN  container.ContainerReportHandler (AbstractContainerReportHandler.java:updateContainerState(145)) - Container #1 is in OPEN state, but the datanode bdf1820c-8b54-4379-867f-1e5a509c7465{ip: 192.168.164.234, host: pr-hdds-1985-wgmpk-2951460010, networkLocation: /default-rack, certSerialId: null} reports an CLOSED replica.
2019-10-16 01:10:13,352 [EventQueue-ContainerReportForContainerReportHandler] WARN  container.ContainerReportHandler (AbstractContainerReportHandler.java:updateContainerState(145)) - Container #1 is in OPEN state, but the datanode 9e106ceb-2e48-4592-baea-5a074ecdeb7f{ip: 192.168.164.234, host: pr-hdds-1985-wgmpk-2951460010, networkLocation: /default-rack, certSerialId: null} reports an CLOSED replica.
2019-10-16 01:10:13,390 [EventQueue-ContainerReportForContainerReportHandler] WARN  container.ContainerReportHandler (AbstractContainerReportHandler.java:updateContainerState(145)) - Container #1 is in OPEN state, but the datanode bdf1820c-8b54-4379-867f-1e5a509c7465{ip: 192.168.164.234, host: pr-hdds-1985-wgmpk-2951460010, networkLocation: /default-rack, certSerialId: null} reports an CLOSED replica.
2019-10-16 01:10:13,566 [java.util.concurrent.ThreadPoolExecutor$Worker@5536edd2[State = -1, empty queue]] WARN  server.GrpcLogAppender (GrpcLogAppender.java:timeoutAppendRequest(209)) - 9e106ceb-2e48-4592-baea-5a074ecdeb7f@group-F110391D6AD9->3d4afc67-c7e5-451f-ad84-7ee4adc2e156-GrpcLogAppender: appendEntries Timeout, request=9e106ceb-2e48-4592-baea-5a074ecdeb7f->3d4afc67-c7e5-451f-ad84-7ee4adc2e156#23-t2, previous=(t:2, i:8), leaderCommit=8, initializing? false, entries: <empty>
2019-10-16 01:10:13,662 [BlockDeletingService#2] WARN  background.BlockDeletingService (BlockDeletingService.java:isDeletionAllowed(187)) - Close Container log Index 6 is not replicated across allthe servers in the pipeline 795bca3c-2629-405f-a5d8-f110391d6ad9 as the min replicated index is 4. Deletion is not allowed in this container yet.
2019-10-16 01:10:13,662 [BlockDeletingService#2] WARN  background.BlockDeletingService (BlockDeletingService.java:isDeletionAllowed(187)) - Close Container log Index 6 is not replicated across allthe servers in the pipeline 795bca3c-2629-405f-a5d8-f110391d6ad9 as the min replicated index is 4. Deletion is not allowed in this container yet.
2019-10-16 01:10:13,691 [EventQueue-ContainerReportForContainerReportHandler] WARN  container.ContainerReportHandler (AbstractContainerReportHandler.java:updateContainerState(145)) - Container #1 is in OPEN state, but the datanode bdf1820c-8b54-4379-867f-1e5a509c7465{ip: 192.168.164.234, host: pr-hdds-1985-wgmpk-2951460010, networkLocation: /default-rack, certSerialId: null} reports an CLOSED replica.
2019-10-16 01:10:13,751 [EventQueue-ContainerReportForContainerReportHandler] WARN  container.ContainerReportHandler (AbstractContainerReportHandler.java:updateContainerState(145)) - Container #1 is in OPEN state, but the datanode 9e106ceb-2e48-4592-baea-5a074ecdeb7f{ip: 192.168.164.234, host: pr-hdds-1985-wgmpk-2951460010, networkLocation: /default-rack, certSerialId: null} reports an CLOSED replica.
2019-10-16 01:10:13,891 [EventQueue-ContainerReportForContainerReportHandler] WARN  container.ContainerReportHandler (AbstractContainerReportHandler.java:updateContainerState(145)) - Container #1 is in OPEN state, but the datanode bdf1820c-8b54-4379-867f-1e5a509c7465{ip: 192.168.164.234, host: pr-hdds-1985-wgmpk-2951460010, networkLocation: /default-rack, certSerialId: null} reports an CLOSED replica.
2019-10-16 01:10:13,952 [EventQueue-ContainerReportForContainerReportHandler] WARN  container.ContainerReportHandler (AbstractContainerReportHandler.java:updateContainerState(145)) - Container #1 is in OPEN state, but the datanode 9e106ceb-2e48-4592-baea-5a074ecdeb7f{ip: 192.168.164.234, host: pr-hdds-1985-wgmpk-2951460010, networkLocation: /default-rack, certSerialId: null} reports an CLOSED replica.
2019-10-16 01:10:14,153 [EventQueue-ContainerReportForContainerReportHandler] WARN  container.ContainerReportHandler (AbstractContainerReportHandler.java:updateContainerState(145)) - Container #1 is in OPEN state, but the datanode 9e106ceb-2e48-4592-baea-5a074ecdeb7f{ip: 192.168.164.234, host: pr-hdds-1985-wgmpk-2951460010, networkLocation: /default-rack, certSerialId: null} reports an CLOSED replica.
2019-10-16 01:10:14,192 [EventQueue-ContainerReportForContainerReportHandler] WARN  container.ContainerReportHandler (AbstractContainerReportHandler.java:updateContainerState(145)) - Container #1 is in OPEN state, but the datanode bdf1820c-8b54-4379-867f-1e5a509c7465{ip: 192.168.164.234, host: pr-hdds-1985-wgmpk-2951460010, networkLocation: /default-rack, certSerialId: null} reports an CLOSED replica.
2019-10-16 01:10:14,392 [EventQueue-ContainerReportForContainerReportHandler] WARN  container.ContainerReportHandler (AbstractContainerReportHandler.java:updateContainerState(145)) - Container #1 is in OPEN state, but the datanode bdf1820c-8b54-4379-867f-1e5a509c7465{ip: 192.168.164.234, host: pr-hdds-1985-wgmpk-2951460010, networkLocation: /default-rack, certSerialId: null} reports an CLOSED replica.
2019-10-16 01:10:14,453 [EventQueue-ContainerReportForContainerReportHandler] WARN  container.ContainerReportHandler (AbstractContainerReportHandler.java:updateContainerState(145)) - Container #1 is in OPEN state, but the datanode 9e106ceb-2e48-4592-baea-5a074ecdeb7f{ip: 192.168.164.234, host: pr-hdds-1985-wgmpk-2951460010, networkLocation: /default-rack, certSerialId: null} reports an CLOSED replica.
2019-10-16 01:10:14,664 [BlockDeletingService#2] WARN  background.BlockDeletingService (BlockDeletingService.java:isDeletionAllowed(187)) - Close Container log Index 6 is not replicated across allthe servers in the pipeline 795bca3c-2629-405f-a5d8-f110391d6ad9 as the min replicated index is 4. Deletion is not allowed in this container yet.
2019-10-16 01:10:14,664 [BlockDeletingService#2] WARN  background.BlockDeletingService (BlockDeletingService.java:isDeletionAllowed(187)) - Close Container log Index 6 is not replicated across allthe servers in the pipeline 795bca3c-2629-405f-a5d8-f110391d6ad9 as the min replicated index is 4. Deletion is not allowed in this container yet.
2019-10-16 01:10:14,672 [java.util.concurrent.ThreadPoolExecutor$Worker@5536edd2[State = -1, empty queue]] WARN  server.GrpcLogAppender (GrpcLogAppender.java:timeoutAppendRequest(209)) - 9e106ceb-2e48-4592-baea-5a074ecdeb7f@group-F110391D6AD9->3d4afc67-c7e5-451f-ad84-7ee4adc2e156-GrpcLogAppender: appendEntries Timeout, request=9e106ceb-2e48-4592-baea-5a074ecdeb7f->3d4afc67-c7e5-451f-ad84-7ee4adc2e156#24-t2, previous=(t:2, i:8), leaderCommit=8, initializing? false, entries: size=1, first=(t:2, i:9), STATEMACHINELOGENTRY, client-C1F6A8263A61, cid=12
2019-10-16 01:10:14,691 [java.util.concurrent.ThreadPoolExecutor$Worker@5536edd2[State = -1, empty queue]] WARN  server.GrpcLogAppender (GrpcLogAppender.java:timeoutAppendRequest(209)) - 9e106ceb-2e48-4592-baea-5a074ecdeb7f@group-F110391D6AD9->3d4afc67-c7e5-451f-ad84-7ee4adc2e156-GrpcLogAppender: appendEntries Timeout, request=9e106ceb-2e48-4592-baea-5a074ecdeb7f->3d4afc67-c7e5-451f-ad84-7ee4adc2e156#25-t2, previous=(t:2, i:9), leaderCommit=9, initializing? false, entries: size=1, first=(t:2, i:10), METADATAENTRY(c9)
2019-10-16 01:10:14,695 [EventQueue-ContainerReportForContainerReportHandler] WARN  container.ContainerReportHandler (AbstractContainerReportHandler.java:updateContainerState(145)) - Container #1 is in OPEN state, but the datanode bdf1820c-8b54-4379-867f-1e5a509c7465{ip: 192.168.164.234, host: pr-hdds-1985-wgmpk-2951460010, networkLocation: /default-rack, certSerialId: null} reports an CLOSED replica.
2019-10-16 01:10:14,753 [EventQueue-ContainerReportForContainerReportHandler] WARN  container.ContainerReportHandler (AbstractContainerReportHandler.java:updateContainerState(145)) - Container #1 is in OPEN state, but the datanode 9e106ceb-2e48-4592-baea-5a074ecdeb7f{ip: 192.168.164.234, host: pr-hdds-1985-wgmpk-2951460010, networkLocation: /default-rack, certSerialId: null} reports an CLOSED replica.
2019-10-16 01:10:14,954 [EventQueue-ContainerReportForContainerReportHandler] WARN  container.ContainerReportHandler (AbstractContainerReportHandler.java:updateContainerState(145)) - Container #1 is in OPEN state, but the datanode 9e106ceb-2e48-4592-baea-5a074ecdeb7f{ip: 192.168.164.234, host: pr-hdds-1985-wgmpk-2951460010, networkLocation: /default-rack, certSerialId: null} reports an CLOSED replica.
2019-10-16 01:10:14,995 [EventQueue-ContainerReportForContainerReportHandler] WARN  container.ContainerReportHandler (AbstractContainerReportHandler.java:updateContainerState(145)) - Container #1 is in OPEN state, but the datanode bdf1820c-8b54-4379-867f-1e5a509c7465{ip: 192.168.164.234, host: pr-hdds-1985-wgmpk-2951460010, networkLocation: /default-rack, certSerialId: null} reports an CLOSED replica.
2019-10-16 01:10:15,154 [EventQueue-ContainerReportForContainerReportHandler] WARN  container.ContainerReportHandler (AbstractContainerReportHandler.java:updateContainerState(145)) - Container #1 is in OPEN state, but the datanode 9e106ceb-2e48-4592-baea-5a074ecdeb7f{ip: 192.168.164.234, host: pr-hdds-1985-wgmpk-2951460010, networkLocation: /default-rack, certSerialId: null} reports an CLOSED replica.
2019-10-16 01:10:15,195 [EventQueue-ContainerReportForContainerReportHandler] WARN  container.ContainerReportHandler (AbstractContainerReportHandler.java:updateContainerState(145)) - Container #1 is in OPEN state, but the datanode bdf1820c-8b54-4379-867f-1e5a509c7465{ip: 192.168.164.234, host: pr-hdds-1985-wgmpk-2951460010, networkLocation: /default-rack, certSerialId: null} reports an CLOSED replica.
2019-10-16 01:10:15,496 [EventQueue-ContainerReportForContainerReportHandler] WARN  container.ContainerReportHandler (AbstractContainerReportHandler.java:updateContainerState(145)) - Container #1 is in OPEN state, but the datanode bdf1820c-8b54-4379-867f-1e5a509c7465{ip: 192.168.164.234, host: pr-hdds-1985-wgmpk-2951460010, networkLocation: /default-rack, certSerialId: null} reports an CLOSED replica.
2019-10-16 01:10:15,554 [EventQueue-ContainerReportForContainerReportHandler] WARN  container.ContainerReportHandler (AbstractContainerReportHandler.java:updateContainerState(145)) - Container #1 is in OPEN state, but the datanode 9e106ceb-2e48-4592-baea-5a074ecdeb7f{ip: 192.168.164.234, host: pr-hdds-1985-wgmpk-2951460010, networkLocation: /default-rack, certSerialId: null} reports an CLOSED replica.
2019-10-16 01:10:15,667 [BlockDeletingService#2] WARN  background.BlockDeletingService (BlockDeletingService.java:isDeletionAllowed(187)) - Close Container log Index 6 is not replicated across allthe servers in the pipeline 795bca3c-2629-405f-a5d8-f110391d6ad9 as the min replicated index is 4. Deletion is not allowed in this container yet.
2019-10-16 01:10:15,667 [BlockDeletingService#2] WARN  background.BlockDeletingService (BlockDeletingService.java:isDeletionAllowed(187)) - Close Container log Index 6 is not replicated across allthe servers in the pipeline 795bca3c-2629-405f-a5d8-f110391d6ad9 as the min replicated index is 4. Deletion is not allowed in this container yet.
2019-10-16 01:10:15,695 [EventQueue-ContainerReportForContainerReportHandler] WARN  container.ContainerReportHandler (AbstractContainerReportHandler.java:updateContainerState(145)) - Container #1 is in OPEN state, but the datanode bdf1820c-8b54-4379-867f-1e5a509c7465{ip: 192.168.164.234, host: pr-hdds-1985-wgmpk-2951460010, networkLocation: /default-rack, certSerialId: null} reports an CLOSED replica.
2019-10-16 01:10:15,854 [EventQueue-ContainerReportForContainerReportHandler] WARN  container.ContainerReportHandler (AbstractContainerReportHandler.java:updateContainerState(145)) - Container #1 is in OPEN state, but the datanode 9e106ceb-2e48-4592-baea-5a074ecdeb7f{ip: 192.168.164.234, host: pr-hdds-1985-wgmpk-2951460010, networkLocation: /default-rack, certSerialId: null} reports an CLOSED replica.
2019-10-16 01:10:15,996 [EventQueue-ContainerReportForContainerReportHandler] WARN  container.ContainerReportHandler (AbstractContainerReportHandler.java:updateContainerState(145)) - Container #1 is in OPEN state, but the datanode bdf1820c-8b54-4379-867f-1e5a509c7465{ip: 192.168.164.234, host: pr-hdds-1985-wgmpk-2951460010, networkLocation: /default-rack, certSerialId: null} reports an CLOSED replica.
2019-10-16 01:10:16,254 [EventQueue-ContainerReportForContainerReportHandler] WARN  container.ContainerReportHandler (AbstractContainerReportHandler.java:updateContainerState(145)) - Container #1 is in OPEN state, but the datanode 9e106ceb-2e48-4592-baea-5a074ecdeb7f{ip: 192.168.164.234, host: pr-hdds-1985-wgmpk-2951460010, networkLocation: /default-rack, certSerialId: null} reports an CLOSED replica.
2019-10-16 01:10:16,296 [EventQueue-ContainerReportForContainerReportHandler] WARN  container.ContainerReportHandler (AbstractContainerReportHandler.java:updateContainerState(145)) - Container #1 is in OPEN state, but the datanode bdf1820c-8b54-4379-867f-1e5a509c7465{ip: 192.168.164.234, host: pr-hdds-1985-wgmpk-2951460010, networkLocation: /default-rack, certSerialId: null} reports an CLOSED replica.
2019-10-16 01:10:16,655 [EventQueue-ContainerReportForContainerReportHandler] WARN  container.ContainerReportHandler (AbstractContainerReportHandler.java:updateContainerState(145)) - Container #1 is in OPEN state, but the datanode 9e106ceb-2e48-4592-baea-5a074ecdeb7f{ip: 192.168.164.234, host: pr-hdds-1985-wgmpk-2951460010, networkLocation: /default-rack, certSerialId: null} reports an CLOSED replica.
2019-10-16 01:10:16,676 [BlockDeletingService#2] WARN  background.BlockDeletingService (BlockDeletingService.java:isDeletionAllowed(187)) - Close Container log Index 6 is not replicated across allthe servers in the pipeline 795bca3c-2629-405f-a5d8-f110391d6ad9 as the min replicated index is 4. Deletion is not allowed in this container yet.
2019-10-16 01:10:16,676 [BlockDeletingService#2] WARN  background.BlockDeletingService (BlockDeletingService.java:isDeletionAllowed(187)) - Close Container log Index 6 is not replicated across allthe servers in the pipeline 795bca3c-2629-405f-a5d8-f110391d6ad9 as the min replicated index is 4. Deletion is not allowed in this container yet.
2019-10-16 01:10:16,695 [EventQueue-ContainerReportForContainerReportHandler] WARN  container.ContainerReportHandler (AbstractContainerReportHandler.java:updateContainerState(145)) - Container #1 is in OPEN state, but the datanode bdf1820c-8b54-4379-867f-1e5a509c7465{ip: 192.168.164.234, host: pr-hdds-1985-wgmpk-2951460010, networkLocation: /default-rack, certSerialId: null} reports an CLOSED replica.
2019-10-16 01:10:16,955 [EventQueue-ContainerReportForContainerReportHandler] WARN  container.ContainerReportHandler (AbstractContainerReportHandler.java:updateContainerState(145)) - Container #1 is in OPEN state, but the datanode 9e106ceb-2e48-4592-baea-5a074ecdeb7f{ip: 192.168.164.234, host: pr-hdds-1985-wgmpk-2951460010, networkLocation: /default-rack, certSerialId: null} reports an CLOSED replica.
2019-10-16 01:10:16,996 [EventQueue-ContainerReportForContainerReportHandler] WARN  container.ContainerReportHandler (AbstractContainerReportHandler.java:updateContainerState(145)) - Container #1 is in OPEN state, but the datanode bdf1820c-8b54-4379-867f-1e5a509c7465{ip: 192.168.164.234, host: pr-hdds-1985-wgmpk-2951460010, networkLocation: /default-rack, certSerialId: null} reports an CLOSED replica.
2019-10-16 01:10:17,193 [java.util.concurrent.ThreadPoolExecutor$Worker@5536edd2[State = -1, empty queue]] WARN  server.GrpcLogAppender (GrpcLogAppender.java:timeoutAppendRequest(209)) - 9e106ceb-2e48-4592-baea-5a074ecdeb7f@group-F110391D6AD9->3d4afc67-c7e5-451f-ad84-7ee4adc2e156-GrpcLogAppender: appendEntries Timeout, request=9e106ceb-2e48-4592-baea-5a074ecdeb7f->3d4afc67-c7e5-451f-ad84-7ee4adc2e156#26-t2, previous=(t:2, i:10), leaderCommit=10, initializing? false, entries: <empty>
2019-10-16 01:10:17,296 [EventQueue-ContainerReportForContainerReportHandler] WARN  container.ContainerReportHandler (AbstractContainerReportHandler.java:updateContainerState(145)) - Container #1 is in OPEN state, but the datanode bdf1820c-8b54-4379-867f-1e5a509c7465{ip: 192.168.164.234, host: pr-hdds-1985-wgmpk-2951460010, networkLocation: /default-rack, certSerialId: null} reports an CLOSED replica.
2019-10-16 01:10:17,355 [EventQueue-ContainerReportForContainerReportHandler] WARN  container.ContainerReportHandler (AbstractContainerReportHandler.java:updateContainerState(145)) - Container #1 is in OPEN state, but the datanode 9e106ceb-2e48-4592-baea-5a074ecdeb7f{ip: 192.168.164.234, host: pr-hdds-1985-wgmpk-2951460010, networkLocation: /default-rack, certSerialId: null} reports an CLOSED replica.
2019-10-16 01:10:17,496 [EventQueue-ContainerReportForContainerReportHandler] WARN  container.ContainerReportHandler (AbstractContainerReportHandler.java:updateContainerState(145)) - Container #1 is in OPEN state, but the datanode bdf1820c-8b54-4379-867f-1e5a509c7465{ip: 192.168.164.234, host: pr-hdds-1985-wgmpk-2951460010, networkLocation: /default-rack, certSerialId: null} reports an CLOSED replica.
2019-10-16 01:10:17,555 [EventQueue-ContainerReportForContainerReportHandler] WARN  container.ContainerReportHandler (AbstractContainerReportHandler.java:updateContainerState(145)) - Container #1 is in OPEN state, but the datanode 9e106ceb-2e48-4592-baea-5a074ecdeb7f{ip: 192.168.164.234, host: pr-hdds-1985-wgmpk-2951460010, networkLocation: /default-rack, certSerialId: null} reports an CLOSED replica.
2019-10-16 01:10:17,679 [BlockDeletingService#2] WARN  background.BlockDeletingService (BlockDeletingService.java:isDeletionAllowed(187)) - Close Container log Index 6 is not replicated across allthe servers in the pipeline 795bca3c-2629-405f-a5d8-f110391d6ad9 as the min replicated index is 4. Deletion is not allowed in this container yet.
2019-10-16 01:10:17,679 [BlockDeletingService#2] WARN  background.BlockDeletingService (BlockDeletingService.java:isDeletionAllowed(187)) - Close Container log Index 6 is not replicated across allthe servers in the pipeline 795bca3c-2629-405f-a5d8-f110391d6ad9 as the min replicated index is 4. Deletion is not allowed in this container yet.
2019-10-16 01:10:17,702 [Thread-345] INFO  client.GrpcClientProtocolService (GrpcClientProtocolService.java:lambda$processClientRequest$0(278)) - Failed RaftClientRequest:client-901DCD72E87A->bdf1820c-8b54-4379-867f-1e5a509c7465@group-F110391D6AD9, cid=10, seq=0, Watch-ALL_COMMITTED(6), Message:<EMPTY>, reply=RaftClientReply:client-901DCD72E87A->bdf1820c-8b54-4379-867f-1e5a509c7465@group-F110391D6AD9, cid=10, FAILED org.apache.ratis.protocol.NotLeaderException: Server bdf1820c-8b54-4379-867f-1e5a509c7465@group-F110391D6AD9 is not the leader 9e106ceb-2e48-4592-baea-5a074ecdeb7f:192.168.164.234:46856, logIndex=0, commits[bdf1820c-8b54-4379-867f-1e5a509c7465:c10, 9e106ceb-2e48-4592-baea-5a074ecdeb7f:c10, 3d4afc67-c7e5-451f-ad84-7ee4adc2e156:c4]
2019-10-16 01:10:17,897 [EventQueue-ContainerReportForContainerReportHandler] WARN  container.ContainerReportHandler (AbstractContainerReportHandler.java:updateContainerState(145)) - Container #1 is in OPEN state, but the datanode bdf1820c-8b54-4379-867f-1e5a509c7465{ip: 192.168.164.234, host: pr-hdds-1985-wgmpk-2951460010, networkLocation: /default-rack, certSerialId: null} reports an CLOSED replica.
2019-10-16 01:10:17,955 [EventQueue-ContainerReportForContainerReportHandler] WARN  container.ContainerReportHandler (AbstractContainerReportHandler.java:updateContainerState(145)) - Container #1 is in OPEN state, but the datanode 9e106ceb-2e48-4592-baea-5a074ecdeb7f{ip: 192.168.164.234, host: pr-hdds-1985-wgmpk-2951460010, networkLocation: /default-rack, certSerialId: null} reports an CLOSED replica.
2019-10-16 01:10:18,155 [EventQueue-ContainerReportForContainerReportHandler] WARN  container.ContainerReportHandler (AbstractContainerReportHandler.java:updateContainerState(145)) - Container #1 is in OPEN state, but the datanode 9e106ceb-2e48-4592-baea-5a074ecdeb7f{ip: 192.168.164.234, host: pr-hdds-1985-wgmpk-2951460010, networkLocation: /default-rack, certSerialId: null} reports an CLOSED replica.
2019-10-16 01:10:18,197 [EventQueue-ContainerReportForContainerReportHandler] WARN  container.ContainerReportHandler (AbstractContainerReportHandler.java:updateContainerState(145)) - Container #1 is in OPEN state, but the datanode bdf1820c-8b54-4379-867f-1e5a509c7465{ip: 192.168.164.234, host: pr-hdds-1985-wgmpk-2951460010, networkLocation: /default-rack, certSerialId: null} reports an CLOSED replica.
2019-10-16 01:10:18,556 [EventQueue-ContainerReportForContainerReportHandler] WARN  container.ContainerReportHandler (AbstractContainerReportHandler.java:updateContainerState(145)) - Container #1 is in OPEN state, but the datanode 9e106ceb-2e48-4592-baea-5a074ecdeb7f{ip: 192.168.164.234, host: pr-hdds-1985-wgmpk-2951460010, networkLocation: /default-rack, certSerialId: null} reports an CLOSED replica.
2019-10-16 01:10:18,597 [EventQueue-ContainerReportForContainerReportHandler] WARN  container.ContainerReportHandler (AbstractContainerReportHandler.java:updateContainerState(145)) - Container #1 is in OPEN state, but the datanode bdf1820c-8b54-4379-867f-1e5a509c7465{ip: 192.168.164.234, host: pr-hdds-1985-wgmpk-2951460010, networkLocation: /default-rack, certSerialId: null} reports an CLOSED replica.
2019-10-16 01:10:18,682 [BlockDeletingService#2] WARN  background.BlockDeletingService (BlockDeletingService.java:isDeletionAllowed(187)) - Close Container log Index 6 is not replicated across allthe servers in the pipeline 795bca3c-2629-405f-a5d8-f110391d6ad9 as the min replicated index is 4. Deletion is not allowed in this container yet.
2019-10-16 01:10:18,682 [BlockDeletingService#2] WARN  background.BlockDeletingService (BlockDeletingService.java:isDeletionAllowed(187)) - Close Container log Index 6 is not replicated across allthe servers in the pipeline 795bca3c-2629-405f-a5d8-f110391d6ad9 as the min replicated index is 4. Deletion is not allowed in this container yet.
2019-10-16 01:10:18,796 [EventQueue-ContainerReportForContainerReportHandler] WARN  container.ContainerReportHandler (AbstractContainerReportHandler.java:updateContainerState(145)) - Container #1 is in OPEN state, but the datanode bdf1820c-8b54-4379-867f-1e5a509c7465{ip: 192.168.164.234, host: pr-hdds-1985-wgmpk-2951460010, networkLocation: /default-rack, certSerialId: null} reports an CLOSED replica.
2019-10-16 01:10:18,856 [EventQueue-ContainerReportForContainerReportHandler] WARN  container.ContainerReportHandler (AbstractContainerReportHandler.java:updateContainerState(145)) - Container #1 is in OPEN state, but the datanode 9e106ceb-2e48-4592-baea-5a074ecdeb7f{ip: 192.168.164.234, host: pr-hdds-1985-wgmpk-2951460010, networkLocation: /default-rack, certSerialId: null} reports an CLOSED replica.
2019-10-16 01:10:19,156 [EventQueue-ContainerReportForContainerReportHandler] WARN  container.ContainerReportHandler (AbstractContainerReportHandler.java:updateContainerState(145)) - Container #1 is in OPEN state, but the datanode 9e106ceb-2e48-4592-baea-5a074ecdeb7f{ip: 192.168.164.234, host: pr-hdds-1985-wgmpk-2951460010, networkLocation: /default-rack, certSerialId: null} reports an CLOSED replica.
2019-10-16 01:10:19,196 [EventQueue-ContainerReportForContainerReportHandler] WARN  container.ContainerReportHandler (AbstractContainerReportHandler.java:updateContainerState(145)) - Container #1 is in OPEN state, but the datanode bdf1820c-8b54-4379-867f-1e5a509c7465{ip: 192.168.164.234, host: pr-hdds-1985-wgmpk-2951460010, networkLocation: /default-rack, certSerialId: null} reports an CLOSED replica.
2019-10-16 01:10:19,456 [EventQueue-ContainerReportForContainerReportHandler] WARN  container.ContainerReportHandler (AbstractContainerReportHandler.java:updateContainerState(145)) - Container #1 is in OPEN state, but the datanode 9e106ceb-2e48-4592-baea-5a074ecdeb7f{ip: 192.168.164.234, host: pr-hdds-1985-wgmpk-2951460010, networkLocation: /default-rack, certSerialId: null} reports an CLOSED replica.
2019-10-16 01:10:19,597 [EventQueue-ContainerReportForContainerReportHandler] WARN  container.ContainerReportHandler (AbstractContainerReportHandler.java:updateContainerState(145)) - Container #1 is in OPEN state, but the datanode bdf1820c-8b54-4379-867f-1e5a509c7465{ip: 192.168.164.234, host: pr-hdds-1985-wgmpk-2951460010, networkLocation: /default-rack, certSerialId: null} reports an CLOSED replica.
2019-10-16 01:10:19,684 [Thread-351] INFO  client.GrpcClientProtocolService (GrpcClientProtocolService.java:lambda$processClientRequest$0(278)) - Failed RaftClientRequest:client-901DCD72E87A->9e106ceb-2e48-4592-baea-5a074ecdeb7f@group-F110391D6AD9, cid=10, seq=0, Watch-ALL_COMMITTED(6), Message:<EMPTY>, reply=RaftClientReply:client-901DCD72E87A->9e106ceb-2e48-4592-baea-5a074ecdeb7f@group-F110391D6AD9, cid=10, FAILED org.apache.ratis.protocol.NotReplicatedException: Request with call Id 10 and log index 6 is not yet replicated to ALL_COMMITTED, logIndex=6, commits[9e106ceb-2e48-4592-baea-5a074ecdeb7f:c10, 3d4afc67-c7e5-451f-ad84-7ee4adc2e156:c4, bdf1820c-8b54-4379-867f-1e5a509c7465:c10]
2019-10-16 01:10:19,691 [BlockDeletingService#2] WARN  background.BlockDeletingService (BlockDeletingService.java:isDeletionAllowed(187)) - Close Container log Index 6 is not replicated across allthe servers in the pipeline 795bca3c-2629-405f-a5d8-f110391d6ad9 as the min replicated index is 4. Deletion is not allowed in this container yet.
2019-10-16 01:10:19,691 [BlockDeletingService#2] WARN  background.BlockDeletingService (BlockDeletingService.java:isDeletionAllowed(187)) - Close Container log Index 6 is not replicated across allthe servers in the pipeline 795bca3c-2629-405f-a5d8-f110391d6ad9 as the min replicated index is 4. Deletion is not allowed in this container yet.
2019-10-16 01:10:19,695 [java.util.concurrent.ThreadPoolExecutor$Worker@5536edd2[State = -1, empty queue]] WARN  server.GrpcLogAppender (GrpcLogAppender.java:timeoutAppendRequest(209)) - 9e106ceb-2e48-4592-baea-5a074ecdeb7f@group-F110391D6AD9->3d4afc67-c7e5-451f-ad84-7ee4adc2e156-GrpcLogAppender: appendEntries Timeout, request=9e106ceb-2e48-4592-baea-5a074ecdeb7f->3d4afc67-c7e5-451f-ad84-7ee4adc2e156#27-t2, previous=(t:2, i:10), leaderCommit=10, initializing? false, entries: <empty>
2019-10-16 01:10:19,756 [EventQueue-ContainerReportForContainerReportHandler] WARN  container.ContainerReportHandler (AbstractContainerReportHandler.java:updateContainerState(145)) - Container #1 is in OPEN state, but the datanode 9e106ceb-2e48-4592-baea-5a074ecdeb7f{ip: 192.168.164.234, host: pr-hdds-1985-wgmpk-2951460010, networkLocation: /default-rack, certSerialId: null} reports an CLOSED replica.
2019-10-16 01:10:19,797 [EventQueue-ContainerReportForContainerReportHandler] WARN  container.ContainerReportHandler (AbstractContainerReportHandler.java:updateContainerState(145)) - Container #1 is in OPEN state, but the datanode bdf1820c-8b54-4379-867f-1e5a509c7465{ip: 192.168.164.234, host: pr-hdds-1985-wgmpk-2951460010, networkLocation: /default-rack, certSerialId: null} reports an CLOSED replica.
2019-10-16 01:10:19,998 [EventQueue-ContainerReportForContainerReportHandler] WARN  container.ContainerReportHandler (AbstractContainerReportHandler.java:updateContainerState(145)) - Container #1 is in OPEN state, but the datanode bdf1820c-8b54-4379-867f-1e5a509c7465{ip: 192.168.164.234, host: pr-hdds-1985-wgmpk-2951460010, networkLocation: /default-rack, certSerialId: null} reports an CLOSED replica.
2019-10-16 01:10:20,057 [EventQueue-ContainerReportForContainerReportHandler] WARN  container.ContainerReportHandler (AbstractContainerReportHandler.java:updateContainerState(145)) - Container #1 is in OPEN state, but the datanode 9e106ceb-2e48-4592-baea-5a074ecdeb7f{ip: 192.168.164.234, host: pr-hdds-1985-wgmpk-2951460010, networkLocation: /default-rack, certSerialId: null} reports an CLOSED replica.
2019-10-16 01:10:20,357 [EventQueue-ContainerReportForContainerReportHandler] WARN  container.ContainerReportHandler (AbstractContainerReportHandler.java:updateContainerState(145)) - Container #1 is in OPEN state, but the datanode 9e106ceb-2e48-4592-baea-5a074ecdeb7f{ip: 192.168.164.234, host: pr-hdds-1985-wgmpk-2951460010, networkLocation: /default-rack, certSerialId: null} reports an CLOSED replica.
2019-10-16 01:10:20,398 [EventQueue-ContainerReportForContainerReportHandler] WARN  container.ContainerReportHandler (AbstractContainerReportHandler.java:updateContainerState(145)) - Container #1 is in OPEN state, but the datanode bdf1820c-8b54-4379-867f-1e5a509c7465{ip: 192.168.164.234, host: pr-hdds-1985-wgmpk-2951460010, networkLocation: /default-rack, certSerialId: null} reports an CLOSED replica.
2019-10-16 01:10:20,658 [EventQueue-ContainerReportForContainerReportHandler] WARN  container.ContainerReportHandler (AbstractContainerReportHandler.java:updateContainerState(145)) - Container #1 is in OPEN state, but the datanode 9e106ceb-2e48-4592-baea-5a074ecdeb7f{ip: 192.168.164.234, host: pr-hdds-1985-wgmpk-2951460010, networkLocation: /default-rack, certSerialId: null} reports an CLOSED replica.
2019-10-16 01:10:20,694 [BlockDeletingService#2] WARN  background.BlockDeletingService (BlockDeletingService.java:isDeletionAllowed(187)) - Close Container log Index 6 is not replicated across allthe servers in the pipeline 795bca3c-2629-405f-a5d8-f110391d6ad9 as the min replicated index is 4. Deletion is not allowed in this container yet.
2019-10-16 01:10:20,694 [BlockDeletingService#2] WARN  background.BlockDeletingService (BlockDeletingService.java:isDeletionAllowed(187)) - Close Container log Index 6 is not replicated across allthe servers in the pipeline 795bca3c-2629-405f-a5d8-f110391d6ad9 as the min replicated index is 4. Deletion is not allowed in this container yet.
2019-10-16 01:10:20,698 [EventQueue-ContainerReportForContainerReportHandler] WARN  container.ContainerReportHandler (AbstractContainerReportHandler.java:updateContainerState(145)) - Container #1 is in OPEN state, but the datanode bdf1820c-8b54-4379-867f-1e5a509c7465{ip: 192.168.164.234, host: pr-hdds-1985-wgmpk-2951460010, networkLocation: /default-rack, certSerialId: null} reports an CLOSED replica.
2019-10-16 01:10:21,059 [EventQueue-ContainerReportForContainerReportHandler] WARN  container.ContainerReportHandler (AbstractContainerReportHandler.java:updateContainerState(145)) - Container #1 is in OPEN state, but the datanode 9e106ceb-2e48-4592-baea-5a074ecdeb7f{ip: 192.168.164.234, host: pr-hdds-1985-wgmpk-2951460010, networkLocation: /default-rack, certSerialId: null} reports an CLOSED replica.
2019-10-16 01:10:21,099 [EventQueue-ContainerReportForContainerReportHandler] WARN  container.ContainerReportHandler (AbstractContainerReportHandler.java:updateContainerState(145)) - Container #1 is in OPEN state, but the datanode bdf1820c-8b54-4379-867f-1e5a509c7465{ip: 192.168.164.234, host: pr-hdds-1985-wgmpk-2951460010, networkLocation: /default-rack, certSerialId: null} reports an CLOSED replica.
2019-10-16 01:10:21,259 [EventQueue-ContainerReportForContainerReportHandler] WARN  container.ContainerReportHandler (AbstractContainerReportHandler.java:updateContainerState(145)) - Container #1 is in OPEN state, but the datanode 9e106ceb-2e48-4592-baea-5a074ecdeb7f{ip: 192.168.164.234, host: pr-hdds-1985-wgmpk-2951460010, networkLocation: /default-rack, certSerialId: null} reports an CLOSED replica.
2019-10-16 01:10:21,399 [EventQueue-ContainerReportForContainerReportHandler] WARN  container.ContainerReportHandler (AbstractContainerReportHandler.java:updateContainerState(145)) - Container #1 is in OPEN state, but the datanode bdf1820c-8b54-4379-867f-1e5a509c7465{ip: 192.168.164.234, host: pr-hdds-1985-wgmpk-2951460010, networkLocation: /default-rack, certSerialId: null} reports an CLOSED replica.
2019-10-16 01:10:21,659 [EventQueue-ContainerReportForContainerReportHandler] WARN  container.ContainerReportHandler (AbstractContainerReportHandler.java:updateContainerState(145)) - Container #1 is in OPEN state, but the datanode 9e106ceb-2e48-4592-baea-5a074ecdeb7f{ip: 192.168.164.234, host: pr-hdds-1985-wgmpk-2951460010, networkLocation: /default-rack, certSerialId: null} reports an CLOSED replica.
2019-10-16 01:10:21,696 [BlockDeletingService#2] WARN  background.BlockDeletingService (BlockDeletingService.java:isDeletionAllowed(187)) - Close Container log Index 6 is not replicated across allthe servers in the pipeline 795bca3c-2629-405f-a5d8-f110391d6ad9 as the min replicated index is 4. Deletion is not allowed in this container yet.
2019-10-16 01:10:21,696 [BlockDeletingService#2] WARN  background.BlockDeletingService (BlockDeletingService.java:isDeletionAllowed(187)) - Close Container log Index 6 is not replicated across allthe servers in the pipeline 795bca3c-2629-405f-a5d8-f110391d6ad9 as the min replicated index is 4. Deletion is not allowed in this container yet.
2019-10-16 01:10:21,799 [EventQueue-ContainerReportForContainerReportHandler] WARN  container.ContainerReportHandler (AbstractContainerReportHandler.java:updateContainerState(145)) - Container #1 is in OPEN state, but the datanode bdf1820c-8b54-4379-867f-1e5a509c7465{ip: 192.168.164.234, host: pr-hdds-1985-wgmpk-2951460010, networkLocation: /default-rack, certSerialId: null} reports an CLOSED replica.
2019-10-16 01:10:22,060 [EventQueue-ContainerReportForContainerReportHandler] WARN  container.ContainerReportHandler (AbstractContainerReportHandler.java:updateContainerState(145)) - Container #1 is in OPEN state, but the datanode 9e106ceb-2e48-4592-baea-5a074ecdeb7f{ip: 192.168.164.234, host: pr-hdds-1985-wgmpk-2951460010, networkLocation: /default-rack, certSerialId: null} reports an CLOSED replica.
2019-10-16 01:10:22,196 [java.util.concurrent.ThreadPoolExecutor$Worker@5536edd2[State = -1, empty queue]] WARN  server.GrpcLogAppender (GrpcLogAppender.java:timeoutAppendRequest(209)) - 9e106ceb-2e48-4592-baea-5a074ecdeb7f@group-F110391D6AD9->3d4afc67-c7e5-451f-ad84-7ee4adc2e156-GrpcLogAppender: appendEntries Timeout, request=9e106ceb-2e48-4592-baea-5a074ecdeb7f->3d4afc67-c7e5-451f-ad84-7ee4adc2e156#28-t2, previous=(t:2, i:10), leaderCommit=10, initializing? false, entries: <empty>
2019-10-16 01:10:22,201 [EventQueue-ContainerReportForContainerReportHandler] WARN  container.ContainerReportHandler (AbstractContainerReportHandler.java:updateContainerState(145)) - Container #1 is in OPEN state, but the datanode bdf1820c-8b54-4379-867f-1e5a509c7465{ip: 192.168.164.234, host: pr-hdds-1985-wgmpk-2951460010, networkLocation: /default-rack, certSerialId: null} reports an CLOSED replica.
2019-10-16 01:10:22,360 [EventQueue-ContainerReportForContainerReportHandler] WARN  container.ContainerReportHandler (AbstractContainerReportHandler.java:updateContainerState(145)) - Container #1 is in OPEN state, but the datanode 9e106ceb-2e48-4592-baea-5a074ecdeb7f{ip: 192.168.164.234, host: pr-hdds-1985-wgmpk-2951460010, networkLocation: /default-rack, certSerialId: null} reports an CLOSED replica.
2019-10-16 01:10:22,501 [EventQueue-ContainerReportForContainerReportHandler] WARN  container.ContainerReportHandler (AbstractContainerReportHandler.java:updateContainerState(145)) - Container #1 is in OPEN state, but the datanode bdf1820c-8b54-4379-867f-1e5a509c7465{ip: 192.168.164.234, host: pr-hdds-1985-wgmpk-2951460010, networkLocation: /default-rack, certSerialId: null} reports an CLOSED replica.
2019-10-16 01:10:22,661 [EventQueue-ContainerReportForContainerReportHandler] WARN  container.ContainerReportHandler (AbstractContainerReportHandler.java:updateContainerState(145)) - Container #1 is in OPEN state, but the datanode 9e106ceb-2e48-4592-baea-5a074ecdeb7f{ip: 192.168.164.234, host: pr-hdds-1985-wgmpk-2951460010, networkLocation: /default-rack, certSerialId: null} reports an CLOSED replica.
2019-10-16 01:10:22,699 [BlockDeletingService#2] WARN  background.BlockDeletingService (BlockDeletingService.java:isDeletionAllowed(187)) - Close Container log Index 6 is not replicated across allthe servers in the pipeline 795bca3c-2629-405f-a5d8-f110391d6ad9 as the min replicated index is 4. Deletion is not allowed in this container yet.
2019-10-16 01:10:22,699 [BlockDeletingService#2] WARN  background.BlockDeletingService (BlockDeletingService.java:isDeletionAllowed(187)) - Close Container log Index 6 is not replicated across allthe servers in the pipeline 795bca3c-2629-405f-a5d8-f110391d6ad9 as the min replicated index is 4. Deletion is not allowed in this container yet.
2019-10-16 01:10:22,901 [EventQueue-ContainerReportForContainerReportHandler] WARN  container.ContainerReportHandler (AbstractContainerReportHandler.java:updateContainerState(145)) - Container #1 is in OPEN state, but the datanode bdf1820c-8b54-4379-867f-1e5a509c7465{ip: 192.168.164.234, host: pr-hdds-1985-wgmpk-2951460010, networkLocation: /default-rack, certSerialId: null} reports an CLOSED replica.
2019-10-16 01:10:23,061 [EventQueue-ContainerReportForContainerReportHandler] WARN  container.ContainerReportHandler (AbstractContainerReportHandler.java:updateContainerState(145)) - Container #1 is in OPEN state, but the datanode 9e106ceb-2e48-4592-baea-5a074ecdeb7f{ip: 192.168.164.234, host: pr-hdds-1985-wgmpk-2951460010, networkLocation: /default-rack, certSerialId: null} reports an CLOSED replica.
2019-10-16 01:10:23,302 [EventQueue-ContainerReportForContainerReportHandler] WARN  container.ContainerReportHandler (AbstractContainerReportHandler.java:updateContainerState(145)) - Container #1 is in OPEN state, but the datanode bdf1820c-8b54-4379-867f-1e5a509c7465{ip: 192.168.164.234, host: pr-hdds-1985-wgmpk-2951460010, networkLocation: /default-rack, certSerialId: null} reports an CLOSED replica.
2019-10-16 01:10:23,462 [EventQueue-ContainerReportForContainerReportHandler] WARN  container.ContainerReportHandler (AbstractContainerReportHandler.java:updateContainerState(145)) - Container #1 is in OPEN state, but the datanode 9e106ceb-2e48-4592-baea-5a074ecdeb7f{ip: 192.168.164.234, host: pr-hdds-1985-wgmpk-2951460010, networkLocation: /default-rack, certSerialId: null} reports an CLOSED replica.
2019-10-16 01:10:23,602 [EventQueue-ContainerReportForContainerReportHandler] WARN  container.ContainerReportHandler (AbstractContainerReportHandler.java:updateContainerState(145)) - Container #1 is in OPEN state, but the datanode bdf1820c-8b54-4379-867f-1e5a509c7465{ip: 192.168.164.234, host: pr-hdds-1985-wgmpk-2951460010, networkLocation: /default-rack, certSerialId: null} reports an CLOSED replica.
2019-10-16 01:10:23,701 [BlockDeletingService#2] WARN  background.BlockDeletingService (BlockDeletingService.java:isDeletionAllowed(187)) - Close Container log Index 6 is not replicated across allthe servers in the pipeline 795bca3c-2629-405f-a5d8-f110391d6ad9 as the min replicated index is 4. Deletion is not allowed in this container yet.
2019-10-16 01:10:23,701 [BlockDeletingService#2] WARN  background.BlockDeletingService (BlockDeletingService.java:isDeletionAllowed(187)) - Close Container log Index 6 is not replicated across allthe servers in the pipeline 795bca3c-2629-405f-a5d8-f110391d6ad9 as the min replicated index is 4. Deletion is not allowed in this container yet.
2019-10-16 01:10:23,763 [EventQueue-ContainerReportForContainerReportHandler] WARN  container.ContainerReportHandler (AbstractContainerReportHandler.java:updateContainerState(145)) - Container #1 is in OPEN state, but the datanode 9e106ceb-2e48-4592-baea-5a074ecdeb7f{ip: 192.168.164.234, host: pr-hdds-1985-wgmpk-2951460010, networkLocation: /default-rack, certSerialId: null} reports an CLOSED replica.
2019-10-16 01:10:24,004 [EventQueue-ContainerReportForContainerReportHandler] WARN  container.ContainerReportHandler (AbstractContainerReportHandler.java:updateContainerState(145)) - Container #1 is in OPEN state, but the datanode bdf1820c-8b54-4379-867f-1e5a509c7465{ip: 192.168.164.234, host: pr-hdds-1985-wgmpk-2951460010, networkLocation: /default-rack, certSerialId: null} reports an CLOSED replica.
2019-10-16 01:10:24,064 [EventQueue-ContainerReportForContainerReportHandler] WARN  container.ContainerReportHandler (AbstractContainerReportHandler.java:updateContainerState(145)) - Container #1 is in OPEN state, but the datanode 9e106ceb-2e48-4592-baea-5a074ecdeb7f{ip: 192.168.164.234, host: pr-hdds-1985-wgmpk-2951460010, networkLocation: /default-rack, certSerialId: null} reports an CLOSED replica.
2019-10-16 01:10:24,205 [EventQueue-ContainerReportForContainerReportHandler] WARN  container.ContainerReportHandler (AbstractContainerReportHandler.java:updateContainerState(145)) - Container #1 is in OPEN state, but the datanode bdf1820c-8b54-4379-867f-1e5a509c7465{ip: 192.168.164.234, host: pr-hdds-1985-wgmpk-2951460010, networkLocation: /default-rack, certSerialId: null} reports an CLOSED replica.
2019-10-16 01:10:24,364 [EventQueue-ContainerReportForContainerReportHandler] WARN  container.ContainerReportHandler (AbstractContainerReportHandler.java:updateContainerState(145)) - Container #1 is in OPEN state, but the datanode 9e106ceb-2e48-4592-baea-5a074ecdeb7f{ip: 192.168.164.234, host: pr-hdds-1985-wgmpk-2951460010, networkLocation: /default-rack, certSerialId: null} reports an CLOSED replica.
2019-10-16 01:10:24,505 [EventQueue-ContainerReportForContainerReportHandler] WARN  container.ContainerReportHandler (AbstractContainerReportHandler.java:updateContainerState(145)) - Container #1 is in OPEN state, but the datanode bdf1820c-8b54-4379-867f-1e5a509c7465{ip: 192.168.164.234, host: pr-hdds-1985-wgmpk-2951460010, networkLocation: /default-rack, certSerialId: null} reports an CLOSED replica.
2019-10-16 01:10:24,664 [EventQueue-ContainerReportForContainerReportHandler] WARN  container.ContainerReportHandler (AbstractContainerReportHandler.java:updateContainerState(145)) - Container #1 is in OPEN state, but the datanode 9e106ceb-2e48-4592-baea-5a074ecdeb7f{ip: 192.168.164.234, host: pr-hdds-1985-wgmpk-2951460010, networkLocation: /default-rack, certSerialId: null} reports an CLOSED replica.
2019-10-16 01:10:24,698 [java.util.concurrent.ThreadPoolExecutor$Worker@5536edd2[State = -1, empty queue]] WARN  server.GrpcLogAppender (GrpcLogAppender.java:timeoutAppendRequest(209)) - 9e106ceb-2e48-4592-baea-5a074ecdeb7f@group-F110391D6AD9->3d4afc67-c7e5-451f-ad84-7ee4adc2e156-GrpcLogAppender: appendEntries Timeout, request=9e106ceb-2e48-4592-baea-5a074ecdeb7f->3d4afc67-c7e5-451f-ad84-7ee4adc2e156#29-t2, previous=(t:2, i:10), leaderCommit=10, initializing? false, entries: <empty>
2019-10-16 01:10:24,704 [BlockDeletingService#2] WARN  background.BlockDeletingService (BlockDeletingService.java:isDeletionAllowed(187)) - Close Container log Index 6 is not replicated across allthe servers in the pipeline 795bca3c-2629-405f-a5d8-f110391d6ad9 as the min replicated index is 4. Deletion is not allowed in this container yet.
2019-10-16 01:10:24,704 [BlockDeletingService#2] WARN  background.BlockDeletingService (BlockDeletingService.java:isDeletionAllowed(187)) - Close Container log Index 6 is not replicated across allthe servers in the pipeline 795bca3c-2629-405f-a5d8-f110391d6ad9 as the min replicated index is 4. Deletion is not allowed in this container yet.
2019-10-16 01:10:24,704 [EventQueue-ContainerReportForContainerReportHandler] WARN  container.ContainerReportHandler (AbstractContainerReportHandler.java:updateContainerState(145)) - Container #1 is in OPEN state, but the datanode bdf1820c-8b54-4379-867f-1e5a509c7465{ip: 192.168.164.234, host: pr-hdds-1985-wgmpk-2951460010, networkLocation: /default-rack, certSerialId: null} reports an CLOSED replica.
2019-10-16 01:10:24,865 [EventQueue-ContainerReportForContainerReportHandler] WARN  container.ContainerReportHandler (AbstractContainerReportHandler.java:updateContainerState(145)) - Container #1 is in OPEN state, but the datanode 9e106ceb-2e48-4592-baea-5a074ecdeb7f{ip: 192.168.164.234, host: pr-hdds-1985-wgmpk-2951460010, networkLocation: /default-rack, certSerialId: null} reports an CLOSED replica.
2019-10-16 01:10:25,106 [EventQueue-ContainerReportForContainerReportHandler] WARN  container.ContainerReportHandler (AbstractContainerReportHandler.java:updateContainerState(145)) - Container #1 is in OPEN state, but the datanode bdf1820c-8b54-4379-867f-1e5a509c7465{ip: 192.168.164.234, host: pr-hdds-1985-wgmpk-2951460010, networkLocation: /default-rack, certSerialId: null} reports an CLOSED replica.
2019-10-16 01:10:25,165 [EventQueue-ContainerReportForContainerReportHandler] WARN  container.ContainerReportHandler (AbstractContainerReportHandler.java:updateContainerState(145)) - Container #1 is in OPEN state, but the datanode 9e106ceb-2e48-4592-baea-5a074ecdeb7f{ip: 192.168.164.234, host: pr-hdds-1985-wgmpk-2951460010, networkLocation: /default-rack, certSerialId: null} reports an CLOSED replica.
2019-10-16 01:10:25,505 [EventQueue-ContainerReportForContainerReportHandler] WARN  container.ContainerReportHandler (AbstractContainerReportHandler.java:updateContainerState(145)) - Container #1 is in OPEN state, but the datanode bdf1820c-8b54-4379-867f-1e5a509c7465{ip: 192.168.164.234, host: pr-hdds-1985-wgmpk-2951460010, networkLocation: /default-rack, certSerialId: null} reports an CLOSED replica.
2019-10-16 01:10:25,564 [EventQueue-ContainerReportForContainerReportHandler] WARN  container.ContainerReportHandler (AbstractContainerReportHandler.java:updateContainerState(145)) - Container #1 is in OPEN state, but the datanode 9e106ceb-2e48-4592-baea-5a074ecdeb7f{ip: 192.168.164.234, host: pr-hdds-1985-wgmpk-2951460010, networkLocation: /default-rack, certSerialId: null} reports an CLOSED replica.
2019-10-16 01:10:25,706 [BlockDeletingService#2] WARN  background.BlockDeletingService (BlockDeletingService.java:isDeletionAllowed(187)) - Close Container log Index 6 is not replicated across allthe servers in the pipeline 795bca3c-2629-405f-a5d8-f110391d6ad9 as the min replicated index is 4. Deletion is not allowed in this container yet.
2019-10-16 01:10:25,706 [BlockDeletingService#2] WARN  background.BlockDeletingService (BlockDeletingService.java:isDeletionAllowed(187)) - Close Container log Index 6 is not replicated across allthe servers in the pipeline 795bca3c-2629-405f-a5d8-f110391d6ad9 as the min replicated index is 4. Deletion is not allowed in this container yet.
2019-10-16 01:10:25,765 [EventQueue-ContainerReportForContainerReportHandler] WARN  container.ContainerReportHandler (AbstractContainerReportHandler.java:updateContainerState(145)) - Container #1 is in OPEN state, but the datanode 9e106ceb-2e48-4592-baea-5a074ecdeb7f{ip: 192.168.164.234, host: pr-hdds-1985-wgmpk-2951460010, networkLocation: /default-rack, certSerialId: null} reports an CLOSED replica.
2019-10-16 01:10:25,906 [EventQueue-ContainerReportForContainerReportHandler] WARN  container.ContainerReportHandler (AbstractContainerReportHandler.java:updateContainerState(145)) - Container #1 is in OPEN state, but the datanode bdf1820c-8b54-4379-867f-1e5a509c7465{ip: 192.168.164.234, host: pr-hdds-1985-wgmpk-2951460010, networkLocation: /default-rack, certSerialId: null} reports an CLOSED replica.
2019-10-16 01:10:26,166 [EventQueue-ContainerReportForContainerReportHandler] WARN  container.ContainerReportHandler (AbstractContainerReportHandler.java:updateContainerState(145)) - Container #1 is in OPEN state, but the datanode 9e106ceb-2e48-4592-baea-5a074ecdeb7f{ip: 192.168.164.234, host: pr-hdds-1985-wgmpk-2951460010, networkLocation: /default-rack, certSerialId: null} reports an CLOSED replica.
2019-10-16 01:10:26,206 [EventQueue-ContainerReportForContainerReportHandler] WARN  container.ContainerReportHandler (AbstractContainerReportHandler.java:updateContainerState(145)) - Container #1 is in OPEN state, but the datanode bdf1820c-8b54-4379-867f-1e5a509c7465{ip: 192.168.164.234, host: pr-hdds-1985-wgmpk-2951460010, networkLocation: /default-rack, certSerialId: null} reports an CLOSED replica.
2019-10-16 01:10:26,567 [EventQueue-ContainerReportForContainerReportHandler] WARN  container.ContainerReportHandler (AbstractContainerReportHandler.java:updateContainerState(145)) - Container #1 is in OPEN state, but the datanode 9e106ceb-2e48-4592-baea-5a074ecdeb7f{ip: 192.168.164.234, host: pr-hdds-1985-wgmpk-2951460010, networkLocation: /default-rack, certSerialId: null} reports an CLOSED replica.
2019-10-16 01:10:26,607 [EventQueue-ContainerReportForContainerReportHandler] WARN  container.ContainerReportHandler (AbstractContainerReportHandler.java:updateContainerState(145)) - Container #1 is in OPEN state, but the datanode bdf1820c-8b54-4379-867f-1e5a509c7465{ip: 192.168.164.234, host: pr-hdds-1985-wgmpk-2951460010, networkLocation: /default-rack, certSerialId: null} reports an CLOSED replica.
2019-10-16 01:10:26,708 [BlockDeletingService#2] WARN  background.BlockDeletingService (BlockDeletingService.java:isDeletionAllowed(187)) - Close Container log Index 6 is not replicated across allthe servers in the pipeline 795bca3c-2629-405f-a5d8-f110391d6ad9 as the min replicated index is 4. Deletion is not allowed in this container yet.
2019-10-16 01:10:26,708 [BlockDeletingService#2] WARN  background.BlockDeletingService (BlockDeletingService.java:isDeletionAllowed(187)) - Close Container log Index 6 is not replicated across allthe servers in the pipeline 795bca3c-2629-405f-a5d8-f110391d6ad9 as the min replicated index is 4. Deletion is not allowed in this container yet.
2019-10-16 01:10:26,740 [Thread-372] INFO  client.GrpcClientProtocolService (GrpcClientProtocolService.java:lambda$processClientRequest$0(278)) - Failed RaftClientRequest:client-901DCD72E87A->bdf1820c-8b54-4379-867f-1e5a509c7465@group-F110391D6AD9, cid=10, seq=0, Watch-ALL_COMMITTED(6), Message:<EMPTY>, reply=RaftClientReply:client-901DCD72E87A->bdf1820c-8b54-4379-867f-1e5a509c7465@group-F110391D6AD9, cid=10, FAILED org.apache.ratis.protocol.NotLeaderException: Server bdf1820c-8b54-4379-867f-1e5a509c7465@group-F110391D6AD9 is not the leader 9e106ceb-2e48-4592-baea-5a074ecdeb7f:192.168.164.234:46856, logIndex=0, commits[bdf1820c-8b54-4379-867f-1e5a509c7465:c10, 9e106ceb-2e48-4592-baea-5a074ecdeb7f:c10, 3d4afc67-c7e5-451f-ad84-7ee4adc2e156:c4]
2019-10-16 01:10:26,767 [EventQueue-ContainerReportForContainerReportHandler] WARN  container.ContainerReportHandler (AbstractContainerReportHandler.java:updateContainerState(145)) - Container #1 is in OPEN state, but the datanode 9e106ceb-2e48-4592-baea-5a074ecdeb7f{ip: 192.168.164.234, host: pr-hdds-1985-wgmpk-2951460010, networkLocation: /default-rack, certSerialId: null} reports an CLOSED replica.
2019-10-16 01:10:27,007 [EventQueue-ContainerReportForContainerReportHandler] WARN  container.ContainerReportHandler (AbstractContainerReportHandler.java:updateContainerState(145)) - Container #1 is in OPEN state, but the datanode bdf1820c-8b54-4379-867f-1e5a509c7465{ip: 192.168.164.234, host: pr-hdds-1985-wgmpk-2951460010, networkLocation: /default-rack, certSerialId: null} reports an CLOSED replica.
2019-10-16 01:10:27,067 [EventQueue-ContainerReportForContainerReportHandler] WARN  container.ContainerReportHandler (AbstractContainerReportHandler.java:updateContainerState(145)) - Container #1 is in OPEN state, but the datanode 9e106ceb-2e48-4592-baea-5a074ecdeb7f{ip: 192.168.164.234, host: pr-hdds-1985-wgmpk-2951460010, networkLocation: /default-rack, certSerialId: null} reports an CLOSED replica.
2019-10-16 01:10:27,200 [java.util.concurrent.ThreadPoolExecutor$Worker@5536edd2[State = -1, empty queue]] WARN  server.GrpcLogAppender (GrpcLogAppender.java:timeoutAppendRequest(209)) - 9e106ceb-2e48-4592-baea-5a074ecdeb7f@group-F110391D6AD9->3d4afc67-c7e5-451f-ad84-7ee4adc2e156-GrpcLogAppender: appendEntries Timeout, request=9e106ceb-2e48-4592-baea-5a074ecdeb7f->3d4afc67-c7e5-451f-ad84-7ee4adc2e156#30-t2, previous=(t:2, i:10), leaderCommit=10, initializing? false, entries: <empty>
2019-10-16 01:10:27,367 [EventQueue-ContainerReportForContainerReportHandler] WARN  container.ContainerReportHandler (AbstractContainerReportHandler.java:updateContainerState(145)) - Container #1 is in OPEN state, but the datanode 9e106ceb-2e48-4592-baea-5a074ecdeb7f{ip: 192.168.164.234, host: pr-hdds-1985-wgmpk-2951460010, networkLocation: /default-rack, certSerialId: null} reports an CLOSED replica.
2019-10-16 01:10:27,407 [EventQueue-ContainerReportForContainerReportHandler] WARN  container.ContainerReportHandler (AbstractContainerReportHandler.java:updateContainerState(145)) - Container #1 is in OPEN state, but the datanode bdf1820c-8b54-4379-867f-1e5a509c7465{ip: 192.168.164.234, host: pr-hdds-1985-wgmpk-2951460010, networkLocation: /default-rack, certSerialId: null} reports an CLOSED replica.
2019-10-16 01:10:27,707 [EventQueue-ContainerReportForContainerReportHandler] WARN  container.ContainerReportHandler (AbstractContainerReportHandler.java:updateContainerState(145)) - Container #1 is in OPEN state, but the datanode bdf1820c-8b54-4379-867f-1e5a509c7465{ip: 192.168.164.234, host: pr-hdds-1985-wgmpk-2951460010, networkLocation: /default-rack, certSerialId: null} reports an CLOSED replica.
2019-10-16 01:10:27,710 [BlockDeletingService#2] WARN  background.BlockDeletingService (BlockDeletingService.java:isDeletionAllowed(187)) - Close Container log Index 6 is not replicated across allthe servers in the pipeline 795bca3c-2629-405f-a5d8-f110391d6ad9 as the min replicated index is 4. Deletion is not allowed in this container yet.
2019-10-16 01:10:27,710 [BlockDeletingService#2] WARN  background.BlockDeletingService (BlockDeletingService.java:isDeletionAllowed(187)) - Close Container log Index 6 is not replicated across allthe servers in the pipeline 795bca3c-2629-405f-a5d8-f110391d6ad9 as the min replicated index is 4. Deletion is not allowed in this container yet.
2019-10-16 01:10:27,767 [EventQueue-ContainerReportForContainerReportHandler] WARN  container.ContainerReportHandler (AbstractContainerReportHandler.java:updateContainerState(145)) - Container #1 is in OPEN state, but the datanode 9e106ceb-2e48-4592-baea-5a074ecdeb7f{ip: 192.168.164.234, host: pr-hdds-1985-wgmpk-2951460010, networkLocation: /default-rack, certSerialId: null} reports an CLOSED replica.
2019-10-16 01:10:28,007 [EventQueue-ContainerReportForContainerReportHandler] WARN  container.ContainerReportHandler (AbstractContainerReportHandler.java:updateContainerState(145)) - Container #1 is in OPEN state, but the datanode bdf1820c-8b54-4379-867f-1e5a509c7465{ip: 192.168.164.234, host: pr-hdds-1985-wgmpk-2951460010, networkLocation: /default-rack, certSerialId: null} reports an CLOSED replica.
2019-10-16 01:10:28,068 [EventQueue-ContainerReportForContainerReportHandler] WARN  container.ContainerReportHandler (AbstractContainerReportHandler.java:updateContainerState(145)) - Container #1 is in OPEN state, but the datanode 9e106ceb-2e48-4592-baea-5a074ecdeb7f{ip: 192.168.164.234, host: pr-hdds-1985-wgmpk-2951460010, networkLocation: /default-rack, certSerialId: null} reports an CLOSED replica.
2019-10-16 01:10:28,267 [EventQueue-ContainerReportForContainerReportHandler] WARN  container.ContainerReportHandler (AbstractContainerReportHandler.java:updateContainerState(145)) - Container #1 is in OPEN state, but the datanode 9e106ceb-2e48-4592-baea-5a074ecdeb7f{ip: 192.168.164.234, host: pr-hdds-1985-wgmpk-2951460010, networkLocation: /default-rack, certSerialId: null} reports an CLOSED replica.
2019-10-16 01:10:28,307 [EventQueue-ContainerReportForContainerReportHandler] WARN  container.ContainerReportHandler (AbstractContainerReportHandler.java:updateContainerState(145)) - Container #1 is in OPEN state, but the datanode bdf1820c-8b54-4379-867f-1e5a509c7465{ip: 192.168.164.234, host: pr-hdds-1985-wgmpk-2951460010, networkLocation: /default-rack, certSerialId: null} reports an CLOSED replica.
2019-10-16 01:10:28,567 [EventQueue-ContainerReportForContainerReportHandler] WARN  container.ContainerReportHandler (AbstractContainerReportHandler.java:updateContainerState(145)) - Container #1 is in OPEN state, but the datanode 9e106ceb-2e48-4592-baea-5a074ecdeb7f{ip: 192.168.164.234, host: pr-hdds-1985-wgmpk-2951460010, networkLocation: /default-rack, certSerialId: null} reports an CLOSED replica.
2019-10-16 01:10:28,683 [Thread-379] INFO  client.GrpcClientProtocolService (GrpcClientProtocolService.java:lambda$processClientRequest$0(278)) - Failed RaftClientRequest:client-901DCD72E87A->9e106ceb-2e48-4592-baea-5a074ecdeb7f@group-F110391D6AD9, cid=10, seq=0, Watch-ALL_COMMITTED(6), Message:<EMPTY>, reply=RaftClientReply:client-901DCD72E87A->9e106ceb-2e48-4592-baea-5a074ecdeb7f@group-F110391D6AD9, cid=10, FAILED org.apache.ratis.protocol.NotReplicatedException: Request with call Id 10 and log index 6 is not yet replicated to ALL_COMMITTED, logIndex=6, commits[9e106ceb-2e48-4592-baea-5a074ecdeb7f:c10, 3d4afc67-c7e5-451f-ad84-7ee4adc2e156:c4, bdf1820c-8b54-4379-867f-1e5a509c7465:c10]
2019-10-16 01:10:28,707 [EventQueue-ContainerReportForContainerReportHandler] WARN  container.ContainerReportHandler (AbstractContainerReportHandler.java:updateContainerState(145)) - Container #1 is in OPEN state, but the datanode bdf1820c-8b54-4379-867f-1e5a509c7465{ip: 192.168.164.234, host: pr-hdds-1985-wgmpk-2951460010, networkLocation: /default-rack, certSerialId: null} reports an CLOSED replica.
2019-10-16 01:10:28,711 [BlockDeletingService#2] WARN  background.BlockDeletingService (BlockDeletingService.java:isDeletionAllowed(187)) - Close Container log Index 6 is not replicated across allthe servers in the pipeline 795bca3c-2629-405f-a5d8-f110391d6ad9 as the min replicated index is 4. Deletion is not allowed in this container yet.
2019-10-16 01:10:28,713 [BlockDeletingService#2] WARN  background.BlockDeletingService (BlockDeletingService.java:isDeletionAllowed(187)) - Close Container log Index 6 is not replicated across allthe servers in the pipeline 795bca3c-2629-405f-a5d8-f110391d6ad9 as the min replicated index is 4. Deletion is not allowed in this container yet.
2019-10-16 01:10:28,767 [EventQueue-ContainerReportForContainerReportHandler] WARN  container.ContainerReportHandler (AbstractContainerReportHandler.java:updateContainerState(145)) - Container #1 is in OPEN state, but the datanode 9e106ceb-2e48-4592-baea-5a074ecdeb7f{ip: 192.168.164.234, host: pr-hdds-1985-wgmpk-2951460010, networkLocation: /default-rack, certSerialId: null} reports an CLOSED replica.
2019-10-16 01:10:28,968 [EventQueue-ContainerReportForContainerReportHandler] WARN  container.ContainerReportHandler (AbstractContainerReportHandler.java:updateContainerState(145)) - Container #1 is in OPEN state, but the datanode 9e106ceb-2e48-4592-baea-5a074ecdeb7f{ip: 192.168.164.234, host: pr-hdds-1985-wgmpk-2951460010, networkLocation: /default-rack, certSerialId: null} reports an CLOSED replica.
2019-10-16 01:10:29,008 [EventQueue-ContainerReportForContainerReportHandler] WARN  container.ContainerReportHandler (AbstractContainerReportHandler.java:updateContainerState(145)) - Container #1 is in OPEN state, but the datanode bdf1820c-8b54-4379-867f-1e5a509c7465{ip: 192.168.164.234, host: pr-hdds-1985-wgmpk-2951460010, networkLocation: /default-rack, certSerialId: null} reports an CLOSED replica.
2019-10-16 01:10:29,308 [EventQueue-ContainerReportForContainerReportHandler] WARN  container.ContainerReportHandler (AbstractContainerReportHandler.java:updateContainerState(145)) - Container #1 is in OPEN state, but the datanode bdf1820c-8b54-4379-867f-1e5a509c7465{ip: 192.168.164.234, host: pr-hdds-1985-wgmpk-2951460010, networkLocation: /default-rack, certSerialId: null} reports an CLOSED replica.
2019-10-16 01:10:29,368 [EventQueue-ContainerReportForContainerReportHandler] WARN  container.ContainerReportHandler (AbstractContainerReportHandler.java:updateContainerState(145)) - Container #1 is in OPEN state, but the datanode 9e106ceb-2e48-4592-baea-5a074ecdeb7f{ip: 192.168.164.234, host: pr-hdds-1985-wgmpk-2951460010, networkLocation: /default-rack, certSerialId: null} reports an CLOSED replica.
2019-10-16 01:10:29,609 [EventQueue-ContainerReportForContainerReportHandler] WARN  container.ContainerReportHandler (AbstractContainerReportHandler.java:updateContainerState(145)) - Container #1 is in OPEN state, but the datanode bdf1820c-8b54-4379-867f-1e5a509c7465{ip: 192.168.164.234, host: pr-hdds-1985-wgmpk-2951460010, networkLocation: /default-rack, certSerialId: null} reports an CLOSED replica.
2019-10-16 01:10:29,667 [EventQueue-ContainerReportForContainerReportHandler] WARN  container.ContainerReportHandler (AbstractContainerReportHandler.java:updateContainerState(145)) - Container #1 is in OPEN state, but the datanode 9e106ceb-2e48-4592-baea-5a074ecdeb7f{ip: 192.168.164.234, host: pr-hdds-1985-wgmpk-2951460010, networkLocation: /default-rack, certSerialId: null} reports an CLOSED replica.
2019-10-16 01:10:29,701 [java.util.concurrent.ThreadPoolExecutor$Worker@5536edd2[State = -1, empty queue]] WARN  server.GrpcLogAppender (GrpcLogAppender.java:timeoutAppendRequest(209)) - 9e106ceb-2e48-4592-baea-5a074ecdeb7f@group-F110391D6AD9->3d4afc67-c7e5-451f-ad84-7ee4adc2e156-GrpcLogAppender: appendEntries Timeout, request=9e106ceb-2e48-4592-baea-5a074ecdeb7f->3d4afc67-c7e5-451f-ad84-7ee4adc2e156#31-t2, previous=(t:2, i:10), leaderCommit=10, initializing? false, entries: <empty>
2019-10-16 01:10:29,717 [BlockDeletingService#2] WARN  background.BlockDeletingService (BlockDeletingService.java:isDeletionAllowed(187)) - Close Container log Index 6 is not replicated across allthe servers in the pipeline 795bca3c-2629-405f-a5d8-f110391d6ad9 as the min replicated index is 4. Deletion is not allowed in this container yet.
2019-10-16 01:10:29,717 [BlockDeletingService#2] WARN  background.BlockDeletingService (BlockDeletingService.java:isDeletionAllowed(187)) - Close Container log Index 6 is not replicated across allthe servers in the pipeline 795bca3c-2629-405f-a5d8-f110391d6ad9 as the min replicated index is 4. Deletion is not allowed in this container yet.
2019-10-16 01:10:29,868 [EventQueue-ContainerReportForContainerReportHandler] WARN  container.ContainerReportHandler (AbstractContainerReportHandler.java:updateContainerState(145)) - Container #1 is in OPEN state, but the datanode 9e106ceb-2e48-4592-baea-5a074ecdeb7f{ip: 192.168.164.234, host: pr-hdds-1985-wgmpk-2951460010, networkLocation: /default-rack, certSerialId: null} reports an CLOSED replica.
2019-10-16 01:10:29,908 [EventQueue-ContainerReportForContainerReportHandler] WARN  container.ContainerReportHandler (AbstractContainerReportHandler.java:updateContainerState(145)) - Container #1 is in OPEN state, but the datanode bdf1820c-8b54-4379-867f-1e5a509c7465{ip: 192.168.164.234, host: pr-hdds-1985-wgmpk-2951460010, networkLocation: /default-rack, certSerialId: null} reports an CLOSED replica.
2019-10-16 01:10:30,169 [EventQueue-ContainerReportForContainerReportHandler] WARN  container.ContainerReportHandler (AbstractContainerReportHandler.java:updateContainerState(145)) - Container #1 is in OPEN state, but the datanode 9e106ceb-2e48-4592-baea-5a074ecdeb7f{ip: 192.168.164.234, host: pr-hdds-1985-wgmpk-2951460010, networkLocation: /default-rack, certSerialId: null} reports an CLOSED replica.
2019-10-16 01:10:30,209 [EventQueue-ContainerReportForContainerReportHandler] WARN  container.ContainerReportHandler (AbstractContainerReportHandler.java:updateContainerState(145)) - Container #1 is in OPEN state, but the datanode bdf1820c-8b54-4379-867f-1e5a509c7465{ip: 192.168.164.234, host: pr-hdds-1985-wgmpk-2951460010, networkLocation: /default-rack, certSerialId: null} reports an CLOSED replica.
2019-10-16 01:10:30,470 [EventQueue-ContainerReportForContainerReportHandler] WARN  container.ContainerReportHandler (AbstractContainerReportHandler.java:updateContainerState(145)) - Container #1 is in OPEN state, but the datanode 9e106ceb-2e48-4592-baea-5a074ecdeb7f{ip: 192.168.164.234, host: pr-hdds-1985-wgmpk-2951460010, networkLocation: /default-rack, certSerialId: null} reports an CLOSED replica.
2019-10-16 01:10:30,508 [EventQueue-ContainerReportForContainerReportHandler] WARN  container.ContainerReportHandler (AbstractContainerReportHandler.java:updateContainerState(145)) - Container #1 is in OPEN state, but the datanode bdf1820c-8b54-4379-867f-1e5a509c7465{ip: 192.168.164.234, host: pr-hdds-1985-wgmpk-2951460010, networkLocation: /default-rack, certSerialId: null} reports an CLOSED replica.
2019-10-16 01:10:30,718 [BlockDeletingService#2] WARN  background.BlockDeletingService (BlockDeletingService.java:isDeletionAllowed(187)) - Close Container log Index 6 is not replicated across allthe servers in the pipeline 795bca3c-2629-405f-a5d8-f110391d6ad9 as the min replicated index is 4. Deletion is not allowed in this container yet.
2019-10-16 01:10:30,718 [BlockDeletingService#2] WARN  background.BlockDeletingService (BlockDeletingService.java:isDeletionAllowed(187)) - Close Container log Index 6 is not replicated across allthe servers in the pipeline 795bca3c-2629-405f-a5d8-f110391d6ad9 as the min replicated index is 4. Deletion is not allowed in this container yet.
2019-10-16 01:10:30,871 [EventQueue-ContainerReportForContainerReportHandler] WARN  container.ContainerReportHandler (AbstractContainerReportHandler.java:updateContainerState(145)) - Container #1 is in OPEN state, but the datanode 9e106ceb-2e48-4592-baea-5a074ecdeb7f{ip: 192.168.164.234, host: pr-hdds-1985-wgmpk-2951460010, networkLocation: /default-rack, certSerialId: null} reports an CLOSED replica.
2019-10-16 01:10:30,909 [EventQueue-ContainerReportForContainerReportHandler] WARN  container.ContainerReportHandler (AbstractContainerReportHandler.java:updateContainerState(145)) - Container #1 is in OPEN state, but the datanode bdf1820c-8b54-4379-867f-1e5a509c7465{ip: 192.168.164.234, host: pr-hdds-1985-wgmpk-2951460010, networkLocation: /default-rack, certSerialId: null} reports an CLOSED replica.
2019-10-16 01:10:31,172 [EventQueue-ContainerReportForContainerReportHandler] WARN  container.ContainerReportHandler (AbstractContainerReportHandler.java:updateContainerState(145)) - Container #1 is in OPEN state, but the datanode 9e106ceb-2e48-4592-baea-5a074ecdeb7f{ip: 192.168.164.234, host: pr-hdds-1985-wgmpk-2951460010, networkLocation: /default-rack, certSerialId: null} reports an CLOSED replica.
2019-10-16 01:10:31,209 [EventQueue-ContainerReportForContainerReportHandler] WARN  container.ContainerReportHandler (AbstractContainerReportHandler.java:updateContainerState(145)) - Container #1 is in OPEN state, but the datanode bdf1820c-8b54-4379-867f-1e5a509c7465{ip: 192.168.164.234, host: pr-hdds-1985-wgmpk-2951460010, networkLocation: /default-rack, certSerialId: null} reports an CLOSED replica.
2019-10-16 01:10:31,510 [EventQueue-ContainerReportForContainerReportHandler] WARN  container.ContainerReportHandler (AbstractContainerReportHandler.java:updateContainerState(145)) - Container #1 is in OPEN state, but the datanode bdf1820c-8b54-4379-867f-1e5a509c7465{ip: 192.168.164.234, host: pr-hdds-1985-wgmpk-2951460010, networkLocation: /default-rack, certSerialId: null} reports an CLOSED replica.
2019-10-16 01:10:31,574 [EventQueue-ContainerReportForContainerReportHandler] WARN  container.ContainerReportHandler (AbstractContainerReportHandler.java:updateContainerState(145)) - Container #1 is in OPEN state, but the datanode 9e106ceb-2e48-4592-baea-5a074ecdeb7f{ip: 192.168.164.234, host: pr-hdds-1985-wgmpk-2951460010, networkLocation: /default-rack, certSerialId: null} reports an CLOSED replica.
2019-10-16 01:10:31,721 [BlockDeletingService#2] WARN  background.BlockDeletingService (BlockDeletingService.java:isDeletionAllowed(187)) - Close Container log Index 6 is not replicated across allthe servers in the pipeline 795bca3c-2629-405f-a5d8-f110391d6ad9 as the min replicated index is 4. Deletion is not allowed in this container yet.
2019-10-16 01:10:31,721 [BlockDeletingService#2] WARN  background.BlockDeletingService (BlockDeletingService.java:isDeletionAllowed(187)) - Close Container log Index 6 is not replicated across allthe servers in the pipeline 795bca3c-2629-405f-a5d8-f110391d6ad9 as the min replicated index is 4. Deletion is not allowed in this container yet.
2019-10-16 01:10:31,809 [EventQueue-ContainerReportForContainerReportHandler] WARN  container.ContainerReportHandler (AbstractContainerReportHandler.java:updateContainerState(145)) - Container #1 is in OPEN state, but the datanode bdf1820c-8b54-4379-867f-1e5a509c7465{ip: 192.168.164.234, host: pr-hdds-1985-wgmpk-2951460010, networkLocation: /default-rack, certSerialId: null} reports an CLOSED replica.
2019-10-16 01:10:31,875 [EventQueue-ContainerReportForContainerReportHandler] WARN  container.ContainerReportHandler (AbstractContainerReportHandler.java:updateContainerState(145)) - Container #1 is in OPEN state, but the datanode 9e106ceb-2e48-4592-baea-5a074ecdeb7f{ip: 192.168.164.234, host: pr-hdds-1985-wgmpk-2951460010, networkLocation: /default-rack, certSerialId: null} reports an CLOSED replica.
2019-10-16 01:10:32,175 [EventQueue-ContainerReportForContainerReportHandler] WARN  container.ContainerReportHandler (AbstractContainerReportHandler.java:updateContainerState(145)) - Container #1 is in OPEN state, but the datanode 9e106ceb-2e48-4592-baea-5a074ecdeb7f{ip: 192.168.164.234, host: pr-hdds-1985-wgmpk-2951460010, networkLocation: /default-rack, certSerialId: null} reports an CLOSED replica.
2019-10-16 01:10:32,202 [java.util.concurrent.ThreadPoolExecutor$Worker@5536edd2[State = -1, empty queue]] WARN  server.GrpcLogAppender (GrpcLogAppender.java:timeoutAppendRequest(209)) - 9e106ceb-2e48-4592-baea-5a074ecdeb7f@group-F110391D6AD9->3d4afc67-c7e5-451f-ad84-7ee4adc2e156-GrpcLogAppender: appendEntries Timeout, request=9e106ceb-2e48-4592-baea-5a074ecdeb7f->3d4afc67-c7e5-451f-ad84-7ee4adc2e156#32-t2, previous=(t:2, i:10), leaderCommit=10, initializing? false, entries: <empty>
2019-10-16 01:10:32,210 [EventQueue-ContainerReportForContainerReportHandler] WARN  container.ContainerReportHandler (AbstractContainerReportHandler.java:updateContainerState(145)) - Container #1 is in OPEN state, but the datanode bdf1820c-8b54-4379-867f-1e5a509c7465{ip: 192.168.164.234, host: pr-hdds-1985-wgmpk-2951460010, networkLocation: /default-rack, certSerialId: null} reports an CLOSED replica.
2019-10-16 01:10:32,412 [EventQueue-ContainerReportForContainerReportHandler] WARN  container.ContainerReportHandler (AbstractContainerReportHandler.java:updateContainerState(145)) - Container #1 is in OPEN state, but the datanode bdf1820c-8b54-4379-867f-1e5a509c7465{ip: 192.168.164.234, host: pr-hdds-1985-wgmpk-2951460010, networkLocation: /default-rack, certSerialId: null} reports an CLOSED replica.
2019-10-16 01:10:32,575 [EventQueue-ContainerReportForContainerReportHandler] WARN  container.ContainerReportHandler (AbstractContainerReportHandler.java:updateContainerState(145)) - Container #1 is in OPEN state, but the datanode 9e106ceb-2e48-4592-baea-5a074ecdeb7f{ip: 192.168.164.234, host: pr-hdds-1985-wgmpk-2951460010, networkLocation: /default-rack, certSerialId: null} reports an CLOSED replica.
2019-10-16 01:10:32,612 [EventQueue-ContainerReportForContainerReportHandler] WARN  container.ContainerReportHandler (AbstractContainerReportHandler.java:updateContainerState(145)) - Container #1 is in OPEN state, but the datanode bdf1820c-8b54-4379-867f-1e5a509c7465{ip: 192.168.164.234, host: pr-hdds-1985-wgmpk-2951460010, networkLocation: /default-rack, certSerialId: null} reports an CLOSED replica.
2019-10-16 01:10:32,723 [BlockDeletingService#2] WARN  background.BlockDeletingService (BlockDeletingService.java:isDeletionAllowed(187)) - Close Container log Index 6 is not replicated across allthe servers in the pipeline 795bca3c-2629-405f-a5d8-f110391d6ad9 as the min replicated index is 4. Deletion is not allowed in this container yet.
2019-10-16 01:10:32,723 [BlockDeletingService#2] WARN  background.BlockDeletingService (BlockDeletingService.java:isDeletionAllowed(187)) - Close Container log Index 6 is not replicated across allthe servers in the pipeline 795bca3c-2629-405f-a5d8-f110391d6ad9 as the min replicated index is 4. Deletion is not allowed in this container yet.
2019-10-16 01:10:32,776 [EventQueue-ContainerReportForContainerReportHandler] WARN  container.ContainerReportHandler (AbstractContainerReportHandler.java:updateContainerState(145)) - Container #1 is in OPEN state, but the datanode 9e106ceb-2e48-4592-baea-5a074ecdeb7f{ip: 192.168.164.234, host: pr-hdds-1985-wgmpk-2951460010, networkLocation: /default-rack, certSerialId: null} reports an CLOSED replica.
2019-10-16 01:10:32,912 [EventQueue-ContainerReportForContainerReportHandler] WARN  container.ContainerReportHandler (AbstractContainerReportHandler.java:updateContainerState(145)) - Container #1 is in OPEN state, but the datanode bdf1820c-8b54-4379-867f-1e5a509c7465{ip: 192.168.164.234, host: pr-hdds-1985-wgmpk-2951460010, networkLocation: /default-rack, certSerialId: null} reports an CLOSED replica.
2019-10-16 01:10:33,176 [EventQueue-ContainerReportForContainerReportHandler] WARN  container.ContainerReportHandler (AbstractContainerReportHandler.java:updateContainerState(145)) - Container #1 is in OPEN state, but the datanode 9e106ceb-2e48-4592-baea-5a074ecdeb7f{ip: 192.168.164.234, host: pr-hdds-1985-wgmpk-2951460010, networkLocation: /default-rack, certSerialId: null} reports an CLOSED replica.
2019-10-16 01:10:33,212 [EventQueue-ContainerReportForContainerReportHandler] WARN  container.ContainerReportHandler (AbstractContainerReportHandler.java:updateContainerState(145)) - Container #1 is in OPEN state, but the datanode bdf1820c-8b54-4379-867f-1e5a509c7465{ip: 192.168.164.234, host: pr-hdds-1985-wgmpk-2951460010, networkLocation: /default-rack, certSerialId: null} reports an CLOSED replica.
2019-10-16 01:10:33,476 [EventQueue-ContainerReportForContainerReportHandler] WARN  container.ContainerReportHandler (AbstractContainerReportHandler.java:updateContainerState(145)) - Container #1 is in OPEN state, but the datanode 9e106ceb-2e48-4592-baea-5a074ecdeb7f{ip: 192.168.164.234, host: pr-hdds-1985-wgmpk-2951460010, networkLocation: /default-rack, certSerialId: null} reports an CLOSED replica.
2019-10-16 01:10:33,512 [EventQueue-ContainerReportForContainerReportHandler] WARN  container.ContainerReportHandler (AbstractContainerReportHandler.java:updateContainerState(145)) - Container #1 is in OPEN state, but the datanode bdf1820c-8b54-4379-867f-1e5a509c7465{ip: 192.168.164.234, host: pr-hdds-1985-wgmpk-2951460010, networkLocation: /default-rack, certSerialId: null} reports an CLOSED replica.
2019-10-16 01:10:33,725 [BlockDeletingService#2] WARN  background.BlockDeletingService (BlockDeletingService.java:isDeletionAllowed(187)) - Close Container log Index 6 is not replicated across allthe servers in the pipeline 795bca3c-2629-405f-a5d8-f110391d6ad9 as the min replicated index is 4. Deletion is not allowed in this container yet.
2019-10-16 01:10:33,725 [BlockDeletingService#2] WARN  background.BlockDeletingService (BlockDeletingService.java:isDeletionAllowed(187)) - Close Container log Index 6 is not replicated across allthe servers in the pipeline 795bca3c-2629-405f-a5d8-f110391d6ad9 as the min replicated index is 4. Deletion is not allowed in this container yet.
2019-10-16 01:10:33,776 [EventQueue-ContainerReportForContainerReportHandler] WARN  container.ContainerReportHandler (AbstractContainerReportHandler.java:updateContainerState(145)) - Container #1 is in OPEN state, but the datanode 9e106ceb-2e48-4592-baea-5a074ecdeb7f{ip: 192.168.164.234, host: pr-hdds-1985-wgmpk-2951460010, networkLocation: /default-rack, certSerialId: null} reports an CLOSED replica.
2019-10-16 01:10:33,814 [EventQueue-ContainerReportForContainerReportHandler] WARN  container.ContainerReportHandler (AbstractContainerReportHandler.java:updateContainerState(145)) - Container #1 is in OPEN state, but the datanode bdf1820c-8b54-4379-867f-1e5a509c7465{ip: 192.168.164.234, host: pr-hdds-1985-wgmpk-2951460010, networkLocation: /default-rack, certSerialId: null} reports an CLOSED replica.
2019-10-16 01:10:33,976 [EventQueue-ContainerReportForContainerReportHandler] WARN  container.ContainerReportHandler (AbstractContainerReportHandler.java:updateContainerState(145)) - Container #1 is in OPEN state, but the datanode 9e106ceb-2e48-4592-baea-5a074ecdeb7f{ip: 192.168.164.234, host: pr-hdds-1985-wgmpk-2951460010, networkLocation: /default-rack, certSerialId: null} reports an CLOSED replica.
2019-10-16 01:10:34,216 [EventQueue-ContainerReportForContainerReportHandler] WARN  container.ContainerReportHandler (AbstractContainerReportHandler.java:updateContainerState(145)) - Container #1 is in OPEN state, but the datanode bdf1820c-8b54-4379-867f-1e5a509c7465{ip: 192.168.164.234, host: pr-hdds-1985-wgmpk-2951460010, networkLocation: /default-rack, certSerialId: null} reports an CLOSED replica.
2019-10-16 01:10:34,276 [EventQueue-ContainerReportForContainerReportHandler] WARN  container.ContainerReportHandler (AbstractContainerReportHandler.java:updateContainerState(145)) - Container #1 is in OPEN state, but the datanode 9e106ceb-2e48-4592-baea-5a074ecdeb7f{ip: 192.168.164.234, host: pr-hdds-1985-wgmpk-2951460010, networkLocation: /default-rack, certSerialId: null} reports an CLOSED replica.
2019-10-16 01:10:34,516 [EventQueue-ContainerReportForContainerReportHandler] WARN  container.ContainerReportHandler (AbstractContainerReportHandler.java:updateContainerState(145)) - Container #1 is in OPEN state, but the datanode bdf1820c-8b54-4379-867f-1e5a509c7465{ip: 192.168.164.234, host: pr-hdds-1985-wgmpk-2951460010, networkLocation: /default-rack, certSerialId: null} reports an CLOSED replica.
2019-10-16 01:10:34,676 [EventQueue-ContainerReportForContainerReportHandler] WARN  container.ContainerReportHandler (AbstractContainerReportHandler.java:updateContainerState(145)) - Container #1 is in OPEN state, but the datanode 9e106ceb-2e48-4592-baea-5a074ecdeb7f{ip: 192.168.164.234, host: pr-hdds-1985-wgmpk-2951460010, networkLocation: /default-rack, certSerialId: null} reports an CLOSED replica.
2019-10-16 01:10:34,703 [java.util.concurrent.ThreadPoolExecutor$Worker@5536edd2[State = -1, empty queue]] WARN  server.GrpcLogAppender (GrpcLogAppender.java:timeoutAppendRequest(209)) - 9e106ceb-2e48-4592-baea-5a074ecdeb7f@group-F110391D6AD9->3d4afc67-c7e5-451f-ad84-7ee4adc2e156-GrpcLogAppender: appendEntries Timeout, request=9e106ceb-2e48-4592-baea-5a074ecdeb7f->3d4afc67-c7e5-451f-ad84-7ee4adc2e156#33-t2, previous=(t:2, i:10), leaderCommit=10, initializing? false, entries: <empty>
2019-10-16 01:10:34,726 [BlockDeletingService#2] WARN  background.BlockDeletingService (BlockDeletingService.java:isDeletionAllowed(187)) - Close Container log Index 6 is not replicated across allthe servers in the pipeline 795bca3c-2629-405f-a5d8-f110391d6ad9 as the min replicated index is 4. Deletion is not allowed in this container yet.
2019-10-16 01:10:34,727 [BlockDeletingService#2] WARN  background.BlockDeletingService (BlockDeletingService.java:isDeletionAllowed(187)) - Close Container log Index 6 is not replicated across allthe servers in the pipeline 795bca3c-2629-405f-a5d8-f110391d6ad9 as the min replicated index is 4. Deletion is not allowed in this container yet.
2019-10-16 01:10:34,816 [EventQueue-ContainerReportForContainerReportHandler] WARN  container.ContainerReportHandler (AbstractContainerReportHandler.java:updateContainerState(145)) - Container #1 is in OPEN state, but the datanode bdf1820c-8b54-4379-867f-1e5a509c7465{ip: 192.168.164.234, host: pr-hdds-1985-wgmpk-2951460010, networkLocation: /default-rack, certSerialId: null} reports an CLOSED replica.
2019-10-16 01:10:34,976 [EventQueue-ContainerReportForContainerReportHandler] WARN  container.ContainerReportHandler (AbstractContainerReportHandler.java:updateContainerState(145)) - Container #1 is in OPEN state, but the datanode 9e106ceb-2e48-4592-baea-5a074ecdeb7f{ip: 192.168.164.234, host: pr-hdds-1985-wgmpk-2951460010, networkLocation: /default-rack, certSerialId: null} reports an CLOSED replica.
2019-10-16 01:10:35,216 [EventQueue-ContainerReportForContainerReportHandler] WARN  container.ContainerReportHandler (AbstractContainerReportHandler.java:updateContainerState(145)) - Container #1 is in OPEN state, but the datanode bdf1820c-8b54-4379-867f-1e5a509c7465{ip: 192.168.164.234, host: pr-hdds-1985-wgmpk-2951460010, networkLocation: /default-rack, certSerialId: null} reports an CLOSED replica.
2019-10-16 01:10:35,377 [EventQueue-ContainerReportForContainerReportHandler] WARN  container.ContainerReportHandler (AbstractContainerReportHandler.java:updateContainerState(145)) - Container #1 is in OPEN state, but the datanode 9e106ceb-2e48-4592-baea-5a074ecdeb7f{ip: 192.168.164.234, host: pr-hdds-1985-wgmpk-2951460010, networkLocation: /default-rack, certSerialId: null} reports an CLOSED replica.
2019-10-16 01:10:35,416 [EventQueue-ContainerReportForContainerReportHandler] WARN  container.ContainerReportHandler (AbstractContainerReportHandler.java:updateContainerState(145)) - Container #1 is in OPEN state, but the datanode bdf1820c-8b54-4379-867f-1e5a509c7465{ip: 192.168.164.234, host: pr-hdds-1985-wgmpk-2951460010, networkLocation: /default-rack, certSerialId: null} reports an CLOSED replica.
2019-10-16 01:10:35,677 [EventQueue-ContainerReportForContainerReportHandler] WARN  container.ContainerReportHandler (AbstractContainerReportHandler.java:updateContainerState(145)) - Container #1 is in OPEN state, but the datanode 9e106ceb-2e48-4592-baea-5a074ecdeb7f{ip: 192.168.164.234, host: pr-hdds-1985-wgmpk-2951460010, networkLocation: /default-rack, certSerialId: null} reports an CLOSED replica.
2019-10-16 01:10:35,718 [EventQueue-ContainerReportForContainerReportHandler] WARN  container.ContainerReportHandler (AbstractContainerReportHandler.java:updateContainerState(145)) - Container #1 is in OPEN state, but the datanode bdf1820c-8b54-4379-867f-1e5a509c7465{ip: 192.168.164.234, host: pr-hdds-1985-wgmpk-2951460010, networkLocation: /default-rack, certSerialId: null} reports an CLOSED replica.
2019-10-16 01:10:35,729 [BlockDeletingService#2] WARN  background.BlockDeletingService (BlockDeletingService.java:isDeletionAllowed(187)) - Close Container log Index 6 is not replicated across allthe servers in the pipeline 795bca3c-2629-405f-a5d8-f110391d6ad9 as the min replicated index is 4. Deletion is not allowed in this container yet.
2019-10-16 01:10:35,729 [BlockDeletingService#2] WARN  background.BlockDeletingService (BlockDeletingService.java:isDeletionAllowed(187)) - Close Container log Index 6 is not replicated across allthe servers in the pipeline 795bca3c-2629-405f-a5d8-f110391d6ad9 as the min replicated index is 4. Deletion is not allowed in this container yet.
2019-10-16 01:10:35,770 [Thread-401] INFO  client.GrpcClientProtocolService (GrpcClientProtocolService.java:lambda$processClientRequest$0(278)) - Failed RaftClientRequest:client-901DCD72E87A->bdf1820c-8b54-4379-867f-1e5a509c7465@group-F110391D6AD9, cid=10, seq=0, Watch-ALL_COMMITTED(6), Message:<EMPTY>, reply=RaftClientReply:client-901DCD72E87A->bdf1820c-8b54-4379-867f-1e5a509c7465@group-F110391D6AD9, cid=10, FAILED org.apache.ratis.protocol.NotLeaderException: Server bdf1820c-8b54-4379-867f-1e5a509c7465@group-F110391D6AD9 is not the leader 9e106ceb-2e48-4592-baea-5a074ecdeb7f:192.168.164.234:46856, logIndex=0, commits[bdf1820c-8b54-4379-867f-1e5a509c7465:c10, 9e106ceb-2e48-4592-baea-5a074ecdeb7f:c10, 3d4afc67-c7e5-451f-ad84-7ee4adc2e156:c4]
2019-10-16 01:10:35,977 [EventQueue-ContainerReportForContainerReportHandler] WARN  container.ContainerReportHandler (AbstractContainerReportHandler.java:updateContainerState(145)) - Container #1 is in OPEN state, but the datanode 9e106ceb-2e48-4592-baea-5a074ecdeb7f{ip: 192.168.164.234, host: pr-hdds-1985-wgmpk-2951460010, networkLocation: /default-rack, certSerialId: null} reports an CLOSED replica.
2019-10-16 01:10:36,119 [EventQueue-ContainerReportForContainerReportHandler] WARN  container.ContainerReportHandler (AbstractContainerReportHandler.java:updateContainerState(145)) - Container #1 is in OPEN state, but the datanode bdf1820c-8b54-4379-867f-1e5a509c7465{ip: 192.168.164.234, host: pr-hdds-1985-wgmpk-2951460010, networkLocation: /default-rack, certSerialId: null} reports an CLOSED replica.
2019-10-16 01:10:36,276 [EventQueue-ContainerReportForContainerReportHandler] WARN  container.ContainerReportHandler (AbstractContainerReportHandler.java:updateContainerState(145)) - Container #1 is in OPEN state, but the datanode 9e106ceb-2e48-4592-baea-5a074ecdeb7f{ip: 192.168.164.234, host: pr-hdds-1985-wgmpk-2951460010, networkLocation: /default-rack, certSerialId: null} reports an CLOSED replica.
2019-10-16 01:10:36,418 [EventQueue-ContainerReportForContainerReportHandler] WARN  container.ContainerReportHandler (AbstractContainerReportHandler.java:updateContainerState(145)) - Container #1 is in OPEN state, but the datanode bdf1820c-8b54-4379-867f-1e5a509c7465{ip: 192.168.164.234, host: pr-hdds-1985-wgmpk-2951460010, networkLocation: /default-rack, certSerialId: null} reports an CLOSED replica.
2019-10-16 01:10:36,479 [EventQueue-ContainerReportForContainerReportHandler] WARN  container.ContainerReportHandler (AbstractContainerReportHandler.java:updateContainerState(145)) - Container #1 is in OPEN state, but the datanode 9e106ceb-2e48-4592-baea-5a074ecdeb7f{ip: 192.168.164.234, host: pr-hdds-1985-wgmpk-2951460010, networkLocation: /default-rack, certSerialId: null} reports an CLOSED replica.
2019-10-16 01:10:36,720 [EventQueue-ContainerReportForContainerReportHandler] WARN  container.ContainerReportHandler (AbstractContainerReportHandler.java:updateContainerState(145)) - Container #1 is in OPEN state, but the datanode bdf1820c-8b54-4379-867f-1e5a509c7465{ip: 192.168.164.234, host: pr-hdds-1985-wgmpk-2951460010, networkLocation: /default-rack, certSerialId: null} reports an CLOSED replica.
2019-10-16 01:10:36,732 [BlockDeletingService#2] WARN  background.BlockDeletingService (BlockDeletingService.java:isDeletionAllowed(187)) - Close Container log Index 6 is not replicated across allthe servers in the pipeline 795bca3c-2629-405f-a5d8-f110391d6ad9 as the min replicated index is 4. Deletion is not allowed in this container yet.
2019-10-16 01:10:36,732 [BlockDeletingService#2] WARN  background.BlockDeletingService (BlockDeletingService.java:isDeletionAllowed(187)) - Close Container log Index 6 is not replicated across allthe servers in the pipeline 795bca3c-2629-405f-a5d8-f110391d6ad9 as the min replicated index is 4. Deletion is not allowed in this container yet.
2019-10-16 01:10:36,877 [EventQueue-ContainerReportForContainerReportHandler] WARN  container.ContainerReportHandler (AbstractContainerReportHandler.java:updateContainerState(145)) - Container #1 is in OPEN state, but the datanode 9e106ceb-2e48-4592-baea-5a074ecdeb7f{ip: 192.168.164.234, host: pr-hdds-1985-wgmpk-2951460010, networkLocation: /default-rack, certSerialId: null} reports an CLOSED replica.
2019-10-16 01:10:37,020 [EventQueue-ContainerReportForContainerReportHandler] WARN  container.ContainerReportHandler (AbstractContainerReportHandler.java:updateContainerState(145)) - Container #1 is in OPEN state, but the datanode bdf1820c-8b54-4379-867f-1e5a509c7465{ip: 192.168.164.234, host: pr-hdds-1985-wgmpk-2951460010, networkLocation: /default-rack, certSerialId: null} reports an CLOSED replica.
2019-10-16 01:10:37,177 [EventQueue-ContainerReportForContainerReportHandler] WARN  container.ContainerReportHandler (AbstractContainerReportHandler.java:updateContainerState(145)) - Container #1 is in OPEN state, but the datanode 9e106ceb-2e48-4592-baea-5a074ecdeb7f{ip: 192.168.164.234, host: pr-hdds-1985-wgmpk-2951460010, networkLocation: /default-rack, certSerialId: null} reports an CLOSED replica.
2019-10-16 01:10:37,204 [java.util.concurrent.ThreadPoolExecutor$Worker@5536edd2[State = -1, empty queue]] WARN  server.GrpcLogAppender (GrpcLogAppender.java:timeoutAppendRequest(209)) - 9e106ceb-2e48-4592-baea-5a074ecdeb7f@group-F110391D6AD9->3d4afc67-c7e5-451f-ad84-7ee4adc2e156-GrpcLogAppender: appendEntries Timeout, request=9e106ceb-2e48-4592-baea-5a074ecdeb7f->3d4afc67-c7e5-451f-ad84-7ee4adc2e156#34-t2, previous=(t:2, i:10), leaderCommit=10, initializing? false, entries: <empty>
2019-10-16 01:10:37,320 [EventQueue-ContainerReportForContainerReportHandler] WARN  container.ContainerReportHandler (AbstractContainerReportHandler.java:updateContainerState(145)) - Container #1 is in OPEN state, but the datanode bdf1820c-8b54-4379-867f-1e5a509c7465{ip: 192.168.164.234, host: pr-hdds-1985-wgmpk-2951460010, networkLocation: /default-rack, certSerialId: null} reports an CLOSED replica.
2019-10-16 01:10:37,580 [EventQueue-ContainerReportForContainerReportHandler] WARN  container.ContainerReportHandler (AbstractContainerReportHandler.java:updateContainerState(145)) - Container #1 is in OPEN state, but the datanode 9e106ceb-2e48-4592-baea-5a074ecdeb7f{ip: 192.168.164.234, host: pr-hdds-1985-wgmpk-2951460010, networkLocation: /default-rack, certSerialId: null} reports an CLOSED replica.
2019-10-16 01:10:37,683 [Thread-407] INFO  client.GrpcClientProtocolService (GrpcClientProtocolService.java:lambda$processClientRequest$0(278)) - Failed RaftClientRequest:client-901DCD72E87A->9e106ceb-2e48-4592-baea-5a074ecdeb7f@group-F110391D6AD9, cid=10, seq=0, Watch-ALL_COMMITTED(6), Message:<EMPTY>, reply=RaftClientReply:client-901DCD72E87A->9e106ceb-2e48-4592-baea-5a074ecdeb7f@group-F110391D6AD9, cid=10, FAILED org.apache.ratis.protocol.NotReplicatedException: Request with call Id 10 and log index 6 is not yet replicated to ALL_COMMITTED, logIndex=6, commits[9e106ceb-2e48-4592-baea-5a074ecdeb7f:c10, 3d4afc67-c7e5-451f-ad84-7ee4adc2e156:c4, bdf1820c-8b54-4379-867f-1e5a509c7465:c10]
2019-10-16 01:10:37,722 [EventQueue-ContainerReportForContainerReportHandler] WARN  container.ContainerReportHandler (AbstractContainerReportHandler.java:updateContainerState(145)) - Container #1 is in OPEN state, but the datanode bdf1820c-8b54-4379-867f-1e5a509c7465{ip: 192.168.164.234, host: pr-hdds-1985-wgmpk-2951460010, networkLocation: /default-rack, certSerialId: null} reports an CLOSED replica.
2019-10-16 01:10:37,739 [BlockDeletingService#2] WARN  background.BlockDeletingService (BlockDeletingService.java:isDeletionAllowed(187)) - Close Container log Index 6 is not replicated across allthe servers in the pipeline 795bca3c-2629-405f-a5d8-f110391d6ad9 as the min replicated index is 4. Deletion is not allowed in this container yet.
2019-10-16 01:10:37,739 [BlockDeletingService#2] WARN  background.BlockDeletingService (BlockDeletingService.java:isDeletionAllowed(187)) - Close Container log Index 6 is not replicated across allthe servers in the pipeline 795bca3c-2629-405f-a5d8-f110391d6ad9 as the min replicated index is 4. Deletion is not allowed in this container yet.
2019-10-16 01:10:37,781 [EventQueue-ContainerReportForContainerReportHandler] WARN  container.ContainerReportHandler (AbstractContainerReportHandler.java:updateContainerState(145)) - Container #1 is in OPEN state, but the datanode 9e106ceb-2e48-4592-baea-5a074ecdeb7f{ip: 192.168.164.234, host: pr-hdds-1985-wgmpk-2951460010, networkLocation: /default-rack, certSerialId: null} reports an CLOSED replica.
2019-10-16 01:10:37,923 [EventQueue-ContainerReportForContainerReportHandler] WARN  container.ContainerReportHandler (AbstractContainerReportHandler.java:updateContainerState(145)) - Container #1 is in OPEN state, but the datanode bdf1820c-8b54-4379-867f-1e5a509c7465{ip: 192.168.164.234, host: pr-hdds-1985-wgmpk-2951460010, networkLocation: /default-rack, certSerialId: null} reports an CLOSED replica.
2019-10-16 01:10:38,081 [EventQueue-ContainerReportForContainerReportHandler] WARN  container.ContainerReportHandler (AbstractContainerReportHandler.java:updateContainerState(145)) - Container #1 is in OPEN state, but the datanode 9e106ceb-2e48-4592-baea-5a074ecdeb7f{ip: 192.168.164.234, host: pr-hdds-1985-wgmpk-2951460010, networkLocation: /default-rack, certSerialId: null} reports an CLOSED replica.
2019-10-16 01:10:38,223 [EventQueue-ContainerReportForContainerReportHandler] WARN  container.ContainerReportHandler (AbstractContainerReportHandler.java:updateContainerState(145)) - Container #1 is in OPEN state, but the datanode bdf1820c-8b54-4379-867f-1e5a509c7465{ip: 192.168.164.234, host: pr-hdds-1985-wgmpk-2951460010, networkLocation: /default-rack, certSerialId: null} reports an CLOSED replica.
2019-10-16 01:10:38,481 [EventQueue-ContainerReportForContainerReportHandler] WARN  container.ContainerReportHandler (AbstractContainerReportHandler.java:updateContainerState(145)) - Container #1 is in OPEN state, but the datanode 9e106ceb-2e48-4592-baea-5a074ecdeb7f{ip: 192.168.164.234, host: pr-hdds-1985-wgmpk-2951460010, networkLocation: /default-rack, certSerialId: null} reports an CLOSED replica.
2019-10-16 01:10:38,522 [EventQueue-ContainerReportForContainerReportHandler] WARN  container.ContainerReportHandler (AbstractContainerReportHandler.java:updateContainerState(145)) - Container #1 is in OPEN state, but the datanode bdf1820c-8b54-4379-867f-1e5a509c7465{ip: 192.168.164.234, host: pr-hdds-1985-wgmpk-2951460010, networkLocation: /default-rack, certSerialId: null} reports an CLOSED replica.
2019-10-16 01:10:38,682 [EventQueue-ContainerReportForContainerReportHandler] WARN  container.ContainerReportHandler (AbstractContainerReportHandler.java:updateContainerState(145)) - Container #1 is in OPEN state, but the datanode 9e106ceb-2e48-4592-baea-5a074ecdeb7f{ip: 192.168.164.234, host: pr-hdds-1985-wgmpk-2951460010, networkLocation: /default-rack, certSerialId: null} reports an CLOSED replica.
2019-10-16 01:10:38,746 [BlockDeletingService#2] WARN  background.BlockDeletingService (BlockDeletingService.java:isDeletionAllowed(187)) - Close Container log Index 6 is not replicated across allthe servers in the pipeline 795bca3c-2629-405f-a5d8-f110391d6ad9 as the min replicated index is 4. Deletion is not allowed in this container yet.
2019-10-16 01:10:38,746 [BlockDeletingService#2] WARN  background.BlockDeletingService (BlockDeletingService.java:isDeletionAllowed(187)) - Close Container log Index 6 is not replicated across allthe servers in the pipeline 795bca3c-2629-405f-a5d8-f110391d6ad9 as the min replicated index is 4. Deletion is not allowed in this container yet.
2019-10-16 01:10:38,923 [EventQueue-ContainerReportForContainerReportHandler] WARN  container.ContainerReportHandler (AbstractContainerReportHandler.java:updateContainerState(145)) - Container #1 is in OPEN state, but the datanode bdf1820c-8b54-4379-867f-1e5a509c7465{ip: 192.168.164.234, host: pr-hdds-1985-wgmpk-2951460010, networkLocation: /default-rack, certSerialId: null} reports an CLOSED replica.
2019-10-16 01:10:38,982 [EventQueue-ContainerReportForContainerReportHandler] WARN  container.ContainerReportHandler (AbstractContainerReportHandler.java:updateContainerState(145)) - Container #1 is in OPEN state, but the datanode 9e106ceb-2e48-4592-baea-5a074ecdeb7f{ip: 192.168.164.234, host: pr-hdds-1985-wgmpk-2951460010, networkLocation: /default-rack, certSerialId: null} reports an CLOSED replica.
2019-10-16 01:10:39,123 [EventQueue-ContainerReportForContainerReportHandler] WARN  container.ContainerReportHandler (AbstractContainerReportHandler.java:updateContainerState(145)) - Container #1 is in OPEN state, but the datanode bdf1820c-8b54-4379-867f-1e5a509c7465{ip: 192.168.164.234, host: pr-hdds-1985-wgmpk-2951460010, networkLocation: /default-rack, certSerialId: null} reports an CLOSED replica.
2019-10-16 01:10:39,183 [EventQueue-ContainerReportForContainerReportHandler] WARN  container.ContainerReportHandler (AbstractContainerReportHandler.java:updateContainerState(145)) - Container #1 is in OPEN state, but the datanode 9e106ceb-2e48-4592-baea-5a074ecdeb7f{ip: 192.168.164.234, host: pr-hdds-1985-wgmpk-2951460010, networkLocation: /default-rack, certSerialId: null} reports an CLOSED replica.
2019-10-16 01:10:39,383 [EventQueue-ContainerReportForContainerReportHandler] WARN  container.ContainerReportHandler (AbstractContainerReportHandler.java:updateContainerState(145)) - Container #1 is in OPEN state, but the datanode 9e106ceb-2e48-4592-baea-5a074ecdeb7f{ip: 192.168.164.234, host: pr-hdds-1985-wgmpk-2951460010, networkLocation: /default-rack, certSerialId: null} reports an CLOSED replica.
2019-10-16 01:10:39,523 [EventQueue-ContainerReportForContainerReportHandler] WARN  container.ContainerReportHandler (AbstractContainerReportHandler.java:updateContainerState(145)) - Container #1 is in OPEN state, but the datanode bdf1820c-8b54-4379-867f-1e5a509c7465{ip: 192.168.164.234, host: pr-hdds-1985-wgmpk-2951460010, networkLocation: /default-rack, certSerialId: null} reports an CLOSED replica.
2019-10-16 01:10:39,684 [EventQueue-ContainerReportForContainerReportHandler] WARN  container.ContainerReportHandler (AbstractContainerReportHandler.java:updateContainerState(145)) - Container #1 is in OPEN state, but the datanode 9e106ceb-2e48-4592-baea-5a074ecdeb7f{ip: 192.168.164.234, host: pr-hdds-1985-wgmpk-2951460010, networkLocation: /default-rack, certSerialId: null} reports an CLOSED replica.
2019-10-16 01:10:39,707 [java.util.concurrent.ThreadPoolExecutor$Worker@5536edd2[State = -1, empty queue]] WARN  server.GrpcLogAppender (GrpcLogAppender.java:timeoutAppendRequest(209)) - 9e106ceb-2e48-4592-baea-5a074ecdeb7f@group-F110391D6AD9->3d4afc67-c7e5-451f-ad84-7ee4adc2e156-GrpcLogAppender: appendEntries Timeout, request=9e106ceb-2e48-4592-baea-5a074ecdeb7f->3d4afc67-c7e5-451f-ad84-7ee4adc2e156#35-t2, previous=(t:2, i:10), leaderCommit=10, initializing? false, entries: <empty>
2019-10-16 01:10:39,748 [BlockDeletingService#2] WARN  background.BlockDeletingService (BlockDeletingService.java:isDeletionAllowed(187)) - Close Container log Index 6 is not replicated across allthe servers in the pipeline 795bca3c-2629-405f-a5d8-f110391d6ad9 as the min replicated index is 4. Deletion is not allowed in this container yet.
2019-10-16 01:10:39,748 [BlockDeletingService#2] WARN  background.BlockDeletingService (BlockDeletingService.java:isDeletionAllowed(187)) - Close Container log Index 6 is not replicated across allthe servers in the pipeline 795bca3c-2629-405f-a5d8-f110391d6ad9 as the min replicated index is 4. Deletion is not allowed in this container yet.
2019-10-16 01:10:39,824 [EventQueue-ContainerReportForContainerReportHandler] WARN  container.ContainerReportHandler (AbstractContainerReportHandler.java:updateContainerState(145)) - Container #1 is in OPEN state, but the datanode bdf1820c-8b54-4379-867f-1e5a509c7465{ip: 192.168.164.234, host: pr-hdds-1985-wgmpk-2951460010, networkLocation: /default-rack, certSerialId: null} reports an CLOSED replica.
2019-10-16 01:10:39,987 [EventQueue-ContainerReportForContainerReportHandler] WARN  container.ContainerReportHandler (AbstractContainerReportHandler.java:updateContainerState(145)) - Container #1 is in OPEN state, but the datanode 9e106ceb-2e48-4592-baea-5a074ecdeb7f{ip: 192.168.164.234, host: pr-hdds-1985-wgmpk-2951460010, networkLocation: /default-rack, certSerialId: null} reports an CLOSED replica.
2019-10-16 01:10:40,123 [EventQueue-ContainerReportForContainerReportHandler] WARN  container.ContainerReportHandler (AbstractContainerReportHandler.java:updateContainerState(145)) - Container #1 is in OPEN state, but the datanode bdf1820c-8b54-4379-867f-1e5a509c7465{ip: 192.168.164.234, host: pr-hdds-1985-wgmpk-2951460010, networkLocation: /default-rack, certSerialId: null} reports an CLOSED replica.
2019-10-16 01:10:40,188 [EventQueue-ContainerReportForContainerReportHandler] WARN  container.ContainerReportHandler (AbstractContainerReportHandler.java:updateContainerState(145)) - Container #1 is in OPEN state, but the datanode 9e106ceb-2e48-4592-baea-5a074ecdeb7f{ip: 192.168.164.234, host: pr-hdds-1985-wgmpk-2951460010, networkLocation: /default-rack, certSerialId: null} reports an CLOSED replica.
2019-10-16 01:10:40,423 [EventQueue-ContainerReportForContainerReportHandler] WARN  container.ContainerReportHandler (AbstractContainerReportHandler.java:updateContainerState(145)) - Container #1 is in OPEN state, but the datanode bdf1820c-8b54-4379-867f-1e5a509c7465{ip: 192.168.164.234, host: pr-hdds-1985-wgmpk-2951460010, networkLocation: /default-rack, certSerialId: null} reports an CLOSED replica.
2019-10-16 01:10:40,588 [EventQueue-ContainerReportForContainerReportHandler] WARN  container.ContainerReportHandler (AbstractContainerReportHandler.java:updateContainerState(145)) - Container #1 is in OPEN state, but the datanode 9e106ceb-2e48-4592-baea-5a074ecdeb7f{ip: 192.168.164.234, host: pr-hdds-1985-wgmpk-2951460010, networkLocation: /default-rack, certSerialId: null} reports an CLOSED replica.
2019-10-16 01:10:40,724 [EventQueue-ContainerReportForContainerReportHandler] WARN  container.ContainerReportHandler (AbstractContainerReportHandler.java:updateContainerState(145)) - Container #1 is in OPEN state, but the datanode bdf1820c-8b54-4379-867f-1e5a509c7465{ip: 192.168.164.234, host: pr-hdds-1985-wgmpk-2951460010, networkLocation: /default-rack, certSerialId: null} reports an CLOSED replica.
2019-10-16 01:10:40,750 [BlockDeletingService#2] WARN  background.BlockDeletingService (BlockDeletingService.java:isDeletionAllowed(187)) - Close Container log Index 6 is not replicated across allthe servers in the pipeline 795bca3c-2629-405f-a5d8-f110391d6ad9 as the min replicated index is 4. Deletion is not allowed in this container yet.
2019-10-16 01:10:40,750 [BlockDeletingService#2] WARN  background.BlockDeletingService (BlockDeletingService.java:isDeletionAllowed(187)) - Close Container log Index 6 is not replicated across allthe servers in the pipeline 795bca3c-2629-405f-a5d8-f110391d6ad9 as the min replicated index is 4. Deletion is not allowed in this container yet.
2019-10-16 01:10:40,888 [EventQueue-ContainerReportForContainerReportHandler] WARN  container.ContainerReportHandler (AbstractContainerReportHandler.java:updateContainerState(145)) - Container #1 is in OPEN state, but the datanode 9e106ceb-2e48-4592-baea-5a074ecdeb7f{ip: 192.168.164.234, host: pr-hdds-1985-wgmpk-2951460010, networkLocation: /default-rack, certSerialId: null} reports an CLOSED replica.
2019-10-16 01:10:40,923 [EventQueue-ContainerReportForContainerReportHandler] WARN  container.ContainerReportHandler (AbstractContainerReportHandler.java:updateContainerState(145)) - Container #1 is in OPEN state, but the datanode bdf1820c-8b54-4379-867f-1e5a509c7465{ip: 192.168.164.234, host: pr-hdds-1985-wgmpk-2951460010, networkLocation: /default-rack, certSerialId: null} reports an CLOSED replica.
2019-10-16 01:10:41,088 [EventQueue-ContainerReportForContainerReportHandler] WARN  container.ContainerReportHandler (AbstractContainerReportHandler.java:updateContainerState(145)) - Container #1 is in OPEN state, but the datanode 9e106ceb-2e48-4592-baea-5a074ecdeb7f{ip: 192.168.164.234, host: pr-hdds-1985-wgmpk-2951460010, networkLocation: /default-rack, certSerialId: null} reports an CLOSED replica.
2019-10-16 01:10:41,223 [EventQueue-ContainerReportForContainerReportHandler] WARN  container.ContainerReportHandler (AbstractContainerReportHandler.java:updateContainerState(145)) - Container #1 is in OPEN state, but the datanode bdf1820c-8b54-4379-867f-1e5a509c7465{ip: 192.168.164.234, host: pr-hdds-1985-wgmpk-2951460010, networkLocation: /default-rack, certSerialId: null} reports an CLOSED replica.
2019-10-16 01:10:41,389 [EventQueue-ContainerReportForContainerReportHandler] WARN  container.ContainerReportHandler (AbstractContainerReportHandler.java:updateContainerState(145)) - Container #1 is in OPEN state, but the datanode 9e106ceb-2e48-4592-baea-5a074ecdeb7f{ip: 192.168.164.234, host: pr-hdds-1985-wgmpk-2951460010, networkLocation: /default-rack, certSerialId: null} reports an CLOSED replica.
2019-10-16 01:10:41,523 [EventQueue-ContainerReportForContainerReportHandler] WARN  container.ContainerReportHandler (AbstractContainerReportHandler.java:updateContainerState(145)) - Container #1 is in OPEN state, but the datanode bdf1820c-8b54-4379-867f-1e5a509c7465{ip: 192.168.164.234, host: pr-hdds-1985-wgmpk-2951460010, networkLocation: /default-rack, certSerialId: null} reports an CLOSED replica.
2019-10-16 01:10:41,751 [BlockDeletingService#2] WARN  background.BlockDeletingService (BlockDeletingService.java:isDeletionAllowed(187)) - Close Container log Index 6 is not replicated across allthe servers in the pipeline 795bca3c-2629-405f-a5d8-f110391d6ad9 as the min replicated index is 4. Deletion is not allowed in this container yet.
2019-10-16 01:10:41,752 [BlockDeletingService#2] WARN  background.BlockDeletingService (BlockDeletingService.java:isDeletionAllowed(187)) - Close Container log Index 6 is not replicated across allthe servers in the pipeline 795bca3c-2629-405f-a5d8-f110391d6ad9 as the min replicated index is 4. Deletion is not allowed in this container yet.
2019-10-16 01:10:41,789 [EventQueue-ContainerReportForContainerReportHandler] WARN  container.ContainerReportHandler (AbstractContainerReportHandler.java:updateContainerState(145)) - Container #1 is in OPEN state, but the datanode 9e106ceb-2e48-4592-baea-5a074ecdeb7f{ip: 192.168.164.234, host: pr-hdds-1985-wgmpk-2951460010, networkLocation: /default-rack, certSerialId: null} reports an CLOSED replica.
2019-10-16 01:10:41,824 [EventQueue-ContainerReportForContainerReportHandler] WARN  container.ContainerReportHandler (AbstractContainerReportHandler.java:updateContainerState(145)) - Container #1 is in OPEN state, but the datanode bdf1820c-8b54-4379-867f-1e5a509c7465{ip: 192.168.164.234, host: pr-hdds-1985-wgmpk-2951460010, networkLocation: /default-rack, certSerialId: null} reports an CLOSED replica.
2019-10-16 01:10:41,990 [EventQueue-ContainerReportForContainerReportHandler] WARN  container.ContainerReportHandler (AbstractContainerReportHandler.java:updateContainerState(145)) - Container #1 is in OPEN state, but the datanode 9e106ceb-2e48-4592-baea-5a074ecdeb7f{ip: 192.168.164.234, host: pr-hdds-1985-wgmpk-2951460010, networkLocation: /default-rack, certSerialId: null} reports an CLOSED replica.
2019-10-16 01:10:42,124 [EventQueue-ContainerReportForContainerReportHandler] WARN  container.ContainerReportHandler (AbstractContainerReportHandler.java:updateContainerState(145)) - Container #1 is in OPEN state, but the datanode bdf1820c-8b54-4379-867f-1e5a509c7465{ip: 192.168.164.234, host: pr-hdds-1985-wgmpk-2951460010, networkLocation: /default-rack, certSerialId: null} reports an CLOSED replica.
2019-10-16 01:10:42,208 [java.util.concurrent.ThreadPoolExecutor$Worker@5536edd2[State = -1, empty queue]] WARN  server.GrpcLogAppender (GrpcLogAppender.java:timeoutAppendRequest(209)) - 9e106ceb-2e48-4592-baea-5a074ecdeb7f@group-F110391D6AD9->3d4afc67-c7e5-451f-ad84-7ee4adc2e156-GrpcLogAppender: appendEntries Timeout, request=9e106ceb-2e48-4592-baea-5a074ecdeb7f->3d4afc67-c7e5-451f-ad84-7ee4adc2e156#36-t2, previous=(t:2, i:10), leaderCommit=10, initializing? false, entries: <empty>
2019-10-16 01:10:42,290 [EventQueue-ContainerReportForContainerReportHandler] WARN  container.ContainerReportHandler (AbstractContainerReportHandler.java:updateContainerState(145)) - Container #1 is in OPEN state, but the datanode 9e106ceb-2e48-4592-baea-5a074ecdeb7f{ip: 192.168.164.234, host: pr-hdds-1985-wgmpk-2951460010, networkLocation: /default-rack, certSerialId: null} reports an CLOSED replica.
2019-10-16 01:10:42,324 [EventQueue-ContainerReportForContainerReportHandler] WARN  container.ContainerReportHandler (AbstractContainerReportHandler.java:updateContainerState(145)) - Container #1 is in OPEN state, but the datanode bdf1820c-8b54-4379-867f-1e5a509c7465{ip: 192.168.164.234, host: pr-hdds-1985-wgmpk-2951460010, networkLocation: /default-rack, certSerialId: null} reports an CLOSED replica.
2019-10-16 01:10:42,690 [EventQueue-ContainerReportForContainerReportHandler] WARN  container.ContainerReportHandler (AbstractContainerReportHandler.java:updateContainerState(145)) - Container #1 is in OPEN state, but the datanode 9e106ceb-2e48-4592-baea-5a074ecdeb7f{ip: 192.168.164.234, host: pr-hdds-1985-wgmpk-2951460010, networkLocation: /default-rack, certSerialId: null} reports an CLOSED replica.
2019-10-16 01:10:42,724 [EventQueue-ContainerReportForContainerReportHandler] WARN  container.ContainerReportHandler (AbstractContainerReportHandler.java:updateContainerState(145)) - Container #1 is in OPEN state, but the datanode bdf1820c-8b54-4379-867f-1e5a509c7465{ip: 192.168.164.234, host: pr-hdds-1985-wgmpk-2951460010, networkLocation: /default-rack, certSerialId: null} reports an CLOSED replica.
2019-10-16 01:10:42,753 [BlockDeletingService#2] WARN  background.BlockDeletingService (BlockDeletingService.java:isDeletionAllowed(187)) - Close Container log Index 6 is not replicated across allthe servers in the pipeline 795bca3c-2629-405f-a5d8-f110391d6ad9 as the min replicated index is 4. Deletion is not allowed in this container yet.
2019-10-16 01:10:42,753 [BlockDeletingService#2] WARN  background.BlockDeletingService (BlockDeletingService.java:isDeletionAllowed(187)) - Close Container log Index 6 is not replicated across allthe servers in the pipeline 795bca3c-2629-405f-a5d8-f110391d6ad9 as the min replicated index is 4. Deletion is not allowed in this container yet.
2019-10-16 01:10:42,924 [EventQueue-ContainerReportForContainerReportHandler] WARN  container.ContainerReportHandler (AbstractContainerReportHandler.java:updateContainerState(145)) - Container #1 is in OPEN state, but the datanode bdf1820c-8b54-4379-867f-1e5a509c7465{ip: 192.168.164.234, host: pr-hdds-1985-wgmpk-2951460010, networkLocation: /default-rack, certSerialId: null} reports an CLOSED replica.
2019-10-16 01:10:42,992 [EventQueue-ContainerReportForContainerReportHandler] WARN  container.ContainerReportHandler (AbstractContainerReportHandler.java:updateContainerState(145)) - Container #1 is in OPEN state, but the datanode 9e106ceb-2e48-4592-baea-5a074ecdeb7f{ip: 192.168.164.234, host: pr-hdds-1985-wgmpk-2951460010, networkLocation: /default-rack, certSerialId: null} reports an CLOSED replica.
2019-10-16 01:10:43,292 [EventQueue-ContainerReportForContainerReportHandler] WARN  container.ContainerReportHandler (AbstractContainerReportHandler.java:updateContainerState(145)) - Container #1 is in OPEN state, but the datanode 9e106ceb-2e48-4592-baea-5a074ecdeb7f{ip: 192.168.164.234, host: pr-hdds-1985-wgmpk-2951460010, networkLocation: /default-rack, certSerialId: null} reports an CLOSED replica.
2019-10-16 01:10:43,324 [EventQueue-ContainerReportForContainerReportHandler] WARN  container.ContainerReportHandler (AbstractContainerReportHandler.java:updateContainerState(145)) - Container #1 is in OPEN state, but the datanode bdf1820c-8b54-4379-867f-1e5a509c7465{ip: 192.168.164.234, host: pr-hdds-1985-wgmpk-2951460010, networkLocation: /default-rack, certSerialId: null} reports an CLOSED replica.
2019-10-16 01:10:43,492 [EventQueue-ContainerReportForContainerReportHandler] WARN  container.ContainerReportHandler (AbstractContainerReportHandler.java:updateContainerState(145)) - Container #1 is in OPEN state, but the datanode 9e106ceb-2e48-4592-baea-5a074ecdeb7f{ip: 192.168.164.234, host: pr-hdds-1985-wgmpk-2951460010, networkLocation: /default-rack, certSerialId: null} reports an CLOSED replica.
2019-10-16 01:10:43,724 [EventQueue-ContainerReportForContainerReportHandler] WARN  container.ContainerReportHandler (AbstractContainerReportHandler.java:updateContainerState(145)) - Container #1 is in OPEN state, but the datanode bdf1820c-8b54-4379-867f-1e5a509c7465{ip: 192.168.164.234, host: pr-hdds-1985-wgmpk-2951460010, networkLocation: /default-rack, certSerialId: null} reports an CLOSED replica.
2019-10-16 01:10:43,755 [BlockDeletingService#2] WARN  background.BlockDeletingService (BlockDeletingService.java:isDeletionAllowed(187)) - Close Container log Index 6 is not replicated across allthe servers in the pipeline 795bca3c-2629-405f-a5d8-f110391d6ad9 as the min replicated index is 4. Deletion is not allowed in this container yet.
2019-10-16 01:10:43,755 [BlockDeletingService#2] WARN  background.BlockDeletingService (BlockDeletingService.java:isDeletionAllowed(187)) - Close Container log Index 6 is not replicated across allthe servers in the pipeline 795bca3c-2629-405f-a5d8-f110391d6ad9 as the min replicated index is 4. Deletion is not allowed in this container yet.
2019-10-16 01:10:43,793 [EventQueue-ContainerReportForContainerReportHandler] WARN  container.ContainerReportHandler (AbstractContainerReportHandler.java:updateContainerState(145)) - Container #1 is in OPEN state, but the datanode 9e106ceb-2e48-4592-baea-5a074ecdeb7f{ip: 192.168.164.234, host: pr-hdds-1985-wgmpk-2951460010, networkLocation: /default-rack, certSerialId: null} reports an CLOSED replica.
2019-10-16 01:10:44,023 [EventQueue-ContainerReportForContainerReportHandler] WARN  container.ContainerReportHandler (AbstractContainerReportHandler.java:updateContainerState(145)) - Container #1 is in OPEN state, but the datanode bdf1820c-8b54-4379-867f-1e5a509c7465{ip: 192.168.164.234, host: pr-hdds-1985-wgmpk-2951460010, networkLocation: /default-rack, certSerialId: null} reports an CLOSED replica.
2019-10-16 01:10:44,193 [EventQueue-ContainerReportForContainerReportHandler] WARN  container.ContainerReportHandler (AbstractContainerReportHandler.java:updateContainerState(145)) - Container #1 is in OPEN state, but the datanode 9e106ceb-2e48-4592-baea-5a074ecdeb7f{ip: 192.168.164.234, host: pr-hdds-1985-wgmpk-2951460010, networkLocation: /default-rack, certSerialId: null} reports an CLOSED replica.
2019-10-16 01:10:44,223 [EventQueue-ContainerReportForContainerReportHandler] WARN  container.ContainerReportHandler (AbstractContainerReportHandler.java:updateContainerState(145)) - Container #1 is in OPEN state, but the datanode bdf1820c-8b54-4379-867f-1e5a509c7465{ip: 192.168.164.234, host: pr-hdds-1985-wgmpk-2951460010, networkLocation: /default-rack, certSerialId: null} reports an CLOSED replica.
2019-10-16 01:10:44,493 [EventQueue-ContainerReportForContainerReportHandler] WARN  container.ContainerReportHandler (AbstractContainerReportHandler.java:updateContainerState(145)) - Container #1 is in OPEN state, but the datanode 9e106ceb-2e48-4592-baea-5a074ecdeb7f{ip: 192.168.164.234, host: pr-hdds-1985-wgmpk-2951460010, networkLocation: /default-rack, certSerialId: null} reports an CLOSED replica.
2019-10-16 01:10:44,624 [EventQueue-ContainerReportForContainerReportHandler] WARN  container.ContainerReportHandler (AbstractContainerReportHandler.java:updateContainerState(145)) - Container #1 is in OPEN state, but the datanode bdf1820c-8b54-4379-867f-1e5a509c7465{ip: 192.168.164.234, host: pr-hdds-1985-wgmpk-2951460010, networkLocation: /default-rack, certSerialId: null} reports an CLOSED replica.
2019-10-16 01:10:44,709 [java.util.concurrent.ThreadPoolExecutor$Worker@5536edd2[State = -1, empty queue]] WARN  server.GrpcLogAppender (GrpcLogAppender.java:timeoutAppendRequest(209)) - 9e106ceb-2e48-4592-baea-5a074ecdeb7f@group-F110391D6AD9->3d4afc67-c7e5-451f-ad84-7ee4adc2e156-GrpcLogAppender: appendEntries Timeout, request=9e106ceb-2e48-4592-baea-5a074ecdeb7f->3d4afc67-c7e5-451f-ad84-7ee4adc2e156#37-t2, previous=(t:2, i:10), leaderCommit=10, initializing? false, entries: <empty>
2019-10-16 01:10:44,757 [BlockDeletingService#2] WARN  background.BlockDeletingService (BlockDeletingService.java:isDeletionAllowed(187)) - Close Container log Index 6 is not replicated across allthe servers in the pipeline 795bca3c-2629-405f-a5d8-f110391d6ad9 as the min replicated index is 4. Deletion is not allowed in this container yet.
2019-10-16 01:10:44,757 [BlockDeletingService#2] WARN  background.BlockDeletingService (BlockDeletingService.java:isDeletionAllowed(187)) - Close Container log Index 6 is not replicated across allthe servers in the pipeline 795bca3c-2629-405f-a5d8-f110391d6ad9 as the min replicated index is 4. Deletion is not allowed in this container yet.
2019-10-16 01:10:44,794 [EventQueue-ContainerReportForContainerReportHandler] WARN  container.ContainerReportHandler (AbstractContainerReportHandler.java:updateContainerState(145)) - Container #1 is in OPEN state, but the datanode 9e106ceb-2e48-4592-baea-5a074ecdeb7f{ip: 192.168.164.234, host: pr-hdds-1985-wgmpk-2951460010, networkLocation: /default-rack, certSerialId: null} reports an CLOSED replica.
2019-10-16 01:10:44,808 [Thread-429] INFO  client.GrpcClientProtocolService (GrpcClientProtocolService.java:lambda$processClientRequest$0(278)) - Failed RaftClientRequest:client-901DCD72E87A->bdf1820c-8b54-4379-867f-1e5a509c7465@group-F110391D6AD9, cid=10, seq=0, Watch-ALL_COMMITTED(6), Message:<EMPTY>, reply=RaftClientReply:client-901DCD72E87A->bdf1820c-8b54-4379-867f-1e5a509c7465@group-F110391D6AD9, cid=10, FAILED org.apache.ratis.protocol.NotLeaderException: Server bdf1820c-8b54-4379-867f-1e5a509c7465@group-F110391D6AD9 is not the leader 9e106ceb-2e48-4592-baea-5a074ecdeb7f:192.168.164.234:46856, logIndex=0, commits[bdf1820c-8b54-4379-867f-1e5a509c7465:c10, 9e106ceb-2e48-4592-baea-5a074ecdeb7f:c10, 3d4afc67-c7e5-451f-ad84-7ee4adc2e156:c4]
2019-10-16 01:10:45,026 [EventQueue-ContainerReportForContainerReportHandler] WARN  container.ContainerReportHandler (AbstractContainerReportHandler.java:updateContainerState(145)) - Container #1 is in OPEN state, but the datanode bdf1820c-8b54-4379-867f-1e5a509c7465{ip: 192.168.164.234, host: pr-hdds-1985-wgmpk-2951460010, networkLocation: /default-rack, certSerialId: null} reports an CLOSED replica.
2019-10-16 01:10:45,194 [EventQueue-ContainerReportForContainerReportHandler] WARN  container.ContainerReportHandler (AbstractContainerReportHandler.java:updateContainerState(145)) - Container #1 is in OPEN state, but the datanode 9e106ceb-2e48-4592-baea-5a074ecdeb7f{ip: 192.168.164.234, host: pr-hdds-1985-wgmpk-2951460010, networkLocation: /default-rack, certSerialId: null} reports an CLOSED replica.
2019-10-16 01:10:45,326 [EventQueue-ContainerReportForContainerReportHandler] WARN  container.ContainerReportHandler (AbstractContainerReportHandler.java:updateContainerState(145)) - Container #1 is in OPEN state, but the datanode bdf1820c-8b54-4379-867f-1e5a509c7465{ip: 192.168.164.234, host: pr-hdds-1985-wgmpk-2951460010, networkLocation: /default-rack, certSerialId: null} reports an CLOSED replica.
2019-10-16 01:10:45,394 [EventQueue-ContainerReportForContainerReportHandler] WARN  container.ContainerReportHandler (AbstractContainerReportHandler.java:updateContainerState(145)) - Container #1 is in OPEN state, but the datanode 9e106ceb-2e48-4592-baea-5a074ecdeb7f{ip: 192.168.164.234, host: pr-hdds-1985-wgmpk-2951460010, networkLocation: /default-rack, certSerialId: null} reports an CLOSED replica.
2019-10-16 01:10:45,526 [EventQueue-ContainerReportForContainerReportHandler] WARN  container.ContainerReportHandler (AbstractContainerReportHandler.java:updateContainerState(145)) - Container #1 is in OPEN state, but the datanode bdf1820c-8b54-4379-867f-1e5a509c7465{ip: 192.168.164.234, host: pr-hdds-1985-wgmpk-2951460010, networkLocation: /default-rack, certSerialId: null} reports an CLOSED replica.
2019-10-16 01:10:45,759 [BlockDeletingService#2] WARN  background.BlockDeletingService (BlockDeletingService.java:isDeletionAllowed(187)) - Close Container log Index 6 is not replicated across allthe servers in the pipeline 795bca3c-2629-405f-a5d8-f110391d6ad9 as the min replicated index is 4. Deletion is not allowed in this container yet.
2019-10-16 01:10:45,759 [BlockDeletingService#2] WARN  background.BlockDeletingService (BlockDeletingService.java:isDeletionAllowed(187)) - Close Container log Index 6 is not replicated across allthe servers in the pipeline 795bca3c-2629-405f-a5d8-f110391d6ad9 as the min replicated index is 4. Deletion is not allowed in this container yet.
2019-10-16 01:10:45,794 [EventQueue-ContainerReportForContainerReportHandler] WARN  container.ContainerReportHandler (AbstractContainerReportHandler.java:updateContainerState(145)) - Container #1 is in OPEN state, but the datanode 9e106ceb-2e48-4592-baea-5a074ecdeb7f{ip: 192.168.164.234, host: pr-hdds-1985-wgmpk-2951460010, networkLocation: /default-rack, certSerialId: null} reports an CLOSED replica.
2019-10-16 01:10:45,826 [EventQueue-ContainerReportForContainerReportHandler] WARN  container.ContainerReportHandler (AbstractContainerReportHandler.java:updateContainerState(145)) - Container #1 is in OPEN state, but the datanode bdf1820c-8b54-4379-867f-1e5a509c7465{ip: 192.168.164.234, host: pr-hdds-1985-wgmpk-2951460010, networkLocation: /default-rack, certSerialId: null} reports an CLOSED replica.
2019-10-16 01:10:46,029 [EventQueue-ContainerReportForContainerReportHandler] WARN  container.ContainerReportHandler (AbstractContainerReportHandler.java:updateContainerState(145)) - Container #1 is in OPEN state, but the datanode bdf1820c-8b54-4379-867f-1e5a509c7465{ip: 192.168.164.234, host: pr-hdds-1985-wgmpk-2951460010, networkLocation: /default-rack, certSerialId: null} reports an CLOSED replica.
2019-10-16 01:10:46,093 [EventQueue-ContainerReportForContainerReportHandler] WARN  container.ContainerReportHandler (AbstractContainerReportHandler.java:updateContainerState(145)) - Container #1 is in OPEN state, but the datanode 9e106ceb-2e48-4592-baea-5a074ecdeb7f{ip: 192.168.164.234, host: pr-hdds-1985-wgmpk-2951460010, networkLocation: /default-rack, certSerialId: null} reports an CLOSED replica.
2019-10-16 01:10:46,395 [EventQueue-ContainerReportForContainerReportHandler] WARN  container.ContainerReportHandler (AbstractContainerReportHandler.java:updateContainerState(145)) - Container #1 is in OPEN state, but the datanode 9e106ceb-2e48-4592-baea-5a074ecdeb7f{ip: 192.168.164.234, host: pr-hdds-1985-wgmpk-2951460010, networkLocation: /default-rack, certSerialId: null} reports an CLOSED replica.
2019-10-16 01:10:46,429 [EventQueue-ContainerReportForContainerReportHandler] WARN  container.ContainerReportHandler (AbstractContainerReportHandler.java:updateContainerState(145)) - Container #1 is in OPEN state, but the datanode bdf1820c-8b54-4379-867f-1e5a509c7465{ip: 192.168.164.234, host: pr-hdds-1985-wgmpk-2951460010, networkLocation: /default-rack, certSerialId: null} reports an CLOSED replica.
2019-10-16 01:10:46,595 [EventQueue-ContainerReportForContainerReportHandler] WARN  container.ContainerReportHandler (AbstractContainerReportHandler.java:updateContainerState(145)) - Container #1 is in OPEN state, but the datanode 9e106ceb-2e48-4592-baea-5a074ecdeb7f{ip: 192.168.164.234, host: pr-hdds-1985-wgmpk-2951460010, networkLocation: /default-rack, certSerialId: null} reports an CLOSED replica.
2019-10-16 01:10:46,683 [Thread-434] INFO  client.GrpcClientProtocolService (GrpcClientProtocolService.java:lambda$processClientRequest$0(278)) - Failed RaftClientRequest:client-901DCD72E87A->9e106ceb-2e48-4592-baea-5a074ecdeb7f@group-F110391D6AD9, cid=10, seq=0, Watch-ALL_COMMITTED(6), Message:<EMPTY>, reply=RaftClientReply:client-901DCD72E87A->9e106ceb-2e48-4592-baea-5a074ecdeb7f@group-F110391D6AD9, cid=10, FAILED org.apache.ratis.protocol.NotReplicatedException: Request with call Id 10 and log index 6 is not yet replicated to ALL_COMMITTED, logIndex=6, commits[9e106ceb-2e48-4592-baea-5a074ecdeb7f:c10, 3d4afc67-c7e5-451f-ad84-7ee4adc2e156:c4, bdf1820c-8b54-4379-867f-1e5a509c7465:c10]
2019-10-16 01:10:46,729 [EventQueue-ContainerReportForContainerReportHandler] WARN  container.ContainerReportHandler (AbstractContainerReportHandler.java:updateContainerState(145)) - Container #1 is in OPEN state, but the datanode bdf1820c-8b54-4379-867f-1e5a509c7465{ip: 192.168.164.234, host: pr-hdds-1985-wgmpk-2951460010, networkLocation: /default-rack, certSerialId: null} reports an CLOSED replica.
2019-10-16 01:10:46,764 [BlockDeletingService#2] WARN  background.BlockDeletingService (BlockDeletingService.java:isDeletionAllowed(187)) - Close Container log Index 6 is not replicated across allthe servers in the pipeline 795bca3c-2629-405f-a5d8-f110391d6ad9 as the min replicated index is 4. Deletion is not allowed in this container yet.
2019-10-16 01:10:46,767 [BlockDeletingService#2] WARN  background.BlockDeletingService (BlockDeletingService.java:isDeletionAllowed(187)) - Close Container log Index 6 is not replicated across allthe servers in the pipeline 795bca3c-2629-405f-a5d8-f110391d6ad9 as the min replicated index is 4. Deletion is not allowed in this container yet.
2019-10-16 01:10:46,994 [EventQueue-ContainerReportForContainerReportHandler] WARN  container.ContainerReportHandler (AbstractContainerReportHandler.java:updateContainerState(145)) - Container #1 is in OPEN state, but the datanode 9e106ceb-2e48-4592-baea-5a074ecdeb7f{ip: 192.168.164.234, host: pr-hdds-1985-wgmpk-2951460010, networkLocation: /default-rack, certSerialId: null} reports an CLOSED replica.
2019-10-16 01:10:47,129 [EventQueue-ContainerReportForContainerReportHandler] WARN  container.ContainerReportHandler (AbstractContainerReportHandler.java:updateContainerState(145)) - Container #1 is in OPEN state, but the datanode bdf1820c-8b54-4379-867f-1e5a509c7465{ip: 192.168.164.234, host: pr-hdds-1985-wgmpk-2951460010, networkLocation: /default-rack, certSerialId: null} reports an CLOSED replica.
2019-10-16 01:10:47,195 [EventQueue-ContainerReportForContainerReportHandler] WARN  container.ContainerReportHandler (AbstractContainerReportHandler.java:updateContainerState(145)) - Container #1 is in OPEN state, but the datanode 9e106ceb-2e48-4592-baea-5a074ecdeb7f{ip: 192.168.164.234, host: pr-hdds-1985-wgmpk-2951460010, networkLocation: /default-rack, certSerialId: null} reports an CLOSED replica.
2019-10-16 01:10:47,210 [java.util.concurrent.ThreadPoolExecutor$Worker@5536edd2[State = -1, empty queue]] WARN  server.GrpcLogAppender (GrpcLogAppender.java:timeoutAppendRequest(209)) - 9e106ceb-2e48-4592-baea-5a074ecdeb7f@group-F110391D6AD9->3d4afc67-c7e5-451f-ad84-7ee4adc2e156-GrpcLogAppender: appendEntries Timeout, request=9e106ceb-2e48-4592-baea-5a074ecdeb7f->3d4afc67-c7e5-451f-ad84-7ee4adc2e156#38-t2, previous=(t:2, i:10), leaderCommit=10, initializing? false, entries: <empty>
2019-10-16 01:10:47,329 [EventQueue-ContainerReportForContainerReportHandler] WARN  container.ContainerReportHandler (AbstractContainerReportHandler.java:updateContainerState(145)) - Container #1 is in OPEN state, but the datanode bdf1820c-8b54-4379-867f-1e5a509c7465{ip: 192.168.164.234, host: pr-hdds-1985-wgmpk-2951460010, networkLocation: /default-rack, certSerialId: null} reports an CLOSED replica.
2019-10-16 01:10:47,494 [EventQueue-ContainerReportForContainerReportHandler] WARN  container.ContainerReportHandler (AbstractContainerReportHandler.java:updateContainerState(145)) - Container #1 is in OPEN state, but the datanode 9e106ceb-2e48-4592-baea-5a074ecdeb7f{ip: 192.168.164.234, host: pr-hdds-1985-wgmpk-2951460010, networkLocation: /default-rack, certSerialId: null} reports an CLOSED replica.
2019-10-16 01:10:47,629 [EventQueue-ContainerReportForContainerReportHandler] WARN  container.ContainerReportHandler (AbstractContainerReportHandler.java:updateContainerState(145)) - Container #1 is in OPEN state, but the datanode bdf1820c-8b54-4379-867f-1e5a509c7465{ip: 192.168.164.234, host: pr-hdds-1985-wgmpk-2951460010, networkLocation: /default-rack, certSerialId: null} reports an CLOSED replica.
2019-10-16 01:10:47,768 [BlockDeletingService#2] WARN  background.BlockDeletingService (BlockDeletingService.java:isDeletionAllowed(187)) - Close Container log Index 6 is not replicated across allthe servers in the pipeline 795bca3c-2629-405f-a5d8-f110391d6ad9 as the min replicated index is 4. Deletion is not allowed in this container yet.
2019-10-16 01:10:47,769 [BlockDeletingService#2] WARN  background.BlockDeletingService (BlockDeletingService.java:isDeletionAllowed(187)) - Close Container log Index 6 is not replicated across allthe servers in the pipeline 795bca3c-2629-405f-a5d8-f110391d6ad9 as the min replicated index is 4. Deletion is not allowed in this container yet.
2019-10-16 01:10:47,895 [EventQueue-ContainerReportForContainerReportHandler] WARN  container.ContainerReportHandler (AbstractContainerReportHandler.java:updateContainerState(145)) - Container #1 is in OPEN state, but the datanode 9e106ceb-2e48-4592-baea-5a074ecdeb7f{ip: 192.168.164.234, host: pr-hdds-1985-wgmpk-2951460010, networkLocation: /default-rack, certSerialId: null} reports an CLOSED replica.
2019-10-16 01:10:48,030 [EventQueue-ContainerReportForContainerReportHandler] WARN  container.ContainerReportHandler (AbstractContainerReportHandler.java:updateContainerState(145)) - Container #1 is in OPEN state, but the datanode bdf1820c-8b54-4379-867f-1e5a509c7465{ip: 192.168.164.234, host: pr-hdds-1985-wgmpk-2951460010, networkLocation: /default-rack, certSerialId: null} reports an CLOSED replica.
2019-10-16 01:10:48,196 [EventQueue-ContainerReportForContainerReportHandler] WARN  container.ContainerReportHandler (AbstractContainerReportHandler.java:updateContainerState(145)) - Container #1 is in OPEN state, but the datanode 9e106ceb-2e48-4592-baea-5a074ecdeb7f{ip: 192.168.164.234, host: pr-hdds-1985-wgmpk-2951460010, networkLocation: /default-rack, certSerialId: null} reports an CLOSED replica.
2019-10-16 01:10:48,230 [EventQueue-ContainerReportForContainerReportHandler] WARN  container.ContainerReportHandler (AbstractContainerReportHandler.java:updateContainerState(145)) - Container #1 is in OPEN state, but the datanode bdf1820c-8b54-4379-867f-1e5a509c7465{ip: 192.168.164.234, host: pr-hdds-1985-wgmpk-2951460010, networkLocation: /default-rack, certSerialId: null} reports an CLOSED replica.
2019-10-16 01:10:48,530 [EventQueue-ContainerReportForContainerReportHandler] WARN  container.ContainerReportHandler (AbstractContainerReportHandler.java:updateContainerState(145)) - Container #1 is in OPEN state, but the datanode bdf1820c-8b54-4379-867f-1e5a509c7465{ip: 192.168.164.234, host: pr-hdds-1985-wgmpk-2951460010, networkLocation: /default-rack, certSerialId: null} reports an CLOSED replica.
2019-10-16 01:10:48,596 [EventQueue-ContainerReportForContainerReportHandler] WARN  container.ContainerReportHandler (AbstractContainerReportHandler.java:updateContainerState(145)) - Container #1 is in OPEN state, but the datanode 9e106ceb-2e48-4592-baea-5a074ecdeb7f{ip: 192.168.164.234, host: pr-hdds-1985-wgmpk-2951460010, networkLocation: /default-rack, certSerialId: null} reports an CLOSED replica.
2019-10-16 01:10:48,730 [EventQueue-ContainerReportForContainerReportHandler] WARN  container.ContainerReportHandler (AbstractContainerReportHandler.java:updateContainerState(145)) - Container #1 is in OPEN state, but the datanode bdf1820c-8b54-4379-867f-1e5a509c7465{ip: 192.168.164.234, host: pr-hdds-1985-wgmpk-2951460010, networkLocation: /default-rack, certSerialId: null} reports an CLOSED replica.
2019-10-16 01:10:48,769 [BlockDeletingService#2] WARN  background.BlockDeletingService (BlockDeletingService.java:isDeletionAllowed(187)) - Close Container log Index 6 is not replicated across allthe servers in the pipeline 795bca3c-2629-405f-a5d8-f110391d6ad9 as the min replicated index is 4. Deletion is not allowed in this container yet.
2019-10-16 01:10:48,770 [BlockDeletingService#2] WARN  background.BlockDeletingService (BlockDeletingService.java:isDeletionAllowed(187)) - Close Container log Index 6 is not replicated across allthe servers in the pipeline 795bca3c-2629-405f-a5d8-f110391d6ad9 as the min replicated index is 4. Deletion is not allowed in this container yet.
2019-10-16 01:10:48,895 [EventQueue-ContainerReportForContainerReportHandler] WARN  container.ContainerReportHandler (AbstractContainerReportHandler.java:updateContainerState(145)) - Container #1 is in OPEN state, but the datanode 9e106ceb-2e48-4592-baea-5a074ecdeb7f{ip: 192.168.164.234, host: pr-hdds-1985-wgmpk-2951460010, networkLocation: /default-rack, certSerialId: null} reports an CLOSED replica.
2019-10-16 01:10:49,031 [EventQueue-ContainerReportForContainerReportHandler] WARN  container.ContainerReportHandler (AbstractContainerReportHandler.java:updateContainerState(145)) - Container #1 is in OPEN state, but the datanode bdf1820c-8b54-4379-867f-1e5a509c7465{ip: 192.168.164.234, host: pr-hdds-1985-wgmpk-2951460010, networkLocation: /default-rack, certSerialId: null} reports an CLOSED replica.
2019-10-16 01:10:49,195 [EventQueue-ContainerReportForContainerReportHandler] WARN  container.ContainerReportHandler (AbstractContainerReportHandler.java:updateContainerState(145)) - Container #1 is in OPEN state, but the datanode 9e106ceb-2e48-4592-baea-5a074ecdeb7f{ip: 192.168.164.234, host: pr-hdds-1985-wgmpk-2951460010, networkLocation: /default-rack, certSerialId: null} reports an CLOSED replica.
2019-10-16 01:10:49,330 [EventQueue-ContainerReportForContainerReportHandler] WARN  container.ContainerReportHandler (AbstractContainerReportHandler.java:updateContainerState(145)) - Container #1 is in OPEN state, but the datanode bdf1820c-8b54-4379-867f-1e5a509c7465{ip: 192.168.164.234, host: pr-hdds-1985-wgmpk-2951460010, networkLocation: /default-rack, certSerialId: null} reports an CLOSED replica.
2019-10-16 01:10:49,495 [EventQueue-ContainerReportForContainerReportHandler] WARN  container.ContainerReportHandler (AbstractContainerReportHandler.java:updateContainerState(145)) - Container #1 is in OPEN state, but the datanode 9e106ceb-2e48-4592-baea-5a074ecdeb7f{ip: 192.168.164.234, host: pr-hdds-1985-wgmpk-2951460010, networkLocation: /default-rack, certSerialId: null} reports an CLOSED replica.
2019-10-16 01:10:49,531 [EventQueue-ContainerReportForContainerReportHandler] WARN  container.ContainerReportHandler (AbstractContainerReportHandler.java:updateContainerState(145)) - Container #1 is in OPEN state, but the datanode bdf1820c-8b54-4379-867f-1e5a509c7465{ip: 192.168.164.234, host: pr-hdds-1985-wgmpk-2951460010, networkLocation: /default-rack, certSerialId: null} reports an CLOSED replica.
2019-10-16 01:10:49,711 [java.util.concurrent.ThreadPoolExecutor$Worker@5536edd2[State = -1, empty queue]] WARN  server.GrpcLogAppender (GrpcLogAppender.java:timeoutAppendRequest(209)) - 9e106ceb-2e48-4592-baea-5a074ecdeb7f@group-F110391D6AD9->3d4afc67-c7e5-451f-ad84-7ee4adc2e156-GrpcLogAppender: appendEntries Timeout, request=9e106ceb-2e48-4592-baea-5a074ecdeb7f->3d4afc67-c7e5-451f-ad84-7ee4adc2e156#39-t2, previous=(t:2, i:10), leaderCommit=10, initializing? false, entries: <empty>
2019-10-16 01:10:49,770 [BlockDeletingService#2] WARN  background.BlockDeletingService (BlockDeletingService.java:isDeletionAllowed(187)) - Close Container log Index 6 is not replicated across allthe servers in the pipeline 795bca3c-2629-405f-a5d8-f110391d6ad9 as the min replicated index is 4. Deletion is not allowed in this container yet.
2019-10-16 01:10:49,771 [BlockDeletingService#2] WARN  background.BlockDeletingService (BlockDeletingService.java:isDeletionAllowed(187)) - Close Container log Index 6 is not replicated across allthe servers in the pipeline 795bca3c-2629-405f-a5d8-f110391d6ad9 as the min replicated index is 4. Deletion is not allowed in this container yet.
2019-10-16 01:10:49,832 [EventQueue-ContainerReportForContainerReportHandler] WARN  container.ContainerReportHandler (AbstractContainerReportHandler.java:updateContainerState(145)) - Container #1 is in OPEN state, but the datanode bdf1820c-8b54-4379-867f-1e5a509c7465{ip: 192.168.164.234, host: pr-hdds-1985-wgmpk-2951460010, networkLocation: /default-rack, certSerialId: null} reports an CLOSED replica.
2019-10-16 01:10:49,896 [EventQueue-ContainerReportForContainerReportHandler] WARN  container.ContainerReportHandler (AbstractContainerReportHandler.java:updateContainerState(145)) - Container #1 is in OPEN state, but the datanode 9e106ceb-2e48-4592-baea-5a074ecdeb7f{ip: 192.168.164.234, host: pr-hdds-1985-wgmpk-2951460010, networkLocation: /default-rack, certSerialId: null} reports an CLOSED replica.
2019-10-16 01:10:50,095 [EventQueue-ContainerReportForContainerReportHandler] WARN  container.ContainerReportHandler (AbstractContainerReportHandler.java:updateContainerState(145)) - Container #1 is in OPEN state, but the datanode 9e106ceb-2e48-4592-baea-5a074ecdeb7f{ip: 192.168.164.234, host: pr-hdds-1985-wgmpk-2951460010, networkLocation: /default-rack, certSerialId: null} reports an CLOSED replica.
2019-10-16 01:10:50,131 [EventQueue-ContainerReportForContainerReportHandler] WARN  container.ContainerReportHandler (AbstractContainerReportHandler.java:updateContainerState(145)) - Container #1 is in OPEN state, but the datanode bdf1820c-8b54-4379-867f-1e5a509c7465{ip: 192.168.164.234, host: pr-hdds-1985-wgmpk-2951460010, networkLocation: /default-rack, certSerialId: null} reports an CLOSED replica.
2019-10-16 01:10:50,396 [EventQueue-ContainerReportForContainerReportHandler] WARN  container.ContainerReportHandler (AbstractContainerReportHandler.java:updateContainerState(145)) - Container #1 is in OPEN state, but the datanode 9e106ceb-2e48-4592-baea-5a074ecdeb7f{ip: 192.168.164.234, host: pr-hdds-1985-wgmpk-2951460010, networkLocation: /default-rack, certSerialId: null} reports an CLOSED replica.
2019-10-16 01:10:50,431 [EventQueue-ContainerReportForContainerReportHandler] WARN  container.ContainerReportHandler (AbstractContainerReportHandler.java:updateContainerState(145)) - Container #1 is in OPEN state, but the datanode bdf1820c-8b54-4379-867f-1e5a509c7465{ip: 192.168.164.234, host: pr-hdds-1985-wgmpk-2951460010, networkLocation: /default-rack, certSerialId: null} reports an CLOSED replica.
2019-10-16 01:10:50,696 [EventQueue-ContainerReportForContainerReportHandler] WARN  container.ContainerReportHandler (AbstractContainerReportHandler.java:updateContainerState(145)) - Container #1 is in OPEN state, but the datanode 9e106ceb-2e48-4592-baea-5a074ecdeb7f{ip: 192.168.164.234, host: pr-hdds-1985-wgmpk-2951460010, networkLocation: /default-rack, certSerialId: null} reports an CLOSED replica.
2019-10-16 01:10:50,732 [EventQueue-ContainerReportForContainerReportHandler] WARN  container.ContainerReportHandler (AbstractContainerReportHandler.java:updateContainerState(145)) - Container #1 is in OPEN state, but the datanode bdf1820c-8b54-4379-867f-1e5a509c7465{ip: 192.168.164.234, host: pr-hdds-1985-wgmpk-2951460010, networkLocation: /default-rack, certSerialId: null} reports an CLOSED replica.
2019-10-16 01:10:50,775 [BlockDeletingService#2] WARN  background.BlockDeletingService (BlockDeletingService.java:isDeletionAllowed(187)) - Close Container log Index 6 is not replicated across allthe servers in the pipeline 795bca3c-2629-405f-a5d8-f110391d6ad9 as the min replicated index is 4. Deletion is not allowed in this container yet.
2019-10-16 01:10:50,775 [BlockDeletingService#2] WARN  background.BlockDeletingService (BlockDeletingService.java:isDeletionAllowed(187)) - Close Container log Index 6 is not replicated across allthe servers in the pipeline 795bca3c-2629-405f-a5d8-f110391d6ad9 as the min replicated index is 4. Deletion is not allowed in this container yet.
2019-10-16 01:10:51,097 [EventQueue-ContainerReportForContainerReportHandler] WARN  container.ContainerReportHandler (AbstractContainerReportHandler.java:updateContainerState(145)) - Container #1 is in OPEN state, but the datanode 9e106ceb-2e48-4592-baea-5a074ecdeb7f{ip: 192.168.164.234, host: pr-hdds-1985-wgmpk-2951460010, networkLocation: /default-rack, certSerialId: null} reports an CLOSED replica.
2019-10-16 01:10:51,132 [EventQueue-ContainerReportForContainerReportHandler] WARN  container.ContainerReportHandler (AbstractContainerReportHandler.java:updateContainerState(145)) - Container #1 is in OPEN state, but the datanode bdf1820c-8b54-4379-867f-1e5a509c7465{ip: 192.168.164.234, host: pr-hdds-1985-wgmpk-2951460010, networkLocation: /default-rack, certSerialId: null} reports an CLOSED replica.
2019-10-16 01:10:51,298 [EventQueue-ContainerReportForContainerReportHandler] WARN  container.ContainerReportHandler (AbstractContainerReportHandler.java:updateContainerState(145)) - Container #1 is in OPEN state, but the datanode 9e106ceb-2e48-4592-baea-5a074ecdeb7f{ip: 192.168.164.234, host: pr-hdds-1985-wgmpk-2951460010, networkLocation: /default-rack, certSerialId: null} reports an CLOSED replica.
2019-10-16 01:10:51,533 [EventQueue-ContainerReportForContainerReportHandler] WARN  container.ContainerReportHandler (AbstractContainerReportHandler.java:updateContainerState(145)) - Container #1 is in OPEN state, but the datanode bdf1820c-8b54-4379-867f-1e5a509c7465{ip: 192.168.164.234, host: pr-hdds-1985-wgmpk-2951460010, networkLocation: /default-rack, certSerialId: null} reports an CLOSED replica.
2019-10-16 01:10:51,599 [EventQueue-ContainerReportForContainerReportHandler] WARN  container.ContainerReportHandler (AbstractContainerReportHandler.java:updateContainerState(145)) - Container #1 is in OPEN state, but the datanode 9e106ceb-2e48-4592-baea-5a074ecdeb7f{ip: 192.168.164.234, host: pr-hdds-1985-wgmpk-2951460010, networkLocation: /default-rack, certSerialId: null} reports an CLOSED replica.
2019-10-16 01:10:51,777 [BlockDeletingService#2] WARN  background.BlockDeletingService (BlockDeletingService.java:isDeletionAllowed(187)) - Close Container log Index 6 is not replicated across allthe servers in the pipeline 795bca3c-2629-405f-a5d8-f110391d6ad9 as the min replicated index is 4. Deletion is not allowed in this container yet.
2019-10-16 01:10:51,777 [BlockDeletingService#2] WARN  background.BlockDeletingService (BlockDeletingService.java:isDeletionAllowed(187)) - Close Container log Index 6 is not replicated across allthe servers in the pipeline 795bca3c-2629-405f-a5d8-f110391d6ad9 as the min replicated index is 4. Deletion is not allowed in this container yet.
2019-10-16 01:10:51,801 [EventQueue-ContainerReportForContainerReportHandler] WARN  container.ContainerReportHandler (AbstractContainerReportHandler.java:updateContainerState(145)) - Container #1 is in OPEN state, but the datanode 9e106ceb-2e48-4592-baea-5a074ecdeb7f{ip: 192.168.164.234, host: pr-hdds-1985-wgmpk-2951460010, networkLocation: /default-rack, certSerialId: null} reports an CLOSED replica.
2019-10-16 01:10:51,833 [EventQueue-ContainerReportForContainerReportHandler] WARN  container.ContainerReportHandler (AbstractContainerReportHandler.java:updateContainerState(145)) - Container #1 is in OPEN state, but the datanode bdf1820c-8b54-4379-867f-1e5a509c7465{ip: 192.168.164.234, host: pr-hdds-1985-wgmpk-2951460010, networkLocation: /default-rack, certSerialId: null} reports an CLOSED replica.
2019-10-16 01:10:52,101 [EventQueue-ContainerReportForContainerReportHandler] WARN  container.ContainerReportHandler (AbstractContainerReportHandler.java:updateContainerState(145)) - Container #1 is in OPEN state, but the datanode 9e106ceb-2e48-4592-baea-5a074ecdeb7f{ip: 192.168.164.234, host: pr-hdds-1985-wgmpk-2951460010, networkLocation: /default-rack, certSerialId: null} reports an CLOSED replica.
2019-10-16 01:10:52,133 [EventQueue-ContainerReportForContainerReportHandler] WARN  container.ContainerReportHandler (AbstractContainerReportHandler.java:updateContainerState(145)) - Container #1 is in OPEN state, but the datanode bdf1820c-8b54-4379-867f-1e5a509c7465{ip: 192.168.164.234, host: pr-hdds-1985-wgmpk-2951460010, networkLocation: /default-rack, certSerialId: null} reports an CLOSED replica.
2019-10-16 01:10:52,211 [java.util.concurrent.ThreadPoolExecutor$Worker@5536edd2[State = -1, empty queue]] WARN  server.GrpcLogAppender (GrpcLogAppender.java:timeoutAppendRequest(209)) - 9e106ceb-2e48-4592-baea-5a074ecdeb7f@group-F110391D6AD9->3d4afc67-c7e5-451f-ad84-7ee4adc2e156-GrpcLogAppender: appendEntries Timeout, request=9e106ceb-2e48-4592-baea-5a074ecdeb7f->3d4afc67-c7e5-451f-ad84-7ee4adc2e156#40-t2, previous=(t:2, i:10), leaderCommit=10, initializing? false, entries: <empty>
2019-10-16 01:10:52,435 [EventQueue-ContainerReportForContainerReportHandler] WARN  container.ContainerReportHandler (AbstractContainerReportHandler.java:updateContainerState(145)) - Container #1 is in OPEN state, but the datanode bdf1820c-8b54-4379-867f-1e5a509c7465{ip: 192.168.164.234, host: pr-hdds-1985-wgmpk-2951460010, networkLocation: /default-rack, certSerialId: null} reports an CLOSED replica.
2019-10-16 01:10:52,501 [EventQueue-ContainerReportForContainerReportHandler] WARN  container.ContainerReportHandler (AbstractContainerReportHandler.java:updateContainerState(145)) - Container #1 is in OPEN state, but the datanode 9e106ceb-2e48-4592-baea-5a074ecdeb7f{ip: 192.168.164.234, host: pr-hdds-1985-wgmpk-2951460010, networkLocation: /default-rack, certSerialId: null} reports an CLOSED replica.
2019-10-16 01:10:52,701 [EventQueue-ContainerReportForContainerReportHandler] WARN  container.ContainerReportHandler (AbstractContainerReportHandler.java:updateContainerState(145)) - Container #1 is in OPEN state, but the datanode 9e106ceb-2e48-4592-baea-5a074ecdeb7f{ip: 192.168.164.234, host: pr-hdds-1985-wgmpk-2951460010, networkLocation: /default-rack, certSerialId: null} reports an CLOSED replica.
2019-10-16 01:10:52,735 [EventQueue-ContainerReportForContainerReportHandler] WARN  container.ContainerReportHandler (AbstractContainerReportHandler.java:updateContainerState(145)) - Container #1 is in OPEN state, but the datanode bdf1820c-8b54-4379-867f-1e5a509c7465{ip: 192.168.164.234, host: pr-hdds-1985-wgmpk-2951460010, networkLocation: /default-rack, certSerialId: null} reports an CLOSED replica.
2019-10-16 01:10:52,779 [BlockDeletingService#2] WARN  background.BlockDeletingService (BlockDeletingService.java:isDeletionAllowed(187)) - Close Container log Index 6 is not replicated across allthe servers in the pipeline 795bca3c-2629-405f-a5d8-f110391d6ad9 as the min replicated index is 4. Deletion is not allowed in this container yet.
2019-10-16 01:10:52,779 [BlockDeletingService#2] WARN  background.BlockDeletingService (BlockDeletingService.java:isDeletionAllowed(187)) - Close Container log Index 6 is not replicated across allthe servers in the pipeline 795bca3c-2629-405f-a5d8-f110391d6ad9 as the min replicated index is 4. Deletion is not allowed in this container yet.
2019-10-16 01:10:53,036 [EventQueue-ContainerReportForContainerReportHandler] WARN  container.ContainerReportHandler (AbstractContainerReportHandler.java:updateContainerState(145)) - Container #1 is in OPEN state, but the datanode bdf1820c-8b54-4379-867f-1e5a509c7465{ip: 192.168.164.234, host: pr-hdds-1985-wgmpk-2951460010, networkLocation: /default-rack, certSerialId: null} reports an CLOSED replica.
2019-10-16 01:10:53,100 [EventQueue-ContainerReportForContainerReportHandler] WARN  container.ContainerReportHandler (AbstractContainerReportHandler.java:updateContainerState(145)) - Container #1 is in OPEN state, but the datanode 9e106ceb-2e48-4592-baea-5a074ecdeb7f{ip: 192.168.164.234, host: pr-hdds-1985-wgmpk-2951460010, networkLocation: /default-rack, certSerialId: null} reports an CLOSED replica.
2019-10-16 01:10:53,436 [EventQueue-ContainerReportForContainerReportHandler] WARN  container.ContainerReportHandler (AbstractContainerReportHandler.java:updateContainerState(145)) - Container #1 is in OPEN state, but the datanode bdf1820c-8b54-4379-867f-1e5a509c7465{ip: 192.168.164.234, host: pr-hdds-1985-wgmpk-2951460010, networkLocation: /default-rack, certSerialId: null} reports an CLOSED replica.
2019-10-16 01:10:53,501 [EventQueue-ContainerReportForContainerReportHandler] WARN  container.ContainerReportHandler (AbstractContainerReportHandler.java:updateContainerState(145)) - Container #1 is in OPEN state, but the datanode 9e106ceb-2e48-4592-baea-5a074ecdeb7f{ip: 192.168.164.234, host: pr-hdds-1985-wgmpk-2951460010, networkLocation: /default-rack, certSerialId: null} reports an CLOSED replica.
2019-10-16 01:10:53,637 [EventQueue-ContainerReportForContainerReportHandler] WARN  container.ContainerReportHandler (AbstractContainerReportHandler.java:updateContainerState(145)) - Container #1 is in OPEN state, but the datanode bdf1820c-8b54-4379-867f-1e5a509c7465{ip: 192.168.164.234, host: pr-hdds-1985-wgmpk-2951460010, networkLocation: /default-rack, certSerialId: null} reports an CLOSED replica.
2019-10-16 01:10:53,782 [BlockDeletingService#2] WARN  background.BlockDeletingService (BlockDeletingService.java:isDeletionAllowed(187)) - Close Container log Index 6 is not replicated across allthe servers in the pipeline 795bca3c-2629-405f-a5d8-f110391d6ad9 as the min replicated index is 4. Deletion is not allowed in this container yet.
2019-10-16 01:10:53,782 [BlockDeletingService#2] WARN  background.BlockDeletingService (BlockDeletingService.java:isDeletionAllowed(187)) - Close Container log Index 6 is not replicated across allthe servers in the pipeline 795bca3c-2629-405f-a5d8-f110391d6ad9 as the min replicated index is 4. Deletion is not allowed in this container yet.
2019-10-16 01:10:53,802 [EventQueue-ContainerReportForContainerReportHandler] WARN  container.ContainerReportHandler (AbstractContainerReportHandler.java:updateContainerState(145)) - Container #1 is in OPEN state, but the datanode 9e106ceb-2e48-4592-baea-5a074ecdeb7f{ip: 192.168.164.234, host: pr-hdds-1985-wgmpk-2951460010, networkLocation: /default-rack, certSerialId: null} reports an CLOSED replica.
2019-10-16 01:10:54,036 [EventQueue-ContainerReportForContainerReportHandler] WARN  container.ContainerReportHandler (AbstractContainerReportHandler.java:updateContainerState(145)) - Container #1 is in OPEN state, but the datanode bdf1820c-8b54-4379-867f-1e5a509c7465{ip: 192.168.164.234, host: pr-hdds-1985-wgmpk-2951460010, networkLocation: /default-rack, certSerialId: null} reports an CLOSED replica.
2019-10-16 01:10:54,202 [EventQueue-ContainerReportForContainerReportHandler] WARN  container.ContainerReportHandler (AbstractContainerReportHandler.java:updateContainerState(145)) - Container #1 is in OPEN state, but the datanode 9e106ceb-2e48-4592-baea-5a074ecdeb7f{ip: 192.168.164.234, host: pr-hdds-1985-wgmpk-2951460010, networkLocation: /default-rack, certSerialId: null} reports an CLOSED replica.
2019-10-16 01:10:54,437 [EventQueue-ContainerReportForContainerReportHandler] WARN  container.ContainerReportHandler (AbstractContainerReportHandler.java:updateContainerState(145)) - Container #1 is in OPEN state, but the datanode bdf1820c-8b54-4379-867f-1e5a509c7465{ip: 192.168.164.234, host: pr-hdds-1985-wgmpk-2951460010, networkLocation: /default-rack, certSerialId: null} reports an CLOSED replica.
2019-10-16 01:10:54,602 [EventQueue-ContainerReportForContainerReportHandler] WARN  container.ContainerReportHandler (AbstractContainerReportHandler.java:updateContainerState(145)) - Container #1 is in OPEN state, but the datanode 9e106ceb-2e48-4592-baea-5a074ecdeb7f{ip: 192.168.164.234, host: pr-hdds-1985-wgmpk-2951460010, networkLocation: /default-rack, certSerialId: null} reports an CLOSED replica.
2019-10-16 01:10:54,637 [EventQueue-ContainerReportForContainerReportHandler] WARN  container.ContainerReportHandler (AbstractContainerReportHandler.java:updateContainerState(145)) - Container #1 is in OPEN state, but the datanode bdf1820c-8b54-4379-867f-1e5a509c7465{ip: 192.168.164.234, host: pr-hdds-1985-wgmpk-2951460010, networkLocation: /default-rack, certSerialId: null} reports an CLOSED replica.
2019-10-16 01:10:54,714 [java.util.concurrent.ThreadPoolExecutor$Worker@5536edd2[State = -1, empty queue]] WARN  server.GrpcLogAppender (GrpcLogAppender.java:timeoutAppendRequest(209)) - 9e106ceb-2e48-4592-baea-5a074ecdeb7f@group-F110391D6AD9->3d4afc67-c7e5-451f-ad84-7ee4adc2e156-GrpcLogAppender: appendEntries Timeout, request=9e106ceb-2e48-4592-baea-5a074ecdeb7f->3d4afc67-c7e5-451f-ad84-7ee4adc2e156#41-t2, previous=(t:2, i:10), leaderCommit=10, initializing? false, entries: <empty>
2019-10-16 01:10:54,784 [BlockDeletingService#2] WARN  background.BlockDeletingService (BlockDeletingService.java:isDeletionAllowed(187)) - Close Container log Index 6 is not replicated across allthe servers in the pipeline 795bca3c-2629-405f-a5d8-f110391d6ad9 as the min replicated index is 4. Deletion is not allowed in this container yet.
2019-10-16 01:10:54,784 [BlockDeletingService#2] WARN  background.BlockDeletingService (BlockDeletingService.java:isDeletionAllowed(187)) - Close Container log Index 6 is not replicated across allthe servers in the pipeline 795bca3c-2629-405f-a5d8-f110391d6ad9 as the min replicated index is 4. Deletion is not allowed in this container yet.
2019-10-16 01:10:54,902 [EventQueue-ContainerReportForContainerReportHandler] WARN  container.ContainerReportHandler (AbstractContainerReportHandler.java:updateContainerState(145)) - Container #1 is in OPEN state, but the datanode 9e106ceb-2e48-4592-baea-5a074ecdeb7f{ip: 192.168.164.234, host: pr-hdds-1985-wgmpk-2951460010, networkLocation: /default-rack, certSerialId: null} reports an CLOSED replica.
2019-10-16 01:10:55,037 [EventQueue-ContainerReportForContainerReportHandler] WARN  container.ContainerReportHandler (AbstractContainerReportHandler.java:updateContainerState(145)) - Container #1 is in OPEN state, but the datanode bdf1820c-8b54-4379-867f-1e5a509c7465{ip: 192.168.164.234, host: pr-hdds-1985-wgmpk-2951460010, networkLocation: /default-rack, certSerialId: null} reports an CLOSED replica.
2019-10-16 01:10:55,202 [EventQueue-ContainerReportForContainerReportHandler] WARN  container.ContainerReportHandler (AbstractContainerReportHandler.java:updateContainerState(145)) - Container #1 is in OPEN state, but the datanode 9e106ceb-2e48-4592-baea-5a074ecdeb7f{ip: 192.168.164.234, host: pr-hdds-1985-wgmpk-2951460010, networkLocation: /default-rack, certSerialId: null} reports an CLOSED replica.
2019-10-16 01:10:55,336 [EventQueue-ContainerReportForContainerReportHandler] WARN  container.ContainerReportHandler (AbstractContainerReportHandler.java:updateContainerState(145)) - Container #1 is in OPEN state, but the datanode bdf1820c-8b54-4379-867f-1e5a509c7465{ip: 192.168.164.234, host: pr-hdds-1985-wgmpk-2951460010, networkLocation: /default-rack, certSerialId: null} reports an CLOSED replica.
2019-10-16 01:10:55,402 [EventQueue-ContainerReportForContainerReportHandler] WARN  container.ContainerReportHandler (AbstractContainerReportHandler.java:updateContainerState(145)) - Container #1 is in OPEN state, but the datanode 9e106ceb-2e48-4592-baea-5a074ecdeb7f{ip: 192.168.164.234, host: pr-hdds-1985-wgmpk-2951460010, networkLocation: /default-rack, certSerialId: null} reports an CLOSED replica.
2019-10-16 01:10:55,537 [EventQueue-ContainerReportForContainerReportHandler] WARN  container.ContainerReportHandler (AbstractContainerReportHandler.java:updateContainerState(145)) - Container #1 is in OPEN state, but the datanode bdf1820c-8b54-4379-867f-1e5a509c7465{ip: 192.168.164.234, host: pr-hdds-1985-wgmpk-2951460010, networkLocation: /default-rack, certSerialId: null} reports an CLOSED replica.
2019-10-16 01:10:55,683 [Thread-461] INFO  client.GrpcClientProtocolService (GrpcClientProtocolService.java:lambda$processClientRequest$0(278)) - Failed RaftClientRequest:client-901DCD72E87A->9e106ceb-2e48-4592-baea-5a074ecdeb7f@group-F110391D6AD9, cid=10, seq=0, Watch-ALL_COMMITTED(6), Message:<EMPTY>, reply=RaftClientReply:client-901DCD72E87A->9e106ceb-2e48-4592-baea-5a074ecdeb7f@group-F110391D6AD9, cid=10, FAILED org.apache.ratis.protocol.NotReplicatedException: Request with call Id 10 and log index 6 is not yet replicated to ALL_COMMITTED, logIndex=6, commits[9e106ceb-2e48-4592-baea-5a074ecdeb7f:c10, 3d4afc67-c7e5-451f-ad84-7ee4adc2e156:c4, bdf1820c-8b54-4379-867f-1e5a509c7465:c10]
2019-10-16 01:10:55,786 [BlockDeletingService#2] WARN  background.BlockDeletingService (BlockDeletingService.java:isDeletionAllowed(187)) - Close Container log Index 6 is not replicated across allthe servers in the pipeline 795bca3c-2629-405f-a5d8-f110391d6ad9 as the min replicated index is 4. Deletion is not allowed in this container yet.
2019-10-16 01:10:55,786 [BlockDeletingService#2] WARN  background.BlockDeletingService (BlockDeletingService.java:isDeletionAllowed(187)) - Close Container log Index 6 is not replicated across allthe servers in the pipeline 795bca3c-2629-405f-a5d8-f110391d6ad9 as the min replicated index is 4. Deletion is not allowed in this container yet.
2019-10-16 01:10:55,803 [EventQueue-ContainerReportForContainerReportHandler] WARN  container.ContainerReportHandler (AbstractContainerReportHandler.java:updateContainerState(145)) - Container #1 is in OPEN state, but the datanode 9e106ceb-2e48-4592-baea-5a074ecdeb7f{ip: 192.168.164.234, host: pr-hdds-1985-wgmpk-2951460010, networkLocation: /default-rack, certSerialId: null} reports an CLOSED replica.
2019-10-16 01:10:55,937 [EventQueue-ContainerReportForContainerReportHandler] WARN  container.ContainerReportHandler (AbstractContainerReportHandler.java:updateContainerState(145)) - Container #1 is in OPEN state, but the datanode bdf1820c-8b54-4379-867f-1e5a509c7465{ip: 192.168.164.234, host: pr-hdds-1985-wgmpk-2951460010, networkLocation: /default-rack, certSerialId: null} reports an CLOSED replica.
2019-10-16 01:10:56,103 [EventQueue-ContainerReportForContainerReportHandler] WARN  container.ContainerReportHandler (AbstractContainerReportHandler.java:updateContainerState(145)) - Container #1 is in OPEN state, but the datanode 9e106ceb-2e48-4592-baea-5a074ecdeb7f{ip: 192.168.164.234, host: pr-hdds-1985-wgmpk-2951460010, networkLocation: /default-rack, certSerialId: null} reports an CLOSED replica.
2019-10-16 01:10:56,237 [EventQueue-ContainerReportForContainerReportHandler] WARN  container.ContainerReportHandler (AbstractContainerReportHandler.java:updateContainerState(145)) - Container #1 is in OPEN state, but the datanode bdf1820c-8b54-4379-867f-1e5a509c7465{ip: 192.168.164.234, host: pr-hdds-1985-wgmpk-2951460010, networkLocation: /default-rack, certSerialId: null} reports an CLOSED replica.
2019-10-16 01:10:56,403 [EventQueue-ContainerReportForContainerReportHandler] WARN  container.ContainerReportHandler (AbstractContainerReportHandler.java:updateContainerState(145)) - Container #1 is in OPEN state, but the datanode 9e106ceb-2e48-4592-baea-5a074ecdeb7f{ip: 192.168.164.234, host: pr-hdds-1985-wgmpk-2951460010, networkLocation: /default-rack, certSerialId: null} reports an CLOSED replica.
2019-10-16 01:10:56,538 [EventQueue-ContainerReportForContainerReportHandler] WARN  container.ContainerReportHandler (AbstractContainerReportHandler.java:updateContainerState(145)) - Container #1 is in OPEN state, but the datanode bdf1820c-8b54-4379-867f-1e5a509c7465{ip: 192.168.164.234, host: pr-hdds-1985-wgmpk-2951460010, networkLocation: /default-rack, certSerialId: null} reports an CLOSED replica.
2019-10-16 01:10:56,790 [BlockDeletingService#2] WARN  background.BlockDeletingService (BlockDeletingService.java:isDeletionAllowed(187)) - Close Container log Index 6 is not replicated across allthe servers in the pipeline 795bca3c-2629-405f-a5d8-f110391d6ad9 as the min replicated index is 4. Deletion is not allowed in this container yet.
2019-10-16 01:10:56,790 [BlockDeletingService#2] WARN  background.BlockDeletingService (BlockDeletingService.java:isDeletionAllowed(187)) - Close Container log Index 6 is not replicated across allthe servers in the pipeline 795bca3c-2629-405f-a5d8-f110391d6ad9 as the min replicated index is 4. Deletion is not allowed in this container yet.
2019-10-16 01:10:56,803 [EventQueue-ContainerReportForContainerReportHandler] WARN  container.ContainerReportHandler (AbstractContainerReportHandler.java:updateContainerState(145)) - Container #1 is in OPEN state, but the datanode 9e106ceb-2e48-4592-baea-5a074ecdeb7f{ip: 192.168.164.234, host: pr-hdds-1985-wgmpk-2951460010, networkLocation: /default-rack, certSerialId: null} reports an CLOSED replica.
2019-10-16 01:10:56,838 [EventQueue-ContainerReportForContainerReportHandler] WARN  container.ContainerReportHandler (AbstractContainerReportHandler.java:updateContainerState(145)) - Container #1 is in OPEN state, but the datanode bdf1820c-8b54-4379-867f-1e5a509c7465{ip: 192.168.164.234, host: pr-hdds-1985-wgmpk-2951460010, networkLocation: /default-rack, certSerialId: null} reports an CLOSED replica.
2019-10-16 01:10:57,103 [EventQueue-ContainerReportForContainerReportHandler] WARN  container.ContainerReportHandler (AbstractContainerReportHandler.java:updateContainerState(145)) - Container #1 is in OPEN state, but the datanode 9e106ceb-2e48-4592-baea-5a074ecdeb7f{ip: 192.168.164.234, host: pr-hdds-1985-wgmpk-2951460010, networkLocation: /default-rack, certSerialId: null} reports an CLOSED replica.
2019-10-16 01:10:57,216 [java.util.concurrent.ThreadPoolExecutor$Worker@5536edd2[State = -1, empty queue]] WARN  server.GrpcLogAppender (GrpcLogAppender.java:timeoutAppendRequest(209)) - 9e106ceb-2e48-4592-baea-5a074ecdeb7f@group-F110391D6AD9->3d4afc67-c7e5-451f-ad84-7ee4adc2e156-GrpcLogAppender: appendEntries Timeout, request=9e106ceb-2e48-4592-baea-5a074ecdeb7f->3d4afc67-c7e5-451f-ad84-7ee4adc2e156#42-t2, previous=(t:2, i:10), leaderCommit=10, initializing? false, entries: <empty>
2019-10-16 01:10:57,238 [EventQueue-ContainerReportForContainerReportHandler] WARN  container.ContainerReportHandler (AbstractContainerReportHandler.java:updateContainerState(145)) - Container #1 is in OPEN state, but the datanode bdf1820c-8b54-4379-867f-1e5a509c7465{ip: 192.168.164.234, host: pr-hdds-1985-wgmpk-2951460010, networkLocation: /default-rack, certSerialId: null} reports an CLOSED replica.
2019-10-16 01:10:57,403 [EventQueue-ContainerReportForContainerReportHandler] WARN  container.ContainerReportHandler (AbstractContainerReportHandler.java:updateContainerState(145)) - Container #1 is in OPEN state, but the datanode 9e106ceb-2e48-4592-baea-5a074ecdeb7f{ip: 192.168.164.234, host: pr-hdds-1985-wgmpk-2951460010, networkLocation: /default-rack, certSerialId: null} reports an CLOSED replica.
2019-10-16 01:10:57,438 [EventQueue-ContainerReportForContainerReportHandler] WARN  container.ContainerReportHandler (AbstractContainerReportHandler.java:updateContainerState(145)) - Container #1 is in OPEN state, but the datanode bdf1820c-8b54-4379-867f-1e5a509c7465{ip: 192.168.164.234, host: pr-hdds-1985-wgmpk-2951460010, networkLocation: /default-rack, certSerialId: null} reports an CLOSED replica.
2019-10-16 01:10:57,703 [EventQueue-ContainerReportForContainerReportHandler] WARN  container.ContainerReportHandler (AbstractContainerReportHandler.java:updateContainerState(145)) - Container #1 is in OPEN state, but the datanode 9e106ceb-2e48-4592-baea-5a074ecdeb7f{ip: 192.168.164.234, host: pr-hdds-1985-wgmpk-2951460010, networkLocation: /default-rack, certSerialId: null} reports an CLOSED replica.
2019-10-16 01:10:57,739 [EventQueue-ContainerReportForContainerReportHandler] WARN  container.ContainerReportHandler (AbstractContainerReportHandler.java:updateContainerState(145)) - Container #1 is in OPEN state, but the datanode bdf1820c-8b54-4379-867f-1e5a509c7465{ip: 192.168.164.234, host: pr-hdds-1985-wgmpk-2951460010, networkLocation: /default-rack, certSerialId: null} reports an CLOSED replica.
2019-10-16 01:10:57,793 [BlockDeletingService#2] WARN  background.BlockDeletingService (BlockDeletingService.java:isDeletionAllowed(187)) - Close Container log Index 6 is not replicated across allthe servers in the pipeline 795bca3c-2629-405f-a5d8-f110391d6ad9 as the min replicated index is 4. Deletion is not allowed in this container yet.
2019-10-16 01:10:57,793 [BlockDeletingService#2] WARN  background.BlockDeletingService (BlockDeletingService.java:isDeletionAllowed(187)) - Close Container log Index 6 is not replicated across allthe servers in the pipeline 795bca3c-2629-405f-a5d8-f110391d6ad9 as the min replicated index is 4. Deletion is not allowed in this container yet.
2019-10-16 01:10:57,904 [EventQueue-ContainerReportForContainerReportHandler] WARN  container.ContainerReportHandler (AbstractContainerReportHandler.java:updateContainerState(145)) - Container #1 is in OPEN state, but the datanode 9e106ceb-2e48-4592-baea-5a074ecdeb7f{ip: 192.168.164.234, host: pr-hdds-1985-wgmpk-2951460010, networkLocation: /default-rack, certSerialId: null} reports an CLOSED replica.
2019-10-16 01:10:57,939 [EventQueue-ContainerReportForContainerReportHandler] WARN  container.ContainerReportHandler (AbstractContainerReportHandler.java:updateContainerState(145)) - Container #1 is in OPEN state, but the datanode bdf1820c-8b54-4379-867f-1e5a509c7465{ip: 192.168.164.234, host: pr-hdds-1985-wgmpk-2951460010, networkLocation: /default-rack, certSerialId: null} reports an CLOSED replica.
2019-10-16 01:10:58,238 [EventQueue-ContainerReportForContainerReportHandler] WARN  container.ContainerReportHandler (AbstractContainerReportHandler.java:updateContainerState(145)) - Container #1 is in OPEN state, but the datanode bdf1820c-8b54-4379-867f-1e5a509c7465{ip: 192.168.164.234, host: pr-hdds-1985-wgmpk-2951460010, networkLocation: /default-rack, certSerialId: null} reports an CLOSED replica.
2019-10-16 01:10:58,303 [EventQueue-ContainerReportForContainerReportHandler] WARN  container.ContainerReportHandler (AbstractContainerReportHandler.java:updateContainerState(145)) - Container #1 is in OPEN state, but the datanode 9e106ceb-2e48-4592-baea-5a074ecdeb7f{ip: 192.168.164.234, host: pr-hdds-1985-wgmpk-2951460010, networkLocation: /default-rack, certSerialId: null} reports an CLOSED replica.
2019-10-16 01:10:58,504 [EventQueue-ContainerReportForContainerReportHandler] WARN  container.ContainerReportHandler (AbstractContainerReportHandler.java:updateContainerState(145)) - Container #1 is in OPEN state, but the datanode 9e106ceb-2e48-4592-baea-5a074ecdeb7f{ip: 192.168.164.234, host: pr-hdds-1985-wgmpk-2951460010, networkLocation: /default-rack, certSerialId: null} reports an CLOSED replica.
2019-10-16 01:10:58,639 [EventQueue-ContainerReportForContainerReportHandler] WARN  container.ContainerReportHandler (AbstractContainerReportHandler.java:updateContainerState(145)) - Container #1 is in OPEN state, but the datanode bdf1820c-8b54-4379-867f-1e5a509c7465{ip: 192.168.164.234, host: pr-hdds-1985-wgmpk-2951460010, networkLocation: /default-rack, certSerialId: null} reports an CLOSED replica.
2019-10-16 01:10:58,797 [BlockDeletingService#2] WARN  background.BlockDeletingService (BlockDeletingService.java:isDeletionAllowed(187)) - Close Container log Index 6 is not replicated across allthe servers in the pipeline 795bca3c-2629-405f-a5d8-f110391d6ad9 as the min replicated index is 4. Deletion is not allowed in this container yet.
2019-10-16 01:10:58,797 [BlockDeletingService#2] WARN  background.BlockDeletingService (BlockDeletingService.java:isDeletionAllowed(187)) - Close Container log Index 6 is not replicated across allthe servers in the pipeline 795bca3c-2629-405f-a5d8-f110391d6ad9 as the min replicated index is 4. Deletion is not allowed in this container yet.
2019-10-16 01:10:58,804 [EventQueue-ContainerReportForContainerReportHandler] WARN  container.ContainerReportHandler (AbstractContainerReportHandler.java:updateContainerState(145)) - Container #1 is in OPEN state, but the datanode 9e106ceb-2e48-4592-baea-5a074ecdeb7f{ip: 192.168.164.234, host: pr-hdds-1985-wgmpk-2951460010, networkLocation: /default-rack, certSerialId: null} reports an CLOSED replica.
2019-10-16 01:10:59,039 [EventQueue-ContainerReportForContainerReportHandler] WARN  container.ContainerReportHandler (AbstractContainerReportHandler.java:updateContainerState(145)) - Container #1 is in OPEN state, but the datanode bdf1820c-8b54-4379-867f-1e5a509c7465{ip: 192.168.164.234, host: pr-hdds-1985-wgmpk-2951460010, networkLocation: /default-rack, certSerialId: null} reports an CLOSED replica.
2019-10-16 01:10:59,203 [EventQueue-ContainerReportForContainerReportHandler] WARN  container.ContainerReportHandler (AbstractContainerReportHandler.java:updateContainerState(145)) - Container #1 is in OPEN state, but the datanode 9e106ceb-2e48-4592-baea-5a074ecdeb7f{ip: 192.168.164.234, host: pr-hdds-1985-wgmpk-2951460010, networkLocation: /default-rack, certSerialId: null} reports an CLOSED replica.
2019-10-16 01:10:59,239 [EventQueue-ContainerReportForContainerReportHandler] WARN  container.ContainerReportHandler (AbstractContainerReportHandler.java:updateContainerState(145)) - Container #1 is in OPEN state, but the datanode bdf1820c-8b54-4379-867f-1e5a509c7465{ip: 192.168.164.234, host: pr-hdds-1985-wgmpk-2951460010, networkLocation: /default-rack, certSerialId: null} reports an CLOSED replica.
2019-10-16 01:10:59,440 [EventQueue-ContainerReportForContainerReportHandler] WARN  container.ContainerReportHandler (AbstractContainerReportHandler.java:updateContainerState(145)) - Container #1 is in OPEN state, but the datanode bdf1820c-8b54-4379-867f-1e5a509c7465{ip: 192.168.164.234, host: pr-hdds-1985-wgmpk-2951460010, networkLocation: /default-rack, certSerialId: null} reports an CLOSED replica.
2019-10-16 01:10:59,503 [EventQueue-ContainerReportForContainerReportHandler] WARN  container.ContainerReportHandler (AbstractContainerReportHandler.java:updateContainerState(145)) - Container #1 is in OPEN state, but the datanode 9e106ceb-2e48-4592-baea-5a074ecdeb7f{ip: 192.168.164.234, host: pr-hdds-1985-wgmpk-2951460010, networkLocation: /default-rack, certSerialId: null} reports an CLOSED replica.
2019-10-16 01:10:59,718 [java.util.concurrent.ThreadPoolExecutor$Worker@5536edd2[State = -1, empty queue]] WARN  server.GrpcLogAppender (GrpcLogAppender.java:timeoutAppendRequest(209)) - 9e106ceb-2e48-4592-baea-5a074ecdeb7f@group-F110391D6AD9->3d4afc67-c7e5-451f-ad84-7ee4adc2e156-GrpcLogAppender: appendEntries Timeout, request=9e106ceb-2e48-4592-baea-5a074ecdeb7f->3d4afc67-c7e5-451f-ad84-7ee4adc2e156#43-t2, previous=(t:2, i:10), leaderCommit=10, initializing? false, entries: <empty>
2019-10-16 01:10:59,740 [EventQueue-ContainerReportForContainerReportHandler] WARN  container.ContainerReportHandler (AbstractContainerReportHandler.java:updateContainerState(145)) - Container #1 is in OPEN state, but the datanode bdf1820c-8b54-4379-867f-1e5a509c7465{ip: 192.168.164.234, host: pr-hdds-1985-wgmpk-2951460010, networkLocation: /default-rack, certSerialId: null} reports an CLOSED replica.
2019-10-16 01:10:59,799 [BlockDeletingService#2] WARN  background.BlockDeletingService (BlockDeletingService.java:isDeletionAllowed(187)) - Close Container log Index 6 is not replicated across allthe servers in the pipeline 795bca3c-2629-405f-a5d8-f110391d6ad9 as the min replicated index is 4. Deletion is not allowed in this container yet.
2019-10-16 01:10:59,799 [BlockDeletingService#2] WARN  background.BlockDeletingService (BlockDeletingService.java:isDeletionAllowed(187)) - Close Container log Index 6 is not replicated across allthe servers in the pipeline 795bca3c-2629-405f-a5d8-f110391d6ad9 as the min replicated index is 4. Deletion is not allowed in this container yet.
2019-10-16 01:10:59,904 [EventQueue-ContainerReportForContainerReportHandler] WARN  container.ContainerReportHandler (AbstractContainerReportHandler.java:updateContainerState(145)) - Container #1 is in OPEN state, but the datanode 9e106ceb-2e48-4592-baea-5a074ecdeb7f{ip: 192.168.164.234, host: pr-hdds-1985-wgmpk-2951460010, networkLocation: /default-rack, certSerialId: null} reports an CLOSED replica.
2019-10-16 01:10:59,941 [EventQueue-ContainerReportForContainerReportHandler] WARN  container.ContainerReportHandler (AbstractContainerReportHandler.java:updateContainerState(145)) - Container #1 is in OPEN state, but the datanode bdf1820c-8b54-4379-867f-1e5a509c7465{ip: 192.168.164.234, host: pr-hdds-1985-wgmpk-2951460010, networkLocation: /default-rack, certSerialId: null} reports an CLOSED replica.
2019-10-16 01:11:00,204 [EventQueue-ContainerReportForContainerReportHandler] WARN  container.ContainerReportHandler (AbstractContainerReportHandler.java:updateContainerState(145)) - Container #1 is in OPEN state, but the datanode 9e106ceb-2e48-4592-baea-5a074ecdeb7f{ip: 192.168.164.234, host: pr-hdds-1985-wgmpk-2951460010, networkLocation: /default-rack, certSerialId: null} reports an CLOSED replica.
2019-10-16 01:11:00,342 [EventQueue-ContainerReportForContainerReportHandler] WARN  container.ContainerReportHandler (AbstractContainerReportHandler.java:updateContainerState(145)) - Container #1 is in OPEN state, but the datanode bdf1820c-8b54-4379-867f-1e5a509c7465{ip: 192.168.164.234, host: pr-hdds-1985-wgmpk-2951460010, networkLocation: /default-rack, certSerialId: null} reports an CLOSED replica.
2019-10-16 01:11:00,403 [EventQueue-ContainerReportForContainerReportHandler] WARN  container.ContainerReportHandler (AbstractContainerReportHandler.java:updateContainerState(145)) - Container #1 is in OPEN state, but the datanode 9e106ceb-2e48-4592-baea-5a074ecdeb7f{ip: 192.168.164.234, host: pr-hdds-1985-wgmpk-2951460010, networkLocation: /default-rack, certSerialId: null} reports an CLOSED replica.
2019-10-16 01:11:00,642 [EventQueue-ContainerReportForContainerReportHandler] WARN  container.ContainerReportHandler (AbstractContainerReportHandler.java:updateContainerState(145)) - Container #1 is in OPEN state, but the datanode bdf1820c-8b54-4379-867f-1e5a509c7465{ip: 192.168.164.234, host: pr-hdds-1985-wgmpk-2951460010, networkLocation: /default-rack, certSerialId: null} reports an CLOSED replica.
2019-10-16 01:11:00,704 [EventQueue-ContainerReportForContainerReportHandler] WARN  container.ContainerReportHandler (AbstractContainerReportHandler.java:updateContainerState(145)) - Container #1 is in OPEN state, but the datanode 9e106ceb-2e48-4592-baea-5a074ecdeb7f{ip: 192.168.164.234, host: pr-hdds-1985-wgmpk-2951460010, networkLocation: /default-rack, certSerialId: null} reports an CLOSED replica.
2019-10-16 01:11:00,801 [BlockDeletingService#2] WARN  background.BlockDeletingService (BlockDeletingService.java:isDeletionAllowed(187)) - Close Container log Index 6 is not replicated across allthe servers in the pipeline 795bca3c-2629-405f-a5d8-f110391d6ad9 as the min replicated index is 4. Deletion is not allowed in this container yet.
2019-10-16 01:11:00,801 [BlockDeletingService#2] WARN  background.BlockDeletingService (BlockDeletingService.java:isDeletionAllowed(187)) - Close Container log Index 6 is not replicated across allthe servers in the pipeline 795bca3c-2629-405f-a5d8-f110391d6ad9 as the min replicated index is 4. Deletion is not allowed in this container yet.
2019-10-16 01:11:00,904 [EventQueue-ContainerReportForContainerReportHandler] WARN  container.ContainerReportHandler (AbstractContainerReportHandler.java:updateContainerState(145)) - Container #1 is in OPEN state, but the datanode 9e106ceb-2e48-4592-baea-5a074ecdeb7f{ip: 192.168.164.234, host: pr-hdds-1985-wgmpk-2951460010, networkLocation: /default-rack, certSerialId: null} reports an CLOSED replica.
2019-10-16 01:11:00,942 [EventQueue-ContainerReportForContainerReportHandler] WARN  container.ContainerReportHandler (AbstractContainerReportHandler.java:updateContainerState(145)) - Container #1 is in OPEN state, but the datanode bdf1820c-8b54-4379-867f-1e5a509c7465{ip: 192.168.164.234, host: pr-hdds-1985-wgmpk-2951460010, networkLocation: /default-rack, certSerialId: null} reports an CLOSED replica.
2019-10-16 01:11:01,142 [EventQueue-ContainerReportForContainerReportHandler] WARN  container.ContainerReportHandler (AbstractContainerReportHandler.java:updateContainerState(145)) - Container #1 is in OPEN state, but the datanode bdf1820c-8b54-4379-867f-1e5a509c7465{ip: 192.168.164.234, host: pr-hdds-1985-wgmpk-2951460010, networkLocation: /default-rack, certSerialId: null} reports an CLOSED replica.
2019-10-16 01:11:01,205 [EventQueue-ContainerReportForContainerReportHandler] WARN  container.ContainerReportHandler (AbstractContainerReportHandler.java:updateContainerState(145)) - Container #1 is in OPEN state, but the datanode 9e106ceb-2e48-4592-baea-5a074ecdeb7f{ip: 192.168.164.234, host: pr-hdds-1985-wgmpk-2951460010, networkLocation: /default-rack, certSerialId: null} reports an CLOSED replica.
2019-10-16 01:11:01,442 [EventQueue-ContainerReportForContainerReportHandler] WARN  container.ContainerReportHandler (AbstractContainerReportHandler.java:updateContainerState(145)) - Container #1 is in OPEN state, but the datanode bdf1820c-8b54-4379-867f-1e5a509c7465{ip: 192.168.164.234, host: pr-hdds-1985-wgmpk-2951460010, networkLocation: /default-rack, certSerialId: null} reports an CLOSED replica.
2019-10-16 01:11:01,608 [EventQueue-ContainerReportForContainerReportHandler] WARN  container.ContainerReportHandler (AbstractContainerReportHandler.java:updateContainerState(145)) - Container #1 is in OPEN state, but the datanode 9e106ceb-2e48-4592-baea-5a074ecdeb7f{ip: 192.168.164.234, host: pr-hdds-1985-wgmpk-2951460010, networkLocation: /default-rack, certSerialId: null} reports an CLOSED replica.
2019-10-16 01:11:01,804 [BlockDeletingService#2] WARN  background.BlockDeletingService (BlockDeletingService.java:isDeletionAllowed(187)) - Close Container log Index 6 is not replicated across allthe servers in the pipeline 795bca3c-2629-405f-a5d8-f110391d6ad9 as the min replicated index is 4. Deletion is not allowed in this container yet.
2019-10-16 01:11:01,804 [BlockDeletingService#2] WARN  background.BlockDeletingService (BlockDeletingService.java:isDeletionAllowed(187)) - Close Container log Index 6 is not replicated across allthe servers in the pipeline 795bca3c-2629-405f-a5d8-f110391d6ad9 as the min replicated index is 4. Deletion is not allowed in this container yet.
2019-10-16 01:11:01,843 [EventQueue-ContainerReportForContainerReportHandler] WARN  container.ContainerReportHandler (AbstractContainerReportHandler.java:updateContainerState(145)) - Container #1 is in OPEN state, but the datanode bdf1820c-8b54-4379-867f-1e5a509c7465{ip: 192.168.164.234, host: pr-hdds-1985-wgmpk-2951460010, networkLocation: /default-rack, certSerialId: null} reports an CLOSED replica.
2019-10-16 01:11:01,908 [EventQueue-ContainerReportForContainerReportHandler] WARN  container.ContainerReportHandler (AbstractContainerReportHandler.java:updateContainerState(145)) - Container #1 is in OPEN state, but the datanode 9e106ceb-2e48-4592-baea-5a074ecdeb7f{ip: 192.168.164.234, host: pr-hdds-1985-wgmpk-2951460010, networkLocation: /default-rack, certSerialId: null} reports an CLOSED replica.
2019-10-16 01:11:02,043 [EventQueue-ContainerReportForContainerReportHandler] WARN  container.ContainerReportHandler (AbstractContainerReportHandler.java:updateContainerState(145)) - Container #1 is in OPEN state, but the datanode bdf1820c-8b54-4379-867f-1e5a509c7465{ip: 192.168.164.234, host: pr-hdds-1985-wgmpk-2951460010, networkLocation: /default-rack, certSerialId: null} reports an CLOSED replica.
2019-10-16 01:11:02,222 [java.util.concurrent.ThreadPoolExecutor$Worker@5536edd2[State = -1, empty queue]] WARN  server.GrpcLogAppender (GrpcLogAppender.java:timeoutAppendRequest(209)) - 9e106ceb-2e48-4592-baea-5a074ecdeb7f@group-F110391D6AD9->3d4afc67-c7e5-451f-ad84-7ee4adc2e156-GrpcLogAppender: appendEntries Timeout, request=9e106ceb-2e48-4592-baea-5a074ecdeb7f->3d4afc67-c7e5-451f-ad84-7ee4adc2e156#44-t2, previous=(t:2, i:10), leaderCommit=10, initializing? false, entries: <empty>
2019-10-16 01:11:02,244 [EventQueue-ContainerReportForContainerReportHandler] WARN  container.ContainerReportHandler (AbstractContainerReportHandler.java:updateContainerState(145)) - Container #1 is in OPEN state, but the datanode bdf1820c-8b54-4379-867f-1e5a509c7465{ip: 192.168.164.234, host: pr-hdds-1985-wgmpk-2951460010, networkLocation: /default-rack, certSerialId: null} reports an CLOSED replica.
2019-10-16 01:11:02,309 [EventQueue-ContainerReportForContainerReportHandler] WARN  container.ContainerReportHandler (AbstractContainerReportHandler.java:updateContainerState(145)) - Container #1 is in OPEN state, but the datanode 9e106ceb-2e48-4592-baea-5a074ecdeb7f{ip: 192.168.164.234, host: pr-hdds-1985-wgmpk-2951460010, networkLocation: /default-rack, certSerialId: null} reports an CLOSED replica.
2019-10-16 01:11:02,510 [EventQueue-ContainerReportForContainerReportHandler] WARN  container.ContainerReportHandler (AbstractContainerReportHandler.java:updateContainerState(145)) - Container #1 is in OPEN state, but the datanode 9e106ceb-2e48-4592-baea-5a074ecdeb7f{ip: 192.168.164.234, host: pr-hdds-1985-wgmpk-2951460010, networkLocation: /default-rack, certSerialId: null} reports an CLOSED replica.
2019-10-16 01:11:02,544 [EventQueue-ContainerReportForContainerReportHandler] WARN  container.ContainerReportHandler (AbstractContainerReportHandler.java:updateContainerState(145)) - Container #1 is in OPEN state, but the datanode bdf1820c-8b54-4379-867f-1e5a509c7465{ip: 192.168.164.234, host: pr-hdds-1985-wgmpk-2951460010, networkLocation: /default-rack, certSerialId: null} reports an CLOSED replica.
2019-10-16 01:11:02,806 [BlockDeletingService#2] WARN  background.BlockDeletingService (BlockDeletingService.java:isDeletionAllowed(187)) - Close Container log Index 6 is not replicated across allthe servers in the pipeline 795bca3c-2629-405f-a5d8-f110391d6ad9 as the min replicated index is 4. Deletion is not allowed in this container yet.
2019-10-16 01:11:02,806 [BlockDeletingService#2] WARN  background.BlockDeletingService (BlockDeletingService.java:isDeletionAllowed(187)) - Close Container log Index 6 is not replicated across allthe servers in the pipeline 795bca3c-2629-405f-a5d8-f110391d6ad9 as the min replicated index is 4. Deletion is not allowed in this container yet.
2019-10-16 01:11:02,811 [EventQueue-ContainerReportForContainerReportHandler] WARN  container.ContainerReportHandler (AbstractContainerReportHandler.java:updateContainerState(145)) - Container #1 is in OPEN state, but the datanode 9e106ceb-2e48-4592-baea-5a074ecdeb7f{ip: 192.168.164.234, host: pr-hdds-1985-wgmpk-2951460010, networkLocation: /default-rack, certSerialId: null} reports an CLOSED replica.
2019-10-16 01:11:02,944 [EventQueue-ContainerReportForContainerReportHandler] WARN  container.ContainerReportHandler (AbstractContainerReportHandler.java:updateContainerState(145)) - Container #1 is in OPEN state, but the datanode bdf1820c-8b54-4379-867f-1e5a509c7465{ip: 192.168.164.234, host: pr-hdds-1985-wgmpk-2951460010, networkLocation: /default-rack, certSerialId: null} reports an CLOSED replica.
2019-10-16 01:11:03,011 [EventQueue-ContainerReportForContainerReportHandler] WARN  container.ContainerReportHandler (AbstractContainerReportHandler.java:updateContainerState(145)) - Container #1 is in OPEN state, but the datanode 9e106ceb-2e48-4592-baea-5a074ecdeb7f{ip: 192.168.164.234, host: pr-hdds-1985-wgmpk-2951460010, networkLocation: /default-rack, certSerialId: null} reports an CLOSED replica.
2019-10-16 01:11:03,211 [EventQueue-ContainerReportForContainerReportHandler] WARN  container.ContainerReportHandler (AbstractContainerReportHandler.java:updateContainerState(145)) - Container #1 is in OPEN state, but the datanode 9e106ceb-2e48-4592-baea-5a074ecdeb7f{ip: 192.168.164.234, host: pr-hdds-1985-wgmpk-2951460010, networkLocation: /default-rack, certSerialId: null} reports an CLOSED replica.
2019-10-16 01:11:03,244 [EventQueue-ContainerReportForContainerReportHandler] WARN  container.ContainerReportHandler (AbstractContainerReportHandler.java:updateContainerState(145)) - Container #1 is in OPEN state, but the datanode bdf1820c-8b54-4379-867f-1e5a509c7465{ip: 192.168.164.234, host: pr-hdds-1985-wgmpk-2951460010, networkLocation: /default-rack, certSerialId: null} reports an CLOSED replica.
2019-10-16 01:11:03,515 [EventQueue-ContainerReportForContainerReportHandler] WARN  container.ContainerReportHandler (AbstractContainerReportHandler.java:updateContainerState(145)) - Container #1 is in OPEN state, but the datanode 9e106ceb-2e48-4592-baea-5a074ecdeb7f{ip: 192.168.164.234, host: pr-hdds-1985-wgmpk-2951460010, networkLocation: /default-rack, certSerialId: null} reports an CLOSED replica.
2019-10-16 01:11:03,544 [EventQueue-ContainerReportForContainerReportHandler] WARN  container.ContainerReportHandler (AbstractContainerReportHandler.java:updateContainerState(145)) - Container #1 is in OPEN state, but the datanode bdf1820c-8b54-4379-867f-1e5a509c7465{ip: 192.168.164.234, host: pr-hdds-1985-wgmpk-2951460010, networkLocation: /default-rack, certSerialId: null} reports an CLOSED replica.
2019-10-16 01:11:03,809 [BlockDeletingService#2] WARN  background.BlockDeletingService (BlockDeletingService.java:isDeletionAllowed(187)) - Close Container log Index 6 is not replicated across allthe servers in the pipeline 795bca3c-2629-405f-a5d8-f110391d6ad9 as the min replicated index is 4. Deletion is not allowed in this container yet.
2019-10-16 01:11:03,809 [BlockDeletingService#2] WARN  background.BlockDeletingService (BlockDeletingService.java:isDeletionAllowed(187)) - Close Container log Index 6 is not replicated across allthe servers in the pipeline 795bca3c-2629-405f-a5d8-f110391d6ad9 as the min replicated index is 4. Deletion is not allowed in this container yet.
2019-10-16 01:11:03,813 [EventQueue-ContainerReportForContainerReportHandler] WARN  container.ContainerReportHandler (AbstractContainerReportHandler.java:updateContainerState(145)) - Container #1 is in OPEN state, but the datanode 9e106ceb-2e48-4592-baea-5a074ecdeb7f{ip: 192.168.164.234, host: pr-hdds-1985-wgmpk-2951460010, networkLocation: /default-rack, certSerialId: null} reports an CLOSED replica.
2019-10-16 01:11:03,844 [EventQueue-ContainerReportForContainerReportHandler] WARN  container.ContainerReportHandler (AbstractContainerReportHandler.java:updateContainerState(145)) - Container #1 is in OPEN state, but the datanode bdf1820c-8b54-4379-867f-1e5a509c7465{ip: 192.168.164.234, host: pr-hdds-1985-wgmpk-2951460010, networkLocation: /default-rack, certSerialId: null} reports an CLOSED replica.
2019-10-16 01:11:03,905 [Thread-485] INFO  client.GrpcClientProtocolService (GrpcClientProtocolService.java:lambda$processClientRequest$0(278)) - Failed RaftClientRequest:client-901DCD72E87A->bdf1820c-8b54-4379-867f-1e5a509c7465@group-F110391D6AD9, cid=10, seq=0, Watch-ALL_COMMITTED(6), Message:<EMPTY>, reply=RaftClientReply:client-901DCD72E87A->bdf1820c-8b54-4379-867f-1e5a509c7465@group-F110391D6AD9, cid=10, FAILED org.apache.ratis.protocol.NotLeaderException: Server bdf1820c-8b54-4379-867f-1e5a509c7465@group-F110391D6AD9 is not the leader 9e106ceb-2e48-4592-baea-5a074ecdeb7f:192.168.164.234:46856, logIndex=0, commits[bdf1820c-8b54-4379-867f-1e5a509c7465:c10, 9e106ceb-2e48-4592-baea-5a074ecdeb7f:c10, 3d4afc67-c7e5-451f-ad84-7ee4adc2e156:c4]
2019-10-16 01:11:04,144 [EventQueue-ContainerReportForContainerReportHandler] WARN  container.ContainerReportHandler (AbstractContainerReportHandler.java:updateContainerState(145)) - Container #1 is in OPEN state, but the datanode bdf1820c-8b54-4379-867f-1e5a509c7465{ip: 192.168.164.234, host: pr-hdds-1985-wgmpk-2951460010, networkLocation: /default-rack, certSerialId: null} reports an CLOSED replica.
2019-10-16 01:11:04,216 [EventQueue-ContainerReportForContainerReportHandler] WARN  container.ContainerReportHandler (AbstractContainerReportHandler.java:updateContainerState(145)) - Container #1 is in OPEN state, but the datanode 9e106ceb-2e48-4592-baea-5a074ecdeb7f{ip: 192.168.164.234, host: pr-hdds-1985-wgmpk-2951460010, networkLocation: /default-rack, certSerialId: null} reports an CLOSED replica.
2019-10-16 01:11:04,444 [EventQueue-ContainerReportForContainerReportHandler] WARN  container.ContainerReportHandler (AbstractContainerReportHandler.java:updateContainerState(145)) - Container #1 is in OPEN state, but the datanode bdf1820c-8b54-4379-867f-1e5a509c7465{ip: 192.168.164.234, host: pr-hdds-1985-wgmpk-2951460010, networkLocation: /default-rack, certSerialId: null} reports an CLOSED replica.
2019-10-16 01:11:04,516 [EventQueue-ContainerReportForContainerReportHandler] WARN  container.ContainerReportHandler (AbstractContainerReportHandler.java:updateContainerState(145)) - Container #1 is in OPEN state, but the datanode 9e106ceb-2e48-4592-baea-5a074ecdeb7f{ip: 192.168.164.234, host: pr-hdds-1985-wgmpk-2951460010, networkLocation: /default-rack, certSerialId: null} reports an CLOSED replica.
2019-10-16 01:11:04,723 [java.util.concurrent.ThreadPoolExecutor$Worker@5536edd2[State = -1, empty queue]] WARN  server.GrpcLogAppender (GrpcLogAppender.java:timeoutAppendRequest(209)) - 9e106ceb-2e48-4592-baea-5a074ecdeb7f@group-F110391D6AD9->3d4afc67-c7e5-451f-ad84-7ee4adc2e156-GrpcLogAppender: appendEntries Timeout, request=9e106ceb-2e48-4592-baea-5a074ecdeb7f->3d4afc67-c7e5-451f-ad84-7ee4adc2e156#45-t2, previous=(t:2, i:10), leaderCommit=10, initializing? false, entries: <empty>
2019-10-16 01:11:04,743 [EventQueue-ContainerReportForContainerReportHandler] WARN  container.ContainerReportHandler (AbstractContainerReportHandler.java:updateContainerState(145)) - Container #1 is in OPEN state, but the datanode bdf1820c-8b54-4379-867f-1e5a509c7465{ip: 192.168.164.234, host: pr-hdds-1985-wgmpk-2951460010, networkLocation: /default-rack, certSerialId: null} reports an CLOSED replica.
2019-10-16 01:11:04,811 [BlockDeletingService#2] WARN  background.BlockDeletingService (BlockDeletingService.java:isDeletionAllowed(187)) - Close Container log Index 6 is not replicated across allthe servers in the pipeline 795bca3c-2629-405f-a5d8-f110391d6ad9 as the min replicated index is 4. Deletion is not allowed in this container yet.
2019-10-16 01:11:04,811 [BlockDeletingService#2] WARN  background.BlockDeletingService (BlockDeletingService.java:isDeletionAllowed(187)) - Close Container log Index 6 is not replicated across allthe servers in the pipeline 795bca3c-2629-405f-a5d8-f110391d6ad9 as the min replicated index is 4. Deletion is not allowed in this container yet.
2019-10-16 01:11:04,917 [EventQueue-ContainerReportForContainerReportHandler] WARN  container.ContainerReportHandler (AbstractContainerReportHandler.java:updateContainerState(145)) - Container #1 is in OPEN state, but the datanode 9e106ceb-2e48-4592-baea-5a074ecdeb7f{ip: 192.168.164.234, host: pr-hdds-1985-wgmpk-2951460010, networkLocation: /default-rack, certSerialId: null} reports an CLOSED replica.
2019-10-16 01:11:05,043 [EventQueue-ContainerReportForContainerReportHandler] WARN  container.ContainerReportHandler (AbstractContainerReportHandler.java:updateContainerState(145)) - Container #1 is in OPEN state, but the datanode bdf1820c-8b54-4379-867f-1e5a509c7465{ip: 192.168.164.234, host: pr-hdds-1985-wgmpk-2951460010, networkLocation: /default-rack, certSerialId: null} reports an CLOSED replica.
2019-10-16 01:11:05,217 [EventQueue-ContainerReportForContainerReportHandler] WARN  container.ContainerReportHandler (AbstractContainerReportHandler.java:updateContainerState(145)) - Container #1 is in OPEN state, but the datanode 9e106ceb-2e48-4592-baea-5a074ecdeb7f{ip: 192.168.164.234, host: pr-hdds-1985-wgmpk-2951460010, networkLocation: /default-rack, certSerialId: null} reports an CLOSED replica.
2019-10-16 01:11:05,344 [EventQueue-ContainerReportForContainerReportHandler] WARN  container.ContainerReportHandler (AbstractContainerReportHandler.java:updateContainerState(145)) - Container #1 is in OPEN state, but the datanode bdf1820c-8b54-4379-867f-1e5a509c7465{ip: 192.168.164.234, host: pr-hdds-1985-wgmpk-2951460010, networkLocation: /default-rack, certSerialId: null} reports an CLOSED replica.
2019-10-16 01:11:05,517 [EventQueue-ContainerReportForContainerReportHandler] WARN  container.ContainerReportHandler (AbstractContainerReportHandler.java:updateContainerState(145)) - Container #1 is in OPEN state, but the datanode 9e106ceb-2e48-4592-baea-5a074ecdeb7f{ip: 192.168.164.234, host: pr-hdds-1985-wgmpk-2951460010, networkLocation: /default-rack, certSerialId: null} reports an CLOSED replica.
2019-10-16 01:11:05,644 [EventQueue-ContainerReportForContainerReportHandler] WARN  container.ContainerReportHandler (AbstractContainerReportHandler.java:updateContainerState(145)) - Container #1 is in OPEN state, but the datanode bdf1820c-8b54-4379-867f-1e5a509c7465{ip: 192.168.164.234, host: pr-hdds-1985-wgmpk-2951460010, networkLocation: /default-rack, certSerialId: null} reports an CLOSED replica.
2019-10-16 01:11:05,683 [Thread-491] INFO  client.GrpcClientProtocolService (GrpcClientProtocolService.java:lambda$processClientRequest$0(278)) - Failed RaftClientRequest:client-901DCD72E87A->9e106ceb-2e48-4592-baea-5a074ecdeb7f@group-F110391D6AD9, cid=10, seq=0, Watch-ALL_COMMITTED(6), Message:<EMPTY>, reply=RaftClientReply:client-901DCD72E87A->9e106ceb-2e48-4592-baea-5a074ecdeb7f@group-F110391D6AD9, cid=10, FAILED org.apache.ratis.protocol.NotReplicatedException: Request with call Id 10 and log index 6 is not yet replicated to ALL_COMMITTED, logIndex=6, commits[9e106ceb-2e48-4592-baea-5a074ecdeb7f:c10, 3d4afc67-c7e5-451f-ad84-7ee4adc2e156:c4, bdf1820c-8b54-4379-867f-1e5a509c7465:c10]
2019-10-16 01:11:05,718 [EventQueue-ContainerReportForContainerReportHandler] WARN  container.ContainerReportHandler (AbstractContainerReportHandler.java:updateContainerState(145)) - Container #1 is in OPEN state, but the datanode 9e106ceb-2e48-4592-baea-5a074ecdeb7f{ip: 192.168.164.234, host: pr-hdds-1985-wgmpk-2951460010, networkLocation: /default-rack, certSerialId: null} reports an CLOSED replica.
2019-10-16 01:11:05,813 [BlockDeletingService#2] WARN  background.BlockDeletingService (BlockDeletingService.java:isDeletionAllowed(187)) - Close Container log Index 6 is not replicated across allthe servers in the pipeline 795bca3c-2629-405f-a5d8-f110391d6ad9 as the min replicated index is 4. Deletion is not allowed in this container yet.
2019-10-16 01:11:05,814 [BlockDeletingService#2] WARN  background.BlockDeletingService (BlockDeletingService.java:isDeletionAllowed(187)) - Close Container log Index 6 is not replicated across allthe servers in the pipeline 795bca3c-2629-405f-a5d8-f110391d6ad9 as the min replicated index is 4. Deletion is not allowed in this container yet.
2019-10-16 01:11:05,845 [EventQueue-ContainerReportForContainerReportHandler] WARN  container.ContainerReportHandler (AbstractContainerReportHandler.java:updateContainerState(145)) - Container #1 is in OPEN state, but the datanode bdf1820c-8b54-4379-867f-1e5a509c7465{ip: 192.168.164.234, host: pr-hdds-1985-wgmpk-2951460010, networkLocation: /default-rack, certSerialId: null} reports an CLOSED replica.
2019-10-16 01:11:06,118 [EventQueue-ContainerReportForContainerReportHandler] WARN  container.ContainerReportHandler (AbstractContainerReportHandler.java:updateContainerState(145)) - Container #1 is in OPEN state, but the datanode 9e106ceb-2e48-4592-baea-5a074ecdeb7f{ip: 192.168.164.234, host: pr-hdds-1985-wgmpk-2951460010, networkLocation: /default-rack, certSerialId: null} reports an CLOSED replica.
2019-10-16 01:11:06,145 [EventQueue-ContainerReportForContainerReportHandler] WARN  container.ContainerReportHandler (AbstractContainerReportHandler.java:updateContainerState(145)) - Container #1 is in OPEN state, but the datanode bdf1820c-8b54-4379-867f-1e5a509c7465{ip: 192.168.164.234, host: pr-hdds-1985-wgmpk-2951460010, networkLocation: /default-rack, certSerialId: null} reports an CLOSED replica.
2019-10-16 01:11:06,520 [EventQueue-ContainerReportForContainerReportHandler] WARN  container.ContainerReportHandler (AbstractContainerReportHandler.java:updateContainerState(145)) - Container #1 is in OPEN state, but the datanode 9e106ceb-2e48-4592-baea-5a074ecdeb7f{ip: 192.168.164.234, host: pr-hdds-1985-wgmpk-2951460010, networkLocation: /default-rack, certSerialId: null} reports an CLOSED replica.
2019-10-16 01:11:06,545 [EventQueue-ContainerReportForContainerReportHandler] WARN  container.ContainerReportHandler (AbstractContainerReportHandler.java:updateContainerState(145)) - Container #1 is in OPEN state, but the datanode bdf1820c-8b54-4379-867f-1e5a509c7465{ip: 192.168.164.234, host: pr-hdds-1985-wgmpk-2951460010, networkLocation: /default-rack, certSerialId: null} reports an CLOSED replica.
2019-10-16 01:11:06,817 [BlockDeletingService#2] WARN  background.BlockDeletingService (BlockDeletingService.java:isDeletionAllowed(187)) - Close Container log Index 6 is not replicated across allthe servers in the pipeline 795bca3c-2629-405f-a5d8-f110391d6ad9 as the min replicated index is 4. Deletion is not allowed in this container yet.
2019-10-16 01:11:06,817 [BlockDeletingService#2] WARN  background.BlockDeletingService (BlockDeletingService.java:isDeletionAllowed(187)) - Close Container log Index 6 is not replicated across allthe servers in the pipeline 795bca3c-2629-405f-a5d8-f110391d6ad9 as the min replicated index is 4. Deletion is not allowed in this container yet.
2019-10-16 01:11:06,820 [EventQueue-ContainerReportForContainerReportHandler] WARN  container.ContainerReportHandler (AbstractContainerReportHandler.java:updateContainerState(145)) - Container #1 is in OPEN state, but the datanode 9e106ceb-2e48-4592-baea-5a074ecdeb7f{ip: 192.168.164.234, host: pr-hdds-1985-wgmpk-2951460010, networkLocation: /default-rack, certSerialId: null} reports an CLOSED replica.
2019-10-16 01:11:06,845 [EventQueue-ContainerReportForContainerReportHandler] WARN  container.ContainerReportHandler (AbstractContainerReportHandler.java:updateContainerState(145)) - Container #1 is in OPEN state, but the datanode bdf1820c-8b54-4379-867f-1e5a509c7465{ip: 192.168.164.234, host: pr-hdds-1985-wgmpk-2951460010, networkLocation: /default-rack, certSerialId: null} reports an CLOSED replica.
2019-10-16 01:11:07,021 [EventQueue-ContainerReportForContainerReportHandler] WARN  container.ContainerReportHandler (AbstractContainerReportHandler.java:updateContainerState(145)) - Container #1 is in OPEN state, but the datanode 9e106ceb-2e48-4592-baea-5a074ecdeb7f{ip: 192.168.164.234, host: pr-hdds-1985-wgmpk-2951460010, networkLocation: /default-rack, certSerialId: null} reports an CLOSED replica.
2019-10-16 01:11:07,045 [EventQueue-ContainerReportForContainerReportHandler] WARN  container.ContainerReportHandler (AbstractContainerReportHandler.java:updateContainerState(145)) - Container #1 is in OPEN state, but the datanode bdf1820c-8b54-4379-867f-1e5a509c7465{ip: 192.168.164.234, host: pr-hdds-1985-wgmpk-2951460010, networkLocation: /default-rack, certSerialId: null} reports an CLOSED replica.
2019-10-16 01:11:07,224 [java.util.concurrent.ThreadPoolExecutor$Worker@5536edd2[State = -1, empty queue]] WARN  server.GrpcLogAppender (GrpcLogAppender.java:timeoutAppendRequest(209)) - 9e106ceb-2e48-4592-baea-5a074ecdeb7f@group-F110391D6AD9->3d4afc67-c7e5-451f-ad84-7ee4adc2e156-GrpcLogAppender: appendEntries Timeout, request=9e106ceb-2e48-4592-baea-5a074ecdeb7f->3d4afc67-c7e5-451f-ad84-7ee4adc2e156#46-t2, previous=(t:2, i:10), leaderCommit=10, initializing? false, entries: <empty>
2019-10-16 01:11:07,321 [EventQueue-ContainerReportForContainerReportHandler] WARN  container.ContainerReportHandler (AbstractContainerReportHandler.java:updateContainerState(145)) - Container #1 is in OPEN state, but the datanode 9e106ceb-2e48-4592-baea-5a074ecdeb7f{ip: 192.168.164.234, host: pr-hdds-1985-wgmpk-2951460010, networkLocation: /default-rack, certSerialId: null} reports an CLOSED replica.
2019-10-16 01:11:07,345 [EventQueue-ContainerReportForContainerReportHandler] WARN  container.ContainerReportHandler (AbstractContainerReportHandler.java:updateContainerState(145)) - Container #1 is in OPEN state, but the datanode bdf1820c-8b54-4379-867f-1e5a509c7465{ip: 192.168.164.234, host: pr-hdds-1985-wgmpk-2951460010, networkLocation: /default-rack, certSerialId: null} reports an CLOSED replica.
2019-10-16 01:11:07,521 [EventQueue-ContainerReportForContainerReportHandler] WARN  container.ContainerReportHandler (AbstractContainerReportHandler.java:updateContainerState(145)) - Container #1 is in OPEN state, but the datanode 9e106ceb-2e48-4592-baea-5a074ecdeb7f{ip: 192.168.164.234, host: pr-hdds-1985-wgmpk-2951460010, networkLocation: /default-rack, certSerialId: null} reports an CLOSED replica.
2019-10-16 01:11:07,546 [EventQueue-ContainerReportForContainerReportHandler] WARN  container.ContainerReportHandler (AbstractContainerReportHandler.java:updateContainerState(145)) - Container #1 is in OPEN state, but the datanode bdf1820c-8b54-4379-867f-1e5a509c7465{ip: 192.168.164.234, host: pr-hdds-1985-wgmpk-2951460010, networkLocation: /default-rack, certSerialId: null} reports an CLOSED replica.
2019-10-16 01:11:07,819 [BlockDeletingService#2] WARN  background.BlockDeletingService (BlockDeletingService.java:isDeletionAllowed(187)) - Close Container log Index 6 is not replicated across allthe servers in the pipeline 795bca3c-2629-405f-a5d8-f110391d6ad9 as the min replicated index is 4. Deletion is not allowed in this container yet.
2019-10-16 01:11:07,819 [BlockDeletingService#2] WARN  background.BlockDeletingService (BlockDeletingService.java:isDeletionAllowed(187)) - Close Container log Index 6 is not replicated across allthe servers in the pipeline 795bca3c-2629-405f-a5d8-f110391d6ad9 as the min replicated index is 4. Deletion is not allowed in this container yet.
2019-10-16 01:11:07,821 [EventQueue-ContainerReportForContainerReportHandler] WARN  container.ContainerReportHandler (AbstractContainerReportHandler.java:updateContainerState(145)) - Container #1 is in OPEN state, but the datanode 9e106ceb-2e48-4592-baea-5a074ecdeb7f{ip: 192.168.164.234, host: pr-hdds-1985-wgmpk-2951460010, networkLocation: /default-rack, certSerialId: null} reports an CLOSED replica.
2019-10-16 01:11:07,846 [EventQueue-ContainerReportForContainerReportHandler] WARN  container.ContainerReportHandler (AbstractContainerReportHandler.java:updateContainerState(145)) - Container #1 is in OPEN state, but the datanode bdf1820c-8b54-4379-867f-1e5a509c7465{ip: 192.168.164.234, host: pr-hdds-1985-wgmpk-2951460010, networkLocation: /default-rack, certSerialId: null} reports an CLOSED replica.
2019-10-16 01:11:08,023 [EventQueue-ContainerReportForContainerReportHandler] WARN  container.ContainerReportHandler (AbstractContainerReportHandler.java:updateContainerState(145)) - Container #1 is in OPEN state, but the datanode 9e106ceb-2e48-4592-baea-5a074ecdeb7f{ip: 192.168.164.234, host: pr-hdds-1985-wgmpk-2951460010, networkLocation: /default-rack, certSerialId: null} reports an CLOSED replica.
2019-10-16 01:11:08,246 [EventQueue-ContainerReportForContainerReportHandler] WARN  container.ContainerReportHandler (AbstractContainerReportHandler.java:updateContainerState(145)) - Container #1 is in OPEN state, but the datanode bdf1820c-8b54-4379-867f-1e5a509c7465{ip: 192.168.164.234, host: pr-hdds-1985-wgmpk-2951460010, networkLocation: /default-rack, certSerialId: null} reports an CLOSED replica.
2019-10-16 01:11:08,324 [EventQueue-ContainerReportForContainerReportHandler] WARN  container.ContainerReportHandler (AbstractContainerReportHandler.java:updateContainerState(145)) - Container #1 is in OPEN state, but the datanode 9e106ceb-2e48-4592-baea-5a074ecdeb7f{ip: 192.168.164.234, host: pr-hdds-1985-wgmpk-2951460010, networkLocation: /default-rack, certSerialId: null} reports an CLOSED replica.
2019-10-16 01:11:08,545 [EventQueue-ContainerReportForContainerReportHandler] WARN  container.ContainerReportHandler (AbstractContainerReportHandler.java:updateContainerState(145)) - Container #1 is in OPEN state, but the datanode bdf1820c-8b54-4379-867f-1e5a509c7465{ip: 192.168.164.234, host: pr-hdds-1985-wgmpk-2951460010, networkLocation: /default-rack, certSerialId: null} reports an CLOSED replica.
2019-10-16 01:11:08,623 [EventQueue-ContainerReportForContainerReportHandler] WARN  container.ContainerReportHandler (AbstractContainerReportHandler.java:updateContainerState(145)) - Container #1 is in OPEN state, but the datanode 9e106ceb-2e48-4592-baea-5a074ecdeb7f{ip: 192.168.164.234, host: pr-hdds-1985-wgmpk-2951460010, networkLocation: /default-rack, certSerialId: null} reports an CLOSED replica.
2019-10-16 01:11:08,821 [BlockDeletingService#2] WARN  background.BlockDeletingService (BlockDeletingService.java:isDeletionAllowed(187)) - Close Container log Index 6 is not replicated across allthe servers in the pipeline 795bca3c-2629-405f-a5d8-f110391d6ad9 as the min replicated index is 4. Deletion is not allowed in this container yet.
2019-10-16 01:11:08,821 [BlockDeletingService#2] WARN  background.BlockDeletingService (BlockDeletingService.java:isDeletionAllowed(187)) - Close Container log Index 6 is not replicated across allthe servers in the pipeline 795bca3c-2629-405f-a5d8-f110391d6ad9 as the min replicated index is 4. Deletion is not allowed in this container yet.
2019-10-16 01:11:08,923 [EventQueue-ContainerReportForContainerReportHandler] WARN  container.ContainerReportHandler (AbstractContainerReportHandler.java:updateContainerState(145)) - Container #1 is in OPEN state, but the datanode 9e106ceb-2e48-4592-baea-5a074ecdeb7f{ip: 192.168.164.234, host: pr-hdds-1985-wgmpk-2951460010, networkLocation: /default-rack, certSerialId: null} reports an CLOSED replica.
2019-10-16 01:11:08,946 [EventQueue-ContainerReportForContainerReportHandler] WARN  container.ContainerReportHandler (AbstractContainerReportHandler.java:updateContainerState(145)) - Container #1 is in OPEN state, but the datanode bdf1820c-8b54-4379-867f-1e5a509c7465{ip: 192.168.164.234, host: pr-hdds-1985-wgmpk-2951460010, networkLocation: /default-rack, certSerialId: null} reports an CLOSED replica.
2019-10-16 01:11:09,123 [EventQueue-ContainerReportForContainerReportHandler] WARN  container.ContainerReportHandler (AbstractContainerReportHandler.java:updateContainerState(145)) - Container #1 is in OPEN state, but the datanode 9e106ceb-2e48-4592-baea-5a074ecdeb7f{ip: 192.168.164.234, host: pr-hdds-1985-wgmpk-2951460010, networkLocation: /default-rack, certSerialId: null} reports an CLOSED replica.
2019-10-16 01:11:09,147 [EventQueue-ContainerReportForContainerReportHandler] WARN  container.ContainerReportHandler (AbstractContainerReportHandler.java:updateContainerState(145)) - Container #1 is in OPEN state, but the datanode bdf1820c-8b54-4379-867f-1e5a509c7465{ip: 192.168.164.234, host: pr-hdds-1985-wgmpk-2951460010, networkLocation: /default-rack, certSerialId: null} reports an CLOSED replica.
2019-10-16 01:11:09,446 [EventQueue-ContainerReportForContainerReportHandler] WARN  container.ContainerReportHandler (AbstractContainerReportHandler.java:updateContainerState(145)) - Container #1 is in OPEN state, but the datanode bdf1820c-8b54-4379-867f-1e5a509c7465{ip: 192.168.164.234, host: pr-hdds-1985-wgmpk-2951460010, networkLocation: /default-rack, certSerialId: null} reports an CLOSED replica.
2019-10-16 01:11:09,523 [EventQueue-ContainerReportForContainerReportHandler] WARN  container.ContainerReportHandler (AbstractContainerReportHandler.java:updateContainerState(145)) - Container #1 is in OPEN state, but the datanode 9e106ceb-2e48-4592-baea-5a074ecdeb7f{ip: 192.168.164.234, host: pr-hdds-1985-wgmpk-2951460010, networkLocation: /default-rack, certSerialId: null} reports an CLOSED replica.
2019-10-16 01:11:09,723 [EventQueue-ContainerReportForContainerReportHandler] WARN  container.ContainerReportHandler (AbstractContainerReportHandler.java:updateContainerState(145)) - Container #1 is in OPEN state, but the datanode 9e106ceb-2e48-4592-baea-5a074ecdeb7f{ip: 192.168.164.234, host: pr-hdds-1985-wgmpk-2951460010, networkLocation: /default-rack, certSerialId: null} reports an CLOSED replica.
2019-10-16 01:11:09,726 [java.util.concurrent.ThreadPoolExecutor$Worker@5536edd2[State = -1, empty queue]] WARN  server.GrpcLogAppender (GrpcLogAppender.java:timeoutAppendRequest(209)) - 9e106ceb-2e48-4592-baea-5a074ecdeb7f@group-F110391D6AD9->3d4afc67-c7e5-451f-ad84-7ee4adc2e156-GrpcLogAppender: appendEntries Timeout, request=9e106ceb-2e48-4592-baea-5a074ecdeb7f->3d4afc67-c7e5-451f-ad84-7ee4adc2e156#47-t2, previous=(t:2, i:10), leaderCommit=10, initializing? false, entries: <empty>
2019-10-16 01:11:09,822 [BlockDeletingService#2] WARN  background.BlockDeletingService (BlockDeletingService.java:isDeletionAllowed(187)) - Close Container log Index 6 is not replicated across allthe servers in the pipeline 795bca3c-2629-405f-a5d8-f110391d6ad9 as the min replicated index is 4. Deletion is not allowed in this container yet.
2019-10-16 01:11:09,823 [BlockDeletingService#2] WARN  background.BlockDeletingService (BlockDeletingService.java:isDeletionAllowed(187)) - Close Container log Index 6 is not replicated across allthe servers in the pipeline 795bca3c-2629-405f-a5d8-f110391d6ad9 as the min replicated index is 4. Deletion is not allowed in this container yet.
2019-10-16 01:11:09,846 [EventQueue-ContainerReportForContainerReportHandler] WARN  container.ContainerReportHandler (AbstractContainerReportHandler.java:updateContainerState(145)) - Container #1 is in OPEN state, but the datanode bdf1820c-8b54-4379-867f-1e5a509c7465{ip: 192.168.164.234, host: pr-hdds-1985-wgmpk-2951460010, networkLocation: /default-rack, certSerialId: null} reports an CLOSED replica.
2019-10-16 01:11:10,124 [EventQueue-ContainerReportForContainerReportHandler] WARN  container.ContainerReportHandler (AbstractContainerReportHandler.java:updateContainerState(145)) - Container #1 is in OPEN state, but the datanode 9e106ceb-2e48-4592-baea-5a074ecdeb7f{ip: 192.168.164.234, host: pr-hdds-1985-wgmpk-2951460010, networkLocation: /default-rack, certSerialId: null} reports an CLOSED replica.
2019-10-16 01:11:10,248 [EventQueue-ContainerReportForContainerReportHandler] WARN  container.ContainerReportHandler (AbstractContainerReportHandler.java:updateContainerState(145)) - Container #1 is in OPEN state, but the datanode bdf1820c-8b54-4379-867f-1e5a509c7465{ip: 192.168.164.234, host: pr-hdds-1985-wgmpk-2951460010, networkLocation: /default-rack, certSerialId: null} reports an CLOSED replica.
2019-10-16 01:11:10,425 [EventQueue-ContainerReportForContainerReportHandler] WARN  container.ContainerReportHandler (AbstractContainerReportHandler.java:updateContainerState(145)) - Container #1 is in OPEN state, but the datanode 9e106ceb-2e48-4592-baea-5a074ecdeb7f{ip: 192.168.164.234, host: pr-hdds-1985-wgmpk-2951460010, networkLocation: /default-rack, certSerialId: null} reports an CLOSED replica.
2019-10-16 01:11:10,448 [EventQueue-ContainerReportForContainerReportHandler] WARN  container.ContainerReportHandler (AbstractContainerReportHandler.java:updateContainerState(145)) - Container #1 is in OPEN state, but the datanode bdf1820c-8b54-4379-867f-1e5a509c7465{ip: 192.168.164.234, host: pr-hdds-1985-wgmpk-2951460010, networkLocation: /default-rack, certSerialId: null} reports an CLOSED replica.
2019-10-16 01:11:10,725 [EventQueue-ContainerReportForContainerReportHandler] WARN  container.ContainerReportHandler (AbstractContainerReportHandler.java:updateContainerState(145)) - Container #1 is in OPEN state, but the datanode 9e106ceb-2e48-4592-baea-5a074ecdeb7f{ip: 192.168.164.234, host: pr-hdds-1985-wgmpk-2951460010, networkLocation: /default-rack, certSerialId: null} reports an CLOSED replica.
2019-10-16 01:11:10,747 [EventQueue-ContainerReportForContainerReportHandler] WARN  container.ContainerReportHandler (AbstractContainerReportHandler.java:updateContainerState(145)) - Container #1 is in OPEN state, but the datanode bdf1820c-8b54-4379-867f-1e5a509c7465{ip: 192.168.164.234, host: pr-hdds-1985-wgmpk-2951460010, networkLocation: /default-rack, certSerialId: null} reports an CLOSED replica.
2019-10-16 01:11:10,826 [BlockDeletingService#2] WARN  background.BlockDeletingService (BlockDeletingService.java:isDeletionAllowed(187)) - Close Container log Index 6 is not replicated across allthe servers in the pipeline 795bca3c-2629-405f-a5d8-f110391d6ad9 as the min replicated index is 4. Deletion is not allowed in this container yet.
2019-10-16 01:11:10,826 [BlockDeletingService#2] WARN  background.BlockDeletingService (BlockDeletingService.java:isDeletionAllowed(187)) - Close Container log Index 6 is not replicated across allthe servers in the pipeline 795bca3c-2629-405f-a5d8-f110391d6ad9 as the min replicated index is 4. Deletion is not allowed in this container yet.
2019-10-16 01:11:10,948 [EventQueue-ContainerReportForContainerReportHandler] WARN  container.ContainerReportHandler (AbstractContainerReportHandler.java:updateContainerState(145)) - Container #1 is in OPEN state, but the datanode bdf1820c-8b54-4379-867f-1e5a509c7465{ip: 192.168.164.234, host: pr-hdds-1985-wgmpk-2951460010, networkLocation: /default-rack, certSerialId: null} reports an CLOSED replica.
2019-10-16 01:11:11,025 [EventQueue-ContainerReportForContainerReportHandler] WARN  container.ContainerReportHandler (AbstractContainerReportHandler.java:updateContainerState(145)) - Container #1 is in OPEN state, but the datanode 9e106ceb-2e48-4592-baea-5a074ecdeb7f{ip: 192.168.164.234, host: pr-hdds-1985-wgmpk-2951460010, networkLocation: /default-rack, certSerialId: null} reports an CLOSED replica.
2019-10-16 01:11:11,225 [EventQueue-ContainerReportForContainerReportHandler] WARN  container.ContainerReportHandler (AbstractContainerReportHandler.java:updateContainerState(145)) - Container #1 is in OPEN state, but the datanode 9e106ceb-2e48-4592-baea-5a074ecdeb7f{ip: 192.168.164.234, host: pr-hdds-1985-wgmpk-2951460010, networkLocation: /default-rack, certSerialId: null} reports an CLOSED replica.
2019-10-16 01:11:11,247 [EventQueue-ContainerReportForContainerReportHandler] WARN  container.ContainerReportHandler (AbstractContainerReportHandler.java:updateContainerState(145)) - Container #1 is in OPEN state, but the datanode bdf1820c-8b54-4379-867f-1e5a509c7465{ip: 192.168.164.234, host: pr-hdds-1985-wgmpk-2951460010, networkLocation: /default-rack, certSerialId: null} reports an CLOSED replica.
2019-10-16 01:11:11,525 [EventQueue-ContainerReportForContainerReportHandler] WARN  container.ContainerReportHandler (AbstractContainerReportHandler.java:updateContainerState(145)) - Container #1 is in OPEN state, but the datanode 9e106ceb-2e48-4592-baea-5a074ecdeb7f{ip: 192.168.164.234, host: pr-hdds-1985-wgmpk-2951460010, networkLocation: /default-rack, certSerialId: null} reports an CLOSED replica.
2019-10-16 01:11:11,548 [EventQueue-ContainerReportForContainerReportHandler] WARN  container.ContainerReportHandler (AbstractContainerReportHandler.java:updateContainerState(145)) - Container #1 is in OPEN state, but the datanode bdf1820c-8b54-4379-867f-1e5a509c7465{ip: 192.168.164.234, host: pr-hdds-1985-wgmpk-2951460010, networkLocation: /default-rack, certSerialId: null} reports an CLOSED replica.
2019-10-16 01:11:11,825 [EventQueue-ContainerReportForContainerReportHandler] WARN  container.ContainerReportHandler (AbstractContainerReportHandler.java:updateContainerState(145)) - Container #1 is in OPEN state, but the datanode 9e106ceb-2e48-4592-baea-5a074ecdeb7f{ip: 192.168.164.234, host: pr-hdds-1985-wgmpk-2951460010, networkLocation: /default-rack, certSerialId: null} reports an CLOSED replica.
2019-10-16 01:11:11,829 [BlockDeletingService#2] WARN  background.BlockDeletingService (BlockDeletingService.java:isDeletionAllowed(187)) - Close Container log Index 6 is not replicated across allthe servers in the pipeline 795bca3c-2629-405f-a5d8-f110391d6ad9 as the min replicated index is 4. Deletion is not allowed in this container yet.
2019-10-16 01:11:11,829 [BlockDeletingService#2] WARN  background.BlockDeletingService (BlockDeletingService.java:isDeletionAllowed(187)) - Close Container log Index 6 is not replicated across allthe servers in the pipeline 795bca3c-2629-405f-a5d8-f110391d6ad9 as the min replicated index is 4. Deletion is not allowed in this container yet.
2019-10-16 01:11:11,848 [EventQueue-ContainerReportForContainerReportHandler] WARN  container.ContainerReportHandler (AbstractContainerReportHandler.java:updateContainerState(145)) - Container #1 is in OPEN state, but the datanode bdf1820c-8b54-4379-867f-1e5a509c7465{ip: 192.168.164.234, host: pr-hdds-1985-wgmpk-2951460010, networkLocation: /default-rack, certSerialId: null} reports an CLOSED replica.
2019-10-16 01:11:12,147 [EventQueue-ContainerReportForContainerReportHandler] WARN  container.ContainerReportHandler (AbstractContainerReportHandler.java:updateContainerState(145)) - Container #1 is in OPEN state, but the datanode bdf1820c-8b54-4379-867f-1e5a509c7465{ip: 192.168.164.234, host: pr-hdds-1985-wgmpk-2951460010, networkLocation: /default-rack, certSerialId: null} reports an CLOSED replica.
2019-10-16 01:11:12,225 [EventQueue-ContainerReportForContainerReportHandler] WARN  container.ContainerReportHandler (AbstractContainerReportHandler.java:updateContainerState(145)) - Container #1 is in OPEN state, but the datanode 9e106ceb-2e48-4592-baea-5a074ecdeb7f{ip: 192.168.164.234, host: pr-hdds-1985-wgmpk-2951460010, networkLocation: /default-rack, certSerialId: null} reports an CLOSED replica.
2019-10-16 01:11:12,227 [java.util.concurrent.ThreadPoolExecutor$Worker@5536edd2[State = -1, empty queue]] WARN  server.GrpcLogAppender (GrpcLogAppender.java:timeoutAppendRequest(209)) - 9e106ceb-2e48-4592-baea-5a074ecdeb7f@group-F110391D6AD9->3d4afc67-c7e5-451f-ad84-7ee4adc2e156-GrpcLogAppender: appendEntries Timeout, request=9e106ceb-2e48-4592-baea-5a074ecdeb7f->3d4afc67-c7e5-451f-ad84-7ee4adc2e156#48-t2, previous=(t:2, i:10), leaderCommit=10, initializing? false, entries: <empty>
2019-10-16 01:11:12,347 [EventQueue-ContainerReportForContainerReportHandler] WARN  container.ContainerReportHandler (AbstractContainerReportHandler.java:updateContainerState(145)) - Container #1 is in OPEN state, but the datanode bdf1820c-8b54-4379-867f-1e5a509c7465{ip: 192.168.164.234, host: pr-hdds-1985-wgmpk-2951460010, networkLocation: /default-rack, certSerialId: null} reports an CLOSED replica.
2019-10-16 01:11:12,525 [EventQueue-ContainerReportForContainerReportHandler] WARN  container.ContainerReportHandler (AbstractContainerReportHandler.java:updateContainerState(145)) - Container #1 is in OPEN state, but the datanode 9e106ceb-2e48-4592-baea-5a074ecdeb7f{ip: 192.168.164.234, host: pr-hdds-1985-wgmpk-2951460010, networkLocation: /default-rack, certSerialId: null} reports an CLOSED replica.
2019-10-16 01:11:12,647 [EventQueue-ContainerReportForContainerReportHandler] WARN  container.ContainerReportHandler (AbstractContainerReportHandler.java:updateContainerState(145)) - Container #1 is in OPEN state, but the datanode bdf1820c-8b54-4379-867f-1e5a509c7465{ip: 192.168.164.234, host: pr-hdds-1985-wgmpk-2951460010, networkLocation: /default-rack, certSerialId: null} reports an CLOSED replica.
2019-10-16 01:11:12,725 [EventQueue-ContainerReportForContainerReportHandler] WARN  container.ContainerReportHandler (AbstractContainerReportHandler.java:updateContainerState(145)) - Container #1 is in OPEN state, but the datanode 9e106ceb-2e48-4592-baea-5a074ecdeb7f{ip: 192.168.164.234, host: pr-hdds-1985-wgmpk-2951460010, networkLocation: /default-rack, certSerialId: null} reports an CLOSED replica.
2019-10-16 01:11:12,831 [BlockDeletingService#2] WARN  background.BlockDeletingService (BlockDeletingService.java:isDeletionAllowed(187)) - Close Container log Index 6 is not replicated across allthe servers in the pipeline 795bca3c-2629-405f-a5d8-f110391d6ad9 as the min replicated index is 4. Deletion is not allowed in this container yet.
2019-10-16 01:11:12,831 [BlockDeletingService#2] WARN  background.BlockDeletingService (BlockDeletingService.java:isDeletionAllowed(187)) - Close Container log Index 6 is not replicated across allthe servers in the pipeline 795bca3c-2629-405f-a5d8-f110391d6ad9 as the min replicated index is 4. Deletion is not allowed in this container yet.
2019-10-16 01:11:12,953 [Thread-513] INFO  client.GrpcClientProtocolService (GrpcClientProtocolService.java:lambda$processClientRequest$0(278)) - Failed RaftClientRequest:client-901DCD72E87A->bdf1820c-8b54-4379-867f-1e5a509c7465@group-F110391D6AD9, cid=10, seq=0, Watch-ALL_COMMITTED(6), Message:<EMPTY>, reply=RaftClientReply:client-901DCD72E87A->bdf1820c-8b54-4379-867f-1e5a509c7465@group-F110391D6AD9, cid=10, FAILED org.apache.ratis.protocol.NotLeaderException: Server bdf1820c-8b54-4379-867f-1e5a509c7465@group-F110391D6AD9 is not the leader 9e106ceb-2e48-4592-baea-5a074ecdeb7f:192.168.164.234:46856, logIndex=0, commits[bdf1820c-8b54-4379-867f-1e5a509c7465:c10, 9e106ceb-2e48-4592-baea-5a074ecdeb7f:c10, 3d4afc67-c7e5-451f-ad84-7ee4adc2e156:c4]
2019-10-16 01:11:13,025 [EventQueue-ContainerReportForContainerReportHandler] WARN  container.ContainerReportHandler (AbstractContainerReportHandler.java:updateContainerState(145)) - Container #1 is in OPEN state, but the datanode 9e106ceb-2e48-4592-baea-5a074ecdeb7f{ip: 192.168.164.234, host: pr-hdds-1985-wgmpk-2951460010, networkLocation: /default-rack, certSerialId: null} reports an CLOSED replica.
2019-10-16 01:11:13,049 [EventQueue-ContainerReportForContainerReportHandler] WARN  container.ContainerReportHandler (AbstractContainerReportHandler.java:updateContainerState(145)) - Container #1 is in OPEN state, but the datanode bdf1820c-8b54-4379-867f-1e5a509c7465{ip: 192.168.164.234, host: pr-hdds-1985-wgmpk-2951460010, networkLocation: /default-rack, certSerialId: null} reports an CLOSED replica.
2019-10-16 01:11:13,249 [EventQueue-ContainerReportForContainerReportHandler] WARN  container.ContainerReportHandler (AbstractContainerReportHandler.java:updateContainerState(145)) - Container #1 is in OPEN state, but the datanode bdf1820c-8b54-4379-867f-1e5a509c7465{ip: 192.168.164.234, host: pr-hdds-1985-wgmpk-2951460010, networkLocation: /default-rack, certSerialId: null} reports an CLOSED replica.
2019-10-16 01:11:13,426 [EventQueue-ContainerReportForContainerReportHandler] WARN  container.ContainerReportHandler (AbstractContainerReportHandler.java:updateContainerState(145)) - Container #1 is in OPEN state, but the datanode 9e106ceb-2e48-4592-baea-5a074ecdeb7f{ip: 192.168.164.234, host: pr-hdds-1985-wgmpk-2951460010, networkLocation: /default-rack, certSerialId: null} reports an CLOSED replica.
2019-10-16 01:11:13,648 [EventQueue-ContainerReportForContainerReportHandler] WARN  container.ContainerReportHandler (AbstractContainerReportHandler.java:updateContainerState(145)) - Container #1 is in OPEN state, but the datanode bdf1820c-8b54-4379-867f-1e5a509c7465{ip: 192.168.164.234, host: pr-hdds-1985-wgmpk-2951460010, networkLocation: /default-rack, certSerialId: null} reports an CLOSED replica.
2019-10-16 01:11:13,725 [EventQueue-ContainerReportForContainerReportHandler] WARN  container.ContainerReportHandler (AbstractContainerReportHandler.java:updateContainerState(145)) - Container #1 is in OPEN state, but the datanode 9e106ceb-2e48-4592-baea-5a074ecdeb7f{ip: 192.168.164.234, host: pr-hdds-1985-wgmpk-2951460010, networkLocation: /default-rack, certSerialId: null} reports an CLOSED replica.
2019-10-16 01:11:13,834 [BlockDeletingService#2] WARN  background.BlockDeletingService (BlockDeletingService.java:isDeletionAllowed(187)) - Close Container log Index 6 is not replicated across allthe servers in the pipeline 795bca3c-2629-405f-a5d8-f110391d6ad9 as the min replicated index is 4. Deletion is not allowed in this container yet.
2019-10-16 01:11:13,834 [BlockDeletingService#2] WARN  background.BlockDeletingService (BlockDeletingService.java:isDeletionAllowed(187)) - Close Container log Index 6 is not replicated across allthe servers in the pipeline 795bca3c-2629-405f-a5d8-f110391d6ad9 as the min replicated index is 4. Deletion is not allowed in this container yet.
2019-10-16 01:11:13,925 [EventQueue-ContainerReportForContainerReportHandler] WARN  container.ContainerReportHandler (AbstractContainerReportHandler.java:updateContainerState(145)) - Container #1 is in OPEN state, but the datanode 9e106ceb-2e48-4592-baea-5a074ecdeb7f{ip: 192.168.164.234, host: pr-hdds-1985-wgmpk-2951460010, networkLocation: /default-rack, certSerialId: null} reports an CLOSED replica.
2019-10-16 01:11:14,051 [EventQueue-ContainerReportForContainerReportHandler] WARN  container.ContainerReportHandler (AbstractContainerReportHandler.java:updateContainerState(145)) - Container #1 is in OPEN state, but the datanode bdf1820c-8b54-4379-867f-1e5a509c7465{ip: 192.168.164.234, host: pr-hdds-1985-wgmpk-2951460010, networkLocation: /default-rack, certSerialId: null} reports an CLOSED replica.
2019-10-16 01:11:14,225 [EventQueue-ContainerReportForContainerReportHandler] WARN  container.ContainerReportHandler (AbstractContainerReportHandler.java:updateContainerState(145)) - Container #1 is in OPEN state, but the datanode 9e106ceb-2e48-4592-baea-5a074ecdeb7f{ip: 192.168.164.234, host: pr-hdds-1985-wgmpk-2951460010, networkLocation: /default-rack, certSerialId: null} reports an CLOSED replica.
2019-10-16 01:11:14,351 [EventQueue-ContainerReportForContainerReportHandler] WARN  container.ContainerReportHandler (AbstractContainerReportHandler.java:updateContainerState(145)) - Container #1 is in OPEN state, but the datanode bdf1820c-8b54-4379-867f-1e5a509c7465{ip: 192.168.164.234, host: pr-hdds-1985-wgmpk-2951460010, networkLocation: /default-rack, certSerialId: null} reports an CLOSED replica.
2019-10-16 01:11:14,524 [EventQueue-ContainerReportForContainerReportHandler] WARN  container.ContainerReportHandler (AbstractContainerReportHandler.java:updateContainerState(145)) - Container #1 is in OPEN state, but the datanode 9e106ceb-2e48-4592-baea-5a074ecdeb7f{ip: 192.168.164.234, host: pr-hdds-1985-wgmpk-2951460010, networkLocation: /default-rack, certSerialId: null} reports an CLOSED replica.
2019-10-16 01:11:14,651 [EventQueue-ContainerReportForContainerReportHandler] WARN  container.ContainerReportHandler (AbstractContainerReportHandler.java:updateContainerState(145)) - Container #1 is in OPEN state, but the datanode bdf1820c-8b54-4379-867f-1e5a509c7465{ip: 192.168.164.234, host: pr-hdds-1985-wgmpk-2951460010, networkLocation: /default-rack, certSerialId: null} reports an CLOSED replica.
2019-10-16 01:11:14,682 [Thread-519] INFO  client.GrpcClientProtocolService (GrpcClientProtocolService.java:lambda$processClientRequest$0(278)) - Failed RaftClientRequest:client-901DCD72E87A->9e106ceb-2e48-4592-baea-5a074ecdeb7f@group-F110391D6AD9, cid=10, seq=0, Watch-ALL_COMMITTED(6), Message:<EMPTY>, reply=RaftClientReply:client-901DCD72E87A->9e106ceb-2e48-4592-baea-5a074ecdeb7f@group-F110391D6AD9, cid=10, FAILED org.apache.ratis.protocol.NotReplicatedException: Request with call Id 10 and log index 6 is not yet replicated to ALL_COMMITTED, logIndex=6, commits[9e106ceb-2e48-4592-baea-5a074ecdeb7f:c10, 3d4afc67-c7e5-451f-ad84-7ee4adc2e156:c4, bdf1820c-8b54-4379-867f-1e5a509c7465:c10]
2019-10-16 01:11:14,729 [java.util.concurrent.ThreadPoolExecutor$Worker@5536edd2[State = -1, empty queue]] WARN  server.GrpcLogAppender (GrpcLogAppender.java:timeoutAppendRequest(209)) - 9e106ceb-2e48-4592-baea-5a074ecdeb7f@group-F110391D6AD9->3d4afc67-c7e5-451f-ad84-7ee4adc2e156-GrpcLogAppender: appendEntries Timeout, request=9e106ceb-2e48-4592-baea-5a074ecdeb7f->3d4afc67-c7e5-451f-ad84-7ee4adc2e156#49-t2, previous=(t:2, i:10), leaderCommit=10, initializing? false, entries: <empty>
2019-10-16 01:11:14,825 [EventQueue-ContainerReportForContainerReportHandler] WARN  container.ContainerReportHandler (AbstractContainerReportHandler.java:updateContainerState(145)) - Container #1 is in OPEN state, but the datanode 9e106ceb-2e48-4592-baea-5a074ecdeb7f{ip: 192.168.164.234, host: pr-hdds-1985-wgmpk-2951460010, networkLocation: /default-rack, certSerialId: null} reports an CLOSED replica.
2019-10-16 01:11:14,838 [BlockDeletingService#2] WARN  background.BlockDeletingService (BlockDeletingService.java:isDeletionAllowed(187)) - Close Container log Index 6 is not replicated across allthe servers in the pipeline 795bca3c-2629-405f-a5d8-f110391d6ad9 as the min replicated index is 4. Deletion is not allowed in this container yet.
2019-10-16 01:11:14,838 [BlockDeletingService#2] WARN  background.BlockDeletingService (BlockDeletingService.java:isDeletionAllowed(187)) - Close Container log Index 6 is not replicated across allthe servers in the pipeline 795bca3c-2629-405f-a5d8-f110391d6ad9 as the min replicated index is 4. Deletion is not allowed in this container yet.
2019-10-16 01:11:15,053 [EventQueue-ContainerReportForContainerReportHandler] WARN  container.ContainerReportHandler (AbstractContainerReportHandler.java:updateContainerState(145)) - Container #1 is in OPEN state, but the datanode bdf1820c-8b54-4379-867f-1e5a509c7465{ip: 192.168.164.234, host: pr-hdds-1985-wgmpk-2951460010, networkLocation: /default-rack, certSerialId: null} reports an CLOSED replica.
2019-10-16 01:11:15,128 [EventQueue-ContainerReportForContainerReportHandler] WARN  container.ContainerReportHandler (AbstractContainerReportHandler.java:updateContainerState(145)) - Container #1 is in OPEN state, but the datanode 9e106ceb-2e48-4592-baea-5a074ecdeb7f{ip: 192.168.164.234, host: pr-hdds-1985-wgmpk-2951460010, networkLocation: /default-rack, certSerialId: null} reports an CLOSED replica.
2019-10-16 01:11:15,253 [EventQueue-ContainerReportForContainerReportHandler] WARN  container.ContainerReportHandler (AbstractContainerReportHandler.java:updateContainerState(145)) - Container #1 is in OPEN state, but the datanode bdf1820c-8b54-4379-867f-1e5a509c7465{ip: 192.168.164.234, host: pr-hdds-1985-wgmpk-2951460010, networkLocation: /default-rack, certSerialId: null} reports an CLOSED replica.
2019-10-16 01:11:15,323 [EventQueue-StaleNodeForStaleNodeHandler] INFO  node.StaleNodeHandler (StaleNodeHandler.java:onMessage(58)) - Datanode 3d4afc67-c7e5-451f-ad84-7ee4adc2e156{ip: 192.168.164.234, host: pr-hdds-1985-wgmpk-2951460010, networkLocation: /default-rack, certSerialId: null} moved to stale state. Finalizing its pipelines [PipelineID=aebedb69-a827-4c76-b3fa-fe2f3c1d2e38, PipelineID=795bca3c-2629-405f-a5d8-f110391d6ad9]
2019-10-16 01:11:15,324 [EventQueue-StaleNodeForStaleNodeHandler] INFO  pipeline.SCMPipelineManager (SCMPipelineManager.java:finalizeAndDestroyPipeline(315)) - destroying pipeline:Pipeline[ Id: aebedb69-a827-4c76-b3fa-fe2f3c1d2e38, Nodes: 3d4afc67-c7e5-451f-ad84-7ee4adc2e156{ip: 192.168.164.234, host: pr-hdds-1985-wgmpk-2951460010, networkLocation: /default-rack, certSerialId: null}, Type:RATIS, Factor:ONE, State:OPEN]
2019-10-16 01:11:15,326 [EventQueue-ContainerReportForContainerReportHandler] WARN  container.ContainerReportHandler (AbstractContainerReportHandler.java:updateContainerState(145)) - Container #1 is in OPEN state, but the datanode 9e106ceb-2e48-4592-baea-5a074ecdeb7f{ip: 192.168.164.234, host: pr-hdds-1985-wgmpk-2951460010, networkLocation: /default-rack, certSerialId: null} reports an CLOSED replica.
2019-10-16 01:11:15,327 [EventQueue-StaleNodeForStaleNodeHandler] INFO  pipeline.PipelineStateManager (PipelineStateManager.java:finalizePipeline(123)) - Pipeline Pipeline[ Id: aebedb69-a827-4c76-b3fa-fe2f3c1d2e38, Nodes: 3d4afc67-c7e5-451f-ad84-7ee4adc2e156{ip: 192.168.164.234, host: pr-hdds-1985-wgmpk-2951460010, networkLocation: /default-rack, certSerialId: null}, Type:RATIS, Factor:ONE, State:CLOSED] moved to CLOSED state
2019-10-16 01:11:15,329 [EventQueue-StaleNodeForStaleNodeHandler] INFO  pipeline.SCMPipelineManager (SCMPipelineManager.java:finalizeAndDestroyPipeline(315)) - destroying pipeline:Pipeline[ Id: 795bca3c-2629-405f-a5d8-f110391d6ad9, Nodes: 3d4afc67-c7e5-451f-ad84-7ee4adc2e156{ip: 192.168.164.234, host: pr-hdds-1985-wgmpk-2951460010, networkLocation: /default-rack, certSerialId: null}bdf1820c-8b54-4379-867f-1e5a509c7465{ip: 192.168.164.234, host: pr-hdds-1985-wgmpk-2951460010, networkLocation: /default-rack, certSerialId: null}9e106ceb-2e48-4592-baea-5a074ecdeb7f{ip: 192.168.164.234, host: pr-hdds-1985-wgmpk-2951460010, networkLocation: /default-rack, certSerialId: null}, Type:RATIS, Factor:THREE, State:OPEN]
2019-10-16 01:11:15,329 [EventQueue-StaleNodeForStaleNodeHandler] INFO  pipeline.PipelineStateManager (PipelineStateManager.java:finalizePipeline(123)) - Pipeline Pipeline[ Id: 795bca3c-2629-405f-a5d8-f110391d6ad9, Nodes: 3d4afc67-c7e5-451f-ad84-7ee4adc2e156{ip: 192.168.164.234, host: pr-hdds-1985-wgmpk-2951460010, networkLocation: /default-rack, certSerialId: null}bdf1820c-8b54-4379-867f-1e5a509c7465{ip: 192.168.164.234, host: pr-hdds-1985-wgmpk-2951460010, networkLocation: /default-rack, certSerialId: null}9e106ceb-2e48-4592-baea-5a074ecdeb7f{ip: 192.168.164.234, host: pr-hdds-1985-wgmpk-2951460010, networkLocation: /default-rack, certSerialId: null}, Type:RATIS, Factor:THREE, State:CLOSED] moved to CLOSED state
2019-10-16 01:11:15,330 [EventQueue-CloseContainerForCloseContainerEventHandler] INFO  container.CloseContainerEventHandler (CloseContainerEventHandler.java:onMessage(61)) - Close container Event triggered for container : #1
2019-10-16 01:11:15,626 [EventQueue-ContainerReportForContainerReportHandler] INFO  container.ContainerReportHandler (AbstractContainerReportHandler.java:updateContainerState(178)) - Moving container #1 to CLOSED state, datanode 9e106ceb-2e48-4592-baea-5a074ecdeb7f{ip: 192.168.164.234, host: pr-hdds-1985-wgmpk-2951460010, networkLocation: /default-rack, certSerialId: null} reported CLOSED replica.
2019-10-16 01:11:15,840 [BlockDeletingService#2] WARN  background.BlockDeletingService (BlockDeletingService.java:isDeletionAllowed(187)) - Close Container log Index 6 is not replicated across allthe servers in the pipeline 795bca3c-2629-405f-a5d8-f110391d6ad9 as the min replicated index is 4. Deletion is not allowed in this container yet.
2019-10-16 01:11:15,840 [BlockDeletingService#2] WARN  background.BlockDeletingService (BlockDeletingService.java:isDeletionAllowed(187)) - Close Container log Index 6 is not replicated across allthe servers in the pipeline 795bca3c-2629-405f-a5d8-f110391d6ad9 as the min replicated index is 4. Deletion is not allowed in this container yet.
2019-10-16 01:11:16,108 [SCMBlockDeletingService#0] INFO  block.SCMBlockDeletingService (SCMBlockDeletingService.java:call(184)) - Totally added 3 delete blocks command for 3 datanodes, task elapsed time: 7ms
2019-10-16 01:11:16,154 [EventQueue-PendingDeleteStatusForPendingDeleteHandler] INFO  block.SCMBlockDeletingService (SCMBlockDeletingService.java:handlePendingDeletes(115)) - Block deletion txnID mismatch in datanode bdf1820c-8b54-4379-867f-1e5a509c7465 for containerID 1. Datanode delete txnID: 0, SCM txnID: 1
2019-10-16 01:11:16,228 [EventQueue-PendingDeleteStatusForPendingDeleteHandler] INFO  block.SCMBlockDeletingService (SCMBlockDeletingService.java:handlePendingDeletes(115)) - Block deletion txnID mismatch in datanode 9e106ceb-2e48-4592-baea-5a074ecdeb7f for containerID 1. Datanode delete txnID: 0, SCM txnID: 1
2019-10-16 01:11:16,429 [Command processor thread] INFO  commandhandler.DeleteBlocksCommandHandler (DeleteBlocksCommandHandler.java:handle(106)) - Start to delete container blocks, TXIDs=[1(0)], numOfContainers=1, numOfBlocks=1
2019-10-16 01:11:16,452 [EventQueue-PendingDeleteStatusForPendingDeleteHandler] INFO  block.SCMBlockDeletingService (SCMBlockDeletingService.java:handlePendingDeletes(115)) - Block deletion txnID mismatch in datanode bdf1820c-8b54-4379-867f-1e5a509c7465 for containerID 1. Datanode delete txnID: 0, SCM txnID: 1
2019-10-16 01:11:16,529 [EventQueue-PendingDeleteStatusForPendingDeleteHandler] INFO  block.SCMBlockDeletingService (SCMBlockDeletingService.java:handlePendingDeletes(115)) - Block deletion txnID mismatch in datanode 9e106ceb-2e48-4592-baea-5a074ecdeb7f for containerID 1. Datanode delete txnID: 0, SCM txnID: 1
2019-10-16 01:11:16,752 [EventQueue-PendingDeleteStatusForPendingDeleteHandler] INFO  block.SCMBlockDeletingService (SCMBlockDeletingService.java:handlePendingDeletes(115)) - Block deletion txnID mismatch in datanode bdf1820c-8b54-4379-867f-1e5a509c7465 for containerID 1. Datanode delete txnID: 0, SCM txnID: 1
2019-10-16 01:11:16,794 [main] INFO  impl.MetricsSystemImpl (MetricsSystemImpl.java:init(158)) - HddsDatanode metrics system started (again)
2019-10-16 01:11:16,844 [main] INFO  ozone.HddsDatanodeService (HddsDatanodeService.java:start(184)) - HddsDatanodeService host:pr-hdds-1985-wgmpk-2951460010 ip:192.168.164.234
2019-10-16 01:11:16,845 [BlockDeletingService#2] WARN  background.BlockDeletingService (BlockDeletingService.java:isDeletionAllowed(187)) - Close Container log Index 6 is not replicated across allthe servers in the pipeline 795bca3c-2629-405f-a5d8-f110391d6ad9 as the min replicated index is 4. Deletion is not allowed in this container yet.
2019-10-16 01:11:16,845 [BlockDeletingService#2] WARN  background.BlockDeletingService (BlockDeletingService.java:isDeletionAllowed(187)) - Close Container log Index 6 is not replicated across allthe servers in the pipeline 795bca3c-2629-405f-a5d8-f110391d6ad9 as the min replicated index is 4. Deletion is not allowed in this container yet.
2019-10-16 01:11:16,848 [main] INFO  volume.VolumeUsage (VolumeUsage.java:loadScmUsed(144)) - Cached ScmUsed found for /workdir/hadoop-ozone/integration-test/target/test-dir/MiniOzoneClusterImpl-6aea6efb-0017-4071-a4af-b72efaa63b28/datanode-2/data/containers : 4096 
2019-10-16 01:11:16,849 [main] INFO  volume.HddsVolume (HddsVolume.java:<init>(176)) - Creating Volume: /workdir/hadoop-ozone/integration-test/target/test-dir/MiniOzoneClusterImpl-6aea6efb-0017-4071-a4af-b72efaa63b28/datanode-2/data/containers/hdds of  storage type : DISK and capacity : 1482555576320
2019-10-16 01:11:16,850 [main] INFO  volume.VolumeSet (VolumeSet.java:initializeVolumeSet(170)) - Added Volume : /workdir/hadoop-ozone/integration-test/target/test-dir/MiniOzoneClusterImpl-6aea6efb-0017-4071-a4af-b72efaa63b28/datanode-2/data/containers/hdds to VolumeSet
2019-10-16 01:11:16,850 [main] INFO  volume.ThrottledAsyncChecker (ThrottledAsyncChecker.java:schedule(141)) - Scheduling a check for /workdir/hadoop-ozone/integration-test/target/test-dir/MiniOzoneClusterImpl-6aea6efb-0017-4071-a4af-b72efaa63b28/datanode-2/data/containers/hdds
2019-10-16 01:11:16,851 [main] INFO  volume.HddsVolumeChecker (HddsVolumeChecker.java:checkAllVolumes(204)) - Scheduled health check for volume /workdir/hadoop-ozone/integration-test/target/test-dir/MiniOzoneClusterImpl-6aea6efb-0017-4071-a4af-b72efaa63b28/datanode-2/data/containers/hdds
2019-10-16 01:11:16,853 [Command processor thread] INFO  commandhandler.DeleteBlocksCommandHandler (DeleteBlocksCommandHandler.java:handle(106)) - Start to delete container blocks, TXIDs=[1(0)], numOfContainers=1, numOfBlocks=1
2019-10-16 01:11:16,900 [main] INFO  impl.RaftServerProxy (ConfUtils.java:logGet(43)) - raft.rpc.type = GRPC (default)
2019-10-16 01:11:16,901 [main] INFO  grpc.GrpcFactory (GrpcFactory.java:checkPooledByteBufAllocatorUseCacheForAllThreads(45)) - PERFORMANCE WARNING: useCacheForAllThreads is true that may cause Netty to create a lot garbage objects and, as a result, trigger GC.
	It is recommended to disable useCacheForAllThreads by setting -Dorg.apache.ratis.thirdparty.io.netty.allocator.useCacheForAllThreads=false in command line.
2019-10-16 01:11:16,901 [main] INFO  grpc.GrpcConfigKeys$Server (ConfUtils.java:logGet(43)) - raft.grpc.server.port = 37554 (custom)
2019-10-16 01:11:16,902 [main] INFO  server.GrpcService (ConfUtils.java:logGet(43)) - raft.grpc.message.size.max = 33570816 (custom)
2019-10-16 01:11:16,903 [main] INFO  server.RaftServerConfigKeys (ConfUtils.java:logGet(43)) - raft.server.log.appender.buffer.byte-limit = 33554432 (custom)
2019-10-16 01:11:16,903 [main] INFO  server.GrpcService (ConfUtils.java:logGet(43)) - raft.grpc.flow.control.window = 1MB (=1048576) (default)
2019-10-16 01:11:16,903 [main] INFO  server.RaftServerConfigKeys (ConfUtils.java:logGet(43)) - raft.server.rpc.request.timeout = 3000ms (default)
2019-10-16 01:11:16,904 [main] INFO  server.RaftServerConfigKeys (ConfUtils.java:logGet(43)) - raft.server.storage.dir = [/workdir/hadoop-ozone/integration-test/target/test-dir/MiniOzoneClusterImpl-6aea6efb-0017-4071-a4af-b72efaa63b28/datanode-2/data/ratis] (custom)
2019-10-16 01:11:16,905 [main] INFO  impl.RaftServerProxy (RaftServerProxy.java:lambda$null$0(191)) - 3d4afc67-c7e5-451f-ad84-7ee4adc2e156: found a subdirectory /workdir/hadoop-ozone/integration-test/target/test-dir/MiniOzoneClusterImpl-6aea6efb-0017-4071-a4af-b72efaa63b28/datanode-2/data/ratis/795bca3c-2629-405f-a5d8-f110391d6ad9
2019-10-16 01:11:16,906 [main] INFO  impl.RaftServerProxy (RaftServerProxy.java:addNew(89)) - 3d4afc67-c7e5-451f-ad84-7ee4adc2e156: addNew group-F110391D6AD9:[] returns group-F110391D6AD9:java.util.concurrent.CompletableFuture@66933239[Not completed]
2019-10-16 01:11:16,907 [main] INFO  impl.RaftServerProxy (RaftServerProxy.java:lambda$null$0(191)) - 3d4afc67-c7e5-451f-ad84-7ee4adc2e156: found a subdirectory /workdir/hadoop-ozone/integration-test/target/test-dir/MiniOzoneClusterImpl-6aea6efb-0017-4071-a4af-b72efaa63b28/datanode-2/data/ratis/aebedb69-a827-4c76-b3fa-fe2f3c1d2e38
2019-10-16 01:11:16,907 [main] INFO  impl.RaftServerProxy (RaftServerProxy.java:addNew(89)) - 3d4afc67-c7e5-451f-ad84-7ee4adc2e156: addNew group-FE2F3C1D2E38:[] returns group-FE2F3C1D2E38:java.util.concurrent.CompletableFuture@2f7efd0b[Not completed]
2019-10-16 01:11:16,913 [pool-59-thread-1] INFO  impl.RaftServerImpl (RaftServerImpl.java:<init>(104)) - 3d4afc67-c7e5-451f-ad84-7ee4adc2e156: new RaftServerImpl for group-F110391D6AD9:[] with ContainerStateMachine:uninitialized
2019-10-16 01:11:16,914 [pool-59-thread-1] INFO  server.RaftServerConfigKeys (ConfUtils.java:logGet(43)) - raft.server.rpc.timeout.min = 5s (custom)
2019-10-16 01:11:16,914 [pool-59-thread-1] INFO  server.RaftServerConfigKeys (ConfUtils.java:logGet(43)) - raft.server.rpc.timeout.max = 5200ms (custom)
2019-10-16 01:11:16,914 [pool-59-thread-1] INFO  server.RaftServerConfigKeys (ConfUtils.java:logGet(43)) - raft.server.rpcslowness.timeout = 1000s (custom)
2019-10-16 01:11:16,914 [pool-59-thread-1] INFO  server.RaftServerConfigKeys (ConfUtils.java:logGet(43)) - raft.server.sleep.deviation.threshold = 300 (default)
2019-10-16 01:11:16,914 [pool-59-thread-1] INFO  server.RaftServerConfigKeys (ConfUtils.java:logGet(43)) - raft.server.log.appender.install.snapshot.enabled = false (custom)
2019-10-16 01:11:16,914 [pool-59-thread-1] INFO  impl.RaftServerImpl (ServerState.java:<init>(103)) - 3d4afc67-c7e5-451f-ad84-7ee4adc2e156@group-F110391D6AD9: ConfigurationManager, init=-1: [], old=null, confs=<EMPTY_MAP>
2019-10-16 01:11:16,915 [pool-59-thread-1] INFO  server.RaftServerConfigKeys (ConfUtils.java:logGet(43)) - raft.server.storage.dir = [/workdir/hadoop-ozone/integration-test/target/test-dir/MiniOzoneClusterImpl-6aea6efb-0017-4071-a4af-b72efaa63b28/datanode-2/data/ratis] (custom)
2019-10-16 01:11:16,915 [main] INFO  hdfs.DFSUtil (DFSUtil.java:httpServerTemplateForNNAndJN(1641)) - Starting Web-server for hddsDatanode at: http://0.0.0.0:42189
2019-10-16 01:11:16,915 [pool-59-thread-1] INFO  server.RaftServerConfigKeys (ConfUtils.java:logGet(43)) - raft.server.log.corruption.policy = EXCEPTION (default)
2019-10-16 01:11:16,918 [main] INFO  server.AuthenticationFilter (AuthenticationFilter.java:constructSecretProvider(240)) - Unable to initialize FileSignerSecretProvider, falling back to use random secrets.
2019-10-16 01:11:16,919 [main] WARN  http.HttpRequestLog (HttpRequestLog.java:getRequestLog(97)) - Jetty request log can only be enabled using Log4j
2019-10-16 01:11:16,922 [main] INFO  http.HttpServer2 (HttpServer2.java:addGlobalFilter(975)) - Added global filter 'safety' (class=org.apache.hadoop.http.HttpServer2$QuotingInputFilter)
2019-10-16 01:11:16,923 [main] INFO  http.HttpServer2 (HttpServer2.java:addFilter(948)) - Added filter static_user_filter (class=org.apache.hadoop.http.lib.StaticUserWebFilter$StaticUserFilter) to context hddsDatanode
2019-10-16 01:11:16,923 [main] INFO  http.HttpServer2 (HttpServer2.java:addFilter(958)) - Added filter static_user_filter (class=org.apache.hadoop.http.lib.StaticUserWebFilter$StaticUserFilter) to context logs
2019-10-16 01:11:16,923 [main] INFO  http.HttpServer2 (HttpServer2.java:addFilter(958)) - Added filter static_user_filter (class=org.apache.hadoop.http.lib.StaticUserWebFilter$StaticUserFilter) to context static
2019-10-16 01:11:16,925 [main] INFO  http.HttpServer2 (HttpServer2.java:bindListener(1191)) - Jetty bound to port 42189
2019-10-16 01:11:16,925 [main] INFO  server.Server (Server.java:doStart(351)) - jetty-9.3.25.v20180904, build timestamp: 2018-09-04T21:11:46Z, git hash: 3ce520221d0240229c862b122d2b06c12a625732
2019-10-16 01:11:16,928 [main] INFO  handler.ContextHandler (ContextHandler.java:doStart(781)) - Started o.e.j.s.ServletContextHandler@78a515e4{/logs,file:///workdir/hadoop-ozone/integration-test/target/log,AVAILABLE}
2019-10-16 01:11:16,928 [main] INFO  handler.ContextHandler (ContextHandler.java:doStart(781)) - Started o.e.j.s.ServletContextHandler@51c8f62c{/static,jar:file:/home/user/.m2/repository/org/apache/hadoop/hadoop-hdds-container-service/0.5.0-SNAPSHOT/hadoop-hdds-container-service-0.5.0-SNAPSHOT.jar!/webapps/static,AVAILABLE}
2019-10-16 01:11:16,939 [pool-59-thread-1] INFO  storage.RaftStorageDirectory (RaftStorageDirectory.java:tryLock(328)) - Lock on /workdir/hadoop-ozone/integration-test/target/test-dir/MiniOzoneClusterImpl-6aea6efb-0017-4071-a4af-b72efaa63b28/datanode-2/data/ratis/795bca3c-2629-405f-a5d8-f110391d6ad9/in_use.lock acquired by nodename 10455@pr-hdds-1985-wgmpk-2951460010
2019-10-16 01:11:16,942 [pool-59-thread-1] INFO  ratis.ContainerStateMachine (ContainerStateMachine.java:loadSnapshot(240)) - group-F110391D6AD9: Setting the last applied index to (t:2, i:3)
2019-10-16 01:11:16,948 [pool-59-thread-1] INFO  impl.RaftServerImpl (ServerState.java:setRaftConf(357)) - 3d4afc67-c7e5-451f-ad84-7ee4adc2e156@group-F110391D6AD9: set configuration 0: [9e106ceb-2e48-4592-baea-5a074ecdeb7f:192.168.164.234:46856, 3d4afc67-c7e5-451f-ad84-7ee4adc2e156:192.168.164.234:37554, bdf1820c-8b54-4379-867f-1e5a509c7465:192.168.164.234:34989], old=null at 0
2019-10-16 01:11:16,948 [pool-59-thread-1] INFO  server.RaftServerConfigKeys (ConfUtils.java:logGet(43)) - raft.server.notification.no-leader.timeout = 1000s (custom)
2019-10-16 01:11:16,948 [pool-59-thread-1] INFO  server.RaftServerConfigKeys (ConfUtils.java:logGet(43)) - raft.server.log.use.memory = false (default)
2019-10-16 01:11:16,948 [pool-59-thread-1] INFO  server.RaftServerConfigKeys (ConfUtils.java:logGet(43)) - raft.server.log.purge.gap = 1000000 (custom)
2019-10-16 01:11:16,948 [pool-59-thread-1] INFO  server.RaftServerConfigKeys (ConfUtils.java:logGet(43)) - raft.server.log.appender.buffer.byte-limit = 33554432 (custom)
2019-10-16 01:11:16,948 [pool-59-thread-1] INFO  server.RaftServerConfigKeys (ConfUtils.java:logGet(43)) - raft.server.log.segment.size.max = 1048576 (custom)
2019-10-16 01:11:16,949 [pool-59-thread-1] INFO  server.RaftServerConfigKeys (ConfUtils.java:logGet(43)) - raft.server.log.segment.cache.num.max = 2 (custom)
2019-10-16 01:11:16,949 [pool-59-thread-1] INFO  segmented.SegmentedRaftLogWorker (SegmentedRaftLogWorker.java:<init>(173)) - new 3d4afc67-c7e5-451f-ad84-7ee4adc2e156@group-F110391D6AD9-SegmentedRaftLogWorker for RaftStorage:Storage Directory /workdir/hadoop-ozone/integration-test/target/test-dir/MiniOzoneClusterImpl-6aea6efb-0017-4071-a4af-b72efaa63b28/datanode-2/data/ratis/795bca3c-2629-405f-a5d8-f110391d6ad9
2019-10-16 01:11:16,949 [pool-59-thread-1] INFO  server.RaftServerConfigKeys (ConfUtils.java:logGet(43)) - raft.server.log.queue.byte-limit = 2147483647 (custom)
2019-10-16 01:11:16,949 [pool-59-thread-1] INFO  server.RaftServerConfigKeys (ConfUtils.java:logGet(43)) - raft.server.log.queue.element-limit = 1024 (custom)
2019-10-16 01:11:16,949 [pool-59-thread-1] INFO  server.RaftServerConfigKeys (ConfUtils.java:logGet(43)) - raft.server.log.segment.size.max = 1048576 (custom)
2019-10-16 01:11:16,949 [pool-59-thread-1] INFO  server.RaftServerConfigKeys (ConfUtils.java:logGet(43)) - raft.server.log.preallocated.size = 16384 (custom)
2019-10-16 01:11:16,949 [pool-59-thread-1] INFO  server.RaftServerConfigKeys (ConfUtils.java:logGet(43)) - raft.server.log.write.buffer.size = 33554432 (custom)
2019-10-16 01:11:16,949 [pool-59-thread-1] INFO  server.RaftServerConfigKeys (ConfUtils.java:logGet(43)) - raft.server.log.force.sync.num = 128 (default)
2019-10-16 01:11:16,950 [pool-59-thread-1] INFO  server.RaftServerConfigKeys (ConfUtils.java:logGet(43)) - raft.server.log.statemachine.data.sync = true (default)
2019-10-16 01:11:16,950 [pool-59-thread-1] INFO  server.RaftServerConfigKeys (ConfUtils.java:logGet(43)) - raft.server.log.statemachine.data.sync.timeout = 10s (default)
2019-10-16 01:11:16,950 [pool-59-thread-1] INFO  server.RaftServerConfigKeys (ConfUtils.java:logGet(43)) - raft.server.log.statemachine.data.sync.timeout.retry = -1 (default)
2019-10-16 01:11:16,950 [pool-59-thread-1] INFO  server.RaftServerConfigKeys (ConfUtils.java:logGet(43)) - raft.server.log.statemachine.data.caching.enabled = true (custom)
2019-10-16 01:11:16,957 [pool-59-thread-1] INFO  impl.RaftServerImpl (ServerState.java:setRaftConf(357)) - 3d4afc67-c7e5-451f-ad84-7ee4adc2e156@group-F110391D6AD9: set configuration 0: [9e106ceb-2e48-4592-baea-5a074ecdeb7f:192.168.164.234:46856, 3d4afc67-c7e5-451f-ad84-7ee4adc2e156:192.168.164.234:37554, bdf1820c-8b54-4379-867f-1e5a509c7465:192.168.164.234:34989], old=null at 0
2019-10-16 01:11:16,960 [pool-59-thread-1] INFO  segmented.LogSegment (LogSegment.java:loadSegment(140)) - Successfully read 5 entries from segment file /workdir/hadoop-ozone/integration-test/target/test-dir/MiniOzoneClusterImpl-6aea6efb-0017-4071-a4af-b72efaa63b28/datanode-2/data/ratis/795bca3c-2629-405f-a5d8-f110391d6ad9/current/log_inprogress_0
2019-10-16 01:11:16,960 [pool-59-thread-1] INFO  segmented.SegmentedRaftLogWorker (SegmentedRaftLogWorker.java:lambda$new$0(128)) - 3d4afc67-c7e5-451f-ad84-7ee4adc2e156@group-F110391D6AD9-SegmentedRaftLogWorker: flushIndex: setUnconditionally 0 -> 4
2019-10-16 01:11:16,974 [main] INFO  handler.ContextHandler (ContextHandler.java:doStart(781)) - Started o.e.j.w.WebAppContext@732f6050{/,file:///tmp/jetty-0.0.0.0-42189-hddsDatanode-_-any-2889316472575357491.dir/webapp/,AVAILABLE}{/hddsDatanode}
2019-10-16 01:11:16,974 [main] INFO  server.AbstractConnector (AbstractConnector.java:doStart(278)) - Started ServerConnector@6fbc1bb{HTTP/1.1,[http/1.1]}{0.0.0.0:42189}
2019-10-16 01:11:16,988 [pool-59-thread-1] INFO  raftlog.RaftLog (RaftLog.java:lambda$new$0(61)) - 3d4afc67-c7e5-451f-ad84-7ee4adc2e156@group-F110391D6AD9-SegmentedRaftLog: commitIndex: updateToMax old=3, new=3, updated? false
2019-10-16 01:11:16,988 [main] INFO  server.Server (Server.java:doStart(419)) - Started @113878ms
2019-10-16 01:11:16,988 [main] WARN  impl.MetricsSystemImpl (MetricsSystemImpl.java:register(276)) - Sink prometheus already exists!
2019-10-16 01:11:16,988 [pool-59-thread-1] INFO  server.RaftServerConfigKeys (ConfUtils.java:logGet(43)) - raft.server.snapshot.auto.trigger.enabled = true (custom)
2019-10-16 01:11:16,989 [pool-59-thread-1] INFO  server.RaftServerConfigKeys (ConfUtils.java:logGet(43)) - raft.server.snapshot.auto.trigger.threshold = 10000 (custom)
2019-10-16 01:11:16,989 [pool-59-thread-1] INFO  server.RaftServerConfigKeys (ConfUtils.java:logGet(43)) - raft.server.snapshot.retention.file.num = 5 (custom)
2019-10-16 01:11:16,989 [pool-59-thread-1] INFO  server.RaftServerConfigKeys (ConfUtils.java:logGet(43)) - raft.server.retrycache.expirytime = 600000ms (custom)
2019-10-16 01:11:16,989 [main] INFO  server.BaseHttpServer (BaseHttpServer.java:updateConnectorAddress(215)) - HTTP server of HDDSDATANODE is listening at http://0.0.0.0:42189
2019-10-16 01:11:16,991 [pool-59-thread-1] INFO  impl.RaftServerImpl (RaftServerImpl.java:<init>(104)) - 3d4afc67-c7e5-451f-ad84-7ee4adc2e156: new RaftServerImpl for group-FE2F3C1D2E38:[] with ContainerStateMachine:uninitialized
2019-10-16 01:11:16,991 [pool-59-thread-1] INFO  server.RaftServerConfigKeys (ConfUtils.java:logGet(43)) - raft.server.rpc.timeout.min = 5s (custom)
2019-10-16 01:11:16,991 [pool-59-thread-1] INFO  server.RaftServerConfigKeys (ConfUtils.java:logGet(43)) - raft.server.rpc.timeout.max = 5200ms (custom)
2019-10-16 01:11:16,991 [pool-59-thread-1] INFO  server.RaftServerConfigKeys (ConfUtils.java:logGet(43)) - raft.server.rpcslowness.timeout = 1000s (custom)
2019-10-16 01:11:16,991 [pool-59-thread-1] INFO  server.RaftServerConfigKeys (ConfUtils.java:logGet(43)) - raft.server.sleep.deviation.threshold = 300 (default)
2019-10-16 01:11:16,991 [org.apache.hadoop.util.JvmPauseMonitor$Monitor@5307cd28] INFO  util.JvmPauseMonitor (JvmPauseMonitor.java:run(188)) - Starting JVM pause monitor
2019-10-16 01:11:16,992 [pool-59-thread-1] INFO  server.RaftServerConfigKeys (ConfUtils.java:logGet(43)) - raft.server.log.appender.install.snapshot.enabled = false (custom)
2019-10-16 01:11:16,992 [pool-59-thread-1] INFO  impl.RaftServerImpl (ServerState.java:<init>(103)) - 3d4afc67-c7e5-451f-ad84-7ee4adc2e156@group-FE2F3C1D2E38: ConfigurationManager, init=-1: [], old=null, confs=<EMPTY_MAP>
2019-10-16 01:11:16,992 [pool-59-thread-1] INFO  server.RaftServerConfigKeys (ConfUtils.java:logGet(43)) - raft.server.storage.dir = [/workdir/hadoop-ozone/integration-test/target/test-dir/MiniOzoneClusterImpl-6aea6efb-0017-4071-a4af-b72efaa63b28/datanode-2/data/ratis] (custom)
2019-10-16 01:11:16,992 [pool-59-thread-1] INFO  server.RaftServerConfigKeys (ConfUtils.java:logGet(43)) - raft.server.log.corruption.policy = EXCEPTION (default)
2019-10-16 01:11:17,015 [pool-59-thread-1] INFO  storage.RaftStorageDirectory (RaftStorageDirectory.java:tryLock(328)) - Lock on /workdir/hadoop-ozone/integration-test/target/test-dir/MiniOzoneClusterImpl-6aea6efb-0017-4071-a4af-b72efaa63b28/datanode-2/data/ratis/aebedb69-a827-4c76-b3fa-fe2f3c1d2e38/in_use.lock acquired by nodename 10455@pr-hdds-1985-wgmpk-2951460010
2019-10-16 01:11:17,015 [pool-59-thread-1] INFO  ratis.ContainerStateMachine (ContainerStateMachine.java:loadSnapshot(231)) - group-FE2F3C1D2E38: The snapshot info is null. Setting the last applied indexto:(t:0, i:~)
2019-10-16 01:11:17,015 [pool-59-thread-1] INFO  server.RaftServerConfigKeys (ConfUtils.java:logGet(43)) - raft.server.notification.no-leader.timeout = 1000s (custom)
2019-10-16 01:11:17,015 [pool-59-thread-1] INFO  server.RaftServerConfigKeys (ConfUtils.java:logGet(43)) - raft.server.log.use.memory = false (default)
2019-10-16 01:11:17,016 [pool-59-thread-1] INFO  server.RaftServerConfigKeys (ConfUtils.java:logGet(43)) - raft.server.log.purge.gap = 1000000 (custom)
2019-10-16 01:11:17,016 [pool-59-thread-1] INFO  server.RaftServerConfigKeys (ConfUtils.java:logGet(43)) - raft.server.log.appender.buffer.byte-limit = 33554432 (custom)
2019-10-16 01:11:17,016 [pool-59-thread-1] INFO  server.RaftServerConfigKeys (ConfUtils.java:logGet(43)) - raft.server.log.segment.size.max = 1048576 (custom)
2019-10-16 01:11:17,016 [pool-59-thread-1] INFO  server.RaftServerConfigKeys (ConfUtils.java:logGet(43)) - raft.server.log.segment.cache.num.max = 2 (custom)
2019-10-16 01:11:17,016 [pool-59-thread-1] INFO  segmented.SegmentedRaftLogWorker (SegmentedRaftLogWorker.java:<init>(173)) - new 3d4afc67-c7e5-451f-ad84-7ee4adc2e156@group-FE2F3C1D2E38-SegmentedRaftLogWorker for RaftStorage:Storage Directory /workdir/hadoop-ozone/integration-test/target/test-dir/MiniOzoneClusterImpl-6aea6efb-0017-4071-a4af-b72efaa63b28/datanode-2/data/ratis/aebedb69-a827-4c76-b3fa-fe2f3c1d2e38
2019-10-16 01:11:17,016 [pool-59-thread-1] INFO  server.RaftServerConfigKeys (ConfUtils.java:logGet(43)) - raft.server.log.queue.byte-limit = 2147483647 (custom)
2019-10-16 01:11:17,016 [pool-59-thread-1] INFO  server.RaftServerConfigKeys (ConfUtils.java:logGet(43)) - raft.server.log.queue.element-limit = 1024 (custom)
2019-10-16 01:11:17,016 [pool-59-thread-1] INFO  server.RaftServerConfigKeys (ConfUtils.java:logGet(43)) - raft.server.log.segment.size.max = 1048576 (custom)
2019-10-16 01:11:17,016 [pool-59-thread-1] INFO  server.RaftServerConfigKeys (ConfUtils.java:logGet(43)) - raft.server.log.preallocated.size = 16384 (custom)
2019-10-16 01:11:17,017 [pool-59-thread-1] INFO  server.RaftServerConfigKeys (ConfUtils.java:logGet(43)) - raft.server.log.write.buffer.size = 33554432 (custom)
2019-10-16 01:11:17,017 [pool-59-thread-1] INFO  server.RaftServerConfigKeys (ConfUtils.java:logGet(43)) - raft.server.log.force.sync.num = 128 (default)
2019-10-16 01:11:17,017 [pool-59-thread-1] INFO  server.RaftServerConfigKeys (ConfUtils.java:logGet(43)) - raft.server.log.statemachine.data.sync = true (default)
2019-10-16 01:11:17,017 [pool-59-thread-1] INFO  server.RaftServerConfigKeys (ConfUtils.java:logGet(43)) - raft.server.log.statemachine.data.sync.timeout = 10s (default)
2019-10-16 01:11:17,017 [pool-59-thread-1] INFO  server.RaftServerConfigKeys (ConfUtils.java:logGet(43)) - raft.server.log.statemachine.data.sync.timeout.retry = -1 (default)
2019-10-16 01:11:17,017 [pool-59-thread-1] INFO  server.RaftServerConfigKeys (ConfUtils.java:logGet(43)) - raft.server.log.statemachine.data.caching.enabled = true (custom)
2019-10-16 01:11:17,018 [pool-59-thread-1] INFO  impl.RaftServerImpl (ServerState.java:setRaftConf(357)) - 3d4afc67-c7e5-451f-ad84-7ee4adc2e156@group-FE2F3C1D2E38: set configuration 0: [3d4afc67-c7e5-451f-ad84-7ee4adc2e156:192.168.164.234:37554], old=null at 0
2019-10-16 01:11:17,018 [pool-59-thread-1] INFO  segmented.LogSegment (LogSegment.java:loadSegment(140)) - Successfully read 1 entries from segment file /workdir/hadoop-ozone/integration-test/target/test-dir/MiniOzoneClusterImpl-6aea6efb-0017-4071-a4af-b72efaa63b28/datanode-2/data/ratis/aebedb69-a827-4c76-b3fa-fe2f3c1d2e38/current/log_inprogress_0
2019-10-16 01:11:17,018 [pool-59-thread-1] INFO  segmented.SegmentedRaftLogWorker (SegmentedRaftLogWorker.java:lambda$new$0(128)) - 3d4afc67-c7e5-451f-ad84-7ee4adc2e156@group-FE2F3C1D2E38-SegmentedRaftLogWorker: flushIndex: setUnconditionally 0 -> 0
2019-10-16 01:11:17,044 [pool-59-thread-1] INFO  server.RaftServerConfigKeys (ConfUtils.java:logGet(43)) - raft.server.snapshot.auto.trigger.enabled = true (custom)
2019-10-16 01:11:17,044 [pool-59-thread-1] INFO  server.RaftServerConfigKeys (ConfUtils.java:logGet(43)) - raft.server.snapshot.auto.trigger.threshold = 10000 (custom)
2019-10-16 01:11:17,044 [pool-59-thread-1] INFO  server.RaftServerConfigKeys (ConfUtils.java:logGet(43)) - raft.server.snapshot.retention.file.num = 5 (custom)
2019-10-16 01:11:17,044 [pool-59-thread-1] INFO  server.RaftServerConfigKeys (ConfUtils.java:logGet(43)) - raft.server.retrycache.expirytime = 600000ms (custom)
2019-10-16 01:11:17,109 [SCMBlockDeletingService#0] INFO  block.SCMBlockDeletingService (SCMBlockDeletingService.java:call(184)) - Totally added 1 delete blocks command for 1 datanodes, task elapsed time: 1ms
2019-10-16 01:11:17,110 [pool-7-thread-1] INFO  commands.RetriableDatanodeEventWatcher (RetriableDatanodeEventWatcher.java:onTimeout(47)) - RetriableDatanodeCommand type=deleteBlocksCommand with id=1571188276107 timed out. Retrying.
2019-10-16 01:11:17,231 [java.util.concurrent.ThreadPoolExecutor$Worker@5536edd2[State = -1, empty queue]] WARN  server.GrpcLogAppender (GrpcLogAppender.java:timeoutAppendRequest(209)) - 9e106ceb-2e48-4592-baea-5a074ecdeb7f@group-F110391D6AD9->3d4afc67-c7e5-451f-ad84-7ee4adc2e156-GrpcLogAppender: appendEntries Timeout, request=9e106ceb-2e48-4592-baea-5a074ecdeb7f->3d4afc67-c7e5-451f-ad84-7ee4adc2e156#50-t2, previous=(t:2, i:10), leaderCommit=10, initializing? false, entries: <empty>
2019-10-16 01:11:17,848 [BlockDeletingService#2] WARN  background.BlockDeletingService (BlockDeletingService.java:isDeletionAllowed(187)) - Close Container log Index 6 is not replicated across allthe servers in the pipeline 795bca3c-2629-405f-a5d8-f110391d6ad9 as the min replicated index is 4. Deletion is not allowed in this container yet.
2019-10-16 01:11:17,848 [BlockDeletingService#2] WARN  background.BlockDeletingService (BlockDeletingService.java:isDeletionAllowed(187)) - Close Container log Index 6 is not replicated across allthe servers in the pipeline 795bca3c-2629-405f-a5d8-f110391d6ad9 as the min replicated index is 4. Deletion is not allowed in this container yet.
2019-10-16 01:11:18,108 [pool-7-thread-1] INFO  commands.RetriableDatanodeEventWatcher (RetriableDatanodeEventWatcher.java:onTimeout(47)) - RetriableDatanodeCommand type=deleteBlocksCommand with id=1571188276110 timed out. Retrying.
2019-10-16 01:11:18,110 [pool-7-thread-1] INFO  commands.RetriableDatanodeEventWatcher (RetriableDatanodeEventWatcher.java:onTimeout(47)) - RetriableDatanodeCommand type=deleteBlocksCommand with id=1571188276107 timed out. Retrying.
2019-10-16 01:11:18,110 [SCMBlockDeletingService#0] INFO  block.SCMBlockDeletingService (SCMBlockDeletingService.java:call(184)) - Totally added 1 delete blocks command for 1 datanodes, task elapsed time: 1ms
2019-10-16 01:11:18,850 [BlockDeletingService#2] WARN  background.BlockDeletingService (BlockDeletingService.java:isDeletionAllowed(187)) - Close Container log Index 6 is not replicated across allthe servers in the pipeline 795bca3c-2629-405f-a5d8-f110391d6ad9 as the min replicated index is 4. Deletion is not allowed in this container yet.
2019-10-16 01:11:18,850 [BlockDeletingService#2] WARN  background.BlockDeletingService (BlockDeletingService.java:isDeletionAllowed(187)) - Close Container log Index 6 is not replicated across allthe servers in the pipeline 795bca3c-2629-405f-a5d8-f110391d6ad9 as the min replicated index is 4. Deletion is not allowed in this container yet.
2019-10-16 01:11:18,994 [Datanode State Machine Thread - 0] INFO  ozoneimpl.OzoneContainer (OzoneContainer.java:start(213)) - Attempting to start container services.
2019-10-16 01:11:18,996 [Datanode State Machine Thread - 0] INFO  ozoneimpl.OzoneContainer (OzoneContainer.java:startContainerScrub(177)) - Background container scanner has been disabled.
2019-10-16 01:11:18,996 [Datanode State Machine Thread - 0] INFO  ratis.XceiverServerRatis (XceiverServerRatis.java:start(418)) - Starting XceiverServerRatis 3d4afc67-c7e5-451f-ad84-7ee4adc2e156 at port 37554
2019-10-16 01:11:19,007 [Datanode State Machine Thread - 0] INFO  impl.RaftServerImpl (RaftServerImpl.java:start(195)) - 3d4afc67-c7e5-451f-ad84-7ee4adc2e156@group-F110391D6AD9: start as a follower, conf=0: [9e106ceb-2e48-4592-baea-5a074ecdeb7f:192.168.164.234:46856, 3d4afc67-c7e5-451f-ad84-7ee4adc2e156:192.168.164.234:37554, bdf1820c-8b54-4379-867f-1e5a509c7465:192.168.164.234:34989], old=null
2019-10-16 01:11:19,008 [ForkJoinPool.commonPool-worker-0] INFO  impl.RaftServerImpl (RaftServerImpl.java:start(195)) - 3d4afc67-c7e5-451f-ad84-7ee4adc2e156@group-FE2F3C1D2E38: start as a follower, conf=0: [3d4afc67-c7e5-451f-ad84-7ee4adc2e156:192.168.164.234:37554], old=null
2019-10-16 01:11:19,008 [Datanode State Machine Thread - 0] INFO  impl.RaftServerImpl (RaftServerImpl.java:setRole(184)) - 3d4afc67-c7e5-451f-ad84-7ee4adc2e156@group-F110391D6AD9: changes role from      null to FOLLOWER at term 2 for startAsFollower
2019-10-16 01:11:19,008 [ForkJoinPool.commonPool-worker-0] INFO  impl.RaftServerImpl (RaftServerImpl.java:setRole(184)) - 3d4afc67-c7e5-451f-ad84-7ee4adc2e156@group-FE2F3C1D2E38: changes role from      null to FOLLOWER at term 1 for startAsFollower
2019-10-16 01:11:19,009 [Datanode State Machine Thread - 0] INFO  impl.RoleInfo (RoleInfo.java:updateAndGet(143)) - 3d4afc67-c7e5-451f-ad84-7ee4adc2e156: start FollowerState
2019-10-16 01:11:19,009 [ForkJoinPool.commonPool-worker-0] INFO  impl.RoleInfo (RoleInfo.java:updateAndGet(143)) - 3d4afc67-c7e5-451f-ad84-7ee4adc2e156: start FollowerState
2019-10-16 01:11:19,009 [Datanode State Machine Thread - 0] INFO  util.JmxRegister (JmxRegister.java:tryRegister(44)) - Successfully registered JMX Bean with object name Ratis:service=RaftServer,group=group-F110391D6AD9,id=3d4afc67-c7e5-451f-ad84-7ee4adc2e156
2019-10-16 01:11:19,009 [ForkJoinPool.commonPool-worker-0] INFO  util.JmxRegister (JmxRegister.java:tryRegister(44)) - Successfully registered JMX Bean with object name Ratis:service=RaftServer,group=group-FE2F3C1D2E38,id=3d4afc67-c7e5-451f-ad84-7ee4adc2e156
2019-10-16 01:11:19,012 [Datanode State Machine Thread - 0] INFO  impl.RaftServerProxy (RaftServerProxy.java:lambda$start$3(299)) - 3d4afc67-c7e5-451f-ad84-7ee4adc2e156: start RPC server
2019-10-16 01:11:19,014 [Datanode State Machine Thread - 0] INFO  server.GrpcService (GrpcService.java:startImpl(158)) - 3d4afc67-c7e5-451f-ad84-7ee4adc2e156: GrpcService started, listening on 0.0.0.0/0.0.0.0:37554
2019-10-16 01:11:19,053 [Thread-555] INFO  impl.FollowerState (FollowerState.java:run(108)) - 3d4afc67-c7e5-451f-ad84-7ee4adc2e156@group-F110391D6AD9-FollowerState: change to CANDIDATE, lastRpcTime:44ms, electionTimeout:44ms
2019-10-16 01:11:19,054 [Thread-555] INFO  impl.RoleInfo (RoleInfo.java:shutdownFollowerState(121)) - 3d4afc67-c7e5-451f-ad84-7ee4adc2e156: shutdown FollowerState
2019-10-16 01:11:19,054 [Thread-555] INFO  impl.RaftServerImpl (RaftServerImpl.java:setRole(184)) - 3d4afc67-c7e5-451f-ad84-7ee4adc2e156@group-F110391D6AD9: changes role from  FOLLOWER to CANDIDATE at term 2 for changeToCandidate
2019-10-16 01:11:19,054 [Thread-555] INFO  impl.RoleInfo (RoleInfo.java:updateAndGet(143)) - 3d4afc67-c7e5-451f-ad84-7ee4adc2e156: start LeaderElection
2019-10-16 01:11:19,089 [3d4afc67-c7e5-451f-ad84-7ee4adc2e156@group-F110391D6AD9-LeaderElection6] INFO  impl.LeaderElection (LeaderElection.java:askForVotes(178)) - 3d4afc67-c7e5-451f-ad84-7ee4adc2e156@group-F110391D6AD9-LeaderElection6: begin an election at term 3 for 0: [9e106ceb-2e48-4592-baea-5a074ecdeb7f:192.168.164.234:46856, 3d4afc67-c7e5-451f-ad84-7ee4adc2e156:192.168.164.234:37554, bdf1820c-8b54-4379-867f-1e5a509c7465:192.168.164.234:34989], old=null
2019-10-16 01:11:19,103 [grpc-default-executor-0] INFO  impl.RaftServerImpl (ServerState.java:setLeader(256)) - 9e106ceb-2e48-4592-baea-5a074ecdeb7f@group-F110391D6AD9: change Leader from 9e106ceb-2e48-4592-baea-5a074ecdeb7f to null at term 3 for updateCurrentTerm
2019-10-16 01:11:19,103 [grpc-default-executor-0] INFO  impl.RaftServerImpl (RaftServerImpl.java:setRole(184)) - 9e106ceb-2e48-4592-baea-5a074ecdeb7f@group-F110391D6AD9: changes role from    LEADER to FOLLOWER at term 3 for recognizeCandidate:3d4afc67-c7e5-451f-ad84-7ee4adc2e156
2019-10-16 01:11:19,103 [grpc-default-executor-3] INFO  impl.RaftServerImpl (ServerState.java:setLeader(256)) - bdf1820c-8b54-4379-867f-1e5a509c7465@group-F110391D6AD9: change Leader from 9e106ceb-2e48-4592-baea-5a074ecdeb7f to null at term 3 for updateCurrentTerm
2019-10-16 01:11:19,103 [grpc-default-executor-0] INFO  impl.RoleInfo (RoleInfo.java:shutdownLeaderState(104)) - 9e106ceb-2e48-4592-baea-5a074ecdeb7f: shutdown LeaderState
2019-10-16 01:11:19,104 [grpc-default-executor-3] INFO  impl.RaftServerImpl (RaftServerImpl.java:setRole(184)) - bdf1820c-8b54-4379-867f-1e5a509c7465@group-F110391D6AD9: changes role from  FOLLOWER to FOLLOWER at term 3 for recognizeCandidate:3d4afc67-c7e5-451f-ad84-7ee4adc2e156
2019-10-16 01:11:19,106 [grpc-default-executor-3] INFO  impl.RoleInfo (RoleInfo.java:shutdownFollowerState(121)) - bdf1820c-8b54-4379-867f-1e5a509c7465: shutdown FollowerState
2019-10-16 01:11:19,106 [org.apache.ratis.server.impl.LogAppender$AppenderDaemon$$Lambda$397/929525514@40c12b7b] WARN  server.GrpcLogAppender (GrpcLogAppender.java:mayWait(149)) - 9e106ceb-2e48-4592-baea-5a074ecdeb7f@group-F110391D6AD9->3d4afc67-c7e5-451f-ad84-7ee4adc2e156-GrpcLogAppender: Wait interrupted by java.lang.InterruptedException
2019-10-16 01:11:19,106 [grpc-default-executor-0] INFO  impl.PendingRequests (PendingRequests.java:sendNotLeaderResponses(202)) - 9e106ceb-2e48-4592-baea-5a074ecdeb7f@group-F110391D6AD9-PendingRequests: sendNotLeaderResponses
2019-10-16 01:11:19,106 [org.apache.ratis.server.impl.LogAppender$AppenderDaemon$$Lambda$397/929525514@71cbcd98] WARN  server.GrpcLogAppender (GrpcLogAppender.java:mayWait(149)) - 9e106ceb-2e48-4592-baea-5a074ecdeb7f@group-F110391D6AD9->bdf1820c-8b54-4379-867f-1e5a509c7465-GrpcLogAppender: Wait interrupted by java.lang.InterruptedException
2019-10-16 01:11:19,106 [grpc-default-executor-3] INFO  impl.RoleInfo (RoleInfo.java:updateAndGet(143)) - bdf1820c-8b54-4379-867f-1e5a509c7465: start FollowerState
2019-10-16 01:11:19,106 [Thread-226] INFO  impl.FollowerState (FollowerState.java:run(117)) - bdf1820c-8b54-4379-867f-1e5a509c7465@group-F110391D6AD9-FollowerState was interrupted: java.lang.InterruptedException: sleep interrupted
2019-10-16 01:11:19,110 [pool-7-thread-1] INFO  commands.RetriableDatanodeEventWatcher (RetriableDatanodeEventWatcher.java:onTimeout(47)) - RetriableDatanodeCommand type=deleteBlocksCommand with id=1571188276107 timed out. Retrying.
2019-10-16 01:11:19,111 [grpc-default-executor-0] INFO  impl.RoleInfo (RoleInfo.java:updateAndGet(143)) - 9e106ceb-2e48-4592-baea-5a074ecdeb7f: start FollowerState
2019-10-16 01:11:19,111 [Thread-563] INFO  client.GrpcClientProtocolService (GrpcClientProtocolService.java:lambda$processClientRequest$0(278)) - Failed RaftClientRequest:client-901DCD72E87A->9e106ceb-2e48-4592-baea-5a074ecdeb7f@group-F110391D6AD9, cid=10, seq=0, Watch-ALL_COMMITTED(6), Message:<EMPTY>, reply=RaftClientReply:client-901DCD72E87A->9e106ceb-2e48-4592-baea-5a074ecdeb7f@group-F110391D6AD9, cid=10, FAILED org.apache.ratis.protocol.NotLeaderException: Server 9e106ceb-2e48-4592-baea-5a074ecdeb7f@group-F110391D6AD9 is not the leader, logIndex=0, commits[9e106ceb-2e48-4592-baea-5a074ecdeb7f:c10, 3d4afc67-c7e5-451f-ad84-7ee4adc2e156:c4, bdf1820c-8b54-4379-867f-1e5a509c7465:c10]
2019-10-16 01:11:19,112 [pool-7-thread-3] INFO  commands.RetriableDatanodeEventWatcher (RetriableDatanodeEventWatcher.java:onTimeout(47)) - RetriableDatanodeCommand type=deleteBlocksCommand with id=1571188276110 timed out. Retrying.
2019-10-16 01:11:19,112 [grpc-default-executor-4] INFO  server.GrpcServerProtocolService (GrpcServerProtocolService.java:onCompleted(113)) - bdf1820c-8b54-4379-867f-1e5a509c7465: Completed APPEND_ENTRIES, lastRequest: 9e106ceb-2e48-4592-baea-5a074ecdeb7f->bdf1820c-8b54-4379-867f-1e5a509c7465#51-t2, previous=(t:2, i:10), leaderCommit=10, initializing? false, entries: <empty>
2019-10-16 01:11:19,112 [SCMBlockDeletingService#0] INFO  block.SCMBlockDeletingService (SCMBlockDeletingService.java:call(184)) - Totally added 1 delete blocks command for 1 datanodes, task elapsed time: 1ms
2019-10-16 01:11:19,118 [pool-7-thread-2] INFO  commands.RetriableDatanodeEventWatcher (RetriableDatanodeEventWatcher.java:onTimeout(47)) - RetriableDatanodeCommand type=deleteBlocksCommand with id=1571188276111 timed out. Retrying.
2019-10-16 01:11:19,121 [grpc-default-executor-6] INFO  server.GrpcLogAppender (GrpcLogAppender.java:onCompleted(308)) - 9e106ceb-2e48-4592-baea-5a074ecdeb7f@group-F110391D6AD9->bdf1820c-8b54-4379-867f-1e5a509c7465-AppendLogResponseHandler: follower responses appendEntries COMPLETED
2019-10-16 01:11:19,124 [grpc-default-executor-6] INFO  impl.FollowerInfo (FollowerInfo.java:lambda$new$0(51)) - 9e106ceb-2e48-4592-baea-5a074ecdeb7f@group-F110391D6AD9->bdf1820c-8b54-4379-867f-1e5a509c7465: nextIndex: updateUnconditionally 11 -> 10
2019-10-16 01:11:19,147 [3d4afc67-c7e5-451f-ad84-7ee4adc2e156@group-F110391D6AD9-LeaderElection6] INFO  impl.LeaderElection (LeaderElection.java:logAndReturn(56)) - 3d4afc67-c7e5-451f-ad84-7ee4adc2e156@group-F110391D6AD9-LeaderElection6: Election REJECTED; received 2 response(s) [3d4afc67-c7e5-451f-ad84-7ee4adc2e156<-9e106ceb-2e48-4592-baea-5a074ecdeb7f#0:FAIL-t3, 3d4afc67-c7e5-451f-ad84-7ee4adc2e156<-bdf1820c-8b54-4379-867f-1e5a509c7465#0:FAIL-t3] and 0 exception(s); 3d4afc67-c7e5-451f-ad84-7ee4adc2e156@group-F110391D6AD9:t3, leader=null, voted=3d4afc67-c7e5-451f-ad84-7ee4adc2e156, raftlog=3d4afc67-c7e5-451f-ad84-7ee4adc2e156@group-F110391D6AD9-SegmentedRaftLog:OPENED:c3,f4,i4, conf=0: [9e106ceb-2e48-4592-baea-5a074ecdeb7f:192.168.164.234:46856, 3d4afc67-c7e5-451f-ad84-7ee4adc2e156:192.168.164.234:37554, bdf1820c-8b54-4379-867f-1e5a509c7465:192.168.164.234:34989], old=null
2019-10-16 01:11:19,148 [3d4afc67-c7e5-451f-ad84-7ee4adc2e156@group-F110391D6AD9-LeaderElection6] INFO  impl.RaftServerImpl (RaftServerImpl.java:setRole(184)) - 3d4afc67-c7e5-451f-ad84-7ee4adc2e156@group-F110391D6AD9: changes role from CANDIDATE to FOLLOWER at term 3 for DISCOVERED_A_NEW_TERM
2019-10-16 01:11:19,149 [3d4afc67-c7e5-451f-ad84-7ee4adc2e156@group-F110391D6AD9-LeaderElection6] INFO  impl.RoleInfo (RoleInfo.java:shutdownLeaderElection(134)) - 3d4afc67-c7e5-451f-ad84-7ee4adc2e156: shutdown LeaderElection
2019-10-16 01:11:19,149 [3d4afc67-c7e5-451f-ad84-7ee4adc2e156@group-F110391D6AD9-LeaderElection6] INFO  impl.RoleInfo (RoleInfo.java:updateAndGet(143)) - 3d4afc67-c7e5-451f-ad84-7ee4adc2e156: start FollowerState
2019-10-16 01:11:19,180 [Thread-556] INFO  impl.FollowerState (FollowerState.java:run(108)) - 3d4afc67-c7e5-451f-ad84-7ee4adc2e156@group-FE2F3C1D2E38-FollowerState: change to CANDIDATE, lastRpcTime:171ms, electionTimeout:171ms
2019-10-16 01:11:19,182 [Thread-556] INFO  impl.RoleInfo (RoleInfo.java:shutdownFollowerState(121)) - 3d4afc67-c7e5-451f-ad84-7ee4adc2e156: shutdown FollowerState
2019-10-16 01:11:19,182 [Thread-556] INFO  impl.RaftServerImpl (RaftServerImpl.java:setRole(184)) - 3d4afc67-c7e5-451f-ad84-7ee4adc2e156@group-FE2F3C1D2E38: changes role from  FOLLOWER to CANDIDATE at term 1 for changeToCandidate
2019-10-16 01:11:19,182 [Thread-556] INFO  impl.RoleInfo (RoleInfo.java:updateAndGet(143)) - 3d4afc67-c7e5-451f-ad84-7ee4adc2e156: start LeaderElection
2019-10-16 01:11:19,207 [3d4afc67-c7e5-451f-ad84-7ee4adc2e156@group-FE2F3C1D2E38-LeaderElection7] INFO  impl.LeaderElection (LeaderElection.java:askForVotes(178)) - 3d4afc67-c7e5-451f-ad84-7ee4adc2e156@group-FE2F3C1D2E38-LeaderElection7: begin an election at term 2 for 0: [3d4afc67-c7e5-451f-ad84-7ee4adc2e156:192.168.164.234:37554], old=null
2019-10-16 01:11:19,293 [3d4afc67-c7e5-451f-ad84-7ee4adc2e156@group-FE2F3C1D2E38-LeaderElection7] INFO  impl.RoleInfo (RoleInfo.java:shutdownLeaderElection(134)) - 3d4afc67-c7e5-451f-ad84-7ee4adc2e156: shutdown LeaderElection
2019-10-16 01:11:19,293 [3d4afc67-c7e5-451f-ad84-7ee4adc2e156@group-FE2F3C1D2E38-LeaderElection7] INFO  impl.RaftServerImpl (RaftServerImpl.java:setRole(184)) - 3d4afc67-c7e5-451f-ad84-7ee4adc2e156@group-FE2F3C1D2E38: changes role from CANDIDATE to LEADER at term 2 for changeToLeader
2019-10-16 01:11:19,293 [3d4afc67-c7e5-451f-ad84-7ee4adc2e156@group-FE2F3C1D2E38-LeaderElection7] INFO  impl.RaftServerImpl (ServerState.java:setLeader(256)) - 3d4afc67-c7e5-451f-ad84-7ee4adc2e156@group-FE2F3C1D2E38: change Leader from null to 3d4afc67-c7e5-451f-ad84-7ee4adc2e156 at term 2 for becomeLeader, leader elected after 2278ms
2019-10-16 01:11:19,296 [3d4afc67-c7e5-451f-ad84-7ee4adc2e156@group-FE2F3C1D2E38-LeaderElection7] INFO  server.RaftServerConfigKeys (ConfUtils.java:logGet(43)) - raft.server.staging.catchup.gap = 1000 (default)
2019-10-16 01:11:19,297 [3d4afc67-c7e5-451f-ad84-7ee4adc2e156@group-FE2F3C1D2E38-LeaderElection7] INFO  server.RaftServerConfigKeys (ConfUtils.java:logGet(43)) - raft.server.rpc.sleep.time = 25ms (default)
2019-10-16 01:11:19,297 [3d4afc67-c7e5-451f-ad84-7ee4adc2e156@group-FE2F3C1D2E38-LeaderElection7] INFO  server.RaftServerConfigKeys (ConfUtils.java:logGet(43)) - raft.server.write.element-limit = 4096 (default)
2019-10-16 01:11:19,300 [3d4afc67-c7e5-451f-ad84-7ee4adc2e156@group-FE2F3C1D2E38-LeaderElection7] INFO  server.RaftServerConfigKeys (ConfUtils.java:logGet(43)) - raft.server.watch.timeout = 10s (default)
2019-10-16 01:11:19,301 [3d4afc67-c7e5-451f-ad84-7ee4adc2e156@group-FE2F3C1D2E38-LeaderElection7] INFO  server.RaftServerConfigKeys (ConfUtils.java:logGet(43)) - raft.server.watch.timeout.denomination = 1s (default)
2019-10-16 01:11:19,301 [3d4afc67-c7e5-451f-ad84-7ee4adc2e156@group-FE2F3C1D2E38-LeaderElection7] INFO  server.RaftServerConfigKeys (ConfUtils.java:logGet(43)) - raft.server.watch.element-limit = 65536 (default)
2019-10-16 01:11:19,301 [3d4afc67-c7e5-451f-ad84-7ee4adc2e156@group-FE2F3C1D2E38-LeaderElection7] INFO  impl.RoleInfo (RoleInfo.java:updateAndGet(143)) - 3d4afc67-c7e5-451f-ad84-7ee4adc2e156: start LeaderState
2019-10-16 01:11:19,302 [3d4afc67-c7e5-451f-ad84-7ee4adc2e156@group-FE2F3C1D2E38-LeaderElection7] INFO  segmented.SegmentedRaftLogWorker (SegmentedRaftLogWorker.java:rollLogSegment(390)) - 3d4afc67-c7e5-451f-ad84-7ee4adc2e156@group-FE2F3C1D2E38-SegmentedRaftLogWorker: Rolling segment log-0_0 to index:0
2019-10-16 01:11:19,307 [3d4afc67-c7e5-451f-ad84-7ee4adc2e156@group-FE2F3C1D2E38-LeaderElection7] INFO  impl.RaftServerImpl (ServerState.java:setRaftConf(357)) - 3d4afc67-c7e5-451f-ad84-7ee4adc2e156@group-FE2F3C1D2E38: set configuration 1: [3d4afc67-c7e5-451f-ad84-7ee4adc2e156:192.168.164.234:37554], old=null at 1
2019-10-16 01:11:19,312 [3d4afc67-c7e5-451f-ad84-7ee4adc2e156@group-FE2F3C1D2E38-SegmentedRaftLogWorker] INFO  segmented.SegmentedRaftLogWorker (SegmentedRaftLogWorker.java:execute(533)) - 3d4afc67-c7e5-451f-ad84-7ee4adc2e156@group-FE2F3C1D2E38-SegmentedRaftLogWorker: Rolled log segment from /workdir/hadoop-ozone/integration-test/target/test-dir/MiniOzoneClusterImpl-6aea6efb-0017-4071-a4af-b72efaa63b28/datanode-2/data/ratis/aebedb69-a827-4c76-b3fa-fe2f3c1d2e38/current/log_inprogress_0 to /workdir/hadoop-ozone/integration-test/target/test-dir/MiniOzoneClusterImpl-6aea6efb-0017-4071-a4af-b72efaa63b28/datanode-2/data/ratis/aebedb69-a827-4c76-b3fa-fe2f3c1d2e38/current/log_0-0
2019-10-16 01:11:19,313 [Thread-565] INFO  impl.FollowerState (FollowerState.java:run(108)) - 3d4afc67-c7e5-451f-ad84-7ee4adc2e156@group-F110391D6AD9-FollowerState: change to CANDIDATE, lastRpcTime:164ms, electionTimeout:163ms
2019-10-16 01:11:19,313 [Thread-565] INFO  impl.RoleInfo (RoleInfo.java:shutdownFollowerState(121)) - 3d4afc67-c7e5-451f-ad84-7ee4adc2e156: shutdown FollowerState
2019-10-16 01:11:19,313 [Thread-565] INFO  impl.RaftServerImpl (RaftServerImpl.java:setRole(184)) - 3d4afc67-c7e5-451f-ad84-7ee4adc2e156@group-F110391D6AD9: changes role from  FOLLOWER to CANDIDATE at term 3 for changeToCandidate
2019-10-16 01:11:19,313 [Thread-565] INFO  impl.RoleInfo (RoleInfo.java:updateAndGet(143)) - 3d4afc67-c7e5-451f-ad84-7ee4adc2e156: start LeaderElection
2019-10-16 01:11:19,368 [3d4afc67-c7e5-451f-ad84-7ee4adc2e156@group-FE2F3C1D2E38-SegmentedRaftLogWorker] INFO  segmented.SegmentedRaftLogWorker (SegmentedRaftLogWorker.java:execute(576)) - 3d4afc67-c7e5-451f-ad84-7ee4adc2e156@group-FE2F3C1D2E38-SegmentedRaftLogWorker: created new log segment /workdir/hadoop-ozone/integration-test/target/test-dir/MiniOzoneClusterImpl-6aea6efb-0017-4071-a4af-b72efaa63b28/datanode-2/data/ratis/aebedb69-a827-4c76-b3fa-fe2f3c1d2e38/current/log_inprogress_1
2019-10-16 01:11:19,370 [3d4afc67-c7e5-451f-ad84-7ee4adc2e156@group-F110391D6AD9-LeaderElection8] INFO  impl.LeaderElection (LeaderElection.java:askForVotes(178)) - 3d4afc67-c7e5-451f-ad84-7ee4adc2e156@group-F110391D6AD9-LeaderElection8: begin an election at term 4 for 0: [9e106ceb-2e48-4592-baea-5a074ecdeb7f:192.168.164.234:46856, 3d4afc67-c7e5-451f-ad84-7ee4adc2e156:192.168.164.234:37554, bdf1820c-8b54-4379-867f-1e5a509c7465:192.168.164.234:34989], old=null
2019-10-16 01:11:19,375 [grpc-default-executor-3] INFO  impl.RaftServerImpl (RaftServerImpl.java:setRole(184)) - bdf1820c-8b54-4379-867f-1e5a509c7465@group-F110391D6AD9: changes role from  FOLLOWER to FOLLOWER at term 4 for recognizeCandidate:3d4afc67-c7e5-451f-ad84-7ee4adc2e156
2019-10-16 01:11:19,375 [grpc-default-executor-0] INFO  impl.RaftServerImpl (RaftServerImpl.java:setRole(184)) - 9e106ceb-2e48-4592-baea-5a074ecdeb7f@group-F110391D6AD9: changes role from  FOLLOWER to FOLLOWER at term 4 for recognizeCandidate:3d4afc67-c7e5-451f-ad84-7ee4adc2e156
2019-10-16 01:11:19,375 [grpc-default-executor-3] INFO  impl.RoleInfo (RoleInfo.java:shutdownFollowerState(121)) - bdf1820c-8b54-4379-867f-1e5a509c7465: shutdown FollowerState
2019-10-16 01:11:19,375 [grpc-default-executor-0] INFO  impl.RoleInfo (RoleInfo.java:shutdownFollowerState(121)) - 9e106ceb-2e48-4592-baea-5a074ecdeb7f: shutdown FollowerState
2019-10-16 01:11:19,376 [grpc-default-executor-3] INFO  impl.RoleInfo (RoleInfo.java:updateAndGet(143)) - bdf1820c-8b54-4379-867f-1e5a509c7465: start FollowerState
2019-10-16 01:11:19,376 [grpc-default-executor-0] INFO  impl.RoleInfo (RoleInfo.java:updateAndGet(143)) - 9e106ceb-2e48-4592-baea-5a074ecdeb7f: start FollowerState
2019-10-16 01:11:19,376 [Thread-562] INFO  impl.FollowerState (FollowerState.java:run(117)) - bdf1820c-8b54-4379-867f-1e5a509c7465@group-F110391D6AD9-FollowerState was interrupted: java.lang.InterruptedException: sleep interrupted
2019-10-16 01:11:19,376 [Thread-564] INFO  impl.FollowerState (FollowerState.java:run(117)) - 9e106ceb-2e48-4592-baea-5a074ecdeb7f@group-F110391D6AD9-FollowerState was interrupted: java.lang.InterruptedException: sleep interrupted
2019-10-16 01:11:19,397 [3d4afc67-c7e5-451f-ad84-7ee4adc2e156@group-F110391D6AD9-LeaderElection8] INFO  impl.LeaderElection (LeaderElection.java:logAndReturn(56)) - 3d4afc67-c7e5-451f-ad84-7ee4adc2e156@group-F110391D6AD9-LeaderElection8: Election REJECTED; received 2 response(s) [3d4afc67-c7e5-451f-ad84-7ee4adc2e156<-9e106ceb-2e48-4592-baea-5a074ecdeb7f#0:FAIL-t4, 3d4afc67-c7e5-451f-ad84-7ee4adc2e156<-bdf1820c-8b54-4379-867f-1e5a509c7465#0:FAIL-t4] and 0 exception(s); 3d4afc67-c7e5-451f-ad84-7ee4adc2e156@group-F110391D6AD9:t4, leader=null, voted=3d4afc67-c7e5-451f-ad84-7ee4adc2e156, raftlog=3d4afc67-c7e5-451f-ad84-7ee4adc2e156@group-F110391D6AD9-SegmentedRaftLog:OPENED:c3,f4,i4, conf=0: [9e106ceb-2e48-4592-baea-5a074ecdeb7f:192.168.164.234:46856, 3d4afc67-c7e5-451f-ad84-7ee4adc2e156:192.168.164.234:37554, bdf1820c-8b54-4379-867f-1e5a509c7465:192.168.164.234:34989], old=null
2019-10-16 01:11:19,398 [3d4afc67-c7e5-451f-ad84-7ee4adc2e156@group-F110391D6AD9-LeaderElection8] INFO  impl.RaftServerImpl (RaftServerImpl.java:setRole(184)) - 3d4afc67-c7e5-451f-ad84-7ee4adc2e156@group-F110391D6AD9: changes role from CANDIDATE to FOLLOWER at term 4 for DISCOVERED_A_NEW_TERM
2019-10-16 01:11:19,401 [3d4afc67-c7e5-451f-ad84-7ee4adc2e156@group-F110391D6AD9-LeaderElection8] INFO  impl.RoleInfo (RoleInfo.java:shutdownLeaderElection(134)) - 3d4afc67-c7e5-451f-ad84-7ee4adc2e156: shutdown LeaderElection
2019-10-16 01:11:19,402 [3d4afc67-c7e5-451f-ad84-7ee4adc2e156@group-F110391D6AD9-LeaderElection8] INFO  impl.RoleInfo (RoleInfo.java:updateAndGet(143)) - 3d4afc67-c7e5-451f-ad84-7ee4adc2e156: start FollowerState
2019-10-16 01:11:19,423 [Thread-573] INFO  impl.FollowerState (FollowerState.java:run(108)) - 3d4afc67-c7e5-451f-ad84-7ee4adc2e156@group-F110391D6AD9-FollowerState: change to CANDIDATE, lastRpcTime:21ms, electionTimeout:21ms
2019-10-16 01:11:19,424 [Thread-573] INFO  impl.RoleInfo (RoleInfo.java:shutdownFollowerState(121)) - 3d4afc67-c7e5-451f-ad84-7ee4adc2e156: shutdown FollowerState
2019-10-16 01:11:19,425 [Thread-573] INFO  impl.RaftServerImpl (RaftServerImpl.java:setRole(184)) - 3d4afc67-c7e5-451f-ad84-7ee4adc2e156@group-F110391D6AD9: changes role from  FOLLOWER to CANDIDATE at term 4 for changeToCandidate
2019-10-16 01:11:19,425 [Thread-573] INFO  impl.RoleInfo (RoleInfo.java:updateAndGet(143)) - 3d4afc67-c7e5-451f-ad84-7ee4adc2e156: start LeaderElection
2019-10-16 01:11:19,449 [3d4afc67-c7e5-451f-ad84-7ee4adc2e156@group-F110391D6AD9-LeaderElection9] INFO  impl.LeaderElection (LeaderElection.java:askForVotes(178)) - 3d4afc67-c7e5-451f-ad84-7ee4adc2e156@group-F110391D6AD9-LeaderElection9: begin an election at term 5 for 0: [9e106ceb-2e48-4592-baea-5a074ecdeb7f:192.168.164.234:46856, 3d4afc67-c7e5-451f-ad84-7ee4adc2e156:192.168.164.234:37554, bdf1820c-8b54-4379-867f-1e5a509c7465:192.168.164.234:34989], old=null
2019-10-16 01:11:19,452 [grpc-default-executor-3] INFO  impl.RaftServerImpl (RaftServerImpl.java:setRole(184)) - 9e106ceb-2e48-4592-baea-5a074ecdeb7f@group-F110391D6AD9: changes role from  FOLLOWER to FOLLOWER at term 5 for recognizeCandidate:3d4afc67-c7e5-451f-ad84-7ee4adc2e156
2019-10-16 01:11:19,453 [grpc-default-executor-3] INFO  impl.RoleInfo (RoleInfo.java:shutdownFollowerState(121)) - 9e106ceb-2e48-4592-baea-5a074ecdeb7f: shutdown FollowerState
2019-10-16 01:11:19,454 [grpc-default-executor-3] INFO  impl.RoleInfo (RoleInfo.java:updateAndGet(143)) - 9e106ceb-2e48-4592-baea-5a074ecdeb7f: start FollowerState
2019-10-16 01:11:19,454 [grpc-default-executor-0] INFO  impl.RaftServerImpl (RaftServerImpl.java:setRole(184)) - bdf1820c-8b54-4379-867f-1e5a509c7465@group-F110391D6AD9: changes role from  FOLLOWER to FOLLOWER at term 5 for recognizeCandidate:3d4afc67-c7e5-451f-ad84-7ee4adc2e156
2019-10-16 01:11:19,454 [Thread-572] INFO  impl.FollowerState (FollowerState.java:run(117)) - 9e106ceb-2e48-4592-baea-5a074ecdeb7f@group-F110391D6AD9-FollowerState was interrupted: java.lang.InterruptedException: sleep interrupted
2019-10-16 01:11:19,454 [grpc-default-executor-0] INFO  impl.RoleInfo (RoleInfo.java:shutdownFollowerState(121)) - bdf1820c-8b54-4379-867f-1e5a509c7465: shutdown FollowerState
2019-10-16 01:11:19,455 [grpc-default-executor-0] INFO  impl.RoleInfo (RoleInfo.java:updateAndGet(143)) - bdf1820c-8b54-4379-867f-1e5a509c7465: start FollowerState
2019-10-16 01:11:19,455 [Thread-571] INFO  impl.FollowerState (FollowerState.java:run(117)) - bdf1820c-8b54-4379-867f-1e5a509c7465@group-F110391D6AD9-FollowerState was interrupted: java.lang.InterruptedException: sleep interrupted
2019-10-16 01:11:19,482 [3d4afc67-c7e5-451f-ad84-7ee4adc2e156@group-F110391D6AD9-LeaderElection9] INFO  impl.LeaderElection (LeaderElection.java:logAndReturn(56)) - 3d4afc67-c7e5-451f-ad84-7ee4adc2e156@group-F110391D6AD9-LeaderElection9: Election REJECTED; received 2 response(s) [3d4afc67-c7e5-451f-ad84-7ee4adc2e156<-9e106ceb-2e48-4592-baea-5a074ecdeb7f#0:FAIL-t5, 3d4afc67-c7e5-451f-ad84-7ee4adc2e156<-bdf1820c-8b54-4379-867f-1e5a509c7465#0:FAIL-t5] and 0 exception(s); 3d4afc67-c7e5-451f-ad84-7ee4adc2e156@group-F110391D6AD9:t5, leader=null, voted=3d4afc67-c7e5-451f-ad84-7ee4adc2e156, raftlog=3d4afc67-c7e5-451f-ad84-7ee4adc2e156@group-F110391D6AD9-SegmentedRaftLog:OPENED:c3,f4,i4, conf=0: [9e106ceb-2e48-4592-baea-5a074ecdeb7f:192.168.164.234:46856, 3d4afc67-c7e5-451f-ad84-7ee4adc2e156:192.168.164.234:37554, bdf1820c-8b54-4379-867f-1e5a509c7465:192.168.164.234:34989], old=null
2019-10-16 01:11:19,482 [3d4afc67-c7e5-451f-ad84-7ee4adc2e156@group-F110391D6AD9-LeaderElection9] INFO  impl.RaftServerImpl (RaftServerImpl.java:setRole(184)) - 3d4afc67-c7e5-451f-ad84-7ee4adc2e156@group-F110391D6AD9: changes role from CANDIDATE to FOLLOWER at term 5 for DISCOVERED_A_NEW_TERM
2019-10-16 01:11:19,484 [3d4afc67-c7e5-451f-ad84-7ee4adc2e156@group-F110391D6AD9-LeaderElection9] INFO  impl.RoleInfo (RoleInfo.java:shutdownLeaderElection(134)) - 3d4afc67-c7e5-451f-ad84-7ee4adc2e156: shutdown LeaderElection
2019-10-16 01:11:19,484 [3d4afc67-c7e5-451f-ad84-7ee4adc2e156@group-F110391D6AD9-LeaderElection9] INFO  impl.RoleInfo (RoleInfo.java:updateAndGet(143)) - 3d4afc67-c7e5-451f-ad84-7ee4adc2e156: start FollowerState
2019-10-16 01:11:19,590 [Thread-579] INFO  impl.FollowerState (FollowerState.java:run(108)) - 3d4afc67-c7e5-451f-ad84-7ee4adc2e156@group-F110391D6AD9-FollowerState: change to CANDIDATE, lastRpcTime:106ms, electionTimeout:105ms
2019-10-16 01:11:19,592 [Thread-579] INFO  impl.RoleInfo (RoleInfo.java:shutdownFollowerState(121)) - 3d4afc67-c7e5-451f-ad84-7ee4adc2e156: shutdown FollowerState
2019-10-16 01:11:19,592 [Thread-579] INFO  impl.RaftServerImpl (RaftServerImpl.java:setRole(184)) - 3d4afc67-c7e5-451f-ad84-7ee4adc2e156@group-F110391D6AD9: changes role from  FOLLOWER to CANDIDATE at term 5 for changeToCandidate
2019-10-16 01:11:19,593 [Thread-579] INFO  impl.RoleInfo (RoleInfo.java:updateAndGet(143)) - 3d4afc67-c7e5-451f-ad84-7ee4adc2e156: start LeaderElection
2019-10-16 01:11:19,633 [3d4afc67-c7e5-451f-ad84-7ee4adc2e156@group-F110391D6AD9-LeaderElection10] INFO  impl.LeaderElection (LeaderElection.java:askForVotes(178)) - 3d4afc67-c7e5-451f-ad84-7ee4adc2e156@group-F110391D6AD9-LeaderElection10: begin an election at term 6 for 0: [9e106ceb-2e48-4592-baea-5a074ecdeb7f:192.168.164.234:46856, 3d4afc67-c7e5-451f-ad84-7ee4adc2e156:192.168.164.234:37554, bdf1820c-8b54-4379-867f-1e5a509c7465:192.168.164.234:34989], old=null
2019-10-16 01:11:19,638 [grpc-default-executor-0] INFO  impl.RaftServerImpl (RaftServerImpl.java:setRole(184)) - 9e106ceb-2e48-4592-baea-5a074ecdeb7f@group-F110391D6AD9: changes role from  FOLLOWER to FOLLOWER at term 6 for recognizeCandidate:3d4afc67-c7e5-451f-ad84-7ee4adc2e156
2019-10-16 01:11:19,639 [grpc-default-executor-0] INFO  impl.RoleInfo (RoleInfo.java:shutdownFollowerState(121)) - 9e106ceb-2e48-4592-baea-5a074ecdeb7f: shutdown FollowerState
2019-10-16 01:11:19,639 [grpc-default-executor-3] INFO  impl.RaftServerImpl (RaftServerImpl.java:setRole(184)) - bdf1820c-8b54-4379-867f-1e5a509c7465@group-F110391D6AD9: changes role from  FOLLOWER to FOLLOWER at term 6 for recognizeCandidate:3d4afc67-c7e5-451f-ad84-7ee4adc2e156
2019-10-16 01:11:19,639 [grpc-default-executor-0] INFO  impl.RoleInfo (RoleInfo.java:updateAndGet(143)) - 9e106ceb-2e48-4592-baea-5a074ecdeb7f: start FollowerState
2019-10-16 01:11:19,639 [grpc-default-executor-3] INFO  impl.RoleInfo (RoleInfo.java:shutdownFollowerState(121)) - bdf1820c-8b54-4379-867f-1e5a509c7465: shutdown FollowerState
2019-10-16 01:11:19,639 [Thread-577] INFO  impl.FollowerState (FollowerState.java:run(117)) - 9e106ceb-2e48-4592-baea-5a074ecdeb7f@group-F110391D6AD9-FollowerState was interrupted: java.lang.InterruptedException: sleep interrupted
2019-10-16 01:11:19,640 [Thread-578] INFO  impl.FollowerState (FollowerState.java:run(117)) - bdf1820c-8b54-4379-867f-1e5a509c7465@group-F110391D6AD9-FollowerState was interrupted: java.lang.InterruptedException: sleep interrupted
2019-10-16 01:11:19,640 [grpc-default-executor-3] INFO  impl.RoleInfo (RoleInfo.java:updateAndGet(143)) - bdf1820c-8b54-4379-867f-1e5a509c7465: start FollowerState
2019-10-16 01:11:19,672 [3d4afc67-c7e5-451f-ad84-7ee4adc2e156@group-F110391D6AD9-LeaderElection10] INFO  impl.LeaderElection (LeaderElection.java:logAndReturn(56)) - 3d4afc67-c7e5-451f-ad84-7ee4adc2e156@group-F110391D6AD9-LeaderElection10: Election REJECTED; received 2 response(s) [3d4afc67-c7e5-451f-ad84-7ee4adc2e156<-9e106ceb-2e48-4592-baea-5a074ecdeb7f#0:FAIL-t6, 3d4afc67-c7e5-451f-ad84-7ee4adc2e156<-bdf1820c-8b54-4379-867f-1e5a509c7465#0:FAIL-t6] and 0 exception(s); 3d4afc67-c7e5-451f-ad84-7ee4adc2e156@group-F110391D6AD9:t6, leader=null, voted=3d4afc67-c7e5-451f-ad84-7ee4adc2e156, raftlog=3d4afc67-c7e5-451f-ad84-7ee4adc2e156@group-F110391D6AD9-SegmentedRaftLog:OPENED:c3,f4,i4, conf=0: [9e106ceb-2e48-4592-baea-5a074ecdeb7f:192.168.164.234:46856, 3d4afc67-c7e5-451f-ad84-7ee4adc2e156:192.168.164.234:37554, bdf1820c-8b54-4379-867f-1e5a509c7465:192.168.164.234:34989], old=null
2019-10-16 01:11:19,672 [3d4afc67-c7e5-451f-ad84-7ee4adc2e156@group-F110391D6AD9-LeaderElection10] INFO  impl.RaftServerImpl (RaftServerImpl.java:setRole(184)) - 3d4afc67-c7e5-451f-ad84-7ee4adc2e156@group-F110391D6AD9: changes role from CANDIDATE to FOLLOWER at term 6 for DISCOVERED_A_NEW_TERM
2019-10-16 01:11:19,673 [3d4afc67-c7e5-451f-ad84-7ee4adc2e156@group-F110391D6AD9-LeaderElection10] INFO  impl.RoleInfo (RoleInfo.java:shutdownLeaderElection(134)) - 3d4afc67-c7e5-451f-ad84-7ee4adc2e156: shutdown LeaderElection
2019-10-16 01:11:19,673 [3d4afc67-c7e5-451f-ad84-7ee4adc2e156@group-F110391D6AD9-LeaderElection10] INFO  impl.RoleInfo (RoleInfo.java:updateAndGet(143)) - 3d4afc67-c7e5-451f-ad84-7ee4adc2e156: start FollowerState
2019-10-16 01:11:19,732 [java.util.concurrent.ThreadPoolExecutor$Worker@5536edd2[State = -1, empty queue]] WARN  server.GrpcLogAppender (GrpcLogAppender.java:timeoutAppendRequest(209)) - 9e106ceb-2e48-4592-baea-5a074ecdeb7f@group-F110391D6AD9->3d4afc67-c7e5-451f-ad84-7ee4adc2e156-GrpcLogAppender: appendEntries Timeout, request=9e106ceb-2e48-4592-baea-5a074ecdeb7f->3d4afc67-c7e5-451f-ad84-7ee4adc2e156#51-t2, previous=(t:2, i:10), leaderCommit=10, initializing? false, entries: <empty>
2019-10-16 01:11:19,778 [Thread-585] INFO  impl.FollowerState (FollowerState.java:run(108)) - 3d4afc67-c7e5-451f-ad84-7ee4adc2e156@group-F110391D6AD9-FollowerState: change to CANDIDATE, lastRpcTime:105ms, electionTimeout:104ms
2019-10-16 01:11:19,779 [Thread-585] INFO  impl.RoleInfo (RoleInfo.java:shutdownFollowerState(121)) - 3d4afc67-c7e5-451f-ad84-7ee4adc2e156: shutdown FollowerState
2019-10-16 01:11:19,779 [Thread-585] INFO  impl.RaftServerImpl (RaftServerImpl.java:setRole(184)) - 3d4afc67-c7e5-451f-ad84-7ee4adc2e156@group-F110391D6AD9: changes role from  FOLLOWER to CANDIDATE at term 6 for changeToCandidate
2019-10-16 01:11:19,779 [Thread-585] INFO  impl.RoleInfo (RoleInfo.java:updateAndGet(143)) - 3d4afc67-c7e5-451f-ad84-7ee4adc2e156: start LeaderElection
2019-10-16 01:11:19,810 [3d4afc67-c7e5-451f-ad84-7ee4adc2e156@group-F110391D6AD9-LeaderElection11] INFO  impl.LeaderElection (LeaderElection.java:askForVotes(178)) - 3d4afc67-c7e5-451f-ad84-7ee4adc2e156@group-F110391D6AD9-LeaderElection11: begin an election at term 7 for 0: [9e106ceb-2e48-4592-baea-5a074ecdeb7f:192.168.164.234:46856, 3d4afc67-c7e5-451f-ad84-7ee4adc2e156:192.168.164.234:37554, bdf1820c-8b54-4379-867f-1e5a509c7465:192.168.164.234:34989], old=null
2019-10-16 01:11:19,816 [grpc-default-executor-0] INFO  impl.RaftServerImpl (RaftServerImpl.java:setRole(184)) - 9e106ceb-2e48-4592-baea-5a074ecdeb7f@group-F110391D6AD9: changes role from  FOLLOWER to FOLLOWER at term 7 for recognizeCandidate:3d4afc67-c7e5-451f-ad84-7ee4adc2e156
2019-10-16 01:11:19,816 [grpc-default-executor-3] INFO  impl.RaftServerImpl (RaftServerImpl.java:setRole(184)) - bdf1820c-8b54-4379-867f-1e5a509c7465@group-F110391D6AD9: changes role from  FOLLOWER to FOLLOWER at term 7 for recognizeCandidate:3d4afc67-c7e5-451f-ad84-7ee4adc2e156
2019-10-16 01:11:19,816 [grpc-default-executor-0] INFO  impl.RoleInfo (RoleInfo.java:shutdownFollowerState(121)) - 9e106ceb-2e48-4592-baea-5a074ecdeb7f: shutdown FollowerState
2019-10-16 01:11:19,816 [grpc-default-executor-3] INFO  impl.RoleInfo (RoleInfo.java:shutdownFollowerState(121)) - bdf1820c-8b54-4379-867f-1e5a509c7465: shutdown FollowerState
2019-10-16 01:11:19,817 [grpc-default-executor-0] INFO  impl.RoleInfo (RoleInfo.java:updateAndGet(143)) - 9e106ceb-2e48-4592-baea-5a074ecdeb7f: start FollowerState
2019-10-16 01:11:19,817 [grpc-default-executor-3] INFO  impl.RoleInfo (RoleInfo.java:updateAndGet(143)) - bdf1820c-8b54-4379-867f-1e5a509c7465: start FollowerState
2019-10-16 01:11:19,817 [Thread-584] INFO  impl.FollowerState (FollowerState.java:run(117)) - bdf1820c-8b54-4379-867f-1e5a509c7465@group-F110391D6AD9-FollowerState was interrupted: java.lang.InterruptedException: sleep interrupted
2019-10-16 01:11:19,817 [Thread-583] INFO  impl.FollowerState (FollowerState.java:run(117)) - 9e106ceb-2e48-4592-baea-5a074ecdeb7f@group-F110391D6AD9-FollowerState was interrupted: java.lang.InterruptedException: sleep interrupted
2019-10-16 01:11:19,850 [3d4afc67-c7e5-451f-ad84-7ee4adc2e156@group-F110391D6AD9-LeaderElection11] INFO  impl.LeaderElection (LeaderElection.java:logAndReturn(56)) - 3d4afc67-c7e5-451f-ad84-7ee4adc2e156@group-F110391D6AD9-LeaderElection11: Election REJECTED; received 2 response(s) [3d4afc67-c7e5-451f-ad84-7ee4adc2e156<-9e106ceb-2e48-4592-baea-5a074ecdeb7f#0:FAIL-t7, 3d4afc67-c7e5-451f-ad84-7ee4adc2e156<-bdf1820c-8b54-4379-867f-1e5a509c7465#0:FAIL-t7] and 0 exception(s); 3d4afc67-c7e5-451f-ad84-7ee4adc2e156@group-F110391D6AD9:t7, leader=null, voted=3d4afc67-c7e5-451f-ad84-7ee4adc2e156, raftlog=3d4afc67-c7e5-451f-ad84-7ee4adc2e156@group-F110391D6AD9-SegmentedRaftLog:OPENED:c3,f4,i4, conf=0: [9e106ceb-2e48-4592-baea-5a074ecdeb7f:192.168.164.234:46856, 3d4afc67-c7e5-451f-ad84-7ee4adc2e156:192.168.164.234:37554, bdf1820c-8b54-4379-867f-1e5a509c7465:192.168.164.234:34989], old=null
2019-10-16 01:11:19,850 [3d4afc67-c7e5-451f-ad84-7ee4adc2e156@group-F110391D6AD9-LeaderElection11] INFO  impl.RaftServerImpl (RaftServerImpl.java:setRole(184)) - 3d4afc67-c7e5-451f-ad84-7ee4adc2e156@group-F110391D6AD9: changes role from CANDIDATE to FOLLOWER at term 7 for DISCOVERED_A_NEW_TERM
2019-10-16 01:11:19,851 [3d4afc67-c7e5-451f-ad84-7ee4adc2e156@group-F110391D6AD9-LeaderElection11] INFO  impl.RoleInfo (RoleInfo.java:shutdownLeaderElection(134)) - 3d4afc67-c7e5-451f-ad84-7ee4adc2e156: shutdown LeaderElection
2019-10-16 01:11:19,852 [3d4afc67-c7e5-451f-ad84-7ee4adc2e156@group-F110391D6AD9-LeaderElection11] INFO  impl.RoleInfo (RoleInfo.java:updateAndGet(143)) - 3d4afc67-c7e5-451f-ad84-7ee4adc2e156: start FollowerState
2019-10-16 01:11:19,854 [BlockDeletingService#2] WARN  background.BlockDeletingService (BlockDeletingService.java:isDeletionAllowed(187)) - Close Container log Index 6 is not replicated across allthe servers in the pipeline 795bca3c-2629-405f-a5d8-f110391d6ad9 as the min replicated index is 4. Deletion is not allowed in this container yet.
2019-10-16 01:11:19,854 [BlockDeletingService#2] WARN  background.BlockDeletingService (BlockDeletingService.java:isDeletionAllowed(187)) - Close Container log Index 6 is not replicated across allthe servers in the pipeline 795bca3c-2629-405f-a5d8-f110391d6ad9 as the min replicated index is 4. Deletion is not allowed in this container yet.
2019-10-16 01:11:19,999 [Thread-593] INFO  impl.FollowerState (FollowerState.java:run(108)) - 3d4afc67-c7e5-451f-ad84-7ee4adc2e156@group-F110391D6AD9-FollowerState: change to CANDIDATE, lastRpcTime:146ms, electionTimeout:145ms
2019-10-16 01:11:19,999 [Thread-593] INFO  impl.RoleInfo (RoleInfo.java:shutdownFollowerState(121)) - 3d4afc67-c7e5-451f-ad84-7ee4adc2e156: shutdown FollowerState
2019-10-16 01:11:19,999 [Thread-593] INFO  impl.RaftServerImpl (RaftServerImpl.java:setRole(184)) - 3d4afc67-c7e5-451f-ad84-7ee4adc2e156@group-F110391D6AD9: changes role from  FOLLOWER to CANDIDATE at term 7 for changeToCandidate
2019-10-16 01:11:19,999 [Thread-593] INFO  impl.RoleInfo (RoleInfo.java:updateAndGet(143)) - 3d4afc67-c7e5-451f-ad84-7ee4adc2e156: start LeaderElection
2019-10-16 01:11:20,028 [3d4afc67-c7e5-451f-ad84-7ee4adc2e156@group-F110391D6AD9-LeaderElection12] INFO  impl.LeaderElection (LeaderElection.java:askForVotes(178)) - 3d4afc67-c7e5-451f-ad84-7ee4adc2e156@group-F110391D6AD9-LeaderElection12: begin an election at term 8 for 0: [9e106ceb-2e48-4592-baea-5a074ecdeb7f:192.168.164.234:46856, 3d4afc67-c7e5-451f-ad84-7ee4adc2e156:192.168.164.234:37554, bdf1820c-8b54-4379-867f-1e5a509c7465:192.168.164.234:34989], old=null
2019-10-16 01:11:20,030 [3d4afc67-c7e5-451f-ad84-7ee4adc2e156@group-F110391D6AD9-LeaderElection12] INFO  impl.LeaderElection (LeaderElection.java:logAndReturn(56)) - 3d4afc67-c7e5-451f-ad84-7ee4adc2e156@group-F110391D6AD9-LeaderElection12: Election TIMEOUT; received 0 response(s) [] and 0 exception(s); 3d4afc67-c7e5-451f-ad84-7ee4adc2e156@group-F110391D6AD9:t8, leader=null, voted=3d4afc67-c7e5-451f-ad84-7ee4adc2e156, raftlog=3d4afc67-c7e5-451f-ad84-7ee4adc2e156@group-F110391D6AD9-SegmentedRaftLog:OPENED:c3,f4,i4, conf=0: [9e106ceb-2e48-4592-baea-5a074ecdeb7f:192.168.164.234:46856, 3d4afc67-c7e5-451f-ad84-7ee4adc2e156:192.168.164.234:37554, bdf1820c-8b54-4379-867f-1e5a509c7465:192.168.164.234:34989], old=null
2019-10-16 01:11:20,033 [grpc-default-executor-0] INFO  impl.RaftServerImpl (RaftServerImpl.java:setRole(184)) - bdf1820c-8b54-4379-867f-1e5a509c7465@group-F110391D6AD9: changes role from  FOLLOWER to FOLLOWER at term 8 for recognizeCandidate:3d4afc67-c7e5-451f-ad84-7ee4adc2e156
2019-10-16 01:11:20,033 [grpc-default-executor-3] INFO  impl.RaftServerImpl (RaftServerImpl.java:setRole(184)) - 9e106ceb-2e48-4592-baea-5a074ecdeb7f@group-F110391D6AD9: changes role from  FOLLOWER to FOLLOWER at term 8 for recognizeCandidate:3d4afc67-c7e5-451f-ad84-7ee4adc2e156
2019-10-16 01:11:20,033 [grpc-default-executor-0] INFO  impl.RoleInfo (RoleInfo.java:shutdownFollowerState(121)) - bdf1820c-8b54-4379-867f-1e5a509c7465: shutdown FollowerState
2019-10-16 01:11:20,034 [grpc-default-executor-3] INFO  impl.RoleInfo (RoleInfo.java:shutdownFollowerState(121)) - 9e106ceb-2e48-4592-baea-5a074ecdeb7f: shutdown FollowerState
2019-10-16 01:11:20,034 [Thread-590] INFO  impl.FollowerState (FollowerState.java:run(117)) - bdf1820c-8b54-4379-867f-1e5a509c7465@group-F110391D6AD9-FollowerState was interrupted: java.lang.InterruptedException: sleep interrupted
2019-10-16 01:11:20,035 [Thread-589] INFO  impl.FollowerState (FollowerState.java:run(117)) - 9e106ceb-2e48-4592-baea-5a074ecdeb7f@group-F110391D6AD9-FollowerState was interrupted: java.lang.InterruptedException: sleep interrupted
2019-10-16 01:11:20,035 [grpc-default-executor-3] INFO  impl.RoleInfo (RoleInfo.java:updateAndGet(143)) - 9e106ceb-2e48-4592-baea-5a074ecdeb7f: start FollowerState
2019-10-16 01:11:20,034 [grpc-default-executor-0] INFO  impl.RoleInfo (RoleInfo.java:updateAndGet(143)) - bdf1820c-8b54-4379-867f-1e5a509c7465: start FollowerState
2019-10-16 01:11:20,053 [3d4afc67-c7e5-451f-ad84-7ee4adc2e156@group-F110391D6AD9-LeaderElection12] INFO  impl.LeaderElection (LeaderElection.java:askForVotes(178)) - 3d4afc67-c7e5-451f-ad84-7ee4adc2e156@group-F110391D6AD9-LeaderElection12: begin an election at term 9 for 0: [9e106ceb-2e48-4592-baea-5a074ecdeb7f:192.168.164.234:46856, 3d4afc67-c7e5-451f-ad84-7ee4adc2e156:192.168.164.234:37554, bdf1820c-8b54-4379-867f-1e5a509c7465:192.168.164.234:34989], old=null
2019-10-16 01:11:20,059 [grpc-default-executor-3] INFO  impl.RaftServerImpl (RaftServerImpl.java:setRole(184)) - 9e106ceb-2e48-4592-baea-5a074ecdeb7f@group-F110391D6AD9: changes role from  FOLLOWER to FOLLOWER at term 9 for recognizeCandidate:3d4afc67-c7e5-451f-ad84-7ee4adc2e156
2019-10-16 01:11:20,059 [grpc-default-executor-0] INFO  impl.RaftServerImpl (RaftServerImpl.java:setRole(184)) - bdf1820c-8b54-4379-867f-1e5a509c7465@group-F110391D6AD9: changes role from  FOLLOWER to FOLLOWER at term 9 for recognizeCandidate:3d4afc67-c7e5-451f-ad84-7ee4adc2e156
2019-10-16 01:11:20,059 [grpc-default-executor-3] INFO  impl.RoleInfo (RoleInfo.java:shutdownFollowerState(121)) - 9e106ceb-2e48-4592-baea-5a074ecdeb7f: shutdown FollowerState
2019-10-16 01:11:20,059 [grpc-default-executor-0] INFO  impl.RoleInfo (RoleInfo.java:shutdownFollowerState(121)) - bdf1820c-8b54-4379-867f-1e5a509c7465: shutdown FollowerState
2019-10-16 01:11:20,059 [grpc-default-executor-3] INFO  impl.RoleInfo (RoleInfo.java:updateAndGet(143)) - 9e106ceb-2e48-4592-baea-5a074ecdeb7f: start FollowerState
2019-10-16 01:11:20,059 [Thread-599] INFO  impl.FollowerState (FollowerState.java:run(117)) - 9e106ceb-2e48-4592-baea-5a074ecdeb7f@group-F110391D6AD9-FollowerState was interrupted: java.lang.InterruptedException: sleep interrupted
2019-10-16 01:11:20,059 [grpc-default-executor-0] INFO  impl.RoleInfo (RoleInfo.java:updateAndGet(143)) - bdf1820c-8b54-4379-867f-1e5a509c7465: start FollowerState
2019-10-16 01:11:20,059 [Thread-598] INFO  impl.FollowerState (FollowerState.java:run(117)) - bdf1820c-8b54-4379-867f-1e5a509c7465@group-F110391D6AD9-FollowerState was interrupted: java.lang.InterruptedException: sleep interrupted
2019-10-16 01:11:20,089 [3d4afc67-c7e5-451f-ad84-7ee4adc2e156@group-F110391D6AD9-LeaderElection12] INFO  impl.LeaderElection (LeaderElection.java:logAndReturn(56)) - 3d4afc67-c7e5-451f-ad84-7ee4adc2e156@group-F110391D6AD9-LeaderElection12: Election REJECTED; received 2 response(s) [3d4afc67-c7e5-451f-ad84-7ee4adc2e156<-9e106ceb-2e48-4592-baea-5a074ecdeb7f#0:FAIL-t9, 3d4afc67-c7e5-451f-ad84-7ee4adc2e156<-bdf1820c-8b54-4379-867f-1e5a509c7465#0:FAIL-t9] and 0 exception(s); 3d4afc67-c7e5-451f-ad84-7ee4adc2e156@group-F110391D6AD9:t9, leader=null, voted=3d4afc67-c7e5-451f-ad84-7ee4adc2e156, raftlog=3d4afc67-c7e5-451f-ad84-7ee4adc2e156@group-F110391D6AD9-SegmentedRaftLog:OPENED:c3,f4,i4, conf=0: [9e106ceb-2e48-4592-baea-5a074ecdeb7f:192.168.164.234:46856, 3d4afc67-c7e5-451f-ad84-7ee4adc2e156:192.168.164.234:37554, bdf1820c-8b54-4379-867f-1e5a509c7465:192.168.164.234:34989], old=null
2019-10-16 01:11:20,089 [3d4afc67-c7e5-451f-ad84-7ee4adc2e156@group-F110391D6AD9-LeaderElection12] INFO  impl.RaftServerImpl (RaftServerImpl.java:setRole(184)) - 3d4afc67-c7e5-451f-ad84-7ee4adc2e156@group-F110391D6AD9: changes role from CANDIDATE to FOLLOWER at term 9 for DISCOVERED_A_NEW_TERM
2019-10-16 01:11:20,091 [3d4afc67-c7e5-451f-ad84-7ee4adc2e156@group-F110391D6AD9-LeaderElection12] INFO  impl.RoleInfo (RoleInfo.java:shutdownLeaderElection(134)) - 3d4afc67-c7e5-451f-ad84-7ee4adc2e156: shutdown LeaderElection
2019-10-16 01:11:20,091 [3d4afc67-c7e5-451f-ad84-7ee4adc2e156@group-F110391D6AD9-LeaderElection12] INFO  impl.RoleInfo (RoleInfo.java:updateAndGet(143)) - 3d4afc67-c7e5-451f-ad84-7ee4adc2e156: start FollowerState
2019-10-16 01:11:20,112 [pool-7-thread-2] INFO  commands.RetriableDatanodeEventWatcher (RetriableDatanodeEventWatcher.java:onTimeout(47)) - RetriableDatanodeCommand type=deleteBlocksCommand with id=1571188276112 timed out. Retrying.
2019-10-16 01:11:20,114 [pool-7-thread-3] INFO  commands.RetriableDatanodeEventWatcher (RetriableDatanodeEventWatcher.java:onTimeout(47)) - RetriableDatanodeCommand type=deleteBlocksCommand with id=1571188276107 timed out. Retrying.
2019-10-16 01:11:20,118 [pool-7-thread-3] INFO  commands.RetriableDatanodeEventWatcher (RetriableDatanodeEventWatcher.java:onTimeout(47)) - RetriableDatanodeCommand type=deleteBlocksCommand with id=1571188276111 timed out. Retrying.
2019-10-16 01:11:20,119 [pool-7-thread-2] INFO  commands.RetriableDatanodeEventWatcher (RetriableDatanodeEventWatcher.java:onTimeout(47)) - RetriableDatanodeCommand type=deleteBlocksCommand with id=1571188276110 timed out. Retrying.
2019-10-16 01:11:20,119 [SCMBlockDeletingService#0] INFO  block.SCMBlockDeletingService (SCMBlockDeletingService.java:call(184)) - Totally added 1 delete blocks command for 1 datanodes, task elapsed time: 1ms
2019-10-16 01:11:20,132 [Thread-606] INFO  client.GrpcClientProtocolService (GrpcClientProtocolService.java:lambda$processClientRequest$0(278)) - Failed RaftClientRequest:client-901DCD72E87A->3d4afc67-c7e5-451f-ad84-7ee4adc2e156@group-F110391D6AD9, cid=10, seq=0, Watch-ALL_COMMITTED(6), Message:<EMPTY>, reply=RaftClientReply:client-901DCD72E87A->3d4afc67-c7e5-451f-ad84-7ee4adc2e156@group-F110391D6AD9, cid=10, FAILED org.apache.ratis.protocol.NotLeaderException: Server 3d4afc67-c7e5-451f-ad84-7ee4adc2e156@group-F110391D6AD9 is not the leader, logIndex=0, commits[3d4afc67-c7e5-451f-ad84-7ee4adc2e156:c3]
2019-10-16 01:11:20,217 [Thread-604] INFO  impl.FollowerState (FollowerState.java:run(108)) - 3d4afc67-c7e5-451f-ad84-7ee4adc2e156@group-F110391D6AD9-FollowerState: change to CANDIDATE, lastRpcTime:126ms, electionTimeout:125ms
2019-10-16 01:11:20,217 [Thread-604] INFO  impl.RoleInfo (RoleInfo.java:shutdownFollowerState(121)) - 3d4afc67-c7e5-451f-ad84-7ee4adc2e156: shutdown FollowerState
2019-10-16 01:11:20,218 [Thread-604] INFO  impl.RaftServerImpl (RaftServerImpl.java:setRole(184)) - 3d4afc67-c7e5-451f-ad84-7ee4adc2e156@group-F110391D6AD9: changes role from  FOLLOWER to CANDIDATE at term 9 for changeToCandidate
2019-10-16 01:11:20,218 [Thread-604] INFO  impl.RoleInfo (RoleInfo.java:updateAndGet(143)) - 3d4afc67-c7e5-451f-ad84-7ee4adc2e156: start LeaderElection
2019-10-16 01:11:20,246 [3d4afc67-c7e5-451f-ad84-7ee4adc2e156@group-F110391D6AD9-LeaderElection13] INFO  impl.LeaderElection (LeaderElection.java:askForVotes(178)) - 3d4afc67-c7e5-451f-ad84-7ee4adc2e156@group-F110391D6AD9-LeaderElection13: begin an election at term 10 for 0: [9e106ceb-2e48-4592-baea-5a074ecdeb7f:192.168.164.234:46856, 3d4afc67-c7e5-451f-ad84-7ee4adc2e156:192.168.164.234:37554, bdf1820c-8b54-4379-867f-1e5a509c7465:192.168.164.234:34989], old=null
2019-10-16 01:11:20,253 [grpc-default-executor-0] INFO  impl.RaftServerImpl (RaftServerImpl.java:setRole(184)) - 9e106ceb-2e48-4592-baea-5a074ecdeb7f@group-F110391D6AD9: changes role from  FOLLOWER to FOLLOWER at term 10 for recognizeCandidate:3d4afc67-c7e5-451f-ad84-7ee4adc2e156
2019-10-16 01:11:20,253 [grpc-default-executor-0] INFO  impl.RoleInfo (RoleInfo.java:shutdownFollowerState(121)) - 9e106ceb-2e48-4592-baea-5a074ecdeb7f: shutdown FollowerState
2019-10-16 01:11:20,254 [grpc-default-executor-0] INFO  impl.RoleInfo (RoleInfo.java:updateAndGet(143)) - 9e106ceb-2e48-4592-baea-5a074ecdeb7f: start FollowerState
2019-10-16 01:11:20,254 [Thread-602] INFO  impl.FollowerState (FollowerState.java:run(117)) - 9e106ceb-2e48-4592-baea-5a074ecdeb7f@group-F110391D6AD9-FollowerState was interrupted: java.lang.InterruptedException: sleep interrupted
2019-10-16 01:11:20,256 [grpc-default-executor-3] INFO  impl.RaftServerImpl (RaftServerImpl.java:setRole(184)) - bdf1820c-8b54-4379-867f-1e5a509c7465@group-F110391D6AD9: changes role from  FOLLOWER to FOLLOWER at term 10 for recognizeCandidate:3d4afc67-c7e5-451f-ad84-7ee4adc2e156
2019-10-16 01:11:20,256 [grpc-default-executor-3] INFO  impl.RoleInfo (RoleInfo.java:shutdownFollowerState(121)) - bdf1820c-8b54-4379-867f-1e5a509c7465: shutdown FollowerState
2019-10-16 01:11:20,256 [Thread-603] INFO  impl.FollowerState (FollowerState.java:run(117)) - bdf1820c-8b54-4379-867f-1e5a509c7465@group-F110391D6AD9-FollowerState was interrupted: java.lang.InterruptedException: sleep interrupted
2019-10-16 01:11:20,256 [grpc-default-executor-3] INFO  impl.RoleInfo (RoleInfo.java:updateAndGet(143)) - bdf1820c-8b54-4379-867f-1e5a509c7465: start FollowerState
2019-10-16 01:11:20,281 [3d4afc67-c7e5-451f-ad84-7ee4adc2e156@group-F110391D6AD9-LeaderElection13] INFO  impl.LeaderElection (LeaderElection.java:logAndReturn(56)) - 3d4afc67-c7e5-451f-ad84-7ee4adc2e156@group-F110391D6AD9-LeaderElection13: Election REJECTED; received 2 response(s) [3d4afc67-c7e5-451f-ad84-7ee4adc2e156<-9e106ceb-2e48-4592-baea-5a074ecdeb7f#0:FAIL-t10, 3d4afc67-c7e5-451f-ad84-7ee4adc2e156<-bdf1820c-8b54-4379-867f-1e5a509c7465#0:FAIL-t10] and 0 exception(s); 3d4afc67-c7e5-451f-ad84-7ee4adc2e156@group-F110391D6AD9:t10, leader=null, voted=3d4afc67-c7e5-451f-ad84-7ee4adc2e156, raftlog=3d4afc67-c7e5-451f-ad84-7ee4adc2e156@group-F110391D6AD9-SegmentedRaftLog:OPENED:c3,f4,i4, conf=0: [9e106ceb-2e48-4592-baea-5a074ecdeb7f:192.168.164.234:46856, 3d4afc67-c7e5-451f-ad84-7ee4adc2e156:192.168.164.234:37554, bdf1820c-8b54-4379-867f-1e5a509c7465:192.168.164.234:34989], old=null
2019-10-16 01:11:20,281 [3d4afc67-c7e5-451f-ad84-7ee4adc2e156@group-F110391D6AD9-LeaderElection13] INFO  impl.RaftServerImpl (RaftServerImpl.java:setRole(184)) - 3d4afc67-c7e5-451f-ad84-7ee4adc2e156@group-F110391D6AD9: changes role from CANDIDATE to FOLLOWER at term 10 for DISCOVERED_A_NEW_TERM
2019-10-16 01:11:20,283 [3d4afc67-c7e5-451f-ad84-7ee4adc2e156@group-F110391D6AD9-LeaderElection13] INFO  impl.RoleInfo (RoleInfo.java:shutdownLeaderElection(134)) - 3d4afc67-c7e5-451f-ad84-7ee4adc2e156: shutdown LeaderElection
2019-10-16 01:11:20,283 [3d4afc67-c7e5-451f-ad84-7ee4adc2e156@group-F110391D6AD9-LeaderElection13] INFO  impl.RoleInfo (RoleInfo.java:updateAndGet(143)) - 3d4afc67-c7e5-451f-ad84-7ee4adc2e156: start FollowerState
2019-10-16 01:11:20,425 [Thread-613] INFO  impl.FollowerState (FollowerState.java:run(108)) - 3d4afc67-c7e5-451f-ad84-7ee4adc2e156@group-F110391D6AD9-FollowerState: change to CANDIDATE, lastRpcTime:141ms, electionTimeout:141ms
2019-10-16 01:11:20,427 [Thread-613] INFO  impl.RoleInfo (RoleInfo.java:shutdownFollowerState(121)) - 3d4afc67-c7e5-451f-ad84-7ee4adc2e156: shutdown FollowerState
2019-10-16 01:11:20,427 [Thread-613] INFO  impl.RaftServerImpl (RaftServerImpl.java:setRole(184)) - 3d4afc67-c7e5-451f-ad84-7ee4adc2e156@group-F110391D6AD9: changes role from  FOLLOWER to CANDIDATE at term 10 for changeToCandidate
2019-10-16 01:11:20,427 [Thread-613] INFO  impl.RoleInfo (RoleInfo.java:updateAndGet(143)) - 3d4afc67-c7e5-451f-ad84-7ee4adc2e156: start LeaderElection
2019-10-16 01:11:20,455 [3d4afc67-c7e5-451f-ad84-7ee4adc2e156@group-F110391D6AD9-LeaderElection14] INFO  impl.LeaderElection (LeaderElection.java:askForVotes(178)) - 3d4afc67-c7e5-451f-ad84-7ee4adc2e156@group-F110391D6AD9-LeaderElection14: begin an election at term 11 for 0: [9e106ceb-2e48-4592-baea-5a074ecdeb7f:192.168.164.234:46856, 3d4afc67-c7e5-451f-ad84-7ee4adc2e156:192.168.164.234:37554, bdf1820c-8b54-4379-867f-1e5a509c7465:192.168.164.234:34989], old=null
2019-10-16 01:11:20,463 [grpc-default-executor-0] INFO  impl.RaftServerImpl (RaftServerImpl.java:setRole(184)) - 9e106ceb-2e48-4592-baea-5a074ecdeb7f@group-F110391D6AD9: changes role from  FOLLOWER to FOLLOWER at term 11 for recognizeCandidate:3d4afc67-c7e5-451f-ad84-7ee4adc2e156
2019-10-16 01:11:20,463 [grpc-default-executor-3] INFO  impl.RaftServerImpl (RaftServerImpl.java:setRole(184)) - bdf1820c-8b54-4379-867f-1e5a509c7465@group-F110391D6AD9: changes role from  FOLLOWER to FOLLOWER at term 11 for recognizeCandidate:3d4afc67-c7e5-451f-ad84-7ee4adc2e156
2019-10-16 01:11:20,464 [grpc-default-executor-0] INFO  impl.RoleInfo (RoleInfo.java:shutdownFollowerState(121)) - 9e106ceb-2e48-4592-baea-5a074ecdeb7f: shutdown FollowerState
2019-10-16 01:11:20,464 [grpc-default-executor-3] INFO  impl.RoleInfo (RoleInfo.java:shutdownFollowerState(121)) - bdf1820c-8b54-4379-867f-1e5a509c7465: shutdown FollowerState
2019-10-16 01:11:20,464 [Thread-611] INFO  impl.FollowerState (FollowerState.java:run(117)) - 9e106ceb-2e48-4592-baea-5a074ecdeb7f@group-F110391D6AD9-FollowerState was interrupted: java.lang.InterruptedException: sleep interrupted
2019-10-16 01:11:20,464 [grpc-default-executor-0] INFO  impl.RoleInfo (RoleInfo.java:updateAndGet(143)) - 9e106ceb-2e48-4592-baea-5a074ecdeb7f: start FollowerState
2019-10-16 01:11:20,464 [Thread-612] INFO  impl.FollowerState (FollowerState.java:run(117)) - bdf1820c-8b54-4379-867f-1e5a509c7465@group-F110391D6AD9-FollowerState was interrupted: java.lang.InterruptedException: sleep interrupted
2019-10-16 01:11:20,464 [grpc-default-executor-3] INFO  impl.RoleInfo (RoleInfo.java:updateAndGet(143)) - bdf1820c-8b54-4379-867f-1e5a509c7465: start FollowerState
2019-10-16 01:11:20,490 [3d4afc67-c7e5-451f-ad84-7ee4adc2e156@group-F110391D6AD9-LeaderElection14] INFO  impl.LeaderElection (LeaderElection.java:logAndReturn(56)) - 3d4afc67-c7e5-451f-ad84-7ee4adc2e156@group-F110391D6AD9-LeaderElection14: Election REJECTED; received 2 response(s) [3d4afc67-c7e5-451f-ad84-7ee4adc2e156<-9e106ceb-2e48-4592-baea-5a074ecdeb7f#0:FAIL-t11, 3d4afc67-c7e5-451f-ad84-7ee4adc2e156<-bdf1820c-8b54-4379-867f-1e5a509c7465#0:FAIL-t11] and 0 exception(s); 3d4afc67-c7e5-451f-ad84-7ee4adc2e156@group-F110391D6AD9:t11, leader=null, voted=3d4afc67-c7e5-451f-ad84-7ee4adc2e156, raftlog=3d4afc67-c7e5-451f-ad84-7ee4adc2e156@group-F110391D6AD9-SegmentedRaftLog:OPENED:c3,f4,i4, conf=0: [9e106ceb-2e48-4592-baea-5a074ecdeb7f:192.168.164.234:46856, 3d4afc67-c7e5-451f-ad84-7ee4adc2e156:192.168.164.234:37554, bdf1820c-8b54-4379-867f-1e5a509c7465:192.168.164.234:34989], old=null
2019-10-16 01:11:20,490 [3d4afc67-c7e5-451f-ad84-7ee4adc2e156@group-F110391D6AD9-LeaderElection14] INFO  impl.RaftServerImpl (RaftServerImpl.java:setRole(184)) - 3d4afc67-c7e5-451f-ad84-7ee4adc2e156@group-F110391D6AD9: changes role from CANDIDATE to FOLLOWER at term 11 for DISCOVERED_A_NEW_TERM
2019-10-16 01:11:20,494 [3d4afc67-c7e5-451f-ad84-7ee4adc2e156@group-F110391D6AD9-LeaderElection14] INFO  impl.RoleInfo (RoleInfo.java:shutdownLeaderElection(134)) - 3d4afc67-c7e5-451f-ad84-7ee4adc2e156: shutdown LeaderElection
2019-10-16 01:11:20,494 [3d4afc67-c7e5-451f-ad84-7ee4adc2e156@group-F110391D6AD9-LeaderElection14] INFO  impl.RoleInfo (RoleInfo.java:updateAndGet(143)) - 3d4afc67-c7e5-451f-ad84-7ee4adc2e156: start FollowerState
2019-10-16 01:11:20,687 [Thread-619] INFO  impl.FollowerState (FollowerState.java:run(108)) - 3d4afc67-c7e5-451f-ad84-7ee4adc2e156@group-F110391D6AD9-FollowerState: change to CANDIDATE, lastRpcTime:192ms, electionTimeout:192ms
2019-10-16 01:11:20,688 [Thread-619] INFO  impl.RoleInfo (RoleInfo.java:shutdownFollowerState(121)) - 3d4afc67-c7e5-451f-ad84-7ee4adc2e156: shutdown FollowerState
2019-10-16 01:11:20,688 [Thread-619] INFO  impl.RaftServerImpl (RaftServerImpl.java:setRole(184)) - 3d4afc67-c7e5-451f-ad84-7ee4adc2e156@group-F110391D6AD9: changes role from  FOLLOWER to CANDIDATE at term 11 for changeToCandidate
2019-10-16 01:11:20,688 [Thread-619] INFO  impl.RoleInfo (RoleInfo.java:updateAndGet(143)) - 3d4afc67-c7e5-451f-ad84-7ee4adc2e156: start LeaderElection
2019-10-16 01:11:20,714 [3d4afc67-c7e5-451f-ad84-7ee4adc2e156@group-F110391D6AD9-LeaderElection15] INFO  impl.LeaderElection (LeaderElection.java:askForVotes(178)) - 3d4afc67-c7e5-451f-ad84-7ee4adc2e156@group-F110391D6AD9-LeaderElection15: begin an election at term 12 for 0: [9e106ceb-2e48-4592-baea-5a074ecdeb7f:192.168.164.234:46856, 3d4afc67-c7e5-451f-ad84-7ee4adc2e156:192.168.164.234:37554, bdf1820c-8b54-4379-867f-1e5a509c7465:192.168.164.234:34989], old=null
2019-10-16 01:11:20,718 [grpc-default-executor-3] INFO  impl.RaftServerImpl (RaftServerImpl.java:setRole(184)) - 9e106ceb-2e48-4592-baea-5a074ecdeb7f@group-F110391D6AD9: changes role from  FOLLOWER to FOLLOWER at term 12 for recognizeCandidate:3d4afc67-c7e5-451f-ad84-7ee4adc2e156
2019-10-16 01:11:20,719 [grpc-default-executor-3] INFO  impl.RoleInfo (RoleInfo.java:shutdownFollowerState(121)) - 9e106ceb-2e48-4592-baea-5a074ecdeb7f: shutdown FollowerState
2019-10-16 01:11:20,719 [grpc-default-executor-0] INFO  impl.RaftServerImpl (RaftServerImpl.java:setRole(184)) - bdf1820c-8b54-4379-867f-1e5a509c7465@group-F110391D6AD9: changes role from  FOLLOWER to FOLLOWER at term 12 for recognizeCandidate:3d4afc67-c7e5-451f-ad84-7ee4adc2e156
2019-10-16 01:11:20,719 [grpc-default-executor-3] INFO  impl.RoleInfo (RoleInfo.java:updateAndGet(143)) - 9e106ceb-2e48-4592-baea-5a074ecdeb7f: start FollowerState
2019-10-16 01:11:20,719 [Thread-617] INFO  impl.FollowerState (FollowerState.java:run(117)) - 9e106ceb-2e48-4592-baea-5a074ecdeb7f@group-F110391D6AD9-FollowerState was interrupted: java.lang.InterruptedException: sleep interrupted
2019-10-16 01:11:20,719 [grpc-default-executor-0] INFO  impl.RoleInfo (RoleInfo.java:shutdownFollowerState(121)) - bdf1820c-8b54-4379-867f-1e5a509c7465: shutdown FollowerState
2019-10-16 01:11:20,721 [Thread-618] INFO  impl.FollowerState (FollowerState.java:run(117)) - bdf1820c-8b54-4379-867f-1e5a509c7465@group-F110391D6AD9-FollowerState was interrupted: java.lang.InterruptedException: sleep interrupted
2019-10-16 01:11:20,721 [grpc-default-executor-0] INFO  impl.RoleInfo (RoleInfo.java:updateAndGet(143)) - bdf1820c-8b54-4379-867f-1e5a509c7465: start FollowerState
2019-10-16 01:11:20,749 [3d4afc67-c7e5-451f-ad84-7ee4adc2e156@group-F110391D6AD9-LeaderElection15] INFO  impl.LeaderElection (LeaderElection.java:logAndReturn(56)) - 3d4afc67-c7e5-451f-ad84-7ee4adc2e156@group-F110391D6AD9-LeaderElection15: Election REJECTED; received 2 response(s) [3d4afc67-c7e5-451f-ad84-7ee4adc2e156<-9e106ceb-2e48-4592-baea-5a074ecdeb7f#0:FAIL-t12, 3d4afc67-c7e5-451f-ad84-7ee4adc2e156<-bdf1820c-8b54-4379-867f-1e5a509c7465#0:FAIL-t12] and 0 exception(s); 3d4afc67-c7e5-451f-ad84-7ee4adc2e156@group-F110391D6AD9:t12, leader=null, voted=3d4afc67-c7e5-451f-ad84-7ee4adc2e156, raftlog=3d4afc67-c7e5-451f-ad84-7ee4adc2e156@group-F110391D6AD9-SegmentedRaftLog:OPENED:c3,f4,i4, conf=0: [9e106ceb-2e48-4592-baea-5a074ecdeb7f:192.168.164.234:46856, 3d4afc67-c7e5-451f-ad84-7ee4adc2e156:192.168.164.234:37554, bdf1820c-8b54-4379-867f-1e5a509c7465:192.168.164.234:34989], old=null
2019-10-16 01:11:20,750 [3d4afc67-c7e5-451f-ad84-7ee4adc2e156@group-F110391D6AD9-LeaderElection15] INFO  impl.RaftServerImpl (RaftServerImpl.java:setRole(184)) - 3d4afc67-c7e5-451f-ad84-7ee4adc2e156@group-F110391D6AD9: changes role from CANDIDATE to FOLLOWER at term 12 for DISCOVERED_A_NEW_TERM
2019-10-16 01:11:20,751 [3d4afc67-c7e5-451f-ad84-7ee4adc2e156@group-F110391D6AD9-LeaderElection15] INFO  impl.RoleInfo (RoleInfo.java:shutdownLeaderElection(134)) - 3d4afc67-c7e5-451f-ad84-7ee4adc2e156: shutdown LeaderElection
2019-10-16 01:11:20,751 [3d4afc67-c7e5-451f-ad84-7ee4adc2e156@group-F110391D6AD9-LeaderElection15] INFO  impl.RoleInfo (RoleInfo.java:updateAndGet(143)) - 3d4afc67-c7e5-451f-ad84-7ee4adc2e156: start FollowerState
2019-10-16 01:11:20,844 [Thread-625] INFO  impl.FollowerState (FollowerState.java:run(108)) - 3d4afc67-c7e5-451f-ad84-7ee4adc2e156@group-F110391D6AD9-FollowerState: change to CANDIDATE, lastRpcTime:93ms, electionTimeout:92ms
2019-10-16 01:11:20,846 [Thread-625] INFO  impl.RoleInfo (RoleInfo.java:shutdownFollowerState(121)) - 3d4afc67-c7e5-451f-ad84-7ee4adc2e156: shutdown FollowerState
2019-10-16 01:11:20,846 [Thread-625] INFO  impl.RaftServerImpl (RaftServerImpl.java:setRole(184)) - 3d4afc67-c7e5-451f-ad84-7ee4adc2e156@group-F110391D6AD9: changes role from  FOLLOWER to CANDIDATE at term 12 for changeToCandidate
2019-10-16 01:11:20,846 [Thread-625] INFO  impl.RoleInfo (RoleInfo.java:updateAndGet(143)) - 3d4afc67-c7e5-451f-ad84-7ee4adc2e156: start LeaderElection
2019-10-16 01:11:20,856 [BlockDeletingService#2] WARN  background.BlockDeletingService (BlockDeletingService.java:isDeletionAllowed(187)) - Close Container log Index 6 is not replicated across allthe servers in the pipeline 795bca3c-2629-405f-a5d8-f110391d6ad9 as the min replicated index is 4. Deletion is not allowed in this container yet.
2019-10-16 01:11:20,856 [BlockDeletingService#2] WARN  background.BlockDeletingService (BlockDeletingService.java:isDeletionAllowed(187)) - Close Container log Index 6 is not replicated across allthe servers in the pipeline 795bca3c-2629-405f-a5d8-f110391d6ad9 as the min replicated index is 4. Deletion is not allowed in this container yet.
2019-10-16 01:11:20,873 [3d4afc67-c7e5-451f-ad84-7ee4adc2e156@group-F110391D6AD9-LeaderElection16] INFO  impl.LeaderElection (LeaderElection.java:askForVotes(178)) - 3d4afc67-c7e5-451f-ad84-7ee4adc2e156@group-F110391D6AD9-LeaderElection16: begin an election at term 13 for 0: [9e106ceb-2e48-4592-baea-5a074ecdeb7f:192.168.164.234:46856, 3d4afc67-c7e5-451f-ad84-7ee4adc2e156:192.168.164.234:37554, bdf1820c-8b54-4379-867f-1e5a509c7465:192.168.164.234:34989], old=null
2019-10-16 01:11:20,877 [grpc-default-executor-3] INFO  impl.RaftServerImpl (RaftServerImpl.java:setRole(184)) - bdf1820c-8b54-4379-867f-1e5a509c7465@group-F110391D6AD9: changes role from  FOLLOWER to FOLLOWER at term 13 for recognizeCandidate:3d4afc67-c7e5-451f-ad84-7ee4adc2e156
2019-10-16 01:11:20,878 [grpc-default-executor-3] INFO  impl.RoleInfo (RoleInfo.java:shutdownFollowerState(121)) - bdf1820c-8b54-4379-867f-1e5a509c7465: shutdown FollowerState
2019-10-16 01:11:20,879 [grpc-default-executor-3] INFO  impl.RoleInfo (RoleInfo.java:updateAndGet(143)) - bdf1820c-8b54-4379-867f-1e5a509c7465: start FollowerState
2019-10-16 01:11:20,879 [Thread-624] INFO  impl.FollowerState (FollowerState.java:run(117)) - bdf1820c-8b54-4379-867f-1e5a509c7465@group-F110391D6AD9-FollowerState was interrupted: java.lang.InterruptedException: sleep interrupted
2019-10-16 01:11:20,879 [grpc-default-executor-0] INFO  impl.RaftServerImpl (RaftServerImpl.java:setRole(184)) - 9e106ceb-2e48-4592-baea-5a074ecdeb7f@group-F110391D6AD9: changes role from  FOLLOWER to FOLLOWER at term 13 for recognizeCandidate:3d4afc67-c7e5-451f-ad84-7ee4adc2e156
2019-10-16 01:11:20,880 [grpc-default-executor-0] INFO  impl.RoleInfo (RoleInfo.java:shutdownFollowerState(121)) - 9e106ceb-2e48-4592-baea-5a074ecdeb7f: shutdown FollowerState
2019-10-16 01:11:20,880 [Thread-623] INFO  impl.FollowerState (FollowerState.java:run(117)) - 9e106ceb-2e48-4592-baea-5a074ecdeb7f@group-F110391D6AD9-FollowerState was interrupted: java.lang.InterruptedException: sleep interrupted
2019-10-16 01:11:20,880 [grpc-default-executor-0] INFO  impl.RoleInfo (RoleInfo.java:updateAndGet(143)) - 9e106ceb-2e48-4592-baea-5a074ecdeb7f: start FollowerState
2019-10-16 01:11:20,908 [3d4afc67-c7e5-451f-ad84-7ee4adc2e156@group-F110391D6AD9-LeaderElection16] INFO  impl.LeaderElection (LeaderElection.java:logAndReturn(56)) - 3d4afc67-c7e5-451f-ad84-7ee4adc2e156@group-F110391D6AD9-LeaderElection16: Election REJECTED; received 2 response(s) [3d4afc67-c7e5-451f-ad84-7ee4adc2e156<-9e106ceb-2e48-4592-baea-5a074ecdeb7f#0:FAIL-t13, 3d4afc67-c7e5-451f-ad84-7ee4adc2e156<-bdf1820c-8b54-4379-867f-1e5a509c7465#0:FAIL-t13] and 0 exception(s); 3d4afc67-c7e5-451f-ad84-7ee4adc2e156@group-F110391D6AD9:t13, leader=null, voted=3d4afc67-c7e5-451f-ad84-7ee4adc2e156, raftlog=3d4afc67-c7e5-451f-ad84-7ee4adc2e156@group-F110391D6AD9-SegmentedRaftLog:OPENED:c3,f4,i4, conf=0: [9e106ceb-2e48-4592-baea-5a074ecdeb7f:192.168.164.234:46856, 3d4afc67-c7e5-451f-ad84-7ee4adc2e156:192.168.164.234:37554, bdf1820c-8b54-4379-867f-1e5a509c7465:192.168.164.234:34989], old=null
2019-10-16 01:11:20,909 [3d4afc67-c7e5-451f-ad84-7ee4adc2e156@group-F110391D6AD9-LeaderElection16] INFO  impl.RaftServerImpl (RaftServerImpl.java:setRole(184)) - 3d4afc67-c7e5-451f-ad84-7ee4adc2e156@group-F110391D6AD9: changes role from CANDIDATE to FOLLOWER at term 13 for DISCOVERED_A_NEW_TERM
2019-10-16 01:11:20,909 [3d4afc67-c7e5-451f-ad84-7ee4adc2e156@group-F110391D6AD9-LeaderElection16] INFO  impl.RoleInfo (RoleInfo.java:shutdownLeaderElection(134)) - 3d4afc67-c7e5-451f-ad84-7ee4adc2e156: shutdown LeaderElection
2019-10-16 01:11:20,910 [3d4afc67-c7e5-451f-ad84-7ee4adc2e156@group-F110391D6AD9-LeaderElection16] INFO  impl.RoleInfo (RoleInfo.java:updateAndGet(143)) - 3d4afc67-c7e5-451f-ad84-7ee4adc2e156: start FollowerState
2019-10-16 01:11:20,994 [EventQueue-PendingDeleteStatusForPendingDeleteHandler] INFO  block.SCMBlockDeletingService (SCMBlockDeletingService.java:handlePendingDeletes(115)) - Block deletion txnID mismatch in datanode 3d4afc67-c7e5-451f-ad84-7ee4adc2e156 for containerID 1. Datanode delete txnID: 0, SCM txnID: 1
2019-10-16 01:11:21,017 [Thread-633] INFO  impl.FollowerState (FollowerState.java:run(108)) - 3d4afc67-c7e5-451f-ad84-7ee4adc2e156@group-F110391D6AD9-FollowerState: change to CANDIDATE, lastRpcTime:106ms, electionTimeout:105ms
2019-10-16 01:11:21,017 [Thread-633] INFO  impl.RoleInfo (RoleInfo.java:shutdownFollowerState(121)) - 3d4afc67-c7e5-451f-ad84-7ee4adc2e156: shutdown FollowerState
2019-10-16 01:11:21,017 [Thread-633] INFO  impl.RaftServerImpl (RaftServerImpl.java:setRole(184)) - 3d4afc67-c7e5-451f-ad84-7ee4adc2e156@group-F110391D6AD9: changes role from  FOLLOWER to CANDIDATE at term 13 for changeToCandidate
2019-10-16 01:11:21,017 [Thread-633] INFO  impl.RoleInfo (RoleInfo.java:updateAndGet(143)) - 3d4afc67-c7e5-451f-ad84-7ee4adc2e156: start LeaderElection
2019-10-16 01:11:21,049 [3d4afc67-c7e5-451f-ad84-7ee4adc2e156@group-F110391D6AD9-LeaderElection17] INFO  impl.LeaderElection (LeaderElection.java:askForVotes(178)) - 3d4afc67-c7e5-451f-ad84-7ee4adc2e156@group-F110391D6AD9-LeaderElection17: begin an election at term 14 for 0: [9e106ceb-2e48-4592-baea-5a074ecdeb7f:192.168.164.234:46856, 3d4afc67-c7e5-451f-ad84-7ee4adc2e156:192.168.164.234:37554, bdf1820c-8b54-4379-867f-1e5a509c7465:192.168.164.234:34989], old=null
2019-10-16 01:11:21,053 [grpc-default-executor-0] INFO  impl.RaftServerImpl (RaftServerImpl.java:setRole(184)) - bdf1820c-8b54-4379-867f-1e5a509c7465@group-F110391D6AD9: changes role from  FOLLOWER to FOLLOWER at term 14 for recognizeCandidate:3d4afc67-c7e5-451f-ad84-7ee4adc2e156
2019-10-16 01:11:21,053 [grpc-default-executor-0] INFO  impl.RoleInfo (RoleInfo.java:shutdownFollowerState(121)) - bdf1820c-8b54-4379-867f-1e5a509c7465: shutdown FollowerState
2019-10-16 01:11:21,053 [grpc-default-executor-3] INFO  impl.RaftServerImpl (RaftServerImpl.java:setRole(184)) - 9e106ceb-2e48-4592-baea-5a074ecdeb7f@group-F110391D6AD9: changes role from  FOLLOWER to FOLLOWER at term 14 for recognizeCandidate:3d4afc67-c7e5-451f-ad84-7ee4adc2e156
2019-10-16 01:11:21,054 [Thread-631] INFO  impl.FollowerState (FollowerState.java:run(117)) - bdf1820c-8b54-4379-867f-1e5a509c7465@group-F110391D6AD9-FollowerState was interrupted: java.lang.InterruptedException: sleep interrupted
2019-10-16 01:11:21,054 [grpc-default-executor-0] INFO  impl.RoleInfo (RoleInfo.java:updateAndGet(143)) - bdf1820c-8b54-4379-867f-1e5a509c7465: start FollowerState
2019-10-16 01:11:21,054 [grpc-default-executor-3] INFO  impl.RoleInfo (RoleInfo.java:shutdownFollowerState(121)) - 9e106ceb-2e48-4592-baea-5a074ecdeb7f: shutdown FollowerState
2019-10-16 01:11:21,054 [grpc-default-executor-3] INFO  impl.RoleInfo (RoleInfo.java:updateAndGet(143)) - 9e106ceb-2e48-4592-baea-5a074ecdeb7f: start FollowerState
2019-10-16 01:11:21,054 [Thread-632] INFO  impl.FollowerState (FollowerState.java:run(117)) - 9e106ceb-2e48-4592-baea-5a074ecdeb7f@group-F110391D6AD9-FollowerState was interrupted: java.lang.InterruptedException: sleep interrupted
2019-10-16 01:11:21,084 [3d4afc67-c7e5-451f-ad84-7ee4adc2e156@group-F110391D6AD9-LeaderElection17] INFO  impl.LeaderElection (LeaderElection.java:logAndReturn(56)) - 3d4afc67-c7e5-451f-ad84-7ee4adc2e156@group-F110391D6AD9-LeaderElection17: Election REJECTED; received 2 response(s) [3d4afc67-c7e5-451f-ad84-7ee4adc2e156<-9e106ceb-2e48-4592-baea-5a074ecdeb7f#0:FAIL-t14, 3d4afc67-c7e5-451f-ad84-7ee4adc2e156<-bdf1820c-8b54-4379-867f-1e5a509c7465#0:FAIL-t14] and 0 exception(s); 3d4afc67-c7e5-451f-ad84-7ee4adc2e156@group-F110391D6AD9:t14, leader=null, voted=3d4afc67-c7e5-451f-ad84-7ee4adc2e156, raftlog=3d4afc67-c7e5-451f-ad84-7ee4adc2e156@group-F110391D6AD9-SegmentedRaftLog:OPENED:c3,f4,i4, conf=0: [9e106ceb-2e48-4592-baea-5a074ecdeb7f:192.168.164.234:46856, 3d4afc67-c7e5-451f-ad84-7ee4adc2e156:192.168.164.234:37554, bdf1820c-8b54-4379-867f-1e5a509c7465:192.168.164.234:34989], old=null
2019-10-16 01:11:21,084 [3d4afc67-c7e5-451f-ad84-7ee4adc2e156@group-F110391D6AD9-LeaderElection17] INFO  impl.RaftServerImpl (RaftServerImpl.java:setRole(184)) - 3d4afc67-c7e5-451f-ad84-7ee4adc2e156@group-F110391D6AD9: changes role from CANDIDATE to FOLLOWER at term 14 for DISCOVERED_A_NEW_TERM
2019-10-16 01:11:21,085 [3d4afc67-c7e5-451f-ad84-7ee4adc2e156@group-F110391D6AD9-LeaderElection17] INFO  impl.RoleInfo (RoleInfo.java:shutdownLeaderElection(134)) - 3d4afc67-c7e5-451f-ad84-7ee4adc2e156: shutdown LeaderElection
2019-10-16 01:11:21,086 [3d4afc67-c7e5-451f-ad84-7ee4adc2e156@group-F110391D6AD9-LeaderElection17] INFO  impl.RoleInfo (RoleInfo.java:updateAndGet(143)) - 3d4afc67-c7e5-451f-ad84-7ee4adc2e156: start FollowerState
2019-10-16 01:11:21,114 [pool-7-thread-2] INFO  commands.RetriableDatanodeEventWatcher (RetriableDatanodeEventWatcher.java:onTimeout(47)) - RetriableDatanodeCommand type=deleteBlocksCommand with id=1571188276112 timed out. Retrying.
2019-10-16 01:11:21,115 [pool-7-thread-3] INFO  commands.RetriableDatanodeEventWatcher (RetriableDatanodeEventWatcher.java:onTimeout(47)) - RetriableDatanodeCommand type=deleteBlocksCommand with id=1571188276107 timed out. Retrying.
2019-10-16 01:11:21,119 [pool-7-thread-2] INFO  commands.RetriableDatanodeEventWatcher (RetriableDatanodeEventWatcher.java:onTimeout(47)) - RetriableDatanodeCommand type=deleteBlocksCommand with id=1571188276111 timed out. Retrying.
2019-10-16 01:11:21,119 [pool-7-thread-1] INFO  commands.RetriableDatanodeEventWatcher (RetriableDatanodeEventWatcher.java:onTimeout(47)) - RetriableDatanodeCommand type=deleteBlocksCommand with id=1571188276110 timed out. Retrying.
2019-10-16 01:11:21,119 [pool-7-thread-3] INFO  commands.RetriableDatanodeEventWatcher (RetriableDatanodeEventWatcher.java:onTimeout(47)) - RetriableDatanodeCommand type=deleteBlocksCommand with id=1571188276113 timed out. Retrying.
2019-10-16 01:11:21,120 [SCMBlockDeletingService#0] INFO  block.SCMBlockDeletingService (SCMBlockDeletingService.java:call(184)) - Totally added 1 delete blocks command for 1 datanodes, task elapsed time: 0ms
2019-10-16 01:11:21,154 [Thread-642] INFO  client.GrpcClientProtocolService (GrpcClientProtocolService.java:lambda$processClientRequest$0(278)) - Failed RaftClientRequest:client-901DCD72E87A->bdf1820c-8b54-4379-867f-1e5a509c7465@group-F110391D6AD9, cid=10, seq=0, Watch-ALL_COMMITTED(6), Message:<EMPTY>, reply=RaftClientReply:client-901DCD72E87A->bdf1820c-8b54-4379-867f-1e5a509c7465@group-F110391D6AD9, cid=10, FAILED org.apache.ratis.protocol.NotLeaderException: Server bdf1820c-8b54-4379-867f-1e5a509c7465@group-F110391D6AD9 is not the leader, logIndex=0, commits[bdf1820c-8b54-4379-867f-1e5a509c7465:c10, 9e106ceb-2e48-4592-baea-5a074ecdeb7f:c10, 3d4afc67-c7e5-451f-ad84-7ee4adc2e156:c4]
2019-10-16 01:11:21,185 [Thread-640] INFO  impl.FollowerState (FollowerState.java:run(108)) - 3d4afc67-c7e5-451f-ad84-7ee4adc2e156@group-F110391D6AD9-FollowerState: change to CANDIDATE, lastRpcTime:99ms, electionTimeout:98ms
2019-10-16 01:11:21,185 [Thread-640] INFO  impl.RoleInfo (RoleInfo.java:shutdownFollowerState(121)) - 3d4afc67-c7e5-451f-ad84-7ee4adc2e156: shutdown FollowerState
2019-10-16 01:11:21,186 [Thread-640] INFO  impl.RaftServerImpl (RaftServerImpl.java:setRole(184)) - 3d4afc67-c7e5-451f-ad84-7ee4adc2e156@group-F110391D6AD9: changes role from  FOLLOWER to CANDIDATE at term 14 for changeToCandidate
2019-10-16 01:11:21,186 [Thread-640] INFO  impl.RoleInfo (RoleInfo.java:updateAndGet(143)) - 3d4afc67-c7e5-451f-ad84-7ee4adc2e156: start LeaderElection
2019-10-16 01:11:21,217 [3d4afc67-c7e5-451f-ad84-7ee4adc2e156@group-F110391D6AD9-LeaderElection18] INFO  impl.LeaderElection (LeaderElection.java:askForVotes(178)) - 3d4afc67-c7e5-451f-ad84-7ee4adc2e156@group-F110391D6AD9-LeaderElection18: begin an election at term 15 for 0: [9e106ceb-2e48-4592-baea-5a074ecdeb7f:192.168.164.234:46856, 3d4afc67-c7e5-451f-ad84-7ee4adc2e156:192.168.164.234:37554, bdf1820c-8b54-4379-867f-1e5a509c7465:192.168.164.234:34989], old=null
2019-10-16 01:11:21,225 [grpc-default-executor-3] INFO  impl.RaftServerImpl (RaftServerImpl.java:setRole(184)) - 9e106ceb-2e48-4592-baea-5a074ecdeb7f@group-F110391D6AD9: changes role from  FOLLOWER to FOLLOWER at term 15 for recognizeCandidate:3d4afc67-c7e5-451f-ad84-7ee4adc2e156
2019-10-16 01:11:21,226 [grpc-default-executor-0] INFO  impl.RaftServerImpl (RaftServerImpl.java:setRole(184)) - bdf1820c-8b54-4379-867f-1e5a509c7465@group-F110391D6AD9: changes role from  FOLLOWER to FOLLOWER at term 15 for recognizeCandidate:3d4afc67-c7e5-451f-ad84-7ee4adc2e156
2019-10-16 01:11:21,226 [grpc-default-executor-3] INFO  impl.RoleInfo (RoleInfo.java:shutdownFollowerState(121)) - 9e106ceb-2e48-4592-baea-5a074ecdeb7f: shutdown FollowerState
2019-10-16 01:11:21,226 [grpc-default-executor-0] INFO  impl.RoleInfo (RoleInfo.java:shutdownFollowerState(121)) - bdf1820c-8b54-4379-867f-1e5a509c7465: shutdown FollowerState
2019-10-16 01:11:21,227 [grpc-default-executor-3] INFO  impl.RoleInfo (RoleInfo.java:updateAndGet(143)) - 9e106ceb-2e48-4592-baea-5a074ecdeb7f: start FollowerState
2019-10-16 01:11:21,227 [Thread-639] INFO  impl.FollowerState (FollowerState.java:run(117)) - 9e106ceb-2e48-4592-baea-5a074ecdeb7f@group-F110391D6AD9-FollowerState was interrupted: java.lang.InterruptedException: sleep interrupted
2019-10-16 01:11:21,227 [Thread-638] INFO  impl.FollowerState (FollowerState.java:run(117)) - bdf1820c-8b54-4379-867f-1e5a509c7465@group-F110391D6AD9-FollowerState was interrupted: java.lang.InterruptedException: sleep interrupted
2019-10-16 01:11:21,227 [grpc-default-executor-0] INFO  impl.RoleInfo (RoleInfo.java:updateAndGet(143)) - bdf1820c-8b54-4379-867f-1e5a509c7465: start FollowerState
2019-10-16 01:11:21,251 [3d4afc67-c7e5-451f-ad84-7ee4adc2e156@group-F110391D6AD9-LeaderElection18] INFO  impl.LeaderElection (LeaderElection.java:logAndReturn(56)) - 3d4afc67-c7e5-451f-ad84-7ee4adc2e156@group-F110391D6AD9-LeaderElection18: Election TIMEOUT; received 0 response(s) [] and 0 exception(s); 3d4afc67-c7e5-451f-ad84-7ee4adc2e156@group-F110391D6AD9:t15, leader=null, voted=3d4afc67-c7e5-451f-ad84-7ee4adc2e156, raftlog=3d4afc67-c7e5-451f-ad84-7ee4adc2e156@group-F110391D6AD9-SegmentedRaftLog:OPENED:c3,f4,i4, conf=0: [9e106ceb-2e48-4592-baea-5a074ecdeb7f:192.168.164.234:46856, 3d4afc67-c7e5-451f-ad84-7ee4adc2e156:192.168.164.234:37554, bdf1820c-8b54-4379-867f-1e5a509c7465:192.168.164.234:34989], old=null
2019-10-16 01:11:21,275 [3d4afc67-c7e5-451f-ad84-7ee4adc2e156@group-F110391D6AD9-LeaderElection18] INFO  impl.LeaderElection (LeaderElection.java:askForVotes(178)) - 3d4afc67-c7e5-451f-ad84-7ee4adc2e156@group-F110391D6AD9-LeaderElection18: begin an election at term 16 for 0: [9e106ceb-2e48-4592-baea-5a074ecdeb7f:192.168.164.234:46856, 3d4afc67-c7e5-451f-ad84-7ee4adc2e156:192.168.164.234:37554, bdf1820c-8b54-4379-867f-1e5a509c7465:192.168.164.234:34989], old=null
2019-10-16 01:11:21,280 [grpc-default-executor-0] INFO  impl.RaftServerImpl (RaftServerImpl.java:setRole(184)) - bdf1820c-8b54-4379-867f-1e5a509c7465@group-F110391D6AD9: changes role from  FOLLOWER to FOLLOWER at term 16 for recognizeCandidate:3d4afc67-c7e5-451f-ad84-7ee4adc2e156
2019-10-16 01:11:21,281 [grpc-default-executor-3] INFO  impl.RaftServerImpl (RaftServerImpl.java:setRole(184)) - 9e106ceb-2e48-4592-baea-5a074ecdeb7f@group-F110391D6AD9: changes role from  FOLLOWER to FOLLOWER at term 16 for recognizeCandidate:3d4afc67-c7e5-451f-ad84-7ee4adc2e156
2019-10-16 01:11:21,281 [grpc-default-executor-0] INFO  impl.RoleInfo (RoleInfo.java:shutdownFollowerState(121)) - bdf1820c-8b54-4379-867f-1e5a509c7465: shutdown FollowerState
2019-10-16 01:11:21,281 [grpc-default-executor-3] INFO  impl.RoleInfo (RoleInfo.java:shutdownFollowerState(121)) - 9e106ceb-2e48-4592-baea-5a074ecdeb7f: shutdown FollowerState
2019-10-16 01:11:21,281 [Thread-648] INFO  impl.FollowerState (FollowerState.java:run(117)) - bdf1820c-8b54-4379-867f-1e5a509c7465@group-F110391D6AD9-FollowerState was interrupted: java.lang.InterruptedException: sleep interrupted
2019-10-16 01:11:21,281 [grpc-default-executor-0] INFO  impl.RoleInfo (RoleInfo.java:updateAndGet(143)) - bdf1820c-8b54-4379-867f-1e5a509c7465: start FollowerState
2019-10-16 01:11:21,282 [grpc-default-executor-3] INFO  impl.RoleInfo (RoleInfo.java:updateAndGet(143)) - 9e106ceb-2e48-4592-baea-5a074ecdeb7f: start FollowerState
2019-10-16 01:11:21,281 [Thread-647] INFO  impl.FollowerState (FollowerState.java:run(117)) - 9e106ceb-2e48-4592-baea-5a074ecdeb7f@group-F110391D6AD9-FollowerState was interrupted: java.lang.InterruptedException: sleep interrupted
2019-10-16 01:11:21,310 [3d4afc67-c7e5-451f-ad84-7ee4adc2e156@group-F110391D6AD9-LeaderElection18] INFO  impl.LeaderElection (LeaderElection.java:logAndReturn(56)) - 3d4afc67-c7e5-451f-ad84-7ee4adc2e156@group-F110391D6AD9-LeaderElection18: Election REJECTED; received 2 response(s) [3d4afc67-c7e5-451f-ad84-7ee4adc2e156<-9e106ceb-2e48-4592-baea-5a074ecdeb7f#0:FAIL-t16, 3d4afc67-c7e5-451f-ad84-7ee4adc2e156<-bdf1820c-8b54-4379-867f-1e5a509c7465#0:FAIL-t16] and 0 exception(s); 3d4afc67-c7e5-451f-ad84-7ee4adc2e156@group-F110391D6AD9:t16, leader=null, voted=3d4afc67-c7e5-451f-ad84-7ee4adc2e156, raftlog=3d4afc67-c7e5-451f-ad84-7ee4adc2e156@group-F110391D6AD9-SegmentedRaftLog:OPENED:c3,f4,i4, conf=0: [9e106ceb-2e48-4592-baea-5a074ecdeb7f:192.168.164.234:46856, 3d4afc67-c7e5-451f-ad84-7ee4adc2e156:192.168.164.234:37554, bdf1820c-8b54-4379-867f-1e5a509c7465:192.168.164.234:34989], old=null
2019-10-16 01:11:21,311 [3d4afc67-c7e5-451f-ad84-7ee4adc2e156@group-F110391D6AD9-LeaderElection18] INFO  impl.RaftServerImpl (RaftServerImpl.java:setRole(184)) - 3d4afc67-c7e5-451f-ad84-7ee4adc2e156@group-F110391D6AD9: changes role from CANDIDATE to FOLLOWER at term 16 for DISCOVERED_A_NEW_TERM
2019-10-16 01:11:21,311 [3d4afc67-c7e5-451f-ad84-7ee4adc2e156@group-F110391D6AD9-LeaderElection18] INFO  impl.RoleInfo (RoleInfo.java:shutdownLeaderElection(134)) - 3d4afc67-c7e5-451f-ad84-7ee4adc2e156: shutdown LeaderElection
2019-10-16 01:11:21,312 [3d4afc67-c7e5-451f-ad84-7ee4adc2e156@group-F110391D6AD9-LeaderElection18] INFO  impl.RoleInfo (RoleInfo.java:updateAndGet(143)) - 3d4afc67-c7e5-451f-ad84-7ee4adc2e156: start FollowerState
2019-10-16 01:11:21,416 [Thread-653] INFO  impl.FollowerState (FollowerState.java:run(108)) - 3d4afc67-c7e5-451f-ad84-7ee4adc2e156@group-F110391D6AD9-FollowerState: change to CANDIDATE, lastRpcTime:104ms, electionTimeout:103ms
2019-10-16 01:11:21,417 [Thread-653] INFO  impl.RoleInfo (RoleInfo.java:shutdownFollowerState(121)) - 3d4afc67-c7e5-451f-ad84-7ee4adc2e156: shutdown FollowerState
2019-10-16 01:11:21,418 [Thread-653] INFO  impl.RaftServerImpl (RaftServerImpl.java:setRole(184)) - 3d4afc67-c7e5-451f-ad84-7ee4adc2e156@group-F110391D6AD9: changes role from  FOLLOWER to CANDIDATE at term 16 for changeToCandidate
2019-10-16 01:11:21,418 [Thread-653] INFO  impl.RoleInfo (RoleInfo.java:updateAndGet(143)) - 3d4afc67-c7e5-451f-ad84-7ee4adc2e156: start LeaderElection
2019-10-16 01:11:21,444 [3d4afc67-c7e5-451f-ad84-7ee4adc2e156@group-F110391D6AD9-LeaderElection19] INFO  impl.LeaderElection (LeaderElection.java:askForVotes(178)) - 3d4afc67-c7e5-451f-ad84-7ee4adc2e156@group-F110391D6AD9-LeaderElection19: begin an election at term 17 for 0: [9e106ceb-2e48-4592-baea-5a074ecdeb7f:192.168.164.234:46856, 3d4afc67-c7e5-451f-ad84-7ee4adc2e156:192.168.164.234:37554, bdf1820c-8b54-4379-867f-1e5a509c7465:192.168.164.234:34989], old=null
2019-10-16 01:11:21,448 [grpc-default-executor-0] INFO  impl.RaftServerImpl (RaftServerImpl.java:setRole(184)) - bdf1820c-8b54-4379-867f-1e5a509c7465@group-F110391D6AD9: changes role from  FOLLOWER to FOLLOWER at term 17 for recognizeCandidate:3d4afc67-c7e5-451f-ad84-7ee4adc2e156
2019-10-16 01:11:21,448 [grpc-default-executor-0] INFO  impl.RoleInfo (RoleInfo.java:shutdownFollowerState(121)) - bdf1820c-8b54-4379-867f-1e5a509c7465: shutdown FollowerState
2019-10-16 01:11:21,448 [grpc-default-executor-3] INFO  impl.RaftServerImpl (RaftServerImpl.java:setRole(184)) - 9e106ceb-2e48-4592-baea-5a074ecdeb7f@group-F110391D6AD9: changes role from  FOLLOWER to FOLLOWER at term 17 for recognizeCandidate:3d4afc67-c7e5-451f-ad84-7ee4adc2e156
2019-10-16 01:11:21,449 [Thread-651] INFO  impl.FollowerState (FollowerState.java:run(117)) - bdf1820c-8b54-4379-867f-1e5a509c7465@group-F110391D6AD9-FollowerState was interrupted: java.lang.InterruptedException: sleep interrupted
2019-10-16 01:11:21,449 [grpc-default-executor-0] INFO  impl.RoleInfo (RoleInfo.java:updateAndGet(143)) - bdf1820c-8b54-4379-867f-1e5a509c7465: start FollowerState
2019-10-16 01:11:21,449 [grpc-default-executor-3] INFO  impl.RoleInfo (RoleInfo.java:shutdownFollowerState(121)) - 9e106ceb-2e48-4592-baea-5a074ecdeb7f: shutdown FollowerState
2019-10-16 01:11:21,449 [grpc-default-executor-3] INFO  impl.RoleInfo (RoleInfo.java:updateAndGet(143)) - 9e106ceb-2e48-4592-baea-5a074ecdeb7f: start FollowerState
2019-10-16 01:11:21,449 [Thread-652] INFO  impl.FollowerState (FollowerState.java:run(117)) - 9e106ceb-2e48-4592-baea-5a074ecdeb7f@group-F110391D6AD9-FollowerState was interrupted: java.lang.InterruptedException: sleep interrupted
2019-10-16 01:11:21,479 [3d4afc67-c7e5-451f-ad84-7ee4adc2e156@group-F110391D6AD9-LeaderElection19] INFO  impl.LeaderElection (LeaderElection.java:logAndReturn(56)) - 3d4afc67-c7e5-451f-ad84-7ee4adc2e156@group-F110391D6AD9-LeaderElection19: Election REJECTED; received 2 response(s) [3d4afc67-c7e5-451f-ad84-7ee4adc2e156<-9e106ceb-2e48-4592-baea-5a074ecdeb7f#0:FAIL-t17, 3d4afc67-c7e5-451f-ad84-7ee4adc2e156<-bdf1820c-8b54-4379-867f-1e5a509c7465#0:FAIL-t17] and 0 exception(s); 3d4afc67-c7e5-451f-ad84-7ee4adc2e156@group-F110391D6AD9:t17, leader=null, voted=3d4afc67-c7e5-451f-ad84-7ee4adc2e156, raftlog=3d4afc67-c7e5-451f-ad84-7ee4adc2e156@group-F110391D6AD9-SegmentedRaftLog:OPENED:c3,f4,i4, conf=0: [9e106ceb-2e48-4592-baea-5a074ecdeb7f:192.168.164.234:46856, 3d4afc67-c7e5-451f-ad84-7ee4adc2e156:192.168.164.234:37554, bdf1820c-8b54-4379-867f-1e5a509c7465:192.168.164.234:34989], old=null
2019-10-16 01:11:21,479 [3d4afc67-c7e5-451f-ad84-7ee4adc2e156@group-F110391D6AD9-LeaderElection19] INFO  impl.RaftServerImpl (RaftServerImpl.java:setRole(184)) - 3d4afc67-c7e5-451f-ad84-7ee4adc2e156@group-F110391D6AD9: changes role from CANDIDATE to FOLLOWER at term 17 for DISCOVERED_A_NEW_TERM
2019-10-16 01:11:21,480 [3d4afc67-c7e5-451f-ad84-7ee4adc2e156@group-F110391D6AD9-LeaderElection19] INFO  impl.RoleInfo (RoleInfo.java:shutdownLeaderElection(134)) - 3d4afc67-c7e5-451f-ad84-7ee4adc2e156: shutdown LeaderElection
2019-10-16 01:11:21,481 [3d4afc67-c7e5-451f-ad84-7ee4adc2e156@group-F110391D6AD9-LeaderElection19] INFO  impl.RoleInfo (RoleInfo.java:updateAndGet(143)) - 3d4afc67-c7e5-451f-ad84-7ee4adc2e156: start FollowerState
2019-10-16 01:11:21,616 [Thread-659] INFO  impl.FollowerState (FollowerState.java:run(108)) - 3d4afc67-c7e5-451f-ad84-7ee4adc2e156@group-F110391D6AD9-FollowerState: change to CANDIDATE, lastRpcTime:135ms, electionTimeout:134ms
2019-10-16 01:11:21,618 [Thread-659] INFO  impl.RoleInfo (RoleInfo.java:shutdownFollowerState(121)) - 3d4afc67-c7e5-451f-ad84-7ee4adc2e156: shutdown FollowerState
2019-10-16 01:11:21,618 [Thread-659] INFO  impl.RaftServerImpl (RaftServerImpl.java:setRole(184)) - 3d4afc67-c7e5-451f-ad84-7ee4adc2e156@group-F110391D6AD9: changes role from  FOLLOWER to CANDIDATE at term 17 for changeToCandidate
2019-10-16 01:11:21,618 [Thread-659] INFO  impl.RoleInfo (RoleInfo.java:updateAndGet(143)) - 3d4afc67-c7e5-451f-ad84-7ee4adc2e156: start LeaderElection
2019-10-16 01:11:21,645 [3d4afc67-c7e5-451f-ad84-7ee4adc2e156@group-F110391D6AD9-LeaderElection20] INFO  impl.LeaderElection (LeaderElection.java:askForVotes(178)) - 3d4afc67-c7e5-451f-ad84-7ee4adc2e156@group-F110391D6AD9-LeaderElection20: begin an election at term 18 for 0: [9e106ceb-2e48-4592-baea-5a074ecdeb7f:192.168.164.234:46856, 3d4afc67-c7e5-451f-ad84-7ee4adc2e156:192.168.164.234:37554, bdf1820c-8b54-4379-867f-1e5a509c7465:192.168.164.234:34989], old=null
2019-10-16 01:11:21,649 [grpc-default-executor-3] INFO  impl.RaftServerImpl (RaftServerImpl.java:setRole(184)) - bdf1820c-8b54-4379-867f-1e5a509c7465@group-F110391D6AD9: changes role from  FOLLOWER to FOLLOWER at term 18 for recognizeCandidate:3d4afc67-c7e5-451f-ad84-7ee4adc2e156
2019-10-16 01:11:21,649 [grpc-default-executor-0] INFO  impl.RaftServerImpl (RaftServerImpl.java:setRole(184)) - 9e106ceb-2e48-4592-baea-5a074ecdeb7f@group-F110391D6AD9: changes role from  FOLLOWER to FOLLOWER at term 18 for recognizeCandidate:3d4afc67-c7e5-451f-ad84-7ee4adc2e156
2019-10-16 01:11:21,649 [grpc-default-executor-3] INFO  impl.RoleInfo (RoleInfo.java:shutdownFollowerState(121)) - bdf1820c-8b54-4379-867f-1e5a509c7465: shutdown FollowerState
2019-10-16 01:11:21,649 [grpc-default-executor-0] INFO  impl.RoleInfo (RoleInfo.java:shutdownFollowerState(121)) - 9e106ceb-2e48-4592-baea-5a074ecdeb7f: shutdown FollowerState
2019-10-16 01:11:21,650 [Thread-657] INFO  impl.FollowerState (FollowerState.java:run(117)) - bdf1820c-8b54-4379-867f-1e5a509c7465@group-F110391D6AD9-FollowerState was interrupted: java.lang.InterruptedException: sleep interrupted
2019-10-16 01:11:21,650 [Thread-658] INFO  impl.FollowerState (FollowerState.java:run(117)) - 9e106ceb-2e48-4592-baea-5a074ecdeb7f@group-F110391D6AD9-FollowerState was interrupted: java.lang.InterruptedException: sleep interrupted
2019-10-16 01:11:21,650 [grpc-default-executor-3] INFO  impl.RoleInfo (RoleInfo.java:updateAndGet(143)) - bdf1820c-8b54-4379-867f-1e5a509c7465: start FollowerState
2019-10-16 01:11:21,650 [grpc-default-executor-0] INFO  impl.RoleInfo (RoleInfo.java:updateAndGet(143)) - 9e106ceb-2e48-4592-baea-5a074ecdeb7f: start FollowerState
2019-10-16 01:11:21,668 [3d4afc67-c7e5-451f-ad84-7ee4adc2e156@group-F110391D6AD9-LeaderElection20] INFO  impl.LeaderElection (LeaderElection.java:logAndReturn(56)) - 3d4afc67-c7e5-451f-ad84-7ee4adc2e156@group-F110391D6AD9-LeaderElection20: Election TIMEOUT; received 0 response(s) [] and 0 exception(s); 3d4afc67-c7e5-451f-ad84-7ee4adc2e156@group-F110391D6AD9:t18, leader=null, voted=3d4afc67-c7e5-451f-ad84-7ee4adc2e156, raftlog=3d4afc67-c7e5-451f-ad84-7ee4adc2e156@group-F110391D6AD9-SegmentedRaftLog:OPENED:c3,f4,i4, conf=0: [9e106ceb-2e48-4592-baea-5a074ecdeb7f:192.168.164.234:46856, 3d4afc67-c7e5-451f-ad84-7ee4adc2e156:192.168.164.234:37554, bdf1820c-8b54-4379-867f-1e5a509c7465:192.168.164.234:34989], old=null
2019-10-16 01:11:21,696 [3d4afc67-c7e5-451f-ad84-7ee4adc2e156@group-F110391D6AD9-LeaderElection20] INFO  impl.LeaderElection (LeaderElection.java:askForVotes(178)) - 3d4afc67-c7e5-451f-ad84-7ee4adc2e156@group-F110391D6AD9-LeaderElection20: begin an election at term 19 for 0: [9e106ceb-2e48-4592-baea-5a074ecdeb7f:192.168.164.234:46856, 3d4afc67-c7e5-451f-ad84-7ee4adc2e156:192.168.164.234:37554, bdf1820c-8b54-4379-867f-1e5a509c7465:192.168.164.234:34989], old=null
2019-10-16 01:11:21,700 [grpc-default-executor-0] INFO  impl.RaftServerImpl (RaftServerImpl.java:setRole(184)) - bdf1820c-8b54-4379-867f-1e5a509c7465@group-F110391D6AD9: changes role from  FOLLOWER to FOLLOWER at term 19 for recognizeCandidate:3d4afc67-c7e5-451f-ad84-7ee4adc2e156
2019-10-16 01:11:21,701 [grpc-default-executor-3] INFO  impl.RaftServerImpl (RaftServerImpl.java:setRole(184)) - 9e106ceb-2e48-4592-baea-5a074ecdeb7f@group-F110391D6AD9: changes role from  FOLLOWER to FOLLOWER at term 19 for recognizeCandidate:3d4afc67-c7e5-451f-ad84-7ee4adc2e156
2019-10-16 01:11:21,701 [grpc-default-executor-0] INFO  impl.RoleInfo (RoleInfo.java:shutdownFollowerState(121)) - bdf1820c-8b54-4379-867f-1e5a509c7465: shutdown FollowerState
2019-10-16 01:11:21,701 [grpc-default-executor-3] INFO  impl.RoleInfo (RoleInfo.java:shutdownFollowerState(121)) - 9e106ceb-2e48-4592-baea-5a074ecdeb7f: shutdown FollowerState
2019-10-16 01:11:21,701 [Thread-663] INFO  impl.FollowerState (FollowerState.java:run(117)) - bdf1820c-8b54-4379-867f-1e5a509c7465@group-F110391D6AD9-FollowerState was interrupted: java.lang.InterruptedException: sleep interrupted
2019-10-16 01:11:21,701 [grpc-default-executor-0] INFO  impl.RoleInfo (RoleInfo.java:updateAndGet(143)) - bdf1820c-8b54-4379-867f-1e5a509c7465: start FollowerState
2019-10-16 01:11:21,701 [Thread-664] INFO  impl.FollowerState (FollowerState.java:run(117)) - 9e106ceb-2e48-4592-baea-5a074ecdeb7f@group-F110391D6AD9-FollowerState was interrupted: java.lang.InterruptedException: sleep interrupted
2019-10-16 01:11:21,701 [grpc-default-executor-3] INFO  impl.RoleInfo (RoleInfo.java:updateAndGet(143)) - 9e106ceb-2e48-4592-baea-5a074ecdeb7f: start FollowerState
2019-10-16 01:11:21,731 [3d4afc67-c7e5-451f-ad84-7ee4adc2e156@group-F110391D6AD9-LeaderElection20] INFO  impl.LeaderElection (LeaderElection.java:logAndReturn(56)) - 3d4afc67-c7e5-451f-ad84-7ee4adc2e156@group-F110391D6AD9-LeaderElection20: Election REJECTED; received 2 response(s) [3d4afc67-c7e5-451f-ad84-7ee4adc2e156<-9e106ceb-2e48-4592-baea-5a074ecdeb7f#0:FAIL-t19, 3d4afc67-c7e5-451f-ad84-7ee4adc2e156<-bdf1820c-8b54-4379-867f-1e5a509c7465#0:FAIL-t19] and 0 exception(s); 3d4afc67-c7e5-451f-ad84-7ee4adc2e156@group-F110391D6AD9:t19, leader=null, voted=3d4afc67-c7e5-451f-ad84-7ee4adc2e156, raftlog=3d4afc67-c7e5-451f-ad84-7ee4adc2e156@group-F110391D6AD9-SegmentedRaftLog:OPENED:c3,f4,i4, conf=0: [9e106ceb-2e48-4592-baea-5a074ecdeb7f:192.168.164.234:46856, 3d4afc67-c7e5-451f-ad84-7ee4adc2e156:192.168.164.234:37554, bdf1820c-8b54-4379-867f-1e5a509c7465:192.168.164.234:34989], old=null
2019-10-16 01:11:21,731 [3d4afc67-c7e5-451f-ad84-7ee4adc2e156@group-F110391D6AD9-LeaderElection20] INFO  impl.RaftServerImpl (RaftServerImpl.java:setRole(184)) - 3d4afc67-c7e5-451f-ad84-7ee4adc2e156@group-F110391D6AD9: changes role from CANDIDATE to FOLLOWER at term 19 for DISCOVERED_A_NEW_TERM
2019-10-16 01:11:21,731 [3d4afc67-c7e5-451f-ad84-7ee4adc2e156@group-F110391D6AD9-LeaderElection20] INFO  impl.RoleInfo (RoleInfo.java:shutdownLeaderElection(134)) - 3d4afc67-c7e5-451f-ad84-7ee4adc2e156: shutdown LeaderElection
2019-10-16 01:11:21,731 [3d4afc67-c7e5-451f-ad84-7ee4adc2e156@group-F110391D6AD9-LeaderElection20] INFO  impl.RoleInfo (RoleInfo.java:updateAndGet(143)) - 3d4afc67-c7e5-451f-ad84-7ee4adc2e156: start FollowerState
2019-10-16 01:11:21,741 [Thread-669] INFO  impl.FollowerState (FollowerState.java:run(108)) - 3d4afc67-c7e5-451f-ad84-7ee4adc2e156@group-F110391D6AD9-FollowerState: change to CANDIDATE, lastRpcTime:9ms, electionTimeout:9ms
2019-10-16 01:11:21,742 [Thread-669] INFO  impl.RoleInfo (RoleInfo.java:shutdownFollowerState(121)) - 3d4afc67-c7e5-451f-ad84-7ee4adc2e156: shutdown FollowerState
2019-10-16 01:11:21,742 [Thread-669] INFO  impl.RaftServerImpl (RaftServerImpl.java:setRole(184)) - 3d4afc67-c7e5-451f-ad84-7ee4adc2e156@group-F110391D6AD9: changes role from  FOLLOWER to CANDIDATE at term 19 for changeToCandidate
2019-10-16 01:11:21,742 [Thread-669] INFO  impl.RoleInfo (RoleInfo.java:updateAndGet(143)) - 3d4afc67-c7e5-451f-ad84-7ee4adc2e156: start LeaderElection
2019-10-16 01:11:21,772 [3d4afc67-c7e5-451f-ad84-7ee4adc2e156@group-F110391D6AD9-LeaderElection21] INFO  impl.LeaderElection (LeaderElection.java:askForVotes(178)) - 3d4afc67-c7e5-451f-ad84-7ee4adc2e156@group-F110391D6AD9-LeaderElection21: begin an election at term 20 for 0: [9e106ceb-2e48-4592-baea-5a074ecdeb7f:192.168.164.234:46856, 3d4afc67-c7e5-451f-ad84-7ee4adc2e156:192.168.164.234:37554, bdf1820c-8b54-4379-867f-1e5a509c7465:192.168.164.234:34989], old=null
2019-10-16 01:11:21,776 [grpc-default-executor-0] INFO  impl.RaftServerImpl (RaftServerImpl.java:setRole(184)) - bdf1820c-8b54-4379-867f-1e5a509c7465@group-F110391D6AD9: changes role from  FOLLOWER to FOLLOWER at term 20 for recognizeCandidate:3d4afc67-c7e5-451f-ad84-7ee4adc2e156
2019-10-16 01:11:21,776 [grpc-default-executor-0] INFO  impl.RoleInfo (RoleInfo.java:shutdownFollowerState(121)) - bdf1820c-8b54-4379-867f-1e5a509c7465: shutdown FollowerState
2019-10-16 01:11:21,777 [grpc-default-executor-0] INFO  impl.RoleInfo (RoleInfo.java:updateAndGet(143)) - bdf1820c-8b54-4379-867f-1e5a509c7465: start FollowerState
2019-10-16 01:11:21,777 [grpc-default-executor-3] INFO  impl.RaftServerImpl (RaftServerImpl.java:setRole(184)) - 9e106ceb-2e48-4592-baea-5a074ecdeb7f@group-F110391D6AD9: changes role from  FOLLOWER to FOLLOWER at term 20 for recognizeCandidate:3d4afc67-c7e5-451f-ad84-7ee4adc2e156
2019-10-16 01:11:21,778 [grpc-default-executor-3] INFO  impl.RoleInfo (RoleInfo.java:shutdownFollowerState(121)) - 9e106ceb-2e48-4592-baea-5a074ecdeb7f: shutdown FollowerState
2019-10-16 01:11:21,777 [Thread-667] INFO  impl.FollowerState (FollowerState.java:run(117)) - bdf1820c-8b54-4379-867f-1e5a509c7465@group-F110391D6AD9-FollowerState was interrupted: java.lang.InterruptedException: sleep interrupted
2019-10-16 01:11:21,778 [Thread-668] INFO  impl.FollowerState (FollowerState.java:run(117)) - 9e106ceb-2e48-4592-baea-5a074ecdeb7f@group-F110391D6AD9-FollowerState was interrupted: java.lang.InterruptedException: sleep interrupted
2019-10-16 01:11:21,778 [grpc-default-executor-3] INFO  impl.RoleInfo (RoleInfo.java:updateAndGet(143)) - 9e106ceb-2e48-4592-baea-5a074ecdeb7f: start FollowerState
2019-10-16 01:11:21,807 [3d4afc67-c7e5-451f-ad84-7ee4adc2e156@group-F110391D6AD9-LeaderElection21] INFO  impl.LeaderElection (LeaderElection.java:logAndReturn(56)) - 3d4afc67-c7e5-451f-ad84-7ee4adc2e156@group-F110391D6AD9-LeaderElection21: Election REJECTED; received 2 response(s) [3d4afc67-c7e5-451f-ad84-7ee4adc2e156<-9e106ceb-2e48-4592-baea-5a074ecdeb7f#0:FAIL-t20, 3d4afc67-c7e5-451f-ad84-7ee4adc2e156<-bdf1820c-8b54-4379-867f-1e5a509c7465#0:FAIL-t20] and 0 exception(s); 3d4afc67-c7e5-451f-ad84-7ee4adc2e156@group-F110391D6AD9:t20, leader=null, voted=3d4afc67-c7e5-451f-ad84-7ee4adc2e156, raftlog=3d4afc67-c7e5-451f-ad84-7ee4adc2e156@group-F110391D6AD9-SegmentedRaftLog:OPENED:c3,f4,i4, conf=0: [9e106ceb-2e48-4592-baea-5a074ecdeb7f:192.168.164.234:46856, 3d4afc67-c7e5-451f-ad84-7ee4adc2e156:192.168.164.234:37554, bdf1820c-8b54-4379-867f-1e5a509c7465:192.168.164.234:34989], old=null
2019-10-16 01:11:21,807 [3d4afc67-c7e5-451f-ad84-7ee4adc2e156@group-F110391D6AD9-LeaderElection21] INFO  impl.RaftServerImpl (RaftServerImpl.java:setRole(184)) - 3d4afc67-c7e5-451f-ad84-7ee4adc2e156@group-F110391D6AD9: changes role from CANDIDATE to FOLLOWER at term 20 for DISCOVERED_A_NEW_TERM
2019-10-16 01:11:21,807 [3d4afc67-c7e5-451f-ad84-7ee4adc2e156@group-F110391D6AD9-LeaderElection21] INFO  impl.RoleInfo (RoleInfo.java:shutdownLeaderElection(134)) - 3d4afc67-c7e5-451f-ad84-7ee4adc2e156: shutdown LeaderElection
2019-10-16 01:11:21,807 [3d4afc67-c7e5-451f-ad84-7ee4adc2e156@group-F110391D6AD9-LeaderElection21] INFO  impl.RoleInfo (RoleInfo.java:updateAndGet(143)) - 3d4afc67-c7e5-451f-ad84-7ee4adc2e156: start FollowerState
2019-10-16 01:11:21,858 [BlockDeletingService#2] WARN  background.BlockDeletingService (BlockDeletingService.java:isDeletionAllowed(187)) - Close Container log Index 6 is not replicated across allthe servers in the pipeline 795bca3c-2629-405f-a5d8-f110391d6ad9 as the min replicated index is 4. Deletion is not allowed in this container yet.
2019-10-16 01:11:21,858 [BlockDeletingService#2] WARN  background.BlockDeletingService (BlockDeletingService.java:isDeletionAllowed(187)) - Close Container log Index 6 is not replicated across allthe servers in the pipeline 795bca3c-2629-405f-a5d8-f110391d6ad9 as the min replicated index is 4. Deletion is not allowed in this container yet.
2019-10-16 01:11:21,941 [Thread-675] INFO  impl.FollowerState (FollowerState.java:run(108)) - 3d4afc67-c7e5-451f-ad84-7ee4adc2e156@group-F110391D6AD9-FollowerState: change to CANDIDATE, lastRpcTime:133ms, electionTimeout:133ms
2019-10-16 01:11:21,941 [Thread-675] INFO  impl.RoleInfo (RoleInfo.java:shutdownFollowerState(121)) - 3d4afc67-c7e5-451f-ad84-7ee4adc2e156: shutdown FollowerState
2019-10-16 01:11:21,941 [Thread-675] INFO  impl.RaftServerImpl (RaftServerImpl.java:setRole(184)) - 3d4afc67-c7e5-451f-ad84-7ee4adc2e156@group-F110391D6AD9: changes role from  FOLLOWER to CANDIDATE at term 20 for changeToCandidate
2019-10-16 01:11:21,941 [Thread-675] INFO  impl.RoleInfo (RoleInfo.java:updateAndGet(143)) - 3d4afc67-c7e5-451f-ad84-7ee4adc2e156: start LeaderElection
2019-10-16 01:11:21,973 [3d4afc67-c7e5-451f-ad84-7ee4adc2e156@group-F110391D6AD9-LeaderElection22] INFO  impl.LeaderElection (LeaderElection.java:askForVotes(178)) - 3d4afc67-c7e5-451f-ad84-7ee4adc2e156@group-F110391D6AD9-LeaderElection22: begin an election at term 21 for 0: [9e106ceb-2e48-4592-baea-5a074ecdeb7f:192.168.164.234:46856, 3d4afc67-c7e5-451f-ad84-7ee4adc2e156:192.168.164.234:37554, bdf1820c-8b54-4379-867f-1e5a509c7465:192.168.164.234:34989], old=null
2019-10-16 01:11:21,981 [grpc-default-executor-0] INFO  impl.RaftServerImpl (RaftServerImpl.java:setRole(184)) - 9e106ceb-2e48-4592-baea-5a074ecdeb7f@group-F110391D6AD9: changes role from  FOLLOWER to FOLLOWER at term 21 for recognizeCandidate:3d4afc67-c7e5-451f-ad84-7ee4adc2e156
2019-10-16 01:11:21,981 [grpc-default-executor-3] INFO  impl.RaftServerImpl (RaftServerImpl.java:setRole(184)) - bdf1820c-8b54-4379-867f-1e5a509c7465@group-F110391D6AD9: changes role from  FOLLOWER to FOLLOWER at term 21 for recognizeCandidate:3d4afc67-c7e5-451f-ad84-7ee4adc2e156
2019-10-16 01:11:21,981 [grpc-default-executor-0] INFO  impl.RoleInfo (RoleInfo.java:shutdownFollowerState(121)) - 9e106ceb-2e48-4592-baea-5a074ecdeb7f: shutdown FollowerState
2019-10-16 01:11:21,981 [grpc-default-executor-3] INFO  impl.RoleInfo (RoleInfo.java:shutdownFollowerState(121)) - bdf1820c-8b54-4379-867f-1e5a509c7465: shutdown FollowerState
2019-10-16 01:11:21,981 [grpc-default-executor-0] INFO  impl.RoleInfo (RoleInfo.java:updateAndGet(143)) - 9e106ceb-2e48-4592-baea-5a074ecdeb7f: start FollowerState
2019-10-16 01:11:21,981 [Thread-674] INFO  impl.FollowerState (FollowerState.java:run(117)) - 9e106ceb-2e48-4592-baea-5a074ecdeb7f@group-F110391D6AD9-FollowerState was interrupted: java.lang.InterruptedException: sleep interrupted
2019-10-16 01:11:21,981 [Thread-673] INFO  impl.FollowerState (FollowerState.java:run(117)) - bdf1820c-8b54-4379-867f-1e5a509c7465@group-F110391D6AD9-FollowerState was interrupted: java.lang.InterruptedException: sleep interrupted
2019-10-16 01:11:21,981 [grpc-default-executor-3] INFO  impl.RoleInfo (RoleInfo.java:updateAndGet(143)) - bdf1820c-8b54-4379-867f-1e5a509c7465: start FollowerState
2019-10-16 01:11:22,009 [3d4afc67-c7e5-451f-ad84-7ee4adc2e156@group-F110391D6AD9-LeaderElection22] INFO  impl.LeaderElection (LeaderElection.java:logAndReturn(56)) - 3d4afc67-c7e5-451f-ad84-7ee4adc2e156@group-F110391D6AD9-LeaderElection22: Election REJECTED; received 2 response(s) [3d4afc67-c7e5-451f-ad84-7ee4adc2e156<-9e106ceb-2e48-4592-baea-5a074ecdeb7f#0:FAIL-t21, 3d4afc67-c7e5-451f-ad84-7ee4adc2e156<-bdf1820c-8b54-4379-867f-1e5a509c7465#0:FAIL-t21] and 0 exception(s); 3d4afc67-c7e5-451f-ad84-7ee4adc2e156@group-F110391D6AD9:t21, leader=null, voted=3d4afc67-c7e5-451f-ad84-7ee4adc2e156, raftlog=3d4afc67-c7e5-451f-ad84-7ee4adc2e156@group-F110391D6AD9-SegmentedRaftLog:OPENED:c3,f4,i4, conf=0: [9e106ceb-2e48-4592-baea-5a074ecdeb7f:192.168.164.234:46856, 3d4afc67-c7e5-451f-ad84-7ee4adc2e156:192.168.164.234:37554, bdf1820c-8b54-4379-867f-1e5a509c7465:192.168.164.234:34989], old=null
2019-10-16 01:11:22,009 [3d4afc67-c7e5-451f-ad84-7ee4adc2e156@group-F110391D6AD9-LeaderElection22] INFO  impl.RaftServerImpl (RaftServerImpl.java:setRole(184)) - 3d4afc67-c7e5-451f-ad84-7ee4adc2e156@group-F110391D6AD9: changes role from CANDIDATE to FOLLOWER at term 21 for DISCOVERED_A_NEW_TERM
2019-10-16 01:11:22,009 [3d4afc67-c7e5-451f-ad84-7ee4adc2e156@group-F110391D6AD9-LeaderElection22] INFO  impl.RoleInfo (RoleInfo.java:shutdownLeaderElection(134)) - 3d4afc67-c7e5-451f-ad84-7ee4adc2e156: shutdown LeaderElection
2019-10-16 01:11:22,009 [3d4afc67-c7e5-451f-ad84-7ee4adc2e156@group-F110391D6AD9-LeaderElection22] INFO  impl.RoleInfo (RoleInfo.java:updateAndGet(143)) - 3d4afc67-c7e5-451f-ad84-7ee4adc2e156: start FollowerState
2019-10-16 01:11:22,116 [pool-7-thread-3] INFO  commands.RetriableDatanodeEventWatcher (RetriableDatanodeEventWatcher.java:onTimeout(47)) - RetriableDatanodeCommand type=deleteBlocksCommand with id=1571188276112 timed out. Retrying.
2019-10-16 01:11:22,117 [pool-7-thread-1] INFO  commands.RetriableDatanodeEventWatcher (RetriableDatanodeEventWatcher.java:onTimeout(47)) - RetriableDatanodeCommand type=deleteBlocksCommand with id=1571188276107 timed out. Retrying.
2019-10-16 01:11:22,120 [pool-7-thread-1] INFO  commands.RetriableDatanodeEventWatcher (RetriableDatanodeEventWatcher.java:onTimeout(47)) - RetriableDatanodeCommand type=deleteBlocksCommand with id=1571188276114 timed out. Retrying.
2019-10-16 01:11:22,120 [pool-7-thread-3] INFO  commands.RetriableDatanodeEventWatcher (RetriableDatanodeEventWatcher.java:onTimeout(47)) - RetriableDatanodeCommand type=deleteBlocksCommand with id=1571188276113 timed out. Retrying.
2019-10-16 01:11:22,120 [pool-7-thread-4] INFO  commands.RetriableDatanodeEventWatcher (RetriableDatanodeEventWatcher.java:onTimeout(47)) - RetriableDatanodeCommand type=deleteBlocksCommand with id=1571188276110 timed out. Retrying.
2019-10-16 01:11:22,120 [pool-7-thread-2] INFO  commands.RetriableDatanodeEventWatcher (RetriableDatanodeEventWatcher.java:onTimeout(47)) - RetriableDatanodeCommand type=deleteBlocksCommand with id=1571188276111 timed out. Retrying.
2019-10-16 01:11:22,121 [SCMBlockDeletingService#0] INFO  block.SCMBlockDeletingService (SCMBlockDeletingService.java:call(184)) - Totally added 1 delete blocks command for 1 datanodes, task elapsed time: 0ms
2019-10-16 01:11:22,172 [Thread-686] INFO  client.GrpcClientProtocolService (GrpcClientProtocolService.java:lambda$processClientRequest$0(278)) - Failed RaftClientRequest:client-901DCD72E87A->9e106ceb-2e48-4592-baea-5a074ecdeb7f@group-F110391D6AD9, cid=10, seq=0, Watch-ALL_COMMITTED(6), Message:<EMPTY>, reply=RaftClientReply:client-901DCD72E87A->9e106ceb-2e48-4592-baea-5a074ecdeb7f@group-F110391D6AD9, cid=10, FAILED org.apache.ratis.protocol.NotLeaderException: Server 9e106ceb-2e48-4592-baea-5a074ecdeb7f@group-F110391D6AD9 is not the leader, logIndex=0, commits[9e106ceb-2e48-4592-baea-5a074ecdeb7f:c10, 3d4afc67-c7e5-451f-ad84-7ee4adc2e156:c4, bdf1820c-8b54-4379-867f-1e5a509c7465:c10]
2019-10-16 01:11:22,204 [Thread-683] INFO  impl.FollowerState (FollowerState.java:run(108)) - 3d4afc67-c7e5-451f-ad84-7ee4adc2e156@group-F110391D6AD9-FollowerState: change to CANDIDATE, lastRpcTime:194ms, electionTimeout:194ms
2019-10-16 01:11:22,204 [Thread-683] INFO  impl.RoleInfo (RoleInfo.java:shutdownFollowerState(121)) - 3d4afc67-c7e5-451f-ad84-7ee4adc2e156: shutdown FollowerState
2019-10-16 01:11:22,204 [Thread-683] INFO  impl.RaftServerImpl (RaftServerImpl.java:setRole(184)) - 3d4afc67-c7e5-451f-ad84-7ee4adc2e156@group-F110391D6AD9: changes role from  FOLLOWER to CANDIDATE at term 21 for changeToCandidate
2019-10-16 01:11:22,204 [Thread-683] INFO  impl.RoleInfo (RoleInfo.java:updateAndGet(143)) - 3d4afc67-c7e5-451f-ad84-7ee4adc2e156: start LeaderElection
2019-10-16 01:11:22,232 [3d4afc67-c7e5-451f-ad84-7ee4adc2e156@group-F110391D6AD9-LeaderElection23] INFO  impl.LeaderElection (LeaderElection.java:askForVotes(178)) - 3d4afc67-c7e5-451f-ad84-7ee4adc2e156@group-F110391D6AD9-LeaderElection23: begin an election at term 22 for 0: [9e106ceb-2e48-4592-baea-5a074ecdeb7f:192.168.164.234:46856, 3d4afc67-c7e5-451f-ad84-7ee4adc2e156:192.168.164.234:37554, bdf1820c-8b54-4379-867f-1e5a509c7465:192.168.164.234:34989], old=null
2019-10-16 01:11:22,238 [grpc-default-executor-0] INFO  impl.RaftServerImpl (RaftServerImpl.java:setRole(184)) - 9e106ceb-2e48-4592-baea-5a074ecdeb7f@group-F110391D6AD9: changes role from  FOLLOWER to FOLLOWER at term 22 for recognizeCandidate:3d4afc67-c7e5-451f-ad84-7ee4adc2e156
2019-10-16 01:11:22,238 [grpc-default-executor-3] INFO  impl.RaftServerImpl (RaftServerImpl.java:setRole(184)) - bdf1820c-8b54-4379-867f-1e5a509c7465@group-F110391D6AD9: changes role from  FOLLOWER to FOLLOWER at term 22 for recognizeCandidate:3d4afc67-c7e5-451f-ad84-7ee4adc2e156
2019-10-16 01:11:22,238 [grpc-default-executor-0] INFO  impl.RoleInfo (RoleInfo.java:shutdownFollowerState(121)) - 9e106ceb-2e48-4592-baea-5a074ecdeb7f: shutdown FollowerState
2019-10-16 01:11:22,238 [grpc-default-executor-3] INFO  impl.RoleInfo (RoleInfo.java:shutdownFollowerState(121)) - bdf1820c-8b54-4379-867f-1e5a509c7465: shutdown FollowerState
2019-10-16 01:11:22,238 [grpc-default-executor-0] INFO  impl.RoleInfo (RoleInfo.java:updateAndGet(143)) - 9e106ceb-2e48-4592-baea-5a074ecdeb7f: start FollowerState
2019-10-16 01:11:22,238 [Thread-681] INFO  impl.FollowerState (FollowerState.java:run(117)) - 9e106ceb-2e48-4592-baea-5a074ecdeb7f@group-F110391D6AD9-FollowerState was interrupted: java.lang.InterruptedException: sleep interrupted
2019-10-16 01:11:22,238 [grpc-default-executor-3] INFO  impl.RoleInfo (RoleInfo.java:updateAndGet(143)) - bdf1820c-8b54-4379-867f-1e5a509c7465: start FollowerState
2019-10-16 01:11:22,238 [Thread-682] INFO  impl.FollowerState (FollowerState.java:run(117)) - bdf1820c-8b54-4379-867f-1e5a509c7465@group-F110391D6AD9-FollowerState was interrupted: java.lang.InterruptedException: sleep interrupted
2019-10-16 01:11:22,266 [3d4afc67-c7e5-451f-ad84-7ee4adc2e156@group-F110391D6AD9-LeaderElection23] INFO  impl.LeaderElection (LeaderElection.java:logAndReturn(56)) - 3d4afc67-c7e5-451f-ad84-7ee4adc2e156@group-F110391D6AD9-LeaderElection23: Election REJECTED; received 2 response(s) [3d4afc67-c7e5-451f-ad84-7ee4adc2e156<-9e106ceb-2e48-4592-baea-5a074ecdeb7f#0:FAIL-t22, 3d4afc67-c7e5-451f-ad84-7ee4adc2e156<-bdf1820c-8b54-4379-867f-1e5a509c7465#0:FAIL-t22] and 0 exception(s); 3d4afc67-c7e5-451f-ad84-7ee4adc2e156@group-F110391D6AD9:t22, leader=null, voted=3d4afc67-c7e5-451f-ad84-7ee4adc2e156, raftlog=3d4afc67-c7e5-451f-ad84-7ee4adc2e156@group-F110391D6AD9-SegmentedRaftLog:OPENED:c3,f4,i4, conf=0: [9e106ceb-2e48-4592-baea-5a074ecdeb7f:192.168.164.234:46856, 3d4afc67-c7e5-451f-ad84-7ee4adc2e156:192.168.164.234:37554, bdf1820c-8b54-4379-867f-1e5a509c7465:192.168.164.234:34989], old=null
2019-10-16 01:11:22,267 [3d4afc67-c7e5-451f-ad84-7ee4adc2e156@group-F110391D6AD9-LeaderElection23] INFO  impl.RaftServerImpl (RaftServerImpl.java:setRole(184)) - 3d4afc67-c7e5-451f-ad84-7ee4adc2e156@group-F110391D6AD9: changes role from CANDIDATE to FOLLOWER at term 22 for DISCOVERED_A_NEW_TERM
2019-10-16 01:11:22,267 [3d4afc67-c7e5-451f-ad84-7ee4adc2e156@group-F110391D6AD9-LeaderElection23] INFO  impl.RoleInfo (RoleInfo.java:shutdownLeaderElection(134)) - 3d4afc67-c7e5-451f-ad84-7ee4adc2e156: shutdown LeaderElection
2019-10-16 01:11:22,267 [3d4afc67-c7e5-451f-ad84-7ee4adc2e156@group-F110391D6AD9-LeaderElection23] INFO  impl.RoleInfo (RoleInfo.java:updateAndGet(143)) - 3d4afc67-c7e5-451f-ad84-7ee4adc2e156: start FollowerState
2019-10-16 01:11:22,295 [Thread-693] INFO  impl.FollowerState (FollowerState.java:run(108)) - 3d4afc67-c7e5-451f-ad84-7ee4adc2e156@group-F110391D6AD9-FollowerState: change to CANDIDATE, lastRpcTime:28ms, electionTimeout:28ms
2019-10-16 01:11:22,296 [Thread-693] INFO  impl.RoleInfo (RoleInfo.java:shutdownFollowerState(121)) - 3d4afc67-c7e5-451f-ad84-7ee4adc2e156: shutdown FollowerState
2019-10-16 01:11:22,296 [Thread-693] INFO  impl.RaftServerImpl (RaftServerImpl.java:setRole(184)) - 3d4afc67-c7e5-451f-ad84-7ee4adc2e156@group-F110391D6AD9: changes role from  FOLLOWER to CANDIDATE at term 22 for changeToCandidate
2019-10-16 01:11:22,296 [Thread-693] INFO  impl.RoleInfo (RoleInfo.java:updateAndGet(143)) - 3d4afc67-c7e5-451f-ad84-7ee4adc2e156: start LeaderElection
2019-10-16 01:11:22,324 [3d4afc67-c7e5-451f-ad84-7ee4adc2e156@group-F110391D6AD9-LeaderElection24] INFO  impl.LeaderElection (LeaderElection.java:askForVotes(178)) - 3d4afc67-c7e5-451f-ad84-7ee4adc2e156@group-F110391D6AD9-LeaderElection24: begin an election at term 23 for 0: [9e106ceb-2e48-4592-baea-5a074ecdeb7f:192.168.164.234:46856, 3d4afc67-c7e5-451f-ad84-7ee4adc2e156:192.168.164.234:37554, bdf1820c-8b54-4379-867f-1e5a509c7465:192.168.164.234:34989], old=null
2019-10-16 01:11:22,327 [grpc-default-executor-3] INFO  impl.RaftServerImpl (RaftServerImpl.java:setRole(184)) - bdf1820c-8b54-4379-867f-1e5a509c7465@group-F110391D6AD9: changes role from  FOLLOWER to FOLLOWER at term 23 for recognizeCandidate:3d4afc67-c7e5-451f-ad84-7ee4adc2e156
2019-10-16 01:11:22,327 [grpc-default-executor-0] INFO  impl.RaftServerImpl (RaftServerImpl.java:setRole(184)) - 9e106ceb-2e48-4592-baea-5a074ecdeb7f@group-F110391D6AD9: changes role from  FOLLOWER to FOLLOWER at term 23 for recognizeCandidate:3d4afc67-c7e5-451f-ad84-7ee4adc2e156
2019-10-16 01:11:22,327 [grpc-default-executor-3] INFO  impl.RoleInfo (RoleInfo.java:shutdownFollowerState(121)) - bdf1820c-8b54-4379-867f-1e5a509c7465: shutdown FollowerState
2019-10-16 01:11:22,328 [grpc-default-executor-0] INFO  impl.RoleInfo (RoleInfo.java:shutdownFollowerState(121)) - 9e106ceb-2e48-4592-baea-5a074ecdeb7f: shutdown FollowerState
2019-10-16 01:11:22,328 [grpc-default-executor-3] INFO  impl.RoleInfo (RoleInfo.java:updateAndGet(143)) - bdf1820c-8b54-4379-867f-1e5a509c7465: start FollowerState
2019-10-16 01:11:22,328 [Thread-692] INFO  impl.FollowerState (FollowerState.java:run(117)) - bdf1820c-8b54-4379-867f-1e5a509c7465@group-F110391D6AD9-FollowerState was interrupted: java.lang.InterruptedException: sleep interrupted
2019-10-16 01:11:22,328 [Thread-691] INFO  impl.FollowerState (FollowerState.java:run(117)) - 9e106ceb-2e48-4592-baea-5a074ecdeb7f@group-F110391D6AD9-FollowerState was interrupted: java.lang.InterruptedException: sleep interrupted
2019-10-16 01:11:22,328 [grpc-default-executor-0] INFO  impl.RoleInfo (RoleInfo.java:updateAndGet(143)) - 9e106ceb-2e48-4592-baea-5a074ecdeb7f: start FollowerState
2019-10-16 01:11:22,333 [3d4afc67-c7e5-451f-ad84-7ee4adc2e156@group-F110391D6AD9-LeaderElection24] INFO  impl.LeaderElection (LeaderElection.java:logAndReturn(56)) - 3d4afc67-c7e5-451f-ad84-7ee4adc2e156@group-F110391D6AD9-LeaderElection24: Election TIMEOUT; received 0 response(s) [] and 0 exception(s); 3d4afc67-c7e5-451f-ad84-7ee4adc2e156@group-F110391D6AD9:t23, leader=null, voted=3d4afc67-c7e5-451f-ad84-7ee4adc2e156, raftlog=3d4afc67-c7e5-451f-ad84-7ee4adc2e156@group-F110391D6AD9-SegmentedRaftLog:OPENED:c3,f4,i4, conf=0: [9e106ceb-2e48-4592-baea-5a074ecdeb7f:192.168.164.234:46856, 3d4afc67-c7e5-451f-ad84-7ee4adc2e156:192.168.164.234:37554, bdf1820c-8b54-4379-867f-1e5a509c7465:192.168.164.234:34989], old=null
2019-10-16 01:11:22,350 [3d4afc67-c7e5-451f-ad84-7ee4adc2e156@group-F110391D6AD9-LeaderElection24] INFO  impl.LeaderElection (LeaderElection.java:askForVotes(178)) - 3d4afc67-c7e5-451f-ad84-7ee4adc2e156@group-F110391D6AD9-LeaderElection24: begin an election at term 24 for 0: [9e106ceb-2e48-4592-baea-5a074ecdeb7f:192.168.164.234:46856, 3d4afc67-c7e5-451f-ad84-7ee4adc2e156:192.168.164.234:37554, bdf1820c-8b54-4379-867f-1e5a509c7465:192.168.164.234:34989], old=null
2019-10-16 01:11:22,352 [grpc-default-executor-0] INFO  impl.RaftServerImpl (RaftServerImpl.java:setRole(184)) - bdf1820c-8b54-4379-867f-1e5a509c7465@group-F110391D6AD9: changes role from  FOLLOWER to FOLLOWER at term 24 for recognizeCandidate:3d4afc67-c7e5-451f-ad84-7ee4adc2e156
2019-10-16 01:11:22,353 [grpc-default-executor-3] INFO  impl.RaftServerImpl (RaftServerImpl.java:setRole(184)) - 9e106ceb-2e48-4592-baea-5a074ecdeb7f@group-F110391D6AD9: changes role from  FOLLOWER to FOLLOWER at term 24 for recognizeCandidate:3d4afc67-c7e5-451f-ad84-7ee4adc2e156
2019-10-16 01:11:22,353 [grpc-default-executor-0] INFO  impl.RoleInfo (RoleInfo.java:shutdownFollowerState(121)) - bdf1820c-8b54-4379-867f-1e5a509c7465: shutdown FollowerState
2019-10-16 01:11:22,354 [grpc-default-executor-3] INFO  impl.RoleInfo (RoleInfo.java:shutdownFollowerState(121)) - 9e106ceb-2e48-4592-baea-5a074ecdeb7f: shutdown FollowerState
2019-10-16 01:11:22,354 [Thread-697] INFO  impl.FollowerState (FollowerState.java:run(117)) - bdf1820c-8b54-4379-867f-1e5a509c7465@group-F110391D6AD9-FollowerState was interrupted: java.lang.InterruptedException: sleep interrupted
2019-10-16 01:11:22,354 [grpc-default-executor-0] INFO  impl.RoleInfo (RoleInfo.java:updateAndGet(143)) - bdf1820c-8b54-4379-867f-1e5a509c7465: start FollowerState
2019-10-16 01:11:22,354 [Thread-698] INFO  impl.FollowerState (FollowerState.java:run(117)) - 9e106ceb-2e48-4592-baea-5a074ecdeb7f@group-F110391D6AD9-FollowerState was interrupted: java.lang.InterruptedException: sleep interrupted
2019-10-16 01:11:22,354 [grpc-default-executor-3] INFO  impl.RoleInfo (RoleInfo.java:updateAndGet(143)) - 9e106ceb-2e48-4592-baea-5a074ecdeb7f: start FollowerState
2019-10-16 01:11:22,376 [3d4afc67-c7e5-451f-ad84-7ee4adc2e156@group-F110391D6AD9-LeaderElection24] INFO  impl.LeaderElection (LeaderElection.java:logAndReturn(56)) - 3d4afc67-c7e5-451f-ad84-7ee4adc2e156@group-F110391D6AD9-LeaderElection24: Election REJECTED; received 2 response(s) [3d4afc67-c7e5-451f-ad84-7ee4adc2e156<-9e106ceb-2e48-4592-baea-5a074ecdeb7f#0:FAIL-t24, 3d4afc67-c7e5-451f-ad84-7ee4adc2e156<-bdf1820c-8b54-4379-867f-1e5a509c7465#0:FAIL-t24] and 0 exception(s); 3d4afc67-c7e5-451f-ad84-7ee4adc2e156@group-F110391D6AD9:t24, leader=null, voted=3d4afc67-c7e5-451f-ad84-7ee4adc2e156, raftlog=3d4afc67-c7e5-451f-ad84-7ee4adc2e156@group-F110391D6AD9-SegmentedRaftLog:OPENED:c3,f4,i4, conf=0: [9e106ceb-2e48-4592-baea-5a074ecdeb7f:192.168.164.234:46856, 3d4afc67-c7e5-451f-ad84-7ee4adc2e156:192.168.164.234:37554, bdf1820c-8b54-4379-867f-1e5a509c7465:192.168.164.234:34989], old=null
2019-10-16 01:11:22,376 [3d4afc67-c7e5-451f-ad84-7ee4adc2e156@group-F110391D6AD9-LeaderElection24] INFO  impl.RaftServerImpl (RaftServerImpl.java:setRole(184)) - 3d4afc67-c7e5-451f-ad84-7ee4adc2e156@group-F110391D6AD9: changes role from CANDIDATE to FOLLOWER at term 24 for DISCOVERED_A_NEW_TERM
2019-10-16 01:11:22,376 [3d4afc67-c7e5-451f-ad84-7ee4adc2e156@group-F110391D6AD9-LeaderElection24] INFO  impl.RoleInfo (RoleInfo.java:shutdownLeaderElection(134)) - 3d4afc67-c7e5-451f-ad84-7ee4adc2e156: shutdown LeaderElection
2019-10-16 01:11:22,376 [3d4afc67-c7e5-451f-ad84-7ee4adc2e156@group-F110391D6AD9-LeaderElection24] INFO  impl.RoleInfo (RoleInfo.java:updateAndGet(143)) - 3d4afc67-c7e5-451f-ad84-7ee4adc2e156: start FollowerState
2019-10-16 01:11:22,388 [Thread-703] INFO  impl.FollowerState (FollowerState.java:run(108)) - 3d4afc67-c7e5-451f-ad84-7ee4adc2e156@group-F110391D6AD9-FollowerState: change to CANDIDATE, lastRpcTime:11ms, electionTimeout:11ms
2019-10-16 01:11:22,389 [Thread-703] INFO  impl.RoleInfo (RoleInfo.java:shutdownFollowerState(121)) - 3d4afc67-c7e5-451f-ad84-7ee4adc2e156: shutdown FollowerState
2019-10-16 01:11:22,389 [Thread-703] INFO  impl.RaftServerImpl (RaftServerImpl.java:setRole(184)) - 3d4afc67-c7e5-451f-ad84-7ee4adc2e156@group-F110391D6AD9: changes role from  FOLLOWER to CANDIDATE at term 24 for changeToCandidate
2019-10-16 01:11:22,389 [Thread-703] INFO  impl.RoleInfo (RoleInfo.java:updateAndGet(143)) - 3d4afc67-c7e5-451f-ad84-7ee4adc2e156: start LeaderElection
2019-10-16 01:11:22,417 [3d4afc67-c7e5-451f-ad84-7ee4adc2e156@group-F110391D6AD9-LeaderElection25] INFO  impl.LeaderElection (LeaderElection.java:askForVotes(178)) - 3d4afc67-c7e5-451f-ad84-7ee4adc2e156@group-F110391D6AD9-LeaderElection25: begin an election at term 25 for 0: [9e106ceb-2e48-4592-baea-5a074ecdeb7f:192.168.164.234:46856, 3d4afc67-c7e5-451f-ad84-7ee4adc2e156:192.168.164.234:37554, bdf1820c-8b54-4379-867f-1e5a509c7465:192.168.164.234:34989], old=null
2019-10-16 01:11:22,421 [grpc-default-executor-3] INFO  impl.RaftServerImpl (RaftServerImpl.java:setRole(184)) - 9e106ceb-2e48-4592-baea-5a074ecdeb7f@group-F110391D6AD9: changes role from  FOLLOWER to FOLLOWER at term 25 for recognizeCandidate:3d4afc67-c7e5-451f-ad84-7ee4adc2e156
2019-10-16 01:11:22,421 [grpc-default-executor-0] INFO  impl.RaftServerImpl (RaftServerImpl.java:setRole(184)) - bdf1820c-8b54-4379-867f-1e5a509c7465@group-F110391D6AD9: changes role from  FOLLOWER to FOLLOWER at term 25 for recognizeCandidate:3d4afc67-c7e5-451f-ad84-7ee4adc2e156
2019-10-16 01:11:22,421 [grpc-default-executor-3] INFO  impl.RoleInfo (RoleInfo.java:shutdownFollowerState(121)) - 9e106ceb-2e48-4592-baea-5a074ecdeb7f: shutdown FollowerState
2019-10-16 01:11:22,422 [grpc-default-executor-0] INFO  impl.RoleInfo (RoleInfo.java:shutdownFollowerState(121)) - bdf1820c-8b54-4379-867f-1e5a509c7465: shutdown FollowerState
2019-10-16 01:11:22,422 [Thread-702] INFO  impl.FollowerState (FollowerState.java:run(117)) - 9e106ceb-2e48-4592-baea-5a074ecdeb7f@group-F110391D6AD9-FollowerState was interrupted: java.lang.InterruptedException: sleep interrupted
2019-10-16 01:11:22,422 [grpc-default-executor-3] INFO  impl.RoleInfo (RoleInfo.java:updateAndGet(143)) - 9e106ceb-2e48-4592-baea-5a074ecdeb7f: start FollowerState
2019-10-16 01:11:22,422 [Thread-701] INFO  impl.FollowerState (FollowerState.java:run(117)) - bdf1820c-8b54-4379-867f-1e5a509c7465@group-F110391D6AD9-FollowerState was interrupted: java.lang.InterruptedException: sleep interrupted
2019-10-16 01:11:22,422 [grpc-default-executor-0] INFO  impl.RoleInfo (RoleInfo.java:updateAndGet(143)) - bdf1820c-8b54-4379-867f-1e5a509c7465: start FollowerState
2019-10-16 01:11:22,436 [3d4afc67-c7e5-451f-ad84-7ee4adc2e156@group-F110391D6AD9-LeaderElection25] INFO  impl.LeaderElection (LeaderElection.java:logAndReturn(56)) - 3d4afc67-c7e5-451f-ad84-7ee4adc2e156@group-F110391D6AD9-LeaderElection25: Election TIMEOUT; received 0 response(s) [] and 0 exception(s); 3d4afc67-c7e5-451f-ad84-7ee4adc2e156@group-F110391D6AD9:t25, leader=null, voted=3d4afc67-c7e5-451f-ad84-7ee4adc2e156, raftlog=3d4afc67-c7e5-451f-ad84-7ee4adc2e156@group-F110391D6AD9-SegmentedRaftLog:OPENED:c3,f4,i4, conf=0: [9e106ceb-2e48-4592-baea-5a074ecdeb7f:192.168.164.234:46856, 3d4afc67-c7e5-451f-ad84-7ee4adc2e156:192.168.164.234:37554, bdf1820c-8b54-4379-867f-1e5a509c7465:192.168.164.234:34989], old=null
2019-10-16 01:11:22,468 [3d4afc67-c7e5-451f-ad84-7ee4adc2e156@group-F110391D6AD9-LeaderElection25] INFO  impl.LeaderElection (LeaderElection.java:askForVotes(178)) - 3d4afc67-c7e5-451f-ad84-7ee4adc2e156@group-F110391D6AD9-LeaderElection25: begin an election at term 26 for 0: [9e106ceb-2e48-4592-baea-5a074ecdeb7f:192.168.164.234:46856, 3d4afc67-c7e5-451f-ad84-7ee4adc2e156:192.168.164.234:37554, bdf1820c-8b54-4379-867f-1e5a509c7465:192.168.164.234:34989], old=null
2019-10-16 01:11:22,472 [grpc-default-executor-0] INFO  impl.RaftServerImpl (RaftServerImpl.java:setRole(184)) - bdf1820c-8b54-4379-867f-1e5a509c7465@group-F110391D6AD9: changes role from  FOLLOWER to FOLLOWER at term 26 for recognizeCandidate:3d4afc67-c7e5-451f-ad84-7ee4adc2e156
2019-10-16 01:11:22,473 [grpc-default-executor-3] INFO  impl.RaftServerImpl (RaftServerImpl.java:setRole(184)) - 9e106ceb-2e48-4592-baea-5a074ecdeb7f@group-F110391D6AD9: changes role from  FOLLOWER to FOLLOWER at term 26 for recognizeCandidate:3d4afc67-c7e5-451f-ad84-7ee4adc2e156
2019-10-16 01:11:22,473 [grpc-default-executor-3] INFO  impl.RoleInfo (RoleInfo.java:shutdownFollowerState(121)) - 9e106ceb-2e48-4592-baea-5a074ecdeb7f: shutdown FollowerState
2019-10-16 01:11:22,473 [grpc-default-executor-0] INFO  impl.RoleInfo (RoleInfo.java:shutdownFollowerState(121)) - bdf1820c-8b54-4379-867f-1e5a509c7465: shutdown FollowerState
2019-10-16 01:11:22,473 [Thread-707] INFO  impl.FollowerState (FollowerState.java:run(117)) - 9e106ceb-2e48-4592-baea-5a074ecdeb7f@group-F110391D6AD9-FollowerState was interrupted: java.lang.InterruptedException: sleep interrupted
2019-10-16 01:11:22,473 [grpc-default-executor-3] INFO  impl.RoleInfo (RoleInfo.java:updateAndGet(143)) - 9e106ceb-2e48-4592-baea-5a074ecdeb7f: start FollowerState
2019-10-16 01:11:22,473 [grpc-default-executor-0] INFO  impl.RoleInfo (RoleInfo.java:updateAndGet(143)) - bdf1820c-8b54-4379-867f-1e5a509c7465: start FollowerState
2019-10-16 01:11:22,473 [Thread-708] INFO  impl.FollowerState (FollowerState.java:run(117)) - bdf1820c-8b54-4379-867f-1e5a509c7465@group-F110391D6AD9-FollowerState was interrupted: java.lang.InterruptedException: sleep interrupted
2019-10-16 01:11:22,503 [3d4afc67-c7e5-451f-ad84-7ee4adc2e156@group-F110391D6AD9-LeaderElection25] INFO  impl.LeaderElection (LeaderElection.java:logAndReturn(56)) - 3d4afc67-c7e5-451f-ad84-7ee4adc2e156@group-F110391D6AD9-LeaderElection25: Election REJECTED; received 2 response(s) [3d4afc67-c7e5-451f-ad84-7ee4adc2e156<-9e106ceb-2e48-4592-baea-5a074ecdeb7f#0:FAIL-t26, 3d4afc67-c7e5-451f-ad84-7ee4adc2e156<-bdf1820c-8b54-4379-867f-1e5a509c7465#0:FAIL-t26] and 0 exception(s); 3d4afc67-c7e5-451f-ad84-7ee4adc2e156@group-F110391D6AD9:t26, leader=null, voted=3d4afc67-c7e5-451f-ad84-7ee4adc2e156, raftlog=3d4afc67-c7e5-451f-ad84-7ee4adc2e156@group-F110391D6AD9-SegmentedRaftLog:OPENED:c3,f4,i4, conf=0: [9e106ceb-2e48-4592-baea-5a074ecdeb7f:192.168.164.234:46856, 3d4afc67-c7e5-451f-ad84-7ee4adc2e156:192.168.164.234:37554, bdf1820c-8b54-4379-867f-1e5a509c7465:192.168.164.234:34989], old=null
2019-10-16 01:11:22,503 [3d4afc67-c7e5-451f-ad84-7ee4adc2e156@group-F110391D6AD9-LeaderElection25] INFO  impl.RaftServerImpl (RaftServerImpl.java:setRole(184)) - 3d4afc67-c7e5-451f-ad84-7ee4adc2e156@group-F110391D6AD9: changes role from CANDIDATE to FOLLOWER at term 26 for DISCOVERED_A_NEW_TERM
2019-10-16 01:11:22,503 [3d4afc67-c7e5-451f-ad84-7ee4adc2e156@group-F110391D6AD9-LeaderElection25] INFO  impl.RoleInfo (RoleInfo.java:shutdownLeaderElection(134)) - 3d4afc67-c7e5-451f-ad84-7ee4adc2e156: shutdown LeaderElection
2019-10-16 01:11:22,503 [3d4afc67-c7e5-451f-ad84-7ee4adc2e156@group-F110391D6AD9-LeaderElection25] INFO  impl.RoleInfo (RoleInfo.java:updateAndGet(143)) - 3d4afc67-c7e5-451f-ad84-7ee4adc2e156: start FollowerState
2019-10-16 01:11:22,611 [Thread-713] INFO  impl.FollowerState (FollowerState.java:run(108)) - 3d4afc67-c7e5-451f-ad84-7ee4adc2e156@group-F110391D6AD9-FollowerState: change to CANDIDATE, lastRpcTime:107ms, electionTimeout:107ms
2019-10-16 01:11:22,612 [Thread-713] INFO  impl.RoleInfo (RoleInfo.java:shutdownFollowerState(121)) - 3d4afc67-c7e5-451f-ad84-7ee4adc2e156: shutdown FollowerState
2019-10-16 01:11:22,612 [Thread-713] INFO  impl.RaftServerImpl (RaftServerImpl.java:setRole(184)) - 3d4afc67-c7e5-451f-ad84-7ee4adc2e156@group-F110391D6AD9: changes role from  FOLLOWER to CANDIDATE at term 26 for changeToCandidate
2019-10-16 01:11:22,612 [Thread-713] INFO  impl.RoleInfo (RoleInfo.java:updateAndGet(143)) - 3d4afc67-c7e5-451f-ad84-7ee4adc2e156: start LeaderElection
2019-10-16 01:11:22,635 [3d4afc67-c7e5-451f-ad84-7ee4adc2e156@group-F110391D6AD9-LeaderElection26] INFO  impl.LeaderElection (LeaderElection.java:askForVotes(178)) - 3d4afc67-c7e5-451f-ad84-7ee4adc2e156@group-F110391D6AD9-LeaderElection26: begin an election at term 27 for 0: [9e106ceb-2e48-4592-baea-5a074ecdeb7f:192.168.164.234:46856, 3d4afc67-c7e5-451f-ad84-7ee4adc2e156:192.168.164.234:37554, bdf1820c-8b54-4379-867f-1e5a509c7465:192.168.164.234:34989], old=null
2019-10-16 01:11:22,638 [grpc-default-executor-0] INFO  impl.RaftServerImpl (RaftServerImpl.java:setRole(184)) - bdf1820c-8b54-4379-867f-1e5a509c7465@group-F110391D6AD9: changes role from  FOLLOWER to FOLLOWER at term 27 for recognizeCandidate:3d4afc67-c7e5-451f-ad84-7ee4adc2e156
2019-10-16 01:11:22,639 [grpc-default-executor-3] INFO  impl.RaftServerImpl (RaftServerImpl.java:setRole(184)) - 9e106ceb-2e48-4592-baea-5a074ecdeb7f@group-F110391D6AD9: changes role from  FOLLOWER to FOLLOWER at term 27 for recognizeCandidate:3d4afc67-c7e5-451f-ad84-7ee4adc2e156
2019-10-16 01:11:22,639 [grpc-default-executor-0] INFO  impl.RoleInfo (RoleInfo.java:shutdownFollowerState(121)) - bdf1820c-8b54-4379-867f-1e5a509c7465: shutdown FollowerState
2019-10-16 01:11:22,639 [grpc-default-executor-3] INFO  impl.RoleInfo (RoleInfo.java:shutdownFollowerState(121)) - 9e106ceb-2e48-4592-baea-5a074ecdeb7f: shutdown FollowerState
2019-10-16 01:11:22,639 [Thread-712] INFO  impl.FollowerState (FollowerState.java:run(117)) - bdf1820c-8b54-4379-867f-1e5a509c7465@group-F110391D6AD9-FollowerState was interrupted: java.lang.InterruptedException: sleep interrupted
2019-10-16 01:11:22,639 [Thread-711] INFO  impl.FollowerState (FollowerState.java:run(117)) - 9e106ceb-2e48-4592-baea-5a074ecdeb7f@group-F110391D6AD9-FollowerState was interrupted: java.lang.InterruptedException: sleep interrupted
2019-10-16 01:11:22,639 [grpc-default-executor-0] INFO  impl.RoleInfo (RoleInfo.java:updateAndGet(143)) - bdf1820c-8b54-4379-867f-1e5a509c7465: start FollowerState
2019-10-16 01:11:22,639 [grpc-default-executor-3] INFO  impl.RoleInfo (RoleInfo.java:updateAndGet(143)) - 9e106ceb-2e48-4592-baea-5a074ecdeb7f: start FollowerState
2019-10-16 01:11:22,654 [3d4afc67-c7e5-451f-ad84-7ee4adc2e156@group-F110391D6AD9-LeaderElection26] INFO  impl.LeaderElection (LeaderElection.java:logAndReturn(56)) - 3d4afc67-c7e5-451f-ad84-7ee4adc2e156@group-F110391D6AD9-LeaderElection26: Election REJECTED; received 2 response(s) [3d4afc67-c7e5-451f-ad84-7ee4adc2e156<-9e106ceb-2e48-4592-baea-5a074ecdeb7f#0:FAIL-t27, 3d4afc67-c7e5-451f-ad84-7ee4adc2e156<-bdf1820c-8b54-4379-867f-1e5a509c7465#0:FAIL-t27] and 0 exception(s); 3d4afc67-c7e5-451f-ad84-7ee4adc2e156@group-F110391D6AD9:t27, leader=null, voted=3d4afc67-c7e5-451f-ad84-7ee4adc2e156, raftlog=3d4afc67-c7e5-451f-ad84-7ee4adc2e156@group-F110391D6AD9-SegmentedRaftLog:OPENED:c3,f4,i4, conf=0: [9e106ceb-2e48-4592-baea-5a074ecdeb7f:192.168.164.234:46856, 3d4afc67-c7e5-451f-ad84-7ee4adc2e156:192.168.164.234:37554, bdf1820c-8b54-4379-867f-1e5a509c7465:192.168.164.234:34989], old=null
2019-10-16 01:11:22,655 [3d4afc67-c7e5-451f-ad84-7ee4adc2e156@group-F110391D6AD9-LeaderElection26] INFO  impl.RaftServerImpl (RaftServerImpl.java:setRole(184)) - 3d4afc67-c7e5-451f-ad84-7ee4adc2e156@group-F110391D6AD9: changes role from CANDIDATE to FOLLOWER at term 27 for DISCOVERED_A_NEW_TERM
2019-10-16 01:11:22,655 [3d4afc67-c7e5-451f-ad84-7ee4adc2e156@group-F110391D6AD9-LeaderElection26] INFO  impl.RoleInfo (RoleInfo.java:shutdownLeaderElection(134)) - 3d4afc67-c7e5-451f-ad84-7ee4adc2e156: shutdown LeaderElection
2019-10-16 01:11:22,655 [3d4afc67-c7e5-451f-ad84-7ee4adc2e156@group-F110391D6AD9-LeaderElection26] INFO  impl.RoleInfo (RoleInfo.java:updateAndGet(143)) - 3d4afc67-c7e5-451f-ad84-7ee4adc2e156: start FollowerState
2019-10-16 01:11:22,837 [Thread-719] INFO  impl.FollowerState (FollowerState.java:run(108)) - 3d4afc67-c7e5-451f-ad84-7ee4adc2e156@group-F110391D6AD9-FollowerState: change to CANDIDATE, lastRpcTime:182ms, electionTimeout:182ms
2019-10-16 01:11:22,839 [Thread-719] INFO  impl.RoleInfo (RoleInfo.java:shutdownFollowerState(121)) - 3d4afc67-c7e5-451f-ad84-7ee4adc2e156: shutdown FollowerState
2019-10-16 01:11:22,839 [Thread-719] INFO  impl.RaftServerImpl (RaftServerImpl.java:setRole(184)) - 3d4afc67-c7e5-451f-ad84-7ee4adc2e156@group-F110391D6AD9: changes role from  FOLLOWER to CANDIDATE at term 27 for changeToCandidate
2019-10-16 01:11:22,839 [Thread-719] INFO  impl.RoleInfo (RoleInfo.java:updateAndGet(143)) - 3d4afc67-c7e5-451f-ad84-7ee4adc2e156: start LeaderElection
2019-10-16 01:11:22,861 [BlockDeletingService#2] WARN  background.BlockDeletingService (BlockDeletingService.java:isDeletionAllowed(187)) - Close Container log Index 6 is not replicated across allthe servers in the pipeline 795bca3c-2629-405f-a5d8-f110391d6ad9 as the min replicated index is 4. Deletion is not allowed in this container yet.
2019-10-16 01:11:22,861 [BlockDeletingService#2] WARN  background.BlockDeletingService (BlockDeletingService.java:isDeletionAllowed(187)) - Close Container log Index 6 is not replicated across allthe servers in the pipeline 795bca3c-2629-405f-a5d8-f110391d6ad9 as the min replicated index is 4. Deletion is not allowed in this container yet.
2019-10-16 01:11:22,871 [3d4afc67-c7e5-451f-ad84-7ee4adc2e156@group-F110391D6AD9-LeaderElection27] INFO  impl.LeaderElection (LeaderElection.java:askForVotes(178)) - 3d4afc67-c7e5-451f-ad84-7ee4adc2e156@group-F110391D6AD9-LeaderElection27: begin an election at term 28 for 0: [9e106ceb-2e48-4592-baea-5a074ecdeb7f:192.168.164.234:46856, 3d4afc67-c7e5-451f-ad84-7ee4adc2e156:192.168.164.234:37554, bdf1820c-8b54-4379-867f-1e5a509c7465:192.168.164.234:34989], old=null
2019-10-16 01:11:22,874 [grpc-default-executor-3] INFO  impl.RaftServerImpl (RaftServerImpl.java:setRole(184)) - bdf1820c-8b54-4379-867f-1e5a509c7465@group-F110391D6AD9: changes role from  FOLLOWER to FOLLOWER at term 28 for recognizeCandidate:3d4afc67-c7e5-451f-ad84-7ee4adc2e156
2019-10-16 01:11:22,874 [grpc-default-executor-0] INFO  impl.RaftServerImpl (RaftServerImpl.java:setRole(184)) - 9e106ceb-2e48-4592-baea-5a074ecdeb7f@group-F110391D6AD9: changes role from  FOLLOWER to FOLLOWER at term 28 for recognizeCandidate:3d4afc67-c7e5-451f-ad84-7ee4adc2e156
2019-10-16 01:11:22,874 [grpc-default-executor-3] INFO  impl.RoleInfo (RoleInfo.java:shutdownFollowerState(121)) - bdf1820c-8b54-4379-867f-1e5a509c7465: shutdown FollowerState
2019-10-16 01:11:22,874 [grpc-default-executor-0] INFO  impl.RoleInfo (RoleInfo.java:shutdownFollowerState(121)) - 9e106ceb-2e48-4592-baea-5a074ecdeb7f: shutdown FollowerState
2019-10-16 01:11:22,875 [Thread-717] INFO  impl.FollowerState (FollowerState.java:run(117)) - bdf1820c-8b54-4379-867f-1e5a509c7465@group-F110391D6AD9-FollowerState was interrupted: java.lang.InterruptedException: sleep interrupted
2019-10-16 01:11:22,875 [grpc-default-executor-3] INFO  impl.RoleInfo (RoleInfo.java:updateAndGet(143)) - bdf1820c-8b54-4379-867f-1e5a509c7465: start FollowerState
2019-10-16 01:11:22,875 [Thread-718] INFO  impl.FollowerState (FollowerState.java:run(117)) - 9e106ceb-2e48-4592-baea-5a074ecdeb7f@group-F110391D6AD9-FollowerState was interrupted: java.lang.InterruptedException: sleep interrupted
2019-10-16 01:11:22,875 [grpc-default-executor-0] INFO  impl.RoleInfo (RoleInfo.java:updateAndGet(143)) - 9e106ceb-2e48-4592-baea-5a074ecdeb7f: start FollowerState
2019-10-16 01:11:22,906 [3d4afc67-c7e5-451f-ad84-7ee4adc2e156@group-F110391D6AD9-LeaderElection27] INFO  impl.LeaderElection (LeaderElection.java:logAndReturn(56)) - 3d4afc67-c7e5-451f-ad84-7ee4adc2e156@group-F110391D6AD9-LeaderElection27: Election REJECTED; received 2 response(s) [3d4afc67-c7e5-451f-ad84-7ee4adc2e156<-9e106ceb-2e48-4592-baea-5a074ecdeb7f#0:FAIL-t28, 3d4afc67-c7e5-451f-ad84-7ee4adc2e156<-bdf1820c-8b54-4379-867f-1e5a509c7465#0:FAIL-t28] and 0 exception(s); 3d4afc67-c7e5-451f-ad84-7ee4adc2e156@group-F110391D6AD9:t28, leader=null, voted=3d4afc67-c7e5-451f-ad84-7ee4adc2e156, raftlog=3d4afc67-c7e5-451f-ad84-7ee4adc2e156@group-F110391D6AD9-SegmentedRaftLog:OPENED:c3,f4,i4, conf=0: [9e106ceb-2e48-4592-baea-5a074ecdeb7f:192.168.164.234:46856, 3d4afc67-c7e5-451f-ad84-7ee4adc2e156:192.168.164.234:37554, bdf1820c-8b54-4379-867f-1e5a509c7465:192.168.164.234:34989], old=null
2019-10-16 01:11:22,906 [3d4afc67-c7e5-451f-ad84-7ee4adc2e156@group-F110391D6AD9-LeaderElection27] INFO  impl.RaftServerImpl (RaftServerImpl.java:setRole(184)) - 3d4afc67-c7e5-451f-ad84-7ee4adc2e156@group-F110391D6AD9: changes role from CANDIDATE to FOLLOWER at term 28 for DISCOVERED_A_NEW_TERM
2019-10-16 01:11:22,906 [3d4afc67-c7e5-451f-ad84-7ee4adc2e156@group-F110391D6AD9-LeaderElection27] INFO  impl.RoleInfo (RoleInfo.java:shutdownLeaderElection(134)) - 3d4afc67-c7e5-451f-ad84-7ee4adc2e156: shutdown LeaderElection
2019-10-16 01:11:22,906 [3d4afc67-c7e5-451f-ad84-7ee4adc2e156@group-F110391D6AD9-LeaderElection27] INFO  impl.RoleInfo (RoleInfo.java:updateAndGet(143)) - 3d4afc67-c7e5-451f-ad84-7ee4adc2e156: start FollowerState
2019-10-16 01:11:22,975 [Thread-727] INFO  impl.FollowerState (FollowerState.java:run(108)) - 3d4afc67-c7e5-451f-ad84-7ee4adc2e156@group-F110391D6AD9-FollowerState: change to CANDIDATE, lastRpcTime:68ms, electionTimeout:68ms
2019-10-16 01:11:22,976 [Thread-727] INFO  impl.RoleInfo (RoleInfo.java:shutdownFollowerState(121)) - 3d4afc67-c7e5-451f-ad84-7ee4adc2e156: shutdown FollowerState
2019-10-16 01:11:22,976 [Thread-727] INFO  impl.RaftServerImpl (RaftServerImpl.java:setRole(184)) - 3d4afc67-c7e5-451f-ad84-7ee4adc2e156@group-F110391D6AD9: changes role from  FOLLOWER to CANDIDATE at term 28 for changeToCandidate
2019-10-16 01:11:22,976 [Thread-727] INFO  impl.RoleInfo (RoleInfo.java:updateAndGet(143)) - 3d4afc67-c7e5-451f-ad84-7ee4adc2e156: start LeaderElection
2019-10-16 01:11:22,992 [EventQueue-PendingDeleteStatusForPendingDeleteHandler] INFO  block.SCMBlockDeletingService (SCMBlockDeletingService.java:handlePendingDeletes(115)) - Block deletion txnID mismatch in datanode 3d4afc67-c7e5-451f-ad84-7ee4adc2e156 for containerID 1. Datanode delete txnID: 0, SCM txnID: 1
2019-10-16 01:11:23,006 [3d4afc67-c7e5-451f-ad84-7ee4adc2e156@group-F110391D6AD9-LeaderElection28] INFO  impl.LeaderElection (LeaderElection.java:askForVotes(178)) - 3d4afc67-c7e5-451f-ad84-7ee4adc2e156@group-F110391D6AD9-LeaderElection28: begin an election at term 29 for 0: [9e106ceb-2e48-4592-baea-5a074ecdeb7f:192.168.164.234:46856, 3d4afc67-c7e5-451f-ad84-7ee4adc2e156:192.168.164.234:37554, bdf1820c-8b54-4379-867f-1e5a509c7465:192.168.164.234:34989], old=null
2019-10-16 01:11:23,010 [grpc-default-executor-3] INFO  impl.RaftServerImpl (RaftServerImpl.java:setRole(184)) - 9e106ceb-2e48-4592-baea-5a074ecdeb7f@group-F110391D6AD9: changes role from  FOLLOWER to FOLLOWER at term 29 for recognizeCandidate:3d4afc67-c7e5-451f-ad84-7ee4adc2e156
2019-10-16 01:11:23,010 [grpc-default-executor-0] INFO  impl.RaftServerImpl (RaftServerImpl.java:setRole(184)) - bdf1820c-8b54-4379-867f-1e5a509c7465@group-F110391D6AD9: changes role from  FOLLOWER to FOLLOWER at term 29 for recognizeCandidate:3d4afc67-c7e5-451f-ad84-7ee4adc2e156
2019-10-16 01:11:23,010 [grpc-default-executor-3] INFO  impl.RoleInfo (RoleInfo.java:shutdownFollowerState(121)) - 9e106ceb-2e48-4592-baea-5a074ecdeb7f: shutdown FollowerState
2019-10-16 01:11:23,010 [grpc-default-executor-0] INFO  impl.RoleInfo (RoleInfo.java:shutdownFollowerState(121)) - bdf1820c-8b54-4379-867f-1e5a509c7465: shutdown FollowerState
2019-10-16 01:11:23,011 [Thread-726] INFO  impl.FollowerState (FollowerState.java:run(117)) - 9e106ceb-2e48-4592-baea-5a074ecdeb7f@group-F110391D6AD9-FollowerState was interrupted: java.lang.InterruptedException: sleep interrupted
2019-10-16 01:11:23,011 [grpc-default-executor-3] INFO  impl.RoleInfo (RoleInfo.java:updateAndGet(143)) - 9e106ceb-2e48-4592-baea-5a074ecdeb7f: start FollowerState
2019-10-16 01:11:23,012 [grpc-default-executor-6] INFO  impl.RaftServerProxy (RaftServerProxy.java:addNew(89)) - 3d4afc67-c7e5-451f-ad84-7ee4adc2e156: addNew group-B0A1270BD084:[3d4afc67-c7e5-451f-ad84-7ee4adc2e156:192.168.164.234:37554] returns group-B0A1270BD084:java.util.concurrent.CompletableFuture@1b7ee3ef[Not completed]
2019-10-16 01:11:23,012 [Thread-725] INFO  impl.FollowerState (FollowerState.java:run(117)) - bdf1820c-8b54-4379-867f-1e5a509c7465@group-F110391D6AD9-FollowerState was interrupted: java.lang.InterruptedException: sleep interrupted
2019-10-16 01:11:23,012 [grpc-default-executor-0] INFO  impl.RoleInfo (RoleInfo.java:updateAndGet(143)) - bdf1820c-8b54-4379-867f-1e5a509c7465: start FollowerState
2019-10-16 01:11:23,015 [pool-59-thread-1] INFO  impl.RaftServerImpl (RaftServerImpl.java:<init>(104)) - 3d4afc67-c7e5-451f-ad84-7ee4adc2e156: new RaftServerImpl for group-B0A1270BD084:[3d4afc67-c7e5-451f-ad84-7ee4adc2e156:192.168.164.234:37554] with ContainerStateMachine:uninitialized
2019-10-16 01:11:23,015 [pool-59-thread-1] INFO  server.RaftServerConfigKeys (ConfUtils.java:logGet(43)) - raft.server.rpc.timeout.min = 5s (custom)
2019-10-16 01:11:23,015 [pool-59-thread-1] INFO  server.RaftServerConfigKeys (ConfUtils.java:logGet(43)) - raft.server.rpc.timeout.max = 5200ms (custom)
2019-10-16 01:11:23,015 [pool-59-thread-1] INFO  server.RaftServerConfigKeys (ConfUtils.java:logGet(43)) - raft.server.rpcslowness.timeout = 1000s (custom)
2019-10-16 01:11:23,015 [pool-59-thread-1] INFO  server.RaftServerConfigKeys (ConfUtils.java:logGet(43)) - raft.server.sleep.deviation.threshold = 300 (default)
2019-10-16 01:11:23,015 [pool-59-thread-1] INFO  server.RaftServerConfigKeys (ConfUtils.java:logGet(43)) - raft.server.log.appender.install.snapshot.enabled = false (custom)
2019-10-16 01:11:23,015 [pool-59-thread-1] INFO  impl.RaftServerImpl (ServerState.java:<init>(103)) - 3d4afc67-c7e5-451f-ad84-7ee4adc2e156@group-B0A1270BD084: ConfigurationManager, init=-1: [3d4afc67-c7e5-451f-ad84-7ee4adc2e156:192.168.164.234:37554], old=null, confs=<EMPTY_MAP>
2019-10-16 01:11:23,016 [pool-59-thread-1] INFO  server.RaftServerConfigKeys (ConfUtils.java:logGet(43)) - raft.server.storage.dir = [/workdir/hadoop-ozone/integration-test/target/test-dir/MiniOzoneClusterImpl-6aea6efb-0017-4071-a4af-b72efaa63b28/datanode-2/data/ratis] (custom)
2019-10-16 01:11:23,016 [pool-59-thread-1] INFO  server.RaftServerConfigKeys (ConfUtils.java:logGet(43)) - raft.server.log.corruption.policy = EXCEPTION (default)
2019-10-16 01:11:23,016 [pool-59-thread-1] INFO  storage.RaftStorageDirectory (RaftStorageDirectory.java:analyzeStorage(246)) - The storage directory /workdir/hadoop-ozone/integration-test/target/test-dir/MiniOzoneClusterImpl-6aea6efb-0017-4071-a4af-b72efaa63b28/datanode-2/data/ratis/790a4bec-3317-4251-a1e3-b0a1270bd084 does not exist. Creating ...
2019-10-16 01:11:23,038 [pool-59-thread-1] INFO  storage.RaftStorageDirectory (RaftStorageDirectory.java:tryLock(328)) - Lock on /workdir/hadoop-ozone/integration-test/target/test-dir/MiniOzoneClusterImpl-6aea6efb-0017-4071-a4af-b72efaa63b28/datanode-2/data/ratis/790a4bec-3317-4251-a1e3-b0a1270bd084/in_use.lock acquired by nodename 10455@pr-hdds-1985-wgmpk-2951460010
2019-10-16 01:11:23,040 [3d4afc67-c7e5-451f-ad84-7ee4adc2e156@group-F110391D6AD9-LeaderElection28] INFO  impl.LeaderElection (LeaderElection.java:logAndReturn(56)) - 3d4afc67-c7e5-451f-ad84-7ee4adc2e156@group-F110391D6AD9-LeaderElection28: Election REJECTED; received 2 response(s) [3d4afc67-c7e5-451f-ad84-7ee4adc2e156<-9e106ceb-2e48-4592-baea-5a074ecdeb7f#0:FAIL-t29, 3d4afc67-c7e5-451f-ad84-7ee4adc2e156<-bdf1820c-8b54-4379-867f-1e5a509c7465#0:FAIL-t29] and 0 exception(s); 3d4afc67-c7e5-451f-ad84-7ee4adc2e156@group-F110391D6AD9:t29, leader=null, voted=3d4afc67-c7e5-451f-ad84-7ee4adc2e156, raftlog=3d4afc67-c7e5-451f-ad84-7ee4adc2e156@group-F110391D6AD9-SegmentedRaftLog:OPENED:c3,f4,i4, conf=0: [9e106ceb-2e48-4592-baea-5a074ecdeb7f:192.168.164.234:46856, 3d4afc67-c7e5-451f-ad84-7ee4adc2e156:192.168.164.234:37554, bdf1820c-8b54-4379-867f-1e5a509c7465:192.168.164.234:34989], old=null
2019-10-16 01:11:23,040 [3d4afc67-c7e5-451f-ad84-7ee4adc2e156@group-F110391D6AD9-LeaderElection28] INFO  impl.RaftServerImpl (RaftServerImpl.java:setRole(184)) - 3d4afc67-c7e5-451f-ad84-7ee4adc2e156@group-F110391D6AD9: changes role from CANDIDATE to FOLLOWER at term 29 for DISCOVERED_A_NEW_TERM
2019-10-16 01:11:23,040 [3d4afc67-c7e5-451f-ad84-7ee4adc2e156@group-F110391D6AD9-LeaderElection28] INFO  impl.RoleInfo (RoleInfo.java:shutdownLeaderElection(134)) - 3d4afc67-c7e5-451f-ad84-7ee4adc2e156: shutdown LeaderElection
2019-10-16 01:11:23,040 [3d4afc67-c7e5-451f-ad84-7ee4adc2e156@group-F110391D6AD9-LeaderElection28] INFO  impl.RoleInfo (RoleInfo.java:updateAndGet(143)) - 3d4afc67-c7e5-451f-ad84-7ee4adc2e156: start FollowerState
2019-10-16 01:11:23,064 [pool-59-thread-1] INFO  storage.RaftStorage (RaftStorage.java:format(84)) - Storage directory /workdir/hadoop-ozone/integration-test/target/test-dir/MiniOzoneClusterImpl-6aea6efb-0017-4071-a4af-b72efaa63b28/datanode-2/data/ratis/790a4bec-3317-4251-a1e3-b0a1270bd084 has been successfully formatted.
2019-10-16 01:11:23,066 [pool-59-thread-1] INFO  ratis.ContainerStateMachine (ContainerStateMachine.java:loadSnapshot(231)) - group-B0A1270BD084: The snapshot info is null. Setting the last applied indexto:(t:0, i:~)
2019-10-16 01:11:23,066 [pool-59-thread-1] INFO  server.RaftServerConfigKeys (ConfUtils.java:logGet(43)) - raft.server.notification.no-leader.timeout = 1000s (custom)
2019-10-16 01:11:23,066 [pool-59-thread-1] INFO  server.RaftServerConfigKeys (ConfUtils.java:logGet(43)) - raft.server.log.use.memory = false (default)
2019-10-16 01:11:23,067 [pool-59-thread-1] INFO  server.RaftServerConfigKeys (ConfUtils.java:logGet(43)) - raft.server.log.purge.gap = 1000000 (custom)
2019-10-16 01:11:23,067 [pool-59-thread-1] INFO  server.RaftServerConfigKeys (ConfUtils.java:logGet(43)) - raft.server.log.appender.buffer.byte-limit = 33554432 (custom)
2019-10-16 01:11:23,067 [pool-59-thread-1] INFO  server.RaftServerConfigKeys (ConfUtils.java:logGet(43)) - raft.server.log.segment.size.max = 1048576 (custom)
2019-10-16 01:11:23,067 [pool-59-thread-1] INFO  server.RaftServerConfigKeys (ConfUtils.java:logGet(43)) - raft.server.log.segment.cache.num.max = 2 (custom)
2019-10-16 01:11:23,068 [pool-59-thread-1] INFO  segmented.SegmentedRaftLogWorker (SegmentedRaftLogWorker.java:<init>(173)) - new 3d4afc67-c7e5-451f-ad84-7ee4adc2e156@group-B0A1270BD084-SegmentedRaftLogWorker for RaftStorage:Storage Directory /workdir/hadoop-ozone/integration-test/target/test-dir/MiniOzoneClusterImpl-6aea6efb-0017-4071-a4af-b72efaa63b28/datanode-2/data/ratis/790a4bec-3317-4251-a1e3-b0a1270bd084
2019-10-16 01:11:23,068 [pool-59-thread-1] INFO  server.RaftServerConfigKeys (ConfUtils.java:logGet(43)) - raft.server.log.queue.byte-limit = 2147483647 (custom)
2019-10-16 01:11:23,068 [pool-59-thread-1] INFO  server.RaftServerConfigKeys (ConfUtils.java:logGet(43)) - raft.server.log.queue.element-limit = 1024 (custom)
2019-10-16 01:11:23,068 [pool-59-thread-1] INFO  server.RaftServerConfigKeys (ConfUtils.java:logGet(43)) - raft.server.log.segment.size.max = 1048576 (custom)
2019-10-16 01:11:23,068 [pool-59-thread-1] INFO  server.RaftServerConfigKeys (ConfUtils.java:logGet(43)) - raft.server.log.preallocated.size = 16384 (custom)
2019-10-16 01:11:23,068 [pool-59-thread-1] INFO  server.RaftServerConfigKeys (ConfUtils.java:logGet(43)) - raft.server.log.write.buffer.size = 33554432 (custom)
2019-10-16 01:11:23,068 [pool-59-thread-1] INFO  server.RaftServerConfigKeys (ConfUtils.java:logGet(43)) - raft.server.log.force.sync.num = 128 (default)
2019-10-16 01:11:23,069 [pool-59-thread-1] INFO  server.RaftServerConfigKeys (ConfUtils.java:logGet(43)) - raft.server.log.statemachine.data.sync = true (default)
2019-10-16 01:11:23,069 [pool-59-thread-1] INFO  server.RaftServerConfigKeys (ConfUtils.java:logGet(43)) - raft.server.log.statemachine.data.sync.timeout = 10s (default)
2019-10-16 01:11:23,069 [pool-59-thread-1] INFO  server.RaftServerConfigKeys (ConfUtils.java:logGet(43)) - raft.server.log.statemachine.data.sync.timeout.retry = -1 (default)
2019-10-16 01:11:23,069 [pool-59-thread-1] INFO  server.RaftServerConfigKeys (ConfUtils.java:logGet(43)) - raft.server.log.statemachine.data.caching.enabled = true (custom)
2019-10-16 01:11:23,070 [pool-59-thread-1] INFO  segmented.SegmentedRaftLogWorker (SegmentedRaftLogWorker.java:lambda$new$0(128)) - 3d4afc67-c7e5-451f-ad84-7ee4adc2e156@group-B0A1270BD084-SegmentedRaftLogWorker: flushIndex: setUnconditionally 0 -> -1
2019-10-16 01:11:23,070 [pool-59-thread-1] INFO  server.RaftServerConfigKeys (ConfUtils.java:logGet(43)) - raft.server.snapshot.auto.trigger.enabled = true (custom)
2019-10-16 01:11:23,070 [pool-59-thread-1] INFO  server.RaftServerConfigKeys (ConfUtils.java:logGet(43)) - raft.server.snapshot.auto.trigger.threshold = 10000 (custom)
2019-10-16 01:11:23,070 [pool-59-thread-1] INFO  server.RaftServerConfigKeys (ConfUtils.java:logGet(43)) - raft.server.snapshot.retention.file.num = 5 (custom)
2019-10-16 01:11:23,071 [pool-59-thread-1] INFO  server.RaftServerConfigKeys (ConfUtils.java:logGet(43)) - raft.server.retrycache.expirytime = 600000ms (custom)
2019-10-16 01:11:23,074 [pool-59-thread-1] INFO  impl.RaftServerImpl (RaftServerImpl.java:start(195)) - 3d4afc67-c7e5-451f-ad84-7ee4adc2e156@group-B0A1270BD084: start as a follower, conf=-1: [3d4afc67-c7e5-451f-ad84-7ee4adc2e156:192.168.164.234:37554], old=null
2019-10-16 01:11:23,074 [pool-59-thread-1] INFO  impl.RaftServerImpl (RaftServerImpl.java:setRole(184)) - 3d4afc67-c7e5-451f-ad84-7ee4adc2e156@group-B0A1270BD084: changes role from      null to FOLLOWER at term 0 for startAsFollower
2019-10-16 01:11:23,075 [pool-59-thread-1] INFO  impl.RoleInfo (RoleInfo.java:updateAndGet(143)) - 3d4afc67-c7e5-451f-ad84-7ee4adc2e156: start FollowerState
2019-10-16 01:11:23,075 [pool-59-thread-1] INFO  util.JmxRegister (JmxRegister.java:tryRegister(44)) - Successfully registered JMX Bean with object name Ratis:service=RaftServer,group=group-B0A1270BD084,id=3d4afc67-c7e5-451f-ad84-7ee4adc2e156
2019-10-16 01:11:23,083 [RatisPipelineUtilsThread] INFO  pipeline.PipelineStateManager (PipelineStateManager.java:addPipeline(56)) - Created pipeline Pipeline[ Id: 790a4bec-3317-4251-a1e3-b0a1270bd084, Nodes: 3d4afc67-c7e5-451f-ad84-7ee4adc2e156{ip: 192.168.164.234, host: pr-hdds-1985-wgmpk-2951460010, networkLocation: /default-rack, certSerialId: null}, Type:RATIS, Factor:ONE, State:OPEN]
2019-10-16 01:11:23,085 [Thread-735] INFO  impl.FollowerState (FollowerState.java:run(108)) - 3d4afc67-c7e5-451f-ad84-7ee4adc2e156@group-F110391D6AD9-FollowerState: change to CANDIDATE, lastRpcTime:44ms, electionTimeout:44ms
2019-10-16 01:11:23,085 [Thread-735] INFO  impl.RoleInfo (RoleInfo.java:shutdownFollowerState(121)) - 3d4afc67-c7e5-451f-ad84-7ee4adc2e156: shutdown FollowerState
2019-10-16 01:11:23,085 [Thread-735] INFO  impl.RaftServerImpl (RaftServerImpl.java:setRole(184)) - 3d4afc67-c7e5-451f-ad84-7ee4adc2e156@group-F110391D6AD9: changes role from  FOLLOWER to CANDIDATE at term 29 for changeToCandidate
2019-10-16 01:11:23,085 [Thread-735] INFO  impl.RoleInfo (RoleInfo.java:updateAndGet(143)) - 3d4afc67-c7e5-451f-ad84-7ee4adc2e156: start LeaderElection
2019-10-16 01:11:23,093 [Thread-737] INFO  impl.FollowerState (FollowerState.java:run(108)) - 3d4afc67-c7e5-451f-ad84-7ee4adc2e156@group-B0A1270BD084-FollowerState: change to CANDIDATE, lastRpcTime:18ms, electionTimeout:18ms
2019-10-16 01:11:23,094 [EventQueue-PendingDeleteStatusForPendingDeleteHandler] INFO  block.SCMBlockDeletingService (SCMBlockDeletingService.java:handlePendingDeletes(115)) - Block deletion txnID mismatch in datanode 3d4afc67-c7e5-451f-ad84-7ee4adc2e156 for containerID 1. Datanode delete txnID: 0, SCM txnID: 1
2019-10-16 01:11:23,095 [Thread-737] INFO  impl.RoleInfo (RoleInfo.java:shutdownFollowerState(121)) - 3d4afc67-c7e5-451f-ad84-7ee4adc2e156: shutdown FollowerState
2019-10-16 01:11:23,096 [Thread-737] INFO  impl.RaftServerImpl (RaftServerImpl.java:setRole(184)) - 3d4afc67-c7e5-451f-ad84-7ee4adc2e156@group-B0A1270BD084: changes role from  FOLLOWER to CANDIDATE at term 0 for changeToCandidate
2019-10-16 01:11:23,097 [Thread-737] INFO  impl.RoleInfo (RoleInfo.java:updateAndGet(143)) - 3d4afc67-c7e5-451f-ad84-7ee4adc2e156: start LeaderElection
2019-10-16 01:11:23,107 [grpc-default-executor-6] INFO  impl.RaftServerProxy (RaftServerProxy.java:addNew(89)) - bdf1820c-8b54-4379-867f-1e5a509c7465: addNew group-F467D7F49614:[9e106ceb-2e48-4592-baea-5a074ecdeb7f:192.168.164.234:46856, 3d4afc67-c7e5-451f-ad84-7ee4adc2e156:192.168.164.234:37554, bdf1820c-8b54-4379-867f-1e5a509c7465:192.168.164.234:34989] returns group-F467D7F49614:java.util.concurrent.CompletableFuture@1186889f[Not completed]
2019-10-16 01:11:23,108 [grpc-default-executor-6] INFO  impl.RaftServerProxy (RaftServerProxy.java:addNew(89)) - 9e106ceb-2e48-4592-baea-5a074ecdeb7f: addNew group-F467D7F49614:[9e106ceb-2e48-4592-baea-5a074ecdeb7f:192.168.164.234:46856, 3d4afc67-c7e5-451f-ad84-7ee4adc2e156:192.168.164.234:37554, bdf1820c-8b54-4379-867f-1e5a509c7465:192.168.164.234:34989] returns group-F467D7F49614:java.util.concurrent.CompletableFuture@548414cb[Not completed]
2019-10-16 01:11:23,108 [grpc-default-executor-6] INFO  impl.RaftServerProxy (RaftServerProxy.java:addNew(89)) - 3d4afc67-c7e5-451f-ad84-7ee4adc2e156: addNew group-F467D7F49614:[9e106ceb-2e48-4592-baea-5a074ecdeb7f:192.168.164.234:46856, 3d4afc67-c7e5-451f-ad84-7ee4adc2e156:192.168.164.234:37554, bdf1820c-8b54-4379-867f-1e5a509c7465:192.168.164.234:34989] returns group-F467D7F49614:java.util.concurrent.CompletableFuture@3809f42f[Not completed]
2019-10-16 01:11:23,109 [pool-37-thread-1] INFO  impl.RaftServerImpl (RaftServerImpl.java:<init>(104)) - bdf1820c-8b54-4379-867f-1e5a509c7465: new RaftServerImpl for group-F467D7F49614:[9e106ceb-2e48-4592-baea-5a074ecdeb7f:192.168.164.234:46856, 3d4afc67-c7e5-451f-ad84-7ee4adc2e156:192.168.164.234:37554, bdf1820c-8b54-4379-867f-1e5a509c7465:192.168.164.234:34989] with ContainerStateMachine:uninitialized
2019-10-16 01:11:23,109 [pool-37-thread-1] INFO  server.RaftServerConfigKeys (ConfUtils.java:logGet(43)) - raft.server.rpc.timeout.min = 5s (custom)
2019-10-16 01:11:23,109 [pool-37-thread-1] INFO  server.RaftServerConfigKeys (ConfUtils.java:logGet(43)) - raft.server.rpc.timeout.max = 5200ms (custom)
2019-10-16 01:11:23,109 [pool-37-thread-1] INFO  server.RaftServerConfigKeys (ConfUtils.java:logGet(43)) - raft.server.rpcslowness.timeout = 1000s (custom)
2019-10-16 01:11:23,109 [pool-37-thread-1] INFO  server.RaftServerConfigKeys (ConfUtils.java:logGet(43)) - raft.server.sleep.deviation.threshold = 300 (default)
2019-10-16 01:11:23,110 [pool-37-thread-1] INFO  server.RaftServerConfigKeys (ConfUtils.java:logGet(43)) - raft.server.log.appender.install.snapshot.enabled = false (custom)
2019-10-16 01:11:23,110 [pool-37-thread-1] INFO  impl.RaftServerImpl (ServerState.java:<init>(103)) - bdf1820c-8b54-4379-867f-1e5a509c7465@group-F467D7F49614: ConfigurationManager, init=-1: [9e106ceb-2e48-4592-baea-5a074ecdeb7f:192.168.164.234:46856, 3d4afc67-c7e5-451f-ad84-7ee4adc2e156:192.168.164.234:37554, bdf1820c-8b54-4379-867f-1e5a509c7465:192.168.164.234:34989], old=null, confs=<EMPTY_MAP>
2019-10-16 01:11:23,110 [pool-59-thread-1] INFO  impl.RaftServerImpl (RaftServerImpl.java:<init>(104)) - 3d4afc67-c7e5-451f-ad84-7ee4adc2e156: new RaftServerImpl for group-F467D7F49614:[9e106ceb-2e48-4592-baea-5a074ecdeb7f:192.168.164.234:46856, 3d4afc67-c7e5-451f-ad84-7ee4adc2e156:192.168.164.234:37554, bdf1820c-8b54-4379-867f-1e5a509c7465:192.168.164.234:34989] with ContainerStateMachine:uninitialized
2019-10-16 01:11:23,110 [pool-37-thread-1] INFO  server.RaftServerConfigKeys (ConfUtils.java:logGet(43)) - raft.server.storage.dir = [/workdir/hadoop-ozone/integration-test/target/test-dir/MiniOzoneClusterImpl-6aea6efb-0017-4071-a4af-b72efaa63b28/datanode-1/data/ratis] (custom)
2019-10-16 01:11:23,110 [pool-59-thread-1] INFO  server.RaftServerConfigKeys (ConfUtils.java:logGet(43)) - raft.server.rpc.timeout.min = 5s (custom)
2019-10-16 01:11:23,110 [pool-59-thread-1] INFO  server.RaftServerConfigKeys (ConfUtils.java:logGet(43)) - raft.server.rpc.timeout.max = 5200ms (custom)
2019-10-16 01:11:23,110 [pool-37-thread-1] INFO  server.RaftServerConfigKeys (ConfUtils.java:logGet(43)) - raft.server.log.corruption.policy = EXCEPTION (default)
2019-10-16 01:11:23,110 [pool-59-thread-1] INFO  server.RaftServerConfigKeys (ConfUtils.java:logGet(43)) - raft.server.rpcslowness.timeout = 1000s (custom)
2019-10-16 01:11:23,111 [pool-27-thread-1] INFO  impl.RaftServerImpl (RaftServerImpl.java:<init>(104)) - 9e106ceb-2e48-4592-baea-5a074ecdeb7f: new RaftServerImpl for group-F467D7F49614:[9e106ceb-2e48-4592-baea-5a074ecdeb7f:192.168.164.234:46856, 3d4afc67-c7e5-451f-ad84-7ee4adc2e156:192.168.164.234:37554, bdf1820c-8b54-4379-867f-1e5a509c7465:192.168.164.234:34989] with ContainerStateMachine:uninitialized
2019-10-16 01:11:23,111 [pool-59-thread-1] INFO  server.RaftServerConfigKeys (ConfUtils.java:logGet(43)) - raft.server.sleep.deviation.threshold = 300 (default)
2019-10-16 01:11:23,111 [pool-37-thread-1] INFO  storage.RaftStorageDirectory (RaftStorageDirectory.java:analyzeStorage(246)) - The storage directory /workdir/hadoop-ozone/integration-test/target/test-dir/MiniOzoneClusterImpl-6aea6efb-0017-4071-a4af-b72efaa63b28/datanode-1/data/ratis/a3f2568d-8adc-4928-8582-f467d7f49614 does not exist. Creating ...
2019-10-16 01:11:23,111 [pool-59-thread-1] INFO  server.RaftServerConfigKeys (ConfUtils.java:logGet(43)) - raft.server.log.appender.install.snapshot.enabled = false (custom)
2019-10-16 01:11:23,111 [pool-27-thread-1] INFO  server.RaftServerConfigKeys (ConfUtils.java:logGet(43)) - raft.server.rpc.timeout.min = 5s (custom)
2019-10-16 01:11:23,111 [pool-59-thread-1] INFO  impl.RaftServerImpl (ServerState.java:<init>(103)) - 3d4afc67-c7e5-451f-ad84-7ee4adc2e156@group-F467D7F49614: ConfigurationManager, init=-1: [9e106ceb-2e48-4592-baea-5a074ecdeb7f:192.168.164.234:46856, 3d4afc67-c7e5-451f-ad84-7ee4adc2e156:192.168.164.234:37554, bdf1820c-8b54-4379-867f-1e5a509c7465:192.168.164.234:34989], old=null, confs=<EMPTY_MAP>
2019-10-16 01:11:23,111 [pool-27-thread-1] INFO  server.RaftServerConfigKeys (ConfUtils.java:logGet(43)) - raft.server.rpc.timeout.max = 5200ms (custom)
2019-10-16 01:11:23,111 [pool-59-thread-1] INFO  server.RaftServerConfigKeys (ConfUtils.java:logGet(43)) - raft.server.storage.dir = [/workdir/hadoop-ozone/integration-test/target/test-dir/MiniOzoneClusterImpl-6aea6efb-0017-4071-a4af-b72efaa63b28/datanode-2/data/ratis] (custom)
2019-10-16 01:11:23,111 [pool-27-thread-1] INFO  server.RaftServerConfigKeys (ConfUtils.java:logGet(43)) - raft.server.rpcslowness.timeout = 1000s (custom)
2019-10-16 01:11:23,112 [pool-27-thread-1] INFO  server.RaftServerConfigKeys (ConfUtils.java:logGet(43)) - raft.server.sleep.deviation.threshold = 300 (default)
2019-10-16 01:11:23,112 [pool-59-thread-1] INFO  server.RaftServerConfigKeys (ConfUtils.java:logGet(43)) - raft.server.log.corruption.policy = EXCEPTION (default)
2019-10-16 01:11:23,112 [pool-27-thread-1] INFO  server.RaftServerConfigKeys (ConfUtils.java:logGet(43)) - raft.server.log.appender.install.snapshot.enabled = false (custom)
2019-10-16 01:11:23,112 [pool-27-thread-1] INFO  impl.RaftServerImpl (ServerState.java:<init>(103)) - 9e106ceb-2e48-4592-baea-5a074ecdeb7f@group-F467D7F49614: ConfigurationManager, init=-1: [9e106ceb-2e48-4592-baea-5a074ecdeb7f:192.168.164.234:46856, 3d4afc67-c7e5-451f-ad84-7ee4adc2e156:192.168.164.234:37554, bdf1820c-8b54-4379-867f-1e5a509c7465:192.168.164.234:34989], old=null, confs=<EMPTY_MAP>
2019-10-16 01:11:23,112 [pool-59-thread-1] INFO  storage.RaftStorageDirectory (RaftStorageDirectory.java:analyzeStorage(246)) - The storage directory /workdir/hadoop-ozone/integration-test/target/test-dir/MiniOzoneClusterImpl-6aea6efb-0017-4071-a4af-b72efaa63b28/datanode-2/data/ratis/a3f2568d-8adc-4928-8582-f467d7f49614 does not exist. Creating ...
2019-10-16 01:11:23,112 [pool-27-thread-1] INFO  server.RaftServerConfigKeys (ConfUtils.java:logGet(43)) - raft.server.storage.dir = [/workdir/hadoop-ozone/integration-test/target/test-dir/MiniOzoneClusterImpl-6aea6efb-0017-4071-a4af-b72efaa63b28/datanode-0/data/ratis] (custom)
2019-10-16 01:11:23,112 [pool-27-thread-1] INFO  server.RaftServerConfigKeys (ConfUtils.java:logGet(43)) - raft.server.log.corruption.policy = EXCEPTION (default)
2019-10-16 01:11:23,113 [pool-27-thread-1] INFO  storage.RaftStorageDirectory (RaftStorageDirectory.java:analyzeStorage(246)) - The storage directory /workdir/hadoop-ozone/integration-test/target/test-dir/MiniOzoneClusterImpl-6aea6efb-0017-4071-a4af-b72efaa63b28/datanode-0/data/ratis/a3f2568d-8adc-4928-8582-f467d7f49614 does not exist. Creating ...
2019-10-16 01:11:23,114 [3d4afc67-c7e5-451f-ad84-7ee4adc2e156@group-F110391D6AD9-LeaderElection29] INFO  impl.LeaderElection (LeaderElection.java:askForVotes(178)) - 3d4afc67-c7e5-451f-ad84-7ee4adc2e156@group-F110391D6AD9-LeaderElection29: begin an election at term 30 for 0: [9e106ceb-2e48-4592-baea-5a074ecdeb7f:192.168.164.234:46856, 3d4afc67-c7e5-451f-ad84-7ee4adc2e156:192.168.164.234:37554, bdf1820c-8b54-4379-867f-1e5a509c7465:192.168.164.234:34989], old=null
2019-10-16 01:11:23,117 [grpc-default-executor-6] INFO  impl.RaftServerImpl (RaftServerImpl.java:setRole(184)) - bdf1820c-8b54-4379-867f-1e5a509c7465@group-F110391D6AD9: changes role from  FOLLOWER to FOLLOWER at term 30 for recognizeCandidate:3d4afc67-c7e5-451f-ad84-7ee4adc2e156
2019-10-16 01:11:23,117 [pool-7-thread-2] INFO  commands.RetriableDatanodeEventWatcher (RetriableDatanodeEventWatcher.java:onTimeout(47)) - RetriableDatanodeCommand type=deleteBlocksCommand with id=1571188276112 timed out. Retrying.
2019-10-16 01:11:23,117 [grpc-default-executor-3] INFO  impl.RaftServerImpl (RaftServerImpl.java:setRole(184)) - 9e106ceb-2e48-4592-baea-5a074ecdeb7f@group-F110391D6AD9: changes role from  FOLLOWER to FOLLOWER at term 30 for recognizeCandidate:3d4afc67-c7e5-451f-ad84-7ee4adc2e156
2019-10-16 01:11:23,117 [grpc-default-executor-6] INFO  impl.RoleInfo (RoleInfo.java:shutdownFollowerState(121)) - bdf1820c-8b54-4379-867f-1e5a509c7465: shutdown FollowerState
2019-10-16 01:11:23,118 [pool-7-thread-2] INFO  commands.RetriableDatanodeEventWatcher (RetriableDatanodeEventWatcher.java:onTimeout(47)) - RetriableDatanodeCommand type=deleteBlocksCommand with id=1571188276107 timed out. Retrying.
2019-10-16 01:11:23,117 [grpc-default-executor-3] INFO  impl.RoleInfo (RoleInfo.java:shutdownFollowerState(121)) - 9e106ceb-2e48-4592-baea-5a074ecdeb7f: shutdown FollowerState
2019-10-16 01:11:23,118 [Thread-733] INFO  impl.FollowerState (FollowerState.java:run(117)) - bdf1820c-8b54-4379-867f-1e5a509c7465@group-F110391D6AD9-FollowerState was interrupted: java.lang.InterruptedException: sleep interrupted
2019-10-16 01:11:23,118 [grpc-default-executor-6] INFO  impl.RoleInfo (RoleInfo.java:updateAndGet(143)) - bdf1820c-8b54-4379-867f-1e5a509c7465: start FollowerState
2019-10-16 01:11:23,118 [grpc-default-executor-3] INFO  impl.RoleInfo (RoleInfo.java:updateAndGet(143)) - 9e106ceb-2e48-4592-baea-5a074ecdeb7f: start FollowerState
2019-10-16 01:11:23,118 [Thread-732] INFO  impl.FollowerState (FollowerState.java:run(117)) - 9e106ceb-2e48-4592-baea-5a074ecdeb7f@group-F110391D6AD9-FollowerState was interrupted: java.lang.InterruptedException: sleep interrupted
2019-10-16 01:11:23,121 [pool-7-thread-2] INFO  commands.RetriableDatanodeEventWatcher (RetriableDatanodeEventWatcher.java:onTimeout(47)) - RetriableDatanodeCommand type=deleteBlocksCommand with id=1571188276115 timed out. Retrying.
2019-10-16 01:11:23,121 [pool-7-thread-1] INFO  commands.RetriableDatanodeEventWatcher (RetriableDatanodeEventWatcher.java:onTimeout(47)) - RetriableDatanodeCommand type=deleteBlocksCommand with id=1571188276111 timed out. Retrying.
2019-10-16 01:11:23,121 [pool-7-thread-5] INFO  commands.RetriableDatanodeEventWatcher (RetriableDatanodeEventWatcher.java:onTimeout(47)) - RetriableDatanodeCommand type=deleteBlocksCommand with id=1571188276110 timed out. Retrying.
2019-10-16 01:11:23,122 [pool-7-thread-3] INFO  commands.RetriableDatanodeEventWatcher (RetriableDatanodeEventWatcher.java:onTimeout(47)) - RetriableDatanodeCommand type=deleteBlocksCommand with id=1571188276113 timed out. Retrying.
2019-10-16 01:11:23,122 [pool-7-thread-4] INFO  commands.RetriableDatanodeEventWatcher (RetriableDatanodeEventWatcher.java:onTimeout(47)) - RetriableDatanodeCommand type=deleteBlocksCommand with id=1571188276114 timed out. Retrying.
2019-10-16 01:11:23,122 [SCMBlockDeletingService#1] INFO  block.SCMBlockDeletingService (SCMBlockDeletingService.java:call(184)) - Totally added 1 delete blocks command for 1 datanodes, task elapsed time: 0ms
2019-10-16 01:11:23,132 [pool-27-thread-1] INFO  storage.RaftStorageDirectory (RaftStorageDirectory.java:tryLock(328)) - Lock on /workdir/hadoop-ozone/integration-test/target/test-dir/MiniOzoneClusterImpl-6aea6efb-0017-4071-a4af-b72efaa63b28/datanode-0/data/ratis/a3f2568d-8adc-4928-8582-f467d7f49614/in_use.lock acquired by nodename 10455@pr-hdds-1985-wgmpk-2951460010
2019-10-16 01:11:23,132 [3d4afc67-c7e5-451f-ad84-7ee4adc2e156@group-B0A1270BD084-LeaderElection30] INFO  impl.LeaderElection (LeaderElection.java:askForVotes(178)) - 3d4afc67-c7e5-451f-ad84-7ee4adc2e156@group-B0A1270BD084-LeaderElection30: begin an election at term 1 for -1: [3d4afc67-c7e5-451f-ad84-7ee4adc2e156:192.168.164.234:37554], old=null
2019-10-16 01:11:23,132 [pool-59-thread-1] INFO  storage.RaftStorageDirectory (RaftStorageDirectory.java:tryLock(328)) - Lock on /workdir/hadoop-ozone/integration-test/target/test-dir/MiniOzoneClusterImpl-6aea6efb-0017-4071-a4af-b72efaa63b28/datanode-2/data/ratis/a3f2568d-8adc-4928-8582-f467d7f49614/in_use.lock acquired by nodename 10455@pr-hdds-1985-wgmpk-2951460010
2019-10-16 01:11:23,132 [pool-37-thread-1] INFO  storage.RaftStorageDirectory (RaftStorageDirectory.java:tryLock(328)) - Lock on /workdir/hadoop-ozone/integration-test/target/test-dir/MiniOzoneClusterImpl-6aea6efb-0017-4071-a4af-b72efaa63b28/datanode-1/data/ratis/a3f2568d-8adc-4928-8582-f467d7f49614/in_use.lock acquired by nodename 10455@pr-hdds-1985-wgmpk-2951460010
2019-10-16 01:11:23,132 [3d4afc67-c7e5-451f-ad84-7ee4adc2e156@group-B0A1270BD084-LeaderElection30] INFO  impl.RoleInfo (RoleInfo.java:shutdownLeaderElection(134)) - 3d4afc67-c7e5-451f-ad84-7ee4adc2e156: shutdown LeaderElection
2019-10-16 01:11:23,133 [3d4afc67-c7e5-451f-ad84-7ee4adc2e156@group-B0A1270BD084-LeaderElection30] INFO  impl.RaftServerImpl (RaftServerImpl.java:setRole(184)) - 3d4afc67-c7e5-451f-ad84-7ee4adc2e156@group-B0A1270BD084: changes role from CANDIDATE to LEADER at term 1 for changeToLeader
2019-10-16 01:11:23,133 [3d4afc67-c7e5-451f-ad84-7ee4adc2e156@group-B0A1270BD084-LeaderElection30] INFO  impl.RaftServerImpl (ServerState.java:setLeader(256)) - 3d4afc67-c7e5-451f-ad84-7ee4adc2e156@group-B0A1270BD084: change Leader from null to 3d4afc67-c7e5-451f-ad84-7ee4adc2e156 at term 1 for becomeLeader, leader elected after 66ms
2019-10-16 01:11:23,133 [3d4afc67-c7e5-451f-ad84-7ee4adc2e156@group-B0A1270BD084-LeaderElection30] INFO  server.RaftServerConfigKeys (ConfUtils.java:logGet(43)) - raft.server.staging.catchup.gap = 1000 (default)
2019-10-16 01:11:23,133 [3d4afc67-c7e5-451f-ad84-7ee4adc2e156@group-B0A1270BD084-LeaderElection30] INFO  server.RaftServerConfigKeys (ConfUtils.java:logGet(43)) - raft.server.rpc.sleep.time = 25ms (default)
2019-10-16 01:11:23,133 [3d4afc67-c7e5-451f-ad84-7ee4adc2e156@group-B0A1270BD084-LeaderElection30] INFO  server.RaftServerConfigKeys (ConfUtils.java:logGet(43)) - raft.server.write.element-limit = 4096 (default)
2019-10-16 01:11:23,133 [3d4afc67-c7e5-451f-ad84-7ee4adc2e156@group-B0A1270BD084-LeaderElection30] INFO  server.RaftServerConfigKeys (ConfUtils.java:logGet(43)) - raft.server.watch.timeout = 10s (default)
2019-10-16 01:11:23,134 [3d4afc67-c7e5-451f-ad84-7ee4adc2e156@group-B0A1270BD084-LeaderElection30] INFO  server.RaftServerConfigKeys (ConfUtils.java:logGet(43)) - raft.server.watch.timeout.denomination = 1s (default)
2019-10-16 01:11:23,134 [3d4afc67-c7e5-451f-ad84-7ee4adc2e156@group-B0A1270BD084-LeaderElection30] INFO  server.RaftServerConfigKeys (ConfUtils.java:logGet(43)) - raft.server.watch.element-limit = 65536 (default)
2019-10-16 01:11:23,137 [3d4afc67-c7e5-451f-ad84-7ee4adc2e156@group-B0A1270BD084-LeaderElection30] INFO  impl.RoleInfo (RoleInfo.java:updateAndGet(143)) - 3d4afc67-c7e5-451f-ad84-7ee4adc2e156: start LeaderState
2019-10-16 01:11:23,137 [3d4afc67-c7e5-451f-ad84-7ee4adc2e156@group-B0A1270BD084-LeaderElection30] INFO  segmented.SegmentedRaftLogWorker (SegmentedRaftLogWorker.java:startLogSegment(385)) - 3d4afc67-c7e5-451f-ad84-7ee4adc2e156@group-B0A1270BD084-SegmentedRaftLogWorker: Starting segment from index:0
2019-10-16 01:11:23,138 [3d4afc67-c7e5-451f-ad84-7ee4adc2e156@group-B0A1270BD084-LeaderElection30] INFO  impl.RaftServerImpl (ServerState.java:setRaftConf(357)) - 3d4afc67-c7e5-451f-ad84-7ee4adc2e156@group-B0A1270BD084: set configuration 0: [3d4afc67-c7e5-451f-ad84-7ee4adc2e156:192.168.164.234:37554], old=null at 0
2019-10-16 01:11:23,149 [pool-59-thread-1] INFO  storage.RaftStorage (RaftStorage.java:format(84)) - Storage directory /workdir/hadoop-ozone/integration-test/target/test-dir/MiniOzoneClusterImpl-6aea6efb-0017-4071-a4af-b72efaa63b28/datanode-2/data/ratis/a3f2568d-8adc-4928-8582-f467d7f49614 has been successfully formatted.
2019-10-16 01:11:23,149 [pool-37-thread-1] INFO  storage.RaftStorage (RaftStorage.java:format(84)) - Storage directory /workdir/hadoop-ozone/integration-test/target/test-dir/MiniOzoneClusterImpl-6aea6efb-0017-4071-a4af-b72efaa63b28/datanode-1/data/ratis/a3f2568d-8adc-4928-8582-f467d7f49614 has been successfully formatted.
2019-10-16 01:11:23,150 [pool-59-thread-1] INFO  ratis.ContainerStateMachine (ContainerStateMachine.java:loadSnapshot(231)) - group-F467D7F49614: The snapshot info is null. Setting the last applied indexto:(t:0, i:~)
2019-10-16 01:11:23,149 [pool-27-thread-1] INFO  storage.RaftStorage (RaftStorage.java:format(84)) - Storage directory /workdir/hadoop-ozone/integration-test/target/test-dir/MiniOzoneClusterImpl-6aea6efb-0017-4071-a4af-b72efaa63b28/datanode-0/data/ratis/a3f2568d-8adc-4928-8582-f467d7f49614 has been successfully formatted.
2019-10-16 01:11:23,150 [pool-37-thread-1] INFO  ratis.ContainerStateMachine (ContainerStateMachine.java:loadSnapshot(231)) - group-F467D7F49614: The snapshot info is null. Setting the last applied indexto:(t:0, i:~)
2019-10-16 01:11:23,150 [pool-59-thread-1] INFO  server.RaftServerConfigKeys (ConfUtils.java:logGet(43)) - raft.server.notification.no-leader.timeout = 1000s (custom)
2019-10-16 01:11:23,150 [pool-37-thread-1] INFO  server.RaftServerConfigKeys (ConfUtils.java:logGet(43)) - raft.server.notification.no-leader.timeout = 1000s (custom)
2019-10-16 01:11:23,150 [pool-27-thread-1] INFO  ratis.ContainerStateMachine (ContainerStateMachine.java:loadSnapshot(231)) - group-F467D7F49614: The snapshot info is null. Setting the last applied indexto:(t:0, i:~)
2019-10-16 01:11:23,150 [pool-37-thread-1] INFO  server.RaftServerConfigKeys (ConfUtils.java:logGet(43)) - raft.server.log.use.memory = false (default)
2019-10-16 01:11:23,150 [3d4afc67-c7e5-451f-ad84-7ee4adc2e156@group-F110391D6AD9-LeaderElection29] INFO  impl.LeaderElection (LeaderElection.java:logAndReturn(56)) - 3d4afc67-c7e5-451f-ad84-7ee4adc2e156@group-F110391D6AD9-LeaderElection29: Election REJECTED; received 2 response(s) [3d4afc67-c7e5-451f-ad84-7ee4adc2e156<-9e106ceb-2e48-4592-baea-5a074ecdeb7f#0:FAIL-t30, 3d4afc67-c7e5-451f-ad84-7ee4adc2e156<-bdf1820c-8b54-4379-867f-1e5a509c7465#0:FAIL-t30] and 0 exception(s); 3d4afc67-c7e5-451f-ad84-7ee4adc2e156@group-F110391D6AD9:t30, leader=null, voted=3d4afc67-c7e5-451f-ad84-7ee4adc2e156, raftlog=3d4afc67-c7e5-451f-ad84-7ee4adc2e156@group-F110391D6AD9-SegmentedRaftLog:OPENED:c3,f4,i4, conf=0: [9e106ceb-2e48-4592-baea-5a074ecdeb7f:192.168.164.234:46856, 3d4afc67-c7e5-451f-ad84-7ee4adc2e156:192.168.164.234:37554, bdf1820c-8b54-4379-867f-1e5a509c7465:192.168.164.234:34989], old=null
2019-10-16 01:11:23,150 [pool-59-thread-1] INFO  server.RaftServerConfigKeys (ConfUtils.java:logGet(43)) - raft.server.log.use.memory = false (default)
2019-10-16 01:11:23,151 [3d4afc67-c7e5-451f-ad84-7ee4adc2e156@group-F110391D6AD9-LeaderElection29] INFO  impl.RaftServerImpl (RaftServerImpl.java:setRole(184)) - 3d4afc67-c7e5-451f-ad84-7ee4adc2e156@group-F110391D6AD9: changes role from CANDIDATE to FOLLOWER at term 30 for DISCOVERED_A_NEW_TERM
2019-10-16 01:11:23,171 [3d4afc67-c7e5-451f-ad84-7ee4adc2e156@group-F110391D6AD9-LeaderElection29] INFO  impl.RoleInfo (RoleInfo.java:shutdownLeaderElection(134)) - 3d4afc67-c7e5-451f-ad84-7ee4adc2e156: shutdown LeaderElection
2019-10-16 01:11:23,151 [pool-37-thread-1] INFO  server.RaftServerConfigKeys (ConfUtils.java:logGet(43)) - raft.server.log.purge.gap = 1000000 (custom)
2019-10-16 01:11:23,150 [pool-27-thread-1] INFO  server.RaftServerConfigKeys (ConfUtils.java:logGet(43)) - raft.server.notification.no-leader.timeout = 1000s (custom)
2019-10-16 01:11:23,171 [pool-37-thread-1] INFO  server.RaftServerConfigKeys (ConfUtils.java:logGet(43)) - raft.server.log.appender.buffer.byte-limit = 33554432 (custom)
2019-10-16 01:11:23,171 [3d4afc67-c7e5-451f-ad84-7ee4adc2e156@group-F110391D6AD9-LeaderElection29] INFO  impl.RoleInfo (RoleInfo.java:updateAndGet(143)) - 3d4afc67-c7e5-451f-ad84-7ee4adc2e156: start FollowerState
2019-10-16 01:11:23,151 [pool-59-thread-1] INFO  server.RaftServerConfigKeys (ConfUtils.java:logGet(43)) - raft.server.log.purge.gap = 1000000 (custom)
2019-10-16 01:11:23,172 [pool-59-thread-1] INFO  server.RaftServerConfigKeys (ConfUtils.java:logGet(43)) - raft.server.log.appender.buffer.byte-limit = 33554432 (custom)
2019-10-16 01:11:23,171 [pool-37-thread-1] INFO  server.RaftServerConfigKeys (ConfUtils.java:logGet(43)) - raft.server.log.segment.size.max = 1048576 (custom)
2019-10-16 01:11:23,171 [pool-27-thread-1] INFO  server.RaftServerConfigKeys (ConfUtils.java:logGet(43)) - raft.server.log.use.memory = false (default)
2019-10-16 01:11:23,172 [pool-37-thread-1] INFO  server.RaftServerConfigKeys (ConfUtils.java:logGet(43)) - raft.server.log.segment.cache.num.max = 2 (custom)
2019-10-16 01:11:23,172 [pool-59-thread-1] INFO  server.RaftServerConfigKeys (ConfUtils.java:logGet(43)) - raft.server.log.segment.size.max = 1048576 (custom)
2019-10-16 01:11:23,172 [pool-37-thread-1] INFO  segmented.SegmentedRaftLogWorker (SegmentedRaftLogWorker.java:<init>(173)) - new bdf1820c-8b54-4379-867f-1e5a509c7465@group-F467D7F49614-SegmentedRaftLogWorker for RaftStorage:Storage Directory /workdir/hadoop-ozone/integration-test/target/test-dir/MiniOzoneClusterImpl-6aea6efb-0017-4071-a4af-b72efaa63b28/datanode-1/data/ratis/a3f2568d-8adc-4928-8582-f467d7f49614
2019-10-16 01:11:23,172 [pool-27-thread-1] INFO  server.RaftServerConfigKeys (ConfUtils.java:logGet(43)) - raft.server.log.purge.gap = 1000000 (custom)
2019-10-16 01:11:23,173 [pool-37-thread-1] INFO  server.RaftServerConfigKeys (ConfUtils.java:logGet(43)) - raft.server.log.queue.byte-limit = 2147483647 (custom)
2019-10-16 01:11:23,173 [pool-59-thread-1] INFO  server.RaftServerConfigKeys (ConfUtils.java:logGet(43)) - raft.server.log.segment.cache.num.max = 2 (custom)
2019-10-16 01:11:23,173 [pool-37-thread-1] INFO  server.RaftServerConfigKeys (ConfUtils.java:logGet(43)) - raft.server.log.queue.element-limit = 1024 (custom)
2019-10-16 01:11:23,173 [pool-27-thread-1] INFO  server.RaftServerConfigKeys (ConfUtils.java:logGet(43)) - raft.server.log.appender.buffer.byte-limit = 33554432 (custom)
2019-10-16 01:11:23,173 [pool-37-thread-1] INFO  server.RaftServerConfigKeys (ConfUtils.java:logGet(43)) - raft.server.log.segment.size.max = 1048576 (custom)
2019-10-16 01:11:23,173 [pool-59-thread-1] INFO  segmented.SegmentedRaftLogWorker (SegmentedRaftLogWorker.java:<init>(173)) - new 3d4afc67-c7e5-451f-ad84-7ee4adc2e156@group-F467D7F49614-SegmentedRaftLogWorker for RaftStorage:Storage Directory /workdir/hadoop-ozone/integration-test/target/test-dir/MiniOzoneClusterImpl-6aea6efb-0017-4071-a4af-b72efaa63b28/datanode-2/data/ratis/a3f2568d-8adc-4928-8582-f467d7f49614
2019-10-16 01:11:23,174 [pool-37-thread-1] INFO  server.RaftServerConfigKeys (ConfUtils.java:logGet(43)) - raft.server.log.preallocated.size = 16384 (custom)
2019-10-16 01:11:23,173 [pool-27-thread-1] INFO  server.RaftServerConfigKeys (ConfUtils.java:logGet(43)) - raft.server.log.segment.size.max = 1048576 (custom)
2019-10-16 01:11:23,174 [pool-37-thread-1] INFO  server.RaftServerConfigKeys (ConfUtils.java:logGet(43)) - raft.server.log.write.buffer.size = 33554432 (custom)
2019-10-16 01:11:23,174 [pool-37-thread-1] INFO  server.RaftServerConfigKeys (ConfUtils.java:logGet(43)) - raft.server.log.force.sync.num = 128 (default)
2019-10-16 01:11:23,174 [pool-59-thread-1] INFO  server.RaftServerConfigKeys (ConfUtils.java:logGet(43)) - raft.server.log.queue.byte-limit = 2147483647 (custom)
2019-10-16 01:11:23,174 [pool-37-thread-1] INFO  server.RaftServerConfigKeys (ConfUtils.java:logGet(43)) - raft.server.log.statemachine.data.sync = true (default)
2019-10-16 01:11:23,174 [pool-27-thread-1] INFO  server.RaftServerConfigKeys (ConfUtils.java:logGet(43)) - raft.server.log.segment.cache.num.max = 2 (custom)
2019-10-16 01:11:23,174 [pool-37-thread-1] INFO  server.RaftServerConfigKeys (ConfUtils.java:logGet(43)) - raft.server.log.statemachine.data.sync.timeout = 10s (default)
2019-10-16 01:11:23,174 [pool-59-thread-1] INFO  server.RaftServerConfigKeys (ConfUtils.java:logGet(43)) - raft.server.log.queue.element-limit = 1024 (custom)
2019-10-16 01:11:23,175 [pool-37-thread-1] INFO  server.RaftServerConfigKeys (ConfUtils.java:logGet(43)) - raft.server.log.statemachine.data.sync.timeout.retry = -1 (default)
2019-10-16 01:11:23,174 [pool-27-thread-1] INFO  segmented.SegmentedRaftLogWorker (SegmentedRaftLogWorker.java:<init>(173)) - new 9e106ceb-2e48-4592-baea-5a074ecdeb7f@group-F467D7F49614-SegmentedRaftLogWorker for RaftStorage:Storage Directory /workdir/hadoop-ozone/integration-test/target/test-dir/MiniOzoneClusterImpl-6aea6efb-0017-4071-a4af-b72efaa63b28/datanode-0/data/ratis/a3f2568d-8adc-4928-8582-f467d7f49614
2019-10-16 01:11:23,175 [pool-37-thread-1] INFO  server.RaftServerConfigKeys (ConfUtils.java:logGet(43)) - raft.server.log.statemachine.data.caching.enabled = true (custom)
2019-10-16 01:11:23,175 [pool-59-thread-1] INFO  server.RaftServerConfigKeys (ConfUtils.java:logGet(43)) - raft.server.log.segment.size.max = 1048576 (custom)
2019-10-16 01:11:23,175 [pool-27-thread-1] INFO  server.RaftServerConfigKeys (ConfUtils.java:logGet(43)) - raft.server.log.queue.byte-limit = 2147483647 (custom)
2019-10-16 01:11:23,175 [pool-37-thread-1] INFO  segmented.SegmentedRaftLogWorker (SegmentedRaftLogWorker.java:lambda$new$0(128)) - bdf1820c-8b54-4379-867f-1e5a509c7465@group-F467D7F49614-SegmentedRaftLogWorker: flushIndex: setUnconditionally 0 -> -1
2019-10-16 01:11:23,175 [pool-59-thread-1] INFO  server.RaftServerConfigKeys (ConfUtils.java:logGet(43)) - raft.server.log.preallocated.size = 16384 (custom)
2019-10-16 01:11:23,175 [pool-27-thread-1] INFO  server.RaftServerConfigKeys (ConfUtils.java:logGet(43)) - raft.server.log.queue.element-limit = 1024 (custom)
2019-10-16 01:11:23,175 [pool-37-thread-1] INFO  server.RaftServerConfigKeys (ConfUtils.java:logGet(43)) - raft.server.snapshot.auto.trigger.enabled = true (custom)
2019-10-16 01:11:23,175 [pool-59-thread-1] INFO  server.RaftServerConfigKeys (ConfUtils.java:logGet(43)) - raft.server.log.write.buffer.size = 33554432 (custom)
2019-10-16 01:11:23,176 [pool-37-thread-1] INFO  server.RaftServerConfigKeys (ConfUtils.java:logGet(43)) - raft.server.snapshot.auto.trigger.threshold = 10000 (custom)
2019-10-16 01:11:23,176 [pool-27-thread-1] INFO  server.RaftServerConfigKeys (ConfUtils.java:logGet(43)) - raft.server.log.segment.size.max = 1048576 (custom)
2019-10-16 01:11:23,176 [pool-37-thread-1] INFO  server.RaftServerConfigKeys (ConfUtils.java:logGet(43)) - raft.server.snapshot.retention.file.num = 5 (custom)
2019-10-16 01:11:23,176 [pool-59-thread-1] INFO  server.RaftServerConfigKeys (ConfUtils.java:logGet(43)) - raft.server.log.force.sync.num = 128 (default)
2019-10-16 01:11:23,176 [pool-37-thread-1] INFO  server.RaftServerConfigKeys (ConfUtils.java:logGet(43)) - raft.server.retrycache.expirytime = 600000ms (custom)
2019-10-16 01:11:23,176 [pool-27-thread-1] INFO  server.RaftServerConfigKeys (ConfUtils.java:logGet(43)) - raft.server.log.preallocated.size = 16384 (custom)
2019-10-16 01:11:23,176 [pool-59-thread-1] INFO  server.RaftServerConfigKeys (ConfUtils.java:logGet(43)) - raft.server.log.statemachine.data.sync = true (default)
2019-10-16 01:11:23,176 [pool-27-thread-1] INFO  server.RaftServerConfigKeys (ConfUtils.java:logGet(43)) - raft.server.log.write.buffer.size = 33554432 (custom)
2019-10-16 01:11:23,176 [pool-59-thread-1] INFO  server.RaftServerConfigKeys (ConfUtils.java:logGet(43)) - raft.server.log.statemachine.data.sync.timeout = 10s (default)
2019-10-16 01:11:23,177 [pool-27-thread-1] INFO  server.RaftServerConfigKeys (ConfUtils.java:logGet(43)) - raft.server.log.force.sync.num = 128 (default)
2019-10-16 01:11:23,177 [pool-59-thread-1] INFO  server.RaftServerConfigKeys (ConfUtils.java:logGet(43)) - raft.server.log.statemachine.data.sync.timeout.retry = -1 (default)
2019-10-16 01:11:23,177 [pool-27-thread-1] INFO  server.RaftServerConfigKeys (ConfUtils.java:logGet(43)) - raft.server.log.statemachine.data.sync = true (default)
2019-10-16 01:11:23,177 [pool-59-thread-1] INFO  server.RaftServerConfigKeys (ConfUtils.java:logGet(43)) - raft.server.log.statemachine.data.caching.enabled = true (custom)
2019-10-16 01:11:23,177 [pool-27-thread-1] INFO  server.RaftServerConfigKeys (ConfUtils.java:logGet(43)) - raft.server.log.statemachine.data.sync.timeout = 10s (default)
2019-10-16 01:11:23,177 [pool-27-thread-1] INFO  server.RaftServerConfigKeys (ConfUtils.java:logGet(43)) - raft.server.log.statemachine.data.sync.timeout.retry = -1 (default)
2019-10-16 01:11:23,177 [pool-59-thread-1] INFO  segmented.SegmentedRaftLogWorker (SegmentedRaftLogWorker.java:lambda$new$0(128)) - 3d4afc67-c7e5-451f-ad84-7ee4adc2e156@group-F467D7F49614-SegmentedRaftLogWorker: flushIndex: setUnconditionally 0 -> -1
2019-10-16 01:11:23,177 [pool-27-thread-1] INFO  server.RaftServerConfigKeys (ConfUtils.java:logGet(43)) - raft.server.log.statemachine.data.caching.enabled = true (custom)
2019-10-16 01:11:23,178 [pool-59-thread-1] INFO  server.RaftServerConfigKeys (ConfUtils.java:logGet(43)) - raft.server.snapshot.auto.trigger.enabled = true (custom)
2019-10-16 01:11:23,178 [pool-59-thread-1] INFO  server.RaftServerConfigKeys (ConfUtils.java:logGet(43)) - raft.server.snapshot.auto.trigger.threshold = 10000 (custom)
2019-10-16 01:11:23,178 [pool-27-thread-1] INFO  segmented.SegmentedRaftLogWorker (SegmentedRaftLogWorker.java:lambda$new$0(128)) - 9e106ceb-2e48-4592-baea-5a074ecdeb7f@group-F467D7F49614-SegmentedRaftLogWorker: flushIndex: setUnconditionally 0 -> -1
2019-10-16 01:11:23,178 [pool-59-thread-1] INFO  server.RaftServerConfigKeys (ConfUtils.java:logGet(43)) - raft.server.snapshot.retention.file.num = 5 (custom)
2019-10-16 01:11:23,178 [pool-59-thread-1] INFO  server.RaftServerConfigKeys (ConfUtils.java:logGet(43)) - raft.server.retrycache.expirytime = 600000ms (custom)
2019-10-16 01:11:23,178 [pool-27-thread-1] INFO  server.RaftServerConfigKeys (ConfUtils.java:logGet(43)) - raft.server.snapshot.auto.trigger.enabled = true (custom)
2019-10-16 01:11:23,178 [pool-27-thread-1] INFO  server.RaftServerConfigKeys (ConfUtils.java:logGet(43)) - raft.server.snapshot.auto.trigger.threshold = 10000 (custom)
2019-10-16 01:11:23,178 [pool-37-thread-1] INFO  impl.RaftServerImpl (RaftServerImpl.java:start(195)) - bdf1820c-8b54-4379-867f-1e5a509c7465@group-F467D7F49614: start as a follower, conf=-1: [9e106ceb-2e48-4592-baea-5a074ecdeb7f:192.168.164.234:46856, 3d4afc67-c7e5-451f-ad84-7ee4adc2e156:192.168.164.234:37554, bdf1820c-8b54-4379-867f-1e5a509c7465:192.168.164.234:34989], old=null
2019-10-16 01:11:23,178 [pool-27-thread-1] INFO  server.RaftServerConfigKeys (ConfUtils.java:logGet(43)) - raft.server.snapshot.retention.file.num = 5 (custom)
2019-10-16 01:11:23,179 [pool-37-thread-1] INFO  impl.RaftServerImpl (RaftServerImpl.java:setRole(184)) - bdf1820c-8b54-4379-867f-1e5a509c7465@group-F467D7F49614: changes role from      null to FOLLOWER at term 0 for startAsFollower
2019-10-16 01:11:23,179 [pool-37-thread-1] INFO  impl.RoleInfo (RoleInfo.java:updateAndGet(143)) - bdf1820c-8b54-4379-867f-1e5a509c7465: start FollowerState
2019-10-16 01:11:23,179 [pool-27-thread-1] INFO  server.RaftServerConfigKeys (ConfUtils.java:logGet(43)) - raft.server.retrycache.expirytime = 600000ms (custom)
2019-10-16 01:11:23,179 [pool-37-thread-1] INFO  util.JmxRegister (JmxRegister.java:tryRegister(44)) - Successfully registered JMX Bean with object name Ratis:service=RaftServer,group=group-F467D7F49614,id=bdf1820c-8b54-4379-867f-1e5a509c7465
2019-10-16 01:11:23,185 [pool-59-thread-1] INFO  impl.RaftServerImpl (RaftServerImpl.java:start(195)) - 3d4afc67-c7e5-451f-ad84-7ee4adc2e156@group-F467D7F49614: start as a follower, conf=-1: [9e106ceb-2e48-4592-baea-5a074ecdeb7f:192.168.164.234:46856, 3d4afc67-c7e5-451f-ad84-7ee4adc2e156:192.168.164.234:37554, bdf1820c-8b54-4379-867f-1e5a509c7465:192.168.164.234:34989], old=null
2019-10-16 01:11:23,185 [pool-59-thread-1] INFO  impl.RaftServerImpl (RaftServerImpl.java:setRole(184)) - 3d4afc67-c7e5-451f-ad84-7ee4adc2e156@group-F467D7F49614: changes role from      null to FOLLOWER at term 0 for startAsFollower
2019-10-16 01:11:23,187 [pool-59-thread-1] INFO  impl.RoleInfo (RoleInfo.java:updateAndGet(143)) - 3d4afc67-c7e5-451f-ad84-7ee4adc2e156: start FollowerState
2019-10-16 01:11:23,187 [pool-59-thread-1] INFO  util.JmxRegister (JmxRegister.java:tryRegister(44)) - Successfully registered JMX Bean with object name Ratis:service=RaftServer,group=group-F467D7F49614,id=3d4afc67-c7e5-451f-ad84-7ee4adc2e156
2019-10-16 01:11:23,188 [pool-27-thread-1] INFO  impl.RaftServerImpl (RaftServerImpl.java:start(195)) - 9e106ceb-2e48-4592-baea-5a074ecdeb7f@group-F467D7F49614: start as a follower, conf=-1: [9e106ceb-2e48-4592-baea-5a074ecdeb7f:192.168.164.234:46856, 3d4afc67-c7e5-451f-ad84-7ee4adc2e156:192.168.164.234:37554, bdf1820c-8b54-4379-867f-1e5a509c7465:192.168.164.234:34989], old=null
2019-10-16 01:11:23,188 [pool-27-thread-1] INFO  impl.RaftServerImpl (RaftServerImpl.java:setRole(184)) - 9e106ceb-2e48-4592-baea-5a074ecdeb7f@group-F467D7F49614: changes role from      null to FOLLOWER at term 0 for startAsFollower
2019-10-16 01:11:23,188 [pool-27-thread-1] INFO  impl.RoleInfo (RoleInfo.java:updateAndGet(143)) - 9e106ceb-2e48-4592-baea-5a074ecdeb7f: start FollowerState
2019-10-16 01:11:23,188 [pool-27-thread-1] INFO  util.JmxRegister (JmxRegister.java:tryRegister(44)) - Successfully registered JMX Bean with object name Ratis:service=RaftServer,group=group-F467D7F49614,id=9e106ceb-2e48-4592-baea-5a074ecdeb7f
2019-10-16 01:11:23,190 [Thread-755] INFO  client.GrpcClientProtocolService (GrpcClientProtocolService.java:lambda$processClientRequest$0(278)) - Failed RaftClientRequest:client-901DCD72E87A->3d4afc67-c7e5-451f-ad84-7ee4adc2e156@group-F110391D6AD9, cid=10, seq=0, Watch-ALL_COMMITTED(6), Message:<EMPTY>, reply=RaftClientReply:client-901DCD72E87A->3d4afc67-c7e5-451f-ad84-7ee4adc2e156@group-F110391D6AD9, cid=10, FAILED org.apache.ratis.protocol.NotLeaderException: Server 3d4afc67-c7e5-451f-ad84-7ee4adc2e156@group-F110391D6AD9 is not the leader, logIndex=0, commits[3d4afc67-c7e5-451f-ad84-7ee4adc2e156:c3]
2019-10-16 01:11:23,191 [Thread-746] INFO  impl.FollowerState (FollowerState.java:run(108)) - 3d4afc67-c7e5-451f-ad84-7ee4adc2e156@group-F110391D6AD9-FollowerState: change to CANDIDATE, lastRpcTime:20ms, electionTimeout:19ms
2019-10-16 01:11:23,191 [Thread-746] INFO  impl.RoleInfo (RoleInfo.java:shutdownFollowerState(121)) - 3d4afc67-c7e5-451f-ad84-7ee4adc2e156: shutdown FollowerState
2019-10-16 01:11:23,191 [Thread-746] INFO  impl.RaftServerImpl (RaftServerImpl.java:setRole(184)) - 3d4afc67-c7e5-451f-ad84-7ee4adc2e156@group-F110391D6AD9: changes role from  FOLLOWER to CANDIDATE at term 30 for changeToCandidate
2019-10-16 01:11:23,191 [Thread-746] INFO  impl.RoleInfo (RoleInfo.java:updateAndGet(143)) - 3d4afc67-c7e5-451f-ad84-7ee4adc2e156: start LeaderElection
2019-10-16 01:11:23,200 [3d4afc67-c7e5-451f-ad84-7ee4adc2e156@group-B0A1270BD084-SegmentedRaftLogWorker] INFO  segmented.SegmentedRaftLogWorker (SegmentedRaftLogWorker.java:execute(576)) - 3d4afc67-c7e5-451f-ad84-7ee4adc2e156@group-B0A1270BD084-SegmentedRaftLogWorker: created new log segment /workdir/hadoop-ozone/integration-test/target/test-dir/MiniOzoneClusterImpl-6aea6efb-0017-4071-a4af-b72efaa63b28/datanode-2/data/ratis/790a4bec-3317-4251-a1e3-b0a1270bd084/current/log_inprogress_0
2019-10-16 01:11:23,203 [RatisPipelineUtilsThread] INFO  pipeline.PipelineStateManager (PipelineStateManager.java:addPipeline(56)) - Created pipeline Pipeline[ Id: a3f2568d-8adc-4928-8582-f467d7f49614, Nodes: 3d4afc67-c7e5-451f-ad84-7ee4adc2e156{ip: 192.168.164.234, host: pr-hdds-1985-wgmpk-2951460010, networkLocation: /default-rack, certSerialId: null}bdf1820c-8b54-4379-867f-1e5a509c7465{ip: 192.168.164.234, host: pr-hdds-1985-wgmpk-2951460010, networkLocation: /default-rack, certSerialId: null}9e106ceb-2e48-4592-baea-5a074ecdeb7f{ip: 192.168.164.234, host: pr-hdds-1985-wgmpk-2951460010, networkLocation: /default-rack, certSerialId: null}, Type:RATIS, Factor:THREE, State:OPEN]
2019-10-16 01:11:23,208 [Thread-750] INFO  impl.FollowerState (FollowerState.java:run(108)) - bdf1820c-8b54-4379-867f-1e5a509c7465@group-F467D7F49614-FollowerState: change to CANDIDATE, lastRpcTime:29ms, electionTimeout:29ms
2019-10-16 01:11:23,208 [Thread-750] INFO  impl.RoleInfo (RoleInfo.java:shutdownFollowerState(121)) - bdf1820c-8b54-4379-867f-1e5a509c7465: shutdown FollowerState
2019-10-16 01:11:23,208 [Thread-750] INFO  impl.RaftServerImpl (RaftServerImpl.java:setRole(184)) - bdf1820c-8b54-4379-867f-1e5a509c7465@group-F467D7F49614: changes role from  FOLLOWER to CANDIDATE at term 0 for changeToCandidate
2019-10-16 01:11:23,208 [Thread-750] INFO  impl.RoleInfo (RoleInfo.java:updateAndGet(143)) - bdf1820c-8b54-4379-867f-1e5a509c7465: start LeaderElection
2019-10-16 01:11:23,225 [3d4afc67-c7e5-451f-ad84-7ee4adc2e156@group-F110391D6AD9-LeaderElection31] INFO  impl.LeaderElection (LeaderElection.java:askForVotes(178)) - 3d4afc67-c7e5-451f-ad84-7ee4adc2e156@group-F110391D6AD9-LeaderElection31: begin an election at term 31 for 0: [9e106ceb-2e48-4592-baea-5a074ecdeb7f:192.168.164.234:46856, 3d4afc67-c7e5-451f-ad84-7ee4adc2e156:192.168.164.234:37554, bdf1820c-8b54-4379-867f-1e5a509c7465:192.168.164.234:34989], old=null
2019-10-16 01:11:23,232 [grpc-default-executor-3] INFO  impl.RaftServerImpl (RaftServerImpl.java:setRole(184)) - 9e106ceb-2e48-4592-baea-5a074ecdeb7f@group-F110391D6AD9: changes role from  FOLLOWER to FOLLOWER at term 31 for recognizeCandidate:3d4afc67-c7e5-451f-ad84-7ee4adc2e156
2019-10-16 01:11:23,232 [grpc-default-executor-6] INFO  impl.RaftServerImpl (RaftServerImpl.java:setRole(184)) - bdf1820c-8b54-4379-867f-1e5a509c7465@group-F110391D6AD9: changes role from  FOLLOWER to FOLLOWER at term 31 for recognizeCandidate:3d4afc67-c7e5-451f-ad84-7ee4adc2e156
2019-10-16 01:11:23,232 [grpc-default-executor-3] INFO  impl.RoleInfo (RoleInfo.java:shutdownFollowerState(121)) - 9e106ceb-2e48-4592-baea-5a074ecdeb7f: shutdown FollowerState
2019-10-16 01:11:23,232 [grpc-default-executor-6] INFO  impl.RoleInfo (RoleInfo.java:shutdownFollowerState(121)) - bdf1820c-8b54-4379-867f-1e5a509c7465: shutdown FollowerState
2019-10-16 01:11:23,232 [Thread-744] INFO  impl.FollowerState (FollowerState.java:run(117)) - 9e106ceb-2e48-4592-baea-5a074ecdeb7f@group-F110391D6AD9-FollowerState was interrupted: java.lang.InterruptedException: sleep interrupted
2019-10-16 01:11:23,232 [Thread-743] INFO  impl.FollowerState (FollowerState.java:run(117)) - bdf1820c-8b54-4379-867f-1e5a509c7465@group-F110391D6AD9-FollowerState was interrupted: java.lang.InterruptedException: sleep interrupted
2019-10-16 01:11:23,232 [grpc-default-executor-6] INFO  impl.RoleInfo (RoleInfo.java:updateAndGet(143)) - bdf1820c-8b54-4379-867f-1e5a509c7465: start FollowerState
2019-10-16 01:11:23,232 [grpc-default-executor-3] INFO  impl.RoleInfo (RoleInfo.java:updateAndGet(143)) - 9e106ceb-2e48-4592-baea-5a074ecdeb7f: start FollowerState
2019-10-16 01:11:23,242 [bdf1820c-8b54-4379-867f-1e5a509c7465@group-F467D7F49614-LeaderElection32] INFO  impl.LeaderElection (LeaderElection.java:askForVotes(178)) - bdf1820c-8b54-4379-867f-1e5a509c7465@group-F467D7F49614-LeaderElection32: begin an election at term 1 for -1: [9e106ceb-2e48-4592-baea-5a074ecdeb7f:192.168.164.234:46856, 3d4afc67-c7e5-451f-ad84-7ee4adc2e156:192.168.164.234:37554, bdf1820c-8b54-4379-867f-1e5a509c7465:192.168.164.234:34989], old=null
2019-10-16 01:11:23,245 [bdf1820c-8b54-4379-867f-1e5a509c7465@group-F467D7F49614-LeaderElection32] INFO  impl.LeaderElection (LeaderElection.java:logAndReturn(56)) - bdf1820c-8b54-4379-867f-1e5a509c7465@group-F467D7F49614-LeaderElection32: Election TIMEOUT; received 0 response(s) [] and 0 exception(s); bdf1820c-8b54-4379-867f-1e5a509c7465@group-F467D7F49614:t1, leader=null, voted=bdf1820c-8b54-4379-867f-1e5a509c7465, raftlog=bdf1820c-8b54-4379-867f-1e5a509c7465@group-F467D7F49614-SegmentedRaftLog:OPENED:c-1,f-1,i0, conf=-1: [9e106ceb-2e48-4592-baea-5a074ecdeb7f:192.168.164.234:46856, 3d4afc67-c7e5-451f-ad84-7ee4adc2e156:192.168.164.234:37554, bdf1820c-8b54-4379-867f-1e5a509c7465:192.168.164.234:34989], old=null
2019-10-16 01:11:23,247 [Thread-752] INFO  impl.FollowerState (FollowerState.java:run(108)) - 3d4afc67-c7e5-451f-ad84-7ee4adc2e156@group-F467D7F49614-FollowerState: change to CANDIDATE, lastRpcTime:60ms, electionTimeout:60ms
2019-10-16 01:11:23,247 [Thread-754] INFO  impl.FollowerState (FollowerState.java:run(108)) - 9e106ceb-2e48-4592-baea-5a074ecdeb7f@group-F467D7F49614-FollowerState: change to CANDIDATE, lastRpcTime:59ms, electionTimeout:59ms
2019-10-16 01:11:23,248 [Thread-752] INFO  impl.RoleInfo (RoleInfo.java:shutdownFollowerState(121)) - 3d4afc67-c7e5-451f-ad84-7ee4adc2e156: shutdown FollowerState
2019-10-16 01:11:23,248 [Thread-754] INFO  impl.RoleInfo (RoleInfo.java:shutdownFollowerState(121)) - 9e106ceb-2e48-4592-baea-5a074ecdeb7f: shutdown FollowerState
2019-10-16 01:11:23,248 [Thread-752] INFO  impl.RaftServerImpl (RaftServerImpl.java:setRole(184)) - 3d4afc67-c7e5-451f-ad84-7ee4adc2e156@group-F467D7F49614: changes role from  FOLLOWER to CANDIDATE at term 0 for changeToCandidate
2019-10-16 01:11:23,248 [Thread-754] INFO  impl.RaftServerImpl (RaftServerImpl.java:setRole(184)) - 9e106ceb-2e48-4592-baea-5a074ecdeb7f@group-F467D7F49614: changes role from  FOLLOWER to CANDIDATE at term 0 for changeToCandidate
2019-10-16 01:11:23,249 [Thread-752] INFO  impl.RoleInfo (RoleInfo.java:updateAndGet(143)) - 3d4afc67-c7e5-451f-ad84-7ee4adc2e156: start LeaderElection
2019-10-16 01:11:23,250 [Thread-754] INFO  impl.RoleInfo (RoleInfo.java:updateAndGet(143)) - 9e106ceb-2e48-4592-baea-5a074ecdeb7f: start LeaderElection
2019-10-16 01:11:23,260 [3d4afc67-c7e5-451f-ad84-7ee4adc2e156@group-F110391D6AD9-LeaderElection31] INFO  impl.LeaderElection (LeaderElection.java:logAndReturn(56)) - 3d4afc67-c7e5-451f-ad84-7ee4adc2e156@group-F110391D6AD9-LeaderElection31: Election REJECTED; received 2 response(s) [3d4afc67-c7e5-451f-ad84-7ee4adc2e156<-9e106ceb-2e48-4592-baea-5a074ecdeb7f#0:FAIL-t31, 3d4afc67-c7e5-451f-ad84-7ee4adc2e156<-bdf1820c-8b54-4379-867f-1e5a509c7465#0:FAIL-t31] and 0 exception(s); 3d4afc67-c7e5-451f-ad84-7ee4adc2e156@group-F110391D6AD9:t31, leader=null, voted=3d4afc67-c7e5-451f-ad84-7ee4adc2e156, raftlog=3d4afc67-c7e5-451f-ad84-7ee4adc2e156@group-F110391D6AD9-SegmentedRaftLog:OPENED:c3,f4,i4, conf=0: [9e106ceb-2e48-4592-baea-5a074ecdeb7f:192.168.164.234:46856, 3d4afc67-c7e5-451f-ad84-7ee4adc2e156:192.168.164.234:37554, bdf1820c-8b54-4379-867f-1e5a509c7465:192.168.164.234:34989], old=null
2019-10-16 01:11:23,261 [3d4afc67-c7e5-451f-ad84-7ee4adc2e156@group-F110391D6AD9-LeaderElection31] INFO  impl.RaftServerImpl (RaftServerImpl.java:setRole(184)) - 3d4afc67-c7e5-451f-ad84-7ee4adc2e156@group-F110391D6AD9: changes role from CANDIDATE to FOLLOWER at term 31 for DISCOVERED_A_NEW_TERM
2019-10-16 01:11:23,261 [3d4afc67-c7e5-451f-ad84-7ee4adc2e156@group-F110391D6AD9-LeaderElection31] INFO  impl.RoleInfo (RoleInfo.java:shutdownLeaderElection(134)) - 3d4afc67-c7e5-451f-ad84-7ee4adc2e156: shutdown LeaderElection
2019-10-16 01:11:23,261 [3d4afc67-c7e5-451f-ad84-7ee4adc2e156@group-F110391D6AD9-LeaderElection31] INFO  impl.RoleInfo (RoleInfo.java:updateAndGet(143)) - 3d4afc67-c7e5-451f-ad84-7ee4adc2e156: start FollowerState
2019-10-16 01:11:23,277 [bdf1820c-8b54-4379-867f-1e5a509c7465@group-F467D7F49614-LeaderElection32] INFO  impl.LeaderElection (LeaderElection.java:askForVotes(178)) - bdf1820c-8b54-4379-867f-1e5a509c7465@group-F467D7F49614-LeaderElection32: begin an election at term 2 for -1: [9e106ceb-2e48-4592-baea-5a074ecdeb7f:192.168.164.234:46856, 3d4afc67-c7e5-451f-ad84-7ee4adc2e156:192.168.164.234:37554, bdf1820c-8b54-4379-867f-1e5a509c7465:192.168.164.234:34989], old=null
2019-10-16 01:11:23,277 [3d4afc67-c7e5-451f-ad84-7ee4adc2e156@group-F467D7F49614-LeaderElection33] INFO  impl.LeaderElection (LeaderElection.java:askForVotes(178)) - 3d4afc67-c7e5-451f-ad84-7ee4adc2e156@group-F467D7F49614-LeaderElection33: begin an election at term 1 for -1: [9e106ceb-2e48-4592-baea-5a074ecdeb7f:192.168.164.234:46856, 3d4afc67-c7e5-451f-ad84-7ee4adc2e156:192.168.164.234:37554, bdf1820c-8b54-4379-867f-1e5a509c7465:192.168.164.234:34989], old=null
2019-10-16 01:11:23,277 [9e106ceb-2e48-4592-baea-5a074ecdeb7f@group-F467D7F49614-LeaderElection34] INFO  impl.LeaderElection (LeaderElection.java:askForVotes(178)) - 9e106ceb-2e48-4592-baea-5a074ecdeb7f@group-F467D7F49614-LeaderElection34: begin an election at term 1 for -1: [9e106ceb-2e48-4592-baea-5a074ecdeb7f:192.168.164.234:46856, 3d4afc67-c7e5-451f-ad84-7ee4adc2e156:192.168.164.234:37554, bdf1820c-8b54-4379-867f-1e5a509c7465:192.168.164.234:34989], old=null
2019-10-16 01:11:23,280 [Thread-769] INFO  impl.FollowerState (FollowerState.java:run(108)) - 3d4afc67-c7e5-451f-ad84-7ee4adc2e156@group-F110391D6AD9-FollowerState: change to CANDIDATE, lastRpcTime:19ms, electionTimeout:17ms
2019-10-16 01:11:23,280 [Thread-769] INFO  impl.RoleInfo (RoleInfo.java:shutdownFollowerState(121)) - 3d4afc67-c7e5-451f-ad84-7ee4adc2e156: shutdown FollowerState
2019-10-16 01:11:23,281 [Thread-769] INFO  impl.RaftServerImpl (RaftServerImpl.java:setRole(184)) - 3d4afc67-c7e5-451f-ad84-7ee4adc2e156@group-F110391D6AD9: changes role from  FOLLOWER to CANDIDATE at term 31 for changeToCandidate
2019-10-16 01:11:23,281 [Thread-769] INFO  impl.RoleInfo (RoleInfo.java:updateAndGet(143)) - 3d4afc67-c7e5-451f-ad84-7ee4adc2e156: start LeaderElection
2019-10-16 01:11:23,288 [grpc-default-executor-0] INFO  impl.RaftServerImpl (RaftServerImpl.java:setRole(184)) - 3d4afc67-c7e5-451f-ad84-7ee4adc2e156@group-F467D7F49614: changes role from CANDIDATE to FOLLOWER at term 2 for recognizeCandidate:bdf1820c-8b54-4379-867f-1e5a509c7465
2019-10-16 01:11:23,288 [3d4afc67-c7e5-451f-ad84-7ee4adc2e156@group-F467D7F49614-LeaderElection33] INFO  impl.LeaderElection (LeaderElection.java:logAndReturn(56)) - 3d4afc67-c7e5-451f-ad84-7ee4adc2e156@group-F467D7F49614-LeaderElection33: Election DISCOVERED_A_NEW_TERM; received 1 response(s) [3d4afc67-c7e5-451f-ad84-7ee4adc2e156<-bdf1820c-8b54-4379-867f-1e5a509c7465#0:FAIL-t2] and 0 exception(s); 3d4afc67-c7e5-451f-ad84-7ee4adc2e156@group-F467D7F49614:t2, leader=null, voted=null, raftlog=3d4afc67-c7e5-451f-ad84-7ee4adc2e156@group-F467D7F49614-SegmentedRaftLog:OPENED:c-1,f-1,i0, conf=-1: [9e106ceb-2e48-4592-baea-5a074ecdeb7f:192.168.164.234:46856, 3d4afc67-c7e5-451f-ad84-7ee4adc2e156:192.168.164.234:37554, bdf1820c-8b54-4379-867f-1e5a509c7465:192.168.164.234:34989], old=null
2019-10-16 01:11:23,288 [grpc-default-executor-0] INFO  impl.RoleInfo (RoleInfo.java:shutdownLeaderElection(134)) - 3d4afc67-c7e5-451f-ad84-7ee4adc2e156: shutdown LeaderElection
2019-10-16 01:11:23,289 [grpc-default-executor-0] INFO  impl.RoleInfo (RoleInfo.java:updateAndGet(143)) - 3d4afc67-c7e5-451f-ad84-7ee4adc2e156: start FollowerState
2019-10-16 01:11:23,289 [grpc-default-executor-6] INFO  impl.RaftServerImpl (RaftServerImpl.java:setRole(184)) - 9e106ceb-2e48-4592-baea-5a074ecdeb7f@group-F467D7F49614: changes role from CANDIDATE to FOLLOWER at term 2 for recognizeCandidate:bdf1820c-8b54-4379-867f-1e5a509c7465
2019-10-16 01:11:23,289 [grpc-default-executor-6] INFO  impl.RoleInfo (RoleInfo.java:shutdownLeaderElection(134)) - 9e106ceb-2e48-4592-baea-5a074ecdeb7f: shutdown LeaderElection
2019-10-16 01:11:23,289 [grpc-default-executor-6] INFO  impl.RoleInfo (RoleInfo.java:updateAndGet(143)) - 9e106ceb-2e48-4592-baea-5a074ecdeb7f: start FollowerState
2019-10-16 01:11:23,290 [9e106ceb-2e48-4592-baea-5a074ecdeb7f@group-F467D7F49614-LeaderElection34] INFO  impl.LeaderElection (LeaderElection.java:logAndReturn(56)) - 9e106ceb-2e48-4592-baea-5a074ecdeb7f@group-F467D7F49614-LeaderElection34: Election DISCOVERED_A_NEW_TERM; received 1 response(s) [9e106ceb-2e48-4592-baea-5a074ecdeb7f<-bdf1820c-8b54-4379-867f-1e5a509c7465#0:FAIL-t2] and 0 exception(s); 9e106ceb-2e48-4592-baea-5a074ecdeb7f@group-F467D7F49614:t2, leader=null, voted=null, raftlog=9e106ceb-2e48-4592-baea-5a074ecdeb7f@group-F467D7F49614-SegmentedRaftLog:OPENED:c-1,f-1,i0, conf=-1: [9e106ceb-2e48-4592-baea-5a074ecdeb7f:192.168.164.234:46856, 3d4afc67-c7e5-451f-ad84-7ee4adc2e156:192.168.164.234:37554, bdf1820c-8b54-4379-867f-1e5a509c7465:192.168.164.234:34989], old=null
2019-10-16 01:11:23,291 [bdf1820c-8b54-4379-867f-1e5a509c7465@group-F467D7F49614-LeaderElection32] INFO  impl.LeaderElection (LeaderElection.java:logAndReturn(56)) - bdf1820c-8b54-4379-867f-1e5a509c7465@group-F467D7F49614-LeaderElection32: Election TIMEOUT; received 0 response(s) [] and 0 exception(s); bdf1820c-8b54-4379-867f-1e5a509c7465@group-F467D7F49614:t2, leader=null, voted=bdf1820c-8b54-4379-867f-1e5a509c7465, raftlog=bdf1820c-8b54-4379-867f-1e5a509c7465@group-F467D7F49614-SegmentedRaftLog:OPENED:c-1,f-1,i0, conf=-1: [9e106ceb-2e48-4592-baea-5a074ecdeb7f:192.168.164.234:46856, 3d4afc67-c7e5-451f-ad84-7ee4adc2e156:192.168.164.234:37554, bdf1820c-8b54-4379-867f-1e5a509c7465:192.168.164.234:34989], old=null
2019-10-16 01:11:23,292 [EventQueue-PendingDeleteStatusForPendingDeleteHandler] INFO  block.SCMBlockDeletingService (SCMBlockDeletingService.java:handlePendingDeletes(115)) - Block deletion txnID mismatch in datanode 3d4afc67-c7e5-451f-ad84-7ee4adc2e156 for containerID 1. Datanode delete txnID: 0, SCM txnID: 1
2019-10-16 01:11:23,310 [bdf1820c-8b54-4379-867f-1e5a509c7465@group-F467D7F49614-LeaderElection32] INFO  impl.LeaderElection (LeaderElection.java:askForVotes(178)) - bdf1820c-8b54-4379-867f-1e5a509c7465@group-F467D7F49614-LeaderElection32: begin an election at term 3 for -1: [9e106ceb-2e48-4592-baea-5a074ecdeb7f:192.168.164.234:46856, 3d4afc67-c7e5-451f-ad84-7ee4adc2e156:192.168.164.234:37554, bdf1820c-8b54-4379-867f-1e5a509c7465:192.168.164.234:34989], old=null
2019-10-16 01:11:23,310 [3d4afc67-c7e5-451f-ad84-7ee4adc2e156@group-F110391D6AD9-LeaderElection35] INFO  impl.LeaderElection (LeaderElection.java:askForVotes(178)) - 3d4afc67-c7e5-451f-ad84-7ee4adc2e156@group-F110391D6AD9-LeaderElection35: begin an election at term 32 for 0: [9e106ceb-2e48-4592-baea-5a074ecdeb7f:192.168.164.234:46856, 3d4afc67-c7e5-451f-ad84-7ee4adc2e156:192.168.164.234:37554, bdf1820c-8b54-4379-867f-1e5a509c7465:192.168.164.234:34989], old=null
2019-10-16 01:11:23,314 [grpc-default-executor-6] INFO  impl.RaftServerImpl (RaftServerImpl.java:setRole(184)) - 3d4afc67-c7e5-451f-ad84-7ee4adc2e156@group-F467D7F49614: changes role from  FOLLOWER to FOLLOWER at term 3 for recognizeCandidate:bdf1820c-8b54-4379-867f-1e5a509c7465
2019-10-16 01:11:23,314 [grpc-default-executor-4] INFO  impl.RaftServerImpl (RaftServerImpl.java:setRole(184)) - 9e106ceb-2e48-4592-baea-5a074ecdeb7f@group-F110391D6AD9: changes role from  FOLLOWER to FOLLOWER at term 32 for recognizeCandidate:3d4afc67-c7e5-451f-ad84-7ee4adc2e156
2019-10-16 01:11:23,314 [grpc-default-executor-0] INFO  impl.RaftServerImpl (RaftServerImpl.java:setRole(184)) - bdf1820c-8b54-4379-867f-1e5a509c7465@group-F110391D6AD9: changes role from  FOLLOWER to FOLLOWER at term 32 for recognizeCandidate:3d4afc67-c7e5-451f-ad84-7ee4adc2e156
2019-10-16 01:11:23,314 [grpc-default-executor-6] INFO  impl.RoleInfo (RoleInfo.java:shutdownFollowerState(121)) - 3d4afc67-c7e5-451f-ad84-7ee4adc2e156: shutdown FollowerState
2019-10-16 01:11:23,314 [grpc-default-executor-0] INFO  impl.RoleInfo (RoleInfo.java:shutdownFollowerState(121)) - bdf1820c-8b54-4379-867f-1e5a509c7465: shutdown FollowerState
2019-10-16 01:11:23,314 [grpc-default-executor-3] INFO  impl.RaftServerImpl (RaftServerImpl.java:setRole(184)) - 9e106ceb-2e48-4592-baea-5a074ecdeb7f@group-F467D7F49614: changes role from  FOLLOWER to FOLLOWER at term 3 for recognizeCandidate:bdf1820c-8b54-4379-867f-1e5a509c7465
2019-10-16 01:11:23,314 [grpc-default-executor-4] INFO  impl.RoleInfo (RoleInfo.java:shutdownFollowerState(121)) - 9e106ceb-2e48-4592-baea-5a074ecdeb7f: shutdown FollowerState
2019-10-16 01:11:23,315 [grpc-default-executor-3] INFO  impl.RoleInfo (RoleInfo.java:shutdownFollowerState(121)) - 9e106ceb-2e48-4592-baea-5a074ecdeb7f: shutdown FollowerState
2019-10-16 01:11:23,315 [Thread-764] INFO  impl.FollowerState (FollowerState.java:run(117)) - bdf1820c-8b54-4379-867f-1e5a509c7465@group-F110391D6AD9-FollowerState was interrupted: java.lang.InterruptedException: sleep interrupted
2019-10-16 01:11:23,315 [grpc-default-executor-0] INFO  impl.RoleInfo (RoleInfo.java:updateAndGet(143)) - bdf1820c-8b54-4379-867f-1e5a509c7465: start FollowerState
2019-10-16 01:11:23,315 [Thread-777] INFO  impl.FollowerState (FollowerState.java:run(117)) - 3d4afc67-c7e5-451f-ad84-7ee4adc2e156@group-F467D7F49614-FollowerState was interrupted: java.lang.InterruptedException: sleep interrupted
2019-10-16 01:11:23,315 [grpc-default-executor-6] INFO  impl.RoleInfo (RoleInfo.java:updateAndGet(143)) - 3d4afc67-c7e5-451f-ad84-7ee4adc2e156: start FollowerState
2019-10-16 01:11:23,315 [Thread-778] INFO  impl.FollowerState (FollowerState.java:run(117)) - 9e106ceb-2e48-4592-baea-5a074ecdeb7f@group-F467D7F49614-FollowerState was interrupted: java.lang.InterruptedException: sleep interrupted
2019-10-16 01:11:23,315 [grpc-default-executor-3] INFO  impl.RoleInfo (RoleInfo.java:updateAndGet(143)) - 9e106ceb-2e48-4592-baea-5a074ecdeb7f: start FollowerState
2019-10-16 01:11:23,315 [Thread-763] INFO  impl.FollowerState (FollowerState.java:run(117)) - 9e106ceb-2e48-4592-baea-5a074ecdeb7f@group-F110391D6AD9-FollowerState was interrupted: java.lang.InterruptedException: sleep interrupted
2019-10-16 01:11:23,315 [grpc-default-executor-4] INFO  impl.RoleInfo (RoleInfo.java:updateAndGet(143)) - 9e106ceb-2e48-4592-baea-5a074ecdeb7f: start FollowerState
2019-10-16 01:11:23,345 [3d4afc67-c7e5-451f-ad84-7ee4adc2e156@group-F110391D6AD9-LeaderElection35] INFO  impl.LeaderElection (LeaderElection.java:logAndReturn(56)) - 3d4afc67-c7e5-451f-ad84-7ee4adc2e156@group-F110391D6AD9-LeaderElection35: Election REJECTED; received 2 response(s) [3d4afc67-c7e5-451f-ad84-7ee4adc2e156<-9e106ceb-2e48-4592-baea-5a074ecdeb7f#0:FAIL-t32, 3d4afc67-c7e5-451f-ad84-7ee4adc2e156<-bdf1820c-8b54-4379-867f-1e5a509c7465#0:FAIL-t32] and 0 exception(s); 3d4afc67-c7e5-451f-ad84-7ee4adc2e156@group-F110391D6AD9:t32, leader=null, voted=3d4afc67-c7e5-451f-ad84-7ee4adc2e156, raftlog=3d4afc67-c7e5-451f-ad84-7ee4adc2e156@group-F110391D6AD9-SegmentedRaftLog:OPENED:c3,f4,i4, conf=0: [9e106ceb-2e48-4592-baea-5a074ecdeb7f:192.168.164.234:46856, 3d4afc67-c7e5-451f-ad84-7ee4adc2e156:192.168.164.234:37554, bdf1820c-8b54-4379-867f-1e5a509c7465:192.168.164.234:34989], old=null
2019-10-16 01:11:23,346 [3d4afc67-c7e5-451f-ad84-7ee4adc2e156@group-F110391D6AD9-LeaderElection35] INFO  impl.RaftServerImpl (RaftServerImpl.java:setRole(184)) - 3d4afc67-c7e5-451f-ad84-7ee4adc2e156@group-F110391D6AD9: changes role from CANDIDATE to FOLLOWER at term 32 for DISCOVERED_A_NEW_TERM
2019-10-16 01:11:23,346 [bdf1820c-8b54-4379-867f-1e5a509c7465@group-F467D7F49614-LeaderElection32] INFO  impl.LeaderElection (LeaderElection.java:logAndReturn(56)) - bdf1820c-8b54-4379-867f-1e5a509c7465@group-F467D7F49614-LeaderElection32: Election PASSED; received 1 response(s) [bdf1820c-8b54-4379-867f-1e5a509c7465<-3d4afc67-c7e5-451f-ad84-7ee4adc2e156#0:OK-t3] and 0 exception(s); bdf1820c-8b54-4379-867f-1e5a509c7465@group-F467D7F49614:t3, leader=null, voted=bdf1820c-8b54-4379-867f-1e5a509c7465, raftlog=bdf1820c-8b54-4379-867f-1e5a509c7465@group-F467D7F49614-SegmentedRaftLog:OPENED:c-1,f-1,i0, conf=-1: [9e106ceb-2e48-4592-baea-5a074ecdeb7f:192.168.164.234:46856, 3d4afc67-c7e5-451f-ad84-7ee4adc2e156:192.168.164.234:37554, bdf1820c-8b54-4379-867f-1e5a509c7465:192.168.164.234:34989], old=null
2019-10-16 01:11:23,346 [3d4afc67-c7e5-451f-ad84-7ee4adc2e156@group-F110391D6AD9-LeaderElection35] INFO  impl.RoleInfo (RoleInfo.java:shutdownLeaderElection(134)) - 3d4afc67-c7e5-451f-ad84-7ee4adc2e156: shutdown LeaderElection
2019-10-16 01:11:23,346 [bdf1820c-8b54-4379-867f-1e5a509c7465@group-F467D7F49614-LeaderElection32] INFO  impl.RoleInfo (RoleInfo.java:shutdownLeaderElection(134)) - bdf1820c-8b54-4379-867f-1e5a509c7465: shutdown LeaderElection
2019-10-16 01:11:23,346 [3d4afc67-c7e5-451f-ad84-7ee4adc2e156@group-F110391D6AD9-LeaderElection35] INFO  impl.RoleInfo (RoleInfo.java:updateAndGet(143)) - 3d4afc67-c7e5-451f-ad84-7ee4adc2e156: start FollowerState
2019-10-16 01:11:23,346 [bdf1820c-8b54-4379-867f-1e5a509c7465@group-F467D7F49614-LeaderElection32] INFO  impl.RaftServerImpl (RaftServerImpl.java:setRole(184)) - bdf1820c-8b54-4379-867f-1e5a509c7465@group-F467D7F49614: changes role from CANDIDATE to LEADER at term 3 for changeToLeader
2019-10-16 01:11:23,346 [bdf1820c-8b54-4379-867f-1e5a509c7465@group-F467D7F49614-LeaderElection32] INFO  impl.RaftServerImpl (ServerState.java:setLeader(256)) - bdf1820c-8b54-4379-867f-1e5a509c7465@group-F467D7F49614: change Leader from null to bdf1820c-8b54-4379-867f-1e5a509c7465 at term 3 for becomeLeader, leader elected after 196ms
2019-10-16 01:11:23,347 [bdf1820c-8b54-4379-867f-1e5a509c7465@group-F467D7F49614-LeaderElection32] INFO  server.RaftServerConfigKeys (ConfUtils.java:logGet(43)) - raft.server.staging.catchup.gap = 1000 (default)
2019-10-16 01:11:23,347 [bdf1820c-8b54-4379-867f-1e5a509c7465@group-F467D7F49614-LeaderElection32] INFO  server.RaftServerConfigKeys (ConfUtils.java:logGet(43)) - raft.server.rpc.sleep.time = 25ms (default)
2019-10-16 01:11:23,347 [bdf1820c-8b54-4379-867f-1e5a509c7465@group-F467D7F49614-LeaderElection32] INFO  server.RaftServerConfigKeys (ConfUtils.java:logGet(43)) - raft.server.write.element-limit = 4096 (default)
2019-10-16 01:11:23,347 [bdf1820c-8b54-4379-867f-1e5a509c7465@group-F467D7F49614-LeaderElection32] INFO  server.RaftServerConfigKeys (ConfUtils.java:logGet(43)) - raft.server.watch.timeout = 10s (default)
2019-10-16 01:11:23,347 [bdf1820c-8b54-4379-867f-1e5a509c7465@group-F467D7F49614-LeaderElection32] INFO  server.RaftServerConfigKeys (ConfUtils.java:logGet(43)) - raft.server.watch.timeout.denomination = 1s (default)
2019-10-16 01:11:23,347 [bdf1820c-8b54-4379-867f-1e5a509c7465@group-F467D7F49614-LeaderElection32] INFO  server.RaftServerConfigKeys (ConfUtils.java:logGet(43)) - raft.server.watch.element-limit = 65536 (default)
2019-10-16 01:11:23,351 [bdf1820c-8b54-4379-867f-1e5a509c7465@group-F467D7F49614-LeaderElection32] INFO  server.RaftServerConfigKeys (ConfUtils.java:logGet(43)) - raft.server.log.appender.snapshot.chunk.size.max = 16MB (=16777216) (default)
2019-10-16 01:11:23,351 [bdf1820c-8b54-4379-867f-1e5a509c7465@group-F467D7F49614-LeaderElection32] INFO  server.RaftServerConfigKeys (ConfUtils.java:logGet(43)) - raft.server.log.appender.buffer.byte-limit = 33554432 (custom)
2019-10-16 01:11:23,351 [bdf1820c-8b54-4379-867f-1e5a509c7465@group-F467D7F49614-LeaderElection32] INFO  server.RaftServerConfigKeys (ConfUtils.java:logGet(43)) - raft.server.log.appender.buffer.element-limit = 1 (custom)
2019-10-16 01:11:23,351 [bdf1820c-8b54-4379-867f-1e5a509c7465@group-F467D7F49614-LeaderElection32] INFO  grpc.GrpcConfigKeys$Server (ConfUtils.java:logGet(43)) - raft.grpc.server.leader.outstanding.appends.max = 128 (default)
2019-10-16 01:11:23,352 [bdf1820c-8b54-4379-867f-1e5a509c7465@group-F467D7F49614-LeaderElection32] INFO  server.RaftServerConfigKeys (ConfUtils.java:logGet(43)) - raft.server.rpc.request.timeout = 3000ms (default)
2019-10-16 01:11:23,352 [bdf1820c-8b54-4379-867f-1e5a509c7465@group-F467D7F49614-LeaderElection32] INFO  server.RaftServerConfigKeys (ConfUtils.java:logGet(43)) - raft.server.log.appender.install.snapshot.enabled = false (custom)
2019-10-16 01:11:23,355 [bdf1820c-8b54-4379-867f-1e5a509c7465@group-F467D7F49614-LeaderElection32] INFO  server.RaftServerConfigKeys (ConfUtils.java:logGet(43)) - raft.server.log.appender.snapshot.chunk.size.max = 16MB (=16777216) (default)
2019-10-16 01:11:23,355 [bdf1820c-8b54-4379-867f-1e5a509c7465@group-F467D7F49614-LeaderElection32] INFO  server.RaftServerConfigKeys (ConfUtils.java:logGet(43)) - raft.server.log.appender.buffer.byte-limit = 33554432 (custom)
2019-10-16 01:11:23,355 [bdf1820c-8b54-4379-867f-1e5a509c7465@group-F467D7F49614-LeaderElection32] INFO  server.RaftServerConfigKeys (ConfUtils.java:logGet(43)) - raft.server.log.appender.buffer.element-limit = 1 (custom)
2019-10-16 01:11:23,355 [bdf1820c-8b54-4379-867f-1e5a509c7465@group-F467D7F49614-LeaderElection32] INFO  grpc.GrpcConfigKeys$Server (ConfUtils.java:logGet(43)) - raft.grpc.server.leader.outstanding.appends.max = 128 (default)
2019-10-16 01:11:23,355 [bdf1820c-8b54-4379-867f-1e5a509c7465@group-F467D7F49614-LeaderElection32] INFO  server.RaftServerConfigKeys (ConfUtils.java:logGet(43)) - raft.server.rpc.request.timeout = 3000ms (default)
2019-10-16 01:11:23,356 [bdf1820c-8b54-4379-867f-1e5a509c7465@group-F467D7F49614-LeaderElection32] INFO  server.RaftServerConfigKeys (ConfUtils.java:logGet(43)) - raft.server.log.appender.install.snapshot.enabled = false (custom)
2019-10-16 01:11:23,358 [bdf1820c-8b54-4379-867f-1e5a509c7465@group-F467D7F49614-LeaderElection32] INFO  impl.RoleInfo (RoleInfo.java:updateAndGet(143)) - bdf1820c-8b54-4379-867f-1e5a509c7465: start LeaderState
2019-10-16 01:11:23,359 [bdf1820c-8b54-4379-867f-1e5a509c7465@group-F467D7F49614-LeaderElection32] INFO  segmented.SegmentedRaftLogWorker (SegmentedRaftLogWorker.java:startLogSegment(385)) - bdf1820c-8b54-4379-867f-1e5a509c7465@group-F467D7F49614-SegmentedRaftLogWorker: Starting segment from index:0
2019-10-16 01:11:23,359 [bdf1820c-8b54-4379-867f-1e5a509c7465@group-F467D7F49614-LeaderElection32] INFO  impl.RaftServerImpl (ServerState.java:setRaftConf(357)) - bdf1820c-8b54-4379-867f-1e5a509c7465@group-F467D7F49614: set configuration 0: [9e106ceb-2e48-4592-baea-5a074ecdeb7f:192.168.164.234:46856, 3d4afc67-c7e5-451f-ad84-7ee4adc2e156:192.168.164.234:37554, bdf1820c-8b54-4379-867f-1e5a509c7465:192.168.164.234:34989], old=null at 0
2019-10-16 01:11:23,396 [grpc-default-executor-3] INFO  impl.RaftServerImpl (ServerState.java:setLeader(256)) - 9e106ceb-2e48-4592-baea-5a074ecdeb7f@group-F467D7F49614: change Leader from null to bdf1820c-8b54-4379-867f-1e5a509c7465 at term 3 for appendEntries, leader elected after 245ms
2019-10-16 01:11:23,396 [grpc-default-executor-6] INFO  impl.RaftServerImpl (ServerState.java:setLeader(256)) - 3d4afc67-c7e5-451f-ad84-7ee4adc2e156@group-F467D7F49614: change Leader from null to bdf1820c-8b54-4379-867f-1e5a509c7465 at term 3 for appendEntries, leader elected after 246ms
2019-10-16 01:11:23,400 [grpc-default-executor-3] INFO  impl.RaftServerImpl (ServerState.java:setRaftConf(357)) - 3d4afc67-c7e5-451f-ad84-7ee4adc2e156@group-F467D7F49614: set configuration 0: [9e106ceb-2e48-4592-baea-5a074ecdeb7f:192.168.164.234:46856, 3d4afc67-c7e5-451f-ad84-7ee4adc2e156:192.168.164.234:37554, bdf1820c-8b54-4379-867f-1e5a509c7465:192.168.164.234:34989], old=null at 0
2019-10-16 01:11:23,401 [grpc-default-executor-6] INFO  impl.RaftServerImpl (ServerState.java:setRaftConf(357)) - 9e106ceb-2e48-4592-baea-5a074ecdeb7f@group-F467D7F49614: set configuration 0: [9e106ceb-2e48-4592-baea-5a074ecdeb7f:192.168.164.234:46856, 3d4afc67-c7e5-451f-ad84-7ee4adc2e156:192.168.164.234:37554, bdf1820c-8b54-4379-867f-1e5a509c7465:192.168.164.234:34989], old=null at 0
2019-10-16 01:11:23,401 [grpc-default-executor-3] INFO  segmented.SegmentedRaftLogWorker (SegmentedRaftLogWorker.java:startLogSegment(385)) - 3d4afc67-c7e5-451f-ad84-7ee4adc2e156@group-F467D7F49614-SegmentedRaftLogWorker: Starting segment from index:0
2019-10-16 01:11:23,401 [grpc-default-executor-6] INFO  segmented.SegmentedRaftLogWorker (SegmentedRaftLogWorker.java:startLogSegment(385)) - 9e106ceb-2e48-4592-baea-5a074ecdeb7f@group-F467D7F49614-SegmentedRaftLogWorker: Starting segment from index:0
2019-10-16 01:11:23,420 [bdf1820c-8b54-4379-867f-1e5a509c7465@group-F467D7F49614-SegmentedRaftLogWorker] INFO  segmented.SegmentedRaftLogWorker (SegmentedRaftLogWorker.java:execute(576)) - bdf1820c-8b54-4379-867f-1e5a509c7465@group-F467D7F49614-SegmentedRaftLogWorker: created new log segment /workdir/hadoop-ozone/integration-test/target/test-dir/MiniOzoneClusterImpl-6aea6efb-0017-4071-a4af-b72efaa63b28/datanode-1/data/ratis/a3f2568d-8adc-4928-8582-f467d7f49614/current/log_inprogress_0
2019-10-16 01:11:23,421 [Thread-787] INFO  impl.FollowerState (FollowerState.java:run(108)) - 3d4afc67-c7e5-451f-ad84-7ee4adc2e156@group-F110391D6AD9-FollowerState: change to CANDIDATE, lastRpcTime:74ms, electionTimeout:74ms
2019-10-16 01:11:23,421 [Thread-787] INFO  impl.RoleInfo (RoleInfo.java:shutdownFollowerState(121)) - 3d4afc67-c7e5-451f-ad84-7ee4adc2e156: shutdown FollowerState
2019-10-16 01:11:23,421 [Thread-787] INFO  impl.RaftServerImpl (RaftServerImpl.java:setRole(184)) - 3d4afc67-c7e5-451f-ad84-7ee4adc2e156@group-F110391D6AD9: changes role from  FOLLOWER to CANDIDATE at term 32 for changeToCandidate
2019-10-16 01:11:23,421 [Thread-787] INFO  impl.RoleInfo (RoleInfo.java:updateAndGet(143)) - 3d4afc67-c7e5-451f-ad84-7ee4adc2e156: start LeaderElection
2019-10-16 01:11:23,445 [9e106ceb-2e48-4592-baea-5a074ecdeb7f@group-F467D7F49614-SegmentedRaftLogWorker] INFO  segmented.SegmentedRaftLogWorker (SegmentedRaftLogWorker.java:execute(576)) - 9e106ceb-2e48-4592-baea-5a074ecdeb7f@group-F467D7F49614-SegmentedRaftLogWorker: created new log segment /workdir/hadoop-ozone/integration-test/target/test-dir/MiniOzoneClusterImpl-6aea6efb-0017-4071-a4af-b72efaa63b28/datanode-0/data/ratis/a3f2568d-8adc-4928-8582-f467d7f49614/current/log_inprogress_0
2019-10-16 01:11:23,445 [3d4afc67-c7e5-451f-ad84-7ee4adc2e156@group-F110391D6AD9-LeaderElection36] INFO  impl.LeaderElection (LeaderElection.java:askForVotes(178)) - 3d4afc67-c7e5-451f-ad84-7ee4adc2e156@group-F110391D6AD9-LeaderElection36: begin an election at term 33 for 0: [9e106ceb-2e48-4592-baea-5a074ecdeb7f:192.168.164.234:46856, 3d4afc67-c7e5-451f-ad84-7ee4adc2e156:192.168.164.234:37554, bdf1820c-8b54-4379-867f-1e5a509c7465:192.168.164.234:34989], old=null
2019-10-16 01:11:23,450 [grpc-default-executor-3] INFO  impl.RaftServerImpl (RaftServerImpl.java:setRole(184)) - bdf1820c-8b54-4379-867f-1e5a509c7465@group-F110391D6AD9: changes role from  FOLLOWER to FOLLOWER at term 33 for recognizeCandidate:3d4afc67-c7e5-451f-ad84-7ee4adc2e156
2019-10-16 01:11:23,450 [grpc-default-executor-6] INFO  impl.RaftServerImpl (RaftServerImpl.java:setRole(184)) - 9e106ceb-2e48-4592-baea-5a074ecdeb7f@group-F110391D6AD9: changes role from  FOLLOWER to FOLLOWER at term 33 for recognizeCandidate:3d4afc67-c7e5-451f-ad84-7ee4adc2e156
2019-10-16 01:11:23,451 [grpc-default-executor-3] INFO  impl.RoleInfo (RoleInfo.java:shutdownFollowerState(121)) - bdf1820c-8b54-4379-867f-1e5a509c7465: shutdown FollowerState
2019-10-16 01:11:23,451 [grpc-default-executor-6] INFO  impl.RoleInfo (RoleInfo.java:shutdownFollowerState(121)) - 9e106ceb-2e48-4592-baea-5a074ecdeb7f: shutdown FollowerState
2019-10-16 01:11:23,451 [Thread-784] INFO  impl.FollowerState (FollowerState.java:run(117)) - bdf1820c-8b54-4379-867f-1e5a509c7465@group-F110391D6AD9-FollowerState was interrupted: java.lang.InterruptedException: sleep interrupted
2019-10-16 01:11:23,451 [Thread-785] INFO  impl.FollowerState (FollowerState.java:run(117)) - 9e106ceb-2e48-4592-baea-5a074ecdeb7f@group-F110391D6AD9-FollowerState was interrupted: java.lang.InterruptedException: sleep interrupted
2019-10-16 01:11:23,451 [grpc-default-executor-3] INFO  impl.RoleInfo (RoleInfo.java:updateAndGet(143)) - bdf1820c-8b54-4379-867f-1e5a509c7465: start FollowerState
2019-10-16 01:11:23,451 [grpc-default-executor-6] INFO  impl.RoleInfo (RoleInfo.java:updateAndGet(143)) - 9e106ceb-2e48-4592-baea-5a074ecdeb7f: start FollowerState
2019-10-16 01:11:23,463 [3d4afc67-c7e5-451f-ad84-7ee4adc2e156@group-F467D7F49614-SegmentedRaftLogWorker] INFO  segmented.SegmentedRaftLogWorker (SegmentedRaftLogWorker.java:execute(576)) - 3d4afc67-c7e5-451f-ad84-7ee4adc2e156@group-F467D7F49614-SegmentedRaftLogWorker: created new log segment /workdir/hadoop-ozone/integration-test/target/test-dir/MiniOzoneClusterImpl-6aea6efb-0017-4071-a4af-b72efaa63b28/datanode-2/data/ratis/a3f2568d-8adc-4928-8582-f467d7f49614/current/log_inprogress_0
2019-10-16 01:11:23,482 [3d4afc67-c7e5-451f-ad84-7ee4adc2e156@group-F110391D6AD9-LeaderElection36] INFO  impl.LeaderElection (LeaderElection.java:logAndReturn(56)) - 3d4afc67-c7e5-451f-ad84-7ee4adc2e156@group-F110391D6AD9-LeaderElection36: Election REJECTED; received 2 response(s) [3d4afc67-c7e5-451f-ad84-7ee4adc2e156<-9e106ceb-2e48-4592-baea-5a074ecdeb7f#0:FAIL-t33, 3d4afc67-c7e5-451f-ad84-7ee4adc2e156<-bdf1820c-8b54-4379-867f-1e5a509c7465#0:FAIL-t33] and 0 exception(s); 3d4afc67-c7e5-451f-ad84-7ee4adc2e156@group-F110391D6AD9:t33, leader=null, voted=3d4afc67-c7e5-451f-ad84-7ee4adc2e156, raftlog=3d4afc67-c7e5-451f-ad84-7ee4adc2e156@group-F110391D6AD9-SegmentedRaftLog:OPENED:c3,f4,i4, conf=0: [9e106ceb-2e48-4592-baea-5a074ecdeb7f:192.168.164.234:46856, 3d4afc67-c7e5-451f-ad84-7ee4adc2e156:192.168.164.234:37554, bdf1820c-8b54-4379-867f-1e5a509c7465:192.168.164.234:34989], old=null
2019-10-16 01:11:23,482 [3d4afc67-c7e5-451f-ad84-7ee4adc2e156@group-F110391D6AD9-LeaderElection36] INFO  impl.RaftServerImpl (RaftServerImpl.java:setRole(184)) - 3d4afc67-c7e5-451f-ad84-7ee4adc2e156@group-F110391D6AD9: changes role from CANDIDATE to FOLLOWER at term 33 for DISCOVERED_A_NEW_TERM
2019-10-16 01:11:23,482 [3d4afc67-c7e5-451f-ad84-7ee4adc2e156@group-F110391D6AD9-LeaderElection36] INFO  impl.RoleInfo (RoleInfo.java:shutdownLeaderElection(134)) - 3d4afc67-c7e5-451f-ad84-7ee4adc2e156: shutdown LeaderElection
2019-10-16 01:11:23,482 [3d4afc67-c7e5-451f-ad84-7ee4adc2e156@group-F110391D6AD9-LeaderElection36] INFO  impl.RoleInfo (RoleInfo.java:updateAndGet(143)) - 3d4afc67-c7e5-451f-ad84-7ee4adc2e156: start FollowerState
2019-10-16 01:11:23,495 [EventQueue-PendingDeleteStatusForPendingDeleteHandler] INFO  block.SCMBlockDeletingService (SCMBlockDeletingService.java:handlePendingDeletes(115)) - Block deletion txnID mismatch in datanode 3d4afc67-c7e5-451f-ad84-7ee4adc2e156 for containerID 1. Datanode delete txnID: 0, SCM txnID: 1
2019-10-16 01:11:23,653 [Thread-802] INFO  impl.FollowerState (FollowerState.java:run(108)) - 3d4afc67-c7e5-451f-ad84-7ee4adc2e156@group-F110391D6AD9-FollowerState: change to CANDIDATE, lastRpcTime:170ms, electionTimeout:170ms
2019-10-16 01:11:23,653 [Thread-802] INFO  impl.RoleInfo (RoleInfo.java:shutdownFollowerState(121)) - 3d4afc67-c7e5-451f-ad84-7ee4adc2e156: shutdown FollowerState
2019-10-16 01:11:23,653 [Thread-802] INFO  impl.RaftServerImpl (RaftServerImpl.java:setRole(184)) - 3d4afc67-c7e5-451f-ad84-7ee4adc2e156@group-F110391D6AD9: changes role from  FOLLOWER to CANDIDATE at term 33 for changeToCandidate
2019-10-16 01:11:23,653 [Thread-802] INFO  impl.RoleInfo (RoleInfo.java:updateAndGet(143)) - 3d4afc67-c7e5-451f-ad84-7ee4adc2e156: start LeaderElection
2019-10-16 01:11:23,689 [3d4afc67-c7e5-451f-ad84-7ee4adc2e156@group-F110391D6AD9-LeaderElection37] INFO  impl.LeaderElection (LeaderElection.java:askForVotes(178)) - 3d4afc67-c7e5-451f-ad84-7ee4adc2e156@group-F110391D6AD9-LeaderElection37: begin an election at term 34 for 0: [9e106ceb-2e48-4592-baea-5a074ecdeb7f:192.168.164.234:46856, 3d4afc67-c7e5-451f-ad84-7ee4adc2e156:192.168.164.234:37554, bdf1820c-8b54-4379-867f-1e5a509c7465:192.168.164.234:34989], old=null
2019-10-16 01:11:23,694 [grpc-default-executor-6] INFO  impl.RaftServerImpl (RaftServerImpl.java:setRole(184)) - 9e106ceb-2e48-4592-baea-5a074ecdeb7f@group-F110391D6AD9: changes role from  FOLLOWER to FOLLOWER at term 34 for recognizeCandidate:3d4afc67-c7e5-451f-ad84-7ee4adc2e156
2019-10-16 01:11:23,694 [grpc-default-executor-3] INFO  impl.RaftServerImpl (RaftServerImpl.java:setRole(184)) - bdf1820c-8b54-4379-867f-1e5a509c7465@group-F110391D6AD9: changes role from  FOLLOWER to FOLLOWER at term 34 for recognizeCandidate:3d4afc67-c7e5-451f-ad84-7ee4adc2e156
2019-10-16 01:11:23,694 [grpc-default-executor-6] INFO  impl.RoleInfo (RoleInfo.java:shutdownFollowerState(121)) - 9e106ceb-2e48-4592-baea-5a074ecdeb7f: shutdown FollowerState
2019-10-16 01:11:23,694 [grpc-default-executor-3] INFO  impl.RoleInfo (RoleInfo.java:shutdownFollowerState(121)) - bdf1820c-8b54-4379-867f-1e5a509c7465: shutdown FollowerState
2019-10-16 01:11:23,694 [Thread-800] INFO  impl.FollowerState (FollowerState.java:run(117)) - 9e106ceb-2e48-4592-baea-5a074ecdeb7f@group-F110391D6AD9-FollowerState was interrupted: java.lang.InterruptedException: sleep interrupted
2019-10-16 01:11:23,694 [Thread-799] INFO  impl.FollowerState (FollowerState.java:run(117)) - bdf1820c-8b54-4379-867f-1e5a509c7465@group-F110391D6AD9-FollowerState was interrupted: java.lang.InterruptedException: sleep interrupted
2019-10-16 01:11:23,694 [grpc-default-executor-6] INFO  impl.RoleInfo (RoleInfo.java:updateAndGet(143)) - 9e106ceb-2e48-4592-baea-5a074ecdeb7f: start FollowerState
2019-10-16 01:11:23,694 [grpc-default-executor-3] INFO  impl.RoleInfo (RoleInfo.java:updateAndGet(143)) - bdf1820c-8b54-4379-867f-1e5a509c7465: start FollowerState
2019-10-16 01:11:23,732 [3d4afc67-c7e5-451f-ad84-7ee4adc2e156@group-F110391D6AD9-LeaderElection37] INFO  impl.LeaderElection (LeaderElection.java:logAndReturn(56)) - 3d4afc67-c7e5-451f-ad84-7ee4adc2e156@group-F110391D6AD9-LeaderElection37: Election REJECTED; received 2 response(s) [3d4afc67-c7e5-451f-ad84-7ee4adc2e156<-9e106ceb-2e48-4592-baea-5a074ecdeb7f#0:FAIL-t34, 3d4afc67-c7e5-451f-ad84-7ee4adc2e156<-bdf1820c-8b54-4379-867f-1e5a509c7465#0:FAIL-t34] and 0 exception(s); 3d4afc67-c7e5-451f-ad84-7ee4adc2e156@group-F110391D6AD9:t34, leader=null, voted=3d4afc67-c7e5-451f-ad84-7ee4adc2e156, raftlog=3d4afc67-c7e5-451f-ad84-7ee4adc2e156@group-F110391D6AD9-SegmentedRaftLog:OPENED:c3,f4,i4, conf=0: [9e106ceb-2e48-4592-baea-5a074ecdeb7f:192.168.164.234:46856, 3d4afc67-c7e5-451f-ad84-7ee4adc2e156:192.168.164.234:37554, bdf1820c-8b54-4379-867f-1e5a509c7465:192.168.164.234:34989], old=null
2019-10-16 01:11:23,733 [3d4afc67-c7e5-451f-ad84-7ee4adc2e156@group-F110391D6AD9-LeaderElection37] INFO  impl.RaftServerImpl (RaftServerImpl.java:setRole(184)) - 3d4afc67-c7e5-451f-ad84-7ee4adc2e156@group-F110391D6AD9: changes role from CANDIDATE to FOLLOWER at term 34 for DISCOVERED_A_NEW_TERM
2019-10-16 01:11:23,733 [3d4afc67-c7e5-451f-ad84-7ee4adc2e156@group-F110391D6AD9-LeaderElection37] INFO  impl.RoleInfo (RoleInfo.java:shutdownLeaderElection(134)) - 3d4afc67-c7e5-451f-ad84-7ee4adc2e156: shutdown LeaderElection
2019-10-16 01:11:23,733 [3d4afc67-c7e5-451f-ad84-7ee4adc2e156@group-F110391D6AD9-LeaderElection37] INFO  impl.RoleInfo (RoleInfo.java:updateAndGet(143)) - 3d4afc67-c7e5-451f-ad84-7ee4adc2e156: start FollowerState
2019-10-16 01:11:23,864 [BlockDeletingService#2] WARN  background.BlockDeletingService (BlockDeletingService.java:isDeletionAllowed(187)) - Close Container log Index 6 is not replicated across allthe servers in the pipeline 795bca3c-2629-405f-a5d8-f110391d6ad9 as the min replicated index is 4. Deletion is not allowed in this container yet.
2019-10-16 01:11:23,864 [BlockDeletingService#2] WARN  background.BlockDeletingService (BlockDeletingService.java:isDeletionAllowed(187)) - Close Container log Index 6 is not replicated across allthe servers in the pipeline 795bca3c-2629-405f-a5d8-f110391d6ad9 as the min replicated index is 4. Deletion is not allowed in this container yet.
2019-10-16 01:11:23,896 [EventQueue-PendingDeleteStatusForPendingDeleteHandler] INFO  block.SCMBlockDeletingService (SCMBlockDeletingService.java:handlePendingDeletes(115)) - Block deletion txnID mismatch in datanode 3d4afc67-c7e5-451f-ad84-7ee4adc2e156 for containerID 1. Datanode delete txnID: 0, SCM txnID: 1
2019-10-16 01:11:23,911 [Thread-808] INFO  impl.FollowerState (FollowerState.java:run(108)) - 3d4afc67-c7e5-451f-ad84-7ee4adc2e156@group-F110391D6AD9-FollowerState: change to CANDIDATE, lastRpcTime:177ms, electionTimeout:177ms
2019-10-16 01:11:23,911 [Thread-808] INFO  impl.RoleInfo (RoleInfo.java:shutdownFollowerState(121)) - 3d4afc67-c7e5-451f-ad84-7ee4adc2e156: shutdown FollowerState
2019-10-16 01:11:23,911 [Thread-808] INFO  impl.RaftServerImpl (RaftServerImpl.java:setRole(184)) - 3d4afc67-c7e5-451f-ad84-7ee4adc2e156@group-F110391D6AD9: changes role from  FOLLOWER to CANDIDATE at term 34 for changeToCandidate
2019-10-16 01:11:23,912 [Thread-808] INFO  impl.RoleInfo (RoleInfo.java:updateAndGet(143)) - 3d4afc67-c7e5-451f-ad84-7ee4adc2e156: start LeaderElection
2019-10-16 01:11:23,940 [3d4afc67-c7e5-451f-ad84-7ee4adc2e156@group-F110391D6AD9-LeaderElection38] INFO  impl.LeaderElection (LeaderElection.java:askForVotes(178)) - 3d4afc67-c7e5-451f-ad84-7ee4adc2e156@group-F110391D6AD9-LeaderElection38: begin an election at term 35 for 0: [9e106ceb-2e48-4592-baea-5a074ecdeb7f:192.168.164.234:46856, 3d4afc67-c7e5-451f-ad84-7ee4adc2e156:192.168.164.234:37554, bdf1820c-8b54-4379-867f-1e5a509c7465:192.168.164.234:34989], old=null
2019-10-16 01:11:23,947 [grpc-default-executor-3] INFO  impl.RaftServerImpl (RaftServerImpl.java:setRole(184)) - 9e106ceb-2e48-4592-baea-5a074ecdeb7f@group-F110391D6AD9: changes role from  FOLLOWER to FOLLOWER at term 35 for recognizeCandidate:3d4afc67-c7e5-451f-ad84-7ee4adc2e156
2019-10-16 01:11:23,947 [grpc-default-executor-6] INFO  impl.RaftServerImpl (RaftServerImpl.java:setRole(184)) - bdf1820c-8b54-4379-867f-1e5a509c7465@group-F110391D6AD9: changes role from  FOLLOWER to FOLLOWER at term 35 for recognizeCandidate:3d4afc67-c7e5-451f-ad84-7ee4adc2e156
2019-10-16 01:11:23,947 [grpc-default-executor-3] INFO  impl.RoleInfo (RoleInfo.java:shutdownFollowerState(121)) - 9e106ceb-2e48-4592-baea-5a074ecdeb7f: shutdown FollowerState
2019-10-16 01:11:23,947 [grpc-default-executor-6] INFO  impl.RoleInfo (RoleInfo.java:shutdownFollowerState(121)) - bdf1820c-8b54-4379-867f-1e5a509c7465: shutdown FollowerState
2019-10-16 01:11:23,948 [grpc-default-executor-3] INFO  impl.RoleInfo (RoleInfo.java:updateAndGet(143)) - 9e106ceb-2e48-4592-baea-5a074ecdeb7f: start FollowerState
2019-10-16 01:11:23,948 [Thread-807] INFO  impl.FollowerState (FollowerState.java:run(117)) - bdf1820c-8b54-4379-867f-1e5a509c7465@group-F110391D6AD9-FollowerState was interrupted: java.lang.InterruptedException: sleep interrupted
2019-10-16 01:11:23,948 [grpc-default-executor-6] INFO  impl.RoleInfo (RoleInfo.java:updateAndGet(143)) - bdf1820c-8b54-4379-867f-1e5a509c7465: start FollowerState
2019-10-16 01:11:23,948 [Thread-806] INFO  impl.FollowerState (FollowerState.java:run(117)) - 9e106ceb-2e48-4592-baea-5a074ecdeb7f@group-F110391D6AD9-FollowerState was interrupted: java.lang.InterruptedException: sleep interrupted
2019-10-16 01:11:23,976 [3d4afc67-c7e5-451f-ad84-7ee4adc2e156@group-F110391D6AD9-LeaderElection38] INFO  impl.LeaderElection (LeaderElection.java:logAndReturn(56)) - 3d4afc67-c7e5-451f-ad84-7ee4adc2e156@group-F110391D6AD9-LeaderElection38: Election REJECTED; received 2 response(s) [3d4afc67-c7e5-451f-ad84-7ee4adc2e156<-9e106ceb-2e48-4592-baea-5a074ecdeb7f#0:FAIL-t35, 3d4afc67-c7e5-451f-ad84-7ee4adc2e156<-bdf1820c-8b54-4379-867f-1e5a509c7465#0:FAIL-t35] and 0 exception(s); 3d4afc67-c7e5-451f-ad84-7ee4adc2e156@group-F110391D6AD9:t35, leader=null, voted=3d4afc67-c7e5-451f-ad84-7ee4adc2e156, raftlog=3d4afc67-c7e5-451f-ad84-7ee4adc2e156@group-F110391D6AD9-SegmentedRaftLog:OPENED:c3,f4,i4, conf=0: [9e106ceb-2e48-4592-baea-5a074ecdeb7f:192.168.164.234:46856, 3d4afc67-c7e5-451f-ad84-7ee4adc2e156:192.168.164.234:37554, bdf1820c-8b54-4379-867f-1e5a509c7465:192.168.164.234:34989], old=null
2019-10-16 01:11:23,977 [3d4afc67-c7e5-451f-ad84-7ee4adc2e156@group-F110391D6AD9-LeaderElection38] INFO  impl.RaftServerImpl (RaftServerImpl.java:setRole(184)) - 3d4afc67-c7e5-451f-ad84-7ee4adc2e156@group-F110391D6AD9: changes role from CANDIDATE to FOLLOWER at term 35 for DISCOVERED_A_NEW_TERM
2019-10-16 01:11:23,977 [3d4afc67-c7e5-451f-ad84-7ee4adc2e156@group-F110391D6AD9-LeaderElection38] INFO  impl.RoleInfo (RoleInfo.java:shutdownLeaderElection(134)) - 3d4afc67-c7e5-451f-ad84-7ee4adc2e156: shutdown LeaderElection
2019-10-16 01:11:23,977 [3d4afc67-c7e5-451f-ad84-7ee4adc2e156@group-F110391D6AD9-LeaderElection38] INFO  impl.RoleInfo (RoleInfo.java:updateAndGet(143)) - 3d4afc67-c7e5-451f-ad84-7ee4adc2e156: start FollowerState
2019-10-16 01:11:24,026 [Command processor thread] INFO  commandhandler.DeleteBlocksCommandHandler (DeleteBlocksCommandHandler.java:handle(106)) - Start to delete container blocks, TXIDs=[1(0)], numOfContainers=1, numOfBlocks=1
2019-10-16 01:11:24,027 [Command processor thread] INFO  commandhandler.DeleteBlocksCommandHandler (DeleteBlocksCommandHandler.java:handle(106)) - Start to delete container blocks, TXIDs=[1(2)], numOfContainers=1, numOfBlocks=1
2019-10-16 01:11:24,027 [Command processor thread] INFO  commandhandler.DeleteBlocksCommandHandler (DeleteBlocksCommandHandler.java:handle(106)) - Start to delete container blocks, TXIDs=[1(0)], numOfContainers=1, numOfBlocks=1
2019-10-16 01:11:24,028 [Command processor thread] INFO  commandhandler.DeleteBlocksCommandHandler (DeleteBlocksCommandHandler.java:handle(106)) - Start to delete container blocks, TXIDs=[1(2)], numOfContainers=1, numOfBlocks=1
2019-10-16 01:11:24,028 [Command processor thread] INFO  commandhandler.DeleteBlocksCommandHandler (DeleteBlocksCommandHandler.java:handle(106)) - Start to delete container blocks, TXIDs=[1(0)], numOfContainers=1, numOfBlocks=1
2019-10-16 01:11:24,028 [Command processor thread] INFO  commandhandler.DeleteBlocksCommandHandler (DeleteBlocksCommandHandler.java:handle(106)) - Start to delete container blocks, TXIDs=[1(2)], numOfContainers=1, numOfBlocks=1
2019-10-16 01:11:24,029 [Command processor thread] INFO  commandhandler.DeleteBlocksCommandHandler (DeleteBlocksCommandHandler.java:handle(106)) - Start to delete container blocks, TXIDs=[1(0)], numOfContainers=1, numOfBlocks=1
2019-10-16 01:11:24,029 [Command processor thread] INFO  commandhandler.DeleteBlocksCommandHandler (DeleteBlocksCommandHandler.java:handle(106)) - Start to delete container blocks, TXIDs=[1(2)], numOfContainers=1, numOfBlocks=1
2019-10-16 01:11:24,029 [Command processor thread] INFO  commandhandler.DeleteBlocksCommandHandler (DeleteBlocksCommandHandler.java:handle(106)) - Start to delete container blocks, TXIDs=[1(2)], numOfContainers=1, numOfBlocks=1
2019-10-16 01:11:24,030 [Command processor thread] INFO  commandhandler.DeleteBlocksCommandHandler (DeleteBlocksCommandHandler.java:handle(106)) - Start to delete container blocks, TXIDs=[1(2)], numOfContainers=1, numOfBlocks=1
2019-10-16 01:11:24,030 [Command processor thread] INFO  commandhandler.DeleteBlocksCommandHandler (DeleteBlocksCommandHandler.java:handle(106)) - Start to delete container blocks, TXIDs=[1(2)], numOfContainers=1, numOfBlocks=1
2019-10-16 01:11:24,030 [Command processor thread] INFO  commandhandler.DeleteBlocksCommandHandler (DeleteBlocksCommandHandler.java:handle(106)) - Start to delete container blocks, TXIDs=[1(0)], numOfContainers=1, numOfBlocks=1
2019-10-16 01:11:24,030 [Command processor thread] INFO  commandhandler.DeleteBlocksCommandHandler (DeleteBlocksCommandHandler.java:handle(106)) - Start to delete container blocks, TXIDs=[1(2)], numOfContainers=1, numOfBlocks=1
2019-10-16 01:11:24,031 [Command processor thread] INFO  commandhandler.DeleteBlocksCommandHandler (DeleteBlocksCommandHandler.java:handle(106)) - Start to delete container blocks, TXIDs=[1(2)], numOfContainers=1, numOfBlocks=1
2019-10-16 01:11:24,031 [Command processor thread] INFO  commandhandler.DeleteBlocksCommandHandler (DeleteBlocksCommandHandler.java:handle(106)) - Start to delete container blocks, TXIDs=[1(2)], numOfContainers=1, numOfBlocks=1
2019-10-16 01:11:24,031 [Command processor thread] INFO  commandhandler.DeleteBlocksCommandHandler (DeleteBlocksCommandHandler.java:handle(106)) - Start to delete container blocks, TXIDs=[1(2)], numOfContainers=1, numOfBlocks=1
2019-10-16 01:11:24,032 [Command processor thread] INFO  commandhandler.DeleteBlocksCommandHandler (DeleteBlocksCommandHandler.java:handle(106)) - Start to delete container blocks, TXIDs=[1(0)], numOfContainers=1, numOfBlocks=1
2019-10-16 01:11:24,032 [Command processor thread] INFO  commandhandler.DeleteBlocksCommandHandler (DeleteBlocksCommandHandler.java:handle(106)) - Start to delete container blocks, TXIDs=[1(2)], numOfContainers=1, numOfBlocks=1
2019-10-16 01:11:24,032 [Command processor thread] INFO  commandhandler.DeleteBlocksCommandHandler (DeleteBlocksCommandHandler.java:handle(106)) - Start to delete container blocks, TXIDs=[1(2)], numOfContainers=1, numOfBlocks=1
2019-10-16 01:11:24,032 [Command processor thread] INFO  commandhandler.DeleteBlocksCommandHandler (DeleteBlocksCommandHandler.java:handle(106)) - Start to delete container blocks, TXIDs=[1(2)], numOfContainers=1, numOfBlocks=1
2019-10-16 01:11:24,033 [Command processor thread] INFO  commandhandler.DeleteBlocksCommandHandler (DeleteBlocksCommandHandler.java:handle(106)) - Start to delete container blocks, TXIDs=[1(2)], numOfContainers=1, numOfBlocks=1
2019-10-16 01:11:24,033 [Command processor thread] INFO  commandhandler.DeleteBlocksCommandHandler (DeleteBlocksCommandHandler.java:handle(106)) - Start to delete container blocks, TXIDs=[1(2)], numOfContainers=1, numOfBlocks=1
2019-10-16 01:11:24,033 [Command processor thread] INFO  commandhandler.DeleteBlocksCommandHandler (DeleteBlocksCommandHandler.java:handle(106)) - Start to delete container blocks, TXIDs=[1(0)], numOfContainers=1, numOfBlocks=1
2019-10-16 01:11:24,034 [Command processor thread] INFO  commandhandler.DeleteBlocksCommandHandler (DeleteBlocksCommandHandler.java:handle(106)) - Start to delete container blocks, TXIDs=[1(2)], numOfContainers=1, numOfBlocks=1
2019-10-16 01:11:24,034 [Command processor thread] INFO  commandhandler.DeleteBlocksCommandHandler (DeleteBlocksCommandHandler.java:handle(106)) - Start to delete container blocks, TXIDs=[1(2)], numOfContainers=1, numOfBlocks=1
2019-10-16 01:11:24,034 [Command processor thread] INFO  commandhandler.DeleteBlocksCommandHandler (DeleteBlocksCommandHandler.java:handle(106)) - Start to delete container blocks, TXIDs=[1(2)], numOfContainers=1, numOfBlocks=1
2019-10-16 01:11:24,034 [Command processor thread] INFO  commandhandler.DeleteBlocksCommandHandler (DeleteBlocksCommandHandler.java:handle(106)) - Start to delete container blocks, TXIDs=[1(2)], numOfContainers=1, numOfBlocks=1
2019-10-16 01:11:24,035 [Command processor thread] INFO  commandhandler.DeleteBlocksCommandHandler (DeleteBlocksCommandHandler.java:handle(106)) - Start to delete container blocks, TXIDs=[1(2)], numOfContainers=1, numOfBlocks=1
2019-10-16 01:11:24,035 [Command processor thread] INFO  commandhandler.DeleteBlocksCommandHandler (DeleteBlocksCommandHandler.java:handle(106)) - Start to delete container blocks, TXIDs=[1(2)], numOfContainers=1, numOfBlocks=1
2019-10-16 01:11:24,035 [Command processor thread] INFO  commandhandler.DeleteBlocksCommandHandler (DeleteBlocksCommandHandler.java:handle(106)) - Start to delete container blocks, TXIDs=[1(0)], numOfContainers=1, numOfBlocks=1
2019-10-16 01:11:24,035 [Command processor thread] INFO  commandhandler.DeleteBlocksCommandHandler (DeleteBlocksCommandHandler.java:handle(106)) - Start to delete container blocks, TXIDs=[1(2)], numOfContainers=1, numOfBlocks=1
2019-10-16 01:11:24,036 [Command processor thread] INFO  commandhandler.DeleteBlocksCommandHandler (DeleteBlocksCommandHandler.java:handle(106)) - Start to delete container blocks, TXIDs=[1(2)], numOfContainers=1, numOfBlocks=1
2019-10-16 01:11:24,036 [Command processor thread] INFO  commandhandler.DeleteBlocksCommandHandler (DeleteBlocksCommandHandler.java:handle(106)) - Start to delete container blocks, TXIDs=[1(2)], numOfContainers=1, numOfBlocks=1
2019-10-16 01:11:24,036 [Command processor thread] INFO  commandhandler.DeleteBlocksCommandHandler (DeleteBlocksCommandHandler.java:handle(106)) - Start to delete container blocks, TXIDs=[1(30)], numOfContainers=1, numOfBlocks=1
2019-10-16 01:11:24,036 [Command processor thread] INFO  commandhandler.DeleteBlocksCommandHandler (DeleteBlocksCommandHandler.java:handle(106)) - Start to delete container blocks, TXIDs=[1(2)], numOfContainers=1, numOfBlocks=1
2019-10-16 01:11:24,037 [Command processor thread] INFO  commandhandler.DeleteBlocksCommandHandler (DeleteBlocksCommandHandler.java:handle(106)) - Start to delete container blocks, TXIDs=[1(2)], numOfContainers=1, numOfBlocks=1
2019-10-16 01:11:24,119 [pool-7-thread-3] INFO  commands.RetriableDatanodeEventWatcher (RetriableDatanodeEventWatcher.java:onTimeout(47)) - RetriableDatanodeCommand type=deleteBlocksCommand with id=1571188276107 timed out. Retrying.
2019-10-16 01:11:24,119 [pool-7-thread-4] INFO  commands.RetriableDatanodeEventWatcher (RetriableDatanodeEventWatcher.java:onTimeout(47)) - RetriableDatanodeCommand type=deleteBlocksCommand with id=1571188276112 timed out. Retrying.
2019-10-16 01:11:24,122 [pool-7-thread-4] INFO  commands.RetriableDatanodeEventWatcher (RetriableDatanodeEventWatcher.java:onTimeout(47)) - RetriableDatanodeCommand type=deleteBlocksCommand with id=1571188276115 timed out. Retrying.
2019-10-16 01:11:24,122 [pool-7-thread-5] INFO  commands.RetriableDatanodeEventWatcher (RetriableDatanodeEventWatcher.java:onTimeout(47)) - RetriableDatanodeCommand type=deleteBlocksCommand with id=1571188276113 timed out. Retrying.
2019-10-16 01:11:24,122 [pool-7-thread-1] INFO  commands.RetriableDatanodeEventWatcher (RetriableDatanodeEventWatcher.java:onTimeout(47)) - RetriableDatanodeCommand type=deleteBlocksCommand with id=1571188276116 timed out. Retrying.
2019-10-16 01:11:24,122 [pool-7-thread-2] INFO  commands.RetriableDatanodeEventWatcher (RetriableDatanodeEventWatcher.java:onTimeout(47)) - RetriableDatanodeCommand type=deleteBlocksCommand with id=1571188276111 timed out. Retrying.
2019-10-16 01:11:24,123 [pool-7-thread-3] INFO  commands.RetriableDatanodeEventWatcher (RetriableDatanodeEventWatcher.java:onTimeout(47)) - RetriableDatanodeCommand type=deleteBlocksCommand with id=1571188276114 timed out. Retrying.
2019-10-16 01:11:24,123 [pool-7-thread-6] INFO  commands.RetriableDatanodeEventWatcher (RetriableDatanodeEventWatcher.java:onTimeout(47)) - RetriableDatanodeCommand type=deleteBlocksCommand with id=1571188276110 timed out. Retrying.
2019-10-16 01:11:24,124 [SCMBlockDeletingService#1] INFO  block.SCMBlockDeletingService (SCMBlockDeletingService.java:call(184)) - Totally added 1 delete blocks command for 1 datanodes, task elapsed time: 1ms
2019-10-16 01:11:24,131 [Thread-816] INFO  impl.FollowerState (FollowerState.java:run(108)) - 3d4afc67-c7e5-451f-ad84-7ee4adc2e156@group-F110391D6AD9-FollowerState: change to CANDIDATE, lastRpcTime:153ms, electionTimeout:153ms
2019-10-16 01:11:24,131 [Thread-816] INFO  impl.RoleInfo (RoleInfo.java:shutdownFollowerState(121)) - 3d4afc67-c7e5-451f-ad84-7ee4adc2e156: shutdown FollowerState
2019-10-16 01:11:24,131 [Thread-816] INFO  impl.RaftServerImpl (RaftServerImpl.java:setRole(184)) - 3d4afc67-c7e5-451f-ad84-7ee4adc2e156@group-F110391D6AD9: changes role from  FOLLOWER to CANDIDATE at term 35 for changeToCandidate
2019-10-16 01:11:24,131 [Thread-816] INFO  impl.RoleInfo (RoleInfo.java:updateAndGet(143)) - 3d4afc67-c7e5-451f-ad84-7ee4adc2e156: start LeaderElection
2019-10-16 01:11:24,183 [3d4afc67-c7e5-451f-ad84-7ee4adc2e156@group-F110391D6AD9-LeaderElection39] INFO  impl.LeaderElection (LeaderElection.java:askForVotes(178)) - 3d4afc67-c7e5-451f-ad84-7ee4adc2e156@group-F110391D6AD9-LeaderElection39: begin an election at term 36 for 0: [9e106ceb-2e48-4592-baea-5a074ecdeb7f:192.168.164.234:46856, 3d4afc67-c7e5-451f-ad84-7ee4adc2e156:192.168.164.234:37554, bdf1820c-8b54-4379-867f-1e5a509c7465:192.168.164.234:34989], old=null
2019-10-16 01:11:24,186 [grpc-default-executor-6] INFO  impl.RaftServerImpl (RaftServerImpl.java:setRole(184)) - bdf1820c-8b54-4379-867f-1e5a509c7465@group-F110391D6AD9: changes role from  FOLLOWER to FOLLOWER at term 36 for recognizeCandidate:3d4afc67-c7e5-451f-ad84-7ee4adc2e156
2019-10-16 01:11:24,186 [grpc-default-executor-3] INFO  impl.RaftServerImpl (RaftServerImpl.java:setRole(184)) - 9e106ceb-2e48-4592-baea-5a074ecdeb7f@group-F110391D6AD9: changes role from  FOLLOWER to FOLLOWER at term 36 for recognizeCandidate:3d4afc67-c7e5-451f-ad84-7ee4adc2e156
2019-10-16 01:11:24,187 [grpc-default-executor-6] INFO  impl.RoleInfo (RoleInfo.java:shutdownFollowerState(121)) - bdf1820c-8b54-4379-867f-1e5a509c7465: shutdown FollowerState
2019-10-16 01:11:24,187 [grpc-default-executor-3] INFO  impl.RoleInfo (RoleInfo.java:shutdownFollowerState(121)) - 9e106ceb-2e48-4592-baea-5a074ecdeb7f: shutdown FollowerState
2019-10-16 01:11:24,187 [Thread-815] INFO  impl.FollowerState (FollowerState.java:run(117)) - bdf1820c-8b54-4379-867f-1e5a509c7465@group-F110391D6AD9-FollowerState was interrupted: java.lang.InterruptedException: sleep interrupted
2019-10-16 01:11:24,187 [grpc-default-executor-6] INFO  impl.RoleInfo (RoleInfo.java:updateAndGet(143)) - bdf1820c-8b54-4379-867f-1e5a509c7465: start FollowerState
2019-10-16 01:11:24,187 [grpc-default-executor-3] INFO  impl.RoleInfo (RoleInfo.java:updateAndGet(143)) - 9e106ceb-2e48-4592-baea-5a074ecdeb7f: start FollowerState
2019-10-16 01:11:24,187 [Thread-814] INFO  impl.FollowerState (FollowerState.java:run(117)) - 9e106ceb-2e48-4592-baea-5a074ecdeb7f@group-F110391D6AD9-FollowerState was interrupted: java.lang.InterruptedException: sleep interrupted
2019-10-16 01:11:24,207 [3d4afc67-c7e5-451f-ad84-7ee4adc2e156@group-F110391D6AD9-LeaderElection39] INFO  impl.LeaderElection (LeaderElection.java:logAndReturn(56)) - 3d4afc67-c7e5-451f-ad84-7ee4adc2e156@group-F110391D6AD9-LeaderElection39: Election TIMEOUT; received 0 response(s) [] and 0 exception(s); 3d4afc67-c7e5-451f-ad84-7ee4adc2e156@group-F110391D6AD9:t36, leader=null, voted=3d4afc67-c7e5-451f-ad84-7ee4adc2e156, raftlog=3d4afc67-c7e5-451f-ad84-7ee4adc2e156@group-F110391D6AD9-SegmentedRaftLog:OPENED:c3,f4,i4, conf=0: [9e106ceb-2e48-4592-baea-5a074ecdeb7f:192.168.164.234:46856, 3d4afc67-c7e5-451f-ad84-7ee4adc2e156:192.168.164.234:37554, bdf1820c-8b54-4379-867f-1e5a509c7465:192.168.164.234:34989], old=null
2019-10-16 01:11:24,210 [Thread-824] INFO  client.GrpcClientProtocolService (GrpcClientProtocolService.java:lambda$processClientRequest$0(278)) - Failed RaftClientRequest:client-901DCD72E87A->9e106ceb-2e48-4592-baea-5a074ecdeb7f@group-F110391D6AD9, cid=10, seq=0, Watch-ALL_COMMITTED(6), Message:<EMPTY>, reply=RaftClientReply:client-901DCD72E87A->9e106ceb-2e48-4592-baea-5a074ecdeb7f@group-F110391D6AD9, cid=10, FAILED org.apache.ratis.protocol.NotLeaderException: Server 9e106ceb-2e48-4592-baea-5a074ecdeb7f@group-F110391D6AD9 is not the leader, logIndex=0, commits[9e106ceb-2e48-4592-baea-5a074ecdeb7f:c10, 3d4afc67-c7e5-451f-ad84-7ee4adc2e156:c4, bdf1820c-8b54-4379-867f-1e5a509c7465:c10]
2019-10-16 01:11:24,225 [3d4afc67-c7e5-451f-ad84-7ee4adc2e156@group-F110391D6AD9-LeaderElection39] INFO  impl.LeaderElection (LeaderElection.java:askForVotes(178)) - 3d4afc67-c7e5-451f-ad84-7ee4adc2e156@group-F110391D6AD9-LeaderElection39: begin an election at term 37 for 0: [9e106ceb-2e48-4592-baea-5a074ecdeb7f:192.168.164.234:46856, 3d4afc67-c7e5-451f-ad84-7ee4adc2e156:192.168.164.234:37554, bdf1820c-8b54-4379-867f-1e5a509c7465:192.168.164.234:34989], old=null
2019-10-16 01:11:24,230 [grpc-default-executor-3] INFO  impl.RaftServerImpl (RaftServerImpl.java:setRole(184)) - 9e106ceb-2e48-4592-baea-5a074ecdeb7f@group-F110391D6AD9: changes role from  FOLLOWER to FOLLOWER at term 37 for recognizeCandidate:3d4afc67-c7e5-451f-ad84-7ee4adc2e156
2019-10-16 01:11:24,230 [grpc-default-executor-6] INFO  impl.RaftServerImpl (RaftServerImpl.java:setRole(184)) - bdf1820c-8b54-4379-867f-1e5a509c7465@group-F110391D6AD9: changes role from  FOLLOWER to FOLLOWER at term 37 for recognizeCandidate:3d4afc67-c7e5-451f-ad84-7ee4adc2e156
2019-10-16 01:11:24,231 [grpc-default-executor-6] INFO  impl.RoleInfo (RoleInfo.java:shutdownFollowerState(121)) - bdf1820c-8b54-4379-867f-1e5a509c7465: shutdown FollowerState
2019-10-16 01:11:24,230 [grpc-default-executor-3] INFO  impl.RoleInfo (RoleInfo.java:shutdownFollowerState(121)) - 9e106ceb-2e48-4592-baea-5a074ecdeb7f: shutdown FollowerState
2019-10-16 01:11:24,231 [Thread-821] INFO  impl.FollowerState (FollowerState.java:run(117)) - bdf1820c-8b54-4379-867f-1e5a509c7465@group-F110391D6AD9-FollowerState was interrupted: java.lang.InterruptedException: sleep interrupted
2019-10-16 01:11:24,231 [grpc-default-executor-6] INFO  impl.RoleInfo (RoleInfo.java:updateAndGet(143)) - bdf1820c-8b54-4379-867f-1e5a509c7465: start FollowerState
2019-10-16 01:11:24,231 [Thread-822] INFO  impl.FollowerState (FollowerState.java:run(117)) - 9e106ceb-2e48-4592-baea-5a074ecdeb7f@group-F110391D6AD9-FollowerState was interrupted: java.lang.InterruptedException: sleep interrupted
2019-10-16 01:11:24,233 [3d4afc67-c7e5-451f-ad84-7ee4adc2e156@group-F110391D6AD9-LeaderElection39] INFO  impl.LeaderElection (LeaderElection.java:logAndReturn(56)) - 3d4afc67-c7e5-451f-ad84-7ee4adc2e156@group-F110391D6AD9-LeaderElection39: Election TIMEOUT; received 0 response(s) [] and 0 exception(s); 3d4afc67-c7e5-451f-ad84-7ee4adc2e156@group-F110391D6AD9:t37, leader=null, voted=3d4afc67-c7e5-451f-ad84-7ee4adc2e156, raftlog=3d4afc67-c7e5-451f-ad84-7ee4adc2e156@group-F110391D6AD9-SegmentedRaftLog:OPENED:c3,f4,i4, conf=0: [9e106ceb-2e48-4592-baea-5a074ecdeb7f:192.168.164.234:46856, 3d4afc67-c7e5-451f-ad84-7ee4adc2e156:192.168.164.234:37554, bdf1820c-8b54-4379-867f-1e5a509c7465:192.168.164.234:34989], old=null
2019-10-16 01:11:24,231 [grpc-default-executor-3] INFO  impl.RoleInfo (RoleInfo.java:updateAndGet(143)) - 9e106ceb-2e48-4592-baea-5a074ecdeb7f: start FollowerState
2019-10-16 01:11:24,259 [3d4afc67-c7e5-451f-ad84-7ee4adc2e156@group-F110391D6AD9-LeaderElection39] INFO  impl.LeaderElection (LeaderElection.java:askForVotes(178)) - 3d4afc67-c7e5-451f-ad84-7ee4adc2e156@group-F110391D6AD9-LeaderElection39: begin an election at term 38 for 0: [9e106ceb-2e48-4592-baea-5a074ecdeb7f:192.168.164.234:46856, 3d4afc67-c7e5-451f-ad84-7ee4adc2e156:192.168.164.234:37554, bdf1820c-8b54-4379-867f-1e5a509c7465:192.168.164.234:34989], old=null
2019-10-16 01:11:24,262 [grpc-default-executor-3] INFO  impl.RaftServerImpl (RaftServerImpl.java:setRole(184)) - 9e106ceb-2e48-4592-baea-5a074ecdeb7f@group-F110391D6AD9: changes role from  FOLLOWER to FOLLOWER at term 38 for recognizeCandidate:3d4afc67-c7e5-451f-ad84-7ee4adc2e156
2019-10-16 01:11:24,262 [grpc-default-executor-6] INFO  impl.RaftServerImpl (RaftServerImpl.java:setRole(184)) - bdf1820c-8b54-4379-867f-1e5a509c7465@group-F110391D6AD9: changes role from  FOLLOWER to FOLLOWER at term 38 for recognizeCandidate:3d4afc67-c7e5-451f-ad84-7ee4adc2e156
2019-10-16 01:11:24,262 [grpc-default-executor-3] INFO  impl.RoleInfo (RoleInfo.java:shutdownFollowerState(121)) - 9e106ceb-2e48-4592-baea-5a074ecdeb7f: shutdown FollowerState
2019-10-16 01:11:24,262 [grpc-default-executor-6] INFO  impl.RoleInfo (RoleInfo.java:shutdownFollowerState(121)) - bdf1820c-8b54-4379-867f-1e5a509c7465: shutdown FollowerState
2019-10-16 01:11:24,262 [grpc-default-executor-3] INFO  impl.RoleInfo (RoleInfo.java:updateAndGet(143)) - 9e106ceb-2e48-4592-baea-5a074ecdeb7f: start FollowerState
2019-10-16 01:11:24,262 [Thread-829] INFO  impl.FollowerState (FollowerState.java:run(117)) - 9e106ceb-2e48-4592-baea-5a074ecdeb7f@group-F110391D6AD9-FollowerState was interrupted: java.lang.InterruptedException: sleep interrupted
2019-10-16 01:11:24,262 [Thread-828] INFO  impl.FollowerState (FollowerState.java:run(117)) - bdf1820c-8b54-4379-867f-1e5a509c7465@group-F110391D6AD9-FollowerState was interrupted: java.lang.InterruptedException: sleep interrupted
2019-10-16 01:11:24,262 [grpc-default-executor-6] INFO  impl.RoleInfo (RoleInfo.java:updateAndGet(143)) - bdf1820c-8b54-4379-867f-1e5a509c7465: start FollowerState
2019-10-16 01:11:24,286 [3d4afc67-c7e5-451f-ad84-7ee4adc2e156@group-F110391D6AD9-LeaderElection39] INFO  impl.LeaderElection (LeaderElection.java:logAndReturn(56)) - 3d4afc67-c7e5-451f-ad84-7ee4adc2e156@group-F110391D6AD9-LeaderElection39: Election REJECTED; received 2 response(s) [3d4afc67-c7e5-451f-ad84-7ee4adc2e156<-9e106ceb-2e48-4592-baea-5a074ecdeb7f#0:FAIL-t38, 3d4afc67-c7e5-451f-ad84-7ee4adc2e156<-bdf1820c-8b54-4379-867f-1e5a509c7465#0:FAIL-t38] and 0 exception(s); 3d4afc67-c7e5-451f-ad84-7ee4adc2e156@group-F110391D6AD9:t38, leader=null, voted=3d4afc67-c7e5-451f-ad84-7ee4adc2e156, raftlog=3d4afc67-c7e5-451f-ad84-7ee4adc2e156@group-F110391D6AD9-SegmentedRaftLog:OPENED:c3,f4,i4, conf=0: [9e106ceb-2e48-4592-baea-5a074ecdeb7f:192.168.164.234:46856, 3d4afc67-c7e5-451f-ad84-7ee4adc2e156:192.168.164.234:37554, bdf1820c-8b54-4379-867f-1e5a509c7465:192.168.164.234:34989], old=null
2019-10-16 01:11:24,286 [3d4afc67-c7e5-451f-ad84-7ee4adc2e156@group-F110391D6AD9-LeaderElection39] INFO  impl.RaftServerImpl (RaftServerImpl.java:setRole(184)) - 3d4afc67-c7e5-451f-ad84-7ee4adc2e156@group-F110391D6AD9: changes role from CANDIDATE to FOLLOWER at term 38 for DISCOVERED_A_NEW_TERM
2019-10-16 01:11:24,286 [3d4afc67-c7e5-451f-ad84-7ee4adc2e156@group-F110391D6AD9-LeaderElection39] INFO  impl.RoleInfo (RoleInfo.java:shutdownLeaderElection(134)) - 3d4afc67-c7e5-451f-ad84-7ee4adc2e156: shutdown LeaderElection
2019-10-16 01:11:24,286 [3d4afc67-c7e5-451f-ad84-7ee4adc2e156@group-F110391D6AD9-LeaderElection39] INFO  impl.RoleInfo (RoleInfo.java:updateAndGet(143)) - 3d4afc67-c7e5-451f-ad84-7ee4adc2e156: start FollowerState
2019-10-16 01:11:24,327 [Thread-834] INFO  impl.FollowerState (FollowerState.java:run(108)) - 3d4afc67-c7e5-451f-ad84-7ee4adc2e156@group-F110391D6AD9-FollowerState: change to CANDIDATE, lastRpcTime:40ms, electionTimeout:40ms
2019-10-16 01:11:24,327 [Thread-834] INFO  impl.RoleInfo (RoleInfo.java:shutdownFollowerState(121)) - 3d4afc67-c7e5-451f-ad84-7ee4adc2e156: shutdown FollowerState
2019-10-16 01:11:24,327 [Thread-834] INFO  impl.RaftServerImpl (RaftServerImpl.java:setRole(184)) - 3d4afc67-c7e5-451f-ad84-7ee4adc2e156@group-F110391D6AD9: changes role from  FOLLOWER to CANDIDATE at term 38 for changeToCandidate
2019-10-16 01:11:24,327 [Thread-834] INFO  impl.RoleInfo (RoleInfo.java:updateAndGet(143)) - 3d4afc67-c7e5-451f-ad84-7ee4adc2e156: start LeaderElection
2019-10-16 01:11:24,351 [3d4afc67-c7e5-451f-ad84-7ee4adc2e156@group-F110391D6AD9-LeaderElection40] INFO  impl.LeaderElection (LeaderElection.java:askForVotes(178)) - 3d4afc67-c7e5-451f-ad84-7ee4adc2e156@group-F110391D6AD9-LeaderElection40: begin an election at term 39 for 0: [9e106ceb-2e48-4592-baea-5a074ecdeb7f:192.168.164.234:46856, 3d4afc67-c7e5-451f-ad84-7ee4adc2e156:192.168.164.234:37554, bdf1820c-8b54-4379-867f-1e5a509c7465:192.168.164.234:34989], old=null
2019-10-16 01:11:24,355 [grpc-default-executor-6] INFO  impl.RaftServerImpl (RaftServerImpl.java:setRole(184)) - bdf1820c-8b54-4379-867f-1e5a509c7465@group-F110391D6AD9: changes role from  FOLLOWER to FOLLOWER at term 39 for recognizeCandidate:3d4afc67-c7e5-451f-ad84-7ee4adc2e156
2019-10-16 01:11:24,355 [grpc-default-executor-6] INFO  impl.RoleInfo (RoleInfo.java:shutdownFollowerState(121)) - bdf1820c-8b54-4379-867f-1e5a509c7465: shutdown FollowerState
2019-10-16 01:11:24,355 [grpc-default-executor-6] INFO  impl.RoleInfo (RoleInfo.java:updateAndGet(143)) - bdf1820c-8b54-4379-867f-1e5a509c7465: start FollowerState
2019-10-16 01:11:24,355 [Thread-833] INFO  impl.FollowerState (FollowerState.java:run(117)) - bdf1820c-8b54-4379-867f-1e5a509c7465@group-F110391D6AD9-FollowerState was interrupted: java.lang.InterruptedException: sleep interrupted
2019-10-16 01:11:24,356 [grpc-default-executor-3] INFO  impl.RaftServerImpl (RaftServerImpl.java:setRole(184)) - 9e106ceb-2e48-4592-baea-5a074ecdeb7f@group-F110391D6AD9: changes role from  FOLLOWER to FOLLOWER at term 39 for recognizeCandidate:3d4afc67-c7e5-451f-ad84-7ee4adc2e156
2019-10-16 01:11:24,356 [grpc-default-executor-3] INFO  impl.RoleInfo (RoleInfo.java:shutdownFollowerState(121)) - 9e106ceb-2e48-4592-baea-5a074ecdeb7f: shutdown FollowerState
2019-10-16 01:11:24,356 [Thread-832] INFO  impl.FollowerState (FollowerState.java:run(117)) - 9e106ceb-2e48-4592-baea-5a074ecdeb7f@group-F110391D6AD9-FollowerState was interrupted: java.lang.InterruptedException: sleep interrupted
2019-10-16 01:11:24,356 [grpc-default-executor-3] INFO  impl.RoleInfo (RoleInfo.java:updateAndGet(143)) - 9e106ceb-2e48-4592-baea-5a074ecdeb7f: start FollowerState
2019-10-16 01:11:24,378 [3d4afc67-c7e5-451f-ad84-7ee4adc2e156@group-F110391D6AD9-LeaderElection40] INFO  impl.LeaderElection (LeaderElection.java:logAndReturn(56)) - 3d4afc67-c7e5-451f-ad84-7ee4adc2e156@group-F110391D6AD9-LeaderElection40: Election REJECTED; received 2 response(s) [3d4afc67-c7e5-451f-ad84-7ee4adc2e156<-9e106ceb-2e48-4592-baea-5a074ecdeb7f#0:FAIL-t39, 3d4afc67-c7e5-451f-ad84-7ee4adc2e156<-bdf1820c-8b54-4379-867f-1e5a509c7465#0:FAIL-t39] and 0 exception(s); 3d4afc67-c7e5-451f-ad84-7ee4adc2e156@group-F110391D6AD9:t39, leader=null, voted=3d4afc67-c7e5-451f-ad84-7ee4adc2e156, raftlog=3d4afc67-c7e5-451f-ad84-7ee4adc2e156@group-F110391D6AD9-SegmentedRaftLog:OPENED:c3,f4,i4, conf=0: [9e106ceb-2e48-4592-baea-5a074ecdeb7f:192.168.164.234:46856, 3d4afc67-c7e5-451f-ad84-7ee4adc2e156:192.168.164.234:37554, bdf1820c-8b54-4379-867f-1e5a509c7465:192.168.164.234:34989], old=null
2019-10-16 01:11:24,378 [3d4afc67-c7e5-451f-ad84-7ee4adc2e156@group-F110391D6AD9-LeaderElection40] INFO  impl.RaftServerImpl (RaftServerImpl.java:setRole(184)) - 3d4afc67-c7e5-451f-ad84-7ee4adc2e156@group-F110391D6AD9: changes role from CANDIDATE to FOLLOWER at term 39 for DISCOVERED_A_NEW_TERM
2019-10-16 01:11:24,378 [3d4afc67-c7e5-451f-ad84-7ee4adc2e156@group-F110391D6AD9-LeaderElection40] INFO  impl.RoleInfo (RoleInfo.java:shutdownLeaderElection(134)) - 3d4afc67-c7e5-451f-ad84-7ee4adc2e156: shutdown LeaderElection
2019-10-16 01:11:24,378 [3d4afc67-c7e5-451f-ad84-7ee4adc2e156@group-F110391D6AD9-LeaderElection40] INFO  impl.RoleInfo (RoleInfo.java:updateAndGet(143)) - 3d4afc67-c7e5-451f-ad84-7ee4adc2e156: start FollowerState
2019-10-16 01:11:24,415 [Thread-840] INFO  impl.FollowerState (FollowerState.java:run(108)) - 3d4afc67-c7e5-451f-ad84-7ee4adc2e156@group-F110391D6AD9-FollowerState: change to CANDIDATE, lastRpcTime:36ms, electionTimeout:36ms
2019-10-16 01:11:24,415 [Thread-840] INFO  impl.RoleInfo (RoleInfo.java:shutdownFollowerState(121)) - 3d4afc67-c7e5-451f-ad84-7ee4adc2e156: shutdown FollowerState
2019-10-16 01:11:24,415 [Thread-840] INFO  impl.RaftServerImpl (RaftServerImpl.java:setRole(184)) - 3d4afc67-c7e5-451f-ad84-7ee4adc2e156@group-F110391D6AD9: changes role from  FOLLOWER to CANDIDATE at term 39 for changeToCandidate
2019-10-16 01:11:24,415 [Thread-840] INFO  impl.RoleInfo (RoleInfo.java:updateAndGet(143)) - 3d4afc67-c7e5-451f-ad84-7ee4adc2e156: start LeaderElection
2019-10-16 01:11:24,444 [3d4afc67-c7e5-451f-ad84-7ee4adc2e156@group-F110391D6AD9-LeaderElection41] INFO  impl.LeaderElection (LeaderElection.java:askForVotes(178)) - 3d4afc67-c7e5-451f-ad84-7ee4adc2e156@group-F110391D6AD9-LeaderElection41: begin an election at term 40 for 0: [9e106ceb-2e48-4592-baea-5a074ecdeb7f:192.168.164.234:46856, 3d4afc67-c7e5-451f-ad84-7ee4adc2e156:192.168.164.234:37554, bdf1820c-8b54-4379-867f-1e5a509c7465:192.168.164.234:34989], old=null
2019-10-16 01:11:24,447 [grpc-default-executor-6] INFO  impl.RaftServerImpl (RaftServerImpl.java:setRole(184)) - 9e106ceb-2e48-4592-baea-5a074ecdeb7f@group-F110391D6AD9: changes role from  FOLLOWER to FOLLOWER at term 40 for recognizeCandidate:3d4afc67-c7e5-451f-ad84-7ee4adc2e156
2019-10-16 01:11:24,447 [grpc-default-executor-3] INFO  impl.RaftServerImpl (RaftServerImpl.java:setRole(184)) - bdf1820c-8b54-4379-867f-1e5a509c7465@group-F110391D6AD9: changes role from  FOLLOWER to FOLLOWER at term 40 for recognizeCandidate:3d4afc67-c7e5-451f-ad84-7ee4adc2e156
2019-10-16 01:11:24,447 [grpc-default-executor-6] INFO  impl.RoleInfo (RoleInfo.java:shutdownFollowerState(121)) - 9e106ceb-2e48-4592-baea-5a074ecdeb7f: shutdown FollowerState
2019-10-16 01:11:24,447 [grpc-default-executor-3] INFO  impl.RoleInfo (RoleInfo.java:shutdownFollowerState(121)) - bdf1820c-8b54-4379-867f-1e5a509c7465: shutdown FollowerState
2019-10-16 01:11:24,448 [Thread-839] INFO  impl.FollowerState (FollowerState.java:run(117)) - 9e106ceb-2e48-4592-baea-5a074ecdeb7f@group-F110391D6AD9-FollowerState was interrupted: java.lang.InterruptedException: sleep interrupted
2019-10-16 01:11:24,447 [grpc-default-executor-6] INFO  impl.RoleInfo (RoleInfo.java:updateAndGet(143)) - 9e106ceb-2e48-4592-baea-5a074ecdeb7f: start FollowerState
2019-10-16 01:11:24,448 [grpc-default-executor-3] INFO  impl.RoleInfo (RoleInfo.java:updateAndGet(143)) - bdf1820c-8b54-4379-867f-1e5a509c7465: start FollowerState
2019-10-16 01:11:24,448 [Thread-838] INFO  impl.FollowerState (FollowerState.java:run(117)) - bdf1820c-8b54-4379-867f-1e5a509c7465@group-F110391D6AD9-FollowerState was interrupted: java.lang.InterruptedException: sleep interrupted
2019-10-16 01:11:24,479 [3d4afc67-c7e5-451f-ad84-7ee4adc2e156@group-F110391D6AD9-LeaderElection41] INFO  impl.LeaderElection (LeaderElection.java:logAndReturn(56)) - 3d4afc67-c7e5-451f-ad84-7ee4adc2e156@group-F110391D6AD9-LeaderElection41: Election REJECTED; received 2 response(s) [3d4afc67-c7e5-451f-ad84-7ee4adc2e156<-9e106ceb-2e48-4592-baea-5a074ecdeb7f#0:FAIL-t40, 3d4afc67-c7e5-451f-ad84-7ee4adc2e156<-bdf1820c-8b54-4379-867f-1e5a509c7465#0:FAIL-t40] and 0 exception(s); 3d4afc67-c7e5-451f-ad84-7ee4adc2e156@group-F110391D6AD9:t40, leader=null, voted=3d4afc67-c7e5-451f-ad84-7ee4adc2e156, raftlog=3d4afc67-c7e5-451f-ad84-7ee4adc2e156@group-F110391D6AD9-SegmentedRaftLog:OPENED:c3,f4,i4, conf=0: [9e106ceb-2e48-4592-baea-5a074ecdeb7f:192.168.164.234:46856, 3d4afc67-c7e5-451f-ad84-7ee4adc2e156:192.168.164.234:37554, bdf1820c-8b54-4379-867f-1e5a509c7465:192.168.164.234:34989], old=null
2019-10-16 01:11:24,480 [3d4afc67-c7e5-451f-ad84-7ee4adc2e156@group-F110391D6AD9-LeaderElection41] INFO  impl.RaftServerImpl (RaftServerImpl.java:setRole(184)) - 3d4afc67-c7e5-451f-ad84-7ee4adc2e156@group-F110391D6AD9: changes role from CANDIDATE to FOLLOWER at term 40 for DISCOVERED_A_NEW_TERM
2019-10-16 01:11:24,480 [3d4afc67-c7e5-451f-ad84-7ee4adc2e156@group-F110391D6AD9-LeaderElection41] INFO  impl.RoleInfo (RoleInfo.java:shutdownLeaderElection(134)) - 3d4afc67-c7e5-451f-ad84-7ee4adc2e156: shutdown LeaderElection
2019-10-16 01:11:24,480 [3d4afc67-c7e5-451f-ad84-7ee4adc2e156@group-F110391D6AD9-LeaderElection41] INFO  impl.RoleInfo (RoleInfo.java:updateAndGet(143)) - 3d4afc67-c7e5-451f-ad84-7ee4adc2e156: start FollowerState
2019-10-16 01:11:24,602 [Thread-846] INFO  impl.FollowerState (FollowerState.java:run(108)) - 3d4afc67-c7e5-451f-ad84-7ee4adc2e156@group-F110391D6AD9-FollowerState: change to CANDIDATE, lastRpcTime:122ms, electionTimeout:122ms
2019-10-16 01:11:24,603 [Thread-846] INFO  impl.RoleInfo (RoleInfo.java:shutdownFollowerState(121)) - 3d4afc67-c7e5-451f-ad84-7ee4adc2e156: shutdown FollowerState
2019-10-16 01:11:24,603 [Thread-846] INFO  impl.RaftServerImpl (RaftServerImpl.java:setRole(184)) - 3d4afc67-c7e5-451f-ad84-7ee4adc2e156@group-F110391D6AD9: changes role from  FOLLOWER to CANDIDATE at term 40 for changeToCandidate
2019-10-16 01:11:24,603 [Thread-846] INFO  impl.RoleInfo (RoleInfo.java:updateAndGet(143)) - 3d4afc67-c7e5-451f-ad84-7ee4adc2e156: start LeaderElection
2019-10-16 01:11:24,628 [3d4afc67-c7e5-451f-ad84-7ee4adc2e156@group-F110391D6AD9-LeaderElection42] INFO  impl.LeaderElection (LeaderElection.java:askForVotes(178)) - 3d4afc67-c7e5-451f-ad84-7ee4adc2e156@group-F110391D6AD9-LeaderElection42: begin an election at term 41 for 0: [9e106ceb-2e48-4592-baea-5a074ecdeb7f:192.168.164.234:46856, 3d4afc67-c7e5-451f-ad84-7ee4adc2e156:192.168.164.234:37554, bdf1820c-8b54-4379-867f-1e5a509c7465:192.168.164.234:34989], old=null
2019-10-16 01:11:24,632 [grpc-default-executor-6] INFO  impl.RaftServerImpl (RaftServerImpl.java:setRole(184)) - 9e106ceb-2e48-4592-baea-5a074ecdeb7f@group-F110391D6AD9: changes role from  FOLLOWER to FOLLOWER at term 41 for recognizeCandidate:3d4afc67-c7e5-451f-ad84-7ee4adc2e156
2019-10-16 01:11:24,632 [grpc-default-executor-3] INFO  impl.RaftServerImpl (RaftServerImpl.java:setRole(184)) - bdf1820c-8b54-4379-867f-1e5a509c7465@group-F110391D6AD9: changes role from  FOLLOWER to FOLLOWER at term 41 for recognizeCandidate:3d4afc67-c7e5-451f-ad84-7ee4adc2e156
2019-10-16 01:11:24,632 [grpc-default-executor-6] INFO  impl.RoleInfo (RoleInfo.java:shutdownFollowerState(121)) - 9e106ceb-2e48-4592-baea-5a074ecdeb7f: shutdown FollowerState
2019-10-16 01:11:24,632 [grpc-default-executor-3] INFO  impl.RoleInfo (RoleInfo.java:shutdownFollowerState(121)) - bdf1820c-8b54-4379-867f-1e5a509c7465: shutdown FollowerState
2019-10-16 01:11:24,633 [Thread-844] INFO  impl.FollowerState (FollowerState.java:run(117)) - 9e106ceb-2e48-4592-baea-5a074ecdeb7f@group-F110391D6AD9-FollowerState was interrupted: java.lang.InterruptedException: sleep interrupted
2019-10-16 01:11:24,633 [grpc-default-executor-6] INFO  impl.RoleInfo (RoleInfo.java:updateAndGet(143)) - 9e106ceb-2e48-4592-baea-5a074ecdeb7f: start FollowerState
2019-10-16 01:11:24,633 [Thread-845] INFO  impl.FollowerState (FollowerState.java:run(117)) - bdf1820c-8b54-4379-867f-1e5a509c7465@group-F110391D6AD9-FollowerState was interrupted: java.lang.InterruptedException: sleep interrupted
2019-10-16 01:11:24,633 [grpc-default-executor-3] INFO  impl.RoleInfo (RoleInfo.java:updateAndGet(143)) - bdf1820c-8b54-4379-867f-1e5a509c7465: start FollowerState
2019-10-16 01:11:24,651 [3d4afc67-c7e5-451f-ad84-7ee4adc2e156@group-F110391D6AD9-LeaderElection42] INFO  impl.LeaderElection (LeaderElection.java:logAndReturn(56)) - 3d4afc67-c7e5-451f-ad84-7ee4adc2e156@group-F110391D6AD9-LeaderElection42: Election TIMEOUT; received 0 response(s) [] and 0 exception(s); 3d4afc67-c7e5-451f-ad84-7ee4adc2e156@group-F110391D6AD9:t41, leader=null, voted=3d4afc67-c7e5-451f-ad84-7ee4adc2e156, raftlog=3d4afc67-c7e5-451f-ad84-7ee4adc2e156@group-F110391D6AD9-SegmentedRaftLog:OPENED:c3,f4,i4, conf=0: [9e106ceb-2e48-4592-baea-5a074ecdeb7f:192.168.164.234:46856, 3d4afc67-c7e5-451f-ad84-7ee4adc2e156:192.168.164.234:37554, bdf1820c-8b54-4379-867f-1e5a509c7465:192.168.164.234:34989], old=null
2019-10-16 01:11:24,679 [3d4afc67-c7e5-451f-ad84-7ee4adc2e156@group-F110391D6AD9-LeaderElection42] INFO  impl.LeaderElection (LeaderElection.java:askForVotes(178)) - 3d4afc67-c7e5-451f-ad84-7ee4adc2e156@group-F110391D6AD9-LeaderElection42: begin an election at term 42 for 0: [9e106ceb-2e48-4592-baea-5a074ecdeb7f:192.168.164.234:46856, 3d4afc67-c7e5-451f-ad84-7ee4adc2e156:192.168.164.234:37554, bdf1820c-8b54-4379-867f-1e5a509c7465:192.168.164.234:34989], old=null
2019-10-16 01:11:24,682 [grpc-default-executor-3] INFO  impl.RaftServerImpl (RaftServerImpl.java:setRole(184)) - 9e106ceb-2e48-4592-baea-5a074ecdeb7f@group-F110391D6AD9: changes role from  FOLLOWER to FOLLOWER at term 42 for recognizeCandidate:3d4afc67-c7e5-451f-ad84-7ee4adc2e156
2019-10-16 01:11:24,682 [grpc-default-executor-3] INFO  impl.RoleInfo (RoleInfo.java:shutdownFollowerState(121)) - 9e106ceb-2e48-4592-baea-5a074ecdeb7f: shutdown FollowerState
2019-10-16 01:11:24,682 [Thread-850] INFO  impl.FollowerState (FollowerState.java:run(117)) - 9e106ceb-2e48-4592-baea-5a074ecdeb7f@group-F110391D6AD9-FollowerState was interrupted: java.lang.InterruptedException: sleep interrupted
2019-10-16 01:11:24,682 [grpc-default-executor-6] INFO  impl.RaftServerImpl (RaftServerImpl.java:setRole(184)) - bdf1820c-8b54-4379-867f-1e5a509c7465@group-F110391D6AD9: changes role from  FOLLOWER to FOLLOWER at term 42 for recognizeCandidate:3d4afc67-c7e5-451f-ad84-7ee4adc2e156
2019-10-16 01:11:24,682 [grpc-default-executor-3] INFO  impl.RoleInfo (RoleInfo.java:updateAndGet(143)) - 9e106ceb-2e48-4592-baea-5a074ecdeb7f: start FollowerState
2019-10-16 01:11:24,683 [grpc-default-executor-6] INFO  impl.RoleInfo (RoleInfo.java:shutdownFollowerState(121)) - bdf1820c-8b54-4379-867f-1e5a509c7465: shutdown FollowerState
2019-10-16 01:11:24,683 [Thread-851] INFO  impl.FollowerState (FollowerState.java:run(117)) - bdf1820c-8b54-4379-867f-1e5a509c7465@group-F110391D6AD9-FollowerState was interrupted: java.lang.InterruptedException: sleep interrupted
2019-10-16 01:11:24,683 [grpc-default-executor-6] INFO  impl.RoleInfo (RoleInfo.java:updateAndGet(143)) - bdf1820c-8b54-4379-867f-1e5a509c7465: start FollowerState
2019-10-16 01:11:24,689 [3d4afc67-c7e5-451f-ad84-7ee4adc2e156@group-F110391D6AD9-LeaderElection42] INFO  impl.LeaderElection (LeaderElection.java:logAndReturn(56)) - 3d4afc67-c7e5-451f-ad84-7ee4adc2e156@group-F110391D6AD9-LeaderElection42: Election TIMEOUT; received 0 response(s) [] and 0 exception(s); 3d4afc67-c7e5-451f-ad84-7ee4adc2e156@group-F110391D6AD9:t42, leader=null, voted=3d4afc67-c7e5-451f-ad84-7ee4adc2e156, raftlog=3d4afc67-c7e5-451f-ad84-7ee4adc2e156@group-F110391D6AD9-SegmentedRaftLog:OPENED:c3,f4,i4, conf=0: [9e106ceb-2e48-4592-baea-5a074ecdeb7f:192.168.164.234:46856, 3d4afc67-c7e5-451f-ad84-7ee4adc2e156:192.168.164.234:37554, bdf1820c-8b54-4379-867f-1e5a509c7465:192.168.164.234:34989], old=null
2019-10-16 01:11:24,704 [3d4afc67-c7e5-451f-ad84-7ee4adc2e156@group-F110391D6AD9-LeaderElection42] INFO  impl.LeaderElection (LeaderElection.java:askForVotes(178)) - 3d4afc67-c7e5-451f-ad84-7ee4adc2e156@group-F110391D6AD9-LeaderElection42: begin an election at term 43 for 0: [9e106ceb-2e48-4592-baea-5a074ecdeb7f:192.168.164.234:46856, 3d4afc67-c7e5-451f-ad84-7ee4adc2e156:192.168.164.234:37554, bdf1820c-8b54-4379-867f-1e5a509c7465:192.168.164.234:34989], old=null
2019-10-16 01:11:24,707 [grpc-default-executor-3] INFO  impl.RaftServerImpl (RaftServerImpl.java:setRole(184)) - bdf1820c-8b54-4379-867f-1e5a509c7465@group-F110391D6AD9: changes role from  FOLLOWER to FOLLOWER at term 43 for recognizeCandidate:3d4afc67-c7e5-451f-ad84-7ee4adc2e156
2019-10-16 01:11:24,707 [grpc-default-executor-3] INFO  impl.RoleInfo (RoleInfo.java:shutdownFollowerState(121)) - bdf1820c-8b54-4379-867f-1e5a509c7465: shutdown FollowerState
2019-10-16 01:11:24,707 [grpc-default-executor-3] INFO  impl.RoleInfo (RoleInfo.java:updateAndGet(143)) - bdf1820c-8b54-4379-867f-1e5a509c7465: start FollowerState
2019-10-16 01:11:24,707 [Thread-855] INFO  impl.FollowerState (FollowerState.java:run(117)) - bdf1820c-8b54-4379-867f-1e5a509c7465@group-F110391D6AD9-FollowerState was interrupted: java.lang.InterruptedException: sleep interrupted
2019-10-16 01:11:24,707 [grpc-default-executor-6] INFO  impl.RaftServerImpl (RaftServerImpl.java:setRole(184)) - 9e106ceb-2e48-4592-baea-5a074ecdeb7f@group-F110391D6AD9: changes role from  FOLLOWER to FOLLOWER at term 43 for recognizeCandidate:3d4afc67-c7e5-451f-ad84-7ee4adc2e156
2019-10-16 01:11:24,708 [grpc-default-executor-6] INFO  impl.RoleInfo (RoleInfo.java:shutdownFollowerState(121)) - 9e106ceb-2e48-4592-baea-5a074ecdeb7f: shutdown FollowerState
2019-10-16 01:11:24,708 [grpc-default-executor-6] INFO  impl.RoleInfo (RoleInfo.java:updateAndGet(143)) - 9e106ceb-2e48-4592-baea-5a074ecdeb7f: start FollowerState
2019-10-16 01:11:24,708 [Thread-854] INFO  impl.FollowerState (FollowerState.java:run(117)) - 9e106ceb-2e48-4592-baea-5a074ecdeb7f@group-F110391D6AD9-FollowerState was interrupted: java.lang.InterruptedException: sleep interrupted
2019-10-16 01:11:24,779 [3d4afc67-c7e5-451f-ad84-7ee4adc2e156@group-F110391D6AD9-LeaderElection42] INFO  impl.LeaderElection (LeaderElection.java:logAndReturn(56)) - 3d4afc67-c7e5-451f-ad84-7ee4adc2e156@group-F110391D6AD9-LeaderElection42: Election TIMEOUT; received 0 response(s) [] and 0 exception(s); 3d4afc67-c7e5-451f-ad84-7ee4adc2e156@group-F110391D6AD9:t43, leader=null, voted=3d4afc67-c7e5-451f-ad84-7ee4adc2e156, raftlog=3d4afc67-c7e5-451f-ad84-7ee4adc2e156@group-F110391D6AD9-SegmentedRaftLog:OPENED:c3,f4,i4, conf=0: [9e106ceb-2e48-4592-baea-5a074ecdeb7f:192.168.164.234:46856, 3d4afc67-c7e5-451f-ad84-7ee4adc2e156:192.168.164.234:37554, bdf1820c-8b54-4379-867f-1e5a509c7465:192.168.164.234:34989], old=null
2019-10-16 01:11:24,806 [3d4afc67-c7e5-451f-ad84-7ee4adc2e156@group-F110391D6AD9-LeaderElection42] INFO  impl.LeaderElection (LeaderElection.java:askForVotes(178)) - 3d4afc67-c7e5-451f-ad84-7ee4adc2e156@group-F110391D6AD9-LeaderElection42: begin an election at term 44 for 0: [9e106ceb-2e48-4592-baea-5a074ecdeb7f:192.168.164.234:46856, 3d4afc67-c7e5-451f-ad84-7ee4adc2e156:192.168.164.234:37554, bdf1820c-8b54-4379-867f-1e5a509c7465:192.168.164.234:34989], old=null
2019-10-16 01:11:24,809 [grpc-default-executor-3] INFO  impl.RaftServerImpl (RaftServerImpl.java:setRole(184)) - bdf1820c-8b54-4379-867f-1e5a509c7465@group-F110391D6AD9: changes role from  FOLLOWER to FOLLOWER at term 44 for recognizeCandidate:3d4afc67-c7e5-451f-ad84-7ee4adc2e156
2019-10-16 01:11:24,809 [grpc-default-executor-6] INFO  impl.RaftServerImpl (RaftServerImpl.java:setRole(184)) - 9e106ceb-2e48-4592-baea-5a074ecdeb7f@group-F110391D6AD9: changes role from  FOLLOWER to FOLLOWER at term 44 for recognizeCandidate:3d4afc67-c7e5-451f-ad84-7ee4adc2e156
2019-10-16 01:11:24,809 [grpc-default-executor-3] INFO  impl.RoleInfo (RoleInfo.java:shutdownFollowerState(121)) - bdf1820c-8b54-4379-867f-1e5a509c7465: shutdown FollowerState
2019-10-16 01:11:24,809 [grpc-default-executor-6] INFO  impl.RoleInfo (RoleInfo.java:shutdownFollowerState(121)) - 9e106ceb-2e48-4592-baea-5a074ecdeb7f: shutdown FollowerState
2019-10-16 01:11:24,810 [Thread-858] INFO  impl.FollowerState (FollowerState.java:run(117)) - bdf1820c-8b54-4379-867f-1e5a509c7465@group-F110391D6AD9-FollowerState was interrupted: java.lang.InterruptedException: sleep interrupted
2019-10-16 01:11:24,809 [grpc-default-executor-3] INFO  impl.RoleInfo (RoleInfo.java:updateAndGet(143)) - bdf1820c-8b54-4379-867f-1e5a509c7465: start FollowerState
2019-10-16 01:11:24,810 [Thread-859] INFO  impl.FollowerState (FollowerState.java:run(117)) - 9e106ceb-2e48-4592-baea-5a074ecdeb7f@group-F110391D6AD9-FollowerState was interrupted: java.lang.InterruptedException: sleep interrupted
2019-10-16 01:11:24,810 [grpc-default-executor-6] INFO  impl.RoleInfo (RoleInfo.java:updateAndGet(143)) - 9e106ceb-2e48-4592-baea-5a074ecdeb7f: start FollowerState
2019-10-16 01:11:24,833 [3d4afc67-c7e5-451f-ad84-7ee4adc2e156@group-F110391D6AD9-LeaderElection42] INFO  impl.LeaderElection (LeaderElection.java:logAndReturn(56)) - 3d4afc67-c7e5-451f-ad84-7ee4adc2e156@group-F110391D6AD9-LeaderElection42: Election REJECTED; received 2 response(s) [3d4afc67-c7e5-451f-ad84-7ee4adc2e156<-9e106ceb-2e48-4592-baea-5a074ecdeb7f#0:FAIL-t44, 3d4afc67-c7e5-451f-ad84-7ee4adc2e156<-bdf1820c-8b54-4379-867f-1e5a509c7465#0:FAIL-t44] and 0 exception(s); 3d4afc67-c7e5-451f-ad84-7ee4adc2e156@group-F110391D6AD9:t44, leader=null, voted=3d4afc67-c7e5-451f-ad84-7ee4adc2e156, raftlog=3d4afc67-c7e5-451f-ad84-7ee4adc2e156@group-F110391D6AD9-SegmentedRaftLog:OPENED:c3,f4,i4, conf=0: [9e106ceb-2e48-4592-baea-5a074ecdeb7f:192.168.164.234:46856, 3d4afc67-c7e5-451f-ad84-7ee4adc2e156:192.168.164.234:37554, bdf1820c-8b54-4379-867f-1e5a509c7465:192.168.164.234:34989], old=null
2019-10-16 01:11:24,833 [3d4afc67-c7e5-451f-ad84-7ee4adc2e156@group-F110391D6AD9-LeaderElection42] INFO  impl.RaftServerImpl (RaftServerImpl.java:setRole(184)) - 3d4afc67-c7e5-451f-ad84-7ee4adc2e156@group-F110391D6AD9: changes role from CANDIDATE to FOLLOWER at term 44 for DISCOVERED_A_NEW_TERM
2019-10-16 01:11:24,833 [3d4afc67-c7e5-451f-ad84-7ee4adc2e156@group-F110391D6AD9-LeaderElection42] INFO  impl.RoleInfo (RoleInfo.java:shutdownLeaderElection(134)) - 3d4afc67-c7e5-451f-ad84-7ee4adc2e156: shutdown LeaderElection
2019-10-16 01:11:24,833 [3d4afc67-c7e5-451f-ad84-7ee4adc2e156@group-F110391D6AD9-LeaderElection42] INFO  impl.RoleInfo (RoleInfo.java:updateAndGet(143)) - 3d4afc67-c7e5-451f-ad84-7ee4adc2e156: start FollowerState
2019-10-16 01:11:24,866 [BlockDeletingService#2] WARN  background.BlockDeletingService (BlockDeletingService.java:isDeletionAllowed(187)) - Close Container log Index 6 is not replicated across allthe servers in the pipeline 795bca3c-2629-405f-a5d8-f110391d6ad9 as the min replicated index is 4. Deletion is not allowed in this container yet.
2019-10-16 01:11:24,866 [BlockDeletingService#2] WARN  background.BlockDeletingService (BlockDeletingService.java:isDeletionAllowed(187)) - Close Container log Index 6 is not replicated across allthe servers in the pipeline 795bca3c-2629-405f-a5d8-f110391d6ad9 as the min replicated index is 4. Deletion is not allowed in this container yet.
2019-10-16 01:11:25,012 [Thread-864] INFO  impl.FollowerState (FollowerState.java:run(108)) - 3d4afc67-c7e5-451f-ad84-7ee4adc2e156@group-F110391D6AD9-FollowerState: change to CANDIDATE, lastRpcTime:178ms, electionTimeout:178ms
2019-10-16 01:11:25,012 [Thread-864] INFO  impl.RoleInfo (RoleInfo.java:shutdownFollowerState(121)) - 3d4afc67-c7e5-451f-ad84-7ee4adc2e156: shutdown FollowerState
2019-10-16 01:11:25,012 [Thread-864] INFO  impl.RaftServerImpl (RaftServerImpl.java:setRole(184)) - 3d4afc67-c7e5-451f-ad84-7ee4adc2e156@group-F110391D6AD9: changes role from  FOLLOWER to CANDIDATE at term 44 for changeToCandidate
2019-10-16 01:11:25,012 [Thread-864] INFO  impl.RoleInfo (RoleInfo.java:updateAndGet(143)) - 3d4afc67-c7e5-451f-ad84-7ee4adc2e156: start LeaderElection
2019-10-16 01:11:25,041 [3d4afc67-c7e5-451f-ad84-7ee4adc2e156@group-F110391D6AD9-LeaderElection43] INFO  impl.LeaderElection (LeaderElection.java:askForVotes(178)) - 3d4afc67-c7e5-451f-ad84-7ee4adc2e156@group-F110391D6AD9-LeaderElection43: begin an election at term 45 for 0: [9e106ceb-2e48-4592-baea-5a074ecdeb7f:192.168.164.234:46856, 3d4afc67-c7e5-451f-ad84-7ee4adc2e156:192.168.164.234:37554, bdf1820c-8b54-4379-867f-1e5a509c7465:192.168.164.234:34989], old=null
2019-10-16 01:11:25,043 [grpc-default-executor-6] INFO  impl.RaftServerImpl (RaftServerImpl.java:setRole(184)) - 9e106ceb-2e48-4592-baea-5a074ecdeb7f@group-F110391D6AD9: changes role from  FOLLOWER to FOLLOWER at term 45 for recognizeCandidate:3d4afc67-c7e5-451f-ad84-7ee4adc2e156
2019-10-16 01:11:25,043 [grpc-default-executor-6] INFO  impl.RoleInfo (RoleInfo.java:shutdownFollowerState(121)) - 9e106ceb-2e48-4592-baea-5a074ecdeb7f: shutdown FollowerState
2019-10-16 01:11:25,044 [grpc-default-executor-6] INFO  impl.RoleInfo (RoleInfo.java:updateAndGet(143)) - 9e106ceb-2e48-4592-baea-5a074ecdeb7f: start FollowerState
2019-10-16 01:11:25,044 [grpc-default-executor-3] INFO  impl.RaftServerImpl (RaftServerImpl.java:setRole(184)) - bdf1820c-8b54-4379-867f-1e5a509c7465@group-F110391D6AD9: changes role from  FOLLOWER to FOLLOWER at term 45 for recognizeCandidate:3d4afc67-c7e5-451f-ad84-7ee4adc2e156
2019-10-16 01:11:25,044 [Thread-863] INFO  impl.FollowerState (FollowerState.java:run(117)) - 9e106ceb-2e48-4592-baea-5a074ecdeb7f@group-F110391D6AD9-FollowerState was interrupted: java.lang.InterruptedException: sleep interrupted
2019-10-16 01:11:25,044 [grpc-default-executor-3] INFO  impl.RoleInfo (RoleInfo.java:shutdownFollowerState(121)) - bdf1820c-8b54-4379-867f-1e5a509c7465: shutdown FollowerState
2019-10-16 01:11:25,044 [grpc-default-executor-3] INFO  impl.RoleInfo (RoleInfo.java:updateAndGet(143)) - bdf1820c-8b54-4379-867f-1e5a509c7465: start FollowerState
2019-10-16 01:11:25,044 [Thread-862] INFO  impl.FollowerState (FollowerState.java:run(117)) - bdf1820c-8b54-4379-867f-1e5a509c7465@group-F110391D6AD9-FollowerState was interrupted: java.lang.InterruptedException: sleep interrupted
2019-10-16 01:11:25,067 [3d4afc67-c7e5-451f-ad84-7ee4adc2e156@group-F110391D6AD9-LeaderElection43] INFO  impl.LeaderElection (LeaderElection.java:logAndReturn(56)) - 3d4afc67-c7e5-451f-ad84-7ee4adc2e156@group-F110391D6AD9-LeaderElection43: Election REJECTED; received 2 response(s) [3d4afc67-c7e5-451f-ad84-7ee4adc2e156<-9e106ceb-2e48-4592-baea-5a074ecdeb7f#0:FAIL-t45, 3d4afc67-c7e5-451f-ad84-7ee4adc2e156<-bdf1820c-8b54-4379-867f-1e5a509c7465#0:FAIL-t45] and 0 exception(s); 3d4afc67-c7e5-451f-ad84-7ee4adc2e156@group-F110391D6AD9:t45, leader=null, voted=3d4afc67-c7e5-451f-ad84-7ee4adc2e156, raftlog=3d4afc67-c7e5-451f-ad84-7ee4adc2e156@group-F110391D6AD9-SegmentedRaftLog:OPENED:c3,f4,i4, conf=0: [9e106ceb-2e48-4592-baea-5a074ecdeb7f:192.168.164.234:46856, 3d4afc67-c7e5-451f-ad84-7ee4adc2e156:192.168.164.234:37554, bdf1820c-8b54-4379-867f-1e5a509c7465:192.168.164.234:34989], old=null
2019-10-16 01:11:25,067 [3d4afc67-c7e5-451f-ad84-7ee4adc2e156@group-F110391D6AD9-LeaderElection43] INFO  impl.RaftServerImpl (RaftServerImpl.java:setRole(184)) - 3d4afc67-c7e5-451f-ad84-7ee4adc2e156@group-F110391D6AD9: changes role from CANDIDATE to FOLLOWER at term 45 for DISCOVERED_A_NEW_TERM
2019-10-16 01:11:25,068 [3d4afc67-c7e5-451f-ad84-7ee4adc2e156@group-F110391D6AD9-LeaderElection43] INFO  impl.RoleInfo (RoleInfo.java:shutdownLeaderElection(134)) - 3d4afc67-c7e5-451f-ad84-7ee4adc2e156: shutdown LeaderElection
2019-10-16 01:11:25,068 [3d4afc67-c7e5-451f-ad84-7ee4adc2e156@group-F110391D6AD9-LeaderElection43] INFO  impl.RoleInfo (RoleInfo.java:updateAndGet(143)) - 3d4afc67-c7e5-451f-ad84-7ee4adc2e156: start FollowerState
2019-10-16 01:11:25,120 [pool-7-thread-3] INFO  commands.RetriableDatanodeEventWatcher (RetriableDatanodeEventWatcher.java:onTimeout(47)) - RetriableDatanodeCommand type=deleteBlocksCommand with id=1571188276107 timed out. Retrying.
2019-10-16 01:11:25,120 [pool-7-thread-6] INFO  commands.RetriableDatanodeEventWatcher (RetriableDatanodeEventWatcher.java:onTimeout(47)) - RetriableDatanodeCommand type=deleteBlocksCommand with id=1571188276112 timed out. Retrying.
2019-10-16 01:11:25,122 [pool-7-thread-3] INFO  commands.RetriableDatanodeEventWatcher (RetriableDatanodeEventWatcher.java:onTimeout(47)) - RetriableDatanodeCommand type=deleteBlocksCommand with id=1571188276113 timed out. Retrying.
2019-10-16 01:11:25,122 [pool-7-thread-6] INFO  commands.RetriableDatanodeEventWatcher (RetriableDatanodeEventWatcher.java:onTimeout(47)) - RetriableDatanodeCommand type=deleteBlocksCommand with id=1571188276115 timed out. Retrying.
2019-10-16 01:11:25,123 [pool-7-thread-3] INFO  commands.RetriableDatanodeEventWatcher (RetriableDatanodeEventWatcher.java:onTimeout(47)) - RetriableDatanodeCommand type=deleteBlocksCommand with id=1571188276116 timed out. Retrying.
2019-10-16 01:11:25,123 [pool-7-thread-1] INFO  commands.RetriableDatanodeEventWatcher (RetriableDatanodeEventWatcher.java:onTimeout(47)) - RetriableDatanodeCommand type=deleteBlocksCommand with id=1571188276110 timed out. Retrying.
2019-10-16 01:11:25,124 [pool-7-thread-6] INFO  commands.RetriableDatanodeEventWatcher (RetriableDatanodeEventWatcher.java:onTimeout(47)) - RetriableDatanodeCommand type=deleteBlocksCommand with id=1571188276114 timed out. Retrying.
2019-10-16 01:11:25,124 [pool-7-thread-2] INFO  commands.RetriableDatanodeEventWatcher (RetriableDatanodeEventWatcher.java:onTimeout(47)) - RetriableDatanodeCommand type=deleteBlocksCommand with id=1571188276111 timed out. Retrying.
2019-10-16 01:11:25,124 [pool-7-thread-2] INFO  commands.RetriableDatanodeEventWatcher (RetriableDatanodeEventWatcher.java:onTimeout(47)) - RetriableDatanodeCommand type=deleteBlocksCommand with id=1571188276117 timed out. Retrying.
2019-10-16 01:11:25,125 [SCMBlockDeletingService#1] INFO  block.SCMBlockDeletingService (SCMBlockDeletingService.java:call(184)) - Totally added 1 delete blocks command for 1 datanodes, task elapsed time: 0ms
2019-10-16 01:11:25,125 [Command processor thread] INFO  commandhandler.DeleteBlocksCommandHandler (DeleteBlocksCommandHandler.java:handle(106)) - Start to delete container blocks, TXIDs=[1(0)], numOfContainers=1, numOfBlocks=1
2019-10-16 01:11:25,126 [Command processor thread] INFO  commandhandler.DeleteBlocksCommandHandler (DeleteBlocksCommandHandler.java:handle(106)) - Start to delete container blocks, TXIDs=[1(2)], numOfContainers=1, numOfBlocks=1
2019-10-16 01:11:25,126 [Command processor thread] INFO  commandhandler.DeleteBlocksCommandHandler (DeleteBlocksCommandHandler.java:handle(106)) - Start to delete container blocks, TXIDs=[1(2)], numOfContainers=1, numOfBlocks=1
2019-10-16 01:11:25,126 [Command processor thread] INFO  commandhandler.DeleteBlocksCommandHandler (DeleteBlocksCommandHandler.java:handle(106)) - Start to delete container blocks, TXIDs=[1(2)], numOfContainers=1, numOfBlocks=1
2019-10-16 01:11:25,126 [Command processor thread] INFO  commandhandler.DeleteBlocksCommandHandler (DeleteBlocksCommandHandler.java:handle(106)) - Start to delete container blocks, TXIDs=[1(30)], numOfContainers=1, numOfBlocks=1
2019-10-16 01:11:25,127 [Command processor thread] INFO  commandhandler.DeleteBlocksCommandHandler (DeleteBlocksCommandHandler.java:handle(106)) - Start to delete container blocks, TXIDs=[1(2)], numOfContainers=1, numOfBlocks=1
2019-10-16 01:11:25,127 [Command processor thread] INFO  commandhandler.DeleteBlocksCommandHandler (DeleteBlocksCommandHandler.java:handle(106)) - Start to delete container blocks, TXIDs=[1(2)], numOfContainers=1, numOfBlocks=1
2019-10-16 01:11:25,127 [Command processor thread] INFO  commandhandler.DeleteBlocksCommandHandler (DeleteBlocksCommandHandler.java:handle(106)) - Start to delete container blocks, TXIDs=[1(2)], numOfContainers=1, numOfBlocks=1
2019-10-16 01:11:25,128 [Command processor thread] INFO  commandhandler.DeleteBlocksCommandHandler (DeleteBlocksCommandHandler.java:handle(106)) - Start to delete container blocks, TXIDs=[1(38)], numOfContainers=1, numOfBlocks=1
2019-10-16 01:11:25,129 [Thread-873] INFO  impl.FollowerState (FollowerState.java:run(108)) - 3d4afc67-c7e5-451f-ad84-7ee4adc2e156@group-F110391D6AD9-FollowerState: change to CANDIDATE, lastRpcTime:61ms, electionTimeout:61ms
2019-10-16 01:11:25,129 [Thread-873] INFO  impl.RoleInfo (RoleInfo.java:shutdownFollowerState(121)) - 3d4afc67-c7e5-451f-ad84-7ee4adc2e156: shutdown FollowerState
2019-10-16 01:11:25,130 [Thread-873] INFO  impl.RaftServerImpl (RaftServerImpl.java:setRole(184)) - 3d4afc67-c7e5-451f-ad84-7ee4adc2e156@group-F110391D6AD9: changes role from  FOLLOWER to CANDIDATE at term 45 for changeToCandidate
2019-10-16 01:11:25,130 [Thread-873] INFO  impl.RoleInfo (RoleInfo.java:updateAndGet(143)) - 3d4afc67-c7e5-451f-ad84-7ee4adc2e156: start LeaderElection
2019-10-16 01:11:25,158 [3d4afc67-c7e5-451f-ad84-7ee4adc2e156@group-F110391D6AD9-LeaderElection44] INFO  impl.LeaderElection (LeaderElection.java:askForVotes(178)) - 3d4afc67-c7e5-451f-ad84-7ee4adc2e156@group-F110391D6AD9-LeaderElection44: begin an election at term 46 for 0: [9e106ceb-2e48-4592-baea-5a074ecdeb7f:192.168.164.234:46856, 3d4afc67-c7e5-451f-ad84-7ee4adc2e156:192.168.164.234:37554, bdf1820c-8b54-4379-867f-1e5a509c7465:192.168.164.234:34989], old=null
2019-10-16 01:11:25,162 [grpc-default-executor-3] INFO  impl.RaftServerImpl (RaftServerImpl.java:setRole(184)) - bdf1820c-8b54-4379-867f-1e5a509c7465@group-F110391D6AD9: changes role from  FOLLOWER to FOLLOWER at term 46 for recognizeCandidate:3d4afc67-c7e5-451f-ad84-7ee4adc2e156
2019-10-16 01:11:25,162 [grpc-default-executor-3] INFO  impl.RoleInfo (RoleInfo.java:shutdownFollowerState(121)) - bdf1820c-8b54-4379-867f-1e5a509c7465: shutdown FollowerState
2019-10-16 01:11:25,162 [grpc-default-executor-3] INFO  impl.RoleInfo (RoleInfo.java:updateAndGet(143)) - bdf1820c-8b54-4379-867f-1e5a509c7465: start FollowerState
2019-10-16 01:11:25,162 [grpc-default-executor-6] INFO  impl.RaftServerImpl (RaftServerImpl.java:setRole(184)) - 9e106ceb-2e48-4592-baea-5a074ecdeb7f@group-F110391D6AD9: changes role from  FOLLOWER to FOLLOWER at term 46 for recognizeCandidate:3d4afc67-c7e5-451f-ad84-7ee4adc2e156
2019-10-16 01:11:25,162 [Thread-872] INFO  impl.FollowerState (FollowerState.java:run(117)) - bdf1820c-8b54-4379-867f-1e5a509c7465@group-F110391D6AD9-FollowerState was interrupted: java.lang.InterruptedException: sleep interrupted
2019-10-16 01:11:25,163 [grpc-default-executor-6] INFO  impl.RoleInfo (RoleInfo.java:shutdownFollowerState(121)) - 9e106ceb-2e48-4592-baea-5a074ecdeb7f: shutdown FollowerState
2019-10-16 01:11:25,163 [grpc-default-executor-6] INFO  impl.RoleInfo (RoleInfo.java:updateAndGet(143)) - 9e106ceb-2e48-4592-baea-5a074ecdeb7f: start FollowerState
2019-10-16 01:11:25,163 [Thread-871] INFO  impl.FollowerState (FollowerState.java:run(117)) - 9e106ceb-2e48-4592-baea-5a074ecdeb7f@group-F110391D6AD9-FollowerState was interrupted: java.lang.InterruptedException: sleep interrupted
2019-10-16 01:11:25,169 [3d4afc67-c7e5-451f-ad84-7ee4adc2e156@group-F110391D6AD9-LeaderElection44] INFO  impl.LeaderElection (LeaderElection.java:logAndReturn(56)) - 3d4afc67-c7e5-451f-ad84-7ee4adc2e156@group-F110391D6AD9-LeaderElection44: Election TIMEOUT; received 0 response(s) [] and 0 exception(s); 3d4afc67-c7e5-451f-ad84-7ee4adc2e156@group-F110391D6AD9:t46, leader=null, voted=3d4afc67-c7e5-451f-ad84-7ee4adc2e156, raftlog=3d4afc67-c7e5-451f-ad84-7ee4adc2e156@group-F110391D6AD9-SegmentedRaftLog:OPENED:c3,f4,i4, conf=0: [9e106ceb-2e48-4592-baea-5a074ecdeb7f:192.168.164.234:46856, 3d4afc67-c7e5-451f-ad84-7ee4adc2e156:192.168.164.234:37554, bdf1820c-8b54-4379-867f-1e5a509c7465:192.168.164.234:34989], old=null
2019-10-16 01:11:25,192 [3d4afc67-c7e5-451f-ad84-7ee4adc2e156@group-F110391D6AD9-LeaderElection44] INFO  impl.LeaderElection (LeaderElection.java:askForVotes(178)) - 3d4afc67-c7e5-451f-ad84-7ee4adc2e156@group-F110391D6AD9-LeaderElection44: begin an election at term 47 for 0: [9e106ceb-2e48-4592-baea-5a074ecdeb7f:192.168.164.234:46856, 3d4afc67-c7e5-451f-ad84-7ee4adc2e156:192.168.164.234:37554, bdf1820c-8b54-4379-867f-1e5a509c7465:192.168.164.234:34989], old=null
2019-10-16 01:11:25,195 [grpc-default-executor-6] INFO  impl.RaftServerImpl (RaftServerImpl.java:setRole(184)) - 9e106ceb-2e48-4592-baea-5a074ecdeb7f@group-F110391D6AD9: changes role from  FOLLOWER to FOLLOWER at term 47 for recognizeCandidate:3d4afc67-c7e5-451f-ad84-7ee4adc2e156
2019-10-16 01:11:25,195 [grpc-default-executor-6] INFO  impl.RoleInfo (RoleInfo.java:shutdownFollowerState(121)) - 9e106ceb-2e48-4592-baea-5a074ecdeb7f: shutdown FollowerState
2019-10-16 01:11:25,195 [grpc-default-executor-6] INFO  impl.RoleInfo (RoleInfo.java:updateAndGet(143)) - 9e106ceb-2e48-4592-baea-5a074ecdeb7f: start FollowerState
2019-10-16 01:11:25,195 [Thread-878] INFO  impl.FollowerState (FollowerState.java:run(117)) - 9e106ceb-2e48-4592-baea-5a074ecdeb7f@group-F110391D6AD9-FollowerState was interrupted: java.lang.InterruptedException: sleep interrupted
2019-10-16 01:11:25,196 [grpc-default-executor-3] INFO  impl.RaftServerImpl (RaftServerImpl.java:setRole(184)) - bdf1820c-8b54-4379-867f-1e5a509c7465@group-F110391D6AD9: changes role from  FOLLOWER to FOLLOWER at term 47 for recognizeCandidate:3d4afc67-c7e5-451f-ad84-7ee4adc2e156
2019-10-16 01:11:25,196 [grpc-default-executor-3] INFO  impl.RoleInfo (RoleInfo.java:shutdownFollowerState(121)) - bdf1820c-8b54-4379-867f-1e5a509c7465: shutdown FollowerState
2019-10-16 01:11:25,196 [grpc-default-executor-3] INFO  impl.RoleInfo (RoleInfo.java:updateAndGet(143)) - bdf1820c-8b54-4379-867f-1e5a509c7465: start FollowerState
2019-10-16 01:11:25,196 [Thread-877] INFO  impl.FollowerState (FollowerState.java:run(117)) - bdf1820c-8b54-4379-867f-1e5a509c7465@group-F110391D6AD9-FollowerState was interrupted: java.lang.InterruptedException: sleep interrupted
2019-10-16 01:11:25,219 [3d4afc67-c7e5-451f-ad84-7ee4adc2e156@group-F110391D6AD9-LeaderElection44] INFO  impl.LeaderElection (LeaderElection.java:logAndReturn(56)) - 3d4afc67-c7e5-451f-ad84-7ee4adc2e156@group-F110391D6AD9-LeaderElection44: Election REJECTED; received 2 response(s) [3d4afc67-c7e5-451f-ad84-7ee4adc2e156<-9e106ceb-2e48-4592-baea-5a074ecdeb7f#0:FAIL-t47, 3d4afc67-c7e5-451f-ad84-7ee4adc2e156<-bdf1820c-8b54-4379-867f-1e5a509c7465#0:FAIL-t47] and 0 exception(s); 3d4afc67-c7e5-451f-ad84-7ee4adc2e156@group-F110391D6AD9:t47, leader=null, voted=3d4afc67-c7e5-451f-ad84-7ee4adc2e156, raftlog=3d4afc67-c7e5-451f-ad84-7ee4adc2e156@group-F110391D6AD9-SegmentedRaftLog:OPENED:c3,f4,i4, conf=0: [9e106ceb-2e48-4592-baea-5a074ecdeb7f:192.168.164.234:46856, 3d4afc67-c7e5-451f-ad84-7ee4adc2e156:192.168.164.234:37554, bdf1820c-8b54-4379-867f-1e5a509c7465:192.168.164.234:34989], old=null
2019-10-16 01:11:25,219 [3d4afc67-c7e5-451f-ad84-7ee4adc2e156@group-F110391D6AD9-LeaderElection44] INFO  impl.RaftServerImpl (RaftServerImpl.java:setRole(184)) - 3d4afc67-c7e5-451f-ad84-7ee4adc2e156@group-F110391D6AD9: changes role from CANDIDATE to FOLLOWER at term 47 for DISCOVERED_A_NEW_TERM
2019-10-16 01:11:25,219 [3d4afc67-c7e5-451f-ad84-7ee4adc2e156@group-F110391D6AD9-LeaderElection44] INFO  impl.RoleInfo (RoleInfo.java:shutdownLeaderElection(134)) - 3d4afc67-c7e5-451f-ad84-7ee4adc2e156: shutdown LeaderElection
2019-10-16 01:11:25,219 [3d4afc67-c7e5-451f-ad84-7ee4adc2e156@group-F110391D6AD9-LeaderElection44] INFO  impl.RoleInfo (RoleInfo.java:updateAndGet(143)) - 3d4afc67-c7e5-451f-ad84-7ee4adc2e156: start FollowerState
2019-10-16 01:11:25,229 [Thread-885] INFO  client.GrpcClientProtocolService (GrpcClientProtocolService.java:lambda$processClientRequest$0(278)) - Failed RaftClientRequest:client-901DCD72E87A->3d4afc67-c7e5-451f-ad84-7ee4adc2e156@group-F110391D6AD9, cid=10, seq=0, Watch-ALL_COMMITTED(6), Message:<EMPTY>, reply=RaftClientReply:client-901DCD72E87A->3d4afc67-c7e5-451f-ad84-7ee4adc2e156@group-F110391D6AD9, cid=10, FAILED org.apache.ratis.protocol.NotLeaderException: Server 3d4afc67-c7e5-451f-ad84-7ee4adc2e156@group-F110391D6AD9 is not the leader, logIndex=0, commits[3d4afc67-c7e5-451f-ad84-7ee4adc2e156:c3]
2019-10-16 01:11:25,251 [Thread-883] INFO  impl.FollowerState (FollowerState.java:run(108)) - 3d4afc67-c7e5-451f-ad84-7ee4adc2e156@group-F110391D6AD9-FollowerState: change to CANDIDATE, lastRpcTime:31ms, electionTimeout:31ms
2019-10-16 01:11:25,251 [Thread-883] INFO  impl.RoleInfo (RoleInfo.java:shutdownFollowerState(121)) - 3d4afc67-c7e5-451f-ad84-7ee4adc2e156: shutdown FollowerState
2019-10-16 01:11:25,251 [Thread-883] INFO  impl.RaftServerImpl (RaftServerImpl.java:setRole(184)) - 3d4afc67-c7e5-451f-ad84-7ee4adc2e156@group-F110391D6AD9: changes role from  FOLLOWER to CANDIDATE at term 47 for changeToCandidate
2019-10-16 01:11:25,251 [Thread-883] INFO  impl.RoleInfo (RoleInfo.java:updateAndGet(143)) - 3d4afc67-c7e5-451f-ad84-7ee4adc2e156: start LeaderElection
2019-10-16 01:11:25,276 [3d4afc67-c7e5-451f-ad84-7ee4adc2e156@group-F110391D6AD9-LeaderElection45] INFO  impl.LeaderElection (LeaderElection.java:askForVotes(178)) - 3d4afc67-c7e5-451f-ad84-7ee4adc2e156@group-F110391D6AD9-LeaderElection45: begin an election at term 48 for 0: [9e106ceb-2e48-4592-baea-5a074ecdeb7f:192.168.164.234:46856, 3d4afc67-c7e5-451f-ad84-7ee4adc2e156:192.168.164.234:37554, bdf1820c-8b54-4379-867f-1e5a509c7465:192.168.164.234:34989], old=null
2019-10-16 01:11:25,280 [grpc-default-executor-3] INFO  impl.RaftServerImpl (RaftServerImpl.java:setRole(184)) - 9e106ceb-2e48-4592-baea-5a074ecdeb7f@group-F110391D6AD9: changes role from  FOLLOWER to FOLLOWER at term 48 for recognizeCandidate:3d4afc67-c7e5-451f-ad84-7ee4adc2e156
2019-10-16 01:11:25,280 [grpc-default-executor-6] INFO  impl.RaftServerImpl (RaftServerImpl.java:setRole(184)) - bdf1820c-8b54-4379-867f-1e5a509c7465@group-F110391D6AD9: changes role from  FOLLOWER to FOLLOWER at term 48 for recognizeCandidate:3d4afc67-c7e5-451f-ad84-7ee4adc2e156
2019-10-16 01:11:25,280 [grpc-default-executor-3] INFO  impl.RoleInfo (RoleInfo.java:shutdownFollowerState(121)) - 9e106ceb-2e48-4592-baea-5a074ecdeb7f: shutdown FollowerState
2019-10-16 01:11:25,280 [grpc-default-executor-6] INFO  impl.RoleInfo (RoleInfo.java:shutdownFollowerState(121)) - bdf1820c-8b54-4379-867f-1e5a509c7465: shutdown FollowerState
2019-10-16 01:11:25,280 [Thread-881] INFO  impl.FollowerState (FollowerState.java:run(117)) - 9e106ceb-2e48-4592-baea-5a074ecdeb7f@group-F110391D6AD9-FollowerState was interrupted: java.lang.InterruptedException: sleep interrupted
2019-10-16 01:11:25,280 [grpc-default-executor-3] INFO  impl.RoleInfo (RoleInfo.java:updateAndGet(143)) - 9e106ceb-2e48-4592-baea-5a074ecdeb7f: start FollowerState
2019-10-16 01:11:25,281 [grpc-default-executor-6] INFO  impl.RoleInfo (RoleInfo.java:updateAndGet(143)) - bdf1820c-8b54-4379-867f-1e5a509c7465: start FollowerState
2019-10-16 01:11:25,281 [Thread-882] INFO  impl.FollowerState (FollowerState.java:run(117)) - bdf1820c-8b54-4379-867f-1e5a509c7465@group-F110391D6AD9-FollowerState was interrupted: java.lang.InterruptedException: sleep interrupted
2019-10-16 01:11:25,311 [3d4afc67-c7e5-451f-ad84-7ee4adc2e156@group-F110391D6AD9-LeaderElection45] INFO  impl.LeaderElection (LeaderElection.java:logAndReturn(56)) - 3d4afc67-c7e5-451f-ad84-7ee4adc2e156@group-F110391D6AD9-LeaderElection45: Election REJECTED; received 2 response(s) [3d4afc67-c7e5-451f-ad84-7ee4adc2e156<-9e106ceb-2e48-4592-baea-5a074ecdeb7f#0:FAIL-t48, 3d4afc67-c7e5-451f-ad84-7ee4adc2e156<-bdf1820c-8b54-4379-867f-1e5a509c7465#0:FAIL-t48] and 0 exception(s); 3d4afc67-c7e5-451f-ad84-7ee4adc2e156@group-F110391D6AD9:t48, leader=null, voted=3d4afc67-c7e5-451f-ad84-7ee4adc2e156, raftlog=3d4afc67-c7e5-451f-ad84-7ee4adc2e156@group-F110391D6AD9-SegmentedRaftLog:OPENED:c3,f4,i4, conf=0: [9e106ceb-2e48-4592-baea-5a074ecdeb7f:192.168.164.234:46856, 3d4afc67-c7e5-451f-ad84-7ee4adc2e156:192.168.164.234:37554, bdf1820c-8b54-4379-867f-1e5a509c7465:192.168.164.234:34989], old=null
2019-10-16 01:11:25,311 [3d4afc67-c7e5-451f-ad84-7ee4adc2e156@group-F110391D6AD9-LeaderElection45] INFO  impl.RaftServerImpl (RaftServerImpl.java:setRole(184)) - 3d4afc67-c7e5-451f-ad84-7ee4adc2e156@group-F110391D6AD9: changes role from CANDIDATE to FOLLOWER at term 48 for DISCOVERED_A_NEW_TERM
2019-10-16 01:11:25,312 [3d4afc67-c7e5-451f-ad84-7ee4adc2e156@group-F110391D6AD9-LeaderElection45] INFO  impl.RoleInfo (RoleInfo.java:shutdownLeaderElection(134)) - 3d4afc67-c7e5-451f-ad84-7ee4adc2e156: shutdown LeaderElection
2019-10-16 01:11:25,312 [3d4afc67-c7e5-451f-ad84-7ee4adc2e156@group-F110391D6AD9-LeaderElection45] INFO  impl.RoleInfo (RoleInfo.java:updateAndGet(143)) - 3d4afc67-c7e5-451f-ad84-7ee4adc2e156: start FollowerState
2019-10-16 01:11:25,508 [Thread-892] INFO  impl.FollowerState (FollowerState.java:run(108)) - 3d4afc67-c7e5-451f-ad84-7ee4adc2e156@group-F110391D6AD9-FollowerState: change to CANDIDATE, lastRpcTime:196ms, electionTimeout:196ms
2019-10-16 01:11:25,509 [Thread-892] INFO  impl.RoleInfo (RoleInfo.java:shutdownFollowerState(121)) - 3d4afc67-c7e5-451f-ad84-7ee4adc2e156: shutdown FollowerState
2019-10-16 01:11:25,509 [Thread-892] INFO  impl.RaftServerImpl (RaftServerImpl.java:setRole(184)) - 3d4afc67-c7e5-451f-ad84-7ee4adc2e156@group-F110391D6AD9: changes role from  FOLLOWER to CANDIDATE at term 48 for changeToCandidate
2019-10-16 01:11:25,509 [Thread-892] INFO  impl.RoleInfo (RoleInfo.java:updateAndGet(143)) - 3d4afc67-c7e5-451f-ad84-7ee4adc2e156: start LeaderElection
2019-10-16 01:11:25,535 [3d4afc67-c7e5-451f-ad84-7ee4adc2e156@group-F110391D6AD9-LeaderElection46] INFO  impl.LeaderElection (LeaderElection.java:askForVotes(178)) - 3d4afc67-c7e5-451f-ad84-7ee4adc2e156@group-F110391D6AD9-LeaderElection46: begin an election at term 49 for 0: [9e106ceb-2e48-4592-baea-5a074ecdeb7f:192.168.164.234:46856, 3d4afc67-c7e5-451f-ad84-7ee4adc2e156:192.168.164.234:37554, bdf1820c-8b54-4379-867f-1e5a509c7465:192.168.164.234:34989], old=null
2019-10-16 01:11:25,538 [grpc-default-executor-3] INFO  impl.RaftServerImpl (RaftServerImpl.java:setRole(184)) - 9e106ceb-2e48-4592-baea-5a074ecdeb7f@group-F110391D6AD9: changes role from  FOLLOWER to FOLLOWER at term 49 for recognizeCandidate:3d4afc67-c7e5-451f-ad84-7ee4adc2e156
2019-10-16 01:11:25,538 [grpc-default-executor-6] INFO  impl.RaftServerImpl (RaftServerImpl.java:setRole(184)) - bdf1820c-8b54-4379-867f-1e5a509c7465@group-F110391D6AD9: changes role from  FOLLOWER to FOLLOWER at term 49 for recognizeCandidate:3d4afc67-c7e5-451f-ad84-7ee4adc2e156
2019-10-16 01:11:25,538 [grpc-default-executor-3] INFO  impl.RoleInfo (RoleInfo.java:shutdownFollowerState(121)) - 9e106ceb-2e48-4592-baea-5a074ecdeb7f: shutdown FollowerState
2019-10-16 01:11:25,538 [grpc-default-executor-6] INFO  impl.RoleInfo (RoleInfo.java:shutdownFollowerState(121)) - bdf1820c-8b54-4379-867f-1e5a509c7465: shutdown FollowerState
2019-10-16 01:11:25,539 [Thread-890] INFO  impl.FollowerState (FollowerState.java:run(117)) - 9e106ceb-2e48-4592-baea-5a074ecdeb7f@group-F110391D6AD9-FollowerState was interrupted: java.lang.InterruptedException: sleep interrupted
2019-10-16 01:11:25,539 [grpc-default-executor-3] INFO  impl.RoleInfo (RoleInfo.java:updateAndGet(143)) - 9e106ceb-2e48-4592-baea-5a074ecdeb7f: start FollowerState
2019-10-16 01:11:25,539 [Thread-891] INFO  impl.FollowerState (FollowerState.java:run(117)) - bdf1820c-8b54-4379-867f-1e5a509c7465@group-F110391D6AD9-FollowerState was interrupted: java.lang.InterruptedException: sleep interrupted
2019-10-16 01:11:25,539 [grpc-default-executor-6] INFO  impl.RoleInfo (RoleInfo.java:updateAndGet(143)) - bdf1820c-8b54-4379-867f-1e5a509c7465: start FollowerState
2019-10-16 01:11:25,562 [3d4afc67-c7e5-451f-ad84-7ee4adc2e156@group-F110391D6AD9-LeaderElection46] INFO  impl.LeaderElection (LeaderElection.java:logAndReturn(56)) - 3d4afc67-c7e5-451f-ad84-7ee4adc2e156@group-F110391D6AD9-LeaderElection46: Election REJECTED; received 2 response(s) [3d4afc67-c7e5-451f-ad84-7ee4adc2e156<-9e106ceb-2e48-4592-baea-5a074ecdeb7f#0:FAIL-t49, 3d4afc67-c7e5-451f-ad84-7ee4adc2e156<-bdf1820c-8b54-4379-867f-1e5a509c7465#0:FAIL-t49] and 0 exception(s); 3d4afc67-c7e5-451f-ad84-7ee4adc2e156@group-F110391D6AD9:t49, leader=null, voted=3d4afc67-c7e5-451f-ad84-7ee4adc2e156, raftlog=3d4afc67-c7e5-451f-ad84-7ee4adc2e156@group-F110391D6AD9-SegmentedRaftLog:OPENED:c3,f4,i4, conf=0: [9e106ceb-2e48-4592-baea-5a074ecdeb7f:192.168.164.234:46856, 3d4afc67-c7e5-451f-ad84-7ee4adc2e156:192.168.164.234:37554, bdf1820c-8b54-4379-867f-1e5a509c7465:192.168.164.234:34989], old=null
2019-10-16 01:11:25,562 [3d4afc67-c7e5-451f-ad84-7ee4adc2e156@group-F110391D6AD9-LeaderElection46] INFO  impl.RaftServerImpl (RaftServerImpl.java:setRole(184)) - 3d4afc67-c7e5-451f-ad84-7ee4adc2e156@group-F110391D6AD9: changes role from CANDIDATE to FOLLOWER at term 49 for DISCOVERED_A_NEW_TERM
2019-10-16 01:11:25,562 [3d4afc67-c7e5-451f-ad84-7ee4adc2e156@group-F110391D6AD9-LeaderElection46] INFO  impl.RoleInfo (RoleInfo.java:shutdownLeaderElection(134)) - 3d4afc67-c7e5-451f-ad84-7ee4adc2e156: shutdown LeaderElection
2019-10-16 01:11:25,563 [3d4afc67-c7e5-451f-ad84-7ee4adc2e156@group-F110391D6AD9-LeaderElection46] INFO  impl.RoleInfo (RoleInfo.java:updateAndGet(143)) - 3d4afc67-c7e5-451f-ad84-7ee4adc2e156: start FollowerState
2019-10-16 01:11:25,758 [Thread-898] INFO  impl.FollowerState (FollowerState.java:run(108)) - 3d4afc67-c7e5-451f-ad84-7ee4adc2e156@group-F110391D6AD9-FollowerState: change to CANDIDATE, lastRpcTime:195ms, electionTimeout:195ms
2019-10-16 01:11:25,761 [Thread-898] INFO  impl.RoleInfo (RoleInfo.java:shutdownFollowerState(121)) - 3d4afc67-c7e5-451f-ad84-7ee4adc2e156: shutdown FollowerState
2019-10-16 01:11:25,765 [Thread-898] INFO  impl.RaftServerImpl (RaftServerImpl.java:setRole(184)) - 3d4afc67-c7e5-451f-ad84-7ee4adc2e156@group-F110391D6AD9: changes role from  FOLLOWER to CANDIDATE at term 49 for changeToCandidate
2019-10-16 01:11:25,770 [Thread-898] INFO  impl.RoleInfo (RoleInfo.java:updateAndGet(143)) - 3d4afc67-c7e5-451f-ad84-7ee4adc2e156: start LeaderElection
2019-10-16 01:11:25,803 [3d4afc67-c7e5-451f-ad84-7ee4adc2e156@group-F110391D6AD9-LeaderElection47] INFO  impl.LeaderElection (LeaderElection.java:askForVotes(178)) - 3d4afc67-c7e5-451f-ad84-7ee4adc2e156@group-F110391D6AD9-LeaderElection47: begin an election at term 50 for 0: [9e106ceb-2e48-4592-baea-5a074ecdeb7f:192.168.164.234:46856, 3d4afc67-c7e5-451f-ad84-7ee4adc2e156:192.168.164.234:37554, bdf1820c-8b54-4379-867f-1e5a509c7465:192.168.164.234:34989], old=null
2019-10-16 01:11:25,807 [grpc-default-executor-6] INFO  impl.RaftServerImpl (RaftServerImpl.java:setRole(184)) - bdf1820c-8b54-4379-867f-1e5a509c7465@group-F110391D6AD9: changes role from  FOLLOWER to FOLLOWER at term 50 for recognizeCandidate:3d4afc67-c7e5-451f-ad84-7ee4adc2e156
2019-10-16 01:11:25,807 [grpc-default-executor-6] INFO  impl.RoleInfo (RoleInfo.java:shutdownFollowerState(121)) - bdf1820c-8b54-4379-867f-1e5a509c7465: shutdown FollowerState
2019-10-16 01:11:25,807 [grpc-default-executor-3] INFO  impl.RaftServerImpl (RaftServerImpl.java:setRole(184)) - 9e106ceb-2e48-4592-baea-5a074ecdeb7f@group-F110391D6AD9: changes role from  FOLLOWER to FOLLOWER at term 50 for recognizeCandidate:3d4afc67-c7e5-451f-ad84-7ee4adc2e156
2019-10-16 01:11:25,807 [Thread-897] INFO  impl.FollowerState (FollowerState.java:run(117)) - bdf1820c-8b54-4379-867f-1e5a509c7465@group-F110391D6AD9-FollowerState was interrupted: java.lang.InterruptedException: sleep interrupted
2019-10-16 01:11:25,807 [grpc-default-executor-6] INFO  impl.RoleInfo (RoleInfo.java:updateAndGet(143)) - bdf1820c-8b54-4379-867f-1e5a509c7465: start FollowerState
2019-10-16 01:11:25,807 [grpc-default-executor-3] INFO  impl.RoleInfo (RoleInfo.java:shutdownFollowerState(121)) - 9e106ceb-2e48-4592-baea-5a074ecdeb7f: shutdown FollowerState
2019-10-16 01:11:25,808 [grpc-default-executor-3] INFO  impl.RoleInfo (RoleInfo.java:updateAndGet(143)) - 9e106ceb-2e48-4592-baea-5a074ecdeb7f: start FollowerState
2019-10-16 01:11:25,808 [Thread-896] INFO  impl.FollowerState (FollowerState.java:run(117)) - 9e106ceb-2e48-4592-baea-5a074ecdeb7f@group-F110391D6AD9-FollowerState was interrupted: java.lang.InterruptedException: sleep interrupted
2019-10-16 01:11:25,838 [3d4afc67-c7e5-451f-ad84-7ee4adc2e156@group-F110391D6AD9-LeaderElection47] INFO  impl.LeaderElection (LeaderElection.java:logAndReturn(56)) - 3d4afc67-c7e5-451f-ad84-7ee4adc2e156@group-F110391D6AD9-LeaderElection47: Election REJECTED; received 2 response(s) [3d4afc67-c7e5-451f-ad84-7ee4adc2e156<-9e106ceb-2e48-4592-baea-5a074ecdeb7f#0:FAIL-t50, 3d4afc67-c7e5-451f-ad84-7ee4adc2e156<-bdf1820c-8b54-4379-867f-1e5a509c7465#0:FAIL-t50] and 0 exception(s); 3d4afc67-c7e5-451f-ad84-7ee4adc2e156@group-F110391D6AD9:t50, leader=null, voted=3d4afc67-c7e5-451f-ad84-7ee4adc2e156, raftlog=3d4afc67-c7e5-451f-ad84-7ee4adc2e156@group-F110391D6AD9-SegmentedRaftLog:OPENED:c3,f4,i4, conf=0: [9e106ceb-2e48-4592-baea-5a074ecdeb7f:192.168.164.234:46856, 3d4afc67-c7e5-451f-ad84-7ee4adc2e156:192.168.164.234:37554, bdf1820c-8b54-4379-867f-1e5a509c7465:192.168.164.234:34989], old=null
2019-10-16 01:11:25,839 [3d4afc67-c7e5-451f-ad84-7ee4adc2e156@group-F110391D6AD9-LeaderElection47] INFO  impl.RaftServerImpl (RaftServerImpl.java:setRole(184)) - 3d4afc67-c7e5-451f-ad84-7ee4adc2e156@group-F110391D6AD9: changes role from CANDIDATE to FOLLOWER at term 50 for DISCOVERED_A_NEW_TERM
2019-10-16 01:11:25,839 [3d4afc67-c7e5-451f-ad84-7ee4adc2e156@group-F110391D6AD9-LeaderElection47] INFO  impl.RoleInfo (RoleInfo.java:shutdownLeaderElection(134)) - 3d4afc67-c7e5-451f-ad84-7ee4adc2e156: shutdown LeaderElection
2019-10-16 01:11:25,839 [3d4afc67-c7e5-451f-ad84-7ee4adc2e156@group-F110391D6AD9-LeaderElection47] INFO  impl.RoleInfo (RoleInfo.java:updateAndGet(143)) - 3d4afc67-c7e5-451f-ad84-7ee4adc2e156: start FollowerState
2019-10-16 01:11:25,867 [BlockDeletingService#2] WARN  background.BlockDeletingService (BlockDeletingService.java:isDeletionAllowed(187)) - Close Container log Index 6 is not replicated across allthe servers in the pipeline 795bca3c-2629-405f-a5d8-f110391d6ad9 as the min replicated index is 4. Deletion is not allowed in this container yet.
2019-10-16 01:11:25,867 [BlockDeletingService#2] WARN  background.BlockDeletingService (BlockDeletingService.java:isDeletionAllowed(187)) - Close Container log Index 6 is not replicated across allthe servers in the pipeline 795bca3c-2629-405f-a5d8-f110391d6ad9 as the min replicated index is 4. Deletion is not allowed in this container yet.
2019-10-16 01:11:25,884 [Thread-904] INFO  impl.FollowerState (FollowerState.java:run(108)) - 3d4afc67-c7e5-451f-ad84-7ee4adc2e156@group-F110391D6AD9-FollowerState: change to CANDIDATE, lastRpcTime:44ms, electionTimeout:44ms
2019-10-16 01:11:25,884 [Thread-904] INFO  impl.RoleInfo (RoleInfo.java:shutdownFollowerState(121)) - 3d4afc67-c7e5-451f-ad84-7ee4adc2e156: shutdown FollowerState
2019-10-16 01:11:25,884 [Thread-904] INFO  impl.RaftServerImpl (RaftServerImpl.java:setRole(184)) - 3d4afc67-c7e5-451f-ad84-7ee4adc2e156@group-F110391D6AD9: changes role from  FOLLOWER to CANDIDATE at term 50 for changeToCandidate
2019-10-16 01:11:25,884 [Thread-904] INFO  impl.RoleInfo (RoleInfo.java:updateAndGet(143)) - 3d4afc67-c7e5-451f-ad84-7ee4adc2e156: start LeaderElection
2019-10-16 01:11:25,912 [3d4afc67-c7e5-451f-ad84-7ee4adc2e156@group-F110391D6AD9-LeaderElection48] INFO  impl.LeaderElection (LeaderElection.java:askForVotes(178)) - 3d4afc67-c7e5-451f-ad84-7ee4adc2e156@group-F110391D6AD9-LeaderElection48: begin an election at term 51 for 0: [9e106ceb-2e48-4592-baea-5a074ecdeb7f:192.168.164.234:46856, 3d4afc67-c7e5-451f-ad84-7ee4adc2e156:192.168.164.234:37554, bdf1820c-8b54-4379-867f-1e5a509c7465:192.168.164.234:34989], old=null
2019-10-16 01:11:25,915 [grpc-default-executor-6] INFO  impl.RaftServerImpl (RaftServerImpl.java:setRole(184)) - bdf1820c-8b54-4379-867f-1e5a509c7465@group-F110391D6AD9: changes role from  FOLLOWER to FOLLOWER at term 51 for recognizeCandidate:3d4afc67-c7e5-451f-ad84-7ee4adc2e156
2019-10-16 01:11:25,915 [grpc-default-executor-3] INFO  impl.RaftServerImpl (RaftServerImpl.java:setRole(184)) - 9e106ceb-2e48-4592-baea-5a074ecdeb7f@group-F110391D6AD9: changes role from  FOLLOWER to FOLLOWER at term 51 for recognizeCandidate:3d4afc67-c7e5-451f-ad84-7ee4adc2e156
2019-10-16 01:11:25,915 [grpc-default-executor-6] INFO  impl.RoleInfo (RoleInfo.java:shutdownFollowerState(121)) - bdf1820c-8b54-4379-867f-1e5a509c7465: shutdown FollowerState
2019-10-16 01:11:25,915 [grpc-default-executor-3] INFO  impl.RoleInfo (RoleInfo.java:shutdownFollowerState(121)) - 9e106ceb-2e48-4592-baea-5a074ecdeb7f: shutdown FollowerState
2019-10-16 01:11:25,916 [grpc-default-executor-6] INFO  impl.RoleInfo (RoleInfo.java:updateAndGet(143)) - bdf1820c-8b54-4379-867f-1e5a509c7465: start FollowerState
2019-10-16 01:11:25,916 [Thread-903] INFO  impl.FollowerState (FollowerState.java:run(117)) - 9e106ceb-2e48-4592-baea-5a074ecdeb7f@group-F110391D6AD9-FollowerState was interrupted: java.lang.InterruptedException: sleep interrupted
2019-10-16 01:11:25,916 [grpc-default-executor-3] INFO  impl.RoleInfo (RoleInfo.java:updateAndGet(143)) - 9e106ceb-2e48-4592-baea-5a074ecdeb7f: start FollowerState
2019-10-16 01:11:25,916 [Thread-902] INFO  impl.FollowerState (FollowerState.java:run(117)) - bdf1820c-8b54-4379-867f-1e5a509c7465@group-F110391D6AD9-FollowerState was interrupted: java.lang.InterruptedException: sleep interrupted
2019-10-16 01:11:25,940 [3d4afc67-c7e5-451f-ad84-7ee4adc2e156@group-F110391D6AD9-LeaderElection48] INFO  impl.LeaderElection (LeaderElection.java:logAndReturn(56)) - 3d4afc67-c7e5-451f-ad84-7ee4adc2e156@group-F110391D6AD9-LeaderElection48: Election REJECTED; received 2 response(s) [3d4afc67-c7e5-451f-ad84-7ee4adc2e156<-9e106ceb-2e48-4592-baea-5a074ecdeb7f#0:FAIL-t51, 3d4afc67-c7e5-451f-ad84-7ee4adc2e156<-bdf1820c-8b54-4379-867f-1e5a509c7465#0:FAIL-t51] and 0 exception(s); 3d4afc67-c7e5-451f-ad84-7ee4adc2e156@group-F110391D6AD9:t51, leader=null, voted=3d4afc67-c7e5-451f-ad84-7ee4adc2e156, raftlog=3d4afc67-c7e5-451f-ad84-7ee4adc2e156@group-F110391D6AD9-SegmentedRaftLog:OPENED:c3,f4,i4, conf=0: [9e106ceb-2e48-4592-baea-5a074ecdeb7f:192.168.164.234:46856, 3d4afc67-c7e5-451f-ad84-7ee4adc2e156:192.168.164.234:37554, bdf1820c-8b54-4379-867f-1e5a509c7465:192.168.164.234:34989], old=null
2019-10-16 01:11:25,941 [3d4afc67-c7e5-451f-ad84-7ee4adc2e156@group-F110391D6AD9-LeaderElection48] INFO  impl.RaftServerImpl (RaftServerImpl.java:setRole(184)) - 3d4afc67-c7e5-451f-ad84-7ee4adc2e156@group-F110391D6AD9: changes role from CANDIDATE to FOLLOWER at term 51 for DISCOVERED_A_NEW_TERM
2019-10-16 01:11:25,941 [3d4afc67-c7e5-451f-ad84-7ee4adc2e156@group-F110391D6AD9-LeaderElection48] INFO  impl.RoleInfo (RoleInfo.java:shutdownLeaderElection(134)) - 3d4afc67-c7e5-451f-ad84-7ee4adc2e156: shutdown LeaderElection
2019-10-16 01:11:25,941 [3d4afc67-c7e5-451f-ad84-7ee4adc2e156@group-F110391D6AD9-LeaderElection48] INFO  impl.RoleInfo (RoleInfo.java:updateAndGet(143)) - 3d4afc67-c7e5-451f-ad84-7ee4adc2e156: start FollowerState
2019-10-16 01:11:26,058 [Thread-912] INFO  impl.FollowerState (FollowerState.java:run(108)) - 3d4afc67-c7e5-451f-ad84-7ee4adc2e156@group-F110391D6AD9-FollowerState: change to CANDIDATE, lastRpcTime:116ms, electionTimeout:116ms
2019-10-16 01:11:26,058 [Thread-912] INFO  impl.RoleInfo (RoleInfo.java:shutdownFollowerState(121)) - 3d4afc67-c7e5-451f-ad84-7ee4adc2e156: shutdown FollowerState
2019-10-16 01:11:26,058 [Thread-912] INFO  impl.RaftServerImpl (RaftServerImpl.java:setRole(184)) - 3d4afc67-c7e5-451f-ad84-7ee4adc2e156@group-F110391D6AD9: changes role from  FOLLOWER to CANDIDATE at term 51 for changeToCandidate
2019-10-16 01:11:26,058 [Thread-912] INFO  impl.RoleInfo (RoleInfo.java:updateAndGet(143)) - 3d4afc67-c7e5-451f-ad84-7ee4adc2e156: start LeaderElection
2019-10-16 01:11:26,088 [3d4afc67-c7e5-451f-ad84-7ee4adc2e156@group-F110391D6AD9-LeaderElection49] INFO  impl.LeaderElection (LeaderElection.java:askForVotes(178)) - 3d4afc67-c7e5-451f-ad84-7ee4adc2e156@group-F110391D6AD9-LeaderElection49: begin an election at term 52 for 0: [9e106ceb-2e48-4592-baea-5a074ecdeb7f:192.168.164.234:46856, 3d4afc67-c7e5-451f-ad84-7ee4adc2e156:192.168.164.234:37554, bdf1820c-8b54-4379-867f-1e5a509c7465:192.168.164.234:34989], old=null
2019-10-16 01:11:26,092 [grpc-default-executor-6] INFO  impl.RaftServerImpl (RaftServerImpl.java:setRole(184)) - bdf1820c-8b54-4379-867f-1e5a509c7465@group-F110391D6AD9: changes role from  FOLLOWER to FOLLOWER at term 52 for recognizeCandidate:3d4afc67-c7e5-451f-ad84-7ee4adc2e156
2019-10-16 01:11:26,092 [grpc-default-executor-6] INFO  impl.RoleInfo (RoleInfo.java:shutdownFollowerState(121)) - bdf1820c-8b54-4379-867f-1e5a509c7465: shutdown FollowerState
2019-10-16 01:11:26,092 [grpc-default-executor-6] INFO  impl.RoleInfo (RoleInfo.java:updateAndGet(143)) - bdf1820c-8b54-4379-867f-1e5a509c7465: start FollowerState
2019-10-16 01:11:26,092 [grpc-default-executor-3] INFO  impl.RaftServerImpl (RaftServerImpl.java:setRole(184)) - 9e106ceb-2e48-4592-baea-5a074ecdeb7f@group-F110391D6AD9: changes role from  FOLLOWER to FOLLOWER at term 52 for recognizeCandidate:3d4afc67-c7e5-451f-ad84-7ee4adc2e156
2019-10-16 01:11:26,092 [3d4afc67-c7e5-451f-ad84-7ee4adc2e156@group-F110391D6AD9-LeaderElection49] INFO  impl.LeaderElection (LeaderElection.java:logAndReturn(56)) - 3d4afc67-c7e5-451f-ad84-7ee4adc2e156@group-F110391D6AD9-LeaderElection49: Election TIMEOUT; received 0 response(s) [] and 0 exception(s); 3d4afc67-c7e5-451f-ad84-7ee4adc2e156@group-F110391D6AD9:t52, leader=null, voted=3d4afc67-c7e5-451f-ad84-7ee4adc2e156, raftlog=3d4afc67-c7e5-451f-ad84-7ee4adc2e156@group-F110391D6AD9-SegmentedRaftLog:OPENED:c3,f4,i4, conf=0: [9e106ceb-2e48-4592-baea-5a074ecdeb7f:192.168.164.234:46856, 3d4afc67-c7e5-451f-ad84-7ee4adc2e156:192.168.164.234:37554, bdf1820c-8b54-4379-867f-1e5a509c7465:192.168.164.234:34989], old=null
2019-10-16 01:11:26,092 [Thread-910] INFO  impl.FollowerState (FollowerState.java:run(117)) - bdf1820c-8b54-4379-867f-1e5a509c7465@group-F110391D6AD9-FollowerState was interrupted: java.lang.InterruptedException: sleep interrupted
2019-10-16 01:11:26,093 [grpc-default-executor-3] INFO  impl.RoleInfo (RoleInfo.java:shutdownFollowerState(121)) - 9e106ceb-2e48-4592-baea-5a074ecdeb7f: shutdown FollowerState
2019-10-16 01:11:26,093 [grpc-default-executor-3] INFO  impl.RoleInfo (RoleInfo.java:updateAndGet(143)) - 9e106ceb-2e48-4592-baea-5a074ecdeb7f: start FollowerState
2019-10-16 01:11:26,093 [Thread-911] INFO  impl.FollowerState (FollowerState.java:run(117)) - 9e106ceb-2e48-4592-baea-5a074ecdeb7f@group-F110391D6AD9-FollowerState was interrupted: java.lang.InterruptedException: sleep interrupted
2019-10-16 01:11:26,114 [3d4afc67-c7e5-451f-ad84-7ee4adc2e156@group-F110391D6AD9-LeaderElection49] INFO  impl.LeaderElection (LeaderElection.java:askForVotes(178)) - 3d4afc67-c7e5-451f-ad84-7ee4adc2e156@group-F110391D6AD9-LeaderElection49: begin an election at term 53 for 0: [9e106ceb-2e48-4592-baea-5a074ecdeb7f:192.168.164.234:46856, 3d4afc67-c7e5-451f-ad84-7ee4adc2e156:192.168.164.234:37554, bdf1820c-8b54-4379-867f-1e5a509c7465:192.168.164.234:34989], old=null
2019-10-16 01:11:26,117 [grpc-default-executor-6] INFO  impl.RaftServerImpl (RaftServerImpl.java:setRole(184)) - 9e106ceb-2e48-4592-baea-5a074ecdeb7f@group-F110391D6AD9: changes role from  FOLLOWER to FOLLOWER at term 53 for recognizeCandidate:3d4afc67-c7e5-451f-ad84-7ee4adc2e156
2019-10-16 01:11:26,117 [grpc-default-executor-3] INFO  impl.RaftServerImpl (RaftServerImpl.java:setRole(184)) - bdf1820c-8b54-4379-867f-1e5a509c7465@group-F110391D6AD9: changes role from  FOLLOWER to FOLLOWER at term 53 for recognizeCandidate:3d4afc67-c7e5-451f-ad84-7ee4adc2e156
2019-10-16 01:11:26,117 [grpc-default-executor-6] INFO  impl.RoleInfo (RoleInfo.java:shutdownFollowerState(121)) - 9e106ceb-2e48-4592-baea-5a074ecdeb7f: shutdown FollowerState
2019-10-16 01:11:26,117 [grpc-default-executor-3] INFO  impl.RoleInfo (RoleInfo.java:shutdownFollowerState(121)) - bdf1820c-8b54-4379-867f-1e5a509c7465: shutdown FollowerState
2019-10-16 01:11:26,117 [Thread-920] INFO  impl.FollowerState (FollowerState.java:run(117)) - 9e106ceb-2e48-4592-baea-5a074ecdeb7f@group-F110391D6AD9-FollowerState was interrupted: java.lang.InterruptedException: sleep interrupted
2019-10-16 01:11:26,117 [grpc-default-executor-6] INFO  impl.RoleInfo (RoleInfo.java:updateAndGet(143)) - 9e106ceb-2e48-4592-baea-5a074ecdeb7f: start FollowerState
2019-10-16 01:11:26,118 [Thread-919] INFO  impl.FollowerState (FollowerState.java:run(117)) - bdf1820c-8b54-4379-867f-1e5a509c7465@group-F110391D6AD9-FollowerState was interrupted: java.lang.InterruptedException: sleep interrupted
2019-10-16 01:11:26,118 [grpc-default-executor-3] INFO  impl.RoleInfo (RoleInfo.java:updateAndGet(143)) - bdf1820c-8b54-4379-867f-1e5a509c7465: start FollowerState
2019-10-16 01:11:26,120 [pool-7-thread-2] INFO  commands.RetriableDatanodeEventWatcher (RetriableDatanodeEventWatcher.java:onTimeout(47)) - RetriableDatanodeCommand type=deleteBlocksCommand with id=1571188276107 timed out. Retrying.
2019-10-16 01:11:26,120 [pool-7-thread-2] INFO  commands.RetriableDatanodeEventWatcher (RetriableDatanodeEventWatcher.java:onTimeout(47)) - RetriableDatanodeCommand type=deleteBlocksCommand with id=1571188276112 timed out. Retrying.
2019-10-16 01:11:26,122 [pool-7-thread-2] INFO  commands.RetriableDatanodeEventWatcher (RetriableDatanodeEventWatcher.java:onTimeout(47)) - RetriableDatanodeCommand type=deleteBlocksCommand with id=1571188276115 timed out. Retrying.
2019-10-16 01:11:26,122 [pool-7-thread-6] INFO  commands.RetriableDatanodeEventWatcher (RetriableDatanodeEventWatcher.java:onTimeout(47)) - RetriableDatanodeCommand type=deleteBlocksCommand with id=1571188276113 timed out. Retrying.
2019-10-16 01:11:26,124 [pool-7-thread-6] INFO  commands.RetriableDatanodeEventWatcher (RetriableDatanodeEventWatcher.java:onTimeout(47)) - RetriableDatanodeCommand type=deleteBlocksCommand with id=1571188276114 timed out. Retrying.
2019-10-16 01:11:26,125 [pool-7-thread-5] INFO  commands.RetriableDatanodeEventWatcher (RetriableDatanodeEventWatcher.java:onTimeout(47)) - RetriableDatanodeCommand type=deleteBlocksCommand with id=1571188276111 timed out. Retrying.
2019-10-16 01:11:26,125 [pool-7-thread-4] INFO  commands.RetriableDatanodeEventWatcher (RetriableDatanodeEventWatcher.java:onTimeout(47)) - RetriableDatanodeCommand type=deleteBlocksCommand with id=1571188276110 timed out. Retrying.
2019-10-16 01:11:26,125 [pool-7-thread-3] INFO  commands.RetriableDatanodeEventWatcher (RetriableDatanodeEventWatcher.java:onTimeout(47)) - RetriableDatanodeCommand type=deleteBlocksCommand with id=1571188276116 timed out. Retrying.
2019-10-16 01:11:26,125 [pool-7-thread-1] INFO  commands.RetriableDatanodeEventWatcher (RetriableDatanodeEventWatcher.java:onTimeout(47)) - RetriableDatanodeCommand type=deleteBlocksCommand with id=1571188276117 timed out. Retrying.
2019-10-16 01:11:26,126 [pool-7-thread-2] INFO  commands.RetriableDatanodeEventWatcher (RetriableDatanodeEventWatcher.java:onTimeout(47)) - RetriableDatanodeCommand type=deleteBlocksCommand with id=1571188276118 timed out. Retrying.
2019-10-16 01:11:26,126 [SCMBlockDeletingService#1] INFO  block.SCMBlockDeletingService (SCMBlockDeletingService.java:call(184)) - Totally added 1 delete blocks command for 1 datanodes, task elapsed time: 0ms
2019-10-16 01:11:26,140 [3d4afc67-c7e5-451f-ad84-7ee4adc2e156@group-F110391D6AD9-LeaderElection49] INFO  impl.LeaderElection (LeaderElection.java:logAndReturn(56)) - 3d4afc67-c7e5-451f-ad84-7ee4adc2e156@group-F110391D6AD9-LeaderElection49: Election REJECTED; received 2 response(s) [3d4afc67-c7e5-451f-ad84-7ee4adc2e156<-9e106ceb-2e48-4592-baea-5a074ecdeb7f#0:FAIL-t53, 3d4afc67-c7e5-451f-ad84-7ee4adc2e156<-bdf1820c-8b54-4379-867f-1e5a509c7465#0:FAIL-t53] and 0 exception(s); 3d4afc67-c7e5-451f-ad84-7ee4adc2e156@group-F110391D6AD9:t53, leader=null, voted=3d4afc67-c7e5-451f-ad84-7ee4adc2e156, raftlog=3d4afc67-c7e5-451f-ad84-7ee4adc2e156@group-F110391D6AD9-SegmentedRaftLog:OPENED:c3,f4,i4, conf=0: [9e106ceb-2e48-4592-baea-5a074ecdeb7f:192.168.164.234:46856, 3d4afc67-c7e5-451f-ad84-7ee4adc2e156:192.168.164.234:37554, bdf1820c-8b54-4379-867f-1e5a509c7465:192.168.164.234:34989], old=null
2019-10-16 01:11:26,141 [3d4afc67-c7e5-451f-ad84-7ee4adc2e156@group-F110391D6AD9-LeaderElection49] INFO  impl.RaftServerImpl (RaftServerImpl.java:setRole(184)) - 3d4afc67-c7e5-451f-ad84-7ee4adc2e156@group-F110391D6AD9: changes role from CANDIDATE to FOLLOWER at term 53 for DISCOVERED_A_NEW_TERM
2019-10-16 01:11:26,141 [3d4afc67-c7e5-451f-ad84-7ee4adc2e156@group-F110391D6AD9-LeaderElection49] INFO  impl.RoleInfo (RoleInfo.java:shutdownLeaderElection(134)) - 3d4afc67-c7e5-451f-ad84-7ee4adc2e156: shutdown LeaderElection
2019-10-16 01:11:26,141 [3d4afc67-c7e5-451f-ad84-7ee4adc2e156@group-F110391D6AD9-LeaderElection49] INFO  impl.RoleInfo (RoleInfo.java:updateAndGet(143)) - 3d4afc67-c7e5-451f-ad84-7ee4adc2e156: start FollowerState
2019-10-16 01:11:26,206 [Thread-925] INFO  impl.FollowerState (FollowerState.java:run(108)) - 3d4afc67-c7e5-451f-ad84-7ee4adc2e156@group-F110391D6AD9-FollowerState: change to CANDIDATE, lastRpcTime:64ms, electionTimeout:64ms
2019-10-16 01:11:26,206 [Thread-925] INFO  impl.RoleInfo (RoleInfo.java:shutdownFollowerState(121)) - 3d4afc67-c7e5-451f-ad84-7ee4adc2e156: shutdown FollowerState
2019-10-16 01:11:26,206 [Thread-925] INFO  impl.RaftServerImpl (RaftServerImpl.java:setRole(184)) - 3d4afc67-c7e5-451f-ad84-7ee4adc2e156@group-F110391D6AD9: changes role from  FOLLOWER to CANDIDATE at term 53 for changeToCandidate
2019-10-16 01:11:26,206 [Thread-925] INFO  impl.RoleInfo (RoleInfo.java:updateAndGet(143)) - 3d4afc67-c7e5-451f-ad84-7ee4adc2e156: start LeaderElection
2019-10-16 01:11:26,225 [Command processor thread] INFO  commandhandler.DeleteBlocksCommandHandler (DeleteBlocksCommandHandler.java:handle(106)) - Start to delete container blocks, TXIDs=[1(0)], numOfContainers=1, numOfBlocks=1
2019-10-16 01:11:26,225 [Command processor thread] INFO  commandhandler.DeleteBlocksCommandHandler (DeleteBlocksCommandHandler.java:handle(106)) - Start to delete container blocks, TXIDs=[1(2)], numOfContainers=1, numOfBlocks=1
2019-10-16 01:11:26,226 [Command processor thread] INFO  commandhandler.DeleteBlocksCommandHandler (DeleteBlocksCommandHandler.java:handle(106)) - Start to delete container blocks, TXIDs=[1(2)], numOfContainers=1, numOfBlocks=1
2019-10-16 01:11:26,226 [Command processor thread] INFO  commandhandler.DeleteBlocksCommandHandler (DeleteBlocksCommandHandler.java:handle(106)) - Start to delete container blocks, TXIDs=[1(2)], numOfContainers=1, numOfBlocks=1
2019-10-16 01:11:26,226 [Command processor thread] INFO  commandhandler.DeleteBlocksCommandHandler (DeleteBlocksCommandHandler.java:handle(106)) - Start to delete container blocks, TXIDs=[1(30)], numOfContainers=1, numOfBlocks=1
2019-10-16 01:11:26,226 [Command processor thread] INFO  commandhandler.DeleteBlocksCommandHandler (DeleteBlocksCommandHandler.java:handle(106)) - Start to delete container blocks, TXIDs=[1(2)], numOfContainers=1, numOfBlocks=1
2019-10-16 01:11:26,226 [Command processor thread] INFO  commandhandler.DeleteBlocksCommandHandler (DeleteBlocksCommandHandler.java:handle(106)) - Start to delete container blocks, TXIDs=[1(2)], numOfContainers=1, numOfBlocks=1
2019-10-16 01:11:26,227 [Command processor thread] INFO  commandhandler.DeleteBlocksCommandHandler (DeleteBlocksCommandHandler.java:handle(106)) - Start to delete container blocks, TXIDs=[1(2)], numOfContainers=1, numOfBlocks=1
2019-10-16 01:11:26,227 [Command processor thread] INFO  commandhandler.DeleteBlocksCommandHandler (DeleteBlocksCommandHandler.java:handle(106)) - Start to delete container blocks, TXIDs=[1(38)], numOfContainers=1, numOfBlocks=1
2019-10-16 01:11:26,227 [Command processor thread] INFO  commandhandler.DeleteBlocksCommandHandler (DeleteBlocksCommandHandler.java:handle(106)) - Start to delete container blocks, TXIDs=[1(47)], numOfContainers=1, numOfBlocks=1
2019-10-16 01:11:26,227 [Command processor thread] INFO  commandhandler.DeleteBlocksCommandHandler (DeleteBlocksCommandHandler.java:handle(106)) - Start to delete container blocks, TXIDs=[1(0)], numOfContainers=1, numOfBlocks=1
2019-10-16 01:11:26,227 [Command processor thread] INFO  commandhandler.DeleteBlocksCommandHandler (DeleteBlocksCommandHandler.java:handle(106)) - Start to delete container blocks, TXIDs=[1(2)], numOfContainers=1, numOfBlocks=1
2019-10-16 01:11:26,228 [Command processor thread] INFO  commandhandler.DeleteBlocksCommandHandler (DeleteBlocksCommandHandler.java:handle(106)) - Start to delete container blocks, TXIDs=[1(2)], numOfContainers=1, numOfBlocks=1
2019-10-16 01:11:26,228 [Command processor thread] INFO  commandhandler.DeleteBlocksCommandHandler (DeleteBlocksCommandHandler.java:handle(106)) - Start to delete container blocks, TXIDs=[1(2)], numOfContainers=1, numOfBlocks=1
2019-10-16 01:11:26,228 [Command processor thread] INFO  commandhandler.DeleteBlocksCommandHandler (DeleteBlocksCommandHandler.java:handle(106)) - Start to delete container blocks, TXIDs=[1(2)], numOfContainers=1, numOfBlocks=1
2019-10-16 01:11:26,228 [Command processor thread] INFO  commandhandler.DeleteBlocksCommandHandler (DeleteBlocksCommandHandler.java:handle(106)) - Start to delete container blocks, TXIDs=[1(2)], numOfContainers=1, numOfBlocks=1
2019-10-16 01:11:26,228 [Command processor thread] INFO  commandhandler.DeleteBlocksCommandHandler (DeleteBlocksCommandHandler.java:handle(106)) - Start to delete container blocks, TXIDs=[1(2)], numOfContainers=1, numOfBlocks=1
2019-10-16 01:11:26,229 [Command processor thread] INFO  commandhandler.DeleteBlocksCommandHandler (DeleteBlocksCommandHandler.java:handle(106)) - Start to delete container blocks, TXIDs=[1(30)], numOfContainers=1, numOfBlocks=1
2019-10-16 01:11:26,229 [Command processor thread] INFO  commandhandler.DeleteBlocksCommandHandler (DeleteBlocksCommandHandler.java:handle(106)) - Start to delete container blocks, TXIDs=[1(38)], numOfContainers=1, numOfBlocks=1
2019-10-16 01:11:26,229 [Command processor thread] INFO  commandhandler.DeleteBlocksCommandHandler (DeleteBlocksCommandHandler.java:handle(106)) - Start to delete container blocks, TXIDs=[1(57)], numOfContainers=1, numOfBlocks=1
2019-10-16 01:11:26,229 [Command processor thread] INFO  commandhandler.DeleteBlocksCommandHandler (DeleteBlocksCommandHandler.java:handle(106)) - Start to delete container blocks, TXIDs=[1(47)], numOfContainers=1, numOfBlocks=1
2019-10-16 01:11:26,232 [3d4afc67-c7e5-451f-ad84-7ee4adc2e156@group-F110391D6AD9-LeaderElection50] INFO  impl.LeaderElection (LeaderElection.java:askForVotes(178)) - 3d4afc67-c7e5-451f-ad84-7ee4adc2e156@group-F110391D6AD9-LeaderElection50: begin an election at term 54 for 0: [9e106ceb-2e48-4592-baea-5a074ecdeb7f:192.168.164.234:46856, 3d4afc67-c7e5-451f-ad84-7ee4adc2e156:192.168.164.234:37554, bdf1820c-8b54-4379-867f-1e5a509c7465:192.168.164.234:34989], old=null
2019-10-16 01:11:26,235 [grpc-default-executor-6] INFO  impl.RaftServerImpl (RaftServerImpl.java:setRole(184)) - 9e106ceb-2e48-4592-baea-5a074ecdeb7f@group-F110391D6AD9: changes role from  FOLLOWER to FOLLOWER at term 54 for recognizeCandidate:3d4afc67-c7e5-451f-ad84-7ee4adc2e156
2019-10-16 01:11:26,235 [grpc-default-executor-3] INFO  impl.RaftServerImpl (RaftServerImpl.java:setRole(184)) - bdf1820c-8b54-4379-867f-1e5a509c7465@group-F110391D6AD9: changes role from  FOLLOWER to FOLLOWER at term 54 for recognizeCandidate:3d4afc67-c7e5-451f-ad84-7ee4adc2e156
2019-10-16 01:11:26,236 [grpc-default-executor-6] INFO  impl.RoleInfo (RoleInfo.java:shutdownFollowerState(121)) - 9e106ceb-2e48-4592-baea-5a074ecdeb7f: shutdown FollowerState
2019-10-16 01:11:26,236 [grpc-default-executor-3] INFO  impl.RoleInfo (RoleInfo.java:shutdownFollowerState(121)) - bdf1820c-8b54-4379-867f-1e5a509c7465: shutdown FollowerState
2019-10-16 01:11:26,236 [Thread-923] INFO  impl.FollowerState (FollowerState.java:run(117)) - 9e106ceb-2e48-4592-baea-5a074ecdeb7f@group-F110391D6AD9-FollowerState was interrupted: java.lang.InterruptedException: sleep interrupted
2019-10-16 01:11:26,236 [grpc-default-executor-6] INFO  impl.RoleInfo (RoleInfo.java:updateAndGet(143)) - 9e106ceb-2e48-4592-baea-5a074ecdeb7f: start FollowerState
2019-10-16 01:11:26,236 [grpc-default-executor-3] INFO  impl.RoleInfo (RoleInfo.java:updateAndGet(143)) - bdf1820c-8b54-4379-867f-1e5a509c7465: start FollowerState
2019-10-16 01:11:26,236 [Thread-924] INFO  impl.FollowerState (FollowerState.java:run(117)) - bdf1820c-8b54-4379-867f-1e5a509c7465@group-F110391D6AD9-FollowerState was interrupted: java.lang.InterruptedException: sleep interrupted
2019-10-16 01:11:26,246 [Thread-932] INFO  client.GrpcClientProtocolService (GrpcClientProtocolService.java:lambda$processClientRequest$0(278)) - Failed RaftClientRequest:client-901DCD72E87A->bdf1820c-8b54-4379-867f-1e5a509c7465@group-F110391D6AD9, cid=10, seq=0, Watch-ALL_COMMITTED(6), Message:<EMPTY>, reply=RaftClientReply:client-901DCD72E87A->bdf1820c-8b54-4379-867f-1e5a509c7465@group-F110391D6AD9, cid=10, FAILED org.apache.ratis.protocol.NotLeaderException: Server bdf1820c-8b54-4379-867f-1e5a509c7465@group-F110391D6AD9 is not the leader, logIndex=0, commits[bdf1820c-8b54-4379-867f-1e5a509c7465:c10, 9e106ceb-2e48-4592-baea-5a074ecdeb7f:c10, 3d4afc67-c7e5-451f-ad84-7ee4adc2e156:c4]
2019-10-16 01:11:26,259 [3d4afc67-c7e5-451f-ad84-7ee4adc2e156@group-F110391D6AD9-LeaderElection50] INFO  impl.LeaderElection (LeaderElection.java:logAndReturn(56)) - 3d4afc67-c7e5-451f-ad84-7ee4adc2e156@group-F110391D6AD9-LeaderElection50: Election REJECTED; received 2 response(s) [3d4afc67-c7e5-451f-ad84-7ee4adc2e156<-9e106ceb-2e48-4592-baea-5a074ecdeb7f#0:FAIL-t54, 3d4afc67-c7e5-451f-ad84-7ee4adc2e156<-bdf1820c-8b54-4379-867f-1e5a509c7465#0:FAIL-t54] and 0 exception(s); 3d4afc67-c7e5-451f-ad84-7ee4adc2e156@group-F110391D6AD9:t54, leader=null, voted=3d4afc67-c7e5-451f-ad84-7ee4adc2e156, raftlog=3d4afc67-c7e5-451f-ad84-7ee4adc2e156@group-F110391D6AD9-SegmentedRaftLog:OPENED:c3,f4,i4, conf=0: [9e106ceb-2e48-4592-baea-5a074ecdeb7f:192.168.164.234:46856, 3d4afc67-c7e5-451f-ad84-7ee4adc2e156:192.168.164.234:37554, bdf1820c-8b54-4379-867f-1e5a509c7465:192.168.164.234:34989], old=null
2019-10-16 01:11:26,259 [3d4afc67-c7e5-451f-ad84-7ee4adc2e156@group-F110391D6AD9-LeaderElection50] INFO  impl.RaftServerImpl (RaftServerImpl.java:setRole(184)) - 3d4afc67-c7e5-451f-ad84-7ee4adc2e156@group-F110391D6AD9: changes role from CANDIDATE to FOLLOWER at term 54 for DISCOVERED_A_NEW_TERM
2019-10-16 01:11:26,259 [3d4afc67-c7e5-451f-ad84-7ee4adc2e156@group-F110391D6AD9-LeaderElection50] INFO  impl.RoleInfo (RoleInfo.java:shutdownLeaderElection(134)) - 3d4afc67-c7e5-451f-ad84-7ee4adc2e156: shutdown LeaderElection
2019-10-16 01:11:26,259 [3d4afc67-c7e5-451f-ad84-7ee4adc2e156@group-F110391D6AD9-LeaderElection50] INFO  impl.RoleInfo (RoleInfo.java:updateAndGet(143)) - 3d4afc67-c7e5-451f-ad84-7ee4adc2e156: start FollowerState
2019-10-16 01:11:26,405 [Thread-934] INFO  impl.FollowerState (FollowerState.java:run(108)) - 3d4afc67-c7e5-451f-ad84-7ee4adc2e156@group-F110391D6AD9-FollowerState: change to CANDIDATE, lastRpcTime:145ms, electionTimeout:145ms
2019-10-16 01:11:26,405 [Thread-934] INFO  impl.RoleInfo (RoleInfo.java:shutdownFollowerState(121)) - 3d4afc67-c7e5-451f-ad84-7ee4adc2e156: shutdown FollowerState
2019-10-16 01:11:26,405 [Thread-934] INFO  impl.RaftServerImpl (RaftServerImpl.java:setRole(184)) - 3d4afc67-c7e5-451f-ad84-7ee4adc2e156@group-F110391D6AD9: changes role from  FOLLOWER to CANDIDATE at term 54 for changeToCandidate
2019-10-16 01:11:26,405 [Thread-934] INFO  impl.RoleInfo (RoleInfo.java:updateAndGet(143)) - 3d4afc67-c7e5-451f-ad84-7ee4adc2e156: start LeaderElection
2019-10-16 01:11:26,433 [3d4afc67-c7e5-451f-ad84-7ee4adc2e156@group-F110391D6AD9-LeaderElection51] INFO  impl.LeaderElection (LeaderElection.java:askForVotes(178)) - 3d4afc67-c7e5-451f-ad84-7ee4adc2e156@group-F110391D6AD9-LeaderElection51: begin an election at term 55 for 0: [9e106ceb-2e48-4592-baea-5a074ecdeb7f:192.168.164.234:46856, 3d4afc67-c7e5-451f-ad84-7ee4adc2e156:192.168.164.234:37554, bdf1820c-8b54-4379-867f-1e5a509c7465:192.168.164.234:34989], old=null
2019-10-16 01:11:26,437 [grpc-default-executor-6] INFO  impl.RaftServerImpl (RaftServerImpl.java:setRole(184)) - 9e106ceb-2e48-4592-baea-5a074ecdeb7f@group-F110391D6AD9: changes role from  FOLLOWER to FOLLOWER at term 55 for recognizeCandidate:3d4afc67-c7e5-451f-ad84-7ee4adc2e156
2019-10-16 01:11:26,437 [EventQueue-DeleteBlockStatusForDeletedBlockLogImpl] WARN  block.DeletedBlockLogImpl (DeletedBlockLogImpl.java:commitTransactions(205)) - Transaction txId=1 commit by dnId=3d4afc67-c7e5-451f-ad84-7ee4adc2e156 for containerID=#1 failed. Corresponding entry not found.
2019-10-16 01:11:26,437 [grpc-default-executor-3] INFO  impl.RaftServerImpl (RaftServerImpl.java:setRole(184)) - bdf1820c-8b54-4379-867f-1e5a509c7465@group-F110391D6AD9: changes role from  FOLLOWER to FOLLOWER at term 55 for recognizeCandidate:3d4afc67-c7e5-451f-ad84-7ee4adc2e156
2019-10-16 01:11:26,437 [EventQueue-DeleteBlockStatusForDeletedBlockLogImpl] WARN  block.DeletedBlockLogImpl (DeletedBlockLogImpl.java:commitTransactions(205)) - Transaction txId=1 commit by dnId=3d4afc67-c7e5-451f-ad84-7ee4adc2e156 for containerID=#1 failed. Corresponding entry not found.
2019-10-16 01:11:26,437 [EventQueue-DeleteBlockStatusForDeletedBlockLogImpl] WARN  block.DeletedBlockLogImpl (DeletedBlockLogImpl.java:commitTransactions(205)) - Transaction txId=1 commit by dnId=3d4afc67-c7e5-451f-ad84-7ee4adc2e156 for containerID=#1 failed. Corresponding entry not found.
2019-10-16 01:11:26,437 [grpc-default-executor-6] INFO  impl.RoleInfo (RoleInfo.java:shutdownFollowerState(121)) - 9e106ceb-2e48-4592-baea-5a074ecdeb7f: shutdown FollowerState
2019-10-16 01:11:26,438 [EventQueue-DeleteBlockStatusForDeletedBlockLogImpl] WARN  block.DeletedBlockLogImpl (DeletedBlockLogImpl.java:commitTransactions(205)) - Transaction txId=1 commit by dnId=3d4afc67-c7e5-451f-ad84-7ee4adc2e156 for containerID=#1 failed. Corresponding entry not found.
2019-10-16 01:11:26,437 [grpc-default-executor-3] INFO  impl.RoleInfo (RoleInfo.java:shutdownFollowerState(121)) - bdf1820c-8b54-4379-867f-1e5a509c7465: shutdown FollowerState
2019-10-16 01:11:26,438 [Thread-929] INFO  impl.FollowerState (FollowerState.java:run(117)) - 9e106ceb-2e48-4592-baea-5a074ecdeb7f@group-F110391D6AD9-FollowerState was interrupted: java.lang.InterruptedException: sleep interrupted
2019-10-16 01:11:26,438 [EventQueue-DeleteBlockStatusForDeletedBlockLogImpl] WARN  block.DeletedBlockLogImpl (DeletedBlockLogImpl.java:commitTransactions(205)) - Transaction txId=1 commit by dnId=3d4afc67-c7e5-451f-ad84-7ee4adc2e156 for containerID=#1 failed. Corresponding entry not found.
2019-10-16 01:11:26,438 [EventQueue-DeleteBlockStatusForDeletedBlockLogImpl] WARN  block.DeletedBlockLogImpl (DeletedBlockLogImpl.java:commitTransactions(205)) - Transaction txId=1 commit by dnId=3d4afc67-c7e5-451f-ad84-7ee4adc2e156 for containerID=#1 failed. Corresponding entry not found.
2019-10-16 01:11:26,438 [grpc-default-executor-6] INFO  impl.RoleInfo (RoleInfo.java:updateAndGet(143)) - 9e106ceb-2e48-4592-baea-5a074ecdeb7f: start FollowerState
2019-10-16 01:11:26,439 [EventQueue-DeleteBlockStatusForDeletedBlockLogImpl] WARN  block.DeletedBlockLogImpl (DeletedBlockLogImpl.java:commitTransactions(205)) - Transaction txId=1 commit by dnId=3d4afc67-c7e5-451f-ad84-7ee4adc2e156 for containerID=#1 failed. Corresponding entry not found.
2019-10-16 01:11:26,439 [EventQueue-DeleteBlockStatusForDeletedBlockLogImpl] WARN  block.DeletedBlockLogImpl (DeletedBlockLogImpl.java:commitTransactions(205)) - Transaction txId=1 commit by dnId=3d4afc67-c7e5-451f-ad84-7ee4adc2e156 for containerID=#1 failed. Corresponding entry not found.
2019-10-16 01:11:26,438 [Thread-930] INFO  impl.FollowerState (FollowerState.java:run(117)) - bdf1820c-8b54-4379-867f-1e5a509c7465@group-F110391D6AD9-FollowerState was interrupted: java.lang.InterruptedException: sleep interrupted
2019-10-16 01:11:26,438 [grpc-default-executor-3] INFO  impl.RoleInfo (RoleInfo.java:updateAndGet(143)) - bdf1820c-8b54-4379-867f-1e5a509c7465: start FollowerState
2019-10-16 01:11:26,439 [EventQueue-DeleteBlockStatusForDeletedBlockLogImpl] WARN  block.DeletedBlockLogImpl (DeletedBlockLogImpl.java:commitTransactions(205)) - Transaction txId=1 commit by dnId=3d4afc67-c7e5-451f-ad84-7ee4adc2e156 for containerID=#1 failed. Corresponding entry not found.
2019-10-16 01:11:26,439 [EventQueue-DeleteBlockStatusForDeletedBlockLogImpl] WARN  block.DeletedBlockLogImpl (DeletedBlockLogImpl.java:commitTransactions(205)) - Transaction txId=1 commit by dnId=3d4afc67-c7e5-451f-ad84-7ee4adc2e156 for containerID=#1 failed. Corresponding entry not found.
2019-10-16 01:11:26,468 [3d4afc67-c7e5-451f-ad84-7ee4adc2e156@group-F110391D6AD9-LeaderElection51] INFO  impl.LeaderElection (LeaderElection.java:logAndReturn(56)) - 3d4afc67-c7e5-451f-ad84-7ee4adc2e156@group-F110391D6AD9-LeaderElection51: Election REJECTED; received 2 response(s) [3d4afc67-c7e5-451f-ad84-7ee4adc2e156<-9e106ceb-2e48-4592-baea-5a074ecdeb7f#0:FAIL-t55, 3d4afc67-c7e5-451f-ad84-7ee4adc2e156<-bdf1820c-8b54-4379-867f-1e5a509c7465#0:FAIL-t55] and 0 exception(s); 3d4afc67-c7e5-451f-ad84-7ee4adc2e156@group-F110391D6AD9:t55, leader=null, voted=3d4afc67-c7e5-451f-ad84-7ee4adc2e156, raftlog=3d4afc67-c7e5-451f-ad84-7ee4adc2e156@group-F110391D6AD9-SegmentedRaftLog:OPENED:c3,f4,i4, conf=0: [9e106ceb-2e48-4592-baea-5a074ecdeb7f:192.168.164.234:46856, 3d4afc67-c7e5-451f-ad84-7ee4adc2e156:192.168.164.234:37554, bdf1820c-8b54-4379-867f-1e5a509c7465:192.168.164.234:34989], old=null
2019-10-16 01:11:26,468 [3d4afc67-c7e5-451f-ad84-7ee4adc2e156@group-F110391D6AD9-LeaderElection51] INFO  impl.RaftServerImpl (RaftServerImpl.java:setRole(184)) - 3d4afc67-c7e5-451f-ad84-7ee4adc2e156@group-F110391D6AD9: changes role from CANDIDATE to FOLLOWER at term 55 for DISCOVERED_A_NEW_TERM
2019-10-16 01:11:26,469 [3d4afc67-c7e5-451f-ad84-7ee4adc2e156@group-F110391D6AD9-LeaderElection51] INFO  impl.RoleInfo (RoleInfo.java:shutdownLeaderElection(134)) - 3d4afc67-c7e5-451f-ad84-7ee4adc2e156: shutdown LeaderElection
2019-10-16 01:11:26,469 [3d4afc67-c7e5-451f-ad84-7ee4adc2e156@group-F110391D6AD9-LeaderElection51] INFO  impl.RoleInfo (RoleInfo.java:updateAndGet(143)) - 3d4afc67-c7e5-451f-ad84-7ee4adc2e156: start FollowerState
2019-10-16 01:11:26,534 [Thread-940] INFO  impl.FollowerState (FollowerState.java:run(108)) - 3d4afc67-c7e5-451f-ad84-7ee4adc2e156@group-F110391D6AD9-FollowerState: change to CANDIDATE, lastRpcTime:65ms, electionTimeout:65ms
2019-10-16 01:11:26,535 [Thread-940] INFO  impl.RoleInfo (RoleInfo.java:shutdownFollowerState(121)) - 3d4afc67-c7e5-451f-ad84-7ee4adc2e156: shutdown FollowerState
2019-10-16 01:11:26,535 [Thread-940] INFO  impl.RaftServerImpl (RaftServerImpl.java:setRole(184)) - 3d4afc67-c7e5-451f-ad84-7ee4adc2e156@group-F110391D6AD9: changes role from  FOLLOWER to CANDIDATE at term 55 for changeToCandidate
2019-10-16 01:11:26,535 [Thread-940] INFO  impl.RoleInfo (RoleInfo.java:updateAndGet(143)) - 3d4afc67-c7e5-451f-ad84-7ee4adc2e156: start LeaderElection
2019-10-16 01:11:26,559 [3d4afc67-c7e5-451f-ad84-7ee4adc2e156@group-F110391D6AD9-LeaderElection52] INFO  impl.LeaderElection (LeaderElection.java:askForVotes(178)) - 3d4afc67-c7e5-451f-ad84-7ee4adc2e156@group-F110391D6AD9-LeaderElection52: begin an election at term 56 for 0: [9e106ceb-2e48-4592-baea-5a074ecdeb7f:192.168.164.234:46856, 3d4afc67-c7e5-451f-ad84-7ee4adc2e156:192.168.164.234:37554, bdf1820c-8b54-4379-867f-1e5a509c7465:192.168.164.234:34989], old=null
2019-10-16 01:11:26,562 [grpc-default-executor-3] INFO  impl.RaftServerImpl (RaftServerImpl.java:setRole(184)) - bdf1820c-8b54-4379-867f-1e5a509c7465@group-F110391D6AD9: changes role from  FOLLOWER to FOLLOWER at term 56 for recognizeCandidate:3d4afc67-c7e5-451f-ad84-7ee4adc2e156
2019-10-16 01:11:26,562 [grpc-default-executor-3] INFO  impl.RoleInfo (RoleInfo.java:shutdownFollowerState(121)) - bdf1820c-8b54-4379-867f-1e5a509c7465: shutdown FollowerState
2019-10-16 01:11:26,562 [grpc-default-executor-6] INFO  impl.RaftServerImpl (RaftServerImpl.java:setRole(184)) - 9e106ceb-2e48-4592-baea-5a074ecdeb7f@group-F110391D6AD9: changes role from  FOLLOWER to FOLLOWER at term 56 for recognizeCandidate:3d4afc67-c7e5-451f-ad84-7ee4adc2e156
2019-10-16 01:11:26,562 [Thread-939] INFO  impl.FollowerState (FollowerState.java:run(117)) - bdf1820c-8b54-4379-867f-1e5a509c7465@group-F110391D6AD9-FollowerState was interrupted: java.lang.InterruptedException: sleep interrupted
2019-10-16 01:11:26,562 [grpc-default-executor-3] INFO  impl.RoleInfo (RoleInfo.java:updateAndGet(143)) - bdf1820c-8b54-4379-867f-1e5a509c7465: start FollowerState
2019-10-16 01:11:26,562 [grpc-default-executor-6] INFO  impl.RoleInfo (RoleInfo.java:shutdownFollowerState(121)) - 9e106ceb-2e48-4592-baea-5a074ecdeb7f: shutdown FollowerState
2019-10-16 01:11:26,563 [grpc-default-executor-6] INFO  impl.RoleInfo (RoleInfo.java:updateAndGet(143)) - 9e106ceb-2e48-4592-baea-5a074ecdeb7f: start FollowerState
2019-10-16 01:11:26,563 [Thread-938] INFO  impl.FollowerState (FollowerState.java:run(117)) - 9e106ceb-2e48-4592-baea-5a074ecdeb7f@group-F110391D6AD9-FollowerState was interrupted: java.lang.InterruptedException: sleep interrupted
2019-10-16 01:11:26,586 [3d4afc67-c7e5-451f-ad84-7ee4adc2e156@group-F110391D6AD9-LeaderElection52] INFO  impl.LeaderElection (LeaderElection.java:logAndReturn(56)) - 3d4afc67-c7e5-451f-ad84-7ee4adc2e156@group-F110391D6AD9-LeaderElection52: Election REJECTED; received 2 response(s) [3d4afc67-c7e5-451f-ad84-7ee4adc2e156<-9e106ceb-2e48-4592-baea-5a074ecdeb7f#0:FAIL-t56, 3d4afc67-c7e5-451f-ad84-7ee4adc2e156<-bdf1820c-8b54-4379-867f-1e5a509c7465#0:FAIL-t56] and 0 exception(s); 3d4afc67-c7e5-451f-ad84-7ee4adc2e156@group-F110391D6AD9:t56, leader=null, voted=3d4afc67-c7e5-451f-ad84-7ee4adc2e156, raftlog=3d4afc67-c7e5-451f-ad84-7ee4adc2e156@group-F110391D6AD9-SegmentedRaftLog:OPENED:c3,f4,i4, conf=0: [9e106ceb-2e48-4592-baea-5a074ecdeb7f:192.168.164.234:46856, 3d4afc67-c7e5-451f-ad84-7ee4adc2e156:192.168.164.234:37554, bdf1820c-8b54-4379-867f-1e5a509c7465:192.168.164.234:34989], old=null
2019-10-16 01:11:26,586 [3d4afc67-c7e5-451f-ad84-7ee4adc2e156@group-F110391D6AD9-LeaderElection52] INFO  impl.RaftServerImpl (RaftServerImpl.java:setRole(184)) - 3d4afc67-c7e5-451f-ad84-7ee4adc2e156@group-F110391D6AD9: changes role from CANDIDATE to FOLLOWER at term 56 for DISCOVERED_A_NEW_TERM
2019-10-16 01:11:26,586 [3d4afc67-c7e5-451f-ad84-7ee4adc2e156@group-F110391D6AD9-LeaderElection52] INFO  impl.RoleInfo (RoleInfo.java:shutdownLeaderElection(134)) - 3d4afc67-c7e5-451f-ad84-7ee4adc2e156: shutdown LeaderElection
2019-10-16 01:11:26,586 [3d4afc67-c7e5-451f-ad84-7ee4adc2e156@group-F110391D6AD9-LeaderElection52] INFO  impl.RoleInfo (RoleInfo.java:updateAndGet(143)) - 3d4afc67-c7e5-451f-ad84-7ee4adc2e156: start FollowerState
2019-10-16 01:11:26,663 [Thread-946] INFO  impl.FollowerState (FollowerState.java:run(108)) - 3d4afc67-c7e5-451f-ad84-7ee4adc2e156@group-F110391D6AD9-FollowerState: change to CANDIDATE, lastRpcTime:77ms, electionTimeout:77ms
2019-10-16 01:11:26,664 [Thread-946] INFO  impl.RoleInfo (RoleInfo.java:shutdownFollowerState(121)) - 3d4afc67-c7e5-451f-ad84-7ee4adc2e156: shutdown FollowerState
2019-10-16 01:11:26,664 [Thread-946] INFO  impl.RaftServerImpl (RaftServerImpl.java:setRole(184)) - 3d4afc67-c7e5-451f-ad84-7ee4adc2e156@group-F110391D6AD9: changes role from  FOLLOWER to CANDIDATE at term 56 for changeToCandidate
2019-10-16 01:11:26,664 [Thread-946] INFO  impl.RoleInfo (RoleInfo.java:updateAndGet(143)) - 3d4afc67-c7e5-451f-ad84-7ee4adc2e156: start LeaderElection
2019-10-16 01:11:26,693 [3d4afc67-c7e5-451f-ad84-7ee4adc2e156@group-F110391D6AD9-LeaderElection53] INFO  impl.LeaderElection (LeaderElection.java:askForVotes(178)) - 3d4afc67-c7e5-451f-ad84-7ee4adc2e156@group-F110391D6AD9-LeaderElection53: begin an election at term 57 for 0: [9e106ceb-2e48-4592-baea-5a074ecdeb7f:192.168.164.234:46856, 3d4afc67-c7e5-451f-ad84-7ee4adc2e156:192.168.164.234:37554, bdf1820c-8b54-4379-867f-1e5a509c7465:192.168.164.234:34989], old=null
2019-10-16 01:11:26,697 [grpc-default-executor-6] INFO  impl.RaftServerImpl (RaftServerImpl.java:setRole(184)) - bdf1820c-8b54-4379-867f-1e5a509c7465@group-F110391D6AD9: changes role from  FOLLOWER to FOLLOWER at term 57 for recognizeCandidate:3d4afc67-c7e5-451f-ad84-7ee4adc2e156
2019-10-16 01:11:26,697 [grpc-default-executor-6] INFO  impl.RoleInfo (RoleInfo.java:shutdownFollowerState(121)) - bdf1820c-8b54-4379-867f-1e5a509c7465: shutdown FollowerState
2019-10-16 01:11:26,697 [grpc-default-executor-3] INFO  impl.RaftServerImpl (RaftServerImpl.java:setRole(184)) - 9e106ceb-2e48-4592-baea-5a074ecdeb7f@group-F110391D6AD9: changes role from  FOLLOWER to FOLLOWER at term 57 for recognizeCandidate:3d4afc67-c7e5-451f-ad84-7ee4adc2e156
2019-10-16 01:11:26,697 [grpc-default-executor-3] INFO  impl.RoleInfo (RoleInfo.java:shutdownFollowerState(121)) - 9e106ceb-2e48-4592-baea-5a074ecdeb7f: shutdown FollowerState
2019-10-16 01:11:26,697 [Thread-944] INFO  impl.FollowerState (FollowerState.java:run(117)) - bdf1820c-8b54-4379-867f-1e5a509c7465@group-F110391D6AD9-FollowerState was interrupted: java.lang.InterruptedException: sleep interrupted
2019-10-16 01:11:26,697 [grpc-default-executor-6] INFO  impl.RoleInfo (RoleInfo.java:updateAndGet(143)) - bdf1820c-8b54-4379-867f-1e5a509c7465: start FollowerState
2019-10-16 01:11:26,698 [Thread-945] INFO  impl.FollowerState (FollowerState.java:run(117)) - 9e106ceb-2e48-4592-baea-5a074ecdeb7f@group-F110391D6AD9-FollowerState was interrupted: java.lang.InterruptedException: sleep interrupted
2019-10-16 01:11:26,698 [grpc-default-executor-3] INFO  impl.RoleInfo (RoleInfo.java:updateAndGet(143)) - 9e106ceb-2e48-4592-baea-5a074ecdeb7f: start FollowerState
2019-10-16 01:11:26,728 [3d4afc67-c7e5-451f-ad84-7ee4adc2e156@group-F110391D6AD9-LeaderElection53] INFO  impl.LeaderElection (LeaderElection.java:logAndReturn(56)) - 3d4afc67-c7e5-451f-ad84-7ee4adc2e156@group-F110391D6AD9-LeaderElection53: Election REJECTED; received 2 response(s) [3d4afc67-c7e5-451f-ad84-7ee4adc2e156<-9e106ceb-2e48-4592-baea-5a074ecdeb7f#0:FAIL-t57, 3d4afc67-c7e5-451f-ad84-7ee4adc2e156<-bdf1820c-8b54-4379-867f-1e5a509c7465#0:FAIL-t57] and 0 exception(s); 3d4afc67-c7e5-451f-ad84-7ee4adc2e156@group-F110391D6AD9:t57, leader=null, voted=3d4afc67-c7e5-451f-ad84-7ee4adc2e156, raftlog=3d4afc67-c7e5-451f-ad84-7ee4adc2e156@group-F110391D6AD9-SegmentedRaftLog:OPENED:c3,f4,i4, conf=0: [9e106ceb-2e48-4592-baea-5a074ecdeb7f:192.168.164.234:46856, 3d4afc67-c7e5-451f-ad84-7ee4adc2e156:192.168.164.234:37554, bdf1820c-8b54-4379-867f-1e5a509c7465:192.168.164.234:34989], old=null
2019-10-16 01:11:26,729 [3d4afc67-c7e5-451f-ad84-7ee4adc2e156@group-F110391D6AD9-LeaderElection53] INFO  impl.RaftServerImpl (RaftServerImpl.java:setRole(184)) - 3d4afc67-c7e5-451f-ad84-7ee4adc2e156@group-F110391D6AD9: changes role from CANDIDATE to FOLLOWER at term 57 for DISCOVERED_A_NEW_TERM
2019-10-16 01:11:26,729 [3d4afc67-c7e5-451f-ad84-7ee4adc2e156@group-F110391D6AD9-LeaderElection53] INFO  impl.RoleInfo (RoleInfo.java:shutdownLeaderElection(134)) - 3d4afc67-c7e5-451f-ad84-7ee4adc2e156: shutdown LeaderElection
2019-10-16 01:11:26,729 [3d4afc67-c7e5-451f-ad84-7ee4adc2e156@group-F110391D6AD9-LeaderElection53] INFO  impl.RoleInfo (RoleInfo.java:updateAndGet(143)) - 3d4afc67-c7e5-451f-ad84-7ee4adc2e156: start FollowerState
2019-10-16 01:11:26,869 [BlockDeletingService#2] WARN  background.BlockDeletingService (BlockDeletingService.java:isDeletionAllowed(187)) - Close Container log Index 6 is not replicated across allthe servers in the pipeline 795bca3c-2629-405f-a5d8-f110391d6ad9 as the min replicated index is 4. Deletion is not allowed in this container yet.
2019-10-16 01:11:26,869 [BlockDeletingService#2] WARN  background.BlockDeletingService (BlockDeletingService.java:isDeletionAllowed(187)) - Close Container log Index 6 is not replicated across allthe servers in the pipeline 795bca3c-2629-405f-a5d8-f110391d6ad9 as the min replicated index is 4. Deletion is not allowed in this container yet.
2019-10-16 01:11:26,915 [Thread-952] INFO  impl.FollowerState (FollowerState.java:run(108)) - 3d4afc67-c7e5-451f-ad84-7ee4adc2e156@group-F110391D6AD9-FollowerState: change to CANDIDATE, lastRpcTime:185ms, electionTimeout:185ms
2019-10-16 01:11:26,915 [Thread-952] INFO  impl.RoleInfo (RoleInfo.java:shutdownFollowerState(121)) - 3d4afc67-c7e5-451f-ad84-7ee4adc2e156: shutdown FollowerState
2019-10-16 01:11:26,915 [Thread-952] INFO  impl.RaftServerImpl (RaftServerImpl.java:setRole(184)) - 3d4afc67-c7e5-451f-ad84-7ee4adc2e156@group-F110391D6AD9: changes role from  FOLLOWER to CANDIDATE at term 57 for changeToCandidate
2019-10-16 01:11:26,915 [Thread-952] INFO  impl.RoleInfo (RoleInfo.java:updateAndGet(143)) - 3d4afc67-c7e5-451f-ad84-7ee4adc2e156: start LeaderElection
2019-10-16 01:11:26,944 [3d4afc67-c7e5-451f-ad84-7ee4adc2e156@group-F110391D6AD9-LeaderElection54] INFO  impl.LeaderElection (LeaderElection.java:askForVotes(178)) - 3d4afc67-c7e5-451f-ad84-7ee4adc2e156@group-F110391D6AD9-LeaderElection54: begin an election at term 58 for 0: [9e106ceb-2e48-4592-baea-5a074ecdeb7f:192.168.164.234:46856, 3d4afc67-c7e5-451f-ad84-7ee4adc2e156:192.168.164.234:37554, bdf1820c-8b54-4379-867f-1e5a509c7465:192.168.164.234:34989], old=null
2019-10-16 01:11:26,947 [grpc-default-executor-6] INFO  impl.RaftServerImpl (RaftServerImpl.java:setRole(184)) - bdf1820c-8b54-4379-867f-1e5a509c7465@group-F110391D6AD9: changes role from  FOLLOWER to FOLLOWER at term 58 for recognizeCandidate:3d4afc67-c7e5-451f-ad84-7ee4adc2e156
2019-10-16 01:11:26,947 [grpc-default-executor-3] INFO  impl.RaftServerImpl (RaftServerImpl.java:setRole(184)) - 9e106ceb-2e48-4592-baea-5a074ecdeb7f@group-F110391D6AD9: changes role from  FOLLOWER to FOLLOWER at term 58 for recognizeCandidate:3d4afc67-c7e5-451f-ad84-7ee4adc2e156
2019-10-16 01:11:26,947 [grpc-default-executor-6] INFO  impl.RoleInfo (RoleInfo.java:shutdownFollowerState(121)) - bdf1820c-8b54-4379-867f-1e5a509c7465: shutdown FollowerState
2019-10-16 01:11:26,948 [grpc-default-executor-3] INFO  impl.RoleInfo (RoleInfo.java:shutdownFollowerState(121)) - 9e106ceb-2e48-4592-baea-5a074ecdeb7f: shutdown FollowerState
2019-10-16 01:11:26,948 [Thread-950] INFO  impl.FollowerState (FollowerState.java:run(117)) - bdf1820c-8b54-4379-867f-1e5a509c7465@group-F110391D6AD9-FollowerState was interrupted: java.lang.InterruptedException: sleep interrupted
2019-10-16 01:11:26,948 [grpc-default-executor-6] INFO  impl.RoleInfo (RoleInfo.java:updateAndGet(143)) - bdf1820c-8b54-4379-867f-1e5a509c7465: start FollowerState
2019-10-16 01:11:26,948 [Thread-951] INFO  impl.FollowerState (FollowerState.java:run(117)) - 9e106ceb-2e48-4592-baea-5a074ecdeb7f@group-F110391D6AD9-FollowerState was interrupted: java.lang.InterruptedException: sleep interrupted
2019-10-16 01:11:26,948 [grpc-default-executor-3] INFO  impl.RoleInfo (RoleInfo.java:updateAndGet(143)) - 9e106ceb-2e48-4592-baea-5a074ecdeb7f: start FollowerState
2019-10-16 01:11:26,979 [3d4afc67-c7e5-451f-ad84-7ee4adc2e156@group-F110391D6AD9-LeaderElection54] INFO  impl.LeaderElection (LeaderElection.java:logAndReturn(56)) - 3d4afc67-c7e5-451f-ad84-7ee4adc2e156@group-F110391D6AD9-LeaderElection54: Election REJECTED; received 2 response(s) [3d4afc67-c7e5-451f-ad84-7ee4adc2e156<-9e106ceb-2e48-4592-baea-5a074ecdeb7f#0:FAIL-t58, 3d4afc67-c7e5-451f-ad84-7ee4adc2e156<-bdf1820c-8b54-4379-867f-1e5a509c7465#0:FAIL-t58] and 0 exception(s); 3d4afc67-c7e5-451f-ad84-7ee4adc2e156@group-F110391D6AD9:t58, leader=null, voted=3d4afc67-c7e5-451f-ad84-7ee4adc2e156, raftlog=3d4afc67-c7e5-451f-ad84-7ee4adc2e156@group-F110391D6AD9-SegmentedRaftLog:OPENED:c3,f4,i4, conf=0: [9e106ceb-2e48-4592-baea-5a074ecdeb7f:192.168.164.234:46856, 3d4afc67-c7e5-451f-ad84-7ee4adc2e156:192.168.164.234:37554, bdf1820c-8b54-4379-867f-1e5a509c7465:192.168.164.234:34989], old=null
2019-10-16 01:11:26,980 [3d4afc67-c7e5-451f-ad84-7ee4adc2e156@group-F110391D6AD9-LeaderElection54] INFO  impl.RaftServerImpl (RaftServerImpl.java:setRole(184)) - 3d4afc67-c7e5-451f-ad84-7ee4adc2e156@group-F110391D6AD9: changes role from CANDIDATE to FOLLOWER at term 58 for DISCOVERED_A_NEW_TERM
2019-10-16 01:11:26,980 [3d4afc67-c7e5-451f-ad84-7ee4adc2e156@group-F110391D6AD9-LeaderElection54] INFO  impl.RoleInfo (RoleInfo.java:shutdownLeaderElection(134)) - 3d4afc67-c7e5-451f-ad84-7ee4adc2e156: shutdown LeaderElection
2019-10-16 01:11:26,980 [3d4afc67-c7e5-451f-ad84-7ee4adc2e156@group-F110391D6AD9-LeaderElection54] INFO  impl.RoleInfo (RoleInfo.java:updateAndGet(143)) - 3d4afc67-c7e5-451f-ad84-7ee4adc2e156: start FollowerState
]]></system-out>
    <system-err><![CDATA[ERROR StatusLogger No Log4j 2 configuration file found. Using default configuration (logging only errors to the console), or user programmatically provided configurations. Set system property 'log4j2.debug' to show Log4j 2 internal initialization logging. See https://logging.apache.org/log4j/2.x/manual/configuration.html for instructions on how to configure Log4j 2
Oct 16, 2019 1:09:40 AM org.apache.ratis.thirdparty.io.grpc.internal.SerializingExecutor run
SEVERE: Exception while executing runnable org.apache.ratis.thirdparty.io.grpc.internal.ServerImpl$JumpToApplicationThreadServerStreamListener$1Closed@22837a84
org.apache.ratis.thirdparty.io.grpc.StatusRuntimeException: CANCELLED: call already cancelled
	at org.apache.ratis.thirdparty.io.grpc.Status.asRuntimeException(Status.java:517)
	at org.apache.ratis.thirdparty.io.grpc.stub.ServerCalls$ServerCallStreamObserverImpl.onCompleted(ServerCalls.java:356)
	at org.apache.ratis.grpc.server.GrpcServerProtocolService$ServerRequestStreamObserver.onError(GrpcServerProtocolService.java:121)
	at org.apache.ratis.thirdparty.io.grpc.stub.ServerCalls$StreamingServerCallHandler$StreamingServerCallListener.onCancel(ServerCalls.java:269)
	at org.apache.ratis.thirdparty.io.grpc.internal.ServerCallImpl$ServerStreamListenerImpl.closed(ServerCallImpl.java:293)
	at org.apache.ratis.thirdparty.io.grpc.internal.ServerImpl$JumpToApplicationThreadServerStreamListener$1Closed.runInContext(ServerImpl.java:741)
	at org.apache.ratis.thirdparty.io.grpc.internal.ContextRunnable.run(ContextRunnable.java:37)
	at org.apache.ratis.thirdparty.io.grpc.internal.SerializingExecutor.run(SerializingExecutor.java:123)
	at java.util.concurrent.ThreadPoolExecutor.runWorker(ThreadPoolExecutor.java:1149)
	at java.util.concurrent.ThreadPoolExecutor$Worker.run(ThreadPoolExecutor.java:624)
	at java.lang.Thread.run(Thread.java:748)

Oct 16, 2019 1:09:40 AM org.apache.ratis.thirdparty.io.grpc.internal.SerializingExecutor run
SEVERE: Exception while executing runnable org.apache.ratis.thirdparty.io.grpc.internal.ClientCallImpl$ClientStreamListenerImpl$1StreamClosed@2d2d8c7b
java.lang.NullPointerException
	at org.apache.ratis.grpc.server.GrpcLogAppender$AppendLogResponseHandler.onError(GrpcLogAppender.java:303)
	at org.apache.ratis.thirdparty.io.grpc.stub.ClientCalls$StreamObserverToCallListenerAdapter.onClose(ClientCalls.java:434)
	at org.apache.ratis.thirdparty.io.grpc.PartialForwardingClientCallListener.onClose(PartialForwardingClientCallListener.java:39)
	at org.apache.ratis.thirdparty.io.grpc.ForwardingClientCallListener.onClose(ForwardingClientCallListener.java:23)
	at org.apache.ratis.thirdparty.io.grpc.ForwardingClientCallListener$SimpleForwardingClientCallListener.onClose(ForwardingClientCallListener.java:40)
	at org.apache.ratis.thirdparty.io.grpc.internal.CensusStatsModule$StatsClientInterceptor$1$1.onClose(CensusStatsModule.java:678)
	at org.apache.ratis.thirdparty.io.grpc.PartialForwardingClientCallListener.onClose(PartialForwardingClientCallListener.java:39)
	at org.apache.ratis.thirdparty.io.grpc.ForwardingClientCallListener.onClose(ForwardingClientCallListener.java:23)
	at org.apache.ratis.thirdparty.io.grpc.ForwardingClientCallListener$SimpleForwardingClientCallListener.onClose(ForwardingClientCallListener.java:40)
	at org.apache.ratis.thirdparty.io.grpc.internal.CensusTracingModule$TracingClientInterceptor$1$1.onClose(CensusTracingModule.java:397)
	at org.apache.ratis.thirdparty.io.grpc.internal.ClientCallImpl.closeObserver(ClientCallImpl.java:459)
	at org.apache.ratis.thirdparty.io.grpc.internal.ClientCallImpl.access$300(ClientCallImpl.java:63)
	at org.apache.ratis.thirdparty.io.grpc.internal.ClientCallImpl$ClientStreamListenerImpl.close(ClientCallImpl.java:546)
	at org.apache.ratis.thirdparty.io.grpc.internal.ClientCallImpl$ClientStreamListenerImpl.access$600(ClientCallImpl.java:467)
	at org.apache.ratis.thirdparty.io.grpc.internal.ClientCallImpl$ClientStreamListenerImpl$1StreamClosed.runInContext(ClientCallImpl.java:584)
	at org.apache.ratis.thirdparty.io.grpc.internal.ContextRunnable.run(ContextRunnable.java:37)
	at org.apache.ratis.thirdparty.io.grpc.internal.SerializingExecutor.run(SerializingExecutor.java:123)
	at java.util.concurrent.ThreadPoolExecutor.runWorker(ThreadPoolExecutor.java:1149)
	at java.util.concurrent.ThreadPoolExecutor$Worker.run(ThreadPoolExecutor.java:624)
	at java.lang.Thread.run(Thread.java:748)

]]></system-err>
  </testcase>
</testsuite>