<?xml version="1.0" encoding="UTF-8"?>
<testsuite xmlns:xsi="http://www.w3.org/2001/XMLSchema-instance" xsi:noNamespaceSchemaLocation="https://maven.apache.org/surefire/maven-surefire-plugin/xsd/surefire-test-report.xsd" name="org.apache.hadoop.ozone.scm.pipeline.TestSCMPipelineMetrics" time="78.514" tests="3" errors="0" skipped="0" failures="1">
  <properties>
    <property name="awt.toolkit" value="sun.awt.X11.XToolkit"/>
    <property name="file.encoding.pkg" value="sun.io"/>
    <property name="java.specification.version" value="1.8"/>
    <property name="sun.cpu.isalist" value=""/>
    <property name="sun.jnu.encoding" value="UTF-8"/>
    <property name="java.class.path" value="/workdir/hadoop-ozone/integration-test/target/test-classes:/workdir/hadoop-ozone/integration-test/target/classes:/home/user/.m2/repository/org/apache/hadoop/hadoop-ozone-common/0.5.0-SNAPSHOT/hadoop-ozone-common-0.5.0-SNAPSHOT.jar:/home/user/.m2/repository/org/apache/commons/commons-compress/1.4.1/commons-compress-1.4.1.jar:/home/user/.m2/repository/org/tukaani/xz/1.0/xz-1.0.jar:/home/user/.m2/repository/org/apache/hadoop/hadoop-common/3.2.0/hadoop-common-3.2.0.jar:/home/user/.m2/repository/org/apache/hadoop/hadoop-hdfs/3.2.0/hadoop-hdfs-3.2.0.jar:/home/user/.m2/repository/org/apache/hadoop/hadoop-hdfs-client/3.2.0/hadoop-hdfs-client-3.2.0.jar:/home/user/.m2/repository/com/fasterxml/jackson/core/jackson-annotations/2.9.9/jackson-annotations-2.9.9.jar:/home/user/.m2/repository/org/apache/hadoop/hadoop-hdds-common/0.5.0-SNAPSHOT/hadoop-hdds-common-0.5.0-SNAPSHOT.jar:/home/user/.m2/repository/javax/annotation/javax.annotation-api/1.2/javax.annotation-api-1.2.jar:/home/user/.m2/repository/org/apache/ratis/ratis-server/0.5.0-63cd2fb-SNAPSHOT/ratis-server-0.5.0-63cd2fb-SNAPSHOT.jar:/home/user/.m2/repository/org/apache/ratis/ratis-thirdparty-misc/0.2.0/ratis-thirdparty-misc-0.2.0.jar:/home/user/.m2/repository/org/apache/ratis/ratis-proto/0.5.0-63cd2fb-SNAPSHOT/ratis-proto-0.5.0-63cd2fb-SNAPSHOT.jar:/home/user/.m2/repository/org/apache/ratis/ratis-common/0.5.0-63cd2fb-SNAPSHOT/ratis-common-0.5.0-63cd2fb-SNAPSHOT.jar:/home/user/.m2/repository/org/apache/ratis/ratis-client/0.5.0-63cd2fb-SNAPSHOT/ratis-client-0.5.0-63cd2fb-SNAPSHOT.jar:/home/user/.m2/repository/org/apache/ratis/ratis-metrics/0.5.0-63cd2fb-SNAPSHOT/ratis-metrics-0.5.0-63cd2fb-SNAPSHOT.jar:/home/user/.m2/repository/com/github/joshelser/dropwizard-metrics-hadoop-metrics2-reporter/0.1.2/dropwizard-metrics-hadoop-metrics2-reporter-0.1.2.jar:/home/user/.m2/repository/io/dropwizard/metrics/metrics-jvm/3.2.5/metrics-jvm-3.2.5.jar:/home/user/.m2/repository/io/dropwizard/metrics/metrics-ganglia/3.2.5/metrics-ganglia-3.2.5.jar:/home/user/.m2/repository/info/ganglia/gmetric4j/gmetric4j/1.0.7/gmetric4j-1.0.7.jar:/home/user/.m2/repository/org/apache/ratis/ratis-netty/0.5.0-63cd2fb-SNAPSHOT/ratis-netty-0.5.0-63cd2fb-SNAPSHOT.jar:/home/user/.m2/repository/org/apache/ratis/ratis-grpc/0.5.0-63cd2fb-SNAPSHOT/ratis-grpc-0.5.0-63cd2fb-SNAPSHOT.jar:/home/user/.m2/repository/org/rocksdb/rocksdbjni/6.0.1/rocksdbjni-6.0.1.jar:/home/user/.m2/repository/org/apache/logging/log4j/log4j-api/2.11.0/log4j-api-2.11.0.jar:/home/user/.m2/repository/org/apache/logging/log4j/log4j-core/2.11.0/log4j-core-2.11.0.jar:/home/user/.m2/repository/com/lmax/disruptor/3.4.2/disruptor-3.4.2.jar:/home/user/.m2/repository/org/apache/commons/commons-pool2/2.6.0/commons-pool2-2.6.0.jar:/home/user/.m2/repository/org/bouncycastle/bcpkix-jdk15on/1.60/bcpkix-jdk15on-1.60.jar:/home/user/.m2/repository/commons-validator/commons-validator/1.6/commons-validator-1.6.jar:/home/user/.m2/repository/commons-digester/commons-digester/1.8.1/commons-digester-1.8.1.jar:/home/user/.m2/repository/io/jaegertracing/jaeger-client/0.34.0/jaeger-client-0.34.0.jar:/home/user/.m2/repository/io/jaegertracing/jaeger-thrift/0.34.0/jaeger-thrift-0.34.0.jar:/home/user/.m2/repository/org/apache/thrift/libthrift/0.12.0/libthrift-0.12.0.jar:/home/user/.m2/repository/com/squareup/okhttp3/okhttp/3.9.0/okhttp-3.9.0.jar:/home/user/.m2/repository/com/squareup/okio/okio/1.13.0/okio-1.13.0.jar:/home/user/.m2/repository/io/jaegertracing/jaeger-core/0.34.0/jaeger-core-0.34.0.jar:/home/user/.m2/repository/io/jaegertracing/jaeger-tracerresolver/0.34.0/jaeger-tracerresolver-0.34.0.jar:/home/user/.m2/repository/io/opentracing/contrib/opentracing-tracerresolver/0.1.5/opentracing-tracerresolver-0.1.5.jar:/home/user/.m2/repository/io/opentracing/opentracing-util/0.31.0/opentracing-util-0.31.0.jar:/home/user/.m2/repository/io/opentracing/opentracing-api/0.31.0/opentracing-api-0.31.0.jar:/home/user/.m2/repository/io/opentracing/opentracing-noop/0.31.0/opentracing-noop-0.31.0.jar:/home/user/.m2/repository/org/apache/hadoop/hadoop-hdds-server-framework/0.5.0-SNAPSHOT/hadoop-hdds-server-framework-0.5.0-SNAPSHOT.jar:/home/user/.m2/repository/org/apache/hadoop/hadoop-hdds-container-service/0.5.0-SNAPSHOT/hadoop-hdds-container-service-0.5.0-SNAPSHOT.jar:/home/user/.m2/repository/org/apache/hadoop/hadoop-hdds-client/0.5.0-SNAPSHOT/hadoop-hdds-client-0.5.0-SNAPSHOT.jar:/home/user/.m2/repository/org/apache/hadoop/hadoop-hdds-tools/0.5.0-SNAPSHOT/hadoop-hdds-tools-0.5.0-SNAPSHOT.jar:/home/user/.m2/repository/org/apache/hadoop/hadoop-hdds-server-scm/0.5.0-SNAPSHOT/hadoop-hdds-server-scm-0.5.0-SNAPSHOT.jar:/home/user/.m2/repository/org/apache/hadoop/hadoop-hdds-docs/0.5.0-SNAPSHOT/hadoop-hdds-docs-0.5.0-SNAPSHOT.jar:/home/user/.m2/repository/io/dropwizard/metrics/metrics-core/3.2.4/metrics-core-3.2.4.jar:/home/user/.m2/repository/org/hamcrest/hamcrest-all/1.3/hamcrest-all-1.3.jar:/home/user/.m2/repository/org/bouncycastle/bcprov-jdk15on/1.60/bcprov-jdk15on-1.60.jar:/home/user/.m2/repository/info/picocli/picocli/3.9.6/picocli-3.9.6.jar:/home/user/.m2/repository/com/google/protobuf/protobuf-java/2.5.0/protobuf-java-2.5.0.jar:/home/user/.m2/repository/com/google/guava/guava/11.0.2/guava-11.0.2.jar:/home/user/.m2/repository/org/apache/hadoop/hadoop-ozone-ozone-manager/0.5.0-SNAPSHOT/hadoop-ozone-ozone-manager-0.5.0-SNAPSHOT.jar:/home/user/.m2/repository/org/apache/hadoop/hadoop-minikdc/3.2.0/hadoop-minikdc-3.2.0.jar:/home/user/.m2/repository/commons-io/commons-io/2.5/commons-io-2.5.jar:/home/user/.m2/repository/org/apache/kerby/kerb-simplekdc/1.0.1/kerb-simplekdc-1.0.1.jar:/home/user/.m2/repository/org/apache/kerby/kerb-client/1.0.1/kerb-client-1.0.1.jar:/home/user/.m2/repository/org/apache/kerby/kerby-config/1.0.1/kerby-config-1.0.1.jar:/home/user/.m2/repository/org/apache/kerby/kerb-core/1.0.1/kerb-core-1.0.1.jar:/home/user/.m2/repository/org/apache/kerby/kerby-pkix/1.0.1/kerby-pkix-1.0.1.jar:/home/user/.m2/repository/org/apache/kerby/kerby-asn1/1.0.1/kerby-asn1-1.0.1.jar:/home/user/.m2/repository/org/apache/kerby/kerby-util/1.0.1/kerby-util-1.0.1.jar:/home/user/.m2/repository/org/apache/kerby/kerb-common/1.0.1/kerb-common-1.0.1.jar:/home/user/.m2/repository/org/apache/kerby/kerb-crypto/1.0.1/kerb-crypto-1.0.1.jar:/home/user/.m2/repository/org/apache/kerby/kerb-util/1.0.1/kerb-util-1.0.1.jar:/home/user/.m2/repository/org/apache/kerby/token-provider/1.0.1/token-provider-1.0.1.jar:/home/user/.m2/repository/org/apache/kerby/kerb-admin/1.0.1/kerb-admin-1.0.1.jar:/home/user/.m2/repository/org/apache/kerby/kerb-server/1.0.1/kerb-server-1.0.1.jar:/home/user/.m2/repository/org/apache/kerby/kerb-identity/1.0.1/kerb-identity-1.0.1.jar:/home/user/.m2/repository/org/apache/kerby/kerby-xdr/1.0.1/kerby-xdr-1.0.1.jar:/home/user/.m2/repository/org/slf4j/slf4j-log4j12/1.7.25/slf4j-log4j12-1.7.25.jar:/home/user/.m2/repository/org/apache/hadoop/hadoop-ozone-s3gateway/0.5.0-SNAPSHOT/hadoop-ozone-s3gateway-0.5.0-SNAPSHOT.jar:/home/user/.m2/repository/org/jboss/weld/servlet/weld-servlet/2.4.7.Final/weld-servlet-2.4.7.Final.jar:/home/user/.m2/repository/org/glassfish/jersey/containers/jersey-container-servlet-core/2.27/jersey-container-servlet-core-2.27.jar:/home/user/.m2/repository/org/glassfish/hk2/external/javax.inject/2.5.0-b42/javax.inject-2.5.0-b42.jar:/home/user/.m2/repository/org/glassfish/jersey/core/jersey-common/2.27/jersey-common-2.27.jar:/home/user/.m2/repository/org/glassfish/hk2/osgi-resource-locator/1.0.1/osgi-resource-locator-1.0.1.jar:/home/user/.m2/repository/javax/ws/rs/javax.ws.rs-api/2.1/javax.ws.rs-api-2.1.jar:/home/user/.m2/repository/org/glassfish/jersey/ext/cdi/jersey-cdi1x/2.27/jersey-cdi1x-2.27.jar:/home/user/.m2/repository/org/glassfish/jersey/inject/jersey-hk2/2.27/jersey-hk2-2.27.jar:/home/user/.m2/repository/org/glassfish/hk2/hk2-locator/2.5.0-b42/hk2-locator-2.5.0-b42.jar:/home/user/.m2/repository/org/javassist/javassist/3.22.0-CR2/javassist-3.22.0-CR2.jar:/home/user/.m2/repository/org/glassfish/hk2/hk2-api/2.5.0/hk2-api-2.5.0.jar:/home/user/.m2/repository/org/glassfish/hk2/external/jakarta.inject/2.5.0/jakarta.inject-2.5.0.jar:/home/user/.m2/repository/org/glassfish/hk2/hk2-utils/2.5.0/hk2-utils-2.5.0.jar:/home/user/.m2/repository/jakarta/annotation/jakarta.annotation-api/1.3.4/jakarta.annotation-api-1.3.4.jar:/home/user/.m2/repository/org/glassfish/hk2/external/aopalliance-repackaged/2.5.0/aopalliance-repackaged-2.5.0.jar:/home/user/.m2/repository/com/fasterxml/jackson/dataformat/jackson-dataformat-xml/2.9.0/jackson-dataformat-xml-2.9.0.jar:/home/user/.m2/repository/com/fasterxml/jackson/core/jackson-core/2.9.9/jackson-core-2.9.9.jar:/home/user/.m2/repository/com/fasterxml/jackson/module/jackson-module-jaxb-annotations/2.9.9/jackson-module-jaxb-annotations-2.9.9.jar:/home/user/.m2/repository/javax/enterprise/cdi-api/1.2/cdi-api-1.2.jar:/home/user/.m2/repository/javax/el/javax.el-api/3.0.0/javax.el-api-3.0.0.jar:/home/user/.m2/repository/javax/interceptor/javax.interceptor-api/1.2/javax.interceptor-api-1.2.jar:/home/user/.m2/repository/javax/inject/javax.inject/1/javax.inject-1.jar:/home/user/.m2/repository/com/sun/xml/bind/jaxb-impl/2.3.0.1/jaxb-impl-2.3.0.1.jar:/home/user/.m2/repository/com/sun/xml/bind/jaxb-core/2.3.0.1/jaxb-core-2.3.0.1.jar:/home/user/.m2/repository/javax/xml/bind/jaxb-api/2.3.0/jaxb-api-2.3.0.jar:/home/user/.m2/repository/javax/activation/activation/1.1.1/activation-1.1.1.jar:/home/user/.m2/repository/org/apache/hadoop/hadoop-ozone-csi/0.5.0-SNAPSHOT/hadoop-ozone-csi-0.5.0-SNAPSHOT.jar:/home/user/.m2/repository/com/google/protobuf/protobuf-java-util/3.5.1/protobuf-java-util-3.5.1.jar:/home/user/.m2/repository/org/apache/hadoop/hadoop-hdds-config/0.5.0-SNAPSHOT/hadoop-hdds-config-0.5.0-SNAPSHOT.jar:/home/user/.m2/repository/io/grpc/grpc-netty/1.17.1/grpc-netty-1.17.1.jar:/home/user/.m2/repository/io/grpc/grpc-core/1.17.1/grpc-core-1.17.1.jar:/home/user/.m2/repository/io/grpc/grpc-context/1.17.1/grpc-context-1.17.1.jar:/home/user/.m2/repository/com/google/errorprone/error_prone_annotations/2.2.0/error_prone_annotations-2.2.0.jar:/home/user/.m2/repository/org/codehaus/mojo/animal-sniffer-annotations/1.17/animal-sniffer-annotations-1.17.jar:/home/user/.m2/repository/io/opencensus/opencensus-api/0.17.0/opencensus-api-0.17.0.jar:/home/user/.m2/repository/io/opencensus/opencensus-contrib-grpc-metrics/0.17.0/opencensus-contrib-grpc-metrics-0.17.0.jar:/home/user/.m2/repository/io/netty/netty-codec-http2/4.1.30.Final/netty-codec-http2-4.1.30.Final.jar:/home/user/.m2/repository/io/netty/netty-codec-http/4.1.30.Final/netty-codec-http-4.1.30.Final.jar:/home/user/.m2/repository/io/netty/netty-codec/4.1.30.Final/netty-codec-4.1.30.Final.jar:/home/user/.m2/repository/io/netty/netty-handler/4.1.30.Final/netty-handler-4.1.30.Final.jar:/home/user/.m2/repository/io/netty/netty-handler-proxy/4.1.30.Final/netty-handler-proxy-4.1.30.Final.jar:/home/user/.m2/repository/io/netty/netty-codec-socks/4.1.30.Final/netty-codec-socks-4.1.30.Final.jar:/home/user/.m2/repository/io/netty/netty-transport-native-epoll/4.1.30.Final/netty-transport-native-epoll-4.1.30.Final.jar:/home/user/.m2/repository/io/netty/netty-common/4.1.30.Final/netty-common-4.1.30.Final.jar:/home/user/.m2/repository/io/netty/netty-buffer/4.1.30.Final/netty-buffer-4.1.30.Final.jar:/home/user/.m2/repository/io/netty/netty-transport/4.1.30.Final/netty-transport-4.1.30.Final.jar:/home/user/.m2/repository/io/netty/netty-resolver/4.1.30.Final/netty-resolver-4.1.30.Final.jar:/home/user/.m2/repository/io/netty/netty-transport-native-unix-common/4.1.30.Final/netty-transport-native-unix-common-4.1.30.Final.jar:/home/user/.m2/repository/io/grpc/grpc-protobuf/1.17.1/grpc-protobuf-1.17.1.jar:/home/user/.m2/repository/com/google/api/grpc/proto-google-common-protos/1.0.0/proto-google-common-protos-1.0.0.jar:/home/user/.m2/repository/io/grpc/grpc-protobuf-lite/1.17.1/grpc-protobuf-lite-1.17.1.jar:/home/user/.m2/repository/io/grpc/grpc-stub/1.17.1/grpc-stub-1.17.1.jar:/home/user/.m2/repository/org/apache/hadoop/hadoop-ozone-recon/0.5.0-SNAPSHOT/hadoop-ozone-recon-0.5.0-SNAPSHOT.jar:/home/user/.m2/repository/org/apache/hadoop/hadoop-ozone-reconcodegen/0.5.0-SNAPSHOT/hadoop-ozone-reconcodegen-0.5.0-SNAPSHOT.jar:/home/user/.m2/repository/com/google/inject/extensions/guice-multibindings/4.0/guice-multibindings-4.0.jar:/home/user/.m2/repository/com/google/inject/guice/4.0/guice-4.0.jar:/home/user/.m2/repository/aopalliance/aopalliance/1.0/aopalliance-1.0.jar:/home/user/.m2/repository/com/google/inject/extensions/guice-servlet/4.0/guice-servlet-4.0.jar:/home/user/.m2/repository/org/glassfish/jersey/containers/jersey-container-servlet/2.27/jersey-container-servlet-2.27.jar:/home/user/.m2/repository/org/glassfish/hk2/guice-bridge/2.5.0/guice-bridge-2.5.0.jar:/home/user/.m2/repository/org/glassfish/jersey/core/jersey-server/2.27/jersey-server-2.27.jar:/home/user/.m2/repository/org/glassfish/jersey/core/jersey-client/2.27/jersey-client-2.27.jar:/home/user/.m2/repository/org/glassfish/jersey/media/jersey-media-jaxb/2.27/jersey-media-jaxb-2.27.jar:/home/user/.m2/repository/javax/validation/validation-api/1.1.0.Final/validation-api-1.1.0.Final.jar:/home/user/.m2/repository/org/glassfish/jersey/media/jersey-media-json-jackson/2.27/jersey-media-json-jackson-2.27.jar:/home/user/.m2/repository/org/glassfish/jersey/ext/jersey-entity-filtering/2.27/jersey-entity-filtering-2.27.jar:/home/user/.m2/repository/com/google/inject/extensions/guice-assistedinject/4.0/guice-assistedinject-4.0.jar:/home/user/.m2/repository/org/jooq/jooq/3.11.10/jooq-3.11.10.jar:/home/user/.m2/repository/org/jooq/jooq-meta/3.11.10/jooq-meta-3.11.10.jar:/home/user/.m2/repository/org/jooq/jooq-codegen/3.11.10/jooq-codegen-3.11.10.jar:/home/user/.m2/repository/com/jolbox/bonecp/0.8.0.RELEASE/bonecp-0.8.0.RELEASE.jar:/home/user/.m2/repository/org/xerial/sqlite-jdbc/3.25.2/sqlite-jdbc-3.25.2.jar:/home/user/.m2/repository/org/springframework/spring-jdbc/5.1.3.RELEASE/spring-jdbc-5.1.3.RELEASE.jar:/home/user/.m2/repository/org/springframework/spring-beans/5.1.3.RELEASE/spring-beans-5.1.3.RELEASE.jar:/home/user/.m2/repository/org/springframework/spring-core/5.1.3.RELEASE/spring-core-5.1.3.RELEASE.jar:/home/user/.m2/repository/org/springframework/spring-jcl/5.1.3.RELEASE/spring-jcl-5.1.3.RELEASE.jar:/home/user/.m2/repository/org/springframework/spring-tx/5.1.3.RELEASE/spring-tx-5.1.3.RELEASE.jar:/home/user/.m2/repository/org/apache/hadoop/hadoop-ozone-client/0.5.0-SNAPSHOT/hadoop-ozone-client-0.5.0-SNAPSHOT.jar:/home/user/.m2/repository/commons-lang/commons-lang/2.6/commons-lang-2.6.jar:/home/user/.m2/repository/org/apache/hadoop/hadoop-ozone-ozone-manager/0.5.0-SNAPSHOT/hadoop-ozone-ozone-manager-0.5.0-SNAPSHOT-tests.jar:/home/user/.m2/repository/junit/junit/4.11/junit-4.11.jar:/home/user/.m2/repository/org/hamcrest/hamcrest-core/1.3/hamcrest-core-1.3.jar:/home/user/.m2/repository/org/openjdk/jmh/jmh-core/1.19/jmh-core-1.19.jar:/home/user/.m2/repository/net/sf/jopt-simple/jopt-simple/4.6/jopt-simple-4.6.jar:/home/user/.m2/repository/org/apache/commons/commons-math3/3.1.1/commons-math3-3.1.1.jar:/home/user/.m2/repository/org/openjdk/jmh/jmh-generator-annprocess/1.19/jmh-generator-annprocess-1.19.jar:/home/user/.m2/repository/org/mockito/mockito-all/1.8.5/mockito-all-1.8.5.jar:/home/user/.m2/repository/org/apache/hadoop/hadoop-kms/3.2.0/hadoop-kms-3.2.0.jar:/home/user/.m2/repository/org/apache/hadoop/hadoop-auth/3.2.0/hadoop-auth-3.2.0.jar:/home/user/.m2/repository/com/nimbusds/nimbus-jose-jwt/4.41.1/nimbus-jose-jwt-4.41.1.jar:/home/user/.m2/repository/com/github/stephenc/jcip/jcip-annotations/1.0-1/jcip-annotations-1.0-1.jar:/home/user/.m2/repository/net/minidev/json-smart/2.3/json-smart-2.3.jar:/home/user/.m2/repository/net/minidev/accessors-smart/1.2/accessors-smart-1.2.jar:/home/user/.m2/repository/org/ow2/asm/asm/5.0.4/asm-5.0.4.jar:/home/user/.m2/repository/org/apache/curator/curator-framework/2.12.0/curator-framework-2.12.0.jar:/home/user/.m2/repository/com/sun/jersey/jersey-core/1.19/jersey-core-1.19.jar:/home/user/.m2/repository/javax/ws/rs/jsr311-api/1.1.1/jsr311-api-1.1.1.jar:/home/user/.m2/repository/com/sun/jersey/jersey-server/1.19/jersey-server-1.19.jar:/home/user/.m2/repository/javax/servlet/javax.servlet-api/3.1.0/javax.servlet-api-3.1.0.jar:/home/user/.m2/repository/org/eclipse/jetty/jetty-server/9.3.25.v20180904/jetty-server-9.3.25.v20180904.jar:/home/user/.m2/repository/org/eclipse/jetty/jetty-http/9.3.25.v20180904/jetty-http-9.3.25.v20180904.jar:/home/user/.m2/repository/org/eclipse/jetty/jetty-io/9.3.25.v20180904/jetty-io-9.3.25.v20180904.jar:/home/user/.m2/repository/org/eclipse/jetty/jetty-webapp/9.3.25.v20180904/jetty-webapp-9.3.25.v20180904.jar:/home/user/.m2/repository/org/eclipse/jetty/jetty-xml/9.3.25.v20180904/jetty-xml-9.3.25.v20180904.jar:/home/user/.m2/repository/log4j/log4j/1.2.17/log4j-1.2.17.jar:/home/user/.m2/repository/org/slf4j/slf4j-api/1.7.25/slf4j-api-1.7.25.jar:/home/user/.m2/repository/org/slf4j/jul-to-slf4j/1.7.25/jul-to-slf4j-1.7.25.jar:/home/user/.m2/repository/org/eclipse/jetty/jetty-util/9.3.25.v20180904/jetty-util-9.3.25.v20180904.jar:/home/user/.m2/repository/com/fasterxml/jackson/core/jackson-databind/2.9.9/jackson-databind-2.9.9.jar:/home/user/.m2/repository/org/apache/hadoop/hadoop-kms/3.2.0/hadoop-kms-3.2.0-tests.jar:/home/user/.m2/repository/org/apache/hadoop/hadoop-hdds-server-scm/0.5.0-SNAPSHOT/hadoop-hdds-server-scm-0.5.0-SNAPSHOT-tests.jar:/home/user/.m2/repository/org/apache/hadoop/hadoop-hdds-container-service/0.5.0-SNAPSHOT/hadoop-hdds-container-service-0.5.0-SNAPSHOT-tests.jar:/home/user/.m2/repository/org/yaml/snakeyaml/1.16/snakeyaml-1.16.jar:/home/user/.m2/repository/org/apache/hadoop/hadoop-common/3.2.0/hadoop-common-3.2.0-tests.jar:/home/user/.m2/repository/org/apache/hadoop/hadoop-annotations/3.2.0/hadoop-annotations-3.2.0.jar:/usr/lib/jvm/java-1.8-openjdk/jre/../lib/tools.jar:/home/user/.m2/repository/commons-cli/commons-cli/1.2/commons-cli-1.2.jar:/home/user/.m2/repository/org/apache/httpcomponents/httpclient/4.5.2/httpclient-4.5.2.jar:/home/user/.m2/repository/org/apache/httpcomponents/httpcore/4.4.4/httpcore-4.4.4.jar:/home/user/.m2/repository/commons-codec/commons-codec/1.11/commons-codec-1.11.jar:/home/user/.m2/repository/commons-net/commons-net/3.6/commons-net-3.6.jar:/home/user/.m2/repository/commons-collections/commons-collections/3.2.2/commons-collections-3.2.2.jar:/home/user/.m2/repository/org/eclipse/jetty/jetty-servlet/9.3.25.v20180904/jetty-servlet-9.3.25.v20180904.jar:/home/user/.m2/repository/org/eclipse/jetty/jetty-security/9.3.25.v20180904/jetty-security-9.3.25.v20180904.jar:/home/user/.m2/repository/javax/servlet/jsp/jsp-api/2.1/jsp-api-2.1.jar:/home/user/.m2/repository/com/sun/jersey/jersey-servlet/1.19/jersey-servlet-1.19.jar:/home/user/.m2/repository/com/sun/jersey/jersey-json/1.19/jersey-json-1.19.jar:/home/user/.m2/repository/org/codehaus/jettison/jettison/1.1/jettison-1.1.jar:/home/user/.m2/repository/org/codehaus/jackson/jackson-core-asl/1.9.13/jackson-core-asl-1.9.13.jar:/home/user/.m2/repository/org/codehaus/jackson/jackson-mapper-asl/1.9.13/jackson-mapper-asl-1.9.13.jar:/home/user/.m2/repository/org/codehaus/jackson/jackson-jaxrs/1.9.13/jackson-jaxrs-1.9.13.jar:/home/user/.m2/repository/org/codehaus/jackson/jackson-xc/1.9.13/jackson-xc-1.9.13.jar:/home/user/.m2/repository/commons-logging/commons-logging/1.1.3/commons-logging-1.1.3.jar:/home/user/.m2/repository/commons-beanutils/commons-beanutils/1.9.4/commons-beanutils-1.9.4.jar:/home/user/.m2/repository/org/apache/commons/commons-configuration2/2.1.1/commons-configuration2-2.1.1.jar:/home/user/.m2/repository/org/apache/commons/commons-lang3/3.7/commons-lang3-3.7.jar:/home/user/.m2/repository/org/apache/commons/commons-text/1.4/commons-text-1.4.jar:/home/user/.m2/repository/org/apache/avro/avro/1.7.7/avro-1.7.7.jar:/home/user/.m2/repository/com/thoughtworks/paranamer/paranamer/2.3/paranamer-2.3.jar:/home/user/.m2/repository/org/xerial/snappy/snappy-java/1.0.5/snappy-java-1.0.5.jar:/home/user/.m2/repository/com/google/re2j/re2j/1.1/re2j-1.1.jar:/home/user/.m2/repository/com/google/code/gson/gson/2.2.4/gson-2.2.4.jar:/home/user/.m2/repository/com/jcraft/jsch/0.1.54/jsch-0.1.54.jar:/home/user/.m2/repository/org/apache/curator/curator-client/2.12.0/curator-client-2.12.0.jar:/home/user/.m2/repository/org/apache/curator/curator-recipes/2.12.0/curator-recipes-2.12.0.jar:/home/user/.m2/repository/com/google/code/findbugs/jsr305/3.0.0/jsr305-3.0.0.jar:/home/user/.m2/repository/org/apache/htrace/htrace-core4/4.1.0-incubating/htrace-core4-4.1.0-incubating.jar:/home/user/.m2/repository/org/apache/zookeeper/zookeeper/3.4.13/zookeeper-3.4.13.jar:/home/user/.m2/repository/jline/jline/0.9.94/jline-0.9.94.jar:/home/user/.m2/repository/org/apache/yetus/audience-annotations/0.5.0/audience-annotations-0.5.0.jar:/home/user/.m2/repository/org/codehaus/woodstox/stax2-api/3.1.4/stax2-api-3.1.4.jar:/home/user/.m2/repository/com/fasterxml/woodstox/woodstox-core/5.0.3/woodstox-core-5.0.3.jar:/home/user/.m2/repository/dnsjava/dnsjava/2.1.7/dnsjava-2.1.7.jar:/home/user/.m2/repository/org/apache/hadoop/hadoop-hdfs/3.2.0/hadoop-hdfs-3.2.0-tests.jar:/home/user/.m2/repository/org/eclipse/jetty/jetty-util-ajax/9.3.25.v20180904/jetty-util-ajax-9.3.25.v20180904.jar:/home/user/.m2/repository/commons-daemon/commons-daemon/1.0.13/commons-daemon-1.0.13.jar:/home/user/.m2/repository/io/netty/netty/3.10.5.Final/netty-3.10.5.Final.jar:/home/user/.m2/repository/io/netty/netty-all/4.0.52.Final/netty-all-4.0.52.Final.jar:/home/user/.m2/repository/org/fusesource/leveldbjni/leveldbjni-all/1.8/leveldbjni-all-1.8.jar:"/>
    <property name="java.vm.vendor" value="IcedTea"/>
    <property name="sun.arch.data.model" value="64"/>
    <property name="test.build.dir" value="/workdir/hadoop-ozone/integration-test/target/test-dir"/>
    <property name="test.cache.data" value=""/>
    <property name="java.vendor.url" value="https://icedtea.classpath.org"/>
    <property name="user.timezone" value=""/>
    <property name="java.vm.specification.version" value="1.8"/>
    <property name="os.name" value="Linux"/>
    <property name="test.build.data" value="/workdir/hadoop-ozone/integration-test/target/test-dir"/>
    <property name="user.country" value="US"/>
    <property name="sun.java.launcher" value="SUN_STANDARD"/>
    <property name="sun.boot.library.path" value="/usr/lib/jvm/java-1.8-openjdk/jre/lib/amd64"/>
    <property name="sun.java.command" value="/workdir/hadoop-ozone/integration-test/target/surefire/surefirebooter8713353929999766383.jar /workdir/hadoop-ozone/integration-test/target/surefire 2019-10-14T18-22-11_593-jvmRun1 surefire1138743999322364654tmp surefire_702464436467747301450tmp"/>
    <property name="test" value="!TestMiniChaosOzoneCluster"/>
    <property name="surefire.test.class.path" value="/workdir/hadoop-ozone/integration-test/target/test-classes:/workdir/hadoop-ozone/integration-test/target/classes:/home/user/.m2/repository/org/apache/hadoop/hadoop-ozone-common/0.5.0-SNAPSHOT/hadoop-ozone-common-0.5.0-SNAPSHOT.jar:/home/user/.m2/repository/org/apache/commons/commons-compress/1.4.1/commons-compress-1.4.1.jar:/home/user/.m2/repository/org/tukaani/xz/1.0/xz-1.0.jar:/home/user/.m2/repository/org/apache/hadoop/hadoop-common/3.2.0/hadoop-common-3.2.0.jar:/home/user/.m2/repository/org/apache/hadoop/hadoop-hdfs/3.2.0/hadoop-hdfs-3.2.0.jar:/home/user/.m2/repository/org/apache/hadoop/hadoop-hdfs-client/3.2.0/hadoop-hdfs-client-3.2.0.jar:/home/user/.m2/repository/com/fasterxml/jackson/core/jackson-annotations/2.9.9/jackson-annotations-2.9.9.jar:/home/user/.m2/repository/org/apache/hadoop/hadoop-hdds-common/0.5.0-SNAPSHOT/hadoop-hdds-common-0.5.0-SNAPSHOT.jar:/home/user/.m2/repository/javax/annotation/javax.annotation-api/1.2/javax.annotation-api-1.2.jar:/home/user/.m2/repository/org/apache/ratis/ratis-server/0.5.0-63cd2fb-SNAPSHOT/ratis-server-0.5.0-63cd2fb-SNAPSHOT.jar:/home/user/.m2/repository/org/apache/ratis/ratis-thirdparty-misc/0.2.0/ratis-thirdparty-misc-0.2.0.jar:/home/user/.m2/repository/org/apache/ratis/ratis-proto/0.5.0-63cd2fb-SNAPSHOT/ratis-proto-0.5.0-63cd2fb-SNAPSHOT.jar:/home/user/.m2/repository/org/apache/ratis/ratis-common/0.5.0-63cd2fb-SNAPSHOT/ratis-common-0.5.0-63cd2fb-SNAPSHOT.jar:/home/user/.m2/repository/org/apache/ratis/ratis-client/0.5.0-63cd2fb-SNAPSHOT/ratis-client-0.5.0-63cd2fb-SNAPSHOT.jar:/home/user/.m2/repository/org/apache/ratis/ratis-metrics/0.5.0-63cd2fb-SNAPSHOT/ratis-metrics-0.5.0-63cd2fb-SNAPSHOT.jar:/home/user/.m2/repository/com/github/joshelser/dropwizard-metrics-hadoop-metrics2-reporter/0.1.2/dropwizard-metrics-hadoop-metrics2-reporter-0.1.2.jar:/home/user/.m2/repository/io/dropwizard/metrics/metrics-jvm/3.2.5/metrics-jvm-3.2.5.jar:/home/user/.m2/repository/io/dropwizard/metrics/metrics-ganglia/3.2.5/metrics-ganglia-3.2.5.jar:/home/user/.m2/repository/info/ganglia/gmetric4j/gmetric4j/1.0.7/gmetric4j-1.0.7.jar:/home/user/.m2/repository/org/apache/ratis/ratis-netty/0.5.0-63cd2fb-SNAPSHOT/ratis-netty-0.5.0-63cd2fb-SNAPSHOT.jar:/home/user/.m2/repository/org/apache/ratis/ratis-grpc/0.5.0-63cd2fb-SNAPSHOT/ratis-grpc-0.5.0-63cd2fb-SNAPSHOT.jar:/home/user/.m2/repository/org/rocksdb/rocksdbjni/6.0.1/rocksdbjni-6.0.1.jar:/home/user/.m2/repository/org/apache/logging/log4j/log4j-api/2.11.0/log4j-api-2.11.0.jar:/home/user/.m2/repository/org/apache/logging/log4j/log4j-core/2.11.0/log4j-core-2.11.0.jar:/home/user/.m2/repository/com/lmax/disruptor/3.4.2/disruptor-3.4.2.jar:/home/user/.m2/repository/org/apache/commons/commons-pool2/2.6.0/commons-pool2-2.6.0.jar:/home/user/.m2/repository/org/bouncycastle/bcpkix-jdk15on/1.60/bcpkix-jdk15on-1.60.jar:/home/user/.m2/repository/commons-validator/commons-validator/1.6/commons-validator-1.6.jar:/home/user/.m2/repository/commons-digester/commons-digester/1.8.1/commons-digester-1.8.1.jar:/home/user/.m2/repository/io/jaegertracing/jaeger-client/0.34.0/jaeger-client-0.34.0.jar:/home/user/.m2/repository/io/jaegertracing/jaeger-thrift/0.34.0/jaeger-thrift-0.34.0.jar:/home/user/.m2/repository/org/apache/thrift/libthrift/0.12.0/libthrift-0.12.0.jar:/home/user/.m2/repository/com/squareup/okhttp3/okhttp/3.9.0/okhttp-3.9.0.jar:/home/user/.m2/repository/com/squareup/okio/okio/1.13.0/okio-1.13.0.jar:/home/user/.m2/repository/io/jaegertracing/jaeger-core/0.34.0/jaeger-core-0.34.0.jar:/home/user/.m2/repository/io/jaegertracing/jaeger-tracerresolver/0.34.0/jaeger-tracerresolver-0.34.0.jar:/home/user/.m2/repository/io/opentracing/contrib/opentracing-tracerresolver/0.1.5/opentracing-tracerresolver-0.1.5.jar:/home/user/.m2/repository/io/opentracing/opentracing-util/0.31.0/opentracing-util-0.31.0.jar:/home/user/.m2/repository/io/opentracing/opentracing-api/0.31.0/opentracing-api-0.31.0.jar:/home/user/.m2/repository/io/opentracing/opentracing-noop/0.31.0/opentracing-noop-0.31.0.jar:/home/user/.m2/repository/org/apache/hadoop/hadoop-hdds-server-framework/0.5.0-SNAPSHOT/hadoop-hdds-server-framework-0.5.0-SNAPSHOT.jar:/home/user/.m2/repository/org/apache/hadoop/hadoop-hdds-container-service/0.5.0-SNAPSHOT/hadoop-hdds-container-service-0.5.0-SNAPSHOT.jar:/home/user/.m2/repository/org/apache/hadoop/hadoop-hdds-client/0.5.0-SNAPSHOT/hadoop-hdds-client-0.5.0-SNAPSHOT.jar:/home/user/.m2/repository/org/apache/hadoop/hadoop-hdds-tools/0.5.0-SNAPSHOT/hadoop-hdds-tools-0.5.0-SNAPSHOT.jar:/home/user/.m2/repository/org/apache/hadoop/hadoop-hdds-server-scm/0.5.0-SNAPSHOT/hadoop-hdds-server-scm-0.5.0-SNAPSHOT.jar:/home/user/.m2/repository/org/apache/hadoop/hadoop-hdds-docs/0.5.0-SNAPSHOT/hadoop-hdds-docs-0.5.0-SNAPSHOT.jar:/home/user/.m2/repository/io/dropwizard/metrics/metrics-core/3.2.4/metrics-core-3.2.4.jar:/home/user/.m2/repository/org/hamcrest/hamcrest-all/1.3/hamcrest-all-1.3.jar:/home/user/.m2/repository/org/bouncycastle/bcprov-jdk15on/1.60/bcprov-jdk15on-1.60.jar:/home/user/.m2/repository/info/picocli/picocli/3.9.6/picocli-3.9.6.jar:/home/user/.m2/repository/com/google/protobuf/protobuf-java/2.5.0/protobuf-java-2.5.0.jar:/home/user/.m2/repository/com/google/guava/guava/11.0.2/guava-11.0.2.jar:/home/user/.m2/repository/org/apache/hadoop/hadoop-ozone-ozone-manager/0.5.0-SNAPSHOT/hadoop-ozone-ozone-manager-0.5.0-SNAPSHOT.jar:/home/user/.m2/repository/org/apache/hadoop/hadoop-minikdc/3.2.0/hadoop-minikdc-3.2.0.jar:/home/user/.m2/repository/commons-io/commons-io/2.5/commons-io-2.5.jar:/home/user/.m2/repository/org/apache/kerby/kerb-simplekdc/1.0.1/kerb-simplekdc-1.0.1.jar:/home/user/.m2/repository/org/apache/kerby/kerb-client/1.0.1/kerb-client-1.0.1.jar:/home/user/.m2/repository/org/apache/kerby/kerby-config/1.0.1/kerby-config-1.0.1.jar:/home/user/.m2/repository/org/apache/kerby/kerb-core/1.0.1/kerb-core-1.0.1.jar:/home/user/.m2/repository/org/apache/kerby/kerby-pkix/1.0.1/kerby-pkix-1.0.1.jar:/home/user/.m2/repository/org/apache/kerby/kerby-asn1/1.0.1/kerby-asn1-1.0.1.jar:/home/user/.m2/repository/org/apache/kerby/kerby-util/1.0.1/kerby-util-1.0.1.jar:/home/user/.m2/repository/org/apache/kerby/kerb-common/1.0.1/kerb-common-1.0.1.jar:/home/user/.m2/repository/org/apache/kerby/kerb-crypto/1.0.1/kerb-crypto-1.0.1.jar:/home/user/.m2/repository/org/apache/kerby/kerb-util/1.0.1/kerb-util-1.0.1.jar:/home/user/.m2/repository/org/apache/kerby/token-provider/1.0.1/token-provider-1.0.1.jar:/home/user/.m2/repository/org/apache/kerby/kerb-admin/1.0.1/kerb-admin-1.0.1.jar:/home/user/.m2/repository/org/apache/kerby/kerb-server/1.0.1/kerb-server-1.0.1.jar:/home/user/.m2/repository/org/apache/kerby/kerb-identity/1.0.1/kerb-identity-1.0.1.jar:/home/user/.m2/repository/org/apache/kerby/kerby-xdr/1.0.1/kerby-xdr-1.0.1.jar:/home/user/.m2/repository/org/slf4j/slf4j-log4j12/1.7.25/slf4j-log4j12-1.7.25.jar:/home/user/.m2/repository/org/apache/hadoop/hadoop-ozone-s3gateway/0.5.0-SNAPSHOT/hadoop-ozone-s3gateway-0.5.0-SNAPSHOT.jar:/home/user/.m2/repository/org/jboss/weld/servlet/weld-servlet/2.4.7.Final/weld-servlet-2.4.7.Final.jar:/home/user/.m2/repository/org/glassfish/jersey/containers/jersey-container-servlet-core/2.27/jersey-container-servlet-core-2.27.jar:/home/user/.m2/repository/org/glassfish/hk2/external/javax.inject/2.5.0-b42/javax.inject-2.5.0-b42.jar:/home/user/.m2/repository/org/glassfish/jersey/core/jersey-common/2.27/jersey-common-2.27.jar:/home/user/.m2/repository/org/glassfish/hk2/osgi-resource-locator/1.0.1/osgi-resource-locator-1.0.1.jar:/home/user/.m2/repository/javax/ws/rs/javax.ws.rs-api/2.1/javax.ws.rs-api-2.1.jar:/home/user/.m2/repository/org/glassfish/jersey/ext/cdi/jersey-cdi1x/2.27/jersey-cdi1x-2.27.jar:/home/user/.m2/repository/org/glassfish/jersey/inject/jersey-hk2/2.27/jersey-hk2-2.27.jar:/home/user/.m2/repository/org/glassfish/hk2/hk2-locator/2.5.0-b42/hk2-locator-2.5.0-b42.jar:/home/user/.m2/repository/org/javassist/javassist/3.22.0-CR2/javassist-3.22.0-CR2.jar:/home/user/.m2/repository/org/glassfish/hk2/hk2-api/2.5.0/hk2-api-2.5.0.jar:/home/user/.m2/repository/org/glassfish/hk2/external/jakarta.inject/2.5.0/jakarta.inject-2.5.0.jar:/home/user/.m2/repository/org/glassfish/hk2/hk2-utils/2.5.0/hk2-utils-2.5.0.jar:/home/user/.m2/repository/jakarta/annotation/jakarta.annotation-api/1.3.4/jakarta.annotation-api-1.3.4.jar:/home/user/.m2/repository/org/glassfish/hk2/external/aopalliance-repackaged/2.5.0/aopalliance-repackaged-2.5.0.jar:/home/user/.m2/repository/com/fasterxml/jackson/dataformat/jackson-dataformat-xml/2.9.0/jackson-dataformat-xml-2.9.0.jar:/home/user/.m2/repository/com/fasterxml/jackson/core/jackson-core/2.9.9/jackson-core-2.9.9.jar:/home/user/.m2/repository/com/fasterxml/jackson/module/jackson-module-jaxb-annotations/2.9.9/jackson-module-jaxb-annotations-2.9.9.jar:/home/user/.m2/repository/javax/enterprise/cdi-api/1.2/cdi-api-1.2.jar:/home/user/.m2/repository/javax/el/javax.el-api/3.0.0/javax.el-api-3.0.0.jar:/home/user/.m2/repository/javax/interceptor/javax.interceptor-api/1.2/javax.interceptor-api-1.2.jar:/home/user/.m2/repository/javax/inject/javax.inject/1/javax.inject-1.jar:/home/user/.m2/repository/com/sun/xml/bind/jaxb-impl/2.3.0.1/jaxb-impl-2.3.0.1.jar:/home/user/.m2/repository/com/sun/xml/bind/jaxb-core/2.3.0.1/jaxb-core-2.3.0.1.jar:/home/user/.m2/repository/javax/xml/bind/jaxb-api/2.3.0/jaxb-api-2.3.0.jar:/home/user/.m2/repository/javax/activation/activation/1.1.1/activation-1.1.1.jar:/home/user/.m2/repository/org/apache/hadoop/hadoop-ozone-csi/0.5.0-SNAPSHOT/hadoop-ozone-csi-0.5.0-SNAPSHOT.jar:/home/user/.m2/repository/com/google/protobuf/protobuf-java-util/3.5.1/protobuf-java-util-3.5.1.jar:/home/user/.m2/repository/org/apache/hadoop/hadoop-hdds-config/0.5.0-SNAPSHOT/hadoop-hdds-config-0.5.0-SNAPSHOT.jar:/home/user/.m2/repository/io/grpc/grpc-netty/1.17.1/grpc-netty-1.17.1.jar:/home/user/.m2/repository/io/grpc/grpc-core/1.17.1/grpc-core-1.17.1.jar:/home/user/.m2/repository/io/grpc/grpc-context/1.17.1/grpc-context-1.17.1.jar:/home/user/.m2/repository/com/google/errorprone/error_prone_annotations/2.2.0/error_prone_annotations-2.2.0.jar:/home/user/.m2/repository/org/codehaus/mojo/animal-sniffer-annotations/1.17/animal-sniffer-annotations-1.17.jar:/home/user/.m2/repository/io/opencensus/opencensus-api/0.17.0/opencensus-api-0.17.0.jar:/home/user/.m2/repository/io/opencensus/opencensus-contrib-grpc-metrics/0.17.0/opencensus-contrib-grpc-metrics-0.17.0.jar:/home/user/.m2/repository/io/netty/netty-codec-http2/4.1.30.Final/netty-codec-http2-4.1.30.Final.jar:/home/user/.m2/repository/io/netty/netty-codec-http/4.1.30.Final/netty-codec-http-4.1.30.Final.jar:/home/user/.m2/repository/io/netty/netty-codec/4.1.30.Final/netty-codec-4.1.30.Final.jar:/home/user/.m2/repository/io/netty/netty-handler/4.1.30.Final/netty-handler-4.1.30.Final.jar:/home/user/.m2/repository/io/netty/netty-handler-proxy/4.1.30.Final/netty-handler-proxy-4.1.30.Final.jar:/home/user/.m2/repository/io/netty/netty-codec-socks/4.1.30.Final/netty-codec-socks-4.1.30.Final.jar:/home/user/.m2/repository/io/netty/netty-transport-native-epoll/4.1.30.Final/netty-transport-native-epoll-4.1.30.Final.jar:/home/user/.m2/repository/io/netty/netty-common/4.1.30.Final/netty-common-4.1.30.Final.jar:/home/user/.m2/repository/io/netty/netty-buffer/4.1.30.Final/netty-buffer-4.1.30.Final.jar:/home/user/.m2/repository/io/netty/netty-transport/4.1.30.Final/netty-transport-4.1.30.Final.jar:/home/user/.m2/repository/io/netty/netty-resolver/4.1.30.Final/netty-resolver-4.1.30.Final.jar:/home/user/.m2/repository/io/netty/netty-transport-native-unix-common/4.1.30.Final/netty-transport-native-unix-common-4.1.30.Final.jar:/home/user/.m2/repository/io/grpc/grpc-protobuf/1.17.1/grpc-protobuf-1.17.1.jar:/home/user/.m2/repository/com/google/api/grpc/proto-google-common-protos/1.0.0/proto-google-common-protos-1.0.0.jar:/home/user/.m2/repository/io/grpc/grpc-protobuf-lite/1.17.1/grpc-protobuf-lite-1.17.1.jar:/home/user/.m2/repository/io/grpc/grpc-stub/1.17.1/grpc-stub-1.17.1.jar:/home/user/.m2/repository/org/apache/hadoop/hadoop-ozone-recon/0.5.0-SNAPSHOT/hadoop-ozone-recon-0.5.0-SNAPSHOT.jar:/home/user/.m2/repository/org/apache/hadoop/hadoop-ozone-reconcodegen/0.5.0-SNAPSHOT/hadoop-ozone-reconcodegen-0.5.0-SNAPSHOT.jar:/home/user/.m2/repository/com/google/inject/extensions/guice-multibindings/4.0/guice-multibindings-4.0.jar:/home/user/.m2/repository/com/google/inject/guice/4.0/guice-4.0.jar:/home/user/.m2/repository/aopalliance/aopalliance/1.0/aopalliance-1.0.jar:/home/user/.m2/repository/com/google/inject/extensions/guice-servlet/4.0/guice-servlet-4.0.jar:/home/user/.m2/repository/org/glassfish/jersey/containers/jersey-container-servlet/2.27/jersey-container-servlet-2.27.jar:/home/user/.m2/repository/org/glassfish/hk2/guice-bridge/2.5.0/guice-bridge-2.5.0.jar:/home/user/.m2/repository/org/glassfish/jersey/core/jersey-server/2.27/jersey-server-2.27.jar:/home/user/.m2/repository/org/glassfish/jersey/core/jersey-client/2.27/jersey-client-2.27.jar:/home/user/.m2/repository/org/glassfish/jersey/media/jersey-media-jaxb/2.27/jersey-media-jaxb-2.27.jar:/home/user/.m2/repository/javax/validation/validation-api/1.1.0.Final/validation-api-1.1.0.Final.jar:/home/user/.m2/repository/org/glassfish/jersey/media/jersey-media-json-jackson/2.27/jersey-media-json-jackson-2.27.jar:/home/user/.m2/repository/org/glassfish/jersey/ext/jersey-entity-filtering/2.27/jersey-entity-filtering-2.27.jar:/home/user/.m2/repository/com/google/inject/extensions/guice-assistedinject/4.0/guice-assistedinject-4.0.jar:/home/user/.m2/repository/org/jooq/jooq/3.11.10/jooq-3.11.10.jar:/home/user/.m2/repository/org/jooq/jooq-meta/3.11.10/jooq-meta-3.11.10.jar:/home/user/.m2/repository/org/jooq/jooq-codegen/3.11.10/jooq-codegen-3.11.10.jar:/home/user/.m2/repository/com/jolbox/bonecp/0.8.0.RELEASE/bonecp-0.8.0.RELEASE.jar:/home/user/.m2/repository/org/xerial/sqlite-jdbc/3.25.2/sqlite-jdbc-3.25.2.jar:/home/user/.m2/repository/org/springframework/spring-jdbc/5.1.3.RELEASE/spring-jdbc-5.1.3.RELEASE.jar:/home/user/.m2/repository/org/springframework/spring-beans/5.1.3.RELEASE/spring-beans-5.1.3.RELEASE.jar:/home/user/.m2/repository/org/springframework/spring-core/5.1.3.RELEASE/spring-core-5.1.3.RELEASE.jar:/home/user/.m2/repository/org/springframework/spring-jcl/5.1.3.RELEASE/spring-jcl-5.1.3.RELEASE.jar:/home/user/.m2/repository/org/springframework/spring-tx/5.1.3.RELEASE/spring-tx-5.1.3.RELEASE.jar:/home/user/.m2/repository/org/apache/hadoop/hadoop-ozone-client/0.5.0-SNAPSHOT/hadoop-ozone-client-0.5.0-SNAPSHOT.jar:/home/user/.m2/repository/commons-lang/commons-lang/2.6/commons-lang-2.6.jar:/home/user/.m2/repository/org/apache/hadoop/hadoop-ozone-ozone-manager/0.5.0-SNAPSHOT/hadoop-ozone-ozone-manager-0.5.0-SNAPSHOT-tests.jar:/home/user/.m2/repository/junit/junit/4.11/junit-4.11.jar:/home/user/.m2/repository/org/hamcrest/hamcrest-core/1.3/hamcrest-core-1.3.jar:/home/user/.m2/repository/org/openjdk/jmh/jmh-core/1.19/jmh-core-1.19.jar:/home/user/.m2/repository/net/sf/jopt-simple/jopt-simple/4.6/jopt-simple-4.6.jar:/home/user/.m2/repository/org/apache/commons/commons-math3/3.1.1/commons-math3-3.1.1.jar:/home/user/.m2/repository/org/openjdk/jmh/jmh-generator-annprocess/1.19/jmh-generator-annprocess-1.19.jar:/home/user/.m2/repository/org/mockito/mockito-all/1.8.5/mockito-all-1.8.5.jar:/home/user/.m2/repository/org/apache/hadoop/hadoop-kms/3.2.0/hadoop-kms-3.2.0.jar:/home/user/.m2/repository/org/apache/hadoop/hadoop-auth/3.2.0/hadoop-auth-3.2.0.jar:/home/user/.m2/repository/com/nimbusds/nimbus-jose-jwt/4.41.1/nimbus-jose-jwt-4.41.1.jar:/home/user/.m2/repository/com/github/stephenc/jcip/jcip-annotations/1.0-1/jcip-annotations-1.0-1.jar:/home/user/.m2/repository/net/minidev/json-smart/2.3/json-smart-2.3.jar:/home/user/.m2/repository/net/minidev/accessors-smart/1.2/accessors-smart-1.2.jar:/home/user/.m2/repository/org/ow2/asm/asm/5.0.4/asm-5.0.4.jar:/home/user/.m2/repository/org/apache/curator/curator-framework/2.12.0/curator-framework-2.12.0.jar:/home/user/.m2/repository/com/sun/jersey/jersey-core/1.19/jersey-core-1.19.jar:/home/user/.m2/repository/javax/ws/rs/jsr311-api/1.1.1/jsr311-api-1.1.1.jar:/home/user/.m2/repository/com/sun/jersey/jersey-server/1.19/jersey-server-1.19.jar:/home/user/.m2/repository/javax/servlet/javax.servlet-api/3.1.0/javax.servlet-api-3.1.0.jar:/home/user/.m2/repository/org/eclipse/jetty/jetty-server/9.3.25.v20180904/jetty-server-9.3.25.v20180904.jar:/home/user/.m2/repository/org/eclipse/jetty/jetty-http/9.3.25.v20180904/jetty-http-9.3.25.v20180904.jar:/home/user/.m2/repository/org/eclipse/jetty/jetty-io/9.3.25.v20180904/jetty-io-9.3.25.v20180904.jar:/home/user/.m2/repository/org/eclipse/jetty/jetty-webapp/9.3.25.v20180904/jetty-webapp-9.3.25.v20180904.jar:/home/user/.m2/repository/org/eclipse/jetty/jetty-xml/9.3.25.v20180904/jetty-xml-9.3.25.v20180904.jar:/home/user/.m2/repository/log4j/log4j/1.2.17/log4j-1.2.17.jar:/home/user/.m2/repository/org/slf4j/slf4j-api/1.7.25/slf4j-api-1.7.25.jar:/home/user/.m2/repository/org/slf4j/jul-to-slf4j/1.7.25/jul-to-slf4j-1.7.25.jar:/home/user/.m2/repository/org/eclipse/jetty/jetty-util/9.3.25.v20180904/jetty-util-9.3.25.v20180904.jar:/home/user/.m2/repository/com/fasterxml/jackson/core/jackson-databind/2.9.9/jackson-databind-2.9.9.jar:/home/user/.m2/repository/org/apache/hadoop/hadoop-kms/3.2.0/hadoop-kms-3.2.0-tests.jar:/home/user/.m2/repository/org/apache/hadoop/hadoop-hdds-server-scm/0.5.0-SNAPSHOT/hadoop-hdds-server-scm-0.5.0-SNAPSHOT-tests.jar:/home/user/.m2/repository/org/apache/hadoop/hadoop-hdds-container-service/0.5.0-SNAPSHOT/hadoop-hdds-container-service-0.5.0-SNAPSHOT-tests.jar:/home/user/.m2/repository/org/yaml/snakeyaml/1.16/snakeyaml-1.16.jar:/home/user/.m2/repository/org/apache/hadoop/hadoop-common/3.2.0/hadoop-common-3.2.0-tests.jar:/home/user/.m2/repository/org/apache/hadoop/hadoop-annotations/3.2.0/hadoop-annotations-3.2.0.jar:/usr/lib/jvm/java-1.8-openjdk/jre/../lib/tools.jar:/home/user/.m2/repository/commons-cli/commons-cli/1.2/commons-cli-1.2.jar:/home/user/.m2/repository/org/apache/httpcomponents/httpclient/4.5.2/httpclient-4.5.2.jar:/home/user/.m2/repository/org/apache/httpcomponents/httpcore/4.4.4/httpcore-4.4.4.jar:/home/user/.m2/repository/commons-codec/commons-codec/1.11/commons-codec-1.11.jar:/home/user/.m2/repository/commons-net/commons-net/3.6/commons-net-3.6.jar:/home/user/.m2/repository/commons-collections/commons-collections/3.2.2/commons-collections-3.2.2.jar:/home/user/.m2/repository/org/eclipse/jetty/jetty-servlet/9.3.25.v20180904/jetty-servlet-9.3.25.v20180904.jar:/home/user/.m2/repository/org/eclipse/jetty/jetty-security/9.3.25.v20180904/jetty-security-9.3.25.v20180904.jar:/home/user/.m2/repository/javax/servlet/jsp/jsp-api/2.1/jsp-api-2.1.jar:/home/user/.m2/repository/com/sun/jersey/jersey-servlet/1.19/jersey-servlet-1.19.jar:/home/user/.m2/repository/com/sun/jersey/jersey-json/1.19/jersey-json-1.19.jar:/home/user/.m2/repository/org/codehaus/jettison/jettison/1.1/jettison-1.1.jar:/home/user/.m2/repository/org/codehaus/jackson/jackson-core-asl/1.9.13/jackson-core-asl-1.9.13.jar:/home/user/.m2/repository/org/codehaus/jackson/jackson-mapper-asl/1.9.13/jackson-mapper-asl-1.9.13.jar:/home/user/.m2/repository/org/codehaus/jackson/jackson-jaxrs/1.9.13/jackson-jaxrs-1.9.13.jar:/home/user/.m2/repository/org/codehaus/jackson/jackson-xc/1.9.13/jackson-xc-1.9.13.jar:/home/user/.m2/repository/commons-logging/commons-logging/1.1.3/commons-logging-1.1.3.jar:/home/user/.m2/repository/commons-beanutils/commons-beanutils/1.9.4/commons-beanutils-1.9.4.jar:/home/user/.m2/repository/org/apache/commons/commons-configuration2/2.1.1/commons-configuration2-2.1.1.jar:/home/user/.m2/repository/org/apache/commons/commons-lang3/3.7/commons-lang3-3.7.jar:/home/user/.m2/repository/org/apache/commons/commons-text/1.4/commons-text-1.4.jar:/home/user/.m2/repository/org/apache/avro/avro/1.7.7/avro-1.7.7.jar:/home/user/.m2/repository/com/thoughtworks/paranamer/paranamer/2.3/paranamer-2.3.jar:/home/user/.m2/repository/org/xerial/snappy/snappy-java/1.0.5/snappy-java-1.0.5.jar:/home/user/.m2/repository/com/google/re2j/re2j/1.1/re2j-1.1.jar:/home/user/.m2/repository/com/google/code/gson/gson/2.2.4/gson-2.2.4.jar:/home/user/.m2/repository/com/jcraft/jsch/0.1.54/jsch-0.1.54.jar:/home/user/.m2/repository/org/apache/curator/curator-client/2.12.0/curator-client-2.12.0.jar:/home/user/.m2/repository/org/apache/curator/curator-recipes/2.12.0/curator-recipes-2.12.0.jar:/home/user/.m2/repository/com/google/code/findbugs/jsr305/3.0.0/jsr305-3.0.0.jar:/home/user/.m2/repository/org/apache/htrace/htrace-core4/4.1.0-incubating/htrace-core4-4.1.0-incubating.jar:/home/user/.m2/repository/org/apache/zookeeper/zookeeper/3.4.13/zookeeper-3.4.13.jar:/home/user/.m2/repository/jline/jline/0.9.94/jline-0.9.94.jar:/home/user/.m2/repository/org/apache/yetus/audience-annotations/0.5.0/audience-annotations-0.5.0.jar:/home/user/.m2/repository/org/codehaus/woodstox/stax2-api/3.1.4/stax2-api-3.1.4.jar:/home/user/.m2/repository/com/fasterxml/woodstox/woodstox-core/5.0.3/woodstox-core-5.0.3.jar:/home/user/.m2/repository/dnsjava/dnsjava/2.1.7/dnsjava-2.1.7.jar:/home/user/.m2/repository/org/apache/hadoop/hadoop-hdfs/3.2.0/hadoop-hdfs-3.2.0-tests.jar:/home/user/.m2/repository/org/eclipse/jetty/jetty-util-ajax/9.3.25.v20180904/jetty-util-ajax-9.3.25.v20180904.jar:/home/user/.m2/repository/commons-daemon/commons-daemon/1.0.13/commons-daemon-1.0.13.jar:/home/user/.m2/repository/io/netty/netty/3.10.5.Final/netty-3.10.5.Final.jar:/home/user/.m2/repository/io/netty/netty-all/4.0.52.Final/netty-all-4.0.52.Final.jar:/home/user/.m2/repository/org/fusesource/leveldbjni/leveldbjni-all/1.8/leveldbjni-all-1.8.jar:"/>
    <property name="sun.cpu.endian" value="little"/>
    <property name="user.home" value="/home/user"/>
    <property name="user.language" value="en"/>
    <property name="java.specification.vendor" value="Oracle Corporation"/>
    <property name="java.home" value="/usr/lib/jvm/java-1.8-openjdk/jre"/>
    <property name="surefire.excludesFile" value="/tools/ozone-bad-unit-tests"/>
    <property name="java.security.krb5.conf" value="/workdir/hadoop-ozone/integration-test/target/test-classes/krb5.conf"/>
    <property name="basedir" value="/workdir/hadoop-ozone/integration-test"/>
    <property name="file.separator" value="/"/>
    <property name="line.separator" value="&#10;"/>
    <property name="java.vm.specification.vendor" value="Oracle Corporation"/>
    <property name="java.specification.name" value="Java Platform API Specification"/>
    <property name="java.awt.graphicsenv" value="sun.awt.X11GraphicsEnvironment"/>
    <property name="surefire.real.class.path" value="/workdir/hadoop-ozone/integration-test/target/surefire/surefirebooter8713353929999766383.jar"/>
    <property name="hadoop.log.dir" value="/workdir/hadoop-ozone/integration-test/target/log"/>
    <property name="sun.boot.class.path" value="/usr/lib/jvm/java-1.8-openjdk/jre/lib/resources.jar:/usr/lib/jvm/java-1.8-openjdk/jre/lib/rt.jar:/usr/lib/jvm/java-1.8-openjdk/jre/lib/sunrsasign.jar:/usr/lib/jvm/java-1.8-openjdk/jre/lib/jsse.jar:/usr/lib/jvm/java-1.8-openjdk/jre/lib/jce.jar:/usr/lib/jvm/java-1.8-openjdk/jre/lib/charsets.jar:/usr/lib/jvm/java-1.8-openjdk/jre/lib/jfr.jar:/usr/lib/jvm/java-1.8-openjdk/jre/classes"/>
    <property name="sun.management.compiler" value="HotSpot 64-Bit Tiered Compilers"/>
    <property name="java.runtime.version" value="1.8.0_212-b04"/>
    <property name="java.net.preferIPv4Stack" value="true"/>
    <property name="user.name" value="jenkins1000"/>
    <property name="path.separator" value=":"/>
    <property name="java.security.egd" value="file:///dev/urandom"/>
    <property name="os.version" value="3.10.0-957.12.2.el7.x86_64"/>
    <property name="java.endorsed.dirs" value="/usr/lib/jvm/java-1.8-openjdk/jre/lib/endorsed"/>
    <property name="java.runtime.name" value="OpenJDK Runtime Environment"/>
    <property name="file.encoding" value="UTF-8"/>
    <property name="java.vm.name" value="OpenJDK 64-Bit Server VM"/>
    <property name="test.build.webapps" value=""/>
    <property name="localRepository" value="/home/user/.m2/repository"/>
    <property name="java.vendor.url.bug" value="https://icedtea.classpath.org/bugzilla"/>
    <property name="java.io.tmpdir" value="/tmp"/>
    <property name="require.test.libhadoop" value=""/>
    <property name="java.version" value="1.8.0_212"/>
    <property name="user.dir" value="/workdir/hadoop-ozone/integration-test"/>
    <property name="os.arch" value="amd64"/>
    <property name="java.vm.specification.name" value="Java Virtual Machine Specification"/>
    <property name="test.build.classes" value="/workdir/hadoop-ozone/integration-test/target/test-classes"/>
    <property name="java.awt.printerjob" value="sun.print.PSPrinterJob"/>
    <property name="sun.os.patch.level" value="unknown"/>
    <property name="hadoop.tmp.dir" value="/workdir/hadoop-ozone/integration-test/target/tmp"/>
    <property name="java.library.path" value="/usr/lib/jvm/java-1.8-openjdk/jre/lib/amd64/server:/usr/lib/jvm/java-1.8-openjdk/jre/lib/amd64:/usr/lib/jvm/java-1.8-openjdk/jre/../lib/amd64:/workdir/hadoop-ozone/integration-test/target/native/target/usr/local/lib:/workdir/hadoop-ozone/integration-test/../../hadoop-common-project/hadoop-common/target/native/target/usr/local/lib:/usr/java/packages/lib/amd64:/usr/lib64:/lib64:/lib:/usr/lib"/>
    <property name="java.vm.info" value="mixed mode"/>
    <property name="java.vendor" value="IcedTea"/>
    <property name="java.vm.version" value="25.212-b04"/>
    <property name="java.ext.dirs" value="/usr/lib/jvm/java-1.8-openjdk/jre/lib/ext:/usr/java/packages/lib/ext"/>
    <property name="sun.io.unicode.encoding" value="UnicodeLittle"/>
    <property name="java.class.version" value="52.0"/>
  </properties>
  <testcase name="testPipelineDestroy" classname="org.apache.hadoop.ozone.scm.pipeline.TestSCMPipelineMetrics" time="28.79">
    <failure message="Bad value for metric NumPipelineDestroyed expected:&lt;1&gt; but was:&lt;5&gt;" type="java.lang.AssertionError"><![CDATA[java.lang.AssertionError: Bad value for metric NumPipelineDestroyed expected:<1> but was:<5>
	at org.junit.Assert.fail(Assert.java:88)
	at org.junit.Assert.failNotEquals(Assert.java:743)
	at org.junit.Assert.assertEquals(Assert.java:118)
	at org.junit.Assert.assertEquals(Assert.java:555)
	at org.apache.hadoop.test.MetricsAsserts.assertCounter(MetricsAsserts.java:227)
	at org.apache.hadoop.ozone.scm.pipeline.TestSCMPipelineMetrics.testPipelineDestroy(TestSCMPipelineMetrics.java:93)
	at sun.reflect.NativeMethodAccessorImpl.invoke0(Native Method)
	at sun.reflect.NativeMethodAccessorImpl.invoke(NativeMethodAccessorImpl.java:62)
	at sun.reflect.DelegatingMethodAccessorImpl.invoke(DelegatingMethodAccessorImpl.java:43)
	at java.lang.reflect.Method.invoke(Method.java:498)
	at org.junit.runners.model.FrameworkMethod$1.runReflectiveCall(FrameworkMethod.java:47)
	at org.junit.internal.runners.model.ReflectiveCallable.run(ReflectiveCallable.java:12)
	at org.junit.runners.model.FrameworkMethod.invokeExplosively(FrameworkMethod.java:44)
	at org.junit.internal.runners.statements.InvokeMethod.evaluate(InvokeMethod.java:17)
	at org.junit.internal.runners.statements.RunBefores.evaluate(RunBefores.java:26)
	at org.junit.internal.runners.statements.RunAfters.evaluate(RunAfters.java:27)
	at org.junit.runners.ParentRunner.runLeaf(ParentRunner.java:271)
	at org.junit.runners.BlockJUnit4ClassRunner.runChild(BlockJUnit4ClassRunner.java:70)
	at org.junit.runners.BlockJUnit4ClassRunner.runChild(BlockJUnit4ClassRunner.java:50)
	at org.junit.runners.ParentRunner$3.run(ParentRunner.java:238)
	at org.junit.runners.ParentRunner$1.schedule(ParentRunner.java:63)
	at org.junit.runners.ParentRunner.runChildren(ParentRunner.java:236)
	at org.junit.runners.ParentRunner.access$000(ParentRunner.java:53)
	at org.junit.runners.ParentRunner$2.evaluate(ParentRunner.java:229)
	at org.junit.runners.ParentRunner.run(ParentRunner.java:309)
	at org.apache.maven.surefire.junit4.JUnit4Provider.execute(JUnit4Provider.java:365)
	at org.apache.maven.surefire.junit4.JUnit4Provider.executeWithRerun(JUnit4Provider.java:273)
	at org.apache.maven.surefire.junit4.JUnit4Provider.executeTestSet(JUnit4Provider.java:238)
	at org.apache.maven.surefire.junit4.JUnit4Provider.invoke(JUnit4Provider.java:159)
	at org.apache.maven.surefire.booter.ForkedBooter.invokeProviderInSameClassLoader(ForkedBooter.java:384)
	at org.apache.maven.surefire.booter.ForkedBooter.runSuitesInProcess(ForkedBooter.java:345)
	at org.apache.maven.surefire.booter.ForkedBooter.execute(ForkedBooter.java:126)
	at org.apache.maven.surefire.booter.ForkedBooter.main(ForkedBooter.java:418)
]]></failure>
    <system-out><![CDATA[2019-10-14 19:59:54,579 [main] WARN  server.ServerUtils (ServerUtils.java:getScmDbDir(145)) - ozone.scm.db.dirs is not configured. We recommend adding this setting. Falling back to ozone.metadata.dirs instead.
2019-10-14 19:59:54,704 [main] WARN  server.ServerUtils (ServerUtils.java:getScmDbDir(145)) - ozone.scm.db.dirs is not configured. We recommend adding this setting. Falling back to ozone.metadata.dirs instead.
2019-10-14 19:59:54,707 [main] WARN  server.ServerUtils (ServerUtils.java:getScmDbDir(145)) - ozone.scm.db.dirs is not configured. We recommend adding this setting. Falling back to ozone.metadata.dirs instead.
2019-10-14 19:59:54,735 [main] INFO  util.log (Log.java:initialized(192)) - Logging initialized @877ms
2019-10-14 19:59:54,872 [main] INFO  db.DBStoreBuilder (DBStoreBuilder.java:addTable(117)) - using custom profile for table: deletedBlocks
2019-10-14 19:59:54,872 [main] INFO  db.DBStoreBuilder (DBStoreBuilder.java:processTables(168)) - Using default column profile:DBProfile.DISK for Table:deletedBlocks
2019-10-14 19:59:54,872 [main] INFO  db.DBStoreBuilder (DBStoreBuilder.java:addTable(117)) - using custom profile for table: validCerts
2019-10-14 19:59:54,873 [main] INFO  db.DBStoreBuilder (DBStoreBuilder.java:processTables(168)) - Using default column profile:DBProfile.DISK for Table:validCerts
2019-10-14 19:59:54,873 [main] INFO  db.DBStoreBuilder (DBStoreBuilder.java:addTable(117)) - using custom profile for table: revokedCerts
2019-10-14 19:59:54,873 [main] INFO  db.DBStoreBuilder (DBStoreBuilder.java:processTables(168)) - Using default column profile:DBProfile.DISK for Table:revokedCerts
2019-10-14 19:59:54,885 [main] INFO  db.DBStoreBuilder (DBStoreBuilder.java:addTable(117)) - using custom profile for table: default
2019-10-14 19:59:54,885 [main] INFO  db.DBStoreBuilder (DBStoreBuilder.java:processTables(174)) - Using default column profile:DBProfile.DISK for Table:default
2019-10-14 19:59:54,886 [main] INFO  db.DBStoreBuilder (DBStoreBuilder.java:getDbProfile(205)) - Using default options. DBProfile.DISK
2019-10-14 19:59:55,248 [main] INFO  net.NodeSchemaLoader (NodeSchemaLoader.java:loadSchemaFromFile(125)) - Loading file from sun.misc.CompoundEnumeration@74235045
2019-10-14 19:59:55,252 [main] INFO  net.NodeSchemaLoader (NodeSchemaLoader.java:loadSchema(171)) - Loading network topology layer schema file
2019-10-14 19:59:55,344 [main] WARN  server.ServerUtils (ServerUtils.java:sanitizeUserArgs(70)) - ozone.scm.stale.node.interval value = 300000 is larger than max = 100000 based on the key value of ozone.scm.heartbeat.thread.interval, reset to the max value 100000.
2019-10-14 19:59:55,346 [main] WARN  server.ServerUtils (ServerUtils.java:sanitizeUserArgs(70)) - ozone.scm.stale.node.interval value = 300000 is larger than max = 100000 based on the key value of ozone.scm.heartbeat.thread.interval, reset to the max value 100000.
2019-10-14 19:59:55,349 [main] INFO  node.SCMNodeManager (SCMNodeManager.java:<init>(116)) - Entering startup safe mode.
2019-10-14 19:59:55,434 [main] INFO  algorithms.ContainerPlacementPolicyFactory (ContainerPlacementPolicyFactory.java:getPolicy(57)) - Create container placement policy of type org.apache.hadoop.hdds.scm.container.placement.algorithms.SCMContainerPlacementRandom
2019-10-14 19:59:55,448 [main] WARN  server.ServerUtils (ServerUtils.java:getScmDbDir(145)) - ozone.scm.db.dirs is not configured. We recommend adding this setting. Falling back to ozone.metadata.dirs instead.
2019-10-14 19:59:55,615 [main] INFO  pipeline.SCMPipelineManager (SCMPipelineManager.java:initializePipelineState(132)) - No pipeline exists in current db
2019-10-14 19:59:55,620 [main] WARN  server.ServerUtils (ServerUtils.java:getScmDbDir(145)) - ozone.scm.db.dirs is not configured. We recommend adding this setting. Falling back to ozone.metadata.dirs instead.
2019-10-14 19:59:55,788 [main] WARN  events.EventQueue (EventQueue.java:fireEvent(183)) - No event handler registered for event TypedEvent{payloadType=SafeModeStatus, name='SafeModeStatus'}
2019-10-14 19:59:56,154 [main] INFO  ipc.CallQueueManager (CallQueueManager.java:<init>(84)) - Using callQueue: class java.util.concurrent.LinkedBlockingQueue, queueCapacity: 2000, scheduler: class org.apache.hadoop.ipc.DefaultRpcScheduler, ipcBackoff: false.
2019-10-14 19:59:56,183 [Socket Reader #1 for port 46382] INFO  ipc.Server (Server.java:run(1074)) - Starting Socket Reader #1 for port 46382
2019-10-14 19:59:56,327 [main] INFO  ipc.CallQueueManager (CallQueueManager.java:<init>(84)) - Using callQueue: class java.util.concurrent.LinkedBlockingQueue, queueCapacity: 2000, scheduler: class org.apache.hadoop.ipc.DefaultRpcScheduler, ipcBackoff: false.
2019-10-14 19:59:56,328 [Socket Reader #1 for port 46092] INFO  ipc.Server (Server.java:run(1074)) - Starting Socket Reader #1 for port 46092
2019-10-14 19:59:56,337 [main] INFO  ipc.CallQueueManager (CallQueueManager.java:<init>(84)) - Using callQueue: class java.util.concurrent.LinkedBlockingQueue, queueCapacity: 2000, scheduler: class org.apache.hadoop.ipc.DefaultRpcScheduler, ipcBackoff: false.
2019-10-14 19:59:56,337 [Socket Reader #1 for port 44273] INFO  ipc.Server (Server.java:run(1074)) - Starting Socket Reader #1 for port 44273
2019-10-14 19:59:56,358 [main] INFO  hdfs.DFSUtil (DFSUtil.java:httpServerTemplateForNNAndJN(1641)) - Starting Web-server for scm at: http://0.0.0.0:0
2019-10-14 19:59:56,534 [main] INFO  server.AuthenticationFilter (AuthenticationFilter.java:constructSecretProvider(240)) - Unable to initialize FileSignerSecretProvider, falling back to use random secrets.
2019-10-14 19:59:56,545 [main] WARN  http.HttpRequestLog (HttpRequestLog.java:getRequestLog(97)) - Jetty request log can only be enabled using Log4j
2019-10-14 19:59:56,554 [main] INFO  http.HttpServer2 (HttpServer2.java:addGlobalFilter(975)) - Added global filter 'safety' (class=org.apache.hadoop.http.HttpServer2$QuotingInputFilter)
2019-10-14 19:59:56,558 [main] INFO  http.HttpServer2 (HttpServer2.java:addFilter(948)) - Added filter static_user_filter (class=org.apache.hadoop.http.lib.StaticUserWebFilter$StaticUserFilter) to context scm
2019-10-14 19:59:56,558 [main] INFO  http.HttpServer2 (HttpServer2.java:addFilter(958)) - Added filter static_user_filter (class=org.apache.hadoop.http.lib.StaticUserWebFilter$StaticUserFilter) to context static
2019-10-14 19:59:56,559 [main] INFO  http.HttpServer2 (HttpServer2.java:addFilter(958)) - Added filter static_user_filter (class=org.apache.hadoop.http.lib.StaticUserWebFilter$StaticUserFilter) to context logs
2019-10-14 19:59:56,602 [main] INFO  server.StorageContainerManager (StorageContainerManager.java:start(772)) - StorageContainerLocationProtocol RPC server is listening at /0.0.0.0:44273
2019-10-14 19:59:56,662 [main] WARN  impl.MetricsConfig (MetricsConfig.java:loadFirst(134)) - Cannot locate configuration: tried hadoop-metrics2-storagecontainermanager.properties,hadoop-metrics2.properties
2019-10-14 19:59:56,674 [main] INFO  impl.MetricsSystemImpl (MetricsSystemImpl.java:startTimer(374)) - Scheduled Metric snapshot period at 10 second(s).
2019-10-14 19:59:56,674 [main] INFO  impl.MetricsSystemImpl (MetricsSystemImpl.java:start(191)) - StorageContainerManager metrics system started
2019-10-14 19:59:56,909 [main] INFO  server.SCMClientProtocolServer (SCMClientProtocolServer.java:start(159)) - RPC server for Client  is listening at /0.0.0.0:44273
2019-10-14 19:59:56,910 [IPC Server Responder] INFO  ipc.Server (Server.java:run(1314)) - IPC Server Responder: starting
2019-10-14 19:59:56,910 [IPC Server listener on 44273] INFO  ipc.Server (Server.java:run(1153)) - IPC Server listener on 44273: starting
2019-10-14 19:59:56,913 [main] INFO  server.StorageContainerManager (StorageContainerManager.java:start(782)) - ScmBlockLocationProtocol RPC server is listening at /0.0.0.0:46092
2019-10-14 19:59:56,913 [main] INFO  server.SCMBlockProtocolServer (SCMBlockProtocolServer.java:start(146)) - RPC server for Block Protocol is listening at /0.0.0.0:46092
2019-10-14 19:59:56,914 [IPC Server Responder] INFO  ipc.Server (Server.java:run(1314)) - IPC Server Responder: starting
2019-10-14 19:59:56,914 [IPC Server listener on 46092] INFO  ipc.Server (Server.java:run(1153)) - IPC Server listener on 46092: starting
2019-10-14 19:59:56,916 [main] INFO  server.StorageContainerManager (StorageContainerManager.java:start(786)) - ScmDatanodeProtocl RPC server is listening at /0.0.0.0:46382
2019-10-14 19:59:56,916 [main] INFO  server.SCMDatanodeProtocolServer (SCMDatanodeProtocolServer.java:start(169)) - RPC server for DataNodes is listening at /0.0.0.0:46382
2019-10-14 19:59:56,917 [IPC Server Responder] INFO  ipc.Server (Server.java:run(1314)) - IPC Server Responder: starting
2019-10-14 19:59:56,917 [IPC Server listener on 46382] INFO  ipc.Server (Server.java:run(1153)) - IPC Server listener on 46382: starting
2019-10-14 19:59:56,921 [main] INFO  http.HttpServer2 (HttpServer2.java:bindListener(1191)) - Jetty bound to port 40145
2019-10-14 19:59:56,922 [main] INFO  server.Server (Server.java:doStart(351)) - jetty-9.3.25.v20180904, build timestamp: 2018-09-04T21:11:46Z, git hash: 3ce520221d0240229c862b122d2b06c12a625732
2019-10-14 19:59:56,960 [main] INFO  handler.ContextHandler (ContextHandler.java:doStart(781)) - Started o.e.j.s.ServletContextHandler@65fe9e33{/logs,file:///workdir/hadoop-ozone/integration-test/target/log,AVAILABLE}
2019-10-14 19:59:56,961 [main] INFO  handler.ContextHandler (ContextHandler.java:doStart(781)) - Started o.e.j.s.ServletContextHandler@42f8285e{/static,file:///workdir/hadoop-ozone/integration-test/target/test-classes/webapps/static,AVAILABLE}
2019-10-14 19:59:56,995 [main] INFO  handler.ContextHandler (ContextHandler.java:doStart(781)) - Started o.e.j.w.WebAppContext@3d6300e8{/,file:///workdir/hadoop-ozone/integration-test/target/test-classes/webapps/scm/,AVAILABLE}{/scm}
2019-10-14 19:59:57,001 [main] INFO  server.AbstractConnector (AbstractConnector.java:doStart(278)) - Started ServerConnector@3af4e0bf{HTTP/1.1,[http/1.1]}{0.0.0.0:40145}
2019-10-14 19:59:57,001 [main] INFO  server.Server (Server.java:doStart(419)) - Started @3143ms
2019-10-14 19:59:57,003 [main] INFO  impl.MetricsSinkAdapter (MetricsSinkAdapter.java:start(204)) - Sink prometheus started
2019-10-14 19:59:57,004 [main] INFO  impl.MetricsSystemImpl (MetricsSystemImpl.java:registerSink(301)) - Registered sink prometheus
2019-10-14 19:59:57,005 [main] INFO  server.BaseHttpServer (BaseHttpServer.java:updateConnectorAddress(215)) - HTTP server of SCM is listening at http://0.0.0.0:40145
2019-10-14 19:59:57,013 [org.apache.hadoop.util.JvmPauseMonitor$Monitor@1a2e2935] INFO  util.JvmPauseMonitor (JvmPauseMonitor.java:run(188)) - Starting JVM pause monitor
2019-10-14 19:59:57,019 [main] WARN  server.ServerUtils (ServerUtils.java:getDBPath(222)) - ozone.om.db.dirs is not configured. We recommend adding this setting. Falling back to ozone.metadata.dirs instead.
2019-10-14 19:59:57,156 [main] INFO  ha.OMHANodeDetails (OMHANodeDetails.java:loadOMHAConfig(190)) - Configuration either no ozone.om.address set. Falling back to the default OM address /127.0.0.1:0
2019-10-14 19:59:57,157 [main] INFO  ha.OMHANodeDetails (OMHANodeDetails.java:getOMNodeDetails(220)) - OM Service ID is not set. Setting it to the default ID: omServiceIdDefault
2019-10-14 19:59:57,158 [main] WARN  server.ServerUtils (ServerUtils.java:getDBPath(222)) - ozone.om.db.dirs is not configured. We recommend adding this setting. Falling back to ozone.metadata.dirs instead.
2019-10-14 19:59:57,159 [main] WARN  server.ServerUtils (ServerUtils.java:getDBPath(222)) - ozone.om.db.dirs is not configured. We recommend adding this setting. Falling back to ozone.metadata.dirs instead.
2019-10-14 19:59:57,891 [main] WARN  server.ServerUtils (ServerUtils.java:getDBPath(222)) - ozone.om.db.dirs is not configured. We recommend adding this setting. Falling back to ozone.metadata.dirs instead.
2019-10-14 19:59:57,899 [main] INFO  db.DBStoreBuilder (DBStoreBuilder.java:addTable(117)) - using custom profile for table: userTable
2019-10-14 19:59:57,899 [main] INFO  db.DBStoreBuilder (DBStoreBuilder.java:processTables(168)) - Using default column profile:DBProfile.DISK for Table:userTable
2019-10-14 19:59:57,899 [main] INFO  db.DBStoreBuilder (DBStoreBuilder.java:addTable(117)) - using custom profile for table: volumeTable
2019-10-14 19:59:57,900 [main] INFO  db.DBStoreBuilder (DBStoreBuilder.java:processTables(168)) - Using default column profile:DBProfile.DISK for Table:volumeTable
2019-10-14 19:59:57,900 [main] INFO  db.DBStoreBuilder (DBStoreBuilder.java:addTable(117)) - using custom profile for table: bucketTable
2019-10-14 19:59:57,900 [main] INFO  db.DBStoreBuilder (DBStoreBuilder.java:processTables(168)) - Using default column profile:DBProfile.DISK for Table:bucketTable
2019-10-14 19:59:57,900 [main] INFO  db.DBStoreBuilder (DBStoreBuilder.java:addTable(117)) - using custom profile for table: keyTable
2019-10-14 19:59:57,901 [main] INFO  db.DBStoreBuilder (DBStoreBuilder.java:processTables(168)) - Using default column profile:DBProfile.DISK for Table:keyTable
2019-10-14 19:59:57,901 [main] INFO  db.DBStoreBuilder (DBStoreBuilder.java:addTable(117)) - using custom profile for table: deletedTable
2019-10-14 19:59:57,901 [main] INFO  db.DBStoreBuilder (DBStoreBuilder.java:processTables(168)) - Using default column profile:DBProfile.DISK for Table:deletedTable
2019-10-14 19:59:57,901 [main] INFO  db.DBStoreBuilder (DBStoreBuilder.java:addTable(117)) - using custom profile for table: openKeyTable
2019-10-14 19:59:57,901 [main] INFO  db.DBStoreBuilder (DBStoreBuilder.java:processTables(168)) - Using default column profile:DBProfile.DISK for Table:openKeyTable
2019-10-14 19:59:57,902 [main] INFO  db.DBStoreBuilder (DBStoreBuilder.java:addTable(117)) - using custom profile for table: s3Table
2019-10-14 19:59:57,902 [main] INFO  db.DBStoreBuilder (DBStoreBuilder.java:processTables(168)) - Using default column profile:DBProfile.DISK for Table:s3Table
2019-10-14 19:59:57,902 [main] INFO  db.DBStoreBuilder (DBStoreBuilder.java:addTable(117)) - using custom profile for table: multipartInfoTable
2019-10-14 19:59:57,902 [main] INFO  db.DBStoreBuilder (DBStoreBuilder.java:processTables(168)) - Using default column profile:DBProfile.DISK for Table:multipartInfoTable
2019-10-14 19:59:57,903 [main] INFO  db.DBStoreBuilder (DBStoreBuilder.java:addTable(117)) - using custom profile for table: dTokenTable
2019-10-14 19:59:57,903 [main] INFO  db.DBStoreBuilder (DBStoreBuilder.java:processTables(168)) - Using default column profile:DBProfile.DISK for Table:dTokenTable
2019-10-14 19:59:57,903 [main] INFO  db.DBStoreBuilder (DBStoreBuilder.java:addTable(117)) - using custom profile for table: s3SecretTable
2019-10-14 19:59:57,903 [main] INFO  db.DBStoreBuilder (DBStoreBuilder.java:processTables(168)) - Using default column profile:DBProfile.DISK for Table:s3SecretTable
2019-10-14 19:59:57,904 [main] INFO  db.DBStoreBuilder (DBStoreBuilder.java:addTable(117)) - using custom profile for table: prefixTable
2019-10-14 19:59:57,904 [main] INFO  db.DBStoreBuilder (DBStoreBuilder.java:processTables(168)) - Using default column profile:DBProfile.DISK for Table:prefixTable
2019-10-14 19:59:57,904 [main] INFO  db.DBStoreBuilder (DBStoreBuilder.java:addTable(117)) - using custom profile for table: default
2019-10-14 19:59:57,905 [main] INFO  db.DBStoreBuilder (DBStoreBuilder.java:processTables(174)) - Using default column profile:DBProfile.DISK for Table:default
2019-10-14 19:59:57,905 [main] INFO  db.DBStoreBuilder (DBStoreBuilder.java:getDbProfile(205)) - Using default options. DBProfile.DISK
2019-10-14 19:59:58,622 [main] INFO  ipc.CallQueueManager (CallQueueManager.java:<init>(84)) - Using callQueue: class java.util.concurrent.LinkedBlockingQueue, queueCapacity: 2000, scheduler: class org.apache.hadoop.ipc.DefaultRpcScheduler, ipcBackoff: false.
2019-10-14 19:59:58,624 [Socket Reader #1 for port 37403] INFO  ipc.Server (Server.java:run(1074)) - Starting Socket Reader #1 for port 37403
2019-10-14 19:59:58,644 [main] INFO  om.OzoneManager (OzoneManager.java:start(1071)) - OzoneManager RPC server is listening at localhost/127.0.0.1:37403
2019-10-14 19:59:58,644 [main] INFO  impl.MetricsSystemImpl (MetricsSystemImpl.java:init(158)) - OzoneManager metrics system started (again)
2019-10-14 19:59:58,652 [IPC Server Responder] INFO  ipc.Server (Server.java:run(1314)) - IPC Server Responder: starting
2019-10-14 19:59:58,653 [IPC Server listener on 37403] INFO  ipc.Server (Server.java:run(1153)) - IPC Server listener on 37403: starting
2019-10-14 19:59:58,662 [main] INFO  hdfs.DFSUtil (DFSUtil.java:httpServerTemplateForNNAndJN(1641)) - Starting Web-server for ozoneManager at: http://0.0.0.0:0
2019-10-14 19:59:58,665 [main] INFO  server.AuthenticationFilter (AuthenticationFilter.java:constructSecretProvider(240)) - Unable to initialize FileSignerSecretProvider, falling back to use random secrets.
2019-10-14 19:59:58,666 [main] WARN  http.HttpRequestLog (HttpRequestLog.java:getRequestLog(97)) - Jetty request log can only be enabled using Log4j
2019-10-14 19:59:58,670 [main] INFO  http.HttpServer2 (HttpServer2.java:addGlobalFilter(975)) - Added global filter 'safety' (class=org.apache.hadoop.http.HttpServer2$QuotingInputFilter)
2019-10-14 19:59:58,671 [main] INFO  http.HttpServer2 (HttpServer2.java:addFilter(948)) - Added filter static_user_filter (class=org.apache.hadoop.http.lib.StaticUserWebFilter$StaticUserFilter) to context ozoneManager
2019-10-14 19:59:58,672 [main] INFO  http.HttpServer2 (HttpServer2.java:addFilter(958)) - Added filter static_user_filter (class=org.apache.hadoop.http.lib.StaticUserWebFilter$StaticUserFilter) to context logs
2019-10-14 19:59:58,672 [main] INFO  http.HttpServer2 (HttpServer2.java:addFilter(958)) - Added filter static_user_filter (class=org.apache.hadoop.http.lib.StaticUserWebFilter$StaticUserFilter) to context static
2019-10-14 19:59:58,675 [main] INFO  http.HttpServer2 (HttpServer2.java:bindListener(1191)) - Jetty bound to port 43134
2019-10-14 19:59:58,676 [main] INFO  server.Server (Server.java:doStart(351)) - jetty-9.3.25.v20180904, build timestamp: 2018-09-04T21:11:46Z, git hash: 3ce520221d0240229c862b122d2b06c12a625732
2019-10-14 19:59:58,678 [main] INFO  handler.ContextHandler (ContextHandler.java:doStart(781)) - Started o.e.j.s.ServletContextHandler@1542af63{/logs,file:///workdir/hadoop-ozone/integration-test/target/log,AVAILABLE}
2019-10-14 19:59:58,679 [main] INFO  handler.ContextHandler (ContextHandler.java:doStart(781)) - Started o.e.j.s.ServletContextHandler@20ed3303{/static,file:///workdir/hadoop-ozone/integration-test/target/test-classes/webapps/static,AVAILABLE}
2019-10-14 19:59:58,687 [main] INFO  handler.ContextHandler (ContextHandler.java:doStart(781)) - Started o.e.j.w.WebAppContext@319854f0{/,file:///workdir/hadoop-ozone/integration-test/target/test-classes/webapps/ozoneManager/,AVAILABLE}{/ozoneManager}
2019-10-14 19:59:58,688 [main] INFO  server.AbstractConnector (AbstractConnector.java:doStart(278)) - Started ServerConnector@748fe51d{HTTP/1.1,[http/1.1]}{0.0.0.0:43134}
2019-10-14 19:59:58,689 [main] INFO  server.Server (Server.java:doStart(419)) - Started @4832ms
2019-10-14 19:59:58,690 [main] WARN  impl.MetricsSystemImpl (MetricsSystemImpl.java:register(276)) - Sink prometheus already exists!
2019-10-14 19:59:58,691 [main] INFO  server.BaseHttpServer (BaseHttpServer.java:updateConnectorAddress(215)) - HTTP server of OZONEMANAGER is listening at http://0.0.0.0:43134
2019-10-14 19:59:59,085 [main] INFO  impl.MetricsSystemImpl (MetricsSystemImpl.java:init(158)) - HddsDatanode metrics system started (again)
2019-10-14 19:59:59,152 [main] INFO  ozone.HddsDatanodeService (HddsDatanodeService.java:start(184)) - HddsDatanodeService host:pr-hdds-1868-cfdmt-251076870 ip:192.168.164.219
2019-10-14 19:59:59,187 [main] INFO  volume.HddsVolume (HddsVolume.java:<init>(176)) - Creating Volume: /workdir/hadoop-ozone/integration-test/target/test-dir/MiniOzoneClusterImpl-9b283add-5e2c-4af5-9c33-44c9e4cdfd58/datanode-0/data/containers/hdds of  storage type : DISK and capacity : 1482555576320
2019-10-14 19:59:59,189 [main] INFO  volume.VolumeSet (VolumeSet.java:initializeVolumeSet(170)) - Added Volume : /workdir/hadoop-ozone/integration-test/target/test-dir/MiniOzoneClusterImpl-9b283add-5e2c-4af5-9c33-44c9e4cdfd58/datanode-0/data/containers/hdds to VolumeSet
2019-10-14 19:59:59,192 [main] INFO  volume.ThrottledAsyncChecker (ThrottledAsyncChecker.java:schedule(141)) - Scheduling a check for org.apache.hadoop.ozone.container.common.volume.HddsVolume@50194e8d
2019-10-14 19:59:59,218 [main] INFO  volume.HddsVolumeChecker (HddsVolumeChecker.java:checkAllVolumes(204)) - Scheduled health check for volume org.apache.hadoop.ozone.container.common.volume.HddsVolume@50194e8d
2019-10-14 19:59:59,353 [main] INFO  impl.RaftServerProxy (ConfUtils.java:logGet(43)) - raft.rpc.type = GRPC (default)
2019-10-14 19:59:59,414 [main] INFO  grpc.GrpcFactory (GrpcFactory.java:checkPooledByteBufAllocatorUseCacheForAllThreads(45)) - PERFORMANCE WARNING: useCacheForAllThreads is true that may cause Netty to create a lot garbage objects and, as a result, trigger GC.
	It is recommended to disable useCacheForAllThreads by setting -Dorg.apache.ratis.thirdparty.io.netty.allocator.useCacheForAllThreads=false in command line.
2019-10-14 19:59:59,418 [main] INFO  grpc.GrpcConfigKeys$Server (ConfUtils.java:logGet(43)) - raft.grpc.server.port = 0 (default)
2019-10-14 19:59:59,419 [main] INFO  server.GrpcService (ConfUtils.java:logGet(43)) - raft.grpc.message.size.max = 33570816 (custom)
2019-10-14 19:59:59,421 [main] INFO  server.RaftServerConfigKeys (ConfUtils.java:logGet(43)) - raft.server.log.appender.buffer.byte-limit = 33554432 (custom)
2019-10-14 19:59:59,421 [main] INFO  server.GrpcService (ConfUtils.java:logGet(43)) - raft.grpc.flow.control.window = 1MB (=1048576) (default)
2019-10-14 19:59:59,422 [main] INFO  server.RaftServerConfigKeys (ConfUtils.java:logGet(43)) - raft.server.rpc.request.timeout = 3000ms (default)
2019-10-14 19:59:59,553 [main] INFO  server.RaftServerConfigKeys (ConfUtils.java:logGet(43)) - raft.server.storage.dir = [/workdir/hadoop-ozone/integration-test/target/test-dir/MiniOzoneClusterImpl-9b283add-5e2c-4af5-9c33-44c9e4cdfd58/datanode-0/data/ratis] (custom)
2019-10-14 19:59:59,593 [main] INFO  hdfs.DFSUtil (DFSUtil.java:httpServerTemplateForNNAndJN(1641)) - Starting Web-server for hddsDatanode at: http://0.0.0.0:0
2019-10-14 19:59:59,595 [main] INFO  server.AuthenticationFilter (AuthenticationFilter.java:constructSecretProvider(240)) - Unable to initialize FileSignerSecretProvider, falling back to use random secrets.
2019-10-14 19:59:59,596 [main] WARN  http.HttpRequestLog (HttpRequestLog.java:getRequestLog(97)) - Jetty request log can only be enabled using Log4j
2019-10-14 19:59:59,598 [main] INFO  http.HttpServer2 (HttpServer2.java:addGlobalFilter(975)) - Added global filter 'safety' (class=org.apache.hadoop.http.HttpServer2$QuotingInputFilter)
2019-10-14 19:59:59,598 [main] INFO  http.HttpServer2 (HttpServer2.java:addFilter(948)) - Added filter static_user_filter (class=org.apache.hadoop.http.lib.StaticUserWebFilter$StaticUserFilter) to context hddsDatanode
2019-10-14 19:59:59,598 [main] INFO  http.HttpServer2 (HttpServer2.java:addFilter(958)) - Added filter static_user_filter (class=org.apache.hadoop.http.lib.StaticUserWebFilter$StaticUserFilter) to context static
2019-10-14 19:59:59,598 [main] INFO  http.HttpServer2 (HttpServer2.java:addFilter(958)) - Added filter static_user_filter (class=org.apache.hadoop.http.lib.StaticUserWebFilter$StaticUserFilter) to context logs
2019-10-14 19:59:59,599 [main] INFO  http.HttpServer2 (HttpServer2.java:bindListener(1191)) - Jetty bound to port 43023
2019-10-14 19:59:59,600 [main] INFO  server.Server (Server.java:doStart(351)) - jetty-9.3.25.v20180904, build timestamp: 2018-09-04T21:11:46Z, git hash: 3ce520221d0240229c862b122d2b06c12a625732
2019-10-14 19:59:59,602 [main] INFO  handler.ContextHandler (ContextHandler.java:doStart(781)) - Started o.e.j.s.ServletContextHandler@d109c4f{/logs,file:///workdir/hadoop-ozone/integration-test/target/log,AVAILABLE}
2019-10-14 19:59:59,603 [main] INFO  handler.ContextHandler (ContextHandler.java:doStart(781)) - Started o.e.j.s.ServletContextHandler@26f46fa6{/static,jar:file:/home/user/.m2/repository/org/apache/hadoop/hadoop-hdds-container-service/0.5.0-SNAPSHOT/hadoop-hdds-container-service-0.5.0-SNAPSHOT.jar!/webapps/static,AVAILABLE}
2019-10-14 19:59:59,634 [main] INFO  handler.ContextHandler (ContextHandler.java:doStart(781)) - Started o.e.j.w.WebAppContext@6981f8f3{/,file:///tmp/jetty-0.0.0.0-43023-hddsDatanode-_-any-8844947299076622532.dir/webapp/,AVAILABLE}{/hddsDatanode}
2019-10-14 19:59:59,635 [main] INFO  server.AbstractConnector (AbstractConnector.java:doStart(278)) - Started ServerConnector@623dcf2a{HTTP/1.1,[http/1.1]}{0.0.0.0:43023}
2019-10-14 19:59:59,636 [main] INFO  server.Server (Server.java:doStart(419)) - Started @5778ms
2019-10-14 19:59:59,636 [main] WARN  impl.MetricsSystemImpl (MetricsSystemImpl.java:register(276)) - Sink prometheus already exists!
2019-10-14 19:59:59,637 [main] INFO  server.BaseHttpServer (BaseHttpServer.java:updateConnectorAddress(215)) - HTTP server of HDDSDATANODE is listening at http://0.0.0.0:43023
2019-10-14 19:59:59,638 [main] INFO  impl.MetricsSystemImpl (MetricsSystemImpl.java:init(158)) - HddsDatanode metrics system started (again)
2019-10-14 19:59:59,642 [main] INFO  ozone.HddsDatanodeService (HddsDatanodeService.java:start(184)) - HddsDatanodeService host:pr-hdds-1868-cfdmt-251076870 ip:192.168.164.219
2019-10-14 19:59:59,645 [org.apache.hadoop.util.JvmPauseMonitor$Monitor@5aeff20a] INFO  util.JvmPauseMonitor (JvmPauseMonitor.java:run(188)) - Starting JVM pause monitor
2019-10-14 19:59:59,651 [main] INFO  volume.HddsVolume (HddsVolume.java:<init>(176)) - Creating Volume: /workdir/hadoop-ozone/integration-test/target/test-dir/MiniOzoneClusterImpl-9b283add-5e2c-4af5-9c33-44c9e4cdfd58/datanode-1/data/containers/hdds of  storage type : DISK and capacity : 1482555576320
2019-10-14 19:59:59,652 [main] INFO  volume.VolumeSet (VolumeSet.java:initializeVolumeSet(170)) - Added Volume : /workdir/hadoop-ozone/integration-test/target/test-dir/MiniOzoneClusterImpl-9b283add-5e2c-4af5-9c33-44c9e4cdfd58/datanode-1/data/containers/hdds to VolumeSet
2019-10-14 19:59:59,652 [main] INFO  volume.ThrottledAsyncChecker (ThrottledAsyncChecker.java:schedule(141)) - Scheduling a check for org.apache.hadoop.ozone.container.common.volume.HddsVolume@4b6e1c0
2019-10-14 19:59:59,654 [main] INFO  volume.HddsVolumeChecker (HddsVolumeChecker.java:checkAllVolumes(204)) - Scheduled health check for volume org.apache.hadoop.ozone.container.common.volume.HddsVolume@4b6e1c0
2019-10-14 19:59:59,674 [main] INFO  impl.RaftServerProxy (ConfUtils.java:logGet(43)) - raft.rpc.type = GRPC (default)
2019-10-14 19:59:59,675 [main] INFO  grpc.GrpcFactory (GrpcFactory.java:checkPooledByteBufAllocatorUseCacheForAllThreads(45)) - PERFORMANCE WARNING: useCacheForAllThreads is true that may cause Netty to create a lot garbage objects and, as a result, trigger GC.
	It is recommended to disable useCacheForAllThreads by setting -Dorg.apache.ratis.thirdparty.io.netty.allocator.useCacheForAllThreads=false in command line.
2019-10-14 19:59:59,675 [main] INFO  grpc.GrpcConfigKeys$Server (ConfUtils.java:logGet(43)) - raft.grpc.server.port = 0 (default)
2019-10-14 19:59:59,676 [main] INFO  server.GrpcService (ConfUtils.java:logGet(43)) - raft.grpc.message.size.max = 33570816 (custom)
2019-10-14 19:59:59,676 [main] INFO  server.RaftServerConfigKeys (ConfUtils.java:logGet(43)) - raft.server.log.appender.buffer.byte-limit = 33554432 (custom)
2019-10-14 19:59:59,676 [main] INFO  server.GrpcService (ConfUtils.java:logGet(43)) - raft.grpc.flow.control.window = 1MB (=1048576) (default)
2019-10-14 19:59:59,677 [main] INFO  server.RaftServerConfigKeys (ConfUtils.java:logGet(43)) - raft.server.rpc.request.timeout = 3000ms (default)
2019-10-14 19:59:59,678 [main] INFO  server.RaftServerConfigKeys (ConfUtils.java:logGet(43)) - raft.server.storage.dir = [/workdir/hadoop-ozone/integration-test/target/test-dir/MiniOzoneClusterImpl-9b283add-5e2c-4af5-9c33-44c9e4cdfd58/datanode-1/data/ratis] (custom)
2019-10-14 19:59:59,680 [main] INFO  hdfs.DFSUtil (DFSUtil.java:httpServerTemplateForNNAndJN(1641)) - Starting Web-server for hddsDatanode at: http://0.0.0.0:0
2019-10-14 19:59:59,682 [main] INFO  server.AuthenticationFilter (AuthenticationFilter.java:constructSecretProvider(240)) - Unable to initialize FileSignerSecretProvider, falling back to use random secrets.
2019-10-14 19:59:59,683 [main] WARN  http.HttpRequestLog (HttpRequestLog.java:getRequestLog(97)) - Jetty request log can only be enabled using Log4j
2019-10-14 19:59:59,685 [main] INFO  http.HttpServer2 (HttpServer2.java:addGlobalFilter(975)) - Added global filter 'safety' (class=org.apache.hadoop.http.HttpServer2$QuotingInputFilter)
2019-10-14 19:59:59,686 [main] INFO  http.HttpServer2 (HttpServer2.java:addFilter(948)) - Added filter static_user_filter (class=org.apache.hadoop.http.lib.StaticUserWebFilter$StaticUserFilter) to context hddsDatanode
2019-10-14 19:59:59,687 [main] INFO  http.HttpServer2 (HttpServer2.java:addFilter(958)) - Added filter static_user_filter (class=org.apache.hadoop.http.lib.StaticUserWebFilter$StaticUserFilter) to context logs
2019-10-14 19:59:59,687 [main] INFO  http.HttpServer2 (HttpServer2.java:addFilter(958)) - Added filter static_user_filter (class=org.apache.hadoop.http.lib.StaticUserWebFilter$StaticUserFilter) to context static
2019-10-14 19:59:59,688 [main] INFO  http.HttpServer2 (HttpServer2.java:bindListener(1191)) - Jetty bound to port 41876
2019-10-14 19:59:59,689 [main] INFO  server.Server (Server.java:doStart(351)) - jetty-9.3.25.v20180904, build timestamp: 2018-09-04T21:11:46Z, git hash: 3ce520221d0240229c862b122d2b06c12a625732
2019-10-14 19:59:59,699 [main] INFO  handler.ContextHandler (ContextHandler.java:doStart(781)) - Started o.e.j.s.ServletContextHandler@12fcc71f{/logs,file:///workdir/hadoop-ozone/integration-test/target/log,AVAILABLE}
2019-10-14 19:59:59,700 [main] INFO  handler.ContextHandler (ContextHandler.java:doStart(781)) - Started o.e.j.s.ServletContextHandler@3ed7821{/static,jar:file:/home/user/.m2/repository/org/apache/hadoop/hadoop-hdds-container-service/0.5.0-SNAPSHOT/hadoop-hdds-container-service-0.5.0-SNAPSHOT.jar!/webapps/static,AVAILABLE}
2019-10-14 19:59:59,741 [main] INFO  handler.ContextHandler (ContextHandler.java:doStart(781)) - Started o.e.j.w.WebAppContext@524a076e{/,file:///tmp/jetty-0.0.0.0-41876-hddsDatanode-_-any-2502653619691163711.dir/webapp/,AVAILABLE}{/hddsDatanode}
2019-10-14 19:59:59,744 [main] INFO  server.AbstractConnector (AbstractConnector.java:doStart(278)) - Started ServerConnector@5b5e7036{HTTP/1.1,[http/1.1]}{0.0.0.0:41876}
2019-10-14 19:59:59,745 [main] INFO  server.Server (Server.java:doStart(419)) - Started @5887ms
2019-10-14 19:59:59,746 [main] WARN  impl.MetricsSystemImpl (MetricsSystemImpl.java:register(276)) - Sink prometheus already exists!
2019-10-14 19:59:59,747 [main] INFO  server.BaseHttpServer (BaseHttpServer.java:updateConnectorAddress(215)) - HTTP server of HDDSDATANODE is listening at http://0.0.0.0:41876
2019-10-14 19:59:59,748 [main] INFO  impl.MetricsSystemImpl (MetricsSystemImpl.java:init(158)) - HddsDatanode metrics system started (again)
2019-10-14 19:59:59,751 [org.apache.hadoop.util.JvmPauseMonitor$Monitor@14563a59] INFO  util.JvmPauseMonitor (JvmPauseMonitor.java:run(188)) - Starting JVM pause monitor
2019-10-14 19:59:59,754 [main] INFO  ozone.HddsDatanodeService (HddsDatanodeService.java:start(184)) - HddsDatanodeService host:pr-hdds-1868-cfdmt-251076870 ip:192.168.164.219
2019-10-14 19:59:59,764 [main] INFO  volume.HddsVolume (HddsVolume.java:<init>(176)) - Creating Volume: /workdir/hadoop-ozone/integration-test/target/test-dir/MiniOzoneClusterImpl-9b283add-5e2c-4af5-9c33-44c9e4cdfd58/datanode-2/data/containers/hdds of  storage type : DISK and capacity : 1482555576320
2019-10-14 19:59:59,765 [main] INFO  volume.VolumeSet (VolumeSet.java:initializeVolumeSet(170)) - Added Volume : /workdir/hadoop-ozone/integration-test/target/test-dir/MiniOzoneClusterImpl-9b283add-5e2c-4af5-9c33-44c9e4cdfd58/datanode-2/data/containers/hdds to VolumeSet
2019-10-14 19:59:59,765 [main] INFO  volume.ThrottledAsyncChecker (ThrottledAsyncChecker.java:schedule(141)) - Scheduling a check for org.apache.hadoop.ozone.container.common.volume.HddsVolume@c3edf4c
2019-10-14 19:59:59,766 [main] INFO  volume.HddsVolumeChecker (HddsVolumeChecker.java:checkAllVolumes(204)) - Scheduled health check for volume org.apache.hadoop.ozone.container.common.volume.HddsVolume@c3edf4c
2019-10-14 19:59:59,779 [Datanode State Machine Thread - 0] INFO  datanode.InitDatanodeState (InitDatanodeState.java:persistContainerDatanodeDetails(140)) - DatanodeDetails is persisted to /workdir/hadoop-ozone/integration-test/target/test-dir/MiniOzoneClusterImpl-9b283add-5e2c-4af5-9c33-44c9e4cdfd58/datanode-0/meta/datanode.id
2019-10-14 19:59:59,784 [Datanode State Machine Thread - 0] INFO  datanode.InitDatanodeState (InitDatanodeState.java:persistContainerDatanodeDetails(140)) - DatanodeDetails is persisted to /workdir/hadoop-ozone/integration-test/target/test-dir/MiniOzoneClusterImpl-9b283add-5e2c-4af5-9c33-44c9e4cdfd58/datanode-1/meta/datanode.id
2019-10-14 19:59:59,785 [main] INFO  impl.RaftServerProxy (ConfUtils.java:logGet(43)) - raft.rpc.type = GRPC (default)
2019-10-14 19:59:59,785 [main] INFO  grpc.GrpcFactory (GrpcFactory.java:checkPooledByteBufAllocatorUseCacheForAllThreads(45)) - PERFORMANCE WARNING: useCacheForAllThreads is true that may cause Netty to create a lot garbage objects and, as a result, trigger GC.
	It is recommended to disable useCacheForAllThreads by setting -Dorg.apache.ratis.thirdparty.io.netty.allocator.useCacheForAllThreads=false in command line.
2019-10-14 19:59:59,786 [main] INFO  grpc.GrpcConfigKeys$Server (ConfUtils.java:logGet(43)) - raft.grpc.server.port = 0 (default)
2019-10-14 19:59:59,786 [main] INFO  server.GrpcService (ConfUtils.java:logGet(43)) - raft.grpc.message.size.max = 33570816 (custom)
2019-10-14 19:59:59,786 [main] INFO  server.RaftServerConfigKeys (ConfUtils.java:logGet(43)) - raft.server.log.appender.buffer.byte-limit = 33554432 (custom)
2019-10-14 19:59:59,786 [main] INFO  server.GrpcService (ConfUtils.java:logGet(43)) - raft.grpc.flow.control.window = 1MB (=1048576) (default)
2019-10-14 19:59:59,787 [main] INFO  server.RaftServerConfigKeys (ConfUtils.java:logGet(43)) - raft.server.rpc.request.timeout = 3000ms (default)
2019-10-14 19:59:59,787 [main] INFO  server.RaftServerConfigKeys (ConfUtils.java:logGet(43)) - raft.server.storage.dir = [/workdir/hadoop-ozone/integration-test/target/test-dir/MiniOzoneClusterImpl-9b283add-5e2c-4af5-9c33-44c9e4cdfd58/datanode-2/data/ratis] (custom)
2019-10-14 19:59:59,789 [main] INFO  hdfs.DFSUtil (DFSUtil.java:httpServerTemplateForNNAndJN(1641)) - Starting Web-server for hddsDatanode at: http://0.0.0.0:0
2019-10-14 19:59:59,791 [main] INFO  server.AuthenticationFilter (AuthenticationFilter.java:constructSecretProvider(240)) - Unable to initialize FileSignerSecretProvider, falling back to use random secrets.
2019-10-14 19:59:59,791 [main] WARN  http.HttpRequestLog (HttpRequestLog.java:getRequestLog(97)) - Jetty request log can only be enabled using Log4j
2019-10-14 19:59:59,793 [main] INFO  http.HttpServer2 (HttpServer2.java:addGlobalFilter(975)) - Added global filter 'safety' (class=org.apache.hadoop.http.HttpServer2$QuotingInputFilter)
2019-10-14 19:59:59,793 [main] INFO  http.HttpServer2 (HttpServer2.java:addFilter(948)) - Added filter static_user_filter (class=org.apache.hadoop.http.lib.StaticUserWebFilter$StaticUserFilter) to context hddsDatanode
2019-10-14 19:59:59,794 [main] INFO  http.HttpServer2 (HttpServer2.java:addFilter(958)) - Added filter static_user_filter (class=org.apache.hadoop.http.lib.StaticUserWebFilter$StaticUserFilter) to context logs
2019-10-14 19:59:59,794 [main] INFO  http.HttpServer2 (HttpServer2.java:addFilter(958)) - Added filter static_user_filter (class=org.apache.hadoop.http.lib.StaticUserWebFilter$StaticUserFilter) to context static
2019-10-14 19:59:59,795 [main] INFO  http.HttpServer2 (HttpServer2.java:bindListener(1191)) - Jetty bound to port 44642
2019-10-14 19:59:59,795 [main] INFO  server.Server (Server.java:doStart(351)) - jetty-9.3.25.v20180904, build timestamp: 2018-09-04T21:11:46Z, git hash: 3ce520221d0240229c862b122d2b06c12a625732
2019-10-14 19:59:59,797 [main] INFO  handler.ContextHandler (ContextHandler.java:doStart(781)) - Started o.e.j.s.ServletContextHandler@1cd3b138{/logs,file:///workdir/hadoop-ozone/integration-test/target/log,AVAILABLE}
2019-10-14 19:59:59,797 [main] INFO  handler.ContextHandler (ContextHandler.java:doStart(781)) - Started o.e.j.s.ServletContextHandler@5a6d30e2{/static,jar:file:/home/user/.m2/repository/org/apache/hadoop/hadoop-hdds-container-service/0.5.0-SNAPSHOT/hadoop-hdds-container-service-0.5.0-SNAPSHOT.jar!/webapps/static,AVAILABLE}
2019-10-14 19:59:59,828 [main] INFO  handler.ContextHandler (ContextHandler.java:doStart(781)) - Started o.e.j.w.WebAppContext@6342d610{/,file:///tmp/jetty-0.0.0.0-44642-hddsDatanode-_-any-739982976577785567.dir/webapp/,AVAILABLE}{/hddsDatanode}
2019-10-14 19:59:59,828 [main] INFO  server.AbstractConnector (AbstractConnector.java:doStart(278)) - Started ServerConnector@dc4a691{HTTP/1.1,[http/1.1]}{0.0.0.0:44642}
2019-10-14 19:59:59,829 [main] INFO  server.Server (Server.java:doStart(419)) - Started @5971ms
2019-10-14 19:59:59,829 [main] WARN  impl.MetricsSystemImpl (MetricsSystemImpl.java:register(276)) - Sink prometheus already exists!
2019-10-14 19:59:59,831 [main] INFO  server.BaseHttpServer (BaseHttpServer.java:updateConnectorAddress(215)) - HTTP server of HDDSDATANODE is listening at http://0.0.0.0:44642
2019-10-14 19:59:59,834 [main] INFO  ozone.MiniOzoneClusterImpl (MiniOzoneClusterImpl.java:lambda$waitForClusterToBeReady$2(172)) - Waiting for cluster to be ready. Got 0 of 3 DN Heartbeats.
2019-10-14 19:59:59,834 [org.apache.hadoop.util.JvmPauseMonitor$Monitor@6001a449] INFO  util.JvmPauseMonitor (JvmPauseMonitor.java:run(188)) - Starting JVM pause monitor
2019-10-14 19:59:59,837 [Datanode State Machine Thread - 0] INFO  datanode.InitDatanodeState (InitDatanodeState.java:persistContainerDatanodeDetails(140)) - DatanodeDetails is persisted to /workdir/hadoop-ozone/integration-test/target/test-dir/MiniOzoneClusterImpl-9b283add-5e2c-4af5-9c33-44c9e4cdfd58/datanode-2/meta/datanode.id
2019-10-14 20:00:00,834 [main] INFO  ozone.MiniOzoneClusterImpl (MiniOzoneClusterImpl.java:lambda$waitForClusterToBeReady$2(172)) - Waiting for cluster to be ready. Got 0 of 3 DN Heartbeats.
2019-10-14 20:00:01,746 [Datanode State Machine Thread - 0] INFO  ozoneimpl.OzoneContainer (OzoneContainer.java:start(213)) - Attempting to start container services.
2019-10-14 20:00:01,749 [Datanode State Machine Thread - 0] INFO  ozoneimpl.OzoneContainer (OzoneContainer.java:startContainerScrub(177)) - Background container scanner has been disabled.
2019-10-14 20:00:01,749 [Datanode State Machine Thread - 0] INFO  ratis.XceiverServerRatis (XceiverServerRatis.java:start(425)) - Starting XceiverServerRatis d80bfd98-6c63-4bee-825c-92724affc291 at port 0
2019-10-14 20:00:01,776 [Datanode State Machine Thread - 0] INFO  impl.RaftServerProxy (RaftServerProxy.java:lambda$start$3(299)) - d80bfd98-6c63-4bee-825c-92724affc291: start RPC server
2019-10-14 20:00:01,781 [Datanode State Machine Thread - 0] INFO  ozoneimpl.OzoneContainer (OzoneContainer.java:start(213)) - Attempting to start container services.
2019-10-14 20:00:01,788 [Datanode State Machine Thread - 0] INFO  ozoneimpl.OzoneContainer (OzoneContainer.java:startContainerScrub(177)) - Background container scanner has been disabled.
2019-10-14 20:00:01,788 [Datanode State Machine Thread - 0] INFO  ratis.XceiverServerRatis (XceiverServerRatis.java:start(425)) - Starting XceiverServerRatis 342a9cc5-324a-404b-a75b-7a8f961d8cef at port 0
2019-10-14 20:00:01,797 [Datanode State Machine Thread - 0] INFO  impl.RaftServerProxy (RaftServerProxy.java:lambda$start$3(299)) - 342a9cc5-324a-404b-a75b-7a8f961d8cef: start RPC server
2019-10-14 20:00:01,835 [main] INFO  ozone.MiniOzoneClusterImpl (MiniOzoneClusterImpl.java:lambda$waitForClusterToBeReady$2(172)) - Waiting for cluster to be ready. Got 0 of 3 DN Heartbeats.
2019-10-14 20:00:01,862 [Datanode State Machine Thread - 0] INFO  ozoneimpl.OzoneContainer (OzoneContainer.java:start(213)) - Attempting to start container services.
2019-10-14 20:00:01,865 [Datanode State Machine Thread - 0] INFO  ozoneimpl.OzoneContainer (OzoneContainer.java:startContainerScrub(177)) - Background container scanner has been disabled.
2019-10-14 20:00:01,865 [Datanode State Machine Thread - 0] INFO  ratis.XceiverServerRatis (XceiverServerRatis.java:start(425)) - Starting XceiverServerRatis 727e5d48-33ba-4107-8edb-ec10cfcd14a6 at port 0
2019-10-14 20:00:01,874 [Datanode State Machine Thread - 0] INFO  impl.RaftServerProxy (RaftServerProxy.java:lambda$start$3(299)) - 727e5d48-33ba-4107-8edb-ec10cfcd14a6: start RPC server
2019-10-14 20:00:01,956 [Datanode State Machine Thread - 0] INFO  server.GrpcService (GrpcService.java:startImpl(158)) - d80bfd98-6c63-4bee-825c-92724affc291: GrpcService started, listening on 0.0.0.0/0.0.0.0:45741
2019-10-14 20:00:01,957 [Datanode State Machine Thread - 0] INFO  ratis.XceiverServerRatis (XceiverServerRatis.java:start(435)) - XceiverServerRatis d80bfd98-6c63-4bee-825c-92724affc291 is started using port 45741
2019-10-14 20:00:01,955 [Datanode State Machine Thread - 0] INFO  server.GrpcService (GrpcService.java:startImpl(158)) - 342a9cc5-324a-404b-a75b-7a8f961d8cef: GrpcService started, listening on 0.0.0.0/0.0.0.0:42507
2019-10-14 20:00:01,955 [Datanode State Machine Thread - 0] INFO  server.GrpcService (GrpcService.java:startImpl(158)) - 727e5d48-33ba-4107-8edb-ec10cfcd14a6: GrpcService started, listening on 0.0.0.0/0.0.0.0:43140
2019-10-14 20:00:01,958 [Datanode State Machine Thread - 0] INFO  ratis.XceiverServerRatis (XceiverServerRatis.java:start(435)) - XceiverServerRatis 342a9cc5-324a-404b-a75b-7a8f961d8cef is started using port 42507
2019-10-14 20:00:01,958 [Datanode State Machine Thread - 0] INFO  ratis.XceiverServerRatis (XceiverServerRatis.java:start(435)) - XceiverServerRatis 727e5d48-33ba-4107-8edb-ec10cfcd14a6 is started using port 43140
2019-10-14 20:00:01,967 [Datanode State Machine Thread - 0] INFO  server.XceiverServerGrpc (XceiverServerGrpc.java:start(149)) - XceiverServerGrpc 342a9cc5-324a-404b-a75b-7a8f961d8cef is started using port 43219
2019-10-14 20:00:01,967 [Datanode State Machine Thread - 0] INFO  server.XceiverServerGrpc (XceiverServerGrpc.java:start(149)) - XceiverServerGrpc d80bfd98-6c63-4bee-825c-92724affc291 is started using port 45175
2019-10-14 20:00:01,967 [Datanode State Machine Thread - 0] INFO  server.XceiverServerGrpc (XceiverServerGrpc.java:start(149)) - XceiverServerGrpc 727e5d48-33ba-4107-8edb-ec10cfcd14a6 is started using port 36405
2019-10-14 20:00:02,835 [main] INFO  ozone.MiniOzoneClusterImpl (MiniOzoneClusterImpl.java:lambda$waitForClusterToBeReady$2(172)) - Waiting for cluster to be ready. Got 0 of 3 DN Heartbeats.
2019-10-14 20:00:03,693 [IPC Server handler 0 on 46382] INFO  net.NetworkTopology (NetworkTopologyImpl.java:add(111)) - Added a new node: /default-rack/d80bfd98-6c63-4bee-825c-92724affc291
2019-10-14 20:00:03,694 [IPC Server handler 0 on 46382] INFO  node.SCMNodeManager (SCMNodeManager.java:register(268)) - Registered Data node : d80bfd98-6c63-4bee-825c-92724affc291{ip: 192.168.164.219, host: pr-hdds-1868-cfdmt-251076870, networkLocation: /default-rack, certSerialId: null}
2019-10-14 20:00:03,698 [EventQueue-NodeRegistrationContainerReportForDataNodeSafeModeRule] INFO  safemode.SCMSafeModeManager (DataNodeSafeModeRule.java:process(71)) - SCM in safe mode. 1 DataNodes registered, 1 required.
2019-10-14 20:00:03,698 [EventQueue-NodeRegistrationContainerReportForDataNodeSafeModeRule] INFO  safemode.SCMSafeModeManager (SCMSafeModeManager.java:validateSafeModeExitRules(177)) - ScmSafeModeManager, all rules are successfully validated
2019-10-14 20:00:03,698 [EventQueue-NodeRegistrationContainerReportForDataNodeSafeModeRule] INFO  safemode.SCMSafeModeManager (SCMSafeModeManager.java:exitSafeMode(193)) - SCM exiting safe mode.
2019-10-14 20:00:03,753 [IPC Server handler 1 on 46382] INFO  net.NetworkTopology (NetworkTopologyImpl.java:add(111)) - Added a new node: /default-rack/342a9cc5-324a-404b-a75b-7a8f961d8cef
2019-10-14 20:00:03,753 [IPC Server handler 1 on 46382] INFO  node.SCMNodeManager (SCMNodeManager.java:register(268)) - Registered Data node : 342a9cc5-324a-404b-a75b-7a8f961d8cef{ip: 192.168.164.219, host: pr-hdds-1868-cfdmt-251076870, networkLocation: /default-rack, certSerialId: null}
2019-10-14 20:00:03,838 [IPC Server handler 3 on 46382] INFO  net.NetworkTopology (NetworkTopologyImpl.java:add(111)) - Added a new node: /default-rack/727e5d48-33ba-4107-8edb-ec10cfcd14a6
2019-10-14 20:00:03,839 [IPC Server handler 3 on 46382] INFO  node.SCMNodeManager (SCMNodeManager.java:register(268)) - Registered Data node : 727e5d48-33ba-4107-8edb-ec10cfcd14a6{ip: 192.168.164.219, host: pr-hdds-1868-cfdmt-251076870, networkLocation: /default-rack, certSerialId: null}
2019-10-14 20:00:04,202 [grpc-default-executor-0] INFO  impl.RaftServerProxy (RaftServerProxy.java:addNew(89)) - d80bfd98-6c63-4bee-825c-92724affc291: addNew group-E42127FCEBC7:[d80bfd98-6c63-4bee-825c-92724affc291:192.168.164.219:45741] returns group-E42127FCEBC7:java.util.concurrent.CompletableFuture@19f184ef[Not completed]
2019-10-14 20:00:04,218 [pool-27-thread-1] INFO  impl.RaftServerImpl (RaftServerImpl.java:<init>(95)) - d80bfd98-6c63-4bee-825c-92724affc291: new RaftServerImpl for group-E42127FCEBC7:[d80bfd98-6c63-4bee-825c-92724affc291:192.168.164.219:45741] with ContainerStateMachine:uninitialized
2019-10-14 20:00:04,221 [pool-27-thread-1] INFO  server.RaftServerConfigKeys (ConfUtils.java:logGet(43)) - raft.server.rpc.timeout.min = 5s (custom)
2019-10-14 20:00:04,222 [pool-27-thread-1] INFO  server.RaftServerConfigKeys (ConfUtils.java:logGet(43)) - raft.server.rpc.timeout.max = 5200ms (custom)
2019-10-14 20:00:04,223 [pool-27-thread-1] INFO  server.RaftServerConfigKeys (ConfUtils.java:logGet(43)) - raft.server.rpcslowness.timeout = 120s (custom)
2019-10-14 20:00:04,223 [pool-27-thread-1] INFO  server.RaftServerConfigKeys (ConfUtils.java:logGet(43)) - raft.server.sleep.deviation.threshold = 300 (default)
2019-10-14 20:00:04,224 [pool-27-thread-1] INFO  server.RaftServerConfigKeys (ConfUtils.java:logGet(43)) - raft.server.log.appender.install.snapshot.enabled = false (custom)
2019-10-14 20:00:04,234 [pool-27-thread-1] INFO  impl.RaftServerImpl (ServerState.java:<init>(103)) - d80bfd98-6c63-4bee-825c-92724affc291@group-E42127FCEBC7: ConfigurationManager, init=-1: [d80bfd98-6c63-4bee-825c-92724affc291:192.168.164.219:45741], old=null, confs=<EMPTY_MAP>
2019-10-14 20:00:04,235 [pool-27-thread-1] INFO  server.RaftServerConfigKeys (ConfUtils.java:logGet(43)) - raft.server.storage.dir = [/workdir/hadoop-ozone/integration-test/target/test-dir/MiniOzoneClusterImpl-9b283add-5e2c-4af5-9c33-44c9e4cdfd58/datanode-0/data/ratis] (custom)
2019-10-14 20:00:04,242 [pool-27-thread-1] INFO  server.RaftServerConfigKeys (ConfUtils.java:logGet(43)) - raft.server.log.corruption.policy = EXCEPTION (default)
2019-10-14 20:00:04,245 [pool-27-thread-1] INFO  storage.RaftStorageDirectory (RaftStorageDirectory.java:analyzeStorage(246)) - The storage directory /workdir/hadoop-ozone/integration-test/target/test-dir/MiniOzoneClusterImpl-9b283add-5e2c-4af5-9c33-44c9e4cdfd58/datanode-0/data/ratis/e954c132-7924-44ee-b373-e42127fcebc7 does not exist. Creating ...
2019-10-14 20:00:04,284 [pool-27-thread-1] INFO  storage.RaftStorageDirectory (RaftStorageDirectory.java:tryLock(328)) - Lock on /workdir/hadoop-ozone/integration-test/target/test-dir/MiniOzoneClusterImpl-9b283add-5e2c-4af5-9c33-44c9e4cdfd58/datanode-0/data/ratis/e954c132-7924-44ee-b373-e42127fcebc7/in_use.lock acquired by nodename 2508@pr-hdds-1868-cfdmt-251076870
2019-10-14 20:00:04,311 [pool-27-thread-1] INFO  storage.RaftStorage (RaftStorage.java:format(84)) - Storage directory /workdir/hadoop-ozone/integration-test/target/test-dir/MiniOzoneClusterImpl-9b283add-5e2c-4af5-9c33-44c9e4cdfd58/datanode-0/data/ratis/e954c132-7924-44ee-b373-e42127fcebc7 has been successfully formatted.
2019-10-14 20:00:04,313 [pool-27-thread-1] INFO  ratis.ContainerStateMachine (ContainerStateMachine.java:loadSnapshot(233)) - group-E42127FCEBC7: The snapshot info is null. Setting the last applied indexto:(t:0, i:~)
2019-10-14 20:00:04,313 [pool-27-thread-1] INFO  server.RaftServerConfigKeys (ConfUtils.java:logGet(43)) - raft.server.notification.no-leader.timeout = 120s (custom)
2019-10-14 20:00:04,315 [pool-27-thread-1] INFO  server.RaftServerConfigKeys (ConfUtils.java:logGet(43)) - raft.server.log.use.memory = false (default)
2019-10-14 20:00:04,321 [pool-27-thread-1] INFO  server.RaftServerConfigKeys (ConfUtils.java:logGet(43)) - raft.server.log.purge.gap = 1000000 (custom)
2019-10-14 20:00:04,321 [pool-27-thread-1] INFO  server.RaftServerConfigKeys (ConfUtils.java:logGet(43)) - raft.server.log.appender.buffer.byte-limit = 33554432 (custom)
2019-10-14 20:00:04,323 [pool-27-thread-1] INFO  server.RaftServerConfigKeys (ConfUtils.java:logGet(43)) - raft.server.log.segment.size.max = 1048576 (custom)
2019-10-14 20:00:04,324 [pool-27-thread-1] INFO  impl.MetricsSystemImpl (MetricsSystemImpl.java:init(158)) - ratis metrics system started (again)
2019-10-14 20:00:04,328 [pool-27-thread-1] INFO  metrics.MetricRegistries (MetricRegistriesLoader.java:load(64)) - Loaded MetricRegistries class org.apache.ratis.metrics.impl.MetricRegistriesImpl
2019-10-14 20:00:04,358 [pool-27-thread-1] INFO  server.RaftServerConfigKeys (ConfUtils.java:logGet(43)) - raft.server.log.segment.cache.num.max = 2 (custom)
2019-10-14 20:00:04,363 [pool-27-thread-1] INFO  segmented.SegmentedRaftLogWorker (SegmentedRaftLogWorker.java:<init>(173)) - new d80bfd98-6c63-4bee-825c-92724affc291@group-E42127FCEBC7-SegmentedRaftLogWorker for RaftStorage:Storage Directory /workdir/hadoop-ozone/integration-test/target/test-dir/MiniOzoneClusterImpl-9b283add-5e2c-4af5-9c33-44c9e4cdfd58/datanode-0/data/ratis/e954c132-7924-44ee-b373-e42127fcebc7
2019-10-14 20:00:04,364 [pool-27-thread-1] INFO  server.RaftServerConfigKeys (ConfUtils.java:logGet(43)) - raft.server.log.queue.byte-limit = 2147483647 (custom)
2019-10-14 20:00:04,364 [pool-27-thread-1] INFO  server.RaftServerConfigKeys (ConfUtils.java:logGet(43)) - raft.server.log.queue.element-limit = 1024 (custom)
2019-10-14 20:00:04,365 [pool-27-thread-1] INFO  server.RaftServerConfigKeys (ConfUtils.java:logGet(43)) - raft.server.log.segment.size.max = 1048576 (custom)
2019-10-14 20:00:04,366 [pool-27-thread-1] INFO  server.RaftServerConfigKeys (ConfUtils.java:logGet(43)) - raft.server.log.preallocated.size = 16384 (custom)
2019-10-14 20:00:04,366 [pool-27-thread-1] INFO  server.RaftServerConfigKeys (ConfUtils.java:logGet(43)) - raft.server.log.write.buffer.size = 33554432 (custom)
2019-10-14 20:00:04,367 [pool-27-thread-1] INFO  server.RaftServerConfigKeys (ConfUtils.java:logGet(43)) - raft.server.log.force.sync.num = 128 (default)
2019-10-14 20:00:04,367 [pool-27-thread-1] INFO  server.RaftServerConfigKeys (ConfUtils.java:logGet(43)) - raft.server.log.statemachine.data.sync = true (default)
2019-10-14 20:00:04,368 [pool-27-thread-1] INFO  server.RaftServerConfigKeys (ConfUtils.java:logGet(43)) - raft.server.log.statemachine.data.sync.timeout = 10s (default)
2019-10-14 20:00:04,368 [pool-27-thread-1] INFO  server.RaftServerConfigKeys (ConfUtils.java:logGet(43)) - raft.server.log.statemachine.data.sync.timeout.retry = -1 (default)
2019-10-14 20:00:04,382 [pool-27-thread-1] INFO  server.RaftServerConfigKeys (ConfUtils.java:logGet(43)) - raft.server.log.statemachine.data.caching.enabled = true (custom)
2019-10-14 20:00:04,387 [pool-27-thread-1] INFO  segmented.SegmentedRaftLogWorker (SegmentedRaftLogWorker.java:lambda$new$0(128)) - d80bfd98-6c63-4bee-825c-92724affc291@group-E42127FCEBC7-SegmentedRaftLogWorker: flushIndex: setUnconditionally 0 -> -1
2019-10-14 20:00:04,391 [pool-27-thread-1] INFO  server.RaftServerConfigKeys (ConfUtils.java:logGet(43)) - raft.server.snapshot.auto.trigger.enabled = true (custom)
2019-10-14 20:00:04,391 [pool-27-thread-1] INFO  server.RaftServerConfigKeys (ConfUtils.java:logGet(43)) - raft.server.snapshot.auto.trigger.threshold = 10000 (custom)
2019-10-14 20:00:04,392 [pool-27-thread-1] INFO  server.RaftServerConfigKeys (ConfUtils.java:logGet(43)) - raft.server.snapshot.retention.file.num = 5 (custom)
2019-10-14 20:00:04,392 [pool-27-thread-1] INFO  server.RaftServerConfigKeys (ConfUtils.java:logGet(43)) - raft.server.retrycache.expirytime = 600000ms (custom)
2019-10-14 20:00:04,419 [pool-27-thread-1] INFO  impl.RaftServerImpl (RaftServerImpl.java:start(181)) - d80bfd98-6c63-4bee-825c-92724affc291@group-E42127FCEBC7: start as a follower, conf=-1: [d80bfd98-6c63-4bee-825c-92724affc291:192.168.164.219:45741], old=null
2019-10-14 20:00:04,420 [pool-27-thread-1] INFO  impl.RaftServerImpl (RaftServerImpl.java:setRole(170)) - d80bfd98-6c63-4bee-825c-92724affc291@group-E42127FCEBC7: changes role from      null to FOLLOWER at term 0 for startAsFollower
2019-10-14 20:00:04,421 [pool-27-thread-1] INFO  impl.RoleInfo (RoleInfo.java:updateAndGet(143)) - d80bfd98-6c63-4bee-825c-92724affc291: start FollowerState
2019-10-14 20:00:04,423 [pool-27-thread-1] INFO  util.JmxRegister (JmxRegister.java:tryRegister(44)) - Successfully registered JMX Bean with object name Ratis:service=RaftServer,group=group-E42127FCEBC7,id=d80bfd98-6c63-4bee-825c-92724affc291
2019-10-14 20:00:04,475 [RatisPipelineUtilsThread] INFO  pipeline.PipelineStateManager (PipelineStateManager.java:addPipeline(57)) - Created pipeline Pipeline[ Id: e954c132-7924-44ee-b373-e42127fcebc7, Nodes: d80bfd98-6c63-4bee-825c-92724affc291{ip: 192.168.164.219, host: pr-hdds-1868-cfdmt-251076870, networkLocation: /default-rack, certSerialId: null}, Type:RATIS, Factor:ONE, State:ALLOCATED]
2019-10-14 20:00:04,477 [main] INFO  ozone.MiniOzoneClusterImpl (MiniOzoneClusterImpl.java:lambda$waitForClusterToBeReady$2(164)) - Waiting for 1 number of pipelines out of 1, to report a leader.
2019-10-14 20:00:04,492 [grpc-default-executor-0] INFO  impl.RaftServerProxy (RaftServerProxy.java:addNew(89)) - 342a9cc5-324a-404b-a75b-7a8f961d8cef: addNew group-C9B99B8F24B4:[342a9cc5-324a-404b-a75b-7a8f961d8cef:192.168.164.219:42507] returns group-C9B99B8F24B4:java.util.concurrent.CompletableFuture@3492b05f[Not completed]
2019-10-14 20:00:04,520 [pool-37-thread-1] INFO  impl.RaftServerImpl (RaftServerImpl.java:<init>(95)) - 342a9cc5-324a-404b-a75b-7a8f961d8cef: new RaftServerImpl for group-C9B99B8F24B4:[342a9cc5-324a-404b-a75b-7a8f961d8cef:192.168.164.219:42507] with ContainerStateMachine:uninitialized
2019-10-14 20:00:04,522 [pool-37-thread-1] INFO  server.RaftServerConfigKeys (ConfUtils.java:logGet(43)) - raft.server.rpc.timeout.min = 5s (custom)
2019-10-14 20:00:04,522 [pool-37-thread-1] INFO  server.RaftServerConfigKeys (ConfUtils.java:logGet(43)) - raft.server.rpc.timeout.max = 5200ms (custom)
2019-10-14 20:00:04,522 [pool-37-thread-1] INFO  server.RaftServerConfigKeys (ConfUtils.java:logGet(43)) - raft.server.rpcslowness.timeout = 120s (custom)
2019-10-14 20:00:04,522 [pool-37-thread-1] INFO  server.RaftServerConfigKeys (ConfUtils.java:logGet(43)) - raft.server.sleep.deviation.threshold = 300 (default)
2019-10-14 20:00:04,523 [pool-37-thread-1] INFO  server.RaftServerConfigKeys (ConfUtils.java:logGet(43)) - raft.server.log.appender.install.snapshot.enabled = false (custom)
2019-10-14 20:00:04,523 [pool-37-thread-1] INFO  impl.RaftServerImpl (ServerState.java:<init>(103)) - 342a9cc5-324a-404b-a75b-7a8f961d8cef@group-C9B99B8F24B4: ConfigurationManager, init=-1: [342a9cc5-324a-404b-a75b-7a8f961d8cef:192.168.164.219:42507], old=null, confs=<EMPTY_MAP>
2019-10-14 20:00:04,523 [pool-37-thread-1] INFO  server.RaftServerConfigKeys (ConfUtils.java:logGet(43)) - raft.server.storage.dir = [/workdir/hadoop-ozone/integration-test/target/test-dir/MiniOzoneClusterImpl-9b283add-5e2c-4af5-9c33-44c9e4cdfd58/datanode-1/data/ratis] (custom)
2019-10-14 20:00:04,523 [pool-37-thread-1] INFO  server.RaftServerConfigKeys (ConfUtils.java:logGet(43)) - raft.server.log.corruption.policy = EXCEPTION (default)
2019-10-14 20:00:04,524 [pool-37-thread-1] INFO  storage.RaftStorageDirectory (RaftStorageDirectory.java:analyzeStorage(246)) - The storage directory /workdir/hadoop-ozone/integration-test/target/test-dir/MiniOzoneClusterImpl-9b283add-5e2c-4af5-9c33-44c9e4cdfd58/datanode-1/data/ratis/b02aab29-0bde-4555-9523-c9b99b8f24b4 does not exist. Creating ...
2019-10-14 20:00:04,548 [pool-37-thread-1] INFO  storage.RaftStorageDirectory (RaftStorageDirectory.java:tryLock(328)) - Lock on /workdir/hadoop-ozone/integration-test/target/test-dir/MiniOzoneClusterImpl-9b283add-5e2c-4af5-9c33-44c9e4cdfd58/datanode-1/data/ratis/b02aab29-0bde-4555-9523-c9b99b8f24b4/in_use.lock acquired by nodename 2508@pr-hdds-1868-cfdmt-251076870
2019-10-14 20:00:04,573 [pool-37-thread-1] INFO  storage.RaftStorage (RaftStorage.java:format(84)) - Storage directory /workdir/hadoop-ozone/integration-test/target/test-dir/MiniOzoneClusterImpl-9b283add-5e2c-4af5-9c33-44c9e4cdfd58/datanode-1/data/ratis/b02aab29-0bde-4555-9523-c9b99b8f24b4 has been successfully formatted.
2019-10-14 20:00:04,574 [pool-37-thread-1] INFO  ratis.ContainerStateMachine (ContainerStateMachine.java:loadSnapshot(233)) - group-C9B99B8F24B4: The snapshot info is null. Setting the last applied indexto:(t:0, i:~)
2019-10-14 20:00:04,576 [pool-37-thread-1] INFO  server.RaftServerConfigKeys (ConfUtils.java:logGet(43)) - raft.server.notification.no-leader.timeout = 120s (custom)
2019-10-14 20:00:04,576 [pool-37-thread-1] INFO  server.RaftServerConfigKeys (ConfUtils.java:logGet(43)) - raft.server.log.use.memory = false (default)
2019-10-14 20:00:04,576 [pool-37-thread-1] INFO  server.RaftServerConfigKeys (ConfUtils.java:logGet(43)) - raft.server.log.purge.gap = 1000000 (custom)
2019-10-14 20:00:04,576 [pool-37-thread-1] INFO  server.RaftServerConfigKeys (ConfUtils.java:logGet(43)) - raft.server.log.appender.buffer.byte-limit = 33554432 (custom)
2019-10-14 20:00:04,576 [pool-37-thread-1] INFO  server.RaftServerConfigKeys (ConfUtils.java:logGet(43)) - raft.server.log.segment.size.max = 1048576 (custom)
2019-10-14 20:00:04,582 [pool-37-thread-1] INFO  server.RaftServerConfigKeys (ConfUtils.java:logGet(43)) - raft.server.log.segment.cache.num.max = 2 (custom)
2019-10-14 20:00:04,582 [pool-37-thread-1] INFO  segmented.SegmentedRaftLogWorker (SegmentedRaftLogWorker.java:<init>(173)) - new 342a9cc5-324a-404b-a75b-7a8f961d8cef@group-C9B99B8F24B4-SegmentedRaftLogWorker for RaftStorage:Storage Directory /workdir/hadoop-ozone/integration-test/target/test-dir/MiniOzoneClusterImpl-9b283add-5e2c-4af5-9c33-44c9e4cdfd58/datanode-1/data/ratis/b02aab29-0bde-4555-9523-c9b99b8f24b4
2019-10-14 20:00:04,583 [pool-37-thread-1] INFO  server.RaftServerConfigKeys (ConfUtils.java:logGet(43)) - raft.server.log.queue.byte-limit = 2147483647 (custom)
2019-10-14 20:00:04,583 [pool-37-thread-1] INFO  server.RaftServerConfigKeys (ConfUtils.java:logGet(43)) - raft.server.log.queue.element-limit = 1024 (custom)
2019-10-14 20:00:04,584 [pool-37-thread-1] INFO  server.RaftServerConfigKeys (ConfUtils.java:logGet(43)) - raft.server.log.segment.size.max = 1048576 (custom)
2019-10-14 20:00:04,584 [pool-37-thread-1] INFO  server.RaftServerConfigKeys (ConfUtils.java:logGet(43)) - raft.server.log.preallocated.size = 16384 (custom)
2019-10-14 20:00:04,584 [pool-37-thread-1] INFO  server.RaftServerConfigKeys (ConfUtils.java:logGet(43)) - raft.server.log.write.buffer.size = 33554432 (custom)
2019-10-14 20:00:04,584 [pool-37-thread-1] INFO  server.RaftServerConfigKeys (ConfUtils.java:logGet(43)) - raft.server.log.force.sync.num = 128 (default)
2019-10-14 20:00:04,584 [pool-37-thread-1] INFO  server.RaftServerConfigKeys (ConfUtils.java:logGet(43)) - raft.server.log.statemachine.data.sync = true (default)
2019-10-14 20:00:04,585 [pool-37-thread-1] INFO  server.RaftServerConfigKeys (ConfUtils.java:logGet(43)) - raft.server.log.statemachine.data.sync.timeout = 10s (default)
2019-10-14 20:00:04,585 [pool-37-thread-1] INFO  server.RaftServerConfigKeys (ConfUtils.java:logGet(43)) - raft.server.log.statemachine.data.sync.timeout.retry = -1 (default)
2019-10-14 20:00:04,586 [pool-37-thread-1] INFO  server.RaftServerConfigKeys (ConfUtils.java:logGet(43)) - raft.server.log.statemachine.data.caching.enabled = true (custom)
2019-10-14 20:00:04,586 [pool-37-thread-1] INFO  segmented.SegmentedRaftLogWorker (SegmentedRaftLogWorker.java:lambda$new$0(128)) - 342a9cc5-324a-404b-a75b-7a8f961d8cef@group-C9B99B8F24B4-SegmentedRaftLogWorker: flushIndex: setUnconditionally 0 -> -1
2019-10-14 20:00:04,586 [pool-37-thread-1] INFO  server.RaftServerConfigKeys (ConfUtils.java:logGet(43)) - raft.server.snapshot.auto.trigger.enabled = true (custom)
2019-10-14 20:00:04,587 [pool-37-thread-1] INFO  server.RaftServerConfigKeys (ConfUtils.java:logGet(43)) - raft.server.snapshot.auto.trigger.threshold = 10000 (custom)
2019-10-14 20:00:04,587 [pool-37-thread-1] INFO  server.RaftServerConfigKeys (ConfUtils.java:logGet(43)) - raft.server.snapshot.retention.file.num = 5 (custom)
2019-10-14 20:00:04,587 [pool-37-thread-1] INFO  server.RaftServerConfigKeys (ConfUtils.java:logGet(43)) - raft.server.retrycache.expirytime = 600000ms (custom)
2019-10-14 20:00:04,592 [pool-37-thread-1] INFO  impl.RaftServerImpl (RaftServerImpl.java:start(181)) - 342a9cc5-324a-404b-a75b-7a8f961d8cef@group-C9B99B8F24B4: start as a follower, conf=-1: [342a9cc5-324a-404b-a75b-7a8f961d8cef:192.168.164.219:42507], old=null
2019-10-14 20:00:04,592 [pool-37-thread-1] INFO  impl.RaftServerImpl (RaftServerImpl.java:setRole(170)) - 342a9cc5-324a-404b-a75b-7a8f961d8cef@group-C9B99B8F24B4: changes role from      null to FOLLOWER at term 0 for startAsFollower
2019-10-14 20:00:04,592 [pool-37-thread-1] INFO  impl.RoleInfo (RoleInfo.java:updateAndGet(143)) - 342a9cc5-324a-404b-a75b-7a8f961d8cef: start FollowerState
2019-10-14 20:00:04,594 [pool-37-thread-1] INFO  util.JmxRegister (JmxRegister.java:tryRegister(44)) - Successfully registered JMX Bean with object name Ratis:service=RaftServer,group=group-C9B99B8F24B4,id=342a9cc5-324a-404b-a75b-7a8f961d8cef
2019-10-14 20:00:04,614 [RatisPipelineUtilsThread] INFO  pipeline.PipelineStateManager (PipelineStateManager.java:addPipeline(57)) - Created pipeline Pipeline[ Id: b02aab29-0bde-4555-9523-c9b99b8f24b4, Nodes: 342a9cc5-324a-404b-a75b-7a8f961d8cef{ip: 192.168.164.219, host: pr-hdds-1868-cfdmt-251076870, networkLocation: /default-rack, certSerialId: null}, Type:RATIS, Factor:ONE, State:ALLOCATED]
2019-10-14 20:00:04,634 [grpc-default-executor-0] INFO  impl.RaftServerProxy (RaftServerProxy.java:addNew(89)) - 727e5d48-33ba-4107-8edb-ec10cfcd14a6: addNew group-29F10BA3242E:[727e5d48-33ba-4107-8edb-ec10cfcd14a6:192.168.164.219:43140] returns group-29F10BA3242E:java.util.concurrent.CompletableFuture@47d68f86[Not completed]
2019-10-14 20:00:04,654 [pool-47-thread-1] INFO  impl.RaftServerImpl (RaftServerImpl.java:<init>(95)) - 727e5d48-33ba-4107-8edb-ec10cfcd14a6: new RaftServerImpl for group-29F10BA3242E:[727e5d48-33ba-4107-8edb-ec10cfcd14a6:192.168.164.219:43140] with ContainerStateMachine:uninitialized
2019-10-14 20:00:04,655 [pool-47-thread-1] INFO  server.RaftServerConfigKeys (ConfUtils.java:logGet(43)) - raft.server.rpc.timeout.min = 5s (custom)
2019-10-14 20:00:04,655 [pool-47-thread-1] INFO  server.RaftServerConfigKeys (ConfUtils.java:logGet(43)) - raft.server.rpc.timeout.max = 5200ms (custom)
2019-10-14 20:00:04,655 [pool-47-thread-1] INFO  server.RaftServerConfigKeys (ConfUtils.java:logGet(43)) - raft.server.rpcslowness.timeout = 120s (custom)
2019-10-14 20:00:04,655 [pool-47-thread-1] INFO  server.RaftServerConfigKeys (ConfUtils.java:logGet(43)) - raft.server.sleep.deviation.threshold = 300 (default)
2019-10-14 20:00:04,655 [pool-47-thread-1] INFO  server.RaftServerConfigKeys (ConfUtils.java:logGet(43)) - raft.server.log.appender.install.snapshot.enabled = false (custom)
2019-10-14 20:00:04,656 [pool-47-thread-1] INFO  impl.RaftServerImpl (ServerState.java:<init>(103)) - 727e5d48-33ba-4107-8edb-ec10cfcd14a6@group-29F10BA3242E: ConfigurationManager, init=-1: [727e5d48-33ba-4107-8edb-ec10cfcd14a6:192.168.164.219:43140], old=null, confs=<EMPTY_MAP>
2019-10-14 20:00:04,656 [pool-47-thread-1] INFO  server.RaftServerConfigKeys (ConfUtils.java:logGet(43)) - raft.server.storage.dir = [/workdir/hadoop-ozone/integration-test/target/test-dir/MiniOzoneClusterImpl-9b283add-5e2c-4af5-9c33-44c9e4cdfd58/datanode-2/data/ratis] (custom)
2019-10-14 20:00:04,656 [pool-47-thread-1] INFO  server.RaftServerConfigKeys (ConfUtils.java:logGet(43)) - raft.server.log.corruption.policy = EXCEPTION (default)
2019-10-14 20:00:04,657 [pool-47-thread-1] INFO  storage.RaftStorageDirectory (RaftStorageDirectory.java:analyzeStorage(246)) - The storage directory /workdir/hadoop-ozone/integration-test/target/test-dir/MiniOzoneClusterImpl-9b283add-5e2c-4af5-9c33-44c9e4cdfd58/datanode-2/data/ratis/592b9c3e-b519-4112-a16d-29f10ba3242e does not exist. Creating ...
2019-10-14 20:00:04,696 [pool-47-thread-1] INFO  storage.RaftStorageDirectory (RaftStorageDirectory.java:tryLock(328)) - Lock on /workdir/hadoop-ozone/integration-test/target/test-dir/MiniOzoneClusterImpl-9b283add-5e2c-4af5-9c33-44c9e4cdfd58/datanode-2/data/ratis/592b9c3e-b519-4112-a16d-29f10ba3242e/in_use.lock acquired by nodename 2508@pr-hdds-1868-cfdmt-251076870
2019-10-14 20:00:04,721 [pool-47-thread-1] INFO  storage.RaftStorage (RaftStorage.java:format(84)) - Storage directory /workdir/hadoop-ozone/integration-test/target/test-dir/MiniOzoneClusterImpl-9b283add-5e2c-4af5-9c33-44c9e4cdfd58/datanode-2/data/ratis/592b9c3e-b519-4112-a16d-29f10ba3242e has been successfully formatted.
2019-10-14 20:00:04,722 [pool-47-thread-1] INFO  ratis.ContainerStateMachine (ContainerStateMachine.java:loadSnapshot(233)) - group-29F10BA3242E: The snapshot info is null. Setting the last applied indexto:(t:0, i:~)
2019-10-14 20:00:04,722 [pool-47-thread-1] INFO  server.RaftServerConfigKeys (ConfUtils.java:logGet(43)) - raft.server.notification.no-leader.timeout = 120s (custom)
2019-10-14 20:00:04,722 [pool-47-thread-1] INFO  server.RaftServerConfigKeys (ConfUtils.java:logGet(43)) - raft.server.log.use.memory = false (default)
2019-10-14 20:00:04,723 [pool-47-thread-1] INFO  server.RaftServerConfigKeys (ConfUtils.java:logGet(43)) - raft.server.log.purge.gap = 1000000 (custom)
2019-10-14 20:00:04,723 [pool-47-thread-1] INFO  server.RaftServerConfigKeys (ConfUtils.java:logGet(43)) - raft.server.log.appender.buffer.byte-limit = 33554432 (custom)
2019-10-14 20:00:04,723 [pool-47-thread-1] INFO  server.RaftServerConfigKeys (ConfUtils.java:logGet(43)) - raft.server.log.segment.size.max = 1048576 (custom)
2019-10-14 20:00:04,743 [pool-47-thread-1] INFO  server.RaftServerConfigKeys (ConfUtils.java:logGet(43)) - raft.server.log.segment.cache.num.max = 2 (custom)
2019-10-14 20:00:04,743 [pool-47-thread-1] INFO  segmented.SegmentedRaftLogWorker (SegmentedRaftLogWorker.java:<init>(173)) - new 727e5d48-33ba-4107-8edb-ec10cfcd14a6@group-29F10BA3242E-SegmentedRaftLogWorker for RaftStorage:Storage Directory /workdir/hadoop-ozone/integration-test/target/test-dir/MiniOzoneClusterImpl-9b283add-5e2c-4af5-9c33-44c9e4cdfd58/datanode-2/data/ratis/592b9c3e-b519-4112-a16d-29f10ba3242e
2019-10-14 20:00:04,743 [pool-47-thread-1] INFO  server.RaftServerConfigKeys (ConfUtils.java:logGet(43)) - raft.server.log.queue.byte-limit = 2147483647 (custom)
2019-10-14 20:00:04,743 [pool-47-thread-1] INFO  server.RaftServerConfigKeys (ConfUtils.java:logGet(43)) - raft.server.log.queue.element-limit = 1024 (custom)
2019-10-14 20:00:04,743 [pool-47-thread-1] INFO  server.RaftServerConfigKeys (ConfUtils.java:logGet(43)) - raft.server.log.segment.size.max = 1048576 (custom)
2019-10-14 20:00:04,744 [pool-47-thread-1] INFO  server.RaftServerConfigKeys (ConfUtils.java:logGet(43)) - raft.server.log.preallocated.size = 16384 (custom)
2019-10-14 20:00:04,744 [pool-47-thread-1] INFO  server.RaftServerConfigKeys (ConfUtils.java:logGet(43)) - raft.server.log.write.buffer.size = 33554432 (custom)
2019-10-14 20:00:04,744 [pool-47-thread-1] INFO  server.RaftServerConfigKeys (ConfUtils.java:logGet(43)) - raft.server.log.force.sync.num = 128 (default)
2019-10-14 20:00:04,744 [pool-47-thread-1] INFO  server.RaftServerConfigKeys (ConfUtils.java:logGet(43)) - raft.server.log.statemachine.data.sync = true (default)
2019-10-14 20:00:04,744 [pool-47-thread-1] INFO  server.RaftServerConfigKeys (ConfUtils.java:logGet(43)) - raft.server.log.statemachine.data.sync.timeout = 10s (default)
2019-10-14 20:00:04,745 [pool-47-thread-1] INFO  server.RaftServerConfigKeys (ConfUtils.java:logGet(43)) - raft.server.log.statemachine.data.sync.timeout.retry = -1 (default)
2019-10-14 20:00:04,746 [pool-47-thread-1] INFO  server.RaftServerConfigKeys (ConfUtils.java:logGet(43)) - raft.server.log.statemachine.data.caching.enabled = true (custom)
2019-10-14 20:00:04,746 [pool-47-thread-1] INFO  segmented.SegmentedRaftLogWorker (SegmentedRaftLogWorker.java:lambda$new$0(128)) - 727e5d48-33ba-4107-8edb-ec10cfcd14a6@group-29F10BA3242E-SegmentedRaftLogWorker: flushIndex: setUnconditionally 0 -> -1
2019-10-14 20:00:04,746 [pool-47-thread-1] INFO  server.RaftServerConfigKeys (ConfUtils.java:logGet(43)) - raft.server.snapshot.auto.trigger.enabled = true (custom)
2019-10-14 20:00:04,747 [pool-47-thread-1] INFO  server.RaftServerConfigKeys (ConfUtils.java:logGet(43)) - raft.server.snapshot.auto.trigger.threshold = 10000 (custom)
2019-10-14 20:00:04,747 [pool-47-thread-1] INFO  server.RaftServerConfigKeys (ConfUtils.java:logGet(43)) - raft.server.snapshot.retention.file.num = 5 (custom)
2019-10-14 20:00:04,747 [pool-47-thread-1] INFO  server.RaftServerConfigKeys (ConfUtils.java:logGet(43)) - raft.server.retrycache.expirytime = 600000ms (custom)
2019-10-14 20:00:04,752 [pool-47-thread-1] INFO  impl.RaftServerImpl (RaftServerImpl.java:start(181)) - 727e5d48-33ba-4107-8edb-ec10cfcd14a6@group-29F10BA3242E: start as a follower, conf=-1: [727e5d48-33ba-4107-8edb-ec10cfcd14a6:192.168.164.219:43140], old=null
2019-10-14 20:00:04,752 [pool-47-thread-1] INFO  impl.RaftServerImpl (RaftServerImpl.java:setRole(170)) - 727e5d48-33ba-4107-8edb-ec10cfcd14a6@group-29F10BA3242E: changes role from      null to FOLLOWER at term 0 for startAsFollower
2019-10-14 20:00:04,752 [pool-47-thread-1] INFO  impl.RoleInfo (RoleInfo.java:updateAndGet(143)) - 727e5d48-33ba-4107-8edb-ec10cfcd14a6: start FollowerState
2019-10-14 20:00:04,752 [pool-47-thread-1] INFO  util.JmxRegister (JmxRegister.java:tryRegister(44)) - Successfully registered JMX Bean with object name Ratis:service=RaftServer,group=group-29F10BA3242E,id=727e5d48-33ba-4107-8edb-ec10cfcd14a6
2019-10-14 20:00:04,766 [RatisPipelineUtilsThread] INFO  pipeline.PipelineStateManager (PipelineStateManager.java:addPipeline(57)) - Created pipeline Pipeline[ Id: 592b9c3e-b519-4112-a16d-29f10ba3242e, Nodes: 727e5d48-33ba-4107-8edb-ec10cfcd14a6{ip: 192.168.164.219, host: pr-hdds-1868-cfdmt-251076870, networkLocation: /default-rack, certSerialId: null}, Type:RATIS, Factor:ONE, State:ALLOCATED]
2019-10-14 20:00:04,792 [grpc-default-executor-1] INFO  impl.RaftServerProxy (RaftServerProxy.java:addNew(89)) - 342a9cc5-324a-404b-a75b-7a8f961d8cef: addNew group-C39A569C00D8:[d80bfd98-6c63-4bee-825c-92724affc291:192.168.164.219:45741, 727e5d48-33ba-4107-8edb-ec10cfcd14a6:192.168.164.219:43140, 342a9cc5-324a-404b-a75b-7a8f961d8cef:192.168.164.219:42507] returns group-C39A569C00D8:java.util.concurrent.CompletableFuture@7cd93086[Not completed]
2019-10-14 20:00:04,795 [grpc-default-executor-1] INFO  impl.RaftServerProxy (RaftServerProxy.java:addNew(89)) - d80bfd98-6c63-4bee-825c-92724affc291: addNew group-C39A569C00D8:[d80bfd98-6c63-4bee-825c-92724affc291:192.168.164.219:45741, 727e5d48-33ba-4107-8edb-ec10cfcd14a6:192.168.164.219:43140, 342a9cc5-324a-404b-a75b-7a8f961d8cef:192.168.164.219:42507] returns group-C39A569C00D8:java.util.concurrent.CompletableFuture@39dba179[Not completed]
2019-10-14 20:00:04,795 [grpc-default-executor-2] INFO  impl.RaftServerProxy (RaftServerProxy.java:addNew(89)) - 727e5d48-33ba-4107-8edb-ec10cfcd14a6: addNew group-C39A569C00D8:[d80bfd98-6c63-4bee-825c-92724affc291:192.168.164.219:45741, 727e5d48-33ba-4107-8edb-ec10cfcd14a6:192.168.164.219:43140, 342a9cc5-324a-404b-a75b-7a8f961d8cef:192.168.164.219:42507] returns group-C39A569C00D8:java.util.concurrent.CompletableFuture@34f2b02[Not completed]
2019-10-14 20:00:04,795 [pool-37-thread-1] INFO  impl.RaftServerImpl (RaftServerImpl.java:<init>(95)) - 342a9cc5-324a-404b-a75b-7a8f961d8cef: new RaftServerImpl for group-C39A569C00D8:[d80bfd98-6c63-4bee-825c-92724affc291:192.168.164.219:45741, 727e5d48-33ba-4107-8edb-ec10cfcd14a6:192.168.164.219:43140, 342a9cc5-324a-404b-a75b-7a8f961d8cef:192.168.164.219:42507] with ContainerStateMachine:uninitialized
2019-10-14 20:00:04,796 [pool-37-thread-1] INFO  server.RaftServerConfigKeys (ConfUtils.java:logGet(43)) - raft.server.rpc.timeout.min = 5s (custom)
2019-10-14 20:00:04,796 [pool-37-thread-1] INFO  server.RaftServerConfigKeys (ConfUtils.java:logGet(43)) - raft.server.rpc.timeout.max = 5200ms (custom)
2019-10-14 20:00:04,796 [pool-37-thread-1] INFO  server.RaftServerConfigKeys (ConfUtils.java:logGet(43)) - raft.server.rpcslowness.timeout = 120s (custom)
2019-10-14 20:00:04,796 [pool-37-thread-1] INFO  server.RaftServerConfigKeys (ConfUtils.java:logGet(43)) - raft.server.sleep.deviation.threshold = 300 (default)
2019-10-14 20:00:04,796 [pool-37-thread-1] INFO  server.RaftServerConfigKeys (ConfUtils.java:logGet(43)) - raft.server.log.appender.install.snapshot.enabled = false (custom)
2019-10-14 20:00:04,796 [pool-27-thread-1] INFO  impl.RaftServerImpl (RaftServerImpl.java:<init>(95)) - d80bfd98-6c63-4bee-825c-92724affc291: new RaftServerImpl for group-C39A569C00D8:[d80bfd98-6c63-4bee-825c-92724affc291:192.168.164.219:45741, 727e5d48-33ba-4107-8edb-ec10cfcd14a6:192.168.164.219:43140, 342a9cc5-324a-404b-a75b-7a8f961d8cef:192.168.164.219:42507] with ContainerStateMachine:uninitialized
2019-10-14 20:00:04,796 [pool-37-thread-1] INFO  impl.RaftServerImpl (ServerState.java:<init>(103)) - 342a9cc5-324a-404b-a75b-7a8f961d8cef@group-C39A569C00D8: ConfigurationManager, init=-1: [d80bfd98-6c63-4bee-825c-92724affc291:192.168.164.219:45741, 727e5d48-33ba-4107-8edb-ec10cfcd14a6:192.168.164.219:43140, 342a9cc5-324a-404b-a75b-7a8f961d8cef:192.168.164.219:42507], old=null, confs=<EMPTY_MAP>
2019-10-14 20:00:04,796 [pool-27-thread-1] INFO  server.RaftServerConfigKeys (ConfUtils.java:logGet(43)) - raft.server.rpc.timeout.min = 5s (custom)
2019-10-14 20:00:04,796 [pool-37-thread-1] INFO  server.RaftServerConfigKeys (ConfUtils.java:logGet(43)) - raft.server.storage.dir = [/workdir/hadoop-ozone/integration-test/target/test-dir/MiniOzoneClusterImpl-9b283add-5e2c-4af5-9c33-44c9e4cdfd58/datanode-1/data/ratis] (custom)
2019-10-14 20:00:04,796 [pool-27-thread-1] INFO  server.RaftServerConfigKeys (ConfUtils.java:logGet(43)) - raft.server.rpc.timeout.max = 5200ms (custom)
2019-10-14 20:00:04,797 [pool-27-thread-1] INFO  server.RaftServerConfigKeys (ConfUtils.java:logGet(43)) - raft.server.rpcslowness.timeout = 120s (custom)
2019-10-14 20:00:04,797 [pool-37-thread-1] INFO  server.RaftServerConfigKeys (ConfUtils.java:logGet(43)) - raft.server.log.corruption.policy = EXCEPTION (default)
2019-10-14 20:00:04,797 [pool-27-thread-1] INFO  server.RaftServerConfigKeys (ConfUtils.java:logGet(43)) - raft.server.sleep.deviation.threshold = 300 (default)
2019-10-14 20:00:04,797 [pool-37-thread-1] INFO  storage.RaftStorageDirectory (RaftStorageDirectory.java:analyzeStorage(246)) - The storage directory /workdir/hadoop-ozone/integration-test/target/test-dir/MiniOzoneClusterImpl-9b283add-5e2c-4af5-9c33-44c9e4cdfd58/datanode-1/data/ratis/e313bb53-4094-4709-8fdd-c39a569c00d8 does not exist. Creating ...
2019-10-14 20:00:04,797 [pool-27-thread-1] INFO  server.RaftServerConfigKeys (ConfUtils.java:logGet(43)) - raft.server.log.appender.install.snapshot.enabled = false (custom)
2019-10-14 20:00:04,797 [pool-27-thread-1] INFO  impl.RaftServerImpl (ServerState.java:<init>(103)) - d80bfd98-6c63-4bee-825c-92724affc291@group-C39A569C00D8: ConfigurationManager, init=-1: [d80bfd98-6c63-4bee-825c-92724affc291:192.168.164.219:45741, 727e5d48-33ba-4107-8edb-ec10cfcd14a6:192.168.164.219:43140, 342a9cc5-324a-404b-a75b-7a8f961d8cef:192.168.164.219:42507], old=null, confs=<EMPTY_MAP>
2019-10-14 20:00:04,797 [pool-47-thread-1] INFO  impl.RaftServerImpl (RaftServerImpl.java:<init>(95)) - 727e5d48-33ba-4107-8edb-ec10cfcd14a6: new RaftServerImpl for group-C39A569C00D8:[d80bfd98-6c63-4bee-825c-92724affc291:192.168.164.219:45741, 727e5d48-33ba-4107-8edb-ec10cfcd14a6:192.168.164.219:43140, 342a9cc5-324a-404b-a75b-7a8f961d8cef:192.168.164.219:42507] with ContainerStateMachine:uninitialized
2019-10-14 20:00:04,797 [pool-27-thread-1] INFO  server.RaftServerConfigKeys (ConfUtils.java:logGet(43)) - raft.server.storage.dir = [/workdir/hadoop-ozone/integration-test/target/test-dir/MiniOzoneClusterImpl-9b283add-5e2c-4af5-9c33-44c9e4cdfd58/datanode-0/data/ratis] (custom)
2019-10-14 20:00:04,797 [pool-47-thread-1] INFO  server.RaftServerConfigKeys (ConfUtils.java:logGet(43)) - raft.server.rpc.timeout.min = 5s (custom)
2019-10-14 20:00:04,798 [pool-27-thread-1] INFO  server.RaftServerConfigKeys (ConfUtils.java:logGet(43)) - raft.server.log.corruption.policy = EXCEPTION (default)
2019-10-14 20:00:04,798 [pool-47-thread-1] INFO  server.RaftServerConfigKeys (ConfUtils.java:logGet(43)) - raft.server.rpc.timeout.max = 5200ms (custom)
2019-10-14 20:00:04,798 [pool-27-thread-1] INFO  storage.RaftStorageDirectory (RaftStorageDirectory.java:analyzeStorage(246)) - The storage directory /workdir/hadoop-ozone/integration-test/target/test-dir/MiniOzoneClusterImpl-9b283add-5e2c-4af5-9c33-44c9e4cdfd58/datanode-0/data/ratis/e313bb53-4094-4709-8fdd-c39a569c00d8 does not exist. Creating ...
2019-10-14 20:00:04,798 [pool-47-thread-1] INFO  server.RaftServerConfigKeys (ConfUtils.java:logGet(43)) - raft.server.rpcslowness.timeout = 120s (custom)
2019-10-14 20:00:04,798 [pool-47-thread-1] INFO  server.RaftServerConfigKeys (ConfUtils.java:logGet(43)) - raft.server.sleep.deviation.threshold = 300 (default)
2019-10-14 20:00:04,798 [pool-47-thread-1] INFO  server.RaftServerConfigKeys (ConfUtils.java:logGet(43)) - raft.server.log.appender.install.snapshot.enabled = false (custom)
2019-10-14 20:00:04,798 [pool-47-thread-1] INFO  impl.RaftServerImpl (ServerState.java:<init>(103)) - 727e5d48-33ba-4107-8edb-ec10cfcd14a6@group-C39A569C00D8: ConfigurationManager, init=-1: [d80bfd98-6c63-4bee-825c-92724affc291:192.168.164.219:45741, 727e5d48-33ba-4107-8edb-ec10cfcd14a6:192.168.164.219:43140, 342a9cc5-324a-404b-a75b-7a8f961d8cef:192.168.164.219:42507], old=null, confs=<EMPTY_MAP>
2019-10-14 20:00:04,799 [pool-47-thread-1] INFO  server.RaftServerConfigKeys (ConfUtils.java:logGet(43)) - raft.server.storage.dir = [/workdir/hadoop-ozone/integration-test/target/test-dir/MiniOzoneClusterImpl-9b283add-5e2c-4af5-9c33-44c9e4cdfd58/datanode-2/data/ratis] (custom)
2019-10-14 20:00:04,799 [pool-47-thread-1] INFO  server.RaftServerConfigKeys (ConfUtils.java:logGet(43)) - raft.server.log.corruption.policy = EXCEPTION (default)
2019-10-14 20:00:04,799 [pool-47-thread-1] INFO  storage.RaftStorageDirectory (RaftStorageDirectory.java:analyzeStorage(246)) - The storage directory /workdir/hadoop-ozone/integration-test/target/test-dir/MiniOzoneClusterImpl-9b283add-5e2c-4af5-9c33-44c9e4cdfd58/datanode-2/data/ratis/e313bb53-4094-4709-8fdd-c39a569c00d8 does not exist. Creating ...
2019-10-14 20:00:04,822 [pool-27-thread-1] INFO  storage.RaftStorageDirectory (RaftStorageDirectory.java:tryLock(328)) - Lock on /workdir/hadoop-ozone/integration-test/target/test-dir/MiniOzoneClusterImpl-9b283add-5e2c-4af5-9c33-44c9e4cdfd58/datanode-0/data/ratis/e313bb53-4094-4709-8fdd-c39a569c00d8/in_use.lock acquired by nodename 2508@pr-hdds-1868-cfdmt-251076870
2019-10-14 20:00:04,822 [pool-37-thread-1] INFO  storage.RaftStorageDirectory (RaftStorageDirectory.java:tryLock(328)) - Lock on /workdir/hadoop-ozone/integration-test/target/test-dir/MiniOzoneClusterImpl-9b283add-5e2c-4af5-9c33-44c9e4cdfd58/datanode-1/data/ratis/e313bb53-4094-4709-8fdd-c39a569c00d8/in_use.lock acquired by nodename 2508@pr-hdds-1868-cfdmt-251076870
2019-10-14 20:00:04,822 [pool-47-thread-1] INFO  storage.RaftStorageDirectory (RaftStorageDirectory.java:tryLock(328)) - Lock on /workdir/hadoop-ozone/integration-test/target/test-dir/MiniOzoneClusterImpl-9b283add-5e2c-4af5-9c33-44c9e4cdfd58/datanode-2/data/ratis/e313bb53-4094-4709-8fdd-c39a569c00d8/in_use.lock acquired by nodename 2508@pr-hdds-1868-cfdmt-251076870
2019-10-14 20:00:04,848 [pool-27-thread-1] INFO  storage.RaftStorage (RaftStorage.java:format(84)) - Storage directory /workdir/hadoop-ozone/integration-test/target/test-dir/MiniOzoneClusterImpl-9b283add-5e2c-4af5-9c33-44c9e4cdfd58/datanode-0/data/ratis/e313bb53-4094-4709-8fdd-c39a569c00d8 has been successfully formatted.
2019-10-14 20:00:04,848 [pool-47-thread-1] INFO  storage.RaftStorage (RaftStorage.java:format(84)) - Storage directory /workdir/hadoop-ozone/integration-test/target/test-dir/MiniOzoneClusterImpl-9b283add-5e2c-4af5-9c33-44c9e4cdfd58/datanode-2/data/ratis/e313bb53-4094-4709-8fdd-c39a569c00d8 has been successfully formatted.
2019-10-14 20:00:04,848 [pool-37-thread-1] INFO  storage.RaftStorage (RaftStorage.java:format(84)) - Storage directory /workdir/hadoop-ozone/integration-test/target/test-dir/MiniOzoneClusterImpl-9b283add-5e2c-4af5-9c33-44c9e4cdfd58/datanode-1/data/ratis/e313bb53-4094-4709-8fdd-c39a569c00d8 has been successfully formatted.
2019-10-14 20:00:04,848 [pool-27-thread-1] INFO  ratis.ContainerStateMachine (ContainerStateMachine.java:loadSnapshot(233)) - group-C39A569C00D8: The snapshot info is null. Setting the last applied indexto:(t:0, i:~)
2019-10-14 20:00:04,848 [pool-47-thread-1] INFO  ratis.ContainerStateMachine (ContainerStateMachine.java:loadSnapshot(233)) - group-C39A569C00D8: The snapshot info is null. Setting the last applied indexto:(t:0, i:~)
2019-10-14 20:00:04,848 [pool-27-thread-1] INFO  server.RaftServerConfigKeys (ConfUtils.java:logGet(43)) - raft.server.notification.no-leader.timeout = 120s (custom)
2019-10-14 20:00:04,848 [pool-37-thread-1] INFO  ratis.ContainerStateMachine (ContainerStateMachine.java:loadSnapshot(233)) - group-C39A569C00D8: The snapshot info is null. Setting the last applied indexto:(t:0, i:~)
2019-10-14 20:00:04,848 [pool-27-thread-1] INFO  server.RaftServerConfigKeys (ConfUtils.java:logGet(43)) - raft.server.log.use.memory = false (default)
2019-10-14 20:00:04,848 [pool-47-thread-1] INFO  server.RaftServerConfigKeys (ConfUtils.java:logGet(43)) - raft.server.notification.no-leader.timeout = 120s (custom)
2019-10-14 20:00:04,848 [pool-27-thread-1] INFO  server.RaftServerConfigKeys (ConfUtils.java:logGet(43)) - raft.server.log.purge.gap = 1000000 (custom)
2019-10-14 20:00:04,848 [pool-37-thread-1] INFO  server.RaftServerConfigKeys (ConfUtils.java:logGet(43)) - raft.server.notification.no-leader.timeout = 120s (custom)
2019-10-14 20:00:04,849 [pool-27-thread-1] INFO  server.RaftServerConfigKeys (ConfUtils.java:logGet(43)) - raft.server.log.appender.buffer.byte-limit = 33554432 (custom)
2019-10-14 20:00:04,849 [pool-47-thread-1] INFO  server.RaftServerConfigKeys (ConfUtils.java:logGet(43)) - raft.server.log.use.memory = false (default)
2019-10-14 20:00:04,849 [pool-27-thread-1] INFO  server.RaftServerConfigKeys (ConfUtils.java:logGet(43)) - raft.server.log.segment.size.max = 1048576 (custom)
2019-10-14 20:00:04,849 [pool-37-thread-1] INFO  server.RaftServerConfigKeys (ConfUtils.java:logGet(43)) - raft.server.log.use.memory = false (default)
2019-10-14 20:00:04,849 [pool-27-thread-1] INFO  server.RaftServerConfigKeys (ConfUtils.java:logGet(43)) - raft.server.log.segment.cache.num.max = 2 (custom)
2019-10-14 20:00:04,849 [pool-47-thread-1] INFO  server.RaftServerConfigKeys (ConfUtils.java:logGet(43)) - raft.server.log.purge.gap = 1000000 (custom)
2019-10-14 20:00:04,849 [pool-27-thread-1] INFO  segmented.SegmentedRaftLogWorker (SegmentedRaftLogWorker.java:<init>(173)) - new d80bfd98-6c63-4bee-825c-92724affc291@group-C39A569C00D8-SegmentedRaftLogWorker for RaftStorage:Storage Directory /workdir/hadoop-ozone/integration-test/target/test-dir/MiniOzoneClusterImpl-9b283add-5e2c-4af5-9c33-44c9e4cdfd58/datanode-0/data/ratis/e313bb53-4094-4709-8fdd-c39a569c00d8
2019-10-14 20:00:04,849 [pool-37-thread-1] INFO  server.RaftServerConfigKeys (ConfUtils.java:logGet(43)) - raft.server.log.purge.gap = 1000000 (custom)
2019-10-14 20:00:04,850 [pool-27-thread-1] INFO  server.RaftServerConfigKeys (ConfUtils.java:logGet(43)) - raft.server.log.queue.byte-limit = 2147483647 (custom)
2019-10-14 20:00:04,849 [pool-47-thread-1] INFO  server.RaftServerConfigKeys (ConfUtils.java:logGet(43)) - raft.server.log.appender.buffer.byte-limit = 33554432 (custom)
2019-10-14 20:00:04,850 [pool-27-thread-1] INFO  server.RaftServerConfigKeys (ConfUtils.java:logGet(43)) - raft.server.log.queue.element-limit = 1024 (custom)
2019-10-14 20:00:04,850 [pool-37-thread-1] INFO  server.RaftServerConfigKeys (ConfUtils.java:logGet(43)) - raft.server.log.appender.buffer.byte-limit = 33554432 (custom)
2019-10-14 20:00:04,850 [pool-27-thread-1] INFO  server.RaftServerConfigKeys (ConfUtils.java:logGet(43)) - raft.server.log.segment.size.max = 1048576 (custom)
2019-10-14 20:00:04,850 [pool-47-thread-1] INFO  server.RaftServerConfigKeys (ConfUtils.java:logGet(43)) - raft.server.log.segment.size.max = 1048576 (custom)
2019-10-14 20:00:04,850 [pool-27-thread-1] INFO  server.RaftServerConfigKeys (ConfUtils.java:logGet(43)) - raft.server.log.preallocated.size = 16384 (custom)
2019-10-14 20:00:04,850 [pool-37-thread-1] INFO  server.RaftServerConfigKeys (ConfUtils.java:logGet(43)) - raft.server.log.segment.size.max = 1048576 (custom)
2019-10-14 20:00:04,850 [pool-27-thread-1] INFO  server.RaftServerConfigKeys (ConfUtils.java:logGet(43)) - raft.server.log.write.buffer.size = 33554432 (custom)
2019-10-14 20:00:04,850 [pool-47-thread-1] INFO  server.RaftServerConfigKeys (ConfUtils.java:logGet(43)) - raft.server.log.segment.cache.num.max = 2 (custom)
2019-10-14 20:00:04,851 [pool-27-thread-1] INFO  server.RaftServerConfigKeys (ConfUtils.java:logGet(43)) - raft.server.log.force.sync.num = 128 (default)
2019-10-14 20:00:04,850 [pool-37-thread-1] INFO  server.RaftServerConfigKeys (ConfUtils.java:logGet(43)) - raft.server.log.segment.cache.num.max = 2 (custom)
2019-10-14 20:00:04,851 [pool-27-thread-1] INFO  server.RaftServerConfigKeys (ConfUtils.java:logGet(43)) - raft.server.log.statemachine.data.sync = true (default)
2019-10-14 20:00:04,851 [pool-47-thread-1] INFO  segmented.SegmentedRaftLogWorker (SegmentedRaftLogWorker.java:<init>(173)) - new 727e5d48-33ba-4107-8edb-ec10cfcd14a6@group-C39A569C00D8-SegmentedRaftLogWorker for RaftStorage:Storage Directory /workdir/hadoop-ozone/integration-test/target/test-dir/MiniOzoneClusterImpl-9b283add-5e2c-4af5-9c33-44c9e4cdfd58/datanode-2/data/ratis/e313bb53-4094-4709-8fdd-c39a569c00d8
2019-10-14 20:00:04,851 [pool-27-thread-1] INFO  server.RaftServerConfigKeys (ConfUtils.java:logGet(43)) - raft.server.log.statemachine.data.sync.timeout = 10s (default)
2019-10-14 20:00:04,851 [pool-37-thread-1] INFO  segmented.SegmentedRaftLogWorker (SegmentedRaftLogWorker.java:<init>(173)) - new 342a9cc5-324a-404b-a75b-7a8f961d8cef@group-C39A569C00D8-SegmentedRaftLogWorker for RaftStorage:Storage Directory /workdir/hadoop-ozone/integration-test/target/test-dir/MiniOzoneClusterImpl-9b283add-5e2c-4af5-9c33-44c9e4cdfd58/datanode-1/data/ratis/e313bb53-4094-4709-8fdd-c39a569c00d8
2019-10-14 20:00:04,851 [pool-27-thread-1] INFO  server.RaftServerConfigKeys (ConfUtils.java:logGet(43)) - raft.server.log.statemachine.data.sync.timeout.retry = -1 (default)
2019-10-14 20:00:04,851 [pool-47-thread-1] INFO  server.RaftServerConfigKeys (ConfUtils.java:logGet(43)) - raft.server.log.queue.byte-limit = 2147483647 (custom)
2019-10-14 20:00:04,851 [pool-37-thread-1] INFO  server.RaftServerConfigKeys (ConfUtils.java:logGet(43)) - raft.server.log.queue.byte-limit = 2147483647 (custom)
2019-10-14 20:00:04,852 [pool-47-thread-1] INFO  server.RaftServerConfigKeys (ConfUtils.java:logGet(43)) - raft.server.log.queue.element-limit = 1024 (custom)
2019-10-14 20:00:04,852 [pool-27-thread-1] INFO  server.RaftServerConfigKeys (ConfUtils.java:logGet(43)) - raft.server.log.statemachine.data.caching.enabled = true (custom)
2019-10-14 20:00:04,852 [pool-47-thread-1] INFO  server.RaftServerConfigKeys (ConfUtils.java:logGet(43)) - raft.server.log.segment.size.max = 1048576 (custom)
2019-10-14 20:00:04,852 [pool-37-thread-1] INFO  server.RaftServerConfigKeys (ConfUtils.java:logGet(43)) - raft.server.log.queue.element-limit = 1024 (custom)
2019-10-14 20:00:04,852 [pool-27-thread-1] INFO  segmented.SegmentedRaftLogWorker (SegmentedRaftLogWorker.java:lambda$new$0(128)) - d80bfd98-6c63-4bee-825c-92724affc291@group-C39A569C00D8-SegmentedRaftLogWorker: flushIndex: setUnconditionally 0 -> -1
2019-10-14 20:00:04,852 [pool-47-thread-1] INFO  server.RaftServerConfigKeys (ConfUtils.java:logGet(43)) - raft.server.log.preallocated.size = 16384 (custom)
2019-10-14 20:00:04,852 [pool-37-thread-1] INFO  server.RaftServerConfigKeys (ConfUtils.java:logGet(43)) - raft.server.log.segment.size.max = 1048576 (custom)
2019-10-14 20:00:04,852 [pool-47-thread-1] INFO  server.RaftServerConfigKeys (ConfUtils.java:logGet(43)) - raft.server.log.write.buffer.size = 33554432 (custom)
2019-10-14 20:00:04,852 [pool-27-thread-1] INFO  server.RaftServerConfigKeys (ConfUtils.java:logGet(43)) - raft.server.snapshot.auto.trigger.enabled = true (custom)
2019-10-14 20:00:04,852 [pool-47-thread-1] INFO  server.RaftServerConfigKeys (ConfUtils.java:logGet(43)) - raft.server.log.force.sync.num = 128 (default)
2019-10-14 20:00:04,852 [pool-37-thread-1] INFO  server.RaftServerConfigKeys (ConfUtils.java:logGet(43)) - raft.server.log.preallocated.size = 16384 (custom)
2019-10-14 20:00:04,853 [pool-47-thread-1] INFO  server.RaftServerConfigKeys (ConfUtils.java:logGet(43)) - raft.server.log.statemachine.data.sync = true (default)
2019-10-14 20:00:04,853 [pool-27-thread-1] INFO  server.RaftServerConfigKeys (ConfUtils.java:logGet(43)) - raft.server.snapshot.auto.trigger.threshold = 10000 (custom)
2019-10-14 20:00:04,853 [pool-47-thread-1] INFO  server.RaftServerConfigKeys (ConfUtils.java:logGet(43)) - raft.server.log.statemachine.data.sync.timeout = 10s (default)
2019-10-14 20:00:04,853 [pool-37-thread-1] INFO  server.RaftServerConfigKeys (ConfUtils.java:logGet(43)) - raft.server.log.write.buffer.size = 33554432 (custom)
2019-10-14 20:00:04,853 [pool-47-thread-1] INFO  server.RaftServerConfigKeys (ConfUtils.java:logGet(43)) - raft.server.log.statemachine.data.sync.timeout.retry = -1 (default)
2019-10-14 20:00:04,853 [pool-27-thread-1] INFO  server.RaftServerConfigKeys (ConfUtils.java:logGet(43)) - raft.server.snapshot.retention.file.num = 5 (custom)
2019-10-14 20:00:04,853 [pool-37-thread-1] INFO  server.RaftServerConfigKeys (ConfUtils.java:logGet(43)) - raft.server.log.force.sync.num = 128 (default)
2019-10-14 20:00:04,853 [pool-27-thread-1] INFO  server.RaftServerConfigKeys (ConfUtils.java:logGet(43)) - raft.server.retrycache.expirytime = 600000ms (custom)
2019-10-14 20:00:04,853 [pool-47-thread-1] INFO  server.RaftServerConfigKeys (ConfUtils.java:logGet(43)) - raft.server.log.statemachine.data.caching.enabled = true (custom)
2019-10-14 20:00:04,854 [pool-37-thread-1] INFO  server.RaftServerConfigKeys (ConfUtils.java:logGet(43)) - raft.server.log.statemachine.data.sync = true (default)
2019-10-14 20:00:04,854 [pool-37-thread-1] INFO  server.RaftServerConfigKeys (ConfUtils.java:logGet(43)) - raft.server.log.statemachine.data.sync.timeout = 10s (default)
2019-10-14 20:00:04,854 [pool-47-thread-1] INFO  segmented.SegmentedRaftLogWorker (SegmentedRaftLogWorker.java:lambda$new$0(128)) - 727e5d48-33ba-4107-8edb-ec10cfcd14a6@group-C39A569C00D8-SegmentedRaftLogWorker: flushIndex: setUnconditionally 0 -> -1
2019-10-14 20:00:04,854 [pool-37-thread-1] INFO  server.RaftServerConfigKeys (ConfUtils.java:logGet(43)) - raft.server.log.statemachine.data.sync.timeout.retry = -1 (default)
2019-10-14 20:00:04,854 [pool-47-thread-1] INFO  server.RaftServerConfigKeys (ConfUtils.java:logGet(43)) - raft.server.snapshot.auto.trigger.enabled = true (custom)
2019-10-14 20:00:04,854 [pool-37-thread-1] INFO  server.RaftServerConfigKeys (ConfUtils.java:logGet(43)) - raft.server.log.statemachine.data.caching.enabled = true (custom)
2019-10-14 20:00:04,854 [pool-47-thread-1] INFO  server.RaftServerConfigKeys (ConfUtils.java:logGet(43)) - raft.server.snapshot.auto.trigger.threshold = 10000 (custom)
2019-10-14 20:00:04,855 [pool-47-thread-1] INFO  server.RaftServerConfigKeys (ConfUtils.java:logGet(43)) - raft.server.snapshot.retention.file.num = 5 (custom)
2019-10-14 20:00:04,855 [pool-37-thread-1] INFO  segmented.SegmentedRaftLogWorker (SegmentedRaftLogWorker.java:lambda$new$0(128)) - 342a9cc5-324a-404b-a75b-7a8f961d8cef@group-C39A569C00D8-SegmentedRaftLogWorker: flushIndex: setUnconditionally 0 -> -1
2019-10-14 20:00:04,855 [pool-47-thread-1] INFO  server.RaftServerConfigKeys (ConfUtils.java:logGet(43)) - raft.server.retrycache.expirytime = 600000ms (custom)
2019-10-14 20:00:04,855 [pool-37-thread-1] INFO  server.RaftServerConfigKeys (ConfUtils.java:logGet(43)) - raft.server.snapshot.auto.trigger.enabled = true (custom)
2019-10-14 20:00:04,855 [pool-37-thread-1] INFO  server.RaftServerConfigKeys (ConfUtils.java:logGet(43)) - raft.server.snapshot.auto.trigger.threshold = 10000 (custom)
2019-10-14 20:00:04,855 [pool-37-thread-1] INFO  server.RaftServerConfigKeys (ConfUtils.java:logGet(43)) - raft.server.snapshot.retention.file.num = 5 (custom)
2019-10-14 20:00:04,855 [pool-37-thread-1] INFO  server.RaftServerConfigKeys (ConfUtils.java:logGet(43)) - raft.server.retrycache.expirytime = 600000ms (custom)
2019-10-14 20:00:04,857 [pool-27-thread-1] INFO  impl.RaftServerImpl (RaftServerImpl.java:start(181)) - d80bfd98-6c63-4bee-825c-92724affc291@group-C39A569C00D8: start as a follower, conf=-1: [d80bfd98-6c63-4bee-825c-92724affc291:192.168.164.219:45741, 727e5d48-33ba-4107-8edb-ec10cfcd14a6:192.168.164.219:43140, 342a9cc5-324a-404b-a75b-7a8f961d8cef:192.168.164.219:42507], old=null
2019-10-14 20:00:04,857 [pool-27-thread-1] INFO  impl.RaftServerImpl (RaftServerImpl.java:setRole(170)) - d80bfd98-6c63-4bee-825c-92724affc291@group-C39A569C00D8: changes role from      null to FOLLOWER at term 0 for startAsFollower
2019-10-14 20:00:04,858 [pool-27-thread-1] INFO  impl.RoleInfo (RoleInfo.java:updateAndGet(143)) - d80bfd98-6c63-4bee-825c-92724affc291: start FollowerState
2019-10-14 20:00:04,858 [pool-27-thread-1] INFO  util.JmxRegister (JmxRegister.java:tryRegister(44)) - Successfully registered JMX Bean with object name Ratis:service=RaftServer,group=group-C39A569C00D8,id=d80bfd98-6c63-4bee-825c-92724affc291
2019-10-14 20:00:04,859 [pool-47-thread-1] INFO  impl.RaftServerImpl (RaftServerImpl.java:start(181)) - 727e5d48-33ba-4107-8edb-ec10cfcd14a6@group-C39A569C00D8: start as a follower, conf=-1: [d80bfd98-6c63-4bee-825c-92724affc291:192.168.164.219:45741, 727e5d48-33ba-4107-8edb-ec10cfcd14a6:192.168.164.219:43140, 342a9cc5-324a-404b-a75b-7a8f961d8cef:192.168.164.219:42507], old=null
2019-10-14 20:00:04,859 [pool-47-thread-1] INFO  impl.RaftServerImpl (RaftServerImpl.java:setRole(170)) - 727e5d48-33ba-4107-8edb-ec10cfcd14a6@group-C39A569C00D8: changes role from      null to FOLLOWER at term 0 for startAsFollower
2019-10-14 20:00:04,859 [pool-37-thread-1] INFO  impl.RaftServerImpl (RaftServerImpl.java:start(181)) - 342a9cc5-324a-404b-a75b-7a8f961d8cef@group-C39A569C00D8: start as a follower, conf=-1: [d80bfd98-6c63-4bee-825c-92724affc291:192.168.164.219:45741, 727e5d48-33ba-4107-8edb-ec10cfcd14a6:192.168.164.219:43140, 342a9cc5-324a-404b-a75b-7a8f961d8cef:192.168.164.219:42507], old=null
2019-10-14 20:00:04,859 [pool-47-thread-1] INFO  impl.RoleInfo (RoleInfo.java:updateAndGet(143)) - 727e5d48-33ba-4107-8edb-ec10cfcd14a6: start FollowerState
2019-10-14 20:00:04,859 [pool-37-thread-1] INFO  impl.RaftServerImpl (RaftServerImpl.java:setRole(170)) - 342a9cc5-324a-404b-a75b-7a8f961d8cef@group-C39A569C00D8: changes role from      null to FOLLOWER at term 0 for startAsFollower
2019-10-14 20:00:04,859 [pool-37-thread-1] INFO  impl.RoleInfo (RoleInfo.java:updateAndGet(143)) - 342a9cc5-324a-404b-a75b-7a8f961d8cef: start FollowerState
2019-10-14 20:00:04,859 [pool-47-thread-1] INFO  util.JmxRegister (JmxRegister.java:tryRegister(44)) - Successfully registered JMX Bean with object name Ratis:service=RaftServer,group=group-C39A569C00D8,id=727e5d48-33ba-4107-8edb-ec10cfcd14a6
2019-10-14 20:00:04,860 [pool-37-thread-1] INFO  util.JmxRegister (JmxRegister.java:tryRegister(44)) - Successfully registered JMX Bean with object name Ratis:service=RaftServer,group=group-C39A569C00D8,id=342a9cc5-324a-404b-a75b-7a8f961d8cef
2019-10-14 20:00:04,881 [RatisPipelineUtilsThread] INFO  pipeline.PipelineStateManager (PipelineStateManager.java:addPipeline(57)) - Created pipeline Pipeline[ Id: e313bb53-4094-4709-8fdd-c39a569c00d8, Nodes: 342a9cc5-324a-404b-a75b-7a8f961d8cef{ip: 192.168.164.219, host: pr-hdds-1868-cfdmt-251076870, networkLocation: /default-rack, certSerialId: null}727e5d48-33ba-4107-8edb-ec10cfcd14a6{ip: 192.168.164.219, host: pr-hdds-1868-cfdmt-251076870, networkLocation: /default-rack, certSerialId: null}d80bfd98-6c63-4bee-825c-92724affc291{ip: 192.168.164.219, host: pr-hdds-1868-cfdmt-251076870, networkLocation: /default-rack, certSerialId: null}, Type:RATIS, Factor:THREE, State:ALLOCATED]
2019-10-14 20:00:05,477 [main] INFO  ozone.MiniOzoneClusterImpl (MiniOzoneClusterImpl.java:lambda$waitForClusterToBeReady$2(164)) - Waiting for 4 number of pipelines out of 4, to report a leader.
2019-10-14 20:00:06,478 [main] INFO  ozone.MiniOzoneClusterImpl (MiniOzoneClusterImpl.java:lambda$waitForClusterToBeReady$2(164)) - Waiting for 4 number of pipelines out of 4, to report a leader.
2019-10-14 20:00:06,764 [Thread-178] INFO  container.ReplicationManager (ReplicationManager.java:start(162)) - Starting Replication Monitor Thread.
2019-10-14 20:00:06,767 [Thread-178] INFO  pipeline.SCMPipelineManager (SCMPipelineManager.java:finalizeAndDestroyPipeline(315)) - destroying pipeline:Pipeline[ Id: e954c132-7924-44ee-b373-e42127fcebc7, Nodes: d80bfd98-6c63-4bee-825c-92724affc291{ip: 192.168.164.219, host: pr-hdds-1868-cfdmt-251076870, networkLocation: /default-rack, certSerialId: null}, Type:RATIS, Factor:ONE, State:ALLOCATED]
2019-10-14 20:00:06,767 [ReplicationMonitor] INFO  container.ReplicationManager (ReplicationManager.java:run(225)) - Replication Monitor Thread took 1 milliseconds for processing 0 containers.
2019-10-14 20:00:06,768 [Thread-178] INFO  pipeline.PipelineStateManager (PipelineStateManager.java:finalizePipeline(123)) - Pipeline Pipeline[ Id: e954c132-7924-44ee-b373-e42127fcebc7, Nodes: d80bfd98-6c63-4bee-825c-92724affc291{ip: 192.168.164.219, host: pr-hdds-1868-cfdmt-251076870, networkLocation: /default-rack, certSerialId: null}, Type:RATIS, Factor:ONE, State:CLOSED] moved to CLOSED state
2019-10-14 20:00:06,795 [grpc-default-executor-2] INFO  impl.RaftServerProxy (RaftServerProxy.java:remove(95)) - d80bfd98-6c63-4bee-825c-92724affc291: remove  FOLLOWER d80bfd98-6c63-4bee-825c-92724affc291@group-E42127FCEBC7:t0, leader=null, voted=null, raftlog=d80bfd98-6c63-4bee-825c-92724affc291@group-E42127FCEBC7-SegmentedRaftLog:OPENED:c-1,f-1,i0, conf=-1: [d80bfd98-6c63-4bee-825c-92724affc291:192.168.164.219:45741], old=null RUNNING
2019-10-14 20:00:06,798 [grpc-default-executor-2] INFO  impl.RaftServerImpl (RaftServerImpl.java:lambda$shutdown$3(247)) - d80bfd98-6c63-4bee-825c-92724affc291@group-E42127FCEBC7: shutdown
2019-10-14 20:00:06,798 [grpc-default-executor-2] INFO  util.JmxRegister (JmxRegister.java:unregister(73)) - Successfully un-registered JMX Bean with object name Ratis:service=RaftServer,group=group-E42127FCEBC7,id=d80bfd98-6c63-4bee-825c-92724affc291
2019-10-14 20:00:06,798 [grpc-default-executor-2] INFO  impl.RoleInfo (RoleInfo.java:shutdownFollowerState(121)) - d80bfd98-6c63-4bee-825c-92724affc291: shutdown FollowerState
2019-10-14 20:00:06,799 [Thread-180] INFO  impl.FollowerState (FollowerState.java:run(117)) - d80bfd98-6c63-4bee-825c-92724affc291@group-E42127FCEBC7-FollowerState was interrupted: java.lang.InterruptedException: sleep interrupted
2019-10-14 20:00:06,799 [grpc-default-executor-2] INFO  impl.StateMachineUpdater (StateMachineUpdater.java:stopAndJoin(136)) - d80bfd98-6c63-4bee-825c-92724affc291@group-E42127FCEBC7-StateMachineUpdater: set stopIndex = -1
2019-10-14 20:00:06,801 [grpc-default-executor-2] INFO  impl.RaftServerImpl (ServerState.java:close(387)) - d80bfd98-6c63-4bee-825c-92724affc291@group-E42127FCEBC7: closes. applyIndex: -1
2019-10-14 20:00:06,805 [d80bfd98-6c63-4bee-825c-92724affc291@group-E42127FCEBC7-SegmentedRaftLogWorker] INFO  segmented.SegmentedRaftLogWorker (SegmentedRaftLogWorker.java:run(316)) - d80bfd98-6c63-4bee-825c-92724affc291@group-E42127FCEBC7-SegmentedRaftLogWorker was interrupted, exiting. There are 0 tasks remaining in the queue.
2019-10-14 20:00:06,807 [grpc-default-executor-2] INFO  segmented.SegmentedRaftLogWorker (SegmentedRaftLogWorker.java:close(224)) - d80bfd98-6c63-4bee-825c-92724affc291@group-E42127FCEBC7-SegmentedRaftLogWorker close()
2019-10-14 20:00:06,822 [Thread-178] INFO  pipeline.PipelineStateManager (PipelineStateManager.java:removePipeline(108)) - Pipeline Pipeline[ Id: e954c132-7924-44ee-b373-e42127fcebc7, Nodes: d80bfd98-6c63-4bee-825c-92724affc291{ip: 192.168.164.219, host: pr-hdds-1868-cfdmt-251076870, networkLocation: /default-rack, certSerialId: null}, Type:RATIS, Factor:ONE, State:CLOSED] removed from db
2019-10-14 20:00:06,822 [Thread-178] INFO  pipeline.SCMPipelineManager (SCMPipelineManager.java:finalizeAndDestroyPipeline(315)) - destroying pipeline:Pipeline[ Id: b02aab29-0bde-4555-9523-c9b99b8f24b4, Nodes: 342a9cc5-324a-404b-a75b-7a8f961d8cef{ip: 192.168.164.219, host: pr-hdds-1868-cfdmt-251076870, networkLocation: /default-rack, certSerialId: null}, Type:RATIS, Factor:ONE, State:ALLOCATED]
2019-10-14 20:00:06,833 [grpc-default-executor-2] INFO  impl.RaftServerProxy (RaftServerProxy.java:addNew(89)) - d80bfd98-6c63-4bee-825c-92724affc291: addNew group-DE4D04A38CF2:[d80bfd98-6c63-4bee-825c-92724affc291:192.168.164.219:45741] returns group-DE4D04A38CF2:java.util.concurrent.CompletableFuture@32b4d367[Not completed]
2019-10-14 20:00:06,835 [pool-27-thread-1] INFO  impl.RaftServerImpl (RaftServerImpl.java:<init>(95)) - d80bfd98-6c63-4bee-825c-92724affc291: new RaftServerImpl for group-DE4D04A38CF2:[d80bfd98-6c63-4bee-825c-92724affc291:192.168.164.219:45741] with ContainerStateMachine:uninitialized
2019-10-14 20:00:06,835 [pool-27-thread-1] INFO  server.RaftServerConfigKeys (ConfUtils.java:logGet(43)) - raft.server.rpc.timeout.min = 5s (custom)
2019-10-14 20:00:06,835 [pool-27-thread-1] INFO  server.RaftServerConfigKeys (ConfUtils.java:logGet(43)) - raft.server.rpc.timeout.max = 5200ms (custom)
2019-10-14 20:00:06,835 [pool-27-thread-1] INFO  server.RaftServerConfigKeys (ConfUtils.java:logGet(43)) - raft.server.rpcslowness.timeout = 120s (custom)
2019-10-14 20:00:06,836 [pool-27-thread-1] INFO  server.RaftServerConfigKeys (ConfUtils.java:logGet(43)) - raft.server.sleep.deviation.threshold = 300 (default)
2019-10-14 20:00:06,836 [pool-27-thread-1] INFO  server.RaftServerConfigKeys (ConfUtils.java:logGet(43)) - raft.server.log.appender.install.snapshot.enabled = false (custom)
2019-10-14 20:00:06,836 [pool-27-thread-1] INFO  impl.RaftServerImpl (ServerState.java:<init>(103)) - d80bfd98-6c63-4bee-825c-92724affc291@group-DE4D04A38CF2: ConfigurationManager, init=-1: [d80bfd98-6c63-4bee-825c-92724affc291:192.168.164.219:45741], old=null, confs=<EMPTY_MAP>
2019-10-14 20:00:06,837 [pool-27-thread-1] INFO  server.RaftServerConfigKeys (ConfUtils.java:logGet(43)) - raft.server.storage.dir = [/workdir/hadoop-ozone/integration-test/target/test-dir/MiniOzoneClusterImpl-9b283add-5e2c-4af5-9c33-44c9e4cdfd58/datanode-0/data/ratis] (custom)
2019-10-14 20:00:06,837 [pool-27-thread-1] INFO  server.RaftServerConfigKeys (ConfUtils.java:logGet(43)) - raft.server.log.corruption.policy = EXCEPTION (default)
2019-10-14 20:00:06,837 [pool-27-thread-1] INFO  storage.RaftStorageDirectory (RaftStorageDirectory.java:analyzeStorage(246)) - The storage directory /workdir/hadoop-ozone/integration-test/target/test-dir/MiniOzoneClusterImpl-9b283add-5e2c-4af5-9c33-44c9e4cdfd58/datanode-0/data/ratis/2128fa13-98f6-43cb-878e-de4d04a38cf2 does not exist. Creating ...
2019-10-14 20:00:06,874 [pool-27-thread-1] INFO  storage.RaftStorageDirectory (RaftStorageDirectory.java:tryLock(328)) - Lock on /workdir/hadoop-ozone/integration-test/target/test-dir/MiniOzoneClusterImpl-9b283add-5e2c-4af5-9c33-44c9e4cdfd58/datanode-0/data/ratis/2128fa13-98f6-43cb-878e-de4d04a38cf2/in_use.lock acquired by nodename 2508@pr-hdds-1868-cfdmt-251076870
2019-10-14 20:00:06,900 [pool-27-thread-1] INFO  storage.RaftStorage (RaftStorage.java:format(84)) - Storage directory /workdir/hadoop-ozone/integration-test/target/test-dir/MiniOzoneClusterImpl-9b283add-5e2c-4af5-9c33-44c9e4cdfd58/datanode-0/data/ratis/2128fa13-98f6-43cb-878e-de4d04a38cf2 has been successfully formatted.
2019-10-14 20:00:06,900 [pool-27-thread-1] INFO  ratis.ContainerStateMachine (ContainerStateMachine.java:loadSnapshot(233)) - group-DE4D04A38CF2: The snapshot info is null. Setting the last applied indexto:(t:0, i:~)
2019-10-14 20:00:06,900 [pool-27-thread-1] INFO  server.RaftServerConfigKeys (ConfUtils.java:logGet(43)) - raft.server.notification.no-leader.timeout = 120s (custom)
2019-10-14 20:00:06,900 [pool-27-thread-1] INFO  server.RaftServerConfigKeys (ConfUtils.java:logGet(43)) - raft.server.log.use.memory = false (default)
2019-10-14 20:00:06,901 [pool-27-thread-1] INFO  server.RaftServerConfigKeys (ConfUtils.java:logGet(43)) - raft.server.log.purge.gap = 1000000 (custom)
2019-10-14 20:00:06,901 [pool-27-thread-1] INFO  server.RaftServerConfigKeys (ConfUtils.java:logGet(43)) - raft.server.log.appender.buffer.byte-limit = 33554432 (custom)
2019-10-14 20:00:06,901 [pool-27-thread-1] INFO  server.RaftServerConfigKeys (ConfUtils.java:logGet(43)) - raft.server.log.segment.size.max = 1048576 (custom)
2019-10-14 20:00:06,901 [pool-27-thread-1] INFO  server.RaftServerConfigKeys (ConfUtils.java:logGet(43)) - raft.server.log.segment.cache.num.max = 2 (custom)
2019-10-14 20:00:06,901 [pool-27-thread-1] INFO  segmented.SegmentedRaftLogWorker (SegmentedRaftLogWorker.java:<init>(173)) - new d80bfd98-6c63-4bee-825c-92724affc291@group-DE4D04A38CF2-SegmentedRaftLogWorker for RaftStorage:Storage Directory /workdir/hadoop-ozone/integration-test/target/test-dir/MiniOzoneClusterImpl-9b283add-5e2c-4af5-9c33-44c9e4cdfd58/datanode-0/data/ratis/2128fa13-98f6-43cb-878e-de4d04a38cf2
2019-10-14 20:00:06,901 [pool-27-thread-1] INFO  server.RaftServerConfigKeys (ConfUtils.java:logGet(43)) - raft.server.log.queue.byte-limit = 2147483647 (custom)
2019-10-14 20:00:06,902 [pool-27-thread-1] INFO  server.RaftServerConfigKeys (ConfUtils.java:logGet(43)) - raft.server.log.queue.element-limit = 1024 (custom)
2019-10-14 20:00:06,902 [pool-27-thread-1] INFO  server.RaftServerConfigKeys (ConfUtils.java:logGet(43)) - raft.server.log.segment.size.max = 1048576 (custom)
2019-10-14 20:00:06,902 [pool-27-thread-1] INFO  server.RaftServerConfigKeys (ConfUtils.java:logGet(43)) - raft.server.log.preallocated.size = 16384 (custom)
2019-10-14 20:00:06,902 [pool-27-thread-1] INFO  server.RaftServerConfigKeys (ConfUtils.java:logGet(43)) - raft.server.log.write.buffer.size = 33554432 (custom)
2019-10-14 20:00:06,902 [pool-27-thread-1] INFO  server.RaftServerConfigKeys (ConfUtils.java:logGet(43)) - raft.server.log.force.sync.num = 128 (default)
2019-10-14 20:00:06,902 [pool-27-thread-1] INFO  server.RaftServerConfigKeys (ConfUtils.java:logGet(43)) - raft.server.log.statemachine.data.sync = true (default)
2019-10-14 20:00:06,903 [pool-27-thread-1] INFO  server.RaftServerConfigKeys (ConfUtils.java:logGet(43)) - raft.server.log.statemachine.data.sync.timeout = 10s (default)
2019-10-14 20:00:06,903 [pool-27-thread-1] INFO  server.RaftServerConfigKeys (ConfUtils.java:logGet(43)) - raft.server.log.statemachine.data.sync.timeout.retry = -1 (default)
2019-10-14 20:00:06,903 [pool-27-thread-1] INFO  server.RaftServerConfigKeys (ConfUtils.java:logGet(43)) - raft.server.log.statemachine.data.caching.enabled = true (custom)
2019-10-14 20:00:06,903 [pool-27-thread-1] INFO  segmented.SegmentedRaftLogWorker (SegmentedRaftLogWorker.java:lambda$new$0(128)) - d80bfd98-6c63-4bee-825c-92724affc291@group-DE4D04A38CF2-SegmentedRaftLogWorker: flushIndex: setUnconditionally 0 -> -1
2019-10-14 20:00:06,904 [pool-27-thread-1] INFO  server.RaftServerConfigKeys (ConfUtils.java:logGet(43)) - raft.server.snapshot.auto.trigger.enabled = true (custom)
2019-10-14 20:00:06,904 [pool-27-thread-1] INFO  server.RaftServerConfigKeys (ConfUtils.java:logGet(43)) - raft.server.snapshot.auto.trigger.threshold = 10000 (custom)
2019-10-14 20:00:06,904 [pool-27-thread-1] INFO  server.RaftServerConfigKeys (ConfUtils.java:logGet(43)) - raft.server.snapshot.retention.file.num = 5 (custom)
2019-10-14 20:00:06,904 [pool-27-thread-1] INFO  server.RaftServerConfigKeys (ConfUtils.java:logGet(43)) - raft.server.retrycache.expirytime = 600000ms (custom)
2019-10-14 20:00:06,908 [pool-27-thread-1] INFO  impl.RaftServerImpl (RaftServerImpl.java:start(181)) - d80bfd98-6c63-4bee-825c-92724affc291@group-DE4D04A38CF2: start as a follower, conf=-1: [d80bfd98-6c63-4bee-825c-92724affc291:192.168.164.219:45741], old=null
2019-10-14 20:00:06,908 [pool-27-thread-1] INFO  impl.RaftServerImpl (RaftServerImpl.java:setRole(170)) - d80bfd98-6c63-4bee-825c-92724affc291@group-DE4D04A38CF2: changes role from      null to FOLLOWER at term 0 for startAsFollower
2019-10-14 20:00:06,908 [pool-27-thread-1] INFO  impl.RoleInfo (RoleInfo.java:updateAndGet(143)) - d80bfd98-6c63-4bee-825c-92724affc291: start FollowerState
2019-10-14 20:00:06,909 [pool-27-thread-1] INFO  util.JmxRegister (JmxRegister.java:tryRegister(44)) - Successfully registered JMX Bean with object name Ratis:service=RaftServer,group=group-DE4D04A38CF2,id=d80bfd98-6c63-4bee-825c-92724affc291
2019-10-14 20:00:06,922 [RatisPipelineUtilsThread] INFO  pipeline.PipelineStateManager (PipelineStateManager.java:addPipeline(57)) - Created pipeline Pipeline[ Id: 2128fa13-98f6-43cb-878e-de4d04a38cf2, Nodes: d80bfd98-6c63-4bee-825c-92724affc291{ip: 192.168.164.219, host: pr-hdds-1868-cfdmt-251076870, networkLocation: /default-rack, certSerialId: null}, Type:RATIS, Factor:ONE, State:ALLOCATED]
2019-10-14 20:00:06,923 [Thread-178] INFO  pipeline.PipelineStateManager (PipelineStateManager.java:finalizePipeline(123)) - Pipeline Pipeline[ Id: b02aab29-0bde-4555-9523-c9b99b8f24b4, Nodes: 342a9cc5-324a-404b-a75b-7a8f961d8cef{ip: 192.168.164.219, host: pr-hdds-1868-cfdmt-251076870, networkLocation: /default-rack, certSerialId: null}, Type:RATIS, Factor:ONE, State:CLOSED] moved to CLOSED state
2019-10-14 20:00:06,935 [grpc-default-executor-2] INFO  impl.RaftServerProxy (RaftServerProxy.java:remove(95)) - 342a9cc5-324a-404b-a75b-7a8f961d8cef: remove  FOLLOWER 342a9cc5-324a-404b-a75b-7a8f961d8cef@group-C9B99B8F24B4:t0, leader=null, voted=null, raftlog=342a9cc5-324a-404b-a75b-7a8f961d8cef@group-C9B99B8F24B4-SegmentedRaftLog:OPENED:c-1,f-1,i0, conf=-1: [342a9cc5-324a-404b-a75b-7a8f961d8cef:192.168.164.219:42507], old=null RUNNING
2019-10-14 20:00:06,935 [grpc-default-executor-2] INFO  impl.RaftServerImpl (RaftServerImpl.java:lambda$shutdown$3(247)) - 342a9cc5-324a-404b-a75b-7a8f961d8cef@group-C9B99B8F24B4: shutdown
2019-10-14 20:00:06,936 [grpc-default-executor-2] INFO  util.JmxRegister (JmxRegister.java:unregister(73)) - Successfully un-registered JMX Bean with object name Ratis:service=RaftServer,group=group-C9B99B8F24B4,id=342a9cc5-324a-404b-a75b-7a8f961d8cef
2019-10-14 20:00:06,936 [grpc-default-executor-2] INFO  impl.RoleInfo (RoleInfo.java:shutdownFollowerState(121)) - 342a9cc5-324a-404b-a75b-7a8f961d8cef: shutdown FollowerState
2019-10-14 20:00:06,936 [grpc-default-executor-2] INFO  impl.StateMachineUpdater (StateMachineUpdater.java:stopAndJoin(136)) - 342a9cc5-324a-404b-a75b-7a8f961d8cef@group-C9B99B8F24B4-StateMachineUpdater: set stopIndex = -1
2019-10-14 20:00:06,936 [Thread-183] INFO  impl.FollowerState (FollowerState.java:run(117)) - 342a9cc5-324a-404b-a75b-7a8f961d8cef@group-C9B99B8F24B4-FollowerState was interrupted: java.lang.InterruptedException: sleep interrupted
2019-10-14 20:00:06,939 [grpc-default-executor-2] INFO  impl.RaftServerImpl (ServerState.java:close(387)) - 342a9cc5-324a-404b-a75b-7a8f961d8cef@group-C9B99B8F24B4: closes. applyIndex: -1
2019-10-14 20:00:06,939 [342a9cc5-324a-404b-a75b-7a8f961d8cef@group-C9B99B8F24B4-SegmentedRaftLogWorker] INFO  segmented.SegmentedRaftLogWorker (SegmentedRaftLogWorker.java:run(316)) - 342a9cc5-324a-404b-a75b-7a8f961d8cef@group-C9B99B8F24B4-SegmentedRaftLogWorker was interrupted, exiting. There are 0 tasks remaining in the queue.
2019-10-14 20:00:06,940 [grpc-default-executor-2] INFO  segmented.SegmentedRaftLogWorker (SegmentedRaftLogWorker.java:close(224)) - 342a9cc5-324a-404b-a75b-7a8f961d8cef@group-C9B99B8F24B4-SegmentedRaftLogWorker close()
2019-10-14 20:00:06,950 [Thread-178] INFO  pipeline.PipelineStateManager (PipelineStateManager.java:removePipeline(108)) - Pipeline Pipeline[ Id: b02aab29-0bde-4555-9523-c9b99b8f24b4, Nodes: 342a9cc5-324a-404b-a75b-7a8f961d8cef{ip: 192.168.164.219, host: pr-hdds-1868-cfdmt-251076870, networkLocation: /default-rack, certSerialId: null}, Type:RATIS, Factor:ONE, State:CLOSED] removed from db
2019-10-14 20:00:06,951 [Thread-178] INFO  pipeline.SCMPipelineManager (SCMPipelineManager.java:finalizeAndDestroyPipeline(315)) - destroying pipeline:Pipeline[ Id: e313bb53-4094-4709-8fdd-c39a569c00d8, Nodes: 342a9cc5-324a-404b-a75b-7a8f961d8cef{ip: 192.168.164.219, host: pr-hdds-1868-cfdmt-251076870, networkLocation: /default-rack, certSerialId: null}727e5d48-33ba-4107-8edb-ec10cfcd14a6{ip: 192.168.164.219, host: pr-hdds-1868-cfdmt-251076870, networkLocation: /default-rack, certSerialId: null}d80bfd98-6c63-4bee-825c-92724affc291{ip: 192.168.164.219, host: pr-hdds-1868-cfdmt-251076870, networkLocation: /default-rack, certSerialId: null}, Type:RATIS, Factor:THREE, State:ALLOCATED]
2019-10-14 20:00:06,962 [grpc-default-executor-2] INFO  impl.RaftServerProxy (RaftServerProxy.java:addNew(89)) - 342a9cc5-324a-404b-a75b-7a8f961d8cef: addNew group-0AF0423894D4:[342a9cc5-324a-404b-a75b-7a8f961d8cef:192.168.164.219:42507] returns group-0AF0423894D4:java.util.concurrent.CompletableFuture@217fca37[Not completed]
2019-10-14 20:00:06,963 [pool-37-thread-1] INFO  impl.RaftServerImpl (RaftServerImpl.java:<init>(95)) - 342a9cc5-324a-404b-a75b-7a8f961d8cef: new RaftServerImpl for group-0AF0423894D4:[342a9cc5-324a-404b-a75b-7a8f961d8cef:192.168.164.219:42507] with ContainerStateMachine:uninitialized
2019-10-14 20:00:06,964 [pool-37-thread-1] INFO  server.RaftServerConfigKeys (ConfUtils.java:logGet(43)) - raft.server.rpc.timeout.min = 5s (custom)
2019-10-14 20:00:06,965 [pool-37-thread-1] INFO  server.RaftServerConfigKeys (ConfUtils.java:logGet(43)) - raft.server.rpc.timeout.max = 5200ms (custom)
2019-10-14 20:00:06,965 [pool-37-thread-1] INFO  server.RaftServerConfigKeys (ConfUtils.java:logGet(43)) - raft.server.rpcslowness.timeout = 120s (custom)
2019-10-14 20:00:06,965 [pool-37-thread-1] INFO  server.RaftServerConfigKeys (ConfUtils.java:logGet(43)) - raft.server.sleep.deviation.threshold = 300 (default)
2019-10-14 20:00:06,965 [pool-37-thread-1] INFO  server.RaftServerConfigKeys (ConfUtils.java:logGet(43)) - raft.server.log.appender.install.snapshot.enabled = false (custom)
2019-10-14 20:00:06,965 [pool-37-thread-1] INFO  impl.RaftServerImpl (ServerState.java:<init>(103)) - 342a9cc5-324a-404b-a75b-7a8f961d8cef@group-0AF0423894D4: ConfigurationManager, init=-1: [342a9cc5-324a-404b-a75b-7a8f961d8cef:192.168.164.219:42507], old=null, confs=<EMPTY_MAP>
2019-10-14 20:00:06,965 [pool-37-thread-1] INFO  server.RaftServerConfigKeys (ConfUtils.java:logGet(43)) - raft.server.storage.dir = [/workdir/hadoop-ozone/integration-test/target/test-dir/MiniOzoneClusterImpl-9b283add-5e2c-4af5-9c33-44c9e4cdfd58/datanode-1/data/ratis] (custom)
2019-10-14 20:00:06,966 [pool-37-thread-1] INFO  server.RaftServerConfigKeys (ConfUtils.java:logGet(43)) - raft.server.log.corruption.policy = EXCEPTION (default)
2019-10-14 20:00:06,966 [pool-37-thread-1] INFO  storage.RaftStorageDirectory (RaftStorageDirectory.java:analyzeStorage(246)) - The storage directory /workdir/hadoop-ozone/integration-test/target/test-dir/MiniOzoneClusterImpl-9b283add-5e2c-4af5-9c33-44c9e4cdfd58/datanode-1/data/ratis/e7a78504-7912-4e32-8ef5-0af0423894d4 does not exist. Creating ...
2019-10-14 20:00:06,992 [pool-37-thread-1] INFO  storage.RaftStorageDirectory (RaftStorageDirectory.java:tryLock(328)) - Lock on /workdir/hadoop-ozone/integration-test/target/test-dir/MiniOzoneClusterImpl-9b283add-5e2c-4af5-9c33-44c9e4cdfd58/datanode-1/data/ratis/e7a78504-7912-4e32-8ef5-0af0423894d4/in_use.lock acquired by nodename 2508@pr-hdds-1868-cfdmt-251076870
2019-10-14 20:00:07,017 [pool-37-thread-1] INFO  storage.RaftStorage (RaftStorage.java:format(84)) - Storage directory /workdir/hadoop-ozone/integration-test/target/test-dir/MiniOzoneClusterImpl-9b283add-5e2c-4af5-9c33-44c9e4cdfd58/datanode-1/data/ratis/e7a78504-7912-4e32-8ef5-0af0423894d4 has been successfully formatted.
2019-10-14 20:00:07,017 [pool-37-thread-1] INFO  ratis.ContainerStateMachine (ContainerStateMachine.java:loadSnapshot(233)) - group-0AF0423894D4: The snapshot info is null. Setting the last applied indexto:(t:0, i:~)
2019-10-14 20:00:07,018 [pool-37-thread-1] INFO  server.RaftServerConfigKeys (ConfUtils.java:logGet(43)) - raft.server.notification.no-leader.timeout = 120s (custom)
2019-10-14 20:00:07,018 [pool-37-thread-1] INFO  server.RaftServerConfigKeys (ConfUtils.java:logGet(43)) - raft.server.log.use.memory = false (default)
2019-10-14 20:00:07,018 [pool-37-thread-1] INFO  server.RaftServerConfigKeys (ConfUtils.java:logGet(43)) - raft.server.log.purge.gap = 1000000 (custom)
2019-10-14 20:00:07,018 [pool-37-thread-1] INFO  server.RaftServerConfigKeys (ConfUtils.java:logGet(43)) - raft.server.log.appender.buffer.byte-limit = 33554432 (custom)
2019-10-14 20:00:07,019 [pool-37-thread-1] INFO  server.RaftServerConfigKeys (ConfUtils.java:logGet(43)) - raft.server.log.segment.size.max = 1048576 (custom)
2019-10-14 20:00:07,019 [pool-37-thread-1] INFO  server.RaftServerConfigKeys (ConfUtils.java:logGet(43)) - raft.server.log.segment.cache.num.max = 2 (custom)
2019-10-14 20:00:07,019 [pool-37-thread-1] INFO  segmented.SegmentedRaftLogWorker (SegmentedRaftLogWorker.java:<init>(173)) - new 342a9cc5-324a-404b-a75b-7a8f961d8cef@group-0AF0423894D4-SegmentedRaftLogWorker for RaftStorage:Storage Directory /workdir/hadoop-ozone/integration-test/target/test-dir/MiniOzoneClusterImpl-9b283add-5e2c-4af5-9c33-44c9e4cdfd58/datanode-1/data/ratis/e7a78504-7912-4e32-8ef5-0af0423894d4
2019-10-14 20:00:07,019 [pool-37-thread-1] INFO  server.RaftServerConfigKeys (ConfUtils.java:logGet(43)) - raft.server.log.queue.byte-limit = 2147483647 (custom)
2019-10-14 20:00:07,019 [pool-37-thread-1] INFO  server.RaftServerConfigKeys (ConfUtils.java:logGet(43)) - raft.server.log.queue.element-limit = 1024 (custom)
2019-10-14 20:00:07,019 [pool-37-thread-1] INFO  server.RaftServerConfigKeys (ConfUtils.java:logGet(43)) - raft.server.log.segment.size.max = 1048576 (custom)
2019-10-14 20:00:07,020 [pool-37-thread-1] INFO  server.RaftServerConfigKeys (ConfUtils.java:logGet(43)) - raft.server.log.preallocated.size = 16384 (custom)
2019-10-14 20:00:07,020 [pool-37-thread-1] INFO  server.RaftServerConfigKeys (ConfUtils.java:logGet(43)) - raft.server.log.write.buffer.size = 33554432 (custom)
2019-10-14 20:00:07,020 [pool-37-thread-1] INFO  server.RaftServerConfigKeys (ConfUtils.java:logGet(43)) - raft.server.log.force.sync.num = 128 (default)
2019-10-14 20:00:07,020 [pool-37-thread-1] INFO  server.RaftServerConfigKeys (ConfUtils.java:logGet(43)) - raft.server.log.statemachine.data.sync = true (default)
2019-10-14 20:00:07,020 [pool-37-thread-1] INFO  server.RaftServerConfigKeys (ConfUtils.java:logGet(43)) - raft.server.log.statemachine.data.sync.timeout = 10s (default)
2019-10-14 20:00:07,020 [pool-37-thread-1] INFO  server.RaftServerConfigKeys (ConfUtils.java:logGet(43)) - raft.server.log.statemachine.data.sync.timeout.retry = -1 (default)
2019-10-14 20:00:07,021 [pool-37-thread-1] INFO  server.RaftServerConfigKeys (ConfUtils.java:logGet(43)) - raft.server.log.statemachine.data.caching.enabled = true (custom)
2019-10-14 20:00:07,021 [pool-37-thread-1] INFO  segmented.SegmentedRaftLogWorker (SegmentedRaftLogWorker.java:lambda$new$0(128)) - 342a9cc5-324a-404b-a75b-7a8f961d8cef@group-0AF0423894D4-SegmentedRaftLogWorker: flushIndex: setUnconditionally 0 -> -1
2019-10-14 20:00:07,022 [pool-37-thread-1] INFO  server.RaftServerConfigKeys (ConfUtils.java:logGet(43)) - raft.server.snapshot.auto.trigger.enabled = true (custom)
2019-10-14 20:00:07,022 [pool-37-thread-1] INFO  server.RaftServerConfigKeys (ConfUtils.java:logGet(43)) - raft.server.snapshot.auto.trigger.threshold = 10000 (custom)
2019-10-14 20:00:07,022 [pool-37-thread-1] INFO  server.RaftServerConfigKeys (ConfUtils.java:logGet(43)) - raft.server.snapshot.retention.file.num = 5 (custom)
2019-10-14 20:00:07,022 [pool-37-thread-1] INFO  server.RaftServerConfigKeys (ConfUtils.java:logGet(43)) - raft.server.retrycache.expirytime = 600000ms (custom)
2019-10-14 20:00:07,026 [pool-37-thread-1] INFO  impl.RaftServerImpl (RaftServerImpl.java:start(181)) - 342a9cc5-324a-404b-a75b-7a8f961d8cef@group-0AF0423894D4: start as a follower, conf=-1: [342a9cc5-324a-404b-a75b-7a8f961d8cef:192.168.164.219:42507], old=null
2019-10-14 20:00:07,026 [pool-37-thread-1] INFO  impl.RaftServerImpl (RaftServerImpl.java:setRole(170)) - 342a9cc5-324a-404b-a75b-7a8f961d8cef@group-0AF0423894D4: changes role from      null to FOLLOWER at term 0 for startAsFollower
2019-10-14 20:00:07,026 [pool-37-thread-1] INFO  impl.RoleInfo (RoleInfo.java:updateAndGet(143)) - 342a9cc5-324a-404b-a75b-7a8f961d8cef: start FollowerState
2019-10-14 20:00:07,026 [pool-37-thread-1] INFO  util.JmxRegister (JmxRegister.java:tryRegister(44)) - Successfully registered JMX Bean with object name Ratis:service=RaftServer,group=group-0AF0423894D4,id=342a9cc5-324a-404b-a75b-7a8f961d8cef
2019-10-14 20:00:07,037 [RatisPipelineUtilsThread] INFO  pipeline.PipelineStateManager (PipelineStateManager.java:addPipeline(57)) - Created pipeline Pipeline[ Id: e7a78504-7912-4e32-8ef5-0af0423894d4, Nodes: 342a9cc5-324a-404b-a75b-7a8f961d8cef{ip: 192.168.164.219, host: pr-hdds-1868-cfdmt-251076870, networkLocation: /default-rack, certSerialId: null}, Type:RATIS, Factor:ONE, State:ALLOCATED]
2019-10-14 20:00:07,038 [Thread-178] INFO  pipeline.PipelineStateManager (PipelineStateManager.java:finalizePipeline(123)) - Pipeline Pipeline[ Id: e313bb53-4094-4709-8fdd-c39a569c00d8, Nodes: 342a9cc5-324a-404b-a75b-7a8f961d8cef{ip: 192.168.164.219, host: pr-hdds-1868-cfdmt-251076870, networkLocation: /default-rack, certSerialId: null}727e5d48-33ba-4107-8edb-ec10cfcd14a6{ip: 192.168.164.219, host: pr-hdds-1868-cfdmt-251076870, networkLocation: /default-rack, certSerialId: null}d80bfd98-6c63-4bee-825c-92724affc291{ip: 192.168.164.219, host: pr-hdds-1868-cfdmt-251076870, networkLocation: /default-rack, certSerialId: null}, Type:RATIS, Factor:THREE, State:CLOSED] moved to CLOSED state
2019-10-14 20:00:07,049 [grpc-default-executor-2] INFO  impl.RaftServerProxy (RaftServerProxy.java:remove(95)) - 342a9cc5-324a-404b-a75b-7a8f961d8cef: remove  FOLLOWER 342a9cc5-324a-404b-a75b-7a8f961d8cef@group-C39A569C00D8:t0, leader=null, voted=null, raftlog=342a9cc5-324a-404b-a75b-7a8f961d8cef@group-C39A569C00D8-SegmentedRaftLog:OPENED:c-1,f-1,i0, conf=-1: [d80bfd98-6c63-4bee-825c-92724affc291:192.168.164.219:45741, 727e5d48-33ba-4107-8edb-ec10cfcd14a6:192.168.164.219:43140, 342a9cc5-324a-404b-a75b-7a8f961d8cef:192.168.164.219:42507], old=null RUNNING
2019-10-14 20:00:07,049 [grpc-default-executor-2] INFO  impl.RaftServerImpl (RaftServerImpl.java:lambda$shutdown$3(247)) - 342a9cc5-324a-404b-a75b-7a8f961d8cef@group-C39A569C00D8: shutdown
2019-10-14 20:00:07,050 [grpc-default-executor-2] INFO  util.JmxRegister (JmxRegister.java:unregister(73)) - Successfully un-registered JMX Bean with object name Ratis:service=RaftServer,group=group-C39A569C00D8,id=342a9cc5-324a-404b-a75b-7a8f961d8cef
2019-10-14 20:00:07,050 [grpc-default-executor-2] INFO  impl.RoleInfo (RoleInfo.java:shutdownFollowerState(121)) - 342a9cc5-324a-404b-a75b-7a8f961d8cef: shutdown FollowerState
2019-10-14 20:00:07,050 [grpc-default-executor-2] INFO  impl.StateMachineUpdater (StateMachineUpdater.java:stopAndJoin(136)) - 342a9cc5-324a-404b-a75b-7a8f961d8cef@group-C39A569C00D8-StateMachineUpdater: set stopIndex = -1
2019-10-14 20:00:07,050 [Thread-193] INFO  impl.FollowerState (FollowerState.java:run(117)) - 342a9cc5-324a-404b-a75b-7a8f961d8cef@group-C39A569C00D8-FollowerState was interrupted: java.lang.InterruptedException: sleep interrupted
2019-10-14 20:00:07,051 [grpc-default-executor-2] INFO  impl.RaftServerImpl (ServerState.java:close(387)) - 342a9cc5-324a-404b-a75b-7a8f961d8cef@group-C39A569C00D8: closes. applyIndex: -1
2019-10-14 20:00:07,052 [342a9cc5-324a-404b-a75b-7a8f961d8cef@group-C39A569C00D8-SegmentedRaftLogWorker] INFO  segmented.SegmentedRaftLogWorker (SegmentedRaftLogWorker.java:run(316)) - 342a9cc5-324a-404b-a75b-7a8f961d8cef@group-C39A569C00D8-SegmentedRaftLogWorker was interrupted, exiting. There are 0 tasks remaining in the queue.
2019-10-14 20:00:07,053 [grpc-default-executor-2] INFO  segmented.SegmentedRaftLogWorker (SegmentedRaftLogWorker.java:close(224)) - 342a9cc5-324a-404b-a75b-7a8f961d8cef@group-C39A569C00D8-SegmentedRaftLogWorker close()
2019-10-14 20:00:07,074 [grpc-default-executor-2] INFO  impl.RaftServerProxy (RaftServerProxy.java:remove(95)) - 727e5d48-33ba-4107-8edb-ec10cfcd14a6: remove  FOLLOWER 727e5d48-33ba-4107-8edb-ec10cfcd14a6@group-C39A569C00D8:t0, leader=null, voted=null, raftlog=727e5d48-33ba-4107-8edb-ec10cfcd14a6@group-C39A569C00D8-SegmentedRaftLog:OPENED:c-1,f-1,i0, conf=-1: [d80bfd98-6c63-4bee-825c-92724affc291:192.168.164.219:45741, 727e5d48-33ba-4107-8edb-ec10cfcd14a6:192.168.164.219:43140, 342a9cc5-324a-404b-a75b-7a8f961d8cef:192.168.164.219:42507], old=null RUNNING
2019-10-14 20:00:07,074 [grpc-default-executor-2] INFO  impl.RaftServerImpl (RaftServerImpl.java:lambda$shutdown$3(247)) - 727e5d48-33ba-4107-8edb-ec10cfcd14a6@group-C39A569C00D8: shutdown
2019-10-14 20:00:07,074 [grpc-default-executor-2] INFO  util.JmxRegister (JmxRegister.java:unregister(73)) - Successfully un-registered JMX Bean with object name Ratis:service=RaftServer,group=group-C39A569C00D8,id=727e5d48-33ba-4107-8edb-ec10cfcd14a6
2019-10-14 20:00:07,075 [grpc-default-executor-2] INFO  impl.RoleInfo (RoleInfo.java:shutdownFollowerState(121)) - 727e5d48-33ba-4107-8edb-ec10cfcd14a6: shutdown FollowerState
2019-10-14 20:00:07,075 [grpc-default-executor-2] INFO  impl.StateMachineUpdater (StateMachineUpdater.java:stopAndJoin(136)) - 727e5d48-33ba-4107-8edb-ec10cfcd14a6@group-C39A569C00D8-StateMachineUpdater: set stopIndex = -1
2019-10-14 20:00:07,076 [grpc-default-executor-2] INFO  impl.RaftServerImpl (ServerState.java:close(387)) - 727e5d48-33ba-4107-8edb-ec10cfcd14a6@group-C39A569C00D8: closes. applyIndex: -1
2019-10-14 20:00:07,075 [Thread-192] INFO  impl.FollowerState (FollowerState.java:run(117)) - 727e5d48-33ba-4107-8edb-ec10cfcd14a6@group-C39A569C00D8-FollowerState was interrupted: java.lang.InterruptedException: sleep interrupted
2019-10-14 20:00:07,077 [727e5d48-33ba-4107-8edb-ec10cfcd14a6@group-C39A569C00D8-SegmentedRaftLogWorker] INFO  segmented.SegmentedRaftLogWorker (SegmentedRaftLogWorker.java:run(316)) - 727e5d48-33ba-4107-8edb-ec10cfcd14a6@group-C39A569C00D8-SegmentedRaftLogWorker was interrupted, exiting. There are 0 tasks remaining in the queue.
2019-10-14 20:00:07,077 [grpc-default-executor-2] INFO  segmented.SegmentedRaftLogWorker (SegmentedRaftLogWorker.java:close(224)) - 727e5d48-33ba-4107-8edb-ec10cfcd14a6@group-C39A569C00D8-SegmentedRaftLogWorker close()
2019-10-14 20:00:07,094 [grpc-default-executor-2] INFO  impl.RaftServerProxy (RaftServerProxy.java:remove(95)) - d80bfd98-6c63-4bee-825c-92724affc291: remove  FOLLOWER d80bfd98-6c63-4bee-825c-92724affc291@group-C39A569C00D8:t0, leader=null, voted=null, raftlog=d80bfd98-6c63-4bee-825c-92724affc291@group-C39A569C00D8-SegmentedRaftLog:OPENED:c-1,f-1,i0, conf=-1: [d80bfd98-6c63-4bee-825c-92724affc291:192.168.164.219:45741, 727e5d48-33ba-4107-8edb-ec10cfcd14a6:192.168.164.219:43140, 342a9cc5-324a-404b-a75b-7a8f961d8cef:192.168.164.219:42507], old=null RUNNING
2019-10-14 20:00:07,094 [grpc-default-executor-2] INFO  impl.RaftServerImpl (RaftServerImpl.java:lambda$shutdown$3(247)) - d80bfd98-6c63-4bee-825c-92724affc291@group-C39A569C00D8: shutdown
2019-10-14 20:00:07,095 [grpc-default-executor-2] INFO  util.JmxRegister (JmxRegister.java:unregister(73)) - Successfully un-registered JMX Bean with object name Ratis:service=RaftServer,group=group-C39A569C00D8,id=d80bfd98-6c63-4bee-825c-92724affc291
2019-10-14 20:00:07,095 [grpc-default-executor-2] INFO  impl.RoleInfo (RoleInfo.java:shutdownFollowerState(121)) - d80bfd98-6c63-4bee-825c-92724affc291: shutdown FollowerState
2019-10-14 20:00:07,095 [grpc-default-executor-2] INFO  impl.StateMachineUpdater (StateMachineUpdater.java:stopAndJoin(136)) - d80bfd98-6c63-4bee-825c-92724affc291@group-C39A569C00D8-StateMachineUpdater: set stopIndex = -1
2019-10-14 20:00:07,095 [Thread-191] INFO  impl.FollowerState (FollowerState.java:run(117)) - d80bfd98-6c63-4bee-825c-92724affc291@group-C39A569C00D8-FollowerState was interrupted: java.lang.InterruptedException: sleep interrupted
2019-10-14 20:00:07,096 [grpc-default-executor-2] INFO  impl.RaftServerImpl (ServerState.java:close(387)) - d80bfd98-6c63-4bee-825c-92724affc291@group-C39A569C00D8: closes. applyIndex: -1
2019-10-14 20:00:07,097 [d80bfd98-6c63-4bee-825c-92724affc291@group-C39A569C00D8-SegmentedRaftLogWorker] INFO  segmented.SegmentedRaftLogWorker (SegmentedRaftLogWorker.java:run(316)) - d80bfd98-6c63-4bee-825c-92724affc291@group-C39A569C00D8-SegmentedRaftLogWorker was interrupted, exiting. There are 0 tasks remaining in the queue.
2019-10-14 20:00:07,097 [grpc-default-executor-2] INFO  segmented.SegmentedRaftLogWorker (SegmentedRaftLogWorker.java:close(224)) - d80bfd98-6c63-4bee-825c-92724affc291@group-C39A569C00D8-SegmentedRaftLogWorker close()
2019-10-14 20:00:07,106 [Thread-178] INFO  pipeline.PipelineStateManager (PipelineStateManager.java:removePipeline(108)) - Pipeline Pipeline[ Id: e313bb53-4094-4709-8fdd-c39a569c00d8, Nodes: 342a9cc5-324a-404b-a75b-7a8f961d8cef{ip: 192.168.164.219, host: pr-hdds-1868-cfdmt-251076870, networkLocation: /default-rack, certSerialId: null}727e5d48-33ba-4107-8edb-ec10cfcd14a6{ip: 192.168.164.219, host: pr-hdds-1868-cfdmt-251076870, networkLocation: /default-rack, certSerialId: null}d80bfd98-6c63-4bee-825c-92724affc291{ip: 192.168.164.219, host: pr-hdds-1868-cfdmt-251076870, networkLocation: /default-rack, certSerialId: null}, Type:RATIS, Factor:THREE, State:CLOSED] removed from db
2019-10-14 20:00:07,107 [Thread-178] INFO  pipeline.SCMPipelineManager (SCMPipelineManager.java:finalizeAndDestroyPipeline(315)) - destroying pipeline:Pipeline[ Id: 592b9c3e-b519-4112-a16d-29f10ba3242e, Nodes: 727e5d48-33ba-4107-8edb-ec10cfcd14a6{ip: 192.168.164.219, host: pr-hdds-1868-cfdmt-251076870, networkLocation: /default-rack, certSerialId: null}, Type:RATIS, Factor:ONE, State:ALLOCATED]
2019-10-14 20:00:07,124 [grpc-default-executor-1] INFO  impl.RaftServerProxy (RaftServerProxy.java:addNew(89)) - 342a9cc5-324a-404b-a75b-7a8f961d8cef: addNew group-403CDB5C54F1:[d80bfd98-6c63-4bee-825c-92724affc291:192.168.164.219:45741, 727e5d48-33ba-4107-8edb-ec10cfcd14a6:192.168.164.219:43140, 342a9cc5-324a-404b-a75b-7a8f961d8cef:192.168.164.219:42507] returns group-403CDB5C54F1:java.util.concurrent.CompletableFuture@59f45e36[Not completed]
2019-10-14 20:00:07,125 [grpc-default-executor-0] INFO  impl.RaftServerProxy (RaftServerProxy.java:addNew(89)) - d80bfd98-6c63-4bee-825c-92724affc291: addNew group-403CDB5C54F1:[d80bfd98-6c63-4bee-825c-92724affc291:192.168.164.219:45741, 727e5d48-33ba-4107-8edb-ec10cfcd14a6:192.168.164.219:43140, 342a9cc5-324a-404b-a75b-7a8f961d8cef:192.168.164.219:42507] returns group-403CDB5C54F1:java.util.concurrent.CompletableFuture@938d88e[Not completed]
2019-10-14 20:00:07,126 [grpc-default-executor-1] INFO  impl.RaftServerProxy (RaftServerProxy.java:addNew(89)) - 727e5d48-33ba-4107-8edb-ec10cfcd14a6: addNew group-403CDB5C54F1:[d80bfd98-6c63-4bee-825c-92724affc291:192.168.164.219:45741, 727e5d48-33ba-4107-8edb-ec10cfcd14a6:192.168.164.219:43140, 342a9cc5-324a-404b-a75b-7a8f961d8cef:192.168.164.219:42507] returns group-403CDB5C54F1:java.util.concurrent.CompletableFuture@51bf4d0c[Not completed]
2019-10-14 20:00:07,126 [pool-37-thread-1] INFO  impl.RaftServerImpl (RaftServerImpl.java:<init>(95)) - 342a9cc5-324a-404b-a75b-7a8f961d8cef: new RaftServerImpl for group-403CDB5C54F1:[d80bfd98-6c63-4bee-825c-92724affc291:192.168.164.219:45741, 727e5d48-33ba-4107-8edb-ec10cfcd14a6:192.168.164.219:43140, 342a9cc5-324a-404b-a75b-7a8f961d8cef:192.168.164.219:42507] with ContainerStateMachine:uninitialized
2019-10-14 20:00:07,126 [pool-37-thread-1] INFO  server.RaftServerConfigKeys (ConfUtils.java:logGet(43)) - raft.server.rpc.timeout.min = 5s (custom)
2019-10-14 20:00:07,127 [pool-37-thread-1] INFO  server.RaftServerConfigKeys (ConfUtils.java:logGet(43)) - raft.server.rpc.timeout.max = 5200ms (custom)
2019-10-14 20:00:07,127 [pool-37-thread-1] INFO  server.RaftServerConfigKeys (ConfUtils.java:logGet(43)) - raft.server.rpcslowness.timeout = 120s (custom)
2019-10-14 20:00:07,127 [pool-47-thread-1] INFO  impl.RaftServerImpl (RaftServerImpl.java:<init>(95)) - 727e5d48-33ba-4107-8edb-ec10cfcd14a6: new RaftServerImpl for group-403CDB5C54F1:[d80bfd98-6c63-4bee-825c-92724affc291:192.168.164.219:45741, 727e5d48-33ba-4107-8edb-ec10cfcd14a6:192.168.164.219:43140, 342a9cc5-324a-404b-a75b-7a8f961d8cef:192.168.164.219:42507] with ContainerStateMachine:uninitialized
2019-10-14 20:00:07,127 [pool-37-thread-1] INFO  server.RaftServerConfigKeys (ConfUtils.java:logGet(43)) - raft.server.sleep.deviation.threshold = 300 (default)
2019-10-14 20:00:07,127 [pool-47-thread-1] INFO  server.RaftServerConfigKeys (ConfUtils.java:logGet(43)) - raft.server.rpc.timeout.min = 5s (custom)
2019-10-14 20:00:07,127 [pool-37-thread-1] INFO  server.RaftServerConfigKeys (ConfUtils.java:logGet(43)) - raft.server.log.appender.install.snapshot.enabled = false (custom)
2019-10-14 20:00:07,127 [pool-47-thread-1] INFO  server.RaftServerConfigKeys (ConfUtils.java:logGet(43)) - raft.server.rpc.timeout.max = 5200ms (custom)
2019-10-14 20:00:07,127 [pool-37-thread-1] INFO  impl.RaftServerImpl (ServerState.java:<init>(103)) - 342a9cc5-324a-404b-a75b-7a8f961d8cef@group-403CDB5C54F1: ConfigurationManager, init=-1: [d80bfd98-6c63-4bee-825c-92724affc291:192.168.164.219:45741, 727e5d48-33ba-4107-8edb-ec10cfcd14a6:192.168.164.219:43140, 342a9cc5-324a-404b-a75b-7a8f961d8cef:192.168.164.219:42507], old=null, confs=<EMPTY_MAP>
2019-10-14 20:00:07,128 [pool-47-thread-1] INFO  server.RaftServerConfigKeys (ConfUtils.java:logGet(43)) - raft.server.rpcslowness.timeout = 120s (custom)
2019-10-14 20:00:07,128 [pool-37-thread-1] INFO  server.RaftServerConfigKeys (ConfUtils.java:logGet(43)) - raft.server.storage.dir = [/workdir/hadoop-ozone/integration-test/target/test-dir/MiniOzoneClusterImpl-9b283add-5e2c-4af5-9c33-44c9e4cdfd58/datanode-1/data/ratis] (custom)
2019-10-14 20:00:07,128 [pool-47-thread-1] INFO  server.RaftServerConfigKeys (ConfUtils.java:logGet(43)) - raft.server.sleep.deviation.threshold = 300 (default)
2019-10-14 20:00:07,128 [pool-47-thread-1] INFO  server.RaftServerConfigKeys (ConfUtils.java:logGet(43)) - raft.server.log.appender.install.snapshot.enabled = false (custom)
2019-10-14 20:00:07,128 [pool-27-thread-1] INFO  impl.RaftServerImpl (RaftServerImpl.java:<init>(95)) - d80bfd98-6c63-4bee-825c-92724affc291: new RaftServerImpl for group-403CDB5C54F1:[d80bfd98-6c63-4bee-825c-92724affc291:192.168.164.219:45741, 727e5d48-33ba-4107-8edb-ec10cfcd14a6:192.168.164.219:43140, 342a9cc5-324a-404b-a75b-7a8f961d8cef:192.168.164.219:42507] with ContainerStateMachine:uninitialized
2019-10-14 20:00:07,128 [pool-37-thread-1] INFO  server.RaftServerConfigKeys (ConfUtils.java:logGet(43)) - raft.server.log.corruption.policy = EXCEPTION (default)
2019-10-14 20:00:07,128 [pool-27-thread-1] INFO  server.RaftServerConfigKeys (ConfUtils.java:logGet(43)) - raft.server.rpc.timeout.min = 5s (custom)
2019-10-14 20:00:07,128 [pool-37-thread-1] INFO  storage.RaftStorageDirectory (RaftStorageDirectory.java:analyzeStorage(246)) - The storage directory /workdir/hadoop-ozone/integration-test/target/test-dir/MiniOzoneClusterImpl-9b283add-5e2c-4af5-9c33-44c9e4cdfd58/datanode-1/data/ratis/cd58a181-01a6-4865-89a6-403cdb5c54f1 does not exist. Creating ...
2019-10-14 20:00:07,128 [pool-47-thread-1] INFO  impl.RaftServerImpl (ServerState.java:<init>(103)) - 727e5d48-33ba-4107-8edb-ec10cfcd14a6@group-403CDB5C54F1: ConfigurationManager, init=-1: [d80bfd98-6c63-4bee-825c-92724affc291:192.168.164.219:45741, 727e5d48-33ba-4107-8edb-ec10cfcd14a6:192.168.164.219:43140, 342a9cc5-324a-404b-a75b-7a8f961d8cef:192.168.164.219:42507], old=null, confs=<EMPTY_MAP>
2019-10-14 20:00:07,128 [pool-27-thread-1] INFO  server.RaftServerConfigKeys (ConfUtils.java:logGet(43)) - raft.server.rpc.timeout.max = 5200ms (custom)
2019-10-14 20:00:07,129 [pool-47-thread-1] INFO  server.RaftServerConfigKeys (ConfUtils.java:logGet(43)) - raft.server.storage.dir = [/workdir/hadoop-ozone/integration-test/target/test-dir/MiniOzoneClusterImpl-9b283add-5e2c-4af5-9c33-44c9e4cdfd58/datanode-2/data/ratis] (custom)
2019-10-14 20:00:07,129 [pool-27-thread-1] INFO  server.RaftServerConfigKeys (ConfUtils.java:logGet(43)) - raft.server.rpcslowness.timeout = 120s (custom)
2019-10-14 20:00:07,129 [pool-47-thread-1] INFO  server.RaftServerConfigKeys (ConfUtils.java:logGet(43)) - raft.server.log.corruption.policy = EXCEPTION (default)
2019-10-14 20:00:07,129 [pool-27-thread-1] INFO  server.RaftServerConfigKeys (ConfUtils.java:logGet(43)) - raft.server.sleep.deviation.threshold = 300 (default)
2019-10-14 20:00:07,129 [pool-47-thread-1] INFO  storage.RaftStorageDirectory (RaftStorageDirectory.java:analyzeStorage(246)) - The storage directory /workdir/hadoop-ozone/integration-test/target/test-dir/MiniOzoneClusterImpl-9b283add-5e2c-4af5-9c33-44c9e4cdfd58/datanode-2/data/ratis/cd58a181-01a6-4865-89a6-403cdb5c54f1 does not exist. Creating ...
2019-10-14 20:00:07,129 [pool-27-thread-1] INFO  server.RaftServerConfigKeys (ConfUtils.java:logGet(43)) - raft.server.log.appender.install.snapshot.enabled = false (custom)
2019-10-14 20:00:07,130 [pool-27-thread-1] INFO  impl.RaftServerImpl (ServerState.java:<init>(103)) - d80bfd98-6c63-4bee-825c-92724affc291@group-403CDB5C54F1: ConfigurationManager, init=-1: [d80bfd98-6c63-4bee-825c-92724affc291:192.168.164.219:45741, 727e5d48-33ba-4107-8edb-ec10cfcd14a6:192.168.164.219:43140, 342a9cc5-324a-404b-a75b-7a8f961d8cef:192.168.164.219:42507], old=null, confs=<EMPTY_MAP>
2019-10-14 20:00:07,130 [pool-27-thread-1] INFO  server.RaftServerConfigKeys (ConfUtils.java:logGet(43)) - raft.server.storage.dir = [/workdir/hadoop-ozone/integration-test/target/test-dir/MiniOzoneClusterImpl-9b283add-5e2c-4af5-9c33-44c9e4cdfd58/datanode-0/data/ratis] (custom)
2019-10-14 20:00:07,130 [pool-27-thread-1] INFO  server.RaftServerConfigKeys (ConfUtils.java:logGet(43)) - raft.server.log.corruption.policy = EXCEPTION (default)
2019-10-14 20:00:07,130 [pool-27-thread-1] INFO  storage.RaftStorageDirectory (RaftStorageDirectory.java:analyzeStorage(246)) - The storage directory /workdir/hadoop-ozone/integration-test/target/test-dir/MiniOzoneClusterImpl-9b283add-5e2c-4af5-9c33-44c9e4cdfd58/datanode-0/data/ratis/cd58a181-01a6-4865-89a6-403cdb5c54f1 does not exist. Creating ...
2019-10-14 20:00:07,168 [pool-37-thread-1] INFO  storage.RaftStorageDirectory (RaftStorageDirectory.java:tryLock(328)) - Lock on /workdir/hadoop-ozone/integration-test/target/test-dir/MiniOzoneClusterImpl-9b283add-5e2c-4af5-9c33-44c9e4cdfd58/datanode-1/data/ratis/cd58a181-01a6-4865-89a6-403cdb5c54f1/in_use.lock acquired by nodename 2508@pr-hdds-1868-cfdmt-251076870
2019-10-14 20:00:07,168 [pool-27-thread-1] INFO  storage.RaftStorageDirectory (RaftStorageDirectory.java:tryLock(328)) - Lock on /workdir/hadoop-ozone/integration-test/target/test-dir/MiniOzoneClusterImpl-9b283add-5e2c-4af5-9c33-44c9e4cdfd58/datanode-0/data/ratis/cd58a181-01a6-4865-89a6-403cdb5c54f1/in_use.lock acquired by nodename 2508@pr-hdds-1868-cfdmt-251076870
2019-10-14 20:00:07,168 [pool-47-thread-1] INFO  storage.RaftStorageDirectory (RaftStorageDirectory.java:tryLock(328)) - Lock on /workdir/hadoop-ozone/integration-test/target/test-dir/MiniOzoneClusterImpl-9b283add-5e2c-4af5-9c33-44c9e4cdfd58/datanode-2/data/ratis/cd58a181-01a6-4865-89a6-403cdb5c54f1/in_use.lock acquired by nodename 2508@pr-hdds-1868-cfdmt-251076870
2019-10-14 20:00:07,193 [pool-37-thread-1] INFO  storage.RaftStorage (RaftStorage.java:format(84)) - Storage directory /workdir/hadoop-ozone/integration-test/target/test-dir/MiniOzoneClusterImpl-9b283add-5e2c-4af5-9c33-44c9e4cdfd58/datanode-1/data/ratis/cd58a181-01a6-4865-89a6-403cdb5c54f1 has been successfully formatted.
2019-10-14 20:00:07,193 [pool-47-thread-1] INFO  storage.RaftStorage (RaftStorage.java:format(84)) - Storage directory /workdir/hadoop-ozone/integration-test/target/test-dir/MiniOzoneClusterImpl-9b283add-5e2c-4af5-9c33-44c9e4cdfd58/datanode-2/data/ratis/cd58a181-01a6-4865-89a6-403cdb5c54f1 has been successfully formatted.
2019-10-14 20:00:07,193 [pool-27-thread-1] INFO  storage.RaftStorage (RaftStorage.java:format(84)) - Storage directory /workdir/hadoop-ozone/integration-test/target/test-dir/MiniOzoneClusterImpl-9b283add-5e2c-4af5-9c33-44c9e4cdfd58/datanode-0/data/ratis/cd58a181-01a6-4865-89a6-403cdb5c54f1 has been successfully formatted.
2019-10-14 20:00:07,194 [pool-37-thread-1] INFO  ratis.ContainerStateMachine (ContainerStateMachine.java:loadSnapshot(233)) - group-403CDB5C54F1: The snapshot info is null. Setting the last applied indexto:(t:0, i:~)
2019-10-14 20:00:07,194 [pool-47-thread-1] INFO  ratis.ContainerStateMachine (ContainerStateMachine.java:loadSnapshot(233)) - group-403CDB5C54F1: The snapshot info is null. Setting the last applied indexto:(t:0, i:~)
2019-10-14 20:00:07,194 [pool-37-thread-1] INFO  server.RaftServerConfigKeys (ConfUtils.java:logGet(43)) - raft.server.notification.no-leader.timeout = 120s (custom)
2019-10-14 20:00:07,194 [pool-27-thread-1] INFO  ratis.ContainerStateMachine (ContainerStateMachine.java:loadSnapshot(233)) - group-403CDB5C54F1: The snapshot info is null. Setting the last applied indexto:(t:0, i:~)
2019-10-14 20:00:07,194 [pool-37-thread-1] INFO  server.RaftServerConfigKeys (ConfUtils.java:logGet(43)) - raft.server.log.use.memory = false (default)
2019-10-14 20:00:07,194 [pool-47-thread-1] INFO  server.RaftServerConfigKeys (ConfUtils.java:logGet(43)) - raft.server.notification.no-leader.timeout = 120s (custom)
2019-10-14 20:00:07,194 [pool-37-thread-1] INFO  server.RaftServerConfigKeys (ConfUtils.java:logGet(43)) - raft.server.log.purge.gap = 1000000 (custom)
2019-10-14 20:00:07,194 [pool-27-thread-1] INFO  server.RaftServerConfigKeys (ConfUtils.java:logGet(43)) - raft.server.notification.no-leader.timeout = 120s (custom)
2019-10-14 20:00:07,195 [pool-37-thread-1] INFO  server.RaftServerConfigKeys (ConfUtils.java:logGet(43)) - raft.server.log.appender.buffer.byte-limit = 33554432 (custom)
2019-10-14 20:00:07,194 [pool-47-thread-1] INFO  server.RaftServerConfigKeys (ConfUtils.java:logGet(43)) - raft.server.log.use.memory = false (default)
2019-10-14 20:00:07,195 [pool-37-thread-1] INFO  server.RaftServerConfigKeys (ConfUtils.java:logGet(43)) - raft.server.log.segment.size.max = 1048576 (custom)
2019-10-14 20:00:07,195 [pool-27-thread-1] INFO  server.RaftServerConfigKeys (ConfUtils.java:logGet(43)) - raft.server.log.use.memory = false (default)
2019-10-14 20:00:07,195 [pool-37-thread-1] INFO  server.RaftServerConfigKeys (ConfUtils.java:logGet(43)) - raft.server.log.segment.cache.num.max = 2 (custom)
2019-10-14 20:00:07,195 [pool-47-thread-1] INFO  server.RaftServerConfigKeys (ConfUtils.java:logGet(43)) - raft.server.log.purge.gap = 1000000 (custom)
2019-10-14 20:00:07,195 [pool-37-thread-1] INFO  segmented.SegmentedRaftLogWorker (SegmentedRaftLogWorker.java:<init>(173)) - new 342a9cc5-324a-404b-a75b-7a8f961d8cef@group-403CDB5C54F1-SegmentedRaftLogWorker for RaftStorage:Storage Directory /workdir/hadoop-ozone/integration-test/target/test-dir/MiniOzoneClusterImpl-9b283add-5e2c-4af5-9c33-44c9e4cdfd58/datanode-1/data/ratis/cd58a181-01a6-4865-89a6-403cdb5c54f1
2019-10-14 20:00:07,195 [pool-27-thread-1] INFO  server.RaftServerConfigKeys (ConfUtils.java:logGet(43)) - raft.server.log.purge.gap = 1000000 (custom)
2019-10-14 20:00:07,195 [pool-37-thread-1] INFO  server.RaftServerConfigKeys (ConfUtils.java:logGet(43)) - raft.server.log.queue.byte-limit = 2147483647 (custom)
2019-10-14 20:00:07,195 [pool-47-thread-1] INFO  server.RaftServerConfigKeys (ConfUtils.java:logGet(43)) - raft.server.log.appender.buffer.byte-limit = 33554432 (custom)
2019-10-14 20:00:07,196 [pool-37-thread-1] INFO  server.RaftServerConfigKeys (ConfUtils.java:logGet(43)) - raft.server.log.queue.element-limit = 1024 (custom)
2019-10-14 20:00:07,196 [pool-27-thread-1] INFO  server.RaftServerConfigKeys (ConfUtils.java:logGet(43)) - raft.server.log.appender.buffer.byte-limit = 33554432 (custom)
2019-10-14 20:00:07,196 [pool-37-thread-1] INFO  server.RaftServerConfigKeys (ConfUtils.java:logGet(43)) - raft.server.log.segment.size.max = 1048576 (custom)
2019-10-14 20:00:07,196 [pool-47-thread-1] INFO  server.RaftServerConfigKeys (ConfUtils.java:logGet(43)) - raft.server.log.segment.size.max = 1048576 (custom)
2019-10-14 20:00:07,196 [pool-37-thread-1] INFO  server.RaftServerConfigKeys (ConfUtils.java:logGet(43)) - raft.server.log.preallocated.size = 16384 (custom)
2019-10-14 20:00:07,196 [pool-27-thread-1] INFO  server.RaftServerConfigKeys (ConfUtils.java:logGet(43)) - raft.server.log.segment.size.max = 1048576 (custom)
2019-10-14 20:00:07,196 [pool-37-thread-1] INFO  server.RaftServerConfigKeys (ConfUtils.java:logGet(43)) - raft.server.log.write.buffer.size = 33554432 (custom)
2019-10-14 20:00:07,196 [pool-47-thread-1] INFO  server.RaftServerConfigKeys (ConfUtils.java:logGet(43)) - raft.server.log.segment.cache.num.max = 2 (custom)
2019-10-14 20:00:07,197 [pool-37-thread-1] INFO  server.RaftServerConfigKeys (ConfUtils.java:logGet(43)) - raft.server.log.force.sync.num = 128 (default)
2019-10-14 20:00:07,197 [pool-27-thread-1] INFO  server.RaftServerConfigKeys (ConfUtils.java:logGet(43)) - raft.server.log.segment.cache.num.max = 2 (custom)
2019-10-14 20:00:07,197 [pool-37-thread-1] INFO  server.RaftServerConfigKeys (ConfUtils.java:logGet(43)) - raft.server.log.statemachine.data.sync = true (default)
2019-10-14 20:00:07,197 [pool-47-thread-1] INFO  segmented.SegmentedRaftLogWorker (SegmentedRaftLogWorker.java:<init>(173)) - new 727e5d48-33ba-4107-8edb-ec10cfcd14a6@group-403CDB5C54F1-SegmentedRaftLogWorker for RaftStorage:Storage Directory /workdir/hadoop-ozone/integration-test/target/test-dir/MiniOzoneClusterImpl-9b283add-5e2c-4af5-9c33-44c9e4cdfd58/datanode-2/data/ratis/cd58a181-01a6-4865-89a6-403cdb5c54f1
2019-10-14 20:00:07,197 [pool-37-thread-1] INFO  server.RaftServerConfigKeys (ConfUtils.java:logGet(43)) - raft.server.log.statemachine.data.sync.timeout = 10s (default)
2019-10-14 20:00:07,197 [pool-27-thread-1] INFO  segmented.SegmentedRaftLogWorker (SegmentedRaftLogWorker.java:<init>(173)) - new d80bfd98-6c63-4bee-825c-92724affc291@group-403CDB5C54F1-SegmentedRaftLogWorker for RaftStorage:Storage Directory /workdir/hadoop-ozone/integration-test/target/test-dir/MiniOzoneClusterImpl-9b283add-5e2c-4af5-9c33-44c9e4cdfd58/datanode-0/data/ratis/cd58a181-01a6-4865-89a6-403cdb5c54f1
2019-10-14 20:00:07,197 [pool-37-thread-1] INFO  server.RaftServerConfigKeys (ConfUtils.java:logGet(43)) - raft.server.log.statemachine.data.sync.timeout.retry = -1 (default)
2019-10-14 20:00:07,197 [pool-47-thread-1] INFO  server.RaftServerConfigKeys (ConfUtils.java:logGet(43)) - raft.server.log.queue.byte-limit = 2147483647 (custom)
2019-10-14 20:00:07,197 [pool-27-thread-1] INFO  server.RaftServerConfigKeys (ConfUtils.java:logGet(43)) - raft.server.log.queue.byte-limit = 2147483647 (custom)
2019-10-14 20:00:07,198 [pool-37-thread-1] INFO  server.RaftServerConfigKeys (ConfUtils.java:logGet(43)) - raft.server.log.statemachine.data.caching.enabled = true (custom)
2019-10-14 20:00:07,198 [pool-47-thread-1] INFO  server.RaftServerConfigKeys (ConfUtils.java:logGet(43)) - raft.server.log.queue.element-limit = 1024 (custom)
2019-10-14 20:00:07,198 [pool-27-thread-1] INFO  server.RaftServerConfigKeys (ConfUtils.java:logGet(43)) - raft.server.log.queue.element-limit = 1024 (custom)
2019-10-14 20:00:07,198 [pool-37-thread-1] INFO  segmented.SegmentedRaftLogWorker (SegmentedRaftLogWorker.java:lambda$new$0(128)) - 342a9cc5-324a-404b-a75b-7a8f961d8cef@group-403CDB5C54F1-SegmentedRaftLogWorker: flushIndex: setUnconditionally 0 -> -1
2019-10-14 20:00:07,198 [pool-27-thread-1] INFO  server.RaftServerConfigKeys (ConfUtils.java:logGet(43)) - raft.server.log.segment.size.max = 1048576 (custom)
2019-10-14 20:00:07,198 [pool-47-thread-1] INFO  server.RaftServerConfigKeys (ConfUtils.java:logGet(43)) - raft.server.log.segment.size.max = 1048576 (custom)
2019-10-14 20:00:07,199 [pool-27-thread-1] INFO  server.RaftServerConfigKeys (ConfUtils.java:logGet(43)) - raft.server.log.preallocated.size = 16384 (custom)
2019-10-14 20:00:07,199 [pool-37-thread-1] INFO  server.RaftServerConfigKeys (ConfUtils.java:logGet(43)) - raft.server.snapshot.auto.trigger.enabled = true (custom)
2019-10-14 20:00:07,199 [pool-27-thread-1] INFO  server.RaftServerConfigKeys (ConfUtils.java:logGet(43)) - raft.server.log.write.buffer.size = 33554432 (custom)
2019-10-14 20:00:07,199 [pool-47-thread-1] INFO  server.RaftServerConfigKeys (ConfUtils.java:logGet(43)) - raft.server.log.preallocated.size = 16384 (custom)
2019-10-14 20:00:07,199 [pool-27-thread-1] INFO  server.RaftServerConfigKeys (ConfUtils.java:logGet(43)) - raft.server.log.force.sync.num = 128 (default)
2019-10-14 20:00:07,199 [pool-37-thread-1] INFO  server.RaftServerConfigKeys (ConfUtils.java:logGet(43)) - raft.server.snapshot.auto.trigger.threshold = 10000 (custom)
2019-10-14 20:00:07,199 [pool-27-thread-1] INFO  server.RaftServerConfigKeys (ConfUtils.java:logGet(43)) - raft.server.log.statemachine.data.sync = true (default)
2019-10-14 20:00:07,199 [pool-47-thread-1] INFO  server.RaftServerConfigKeys (ConfUtils.java:logGet(43)) - raft.server.log.write.buffer.size = 33554432 (custom)
2019-10-14 20:00:07,200 [pool-27-thread-1] INFO  server.RaftServerConfigKeys (ConfUtils.java:logGet(43)) - raft.server.log.statemachine.data.sync.timeout = 10s (default)
2019-10-14 20:00:07,199 [pool-37-thread-1] INFO  server.RaftServerConfigKeys (ConfUtils.java:logGet(43)) - raft.server.snapshot.retention.file.num = 5 (custom)
2019-10-14 20:00:07,200 [pool-27-thread-1] INFO  server.RaftServerConfigKeys (ConfUtils.java:logGet(43)) - raft.server.log.statemachine.data.sync.timeout.retry = -1 (default)
2019-10-14 20:00:07,200 [pool-47-thread-1] INFO  server.RaftServerConfigKeys (ConfUtils.java:logGet(43)) - raft.server.log.force.sync.num = 128 (default)
2019-10-14 20:00:07,200 [pool-27-thread-1] INFO  server.RaftServerConfigKeys (ConfUtils.java:logGet(43)) - raft.server.log.statemachine.data.caching.enabled = true (custom)
2019-10-14 20:00:07,200 [pool-37-thread-1] INFO  server.RaftServerConfigKeys (ConfUtils.java:logGet(43)) - raft.server.retrycache.expirytime = 600000ms (custom)
2019-10-14 20:00:07,200 [pool-47-thread-1] INFO  server.RaftServerConfigKeys (ConfUtils.java:logGet(43)) - raft.server.log.statemachine.data.sync = true (default)
2019-10-14 20:00:07,201 [pool-27-thread-1] INFO  segmented.SegmentedRaftLogWorker (SegmentedRaftLogWorker.java:lambda$new$0(128)) - d80bfd98-6c63-4bee-825c-92724affc291@group-403CDB5C54F1-SegmentedRaftLogWorker: flushIndex: setUnconditionally 0 -> -1
2019-10-14 20:00:07,201 [pool-47-thread-1] INFO  server.RaftServerConfigKeys (ConfUtils.java:logGet(43)) - raft.server.log.statemachine.data.sync.timeout = 10s (default)
2019-10-14 20:00:07,201 [pool-27-thread-1] INFO  server.RaftServerConfigKeys (ConfUtils.java:logGet(43)) - raft.server.snapshot.auto.trigger.enabled = true (custom)
2019-10-14 20:00:07,201 [pool-47-thread-1] INFO  server.RaftServerConfigKeys (ConfUtils.java:logGet(43)) - raft.server.log.statemachine.data.sync.timeout.retry = -1 (default)
2019-10-14 20:00:07,201 [pool-27-thread-1] INFO  server.RaftServerConfigKeys (ConfUtils.java:logGet(43)) - raft.server.snapshot.auto.trigger.threshold = 10000 (custom)
2019-10-14 20:00:07,201 [pool-27-thread-1] INFO  server.RaftServerConfigKeys (ConfUtils.java:logGet(43)) - raft.server.snapshot.retention.file.num = 5 (custom)
2019-10-14 20:00:07,201 [pool-47-thread-1] INFO  server.RaftServerConfigKeys (ConfUtils.java:logGet(43)) - raft.server.log.statemachine.data.caching.enabled = true (custom)
2019-10-14 20:00:07,202 [pool-27-thread-1] INFO  server.RaftServerConfigKeys (ConfUtils.java:logGet(43)) - raft.server.retrycache.expirytime = 600000ms (custom)
2019-10-14 20:00:07,202 [pool-47-thread-1] INFO  segmented.SegmentedRaftLogWorker (SegmentedRaftLogWorker.java:lambda$new$0(128)) - 727e5d48-33ba-4107-8edb-ec10cfcd14a6@group-403CDB5C54F1-SegmentedRaftLogWorker: flushIndex: setUnconditionally 0 -> -1
2019-10-14 20:00:07,202 [pool-47-thread-1] INFO  server.RaftServerConfigKeys (ConfUtils.java:logGet(43)) - raft.server.snapshot.auto.trigger.enabled = true (custom)
2019-10-14 20:00:07,202 [pool-47-thread-1] INFO  server.RaftServerConfigKeys (ConfUtils.java:logGet(43)) - raft.server.snapshot.auto.trigger.threshold = 10000 (custom)
2019-10-14 20:00:07,202 [pool-47-thread-1] INFO  server.RaftServerConfigKeys (ConfUtils.java:logGet(43)) - raft.server.snapshot.retention.file.num = 5 (custom)
2019-10-14 20:00:07,203 [pool-37-thread-1] INFO  impl.RaftServerImpl (RaftServerImpl.java:start(181)) - 342a9cc5-324a-404b-a75b-7a8f961d8cef@group-403CDB5C54F1: start as a follower, conf=-1: [d80bfd98-6c63-4bee-825c-92724affc291:192.168.164.219:45741, 727e5d48-33ba-4107-8edb-ec10cfcd14a6:192.168.164.219:43140, 342a9cc5-324a-404b-a75b-7a8f961d8cef:192.168.164.219:42507], old=null
2019-10-14 20:00:07,203 [pool-47-thread-1] INFO  server.RaftServerConfigKeys (ConfUtils.java:logGet(43)) - raft.server.retrycache.expirytime = 600000ms (custom)
2019-10-14 20:00:07,203 [pool-37-thread-1] INFO  impl.RaftServerImpl (RaftServerImpl.java:setRole(170)) - 342a9cc5-324a-404b-a75b-7a8f961d8cef@group-403CDB5C54F1: changes role from      null to FOLLOWER at term 0 for startAsFollower
2019-10-14 20:00:07,203 [pool-37-thread-1] INFO  impl.RoleInfo (RoleInfo.java:updateAndGet(143)) - 342a9cc5-324a-404b-a75b-7a8f961d8cef: start FollowerState
2019-10-14 20:00:07,203 [pool-37-thread-1] INFO  util.JmxRegister (JmxRegister.java:tryRegister(44)) - Successfully registered JMX Bean with object name Ratis:service=RaftServer,group=group-403CDB5C54F1,id=342a9cc5-324a-404b-a75b-7a8f961d8cef
2019-10-14 20:00:07,203 [pool-27-thread-1] INFO  impl.RaftServerImpl (RaftServerImpl.java:start(181)) - d80bfd98-6c63-4bee-825c-92724affc291@group-403CDB5C54F1: start as a follower, conf=-1: [d80bfd98-6c63-4bee-825c-92724affc291:192.168.164.219:45741, 727e5d48-33ba-4107-8edb-ec10cfcd14a6:192.168.164.219:43140, 342a9cc5-324a-404b-a75b-7a8f961d8cef:192.168.164.219:42507], old=null
2019-10-14 20:00:07,204 [pool-27-thread-1] INFO  impl.RaftServerImpl (RaftServerImpl.java:setRole(170)) - d80bfd98-6c63-4bee-825c-92724affc291@group-403CDB5C54F1: changes role from      null to FOLLOWER at term 0 for startAsFollower
2019-10-14 20:00:07,204 [pool-27-thread-1] INFO  impl.RoleInfo (RoleInfo.java:updateAndGet(143)) - d80bfd98-6c63-4bee-825c-92724affc291: start FollowerState
2019-10-14 20:00:07,204 [pool-27-thread-1] INFO  util.JmxRegister (JmxRegister.java:tryRegister(44)) - Successfully registered JMX Bean with object name Ratis:service=RaftServer,group=group-403CDB5C54F1,id=d80bfd98-6c63-4bee-825c-92724affc291
2019-10-14 20:00:07,207 [pool-47-thread-1] INFO  impl.RaftServerImpl (RaftServerImpl.java:start(181)) - 727e5d48-33ba-4107-8edb-ec10cfcd14a6@group-403CDB5C54F1: start as a follower, conf=-1: [d80bfd98-6c63-4bee-825c-92724affc291:192.168.164.219:45741, 727e5d48-33ba-4107-8edb-ec10cfcd14a6:192.168.164.219:43140, 342a9cc5-324a-404b-a75b-7a8f961d8cef:192.168.164.219:42507], old=null
2019-10-14 20:00:07,207 [pool-47-thread-1] INFO  impl.RaftServerImpl (RaftServerImpl.java:setRole(170)) - 727e5d48-33ba-4107-8edb-ec10cfcd14a6@group-403CDB5C54F1: changes role from      null to FOLLOWER at term 0 for startAsFollower
2019-10-14 20:00:07,207 [pool-47-thread-1] INFO  impl.RoleInfo (RoleInfo.java:updateAndGet(143)) - 727e5d48-33ba-4107-8edb-ec10cfcd14a6: start FollowerState
2019-10-14 20:00:07,208 [pool-47-thread-1] INFO  util.JmxRegister (JmxRegister.java:tryRegister(44)) - Successfully registered JMX Bean with object name Ratis:service=RaftServer,group=group-403CDB5C54F1,id=727e5d48-33ba-4107-8edb-ec10cfcd14a6
2019-10-14 20:00:07,218 [RatisPipelineUtilsThread] INFO  pipeline.PipelineStateManager (PipelineStateManager.java:addPipeline(57)) - Created pipeline Pipeline[ Id: cd58a181-01a6-4865-89a6-403cdb5c54f1, Nodes: 342a9cc5-324a-404b-a75b-7a8f961d8cef{ip: 192.168.164.219, host: pr-hdds-1868-cfdmt-251076870, networkLocation: /default-rack, certSerialId: null}727e5d48-33ba-4107-8edb-ec10cfcd14a6{ip: 192.168.164.219, host: pr-hdds-1868-cfdmt-251076870, networkLocation: /default-rack, certSerialId: null}d80bfd98-6c63-4bee-825c-92724affc291{ip: 192.168.164.219, host: pr-hdds-1868-cfdmt-251076870, networkLocation: /default-rack, certSerialId: null}, Type:RATIS, Factor:THREE, State:ALLOCATED]
2019-10-14 20:00:07,219 [Thread-178] INFO  pipeline.PipelineStateManager (PipelineStateManager.java:finalizePipeline(123)) - Pipeline Pipeline[ Id: 592b9c3e-b519-4112-a16d-29f10ba3242e, Nodes: 727e5d48-33ba-4107-8edb-ec10cfcd14a6{ip: 192.168.164.219, host: pr-hdds-1868-cfdmt-251076870, networkLocation: /default-rack, certSerialId: null}, Type:RATIS, Factor:ONE, State:CLOSED] moved to CLOSED state
2019-10-14 20:00:07,230 [grpc-default-executor-1] INFO  impl.RaftServerProxy (RaftServerProxy.java:remove(95)) - 727e5d48-33ba-4107-8edb-ec10cfcd14a6: remove  FOLLOWER 727e5d48-33ba-4107-8edb-ec10cfcd14a6@group-29F10BA3242E:t0, leader=null, voted=null, raftlog=727e5d48-33ba-4107-8edb-ec10cfcd14a6@group-29F10BA3242E-SegmentedRaftLog:OPENED:c-1,f-1,i0, conf=-1: [727e5d48-33ba-4107-8edb-ec10cfcd14a6:192.168.164.219:43140], old=null RUNNING
2019-10-14 20:00:07,231 [grpc-default-executor-1] INFO  impl.RaftServerImpl (RaftServerImpl.java:lambda$shutdown$3(247)) - 727e5d48-33ba-4107-8edb-ec10cfcd14a6@group-29F10BA3242E: shutdown
2019-10-14 20:00:07,231 [grpc-default-executor-1] INFO  util.JmxRegister (JmxRegister.java:unregister(73)) - Successfully un-registered JMX Bean with object name Ratis:service=RaftServer,group=group-29F10BA3242E,id=727e5d48-33ba-4107-8edb-ec10cfcd14a6
2019-10-14 20:00:07,231 [grpc-default-executor-1] INFO  impl.RoleInfo (RoleInfo.java:shutdownFollowerState(121)) - 727e5d48-33ba-4107-8edb-ec10cfcd14a6: shutdown FollowerState
2019-10-14 20:00:07,231 [grpc-default-executor-1] INFO  impl.StateMachineUpdater (StateMachineUpdater.java:stopAndJoin(136)) - 727e5d48-33ba-4107-8edb-ec10cfcd14a6@group-29F10BA3242E-StateMachineUpdater: set stopIndex = -1
2019-10-14 20:00:07,232 [Thread-186] INFO  impl.FollowerState (FollowerState.java:run(117)) - 727e5d48-33ba-4107-8edb-ec10cfcd14a6@group-29F10BA3242E-FollowerState was interrupted: java.lang.InterruptedException: sleep interrupted
2019-10-14 20:00:07,232 [grpc-default-executor-1] INFO  impl.RaftServerImpl (ServerState.java:close(387)) - 727e5d48-33ba-4107-8edb-ec10cfcd14a6@group-29F10BA3242E: closes. applyIndex: -1
2019-10-14 20:00:07,233 [727e5d48-33ba-4107-8edb-ec10cfcd14a6@group-29F10BA3242E-SegmentedRaftLogWorker] INFO  segmented.SegmentedRaftLogWorker (SegmentedRaftLogWorker.java:run(316)) - 727e5d48-33ba-4107-8edb-ec10cfcd14a6@group-29F10BA3242E-SegmentedRaftLogWorker was interrupted, exiting. There are 0 tasks remaining in the queue.
2019-10-14 20:00:07,234 [grpc-default-executor-1] INFO  segmented.SegmentedRaftLogWorker (SegmentedRaftLogWorker.java:close(224)) - 727e5d48-33ba-4107-8edb-ec10cfcd14a6@group-29F10BA3242E-SegmentedRaftLogWorker close()
2019-10-14 20:00:07,240 [Thread-178] INFO  pipeline.PipelineStateManager (PipelineStateManager.java:removePipeline(108)) - Pipeline Pipeline[ Id: 592b9c3e-b519-4112-a16d-29f10ba3242e, Nodes: 727e5d48-33ba-4107-8edb-ec10cfcd14a6{ip: 192.168.164.219, host: pr-hdds-1868-cfdmt-251076870, networkLocation: /default-rack, certSerialId: null}, Type:RATIS, Factor:ONE, State:CLOSED] removed from db
2019-10-14 20:00:07,246 [grpc-default-executor-1] INFO  impl.RaftServerProxy (RaftServerProxy.java:addNew(89)) - 727e5d48-33ba-4107-8edb-ec10cfcd14a6: addNew group-85AD6DC1862A:[727e5d48-33ba-4107-8edb-ec10cfcd14a6:192.168.164.219:43140] returns group-85AD6DC1862A:java.util.concurrent.CompletableFuture@5dba636b[Not completed]
2019-10-14 20:00:07,248 [pool-47-thread-1] INFO  impl.RaftServerImpl (RaftServerImpl.java:<init>(95)) - 727e5d48-33ba-4107-8edb-ec10cfcd14a6: new RaftServerImpl for group-85AD6DC1862A:[727e5d48-33ba-4107-8edb-ec10cfcd14a6:192.168.164.219:43140] with ContainerStateMachine:uninitialized
2019-10-14 20:00:07,248 [pool-47-thread-1] INFO  server.RaftServerConfigKeys (ConfUtils.java:logGet(43)) - raft.server.rpc.timeout.min = 5s (custom)
2019-10-14 20:00:07,248 [pool-47-thread-1] INFO  server.RaftServerConfigKeys (ConfUtils.java:logGet(43)) - raft.server.rpc.timeout.max = 5200ms (custom)
2019-10-14 20:00:07,248 [pool-47-thread-1] INFO  server.RaftServerConfigKeys (ConfUtils.java:logGet(43)) - raft.server.rpcslowness.timeout = 120s (custom)
2019-10-14 20:00:07,249 [pool-47-thread-1] INFO  server.RaftServerConfigKeys (ConfUtils.java:logGet(43)) - raft.server.sleep.deviation.threshold = 300 (default)
2019-10-14 20:00:07,249 [pool-47-thread-1] INFO  server.RaftServerConfigKeys (ConfUtils.java:logGet(43)) - raft.server.log.appender.install.snapshot.enabled = false (custom)
2019-10-14 20:00:07,249 [pool-47-thread-1] INFO  impl.RaftServerImpl (ServerState.java:<init>(103)) - 727e5d48-33ba-4107-8edb-ec10cfcd14a6@group-85AD6DC1862A: ConfigurationManager, init=-1: [727e5d48-33ba-4107-8edb-ec10cfcd14a6:192.168.164.219:43140], old=null, confs=<EMPTY_MAP>
2019-10-14 20:00:07,249 [pool-47-thread-1] INFO  server.RaftServerConfigKeys (ConfUtils.java:logGet(43)) - raft.server.storage.dir = [/workdir/hadoop-ozone/integration-test/target/test-dir/MiniOzoneClusterImpl-9b283add-5e2c-4af5-9c33-44c9e4cdfd58/datanode-2/data/ratis] (custom)
2019-10-14 20:00:07,249 [pool-47-thread-1] INFO  server.RaftServerConfigKeys (ConfUtils.java:logGet(43)) - raft.server.log.corruption.policy = EXCEPTION (default)
2019-10-14 20:00:07,250 [pool-47-thread-1] INFO  storage.RaftStorageDirectory (RaftStorageDirectory.java:analyzeStorage(246)) - The storage directory /workdir/hadoop-ozone/integration-test/target/test-dir/MiniOzoneClusterImpl-9b283add-5e2c-4af5-9c33-44c9e4cdfd58/datanode-2/data/ratis/c476b451-239b-4a6d-a89a-85ad6dc1862a does not exist. Creating ...
2019-10-14 20:00:07,277 [pool-47-thread-1] INFO  storage.RaftStorageDirectory (RaftStorageDirectory.java:tryLock(328)) - Lock on /workdir/hadoop-ozone/integration-test/target/test-dir/MiniOzoneClusterImpl-9b283add-5e2c-4af5-9c33-44c9e4cdfd58/datanode-2/data/ratis/c476b451-239b-4a6d-a89a-85ad6dc1862a/in_use.lock acquired by nodename 2508@pr-hdds-1868-cfdmt-251076870
2019-10-14 20:00:07,303 [pool-47-thread-1] INFO  storage.RaftStorage (RaftStorage.java:format(84)) - Storage directory /workdir/hadoop-ozone/integration-test/target/test-dir/MiniOzoneClusterImpl-9b283add-5e2c-4af5-9c33-44c9e4cdfd58/datanode-2/data/ratis/c476b451-239b-4a6d-a89a-85ad6dc1862a has been successfully formatted.
2019-10-14 20:00:07,303 [pool-47-thread-1] INFO  ratis.ContainerStateMachine (ContainerStateMachine.java:loadSnapshot(233)) - group-85AD6DC1862A: The snapshot info is null. Setting the last applied indexto:(t:0, i:~)
2019-10-14 20:00:07,304 [pool-47-thread-1] INFO  server.RaftServerConfigKeys (ConfUtils.java:logGet(43)) - raft.server.notification.no-leader.timeout = 120s (custom)
2019-10-14 20:00:07,304 [pool-47-thread-1] INFO  server.RaftServerConfigKeys (ConfUtils.java:logGet(43)) - raft.server.log.use.memory = false (default)
2019-10-14 20:00:07,304 [pool-47-thread-1] INFO  server.RaftServerConfigKeys (ConfUtils.java:logGet(43)) - raft.server.log.purge.gap = 1000000 (custom)
2019-10-14 20:00:07,304 [pool-47-thread-1] INFO  server.RaftServerConfigKeys (ConfUtils.java:logGet(43)) - raft.server.log.appender.buffer.byte-limit = 33554432 (custom)
2019-10-14 20:00:07,304 [pool-47-thread-1] INFO  server.RaftServerConfigKeys (ConfUtils.java:logGet(43)) - raft.server.log.segment.size.max = 1048576 (custom)
2019-10-14 20:00:07,305 [pool-47-thread-1] INFO  server.RaftServerConfigKeys (ConfUtils.java:logGet(43)) - raft.server.log.segment.cache.num.max = 2 (custom)
2019-10-14 20:00:07,305 [pool-47-thread-1] INFO  segmented.SegmentedRaftLogWorker (SegmentedRaftLogWorker.java:<init>(173)) - new 727e5d48-33ba-4107-8edb-ec10cfcd14a6@group-85AD6DC1862A-SegmentedRaftLogWorker for RaftStorage:Storage Directory /workdir/hadoop-ozone/integration-test/target/test-dir/MiniOzoneClusterImpl-9b283add-5e2c-4af5-9c33-44c9e4cdfd58/datanode-2/data/ratis/c476b451-239b-4a6d-a89a-85ad6dc1862a
2019-10-14 20:00:07,305 [pool-47-thread-1] INFO  server.RaftServerConfigKeys (ConfUtils.java:logGet(43)) - raft.server.log.queue.byte-limit = 2147483647 (custom)
2019-10-14 20:00:07,305 [pool-47-thread-1] INFO  server.RaftServerConfigKeys (ConfUtils.java:logGet(43)) - raft.server.log.queue.element-limit = 1024 (custom)
2019-10-14 20:00:07,305 [pool-47-thread-1] INFO  server.RaftServerConfigKeys (ConfUtils.java:logGet(43)) - raft.server.log.segment.size.max = 1048576 (custom)
2019-10-14 20:00:07,306 [pool-47-thread-1] INFO  server.RaftServerConfigKeys (ConfUtils.java:logGet(43)) - raft.server.log.preallocated.size = 16384 (custom)
2019-10-14 20:00:07,306 [pool-47-thread-1] INFO  server.RaftServerConfigKeys (ConfUtils.java:logGet(43)) - raft.server.log.write.buffer.size = 33554432 (custom)
2019-10-14 20:00:07,306 [pool-47-thread-1] INFO  server.RaftServerConfigKeys (ConfUtils.java:logGet(43)) - raft.server.log.force.sync.num = 128 (default)
2019-10-14 20:00:07,306 [pool-47-thread-1] INFO  server.RaftServerConfigKeys (ConfUtils.java:logGet(43)) - raft.server.log.statemachine.data.sync = true (default)
2019-10-14 20:00:07,306 [pool-47-thread-1] INFO  server.RaftServerConfigKeys (ConfUtils.java:logGet(43)) - raft.server.log.statemachine.data.sync.timeout = 10s (default)
2019-10-14 20:00:07,306 [pool-47-thread-1] INFO  server.RaftServerConfigKeys (ConfUtils.java:logGet(43)) - raft.server.log.statemachine.data.sync.timeout.retry = -1 (default)
2019-10-14 20:00:07,307 [pool-47-thread-1] INFO  server.RaftServerConfigKeys (ConfUtils.java:logGet(43)) - raft.server.log.statemachine.data.caching.enabled = true (custom)
2019-10-14 20:00:07,307 [pool-47-thread-1] INFO  segmented.SegmentedRaftLogWorker (SegmentedRaftLogWorker.java:lambda$new$0(128)) - 727e5d48-33ba-4107-8edb-ec10cfcd14a6@group-85AD6DC1862A-SegmentedRaftLogWorker: flushIndex: setUnconditionally 0 -> -1
2019-10-14 20:00:07,308 [pool-47-thread-1] INFO  server.RaftServerConfigKeys (ConfUtils.java:logGet(43)) - raft.server.snapshot.auto.trigger.enabled = true (custom)
2019-10-14 20:00:07,308 [pool-47-thread-1] INFO  server.RaftServerConfigKeys (ConfUtils.java:logGet(43)) - raft.server.snapshot.auto.trigger.threshold = 10000 (custom)
2019-10-14 20:00:07,308 [pool-47-thread-1] INFO  server.RaftServerConfigKeys (ConfUtils.java:logGet(43)) - raft.server.snapshot.retention.file.num = 5 (custom)
2019-10-14 20:00:07,308 [pool-47-thread-1] INFO  server.RaftServerConfigKeys (ConfUtils.java:logGet(43)) - raft.server.retrycache.expirytime = 600000ms (custom)
2019-10-14 20:00:07,312 [pool-47-thread-1] INFO  impl.RaftServerImpl (RaftServerImpl.java:start(181)) - 727e5d48-33ba-4107-8edb-ec10cfcd14a6@group-85AD6DC1862A: start as a follower, conf=-1: [727e5d48-33ba-4107-8edb-ec10cfcd14a6:192.168.164.219:43140], old=null
2019-10-14 20:00:07,312 [pool-47-thread-1] INFO  impl.RaftServerImpl (RaftServerImpl.java:setRole(170)) - 727e5d48-33ba-4107-8edb-ec10cfcd14a6@group-85AD6DC1862A: changes role from      null to FOLLOWER at term 0 for startAsFollower
2019-10-14 20:00:07,312 [pool-47-thread-1] INFO  impl.RoleInfo (RoleInfo.java:updateAndGet(143)) - 727e5d48-33ba-4107-8edb-ec10cfcd14a6: start FollowerState
2019-10-14 20:00:07,313 [pool-47-thread-1] INFO  util.JmxRegister (JmxRegister.java:tryRegister(44)) - Successfully registered JMX Bean with object name Ratis:service=RaftServer,group=group-85AD6DC1862A,id=727e5d48-33ba-4107-8edb-ec10cfcd14a6
2019-10-14 20:00:07,319 [RatisPipelineUtilsThread] INFO  pipeline.PipelineStateManager (PipelineStateManager.java:addPipeline(57)) - Created pipeline Pipeline[ Id: c476b451-239b-4a6d-a89a-85ad6dc1862a, Nodes: 727e5d48-33ba-4107-8edb-ec10cfcd14a6{ip: 192.168.164.219, host: pr-hdds-1868-cfdmt-251076870, networkLocation: /default-rack, certSerialId: null}, Type:RATIS, Factor:ONE, State:ALLOCATED]
2019-10-14 20:00:07,479 [main] INFO  ozone.MiniOzoneClusterImpl (MiniOzoneClusterImpl.java:lambda$waitForClusterToBeReady$2(164)) - Waiting for 4 number of pipelines out of 4, to report a leader.
2019-10-14 20:00:08,480 [main] INFO  ozone.MiniOzoneClusterImpl (MiniOzoneClusterImpl.java:lambda$waitForClusterToBeReady$2(164)) - Waiting for 4 number of pipelines out of 4, to report a leader.
2019-10-14 20:00:09,481 [main] INFO  ozone.MiniOzoneClusterImpl (MiniOzoneClusterImpl.java:lambda$waitForClusterToBeReady$2(164)) - Waiting for 4 number of pipelines out of 4, to report a leader.
2019-10-14 20:00:10,481 [main] INFO  ozone.MiniOzoneClusterImpl (MiniOzoneClusterImpl.java:lambda$waitForClusterToBeReady$2(164)) - Waiting for 4 number of pipelines out of 4, to report a leader.
2019-10-14 20:00:11,482 [main] INFO  ozone.MiniOzoneClusterImpl (MiniOzoneClusterImpl.java:lambda$waitForClusterToBeReady$2(164)) - Waiting for 4 number of pipelines out of 4, to report a leader.
2019-10-14 20:00:12,061 [Thread-200] INFO  impl.FollowerState (FollowerState.java:run(108)) - d80bfd98-6c63-4bee-825c-92724affc291@group-DE4D04A38CF2-FollowerState: change to CANDIDATE, lastRpcTime:5152ms, electionTimeout:5152ms
2019-10-14 20:00:12,064 [Thread-200] INFO  impl.RoleInfo (RoleInfo.java:shutdownFollowerState(121)) - d80bfd98-6c63-4bee-825c-92724affc291: shutdown FollowerState
2019-10-14 20:00:12,064 [Thread-200] INFO  impl.RaftServerImpl (RaftServerImpl.java:setRole(170)) - d80bfd98-6c63-4bee-825c-92724affc291@group-DE4D04A38CF2: changes role from  FOLLOWER to CANDIDATE at term 0 for changeToCandidate
2019-10-14 20:00:12,070 [Thread-200] INFO  impl.RoleInfo (RoleInfo.java:updateAndGet(143)) - d80bfd98-6c63-4bee-825c-92724affc291: start LeaderElection
2019-10-14 20:00:12,098 [d80bfd98-6c63-4bee-825c-92724affc291@group-DE4D04A38CF2-LeaderElection1] INFO  impl.LeaderElection (LeaderElection.java:askForVotes(178)) - d80bfd98-6c63-4bee-825c-92724affc291@group-DE4D04A38CF2-LeaderElection1: begin an election at term 1 for -1: [d80bfd98-6c63-4bee-825c-92724affc291:192.168.164.219:45741], old=null
2019-10-14 20:00:12,100 [d80bfd98-6c63-4bee-825c-92724affc291@group-DE4D04A38CF2-LeaderElection1] INFO  impl.RoleInfo (RoleInfo.java:shutdownLeaderElection(134)) - d80bfd98-6c63-4bee-825c-92724affc291: shutdown LeaderElection
2019-10-14 20:00:12,101 [d80bfd98-6c63-4bee-825c-92724affc291@group-DE4D04A38CF2-LeaderElection1] INFO  impl.RaftServerImpl (RaftServerImpl.java:setRole(170)) - d80bfd98-6c63-4bee-825c-92724affc291@group-DE4D04A38CF2: changes role from CANDIDATE to LEADER at term 1 for changeToLeader
2019-10-14 20:00:12,101 [d80bfd98-6c63-4bee-825c-92724affc291@group-DE4D04A38CF2-LeaderElection1] INFO  ratis.XceiverServerRatis (XceiverServerRatis.java:handleLeaderChangedNotification(702)) - Leader change notification received for group: group-DE4D04A38CF2 with new leaderId: d80bfd98-6c63-4bee-825c-92724affc291
2019-10-14 20:00:12,107 [d80bfd98-6c63-4bee-825c-92724affc291@group-DE4D04A38CF2-LeaderElection1] INFO  impl.RaftServerImpl (ServerState.java:setLeader(255)) - d80bfd98-6c63-4bee-825c-92724affc291@group-DE4D04A38CF2: change Leader from null to d80bfd98-6c63-4bee-825c-92724affc291 at term 1 for becomeLeader, leader elected after 5201ms
2019-10-14 20:00:12,108 [Thread-204] INFO  impl.FollowerState (FollowerState.java:run(108)) - 342a9cc5-324a-404b-a75b-7a8f961d8cef@group-0AF0423894D4-FollowerState: change to CANDIDATE, lastRpcTime:5081ms, electionTimeout:5081ms
2019-10-14 20:00:12,108 [Thread-204] INFO  impl.RoleInfo (RoleInfo.java:shutdownFollowerState(121)) - 342a9cc5-324a-404b-a75b-7a8f961d8cef: shutdown FollowerState
2019-10-14 20:00:12,108 [Thread-204] INFO  impl.RaftServerImpl (RaftServerImpl.java:setRole(170)) - 342a9cc5-324a-404b-a75b-7a8f961d8cef@group-0AF0423894D4: changes role from  FOLLOWER to CANDIDATE at term 0 for changeToCandidate
2019-10-14 20:00:12,108 [Thread-204] INFO  impl.RoleInfo (RoleInfo.java:updateAndGet(143)) - 342a9cc5-324a-404b-a75b-7a8f961d8cef: start LeaderElection
2019-10-14 20:00:12,118 [d80bfd98-6c63-4bee-825c-92724affc291@group-DE4D04A38CF2-LeaderElection1] INFO  server.RaftServerConfigKeys (ConfUtils.java:logGet(43)) - raft.server.staging.catchup.gap = 1000 (default)
2019-10-14 20:00:12,118 [d80bfd98-6c63-4bee-825c-92724affc291@group-DE4D04A38CF2-LeaderElection1] INFO  server.RaftServerConfigKeys (ConfUtils.java:logGet(43)) - raft.server.rpc.sleep.time = 25ms (default)
2019-10-14 20:00:12,124 [d80bfd98-6c63-4bee-825c-92724affc291@group-DE4D04A38CF2-LeaderElection1] INFO  server.RaftServerConfigKeys (ConfUtils.java:logGet(43)) - raft.server.write.element-limit = 4096 (default)
2019-10-14 20:00:12,127 [d80bfd98-6c63-4bee-825c-92724affc291@group-DE4D04A38CF2-LeaderElection1] INFO  server.RaftServerConfigKeys (ConfUtils.java:logGet(43)) - raft.server.watch.timeout = 10s (default)
2019-10-14 20:00:12,127 [d80bfd98-6c63-4bee-825c-92724affc291@group-DE4D04A38CF2-LeaderElection1] INFO  server.RaftServerConfigKeys (ConfUtils.java:logGet(43)) - raft.server.watch.timeout.denomination = 1s (default)
2019-10-14 20:00:12,128 [d80bfd98-6c63-4bee-825c-92724affc291@group-DE4D04A38CF2-LeaderElection1] INFO  server.RaftServerConfigKeys (ConfUtils.java:logGet(43)) - raft.server.watch.element-limit = 65536 (default)
2019-10-14 20:00:12,135 [EventQueue-PipelineReportForPipelineReportHandler] INFO  pipeline.PipelineReportHandler (PipelineReportHandler.java:processPipelineReport(120)) - Pipeline PipelineID=2128fa13-98f6-43cb-878e-de4d04a38cf2 reported by d80bfd98-6c63-4bee-825c-92724affc291{ip: 192.168.164.219, host: pr-hdds-1868-cfdmt-251076870, networkLocation: /default-rack, certSerialId: null} with leaderId d80bfd98-6c63-4bee-825c-92724affc291
2019-10-14 20:00:12,139 [EventQueue-PipelineReportForPipelineReportHandler] INFO  pipeline.PipelineStateManager (PipelineStateManager.java:openPipeline(136)) - Pipeline Pipeline[ Id: 2128fa13-98f6-43cb-878e-de4d04a38cf2, Nodes: d80bfd98-6c63-4bee-825c-92724affc291{ip: 192.168.164.219, host: pr-hdds-1868-cfdmt-251076870, networkLocation: /default-rack, certSerialId: null}, Type:RATIS, Factor:ONE, State:OPEN] moved to OPEN state
2019-10-14 20:00:12,139 [342a9cc5-324a-404b-a75b-7a8f961d8cef@group-0AF0423894D4-LeaderElection2] INFO  impl.LeaderElection (LeaderElection.java:askForVotes(178)) - 342a9cc5-324a-404b-a75b-7a8f961d8cef@group-0AF0423894D4-LeaderElection2: begin an election at term 1 for -1: [342a9cc5-324a-404b-a75b-7a8f961d8cef:192.168.164.219:42507], old=null
2019-10-14 20:00:12,141 [EventQueue-PipelineReportForPipelineReportHandler] INFO  pipeline.PipelineReportHandler (PipelineReportHandler.java:processPipelineReport(120)) - Pipeline PipelineID=cd58a181-01a6-4865-89a6-403cdb5c54f1 reported by d80bfd98-6c63-4bee-825c-92724affc291{ip: 192.168.164.219, host: pr-hdds-1868-cfdmt-251076870, networkLocation: /default-rack, certSerialId: null} with leaderId 
2019-10-14 20:00:12,141 [342a9cc5-324a-404b-a75b-7a8f961d8cef@group-0AF0423894D4-LeaderElection2] INFO  impl.RoleInfo (RoleInfo.java:shutdownLeaderElection(134)) - 342a9cc5-324a-404b-a75b-7a8f961d8cef: shutdown LeaderElection
2019-10-14 20:00:12,141 [342a9cc5-324a-404b-a75b-7a8f961d8cef@group-0AF0423894D4-LeaderElection2] INFO  impl.RaftServerImpl (RaftServerImpl.java:setRole(170)) - 342a9cc5-324a-404b-a75b-7a8f961d8cef@group-0AF0423894D4: changes role from CANDIDATE to LEADER at term 1 for changeToLeader
2019-10-14 20:00:12,141 [342a9cc5-324a-404b-a75b-7a8f961d8cef@group-0AF0423894D4-LeaderElection2] INFO  ratis.XceiverServerRatis (XceiverServerRatis.java:handleLeaderChangedNotification(702)) - Leader change notification received for group: group-0AF0423894D4 with new leaderId: 342a9cc5-324a-404b-a75b-7a8f961d8cef
2019-10-14 20:00:12,143 [342a9cc5-324a-404b-a75b-7a8f961d8cef@group-0AF0423894D4-LeaderElection2] INFO  impl.RaftServerImpl (ServerState.java:setLeader(255)) - 342a9cc5-324a-404b-a75b-7a8f961d8cef@group-0AF0423894D4: change Leader from null to 342a9cc5-324a-404b-a75b-7a8f961d8cef at term 1 for becomeLeader, leader elected after 5123ms
2019-10-14 20:00:12,143 [342a9cc5-324a-404b-a75b-7a8f961d8cef@group-0AF0423894D4-LeaderElection2] INFO  server.RaftServerConfigKeys (ConfUtils.java:logGet(43)) - raft.server.staging.catchup.gap = 1000 (default)
2019-10-14 20:00:12,143 [342a9cc5-324a-404b-a75b-7a8f961d8cef@group-0AF0423894D4-LeaderElection2] INFO  server.RaftServerConfigKeys (ConfUtils.java:logGet(43)) - raft.server.rpc.sleep.time = 25ms (default)
2019-10-14 20:00:12,144 [342a9cc5-324a-404b-a75b-7a8f961d8cef@group-0AF0423894D4-LeaderElection2] INFO  server.RaftServerConfigKeys (ConfUtils.java:logGet(43)) - raft.server.write.element-limit = 4096 (default)
2019-10-14 20:00:12,145 [342a9cc5-324a-404b-a75b-7a8f961d8cef@group-0AF0423894D4-LeaderElection2] INFO  server.RaftServerConfigKeys (ConfUtils.java:logGet(43)) - raft.server.watch.timeout = 10s (default)
2019-10-14 20:00:12,145 [342a9cc5-324a-404b-a75b-7a8f961d8cef@group-0AF0423894D4-LeaderElection2] INFO  server.RaftServerConfigKeys (ConfUtils.java:logGet(43)) - raft.server.watch.timeout.denomination = 1s (default)
2019-10-14 20:00:12,145 [342a9cc5-324a-404b-a75b-7a8f961d8cef@group-0AF0423894D4-LeaderElection2] INFO  server.RaftServerConfigKeys (ConfUtils.java:logGet(43)) - raft.server.watch.element-limit = 65536 (default)
2019-10-14 20:00:12,146 [EventQueue-PipelineReportForPipelineReportHandler] INFO  pipeline.PipelineReportHandler (PipelineReportHandler.java:processPipelineReport(120)) - Pipeline PipelineID=e7a78504-7912-4e32-8ef5-0af0423894d4 reported by 342a9cc5-324a-404b-a75b-7a8f961d8cef{ip: 192.168.164.219, host: pr-hdds-1868-cfdmt-251076870, networkLocation: /default-rack, certSerialId: null} with leaderId 342a9cc5-324a-404b-a75b-7a8f961d8cef
2019-10-14 20:00:12,146 [EventQueue-PipelineReportForPipelineReportHandler] INFO  pipeline.PipelineStateManager (PipelineStateManager.java:openPipeline(136)) - Pipeline Pipeline[ Id: e7a78504-7912-4e32-8ef5-0af0423894d4, Nodes: 342a9cc5-324a-404b-a75b-7a8f961d8cef{ip: 192.168.164.219, host: pr-hdds-1868-cfdmt-251076870, networkLocation: /default-rack, certSerialId: null}, Type:RATIS, Factor:ONE, State:OPEN] moved to OPEN state
2019-10-14 20:00:12,146 [EventQueue-PipelineReportForPipelineReportHandler] INFO  pipeline.PipelineReportHandler (PipelineReportHandler.java:processPipelineReport(120)) - Pipeline PipelineID=cd58a181-01a6-4865-89a6-403cdb5c54f1 reported by 342a9cc5-324a-404b-a75b-7a8f961d8cef{ip: 192.168.164.219, host: pr-hdds-1868-cfdmt-251076870, networkLocation: /default-rack, certSerialId: null} with leaderId 
2019-10-14 20:00:12,155 [342a9cc5-324a-404b-a75b-7a8f961d8cef@group-0AF0423894D4-LeaderElection2] INFO  impl.RoleInfo (RoleInfo.java:updateAndGet(143)) - 342a9cc5-324a-404b-a75b-7a8f961d8cef: start LeaderState
2019-10-14 20:00:12,155 [d80bfd98-6c63-4bee-825c-92724affc291@group-DE4D04A38CF2-LeaderElection1] INFO  impl.RoleInfo (RoleInfo.java:updateAndGet(143)) - d80bfd98-6c63-4bee-825c-92724affc291: start LeaderState
2019-10-14 20:00:12,180 [d80bfd98-6c63-4bee-825c-92724affc291@group-DE4D04A38CF2-LeaderElection1] INFO  segmented.SegmentedRaftLogWorker (SegmentedRaftLogWorker.java:startLogSegment(385)) - d80bfd98-6c63-4bee-825c-92724affc291@group-DE4D04A38CF2-SegmentedRaftLogWorker: Starting segment from index:0
2019-10-14 20:00:12,180 [342a9cc5-324a-404b-a75b-7a8f961d8cef@group-0AF0423894D4-LeaderElection2] INFO  segmented.SegmentedRaftLogWorker (SegmentedRaftLogWorker.java:startLogSegment(385)) - 342a9cc5-324a-404b-a75b-7a8f961d8cef@group-0AF0423894D4-SegmentedRaftLogWorker: Starting segment from index:0
2019-10-14 20:00:12,192 [342a9cc5-324a-404b-a75b-7a8f961d8cef@group-0AF0423894D4-LeaderElection2] INFO  impl.RaftServerImpl (ServerState.java:setRaftConf(356)) - 342a9cc5-324a-404b-a75b-7a8f961d8cef@group-0AF0423894D4: set configuration 0: [342a9cc5-324a-404b-a75b-7a8f961d8cef:192.168.164.219:42507], old=null at 0
2019-10-14 20:00:12,192 [d80bfd98-6c63-4bee-825c-92724affc291@group-DE4D04A38CF2-LeaderElection1] INFO  impl.RaftServerImpl (ServerState.java:setRaftConf(356)) - d80bfd98-6c63-4bee-825c-92724affc291@group-DE4D04A38CF2: set configuration 0: [d80bfd98-6c63-4bee-825c-92724affc291:192.168.164.219:45741], old=null at 0
2019-10-14 20:00:12,254 [Thread-213] INFO  impl.FollowerState (FollowerState.java:run(108)) - d80bfd98-6c63-4bee-825c-92724affc291@group-403CDB5C54F1-FollowerState: change to CANDIDATE, lastRpcTime:5050ms, electionTimeout:5050ms
2019-10-14 20:00:12,255 [Thread-213] INFO  impl.RoleInfo (RoleInfo.java:shutdownFollowerState(121)) - d80bfd98-6c63-4bee-825c-92724affc291: shutdown FollowerState
2019-10-14 20:00:12,255 [Thread-213] INFO  impl.RaftServerImpl (RaftServerImpl.java:setRole(170)) - d80bfd98-6c63-4bee-825c-92724affc291@group-403CDB5C54F1: changes role from  FOLLOWER to CANDIDATE at term 0 for changeToCandidate
2019-10-14 20:00:12,255 [Thread-213] INFO  impl.RoleInfo (RoleInfo.java:updateAndGet(143)) - d80bfd98-6c63-4bee-825c-92724affc291: start LeaderElection
2019-10-14 20:00:12,281 [d80bfd98-6c63-4bee-825c-92724affc291@group-403CDB5C54F1-LeaderElection3] INFO  impl.LeaderElection (LeaderElection.java:askForVotes(178)) - d80bfd98-6c63-4bee-825c-92724affc291@group-403CDB5C54F1-LeaderElection3: begin an election at term 1 for -1: [d80bfd98-6c63-4bee-825c-92724affc291:192.168.164.219:45741, 727e5d48-33ba-4107-8edb-ec10cfcd14a6:192.168.164.219:43140, 342a9cc5-324a-404b-a75b-7a8f961d8cef:192.168.164.219:42507], old=null
2019-10-14 20:00:12,304 [grpc-default-executor-0] INFO  impl.RaftServerImpl (RaftServerImpl.java:setRole(170)) - 727e5d48-33ba-4107-8edb-ec10cfcd14a6@group-403CDB5C54F1: changes role from  FOLLOWER to FOLLOWER at term 1 for recognizeCandidate:d80bfd98-6c63-4bee-825c-92724affc291
2019-10-14 20:00:12,304 [grpc-default-executor-1] INFO  impl.RaftServerImpl (RaftServerImpl.java:setRole(170)) - 342a9cc5-324a-404b-a75b-7a8f961d8cef@group-403CDB5C54F1: changes role from  FOLLOWER to FOLLOWER at term 1 for recognizeCandidate:d80bfd98-6c63-4bee-825c-92724affc291
2019-10-14 20:00:12,304 [grpc-default-executor-0] INFO  impl.RoleInfo (RoleInfo.java:shutdownFollowerState(121)) - 727e5d48-33ba-4107-8edb-ec10cfcd14a6: shutdown FollowerState
2019-10-14 20:00:12,304 [grpc-default-executor-1] INFO  impl.RoleInfo (RoleInfo.java:shutdownFollowerState(121)) - 342a9cc5-324a-404b-a75b-7a8f961d8cef: shutdown FollowerState
2019-10-14 20:00:12,304 [Thread-214] INFO  impl.FollowerState (FollowerState.java:run(117)) - 727e5d48-33ba-4107-8edb-ec10cfcd14a6@group-403CDB5C54F1-FollowerState was interrupted: java.lang.InterruptedException: sleep interrupted
2019-10-14 20:00:12,304 [Thread-212] INFO  impl.FollowerState (FollowerState.java:run(117)) - 342a9cc5-324a-404b-a75b-7a8f961d8cef@group-403CDB5C54F1-FollowerState was interrupted: java.lang.InterruptedException: sleep interrupted
2019-10-14 20:00:12,304 [grpc-default-executor-1] INFO  impl.RoleInfo (RoleInfo.java:updateAndGet(143)) - 342a9cc5-324a-404b-a75b-7a8f961d8cef: start FollowerState
2019-10-14 20:00:12,304 [grpc-default-executor-0] INFO  impl.RoleInfo (RoleInfo.java:updateAndGet(143)) - 727e5d48-33ba-4107-8edb-ec10cfcd14a6: start FollowerState
2019-10-14 20:00:12,365 [d80bfd98-6c63-4bee-825c-92724affc291@group-403CDB5C54F1-LeaderElection3] INFO  impl.LeaderElection (LeaderElection.java:logAndReturn(56)) - d80bfd98-6c63-4bee-825c-92724affc291@group-403CDB5C54F1-LeaderElection3: Election PASSED; received 1 response(s) [d80bfd98-6c63-4bee-825c-92724affc291<-727e5d48-33ba-4107-8edb-ec10cfcd14a6#0:OK-t1] and 0 exception(s); d80bfd98-6c63-4bee-825c-92724affc291@group-403CDB5C54F1:t1, leader=null, voted=d80bfd98-6c63-4bee-825c-92724affc291, raftlog=d80bfd98-6c63-4bee-825c-92724affc291@group-403CDB5C54F1-SegmentedRaftLog:OPENED:c-1,f-1,i0, conf=-1: [d80bfd98-6c63-4bee-825c-92724affc291:192.168.164.219:45741, 727e5d48-33ba-4107-8edb-ec10cfcd14a6:192.168.164.219:43140, 342a9cc5-324a-404b-a75b-7a8f961d8cef:192.168.164.219:42507], old=null
2019-10-14 20:00:12,365 [d80bfd98-6c63-4bee-825c-92724affc291@group-403CDB5C54F1-LeaderElection3] INFO  impl.RoleInfo (RoleInfo.java:shutdownLeaderElection(134)) - d80bfd98-6c63-4bee-825c-92724affc291: shutdown LeaderElection
2019-10-14 20:00:12,366 [d80bfd98-6c63-4bee-825c-92724affc291@group-403CDB5C54F1-LeaderElection3] INFO  impl.RaftServerImpl (RaftServerImpl.java:setRole(170)) - d80bfd98-6c63-4bee-825c-92724affc291@group-403CDB5C54F1: changes role from CANDIDATE to LEADER at term 1 for changeToLeader
2019-10-14 20:00:12,366 [d80bfd98-6c63-4bee-825c-92724affc291@group-403CDB5C54F1-LeaderElection3] INFO  ratis.XceiverServerRatis (XceiverServerRatis.java:handleLeaderChangedNotification(702)) - Leader change notification received for group: group-403CDB5C54F1 with new leaderId: d80bfd98-6c63-4bee-825c-92724affc291
2019-10-14 20:00:12,366 [d80bfd98-6c63-4bee-825c-92724affc291@group-403CDB5C54F1-LeaderElection3] INFO  impl.RaftServerImpl (ServerState.java:setLeader(255)) - d80bfd98-6c63-4bee-825c-92724affc291@group-403CDB5C54F1: change Leader from null to d80bfd98-6c63-4bee-825c-92724affc291 at term 1 for becomeLeader, leader elected after 5171ms
2019-10-14 20:00:12,367 [d80bfd98-6c63-4bee-825c-92724affc291@group-403CDB5C54F1-LeaderElection3] INFO  server.RaftServerConfigKeys (ConfUtils.java:logGet(43)) - raft.server.staging.catchup.gap = 1000 (default)
2019-10-14 20:00:12,367 [d80bfd98-6c63-4bee-825c-92724affc291@group-403CDB5C54F1-LeaderElection3] INFO  server.RaftServerConfigKeys (ConfUtils.java:logGet(43)) - raft.server.rpc.sleep.time = 25ms (default)
2019-10-14 20:00:12,367 [d80bfd98-6c63-4bee-825c-92724affc291@group-403CDB5C54F1-LeaderElection3] INFO  server.RaftServerConfigKeys (ConfUtils.java:logGet(43)) - raft.server.write.element-limit = 4096 (default)
2019-10-14 20:00:12,368 [d80bfd98-6c63-4bee-825c-92724affc291@group-403CDB5C54F1-LeaderElection3] INFO  server.RaftServerConfigKeys (ConfUtils.java:logGet(43)) - raft.server.watch.timeout = 10s (default)
2019-10-14 20:00:12,369 [d80bfd98-6c63-4bee-825c-92724affc291@group-403CDB5C54F1-LeaderElection3] INFO  server.RaftServerConfigKeys (ConfUtils.java:logGet(43)) - raft.server.watch.timeout.denomination = 1s (default)
2019-10-14 20:00:12,369 [d80bfd98-6c63-4bee-825c-92724affc291@group-403CDB5C54F1-LeaderElection3] INFO  server.RaftServerConfigKeys (ConfUtils.java:logGet(43)) - raft.server.watch.element-limit = 65536 (default)
2019-10-14 20:00:12,369 [EventQueue-PipelineReportForPipelineReportHandler] INFO  pipeline.PipelineReportHandler (PipelineReportHandler.java:processPipelineReport(120)) - Pipeline PipelineID=cd58a181-01a6-4865-89a6-403cdb5c54f1 reported by d80bfd98-6c63-4bee-825c-92724affc291{ip: 192.168.164.219, host: pr-hdds-1868-cfdmt-251076870, networkLocation: /default-rack, certSerialId: null} with leaderId d80bfd98-6c63-4bee-825c-92724affc291
2019-10-14 20:00:12,375 [d80bfd98-6c63-4bee-825c-92724affc291@group-403CDB5C54F1-LeaderElection3] INFO  server.RaftServerConfigKeys (ConfUtils.java:logGet(43)) - raft.server.log.appender.snapshot.chunk.size.max = 16MB (=16777216) (default)
2019-10-14 20:00:12,375 [d80bfd98-6c63-4bee-825c-92724affc291@group-403CDB5C54F1-LeaderElection3] INFO  server.RaftServerConfigKeys (ConfUtils.java:logGet(43)) - raft.server.log.appender.buffer.byte-limit = 33554432 (custom)
2019-10-14 20:00:12,376 [d80bfd98-6c63-4bee-825c-92724affc291@group-403CDB5C54F1-LeaderElection3] INFO  server.RaftServerConfigKeys (ConfUtils.java:logGet(43)) - raft.server.log.appender.buffer.element-limit = 1 (custom)
2019-10-14 20:00:12,379 [d80bfd98-6c63-4bee-825c-92724affc291@group-403CDB5C54F1-LeaderElection3] INFO  grpc.GrpcConfigKeys$Server (ConfUtils.java:logGet(43)) - raft.grpc.server.leader.outstanding.appends.max = 128 (default)
2019-10-14 20:00:12,382 [d80bfd98-6c63-4bee-825c-92724affc291@group-403CDB5C54F1-LeaderElection3] INFO  server.RaftServerConfigKeys (ConfUtils.java:logGet(43)) - raft.server.rpc.request.timeout = 3000ms (default)
2019-10-14 20:00:12,382 [d80bfd98-6c63-4bee-825c-92724affc291@group-403CDB5C54F1-LeaderElection3] INFO  server.RaftServerConfigKeys (ConfUtils.java:logGet(43)) - raft.server.log.appender.install.snapshot.enabled = false (custom)
2019-10-14 20:00:12,382 [342a9cc5-324a-404b-a75b-7a8f961d8cef@group-0AF0423894D4-SegmentedRaftLogWorker] INFO  segmented.SegmentedRaftLogWorker (SegmentedRaftLogWorker.java:execute(576)) - 342a9cc5-324a-404b-a75b-7a8f961d8cef@group-0AF0423894D4-SegmentedRaftLogWorker: created new log segment /workdir/hadoop-ozone/integration-test/target/test-dir/MiniOzoneClusterImpl-9b283add-5e2c-4af5-9c33-44c9e4cdfd58/datanode-1/data/ratis/e7a78504-7912-4e32-8ef5-0af0423894d4/current/log_inprogress_0
2019-10-14 20:00:12,382 [d80bfd98-6c63-4bee-825c-92724affc291@group-DE4D04A38CF2-SegmentedRaftLogWorker] INFO  segmented.SegmentedRaftLogWorker (SegmentedRaftLogWorker.java:execute(576)) - d80bfd98-6c63-4bee-825c-92724affc291@group-DE4D04A38CF2-SegmentedRaftLogWorker: created new log segment /workdir/hadoop-ozone/integration-test/target/test-dir/MiniOzoneClusterImpl-9b283add-5e2c-4af5-9c33-44c9e4cdfd58/datanode-0/data/ratis/2128fa13-98f6-43cb-878e-de4d04a38cf2/current/log_inprogress_0
2019-10-14 20:00:12,383 [d80bfd98-6c63-4bee-825c-92724affc291@group-403CDB5C54F1-LeaderElection3] INFO  server.RaftServerConfigKeys (ConfUtils.java:logGet(43)) - raft.server.log.appender.snapshot.chunk.size.max = 16MB (=16777216) (default)
2019-10-14 20:00:12,383 [d80bfd98-6c63-4bee-825c-92724affc291@group-403CDB5C54F1-LeaderElection3] INFO  server.RaftServerConfigKeys (ConfUtils.java:logGet(43)) - raft.server.log.appender.buffer.byte-limit = 33554432 (custom)
2019-10-14 20:00:12,383 [d80bfd98-6c63-4bee-825c-92724affc291@group-403CDB5C54F1-LeaderElection3] INFO  server.RaftServerConfigKeys (ConfUtils.java:logGet(43)) - raft.server.log.appender.buffer.element-limit = 1 (custom)
2019-10-14 20:00:12,384 [d80bfd98-6c63-4bee-825c-92724affc291@group-403CDB5C54F1-LeaderElection3] INFO  grpc.GrpcConfigKeys$Server (ConfUtils.java:logGet(43)) - raft.grpc.server.leader.outstanding.appends.max = 128 (default)
2019-10-14 20:00:12,384 [d80bfd98-6c63-4bee-825c-92724affc291@group-403CDB5C54F1-LeaderElection3] INFO  server.RaftServerConfigKeys (ConfUtils.java:logGet(43)) - raft.server.rpc.request.timeout = 3000ms (default)
2019-10-14 20:00:12,384 [d80bfd98-6c63-4bee-825c-92724affc291@group-403CDB5C54F1-LeaderElection3] INFO  server.RaftServerConfigKeys (ConfUtils.java:logGet(43)) - raft.server.log.appender.install.snapshot.enabled = false (custom)
2019-10-14 20:00:12,387 [d80bfd98-6c63-4bee-825c-92724affc291@group-403CDB5C54F1-LeaderElection3] INFO  impl.RoleInfo (RoleInfo.java:updateAndGet(143)) - d80bfd98-6c63-4bee-825c-92724affc291: start LeaderState
2019-10-14 20:00:12,387 [d80bfd98-6c63-4bee-825c-92724affc291@group-403CDB5C54F1-LeaderElection3] INFO  segmented.SegmentedRaftLogWorker (SegmentedRaftLogWorker.java:startLogSegment(385)) - d80bfd98-6c63-4bee-825c-92724affc291@group-403CDB5C54F1-SegmentedRaftLogWorker: Starting segment from index:0
2019-10-14 20:00:12,388 [d80bfd98-6c63-4bee-825c-92724affc291@group-403CDB5C54F1-LeaderElection3] INFO  impl.RaftServerImpl (ServerState.java:setRaftConf(356)) - d80bfd98-6c63-4bee-825c-92724affc291@group-403CDB5C54F1: set configuration 0: [d80bfd98-6c63-4bee-825c-92724affc291:192.168.164.219:45741, 727e5d48-33ba-4107-8edb-ec10cfcd14a6:192.168.164.219:43140, 342a9cc5-324a-404b-a75b-7a8f961d8cef:192.168.164.219:42507], old=null at 0
2019-10-14 20:00:12,432 [grpc-default-executor-1] INFO  ratis.XceiverServerRatis (XceiverServerRatis.java:handleLeaderChangedNotification(702)) - Leader change notification received for group: group-403CDB5C54F1 with new leaderId: d80bfd98-6c63-4bee-825c-92724affc291
2019-10-14 20:00:12,434 [grpc-default-executor-0] INFO  ratis.XceiverServerRatis (XceiverServerRatis.java:handleLeaderChangedNotification(702)) - Leader change notification received for group: group-403CDB5C54F1 with new leaderId: d80bfd98-6c63-4bee-825c-92724affc291
2019-10-14 20:00:12,434 [grpc-default-executor-1] INFO  impl.RaftServerImpl (ServerState.java:setLeader(255)) - 342a9cc5-324a-404b-a75b-7a8f961d8cef@group-403CDB5C54F1: change Leader from null to d80bfd98-6c63-4bee-825c-92724affc291 at term 1 for appendEntries, leader elected after 5237ms
2019-10-14 20:00:12,435 [grpc-default-executor-0] INFO  impl.RaftServerImpl (ServerState.java:setLeader(255)) - 727e5d48-33ba-4107-8edb-ec10cfcd14a6@group-403CDB5C54F1: change Leader from null to d80bfd98-6c63-4bee-825c-92724affc291 at term 1 for appendEntries, leader elected after 5239ms
2019-10-14 20:00:12,437 [d80bfd98-6c63-4bee-825c-92724affc291@group-403CDB5C54F1-SegmentedRaftLogWorker] INFO  segmented.SegmentedRaftLogWorker (SegmentedRaftLogWorker.java:execute(576)) - d80bfd98-6c63-4bee-825c-92724affc291@group-403CDB5C54F1-SegmentedRaftLogWorker: created new log segment /workdir/hadoop-ozone/integration-test/target/test-dir/MiniOzoneClusterImpl-9b283add-5e2c-4af5-9c33-44c9e4cdfd58/datanode-0/data/ratis/cd58a181-01a6-4865-89a6-403cdb5c54f1/current/log_inprogress_0
2019-10-14 20:00:12,438 [EventQueue-PipelineReportForPipelineReportHandler] INFO  pipeline.PipelineReportHandler (PipelineReportHandler.java:processPipelineReport(120)) - Pipeline PipelineID=cd58a181-01a6-4865-89a6-403cdb5c54f1 reported by 342a9cc5-324a-404b-a75b-7a8f961d8cef{ip: 192.168.164.219, host: pr-hdds-1868-cfdmt-251076870, networkLocation: /default-rack, certSerialId: null} with leaderId d80bfd98-6c63-4bee-825c-92724affc291
2019-10-14 20:00:12,438 [EventQueue-PipelineReportForPipelineReportHandler] INFO  pipeline.PipelineReportHandler (PipelineReportHandler.java:processPipelineReport(120)) - Pipeline PipelineID=cd58a181-01a6-4865-89a6-403cdb5c54f1 reported by 727e5d48-33ba-4107-8edb-ec10cfcd14a6{ip: 192.168.164.219, host: pr-hdds-1868-cfdmt-251076870, networkLocation: /default-rack, certSerialId: null} with leaderId d80bfd98-6c63-4bee-825c-92724affc291
2019-10-14 20:00:12,438 [EventQueue-PipelineReportForPipelineReportHandler] INFO  pipeline.PipelineStateManager (PipelineStateManager.java:openPipeline(136)) - Pipeline Pipeline[ Id: cd58a181-01a6-4865-89a6-403cdb5c54f1, Nodes: 342a9cc5-324a-404b-a75b-7a8f961d8cef{ip: 192.168.164.219, host: pr-hdds-1868-cfdmt-251076870, networkLocation: /default-rack, certSerialId: null}727e5d48-33ba-4107-8edb-ec10cfcd14a6{ip: 192.168.164.219, host: pr-hdds-1868-cfdmt-251076870, networkLocation: /default-rack, certSerialId: null}d80bfd98-6c63-4bee-825c-92724affc291{ip: 192.168.164.219, host: pr-hdds-1868-cfdmt-251076870, networkLocation: /default-rack, certSerialId: null}, Type:RATIS, Factor:THREE, State:OPEN] moved to OPEN state
2019-10-14 20:00:12,438 [EventQueue-PipelineReportForPipelineReportHandler] INFO  pipeline.PipelineReportHandler (PipelineReportHandler.java:processPipelineReport(120)) - Pipeline PipelineID=c476b451-239b-4a6d-a89a-85ad6dc1862a reported by 727e5d48-33ba-4107-8edb-ec10cfcd14a6{ip: 192.168.164.219, host: pr-hdds-1868-cfdmt-251076870, networkLocation: /default-rack, certSerialId: null} with leaderId 
2019-10-14 20:00:12,439 [EventQueue-PipelineReportForPipelineReportHandler] INFO  pipeline.PipelineStateManager (PipelineStateManager.java:openPipeline(136)) - Pipeline Pipeline[ Id: c476b451-239b-4a6d-a89a-85ad6dc1862a, Nodes: 727e5d48-33ba-4107-8edb-ec10cfcd14a6{ip: 192.168.164.219, host: pr-hdds-1868-cfdmt-251076870, networkLocation: /default-rack, certSerialId: null}, Type:RATIS, Factor:ONE, State:OPEN] moved to OPEN state
2019-10-14 20:00:12,461 [grpc-default-executor-1] INFO  impl.RaftServerImpl (ServerState.java:setRaftConf(356)) - 342a9cc5-324a-404b-a75b-7a8f961d8cef@group-403CDB5C54F1: set configuration 0: [d80bfd98-6c63-4bee-825c-92724affc291:192.168.164.219:45741, 727e5d48-33ba-4107-8edb-ec10cfcd14a6:192.168.164.219:43140, 342a9cc5-324a-404b-a75b-7a8f961d8cef:192.168.164.219:42507], old=null at 0
2019-10-14 20:00:12,463 [grpc-default-executor-0] INFO  impl.RaftServerImpl (ServerState.java:setRaftConf(356)) - 727e5d48-33ba-4107-8edb-ec10cfcd14a6@group-403CDB5C54F1: set configuration 0: [d80bfd98-6c63-4bee-825c-92724affc291:192.168.164.219:45741, 727e5d48-33ba-4107-8edb-ec10cfcd14a6:192.168.164.219:43140, 342a9cc5-324a-404b-a75b-7a8f961d8cef:192.168.164.219:42507], old=null at 0
2019-10-14 20:00:12,463 [grpc-default-executor-1] INFO  segmented.SegmentedRaftLogWorker (SegmentedRaftLogWorker.java:startLogSegment(385)) - 342a9cc5-324a-404b-a75b-7a8f961d8cef@group-403CDB5C54F1-SegmentedRaftLogWorker: Starting segment from index:0
2019-10-14 20:00:12,463 [grpc-default-executor-0] INFO  segmented.SegmentedRaftLogWorker (SegmentedRaftLogWorker.java:startLogSegment(385)) - 727e5d48-33ba-4107-8edb-ec10cfcd14a6@group-403CDB5C54F1-SegmentedRaftLogWorker: Starting segment from index:0
2019-10-14 20:00:12,483 [main] INFO  ozone.MiniOzoneClusterImpl (MiniOzoneClusterImpl.java:lambda$waitForClusterToBeReady$2(172)) - Cluster is ready. Got 3 of 3 DN Heartbeats.
2019-10-14 20:00:12,486 [main] INFO  pipeline.SCMPipelineManager (SCMPipelineManager.java:finalizeAndDestroyPipeline(315)) - destroying pipeline:Pipeline[ Id: 2128fa13-98f6-43cb-878e-de4d04a38cf2, Nodes: d80bfd98-6c63-4bee-825c-92724affc291{ip: 192.168.164.219, host: pr-hdds-1868-cfdmt-251076870, networkLocation: /default-rack, certSerialId: null}, Type:RATIS, Factor:ONE, State:OPEN]
2019-10-14 20:00:12,487 [main] INFO  pipeline.PipelineStateManager (PipelineStateManager.java:finalizePipeline(123)) - Pipeline Pipeline[ Id: 2128fa13-98f6-43cb-878e-de4d04a38cf2, Nodes: d80bfd98-6c63-4bee-825c-92724affc291{ip: 192.168.164.219, host: pr-hdds-1868-cfdmt-251076870, networkLocation: /default-rack, certSerialId: null}, Type:RATIS, Factor:ONE, State:CLOSED] moved to CLOSED state
2019-10-14 20:00:12,504 [grpc-default-executor-0] INFO  impl.RaftServerProxy (RaftServerProxy.java:remove(95)) - d80bfd98-6c63-4bee-825c-92724affc291: remove    LEADER d80bfd98-6c63-4bee-825c-92724affc291@group-DE4D04A38CF2:t1, leader=d80bfd98-6c63-4bee-825c-92724affc291, voted=d80bfd98-6c63-4bee-825c-92724affc291, raftlog=d80bfd98-6c63-4bee-825c-92724affc291@group-DE4D04A38CF2-SegmentedRaftLog:OPENED:c0,f0,i0, conf=0: [d80bfd98-6c63-4bee-825c-92724affc291:192.168.164.219:45741], old=null RUNNING
2019-10-14 20:00:12,505 [grpc-default-executor-0] INFO  impl.RaftServerImpl (RaftServerImpl.java:lambda$shutdown$3(247)) - d80bfd98-6c63-4bee-825c-92724affc291@group-DE4D04A38CF2: shutdown
2019-10-14 20:00:12,505 [grpc-default-executor-0] INFO  util.JmxRegister (JmxRegister.java:unregister(73)) - Successfully un-registered JMX Bean with object name Ratis:service=RaftServer,group=group-DE4D04A38CF2,id=d80bfd98-6c63-4bee-825c-92724affc291
2019-10-14 20:00:12,505 [grpc-default-executor-0] INFO  impl.RoleInfo (RoleInfo.java:shutdownLeaderState(104)) - d80bfd98-6c63-4bee-825c-92724affc291: shutdown LeaderState
2019-10-14 20:00:12,506 [grpc-default-executor-0] INFO  impl.PendingRequests (PendingRequests.java:sendNotLeaderResponses(202)) - d80bfd98-6c63-4bee-825c-92724affc291@group-DE4D04A38CF2-PendingRequests: sendNotLeaderResponses
2019-10-14 20:00:12,507 [grpc-default-executor-0] INFO  impl.StateMachineUpdater (StateMachineUpdater.java:stopAndJoin(136)) - d80bfd98-6c63-4bee-825c-92724affc291@group-DE4D04A38CF2-StateMachineUpdater: set stopIndex = 0
2019-10-14 20:00:12,509 [grpc-default-executor-0] INFO  impl.RaftServerImpl (ServerState.java:close(387)) - d80bfd98-6c63-4bee-825c-92724affc291@group-DE4D04A38CF2: closes. applyIndex: 0
2019-10-14 20:00:12,509 [d80bfd98-6c63-4bee-825c-92724affc291@group-DE4D04A38CF2-SegmentedRaftLogWorker] INFO  segmented.SegmentedRaftLogWorker (SegmentedRaftLogWorker.java:run(316)) - d80bfd98-6c63-4bee-825c-92724affc291@group-DE4D04A38CF2-SegmentedRaftLogWorker was interrupted, exiting. There are 0 tasks remaining in the queue.
2019-10-14 20:00:12,513 [Thread-220] INFO  impl.FollowerState (FollowerState.java:run(108)) - 727e5d48-33ba-4107-8edb-ec10cfcd14a6@group-85AD6DC1862A-FollowerState: change to CANDIDATE, lastRpcTime:5200ms, electionTimeout:5200ms
2019-10-14 20:00:12,513 [Thread-220] INFO  impl.RoleInfo (RoleInfo.java:shutdownFollowerState(121)) - 727e5d48-33ba-4107-8edb-ec10cfcd14a6: shutdown FollowerState
2019-10-14 20:00:12,513 [Thread-220] INFO  impl.RaftServerImpl (RaftServerImpl.java:setRole(170)) - 727e5d48-33ba-4107-8edb-ec10cfcd14a6@group-85AD6DC1862A: changes role from  FOLLOWER to CANDIDATE at term 0 for changeToCandidate
2019-10-14 20:00:12,513 [Thread-220] INFO  impl.RoleInfo (RoleInfo.java:updateAndGet(143)) - 727e5d48-33ba-4107-8edb-ec10cfcd14a6: start LeaderElection
2019-10-14 20:00:12,520 [727e5d48-33ba-4107-8edb-ec10cfcd14a6@group-403CDB5C54F1-SegmentedRaftLogWorker] INFO  segmented.SegmentedRaftLogWorker (SegmentedRaftLogWorker.java:execute(576)) - 727e5d48-33ba-4107-8edb-ec10cfcd14a6@group-403CDB5C54F1-SegmentedRaftLogWorker: created new log segment /workdir/hadoop-ozone/integration-test/target/test-dir/MiniOzoneClusterImpl-9b283add-5e2c-4af5-9c33-44c9e4cdfd58/datanode-2/data/ratis/cd58a181-01a6-4865-89a6-403cdb5c54f1/current/log_inprogress_0
2019-10-14 20:00:12,520 [342a9cc5-324a-404b-a75b-7a8f961d8cef@group-403CDB5C54F1-SegmentedRaftLogWorker] INFO  segmented.SegmentedRaftLogWorker (SegmentedRaftLogWorker.java:execute(576)) - 342a9cc5-324a-404b-a75b-7a8f961d8cef@group-403CDB5C54F1-SegmentedRaftLogWorker: created new log segment /workdir/hadoop-ozone/integration-test/target/test-dir/MiniOzoneClusterImpl-9b283add-5e2c-4af5-9c33-44c9e4cdfd58/datanode-1/data/ratis/cd58a181-01a6-4865-89a6-403cdb5c54f1/current/log_inprogress_0
2019-10-14 20:00:12,520 [grpc-default-executor-0] INFO  segmented.SegmentedRaftLogWorker (SegmentedRaftLogWorker.java:close(224)) - d80bfd98-6c63-4bee-825c-92724affc291@group-DE4D04A38CF2-SegmentedRaftLogWorker close()
2019-10-14 20:00:12,527 [main] INFO  pipeline.PipelineStateManager (PipelineStateManager.java:removePipeline(108)) - Pipeline Pipeline[ Id: 2128fa13-98f6-43cb-878e-de4d04a38cf2, Nodes: d80bfd98-6c63-4bee-825c-92724affc291{ip: 192.168.164.219, host: pr-hdds-1868-cfdmt-251076870, networkLocation: /default-rack, certSerialId: null}, Type:RATIS, Factor:ONE, State:CLOSED] removed from db
2019-10-14 20:00:12,540 [grpc-default-executor-0] INFO  impl.RaftServerProxy (RaftServerProxy.java:addNew(89)) - d80bfd98-6c63-4bee-825c-92724affc291: addNew group-16B883F91B53:[d80bfd98-6c63-4bee-825c-92724affc291:192.168.164.219:45741] returns group-16B883F91B53:java.util.concurrent.CompletableFuture@19880ada[Not completed]
2019-10-14 20:00:12,543 [pool-27-thread-1] INFO  impl.RaftServerImpl (RaftServerImpl.java:<init>(95)) - d80bfd98-6c63-4bee-825c-92724affc291: new RaftServerImpl for group-16B883F91B53:[d80bfd98-6c63-4bee-825c-92724affc291:192.168.164.219:45741] with ContainerStateMachine:uninitialized
2019-10-14 20:00:12,543 [pool-27-thread-1] INFO  server.RaftServerConfigKeys (ConfUtils.java:logGet(43)) - raft.server.rpc.timeout.min = 5s (custom)
2019-10-14 20:00:12,543 [pool-27-thread-1] INFO  server.RaftServerConfigKeys (ConfUtils.java:logGet(43)) - raft.server.rpc.timeout.max = 5200ms (custom)
2019-10-14 20:00:12,543 [pool-27-thread-1] INFO  server.RaftServerConfigKeys (ConfUtils.java:logGet(43)) - raft.server.rpcslowness.timeout = 120s (custom)
2019-10-14 20:00:12,544 [pool-27-thread-1] INFO  server.RaftServerConfigKeys (ConfUtils.java:logGet(43)) - raft.server.sleep.deviation.threshold = 300 (default)
2019-10-14 20:00:12,544 [pool-27-thread-1] INFO  server.RaftServerConfigKeys (ConfUtils.java:logGet(43)) - raft.server.log.appender.install.snapshot.enabled = false (custom)
2019-10-14 20:00:12,544 [pool-27-thread-1] INFO  impl.RaftServerImpl (ServerState.java:<init>(103)) - d80bfd98-6c63-4bee-825c-92724affc291@group-16B883F91B53: ConfigurationManager, init=-1: [d80bfd98-6c63-4bee-825c-92724affc291:192.168.164.219:45741], old=null, confs=<EMPTY_MAP>
2019-10-14 20:00:12,544 [pool-27-thread-1] INFO  server.RaftServerConfigKeys (ConfUtils.java:logGet(43)) - raft.server.storage.dir = [/workdir/hadoop-ozone/integration-test/target/test-dir/MiniOzoneClusterImpl-9b283add-5e2c-4af5-9c33-44c9e4cdfd58/datanode-0/data/ratis] (custom)
2019-10-14 20:00:12,545 [pool-27-thread-1] INFO  server.RaftServerConfigKeys (ConfUtils.java:logGet(43)) - raft.server.log.corruption.policy = EXCEPTION (default)
2019-10-14 20:00:12,545 [pool-27-thread-1] INFO  storage.RaftStorageDirectory (RaftStorageDirectory.java:analyzeStorage(246)) - The storage directory /workdir/hadoop-ozone/integration-test/target/test-dir/MiniOzoneClusterImpl-9b283add-5e2c-4af5-9c33-44c9e4cdfd58/datanode-0/data/ratis/49d50ca3-db1c-46f8-b9f8-16b883f91b53 does not exist. Creating ...
2019-10-14 20:00:12,556 [727e5d48-33ba-4107-8edb-ec10cfcd14a6@group-85AD6DC1862A-LeaderElection4] INFO  impl.LeaderElection (LeaderElection.java:askForVotes(178)) - 727e5d48-33ba-4107-8edb-ec10cfcd14a6@group-85AD6DC1862A-LeaderElection4: begin an election at term 1 for -1: [727e5d48-33ba-4107-8edb-ec10cfcd14a6:192.168.164.219:43140], old=null
2019-10-14 20:00:12,556 [727e5d48-33ba-4107-8edb-ec10cfcd14a6@group-85AD6DC1862A-LeaderElection4] INFO  impl.RoleInfo (RoleInfo.java:shutdownLeaderElection(134)) - 727e5d48-33ba-4107-8edb-ec10cfcd14a6: shutdown LeaderElection
2019-10-14 20:00:12,557 [727e5d48-33ba-4107-8edb-ec10cfcd14a6@group-85AD6DC1862A-LeaderElection4] INFO  impl.RaftServerImpl (RaftServerImpl.java:setRole(170)) - 727e5d48-33ba-4107-8edb-ec10cfcd14a6@group-85AD6DC1862A: changes role from CANDIDATE to LEADER at term 1 for changeToLeader
2019-10-14 20:00:12,557 [727e5d48-33ba-4107-8edb-ec10cfcd14a6@group-85AD6DC1862A-LeaderElection4] INFO  ratis.XceiverServerRatis (XceiverServerRatis.java:handleLeaderChangedNotification(702)) - Leader change notification received for group: group-85AD6DC1862A with new leaderId: 727e5d48-33ba-4107-8edb-ec10cfcd14a6
2019-10-14 20:00:12,557 [727e5d48-33ba-4107-8edb-ec10cfcd14a6@group-85AD6DC1862A-LeaderElection4] INFO  impl.RaftServerImpl (ServerState.java:setLeader(255)) - 727e5d48-33ba-4107-8edb-ec10cfcd14a6@group-85AD6DC1862A: change Leader from null to 727e5d48-33ba-4107-8edb-ec10cfcd14a6 at term 1 for becomeLeader, leader elected after 5253ms
2019-10-14 20:00:12,557 [727e5d48-33ba-4107-8edb-ec10cfcd14a6@group-85AD6DC1862A-LeaderElection4] INFO  server.RaftServerConfigKeys (ConfUtils.java:logGet(43)) - raft.server.staging.catchup.gap = 1000 (default)
2019-10-14 20:00:12,557 [727e5d48-33ba-4107-8edb-ec10cfcd14a6@group-85AD6DC1862A-LeaderElection4] INFO  server.RaftServerConfigKeys (ConfUtils.java:logGet(43)) - raft.server.rpc.sleep.time = 25ms (default)
2019-10-14 20:00:12,558 [727e5d48-33ba-4107-8edb-ec10cfcd14a6@group-85AD6DC1862A-LeaderElection4] INFO  server.RaftServerConfigKeys (ConfUtils.java:logGet(43)) - raft.server.write.element-limit = 4096 (default)
2019-10-14 20:00:12,559 [727e5d48-33ba-4107-8edb-ec10cfcd14a6@group-85AD6DC1862A-LeaderElection4] INFO  server.RaftServerConfigKeys (ConfUtils.java:logGet(43)) - raft.server.watch.timeout = 10s (default)
2019-10-14 20:00:12,559 [727e5d48-33ba-4107-8edb-ec10cfcd14a6@group-85AD6DC1862A-LeaderElection4] INFO  server.RaftServerConfigKeys (ConfUtils.java:logGet(43)) - raft.server.watch.timeout.denomination = 1s (default)
2019-10-14 20:00:12,559 [727e5d48-33ba-4107-8edb-ec10cfcd14a6@group-85AD6DC1862A-LeaderElection4] INFO  server.RaftServerConfigKeys (ConfUtils.java:logGet(43)) - raft.server.watch.element-limit = 65536 (default)
2019-10-14 20:00:12,562 [727e5d48-33ba-4107-8edb-ec10cfcd14a6@group-85AD6DC1862A-LeaderElection4] INFO  impl.RoleInfo (RoleInfo.java:updateAndGet(143)) - 727e5d48-33ba-4107-8edb-ec10cfcd14a6: start LeaderState
2019-10-14 20:00:12,562 [727e5d48-33ba-4107-8edb-ec10cfcd14a6@group-85AD6DC1862A-LeaderElection4] INFO  segmented.SegmentedRaftLogWorker (SegmentedRaftLogWorker.java:startLogSegment(385)) - 727e5d48-33ba-4107-8edb-ec10cfcd14a6@group-85AD6DC1862A-SegmentedRaftLogWorker: Starting segment from index:0
2019-10-14 20:00:12,563 [727e5d48-33ba-4107-8edb-ec10cfcd14a6@group-85AD6DC1862A-LeaderElection4] INFO  impl.RaftServerImpl (ServerState.java:setRaftConf(356)) - 727e5d48-33ba-4107-8edb-ec10cfcd14a6@group-85AD6DC1862A: set configuration 0: [727e5d48-33ba-4107-8edb-ec10cfcd14a6:192.168.164.219:43140], old=null at 0
2019-10-14 20:00:12,573 [pool-27-thread-1] INFO  storage.RaftStorageDirectory (RaftStorageDirectory.java:tryLock(328)) - Lock on /workdir/hadoop-ozone/integration-test/target/test-dir/MiniOzoneClusterImpl-9b283add-5e2c-4af5-9c33-44c9e4cdfd58/datanode-0/data/ratis/49d50ca3-db1c-46f8-b9f8-16b883f91b53/in_use.lock acquired by nodename 2508@pr-hdds-1868-cfdmt-251076870
2019-10-14 20:00:12,599 [pool-27-thread-1] INFO  storage.RaftStorage (RaftStorage.java:format(84)) - Storage directory /workdir/hadoop-ozone/integration-test/target/test-dir/MiniOzoneClusterImpl-9b283add-5e2c-4af5-9c33-44c9e4cdfd58/datanode-0/data/ratis/49d50ca3-db1c-46f8-b9f8-16b883f91b53 has been successfully formatted.
2019-10-14 20:00:12,599 [pool-27-thread-1] INFO  ratis.ContainerStateMachine (ContainerStateMachine.java:loadSnapshot(233)) - group-16B883F91B53: The snapshot info is null. Setting the last applied indexto:(t:0, i:~)
2019-10-14 20:00:12,600 [pool-27-thread-1] INFO  server.RaftServerConfigKeys (ConfUtils.java:logGet(43)) - raft.server.notification.no-leader.timeout = 120s (custom)
2019-10-14 20:00:12,600 [pool-27-thread-1] INFO  server.RaftServerConfigKeys (ConfUtils.java:logGet(43)) - raft.server.log.use.memory = false (default)
2019-10-14 20:00:12,600 [pool-27-thread-1] INFO  server.RaftServerConfigKeys (ConfUtils.java:logGet(43)) - raft.server.log.purge.gap = 1000000 (custom)
2019-10-14 20:00:12,600 [pool-27-thread-1] INFO  server.RaftServerConfigKeys (ConfUtils.java:logGet(43)) - raft.server.log.appender.buffer.byte-limit = 33554432 (custom)
2019-10-14 20:00:12,600 [pool-27-thread-1] INFO  server.RaftServerConfigKeys (ConfUtils.java:logGet(43)) - raft.server.log.segment.size.max = 1048576 (custom)
2019-10-14 20:00:12,601 [pool-27-thread-1] INFO  server.RaftServerConfigKeys (ConfUtils.java:logGet(43)) - raft.server.log.segment.cache.num.max = 2 (custom)
2019-10-14 20:00:12,601 [pool-27-thread-1] INFO  segmented.SegmentedRaftLogWorker (SegmentedRaftLogWorker.java:<init>(173)) - new d80bfd98-6c63-4bee-825c-92724affc291@group-16B883F91B53-SegmentedRaftLogWorker for RaftStorage:Storage Directory /workdir/hadoop-ozone/integration-test/target/test-dir/MiniOzoneClusterImpl-9b283add-5e2c-4af5-9c33-44c9e4cdfd58/datanode-0/data/ratis/49d50ca3-db1c-46f8-b9f8-16b883f91b53
2019-10-14 20:00:12,601 [pool-27-thread-1] INFO  server.RaftServerConfigKeys (ConfUtils.java:logGet(43)) - raft.server.log.queue.byte-limit = 2147483647 (custom)
2019-10-14 20:00:12,601 [pool-27-thread-1] INFO  server.RaftServerConfigKeys (ConfUtils.java:logGet(43)) - raft.server.log.queue.element-limit = 1024 (custom)
2019-10-14 20:00:12,601 [pool-27-thread-1] INFO  server.RaftServerConfigKeys (ConfUtils.java:logGet(43)) - raft.server.log.segment.size.max = 1048576 (custom)
2019-10-14 20:00:12,601 [pool-27-thread-1] INFO  server.RaftServerConfigKeys (ConfUtils.java:logGet(43)) - raft.server.log.preallocated.size = 16384 (custom)
2019-10-14 20:00:12,602 [pool-27-thread-1] INFO  server.RaftServerConfigKeys (ConfUtils.java:logGet(43)) - raft.server.log.write.buffer.size = 33554432 (custom)
2019-10-14 20:00:12,602 [pool-27-thread-1] INFO  server.RaftServerConfigKeys (ConfUtils.java:logGet(43)) - raft.server.log.force.sync.num = 128 (default)
2019-10-14 20:00:12,602 [pool-27-thread-1] INFO  server.RaftServerConfigKeys (ConfUtils.java:logGet(43)) - raft.server.log.statemachine.data.sync = true (default)
2019-10-14 20:00:12,602 [pool-27-thread-1] INFO  server.RaftServerConfigKeys (ConfUtils.java:logGet(43)) - raft.server.log.statemachine.data.sync.timeout = 10s (default)
2019-10-14 20:00:12,602 [pool-27-thread-1] INFO  server.RaftServerConfigKeys (ConfUtils.java:logGet(43)) - raft.server.log.statemachine.data.sync.timeout.retry = -1 (default)
2019-10-14 20:00:12,603 [pool-27-thread-1] INFO  server.RaftServerConfigKeys (ConfUtils.java:logGet(43)) - raft.server.log.statemachine.data.caching.enabled = true (custom)
2019-10-14 20:00:12,603 [pool-27-thread-1] INFO  segmented.SegmentedRaftLogWorker (SegmentedRaftLogWorker.java:lambda$new$0(128)) - d80bfd98-6c63-4bee-825c-92724affc291@group-16B883F91B53-SegmentedRaftLogWorker: flushIndex: setUnconditionally 0 -> -1
2019-10-14 20:00:12,603 [pool-27-thread-1] INFO  server.RaftServerConfigKeys (ConfUtils.java:logGet(43)) - raft.server.snapshot.auto.trigger.enabled = true (custom)
2019-10-14 20:00:12,604 [pool-27-thread-1] INFO  server.RaftServerConfigKeys (ConfUtils.java:logGet(43)) - raft.server.snapshot.auto.trigger.threshold = 10000 (custom)
2019-10-14 20:00:12,604 [pool-27-thread-1] INFO  server.RaftServerConfigKeys (ConfUtils.java:logGet(43)) - raft.server.snapshot.retention.file.num = 5 (custom)
2019-10-14 20:00:12,604 [pool-27-thread-1] INFO  server.RaftServerConfigKeys (ConfUtils.java:logGet(43)) - raft.server.retrycache.expirytime = 600000ms (custom)
2019-10-14 20:00:12,607 [pool-27-thread-1] INFO  impl.RaftServerImpl (RaftServerImpl.java:start(181)) - d80bfd98-6c63-4bee-825c-92724affc291@group-16B883F91B53: start as a follower, conf=-1: [d80bfd98-6c63-4bee-825c-92724affc291:192.168.164.219:45741], old=null
2019-10-14 20:00:12,607 [pool-27-thread-1] INFO  impl.RaftServerImpl (RaftServerImpl.java:setRole(170)) - d80bfd98-6c63-4bee-825c-92724affc291@group-16B883F91B53: changes role from      null to FOLLOWER at term 0 for startAsFollower
2019-10-14 20:00:12,608 [pool-27-thread-1] INFO  impl.RoleInfo (RoleInfo.java:updateAndGet(143)) - d80bfd98-6c63-4bee-825c-92724affc291: start FollowerState
2019-10-14 20:00:12,608 [pool-27-thread-1] INFO  util.JmxRegister (JmxRegister.java:tryRegister(44)) - Successfully registered JMX Bean with object name Ratis:service=RaftServer,group=group-16B883F91B53,id=d80bfd98-6c63-4bee-825c-92724affc291
2019-10-14 20:00:12,616 [727e5d48-33ba-4107-8edb-ec10cfcd14a6@group-85AD6DC1862A-SegmentedRaftLogWorker] INFO  segmented.SegmentedRaftLogWorker (SegmentedRaftLogWorker.java:execute(576)) - 727e5d48-33ba-4107-8edb-ec10cfcd14a6@group-85AD6DC1862A-SegmentedRaftLogWorker: created new log segment /workdir/hadoop-ozone/integration-test/target/test-dir/MiniOzoneClusterImpl-9b283add-5e2c-4af5-9c33-44c9e4cdfd58/datanode-2/data/ratis/c476b451-239b-4a6d-a89a-85ad6dc1862a/current/log_inprogress_0
2019-10-14 20:00:12,617 [RatisPipelineUtilsThread] INFO  pipeline.PipelineStateManager (PipelineStateManager.java:addPipeline(57)) - Created pipeline Pipeline[ Id: 49d50ca3-db1c-46f8-b9f8-16b883f91b53, Nodes: d80bfd98-6c63-4bee-825c-92724affc291{ip: 192.168.164.219, host: pr-hdds-1868-cfdmt-251076870, networkLocation: /default-rack, certSerialId: null}, Type:RATIS, Factor:ONE, State:ALLOCATED]
2019-10-14 20:00:12,706 [main] INFO  ozone.MiniOzoneClusterImpl (MiniOzoneClusterImpl.java:shutdown(352)) - Shutting down the Mini Ozone Cluster
2019-10-14 20:00:12,707 [main] INFO  ozone.MiniOzoneClusterImpl (MiniOzoneClusterImpl.java:stop(368)) - Stopping the Mini Ozone Cluster
2019-10-14 20:00:12,707 [main] INFO  ozone.MiniOzoneClusterImpl (MiniOzoneClusterImpl.java:stopOM(438)) - Stopping the OzoneManager
2019-10-14 20:00:12,707 [main] INFO  ipc.Server (Server.java:stop(3082)) - Stopping server on 37403
2019-10-14 20:00:12,714 [IPC Server listener on 37403] INFO  ipc.Server (Server.java:run(1185)) - Stopping IPC Server listener on 37403
2019-10-14 20:00:12,715 [main] INFO  ratis.OzoneManagerDoubleBuffer (OzoneManagerDoubleBuffer.java:stop(250)) - Stopping OMDoubleBuffer flush thread
2019-10-14 20:00:12,715 [IPC Server Responder] INFO  ipc.Server (Server.java:run(1319)) - Stopping IPC Server Responder
2019-10-14 20:00:12,721 [OMDoubleBufferFlushThread] INFO  ratis.OzoneManagerDoubleBuffer (OzoneManagerDoubleBuffer.java:flushTransactions(193)) - OMDoubleBuffer flush thread OMDoubleBufferFlushThread is interrupted and will exit. OMDoubleBufferFlushThread
2019-10-14 20:00:12,725 [main] INFO  utils.BackgroundService (BackgroundService.java:shutdown(151)) - Shutting down service KeyDeletingService
2019-10-14 20:00:12,727 [main] INFO  handler.ContextHandler (ContextHandler.java:doStop(910)) - Stopped o.e.j.w.WebAppContext@319854f0{/,null,UNAVAILABLE}{/ozoneManager}
2019-10-14 20:00:12,732 [main] INFO  server.AbstractConnector (AbstractConnector.java:doStop(318)) - Stopped ServerConnector@748fe51d{HTTP/1.1,[http/1.1]}{0.0.0.0:0}
2019-10-14 20:00:12,732 [main] INFO  handler.ContextHandler (ContextHandler.java:doStop(910)) - Stopped o.e.j.s.ServletContextHandler@20ed3303{/static,file:///workdir/hadoop-ozone/integration-test/target/test-classes/webapps/static,UNAVAILABLE}
2019-10-14 20:00:12,733 [main] INFO  handler.ContextHandler (ContextHandler.java:doStop(910)) - Stopped o.e.j.s.ServletContextHandler@1542af63{/logs,file:///workdir/hadoop-ozone/integration-test/target/log,UNAVAILABLE}
2019-10-14 20:00:12,736 [main] INFO  ozone.MiniOzoneClusterImpl (MiniOzoneClusterImpl.java:stopDatanodes(415)) - Stopping the HddsDatanodes
2019-10-14 20:00:13,367 [Datanode State Machine Thread - 0] INFO  statemachine.DatanodeStateMachine (DatanodeStateMachine.java:lambda$startDaemon$0(350)) - Ozone container server started.
2019-10-14 20:00:13,434 [Datanode State Machine Thread - 0] INFO  statemachine.DatanodeStateMachine (DatanodeStateMachine.java:lambda$startDaemon$0(350)) - Ozone container server started.
2019-10-14 20:00:17,665 [Thread-244] INFO  impl.FollowerState (FollowerState.java:run(108)) - d80bfd98-6c63-4bee-825c-92724affc291@group-16B883F91B53-FollowerState: change to CANDIDATE, lastRpcTime:5057ms, electionTimeout:5057ms
2019-10-14 20:00:17,666 [Thread-244] INFO  impl.RoleInfo (RoleInfo.java:shutdownFollowerState(121)) - d80bfd98-6c63-4bee-825c-92724affc291: shutdown FollowerState
2019-10-14 20:00:17,666 [Thread-244] INFO  impl.RaftServerImpl (RaftServerImpl.java:setRole(170)) - d80bfd98-6c63-4bee-825c-92724affc291@group-16B883F91B53: changes role from  FOLLOWER to CANDIDATE at term 0 for changeToCandidate
2019-10-14 20:00:17,666 [Thread-244] INFO  impl.RoleInfo (RoleInfo.java:updateAndGet(143)) - d80bfd98-6c63-4bee-825c-92724affc291: start LeaderElection
2019-10-14 20:00:17,702 [d80bfd98-6c63-4bee-825c-92724affc291@group-16B883F91B53-LeaderElection5] INFO  impl.LeaderElection (LeaderElection.java:askForVotes(178)) - d80bfd98-6c63-4bee-825c-92724affc291@group-16B883F91B53-LeaderElection5: begin an election at term 1 for -1: [d80bfd98-6c63-4bee-825c-92724affc291:192.168.164.219:45741], old=null
2019-10-14 20:00:17,703 [d80bfd98-6c63-4bee-825c-92724affc291@group-16B883F91B53-LeaderElection5] INFO  impl.RoleInfo (RoleInfo.java:shutdownLeaderElection(134)) - d80bfd98-6c63-4bee-825c-92724affc291: shutdown LeaderElection
2019-10-14 20:00:17,703 [d80bfd98-6c63-4bee-825c-92724affc291@group-16B883F91B53-LeaderElection5] INFO  impl.RaftServerImpl (RaftServerImpl.java:setRole(170)) - d80bfd98-6c63-4bee-825c-92724affc291@group-16B883F91B53: changes role from CANDIDATE to LEADER at term 1 for changeToLeader
2019-10-14 20:00:17,703 [d80bfd98-6c63-4bee-825c-92724affc291@group-16B883F91B53-LeaderElection5] INFO  ratis.XceiverServerRatis (XceiverServerRatis.java:handleLeaderChangedNotification(702)) - Leader change notification received for group: group-16B883F91B53 with new leaderId: d80bfd98-6c63-4bee-825c-92724affc291
2019-10-14 20:00:17,703 [d80bfd98-6c63-4bee-825c-92724affc291@group-16B883F91B53-LeaderElection5] INFO  impl.RaftServerImpl (ServerState.java:setLeader(255)) - d80bfd98-6c63-4bee-825c-92724affc291@group-16B883F91B53: change Leader from null to d80bfd98-6c63-4bee-825c-92724affc291 at term 1 for becomeLeader, leader elected after 5103ms
2019-10-14 20:00:17,703 [d80bfd98-6c63-4bee-825c-92724affc291@group-16B883F91B53-LeaderElection5] INFO  server.RaftServerConfigKeys (ConfUtils.java:logGet(43)) - raft.server.staging.catchup.gap = 1000 (default)
2019-10-14 20:00:17,704 [d80bfd98-6c63-4bee-825c-92724affc291@group-16B883F91B53-LeaderElection5] INFO  server.RaftServerConfigKeys (ConfUtils.java:logGet(43)) - raft.server.rpc.sleep.time = 25ms (default)
2019-10-14 20:00:17,704 [d80bfd98-6c63-4bee-825c-92724affc291@group-16B883F91B53-LeaderElection5] INFO  server.RaftServerConfigKeys (ConfUtils.java:logGet(43)) - raft.server.write.element-limit = 4096 (default)
2019-10-14 20:00:17,704 [d80bfd98-6c63-4bee-825c-92724affc291@group-16B883F91B53-LeaderElection5] INFO  server.RaftServerConfigKeys (ConfUtils.java:logGet(43)) - raft.server.watch.timeout = 10s (default)
2019-10-14 20:00:17,704 [d80bfd98-6c63-4bee-825c-92724affc291@group-16B883F91B53-LeaderElection5] INFO  server.RaftServerConfigKeys (ConfUtils.java:logGet(43)) - raft.server.watch.timeout.denomination = 1s (default)
2019-10-14 20:00:17,704 [d80bfd98-6c63-4bee-825c-92724affc291@group-16B883F91B53-LeaderElection5] INFO  server.RaftServerConfigKeys (ConfUtils.java:logGet(43)) - raft.server.watch.element-limit = 65536 (default)
2019-10-14 20:00:17,708 [d80bfd98-6c63-4bee-825c-92724affc291@group-16B883F91B53-LeaderElection5] INFO  impl.RoleInfo (RoleInfo.java:updateAndGet(143)) - d80bfd98-6c63-4bee-825c-92724affc291: start LeaderState
2019-10-14 20:00:17,708 [d80bfd98-6c63-4bee-825c-92724affc291@group-16B883F91B53-LeaderElection5] INFO  segmented.SegmentedRaftLogWorker (SegmentedRaftLogWorker.java:startLogSegment(385)) - d80bfd98-6c63-4bee-825c-92724affc291@group-16B883F91B53-SegmentedRaftLogWorker: Starting segment from index:0
2019-10-14 20:00:17,709 [d80bfd98-6c63-4bee-825c-92724affc291@group-16B883F91B53-LeaderElection5] INFO  impl.RaftServerImpl (ServerState.java:setRaftConf(356)) - d80bfd98-6c63-4bee-825c-92724affc291@group-16B883F91B53: set configuration 0: [d80bfd98-6c63-4bee-825c-92724affc291:192.168.164.219:45741], old=null at 0
2019-10-14 20:00:17,744 [main] INFO  ozoneimpl.OzoneContainer (OzoneContainer.java:stop(227)) - Attempting to stop container services.
2019-10-14 20:00:17,744 [ForkJoinPool.commonPool-worker-0] INFO  ozoneimpl.OzoneContainer (OzoneContainer.java:stop(227)) - Attempting to stop container services.
2019-10-14 20:00:17,745 [main] INFO  impl.RaftServerProxy (RaftServerProxy.java:lambda$close$4(314)) - 342a9cc5-324a-404b-a75b-7a8f961d8cef: close
2019-10-14 20:00:17,745 [ForkJoinPool.commonPool-worker-0] INFO  impl.RaftServerProxy (RaftServerProxy.java:lambda$close$4(314)) - d80bfd98-6c63-4bee-825c-92724affc291: close
2019-10-14 20:00:17,747 [ForkJoinPool.commonPool-worker-0] INFO  impl.RaftServerImpl (RaftServerImpl.java:lambda$shutdown$3(247)) - d80bfd98-6c63-4bee-825c-92724affc291@group-16B883F91B53: shutdown
2019-10-14 20:00:17,747 [main] INFO  impl.RaftServerImpl (RaftServerImpl.java:lambda$shutdown$3(247)) - 342a9cc5-324a-404b-a75b-7a8f961d8cef@group-0AF0423894D4: shutdown
2019-10-14 20:00:17,748 [ForkJoinPool.commonPool-worker-0] INFO  util.JmxRegister (JmxRegister.java:unregister(73)) - Successfully un-registered JMX Bean with object name Ratis:service=RaftServer,group=group-16B883F91B53,id=d80bfd98-6c63-4bee-825c-92724affc291
2019-10-14 20:00:17,748 [main] INFO  util.JmxRegister (JmxRegister.java:unregister(73)) - Successfully un-registered JMX Bean with object name Ratis:service=RaftServer,group=group-0AF0423894D4,id=342a9cc5-324a-404b-a75b-7a8f961d8cef
2019-10-14 20:00:17,748 [ForkJoinPool.commonPool-worker-0] INFO  impl.RoleInfo (RoleInfo.java:shutdownLeaderState(104)) - d80bfd98-6c63-4bee-825c-92724affc291: shutdown LeaderState
2019-10-14 20:00:17,749 [main] INFO  impl.RoleInfo (RoleInfo.java:shutdownLeaderState(104)) - 342a9cc5-324a-404b-a75b-7a8f961d8cef: shutdown LeaderState
2019-10-14 20:00:17,749 [ForkJoinPool.commonPool-worker-0] INFO  impl.PendingRequests (PendingRequests.java:sendNotLeaderResponses(202)) - d80bfd98-6c63-4bee-825c-92724affc291@group-16B883F91B53-PendingRequests: sendNotLeaderResponses
2019-10-14 20:00:17,751 [main] INFO  impl.PendingRequests (PendingRequests.java:sendNotLeaderResponses(202)) - 342a9cc5-324a-404b-a75b-7a8f961d8cef@group-0AF0423894D4-PendingRequests: sendNotLeaderResponses
2019-10-14 20:00:17,751 [ForkJoinPool.commonPool-worker-0] INFO  impl.StateMachineUpdater (StateMachineUpdater.java:stopAndJoin(136)) - d80bfd98-6c63-4bee-825c-92724affc291@group-16B883F91B53-StateMachineUpdater: set stopIndex = -1
2019-10-14 20:00:17,752 [main] INFO  impl.StateMachineUpdater (StateMachineUpdater.java:stopAndJoin(136)) - 342a9cc5-324a-404b-a75b-7a8f961d8cef@group-0AF0423894D4-StateMachineUpdater: set stopIndex = 0
2019-10-14 20:00:17,754 [main] INFO  impl.RaftServerImpl (ServerState.java:close(387)) - 342a9cc5-324a-404b-a75b-7a8f961d8cef@group-0AF0423894D4: closes. applyIndex: 0
2019-10-14 20:00:17,753 [ForkJoinPool.commonPool-worker-0] INFO  impl.RaftServerImpl (ServerState.java:close(387)) - d80bfd98-6c63-4bee-825c-92724affc291@group-16B883F91B53: closes. applyIndex: -1
2019-10-14 20:00:17,755 [342a9cc5-324a-404b-a75b-7a8f961d8cef@group-0AF0423894D4-SegmentedRaftLogWorker] INFO  segmented.SegmentedRaftLogWorker (SegmentedRaftLogWorker.java:run(316)) - 342a9cc5-324a-404b-a75b-7a8f961d8cef@group-0AF0423894D4-SegmentedRaftLogWorker was interrupted, exiting. There are 0 tasks remaining in the queue.
2019-10-14 20:00:17,764 [main] INFO  segmented.SegmentedRaftLogWorker (SegmentedRaftLogWorker.java:close(224)) - 342a9cc5-324a-404b-a75b-7a8f961d8cef@group-0AF0423894D4-SegmentedRaftLogWorker close()
2019-10-14 20:00:17,767 [main] INFO  impl.RaftServerImpl (RaftServerImpl.java:lambda$shutdown$3(247)) - 342a9cc5-324a-404b-a75b-7a8f961d8cef@group-403CDB5C54F1: shutdown
2019-10-14 20:00:17,768 [d80bfd98-6c63-4bee-825c-92724affc291@group-16B883F91B53-SegmentedRaftLogWorker] WARN  segmented.SegmentedRaftLogOutputStream (SegmentedRaftLogOutputStream.java:<init>(77)) - Hit IOException while creating log segment /workdir/hadoop-ozone/integration-test/target/test-dir/MiniOzoneClusterImpl-9b283add-5e2c-4af5-9c33-44c9e4cdfd58/datanode-0/data/ratis/49d50ca3-db1c-46f8-b9f8-16b883f91b53/current/log_inprogress_0, delete the partial file.
2019-10-14 20:00:17,768 [main] INFO  util.JmxRegister (JmxRegister.java:unregister(73)) - Successfully un-registered JMX Bean with object name Ratis:service=RaftServer,group=group-403CDB5C54F1,id=342a9cc5-324a-404b-a75b-7a8f961d8cef
2019-10-14 20:00:17,768 [main] INFO  impl.RoleInfo (RoleInfo.java:shutdownFollowerState(121)) - 342a9cc5-324a-404b-a75b-7a8f961d8cef: shutdown FollowerState
2019-10-14 20:00:17,768 [ForkJoinPool.commonPool-worker-0] INFO  segmented.SegmentedRaftLogWorker (SegmentedRaftLogWorker.java:close(224)) - d80bfd98-6c63-4bee-825c-92724affc291@group-16B883F91B53-SegmentedRaftLogWorker close()
2019-10-14 20:00:17,769 [Thread-230] INFO  impl.FollowerState (FollowerState.java:run(117)) - 342a9cc5-324a-404b-a75b-7a8f961d8cef@group-403CDB5C54F1-FollowerState was interrupted: java.lang.InterruptedException: sleep interrupted
2019-10-14 20:00:17,769 [main] INFO  impl.StateMachineUpdater (StateMachineUpdater.java:stopAndJoin(136)) - 342a9cc5-324a-404b-a75b-7a8f961d8cef@group-403CDB5C54F1-StateMachineUpdater: set stopIndex = 0
2019-10-14 20:00:17,777 [main] INFO  impl.RaftServerImpl (ServerState.java:close(387)) - 342a9cc5-324a-404b-a75b-7a8f961d8cef@group-403CDB5C54F1: closes. applyIndex: 0
2019-10-14 20:00:17,776 [ForkJoinPool.commonPool-worker-0] INFO  impl.RaftServerImpl (RaftServerImpl.java:lambda$shutdown$3(247)) - d80bfd98-6c63-4bee-825c-92724affc291@group-403CDB5C54F1: shutdown
2019-10-14 20:00:17,777 [342a9cc5-324a-404b-a75b-7a8f961d8cef@group-403CDB5C54F1-SegmentedRaftLogWorker] INFO  segmented.SegmentedRaftLogWorker (SegmentedRaftLogWorker.java:run(316)) - 342a9cc5-324a-404b-a75b-7a8f961d8cef@group-403CDB5C54F1-SegmentedRaftLogWorker was interrupted, exiting. There are 0 tasks remaining in the queue.
2019-10-14 20:00:17,777 [ForkJoinPool.commonPool-worker-0] INFO  util.JmxRegister (JmxRegister.java:unregister(73)) - Successfully un-registered JMX Bean with object name Ratis:service=RaftServer,group=group-403CDB5C54F1,id=d80bfd98-6c63-4bee-825c-92724affc291
2019-10-14 20:00:17,780 [main] INFO  segmented.SegmentedRaftLogWorker (SegmentedRaftLogWorker.java:close(224)) - 342a9cc5-324a-404b-a75b-7a8f961d8cef@group-403CDB5C54F1-SegmentedRaftLogWorker close()
2019-10-14 20:00:17,781 [ForkJoinPool.commonPool-worker-0] INFO  impl.RoleInfo (RoleInfo.java:shutdownLeaderState(104)) - d80bfd98-6c63-4bee-825c-92724affc291: shutdown LeaderState
2019-10-14 20:00:17,786 [ForkJoinPool.commonPool-worker-0] INFO  impl.PendingRequests (PendingRequests.java:sendNotLeaderResponses(202)) - d80bfd98-6c63-4bee-825c-92724affc291@group-403CDB5C54F1-PendingRequests: sendNotLeaderResponses
2019-10-14 20:00:17,787 [main] INFO  server.GrpcService (GrpcService.java:closeImpl(164)) - 342a9cc5-324a-404b-a75b-7a8f961d8cef: shutdown server with port 42507 now
2019-10-14 20:00:17,786 [org.apache.ratis.server.impl.LogAppender$AppenderDaemon$$Lambda$419/1431734351@f71a5ce] WARN  server.GrpcLogAppender (GrpcLogAppender.java:mayWait(143)) - d80bfd98-6c63-4bee-825c-92724affc291@group-403CDB5C54F1->727e5d48-33ba-4107-8edb-ec10cfcd14a6-GrpcLogAppender: Wait interrupted by java.lang.InterruptedException
2019-10-14 20:00:17,786 [org.apache.ratis.server.impl.LogAppender$AppenderDaemon$$Lambda$419/1431734351@2c0860c0] WARN  server.GrpcLogAppender (GrpcLogAppender.java:mayWait(143)) - d80bfd98-6c63-4bee-825c-92724affc291@group-403CDB5C54F1->342a9cc5-324a-404b-a75b-7a8f961d8cef-GrpcLogAppender: Wait interrupted by java.lang.InterruptedException
2019-10-14 20:00:17,787 [ForkJoinPool.commonPool-worker-0] INFO  impl.StateMachineUpdater (StateMachineUpdater.java:stopAndJoin(136)) - d80bfd98-6c63-4bee-825c-92724affc291@group-403CDB5C54F1-StateMachineUpdater: set stopIndex = 0
2019-10-14 20:00:17,788 [ForkJoinPool.commonPool-worker-0] INFO  impl.RaftServerImpl (ServerState.java:close(387)) - d80bfd98-6c63-4bee-825c-92724affc291@group-403CDB5C54F1: closes. applyIndex: 0
2019-10-14 20:00:17,789 [d80bfd98-6c63-4bee-825c-92724affc291@group-403CDB5C54F1-SegmentedRaftLogWorker] INFO  segmented.SegmentedRaftLogWorker (SegmentedRaftLogWorker.java:run(316)) - d80bfd98-6c63-4bee-825c-92724affc291@group-403CDB5C54F1-SegmentedRaftLogWorker was interrupted, exiting. There are 0 tasks remaining in the queue.
2019-10-14 20:00:17,794 [ForkJoinPool.commonPool-worker-0] INFO  segmented.SegmentedRaftLogWorker (SegmentedRaftLogWorker.java:close(224)) - d80bfd98-6c63-4bee-825c-92724affc291@group-403CDB5C54F1-SegmentedRaftLogWorker close()
2019-10-14 20:00:17,796 [ForkJoinPool.commonPool-worker-0] INFO  server.GrpcService (GrpcService.java:closeImpl(164)) - d80bfd98-6c63-4bee-825c-92724affc291: shutdown server with port 45741 now
2019-10-14 20:00:17,798 [grpc-default-executor-0] INFO  server.GrpcServerProtocolService (GrpcServerProtocolService.java:onCompleted(113)) - 342a9cc5-324a-404b-a75b-7a8f961d8cef: Completed APPEND_ENTRIES, lastRequest: d80bfd98-6c63-4bee-825c-92724affc291->342a9cc5-324a-404b-a75b-7a8f961d8cef#3-t1, previous=(t:1, i:0), leaderCommit=0, initializing? false, entries: <empty>
2019-10-14 20:00:17,798 [grpc-default-executor-1] INFO  server.GrpcServerProtocolService (GrpcServerProtocolService.java:onCompleted(113)) - 727e5d48-33ba-4107-8edb-ec10cfcd14a6: Completed APPEND_ENTRIES, lastRequest: d80bfd98-6c63-4bee-825c-92724affc291->727e5d48-33ba-4107-8edb-ec10cfcd14a6#3-t1, previous=(t:1, i:0), leaderCommit=0, initializing? false, entries: <empty>
2019-10-14 20:00:17,803 [grpc-default-executor-1] INFO  server.GrpcLogAppender (GrpcLogAppender.java:onCompleted(293)) - d80bfd98-6c63-4bee-825c-92724affc291@group-403CDB5C54F1->727e5d48-33ba-4107-8edb-ec10cfcd14a6-AppendLogResponseHandler: follower responses appendEntries COMPLETED
2019-10-14 20:00:17,806 [grpc-default-executor-1] INFO  impl.FollowerInfo (FollowerInfo.java:lambda$new$0(51)) - d80bfd98-6c63-4bee-825c-92724affc291@group-403CDB5C54F1->727e5d48-33ba-4107-8edb-ec10cfcd14a6: nextIndex: updateUnconditionally 1 -> 0
2019-10-14 20:00:17,807 [main] INFO  server.GrpcService (GrpcService.java:closeImpl(172)) - 342a9cc5-324a-404b-a75b-7a8f961d8cef: shutdown server with port 42507 successfully
2019-10-14 20:00:17,808 [ForkJoinPool.commonPool-worker-0] INFO  server.GrpcService (GrpcService.java:closeImpl(172)) - d80bfd98-6c63-4bee-825c-92724affc291: shutdown server with port 45741 successfully
2019-10-14 20:00:17,808 [grpc-default-executor-1] INFO  server.GrpcLogAppender (GrpcLogAppender.java:onError(282)) - d80bfd98-6c63-4bee-825c-92724affc291@group-403CDB5C54F1->342a9cc5-324a-404b-a75b-7a8f961d8cef-GrpcLogAppender is stopped
2019-10-14 20:00:17,809 [refreshUsed-/workdir/hadoop-ozone/integration-test/target/test-dir/MiniOzoneClusterImpl-9b283add-5e2c-4af5-9c33-44c9e4cdfd58/datanode-1/data/containers] WARN  fs.CachingGetSpaceUsed (CachingGetSpaceUsed.java:run(183)) - Thread Interrupted waiting to refresh disk information: sleep interrupted
2019-10-14 20:00:17,815 [refreshUsed-/workdir/hadoop-ozone/integration-test/target/test-dir/MiniOzoneClusterImpl-9b283add-5e2c-4af5-9c33-44c9e4cdfd58/datanode-0/data/containers] WARN  fs.CachingGetSpaceUsed (CachingGetSpaceUsed.java:run(183)) - Thread Interrupted waiting to refresh disk information: sleep interrupted
2019-10-14 20:00:17,834 [main] INFO  utils.BackgroundService (BackgroundService.java:shutdown(151)) - Shutting down service BlockDeletingService
2019-10-14 20:00:17,835 [ForkJoinPool.commonPool-worker-0] INFO  utils.BackgroundService (BackgroundService.java:shutdown(151)) - Shutting down service BlockDeletingService
2019-10-14 20:00:17,838 [main] INFO  statemachine.DatanodeStateMachine (DatanodeStateMachine.java:stopDaemon(395)) - Ozone container server stopped.
2019-10-14 20:00:17,839 [ForkJoinPool.commonPool-worker-0] INFO  statemachine.DatanodeStateMachine (DatanodeStateMachine.java:stopDaemon(395)) - Ozone container server stopped.
2019-10-14 20:00:17,842 [main] INFO  handler.ContextHandler (ContextHandler.java:doStop(910)) - Stopped o.e.j.w.WebAppContext@524a076e{/,null,UNAVAILABLE}{/hddsDatanode}
2019-10-14 20:00:17,842 [ForkJoinPool.commonPool-worker-0] INFO  handler.ContextHandler (ContextHandler.java:doStop(910)) - Stopped o.e.j.w.WebAppContext@6981f8f3{/,null,UNAVAILABLE}{/hddsDatanode}
2019-10-14 20:00:17,843 [main] INFO  server.AbstractConnector (AbstractConnector.java:doStop(318)) - Stopped ServerConnector@5b5e7036{HTTP/1.1,[http/1.1]}{0.0.0.0:0}
2019-10-14 20:00:17,843 [ForkJoinPool.commonPool-worker-0] INFO  server.AbstractConnector (AbstractConnector.java:doStop(318)) - Stopped ServerConnector@623dcf2a{HTTP/1.1,[http/1.1]}{0.0.0.0:0}
2019-10-14 20:00:17,844 [main] INFO  handler.ContextHandler (ContextHandler.java:doStop(910)) - Stopped o.e.j.s.ServletContextHandler@3ed7821{/static,jar:file:/home/user/.m2/repository/org/apache/hadoop/hadoop-hdds-container-service/0.5.0-SNAPSHOT/hadoop-hdds-container-service-0.5.0-SNAPSHOT.jar!/webapps/static,UNAVAILABLE}
2019-10-14 20:00:17,844 [ForkJoinPool.commonPool-worker-0] INFO  handler.ContextHandler (ContextHandler.java:doStop(910)) - Stopped o.e.j.s.ServletContextHandler@26f46fa6{/static,jar:file:/home/user/.m2/repository/org/apache/hadoop/hadoop-hdds-container-service/0.5.0-SNAPSHOT/hadoop-hdds-container-service-0.5.0-SNAPSHOT.jar!/webapps/static,UNAVAILABLE}
2019-10-14 20:00:17,845 [main] INFO  handler.ContextHandler (ContextHandler.java:doStop(910)) - Stopped o.e.j.s.ServletContextHandler@12fcc71f{/logs,file:///workdir/hadoop-ozone/integration-test/target/log,UNAVAILABLE}
2019-10-14 20:00:17,846 [ForkJoinPool.commonPool-worker-0] INFO  handler.ContextHandler (ContextHandler.java:doStop(910)) - Stopped o.e.j.s.ServletContextHandler@d109c4f{/logs,file:///workdir/hadoop-ozone/integration-test/target/log,UNAVAILABLE}
2019-10-14 20:00:18,557 [Datanode State Machine Thread - 0] INFO  statemachine.DatanodeStateMachine (DatanodeStateMachine.java:lambda$startDaemon$0(350)) - Ozone container server started.
2019-10-14 20:00:22,847 [main] INFO  ozoneimpl.OzoneContainer (OzoneContainer.java:stop(227)) - Attempting to stop container services.
2019-10-14 20:00:22,848 [main] INFO  impl.RaftServerProxy (RaftServerProxy.java:lambda$close$4(314)) - 727e5d48-33ba-4107-8edb-ec10cfcd14a6: close
2019-10-14 20:00:22,850 [main] INFO  impl.RaftServerImpl (RaftServerImpl.java:lambda$shutdown$3(247)) - 727e5d48-33ba-4107-8edb-ec10cfcd14a6@group-403CDB5C54F1: shutdown
2019-10-14 20:00:22,850 [main] INFO  util.JmxRegister (JmxRegister.java:unregister(73)) - Successfully un-registered JMX Bean with object name Ratis:service=RaftServer,group=group-403CDB5C54F1,id=727e5d48-33ba-4107-8edb-ec10cfcd14a6
2019-10-14 20:00:22,851 [main] INFO  impl.RoleInfo (RoleInfo.java:shutdownFollowerState(121)) - 727e5d48-33ba-4107-8edb-ec10cfcd14a6: shutdown FollowerState
2019-10-14 20:00:22,851 [main] INFO  impl.StateMachineUpdater (StateMachineUpdater.java:stopAndJoin(136)) - 727e5d48-33ba-4107-8edb-ec10cfcd14a6@group-403CDB5C54F1-StateMachineUpdater: set stopIndex = 0
2019-10-14 20:00:22,851 [Thread-229] INFO  impl.FollowerState (FollowerState.java:run(117)) - 727e5d48-33ba-4107-8edb-ec10cfcd14a6@group-403CDB5C54F1-FollowerState was interrupted: java.lang.InterruptedException: sleep interrupted
2019-10-14 20:00:22,853 [main] INFO  impl.RaftServerImpl (ServerState.java:close(387)) - 727e5d48-33ba-4107-8edb-ec10cfcd14a6@group-403CDB5C54F1: closes. applyIndex: 0
2019-10-14 20:00:22,854 [727e5d48-33ba-4107-8edb-ec10cfcd14a6@group-403CDB5C54F1-SegmentedRaftLogWorker] INFO  segmented.SegmentedRaftLogWorker (SegmentedRaftLogWorker.java:run(316)) - 727e5d48-33ba-4107-8edb-ec10cfcd14a6@group-403CDB5C54F1-SegmentedRaftLogWorker was interrupted, exiting. There are 0 tasks remaining in the queue.
2019-10-14 20:00:22,855 [main] INFO  segmented.SegmentedRaftLogWorker (SegmentedRaftLogWorker.java:close(224)) - 727e5d48-33ba-4107-8edb-ec10cfcd14a6@group-403CDB5C54F1-SegmentedRaftLogWorker close()
2019-10-14 20:00:22,856 [main] INFO  impl.RaftServerImpl (RaftServerImpl.java:lambda$shutdown$3(247)) - 727e5d48-33ba-4107-8edb-ec10cfcd14a6@group-85AD6DC1862A: shutdown
2019-10-14 20:00:22,857 [main] INFO  util.JmxRegister (JmxRegister.java:unregister(73)) - Successfully un-registered JMX Bean with object name Ratis:service=RaftServer,group=group-85AD6DC1862A,id=727e5d48-33ba-4107-8edb-ec10cfcd14a6
2019-10-14 20:00:22,857 [main] INFO  impl.RoleInfo (RoleInfo.java:shutdownLeaderState(104)) - 727e5d48-33ba-4107-8edb-ec10cfcd14a6: shutdown LeaderState
2019-10-14 20:00:22,858 [main] INFO  impl.PendingRequests (PendingRequests.java:sendNotLeaderResponses(202)) - 727e5d48-33ba-4107-8edb-ec10cfcd14a6@group-85AD6DC1862A-PendingRequests: sendNotLeaderResponses
2019-10-14 20:00:22,859 [main] INFO  impl.StateMachineUpdater (StateMachineUpdater.java:stopAndJoin(136)) - 727e5d48-33ba-4107-8edb-ec10cfcd14a6@group-85AD6DC1862A-StateMachineUpdater: set stopIndex = 0
2019-10-14 20:00:22,859 [main] INFO  impl.RaftServerImpl (ServerState.java:close(387)) - 727e5d48-33ba-4107-8edb-ec10cfcd14a6@group-85AD6DC1862A: closes. applyIndex: 0
2019-10-14 20:00:22,859 [727e5d48-33ba-4107-8edb-ec10cfcd14a6@group-85AD6DC1862A-SegmentedRaftLogWorker] INFO  segmented.SegmentedRaftLogWorker (SegmentedRaftLogWorker.java:run(316)) - 727e5d48-33ba-4107-8edb-ec10cfcd14a6@group-85AD6DC1862A-SegmentedRaftLogWorker was interrupted, exiting. There are 0 tasks remaining in the queue.
2019-10-14 20:00:22,867 [main] INFO  segmented.SegmentedRaftLogWorker (SegmentedRaftLogWorker.java:close(224)) - 727e5d48-33ba-4107-8edb-ec10cfcd14a6@group-85AD6DC1862A-SegmentedRaftLogWorker close()
2019-10-14 20:00:22,870 [main] INFO  server.GrpcService (GrpcService.java:closeImpl(164)) - 727e5d48-33ba-4107-8edb-ec10cfcd14a6: shutdown server with port 43140 now
2019-10-14 20:00:22,871 [main] INFO  server.GrpcService (GrpcService.java:closeImpl(172)) - 727e5d48-33ba-4107-8edb-ec10cfcd14a6: shutdown server with port 43140 successfully
2019-10-14 20:00:22,876 [refreshUsed-/workdir/hadoop-ozone/integration-test/target/test-dir/MiniOzoneClusterImpl-9b283add-5e2c-4af5-9c33-44c9e4cdfd58/datanode-2/data/containers] WARN  fs.CachingGetSpaceUsed (CachingGetSpaceUsed.java:run(183)) - Thread Interrupted waiting to refresh disk information: sleep interrupted
2019-10-14 20:00:22,893 [main] INFO  utils.BackgroundService (BackgroundService.java:shutdown(151)) - Shutting down service BlockDeletingService
2019-10-14 20:00:22,895 [main] INFO  statemachine.DatanodeStateMachine (DatanodeStateMachine.java:stopDaemon(395)) - Ozone container server stopped.
2019-10-14 20:00:22,896 [main] INFO  handler.ContextHandler (ContextHandler.java:doStop(910)) - Stopped o.e.j.w.WebAppContext@6342d610{/,null,UNAVAILABLE}{/hddsDatanode}
2019-10-14 20:00:22,896 [main] INFO  server.AbstractConnector (AbstractConnector.java:doStop(318)) - Stopped ServerConnector@dc4a691{HTTP/1.1,[http/1.1]}{0.0.0.0:0}
2019-10-14 20:00:22,897 [main] INFO  handler.ContextHandler (ContextHandler.java:doStop(910)) - Stopped o.e.j.s.ServletContextHandler@5a6d30e2{/static,jar:file:/home/user/.m2/repository/org/apache/hadoop/hadoop-hdds-container-service/0.5.0-SNAPSHOT/hadoop-hdds-container-service-0.5.0-SNAPSHOT.jar!/webapps/static,UNAVAILABLE}
2019-10-14 20:00:22,897 [main] INFO  handler.ContextHandler (ContextHandler.java:doStop(910)) - Stopped o.e.j.s.ServletContextHandler@1cd3b138{/logs,file:///workdir/hadoop-ozone/integration-test/target/log,UNAVAILABLE}
2019-10-14 20:00:22,898 [main] INFO  ozone.MiniOzoneClusterImpl (MiniOzoneClusterImpl.java:stopSCM(430)) - Stopping the StorageContainerManager
2019-10-14 20:00:22,898 [main] INFO  server.StorageContainerManager (StorageContainerManager.java:stop(810)) - Stopping Replication Manager Service.
2019-10-14 20:00:22,898 [main] INFO  container.ReplicationManager (ReplicationManager.java:stop(203)) - Stopping Replication Monitor Thread.
2019-10-14 20:00:22,899 [main] INFO  server.StorageContainerManager (StorageContainerManager.java:stop(817)) - Stopping Lease Manager of the command watchers
2019-10-14 20:00:22,899 [main] INFO  server.StorageContainerManager (StorageContainerManager.java:stop(824)) - Stopping datanode service RPC server
2019-10-14 20:00:22,899 [main] INFO  server.SCMDatanodeProtocolServer (SCMDatanodeProtocolServer.java:stop(346)) - Stopping the RPC server for DataNodes
2019-10-14 20:00:22,899 [main] INFO  ipc.Server (Server.java:stop(3082)) - Stopping server on 46382
2019-10-14 20:00:22,901 [IPC Server listener on 46382] INFO  ipc.Server (Server.java:run(1185)) - Stopping IPC Server listener on 46382
2019-10-14 20:00:22,901 [IPC Server Responder] INFO  ipc.Server (Server.java:run(1319)) - Stopping IPC Server Responder
2019-10-14 20:00:22,983 [SCM Heartbeat Processing Thread - 0] WARN  node.NodeStateManager (NodeStateManager.java:scheduleNextHealthCheck(646)) - Current Thread is interrupted, shutting down HB processing thread for Node Manager.
2019-10-14 20:00:22,983 [main] INFO  server.StorageContainerManager (StorageContainerManager.java:stop(832)) - Stopping block service RPC server
2019-10-14 20:00:22,984 [main] INFO  server.SCMBlockProtocolServer (SCMBlockProtocolServer.java:stop(155)) - Stopping the RPC server for Block Protocol
2019-10-14 20:00:22,984 [main] INFO  ipc.Server (Server.java:stop(3082)) - Stopping server on 46092
2019-10-14 20:00:22,986 [main] INFO  server.StorageContainerManager (StorageContainerManager.java:stop(839)) - Stopping the StorageContainerLocationProtocol RPC server
2019-10-14 20:00:22,986 [IPC Server Responder] INFO  ipc.Server (Server.java:run(1319)) - Stopping IPC Server Responder
2019-10-14 20:00:22,986 [IPC Server listener on 46092] INFO  ipc.Server (Server.java:run(1185)) - Stopping IPC Server listener on 46092
2019-10-14 20:00:22,986 [main] INFO  server.SCMClientProtocolServer (SCMClientProtocolServer.java:stop(168)) - Stopping the RPC server for Client Protocol
2019-10-14 20:00:22,986 [main] INFO  ipc.Server (Server.java:stop(3082)) - Stopping server on 44273
2019-10-14 20:00:22,988 [IPC Server listener on 44273] INFO  ipc.Server (Server.java:run(1185)) - Stopping IPC Server listener on 44273
2019-10-14 20:00:22,988 [main] INFO  server.StorageContainerManager (StorageContainerManager.java:stop(846)) - Stopping Storage Container Manager HTTP server.
2019-10-14 20:00:22,988 [IPC Server Responder] INFO  ipc.Server (Server.java:run(1319)) - Stopping IPC Server Responder
2019-10-14 20:00:22,989 [main] INFO  handler.ContextHandler (ContextHandler.java:doStop(910)) - Stopped o.e.j.w.WebAppContext@3d6300e8{/,null,UNAVAILABLE}{/scm}
2019-10-14 20:00:22,990 [main] INFO  server.AbstractConnector (AbstractConnector.java:doStop(318)) - Stopped ServerConnector@3af4e0bf{HTTP/1.1,[http/1.1]}{0.0.0.0:0}
2019-10-14 20:00:22,990 [main] INFO  handler.ContextHandler (ContextHandler.java:doStop(910)) - Stopped o.e.j.s.ServletContextHandler@42f8285e{/static,file:///workdir/hadoop-ozone/integration-test/target/test-classes/webapps/static,UNAVAILABLE}
2019-10-14 20:00:22,991 [main] INFO  handler.ContextHandler (ContextHandler.java:doStop(910)) - Stopped o.e.j.s.ServletContextHandler@65fe9e33{/logs,file:///workdir/hadoop-ozone/integration-test/target/log,UNAVAILABLE}
2019-10-14 20:00:22,992 [main] INFO  server.StorageContainerManager (StorageContainerManager.java:stop(857)) - Stopping Block Manager Service.
2019-10-14 20:00:22,992 [main] INFO  utils.BackgroundService (BackgroundService.java:shutdown(151)) - Shutting down service SCMBlockDeletingService
2019-10-14 20:00:22,993 [main] INFO  utils.BackgroundService (BackgroundService.java:shutdown(151)) - Shutting down service SCMBlockDeletingService
2019-10-14 20:00:22,993 [main] INFO  server.StorageContainerManager (StorageContainerManager.java:stop(879)) - Stopping SCM Event Queue.
2019-10-14 20:00:22,999 [main] INFO  impl.MetricsSystemImpl (MetricsSystemImpl.java:stop(210)) - Stopping ratis metrics system...
2019-10-14 20:00:23,006 [prometheus] INFO  impl.MetricsSinkAdapter (MetricsSinkAdapter.java:publishMetricsFromQueue(141)) - prometheus thread interrupted.
2019-10-14 20:00:23,006 [main] INFO  impl.MetricsSystemImpl (MetricsSystemImpl.java:stop(216)) - ratis metrics system stopped.
]]></system-out>
    <system-err><![CDATA[ERROR StatusLogger No Log4j 2 configuration file found. Using default configuration (logging only errors to the console), or user programmatically provided configurations. Set system property 'log4j2.debug' to show Log4j 2 internal initialization logging. See https://logging.apache.org/log4j/2.x/manual/configuration.html for instructions on how to configure Log4j 2
]]></system-err>
  </testcase>
  <testcase name="testNumBlocksAllocated" classname="org.apache.hadoop.ozone.scm.pipeline.TestSCMPipelineMetrics" time="24.504"/>
  <testcase name="testPipelineCreation" classname="org.apache.hadoop.ozone.scm.pipeline.TestSCMPipelineMetrics" time="25.159"/>
</testsuite>