<?xml version="1.0" encoding="UTF-8"?>
<testsuite xmlns:xsi="http://www.w3.org/2001/XMLSchema-instance" xsi:noNamespaceSchemaLocation="https://maven.apache.org/surefire/maven-surefire-plugin/xsd/surefire-test-report.xsd" name="org.apache.hadoop.ozone.client.rpc.TestWatchForCommit" time="255.851" tests="5" errors="1" skipped="0" failures="1">
  <properties>
    <property name="awt.toolkit" value="sun.awt.X11.XToolkit"/>
    <property name="file.encoding.pkg" value="sun.io"/>
    <property name="java.specification.version" value="1.8"/>
    <property name="sun.cpu.isalist" value=""/>
    <property name="sun.jnu.encoding" value="UTF-8"/>
    <property name="java.class.path" value="/workdir/hadoop-ozone/integration-test/target/test-classes:/workdir/hadoop-ozone/integration-test/target/classes:/home/user/.m2/repository/org/apache/hadoop/hadoop-ozone-common/0.5.0-SNAPSHOT/hadoop-ozone-common-0.5.0-SNAPSHOT.jar:/home/user/.m2/repository/org/apache/commons/commons-compress/1.4.1/commons-compress-1.4.1.jar:/home/user/.m2/repository/org/tukaani/xz/1.0/xz-1.0.jar:/home/user/.m2/repository/org/apache/hadoop/hadoop-common/3.2.0/hadoop-common-3.2.0.jar:/home/user/.m2/repository/org/apache/hadoop/hadoop-hdfs/3.2.0/hadoop-hdfs-3.2.0.jar:/home/user/.m2/repository/org/apache/hadoop/hadoop-hdfs-client/3.2.0/hadoop-hdfs-client-3.2.0.jar:/home/user/.m2/repository/com/fasterxml/jackson/core/jackson-annotations/2.9.9/jackson-annotations-2.9.9.jar:/home/user/.m2/repository/org/apache/hadoop/hadoop-hdds-common/0.5.0-SNAPSHOT/hadoop-hdds-common-0.5.0-SNAPSHOT.jar:/home/user/.m2/repository/javax/annotation/javax.annotation-api/1.2/javax.annotation-api-1.2.jar:/home/user/.m2/repository/org/apache/ratis/ratis-server/0.5.0-63cd2fb-SNAPSHOT/ratis-server-0.5.0-63cd2fb-SNAPSHOT.jar:/home/user/.m2/repository/org/apache/ratis/ratis-thirdparty-misc/0.2.0/ratis-thirdparty-misc-0.2.0.jar:/home/user/.m2/repository/org/apache/ratis/ratis-proto/0.5.0-63cd2fb-SNAPSHOT/ratis-proto-0.5.0-63cd2fb-SNAPSHOT.jar:/home/user/.m2/repository/org/apache/ratis/ratis-common/0.5.0-63cd2fb-SNAPSHOT/ratis-common-0.5.0-63cd2fb-SNAPSHOT.jar:/home/user/.m2/repository/org/apache/ratis/ratis-client/0.5.0-63cd2fb-SNAPSHOT/ratis-client-0.5.0-63cd2fb-SNAPSHOT.jar:/home/user/.m2/repository/org/apache/ratis/ratis-metrics/0.5.0-63cd2fb-SNAPSHOT/ratis-metrics-0.5.0-63cd2fb-SNAPSHOT.jar:/home/user/.m2/repository/com/github/joshelser/dropwizard-metrics-hadoop-metrics2-reporter/0.1.2/dropwizard-metrics-hadoop-metrics2-reporter-0.1.2.jar:/home/user/.m2/repository/io/dropwizard/metrics/metrics-jvm/3.2.5/metrics-jvm-3.2.5.jar:/home/user/.m2/repository/io/dropwizard/metrics/metrics-ganglia/3.2.5/metrics-ganglia-3.2.5.jar:/home/user/.m2/repository/info/ganglia/gmetric4j/gmetric4j/1.0.7/gmetric4j-1.0.7.jar:/home/user/.m2/repository/org/apache/ratis/ratis-netty/0.5.0-63cd2fb-SNAPSHOT/ratis-netty-0.5.0-63cd2fb-SNAPSHOT.jar:/home/user/.m2/repository/org/apache/ratis/ratis-grpc/0.5.0-63cd2fb-SNAPSHOT/ratis-grpc-0.5.0-63cd2fb-SNAPSHOT.jar:/home/user/.m2/repository/org/rocksdb/rocksdbjni/6.0.1/rocksdbjni-6.0.1.jar:/home/user/.m2/repository/org/apache/logging/log4j/log4j-api/2.11.0/log4j-api-2.11.0.jar:/home/user/.m2/repository/org/apache/logging/log4j/log4j-core/2.11.0/log4j-core-2.11.0.jar:/home/user/.m2/repository/com/lmax/disruptor/3.4.2/disruptor-3.4.2.jar:/home/user/.m2/repository/org/apache/commons/commons-pool2/2.6.0/commons-pool2-2.6.0.jar:/home/user/.m2/repository/org/bouncycastle/bcpkix-jdk15on/1.60/bcpkix-jdk15on-1.60.jar:/home/user/.m2/repository/commons-validator/commons-validator/1.6/commons-validator-1.6.jar:/home/user/.m2/repository/commons-digester/commons-digester/1.8.1/commons-digester-1.8.1.jar:/home/user/.m2/repository/io/jaegertracing/jaeger-client/0.34.0/jaeger-client-0.34.0.jar:/home/user/.m2/repository/io/jaegertracing/jaeger-thrift/0.34.0/jaeger-thrift-0.34.0.jar:/home/user/.m2/repository/org/apache/thrift/libthrift/0.12.0/libthrift-0.12.0.jar:/home/user/.m2/repository/com/squareup/okhttp3/okhttp/3.9.0/okhttp-3.9.0.jar:/home/user/.m2/repository/com/squareup/okio/okio/1.13.0/okio-1.13.0.jar:/home/user/.m2/repository/io/jaegertracing/jaeger-core/0.34.0/jaeger-core-0.34.0.jar:/home/user/.m2/repository/io/jaegertracing/jaeger-tracerresolver/0.34.0/jaeger-tracerresolver-0.34.0.jar:/home/user/.m2/repository/io/opentracing/contrib/opentracing-tracerresolver/0.1.5/opentracing-tracerresolver-0.1.5.jar:/home/user/.m2/repository/io/opentracing/opentracing-util/0.31.0/opentracing-util-0.31.0.jar:/home/user/.m2/repository/io/opentracing/opentracing-api/0.31.0/opentracing-api-0.31.0.jar:/home/user/.m2/repository/io/opentracing/opentracing-noop/0.31.0/opentracing-noop-0.31.0.jar:/home/user/.m2/repository/org/apache/hadoop/hadoop-hdds-server-framework/0.5.0-SNAPSHOT/hadoop-hdds-server-framework-0.5.0-SNAPSHOT.jar:/home/user/.m2/repository/org/apache/hadoop/hadoop-hdds-container-service/0.5.0-SNAPSHOT/hadoop-hdds-container-service-0.5.0-SNAPSHOT.jar:/home/user/.m2/repository/org/apache/hadoop/hadoop-hdds-client/0.5.0-SNAPSHOT/hadoop-hdds-client-0.5.0-SNAPSHOT.jar:/home/user/.m2/repository/org/apache/hadoop/hadoop-hdds-tools/0.5.0-SNAPSHOT/hadoop-hdds-tools-0.5.0-SNAPSHOT.jar:/home/user/.m2/repository/org/apache/hadoop/hadoop-hdds-server-scm/0.5.0-SNAPSHOT/hadoop-hdds-server-scm-0.5.0-SNAPSHOT.jar:/home/user/.m2/repository/org/apache/hadoop/hadoop-hdds-docs/0.5.0-SNAPSHOT/hadoop-hdds-docs-0.5.0-SNAPSHOT.jar:/home/user/.m2/repository/io/dropwizard/metrics/metrics-core/3.2.4/metrics-core-3.2.4.jar:/home/user/.m2/repository/org/hamcrest/hamcrest-all/1.3/hamcrest-all-1.3.jar:/home/user/.m2/repository/org/bouncycastle/bcprov-jdk15on/1.60/bcprov-jdk15on-1.60.jar:/home/user/.m2/repository/info/picocli/picocli/3.9.6/picocli-3.9.6.jar:/home/user/.m2/repository/com/google/protobuf/protobuf-java/2.5.0/protobuf-java-2.5.0.jar:/home/user/.m2/repository/com/google/guava/guava/11.0.2/guava-11.0.2.jar:/home/user/.m2/repository/org/apache/hadoop/hadoop-ozone-ozone-manager/0.5.0-SNAPSHOT/hadoop-ozone-ozone-manager-0.5.0-SNAPSHOT.jar:/home/user/.m2/repository/org/apache/hadoop/hadoop-minikdc/3.2.0/hadoop-minikdc-3.2.0.jar:/home/user/.m2/repository/commons-io/commons-io/2.5/commons-io-2.5.jar:/home/user/.m2/repository/org/apache/kerby/kerb-simplekdc/1.0.1/kerb-simplekdc-1.0.1.jar:/home/user/.m2/repository/org/apache/kerby/kerb-client/1.0.1/kerb-client-1.0.1.jar:/home/user/.m2/repository/org/apache/kerby/kerby-config/1.0.1/kerby-config-1.0.1.jar:/home/user/.m2/repository/org/apache/kerby/kerb-core/1.0.1/kerb-core-1.0.1.jar:/home/user/.m2/repository/org/apache/kerby/kerby-pkix/1.0.1/kerby-pkix-1.0.1.jar:/home/user/.m2/repository/org/apache/kerby/kerby-asn1/1.0.1/kerby-asn1-1.0.1.jar:/home/user/.m2/repository/org/apache/kerby/kerby-util/1.0.1/kerby-util-1.0.1.jar:/home/user/.m2/repository/org/apache/kerby/kerb-common/1.0.1/kerb-common-1.0.1.jar:/home/user/.m2/repository/org/apache/kerby/kerb-crypto/1.0.1/kerb-crypto-1.0.1.jar:/home/user/.m2/repository/org/apache/kerby/kerb-util/1.0.1/kerb-util-1.0.1.jar:/home/user/.m2/repository/org/apache/kerby/token-provider/1.0.1/token-provider-1.0.1.jar:/home/user/.m2/repository/org/apache/kerby/kerb-admin/1.0.1/kerb-admin-1.0.1.jar:/home/user/.m2/repository/org/apache/kerby/kerb-server/1.0.1/kerb-server-1.0.1.jar:/home/user/.m2/repository/org/apache/kerby/kerb-identity/1.0.1/kerb-identity-1.0.1.jar:/home/user/.m2/repository/org/apache/kerby/kerby-xdr/1.0.1/kerby-xdr-1.0.1.jar:/home/user/.m2/repository/org/slf4j/slf4j-log4j12/1.7.25/slf4j-log4j12-1.7.25.jar:/home/user/.m2/repository/org/apache/hadoop/hadoop-ozone-s3gateway/0.5.0-SNAPSHOT/hadoop-ozone-s3gateway-0.5.0-SNAPSHOT.jar:/home/user/.m2/repository/org/jboss/weld/servlet/weld-servlet/2.4.7.Final/weld-servlet-2.4.7.Final.jar:/home/user/.m2/repository/org/glassfish/jersey/containers/jersey-container-servlet-core/2.27/jersey-container-servlet-core-2.27.jar:/home/user/.m2/repository/org/glassfish/hk2/external/javax.inject/2.5.0-b42/javax.inject-2.5.0-b42.jar:/home/user/.m2/repository/org/glassfish/jersey/core/jersey-common/2.27/jersey-common-2.27.jar:/home/user/.m2/repository/org/glassfish/hk2/osgi-resource-locator/1.0.1/osgi-resource-locator-1.0.1.jar:/home/user/.m2/repository/javax/ws/rs/javax.ws.rs-api/2.1/javax.ws.rs-api-2.1.jar:/home/user/.m2/repository/org/glassfish/jersey/ext/cdi/jersey-cdi1x/2.27/jersey-cdi1x-2.27.jar:/home/user/.m2/repository/org/glassfish/jersey/inject/jersey-hk2/2.27/jersey-hk2-2.27.jar:/home/user/.m2/repository/org/glassfish/hk2/hk2-locator/2.5.0-b42/hk2-locator-2.5.0-b42.jar:/home/user/.m2/repository/org/javassist/javassist/3.22.0-CR2/javassist-3.22.0-CR2.jar:/home/user/.m2/repository/org/glassfish/hk2/hk2-api/2.5.0/hk2-api-2.5.0.jar:/home/user/.m2/repository/org/glassfish/hk2/external/jakarta.inject/2.5.0/jakarta.inject-2.5.0.jar:/home/user/.m2/repository/org/glassfish/hk2/hk2-utils/2.5.0/hk2-utils-2.5.0.jar:/home/user/.m2/repository/jakarta/annotation/jakarta.annotation-api/1.3.4/jakarta.annotation-api-1.3.4.jar:/home/user/.m2/repository/org/glassfish/hk2/external/aopalliance-repackaged/2.5.0/aopalliance-repackaged-2.5.0.jar:/home/user/.m2/repository/com/fasterxml/jackson/dataformat/jackson-dataformat-xml/2.9.0/jackson-dataformat-xml-2.9.0.jar:/home/user/.m2/repository/com/fasterxml/jackson/core/jackson-core/2.9.9/jackson-core-2.9.9.jar:/home/user/.m2/repository/com/fasterxml/jackson/module/jackson-module-jaxb-annotations/2.9.9/jackson-module-jaxb-annotations-2.9.9.jar:/home/user/.m2/repository/javax/enterprise/cdi-api/1.2/cdi-api-1.2.jar:/home/user/.m2/repository/javax/el/javax.el-api/3.0.0/javax.el-api-3.0.0.jar:/home/user/.m2/repository/javax/interceptor/javax.interceptor-api/1.2/javax.interceptor-api-1.2.jar:/home/user/.m2/repository/javax/inject/javax.inject/1/javax.inject-1.jar:/home/user/.m2/repository/com/sun/xml/bind/jaxb-impl/2.3.0.1/jaxb-impl-2.3.0.1.jar:/home/user/.m2/repository/com/sun/xml/bind/jaxb-core/2.3.0.1/jaxb-core-2.3.0.1.jar:/home/user/.m2/repository/javax/xml/bind/jaxb-api/2.3.0/jaxb-api-2.3.0.jar:/home/user/.m2/repository/javax/activation/activation/1.1.1/activation-1.1.1.jar:/home/user/.m2/repository/org/apache/hadoop/hadoop-ozone-csi/0.5.0-SNAPSHOT/hadoop-ozone-csi-0.5.0-SNAPSHOT.jar:/home/user/.m2/repository/com/google/protobuf/protobuf-java-util/3.5.1/protobuf-java-util-3.5.1.jar:/home/user/.m2/repository/org/apache/hadoop/hadoop-hdds-config/0.5.0-SNAPSHOT/hadoop-hdds-config-0.5.0-SNAPSHOT.jar:/home/user/.m2/repository/io/grpc/grpc-netty/1.17.1/grpc-netty-1.17.1.jar:/home/user/.m2/repository/io/grpc/grpc-core/1.17.1/grpc-core-1.17.1.jar:/home/user/.m2/repository/io/grpc/grpc-context/1.17.1/grpc-context-1.17.1.jar:/home/user/.m2/repository/com/google/errorprone/error_prone_annotations/2.2.0/error_prone_annotations-2.2.0.jar:/home/user/.m2/repository/org/codehaus/mojo/animal-sniffer-annotations/1.17/animal-sniffer-annotations-1.17.jar:/home/user/.m2/repository/io/opencensus/opencensus-api/0.17.0/opencensus-api-0.17.0.jar:/home/user/.m2/repository/io/opencensus/opencensus-contrib-grpc-metrics/0.17.0/opencensus-contrib-grpc-metrics-0.17.0.jar:/home/user/.m2/repository/io/netty/netty-codec-http2/4.1.30.Final/netty-codec-http2-4.1.30.Final.jar:/home/user/.m2/repository/io/netty/netty-codec-http/4.1.30.Final/netty-codec-http-4.1.30.Final.jar:/home/user/.m2/repository/io/netty/netty-codec/4.1.30.Final/netty-codec-4.1.30.Final.jar:/home/user/.m2/repository/io/netty/netty-handler/4.1.30.Final/netty-handler-4.1.30.Final.jar:/home/user/.m2/repository/io/netty/netty-handler-proxy/4.1.30.Final/netty-handler-proxy-4.1.30.Final.jar:/home/user/.m2/repository/io/netty/netty-codec-socks/4.1.30.Final/netty-codec-socks-4.1.30.Final.jar:/home/user/.m2/repository/io/netty/netty-transport-native-epoll/4.1.30.Final/netty-transport-native-epoll-4.1.30.Final.jar:/home/user/.m2/repository/io/netty/netty-common/4.1.30.Final/netty-common-4.1.30.Final.jar:/home/user/.m2/repository/io/netty/netty-buffer/4.1.30.Final/netty-buffer-4.1.30.Final.jar:/home/user/.m2/repository/io/netty/netty-transport/4.1.30.Final/netty-transport-4.1.30.Final.jar:/home/user/.m2/repository/io/netty/netty-resolver/4.1.30.Final/netty-resolver-4.1.30.Final.jar:/home/user/.m2/repository/io/netty/netty-transport-native-unix-common/4.1.30.Final/netty-transport-native-unix-common-4.1.30.Final.jar:/home/user/.m2/repository/io/grpc/grpc-protobuf/1.17.1/grpc-protobuf-1.17.1.jar:/home/user/.m2/repository/com/google/api/grpc/proto-google-common-protos/1.0.0/proto-google-common-protos-1.0.0.jar:/home/user/.m2/repository/io/grpc/grpc-protobuf-lite/1.17.1/grpc-protobuf-lite-1.17.1.jar:/home/user/.m2/repository/io/grpc/grpc-stub/1.17.1/grpc-stub-1.17.1.jar:/home/user/.m2/repository/org/apache/hadoop/hadoop-ozone-recon/0.5.0-SNAPSHOT/hadoop-ozone-recon-0.5.0-SNAPSHOT.jar:/home/user/.m2/repository/org/apache/hadoop/hadoop-ozone-reconcodegen/0.5.0-SNAPSHOT/hadoop-ozone-reconcodegen-0.5.0-SNAPSHOT.jar:/home/user/.m2/repository/com/google/inject/extensions/guice-multibindings/4.0/guice-multibindings-4.0.jar:/home/user/.m2/repository/com/google/inject/guice/4.0/guice-4.0.jar:/home/user/.m2/repository/aopalliance/aopalliance/1.0/aopalliance-1.0.jar:/home/user/.m2/repository/com/google/inject/extensions/guice-servlet/4.0/guice-servlet-4.0.jar:/home/user/.m2/repository/org/glassfish/jersey/containers/jersey-container-servlet/2.27/jersey-container-servlet-2.27.jar:/home/user/.m2/repository/org/glassfish/hk2/guice-bridge/2.5.0/guice-bridge-2.5.0.jar:/home/user/.m2/repository/org/glassfish/jersey/core/jersey-server/2.27/jersey-server-2.27.jar:/home/user/.m2/repository/org/glassfish/jersey/core/jersey-client/2.27/jersey-client-2.27.jar:/home/user/.m2/repository/org/glassfish/jersey/media/jersey-media-jaxb/2.27/jersey-media-jaxb-2.27.jar:/home/user/.m2/repository/javax/validation/validation-api/1.1.0.Final/validation-api-1.1.0.Final.jar:/home/user/.m2/repository/org/glassfish/jersey/media/jersey-media-json-jackson/2.27/jersey-media-json-jackson-2.27.jar:/home/user/.m2/repository/org/glassfish/jersey/ext/jersey-entity-filtering/2.27/jersey-entity-filtering-2.27.jar:/home/user/.m2/repository/com/google/inject/extensions/guice-assistedinject/4.0/guice-assistedinject-4.0.jar:/home/user/.m2/repository/org/jooq/jooq/3.11.10/jooq-3.11.10.jar:/home/user/.m2/repository/org/jooq/jooq-meta/3.11.10/jooq-meta-3.11.10.jar:/home/user/.m2/repository/org/jooq/jooq-codegen/3.11.10/jooq-codegen-3.11.10.jar:/home/user/.m2/repository/com/jolbox/bonecp/0.8.0.RELEASE/bonecp-0.8.0.RELEASE.jar:/home/user/.m2/repository/org/xerial/sqlite-jdbc/3.25.2/sqlite-jdbc-3.25.2.jar:/home/user/.m2/repository/org/springframework/spring-jdbc/5.1.3.RELEASE/spring-jdbc-5.1.3.RELEASE.jar:/home/user/.m2/repository/org/springframework/spring-beans/5.1.3.RELEASE/spring-beans-5.1.3.RELEASE.jar:/home/user/.m2/repository/org/springframework/spring-core/5.1.3.RELEASE/spring-core-5.1.3.RELEASE.jar:/home/user/.m2/repository/org/springframework/spring-jcl/5.1.3.RELEASE/spring-jcl-5.1.3.RELEASE.jar:/home/user/.m2/repository/org/springframework/spring-tx/5.1.3.RELEASE/spring-tx-5.1.3.RELEASE.jar:/home/user/.m2/repository/org/apache/hadoop/hadoop-ozone-client/0.5.0-SNAPSHOT/hadoop-ozone-client-0.5.0-SNAPSHOT.jar:/home/user/.m2/repository/commons-lang/commons-lang/2.6/commons-lang-2.6.jar:/home/user/.m2/repository/org/apache/hadoop/hadoop-ozone-ozone-manager/0.5.0-SNAPSHOT/hadoop-ozone-ozone-manager-0.5.0-SNAPSHOT-tests.jar:/home/user/.m2/repository/junit/junit/4.11/junit-4.11.jar:/home/user/.m2/repository/org/hamcrest/hamcrest-core/1.3/hamcrest-core-1.3.jar:/home/user/.m2/repository/org/openjdk/jmh/jmh-core/1.19/jmh-core-1.19.jar:/home/user/.m2/repository/net/sf/jopt-simple/jopt-simple/4.6/jopt-simple-4.6.jar:/home/user/.m2/repository/org/apache/commons/commons-math3/3.1.1/commons-math3-3.1.1.jar:/home/user/.m2/repository/org/openjdk/jmh/jmh-generator-annprocess/1.19/jmh-generator-annprocess-1.19.jar:/home/user/.m2/repository/org/mockito/mockito-all/1.8.5/mockito-all-1.8.5.jar:/home/user/.m2/repository/org/apache/hadoop/hadoop-kms/3.2.0/hadoop-kms-3.2.0.jar:/home/user/.m2/repository/org/apache/hadoop/hadoop-auth/3.2.0/hadoop-auth-3.2.0.jar:/home/user/.m2/repository/com/nimbusds/nimbus-jose-jwt/4.41.1/nimbus-jose-jwt-4.41.1.jar:/home/user/.m2/repository/com/github/stephenc/jcip/jcip-annotations/1.0-1/jcip-annotations-1.0-1.jar:/home/user/.m2/repository/net/minidev/json-smart/2.3/json-smart-2.3.jar:/home/user/.m2/repository/net/minidev/accessors-smart/1.2/accessors-smart-1.2.jar:/home/user/.m2/repository/org/ow2/asm/asm/5.0.4/asm-5.0.4.jar:/home/user/.m2/repository/org/apache/curator/curator-framework/2.12.0/curator-framework-2.12.0.jar:/home/user/.m2/repository/com/sun/jersey/jersey-core/1.19/jersey-core-1.19.jar:/home/user/.m2/repository/javax/ws/rs/jsr311-api/1.1.1/jsr311-api-1.1.1.jar:/home/user/.m2/repository/com/sun/jersey/jersey-server/1.19/jersey-server-1.19.jar:/home/user/.m2/repository/javax/servlet/javax.servlet-api/3.1.0/javax.servlet-api-3.1.0.jar:/home/user/.m2/repository/org/eclipse/jetty/jetty-server/9.3.25.v20180904/jetty-server-9.3.25.v20180904.jar:/home/user/.m2/repository/org/eclipse/jetty/jetty-http/9.3.25.v20180904/jetty-http-9.3.25.v20180904.jar:/home/user/.m2/repository/org/eclipse/jetty/jetty-io/9.3.25.v20180904/jetty-io-9.3.25.v20180904.jar:/home/user/.m2/repository/org/eclipse/jetty/jetty-webapp/9.3.25.v20180904/jetty-webapp-9.3.25.v20180904.jar:/home/user/.m2/repository/org/eclipse/jetty/jetty-xml/9.3.25.v20180904/jetty-xml-9.3.25.v20180904.jar:/home/user/.m2/repository/log4j/log4j/1.2.17/log4j-1.2.17.jar:/home/user/.m2/repository/org/slf4j/slf4j-api/1.7.25/slf4j-api-1.7.25.jar:/home/user/.m2/repository/org/slf4j/jul-to-slf4j/1.7.25/jul-to-slf4j-1.7.25.jar:/home/user/.m2/repository/org/eclipse/jetty/jetty-util/9.3.25.v20180904/jetty-util-9.3.25.v20180904.jar:/home/user/.m2/repository/com/fasterxml/jackson/core/jackson-databind/2.9.9/jackson-databind-2.9.9.jar:/home/user/.m2/repository/org/apache/hadoop/hadoop-kms/3.2.0/hadoop-kms-3.2.0-tests.jar:/home/user/.m2/repository/org/apache/hadoop/hadoop-hdds-server-scm/0.5.0-SNAPSHOT/hadoop-hdds-server-scm-0.5.0-SNAPSHOT-tests.jar:/home/user/.m2/repository/org/apache/hadoop/hadoop-hdds-container-service/0.5.0-SNAPSHOT/hadoop-hdds-container-service-0.5.0-SNAPSHOT-tests.jar:/home/user/.m2/repository/org/yaml/snakeyaml/1.16/snakeyaml-1.16.jar:/home/user/.m2/repository/org/apache/hadoop/hadoop-common/3.2.0/hadoop-common-3.2.0-tests.jar:/home/user/.m2/repository/org/apache/hadoop/hadoop-annotations/3.2.0/hadoop-annotations-3.2.0.jar:/usr/lib/jvm/java-1.8-openjdk/jre/../lib/tools.jar:/home/user/.m2/repository/commons-cli/commons-cli/1.2/commons-cli-1.2.jar:/home/user/.m2/repository/org/apache/httpcomponents/httpclient/4.5.2/httpclient-4.5.2.jar:/home/user/.m2/repository/org/apache/httpcomponents/httpcore/4.4.4/httpcore-4.4.4.jar:/home/user/.m2/repository/commons-codec/commons-codec/1.11/commons-codec-1.11.jar:/home/user/.m2/repository/commons-net/commons-net/3.6/commons-net-3.6.jar:/home/user/.m2/repository/commons-collections/commons-collections/3.2.2/commons-collections-3.2.2.jar:/home/user/.m2/repository/org/eclipse/jetty/jetty-servlet/9.3.25.v20180904/jetty-servlet-9.3.25.v20180904.jar:/home/user/.m2/repository/org/eclipse/jetty/jetty-security/9.3.25.v20180904/jetty-security-9.3.25.v20180904.jar:/home/user/.m2/repository/javax/servlet/jsp/jsp-api/2.1/jsp-api-2.1.jar:/home/user/.m2/repository/com/sun/jersey/jersey-servlet/1.19/jersey-servlet-1.19.jar:/home/user/.m2/repository/com/sun/jersey/jersey-json/1.19/jersey-json-1.19.jar:/home/user/.m2/repository/org/codehaus/jettison/jettison/1.1/jettison-1.1.jar:/home/user/.m2/repository/org/codehaus/jackson/jackson-core-asl/1.9.13/jackson-core-asl-1.9.13.jar:/home/user/.m2/repository/org/codehaus/jackson/jackson-mapper-asl/1.9.13/jackson-mapper-asl-1.9.13.jar:/home/user/.m2/repository/org/codehaus/jackson/jackson-jaxrs/1.9.13/jackson-jaxrs-1.9.13.jar:/home/user/.m2/repository/org/codehaus/jackson/jackson-xc/1.9.13/jackson-xc-1.9.13.jar:/home/user/.m2/repository/commons-logging/commons-logging/1.1.3/commons-logging-1.1.3.jar:/home/user/.m2/repository/commons-beanutils/commons-beanutils/1.9.4/commons-beanutils-1.9.4.jar:/home/user/.m2/repository/org/apache/commons/commons-configuration2/2.1.1/commons-configuration2-2.1.1.jar:/home/user/.m2/repository/org/apache/commons/commons-lang3/3.7/commons-lang3-3.7.jar:/home/user/.m2/repository/org/apache/commons/commons-text/1.4/commons-text-1.4.jar:/home/user/.m2/repository/org/apache/avro/avro/1.7.7/avro-1.7.7.jar:/home/user/.m2/repository/com/thoughtworks/paranamer/paranamer/2.3/paranamer-2.3.jar:/home/user/.m2/repository/org/xerial/snappy/snappy-java/1.0.5/snappy-java-1.0.5.jar:/home/user/.m2/repository/com/google/re2j/re2j/1.1/re2j-1.1.jar:/home/user/.m2/repository/com/google/code/gson/gson/2.2.4/gson-2.2.4.jar:/home/user/.m2/repository/com/jcraft/jsch/0.1.54/jsch-0.1.54.jar:/home/user/.m2/repository/org/apache/curator/curator-client/2.12.0/curator-client-2.12.0.jar:/home/user/.m2/repository/org/apache/curator/curator-recipes/2.12.0/curator-recipes-2.12.0.jar:/home/user/.m2/repository/com/google/code/findbugs/jsr305/3.0.0/jsr305-3.0.0.jar:/home/user/.m2/repository/org/apache/htrace/htrace-core4/4.1.0-incubating/htrace-core4-4.1.0-incubating.jar:/home/user/.m2/repository/org/apache/zookeeper/zookeeper/3.4.13/zookeeper-3.4.13.jar:/home/user/.m2/repository/jline/jline/0.9.94/jline-0.9.94.jar:/home/user/.m2/repository/org/apache/yetus/audience-annotations/0.5.0/audience-annotations-0.5.0.jar:/home/user/.m2/repository/org/codehaus/woodstox/stax2-api/3.1.4/stax2-api-3.1.4.jar:/home/user/.m2/repository/com/fasterxml/woodstox/woodstox-core/5.0.3/woodstox-core-5.0.3.jar:/home/user/.m2/repository/dnsjava/dnsjava/2.1.7/dnsjava-2.1.7.jar:/home/user/.m2/repository/org/apache/hadoop/hadoop-hdfs/3.2.0/hadoop-hdfs-3.2.0-tests.jar:/home/user/.m2/repository/org/eclipse/jetty/jetty-util-ajax/9.3.25.v20180904/jetty-util-ajax-9.3.25.v20180904.jar:/home/user/.m2/repository/commons-daemon/commons-daemon/1.0.13/commons-daemon-1.0.13.jar:/home/user/.m2/repository/io/netty/netty/3.10.5.Final/netty-3.10.5.Final.jar:/home/user/.m2/repository/io/netty/netty-all/4.0.52.Final/netty-all-4.0.52.Final.jar:/home/user/.m2/repository/org/fusesource/leveldbjni/leveldbjni-all/1.8/leveldbjni-all-1.8.jar:"/>
    <property name="java.vm.vendor" value="IcedTea"/>
    <property name="sun.arch.data.model" value="64"/>
    <property name="test.build.dir" value="/workdir/hadoop-ozone/integration-test/target/test-dir"/>
    <property name="test.cache.data" value=""/>
    <property name="java.vendor.url" value="https://icedtea.classpath.org"/>
    <property name="user.timezone" value=""/>
    <property name="java.vm.specification.version" value="1.8"/>
    <property name="os.name" value="Linux"/>
    <property name="test.build.data" value="/workdir/hadoop-ozone/integration-test/target/test-dir"/>
    <property name="user.country" value="US"/>
    <property name="sun.java.launcher" value="SUN_STANDARD"/>
    <property name="sun.boot.library.path" value="/usr/lib/jvm/java-1.8-openjdk/jre/lib/amd64"/>
    <property name="sun.java.command" value="/workdir/hadoop-ozone/integration-test/target/surefire/surefirebooter7632794409255736236.jar /workdir/hadoop-ozone/integration-test/target/surefire 2019-10-14T18-22-11_593-jvmRun1 surefire5681962364541428074tmp surefire_558378822612195792296tmp"/>
    <property name="test" value="!TestMiniChaosOzoneCluster"/>
    <property name="surefire.test.class.path" value="/workdir/hadoop-ozone/integration-test/target/test-classes:/workdir/hadoop-ozone/integration-test/target/classes:/home/user/.m2/repository/org/apache/hadoop/hadoop-ozone-common/0.5.0-SNAPSHOT/hadoop-ozone-common-0.5.0-SNAPSHOT.jar:/home/user/.m2/repository/org/apache/commons/commons-compress/1.4.1/commons-compress-1.4.1.jar:/home/user/.m2/repository/org/tukaani/xz/1.0/xz-1.0.jar:/home/user/.m2/repository/org/apache/hadoop/hadoop-common/3.2.0/hadoop-common-3.2.0.jar:/home/user/.m2/repository/org/apache/hadoop/hadoop-hdfs/3.2.0/hadoop-hdfs-3.2.0.jar:/home/user/.m2/repository/org/apache/hadoop/hadoop-hdfs-client/3.2.0/hadoop-hdfs-client-3.2.0.jar:/home/user/.m2/repository/com/fasterxml/jackson/core/jackson-annotations/2.9.9/jackson-annotations-2.9.9.jar:/home/user/.m2/repository/org/apache/hadoop/hadoop-hdds-common/0.5.0-SNAPSHOT/hadoop-hdds-common-0.5.0-SNAPSHOT.jar:/home/user/.m2/repository/javax/annotation/javax.annotation-api/1.2/javax.annotation-api-1.2.jar:/home/user/.m2/repository/org/apache/ratis/ratis-server/0.5.0-63cd2fb-SNAPSHOT/ratis-server-0.5.0-63cd2fb-SNAPSHOT.jar:/home/user/.m2/repository/org/apache/ratis/ratis-thirdparty-misc/0.2.0/ratis-thirdparty-misc-0.2.0.jar:/home/user/.m2/repository/org/apache/ratis/ratis-proto/0.5.0-63cd2fb-SNAPSHOT/ratis-proto-0.5.0-63cd2fb-SNAPSHOT.jar:/home/user/.m2/repository/org/apache/ratis/ratis-common/0.5.0-63cd2fb-SNAPSHOT/ratis-common-0.5.0-63cd2fb-SNAPSHOT.jar:/home/user/.m2/repository/org/apache/ratis/ratis-client/0.5.0-63cd2fb-SNAPSHOT/ratis-client-0.5.0-63cd2fb-SNAPSHOT.jar:/home/user/.m2/repository/org/apache/ratis/ratis-metrics/0.5.0-63cd2fb-SNAPSHOT/ratis-metrics-0.5.0-63cd2fb-SNAPSHOT.jar:/home/user/.m2/repository/com/github/joshelser/dropwizard-metrics-hadoop-metrics2-reporter/0.1.2/dropwizard-metrics-hadoop-metrics2-reporter-0.1.2.jar:/home/user/.m2/repository/io/dropwizard/metrics/metrics-jvm/3.2.5/metrics-jvm-3.2.5.jar:/home/user/.m2/repository/io/dropwizard/metrics/metrics-ganglia/3.2.5/metrics-ganglia-3.2.5.jar:/home/user/.m2/repository/info/ganglia/gmetric4j/gmetric4j/1.0.7/gmetric4j-1.0.7.jar:/home/user/.m2/repository/org/apache/ratis/ratis-netty/0.5.0-63cd2fb-SNAPSHOT/ratis-netty-0.5.0-63cd2fb-SNAPSHOT.jar:/home/user/.m2/repository/org/apache/ratis/ratis-grpc/0.5.0-63cd2fb-SNAPSHOT/ratis-grpc-0.5.0-63cd2fb-SNAPSHOT.jar:/home/user/.m2/repository/org/rocksdb/rocksdbjni/6.0.1/rocksdbjni-6.0.1.jar:/home/user/.m2/repository/org/apache/logging/log4j/log4j-api/2.11.0/log4j-api-2.11.0.jar:/home/user/.m2/repository/org/apache/logging/log4j/log4j-core/2.11.0/log4j-core-2.11.0.jar:/home/user/.m2/repository/com/lmax/disruptor/3.4.2/disruptor-3.4.2.jar:/home/user/.m2/repository/org/apache/commons/commons-pool2/2.6.0/commons-pool2-2.6.0.jar:/home/user/.m2/repository/org/bouncycastle/bcpkix-jdk15on/1.60/bcpkix-jdk15on-1.60.jar:/home/user/.m2/repository/commons-validator/commons-validator/1.6/commons-validator-1.6.jar:/home/user/.m2/repository/commons-digester/commons-digester/1.8.1/commons-digester-1.8.1.jar:/home/user/.m2/repository/io/jaegertracing/jaeger-client/0.34.0/jaeger-client-0.34.0.jar:/home/user/.m2/repository/io/jaegertracing/jaeger-thrift/0.34.0/jaeger-thrift-0.34.0.jar:/home/user/.m2/repository/org/apache/thrift/libthrift/0.12.0/libthrift-0.12.0.jar:/home/user/.m2/repository/com/squareup/okhttp3/okhttp/3.9.0/okhttp-3.9.0.jar:/home/user/.m2/repository/com/squareup/okio/okio/1.13.0/okio-1.13.0.jar:/home/user/.m2/repository/io/jaegertracing/jaeger-core/0.34.0/jaeger-core-0.34.0.jar:/home/user/.m2/repository/io/jaegertracing/jaeger-tracerresolver/0.34.0/jaeger-tracerresolver-0.34.0.jar:/home/user/.m2/repository/io/opentracing/contrib/opentracing-tracerresolver/0.1.5/opentracing-tracerresolver-0.1.5.jar:/home/user/.m2/repository/io/opentracing/opentracing-util/0.31.0/opentracing-util-0.31.0.jar:/home/user/.m2/repository/io/opentracing/opentracing-api/0.31.0/opentracing-api-0.31.0.jar:/home/user/.m2/repository/io/opentracing/opentracing-noop/0.31.0/opentracing-noop-0.31.0.jar:/home/user/.m2/repository/org/apache/hadoop/hadoop-hdds-server-framework/0.5.0-SNAPSHOT/hadoop-hdds-server-framework-0.5.0-SNAPSHOT.jar:/home/user/.m2/repository/org/apache/hadoop/hadoop-hdds-container-service/0.5.0-SNAPSHOT/hadoop-hdds-container-service-0.5.0-SNAPSHOT.jar:/home/user/.m2/repository/org/apache/hadoop/hadoop-hdds-client/0.5.0-SNAPSHOT/hadoop-hdds-client-0.5.0-SNAPSHOT.jar:/home/user/.m2/repository/org/apache/hadoop/hadoop-hdds-tools/0.5.0-SNAPSHOT/hadoop-hdds-tools-0.5.0-SNAPSHOT.jar:/home/user/.m2/repository/org/apache/hadoop/hadoop-hdds-server-scm/0.5.0-SNAPSHOT/hadoop-hdds-server-scm-0.5.0-SNAPSHOT.jar:/home/user/.m2/repository/org/apache/hadoop/hadoop-hdds-docs/0.5.0-SNAPSHOT/hadoop-hdds-docs-0.5.0-SNAPSHOT.jar:/home/user/.m2/repository/io/dropwizard/metrics/metrics-core/3.2.4/metrics-core-3.2.4.jar:/home/user/.m2/repository/org/hamcrest/hamcrest-all/1.3/hamcrest-all-1.3.jar:/home/user/.m2/repository/org/bouncycastle/bcprov-jdk15on/1.60/bcprov-jdk15on-1.60.jar:/home/user/.m2/repository/info/picocli/picocli/3.9.6/picocli-3.9.6.jar:/home/user/.m2/repository/com/google/protobuf/protobuf-java/2.5.0/protobuf-java-2.5.0.jar:/home/user/.m2/repository/com/google/guava/guava/11.0.2/guava-11.0.2.jar:/home/user/.m2/repository/org/apache/hadoop/hadoop-ozone-ozone-manager/0.5.0-SNAPSHOT/hadoop-ozone-ozone-manager-0.5.0-SNAPSHOT.jar:/home/user/.m2/repository/org/apache/hadoop/hadoop-minikdc/3.2.0/hadoop-minikdc-3.2.0.jar:/home/user/.m2/repository/commons-io/commons-io/2.5/commons-io-2.5.jar:/home/user/.m2/repository/org/apache/kerby/kerb-simplekdc/1.0.1/kerb-simplekdc-1.0.1.jar:/home/user/.m2/repository/org/apache/kerby/kerb-client/1.0.1/kerb-client-1.0.1.jar:/home/user/.m2/repository/org/apache/kerby/kerby-config/1.0.1/kerby-config-1.0.1.jar:/home/user/.m2/repository/org/apache/kerby/kerb-core/1.0.1/kerb-core-1.0.1.jar:/home/user/.m2/repository/org/apache/kerby/kerby-pkix/1.0.1/kerby-pkix-1.0.1.jar:/home/user/.m2/repository/org/apache/kerby/kerby-asn1/1.0.1/kerby-asn1-1.0.1.jar:/home/user/.m2/repository/org/apache/kerby/kerby-util/1.0.1/kerby-util-1.0.1.jar:/home/user/.m2/repository/org/apache/kerby/kerb-common/1.0.1/kerb-common-1.0.1.jar:/home/user/.m2/repository/org/apache/kerby/kerb-crypto/1.0.1/kerb-crypto-1.0.1.jar:/home/user/.m2/repository/org/apache/kerby/kerb-util/1.0.1/kerb-util-1.0.1.jar:/home/user/.m2/repository/org/apache/kerby/token-provider/1.0.1/token-provider-1.0.1.jar:/home/user/.m2/repository/org/apache/kerby/kerb-admin/1.0.1/kerb-admin-1.0.1.jar:/home/user/.m2/repository/org/apache/kerby/kerb-server/1.0.1/kerb-server-1.0.1.jar:/home/user/.m2/repository/org/apache/kerby/kerb-identity/1.0.1/kerb-identity-1.0.1.jar:/home/user/.m2/repository/org/apache/kerby/kerby-xdr/1.0.1/kerby-xdr-1.0.1.jar:/home/user/.m2/repository/org/slf4j/slf4j-log4j12/1.7.25/slf4j-log4j12-1.7.25.jar:/home/user/.m2/repository/org/apache/hadoop/hadoop-ozone-s3gateway/0.5.0-SNAPSHOT/hadoop-ozone-s3gateway-0.5.0-SNAPSHOT.jar:/home/user/.m2/repository/org/jboss/weld/servlet/weld-servlet/2.4.7.Final/weld-servlet-2.4.7.Final.jar:/home/user/.m2/repository/org/glassfish/jersey/containers/jersey-container-servlet-core/2.27/jersey-container-servlet-core-2.27.jar:/home/user/.m2/repository/org/glassfish/hk2/external/javax.inject/2.5.0-b42/javax.inject-2.5.0-b42.jar:/home/user/.m2/repository/org/glassfish/jersey/core/jersey-common/2.27/jersey-common-2.27.jar:/home/user/.m2/repository/org/glassfish/hk2/osgi-resource-locator/1.0.1/osgi-resource-locator-1.0.1.jar:/home/user/.m2/repository/javax/ws/rs/javax.ws.rs-api/2.1/javax.ws.rs-api-2.1.jar:/home/user/.m2/repository/org/glassfish/jersey/ext/cdi/jersey-cdi1x/2.27/jersey-cdi1x-2.27.jar:/home/user/.m2/repository/org/glassfish/jersey/inject/jersey-hk2/2.27/jersey-hk2-2.27.jar:/home/user/.m2/repository/org/glassfish/hk2/hk2-locator/2.5.0-b42/hk2-locator-2.5.0-b42.jar:/home/user/.m2/repository/org/javassist/javassist/3.22.0-CR2/javassist-3.22.0-CR2.jar:/home/user/.m2/repository/org/glassfish/hk2/hk2-api/2.5.0/hk2-api-2.5.0.jar:/home/user/.m2/repository/org/glassfish/hk2/external/jakarta.inject/2.5.0/jakarta.inject-2.5.0.jar:/home/user/.m2/repository/org/glassfish/hk2/hk2-utils/2.5.0/hk2-utils-2.5.0.jar:/home/user/.m2/repository/jakarta/annotation/jakarta.annotation-api/1.3.4/jakarta.annotation-api-1.3.4.jar:/home/user/.m2/repository/org/glassfish/hk2/external/aopalliance-repackaged/2.5.0/aopalliance-repackaged-2.5.0.jar:/home/user/.m2/repository/com/fasterxml/jackson/dataformat/jackson-dataformat-xml/2.9.0/jackson-dataformat-xml-2.9.0.jar:/home/user/.m2/repository/com/fasterxml/jackson/core/jackson-core/2.9.9/jackson-core-2.9.9.jar:/home/user/.m2/repository/com/fasterxml/jackson/module/jackson-module-jaxb-annotations/2.9.9/jackson-module-jaxb-annotations-2.9.9.jar:/home/user/.m2/repository/javax/enterprise/cdi-api/1.2/cdi-api-1.2.jar:/home/user/.m2/repository/javax/el/javax.el-api/3.0.0/javax.el-api-3.0.0.jar:/home/user/.m2/repository/javax/interceptor/javax.interceptor-api/1.2/javax.interceptor-api-1.2.jar:/home/user/.m2/repository/javax/inject/javax.inject/1/javax.inject-1.jar:/home/user/.m2/repository/com/sun/xml/bind/jaxb-impl/2.3.0.1/jaxb-impl-2.3.0.1.jar:/home/user/.m2/repository/com/sun/xml/bind/jaxb-core/2.3.0.1/jaxb-core-2.3.0.1.jar:/home/user/.m2/repository/javax/xml/bind/jaxb-api/2.3.0/jaxb-api-2.3.0.jar:/home/user/.m2/repository/javax/activation/activation/1.1.1/activation-1.1.1.jar:/home/user/.m2/repository/org/apache/hadoop/hadoop-ozone-csi/0.5.0-SNAPSHOT/hadoop-ozone-csi-0.5.0-SNAPSHOT.jar:/home/user/.m2/repository/com/google/protobuf/protobuf-java-util/3.5.1/protobuf-java-util-3.5.1.jar:/home/user/.m2/repository/org/apache/hadoop/hadoop-hdds-config/0.5.0-SNAPSHOT/hadoop-hdds-config-0.5.0-SNAPSHOT.jar:/home/user/.m2/repository/io/grpc/grpc-netty/1.17.1/grpc-netty-1.17.1.jar:/home/user/.m2/repository/io/grpc/grpc-core/1.17.1/grpc-core-1.17.1.jar:/home/user/.m2/repository/io/grpc/grpc-context/1.17.1/grpc-context-1.17.1.jar:/home/user/.m2/repository/com/google/errorprone/error_prone_annotations/2.2.0/error_prone_annotations-2.2.0.jar:/home/user/.m2/repository/org/codehaus/mojo/animal-sniffer-annotations/1.17/animal-sniffer-annotations-1.17.jar:/home/user/.m2/repository/io/opencensus/opencensus-api/0.17.0/opencensus-api-0.17.0.jar:/home/user/.m2/repository/io/opencensus/opencensus-contrib-grpc-metrics/0.17.0/opencensus-contrib-grpc-metrics-0.17.0.jar:/home/user/.m2/repository/io/netty/netty-codec-http2/4.1.30.Final/netty-codec-http2-4.1.30.Final.jar:/home/user/.m2/repository/io/netty/netty-codec-http/4.1.30.Final/netty-codec-http-4.1.30.Final.jar:/home/user/.m2/repository/io/netty/netty-codec/4.1.30.Final/netty-codec-4.1.30.Final.jar:/home/user/.m2/repository/io/netty/netty-handler/4.1.30.Final/netty-handler-4.1.30.Final.jar:/home/user/.m2/repository/io/netty/netty-handler-proxy/4.1.30.Final/netty-handler-proxy-4.1.30.Final.jar:/home/user/.m2/repository/io/netty/netty-codec-socks/4.1.30.Final/netty-codec-socks-4.1.30.Final.jar:/home/user/.m2/repository/io/netty/netty-transport-native-epoll/4.1.30.Final/netty-transport-native-epoll-4.1.30.Final.jar:/home/user/.m2/repository/io/netty/netty-common/4.1.30.Final/netty-common-4.1.30.Final.jar:/home/user/.m2/repository/io/netty/netty-buffer/4.1.30.Final/netty-buffer-4.1.30.Final.jar:/home/user/.m2/repository/io/netty/netty-transport/4.1.30.Final/netty-transport-4.1.30.Final.jar:/home/user/.m2/repository/io/netty/netty-resolver/4.1.30.Final/netty-resolver-4.1.30.Final.jar:/home/user/.m2/repository/io/netty/netty-transport-native-unix-common/4.1.30.Final/netty-transport-native-unix-common-4.1.30.Final.jar:/home/user/.m2/repository/io/grpc/grpc-protobuf/1.17.1/grpc-protobuf-1.17.1.jar:/home/user/.m2/repository/com/google/api/grpc/proto-google-common-protos/1.0.0/proto-google-common-protos-1.0.0.jar:/home/user/.m2/repository/io/grpc/grpc-protobuf-lite/1.17.1/grpc-protobuf-lite-1.17.1.jar:/home/user/.m2/repository/io/grpc/grpc-stub/1.17.1/grpc-stub-1.17.1.jar:/home/user/.m2/repository/org/apache/hadoop/hadoop-ozone-recon/0.5.0-SNAPSHOT/hadoop-ozone-recon-0.5.0-SNAPSHOT.jar:/home/user/.m2/repository/org/apache/hadoop/hadoop-ozone-reconcodegen/0.5.0-SNAPSHOT/hadoop-ozone-reconcodegen-0.5.0-SNAPSHOT.jar:/home/user/.m2/repository/com/google/inject/extensions/guice-multibindings/4.0/guice-multibindings-4.0.jar:/home/user/.m2/repository/com/google/inject/guice/4.0/guice-4.0.jar:/home/user/.m2/repository/aopalliance/aopalliance/1.0/aopalliance-1.0.jar:/home/user/.m2/repository/com/google/inject/extensions/guice-servlet/4.0/guice-servlet-4.0.jar:/home/user/.m2/repository/org/glassfish/jersey/containers/jersey-container-servlet/2.27/jersey-container-servlet-2.27.jar:/home/user/.m2/repository/org/glassfish/hk2/guice-bridge/2.5.0/guice-bridge-2.5.0.jar:/home/user/.m2/repository/org/glassfish/jersey/core/jersey-server/2.27/jersey-server-2.27.jar:/home/user/.m2/repository/org/glassfish/jersey/core/jersey-client/2.27/jersey-client-2.27.jar:/home/user/.m2/repository/org/glassfish/jersey/media/jersey-media-jaxb/2.27/jersey-media-jaxb-2.27.jar:/home/user/.m2/repository/javax/validation/validation-api/1.1.0.Final/validation-api-1.1.0.Final.jar:/home/user/.m2/repository/org/glassfish/jersey/media/jersey-media-json-jackson/2.27/jersey-media-json-jackson-2.27.jar:/home/user/.m2/repository/org/glassfish/jersey/ext/jersey-entity-filtering/2.27/jersey-entity-filtering-2.27.jar:/home/user/.m2/repository/com/google/inject/extensions/guice-assistedinject/4.0/guice-assistedinject-4.0.jar:/home/user/.m2/repository/org/jooq/jooq/3.11.10/jooq-3.11.10.jar:/home/user/.m2/repository/org/jooq/jooq-meta/3.11.10/jooq-meta-3.11.10.jar:/home/user/.m2/repository/org/jooq/jooq-codegen/3.11.10/jooq-codegen-3.11.10.jar:/home/user/.m2/repository/com/jolbox/bonecp/0.8.0.RELEASE/bonecp-0.8.0.RELEASE.jar:/home/user/.m2/repository/org/xerial/sqlite-jdbc/3.25.2/sqlite-jdbc-3.25.2.jar:/home/user/.m2/repository/org/springframework/spring-jdbc/5.1.3.RELEASE/spring-jdbc-5.1.3.RELEASE.jar:/home/user/.m2/repository/org/springframework/spring-beans/5.1.3.RELEASE/spring-beans-5.1.3.RELEASE.jar:/home/user/.m2/repository/org/springframework/spring-core/5.1.3.RELEASE/spring-core-5.1.3.RELEASE.jar:/home/user/.m2/repository/org/springframework/spring-jcl/5.1.3.RELEASE/spring-jcl-5.1.3.RELEASE.jar:/home/user/.m2/repository/org/springframework/spring-tx/5.1.3.RELEASE/spring-tx-5.1.3.RELEASE.jar:/home/user/.m2/repository/org/apache/hadoop/hadoop-ozone-client/0.5.0-SNAPSHOT/hadoop-ozone-client-0.5.0-SNAPSHOT.jar:/home/user/.m2/repository/commons-lang/commons-lang/2.6/commons-lang-2.6.jar:/home/user/.m2/repository/org/apache/hadoop/hadoop-ozone-ozone-manager/0.5.0-SNAPSHOT/hadoop-ozone-ozone-manager-0.5.0-SNAPSHOT-tests.jar:/home/user/.m2/repository/junit/junit/4.11/junit-4.11.jar:/home/user/.m2/repository/org/hamcrest/hamcrest-core/1.3/hamcrest-core-1.3.jar:/home/user/.m2/repository/org/openjdk/jmh/jmh-core/1.19/jmh-core-1.19.jar:/home/user/.m2/repository/net/sf/jopt-simple/jopt-simple/4.6/jopt-simple-4.6.jar:/home/user/.m2/repository/org/apache/commons/commons-math3/3.1.1/commons-math3-3.1.1.jar:/home/user/.m2/repository/org/openjdk/jmh/jmh-generator-annprocess/1.19/jmh-generator-annprocess-1.19.jar:/home/user/.m2/repository/org/mockito/mockito-all/1.8.5/mockito-all-1.8.5.jar:/home/user/.m2/repository/org/apache/hadoop/hadoop-kms/3.2.0/hadoop-kms-3.2.0.jar:/home/user/.m2/repository/org/apache/hadoop/hadoop-auth/3.2.0/hadoop-auth-3.2.0.jar:/home/user/.m2/repository/com/nimbusds/nimbus-jose-jwt/4.41.1/nimbus-jose-jwt-4.41.1.jar:/home/user/.m2/repository/com/github/stephenc/jcip/jcip-annotations/1.0-1/jcip-annotations-1.0-1.jar:/home/user/.m2/repository/net/minidev/json-smart/2.3/json-smart-2.3.jar:/home/user/.m2/repository/net/minidev/accessors-smart/1.2/accessors-smart-1.2.jar:/home/user/.m2/repository/org/ow2/asm/asm/5.0.4/asm-5.0.4.jar:/home/user/.m2/repository/org/apache/curator/curator-framework/2.12.0/curator-framework-2.12.0.jar:/home/user/.m2/repository/com/sun/jersey/jersey-core/1.19/jersey-core-1.19.jar:/home/user/.m2/repository/javax/ws/rs/jsr311-api/1.1.1/jsr311-api-1.1.1.jar:/home/user/.m2/repository/com/sun/jersey/jersey-server/1.19/jersey-server-1.19.jar:/home/user/.m2/repository/javax/servlet/javax.servlet-api/3.1.0/javax.servlet-api-3.1.0.jar:/home/user/.m2/repository/org/eclipse/jetty/jetty-server/9.3.25.v20180904/jetty-server-9.3.25.v20180904.jar:/home/user/.m2/repository/org/eclipse/jetty/jetty-http/9.3.25.v20180904/jetty-http-9.3.25.v20180904.jar:/home/user/.m2/repository/org/eclipse/jetty/jetty-io/9.3.25.v20180904/jetty-io-9.3.25.v20180904.jar:/home/user/.m2/repository/org/eclipse/jetty/jetty-webapp/9.3.25.v20180904/jetty-webapp-9.3.25.v20180904.jar:/home/user/.m2/repository/org/eclipse/jetty/jetty-xml/9.3.25.v20180904/jetty-xml-9.3.25.v20180904.jar:/home/user/.m2/repository/log4j/log4j/1.2.17/log4j-1.2.17.jar:/home/user/.m2/repository/org/slf4j/slf4j-api/1.7.25/slf4j-api-1.7.25.jar:/home/user/.m2/repository/org/slf4j/jul-to-slf4j/1.7.25/jul-to-slf4j-1.7.25.jar:/home/user/.m2/repository/org/eclipse/jetty/jetty-util/9.3.25.v20180904/jetty-util-9.3.25.v20180904.jar:/home/user/.m2/repository/com/fasterxml/jackson/core/jackson-databind/2.9.9/jackson-databind-2.9.9.jar:/home/user/.m2/repository/org/apache/hadoop/hadoop-kms/3.2.0/hadoop-kms-3.2.0-tests.jar:/home/user/.m2/repository/org/apache/hadoop/hadoop-hdds-server-scm/0.5.0-SNAPSHOT/hadoop-hdds-server-scm-0.5.0-SNAPSHOT-tests.jar:/home/user/.m2/repository/org/apache/hadoop/hadoop-hdds-container-service/0.5.0-SNAPSHOT/hadoop-hdds-container-service-0.5.0-SNAPSHOT-tests.jar:/home/user/.m2/repository/org/yaml/snakeyaml/1.16/snakeyaml-1.16.jar:/home/user/.m2/repository/org/apache/hadoop/hadoop-common/3.2.0/hadoop-common-3.2.0-tests.jar:/home/user/.m2/repository/org/apache/hadoop/hadoop-annotations/3.2.0/hadoop-annotations-3.2.0.jar:/usr/lib/jvm/java-1.8-openjdk/jre/../lib/tools.jar:/home/user/.m2/repository/commons-cli/commons-cli/1.2/commons-cli-1.2.jar:/home/user/.m2/repository/org/apache/httpcomponents/httpclient/4.5.2/httpclient-4.5.2.jar:/home/user/.m2/repository/org/apache/httpcomponents/httpcore/4.4.4/httpcore-4.4.4.jar:/home/user/.m2/repository/commons-codec/commons-codec/1.11/commons-codec-1.11.jar:/home/user/.m2/repository/commons-net/commons-net/3.6/commons-net-3.6.jar:/home/user/.m2/repository/commons-collections/commons-collections/3.2.2/commons-collections-3.2.2.jar:/home/user/.m2/repository/org/eclipse/jetty/jetty-servlet/9.3.25.v20180904/jetty-servlet-9.3.25.v20180904.jar:/home/user/.m2/repository/org/eclipse/jetty/jetty-security/9.3.25.v20180904/jetty-security-9.3.25.v20180904.jar:/home/user/.m2/repository/javax/servlet/jsp/jsp-api/2.1/jsp-api-2.1.jar:/home/user/.m2/repository/com/sun/jersey/jersey-servlet/1.19/jersey-servlet-1.19.jar:/home/user/.m2/repository/com/sun/jersey/jersey-json/1.19/jersey-json-1.19.jar:/home/user/.m2/repository/org/codehaus/jettison/jettison/1.1/jettison-1.1.jar:/home/user/.m2/repository/org/codehaus/jackson/jackson-core-asl/1.9.13/jackson-core-asl-1.9.13.jar:/home/user/.m2/repository/org/codehaus/jackson/jackson-mapper-asl/1.9.13/jackson-mapper-asl-1.9.13.jar:/home/user/.m2/repository/org/codehaus/jackson/jackson-jaxrs/1.9.13/jackson-jaxrs-1.9.13.jar:/home/user/.m2/repository/org/codehaus/jackson/jackson-xc/1.9.13/jackson-xc-1.9.13.jar:/home/user/.m2/repository/commons-logging/commons-logging/1.1.3/commons-logging-1.1.3.jar:/home/user/.m2/repository/commons-beanutils/commons-beanutils/1.9.4/commons-beanutils-1.9.4.jar:/home/user/.m2/repository/org/apache/commons/commons-configuration2/2.1.1/commons-configuration2-2.1.1.jar:/home/user/.m2/repository/org/apache/commons/commons-lang3/3.7/commons-lang3-3.7.jar:/home/user/.m2/repository/org/apache/commons/commons-text/1.4/commons-text-1.4.jar:/home/user/.m2/repository/org/apache/avro/avro/1.7.7/avro-1.7.7.jar:/home/user/.m2/repository/com/thoughtworks/paranamer/paranamer/2.3/paranamer-2.3.jar:/home/user/.m2/repository/org/xerial/snappy/snappy-java/1.0.5/snappy-java-1.0.5.jar:/home/user/.m2/repository/com/google/re2j/re2j/1.1/re2j-1.1.jar:/home/user/.m2/repository/com/google/code/gson/gson/2.2.4/gson-2.2.4.jar:/home/user/.m2/repository/com/jcraft/jsch/0.1.54/jsch-0.1.54.jar:/home/user/.m2/repository/org/apache/curator/curator-client/2.12.0/curator-client-2.12.0.jar:/home/user/.m2/repository/org/apache/curator/curator-recipes/2.12.0/curator-recipes-2.12.0.jar:/home/user/.m2/repository/com/google/code/findbugs/jsr305/3.0.0/jsr305-3.0.0.jar:/home/user/.m2/repository/org/apache/htrace/htrace-core4/4.1.0-incubating/htrace-core4-4.1.0-incubating.jar:/home/user/.m2/repository/org/apache/zookeeper/zookeeper/3.4.13/zookeeper-3.4.13.jar:/home/user/.m2/repository/jline/jline/0.9.94/jline-0.9.94.jar:/home/user/.m2/repository/org/apache/yetus/audience-annotations/0.5.0/audience-annotations-0.5.0.jar:/home/user/.m2/repository/org/codehaus/woodstox/stax2-api/3.1.4/stax2-api-3.1.4.jar:/home/user/.m2/repository/com/fasterxml/woodstox/woodstox-core/5.0.3/woodstox-core-5.0.3.jar:/home/user/.m2/repository/dnsjava/dnsjava/2.1.7/dnsjava-2.1.7.jar:/home/user/.m2/repository/org/apache/hadoop/hadoop-hdfs/3.2.0/hadoop-hdfs-3.2.0-tests.jar:/home/user/.m2/repository/org/eclipse/jetty/jetty-util-ajax/9.3.25.v20180904/jetty-util-ajax-9.3.25.v20180904.jar:/home/user/.m2/repository/commons-daemon/commons-daemon/1.0.13/commons-daemon-1.0.13.jar:/home/user/.m2/repository/io/netty/netty/3.10.5.Final/netty-3.10.5.Final.jar:/home/user/.m2/repository/io/netty/netty-all/4.0.52.Final/netty-all-4.0.52.Final.jar:/home/user/.m2/repository/org/fusesource/leveldbjni/leveldbjni-all/1.8/leveldbjni-all-1.8.jar:"/>
    <property name="sun.cpu.endian" value="little"/>
    <property name="user.home" value="/home/user"/>
    <property name="user.language" value="en"/>
    <property name="java.specification.vendor" value="Oracle Corporation"/>
    <property name="java.home" value="/usr/lib/jvm/java-1.8-openjdk/jre"/>
    <property name="surefire.excludesFile" value="/tools/ozone-bad-unit-tests"/>
    <property name="java.security.krb5.conf" value="/workdir/hadoop-ozone/integration-test/target/test-classes/krb5.conf"/>
    <property name="basedir" value="/workdir/hadoop-ozone/integration-test"/>
    <property name="file.separator" value="/"/>
    <property name="line.separator" value="&#10;"/>
    <property name="java.vm.specification.vendor" value="Oracle Corporation"/>
    <property name="java.specification.name" value="Java Platform API Specification"/>
    <property name="java.awt.graphicsenv" value="sun.awt.X11GraphicsEnvironment"/>
    <property name="surefire.real.class.path" value="/workdir/hadoop-ozone/integration-test/target/surefire/surefirebooter7632794409255736236.jar"/>
    <property name="hadoop.log.dir" value="/workdir/hadoop-ozone/integration-test/target/log"/>
    <property name="sun.boot.class.path" value="/usr/lib/jvm/java-1.8-openjdk/jre/lib/resources.jar:/usr/lib/jvm/java-1.8-openjdk/jre/lib/rt.jar:/usr/lib/jvm/java-1.8-openjdk/jre/lib/sunrsasign.jar:/usr/lib/jvm/java-1.8-openjdk/jre/lib/jsse.jar:/usr/lib/jvm/java-1.8-openjdk/jre/lib/jce.jar:/usr/lib/jvm/java-1.8-openjdk/jre/lib/charsets.jar:/usr/lib/jvm/java-1.8-openjdk/jre/lib/jfr.jar:/usr/lib/jvm/java-1.8-openjdk/jre/classes"/>
    <property name="sun.management.compiler" value="HotSpot 64-Bit Tiered Compilers"/>
    <property name="java.runtime.version" value="1.8.0_212-b04"/>
    <property name="java.net.preferIPv4Stack" value="true"/>
    <property name="user.name" value="jenkins1000"/>
    <property name="path.separator" value=":"/>
    <property name="java.security.egd" value="file:///dev/urandom"/>
    <property name="os.version" value="3.10.0-957.12.2.el7.x86_64"/>
    <property name="java.endorsed.dirs" value="/usr/lib/jvm/java-1.8-openjdk/jre/lib/endorsed"/>
    <property name="java.runtime.name" value="OpenJDK Runtime Environment"/>
    <property name="file.encoding" value="UTF-8"/>
    <property name="java.vm.name" value="OpenJDK 64-Bit Server VM"/>
    <property name="test.build.webapps" value=""/>
    <property name="localRepository" value="/home/user/.m2/repository"/>
    <property name="java.vendor.url.bug" value="https://icedtea.classpath.org/bugzilla"/>
    <property name="java.io.tmpdir" value="/tmp"/>
    <property name="require.test.libhadoop" value=""/>
    <property name="java.version" value="1.8.0_212"/>
    <property name="user.dir" value="/workdir/hadoop-ozone/integration-test"/>
    <property name="os.arch" value="amd64"/>
    <property name="java.vm.specification.name" value="Java Virtual Machine Specification"/>
    <property name="test.build.classes" value="/workdir/hadoop-ozone/integration-test/target/test-classes"/>
    <property name="java.awt.printerjob" value="sun.print.PSPrinterJob"/>
    <property name="sun.os.patch.level" value="unknown"/>
    <property name="hadoop.tmp.dir" value="/workdir/hadoop-ozone/integration-test/target/tmp"/>
    <property name="java.library.path" value="/usr/lib/jvm/java-1.8-openjdk/jre/lib/amd64/server:/usr/lib/jvm/java-1.8-openjdk/jre/lib/amd64:/usr/lib/jvm/java-1.8-openjdk/jre/../lib/amd64:/workdir/hadoop-ozone/integration-test/target/native/target/usr/local/lib:/workdir/hadoop-ozone/integration-test/../../hadoop-common-project/hadoop-common/target/native/target/usr/local/lib:/usr/java/packages/lib/amd64:/usr/lib64:/lib64:/lib:/usr/lib"/>
    <property name="java.vm.info" value="mixed mode"/>
    <property name="java.vendor" value="IcedTea"/>
    <property name="java.vm.version" value="25.212-b04"/>
    <property name="java.ext.dirs" value="/usr/lib/jvm/java-1.8-openjdk/jre/lib/ext:/usr/java/packages/lib/ext"/>
    <property name="sun.io.unicode.encoding" value="UnicodeLittle"/>
    <property name="java.class.version" value="52.0"/>
  </properties>
  <testcase name="testWatchForCommitWithKeyWrite" classname="org.apache.hadoop.ozone.client.rpc.TestWatchForCommit" time="78.748"/>
  <testcase name="testWatchForCommitWithSmallerTimeoutValue" classname="org.apache.hadoop.ozone.client.rpc.TestWatchForCommit" time="46.418"/>
  <testcase name="testWatchForCommitForRetryfailure" classname="org.apache.hadoop.ozone.client.rpc.TestWatchForCommit" time="65.855">
    <failure type="java.lang.AssertionError">java.lang.AssertionError
	at org.junit.Assert.fail(Assert.java:86)
	at org.junit.Assert.assertTrue(Assert.java:41)
	at org.junit.Assert.assertTrue(Assert.java:52)
	at org.apache.hadoop.ozone.client.rpc.TestWatchForCommit.testWatchForCommitForRetryfailure(TestWatchForCommit.java:348)
	at sun.reflect.NativeMethodAccessorImpl.invoke0(Native Method)
	at sun.reflect.NativeMethodAccessorImpl.invoke(NativeMethodAccessorImpl.java:62)
	at sun.reflect.DelegatingMethodAccessorImpl.invoke(DelegatingMethodAccessorImpl.java:43)
	at java.lang.reflect.Method.invoke(Method.java:498)
	at org.junit.runners.model.FrameworkMethod$1.runReflectiveCall(FrameworkMethod.java:47)
	at org.junit.internal.runners.model.ReflectiveCallable.run(ReflectiveCallable.java:12)
	at org.junit.runners.model.FrameworkMethod.invokeExplosively(FrameworkMethod.java:44)
	at org.junit.internal.runners.statements.InvokeMethod.evaluate(InvokeMethod.java:17)
	at org.junit.runners.ParentRunner.runLeaf(ParentRunner.java:271)
	at org.junit.runners.BlockJUnit4ClassRunner.runChild(BlockJUnit4ClassRunner.java:70)
	at org.junit.runners.BlockJUnit4ClassRunner.runChild(BlockJUnit4ClassRunner.java:50)
	at org.junit.runners.ParentRunner$3.run(ParentRunner.java:238)
	at org.junit.runners.ParentRunner$1.schedule(ParentRunner.java:63)
	at org.junit.runners.ParentRunner.runChildren(ParentRunner.java:236)
	at org.junit.runners.ParentRunner.access$000(ParentRunner.java:53)
	at org.junit.runners.ParentRunner$2.evaluate(ParentRunner.java:229)
	at org.junit.runners.ParentRunner.run(ParentRunner.java:309)
	at org.apache.maven.surefire.junit4.JUnit4Provider.execute(JUnit4Provider.java:365)
	at org.apache.maven.surefire.junit4.JUnit4Provider.executeWithRerun(JUnit4Provider.java:273)
	at org.apache.maven.surefire.junit4.JUnit4Provider.executeTestSet(JUnit4Provider.java:238)
	at org.apache.maven.surefire.junit4.JUnit4Provider.invoke(JUnit4Provider.java:159)
	at org.apache.maven.surefire.booter.ForkedBooter.invokeProviderInSameClassLoader(ForkedBooter.java:384)
	at org.apache.maven.surefire.booter.ForkedBooter.runSuitesInProcess(ForkedBooter.java:345)
	at org.apache.maven.surefire.booter.ForkedBooter.execute(ForkedBooter.java:126)
	at org.apache.maven.surefire.booter.ForkedBooter.main(ForkedBooter.java:418)
</failure>
    <system-out><![CDATA[2019-10-14 19:31:05,762 [main] WARN  server.ServerUtils (ServerUtils.java:getScmDbDir(145)) - ozone.scm.db.dirs is not configured. We recommend adding this setting. Falling back to ozone.metadata.dirs instead.
2019-10-14 19:31:05,799 [main] WARN  server.ServerUtils (ServerUtils.java:getScmDbDir(145)) - ozone.scm.db.dirs is not configured. We recommend adding this setting. Falling back to ozone.metadata.dirs instead.
2019-10-14 19:31:05,800 [main] WARN  server.ServerUtils (ServerUtils.java:getScmDbDir(145)) - ozone.scm.db.dirs is not configured. We recommend adding this setting. Falling back to ozone.metadata.dirs instead.
2019-10-14 19:31:05,800 [main] INFO  db.DBStoreBuilder (DBStoreBuilder.java:addTable(117)) - using custom profile for table: deletedBlocks
2019-10-14 19:31:05,801 [main] INFO  db.DBStoreBuilder (DBStoreBuilder.java:processTables(168)) - Using default column profile:DBProfile.DISK for Table:deletedBlocks
2019-10-14 19:31:05,801 [main] INFO  db.DBStoreBuilder (DBStoreBuilder.java:addTable(117)) - using custom profile for table: validCerts
2019-10-14 19:31:05,801 [main] INFO  db.DBStoreBuilder (DBStoreBuilder.java:processTables(168)) - Using default column profile:DBProfile.DISK for Table:validCerts
2019-10-14 19:31:05,801 [main] INFO  db.DBStoreBuilder (DBStoreBuilder.java:addTable(117)) - using custom profile for table: revokedCerts
2019-10-14 19:31:05,801 [main] INFO  db.DBStoreBuilder (DBStoreBuilder.java:processTables(168)) - Using default column profile:DBProfile.DISK for Table:revokedCerts
2019-10-14 19:31:05,802 [main] INFO  db.DBStoreBuilder (DBStoreBuilder.java:addTable(117)) - using custom profile for table: default
2019-10-14 19:31:05,802 [main] INFO  db.DBStoreBuilder (DBStoreBuilder.java:processTables(174)) - Using default column profile:DBProfile.DISK for Table:default
2019-10-14 19:31:05,802 [main] INFO  db.DBStoreBuilder (DBStoreBuilder.java:getDbProfile(205)) - Using default options. DBProfile.DISK
2019-10-14 19:31:06,104 [main] INFO  net.NodeSchemaLoader (NodeSchemaLoader.java:loadSchemaFromFile(125)) - Loading file from sun.misc.CompoundEnumeration@718f805a
2019-10-14 19:31:06,104 [main] INFO  net.NodeSchemaLoader (NodeSchemaLoader.java:loadSchema(171)) - Loading network topology layer schema file
2019-10-14 19:31:06,109 [main] WARN  server.ServerUtils (ServerUtils.java:sanitizeUserArgs(70)) - ozone.scm.stale.node.interval value = 300000 is larger than max = 100000 based on the key value of ozone.scm.heartbeat.thread.interval, reset to the max value 100000.
2019-10-14 19:31:06,109 [main] WARN  server.ServerUtils (ServerUtils.java:sanitizeUserArgs(70)) - ozone.scm.stale.node.interval value = 300000 is larger than max = 100000 based on the key value of ozone.scm.heartbeat.thread.interval, reset to the max value 100000.
2019-10-14 19:31:06,109 [main] INFO  node.SCMNodeManager (SCMNodeManager.java:<init>(116)) - Entering startup safe mode.
2019-10-14 19:31:06,110 [main] INFO  algorithms.ContainerPlacementPolicyFactory (ContainerPlacementPolicyFactory.java:getPolicy(57)) - Create container placement policy of type org.apache.hadoop.hdds.scm.container.placement.algorithms.SCMContainerPlacementRandom
2019-10-14 19:31:06,110 [main] WARN  server.ServerUtils (ServerUtils.java:getScmDbDir(145)) - ozone.scm.db.dirs is not configured. We recommend adding this setting. Falling back to ozone.metadata.dirs instead.
2019-10-14 19:31:06,219 [main] INFO  pipeline.SCMPipelineManager (SCMPipelineManager.java:initializePipelineState(132)) - No pipeline exists in current db
2019-10-14 19:31:06,219 [main] WARN  server.ServerUtils (ServerUtils.java:getScmDbDir(145)) - ozone.scm.db.dirs is not configured. We recommend adding this setting. Falling back to ozone.metadata.dirs instead.
2019-10-14 19:31:06,322 [main] WARN  events.EventQueue (EventQueue.java:fireEvent(183)) - No event handler registered for event TypedEvent{payloadType=SafeModeStatus, name='SafeModeStatus'}
2019-10-14 19:31:06,322 [main] INFO  ipc.CallQueueManager (CallQueueManager.java:<init>(84)) - Using callQueue: class java.util.concurrent.LinkedBlockingQueue, queueCapacity: 2000, scheduler: class org.apache.hadoop.ipc.DefaultRpcScheduler, ipcBackoff: false.
2019-10-14 19:31:06,323 [Socket Reader #1 for port 43374] INFO  ipc.Server (Server.java:run(1074)) - Starting Socket Reader #1 for port 43374
2019-10-14 19:31:06,325 [main] INFO  ipc.CallQueueManager (CallQueueManager.java:<init>(84)) - Using callQueue: class java.util.concurrent.LinkedBlockingQueue, queueCapacity: 2000, scheduler: class org.apache.hadoop.ipc.DefaultRpcScheduler, ipcBackoff: false.
2019-10-14 19:31:06,326 [Socket Reader #1 for port 37448] INFO  ipc.Server (Server.java:run(1074)) - Starting Socket Reader #1 for port 37448
2019-10-14 19:31:06,328 [main] INFO  ipc.CallQueueManager (CallQueueManager.java:<init>(84)) - Using callQueue: class java.util.concurrent.LinkedBlockingQueue, queueCapacity: 2000, scheduler: class org.apache.hadoop.ipc.DefaultRpcScheduler, ipcBackoff: false.
2019-10-14 19:31:06,328 [Socket Reader #1 for port 34534] INFO  ipc.Server (Server.java:run(1074)) - Starting Socket Reader #1 for port 34534
2019-10-14 19:31:06,331 [main] INFO  hdfs.DFSUtil (DFSUtil.java:httpServerTemplateForNNAndJN(1641)) - Starting Web-server for scm at: http://0.0.0.0:0
2019-10-14 19:31:06,333 [main] INFO  server.AuthenticationFilter (AuthenticationFilter.java:constructSecretProvider(240)) - Unable to initialize FileSignerSecretProvider, falling back to use random secrets.
2019-10-14 19:31:06,334 [main] WARN  http.HttpRequestLog (HttpRequestLog.java:getRequestLog(97)) - Jetty request log can only be enabled using Log4j
2019-10-14 19:31:06,337 [main] INFO  http.HttpServer2 (HttpServer2.java:addGlobalFilter(975)) - Added global filter 'safety' (class=org.apache.hadoop.http.HttpServer2$QuotingInputFilter)
2019-10-14 19:31:06,338 [main] INFO  http.HttpServer2 (HttpServer2.java:addFilter(948)) - Added filter static_user_filter (class=org.apache.hadoop.http.lib.StaticUserWebFilter$StaticUserFilter) to context scm
2019-10-14 19:31:06,338 [main] INFO  http.HttpServer2 (HttpServer2.java:addFilter(958)) - Added filter static_user_filter (class=org.apache.hadoop.http.lib.StaticUserWebFilter$StaticUserFilter) to context logs
2019-10-14 19:31:06,339 [main] INFO  http.HttpServer2 (HttpServer2.java:addFilter(958)) - Added filter static_user_filter (class=org.apache.hadoop.http.lib.StaticUserWebFilter$StaticUserFilter) to context static
2019-10-14 19:31:06,341 [main] INFO  server.StorageContainerManager (StorageContainerManager.java:start(772)) - StorageContainerLocationProtocol RPC server is listening at /0.0.0.0:34534
2019-10-14 19:31:06,344 [main] WARN  impl.MetricsConfig (MetricsConfig.java:loadFirst(134)) - Cannot locate configuration: tried hadoop-metrics2-storagecontainermanager.properties,hadoop-metrics2.properties
2019-10-14 19:31:06,345 [main] INFO  impl.MetricsSystemImpl (MetricsSystemImpl.java:startTimer(374)) - Scheduled Metric snapshot period at 10 second(s).
2019-10-14 19:31:06,345 [main] INFO  impl.MetricsSystemImpl (MetricsSystemImpl.java:start(191)) - StorageContainerManager metrics system started
2019-10-14 19:31:06,349 [main] INFO  lib.Interns (Interns.java:removeEldestEntry(50)) - Metrics intern cache overflow at 2011 for MetricsSystem={MetricsSystem=MetricsInfoImpl{name=MetricsSystem, description=MetricsSystem}, MetricsSystem record=MetricsInfoImpl{name=MetricsSystem, description=MetricsSystem record}}
2019-10-14 19:31:06,390 [main] WARN  impl.MetricsSystemImpl (MetricsSystemImpl.java:register(276)) - Sink prometheus already exists!
2019-10-14 19:31:06,426 [main] INFO  server.SCMClientProtocolServer (SCMClientProtocolServer.java:start(159)) - RPC server for Client  is listening at /0.0.0.0:34534
2019-10-14 19:31:06,427 [IPC Server Responder] INFO  ipc.Server (Server.java:run(1314)) - IPC Server Responder: starting
2019-10-14 19:31:06,427 [IPC Server listener on 34534] INFO  ipc.Server (Server.java:run(1153)) - IPC Server listener on 34534: starting
2019-10-14 19:31:06,431 [main] INFO  server.StorageContainerManager (StorageContainerManager.java:start(782)) - ScmBlockLocationProtocol RPC server is listening at /0.0.0.0:37448
2019-10-14 19:31:06,431 [main] INFO  server.SCMBlockProtocolServer (SCMBlockProtocolServer.java:start(146)) - RPC server for Block Protocol is listening at /0.0.0.0:37448
2019-10-14 19:31:06,432 [IPC Server Responder] INFO  ipc.Server (Server.java:run(1314)) - IPC Server Responder: starting
2019-10-14 19:31:06,432 [IPC Server listener on 37448] INFO  ipc.Server (Server.java:run(1153)) - IPC Server listener on 37448: starting
2019-10-14 19:31:06,436 [main] INFO  server.StorageContainerManager (StorageContainerManager.java:start(786)) - ScmDatanodeProtocl RPC server is listening at /0.0.0.0:43374
2019-10-14 19:31:06,436 [main] INFO  server.SCMDatanodeProtocolServer (SCMDatanodeProtocolServer.java:start(169)) - RPC server for DataNodes is listening at /0.0.0.0:43374
2019-10-14 19:31:06,436 [IPC Server Responder] INFO  ipc.Server (Server.java:run(1314)) - IPC Server Responder: starting
2019-10-14 19:31:06,437 [IPC Server listener on 43374] INFO  ipc.Server (Server.java:run(1153)) - IPC Server listener on 43374: starting
2019-10-14 19:31:06,440 [main] INFO  http.HttpServer2 (HttpServer2.java:bindListener(1191)) - Jetty bound to port 45987
2019-10-14 19:31:06,440 [main] INFO  server.Server (Server.java:doStart(351)) - jetty-9.3.25.v20180904, build timestamp: 2018-09-04T21:11:46Z, git hash: 3ce520221d0240229c862b122d2b06c12a625732
2019-10-14 19:31:06,442 [main] INFO  handler.ContextHandler (ContextHandler.java:doStart(781)) - Started o.e.j.s.ServletContextHandler@202ae86f{/logs,file:///workdir/hadoop-ozone/integration-test/target/log,AVAILABLE}
2019-10-14 19:31:06,443 [main] INFO  handler.ContextHandler (ContextHandler.java:doStart(781)) - Started o.e.j.s.ServletContextHandler@35c4697c{/static,file:///workdir/hadoop-ozone/integration-test/target/test-classes/webapps/static,AVAILABLE}
2019-10-14 19:31:06,446 [main] INFO  handler.ContextHandler (ContextHandler.java:doStart(781)) - Started o.e.j.w.WebAppContext@a6e4897{/,file:///workdir/hadoop-ozone/integration-test/target/test-classes/webapps/scm/,AVAILABLE}{/scm}
2019-10-14 19:31:06,447 [main] INFO  server.AbstractConnector (AbstractConnector.java:doStart(278)) - Started ServerConnector@32f5ecc4{HTTP/1.1,[http/1.1]}{0.0.0.0:45987}
2019-10-14 19:31:06,448 [main] INFO  server.Server (Server.java:doStart(419)) - Started @126330ms
2019-10-14 19:31:06,448 [main] WARN  impl.MetricsSystemImpl (MetricsSystemImpl.java:register(276)) - Sink prometheus already exists!
2019-10-14 19:31:06,449 [main] INFO  server.BaseHttpServer (BaseHttpServer.java:updateConnectorAddress(215)) - HTTP server of SCM is listening at http://0.0.0.0:45987
2019-10-14 19:31:06,450 [main] WARN  server.ServerUtils (ServerUtils.java:getDBPath(222)) - ozone.om.db.dirs is not configured. We recommend adding this setting. Falling back to ozone.metadata.dirs instead.
2019-10-14 19:31:06,450 [org.apache.hadoop.util.JvmPauseMonitor$Monitor@1ba467c2] INFO  util.JvmPauseMonitor (JvmPauseMonitor.java:run(188)) - Starting JVM pause monitor
2019-10-14 19:31:06,473 [main] INFO  ha.OMHANodeDetails (OMHANodeDetails.java:loadOMHAConfig(190)) - Configuration either no ozone.om.address set. Falling back to the default OM address /127.0.0.1:0
2019-10-14 19:31:06,473 [main] INFO  ha.OMHANodeDetails (OMHANodeDetails.java:getOMNodeDetails(220)) - OM Service ID is not set. Setting it to the default ID: omServiceIdDefault
2019-10-14 19:31:06,473 [main] WARN  server.ServerUtils (ServerUtils.java:getDBPath(222)) - ozone.om.db.dirs is not configured. We recommend adding this setting. Falling back to ozone.metadata.dirs instead.
2019-10-14 19:31:06,474 [main] WARN  server.ServerUtils (ServerUtils.java:getDBPath(222)) - ozone.om.db.dirs is not configured. We recommend adding this setting. Falling back to ozone.metadata.dirs instead.
2019-10-14 19:31:06,481 [main] WARN  server.ServerUtils (ServerUtils.java:getDBPath(222)) - ozone.om.db.dirs is not configured. We recommend adding this setting. Falling back to ozone.metadata.dirs instead.
2019-10-14 19:31:06,481 [main] INFO  db.DBStoreBuilder (DBStoreBuilder.java:addTable(117)) - using custom profile for table: userTable
2019-10-14 19:31:06,482 [main] INFO  db.DBStoreBuilder (DBStoreBuilder.java:processTables(168)) - Using default column profile:DBProfile.DISK for Table:userTable
2019-10-14 19:31:06,482 [main] INFO  db.DBStoreBuilder (DBStoreBuilder.java:addTable(117)) - using custom profile for table: volumeTable
2019-10-14 19:31:06,482 [main] INFO  db.DBStoreBuilder (DBStoreBuilder.java:processTables(168)) - Using default column profile:DBProfile.DISK for Table:volumeTable
2019-10-14 19:31:06,482 [main] INFO  db.DBStoreBuilder (DBStoreBuilder.java:addTable(117)) - using custom profile for table: bucketTable
2019-10-14 19:31:06,482 [main] INFO  db.DBStoreBuilder (DBStoreBuilder.java:processTables(168)) - Using default column profile:DBProfile.DISK for Table:bucketTable
2019-10-14 19:31:06,483 [main] INFO  db.DBStoreBuilder (DBStoreBuilder.java:addTable(117)) - using custom profile for table: keyTable
2019-10-14 19:31:06,483 [main] INFO  db.DBStoreBuilder (DBStoreBuilder.java:processTables(168)) - Using default column profile:DBProfile.DISK for Table:keyTable
2019-10-14 19:31:06,483 [main] INFO  db.DBStoreBuilder (DBStoreBuilder.java:addTable(117)) - using custom profile for table: deletedTable
2019-10-14 19:31:06,483 [main] INFO  db.DBStoreBuilder (DBStoreBuilder.java:processTables(168)) - Using default column profile:DBProfile.DISK for Table:deletedTable
2019-10-14 19:31:06,484 [main] INFO  db.DBStoreBuilder (DBStoreBuilder.java:addTable(117)) - using custom profile for table: openKeyTable
2019-10-14 19:31:06,484 [main] INFO  db.DBStoreBuilder (DBStoreBuilder.java:processTables(168)) - Using default column profile:DBProfile.DISK for Table:openKeyTable
2019-10-14 19:31:06,484 [main] INFO  db.DBStoreBuilder (DBStoreBuilder.java:addTable(117)) - using custom profile for table: s3Table
2019-10-14 19:31:06,484 [main] INFO  db.DBStoreBuilder (DBStoreBuilder.java:processTables(168)) - Using default column profile:DBProfile.DISK for Table:s3Table
2019-10-14 19:31:06,484 [main] INFO  db.DBStoreBuilder (DBStoreBuilder.java:addTable(117)) - using custom profile for table: multipartInfoTable
2019-10-14 19:31:06,484 [main] INFO  db.DBStoreBuilder (DBStoreBuilder.java:processTables(168)) - Using default column profile:DBProfile.DISK for Table:multipartInfoTable
2019-10-14 19:31:06,485 [main] INFO  db.DBStoreBuilder (DBStoreBuilder.java:addTable(117)) - using custom profile for table: dTokenTable
2019-10-14 19:31:06,485 [main] INFO  db.DBStoreBuilder (DBStoreBuilder.java:processTables(168)) - Using default column profile:DBProfile.DISK for Table:dTokenTable
2019-10-14 19:31:06,485 [main] INFO  db.DBStoreBuilder (DBStoreBuilder.java:addTable(117)) - using custom profile for table: s3SecretTable
2019-10-14 19:31:06,485 [main] INFO  db.DBStoreBuilder (DBStoreBuilder.java:processTables(168)) - Using default column profile:DBProfile.DISK for Table:s3SecretTable
2019-10-14 19:31:06,486 [main] INFO  db.DBStoreBuilder (DBStoreBuilder.java:addTable(117)) - using custom profile for table: prefixTable
2019-10-14 19:31:06,486 [main] INFO  db.DBStoreBuilder (DBStoreBuilder.java:processTables(168)) - Using default column profile:DBProfile.DISK for Table:prefixTable
2019-10-14 19:31:06,486 [main] INFO  db.DBStoreBuilder (DBStoreBuilder.java:addTable(117)) - using custom profile for table: default
2019-10-14 19:31:06,486 [main] INFO  db.DBStoreBuilder (DBStoreBuilder.java:processTables(174)) - Using default column profile:DBProfile.DISK for Table:default
2019-10-14 19:31:06,486 [main] INFO  db.DBStoreBuilder (DBStoreBuilder.java:getDbProfile(205)) - Using default options. DBProfile.DISK
2019-10-14 19:31:07,169 [main] INFO  ipc.CallQueueManager (CallQueueManager.java:<init>(84)) - Using callQueue: class java.util.concurrent.LinkedBlockingQueue, queueCapacity: 2000, scheduler: class org.apache.hadoop.ipc.DefaultRpcScheduler, ipcBackoff: false.
2019-10-14 19:31:07,170 [Socket Reader #1 for port 37844] INFO  ipc.Server (Server.java:run(1074)) - Starting Socket Reader #1 for port 37844
2019-10-14 19:31:07,184 [main] INFO  om.OzoneManager (OzoneManager.java:start(1071)) - OzoneManager RPC server is listening at localhost/127.0.0.1:37844
2019-10-14 19:31:07,184 [main] INFO  impl.MetricsSystemImpl (MetricsSystemImpl.java:init(158)) - OzoneManager metrics system started (again)
2019-10-14 19:31:07,186 [IPC Server Responder] INFO  ipc.Server (Server.java:run(1314)) - IPC Server Responder: starting
2019-10-14 19:31:07,186 [IPC Server listener on 37844] INFO  ipc.Server (Server.java:run(1153)) - IPC Server listener on 37844: starting
2019-10-14 19:31:07,192 [main] INFO  hdfs.DFSUtil (DFSUtil.java:httpServerTemplateForNNAndJN(1641)) - Starting Web-server for ozoneManager at: http://0.0.0.0:0
2019-10-14 19:31:07,193 [main] INFO  server.AuthenticationFilter (AuthenticationFilter.java:constructSecretProvider(240)) - Unable to initialize FileSignerSecretProvider, falling back to use random secrets.
2019-10-14 19:31:07,194 [main] WARN  http.HttpRequestLog (HttpRequestLog.java:getRequestLog(97)) - Jetty request log can only be enabled using Log4j
2019-10-14 19:31:07,196 [main] INFO  http.HttpServer2 (HttpServer2.java:addGlobalFilter(975)) - Added global filter 'safety' (class=org.apache.hadoop.http.HttpServer2$QuotingInputFilter)
2019-10-14 19:31:07,196 [main] INFO  http.HttpServer2 (HttpServer2.java:addFilter(948)) - Added filter static_user_filter (class=org.apache.hadoop.http.lib.StaticUserWebFilter$StaticUserFilter) to context ozoneManager
2019-10-14 19:31:07,196 [main] INFO  http.HttpServer2 (HttpServer2.java:addFilter(958)) - Added filter static_user_filter (class=org.apache.hadoop.http.lib.StaticUserWebFilter$StaticUserFilter) to context static
2019-10-14 19:31:07,197 [main] INFO  http.HttpServer2 (HttpServer2.java:addFilter(958)) - Added filter static_user_filter (class=org.apache.hadoop.http.lib.StaticUserWebFilter$StaticUserFilter) to context logs
2019-10-14 19:31:07,197 [main] INFO  http.HttpServer2 (HttpServer2.java:bindListener(1191)) - Jetty bound to port 40471
2019-10-14 19:31:07,197 [main] INFO  server.Server (Server.java:doStart(351)) - jetty-9.3.25.v20180904, build timestamp: 2018-09-04T21:11:46Z, git hash: 3ce520221d0240229c862b122d2b06c12a625732
2019-10-14 19:31:07,199 [main] INFO  handler.ContextHandler (ContextHandler.java:doStart(781)) - Started o.e.j.s.ServletContextHandler@4c51077d{/logs,file:///workdir/hadoop-ozone/integration-test/target/log,AVAILABLE}
2019-10-14 19:31:07,200 [main] INFO  handler.ContextHandler (ContextHandler.java:doStart(781)) - Started o.e.j.s.ServletContextHandler@2839e3c8{/static,file:///workdir/hadoop-ozone/integration-test/target/test-classes/webapps/static,AVAILABLE}
2019-10-14 19:31:07,204 [main] INFO  handler.ContextHandler (ContextHandler.java:doStart(781)) - Started o.e.j.w.WebAppContext@61db86bf{/,file:///workdir/hadoop-ozone/integration-test/target/test-classes/webapps/ozoneManager/,AVAILABLE}{/ozoneManager}
2019-10-14 19:31:07,204 [main] INFO  server.AbstractConnector (AbstractConnector.java:doStart(278)) - Started ServerConnector@4da1f38a{HTTP/1.1,[http/1.1]}{0.0.0.0:40471}
2019-10-14 19:31:07,205 [main] INFO  server.Server (Server.java:doStart(419)) - Started @127088ms
2019-10-14 19:31:07,206 [main] WARN  impl.MetricsSystemImpl (MetricsSystemImpl.java:register(276)) - Sink prometheus already exists!
2019-10-14 19:31:07,206 [main] INFO  server.BaseHttpServer (BaseHttpServer.java:updateConnectorAddress(215)) - HTTP server of OZONEMANAGER is listening at http://0.0.0.0:40471
2019-10-14 19:31:07,227 [main] INFO  impl.MetricsSystemImpl (MetricsSystemImpl.java:init(158)) - HddsDatanode metrics system started (again)
2019-10-14 19:31:07,230 [main] INFO  ozone.HddsDatanodeService (HddsDatanodeService.java:start(184)) - HddsDatanodeService host:pr-hdds-1868-cfdmt-251076870 ip:192.168.164.219
2019-10-14 19:31:07,237 [main] INFO  volume.HddsVolume (HddsVolume.java:<init>(176)) - Creating Volume: /workdir/hadoop-ozone/integration-test/target/test-dir/MiniOzoneClusterImpl-5426e04b-cf13-4b79-ba23-0228079aae76/datanode-0/data/containers/hdds of  storage type : DISK and capacity : 1482555576320
2019-10-14 19:31:07,237 [main] INFO  volume.VolumeSet (VolumeSet.java:initializeVolumeSet(170)) - Added Volume : /workdir/hadoop-ozone/integration-test/target/test-dir/MiniOzoneClusterImpl-5426e04b-cf13-4b79-ba23-0228079aae76/datanode-0/data/containers/hdds to VolumeSet
2019-10-14 19:31:07,237 [main] INFO  volume.ThrottledAsyncChecker (ThrottledAsyncChecker.java:schedule(141)) - Scheduling a check for org.apache.hadoop.ozone.container.common.volume.HddsVolume@67770b37
2019-10-14 19:31:07,238 [main] INFO  volume.HddsVolumeChecker (HddsVolumeChecker.java:checkAllVolumes(204)) - Scheduled health check for volume org.apache.hadoop.ozone.container.common.volume.HddsVolume@67770b37
2019-10-14 19:31:07,252 [main] INFO  impl.RaftServerProxy (ConfUtils.java:logGet(43)) - raft.rpc.type = GRPC (default)
2019-10-14 19:31:07,252 [main] INFO  grpc.GrpcFactory (GrpcFactory.java:checkPooledByteBufAllocatorUseCacheForAllThreads(45)) - PERFORMANCE WARNING: useCacheForAllThreads is true that may cause Netty to create a lot garbage objects and, as a result, trigger GC.
	It is recommended to disable useCacheForAllThreads by setting -Dorg.apache.ratis.thirdparty.io.netty.allocator.useCacheForAllThreads=false in command line.
2019-10-14 19:31:07,253 [main] INFO  grpc.GrpcConfigKeys$Server (ConfUtils.java:logGet(43)) - raft.grpc.server.port = 0 (default)
2019-10-14 19:31:07,253 [main] INFO  server.GrpcService (ConfUtils.java:logGet(43)) - raft.grpc.message.size.max = 33570816 (custom)
2019-10-14 19:31:07,253 [main] INFO  server.RaftServerConfigKeys (ConfUtils.java:logGet(43)) - raft.server.log.appender.buffer.byte-limit = 33554432 (custom)
2019-10-14 19:31:07,253 [main] INFO  server.GrpcService (ConfUtils.java:logGet(43)) - raft.grpc.flow.control.window = 1MB (=1048576) (default)
2019-10-14 19:31:07,253 [main] INFO  server.RaftServerConfigKeys (ConfUtils.java:logGet(43)) - raft.server.rpc.request.timeout = 3000ms (default)
2019-10-14 19:31:07,254 [main] INFO  server.RaftServerConfigKeys (ConfUtils.java:logGet(43)) - raft.server.storage.dir = [/workdir/hadoop-ozone/integration-test/target/test-dir/MiniOzoneClusterImpl-5426e04b-cf13-4b79-ba23-0228079aae76/datanode-0/data/ratis] (custom)
2019-10-14 19:31:07,255 [main] INFO  hdfs.DFSUtil (DFSUtil.java:httpServerTemplateForNNAndJN(1641)) - Starting Web-server for hddsDatanode at: http://0.0.0.0:0
2019-10-14 19:31:07,260 [main] INFO  server.AuthenticationFilter (AuthenticationFilter.java:constructSecretProvider(240)) - Unable to initialize FileSignerSecretProvider, falling back to use random secrets.
2019-10-14 19:31:07,261 [main] WARN  http.HttpRequestLog (HttpRequestLog.java:getRequestLog(97)) - Jetty request log can only be enabled using Log4j
2019-10-14 19:31:07,262 [main] INFO  http.HttpServer2 (HttpServer2.java:addGlobalFilter(975)) - Added global filter 'safety' (class=org.apache.hadoop.http.HttpServer2$QuotingInputFilter)
2019-10-14 19:31:07,263 [main] INFO  http.HttpServer2 (HttpServer2.java:addFilter(948)) - Added filter static_user_filter (class=org.apache.hadoop.http.lib.StaticUserWebFilter$StaticUserFilter) to context hddsDatanode
2019-10-14 19:31:07,263 [main] INFO  http.HttpServer2 (HttpServer2.java:addFilter(958)) - Added filter static_user_filter (class=org.apache.hadoop.http.lib.StaticUserWebFilter$StaticUserFilter) to context static
2019-10-14 19:31:07,263 [main] INFO  http.HttpServer2 (HttpServer2.java:addFilter(958)) - Added filter static_user_filter (class=org.apache.hadoop.http.lib.StaticUserWebFilter$StaticUserFilter) to context logs
2019-10-14 19:31:07,264 [main] INFO  http.HttpServer2 (HttpServer2.java:bindListener(1191)) - Jetty bound to port 43593
2019-10-14 19:31:07,264 [main] INFO  server.Server (Server.java:doStart(351)) - jetty-9.3.25.v20180904, build timestamp: 2018-09-04T21:11:46Z, git hash: 3ce520221d0240229c862b122d2b06c12a625732
2019-10-14 19:31:07,266 [main] INFO  handler.ContextHandler (ContextHandler.java:doStart(781)) - Started o.e.j.s.ServletContextHandler@1095d23a{/logs,file:///workdir/hadoop-ozone/integration-test/target/log,AVAILABLE}
2019-10-14 19:31:07,266 [main] INFO  handler.ContextHandler (ContextHandler.java:doStart(781)) - Started o.e.j.s.ServletContextHandler@2accaec2{/static,jar:file:/home/user/.m2/repository/org/apache/hadoop/hadoop-hdds-container-service/0.5.0-SNAPSHOT/hadoop-hdds-container-service-0.5.0-SNAPSHOT.jar!/webapps/static,AVAILABLE}
2019-10-14 19:31:07,296 [main] INFO  handler.ContextHandler (ContextHandler.java:doStart(781)) - Started o.e.j.w.WebAppContext@721d8ab5{/,file:///tmp/jetty-0.0.0.0-43593-hddsDatanode-_-any-984320444327003252.dir/webapp/,AVAILABLE}{/hddsDatanode}
2019-10-14 19:31:07,296 [main] INFO  server.AbstractConnector (AbstractConnector.java:doStart(278)) - Started ServerConnector@33bb3f86{HTTP/1.1,[http/1.1]}{0.0.0.0:43593}
2019-10-14 19:31:07,300 [main] INFO  server.Server (Server.java:doStart(419)) - Started @127182ms
2019-10-14 19:31:07,300 [main] WARN  impl.MetricsSystemImpl (MetricsSystemImpl.java:register(276)) - Sink prometheus already exists!
2019-10-14 19:31:07,301 [main] INFO  server.BaseHttpServer (BaseHttpServer.java:updateConnectorAddress(215)) - HTTP server of HDDSDATANODE is listening at http://0.0.0.0:43593
2019-10-14 19:31:07,301 [main] INFO  impl.MetricsSystemImpl (MetricsSystemImpl.java:init(158)) - HddsDatanode metrics system started (again)
2019-10-14 19:31:07,304 [org.apache.hadoop.util.JvmPauseMonitor$Monitor@5d2cc787] INFO  util.JvmPauseMonitor (JvmPauseMonitor.java:run(188)) - Starting JVM pause monitor
2019-10-14 19:31:07,305 [main] INFO  ozone.HddsDatanodeService (HddsDatanodeService.java:start(184)) - HddsDatanodeService host:pr-hdds-1868-cfdmt-251076870 ip:192.168.164.219
2019-10-14 19:31:07,306 [Datanode State Machine Thread - 0] INFO  datanode.InitDatanodeState (InitDatanodeState.java:persistContainerDatanodeDetails(140)) - DatanodeDetails is persisted to /workdir/hadoop-ozone/integration-test/target/test-dir/MiniOzoneClusterImpl-5426e04b-cf13-4b79-ba23-0228079aae76/datanode-0/meta/datanode.id
2019-10-14 19:31:07,312 [main] INFO  volume.HddsVolume (HddsVolume.java:<init>(176)) - Creating Volume: /workdir/hadoop-ozone/integration-test/target/test-dir/MiniOzoneClusterImpl-5426e04b-cf13-4b79-ba23-0228079aae76/datanode-1/data/containers/hdds of  storage type : DISK and capacity : 1482555576320
2019-10-14 19:31:07,312 [main] INFO  volume.VolumeSet (VolumeSet.java:initializeVolumeSet(170)) - Added Volume : /workdir/hadoop-ozone/integration-test/target/test-dir/MiniOzoneClusterImpl-5426e04b-cf13-4b79-ba23-0228079aae76/datanode-1/data/containers/hdds to VolumeSet
2019-10-14 19:31:07,312 [main] INFO  volume.ThrottledAsyncChecker (ThrottledAsyncChecker.java:schedule(141)) - Scheduling a check for org.apache.hadoop.ozone.container.common.volume.HddsVolume@36ef1d65
2019-10-14 19:31:07,312 [main] INFO  volume.HddsVolumeChecker (HddsVolumeChecker.java:checkAllVolumes(204)) - Scheduled health check for volume org.apache.hadoop.ozone.container.common.volume.HddsVolume@36ef1d65
2019-10-14 19:31:07,326 [main] INFO  impl.RaftServerProxy (ConfUtils.java:logGet(43)) - raft.rpc.type = GRPC (default)
2019-10-14 19:31:07,327 [main] INFO  grpc.GrpcFactory (GrpcFactory.java:checkPooledByteBufAllocatorUseCacheForAllThreads(45)) - PERFORMANCE WARNING: useCacheForAllThreads is true that may cause Netty to create a lot garbage objects and, as a result, trigger GC.
	It is recommended to disable useCacheForAllThreads by setting -Dorg.apache.ratis.thirdparty.io.netty.allocator.useCacheForAllThreads=false in command line.
2019-10-14 19:31:07,327 [main] INFO  grpc.GrpcConfigKeys$Server (ConfUtils.java:logGet(43)) - raft.grpc.server.port = 0 (default)
2019-10-14 19:31:07,327 [main] INFO  server.GrpcService (ConfUtils.java:logGet(43)) - raft.grpc.message.size.max = 33570816 (custom)
2019-10-14 19:31:07,327 [main] INFO  server.RaftServerConfigKeys (ConfUtils.java:logGet(43)) - raft.server.log.appender.buffer.byte-limit = 33554432 (custom)
2019-10-14 19:31:07,327 [main] INFO  server.GrpcService (ConfUtils.java:logGet(43)) - raft.grpc.flow.control.window = 1MB (=1048576) (default)
2019-10-14 19:31:07,328 [main] INFO  server.RaftServerConfigKeys (ConfUtils.java:logGet(43)) - raft.server.rpc.request.timeout = 3000ms (default)
2019-10-14 19:31:07,328 [main] INFO  server.RaftServerConfigKeys (ConfUtils.java:logGet(43)) - raft.server.storage.dir = [/workdir/hadoop-ozone/integration-test/target/test-dir/MiniOzoneClusterImpl-5426e04b-cf13-4b79-ba23-0228079aae76/datanode-1/data/ratis] (custom)
2019-10-14 19:31:07,330 [main] INFO  hdfs.DFSUtil (DFSUtil.java:httpServerTemplateForNNAndJN(1641)) - Starting Web-server for hddsDatanode at: http://0.0.0.0:0
2019-10-14 19:31:07,331 [main] INFO  server.AuthenticationFilter (AuthenticationFilter.java:constructSecretProvider(240)) - Unable to initialize FileSignerSecretProvider, falling back to use random secrets.
2019-10-14 19:31:07,332 [main] WARN  http.HttpRequestLog (HttpRequestLog.java:getRequestLog(97)) - Jetty request log can only be enabled using Log4j
2019-10-14 19:31:07,333 [main] INFO  http.HttpServer2 (HttpServer2.java:addGlobalFilter(975)) - Added global filter 'safety' (class=org.apache.hadoop.http.HttpServer2$QuotingInputFilter)
2019-10-14 19:31:07,333 [main] INFO  http.HttpServer2 (HttpServer2.java:addFilter(948)) - Added filter static_user_filter (class=org.apache.hadoop.http.lib.StaticUserWebFilter$StaticUserFilter) to context hddsDatanode
2019-10-14 19:31:07,333 [main] INFO  http.HttpServer2 (HttpServer2.java:addFilter(958)) - Added filter static_user_filter (class=org.apache.hadoop.http.lib.StaticUserWebFilter$StaticUserFilter) to context logs
2019-10-14 19:31:07,333 [main] INFO  http.HttpServer2 (HttpServer2.java:addFilter(958)) - Added filter static_user_filter (class=org.apache.hadoop.http.lib.StaticUserWebFilter$StaticUserFilter) to context static
2019-10-14 19:31:07,334 [main] INFO  http.HttpServer2 (HttpServer2.java:bindListener(1191)) - Jetty bound to port 45835
2019-10-14 19:31:07,334 [main] INFO  server.Server (Server.java:doStart(351)) - jetty-9.3.25.v20180904, build timestamp: 2018-09-04T21:11:46Z, git hash: 3ce520221d0240229c862b122d2b06c12a625732
2019-10-14 19:31:07,336 [main] INFO  handler.ContextHandler (ContextHandler.java:doStart(781)) - Started o.e.j.s.ServletContextHandler@6a32191e{/logs,file:///workdir/hadoop-ozone/integration-test/target/log,AVAILABLE}
2019-10-14 19:31:07,336 [main] INFO  handler.ContextHandler (ContextHandler.java:doStart(781)) - Started o.e.j.s.ServletContextHandler@9accff0{/static,jar:file:/home/user/.m2/repository/org/apache/hadoop/hadoop-hdds-container-service/0.5.0-SNAPSHOT/hadoop-hdds-container-service-0.5.0-SNAPSHOT.jar!/webapps/static,AVAILABLE}
2019-10-14 19:31:07,361 [main] INFO  handler.ContextHandler (ContextHandler.java:doStart(781)) - Started o.e.j.w.WebAppContext@44dc7b7d{/,file:///tmp/jetty-0.0.0.0-45835-hddsDatanode-_-any-5990488068848044483.dir/webapp/,AVAILABLE}{/hddsDatanode}
2019-10-14 19:31:07,362 [main] INFO  server.AbstractConnector (AbstractConnector.java:doStart(278)) - Started ServerConnector@15fb4566{HTTP/1.1,[http/1.1]}{0.0.0.0:45835}
2019-10-14 19:31:07,363 [main] INFO  server.Server (Server.java:doStart(419)) - Started @127245ms
2019-10-14 19:31:07,363 [main] WARN  impl.MetricsSystemImpl (MetricsSystemImpl.java:register(276)) - Sink prometheus already exists!
2019-10-14 19:31:07,364 [main] INFO  server.BaseHttpServer (BaseHttpServer.java:updateConnectorAddress(215)) - HTTP server of HDDSDATANODE is listening at http://0.0.0.0:45835
2019-10-14 19:31:07,364 [main] INFO  impl.MetricsSystemImpl (MetricsSystemImpl.java:init(158)) - HddsDatanode metrics system started (again)
2019-10-14 19:31:07,367 [org.apache.hadoop.util.JvmPauseMonitor$Monitor@38468ed5] INFO  util.JvmPauseMonitor (JvmPauseMonitor.java:run(188)) - Starting JVM pause monitor
2019-10-14 19:31:07,367 [main] INFO  ozone.HddsDatanodeService (HddsDatanodeService.java:start(184)) - HddsDatanodeService host:pr-hdds-1868-cfdmt-251076870 ip:192.168.164.219
2019-10-14 19:31:07,369 [Datanode State Machine Thread - 0] INFO  datanode.InitDatanodeState (InitDatanodeState.java:persistContainerDatanodeDetails(140)) - DatanodeDetails is persisted to /workdir/hadoop-ozone/integration-test/target/test-dir/MiniOzoneClusterImpl-5426e04b-cf13-4b79-ba23-0228079aae76/datanode-1/meta/datanode.id
2019-10-14 19:31:07,372 [main] INFO  volume.HddsVolume (HddsVolume.java:<init>(176)) - Creating Volume: /workdir/hadoop-ozone/integration-test/target/test-dir/MiniOzoneClusterImpl-5426e04b-cf13-4b79-ba23-0228079aae76/datanode-2/data/containers/hdds of  storage type : DISK and capacity : 1482555576320
2019-10-14 19:31:07,373 [main] INFO  volume.VolumeSet (VolumeSet.java:initializeVolumeSet(170)) - Added Volume : /workdir/hadoop-ozone/integration-test/target/test-dir/MiniOzoneClusterImpl-5426e04b-cf13-4b79-ba23-0228079aae76/datanode-2/data/containers/hdds to VolumeSet
2019-10-14 19:31:07,373 [main] INFO  volume.ThrottledAsyncChecker (ThrottledAsyncChecker.java:schedule(141)) - Scheduling a check for org.apache.hadoop.ozone.container.common.volume.HddsVolume@79e7188e
2019-10-14 19:31:07,373 [main] INFO  volume.HddsVolumeChecker (HddsVolumeChecker.java:checkAllVolumes(204)) - Scheduled health check for volume org.apache.hadoop.ozone.container.common.volume.HddsVolume@79e7188e
2019-10-14 19:31:07,383 [main] INFO  impl.RaftServerProxy (ConfUtils.java:logGet(43)) - raft.rpc.type = GRPC (default)
2019-10-14 19:31:07,384 [main] INFO  grpc.GrpcFactory (GrpcFactory.java:checkPooledByteBufAllocatorUseCacheForAllThreads(45)) - PERFORMANCE WARNING: useCacheForAllThreads is true that may cause Netty to create a lot garbage objects and, as a result, trigger GC.
	It is recommended to disable useCacheForAllThreads by setting -Dorg.apache.ratis.thirdparty.io.netty.allocator.useCacheForAllThreads=false in command line.
2019-10-14 19:31:07,384 [main] INFO  grpc.GrpcConfigKeys$Server (ConfUtils.java:logGet(43)) - raft.grpc.server.port = 0 (default)
2019-10-14 19:31:07,384 [main] INFO  server.GrpcService (ConfUtils.java:logGet(43)) - raft.grpc.message.size.max = 33570816 (custom)
2019-10-14 19:31:07,384 [main] INFO  server.RaftServerConfigKeys (ConfUtils.java:logGet(43)) - raft.server.log.appender.buffer.byte-limit = 33554432 (custom)
2019-10-14 19:31:07,384 [main] INFO  server.GrpcService (ConfUtils.java:logGet(43)) - raft.grpc.flow.control.window = 1MB (=1048576) (default)
2019-10-14 19:31:07,384 [main] INFO  server.RaftServerConfigKeys (ConfUtils.java:logGet(43)) - raft.server.rpc.request.timeout = 3000ms (default)
2019-10-14 19:31:07,385 [main] INFO  server.RaftServerConfigKeys (ConfUtils.java:logGet(43)) - raft.server.storage.dir = [/workdir/hadoop-ozone/integration-test/target/test-dir/MiniOzoneClusterImpl-5426e04b-cf13-4b79-ba23-0228079aae76/datanode-2/data/ratis] (custom)
2019-10-14 19:31:07,386 [main] INFO  hdfs.DFSUtil (DFSUtil.java:httpServerTemplateForNNAndJN(1641)) - Starting Web-server for hddsDatanode at: http://0.0.0.0:0
2019-10-14 19:31:07,387 [main] INFO  server.AuthenticationFilter (AuthenticationFilter.java:constructSecretProvider(240)) - Unable to initialize FileSignerSecretProvider, falling back to use random secrets.
2019-10-14 19:31:07,388 [main] WARN  http.HttpRequestLog (HttpRequestLog.java:getRequestLog(97)) - Jetty request log can only be enabled using Log4j
2019-10-14 19:31:07,389 [main] INFO  http.HttpServer2 (HttpServer2.java:addGlobalFilter(975)) - Added global filter 'safety' (class=org.apache.hadoop.http.HttpServer2$QuotingInputFilter)
2019-10-14 19:31:07,389 [main] INFO  http.HttpServer2 (HttpServer2.java:addFilter(948)) - Added filter static_user_filter (class=org.apache.hadoop.http.lib.StaticUserWebFilter$StaticUserFilter) to context hddsDatanode
2019-10-14 19:31:07,390 [main] INFO  http.HttpServer2 (HttpServer2.java:addFilter(958)) - Added filter static_user_filter (class=org.apache.hadoop.http.lib.StaticUserWebFilter$StaticUserFilter) to context static
2019-10-14 19:31:07,390 [main] INFO  http.HttpServer2 (HttpServer2.java:addFilter(958)) - Added filter static_user_filter (class=org.apache.hadoop.http.lib.StaticUserWebFilter$StaticUserFilter) to context logs
2019-10-14 19:31:07,390 [main] INFO  http.HttpServer2 (HttpServer2.java:bindListener(1191)) - Jetty bound to port 42318
2019-10-14 19:31:07,391 [main] INFO  server.Server (Server.java:doStart(351)) - jetty-9.3.25.v20180904, build timestamp: 2018-09-04T21:11:46Z, git hash: 3ce520221d0240229c862b122d2b06c12a625732
2019-10-14 19:31:07,392 [main] INFO  handler.ContextHandler (ContextHandler.java:doStart(781)) - Started o.e.j.s.ServletContextHandler@6f347d7{/logs,file:///workdir/hadoop-ozone/integration-test/target/log,AVAILABLE}
2019-10-14 19:31:07,392 [main] INFO  handler.ContextHandler (ContextHandler.java:doStart(781)) - Started o.e.j.s.ServletContextHandler@5c134052{/static,jar:file:/home/user/.m2/repository/org/apache/hadoop/hadoop-hdds-container-service/0.5.0-SNAPSHOT/hadoop-hdds-container-service-0.5.0-SNAPSHOT.jar!/webapps/static,AVAILABLE}
2019-10-14 19:31:07,425 [main] INFO  handler.ContextHandler (ContextHandler.java:doStart(781)) - Started o.e.j.w.WebAppContext@3bc69ce9{/,file:///tmp/jetty-0.0.0.0-42318-hddsDatanode-_-any-1410071269519199106.dir/webapp/,AVAILABLE}{/hddsDatanode}
2019-10-14 19:31:07,426 [main] INFO  server.AbstractConnector (AbstractConnector.java:doStart(278)) - Started ServerConnector@abad89c{HTTP/1.1,[http/1.1]}{0.0.0.0:42318}
2019-10-14 19:31:07,427 [main] INFO  server.Server (Server.java:doStart(419)) - Started @127309ms
2019-10-14 19:31:07,427 [main] WARN  impl.MetricsSystemImpl (MetricsSystemImpl.java:register(276)) - Sink prometheus already exists!
2019-10-14 19:31:07,428 [main] INFO  server.BaseHttpServer (BaseHttpServer.java:updateConnectorAddress(215)) - HTTP server of HDDSDATANODE is listening at http://0.0.0.0:42318
2019-10-14 19:31:07,428 [main] INFO  impl.MetricsSystemImpl (MetricsSystemImpl.java:init(158)) - HddsDatanode metrics system started (again)
2019-10-14 19:31:07,431 [org.apache.hadoop.util.JvmPauseMonitor$Monitor@39a1cab1] INFO  util.JvmPauseMonitor (JvmPauseMonitor.java:run(188)) - Starting JVM pause monitor
2019-10-14 19:31:07,431 [main] INFO  ozone.HddsDatanodeService (HddsDatanodeService.java:start(184)) - HddsDatanodeService host:pr-hdds-1868-cfdmt-251076870 ip:192.168.164.219
2019-10-14 19:31:07,432 [Datanode State Machine Thread - 0] INFO  datanode.InitDatanodeState (InitDatanodeState.java:persistContainerDatanodeDetails(140)) - DatanodeDetails is persisted to /workdir/hadoop-ozone/integration-test/target/test-dir/MiniOzoneClusterImpl-5426e04b-cf13-4b79-ba23-0228079aae76/datanode-2/meta/datanode.id
2019-10-14 19:31:07,437 [main] INFO  volume.HddsVolume (HddsVolume.java:<init>(176)) - Creating Volume: /workdir/hadoop-ozone/integration-test/target/test-dir/MiniOzoneClusterImpl-5426e04b-cf13-4b79-ba23-0228079aae76/datanode-3/data/containers/hdds of  storage type : DISK and capacity : 1482555576320
2019-10-14 19:31:07,438 [main] INFO  volume.VolumeSet (VolumeSet.java:initializeVolumeSet(170)) - Added Volume : /workdir/hadoop-ozone/integration-test/target/test-dir/MiniOzoneClusterImpl-5426e04b-cf13-4b79-ba23-0228079aae76/datanode-3/data/containers/hdds to VolumeSet
2019-10-14 19:31:07,438 [main] INFO  volume.ThrottledAsyncChecker (ThrottledAsyncChecker.java:schedule(141)) - Scheduling a check for org.apache.hadoop.ozone.container.common.volume.HddsVolume@799f916e
2019-10-14 19:31:07,438 [main] INFO  volume.HddsVolumeChecker (HddsVolumeChecker.java:checkAllVolumes(204)) - Scheduled health check for volume org.apache.hadoop.ozone.container.common.volume.HddsVolume@799f916e
2019-10-14 19:31:07,450 [main] INFO  impl.RaftServerProxy (ConfUtils.java:logGet(43)) - raft.rpc.type = GRPC (default)
2019-10-14 19:31:07,450 [main] INFO  grpc.GrpcFactory (GrpcFactory.java:checkPooledByteBufAllocatorUseCacheForAllThreads(45)) - PERFORMANCE WARNING: useCacheForAllThreads is true that may cause Netty to create a lot garbage objects and, as a result, trigger GC.
	It is recommended to disable useCacheForAllThreads by setting -Dorg.apache.ratis.thirdparty.io.netty.allocator.useCacheForAllThreads=false in command line.
2019-10-14 19:31:07,450 [main] INFO  grpc.GrpcConfigKeys$Server (ConfUtils.java:logGet(43)) - raft.grpc.server.port = 0 (default)
2019-10-14 19:31:07,450 [main] INFO  server.GrpcService (ConfUtils.java:logGet(43)) - raft.grpc.message.size.max = 33570816 (custom)
2019-10-14 19:31:07,450 [main] INFO  server.RaftServerConfigKeys (ConfUtils.java:logGet(43)) - raft.server.log.appender.buffer.byte-limit = 33554432 (custom)
2019-10-14 19:31:07,451 [main] INFO  server.GrpcService (ConfUtils.java:logGet(43)) - raft.grpc.flow.control.window = 1MB (=1048576) (default)
2019-10-14 19:31:07,451 [main] INFO  server.RaftServerConfigKeys (ConfUtils.java:logGet(43)) - raft.server.rpc.request.timeout = 3000ms (default)
2019-10-14 19:31:07,451 [main] INFO  server.RaftServerConfigKeys (ConfUtils.java:logGet(43)) - raft.server.storage.dir = [/workdir/hadoop-ozone/integration-test/target/test-dir/MiniOzoneClusterImpl-5426e04b-cf13-4b79-ba23-0228079aae76/datanode-3/data/ratis] (custom)
2019-10-14 19:31:07,452 [main] INFO  hdfs.DFSUtil (DFSUtil.java:httpServerTemplateForNNAndJN(1641)) - Starting Web-server for hddsDatanode at: http://0.0.0.0:0
2019-10-14 19:31:07,454 [main] INFO  server.AuthenticationFilter (AuthenticationFilter.java:constructSecretProvider(240)) - Unable to initialize FileSignerSecretProvider, falling back to use random secrets.
2019-10-14 19:31:07,454 [main] WARN  http.HttpRequestLog (HttpRequestLog.java:getRequestLog(97)) - Jetty request log can only be enabled using Log4j
2019-10-14 19:31:07,455 [main] INFO  http.HttpServer2 (HttpServer2.java:addGlobalFilter(975)) - Added global filter 'safety' (class=org.apache.hadoop.http.HttpServer2$QuotingInputFilter)
2019-10-14 19:31:07,456 [main] INFO  http.HttpServer2 (HttpServer2.java:addFilter(948)) - Added filter static_user_filter (class=org.apache.hadoop.http.lib.StaticUserWebFilter$StaticUserFilter) to context hddsDatanode
2019-10-14 19:31:07,456 [main] INFO  http.HttpServer2 (HttpServer2.java:addFilter(958)) - Added filter static_user_filter (class=org.apache.hadoop.http.lib.StaticUserWebFilter$StaticUserFilter) to context static
2019-10-14 19:31:07,456 [main] INFO  http.HttpServer2 (HttpServer2.java:addFilter(958)) - Added filter static_user_filter (class=org.apache.hadoop.http.lib.StaticUserWebFilter$StaticUserFilter) to context logs
2019-10-14 19:31:07,457 [main] INFO  http.HttpServer2 (HttpServer2.java:bindListener(1191)) - Jetty bound to port 34049
2019-10-14 19:31:07,457 [main] INFO  server.Server (Server.java:doStart(351)) - jetty-9.3.25.v20180904, build timestamp: 2018-09-04T21:11:46Z, git hash: 3ce520221d0240229c862b122d2b06c12a625732
2019-10-14 19:31:07,458 [main] INFO  handler.ContextHandler (ContextHandler.java:doStart(781)) - Started o.e.j.s.ServletContextHandler@3e33b52e{/logs,file:///workdir/hadoop-ozone/integration-test/target/log,AVAILABLE}
2019-10-14 19:31:07,459 [main] INFO  handler.ContextHandler (ContextHandler.java:doStart(781)) - Started o.e.j.s.ServletContextHandler@3aed69dd{/static,jar:file:/home/user/.m2/repository/org/apache/hadoop/hadoop-hdds-container-service/0.5.0-SNAPSHOT/hadoop-hdds-container-service-0.5.0-SNAPSHOT.jar!/webapps/static,AVAILABLE}
2019-10-14 19:31:07,487 [main] INFO  handler.ContextHandler (ContextHandler.java:doStart(781)) - Started o.e.j.w.WebAppContext@74b86971{/,file:///tmp/jetty-0.0.0.0-34049-hddsDatanode-_-any-2472816844623942168.dir/webapp/,AVAILABLE}{/hddsDatanode}
2019-10-14 19:31:07,488 [main] INFO  server.AbstractConnector (AbstractConnector.java:doStart(278)) - Started ServerConnector@1f9d4b0e{HTTP/1.1,[http/1.1]}{0.0.0.0:34049}
2019-10-14 19:31:07,489 [main] INFO  server.Server (Server.java:doStart(419)) - Started @127372ms
2019-10-14 19:31:07,490 [main] WARN  impl.MetricsSystemImpl (MetricsSystemImpl.java:register(276)) - Sink prometheus already exists!
2019-10-14 19:31:07,490 [main] INFO  server.BaseHttpServer (BaseHttpServer.java:updateConnectorAddress(215)) - HTTP server of HDDSDATANODE is listening at http://0.0.0.0:34049
2019-10-14 19:31:07,491 [main] INFO  impl.MetricsSystemImpl (MetricsSystemImpl.java:init(158)) - HddsDatanode metrics system started (again)
2019-10-14 19:31:07,496 [org.apache.hadoop.util.JvmPauseMonitor$Monitor@31f72dd0] INFO  util.JvmPauseMonitor (JvmPauseMonitor.java:run(188)) - Starting JVM pause monitor
2019-10-14 19:31:07,496 [main] INFO  ozone.HddsDatanodeService (HddsDatanodeService.java:start(184)) - HddsDatanodeService host:pr-hdds-1868-cfdmt-251076870 ip:192.168.164.219
2019-10-14 19:31:07,497 [Datanode State Machine Thread - 0] INFO  datanode.InitDatanodeState (InitDatanodeState.java:persistContainerDatanodeDetails(140)) - DatanodeDetails is persisted to /workdir/hadoop-ozone/integration-test/target/test-dir/MiniOzoneClusterImpl-5426e04b-cf13-4b79-ba23-0228079aae76/datanode-3/meta/datanode.id
2019-10-14 19:31:07,510 [main] INFO  volume.HddsVolume (HddsVolume.java:<init>(176)) - Creating Volume: /workdir/hadoop-ozone/integration-test/target/test-dir/MiniOzoneClusterImpl-5426e04b-cf13-4b79-ba23-0228079aae76/datanode-4/data/containers/hdds of  storage type : DISK and capacity : 1482555576320
2019-10-14 19:31:07,510 [main] INFO  volume.VolumeSet (VolumeSet.java:initializeVolumeSet(170)) - Added Volume : /workdir/hadoop-ozone/integration-test/target/test-dir/MiniOzoneClusterImpl-5426e04b-cf13-4b79-ba23-0228079aae76/datanode-4/data/containers/hdds to VolumeSet
2019-10-14 19:31:07,510 [main] INFO  volume.ThrottledAsyncChecker (ThrottledAsyncChecker.java:schedule(141)) - Scheduling a check for org.apache.hadoop.ozone.container.common.volume.HddsVolume@7f13811b
2019-10-14 19:31:07,511 [main] INFO  volume.HddsVolumeChecker (HddsVolumeChecker.java:checkAllVolumes(204)) - Scheduled health check for volume org.apache.hadoop.ozone.container.common.volume.HddsVolume@7f13811b
2019-10-14 19:31:07,528 [main] INFO  impl.RaftServerProxy (ConfUtils.java:logGet(43)) - raft.rpc.type = GRPC (default)
2019-10-14 19:31:07,528 [main] INFO  grpc.GrpcFactory (GrpcFactory.java:checkPooledByteBufAllocatorUseCacheForAllThreads(45)) - PERFORMANCE WARNING: useCacheForAllThreads is true that may cause Netty to create a lot garbage objects and, as a result, trigger GC.
	It is recommended to disable useCacheForAllThreads by setting -Dorg.apache.ratis.thirdparty.io.netty.allocator.useCacheForAllThreads=false in command line.
2019-10-14 19:31:07,528 [main] INFO  grpc.GrpcConfigKeys$Server (ConfUtils.java:logGet(43)) - raft.grpc.server.port = 0 (default)
2019-10-14 19:31:07,529 [main] INFO  server.GrpcService (ConfUtils.java:logGet(43)) - raft.grpc.message.size.max = 33570816 (custom)
2019-10-14 19:31:07,529 [main] INFO  server.RaftServerConfigKeys (ConfUtils.java:logGet(43)) - raft.server.log.appender.buffer.byte-limit = 33554432 (custom)
2019-10-14 19:31:07,529 [main] INFO  server.GrpcService (ConfUtils.java:logGet(43)) - raft.grpc.flow.control.window = 1MB (=1048576) (default)
2019-10-14 19:31:07,529 [main] INFO  server.RaftServerConfigKeys (ConfUtils.java:logGet(43)) - raft.server.rpc.request.timeout = 3000ms (default)
2019-10-14 19:31:07,530 [main] INFO  server.RaftServerConfigKeys (ConfUtils.java:logGet(43)) - raft.server.storage.dir = [/workdir/hadoop-ozone/integration-test/target/test-dir/MiniOzoneClusterImpl-5426e04b-cf13-4b79-ba23-0228079aae76/datanode-4/data/ratis] (custom)
2019-10-14 19:31:07,532 [main] INFO  hdfs.DFSUtil (DFSUtil.java:httpServerTemplateForNNAndJN(1641)) - Starting Web-server for hddsDatanode at: http://0.0.0.0:0
2019-10-14 19:31:07,533 [main] INFO  server.AuthenticationFilter (AuthenticationFilter.java:constructSecretProvider(240)) - Unable to initialize FileSignerSecretProvider, falling back to use random secrets.
2019-10-14 19:31:07,534 [main] WARN  http.HttpRequestLog (HttpRequestLog.java:getRequestLog(97)) - Jetty request log can only be enabled using Log4j
2019-10-14 19:31:07,535 [main] INFO  http.HttpServer2 (HttpServer2.java:addGlobalFilter(975)) - Added global filter 'safety' (class=org.apache.hadoop.http.HttpServer2$QuotingInputFilter)
2019-10-14 19:31:07,535 [main] INFO  http.HttpServer2 (HttpServer2.java:addFilter(948)) - Added filter static_user_filter (class=org.apache.hadoop.http.lib.StaticUserWebFilter$StaticUserFilter) to context hddsDatanode
2019-10-14 19:31:07,535 [main] INFO  http.HttpServer2 (HttpServer2.java:addFilter(958)) - Added filter static_user_filter (class=org.apache.hadoop.http.lib.StaticUserWebFilter$StaticUserFilter) to context static
2019-10-14 19:31:07,536 [main] INFO  http.HttpServer2 (HttpServer2.java:addFilter(958)) - Added filter static_user_filter (class=org.apache.hadoop.http.lib.StaticUserWebFilter$StaticUserFilter) to context logs
2019-10-14 19:31:07,536 [main] INFO  http.HttpServer2 (HttpServer2.java:bindListener(1191)) - Jetty bound to port 34297
2019-10-14 19:31:07,536 [main] INFO  server.Server (Server.java:doStart(351)) - jetty-9.3.25.v20180904, build timestamp: 2018-09-04T21:11:46Z, git hash: 3ce520221d0240229c862b122d2b06c12a625732
2019-10-14 19:31:07,538 [main] INFO  handler.ContextHandler (ContextHandler.java:doStart(781)) - Started o.e.j.s.ServletContextHandler@4451f60c{/logs,file:///workdir/hadoop-ozone/integration-test/target/log,AVAILABLE}
2019-10-14 19:31:07,539 [main] INFO  handler.ContextHandler (ContextHandler.java:doStart(781)) - Started o.e.j.s.ServletContextHandler@64bebd55{/static,jar:file:/home/user/.m2/repository/org/apache/hadoop/hadoop-hdds-container-service/0.5.0-SNAPSHOT/hadoop-hdds-container-service-0.5.0-SNAPSHOT.jar!/webapps/static,AVAILABLE}
2019-10-14 19:31:07,567 [main] INFO  handler.ContextHandler (ContextHandler.java:doStart(781)) - Started o.e.j.w.WebAppContext@58fd1214{/,file:///tmp/jetty-0.0.0.0-34297-hddsDatanode-_-any-4081584565773698156.dir/webapp/,AVAILABLE}{/hddsDatanode}
2019-10-14 19:31:07,567 [main] INFO  server.AbstractConnector (AbstractConnector.java:doStart(278)) - Started ServerConnector@7d8cf9ac{HTTP/1.1,[http/1.1]}{0.0.0.0:34297}
2019-10-14 19:31:07,569 [main] INFO  server.Server (Server.java:doStart(419)) - Started @127451ms
2019-10-14 19:31:07,569 [main] WARN  impl.MetricsSystemImpl (MetricsSystemImpl.java:register(276)) - Sink prometheus already exists!
2019-10-14 19:31:07,570 [main] INFO  server.BaseHttpServer (BaseHttpServer.java:updateConnectorAddress(215)) - HTTP server of HDDSDATANODE is listening at http://0.0.0.0:34297
2019-10-14 19:31:07,570 [main] INFO  impl.MetricsSystemImpl (MetricsSystemImpl.java:init(158)) - HddsDatanode metrics system started (again)
2019-10-14 19:31:07,575 [org.apache.hadoop.util.JvmPauseMonitor$Monitor@6b226030] INFO  util.JvmPauseMonitor (JvmPauseMonitor.java:run(188)) - Starting JVM pause monitor
2019-10-14 19:31:07,576 [main] INFO  ozone.HddsDatanodeService (HddsDatanodeService.java:start(184)) - HddsDatanodeService host:pr-hdds-1868-cfdmt-251076870 ip:192.168.164.219
2019-10-14 19:31:07,577 [Datanode State Machine Thread - 0] INFO  datanode.InitDatanodeState (InitDatanodeState.java:persistContainerDatanodeDetails(140)) - DatanodeDetails is persisted to /workdir/hadoop-ozone/integration-test/target/test-dir/MiniOzoneClusterImpl-5426e04b-cf13-4b79-ba23-0228079aae76/datanode-4/meta/datanode.id
2019-10-14 19:31:07,583 [main] INFO  volume.HddsVolume (HddsVolume.java:<init>(176)) - Creating Volume: /workdir/hadoop-ozone/integration-test/target/test-dir/MiniOzoneClusterImpl-5426e04b-cf13-4b79-ba23-0228079aae76/datanode-5/data/containers/hdds of  storage type : DISK and capacity : 1482555576320
2019-10-14 19:31:07,583 [main] INFO  volume.VolumeSet (VolumeSet.java:initializeVolumeSet(170)) - Added Volume : /workdir/hadoop-ozone/integration-test/target/test-dir/MiniOzoneClusterImpl-5426e04b-cf13-4b79-ba23-0228079aae76/datanode-5/data/containers/hdds to VolumeSet
2019-10-14 19:31:07,584 [main] INFO  volume.ThrottledAsyncChecker (ThrottledAsyncChecker.java:schedule(141)) - Scheduling a check for org.apache.hadoop.ozone.container.common.volume.HddsVolume@3663d0ba
2019-10-14 19:31:07,584 [main] INFO  volume.HddsVolumeChecker (HddsVolumeChecker.java:checkAllVolumes(204)) - Scheduled health check for volume org.apache.hadoop.ozone.container.common.volume.HddsVolume@3663d0ba
2019-10-14 19:31:07,604 [main] INFO  impl.RaftServerProxy (ConfUtils.java:logGet(43)) - raft.rpc.type = GRPC (default)
2019-10-14 19:31:07,604 [main] INFO  grpc.GrpcFactory (GrpcFactory.java:checkPooledByteBufAllocatorUseCacheForAllThreads(45)) - PERFORMANCE WARNING: useCacheForAllThreads is true that may cause Netty to create a lot garbage objects and, as a result, trigger GC.
	It is recommended to disable useCacheForAllThreads by setting -Dorg.apache.ratis.thirdparty.io.netty.allocator.useCacheForAllThreads=false in command line.
2019-10-14 19:31:07,604 [main] INFO  grpc.GrpcConfigKeys$Server (ConfUtils.java:logGet(43)) - raft.grpc.server.port = 0 (default)
2019-10-14 19:31:07,605 [main] INFO  server.GrpcService (ConfUtils.java:logGet(43)) - raft.grpc.message.size.max = 33570816 (custom)
2019-10-14 19:31:07,605 [main] INFO  server.RaftServerConfigKeys (ConfUtils.java:logGet(43)) - raft.server.log.appender.buffer.byte-limit = 33554432 (custom)
2019-10-14 19:31:07,605 [main] INFO  server.GrpcService (ConfUtils.java:logGet(43)) - raft.grpc.flow.control.window = 1MB (=1048576) (default)
2019-10-14 19:31:07,605 [main] INFO  server.RaftServerConfigKeys (ConfUtils.java:logGet(43)) - raft.server.rpc.request.timeout = 3000ms (default)
2019-10-14 19:31:07,606 [main] INFO  server.RaftServerConfigKeys (ConfUtils.java:logGet(43)) - raft.server.storage.dir = [/workdir/hadoop-ozone/integration-test/target/test-dir/MiniOzoneClusterImpl-5426e04b-cf13-4b79-ba23-0228079aae76/datanode-5/data/ratis] (custom)
2019-10-14 19:31:07,608 [main] INFO  hdfs.DFSUtil (DFSUtil.java:httpServerTemplateForNNAndJN(1641)) - Starting Web-server for hddsDatanode at: http://0.0.0.0:0
2019-10-14 19:31:07,609 [main] INFO  server.AuthenticationFilter (AuthenticationFilter.java:constructSecretProvider(240)) - Unable to initialize FileSignerSecretProvider, falling back to use random secrets.
2019-10-14 19:31:07,609 [main] WARN  http.HttpRequestLog (HttpRequestLog.java:getRequestLog(97)) - Jetty request log can only be enabled using Log4j
2019-10-14 19:31:07,611 [main] INFO  http.HttpServer2 (HttpServer2.java:addGlobalFilter(975)) - Added global filter 'safety' (class=org.apache.hadoop.http.HttpServer2$QuotingInputFilter)
2019-10-14 19:31:07,611 [main] INFO  http.HttpServer2 (HttpServer2.java:addFilter(948)) - Added filter static_user_filter (class=org.apache.hadoop.http.lib.StaticUserWebFilter$StaticUserFilter) to context hddsDatanode
2019-10-14 19:31:07,611 [main] INFO  http.HttpServer2 (HttpServer2.java:addFilter(958)) - Added filter static_user_filter (class=org.apache.hadoop.http.lib.StaticUserWebFilter$StaticUserFilter) to context logs
2019-10-14 19:31:07,611 [main] INFO  http.HttpServer2 (HttpServer2.java:addFilter(958)) - Added filter static_user_filter (class=org.apache.hadoop.http.lib.StaticUserWebFilter$StaticUserFilter) to context static
2019-10-14 19:31:07,612 [main] INFO  http.HttpServer2 (HttpServer2.java:bindListener(1191)) - Jetty bound to port 36381
2019-10-14 19:31:07,612 [main] INFO  server.Server (Server.java:doStart(351)) - jetty-9.3.25.v20180904, build timestamp: 2018-09-04T21:11:46Z, git hash: 3ce520221d0240229c862b122d2b06c12a625732
2019-10-14 19:31:07,614 [main] INFO  handler.ContextHandler (ContextHandler.java:doStart(781)) - Started o.e.j.s.ServletContextHandler@1e54a6b1{/logs,file:///workdir/hadoop-ozone/integration-test/target/log,AVAILABLE}
2019-10-14 19:31:07,614 [main] INFO  handler.ContextHandler (ContextHandler.java:doStart(781)) - Started o.e.j.s.ServletContextHandler@3b24087d{/static,jar:file:/home/user/.m2/repository/org/apache/hadoop/hadoop-hdds-container-service/0.5.0-SNAPSHOT/hadoop-hdds-container-service-0.5.0-SNAPSHOT.jar!/webapps/static,AVAILABLE}
2019-10-14 19:31:07,642 [main] INFO  handler.ContextHandler (ContextHandler.java:doStart(781)) - Started o.e.j.w.WebAppContext@4293e066{/,file:///tmp/jetty-0.0.0.0-36381-hddsDatanode-_-any-1662521797752022735.dir/webapp/,AVAILABLE}{/hddsDatanode}
2019-10-14 19:31:07,643 [main] INFO  server.AbstractConnector (AbstractConnector.java:doStart(278)) - Started ServerConnector@d13960e{HTTP/1.1,[http/1.1]}{0.0.0.0:36381}
2019-10-14 19:31:07,644 [main] INFO  server.Server (Server.java:doStart(419)) - Started @127526ms
2019-10-14 19:31:07,646 [main] WARN  impl.MetricsSystemImpl (MetricsSystemImpl.java:register(276)) - Sink prometheus already exists!
2019-10-14 19:31:07,646 [main] INFO  server.BaseHttpServer (BaseHttpServer.java:updateConnectorAddress(215)) - HTTP server of HDDSDATANODE is listening at http://0.0.0.0:36381
2019-10-14 19:31:07,647 [main] INFO  impl.MetricsSystemImpl (MetricsSystemImpl.java:init(158)) - HddsDatanode metrics system started (again)
2019-10-14 19:31:07,653 [org.apache.hadoop.util.JvmPauseMonitor$Monitor@5c7b23bd] INFO  util.JvmPauseMonitor (JvmPauseMonitor.java:run(188)) - Starting JVM pause monitor
2019-10-14 19:31:07,654 [main] INFO  ozone.HddsDatanodeService (HddsDatanodeService.java:start(184)) - HddsDatanodeService host:pr-hdds-1868-cfdmt-251076870 ip:192.168.164.219
2019-10-14 19:31:07,654 [Datanode State Machine Thread - 0] INFO  datanode.InitDatanodeState (InitDatanodeState.java:persistContainerDatanodeDetails(140)) - DatanodeDetails is persisted to /workdir/hadoop-ozone/integration-test/target/test-dir/MiniOzoneClusterImpl-5426e04b-cf13-4b79-ba23-0228079aae76/datanode-5/meta/datanode.id
2019-10-14 19:31:07,661 [main] INFO  volume.HddsVolume (HddsVolume.java:<init>(176)) - Creating Volume: /workdir/hadoop-ozone/integration-test/target/test-dir/MiniOzoneClusterImpl-5426e04b-cf13-4b79-ba23-0228079aae76/datanode-6/data/containers/hdds of  storage type : DISK and capacity : 1482555576320
2019-10-14 19:31:07,661 [main] INFO  volume.VolumeSet (VolumeSet.java:initializeVolumeSet(170)) - Added Volume : /workdir/hadoop-ozone/integration-test/target/test-dir/MiniOzoneClusterImpl-5426e04b-cf13-4b79-ba23-0228079aae76/datanode-6/data/containers/hdds to VolumeSet
2019-10-14 19:31:07,662 [main] INFO  volume.ThrottledAsyncChecker (ThrottledAsyncChecker.java:schedule(141)) - Scheduling a check for org.apache.hadoop.ozone.container.common.volume.HddsVolume@51da32e5
2019-10-14 19:31:07,662 [main] INFO  volume.HddsVolumeChecker (HddsVolumeChecker.java:checkAllVolumes(204)) - Scheduled health check for volume org.apache.hadoop.ozone.container.common.volume.HddsVolume@51da32e5
2019-10-14 19:31:07,682 [main] INFO  impl.RaftServerProxy (ConfUtils.java:logGet(43)) - raft.rpc.type = GRPC (default)
2019-10-14 19:31:07,682 [main] INFO  grpc.GrpcFactory (GrpcFactory.java:checkPooledByteBufAllocatorUseCacheForAllThreads(45)) - PERFORMANCE WARNING: useCacheForAllThreads is true that may cause Netty to create a lot garbage objects and, as a result, trigger GC.
	It is recommended to disable useCacheForAllThreads by setting -Dorg.apache.ratis.thirdparty.io.netty.allocator.useCacheForAllThreads=false in command line.
2019-10-14 19:31:07,683 [main] INFO  grpc.GrpcConfigKeys$Server (ConfUtils.java:logGet(43)) - raft.grpc.server.port = 0 (default)
2019-10-14 19:31:07,683 [main] INFO  server.GrpcService (ConfUtils.java:logGet(43)) - raft.grpc.message.size.max = 33570816 (custom)
2019-10-14 19:31:07,683 [main] INFO  server.RaftServerConfigKeys (ConfUtils.java:logGet(43)) - raft.server.log.appender.buffer.byte-limit = 33554432 (custom)
2019-10-14 19:31:07,684 [main] INFO  server.GrpcService (ConfUtils.java:logGet(43)) - raft.grpc.flow.control.window = 1MB (=1048576) (default)
2019-10-14 19:31:07,684 [main] INFO  server.RaftServerConfigKeys (ConfUtils.java:logGet(43)) - raft.server.rpc.request.timeout = 3000ms (default)
2019-10-14 19:31:07,685 [main] INFO  server.RaftServerConfigKeys (ConfUtils.java:logGet(43)) - raft.server.storage.dir = [/workdir/hadoop-ozone/integration-test/target/test-dir/MiniOzoneClusterImpl-5426e04b-cf13-4b79-ba23-0228079aae76/datanode-6/data/ratis] (custom)
2019-10-14 19:31:07,686 [main] INFO  hdfs.DFSUtil (DFSUtil.java:httpServerTemplateForNNAndJN(1641)) - Starting Web-server for hddsDatanode at: http://0.0.0.0:0
2019-10-14 19:31:07,688 [main] INFO  server.AuthenticationFilter (AuthenticationFilter.java:constructSecretProvider(240)) - Unable to initialize FileSignerSecretProvider, falling back to use random secrets.
2019-10-14 19:31:07,688 [main] WARN  http.HttpRequestLog (HttpRequestLog.java:getRequestLog(97)) - Jetty request log can only be enabled using Log4j
2019-10-14 19:31:07,690 [main] INFO  http.HttpServer2 (HttpServer2.java:addGlobalFilter(975)) - Added global filter 'safety' (class=org.apache.hadoop.http.HttpServer2$QuotingInputFilter)
2019-10-14 19:31:07,691 [main] INFO  http.HttpServer2 (HttpServer2.java:addFilter(948)) - Added filter static_user_filter (class=org.apache.hadoop.http.lib.StaticUserWebFilter$StaticUserFilter) to context hddsDatanode
2019-10-14 19:31:07,691 [main] INFO  http.HttpServer2 (HttpServer2.java:addFilter(958)) - Added filter static_user_filter (class=org.apache.hadoop.http.lib.StaticUserWebFilter$StaticUserFilter) to context static
2019-10-14 19:31:07,691 [main] INFO  http.HttpServer2 (HttpServer2.java:addFilter(958)) - Added filter static_user_filter (class=org.apache.hadoop.http.lib.StaticUserWebFilter$StaticUserFilter) to context logs
2019-10-14 19:31:07,692 [main] INFO  http.HttpServer2 (HttpServer2.java:bindListener(1191)) - Jetty bound to port 46098
2019-10-14 19:31:07,692 [main] INFO  server.Server (Server.java:doStart(351)) - jetty-9.3.25.v20180904, build timestamp: 2018-09-04T21:11:46Z, git hash: 3ce520221d0240229c862b122d2b06c12a625732
2019-10-14 19:31:07,694 [main] INFO  handler.ContextHandler (ContextHandler.java:doStart(781)) - Started o.e.j.s.ServletContextHandler@47b33e07{/logs,file:///workdir/hadoop-ozone/integration-test/target/log,AVAILABLE}
2019-10-14 19:31:07,695 [main] INFO  handler.ContextHandler (ContextHandler.java:doStart(781)) - Started o.e.j.s.ServletContextHandler@151ab2b9{/static,jar:file:/home/user/.m2/repository/org/apache/hadoop/hadoop-hdds-container-service/0.5.0-SNAPSHOT/hadoop-hdds-container-service-0.5.0-SNAPSHOT.jar!/webapps/static,AVAILABLE}
2019-10-14 19:31:07,733 [main] INFO  handler.ContextHandler (ContextHandler.java:doStart(781)) - Started o.e.j.w.WebAppContext@1c61eda5{/,file:///tmp/jetty-0.0.0.0-46098-hddsDatanode-_-any-6624326207871086173.dir/webapp/,AVAILABLE}{/hddsDatanode}
2019-10-14 19:31:07,733 [main] INFO  server.AbstractConnector (AbstractConnector.java:doStart(278)) - Started ServerConnector@1859ffda{HTTP/1.1,[http/1.1]}{0.0.0.0:46098}
2019-10-14 19:31:07,735 [main] INFO  server.Server (Server.java:doStart(419)) - Started @127617ms
2019-10-14 19:31:07,735 [main] WARN  impl.MetricsSystemImpl (MetricsSystemImpl.java:register(276)) - Sink prometheus already exists!
2019-10-14 19:31:07,736 [main] INFO  server.BaseHttpServer (BaseHttpServer.java:updateConnectorAddress(215)) - HTTP server of HDDSDATANODE is listening at http://0.0.0.0:46098
2019-10-14 19:31:07,736 [main] INFO  ozone.MiniOzoneClusterImpl (MiniOzoneClusterImpl.java:lambda$waitForClusterToBeReady$2(172)) - Waiting for cluster to be ready. Got 0 of 7 DN Heartbeats.
2019-10-14 19:31:07,738 [org.apache.hadoop.util.JvmPauseMonitor$Monitor@1fe79a8a] INFO  util.JvmPauseMonitor (JvmPauseMonitor.java:run(188)) - Starting JVM pause monitor
2019-10-14 19:31:07,740 [Datanode State Machine Thread - 0] INFO  datanode.InitDatanodeState (InitDatanodeState.java:persistContainerDatanodeDetails(140)) - DatanodeDetails is persisted to /workdir/hadoop-ozone/integration-test/target/test-dir/MiniOzoneClusterImpl-5426e04b-cf13-4b79-ba23-0228079aae76/datanode-6/meta/datanode.id
2019-10-14 19:31:08,737 [main] INFO  ozone.MiniOzoneClusterImpl (MiniOzoneClusterImpl.java:lambda$waitForClusterToBeReady$2(172)) - Waiting for cluster to be ready. Got 0 of 7 DN Heartbeats.
2019-10-14 19:31:09,345 [Datanode State Machine Thread - 0] INFO  ozoneimpl.OzoneContainer (OzoneContainer.java:start(213)) - Attempting to start container services.
2019-10-14 19:31:09,345 [Datanode State Machine Thread - 0] INFO  ozoneimpl.OzoneContainer (OzoneContainer.java:startContainerScrub(177)) - Background container scanner has been disabled.
2019-10-14 19:31:09,345 [Datanode State Machine Thread - 0] INFO  ratis.XceiverServerRatis (XceiverServerRatis.java:start(425)) - Starting XceiverServerRatis 754a67b9-88e9-4a43-ab15-6919b56b0be8 at port 0
2019-10-14 19:31:09,353 [Datanode State Machine Thread - 0] INFO  impl.RaftServerProxy (RaftServerProxy.java:lambda$start$3(299)) - 754a67b9-88e9-4a43-ab15-6919b56b0be8: start RPC server
2019-10-14 19:31:09,355 [Datanode State Machine Thread - 0] INFO  server.GrpcService (GrpcService.java:startImpl(158)) - 754a67b9-88e9-4a43-ab15-6919b56b0be8: GrpcService started, listening on 0.0.0.0/0.0.0.0:43793
2019-10-14 19:31:09,355 [Datanode State Machine Thread - 0] INFO  ratis.XceiverServerRatis (XceiverServerRatis.java:start(435)) - XceiverServerRatis 754a67b9-88e9-4a43-ab15-6919b56b0be8 is started using port 43793
2019-10-14 19:31:09,355 [Datanode State Machine Thread - 0] INFO  server.XceiverServerGrpc (XceiverServerGrpc.java:start(149)) - XceiverServerGrpc 754a67b9-88e9-4a43-ab15-6919b56b0be8 is started using port 37955
2019-10-14 19:31:09,395 [Datanode State Machine Thread - 0] INFO  ozoneimpl.OzoneContainer (OzoneContainer.java:start(213)) - Attempting to start container services.
2019-10-14 19:31:09,397 [Datanode State Machine Thread - 0] INFO  ozoneimpl.OzoneContainer (OzoneContainer.java:startContainerScrub(177)) - Background container scanner has been disabled.
2019-10-14 19:31:09,398 [Datanode State Machine Thread - 0] INFO  ratis.XceiverServerRatis (XceiverServerRatis.java:start(425)) - Starting XceiverServerRatis 60a49fad-6bbc-4e1d-b332-64cc210e3f49 at port 0
2019-10-14 19:31:09,405 [Datanode State Machine Thread - 0] INFO  impl.RaftServerProxy (RaftServerProxy.java:lambda$start$3(299)) - 60a49fad-6bbc-4e1d-b332-64cc210e3f49: start RPC server
2019-10-14 19:31:09,407 [Datanode State Machine Thread - 0] INFO  server.GrpcService (GrpcService.java:startImpl(158)) - 60a49fad-6bbc-4e1d-b332-64cc210e3f49: GrpcService started, listening on 0.0.0.0/0.0.0.0:42016
2019-10-14 19:31:09,407 [Datanode State Machine Thread - 0] INFO  ratis.XceiverServerRatis (XceiverServerRatis.java:start(435)) - XceiverServerRatis 60a49fad-6bbc-4e1d-b332-64cc210e3f49 is started using port 42016
2019-10-14 19:31:09,409 [Datanode State Machine Thread - 0] INFO  server.XceiverServerGrpc (XceiverServerGrpc.java:start(149)) - XceiverServerGrpc 60a49fad-6bbc-4e1d-b332-64cc210e3f49 is started using port 46835
2019-10-14 19:31:09,454 [Datanode State Machine Thread - 0] INFO  ozoneimpl.OzoneContainer (OzoneContainer.java:start(213)) - Attempting to start container services.
2019-10-14 19:31:09,454 [Datanode State Machine Thread - 0] INFO  ozoneimpl.OzoneContainer (OzoneContainer.java:startContainerScrub(177)) - Background container scanner has been disabled.
2019-10-14 19:31:09,454 [Datanode State Machine Thread - 0] INFO  ratis.XceiverServerRatis (XceiverServerRatis.java:start(425)) - Starting XceiverServerRatis 44bbad9b-132e-4c90-942f-c1d112d4c4ce at port 0
2019-10-14 19:31:09,461 [Datanode State Machine Thread - 0] INFO  impl.RaftServerProxy (RaftServerProxy.java:lambda$start$3(299)) - 44bbad9b-132e-4c90-942f-c1d112d4c4ce: start RPC server
2019-10-14 19:31:09,463 [Datanode State Machine Thread - 0] INFO  server.GrpcService (GrpcService.java:startImpl(158)) - 44bbad9b-132e-4c90-942f-c1d112d4c4ce: GrpcService started, listening on 0.0.0.0/0.0.0.0:45221
2019-10-14 19:31:09,463 [Datanode State Machine Thread - 0] INFO  ratis.XceiverServerRatis (XceiverServerRatis.java:start(435)) - XceiverServerRatis 44bbad9b-132e-4c90-942f-c1d112d4c4ce is started using port 45221
2019-10-14 19:31:09,464 [Datanode State Machine Thread - 0] INFO  server.XceiverServerGrpc (XceiverServerGrpc.java:start(149)) - XceiverServerGrpc 44bbad9b-132e-4c90-942f-c1d112d4c4ce is started using port 36108
2019-10-14 19:31:09,521 [Datanode State Machine Thread - 0] INFO  ozoneimpl.OzoneContainer (OzoneContainer.java:start(213)) - Attempting to start container services.
2019-10-14 19:31:09,521 [Datanode State Machine Thread - 0] INFO  ozoneimpl.OzoneContainer (OzoneContainer.java:startContainerScrub(177)) - Background container scanner has been disabled.
2019-10-14 19:31:09,521 [Datanode State Machine Thread - 0] INFO  ratis.XceiverServerRatis (XceiverServerRatis.java:start(425)) - Starting XceiverServerRatis 16559e07-b115-4923-830d-9f131e57a377 at port 0
2019-10-14 19:31:09,529 [Datanode State Machine Thread - 0] INFO  impl.RaftServerProxy (RaftServerProxy.java:lambda$start$3(299)) - 16559e07-b115-4923-830d-9f131e57a377: start RPC server
2019-10-14 19:31:09,532 [Datanode State Machine Thread - 0] INFO  server.GrpcService (GrpcService.java:startImpl(158)) - 16559e07-b115-4923-830d-9f131e57a377: GrpcService started, listening on 0.0.0.0/0.0.0.0:43713
2019-10-14 19:31:09,532 [Datanode State Machine Thread - 0] INFO  ratis.XceiverServerRatis (XceiverServerRatis.java:start(435)) - XceiverServerRatis 16559e07-b115-4923-830d-9f131e57a377 is started using port 43713
2019-10-14 19:31:09,533 [Datanode State Machine Thread - 0] INFO  server.XceiverServerGrpc (XceiverServerGrpc.java:start(149)) - XceiverServerGrpc 16559e07-b115-4923-830d-9f131e57a377 is started using port 33559
2019-10-14 19:31:09,604 [Datanode State Machine Thread - 0] INFO  ozoneimpl.OzoneContainer (OzoneContainer.java:start(213)) - Attempting to start container services.
2019-10-14 19:31:09,605 [Datanode State Machine Thread - 0] INFO  ozoneimpl.OzoneContainer (OzoneContainer.java:startContainerScrub(177)) - Background container scanner has been disabled.
2019-10-14 19:31:09,605 [Datanode State Machine Thread - 0] INFO  ratis.XceiverServerRatis (XceiverServerRatis.java:start(425)) - Starting XceiverServerRatis 670e30cf-8b9d-44a8-8fa0-e58ec8ba4c01 at port 0
2019-10-14 19:31:09,613 [Datanode State Machine Thread - 0] INFO  impl.RaftServerProxy (RaftServerProxy.java:lambda$start$3(299)) - 670e30cf-8b9d-44a8-8fa0-e58ec8ba4c01: start RPC server
2019-10-14 19:31:09,614 [Datanode State Machine Thread - 0] INFO  server.GrpcService (GrpcService.java:startImpl(158)) - 670e30cf-8b9d-44a8-8fa0-e58ec8ba4c01: GrpcService started, listening on 0.0.0.0/0.0.0.0:41985
2019-10-14 19:31:09,614 [Datanode State Machine Thread - 0] INFO  ratis.XceiverServerRatis (XceiverServerRatis.java:start(435)) - XceiverServerRatis 670e30cf-8b9d-44a8-8fa0-e58ec8ba4c01 is started using port 41985
2019-10-14 19:31:09,614 [Datanode State Machine Thread - 0] INFO  server.XceiverServerGrpc (XceiverServerGrpc.java:start(149)) - XceiverServerGrpc 670e30cf-8b9d-44a8-8fa0-e58ec8ba4c01 is started using port 43121
2019-10-14 19:31:09,680 [Datanode State Machine Thread - 0] INFO  ozoneimpl.OzoneContainer (OzoneContainer.java:start(213)) - Attempting to start container services.
2019-10-14 19:31:09,680 [Datanode State Machine Thread - 0] INFO  ozoneimpl.OzoneContainer (OzoneContainer.java:startContainerScrub(177)) - Background container scanner has been disabled.
2019-10-14 19:31:09,680 [Datanode State Machine Thread - 0] INFO  ratis.XceiverServerRatis (XceiverServerRatis.java:start(425)) - Starting XceiverServerRatis 71bb4526-8837-48b5-bee6-f843cff49d51 at port 0
2019-10-14 19:31:09,687 [Datanode State Machine Thread - 0] INFO  impl.RaftServerProxy (RaftServerProxy.java:lambda$start$3(299)) - 71bb4526-8837-48b5-bee6-f843cff49d51: start RPC server
2019-10-14 19:31:09,688 [Datanode State Machine Thread - 0] INFO  server.GrpcService (GrpcService.java:startImpl(158)) - 71bb4526-8837-48b5-bee6-f843cff49d51: GrpcService started, listening on 0.0.0.0/0.0.0.0:34559
2019-10-14 19:31:09,688 [Datanode State Machine Thread - 0] INFO  ratis.XceiverServerRatis (XceiverServerRatis.java:start(435)) - XceiverServerRatis 71bb4526-8837-48b5-bee6-f843cff49d51 is started using port 34559
2019-10-14 19:31:09,691 [Datanode State Machine Thread - 0] INFO  server.XceiverServerGrpc (XceiverServerGrpc.java:start(149)) - XceiverServerGrpc 71bb4526-8837-48b5-bee6-f843cff49d51 is started using port 35865
2019-10-14 19:31:09,738 [main] INFO  ozone.MiniOzoneClusterImpl (MiniOzoneClusterImpl.java:lambda$waitForClusterToBeReady$2(172)) - Waiting for cluster to be ready. Got 0 of 7 DN Heartbeats.
2019-10-14 19:31:09,763 [Datanode State Machine Thread - 0] INFO  ozoneimpl.OzoneContainer (OzoneContainer.java:start(213)) - Attempting to start container services.
2019-10-14 19:31:09,764 [Datanode State Machine Thread - 0] INFO  ozoneimpl.OzoneContainer (OzoneContainer.java:startContainerScrub(177)) - Background container scanner has been disabled.
2019-10-14 19:31:09,764 [Datanode State Machine Thread - 0] INFO  ratis.XceiverServerRatis (XceiverServerRatis.java:start(425)) - Starting XceiverServerRatis 09a9200a-ead6-4084-a723-89436f5cacce at port 0
2019-10-14 19:31:09,773 [Datanode State Machine Thread - 0] INFO  impl.RaftServerProxy (RaftServerProxy.java:lambda$start$3(299)) - 09a9200a-ead6-4084-a723-89436f5cacce: start RPC server
2019-10-14 19:31:09,776 [Datanode State Machine Thread - 0] INFO  server.GrpcService (GrpcService.java:startImpl(158)) - 09a9200a-ead6-4084-a723-89436f5cacce: GrpcService started, listening on 0.0.0.0/0.0.0.0:39131
2019-10-14 19:31:09,776 [Datanode State Machine Thread - 0] INFO  ratis.XceiverServerRatis (XceiverServerRatis.java:start(435)) - XceiverServerRatis 09a9200a-ead6-4084-a723-89436f5cacce is started using port 39131
2019-10-14 19:31:09,791 [Datanode State Machine Thread - 0] INFO  server.XceiverServerGrpc (XceiverServerGrpc.java:start(149)) - XceiverServerGrpc 09a9200a-ead6-4084-a723-89436f5cacce is started using port 37154
2019-10-14 19:31:10,738 [main] INFO  ozone.MiniOzoneClusterImpl (MiniOzoneClusterImpl.java:lambda$waitForClusterToBeReady$2(172)) - Waiting for cluster to be ready. Got 0 of 7 DN Heartbeats.
2019-10-14 19:31:11,312 [IPC Server handler 4 on 43374] INFO  net.NetworkTopology (NetworkTopologyImpl.java:add(111)) - Added a new node: /default-rack/754a67b9-88e9-4a43-ab15-6919b56b0be8
2019-10-14 19:31:11,315 [IPC Server handler 4 on 43374] INFO  node.SCMNodeManager (SCMNodeManager.java:register(268)) - Registered Data node : 754a67b9-88e9-4a43-ab15-6919b56b0be8{ip: 192.168.164.219, host: pr-hdds-1868-cfdmt-251076870, networkLocation: /default-rack, certSerialId: null}
2019-10-14 19:31:11,316 [EventQueue-NodeRegistrationContainerReportForDataNodeSafeModeRule] INFO  safemode.SCMSafeModeManager (DataNodeSafeModeRule.java:process(71)) - SCM in safe mode. 1 DataNodes registered, 1 required.
2019-10-14 19:31:11,318 [EventQueue-NodeRegistrationContainerReportForDataNodeSafeModeRule] INFO  safemode.SCMSafeModeManager (SCMSafeModeManager.java:validateSafeModeExitRules(177)) - ScmSafeModeManager, all rules are successfully validated
2019-10-14 19:31:11,318 [EventQueue-NodeRegistrationContainerReportForDataNodeSafeModeRule] INFO  safemode.SCMSafeModeManager (SCMSafeModeManager.java:exitSafeMode(193)) - SCM exiting safe mode.
2019-10-14 19:31:11,328 [grpc-default-executor-0] INFO  impl.RaftServerProxy (RaftServerProxy.java:addNew(89)) - 754a67b9-88e9-4a43-ab15-6919b56b0be8: addNew group-8DABF288422A:[754a67b9-88e9-4a43-ab15-6919b56b0be8:192.168.164.219:43793] returns group-8DABF288422A:java.util.concurrent.CompletableFuture@37a1a9ae[Not completed]
2019-10-14 19:31:11,330 [pool-207-thread-1] INFO  impl.RaftServerImpl (RaftServerImpl.java:<init>(95)) - 754a67b9-88e9-4a43-ab15-6919b56b0be8: new RaftServerImpl for group-8DABF288422A:[754a67b9-88e9-4a43-ab15-6919b56b0be8:192.168.164.219:43793] with ContainerStateMachine:uninitialized
2019-10-14 19:31:11,330 [pool-207-thread-1] INFO  server.RaftServerConfigKeys (ConfUtils.java:logGet(43)) - raft.server.rpc.timeout.min = 5s (custom)
2019-10-14 19:31:11,330 [pool-207-thread-1] INFO  server.RaftServerConfigKeys (ConfUtils.java:logGet(43)) - raft.server.rpc.timeout.max = 5200ms (custom)
2019-10-14 19:31:11,330 [pool-207-thread-1] INFO  server.RaftServerConfigKeys (ConfUtils.java:logGet(43)) - raft.server.rpcslowness.timeout = 120s (custom)
2019-10-14 19:31:11,330 [pool-207-thread-1] INFO  server.RaftServerConfigKeys (ConfUtils.java:logGet(43)) - raft.server.sleep.deviation.threshold = 300 (default)
2019-10-14 19:31:11,331 [pool-207-thread-1] INFO  server.RaftServerConfigKeys (ConfUtils.java:logGet(43)) - raft.server.log.appender.install.snapshot.enabled = false (custom)
2019-10-14 19:31:11,331 [pool-207-thread-1] INFO  impl.RaftServerImpl (ServerState.java:<init>(103)) - 754a67b9-88e9-4a43-ab15-6919b56b0be8@group-8DABF288422A: ConfigurationManager, init=-1: [754a67b9-88e9-4a43-ab15-6919b56b0be8:192.168.164.219:43793], old=null, confs=<EMPTY_MAP>
2019-10-14 19:31:11,331 [pool-207-thread-1] INFO  server.RaftServerConfigKeys (ConfUtils.java:logGet(43)) - raft.server.storage.dir = [/workdir/hadoop-ozone/integration-test/target/test-dir/MiniOzoneClusterImpl-5426e04b-cf13-4b79-ba23-0228079aae76/datanode-0/data/ratis] (custom)
2019-10-14 19:31:11,332 [pool-207-thread-1] INFO  server.RaftServerConfigKeys (ConfUtils.java:logGet(43)) - raft.server.log.corruption.policy = EXCEPTION (default)
2019-10-14 19:31:11,332 [pool-207-thread-1] INFO  storage.RaftStorageDirectory (RaftStorageDirectory.java:analyzeStorage(246)) - The storage directory /workdir/hadoop-ozone/integration-test/target/test-dir/MiniOzoneClusterImpl-5426e04b-cf13-4b79-ba23-0228079aae76/datanode-0/data/ratis/b36b4060-fbd4-44c5-90fc-8dabf288422a does not exist. Creating ...
2019-10-14 19:31:11,368 [IPC Server handler 6 on 43374] INFO  net.NetworkTopology (NetworkTopologyImpl.java:add(111)) - Added a new node: /default-rack/60a49fad-6bbc-4e1d-b332-64cc210e3f49
2019-10-14 19:31:11,368 [IPC Server handler 6 on 43374] INFO  node.SCMNodeManager (SCMNodeManager.java:register(268)) - Registered Data node : 60a49fad-6bbc-4e1d-b332-64cc210e3f49{ip: 192.168.164.219, host: pr-hdds-1868-cfdmt-251076870, networkLocation: /default-rack, certSerialId: null}
2019-10-14 19:31:11,372 [pool-207-thread-1] INFO  storage.RaftStorageDirectory (RaftStorageDirectory.java:tryLock(328)) - Lock on /workdir/hadoop-ozone/integration-test/target/test-dir/MiniOzoneClusterImpl-5426e04b-cf13-4b79-ba23-0228079aae76/datanode-0/data/ratis/b36b4060-fbd4-44c5-90fc-8dabf288422a/in_use.lock acquired by nodename 20360@pr-hdds-1868-cfdmt-251076870
2019-10-14 19:31:11,397 [pool-207-thread-1] INFO  storage.RaftStorage (RaftStorage.java:format(84)) - Storage directory /workdir/hadoop-ozone/integration-test/target/test-dir/MiniOzoneClusterImpl-5426e04b-cf13-4b79-ba23-0228079aae76/datanode-0/data/ratis/b36b4060-fbd4-44c5-90fc-8dabf288422a has been successfully formatted.
2019-10-14 19:31:11,398 [pool-207-thread-1] INFO  ratis.ContainerStateMachine (ContainerStateMachine.java:loadSnapshot(233)) - group-8DABF288422A: The snapshot info is null. Setting the last applied indexto:(t:0, i:~)
2019-10-14 19:31:11,398 [pool-207-thread-1] INFO  server.RaftServerConfigKeys (ConfUtils.java:logGet(43)) - raft.server.notification.no-leader.timeout = 120s (custom)
2019-10-14 19:31:11,398 [pool-207-thread-1] INFO  server.RaftServerConfigKeys (ConfUtils.java:logGet(43)) - raft.server.log.use.memory = false (default)
2019-10-14 19:31:11,398 [pool-207-thread-1] INFO  server.RaftServerConfigKeys (ConfUtils.java:logGet(43)) - raft.server.log.purge.gap = 1000000 (custom)
2019-10-14 19:31:11,399 [pool-207-thread-1] INFO  server.RaftServerConfigKeys (ConfUtils.java:logGet(43)) - raft.server.log.appender.buffer.byte-limit = 33554432 (custom)
2019-10-14 19:31:11,399 [pool-207-thread-1] INFO  server.RaftServerConfigKeys (ConfUtils.java:logGet(43)) - raft.server.log.segment.size.max = 1048576 (custom)
2019-10-14 19:31:11,402 [pool-207-thread-1] INFO  server.RaftServerConfigKeys (ConfUtils.java:logGet(43)) - raft.server.log.segment.cache.num.max = 2 (custom)
2019-10-14 19:31:11,402 [pool-207-thread-1] INFO  segmented.SegmentedRaftLogWorker (SegmentedRaftLogWorker.java:<init>(173)) - new 754a67b9-88e9-4a43-ab15-6919b56b0be8@group-8DABF288422A-SegmentedRaftLogWorker for RaftStorage:Storage Directory /workdir/hadoop-ozone/integration-test/target/test-dir/MiniOzoneClusterImpl-5426e04b-cf13-4b79-ba23-0228079aae76/datanode-0/data/ratis/b36b4060-fbd4-44c5-90fc-8dabf288422a
2019-10-14 19:31:11,402 [pool-207-thread-1] INFO  server.RaftServerConfigKeys (ConfUtils.java:logGet(43)) - raft.server.log.queue.byte-limit = 2147483647 (custom)
2019-10-14 19:31:11,402 [pool-207-thread-1] INFO  server.RaftServerConfigKeys (ConfUtils.java:logGet(43)) - raft.server.log.queue.element-limit = 1024 (custom)
2019-10-14 19:31:11,402 [pool-207-thread-1] INFO  server.RaftServerConfigKeys (ConfUtils.java:logGet(43)) - raft.server.log.segment.size.max = 1048576 (custom)
2019-10-14 19:31:11,403 [pool-207-thread-1] INFO  server.RaftServerConfigKeys (ConfUtils.java:logGet(43)) - raft.server.log.preallocated.size = 16384 (custom)
2019-10-14 19:31:11,403 [pool-207-thread-1] INFO  server.RaftServerConfigKeys (ConfUtils.java:logGet(43)) - raft.server.log.write.buffer.size = 33554432 (custom)
2019-10-14 19:31:11,403 [pool-207-thread-1] INFO  server.RaftServerConfigKeys (ConfUtils.java:logGet(43)) - raft.server.log.force.sync.num = 128 (default)
2019-10-14 19:31:11,403 [pool-207-thread-1] INFO  server.RaftServerConfigKeys (ConfUtils.java:logGet(43)) - raft.server.log.statemachine.data.sync = true (default)
2019-10-14 19:31:11,403 [pool-207-thread-1] INFO  server.RaftServerConfigKeys (ConfUtils.java:logGet(43)) - raft.server.log.statemachine.data.sync.timeout = 10s (default)
2019-10-14 19:31:11,404 [pool-207-thread-1] INFO  server.RaftServerConfigKeys (ConfUtils.java:logGet(43)) - raft.server.log.statemachine.data.sync.timeout.retry = -1 (default)
2019-10-14 19:31:11,404 [pool-207-thread-1] INFO  server.RaftServerConfigKeys (ConfUtils.java:logGet(43)) - raft.server.log.statemachine.data.caching.enabled = true (custom)
2019-10-14 19:31:11,405 [pool-207-thread-1] INFO  segmented.SegmentedRaftLogWorker (SegmentedRaftLogWorker.java:lambda$new$0(128)) - 754a67b9-88e9-4a43-ab15-6919b56b0be8@group-8DABF288422A-SegmentedRaftLogWorker: flushIndex: setUnconditionally 0 -> -1
2019-10-14 19:31:11,405 [pool-207-thread-1] INFO  server.RaftServerConfigKeys (ConfUtils.java:logGet(43)) - raft.server.snapshot.auto.trigger.enabled = true (custom)
2019-10-14 19:31:11,405 [pool-207-thread-1] INFO  server.RaftServerConfigKeys (ConfUtils.java:logGet(43)) - raft.server.snapshot.auto.trigger.threshold = 10000 (custom)
2019-10-14 19:31:11,406 [pool-207-thread-1] INFO  server.RaftServerConfigKeys (ConfUtils.java:logGet(43)) - raft.server.snapshot.retention.file.num = 5 (custom)
2019-10-14 19:31:11,406 [pool-207-thread-1] INFO  server.RaftServerConfigKeys (ConfUtils.java:logGet(43)) - raft.server.retrycache.expirytime = 600000ms (custom)
2019-10-14 19:31:11,408 [pool-207-thread-1] INFO  impl.RaftServerImpl (RaftServerImpl.java:start(181)) - 754a67b9-88e9-4a43-ab15-6919b56b0be8@group-8DABF288422A: start as a follower, conf=-1: [754a67b9-88e9-4a43-ab15-6919b56b0be8:192.168.164.219:43793], old=null
2019-10-14 19:31:11,408 [pool-207-thread-1] INFO  impl.RaftServerImpl (RaftServerImpl.java:setRole(170)) - 754a67b9-88e9-4a43-ab15-6919b56b0be8@group-8DABF288422A: changes role from      null to FOLLOWER at term 0 for startAsFollower
2019-10-14 19:31:11,409 [pool-207-thread-1] INFO  impl.RoleInfo (RoleInfo.java:updateAndGet(143)) - 754a67b9-88e9-4a43-ab15-6919b56b0be8: start FollowerState
2019-10-14 19:31:11,409 [pool-207-thread-1] INFO  util.JmxRegister (JmxRegister.java:tryRegister(44)) - Successfully registered JMX Bean with object name Ratis:service=RaftServer,group=group-8DABF288422A,id=754a67b9-88e9-4a43-ab15-6919b56b0be8
2019-10-14 19:31:11,416 [RatisPipelineUtilsThread] INFO  pipeline.PipelineStateManager (PipelineStateManager.java:addPipeline(57)) - Created pipeline Pipeline[ Id: b36b4060-fbd4-44c5-90fc-8dabf288422a, Nodes: 754a67b9-88e9-4a43-ab15-6919b56b0be8{ip: 192.168.164.219, host: pr-hdds-1868-cfdmt-251076870, networkLocation: /default-rack, certSerialId: null}, Type:RATIS, Factor:ONE, State:ALLOCATED]
2019-10-14 19:31:11,424 [grpc-default-executor-0] INFO  impl.RaftServerProxy (RaftServerProxy.java:addNew(89)) - 60a49fad-6bbc-4e1d-b332-64cc210e3f49: addNew group-5A25D3BDA598:[60a49fad-6bbc-4e1d-b332-64cc210e3f49:192.168.164.219:42016] returns group-5A25D3BDA598:java.util.concurrent.CompletableFuture@14fcf8a4[Not completed]
2019-10-14 19:31:11,426 [pool-217-thread-1] INFO  impl.RaftServerImpl (RaftServerImpl.java:<init>(95)) - 60a49fad-6bbc-4e1d-b332-64cc210e3f49: new RaftServerImpl for group-5A25D3BDA598:[60a49fad-6bbc-4e1d-b332-64cc210e3f49:192.168.164.219:42016] with ContainerStateMachine:uninitialized
2019-10-14 19:31:11,426 [pool-217-thread-1] INFO  server.RaftServerConfigKeys (ConfUtils.java:logGet(43)) - raft.server.rpc.timeout.min = 5s (custom)
2019-10-14 19:31:11,427 [pool-217-thread-1] INFO  server.RaftServerConfigKeys (ConfUtils.java:logGet(43)) - raft.server.rpc.timeout.max = 5200ms (custom)
2019-10-14 19:31:11,427 [pool-217-thread-1] INFO  server.RaftServerConfigKeys (ConfUtils.java:logGet(43)) - raft.server.rpcslowness.timeout = 120s (custom)
2019-10-14 19:31:11,427 [pool-217-thread-1] INFO  server.RaftServerConfigKeys (ConfUtils.java:logGet(43)) - raft.server.sleep.deviation.threshold = 300 (default)
2019-10-14 19:31:11,427 [pool-217-thread-1] INFO  server.RaftServerConfigKeys (ConfUtils.java:logGet(43)) - raft.server.log.appender.install.snapshot.enabled = false (custom)
2019-10-14 19:31:11,427 [pool-217-thread-1] INFO  impl.RaftServerImpl (ServerState.java:<init>(103)) - 60a49fad-6bbc-4e1d-b332-64cc210e3f49@group-5A25D3BDA598: ConfigurationManager, init=-1: [60a49fad-6bbc-4e1d-b332-64cc210e3f49:192.168.164.219:42016], old=null, confs=<EMPTY_MAP>
2019-10-14 19:31:11,427 [pool-217-thread-1] INFO  server.RaftServerConfigKeys (ConfUtils.java:logGet(43)) - raft.server.storage.dir = [/workdir/hadoop-ozone/integration-test/target/test-dir/MiniOzoneClusterImpl-5426e04b-cf13-4b79-ba23-0228079aae76/datanode-1/data/ratis] (custom)
2019-10-14 19:31:11,428 [pool-217-thread-1] INFO  server.RaftServerConfigKeys (ConfUtils.java:logGet(43)) - raft.server.log.corruption.policy = EXCEPTION (default)
2019-10-14 19:31:11,428 [pool-217-thread-1] INFO  storage.RaftStorageDirectory (RaftStorageDirectory.java:analyzeStorage(246)) - The storage directory /workdir/hadoop-ozone/integration-test/target/test-dir/MiniOzoneClusterImpl-5426e04b-cf13-4b79-ba23-0228079aae76/datanode-1/data/ratis/c4b2ac6f-8d18-445e-b4a9-5a25d3bda598 does not exist. Creating ...
2019-10-14 19:31:11,432 [IPC Server handler 10 on 43374] INFO  net.NetworkTopology (NetworkTopologyImpl.java:add(111)) - Added a new node: /default-rack/44bbad9b-132e-4c90-942f-c1d112d4c4ce
2019-10-14 19:31:11,432 [IPC Server handler 10 on 43374] INFO  node.SCMNodeManager (SCMNodeManager.java:register(268)) - Registered Data node : 44bbad9b-132e-4c90-942f-c1d112d4c4ce{ip: 192.168.164.219, host: pr-hdds-1868-cfdmt-251076870, networkLocation: /default-rack, certSerialId: null}
2019-10-14 19:31:11,456 [pool-217-thread-1] INFO  storage.RaftStorageDirectory (RaftStorageDirectory.java:tryLock(328)) - Lock on /workdir/hadoop-ozone/integration-test/target/test-dir/MiniOzoneClusterImpl-5426e04b-cf13-4b79-ba23-0228079aae76/datanode-1/data/ratis/c4b2ac6f-8d18-445e-b4a9-5a25d3bda598/in_use.lock acquired by nodename 20360@pr-hdds-1868-cfdmt-251076870
2019-10-14 19:31:11,481 [pool-217-thread-1] INFO  storage.RaftStorage (RaftStorage.java:format(84)) - Storage directory /workdir/hadoop-ozone/integration-test/target/test-dir/MiniOzoneClusterImpl-5426e04b-cf13-4b79-ba23-0228079aae76/datanode-1/data/ratis/c4b2ac6f-8d18-445e-b4a9-5a25d3bda598 has been successfully formatted.
2019-10-14 19:31:11,482 [pool-217-thread-1] INFO  ratis.ContainerStateMachine (ContainerStateMachine.java:loadSnapshot(233)) - group-5A25D3BDA598: The snapshot info is null. Setting the last applied indexto:(t:0, i:~)
2019-10-14 19:31:11,482 [pool-217-thread-1] INFO  server.RaftServerConfigKeys (ConfUtils.java:logGet(43)) - raft.server.notification.no-leader.timeout = 120s (custom)
2019-10-14 19:31:11,482 [pool-217-thread-1] INFO  server.RaftServerConfigKeys (ConfUtils.java:logGet(43)) - raft.server.log.use.memory = false (default)
2019-10-14 19:31:11,482 [pool-217-thread-1] INFO  server.RaftServerConfigKeys (ConfUtils.java:logGet(43)) - raft.server.log.purge.gap = 1000000 (custom)
2019-10-14 19:31:11,483 [pool-217-thread-1] INFO  server.RaftServerConfigKeys (ConfUtils.java:logGet(43)) - raft.server.log.appender.buffer.byte-limit = 33554432 (custom)
2019-10-14 19:31:11,483 [pool-217-thread-1] INFO  server.RaftServerConfigKeys (ConfUtils.java:logGet(43)) - raft.server.log.segment.size.max = 1048576 (custom)
2019-10-14 19:31:11,485 [pool-217-thread-1] INFO  server.RaftServerConfigKeys (ConfUtils.java:logGet(43)) - raft.server.log.segment.cache.num.max = 2 (custom)
2019-10-14 19:31:11,486 [pool-217-thread-1] INFO  segmented.SegmentedRaftLogWorker (SegmentedRaftLogWorker.java:<init>(173)) - new 60a49fad-6bbc-4e1d-b332-64cc210e3f49@group-5A25D3BDA598-SegmentedRaftLogWorker for RaftStorage:Storage Directory /workdir/hadoop-ozone/integration-test/target/test-dir/MiniOzoneClusterImpl-5426e04b-cf13-4b79-ba23-0228079aae76/datanode-1/data/ratis/c4b2ac6f-8d18-445e-b4a9-5a25d3bda598
2019-10-14 19:31:11,486 [pool-217-thread-1] INFO  server.RaftServerConfigKeys (ConfUtils.java:logGet(43)) - raft.server.log.queue.byte-limit = 2147483647 (custom)
2019-10-14 19:31:11,486 [pool-217-thread-1] INFO  server.RaftServerConfigKeys (ConfUtils.java:logGet(43)) - raft.server.log.queue.element-limit = 1024 (custom)
2019-10-14 19:31:11,486 [pool-217-thread-1] INFO  server.RaftServerConfigKeys (ConfUtils.java:logGet(43)) - raft.server.log.segment.size.max = 1048576 (custom)
2019-10-14 19:31:11,486 [pool-217-thread-1] INFO  server.RaftServerConfigKeys (ConfUtils.java:logGet(43)) - raft.server.log.preallocated.size = 16384 (custom)
2019-10-14 19:31:11,486 [pool-217-thread-1] INFO  server.RaftServerConfigKeys (ConfUtils.java:logGet(43)) - raft.server.log.write.buffer.size = 33554432 (custom)
2019-10-14 19:31:11,487 [pool-217-thread-1] INFO  server.RaftServerConfigKeys (ConfUtils.java:logGet(43)) - raft.server.log.force.sync.num = 128 (default)
2019-10-14 19:31:11,487 [pool-217-thread-1] INFO  server.RaftServerConfigKeys (ConfUtils.java:logGet(43)) - raft.server.log.statemachine.data.sync = true (default)
2019-10-14 19:31:11,487 [pool-217-thread-1] INFO  server.RaftServerConfigKeys (ConfUtils.java:logGet(43)) - raft.server.log.statemachine.data.sync.timeout = 10s (default)
2019-10-14 19:31:11,487 [pool-217-thread-1] INFO  server.RaftServerConfigKeys (ConfUtils.java:logGet(43)) - raft.server.log.statemachine.data.sync.timeout.retry = -1 (default)
2019-10-14 19:31:11,488 [pool-217-thread-1] INFO  server.RaftServerConfigKeys (ConfUtils.java:logGet(43)) - raft.server.log.statemachine.data.caching.enabled = true (custom)
2019-10-14 19:31:11,488 [pool-217-thread-1] INFO  segmented.SegmentedRaftLogWorker (SegmentedRaftLogWorker.java:lambda$new$0(128)) - 60a49fad-6bbc-4e1d-b332-64cc210e3f49@group-5A25D3BDA598-SegmentedRaftLogWorker: flushIndex: setUnconditionally 0 -> -1
2019-10-14 19:31:11,488 [pool-217-thread-1] INFO  server.RaftServerConfigKeys (ConfUtils.java:logGet(43)) - raft.server.snapshot.auto.trigger.enabled = true (custom)
2019-10-14 19:31:11,489 [pool-217-thread-1] INFO  server.RaftServerConfigKeys (ConfUtils.java:logGet(43)) - raft.server.snapshot.auto.trigger.threshold = 10000 (custom)
2019-10-14 19:31:11,489 [pool-217-thread-1] INFO  server.RaftServerConfigKeys (ConfUtils.java:logGet(43)) - raft.server.snapshot.retention.file.num = 5 (custom)
2019-10-14 19:31:11,489 [pool-217-thread-1] INFO  server.RaftServerConfigKeys (ConfUtils.java:logGet(43)) - raft.server.retrycache.expirytime = 600000ms (custom)
2019-10-14 19:31:11,492 [pool-217-thread-1] INFO  impl.RaftServerImpl (RaftServerImpl.java:start(181)) - 60a49fad-6bbc-4e1d-b332-64cc210e3f49@group-5A25D3BDA598: start as a follower, conf=-1: [60a49fad-6bbc-4e1d-b332-64cc210e3f49:192.168.164.219:42016], old=null
2019-10-14 19:31:11,492 [pool-217-thread-1] INFO  impl.RaftServerImpl (RaftServerImpl.java:setRole(170)) - 60a49fad-6bbc-4e1d-b332-64cc210e3f49@group-5A25D3BDA598: changes role from      null to FOLLOWER at term 0 for startAsFollower
2019-10-14 19:31:11,492 [pool-217-thread-1] INFO  impl.RoleInfo (RoleInfo.java:updateAndGet(143)) - 60a49fad-6bbc-4e1d-b332-64cc210e3f49: start FollowerState
2019-10-14 19:31:11,493 [pool-217-thread-1] INFO  util.JmxRegister (JmxRegister.java:tryRegister(44)) - Successfully registered JMX Bean with object name Ratis:service=RaftServer,group=group-5A25D3BDA598,id=60a49fad-6bbc-4e1d-b332-64cc210e3f49
2019-10-14 19:31:11,498 [IPC Server handler 0 on 43374] INFO  net.NetworkTopology (NetworkTopologyImpl.java:add(111)) - Added a new node: /default-rack/16559e07-b115-4923-830d-9f131e57a377
2019-10-14 19:31:11,498 [IPC Server handler 0 on 43374] INFO  node.SCMNodeManager (SCMNodeManager.java:register(268)) - Registered Data node : 16559e07-b115-4923-830d-9f131e57a377{ip: 192.168.164.219, host: pr-hdds-1868-cfdmt-251076870, networkLocation: /default-rack, certSerialId: null}
2019-10-14 19:31:11,498 [RatisPipelineUtilsThread] INFO  pipeline.PipelineStateManager (PipelineStateManager.java:addPipeline(57)) - Created pipeline Pipeline[ Id: c4b2ac6f-8d18-445e-b4a9-5a25d3bda598, Nodes: 60a49fad-6bbc-4e1d-b332-64cc210e3f49{ip: 192.168.164.219, host: pr-hdds-1868-cfdmt-251076870, networkLocation: /default-rack, certSerialId: null}, Type:RATIS, Factor:ONE, State:ALLOCATED]
2019-10-14 19:31:11,506 [grpc-default-executor-1] INFO  impl.RaftServerProxy (RaftServerProxy.java:addNew(89)) - 44bbad9b-132e-4c90-942f-c1d112d4c4ce: addNew group-F10FDA1A612D:[44bbad9b-132e-4c90-942f-c1d112d4c4ce:192.168.164.219:45221] returns group-F10FDA1A612D:java.util.concurrent.CompletableFuture@75cb2d2b[Not completed]
2019-10-14 19:31:11,507 [pool-227-thread-1] INFO  impl.RaftServerImpl (RaftServerImpl.java:<init>(95)) - 44bbad9b-132e-4c90-942f-c1d112d4c4ce: new RaftServerImpl for group-F10FDA1A612D:[44bbad9b-132e-4c90-942f-c1d112d4c4ce:192.168.164.219:45221] with ContainerStateMachine:uninitialized
2019-10-14 19:31:11,507 [pool-227-thread-1] INFO  server.RaftServerConfigKeys (ConfUtils.java:logGet(43)) - raft.server.rpc.timeout.min = 5s (custom)
2019-10-14 19:31:11,507 [pool-227-thread-1] INFO  server.RaftServerConfigKeys (ConfUtils.java:logGet(43)) - raft.server.rpc.timeout.max = 5200ms (custom)
2019-10-14 19:31:11,508 [pool-227-thread-1] INFO  server.RaftServerConfigKeys (ConfUtils.java:logGet(43)) - raft.server.rpcslowness.timeout = 120s (custom)
2019-10-14 19:31:11,508 [pool-227-thread-1] INFO  server.RaftServerConfigKeys (ConfUtils.java:logGet(43)) - raft.server.sleep.deviation.threshold = 300 (default)
2019-10-14 19:31:11,508 [pool-227-thread-1] INFO  server.RaftServerConfigKeys (ConfUtils.java:logGet(43)) - raft.server.log.appender.install.snapshot.enabled = false (custom)
2019-10-14 19:31:11,508 [pool-227-thread-1] INFO  impl.RaftServerImpl (ServerState.java:<init>(103)) - 44bbad9b-132e-4c90-942f-c1d112d4c4ce@group-F10FDA1A612D: ConfigurationManager, init=-1: [44bbad9b-132e-4c90-942f-c1d112d4c4ce:192.168.164.219:45221], old=null, confs=<EMPTY_MAP>
2019-10-14 19:31:11,508 [pool-227-thread-1] INFO  server.RaftServerConfigKeys (ConfUtils.java:logGet(43)) - raft.server.storage.dir = [/workdir/hadoop-ozone/integration-test/target/test-dir/MiniOzoneClusterImpl-5426e04b-cf13-4b79-ba23-0228079aae76/datanode-2/data/ratis] (custom)
2019-10-14 19:31:11,509 [pool-227-thread-1] INFO  server.RaftServerConfigKeys (ConfUtils.java:logGet(43)) - raft.server.log.corruption.policy = EXCEPTION (default)
2019-10-14 19:31:11,509 [pool-227-thread-1] INFO  storage.RaftStorageDirectory (RaftStorageDirectory.java:analyzeStorage(246)) - The storage directory /workdir/hadoop-ozone/integration-test/target/test-dir/MiniOzoneClusterImpl-5426e04b-cf13-4b79-ba23-0228079aae76/datanode-2/data/ratis/d2a8d05c-cc62-4ae1-be3b-f10fda1a612d does not exist. Creating ...
2019-10-14 19:31:11,532 [pool-227-thread-1] INFO  storage.RaftStorageDirectory (RaftStorageDirectory.java:tryLock(328)) - Lock on /workdir/hadoop-ozone/integration-test/target/test-dir/MiniOzoneClusterImpl-5426e04b-cf13-4b79-ba23-0228079aae76/datanode-2/data/ratis/d2a8d05c-cc62-4ae1-be3b-f10fda1a612d/in_use.lock acquired by nodename 20360@pr-hdds-1868-cfdmt-251076870
2019-10-14 19:31:11,557 [pool-227-thread-1] INFO  storage.RaftStorage (RaftStorage.java:format(84)) - Storage directory /workdir/hadoop-ozone/integration-test/target/test-dir/MiniOzoneClusterImpl-5426e04b-cf13-4b79-ba23-0228079aae76/datanode-2/data/ratis/d2a8d05c-cc62-4ae1-be3b-f10fda1a612d has been successfully formatted.
2019-10-14 19:31:11,557 [pool-227-thread-1] INFO  ratis.ContainerStateMachine (ContainerStateMachine.java:loadSnapshot(233)) - group-F10FDA1A612D: The snapshot info is null. Setting the last applied indexto:(t:0, i:~)
2019-10-14 19:31:11,558 [pool-227-thread-1] INFO  server.RaftServerConfigKeys (ConfUtils.java:logGet(43)) - raft.server.notification.no-leader.timeout = 120s (custom)
2019-10-14 19:31:11,558 [pool-227-thread-1] INFO  server.RaftServerConfigKeys (ConfUtils.java:logGet(43)) - raft.server.log.use.memory = false (default)
2019-10-14 19:31:11,558 [pool-227-thread-1] INFO  server.RaftServerConfigKeys (ConfUtils.java:logGet(43)) - raft.server.log.purge.gap = 1000000 (custom)
2019-10-14 19:31:11,558 [pool-227-thread-1] INFO  server.RaftServerConfigKeys (ConfUtils.java:logGet(43)) - raft.server.log.appender.buffer.byte-limit = 33554432 (custom)
2019-10-14 19:31:11,558 [pool-227-thread-1] INFO  server.RaftServerConfigKeys (ConfUtils.java:logGet(43)) - raft.server.log.segment.size.max = 1048576 (custom)
2019-10-14 19:31:11,560 [pool-227-thread-1] INFO  server.RaftServerConfigKeys (ConfUtils.java:logGet(43)) - raft.server.log.segment.cache.num.max = 2 (custom)
2019-10-14 19:31:11,561 [pool-227-thread-1] INFO  segmented.SegmentedRaftLogWorker (SegmentedRaftLogWorker.java:<init>(173)) - new 44bbad9b-132e-4c90-942f-c1d112d4c4ce@group-F10FDA1A612D-SegmentedRaftLogWorker for RaftStorage:Storage Directory /workdir/hadoop-ozone/integration-test/target/test-dir/MiniOzoneClusterImpl-5426e04b-cf13-4b79-ba23-0228079aae76/datanode-2/data/ratis/d2a8d05c-cc62-4ae1-be3b-f10fda1a612d
2019-10-14 19:31:11,561 [pool-227-thread-1] INFO  server.RaftServerConfigKeys (ConfUtils.java:logGet(43)) - raft.server.log.queue.byte-limit = 2147483647 (custom)
2019-10-14 19:31:11,561 [pool-227-thread-1] INFO  server.RaftServerConfigKeys (ConfUtils.java:logGet(43)) - raft.server.log.queue.element-limit = 1024 (custom)
2019-10-14 19:31:11,561 [pool-227-thread-1] INFO  server.RaftServerConfigKeys (ConfUtils.java:logGet(43)) - raft.server.log.segment.size.max = 1048576 (custom)
2019-10-14 19:31:11,562 [pool-227-thread-1] INFO  server.RaftServerConfigKeys (ConfUtils.java:logGet(43)) - raft.server.log.preallocated.size = 16384 (custom)
2019-10-14 19:31:11,562 [pool-227-thread-1] INFO  server.RaftServerConfigKeys (ConfUtils.java:logGet(43)) - raft.server.log.write.buffer.size = 33554432 (custom)
2019-10-14 19:31:11,562 [pool-227-thread-1] INFO  server.RaftServerConfigKeys (ConfUtils.java:logGet(43)) - raft.server.log.force.sync.num = 128 (default)
2019-10-14 19:31:11,562 [pool-227-thread-1] INFO  server.RaftServerConfigKeys (ConfUtils.java:logGet(43)) - raft.server.log.statemachine.data.sync = true (default)
2019-10-14 19:31:11,562 [pool-227-thread-1] INFO  server.RaftServerConfigKeys (ConfUtils.java:logGet(43)) - raft.server.log.statemachine.data.sync.timeout = 10s (default)
2019-10-14 19:31:11,562 [pool-227-thread-1] INFO  server.RaftServerConfigKeys (ConfUtils.java:logGet(43)) - raft.server.log.statemachine.data.sync.timeout.retry = -1 (default)
2019-10-14 19:31:11,563 [pool-227-thread-1] INFO  server.RaftServerConfigKeys (ConfUtils.java:logGet(43)) - raft.server.log.statemachine.data.caching.enabled = true (custom)
2019-10-14 19:31:11,563 [pool-227-thread-1] INFO  segmented.SegmentedRaftLogWorker (SegmentedRaftLogWorker.java:lambda$new$0(128)) - 44bbad9b-132e-4c90-942f-c1d112d4c4ce@group-F10FDA1A612D-SegmentedRaftLogWorker: flushIndex: setUnconditionally 0 -> -1
2019-10-14 19:31:11,564 [pool-227-thread-1] INFO  server.RaftServerConfigKeys (ConfUtils.java:logGet(43)) - raft.server.snapshot.auto.trigger.enabled = true (custom)
2019-10-14 19:31:11,564 [pool-227-thread-1] INFO  server.RaftServerConfigKeys (ConfUtils.java:logGet(43)) - raft.server.snapshot.auto.trigger.threshold = 10000 (custom)
2019-10-14 19:31:11,564 [pool-227-thread-1] INFO  server.RaftServerConfigKeys (ConfUtils.java:logGet(43)) - raft.server.snapshot.retention.file.num = 5 (custom)
2019-10-14 19:31:11,564 [pool-227-thread-1] INFO  server.RaftServerConfigKeys (ConfUtils.java:logGet(43)) - raft.server.retrycache.expirytime = 600000ms (custom)
2019-10-14 19:31:11,567 [pool-227-thread-1] INFO  impl.RaftServerImpl (RaftServerImpl.java:start(181)) - 44bbad9b-132e-4c90-942f-c1d112d4c4ce@group-F10FDA1A612D: start as a follower, conf=-1: [44bbad9b-132e-4c90-942f-c1d112d4c4ce:192.168.164.219:45221], old=null
2019-10-14 19:31:11,567 [pool-227-thread-1] INFO  impl.RaftServerImpl (RaftServerImpl.java:setRole(170)) - 44bbad9b-132e-4c90-942f-c1d112d4c4ce@group-F10FDA1A612D: changes role from      null to FOLLOWER at term 0 for startAsFollower
2019-10-14 19:31:11,567 [pool-227-thread-1] INFO  impl.RoleInfo (RoleInfo.java:updateAndGet(143)) - 44bbad9b-132e-4c90-942f-c1d112d4c4ce: start FollowerState
2019-10-14 19:31:11,567 [pool-227-thread-1] INFO  util.JmxRegister (JmxRegister.java:tryRegister(44)) - Successfully registered JMX Bean with object name Ratis:service=RaftServer,group=group-F10FDA1A612D,id=44bbad9b-132e-4c90-942f-c1d112d4c4ce
2019-10-14 19:31:11,572 [RatisPipelineUtilsThread] INFO  pipeline.PipelineStateManager (PipelineStateManager.java:addPipeline(57)) - Created pipeline Pipeline[ Id: d2a8d05c-cc62-4ae1-be3b-f10fda1a612d, Nodes: 44bbad9b-132e-4c90-942f-c1d112d4c4ce{ip: 192.168.164.219, host: pr-hdds-1868-cfdmt-251076870, networkLocation: /default-rack, certSerialId: null}, Type:RATIS, Factor:ONE, State:ALLOCATED]
2019-10-14 19:31:11,576 [IPC Server handler 3 on 43374] INFO  net.NetworkTopology (NetworkTopologyImpl.java:add(111)) - Added a new node: /default-rack/670e30cf-8b9d-44a8-8fa0-e58ec8ba4c01
2019-10-14 19:31:11,577 [IPC Server handler 3 on 43374] INFO  node.SCMNodeManager (SCMNodeManager.java:register(268)) - Registered Data node : 670e30cf-8b9d-44a8-8fa0-e58ec8ba4c01{ip: 192.168.164.219, host: pr-hdds-1868-cfdmt-251076870, networkLocation: /default-rack, certSerialId: null}
2019-10-14 19:31:11,579 [grpc-default-executor-1] INFO  impl.RaftServerProxy (RaftServerProxy.java:addNew(89)) - 16559e07-b115-4923-830d-9f131e57a377: addNew group-711BB94480DF:[16559e07-b115-4923-830d-9f131e57a377:192.168.164.219:43713] returns group-711BB94480DF:java.util.concurrent.CompletableFuture@741cf53e[Not completed]
2019-10-14 19:31:11,581 [pool-237-thread-1] INFO  impl.RaftServerImpl (RaftServerImpl.java:<init>(95)) - 16559e07-b115-4923-830d-9f131e57a377: new RaftServerImpl for group-711BB94480DF:[16559e07-b115-4923-830d-9f131e57a377:192.168.164.219:43713] with ContainerStateMachine:uninitialized
2019-10-14 19:31:11,581 [pool-237-thread-1] INFO  server.RaftServerConfigKeys (ConfUtils.java:logGet(43)) - raft.server.rpc.timeout.min = 5s (custom)
2019-10-14 19:31:11,581 [pool-237-thread-1] INFO  server.RaftServerConfigKeys (ConfUtils.java:logGet(43)) - raft.server.rpc.timeout.max = 5200ms (custom)
2019-10-14 19:31:11,581 [pool-237-thread-1] INFO  server.RaftServerConfigKeys (ConfUtils.java:logGet(43)) - raft.server.rpcslowness.timeout = 120s (custom)
2019-10-14 19:31:11,581 [pool-237-thread-1] INFO  server.RaftServerConfigKeys (ConfUtils.java:logGet(43)) - raft.server.sleep.deviation.threshold = 300 (default)
2019-10-14 19:31:11,581 [pool-237-thread-1] INFO  server.RaftServerConfigKeys (ConfUtils.java:logGet(43)) - raft.server.log.appender.install.snapshot.enabled = false (custom)
2019-10-14 19:31:11,582 [pool-237-thread-1] INFO  impl.RaftServerImpl (ServerState.java:<init>(103)) - 16559e07-b115-4923-830d-9f131e57a377@group-711BB94480DF: ConfigurationManager, init=-1: [16559e07-b115-4923-830d-9f131e57a377:192.168.164.219:43713], old=null, confs=<EMPTY_MAP>
2019-10-14 19:31:11,582 [pool-237-thread-1] INFO  server.RaftServerConfigKeys (ConfUtils.java:logGet(43)) - raft.server.storage.dir = [/workdir/hadoop-ozone/integration-test/target/test-dir/MiniOzoneClusterImpl-5426e04b-cf13-4b79-ba23-0228079aae76/datanode-3/data/ratis] (custom)
2019-10-14 19:31:11,582 [pool-237-thread-1] INFO  server.RaftServerConfigKeys (ConfUtils.java:logGet(43)) - raft.server.log.corruption.policy = EXCEPTION (default)
2019-10-14 19:31:11,582 [pool-237-thread-1] INFO  storage.RaftStorageDirectory (RaftStorageDirectory.java:analyzeStorage(246)) - The storage directory /workdir/hadoop-ozone/integration-test/target/test-dir/MiniOzoneClusterImpl-5426e04b-cf13-4b79-ba23-0228079aae76/datanode-3/data/ratis/b28d5ae5-a3c1-451d-b62a-711bb94480df does not exist. Creating ...
2019-10-14 19:31:11,607 [pool-237-thread-1] INFO  storage.RaftStorageDirectory (RaftStorageDirectory.java:tryLock(328)) - Lock on /workdir/hadoop-ozone/integration-test/target/test-dir/MiniOzoneClusterImpl-5426e04b-cf13-4b79-ba23-0228079aae76/datanode-3/data/ratis/b28d5ae5-a3c1-451d-b62a-711bb94480df/in_use.lock acquired by nodename 20360@pr-hdds-1868-cfdmt-251076870
2019-10-14 19:31:11,624 [pool-237-thread-1] INFO  storage.RaftStorage (RaftStorage.java:format(84)) - Storage directory /workdir/hadoop-ozone/integration-test/target/test-dir/MiniOzoneClusterImpl-5426e04b-cf13-4b79-ba23-0228079aae76/datanode-3/data/ratis/b28d5ae5-a3c1-451d-b62a-711bb94480df has been successfully formatted.
2019-10-14 19:31:11,625 [pool-237-thread-1] INFO  ratis.ContainerStateMachine (ContainerStateMachine.java:loadSnapshot(233)) - group-711BB94480DF: The snapshot info is null. Setting the last applied indexto:(t:0, i:~)
2019-10-14 19:31:11,625 [pool-237-thread-1] INFO  server.RaftServerConfigKeys (ConfUtils.java:logGet(43)) - raft.server.notification.no-leader.timeout = 120s (custom)
2019-10-14 19:31:11,625 [pool-237-thread-1] INFO  server.RaftServerConfigKeys (ConfUtils.java:logGet(43)) - raft.server.log.use.memory = false (default)
2019-10-14 19:31:11,625 [pool-237-thread-1] INFO  server.RaftServerConfigKeys (ConfUtils.java:logGet(43)) - raft.server.log.purge.gap = 1000000 (custom)
2019-10-14 19:31:11,625 [pool-237-thread-1] INFO  server.RaftServerConfigKeys (ConfUtils.java:logGet(43)) - raft.server.log.appender.buffer.byte-limit = 33554432 (custom)
2019-10-14 19:31:11,626 [pool-237-thread-1] INFO  server.RaftServerConfigKeys (ConfUtils.java:logGet(43)) - raft.server.log.segment.size.max = 1048576 (custom)
2019-10-14 19:31:11,627 [pool-237-thread-1] INFO  server.RaftServerConfigKeys (ConfUtils.java:logGet(43)) - raft.server.log.segment.cache.num.max = 2 (custom)
2019-10-14 19:31:11,627 [pool-237-thread-1] INFO  segmented.SegmentedRaftLogWorker (SegmentedRaftLogWorker.java:<init>(173)) - new 16559e07-b115-4923-830d-9f131e57a377@group-711BB94480DF-SegmentedRaftLogWorker for RaftStorage:Storage Directory /workdir/hadoop-ozone/integration-test/target/test-dir/MiniOzoneClusterImpl-5426e04b-cf13-4b79-ba23-0228079aae76/datanode-3/data/ratis/b28d5ae5-a3c1-451d-b62a-711bb94480df
2019-10-14 19:31:11,627 [pool-237-thread-1] INFO  server.RaftServerConfigKeys (ConfUtils.java:logGet(43)) - raft.server.log.queue.byte-limit = 2147483647 (custom)
2019-10-14 19:31:11,628 [pool-237-thread-1] INFO  server.RaftServerConfigKeys (ConfUtils.java:logGet(43)) - raft.server.log.queue.element-limit = 1024 (custom)
2019-10-14 19:31:11,628 [pool-237-thread-1] INFO  server.RaftServerConfigKeys (ConfUtils.java:logGet(43)) - raft.server.log.segment.size.max = 1048576 (custom)
2019-10-14 19:31:11,628 [pool-237-thread-1] INFO  server.RaftServerConfigKeys (ConfUtils.java:logGet(43)) - raft.server.log.preallocated.size = 16384 (custom)
2019-10-14 19:31:11,628 [pool-237-thread-1] INFO  server.RaftServerConfigKeys (ConfUtils.java:logGet(43)) - raft.server.log.write.buffer.size = 33554432 (custom)
2019-10-14 19:31:11,628 [pool-237-thread-1] INFO  server.RaftServerConfigKeys (ConfUtils.java:logGet(43)) - raft.server.log.force.sync.num = 128 (default)
2019-10-14 19:31:11,628 [pool-237-thread-1] INFO  server.RaftServerConfigKeys (ConfUtils.java:logGet(43)) - raft.server.log.statemachine.data.sync = true (default)
2019-10-14 19:31:11,628 [pool-237-thread-1] INFO  server.RaftServerConfigKeys (ConfUtils.java:logGet(43)) - raft.server.log.statemachine.data.sync.timeout = 10s (default)
2019-10-14 19:31:11,629 [pool-237-thread-1] INFO  server.RaftServerConfigKeys (ConfUtils.java:logGet(43)) - raft.server.log.statemachine.data.sync.timeout.retry = -1 (default)
2019-10-14 19:31:11,629 [pool-237-thread-1] INFO  server.RaftServerConfigKeys (ConfUtils.java:logGet(43)) - raft.server.log.statemachine.data.caching.enabled = true (custom)
2019-10-14 19:31:11,629 [pool-237-thread-1] INFO  segmented.SegmentedRaftLogWorker (SegmentedRaftLogWorker.java:lambda$new$0(128)) - 16559e07-b115-4923-830d-9f131e57a377@group-711BB94480DF-SegmentedRaftLogWorker: flushIndex: setUnconditionally 0 -> -1
2019-10-14 19:31:11,629 [pool-237-thread-1] INFO  server.RaftServerConfigKeys (ConfUtils.java:logGet(43)) - raft.server.snapshot.auto.trigger.enabled = true (custom)
2019-10-14 19:31:11,630 [pool-237-thread-1] INFO  server.RaftServerConfigKeys (ConfUtils.java:logGet(43)) - raft.server.snapshot.auto.trigger.threshold = 10000 (custom)
2019-10-14 19:31:11,630 [pool-237-thread-1] INFO  server.RaftServerConfigKeys (ConfUtils.java:logGet(43)) - raft.server.snapshot.retention.file.num = 5 (custom)
2019-10-14 19:31:11,630 [pool-237-thread-1] INFO  server.RaftServerConfigKeys (ConfUtils.java:logGet(43)) - raft.server.retrycache.expirytime = 600000ms (custom)
2019-10-14 19:31:11,631 [pool-237-thread-1] INFO  impl.RaftServerImpl (RaftServerImpl.java:start(181)) - 16559e07-b115-4923-830d-9f131e57a377@group-711BB94480DF: start as a follower, conf=-1: [16559e07-b115-4923-830d-9f131e57a377:192.168.164.219:43713], old=null
2019-10-14 19:31:11,631 [pool-237-thread-1] INFO  impl.RaftServerImpl (RaftServerImpl.java:setRole(170)) - 16559e07-b115-4923-830d-9f131e57a377@group-711BB94480DF: changes role from      null to FOLLOWER at term 0 for startAsFollower
2019-10-14 19:31:11,631 [pool-237-thread-1] INFO  impl.RoleInfo (RoleInfo.java:updateAndGet(143)) - 16559e07-b115-4923-830d-9f131e57a377: start FollowerState
2019-10-14 19:31:11,632 [pool-237-thread-1] INFO  util.JmxRegister (JmxRegister.java:tryRegister(44)) - Successfully registered JMX Bean with object name Ratis:service=RaftServer,group=group-711BB94480DF,id=16559e07-b115-4923-830d-9f131e57a377
2019-10-14 19:31:11,636 [RatisPipelineUtilsThread] INFO  pipeline.PipelineStateManager (PipelineStateManager.java:addPipeline(57)) - Created pipeline Pipeline[ Id: b28d5ae5-a3c1-451d-b62a-711bb94480df, Nodes: 16559e07-b115-4923-830d-9f131e57a377{ip: 192.168.164.219, host: pr-hdds-1868-cfdmt-251076870, networkLocation: /default-rack, certSerialId: null}, Type:RATIS, Factor:ONE, State:ALLOCATED]
2019-10-14 19:31:11,643 [grpc-default-executor-1] INFO  impl.RaftServerProxy (RaftServerProxy.java:addNew(89)) - 670e30cf-8b9d-44a8-8fa0-e58ec8ba4c01: addNew group-3439BF2D7AE8:[670e30cf-8b9d-44a8-8fa0-e58ec8ba4c01:192.168.164.219:41985] returns group-3439BF2D7AE8:java.util.concurrent.CompletableFuture@64edce7a[Not completed]
2019-10-14 19:31:11,644 [pool-247-thread-1] INFO  impl.RaftServerImpl (RaftServerImpl.java:<init>(95)) - 670e30cf-8b9d-44a8-8fa0-e58ec8ba4c01: new RaftServerImpl for group-3439BF2D7AE8:[670e30cf-8b9d-44a8-8fa0-e58ec8ba4c01:192.168.164.219:41985] with ContainerStateMachine:uninitialized
2019-10-14 19:31:11,644 [pool-247-thread-1] INFO  server.RaftServerConfigKeys (ConfUtils.java:logGet(43)) - raft.server.rpc.timeout.min = 5s (custom)
2019-10-14 19:31:11,645 [pool-247-thread-1] INFO  server.RaftServerConfigKeys (ConfUtils.java:logGet(43)) - raft.server.rpc.timeout.max = 5200ms (custom)
2019-10-14 19:31:11,645 [pool-247-thread-1] INFO  server.RaftServerConfigKeys (ConfUtils.java:logGet(43)) - raft.server.rpcslowness.timeout = 120s (custom)
2019-10-14 19:31:11,645 [pool-247-thread-1] INFO  server.RaftServerConfigKeys (ConfUtils.java:logGet(43)) - raft.server.sleep.deviation.threshold = 300 (default)
2019-10-14 19:31:11,645 [pool-247-thread-1] INFO  server.RaftServerConfigKeys (ConfUtils.java:logGet(43)) - raft.server.log.appender.install.snapshot.enabled = false (custom)
2019-10-14 19:31:11,645 [pool-247-thread-1] INFO  impl.RaftServerImpl (ServerState.java:<init>(103)) - 670e30cf-8b9d-44a8-8fa0-e58ec8ba4c01@group-3439BF2D7AE8: ConfigurationManager, init=-1: [670e30cf-8b9d-44a8-8fa0-e58ec8ba4c01:192.168.164.219:41985], old=null, confs=<EMPTY_MAP>
2019-10-14 19:31:11,645 [pool-247-thread-1] INFO  server.RaftServerConfigKeys (ConfUtils.java:logGet(43)) - raft.server.storage.dir = [/workdir/hadoop-ozone/integration-test/target/test-dir/MiniOzoneClusterImpl-5426e04b-cf13-4b79-ba23-0228079aae76/datanode-4/data/ratis] (custom)
2019-10-14 19:31:11,645 [pool-247-thread-1] INFO  server.RaftServerConfigKeys (ConfUtils.java:logGet(43)) - raft.server.log.corruption.policy = EXCEPTION (default)
2019-10-14 19:31:11,646 [pool-247-thread-1] INFO  storage.RaftStorageDirectory (RaftStorageDirectory.java:analyzeStorage(246)) - The storage directory /workdir/hadoop-ozone/integration-test/target/test-dir/MiniOzoneClusterImpl-5426e04b-cf13-4b79-ba23-0228079aae76/datanode-4/data/ratis/a32950d8-a5ae-48cd-8167-3439bf2d7ae8 does not exist. Creating ...
2019-10-14 19:31:11,654 [IPC Server handler 1 on 43374] INFO  net.NetworkTopology (NetworkTopologyImpl.java:add(111)) - Added a new node: /default-rack/71bb4526-8837-48b5-bee6-f843cff49d51
2019-10-14 19:31:11,654 [IPC Server handler 1 on 43374] INFO  node.SCMNodeManager (SCMNodeManager.java:register(268)) - Registered Data node : 71bb4526-8837-48b5-bee6-f843cff49d51{ip: 192.168.164.219, host: pr-hdds-1868-cfdmt-251076870, networkLocation: /default-rack, certSerialId: null}
2019-10-14 19:31:11,675 [pool-247-thread-1] INFO  storage.RaftStorageDirectory (RaftStorageDirectory.java:tryLock(328)) - Lock on /workdir/hadoop-ozone/integration-test/target/test-dir/MiniOzoneClusterImpl-5426e04b-cf13-4b79-ba23-0228079aae76/datanode-4/data/ratis/a32950d8-a5ae-48cd-8167-3439bf2d7ae8/in_use.lock acquired by nodename 20360@pr-hdds-1868-cfdmt-251076870
2019-10-14 19:31:11,700 [pool-247-thread-1] INFO  storage.RaftStorage (RaftStorage.java:format(84)) - Storage directory /workdir/hadoop-ozone/integration-test/target/test-dir/MiniOzoneClusterImpl-5426e04b-cf13-4b79-ba23-0228079aae76/datanode-4/data/ratis/a32950d8-a5ae-48cd-8167-3439bf2d7ae8 has been successfully formatted.
2019-10-14 19:31:11,701 [pool-247-thread-1] INFO  ratis.ContainerStateMachine (ContainerStateMachine.java:loadSnapshot(233)) - group-3439BF2D7AE8: The snapshot info is null. Setting the last applied indexto:(t:0, i:~)
2019-10-14 19:31:11,701 [pool-247-thread-1] INFO  server.RaftServerConfigKeys (ConfUtils.java:logGet(43)) - raft.server.notification.no-leader.timeout = 120s (custom)
2019-10-14 19:31:11,701 [pool-247-thread-1] INFO  server.RaftServerConfigKeys (ConfUtils.java:logGet(43)) - raft.server.log.use.memory = false (default)
2019-10-14 19:31:11,701 [pool-247-thread-1] INFO  server.RaftServerConfigKeys (ConfUtils.java:logGet(43)) - raft.server.log.purge.gap = 1000000 (custom)
2019-10-14 19:31:11,701 [pool-247-thread-1] INFO  server.RaftServerConfigKeys (ConfUtils.java:logGet(43)) - raft.server.log.appender.buffer.byte-limit = 33554432 (custom)
2019-10-14 19:31:11,701 [pool-247-thread-1] INFO  server.RaftServerConfigKeys (ConfUtils.java:logGet(43)) - raft.server.log.segment.size.max = 1048576 (custom)
2019-10-14 19:31:11,703 [pool-247-thread-1] INFO  server.RaftServerConfigKeys (ConfUtils.java:logGet(43)) - raft.server.log.segment.cache.num.max = 2 (custom)
2019-10-14 19:31:11,703 [pool-247-thread-1] INFO  segmented.SegmentedRaftLogWorker (SegmentedRaftLogWorker.java:<init>(173)) - new 670e30cf-8b9d-44a8-8fa0-e58ec8ba4c01@group-3439BF2D7AE8-SegmentedRaftLogWorker for RaftStorage:Storage Directory /workdir/hadoop-ozone/integration-test/target/test-dir/MiniOzoneClusterImpl-5426e04b-cf13-4b79-ba23-0228079aae76/datanode-4/data/ratis/a32950d8-a5ae-48cd-8167-3439bf2d7ae8
2019-10-14 19:31:11,704 [pool-247-thread-1] INFO  server.RaftServerConfigKeys (ConfUtils.java:logGet(43)) - raft.server.log.queue.byte-limit = 2147483647 (custom)
2019-10-14 19:31:11,704 [pool-247-thread-1] INFO  server.RaftServerConfigKeys (ConfUtils.java:logGet(43)) - raft.server.log.queue.element-limit = 1024 (custom)
2019-10-14 19:31:11,704 [pool-247-thread-1] INFO  server.RaftServerConfigKeys (ConfUtils.java:logGet(43)) - raft.server.log.segment.size.max = 1048576 (custom)
2019-10-14 19:31:11,704 [pool-247-thread-1] INFO  server.RaftServerConfigKeys (ConfUtils.java:logGet(43)) - raft.server.log.preallocated.size = 16384 (custom)
2019-10-14 19:31:11,704 [pool-247-thread-1] INFO  server.RaftServerConfigKeys (ConfUtils.java:logGet(43)) - raft.server.log.write.buffer.size = 33554432 (custom)
2019-10-14 19:31:11,704 [pool-247-thread-1] INFO  server.RaftServerConfigKeys (ConfUtils.java:logGet(43)) - raft.server.log.force.sync.num = 128 (default)
2019-10-14 19:31:11,705 [pool-247-thread-1] INFO  server.RaftServerConfigKeys (ConfUtils.java:logGet(43)) - raft.server.log.statemachine.data.sync = true (default)
2019-10-14 19:31:11,705 [pool-247-thread-1] INFO  server.RaftServerConfigKeys (ConfUtils.java:logGet(43)) - raft.server.log.statemachine.data.sync.timeout = 10s (default)
2019-10-14 19:31:11,705 [pool-247-thread-1] INFO  server.RaftServerConfigKeys (ConfUtils.java:logGet(43)) - raft.server.log.statemachine.data.sync.timeout.retry = -1 (default)
2019-10-14 19:31:11,705 [pool-247-thread-1] INFO  server.RaftServerConfigKeys (ConfUtils.java:logGet(43)) - raft.server.log.statemachine.data.caching.enabled = true (custom)
2019-10-14 19:31:11,706 [pool-247-thread-1] INFO  segmented.SegmentedRaftLogWorker (SegmentedRaftLogWorker.java:lambda$new$0(128)) - 670e30cf-8b9d-44a8-8fa0-e58ec8ba4c01@group-3439BF2D7AE8-SegmentedRaftLogWorker: flushIndex: setUnconditionally 0 -> -1
2019-10-14 19:31:11,706 [pool-247-thread-1] INFO  server.RaftServerConfigKeys (ConfUtils.java:logGet(43)) - raft.server.snapshot.auto.trigger.enabled = true (custom)
2019-10-14 19:31:11,706 [pool-247-thread-1] INFO  server.RaftServerConfigKeys (ConfUtils.java:logGet(43)) - raft.server.snapshot.auto.trigger.threshold = 10000 (custom)
2019-10-14 19:31:11,706 [pool-247-thread-1] INFO  server.RaftServerConfigKeys (ConfUtils.java:logGet(43)) - raft.server.snapshot.retention.file.num = 5 (custom)
2019-10-14 19:31:11,707 [pool-247-thread-1] INFO  server.RaftServerConfigKeys (ConfUtils.java:logGet(43)) - raft.server.retrycache.expirytime = 600000ms (custom)
2019-10-14 19:31:11,708 [pool-247-thread-1] INFO  impl.RaftServerImpl (RaftServerImpl.java:start(181)) - 670e30cf-8b9d-44a8-8fa0-e58ec8ba4c01@group-3439BF2D7AE8: start as a follower, conf=-1: [670e30cf-8b9d-44a8-8fa0-e58ec8ba4c01:192.168.164.219:41985], old=null
2019-10-14 19:31:11,709 [pool-247-thread-1] INFO  impl.RaftServerImpl (RaftServerImpl.java:setRole(170)) - 670e30cf-8b9d-44a8-8fa0-e58ec8ba4c01@group-3439BF2D7AE8: changes role from      null to FOLLOWER at term 0 for startAsFollower
2019-10-14 19:31:11,709 [pool-247-thread-1] INFO  impl.RoleInfo (RoleInfo.java:updateAndGet(143)) - 670e30cf-8b9d-44a8-8fa0-e58ec8ba4c01: start FollowerState
2019-10-14 19:31:11,709 [pool-247-thread-1] INFO  util.JmxRegister (JmxRegister.java:tryRegister(44)) - Successfully registered JMX Bean with object name Ratis:service=RaftServer,group=group-3439BF2D7AE8,id=670e30cf-8b9d-44a8-8fa0-e58ec8ba4c01
2019-10-14 19:31:11,714 [RatisPipelineUtilsThread] INFO  pipeline.PipelineStateManager (PipelineStateManager.java:addPipeline(57)) - Created pipeline Pipeline[ Id: a32950d8-a5ae-48cd-8167-3439bf2d7ae8, Nodes: 670e30cf-8b9d-44a8-8fa0-e58ec8ba4c01{ip: 192.168.164.219, host: pr-hdds-1868-cfdmt-251076870, networkLocation: /default-rack, certSerialId: null}, Type:RATIS, Factor:ONE, State:ALLOCATED]
2019-10-14 19:31:11,734 [grpc-default-executor-1] INFO  impl.RaftServerProxy (RaftServerProxy.java:addNew(89)) - 71bb4526-8837-48b5-bee6-f843cff49d51: addNew group-8082AC14D974:[71bb4526-8837-48b5-bee6-f843cff49d51:192.168.164.219:34559] returns group-8082AC14D974:java.util.concurrent.CompletableFuture@65b6d28b[Not completed]
2019-10-14 19:31:11,736 [pool-257-thread-1] INFO  impl.RaftServerImpl (RaftServerImpl.java:<init>(95)) - 71bb4526-8837-48b5-bee6-f843cff49d51: new RaftServerImpl for group-8082AC14D974:[71bb4526-8837-48b5-bee6-f843cff49d51:192.168.164.219:34559] with ContainerStateMachine:uninitialized
2019-10-14 19:31:11,736 [pool-257-thread-1] INFO  server.RaftServerConfigKeys (ConfUtils.java:logGet(43)) - raft.server.rpc.timeout.min = 5s (custom)
2019-10-14 19:31:11,736 [pool-257-thread-1] INFO  server.RaftServerConfigKeys (ConfUtils.java:logGet(43)) - raft.server.rpc.timeout.max = 5200ms (custom)
2019-10-14 19:31:11,736 [pool-257-thread-1] INFO  server.RaftServerConfigKeys (ConfUtils.java:logGet(43)) - raft.server.rpcslowness.timeout = 120s (custom)
2019-10-14 19:31:11,736 [pool-257-thread-1] INFO  server.RaftServerConfigKeys (ConfUtils.java:logGet(43)) - raft.server.sleep.deviation.threshold = 300 (default)
2019-10-14 19:31:11,736 [pool-257-thread-1] INFO  server.RaftServerConfigKeys (ConfUtils.java:logGet(43)) - raft.server.log.appender.install.snapshot.enabled = false (custom)
2019-10-14 19:31:11,737 [pool-257-thread-1] INFO  impl.RaftServerImpl (ServerState.java:<init>(103)) - 71bb4526-8837-48b5-bee6-f843cff49d51@group-8082AC14D974: ConfigurationManager, init=-1: [71bb4526-8837-48b5-bee6-f843cff49d51:192.168.164.219:34559], old=null, confs=<EMPTY_MAP>
2019-10-14 19:31:11,737 [pool-257-thread-1] INFO  server.RaftServerConfigKeys (ConfUtils.java:logGet(43)) - raft.server.storage.dir = [/workdir/hadoop-ozone/integration-test/target/test-dir/MiniOzoneClusterImpl-5426e04b-cf13-4b79-ba23-0228079aae76/datanode-5/data/ratis] (custom)
2019-10-14 19:31:11,737 [pool-257-thread-1] INFO  server.RaftServerConfigKeys (ConfUtils.java:logGet(43)) - raft.server.log.corruption.policy = EXCEPTION (default)
2019-10-14 19:31:11,737 [pool-257-thread-1] INFO  storage.RaftStorageDirectory (RaftStorageDirectory.java:analyzeStorage(246)) - The storage directory /workdir/hadoop-ozone/integration-test/target/test-dir/MiniOzoneClusterImpl-5426e04b-cf13-4b79-ba23-0228079aae76/datanode-5/data/ratis/03985978-97a0-43de-910f-8082ac14d974 does not exist. Creating ...
2019-10-14 19:31:11,739 [IPC Server handler 4 on 43374] INFO  net.NetworkTopology (NetworkTopologyImpl.java:add(111)) - Added a new node: /default-rack/09a9200a-ead6-4084-a723-89436f5cacce
2019-10-14 19:31:11,740 [IPC Server handler 4 on 43374] INFO  node.SCMNodeManager (SCMNodeManager.java:register(268)) - Registered Data node : 09a9200a-ead6-4084-a723-89436f5cacce{ip: 192.168.164.219, host: pr-hdds-1868-cfdmt-251076870, networkLocation: /default-rack, certSerialId: null}
2019-10-14 19:31:11,768 [pool-257-thread-1] INFO  storage.RaftStorageDirectory (RaftStorageDirectory.java:tryLock(328)) - Lock on /workdir/hadoop-ozone/integration-test/target/test-dir/MiniOzoneClusterImpl-5426e04b-cf13-4b79-ba23-0228079aae76/datanode-5/data/ratis/03985978-97a0-43de-910f-8082ac14d974/in_use.lock acquired by nodename 20360@pr-hdds-1868-cfdmt-251076870
2019-10-14 19:31:11,794 [pool-257-thread-1] INFO  storage.RaftStorage (RaftStorage.java:format(84)) - Storage directory /workdir/hadoop-ozone/integration-test/target/test-dir/MiniOzoneClusterImpl-5426e04b-cf13-4b79-ba23-0228079aae76/datanode-5/data/ratis/03985978-97a0-43de-910f-8082ac14d974 has been successfully formatted.
2019-10-14 19:31:11,794 [pool-257-thread-1] INFO  ratis.ContainerStateMachine (ContainerStateMachine.java:loadSnapshot(233)) - group-8082AC14D974: The snapshot info is null. Setting the last applied indexto:(t:0, i:~)
2019-10-14 19:31:11,794 [pool-257-thread-1] INFO  server.RaftServerConfigKeys (ConfUtils.java:logGet(43)) - raft.server.notification.no-leader.timeout = 120s (custom)
2019-10-14 19:31:11,794 [pool-257-thread-1] INFO  server.RaftServerConfigKeys (ConfUtils.java:logGet(43)) - raft.server.log.use.memory = false (default)
2019-10-14 19:31:11,795 [pool-257-thread-1] INFO  server.RaftServerConfigKeys (ConfUtils.java:logGet(43)) - raft.server.log.purge.gap = 1000000 (custom)
2019-10-14 19:31:11,795 [pool-257-thread-1] INFO  server.RaftServerConfigKeys (ConfUtils.java:logGet(43)) - raft.server.log.appender.buffer.byte-limit = 33554432 (custom)
2019-10-14 19:31:11,795 [pool-257-thread-1] INFO  server.RaftServerConfigKeys (ConfUtils.java:logGet(43)) - raft.server.log.segment.size.max = 1048576 (custom)
2019-10-14 19:31:11,797 [pool-257-thread-1] INFO  server.RaftServerConfigKeys (ConfUtils.java:logGet(43)) - raft.server.log.segment.cache.num.max = 2 (custom)
2019-10-14 19:31:11,797 [pool-257-thread-1] INFO  segmented.SegmentedRaftLogWorker (SegmentedRaftLogWorker.java:<init>(173)) - new 71bb4526-8837-48b5-bee6-f843cff49d51@group-8082AC14D974-SegmentedRaftLogWorker for RaftStorage:Storage Directory /workdir/hadoop-ozone/integration-test/target/test-dir/MiniOzoneClusterImpl-5426e04b-cf13-4b79-ba23-0228079aae76/datanode-5/data/ratis/03985978-97a0-43de-910f-8082ac14d974
2019-10-14 19:31:11,798 [pool-257-thread-1] INFO  server.RaftServerConfigKeys (ConfUtils.java:logGet(43)) - raft.server.log.queue.byte-limit = 2147483647 (custom)
2019-10-14 19:31:11,798 [pool-257-thread-1] INFO  server.RaftServerConfigKeys (ConfUtils.java:logGet(43)) - raft.server.log.queue.element-limit = 1024 (custom)
2019-10-14 19:31:11,798 [pool-257-thread-1] INFO  server.RaftServerConfigKeys (ConfUtils.java:logGet(43)) - raft.server.log.segment.size.max = 1048576 (custom)
2019-10-14 19:31:11,798 [pool-257-thread-1] INFO  server.RaftServerConfigKeys (ConfUtils.java:logGet(43)) - raft.server.log.preallocated.size = 16384 (custom)
2019-10-14 19:31:11,798 [pool-257-thread-1] INFO  server.RaftServerConfigKeys (ConfUtils.java:logGet(43)) - raft.server.log.write.buffer.size = 33554432 (custom)
2019-10-14 19:31:11,798 [pool-257-thread-1] INFO  server.RaftServerConfigKeys (ConfUtils.java:logGet(43)) - raft.server.log.force.sync.num = 128 (default)
2019-10-14 19:31:11,799 [pool-257-thread-1] INFO  server.RaftServerConfigKeys (ConfUtils.java:logGet(43)) - raft.server.log.statemachine.data.sync = true (default)
2019-10-14 19:31:11,799 [pool-257-thread-1] INFO  server.RaftServerConfigKeys (ConfUtils.java:logGet(43)) - raft.server.log.statemachine.data.sync.timeout = 10s (default)
2019-10-14 19:31:11,799 [pool-257-thread-1] INFO  server.RaftServerConfigKeys (ConfUtils.java:logGet(43)) - raft.server.log.statemachine.data.sync.timeout.retry = -1 (default)
2019-10-14 19:31:11,799 [pool-257-thread-1] INFO  server.RaftServerConfigKeys (ConfUtils.java:logGet(43)) - raft.server.log.statemachine.data.caching.enabled = true (custom)
2019-10-14 19:31:11,800 [pool-257-thread-1] INFO  segmented.SegmentedRaftLogWorker (SegmentedRaftLogWorker.java:lambda$new$0(128)) - 71bb4526-8837-48b5-bee6-f843cff49d51@group-8082AC14D974-SegmentedRaftLogWorker: flushIndex: setUnconditionally 0 -> -1
2019-10-14 19:31:11,800 [pool-257-thread-1] INFO  server.RaftServerConfigKeys (ConfUtils.java:logGet(43)) - raft.server.snapshot.auto.trigger.enabled = true (custom)
2019-10-14 19:31:11,800 [pool-257-thread-1] INFO  server.RaftServerConfigKeys (ConfUtils.java:logGet(43)) - raft.server.snapshot.auto.trigger.threshold = 10000 (custom)
2019-10-14 19:31:11,801 [pool-257-thread-1] INFO  server.RaftServerConfigKeys (ConfUtils.java:logGet(43)) - raft.server.snapshot.retention.file.num = 5 (custom)
2019-10-14 19:31:11,801 [pool-257-thread-1] INFO  server.RaftServerConfigKeys (ConfUtils.java:logGet(43)) - raft.server.retrycache.expirytime = 600000ms (custom)
2019-10-14 19:31:11,803 [pool-257-thread-1] INFO  impl.RaftServerImpl (RaftServerImpl.java:start(181)) - 71bb4526-8837-48b5-bee6-f843cff49d51@group-8082AC14D974: start as a follower, conf=-1: [71bb4526-8837-48b5-bee6-f843cff49d51:192.168.164.219:34559], old=null
2019-10-14 19:31:11,803 [pool-257-thread-1] INFO  impl.RaftServerImpl (RaftServerImpl.java:setRole(170)) - 71bb4526-8837-48b5-bee6-f843cff49d51@group-8082AC14D974: changes role from      null to FOLLOWER at term 0 for startAsFollower
2019-10-14 19:31:11,803 [pool-257-thread-1] INFO  impl.RoleInfo (RoleInfo.java:updateAndGet(143)) - 71bb4526-8837-48b5-bee6-f843cff49d51: start FollowerState
2019-10-14 19:31:11,804 [pool-257-thread-1] INFO  util.JmxRegister (JmxRegister.java:tryRegister(44)) - Successfully registered JMX Bean with object name Ratis:service=RaftServer,group=group-8082AC14D974,id=71bb4526-8837-48b5-bee6-f843cff49d51
2019-10-14 19:31:11,808 [RatisPipelineUtilsThread] INFO  pipeline.PipelineStateManager (PipelineStateManager.java:addPipeline(57)) - Created pipeline Pipeline[ Id: 03985978-97a0-43de-910f-8082ac14d974, Nodes: 71bb4526-8837-48b5-bee6-f843cff49d51{ip: 192.168.164.219, host: pr-hdds-1868-cfdmt-251076870, networkLocation: /default-rack, certSerialId: null}, Type:RATIS, Factor:ONE, State:ALLOCATED]
2019-10-14 19:31:11,816 [grpc-default-executor-1] INFO  impl.RaftServerProxy (RaftServerProxy.java:addNew(89)) - 09a9200a-ead6-4084-a723-89436f5cacce: addNew group-2EA46F481AD4:[09a9200a-ead6-4084-a723-89436f5cacce:192.168.164.219:39131] returns group-2EA46F481AD4:java.util.concurrent.CompletableFuture@40c82146[Not completed]
2019-10-14 19:31:11,817 [pool-267-thread-1] INFO  impl.RaftServerImpl (RaftServerImpl.java:<init>(95)) - 09a9200a-ead6-4084-a723-89436f5cacce: new RaftServerImpl for group-2EA46F481AD4:[09a9200a-ead6-4084-a723-89436f5cacce:192.168.164.219:39131] with ContainerStateMachine:uninitialized
2019-10-14 19:31:11,818 [pool-267-thread-1] INFO  server.RaftServerConfigKeys (ConfUtils.java:logGet(43)) - raft.server.rpc.timeout.min = 5s (custom)
2019-10-14 19:31:11,818 [pool-267-thread-1] INFO  server.RaftServerConfigKeys (ConfUtils.java:logGet(43)) - raft.server.rpc.timeout.max = 5200ms (custom)
2019-10-14 19:31:11,818 [pool-267-thread-1] INFO  server.RaftServerConfigKeys (ConfUtils.java:logGet(43)) - raft.server.rpcslowness.timeout = 120s (custom)
2019-10-14 19:31:11,818 [pool-267-thread-1] INFO  server.RaftServerConfigKeys (ConfUtils.java:logGet(43)) - raft.server.sleep.deviation.threshold = 300 (default)
2019-10-14 19:31:11,818 [pool-267-thread-1] INFO  server.RaftServerConfigKeys (ConfUtils.java:logGet(43)) - raft.server.log.appender.install.snapshot.enabled = false (custom)
2019-10-14 19:31:11,818 [pool-267-thread-1] INFO  impl.RaftServerImpl (ServerState.java:<init>(103)) - 09a9200a-ead6-4084-a723-89436f5cacce@group-2EA46F481AD4: ConfigurationManager, init=-1: [09a9200a-ead6-4084-a723-89436f5cacce:192.168.164.219:39131], old=null, confs=<EMPTY_MAP>
2019-10-14 19:31:11,819 [pool-267-thread-1] INFO  server.RaftServerConfigKeys (ConfUtils.java:logGet(43)) - raft.server.storage.dir = [/workdir/hadoop-ozone/integration-test/target/test-dir/MiniOzoneClusterImpl-5426e04b-cf13-4b79-ba23-0228079aae76/datanode-6/data/ratis] (custom)
2019-10-14 19:31:11,819 [pool-267-thread-1] INFO  server.RaftServerConfigKeys (ConfUtils.java:logGet(43)) - raft.server.log.corruption.policy = EXCEPTION (default)
2019-10-14 19:31:11,819 [pool-267-thread-1] INFO  storage.RaftStorageDirectory (RaftStorageDirectory.java:analyzeStorage(246)) - The storage directory /workdir/hadoop-ozone/integration-test/target/test-dir/MiniOzoneClusterImpl-5426e04b-cf13-4b79-ba23-0228079aae76/datanode-6/data/ratis/eb195650-ddba-4f6c-8c8f-2ea46f481ad4 does not exist. Creating ...
2019-10-14 19:31:11,844 [pool-267-thread-1] INFO  storage.RaftStorageDirectory (RaftStorageDirectory.java:tryLock(328)) - Lock on /workdir/hadoop-ozone/integration-test/target/test-dir/MiniOzoneClusterImpl-5426e04b-cf13-4b79-ba23-0228079aae76/datanode-6/data/ratis/eb195650-ddba-4f6c-8c8f-2ea46f481ad4/in_use.lock acquired by nodename 20360@pr-hdds-1868-cfdmt-251076870
2019-10-14 19:31:11,873 [pool-267-thread-1] INFO  storage.RaftStorage (RaftStorage.java:format(84)) - Storage directory /workdir/hadoop-ozone/integration-test/target/test-dir/MiniOzoneClusterImpl-5426e04b-cf13-4b79-ba23-0228079aae76/datanode-6/data/ratis/eb195650-ddba-4f6c-8c8f-2ea46f481ad4 has been successfully formatted.
2019-10-14 19:31:11,874 [pool-267-thread-1] INFO  ratis.ContainerStateMachine (ContainerStateMachine.java:loadSnapshot(233)) - group-2EA46F481AD4: The snapshot info is null. Setting the last applied indexto:(t:0, i:~)
2019-10-14 19:31:11,874 [pool-267-thread-1] INFO  server.RaftServerConfigKeys (ConfUtils.java:logGet(43)) - raft.server.notification.no-leader.timeout = 120s (custom)
2019-10-14 19:31:11,874 [pool-267-thread-1] INFO  server.RaftServerConfigKeys (ConfUtils.java:logGet(43)) - raft.server.log.use.memory = false (default)
2019-10-14 19:31:11,875 [pool-267-thread-1] INFO  server.RaftServerConfigKeys (ConfUtils.java:logGet(43)) - raft.server.log.purge.gap = 1000000 (custom)
2019-10-14 19:31:11,875 [pool-267-thread-1] INFO  server.RaftServerConfigKeys (ConfUtils.java:logGet(43)) - raft.server.log.appender.buffer.byte-limit = 33554432 (custom)
2019-10-14 19:31:11,875 [pool-267-thread-1] INFO  server.RaftServerConfigKeys (ConfUtils.java:logGet(43)) - raft.server.log.segment.size.max = 1048576 (custom)
2019-10-14 19:31:11,878 [pool-267-thread-1] INFO  server.RaftServerConfigKeys (ConfUtils.java:logGet(43)) - raft.server.log.segment.cache.num.max = 2 (custom)
2019-10-14 19:31:11,878 [pool-267-thread-1] INFO  segmented.SegmentedRaftLogWorker (SegmentedRaftLogWorker.java:<init>(173)) - new 09a9200a-ead6-4084-a723-89436f5cacce@group-2EA46F481AD4-SegmentedRaftLogWorker for RaftStorage:Storage Directory /workdir/hadoop-ozone/integration-test/target/test-dir/MiniOzoneClusterImpl-5426e04b-cf13-4b79-ba23-0228079aae76/datanode-6/data/ratis/eb195650-ddba-4f6c-8c8f-2ea46f481ad4
2019-10-14 19:31:11,878 [pool-267-thread-1] INFO  server.RaftServerConfigKeys (ConfUtils.java:logGet(43)) - raft.server.log.queue.byte-limit = 2147483647 (custom)
2019-10-14 19:31:11,878 [pool-267-thread-1] INFO  server.RaftServerConfigKeys (ConfUtils.java:logGet(43)) - raft.server.log.queue.element-limit = 1024 (custom)
2019-10-14 19:31:11,878 [pool-267-thread-1] INFO  server.RaftServerConfigKeys (ConfUtils.java:logGet(43)) - raft.server.log.segment.size.max = 1048576 (custom)
2019-10-14 19:31:11,878 [pool-267-thread-1] INFO  server.RaftServerConfigKeys (ConfUtils.java:logGet(43)) - raft.server.log.preallocated.size = 16384 (custom)
2019-10-14 19:31:11,879 [pool-267-thread-1] INFO  server.RaftServerConfigKeys (ConfUtils.java:logGet(43)) - raft.server.log.write.buffer.size = 33554432 (custom)
2019-10-14 19:31:11,879 [pool-267-thread-1] INFO  server.RaftServerConfigKeys (ConfUtils.java:logGet(43)) - raft.server.log.force.sync.num = 128 (default)
2019-10-14 19:31:11,879 [pool-267-thread-1] INFO  server.RaftServerConfigKeys (ConfUtils.java:logGet(43)) - raft.server.log.statemachine.data.sync = true (default)
2019-10-14 19:31:11,879 [pool-267-thread-1] INFO  server.RaftServerConfigKeys (ConfUtils.java:logGet(43)) - raft.server.log.statemachine.data.sync.timeout = 10s (default)
2019-10-14 19:31:11,879 [pool-267-thread-1] INFO  server.RaftServerConfigKeys (ConfUtils.java:logGet(43)) - raft.server.log.statemachine.data.sync.timeout.retry = -1 (default)
2019-10-14 19:31:11,880 [pool-267-thread-1] INFO  server.RaftServerConfigKeys (ConfUtils.java:logGet(43)) - raft.server.log.statemachine.data.caching.enabled = true (custom)
2019-10-14 19:31:11,880 [pool-267-thread-1] INFO  segmented.SegmentedRaftLogWorker (SegmentedRaftLogWorker.java:lambda$new$0(128)) - 09a9200a-ead6-4084-a723-89436f5cacce@group-2EA46F481AD4-SegmentedRaftLogWorker: flushIndex: setUnconditionally 0 -> -1
2019-10-14 19:31:11,881 [pool-267-thread-1] INFO  server.RaftServerConfigKeys (ConfUtils.java:logGet(43)) - raft.server.snapshot.auto.trigger.enabled = true (custom)
2019-10-14 19:31:11,881 [pool-267-thread-1] INFO  server.RaftServerConfigKeys (ConfUtils.java:logGet(43)) - raft.server.snapshot.auto.trigger.threshold = 10000 (custom)
2019-10-14 19:31:11,881 [pool-267-thread-1] INFO  server.RaftServerConfigKeys (ConfUtils.java:logGet(43)) - raft.server.snapshot.retention.file.num = 5 (custom)
2019-10-14 19:31:11,881 [pool-267-thread-1] INFO  server.RaftServerConfigKeys (ConfUtils.java:logGet(43)) - raft.server.retrycache.expirytime = 600000ms (custom)
2019-10-14 19:31:11,884 [pool-267-thread-1] INFO  impl.RaftServerImpl (RaftServerImpl.java:start(181)) - 09a9200a-ead6-4084-a723-89436f5cacce@group-2EA46F481AD4: start as a follower, conf=-1: [09a9200a-ead6-4084-a723-89436f5cacce:192.168.164.219:39131], old=null
2019-10-14 19:31:11,884 [pool-267-thread-1] INFO  impl.RaftServerImpl (RaftServerImpl.java:setRole(170)) - 09a9200a-ead6-4084-a723-89436f5cacce@group-2EA46F481AD4: changes role from      null to FOLLOWER at term 0 for startAsFollower
2019-10-14 19:31:11,884 [pool-267-thread-1] INFO  impl.RoleInfo (RoleInfo.java:updateAndGet(143)) - 09a9200a-ead6-4084-a723-89436f5cacce: start FollowerState
2019-10-14 19:31:11,885 [pool-267-thread-1] INFO  util.JmxRegister (JmxRegister.java:tryRegister(44)) - Successfully registered JMX Bean with object name Ratis:service=RaftServer,group=group-2EA46F481AD4,id=09a9200a-ead6-4084-a723-89436f5cacce
2019-10-14 19:31:11,891 [RatisPipelineUtilsThread] INFO  pipeline.PipelineStateManager (PipelineStateManager.java:addPipeline(57)) - Created pipeline Pipeline[ Id: eb195650-ddba-4f6c-8c8f-2ea46f481ad4, Nodes: 09a9200a-ead6-4084-a723-89436f5cacce{ip: 192.168.164.219, host: pr-hdds-1868-cfdmt-251076870, networkLocation: /default-rack, certSerialId: null}, Type:RATIS, Factor:ONE, State:ALLOCATED]
2019-10-14 19:31:11,903 [grpc-default-executor-0] INFO  impl.RaftServerProxy (RaftServerProxy.java:addNew(89)) - 670e30cf-8b9d-44a8-8fa0-e58ec8ba4c01: addNew group-DA866F9DBD0B:[60a49fad-6bbc-4e1d-b332-64cc210e3f49:192.168.164.219:42016, 670e30cf-8b9d-44a8-8fa0-e58ec8ba4c01:192.168.164.219:41985, 09a9200a-ead6-4084-a723-89436f5cacce:192.168.164.219:39131] returns group-DA866F9DBD0B:java.util.concurrent.CompletableFuture@34a692d[Not completed]
2019-10-14 19:31:11,903 [grpc-default-executor-2] INFO  impl.RaftServerProxy (RaftServerProxy.java:addNew(89)) - 60a49fad-6bbc-4e1d-b332-64cc210e3f49: addNew group-DA866F9DBD0B:[60a49fad-6bbc-4e1d-b332-64cc210e3f49:192.168.164.219:42016, 670e30cf-8b9d-44a8-8fa0-e58ec8ba4c01:192.168.164.219:41985, 09a9200a-ead6-4084-a723-89436f5cacce:192.168.164.219:39131] returns group-DA866F9DBD0B:java.util.concurrent.CompletableFuture@26b1cca8[Not completed]
2019-10-14 19:31:11,903 [grpc-default-executor-1] INFO  impl.RaftServerProxy (RaftServerProxy.java:addNew(89)) - 09a9200a-ead6-4084-a723-89436f5cacce: addNew group-DA866F9DBD0B:[60a49fad-6bbc-4e1d-b332-64cc210e3f49:192.168.164.219:42016, 670e30cf-8b9d-44a8-8fa0-e58ec8ba4c01:192.168.164.219:41985, 09a9200a-ead6-4084-a723-89436f5cacce:192.168.164.219:39131] returns group-DA866F9DBD0B:java.util.concurrent.CompletableFuture@6e94d5f6[Not completed]
2019-10-14 19:31:11,904 [pool-247-thread-1] INFO  impl.RaftServerImpl (RaftServerImpl.java:<init>(95)) - 670e30cf-8b9d-44a8-8fa0-e58ec8ba4c01: new RaftServerImpl for group-DA866F9DBD0B:[60a49fad-6bbc-4e1d-b332-64cc210e3f49:192.168.164.219:42016, 670e30cf-8b9d-44a8-8fa0-e58ec8ba4c01:192.168.164.219:41985, 09a9200a-ead6-4084-a723-89436f5cacce:192.168.164.219:39131] with ContainerStateMachine:uninitialized
2019-10-14 19:31:11,904 [pool-247-thread-1] INFO  server.RaftServerConfigKeys (ConfUtils.java:logGet(43)) - raft.server.rpc.timeout.min = 5s (custom)
2019-10-14 19:31:11,904 [pool-247-thread-1] INFO  server.RaftServerConfigKeys (ConfUtils.java:logGet(43)) - raft.server.rpc.timeout.max = 5200ms (custom)
2019-10-14 19:31:11,904 [pool-247-thread-1] INFO  server.RaftServerConfigKeys (ConfUtils.java:logGet(43)) - raft.server.rpcslowness.timeout = 120s (custom)
2019-10-14 19:31:11,905 [pool-247-thread-1] INFO  server.RaftServerConfigKeys (ConfUtils.java:logGet(43)) - raft.server.sleep.deviation.threshold = 300 (default)
2019-10-14 19:31:11,905 [pool-267-thread-1] INFO  impl.RaftServerImpl (RaftServerImpl.java:<init>(95)) - 09a9200a-ead6-4084-a723-89436f5cacce: new RaftServerImpl for group-DA866F9DBD0B:[60a49fad-6bbc-4e1d-b332-64cc210e3f49:192.168.164.219:42016, 670e30cf-8b9d-44a8-8fa0-e58ec8ba4c01:192.168.164.219:41985, 09a9200a-ead6-4084-a723-89436f5cacce:192.168.164.219:39131] with ContainerStateMachine:uninitialized
2019-10-14 19:31:11,905 [pool-247-thread-1] INFO  server.RaftServerConfigKeys (ConfUtils.java:logGet(43)) - raft.server.log.appender.install.snapshot.enabled = false (custom)
2019-10-14 19:31:11,905 [pool-267-thread-1] INFO  server.RaftServerConfigKeys (ConfUtils.java:logGet(43)) - raft.server.rpc.timeout.min = 5s (custom)
2019-10-14 19:31:11,905 [pool-247-thread-1] INFO  impl.RaftServerImpl (ServerState.java:<init>(103)) - 670e30cf-8b9d-44a8-8fa0-e58ec8ba4c01@group-DA866F9DBD0B: ConfigurationManager, init=-1: [60a49fad-6bbc-4e1d-b332-64cc210e3f49:192.168.164.219:42016, 670e30cf-8b9d-44a8-8fa0-e58ec8ba4c01:192.168.164.219:41985, 09a9200a-ead6-4084-a723-89436f5cacce:192.168.164.219:39131], old=null, confs=<EMPTY_MAP>
2019-10-14 19:31:11,905 [pool-267-thread-1] INFO  server.RaftServerConfigKeys (ConfUtils.java:logGet(43)) - raft.server.rpc.timeout.max = 5200ms (custom)
2019-10-14 19:31:11,905 [pool-217-thread-1] INFO  impl.RaftServerImpl (RaftServerImpl.java:<init>(95)) - 60a49fad-6bbc-4e1d-b332-64cc210e3f49: new RaftServerImpl for group-DA866F9DBD0B:[60a49fad-6bbc-4e1d-b332-64cc210e3f49:192.168.164.219:42016, 670e30cf-8b9d-44a8-8fa0-e58ec8ba4c01:192.168.164.219:41985, 09a9200a-ead6-4084-a723-89436f5cacce:192.168.164.219:39131] with ContainerStateMachine:uninitialized
2019-10-14 19:31:11,905 [pool-247-thread-1] INFO  server.RaftServerConfigKeys (ConfUtils.java:logGet(43)) - raft.server.storage.dir = [/workdir/hadoop-ozone/integration-test/target/test-dir/MiniOzoneClusterImpl-5426e04b-cf13-4b79-ba23-0228079aae76/datanode-4/data/ratis] (custom)
2019-10-14 19:31:11,905 [pool-217-thread-1] INFO  server.RaftServerConfigKeys (ConfUtils.java:logGet(43)) - raft.server.rpc.timeout.min = 5s (custom)
2019-10-14 19:31:11,905 [pool-267-thread-1] INFO  server.RaftServerConfigKeys (ConfUtils.java:logGet(43)) - raft.server.rpcslowness.timeout = 120s (custom)
2019-10-14 19:31:11,906 [pool-247-thread-1] INFO  server.RaftServerConfigKeys (ConfUtils.java:logGet(43)) - raft.server.log.corruption.policy = EXCEPTION (default)
2019-10-14 19:31:11,906 [pool-217-thread-1] INFO  server.RaftServerConfigKeys (ConfUtils.java:logGet(43)) - raft.server.rpc.timeout.max = 5200ms (custom)
2019-10-14 19:31:11,906 [pool-247-thread-1] INFO  storage.RaftStorageDirectory (RaftStorageDirectory.java:analyzeStorage(246)) - The storage directory /workdir/hadoop-ozone/integration-test/target/test-dir/MiniOzoneClusterImpl-5426e04b-cf13-4b79-ba23-0228079aae76/datanode-4/data/ratis/7fd060b6-d0d3-4d21-ae79-da866f9dbd0b does not exist. Creating ...
2019-10-14 19:31:11,906 [pool-267-thread-1] INFO  server.RaftServerConfigKeys (ConfUtils.java:logGet(43)) - raft.server.sleep.deviation.threshold = 300 (default)
2019-10-14 19:31:11,906 [pool-217-thread-1] INFO  server.RaftServerConfigKeys (ConfUtils.java:logGet(43)) - raft.server.rpcslowness.timeout = 120s (custom)
2019-10-14 19:31:11,906 [pool-267-thread-1] INFO  server.RaftServerConfigKeys (ConfUtils.java:logGet(43)) - raft.server.log.appender.install.snapshot.enabled = false (custom)
2019-10-14 19:31:11,906 [pool-217-thread-1] INFO  server.RaftServerConfigKeys (ConfUtils.java:logGet(43)) - raft.server.sleep.deviation.threshold = 300 (default)
2019-10-14 19:31:11,907 [pool-267-thread-1] INFO  impl.RaftServerImpl (ServerState.java:<init>(103)) - 09a9200a-ead6-4084-a723-89436f5cacce@group-DA866F9DBD0B: ConfigurationManager, init=-1: [60a49fad-6bbc-4e1d-b332-64cc210e3f49:192.168.164.219:42016, 670e30cf-8b9d-44a8-8fa0-e58ec8ba4c01:192.168.164.219:41985, 09a9200a-ead6-4084-a723-89436f5cacce:192.168.164.219:39131], old=null, confs=<EMPTY_MAP>
2019-10-14 19:31:11,907 [pool-217-thread-1] INFO  server.RaftServerConfigKeys (ConfUtils.java:logGet(43)) - raft.server.log.appender.install.snapshot.enabled = false (custom)
2019-10-14 19:31:11,907 [pool-267-thread-1] INFO  server.RaftServerConfigKeys (ConfUtils.java:logGet(43)) - raft.server.storage.dir = [/workdir/hadoop-ozone/integration-test/target/test-dir/MiniOzoneClusterImpl-5426e04b-cf13-4b79-ba23-0228079aae76/datanode-6/data/ratis] (custom)
2019-10-14 19:31:11,907 [pool-217-thread-1] INFO  impl.RaftServerImpl (ServerState.java:<init>(103)) - 60a49fad-6bbc-4e1d-b332-64cc210e3f49@group-DA866F9DBD0B: ConfigurationManager, init=-1: [60a49fad-6bbc-4e1d-b332-64cc210e3f49:192.168.164.219:42016, 670e30cf-8b9d-44a8-8fa0-e58ec8ba4c01:192.168.164.219:41985, 09a9200a-ead6-4084-a723-89436f5cacce:192.168.164.219:39131], old=null, confs=<EMPTY_MAP>
2019-10-14 19:31:11,907 [pool-267-thread-1] INFO  server.RaftServerConfigKeys (ConfUtils.java:logGet(43)) - raft.server.log.corruption.policy = EXCEPTION (default)
2019-10-14 19:31:11,907 [pool-217-thread-1] INFO  server.RaftServerConfigKeys (ConfUtils.java:logGet(43)) - raft.server.storage.dir = [/workdir/hadoop-ozone/integration-test/target/test-dir/MiniOzoneClusterImpl-5426e04b-cf13-4b79-ba23-0228079aae76/datanode-1/data/ratis] (custom)
2019-10-14 19:31:11,907 [pool-267-thread-1] INFO  storage.RaftStorageDirectory (RaftStorageDirectory.java:analyzeStorage(246)) - The storage directory /workdir/hadoop-ozone/integration-test/target/test-dir/MiniOzoneClusterImpl-5426e04b-cf13-4b79-ba23-0228079aae76/datanode-6/data/ratis/7fd060b6-d0d3-4d21-ae79-da866f9dbd0b does not exist. Creating ...
2019-10-14 19:31:11,908 [pool-217-thread-1] INFO  server.RaftServerConfigKeys (ConfUtils.java:logGet(43)) - raft.server.log.corruption.policy = EXCEPTION (default)
2019-10-14 19:31:11,908 [pool-217-thread-1] INFO  storage.RaftStorageDirectory (RaftStorageDirectory.java:analyzeStorage(246)) - The storage directory /workdir/hadoop-ozone/integration-test/target/test-dir/MiniOzoneClusterImpl-5426e04b-cf13-4b79-ba23-0228079aae76/datanode-1/data/ratis/7fd060b6-d0d3-4d21-ae79-da866f9dbd0b does not exist. Creating ...
2019-10-14 19:31:11,928 [pool-267-thread-1] INFO  storage.RaftStorageDirectory (RaftStorageDirectory.java:tryLock(328)) - Lock on /workdir/hadoop-ozone/integration-test/target/test-dir/MiniOzoneClusterImpl-5426e04b-cf13-4b79-ba23-0228079aae76/datanode-6/data/ratis/7fd060b6-d0d3-4d21-ae79-da866f9dbd0b/in_use.lock acquired by nodename 20360@pr-hdds-1868-cfdmt-251076870
2019-10-14 19:31:11,928 [pool-247-thread-1] INFO  storage.RaftStorageDirectory (RaftStorageDirectory.java:tryLock(328)) - Lock on /workdir/hadoop-ozone/integration-test/target/test-dir/MiniOzoneClusterImpl-5426e04b-cf13-4b79-ba23-0228079aae76/datanode-4/data/ratis/7fd060b6-d0d3-4d21-ae79-da866f9dbd0b/in_use.lock acquired by nodename 20360@pr-hdds-1868-cfdmt-251076870
2019-10-14 19:31:11,928 [pool-217-thread-1] INFO  storage.RaftStorageDirectory (RaftStorageDirectory.java:tryLock(328)) - Lock on /workdir/hadoop-ozone/integration-test/target/test-dir/MiniOzoneClusterImpl-5426e04b-cf13-4b79-ba23-0228079aae76/datanode-1/data/ratis/7fd060b6-d0d3-4d21-ae79-da866f9dbd0b/in_use.lock acquired by nodename 20360@pr-hdds-1868-cfdmt-251076870
2019-10-14 19:31:11,954 [pool-217-thread-1] INFO  storage.RaftStorage (RaftStorage.java:format(84)) - Storage directory /workdir/hadoop-ozone/integration-test/target/test-dir/MiniOzoneClusterImpl-5426e04b-cf13-4b79-ba23-0228079aae76/datanode-1/data/ratis/7fd060b6-d0d3-4d21-ae79-da866f9dbd0b has been successfully formatted.
2019-10-14 19:31:11,954 [pool-247-thread-1] INFO  storage.RaftStorage (RaftStorage.java:format(84)) - Storage directory /workdir/hadoop-ozone/integration-test/target/test-dir/MiniOzoneClusterImpl-5426e04b-cf13-4b79-ba23-0228079aae76/datanode-4/data/ratis/7fd060b6-d0d3-4d21-ae79-da866f9dbd0b has been successfully formatted.
2019-10-14 19:31:11,954 [pool-267-thread-1] INFO  storage.RaftStorage (RaftStorage.java:format(84)) - Storage directory /workdir/hadoop-ozone/integration-test/target/test-dir/MiniOzoneClusterImpl-5426e04b-cf13-4b79-ba23-0228079aae76/datanode-6/data/ratis/7fd060b6-d0d3-4d21-ae79-da866f9dbd0b has been successfully formatted.
2019-10-14 19:31:11,954 [pool-217-thread-1] INFO  ratis.ContainerStateMachine (ContainerStateMachine.java:loadSnapshot(233)) - group-DA866F9DBD0B: The snapshot info is null. Setting the last applied indexto:(t:0, i:~)
2019-10-14 19:31:11,955 [pool-267-thread-1] INFO  ratis.ContainerStateMachine (ContainerStateMachine.java:loadSnapshot(233)) - group-DA866F9DBD0B: The snapshot info is null. Setting the last applied indexto:(t:0, i:~)
2019-10-14 19:31:11,955 [pool-247-thread-1] INFO  ratis.ContainerStateMachine (ContainerStateMachine.java:loadSnapshot(233)) - group-DA866F9DBD0B: The snapshot info is null. Setting the last applied indexto:(t:0, i:~)
2019-10-14 19:31:11,955 [pool-267-thread-1] INFO  server.RaftServerConfigKeys (ConfUtils.java:logGet(43)) - raft.server.notification.no-leader.timeout = 120s (custom)
2019-10-14 19:31:11,955 [pool-217-thread-1] INFO  server.RaftServerConfigKeys (ConfUtils.java:logGet(43)) - raft.server.notification.no-leader.timeout = 120s (custom)
2019-10-14 19:31:11,955 [pool-267-thread-1] INFO  server.RaftServerConfigKeys (ConfUtils.java:logGet(43)) - raft.server.log.use.memory = false (default)
2019-10-14 19:31:11,955 [pool-247-thread-1] INFO  server.RaftServerConfigKeys (ConfUtils.java:logGet(43)) - raft.server.notification.no-leader.timeout = 120s (custom)
2019-10-14 19:31:11,955 [pool-267-thread-1] INFO  server.RaftServerConfigKeys (ConfUtils.java:logGet(43)) - raft.server.log.purge.gap = 1000000 (custom)
2019-10-14 19:31:11,955 [pool-217-thread-1] INFO  server.RaftServerConfigKeys (ConfUtils.java:logGet(43)) - raft.server.log.use.memory = false (default)
2019-10-14 19:31:11,955 [pool-267-thread-1] INFO  server.RaftServerConfigKeys (ConfUtils.java:logGet(43)) - raft.server.log.appender.buffer.byte-limit = 33554432 (custom)
2019-10-14 19:31:11,955 [pool-247-thread-1] INFO  server.RaftServerConfigKeys (ConfUtils.java:logGet(43)) - raft.server.log.use.memory = false (default)
2019-10-14 19:31:11,956 [pool-267-thread-1] INFO  server.RaftServerConfigKeys (ConfUtils.java:logGet(43)) - raft.server.log.segment.size.max = 1048576 (custom)
2019-10-14 19:31:11,956 [pool-217-thread-1] INFO  server.RaftServerConfigKeys (ConfUtils.java:logGet(43)) - raft.server.log.purge.gap = 1000000 (custom)
2019-10-14 19:31:11,956 [pool-267-thread-1] INFO  server.RaftServerConfigKeys (ConfUtils.java:logGet(43)) - raft.server.log.segment.cache.num.max = 2 (custom)
2019-10-14 19:31:11,956 [pool-247-thread-1] INFO  server.RaftServerConfigKeys (ConfUtils.java:logGet(43)) - raft.server.log.purge.gap = 1000000 (custom)
2019-10-14 19:31:11,956 [pool-267-thread-1] INFO  segmented.SegmentedRaftLogWorker (SegmentedRaftLogWorker.java:<init>(173)) - new 09a9200a-ead6-4084-a723-89436f5cacce@group-DA866F9DBD0B-SegmentedRaftLogWorker for RaftStorage:Storage Directory /workdir/hadoop-ozone/integration-test/target/test-dir/MiniOzoneClusterImpl-5426e04b-cf13-4b79-ba23-0228079aae76/datanode-6/data/ratis/7fd060b6-d0d3-4d21-ae79-da866f9dbd0b
2019-10-14 19:31:11,956 [pool-217-thread-1] INFO  server.RaftServerConfigKeys (ConfUtils.java:logGet(43)) - raft.server.log.appender.buffer.byte-limit = 33554432 (custom)
2019-10-14 19:31:11,956 [pool-267-thread-1] INFO  server.RaftServerConfigKeys (ConfUtils.java:logGet(43)) - raft.server.log.queue.byte-limit = 2147483647 (custom)
2019-10-14 19:31:11,956 [pool-247-thread-1] INFO  server.RaftServerConfigKeys (ConfUtils.java:logGet(43)) - raft.server.log.appender.buffer.byte-limit = 33554432 (custom)
2019-10-14 19:31:11,957 [pool-267-thread-1] INFO  server.RaftServerConfigKeys (ConfUtils.java:logGet(43)) - raft.server.log.queue.element-limit = 1024 (custom)
2019-10-14 19:31:11,956 [pool-217-thread-1] INFO  server.RaftServerConfigKeys (ConfUtils.java:logGet(43)) - raft.server.log.segment.size.max = 1048576 (custom)
2019-10-14 19:31:11,957 [pool-267-thread-1] INFO  server.RaftServerConfigKeys (ConfUtils.java:logGet(43)) - raft.server.log.segment.size.max = 1048576 (custom)
2019-10-14 19:31:11,957 [pool-247-thread-1] INFO  server.RaftServerConfigKeys (ConfUtils.java:logGet(43)) - raft.server.log.segment.size.max = 1048576 (custom)
2019-10-14 19:31:11,957 [pool-267-thread-1] INFO  server.RaftServerConfigKeys (ConfUtils.java:logGet(43)) - raft.server.log.preallocated.size = 16384 (custom)
2019-10-14 19:31:11,957 [pool-217-thread-1] INFO  server.RaftServerConfigKeys (ConfUtils.java:logGet(43)) - raft.server.log.segment.cache.num.max = 2 (custom)
2019-10-14 19:31:11,957 [pool-267-thread-1] INFO  server.RaftServerConfigKeys (ConfUtils.java:logGet(43)) - raft.server.log.write.buffer.size = 33554432 (custom)
2019-10-14 19:31:11,957 [pool-247-thread-1] INFO  server.RaftServerConfigKeys (ConfUtils.java:logGet(43)) - raft.server.log.segment.cache.num.max = 2 (custom)
2019-10-14 19:31:11,958 [pool-247-thread-1] INFO  segmented.SegmentedRaftLogWorker (SegmentedRaftLogWorker.java:<init>(173)) - new 670e30cf-8b9d-44a8-8fa0-e58ec8ba4c01@group-DA866F9DBD0B-SegmentedRaftLogWorker for RaftStorage:Storage Directory /workdir/hadoop-ozone/integration-test/target/test-dir/MiniOzoneClusterImpl-5426e04b-cf13-4b79-ba23-0228079aae76/datanode-4/data/ratis/7fd060b6-d0d3-4d21-ae79-da866f9dbd0b
2019-10-14 19:31:11,957 [pool-267-thread-1] INFO  server.RaftServerConfigKeys (ConfUtils.java:logGet(43)) - raft.server.log.force.sync.num = 128 (default)
2019-10-14 19:31:11,957 [pool-217-thread-1] INFO  segmented.SegmentedRaftLogWorker (SegmentedRaftLogWorker.java:<init>(173)) - new 60a49fad-6bbc-4e1d-b332-64cc210e3f49@group-DA866F9DBD0B-SegmentedRaftLogWorker for RaftStorage:Storage Directory /workdir/hadoop-ozone/integration-test/target/test-dir/MiniOzoneClusterImpl-5426e04b-cf13-4b79-ba23-0228079aae76/datanode-1/data/ratis/7fd060b6-d0d3-4d21-ae79-da866f9dbd0b
2019-10-14 19:31:11,958 [pool-267-thread-1] INFO  server.RaftServerConfigKeys (ConfUtils.java:logGet(43)) - raft.server.log.statemachine.data.sync = true (default)
2019-10-14 19:31:11,958 [pool-247-thread-1] INFO  server.RaftServerConfigKeys (ConfUtils.java:logGet(43)) - raft.server.log.queue.byte-limit = 2147483647 (custom)
2019-10-14 19:31:11,958 [pool-267-thread-1] INFO  server.RaftServerConfigKeys (ConfUtils.java:logGet(43)) - raft.server.log.statemachine.data.sync.timeout = 10s (default)
2019-10-14 19:31:11,958 [pool-217-thread-1] INFO  server.RaftServerConfigKeys (ConfUtils.java:logGet(43)) - raft.server.log.queue.byte-limit = 2147483647 (custom)
2019-10-14 19:31:11,959 [pool-267-thread-1] INFO  server.RaftServerConfigKeys (ConfUtils.java:logGet(43)) - raft.server.log.statemachine.data.sync.timeout.retry = -1 (default)
2019-10-14 19:31:11,958 [pool-247-thread-1] INFO  server.RaftServerConfigKeys (ConfUtils.java:logGet(43)) - raft.server.log.queue.element-limit = 1024 (custom)
2019-10-14 19:31:11,959 [pool-267-thread-1] INFO  server.RaftServerConfigKeys (ConfUtils.java:logGet(43)) - raft.server.log.statemachine.data.caching.enabled = true (custom)
2019-10-14 19:31:11,959 [pool-217-thread-1] INFO  server.RaftServerConfigKeys (ConfUtils.java:logGet(43)) - raft.server.log.queue.element-limit = 1024 (custom)
2019-10-14 19:31:11,959 [pool-247-thread-1] INFO  server.RaftServerConfigKeys (ConfUtils.java:logGet(43)) - raft.server.log.segment.size.max = 1048576 (custom)
2019-10-14 19:31:11,960 [pool-267-thread-1] INFO  segmented.SegmentedRaftLogWorker (SegmentedRaftLogWorker.java:lambda$new$0(128)) - 09a9200a-ead6-4084-a723-89436f5cacce@group-DA866F9DBD0B-SegmentedRaftLogWorker: flushIndex: setUnconditionally 0 -> -1
2019-10-14 19:31:11,959 [pool-217-thread-1] INFO  server.RaftServerConfigKeys (ConfUtils.java:logGet(43)) - raft.server.log.segment.size.max = 1048576 (custom)
2019-10-14 19:31:11,960 [pool-267-thread-1] INFO  server.RaftServerConfigKeys (ConfUtils.java:logGet(43)) - raft.server.snapshot.auto.trigger.enabled = true (custom)
2019-10-14 19:31:11,960 [pool-247-thread-1] INFO  server.RaftServerConfigKeys (ConfUtils.java:logGet(43)) - raft.server.log.preallocated.size = 16384 (custom)
2019-10-14 19:31:11,960 [pool-267-thread-1] INFO  server.RaftServerConfigKeys (ConfUtils.java:logGet(43)) - raft.server.snapshot.auto.trigger.threshold = 10000 (custom)
2019-10-14 19:31:11,960 [pool-217-thread-1] INFO  server.RaftServerConfigKeys (ConfUtils.java:logGet(43)) - raft.server.log.preallocated.size = 16384 (custom)
2019-10-14 19:31:11,960 [pool-267-thread-1] INFO  server.RaftServerConfigKeys (ConfUtils.java:logGet(43)) - raft.server.snapshot.retention.file.num = 5 (custom)
2019-10-14 19:31:11,960 [pool-247-thread-1] INFO  server.RaftServerConfigKeys (ConfUtils.java:logGet(43)) - raft.server.log.write.buffer.size = 33554432 (custom)
2019-10-14 19:31:11,961 [pool-267-thread-1] INFO  server.RaftServerConfigKeys (ConfUtils.java:logGet(43)) - raft.server.retrycache.expirytime = 600000ms (custom)
2019-10-14 19:31:11,961 [pool-217-thread-1] INFO  server.RaftServerConfigKeys (ConfUtils.java:logGet(43)) - raft.server.log.write.buffer.size = 33554432 (custom)
2019-10-14 19:31:11,961 [pool-247-thread-1] INFO  server.RaftServerConfigKeys (ConfUtils.java:logGet(43)) - raft.server.log.force.sync.num = 128 (default)
2019-10-14 19:31:11,961 [pool-217-thread-1] INFO  server.RaftServerConfigKeys (ConfUtils.java:logGet(43)) - raft.server.log.force.sync.num = 128 (default)
2019-10-14 19:31:11,961 [pool-247-thread-1] INFO  server.RaftServerConfigKeys (ConfUtils.java:logGet(43)) - raft.server.log.statemachine.data.sync = true (default)
2019-10-14 19:31:11,961 [pool-217-thread-1] INFO  server.RaftServerConfigKeys (ConfUtils.java:logGet(43)) - raft.server.log.statemachine.data.sync = true (default)
2019-10-14 19:31:11,962 [pool-247-thread-1] INFO  server.RaftServerConfigKeys (ConfUtils.java:logGet(43)) - raft.server.log.statemachine.data.sync.timeout = 10s (default)
2019-10-14 19:31:11,962 [pool-217-thread-1] INFO  server.RaftServerConfigKeys (ConfUtils.java:logGet(43)) - raft.server.log.statemachine.data.sync.timeout = 10s (default)
2019-10-14 19:31:11,962 [pool-247-thread-1] INFO  server.RaftServerConfigKeys (ConfUtils.java:logGet(43)) - raft.server.log.statemachine.data.sync.timeout.retry = -1 (default)
2019-10-14 19:31:11,962 [pool-217-thread-1] INFO  server.RaftServerConfigKeys (ConfUtils.java:logGet(43)) - raft.server.log.statemachine.data.sync.timeout.retry = -1 (default)
2019-10-14 19:31:11,962 [pool-247-thread-1] INFO  server.RaftServerConfigKeys (ConfUtils.java:logGet(43)) - raft.server.log.statemachine.data.caching.enabled = true (custom)
2019-10-14 19:31:11,962 [pool-217-thread-1] INFO  server.RaftServerConfigKeys (ConfUtils.java:logGet(43)) - raft.server.log.statemachine.data.caching.enabled = true (custom)
2019-10-14 19:31:11,963 [pool-247-thread-1] INFO  segmented.SegmentedRaftLogWorker (SegmentedRaftLogWorker.java:lambda$new$0(128)) - 670e30cf-8b9d-44a8-8fa0-e58ec8ba4c01@group-DA866F9DBD0B-SegmentedRaftLogWorker: flushIndex: setUnconditionally 0 -> -1
2019-10-14 19:31:11,963 [pool-217-thread-1] INFO  segmented.SegmentedRaftLogWorker (SegmentedRaftLogWorker.java:lambda$new$0(128)) - 60a49fad-6bbc-4e1d-b332-64cc210e3f49@group-DA866F9DBD0B-SegmentedRaftLogWorker: flushIndex: setUnconditionally 0 -> -1
2019-10-14 19:31:11,963 [pool-247-thread-1] INFO  server.RaftServerConfigKeys (ConfUtils.java:logGet(43)) - raft.server.snapshot.auto.trigger.enabled = true (custom)
2019-10-14 19:31:11,963 [pool-217-thread-1] INFO  server.RaftServerConfigKeys (ConfUtils.java:logGet(43)) - raft.server.snapshot.auto.trigger.enabled = true (custom)
2019-10-14 19:31:11,963 [pool-247-thread-1] INFO  server.RaftServerConfigKeys (ConfUtils.java:logGet(43)) - raft.server.snapshot.auto.trigger.threshold = 10000 (custom)
2019-10-14 19:31:11,963 [pool-217-thread-1] INFO  server.RaftServerConfigKeys (ConfUtils.java:logGet(43)) - raft.server.snapshot.auto.trigger.threshold = 10000 (custom)
2019-10-14 19:31:11,964 [pool-247-thread-1] INFO  server.RaftServerConfigKeys (ConfUtils.java:logGet(43)) - raft.server.snapshot.retention.file.num = 5 (custom)
2019-10-14 19:31:11,964 [pool-217-thread-1] INFO  server.RaftServerConfigKeys (ConfUtils.java:logGet(43)) - raft.server.snapshot.retention.file.num = 5 (custom)
2019-10-14 19:31:11,964 [pool-247-thread-1] INFO  server.RaftServerConfigKeys (ConfUtils.java:logGet(43)) - raft.server.retrycache.expirytime = 600000ms (custom)
2019-10-14 19:31:11,964 [pool-217-thread-1] INFO  server.RaftServerConfigKeys (ConfUtils.java:logGet(43)) - raft.server.retrycache.expirytime = 600000ms (custom)
2019-10-14 19:31:11,964 [pool-267-thread-1] INFO  impl.RaftServerImpl (RaftServerImpl.java:start(181)) - 09a9200a-ead6-4084-a723-89436f5cacce@group-DA866F9DBD0B: start as a follower, conf=-1: [60a49fad-6bbc-4e1d-b332-64cc210e3f49:192.168.164.219:42016, 670e30cf-8b9d-44a8-8fa0-e58ec8ba4c01:192.168.164.219:41985, 09a9200a-ead6-4084-a723-89436f5cacce:192.168.164.219:39131], old=null
2019-10-14 19:31:11,964 [pool-267-thread-1] INFO  impl.RaftServerImpl (RaftServerImpl.java:setRole(170)) - 09a9200a-ead6-4084-a723-89436f5cacce@group-DA866F9DBD0B: changes role from      null to FOLLOWER at term 0 for startAsFollower
2019-10-14 19:31:11,965 [pool-267-thread-1] INFO  impl.RoleInfo (RoleInfo.java:updateAndGet(143)) - 09a9200a-ead6-4084-a723-89436f5cacce: start FollowerState
2019-10-14 19:31:11,965 [pool-267-thread-1] INFO  util.JmxRegister (JmxRegister.java:tryRegister(44)) - Successfully registered JMX Bean with object name Ratis:service=RaftServer,group=group-DA866F9DBD0B,id=09a9200a-ead6-4084-a723-89436f5cacce
2019-10-14 19:31:11,967 [pool-247-thread-1] INFO  impl.RaftServerImpl (RaftServerImpl.java:start(181)) - 670e30cf-8b9d-44a8-8fa0-e58ec8ba4c01@group-DA866F9DBD0B: start as a follower, conf=-1: [60a49fad-6bbc-4e1d-b332-64cc210e3f49:192.168.164.219:42016, 670e30cf-8b9d-44a8-8fa0-e58ec8ba4c01:192.168.164.219:41985, 09a9200a-ead6-4084-a723-89436f5cacce:192.168.164.219:39131], old=null
2019-10-14 19:31:11,967 [pool-217-thread-1] INFO  impl.RaftServerImpl (RaftServerImpl.java:start(181)) - 60a49fad-6bbc-4e1d-b332-64cc210e3f49@group-DA866F9DBD0B: start as a follower, conf=-1: [60a49fad-6bbc-4e1d-b332-64cc210e3f49:192.168.164.219:42016, 670e30cf-8b9d-44a8-8fa0-e58ec8ba4c01:192.168.164.219:41985, 09a9200a-ead6-4084-a723-89436f5cacce:192.168.164.219:39131], old=null
2019-10-14 19:31:11,967 [pool-247-thread-1] INFO  impl.RaftServerImpl (RaftServerImpl.java:setRole(170)) - 670e30cf-8b9d-44a8-8fa0-e58ec8ba4c01@group-DA866F9DBD0B: changes role from      null to FOLLOWER at term 0 for startAsFollower
2019-10-14 19:31:11,968 [pool-217-thread-1] INFO  impl.RaftServerImpl (RaftServerImpl.java:setRole(170)) - 60a49fad-6bbc-4e1d-b332-64cc210e3f49@group-DA866F9DBD0B: changes role from      null to FOLLOWER at term 0 for startAsFollower
2019-10-14 19:31:11,968 [pool-247-thread-1] INFO  impl.RoleInfo (RoleInfo.java:updateAndGet(143)) - 670e30cf-8b9d-44a8-8fa0-e58ec8ba4c01: start FollowerState
2019-10-14 19:31:11,968 [pool-217-thread-1] INFO  impl.RoleInfo (RoleInfo.java:updateAndGet(143)) - 60a49fad-6bbc-4e1d-b332-64cc210e3f49: start FollowerState
2019-10-14 19:31:11,968 [pool-247-thread-1] INFO  util.JmxRegister (JmxRegister.java:tryRegister(44)) - Successfully registered JMX Bean with object name Ratis:service=RaftServer,group=group-DA866F9DBD0B,id=670e30cf-8b9d-44a8-8fa0-e58ec8ba4c01
2019-10-14 19:31:11,968 [pool-217-thread-1] INFO  util.JmxRegister (JmxRegister.java:tryRegister(44)) - Successfully registered JMX Bean with object name Ratis:service=RaftServer,group=group-DA866F9DBD0B,id=60a49fad-6bbc-4e1d-b332-64cc210e3f49
2019-10-14 19:31:11,974 [RatisPipelineUtilsThread] INFO  pipeline.PipelineStateManager (PipelineStateManager.java:addPipeline(57)) - Created pipeline Pipeline[ Id: 7fd060b6-d0d3-4d21-ae79-da866f9dbd0b, Nodes: 60a49fad-6bbc-4e1d-b332-64cc210e3f49{ip: 192.168.164.219, host: pr-hdds-1868-cfdmt-251076870, networkLocation: /default-rack, certSerialId: null}670e30cf-8b9d-44a8-8fa0-e58ec8ba4c01{ip: 192.168.164.219, host: pr-hdds-1868-cfdmt-251076870, networkLocation: /default-rack, certSerialId: null}09a9200a-ead6-4084-a723-89436f5cacce{ip: 192.168.164.219, host: pr-hdds-1868-cfdmt-251076870, networkLocation: /default-rack, certSerialId: null}, Type:RATIS, Factor:THREE, State:ALLOCATED]
2019-10-14 19:31:11,985 [grpc-default-executor-0] INFO  impl.RaftServerProxy (RaftServerProxy.java:addNew(89)) - 16559e07-b115-4923-830d-9f131e57a377: addNew group-28614AB45D58:[16559e07-b115-4923-830d-9f131e57a377:192.168.164.219:43713, 44bbad9b-132e-4c90-942f-c1d112d4c4ce:192.168.164.219:45221, 754a67b9-88e9-4a43-ab15-6919b56b0be8:192.168.164.219:43793] returns group-28614AB45D58:java.util.concurrent.CompletableFuture@828e9cb[Not completed]
2019-10-14 19:31:11,985 [grpc-default-executor-2] INFO  impl.RaftServerProxy (RaftServerProxy.java:addNew(89)) - 44bbad9b-132e-4c90-942f-c1d112d4c4ce: addNew group-28614AB45D58:[16559e07-b115-4923-830d-9f131e57a377:192.168.164.219:43713, 44bbad9b-132e-4c90-942f-c1d112d4c4ce:192.168.164.219:45221, 754a67b9-88e9-4a43-ab15-6919b56b0be8:192.168.164.219:43793] returns group-28614AB45D58:java.util.concurrent.CompletableFuture@6c21be3a[Not completed]
2019-10-14 19:31:11,987 [grpc-default-executor-1] INFO  impl.RaftServerProxy (RaftServerProxy.java:addNew(89)) - 754a67b9-88e9-4a43-ab15-6919b56b0be8: addNew group-28614AB45D58:[16559e07-b115-4923-830d-9f131e57a377:192.168.164.219:43713, 44bbad9b-132e-4c90-942f-c1d112d4c4ce:192.168.164.219:45221, 754a67b9-88e9-4a43-ab15-6919b56b0be8:192.168.164.219:43793] returns group-28614AB45D58:java.util.concurrent.CompletableFuture@303c3dbb[Not completed]
2019-10-14 19:31:11,989 [pool-237-thread-1] INFO  impl.RaftServerImpl (RaftServerImpl.java:<init>(95)) - 16559e07-b115-4923-830d-9f131e57a377: new RaftServerImpl for group-28614AB45D58:[16559e07-b115-4923-830d-9f131e57a377:192.168.164.219:43713, 44bbad9b-132e-4c90-942f-c1d112d4c4ce:192.168.164.219:45221, 754a67b9-88e9-4a43-ab15-6919b56b0be8:192.168.164.219:43793] with ContainerStateMachine:uninitialized
2019-10-14 19:31:11,989 [pool-237-thread-1] INFO  server.RaftServerConfigKeys (ConfUtils.java:logGet(43)) - raft.server.rpc.timeout.min = 5s (custom)
2019-10-14 19:31:11,989 [pool-237-thread-1] INFO  server.RaftServerConfigKeys (ConfUtils.java:logGet(43)) - raft.server.rpc.timeout.max = 5200ms (custom)
2019-10-14 19:31:11,989 [pool-237-thread-1] INFO  server.RaftServerConfigKeys (ConfUtils.java:logGet(43)) - raft.server.rpcslowness.timeout = 120s (custom)
2019-10-14 19:31:11,989 [pool-237-thread-1] INFO  server.RaftServerConfigKeys (ConfUtils.java:logGet(43)) - raft.server.sleep.deviation.threshold = 300 (default)
2019-10-14 19:31:11,989 [pool-207-thread-1] INFO  impl.RaftServerImpl (RaftServerImpl.java:<init>(95)) - 754a67b9-88e9-4a43-ab15-6919b56b0be8: new RaftServerImpl for group-28614AB45D58:[16559e07-b115-4923-830d-9f131e57a377:192.168.164.219:43713, 44bbad9b-132e-4c90-942f-c1d112d4c4ce:192.168.164.219:45221, 754a67b9-88e9-4a43-ab15-6919b56b0be8:192.168.164.219:43793] with ContainerStateMachine:uninitialized
2019-10-14 19:31:11,989 [pool-237-thread-1] INFO  server.RaftServerConfigKeys (ConfUtils.java:logGet(43)) - raft.server.log.appender.install.snapshot.enabled = false (custom)
2019-10-14 19:31:11,989 [pool-207-thread-1] INFO  server.RaftServerConfigKeys (ConfUtils.java:logGet(43)) - raft.server.rpc.timeout.min = 5s (custom)
2019-10-14 19:31:11,990 [pool-237-thread-1] INFO  impl.RaftServerImpl (ServerState.java:<init>(103)) - 16559e07-b115-4923-830d-9f131e57a377@group-28614AB45D58: ConfigurationManager, init=-1: [16559e07-b115-4923-830d-9f131e57a377:192.168.164.219:43713, 44bbad9b-132e-4c90-942f-c1d112d4c4ce:192.168.164.219:45221, 754a67b9-88e9-4a43-ab15-6919b56b0be8:192.168.164.219:43793], old=null, confs=<EMPTY_MAP>
2019-10-14 19:31:11,990 [pool-207-thread-1] INFO  server.RaftServerConfigKeys (ConfUtils.java:logGet(43)) - raft.server.rpc.timeout.max = 5200ms (custom)
2019-10-14 19:31:11,990 [pool-227-thread-1] INFO  impl.RaftServerImpl (RaftServerImpl.java:<init>(95)) - 44bbad9b-132e-4c90-942f-c1d112d4c4ce: new RaftServerImpl for group-28614AB45D58:[16559e07-b115-4923-830d-9f131e57a377:192.168.164.219:43713, 44bbad9b-132e-4c90-942f-c1d112d4c4ce:192.168.164.219:45221, 754a67b9-88e9-4a43-ab15-6919b56b0be8:192.168.164.219:43793] with ContainerStateMachine:uninitialized
2019-10-14 19:31:11,990 [pool-237-thread-1] INFO  server.RaftServerConfigKeys (ConfUtils.java:logGet(43)) - raft.server.storage.dir = [/workdir/hadoop-ozone/integration-test/target/test-dir/MiniOzoneClusterImpl-5426e04b-cf13-4b79-ba23-0228079aae76/datanode-3/data/ratis] (custom)
2019-10-14 19:31:11,990 [pool-227-thread-1] INFO  server.RaftServerConfigKeys (ConfUtils.java:logGet(43)) - raft.server.rpc.timeout.min = 5s (custom)
2019-10-14 19:31:11,990 [pool-207-thread-1] INFO  server.RaftServerConfigKeys (ConfUtils.java:logGet(43)) - raft.server.rpcslowness.timeout = 120s (custom)
2019-10-14 19:31:11,990 [pool-237-thread-1] INFO  server.RaftServerConfigKeys (ConfUtils.java:logGet(43)) - raft.server.log.corruption.policy = EXCEPTION (default)
2019-10-14 19:31:11,990 [pool-227-thread-1] INFO  server.RaftServerConfigKeys (ConfUtils.java:logGet(43)) - raft.server.rpc.timeout.max = 5200ms (custom)
2019-10-14 19:31:11,991 [pool-237-thread-1] INFO  storage.RaftStorageDirectory (RaftStorageDirectory.java:analyzeStorage(246)) - The storage directory /workdir/hadoop-ozone/integration-test/target/test-dir/MiniOzoneClusterImpl-5426e04b-cf13-4b79-ba23-0228079aae76/datanode-3/data/ratis/99b6b8f1-f241-4bf8-a8ce-28614ab45d58 does not exist. Creating ...
2019-10-14 19:31:11,990 [pool-207-thread-1] INFO  server.RaftServerConfigKeys (ConfUtils.java:logGet(43)) - raft.server.sleep.deviation.threshold = 300 (default)
2019-10-14 19:31:11,991 [pool-227-thread-1] INFO  server.RaftServerConfigKeys (ConfUtils.java:logGet(43)) - raft.server.rpcslowness.timeout = 120s (custom)
2019-10-14 19:31:11,991 [pool-207-thread-1] INFO  server.RaftServerConfigKeys (ConfUtils.java:logGet(43)) - raft.server.log.appender.install.snapshot.enabled = false (custom)
2019-10-14 19:31:11,991 [pool-227-thread-1] INFO  server.RaftServerConfigKeys (ConfUtils.java:logGet(43)) - raft.server.sleep.deviation.threshold = 300 (default)
2019-10-14 19:31:11,991 [pool-207-thread-1] INFO  impl.RaftServerImpl (ServerState.java:<init>(103)) - 754a67b9-88e9-4a43-ab15-6919b56b0be8@group-28614AB45D58: ConfigurationManager, init=-1: [16559e07-b115-4923-830d-9f131e57a377:192.168.164.219:43713, 44bbad9b-132e-4c90-942f-c1d112d4c4ce:192.168.164.219:45221, 754a67b9-88e9-4a43-ab15-6919b56b0be8:192.168.164.219:43793], old=null, confs=<EMPTY_MAP>
2019-10-14 19:31:11,992 [pool-227-thread-1] INFO  server.RaftServerConfigKeys (ConfUtils.java:logGet(43)) - raft.server.log.appender.install.snapshot.enabled = false (custom)
2019-10-14 19:31:11,992 [pool-207-thread-1] INFO  server.RaftServerConfigKeys (ConfUtils.java:logGet(43)) - raft.server.storage.dir = [/workdir/hadoop-ozone/integration-test/target/test-dir/MiniOzoneClusterImpl-5426e04b-cf13-4b79-ba23-0228079aae76/datanode-0/data/ratis] (custom)
2019-10-14 19:31:11,992 [pool-227-thread-1] INFO  impl.RaftServerImpl (ServerState.java:<init>(103)) - 44bbad9b-132e-4c90-942f-c1d112d4c4ce@group-28614AB45D58: ConfigurationManager, init=-1: [16559e07-b115-4923-830d-9f131e57a377:192.168.164.219:43713, 44bbad9b-132e-4c90-942f-c1d112d4c4ce:192.168.164.219:45221, 754a67b9-88e9-4a43-ab15-6919b56b0be8:192.168.164.219:43793], old=null, confs=<EMPTY_MAP>
2019-10-14 19:31:11,992 [pool-227-thread-1] INFO  server.RaftServerConfigKeys (ConfUtils.java:logGet(43)) - raft.server.storage.dir = [/workdir/hadoop-ozone/integration-test/target/test-dir/MiniOzoneClusterImpl-5426e04b-cf13-4b79-ba23-0228079aae76/datanode-2/data/ratis] (custom)
2019-10-14 19:31:11,992 [pool-207-thread-1] INFO  server.RaftServerConfigKeys (ConfUtils.java:logGet(43)) - raft.server.log.corruption.policy = EXCEPTION (default)
2019-10-14 19:31:11,992 [pool-227-thread-1] INFO  server.RaftServerConfigKeys (ConfUtils.java:logGet(43)) - raft.server.log.corruption.policy = EXCEPTION (default)
2019-10-14 19:31:11,992 [pool-207-thread-1] INFO  storage.RaftStorageDirectory (RaftStorageDirectory.java:analyzeStorage(246)) - The storage directory /workdir/hadoop-ozone/integration-test/target/test-dir/MiniOzoneClusterImpl-5426e04b-cf13-4b79-ba23-0228079aae76/datanode-0/data/ratis/99b6b8f1-f241-4bf8-a8ce-28614ab45d58 does not exist. Creating ...
2019-10-14 19:31:11,993 [pool-227-thread-1] INFO  storage.RaftStorageDirectory (RaftStorageDirectory.java:analyzeStorage(246)) - The storage directory /workdir/hadoop-ozone/integration-test/target/test-dir/MiniOzoneClusterImpl-5426e04b-cf13-4b79-ba23-0228079aae76/datanode-2/data/ratis/99b6b8f1-f241-4bf8-a8ce-28614ab45d58 does not exist. Creating ...
2019-10-14 19:31:12,021 [pool-207-thread-1] INFO  storage.RaftStorageDirectory (RaftStorageDirectory.java:tryLock(328)) - Lock on /workdir/hadoop-ozone/integration-test/target/test-dir/MiniOzoneClusterImpl-5426e04b-cf13-4b79-ba23-0228079aae76/datanode-0/data/ratis/99b6b8f1-f241-4bf8-a8ce-28614ab45d58/in_use.lock acquired by nodename 20360@pr-hdds-1868-cfdmt-251076870
2019-10-14 19:31:12,021 [pool-227-thread-1] INFO  storage.RaftStorageDirectory (RaftStorageDirectory.java:tryLock(328)) - Lock on /workdir/hadoop-ozone/integration-test/target/test-dir/MiniOzoneClusterImpl-5426e04b-cf13-4b79-ba23-0228079aae76/datanode-2/data/ratis/99b6b8f1-f241-4bf8-a8ce-28614ab45d58/in_use.lock acquired by nodename 20360@pr-hdds-1868-cfdmt-251076870
2019-10-14 19:31:12,021 [pool-237-thread-1] INFO  storage.RaftStorageDirectory (RaftStorageDirectory.java:tryLock(328)) - Lock on /workdir/hadoop-ozone/integration-test/target/test-dir/MiniOzoneClusterImpl-5426e04b-cf13-4b79-ba23-0228079aae76/datanode-3/data/ratis/99b6b8f1-f241-4bf8-a8ce-28614ab45d58/in_use.lock acquired by nodename 20360@pr-hdds-1868-cfdmt-251076870
2019-10-14 19:31:12,047 [pool-207-thread-1] INFO  storage.RaftStorage (RaftStorage.java:format(84)) - Storage directory /workdir/hadoop-ozone/integration-test/target/test-dir/MiniOzoneClusterImpl-5426e04b-cf13-4b79-ba23-0228079aae76/datanode-0/data/ratis/99b6b8f1-f241-4bf8-a8ce-28614ab45d58 has been successfully formatted.
2019-10-14 19:31:12,047 [pool-237-thread-1] INFO  storage.RaftStorage (RaftStorage.java:format(84)) - Storage directory /workdir/hadoop-ozone/integration-test/target/test-dir/MiniOzoneClusterImpl-5426e04b-cf13-4b79-ba23-0228079aae76/datanode-3/data/ratis/99b6b8f1-f241-4bf8-a8ce-28614ab45d58 has been successfully formatted.
2019-10-14 19:31:12,047 [pool-227-thread-1] INFO  storage.RaftStorage (RaftStorage.java:format(84)) - Storage directory /workdir/hadoop-ozone/integration-test/target/test-dir/MiniOzoneClusterImpl-5426e04b-cf13-4b79-ba23-0228079aae76/datanode-2/data/ratis/99b6b8f1-f241-4bf8-a8ce-28614ab45d58 has been successfully formatted.
2019-10-14 19:31:12,047 [pool-207-thread-1] INFO  ratis.ContainerStateMachine (ContainerStateMachine.java:loadSnapshot(233)) - group-28614AB45D58: The snapshot info is null. Setting the last applied indexto:(t:0, i:~)
2019-10-14 19:31:12,048 [pool-227-thread-1] INFO  ratis.ContainerStateMachine (ContainerStateMachine.java:loadSnapshot(233)) - group-28614AB45D58: The snapshot info is null. Setting the last applied indexto:(t:0, i:~)
2019-10-14 19:31:12,048 [pool-237-thread-1] INFO  ratis.ContainerStateMachine (ContainerStateMachine.java:loadSnapshot(233)) - group-28614AB45D58: The snapshot info is null. Setting the last applied indexto:(t:0, i:~)
2019-10-14 19:31:12,048 [pool-227-thread-1] INFO  server.RaftServerConfigKeys (ConfUtils.java:logGet(43)) - raft.server.notification.no-leader.timeout = 120s (custom)
2019-10-14 19:31:12,048 [pool-207-thread-1] INFO  server.RaftServerConfigKeys (ConfUtils.java:logGet(43)) - raft.server.notification.no-leader.timeout = 120s (custom)
2019-10-14 19:31:12,048 [pool-227-thread-1] INFO  server.RaftServerConfigKeys (ConfUtils.java:logGet(43)) - raft.server.log.use.memory = false (default)
2019-10-14 19:31:12,048 [pool-237-thread-1] INFO  server.RaftServerConfigKeys (ConfUtils.java:logGet(43)) - raft.server.notification.no-leader.timeout = 120s (custom)
2019-10-14 19:31:12,048 [pool-227-thread-1] INFO  server.RaftServerConfigKeys (ConfUtils.java:logGet(43)) - raft.server.log.purge.gap = 1000000 (custom)
2019-10-14 19:31:12,048 [pool-207-thread-1] INFO  server.RaftServerConfigKeys (ConfUtils.java:logGet(43)) - raft.server.log.use.memory = false (default)
2019-10-14 19:31:12,049 [pool-227-thread-1] INFO  server.RaftServerConfigKeys (ConfUtils.java:logGet(43)) - raft.server.log.appender.buffer.byte-limit = 33554432 (custom)
2019-10-14 19:31:12,049 [pool-237-thread-1] INFO  server.RaftServerConfigKeys (ConfUtils.java:logGet(43)) - raft.server.log.use.memory = false (default)
2019-10-14 19:31:12,049 [pool-227-thread-1] INFO  server.RaftServerConfigKeys (ConfUtils.java:logGet(43)) - raft.server.log.segment.size.max = 1048576 (custom)
2019-10-14 19:31:12,049 [pool-207-thread-1] INFO  server.RaftServerConfigKeys (ConfUtils.java:logGet(43)) - raft.server.log.purge.gap = 1000000 (custom)
2019-10-14 19:31:12,049 [pool-227-thread-1] INFO  server.RaftServerConfigKeys (ConfUtils.java:logGet(43)) - raft.server.log.segment.cache.num.max = 2 (custom)
2019-10-14 19:31:12,049 [pool-237-thread-1] INFO  server.RaftServerConfigKeys (ConfUtils.java:logGet(43)) - raft.server.log.purge.gap = 1000000 (custom)
2019-10-14 19:31:12,050 [pool-227-thread-1] INFO  segmented.SegmentedRaftLogWorker (SegmentedRaftLogWorker.java:<init>(173)) - new 44bbad9b-132e-4c90-942f-c1d112d4c4ce@group-28614AB45D58-SegmentedRaftLogWorker for RaftStorage:Storage Directory /workdir/hadoop-ozone/integration-test/target/test-dir/MiniOzoneClusterImpl-5426e04b-cf13-4b79-ba23-0228079aae76/datanode-2/data/ratis/99b6b8f1-f241-4bf8-a8ce-28614ab45d58
2019-10-14 19:31:12,050 [pool-207-thread-1] INFO  server.RaftServerConfigKeys (ConfUtils.java:logGet(43)) - raft.server.log.appender.buffer.byte-limit = 33554432 (custom)
2019-10-14 19:31:12,050 [pool-227-thread-1] INFO  server.RaftServerConfigKeys (ConfUtils.java:logGet(43)) - raft.server.log.queue.byte-limit = 2147483647 (custom)
2019-10-14 19:31:12,050 [pool-237-thread-1] INFO  server.RaftServerConfigKeys (ConfUtils.java:logGet(43)) - raft.server.log.appender.buffer.byte-limit = 33554432 (custom)
2019-10-14 19:31:12,050 [pool-227-thread-1] INFO  server.RaftServerConfigKeys (ConfUtils.java:logGet(43)) - raft.server.log.queue.element-limit = 1024 (custom)
2019-10-14 19:31:12,051 [pool-227-thread-1] INFO  server.RaftServerConfigKeys (ConfUtils.java:logGet(43)) - raft.server.log.segment.size.max = 1048576 (custom)
2019-10-14 19:31:12,050 [pool-207-thread-1] INFO  server.RaftServerConfigKeys (ConfUtils.java:logGet(43)) - raft.server.log.segment.size.max = 1048576 (custom)
2019-10-14 19:31:12,051 [pool-227-thread-1] INFO  server.RaftServerConfigKeys (ConfUtils.java:logGet(43)) - raft.server.log.preallocated.size = 16384 (custom)
2019-10-14 19:31:12,051 [pool-227-thread-1] INFO  server.RaftServerConfigKeys (ConfUtils.java:logGet(43)) - raft.server.log.write.buffer.size = 33554432 (custom)
2019-10-14 19:31:12,051 [pool-237-thread-1] INFO  server.RaftServerConfigKeys (ConfUtils.java:logGet(43)) - raft.server.log.segment.size.max = 1048576 (custom)
2019-10-14 19:31:12,051 [pool-227-thread-1] INFO  server.RaftServerConfigKeys (ConfUtils.java:logGet(43)) - raft.server.log.force.sync.num = 128 (default)
2019-10-14 19:31:12,052 [pool-227-thread-1] INFO  server.RaftServerConfigKeys (ConfUtils.java:logGet(43)) - raft.server.log.statemachine.data.sync = true (default)
2019-10-14 19:31:12,051 [pool-207-thread-1] INFO  server.RaftServerConfigKeys (ConfUtils.java:logGet(43)) - raft.server.log.segment.cache.num.max = 2 (custom)
2019-10-14 19:31:12,052 [pool-227-thread-1] INFO  server.RaftServerConfigKeys (ConfUtils.java:logGet(43)) - raft.server.log.statemachine.data.sync.timeout = 10s (default)
2019-10-14 19:31:12,052 [pool-237-thread-1] INFO  server.RaftServerConfigKeys (ConfUtils.java:logGet(43)) - raft.server.log.segment.cache.num.max = 2 (custom)
2019-10-14 19:31:12,052 [pool-227-thread-1] INFO  server.RaftServerConfigKeys (ConfUtils.java:logGet(43)) - raft.server.log.statemachine.data.sync.timeout.retry = -1 (default)
2019-10-14 19:31:12,052 [pool-207-thread-1] INFO  segmented.SegmentedRaftLogWorker (SegmentedRaftLogWorker.java:<init>(173)) - new 754a67b9-88e9-4a43-ab15-6919b56b0be8@group-28614AB45D58-SegmentedRaftLogWorker for RaftStorage:Storage Directory /workdir/hadoop-ozone/integration-test/target/test-dir/MiniOzoneClusterImpl-5426e04b-cf13-4b79-ba23-0228079aae76/datanode-0/data/ratis/99b6b8f1-f241-4bf8-a8ce-28614ab45d58
2019-10-14 19:31:12,053 [pool-227-thread-1] INFO  server.RaftServerConfigKeys (ConfUtils.java:logGet(43)) - raft.server.log.statemachine.data.caching.enabled = true (custom)
2019-10-14 19:31:12,053 [pool-237-thread-1] INFO  segmented.SegmentedRaftLogWorker (SegmentedRaftLogWorker.java:<init>(173)) - new 16559e07-b115-4923-830d-9f131e57a377@group-28614AB45D58-SegmentedRaftLogWorker for RaftStorage:Storage Directory /workdir/hadoop-ozone/integration-test/target/test-dir/MiniOzoneClusterImpl-5426e04b-cf13-4b79-ba23-0228079aae76/datanode-3/data/ratis/99b6b8f1-f241-4bf8-a8ce-28614ab45d58
2019-10-14 19:31:12,053 [pool-237-thread-1] INFO  server.RaftServerConfigKeys (ConfUtils.java:logGet(43)) - raft.server.log.queue.byte-limit = 2147483647 (custom)
2019-10-14 19:31:12,053 [pool-207-thread-1] INFO  server.RaftServerConfigKeys (ConfUtils.java:logGet(43)) - raft.server.log.queue.byte-limit = 2147483647 (custom)
2019-10-14 19:31:12,053 [pool-237-thread-1] INFO  server.RaftServerConfigKeys (ConfUtils.java:logGet(43)) - raft.server.log.queue.element-limit = 1024 (custom)
2019-10-14 19:31:12,053 [pool-227-thread-1] INFO  segmented.SegmentedRaftLogWorker (SegmentedRaftLogWorker.java:lambda$new$0(128)) - 44bbad9b-132e-4c90-942f-c1d112d4c4ce@group-28614AB45D58-SegmentedRaftLogWorker: flushIndex: setUnconditionally 0 -> -1
2019-10-14 19:31:12,054 [pool-237-thread-1] INFO  server.RaftServerConfigKeys (ConfUtils.java:logGet(43)) - raft.server.log.segment.size.max = 1048576 (custom)
2019-10-14 19:31:12,054 [pool-207-thread-1] INFO  server.RaftServerConfigKeys (ConfUtils.java:logGet(43)) - raft.server.log.queue.element-limit = 1024 (custom)
2019-10-14 19:31:12,054 [pool-227-thread-1] INFO  server.RaftServerConfigKeys (ConfUtils.java:logGet(43)) - raft.server.snapshot.auto.trigger.enabled = true (custom)
2019-10-14 19:31:12,054 [pool-237-thread-1] INFO  server.RaftServerConfigKeys (ConfUtils.java:logGet(43)) - raft.server.log.preallocated.size = 16384 (custom)
2019-10-14 19:31:12,054 [pool-227-thread-1] INFO  server.RaftServerConfigKeys (ConfUtils.java:logGet(43)) - raft.server.snapshot.auto.trigger.threshold = 10000 (custom)
2019-10-14 19:31:12,054 [pool-207-thread-1] INFO  server.RaftServerConfigKeys (ConfUtils.java:logGet(43)) - raft.server.log.segment.size.max = 1048576 (custom)
2019-10-14 19:31:12,055 [pool-227-thread-1] INFO  server.RaftServerConfigKeys (ConfUtils.java:logGet(43)) - raft.server.snapshot.retention.file.num = 5 (custom)
2019-10-14 19:31:12,054 [pool-237-thread-1] INFO  server.RaftServerConfigKeys (ConfUtils.java:logGet(43)) - raft.server.log.write.buffer.size = 33554432 (custom)
2019-10-14 19:31:12,055 [pool-227-thread-1] INFO  server.RaftServerConfigKeys (ConfUtils.java:logGet(43)) - raft.server.retrycache.expirytime = 600000ms (custom)
2019-10-14 19:31:12,055 [pool-207-thread-1] INFO  server.RaftServerConfigKeys (ConfUtils.java:logGet(43)) - raft.server.log.preallocated.size = 16384 (custom)
2019-10-14 19:31:12,055 [pool-237-thread-1] INFO  server.RaftServerConfigKeys (ConfUtils.java:logGet(43)) - raft.server.log.force.sync.num = 128 (default)
2019-10-14 19:31:12,055 [pool-207-thread-1] INFO  server.RaftServerConfigKeys (ConfUtils.java:logGet(43)) - raft.server.log.write.buffer.size = 33554432 (custom)
2019-10-14 19:31:12,056 [pool-237-thread-1] INFO  server.RaftServerConfigKeys (ConfUtils.java:logGet(43)) - raft.server.log.statemachine.data.sync = true (default)
2019-10-14 19:31:12,056 [pool-207-thread-1] INFO  server.RaftServerConfigKeys (ConfUtils.java:logGet(43)) - raft.server.log.force.sync.num = 128 (default)
2019-10-14 19:31:12,056 [pool-237-thread-1] INFO  server.RaftServerConfigKeys (ConfUtils.java:logGet(43)) - raft.server.log.statemachine.data.sync.timeout = 10s (default)
2019-10-14 19:31:12,056 [pool-207-thread-1] INFO  server.RaftServerConfigKeys (ConfUtils.java:logGet(43)) - raft.server.log.statemachine.data.sync = true (default)
2019-10-14 19:31:12,056 [pool-237-thread-1] INFO  server.RaftServerConfigKeys (ConfUtils.java:logGet(43)) - raft.server.log.statemachine.data.sync.timeout.retry = -1 (default)
2019-10-14 19:31:12,057 [pool-207-thread-1] INFO  server.RaftServerConfigKeys (ConfUtils.java:logGet(43)) - raft.server.log.statemachine.data.sync.timeout = 10s (default)
2019-10-14 19:31:12,057 [pool-237-thread-1] INFO  server.RaftServerConfigKeys (ConfUtils.java:logGet(43)) - raft.server.log.statemachine.data.caching.enabled = true (custom)
2019-10-14 19:31:12,057 [pool-207-thread-1] INFO  server.RaftServerConfigKeys (ConfUtils.java:logGet(43)) - raft.server.log.statemachine.data.sync.timeout.retry = -1 (default)
2019-10-14 19:31:12,057 [pool-227-thread-1] INFO  impl.RaftServerImpl (RaftServerImpl.java:start(181)) - 44bbad9b-132e-4c90-942f-c1d112d4c4ce@group-28614AB45D58: start as a follower, conf=-1: [16559e07-b115-4923-830d-9f131e57a377:192.168.164.219:43713, 44bbad9b-132e-4c90-942f-c1d112d4c4ce:192.168.164.219:45221, 754a67b9-88e9-4a43-ab15-6919b56b0be8:192.168.164.219:43793], old=null
2019-10-14 19:31:12,057 [pool-207-thread-1] INFO  server.RaftServerConfigKeys (ConfUtils.java:logGet(43)) - raft.server.log.statemachine.data.caching.enabled = true (custom)
2019-10-14 19:31:12,057 [pool-237-thread-1] INFO  segmented.SegmentedRaftLogWorker (SegmentedRaftLogWorker.java:lambda$new$0(128)) - 16559e07-b115-4923-830d-9f131e57a377@group-28614AB45D58-SegmentedRaftLogWorker: flushIndex: setUnconditionally 0 -> -1
2019-10-14 19:31:12,057 [pool-227-thread-1] INFO  impl.RaftServerImpl (RaftServerImpl.java:setRole(170)) - 44bbad9b-132e-4c90-942f-c1d112d4c4ce@group-28614AB45D58: changes role from      null to FOLLOWER at term 0 for startAsFollower
2019-10-14 19:31:12,058 [pool-207-thread-1] INFO  segmented.SegmentedRaftLogWorker (SegmentedRaftLogWorker.java:lambda$new$0(128)) - 754a67b9-88e9-4a43-ab15-6919b56b0be8@group-28614AB45D58-SegmentedRaftLogWorker: flushIndex: setUnconditionally 0 -> -1
2019-10-14 19:31:12,058 [pool-237-thread-1] INFO  server.RaftServerConfigKeys (ConfUtils.java:logGet(43)) - raft.server.snapshot.auto.trigger.enabled = true (custom)
2019-10-14 19:31:12,058 [pool-227-thread-1] INFO  impl.RoleInfo (RoleInfo.java:updateAndGet(143)) - 44bbad9b-132e-4c90-942f-c1d112d4c4ce: start FollowerState
2019-10-14 19:31:12,058 [pool-207-thread-1] INFO  server.RaftServerConfigKeys (ConfUtils.java:logGet(43)) - raft.server.snapshot.auto.trigger.enabled = true (custom)
2019-10-14 19:31:12,058 [pool-237-thread-1] INFO  server.RaftServerConfigKeys (ConfUtils.java:logGet(43)) - raft.server.snapshot.auto.trigger.threshold = 10000 (custom)
2019-10-14 19:31:12,058 [pool-227-thread-1] INFO  util.JmxRegister (JmxRegister.java:tryRegister(44)) - Successfully registered JMX Bean with object name Ratis:service=RaftServer,group=group-28614AB45D58,id=44bbad9b-132e-4c90-942f-c1d112d4c4ce
2019-10-14 19:31:12,058 [pool-207-thread-1] INFO  server.RaftServerConfigKeys (ConfUtils.java:logGet(43)) - raft.server.snapshot.auto.trigger.threshold = 10000 (custom)
2019-10-14 19:31:12,059 [pool-237-thread-1] INFO  server.RaftServerConfigKeys (ConfUtils.java:logGet(43)) - raft.server.snapshot.retention.file.num = 5 (custom)
2019-10-14 19:31:12,059 [pool-207-thread-1] INFO  server.RaftServerConfigKeys (ConfUtils.java:logGet(43)) - raft.server.snapshot.retention.file.num = 5 (custom)
2019-10-14 19:31:12,059 [pool-207-thread-1] INFO  server.RaftServerConfigKeys (ConfUtils.java:logGet(43)) - raft.server.retrycache.expirytime = 600000ms (custom)
2019-10-14 19:31:12,059 [pool-237-thread-1] INFO  server.RaftServerConfigKeys (ConfUtils.java:logGet(43)) - raft.server.retrycache.expirytime = 600000ms (custom)
2019-10-14 19:31:12,063 [pool-207-thread-1] INFO  impl.RaftServerImpl (RaftServerImpl.java:start(181)) - 754a67b9-88e9-4a43-ab15-6919b56b0be8@group-28614AB45D58: start as a follower, conf=-1: [16559e07-b115-4923-830d-9f131e57a377:192.168.164.219:43713, 44bbad9b-132e-4c90-942f-c1d112d4c4ce:192.168.164.219:45221, 754a67b9-88e9-4a43-ab15-6919b56b0be8:192.168.164.219:43793], old=null
2019-10-14 19:31:12,063 [pool-237-thread-1] INFO  impl.RaftServerImpl (RaftServerImpl.java:start(181)) - 16559e07-b115-4923-830d-9f131e57a377@group-28614AB45D58: start as a follower, conf=-1: [16559e07-b115-4923-830d-9f131e57a377:192.168.164.219:43713, 44bbad9b-132e-4c90-942f-c1d112d4c4ce:192.168.164.219:45221, 754a67b9-88e9-4a43-ab15-6919b56b0be8:192.168.164.219:43793], old=null
2019-10-14 19:31:12,063 [pool-207-thread-1] INFO  impl.RaftServerImpl (RaftServerImpl.java:setRole(170)) - 754a67b9-88e9-4a43-ab15-6919b56b0be8@group-28614AB45D58: changes role from      null to FOLLOWER at term 0 for startAsFollower
2019-10-14 19:31:12,063 [pool-237-thread-1] INFO  impl.RaftServerImpl (RaftServerImpl.java:setRole(170)) - 16559e07-b115-4923-830d-9f131e57a377@group-28614AB45D58: changes role from      null to FOLLOWER at term 0 for startAsFollower
2019-10-14 19:31:12,064 [pool-207-thread-1] INFO  impl.RoleInfo (RoleInfo.java:updateAndGet(143)) - 754a67b9-88e9-4a43-ab15-6919b56b0be8: start FollowerState
2019-10-14 19:31:12,064 [pool-237-thread-1] INFO  impl.RoleInfo (RoleInfo.java:updateAndGet(143)) - 16559e07-b115-4923-830d-9f131e57a377: start FollowerState
2019-10-14 19:31:12,064 [pool-207-thread-1] INFO  util.JmxRegister (JmxRegister.java:tryRegister(44)) - Successfully registered JMX Bean with object name Ratis:service=RaftServer,group=group-28614AB45D58,id=754a67b9-88e9-4a43-ab15-6919b56b0be8
2019-10-14 19:31:12,064 [pool-237-thread-1] INFO  util.JmxRegister (JmxRegister.java:tryRegister(44)) - Successfully registered JMX Bean with object name Ratis:service=RaftServer,group=group-28614AB45D58,id=16559e07-b115-4923-830d-9f131e57a377
2019-10-14 19:31:12,071 [RatisPipelineUtilsThread] INFO  pipeline.PipelineStateManager (PipelineStateManager.java:addPipeline(57)) - Created pipeline Pipeline[ Id: 99b6b8f1-f241-4bf8-a8ce-28614ab45d58, Nodes: 754a67b9-88e9-4a43-ab15-6919b56b0be8{ip: 192.168.164.219, host: pr-hdds-1868-cfdmt-251076870, networkLocation: /default-rack, certSerialId: null}44bbad9b-132e-4c90-942f-c1d112d4c4ce{ip: 192.168.164.219, host: pr-hdds-1868-cfdmt-251076870, networkLocation: /default-rack, certSerialId: null}16559e07-b115-4923-830d-9f131e57a377{ip: 192.168.164.219, host: pr-hdds-1868-cfdmt-251076870, networkLocation: /default-rack, certSerialId: null}, Type:RATIS, Factor:THREE, State:ALLOCATED]
2019-10-14 19:31:12,072 [main] INFO  ozone.MiniOzoneClusterImpl (MiniOzoneClusterImpl.java:lambda$waitForClusterToBeReady$2(164)) - Waiting for 9 number of pipelines out of 9, to report a leader.
2019-10-14 19:31:13,072 [main] INFO  ozone.MiniOzoneClusterImpl (MiniOzoneClusterImpl.java:lambda$waitForClusterToBeReady$2(164)) - Waiting for 9 number of pipelines out of 9, to report a leader.
2019-10-14 19:31:14,086 [main] INFO  ozone.MiniOzoneClusterImpl (MiniOzoneClusterImpl.java:lambda$waitForClusterToBeReady$2(164)) - Waiting for 9 number of pipelines out of 9, to report a leader.
2019-10-14 19:31:14,320 [Thread-1433] INFO  container.ReplicationManager (ReplicationManager.java:start(162)) - Starting Replication Monitor Thread.
2019-10-14 19:31:14,326 [Thread-1433] INFO  pipeline.SCMPipelineManager (SCMPipelineManager.java:finalizeAndDestroyPipeline(315)) - destroying pipeline:Pipeline[ Id: c4b2ac6f-8d18-445e-b4a9-5a25d3bda598, Nodes: 60a49fad-6bbc-4e1d-b332-64cc210e3f49{ip: 192.168.164.219, host: pr-hdds-1868-cfdmt-251076870, networkLocation: /default-rack, certSerialId: null}, Type:RATIS, Factor:ONE, State:ALLOCATED]
2019-10-14 19:31:14,328 [ReplicationMonitor] INFO  container.ReplicationManager (ReplicationManager.java:run(225)) - Replication Monitor Thread took 0 milliseconds for processing 0 containers.
2019-10-14 19:31:14,328 [Thread-1433] INFO  pipeline.PipelineStateManager (PipelineStateManager.java:finalizePipeline(123)) - Pipeline Pipeline[ Id: c4b2ac6f-8d18-445e-b4a9-5a25d3bda598, Nodes: 60a49fad-6bbc-4e1d-b332-64cc210e3f49{ip: 192.168.164.219, host: pr-hdds-1868-cfdmt-251076870, networkLocation: /default-rack, certSerialId: null}, Type:RATIS, Factor:ONE, State:CLOSED] moved to CLOSED state
2019-10-14 19:31:14,339 [grpc-default-executor-2] INFO  impl.RaftServerProxy (RaftServerProxy.java:remove(95)) - 60a49fad-6bbc-4e1d-b332-64cc210e3f49: remove  FOLLOWER 60a49fad-6bbc-4e1d-b332-64cc210e3f49@group-5A25D3BDA598:t0, leader=null, voted=null, raftlog=60a49fad-6bbc-4e1d-b332-64cc210e3f49@group-5A25D3BDA598-SegmentedRaftLog:OPENED:c-1,f-1,i0, conf=-1: [60a49fad-6bbc-4e1d-b332-64cc210e3f49:192.168.164.219:42016], old=null RUNNING
2019-10-14 19:31:14,339 [grpc-default-executor-2] INFO  impl.RaftServerImpl (RaftServerImpl.java:lambda$shutdown$3(247)) - 60a49fad-6bbc-4e1d-b332-64cc210e3f49@group-5A25D3BDA598: shutdown
2019-10-14 19:31:14,340 [grpc-default-executor-2] INFO  util.JmxRegister (JmxRegister.java:unregister(73)) - Successfully un-registered JMX Bean with object name Ratis:service=RaftServer,group=group-5A25D3BDA598,id=60a49fad-6bbc-4e1d-b332-64cc210e3f49
2019-10-14 19:31:14,340 [grpc-default-executor-2] INFO  impl.RoleInfo (RoleInfo.java:shutdownFollowerState(121)) - 60a49fad-6bbc-4e1d-b332-64cc210e3f49: shutdown FollowerState
2019-10-14 19:31:14,340 [grpc-default-executor-2] INFO  impl.StateMachineUpdater (StateMachineUpdater.java:stopAndJoin(136)) - 60a49fad-6bbc-4e1d-b332-64cc210e3f49@group-5A25D3BDA598-StateMachineUpdater: set stopIndex = -1
2019-10-14 19:31:14,341 [Thread-1441] INFO  impl.FollowerState (FollowerState.java:run(117)) - 60a49fad-6bbc-4e1d-b332-64cc210e3f49@group-5A25D3BDA598-FollowerState was interrupted: java.lang.InterruptedException: sleep interrupted
2019-10-14 19:31:14,341 [grpc-default-executor-2] INFO  impl.RaftServerImpl (ServerState.java:close(387)) - 60a49fad-6bbc-4e1d-b332-64cc210e3f49@group-5A25D3BDA598: closes. applyIndex: -1
2019-10-14 19:31:14,343 [60a49fad-6bbc-4e1d-b332-64cc210e3f49@group-5A25D3BDA598-SegmentedRaftLogWorker] INFO  segmented.SegmentedRaftLogWorker (SegmentedRaftLogWorker.java:run(316)) - 60a49fad-6bbc-4e1d-b332-64cc210e3f49@group-5A25D3BDA598-SegmentedRaftLogWorker was interrupted, exiting. There are 0 tasks remaining in the queue.
2019-10-14 19:31:14,344 [grpc-default-executor-2] INFO  segmented.SegmentedRaftLogWorker (SegmentedRaftLogWorker.java:close(224)) - 60a49fad-6bbc-4e1d-b332-64cc210e3f49@group-5A25D3BDA598-SegmentedRaftLogWorker close()
2019-10-14 19:31:14,350 [Thread-1433] INFO  pipeline.PipelineStateManager (PipelineStateManager.java:removePipeline(108)) - Pipeline Pipeline[ Id: c4b2ac6f-8d18-445e-b4a9-5a25d3bda598, Nodes: 60a49fad-6bbc-4e1d-b332-64cc210e3f49{ip: 192.168.164.219, host: pr-hdds-1868-cfdmt-251076870, networkLocation: /default-rack, certSerialId: null}, Type:RATIS, Factor:ONE, State:CLOSED] removed from db
2019-10-14 19:31:14,352 [Thread-1433] INFO  pipeline.SCMPipelineManager (SCMPipelineManager.java:finalizeAndDestroyPipeline(315)) - destroying pipeline:Pipeline[ Id: 03985978-97a0-43de-910f-8082ac14d974, Nodes: 71bb4526-8837-48b5-bee6-f843cff49d51{ip: 192.168.164.219, host: pr-hdds-1868-cfdmt-251076870, networkLocation: /default-rack, certSerialId: null}, Type:RATIS, Factor:ONE, State:ALLOCATED]
2019-10-14 19:31:14,357 [grpc-default-executor-2] INFO  impl.RaftServerProxy (RaftServerProxy.java:addNew(89)) - 60a49fad-6bbc-4e1d-b332-64cc210e3f49: addNew group-6A6C8A4AD01B:[60a49fad-6bbc-4e1d-b332-64cc210e3f49:192.168.164.219:42016] returns group-6A6C8A4AD01B:java.util.concurrent.CompletableFuture@4be15c61[Not completed]
2019-10-14 19:31:14,358 [pool-217-thread-1] INFO  impl.RaftServerImpl (RaftServerImpl.java:<init>(95)) - 60a49fad-6bbc-4e1d-b332-64cc210e3f49: new RaftServerImpl for group-6A6C8A4AD01B:[60a49fad-6bbc-4e1d-b332-64cc210e3f49:192.168.164.219:42016] with ContainerStateMachine:uninitialized
2019-10-14 19:31:14,359 [pool-217-thread-1] INFO  server.RaftServerConfigKeys (ConfUtils.java:logGet(43)) - raft.server.rpc.timeout.min = 5s (custom)
2019-10-14 19:31:14,359 [pool-217-thread-1] INFO  server.RaftServerConfigKeys (ConfUtils.java:logGet(43)) - raft.server.rpc.timeout.max = 5200ms (custom)
2019-10-14 19:31:14,359 [pool-217-thread-1] INFO  server.RaftServerConfigKeys (ConfUtils.java:logGet(43)) - raft.server.rpcslowness.timeout = 120s (custom)
2019-10-14 19:31:14,359 [pool-217-thread-1] INFO  server.RaftServerConfigKeys (ConfUtils.java:logGet(43)) - raft.server.sleep.deviation.threshold = 300 (default)
2019-10-14 19:31:14,359 [pool-217-thread-1] INFO  server.RaftServerConfigKeys (ConfUtils.java:logGet(43)) - raft.server.log.appender.install.snapshot.enabled = false (custom)
2019-10-14 19:31:14,359 [pool-217-thread-1] INFO  impl.RaftServerImpl (ServerState.java:<init>(103)) - 60a49fad-6bbc-4e1d-b332-64cc210e3f49@group-6A6C8A4AD01B: ConfigurationManager, init=-1: [60a49fad-6bbc-4e1d-b332-64cc210e3f49:192.168.164.219:42016], old=null, confs=<EMPTY_MAP>
2019-10-14 19:31:14,359 [pool-217-thread-1] INFO  server.RaftServerConfigKeys (ConfUtils.java:logGet(43)) - raft.server.storage.dir = [/workdir/hadoop-ozone/integration-test/target/test-dir/MiniOzoneClusterImpl-5426e04b-cf13-4b79-ba23-0228079aae76/datanode-1/data/ratis] (custom)
2019-10-14 19:31:14,360 [pool-217-thread-1] INFO  server.RaftServerConfigKeys (ConfUtils.java:logGet(43)) - raft.server.log.corruption.policy = EXCEPTION (default)
2019-10-14 19:31:14,360 [pool-217-thread-1] INFO  storage.RaftStorageDirectory (RaftStorageDirectory.java:analyzeStorage(246)) - The storage directory /workdir/hadoop-ozone/integration-test/target/test-dir/MiniOzoneClusterImpl-5426e04b-cf13-4b79-ba23-0228079aae76/datanode-1/data/ratis/bb17e824-ccec-4956-b7e0-6a6c8a4ad01b does not exist. Creating ...
2019-10-14 19:31:14,385 [pool-217-thread-1] INFO  storage.RaftStorageDirectory (RaftStorageDirectory.java:tryLock(328)) - Lock on /workdir/hadoop-ozone/integration-test/target/test-dir/MiniOzoneClusterImpl-5426e04b-cf13-4b79-ba23-0228079aae76/datanode-1/data/ratis/bb17e824-ccec-4956-b7e0-6a6c8a4ad01b/in_use.lock acquired by nodename 20360@pr-hdds-1868-cfdmt-251076870
2019-10-14 19:31:14,409 [pool-217-thread-1] INFO  storage.RaftStorage (RaftStorage.java:format(84)) - Storage directory /workdir/hadoop-ozone/integration-test/target/test-dir/MiniOzoneClusterImpl-5426e04b-cf13-4b79-ba23-0228079aae76/datanode-1/data/ratis/bb17e824-ccec-4956-b7e0-6a6c8a4ad01b has been successfully formatted.
2019-10-14 19:31:14,410 [pool-217-thread-1] INFO  ratis.ContainerStateMachine (ContainerStateMachine.java:loadSnapshot(233)) - group-6A6C8A4AD01B: The snapshot info is null. Setting the last applied indexto:(t:0, i:~)
2019-10-14 19:31:14,410 [pool-217-thread-1] INFO  server.RaftServerConfigKeys (ConfUtils.java:logGet(43)) - raft.server.notification.no-leader.timeout = 120s (custom)
2019-10-14 19:31:14,410 [pool-217-thread-1] INFO  server.RaftServerConfigKeys (ConfUtils.java:logGet(43)) - raft.server.log.use.memory = false (default)
2019-10-14 19:31:14,410 [pool-217-thread-1] INFO  server.RaftServerConfigKeys (ConfUtils.java:logGet(43)) - raft.server.log.purge.gap = 1000000 (custom)
2019-10-14 19:31:14,410 [pool-217-thread-1] INFO  server.RaftServerConfigKeys (ConfUtils.java:logGet(43)) - raft.server.log.appender.buffer.byte-limit = 33554432 (custom)
2019-10-14 19:31:14,410 [pool-217-thread-1] INFO  server.RaftServerConfigKeys (ConfUtils.java:logGet(43)) - raft.server.log.segment.size.max = 1048576 (custom)
2019-10-14 19:31:14,411 [pool-217-thread-1] INFO  server.RaftServerConfigKeys (ConfUtils.java:logGet(43)) - raft.server.log.segment.cache.num.max = 2 (custom)
2019-10-14 19:31:14,411 [pool-217-thread-1] INFO  segmented.SegmentedRaftLogWorker (SegmentedRaftLogWorker.java:<init>(173)) - new 60a49fad-6bbc-4e1d-b332-64cc210e3f49@group-6A6C8A4AD01B-SegmentedRaftLogWorker for RaftStorage:Storage Directory /workdir/hadoop-ozone/integration-test/target/test-dir/MiniOzoneClusterImpl-5426e04b-cf13-4b79-ba23-0228079aae76/datanode-1/data/ratis/bb17e824-ccec-4956-b7e0-6a6c8a4ad01b
2019-10-14 19:31:14,411 [pool-217-thread-1] INFO  server.RaftServerConfigKeys (ConfUtils.java:logGet(43)) - raft.server.log.queue.byte-limit = 2147483647 (custom)
2019-10-14 19:31:14,411 [pool-217-thread-1] INFO  server.RaftServerConfigKeys (ConfUtils.java:logGet(43)) - raft.server.log.queue.element-limit = 1024 (custom)
2019-10-14 19:31:14,411 [pool-217-thread-1] INFO  server.RaftServerConfigKeys (ConfUtils.java:logGet(43)) - raft.server.log.segment.size.max = 1048576 (custom)
2019-10-14 19:31:14,411 [pool-217-thread-1] INFO  server.RaftServerConfigKeys (ConfUtils.java:logGet(43)) - raft.server.log.preallocated.size = 16384 (custom)
2019-10-14 19:31:14,411 [pool-217-thread-1] INFO  server.RaftServerConfigKeys (ConfUtils.java:logGet(43)) - raft.server.log.write.buffer.size = 33554432 (custom)
2019-10-14 19:31:14,411 [pool-217-thread-1] INFO  server.RaftServerConfigKeys (ConfUtils.java:logGet(43)) - raft.server.log.force.sync.num = 128 (default)
2019-10-14 19:31:14,411 [pool-217-thread-1] INFO  server.RaftServerConfigKeys (ConfUtils.java:logGet(43)) - raft.server.log.statemachine.data.sync = true (default)
2019-10-14 19:31:14,411 [pool-217-thread-1] INFO  server.RaftServerConfigKeys (ConfUtils.java:logGet(43)) - raft.server.log.statemachine.data.sync.timeout = 10s (default)
2019-10-14 19:31:14,412 [pool-217-thread-1] INFO  server.RaftServerConfigKeys (ConfUtils.java:logGet(43)) - raft.server.log.statemachine.data.sync.timeout.retry = -1 (default)
2019-10-14 19:31:14,412 [pool-217-thread-1] INFO  server.RaftServerConfigKeys (ConfUtils.java:logGet(43)) - raft.server.log.statemachine.data.caching.enabled = true (custom)
2019-10-14 19:31:14,412 [pool-217-thread-1] INFO  segmented.SegmentedRaftLogWorker (SegmentedRaftLogWorker.java:lambda$new$0(128)) - 60a49fad-6bbc-4e1d-b332-64cc210e3f49@group-6A6C8A4AD01B-SegmentedRaftLogWorker: flushIndex: setUnconditionally 0 -> -1
2019-10-14 19:31:14,412 [pool-217-thread-1] INFO  server.RaftServerConfigKeys (ConfUtils.java:logGet(43)) - raft.server.snapshot.auto.trigger.enabled = true (custom)
2019-10-14 19:31:14,412 [pool-217-thread-1] INFO  server.RaftServerConfigKeys (ConfUtils.java:logGet(43)) - raft.server.snapshot.auto.trigger.threshold = 10000 (custom)
2019-10-14 19:31:14,412 [pool-217-thread-1] INFO  server.RaftServerConfigKeys (ConfUtils.java:logGet(43)) - raft.server.snapshot.retention.file.num = 5 (custom)
2019-10-14 19:31:14,413 [pool-217-thread-1] INFO  server.RaftServerConfigKeys (ConfUtils.java:logGet(43)) - raft.server.retrycache.expirytime = 600000ms (custom)
2019-10-14 19:31:14,414 [pool-217-thread-1] INFO  impl.RaftServerImpl (RaftServerImpl.java:start(181)) - 60a49fad-6bbc-4e1d-b332-64cc210e3f49@group-6A6C8A4AD01B: start as a follower, conf=-1: [60a49fad-6bbc-4e1d-b332-64cc210e3f49:192.168.164.219:42016], old=null
2019-10-14 19:31:14,414 [pool-217-thread-1] INFO  impl.RaftServerImpl (RaftServerImpl.java:setRole(170)) - 60a49fad-6bbc-4e1d-b332-64cc210e3f49@group-6A6C8A4AD01B: changes role from      null to FOLLOWER at term 0 for startAsFollower
2019-10-14 19:31:14,415 [pool-217-thread-1] INFO  impl.RoleInfo (RoleInfo.java:updateAndGet(143)) - 60a49fad-6bbc-4e1d-b332-64cc210e3f49: start FollowerState
2019-10-14 19:31:14,415 [pool-217-thread-1] INFO  util.JmxRegister (JmxRegister.java:tryRegister(44)) - Successfully registered JMX Bean with object name Ratis:service=RaftServer,group=group-6A6C8A4AD01B,id=60a49fad-6bbc-4e1d-b332-64cc210e3f49
2019-10-14 19:31:14,418 [RatisPipelineUtilsThread] INFO  pipeline.PipelineStateManager (PipelineStateManager.java:addPipeline(57)) - Created pipeline Pipeline[ Id: bb17e824-ccec-4956-b7e0-6a6c8a4ad01b, Nodes: 60a49fad-6bbc-4e1d-b332-64cc210e3f49{ip: 192.168.164.219, host: pr-hdds-1868-cfdmt-251076870, networkLocation: /default-rack, certSerialId: null}, Type:RATIS, Factor:ONE, State:ALLOCATED]
2019-10-14 19:31:14,419 [Thread-1433] INFO  pipeline.PipelineStateManager (PipelineStateManager.java:finalizePipeline(123)) - Pipeline Pipeline[ Id: 03985978-97a0-43de-910f-8082ac14d974, Nodes: 71bb4526-8837-48b5-bee6-f843cff49d51{ip: 192.168.164.219, host: pr-hdds-1868-cfdmt-251076870, networkLocation: /default-rack, certSerialId: null}, Type:RATIS, Factor:ONE, State:CLOSED] moved to CLOSED state
2019-10-14 19:31:14,427 [grpc-default-executor-2] INFO  impl.RaftServerProxy (RaftServerProxy.java:remove(95)) - 71bb4526-8837-48b5-bee6-f843cff49d51: remove  FOLLOWER 71bb4526-8837-48b5-bee6-f843cff49d51@group-8082AC14D974:t0, leader=null, voted=null, raftlog=71bb4526-8837-48b5-bee6-f843cff49d51@group-8082AC14D974-SegmentedRaftLog:OPENED:c-1,f-1,i0, conf=-1: [71bb4526-8837-48b5-bee6-f843cff49d51:192.168.164.219:34559], old=null RUNNING
2019-10-14 19:31:14,428 [grpc-default-executor-2] INFO  impl.RaftServerImpl (RaftServerImpl.java:lambda$shutdown$3(247)) - 71bb4526-8837-48b5-bee6-f843cff49d51@group-8082AC14D974: shutdown
2019-10-14 19:31:14,428 [grpc-default-executor-2] INFO  util.JmxRegister (JmxRegister.java:unregister(73)) - Successfully un-registered JMX Bean with object name Ratis:service=RaftServer,group=group-8082AC14D974,id=71bb4526-8837-48b5-bee6-f843cff49d51
2019-10-14 19:31:14,428 [grpc-default-executor-2] INFO  impl.RoleInfo (RoleInfo.java:shutdownFollowerState(121)) - 71bb4526-8837-48b5-bee6-f843cff49d51: shutdown FollowerState
2019-10-14 19:31:14,428 [grpc-default-executor-2] INFO  impl.StateMachineUpdater (StateMachineUpdater.java:stopAndJoin(136)) - 71bb4526-8837-48b5-bee6-f843cff49d51@group-8082AC14D974-StateMachineUpdater: set stopIndex = -1
2019-10-14 19:31:14,429 [Thread-1453] INFO  impl.FollowerState (FollowerState.java:run(117)) - 71bb4526-8837-48b5-bee6-f843cff49d51@group-8082AC14D974-FollowerState was interrupted: java.lang.InterruptedException: sleep interrupted
2019-10-14 19:31:14,429 [grpc-default-executor-2] INFO  impl.RaftServerImpl (ServerState.java:close(387)) - 71bb4526-8837-48b5-bee6-f843cff49d51@group-8082AC14D974: closes. applyIndex: -1
2019-10-14 19:31:14,431 [71bb4526-8837-48b5-bee6-f843cff49d51@group-8082AC14D974-SegmentedRaftLogWorker] INFO  segmented.SegmentedRaftLogWorker (SegmentedRaftLogWorker.java:run(316)) - 71bb4526-8837-48b5-bee6-f843cff49d51@group-8082AC14D974-SegmentedRaftLogWorker was interrupted, exiting. There are 0 tasks remaining in the queue.
2019-10-14 19:31:14,431 [grpc-default-executor-2] INFO  segmented.SegmentedRaftLogWorker (SegmentedRaftLogWorker.java:close(224)) - 71bb4526-8837-48b5-bee6-f843cff49d51@group-8082AC14D974-SegmentedRaftLogWorker close()
2019-10-14 19:31:14,436 [Thread-1433] INFO  pipeline.PipelineStateManager (PipelineStateManager.java:removePipeline(108)) - Pipeline Pipeline[ Id: 03985978-97a0-43de-910f-8082ac14d974, Nodes: 71bb4526-8837-48b5-bee6-f843cff49d51{ip: 192.168.164.219, host: pr-hdds-1868-cfdmt-251076870, networkLocation: /default-rack, certSerialId: null}, Type:RATIS, Factor:ONE, State:CLOSED] removed from db
2019-10-14 19:31:14,437 [Thread-1433] INFO  pipeline.SCMPipelineManager (SCMPipelineManager.java:finalizeAndDestroyPipeline(315)) - destroying pipeline:Pipeline[ Id: d2a8d05c-cc62-4ae1-be3b-f10fda1a612d, Nodes: 44bbad9b-132e-4c90-942f-c1d112d4c4ce{ip: 192.168.164.219, host: pr-hdds-1868-cfdmt-251076870, networkLocation: /default-rack, certSerialId: null}, Type:RATIS, Factor:ONE, State:ALLOCATED]
2019-10-14 19:31:14,440 [grpc-default-executor-2] INFO  impl.RaftServerProxy (RaftServerProxy.java:addNew(89)) - 71bb4526-8837-48b5-bee6-f843cff49d51: addNew group-C1F6B3A78D00:[71bb4526-8837-48b5-bee6-f843cff49d51:192.168.164.219:34559] returns group-C1F6B3A78D00:java.util.concurrent.CompletableFuture@60c4db8a[Not completed]
2019-10-14 19:31:14,442 [pool-257-thread-1] INFO  impl.RaftServerImpl (RaftServerImpl.java:<init>(95)) - 71bb4526-8837-48b5-bee6-f843cff49d51: new RaftServerImpl for group-C1F6B3A78D00:[71bb4526-8837-48b5-bee6-f843cff49d51:192.168.164.219:34559] with ContainerStateMachine:uninitialized
2019-10-14 19:31:14,442 [pool-257-thread-1] INFO  server.RaftServerConfigKeys (ConfUtils.java:logGet(43)) - raft.server.rpc.timeout.min = 5s (custom)
2019-10-14 19:31:14,442 [pool-257-thread-1] INFO  server.RaftServerConfigKeys (ConfUtils.java:logGet(43)) - raft.server.rpc.timeout.max = 5200ms (custom)
2019-10-14 19:31:14,442 [pool-257-thread-1] INFO  server.RaftServerConfigKeys (ConfUtils.java:logGet(43)) - raft.server.rpcslowness.timeout = 120s (custom)
2019-10-14 19:31:14,442 [pool-257-thread-1] INFO  server.RaftServerConfigKeys (ConfUtils.java:logGet(43)) - raft.server.sleep.deviation.threshold = 300 (default)
2019-10-14 19:31:14,442 [pool-257-thread-1] INFO  server.RaftServerConfigKeys (ConfUtils.java:logGet(43)) - raft.server.log.appender.install.snapshot.enabled = false (custom)
2019-10-14 19:31:14,442 [pool-257-thread-1] INFO  impl.RaftServerImpl (ServerState.java:<init>(103)) - 71bb4526-8837-48b5-bee6-f843cff49d51@group-C1F6B3A78D00: ConfigurationManager, init=-1: [71bb4526-8837-48b5-bee6-f843cff49d51:192.168.164.219:34559], old=null, confs=<EMPTY_MAP>
2019-10-14 19:31:14,443 [pool-257-thread-1] INFO  server.RaftServerConfigKeys (ConfUtils.java:logGet(43)) - raft.server.storage.dir = [/workdir/hadoop-ozone/integration-test/target/test-dir/MiniOzoneClusterImpl-5426e04b-cf13-4b79-ba23-0228079aae76/datanode-5/data/ratis] (custom)
2019-10-14 19:31:14,443 [pool-257-thread-1] INFO  server.RaftServerConfigKeys (ConfUtils.java:logGet(43)) - raft.server.log.corruption.policy = EXCEPTION (default)
2019-10-14 19:31:14,443 [pool-257-thread-1] INFO  storage.RaftStorageDirectory (RaftStorageDirectory.java:analyzeStorage(246)) - The storage directory /workdir/hadoop-ozone/integration-test/target/test-dir/MiniOzoneClusterImpl-5426e04b-cf13-4b79-ba23-0228079aae76/datanode-5/data/ratis/71370558-971b-4c06-b524-c1f6b3a78d00 does not exist. Creating ...
2019-10-14 19:31:14,466 [pool-257-thread-1] INFO  storage.RaftStorageDirectory (RaftStorageDirectory.java:tryLock(328)) - Lock on /workdir/hadoop-ozone/integration-test/target/test-dir/MiniOzoneClusterImpl-5426e04b-cf13-4b79-ba23-0228079aae76/datanode-5/data/ratis/71370558-971b-4c06-b524-c1f6b3a78d00/in_use.lock acquired by nodename 20360@pr-hdds-1868-cfdmt-251076870
2019-10-14 19:31:14,490 [pool-257-thread-1] INFO  storage.RaftStorage (RaftStorage.java:format(84)) - Storage directory /workdir/hadoop-ozone/integration-test/target/test-dir/MiniOzoneClusterImpl-5426e04b-cf13-4b79-ba23-0228079aae76/datanode-5/data/ratis/71370558-971b-4c06-b524-c1f6b3a78d00 has been successfully formatted.
2019-10-14 19:31:14,490 [pool-257-thread-1] INFO  ratis.ContainerStateMachine (ContainerStateMachine.java:loadSnapshot(233)) - group-C1F6B3A78D00: The snapshot info is null. Setting the last applied indexto:(t:0, i:~)
2019-10-14 19:31:14,490 [pool-257-thread-1] INFO  server.RaftServerConfigKeys (ConfUtils.java:logGet(43)) - raft.server.notification.no-leader.timeout = 120s (custom)
2019-10-14 19:31:14,490 [pool-257-thread-1] INFO  server.RaftServerConfigKeys (ConfUtils.java:logGet(43)) - raft.server.log.use.memory = false (default)
2019-10-14 19:31:14,490 [pool-257-thread-1] INFO  server.RaftServerConfigKeys (ConfUtils.java:logGet(43)) - raft.server.log.purge.gap = 1000000 (custom)
2019-10-14 19:31:14,490 [pool-257-thread-1] INFO  server.RaftServerConfigKeys (ConfUtils.java:logGet(43)) - raft.server.log.appender.buffer.byte-limit = 33554432 (custom)
2019-10-14 19:31:14,490 [pool-257-thread-1] INFO  server.RaftServerConfigKeys (ConfUtils.java:logGet(43)) - raft.server.log.segment.size.max = 1048576 (custom)
2019-10-14 19:31:14,491 [pool-257-thread-1] INFO  server.RaftServerConfigKeys (ConfUtils.java:logGet(43)) - raft.server.log.segment.cache.num.max = 2 (custom)
2019-10-14 19:31:14,491 [pool-257-thread-1] INFO  segmented.SegmentedRaftLogWorker (SegmentedRaftLogWorker.java:<init>(173)) - new 71bb4526-8837-48b5-bee6-f843cff49d51@group-C1F6B3A78D00-SegmentedRaftLogWorker for RaftStorage:Storage Directory /workdir/hadoop-ozone/integration-test/target/test-dir/MiniOzoneClusterImpl-5426e04b-cf13-4b79-ba23-0228079aae76/datanode-5/data/ratis/71370558-971b-4c06-b524-c1f6b3a78d00
2019-10-14 19:31:14,491 [pool-257-thread-1] INFO  server.RaftServerConfigKeys (ConfUtils.java:logGet(43)) - raft.server.log.queue.byte-limit = 2147483647 (custom)
2019-10-14 19:31:14,491 [pool-257-thread-1] INFO  server.RaftServerConfigKeys (ConfUtils.java:logGet(43)) - raft.server.log.queue.element-limit = 1024 (custom)
2019-10-14 19:31:14,491 [pool-257-thread-1] INFO  server.RaftServerConfigKeys (ConfUtils.java:logGet(43)) - raft.server.log.segment.size.max = 1048576 (custom)
2019-10-14 19:31:14,491 [pool-257-thread-1] INFO  server.RaftServerConfigKeys (ConfUtils.java:logGet(43)) - raft.server.log.preallocated.size = 16384 (custom)
2019-10-14 19:31:14,491 [pool-257-thread-1] INFO  server.RaftServerConfigKeys (ConfUtils.java:logGet(43)) - raft.server.log.write.buffer.size = 33554432 (custom)
2019-10-14 19:31:14,491 [pool-257-thread-1] INFO  server.RaftServerConfigKeys (ConfUtils.java:logGet(43)) - raft.server.log.force.sync.num = 128 (default)
2019-10-14 19:31:14,491 [pool-257-thread-1] INFO  server.RaftServerConfigKeys (ConfUtils.java:logGet(43)) - raft.server.log.statemachine.data.sync = true (default)
2019-10-14 19:31:14,492 [pool-257-thread-1] INFO  server.RaftServerConfigKeys (ConfUtils.java:logGet(43)) - raft.server.log.statemachine.data.sync.timeout = 10s (default)
2019-10-14 19:31:14,492 [pool-257-thread-1] INFO  server.RaftServerConfigKeys (ConfUtils.java:logGet(43)) - raft.server.log.statemachine.data.sync.timeout.retry = -1 (default)
2019-10-14 19:31:14,492 [pool-257-thread-1] INFO  server.RaftServerConfigKeys (ConfUtils.java:logGet(43)) - raft.server.log.statemachine.data.caching.enabled = true (custom)
2019-10-14 19:31:14,492 [pool-257-thread-1] INFO  segmented.SegmentedRaftLogWorker (SegmentedRaftLogWorker.java:lambda$new$0(128)) - 71bb4526-8837-48b5-bee6-f843cff49d51@group-C1F6B3A78D00-SegmentedRaftLogWorker: flushIndex: setUnconditionally 0 -> -1
2019-10-14 19:31:14,492 [pool-257-thread-1] INFO  server.RaftServerConfigKeys (ConfUtils.java:logGet(43)) - raft.server.snapshot.auto.trigger.enabled = true (custom)
2019-10-14 19:31:14,492 [pool-257-thread-1] INFO  server.RaftServerConfigKeys (ConfUtils.java:logGet(43)) - raft.server.snapshot.auto.trigger.threshold = 10000 (custom)
2019-10-14 19:31:14,492 [pool-257-thread-1] INFO  server.RaftServerConfigKeys (ConfUtils.java:logGet(43)) - raft.server.snapshot.retention.file.num = 5 (custom)
2019-10-14 19:31:14,493 [pool-257-thread-1] INFO  server.RaftServerConfigKeys (ConfUtils.java:logGet(43)) - raft.server.retrycache.expirytime = 600000ms (custom)
2019-10-14 19:31:14,494 [pool-257-thread-1] INFO  impl.RaftServerImpl (RaftServerImpl.java:start(181)) - 71bb4526-8837-48b5-bee6-f843cff49d51@group-C1F6B3A78D00: start as a follower, conf=-1: [71bb4526-8837-48b5-bee6-f843cff49d51:192.168.164.219:34559], old=null
2019-10-14 19:31:14,494 [pool-257-thread-1] INFO  impl.RaftServerImpl (RaftServerImpl.java:setRole(170)) - 71bb4526-8837-48b5-bee6-f843cff49d51@group-C1F6B3A78D00: changes role from      null to FOLLOWER at term 0 for startAsFollower
2019-10-14 19:31:14,495 [pool-257-thread-1] INFO  impl.RoleInfo (RoleInfo.java:updateAndGet(143)) - 71bb4526-8837-48b5-bee6-f843cff49d51: start FollowerState
2019-10-14 19:31:14,495 [pool-257-thread-1] INFO  util.JmxRegister (JmxRegister.java:tryRegister(44)) - Successfully registered JMX Bean with object name Ratis:service=RaftServer,group=group-C1F6B3A78D00,id=71bb4526-8837-48b5-bee6-f843cff49d51
2019-10-14 19:31:14,498 [RatisPipelineUtilsThread] INFO  pipeline.PipelineStateManager (PipelineStateManager.java:addPipeline(57)) - Created pipeline Pipeline[ Id: 71370558-971b-4c06-b524-c1f6b3a78d00, Nodes: 71bb4526-8837-48b5-bee6-f843cff49d51{ip: 192.168.164.219, host: pr-hdds-1868-cfdmt-251076870, networkLocation: /default-rack, certSerialId: null}, Type:RATIS, Factor:ONE, State:ALLOCATED]
2019-10-14 19:31:14,499 [Thread-1433] INFO  pipeline.PipelineStateManager (PipelineStateManager.java:finalizePipeline(123)) - Pipeline Pipeline[ Id: d2a8d05c-cc62-4ae1-be3b-f10fda1a612d, Nodes: 44bbad9b-132e-4c90-942f-c1d112d4c4ce{ip: 192.168.164.219, host: pr-hdds-1868-cfdmt-251076870, networkLocation: /default-rack, certSerialId: null}, Type:RATIS, Factor:ONE, State:CLOSED] moved to CLOSED state
2019-10-14 19:31:14,512 [grpc-default-executor-2] INFO  impl.RaftServerProxy (RaftServerProxy.java:remove(95)) - 44bbad9b-132e-4c90-942f-c1d112d4c4ce: remove  FOLLOWER 44bbad9b-132e-4c90-942f-c1d112d4c4ce@group-F10FDA1A612D:t0, leader=null, voted=null, raftlog=44bbad9b-132e-4c90-942f-c1d112d4c4ce@group-F10FDA1A612D-SegmentedRaftLog:OPENED:c-1,f-1,i0, conf=-1: [44bbad9b-132e-4c90-942f-c1d112d4c4ce:192.168.164.219:45221], old=null RUNNING
2019-10-14 19:31:14,512 [grpc-default-executor-2] INFO  impl.RaftServerImpl (RaftServerImpl.java:lambda$shutdown$3(247)) - 44bbad9b-132e-4c90-942f-c1d112d4c4ce@group-F10FDA1A612D: shutdown
2019-10-14 19:31:14,513 [grpc-default-executor-2] INFO  util.JmxRegister (JmxRegister.java:unregister(73)) - Successfully un-registered JMX Bean with object name Ratis:service=RaftServer,group=group-F10FDA1A612D,id=44bbad9b-132e-4c90-942f-c1d112d4c4ce
2019-10-14 19:31:14,513 [grpc-default-executor-2] INFO  impl.RoleInfo (RoleInfo.java:shutdownFollowerState(121)) - 44bbad9b-132e-4c90-942f-c1d112d4c4ce: shutdown FollowerState
2019-10-14 19:31:14,513 [grpc-default-executor-2] INFO  impl.StateMachineUpdater (StateMachineUpdater.java:stopAndJoin(136)) - 44bbad9b-132e-4c90-942f-c1d112d4c4ce@group-F10FDA1A612D-StateMachineUpdater: set stopIndex = -1
2019-10-14 19:31:14,513 [Thread-1444] INFO  impl.FollowerState (FollowerState.java:run(117)) - 44bbad9b-132e-4c90-942f-c1d112d4c4ce@group-F10FDA1A612D-FollowerState was interrupted: java.lang.InterruptedException: sleep interrupted
2019-10-14 19:31:14,513 [grpc-default-executor-2] INFO  impl.RaftServerImpl (ServerState.java:close(387)) - 44bbad9b-132e-4c90-942f-c1d112d4c4ce@group-F10FDA1A612D: closes. applyIndex: -1
2019-10-14 19:31:14,515 [44bbad9b-132e-4c90-942f-c1d112d4c4ce@group-F10FDA1A612D-SegmentedRaftLogWorker] INFO  segmented.SegmentedRaftLogWorker (SegmentedRaftLogWorker.java:run(316)) - 44bbad9b-132e-4c90-942f-c1d112d4c4ce@group-F10FDA1A612D-SegmentedRaftLogWorker was interrupted, exiting. There are 0 tasks remaining in the queue.
2019-10-14 19:31:14,515 [grpc-default-executor-2] INFO  segmented.SegmentedRaftLogWorker (SegmentedRaftLogWorker.java:close(224)) - 44bbad9b-132e-4c90-942f-c1d112d4c4ce@group-F10FDA1A612D-SegmentedRaftLogWorker close()
2019-10-14 19:31:14,520 [Thread-1433] INFO  pipeline.PipelineStateManager (PipelineStateManager.java:removePipeline(108)) - Pipeline Pipeline[ Id: d2a8d05c-cc62-4ae1-be3b-f10fda1a612d, Nodes: 44bbad9b-132e-4c90-942f-c1d112d4c4ce{ip: 192.168.164.219, host: pr-hdds-1868-cfdmt-251076870, networkLocation: /default-rack, certSerialId: null}, Type:RATIS, Factor:ONE, State:CLOSED] removed from db
2019-10-14 19:31:14,520 [Thread-1433] INFO  pipeline.SCMPipelineManager (SCMPipelineManager.java:finalizeAndDestroyPipeline(315)) - destroying pipeline:Pipeline[ Id: eb195650-ddba-4f6c-8c8f-2ea46f481ad4, Nodes: 09a9200a-ead6-4084-a723-89436f5cacce{ip: 192.168.164.219, host: pr-hdds-1868-cfdmt-251076870, networkLocation: /default-rack, certSerialId: null}, Type:RATIS, Factor:ONE, State:ALLOCATED]
2019-10-14 19:31:14,524 [grpc-default-executor-2] INFO  impl.RaftServerProxy (RaftServerProxy.java:addNew(89)) - 44bbad9b-132e-4c90-942f-c1d112d4c4ce: addNew group-0B65A8012B54:[44bbad9b-132e-4c90-942f-c1d112d4c4ce:192.168.164.219:45221] returns group-0B65A8012B54:java.util.concurrent.CompletableFuture@590c4028[Not completed]
2019-10-14 19:31:14,525 [pool-227-thread-1] INFO  impl.RaftServerImpl (RaftServerImpl.java:<init>(95)) - 44bbad9b-132e-4c90-942f-c1d112d4c4ce: new RaftServerImpl for group-0B65A8012B54:[44bbad9b-132e-4c90-942f-c1d112d4c4ce:192.168.164.219:45221] with ContainerStateMachine:uninitialized
2019-10-14 19:31:14,525 [pool-227-thread-1] INFO  server.RaftServerConfigKeys (ConfUtils.java:logGet(43)) - raft.server.rpc.timeout.min = 5s (custom)
2019-10-14 19:31:14,525 [pool-227-thread-1] INFO  server.RaftServerConfigKeys (ConfUtils.java:logGet(43)) - raft.server.rpc.timeout.max = 5200ms (custom)
2019-10-14 19:31:14,525 [pool-227-thread-1] INFO  server.RaftServerConfigKeys (ConfUtils.java:logGet(43)) - raft.server.rpcslowness.timeout = 120s (custom)
2019-10-14 19:31:14,525 [pool-227-thread-1] INFO  server.RaftServerConfigKeys (ConfUtils.java:logGet(43)) - raft.server.sleep.deviation.threshold = 300 (default)
2019-10-14 19:31:14,525 [pool-227-thread-1] INFO  server.RaftServerConfigKeys (ConfUtils.java:logGet(43)) - raft.server.log.appender.install.snapshot.enabled = false (custom)
2019-10-14 19:31:14,525 [pool-227-thread-1] INFO  impl.RaftServerImpl (ServerState.java:<init>(103)) - 44bbad9b-132e-4c90-942f-c1d112d4c4ce@group-0B65A8012B54: ConfigurationManager, init=-1: [44bbad9b-132e-4c90-942f-c1d112d4c4ce:192.168.164.219:45221], old=null, confs=<EMPTY_MAP>
2019-10-14 19:31:14,525 [pool-227-thread-1] INFO  server.RaftServerConfigKeys (ConfUtils.java:logGet(43)) - raft.server.storage.dir = [/workdir/hadoop-ozone/integration-test/target/test-dir/MiniOzoneClusterImpl-5426e04b-cf13-4b79-ba23-0228079aae76/datanode-2/data/ratis] (custom)
2019-10-14 19:31:14,526 [pool-227-thread-1] INFO  server.RaftServerConfigKeys (ConfUtils.java:logGet(43)) - raft.server.log.corruption.policy = EXCEPTION (default)
2019-10-14 19:31:14,526 [pool-227-thread-1] INFO  storage.RaftStorageDirectory (RaftStorageDirectory.java:analyzeStorage(246)) - The storage directory /workdir/hadoop-ozone/integration-test/target/test-dir/MiniOzoneClusterImpl-5426e04b-cf13-4b79-ba23-0228079aae76/datanode-2/data/ratis/aee17192-229c-4043-8fd2-0b65a8012b54 does not exist. Creating ...
2019-10-14 19:31:14,548 [pool-227-thread-1] INFO  storage.RaftStorageDirectory (RaftStorageDirectory.java:tryLock(328)) - Lock on /workdir/hadoop-ozone/integration-test/target/test-dir/MiniOzoneClusterImpl-5426e04b-cf13-4b79-ba23-0228079aae76/datanode-2/data/ratis/aee17192-229c-4043-8fd2-0b65a8012b54/in_use.lock acquired by nodename 20360@pr-hdds-1868-cfdmt-251076870
2019-10-14 19:31:14,571 [pool-227-thread-1] INFO  storage.RaftStorage (RaftStorage.java:format(84)) - Storage directory /workdir/hadoop-ozone/integration-test/target/test-dir/MiniOzoneClusterImpl-5426e04b-cf13-4b79-ba23-0228079aae76/datanode-2/data/ratis/aee17192-229c-4043-8fd2-0b65a8012b54 has been successfully formatted.
2019-10-14 19:31:14,572 [pool-227-thread-1] INFO  ratis.ContainerStateMachine (ContainerStateMachine.java:loadSnapshot(233)) - group-0B65A8012B54: The snapshot info is null. Setting the last applied indexto:(t:0, i:~)
2019-10-14 19:31:14,572 [pool-227-thread-1] INFO  server.RaftServerConfigKeys (ConfUtils.java:logGet(43)) - raft.server.notification.no-leader.timeout = 120s (custom)
2019-10-14 19:31:14,572 [pool-227-thread-1] INFO  server.RaftServerConfigKeys (ConfUtils.java:logGet(43)) - raft.server.log.use.memory = false (default)
2019-10-14 19:31:14,572 [pool-227-thread-1] INFO  server.RaftServerConfigKeys (ConfUtils.java:logGet(43)) - raft.server.log.purge.gap = 1000000 (custom)
2019-10-14 19:31:14,572 [pool-227-thread-1] INFO  server.RaftServerConfigKeys (ConfUtils.java:logGet(43)) - raft.server.log.appender.buffer.byte-limit = 33554432 (custom)
2019-10-14 19:31:14,572 [pool-227-thread-1] INFO  server.RaftServerConfigKeys (ConfUtils.java:logGet(43)) - raft.server.log.segment.size.max = 1048576 (custom)
2019-10-14 19:31:14,572 [pool-227-thread-1] INFO  server.RaftServerConfigKeys (ConfUtils.java:logGet(43)) - raft.server.log.segment.cache.num.max = 2 (custom)
2019-10-14 19:31:14,572 [pool-227-thread-1] INFO  segmented.SegmentedRaftLogWorker (SegmentedRaftLogWorker.java:<init>(173)) - new 44bbad9b-132e-4c90-942f-c1d112d4c4ce@group-0B65A8012B54-SegmentedRaftLogWorker for RaftStorage:Storage Directory /workdir/hadoop-ozone/integration-test/target/test-dir/MiniOzoneClusterImpl-5426e04b-cf13-4b79-ba23-0228079aae76/datanode-2/data/ratis/aee17192-229c-4043-8fd2-0b65a8012b54
2019-10-14 19:31:14,573 [pool-227-thread-1] INFO  server.RaftServerConfigKeys (ConfUtils.java:logGet(43)) - raft.server.log.queue.byte-limit = 2147483647 (custom)
2019-10-14 19:31:14,573 [pool-227-thread-1] INFO  server.RaftServerConfigKeys (ConfUtils.java:logGet(43)) - raft.server.log.queue.element-limit = 1024 (custom)
2019-10-14 19:31:14,573 [pool-227-thread-1] INFO  server.RaftServerConfigKeys (ConfUtils.java:logGet(43)) - raft.server.log.segment.size.max = 1048576 (custom)
2019-10-14 19:31:14,573 [pool-227-thread-1] INFO  server.RaftServerConfigKeys (ConfUtils.java:logGet(43)) - raft.server.log.preallocated.size = 16384 (custom)
2019-10-14 19:31:14,573 [pool-227-thread-1] INFO  server.RaftServerConfigKeys (ConfUtils.java:logGet(43)) - raft.server.log.write.buffer.size = 33554432 (custom)
2019-10-14 19:31:14,573 [pool-227-thread-1] INFO  server.RaftServerConfigKeys (ConfUtils.java:logGet(43)) - raft.server.log.force.sync.num = 128 (default)
2019-10-14 19:31:14,573 [pool-227-thread-1] INFO  server.RaftServerConfigKeys (ConfUtils.java:logGet(43)) - raft.server.log.statemachine.data.sync = true (default)
2019-10-14 19:31:14,573 [pool-227-thread-1] INFO  server.RaftServerConfigKeys (ConfUtils.java:logGet(43)) - raft.server.log.statemachine.data.sync.timeout = 10s (default)
2019-10-14 19:31:14,573 [pool-227-thread-1] INFO  server.RaftServerConfigKeys (ConfUtils.java:logGet(43)) - raft.server.log.statemachine.data.sync.timeout.retry = -1 (default)
2019-10-14 19:31:14,573 [pool-227-thread-1] INFO  server.RaftServerConfigKeys (ConfUtils.java:logGet(43)) - raft.server.log.statemachine.data.caching.enabled = true (custom)
2019-10-14 19:31:14,574 [pool-227-thread-1] INFO  segmented.SegmentedRaftLogWorker (SegmentedRaftLogWorker.java:lambda$new$0(128)) - 44bbad9b-132e-4c90-942f-c1d112d4c4ce@group-0B65A8012B54-SegmentedRaftLogWorker: flushIndex: setUnconditionally 0 -> -1
2019-10-14 19:31:14,574 [pool-227-thread-1] INFO  server.RaftServerConfigKeys (ConfUtils.java:logGet(43)) - raft.server.snapshot.auto.trigger.enabled = true (custom)
2019-10-14 19:31:14,574 [pool-227-thread-1] INFO  server.RaftServerConfigKeys (ConfUtils.java:logGet(43)) - raft.server.snapshot.auto.trigger.threshold = 10000 (custom)
2019-10-14 19:31:14,574 [pool-227-thread-1] INFO  server.RaftServerConfigKeys (ConfUtils.java:logGet(43)) - raft.server.snapshot.retention.file.num = 5 (custom)
2019-10-14 19:31:14,574 [pool-227-thread-1] INFO  server.RaftServerConfigKeys (ConfUtils.java:logGet(43)) - raft.server.retrycache.expirytime = 600000ms (custom)
2019-10-14 19:31:14,576 [pool-227-thread-1] INFO  impl.RaftServerImpl (RaftServerImpl.java:start(181)) - 44bbad9b-132e-4c90-942f-c1d112d4c4ce@group-0B65A8012B54: start as a follower, conf=-1: [44bbad9b-132e-4c90-942f-c1d112d4c4ce:192.168.164.219:45221], old=null
2019-10-14 19:31:14,576 [pool-227-thread-1] INFO  impl.RaftServerImpl (RaftServerImpl.java:setRole(170)) - 44bbad9b-132e-4c90-942f-c1d112d4c4ce@group-0B65A8012B54: changes role from      null to FOLLOWER at term 0 for startAsFollower
2019-10-14 19:31:14,576 [pool-227-thread-1] INFO  impl.RoleInfo (RoleInfo.java:updateAndGet(143)) - 44bbad9b-132e-4c90-942f-c1d112d4c4ce: start FollowerState
2019-10-14 19:31:14,577 [pool-227-thread-1] INFO  util.JmxRegister (JmxRegister.java:tryRegister(44)) - Successfully registered JMX Bean with object name Ratis:service=RaftServer,group=group-0B65A8012B54,id=44bbad9b-132e-4c90-942f-c1d112d4c4ce
2019-10-14 19:31:14,582 [RatisPipelineUtilsThread] INFO  pipeline.PipelineStateManager (PipelineStateManager.java:addPipeline(57)) - Created pipeline Pipeline[ Id: aee17192-229c-4043-8fd2-0b65a8012b54, Nodes: 44bbad9b-132e-4c90-942f-c1d112d4c4ce{ip: 192.168.164.219, host: pr-hdds-1868-cfdmt-251076870, networkLocation: /default-rack, certSerialId: null}, Type:RATIS, Factor:ONE, State:ALLOCATED]
2019-10-14 19:31:14,582 [Thread-1433] INFO  pipeline.PipelineStateManager (PipelineStateManager.java:finalizePipeline(123)) - Pipeline Pipeline[ Id: eb195650-ddba-4f6c-8c8f-2ea46f481ad4, Nodes: 09a9200a-ead6-4084-a723-89436f5cacce{ip: 192.168.164.219, host: pr-hdds-1868-cfdmt-251076870, networkLocation: /default-rack, certSerialId: null}, Type:RATIS, Factor:ONE, State:CLOSED] moved to CLOSED state
2019-10-14 19:31:14,590 [grpc-default-executor-2] INFO  impl.RaftServerProxy (RaftServerProxy.java:remove(95)) - 09a9200a-ead6-4084-a723-89436f5cacce: remove  FOLLOWER 09a9200a-ead6-4084-a723-89436f5cacce@group-2EA46F481AD4:t0, leader=null, voted=null, raftlog=09a9200a-ead6-4084-a723-89436f5cacce@group-2EA46F481AD4-SegmentedRaftLog:OPENED:c-1,f-1,i0, conf=-1: [09a9200a-ead6-4084-a723-89436f5cacce:192.168.164.219:39131], old=null RUNNING
2019-10-14 19:31:14,590 [grpc-default-executor-2] INFO  impl.RaftServerImpl (RaftServerImpl.java:lambda$shutdown$3(247)) - 09a9200a-ead6-4084-a723-89436f5cacce@group-2EA46F481AD4: shutdown
2019-10-14 19:31:14,590 [grpc-default-executor-2] INFO  util.JmxRegister (JmxRegister.java:unregister(73)) - Successfully un-registered JMX Bean with object name Ratis:service=RaftServer,group=group-2EA46F481AD4,id=09a9200a-ead6-4084-a723-89436f5cacce
2019-10-14 19:31:14,590 [grpc-default-executor-2] INFO  impl.RoleInfo (RoleInfo.java:shutdownFollowerState(121)) - 09a9200a-ead6-4084-a723-89436f5cacce: shutdown FollowerState
2019-10-14 19:31:14,591 [grpc-default-executor-2] INFO  impl.StateMachineUpdater (StateMachineUpdater.java:stopAndJoin(136)) - 09a9200a-ead6-4084-a723-89436f5cacce@group-2EA46F481AD4-StateMachineUpdater: set stopIndex = -1
2019-10-14 19:31:14,591 [Thread-1456] INFO  impl.FollowerState (FollowerState.java:run(117)) - 09a9200a-ead6-4084-a723-89436f5cacce@group-2EA46F481AD4-FollowerState was interrupted: java.lang.InterruptedException: sleep interrupted
2019-10-14 19:31:14,591 [grpc-default-executor-2] INFO  impl.RaftServerImpl (ServerState.java:close(387)) - 09a9200a-ead6-4084-a723-89436f5cacce@group-2EA46F481AD4: closes. applyIndex: -1
2019-10-14 19:31:14,594 [09a9200a-ead6-4084-a723-89436f5cacce@group-2EA46F481AD4-SegmentedRaftLogWorker] INFO  segmented.SegmentedRaftLogWorker (SegmentedRaftLogWorker.java:run(316)) - 09a9200a-ead6-4084-a723-89436f5cacce@group-2EA46F481AD4-SegmentedRaftLogWorker was interrupted, exiting. There are 0 tasks remaining in the queue.
2019-10-14 19:31:14,594 [grpc-default-executor-2] INFO  segmented.SegmentedRaftLogWorker (SegmentedRaftLogWorker.java:close(224)) - 09a9200a-ead6-4084-a723-89436f5cacce@group-2EA46F481AD4-SegmentedRaftLogWorker close()
2019-10-14 19:31:14,599 [Thread-1433] INFO  pipeline.PipelineStateManager (PipelineStateManager.java:removePipeline(108)) - Pipeline Pipeline[ Id: eb195650-ddba-4f6c-8c8f-2ea46f481ad4, Nodes: 09a9200a-ead6-4084-a723-89436f5cacce{ip: 192.168.164.219, host: pr-hdds-1868-cfdmt-251076870, networkLocation: /default-rack, certSerialId: null}, Type:RATIS, Factor:ONE, State:CLOSED] removed from db
2019-10-14 19:31:14,599 [Thread-1433] INFO  pipeline.SCMPipelineManager (SCMPipelineManager.java:finalizeAndDestroyPipeline(315)) - destroying pipeline:Pipeline[ Id: a32950d8-a5ae-48cd-8167-3439bf2d7ae8, Nodes: 670e30cf-8b9d-44a8-8fa0-e58ec8ba4c01{ip: 192.168.164.219, host: pr-hdds-1868-cfdmt-251076870, networkLocation: /default-rack, certSerialId: null}, Type:RATIS, Factor:ONE, State:ALLOCATED]
2019-10-14 19:31:14,603 [grpc-default-executor-2] INFO  impl.RaftServerProxy (RaftServerProxy.java:addNew(89)) - 09a9200a-ead6-4084-a723-89436f5cacce: addNew group-A221DB5C91EC:[09a9200a-ead6-4084-a723-89436f5cacce:192.168.164.219:39131] returns group-A221DB5C91EC:java.util.concurrent.CompletableFuture@66345687[Not completed]
2019-10-14 19:31:14,605 [pool-267-thread-1] INFO  impl.RaftServerImpl (RaftServerImpl.java:<init>(95)) - 09a9200a-ead6-4084-a723-89436f5cacce: new RaftServerImpl for group-A221DB5C91EC:[09a9200a-ead6-4084-a723-89436f5cacce:192.168.164.219:39131] with ContainerStateMachine:uninitialized
2019-10-14 19:31:14,605 [pool-267-thread-1] INFO  server.RaftServerConfigKeys (ConfUtils.java:logGet(43)) - raft.server.rpc.timeout.min = 5s (custom)
2019-10-14 19:31:14,605 [pool-267-thread-1] INFO  server.RaftServerConfigKeys (ConfUtils.java:logGet(43)) - raft.server.rpc.timeout.max = 5200ms (custom)
2019-10-14 19:31:14,606 [pool-267-thread-1] INFO  server.RaftServerConfigKeys (ConfUtils.java:logGet(43)) - raft.server.rpcslowness.timeout = 120s (custom)
2019-10-14 19:31:14,606 [pool-267-thread-1] INFO  server.RaftServerConfigKeys (ConfUtils.java:logGet(43)) - raft.server.sleep.deviation.threshold = 300 (default)
2019-10-14 19:31:14,606 [pool-267-thread-1] INFO  server.RaftServerConfigKeys (ConfUtils.java:logGet(43)) - raft.server.log.appender.install.snapshot.enabled = false (custom)
2019-10-14 19:31:14,606 [pool-267-thread-1] INFO  impl.RaftServerImpl (ServerState.java:<init>(103)) - 09a9200a-ead6-4084-a723-89436f5cacce@group-A221DB5C91EC: ConfigurationManager, init=-1: [09a9200a-ead6-4084-a723-89436f5cacce:192.168.164.219:39131], old=null, confs=<EMPTY_MAP>
2019-10-14 19:31:14,606 [pool-267-thread-1] INFO  server.RaftServerConfigKeys (ConfUtils.java:logGet(43)) - raft.server.storage.dir = [/workdir/hadoop-ozone/integration-test/target/test-dir/MiniOzoneClusterImpl-5426e04b-cf13-4b79-ba23-0228079aae76/datanode-6/data/ratis] (custom)
2019-10-14 19:31:14,607 [pool-267-thread-1] INFO  server.RaftServerConfigKeys (ConfUtils.java:logGet(43)) - raft.server.log.corruption.policy = EXCEPTION (default)
2019-10-14 19:31:14,607 [pool-267-thread-1] INFO  storage.RaftStorageDirectory (RaftStorageDirectory.java:analyzeStorage(246)) - The storage directory /workdir/hadoop-ozone/integration-test/target/test-dir/MiniOzoneClusterImpl-5426e04b-cf13-4b79-ba23-0228079aae76/datanode-6/data/ratis/6a33a45a-36ee-479c-a13f-a221db5c91ec does not exist. Creating ...
2019-10-14 19:31:14,630 [pool-267-thread-1] INFO  storage.RaftStorageDirectory (RaftStorageDirectory.java:tryLock(328)) - Lock on /workdir/hadoop-ozone/integration-test/target/test-dir/MiniOzoneClusterImpl-5426e04b-cf13-4b79-ba23-0228079aae76/datanode-6/data/ratis/6a33a45a-36ee-479c-a13f-a221db5c91ec/in_use.lock acquired by nodename 20360@pr-hdds-1868-cfdmt-251076870
2019-10-14 19:31:14,676 [pool-267-thread-1] INFO  storage.RaftStorage (RaftStorage.java:format(84)) - Storage directory /workdir/hadoop-ozone/integration-test/target/test-dir/MiniOzoneClusterImpl-5426e04b-cf13-4b79-ba23-0228079aae76/datanode-6/data/ratis/6a33a45a-36ee-479c-a13f-a221db5c91ec has been successfully formatted.
2019-10-14 19:31:14,677 [pool-267-thread-1] INFO  ratis.ContainerStateMachine (ContainerStateMachine.java:loadSnapshot(233)) - group-A221DB5C91EC: The snapshot info is null. Setting the last applied indexto:(t:0, i:~)
2019-10-14 19:31:14,677 [pool-267-thread-1] INFO  server.RaftServerConfigKeys (ConfUtils.java:logGet(43)) - raft.server.notification.no-leader.timeout = 120s (custom)
2019-10-14 19:31:14,677 [pool-267-thread-1] INFO  server.RaftServerConfigKeys (ConfUtils.java:logGet(43)) - raft.server.log.use.memory = false (default)
2019-10-14 19:31:14,677 [pool-267-thread-1] INFO  server.RaftServerConfigKeys (ConfUtils.java:logGet(43)) - raft.server.log.purge.gap = 1000000 (custom)
2019-10-14 19:31:14,677 [pool-267-thread-1] INFO  server.RaftServerConfigKeys (ConfUtils.java:logGet(43)) - raft.server.log.appender.buffer.byte-limit = 33554432 (custom)
2019-10-14 19:31:14,677 [pool-267-thread-1] INFO  server.RaftServerConfigKeys (ConfUtils.java:logGet(43)) - raft.server.log.segment.size.max = 1048576 (custom)
2019-10-14 19:31:14,677 [pool-267-thread-1] INFO  server.RaftServerConfigKeys (ConfUtils.java:logGet(43)) - raft.server.log.segment.cache.num.max = 2 (custom)
2019-10-14 19:31:14,677 [pool-267-thread-1] INFO  segmented.SegmentedRaftLogWorker (SegmentedRaftLogWorker.java:<init>(173)) - new 09a9200a-ead6-4084-a723-89436f5cacce@group-A221DB5C91EC-SegmentedRaftLogWorker for RaftStorage:Storage Directory /workdir/hadoop-ozone/integration-test/target/test-dir/MiniOzoneClusterImpl-5426e04b-cf13-4b79-ba23-0228079aae76/datanode-6/data/ratis/6a33a45a-36ee-479c-a13f-a221db5c91ec
2019-10-14 19:31:14,678 [pool-267-thread-1] INFO  server.RaftServerConfigKeys (ConfUtils.java:logGet(43)) - raft.server.log.queue.byte-limit = 2147483647 (custom)
2019-10-14 19:31:14,678 [pool-267-thread-1] INFO  server.RaftServerConfigKeys (ConfUtils.java:logGet(43)) - raft.server.log.queue.element-limit = 1024 (custom)
2019-10-14 19:31:14,678 [pool-267-thread-1] INFO  server.RaftServerConfigKeys (ConfUtils.java:logGet(43)) - raft.server.log.segment.size.max = 1048576 (custom)
2019-10-14 19:31:14,678 [pool-267-thread-1] INFO  server.RaftServerConfigKeys (ConfUtils.java:logGet(43)) - raft.server.log.preallocated.size = 16384 (custom)
2019-10-14 19:31:14,678 [pool-267-thread-1] INFO  server.RaftServerConfigKeys (ConfUtils.java:logGet(43)) - raft.server.log.write.buffer.size = 33554432 (custom)
2019-10-14 19:31:14,678 [pool-267-thread-1] INFO  server.RaftServerConfigKeys (ConfUtils.java:logGet(43)) - raft.server.log.force.sync.num = 128 (default)
2019-10-14 19:31:14,678 [pool-267-thread-1] INFO  server.RaftServerConfigKeys (ConfUtils.java:logGet(43)) - raft.server.log.statemachine.data.sync = true (default)
2019-10-14 19:31:14,678 [pool-267-thread-1] INFO  server.RaftServerConfigKeys (ConfUtils.java:logGet(43)) - raft.server.log.statemachine.data.sync.timeout = 10s (default)
2019-10-14 19:31:14,678 [pool-267-thread-1] INFO  server.RaftServerConfigKeys (ConfUtils.java:logGet(43)) - raft.server.log.statemachine.data.sync.timeout.retry = -1 (default)
2019-10-14 19:31:14,678 [pool-267-thread-1] INFO  server.RaftServerConfigKeys (ConfUtils.java:logGet(43)) - raft.server.log.statemachine.data.caching.enabled = true (custom)
2019-10-14 19:31:14,679 [pool-267-thread-1] INFO  segmented.SegmentedRaftLogWorker (SegmentedRaftLogWorker.java:lambda$new$0(128)) - 09a9200a-ead6-4084-a723-89436f5cacce@group-A221DB5C91EC-SegmentedRaftLogWorker: flushIndex: setUnconditionally 0 -> -1
2019-10-14 19:31:14,679 [pool-267-thread-1] INFO  server.RaftServerConfigKeys (ConfUtils.java:logGet(43)) - raft.server.snapshot.auto.trigger.enabled = true (custom)
2019-10-14 19:31:14,679 [pool-267-thread-1] INFO  server.RaftServerConfigKeys (ConfUtils.java:logGet(43)) - raft.server.snapshot.auto.trigger.threshold = 10000 (custom)
2019-10-14 19:31:14,679 [pool-267-thread-1] INFO  server.RaftServerConfigKeys (ConfUtils.java:logGet(43)) - raft.server.snapshot.retention.file.num = 5 (custom)
2019-10-14 19:31:14,679 [pool-267-thread-1] INFO  server.RaftServerConfigKeys (ConfUtils.java:logGet(43)) - raft.server.retrycache.expirytime = 600000ms (custom)
2019-10-14 19:31:14,681 [pool-267-thread-1] INFO  impl.RaftServerImpl (RaftServerImpl.java:start(181)) - 09a9200a-ead6-4084-a723-89436f5cacce@group-A221DB5C91EC: start as a follower, conf=-1: [09a9200a-ead6-4084-a723-89436f5cacce:192.168.164.219:39131], old=null
2019-10-14 19:31:14,681 [pool-267-thread-1] INFO  impl.RaftServerImpl (RaftServerImpl.java:setRole(170)) - 09a9200a-ead6-4084-a723-89436f5cacce@group-A221DB5C91EC: changes role from      null to FOLLOWER at term 0 for startAsFollower
2019-10-14 19:31:14,681 [pool-267-thread-1] INFO  impl.RoleInfo (RoleInfo.java:updateAndGet(143)) - 09a9200a-ead6-4084-a723-89436f5cacce: start FollowerState
2019-10-14 19:31:14,681 [pool-267-thread-1] INFO  util.JmxRegister (JmxRegister.java:tryRegister(44)) - Successfully registered JMX Bean with object name Ratis:service=RaftServer,group=group-A221DB5C91EC,id=09a9200a-ead6-4084-a723-89436f5cacce
2019-10-14 19:31:14,685 [RatisPipelineUtilsThread] INFO  pipeline.PipelineStateManager (PipelineStateManager.java:addPipeline(57)) - Created pipeline Pipeline[ Id: 6a33a45a-36ee-479c-a13f-a221db5c91ec, Nodes: 09a9200a-ead6-4084-a723-89436f5cacce{ip: 192.168.164.219, host: pr-hdds-1868-cfdmt-251076870, networkLocation: /default-rack, certSerialId: null}, Type:RATIS, Factor:ONE, State:ALLOCATED]
2019-10-14 19:31:14,686 [Thread-1433] INFO  pipeline.PipelineStateManager (PipelineStateManager.java:finalizePipeline(123)) - Pipeline Pipeline[ Id: a32950d8-a5ae-48cd-8167-3439bf2d7ae8, Nodes: 670e30cf-8b9d-44a8-8fa0-e58ec8ba4c01{ip: 192.168.164.219, host: pr-hdds-1868-cfdmt-251076870, networkLocation: /default-rack, certSerialId: null}, Type:RATIS, Factor:ONE, State:CLOSED] moved to CLOSED state
2019-10-14 19:31:14,697 [grpc-default-executor-2] INFO  impl.RaftServerProxy (RaftServerProxy.java:remove(95)) - 670e30cf-8b9d-44a8-8fa0-e58ec8ba4c01: remove  FOLLOWER 670e30cf-8b9d-44a8-8fa0-e58ec8ba4c01@group-3439BF2D7AE8:t0, leader=null, voted=null, raftlog=670e30cf-8b9d-44a8-8fa0-e58ec8ba4c01@group-3439BF2D7AE8-SegmentedRaftLog:OPENED:c-1,f-1,i0, conf=-1: [670e30cf-8b9d-44a8-8fa0-e58ec8ba4c01:192.168.164.219:41985], old=null RUNNING
2019-10-14 19:31:14,697 [grpc-default-executor-2] INFO  impl.RaftServerImpl (RaftServerImpl.java:lambda$shutdown$3(247)) - 670e30cf-8b9d-44a8-8fa0-e58ec8ba4c01@group-3439BF2D7AE8: shutdown
2019-10-14 19:31:14,697 [grpc-default-executor-2] INFO  util.JmxRegister (JmxRegister.java:unregister(73)) - Successfully un-registered JMX Bean with object name Ratis:service=RaftServer,group=group-3439BF2D7AE8,id=670e30cf-8b9d-44a8-8fa0-e58ec8ba4c01
2019-10-14 19:31:14,698 [grpc-default-executor-2] INFO  impl.RoleInfo (RoleInfo.java:shutdownFollowerState(121)) - 670e30cf-8b9d-44a8-8fa0-e58ec8ba4c01: shutdown FollowerState
2019-10-14 19:31:14,698 [grpc-default-executor-2] INFO  impl.StateMachineUpdater (StateMachineUpdater.java:stopAndJoin(136)) - 670e30cf-8b9d-44a8-8fa0-e58ec8ba4c01@group-3439BF2D7AE8-StateMachineUpdater: set stopIndex = -1
2019-10-14 19:31:14,698 [Thread-1450] INFO  impl.FollowerState (FollowerState.java:run(117)) - 670e30cf-8b9d-44a8-8fa0-e58ec8ba4c01@group-3439BF2D7AE8-FollowerState was interrupted: java.lang.InterruptedException: sleep interrupted
2019-10-14 19:31:14,698 [grpc-default-executor-2] INFO  impl.RaftServerImpl (ServerState.java:close(387)) - 670e30cf-8b9d-44a8-8fa0-e58ec8ba4c01@group-3439BF2D7AE8: closes. applyIndex: -1
2019-10-14 19:31:14,701 [670e30cf-8b9d-44a8-8fa0-e58ec8ba4c01@group-3439BF2D7AE8-SegmentedRaftLogWorker] INFO  segmented.SegmentedRaftLogWorker (SegmentedRaftLogWorker.java:run(316)) - 670e30cf-8b9d-44a8-8fa0-e58ec8ba4c01@group-3439BF2D7AE8-SegmentedRaftLogWorker was interrupted, exiting. There are 0 tasks remaining in the queue.
2019-10-14 19:31:14,701 [grpc-default-executor-2] INFO  segmented.SegmentedRaftLogWorker (SegmentedRaftLogWorker.java:close(224)) - 670e30cf-8b9d-44a8-8fa0-e58ec8ba4c01@group-3439BF2D7AE8-SegmentedRaftLogWorker close()
2019-10-14 19:31:14,709 [Thread-1433] INFO  pipeline.PipelineStateManager (PipelineStateManager.java:removePipeline(108)) - Pipeline Pipeline[ Id: a32950d8-a5ae-48cd-8167-3439bf2d7ae8, Nodes: 670e30cf-8b9d-44a8-8fa0-e58ec8ba4c01{ip: 192.168.164.219, host: pr-hdds-1868-cfdmt-251076870, networkLocation: /default-rack, certSerialId: null}, Type:RATIS, Factor:ONE, State:CLOSED] removed from db
2019-10-14 19:31:14,709 [Thread-1433] INFO  pipeline.SCMPipelineManager (SCMPipelineManager.java:finalizeAndDestroyPipeline(315)) - destroying pipeline:Pipeline[ Id: 7fd060b6-d0d3-4d21-ae79-da866f9dbd0b, Nodes: 60a49fad-6bbc-4e1d-b332-64cc210e3f49{ip: 192.168.164.219, host: pr-hdds-1868-cfdmt-251076870, networkLocation: /default-rack, certSerialId: null}670e30cf-8b9d-44a8-8fa0-e58ec8ba4c01{ip: 192.168.164.219, host: pr-hdds-1868-cfdmt-251076870, networkLocation: /default-rack, certSerialId: null}09a9200a-ead6-4084-a723-89436f5cacce{ip: 192.168.164.219, host: pr-hdds-1868-cfdmt-251076870, networkLocation: /default-rack, certSerialId: null}, Type:RATIS, Factor:THREE, State:ALLOCATED]
2019-10-14 19:31:14,715 [grpc-default-executor-2] INFO  impl.RaftServerProxy (RaftServerProxy.java:addNew(89)) - 670e30cf-8b9d-44a8-8fa0-e58ec8ba4c01: addNew group-657F7D2F23EA:[670e30cf-8b9d-44a8-8fa0-e58ec8ba4c01:192.168.164.219:41985] returns group-657F7D2F23EA:java.util.concurrent.CompletableFuture@2cdf0339[Not completed]
2019-10-14 19:31:14,716 [pool-247-thread-1] INFO  impl.RaftServerImpl (RaftServerImpl.java:<init>(95)) - 670e30cf-8b9d-44a8-8fa0-e58ec8ba4c01: new RaftServerImpl for group-657F7D2F23EA:[670e30cf-8b9d-44a8-8fa0-e58ec8ba4c01:192.168.164.219:41985] with ContainerStateMachine:uninitialized
2019-10-14 19:31:14,719 [pool-247-thread-1] INFO  server.RaftServerConfigKeys (ConfUtils.java:logGet(43)) - raft.server.rpc.timeout.min = 5s (custom)
2019-10-14 19:31:14,719 [pool-247-thread-1] INFO  server.RaftServerConfigKeys (ConfUtils.java:logGet(43)) - raft.server.rpc.timeout.max = 5200ms (custom)
2019-10-14 19:31:14,719 [pool-247-thread-1] INFO  server.RaftServerConfigKeys (ConfUtils.java:logGet(43)) - raft.server.rpcslowness.timeout = 120s (custom)
2019-10-14 19:31:14,719 [pool-247-thread-1] INFO  server.RaftServerConfigKeys (ConfUtils.java:logGet(43)) - raft.server.sleep.deviation.threshold = 300 (default)
2019-10-14 19:31:14,719 [pool-247-thread-1] INFO  server.RaftServerConfigKeys (ConfUtils.java:logGet(43)) - raft.server.log.appender.install.snapshot.enabled = false (custom)
2019-10-14 19:31:14,720 [pool-247-thread-1] INFO  impl.RaftServerImpl (ServerState.java:<init>(103)) - 670e30cf-8b9d-44a8-8fa0-e58ec8ba4c01@group-657F7D2F23EA: ConfigurationManager, init=-1: [670e30cf-8b9d-44a8-8fa0-e58ec8ba4c01:192.168.164.219:41985], old=null, confs=<EMPTY_MAP>
2019-10-14 19:31:14,720 [pool-247-thread-1] INFO  server.RaftServerConfigKeys (ConfUtils.java:logGet(43)) - raft.server.storage.dir = [/workdir/hadoop-ozone/integration-test/target/test-dir/MiniOzoneClusterImpl-5426e04b-cf13-4b79-ba23-0228079aae76/datanode-4/data/ratis] (custom)
2019-10-14 19:31:14,720 [pool-247-thread-1] INFO  server.RaftServerConfigKeys (ConfUtils.java:logGet(43)) - raft.server.log.corruption.policy = EXCEPTION (default)
2019-10-14 19:31:14,720 [pool-247-thread-1] INFO  storage.RaftStorageDirectory (RaftStorageDirectory.java:analyzeStorage(246)) - The storage directory /workdir/hadoop-ozone/integration-test/target/test-dir/MiniOzoneClusterImpl-5426e04b-cf13-4b79-ba23-0228079aae76/datanode-4/data/ratis/7e1d72a3-5b50-4d90-89be-657f7d2f23ea does not exist. Creating ...
2019-10-14 19:31:14,744 [pool-247-thread-1] INFO  storage.RaftStorageDirectory (RaftStorageDirectory.java:tryLock(328)) - Lock on /workdir/hadoop-ozone/integration-test/target/test-dir/MiniOzoneClusterImpl-5426e04b-cf13-4b79-ba23-0228079aae76/datanode-4/data/ratis/7e1d72a3-5b50-4d90-89be-657f7d2f23ea/in_use.lock acquired by nodename 20360@pr-hdds-1868-cfdmt-251076870
2019-10-14 19:31:14,770 [pool-247-thread-1] INFO  storage.RaftStorage (RaftStorage.java:format(84)) - Storage directory /workdir/hadoop-ozone/integration-test/target/test-dir/MiniOzoneClusterImpl-5426e04b-cf13-4b79-ba23-0228079aae76/datanode-4/data/ratis/7e1d72a3-5b50-4d90-89be-657f7d2f23ea has been successfully formatted.
2019-10-14 19:31:14,770 [pool-247-thread-1] INFO  ratis.ContainerStateMachine (ContainerStateMachine.java:loadSnapshot(233)) - group-657F7D2F23EA: The snapshot info is null. Setting the last applied indexto:(t:0, i:~)
2019-10-14 19:31:14,770 [pool-247-thread-1] INFO  server.RaftServerConfigKeys (ConfUtils.java:logGet(43)) - raft.server.notification.no-leader.timeout = 120s (custom)
2019-10-14 19:31:14,770 [pool-247-thread-1] INFO  server.RaftServerConfigKeys (ConfUtils.java:logGet(43)) - raft.server.log.use.memory = false (default)
2019-10-14 19:31:14,770 [pool-247-thread-1] INFO  server.RaftServerConfigKeys (ConfUtils.java:logGet(43)) - raft.server.log.purge.gap = 1000000 (custom)
2019-10-14 19:31:14,771 [pool-247-thread-1] INFO  server.RaftServerConfigKeys (ConfUtils.java:logGet(43)) - raft.server.log.appender.buffer.byte-limit = 33554432 (custom)
2019-10-14 19:31:14,771 [pool-247-thread-1] INFO  server.RaftServerConfigKeys (ConfUtils.java:logGet(43)) - raft.server.log.segment.size.max = 1048576 (custom)
2019-10-14 19:31:14,771 [pool-247-thread-1] INFO  server.RaftServerConfigKeys (ConfUtils.java:logGet(43)) - raft.server.log.segment.cache.num.max = 2 (custom)
2019-10-14 19:31:14,771 [pool-247-thread-1] INFO  segmented.SegmentedRaftLogWorker (SegmentedRaftLogWorker.java:<init>(173)) - new 670e30cf-8b9d-44a8-8fa0-e58ec8ba4c01@group-657F7D2F23EA-SegmentedRaftLogWorker for RaftStorage:Storage Directory /workdir/hadoop-ozone/integration-test/target/test-dir/MiniOzoneClusterImpl-5426e04b-cf13-4b79-ba23-0228079aae76/datanode-4/data/ratis/7e1d72a3-5b50-4d90-89be-657f7d2f23ea
2019-10-14 19:31:14,771 [pool-247-thread-1] INFO  server.RaftServerConfigKeys (ConfUtils.java:logGet(43)) - raft.server.log.queue.byte-limit = 2147483647 (custom)
2019-10-14 19:31:14,771 [pool-247-thread-1] INFO  server.RaftServerConfigKeys (ConfUtils.java:logGet(43)) - raft.server.log.queue.element-limit = 1024 (custom)
2019-10-14 19:31:14,771 [pool-247-thread-1] INFO  server.RaftServerConfigKeys (ConfUtils.java:logGet(43)) - raft.server.log.segment.size.max = 1048576 (custom)
2019-10-14 19:31:14,771 [pool-247-thread-1] INFO  server.RaftServerConfigKeys (ConfUtils.java:logGet(43)) - raft.server.log.preallocated.size = 16384 (custom)
2019-10-14 19:31:14,772 [pool-247-thread-1] INFO  server.RaftServerConfigKeys (ConfUtils.java:logGet(43)) - raft.server.log.write.buffer.size = 33554432 (custom)
2019-10-14 19:31:14,772 [pool-247-thread-1] INFO  server.RaftServerConfigKeys (ConfUtils.java:logGet(43)) - raft.server.log.force.sync.num = 128 (default)
2019-10-14 19:31:14,772 [pool-247-thread-1] INFO  server.RaftServerConfigKeys (ConfUtils.java:logGet(43)) - raft.server.log.statemachine.data.sync = true (default)
2019-10-14 19:31:14,772 [pool-247-thread-1] INFO  server.RaftServerConfigKeys (ConfUtils.java:logGet(43)) - raft.server.log.statemachine.data.sync.timeout = 10s (default)
2019-10-14 19:31:14,772 [pool-247-thread-1] INFO  server.RaftServerConfigKeys (ConfUtils.java:logGet(43)) - raft.server.log.statemachine.data.sync.timeout.retry = -1 (default)
2019-10-14 19:31:14,772 [pool-247-thread-1] INFO  server.RaftServerConfigKeys (ConfUtils.java:logGet(43)) - raft.server.log.statemachine.data.caching.enabled = true (custom)
2019-10-14 19:31:14,772 [pool-247-thread-1] INFO  segmented.SegmentedRaftLogWorker (SegmentedRaftLogWorker.java:lambda$new$0(128)) - 670e30cf-8b9d-44a8-8fa0-e58ec8ba4c01@group-657F7D2F23EA-SegmentedRaftLogWorker: flushIndex: setUnconditionally 0 -> -1
2019-10-14 19:31:14,773 [pool-247-thread-1] INFO  server.RaftServerConfigKeys (ConfUtils.java:logGet(43)) - raft.server.snapshot.auto.trigger.enabled = true (custom)
2019-10-14 19:31:14,773 [pool-247-thread-1] INFO  server.RaftServerConfigKeys (ConfUtils.java:logGet(43)) - raft.server.snapshot.auto.trigger.threshold = 10000 (custom)
2019-10-14 19:31:14,773 [pool-247-thread-1] INFO  server.RaftServerConfigKeys (ConfUtils.java:logGet(43)) - raft.server.snapshot.retention.file.num = 5 (custom)
2019-10-14 19:31:14,773 [pool-247-thread-1] INFO  server.RaftServerConfigKeys (ConfUtils.java:logGet(43)) - raft.server.retrycache.expirytime = 600000ms (custom)
2019-10-14 19:31:14,775 [pool-247-thread-1] INFO  impl.RaftServerImpl (RaftServerImpl.java:start(181)) - 670e30cf-8b9d-44a8-8fa0-e58ec8ba4c01@group-657F7D2F23EA: start as a follower, conf=-1: [670e30cf-8b9d-44a8-8fa0-e58ec8ba4c01:192.168.164.219:41985], old=null
2019-10-14 19:31:14,775 [pool-247-thread-1] INFO  impl.RaftServerImpl (RaftServerImpl.java:setRole(170)) - 670e30cf-8b9d-44a8-8fa0-e58ec8ba4c01@group-657F7D2F23EA: changes role from      null to FOLLOWER at term 0 for startAsFollower
2019-10-14 19:31:14,775 [pool-247-thread-1] INFO  impl.RoleInfo (RoleInfo.java:updateAndGet(143)) - 670e30cf-8b9d-44a8-8fa0-e58ec8ba4c01: start FollowerState
2019-10-14 19:31:14,775 [pool-247-thread-1] INFO  util.JmxRegister (JmxRegister.java:tryRegister(44)) - Successfully registered JMX Bean with object name Ratis:service=RaftServer,group=group-657F7D2F23EA,id=670e30cf-8b9d-44a8-8fa0-e58ec8ba4c01
2019-10-14 19:31:14,779 [RatisPipelineUtilsThread] INFO  pipeline.PipelineStateManager (PipelineStateManager.java:addPipeline(57)) - Created pipeline Pipeline[ Id: 7e1d72a3-5b50-4d90-89be-657f7d2f23ea, Nodes: 670e30cf-8b9d-44a8-8fa0-e58ec8ba4c01{ip: 192.168.164.219, host: pr-hdds-1868-cfdmt-251076870, networkLocation: /default-rack, certSerialId: null}, Type:RATIS, Factor:ONE, State:ALLOCATED]
2019-10-14 19:31:14,780 [Thread-1433] INFO  pipeline.PipelineStateManager (PipelineStateManager.java:finalizePipeline(123)) - Pipeline Pipeline[ Id: 7fd060b6-d0d3-4d21-ae79-da866f9dbd0b, Nodes: 60a49fad-6bbc-4e1d-b332-64cc210e3f49{ip: 192.168.164.219, host: pr-hdds-1868-cfdmt-251076870, networkLocation: /default-rack, certSerialId: null}670e30cf-8b9d-44a8-8fa0-e58ec8ba4c01{ip: 192.168.164.219, host: pr-hdds-1868-cfdmt-251076870, networkLocation: /default-rack, certSerialId: null}09a9200a-ead6-4084-a723-89436f5cacce{ip: 192.168.164.219, host: pr-hdds-1868-cfdmt-251076870, networkLocation: /default-rack, certSerialId: null}, Type:RATIS, Factor:THREE, State:CLOSED] moved to CLOSED state
2019-10-14 19:31:14,787 [grpc-default-executor-2] INFO  impl.RaftServerProxy (RaftServerProxy.java:remove(95)) - 60a49fad-6bbc-4e1d-b332-64cc210e3f49: remove  FOLLOWER 60a49fad-6bbc-4e1d-b332-64cc210e3f49@group-DA866F9DBD0B:t0, leader=null, voted=null, raftlog=60a49fad-6bbc-4e1d-b332-64cc210e3f49@group-DA866F9DBD0B-SegmentedRaftLog:OPENED:c-1,f-1,i0, conf=-1: [60a49fad-6bbc-4e1d-b332-64cc210e3f49:192.168.164.219:42016, 670e30cf-8b9d-44a8-8fa0-e58ec8ba4c01:192.168.164.219:41985, 09a9200a-ead6-4084-a723-89436f5cacce:192.168.164.219:39131], old=null RUNNING
2019-10-14 19:31:14,787 [grpc-default-executor-2] INFO  impl.RaftServerImpl (RaftServerImpl.java:lambda$shutdown$3(247)) - 60a49fad-6bbc-4e1d-b332-64cc210e3f49@group-DA866F9DBD0B: shutdown
2019-10-14 19:31:14,787 [grpc-default-executor-2] INFO  util.JmxRegister (JmxRegister.java:unregister(73)) - Successfully un-registered JMX Bean with object name Ratis:service=RaftServer,group=group-DA866F9DBD0B,id=60a49fad-6bbc-4e1d-b332-64cc210e3f49
2019-10-14 19:31:14,787 [grpc-default-executor-2] INFO  impl.RoleInfo (RoleInfo.java:shutdownFollowerState(121)) - 60a49fad-6bbc-4e1d-b332-64cc210e3f49: shutdown FollowerState
2019-10-14 19:31:14,788 [grpc-default-executor-2] INFO  impl.StateMachineUpdater (StateMachineUpdater.java:stopAndJoin(136)) - 60a49fad-6bbc-4e1d-b332-64cc210e3f49@group-DA866F9DBD0B-StateMachineUpdater: set stopIndex = -1
2019-10-14 19:31:14,788 [Thread-1463] INFO  impl.FollowerState (FollowerState.java:run(117)) - 60a49fad-6bbc-4e1d-b332-64cc210e3f49@group-DA866F9DBD0B-FollowerState was interrupted: java.lang.InterruptedException: sleep interrupted
2019-10-14 19:31:14,791 [grpc-default-executor-2] INFO  impl.RaftServerImpl (ServerState.java:close(387)) - 60a49fad-6bbc-4e1d-b332-64cc210e3f49@group-DA866F9DBD0B: closes. applyIndex: -1
2019-10-14 19:31:14,791 [60a49fad-6bbc-4e1d-b332-64cc210e3f49@group-DA866F9DBD0B-SegmentedRaftLogWorker] INFO  segmented.SegmentedRaftLogWorker (SegmentedRaftLogWorker.java:run(316)) - 60a49fad-6bbc-4e1d-b332-64cc210e3f49@group-DA866F9DBD0B-SegmentedRaftLogWorker was interrupted, exiting. There are 0 tasks remaining in the queue.
2019-10-14 19:31:14,791 [grpc-default-executor-2] INFO  segmented.SegmentedRaftLogWorker (SegmentedRaftLogWorker.java:close(224)) - 60a49fad-6bbc-4e1d-b332-64cc210e3f49@group-DA866F9DBD0B-SegmentedRaftLogWorker close()
2019-10-14 19:31:14,802 [grpc-default-executor-2] INFO  impl.RaftServerProxy (RaftServerProxy.java:remove(95)) - 670e30cf-8b9d-44a8-8fa0-e58ec8ba4c01: remove  FOLLOWER 670e30cf-8b9d-44a8-8fa0-e58ec8ba4c01@group-DA866F9DBD0B:t0, leader=null, voted=null, raftlog=670e30cf-8b9d-44a8-8fa0-e58ec8ba4c01@group-DA866F9DBD0B-SegmentedRaftLog:OPENED:c-1,f-1,i0, conf=-1: [60a49fad-6bbc-4e1d-b332-64cc210e3f49:192.168.164.219:42016, 670e30cf-8b9d-44a8-8fa0-e58ec8ba4c01:192.168.164.219:41985, 09a9200a-ead6-4084-a723-89436f5cacce:192.168.164.219:39131], old=null RUNNING
2019-10-14 19:31:14,802 [grpc-default-executor-2] INFO  impl.RaftServerImpl (RaftServerImpl.java:lambda$shutdown$3(247)) - 670e30cf-8b9d-44a8-8fa0-e58ec8ba4c01@group-DA866F9DBD0B: shutdown
2019-10-14 19:31:14,802 [grpc-default-executor-2] INFO  util.JmxRegister (JmxRegister.java:unregister(73)) - Successfully un-registered JMX Bean with object name Ratis:service=RaftServer,group=group-DA866F9DBD0B,id=670e30cf-8b9d-44a8-8fa0-e58ec8ba4c01
2019-10-14 19:31:14,803 [grpc-default-executor-2] INFO  impl.RoleInfo (RoleInfo.java:shutdownFollowerState(121)) - 670e30cf-8b9d-44a8-8fa0-e58ec8ba4c01: shutdown FollowerState
2019-10-14 19:31:14,803 [grpc-default-executor-2] INFO  impl.StateMachineUpdater (StateMachineUpdater.java:stopAndJoin(136)) - 670e30cf-8b9d-44a8-8fa0-e58ec8ba4c01@group-DA866F9DBD0B-StateMachineUpdater: set stopIndex = -1
2019-10-14 19:31:14,803 [Thread-1462] INFO  impl.FollowerState (FollowerState.java:run(117)) - 670e30cf-8b9d-44a8-8fa0-e58ec8ba4c01@group-DA866F9DBD0B-FollowerState was interrupted: java.lang.InterruptedException: sleep interrupted
2019-10-14 19:31:14,803 [grpc-default-executor-2] INFO  impl.RaftServerImpl (ServerState.java:close(387)) - 670e30cf-8b9d-44a8-8fa0-e58ec8ba4c01@group-DA866F9DBD0B: closes. applyIndex: -1
2019-10-14 19:31:14,807 [670e30cf-8b9d-44a8-8fa0-e58ec8ba4c01@group-DA866F9DBD0B-SegmentedRaftLogWorker] INFO  segmented.SegmentedRaftLogWorker (SegmentedRaftLogWorker.java:run(316)) - 670e30cf-8b9d-44a8-8fa0-e58ec8ba4c01@group-DA866F9DBD0B-SegmentedRaftLogWorker was interrupted, exiting. There are 0 tasks remaining in the queue.
2019-10-14 19:31:14,807 [grpc-default-executor-2] INFO  segmented.SegmentedRaftLogWorker (SegmentedRaftLogWorker.java:close(224)) - 670e30cf-8b9d-44a8-8fa0-e58ec8ba4c01@group-DA866F9DBD0B-SegmentedRaftLogWorker close()
2019-10-14 19:31:14,821 [grpc-default-executor-2] INFO  impl.RaftServerProxy (RaftServerProxy.java:remove(95)) - 09a9200a-ead6-4084-a723-89436f5cacce: remove  FOLLOWER 09a9200a-ead6-4084-a723-89436f5cacce@group-DA866F9DBD0B:t0, leader=null, voted=null, raftlog=09a9200a-ead6-4084-a723-89436f5cacce@group-DA866F9DBD0B-SegmentedRaftLog:OPENED:c-1,f-1,i0, conf=-1: [60a49fad-6bbc-4e1d-b332-64cc210e3f49:192.168.164.219:42016, 670e30cf-8b9d-44a8-8fa0-e58ec8ba4c01:192.168.164.219:41985, 09a9200a-ead6-4084-a723-89436f5cacce:192.168.164.219:39131], old=null RUNNING
2019-10-14 19:31:14,821 [grpc-default-executor-2] INFO  impl.RaftServerImpl (RaftServerImpl.java:lambda$shutdown$3(247)) - 09a9200a-ead6-4084-a723-89436f5cacce@group-DA866F9DBD0B: shutdown
2019-10-14 19:31:14,821 [grpc-default-executor-2] INFO  util.JmxRegister (JmxRegister.java:unregister(73)) - Successfully un-registered JMX Bean with object name Ratis:service=RaftServer,group=group-DA866F9DBD0B,id=09a9200a-ead6-4084-a723-89436f5cacce
2019-10-14 19:31:14,821 [grpc-default-executor-2] INFO  impl.RoleInfo (RoleInfo.java:shutdownFollowerState(121)) - 09a9200a-ead6-4084-a723-89436f5cacce: shutdown FollowerState
2019-10-14 19:31:14,821 [grpc-default-executor-2] INFO  impl.StateMachineUpdater (StateMachineUpdater.java:stopAndJoin(136)) - 09a9200a-ead6-4084-a723-89436f5cacce@group-DA866F9DBD0B-StateMachineUpdater: set stopIndex = -1
2019-10-14 19:31:14,822 [Thread-1461] INFO  impl.FollowerState (FollowerState.java:run(117)) - 09a9200a-ead6-4084-a723-89436f5cacce@group-DA866F9DBD0B-FollowerState was interrupted: java.lang.InterruptedException: sleep interrupted
2019-10-14 19:31:14,826 [grpc-default-executor-2] INFO  impl.RaftServerImpl (ServerState.java:close(387)) - 09a9200a-ead6-4084-a723-89436f5cacce@group-DA866F9DBD0B: closes. applyIndex: -1
2019-10-14 19:31:14,826 [09a9200a-ead6-4084-a723-89436f5cacce@group-DA866F9DBD0B-SegmentedRaftLogWorker] INFO  segmented.SegmentedRaftLogWorker (SegmentedRaftLogWorker.java:run(316)) - 09a9200a-ead6-4084-a723-89436f5cacce@group-DA866F9DBD0B-SegmentedRaftLogWorker was interrupted, exiting. There are 0 tasks remaining in the queue.
2019-10-14 19:31:14,826 [grpc-default-executor-2] INFO  segmented.SegmentedRaftLogWorker (SegmentedRaftLogWorker.java:close(224)) - 09a9200a-ead6-4084-a723-89436f5cacce@group-DA866F9DBD0B-SegmentedRaftLogWorker close()
2019-10-14 19:31:14,832 [Thread-1433] INFO  pipeline.PipelineStateManager (PipelineStateManager.java:removePipeline(108)) - Pipeline Pipeline[ Id: 7fd060b6-d0d3-4d21-ae79-da866f9dbd0b, Nodes: 60a49fad-6bbc-4e1d-b332-64cc210e3f49{ip: 192.168.164.219, host: pr-hdds-1868-cfdmt-251076870, networkLocation: /default-rack, certSerialId: null}670e30cf-8b9d-44a8-8fa0-e58ec8ba4c01{ip: 192.168.164.219, host: pr-hdds-1868-cfdmt-251076870, networkLocation: /default-rack, certSerialId: null}09a9200a-ead6-4084-a723-89436f5cacce{ip: 192.168.164.219, host: pr-hdds-1868-cfdmt-251076870, networkLocation: /default-rack, certSerialId: null}, Type:RATIS, Factor:THREE, State:CLOSED] removed from db
2019-10-14 19:31:14,832 [Thread-1433] INFO  pipeline.SCMPipelineManager (SCMPipelineManager.java:finalizeAndDestroyPipeline(315)) - destroying pipeline:Pipeline[ Id: 99b6b8f1-f241-4bf8-a8ce-28614ab45d58, Nodes: 754a67b9-88e9-4a43-ab15-6919b56b0be8{ip: 192.168.164.219, host: pr-hdds-1868-cfdmt-251076870, networkLocation: /default-rack, certSerialId: null}44bbad9b-132e-4c90-942f-c1d112d4c4ce{ip: 192.168.164.219, host: pr-hdds-1868-cfdmt-251076870, networkLocation: /default-rack, certSerialId: null}16559e07-b115-4923-830d-9f131e57a377{ip: 192.168.164.219, host: pr-hdds-1868-cfdmt-251076870, networkLocation: /default-rack, certSerialId: null}, Type:RATIS, Factor:THREE, State:ALLOCATED]
2019-10-14 19:31:14,836 [grpc-default-executor-2] INFO  impl.RaftServerProxy (RaftServerProxy.java:addNew(89)) - 60a49fad-6bbc-4e1d-b332-64cc210e3f49: addNew group-4BDB53EFA369:[60a49fad-6bbc-4e1d-b332-64cc210e3f49:192.168.164.219:42016, 670e30cf-8b9d-44a8-8fa0-e58ec8ba4c01:192.168.164.219:41985, 09a9200a-ead6-4084-a723-89436f5cacce:192.168.164.219:39131] returns group-4BDB53EFA369:java.util.concurrent.CompletableFuture@46cdf872[Not completed]
2019-10-14 19:31:14,839 [grpc-default-executor-1] INFO  impl.RaftServerProxy (RaftServerProxy.java:addNew(89)) - 670e30cf-8b9d-44a8-8fa0-e58ec8ba4c01: addNew group-4BDB53EFA369:[60a49fad-6bbc-4e1d-b332-64cc210e3f49:192.168.164.219:42016, 670e30cf-8b9d-44a8-8fa0-e58ec8ba4c01:192.168.164.219:41985, 09a9200a-ead6-4084-a723-89436f5cacce:192.168.164.219:39131] returns group-4BDB53EFA369:java.util.concurrent.CompletableFuture@695467bd[Not completed]
2019-10-14 19:31:14,839 [grpc-default-executor-0] INFO  impl.RaftServerProxy (RaftServerProxy.java:addNew(89)) - 09a9200a-ead6-4084-a723-89436f5cacce: addNew group-4BDB53EFA369:[60a49fad-6bbc-4e1d-b332-64cc210e3f49:192.168.164.219:42016, 670e30cf-8b9d-44a8-8fa0-e58ec8ba4c01:192.168.164.219:41985, 09a9200a-ead6-4084-a723-89436f5cacce:192.168.164.219:39131] returns group-4BDB53EFA369:java.util.concurrent.CompletableFuture@732fd4ee[Not completed]
2019-10-14 19:31:14,843 [pool-267-thread-1] INFO  impl.RaftServerImpl (RaftServerImpl.java:<init>(95)) - 09a9200a-ead6-4084-a723-89436f5cacce: new RaftServerImpl for group-4BDB53EFA369:[60a49fad-6bbc-4e1d-b332-64cc210e3f49:192.168.164.219:42016, 670e30cf-8b9d-44a8-8fa0-e58ec8ba4c01:192.168.164.219:41985, 09a9200a-ead6-4084-a723-89436f5cacce:192.168.164.219:39131] with ContainerStateMachine:uninitialized
2019-10-14 19:31:14,843 [pool-267-thread-1] INFO  server.RaftServerConfigKeys (ConfUtils.java:logGet(43)) - raft.server.rpc.timeout.min = 5s (custom)
2019-10-14 19:31:14,843 [pool-267-thread-1] INFO  server.RaftServerConfigKeys (ConfUtils.java:logGet(43)) - raft.server.rpc.timeout.max = 5200ms (custom)
2019-10-14 19:31:14,843 [pool-267-thread-1] INFO  server.RaftServerConfigKeys (ConfUtils.java:logGet(43)) - raft.server.rpcslowness.timeout = 120s (custom)
2019-10-14 19:31:14,843 [pool-267-thread-1] INFO  server.RaftServerConfigKeys (ConfUtils.java:logGet(43)) - raft.server.sleep.deviation.threshold = 300 (default)
2019-10-14 19:31:14,843 [pool-247-thread-1] INFO  impl.RaftServerImpl (RaftServerImpl.java:<init>(95)) - 670e30cf-8b9d-44a8-8fa0-e58ec8ba4c01: new RaftServerImpl for group-4BDB53EFA369:[60a49fad-6bbc-4e1d-b332-64cc210e3f49:192.168.164.219:42016, 670e30cf-8b9d-44a8-8fa0-e58ec8ba4c01:192.168.164.219:41985, 09a9200a-ead6-4084-a723-89436f5cacce:192.168.164.219:39131] with ContainerStateMachine:uninitialized
2019-10-14 19:31:14,843 [pool-267-thread-1] INFO  server.RaftServerConfigKeys (ConfUtils.java:logGet(43)) - raft.server.log.appender.install.snapshot.enabled = false (custom)
2019-10-14 19:31:14,843 [pool-247-thread-1] INFO  server.RaftServerConfigKeys (ConfUtils.java:logGet(43)) - raft.server.rpc.timeout.min = 5s (custom)
2019-10-14 19:31:14,843 [pool-267-thread-1] INFO  impl.RaftServerImpl (ServerState.java:<init>(103)) - 09a9200a-ead6-4084-a723-89436f5cacce@group-4BDB53EFA369: ConfigurationManager, init=-1: [60a49fad-6bbc-4e1d-b332-64cc210e3f49:192.168.164.219:42016, 670e30cf-8b9d-44a8-8fa0-e58ec8ba4c01:192.168.164.219:41985, 09a9200a-ead6-4084-a723-89436f5cacce:192.168.164.219:39131], old=null, confs=<EMPTY_MAP>
2019-10-14 19:31:14,843 [pool-247-thread-1] INFO  server.RaftServerConfigKeys (ConfUtils.java:logGet(43)) - raft.server.rpc.timeout.max = 5200ms (custom)
2019-10-14 19:31:14,844 [pool-267-thread-1] INFO  server.RaftServerConfigKeys (ConfUtils.java:logGet(43)) - raft.server.storage.dir = [/workdir/hadoop-ozone/integration-test/target/test-dir/MiniOzoneClusterImpl-5426e04b-cf13-4b79-ba23-0228079aae76/datanode-6/data/ratis] (custom)
2019-10-14 19:31:14,844 [pool-247-thread-1] INFO  server.RaftServerConfigKeys (ConfUtils.java:logGet(43)) - raft.server.rpcslowness.timeout = 120s (custom)
2019-10-14 19:31:14,844 [pool-217-thread-1] INFO  impl.RaftServerImpl (RaftServerImpl.java:<init>(95)) - 60a49fad-6bbc-4e1d-b332-64cc210e3f49: new RaftServerImpl for group-4BDB53EFA369:[60a49fad-6bbc-4e1d-b332-64cc210e3f49:192.168.164.219:42016, 670e30cf-8b9d-44a8-8fa0-e58ec8ba4c01:192.168.164.219:41985, 09a9200a-ead6-4084-a723-89436f5cacce:192.168.164.219:39131] with ContainerStateMachine:uninitialized
2019-10-14 19:31:14,844 [pool-267-thread-1] INFO  server.RaftServerConfigKeys (ConfUtils.java:logGet(43)) - raft.server.log.corruption.policy = EXCEPTION (default)
2019-10-14 19:31:14,844 [pool-247-thread-1] INFO  server.RaftServerConfigKeys (ConfUtils.java:logGet(43)) - raft.server.sleep.deviation.threshold = 300 (default)
2019-10-14 19:31:14,844 [pool-217-thread-1] INFO  server.RaftServerConfigKeys (ConfUtils.java:logGet(43)) - raft.server.rpc.timeout.min = 5s (custom)
2019-10-14 19:31:14,844 [pool-247-thread-1] INFO  server.RaftServerConfigKeys (ConfUtils.java:logGet(43)) - raft.server.log.appender.install.snapshot.enabled = false (custom)
2019-10-14 19:31:14,844 [pool-267-thread-1] INFO  storage.RaftStorageDirectory (RaftStorageDirectory.java:analyzeStorage(246)) - The storage directory /workdir/hadoop-ozone/integration-test/target/test-dir/MiniOzoneClusterImpl-5426e04b-cf13-4b79-ba23-0228079aae76/datanode-6/data/ratis/07e20a41-aeac-4fd2-b36b-4bdb53efa369 does not exist. Creating ...
2019-10-14 19:31:14,844 [pool-247-thread-1] INFO  impl.RaftServerImpl (ServerState.java:<init>(103)) - 670e30cf-8b9d-44a8-8fa0-e58ec8ba4c01@group-4BDB53EFA369: ConfigurationManager, init=-1: [60a49fad-6bbc-4e1d-b332-64cc210e3f49:192.168.164.219:42016, 670e30cf-8b9d-44a8-8fa0-e58ec8ba4c01:192.168.164.219:41985, 09a9200a-ead6-4084-a723-89436f5cacce:192.168.164.219:39131], old=null, confs=<EMPTY_MAP>
2019-10-14 19:31:14,844 [pool-217-thread-1] INFO  server.RaftServerConfigKeys (ConfUtils.java:logGet(43)) - raft.server.rpc.timeout.max = 5200ms (custom)
2019-10-14 19:31:14,844 [pool-247-thread-1] INFO  server.RaftServerConfigKeys (ConfUtils.java:logGet(43)) - raft.server.storage.dir = [/workdir/hadoop-ozone/integration-test/target/test-dir/MiniOzoneClusterImpl-5426e04b-cf13-4b79-ba23-0228079aae76/datanode-4/data/ratis] (custom)
2019-10-14 19:31:14,845 [pool-217-thread-1] INFO  server.RaftServerConfigKeys (ConfUtils.java:logGet(43)) - raft.server.rpcslowness.timeout = 120s (custom)
2019-10-14 19:31:14,845 [pool-217-thread-1] INFO  server.RaftServerConfigKeys (ConfUtils.java:logGet(43)) - raft.server.sleep.deviation.threshold = 300 (default)
2019-10-14 19:31:14,845 [pool-247-thread-1] INFO  server.RaftServerConfigKeys (ConfUtils.java:logGet(43)) - raft.server.log.corruption.policy = EXCEPTION (default)
2019-10-14 19:31:14,845 [pool-217-thread-1] INFO  server.RaftServerConfigKeys (ConfUtils.java:logGet(43)) - raft.server.log.appender.install.snapshot.enabled = false (custom)
2019-10-14 19:31:14,845 [pool-247-thread-1] INFO  storage.RaftStorageDirectory (RaftStorageDirectory.java:analyzeStorage(246)) - The storage directory /workdir/hadoop-ozone/integration-test/target/test-dir/MiniOzoneClusterImpl-5426e04b-cf13-4b79-ba23-0228079aae76/datanode-4/data/ratis/07e20a41-aeac-4fd2-b36b-4bdb53efa369 does not exist. Creating ...
2019-10-14 19:31:14,845 [pool-217-thread-1] INFO  impl.RaftServerImpl (ServerState.java:<init>(103)) - 60a49fad-6bbc-4e1d-b332-64cc210e3f49@group-4BDB53EFA369: ConfigurationManager, init=-1: [60a49fad-6bbc-4e1d-b332-64cc210e3f49:192.168.164.219:42016, 670e30cf-8b9d-44a8-8fa0-e58ec8ba4c01:192.168.164.219:41985, 09a9200a-ead6-4084-a723-89436f5cacce:192.168.164.219:39131], old=null, confs=<EMPTY_MAP>
2019-10-14 19:31:14,845 [pool-217-thread-1] INFO  server.RaftServerConfigKeys (ConfUtils.java:logGet(43)) - raft.server.storage.dir = [/workdir/hadoop-ozone/integration-test/target/test-dir/MiniOzoneClusterImpl-5426e04b-cf13-4b79-ba23-0228079aae76/datanode-1/data/ratis] (custom)
2019-10-14 19:31:14,845 [pool-217-thread-1] INFO  server.RaftServerConfigKeys (ConfUtils.java:logGet(43)) - raft.server.log.corruption.policy = EXCEPTION (default)
2019-10-14 19:31:14,846 [pool-217-thread-1] INFO  storage.RaftStorageDirectory (RaftStorageDirectory.java:analyzeStorage(246)) - The storage directory /workdir/hadoop-ozone/integration-test/target/test-dir/MiniOzoneClusterImpl-5426e04b-cf13-4b79-ba23-0228079aae76/datanode-1/data/ratis/07e20a41-aeac-4fd2-b36b-4bdb53efa369 does not exist. Creating ...
2019-10-14 19:31:14,870 [pool-217-thread-1] INFO  storage.RaftStorageDirectory (RaftStorageDirectory.java:tryLock(328)) - Lock on /workdir/hadoop-ozone/integration-test/target/test-dir/MiniOzoneClusterImpl-5426e04b-cf13-4b79-ba23-0228079aae76/datanode-1/data/ratis/07e20a41-aeac-4fd2-b36b-4bdb53efa369/in_use.lock acquired by nodename 20360@pr-hdds-1868-cfdmt-251076870
2019-10-14 19:31:14,870 [pool-247-thread-1] INFO  storage.RaftStorageDirectory (RaftStorageDirectory.java:tryLock(328)) - Lock on /workdir/hadoop-ozone/integration-test/target/test-dir/MiniOzoneClusterImpl-5426e04b-cf13-4b79-ba23-0228079aae76/datanode-4/data/ratis/07e20a41-aeac-4fd2-b36b-4bdb53efa369/in_use.lock acquired by nodename 20360@pr-hdds-1868-cfdmt-251076870
2019-10-14 19:31:14,870 [pool-267-thread-1] INFO  storage.RaftStorageDirectory (RaftStorageDirectory.java:tryLock(328)) - Lock on /workdir/hadoop-ozone/integration-test/target/test-dir/MiniOzoneClusterImpl-5426e04b-cf13-4b79-ba23-0228079aae76/datanode-6/data/ratis/07e20a41-aeac-4fd2-b36b-4bdb53efa369/in_use.lock acquired by nodename 20360@pr-hdds-1868-cfdmt-251076870
2019-10-14 19:31:14,896 [pool-217-thread-1] INFO  storage.RaftStorage (RaftStorage.java:format(84)) - Storage directory /workdir/hadoop-ozone/integration-test/target/test-dir/MiniOzoneClusterImpl-5426e04b-cf13-4b79-ba23-0228079aae76/datanode-1/data/ratis/07e20a41-aeac-4fd2-b36b-4bdb53efa369 has been successfully formatted.
2019-10-14 19:31:14,896 [pool-247-thread-1] INFO  storage.RaftStorage (RaftStorage.java:format(84)) - Storage directory /workdir/hadoop-ozone/integration-test/target/test-dir/MiniOzoneClusterImpl-5426e04b-cf13-4b79-ba23-0228079aae76/datanode-4/data/ratis/07e20a41-aeac-4fd2-b36b-4bdb53efa369 has been successfully formatted.
2019-10-14 19:31:14,896 [pool-267-thread-1] INFO  storage.RaftStorage (RaftStorage.java:format(84)) - Storage directory /workdir/hadoop-ozone/integration-test/target/test-dir/MiniOzoneClusterImpl-5426e04b-cf13-4b79-ba23-0228079aae76/datanode-6/data/ratis/07e20a41-aeac-4fd2-b36b-4bdb53efa369 has been successfully formatted.
2019-10-14 19:31:14,896 [pool-217-thread-1] INFO  ratis.ContainerStateMachine (ContainerStateMachine.java:loadSnapshot(233)) - group-4BDB53EFA369: The snapshot info is null. Setting the last applied indexto:(t:0, i:~)
2019-10-14 19:31:14,897 [pool-247-thread-1] INFO  ratis.ContainerStateMachine (ContainerStateMachine.java:loadSnapshot(233)) - group-4BDB53EFA369: The snapshot info is null. Setting the last applied indexto:(t:0, i:~)
2019-10-14 19:31:14,897 [pool-267-thread-1] INFO  ratis.ContainerStateMachine (ContainerStateMachine.java:loadSnapshot(233)) - group-4BDB53EFA369: The snapshot info is null. Setting the last applied indexto:(t:0, i:~)
2019-10-14 19:31:14,897 [pool-217-thread-1] INFO  server.RaftServerConfigKeys (ConfUtils.java:logGet(43)) - raft.server.notification.no-leader.timeout = 120s (custom)
2019-10-14 19:31:14,897 [pool-267-thread-1] INFO  server.RaftServerConfigKeys (ConfUtils.java:logGet(43)) - raft.server.notification.no-leader.timeout = 120s (custom)
2019-10-14 19:31:14,897 [pool-247-thread-1] INFO  server.RaftServerConfigKeys (ConfUtils.java:logGet(43)) - raft.server.notification.no-leader.timeout = 120s (custom)
2019-10-14 19:31:14,897 [pool-267-thread-1] INFO  server.RaftServerConfigKeys (ConfUtils.java:logGet(43)) - raft.server.log.use.memory = false (default)
2019-10-14 19:31:14,897 [pool-217-thread-1] INFO  server.RaftServerConfigKeys (ConfUtils.java:logGet(43)) - raft.server.log.use.memory = false (default)
2019-10-14 19:31:14,898 [pool-267-thread-1] INFO  server.RaftServerConfigKeys (ConfUtils.java:logGet(43)) - raft.server.log.purge.gap = 1000000 (custom)
2019-10-14 19:31:14,897 [pool-247-thread-1] INFO  server.RaftServerConfigKeys (ConfUtils.java:logGet(43)) - raft.server.log.use.memory = false (default)
2019-10-14 19:31:14,898 [pool-267-thread-1] INFO  server.RaftServerConfigKeys (ConfUtils.java:logGet(43)) - raft.server.log.appender.buffer.byte-limit = 33554432 (custom)
2019-10-14 19:31:14,898 [pool-217-thread-1] INFO  server.RaftServerConfigKeys (ConfUtils.java:logGet(43)) - raft.server.log.purge.gap = 1000000 (custom)
2019-10-14 19:31:14,898 [pool-267-thread-1] INFO  server.RaftServerConfigKeys (ConfUtils.java:logGet(43)) - raft.server.log.segment.size.max = 1048576 (custom)
2019-10-14 19:31:14,898 [pool-247-thread-1] INFO  server.RaftServerConfigKeys (ConfUtils.java:logGet(43)) - raft.server.log.purge.gap = 1000000 (custom)
2019-10-14 19:31:14,899 [pool-267-thread-1] INFO  server.RaftServerConfigKeys (ConfUtils.java:logGet(43)) - raft.server.log.segment.cache.num.max = 2 (custom)
2019-10-14 19:31:14,898 [pool-217-thread-1] INFO  server.RaftServerConfigKeys (ConfUtils.java:logGet(43)) - raft.server.log.appender.buffer.byte-limit = 33554432 (custom)
2019-10-14 19:31:14,899 [pool-267-thread-1] INFO  segmented.SegmentedRaftLogWorker (SegmentedRaftLogWorker.java:<init>(173)) - new 09a9200a-ead6-4084-a723-89436f5cacce@group-4BDB53EFA369-SegmentedRaftLogWorker for RaftStorage:Storage Directory /workdir/hadoop-ozone/integration-test/target/test-dir/MiniOzoneClusterImpl-5426e04b-cf13-4b79-ba23-0228079aae76/datanode-6/data/ratis/07e20a41-aeac-4fd2-b36b-4bdb53efa369
2019-10-14 19:31:14,899 [pool-247-thread-1] INFO  server.RaftServerConfigKeys (ConfUtils.java:logGet(43)) - raft.server.log.appender.buffer.byte-limit = 33554432 (custom)
2019-10-14 19:31:14,899 [pool-267-thread-1] INFO  server.RaftServerConfigKeys (ConfUtils.java:logGet(43)) - raft.server.log.queue.byte-limit = 2147483647 (custom)
2019-10-14 19:31:14,899 [pool-217-thread-1] INFO  server.RaftServerConfigKeys (ConfUtils.java:logGet(43)) - raft.server.log.segment.size.max = 1048576 (custom)
2019-10-14 19:31:14,899 [pool-267-thread-1] INFO  server.RaftServerConfigKeys (ConfUtils.java:logGet(43)) - raft.server.log.queue.element-limit = 1024 (custom)
2019-10-14 19:31:14,899 [pool-247-thread-1] INFO  server.RaftServerConfigKeys (ConfUtils.java:logGet(43)) - raft.server.log.segment.size.max = 1048576 (custom)
2019-10-14 19:31:14,900 [pool-267-thread-1] INFO  server.RaftServerConfigKeys (ConfUtils.java:logGet(43)) - raft.server.log.segment.size.max = 1048576 (custom)
2019-10-14 19:31:14,900 [pool-267-thread-1] INFO  server.RaftServerConfigKeys (ConfUtils.java:logGet(43)) - raft.server.log.preallocated.size = 16384 (custom)
2019-10-14 19:31:14,900 [pool-217-thread-1] INFO  server.RaftServerConfigKeys (ConfUtils.java:logGet(43)) - raft.server.log.segment.cache.num.max = 2 (custom)
2019-10-14 19:31:14,900 [pool-267-thread-1] INFO  server.RaftServerConfigKeys (ConfUtils.java:logGet(43)) - raft.server.log.write.buffer.size = 33554432 (custom)
2019-10-14 19:31:14,900 [pool-247-thread-1] INFO  server.RaftServerConfigKeys (ConfUtils.java:logGet(43)) - raft.server.log.segment.cache.num.max = 2 (custom)
2019-10-14 19:31:14,900 [pool-267-thread-1] INFO  server.RaftServerConfigKeys (ConfUtils.java:logGet(43)) - raft.server.log.force.sync.num = 128 (default)
2019-10-14 19:31:14,900 [pool-217-thread-1] INFO  segmented.SegmentedRaftLogWorker (SegmentedRaftLogWorker.java:<init>(173)) - new 60a49fad-6bbc-4e1d-b332-64cc210e3f49@group-4BDB53EFA369-SegmentedRaftLogWorker for RaftStorage:Storage Directory /workdir/hadoop-ozone/integration-test/target/test-dir/MiniOzoneClusterImpl-5426e04b-cf13-4b79-ba23-0228079aae76/datanode-1/data/ratis/07e20a41-aeac-4fd2-b36b-4bdb53efa369
2019-10-14 19:31:14,901 [pool-267-thread-1] INFO  server.RaftServerConfigKeys (ConfUtils.java:logGet(43)) - raft.server.log.statemachine.data.sync = true (default)
2019-10-14 19:31:14,901 [pool-247-thread-1] INFO  segmented.SegmentedRaftLogWorker (SegmentedRaftLogWorker.java:<init>(173)) - new 670e30cf-8b9d-44a8-8fa0-e58ec8ba4c01@group-4BDB53EFA369-SegmentedRaftLogWorker for RaftStorage:Storage Directory /workdir/hadoop-ozone/integration-test/target/test-dir/MiniOzoneClusterImpl-5426e04b-cf13-4b79-ba23-0228079aae76/datanode-4/data/ratis/07e20a41-aeac-4fd2-b36b-4bdb53efa369
2019-10-14 19:31:14,901 [pool-267-thread-1] INFO  server.RaftServerConfigKeys (ConfUtils.java:logGet(43)) - raft.server.log.statemachine.data.sync.timeout = 10s (default)
2019-10-14 19:31:14,901 [pool-217-thread-1] INFO  server.RaftServerConfigKeys (ConfUtils.java:logGet(43)) - raft.server.log.queue.byte-limit = 2147483647 (custom)
2019-10-14 19:31:14,901 [pool-267-thread-1] INFO  server.RaftServerConfigKeys (ConfUtils.java:logGet(43)) - raft.server.log.statemachine.data.sync.timeout.retry = -1 (default)
2019-10-14 19:31:14,901 [pool-247-thread-1] INFO  server.RaftServerConfigKeys (ConfUtils.java:logGet(43)) - raft.server.log.queue.byte-limit = 2147483647 (custom)
2019-10-14 19:31:14,902 [pool-267-thread-1] INFO  server.RaftServerConfigKeys (ConfUtils.java:logGet(43)) - raft.server.log.statemachine.data.caching.enabled = true (custom)
2019-10-14 19:31:14,901 [pool-217-thread-1] INFO  server.RaftServerConfigKeys (ConfUtils.java:logGet(43)) - raft.server.log.queue.element-limit = 1024 (custom)
2019-10-14 19:31:14,902 [pool-247-thread-1] INFO  server.RaftServerConfigKeys (ConfUtils.java:logGet(43)) - raft.server.log.queue.element-limit = 1024 (custom)
2019-10-14 19:31:14,902 [pool-267-thread-1] INFO  segmented.SegmentedRaftLogWorker (SegmentedRaftLogWorker.java:lambda$new$0(128)) - 09a9200a-ead6-4084-a723-89436f5cacce@group-4BDB53EFA369-SegmentedRaftLogWorker: flushIndex: setUnconditionally 0 -> -1
2019-10-14 19:31:14,902 [pool-217-thread-1] INFO  server.RaftServerConfigKeys (ConfUtils.java:logGet(43)) - raft.server.log.segment.size.max = 1048576 (custom)
2019-10-14 19:31:14,902 [pool-247-thread-1] INFO  server.RaftServerConfigKeys (ConfUtils.java:logGet(43)) - raft.server.log.segment.size.max = 1048576 (custom)
2019-10-14 19:31:14,903 [pool-267-thread-1] INFO  server.RaftServerConfigKeys (ConfUtils.java:logGet(43)) - raft.server.snapshot.auto.trigger.enabled = true (custom)
2019-10-14 19:31:14,903 [pool-217-thread-1] INFO  server.RaftServerConfigKeys (ConfUtils.java:logGet(43)) - raft.server.log.preallocated.size = 16384 (custom)
2019-10-14 19:31:14,903 [pool-267-thread-1] INFO  server.RaftServerConfigKeys (ConfUtils.java:logGet(43)) - raft.server.snapshot.auto.trigger.threshold = 10000 (custom)
2019-10-14 19:31:14,903 [pool-247-thread-1] INFO  server.RaftServerConfigKeys (ConfUtils.java:logGet(43)) - raft.server.log.preallocated.size = 16384 (custom)
2019-10-14 19:31:14,903 [pool-267-thread-1] INFO  server.RaftServerConfigKeys (ConfUtils.java:logGet(43)) - raft.server.snapshot.retention.file.num = 5 (custom)
2019-10-14 19:31:14,903 [pool-217-thread-1] INFO  server.RaftServerConfigKeys (ConfUtils.java:logGet(43)) - raft.server.log.write.buffer.size = 33554432 (custom)
2019-10-14 19:31:14,903 [pool-267-thread-1] INFO  server.RaftServerConfigKeys (ConfUtils.java:logGet(43)) - raft.server.retrycache.expirytime = 600000ms (custom)
2019-10-14 19:31:14,903 [pool-247-thread-1] INFO  server.RaftServerConfigKeys (ConfUtils.java:logGet(43)) - raft.server.log.write.buffer.size = 33554432 (custom)
2019-10-14 19:31:14,904 [pool-247-thread-1] INFO  server.RaftServerConfigKeys (ConfUtils.java:logGet(43)) - raft.server.log.force.sync.num = 128 (default)
2019-10-14 19:31:14,904 [pool-217-thread-1] INFO  server.RaftServerConfigKeys (ConfUtils.java:logGet(43)) - raft.server.log.force.sync.num = 128 (default)
2019-10-14 19:31:14,904 [pool-217-thread-1] INFO  server.RaftServerConfigKeys (ConfUtils.java:logGet(43)) - raft.server.log.statemachine.data.sync = true (default)
2019-10-14 19:31:14,904 [pool-247-thread-1] INFO  server.RaftServerConfigKeys (ConfUtils.java:logGet(43)) - raft.server.log.statemachine.data.sync = true (default)
2019-10-14 19:31:14,904 [pool-217-thread-1] INFO  server.RaftServerConfigKeys (ConfUtils.java:logGet(43)) - raft.server.log.statemachine.data.sync.timeout = 10s (default)
2019-10-14 19:31:14,904 [pool-247-thread-1] INFO  server.RaftServerConfigKeys (ConfUtils.java:logGet(43)) - raft.server.log.statemachine.data.sync.timeout = 10s (default)
2019-10-14 19:31:14,904 [pool-217-thread-1] INFO  server.RaftServerConfigKeys (ConfUtils.java:logGet(43)) - raft.server.log.statemachine.data.sync.timeout.retry = -1 (default)
2019-10-14 19:31:14,905 [pool-247-thread-1] INFO  server.RaftServerConfigKeys (ConfUtils.java:logGet(43)) - raft.server.log.statemachine.data.sync.timeout.retry = -1 (default)
2019-10-14 19:31:14,905 [pool-217-thread-1] INFO  server.RaftServerConfigKeys (ConfUtils.java:logGet(43)) - raft.server.log.statemachine.data.caching.enabled = true (custom)
2019-10-14 19:31:14,905 [pool-247-thread-1] INFO  server.RaftServerConfigKeys (ConfUtils.java:logGet(43)) - raft.server.log.statemachine.data.caching.enabled = true (custom)
2019-10-14 19:31:14,905 [pool-217-thread-1] INFO  segmented.SegmentedRaftLogWorker (SegmentedRaftLogWorker.java:lambda$new$0(128)) - 60a49fad-6bbc-4e1d-b332-64cc210e3f49@group-4BDB53EFA369-SegmentedRaftLogWorker: flushIndex: setUnconditionally 0 -> -1
2019-10-14 19:31:14,905 [pool-247-thread-1] INFO  segmented.SegmentedRaftLogWorker (SegmentedRaftLogWorker.java:lambda$new$0(128)) - 670e30cf-8b9d-44a8-8fa0-e58ec8ba4c01@group-4BDB53EFA369-SegmentedRaftLogWorker: flushIndex: setUnconditionally 0 -> -1
2019-10-14 19:31:14,905 [pool-217-thread-1] INFO  server.RaftServerConfigKeys (ConfUtils.java:logGet(43)) - raft.server.snapshot.auto.trigger.enabled = true (custom)
2019-10-14 19:31:14,906 [pool-217-thread-1] INFO  server.RaftServerConfigKeys (ConfUtils.java:logGet(43)) - raft.server.snapshot.auto.trigger.threshold = 10000 (custom)
2019-10-14 19:31:14,906 [pool-267-thread-1] INFO  impl.RaftServerImpl (RaftServerImpl.java:start(181)) - 09a9200a-ead6-4084-a723-89436f5cacce@group-4BDB53EFA369: start as a follower, conf=-1: [60a49fad-6bbc-4e1d-b332-64cc210e3f49:192.168.164.219:42016, 670e30cf-8b9d-44a8-8fa0-e58ec8ba4c01:192.168.164.219:41985, 09a9200a-ead6-4084-a723-89436f5cacce:192.168.164.219:39131], old=null
2019-10-14 19:31:14,906 [pool-247-thread-1] INFO  server.RaftServerConfigKeys (ConfUtils.java:logGet(43)) - raft.server.snapshot.auto.trigger.enabled = true (custom)
2019-10-14 19:31:14,906 [pool-217-thread-1] INFO  server.RaftServerConfigKeys (ConfUtils.java:logGet(43)) - raft.server.snapshot.retention.file.num = 5 (custom)
2019-10-14 19:31:14,906 [pool-247-thread-1] INFO  server.RaftServerConfigKeys (ConfUtils.java:logGet(43)) - raft.server.snapshot.auto.trigger.threshold = 10000 (custom)
2019-10-14 19:31:14,906 [pool-267-thread-1] INFO  impl.RaftServerImpl (RaftServerImpl.java:setRole(170)) - 09a9200a-ead6-4084-a723-89436f5cacce@group-4BDB53EFA369: changes role from      null to FOLLOWER at term 0 for startAsFollower
2019-10-14 19:31:14,906 [pool-247-thread-1] INFO  server.RaftServerConfigKeys (ConfUtils.java:logGet(43)) - raft.server.snapshot.retention.file.num = 5 (custom)
2019-10-14 19:31:14,906 [pool-217-thread-1] INFO  server.RaftServerConfigKeys (ConfUtils.java:logGet(43)) - raft.server.retrycache.expirytime = 600000ms (custom)
2019-10-14 19:31:14,907 [pool-247-thread-1] INFO  server.RaftServerConfigKeys (ConfUtils.java:logGet(43)) - raft.server.retrycache.expirytime = 600000ms (custom)
2019-10-14 19:31:14,906 [pool-267-thread-1] INFO  impl.RoleInfo (RoleInfo.java:updateAndGet(143)) - 09a9200a-ead6-4084-a723-89436f5cacce: start FollowerState
2019-10-14 19:31:14,907 [pool-267-thread-1] INFO  util.JmxRegister (JmxRegister.java:tryRegister(44)) - Successfully registered JMX Bean with object name Ratis:service=RaftServer,group=group-4BDB53EFA369,id=09a9200a-ead6-4084-a723-89436f5cacce
2019-10-14 19:31:14,909 [pool-217-thread-1] INFO  impl.RaftServerImpl (RaftServerImpl.java:start(181)) - 60a49fad-6bbc-4e1d-b332-64cc210e3f49@group-4BDB53EFA369: start as a follower, conf=-1: [60a49fad-6bbc-4e1d-b332-64cc210e3f49:192.168.164.219:42016, 670e30cf-8b9d-44a8-8fa0-e58ec8ba4c01:192.168.164.219:41985, 09a9200a-ead6-4084-a723-89436f5cacce:192.168.164.219:39131], old=null
2019-10-14 19:31:14,910 [pool-217-thread-1] INFO  impl.RaftServerImpl (RaftServerImpl.java:setRole(170)) - 60a49fad-6bbc-4e1d-b332-64cc210e3f49@group-4BDB53EFA369: changes role from      null to FOLLOWER at term 0 for startAsFollower
2019-10-14 19:31:14,910 [pool-217-thread-1] INFO  impl.RoleInfo (RoleInfo.java:updateAndGet(143)) - 60a49fad-6bbc-4e1d-b332-64cc210e3f49: start FollowerState
2019-10-14 19:31:14,921 [pool-217-thread-1] INFO  util.JmxRegister (JmxRegister.java:tryRegister(44)) - Successfully registered JMX Bean with object name Ratis:service=RaftServer,group=group-4BDB53EFA369,id=60a49fad-6bbc-4e1d-b332-64cc210e3f49
2019-10-14 19:31:14,921 [pool-247-thread-1] INFO  impl.RaftServerImpl (RaftServerImpl.java:start(181)) - 670e30cf-8b9d-44a8-8fa0-e58ec8ba4c01@group-4BDB53EFA369: start as a follower, conf=-1: [60a49fad-6bbc-4e1d-b332-64cc210e3f49:192.168.164.219:42016, 670e30cf-8b9d-44a8-8fa0-e58ec8ba4c01:192.168.164.219:41985, 09a9200a-ead6-4084-a723-89436f5cacce:192.168.164.219:39131], old=null
2019-10-14 19:31:14,922 [pool-247-thread-1] INFO  impl.RaftServerImpl (RaftServerImpl.java:setRole(170)) - 670e30cf-8b9d-44a8-8fa0-e58ec8ba4c01@group-4BDB53EFA369: changes role from      null to FOLLOWER at term 0 for startAsFollower
2019-10-14 19:31:14,922 [pool-247-thread-1] INFO  impl.RoleInfo (RoleInfo.java:updateAndGet(143)) - 670e30cf-8b9d-44a8-8fa0-e58ec8ba4c01: start FollowerState
2019-10-14 19:31:14,922 [pool-247-thread-1] INFO  util.JmxRegister (JmxRegister.java:tryRegister(44)) - Successfully registered JMX Bean with object name Ratis:service=RaftServer,group=group-4BDB53EFA369,id=670e30cf-8b9d-44a8-8fa0-e58ec8ba4c01
2019-10-14 19:31:14,936 [RatisPipelineUtilsThread] INFO  pipeline.PipelineStateManager (PipelineStateManager.java:addPipeline(57)) - Created pipeline Pipeline[ Id: 07e20a41-aeac-4fd2-b36b-4bdb53efa369, Nodes: 60a49fad-6bbc-4e1d-b332-64cc210e3f49{ip: 192.168.164.219, host: pr-hdds-1868-cfdmt-251076870, networkLocation: /default-rack, certSerialId: null}670e30cf-8b9d-44a8-8fa0-e58ec8ba4c01{ip: 192.168.164.219, host: pr-hdds-1868-cfdmt-251076870, networkLocation: /default-rack, certSerialId: null}09a9200a-ead6-4084-a723-89436f5cacce{ip: 192.168.164.219, host: pr-hdds-1868-cfdmt-251076870, networkLocation: /default-rack, certSerialId: null}, Type:RATIS, Factor:THREE, State:ALLOCATED]
2019-10-14 19:31:14,937 [Thread-1433] INFO  pipeline.PipelineStateManager (PipelineStateManager.java:finalizePipeline(123)) - Pipeline Pipeline[ Id: 99b6b8f1-f241-4bf8-a8ce-28614ab45d58, Nodes: 754a67b9-88e9-4a43-ab15-6919b56b0be8{ip: 192.168.164.219, host: pr-hdds-1868-cfdmt-251076870, networkLocation: /default-rack, certSerialId: null}44bbad9b-132e-4c90-942f-c1d112d4c4ce{ip: 192.168.164.219, host: pr-hdds-1868-cfdmt-251076870, networkLocation: /default-rack, certSerialId: null}16559e07-b115-4923-830d-9f131e57a377{ip: 192.168.164.219, host: pr-hdds-1868-cfdmt-251076870, networkLocation: /default-rack, certSerialId: null}, Type:RATIS, Factor:THREE, State:CLOSED] moved to CLOSED state
2019-10-14 19:31:14,944 [grpc-default-executor-0] INFO  impl.RaftServerProxy (RaftServerProxy.java:remove(95)) - 754a67b9-88e9-4a43-ab15-6919b56b0be8: remove  FOLLOWER 754a67b9-88e9-4a43-ab15-6919b56b0be8@group-28614AB45D58:t0, leader=null, voted=null, raftlog=754a67b9-88e9-4a43-ab15-6919b56b0be8@group-28614AB45D58-SegmentedRaftLog:OPENED:c-1,f-1,i0, conf=-1: [16559e07-b115-4923-830d-9f131e57a377:192.168.164.219:43713, 44bbad9b-132e-4c90-942f-c1d112d4c4ce:192.168.164.219:45221, 754a67b9-88e9-4a43-ab15-6919b56b0be8:192.168.164.219:43793], old=null RUNNING
2019-10-14 19:31:14,947 [grpc-default-executor-0] INFO  impl.RaftServerImpl (RaftServerImpl.java:lambda$shutdown$3(247)) - 754a67b9-88e9-4a43-ab15-6919b56b0be8@group-28614AB45D58: shutdown
2019-10-14 19:31:14,947 [grpc-default-executor-0] INFO  util.JmxRegister (JmxRegister.java:unregister(73)) - Successfully un-registered JMX Bean with object name Ratis:service=RaftServer,group=group-28614AB45D58,id=754a67b9-88e9-4a43-ab15-6919b56b0be8
2019-10-14 19:31:14,947 [grpc-default-executor-0] INFO  impl.RoleInfo (RoleInfo.java:shutdownFollowerState(121)) - 754a67b9-88e9-4a43-ab15-6919b56b0be8: shutdown FollowerState
2019-10-14 19:31:14,947 [grpc-default-executor-0] INFO  impl.StateMachineUpdater (StateMachineUpdater.java:stopAndJoin(136)) - 754a67b9-88e9-4a43-ab15-6919b56b0be8@group-28614AB45D58-StateMachineUpdater: set stopIndex = -1
2019-10-14 19:31:14,947 [Thread-1472] INFO  impl.FollowerState (FollowerState.java:run(117)) - 754a67b9-88e9-4a43-ab15-6919b56b0be8@group-28614AB45D58-FollowerState was interrupted: java.lang.InterruptedException: sleep interrupted
2019-10-14 19:31:14,950 [grpc-default-executor-0] INFO  impl.RaftServerImpl (ServerState.java:close(387)) - 754a67b9-88e9-4a43-ab15-6919b56b0be8@group-28614AB45D58: closes. applyIndex: -1
2019-10-14 19:31:14,953 [754a67b9-88e9-4a43-ab15-6919b56b0be8@group-28614AB45D58-SegmentedRaftLogWorker] INFO  segmented.SegmentedRaftLogWorker (SegmentedRaftLogWorker.java:run(316)) - 754a67b9-88e9-4a43-ab15-6919b56b0be8@group-28614AB45D58-SegmentedRaftLogWorker was interrupted, exiting. There are 0 tasks remaining in the queue.
2019-10-14 19:31:14,953 [grpc-default-executor-0] INFO  segmented.SegmentedRaftLogWorker (SegmentedRaftLogWorker.java:close(224)) - 754a67b9-88e9-4a43-ab15-6919b56b0be8@group-28614AB45D58-SegmentedRaftLogWorker close()
2019-10-14 19:31:14,967 [grpc-default-executor-0] INFO  impl.RaftServerProxy (RaftServerProxy.java:remove(95)) - 44bbad9b-132e-4c90-942f-c1d112d4c4ce: remove  FOLLOWER 44bbad9b-132e-4c90-942f-c1d112d4c4ce@group-28614AB45D58:t0, leader=null, voted=null, raftlog=44bbad9b-132e-4c90-942f-c1d112d4c4ce@group-28614AB45D58-SegmentedRaftLog:OPENED:c-1,f-1,i0, conf=-1: [16559e07-b115-4923-830d-9f131e57a377:192.168.164.219:43713, 44bbad9b-132e-4c90-942f-c1d112d4c4ce:192.168.164.219:45221, 754a67b9-88e9-4a43-ab15-6919b56b0be8:192.168.164.219:43793], old=null RUNNING
2019-10-14 19:31:14,967 [grpc-default-executor-0] INFO  impl.RaftServerImpl (RaftServerImpl.java:lambda$shutdown$3(247)) - 44bbad9b-132e-4c90-942f-c1d112d4c4ce@group-28614AB45D58: shutdown
2019-10-14 19:31:14,968 [grpc-default-executor-0] INFO  util.JmxRegister (JmxRegister.java:unregister(73)) - Successfully un-registered JMX Bean with object name Ratis:service=RaftServer,group=group-28614AB45D58,id=44bbad9b-132e-4c90-942f-c1d112d4c4ce
2019-10-14 19:31:14,968 [grpc-default-executor-0] INFO  impl.RoleInfo (RoleInfo.java:shutdownFollowerState(121)) - 44bbad9b-132e-4c90-942f-c1d112d4c4ce: shutdown FollowerState
2019-10-14 19:31:14,968 [grpc-default-executor-0] INFO  impl.StateMachineUpdater (StateMachineUpdater.java:stopAndJoin(136)) - 44bbad9b-132e-4c90-942f-c1d112d4c4ce@group-28614AB45D58-StateMachineUpdater: set stopIndex = -1
2019-10-14 19:31:14,968 [Thread-1468] INFO  impl.FollowerState (FollowerState.java:run(117)) - 44bbad9b-132e-4c90-942f-c1d112d4c4ce@group-28614AB45D58-FollowerState was interrupted: java.lang.InterruptedException: sleep interrupted
2019-10-14 19:31:14,968 [grpc-default-executor-0] INFO  impl.RaftServerImpl (ServerState.java:close(387)) - 44bbad9b-132e-4c90-942f-c1d112d4c4ce@group-28614AB45D58: closes. applyIndex: -1
2019-10-14 19:31:14,972 [44bbad9b-132e-4c90-942f-c1d112d4c4ce@group-28614AB45D58-SegmentedRaftLogWorker] INFO  segmented.SegmentedRaftLogWorker (SegmentedRaftLogWorker.java:run(316)) - 44bbad9b-132e-4c90-942f-c1d112d4c4ce@group-28614AB45D58-SegmentedRaftLogWorker was interrupted, exiting. There are 0 tasks remaining in the queue.
2019-10-14 19:31:14,973 [grpc-default-executor-0] INFO  segmented.SegmentedRaftLogWorker (SegmentedRaftLogWorker.java:close(224)) - 44bbad9b-132e-4c90-942f-c1d112d4c4ce@group-28614AB45D58-SegmentedRaftLogWorker close()
2019-10-14 19:31:14,983 [grpc-default-executor-0] INFO  impl.RaftServerProxy (RaftServerProxy.java:remove(95)) - 16559e07-b115-4923-830d-9f131e57a377: remove  FOLLOWER 16559e07-b115-4923-830d-9f131e57a377@group-28614AB45D58:t0, leader=null, voted=null, raftlog=16559e07-b115-4923-830d-9f131e57a377@group-28614AB45D58-SegmentedRaftLog:OPENED:c-1,f-1,i0, conf=-1: [16559e07-b115-4923-830d-9f131e57a377:192.168.164.219:43713, 44bbad9b-132e-4c90-942f-c1d112d4c4ce:192.168.164.219:45221, 754a67b9-88e9-4a43-ab15-6919b56b0be8:192.168.164.219:43793], old=null RUNNING
2019-10-14 19:31:14,984 [grpc-default-executor-0] INFO  impl.RaftServerImpl (RaftServerImpl.java:lambda$shutdown$3(247)) - 16559e07-b115-4923-830d-9f131e57a377@group-28614AB45D58: shutdown
2019-10-14 19:31:14,984 [grpc-default-executor-0] INFO  util.JmxRegister (JmxRegister.java:unregister(73)) - Successfully un-registered JMX Bean with object name Ratis:service=RaftServer,group=group-28614AB45D58,id=16559e07-b115-4923-830d-9f131e57a377
2019-10-14 19:31:14,984 [grpc-default-executor-0] INFO  impl.RoleInfo (RoleInfo.java:shutdownFollowerState(121)) - 16559e07-b115-4923-830d-9f131e57a377: shutdown FollowerState
2019-10-14 19:31:14,984 [grpc-default-executor-0] INFO  impl.StateMachineUpdater (StateMachineUpdater.java:stopAndJoin(136)) - 16559e07-b115-4923-830d-9f131e57a377@group-28614AB45D58-StateMachineUpdater: set stopIndex = -1
2019-10-14 19:31:14,984 [Thread-1473] INFO  impl.FollowerState (FollowerState.java:run(117)) - 16559e07-b115-4923-830d-9f131e57a377@group-28614AB45D58-FollowerState was interrupted: java.lang.InterruptedException: sleep interrupted
2019-10-14 19:31:14,986 [grpc-default-executor-0] INFO  impl.RaftServerImpl (ServerState.java:close(387)) - 16559e07-b115-4923-830d-9f131e57a377@group-28614AB45D58: closes. applyIndex: -1
2019-10-14 19:31:14,988 [16559e07-b115-4923-830d-9f131e57a377@group-28614AB45D58-SegmentedRaftLogWorker] INFO  segmented.SegmentedRaftLogWorker (SegmentedRaftLogWorker.java:run(316)) - 16559e07-b115-4923-830d-9f131e57a377@group-28614AB45D58-SegmentedRaftLogWorker was interrupted, exiting. There are 0 tasks remaining in the queue.
2019-10-14 19:31:14,988 [grpc-default-executor-0] INFO  segmented.SegmentedRaftLogWorker (SegmentedRaftLogWorker.java:close(224)) - 16559e07-b115-4923-830d-9f131e57a377@group-28614AB45D58-SegmentedRaftLogWorker close()
2019-10-14 19:31:14,994 [Thread-1433] INFO  pipeline.PipelineStateManager (PipelineStateManager.java:removePipeline(108)) - Pipeline Pipeline[ Id: 99b6b8f1-f241-4bf8-a8ce-28614ab45d58, Nodes: 754a67b9-88e9-4a43-ab15-6919b56b0be8{ip: 192.168.164.219, host: pr-hdds-1868-cfdmt-251076870, networkLocation: /default-rack, certSerialId: null}44bbad9b-132e-4c90-942f-c1d112d4c4ce{ip: 192.168.164.219, host: pr-hdds-1868-cfdmt-251076870, networkLocation: /default-rack, certSerialId: null}16559e07-b115-4923-830d-9f131e57a377{ip: 192.168.164.219, host: pr-hdds-1868-cfdmt-251076870, networkLocation: /default-rack, certSerialId: null}, Type:RATIS, Factor:THREE, State:CLOSED] removed from db
2019-10-14 19:31:14,994 [Thread-1433] INFO  pipeline.SCMPipelineManager (SCMPipelineManager.java:finalizeAndDestroyPipeline(315)) - destroying pipeline:Pipeline[ Id: b28d5ae5-a3c1-451d-b62a-711bb94480df, Nodes: 16559e07-b115-4923-830d-9f131e57a377{ip: 192.168.164.219, host: pr-hdds-1868-cfdmt-251076870, networkLocation: /default-rack, certSerialId: null}, Type:RATIS, Factor:ONE, State:ALLOCATED]
2019-10-14 19:31:15,007 [grpc-default-executor-2] INFO  impl.RaftServerProxy (RaftServerProxy.java:addNew(89)) - 44bbad9b-132e-4c90-942f-c1d112d4c4ce: addNew group-097CA76CC5FA:[16559e07-b115-4923-830d-9f131e57a377:192.168.164.219:43713, 44bbad9b-132e-4c90-942f-c1d112d4c4ce:192.168.164.219:45221, 754a67b9-88e9-4a43-ab15-6919b56b0be8:192.168.164.219:43793] returns group-097CA76CC5FA:java.util.concurrent.CompletableFuture@22dbfeff[Not completed]
2019-10-14 19:31:15,007 [grpc-default-executor-1] INFO  impl.RaftServerProxy (RaftServerProxy.java:addNew(89)) - 16559e07-b115-4923-830d-9f131e57a377: addNew group-097CA76CC5FA:[16559e07-b115-4923-830d-9f131e57a377:192.168.164.219:43713, 44bbad9b-132e-4c90-942f-c1d112d4c4ce:192.168.164.219:45221, 754a67b9-88e9-4a43-ab15-6919b56b0be8:192.168.164.219:43793] returns group-097CA76CC5FA:java.util.concurrent.CompletableFuture@54a4b4b1[Not completed]
2019-10-14 19:31:15,007 [grpc-default-executor-0] INFO  impl.RaftServerProxy (RaftServerProxy.java:addNew(89)) - 754a67b9-88e9-4a43-ab15-6919b56b0be8: addNew group-097CA76CC5FA:[16559e07-b115-4923-830d-9f131e57a377:192.168.164.219:43713, 44bbad9b-132e-4c90-942f-c1d112d4c4ce:192.168.164.219:45221, 754a67b9-88e9-4a43-ab15-6919b56b0be8:192.168.164.219:43793] returns group-097CA76CC5FA:java.util.concurrent.CompletableFuture@79de19ea[Not completed]
2019-10-14 19:31:15,011 [pool-207-thread-1] INFO  impl.RaftServerImpl (RaftServerImpl.java:<init>(95)) - 754a67b9-88e9-4a43-ab15-6919b56b0be8: new RaftServerImpl for group-097CA76CC5FA:[16559e07-b115-4923-830d-9f131e57a377:192.168.164.219:43713, 44bbad9b-132e-4c90-942f-c1d112d4c4ce:192.168.164.219:45221, 754a67b9-88e9-4a43-ab15-6919b56b0be8:192.168.164.219:43793] with ContainerStateMachine:uninitialized
2019-10-14 19:31:15,011 [pool-207-thread-1] INFO  server.RaftServerConfigKeys (ConfUtils.java:logGet(43)) - raft.server.rpc.timeout.min = 5s (custom)
2019-10-14 19:31:15,012 [pool-207-thread-1] INFO  server.RaftServerConfigKeys (ConfUtils.java:logGet(43)) - raft.server.rpc.timeout.max = 5200ms (custom)
2019-10-14 19:31:15,012 [pool-207-thread-1] INFO  server.RaftServerConfigKeys (ConfUtils.java:logGet(43)) - raft.server.rpcslowness.timeout = 120s (custom)
2019-10-14 19:31:15,012 [pool-207-thread-1] INFO  server.RaftServerConfigKeys (ConfUtils.java:logGet(43)) - raft.server.sleep.deviation.threshold = 300 (default)
2019-10-14 19:31:15,012 [pool-207-thread-1] INFO  server.RaftServerConfigKeys (ConfUtils.java:logGet(43)) - raft.server.log.appender.install.snapshot.enabled = false (custom)
2019-10-14 19:31:15,012 [pool-207-thread-1] INFO  impl.RaftServerImpl (ServerState.java:<init>(103)) - 754a67b9-88e9-4a43-ab15-6919b56b0be8@group-097CA76CC5FA: ConfigurationManager, init=-1: [16559e07-b115-4923-830d-9f131e57a377:192.168.164.219:43713, 44bbad9b-132e-4c90-942f-c1d112d4c4ce:192.168.164.219:45221, 754a67b9-88e9-4a43-ab15-6919b56b0be8:192.168.164.219:43793], old=null, confs=<EMPTY_MAP>
2019-10-14 19:31:15,012 [pool-237-thread-1] INFO  impl.RaftServerImpl (RaftServerImpl.java:<init>(95)) - 16559e07-b115-4923-830d-9f131e57a377: new RaftServerImpl for group-097CA76CC5FA:[16559e07-b115-4923-830d-9f131e57a377:192.168.164.219:43713, 44bbad9b-132e-4c90-942f-c1d112d4c4ce:192.168.164.219:45221, 754a67b9-88e9-4a43-ab15-6919b56b0be8:192.168.164.219:43793] with ContainerStateMachine:uninitialized
2019-10-14 19:31:15,012 [pool-207-thread-1] INFO  server.RaftServerConfigKeys (ConfUtils.java:logGet(43)) - raft.server.storage.dir = [/workdir/hadoop-ozone/integration-test/target/test-dir/MiniOzoneClusterImpl-5426e04b-cf13-4b79-ba23-0228079aae76/datanode-0/data/ratis] (custom)
2019-10-14 19:31:15,012 [pool-237-thread-1] INFO  server.RaftServerConfigKeys (ConfUtils.java:logGet(43)) - raft.server.rpc.timeout.min = 5s (custom)
2019-10-14 19:31:15,012 [pool-237-thread-1] INFO  server.RaftServerConfigKeys (ConfUtils.java:logGet(43)) - raft.server.rpc.timeout.max = 5200ms (custom)
2019-10-14 19:31:15,012 [pool-207-thread-1] INFO  server.RaftServerConfigKeys (ConfUtils.java:logGet(43)) - raft.server.log.corruption.policy = EXCEPTION (default)
2019-10-14 19:31:15,012 [pool-227-thread-1] INFO  impl.RaftServerImpl (RaftServerImpl.java:<init>(95)) - 44bbad9b-132e-4c90-942f-c1d112d4c4ce: new RaftServerImpl for group-097CA76CC5FA:[16559e07-b115-4923-830d-9f131e57a377:192.168.164.219:43713, 44bbad9b-132e-4c90-942f-c1d112d4c4ce:192.168.164.219:45221, 754a67b9-88e9-4a43-ab15-6919b56b0be8:192.168.164.219:43793] with ContainerStateMachine:uninitialized
2019-10-14 19:31:15,012 [pool-237-thread-1] INFO  server.RaftServerConfigKeys (ConfUtils.java:logGet(43)) - raft.server.rpcslowness.timeout = 120s (custom)
2019-10-14 19:31:15,013 [pool-227-thread-1] INFO  server.RaftServerConfigKeys (ConfUtils.java:logGet(43)) - raft.server.rpc.timeout.min = 5s (custom)
2019-10-14 19:31:15,013 [pool-207-thread-1] INFO  storage.RaftStorageDirectory (RaftStorageDirectory.java:analyzeStorage(246)) - The storage directory /workdir/hadoop-ozone/integration-test/target/test-dir/MiniOzoneClusterImpl-5426e04b-cf13-4b79-ba23-0228079aae76/datanode-0/data/ratis/3b92a700-df23-4a09-b504-097ca76cc5fa does not exist. Creating ...
2019-10-14 19:31:15,013 [pool-227-thread-1] INFO  server.RaftServerConfigKeys (ConfUtils.java:logGet(43)) - raft.server.rpc.timeout.max = 5200ms (custom)
2019-10-14 19:31:15,013 [pool-237-thread-1] INFO  server.RaftServerConfigKeys (ConfUtils.java:logGet(43)) - raft.server.sleep.deviation.threshold = 300 (default)
2019-10-14 19:31:15,013 [pool-227-thread-1] INFO  server.RaftServerConfigKeys (ConfUtils.java:logGet(43)) - raft.server.rpcslowness.timeout = 120s (custom)
2019-10-14 19:31:15,013 [pool-237-thread-1] INFO  server.RaftServerConfigKeys (ConfUtils.java:logGet(43)) - raft.server.log.appender.install.snapshot.enabled = false (custom)
2019-10-14 19:31:15,013 [pool-227-thread-1] INFO  server.RaftServerConfigKeys (ConfUtils.java:logGet(43)) - raft.server.sleep.deviation.threshold = 300 (default)
2019-10-14 19:31:15,013 [pool-237-thread-1] INFO  impl.RaftServerImpl (ServerState.java:<init>(103)) - 16559e07-b115-4923-830d-9f131e57a377@group-097CA76CC5FA: ConfigurationManager, init=-1: [16559e07-b115-4923-830d-9f131e57a377:192.168.164.219:43713, 44bbad9b-132e-4c90-942f-c1d112d4c4ce:192.168.164.219:45221, 754a67b9-88e9-4a43-ab15-6919b56b0be8:192.168.164.219:43793], old=null, confs=<EMPTY_MAP>
2019-10-14 19:31:15,013 [pool-227-thread-1] INFO  server.RaftServerConfigKeys (ConfUtils.java:logGet(43)) - raft.server.log.appender.install.snapshot.enabled = false (custom)
2019-10-14 19:31:15,014 [pool-237-thread-1] INFO  server.RaftServerConfigKeys (ConfUtils.java:logGet(43)) - raft.server.storage.dir = [/workdir/hadoop-ozone/integration-test/target/test-dir/MiniOzoneClusterImpl-5426e04b-cf13-4b79-ba23-0228079aae76/datanode-3/data/ratis] (custom)
2019-10-14 19:31:15,014 [pool-227-thread-1] INFO  impl.RaftServerImpl (ServerState.java:<init>(103)) - 44bbad9b-132e-4c90-942f-c1d112d4c4ce@group-097CA76CC5FA: ConfigurationManager, init=-1: [16559e07-b115-4923-830d-9f131e57a377:192.168.164.219:43713, 44bbad9b-132e-4c90-942f-c1d112d4c4ce:192.168.164.219:45221, 754a67b9-88e9-4a43-ab15-6919b56b0be8:192.168.164.219:43793], old=null, confs=<EMPTY_MAP>
2019-10-14 19:31:15,014 [pool-227-thread-1] INFO  server.RaftServerConfigKeys (ConfUtils.java:logGet(43)) - raft.server.storage.dir = [/workdir/hadoop-ozone/integration-test/target/test-dir/MiniOzoneClusterImpl-5426e04b-cf13-4b79-ba23-0228079aae76/datanode-2/data/ratis] (custom)
2019-10-14 19:31:15,014 [pool-237-thread-1] INFO  server.RaftServerConfigKeys (ConfUtils.java:logGet(43)) - raft.server.log.corruption.policy = EXCEPTION (default)
2019-10-14 19:31:15,014 [pool-227-thread-1] INFO  server.RaftServerConfigKeys (ConfUtils.java:logGet(43)) - raft.server.log.corruption.policy = EXCEPTION (default)
2019-10-14 19:31:15,014 [pool-237-thread-1] INFO  storage.RaftStorageDirectory (RaftStorageDirectory.java:analyzeStorage(246)) - The storage directory /workdir/hadoop-ozone/integration-test/target/test-dir/MiniOzoneClusterImpl-5426e04b-cf13-4b79-ba23-0228079aae76/datanode-3/data/ratis/3b92a700-df23-4a09-b504-097ca76cc5fa does not exist. Creating ...
2019-10-14 19:31:15,014 [pool-227-thread-1] INFO  storage.RaftStorageDirectory (RaftStorageDirectory.java:analyzeStorage(246)) - The storage directory /workdir/hadoop-ozone/integration-test/target/test-dir/MiniOzoneClusterImpl-5426e04b-cf13-4b79-ba23-0228079aae76/datanode-2/data/ratis/3b92a700-df23-4a09-b504-097ca76cc5fa does not exist. Creating ...
2019-10-14 19:31:15,039 [pool-227-thread-1] INFO  storage.RaftStorageDirectory (RaftStorageDirectory.java:tryLock(328)) - Lock on /workdir/hadoop-ozone/integration-test/target/test-dir/MiniOzoneClusterImpl-5426e04b-cf13-4b79-ba23-0228079aae76/datanode-2/data/ratis/3b92a700-df23-4a09-b504-097ca76cc5fa/in_use.lock acquired by nodename 20360@pr-hdds-1868-cfdmt-251076870
2019-10-14 19:31:15,039 [pool-237-thread-1] INFO  storage.RaftStorageDirectory (RaftStorageDirectory.java:tryLock(328)) - Lock on /workdir/hadoop-ozone/integration-test/target/test-dir/MiniOzoneClusterImpl-5426e04b-cf13-4b79-ba23-0228079aae76/datanode-3/data/ratis/3b92a700-df23-4a09-b504-097ca76cc5fa/in_use.lock acquired by nodename 20360@pr-hdds-1868-cfdmt-251076870
2019-10-14 19:31:15,039 [pool-207-thread-1] INFO  storage.RaftStorageDirectory (RaftStorageDirectory.java:tryLock(328)) - Lock on /workdir/hadoop-ozone/integration-test/target/test-dir/MiniOzoneClusterImpl-5426e04b-cf13-4b79-ba23-0228079aae76/datanode-0/data/ratis/3b92a700-df23-4a09-b504-097ca76cc5fa/in_use.lock acquired by nodename 20360@pr-hdds-1868-cfdmt-251076870
2019-10-14 19:31:15,064 [pool-207-thread-1] INFO  storage.RaftStorage (RaftStorage.java:format(84)) - Storage directory /workdir/hadoop-ozone/integration-test/target/test-dir/MiniOzoneClusterImpl-5426e04b-cf13-4b79-ba23-0228079aae76/datanode-0/data/ratis/3b92a700-df23-4a09-b504-097ca76cc5fa has been successfully formatted.
2019-10-14 19:31:15,064 [pool-227-thread-1] INFO  storage.RaftStorage (RaftStorage.java:format(84)) - Storage directory /workdir/hadoop-ozone/integration-test/target/test-dir/MiniOzoneClusterImpl-5426e04b-cf13-4b79-ba23-0228079aae76/datanode-2/data/ratis/3b92a700-df23-4a09-b504-097ca76cc5fa has been successfully formatted.
2019-10-14 19:31:15,064 [pool-207-thread-1] INFO  ratis.ContainerStateMachine (ContainerStateMachine.java:loadSnapshot(233)) - group-097CA76CC5FA: The snapshot info is null. Setting the last applied indexto:(t:0, i:~)
2019-10-14 19:31:15,064 [pool-237-thread-1] INFO  storage.RaftStorage (RaftStorage.java:format(84)) - Storage directory /workdir/hadoop-ozone/integration-test/target/test-dir/MiniOzoneClusterImpl-5426e04b-cf13-4b79-ba23-0228079aae76/datanode-3/data/ratis/3b92a700-df23-4a09-b504-097ca76cc5fa has been successfully formatted.
2019-10-14 19:31:15,065 [pool-207-thread-1] INFO  server.RaftServerConfigKeys (ConfUtils.java:logGet(43)) - raft.server.notification.no-leader.timeout = 120s (custom)
2019-10-14 19:31:15,065 [pool-227-thread-1] INFO  ratis.ContainerStateMachine (ContainerStateMachine.java:loadSnapshot(233)) - group-097CA76CC5FA: The snapshot info is null. Setting the last applied indexto:(t:0, i:~)
2019-10-14 19:31:15,065 [pool-207-thread-1] INFO  server.RaftServerConfigKeys (ConfUtils.java:logGet(43)) - raft.server.log.use.memory = false (default)
2019-10-14 19:31:15,065 [pool-237-thread-1] INFO  ratis.ContainerStateMachine (ContainerStateMachine.java:loadSnapshot(233)) - group-097CA76CC5FA: The snapshot info is null. Setting the last applied indexto:(t:0, i:~)
2019-10-14 19:31:15,065 [pool-207-thread-1] INFO  server.RaftServerConfigKeys (ConfUtils.java:logGet(43)) - raft.server.log.purge.gap = 1000000 (custom)
2019-10-14 19:31:15,065 [pool-227-thread-1] INFO  server.RaftServerConfigKeys (ConfUtils.java:logGet(43)) - raft.server.notification.no-leader.timeout = 120s (custom)
2019-10-14 19:31:15,065 [pool-207-thread-1] INFO  server.RaftServerConfigKeys (ConfUtils.java:logGet(43)) - raft.server.log.appender.buffer.byte-limit = 33554432 (custom)
2019-10-14 19:31:15,065 [pool-237-thread-1] INFO  server.RaftServerConfigKeys (ConfUtils.java:logGet(43)) - raft.server.notification.no-leader.timeout = 120s (custom)
2019-10-14 19:31:15,066 [pool-207-thread-1] INFO  server.RaftServerConfigKeys (ConfUtils.java:logGet(43)) - raft.server.log.segment.size.max = 1048576 (custom)
2019-10-14 19:31:15,066 [pool-227-thread-1] INFO  server.RaftServerConfigKeys (ConfUtils.java:logGet(43)) - raft.server.log.use.memory = false (default)
2019-10-14 19:31:15,066 [pool-207-thread-1] INFO  server.RaftServerConfigKeys (ConfUtils.java:logGet(43)) - raft.server.log.segment.cache.num.max = 2 (custom)
2019-10-14 19:31:15,066 [pool-237-thread-1] INFO  server.RaftServerConfigKeys (ConfUtils.java:logGet(43)) - raft.server.log.use.memory = false (default)
2019-10-14 19:31:15,066 [pool-207-thread-1] INFO  segmented.SegmentedRaftLogWorker (SegmentedRaftLogWorker.java:<init>(173)) - new 754a67b9-88e9-4a43-ab15-6919b56b0be8@group-097CA76CC5FA-SegmentedRaftLogWorker for RaftStorage:Storage Directory /workdir/hadoop-ozone/integration-test/target/test-dir/MiniOzoneClusterImpl-5426e04b-cf13-4b79-ba23-0228079aae76/datanode-0/data/ratis/3b92a700-df23-4a09-b504-097ca76cc5fa
2019-10-14 19:31:15,066 [pool-227-thread-1] INFO  server.RaftServerConfigKeys (ConfUtils.java:logGet(43)) - raft.server.log.purge.gap = 1000000 (custom)
2019-10-14 19:31:15,066 [pool-207-thread-1] INFO  server.RaftServerConfigKeys (ConfUtils.java:logGet(43)) - raft.server.log.queue.byte-limit = 2147483647 (custom)
2019-10-14 19:31:15,066 [pool-237-thread-1] INFO  server.RaftServerConfigKeys (ConfUtils.java:logGet(43)) - raft.server.log.purge.gap = 1000000 (custom)
2019-10-14 19:31:15,067 [pool-207-thread-1] INFO  server.RaftServerConfigKeys (ConfUtils.java:logGet(43)) - raft.server.log.queue.element-limit = 1024 (custom)
2019-10-14 19:31:15,067 [pool-227-thread-1] INFO  server.RaftServerConfigKeys (ConfUtils.java:logGet(43)) - raft.server.log.appender.buffer.byte-limit = 33554432 (custom)
2019-10-14 19:31:15,067 [pool-207-thread-1] INFO  server.RaftServerConfigKeys (ConfUtils.java:logGet(43)) - raft.server.log.segment.size.max = 1048576 (custom)
2019-10-14 19:31:15,067 [pool-237-thread-1] INFO  server.RaftServerConfigKeys (ConfUtils.java:logGet(43)) - raft.server.log.appender.buffer.byte-limit = 33554432 (custom)
2019-10-14 19:31:15,067 [pool-207-thread-1] INFO  server.RaftServerConfigKeys (ConfUtils.java:logGet(43)) - raft.server.log.preallocated.size = 16384 (custom)
2019-10-14 19:31:15,067 [pool-227-thread-1] INFO  server.RaftServerConfigKeys (ConfUtils.java:logGet(43)) - raft.server.log.segment.size.max = 1048576 (custom)
2019-10-14 19:31:15,067 [pool-207-thread-1] INFO  server.RaftServerConfigKeys (ConfUtils.java:logGet(43)) - raft.server.log.write.buffer.size = 33554432 (custom)
2019-10-14 19:31:15,067 [pool-237-thread-1] INFO  server.RaftServerConfigKeys (ConfUtils.java:logGet(43)) - raft.server.log.segment.size.max = 1048576 (custom)
2019-10-14 19:31:15,068 [pool-207-thread-1] INFO  server.RaftServerConfigKeys (ConfUtils.java:logGet(43)) - raft.server.log.force.sync.num = 128 (default)
2019-10-14 19:31:15,068 [pool-227-thread-1] INFO  server.RaftServerConfigKeys (ConfUtils.java:logGet(43)) - raft.server.log.segment.cache.num.max = 2 (custom)
2019-10-14 19:31:15,068 [pool-207-thread-1] INFO  server.RaftServerConfigKeys (ConfUtils.java:logGet(43)) - raft.server.log.statemachine.data.sync = true (default)
2019-10-14 19:31:15,068 [pool-237-thread-1] INFO  server.RaftServerConfigKeys (ConfUtils.java:logGet(43)) - raft.server.log.segment.cache.num.max = 2 (custom)
2019-10-14 19:31:15,068 [pool-207-thread-1] INFO  server.RaftServerConfigKeys (ConfUtils.java:logGet(43)) - raft.server.log.statemachine.data.sync.timeout = 10s (default)
2019-10-14 19:31:15,068 [pool-227-thread-1] INFO  segmented.SegmentedRaftLogWorker (SegmentedRaftLogWorker.java:<init>(173)) - new 44bbad9b-132e-4c90-942f-c1d112d4c4ce@group-097CA76CC5FA-SegmentedRaftLogWorker for RaftStorage:Storage Directory /workdir/hadoop-ozone/integration-test/target/test-dir/MiniOzoneClusterImpl-5426e04b-cf13-4b79-ba23-0228079aae76/datanode-2/data/ratis/3b92a700-df23-4a09-b504-097ca76cc5fa
2019-10-14 19:31:15,068 [pool-207-thread-1] INFO  server.RaftServerConfigKeys (ConfUtils.java:logGet(43)) - raft.server.log.statemachine.data.sync.timeout.retry = -1 (default)
2019-10-14 19:31:15,068 [pool-237-thread-1] INFO  segmented.SegmentedRaftLogWorker (SegmentedRaftLogWorker.java:<init>(173)) - new 16559e07-b115-4923-830d-9f131e57a377@group-097CA76CC5FA-SegmentedRaftLogWorker for RaftStorage:Storage Directory /workdir/hadoop-ozone/integration-test/target/test-dir/MiniOzoneClusterImpl-5426e04b-cf13-4b79-ba23-0228079aae76/datanode-3/data/ratis/3b92a700-df23-4a09-b504-097ca76cc5fa
2019-10-14 19:31:15,069 [pool-207-thread-1] INFO  server.RaftServerConfigKeys (ConfUtils.java:logGet(43)) - raft.server.log.statemachine.data.caching.enabled = true (custom)
2019-10-14 19:31:15,068 [pool-227-thread-1] INFO  server.RaftServerConfigKeys (ConfUtils.java:logGet(43)) - raft.server.log.queue.byte-limit = 2147483647 (custom)
2019-10-14 19:31:15,069 [pool-237-thread-1] INFO  server.RaftServerConfigKeys (ConfUtils.java:logGet(43)) - raft.server.log.queue.byte-limit = 2147483647 (custom)
2019-10-14 19:31:15,069 [pool-227-thread-1] INFO  server.RaftServerConfigKeys (ConfUtils.java:logGet(43)) - raft.server.log.queue.element-limit = 1024 (custom)
2019-10-14 19:31:15,069 [pool-207-thread-1] INFO  segmented.SegmentedRaftLogWorker (SegmentedRaftLogWorker.java:lambda$new$0(128)) - 754a67b9-88e9-4a43-ab15-6919b56b0be8@group-097CA76CC5FA-SegmentedRaftLogWorker: flushIndex: setUnconditionally 0 -> -1
2019-10-14 19:31:15,069 [pool-237-thread-1] INFO  server.RaftServerConfigKeys (ConfUtils.java:logGet(43)) - raft.server.log.queue.element-limit = 1024 (custom)
2019-10-14 19:31:15,069 [pool-227-thread-1] INFO  server.RaftServerConfigKeys (ConfUtils.java:logGet(43)) - raft.server.log.segment.size.max = 1048576 (custom)
2019-10-14 19:31:15,069 [pool-237-thread-1] INFO  server.RaftServerConfigKeys (ConfUtils.java:logGet(43)) - raft.server.log.segment.size.max = 1048576 (custom)
2019-10-14 19:31:15,069 [pool-207-thread-1] INFO  server.RaftServerConfigKeys (ConfUtils.java:logGet(43)) - raft.server.snapshot.auto.trigger.enabled = true (custom)
2019-10-14 19:31:15,070 [pool-237-thread-1] INFO  server.RaftServerConfigKeys (ConfUtils.java:logGet(43)) - raft.server.log.preallocated.size = 16384 (custom)
2019-10-14 19:31:15,069 [pool-227-thread-1] INFO  server.RaftServerConfigKeys (ConfUtils.java:logGet(43)) - raft.server.log.preallocated.size = 16384 (custom)
2019-10-14 19:31:15,070 [pool-237-thread-1] INFO  server.RaftServerConfigKeys (ConfUtils.java:logGet(43)) - raft.server.log.write.buffer.size = 33554432 (custom)
2019-10-14 19:31:15,070 [pool-207-thread-1] INFO  server.RaftServerConfigKeys (ConfUtils.java:logGet(43)) - raft.server.snapshot.auto.trigger.threshold = 10000 (custom)
2019-10-14 19:31:15,070 [pool-237-thread-1] INFO  server.RaftServerConfigKeys (ConfUtils.java:logGet(43)) - raft.server.log.force.sync.num = 128 (default)
2019-10-14 19:31:15,070 [pool-227-thread-1] INFO  server.RaftServerConfigKeys (ConfUtils.java:logGet(43)) - raft.server.log.write.buffer.size = 33554432 (custom)
2019-10-14 19:31:15,070 [pool-237-thread-1] INFO  server.RaftServerConfigKeys (ConfUtils.java:logGet(43)) - raft.server.log.statemachine.data.sync = true (default)
2019-10-14 19:31:15,070 [pool-207-thread-1] INFO  server.RaftServerConfigKeys (ConfUtils.java:logGet(43)) - raft.server.snapshot.retention.file.num = 5 (custom)
2019-10-14 19:31:15,070 [pool-237-thread-1] INFO  server.RaftServerConfigKeys (ConfUtils.java:logGet(43)) - raft.server.log.statemachine.data.sync.timeout = 10s (default)
2019-10-14 19:31:15,070 [pool-227-thread-1] INFO  server.RaftServerConfigKeys (ConfUtils.java:logGet(43)) - raft.server.log.force.sync.num = 128 (default)
2019-10-14 19:31:15,071 [pool-237-thread-1] INFO  server.RaftServerConfigKeys (ConfUtils.java:logGet(43)) - raft.server.log.statemachine.data.sync.timeout.retry = -1 (default)
2019-10-14 19:31:15,070 [pool-207-thread-1] INFO  server.RaftServerConfigKeys (ConfUtils.java:logGet(43)) - raft.server.retrycache.expirytime = 600000ms (custom)
2019-10-14 19:31:15,071 [pool-237-thread-1] INFO  server.RaftServerConfigKeys (ConfUtils.java:logGet(43)) - raft.server.log.statemachine.data.caching.enabled = true (custom)
2019-10-14 19:31:15,071 [pool-227-thread-1] INFO  server.RaftServerConfigKeys (ConfUtils.java:logGet(43)) - raft.server.log.statemachine.data.sync = true (default)
2019-10-14 19:31:15,071 [pool-227-thread-1] INFO  server.RaftServerConfigKeys (ConfUtils.java:logGet(43)) - raft.server.log.statemachine.data.sync.timeout = 10s (default)
2019-10-14 19:31:15,071 [pool-237-thread-1] INFO  segmented.SegmentedRaftLogWorker (SegmentedRaftLogWorker.java:lambda$new$0(128)) - 16559e07-b115-4923-830d-9f131e57a377@group-097CA76CC5FA-SegmentedRaftLogWorker: flushIndex: setUnconditionally 0 -> -1
2019-10-14 19:31:15,071 [pool-227-thread-1] INFO  server.RaftServerConfigKeys (ConfUtils.java:logGet(43)) - raft.server.log.statemachine.data.sync.timeout.retry = -1 (default)
2019-10-14 19:31:15,071 [pool-227-thread-1] INFO  server.RaftServerConfigKeys (ConfUtils.java:logGet(43)) - raft.server.log.statemachine.data.caching.enabled = true (custom)
2019-10-14 19:31:15,071 [pool-237-thread-1] INFO  server.RaftServerConfigKeys (ConfUtils.java:logGet(43)) - raft.server.snapshot.auto.trigger.enabled = true (custom)
2019-10-14 19:31:15,072 [pool-237-thread-1] INFO  server.RaftServerConfigKeys (ConfUtils.java:logGet(43)) - raft.server.snapshot.auto.trigger.threshold = 10000 (custom)
2019-10-14 19:31:15,072 [pool-227-thread-1] INFO  segmented.SegmentedRaftLogWorker (SegmentedRaftLogWorker.java:lambda$new$0(128)) - 44bbad9b-132e-4c90-942f-c1d112d4c4ce@group-097CA76CC5FA-SegmentedRaftLogWorker: flushIndex: setUnconditionally 0 -> -1
2019-10-14 19:31:15,072 [pool-237-thread-1] INFO  server.RaftServerConfigKeys (ConfUtils.java:logGet(43)) - raft.server.snapshot.retention.file.num = 5 (custom)
2019-10-14 19:31:15,072 [pool-237-thread-1] INFO  server.RaftServerConfigKeys (ConfUtils.java:logGet(43)) - raft.server.retrycache.expirytime = 600000ms (custom)
2019-10-14 19:31:15,072 [pool-227-thread-1] INFO  server.RaftServerConfigKeys (ConfUtils.java:logGet(43)) - raft.server.snapshot.auto.trigger.enabled = true (custom)
2019-10-14 19:31:15,072 [pool-227-thread-1] INFO  server.RaftServerConfigKeys (ConfUtils.java:logGet(43)) - raft.server.snapshot.auto.trigger.threshold = 10000 (custom)
2019-10-14 19:31:15,072 [pool-227-thread-1] INFO  server.RaftServerConfigKeys (ConfUtils.java:logGet(43)) - raft.server.snapshot.retention.file.num = 5 (custom)
2019-10-14 19:31:15,072 [pool-227-thread-1] INFO  server.RaftServerConfigKeys (ConfUtils.java:logGet(43)) - raft.server.retrycache.expirytime = 600000ms (custom)
2019-10-14 19:31:15,073 [pool-207-thread-1] INFO  impl.RaftServerImpl (RaftServerImpl.java:start(181)) - 754a67b9-88e9-4a43-ab15-6919b56b0be8@group-097CA76CC5FA: start as a follower, conf=-1: [16559e07-b115-4923-830d-9f131e57a377:192.168.164.219:43713, 44bbad9b-132e-4c90-942f-c1d112d4c4ce:192.168.164.219:45221, 754a67b9-88e9-4a43-ab15-6919b56b0be8:192.168.164.219:43793], old=null
2019-10-14 19:31:15,074 [pool-207-thread-1] INFO  impl.RaftServerImpl (RaftServerImpl.java:setRole(170)) - 754a67b9-88e9-4a43-ab15-6919b56b0be8@group-097CA76CC5FA: changes role from      null to FOLLOWER at term 0 for startAsFollower
2019-10-14 19:31:15,074 [pool-207-thread-1] INFO  impl.RoleInfo (RoleInfo.java:updateAndGet(143)) - 754a67b9-88e9-4a43-ab15-6919b56b0be8: start FollowerState
2019-10-14 19:31:15,074 [pool-207-thread-1] INFO  util.JmxRegister (JmxRegister.java:tryRegister(44)) - Successfully registered JMX Bean with object name Ratis:service=RaftServer,group=group-097CA76CC5FA,id=754a67b9-88e9-4a43-ab15-6919b56b0be8
2019-10-14 19:31:15,075 [pool-237-thread-1] INFO  impl.RaftServerImpl (RaftServerImpl.java:start(181)) - 16559e07-b115-4923-830d-9f131e57a377@group-097CA76CC5FA: start as a follower, conf=-1: [16559e07-b115-4923-830d-9f131e57a377:192.168.164.219:43713, 44bbad9b-132e-4c90-942f-c1d112d4c4ce:192.168.164.219:45221, 754a67b9-88e9-4a43-ab15-6919b56b0be8:192.168.164.219:43793], old=null
2019-10-14 19:31:15,075 [pool-237-thread-1] INFO  impl.RaftServerImpl (RaftServerImpl.java:setRole(170)) - 16559e07-b115-4923-830d-9f131e57a377@group-097CA76CC5FA: changes role from      null to FOLLOWER at term 0 for startAsFollower
2019-10-14 19:31:15,075 [pool-227-thread-1] INFO  impl.RaftServerImpl (RaftServerImpl.java:start(181)) - 44bbad9b-132e-4c90-942f-c1d112d4c4ce@group-097CA76CC5FA: start as a follower, conf=-1: [16559e07-b115-4923-830d-9f131e57a377:192.168.164.219:43713, 44bbad9b-132e-4c90-942f-c1d112d4c4ce:192.168.164.219:45221, 754a67b9-88e9-4a43-ab15-6919b56b0be8:192.168.164.219:43793], old=null
2019-10-14 19:31:15,075 [pool-237-thread-1] INFO  impl.RoleInfo (RoleInfo.java:updateAndGet(143)) - 16559e07-b115-4923-830d-9f131e57a377: start FollowerState
2019-10-14 19:31:15,075 [pool-227-thread-1] INFO  impl.RaftServerImpl (RaftServerImpl.java:setRole(170)) - 44bbad9b-132e-4c90-942f-c1d112d4c4ce@group-097CA76CC5FA: changes role from      null to FOLLOWER at term 0 for startAsFollower
2019-10-14 19:31:15,075 [pool-227-thread-1] INFO  impl.RoleInfo (RoleInfo.java:updateAndGet(143)) - 44bbad9b-132e-4c90-942f-c1d112d4c4ce: start FollowerState
2019-10-14 19:31:15,076 [pool-237-thread-1] INFO  util.JmxRegister (JmxRegister.java:tryRegister(44)) - Successfully registered JMX Bean with object name Ratis:service=RaftServer,group=group-097CA76CC5FA,id=16559e07-b115-4923-830d-9f131e57a377
2019-10-14 19:31:15,076 [pool-227-thread-1] INFO  util.JmxRegister (JmxRegister.java:tryRegister(44)) - Successfully registered JMX Bean with object name Ratis:service=RaftServer,group=group-097CA76CC5FA,id=44bbad9b-132e-4c90-942f-c1d112d4c4ce
2019-10-14 19:31:15,081 [RatisPipelineUtilsThread] INFO  pipeline.PipelineStateManager (PipelineStateManager.java:addPipeline(57)) - Created pipeline Pipeline[ Id: 3b92a700-df23-4a09-b504-097ca76cc5fa, Nodes: 754a67b9-88e9-4a43-ab15-6919b56b0be8{ip: 192.168.164.219, host: pr-hdds-1868-cfdmt-251076870, networkLocation: /default-rack, certSerialId: null}44bbad9b-132e-4c90-942f-c1d112d4c4ce{ip: 192.168.164.219, host: pr-hdds-1868-cfdmt-251076870, networkLocation: /default-rack, certSerialId: null}16559e07-b115-4923-830d-9f131e57a377{ip: 192.168.164.219, host: pr-hdds-1868-cfdmt-251076870, networkLocation: /default-rack, certSerialId: null}, Type:RATIS, Factor:THREE, State:ALLOCATED]
2019-10-14 19:31:15,082 [Thread-1433] INFO  pipeline.PipelineStateManager (PipelineStateManager.java:finalizePipeline(123)) - Pipeline Pipeline[ Id: b28d5ae5-a3c1-451d-b62a-711bb94480df, Nodes: 16559e07-b115-4923-830d-9f131e57a377{ip: 192.168.164.219, host: pr-hdds-1868-cfdmt-251076870, networkLocation: /default-rack, certSerialId: null}, Type:RATIS, Factor:ONE, State:CLOSED] moved to CLOSED state
2019-10-14 19:31:15,087 [grpc-default-executor-0] INFO  impl.RaftServerProxy (RaftServerProxy.java:remove(95)) - 16559e07-b115-4923-830d-9f131e57a377: remove  FOLLOWER 16559e07-b115-4923-830d-9f131e57a377@group-711BB94480DF:t0, leader=null, voted=null, raftlog=16559e07-b115-4923-830d-9f131e57a377@group-711BB94480DF-SegmentedRaftLog:OPENED:c-1,f-1,i0, conf=-1: [16559e07-b115-4923-830d-9f131e57a377:192.168.164.219:43713], old=null RUNNING
2019-10-14 19:31:15,089 [main] INFO  ozone.MiniOzoneClusterImpl (MiniOzoneClusterImpl.java:lambda$waitForClusterToBeReady$2(164)) - Waiting for 8 number of pipelines out of 9, to report a leader.
2019-10-14 19:31:15,089 [grpc-default-executor-0] INFO  impl.RaftServerImpl (RaftServerImpl.java:lambda$shutdown$3(247)) - 16559e07-b115-4923-830d-9f131e57a377@group-711BB94480DF: shutdown
2019-10-14 19:31:15,090 [grpc-default-executor-0] INFO  util.JmxRegister (JmxRegister.java:unregister(73)) - Successfully un-registered JMX Bean with object name Ratis:service=RaftServer,group=group-711BB94480DF,id=16559e07-b115-4923-830d-9f131e57a377
2019-10-14 19:31:15,090 [grpc-default-executor-0] INFO  impl.RoleInfo (RoleInfo.java:shutdownFollowerState(121)) - 16559e07-b115-4923-830d-9f131e57a377: shutdown FollowerState
2019-10-14 19:31:15,090 [grpc-default-executor-0] INFO  impl.StateMachineUpdater (StateMachineUpdater.java:stopAndJoin(136)) - 16559e07-b115-4923-830d-9f131e57a377@group-711BB94480DF-StateMachineUpdater: set stopIndex = -1
2019-10-14 19:31:15,090 [Thread-1447] INFO  impl.FollowerState (FollowerState.java:run(117)) - 16559e07-b115-4923-830d-9f131e57a377@group-711BB94480DF-FollowerState was interrupted: java.lang.InterruptedException: sleep interrupted
2019-10-14 19:31:15,090 [grpc-default-executor-0] INFO  impl.RaftServerImpl (ServerState.java:close(387)) - 16559e07-b115-4923-830d-9f131e57a377@group-711BB94480DF: closes. applyIndex: -1
2019-10-14 19:31:15,092 [16559e07-b115-4923-830d-9f131e57a377@group-711BB94480DF-SegmentedRaftLogWorker] INFO  segmented.SegmentedRaftLogWorker (SegmentedRaftLogWorker.java:run(316)) - 16559e07-b115-4923-830d-9f131e57a377@group-711BB94480DF-SegmentedRaftLogWorker was interrupted, exiting. There are 0 tasks remaining in the queue.
2019-10-14 19:31:15,092 [grpc-default-executor-0] INFO  segmented.SegmentedRaftLogWorker (SegmentedRaftLogWorker.java:close(224)) - 16559e07-b115-4923-830d-9f131e57a377@group-711BB94480DF-SegmentedRaftLogWorker close()
2019-10-14 19:31:15,097 [Thread-1433] INFO  pipeline.PipelineStateManager (PipelineStateManager.java:removePipeline(108)) - Pipeline Pipeline[ Id: b28d5ae5-a3c1-451d-b62a-711bb94480df, Nodes: 16559e07-b115-4923-830d-9f131e57a377{ip: 192.168.164.219, host: pr-hdds-1868-cfdmt-251076870, networkLocation: /default-rack, certSerialId: null}, Type:RATIS, Factor:ONE, State:CLOSED] removed from db
2019-10-14 19:31:15,097 [Thread-1433] INFO  pipeline.SCMPipelineManager (SCMPipelineManager.java:finalizeAndDestroyPipeline(315)) - destroying pipeline:Pipeline[ Id: b36b4060-fbd4-44c5-90fc-8dabf288422a, Nodes: 754a67b9-88e9-4a43-ab15-6919b56b0be8{ip: 192.168.164.219, host: pr-hdds-1868-cfdmt-251076870, networkLocation: /default-rack, certSerialId: null}, Type:RATIS, Factor:ONE, State:ALLOCATED]
2019-10-14 19:31:15,100 [grpc-default-executor-0] INFO  impl.RaftServerProxy (RaftServerProxy.java:addNew(89)) - 16559e07-b115-4923-830d-9f131e57a377: addNew group-EEAA04891B94:[16559e07-b115-4923-830d-9f131e57a377:192.168.164.219:43713] returns group-EEAA04891B94:java.util.concurrent.CompletableFuture@22cb3ae1[Not completed]
2019-10-14 19:31:15,101 [pool-237-thread-1] INFO  impl.RaftServerImpl (RaftServerImpl.java:<init>(95)) - 16559e07-b115-4923-830d-9f131e57a377: new RaftServerImpl for group-EEAA04891B94:[16559e07-b115-4923-830d-9f131e57a377:192.168.164.219:43713] with ContainerStateMachine:uninitialized
2019-10-14 19:31:15,101 [pool-237-thread-1] INFO  server.RaftServerConfigKeys (ConfUtils.java:logGet(43)) - raft.server.rpc.timeout.min = 5s (custom)
2019-10-14 19:31:15,101 [pool-237-thread-1] INFO  server.RaftServerConfigKeys (ConfUtils.java:logGet(43)) - raft.server.rpc.timeout.max = 5200ms (custom)
2019-10-14 19:31:15,101 [pool-237-thread-1] INFO  server.RaftServerConfigKeys (ConfUtils.java:logGet(43)) - raft.server.rpcslowness.timeout = 120s (custom)
2019-10-14 19:31:15,101 [pool-237-thread-1] INFO  server.RaftServerConfigKeys (ConfUtils.java:logGet(43)) - raft.server.sleep.deviation.threshold = 300 (default)
2019-10-14 19:31:15,102 [pool-237-thread-1] INFO  server.RaftServerConfigKeys (ConfUtils.java:logGet(43)) - raft.server.log.appender.install.snapshot.enabled = false (custom)
2019-10-14 19:31:15,102 [pool-237-thread-1] INFO  impl.RaftServerImpl (ServerState.java:<init>(103)) - 16559e07-b115-4923-830d-9f131e57a377@group-EEAA04891B94: ConfigurationManager, init=-1: [16559e07-b115-4923-830d-9f131e57a377:192.168.164.219:43713], old=null, confs=<EMPTY_MAP>
2019-10-14 19:31:15,102 [pool-237-thread-1] INFO  server.RaftServerConfigKeys (ConfUtils.java:logGet(43)) - raft.server.storage.dir = [/workdir/hadoop-ozone/integration-test/target/test-dir/MiniOzoneClusterImpl-5426e04b-cf13-4b79-ba23-0228079aae76/datanode-3/data/ratis] (custom)
2019-10-14 19:31:15,102 [pool-237-thread-1] INFO  server.RaftServerConfigKeys (ConfUtils.java:logGet(43)) - raft.server.log.corruption.policy = EXCEPTION (default)
2019-10-14 19:31:15,102 [pool-237-thread-1] INFO  storage.RaftStorageDirectory (RaftStorageDirectory.java:analyzeStorage(246)) - The storage directory /workdir/hadoop-ozone/integration-test/target/test-dir/MiniOzoneClusterImpl-5426e04b-cf13-4b79-ba23-0228079aae76/datanode-3/data/ratis/daf69939-3d6b-4c7b-b685-eeaa04891b94 does not exist. Creating ...
2019-10-14 19:31:15,131 [pool-237-thread-1] INFO  storage.RaftStorageDirectory (RaftStorageDirectory.java:tryLock(328)) - Lock on /workdir/hadoop-ozone/integration-test/target/test-dir/MiniOzoneClusterImpl-5426e04b-cf13-4b79-ba23-0228079aae76/datanode-3/data/ratis/daf69939-3d6b-4c7b-b685-eeaa04891b94/in_use.lock acquired by nodename 20360@pr-hdds-1868-cfdmt-251076870
2019-10-14 19:31:15,157 [pool-237-thread-1] INFO  storage.RaftStorage (RaftStorage.java:format(84)) - Storage directory /workdir/hadoop-ozone/integration-test/target/test-dir/MiniOzoneClusterImpl-5426e04b-cf13-4b79-ba23-0228079aae76/datanode-3/data/ratis/daf69939-3d6b-4c7b-b685-eeaa04891b94 has been successfully formatted.
2019-10-14 19:31:15,157 [pool-237-thread-1] INFO  ratis.ContainerStateMachine (ContainerStateMachine.java:loadSnapshot(233)) - group-EEAA04891B94: The snapshot info is null. Setting the last applied indexto:(t:0, i:~)
2019-10-14 19:31:15,157 [pool-237-thread-1] INFO  server.RaftServerConfigKeys (ConfUtils.java:logGet(43)) - raft.server.notification.no-leader.timeout = 120s (custom)
2019-10-14 19:31:15,157 [pool-237-thread-1] INFO  server.RaftServerConfigKeys (ConfUtils.java:logGet(43)) - raft.server.log.use.memory = false (default)
2019-10-14 19:31:15,158 [pool-237-thread-1] INFO  server.RaftServerConfigKeys (ConfUtils.java:logGet(43)) - raft.server.log.purge.gap = 1000000 (custom)
2019-10-14 19:31:15,158 [pool-237-thread-1] INFO  server.RaftServerConfigKeys (ConfUtils.java:logGet(43)) - raft.server.log.appender.buffer.byte-limit = 33554432 (custom)
2019-10-14 19:31:15,158 [pool-237-thread-1] INFO  server.RaftServerConfigKeys (ConfUtils.java:logGet(43)) - raft.server.log.segment.size.max = 1048576 (custom)
2019-10-14 19:31:15,158 [pool-237-thread-1] INFO  server.RaftServerConfigKeys (ConfUtils.java:logGet(43)) - raft.server.log.segment.cache.num.max = 2 (custom)
2019-10-14 19:31:15,158 [pool-237-thread-1] INFO  segmented.SegmentedRaftLogWorker (SegmentedRaftLogWorker.java:<init>(173)) - new 16559e07-b115-4923-830d-9f131e57a377@group-EEAA04891B94-SegmentedRaftLogWorker for RaftStorage:Storage Directory /workdir/hadoop-ozone/integration-test/target/test-dir/MiniOzoneClusterImpl-5426e04b-cf13-4b79-ba23-0228079aae76/datanode-3/data/ratis/daf69939-3d6b-4c7b-b685-eeaa04891b94
2019-10-14 19:31:15,158 [pool-237-thread-1] INFO  server.RaftServerConfigKeys (ConfUtils.java:logGet(43)) - raft.server.log.queue.byte-limit = 2147483647 (custom)
2019-10-14 19:31:15,158 [pool-237-thread-1] INFO  server.RaftServerConfigKeys (ConfUtils.java:logGet(43)) - raft.server.log.queue.element-limit = 1024 (custom)
2019-10-14 19:31:15,158 [pool-237-thread-1] INFO  server.RaftServerConfigKeys (ConfUtils.java:logGet(43)) - raft.server.log.segment.size.max = 1048576 (custom)
2019-10-14 19:31:15,159 [pool-237-thread-1] INFO  server.RaftServerConfigKeys (ConfUtils.java:logGet(43)) - raft.server.log.preallocated.size = 16384 (custom)
2019-10-14 19:31:15,159 [pool-237-thread-1] INFO  server.RaftServerConfigKeys (ConfUtils.java:logGet(43)) - raft.server.log.write.buffer.size = 33554432 (custom)
2019-10-14 19:31:15,159 [pool-237-thread-1] INFO  server.RaftServerConfigKeys (ConfUtils.java:logGet(43)) - raft.server.log.force.sync.num = 128 (default)
2019-10-14 19:31:15,159 [pool-237-thread-1] INFO  server.RaftServerConfigKeys (ConfUtils.java:logGet(43)) - raft.server.log.statemachine.data.sync = true (default)
2019-10-14 19:31:15,159 [pool-237-thread-1] INFO  server.RaftServerConfigKeys (ConfUtils.java:logGet(43)) - raft.server.log.statemachine.data.sync.timeout = 10s (default)
2019-10-14 19:31:15,159 [pool-237-thread-1] INFO  server.RaftServerConfigKeys (ConfUtils.java:logGet(43)) - raft.server.log.statemachine.data.sync.timeout.retry = -1 (default)
2019-10-14 19:31:15,159 [pool-237-thread-1] INFO  server.RaftServerConfigKeys (ConfUtils.java:logGet(43)) - raft.server.log.statemachine.data.caching.enabled = true (custom)
2019-10-14 19:31:15,160 [pool-237-thread-1] INFO  segmented.SegmentedRaftLogWorker (SegmentedRaftLogWorker.java:lambda$new$0(128)) - 16559e07-b115-4923-830d-9f131e57a377@group-EEAA04891B94-SegmentedRaftLogWorker: flushIndex: setUnconditionally 0 -> -1
2019-10-14 19:31:15,160 [pool-237-thread-1] INFO  server.RaftServerConfigKeys (ConfUtils.java:logGet(43)) - raft.server.snapshot.auto.trigger.enabled = true (custom)
2019-10-14 19:31:15,160 [pool-237-thread-1] INFO  server.RaftServerConfigKeys (ConfUtils.java:logGet(43)) - raft.server.snapshot.auto.trigger.threshold = 10000 (custom)
2019-10-14 19:31:15,160 [pool-237-thread-1] INFO  server.RaftServerConfigKeys (ConfUtils.java:logGet(43)) - raft.server.snapshot.retention.file.num = 5 (custom)
2019-10-14 19:31:15,160 [pool-237-thread-1] INFO  server.RaftServerConfigKeys (ConfUtils.java:logGet(43)) - raft.server.retrycache.expirytime = 600000ms (custom)
2019-10-14 19:31:15,162 [pool-237-thread-1] INFO  impl.RaftServerImpl (RaftServerImpl.java:start(181)) - 16559e07-b115-4923-830d-9f131e57a377@group-EEAA04891B94: start as a follower, conf=-1: [16559e07-b115-4923-830d-9f131e57a377:192.168.164.219:43713], old=null
2019-10-14 19:31:15,162 [pool-237-thread-1] INFO  impl.RaftServerImpl (RaftServerImpl.java:setRole(170)) - 16559e07-b115-4923-830d-9f131e57a377@group-EEAA04891B94: changes role from      null to FOLLOWER at term 0 for startAsFollower
2019-10-14 19:31:15,162 [pool-237-thread-1] INFO  impl.RoleInfo (RoleInfo.java:updateAndGet(143)) - 16559e07-b115-4923-830d-9f131e57a377: start FollowerState
2019-10-14 19:31:15,163 [pool-237-thread-1] INFO  util.JmxRegister (JmxRegister.java:tryRegister(44)) - Successfully registered JMX Bean with object name Ratis:service=RaftServer,group=group-EEAA04891B94,id=16559e07-b115-4923-830d-9f131e57a377
2019-10-14 19:31:15,166 [RatisPipelineUtilsThread] INFO  pipeline.PipelineStateManager (PipelineStateManager.java:addPipeline(57)) - Created pipeline Pipeline[ Id: daf69939-3d6b-4c7b-b685-eeaa04891b94, Nodes: 16559e07-b115-4923-830d-9f131e57a377{ip: 192.168.164.219, host: pr-hdds-1868-cfdmt-251076870, networkLocation: /default-rack, certSerialId: null}, Type:RATIS, Factor:ONE, State:ALLOCATED]
2019-10-14 19:31:15,167 [Thread-1433] INFO  pipeline.PipelineStateManager (PipelineStateManager.java:finalizePipeline(123)) - Pipeline Pipeline[ Id: b36b4060-fbd4-44c5-90fc-8dabf288422a, Nodes: 754a67b9-88e9-4a43-ab15-6919b56b0be8{ip: 192.168.164.219, host: pr-hdds-1868-cfdmt-251076870, networkLocation: /default-rack, certSerialId: null}, Type:RATIS, Factor:ONE, State:CLOSED] moved to CLOSED state
2019-10-14 19:31:15,174 [grpc-default-executor-0] INFO  impl.RaftServerProxy (RaftServerProxy.java:remove(95)) - 754a67b9-88e9-4a43-ab15-6919b56b0be8: remove  FOLLOWER 754a67b9-88e9-4a43-ab15-6919b56b0be8@group-8DABF288422A:t0, leader=null, voted=null, raftlog=754a67b9-88e9-4a43-ab15-6919b56b0be8@group-8DABF288422A-SegmentedRaftLog:OPENED:c-1,f-1,i0, conf=-1: [754a67b9-88e9-4a43-ab15-6919b56b0be8:192.168.164.219:43793], old=null RUNNING
2019-10-14 19:31:15,174 [grpc-default-executor-0] INFO  impl.RaftServerImpl (RaftServerImpl.java:lambda$shutdown$3(247)) - 754a67b9-88e9-4a43-ab15-6919b56b0be8@group-8DABF288422A: shutdown
2019-10-14 19:31:15,174 [grpc-default-executor-0] INFO  util.JmxRegister (JmxRegister.java:unregister(73)) - Successfully un-registered JMX Bean with object name Ratis:service=RaftServer,group=group-8DABF288422A,id=754a67b9-88e9-4a43-ab15-6919b56b0be8
2019-10-14 19:31:15,174 [grpc-default-executor-0] INFO  impl.RoleInfo (RoleInfo.java:shutdownFollowerState(121)) - 754a67b9-88e9-4a43-ab15-6919b56b0be8: shutdown FollowerState
2019-10-14 19:31:15,175 [grpc-default-executor-0] INFO  impl.StateMachineUpdater (StateMachineUpdater.java:stopAndJoin(136)) - 754a67b9-88e9-4a43-ab15-6919b56b0be8@group-8DABF288422A-StateMachineUpdater: set stopIndex = -1
2019-10-14 19:31:15,175 [grpc-default-executor-0] INFO  impl.RaftServerImpl (ServerState.java:close(387)) - 754a67b9-88e9-4a43-ab15-6919b56b0be8@group-8DABF288422A: closes. applyIndex: -1
2019-10-14 19:31:15,175 [Thread-1435] INFO  impl.FollowerState (FollowerState.java:run(117)) - 754a67b9-88e9-4a43-ab15-6919b56b0be8@group-8DABF288422A-FollowerState was interrupted: java.lang.InterruptedException: sleep interrupted
2019-10-14 19:31:15,178 [754a67b9-88e9-4a43-ab15-6919b56b0be8@group-8DABF288422A-SegmentedRaftLogWorker] INFO  segmented.SegmentedRaftLogWorker (SegmentedRaftLogWorker.java:run(316)) - 754a67b9-88e9-4a43-ab15-6919b56b0be8@group-8DABF288422A-SegmentedRaftLogWorker was interrupted, exiting. There are 0 tasks remaining in the queue.
2019-10-14 19:31:15,178 [grpc-default-executor-0] INFO  segmented.SegmentedRaftLogWorker (SegmentedRaftLogWorker.java:close(224)) - 754a67b9-88e9-4a43-ab15-6919b56b0be8@group-8DABF288422A-SegmentedRaftLogWorker close()
2019-10-14 19:31:15,192 [Thread-1433] INFO  pipeline.PipelineStateManager (PipelineStateManager.java:removePipeline(108)) - Pipeline Pipeline[ Id: b36b4060-fbd4-44c5-90fc-8dabf288422a, Nodes: 754a67b9-88e9-4a43-ab15-6919b56b0be8{ip: 192.168.164.219, host: pr-hdds-1868-cfdmt-251076870, networkLocation: /default-rack, certSerialId: null}, Type:RATIS, Factor:ONE, State:CLOSED] removed from db
2019-10-14 19:31:15,196 [grpc-default-executor-0] INFO  impl.RaftServerProxy (RaftServerProxy.java:addNew(89)) - 754a67b9-88e9-4a43-ab15-6919b56b0be8: addNew group-2D2DA7B7BB34:[754a67b9-88e9-4a43-ab15-6919b56b0be8:192.168.164.219:43793] returns group-2D2DA7B7BB34:java.util.concurrent.CompletableFuture@2c0c8b13[Not completed]
2019-10-14 19:31:15,197 [pool-207-thread-1] INFO  impl.RaftServerImpl (RaftServerImpl.java:<init>(95)) - 754a67b9-88e9-4a43-ab15-6919b56b0be8: new RaftServerImpl for group-2D2DA7B7BB34:[754a67b9-88e9-4a43-ab15-6919b56b0be8:192.168.164.219:43793] with ContainerStateMachine:uninitialized
2019-10-14 19:31:15,198 [pool-207-thread-1] INFO  server.RaftServerConfigKeys (ConfUtils.java:logGet(43)) - raft.server.rpc.timeout.min = 5s (custom)
2019-10-14 19:31:15,198 [pool-207-thread-1] INFO  server.RaftServerConfigKeys (ConfUtils.java:logGet(43)) - raft.server.rpc.timeout.max = 5200ms (custom)
2019-10-14 19:31:15,198 [pool-207-thread-1] INFO  server.RaftServerConfigKeys (ConfUtils.java:logGet(43)) - raft.server.rpcslowness.timeout = 120s (custom)
2019-10-14 19:31:15,198 [pool-207-thread-1] INFO  server.RaftServerConfigKeys (ConfUtils.java:logGet(43)) - raft.server.sleep.deviation.threshold = 300 (default)
2019-10-14 19:31:15,198 [pool-207-thread-1] INFO  server.RaftServerConfigKeys (ConfUtils.java:logGet(43)) - raft.server.log.appender.install.snapshot.enabled = false (custom)
2019-10-14 19:31:15,198 [pool-207-thread-1] INFO  impl.RaftServerImpl (ServerState.java:<init>(103)) - 754a67b9-88e9-4a43-ab15-6919b56b0be8@group-2D2DA7B7BB34: ConfigurationManager, init=-1: [754a67b9-88e9-4a43-ab15-6919b56b0be8:192.168.164.219:43793], old=null, confs=<EMPTY_MAP>
2019-10-14 19:31:15,198 [pool-207-thread-1] INFO  server.RaftServerConfigKeys (ConfUtils.java:logGet(43)) - raft.server.storage.dir = [/workdir/hadoop-ozone/integration-test/target/test-dir/MiniOzoneClusterImpl-5426e04b-cf13-4b79-ba23-0228079aae76/datanode-0/data/ratis] (custom)
2019-10-14 19:31:15,199 [pool-207-thread-1] INFO  server.RaftServerConfigKeys (ConfUtils.java:logGet(43)) - raft.server.log.corruption.policy = EXCEPTION (default)
2019-10-14 19:31:15,199 [pool-207-thread-1] INFO  storage.RaftStorageDirectory (RaftStorageDirectory.java:analyzeStorage(246)) - The storage directory /workdir/hadoop-ozone/integration-test/target/test-dir/MiniOzoneClusterImpl-5426e04b-cf13-4b79-ba23-0228079aae76/datanode-0/data/ratis/f603427d-25ee-486b-9b7e-2d2da7b7bb34 does not exist. Creating ...
2019-10-14 19:31:15,224 [pool-207-thread-1] INFO  storage.RaftStorageDirectory (RaftStorageDirectory.java:tryLock(328)) - Lock on /workdir/hadoop-ozone/integration-test/target/test-dir/MiniOzoneClusterImpl-5426e04b-cf13-4b79-ba23-0228079aae76/datanode-0/data/ratis/f603427d-25ee-486b-9b7e-2d2da7b7bb34/in_use.lock acquired by nodename 20360@pr-hdds-1868-cfdmt-251076870
2019-10-14 19:31:15,249 [pool-207-thread-1] INFO  storage.RaftStorage (RaftStorage.java:format(84)) - Storage directory /workdir/hadoop-ozone/integration-test/target/test-dir/MiniOzoneClusterImpl-5426e04b-cf13-4b79-ba23-0228079aae76/datanode-0/data/ratis/f603427d-25ee-486b-9b7e-2d2da7b7bb34 has been successfully formatted.
2019-10-14 19:31:15,249 [pool-207-thread-1] INFO  ratis.ContainerStateMachine (ContainerStateMachine.java:loadSnapshot(233)) - group-2D2DA7B7BB34: The snapshot info is null. Setting the last applied indexto:(t:0, i:~)
2019-10-14 19:31:15,250 [pool-207-thread-1] INFO  server.RaftServerConfigKeys (ConfUtils.java:logGet(43)) - raft.server.notification.no-leader.timeout = 120s (custom)
2019-10-14 19:31:15,250 [pool-207-thread-1] INFO  server.RaftServerConfigKeys (ConfUtils.java:logGet(43)) - raft.server.log.use.memory = false (default)
2019-10-14 19:31:15,250 [pool-207-thread-1] INFO  server.RaftServerConfigKeys (ConfUtils.java:logGet(43)) - raft.server.log.purge.gap = 1000000 (custom)
2019-10-14 19:31:15,250 [pool-207-thread-1] INFO  server.RaftServerConfigKeys (ConfUtils.java:logGet(43)) - raft.server.log.appender.buffer.byte-limit = 33554432 (custom)
2019-10-14 19:31:15,250 [pool-207-thread-1] INFO  server.RaftServerConfigKeys (ConfUtils.java:logGet(43)) - raft.server.log.segment.size.max = 1048576 (custom)
2019-10-14 19:31:15,250 [pool-207-thread-1] INFO  server.RaftServerConfigKeys (ConfUtils.java:logGet(43)) - raft.server.log.segment.cache.num.max = 2 (custom)
2019-10-14 19:31:15,250 [pool-207-thread-1] INFO  segmented.SegmentedRaftLogWorker (SegmentedRaftLogWorker.java:<init>(173)) - new 754a67b9-88e9-4a43-ab15-6919b56b0be8@group-2D2DA7B7BB34-SegmentedRaftLogWorker for RaftStorage:Storage Directory /workdir/hadoop-ozone/integration-test/target/test-dir/MiniOzoneClusterImpl-5426e04b-cf13-4b79-ba23-0228079aae76/datanode-0/data/ratis/f603427d-25ee-486b-9b7e-2d2da7b7bb34
2019-10-14 19:31:15,250 [pool-207-thread-1] INFO  server.RaftServerConfigKeys (ConfUtils.java:logGet(43)) - raft.server.log.queue.byte-limit = 2147483647 (custom)
2019-10-14 19:31:15,251 [pool-207-thread-1] INFO  server.RaftServerConfigKeys (ConfUtils.java:logGet(43)) - raft.server.log.queue.element-limit = 1024 (custom)
2019-10-14 19:31:15,251 [pool-207-thread-1] INFO  server.RaftServerConfigKeys (ConfUtils.java:logGet(43)) - raft.server.log.segment.size.max = 1048576 (custom)
2019-10-14 19:31:15,251 [pool-207-thread-1] INFO  server.RaftServerConfigKeys (ConfUtils.java:logGet(43)) - raft.server.log.preallocated.size = 16384 (custom)
2019-10-14 19:31:15,251 [pool-207-thread-1] INFO  server.RaftServerConfigKeys (ConfUtils.java:logGet(43)) - raft.server.log.write.buffer.size = 33554432 (custom)
2019-10-14 19:31:15,251 [pool-207-thread-1] INFO  server.RaftServerConfigKeys (ConfUtils.java:logGet(43)) - raft.server.log.force.sync.num = 128 (default)
2019-10-14 19:31:15,251 [pool-207-thread-1] INFO  server.RaftServerConfigKeys (ConfUtils.java:logGet(43)) - raft.server.log.statemachine.data.sync = true (default)
2019-10-14 19:31:15,251 [pool-207-thread-1] INFO  server.RaftServerConfigKeys (ConfUtils.java:logGet(43)) - raft.server.log.statemachine.data.sync.timeout = 10s (default)
2019-10-14 19:31:15,251 [pool-207-thread-1] INFO  server.RaftServerConfigKeys (ConfUtils.java:logGet(43)) - raft.server.log.statemachine.data.sync.timeout.retry = -1 (default)
2019-10-14 19:31:15,252 [pool-207-thread-1] INFO  server.RaftServerConfigKeys (ConfUtils.java:logGet(43)) - raft.server.log.statemachine.data.caching.enabled = true (custom)
2019-10-14 19:31:15,252 [pool-207-thread-1] INFO  segmented.SegmentedRaftLogWorker (SegmentedRaftLogWorker.java:lambda$new$0(128)) - 754a67b9-88e9-4a43-ab15-6919b56b0be8@group-2D2DA7B7BB34-SegmentedRaftLogWorker: flushIndex: setUnconditionally 0 -> -1
2019-10-14 19:31:15,252 [pool-207-thread-1] INFO  server.RaftServerConfigKeys (ConfUtils.java:logGet(43)) - raft.server.snapshot.auto.trigger.enabled = true (custom)
2019-10-14 19:31:15,252 [pool-207-thread-1] INFO  server.RaftServerConfigKeys (ConfUtils.java:logGet(43)) - raft.server.snapshot.auto.trigger.threshold = 10000 (custom)
2019-10-14 19:31:15,252 [pool-207-thread-1] INFO  server.RaftServerConfigKeys (ConfUtils.java:logGet(43)) - raft.server.snapshot.retention.file.num = 5 (custom)
2019-10-14 19:31:15,253 [pool-207-thread-1] INFO  server.RaftServerConfigKeys (ConfUtils.java:logGet(43)) - raft.server.retrycache.expirytime = 600000ms (custom)
2019-10-14 19:31:15,254 [pool-207-thread-1] INFO  impl.RaftServerImpl (RaftServerImpl.java:start(181)) - 754a67b9-88e9-4a43-ab15-6919b56b0be8@group-2D2DA7B7BB34: start as a follower, conf=-1: [754a67b9-88e9-4a43-ab15-6919b56b0be8:192.168.164.219:43793], old=null
2019-10-14 19:31:15,254 [pool-207-thread-1] INFO  impl.RaftServerImpl (RaftServerImpl.java:setRole(170)) - 754a67b9-88e9-4a43-ab15-6919b56b0be8@group-2D2DA7B7BB34: changes role from      null to FOLLOWER at term 0 for startAsFollower
2019-10-14 19:31:15,255 [pool-207-thread-1] INFO  impl.RoleInfo (RoleInfo.java:updateAndGet(143)) - 754a67b9-88e9-4a43-ab15-6919b56b0be8: start FollowerState
2019-10-14 19:31:15,255 [pool-207-thread-1] INFO  util.JmxRegister (JmxRegister.java:tryRegister(44)) - Successfully registered JMX Bean with object name Ratis:service=RaftServer,group=group-2D2DA7B7BB34,id=754a67b9-88e9-4a43-ab15-6919b56b0be8
2019-10-14 19:31:15,259 [RatisPipelineUtilsThread] INFO  pipeline.PipelineStateManager (PipelineStateManager.java:addPipeline(57)) - Created pipeline Pipeline[ Id: f603427d-25ee-486b-9b7e-2d2da7b7bb34, Nodes: 754a67b9-88e9-4a43-ab15-6919b56b0be8{ip: 192.168.164.219, host: pr-hdds-1868-cfdmt-251076870, networkLocation: /default-rack, certSerialId: null}, Type:RATIS, Factor:ONE, State:ALLOCATED]
2019-10-14 19:31:16,090 [main] INFO  ozone.MiniOzoneClusterImpl (MiniOzoneClusterImpl.java:lambda$waitForClusterToBeReady$2(164)) - Waiting for 9 number of pipelines out of 9, to report a leader.
2019-10-14 19:31:17,090 [main] INFO  ozone.MiniOzoneClusterImpl (MiniOzoneClusterImpl.java:lambda$waitForClusterToBeReady$2(164)) - Waiting for 9 number of pipelines out of 9, to report a leader.
2019-10-14 19:31:18,091 [main] INFO  ozone.MiniOzoneClusterImpl (MiniOzoneClusterImpl.java:lambda$waitForClusterToBeReady$2(164)) - Waiting for 9 number of pipelines out of 9, to report a leader.
2019-10-14 19:31:19,091 [main] INFO  ozone.MiniOzoneClusterImpl (MiniOzoneClusterImpl.java:lambda$waitForClusterToBeReady$2(164)) - Waiting for 9 number of pipelines out of 9, to report a leader.
2019-10-14 19:31:19,504 [Thread-1492] INFO  impl.FollowerState (FollowerState.java:run(108)) - 71bb4526-8837-48b5-bee6-f843cff49d51@group-C1F6B3A78D00-FollowerState: change to CANDIDATE, lastRpcTime:5009ms, electionTimeout:5009ms
2019-10-14 19:31:19,504 [Thread-1492] INFO  impl.RoleInfo (RoleInfo.java:shutdownFollowerState(121)) - 71bb4526-8837-48b5-bee6-f843cff49d51: shutdown FollowerState
2019-10-14 19:31:19,505 [Thread-1492] INFO  impl.RaftServerImpl (RaftServerImpl.java:setRole(170)) - 71bb4526-8837-48b5-bee6-f843cff49d51@group-C1F6B3A78D00: changes role from  FOLLOWER to CANDIDATE at term 0 for changeToCandidate
2019-10-14 19:31:19,505 [Thread-1492] INFO  impl.RoleInfo (RoleInfo.java:updateAndGet(143)) - 71bb4526-8837-48b5-bee6-f843cff49d51: start LeaderElection
2019-10-14 19:31:19,514 [Thread-1485] INFO  impl.FollowerState (FollowerState.java:run(108)) - 60a49fad-6bbc-4e1d-b332-64cc210e3f49@group-6A6C8A4AD01B-FollowerState: change to CANDIDATE, lastRpcTime:5099ms, electionTimeout:5099ms
2019-10-14 19:31:19,514 [Thread-1485] INFO  impl.RoleInfo (RoleInfo.java:shutdownFollowerState(121)) - 60a49fad-6bbc-4e1d-b332-64cc210e3f49: shutdown FollowerState
2019-10-14 19:31:19,515 [Thread-1485] INFO  impl.RaftServerImpl (RaftServerImpl.java:setRole(170)) - 60a49fad-6bbc-4e1d-b332-64cc210e3f49@group-6A6C8A4AD01B: changes role from  FOLLOWER to CANDIDATE at term 0 for changeToCandidate
2019-10-14 19:31:19,515 [Thread-1485] INFO  impl.RoleInfo (RoleInfo.java:updateAndGet(143)) - 60a49fad-6bbc-4e1d-b332-64cc210e3f49: start LeaderElection
2019-10-14 19:31:19,573 [60a49fad-6bbc-4e1d-b332-64cc210e3f49@group-6A6C8A4AD01B-LeaderElection35] INFO  impl.LeaderElection (LeaderElection.java:askForVotes(178)) - 60a49fad-6bbc-4e1d-b332-64cc210e3f49@group-6A6C8A4AD01B-LeaderElection35: begin an election at term 1 for -1: [60a49fad-6bbc-4e1d-b332-64cc210e3f49:192.168.164.219:42016], old=null
2019-10-14 19:31:19,574 [71bb4526-8837-48b5-bee6-f843cff49d51@group-C1F6B3A78D00-LeaderElection34] INFO  impl.LeaderElection (LeaderElection.java:askForVotes(178)) - 71bb4526-8837-48b5-bee6-f843cff49d51@group-C1F6B3A78D00-LeaderElection34: begin an election at term 1 for -1: [71bb4526-8837-48b5-bee6-f843cff49d51:192.168.164.219:34559], old=null
2019-10-14 19:31:19,574 [60a49fad-6bbc-4e1d-b332-64cc210e3f49@group-6A6C8A4AD01B-LeaderElection35] INFO  impl.RoleInfo (RoleInfo.java:shutdownLeaderElection(134)) - 60a49fad-6bbc-4e1d-b332-64cc210e3f49: shutdown LeaderElection
2019-10-14 19:31:19,578 [71bb4526-8837-48b5-bee6-f843cff49d51@group-C1F6B3A78D00-LeaderElection34] INFO  impl.RoleInfo (RoleInfo.java:shutdownLeaderElection(134)) - 71bb4526-8837-48b5-bee6-f843cff49d51: shutdown LeaderElection
2019-10-14 19:31:19,578 [60a49fad-6bbc-4e1d-b332-64cc210e3f49@group-6A6C8A4AD01B-LeaderElection35] INFO  impl.RaftServerImpl (RaftServerImpl.java:setRole(170)) - 60a49fad-6bbc-4e1d-b332-64cc210e3f49@group-6A6C8A4AD01B: changes role from CANDIDATE to LEADER at term 1 for changeToLeader
2019-10-14 19:31:19,578 [71bb4526-8837-48b5-bee6-f843cff49d51@group-C1F6B3A78D00-LeaderElection34] INFO  impl.RaftServerImpl (RaftServerImpl.java:setRole(170)) - 71bb4526-8837-48b5-bee6-f843cff49d51@group-C1F6B3A78D00: changes role from CANDIDATE to LEADER at term 1 for changeToLeader
2019-10-14 19:31:19,578 [60a49fad-6bbc-4e1d-b332-64cc210e3f49@group-6A6C8A4AD01B-LeaderElection35] INFO  ratis.XceiverServerRatis (XceiverServerRatis.java:handleLeaderChangedNotification(702)) - Leader change notification received for group: group-6A6C8A4AD01B with new leaderId: 60a49fad-6bbc-4e1d-b332-64cc210e3f49
2019-10-14 19:31:19,578 [71bb4526-8837-48b5-bee6-f843cff49d51@group-C1F6B3A78D00-LeaderElection34] INFO  ratis.XceiverServerRatis (XceiverServerRatis.java:handleLeaderChangedNotification(702)) - Leader change notification received for group: group-C1F6B3A78D00 with new leaderId: 71bb4526-8837-48b5-bee6-f843cff49d51
2019-10-14 19:31:19,581 [60a49fad-6bbc-4e1d-b332-64cc210e3f49@group-6A6C8A4AD01B-LeaderElection35] INFO  impl.RaftServerImpl (ServerState.java:setLeader(255)) - 60a49fad-6bbc-4e1d-b332-64cc210e3f49@group-6A6C8A4AD01B: change Leader from null to 60a49fad-6bbc-4e1d-b332-64cc210e3f49 at term 1 for becomeLeader, leader elected after 5168ms
2019-10-14 19:31:19,583 [71bb4526-8837-48b5-bee6-f843cff49d51@group-C1F6B3A78D00-LeaderElection34] INFO  impl.RaftServerImpl (ServerState.java:setLeader(255)) - 71bb4526-8837-48b5-bee6-f843cff49d51@group-C1F6B3A78D00: change Leader from null to 71bb4526-8837-48b5-bee6-f843cff49d51 at term 1 for becomeLeader, leader elected after 5088ms
2019-10-14 19:31:19,583 [60a49fad-6bbc-4e1d-b332-64cc210e3f49@group-6A6C8A4AD01B-LeaderElection35] INFO  server.RaftServerConfigKeys (ConfUtils.java:logGet(43)) - raft.server.staging.catchup.gap = 1000 (default)
2019-10-14 19:31:19,584 [71bb4526-8837-48b5-bee6-f843cff49d51@group-C1F6B3A78D00-LeaderElection34] INFO  server.RaftServerConfigKeys (ConfUtils.java:logGet(43)) - raft.server.staging.catchup.gap = 1000 (default)
2019-10-14 19:31:19,584 [60a49fad-6bbc-4e1d-b332-64cc210e3f49@group-6A6C8A4AD01B-LeaderElection35] INFO  server.RaftServerConfigKeys (ConfUtils.java:logGet(43)) - raft.server.rpc.sleep.time = 25ms (default)
2019-10-14 19:31:19,584 [71bb4526-8837-48b5-bee6-f843cff49d51@group-C1F6B3A78D00-LeaderElection34] INFO  server.RaftServerConfigKeys (ConfUtils.java:logGet(43)) - raft.server.rpc.sleep.time = 25ms (default)
2019-10-14 19:31:19,584 [60a49fad-6bbc-4e1d-b332-64cc210e3f49@group-6A6C8A4AD01B-LeaderElection35] INFO  server.RaftServerConfigKeys (ConfUtils.java:logGet(43)) - raft.server.write.element-limit = 4096 (default)
2019-10-14 19:31:19,584 [71bb4526-8837-48b5-bee6-f843cff49d51@group-C1F6B3A78D00-LeaderElection34] INFO  server.RaftServerConfigKeys (ConfUtils.java:logGet(43)) - raft.server.write.element-limit = 4096 (default)
2019-10-14 19:31:19,584 [60a49fad-6bbc-4e1d-b332-64cc210e3f49@group-6A6C8A4AD01B-LeaderElection35] INFO  server.RaftServerConfigKeys (ConfUtils.java:logGet(43)) - raft.server.watch.timeout = 10s (default)
2019-10-14 19:31:19,585 [71bb4526-8837-48b5-bee6-f843cff49d51@group-C1F6B3A78D00-LeaderElection34] INFO  server.RaftServerConfigKeys (ConfUtils.java:logGet(43)) - raft.server.watch.timeout = 10s (default)
2019-10-14 19:31:19,585 [60a49fad-6bbc-4e1d-b332-64cc210e3f49@group-6A6C8A4AD01B-LeaderElection35] INFO  server.RaftServerConfigKeys (ConfUtils.java:logGet(43)) - raft.server.watch.timeout.denomination = 1s (default)
2019-10-14 19:31:19,585 [EventQueue-PipelineReportForPipelineReportHandler] INFO  pipeline.PipelineReportHandler (PipelineReportHandler.java:processPipelineReport(120)) - Pipeline PipelineID=71370558-971b-4c06-b524-c1f6b3a78d00 reported by 71bb4526-8837-48b5-bee6-f843cff49d51{ip: 192.168.164.219, host: pr-hdds-1868-cfdmt-251076870, networkLocation: /default-rack, certSerialId: null} with leaderId 71bb4526-8837-48b5-bee6-f843cff49d51
2019-10-14 19:31:19,585 [60a49fad-6bbc-4e1d-b332-64cc210e3f49@group-6A6C8A4AD01B-LeaderElection35] INFO  server.RaftServerConfigKeys (ConfUtils.java:logGet(43)) - raft.server.watch.element-limit = 65536 (default)
2019-10-14 19:31:19,585 [71bb4526-8837-48b5-bee6-f843cff49d51@group-C1F6B3A78D00-LeaderElection34] INFO  server.RaftServerConfigKeys (ConfUtils.java:logGet(43)) - raft.server.watch.timeout.denomination = 1s (default)
2019-10-14 19:31:19,585 [EventQueue-PipelineReportForPipelineReportHandler] INFO  pipeline.PipelineStateManager (PipelineStateManager.java:openPipeline(136)) - Pipeline Pipeline[ Id: 71370558-971b-4c06-b524-c1f6b3a78d00, Nodes: 71bb4526-8837-48b5-bee6-f843cff49d51{ip: 192.168.164.219, host: pr-hdds-1868-cfdmt-251076870, networkLocation: /default-rack, certSerialId: null}, Type:RATIS, Factor:ONE, State:OPEN] moved to OPEN state
2019-10-14 19:31:19,586 [71bb4526-8837-48b5-bee6-f843cff49d51@group-C1F6B3A78D00-LeaderElection34] INFO  server.RaftServerConfigKeys (ConfUtils.java:logGet(43)) - raft.server.watch.element-limit = 65536 (default)
2019-10-14 19:31:19,586 [EventQueue-PipelineReportForPipelineReportHandler] INFO  pipeline.PipelineReportHandler (PipelineReportHandler.java:processPipelineReport(120)) - Pipeline PipelineID=bb17e824-ccec-4956-b7e0-6a6c8a4ad01b reported by 60a49fad-6bbc-4e1d-b332-64cc210e3f49{ip: 192.168.164.219, host: pr-hdds-1868-cfdmt-251076870, networkLocation: /default-rack, certSerialId: null} with leaderId 60a49fad-6bbc-4e1d-b332-64cc210e3f49
2019-10-14 19:31:19,586 [EventQueue-PipelineReportForPipelineReportHandler] INFO  pipeline.PipelineStateManager (PipelineStateManager.java:openPipeline(136)) - Pipeline Pipeline[ Id: bb17e824-ccec-4956-b7e0-6a6c8a4ad01b, Nodes: 60a49fad-6bbc-4e1d-b332-64cc210e3f49{ip: 192.168.164.219, host: pr-hdds-1868-cfdmt-251076870, networkLocation: /default-rack, certSerialId: null}, Type:RATIS, Factor:ONE, State:OPEN] moved to OPEN state
2019-10-14 19:31:19,586 [EventQueue-PipelineReportForPipelineReportHandler] INFO  pipeline.PipelineReportHandler (PipelineReportHandler.java:processPipelineReport(120)) - Pipeline PipelineID=07e20a41-aeac-4fd2-b36b-4bdb53efa369 reported by 60a49fad-6bbc-4e1d-b332-64cc210e3f49{ip: 192.168.164.219, host: pr-hdds-1868-cfdmt-251076870, networkLocation: /default-rack, certSerialId: null} with leaderId 
2019-10-14 19:31:19,588 [60a49fad-6bbc-4e1d-b332-64cc210e3f49@group-6A6C8A4AD01B-LeaderElection35] INFO  impl.RoleInfo (RoleInfo.java:updateAndGet(143)) - 60a49fad-6bbc-4e1d-b332-64cc210e3f49: start LeaderState
2019-10-14 19:31:19,588 [60a49fad-6bbc-4e1d-b332-64cc210e3f49@group-6A6C8A4AD01B-LeaderElection35] INFO  segmented.SegmentedRaftLogWorker (SegmentedRaftLogWorker.java:startLogSegment(385)) - 60a49fad-6bbc-4e1d-b332-64cc210e3f49@group-6A6C8A4AD01B-SegmentedRaftLogWorker: Starting segment from index:0
2019-10-14 19:31:19,589 [71bb4526-8837-48b5-bee6-f843cff49d51@group-C1F6B3A78D00-LeaderElection34] INFO  impl.RoleInfo (RoleInfo.java:updateAndGet(143)) - 71bb4526-8837-48b5-bee6-f843cff49d51: start LeaderState
2019-10-14 19:31:19,589 [60a49fad-6bbc-4e1d-b332-64cc210e3f49@group-6A6C8A4AD01B-LeaderElection35] INFO  impl.RaftServerImpl (ServerState.java:setRaftConf(356)) - 60a49fad-6bbc-4e1d-b332-64cc210e3f49@group-6A6C8A4AD01B: set configuration 0: [60a49fad-6bbc-4e1d-b332-64cc210e3f49:192.168.164.219:42016], old=null at 0
2019-10-14 19:31:19,589 [71bb4526-8837-48b5-bee6-f843cff49d51@group-C1F6B3A78D00-LeaderElection34] INFO  segmented.SegmentedRaftLogWorker (SegmentedRaftLogWorker.java:startLogSegment(385)) - 71bb4526-8837-48b5-bee6-f843cff49d51@group-C1F6B3A78D00-SegmentedRaftLogWorker: Starting segment from index:0
2019-10-14 19:31:19,590 [71bb4526-8837-48b5-bee6-f843cff49d51@group-C1F6B3A78D00-LeaderElection34] INFO  impl.RaftServerImpl (ServerState.java:setRaftConf(356)) - 71bb4526-8837-48b5-bee6-f843cff49d51@group-C1F6B3A78D00: set configuration 0: [71bb4526-8837-48b5-bee6-f843cff49d51:192.168.164.219:34559], old=null at 0
2019-10-14 19:31:19,623 [Thread-1496] INFO  impl.FollowerState (FollowerState.java:run(108)) - 44bbad9b-132e-4c90-942f-c1d112d4c4ce@group-0B65A8012B54-FollowerState: change to CANDIDATE, lastRpcTime:5046ms, electionTimeout:5046ms
2019-10-14 19:31:19,623 [Thread-1496] INFO  impl.RoleInfo (RoleInfo.java:shutdownFollowerState(121)) - 44bbad9b-132e-4c90-942f-c1d112d4c4ce: shutdown FollowerState
2019-10-14 19:31:19,623 [Thread-1496] INFO  impl.RaftServerImpl (RaftServerImpl.java:setRole(170)) - 44bbad9b-132e-4c90-942f-c1d112d4c4ce@group-0B65A8012B54: changes role from  FOLLOWER to CANDIDATE at term 0 for changeToCandidate
2019-10-14 19:31:19,624 [Thread-1496] INFO  impl.RoleInfo (RoleInfo.java:updateAndGet(143)) - 44bbad9b-132e-4c90-942f-c1d112d4c4ce: start LeaderElection
2019-10-14 19:31:19,669 [60a49fad-6bbc-4e1d-b332-64cc210e3f49@group-6A6C8A4AD01B-SegmentedRaftLogWorker] INFO  segmented.SegmentedRaftLogWorker (SegmentedRaftLogWorker.java:execute(576)) - 60a49fad-6bbc-4e1d-b332-64cc210e3f49@group-6A6C8A4AD01B-SegmentedRaftLogWorker: created new log segment /workdir/hadoop-ozone/integration-test/target/test-dir/MiniOzoneClusterImpl-5426e04b-cf13-4b79-ba23-0228079aae76/datanode-1/data/ratis/bb17e824-ccec-4956-b7e0-6a6c8a4ad01b/current/log_inprogress_0
2019-10-14 19:31:19,669 [71bb4526-8837-48b5-bee6-f843cff49d51@group-C1F6B3A78D00-SegmentedRaftLogWorker] INFO  segmented.SegmentedRaftLogWorker (SegmentedRaftLogWorker.java:execute(576)) - 71bb4526-8837-48b5-bee6-f843cff49d51@group-C1F6B3A78D00-SegmentedRaftLogWorker: created new log segment /workdir/hadoop-ozone/integration-test/target/test-dir/MiniOzoneClusterImpl-5426e04b-cf13-4b79-ba23-0228079aae76/datanode-5/data/ratis/71370558-971b-4c06-b524-c1f6b3a78d00/current/log_inprogress_0
2019-10-14 19:31:19,669 [44bbad9b-132e-4c90-942f-c1d112d4c4ce@group-0B65A8012B54-LeaderElection36] INFO  impl.LeaderElection (LeaderElection.java:askForVotes(178)) - 44bbad9b-132e-4c90-942f-c1d112d4c4ce@group-0B65A8012B54-LeaderElection36: begin an election at term 1 for -1: [44bbad9b-132e-4c90-942f-c1d112d4c4ce:192.168.164.219:45221], old=null
2019-10-14 19:31:19,670 [44bbad9b-132e-4c90-942f-c1d112d4c4ce@group-0B65A8012B54-LeaderElection36] INFO  impl.RoleInfo (RoleInfo.java:shutdownLeaderElection(134)) - 44bbad9b-132e-4c90-942f-c1d112d4c4ce: shutdown LeaderElection
2019-10-14 19:31:19,670 [44bbad9b-132e-4c90-942f-c1d112d4c4ce@group-0B65A8012B54-LeaderElection36] INFO  impl.RaftServerImpl (RaftServerImpl.java:setRole(170)) - 44bbad9b-132e-4c90-942f-c1d112d4c4ce@group-0B65A8012B54: changes role from CANDIDATE to LEADER at term 1 for changeToLeader
2019-10-14 19:31:19,670 [44bbad9b-132e-4c90-942f-c1d112d4c4ce@group-0B65A8012B54-LeaderElection36] INFO  ratis.XceiverServerRatis (XceiverServerRatis.java:handleLeaderChangedNotification(702)) - Leader change notification received for group: group-0B65A8012B54 with new leaderId: 44bbad9b-132e-4c90-942f-c1d112d4c4ce
2019-10-14 19:31:19,673 [44bbad9b-132e-4c90-942f-c1d112d4c4ce@group-0B65A8012B54-LeaderElection36] INFO  impl.RaftServerImpl (ServerState.java:setLeader(255)) - 44bbad9b-132e-4c90-942f-c1d112d4c4ce@group-0B65A8012B54: change Leader from null to 44bbad9b-132e-4c90-942f-c1d112d4c4ce at term 1 for becomeLeader, leader elected after 5098ms
2019-10-14 19:31:19,674 [44bbad9b-132e-4c90-942f-c1d112d4c4ce@group-0B65A8012B54-LeaderElection36] INFO  server.RaftServerConfigKeys (ConfUtils.java:logGet(43)) - raft.server.staging.catchup.gap = 1000 (default)
2019-10-14 19:31:19,674 [44bbad9b-132e-4c90-942f-c1d112d4c4ce@group-0B65A8012B54-LeaderElection36] INFO  server.RaftServerConfigKeys (ConfUtils.java:logGet(43)) - raft.server.rpc.sleep.time = 25ms (default)
2019-10-14 19:31:19,674 [44bbad9b-132e-4c90-942f-c1d112d4c4ce@group-0B65A8012B54-LeaderElection36] INFO  server.RaftServerConfigKeys (ConfUtils.java:logGet(43)) - raft.server.write.element-limit = 4096 (default)
2019-10-14 19:31:19,674 [44bbad9b-132e-4c90-942f-c1d112d4c4ce@group-0B65A8012B54-LeaderElection36] INFO  server.RaftServerConfigKeys (ConfUtils.java:logGet(43)) - raft.server.watch.timeout = 10s (default)
2019-10-14 19:31:19,674 [44bbad9b-132e-4c90-942f-c1d112d4c4ce@group-0B65A8012B54-LeaderElection36] INFO  server.RaftServerConfigKeys (ConfUtils.java:logGet(43)) - raft.server.watch.timeout.denomination = 1s (default)
2019-10-14 19:31:19,675 [44bbad9b-132e-4c90-942f-c1d112d4c4ce@group-0B65A8012B54-LeaderElection36] INFO  server.RaftServerConfigKeys (ConfUtils.java:logGet(43)) - raft.server.watch.element-limit = 65536 (default)
2019-10-14 19:31:19,675 [EventQueue-PipelineReportForPipelineReportHandler] INFO  pipeline.PipelineReportHandler (PipelineReportHandler.java:processPipelineReport(120)) - Pipeline PipelineID=3b92a700-df23-4a09-b504-097ca76cc5fa reported by 44bbad9b-132e-4c90-942f-c1d112d4c4ce{ip: 192.168.164.219, host: pr-hdds-1868-cfdmt-251076870, networkLocation: /default-rack, certSerialId: null} with leaderId 
2019-10-14 19:31:19,675 [EventQueue-PipelineReportForPipelineReportHandler] INFO  pipeline.PipelineReportHandler (PipelineReportHandler.java:processPipelineReport(120)) - Pipeline PipelineID=aee17192-229c-4043-8fd2-0b65a8012b54 reported by 44bbad9b-132e-4c90-942f-c1d112d4c4ce{ip: 192.168.164.219, host: pr-hdds-1868-cfdmt-251076870, networkLocation: /default-rack, certSerialId: null} with leaderId 44bbad9b-132e-4c90-942f-c1d112d4c4ce
2019-10-14 19:31:19,675 [EventQueue-PipelineReportForPipelineReportHandler] INFO  pipeline.PipelineStateManager (PipelineStateManager.java:openPipeline(136)) - Pipeline Pipeline[ Id: aee17192-229c-4043-8fd2-0b65a8012b54, Nodes: 44bbad9b-132e-4c90-942f-c1d112d4c4ce{ip: 192.168.164.219, host: pr-hdds-1868-cfdmt-251076870, networkLocation: /default-rack, certSerialId: null}, Type:RATIS, Factor:ONE, State:OPEN] moved to OPEN state
2019-10-14 19:31:19,677 [44bbad9b-132e-4c90-942f-c1d112d4c4ce@group-0B65A8012B54-LeaderElection36] INFO  impl.RoleInfo (RoleInfo.java:updateAndGet(143)) - 44bbad9b-132e-4c90-942f-c1d112d4c4ce: start LeaderState
2019-10-14 19:31:19,678 [44bbad9b-132e-4c90-942f-c1d112d4c4ce@group-0B65A8012B54-LeaderElection36] INFO  segmented.SegmentedRaftLogWorker (SegmentedRaftLogWorker.java:startLogSegment(385)) - 44bbad9b-132e-4c90-942f-c1d112d4c4ce@group-0B65A8012B54-SegmentedRaftLogWorker: Starting segment from index:0
2019-10-14 19:31:19,678 [44bbad9b-132e-4c90-942f-c1d112d4c4ce@group-0B65A8012B54-LeaderElection36] INFO  impl.RaftServerImpl (ServerState.java:setRaftConf(356)) - 44bbad9b-132e-4c90-942f-c1d112d4c4ce@group-0B65A8012B54: set configuration 0: [44bbad9b-132e-4c90-942f-c1d112d4c4ce:192.168.164.219:45221], old=null at 0
2019-10-14 19:31:19,702 [Thread-1500] INFO  impl.FollowerState (FollowerState.java:run(108)) - 09a9200a-ead6-4084-a723-89436f5cacce@group-A221DB5C91EC-FollowerState: change to CANDIDATE, lastRpcTime:5021ms, electionTimeout:5021ms
2019-10-14 19:31:19,703 [Thread-1500] INFO  impl.RoleInfo (RoleInfo.java:shutdownFollowerState(121)) - 09a9200a-ead6-4084-a723-89436f5cacce: shutdown FollowerState
2019-10-14 19:31:19,703 [Thread-1500] INFO  impl.RaftServerImpl (RaftServerImpl.java:setRole(170)) - 09a9200a-ead6-4084-a723-89436f5cacce@group-A221DB5C91EC: changes role from  FOLLOWER to CANDIDATE at term 0 for changeToCandidate
2019-10-14 19:31:19,703 [Thread-1500] INFO  impl.RoleInfo (RoleInfo.java:updateAndGet(143)) - 09a9200a-ead6-4084-a723-89436f5cacce: start LeaderElection
2019-10-14 19:31:19,751 [44bbad9b-132e-4c90-942f-c1d112d4c4ce@group-0B65A8012B54-SegmentedRaftLogWorker] INFO  segmented.SegmentedRaftLogWorker (SegmentedRaftLogWorker.java:execute(576)) - 44bbad9b-132e-4c90-942f-c1d112d4c4ce@group-0B65A8012B54-SegmentedRaftLogWorker: created new log segment /workdir/hadoop-ozone/integration-test/target/test-dir/MiniOzoneClusterImpl-5426e04b-cf13-4b79-ba23-0228079aae76/datanode-2/data/ratis/aee17192-229c-4043-8fd2-0b65a8012b54/current/log_inprogress_0
2019-10-14 19:31:19,751 [09a9200a-ead6-4084-a723-89436f5cacce@group-A221DB5C91EC-LeaderElection37] INFO  impl.LeaderElection (LeaderElection.java:askForVotes(178)) - 09a9200a-ead6-4084-a723-89436f5cacce@group-A221DB5C91EC-LeaderElection37: begin an election at term 1 for -1: [09a9200a-ead6-4084-a723-89436f5cacce:192.168.164.219:39131], old=null
2019-10-14 19:31:19,751 [09a9200a-ead6-4084-a723-89436f5cacce@group-A221DB5C91EC-LeaderElection37] INFO  impl.RoleInfo (RoleInfo.java:shutdownLeaderElection(134)) - 09a9200a-ead6-4084-a723-89436f5cacce: shutdown LeaderElection
2019-10-14 19:31:19,751 [09a9200a-ead6-4084-a723-89436f5cacce@group-A221DB5C91EC-LeaderElection37] INFO  impl.RaftServerImpl (RaftServerImpl.java:setRole(170)) - 09a9200a-ead6-4084-a723-89436f5cacce@group-A221DB5C91EC: changes role from CANDIDATE to LEADER at term 1 for changeToLeader
2019-10-14 19:31:19,751 [09a9200a-ead6-4084-a723-89436f5cacce@group-A221DB5C91EC-LeaderElection37] INFO  ratis.XceiverServerRatis (XceiverServerRatis.java:handleLeaderChangedNotification(702)) - Leader change notification received for group: group-A221DB5C91EC with new leaderId: 09a9200a-ead6-4084-a723-89436f5cacce
2019-10-14 19:31:19,754 [09a9200a-ead6-4084-a723-89436f5cacce@group-A221DB5C91EC-LeaderElection37] INFO  impl.RaftServerImpl (ServerState.java:setLeader(255)) - 09a9200a-ead6-4084-a723-89436f5cacce@group-A221DB5C91EC: change Leader from null to 09a9200a-ead6-4084-a723-89436f5cacce at term 1 for becomeLeader, leader elected after 5074ms
2019-10-14 19:31:19,754 [09a9200a-ead6-4084-a723-89436f5cacce@group-A221DB5C91EC-LeaderElection37] INFO  server.RaftServerConfigKeys (ConfUtils.java:logGet(43)) - raft.server.staging.catchup.gap = 1000 (default)
2019-10-14 19:31:19,754 [09a9200a-ead6-4084-a723-89436f5cacce@group-A221DB5C91EC-LeaderElection37] INFO  server.RaftServerConfigKeys (ConfUtils.java:logGet(43)) - raft.server.rpc.sleep.time = 25ms (default)
2019-10-14 19:31:19,754 [09a9200a-ead6-4084-a723-89436f5cacce@group-A221DB5C91EC-LeaderElection37] INFO  server.RaftServerConfigKeys (ConfUtils.java:logGet(43)) - raft.server.write.element-limit = 4096 (default)
2019-10-14 19:31:19,755 [09a9200a-ead6-4084-a723-89436f5cacce@group-A221DB5C91EC-LeaderElection37] INFO  server.RaftServerConfigKeys (ConfUtils.java:logGet(43)) - raft.server.watch.timeout = 10s (default)
2019-10-14 19:31:19,755 [09a9200a-ead6-4084-a723-89436f5cacce@group-A221DB5C91EC-LeaderElection37] INFO  server.RaftServerConfigKeys (ConfUtils.java:logGet(43)) - raft.server.watch.timeout.denomination = 1s (default)
2019-10-14 19:31:19,755 [EventQueue-PipelineReportForPipelineReportHandler] INFO  pipeline.PipelineReportHandler (PipelineReportHandler.java:processPipelineReport(120)) - Pipeline PipelineID=6a33a45a-36ee-479c-a13f-a221db5c91ec reported by 09a9200a-ead6-4084-a723-89436f5cacce{ip: 192.168.164.219, host: pr-hdds-1868-cfdmt-251076870, networkLocation: /default-rack, certSerialId: null} with leaderId 09a9200a-ead6-4084-a723-89436f5cacce
2019-10-14 19:31:19,755 [09a9200a-ead6-4084-a723-89436f5cacce@group-A221DB5C91EC-LeaderElection37] INFO  server.RaftServerConfigKeys (ConfUtils.java:logGet(43)) - raft.server.watch.element-limit = 65536 (default)
2019-10-14 19:31:19,755 [EventQueue-PipelineReportForPipelineReportHandler] INFO  pipeline.PipelineStateManager (PipelineStateManager.java:openPipeline(136)) - Pipeline Pipeline[ Id: 6a33a45a-36ee-479c-a13f-a221db5c91ec, Nodes: 09a9200a-ead6-4084-a723-89436f5cacce{ip: 192.168.164.219, host: pr-hdds-1868-cfdmt-251076870, networkLocation: /default-rack, certSerialId: null}, Type:RATIS, Factor:ONE, State:OPEN] moved to OPEN state
2019-10-14 19:31:19,755 [EventQueue-PipelineReportForPipelineReportHandler] INFO  pipeline.PipelineReportHandler (PipelineReportHandler.java:processPipelineReport(120)) - Pipeline PipelineID=07e20a41-aeac-4fd2-b36b-4bdb53efa369 reported by 09a9200a-ead6-4084-a723-89436f5cacce{ip: 192.168.164.219, host: pr-hdds-1868-cfdmt-251076870, networkLocation: /default-rack, certSerialId: null} with leaderId 
2019-10-14 19:31:19,757 [09a9200a-ead6-4084-a723-89436f5cacce@group-A221DB5C91EC-LeaderElection37] INFO  impl.RoleInfo (RoleInfo.java:updateAndGet(143)) - 09a9200a-ead6-4084-a723-89436f5cacce: start LeaderState
2019-10-14 19:31:19,757 [09a9200a-ead6-4084-a723-89436f5cacce@group-A221DB5C91EC-LeaderElection37] INFO  segmented.SegmentedRaftLogWorker (SegmentedRaftLogWorker.java:startLogSegment(385)) - 09a9200a-ead6-4084-a723-89436f5cacce@group-A221DB5C91EC-SegmentedRaftLogWorker: Starting segment from index:0
2019-10-14 19:31:19,758 [09a9200a-ead6-4084-a723-89436f5cacce@group-A221DB5C91EC-LeaderElection37] INFO  impl.RaftServerImpl (ServerState.java:setRaftConf(356)) - 09a9200a-ead6-4084-a723-89436f5cacce@group-A221DB5C91EC: set configuration 0: [09a9200a-ead6-4084-a723-89436f5cacce:192.168.164.219:39131], old=null at 0
2019-10-14 19:31:19,784 [Thread-1504] INFO  impl.FollowerState (FollowerState.java:run(108)) - 670e30cf-8b9d-44a8-8fa0-e58ec8ba4c01@group-657F7D2F23EA-FollowerState: change to CANDIDATE, lastRpcTime:5009ms, electionTimeout:5009ms
2019-10-14 19:31:19,785 [Thread-1504] INFO  impl.RoleInfo (RoleInfo.java:shutdownFollowerState(121)) - 670e30cf-8b9d-44a8-8fa0-e58ec8ba4c01: shutdown FollowerState
2019-10-14 19:31:19,785 [Thread-1504] INFO  impl.RaftServerImpl (RaftServerImpl.java:setRole(170)) - 670e30cf-8b9d-44a8-8fa0-e58ec8ba4c01@group-657F7D2F23EA: changes role from  FOLLOWER to CANDIDATE at term 0 for changeToCandidate
2019-10-14 19:31:19,785 [Thread-1504] INFO  impl.RoleInfo (RoleInfo.java:updateAndGet(143)) - 670e30cf-8b9d-44a8-8fa0-e58ec8ba4c01: start LeaderElection
2019-10-14 19:31:19,826 [09a9200a-ead6-4084-a723-89436f5cacce@group-A221DB5C91EC-SegmentedRaftLogWorker] INFO  segmented.SegmentedRaftLogWorker (SegmentedRaftLogWorker.java:execute(576)) - 09a9200a-ead6-4084-a723-89436f5cacce@group-A221DB5C91EC-SegmentedRaftLogWorker: created new log segment /workdir/hadoop-ozone/integration-test/target/test-dir/MiniOzoneClusterImpl-5426e04b-cf13-4b79-ba23-0228079aae76/datanode-6/data/ratis/6a33a45a-36ee-479c-a13f-a221db5c91ec/current/log_inprogress_0
2019-10-14 19:31:19,826 [670e30cf-8b9d-44a8-8fa0-e58ec8ba4c01@group-657F7D2F23EA-LeaderElection38] INFO  impl.LeaderElection (LeaderElection.java:askForVotes(178)) - 670e30cf-8b9d-44a8-8fa0-e58ec8ba4c01@group-657F7D2F23EA-LeaderElection38: begin an election at term 1 for -1: [670e30cf-8b9d-44a8-8fa0-e58ec8ba4c01:192.168.164.219:41985], old=null
2019-10-14 19:31:19,826 [670e30cf-8b9d-44a8-8fa0-e58ec8ba4c01@group-657F7D2F23EA-LeaderElection38] INFO  impl.RoleInfo (RoleInfo.java:shutdownLeaderElection(134)) - 670e30cf-8b9d-44a8-8fa0-e58ec8ba4c01: shutdown LeaderElection
2019-10-14 19:31:19,827 [670e30cf-8b9d-44a8-8fa0-e58ec8ba4c01@group-657F7D2F23EA-LeaderElection38] INFO  impl.RaftServerImpl (RaftServerImpl.java:setRole(170)) - 670e30cf-8b9d-44a8-8fa0-e58ec8ba4c01@group-657F7D2F23EA: changes role from CANDIDATE to LEADER at term 1 for changeToLeader
2019-10-14 19:31:19,827 [670e30cf-8b9d-44a8-8fa0-e58ec8ba4c01@group-657F7D2F23EA-LeaderElection38] INFO  ratis.XceiverServerRatis (XceiverServerRatis.java:handleLeaderChangedNotification(702)) - Leader change notification received for group: group-657F7D2F23EA with new leaderId: 670e30cf-8b9d-44a8-8fa0-e58ec8ba4c01
2019-10-14 19:31:19,829 [670e30cf-8b9d-44a8-8fa0-e58ec8ba4c01@group-657F7D2F23EA-LeaderElection38] INFO  impl.RaftServerImpl (ServerState.java:setLeader(255)) - 670e30cf-8b9d-44a8-8fa0-e58ec8ba4c01@group-657F7D2F23EA: change Leader from null to 670e30cf-8b9d-44a8-8fa0-e58ec8ba4c01 at term 1 for becomeLeader, leader elected after 5056ms
2019-10-14 19:31:19,829 [670e30cf-8b9d-44a8-8fa0-e58ec8ba4c01@group-657F7D2F23EA-LeaderElection38] INFO  server.RaftServerConfigKeys (ConfUtils.java:logGet(43)) - raft.server.staging.catchup.gap = 1000 (default)
2019-10-14 19:31:19,829 [670e30cf-8b9d-44a8-8fa0-e58ec8ba4c01@group-657F7D2F23EA-LeaderElection38] INFO  server.RaftServerConfigKeys (ConfUtils.java:logGet(43)) - raft.server.rpc.sleep.time = 25ms (default)
2019-10-14 19:31:19,830 [670e30cf-8b9d-44a8-8fa0-e58ec8ba4c01@group-657F7D2F23EA-LeaderElection38] INFO  server.RaftServerConfigKeys (ConfUtils.java:logGet(43)) - raft.server.write.element-limit = 4096 (default)
2019-10-14 19:31:19,830 [670e30cf-8b9d-44a8-8fa0-e58ec8ba4c01@group-657F7D2F23EA-LeaderElection38] INFO  server.RaftServerConfigKeys (ConfUtils.java:logGet(43)) - raft.server.watch.timeout = 10s (default)
2019-10-14 19:31:19,830 [670e30cf-8b9d-44a8-8fa0-e58ec8ba4c01@group-657F7D2F23EA-LeaderElection38] INFO  server.RaftServerConfigKeys (ConfUtils.java:logGet(43)) - raft.server.watch.timeout.denomination = 1s (default)
2019-10-14 19:31:19,830 [EventQueue-PipelineReportForPipelineReportHandler] INFO  pipeline.PipelineReportHandler (PipelineReportHandler.java:processPipelineReport(120)) - Pipeline PipelineID=7e1d72a3-5b50-4d90-89be-657f7d2f23ea reported by 670e30cf-8b9d-44a8-8fa0-e58ec8ba4c01{ip: 192.168.164.219, host: pr-hdds-1868-cfdmt-251076870, networkLocation: /default-rack, certSerialId: null} with leaderId 670e30cf-8b9d-44a8-8fa0-e58ec8ba4c01
2019-10-14 19:31:19,830 [670e30cf-8b9d-44a8-8fa0-e58ec8ba4c01@group-657F7D2F23EA-LeaderElection38] INFO  server.RaftServerConfigKeys (ConfUtils.java:logGet(43)) - raft.server.watch.element-limit = 65536 (default)
2019-10-14 19:31:19,830 [EventQueue-PipelineReportForPipelineReportHandler] INFO  pipeline.PipelineStateManager (PipelineStateManager.java:openPipeline(136)) - Pipeline Pipeline[ Id: 7e1d72a3-5b50-4d90-89be-657f7d2f23ea, Nodes: 670e30cf-8b9d-44a8-8fa0-e58ec8ba4c01{ip: 192.168.164.219, host: pr-hdds-1868-cfdmt-251076870, networkLocation: /default-rack, certSerialId: null}, Type:RATIS, Factor:ONE, State:OPEN] moved to OPEN state
2019-10-14 19:31:19,831 [EventQueue-PipelineReportForPipelineReportHandler] INFO  pipeline.PipelineReportHandler (PipelineReportHandler.java:processPipelineReport(120)) - Pipeline PipelineID=07e20a41-aeac-4fd2-b36b-4bdb53efa369 reported by 670e30cf-8b9d-44a8-8fa0-e58ec8ba4c01{ip: 192.168.164.219, host: pr-hdds-1868-cfdmt-251076870, networkLocation: /default-rack, certSerialId: null} with leaderId 
2019-10-14 19:31:19,831 [EventQueue-PipelineReportForPipelineReportHandler] INFO  pipeline.PipelineStateManager (PipelineStateManager.java:openPipeline(136)) - Pipeline Pipeline[ Id: 07e20a41-aeac-4fd2-b36b-4bdb53efa369, Nodes: 60a49fad-6bbc-4e1d-b332-64cc210e3f49{ip: 192.168.164.219, host: pr-hdds-1868-cfdmt-251076870, networkLocation: /default-rack, certSerialId: null}670e30cf-8b9d-44a8-8fa0-e58ec8ba4c01{ip: 192.168.164.219, host: pr-hdds-1868-cfdmt-251076870, networkLocation: /default-rack, certSerialId: null}09a9200a-ead6-4084-a723-89436f5cacce{ip: 192.168.164.219, host: pr-hdds-1868-cfdmt-251076870, networkLocation: /default-rack, certSerialId: null}, Type:RATIS, Factor:THREE, State:OPEN] moved to OPEN state
2019-10-14 19:31:19,832 [670e30cf-8b9d-44a8-8fa0-e58ec8ba4c01@group-657F7D2F23EA-LeaderElection38] INFO  impl.RoleInfo (RoleInfo.java:updateAndGet(143)) - 670e30cf-8b9d-44a8-8fa0-e58ec8ba4c01: start LeaderState
2019-10-14 19:31:19,833 [670e30cf-8b9d-44a8-8fa0-e58ec8ba4c01@group-657F7D2F23EA-LeaderElection38] INFO  segmented.SegmentedRaftLogWorker (SegmentedRaftLogWorker.java:startLogSegment(385)) - 670e30cf-8b9d-44a8-8fa0-e58ec8ba4c01@group-657F7D2F23EA-SegmentedRaftLogWorker: Starting segment from index:0
2019-10-14 19:31:19,833 [670e30cf-8b9d-44a8-8fa0-e58ec8ba4c01@group-657F7D2F23EA-LeaderElection38] INFO  impl.RaftServerImpl (ServerState.java:setRaftConf(356)) - 670e30cf-8b9d-44a8-8fa0-e58ec8ba4c01@group-657F7D2F23EA: set configuration 0: [670e30cf-8b9d-44a8-8fa0-e58ec8ba4c01:192.168.164.219:41985], old=null at 0
2019-10-14 19:31:19,893 [670e30cf-8b9d-44a8-8fa0-e58ec8ba4c01@group-657F7D2F23EA-SegmentedRaftLogWorker] INFO  segmented.SegmentedRaftLogWorker (SegmentedRaftLogWorker.java:execute(576)) - 670e30cf-8b9d-44a8-8fa0-e58ec8ba4c01@group-657F7D2F23EA-SegmentedRaftLogWorker: created new log segment /workdir/hadoop-ozone/integration-test/target/test-dir/MiniOzoneClusterImpl-5426e04b-cf13-4b79-ba23-0228079aae76/datanode-4/data/ratis/7e1d72a3-5b50-4d90-89be-657f7d2f23ea/current/log_inprogress_0
2019-10-14 19:31:19,954 [Thread-1511] INFO  impl.FollowerState (FollowerState.java:run(108)) - 09a9200a-ead6-4084-a723-89436f5cacce@group-4BDB53EFA369-FollowerState: change to CANDIDATE, lastRpcTime:5047ms, electionTimeout:5047ms
2019-10-14 19:31:19,955 [Thread-1511] INFO  impl.RoleInfo (RoleInfo.java:shutdownFollowerState(121)) - 09a9200a-ead6-4084-a723-89436f5cacce: shutdown FollowerState
2019-10-14 19:31:19,955 [Thread-1511] INFO  impl.RaftServerImpl (RaftServerImpl.java:setRole(170)) - 09a9200a-ead6-4084-a723-89436f5cacce@group-4BDB53EFA369: changes role from  FOLLOWER to CANDIDATE at term 0 for changeToCandidate
2019-10-14 19:31:19,955 [Thread-1511] INFO  impl.RoleInfo (RoleInfo.java:updateAndGet(143)) - 09a9200a-ead6-4084-a723-89436f5cacce: start LeaderElection
2019-10-14 19:31:19,992 [09a9200a-ead6-4084-a723-89436f5cacce@group-4BDB53EFA369-LeaderElection39] INFO  impl.LeaderElection (LeaderElection.java:askForVotes(178)) - 09a9200a-ead6-4084-a723-89436f5cacce@group-4BDB53EFA369-LeaderElection39: begin an election at term 1 for -1: [60a49fad-6bbc-4e1d-b332-64cc210e3f49:192.168.164.219:42016, 670e30cf-8b9d-44a8-8fa0-e58ec8ba4c01:192.168.164.219:41985, 09a9200a-ead6-4084-a723-89436f5cacce:192.168.164.219:39131], old=null
2019-10-14 19:31:20,006 [grpc-default-executor-0] INFO  impl.RaftServerImpl (RaftServerImpl.java:setRole(170)) - 60a49fad-6bbc-4e1d-b332-64cc210e3f49@group-4BDB53EFA369: changes role from  FOLLOWER to FOLLOWER at term 1 for recognizeCandidate:09a9200a-ead6-4084-a723-89436f5cacce
2019-10-14 19:31:20,006 [grpc-default-executor-1] INFO  impl.RaftServerImpl (RaftServerImpl.java:setRole(170)) - 670e30cf-8b9d-44a8-8fa0-e58ec8ba4c01@group-4BDB53EFA369: changes role from  FOLLOWER to FOLLOWER at term 1 for recognizeCandidate:09a9200a-ead6-4084-a723-89436f5cacce
2019-10-14 19:31:20,008 [grpc-default-executor-0] INFO  impl.RoleInfo (RoleInfo.java:shutdownFollowerState(121)) - 60a49fad-6bbc-4e1d-b332-64cc210e3f49: shutdown FollowerState
2019-10-14 19:31:20,008 [grpc-default-executor-1] INFO  impl.RoleInfo (RoleInfo.java:shutdownFollowerState(121)) - 670e30cf-8b9d-44a8-8fa0-e58ec8ba4c01: shutdown FollowerState
2019-10-14 19:31:20,008 [Thread-1513] INFO  impl.FollowerState (FollowerState.java:run(117)) - 60a49fad-6bbc-4e1d-b332-64cc210e3f49@group-4BDB53EFA369-FollowerState was interrupted: java.lang.InterruptedException: sleep interrupted
2019-10-14 19:31:20,008 [grpc-default-executor-0] INFO  impl.RoleInfo (RoleInfo.java:updateAndGet(143)) - 60a49fad-6bbc-4e1d-b332-64cc210e3f49: start FollowerState
2019-10-14 19:31:20,008 [grpc-default-executor-1] INFO  impl.RoleInfo (RoleInfo.java:updateAndGet(143)) - 670e30cf-8b9d-44a8-8fa0-e58ec8ba4c01: start FollowerState
2019-10-14 19:31:20,037 [09a9200a-ead6-4084-a723-89436f5cacce@group-4BDB53EFA369-LeaderElection39] INFO  impl.LeaderElection (LeaderElection.java:logAndReturn(56)) - 09a9200a-ead6-4084-a723-89436f5cacce@group-4BDB53EFA369-LeaderElection39: Election PASSED; received 1 response(s) [09a9200a-ead6-4084-a723-89436f5cacce<-60a49fad-6bbc-4e1d-b332-64cc210e3f49#0:OK-t1] and 0 exception(s); 09a9200a-ead6-4084-a723-89436f5cacce@group-4BDB53EFA369:t1, leader=null, voted=09a9200a-ead6-4084-a723-89436f5cacce, raftlog=09a9200a-ead6-4084-a723-89436f5cacce@group-4BDB53EFA369-SegmentedRaftLog:OPENED:c-1,f-1,i0, conf=-1: [60a49fad-6bbc-4e1d-b332-64cc210e3f49:192.168.164.219:42016, 670e30cf-8b9d-44a8-8fa0-e58ec8ba4c01:192.168.164.219:41985, 09a9200a-ead6-4084-a723-89436f5cacce:192.168.164.219:39131], old=null
2019-10-14 19:31:20,037 [09a9200a-ead6-4084-a723-89436f5cacce@group-4BDB53EFA369-LeaderElection39] INFO  impl.RoleInfo (RoleInfo.java:shutdownLeaderElection(134)) - 09a9200a-ead6-4084-a723-89436f5cacce: shutdown LeaderElection
2019-10-14 19:31:20,038 [09a9200a-ead6-4084-a723-89436f5cacce@group-4BDB53EFA369-LeaderElection39] INFO  impl.RaftServerImpl (RaftServerImpl.java:setRole(170)) - 09a9200a-ead6-4084-a723-89436f5cacce@group-4BDB53EFA369: changes role from CANDIDATE to LEADER at term 1 for changeToLeader
2019-10-14 19:31:20,038 [09a9200a-ead6-4084-a723-89436f5cacce@group-4BDB53EFA369-LeaderElection39] INFO  ratis.XceiverServerRatis (XceiverServerRatis.java:handleLeaderChangedNotification(702)) - Leader change notification received for group: group-4BDB53EFA369 with new leaderId: 09a9200a-ead6-4084-a723-89436f5cacce
2019-10-14 19:31:20,038 [09a9200a-ead6-4084-a723-89436f5cacce@group-4BDB53EFA369-LeaderElection39] INFO  impl.RaftServerImpl (ServerState.java:setLeader(255)) - 09a9200a-ead6-4084-a723-89436f5cacce@group-4BDB53EFA369: change Leader from null to 09a9200a-ead6-4084-a723-89436f5cacce at term 1 for becomeLeader, leader elected after 5140ms
2019-10-14 19:31:20,038 [09a9200a-ead6-4084-a723-89436f5cacce@group-4BDB53EFA369-LeaderElection39] INFO  server.RaftServerConfigKeys (ConfUtils.java:logGet(43)) - raft.server.staging.catchup.gap = 1000 (default)
2019-10-14 19:31:20,038 [09a9200a-ead6-4084-a723-89436f5cacce@group-4BDB53EFA369-LeaderElection39] INFO  server.RaftServerConfigKeys (ConfUtils.java:logGet(43)) - raft.server.rpc.sleep.time = 25ms (default)
2019-10-14 19:31:20,038 [09a9200a-ead6-4084-a723-89436f5cacce@group-4BDB53EFA369-LeaderElection39] INFO  server.RaftServerConfigKeys (ConfUtils.java:logGet(43)) - raft.server.write.element-limit = 4096 (default)
2019-10-14 19:31:20,039 [09a9200a-ead6-4084-a723-89436f5cacce@group-4BDB53EFA369-LeaderElection39] INFO  server.RaftServerConfigKeys (ConfUtils.java:logGet(43)) - raft.server.watch.timeout = 10s (default)
2019-10-14 19:31:20,039 [09a9200a-ead6-4084-a723-89436f5cacce@group-4BDB53EFA369-LeaderElection39] INFO  server.RaftServerConfigKeys (ConfUtils.java:logGet(43)) - raft.server.watch.timeout.denomination = 1s (default)
2019-10-14 19:31:20,039 [09a9200a-ead6-4084-a723-89436f5cacce@group-4BDB53EFA369-LeaderElection39] INFO  server.RaftServerConfigKeys (ConfUtils.java:logGet(43)) - raft.server.watch.element-limit = 65536 (default)
2019-10-14 19:31:20,041 [09a9200a-ead6-4084-a723-89436f5cacce@group-4BDB53EFA369-LeaderElection39] INFO  server.RaftServerConfigKeys (ConfUtils.java:logGet(43)) - raft.server.log.appender.snapshot.chunk.size.max = 16MB (=16777216) (default)
2019-10-14 19:31:20,041 [09a9200a-ead6-4084-a723-89436f5cacce@group-4BDB53EFA369-LeaderElection39] INFO  server.RaftServerConfigKeys (ConfUtils.java:logGet(43)) - raft.server.log.appender.buffer.byte-limit = 33554432 (custom)
2019-10-14 19:31:20,041 [09a9200a-ead6-4084-a723-89436f5cacce@group-4BDB53EFA369-LeaderElection39] INFO  server.RaftServerConfigKeys (ConfUtils.java:logGet(43)) - raft.server.log.appender.buffer.element-limit = 1 (custom)
2019-10-14 19:31:20,041 [09a9200a-ead6-4084-a723-89436f5cacce@group-4BDB53EFA369-LeaderElection39] INFO  grpc.GrpcConfigKeys$Server (ConfUtils.java:logGet(43)) - raft.grpc.server.leader.outstanding.appends.max = 128 (default)
2019-10-14 19:31:20,041 [09a9200a-ead6-4084-a723-89436f5cacce@group-4BDB53EFA369-LeaderElection39] INFO  server.RaftServerConfigKeys (ConfUtils.java:logGet(43)) - raft.server.rpc.request.timeout = 3000ms (default)
2019-10-14 19:31:20,041 [09a9200a-ead6-4084-a723-89436f5cacce@group-4BDB53EFA369-LeaderElection39] INFO  server.RaftServerConfigKeys (ConfUtils.java:logGet(43)) - raft.server.log.appender.install.snapshot.enabled = false (custom)
2019-10-14 19:31:20,042 [09a9200a-ead6-4084-a723-89436f5cacce@group-4BDB53EFA369-LeaderElection39] INFO  server.RaftServerConfigKeys (ConfUtils.java:logGet(43)) - raft.server.log.appender.snapshot.chunk.size.max = 16MB (=16777216) (default)
2019-10-14 19:31:20,042 [09a9200a-ead6-4084-a723-89436f5cacce@group-4BDB53EFA369-LeaderElection39] INFO  server.RaftServerConfigKeys (ConfUtils.java:logGet(43)) - raft.server.log.appender.buffer.byte-limit = 33554432 (custom)
2019-10-14 19:31:20,042 [09a9200a-ead6-4084-a723-89436f5cacce@group-4BDB53EFA369-LeaderElection39] INFO  server.RaftServerConfigKeys (ConfUtils.java:logGet(43)) - raft.server.log.appender.buffer.element-limit = 1 (custom)
2019-10-14 19:31:20,042 [09a9200a-ead6-4084-a723-89436f5cacce@group-4BDB53EFA369-LeaderElection39] INFO  grpc.GrpcConfigKeys$Server (ConfUtils.java:logGet(43)) - raft.grpc.server.leader.outstanding.appends.max = 128 (default)
2019-10-14 19:31:20,042 [09a9200a-ead6-4084-a723-89436f5cacce@group-4BDB53EFA369-LeaderElection39] INFO  server.RaftServerConfigKeys (ConfUtils.java:logGet(43)) - raft.server.rpc.request.timeout = 3000ms (default)
2019-10-14 19:31:20,042 [09a9200a-ead6-4084-a723-89436f5cacce@group-4BDB53EFA369-LeaderElection39] INFO  server.RaftServerConfigKeys (ConfUtils.java:logGet(43)) - raft.server.log.appender.install.snapshot.enabled = false (custom)
2019-10-14 19:31:20,042 [09a9200a-ead6-4084-a723-89436f5cacce@group-4BDB53EFA369-LeaderElection39] INFO  impl.RoleInfo (RoleInfo.java:updateAndGet(143)) - 09a9200a-ead6-4084-a723-89436f5cacce: start LeaderState
2019-10-14 19:31:20,043 [09a9200a-ead6-4084-a723-89436f5cacce@group-4BDB53EFA369-LeaderElection39] INFO  segmented.SegmentedRaftLogWorker (SegmentedRaftLogWorker.java:startLogSegment(385)) - 09a9200a-ead6-4084-a723-89436f5cacce@group-4BDB53EFA369-SegmentedRaftLogWorker: Starting segment from index:0
2019-10-14 19:31:20,043 [09a9200a-ead6-4084-a723-89436f5cacce@group-4BDB53EFA369-LeaderElection39] INFO  impl.RaftServerImpl (ServerState.java:setRaftConf(356)) - 09a9200a-ead6-4084-a723-89436f5cacce@group-4BDB53EFA369: set configuration 0: [60a49fad-6bbc-4e1d-b332-64cc210e3f49:192.168.164.219:42016, 670e30cf-8b9d-44a8-8fa0-e58ec8ba4c01:192.168.164.219:41985, 09a9200a-ead6-4084-a723-89436f5cacce:192.168.164.219:39131], old=null at 0
2019-10-14 19:31:20,080 [grpc-default-executor-1] INFO  ratis.XceiverServerRatis (XceiverServerRatis.java:handleLeaderChangedNotification(702)) - Leader change notification received for group: group-4BDB53EFA369 with new leaderId: 09a9200a-ead6-4084-a723-89436f5cacce
2019-10-14 19:31:20,083 [grpc-default-executor-1] INFO  impl.RaftServerImpl (ServerState.java:setLeader(255)) - 60a49fad-6bbc-4e1d-b332-64cc210e3f49@group-4BDB53EFA369: change Leader from null to 09a9200a-ead6-4084-a723-89436f5cacce at term 1 for appendEntries, leader elected after 5183ms
2019-10-14 19:31:20,083 [grpc-default-executor-0] INFO  ratis.XceiverServerRatis (XceiverServerRatis.java:handleLeaderChangedNotification(702)) - Leader change notification received for group: group-4BDB53EFA369 with new leaderId: 09a9200a-ead6-4084-a723-89436f5cacce
2019-10-14 19:31:20,083 [grpc-default-executor-0] INFO  impl.RaftServerImpl (ServerState.java:setLeader(255)) - 670e30cf-8b9d-44a8-8fa0-e58ec8ba4c01@group-4BDB53EFA369: change Leader from null to 09a9200a-ead6-4084-a723-89436f5cacce at term 1 for appendEntries, leader elected after 5186ms
2019-10-14 19:31:20,089 [grpc-default-executor-0] INFO  impl.RaftServerImpl (ServerState.java:setRaftConf(356)) - 670e30cf-8b9d-44a8-8fa0-e58ec8ba4c01@group-4BDB53EFA369: set configuration 0: [60a49fad-6bbc-4e1d-b332-64cc210e3f49:192.168.164.219:42016, 670e30cf-8b9d-44a8-8fa0-e58ec8ba4c01:192.168.164.219:41985, 09a9200a-ead6-4084-a723-89436f5cacce:192.168.164.219:39131], old=null at 0
2019-10-14 19:31:20,089 [grpc-default-executor-1] INFO  impl.RaftServerImpl (ServerState.java:setRaftConf(356)) - 60a49fad-6bbc-4e1d-b332-64cc210e3f49@group-4BDB53EFA369: set configuration 0: [60a49fad-6bbc-4e1d-b332-64cc210e3f49:192.168.164.219:42016, 670e30cf-8b9d-44a8-8fa0-e58ec8ba4c01:192.168.164.219:41985, 09a9200a-ead6-4084-a723-89436f5cacce:192.168.164.219:39131], old=null at 0
2019-10-14 19:31:20,089 [grpc-default-executor-0] INFO  segmented.SegmentedRaftLogWorker (SegmentedRaftLogWorker.java:startLogSegment(385)) - 670e30cf-8b9d-44a8-8fa0-e58ec8ba4c01@group-4BDB53EFA369-SegmentedRaftLogWorker: Starting segment from index:0
2019-10-14 19:31:20,089 [grpc-default-executor-1] INFO  segmented.SegmentedRaftLogWorker (SegmentedRaftLogWorker.java:startLogSegment(385)) - 60a49fad-6bbc-4e1d-b332-64cc210e3f49@group-4BDB53EFA369-SegmentedRaftLogWorker: Starting segment from index:0
2019-10-14 19:31:20,092 [main] INFO  ozone.MiniOzoneClusterImpl (MiniOzoneClusterImpl.java:lambda$waitForClusterToBeReady$2(164)) - Waiting for 3 number of pipelines out of 9, to report a leader.
2019-10-14 19:31:20,106 [09a9200a-ead6-4084-a723-89436f5cacce@group-4BDB53EFA369-SegmentedRaftLogWorker] INFO  segmented.SegmentedRaftLogWorker (SegmentedRaftLogWorker.java:execute(576)) - 09a9200a-ead6-4084-a723-89436f5cacce@group-4BDB53EFA369-SegmentedRaftLogWorker: created new log segment /workdir/hadoop-ozone/integration-test/target/test-dir/MiniOzoneClusterImpl-5426e04b-cf13-4b79-ba23-0228079aae76/datanode-6/data/ratis/07e20a41-aeac-4fd2-b36b-4bdb53efa369/current/log_inprogress_0
2019-10-14 19:31:20,125 [Thread-1526] INFO  impl.FollowerState (FollowerState.java:run(108)) - 44bbad9b-132e-4c90-942f-c1d112d4c4ce@group-097CA76CC5FA-FollowerState: change to CANDIDATE, lastRpcTime:5049ms, electionTimeout:5049ms
2019-10-14 19:31:20,125 [Thread-1526] INFO  impl.RoleInfo (RoleInfo.java:shutdownFollowerState(121)) - 44bbad9b-132e-4c90-942f-c1d112d4c4ce: shutdown FollowerState
2019-10-14 19:31:20,125 [Thread-1526] INFO  impl.RaftServerImpl (RaftServerImpl.java:setRole(170)) - 44bbad9b-132e-4c90-942f-c1d112d4c4ce@group-097CA76CC5FA: changes role from  FOLLOWER to CANDIDATE at term 0 for changeToCandidate
2019-10-14 19:31:20,125 [Thread-1526] INFO  impl.RoleInfo (RoleInfo.java:updateAndGet(143)) - 44bbad9b-132e-4c90-942f-c1d112d4c4ce: start LeaderElection
2019-10-14 19:31:20,138 [Thread-1524] INFO  impl.FollowerState (FollowerState.java:run(108)) - 754a67b9-88e9-4a43-ab15-6919b56b0be8@group-097CA76CC5FA-FollowerState: change to CANDIDATE, lastRpcTime:5063ms, electionTimeout:5060ms
2019-10-14 19:31:20,138 [Thread-1524] INFO  impl.RoleInfo (RoleInfo.java:shutdownFollowerState(121)) - 754a67b9-88e9-4a43-ab15-6919b56b0be8: shutdown FollowerState
2019-10-14 19:31:20,138 [Thread-1524] INFO  impl.RaftServerImpl (RaftServerImpl.java:setRole(170)) - 754a67b9-88e9-4a43-ab15-6919b56b0be8@group-097CA76CC5FA: changes role from  FOLLOWER to CANDIDATE at term 0 for changeToCandidate
2019-10-14 19:31:20,138 [Thread-1524] INFO  impl.RoleInfo (RoleInfo.java:updateAndGet(143)) - 754a67b9-88e9-4a43-ab15-6919b56b0be8: start LeaderElection
2019-10-14 19:31:20,142 [60a49fad-6bbc-4e1d-b332-64cc210e3f49@group-4BDB53EFA369-SegmentedRaftLogWorker] INFO  segmented.SegmentedRaftLogWorker (SegmentedRaftLogWorker.java:execute(576)) - 60a49fad-6bbc-4e1d-b332-64cc210e3f49@group-4BDB53EFA369-SegmentedRaftLogWorker: created new log segment /workdir/hadoop-ozone/integration-test/target/test-dir/MiniOzoneClusterImpl-5426e04b-cf13-4b79-ba23-0228079aae76/datanode-1/data/ratis/07e20a41-aeac-4fd2-b36b-4bdb53efa369/current/log_inprogress_0
2019-10-14 19:31:20,155 [670e30cf-8b9d-44a8-8fa0-e58ec8ba4c01@group-4BDB53EFA369-SegmentedRaftLogWorker] INFO  segmented.SegmentedRaftLogWorker (SegmentedRaftLogWorker.java:execute(576)) - 670e30cf-8b9d-44a8-8fa0-e58ec8ba4c01@group-4BDB53EFA369-SegmentedRaftLogWorker: created new log segment /workdir/hadoop-ozone/integration-test/target/test-dir/MiniOzoneClusterImpl-5426e04b-cf13-4b79-ba23-0228079aae76/datanode-4/data/ratis/07e20a41-aeac-4fd2-b36b-4bdb53efa369/current/log_inprogress_0
2019-10-14 19:31:20,155 [754a67b9-88e9-4a43-ab15-6919b56b0be8@group-097CA76CC5FA-LeaderElection41] INFO  impl.LeaderElection (LeaderElection.java:askForVotes(178)) - 754a67b9-88e9-4a43-ab15-6919b56b0be8@group-097CA76CC5FA-LeaderElection41: begin an election at term 1 for -1: [16559e07-b115-4923-830d-9f131e57a377:192.168.164.219:43713, 44bbad9b-132e-4c90-942f-c1d112d4c4ce:192.168.164.219:45221, 754a67b9-88e9-4a43-ab15-6919b56b0be8:192.168.164.219:43793], old=null
2019-10-14 19:31:20,155 [44bbad9b-132e-4c90-942f-c1d112d4c4ce@group-097CA76CC5FA-LeaderElection40] INFO  impl.LeaderElection (LeaderElection.java:askForVotes(178)) - 44bbad9b-132e-4c90-942f-c1d112d4c4ce@group-097CA76CC5FA-LeaderElection40: begin an election at term 1 for -1: [16559e07-b115-4923-830d-9f131e57a377:192.168.164.219:43713, 44bbad9b-132e-4c90-942f-c1d112d4c4ce:192.168.164.219:45221, 754a67b9-88e9-4a43-ab15-6919b56b0be8:192.168.164.219:43793], old=null
2019-10-14 19:31:20,162 [grpc-default-executor-2] INFO  impl.RaftServerImpl (RaftServerImpl.java:setRole(170)) - 16559e07-b115-4923-830d-9f131e57a377@group-097CA76CC5FA: changes role from  FOLLOWER to FOLLOWER at term 1 for recognizeCandidate:754a67b9-88e9-4a43-ab15-6919b56b0be8
2019-10-14 19:31:20,162 [grpc-default-executor-2] INFO  impl.RoleInfo (RoleInfo.java:shutdownFollowerState(121)) - 16559e07-b115-4923-830d-9f131e57a377: shutdown FollowerState
2019-10-14 19:31:20,164 [grpc-default-executor-2] INFO  impl.RoleInfo (RoleInfo.java:updateAndGet(143)) - 16559e07-b115-4923-830d-9f131e57a377: start FollowerState
2019-10-14 19:31:20,181 [754a67b9-88e9-4a43-ab15-6919b56b0be8@group-097CA76CC5FA-LeaderElection41] INFO  impl.LeaderElection (LeaderElection.java:logAndReturn(56)) - 754a67b9-88e9-4a43-ab15-6919b56b0be8@group-097CA76CC5FA-LeaderElection41: Election PASSED; received 2 response(s) [754a67b9-88e9-4a43-ab15-6919b56b0be8<-16559e07-b115-4923-830d-9f131e57a377#0:OK-t1, 754a67b9-88e9-4a43-ab15-6919b56b0be8<-44bbad9b-132e-4c90-942f-c1d112d4c4ce#0:FAIL-t1] and 0 exception(s); 754a67b9-88e9-4a43-ab15-6919b56b0be8@group-097CA76CC5FA:t1, leader=null, voted=754a67b9-88e9-4a43-ab15-6919b56b0be8, raftlog=754a67b9-88e9-4a43-ab15-6919b56b0be8@group-097CA76CC5FA-SegmentedRaftLog:OPENED:c-1,f-1,i0, conf=-1: [16559e07-b115-4923-830d-9f131e57a377:192.168.164.219:43713, 44bbad9b-132e-4c90-942f-c1d112d4c4ce:192.168.164.219:45221, 754a67b9-88e9-4a43-ab15-6919b56b0be8:192.168.164.219:43793], old=null
2019-10-14 19:31:20,181 [44bbad9b-132e-4c90-942f-c1d112d4c4ce@group-097CA76CC5FA-LeaderElection40] INFO  impl.LeaderElection (LeaderElection.java:logAndReturn(56)) - 44bbad9b-132e-4c90-942f-c1d112d4c4ce@group-097CA76CC5FA-LeaderElection40: Election REJECTED; received 2 response(s) [44bbad9b-132e-4c90-942f-c1d112d4c4ce<-16559e07-b115-4923-830d-9f131e57a377#0:FAIL-t1, 44bbad9b-132e-4c90-942f-c1d112d4c4ce<-754a67b9-88e9-4a43-ab15-6919b56b0be8#0:FAIL-t1] and 0 exception(s); 44bbad9b-132e-4c90-942f-c1d112d4c4ce@group-097CA76CC5FA:t1, leader=null, voted=44bbad9b-132e-4c90-942f-c1d112d4c4ce, raftlog=44bbad9b-132e-4c90-942f-c1d112d4c4ce@group-097CA76CC5FA-SegmentedRaftLog:OPENED:c-1,f-1,i0, conf=-1: [16559e07-b115-4923-830d-9f131e57a377:192.168.164.219:43713, 44bbad9b-132e-4c90-942f-c1d112d4c4ce:192.168.164.219:45221, 754a67b9-88e9-4a43-ab15-6919b56b0be8:192.168.164.219:43793], old=null
2019-10-14 19:31:20,181 [754a67b9-88e9-4a43-ab15-6919b56b0be8@group-097CA76CC5FA-LeaderElection41] INFO  impl.RoleInfo (RoleInfo.java:shutdownLeaderElection(134)) - 754a67b9-88e9-4a43-ab15-6919b56b0be8: shutdown LeaderElection
2019-10-14 19:31:20,189 [754a67b9-88e9-4a43-ab15-6919b56b0be8@group-097CA76CC5FA-LeaderElection41] INFO  impl.RaftServerImpl (RaftServerImpl.java:setRole(170)) - 754a67b9-88e9-4a43-ab15-6919b56b0be8@group-097CA76CC5FA: changes role from CANDIDATE to LEADER at term 1 for changeToLeader
2019-10-14 19:31:20,189 [44bbad9b-132e-4c90-942f-c1d112d4c4ce@group-097CA76CC5FA-LeaderElection40] INFO  impl.RaftServerImpl (RaftServerImpl.java:setRole(170)) - 44bbad9b-132e-4c90-942f-c1d112d4c4ce@group-097CA76CC5FA: changes role from CANDIDATE to FOLLOWER at term 1 for DISCOVERED_A_NEW_TERM
2019-10-14 19:31:20,189 [754a67b9-88e9-4a43-ab15-6919b56b0be8@group-097CA76CC5FA-LeaderElection41] INFO  ratis.XceiverServerRatis (XceiverServerRatis.java:handleLeaderChangedNotification(702)) - Leader change notification received for group: group-097CA76CC5FA with new leaderId: 754a67b9-88e9-4a43-ab15-6919b56b0be8
2019-10-14 19:31:20,191 [44bbad9b-132e-4c90-942f-c1d112d4c4ce@group-097CA76CC5FA-LeaderElection40] INFO  impl.RoleInfo (RoleInfo.java:shutdownLeaderElection(134)) - 44bbad9b-132e-4c90-942f-c1d112d4c4ce: shutdown LeaderElection
2019-10-14 19:31:20,193 [754a67b9-88e9-4a43-ab15-6919b56b0be8@group-097CA76CC5FA-LeaderElection41] INFO  impl.RaftServerImpl (ServerState.java:setLeader(255)) - 754a67b9-88e9-4a43-ab15-6919b56b0be8@group-097CA76CC5FA: change Leader from null to 754a67b9-88e9-4a43-ab15-6919b56b0be8 at term 1 for becomeLeader, leader elected after 5124ms
2019-10-14 19:31:20,193 [754a67b9-88e9-4a43-ab15-6919b56b0be8@group-097CA76CC5FA-LeaderElection41] INFO  server.RaftServerConfigKeys (ConfUtils.java:logGet(43)) - raft.server.staging.catchup.gap = 1000 (default)
2019-10-14 19:31:20,193 [44bbad9b-132e-4c90-942f-c1d112d4c4ce@group-097CA76CC5FA-LeaderElection40] INFO  impl.RoleInfo (RoleInfo.java:updateAndGet(143)) - 44bbad9b-132e-4c90-942f-c1d112d4c4ce: start FollowerState
2019-10-14 19:31:20,193 [754a67b9-88e9-4a43-ab15-6919b56b0be8@group-097CA76CC5FA-LeaderElection41] INFO  server.RaftServerConfigKeys (ConfUtils.java:logGet(43)) - raft.server.rpc.sleep.time = 25ms (default)
2019-10-14 19:31:20,194 [754a67b9-88e9-4a43-ab15-6919b56b0be8@group-097CA76CC5FA-LeaderElection41] INFO  server.RaftServerConfigKeys (ConfUtils.java:logGet(43)) - raft.server.write.element-limit = 4096 (default)
2019-10-14 19:31:20,194 [754a67b9-88e9-4a43-ab15-6919b56b0be8@group-097CA76CC5FA-LeaderElection41] INFO  server.RaftServerConfigKeys (ConfUtils.java:logGet(43)) - raft.server.watch.timeout = 10s (default)
2019-10-14 19:31:20,194 [754a67b9-88e9-4a43-ab15-6919b56b0be8@group-097CA76CC5FA-LeaderElection41] INFO  server.RaftServerConfigKeys (ConfUtils.java:logGet(43)) - raft.server.watch.timeout.denomination = 1s (default)
2019-10-14 19:31:20,194 [754a67b9-88e9-4a43-ab15-6919b56b0be8@group-097CA76CC5FA-LeaderElection41] INFO  server.RaftServerConfigKeys (ConfUtils.java:logGet(43)) - raft.server.watch.element-limit = 65536 (default)
2019-10-14 19:31:20,195 [EventQueue-PipelineReportForPipelineReportHandler] INFO  pipeline.PipelineReportHandler (PipelineReportHandler.java:processPipelineReport(120)) - Pipeline PipelineID=3b92a700-df23-4a09-b504-097ca76cc5fa reported by 754a67b9-88e9-4a43-ab15-6919b56b0be8{ip: 192.168.164.219, host: pr-hdds-1868-cfdmt-251076870, networkLocation: /default-rack, certSerialId: null} with leaderId 754a67b9-88e9-4a43-ab15-6919b56b0be8
2019-10-14 19:31:20,195 [EventQueue-PipelineReportForPipelineReportHandler] INFO  pipeline.PipelineReportHandler (PipelineReportHandler.java:processPipelineReport(120)) - Pipeline PipelineID=f603427d-25ee-486b-9b7e-2d2da7b7bb34 reported by 754a67b9-88e9-4a43-ab15-6919b56b0be8{ip: 192.168.164.219, host: pr-hdds-1868-cfdmt-251076870, networkLocation: /default-rack, certSerialId: null} with leaderId 
2019-10-14 19:31:20,195 [EventQueue-PipelineReportForPipelineReportHandler] INFO  pipeline.PipelineStateManager (PipelineStateManager.java:openPipeline(136)) - Pipeline Pipeline[ Id: f603427d-25ee-486b-9b7e-2d2da7b7bb34, Nodes: 754a67b9-88e9-4a43-ab15-6919b56b0be8{ip: 192.168.164.219, host: pr-hdds-1868-cfdmt-251076870, networkLocation: /default-rack, certSerialId: null}, Type:RATIS, Factor:ONE, State:OPEN] moved to OPEN state
2019-10-14 19:31:20,195 [754a67b9-88e9-4a43-ab15-6919b56b0be8@group-097CA76CC5FA-LeaderElection41] INFO  server.RaftServerConfigKeys (ConfUtils.java:logGet(43)) - raft.server.log.appender.snapshot.chunk.size.max = 16MB (=16777216) (default)
2019-10-14 19:31:20,196 [754a67b9-88e9-4a43-ab15-6919b56b0be8@group-097CA76CC5FA-LeaderElection41] INFO  server.RaftServerConfigKeys (ConfUtils.java:logGet(43)) - raft.server.log.appender.buffer.byte-limit = 33554432 (custom)
2019-10-14 19:31:20,196 [754a67b9-88e9-4a43-ab15-6919b56b0be8@group-097CA76CC5FA-LeaderElection41] INFO  server.RaftServerConfigKeys (ConfUtils.java:logGet(43)) - raft.server.log.appender.buffer.element-limit = 1 (custom)
2019-10-14 19:31:20,196 [754a67b9-88e9-4a43-ab15-6919b56b0be8@group-097CA76CC5FA-LeaderElection41] INFO  grpc.GrpcConfigKeys$Server (ConfUtils.java:logGet(43)) - raft.grpc.server.leader.outstanding.appends.max = 128 (default)
2019-10-14 19:31:20,196 [754a67b9-88e9-4a43-ab15-6919b56b0be8@group-097CA76CC5FA-LeaderElection41] INFO  server.RaftServerConfigKeys (ConfUtils.java:logGet(43)) - raft.server.rpc.request.timeout = 3000ms (default)
2019-10-14 19:31:20,196 [754a67b9-88e9-4a43-ab15-6919b56b0be8@group-097CA76CC5FA-LeaderElection41] INFO  server.RaftServerConfigKeys (ConfUtils.java:logGet(43)) - raft.server.log.appender.install.snapshot.enabled = false (custom)
2019-10-14 19:31:20,196 [754a67b9-88e9-4a43-ab15-6919b56b0be8@group-097CA76CC5FA-LeaderElection41] INFO  server.RaftServerConfigKeys (ConfUtils.java:logGet(43)) - raft.server.log.appender.snapshot.chunk.size.max = 16MB (=16777216) (default)
2019-10-14 19:31:20,196 [754a67b9-88e9-4a43-ab15-6919b56b0be8@group-097CA76CC5FA-LeaderElection41] INFO  server.RaftServerConfigKeys (ConfUtils.java:logGet(43)) - raft.server.log.appender.buffer.byte-limit = 33554432 (custom)
2019-10-14 19:31:20,197 [754a67b9-88e9-4a43-ab15-6919b56b0be8@group-097CA76CC5FA-LeaderElection41] INFO  server.RaftServerConfigKeys (ConfUtils.java:logGet(43)) - raft.server.log.appender.buffer.element-limit = 1 (custom)
2019-10-14 19:31:20,197 [754a67b9-88e9-4a43-ab15-6919b56b0be8@group-097CA76CC5FA-LeaderElection41] INFO  grpc.GrpcConfigKeys$Server (ConfUtils.java:logGet(43)) - raft.grpc.server.leader.outstanding.appends.max = 128 (default)
2019-10-14 19:31:20,197 [754a67b9-88e9-4a43-ab15-6919b56b0be8@group-097CA76CC5FA-LeaderElection41] INFO  server.RaftServerConfigKeys (ConfUtils.java:logGet(43)) - raft.server.rpc.request.timeout = 3000ms (default)
2019-10-14 19:31:20,197 [754a67b9-88e9-4a43-ab15-6919b56b0be8@group-097CA76CC5FA-LeaderElection41] INFO  server.RaftServerConfigKeys (ConfUtils.java:logGet(43)) - raft.server.log.appender.install.snapshot.enabled = false (custom)
2019-10-14 19:31:20,197 [754a67b9-88e9-4a43-ab15-6919b56b0be8@group-097CA76CC5FA-LeaderElection41] INFO  impl.RoleInfo (RoleInfo.java:updateAndGet(143)) - 754a67b9-88e9-4a43-ab15-6919b56b0be8: start LeaderState
2019-10-14 19:31:20,198 [754a67b9-88e9-4a43-ab15-6919b56b0be8@group-097CA76CC5FA-LeaderElection41] INFO  segmented.SegmentedRaftLogWorker (SegmentedRaftLogWorker.java:startLogSegment(385)) - 754a67b9-88e9-4a43-ab15-6919b56b0be8@group-097CA76CC5FA-SegmentedRaftLogWorker: Starting segment from index:0
2019-10-14 19:31:20,198 [754a67b9-88e9-4a43-ab15-6919b56b0be8@group-097CA76CC5FA-LeaderElection41] INFO  impl.RaftServerImpl (ServerState.java:setRaftConf(356)) - 754a67b9-88e9-4a43-ab15-6919b56b0be8@group-097CA76CC5FA: set configuration 0: [16559e07-b115-4923-830d-9f131e57a377:192.168.164.219:43713, 44bbad9b-132e-4c90-942f-c1d112d4c4ce:192.168.164.219:45221, 754a67b9-88e9-4a43-ab15-6919b56b0be8:192.168.164.219:43793], old=null at 0
2019-10-14 19:31:20,200 [grpc-default-executor-1] INFO  ratis.XceiverServerRatis (XceiverServerRatis.java:handleLeaderChangedNotification(702)) - Leader change notification received for group: group-097CA76CC5FA with new leaderId: 754a67b9-88e9-4a43-ab15-6919b56b0be8
2019-10-14 19:31:20,200 [grpc-default-executor-2] INFO  ratis.XceiverServerRatis (XceiverServerRatis.java:handleLeaderChangedNotification(702)) - Leader change notification received for group: group-097CA76CC5FA with new leaderId: 754a67b9-88e9-4a43-ab15-6919b56b0be8
2019-10-14 19:31:20,200 [grpc-default-executor-1] INFO  impl.RaftServerImpl (ServerState.java:setLeader(255)) - 44bbad9b-132e-4c90-942f-c1d112d4c4ce@group-097CA76CC5FA: change Leader from null to 754a67b9-88e9-4a43-ab15-6919b56b0be8 at term 1 for appendEntries, leader elected after 5134ms
2019-10-14 19:31:20,226 [grpc-default-executor-2] INFO  impl.RaftServerImpl (ServerState.java:setLeader(255)) - 16559e07-b115-4923-830d-9f131e57a377@group-097CA76CC5FA: change Leader from null to 754a67b9-88e9-4a43-ab15-6919b56b0be8 at term 1 for appendEntries, leader elected after 5134ms
2019-10-14 19:31:20,227 [EventQueue-PipelineReportForPipelineReportHandler] INFO  pipeline.PipelineReportHandler (PipelineReportHandler.java:processPipelineReport(120)) - Pipeline PipelineID=3b92a700-df23-4a09-b504-097ca76cc5fa reported by 16559e07-b115-4923-830d-9f131e57a377{ip: 192.168.164.219, host: pr-hdds-1868-cfdmt-251076870, networkLocation: /default-rack, certSerialId: null} with leaderId 754a67b9-88e9-4a43-ab15-6919b56b0be8
2019-10-14 19:31:20,227 [EventQueue-PipelineReportForPipelineReportHandler] INFO  pipeline.PipelineReportHandler (PipelineReportHandler.java:processPipelineReport(120)) - Pipeline PipelineID=daf69939-3d6b-4c7b-b685-eeaa04891b94 reported by 16559e07-b115-4923-830d-9f131e57a377{ip: 192.168.164.219, host: pr-hdds-1868-cfdmt-251076870, networkLocation: /default-rack, certSerialId: null} with leaderId 
2019-10-14 19:31:20,228 [EventQueue-PipelineReportForPipelineReportHandler] INFO  pipeline.PipelineStateManager (PipelineStateManager.java:openPipeline(136)) - Pipeline Pipeline[ Id: daf69939-3d6b-4c7b-b685-eeaa04891b94, Nodes: 16559e07-b115-4923-830d-9f131e57a377{ip: 192.168.164.219, host: pr-hdds-1868-cfdmt-251076870, networkLocation: /default-rack, certSerialId: null}, Type:RATIS, Factor:ONE, State:OPEN] moved to OPEN state
2019-10-14 19:31:20,228 [EventQueue-PipelineReportForPipelineReportHandler] INFO  pipeline.PipelineReportHandler (PipelineReportHandler.java:processPipelineReport(120)) - Pipeline PipelineID=3b92a700-df23-4a09-b504-097ca76cc5fa reported by 44bbad9b-132e-4c90-942f-c1d112d4c4ce{ip: 192.168.164.219, host: pr-hdds-1868-cfdmt-251076870, networkLocation: /default-rack, certSerialId: null} with leaderId 754a67b9-88e9-4a43-ab15-6919b56b0be8
2019-10-14 19:31:20,228 [EventQueue-PipelineReportForPipelineReportHandler] INFO  pipeline.PipelineStateManager (PipelineStateManager.java:openPipeline(136)) - Pipeline Pipeline[ Id: 3b92a700-df23-4a09-b504-097ca76cc5fa, Nodes: 754a67b9-88e9-4a43-ab15-6919b56b0be8{ip: 192.168.164.219, host: pr-hdds-1868-cfdmt-251076870, networkLocation: /default-rack, certSerialId: null}44bbad9b-132e-4c90-942f-c1d112d4c4ce{ip: 192.168.164.219, host: pr-hdds-1868-cfdmt-251076870, networkLocation: /default-rack, certSerialId: null}16559e07-b115-4923-830d-9f131e57a377{ip: 192.168.164.219, host: pr-hdds-1868-cfdmt-251076870, networkLocation: /default-rack, certSerialId: null}, Type:RATIS, Factor:THREE, State:OPEN] moved to OPEN state
2019-10-14 19:31:20,229 [grpc-default-executor-1] INFO  impl.RaftServerImpl (ServerState.java:setRaftConf(356)) - 44bbad9b-132e-4c90-942f-c1d112d4c4ce@group-097CA76CC5FA: set configuration 0: [16559e07-b115-4923-830d-9f131e57a377:192.168.164.219:43713, 44bbad9b-132e-4c90-942f-c1d112d4c4ce:192.168.164.219:45221, 754a67b9-88e9-4a43-ab15-6919b56b0be8:192.168.164.219:43793], old=null at 0
2019-10-14 19:31:20,229 [grpc-default-executor-2] INFO  impl.RaftServerImpl (ServerState.java:setRaftConf(356)) - 16559e07-b115-4923-830d-9f131e57a377@group-097CA76CC5FA: set configuration 0: [16559e07-b115-4923-830d-9f131e57a377:192.168.164.219:43713, 44bbad9b-132e-4c90-942f-c1d112d4c4ce:192.168.164.219:45221, 754a67b9-88e9-4a43-ab15-6919b56b0be8:192.168.164.219:43793], old=null at 0
2019-10-14 19:31:20,229 [grpc-default-executor-1] INFO  segmented.SegmentedRaftLogWorker (SegmentedRaftLogWorker.java:startLogSegment(385)) - 44bbad9b-132e-4c90-942f-c1d112d4c4ce@group-097CA76CC5FA-SegmentedRaftLogWorker: Starting segment from index:0
2019-10-14 19:31:20,232 [grpc-default-executor-2] INFO  segmented.SegmentedRaftLogWorker (SegmentedRaftLogWorker.java:startLogSegment(385)) - 16559e07-b115-4923-830d-9f131e57a377@group-097CA76CC5FA-SegmentedRaftLogWorker: Starting segment from index:0
2019-10-14 19:31:20,239 [754a67b9-88e9-4a43-ab15-6919b56b0be8@group-097CA76CC5FA-SegmentedRaftLogWorker] INFO  segmented.SegmentedRaftLogWorker (SegmentedRaftLogWorker.java:execute(576)) - 754a67b9-88e9-4a43-ab15-6919b56b0be8@group-097CA76CC5FA-SegmentedRaftLogWorker: created new log segment /workdir/hadoop-ozone/integration-test/target/test-dir/MiniOzoneClusterImpl-5426e04b-cf13-4b79-ba23-0228079aae76/datanode-0/data/ratis/3b92a700-df23-4a09-b504-097ca76cc5fa/current/log_inprogress_0
2019-10-14 19:31:20,267 [Thread-1536] INFO  impl.FollowerState (FollowerState.java:run(108)) - 754a67b9-88e9-4a43-ab15-6919b56b0be8@group-2D2DA7B7BB34-FollowerState: change to CANDIDATE, lastRpcTime:5012ms, electionTimeout:5012ms
2019-10-14 19:31:20,267 [Thread-1536] INFO  impl.RoleInfo (RoleInfo.java:shutdownFollowerState(121)) - 754a67b9-88e9-4a43-ab15-6919b56b0be8: shutdown FollowerState
2019-10-14 19:31:20,267 [Thread-1536] INFO  impl.RaftServerImpl (RaftServerImpl.java:setRole(170)) - 754a67b9-88e9-4a43-ab15-6919b56b0be8@group-2D2DA7B7BB34: changes role from  FOLLOWER to CANDIDATE at term 0 for changeToCandidate
2019-10-14 19:31:20,267 [Thread-1536] INFO  impl.RoleInfo (RoleInfo.java:updateAndGet(143)) - 754a67b9-88e9-4a43-ab15-6919b56b0be8: start LeaderElection
2019-10-14 19:31:20,288 [44bbad9b-132e-4c90-942f-c1d112d4c4ce@group-097CA76CC5FA-SegmentedRaftLogWorker] INFO  segmented.SegmentedRaftLogWorker (SegmentedRaftLogWorker.java:execute(576)) - 44bbad9b-132e-4c90-942f-c1d112d4c4ce@group-097CA76CC5FA-SegmentedRaftLogWorker: created new log segment /workdir/hadoop-ozone/integration-test/target/test-dir/MiniOzoneClusterImpl-5426e04b-cf13-4b79-ba23-0228079aae76/datanode-2/data/ratis/3b92a700-df23-4a09-b504-097ca76cc5fa/current/log_inprogress_0
2019-10-14 19:31:20,288 [754a67b9-88e9-4a43-ab15-6919b56b0be8@group-2D2DA7B7BB34-LeaderElection42] INFO  impl.LeaderElection (LeaderElection.java:askForVotes(178)) - 754a67b9-88e9-4a43-ab15-6919b56b0be8@group-2D2DA7B7BB34-LeaderElection42: begin an election at term 1 for -1: [754a67b9-88e9-4a43-ab15-6919b56b0be8:192.168.164.219:43793], old=null
2019-10-14 19:31:20,288 [16559e07-b115-4923-830d-9f131e57a377@group-097CA76CC5FA-SegmentedRaftLogWorker] INFO  segmented.SegmentedRaftLogWorker (SegmentedRaftLogWorker.java:execute(576)) - 16559e07-b115-4923-830d-9f131e57a377@group-097CA76CC5FA-SegmentedRaftLogWorker: created new log segment /workdir/hadoop-ozone/integration-test/target/test-dir/MiniOzoneClusterImpl-5426e04b-cf13-4b79-ba23-0228079aae76/datanode-3/data/ratis/3b92a700-df23-4a09-b504-097ca76cc5fa/current/log_inprogress_0
2019-10-14 19:31:20,288 [754a67b9-88e9-4a43-ab15-6919b56b0be8@group-2D2DA7B7BB34-LeaderElection42] INFO  impl.RoleInfo (RoleInfo.java:shutdownLeaderElection(134)) - 754a67b9-88e9-4a43-ab15-6919b56b0be8: shutdown LeaderElection
2019-10-14 19:31:20,288 [754a67b9-88e9-4a43-ab15-6919b56b0be8@group-2D2DA7B7BB34-LeaderElection42] INFO  impl.RaftServerImpl (RaftServerImpl.java:setRole(170)) - 754a67b9-88e9-4a43-ab15-6919b56b0be8@group-2D2DA7B7BB34: changes role from CANDIDATE to LEADER at term 1 for changeToLeader
2019-10-14 19:31:20,288 [754a67b9-88e9-4a43-ab15-6919b56b0be8@group-2D2DA7B7BB34-LeaderElection42] INFO  ratis.XceiverServerRatis (XceiverServerRatis.java:handleLeaderChangedNotification(702)) - Leader change notification received for group: group-2D2DA7B7BB34 with new leaderId: 754a67b9-88e9-4a43-ab15-6919b56b0be8
2019-10-14 19:31:20,288 [754a67b9-88e9-4a43-ab15-6919b56b0be8@group-2D2DA7B7BB34-LeaderElection42] INFO  impl.RaftServerImpl (ServerState.java:setLeader(255)) - 754a67b9-88e9-4a43-ab15-6919b56b0be8@group-2D2DA7B7BB34: change Leader from null to 754a67b9-88e9-4a43-ab15-6919b56b0be8 at term 1 for becomeLeader, leader elected after 5038ms
2019-10-14 19:31:20,289 [754a67b9-88e9-4a43-ab15-6919b56b0be8@group-2D2DA7B7BB34-LeaderElection42] INFO  server.RaftServerConfigKeys (ConfUtils.java:logGet(43)) - raft.server.staging.catchup.gap = 1000 (default)
2019-10-14 19:31:20,289 [754a67b9-88e9-4a43-ab15-6919b56b0be8@group-2D2DA7B7BB34-LeaderElection42] INFO  server.RaftServerConfigKeys (ConfUtils.java:logGet(43)) - raft.server.rpc.sleep.time = 25ms (default)
2019-10-14 19:31:20,289 [754a67b9-88e9-4a43-ab15-6919b56b0be8@group-2D2DA7B7BB34-LeaderElection42] INFO  server.RaftServerConfigKeys (ConfUtils.java:logGet(43)) - raft.server.write.element-limit = 4096 (default)
2019-10-14 19:31:20,289 [754a67b9-88e9-4a43-ab15-6919b56b0be8@group-2D2DA7B7BB34-LeaderElection42] INFO  server.RaftServerConfigKeys (ConfUtils.java:logGet(43)) - raft.server.watch.timeout = 10s (default)
2019-10-14 19:31:20,289 [754a67b9-88e9-4a43-ab15-6919b56b0be8@group-2D2DA7B7BB34-LeaderElection42] INFO  server.RaftServerConfigKeys (ConfUtils.java:logGet(43)) - raft.server.watch.timeout.denomination = 1s (default)
2019-10-14 19:31:20,289 [754a67b9-88e9-4a43-ab15-6919b56b0be8@group-2D2DA7B7BB34-LeaderElection42] INFO  server.RaftServerConfigKeys (ConfUtils.java:logGet(43)) - raft.server.watch.element-limit = 65536 (default)
2019-10-14 19:31:20,291 [754a67b9-88e9-4a43-ab15-6919b56b0be8@group-2D2DA7B7BB34-LeaderElection42] INFO  impl.RoleInfo (RoleInfo.java:updateAndGet(143)) - 754a67b9-88e9-4a43-ab15-6919b56b0be8: start LeaderState
2019-10-14 19:31:20,291 [754a67b9-88e9-4a43-ab15-6919b56b0be8@group-2D2DA7B7BB34-LeaderElection42] INFO  segmented.SegmentedRaftLogWorker (SegmentedRaftLogWorker.java:startLogSegment(385)) - 754a67b9-88e9-4a43-ab15-6919b56b0be8@group-2D2DA7B7BB34-SegmentedRaftLogWorker: Starting segment from index:0
2019-10-14 19:31:20,291 [754a67b9-88e9-4a43-ab15-6919b56b0be8@group-2D2DA7B7BB34-LeaderElection42] INFO  impl.RaftServerImpl (ServerState.java:setRaftConf(356)) - 754a67b9-88e9-4a43-ab15-6919b56b0be8@group-2D2DA7B7BB34: set configuration 0: [754a67b9-88e9-4a43-ab15-6919b56b0be8:192.168.164.219:43793], old=null at 0
2019-10-14 19:31:20,337 [Thread-1532] INFO  impl.FollowerState (FollowerState.java:run(108)) - 16559e07-b115-4923-830d-9f131e57a377@group-EEAA04891B94-FollowerState: change to CANDIDATE, lastRpcTime:5174ms, electionTimeout:5174ms
2019-10-14 19:31:20,337 [Thread-1532] INFO  impl.RoleInfo (RoleInfo.java:shutdownFollowerState(121)) - 16559e07-b115-4923-830d-9f131e57a377: shutdown FollowerState
2019-10-14 19:31:20,337 [Thread-1532] INFO  impl.RaftServerImpl (RaftServerImpl.java:setRole(170)) - 16559e07-b115-4923-830d-9f131e57a377@group-EEAA04891B94: changes role from  FOLLOWER to CANDIDATE at term 0 for changeToCandidate
2019-10-14 19:31:20,337 [Thread-1532] INFO  impl.RoleInfo (RoleInfo.java:updateAndGet(143)) - 16559e07-b115-4923-830d-9f131e57a377: start LeaderElection
2019-10-14 19:31:20,348 [754a67b9-88e9-4a43-ab15-6919b56b0be8@group-2D2DA7B7BB34-SegmentedRaftLogWorker] INFO  segmented.SegmentedRaftLogWorker (SegmentedRaftLogWorker.java:execute(576)) - 754a67b9-88e9-4a43-ab15-6919b56b0be8@group-2D2DA7B7BB34-SegmentedRaftLogWorker: created new log segment /workdir/hadoop-ozone/integration-test/target/test-dir/MiniOzoneClusterImpl-5426e04b-cf13-4b79-ba23-0228079aae76/datanode-0/data/ratis/f603427d-25ee-486b-9b7e-2d2da7b7bb34/current/log_inprogress_0
2019-10-14 19:31:20,371 [16559e07-b115-4923-830d-9f131e57a377@group-EEAA04891B94-LeaderElection43] INFO  impl.LeaderElection (LeaderElection.java:askForVotes(178)) - 16559e07-b115-4923-830d-9f131e57a377@group-EEAA04891B94-LeaderElection43: begin an election at term 1 for -1: [16559e07-b115-4923-830d-9f131e57a377:192.168.164.219:43713], old=null
2019-10-14 19:31:20,371 [16559e07-b115-4923-830d-9f131e57a377@group-EEAA04891B94-LeaderElection43] INFO  impl.RoleInfo (RoleInfo.java:shutdownLeaderElection(134)) - 16559e07-b115-4923-830d-9f131e57a377: shutdown LeaderElection
2019-10-14 19:31:20,371 [16559e07-b115-4923-830d-9f131e57a377@group-EEAA04891B94-LeaderElection43] INFO  impl.RaftServerImpl (RaftServerImpl.java:setRole(170)) - 16559e07-b115-4923-830d-9f131e57a377@group-EEAA04891B94: changes role from CANDIDATE to LEADER at term 1 for changeToLeader
2019-10-14 19:31:20,371 [16559e07-b115-4923-830d-9f131e57a377@group-EEAA04891B94-LeaderElection43] INFO  ratis.XceiverServerRatis (XceiverServerRatis.java:handleLeaderChangedNotification(702)) - Leader change notification received for group: group-EEAA04891B94 with new leaderId: 16559e07-b115-4923-830d-9f131e57a377
2019-10-14 19:31:20,372 [16559e07-b115-4923-830d-9f131e57a377@group-EEAA04891B94-LeaderElection43] INFO  impl.RaftServerImpl (ServerState.java:setLeader(255)) - 16559e07-b115-4923-830d-9f131e57a377@group-EEAA04891B94: change Leader from null to 16559e07-b115-4923-830d-9f131e57a377 at term 1 for becomeLeader, leader elected after 5214ms
2019-10-14 19:31:20,372 [16559e07-b115-4923-830d-9f131e57a377@group-EEAA04891B94-LeaderElection43] INFO  server.RaftServerConfigKeys (ConfUtils.java:logGet(43)) - raft.server.staging.catchup.gap = 1000 (default)
2019-10-14 19:31:20,372 [16559e07-b115-4923-830d-9f131e57a377@group-EEAA04891B94-LeaderElection43] INFO  server.RaftServerConfigKeys (ConfUtils.java:logGet(43)) - raft.server.rpc.sleep.time = 25ms (default)
2019-10-14 19:31:20,372 [16559e07-b115-4923-830d-9f131e57a377@group-EEAA04891B94-LeaderElection43] INFO  server.RaftServerConfigKeys (ConfUtils.java:logGet(43)) - raft.server.write.element-limit = 4096 (default)
2019-10-14 19:31:20,373 [16559e07-b115-4923-830d-9f131e57a377@group-EEAA04891B94-LeaderElection43] INFO  server.RaftServerConfigKeys (ConfUtils.java:logGet(43)) - raft.server.watch.timeout = 10s (default)
2019-10-14 19:31:20,373 [16559e07-b115-4923-830d-9f131e57a377@group-EEAA04891B94-LeaderElection43] INFO  server.RaftServerConfigKeys (ConfUtils.java:logGet(43)) - raft.server.watch.timeout.denomination = 1s (default)
2019-10-14 19:31:20,373 [16559e07-b115-4923-830d-9f131e57a377@group-EEAA04891B94-LeaderElection43] INFO  server.RaftServerConfigKeys (ConfUtils.java:logGet(43)) - raft.server.watch.element-limit = 65536 (default)
2019-10-14 19:31:20,375 [16559e07-b115-4923-830d-9f131e57a377@group-EEAA04891B94-LeaderElection43] INFO  impl.RoleInfo (RoleInfo.java:updateAndGet(143)) - 16559e07-b115-4923-830d-9f131e57a377: start LeaderState
2019-10-14 19:31:20,376 [16559e07-b115-4923-830d-9f131e57a377@group-EEAA04891B94-LeaderElection43] INFO  segmented.SegmentedRaftLogWorker (SegmentedRaftLogWorker.java:startLogSegment(385)) - 16559e07-b115-4923-830d-9f131e57a377@group-EEAA04891B94-SegmentedRaftLogWorker: Starting segment from index:0
2019-10-14 19:31:20,376 [16559e07-b115-4923-830d-9f131e57a377@group-EEAA04891B94-LeaderElection43] INFO  impl.RaftServerImpl (ServerState.java:setRaftConf(356)) - 16559e07-b115-4923-830d-9f131e57a377@group-EEAA04891B94: set configuration 0: [16559e07-b115-4923-830d-9f131e57a377:192.168.164.219:43713], old=null at 0
2019-10-14 19:31:20,432 [16559e07-b115-4923-830d-9f131e57a377@group-EEAA04891B94-SegmentedRaftLogWorker] INFO  segmented.SegmentedRaftLogWorker (SegmentedRaftLogWorker.java:execute(576)) - 16559e07-b115-4923-830d-9f131e57a377@group-EEAA04891B94-SegmentedRaftLogWorker: created new log segment /workdir/hadoop-ozone/integration-test/target/test-dir/MiniOzoneClusterImpl-5426e04b-cf13-4b79-ba23-0228079aae76/datanode-3/data/ratis/daf69939-3d6b-4c7b-b685-eeaa04891b94/current/log_inprogress_0
2019-10-14 19:31:21,092 [main] INFO  ozone.MiniOzoneClusterImpl (MiniOzoneClusterImpl.java:lambda$waitForClusterToBeReady$2(172)) - Cluster is ready. Got 7 of 7 DN Heartbeats.
2019-10-14 19:31:21,132 [main] INFO  rpc.RpcClient (RpcClient.java:createVolume(272)) - Creating Volume: watchforcommithandlingtest, with jenkins1000 as owner.
2019-10-14 19:31:21,134 [IPC Server handler 1 on 37844] INFO  volume.OMVolumeCreateRequest (OMVolumeCreateRequest.java:validateAndUpdateCache(193)) - created volume:watchforcommithandlingtest for user:jenkins1000
2019-10-14 19:31:21,151 [main] INFO  rpc.RpcClient (RpcClient.java:createBucket(411)) - Creating Bucket: watchforcommithandlingtest/watchforcommithandlingtest, with Versioning false and Storage Type set to DISK and Encryption set to false 
2019-10-14 19:31:21,156 [main] INFO  ozone.MiniOzoneClusterImpl (MiniOzoneClusterImpl.java:getStorageContainerLocationClient(260)) - Creating StorageContainerLocationProtocol RPC client with address /0.0.0.0:34534
2019-10-14 19:31:22,354 [Datanode State Machine Thread - 0] INFO  statemachine.DatanodeStateMachine (DatanodeStateMachine.java:lambda$startDaemon$0(350)) - Ozone container server started.
2019-10-14 19:31:26,360 [main] INFO  ozoneimpl.OzoneContainer (OzoneContainer.java:stop(227)) - Attempting to stop container services.
2019-10-14 19:31:26,361 [main] INFO  impl.RaftServerProxy (RaftServerProxy.java:lambda$close$4(314)) - 60a49fad-6bbc-4e1d-b332-64cc210e3f49: close
2019-10-14 19:31:26,361 [main] INFO  impl.RaftServerImpl (RaftServerImpl.java:lambda$shutdown$3(247)) - 60a49fad-6bbc-4e1d-b332-64cc210e3f49@group-6A6C8A4AD01B: shutdown
2019-10-14 19:31:26,361 [ForkJoinPool.commonPool-worker-0] INFO  impl.RaftServerImpl (RaftServerImpl.java:lambda$shutdown$3(247)) - 60a49fad-6bbc-4e1d-b332-64cc210e3f49@group-4BDB53EFA369: shutdown
2019-10-14 19:31:26,362 [main] INFO  util.JmxRegister (JmxRegister.java:unregister(73)) - Successfully un-registered JMX Bean with object name Ratis:service=RaftServer,group=group-6A6C8A4AD01B,id=60a49fad-6bbc-4e1d-b332-64cc210e3f49
2019-10-14 19:31:26,362 [ForkJoinPool.commonPool-worker-0] INFO  util.JmxRegister (JmxRegister.java:unregister(73)) - Successfully un-registered JMX Bean with object name Ratis:service=RaftServer,group=group-4BDB53EFA369,id=60a49fad-6bbc-4e1d-b332-64cc210e3f49
2019-10-14 19:31:26,362 [main] INFO  impl.RoleInfo (RoleInfo.java:shutdownLeaderState(104)) - 60a49fad-6bbc-4e1d-b332-64cc210e3f49: shutdown LeaderState
2019-10-14 19:31:26,362 [ForkJoinPool.commonPool-worker-0] INFO  impl.RoleInfo (RoleInfo.java:shutdownFollowerState(121)) - 60a49fad-6bbc-4e1d-b332-64cc210e3f49: shutdown FollowerState
2019-10-14 19:31:26,363 [main] INFO  impl.PendingRequests (PendingRequests.java:sendNotLeaderResponses(202)) - 60a49fad-6bbc-4e1d-b332-64cc210e3f49@group-6A6C8A4AD01B-PendingRequests: sendNotLeaderResponses
2019-10-14 19:31:26,363 [60a49fad-6bbc-4e1d-b332-64cc210e3f49@group-4BDB53EFA369-StateMachineUpdater] INFO  ratis.ContainerStateMachine (ContainerStateMachine.java:takeSnapshot(296)) - group-4BDB53EFA369: Taking a snapshot at:(t:1, i:1) file /workdir/hadoop-ozone/integration-test/target/test-dir/MiniOzoneClusterImpl-5426e04b-cf13-4b79-ba23-0228079aae76/datanode-1/data/ratis/07e20a41-aeac-4fd2-b36b-4bdb53efa369/sm/snapshot.1_1
2019-10-14 19:31:26,363 [Thread-1566] INFO  impl.FollowerState (FollowerState.java:run(117)) - 60a49fad-6bbc-4e1d-b332-64cc210e3f49@group-4BDB53EFA369-FollowerState was interrupted: java.lang.InterruptedException: sleep interrupted
2019-10-14 19:31:26,363 [ForkJoinPool.commonPool-worker-0] INFO  impl.StateMachineUpdater (StateMachineUpdater.java:stopAndJoin(136)) - 60a49fad-6bbc-4e1d-b332-64cc210e3f49@group-4BDB53EFA369-StateMachineUpdater: set stopIndex = 2
2019-10-14 19:31:26,364 [main] INFO  impl.StateMachineUpdater (StateMachineUpdater.java:stopAndJoin(136)) - 60a49fad-6bbc-4e1d-b332-64cc210e3f49@group-6A6C8A4AD01B-StateMachineUpdater: set stopIndex = 0
2019-10-14 19:31:26,368 [main] INFO  impl.RaftServerImpl (ServerState.java:close(387)) - 60a49fad-6bbc-4e1d-b332-64cc210e3f49@group-6A6C8A4AD01B: closes. applyIndex: 0
2019-10-14 19:31:26,368 [60a49fad-6bbc-4e1d-b332-64cc210e3f49@group-6A6C8A4AD01B-SegmentedRaftLogWorker] INFO  segmented.SegmentedRaftLogWorker (SegmentedRaftLogWorker.java:run(316)) - 60a49fad-6bbc-4e1d-b332-64cc210e3f49@group-6A6C8A4AD01B-SegmentedRaftLogWorker was interrupted, exiting. There are 0 tasks remaining in the queue.
2019-10-14 19:31:26,371 [main] INFO  segmented.SegmentedRaftLogWorker (SegmentedRaftLogWorker.java:close(224)) - 60a49fad-6bbc-4e1d-b332-64cc210e3f49@group-6A6C8A4AD01B-SegmentedRaftLogWorker close()
2019-10-14 19:31:26,390 [60a49fad-6bbc-4e1d-b332-64cc210e3f49@group-4BDB53EFA369-StateMachineUpdater] INFO  ratis.ContainerStateMachine (ContainerStateMachine.java:takeSnapshot(307)) - group-4BDB53EFA369: Finished taking a snapshot at:(t:1, i:1) file:/workdir/hadoop-ozone/integration-test/target/test-dir/MiniOzoneClusterImpl-5426e04b-cf13-4b79-ba23-0228079aae76/datanode-1/data/ratis/07e20a41-aeac-4fd2-b36b-4bdb53efa369/sm/snapshot.1_1 time:27
2019-10-14 19:31:26,390 [60a49fad-6bbc-4e1d-b332-64cc210e3f49@group-4BDB53EFA369-StateMachineUpdater] INFO  impl.StateMachineUpdater (StateMachineUpdater.java:takeSnapshot(269)) - 60a49fad-6bbc-4e1d-b332-64cc210e3f49@group-4BDB53EFA369-StateMachineUpdater: Took a snapshot at index 1
2019-10-14 19:31:26,391 [60a49fad-6bbc-4e1d-b332-64cc210e3f49@group-4BDB53EFA369-StateMachineUpdater] INFO  impl.StateMachineUpdater (StateMachineUpdater.java:lambda$new$0(84)) - 60a49fad-6bbc-4e1d-b332-64cc210e3f49@group-4BDB53EFA369-StateMachineUpdater: snapshotIndex: updateIncreasingly -1 -> 1
2019-10-14 19:31:26,391 [60a49fad-6bbc-4e1d-b332-64cc210e3f49@group-4BDB53EFA369-StateMachineUpdater] INFO  ratis.ContainerStateMachine (ContainerStateMachine.java:takeSnapshot(296)) - group-4BDB53EFA369: Taking a snapshot at:(t:1, i:1) file /workdir/hadoop-ozone/integration-test/target/test-dir/MiniOzoneClusterImpl-5426e04b-cf13-4b79-ba23-0228079aae76/datanode-1/data/ratis/07e20a41-aeac-4fd2-b36b-4bdb53efa369/sm/snapshot.1_1
2019-10-14 19:31:26,413 [60a49fad-6bbc-4e1d-b332-64cc210e3f49@group-4BDB53EFA369-StateMachineUpdater] INFO  ratis.ContainerStateMachine (ContainerStateMachine.java:takeSnapshot(307)) - group-4BDB53EFA369: Finished taking a snapshot at:(t:1, i:1) file:/workdir/hadoop-ozone/integration-test/target/test-dir/MiniOzoneClusterImpl-5426e04b-cf13-4b79-ba23-0228079aae76/datanode-1/data/ratis/07e20a41-aeac-4fd2-b36b-4bdb53efa369/sm/snapshot.1_1 time:22
2019-10-14 19:31:26,414 [60a49fad-6bbc-4e1d-b332-64cc210e3f49@group-4BDB53EFA369-StateMachineUpdater] INFO  impl.StateMachineUpdater (StateMachineUpdater.java:takeSnapshot(269)) - 60a49fad-6bbc-4e1d-b332-64cc210e3f49@group-4BDB53EFA369-StateMachineUpdater: Took a snapshot at index 1
2019-10-14 19:31:26,414 [60a49fad-6bbc-4e1d-b332-64cc210e3f49@group-4BDB53EFA369-StateMachineUpdater] INFO  impl.StateMachineUpdater (StateMachineUpdater.java:lambda$new$0(84)) - 60a49fad-6bbc-4e1d-b332-64cc210e3f49@group-4BDB53EFA369-StateMachineUpdater: snapshotIndex: updateIncreasingly 1 -> 1
2019-10-14 19:31:26,414 [ForkJoinPool.commonPool-worker-0] INFO  impl.RaftServerImpl (ServerState.java:close(387)) - 60a49fad-6bbc-4e1d-b332-64cc210e3f49@group-4BDB53EFA369: closes. applyIndex: 2
2019-10-14 19:31:26,414 [60a49fad-6bbc-4e1d-b332-64cc210e3f49@group-4BDB53EFA369-SegmentedRaftLogWorker] INFO  segmented.SegmentedRaftLogWorker (SegmentedRaftLogWorker.java:run(316)) - 60a49fad-6bbc-4e1d-b332-64cc210e3f49@group-4BDB53EFA369-SegmentedRaftLogWorker was interrupted, exiting. There are 0 tasks remaining in the queue.
2019-10-14 19:31:26,418 [ForkJoinPool.commonPool-worker-0] INFO  segmented.SegmentedRaftLogWorker (SegmentedRaftLogWorker.java:close(224)) - 60a49fad-6bbc-4e1d-b332-64cc210e3f49@group-4BDB53EFA369-SegmentedRaftLogWorker close()
2019-10-14 19:31:26,418 [main] INFO  server.GrpcService (GrpcService.java:closeImpl(164)) - 60a49fad-6bbc-4e1d-b332-64cc210e3f49: shutdown server with port 42016 now
2019-10-14 19:31:26,419 [grpc-default-executor-2] WARN  server.GrpcServerProtocolService (LogUtils.java:warn(134)) - 60a49fad-6bbc-4e1d-b332-64cc210e3f49: installSnapshot onError, lastRequest: 09a9200a-ead6-4084-a723-89436f5cacce->60a49fad-6bbc-4e1d-b332-64cc210e3f49#5-t1, previous=(t:1, i:2), leaderCommit=2, initializing? false, entries: <empty>: org.apache.ratis.thirdparty.io.grpc.StatusRuntimeException: CANCELLED: cancelled before receiving half close
2019-10-14 19:31:26,420 [grpc-default-executor-1] WARN  server.GrpcLogAppender (LogUtils.java:warn(134)) - 09a9200a-ead6-4084-a723-89436f5cacce@group-4BDB53EFA369->60a49fad-6bbc-4e1d-b332-64cc210e3f49-AppendLogResponseHandler: Failed appendEntries: org.apache.ratis.thirdparty.io.grpc.StatusRuntimeException: CANCELLED: HTTP/2 error code: CANCEL
Received Rst Stream
2019-10-14 19:31:26,420 [main] INFO  server.GrpcService (GrpcService.java:closeImpl(172)) - 60a49fad-6bbc-4e1d-b332-64cc210e3f49: shutdown server with port 42016 successfully
2019-10-14 19:31:26,420 [grpc-default-executor-1] INFO  impl.FollowerInfo (FollowerInfo.java:lambda$new$0(51)) - 09a9200a-ead6-4084-a723-89436f5cacce@group-4BDB53EFA369->60a49fad-6bbc-4e1d-b332-64cc210e3f49: nextIndex: updateUnconditionally 3 -> 2
2019-10-14 19:31:26,422 [refreshUsed-/workdir/hadoop-ozone/integration-test/target/test-dir/MiniOzoneClusterImpl-5426e04b-cf13-4b79-ba23-0228079aae76/datanode-1/data/containers] WARN  fs.CachingGetSpaceUsed (CachingGetSpaceUsed.java:run(183)) - Thread Interrupted waiting to refresh disk information: sleep interrupted
2019-10-14 19:31:26,440 [main] INFO  utils.BackgroundService (BackgroundService.java:shutdown(151)) - Shutting down service BlockDeletingService
2019-10-14 19:31:26,447 [main] INFO  statemachine.DatanodeStateMachine (DatanodeStateMachine.java:stopDaemon(395)) - Ozone container server stopped.
2019-10-14 19:31:26,448 [main] INFO  handler.ContextHandler (ContextHandler.java:doStop(910)) - Stopped o.e.j.w.WebAppContext@44dc7b7d{/,null,UNAVAILABLE}{/hddsDatanode}
2019-10-14 19:31:26,449 [main] INFO  server.AbstractConnector (AbstractConnector.java:doStop(318)) - Stopped ServerConnector@15fb4566{HTTP/1.1,[http/1.1]}{0.0.0.0:0}
2019-10-14 19:31:26,450 [main] INFO  handler.ContextHandler (ContextHandler.java:doStop(910)) - Stopped o.e.j.s.ServletContextHandler@9accff0{/static,jar:file:/home/user/.m2/repository/org/apache/hadoop/hadoop-hdds-container-service/0.5.0-SNAPSHOT/hadoop-hdds-container-service-0.5.0-SNAPSHOT.jar!/webapps/static,UNAVAILABLE}
2019-10-14 19:31:26,450 [main] INFO  handler.ContextHandler (ContextHandler.java:doStop(910)) - Stopped o.e.j.s.ServletContextHandler@6a32191e{/logs,file:///workdir/hadoop-ozone/integration-test/target/log,UNAVAILABLE}
2019-10-14 19:31:27,387 [Datanode State Machine Thread - 0] INFO  statemachine.DatanodeStateMachine (DatanodeStateMachine.java:lambda$startDaemon$0(350)) - Ozone container server started.
2019-10-14 19:31:28,722 [grpc-default-executor-2] WARN  server.GrpcLogAppender (LogUtils.java:warn(134)) - 09a9200a-ead6-4084-a723-89436f5cacce@group-4BDB53EFA369->60a49fad-6bbc-4e1d-b332-64cc210e3f49-AppendLogResponseHandler: Failed appendEntries: org.apache.ratis.thirdparty.io.grpc.StatusRuntimeException: UNAVAILABLE: io exception
2019-10-14 19:31:28,723 [grpc-default-executor-2] INFO  impl.FollowerInfo (FollowerInfo.java:lambda$new$0(51)) - 09a9200a-ead6-4084-a723-89436f5cacce@group-4BDB53EFA369->60a49fad-6bbc-4e1d-b332-64cc210e3f49: nextIndex: updateUnconditionally 2 -> 1
2019-10-14 19:31:31,227 [grpc-default-executor-0] WARN  server.GrpcLogAppender (LogUtils.java:warn(134)) - 09a9200a-ead6-4084-a723-89436f5cacce@group-4BDB53EFA369->60a49fad-6bbc-4e1d-b332-64cc210e3f49-AppendLogResponseHandler: Failed appendEntries: org.apache.ratis.thirdparty.io.grpc.StatusRuntimeException: UNAVAILABLE: io exception
2019-10-14 19:31:31,229 [grpc-default-executor-0] INFO  impl.FollowerInfo (FollowerInfo.java:lambda$new$0(51)) - 09a9200a-ead6-4084-a723-89436f5cacce@group-4BDB53EFA369->60a49fad-6bbc-4e1d-b332-64cc210e3f49: nextIndex: updateUnconditionally 1 -> 0
2019-10-14 19:31:31,452 [main] INFO  ozoneimpl.OzoneContainer (OzoneContainer.java:stop(227)) - Attempting to stop container services.
2019-10-14 19:31:31,454 [main] INFO  impl.RaftServerProxy (RaftServerProxy.java:lambda$close$4(314)) - 670e30cf-8b9d-44a8-8fa0-e58ec8ba4c01: close
2019-10-14 19:31:31,455 [main] INFO  impl.RaftServerImpl (RaftServerImpl.java:lambda$shutdown$3(247)) - 670e30cf-8b9d-44a8-8fa0-e58ec8ba4c01@group-657F7D2F23EA: shutdown
2019-10-14 19:31:31,455 [main] INFO  util.JmxRegister (JmxRegister.java:unregister(73)) - Successfully un-registered JMX Bean with object name Ratis:service=RaftServer,group=group-657F7D2F23EA,id=670e30cf-8b9d-44a8-8fa0-e58ec8ba4c01
2019-10-14 19:31:31,456 [main] INFO  impl.RoleInfo (RoleInfo.java:shutdownLeaderState(104)) - 670e30cf-8b9d-44a8-8fa0-e58ec8ba4c01: shutdown LeaderState
2019-10-14 19:31:31,456 [main] INFO  impl.PendingRequests (PendingRequests.java:sendNotLeaderResponses(202)) - 670e30cf-8b9d-44a8-8fa0-e58ec8ba4c01@group-657F7D2F23EA-PendingRequests: sendNotLeaderResponses
2019-10-14 19:31:31,457 [main] INFO  impl.StateMachineUpdater (StateMachineUpdater.java:stopAndJoin(136)) - 670e30cf-8b9d-44a8-8fa0-e58ec8ba4c01@group-657F7D2F23EA-StateMachineUpdater: set stopIndex = 0
2019-10-14 19:31:31,458 [main] INFO  impl.RaftServerImpl (ServerState.java:close(387)) - 670e30cf-8b9d-44a8-8fa0-e58ec8ba4c01@group-657F7D2F23EA: closes. applyIndex: 0
2019-10-14 19:31:31,458 [670e30cf-8b9d-44a8-8fa0-e58ec8ba4c01@group-657F7D2F23EA-SegmentedRaftLogWorker] INFO  segmented.SegmentedRaftLogWorker (SegmentedRaftLogWorker.java:run(316)) - 670e30cf-8b9d-44a8-8fa0-e58ec8ba4c01@group-657F7D2F23EA-SegmentedRaftLogWorker was interrupted, exiting. There are 0 tasks remaining in the queue.
2019-10-14 19:31:31,462 [main] INFO  segmented.SegmentedRaftLogWorker (SegmentedRaftLogWorker.java:close(224)) - 670e30cf-8b9d-44a8-8fa0-e58ec8ba4c01@group-657F7D2F23EA-SegmentedRaftLogWorker close()
2019-10-14 19:31:31,464 [main] INFO  impl.RaftServerImpl (RaftServerImpl.java:lambda$shutdown$3(247)) - 670e30cf-8b9d-44a8-8fa0-e58ec8ba4c01@group-4BDB53EFA369: shutdown
2019-10-14 19:31:31,464 [main] INFO  util.JmxRegister (JmxRegister.java:unregister(73)) - Successfully un-registered JMX Bean with object name Ratis:service=RaftServer,group=group-4BDB53EFA369,id=670e30cf-8b9d-44a8-8fa0-e58ec8ba4c01
2019-10-14 19:31:31,465 [main] INFO  impl.RoleInfo (RoleInfo.java:shutdownFollowerState(121)) - 670e30cf-8b9d-44a8-8fa0-e58ec8ba4c01: shutdown FollowerState
2019-10-14 19:31:31,465 [main] INFO  impl.StateMachineUpdater (StateMachineUpdater.java:stopAndJoin(136)) - 670e30cf-8b9d-44a8-8fa0-e58ec8ba4c01@group-4BDB53EFA369-StateMachineUpdater: set stopIndex = 2
2019-10-14 19:31:31,465 [Thread-1567] INFO  impl.FollowerState (FollowerState.java:run(117)) - 670e30cf-8b9d-44a8-8fa0-e58ec8ba4c01@group-4BDB53EFA369-FollowerState was interrupted: java.lang.InterruptedException: sleep interrupted
2019-10-14 19:31:31,465 [670e30cf-8b9d-44a8-8fa0-e58ec8ba4c01@group-4BDB53EFA369-StateMachineUpdater] INFO  ratis.ContainerStateMachine (ContainerStateMachine.java:takeSnapshot(296)) - group-4BDB53EFA369: Taking a snapshot at:(t:1, i:1) file /workdir/hadoop-ozone/integration-test/target/test-dir/MiniOzoneClusterImpl-5426e04b-cf13-4b79-ba23-0228079aae76/datanode-4/data/ratis/07e20a41-aeac-4fd2-b36b-4bdb53efa369/sm/snapshot.1_1
2019-10-14 19:31:31,512 [670e30cf-8b9d-44a8-8fa0-e58ec8ba4c01@group-4BDB53EFA369-StateMachineUpdater] INFO  ratis.ContainerStateMachine (ContainerStateMachine.java:takeSnapshot(307)) - group-4BDB53EFA369: Finished taking a snapshot at:(t:1, i:1) file:/workdir/hadoop-ozone/integration-test/target/test-dir/MiniOzoneClusterImpl-5426e04b-cf13-4b79-ba23-0228079aae76/datanode-4/data/ratis/07e20a41-aeac-4fd2-b36b-4bdb53efa369/sm/snapshot.1_1 time:47
2019-10-14 19:31:31,512 [670e30cf-8b9d-44a8-8fa0-e58ec8ba4c01@group-4BDB53EFA369-StateMachineUpdater] INFO  impl.StateMachineUpdater (StateMachineUpdater.java:takeSnapshot(269)) - 670e30cf-8b9d-44a8-8fa0-e58ec8ba4c01@group-4BDB53EFA369-StateMachineUpdater: Took a snapshot at index 1
2019-10-14 19:31:31,513 [670e30cf-8b9d-44a8-8fa0-e58ec8ba4c01@group-4BDB53EFA369-StateMachineUpdater] INFO  impl.StateMachineUpdater (StateMachineUpdater.java:lambda$new$0(84)) - 670e30cf-8b9d-44a8-8fa0-e58ec8ba4c01@group-4BDB53EFA369-StateMachineUpdater: snapshotIndex: updateIncreasingly -1 -> 1
2019-10-14 19:31:31,513 [670e30cf-8b9d-44a8-8fa0-e58ec8ba4c01@group-4BDB53EFA369-StateMachineUpdater] INFO  ratis.ContainerStateMachine (ContainerStateMachine.java:takeSnapshot(296)) - group-4BDB53EFA369: Taking a snapshot at:(t:1, i:1) file /workdir/hadoop-ozone/integration-test/target/test-dir/MiniOzoneClusterImpl-5426e04b-cf13-4b79-ba23-0228079aae76/datanode-4/data/ratis/07e20a41-aeac-4fd2-b36b-4bdb53efa369/sm/snapshot.1_1
2019-10-14 19:31:31,537 [670e30cf-8b9d-44a8-8fa0-e58ec8ba4c01@group-4BDB53EFA369-StateMachineUpdater] INFO  ratis.ContainerStateMachine (ContainerStateMachine.java:takeSnapshot(307)) - group-4BDB53EFA369: Finished taking a snapshot at:(t:1, i:1) file:/workdir/hadoop-ozone/integration-test/target/test-dir/MiniOzoneClusterImpl-5426e04b-cf13-4b79-ba23-0228079aae76/datanode-4/data/ratis/07e20a41-aeac-4fd2-b36b-4bdb53efa369/sm/snapshot.1_1 time:24
2019-10-14 19:31:31,537 [670e30cf-8b9d-44a8-8fa0-e58ec8ba4c01@group-4BDB53EFA369-StateMachineUpdater] INFO  impl.StateMachineUpdater (StateMachineUpdater.java:takeSnapshot(269)) - 670e30cf-8b9d-44a8-8fa0-e58ec8ba4c01@group-4BDB53EFA369-StateMachineUpdater: Took a snapshot at index 1
2019-10-14 19:31:31,538 [670e30cf-8b9d-44a8-8fa0-e58ec8ba4c01@group-4BDB53EFA369-StateMachineUpdater] INFO  impl.StateMachineUpdater (StateMachineUpdater.java:lambda$new$0(84)) - 670e30cf-8b9d-44a8-8fa0-e58ec8ba4c01@group-4BDB53EFA369-StateMachineUpdater: snapshotIndex: updateIncreasingly 1 -> 1
2019-10-14 19:31:31,538 [main] INFO  impl.RaftServerImpl (ServerState.java:close(387)) - 670e30cf-8b9d-44a8-8fa0-e58ec8ba4c01@group-4BDB53EFA369: closes. applyIndex: 2
2019-10-14 19:31:31,538 [670e30cf-8b9d-44a8-8fa0-e58ec8ba4c01@group-4BDB53EFA369-SegmentedRaftLogWorker] INFO  segmented.SegmentedRaftLogWorker (SegmentedRaftLogWorker.java:run(316)) - 670e30cf-8b9d-44a8-8fa0-e58ec8ba4c01@group-4BDB53EFA369-SegmentedRaftLogWorker was interrupted, exiting. There are 0 tasks remaining in the queue.
2019-10-14 19:31:31,541 [main] INFO  segmented.SegmentedRaftLogWorker (SegmentedRaftLogWorker.java:close(224)) - 670e30cf-8b9d-44a8-8fa0-e58ec8ba4c01@group-4BDB53EFA369-SegmentedRaftLogWorker close()
2019-10-14 19:31:31,544 [main] INFO  server.GrpcService (GrpcService.java:closeImpl(164)) - 670e30cf-8b9d-44a8-8fa0-e58ec8ba4c01: shutdown server with port 41985 now
2019-10-14 19:31:31,545 [grpc-default-executor-2] WARN  server.GrpcServerProtocolService (LogUtils.java:warn(134)) - 670e30cf-8b9d-44a8-8fa0-e58ec8ba4c01: installSnapshot onError, lastRequest: 09a9200a-ead6-4084-a723-89436f5cacce->670e30cf-8b9d-44a8-8fa0-e58ec8ba4c01#7-t1, previous=(t:1, i:2), leaderCommit=2, initializing? false, entries: <empty>: org.apache.ratis.thirdparty.io.grpc.StatusRuntimeException: CANCELLED: cancelled before receiving half close
2019-10-14 19:31:31,546 [main] INFO  server.GrpcService (GrpcService.java:closeImpl(172)) - 670e30cf-8b9d-44a8-8fa0-e58ec8ba4c01: shutdown server with port 41985 successfully
2019-10-14 19:31:31,546 [grpc-default-executor-0] WARN  server.GrpcLogAppender (LogUtils.java:warn(134)) - 09a9200a-ead6-4084-a723-89436f5cacce@group-4BDB53EFA369->670e30cf-8b9d-44a8-8fa0-e58ec8ba4c01-AppendLogResponseHandler: Failed appendEntries: org.apache.ratis.thirdparty.io.grpc.StatusRuntimeException: CANCELLED: HTTP/2 error code: CANCEL
Received Rst Stream
2019-10-14 19:31:31,546 [grpc-default-executor-0] INFO  impl.FollowerInfo (FollowerInfo.java:lambda$new$0(51)) - 09a9200a-ead6-4084-a723-89436f5cacce@group-4BDB53EFA369->670e30cf-8b9d-44a8-8fa0-e58ec8ba4c01: nextIndex: updateUnconditionally 3 -> 2
2019-10-14 19:31:31,548 [refreshUsed-/workdir/hadoop-ozone/integration-test/target/test-dir/MiniOzoneClusterImpl-5426e04b-cf13-4b79-ba23-0228079aae76/datanode-4/data/containers] WARN  fs.CachingGetSpaceUsed (CachingGetSpaceUsed.java:run(183)) - Thread Interrupted waiting to refresh disk information: sleep interrupted
2019-10-14 19:31:31,565 [main] INFO  utils.BackgroundService (BackgroundService.java:shutdown(151)) - Shutting down service BlockDeletingService
2019-10-14 19:31:31,571 [main] INFO  statemachine.DatanodeStateMachine (DatanodeStateMachine.java:stopDaemon(395)) - Ozone container server stopped.
2019-10-14 19:31:31,572 [main] INFO  handler.ContextHandler (ContextHandler.java:doStop(910)) - Stopped o.e.j.w.WebAppContext@58fd1214{/,null,UNAVAILABLE}{/hddsDatanode}
2019-10-14 19:31:31,573 [main] INFO  server.AbstractConnector (AbstractConnector.java:doStop(318)) - Stopped ServerConnector@7d8cf9ac{HTTP/1.1,[http/1.1]}{0.0.0.0:0}
2019-10-14 19:31:31,573 [main] INFO  handler.ContextHandler (ContextHandler.java:doStop(910)) - Stopped o.e.j.s.ServletContextHandler@64bebd55{/static,jar:file:/home/user/.m2/repository/org/apache/hadoop/hadoop-hdds-container-service/0.5.0-SNAPSHOT/hadoop-hdds-container-service-0.5.0-SNAPSHOT.jar!/webapps/static,UNAVAILABLE}
2019-10-14 19:31:31,574 [main] INFO  handler.ContextHandler (ContextHandler.java:doStop(910)) - Stopped o.e.j.s.ServletContextHandler@4451f60c{/logs,file:///workdir/hadoop-ozone/integration-test/target/log,UNAVAILABLE}
2019-10-14 19:31:33,725 [grpc-default-executor-2] WARN  server.GrpcLogAppender (LogUtils.java:warn(134)) - 09a9200a-ead6-4084-a723-89436f5cacce@group-4BDB53EFA369->60a49fad-6bbc-4e1d-b332-64cc210e3f49-AppendLogResponseHandler: Failed appendEntries: org.apache.ratis.thirdparty.io.grpc.StatusRuntimeException: UNAVAILABLE: io exception
2019-10-14 19:31:33,726 [grpc-default-executor-2] INFO  impl.FollowerInfo (FollowerInfo.java:lambda$new$0(51)) - 09a9200a-ead6-4084-a723-89436f5cacce@group-4BDB53EFA369->60a49fad-6bbc-4e1d-b332-64cc210e3f49: nextIndex: updateUnconditionally 0 -> 0
2019-10-14 19:31:33,726 [grpc-default-executor-0] WARN  server.GrpcLogAppender (LogUtils.java:warn(134)) - 09a9200a-ead6-4084-a723-89436f5cacce@group-4BDB53EFA369->670e30cf-8b9d-44a8-8fa0-e58ec8ba4c01-AppendLogResponseHandler: Failed appendEntries: org.apache.ratis.thirdparty.io.grpc.StatusRuntimeException: UNAVAILABLE: io exception
2019-10-14 19:31:33,726 [grpc-default-executor-0] INFO  impl.FollowerInfo (FollowerInfo.java:lambda$new$0(51)) - 09a9200a-ead6-4084-a723-89436f5cacce@group-4BDB53EFA369->670e30cf-8b9d-44a8-8fa0-e58ec8ba4c01: nextIndex: updateUnconditionally 2 -> 1
2019-10-14 19:31:36,231 [grpc-default-executor-1] WARN  server.GrpcLogAppender (LogUtils.java:warn(134)) - 09a9200a-ead6-4084-a723-89436f5cacce@group-4BDB53EFA369->60a49fad-6bbc-4e1d-b332-64cc210e3f49-AppendLogResponseHandler: Failed appendEntries: org.apache.ratis.thirdparty.io.grpc.StatusRuntimeException: UNAVAILABLE: io exception
2019-10-14 19:31:36,231 [grpc-default-executor-0] WARN  server.GrpcLogAppender (LogUtils.java:warn(134)) - 09a9200a-ead6-4084-a723-89436f5cacce@group-4BDB53EFA369->670e30cf-8b9d-44a8-8fa0-e58ec8ba4c01-AppendLogResponseHandler: Failed appendEntries: org.apache.ratis.thirdparty.io.grpc.StatusRuntimeException: UNAVAILABLE: io exception
2019-10-14 19:31:36,232 [grpc-default-executor-1] INFO  impl.FollowerInfo (FollowerInfo.java:lambda$new$0(51)) - 09a9200a-ead6-4084-a723-89436f5cacce@group-4BDB53EFA369->60a49fad-6bbc-4e1d-b332-64cc210e3f49: nextIndex: updateUnconditionally 0 -> 0
2019-10-14 19:31:36,232 [grpc-default-executor-0] INFO  impl.FollowerInfo (FollowerInfo.java:lambda$new$0(51)) - 09a9200a-ead6-4084-a723-89436f5cacce@group-4BDB53EFA369->670e30cf-8b9d-44a8-8fa0-e58ec8ba4c01: nextIndex: updateUnconditionally 1 -> 0
2019-10-14 19:31:38,728 [grpc-default-executor-1] WARN  server.GrpcLogAppender (LogUtils.java:warn(134)) - 09a9200a-ead6-4084-a723-89436f5cacce@group-4BDB53EFA369->670e30cf-8b9d-44a8-8fa0-e58ec8ba4c01-AppendLogResponseHandler: Failed appendEntries: org.apache.ratis.thirdparty.io.grpc.StatusRuntimeException: UNAVAILABLE: io exception
2019-10-14 19:31:38,729 [grpc-default-executor-0] WARN  server.GrpcLogAppender (LogUtils.java:warn(134)) - 09a9200a-ead6-4084-a723-89436f5cacce@group-4BDB53EFA369->60a49fad-6bbc-4e1d-b332-64cc210e3f49-AppendLogResponseHandler: Failed appendEntries: org.apache.ratis.thirdparty.io.grpc.StatusRuntimeException: UNAVAILABLE: io exception
2019-10-14 19:31:38,729 [grpc-default-executor-1] INFO  impl.FollowerInfo (FollowerInfo.java:lambda$new$0(51)) - 09a9200a-ead6-4084-a723-89436f5cacce@group-4BDB53EFA369->670e30cf-8b9d-44a8-8fa0-e58ec8ba4c01: nextIndex: updateUnconditionally 0 -> 0
2019-10-14 19:31:38,729 [grpc-default-executor-0] INFO  impl.FollowerInfo (FollowerInfo.java:lambda$new$0(51)) - 09a9200a-ead6-4084-a723-89436f5cacce@group-4BDB53EFA369->60a49fad-6bbc-4e1d-b332-64cc210e3f49: nextIndex: updateUnconditionally 0 -> 0
2019-10-14 19:31:41,234 [grpc-default-executor-1] WARN  server.GrpcLogAppender (LogUtils.java:warn(134)) - 09a9200a-ead6-4084-a723-89436f5cacce@group-4BDB53EFA369->60a49fad-6bbc-4e1d-b332-64cc210e3f49-AppendLogResponseHandler: Failed appendEntries: org.apache.ratis.thirdparty.io.grpc.StatusRuntimeException: UNAVAILABLE: io exception
2019-10-14 19:31:41,234 [grpc-default-executor-0] WARN  server.GrpcLogAppender (LogUtils.java:warn(134)) - 09a9200a-ead6-4084-a723-89436f5cacce@group-4BDB53EFA369->670e30cf-8b9d-44a8-8fa0-e58ec8ba4c01-AppendLogResponseHandler: Failed appendEntries: org.apache.ratis.thirdparty.io.grpc.StatusRuntimeException: UNAVAILABLE: io exception
2019-10-14 19:31:41,236 [grpc-default-executor-1] INFO  impl.FollowerInfo (FollowerInfo.java:lambda$new$0(51)) - 09a9200a-ead6-4084-a723-89436f5cacce@group-4BDB53EFA369->60a49fad-6bbc-4e1d-b332-64cc210e3f49: nextIndex: updateUnconditionally 0 -> 0
2019-10-14 19:31:41,236 [grpc-default-executor-0] INFO  impl.FollowerInfo (FollowerInfo.java:lambda$new$0(51)) - 09a9200a-ead6-4084-a723-89436f5cacce@group-4BDB53EFA369->670e30cf-8b9d-44a8-8fa0-e58ec8ba4c01: nextIndex: updateUnconditionally 0 -> 0
2019-10-14 19:31:41,685 [Thread-1641] INFO  client.GrpcClientProtocolService (GrpcClientProtocolService.java:lambda$processClientRequest$0(278)) - Failed RaftClientRequest:client-E1CD567F8D9E->09a9200a-ead6-4084-a723-89436f5cacce@group-4BDB53EFA369, cid=119, seq=0, Watch-ALL_COMMITTED(43), Message:<EMPTY>, reply=RaftClientReply:client-E1CD567F8D9E->09a9200a-ead6-4084-a723-89436f5cacce@group-4BDB53EFA369, cid=119, FAILED org.apache.ratis.protocol.NotReplicatedException: Request with call Id 119 and log index 43 is not yet replicated to ALL_COMMITTED, logIndex=43, commits[09a9200a-ead6-4084-a723-89436f5cacce:c2, 60a49fad-6bbc-4e1d-b332-64cc210e3f49:c2, 670e30cf-8b9d-44a8-8fa0-e58ec8ba4c01:c2]
2019-10-14 19:31:43,732 [grpc-default-executor-3] WARN  server.GrpcLogAppender (LogUtils.java:warn(134)) - 09a9200a-ead6-4084-a723-89436f5cacce@group-4BDB53EFA369->60a49fad-6bbc-4e1d-b332-64cc210e3f49-AppendLogResponseHandler: Failed appendEntries: org.apache.ratis.thirdparty.io.grpc.StatusRuntimeException: UNAVAILABLE: io exception
2019-10-14 19:31:43,732 [grpc-default-executor-2] WARN  server.GrpcLogAppender (LogUtils.java:warn(134)) - 09a9200a-ead6-4084-a723-89436f5cacce@group-4BDB53EFA369->670e30cf-8b9d-44a8-8fa0-e58ec8ba4c01-AppendLogResponseHandler: Failed appendEntries: org.apache.ratis.thirdparty.io.grpc.StatusRuntimeException: UNAVAILABLE: io exception
2019-10-14 19:31:43,735 [grpc-default-executor-3] INFO  impl.FollowerInfo (FollowerInfo.java:lambda$new$0(51)) - 09a9200a-ead6-4084-a723-89436f5cacce@group-4BDB53EFA369->60a49fad-6bbc-4e1d-b332-64cc210e3f49: nextIndex: updateUnconditionally 0 -> 0
2019-10-14 19:31:43,735 [grpc-default-executor-2] INFO  impl.FollowerInfo (FollowerInfo.java:lambda$new$0(51)) - 09a9200a-ead6-4084-a723-89436f5cacce@group-4BDB53EFA369->670e30cf-8b9d-44a8-8fa0-e58ec8ba4c01: nextIndex: updateUnconditionally 0 -> 0
2019-10-14 19:31:46,235 [grpc-default-executor-4] WARN  server.GrpcLogAppender (LogUtils.java:warn(134)) - 09a9200a-ead6-4084-a723-89436f5cacce@group-4BDB53EFA369->670e30cf-8b9d-44a8-8fa0-e58ec8ba4c01-AppendLogResponseHandler: Failed appendEntries: org.apache.ratis.thirdparty.io.grpc.StatusRuntimeException: UNAVAILABLE: io exception
2019-10-14 19:31:46,235 [grpc-default-executor-2] WARN  server.GrpcLogAppender (LogUtils.java:warn(134)) - 09a9200a-ead6-4084-a723-89436f5cacce@group-4BDB53EFA369->60a49fad-6bbc-4e1d-b332-64cc210e3f49-AppendLogResponseHandler: Failed appendEntries: org.apache.ratis.thirdparty.io.grpc.StatusRuntimeException: UNAVAILABLE: io exception
2019-10-14 19:31:46,235 [grpc-default-executor-4] INFO  impl.FollowerInfo (FollowerInfo.java:lambda$new$0(51)) - 09a9200a-ead6-4084-a723-89436f5cacce@group-4BDB53EFA369->670e30cf-8b9d-44a8-8fa0-e58ec8ba4c01: nextIndex: updateUnconditionally 0 -> 0
2019-10-14 19:31:46,235 [grpc-default-executor-2] INFO  impl.FollowerInfo (FollowerInfo.java:lambda$new$0(51)) - 09a9200a-ead6-4084-a723-89436f5cacce@group-4BDB53EFA369->60a49fad-6bbc-4e1d-b332-64cc210e3f49: nextIndex: updateUnconditionally 0 -> 0
2019-10-14 19:31:48,738 [grpc-default-executor-4] WARN  server.GrpcLogAppender (LogUtils.java:warn(134)) - 09a9200a-ead6-4084-a723-89436f5cacce@group-4BDB53EFA369->670e30cf-8b9d-44a8-8fa0-e58ec8ba4c01-AppendLogResponseHandler: Failed appendEntries: org.apache.ratis.thirdparty.io.grpc.StatusRuntimeException: UNAVAILABLE: io exception
2019-10-14 19:31:48,738 [grpc-default-executor-2] WARN  server.GrpcLogAppender (LogUtils.java:warn(134)) - 09a9200a-ead6-4084-a723-89436f5cacce@group-4BDB53EFA369->60a49fad-6bbc-4e1d-b332-64cc210e3f49-AppendLogResponseHandler: Failed appendEntries: org.apache.ratis.thirdparty.io.grpc.StatusRuntimeException: UNAVAILABLE: io exception
2019-10-14 19:31:48,739 [grpc-default-executor-4] INFO  impl.FollowerInfo (FollowerInfo.java:lambda$new$0(51)) - 09a9200a-ead6-4084-a723-89436f5cacce@group-4BDB53EFA369->670e30cf-8b9d-44a8-8fa0-e58ec8ba4c01: nextIndex: updateUnconditionally 0 -> 0
2019-10-14 19:31:48,739 [grpc-default-executor-2] INFO  impl.FollowerInfo (FollowerInfo.java:lambda$new$0(51)) - 09a9200a-ead6-4084-a723-89436f5cacce@group-4BDB53EFA369->60a49fad-6bbc-4e1d-b332-64cc210e3f49: nextIndex: updateUnconditionally 0 -> 0
2019-10-14 19:31:51,239 [grpc-default-executor-2] WARN  server.GrpcLogAppender (LogUtils.java:warn(134)) - 09a9200a-ead6-4084-a723-89436f5cacce@group-4BDB53EFA369->60a49fad-6bbc-4e1d-b332-64cc210e3f49-AppendLogResponseHandler: Failed appendEntries: org.apache.ratis.thirdparty.io.grpc.StatusRuntimeException: UNAVAILABLE: io exception
2019-10-14 19:31:51,239 [grpc-default-executor-4] WARN  server.GrpcLogAppender (LogUtils.java:warn(134)) - 09a9200a-ead6-4084-a723-89436f5cacce@group-4BDB53EFA369->670e30cf-8b9d-44a8-8fa0-e58ec8ba4c01-AppendLogResponseHandler: Failed appendEntries: org.apache.ratis.thirdparty.io.grpc.StatusRuntimeException: UNAVAILABLE: io exception
2019-10-14 19:31:51,240 [grpc-default-executor-2] INFO  impl.FollowerInfo (FollowerInfo.java:lambda$new$0(51)) - 09a9200a-ead6-4084-a723-89436f5cacce@group-4BDB53EFA369->60a49fad-6bbc-4e1d-b332-64cc210e3f49: nextIndex: updateUnconditionally 0 -> 0
2019-10-14 19:31:51,240 [grpc-default-executor-4] INFO  impl.FollowerInfo (FollowerInfo.java:lambda$new$0(51)) - 09a9200a-ead6-4084-a723-89436f5cacce@group-4BDB53EFA369->670e30cf-8b9d-44a8-8fa0-e58ec8ba4c01: nextIndex: updateUnconditionally 0 -> 0
2019-10-14 19:31:51,577 [main] WARN  scm.XceiverClientRatis (XceiverClientRatis.java:watchForCommit(277)) - 3 way commit failed on pipeline Pipeline[ Id: 07e20a41-aeac-4fd2-b36b-4bdb53efa369, Nodes: 60a49fad-6bbc-4e1d-b332-64cc210e3f49{ip: 192.168.164.219, host: pr-hdds-1868-cfdmt-251076870, networkLocation: /default-rack, certSerialId: null}670e30cf-8b9d-44a8-8fa0-e58ec8ba4c01{ip: 192.168.164.219, host: pr-hdds-1868-cfdmt-251076870, networkLocation: /default-rack, certSerialId: null}09a9200a-ead6-4084-a723-89436f5cacce{ip: 192.168.164.219, host: pr-hdds-1868-cfdmt-251076870, networkLocation: /default-rack, certSerialId: null}, Type:RATIS, Factor:THREE, State:OPEN]
java.util.concurrent.TimeoutException
	at java.util.concurrent.CompletableFuture.timedGet(CompletableFuture.java:1771)
	at java.util.concurrent.CompletableFuture.get(CompletableFuture.java:1915)
	at org.apache.hadoop.hdds.scm.XceiverClientRatis.watchForCommit(XceiverClientRatis.java:274)
	at org.apache.hadoop.ozone.client.rpc.TestWatchForCommit.testWatchForCommitForRetryfailure(TestWatchForCommit.java:345)
	at sun.reflect.NativeMethodAccessorImpl.invoke0(Native Method)
	at sun.reflect.NativeMethodAccessorImpl.invoke(NativeMethodAccessorImpl.java:62)
	at sun.reflect.DelegatingMethodAccessorImpl.invoke(DelegatingMethodAccessorImpl.java:43)
	at java.lang.reflect.Method.invoke(Method.java:498)
	at org.junit.runners.model.FrameworkMethod$1.runReflectiveCall(FrameworkMethod.java:47)
	at org.junit.internal.runners.model.ReflectiveCallable.run(ReflectiveCallable.java:12)
	at org.junit.runners.model.FrameworkMethod.invokeExplosively(FrameworkMethod.java:44)
	at org.junit.internal.runners.statements.InvokeMethod.evaluate(InvokeMethod.java:17)
	at org.junit.runners.ParentRunner.runLeaf(ParentRunner.java:271)
	at org.junit.runners.BlockJUnit4ClassRunner.runChild(BlockJUnit4ClassRunner.java:70)
	at org.junit.runners.BlockJUnit4ClassRunner.runChild(BlockJUnit4ClassRunner.java:50)
	at org.junit.runners.ParentRunner$3.run(ParentRunner.java:238)
	at org.junit.runners.ParentRunner$1.schedule(ParentRunner.java:63)
	at org.junit.runners.ParentRunner.runChildren(ParentRunner.java:236)
	at org.junit.runners.ParentRunner.access$000(ParentRunner.java:53)
	at org.junit.runners.ParentRunner$2.evaluate(ParentRunner.java:229)
	at org.junit.runners.ParentRunner.run(ParentRunner.java:309)
	at org.apache.maven.surefire.junit4.JUnit4Provider.execute(JUnit4Provider.java:365)
	at org.apache.maven.surefire.junit4.JUnit4Provider.executeWithRerun(JUnit4Provider.java:273)
	at org.apache.maven.surefire.junit4.JUnit4Provider.executeTestSet(JUnit4Provider.java:238)
	at org.apache.maven.surefire.junit4.JUnit4Provider.invoke(JUnit4Provider.java:159)
	at org.apache.maven.surefire.booter.ForkedBooter.invokeProviderInSameClassLoader(ForkedBooter.java:384)
	at org.apache.maven.surefire.booter.ForkedBooter.runSuitesInProcess(ForkedBooter.java:345)
	at org.apache.maven.surefire.booter.ForkedBooter.execute(ForkedBooter.java:126)
	at org.apache.maven.surefire.booter.ForkedBooter.main(ForkedBooter.java:418)
2019-10-14 19:31:53,738 [grpc-default-executor-3] WARN  server.GrpcLogAppender (LogUtils.java:warn(134)) - 09a9200a-ead6-4084-a723-89436f5cacce@group-4BDB53EFA369->60a49fad-6bbc-4e1d-b332-64cc210e3f49-AppendLogResponseHandler: Failed appendEntries: org.apache.ratis.thirdparty.io.grpc.StatusRuntimeException: UNAVAILABLE: io exception
2019-10-14 19:31:53,738 [grpc-default-executor-2] WARN  server.GrpcLogAppender (LogUtils.java:warn(134)) - 09a9200a-ead6-4084-a723-89436f5cacce@group-4BDB53EFA369->670e30cf-8b9d-44a8-8fa0-e58ec8ba4c01-AppendLogResponseHandler: Failed appendEntries: org.apache.ratis.thirdparty.io.grpc.StatusRuntimeException: UNAVAILABLE: io exception
2019-10-14 19:31:53,742 [grpc-default-executor-3] INFO  impl.FollowerInfo (FollowerInfo.java:lambda$new$0(51)) - 09a9200a-ead6-4084-a723-89436f5cacce@group-4BDB53EFA369->60a49fad-6bbc-4e1d-b332-64cc210e3f49: nextIndex: updateUnconditionally 0 -> 0
2019-10-14 19:31:53,742 [grpc-default-executor-2] INFO  impl.FollowerInfo (FollowerInfo.java:lambda$new$0(51)) - 09a9200a-ead6-4084-a723-89436f5cacce@group-4BDB53EFA369->670e30cf-8b9d-44a8-8fa0-e58ec8ba4c01: nextIndex: updateUnconditionally 0 -> 0
2019-10-14 19:31:54,683 [Thread-1661] INFO  client.GrpcClientProtocolService (GrpcClientProtocolService.java:lambda$processClientRequest$0(278)) - Failed RaftClientRequest:client-E1CD567F8D9E->09a9200a-ead6-4084-a723-89436f5cacce@group-4BDB53EFA369, cid=119, seq=0, Watch-ALL_COMMITTED(43), Message:<EMPTY>, reply=RaftClientReply:client-E1CD567F8D9E->09a9200a-ead6-4084-a723-89436f5cacce@group-4BDB53EFA369, cid=119, FAILED org.apache.ratis.protocol.NotReplicatedException: Request with call Id 119 and log index 43 is not yet replicated to ALL_COMMITTED, logIndex=43, commits[09a9200a-ead6-4084-a723-89436f5cacce:c2, 60a49fad-6bbc-4e1d-b332-64cc210e3f49:c2, 670e30cf-8b9d-44a8-8fa0-e58ec8ba4c01:c2]
2019-10-14 19:31:56,241 [grpc-default-executor-0] WARN  server.GrpcLogAppender (LogUtils.java:warn(134)) - 09a9200a-ead6-4084-a723-89436f5cacce@group-4BDB53EFA369->60a49fad-6bbc-4e1d-b332-64cc210e3f49-AppendLogResponseHandler: Failed appendEntries: org.apache.ratis.thirdparty.io.grpc.StatusRuntimeException: UNAVAILABLE: io exception
2019-10-14 19:31:56,241 [grpc-default-executor-3] WARN  server.GrpcLogAppender (LogUtils.java:warn(134)) - 09a9200a-ead6-4084-a723-89436f5cacce@group-4BDB53EFA369->670e30cf-8b9d-44a8-8fa0-e58ec8ba4c01-AppendLogResponseHandler: Failed appendEntries: org.apache.ratis.thirdparty.io.grpc.StatusRuntimeException: UNAVAILABLE: io exception
2019-10-14 19:31:56,245 [grpc-default-executor-0] INFO  impl.FollowerInfo (FollowerInfo.java:lambda$new$0(51)) - 09a9200a-ead6-4084-a723-89436f5cacce@group-4BDB53EFA369->60a49fad-6bbc-4e1d-b332-64cc210e3f49: nextIndex: updateUnconditionally 0 -> 0
2019-10-14 19:31:56,245 [grpc-default-executor-3] INFO  impl.FollowerInfo (FollowerInfo.java:lambda$new$0(51)) - 09a9200a-ead6-4084-a723-89436f5cacce@group-4BDB53EFA369->670e30cf-8b9d-44a8-8fa0-e58ec8ba4c01: nextIndex: updateUnconditionally 0 -> 0
2019-10-14 19:31:58,742 [grpc-default-executor-3] WARN  server.GrpcLogAppender (LogUtils.java:warn(134)) - 09a9200a-ead6-4084-a723-89436f5cacce@group-4BDB53EFA369->670e30cf-8b9d-44a8-8fa0-e58ec8ba4c01-AppendLogResponseHandler: Failed appendEntries: org.apache.ratis.thirdparty.io.grpc.StatusRuntimeException: UNAVAILABLE: io exception
2019-10-14 19:31:58,742 [grpc-default-executor-0] WARN  server.GrpcLogAppender (LogUtils.java:warn(134)) - 09a9200a-ead6-4084-a723-89436f5cacce@group-4BDB53EFA369->60a49fad-6bbc-4e1d-b332-64cc210e3f49-AppendLogResponseHandler: Failed appendEntries: org.apache.ratis.thirdparty.io.grpc.StatusRuntimeException: UNAVAILABLE: io exception
2019-10-14 19:31:58,743 [grpc-default-executor-3] INFO  impl.FollowerInfo (FollowerInfo.java:lambda$new$0(51)) - 09a9200a-ead6-4084-a723-89436f5cacce@group-4BDB53EFA369->670e30cf-8b9d-44a8-8fa0-e58ec8ba4c01: nextIndex: updateUnconditionally 0 -> 0
2019-10-14 19:31:58,743 [grpc-default-executor-0] INFO  impl.FollowerInfo (FollowerInfo.java:lambda$new$0(51)) - 09a9200a-ead6-4084-a723-89436f5cacce@group-4BDB53EFA369->60a49fad-6bbc-4e1d-b332-64cc210e3f49: nextIndex: updateUnconditionally 0 -> 0
2019-10-14 19:32:01,456 [grpc-default-executor-2] WARN  server.GrpcLogAppender (LogUtils.java:warn(134)) - 09a9200a-ead6-4084-a723-89436f5cacce@group-4BDB53EFA369->670e30cf-8b9d-44a8-8fa0-e58ec8ba4c01-AppendLogResponseHandler: Failed appendEntries: org.apache.ratis.thirdparty.io.grpc.StatusRuntimeException: UNAVAILABLE: io exception
2019-10-14 19:32:01,456 [grpc-default-executor-0] WARN  server.GrpcLogAppender (LogUtils.java:warn(134)) - 09a9200a-ead6-4084-a723-89436f5cacce@group-4BDB53EFA369->60a49fad-6bbc-4e1d-b332-64cc210e3f49-AppendLogResponseHandler: Failed appendEntries: org.apache.ratis.thirdparty.io.grpc.StatusRuntimeException: UNAVAILABLE: io exception
2019-10-14 19:32:01,497 [grpc-default-executor-2] INFO  impl.FollowerInfo (FollowerInfo.java:lambda$new$0(51)) - 09a9200a-ead6-4084-a723-89436f5cacce@group-4BDB53EFA369->670e30cf-8b9d-44a8-8fa0-e58ec8ba4c01: nextIndex: updateUnconditionally 0 -> 0
2019-10-14 19:32:01,497 [grpc-default-executor-0] INFO  impl.FollowerInfo (FollowerInfo.java:lambda$new$0(51)) - 09a9200a-ead6-4084-a723-89436f5cacce@group-4BDB53EFA369->60a49fad-6bbc-4e1d-b332-64cc210e3f49: nextIndex: updateUnconditionally 0 -> 0
2019-10-14 19:32:03,687 [Thread-1678] INFO  client.GrpcClientProtocolService (GrpcClientProtocolService.java:lambda$processClientRequest$0(278)) - Failed RaftClientRequest:client-E1CD567F8D9E->09a9200a-ead6-4084-a723-89436f5cacce@group-4BDB53EFA369, cid=120, seq=0, Watch-MAJORITY_COMMITTED(43), Message:<EMPTY>, reply=RaftClientReply:client-E1CD567F8D9E->09a9200a-ead6-4084-a723-89436f5cacce@group-4BDB53EFA369, cid=120, FAILED org.apache.ratis.protocol.NotReplicatedException: Request with call Id 120 and log index 43 is not yet replicated to MAJORITY_COMMITTED, logIndex=43, commits[09a9200a-ead6-4084-a723-89436f5cacce:c2, 60a49fad-6bbc-4e1d-b332-64cc210e3f49:c2, 670e30cf-8b9d-44a8-8fa0-e58ec8ba4c01:c2]
2019-10-14 19:32:03,688 [Thread-1679] INFO  client.GrpcClientProtocolService (GrpcClientProtocolService.java:lambda$processClientRequest$0(278)) - Failed RaftClientRequest:client-E1CD567F8D9E->09a9200a-ead6-4084-a723-89436f5cacce@group-4BDB53EFA369, cid=119, seq=0, Watch-ALL_COMMITTED(43), Message:<EMPTY>, reply=RaftClientReply:client-E1CD567F8D9E->09a9200a-ead6-4084-a723-89436f5cacce@group-4BDB53EFA369, cid=119, FAILED org.apache.ratis.protocol.NotReplicatedException: Request with call Id 119 and log index 43 is not yet replicated to ALL_COMMITTED, logIndex=43, commits[09a9200a-ead6-4084-a723-89436f5cacce:c2, 60a49fad-6bbc-4e1d-b332-64cc210e3f49:c2, 670e30cf-8b9d-44a8-8fa0-e58ec8ba4c01:c2]
2019-10-14 19:32:03,926 [grpc-default-executor-2] WARN  server.GrpcLogAppender (LogUtils.java:warn(134)) - 09a9200a-ead6-4084-a723-89436f5cacce@group-4BDB53EFA369->60a49fad-6bbc-4e1d-b332-64cc210e3f49-AppendLogResponseHandler: Failed appendEntries: org.apache.ratis.thirdparty.io.grpc.StatusRuntimeException: UNAVAILABLE: io exception
2019-10-14 19:32:03,926 [grpc-default-executor-0] WARN  server.GrpcLogAppender (LogUtils.java:warn(134)) - 09a9200a-ead6-4084-a723-89436f5cacce@group-4BDB53EFA369->670e30cf-8b9d-44a8-8fa0-e58ec8ba4c01-AppendLogResponseHandler: Failed appendEntries: org.apache.ratis.thirdparty.io.grpc.StatusRuntimeException: UNAVAILABLE: io exception
2019-10-14 19:32:03,932 [grpc-default-executor-2] INFO  impl.FollowerInfo (FollowerInfo.java:lambda$new$0(51)) - 09a9200a-ead6-4084-a723-89436f5cacce@group-4BDB53EFA369->60a49fad-6bbc-4e1d-b332-64cc210e3f49: nextIndex: updateUnconditionally 0 -> 0
2019-10-14 19:32:03,932 [grpc-default-executor-0] INFO  impl.FollowerInfo (FollowerInfo.java:lambda$new$0(51)) - 09a9200a-ead6-4084-a723-89436f5cacce@group-4BDB53EFA369->670e30cf-8b9d-44a8-8fa0-e58ec8ba4c01: nextIndex: updateUnconditionally 0 -> 0
2019-10-14 19:32:06,425 [grpc-default-executor-1] WARN  server.GrpcLogAppender (LogUtils.java:warn(134)) - 09a9200a-ead6-4084-a723-89436f5cacce@group-4BDB53EFA369->670e30cf-8b9d-44a8-8fa0-e58ec8ba4c01-AppendLogResponseHandler: Failed appendEntries: org.apache.ratis.thirdparty.io.grpc.StatusRuntimeException: UNAVAILABLE: io exception
2019-10-14 19:32:06,425 [grpc-default-executor-3] WARN  server.GrpcLogAppender (LogUtils.java:warn(134)) - 09a9200a-ead6-4084-a723-89436f5cacce@group-4BDB53EFA369->60a49fad-6bbc-4e1d-b332-64cc210e3f49-AppendLogResponseHandler: Failed appendEntries: org.apache.ratis.thirdparty.io.grpc.StatusRuntimeException: UNAVAILABLE: io exception
2019-10-14 19:32:06,425 [grpc-default-executor-1] INFO  impl.FollowerInfo (FollowerInfo.java:lambda$new$0(51)) - 09a9200a-ead6-4084-a723-89436f5cacce@group-4BDB53EFA369->670e30cf-8b9d-44a8-8fa0-e58ec8ba4c01: nextIndex: updateUnconditionally 0 -> 0
2019-10-14 19:32:06,426 [grpc-default-executor-3] INFO  impl.FollowerInfo (FollowerInfo.java:lambda$new$0(51)) - 09a9200a-ead6-4084-a723-89436f5cacce@group-4BDB53EFA369->60a49fad-6bbc-4e1d-b332-64cc210e3f49: nextIndex: updateUnconditionally 0 -> 0
2019-10-14 19:32:08,926 [grpc-default-executor-4] WARN  server.GrpcLogAppender (LogUtils.java:warn(134)) - 09a9200a-ead6-4084-a723-89436f5cacce@group-4BDB53EFA369->60a49fad-6bbc-4e1d-b332-64cc210e3f49-AppendLogResponseHandler: Failed appendEntries: org.apache.ratis.thirdparty.io.grpc.StatusRuntimeException: UNAVAILABLE: io exception
2019-10-14 19:32:08,926 [grpc-default-executor-6] WARN  server.GrpcLogAppender (LogUtils.java:warn(134)) - 09a9200a-ead6-4084-a723-89436f5cacce@group-4BDB53EFA369->670e30cf-8b9d-44a8-8fa0-e58ec8ba4c01-AppendLogResponseHandler: Failed appendEntries: org.apache.ratis.thirdparty.io.grpc.StatusRuntimeException: UNAVAILABLE: io exception
2019-10-14 19:32:08,926 [grpc-default-executor-4] INFO  impl.FollowerInfo (FollowerInfo.java:lambda$new$0(51)) - 09a9200a-ead6-4084-a723-89436f5cacce@group-4BDB53EFA369->60a49fad-6bbc-4e1d-b332-64cc210e3f49: nextIndex: updateUnconditionally 0 -> 0
2019-10-14 19:32:08,927 [grpc-default-executor-6] INFO  impl.FollowerInfo (FollowerInfo.java:lambda$new$0(51)) - 09a9200a-ead6-4084-a723-89436f5cacce@group-4BDB53EFA369->670e30cf-8b9d-44a8-8fa0-e58ec8ba4c01: nextIndex: updateUnconditionally 0 -> 0
2019-10-14 19:32:11,427 [grpc-default-executor-4] WARN  server.GrpcLogAppender (LogUtils.java:warn(134)) - 09a9200a-ead6-4084-a723-89436f5cacce@group-4BDB53EFA369->60a49fad-6bbc-4e1d-b332-64cc210e3f49-AppendLogResponseHandler: Failed appendEntries: org.apache.ratis.thirdparty.io.grpc.StatusRuntimeException: UNAVAILABLE: io exception
2019-10-14 19:32:11,427 [grpc-default-executor-1] WARN  server.GrpcLogAppender (LogUtils.java:warn(134)) - 09a9200a-ead6-4084-a723-89436f5cacce@group-4BDB53EFA369->670e30cf-8b9d-44a8-8fa0-e58ec8ba4c01-AppendLogResponseHandler: Failed appendEntries: org.apache.ratis.thirdparty.io.grpc.StatusRuntimeException: UNAVAILABLE: io exception
2019-10-14 19:32:11,427 [grpc-default-executor-4] INFO  impl.FollowerInfo (FollowerInfo.java:lambda$new$0(51)) - 09a9200a-ead6-4084-a723-89436f5cacce@group-4BDB53EFA369->60a49fad-6bbc-4e1d-b332-64cc210e3f49: nextIndex: updateUnconditionally 0 -> 0
2019-10-14 19:32:11,427 [grpc-default-executor-1] INFO  impl.FollowerInfo (FollowerInfo.java:lambda$new$0(51)) - 09a9200a-ead6-4084-a723-89436f5cacce@group-4BDB53EFA369->670e30cf-8b9d-44a8-8fa0-e58ec8ba4c01: nextIndex: updateUnconditionally 0 -> 0
]]></system-out>
    <system-err><![CDATA[Oct 14, 2019 7:31:26 PM org.apache.ratis.thirdparty.io.grpc.internal.SerializingExecutor run
SEVERE: Exception while executing runnable org.apache.ratis.thirdparty.io.grpc.internal.ServerImpl$JumpToApplicationThreadServerStreamListener$1Closed@6e47a821
org.apache.ratis.thirdparty.io.grpc.StatusRuntimeException: CANCELLED: call already cancelled
	at org.apache.ratis.thirdparty.io.grpc.Status.asRuntimeException(Status.java:517)
	at org.apache.ratis.thirdparty.io.grpc.stub.ServerCalls$ServerCallStreamObserverImpl.onCompleted(ServerCalls.java:356)
	at org.apache.ratis.grpc.server.GrpcServerProtocolService$ServerRequestStreamObserver.onError(GrpcServerProtocolService.java:121)
	at org.apache.ratis.thirdparty.io.grpc.stub.ServerCalls$StreamingServerCallHandler$StreamingServerCallListener.onCancel(ServerCalls.java:269)
	at org.apache.ratis.thirdparty.io.grpc.internal.ServerCallImpl$ServerStreamListenerImpl.closed(ServerCallImpl.java:293)
	at org.apache.ratis.thirdparty.io.grpc.internal.ServerImpl$JumpToApplicationThreadServerStreamListener$1Closed.runInContext(ServerImpl.java:741)
	at org.apache.ratis.thirdparty.io.grpc.internal.ContextRunnable.run(ContextRunnable.java:37)
	at org.apache.ratis.thirdparty.io.grpc.internal.SerializingExecutor.run(SerializingExecutor.java:123)
	at java.util.concurrent.ThreadPoolExecutor.runWorker(ThreadPoolExecutor.java:1149)
	at java.util.concurrent.ThreadPoolExecutor$Worker.run(ThreadPoolExecutor.java:624)
	at java.lang.Thread.run(Thread.java:748)

Oct 14, 2019 7:31:31 PM org.apache.ratis.thirdparty.io.grpc.internal.SerializingExecutor run
SEVERE: Exception while executing runnable org.apache.ratis.thirdparty.io.grpc.internal.ServerImpl$JumpToApplicationThreadServerStreamListener$1Closed@38727a71
org.apache.ratis.thirdparty.io.grpc.StatusRuntimeException: CANCELLED: call already cancelled
	at org.apache.ratis.thirdparty.io.grpc.Status.asRuntimeException(Status.java:517)
	at org.apache.ratis.thirdparty.io.grpc.stub.ServerCalls$ServerCallStreamObserverImpl.onCompleted(ServerCalls.java:356)
	at org.apache.ratis.grpc.server.GrpcServerProtocolService$ServerRequestStreamObserver.onError(GrpcServerProtocolService.java:121)
	at org.apache.ratis.thirdparty.io.grpc.stub.ServerCalls$StreamingServerCallHandler$StreamingServerCallListener.onCancel(ServerCalls.java:269)
	at org.apache.ratis.thirdparty.io.grpc.internal.ServerCallImpl$ServerStreamListenerImpl.closed(ServerCallImpl.java:293)
	at org.apache.ratis.thirdparty.io.grpc.internal.ServerImpl$JumpToApplicationThreadServerStreamListener$1Closed.runInContext(ServerImpl.java:741)
	at org.apache.ratis.thirdparty.io.grpc.internal.ContextRunnable.run(ContextRunnable.java:37)
	at org.apache.ratis.thirdparty.io.grpc.internal.SerializingExecutor.run(SerializingExecutor.java:123)
	at java.util.concurrent.ThreadPoolExecutor.runWorker(ThreadPoolExecutor.java:1149)
	at java.util.concurrent.ThreadPoolExecutor$Worker.run(ThreadPoolExecutor.java:624)
	at java.lang.Thread.run(Thread.java:748)

Oct 14, 2019 7:32:01 PM org.apache.ratis.thirdparty.io.grpc.internal.ManagedChannelOrphanWrapper$ManagedChannelReference cleanQueue
SEVERE: *~*~*~ Channel ManagedChannelImpl{logId=1879, target=192.168.164.219:34280} was not shutdown properly!!! ~*~*~*
    Make sure to call shutdown()/shutdownNow() and wait until awaitTermination() returns true.
java.lang.RuntimeException: ManagedChannel allocation site
	at org.apache.ratis.thirdparty.io.grpc.internal.ManagedChannelOrphanWrapper$ManagedChannelReference.<init>(ManagedChannelOrphanWrapper.java:103)
	at org.apache.ratis.thirdparty.io.grpc.internal.ManagedChannelOrphanWrapper.<init>(ManagedChannelOrphanWrapper.java:53)
	at org.apache.ratis.thirdparty.io.grpc.internal.ManagedChannelOrphanWrapper.<init>(ManagedChannelOrphanWrapper.java:44)
	at org.apache.ratis.thirdparty.io.grpc.internal.AbstractManagedChannelImplBuilder.build(AbstractManagedChannelImplBuilder.java:411)
	at org.apache.ratis.grpc.client.GrpcClientProtocolClient.<init>(GrpcClientProtocolClient.java:128)
	at org.apache.ratis.grpc.client.GrpcClientRpc.lambda$new$0(GrpcClientRpc.java:55)
	at org.apache.ratis.util.PeerProxyMap$PeerAndProxy.lambda$getProxy$0(PeerProxyMap.java:61)
	at org.apache.ratis.util.LifeCycle.startAndTransition(LifeCycle.java:202)
	at org.apache.ratis.util.PeerProxyMap$PeerAndProxy.getProxy(PeerProxyMap.java:60)
	at org.apache.ratis.util.PeerProxyMap.getProxy(PeerProxyMap.java:108)
	at org.apache.ratis.grpc.client.GrpcClientRpc.sendRequestAsyncUnordered(GrpcClientRpc.java:78)
	at org.apache.ratis.client.impl.UnorderedAsync.sendRequestWithRetry(UnorderedAsync.java:75)
	at org.apache.ratis.client.impl.UnorderedAsync.lambda$null$2(UnorderedAsync.java:120)
	at org.apache.ratis.util.TimeoutScheduler.lambda$onTimeout$0(TimeoutScheduler.java:113)
	at org.apache.ratis.util.TimeoutScheduler.lambda$onTimeout$1(TimeoutScheduler.java:133)
	at org.apache.ratis.util.LogUtils.runAndLog(LogUtils.java:50)
	at org.apache.ratis.util.LogUtils$1.run(LogUtils.java:91)
	at java.util.concurrent.Executors$RunnableAdapter.call(Executors.java:511)
	at java.util.concurrent.FutureTask.run(FutureTask.java:266)
	at java.util.concurrent.ScheduledThreadPoolExecutor$ScheduledFutureTask.access$201(ScheduledThreadPoolExecutor.java:180)
	at java.util.concurrent.ScheduledThreadPoolExecutor$ScheduledFutureTask.run(ScheduledThreadPoolExecutor.java:293)
	at java.util.concurrent.ThreadPoolExecutor.runWorker(ThreadPoolExecutor.java:1149)
	at java.util.concurrent.ThreadPoolExecutor$Worker.run(ThreadPoolExecutor.java:624)
	at java.lang.Thread.run(Thread.java:748)

]]></system-err>
  </testcase>
  <testcase name="testWatchForCommitForGroupMismatchException" classname="org.apache.hadoop.ozone.client.rpc.TestWatchForCommit" time="36.983"/>
  <testcase name="test2WayCommitForTimeoutException" classname="org.apache.hadoop.ozone.client.rpc.TestWatchForCommit" time="27.783">
    <error type="java.util.concurrent.TimeoutException">java.util.concurrent.TimeoutException
	at java.util.concurrent.CompletableFuture.timedGet(CompletableFuture.java:1771)
	at java.util.concurrent.CompletableFuture.get(CompletableFuture.java:1915)
	at org.apache.hadoop.hdds.scm.XceiverClientRatis.watchForCommit(XceiverClientRatis.java:283)
	at org.apache.hadoop.ozone.client.rpc.TestWatchForCommit.test2WayCommitForTimeoutException(TestWatchForCommit.java:391)
	at sun.reflect.NativeMethodAccessorImpl.invoke0(Native Method)
	at sun.reflect.NativeMethodAccessorImpl.invoke(NativeMethodAccessorImpl.java:62)
	at sun.reflect.DelegatingMethodAccessorImpl.invoke(DelegatingMethodAccessorImpl.java:43)
	at java.lang.reflect.Method.invoke(Method.java:498)
	at org.junit.runners.model.FrameworkMethod$1.runReflectiveCall(FrameworkMethod.java:47)
	at org.junit.internal.runners.model.ReflectiveCallable.run(ReflectiveCallable.java:12)
	at org.junit.runners.model.FrameworkMethod.invokeExplosively(FrameworkMethod.java:44)
	at org.junit.internal.runners.statements.InvokeMethod.evaluate(InvokeMethod.java:17)
	at org.junit.runners.ParentRunner.runLeaf(ParentRunner.java:271)
	at org.junit.runners.BlockJUnit4ClassRunner.runChild(BlockJUnit4ClassRunner.java:70)
	at org.junit.runners.BlockJUnit4ClassRunner.runChild(BlockJUnit4ClassRunner.java:50)
	at org.junit.runners.ParentRunner$3.run(ParentRunner.java:238)
	at org.junit.runners.ParentRunner$1.schedule(ParentRunner.java:63)
	at org.junit.runners.ParentRunner.runChildren(ParentRunner.java:236)
	at org.junit.runners.ParentRunner.access$000(ParentRunner.java:53)
	at org.junit.runners.ParentRunner$2.evaluate(ParentRunner.java:229)
	at org.junit.runners.ParentRunner.run(ParentRunner.java:309)
	at org.apache.maven.surefire.junit4.JUnit4Provider.execute(JUnit4Provider.java:365)
	at org.apache.maven.surefire.junit4.JUnit4Provider.executeWithRerun(JUnit4Provider.java:273)
	at org.apache.maven.surefire.junit4.JUnit4Provider.executeTestSet(JUnit4Provider.java:238)
	at org.apache.maven.surefire.junit4.JUnit4Provider.invoke(JUnit4Provider.java:159)
	at org.apache.maven.surefire.booter.ForkedBooter.invokeProviderInSameClassLoader(ForkedBooter.java:384)
	at org.apache.maven.surefire.booter.ForkedBooter.runSuitesInProcess(ForkedBooter.java:345)
	at org.apache.maven.surefire.booter.ForkedBooter.execute(ForkedBooter.java:126)
	at org.apache.maven.surefire.booter.ForkedBooter.main(ForkedBooter.java:418)
</error>
    <system-out><![CDATA[2019-10-14 19:32:48,597 [main] WARN  server.ServerUtils (ServerUtils.java:getScmDbDir(145)) - ozone.scm.db.dirs is not configured. We recommend adding this setting. Falling back to ozone.metadata.dirs instead.
2019-10-14 19:32:48,623 [main] WARN  server.ServerUtils (ServerUtils.java:getScmDbDir(145)) - ozone.scm.db.dirs is not configured. We recommend adding this setting. Falling back to ozone.metadata.dirs instead.
2019-10-14 19:32:48,623 [main] WARN  server.ServerUtils (ServerUtils.java:getScmDbDir(145)) - ozone.scm.db.dirs is not configured. We recommend adding this setting. Falling back to ozone.metadata.dirs instead.
2019-10-14 19:32:48,623 [main] INFO  db.DBStoreBuilder (DBStoreBuilder.java:addTable(117)) - using custom profile for table: deletedBlocks
2019-10-14 19:32:48,624 [main] INFO  db.DBStoreBuilder (DBStoreBuilder.java:processTables(168)) - Using default column profile:DBProfile.DISK for Table:deletedBlocks
2019-10-14 19:32:48,624 [main] INFO  db.DBStoreBuilder (DBStoreBuilder.java:addTable(117)) - using custom profile for table: validCerts
2019-10-14 19:32:48,624 [main] INFO  db.DBStoreBuilder (DBStoreBuilder.java:processTables(168)) - Using default column profile:DBProfile.DISK for Table:validCerts
2019-10-14 19:32:48,624 [main] INFO  db.DBStoreBuilder (DBStoreBuilder.java:addTable(117)) - using custom profile for table: revokedCerts
2019-10-14 19:32:48,624 [main] INFO  db.DBStoreBuilder (DBStoreBuilder.java:processTables(168)) - Using default column profile:DBProfile.DISK for Table:revokedCerts
2019-10-14 19:32:48,624 [main] INFO  db.DBStoreBuilder (DBStoreBuilder.java:addTable(117)) - using custom profile for table: default
2019-10-14 19:32:48,625 [main] INFO  db.DBStoreBuilder (DBStoreBuilder.java:processTables(174)) - Using default column profile:DBProfile.DISK for Table:default
2019-10-14 19:32:48,625 [main] INFO  db.DBStoreBuilder (DBStoreBuilder.java:getDbProfile(205)) - Using default options. DBProfile.DISK
2019-10-14 19:32:48,882 [main] INFO  net.NodeSchemaLoader (NodeSchemaLoader.java:loadSchemaFromFile(125)) - Loading file from sun.misc.CompoundEnumeration@dbed7fd
2019-10-14 19:32:48,882 [main] INFO  net.NodeSchemaLoader (NodeSchemaLoader.java:loadSchema(171)) - Loading network topology layer schema file
2019-10-14 19:32:48,898 [main] WARN  server.ServerUtils (ServerUtils.java:sanitizeUserArgs(70)) - ozone.scm.stale.node.interval value = 300000 is larger than max = 100000 based on the key value of ozone.scm.heartbeat.thread.interval, reset to the max value 100000.
2019-10-14 19:32:48,898 [main] WARN  server.ServerUtils (ServerUtils.java:sanitizeUserArgs(70)) - ozone.scm.stale.node.interval value = 300000 is larger than max = 100000 based on the key value of ozone.scm.heartbeat.thread.interval, reset to the max value 100000.
2019-10-14 19:32:48,898 [main] INFO  node.SCMNodeManager (SCMNodeManager.java:<init>(116)) - Entering startup safe mode.
2019-10-14 19:32:48,899 [main] INFO  algorithms.ContainerPlacementPolicyFactory (ContainerPlacementPolicyFactory.java:getPolicy(57)) - Create container placement policy of type org.apache.hadoop.hdds.scm.container.placement.algorithms.SCMContainerPlacementRandom
2019-10-14 19:32:48,899 [main] WARN  server.ServerUtils (ServerUtils.java:getScmDbDir(145)) - ozone.scm.db.dirs is not configured. We recommend adding this setting. Falling back to ozone.metadata.dirs instead.
2019-10-14 19:32:48,939 [grpc-default-executor-2] WARN  server.GrpcLogAppender (LogUtils.java:warn(134)) - 09a9200a-ead6-4084-a723-89436f5cacce@group-4BDB53EFA369->60a49fad-6bbc-4e1d-b332-64cc210e3f49-AppendLogResponseHandler: Failed appendEntries: org.apache.ratis.thirdparty.io.grpc.StatusRuntimeException: UNAVAILABLE: io exception
2019-10-14 19:32:48,939 [grpc-default-executor-1] WARN  server.GrpcLogAppender (LogUtils.java:warn(134)) - 09a9200a-ead6-4084-a723-89436f5cacce@group-4BDB53EFA369->670e30cf-8b9d-44a8-8fa0-e58ec8ba4c01-AppendLogResponseHandler: Failed appendEntries: org.apache.ratis.thirdparty.io.grpc.StatusRuntimeException: UNAVAILABLE: io exception
2019-10-14 19:32:48,940 [grpc-default-executor-2] INFO  impl.FollowerInfo (FollowerInfo.java:lambda$new$0(51)) - 09a9200a-ead6-4084-a723-89436f5cacce@group-4BDB53EFA369->60a49fad-6bbc-4e1d-b332-64cc210e3f49: nextIndex: updateUnconditionally 0 -> 0
2019-10-14 19:32:48,940 [grpc-default-executor-1] INFO  impl.FollowerInfo (FollowerInfo.java:lambda$new$0(51)) - 09a9200a-ead6-4084-a723-89436f5cacce@group-4BDB53EFA369->670e30cf-8b9d-44a8-8fa0-e58ec8ba4c01: nextIndex: updateUnconditionally 0 -> 0
2019-10-14 19:32:49,003 [main] INFO  pipeline.SCMPipelineManager (SCMPipelineManager.java:initializePipelineState(132)) - No pipeline exists in current db
2019-10-14 19:32:49,003 [main] WARN  server.ServerUtils (ServerUtils.java:getScmDbDir(145)) - ozone.scm.db.dirs is not configured. We recommend adding this setting. Falling back to ozone.metadata.dirs instead.
2019-10-14 19:32:49,106 [main] WARN  events.EventQueue (EventQueue.java:fireEvent(183)) - No event handler registered for event TypedEvent{payloadType=SafeModeStatus, name='SafeModeStatus'}
2019-10-14 19:32:49,107 [main] INFO  ipc.CallQueueManager (CallQueueManager.java:<init>(84)) - Using callQueue: class java.util.concurrent.LinkedBlockingQueue, queueCapacity: 2000, scheduler: class org.apache.hadoop.ipc.DefaultRpcScheduler, ipcBackoff: false.
2019-10-14 19:32:49,108 [Socket Reader #1 for port 44705] INFO  ipc.Server (Server.java:run(1074)) - Starting Socket Reader #1 for port 44705
2019-10-14 19:32:49,113 [main] INFO  ipc.CallQueueManager (CallQueueManager.java:<init>(84)) - Using callQueue: class java.util.concurrent.LinkedBlockingQueue, queueCapacity: 2000, scheduler: class org.apache.hadoop.ipc.DefaultRpcScheduler, ipcBackoff: false.
2019-10-14 19:32:49,114 [Socket Reader #1 for port 40198] INFO  ipc.Server (Server.java:run(1074)) - Starting Socket Reader #1 for port 40198
2019-10-14 19:32:49,117 [main] INFO  ipc.CallQueueManager (CallQueueManager.java:<init>(84)) - Using callQueue: class java.util.concurrent.LinkedBlockingQueue, queueCapacity: 2000, scheduler: class org.apache.hadoop.ipc.DefaultRpcScheduler, ipcBackoff: false.
2019-10-14 19:32:49,118 [Socket Reader #1 for port 40129] INFO  ipc.Server (Server.java:run(1074)) - Starting Socket Reader #1 for port 40129
2019-10-14 19:32:49,122 [main] INFO  hdfs.DFSUtil (DFSUtil.java:httpServerTemplateForNNAndJN(1641)) - Starting Web-server for scm at: http://0.0.0.0:0
2019-10-14 19:32:49,124 [main] INFO  server.AuthenticationFilter (AuthenticationFilter.java:constructSecretProvider(240)) - Unable to initialize FileSignerSecretProvider, falling back to use random secrets.
2019-10-14 19:32:49,125 [main] WARN  http.HttpRequestLog (HttpRequestLog.java:getRequestLog(97)) - Jetty request log can only be enabled using Log4j
2019-10-14 19:32:49,127 [main] INFO  http.HttpServer2 (HttpServer2.java:addGlobalFilter(975)) - Added global filter 'safety' (class=org.apache.hadoop.http.HttpServer2$QuotingInputFilter)
2019-10-14 19:32:49,128 [main] INFO  http.HttpServer2 (HttpServer2.java:addFilter(948)) - Added filter static_user_filter (class=org.apache.hadoop.http.lib.StaticUserWebFilter$StaticUserFilter) to context scm
2019-10-14 19:32:49,128 [main] INFO  http.HttpServer2 (HttpServer2.java:addFilter(958)) - Added filter static_user_filter (class=org.apache.hadoop.http.lib.StaticUserWebFilter$StaticUserFilter) to context logs
2019-10-14 19:32:49,128 [main] INFO  http.HttpServer2 (HttpServer2.java:addFilter(958)) - Added filter static_user_filter (class=org.apache.hadoop.http.lib.StaticUserWebFilter$StaticUserFilter) to context static
2019-10-14 19:32:49,130 [main] INFO  server.StorageContainerManager (StorageContainerManager.java:start(772)) - StorageContainerLocationProtocol RPC server is listening at /0.0.0.0:40129
2019-10-14 19:32:49,133 [main] WARN  impl.MetricsConfig (MetricsConfig.java:loadFirst(134)) - Cannot locate configuration: tried hadoop-metrics2-storagecontainermanager.properties,hadoop-metrics2.properties
2019-10-14 19:32:49,134 [main] INFO  impl.MetricsSystemImpl (MetricsSystemImpl.java:startTimer(374)) - Scheduled Metric snapshot period at 10 second(s).
2019-10-14 19:32:49,134 [main] INFO  impl.MetricsSystemImpl (MetricsSystemImpl.java:start(191)) - StorageContainerManager metrics system started
2019-10-14 19:32:49,479 [main] WARN  impl.MetricsSystemImpl (MetricsSystemImpl.java:register(276)) - Sink prometheus already exists!
2019-10-14 19:32:49,689 [Thread-2214] INFO  client.GrpcClientProtocolService (GrpcClientProtocolService.java:lambda$processClientRequest$0(278)) - Failed RaftClientRequest:client-E1CD567F8D9E->09a9200a-ead6-4084-a723-89436f5cacce@group-4BDB53EFA369, cid=120, seq=0, Watch-MAJORITY_COMMITTED(43), Message:<EMPTY>, reply=RaftClientReply:client-E1CD567F8D9E->09a9200a-ead6-4084-a723-89436f5cacce@group-4BDB53EFA369, cid=120, FAILED org.apache.ratis.protocol.NotReplicatedException: Request with call Id 120 and log index 43 is not yet replicated to MAJORITY_COMMITTED, logIndex=43, commits[09a9200a-ead6-4084-a723-89436f5cacce:c2, 60a49fad-6bbc-4e1d-b332-64cc210e3f49:c2, 670e30cf-8b9d-44a8-8fa0-e58ec8ba4c01:c2]
2019-10-14 19:32:49,689 [Thread-2215] INFO  client.GrpcClientProtocolService (GrpcClientProtocolService.java:lambda$processClientRequest$0(278)) - Failed RaftClientRequest:client-E1CD567F8D9E->09a9200a-ead6-4084-a723-89436f5cacce@group-4BDB53EFA369, cid=119, seq=0, Watch-ALL_COMMITTED(43), Message:<EMPTY>, reply=RaftClientReply:client-E1CD567F8D9E->09a9200a-ead6-4084-a723-89436f5cacce@group-4BDB53EFA369, cid=119, FAILED org.apache.ratis.protocol.NotReplicatedException: Request with call Id 119 and log index 43 is not yet replicated to ALL_COMMITTED, logIndex=43, commits[09a9200a-ead6-4084-a723-89436f5cacce:c2, 60a49fad-6bbc-4e1d-b332-64cc210e3f49:c2, 670e30cf-8b9d-44a8-8fa0-e58ec8ba4c01:c2]
2019-10-14 19:32:49,805 [main] INFO  server.SCMClientProtocolServer (SCMClientProtocolServer.java:start(159)) - RPC server for Client  is listening at /0.0.0.0:40129
2019-10-14 19:32:49,805 [IPC Server Responder] INFO  ipc.Server (Server.java:run(1314)) - IPC Server Responder: starting
2019-10-14 19:32:49,805 [IPC Server listener on 40129] INFO  ipc.Server (Server.java:run(1153)) - IPC Server listener on 40129: starting
2019-10-14 19:32:49,815 [main] INFO  server.StorageContainerManager (StorageContainerManager.java:start(782)) - ScmBlockLocationProtocol RPC server is listening at /0.0.0.0:40198
2019-10-14 19:32:49,815 [main] INFO  server.SCMBlockProtocolServer (SCMBlockProtocolServer.java:start(146)) - RPC server for Block Protocol is listening at /0.0.0.0:40198
2019-10-14 19:32:49,816 [IPC Server Responder] INFO  ipc.Server (Server.java:run(1314)) - IPC Server Responder: starting
2019-10-14 19:32:49,816 [IPC Server listener on 40198] INFO  ipc.Server (Server.java:run(1153)) - IPC Server listener on 40198: starting
2019-10-14 19:32:49,830 [main] INFO  server.StorageContainerManager (StorageContainerManager.java:start(786)) - ScmDatanodeProtocl RPC server is listening at /0.0.0.0:44705
2019-10-14 19:32:49,830 [main] INFO  server.SCMDatanodeProtocolServer (SCMDatanodeProtocolServer.java:start(169)) - RPC server for DataNodes is listening at /0.0.0.0:44705
2019-10-14 19:32:49,831 [IPC Server Responder] INFO  ipc.Server (Server.java:run(1314)) - IPC Server Responder: starting
2019-10-14 19:32:49,831 [IPC Server listener on 44705] INFO  ipc.Server (Server.java:run(1153)) - IPC Server listener on 44705: starting
2019-10-14 19:32:49,837 [main] INFO  http.HttpServer2 (HttpServer2.java:bindListener(1191)) - Jetty bound to port 46803
2019-10-14 19:32:49,837 [main] INFO  server.Server (Server.java:doStart(351)) - jetty-9.3.25.v20180904, build timestamp: 2018-09-04T21:11:46Z, git hash: 3ce520221d0240229c862b122d2b06c12a625732
2019-10-14 19:32:49,839 [main] INFO  handler.ContextHandler (ContextHandler.java:doStart(781)) - Started o.e.j.s.ServletContextHandler@1c98b4eb{/logs,file:///workdir/hadoop-ozone/integration-test/target/log,AVAILABLE}
2019-10-14 19:32:49,840 [main] INFO  handler.ContextHandler (ContextHandler.java:doStart(781)) - Started o.e.j.s.ServletContextHandler@756b2d90{/static,file:///workdir/hadoop-ozone/integration-test/target/test-classes/webapps/static,AVAILABLE}
2019-10-14 19:32:49,843 [main] INFO  handler.ContextHandler (ContextHandler.java:doStart(781)) - Started o.e.j.w.WebAppContext@1a2ac487{/,file:///workdir/hadoop-ozone/integration-test/target/test-classes/webapps/scm/,AVAILABLE}{/scm}
2019-10-14 19:32:49,843 [main] INFO  server.AbstractConnector (AbstractConnector.java:doStart(278)) - Started ServerConnector@570a62a5{HTTP/1.1,[http/1.1]}{0.0.0.0:46803}
2019-10-14 19:32:49,846 [main] INFO  server.Server (Server.java:doStart(419)) - Started @229728ms
2019-10-14 19:32:49,846 [main] WARN  impl.MetricsSystemImpl (MetricsSystemImpl.java:register(276)) - Sink prometheus already exists!
2019-10-14 19:32:49,847 [main] INFO  server.BaseHttpServer (BaseHttpServer.java:updateConnectorAddress(215)) - HTTP server of SCM is listening at http://0.0.0.0:46803
2019-10-14 19:32:49,847 [main] WARN  server.ServerUtils (ServerUtils.java:getDBPath(222)) - ozone.om.db.dirs is not configured. We recommend adding this setting. Falling back to ozone.metadata.dirs instead.
2019-10-14 19:32:49,847 [org.apache.hadoop.util.JvmPauseMonitor$Monitor@1ee5632d] INFO  util.JvmPauseMonitor (JvmPauseMonitor.java:run(188)) - Starting JVM pause monitor
2019-10-14 19:32:49,874 [main] INFO  ha.OMHANodeDetails (OMHANodeDetails.java:loadOMHAConfig(190)) - Configuration either no ozone.om.address set. Falling back to the default OM address /127.0.0.1:0
2019-10-14 19:32:49,875 [main] INFO  ha.OMHANodeDetails (OMHANodeDetails.java:getOMNodeDetails(220)) - OM Service ID is not set. Setting it to the default ID: omServiceIdDefault
2019-10-14 19:32:49,875 [main] WARN  server.ServerUtils (ServerUtils.java:getDBPath(222)) - ozone.om.db.dirs is not configured. We recommend adding this setting. Falling back to ozone.metadata.dirs instead.
2019-10-14 19:32:49,875 [main] WARN  server.ServerUtils (ServerUtils.java:getDBPath(222)) - ozone.om.db.dirs is not configured. We recommend adding this setting. Falling back to ozone.metadata.dirs instead.
2019-10-14 19:32:49,928 [main] WARN  server.ServerUtils (ServerUtils.java:getDBPath(222)) - ozone.om.db.dirs is not configured. We recommend adding this setting. Falling back to ozone.metadata.dirs instead.
2019-10-14 19:32:49,929 [main] INFO  db.DBStoreBuilder (DBStoreBuilder.java:addTable(117)) - using custom profile for table: userTable
2019-10-14 19:32:49,929 [main] INFO  db.DBStoreBuilder (DBStoreBuilder.java:processTables(168)) - Using default column profile:DBProfile.DISK for Table:userTable
2019-10-14 19:32:49,929 [main] INFO  db.DBStoreBuilder (DBStoreBuilder.java:addTable(117)) - using custom profile for table: volumeTable
2019-10-14 19:32:49,929 [main] INFO  db.DBStoreBuilder (DBStoreBuilder.java:processTables(168)) - Using default column profile:DBProfile.DISK for Table:volumeTable
2019-10-14 19:32:49,929 [main] INFO  db.DBStoreBuilder (DBStoreBuilder.java:addTable(117)) - using custom profile for table: bucketTable
2019-10-14 19:32:49,929 [main] INFO  db.DBStoreBuilder (DBStoreBuilder.java:processTables(168)) - Using default column profile:DBProfile.DISK for Table:bucketTable
2019-10-14 19:32:49,929 [main] INFO  db.DBStoreBuilder (DBStoreBuilder.java:addTable(117)) - using custom profile for table: keyTable
2019-10-14 19:32:49,930 [main] INFO  db.DBStoreBuilder (DBStoreBuilder.java:processTables(168)) - Using default column profile:DBProfile.DISK for Table:keyTable
2019-10-14 19:32:49,930 [main] INFO  db.DBStoreBuilder (DBStoreBuilder.java:addTable(117)) - using custom profile for table: deletedTable
2019-10-14 19:32:49,930 [main] INFO  db.DBStoreBuilder (DBStoreBuilder.java:processTables(168)) - Using default column profile:DBProfile.DISK for Table:deletedTable
2019-10-14 19:32:49,930 [main] INFO  db.DBStoreBuilder (DBStoreBuilder.java:addTable(117)) - using custom profile for table: openKeyTable
2019-10-14 19:32:49,930 [main] INFO  db.DBStoreBuilder (DBStoreBuilder.java:processTables(168)) - Using default column profile:DBProfile.DISK for Table:openKeyTable
2019-10-14 19:32:49,930 [main] INFO  db.DBStoreBuilder (DBStoreBuilder.java:addTable(117)) - using custom profile for table: s3Table
2019-10-14 19:32:49,930 [main] INFO  db.DBStoreBuilder (DBStoreBuilder.java:processTables(168)) - Using default column profile:DBProfile.DISK for Table:s3Table
2019-10-14 19:32:49,931 [main] INFO  db.DBStoreBuilder (DBStoreBuilder.java:addTable(117)) - using custom profile for table: multipartInfoTable
2019-10-14 19:32:49,931 [main] INFO  db.DBStoreBuilder (DBStoreBuilder.java:processTables(168)) - Using default column profile:DBProfile.DISK for Table:multipartInfoTable
2019-10-14 19:32:49,931 [main] INFO  db.DBStoreBuilder (DBStoreBuilder.java:addTable(117)) - using custom profile for table: dTokenTable
2019-10-14 19:32:49,931 [main] INFO  db.DBStoreBuilder (DBStoreBuilder.java:processTables(168)) - Using default column profile:DBProfile.DISK for Table:dTokenTable
2019-10-14 19:32:49,931 [main] INFO  db.DBStoreBuilder (DBStoreBuilder.java:addTable(117)) - using custom profile for table: s3SecretTable
2019-10-14 19:32:49,931 [main] INFO  db.DBStoreBuilder (DBStoreBuilder.java:processTables(168)) - Using default column profile:DBProfile.DISK for Table:s3SecretTable
2019-10-14 19:32:49,932 [main] INFO  db.DBStoreBuilder (DBStoreBuilder.java:addTable(117)) - using custom profile for table: prefixTable
2019-10-14 19:32:49,932 [main] INFO  db.DBStoreBuilder (DBStoreBuilder.java:processTables(168)) - Using default column profile:DBProfile.DISK for Table:prefixTable
2019-10-14 19:32:49,932 [main] INFO  db.DBStoreBuilder (DBStoreBuilder.java:addTable(117)) - using custom profile for table: default
2019-10-14 19:32:49,932 [main] INFO  db.DBStoreBuilder (DBStoreBuilder.java:processTables(174)) - Using default column profile:DBProfile.DISK for Table:default
2019-10-14 19:32:49,932 [main] INFO  db.DBStoreBuilder (DBStoreBuilder.java:getDbProfile(205)) - Using default options. DBProfile.DISK
2019-10-14 19:32:50,653 [main] INFO  ipc.CallQueueManager (CallQueueManager.java:<init>(84)) - Using callQueue: class java.util.concurrent.LinkedBlockingQueue, queueCapacity: 2000, scheduler: class org.apache.hadoop.ipc.DefaultRpcScheduler, ipcBackoff: false.
2019-10-14 19:32:50,654 [Socket Reader #1 for port 46059] INFO  ipc.Server (Server.java:run(1074)) - Starting Socket Reader #1 for port 46059
2019-10-14 19:32:50,675 [main] INFO  om.OzoneManager (OzoneManager.java:start(1071)) - OzoneManager RPC server is listening at localhost/127.0.0.1:46059
2019-10-14 19:32:50,676 [main] INFO  impl.MetricsSystemImpl (MetricsSystemImpl.java:init(158)) - OzoneManager metrics system started (again)
2019-10-14 19:32:50,677 [IPC Server Responder] INFO  ipc.Server (Server.java:run(1314)) - IPC Server Responder: starting
2019-10-14 19:32:50,681 [IPC Server listener on 46059] INFO  ipc.Server (Server.java:run(1153)) - IPC Server listener on 46059: starting
2019-10-14 19:32:50,693 [main] INFO  hdfs.DFSUtil (DFSUtil.java:httpServerTemplateForNNAndJN(1641)) - Starting Web-server for ozoneManager at: http://0.0.0.0:0
2019-10-14 19:32:50,695 [main] INFO  server.AuthenticationFilter (AuthenticationFilter.java:constructSecretProvider(240)) - Unable to initialize FileSignerSecretProvider, falling back to use random secrets.
2019-10-14 19:32:50,695 [main] WARN  http.HttpRequestLog (HttpRequestLog.java:getRequestLog(97)) - Jetty request log can only be enabled using Log4j
2019-10-14 19:32:50,697 [main] INFO  http.HttpServer2 (HttpServer2.java:addGlobalFilter(975)) - Added global filter 'safety' (class=org.apache.hadoop.http.HttpServer2$QuotingInputFilter)
2019-10-14 19:32:50,698 [main] INFO  http.HttpServer2 (HttpServer2.java:addFilter(948)) - Added filter static_user_filter (class=org.apache.hadoop.http.lib.StaticUserWebFilter$StaticUserFilter) to context ozoneManager
2019-10-14 19:32:50,698 [main] INFO  http.HttpServer2 (HttpServer2.java:addFilter(958)) - Added filter static_user_filter (class=org.apache.hadoop.http.lib.StaticUserWebFilter$StaticUserFilter) to context static
2019-10-14 19:32:50,698 [main] INFO  http.HttpServer2 (HttpServer2.java:addFilter(958)) - Added filter static_user_filter (class=org.apache.hadoop.http.lib.StaticUserWebFilter$StaticUserFilter) to context logs
2019-10-14 19:32:50,699 [main] INFO  http.HttpServer2 (HttpServer2.java:bindListener(1191)) - Jetty bound to port 37843
2019-10-14 19:32:50,699 [main] INFO  server.Server (Server.java:doStart(351)) - jetty-9.3.25.v20180904, build timestamp: 2018-09-04T21:11:46Z, git hash: 3ce520221d0240229c862b122d2b06c12a625732
2019-10-14 19:32:50,701 [main] INFO  handler.ContextHandler (ContextHandler.java:doStart(781)) - Started o.e.j.s.ServletContextHandler@463afa6e{/logs,file:///workdir/hadoop-ozone/integration-test/target/log,AVAILABLE}
2019-10-14 19:32:50,702 [main] INFO  handler.ContextHandler (ContextHandler.java:doStart(781)) - Started o.e.j.s.ServletContextHandler@7ccd611e{/static,file:///workdir/hadoop-ozone/integration-test/target/test-classes/webapps/static,AVAILABLE}
2019-10-14 19:32:50,706 [main] INFO  handler.ContextHandler (ContextHandler.java:doStart(781)) - Started o.e.j.w.WebAppContext@14de1901{/,file:///workdir/hadoop-ozone/integration-test/target/test-classes/webapps/ozoneManager/,AVAILABLE}{/ozoneManager}
2019-10-14 19:32:50,707 [main] INFO  server.AbstractConnector (AbstractConnector.java:doStart(278)) - Started ServerConnector@437ed416{HTTP/1.1,[http/1.1]}{0.0.0.0:37843}
2019-10-14 19:32:50,709 [main] INFO  server.Server (Server.java:doStart(419)) - Started @230592ms
2019-10-14 19:32:50,710 [main] WARN  impl.MetricsSystemImpl (MetricsSystemImpl.java:register(276)) - Sink prometheus already exists!
2019-10-14 19:32:50,710 [main] INFO  server.BaseHttpServer (BaseHttpServer.java:updateConnectorAddress(215)) - HTTP server of OZONEMANAGER is listening at http://0.0.0.0:37843
2019-10-14 19:32:50,727 [main] INFO  impl.MetricsSystemImpl (MetricsSystemImpl.java:init(158)) - HddsDatanode metrics system started (again)
2019-10-14 19:32:50,751 [main] INFO  ozone.HddsDatanodeService (HddsDatanodeService.java:start(184)) - HddsDatanodeService host:pr-hdds-1868-cfdmt-251076870 ip:192.168.164.219
2019-10-14 19:32:50,761 [main] INFO  volume.HddsVolume (HddsVolume.java:<init>(176)) - Creating Volume: /workdir/hadoop-ozone/integration-test/target/test-dir/MiniOzoneClusterImpl-108ecea4-3d96-4ce0-92d8-90fb95b9c2b0/datanode-0/data/containers/hdds of  storage type : DISK and capacity : 1482555576320
2019-10-14 19:32:50,761 [main] INFO  volume.VolumeSet (VolumeSet.java:initializeVolumeSet(170)) - Added Volume : /workdir/hadoop-ozone/integration-test/target/test-dir/MiniOzoneClusterImpl-108ecea4-3d96-4ce0-92d8-90fb95b9c2b0/datanode-0/data/containers/hdds to VolumeSet
2019-10-14 19:32:50,762 [main] INFO  volume.ThrottledAsyncChecker (ThrottledAsyncChecker.java:schedule(141)) - Scheduling a check for org.apache.hadoop.ozone.container.common.volume.HddsVolume@27a9f025
2019-10-14 19:32:50,765 [main] INFO  volume.HddsVolumeChecker (HddsVolumeChecker.java:checkAllVolumes(204)) - Scheduled health check for volume org.apache.hadoop.ozone.container.common.volume.HddsVolume@27a9f025
2019-10-14 19:32:50,782 [main] INFO  impl.RaftServerProxy (ConfUtils.java:logGet(43)) - raft.rpc.type = GRPC (default)
2019-10-14 19:32:50,783 [main] INFO  grpc.GrpcFactory (GrpcFactory.java:checkPooledByteBufAllocatorUseCacheForAllThreads(45)) - PERFORMANCE WARNING: useCacheForAllThreads is true that may cause Netty to create a lot garbage objects and, as a result, trigger GC.
	It is recommended to disable useCacheForAllThreads by setting -Dorg.apache.ratis.thirdparty.io.netty.allocator.useCacheForAllThreads=false in command line.
2019-10-14 19:32:50,783 [main] INFO  grpc.GrpcConfigKeys$Server (ConfUtils.java:logGet(43)) - raft.grpc.server.port = 0 (default)
2019-10-14 19:32:50,783 [main] INFO  server.GrpcService (ConfUtils.java:logGet(43)) - raft.grpc.message.size.max = 33570816 (custom)
2019-10-14 19:32:50,784 [main] INFO  server.RaftServerConfigKeys (ConfUtils.java:logGet(43)) - raft.server.log.appender.buffer.byte-limit = 33554432 (custom)
2019-10-14 19:32:50,784 [main] INFO  server.GrpcService (ConfUtils.java:logGet(43)) - raft.grpc.flow.control.window = 1MB (=1048576) (default)
2019-10-14 19:32:50,784 [main] INFO  server.RaftServerConfigKeys (ConfUtils.java:logGet(43)) - raft.server.rpc.request.timeout = 3000ms (default)
2019-10-14 19:32:50,785 [main] INFO  server.RaftServerConfigKeys (ConfUtils.java:logGet(43)) - raft.server.storage.dir = [/workdir/hadoop-ozone/integration-test/target/test-dir/MiniOzoneClusterImpl-108ecea4-3d96-4ce0-92d8-90fb95b9c2b0/datanode-0/data/ratis] (custom)
2019-10-14 19:32:50,787 [main] INFO  hdfs.DFSUtil (DFSUtil.java:httpServerTemplateForNNAndJN(1641)) - Starting Web-server for hddsDatanode at: http://0.0.0.0:0
2019-10-14 19:32:50,788 [main] INFO  server.AuthenticationFilter (AuthenticationFilter.java:constructSecretProvider(240)) - Unable to initialize FileSignerSecretProvider, falling back to use random secrets.
2019-10-14 19:32:50,789 [main] WARN  http.HttpRequestLog (HttpRequestLog.java:getRequestLog(97)) - Jetty request log can only be enabled using Log4j
2019-10-14 19:32:50,790 [main] INFO  http.HttpServer2 (HttpServer2.java:addGlobalFilter(975)) - Added global filter 'safety' (class=org.apache.hadoop.http.HttpServer2$QuotingInputFilter)
2019-10-14 19:32:50,791 [main] INFO  http.HttpServer2 (HttpServer2.java:addFilter(948)) - Added filter static_user_filter (class=org.apache.hadoop.http.lib.StaticUserWebFilter$StaticUserFilter) to context hddsDatanode
2019-10-14 19:32:50,791 [main] INFO  http.HttpServer2 (HttpServer2.java:addFilter(958)) - Added filter static_user_filter (class=org.apache.hadoop.http.lib.StaticUserWebFilter$StaticUserFilter) to context logs
2019-10-14 19:32:50,791 [main] INFO  http.HttpServer2 (HttpServer2.java:addFilter(958)) - Added filter static_user_filter (class=org.apache.hadoop.http.lib.StaticUserWebFilter$StaticUserFilter) to context static
2019-10-14 19:32:50,792 [main] INFO  http.HttpServer2 (HttpServer2.java:bindListener(1191)) - Jetty bound to port 37823
2019-10-14 19:32:50,792 [main] INFO  server.Server (Server.java:doStart(351)) - jetty-9.3.25.v20180904, build timestamp: 2018-09-04T21:11:46Z, git hash: 3ce520221d0240229c862b122d2b06c12a625732
2019-10-14 19:32:50,794 [main] INFO  handler.ContextHandler (ContextHandler.java:doStart(781)) - Started o.e.j.s.ServletContextHandler@33d28f0a{/logs,file:///workdir/hadoop-ozone/integration-test/target/log,AVAILABLE}
2019-10-14 19:32:50,794 [main] INFO  handler.ContextHandler (ContextHandler.java:doStart(781)) - Started o.e.j.s.ServletContextHandler@51e7589f{/static,jar:file:/home/user/.m2/repository/org/apache/hadoop/hadoop-hdds-container-service/0.5.0-SNAPSHOT/hadoop-hdds-container-service-0.5.0-SNAPSHOT.jar!/webapps/static,AVAILABLE}
2019-10-14 19:32:50,833 [main] INFO  handler.ContextHandler (ContextHandler.java:doStart(781)) - Started o.e.j.w.WebAppContext@53d6e959{/,file:///tmp/jetty-0.0.0.0-37823-hddsDatanode-_-any-3734432313067581665.dir/webapp/,AVAILABLE}{/hddsDatanode}
2019-10-14 19:32:50,833 [main] INFO  server.AbstractConnector (AbstractConnector.java:doStart(278)) - Started ServerConnector@3caee3a8{HTTP/1.1,[http/1.1]}{0.0.0.0:37823}
2019-10-14 19:32:50,837 [main] INFO  server.Server (Server.java:doStart(419)) - Started @230719ms
2019-10-14 19:32:50,837 [main] WARN  impl.MetricsSystemImpl (MetricsSystemImpl.java:register(276)) - Sink prometheus already exists!
2019-10-14 19:32:50,838 [main] INFO  server.BaseHttpServer (BaseHttpServer.java:updateConnectorAddress(215)) - HTTP server of HDDSDATANODE is listening at http://0.0.0.0:37823
2019-10-14 19:32:50,838 [main] INFO  impl.MetricsSystemImpl (MetricsSystemImpl.java:init(158)) - HddsDatanode metrics system started (again)
2019-10-14 19:32:50,868 [org.apache.hadoop.util.JvmPauseMonitor$Monitor@3329af67] INFO  util.JvmPauseMonitor (JvmPauseMonitor.java:run(188)) - Starting JVM pause monitor
2019-10-14 19:32:50,869 [main] INFO  ozone.HddsDatanodeService (HddsDatanodeService.java:start(184)) - HddsDatanodeService host:pr-hdds-1868-cfdmt-251076870 ip:192.168.164.219
2019-10-14 19:32:50,870 [Datanode State Machine Thread - 0] INFO  datanode.InitDatanodeState (InitDatanodeState.java:persistContainerDatanodeDetails(140)) - DatanodeDetails is persisted to /workdir/hadoop-ozone/integration-test/target/test-dir/MiniOzoneClusterImpl-108ecea4-3d96-4ce0-92d8-90fb95b9c2b0/datanode-0/meta/datanode.id
2019-10-14 19:32:50,882 [main] INFO  volume.HddsVolume (HddsVolume.java:<init>(176)) - Creating Volume: /workdir/hadoop-ozone/integration-test/target/test-dir/MiniOzoneClusterImpl-108ecea4-3d96-4ce0-92d8-90fb95b9c2b0/datanode-1/data/containers/hdds of  storage type : DISK and capacity : 1482555576320
2019-10-14 19:32:50,882 [main] INFO  volume.VolumeSet (VolumeSet.java:initializeVolumeSet(170)) - Added Volume : /workdir/hadoop-ozone/integration-test/target/test-dir/MiniOzoneClusterImpl-108ecea4-3d96-4ce0-92d8-90fb95b9c2b0/datanode-1/data/containers/hdds to VolumeSet
2019-10-14 19:32:50,882 [main] INFO  volume.ThrottledAsyncChecker (ThrottledAsyncChecker.java:schedule(141)) - Scheduling a check for org.apache.hadoop.ozone.container.common.volume.HddsVolume@6d294ddc
2019-10-14 19:32:50,883 [main] INFO  volume.HddsVolumeChecker (HddsVolumeChecker.java:checkAllVolumes(204)) - Scheduled health check for volume org.apache.hadoop.ozone.container.common.volume.HddsVolume@6d294ddc
2019-10-14 19:32:50,901 [main] INFO  impl.RaftServerProxy (ConfUtils.java:logGet(43)) - raft.rpc.type = GRPC (default)
2019-10-14 19:32:50,902 [main] INFO  grpc.GrpcFactory (GrpcFactory.java:checkPooledByteBufAllocatorUseCacheForAllThreads(45)) - PERFORMANCE WARNING: useCacheForAllThreads is true that may cause Netty to create a lot garbage objects and, as a result, trigger GC.
	It is recommended to disable useCacheForAllThreads by setting -Dorg.apache.ratis.thirdparty.io.netty.allocator.useCacheForAllThreads=false in command line.
2019-10-14 19:32:50,902 [main] INFO  grpc.GrpcConfigKeys$Server (ConfUtils.java:logGet(43)) - raft.grpc.server.port = 0 (default)
2019-10-14 19:32:50,902 [main] INFO  server.GrpcService (ConfUtils.java:logGet(43)) - raft.grpc.message.size.max = 33570816 (custom)
2019-10-14 19:32:50,902 [main] INFO  server.RaftServerConfigKeys (ConfUtils.java:logGet(43)) - raft.server.log.appender.buffer.byte-limit = 33554432 (custom)
2019-10-14 19:32:50,902 [main] INFO  server.GrpcService (ConfUtils.java:logGet(43)) - raft.grpc.flow.control.window = 1MB (=1048576) (default)
2019-10-14 19:32:50,903 [main] INFO  server.RaftServerConfigKeys (ConfUtils.java:logGet(43)) - raft.server.rpc.request.timeout = 3000ms (default)
2019-10-14 19:32:50,903 [main] INFO  server.RaftServerConfigKeys (ConfUtils.java:logGet(43)) - raft.server.storage.dir = [/workdir/hadoop-ozone/integration-test/target/test-dir/MiniOzoneClusterImpl-108ecea4-3d96-4ce0-92d8-90fb95b9c2b0/datanode-1/data/ratis] (custom)
2019-10-14 19:32:50,904 [main] INFO  hdfs.DFSUtil (DFSUtil.java:httpServerTemplateForNNAndJN(1641)) - Starting Web-server for hddsDatanode at: http://0.0.0.0:0
2019-10-14 19:32:50,906 [main] INFO  server.AuthenticationFilter (AuthenticationFilter.java:constructSecretProvider(240)) - Unable to initialize FileSignerSecretProvider, falling back to use random secrets.
2019-10-14 19:32:50,906 [main] WARN  http.HttpRequestLog (HttpRequestLog.java:getRequestLog(97)) - Jetty request log can only be enabled using Log4j
2019-10-14 19:32:50,908 [main] INFO  http.HttpServer2 (HttpServer2.java:addGlobalFilter(975)) - Added global filter 'safety' (class=org.apache.hadoop.http.HttpServer2$QuotingInputFilter)
2019-10-14 19:32:50,908 [main] INFO  http.HttpServer2 (HttpServer2.java:addFilter(948)) - Added filter static_user_filter (class=org.apache.hadoop.http.lib.StaticUserWebFilter$StaticUserFilter) to context hddsDatanode
2019-10-14 19:32:50,909 [main] INFO  http.HttpServer2 (HttpServer2.java:addFilter(958)) - Added filter static_user_filter (class=org.apache.hadoop.http.lib.StaticUserWebFilter$StaticUserFilter) to context static
2019-10-14 19:32:50,909 [main] INFO  http.HttpServer2 (HttpServer2.java:addFilter(958)) - Added filter static_user_filter (class=org.apache.hadoop.http.lib.StaticUserWebFilter$StaticUserFilter) to context logs
2019-10-14 19:32:50,909 [main] INFO  http.HttpServer2 (HttpServer2.java:bindListener(1191)) - Jetty bound to port 42651
2019-10-14 19:32:50,910 [main] INFO  server.Server (Server.java:doStart(351)) - jetty-9.3.25.v20180904, build timestamp: 2018-09-04T21:11:46Z, git hash: 3ce520221d0240229c862b122d2b06c12a625732
2019-10-14 19:32:50,911 [main] INFO  handler.ContextHandler (ContextHandler.java:doStart(781)) - Started o.e.j.s.ServletContextHandler@1a914089{/logs,file:///workdir/hadoop-ozone/integration-test/target/log,AVAILABLE}
2019-10-14 19:32:50,912 [main] INFO  handler.ContextHandler (ContextHandler.java:doStart(781)) - Started o.e.j.s.ServletContextHandler@4a2bf50f{/static,jar:file:/home/user/.m2/repository/org/apache/hadoop/hadoop-hdds-container-service/0.5.0-SNAPSHOT/hadoop-hdds-container-service-0.5.0-SNAPSHOT.jar!/webapps/static,AVAILABLE}
2019-10-14 19:32:50,945 [main] INFO  handler.ContextHandler (ContextHandler.java:doStart(781)) - Started o.e.j.w.WebAppContext@2eb0cefe{/,file:///tmp/jetty-0.0.0.0-42651-hddsDatanode-_-any-2913516966645631985.dir/webapp/,AVAILABLE}{/hddsDatanode}
2019-10-14 19:32:50,946 [main] INFO  server.AbstractConnector (AbstractConnector.java:doStart(278)) - Started ServerConnector@5a2ae1ab{HTTP/1.1,[http/1.1]}{0.0.0.0:42651}
2019-10-14 19:32:50,950 [main] INFO  server.Server (Server.java:doStart(419)) - Started @230832ms
2019-10-14 19:32:50,950 [main] WARN  impl.MetricsSystemImpl (MetricsSystemImpl.java:register(276)) - Sink prometheus already exists!
2019-10-14 19:32:50,951 [main] INFO  server.BaseHttpServer (BaseHttpServer.java:updateConnectorAddress(215)) - HTTP server of HDDSDATANODE is listening at http://0.0.0.0:42651
2019-10-14 19:32:50,951 [main] INFO  impl.MetricsSystemImpl (MetricsSystemImpl.java:init(158)) - HddsDatanode metrics system started (again)
2019-10-14 19:32:50,972 [org.apache.hadoop.util.JvmPauseMonitor$Monitor@25e43f8] INFO  util.JvmPauseMonitor (JvmPauseMonitor.java:run(188)) - Starting JVM pause monitor
2019-10-14 19:32:50,972 [main] INFO  ozone.HddsDatanodeService (HddsDatanodeService.java:start(184)) - HddsDatanodeService host:pr-hdds-1868-cfdmt-251076870 ip:192.168.164.219
2019-10-14 19:32:50,973 [Datanode State Machine Thread - 0] INFO  datanode.InitDatanodeState (InitDatanodeState.java:persistContainerDatanodeDetails(140)) - DatanodeDetails is persisted to /workdir/hadoop-ozone/integration-test/target/test-dir/MiniOzoneClusterImpl-108ecea4-3d96-4ce0-92d8-90fb95b9c2b0/datanode-1/meta/datanode.id
2019-10-14 19:32:50,982 [main] INFO  volume.HddsVolume (HddsVolume.java:<init>(176)) - Creating Volume: /workdir/hadoop-ozone/integration-test/target/test-dir/MiniOzoneClusterImpl-108ecea4-3d96-4ce0-92d8-90fb95b9c2b0/datanode-2/data/containers/hdds of  storage type : DISK and capacity : 1482555576320
2019-10-14 19:32:50,983 [main] INFO  volume.VolumeSet (VolumeSet.java:initializeVolumeSet(170)) - Added Volume : /workdir/hadoop-ozone/integration-test/target/test-dir/MiniOzoneClusterImpl-108ecea4-3d96-4ce0-92d8-90fb95b9c2b0/datanode-2/data/containers/hdds to VolumeSet
2019-10-14 19:32:50,983 [main] INFO  volume.ThrottledAsyncChecker (ThrottledAsyncChecker.java:schedule(141)) - Scheduling a check for org.apache.hadoop.ozone.container.common.volume.HddsVolume@4f3356c0
2019-10-14 19:32:50,983 [main] INFO  volume.HddsVolumeChecker (HddsVolumeChecker.java:checkAllVolumes(204)) - Scheduled health check for volume org.apache.hadoop.ozone.container.common.volume.HddsVolume@4f3356c0
2019-10-14 19:32:50,997 [main] INFO  impl.RaftServerProxy (ConfUtils.java:logGet(43)) - raft.rpc.type = GRPC (default)
2019-10-14 19:32:50,997 [main] INFO  grpc.GrpcFactory (GrpcFactory.java:checkPooledByteBufAllocatorUseCacheForAllThreads(45)) - PERFORMANCE WARNING: useCacheForAllThreads is true that may cause Netty to create a lot garbage objects and, as a result, trigger GC.
	It is recommended to disable useCacheForAllThreads by setting -Dorg.apache.ratis.thirdparty.io.netty.allocator.useCacheForAllThreads=false in command line.
2019-10-14 19:32:50,997 [main] INFO  grpc.GrpcConfigKeys$Server (ConfUtils.java:logGet(43)) - raft.grpc.server.port = 0 (default)
2019-10-14 19:32:50,997 [main] INFO  server.GrpcService (ConfUtils.java:logGet(43)) - raft.grpc.message.size.max = 33570816 (custom)
2019-10-14 19:32:50,997 [main] INFO  server.RaftServerConfigKeys (ConfUtils.java:logGet(43)) - raft.server.log.appender.buffer.byte-limit = 33554432 (custom)
2019-10-14 19:32:50,997 [main] INFO  server.GrpcService (ConfUtils.java:logGet(43)) - raft.grpc.flow.control.window = 1MB (=1048576) (default)
2019-10-14 19:32:50,998 [main] INFO  server.RaftServerConfigKeys (ConfUtils.java:logGet(43)) - raft.server.rpc.request.timeout = 3000ms (default)
2019-10-14 19:32:50,998 [main] INFO  server.RaftServerConfigKeys (ConfUtils.java:logGet(43)) - raft.server.storage.dir = [/workdir/hadoop-ozone/integration-test/target/test-dir/MiniOzoneClusterImpl-108ecea4-3d96-4ce0-92d8-90fb95b9c2b0/datanode-2/data/ratis] (custom)
2019-10-14 19:32:50,999 [main] INFO  hdfs.DFSUtil (DFSUtil.java:httpServerTemplateForNNAndJN(1641)) - Starting Web-server for hddsDatanode at: http://0.0.0.0:0
2019-10-14 19:32:51,000 [main] INFO  server.AuthenticationFilter (AuthenticationFilter.java:constructSecretProvider(240)) - Unable to initialize FileSignerSecretProvider, falling back to use random secrets.
2019-10-14 19:32:51,000 [main] WARN  http.HttpRequestLog (HttpRequestLog.java:getRequestLog(97)) - Jetty request log can only be enabled using Log4j
2019-10-14 19:32:51,001 [main] INFO  http.HttpServer2 (HttpServer2.java:addGlobalFilter(975)) - Added global filter 'safety' (class=org.apache.hadoop.http.HttpServer2$QuotingInputFilter)
2019-10-14 19:32:51,002 [main] INFO  http.HttpServer2 (HttpServer2.java:addFilter(948)) - Added filter static_user_filter (class=org.apache.hadoop.http.lib.StaticUserWebFilter$StaticUserFilter) to context hddsDatanode
2019-10-14 19:32:51,002 [main] INFO  http.HttpServer2 (HttpServer2.java:addFilter(958)) - Added filter static_user_filter (class=org.apache.hadoop.http.lib.StaticUserWebFilter$StaticUserFilter) to context logs
2019-10-14 19:32:51,002 [main] INFO  http.HttpServer2 (HttpServer2.java:addFilter(958)) - Added filter static_user_filter (class=org.apache.hadoop.http.lib.StaticUserWebFilter$StaticUserFilter) to context static
2019-10-14 19:32:51,003 [main] INFO  http.HttpServer2 (HttpServer2.java:bindListener(1191)) - Jetty bound to port 43171
2019-10-14 19:32:51,003 [main] INFO  server.Server (Server.java:doStart(351)) - jetty-9.3.25.v20180904, build timestamp: 2018-09-04T21:11:46Z, git hash: 3ce520221d0240229c862b122d2b06c12a625732
2019-10-14 19:32:51,004 [main] INFO  handler.ContextHandler (ContextHandler.java:doStart(781)) - Started o.e.j.s.ServletContextHandler@22cb3d59{/logs,file:///workdir/hadoop-ozone/integration-test/target/log,AVAILABLE}
2019-10-14 19:32:51,004 [main] INFO  handler.ContextHandler (ContextHandler.java:doStart(781)) - Started o.e.j.s.ServletContextHandler@5cff729b{/static,jar:file:/home/user/.m2/repository/org/apache/hadoop/hadoop-hdds-container-service/0.5.0-SNAPSHOT/hadoop-hdds-container-service-0.5.0-SNAPSHOT.jar!/webapps/static,AVAILABLE}
2019-10-14 19:32:51,030 [main] INFO  handler.ContextHandler (ContextHandler.java:doStart(781)) - Started o.e.j.w.WebAppContext@4fea840f{/,file:///tmp/jetty-0.0.0.0-43171-hddsDatanode-_-any-4842210809527238279.dir/webapp/,AVAILABLE}{/hddsDatanode}
2019-10-14 19:32:51,030 [main] INFO  server.AbstractConnector (AbstractConnector.java:doStart(278)) - Started ServerConnector@32ae8f27{HTTP/1.1,[http/1.1]}{0.0.0.0:43171}
2019-10-14 19:32:51,035 [main] INFO  server.Server (Server.java:doStart(419)) - Started @230917ms
2019-10-14 19:32:51,035 [main] WARN  impl.MetricsSystemImpl (MetricsSystemImpl.java:register(276)) - Sink prometheus already exists!
2019-10-14 19:32:51,035 [main] INFO  server.BaseHttpServer (BaseHttpServer.java:updateConnectorAddress(215)) - HTTP server of HDDSDATANODE is listening at http://0.0.0.0:43171
2019-10-14 19:32:51,036 [main] INFO  impl.MetricsSystemImpl (MetricsSystemImpl.java:init(158)) - HddsDatanode metrics system started (again)
2019-10-14 19:32:51,057 [org.apache.hadoop.util.JvmPauseMonitor$Monitor@112b2d38] INFO  util.JvmPauseMonitor (JvmPauseMonitor.java:run(188)) - Starting JVM pause monitor
2019-10-14 19:32:51,058 [Datanode State Machine Thread - 0] INFO  datanode.InitDatanodeState (InitDatanodeState.java:persistContainerDatanodeDetails(140)) - DatanodeDetails is persisted to /workdir/hadoop-ozone/integration-test/target/test-dir/MiniOzoneClusterImpl-108ecea4-3d96-4ce0-92d8-90fb95b9c2b0/datanode-2/meta/datanode.id
2019-10-14 19:32:51,058 [main] INFO  ozone.HddsDatanodeService (HddsDatanodeService.java:start(184)) - HddsDatanodeService host:pr-hdds-1868-cfdmt-251076870 ip:192.168.164.219
2019-10-14 19:32:51,069 [main] INFO  volume.HddsVolume (HddsVolume.java:<init>(176)) - Creating Volume: /workdir/hadoop-ozone/integration-test/target/test-dir/MiniOzoneClusterImpl-108ecea4-3d96-4ce0-92d8-90fb95b9c2b0/datanode-3/data/containers/hdds of  storage type : DISK and capacity : 1482555576320
2019-10-14 19:32:51,070 [main] INFO  volume.VolumeSet (VolumeSet.java:initializeVolumeSet(170)) - Added Volume : /workdir/hadoop-ozone/integration-test/target/test-dir/MiniOzoneClusterImpl-108ecea4-3d96-4ce0-92d8-90fb95b9c2b0/datanode-3/data/containers/hdds to VolumeSet
2019-10-14 19:32:51,070 [main] INFO  volume.ThrottledAsyncChecker (ThrottledAsyncChecker.java:schedule(141)) - Scheduling a check for org.apache.hadoop.ozone.container.common.volume.HddsVolume@72c9ebfa
2019-10-14 19:32:51,070 [main] INFO  volume.HddsVolumeChecker (HddsVolumeChecker.java:checkAllVolumes(204)) - Scheduled health check for volume org.apache.hadoop.ozone.container.common.volume.HddsVolume@72c9ebfa
2019-10-14 19:32:51,088 [main] INFO  impl.RaftServerProxy (ConfUtils.java:logGet(43)) - raft.rpc.type = GRPC (default)
2019-10-14 19:32:51,088 [main] INFO  grpc.GrpcFactory (GrpcFactory.java:checkPooledByteBufAllocatorUseCacheForAllThreads(45)) - PERFORMANCE WARNING: useCacheForAllThreads is true that may cause Netty to create a lot garbage objects and, as a result, trigger GC.
	It is recommended to disable useCacheForAllThreads by setting -Dorg.apache.ratis.thirdparty.io.netty.allocator.useCacheForAllThreads=false in command line.
2019-10-14 19:32:51,089 [main] INFO  grpc.GrpcConfigKeys$Server (ConfUtils.java:logGet(43)) - raft.grpc.server.port = 0 (default)
2019-10-14 19:32:51,089 [main] INFO  server.GrpcService (ConfUtils.java:logGet(43)) - raft.grpc.message.size.max = 33570816 (custom)
2019-10-14 19:32:51,089 [main] INFO  server.RaftServerConfigKeys (ConfUtils.java:logGet(43)) - raft.server.log.appender.buffer.byte-limit = 33554432 (custom)
2019-10-14 19:32:51,089 [main] INFO  server.GrpcService (ConfUtils.java:logGet(43)) - raft.grpc.flow.control.window = 1MB (=1048576) (default)
2019-10-14 19:32:51,090 [main] INFO  server.RaftServerConfigKeys (ConfUtils.java:logGet(43)) - raft.server.rpc.request.timeout = 3000ms (default)
2019-10-14 19:32:51,090 [main] INFO  server.RaftServerConfigKeys (ConfUtils.java:logGet(43)) - raft.server.storage.dir = [/workdir/hadoop-ozone/integration-test/target/test-dir/MiniOzoneClusterImpl-108ecea4-3d96-4ce0-92d8-90fb95b9c2b0/datanode-3/data/ratis] (custom)
2019-10-14 19:32:51,092 [main] INFO  hdfs.DFSUtil (DFSUtil.java:httpServerTemplateForNNAndJN(1641)) - Starting Web-server for hddsDatanode at: http://0.0.0.0:0
2019-10-14 19:32:51,093 [main] INFO  server.AuthenticationFilter (AuthenticationFilter.java:constructSecretProvider(240)) - Unable to initialize FileSignerSecretProvider, falling back to use random secrets.
2019-10-14 19:32:51,094 [main] WARN  http.HttpRequestLog (HttpRequestLog.java:getRequestLog(97)) - Jetty request log can only be enabled using Log4j
2019-10-14 19:32:51,095 [main] INFO  http.HttpServer2 (HttpServer2.java:addGlobalFilter(975)) - Added global filter 'safety' (class=org.apache.hadoop.http.HttpServer2$QuotingInputFilter)
2019-10-14 19:32:51,096 [main] INFO  http.HttpServer2 (HttpServer2.java:addFilter(948)) - Added filter static_user_filter (class=org.apache.hadoop.http.lib.StaticUserWebFilter$StaticUserFilter) to context hddsDatanode
2019-10-14 19:32:51,096 [main] INFO  http.HttpServer2 (HttpServer2.java:addFilter(958)) - Added filter static_user_filter (class=org.apache.hadoop.http.lib.StaticUserWebFilter$StaticUserFilter) to context logs
2019-10-14 19:32:51,096 [main] INFO  http.HttpServer2 (HttpServer2.java:addFilter(958)) - Added filter static_user_filter (class=org.apache.hadoop.http.lib.StaticUserWebFilter$StaticUserFilter) to context static
2019-10-14 19:32:51,097 [main] INFO  http.HttpServer2 (HttpServer2.java:bindListener(1191)) - Jetty bound to port 40339
2019-10-14 19:32:51,097 [main] INFO  server.Server (Server.java:doStart(351)) - jetty-9.3.25.v20180904, build timestamp: 2018-09-04T21:11:46Z, git hash: 3ce520221d0240229c862b122d2b06c12a625732
2019-10-14 19:32:51,099 [main] INFO  handler.ContextHandler (ContextHandler.java:doStart(781)) - Started o.e.j.s.ServletContextHandler@5939e24{/logs,file:///workdir/hadoop-ozone/integration-test/target/log,AVAILABLE}
2019-10-14 19:32:51,100 [main] INFO  handler.ContextHandler (ContextHandler.java:doStart(781)) - Started o.e.j.s.ServletContextHandler@2055833f{/static,jar:file:/home/user/.m2/repository/org/apache/hadoop/hadoop-hdds-container-service/0.5.0-SNAPSHOT/hadoop-hdds-container-service-0.5.0-SNAPSHOT.jar!/webapps/static,AVAILABLE}
2019-10-14 19:32:51,139 [main] INFO  handler.ContextHandler (ContextHandler.java:doStart(781)) - Started o.e.j.w.WebAppContext@44dfdd58{/,file:///tmp/jetty-0.0.0.0-40339-hddsDatanode-_-any-2647101584951786402.dir/webapp/,AVAILABLE}{/hddsDatanode}
2019-10-14 19:32:51,139 [main] INFO  server.AbstractConnector (AbstractConnector.java:doStart(278)) - Started ServerConnector@58d4238e{HTTP/1.1,[http/1.1]}{0.0.0.0:40339}
2019-10-14 19:32:51,144 [main] INFO  server.Server (Server.java:doStart(419)) - Started @231026ms
2019-10-14 19:32:51,144 [main] WARN  impl.MetricsSystemImpl (MetricsSystemImpl.java:register(276)) - Sink prometheus already exists!
2019-10-14 19:32:51,145 [main] INFO  server.BaseHttpServer (BaseHttpServer.java:updateConnectorAddress(215)) - HTTP server of HDDSDATANODE is listening at http://0.0.0.0:40339
2019-10-14 19:32:51,145 [main] INFO  impl.MetricsSystemImpl (MetricsSystemImpl.java:init(158)) - HddsDatanode metrics system started (again)
2019-10-14 19:32:51,175 [org.apache.hadoop.util.JvmPauseMonitor$Monitor@4493844c] INFO  util.JvmPauseMonitor (JvmPauseMonitor.java:run(188)) - Starting JVM pause monitor
2019-10-14 19:32:51,177 [Datanode State Machine Thread - 0] INFO  datanode.InitDatanodeState (InitDatanodeState.java:persistContainerDatanodeDetails(140)) - DatanodeDetails is persisted to /workdir/hadoop-ozone/integration-test/target/test-dir/MiniOzoneClusterImpl-108ecea4-3d96-4ce0-92d8-90fb95b9c2b0/datanode-3/meta/datanode.id
2019-10-14 19:32:51,178 [main] INFO  ozone.HddsDatanodeService (HddsDatanodeService.java:start(184)) - HddsDatanodeService host:pr-hdds-1868-cfdmt-251076870 ip:192.168.164.219
2019-10-14 19:32:51,188 [main] INFO  volume.HddsVolume (HddsVolume.java:<init>(176)) - Creating Volume: /workdir/hadoop-ozone/integration-test/target/test-dir/MiniOzoneClusterImpl-108ecea4-3d96-4ce0-92d8-90fb95b9c2b0/datanode-4/data/containers/hdds of  storage type : DISK and capacity : 1482555576320
2019-10-14 19:32:51,188 [main] INFO  volume.VolumeSet (VolumeSet.java:initializeVolumeSet(170)) - Added Volume : /workdir/hadoop-ozone/integration-test/target/test-dir/MiniOzoneClusterImpl-108ecea4-3d96-4ce0-92d8-90fb95b9c2b0/datanode-4/data/containers/hdds to VolumeSet
2019-10-14 19:32:51,188 [main] INFO  volume.ThrottledAsyncChecker (ThrottledAsyncChecker.java:schedule(141)) - Scheduling a check for org.apache.hadoop.ozone.container.common.volume.HddsVolume@272778ae
2019-10-14 19:32:51,189 [main] INFO  volume.HddsVolumeChecker (HddsVolumeChecker.java:checkAllVolumes(204)) - Scheduled health check for volume org.apache.hadoop.ozone.container.common.volume.HddsVolume@272778ae
2019-10-14 19:32:51,203 [main] INFO  impl.RaftServerProxy (ConfUtils.java:logGet(43)) - raft.rpc.type = GRPC (default)
2019-10-14 19:32:51,203 [main] INFO  grpc.GrpcFactory (GrpcFactory.java:checkPooledByteBufAllocatorUseCacheForAllThreads(45)) - PERFORMANCE WARNING: useCacheForAllThreads is true that may cause Netty to create a lot garbage objects and, as a result, trigger GC.
	It is recommended to disable useCacheForAllThreads by setting -Dorg.apache.ratis.thirdparty.io.netty.allocator.useCacheForAllThreads=false in command line.
2019-10-14 19:32:51,203 [main] INFO  grpc.GrpcConfigKeys$Server (ConfUtils.java:logGet(43)) - raft.grpc.server.port = 0 (default)
2019-10-14 19:32:51,203 [main] INFO  server.GrpcService (ConfUtils.java:logGet(43)) - raft.grpc.message.size.max = 33570816 (custom)
2019-10-14 19:32:51,204 [main] INFO  server.RaftServerConfigKeys (ConfUtils.java:logGet(43)) - raft.server.log.appender.buffer.byte-limit = 33554432 (custom)
2019-10-14 19:32:51,204 [main] INFO  server.GrpcService (ConfUtils.java:logGet(43)) - raft.grpc.flow.control.window = 1MB (=1048576) (default)
2019-10-14 19:32:51,204 [main] INFO  server.RaftServerConfigKeys (ConfUtils.java:logGet(43)) - raft.server.rpc.request.timeout = 3000ms (default)
2019-10-14 19:32:51,204 [main] INFO  server.RaftServerConfigKeys (ConfUtils.java:logGet(43)) - raft.server.storage.dir = [/workdir/hadoop-ozone/integration-test/target/test-dir/MiniOzoneClusterImpl-108ecea4-3d96-4ce0-92d8-90fb95b9c2b0/datanode-4/data/ratis] (custom)
2019-10-14 19:32:51,205 [main] INFO  hdfs.DFSUtil (DFSUtil.java:httpServerTemplateForNNAndJN(1641)) - Starting Web-server for hddsDatanode at: http://0.0.0.0:0
2019-10-14 19:32:51,206 [main] INFO  server.AuthenticationFilter (AuthenticationFilter.java:constructSecretProvider(240)) - Unable to initialize FileSignerSecretProvider, falling back to use random secrets.
2019-10-14 19:32:51,207 [main] WARN  http.HttpRequestLog (HttpRequestLog.java:getRequestLog(97)) - Jetty request log can only be enabled using Log4j
2019-10-14 19:32:51,208 [main] INFO  http.HttpServer2 (HttpServer2.java:addGlobalFilter(975)) - Added global filter 'safety' (class=org.apache.hadoop.http.HttpServer2$QuotingInputFilter)
2019-10-14 19:32:51,208 [main] INFO  http.HttpServer2 (HttpServer2.java:addFilter(948)) - Added filter static_user_filter (class=org.apache.hadoop.http.lib.StaticUserWebFilter$StaticUserFilter) to context hddsDatanode
2019-10-14 19:32:51,209 [main] INFO  http.HttpServer2 (HttpServer2.java:addFilter(958)) - Added filter static_user_filter (class=org.apache.hadoop.http.lib.StaticUserWebFilter$StaticUserFilter) to context logs
2019-10-14 19:32:51,209 [main] INFO  http.HttpServer2 (HttpServer2.java:addFilter(958)) - Added filter static_user_filter (class=org.apache.hadoop.http.lib.StaticUserWebFilter$StaticUserFilter) to context static
2019-10-14 19:32:51,209 [main] INFO  http.HttpServer2 (HttpServer2.java:bindListener(1191)) - Jetty bound to port 44001
2019-10-14 19:32:51,209 [main] INFO  server.Server (Server.java:doStart(351)) - jetty-9.3.25.v20180904, build timestamp: 2018-09-04T21:11:46Z, git hash: 3ce520221d0240229c862b122d2b06c12a625732
2019-10-14 19:32:51,211 [main] INFO  handler.ContextHandler (ContextHandler.java:doStart(781)) - Started o.e.j.s.ServletContextHandler@175c5c3a{/logs,file:///workdir/hadoop-ozone/integration-test/target/log,AVAILABLE}
2019-10-14 19:32:51,211 [main] INFO  handler.ContextHandler (ContextHandler.java:doStart(781)) - Started o.e.j.s.ServletContextHandler@451e2fa9{/static,jar:file:/home/user/.m2/repository/org/apache/hadoop/hadoop-hdds-container-service/0.5.0-SNAPSHOT/hadoop-hdds-container-service-0.5.0-SNAPSHOT.jar!/webapps/static,AVAILABLE}
2019-10-14 19:32:51,238 [main] INFO  handler.ContextHandler (ContextHandler.java:doStart(781)) - Started o.e.j.w.WebAppContext@4f5f474c{/,file:///tmp/jetty-0.0.0.0-44001-hddsDatanode-_-any-3985530305811326914.dir/webapp/,AVAILABLE}{/hddsDatanode}
2019-10-14 19:32:51,238 [main] INFO  server.AbstractConnector (AbstractConnector.java:doStart(278)) - Started ServerConnector@58a3d521{HTTP/1.1,[http/1.1]}{0.0.0.0:44001}
2019-10-14 19:32:51,242 [main] INFO  server.Server (Server.java:doStart(419)) - Started @231124ms
2019-10-14 19:32:51,242 [main] WARN  impl.MetricsSystemImpl (MetricsSystemImpl.java:register(276)) - Sink prometheus already exists!
2019-10-14 19:32:51,243 [main] INFO  server.BaseHttpServer (BaseHttpServer.java:updateConnectorAddress(215)) - HTTP server of HDDSDATANODE is listening at http://0.0.0.0:44001
2019-10-14 19:32:51,243 [main] INFO  impl.MetricsSystemImpl (MetricsSystemImpl.java:init(158)) - HddsDatanode metrics system started (again)
2019-10-14 19:32:51,263 [org.apache.hadoop.util.JvmPauseMonitor$Monitor@307584f] INFO  util.JvmPauseMonitor (JvmPauseMonitor.java:run(188)) - Starting JVM pause monitor
2019-10-14 19:32:51,264 [main] INFO  ozone.HddsDatanodeService (HddsDatanodeService.java:start(184)) - HddsDatanodeService host:pr-hdds-1868-cfdmt-251076870 ip:192.168.164.219
2019-10-14 19:32:51,264 [Datanode State Machine Thread - 0] INFO  datanode.InitDatanodeState (InitDatanodeState.java:persistContainerDatanodeDetails(140)) - DatanodeDetails is persisted to /workdir/hadoop-ozone/integration-test/target/test-dir/MiniOzoneClusterImpl-108ecea4-3d96-4ce0-92d8-90fb95b9c2b0/datanode-4/meta/datanode.id
2019-10-14 19:32:51,273 [main] INFO  volume.HddsVolume (HddsVolume.java:<init>(176)) - Creating Volume: /workdir/hadoop-ozone/integration-test/target/test-dir/MiniOzoneClusterImpl-108ecea4-3d96-4ce0-92d8-90fb95b9c2b0/datanode-5/data/containers/hdds of  storage type : DISK and capacity : 1482555576320
2019-10-14 19:32:51,273 [main] INFO  volume.VolumeSet (VolumeSet.java:initializeVolumeSet(170)) - Added Volume : /workdir/hadoop-ozone/integration-test/target/test-dir/MiniOzoneClusterImpl-108ecea4-3d96-4ce0-92d8-90fb95b9c2b0/datanode-5/data/containers/hdds to VolumeSet
2019-10-14 19:32:51,273 [main] INFO  volume.ThrottledAsyncChecker (ThrottledAsyncChecker.java:schedule(141)) - Scheduling a check for org.apache.hadoop.ozone.container.common.volume.HddsVolume@11810917
2019-10-14 19:32:51,274 [main] INFO  volume.HddsVolumeChecker (HddsVolumeChecker.java:checkAllVolumes(204)) - Scheduled health check for volume org.apache.hadoop.ozone.container.common.volume.HddsVolume@11810917
2019-10-14 19:32:51,289 [main] INFO  impl.RaftServerProxy (ConfUtils.java:logGet(43)) - raft.rpc.type = GRPC (default)
2019-10-14 19:32:51,290 [main] INFO  grpc.GrpcFactory (GrpcFactory.java:checkPooledByteBufAllocatorUseCacheForAllThreads(45)) - PERFORMANCE WARNING: useCacheForAllThreads is true that may cause Netty to create a lot garbage objects and, as a result, trigger GC.
	It is recommended to disable useCacheForAllThreads by setting -Dorg.apache.ratis.thirdparty.io.netty.allocator.useCacheForAllThreads=false in command line.
2019-10-14 19:32:51,290 [main] INFO  grpc.GrpcConfigKeys$Server (ConfUtils.java:logGet(43)) - raft.grpc.server.port = 0 (default)
2019-10-14 19:32:51,290 [main] INFO  server.GrpcService (ConfUtils.java:logGet(43)) - raft.grpc.message.size.max = 33570816 (custom)
2019-10-14 19:32:51,290 [main] INFO  server.RaftServerConfigKeys (ConfUtils.java:logGet(43)) - raft.server.log.appender.buffer.byte-limit = 33554432 (custom)
2019-10-14 19:32:51,290 [main] INFO  server.GrpcService (ConfUtils.java:logGet(43)) - raft.grpc.flow.control.window = 1MB (=1048576) (default)
2019-10-14 19:32:51,290 [main] INFO  server.RaftServerConfigKeys (ConfUtils.java:logGet(43)) - raft.server.rpc.request.timeout = 3000ms (default)
2019-10-14 19:32:51,291 [main] INFO  server.RaftServerConfigKeys (ConfUtils.java:logGet(43)) - raft.server.storage.dir = [/workdir/hadoop-ozone/integration-test/target/test-dir/MiniOzoneClusterImpl-108ecea4-3d96-4ce0-92d8-90fb95b9c2b0/datanode-5/data/ratis] (custom)
2019-10-14 19:32:51,292 [main] INFO  hdfs.DFSUtil (DFSUtil.java:httpServerTemplateForNNAndJN(1641)) - Starting Web-server for hddsDatanode at: http://0.0.0.0:0
2019-10-14 19:32:51,293 [main] INFO  server.AuthenticationFilter (AuthenticationFilter.java:constructSecretProvider(240)) - Unable to initialize FileSignerSecretProvider, falling back to use random secrets.
2019-10-14 19:32:51,293 [main] WARN  http.HttpRequestLog (HttpRequestLog.java:getRequestLog(97)) - Jetty request log can only be enabled using Log4j
2019-10-14 19:32:51,294 [main] INFO  http.HttpServer2 (HttpServer2.java:addGlobalFilter(975)) - Added global filter 'safety' (class=org.apache.hadoop.http.HttpServer2$QuotingInputFilter)
2019-10-14 19:32:51,294 [main] INFO  http.HttpServer2 (HttpServer2.java:addFilter(948)) - Added filter static_user_filter (class=org.apache.hadoop.http.lib.StaticUserWebFilter$StaticUserFilter) to context hddsDatanode
2019-10-14 19:32:51,294 [main] INFO  http.HttpServer2 (HttpServer2.java:addFilter(958)) - Added filter static_user_filter (class=org.apache.hadoop.http.lib.StaticUserWebFilter$StaticUserFilter) to context static
2019-10-14 19:32:51,294 [main] INFO  http.HttpServer2 (HttpServer2.java:addFilter(958)) - Added filter static_user_filter (class=org.apache.hadoop.http.lib.StaticUserWebFilter$StaticUserFilter) to context logs
2019-10-14 19:32:51,295 [main] INFO  http.HttpServer2 (HttpServer2.java:bindListener(1191)) - Jetty bound to port 45244
2019-10-14 19:32:51,295 [main] INFO  server.Server (Server.java:doStart(351)) - jetty-9.3.25.v20180904, build timestamp: 2018-09-04T21:11:46Z, git hash: 3ce520221d0240229c862b122d2b06c12a625732
2019-10-14 19:32:51,296 [main] INFO  handler.ContextHandler (ContextHandler.java:doStart(781)) - Started o.e.j.s.ServletContextHandler@224d86d2{/logs,file:///workdir/hadoop-ozone/integration-test/target/log,AVAILABLE}
2019-10-14 19:32:51,297 [main] INFO  handler.ContextHandler (ContextHandler.java:doStart(781)) - Started o.e.j.s.ServletContextHandler@2aea717c{/static,jar:file:/home/user/.m2/repository/org/apache/hadoop/hadoop-hdds-container-service/0.5.0-SNAPSHOT/hadoop-hdds-container-service-0.5.0-SNAPSHOT.jar!/webapps/static,AVAILABLE}
2019-10-14 19:32:51,320 [main] INFO  handler.ContextHandler (ContextHandler.java:doStart(781)) - Started o.e.j.w.WebAppContext@3079c26a{/,file:///tmp/jetty-0.0.0.0-45244-hddsDatanode-_-any-3759838242928572639.dir/webapp/,AVAILABLE}{/hddsDatanode}
2019-10-14 19:32:51,320 [main] INFO  server.AbstractConnector (AbstractConnector.java:doStart(278)) - Started ServerConnector@1e2445f6{HTTP/1.1,[http/1.1]}{0.0.0.0:45244}
2019-10-14 19:32:51,324 [main] INFO  server.Server (Server.java:doStart(419)) - Started @231206ms
2019-10-14 19:32:51,324 [main] WARN  impl.MetricsSystemImpl (MetricsSystemImpl.java:register(276)) - Sink prometheus already exists!
2019-10-14 19:32:51,324 [main] INFO  server.BaseHttpServer (BaseHttpServer.java:updateConnectorAddress(215)) - HTTP server of HDDSDATANODE is listening at http://0.0.0.0:45244
2019-10-14 19:32:51,325 [main] INFO  impl.MetricsSystemImpl (MetricsSystemImpl.java:init(158)) - HddsDatanode metrics system started (again)
2019-10-14 19:32:51,346 [org.apache.hadoop.util.JvmPauseMonitor$Monitor@2b59bb5f] INFO  util.JvmPauseMonitor (JvmPauseMonitor.java:run(188)) - Starting JVM pause monitor
2019-10-14 19:32:51,347 [main] INFO  ozone.HddsDatanodeService (HddsDatanodeService.java:start(184)) - HddsDatanodeService host:pr-hdds-1868-cfdmt-251076870 ip:192.168.164.219
2019-10-14 19:32:51,347 [Datanode State Machine Thread - 0] INFO  datanode.InitDatanodeState (InitDatanodeState.java:persistContainerDatanodeDetails(140)) - DatanodeDetails is persisted to /workdir/hadoop-ozone/integration-test/target/test-dir/MiniOzoneClusterImpl-108ecea4-3d96-4ce0-92d8-90fb95b9c2b0/datanode-5/meta/datanode.id
2019-10-14 19:32:51,358 [main] INFO  volume.HddsVolume (HddsVolume.java:<init>(176)) - Creating Volume: /workdir/hadoop-ozone/integration-test/target/test-dir/MiniOzoneClusterImpl-108ecea4-3d96-4ce0-92d8-90fb95b9c2b0/datanode-6/data/containers/hdds of  storage type : DISK and capacity : 1482555576320
2019-10-14 19:32:51,358 [main] INFO  volume.VolumeSet (VolumeSet.java:initializeVolumeSet(170)) - Added Volume : /workdir/hadoop-ozone/integration-test/target/test-dir/MiniOzoneClusterImpl-108ecea4-3d96-4ce0-92d8-90fb95b9c2b0/datanode-6/data/containers/hdds to VolumeSet
2019-10-14 19:32:51,358 [main] INFO  volume.ThrottledAsyncChecker (ThrottledAsyncChecker.java:schedule(141)) - Scheduling a check for org.apache.hadoop.ozone.container.common.volume.HddsVolume@40c8067
2019-10-14 19:32:51,358 [main] INFO  volume.HddsVolumeChecker (HddsVolumeChecker.java:checkAllVolumes(204)) - Scheduled health check for volume org.apache.hadoop.ozone.container.common.volume.HddsVolume@40c8067
2019-10-14 19:32:51,371 [main] INFO  impl.RaftServerProxy (ConfUtils.java:logGet(43)) - raft.rpc.type = GRPC (default)
2019-10-14 19:32:51,371 [main] INFO  grpc.GrpcFactory (GrpcFactory.java:checkPooledByteBufAllocatorUseCacheForAllThreads(45)) - PERFORMANCE WARNING: useCacheForAllThreads is true that may cause Netty to create a lot garbage objects and, as a result, trigger GC.
	It is recommended to disable useCacheForAllThreads by setting -Dorg.apache.ratis.thirdparty.io.netty.allocator.useCacheForAllThreads=false in command line.
2019-10-14 19:32:51,371 [main] INFO  grpc.GrpcConfigKeys$Server (ConfUtils.java:logGet(43)) - raft.grpc.server.port = 0 (default)
2019-10-14 19:32:51,372 [main] INFO  server.GrpcService (ConfUtils.java:logGet(43)) - raft.grpc.message.size.max = 33570816 (custom)
2019-10-14 19:32:51,372 [main] INFO  server.RaftServerConfigKeys (ConfUtils.java:logGet(43)) - raft.server.log.appender.buffer.byte-limit = 33554432 (custom)
2019-10-14 19:32:51,372 [main] INFO  server.GrpcService (ConfUtils.java:logGet(43)) - raft.grpc.flow.control.window = 1MB (=1048576) (default)
2019-10-14 19:32:51,372 [main] INFO  server.RaftServerConfigKeys (ConfUtils.java:logGet(43)) - raft.server.rpc.request.timeout = 3000ms (default)
2019-10-14 19:32:51,372 [main] INFO  server.RaftServerConfigKeys (ConfUtils.java:logGet(43)) - raft.server.storage.dir = [/workdir/hadoop-ozone/integration-test/target/test-dir/MiniOzoneClusterImpl-108ecea4-3d96-4ce0-92d8-90fb95b9c2b0/datanode-6/data/ratis] (custom)
2019-10-14 19:32:51,373 [main] INFO  hdfs.DFSUtil (DFSUtil.java:httpServerTemplateForNNAndJN(1641)) - Starting Web-server for hddsDatanode at: http://0.0.0.0:0
2019-10-14 19:32:51,374 [main] INFO  server.AuthenticationFilter (AuthenticationFilter.java:constructSecretProvider(240)) - Unable to initialize FileSignerSecretProvider, falling back to use random secrets.
2019-10-14 19:32:51,375 [main] WARN  http.HttpRequestLog (HttpRequestLog.java:getRequestLog(97)) - Jetty request log can only be enabled using Log4j
2019-10-14 19:32:51,376 [main] INFO  http.HttpServer2 (HttpServer2.java:addGlobalFilter(975)) - Added global filter 'safety' (class=org.apache.hadoop.http.HttpServer2$QuotingInputFilter)
2019-10-14 19:32:51,376 [main] INFO  http.HttpServer2 (HttpServer2.java:addFilter(948)) - Added filter static_user_filter (class=org.apache.hadoop.http.lib.StaticUserWebFilter$StaticUserFilter) to context hddsDatanode
2019-10-14 19:32:51,376 [main] INFO  http.HttpServer2 (HttpServer2.java:addFilter(958)) - Added filter static_user_filter (class=org.apache.hadoop.http.lib.StaticUserWebFilter$StaticUserFilter) to context static
2019-10-14 19:32:51,376 [main] INFO  http.HttpServer2 (HttpServer2.java:addFilter(958)) - Added filter static_user_filter (class=org.apache.hadoop.http.lib.StaticUserWebFilter$StaticUserFilter) to context logs
2019-10-14 19:32:51,377 [main] INFO  http.HttpServer2 (HttpServer2.java:bindListener(1191)) - Jetty bound to port 44710
2019-10-14 19:32:51,377 [main] INFO  server.Server (Server.java:doStart(351)) - jetty-9.3.25.v20180904, build timestamp: 2018-09-04T21:11:46Z, git hash: 3ce520221d0240229c862b122d2b06c12a625732
2019-10-14 19:32:51,378 [main] INFO  handler.ContextHandler (ContextHandler.java:doStart(781)) - Started o.e.j.s.ServletContextHandler@27e199ce{/logs,file:///workdir/hadoop-ozone/integration-test/target/log,AVAILABLE}
2019-10-14 19:32:51,379 [main] INFO  handler.ContextHandler (ContextHandler.java:doStart(781)) - Started o.e.j.s.ServletContextHandler@7364f68{/static,jar:file:/home/user/.m2/repository/org/apache/hadoop/hadoop-hdds-container-service/0.5.0-SNAPSHOT/hadoop-hdds-container-service-0.5.0-SNAPSHOT.jar!/webapps/static,AVAILABLE}
2019-10-14 19:32:51,405 [main] INFO  handler.ContextHandler (ContextHandler.java:doStart(781)) - Started o.e.j.w.WebAppContext@4fb57fb3{/,file:///tmp/jetty-0.0.0.0-44710-hddsDatanode-_-any-7751809768533705384.dir/webapp/,AVAILABLE}{/hddsDatanode}
2019-10-14 19:32:51,405 [main] INFO  server.AbstractConnector (AbstractConnector.java:doStart(278)) - Started ServerConnector@6b063470{HTTP/1.1,[http/1.1]}{0.0.0.0:44710}
2019-10-14 19:32:51,409 [main] INFO  server.Server (Server.java:doStart(419)) - Started @231292ms
2019-10-14 19:32:51,410 [main] WARN  impl.MetricsSystemImpl (MetricsSystemImpl.java:register(276)) - Sink prometheus already exists!
2019-10-14 19:32:51,410 [main] INFO  server.BaseHttpServer (BaseHttpServer.java:updateConnectorAddress(215)) - HTTP server of HDDSDATANODE is listening at http://0.0.0.0:44710
2019-10-14 19:32:51,410 [main] INFO  ozone.MiniOzoneClusterImpl (MiniOzoneClusterImpl.java:lambda$waitForClusterToBeReady$2(172)) - Waiting for cluster to be ready. Got 0 of 7 DN Heartbeats.
2019-10-14 19:32:51,411 [org.apache.hadoop.util.JvmPauseMonitor$Monitor@57bb9c53] INFO  util.JvmPauseMonitor (JvmPauseMonitor.java:run(188)) - Starting JVM pause monitor
2019-10-14 19:32:51,413 [Datanode State Machine Thread - 0] INFO  datanode.InitDatanodeState (InitDatanodeState.java:persistContainerDatanodeDetails(140)) - DatanodeDetails is persisted to /workdir/hadoop-ozone/integration-test/target/test-dir/MiniOzoneClusterImpl-108ecea4-3d96-4ce0-92d8-90fb95b9c2b0/datanode-6/meta/datanode.id
2019-10-14 19:32:51,440 [grpc-default-executor-1] WARN  server.GrpcLogAppender (LogUtils.java:warn(134)) - 09a9200a-ead6-4084-a723-89436f5cacce@group-4BDB53EFA369->60a49fad-6bbc-4e1d-b332-64cc210e3f49-AppendLogResponseHandler: Failed appendEntries: org.apache.ratis.thirdparty.io.grpc.StatusRuntimeException: UNAVAILABLE: io exception
2019-10-14 19:32:51,440 [grpc-default-executor-6] WARN  server.GrpcLogAppender (LogUtils.java:warn(134)) - 09a9200a-ead6-4084-a723-89436f5cacce@group-4BDB53EFA369->670e30cf-8b9d-44a8-8fa0-e58ec8ba4c01-AppendLogResponseHandler: Failed appendEntries: org.apache.ratis.thirdparty.io.grpc.StatusRuntimeException: UNAVAILABLE: io exception
2019-10-14 19:32:51,441 [grpc-default-executor-1] INFO  impl.FollowerInfo (FollowerInfo.java:lambda$new$0(51)) - 09a9200a-ead6-4084-a723-89436f5cacce@group-4BDB53EFA369->60a49fad-6bbc-4e1d-b332-64cc210e3f49: nextIndex: updateUnconditionally 0 -> 0
2019-10-14 19:32:51,441 [grpc-default-executor-6] INFO  impl.FollowerInfo (FollowerInfo.java:lambda$new$0(51)) - 09a9200a-ead6-4084-a723-89436f5cacce@group-4BDB53EFA369->670e30cf-8b9d-44a8-8fa0-e58ec8ba4c01: nextIndex: updateUnconditionally 0 -> 0
2019-10-14 19:32:52,411 [main] INFO  ozone.MiniOzoneClusterImpl (MiniOzoneClusterImpl.java:lambda$waitForClusterToBeReady$2(172)) - Waiting for cluster to be ready. Got 0 of 7 DN Heartbeats.
2019-10-14 19:32:52,910 [Datanode State Machine Thread - 0] INFO  ozoneimpl.OzoneContainer (OzoneContainer.java:start(213)) - Attempting to start container services.
2019-10-14 19:32:52,911 [Datanode State Machine Thread - 0] INFO  ozoneimpl.OzoneContainer (OzoneContainer.java:startContainerScrub(177)) - Background container scanner has been disabled.
2019-10-14 19:32:52,911 [Datanode State Machine Thread - 0] INFO  ratis.XceiverServerRatis (XceiverServerRatis.java:start(425)) - Starting XceiverServerRatis 0d7982bd-7b1e-4262-b91e-0a390432292e at port 0
2019-10-14 19:32:52,918 [Datanode State Machine Thread - 0] INFO  impl.RaftServerProxy (RaftServerProxy.java:lambda$start$3(299)) - 0d7982bd-7b1e-4262-b91e-0a390432292e: start RPC server
2019-10-14 19:32:52,920 [Datanode State Machine Thread - 0] INFO  server.GrpcService (GrpcService.java:startImpl(158)) - 0d7982bd-7b1e-4262-b91e-0a390432292e: GrpcService started, listening on 0.0.0.0/0.0.0.0:45602
2019-10-14 19:32:52,920 [Datanode State Machine Thread - 0] INFO  ratis.XceiverServerRatis (XceiverServerRatis.java:start(435)) - XceiverServerRatis 0d7982bd-7b1e-4262-b91e-0a390432292e is started using port 45602
2019-10-14 19:32:52,921 [Datanode State Machine Thread - 0] INFO  server.XceiverServerGrpc (XceiverServerGrpc.java:start(149)) - XceiverServerGrpc 0d7982bd-7b1e-4262-b91e-0a390432292e is started using port 46728
2019-10-14 19:32:53,002 [Datanode State Machine Thread - 0] INFO  ozoneimpl.OzoneContainer (OzoneContainer.java:start(213)) - Attempting to start container services.
2019-10-14 19:32:53,003 [Datanode State Machine Thread - 0] INFO  ozoneimpl.OzoneContainer (OzoneContainer.java:startContainerScrub(177)) - Background container scanner has been disabled.
2019-10-14 19:32:53,003 [Datanode State Machine Thread - 0] INFO  ratis.XceiverServerRatis (XceiverServerRatis.java:start(425)) - Starting XceiverServerRatis 64281e43-5db8-458f-889d-e68788332a0e at port 0
2019-10-14 19:32:53,009 [Datanode State Machine Thread - 0] INFO  impl.RaftServerProxy (RaftServerProxy.java:lambda$start$3(299)) - 64281e43-5db8-458f-889d-e68788332a0e: start RPC server
2019-10-14 19:32:53,033 [Datanode State Machine Thread - 0] INFO  server.GrpcService (GrpcService.java:startImpl(158)) - 64281e43-5db8-458f-889d-e68788332a0e: GrpcService started, listening on 0.0.0.0/0.0.0.0:34783
2019-10-14 19:32:53,033 [Datanode State Machine Thread - 0] INFO  ratis.XceiverServerRatis (XceiverServerRatis.java:start(435)) - XceiverServerRatis 64281e43-5db8-458f-889d-e68788332a0e is started using port 34783
2019-10-14 19:32:53,034 [Datanode State Machine Thread - 0] INFO  server.XceiverServerGrpc (XceiverServerGrpc.java:start(149)) - XceiverServerGrpc 64281e43-5db8-458f-889d-e68788332a0e is started using port 42817
2019-10-14 19:32:53,086 [Datanode State Machine Thread - 0] INFO  ozoneimpl.OzoneContainer (OzoneContainer.java:start(213)) - Attempting to start container services.
2019-10-14 19:32:53,086 [Datanode State Machine Thread - 0] INFO  ozoneimpl.OzoneContainer (OzoneContainer.java:startContainerScrub(177)) - Background container scanner has been disabled.
2019-10-14 19:32:53,086 [Datanode State Machine Thread - 0] INFO  ratis.XceiverServerRatis (XceiverServerRatis.java:start(425)) - Starting XceiverServerRatis f1107e1f-4289-4159-9ce3-19e384e76673 at port 0
2019-10-14 19:32:53,092 [Datanode State Machine Thread - 0] INFO  impl.RaftServerProxy (RaftServerProxy.java:lambda$start$3(299)) - f1107e1f-4289-4159-9ce3-19e384e76673: start RPC server
2019-10-14 19:32:53,097 [Datanode State Machine Thread - 0] INFO  server.GrpcService (GrpcService.java:startImpl(158)) - f1107e1f-4289-4159-9ce3-19e384e76673: GrpcService started, listening on 0.0.0.0/0.0.0.0:38259
2019-10-14 19:32:53,097 [Datanode State Machine Thread - 0] INFO  ratis.XceiverServerRatis (XceiverServerRatis.java:start(435)) - XceiverServerRatis f1107e1f-4289-4159-9ce3-19e384e76673 is started using port 38259
2019-10-14 19:32:53,098 [Datanode State Machine Thread - 0] INFO  server.XceiverServerGrpc (XceiverServerGrpc.java:start(149)) - XceiverServerGrpc f1107e1f-4289-4159-9ce3-19e384e76673 is started using port 43794
2019-10-14 19:32:53,203 [Datanode State Machine Thread - 0] INFO  ozoneimpl.OzoneContainer (OzoneContainer.java:start(213)) - Attempting to start container services.
2019-10-14 19:32:53,203 [Datanode State Machine Thread - 0] INFO  ozoneimpl.OzoneContainer (OzoneContainer.java:startContainerScrub(177)) - Background container scanner has been disabled.
2019-10-14 19:32:53,203 [Datanode State Machine Thread - 0] INFO  ratis.XceiverServerRatis (XceiverServerRatis.java:start(425)) - Starting XceiverServerRatis 1a51902b-5369-4ef0-9d6f-b4b6ad802bb2 at port 0
2019-10-14 19:32:53,210 [Datanode State Machine Thread - 0] INFO  impl.RaftServerProxy (RaftServerProxy.java:lambda$start$3(299)) - 1a51902b-5369-4ef0-9d6f-b4b6ad802bb2: start RPC server
2019-10-14 19:32:53,210 [Datanode State Machine Thread - 0] INFO  server.GrpcService (GrpcService.java:startImpl(158)) - 1a51902b-5369-4ef0-9d6f-b4b6ad802bb2: GrpcService started, listening on 0.0.0.0/0.0.0.0:39283
2019-10-14 19:32:53,210 [Datanode State Machine Thread - 0] INFO  ratis.XceiverServerRatis (XceiverServerRatis.java:start(435)) - XceiverServerRatis 1a51902b-5369-4ef0-9d6f-b4b6ad802bb2 is started using port 39283
2019-10-14 19:32:53,211 [Datanode State Machine Thread - 0] INFO  server.XceiverServerGrpc (XceiverServerGrpc.java:start(149)) - XceiverServerGrpc 1a51902b-5369-4ef0-9d6f-b4b6ad802bb2 is started using port 45965
2019-10-14 19:32:53,287 [Datanode State Machine Thread - 0] INFO  ozoneimpl.OzoneContainer (OzoneContainer.java:start(213)) - Attempting to start container services.
2019-10-14 19:32:53,287 [Datanode State Machine Thread - 0] INFO  ozoneimpl.OzoneContainer (OzoneContainer.java:startContainerScrub(177)) - Background container scanner has been disabled.
2019-10-14 19:32:53,287 [Datanode State Machine Thread - 0] INFO  ratis.XceiverServerRatis (XceiverServerRatis.java:start(425)) - Starting XceiverServerRatis da3153d4-5ecf-4413-8c38-31bb41813287 at port 0
2019-10-14 19:32:53,293 [Datanode State Machine Thread - 0] INFO  impl.RaftServerProxy (RaftServerProxy.java:lambda$start$3(299)) - da3153d4-5ecf-4413-8c38-31bb41813287: start RPC server
2019-10-14 19:32:53,298 [Datanode State Machine Thread - 0] INFO  server.GrpcService (GrpcService.java:startImpl(158)) - da3153d4-5ecf-4413-8c38-31bb41813287: GrpcService started, listening on 0.0.0.0/0.0.0.0:34328
2019-10-14 19:32:53,298 [Datanode State Machine Thread - 0] INFO  ratis.XceiverServerRatis (XceiverServerRatis.java:start(435)) - XceiverServerRatis da3153d4-5ecf-4413-8c38-31bb41813287 is started using port 34328
2019-10-14 19:32:53,302 [Datanode State Machine Thread - 0] INFO  server.XceiverServerGrpc (XceiverServerGrpc.java:start(149)) - XceiverServerGrpc da3153d4-5ecf-4413-8c38-31bb41813287 is started using port 40852
2019-10-14 19:32:53,370 [Datanode State Machine Thread - 0] INFO  ozoneimpl.OzoneContainer (OzoneContainer.java:start(213)) - Attempting to start container services.
2019-10-14 19:32:53,371 [Datanode State Machine Thread - 0] INFO  ozoneimpl.OzoneContainer (OzoneContainer.java:startContainerScrub(177)) - Background container scanner has been disabled.
2019-10-14 19:32:53,371 [Datanode State Machine Thread - 0] INFO  ratis.XceiverServerRatis (XceiverServerRatis.java:start(425)) - Starting XceiverServerRatis c760ddd1-975e-4e4f-8a7d-7dfc99016f69 at port 0
2019-10-14 19:32:53,377 [Datanode State Machine Thread - 0] INFO  impl.RaftServerProxy (RaftServerProxy.java:lambda$start$3(299)) - c760ddd1-975e-4e4f-8a7d-7dfc99016f69: start RPC server
2019-10-14 19:32:53,378 [Datanode State Machine Thread - 0] INFO  server.GrpcService (GrpcService.java:startImpl(158)) - c760ddd1-975e-4e4f-8a7d-7dfc99016f69: GrpcService started, listening on 0.0.0.0/0.0.0.0:45173
2019-10-14 19:32:53,378 [Datanode State Machine Thread - 0] INFO  ratis.XceiverServerRatis (XceiverServerRatis.java:start(435)) - XceiverServerRatis c760ddd1-975e-4e4f-8a7d-7dfc99016f69 is started using port 45173
2019-10-14 19:32:53,378 [Datanode State Machine Thread - 0] INFO  server.XceiverServerGrpc (XceiverServerGrpc.java:start(149)) - XceiverServerGrpc c760ddd1-975e-4e4f-8a7d-7dfc99016f69 is started using port 38570
2019-10-14 19:32:53,412 [main] INFO  ozone.MiniOzoneClusterImpl (MiniOzoneClusterImpl.java:lambda$waitForClusterToBeReady$2(172)) - Waiting for cluster to be ready. Got 0 of 7 DN Heartbeats.
2019-10-14 19:32:53,437 [Datanode State Machine Thread - 0] INFO  ozoneimpl.OzoneContainer (OzoneContainer.java:start(213)) - Attempting to start container services.
2019-10-14 19:32:53,437 [Datanode State Machine Thread - 0] INFO  ozoneimpl.OzoneContainer (OzoneContainer.java:startContainerScrub(177)) - Background container scanner has been disabled.
2019-10-14 19:32:53,438 [Datanode State Machine Thread - 0] INFO  ratis.XceiverServerRatis (XceiverServerRatis.java:start(425)) - Starting XceiverServerRatis a41ac46c-31e5-445f-9985-b8cae54436a0 at port 0
2019-10-14 19:32:53,443 [Datanode State Machine Thread - 0] INFO  impl.RaftServerProxy (RaftServerProxy.java:lambda$start$3(299)) - a41ac46c-31e5-445f-9985-b8cae54436a0: start RPC server
2019-10-14 19:32:53,448 [Datanode State Machine Thread - 0] INFO  server.GrpcService (GrpcService.java:startImpl(158)) - a41ac46c-31e5-445f-9985-b8cae54436a0: GrpcService started, listening on 0.0.0.0/0.0.0.0:37536
2019-10-14 19:32:53,448 [Datanode State Machine Thread - 0] INFO  ratis.XceiverServerRatis (XceiverServerRatis.java:start(435)) - XceiverServerRatis a41ac46c-31e5-445f-9985-b8cae54436a0 is started using port 37536
2019-10-14 19:32:53,452 [Datanode State Machine Thread - 0] INFO  server.XceiverServerGrpc (XceiverServerGrpc.java:start(149)) - XceiverServerGrpc a41ac46c-31e5-445f-9985-b8cae54436a0 is started using port 37224
2019-10-14 19:32:53,942 [grpc-default-executor-6] WARN  server.GrpcLogAppender (LogUtils.java:warn(134)) - 09a9200a-ead6-4084-a723-89436f5cacce@group-4BDB53EFA369->670e30cf-8b9d-44a8-8fa0-e58ec8ba4c01-AppendLogResponseHandler: Failed appendEntries: org.apache.ratis.thirdparty.io.grpc.StatusRuntimeException: UNAVAILABLE: io exception
2019-10-14 19:32:53,942 [grpc-default-executor-0] WARN  server.GrpcLogAppender (LogUtils.java:warn(134)) - 09a9200a-ead6-4084-a723-89436f5cacce@group-4BDB53EFA369->60a49fad-6bbc-4e1d-b332-64cc210e3f49-AppendLogResponseHandler: Failed appendEntries: org.apache.ratis.thirdparty.io.grpc.StatusRuntimeException: UNAVAILABLE: io exception
2019-10-14 19:32:53,942 [grpc-default-executor-6] INFO  impl.FollowerInfo (FollowerInfo.java:lambda$new$0(51)) - 09a9200a-ead6-4084-a723-89436f5cacce@group-4BDB53EFA369->670e30cf-8b9d-44a8-8fa0-e58ec8ba4c01: nextIndex: updateUnconditionally 0 -> 0
2019-10-14 19:32:53,942 [grpc-default-executor-0] INFO  impl.FollowerInfo (FollowerInfo.java:lambda$new$0(51)) - 09a9200a-ead6-4084-a723-89436f5cacce@group-4BDB53EFA369->60a49fad-6bbc-4e1d-b332-64cc210e3f49: nextIndex: updateUnconditionally 0 -> 0
2019-10-14 19:32:54,412 [main] INFO  ozone.MiniOzoneClusterImpl (MiniOzoneClusterImpl.java:lambda$waitForClusterToBeReady$2(172)) - Waiting for cluster to be ready. Got 0 of 7 DN Heartbeats.
2019-10-14 19:32:54,875 [IPC Server handler 0 on 44705] INFO  net.NetworkTopology (NetworkTopologyImpl.java:add(111)) - Added a new node: /default-rack/0d7982bd-7b1e-4262-b91e-0a390432292e
2019-10-14 19:32:54,879 [IPC Server handler 0 on 44705] INFO  node.SCMNodeManager (SCMNodeManager.java:register(268)) - Registered Data node : 0d7982bd-7b1e-4262-b91e-0a390432292e{ip: 192.168.164.219, host: pr-hdds-1868-cfdmt-251076870, networkLocation: /default-rack, certSerialId: null}
2019-10-14 19:32:54,880 [EventQueue-NodeRegistrationContainerReportForDataNodeSafeModeRule] INFO  safemode.SCMSafeModeManager (DataNodeSafeModeRule.java:process(71)) - SCM in safe mode. 1 DataNodes registered, 1 required.
2019-10-14 19:32:54,883 [EventQueue-NodeRegistrationContainerReportForDataNodeSafeModeRule] INFO  safemode.SCMSafeModeManager (SCMSafeModeManager.java:validateSafeModeExitRules(177)) - ScmSafeModeManager, all rules are successfully validated
2019-10-14 19:32:54,883 [EventQueue-NodeRegistrationContainerReportForDataNodeSafeModeRule] INFO  safemode.SCMSafeModeManager (SCMSafeModeManager.java:exitSafeMode(193)) - SCM exiting safe mode.
2019-10-14 19:32:54,892 [grpc-default-executor-0] INFO  impl.RaftServerProxy (RaftServerProxy.java:addNew(89)) - 0d7982bd-7b1e-4262-b91e-0a390432292e: addNew group-42A58083923C:[0d7982bd-7b1e-4262-b91e-0a390432292e:192.168.164.219:45602] returns group-42A58083923C:java.util.concurrent.CompletableFuture@645236e4[Not completed]
2019-10-14 19:32:54,894 [pool-383-thread-1] INFO  impl.RaftServerImpl (RaftServerImpl.java:<init>(95)) - 0d7982bd-7b1e-4262-b91e-0a390432292e: new RaftServerImpl for group-42A58083923C:[0d7982bd-7b1e-4262-b91e-0a390432292e:192.168.164.219:45602] with ContainerStateMachine:uninitialized
2019-10-14 19:32:54,894 [pool-383-thread-1] INFO  server.RaftServerConfigKeys (ConfUtils.java:logGet(43)) - raft.server.rpc.timeout.min = 5s (custom)
2019-10-14 19:32:54,894 [pool-383-thread-1] INFO  server.RaftServerConfigKeys (ConfUtils.java:logGet(43)) - raft.server.rpc.timeout.max = 5200ms (custom)
2019-10-14 19:32:54,894 [pool-383-thread-1] INFO  server.RaftServerConfigKeys (ConfUtils.java:logGet(43)) - raft.server.rpcslowness.timeout = 120s (custom)
2019-10-14 19:32:54,894 [pool-383-thread-1] INFO  server.RaftServerConfigKeys (ConfUtils.java:logGet(43)) - raft.server.sleep.deviation.threshold = 300 (default)
2019-10-14 19:32:54,894 [pool-383-thread-1] INFO  server.RaftServerConfigKeys (ConfUtils.java:logGet(43)) - raft.server.log.appender.install.snapshot.enabled = false (custom)
2019-10-14 19:32:54,895 [pool-383-thread-1] INFO  impl.RaftServerImpl (ServerState.java:<init>(103)) - 0d7982bd-7b1e-4262-b91e-0a390432292e@group-42A58083923C: ConfigurationManager, init=-1: [0d7982bd-7b1e-4262-b91e-0a390432292e:192.168.164.219:45602], old=null, confs=<EMPTY_MAP>
2019-10-14 19:32:54,895 [pool-383-thread-1] INFO  server.RaftServerConfigKeys (ConfUtils.java:logGet(43)) - raft.server.storage.dir = [/workdir/hadoop-ozone/integration-test/target/test-dir/MiniOzoneClusterImpl-108ecea4-3d96-4ce0-92d8-90fb95b9c2b0/datanode-0/data/ratis] (custom)
2019-10-14 19:32:54,895 [pool-383-thread-1] INFO  server.RaftServerConfigKeys (ConfUtils.java:logGet(43)) - raft.server.log.corruption.policy = EXCEPTION (default)
2019-10-14 19:32:54,895 [pool-383-thread-1] INFO  storage.RaftStorageDirectory (RaftStorageDirectory.java:analyzeStorage(246)) - The storage directory /workdir/hadoop-ozone/integration-test/target/test-dir/MiniOzoneClusterImpl-108ecea4-3d96-4ce0-92d8-90fb95b9c2b0/datanode-0/data/ratis/d1d43b34-edae-461b-bda7-42a58083923c does not exist. Creating ...
2019-10-14 19:32:54,920 [pool-383-thread-1] INFO  storage.RaftStorageDirectory (RaftStorageDirectory.java:tryLock(328)) - Lock on /workdir/hadoop-ozone/integration-test/target/test-dir/MiniOzoneClusterImpl-108ecea4-3d96-4ce0-92d8-90fb95b9c2b0/datanode-0/data/ratis/d1d43b34-edae-461b-bda7-42a58083923c/in_use.lock acquired by nodename 20360@pr-hdds-1868-cfdmt-251076870
2019-10-14 19:32:54,936 [pool-383-thread-1] INFO  storage.RaftStorage (RaftStorage.java:format(84)) - Storage directory /workdir/hadoop-ozone/integration-test/target/test-dir/MiniOzoneClusterImpl-108ecea4-3d96-4ce0-92d8-90fb95b9c2b0/datanode-0/data/ratis/d1d43b34-edae-461b-bda7-42a58083923c has been successfully formatted.
2019-10-14 19:32:54,936 [pool-383-thread-1] INFO  ratis.ContainerStateMachine (ContainerStateMachine.java:loadSnapshot(233)) - group-42A58083923C: The snapshot info is null. Setting the last applied indexto:(t:0, i:~)
2019-10-14 19:32:54,936 [pool-383-thread-1] INFO  server.RaftServerConfigKeys (ConfUtils.java:logGet(43)) - raft.server.notification.no-leader.timeout = 120s (custom)
2019-10-14 19:32:54,936 [pool-383-thread-1] INFO  server.RaftServerConfigKeys (ConfUtils.java:logGet(43)) - raft.server.log.use.memory = false (default)
2019-10-14 19:32:54,936 [pool-383-thread-1] INFO  server.RaftServerConfigKeys (ConfUtils.java:logGet(43)) - raft.server.log.purge.gap = 1000000 (custom)
2019-10-14 19:32:54,937 [pool-383-thread-1] INFO  server.RaftServerConfigKeys (ConfUtils.java:logGet(43)) - raft.server.log.appender.buffer.byte-limit = 33554432 (custom)
2019-10-14 19:32:54,937 [pool-383-thread-1] INFO  server.RaftServerConfigKeys (ConfUtils.java:logGet(43)) - raft.server.log.segment.size.max = 1048576 (custom)
2019-10-14 19:32:54,938 [pool-383-thread-1] INFO  server.RaftServerConfigKeys (ConfUtils.java:logGet(43)) - raft.server.log.segment.cache.num.max = 2 (custom)
2019-10-14 19:32:54,939 [pool-383-thread-1] INFO  segmented.SegmentedRaftLogWorker (SegmentedRaftLogWorker.java:<init>(173)) - new 0d7982bd-7b1e-4262-b91e-0a390432292e@group-42A58083923C-SegmentedRaftLogWorker for RaftStorage:Storage Directory /workdir/hadoop-ozone/integration-test/target/test-dir/MiniOzoneClusterImpl-108ecea4-3d96-4ce0-92d8-90fb95b9c2b0/datanode-0/data/ratis/d1d43b34-edae-461b-bda7-42a58083923c
2019-10-14 19:32:54,939 [pool-383-thread-1] INFO  server.RaftServerConfigKeys (ConfUtils.java:logGet(43)) - raft.server.log.queue.byte-limit = 2147483647 (custom)
2019-10-14 19:32:54,939 [pool-383-thread-1] INFO  server.RaftServerConfigKeys (ConfUtils.java:logGet(43)) - raft.server.log.queue.element-limit = 1024 (custom)
2019-10-14 19:32:54,939 [pool-383-thread-1] INFO  server.RaftServerConfigKeys (ConfUtils.java:logGet(43)) - raft.server.log.segment.size.max = 1048576 (custom)
2019-10-14 19:32:54,939 [pool-383-thread-1] INFO  server.RaftServerConfigKeys (ConfUtils.java:logGet(43)) - raft.server.log.preallocated.size = 16384 (custom)
2019-10-14 19:32:54,939 [pool-383-thread-1] INFO  server.RaftServerConfigKeys (ConfUtils.java:logGet(43)) - raft.server.log.write.buffer.size = 33554432 (custom)
2019-10-14 19:32:54,939 [pool-383-thread-1] INFO  server.RaftServerConfigKeys (ConfUtils.java:logGet(43)) - raft.server.log.force.sync.num = 128 (default)
2019-10-14 19:32:54,939 [pool-383-thread-1] INFO  server.RaftServerConfigKeys (ConfUtils.java:logGet(43)) - raft.server.log.statemachine.data.sync = true (default)
2019-10-14 19:32:54,939 [pool-383-thread-1] INFO  server.RaftServerConfigKeys (ConfUtils.java:logGet(43)) - raft.server.log.statemachine.data.sync.timeout = 10s (default)
2019-10-14 19:32:54,940 [pool-383-thread-1] INFO  server.RaftServerConfigKeys (ConfUtils.java:logGet(43)) - raft.server.log.statemachine.data.sync.timeout.retry = -1 (default)
2019-10-14 19:32:54,940 [pool-383-thread-1] INFO  server.RaftServerConfigKeys (ConfUtils.java:logGet(43)) - raft.server.log.statemachine.data.caching.enabled = true (custom)
2019-10-14 19:32:54,940 [pool-383-thread-1] INFO  segmented.SegmentedRaftLogWorker (SegmentedRaftLogWorker.java:lambda$new$0(128)) - 0d7982bd-7b1e-4262-b91e-0a390432292e@group-42A58083923C-SegmentedRaftLogWorker: flushIndex: setUnconditionally 0 -> -1
2019-10-14 19:32:54,941 [pool-383-thread-1] INFO  server.RaftServerConfigKeys (ConfUtils.java:logGet(43)) - raft.server.snapshot.auto.trigger.enabled = true (custom)
2019-10-14 19:32:54,941 [pool-383-thread-1] INFO  server.RaftServerConfigKeys (ConfUtils.java:logGet(43)) - raft.server.snapshot.auto.trigger.threshold = 10000 (custom)
2019-10-14 19:32:54,941 [pool-383-thread-1] INFO  server.RaftServerConfigKeys (ConfUtils.java:logGet(43)) - raft.server.snapshot.retention.file.num = 5 (custom)
2019-10-14 19:32:54,941 [pool-383-thread-1] INFO  server.RaftServerConfigKeys (ConfUtils.java:logGet(43)) - raft.server.retrycache.expirytime = 600000ms (custom)
2019-10-14 19:32:54,942 [pool-383-thread-1] INFO  impl.RaftServerImpl (RaftServerImpl.java:start(181)) - 0d7982bd-7b1e-4262-b91e-0a390432292e@group-42A58083923C: start as a follower, conf=-1: [0d7982bd-7b1e-4262-b91e-0a390432292e:192.168.164.219:45602], old=null
2019-10-14 19:32:54,942 [pool-383-thread-1] INFO  impl.RaftServerImpl (RaftServerImpl.java:setRole(170)) - 0d7982bd-7b1e-4262-b91e-0a390432292e@group-42A58083923C: changes role from      null to FOLLOWER at term 0 for startAsFollower
2019-10-14 19:32:54,943 [pool-383-thread-1] INFO  impl.RoleInfo (RoleInfo.java:updateAndGet(143)) - 0d7982bd-7b1e-4262-b91e-0a390432292e: start FollowerState
2019-10-14 19:32:54,943 [pool-383-thread-1] INFO  util.JmxRegister (JmxRegister.java:tryRegister(44)) - Successfully registered JMX Bean with object name Ratis:service=RaftServer,group=group-42A58083923C,id=0d7982bd-7b1e-4262-b91e-0a390432292e
2019-10-14 19:32:54,947 [RatisPipelineUtilsThread] INFO  pipeline.PipelineStateManager (PipelineStateManager.java:addPipeline(57)) - Created pipeline Pipeline[ Id: d1d43b34-edae-461b-bda7-42a58083923c, Nodes: 0d7982bd-7b1e-4262-b91e-0a390432292e{ip: 192.168.164.219, host: pr-hdds-1868-cfdmt-251076870, networkLocation: /default-rack, certSerialId: null}, Type:RATIS, Factor:ONE, State:ALLOCATED]
2019-10-14 19:32:54,973 [IPC Server handler 11 on 44705] INFO  net.NetworkTopology (NetworkTopologyImpl.java:add(111)) - Added a new node: /default-rack/64281e43-5db8-458f-889d-e68788332a0e
2019-10-14 19:32:54,974 [IPC Server handler 11 on 44705] INFO  node.SCMNodeManager (SCMNodeManager.java:register(268)) - Registered Data node : 64281e43-5db8-458f-889d-e68788332a0e{ip: 192.168.164.219, host: pr-hdds-1868-cfdmt-251076870, networkLocation: /default-rack, certSerialId: null}
2019-10-14 19:32:54,983 [grpc-default-executor-0] INFO  impl.RaftServerProxy (RaftServerProxy.java:addNew(89)) - 64281e43-5db8-458f-889d-e68788332a0e: addNew group-C4ACD04F54CB:[64281e43-5db8-458f-889d-e68788332a0e:192.168.164.219:34783] returns group-C4ACD04F54CB:java.util.concurrent.CompletableFuture@5ee966a6[Not completed]
2019-10-14 19:32:54,984 [pool-393-thread-1] INFO  impl.RaftServerImpl (RaftServerImpl.java:<init>(95)) - 64281e43-5db8-458f-889d-e68788332a0e: new RaftServerImpl for group-C4ACD04F54CB:[64281e43-5db8-458f-889d-e68788332a0e:192.168.164.219:34783] with ContainerStateMachine:uninitialized
2019-10-14 19:32:54,984 [pool-393-thread-1] INFO  server.RaftServerConfigKeys (ConfUtils.java:logGet(43)) - raft.server.rpc.timeout.min = 5s (custom)
2019-10-14 19:32:54,984 [pool-393-thread-1] INFO  server.RaftServerConfigKeys (ConfUtils.java:logGet(43)) - raft.server.rpc.timeout.max = 5200ms (custom)
2019-10-14 19:32:54,984 [pool-393-thread-1] INFO  server.RaftServerConfigKeys (ConfUtils.java:logGet(43)) - raft.server.rpcslowness.timeout = 120s (custom)
2019-10-14 19:32:54,984 [pool-393-thread-1] INFO  server.RaftServerConfigKeys (ConfUtils.java:logGet(43)) - raft.server.sleep.deviation.threshold = 300 (default)
2019-10-14 19:32:54,984 [pool-393-thread-1] INFO  server.RaftServerConfigKeys (ConfUtils.java:logGet(43)) - raft.server.log.appender.install.snapshot.enabled = false (custom)
2019-10-14 19:32:54,985 [pool-393-thread-1] INFO  impl.RaftServerImpl (ServerState.java:<init>(103)) - 64281e43-5db8-458f-889d-e68788332a0e@group-C4ACD04F54CB: ConfigurationManager, init=-1: [64281e43-5db8-458f-889d-e68788332a0e:192.168.164.219:34783], old=null, confs=<EMPTY_MAP>
2019-10-14 19:32:54,985 [pool-393-thread-1] INFO  server.RaftServerConfigKeys (ConfUtils.java:logGet(43)) - raft.server.storage.dir = [/workdir/hadoop-ozone/integration-test/target/test-dir/MiniOzoneClusterImpl-108ecea4-3d96-4ce0-92d8-90fb95b9c2b0/datanode-1/data/ratis] (custom)
2019-10-14 19:32:54,985 [pool-393-thread-1] INFO  server.RaftServerConfigKeys (ConfUtils.java:logGet(43)) - raft.server.log.corruption.policy = EXCEPTION (default)
2019-10-14 19:32:54,985 [pool-393-thread-1] INFO  storage.RaftStorageDirectory (RaftStorageDirectory.java:analyzeStorage(246)) - The storage directory /workdir/hadoop-ozone/integration-test/target/test-dir/MiniOzoneClusterImpl-108ecea4-3d96-4ce0-92d8-90fb95b9c2b0/datanode-1/data/ratis/edbe7e81-f1a4-4a51-95c5-c4acd04f54cb does not exist. Creating ...
2019-10-14 19:32:55,008 [pool-393-thread-1] INFO  storage.RaftStorageDirectory (RaftStorageDirectory.java:tryLock(328)) - Lock on /workdir/hadoop-ozone/integration-test/target/test-dir/MiniOzoneClusterImpl-108ecea4-3d96-4ce0-92d8-90fb95b9c2b0/datanode-1/data/ratis/edbe7e81-f1a4-4a51-95c5-c4acd04f54cb/in_use.lock acquired by nodename 20360@pr-hdds-1868-cfdmt-251076870
2019-10-14 19:32:55,033 [pool-393-thread-1] INFO  storage.RaftStorage (RaftStorage.java:format(84)) - Storage directory /workdir/hadoop-ozone/integration-test/target/test-dir/MiniOzoneClusterImpl-108ecea4-3d96-4ce0-92d8-90fb95b9c2b0/datanode-1/data/ratis/edbe7e81-f1a4-4a51-95c5-c4acd04f54cb has been successfully formatted.
2019-10-14 19:32:55,034 [pool-393-thread-1] INFO  ratis.ContainerStateMachine (ContainerStateMachine.java:loadSnapshot(233)) - group-C4ACD04F54CB: The snapshot info is null. Setting the last applied indexto:(t:0, i:~)
2019-10-14 19:32:55,034 [pool-393-thread-1] INFO  server.RaftServerConfigKeys (ConfUtils.java:logGet(43)) - raft.server.notification.no-leader.timeout = 120s (custom)
2019-10-14 19:32:55,034 [pool-393-thread-1] INFO  server.RaftServerConfigKeys (ConfUtils.java:logGet(43)) - raft.server.log.use.memory = false (default)
2019-10-14 19:32:55,034 [pool-393-thread-1] INFO  server.RaftServerConfigKeys (ConfUtils.java:logGet(43)) - raft.server.log.purge.gap = 1000000 (custom)
2019-10-14 19:32:55,034 [pool-393-thread-1] INFO  server.RaftServerConfigKeys (ConfUtils.java:logGet(43)) - raft.server.log.appender.buffer.byte-limit = 33554432 (custom)
2019-10-14 19:32:55,034 [pool-393-thread-1] INFO  server.RaftServerConfigKeys (ConfUtils.java:logGet(43)) - raft.server.log.segment.size.max = 1048576 (custom)
2019-10-14 19:32:55,036 [pool-393-thread-1] INFO  server.RaftServerConfigKeys (ConfUtils.java:logGet(43)) - raft.server.log.segment.cache.num.max = 2 (custom)
2019-10-14 19:32:55,036 [pool-393-thread-1] INFO  segmented.SegmentedRaftLogWorker (SegmentedRaftLogWorker.java:<init>(173)) - new 64281e43-5db8-458f-889d-e68788332a0e@group-C4ACD04F54CB-SegmentedRaftLogWorker for RaftStorage:Storage Directory /workdir/hadoop-ozone/integration-test/target/test-dir/MiniOzoneClusterImpl-108ecea4-3d96-4ce0-92d8-90fb95b9c2b0/datanode-1/data/ratis/edbe7e81-f1a4-4a51-95c5-c4acd04f54cb
2019-10-14 19:32:55,036 [pool-393-thread-1] INFO  server.RaftServerConfigKeys (ConfUtils.java:logGet(43)) - raft.server.log.queue.byte-limit = 2147483647 (custom)
2019-10-14 19:32:55,037 [pool-393-thread-1] INFO  server.RaftServerConfigKeys (ConfUtils.java:logGet(43)) - raft.server.log.queue.element-limit = 1024 (custom)
2019-10-14 19:32:55,037 [pool-393-thread-1] INFO  server.RaftServerConfigKeys (ConfUtils.java:logGet(43)) - raft.server.log.segment.size.max = 1048576 (custom)
2019-10-14 19:32:55,037 [pool-393-thread-1] INFO  server.RaftServerConfigKeys (ConfUtils.java:logGet(43)) - raft.server.log.preallocated.size = 16384 (custom)
2019-10-14 19:32:55,037 [pool-393-thread-1] INFO  server.RaftServerConfigKeys (ConfUtils.java:logGet(43)) - raft.server.log.write.buffer.size = 33554432 (custom)
2019-10-14 19:32:55,037 [pool-393-thread-1] INFO  server.RaftServerConfigKeys (ConfUtils.java:logGet(43)) - raft.server.log.force.sync.num = 128 (default)
2019-10-14 19:32:55,037 [pool-393-thread-1] INFO  server.RaftServerConfigKeys (ConfUtils.java:logGet(43)) - raft.server.log.statemachine.data.sync = true (default)
2019-10-14 19:32:55,037 [pool-393-thread-1] INFO  server.RaftServerConfigKeys (ConfUtils.java:logGet(43)) - raft.server.log.statemachine.data.sync.timeout = 10s (default)
2019-10-14 19:32:55,038 [pool-393-thread-1] INFO  server.RaftServerConfigKeys (ConfUtils.java:logGet(43)) - raft.server.log.statemachine.data.sync.timeout.retry = -1 (default)
2019-10-14 19:32:55,038 [pool-393-thread-1] INFO  server.RaftServerConfigKeys (ConfUtils.java:logGet(43)) - raft.server.log.statemachine.data.caching.enabled = true (custom)
2019-10-14 19:32:55,038 [pool-393-thread-1] INFO  segmented.SegmentedRaftLogWorker (SegmentedRaftLogWorker.java:lambda$new$0(128)) - 64281e43-5db8-458f-889d-e68788332a0e@group-C4ACD04F54CB-SegmentedRaftLogWorker: flushIndex: setUnconditionally 0 -> -1
2019-10-14 19:32:55,039 [pool-393-thread-1] INFO  server.RaftServerConfigKeys (ConfUtils.java:logGet(43)) - raft.server.snapshot.auto.trigger.enabled = true (custom)
2019-10-14 19:32:55,039 [pool-393-thread-1] INFO  server.RaftServerConfigKeys (ConfUtils.java:logGet(43)) - raft.server.snapshot.auto.trigger.threshold = 10000 (custom)
2019-10-14 19:32:55,039 [pool-393-thread-1] INFO  server.RaftServerConfigKeys (ConfUtils.java:logGet(43)) - raft.server.snapshot.retention.file.num = 5 (custom)
2019-10-14 19:32:55,039 [pool-393-thread-1] INFO  server.RaftServerConfigKeys (ConfUtils.java:logGet(43)) - raft.server.retrycache.expirytime = 600000ms (custom)
2019-10-14 19:32:55,041 [pool-393-thread-1] INFO  impl.RaftServerImpl (RaftServerImpl.java:start(181)) - 64281e43-5db8-458f-889d-e68788332a0e@group-C4ACD04F54CB: start as a follower, conf=-1: [64281e43-5db8-458f-889d-e68788332a0e:192.168.164.219:34783], old=null
2019-10-14 19:32:55,041 [pool-393-thread-1] INFO  impl.RaftServerImpl (RaftServerImpl.java:setRole(170)) - 64281e43-5db8-458f-889d-e68788332a0e@group-C4ACD04F54CB: changes role from      null to FOLLOWER at term 0 for startAsFollower
2019-10-14 19:32:55,041 [pool-393-thread-1] INFO  impl.RoleInfo (RoleInfo.java:updateAndGet(143)) - 64281e43-5db8-458f-889d-e68788332a0e: start FollowerState
2019-10-14 19:32:55,042 [pool-393-thread-1] INFO  util.JmxRegister (JmxRegister.java:tryRegister(44)) - Successfully registered JMX Bean with object name Ratis:service=RaftServer,group=group-C4ACD04F54CB,id=64281e43-5db8-458f-889d-e68788332a0e
2019-10-14 19:32:55,046 [RatisPipelineUtilsThread] INFO  pipeline.PipelineStateManager (PipelineStateManager.java:addPipeline(57)) - Created pipeline Pipeline[ Id: edbe7e81-f1a4-4a51-95c5-c4acd04f54cb, Nodes: 64281e43-5db8-458f-889d-e68788332a0e{ip: 192.168.164.219, host: pr-hdds-1868-cfdmt-251076870, networkLocation: /default-rack, certSerialId: null}, Type:RATIS, Factor:ONE, State:ALLOCATED]
2019-10-14 19:32:55,059 [IPC Server handler 10 on 44705] INFO  net.NetworkTopology (NetworkTopologyImpl.java:add(111)) - Added a new node: /default-rack/f1107e1f-4289-4159-9ce3-19e384e76673
2019-10-14 19:32:55,059 [IPC Server handler 10 on 44705] INFO  node.SCMNodeManager (SCMNodeManager.java:register(268)) - Registered Data node : f1107e1f-4289-4159-9ce3-19e384e76673{ip: 192.168.164.219, host: pr-hdds-1868-cfdmt-251076870, networkLocation: /default-rack, certSerialId: null}
2019-10-14 19:32:55,068 [grpc-default-executor-0] INFO  impl.RaftServerProxy (RaftServerProxy.java:addNew(89)) - f1107e1f-4289-4159-9ce3-19e384e76673: addNew group-18DD3AEF1C0F:[f1107e1f-4289-4159-9ce3-19e384e76673:192.168.164.219:38259] returns group-18DD3AEF1C0F:java.util.concurrent.CompletableFuture@52cd2bfa[Not completed]
2019-10-14 19:32:55,069 [pool-403-thread-1] INFO  impl.RaftServerImpl (RaftServerImpl.java:<init>(95)) - f1107e1f-4289-4159-9ce3-19e384e76673: new RaftServerImpl for group-18DD3AEF1C0F:[f1107e1f-4289-4159-9ce3-19e384e76673:192.168.164.219:38259] with ContainerStateMachine:uninitialized
2019-10-14 19:32:55,069 [pool-403-thread-1] INFO  server.RaftServerConfigKeys (ConfUtils.java:logGet(43)) - raft.server.rpc.timeout.min = 5s (custom)
2019-10-14 19:32:55,069 [pool-403-thread-1] INFO  server.RaftServerConfigKeys (ConfUtils.java:logGet(43)) - raft.server.rpc.timeout.max = 5200ms (custom)
2019-10-14 19:32:55,069 [pool-403-thread-1] INFO  server.RaftServerConfigKeys (ConfUtils.java:logGet(43)) - raft.server.rpcslowness.timeout = 120s (custom)
2019-10-14 19:32:55,069 [pool-403-thread-1] INFO  server.RaftServerConfigKeys (ConfUtils.java:logGet(43)) - raft.server.sleep.deviation.threshold = 300 (default)
2019-10-14 19:32:55,069 [pool-403-thread-1] INFO  server.RaftServerConfigKeys (ConfUtils.java:logGet(43)) - raft.server.log.appender.install.snapshot.enabled = false (custom)
2019-10-14 19:32:55,069 [pool-403-thread-1] INFO  impl.RaftServerImpl (ServerState.java:<init>(103)) - f1107e1f-4289-4159-9ce3-19e384e76673@group-18DD3AEF1C0F: ConfigurationManager, init=-1: [f1107e1f-4289-4159-9ce3-19e384e76673:192.168.164.219:38259], old=null, confs=<EMPTY_MAP>
2019-10-14 19:32:55,069 [pool-403-thread-1] INFO  server.RaftServerConfigKeys (ConfUtils.java:logGet(43)) - raft.server.storage.dir = [/workdir/hadoop-ozone/integration-test/target/test-dir/MiniOzoneClusterImpl-108ecea4-3d96-4ce0-92d8-90fb95b9c2b0/datanode-2/data/ratis] (custom)
2019-10-14 19:32:55,070 [pool-403-thread-1] INFO  server.RaftServerConfigKeys (ConfUtils.java:logGet(43)) - raft.server.log.corruption.policy = EXCEPTION (default)
2019-10-14 19:32:55,070 [pool-403-thread-1] INFO  storage.RaftStorageDirectory (RaftStorageDirectory.java:analyzeStorage(246)) - The storage directory /workdir/hadoop-ozone/integration-test/target/test-dir/MiniOzoneClusterImpl-108ecea4-3d96-4ce0-92d8-90fb95b9c2b0/datanode-2/data/ratis/65f63712-8cfe-46fa-93be-18dd3aef1c0f does not exist. Creating ...
2019-10-14 19:32:55,095 [pool-403-thread-1] INFO  storage.RaftStorageDirectory (RaftStorageDirectory.java:tryLock(328)) - Lock on /workdir/hadoop-ozone/integration-test/target/test-dir/MiniOzoneClusterImpl-108ecea4-3d96-4ce0-92d8-90fb95b9c2b0/datanode-2/data/ratis/65f63712-8cfe-46fa-93be-18dd3aef1c0f/in_use.lock acquired by nodename 20360@pr-hdds-1868-cfdmt-251076870
2019-10-14 19:32:55,118 [pool-403-thread-1] INFO  storage.RaftStorage (RaftStorage.java:format(84)) - Storage directory /workdir/hadoop-ozone/integration-test/target/test-dir/MiniOzoneClusterImpl-108ecea4-3d96-4ce0-92d8-90fb95b9c2b0/datanode-2/data/ratis/65f63712-8cfe-46fa-93be-18dd3aef1c0f has been successfully formatted.
2019-10-14 19:32:55,119 [pool-403-thread-1] INFO  ratis.ContainerStateMachine (ContainerStateMachine.java:loadSnapshot(233)) - group-18DD3AEF1C0F: The snapshot info is null. Setting the last applied indexto:(t:0, i:~)
2019-10-14 19:32:55,119 [pool-403-thread-1] INFO  server.RaftServerConfigKeys (ConfUtils.java:logGet(43)) - raft.server.notification.no-leader.timeout = 120s (custom)
2019-10-14 19:32:55,119 [pool-403-thread-1] INFO  server.RaftServerConfigKeys (ConfUtils.java:logGet(43)) - raft.server.log.use.memory = false (default)
2019-10-14 19:32:55,119 [pool-403-thread-1] INFO  server.RaftServerConfigKeys (ConfUtils.java:logGet(43)) - raft.server.log.purge.gap = 1000000 (custom)
2019-10-14 19:32:55,119 [pool-403-thread-1] INFO  server.RaftServerConfigKeys (ConfUtils.java:logGet(43)) - raft.server.log.appender.buffer.byte-limit = 33554432 (custom)
2019-10-14 19:32:55,120 [pool-403-thread-1] INFO  server.RaftServerConfigKeys (ConfUtils.java:logGet(43)) - raft.server.log.segment.size.max = 1048576 (custom)
2019-10-14 19:32:55,121 [pool-403-thread-1] INFO  server.RaftServerConfigKeys (ConfUtils.java:logGet(43)) - raft.server.log.segment.cache.num.max = 2 (custom)
2019-10-14 19:32:55,121 [pool-403-thread-1] INFO  segmented.SegmentedRaftLogWorker (SegmentedRaftLogWorker.java:<init>(173)) - new f1107e1f-4289-4159-9ce3-19e384e76673@group-18DD3AEF1C0F-SegmentedRaftLogWorker for RaftStorage:Storage Directory /workdir/hadoop-ozone/integration-test/target/test-dir/MiniOzoneClusterImpl-108ecea4-3d96-4ce0-92d8-90fb95b9c2b0/datanode-2/data/ratis/65f63712-8cfe-46fa-93be-18dd3aef1c0f
2019-10-14 19:32:55,121 [pool-403-thread-1] INFO  server.RaftServerConfigKeys (ConfUtils.java:logGet(43)) - raft.server.log.queue.byte-limit = 2147483647 (custom)
2019-10-14 19:32:55,122 [pool-403-thread-1] INFO  server.RaftServerConfigKeys (ConfUtils.java:logGet(43)) - raft.server.log.queue.element-limit = 1024 (custom)
2019-10-14 19:32:55,122 [pool-403-thread-1] INFO  server.RaftServerConfigKeys (ConfUtils.java:logGet(43)) - raft.server.log.segment.size.max = 1048576 (custom)
2019-10-14 19:32:55,122 [pool-403-thread-1] INFO  server.RaftServerConfigKeys (ConfUtils.java:logGet(43)) - raft.server.log.preallocated.size = 16384 (custom)
2019-10-14 19:32:55,122 [pool-403-thread-1] INFO  server.RaftServerConfigKeys (ConfUtils.java:logGet(43)) - raft.server.log.write.buffer.size = 33554432 (custom)
2019-10-14 19:32:55,122 [pool-403-thread-1] INFO  server.RaftServerConfigKeys (ConfUtils.java:logGet(43)) - raft.server.log.force.sync.num = 128 (default)
2019-10-14 19:32:55,122 [pool-403-thread-1] INFO  server.RaftServerConfigKeys (ConfUtils.java:logGet(43)) - raft.server.log.statemachine.data.sync = true (default)
2019-10-14 19:32:55,122 [pool-403-thread-1] INFO  server.RaftServerConfigKeys (ConfUtils.java:logGet(43)) - raft.server.log.statemachine.data.sync.timeout = 10s (default)
2019-10-14 19:32:55,122 [pool-403-thread-1] INFO  server.RaftServerConfigKeys (ConfUtils.java:logGet(43)) - raft.server.log.statemachine.data.sync.timeout.retry = -1 (default)
2019-10-14 19:32:55,123 [pool-403-thread-1] INFO  server.RaftServerConfigKeys (ConfUtils.java:logGet(43)) - raft.server.log.statemachine.data.caching.enabled = true (custom)
2019-10-14 19:32:55,123 [pool-403-thread-1] INFO  segmented.SegmentedRaftLogWorker (SegmentedRaftLogWorker.java:lambda$new$0(128)) - f1107e1f-4289-4159-9ce3-19e384e76673@group-18DD3AEF1C0F-SegmentedRaftLogWorker: flushIndex: setUnconditionally 0 -> -1
2019-10-14 19:32:55,123 [pool-403-thread-1] INFO  server.RaftServerConfigKeys (ConfUtils.java:logGet(43)) - raft.server.snapshot.auto.trigger.enabled = true (custom)
2019-10-14 19:32:55,123 [pool-403-thread-1] INFO  server.RaftServerConfigKeys (ConfUtils.java:logGet(43)) - raft.server.snapshot.auto.trigger.threshold = 10000 (custom)
2019-10-14 19:32:55,124 [pool-403-thread-1] INFO  server.RaftServerConfigKeys (ConfUtils.java:logGet(43)) - raft.server.snapshot.retention.file.num = 5 (custom)
2019-10-14 19:32:55,124 [pool-403-thread-1] INFO  server.RaftServerConfigKeys (ConfUtils.java:logGet(43)) - raft.server.retrycache.expirytime = 600000ms (custom)
2019-10-14 19:32:55,125 [pool-403-thread-1] INFO  impl.RaftServerImpl (RaftServerImpl.java:start(181)) - f1107e1f-4289-4159-9ce3-19e384e76673@group-18DD3AEF1C0F: start as a follower, conf=-1: [f1107e1f-4289-4159-9ce3-19e384e76673:192.168.164.219:38259], old=null
2019-10-14 19:32:55,125 [pool-403-thread-1] INFO  impl.RaftServerImpl (RaftServerImpl.java:setRole(170)) - f1107e1f-4289-4159-9ce3-19e384e76673@group-18DD3AEF1C0F: changes role from      null to FOLLOWER at term 0 for startAsFollower
2019-10-14 19:32:55,125 [pool-403-thread-1] INFO  impl.RoleInfo (RoleInfo.java:updateAndGet(143)) - f1107e1f-4289-4159-9ce3-19e384e76673: start FollowerState
2019-10-14 19:32:55,126 [pool-403-thread-1] INFO  util.JmxRegister (JmxRegister.java:tryRegister(44)) - Successfully registered JMX Bean with object name Ratis:service=RaftServer,group=group-18DD3AEF1C0F,id=f1107e1f-4289-4159-9ce3-19e384e76673
2019-10-14 19:32:55,129 [RatisPipelineUtilsThread] INFO  pipeline.PipelineStateManager (PipelineStateManager.java:addPipeline(57)) - Created pipeline Pipeline[ Id: 65f63712-8cfe-46fa-93be-18dd3aef1c0f, Nodes: f1107e1f-4289-4159-9ce3-19e384e76673{ip: 192.168.164.219, host: pr-hdds-1868-cfdmt-251076870, networkLocation: /default-rack, certSerialId: null}, Type:RATIS, Factor:ONE, State:ALLOCATED]
2019-10-14 19:32:55,143 [grpc-default-executor-1] INFO  impl.RaftServerProxy (RaftServerProxy.java:addNew(89)) - 0d7982bd-7b1e-4262-b91e-0a390432292e: addNew group-63A7842113FD:[64281e43-5db8-458f-889d-e68788332a0e:192.168.164.219:34783, f1107e1f-4289-4159-9ce3-19e384e76673:192.168.164.219:38259, 0d7982bd-7b1e-4262-b91e-0a390432292e:192.168.164.219:45602] returns group-63A7842113FD:java.util.concurrent.CompletableFuture@6e474ec9[Not completed]
2019-10-14 19:32:55,143 [grpc-default-executor-6] INFO  impl.RaftServerProxy (RaftServerProxy.java:addNew(89)) - 64281e43-5db8-458f-889d-e68788332a0e: addNew group-63A7842113FD:[64281e43-5db8-458f-889d-e68788332a0e:192.168.164.219:34783, f1107e1f-4289-4159-9ce3-19e384e76673:192.168.164.219:38259, 0d7982bd-7b1e-4262-b91e-0a390432292e:192.168.164.219:45602] returns group-63A7842113FD:java.util.concurrent.CompletableFuture@2b20b249[Not completed]
2019-10-14 19:32:55,143 [grpc-default-executor-0] INFO  impl.RaftServerProxy (RaftServerProxy.java:addNew(89)) - f1107e1f-4289-4159-9ce3-19e384e76673: addNew group-63A7842113FD:[64281e43-5db8-458f-889d-e68788332a0e:192.168.164.219:34783, f1107e1f-4289-4159-9ce3-19e384e76673:192.168.164.219:38259, 0d7982bd-7b1e-4262-b91e-0a390432292e:192.168.164.219:45602] returns group-63A7842113FD:java.util.concurrent.CompletableFuture@206e78ec[Not completed]
2019-10-14 19:32:55,144 [pool-383-thread-1] INFO  impl.RaftServerImpl (RaftServerImpl.java:<init>(95)) - 0d7982bd-7b1e-4262-b91e-0a390432292e: new RaftServerImpl for group-63A7842113FD:[64281e43-5db8-458f-889d-e68788332a0e:192.168.164.219:34783, f1107e1f-4289-4159-9ce3-19e384e76673:192.168.164.219:38259, 0d7982bd-7b1e-4262-b91e-0a390432292e:192.168.164.219:45602] with ContainerStateMachine:uninitialized
2019-10-14 19:32:55,144 [pool-383-thread-1] INFO  server.RaftServerConfigKeys (ConfUtils.java:logGet(43)) - raft.server.rpc.timeout.min = 5s (custom)
2019-10-14 19:32:55,144 [pool-403-thread-1] INFO  impl.RaftServerImpl (RaftServerImpl.java:<init>(95)) - f1107e1f-4289-4159-9ce3-19e384e76673: new RaftServerImpl for group-63A7842113FD:[64281e43-5db8-458f-889d-e68788332a0e:192.168.164.219:34783, f1107e1f-4289-4159-9ce3-19e384e76673:192.168.164.219:38259, 0d7982bd-7b1e-4262-b91e-0a390432292e:192.168.164.219:45602] with ContainerStateMachine:uninitialized
2019-10-14 19:32:55,144 [pool-383-thread-1] INFO  server.RaftServerConfigKeys (ConfUtils.java:logGet(43)) - raft.server.rpc.timeout.max = 5200ms (custom)
2019-10-14 19:32:55,144 [pool-403-thread-1] INFO  server.RaftServerConfigKeys (ConfUtils.java:logGet(43)) - raft.server.rpc.timeout.min = 5s (custom)
2019-10-14 19:32:55,144 [pool-393-thread-1] INFO  impl.RaftServerImpl (RaftServerImpl.java:<init>(95)) - 64281e43-5db8-458f-889d-e68788332a0e: new RaftServerImpl for group-63A7842113FD:[64281e43-5db8-458f-889d-e68788332a0e:192.168.164.219:34783, f1107e1f-4289-4159-9ce3-19e384e76673:192.168.164.219:38259, 0d7982bd-7b1e-4262-b91e-0a390432292e:192.168.164.219:45602] with ContainerStateMachine:uninitialized
2019-10-14 19:32:55,144 [pool-383-thread-1] INFO  server.RaftServerConfigKeys (ConfUtils.java:logGet(43)) - raft.server.rpcslowness.timeout = 120s (custom)
2019-10-14 19:32:55,144 [pool-393-thread-1] INFO  server.RaftServerConfigKeys (ConfUtils.java:logGet(43)) - raft.server.rpc.timeout.min = 5s (custom)
2019-10-14 19:32:55,145 [pool-393-thread-1] INFO  server.RaftServerConfigKeys (ConfUtils.java:logGet(43)) - raft.server.rpc.timeout.max = 5200ms (custom)
2019-10-14 19:32:55,144 [pool-403-thread-1] INFO  server.RaftServerConfigKeys (ConfUtils.java:logGet(43)) - raft.server.rpc.timeout.max = 5200ms (custom)
2019-10-14 19:32:55,145 [pool-393-thread-1] INFO  server.RaftServerConfigKeys (ConfUtils.java:logGet(43)) - raft.server.rpcslowness.timeout = 120s (custom)
2019-10-14 19:32:55,145 [pool-383-thread-1] INFO  server.RaftServerConfigKeys (ConfUtils.java:logGet(43)) - raft.server.sleep.deviation.threshold = 300 (default)
2019-10-14 19:32:55,145 [pool-393-thread-1] INFO  server.RaftServerConfigKeys (ConfUtils.java:logGet(43)) - raft.server.sleep.deviation.threshold = 300 (default)
2019-10-14 19:32:55,145 [pool-403-thread-1] INFO  server.RaftServerConfigKeys (ConfUtils.java:logGet(43)) - raft.server.rpcslowness.timeout = 120s (custom)
2019-10-14 19:32:55,145 [pool-393-thread-1] INFO  server.RaftServerConfigKeys (ConfUtils.java:logGet(43)) - raft.server.log.appender.install.snapshot.enabled = false (custom)
2019-10-14 19:32:55,145 [pool-383-thread-1] INFO  server.RaftServerConfigKeys (ConfUtils.java:logGet(43)) - raft.server.log.appender.install.snapshot.enabled = false (custom)
2019-10-14 19:32:55,145 [pool-393-thread-1] INFO  impl.RaftServerImpl (ServerState.java:<init>(103)) - 64281e43-5db8-458f-889d-e68788332a0e@group-63A7842113FD: ConfigurationManager, init=-1: [64281e43-5db8-458f-889d-e68788332a0e:192.168.164.219:34783, f1107e1f-4289-4159-9ce3-19e384e76673:192.168.164.219:38259, 0d7982bd-7b1e-4262-b91e-0a390432292e:192.168.164.219:45602], old=null, confs=<EMPTY_MAP>
2019-10-14 19:32:55,145 [pool-403-thread-1] INFO  server.RaftServerConfigKeys (ConfUtils.java:logGet(43)) - raft.server.sleep.deviation.threshold = 300 (default)
2019-10-14 19:32:55,146 [pool-393-thread-1] INFO  server.RaftServerConfigKeys (ConfUtils.java:logGet(43)) - raft.server.storage.dir = [/workdir/hadoop-ozone/integration-test/target/test-dir/MiniOzoneClusterImpl-108ecea4-3d96-4ce0-92d8-90fb95b9c2b0/datanode-1/data/ratis] (custom)
2019-10-14 19:32:55,146 [pool-383-thread-1] INFO  impl.RaftServerImpl (ServerState.java:<init>(103)) - 0d7982bd-7b1e-4262-b91e-0a390432292e@group-63A7842113FD: ConfigurationManager, init=-1: [64281e43-5db8-458f-889d-e68788332a0e:192.168.164.219:34783, f1107e1f-4289-4159-9ce3-19e384e76673:192.168.164.219:38259, 0d7982bd-7b1e-4262-b91e-0a390432292e:192.168.164.219:45602], old=null, confs=<EMPTY_MAP>
2019-10-14 19:32:55,146 [pool-403-thread-1] INFO  server.RaftServerConfigKeys (ConfUtils.java:logGet(43)) - raft.server.log.appender.install.snapshot.enabled = false (custom)
2019-10-14 19:32:55,146 [pool-383-thread-1] INFO  server.RaftServerConfigKeys (ConfUtils.java:logGet(43)) - raft.server.storage.dir = [/workdir/hadoop-ozone/integration-test/target/test-dir/MiniOzoneClusterImpl-108ecea4-3d96-4ce0-92d8-90fb95b9c2b0/datanode-0/data/ratis] (custom)
2019-10-14 19:32:55,146 [pool-393-thread-1] INFO  server.RaftServerConfigKeys (ConfUtils.java:logGet(43)) - raft.server.log.corruption.policy = EXCEPTION (default)
2019-10-14 19:32:55,146 [pool-403-thread-1] INFO  impl.RaftServerImpl (ServerState.java:<init>(103)) - f1107e1f-4289-4159-9ce3-19e384e76673@group-63A7842113FD: ConfigurationManager, init=-1: [64281e43-5db8-458f-889d-e68788332a0e:192.168.164.219:34783, f1107e1f-4289-4159-9ce3-19e384e76673:192.168.164.219:38259, 0d7982bd-7b1e-4262-b91e-0a390432292e:192.168.164.219:45602], old=null, confs=<EMPTY_MAP>
2019-10-14 19:32:55,146 [pool-383-thread-1] INFO  server.RaftServerConfigKeys (ConfUtils.java:logGet(43)) - raft.server.log.corruption.policy = EXCEPTION (default)
2019-10-14 19:32:55,146 [pool-403-thread-1] INFO  server.RaftServerConfigKeys (ConfUtils.java:logGet(43)) - raft.server.storage.dir = [/workdir/hadoop-ozone/integration-test/target/test-dir/MiniOzoneClusterImpl-108ecea4-3d96-4ce0-92d8-90fb95b9c2b0/datanode-2/data/ratis] (custom)
2019-10-14 19:32:55,147 [pool-383-thread-1] INFO  storage.RaftStorageDirectory (RaftStorageDirectory.java:analyzeStorage(246)) - The storage directory /workdir/hadoop-ozone/integration-test/target/test-dir/MiniOzoneClusterImpl-108ecea4-3d96-4ce0-92d8-90fb95b9c2b0/datanode-0/data/ratis/046b28bb-0021-456a-b735-63a7842113fd does not exist. Creating ...
2019-10-14 19:32:55,146 [pool-393-thread-1] INFO  storage.RaftStorageDirectory (RaftStorageDirectory.java:analyzeStorage(246)) - The storage directory /workdir/hadoop-ozone/integration-test/target/test-dir/MiniOzoneClusterImpl-108ecea4-3d96-4ce0-92d8-90fb95b9c2b0/datanode-1/data/ratis/046b28bb-0021-456a-b735-63a7842113fd does not exist. Creating ...
2019-10-14 19:32:55,147 [pool-403-thread-1] INFO  server.RaftServerConfigKeys (ConfUtils.java:logGet(43)) - raft.server.log.corruption.policy = EXCEPTION (default)
2019-10-14 19:32:55,147 [pool-403-thread-1] INFO  storage.RaftStorageDirectory (RaftStorageDirectory.java:analyzeStorage(246)) - The storage directory /workdir/hadoop-ozone/integration-test/target/test-dir/MiniOzoneClusterImpl-108ecea4-3d96-4ce0-92d8-90fb95b9c2b0/datanode-2/data/ratis/046b28bb-0021-456a-b735-63a7842113fd does not exist. Creating ...
2019-10-14 19:32:55,170 [pool-383-thread-1] INFO  storage.RaftStorageDirectory (RaftStorageDirectory.java:tryLock(328)) - Lock on /workdir/hadoop-ozone/integration-test/target/test-dir/MiniOzoneClusterImpl-108ecea4-3d96-4ce0-92d8-90fb95b9c2b0/datanode-0/data/ratis/046b28bb-0021-456a-b735-63a7842113fd/in_use.lock acquired by nodename 20360@pr-hdds-1868-cfdmt-251076870
2019-10-14 19:32:55,170 [pool-393-thread-1] INFO  storage.RaftStorageDirectory (RaftStorageDirectory.java:tryLock(328)) - Lock on /workdir/hadoop-ozone/integration-test/target/test-dir/MiniOzoneClusterImpl-108ecea4-3d96-4ce0-92d8-90fb95b9c2b0/datanode-1/data/ratis/046b28bb-0021-456a-b735-63a7842113fd/in_use.lock acquired by nodename 20360@pr-hdds-1868-cfdmt-251076870
2019-10-14 19:32:55,170 [pool-403-thread-1] INFO  storage.RaftStorageDirectory (RaftStorageDirectory.java:tryLock(328)) - Lock on /workdir/hadoop-ozone/integration-test/target/test-dir/MiniOzoneClusterImpl-108ecea4-3d96-4ce0-92d8-90fb95b9c2b0/datanode-2/data/ratis/046b28bb-0021-456a-b735-63a7842113fd/in_use.lock acquired by nodename 20360@pr-hdds-1868-cfdmt-251076870
2019-10-14 19:32:55,176 [IPC Server handler 12 on 44705] INFO  net.NetworkTopology (NetworkTopologyImpl.java:add(111)) - Added a new node: /default-rack/1a51902b-5369-4ef0-9d6f-b4b6ad802bb2
2019-10-14 19:32:55,176 [IPC Server handler 12 on 44705] INFO  node.SCMNodeManager (SCMNodeManager.java:register(268)) - Registered Data node : 1a51902b-5369-4ef0-9d6f-b4b6ad802bb2{ip: 192.168.164.219, host: pr-hdds-1868-cfdmt-251076870, networkLocation: /default-rack, certSerialId: null}
2019-10-14 19:32:55,187 [pool-383-thread-1] INFO  storage.RaftStorage (RaftStorage.java:format(84)) - Storage directory /workdir/hadoop-ozone/integration-test/target/test-dir/MiniOzoneClusterImpl-108ecea4-3d96-4ce0-92d8-90fb95b9c2b0/datanode-0/data/ratis/046b28bb-0021-456a-b735-63a7842113fd has been successfully formatted.
2019-10-14 19:32:55,187 [pool-403-thread-1] INFO  storage.RaftStorage (RaftStorage.java:format(84)) - Storage directory /workdir/hadoop-ozone/integration-test/target/test-dir/MiniOzoneClusterImpl-108ecea4-3d96-4ce0-92d8-90fb95b9c2b0/datanode-2/data/ratis/046b28bb-0021-456a-b735-63a7842113fd has been successfully formatted.
2019-10-14 19:32:55,187 [pool-393-thread-1] INFO  storage.RaftStorage (RaftStorage.java:format(84)) - Storage directory /workdir/hadoop-ozone/integration-test/target/test-dir/MiniOzoneClusterImpl-108ecea4-3d96-4ce0-92d8-90fb95b9c2b0/datanode-1/data/ratis/046b28bb-0021-456a-b735-63a7842113fd has been successfully formatted.
2019-10-14 19:32:55,187 [pool-403-thread-1] INFO  ratis.ContainerStateMachine (ContainerStateMachine.java:loadSnapshot(233)) - group-63A7842113FD: The snapshot info is null. Setting the last applied indexto:(t:0, i:~)
2019-10-14 19:32:55,187 [pool-383-thread-1] INFO  ratis.ContainerStateMachine (ContainerStateMachine.java:loadSnapshot(233)) - group-63A7842113FD: The snapshot info is null. Setting the last applied indexto:(t:0, i:~)
2019-10-14 19:32:55,187 [pool-403-thread-1] INFO  server.RaftServerConfigKeys (ConfUtils.java:logGet(43)) - raft.server.notification.no-leader.timeout = 120s (custom)
2019-10-14 19:32:55,187 [pool-393-thread-1] INFO  ratis.ContainerStateMachine (ContainerStateMachine.java:loadSnapshot(233)) - group-63A7842113FD: The snapshot info is null. Setting the last applied indexto:(t:0, i:~)
2019-10-14 19:32:55,188 [pool-403-thread-1] INFO  server.RaftServerConfigKeys (ConfUtils.java:logGet(43)) - raft.server.log.use.memory = false (default)
2019-10-14 19:32:55,187 [pool-383-thread-1] INFO  server.RaftServerConfigKeys (ConfUtils.java:logGet(43)) - raft.server.notification.no-leader.timeout = 120s (custom)
2019-10-14 19:32:55,188 [pool-403-thread-1] INFO  server.RaftServerConfigKeys (ConfUtils.java:logGet(43)) - raft.server.log.purge.gap = 1000000 (custom)
2019-10-14 19:32:55,188 [pool-393-thread-1] INFO  server.RaftServerConfigKeys (ConfUtils.java:logGet(43)) - raft.server.notification.no-leader.timeout = 120s (custom)
2019-10-14 19:32:55,188 [pool-403-thread-1] INFO  server.RaftServerConfigKeys (ConfUtils.java:logGet(43)) - raft.server.log.appender.buffer.byte-limit = 33554432 (custom)
2019-10-14 19:32:55,188 [pool-383-thread-1] INFO  server.RaftServerConfigKeys (ConfUtils.java:logGet(43)) - raft.server.log.use.memory = false (default)
2019-10-14 19:32:55,188 [pool-403-thread-1] INFO  server.RaftServerConfigKeys (ConfUtils.java:logGet(43)) - raft.server.log.segment.size.max = 1048576 (custom)
2019-10-14 19:32:55,188 [pool-393-thread-1] INFO  server.RaftServerConfigKeys (ConfUtils.java:logGet(43)) - raft.server.log.use.memory = false (default)
2019-10-14 19:32:55,189 [pool-403-thread-1] INFO  server.RaftServerConfigKeys (ConfUtils.java:logGet(43)) - raft.server.log.segment.cache.num.max = 2 (custom)
2019-10-14 19:32:55,188 [pool-383-thread-1] INFO  server.RaftServerConfigKeys (ConfUtils.java:logGet(43)) - raft.server.log.purge.gap = 1000000 (custom)
2019-10-14 19:32:55,189 [pool-403-thread-1] INFO  segmented.SegmentedRaftLogWorker (SegmentedRaftLogWorker.java:<init>(173)) - new f1107e1f-4289-4159-9ce3-19e384e76673@group-63A7842113FD-SegmentedRaftLogWorker for RaftStorage:Storage Directory /workdir/hadoop-ozone/integration-test/target/test-dir/MiniOzoneClusterImpl-108ecea4-3d96-4ce0-92d8-90fb95b9c2b0/datanode-2/data/ratis/046b28bb-0021-456a-b735-63a7842113fd
2019-10-14 19:32:55,189 [pool-403-thread-1] INFO  server.RaftServerConfigKeys (ConfUtils.java:logGet(43)) - raft.server.log.queue.byte-limit = 2147483647 (custom)
2019-10-14 19:32:55,189 [pool-393-thread-1] INFO  server.RaftServerConfigKeys (ConfUtils.java:logGet(43)) - raft.server.log.purge.gap = 1000000 (custom)
2019-10-14 19:32:55,189 [pool-403-thread-1] INFO  server.RaftServerConfigKeys (ConfUtils.java:logGet(43)) - raft.server.log.queue.element-limit = 1024 (custom)
2019-10-14 19:32:55,189 [pool-383-thread-1] INFO  server.RaftServerConfigKeys (ConfUtils.java:logGet(43)) - raft.server.log.appender.buffer.byte-limit = 33554432 (custom)
2019-10-14 19:32:55,190 [pool-403-thread-1] INFO  server.RaftServerConfigKeys (ConfUtils.java:logGet(43)) - raft.server.log.segment.size.max = 1048576 (custom)
2019-10-14 19:32:55,190 [pool-403-thread-1] INFO  server.RaftServerConfigKeys (ConfUtils.java:logGet(43)) - raft.server.log.preallocated.size = 16384 (custom)
2019-10-14 19:32:55,189 [pool-393-thread-1] INFO  server.RaftServerConfigKeys (ConfUtils.java:logGet(43)) - raft.server.log.appender.buffer.byte-limit = 33554432 (custom)
2019-10-14 19:32:55,190 [pool-403-thread-1] INFO  server.RaftServerConfigKeys (ConfUtils.java:logGet(43)) - raft.server.log.write.buffer.size = 33554432 (custom)
2019-10-14 19:32:55,190 [pool-383-thread-1] INFO  server.RaftServerConfigKeys (ConfUtils.java:logGet(43)) - raft.server.log.segment.size.max = 1048576 (custom)
2019-10-14 19:32:55,190 [pool-403-thread-1] INFO  server.RaftServerConfigKeys (ConfUtils.java:logGet(43)) - raft.server.log.force.sync.num = 128 (default)
2019-10-14 19:32:55,190 [pool-393-thread-1] INFO  server.RaftServerConfigKeys (ConfUtils.java:logGet(43)) - raft.server.log.segment.size.max = 1048576 (custom)
2019-10-14 19:32:55,191 [pool-403-thread-1] INFO  server.RaftServerConfigKeys (ConfUtils.java:logGet(43)) - raft.server.log.statemachine.data.sync = true (default)
2019-10-14 19:32:55,190 [pool-383-thread-1] INFO  server.RaftServerConfigKeys (ConfUtils.java:logGet(43)) - raft.server.log.segment.cache.num.max = 2 (custom)
2019-10-14 19:32:55,191 [pool-403-thread-1] INFO  server.RaftServerConfigKeys (ConfUtils.java:logGet(43)) - raft.server.log.statemachine.data.sync.timeout = 10s (default)
2019-10-14 19:32:55,191 [pool-393-thread-1] INFO  server.RaftServerConfigKeys (ConfUtils.java:logGet(43)) - raft.server.log.segment.cache.num.max = 2 (custom)
2019-10-14 19:32:55,191 [pool-403-thread-1] INFO  server.RaftServerConfigKeys (ConfUtils.java:logGet(43)) - raft.server.log.statemachine.data.sync.timeout.retry = -1 (default)
2019-10-14 19:32:55,191 [pool-383-thread-1] INFO  segmented.SegmentedRaftLogWorker (SegmentedRaftLogWorker.java:<init>(173)) - new 0d7982bd-7b1e-4262-b91e-0a390432292e@group-63A7842113FD-SegmentedRaftLogWorker for RaftStorage:Storage Directory /workdir/hadoop-ozone/integration-test/target/test-dir/MiniOzoneClusterImpl-108ecea4-3d96-4ce0-92d8-90fb95b9c2b0/datanode-0/data/ratis/046b28bb-0021-456a-b735-63a7842113fd
2019-10-14 19:32:55,191 [pool-403-thread-1] INFO  server.RaftServerConfigKeys (ConfUtils.java:logGet(43)) - raft.server.log.statemachine.data.caching.enabled = true (custom)
2019-10-14 19:32:55,191 [pool-393-thread-1] INFO  segmented.SegmentedRaftLogWorker (SegmentedRaftLogWorker.java:<init>(173)) - new 64281e43-5db8-458f-889d-e68788332a0e@group-63A7842113FD-SegmentedRaftLogWorker for RaftStorage:Storage Directory /workdir/hadoop-ozone/integration-test/target/test-dir/MiniOzoneClusterImpl-108ecea4-3d96-4ce0-92d8-90fb95b9c2b0/datanode-1/data/ratis/046b28bb-0021-456a-b735-63a7842113fd
2019-10-14 19:32:55,191 [pool-383-thread-1] INFO  server.RaftServerConfigKeys (ConfUtils.java:logGet(43)) - raft.server.log.queue.byte-limit = 2147483647 (custom)
2019-10-14 19:32:55,192 [pool-403-thread-1] INFO  segmented.SegmentedRaftLogWorker (SegmentedRaftLogWorker.java:lambda$new$0(128)) - f1107e1f-4289-4159-9ce3-19e384e76673@group-63A7842113FD-SegmentedRaftLogWorker: flushIndex: setUnconditionally 0 -> -1
2019-10-14 19:32:55,192 [pool-393-thread-1] INFO  server.RaftServerConfigKeys (ConfUtils.java:logGet(43)) - raft.server.log.queue.byte-limit = 2147483647 (custom)
2019-10-14 19:32:55,192 [pool-383-thread-1] INFO  server.RaftServerConfigKeys (ConfUtils.java:logGet(43)) - raft.server.log.queue.element-limit = 1024 (custom)
2019-10-14 19:32:55,192 [pool-403-thread-1] INFO  server.RaftServerConfigKeys (ConfUtils.java:logGet(43)) - raft.server.snapshot.auto.trigger.enabled = true (custom)
2019-10-14 19:32:55,192 [pool-393-thread-1] INFO  server.RaftServerConfigKeys (ConfUtils.java:logGet(43)) - raft.server.log.queue.element-limit = 1024 (custom)
2019-10-14 19:32:55,192 [pool-403-thread-1] INFO  server.RaftServerConfigKeys (ConfUtils.java:logGet(43)) - raft.server.snapshot.auto.trigger.threshold = 10000 (custom)
2019-10-14 19:32:55,192 [pool-383-thread-1] INFO  server.RaftServerConfigKeys (ConfUtils.java:logGet(43)) - raft.server.log.segment.size.max = 1048576 (custom)
2019-10-14 19:32:55,193 [pool-403-thread-1] INFO  server.RaftServerConfigKeys (ConfUtils.java:logGet(43)) - raft.server.snapshot.retention.file.num = 5 (custom)
2019-10-14 19:32:55,192 [pool-393-thread-1] INFO  server.RaftServerConfigKeys (ConfUtils.java:logGet(43)) - raft.server.log.segment.size.max = 1048576 (custom)
2019-10-14 19:32:55,193 [pool-403-thread-1] INFO  server.RaftServerConfigKeys (ConfUtils.java:logGet(43)) - raft.server.retrycache.expirytime = 600000ms (custom)
2019-10-14 19:32:55,193 [pool-383-thread-1] INFO  server.RaftServerConfigKeys (ConfUtils.java:logGet(43)) - raft.server.log.preallocated.size = 16384 (custom)
2019-10-14 19:32:55,193 [pool-393-thread-1] INFO  server.RaftServerConfigKeys (ConfUtils.java:logGet(43)) - raft.server.log.preallocated.size = 16384 (custom)
2019-10-14 19:32:55,193 [pool-383-thread-1] INFO  server.RaftServerConfigKeys (ConfUtils.java:logGet(43)) - raft.server.log.write.buffer.size = 33554432 (custom)
2019-10-14 19:32:55,193 [pool-393-thread-1] INFO  server.RaftServerConfigKeys (ConfUtils.java:logGet(43)) - raft.server.log.write.buffer.size = 33554432 (custom)
2019-10-14 19:32:55,194 [pool-383-thread-1] INFO  server.RaftServerConfigKeys (ConfUtils.java:logGet(43)) - raft.server.log.force.sync.num = 128 (default)
2019-10-14 19:32:55,194 [pool-393-thread-1] INFO  server.RaftServerConfigKeys (ConfUtils.java:logGet(43)) - raft.server.log.force.sync.num = 128 (default)
2019-10-14 19:32:55,194 [pool-383-thread-1] INFO  server.RaftServerConfigKeys (ConfUtils.java:logGet(43)) - raft.server.log.statemachine.data.sync = true (default)
2019-10-14 19:32:55,194 [pool-393-thread-1] INFO  server.RaftServerConfigKeys (ConfUtils.java:logGet(43)) - raft.server.log.statemachine.data.sync = true (default)
2019-10-14 19:32:55,194 [pool-383-thread-1] INFO  server.RaftServerConfigKeys (ConfUtils.java:logGet(43)) - raft.server.log.statemachine.data.sync.timeout = 10s (default)
2019-10-14 19:32:55,194 [pool-383-thread-1] INFO  server.RaftServerConfigKeys (ConfUtils.java:logGet(43)) - raft.server.log.statemachine.data.sync.timeout.retry = -1 (default)
2019-10-14 19:32:55,194 [pool-393-thread-1] INFO  server.RaftServerConfigKeys (ConfUtils.java:logGet(43)) - raft.server.log.statemachine.data.sync.timeout = 10s (default)
2019-10-14 19:32:55,194 [pool-383-thread-1] INFO  server.RaftServerConfigKeys (ConfUtils.java:logGet(43)) - raft.server.log.statemachine.data.caching.enabled = true (custom)
2019-10-14 19:32:55,195 [pool-393-thread-1] INFO  server.RaftServerConfigKeys (ConfUtils.java:logGet(43)) - raft.server.log.statemachine.data.sync.timeout.retry = -1 (default)
2019-10-14 19:32:55,195 [pool-383-thread-1] INFO  segmented.SegmentedRaftLogWorker (SegmentedRaftLogWorker.java:lambda$new$0(128)) - 0d7982bd-7b1e-4262-b91e-0a390432292e@group-63A7842113FD-SegmentedRaftLogWorker: flushIndex: setUnconditionally 0 -> -1
2019-10-14 19:32:55,195 [pool-393-thread-1] INFO  server.RaftServerConfigKeys (ConfUtils.java:logGet(43)) - raft.server.log.statemachine.data.caching.enabled = true (custom)
2019-10-14 19:32:55,195 [pool-383-thread-1] INFO  server.RaftServerConfigKeys (ConfUtils.java:logGet(43)) - raft.server.snapshot.auto.trigger.enabled = true (custom)
2019-10-14 19:32:55,195 [pool-383-thread-1] INFO  server.RaftServerConfigKeys (ConfUtils.java:logGet(43)) - raft.server.snapshot.auto.trigger.threshold = 10000 (custom)
2019-10-14 19:32:55,195 [pool-393-thread-1] INFO  segmented.SegmentedRaftLogWorker (SegmentedRaftLogWorker.java:lambda$new$0(128)) - 64281e43-5db8-458f-889d-e68788332a0e@group-63A7842113FD-SegmentedRaftLogWorker: flushIndex: setUnconditionally 0 -> -1
2019-10-14 19:32:55,195 [pool-383-thread-1] INFO  server.RaftServerConfigKeys (ConfUtils.java:logGet(43)) - raft.server.snapshot.retention.file.num = 5 (custom)
2019-10-14 19:32:55,196 [pool-393-thread-1] INFO  server.RaftServerConfigKeys (ConfUtils.java:logGet(43)) - raft.server.snapshot.auto.trigger.enabled = true (custom)
2019-10-14 19:32:55,196 [pool-383-thread-1] INFO  server.RaftServerConfigKeys (ConfUtils.java:logGet(43)) - raft.server.retrycache.expirytime = 600000ms (custom)
2019-10-14 19:32:55,196 [pool-393-thread-1] INFO  server.RaftServerConfigKeys (ConfUtils.java:logGet(43)) - raft.server.snapshot.auto.trigger.threshold = 10000 (custom)
2019-10-14 19:32:55,196 [pool-393-thread-1] INFO  server.RaftServerConfigKeys (ConfUtils.java:logGet(43)) - raft.server.snapshot.retention.file.num = 5 (custom)
2019-10-14 19:32:55,196 [pool-403-thread-1] INFO  impl.RaftServerImpl (RaftServerImpl.java:start(181)) - f1107e1f-4289-4159-9ce3-19e384e76673@group-63A7842113FD: start as a follower, conf=-1: [64281e43-5db8-458f-889d-e68788332a0e:192.168.164.219:34783, f1107e1f-4289-4159-9ce3-19e384e76673:192.168.164.219:38259, 0d7982bd-7b1e-4262-b91e-0a390432292e:192.168.164.219:45602], old=null
2019-10-14 19:32:55,196 [pool-393-thread-1] INFO  server.RaftServerConfigKeys (ConfUtils.java:logGet(43)) - raft.server.retrycache.expirytime = 600000ms (custom)
2019-10-14 19:32:55,196 [pool-403-thread-1] INFO  impl.RaftServerImpl (RaftServerImpl.java:setRole(170)) - f1107e1f-4289-4159-9ce3-19e384e76673@group-63A7842113FD: changes role from      null to FOLLOWER at term 0 for startAsFollower
2019-10-14 19:32:55,197 [pool-403-thread-1] INFO  impl.RoleInfo (RoleInfo.java:updateAndGet(143)) - f1107e1f-4289-4159-9ce3-19e384e76673: start FollowerState
2019-10-14 19:32:55,197 [pool-403-thread-1] INFO  util.JmxRegister (JmxRegister.java:tryRegister(44)) - Successfully registered JMX Bean with object name Ratis:service=RaftServer,group=group-63A7842113FD,id=f1107e1f-4289-4159-9ce3-19e384e76673
2019-10-14 19:32:55,198 [pool-383-thread-1] INFO  impl.RaftServerImpl (RaftServerImpl.java:start(181)) - 0d7982bd-7b1e-4262-b91e-0a390432292e@group-63A7842113FD: start as a follower, conf=-1: [64281e43-5db8-458f-889d-e68788332a0e:192.168.164.219:34783, f1107e1f-4289-4159-9ce3-19e384e76673:192.168.164.219:38259, 0d7982bd-7b1e-4262-b91e-0a390432292e:192.168.164.219:45602], old=null
2019-10-14 19:32:55,198 [pool-383-thread-1] INFO  impl.RaftServerImpl (RaftServerImpl.java:setRole(170)) - 0d7982bd-7b1e-4262-b91e-0a390432292e@group-63A7842113FD: changes role from      null to FOLLOWER at term 0 for startAsFollower
2019-10-14 19:32:55,198 [pool-383-thread-1] INFO  impl.RoleInfo (RoleInfo.java:updateAndGet(143)) - 0d7982bd-7b1e-4262-b91e-0a390432292e: start FollowerState
2019-10-14 19:32:55,199 [pool-383-thread-1] INFO  util.JmxRegister (JmxRegister.java:tryRegister(44)) - Successfully registered JMX Bean with object name Ratis:service=RaftServer,group=group-63A7842113FD,id=0d7982bd-7b1e-4262-b91e-0a390432292e
2019-10-14 19:32:55,199 [pool-393-thread-1] INFO  impl.RaftServerImpl (RaftServerImpl.java:start(181)) - 64281e43-5db8-458f-889d-e68788332a0e@group-63A7842113FD: start as a follower, conf=-1: [64281e43-5db8-458f-889d-e68788332a0e:192.168.164.219:34783, f1107e1f-4289-4159-9ce3-19e384e76673:192.168.164.219:38259, 0d7982bd-7b1e-4262-b91e-0a390432292e:192.168.164.219:45602], old=null
2019-10-14 19:32:55,199 [pool-393-thread-1] INFO  impl.RaftServerImpl (RaftServerImpl.java:setRole(170)) - 64281e43-5db8-458f-889d-e68788332a0e@group-63A7842113FD: changes role from      null to FOLLOWER at term 0 for startAsFollower
2019-10-14 19:32:55,199 [pool-393-thread-1] INFO  impl.RoleInfo (RoleInfo.java:updateAndGet(143)) - 64281e43-5db8-458f-889d-e68788332a0e: start FollowerState
2019-10-14 19:32:55,200 [pool-393-thread-1] INFO  util.JmxRegister (JmxRegister.java:tryRegister(44)) - Successfully registered JMX Bean with object name Ratis:service=RaftServer,group=group-63A7842113FD,id=64281e43-5db8-458f-889d-e68788332a0e
2019-10-14 19:32:55,206 [RatisPipelineUtilsThread] INFO  pipeline.PipelineStateManager (PipelineStateManager.java:addPipeline(57)) - Created pipeline Pipeline[ Id: 046b28bb-0021-456a-b735-63a7842113fd, Nodes: 0d7982bd-7b1e-4262-b91e-0a390432292e{ip: 192.168.164.219, host: pr-hdds-1868-cfdmt-251076870, networkLocation: /default-rack, certSerialId: null}64281e43-5db8-458f-889d-e68788332a0e{ip: 192.168.164.219, host: pr-hdds-1868-cfdmt-251076870, networkLocation: /default-rack, certSerialId: null}f1107e1f-4289-4159-9ce3-19e384e76673{ip: 192.168.164.219, host: pr-hdds-1868-cfdmt-251076870, networkLocation: /default-rack, certSerialId: null}, Type:RATIS, Factor:THREE, State:ALLOCATED]
2019-10-14 19:32:55,264 [IPC Server handler 7 on 44705] INFO  net.NetworkTopology (NetworkTopologyImpl.java:add(111)) - Added a new node: /default-rack/da3153d4-5ecf-4413-8c38-31bb41813287
2019-10-14 19:32:55,264 [IPC Server handler 7 on 44705] INFO  node.SCMNodeManager (SCMNodeManager.java:register(268)) - Registered Data node : da3153d4-5ecf-4413-8c38-31bb41813287{ip: 192.168.164.219, host: pr-hdds-1868-cfdmt-251076870, networkLocation: /default-rack, certSerialId: null}
2019-10-14 19:32:55,274 [grpc-default-executor-0] INFO  impl.RaftServerProxy (RaftServerProxy.java:addNew(89)) - 1a51902b-5369-4ef0-9d6f-b4b6ad802bb2: addNew group-E7128E7A648B:[1a51902b-5369-4ef0-9d6f-b4b6ad802bb2:192.168.164.219:39283] returns group-E7128E7A648B:java.util.concurrent.CompletableFuture@7f8e104f[Not completed]
2019-10-14 19:32:55,275 [pool-413-thread-1] INFO  impl.RaftServerImpl (RaftServerImpl.java:<init>(95)) - 1a51902b-5369-4ef0-9d6f-b4b6ad802bb2: new RaftServerImpl for group-E7128E7A648B:[1a51902b-5369-4ef0-9d6f-b4b6ad802bb2:192.168.164.219:39283] with ContainerStateMachine:uninitialized
2019-10-14 19:32:55,275 [pool-413-thread-1] INFO  server.RaftServerConfigKeys (ConfUtils.java:logGet(43)) - raft.server.rpc.timeout.min = 5s (custom)
2019-10-14 19:32:55,275 [pool-413-thread-1] INFO  server.RaftServerConfigKeys (ConfUtils.java:logGet(43)) - raft.server.rpc.timeout.max = 5200ms (custom)
2019-10-14 19:32:55,275 [pool-413-thread-1] INFO  server.RaftServerConfigKeys (ConfUtils.java:logGet(43)) - raft.server.rpcslowness.timeout = 120s (custom)
2019-10-14 19:32:55,275 [pool-413-thread-1] INFO  server.RaftServerConfigKeys (ConfUtils.java:logGet(43)) - raft.server.sleep.deviation.threshold = 300 (default)
2019-10-14 19:32:55,275 [pool-413-thread-1] INFO  server.RaftServerConfigKeys (ConfUtils.java:logGet(43)) - raft.server.log.appender.install.snapshot.enabled = false (custom)
2019-10-14 19:32:55,275 [pool-413-thread-1] INFO  impl.RaftServerImpl (ServerState.java:<init>(103)) - 1a51902b-5369-4ef0-9d6f-b4b6ad802bb2@group-E7128E7A648B: ConfigurationManager, init=-1: [1a51902b-5369-4ef0-9d6f-b4b6ad802bb2:192.168.164.219:39283], old=null, confs=<EMPTY_MAP>
2019-10-14 19:32:55,276 [pool-413-thread-1] INFO  server.RaftServerConfigKeys (ConfUtils.java:logGet(43)) - raft.server.storage.dir = [/workdir/hadoop-ozone/integration-test/target/test-dir/MiniOzoneClusterImpl-108ecea4-3d96-4ce0-92d8-90fb95b9c2b0/datanode-3/data/ratis] (custom)
2019-10-14 19:32:55,276 [pool-413-thread-1] INFO  server.RaftServerConfigKeys (ConfUtils.java:logGet(43)) - raft.server.log.corruption.policy = EXCEPTION (default)
2019-10-14 19:32:55,276 [pool-413-thread-1] INFO  storage.RaftStorageDirectory (RaftStorageDirectory.java:analyzeStorage(246)) - The storage directory /workdir/hadoop-ozone/integration-test/target/test-dir/MiniOzoneClusterImpl-108ecea4-3d96-4ce0-92d8-90fb95b9c2b0/datanode-3/data/ratis/19a5d96c-3696-49cf-93c5-e7128e7a648b does not exist. Creating ...
2019-10-14 19:32:55,299 [pool-413-thread-1] INFO  storage.RaftStorageDirectory (RaftStorageDirectory.java:tryLock(328)) - Lock on /workdir/hadoop-ozone/integration-test/target/test-dir/MiniOzoneClusterImpl-108ecea4-3d96-4ce0-92d8-90fb95b9c2b0/datanode-3/data/ratis/19a5d96c-3696-49cf-93c5-e7128e7a648b/in_use.lock acquired by nodename 20360@pr-hdds-1868-cfdmt-251076870
2019-10-14 19:32:55,327 [pool-413-thread-1] INFO  storage.RaftStorage (RaftStorage.java:format(84)) - Storage directory /workdir/hadoop-ozone/integration-test/target/test-dir/MiniOzoneClusterImpl-108ecea4-3d96-4ce0-92d8-90fb95b9c2b0/datanode-3/data/ratis/19a5d96c-3696-49cf-93c5-e7128e7a648b has been successfully formatted.
2019-10-14 19:32:55,327 [pool-413-thread-1] INFO  ratis.ContainerStateMachine (ContainerStateMachine.java:loadSnapshot(233)) - group-E7128E7A648B: The snapshot info is null. Setting the last applied indexto:(t:0, i:~)
2019-10-14 19:32:55,327 [pool-413-thread-1] INFO  server.RaftServerConfigKeys (ConfUtils.java:logGet(43)) - raft.server.notification.no-leader.timeout = 120s (custom)
2019-10-14 19:32:55,327 [pool-413-thread-1] INFO  server.RaftServerConfigKeys (ConfUtils.java:logGet(43)) - raft.server.log.use.memory = false (default)
2019-10-14 19:32:55,327 [pool-413-thread-1] INFO  server.RaftServerConfigKeys (ConfUtils.java:logGet(43)) - raft.server.log.purge.gap = 1000000 (custom)
2019-10-14 19:32:55,327 [pool-413-thread-1] INFO  server.RaftServerConfigKeys (ConfUtils.java:logGet(43)) - raft.server.log.appender.buffer.byte-limit = 33554432 (custom)
2019-10-14 19:32:55,327 [pool-413-thread-1] INFO  server.RaftServerConfigKeys (ConfUtils.java:logGet(43)) - raft.server.log.segment.size.max = 1048576 (custom)
2019-10-14 19:32:55,329 [pool-413-thread-1] INFO  server.RaftServerConfigKeys (ConfUtils.java:logGet(43)) - raft.server.log.segment.cache.num.max = 2 (custom)
2019-10-14 19:32:55,329 [pool-413-thread-1] INFO  segmented.SegmentedRaftLogWorker (SegmentedRaftLogWorker.java:<init>(173)) - new 1a51902b-5369-4ef0-9d6f-b4b6ad802bb2@group-E7128E7A648B-SegmentedRaftLogWorker for RaftStorage:Storage Directory /workdir/hadoop-ozone/integration-test/target/test-dir/MiniOzoneClusterImpl-108ecea4-3d96-4ce0-92d8-90fb95b9c2b0/datanode-3/data/ratis/19a5d96c-3696-49cf-93c5-e7128e7a648b
2019-10-14 19:32:55,329 [pool-413-thread-1] INFO  server.RaftServerConfigKeys (ConfUtils.java:logGet(43)) - raft.server.log.queue.byte-limit = 2147483647 (custom)
2019-10-14 19:32:55,329 [pool-413-thread-1] INFO  server.RaftServerConfigKeys (ConfUtils.java:logGet(43)) - raft.server.log.queue.element-limit = 1024 (custom)
2019-10-14 19:32:55,329 [pool-413-thread-1] INFO  server.RaftServerConfigKeys (ConfUtils.java:logGet(43)) - raft.server.log.segment.size.max = 1048576 (custom)
2019-10-14 19:32:55,329 [pool-413-thread-1] INFO  server.RaftServerConfigKeys (ConfUtils.java:logGet(43)) - raft.server.log.preallocated.size = 16384 (custom)
2019-10-14 19:32:55,330 [pool-413-thread-1] INFO  server.RaftServerConfigKeys (ConfUtils.java:logGet(43)) - raft.server.log.write.buffer.size = 33554432 (custom)
2019-10-14 19:32:55,330 [pool-413-thread-1] INFO  server.RaftServerConfigKeys (ConfUtils.java:logGet(43)) - raft.server.log.force.sync.num = 128 (default)
2019-10-14 19:32:55,330 [pool-413-thread-1] INFO  server.RaftServerConfigKeys (ConfUtils.java:logGet(43)) - raft.server.log.statemachine.data.sync = true (default)
2019-10-14 19:32:55,330 [pool-413-thread-1] INFO  server.RaftServerConfigKeys (ConfUtils.java:logGet(43)) - raft.server.log.statemachine.data.sync.timeout = 10s (default)
2019-10-14 19:32:55,330 [pool-413-thread-1] INFO  server.RaftServerConfigKeys (ConfUtils.java:logGet(43)) - raft.server.log.statemachine.data.sync.timeout.retry = -1 (default)
2019-10-14 19:32:55,330 [pool-413-thread-1] INFO  server.RaftServerConfigKeys (ConfUtils.java:logGet(43)) - raft.server.log.statemachine.data.caching.enabled = true (custom)
2019-10-14 19:32:55,331 [pool-413-thread-1] INFO  segmented.SegmentedRaftLogWorker (SegmentedRaftLogWorker.java:lambda$new$0(128)) - 1a51902b-5369-4ef0-9d6f-b4b6ad802bb2@group-E7128E7A648B-SegmentedRaftLogWorker: flushIndex: setUnconditionally 0 -> -1
2019-10-14 19:32:55,331 [pool-413-thread-1] INFO  server.RaftServerConfigKeys (ConfUtils.java:logGet(43)) - raft.server.snapshot.auto.trigger.enabled = true (custom)
2019-10-14 19:32:55,331 [pool-413-thread-1] INFO  server.RaftServerConfigKeys (ConfUtils.java:logGet(43)) - raft.server.snapshot.auto.trigger.threshold = 10000 (custom)
2019-10-14 19:32:55,331 [pool-413-thread-1] INFO  server.RaftServerConfigKeys (ConfUtils.java:logGet(43)) - raft.server.snapshot.retention.file.num = 5 (custom)
2019-10-14 19:32:55,331 [pool-413-thread-1] INFO  server.RaftServerConfigKeys (ConfUtils.java:logGet(43)) - raft.server.retrycache.expirytime = 600000ms (custom)
2019-10-14 19:32:55,332 [pool-413-thread-1] INFO  impl.RaftServerImpl (RaftServerImpl.java:start(181)) - 1a51902b-5369-4ef0-9d6f-b4b6ad802bb2@group-E7128E7A648B: start as a follower, conf=-1: [1a51902b-5369-4ef0-9d6f-b4b6ad802bb2:192.168.164.219:39283], old=null
2019-10-14 19:32:55,333 [pool-413-thread-1] INFO  impl.RaftServerImpl (RaftServerImpl.java:setRole(170)) - 1a51902b-5369-4ef0-9d6f-b4b6ad802bb2@group-E7128E7A648B: changes role from      null to FOLLOWER at term 0 for startAsFollower
2019-10-14 19:32:55,333 [pool-413-thread-1] INFO  impl.RoleInfo (RoleInfo.java:updateAndGet(143)) - 1a51902b-5369-4ef0-9d6f-b4b6ad802bb2: start FollowerState
2019-10-14 19:32:55,333 [pool-413-thread-1] INFO  util.JmxRegister (JmxRegister.java:tryRegister(44)) - Successfully registered JMX Bean with object name Ratis:service=RaftServer,group=group-E7128E7A648B,id=1a51902b-5369-4ef0-9d6f-b4b6ad802bb2
2019-10-14 19:32:55,336 [RatisPipelineUtilsThread] INFO  pipeline.PipelineStateManager (PipelineStateManager.java:addPipeline(57)) - Created pipeline Pipeline[ Id: 19a5d96c-3696-49cf-93c5-e7128e7a648b, Nodes: 1a51902b-5369-4ef0-9d6f-b4b6ad802bb2{ip: 192.168.164.219, host: pr-hdds-1868-cfdmt-251076870, networkLocation: /default-rack, certSerialId: null}, Type:RATIS, Factor:ONE, State:ALLOCATED]
2019-10-14 19:32:55,345 [grpc-default-executor-0] INFO  impl.RaftServerProxy (RaftServerProxy.java:addNew(89)) - da3153d4-5ecf-4413-8c38-31bb41813287: addNew group-99D7CA696ADB:[da3153d4-5ecf-4413-8c38-31bb41813287:192.168.164.219:34328] returns group-99D7CA696ADB:java.util.concurrent.CompletableFuture@5c430b3a[Not completed]
2019-10-14 19:32:55,346 [pool-423-thread-1] INFO  impl.RaftServerImpl (RaftServerImpl.java:<init>(95)) - da3153d4-5ecf-4413-8c38-31bb41813287: new RaftServerImpl for group-99D7CA696ADB:[da3153d4-5ecf-4413-8c38-31bb41813287:192.168.164.219:34328] with ContainerStateMachine:uninitialized
2019-10-14 19:32:55,346 [pool-423-thread-1] INFO  server.RaftServerConfigKeys (ConfUtils.java:logGet(43)) - raft.server.rpc.timeout.min = 5s (custom)
2019-10-14 19:32:55,346 [pool-423-thread-1] INFO  server.RaftServerConfigKeys (ConfUtils.java:logGet(43)) - raft.server.rpc.timeout.max = 5200ms (custom)
2019-10-14 19:32:55,346 [pool-423-thread-1] INFO  server.RaftServerConfigKeys (ConfUtils.java:logGet(43)) - raft.server.rpcslowness.timeout = 120s (custom)
2019-10-14 19:32:55,346 [pool-423-thread-1] INFO  server.RaftServerConfigKeys (ConfUtils.java:logGet(43)) - raft.server.sleep.deviation.threshold = 300 (default)
2019-10-14 19:32:55,346 [pool-423-thread-1] INFO  server.RaftServerConfigKeys (ConfUtils.java:logGet(43)) - raft.server.log.appender.install.snapshot.enabled = false (custom)
2019-10-14 19:32:55,346 [pool-423-thread-1] INFO  impl.RaftServerImpl (ServerState.java:<init>(103)) - da3153d4-5ecf-4413-8c38-31bb41813287@group-99D7CA696ADB: ConfigurationManager, init=-1: [da3153d4-5ecf-4413-8c38-31bb41813287:192.168.164.219:34328], old=null, confs=<EMPTY_MAP>
2019-10-14 19:32:55,346 [IPC Server handler 6 on 44705] INFO  net.NetworkTopology (NetworkTopologyImpl.java:add(111)) - Added a new node: /default-rack/c760ddd1-975e-4e4f-8a7d-7dfc99016f69
2019-10-14 19:32:55,347 [pool-423-thread-1] INFO  server.RaftServerConfigKeys (ConfUtils.java:logGet(43)) - raft.server.storage.dir = [/workdir/hadoop-ozone/integration-test/target/test-dir/MiniOzoneClusterImpl-108ecea4-3d96-4ce0-92d8-90fb95b9c2b0/datanode-4/data/ratis] (custom)
2019-10-14 19:32:55,347 [IPC Server handler 6 on 44705] INFO  node.SCMNodeManager (SCMNodeManager.java:register(268)) - Registered Data node : c760ddd1-975e-4e4f-8a7d-7dfc99016f69{ip: 192.168.164.219, host: pr-hdds-1868-cfdmt-251076870, networkLocation: /default-rack, certSerialId: null}
2019-10-14 19:32:55,347 [pool-423-thread-1] INFO  server.RaftServerConfigKeys (ConfUtils.java:logGet(43)) - raft.server.log.corruption.policy = EXCEPTION (default)
2019-10-14 19:32:55,347 [pool-423-thread-1] INFO  storage.RaftStorageDirectory (RaftStorageDirectory.java:analyzeStorage(246)) - The storage directory /workdir/hadoop-ozone/integration-test/target/test-dir/MiniOzoneClusterImpl-108ecea4-3d96-4ce0-92d8-90fb95b9c2b0/datanode-4/data/ratis/3e8edae9-01be-4da3-8696-99d7ca696adb does not exist. Creating ...
2019-10-14 19:32:55,369 [pool-423-thread-1] INFO  storage.RaftStorageDirectory (RaftStorageDirectory.java:tryLock(328)) - Lock on /workdir/hadoop-ozone/integration-test/target/test-dir/MiniOzoneClusterImpl-108ecea4-3d96-4ce0-92d8-90fb95b9c2b0/datanode-4/data/ratis/3e8edae9-01be-4da3-8696-99d7ca696adb/in_use.lock acquired by nodename 20360@pr-hdds-1868-cfdmt-251076870
2019-10-14 19:32:55,394 [pool-423-thread-1] INFO  storage.RaftStorage (RaftStorage.java:format(84)) - Storage directory /workdir/hadoop-ozone/integration-test/target/test-dir/MiniOzoneClusterImpl-108ecea4-3d96-4ce0-92d8-90fb95b9c2b0/datanode-4/data/ratis/3e8edae9-01be-4da3-8696-99d7ca696adb has been successfully formatted.
2019-10-14 19:32:55,394 [pool-423-thread-1] INFO  ratis.ContainerStateMachine (ContainerStateMachine.java:loadSnapshot(233)) - group-99D7CA696ADB: The snapshot info is null. Setting the last applied indexto:(t:0, i:~)
2019-10-14 19:32:55,394 [pool-423-thread-1] INFO  server.RaftServerConfigKeys (ConfUtils.java:logGet(43)) - raft.server.notification.no-leader.timeout = 120s (custom)
2019-10-14 19:32:55,394 [pool-423-thread-1] INFO  server.RaftServerConfigKeys (ConfUtils.java:logGet(43)) - raft.server.log.use.memory = false (default)
2019-10-14 19:32:55,395 [pool-423-thread-1] INFO  server.RaftServerConfigKeys (ConfUtils.java:logGet(43)) - raft.server.log.purge.gap = 1000000 (custom)
2019-10-14 19:32:55,395 [pool-423-thread-1] INFO  server.RaftServerConfigKeys (ConfUtils.java:logGet(43)) - raft.server.log.appender.buffer.byte-limit = 33554432 (custom)
2019-10-14 19:32:55,395 [pool-423-thread-1] INFO  server.RaftServerConfigKeys (ConfUtils.java:logGet(43)) - raft.server.log.segment.size.max = 1048576 (custom)
2019-10-14 19:32:55,396 [pool-423-thread-1] INFO  server.RaftServerConfigKeys (ConfUtils.java:logGet(43)) - raft.server.log.segment.cache.num.max = 2 (custom)
2019-10-14 19:32:55,396 [pool-423-thread-1] INFO  segmented.SegmentedRaftLogWorker (SegmentedRaftLogWorker.java:<init>(173)) - new da3153d4-5ecf-4413-8c38-31bb41813287@group-99D7CA696ADB-SegmentedRaftLogWorker for RaftStorage:Storage Directory /workdir/hadoop-ozone/integration-test/target/test-dir/MiniOzoneClusterImpl-108ecea4-3d96-4ce0-92d8-90fb95b9c2b0/datanode-4/data/ratis/3e8edae9-01be-4da3-8696-99d7ca696adb
2019-10-14 19:32:55,397 [pool-423-thread-1] INFO  server.RaftServerConfigKeys (ConfUtils.java:logGet(43)) - raft.server.log.queue.byte-limit = 2147483647 (custom)
2019-10-14 19:32:55,397 [pool-423-thread-1] INFO  server.RaftServerConfigKeys (ConfUtils.java:logGet(43)) - raft.server.log.queue.element-limit = 1024 (custom)
2019-10-14 19:32:55,397 [pool-423-thread-1] INFO  server.RaftServerConfigKeys (ConfUtils.java:logGet(43)) - raft.server.log.segment.size.max = 1048576 (custom)
2019-10-14 19:32:55,397 [pool-423-thread-1] INFO  server.RaftServerConfigKeys (ConfUtils.java:logGet(43)) - raft.server.log.preallocated.size = 16384 (custom)
2019-10-14 19:32:55,397 [pool-423-thread-1] INFO  server.RaftServerConfigKeys (ConfUtils.java:logGet(43)) - raft.server.log.write.buffer.size = 33554432 (custom)
2019-10-14 19:32:55,397 [pool-423-thread-1] INFO  server.RaftServerConfigKeys (ConfUtils.java:logGet(43)) - raft.server.log.force.sync.num = 128 (default)
2019-10-14 19:32:55,397 [pool-423-thread-1] INFO  server.RaftServerConfigKeys (ConfUtils.java:logGet(43)) - raft.server.log.statemachine.data.sync = true (default)
2019-10-14 19:32:55,397 [pool-423-thread-1] INFO  server.RaftServerConfigKeys (ConfUtils.java:logGet(43)) - raft.server.log.statemachine.data.sync.timeout = 10s (default)
2019-10-14 19:32:55,397 [pool-423-thread-1] INFO  server.RaftServerConfigKeys (ConfUtils.java:logGet(43)) - raft.server.log.statemachine.data.sync.timeout.retry = -1 (default)
2019-10-14 19:32:55,398 [pool-423-thread-1] INFO  server.RaftServerConfigKeys (ConfUtils.java:logGet(43)) - raft.server.log.statemachine.data.caching.enabled = true (custom)
2019-10-14 19:32:55,398 [pool-423-thread-1] INFO  segmented.SegmentedRaftLogWorker (SegmentedRaftLogWorker.java:lambda$new$0(128)) - da3153d4-5ecf-4413-8c38-31bb41813287@group-99D7CA696ADB-SegmentedRaftLogWorker: flushIndex: setUnconditionally 0 -> -1
2019-10-14 19:32:55,398 [pool-423-thread-1] INFO  server.RaftServerConfigKeys (ConfUtils.java:logGet(43)) - raft.server.snapshot.auto.trigger.enabled = true (custom)
2019-10-14 19:32:55,398 [pool-423-thread-1] INFO  server.RaftServerConfigKeys (ConfUtils.java:logGet(43)) - raft.server.snapshot.auto.trigger.threshold = 10000 (custom)
2019-10-14 19:32:55,399 [pool-423-thread-1] INFO  server.RaftServerConfigKeys (ConfUtils.java:logGet(43)) - raft.server.snapshot.retention.file.num = 5 (custom)
2019-10-14 19:32:55,399 [pool-423-thread-1] INFO  server.RaftServerConfigKeys (ConfUtils.java:logGet(43)) - raft.server.retrycache.expirytime = 600000ms (custom)
2019-10-14 19:32:55,400 [pool-423-thread-1] INFO  impl.RaftServerImpl (RaftServerImpl.java:start(181)) - da3153d4-5ecf-4413-8c38-31bb41813287@group-99D7CA696ADB: start as a follower, conf=-1: [da3153d4-5ecf-4413-8c38-31bb41813287:192.168.164.219:34328], old=null
2019-10-14 19:32:55,400 [pool-423-thread-1] INFO  impl.RaftServerImpl (RaftServerImpl.java:setRole(170)) - da3153d4-5ecf-4413-8c38-31bb41813287@group-99D7CA696ADB: changes role from      null to FOLLOWER at term 0 for startAsFollower
2019-10-14 19:32:55,400 [pool-423-thread-1] INFO  impl.RoleInfo (RoleInfo.java:updateAndGet(143)) - da3153d4-5ecf-4413-8c38-31bb41813287: start FollowerState
2019-10-14 19:32:55,401 [pool-423-thread-1] INFO  util.JmxRegister (JmxRegister.java:tryRegister(44)) - Successfully registered JMX Bean with object name Ratis:service=RaftServer,group=group-99D7CA696ADB,id=da3153d4-5ecf-4413-8c38-31bb41813287
2019-10-14 19:32:55,404 [RatisPipelineUtilsThread] INFO  pipeline.PipelineStateManager (PipelineStateManager.java:addPipeline(57)) - Created pipeline Pipeline[ Id: 3e8edae9-01be-4da3-8696-99d7ca696adb, Nodes: da3153d4-5ecf-4413-8c38-31bb41813287{ip: 192.168.164.219, host: pr-hdds-1868-cfdmt-251076870, networkLocation: /default-rack, certSerialId: null}, Type:RATIS, Factor:ONE, State:ALLOCATED]
2019-10-14 19:32:55,412 [grpc-default-executor-0] INFO  impl.RaftServerProxy (RaftServerProxy.java:addNew(89)) - c760ddd1-975e-4e4f-8a7d-7dfc99016f69: addNew group-3B97AE5F2BA3:[c760ddd1-975e-4e4f-8a7d-7dfc99016f69:192.168.164.219:45173] returns group-3B97AE5F2BA3:java.util.concurrent.CompletableFuture@73674d05[Not completed]
2019-10-14 19:32:55,413 [IPC Server handler 15 on 44705] INFO  net.NetworkTopology (NetworkTopologyImpl.java:add(111)) - Added a new node: /default-rack/a41ac46c-31e5-445f-9985-b8cae54436a0
2019-10-14 19:32:55,413 [pool-433-thread-1] INFO  impl.RaftServerImpl (RaftServerImpl.java:<init>(95)) - c760ddd1-975e-4e4f-8a7d-7dfc99016f69: new RaftServerImpl for group-3B97AE5F2BA3:[c760ddd1-975e-4e4f-8a7d-7dfc99016f69:192.168.164.219:45173] with ContainerStateMachine:uninitialized
2019-10-14 19:32:55,413 [IPC Server handler 15 on 44705] INFO  node.SCMNodeManager (SCMNodeManager.java:register(268)) - Registered Data node : a41ac46c-31e5-445f-9985-b8cae54436a0{ip: 192.168.164.219, host: pr-hdds-1868-cfdmt-251076870, networkLocation: /default-rack, certSerialId: null}
2019-10-14 19:32:55,414 [pool-433-thread-1] INFO  server.RaftServerConfigKeys (ConfUtils.java:logGet(43)) - raft.server.rpc.timeout.min = 5s (custom)
2019-10-14 19:32:55,414 [pool-433-thread-1] INFO  server.RaftServerConfigKeys (ConfUtils.java:logGet(43)) - raft.server.rpc.timeout.max = 5200ms (custom)
2019-10-14 19:32:55,414 [pool-433-thread-1] INFO  server.RaftServerConfigKeys (ConfUtils.java:logGet(43)) - raft.server.rpcslowness.timeout = 120s (custom)
2019-10-14 19:32:55,414 [pool-433-thread-1] INFO  server.RaftServerConfigKeys (ConfUtils.java:logGet(43)) - raft.server.sleep.deviation.threshold = 300 (default)
2019-10-14 19:32:55,414 [pool-433-thread-1] INFO  server.RaftServerConfigKeys (ConfUtils.java:logGet(43)) - raft.server.log.appender.install.snapshot.enabled = false (custom)
2019-10-14 19:32:55,415 [pool-433-thread-1] INFO  impl.RaftServerImpl (ServerState.java:<init>(103)) - c760ddd1-975e-4e4f-8a7d-7dfc99016f69@group-3B97AE5F2BA3: ConfigurationManager, init=-1: [c760ddd1-975e-4e4f-8a7d-7dfc99016f69:192.168.164.219:45173], old=null, confs=<EMPTY_MAP>
2019-10-14 19:32:55,415 [pool-433-thread-1] INFO  server.RaftServerConfigKeys (ConfUtils.java:logGet(43)) - raft.server.storage.dir = [/workdir/hadoop-ozone/integration-test/target/test-dir/MiniOzoneClusterImpl-108ecea4-3d96-4ce0-92d8-90fb95b9c2b0/datanode-5/data/ratis] (custom)
2019-10-14 19:32:55,415 [pool-433-thread-1] INFO  server.RaftServerConfigKeys (ConfUtils.java:logGet(43)) - raft.server.log.corruption.policy = EXCEPTION (default)
2019-10-14 19:32:55,415 [pool-433-thread-1] INFO  storage.RaftStorageDirectory (RaftStorageDirectory.java:analyzeStorage(246)) - The storage directory /workdir/hadoop-ozone/integration-test/target/test-dir/MiniOzoneClusterImpl-108ecea4-3d96-4ce0-92d8-90fb95b9c2b0/datanode-5/data/ratis/df2d7f5e-d044-4ea4-ace5-3b97ae5f2ba3 does not exist. Creating ...
2019-10-14 19:32:55,444 [pool-433-thread-1] INFO  storage.RaftStorageDirectory (RaftStorageDirectory.java:tryLock(328)) - Lock on /workdir/hadoop-ozone/integration-test/target/test-dir/MiniOzoneClusterImpl-108ecea4-3d96-4ce0-92d8-90fb95b9c2b0/datanode-5/data/ratis/df2d7f5e-d044-4ea4-ace5-3b97ae5f2ba3/in_use.lock acquired by nodename 20360@pr-hdds-1868-cfdmt-251076870
2019-10-14 19:32:55,461 [pool-433-thread-1] INFO  storage.RaftStorage (RaftStorage.java:format(84)) - Storage directory /workdir/hadoop-ozone/integration-test/target/test-dir/MiniOzoneClusterImpl-108ecea4-3d96-4ce0-92d8-90fb95b9c2b0/datanode-5/data/ratis/df2d7f5e-d044-4ea4-ace5-3b97ae5f2ba3 has been successfully formatted.
2019-10-14 19:32:55,462 [pool-433-thread-1] INFO  ratis.ContainerStateMachine (ContainerStateMachine.java:loadSnapshot(233)) - group-3B97AE5F2BA3: The snapshot info is null. Setting the last applied indexto:(t:0, i:~)
2019-10-14 19:32:55,462 [pool-433-thread-1] INFO  server.RaftServerConfigKeys (ConfUtils.java:logGet(43)) - raft.server.notification.no-leader.timeout = 120s (custom)
2019-10-14 19:32:55,462 [pool-433-thread-1] INFO  server.RaftServerConfigKeys (ConfUtils.java:logGet(43)) - raft.server.log.use.memory = false (default)
2019-10-14 19:32:55,462 [pool-433-thread-1] INFO  server.RaftServerConfigKeys (ConfUtils.java:logGet(43)) - raft.server.log.purge.gap = 1000000 (custom)
2019-10-14 19:32:55,462 [pool-433-thread-1] INFO  server.RaftServerConfigKeys (ConfUtils.java:logGet(43)) - raft.server.log.appender.buffer.byte-limit = 33554432 (custom)
2019-10-14 19:32:55,462 [pool-433-thread-1] INFO  server.RaftServerConfigKeys (ConfUtils.java:logGet(43)) - raft.server.log.segment.size.max = 1048576 (custom)
2019-10-14 19:32:55,464 [pool-433-thread-1] INFO  server.RaftServerConfigKeys (ConfUtils.java:logGet(43)) - raft.server.log.segment.cache.num.max = 2 (custom)
2019-10-14 19:32:55,464 [pool-433-thread-1] INFO  segmented.SegmentedRaftLogWorker (SegmentedRaftLogWorker.java:<init>(173)) - new c760ddd1-975e-4e4f-8a7d-7dfc99016f69@group-3B97AE5F2BA3-SegmentedRaftLogWorker for RaftStorage:Storage Directory /workdir/hadoop-ozone/integration-test/target/test-dir/MiniOzoneClusterImpl-108ecea4-3d96-4ce0-92d8-90fb95b9c2b0/datanode-5/data/ratis/df2d7f5e-d044-4ea4-ace5-3b97ae5f2ba3
2019-10-14 19:32:55,464 [pool-433-thread-1] INFO  server.RaftServerConfigKeys (ConfUtils.java:logGet(43)) - raft.server.log.queue.byte-limit = 2147483647 (custom)
2019-10-14 19:32:55,464 [pool-433-thread-1] INFO  server.RaftServerConfigKeys (ConfUtils.java:logGet(43)) - raft.server.log.queue.element-limit = 1024 (custom)
2019-10-14 19:32:55,465 [pool-433-thread-1] INFO  server.RaftServerConfigKeys (ConfUtils.java:logGet(43)) - raft.server.log.segment.size.max = 1048576 (custom)
2019-10-14 19:32:55,465 [pool-433-thread-1] INFO  server.RaftServerConfigKeys (ConfUtils.java:logGet(43)) - raft.server.log.preallocated.size = 16384 (custom)
2019-10-14 19:32:55,465 [pool-433-thread-1] INFO  server.RaftServerConfigKeys (ConfUtils.java:logGet(43)) - raft.server.log.write.buffer.size = 33554432 (custom)
2019-10-14 19:32:55,465 [pool-433-thread-1] INFO  server.RaftServerConfigKeys (ConfUtils.java:logGet(43)) - raft.server.log.force.sync.num = 128 (default)
2019-10-14 19:32:55,465 [pool-433-thread-1] INFO  server.RaftServerConfigKeys (ConfUtils.java:logGet(43)) - raft.server.log.statemachine.data.sync = true (default)
2019-10-14 19:32:55,465 [pool-433-thread-1] INFO  server.RaftServerConfigKeys (ConfUtils.java:logGet(43)) - raft.server.log.statemachine.data.sync.timeout = 10s (default)
2019-10-14 19:32:55,465 [pool-433-thread-1] INFO  server.RaftServerConfigKeys (ConfUtils.java:logGet(43)) - raft.server.log.statemachine.data.sync.timeout.retry = -1 (default)
2019-10-14 19:32:55,466 [pool-433-thread-1] INFO  server.RaftServerConfigKeys (ConfUtils.java:logGet(43)) - raft.server.log.statemachine.data.caching.enabled = true (custom)
2019-10-14 19:32:55,466 [pool-433-thread-1] INFO  segmented.SegmentedRaftLogWorker (SegmentedRaftLogWorker.java:lambda$new$0(128)) - c760ddd1-975e-4e4f-8a7d-7dfc99016f69@group-3B97AE5F2BA3-SegmentedRaftLogWorker: flushIndex: setUnconditionally 0 -> -1
2019-10-14 19:32:55,466 [pool-433-thread-1] INFO  server.RaftServerConfigKeys (ConfUtils.java:logGet(43)) - raft.server.snapshot.auto.trigger.enabled = true (custom)
2019-10-14 19:32:55,467 [pool-433-thread-1] INFO  server.RaftServerConfigKeys (ConfUtils.java:logGet(43)) - raft.server.snapshot.auto.trigger.threshold = 10000 (custom)
2019-10-14 19:32:55,467 [pool-433-thread-1] INFO  server.RaftServerConfigKeys (ConfUtils.java:logGet(43)) - raft.server.snapshot.retention.file.num = 5 (custom)
2019-10-14 19:32:55,467 [pool-433-thread-1] INFO  server.RaftServerConfigKeys (ConfUtils.java:logGet(43)) - raft.server.retrycache.expirytime = 600000ms (custom)
2019-10-14 19:32:55,468 [pool-433-thread-1] INFO  impl.RaftServerImpl (RaftServerImpl.java:start(181)) - c760ddd1-975e-4e4f-8a7d-7dfc99016f69@group-3B97AE5F2BA3: start as a follower, conf=-1: [c760ddd1-975e-4e4f-8a7d-7dfc99016f69:192.168.164.219:45173], old=null
2019-10-14 19:32:55,469 [pool-433-thread-1] INFO  impl.RaftServerImpl (RaftServerImpl.java:setRole(170)) - c760ddd1-975e-4e4f-8a7d-7dfc99016f69@group-3B97AE5F2BA3: changes role from      null to FOLLOWER at term 0 for startAsFollower
2019-10-14 19:32:55,469 [pool-433-thread-1] INFO  impl.RoleInfo (RoleInfo.java:updateAndGet(143)) - c760ddd1-975e-4e4f-8a7d-7dfc99016f69: start FollowerState
2019-10-14 19:32:55,469 [pool-433-thread-1] INFO  util.JmxRegister (JmxRegister.java:tryRegister(44)) - Successfully registered JMX Bean with object name Ratis:service=RaftServer,group=group-3B97AE5F2BA3,id=c760ddd1-975e-4e4f-8a7d-7dfc99016f69
2019-10-14 19:32:55,472 [RatisPipelineUtilsThread] INFO  pipeline.PipelineStateManager (PipelineStateManager.java:addPipeline(57)) - Created pipeline Pipeline[ Id: df2d7f5e-d044-4ea4-ace5-3b97ae5f2ba3, Nodes: c760ddd1-975e-4e4f-8a7d-7dfc99016f69{ip: 192.168.164.219, host: pr-hdds-1868-cfdmt-251076870, networkLocation: /default-rack, certSerialId: null}, Type:RATIS, Factor:ONE, State:ALLOCATED]
2019-10-14 19:32:55,482 [grpc-default-executor-0] INFO  impl.RaftServerProxy (RaftServerProxy.java:addNew(89)) - a41ac46c-31e5-445f-9985-b8cae54436a0: addNew group-02768AA107B0:[a41ac46c-31e5-445f-9985-b8cae54436a0:192.168.164.219:37536] returns group-02768AA107B0:java.util.concurrent.CompletableFuture@455203c0[Not completed]
2019-10-14 19:32:55,484 [pool-443-thread-1] INFO  impl.RaftServerImpl (RaftServerImpl.java:<init>(95)) - a41ac46c-31e5-445f-9985-b8cae54436a0: new RaftServerImpl for group-02768AA107B0:[a41ac46c-31e5-445f-9985-b8cae54436a0:192.168.164.219:37536] with ContainerStateMachine:uninitialized
2019-10-14 19:32:55,484 [pool-443-thread-1] INFO  server.RaftServerConfigKeys (ConfUtils.java:logGet(43)) - raft.server.rpc.timeout.min = 5s (custom)
2019-10-14 19:32:55,484 [pool-443-thread-1] INFO  server.RaftServerConfigKeys (ConfUtils.java:logGet(43)) - raft.server.rpc.timeout.max = 5200ms (custom)
2019-10-14 19:32:55,484 [pool-443-thread-1] INFO  server.RaftServerConfigKeys (ConfUtils.java:logGet(43)) - raft.server.rpcslowness.timeout = 120s (custom)
2019-10-14 19:32:55,484 [pool-443-thread-1] INFO  server.RaftServerConfigKeys (ConfUtils.java:logGet(43)) - raft.server.sleep.deviation.threshold = 300 (default)
2019-10-14 19:32:55,484 [pool-443-thread-1] INFO  server.RaftServerConfigKeys (ConfUtils.java:logGet(43)) - raft.server.log.appender.install.snapshot.enabled = false (custom)
2019-10-14 19:32:55,485 [pool-443-thread-1] INFO  impl.RaftServerImpl (ServerState.java:<init>(103)) - a41ac46c-31e5-445f-9985-b8cae54436a0@group-02768AA107B0: ConfigurationManager, init=-1: [a41ac46c-31e5-445f-9985-b8cae54436a0:192.168.164.219:37536], old=null, confs=<EMPTY_MAP>
2019-10-14 19:32:55,485 [pool-443-thread-1] INFO  server.RaftServerConfigKeys (ConfUtils.java:logGet(43)) - raft.server.storage.dir = [/workdir/hadoop-ozone/integration-test/target/test-dir/MiniOzoneClusterImpl-108ecea4-3d96-4ce0-92d8-90fb95b9c2b0/datanode-6/data/ratis] (custom)
2019-10-14 19:32:55,485 [pool-443-thread-1] INFO  server.RaftServerConfigKeys (ConfUtils.java:logGet(43)) - raft.server.log.corruption.policy = EXCEPTION (default)
2019-10-14 19:32:55,485 [pool-443-thread-1] INFO  storage.RaftStorageDirectory (RaftStorageDirectory.java:analyzeStorage(246)) - The storage directory /workdir/hadoop-ozone/integration-test/target/test-dir/MiniOzoneClusterImpl-108ecea4-3d96-4ce0-92d8-90fb95b9c2b0/datanode-6/data/ratis/38506171-b30b-402b-9460-02768aa107b0 does not exist. Creating ...
2019-10-14 19:32:55,512 [pool-443-thread-1] INFO  storage.RaftStorageDirectory (RaftStorageDirectory.java:tryLock(328)) - Lock on /workdir/hadoop-ozone/integration-test/target/test-dir/MiniOzoneClusterImpl-108ecea4-3d96-4ce0-92d8-90fb95b9c2b0/datanode-6/data/ratis/38506171-b30b-402b-9460-02768aa107b0/in_use.lock acquired by nodename 20360@pr-hdds-1868-cfdmt-251076870
2019-10-14 19:32:55,537 [pool-443-thread-1] INFO  storage.RaftStorage (RaftStorage.java:format(84)) - Storage directory /workdir/hadoop-ozone/integration-test/target/test-dir/MiniOzoneClusterImpl-108ecea4-3d96-4ce0-92d8-90fb95b9c2b0/datanode-6/data/ratis/38506171-b30b-402b-9460-02768aa107b0 has been successfully formatted.
2019-10-14 19:32:55,538 [pool-443-thread-1] INFO  ratis.ContainerStateMachine (ContainerStateMachine.java:loadSnapshot(233)) - group-02768AA107B0: The snapshot info is null. Setting the last applied indexto:(t:0, i:~)
2019-10-14 19:32:55,538 [pool-443-thread-1] INFO  server.RaftServerConfigKeys (ConfUtils.java:logGet(43)) - raft.server.notification.no-leader.timeout = 120s (custom)
2019-10-14 19:32:55,538 [pool-443-thread-1] INFO  server.RaftServerConfigKeys (ConfUtils.java:logGet(43)) - raft.server.log.use.memory = false (default)
2019-10-14 19:32:55,538 [pool-443-thread-1] INFO  server.RaftServerConfigKeys (ConfUtils.java:logGet(43)) - raft.server.log.purge.gap = 1000000 (custom)
2019-10-14 19:32:55,538 [pool-443-thread-1] INFO  server.RaftServerConfigKeys (ConfUtils.java:logGet(43)) - raft.server.log.appender.buffer.byte-limit = 33554432 (custom)
2019-10-14 19:32:55,538 [pool-443-thread-1] INFO  server.RaftServerConfigKeys (ConfUtils.java:logGet(43)) - raft.server.log.segment.size.max = 1048576 (custom)
2019-10-14 19:32:55,540 [pool-443-thread-1] INFO  server.RaftServerConfigKeys (ConfUtils.java:logGet(43)) - raft.server.log.segment.cache.num.max = 2 (custom)
2019-10-14 19:32:55,540 [pool-443-thread-1] INFO  segmented.SegmentedRaftLogWorker (SegmentedRaftLogWorker.java:<init>(173)) - new a41ac46c-31e5-445f-9985-b8cae54436a0@group-02768AA107B0-SegmentedRaftLogWorker for RaftStorage:Storage Directory /workdir/hadoop-ozone/integration-test/target/test-dir/MiniOzoneClusterImpl-108ecea4-3d96-4ce0-92d8-90fb95b9c2b0/datanode-6/data/ratis/38506171-b30b-402b-9460-02768aa107b0
2019-10-14 19:32:55,540 [pool-443-thread-1] INFO  server.RaftServerConfigKeys (ConfUtils.java:logGet(43)) - raft.server.log.queue.byte-limit = 2147483647 (custom)
2019-10-14 19:32:55,540 [pool-443-thread-1] INFO  server.RaftServerConfigKeys (ConfUtils.java:logGet(43)) - raft.server.log.queue.element-limit = 1024 (custom)
2019-10-14 19:32:55,541 [pool-443-thread-1] INFO  server.RaftServerConfigKeys (ConfUtils.java:logGet(43)) - raft.server.log.segment.size.max = 1048576 (custom)
2019-10-14 19:32:55,541 [pool-443-thread-1] INFO  server.RaftServerConfigKeys (ConfUtils.java:logGet(43)) - raft.server.log.preallocated.size = 16384 (custom)
2019-10-14 19:32:55,541 [pool-443-thread-1] INFO  server.RaftServerConfigKeys (ConfUtils.java:logGet(43)) - raft.server.log.write.buffer.size = 33554432 (custom)
2019-10-14 19:32:55,541 [pool-443-thread-1] INFO  server.RaftServerConfigKeys (ConfUtils.java:logGet(43)) - raft.server.log.force.sync.num = 128 (default)
2019-10-14 19:32:55,541 [pool-443-thread-1] INFO  server.RaftServerConfigKeys (ConfUtils.java:logGet(43)) - raft.server.log.statemachine.data.sync = true (default)
2019-10-14 19:32:55,541 [pool-443-thread-1] INFO  server.RaftServerConfigKeys (ConfUtils.java:logGet(43)) - raft.server.log.statemachine.data.sync.timeout = 10s (default)
2019-10-14 19:32:55,541 [pool-443-thread-1] INFO  server.RaftServerConfigKeys (ConfUtils.java:logGet(43)) - raft.server.log.statemachine.data.sync.timeout.retry = -1 (default)
2019-10-14 19:32:55,542 [pool-443-thread-1] INFO  server.RaftServerConfigKeys (ConfUtils.java:logGet(43)) - raft.server.log.statemachine.data.caching.enabled = true (custom)
2019-10-14 19:32:55,542 [pool-443-thread-1] INFO  segmented.SegmentedRaftLogWorker (SegmentedRaftLogWorker.java:lambda$new$0(128)) - a41ac46c-31e5-445f-9985-b8cae54436a0@group-02768AA107B0-SegmentedRaftLogWorker: flushIndex: setUnconditionally 0 -> -1
2019-10-14 19:32:55,542 [pool-443-thread-1] INFO  server.RaftServerConfigKeys (ConfUtils.java:logGet(43)) - raft.server.snapshot.auto.trigger.enabled = true (custom)
2019-10-14 19:32:55,542 [pool-443-thread-1] INFO  server.RaftServerConfigKeys (ConfUtils.java:logGet(43)) - raft.server.snapshot.auto.trigger.threshold = 10000 (custom)
2019-10-14 19:32:55,542 [pool-443-thread-1] INFO  server.RaftServerConfigKeys (ConfUtils.java:logGet(43)) - raft.server.snapshot.retention.file.num = 5 (custom)
2019-10-14 19:32:55,543 [pool-443-thread-1] INFO  server.RaftServerConfigKeys (ConfUtils.java:logGet(43)) - raft.server.retrycache.expirytime = 600000ms (custom)
2019-10-14 19:32:55,544 [pool-443-thread-1] INFO  impl.RaftServerImpl (RaftServerImpl.java:start(181)) - a41ac46c-31e5-445f-9985-b8cae54436a0@group-02768AA107B0: start as a follower, conf=-1: [a41ac46c-31e5-445f-9985-b8cae54436a0:192.168.164.219:37536], old=null
2019-10-14 19:32:55,544 [pool-443-thread-1] INFO  impl.RaftServerImpl (RaftServerImpl.java:setRole(170)) - a41ac46c-31e5-445f-9985-b8cae54436a0@group-02768AA107B0: changes role from      null to FOLLOWER at term 0 for startAsFollower
2019-10-14 19:32:55,544 [pool-443-thread-1] INFO  impl.RoleInfo (RoleInfo.java:updateAndGet(143)) - a41ac46c-31e5-445f-9985-b8cae54436a0: start FollowerState
2019-10-14 19:32:55,545 [pool-443-thread-1] INFO  util.JmxRegister (JmxRegister.java:tryRegister(44)) - Successfully registered JMX Bean with object name Ratis:service=RaftServer,group=group-02768AA107B0,id=a41ac46c-31e5-445f-9985-b8cae54436a0
2019-10-14 19:32:55,548 [RatisPipelineUtilsThread] INFO  pipeline.PipelineStateManager (PipelineStateManager.java:addPipeline(57)) - Created pipeline Pipeline[ Id: 38506171-b30b-402b-9460-02768aa107b0, Nodes: a41ac46c-31e5-445f-9985-b8cae54436a0{ip: 192.168.164.219, host: pr-hdds-1868-cfdmt-251076870, networkLocation: /default-rack, certSerialId: null}, Type:RATIS, Factor:ONE, State:ALLOCATED]
2019-10-14 19:32:55,562 [grpc-default-executor-6] INFO  impl.RaftServerProxy (RaftServerProxy.java:addNew(89)) - a41ac46c-31e5-445f-9985-b8cae54436a0: addNew group-D1AB2D822573:[c760ddd1-975e-4e4f-8a7d-7dfc99016f69:192.168.164.219:45173, a41ac46c-31e5-445f-9985-b8cae54436a0:192.168.164.219:37536, 1a51902b-5369-4ef0-9d6f-b4b6ad802bb2:192.168.164.219:39283] returns group-D1AB2D822573:java.util.concurrent.CompletableFuture@77759e8c[Not completed]
2019-10-14 19:32:55,562 [grpc-default-executor-0] INFO  impl.RaftServerProxy (RaftServerProxy.java:addNew(89)) - c760ddd1-975e-4e4f-8a7d-7dfc99016f69: addNew group-D1AB2D822573:[c760ddd1-975e-4e4f-8a7d-7dfc99016f69:192.168.164.219:45173, a41ac46c-31e5-445f-9985-b8cae54436a0:192.168.164.219:37536, 1a51902b-5369-4ef0-9d6f-b4b6ad802bb2:192.168.164.219:39283] returns group-D1AB2D822573:java.util.concurrent.CompletableFuture@77c28fc2[Not completed]
2019-10-14 19:32:55,563 [grpc-default-executor-6] INFO  impl.RaftServerProxy (RaftServerProxy.java:addNew(89)) - 1a51902b-5369-4ef0-9d6f-b4b6ad802bb2: addNew group-D1AB2D822573:[c760ddd1-975e-4e4f-8a7d-7dfc99016f69:192.168.164.219:45173, a41ac46c-31e5-445f-9985-b8cae54436a0:192.168.164.219:37536, 1a51902b-5369-4ef0-9d6f-b4b6ad802bb2:192.168.164.219:39283] returns group-D1AB2D822573:java.util.concurrent.CompletableFuture@72a8215d[Not completed]
2019-10-14 19:32:55,563 [pool-443-thread-1] INFO  impl.RaftServerImpl (RaftServerImpl.java:<init>(95)) - a41ac46c-31e5-445f-9985-b8cae54436a0: new RaftServerImpl for group-D1AB2D822573:[c760ddd1-975e-4e4f-8a7d-7dfc99016f69:192.168.164.219:45173, a41ac46c-31e5-445f-9985-b8cae54436a0:192.168.164.219:37536, 1a51902b-5369-4ef0-9d6f-b4b6ad802bb2:192.168.164.219:39283] with ContainerStateMachine:uninitialized
2019-10-14 19:32:55,563 [pool-443-thread-1] INFO  server.RaftServerConfigKeys (ConfUtils.java:logGet(43)) - raft.server.rpc.timeout.min = 5s (custom)
2019-10-14 19:32:55,563 [pool-443-thread-1] INFO  server.RaftServerConfigKeys (ConfUtils.java:logGet(43)) - raft.server.rpc.timeout.max = 5200ms (custom)
2019-10-14 19:32:55,563 [pool-443-thread-1] INFO  server.RaftServerConfigKeys (ConfUtils.java:logGet(43)) - raft.server.rpcslowness.timeout = 120s (custom)
2019-10-14 19:32:55,563 [pool-413-thread-1] INFO  impl.RaftServerImpl (RaftServerImpl.java:<init>(95)) - 1a51902b-5369-4ef0-9d6f-b4b6ad802bb2: new RaftServerImpl for group-D1AB2D822573:[c760ddd1-975e-4e4f-8a7d-7dfc99016f69:192.168.164.219:45173, a41ac46c-31e5-445f-9985-b8cae54436a0:192.168.164.219:37536, 1a51902b-5369-4ef0-9d6f-b4b6ad802bb2:192.168.164.219:39283] with ContainerStateMachine:uninitialized
2019-10-14 19:32:55,564 [pool-443-thread-1] INFO  server.RaftServerConfigKeys (ConfUtils.java:logGet(43)) - raft.server.sleep.deviation.threshold = 300 (default)
2019-10-14 19:32:55,564 [pool-413-thread-1] INFO  server.RaftServerConfigKeys (ConfUtils.java:logGet(43)) - raft.server.rpc.timeout.min = 5s (custom)
2019-10-14 19:32:55,564 [pool-443-thread-1] INFO  server.RaftServerConfigKeys (ConfUtils.java:logGet(43)) - raft.server.log.appender.install.snapshot.enabled = false (custom)
2019-10-14 19:32:55,564 [pool-413-thread-1] INFO  server.RaftServerConfigKeys (ConfUtils.java:logGet(43)) - raft.server.rpc.timeout.max = 5200ms (custom)
2019-10-14 19:32:55,564 [pool-433-thread-1] INFO  impl.RaftServerImpl (RaftServerImpl.java:<init>(95)) - c760ddd1-975e-4e4f-8a7d-7dfc99016f69: new RaftServerImpl for group-D1AB2D822573:[c760ddd1-975e-4e4f-8a7d-7dfc99016f69:192.168.164.219:45173, a41ac46c-31e5-445f-9985-b8cae54436a0:192.168.164.219:37536, 1a51902b-5369-4ef0-9d6f-b4b6ad802bb2:192.168.164.219:39283] with ContainerStateMachine:uninitialized
2019-10-14 19:32:55,564 [pool-443-thread-1] INFO  impl.RaftServerImpl (ServerState.java:<init>(103)) - a41ac46c-31e5-445f-9985-b8cae54436a0@group-D1AB2D822573: ConfigurationManager, init=-1: [c760ddd1-975e-4e4f-8a7d-7dfc99016f69:192.168.164.219:45173, a41ac46c-31e5-445f-9985-b8cae54436a0:192.168.164.219:37536, 1a51902b-5369-4ef0-9d6f-b4b6ad802bb2:192.168.164.219:39283], old=null, confs=<EMPTY_MAP>
2019-10-14 19:32:55,564 [pool-433-thread-1] INFO  server.RaftServerConfigKeys (ConfUtils.java:logGet(43)) - raft.server.rpc.timeout.min = 5s (custom)
2019-10-14 19:32:55,564 [pool-413-thread-1] INFO  server.RaftServerConfigKeys (ConfUtils.java:logGet(43)) - raft.server.rpcslowness.timeout = 120s (custom)
2019-10-14 19:32:55,564 [pool-433-thread-1] INFO  server.RaftServerConfigKeys (ConfUtils.java:logGet(43)) - raft.server.rpc.timeout.max = 5200ms (custom)
2019-10-14 19:32:55,564 [pool-443-thread-1] INFO  server.RaftServerConfigKeys (ConfUtils.java:logGet(43)) - raft.server.storage.dir = [/workdir/hadoop-ozone/integration-test/target/test-dir/MiniOzoneClusterImpl-108ecea4-3d96-4ce0-92d8-90fb95b9c2b0/datanode-6/data/ratis] (custom)
2019-10-14 19:32:55,565 [pool-433-thread-1] INFO  server.RaftServerConfigKeys (ConfUtils.java:logGet(43)) - raft.server.rpcslowness.timeout = 120s (custom)
2019-10-14 19:32:55,565 [pool-413-thread-1] INFO  server.RaftServerConfigKeys (ConfUtils.java:logGet(43)) - raft.server.sleep.deviation.threshold = 300 (default)
2019-10-14 19:32:55,565 [pool-443-thread-1] INFO  server.RaftServerConfigKeys (ConfUtils.java:logGet(43)) - raft.server.log.corruption.policy = EXCEPTION (default)
2019-10-14 19:32:55,565 [pool-433-thread-1] INFO  server.RaftServerConfigKeys (ConfUtils.java:logGet(43)) - raft.server.sleep.deviation.threshold = 300 (default)
2019-10-14 19:32:55,565 [pool-443-thread-1] INFO  storage.RaftStorageDirectory (RaftStorageDirectory.java:analyzeStorage(246)) - The storage directory /workdir/hadoop-ozone/integration-test/target/test-dir/MiniOzoneClusterImpl-108ecea4-3d96-4ce0-92d8-90fb95b9c2b0/datanode-6/data/ratis/62450241-1272-4242-a849-d1ab2d822573 does not exist. Creating ...
2019-10-14 19:32:55,565 [pool-413-thread-1] INFO  server.RaftServerConfigKeys (ConfUtils.java:logGet(43)) - raft.server.log.appender.install.snapshot.enabled = false (custom)
2019-10-14 19:32:55,565 [pool-433-thread-1] INFO  server.RaftServerConfigKeys (ConfUtils.java:logGet(43)) - raft.server.log.appender.install.snapshot.enabled = false (custom)
2019-10-14 19:32:55,566 [pool-413-thread-1] INFO  impl.RaftServerImpl (ServerState.java:<init>(103)) - 1a51902b-5369-4ef0-9d6f-b4b6ad802bb2@group-D1AB2D822573: ConfigurationManager, init=-1: [c760ddd1-975e-4e4f-8a7d-7dfc99016f69:192.168.164.219:45173, a41ac46c-31e5-445f-9985-b8cae54436a0:192.168.164.219:37536, 1a51902b-5369-4ef0-9d6f-b4b6ad802bb2:192.168.164.219:39283], old=null, confs=<EMPTY_MAP>
2019-10-14 19:32:55,566 [pool-433-thread-1] INFO  impl.RaftServerImpl (ServerState.java:<init>(103)) - c760ddd1-975e-4e4f-8a7d-7dfc99016f69@group-D1AB2D822573: ConfigurationManager, init=-1: [c760ddd1-975e-4e4f-8a7d-7dfc99016f69:192.168.164.219:45173, a41ac46c-31e5-445f-9985-b8cae54436a0:192.168.164.219:37536, 1a51902b-5369-4ef0-9d6f-b4b6ad802bb2:192.168.164.219:39283], old=null, confs=<EMPTY_MAP>
2019-10-14 19:32:55,566 [pool-413-thread-1] INFO  server.RaftServerConfigKeys (ConfUtils.java:logGet(43)) - raft.server.storage.dir = [/workdir/hadoop-ozone/integration-test/target/test-dir/MiniOzoneClusterImpl-108ecea4-3d96-4ce0-92d8-90fb95b9c2b0/datanode-3/data/ratis] (custom)
2019-10-14 19:32:55,566 [pool-433-thread-1] INFO  server.RaftServerConfigKeys (ConfUtils.java:logGet(43)) - raft.server.storage.dir = [/workdir/hadoop-ozone/integration-test/target/test-dir/MiniOzoneClusterImpl-108ecea4-3d96-4ce0-92d8-90fb95b9c2b0/datanode-5/data/ratis] (custom)
2019-10-14 19:32:55,566 [pool-413-thread-1] INFO  server.RaftServerConfigKeys (ConfUtils.java:logGet(43)) - raft.server.log.corruption.policy = EXCEPTION (default)
2019-10-14 19:32:55,566 [pool-433-thread-1] INFO  server.RaftServerConfigKeys (ConfUtils.java:logGet(43)) - raft.server.log.corruption.policy = EXCEPTION (default)
2019-10-14 19:32:55,566 [pool-413-thread-1] INFO  storage.RaftStorageDirectory (RaftStorageDirectory.java:analyzeStorage(246)) - The storage directory /workdir/hadoop-ozone/integration-test/target/test-dir/MiniOzoneClusterImpl-108ecea4-3d96-4ce0-92d8-90fb95b9c2b0/datanode-3/data/ratis/62450241-1272-4242-a849-d1ab2d822573 does not exist. Creating ...
2019-10-14 19:32:55,567 [pool-433-thread-1] INFO  storage.RaftStorageDirectory (RaftStorageDirectory.java:analyzeStorage(246)) - The storage directory /workdir/hadoop-ozone/integration-test/target/test-dir/MiniOzoneClusterImpl-108ecea4-3d96-4ce0-92d8-90fb95b9c2b0/datanode-5/data/ratis/62450241-1272-4242-a849-d1ab2d822573 does not exist. Creating ...
2019-10-14 19:32:55,588 [pool-413-thread-1] INFO  storage.RaftStorageDirectory (RaftStorageDirectory.java:tryLock(328)) - Lock on /workdir/hadoop-ozone/integration-test/target/test-dir/MiniOzoneClusterImpl-108ecea4-3d96-4ce0-92d8-90fb95b9c2b0/datanode-3/data/ratis/62450241-1272-4242-a849-d1ab2d822573/in_use.lock acquired by nodename 20360@pr-hdds-1868-cfdmt-251076870
2019-10-14 19:32:55,588 [pool-433-thread-1] INFO  storage.RaftStorageDirectory (RaftStorageDirectory.java:tryLock(328)) - Lock on /workdir/hadoop-ozone/integration-test/target/test-dir/MiniOzoneClusterImpl-108ecea4-3d96-4ce0-92d8-90fb95b9c2b0/datanode-5/data/ratis/62450241-1272-4242-a849-d1ab2d822573/in_use.lock acquired by nodename 20360@pr-hdds-1868-cfdmt-251076870
2019-10-14 19:32:55,588 [pool-443-thread-1] INFO  storage.RaftStorageDirectory (RaftStorageDirectory.java:tryLock(328)) - Lock on /workdir/hadoop-ozone/integration-test/target/test-dir/MiniOzoneClusterImpl-108ecea4-3d96-4ce0-92d8-90fb95b9c2b0/datanode-6/data/ratis/62450241-1272-4242-a849-d1ab2d822573/in_use.lock acquired by nodename 20360@pr-hdds-1868-cfdmt-251076870
2019-10-14 19:32:55,613 [pool-443-thread-1] INFO  storage.RaftStorage (RaftStorage.java:format(84)) - Storage directory /workdir/hadoop-ozone/integration-test/target/test-dir/MiniOzoneClusterImpl-108ecea4-3d96-4ce0-92d8-90fb95b9c2b0/datanode-6/data/ratis/62450241-1272-4242-a849-d1ab2d822573 has been successfully formatted.
2019-10-14 19:32:55,613 [pool-433-thread-1] INFO  storage.RaftStorage (RaftStorage.java:format(84)) - Storage directory /workdir/hadoop-ozone/integration-test/target/test-dir/MiniOzoneClusterImpl-108ecea4-3d96-4ce0-92d8-90fb95b9c2b0/datanode-5/data/ratis/62450241-1272-4242-a849-d1ab2d822573 has been successfully formatted.
2019-10-14 19:32:55,613 [pool-413-thread-1] INFO  storage.RaftStorage (RaftStorage.java:format(84)) - Storage directory /workdir/hadoop-ozone/integration-test/target/test-dir/MiniOzoneClusterImpl-108ecea4-3d96-4ce0-92d8-90fb95b9c2b0/datanode-3/data/ratis/62450241-1272-4242-a849-d1ab2d822573 has been successfully formatted.
2019-10-14 19:32:55,614 [pool-433-thread-1] INFO  ratis.ContainerStateMachine (ContainerStateMachine.java:loadSnapshot(233)) - group-D1AB2D822573: The snapshot info is null. Setting the last applied indexto:(t:0, i:~)
2019-10-14 19:32:55,613 [pool-443-thread-1] INFO  ratis.ContainerStateMachine (ContainerStateMachine.java:loadSnapshot(233)) - group-D1AB2D822573: The snapshot info is null. Setting the last applied indexto:(t:0, i:~)
2019-10-14 19:32:55,614 [pool-433-thread-1] INFO  server.RaftServerConfigKeys (ConfUtils.java:logGet(43)) - raft.server.notification.no-leader.timeout = 120s (custom)
2019-10-14 19:32:55,614 [pool-413-thread-1] INFO  ratis.ContainerStateMachine (ContainerStateMachine.java:loadSnapshot(233)) - group-D1AB2D822573: The snapshot info is null. Setting the last applied indexto:(t:0, i:~)
2019-10-14 19:32:55,614 [pool-433-thread-1] INFO  server.RaftServerConfigKeys (ConfUtils.java:logGet(43)) - raft.server.log.use.memory = false (default)
2019-10-14 19:32:55,614 [pool-443-thread-1] INFO  server.RaftServerConfigKeys (ConfUtils.java:logGet(43)) - raft.server.notification.no-leader.timeout = 120s (custom)
2019-10-14 19:32:55,614 [pool-433-thread-1] INFO  server.RaftServerConfigKeys (ConfUtils.java:logGet(43)) - raft.server.log.purge.gap = 1000000 (custom)
2019-10-14 19:32:55,614 [pool-413-thread-1] INFO  server.RaftServerConfigKeys (ConfUtils.java:logGet(43)) - raft.server.notification.no-leader.timeout = 120s (custom)
2019-10-14 19:32:55,615 [pool-433-thread-1] INFO  server.RaftServerConfigKeys (ConfUtils.java:logGet(43)) - raft.server.log.appender.buffer.byte-limit = 33554432 (custom)
2019-10-14 19:32:55,614 [pool-443-thread-1] INFO  server.RaftServerConfigKeys (ConfUtils.java:logGet(43)) - raft.server.log.use.memory = false (default)
2019-10-14 19:32:55,615 [pool-433-thread-1] INFO  server.RaftServerConfigKeys (ConfUtils.java:logGet(43)) - raft.server.log.segment.size.max = 1048576 (custom)
2019-10-14 19:32:55,615 [pool-413-thread-1] INFO  server.RaftServerConfigKeys (ConfUtils.java:logGet(43)) - raft.server.log.use.memory = false (default)
2019-10-14 19:32:55,615 [pool-433-thread-1] INFO  server.RaftServerConfigKeys (ConfUtils.java:logGet(43)) - raft.server.log.segment.cache.num.max = 2 (custom)
2019-10-14 19:32:55,615 [pool-443-thread-1] INFO  server.RaftServerConfigKeys (ConfUtils.java:logGet(43)) - raft.server.log.purge.gap = 1000000 (custom)
2019-10-14 19:32:55,615 [pool-433-thread-1] INFO  segmented.SegmentedRaftLogWorker (SegmentedRaftLogWorker.java:<init>(173)) - new c760ddd1-975e-4e4f-8a7d-7dfc99016f69@group-D1AB2D822573-SegmentedRaftLogWorker for RaftStorage:Storage Directory /workdir/hadoop-ozone/integration-test/target/test-dir/MiniOzoneClusterImpl-108ecea4-3d96-4ce0-92d8-90fb95b9c2b0/datanode-5/data/ratis/62450241-1272-4242-a849-d1ab2d822573
2019-10-14 19:32:55,615 [pool-413-thread-1] INFO  server.RaftServerConfigKeys (ConfUtils.java:logGet(43)) - raft.server.log.purge.gap = 1000000 (custom)
2019-10-14 19:32:55,616 [pool-433-thread-1] INFO  server.RaftServerConfigKeys (ConfUtils.java:logGet(43)) - raft.server.log.queue.byte-limit = 2147483647 (custom)
2019-10-14 19:32:55,615 [pool-443-thread-1] INFO  server.RaftServerConfigKeys (ConfUtils.java:logGet(43)) - raft.server.log.appender.buffer.byte-limit = 33554432 (custom)
2019-10-14 19:32:55,616 [pool-433-thread-1] INFO  server.RaftServerConfigKeys (ConfUtils.java:logGet(43)) - raft.server.log.queue.element-limit = 1024 (custom)
2019-10-14 19:32:55,616 [pool-413-thread-1] INFO  server.RaftServerConfigKeys (ConfUtils.java:logGet(43)) - raft.server.log.appender.buffer.byte-limit = 33554432 (custom)
2019-10-14 19:32:55,616 [pool-433-thread-1] INFO  server.RaftServerConfigKeys (ConfUtils.java:logGet(43)) - raft.server.log.segment.size.max = 1048576 (custom)
2019-10-14 19:32:55,616 [pool-443-thread-1] INFO  server.RaftServerConfigKeys (ConfUtils.java:logGet(43)) - raft.server.log.segment.size.max = 1048576 (custom)
2019-10-14 19:32:55,616 [pool-433-thread-1] INFO  server.RaftServerConfigKeys (ConfUtils.java:logGet(43)) - raft.server.log.preallocated.size = 16384 (custom)
2019-10-14 19:32:55,616 [pool-413-thread-1] INFO  server.RaftServerConfigKeys (ConfUtils.java:logGet(43)) - raft.server.log.segment.size.max = 1048576 (custom)
2019-10-14 19:32:55,617 [pool-433-thread-1] INFO  server.RaftServerConfigKeys (ConfUtils.java:logGet(43)) - raft.server.log.write.buffer.size = 33554432 (custom)
2019-10-14 19:32:55,617 [pool-443-thread-1] INFO  server.RaftServerConfigKeys (ConfUtils.java:logGet(43)) - raft.server.log.segment.cache.num.max = 2 (custom)
2019-10-14 19:32:55,617 [pool-433-thread-1] INFO  server.RaftServerConfigKeys (ConfUtils.java:logGet(43)) - raft.server.log.force.sync.num = 128 (default)
2019-10-14 19:32:55,617 [pool-413-thread-1] INFO  server.RaftServerConfigKeys (ConfUtils.java:logGet(43)) - raft.server.log.segment.cache.num.max = 2 (custom)
2019-10-14 19:32:55,617 [pool-433-thread-1] INFO  server.RaftServerConfigKeys (ConfUtils.java:logGet(43)) - raft.server.log.statemachine.data.sync = true (default)
2019-10-14 19:32:55,617 [pool-443-thread-1] INFO  segmented.SegmentedRaftLogWorker (SegmentedRaftLogWorker.java:<init>(173)) - new a41ac46c-31e5-445f-9985-b8cae54436a0@group-D1AB2D822573-SegmentedRaftLogWorker for RaftStorage:Storage Directory /workdir/hadoop-ozone/integration-test/target/test-dir/MiniOzoneClusterImpl-108ecea4-3d96-4ce0-92d8-90fb95b9c2b0/datanode-6/data/ratis/62450241-1272-4242-a849-d1ab2d822573
2019-10-14 19:32:55,618 [pool-433-thread-1] INFO  server.RaftServerConfigKeys (ConfUtils.java:logGet(43)) - raft.server.log.statemachine.data.sync.timeout = 10s (default)
2019-10-14 19:32:55,617 [pool-413-thread-1] INFO  segmented.SegmentedRaftLogWorker (SegmentedRaftLogWorker.java:<init>(173)) - new 1a51902b-5369-4ef0-9d6f-b4b6ad802bb2@group-D1AB2D822573-SegmentedRaftLogWorker for RaftStorage:Storage Directory /workdir/hadoop-ozone/integration-test/target/test-dir/MiniOzoneClusterImpl-108ecea4-3d96-4ce0-92d8-90fb95b9c2b0/datanode-3/data/ratis/62450241-1272-4242-a849-d1ab2d822573
2019-10-14 19:32:55,618 [pool-433-thread-1] INFO  server.RaftServerConfigKeys (ConfUtils.java:logGet(43)) - raft.server.log.statemachine.data.sync.timeout.retry = -1 (default)
2019-10-14 19:32:55,618 [pool-443-thread-1] INFO  server.RaftServerConfigKeys (ConfUtils.java:logGet(43)) - raft.server.log.queue.byte-limit = 2147483647 (custom)
2019-10-14 19:32:55,618 [pool-433-thread-1] INFO  server.RaftServerConfigKeys (ConfUtils.java:logGet(43)) - raft.server.log.statemachine.data.caching.enabled = true (custom)
2019-10-14 19:32:55,618 [pool-413-thread-1] INFO  server.RaftServerConfigKeys (ConfUtils.java:logGet(43)) - raft.server.log.queue.byte-limit = 2147483647 (custom)
2019-10-14 19:32:55,618 [pool-443-thread-1] INFO  server.RaftServerConfigKeys (ConfUtils.java:logGet(43)) - raft.server.log.queue.element-limit = 1024 (custom)
2019-10-14 19:32:55,618 [pool-433-thread-1] INFO  segmented.SegmentedRaftLogWorker (SegmentedRaftLogWorker.java:lambda$new$0(128)) - c760ddd1-975e-4e4f-8a7d-7dfc99016f69@group-D1AB2D822573-SegmentedRaftLogWorker: flushIndex: setUnconditionally 0 -> -1
2019-10-14 19:32:55,618 [pool-413-thread-1] INFO  server.RaftServerConfigKeys (ConfUtils.java:logGet(43)) - raft.server.log.queue.element-limit = 1024 (custom)
2019-10-14 19:32:55,619 [pool-443-thread-1] INFO  server.RaftServerConfigKeys (ConfUtils.java:logGet(43)) - raft.server.log.segment.size.max = 1048576 (custom)
2019-10-14 19:32:55,619 [pool-413-thread-1] INFO  server.RaftServerConfigKeys (ConfUtils.java:logGet(43)) - raft.server.log.segment.size.max = 1048576 (custom)
2019-10-14 19:32:55,619 [pool-433-thread-1] INFO  server.RaftServerConfigKeys (ConfUtils.java:logGet(43)) - raft.server.snapshot.auto.trigger.enabled = true (custom)
2019-10-14 19:32:55,619 [pool-413-thread-1] INFO  server.RaftServerConfigKeys (ConfUtils.java:logGet(43)) - raft.server.log.preallocated.size = 16384 (custom)
2019-10-14 19:32:55,619 [pool-443-thread-1] INFO  server.RaftServerConfigKeys (ConfUtils.java:logGet(43)) - raft.server.log.preallocated.size = 16384 (custom)
2019-10-14 19:32:55,619 [pool-413-thread-1] INFO  server.RaftServerConfigKeys (ConfUtils.java:logGet(43)) - raft.server.log.write.buffer.size = 33554432 (custom)
2019-10-14 19:32:55,619 [pool-433-thread-1] INFO  server.RaftServerConfigKeys (ConfUtils.java:logGet(43)) - raft.server.snapshot.auto.trigger.threshold = 10000 (custom)
2019-10-14 19:32:55,620 [pool-413-thread-1] INFO  server.RaftServerConfigKeys (ConfUtils.java:logGet(43)) - raft.server.log.force.sync.num = 128 (default)
2019-10-14 19:32:55,619 [pool-443-thread-1] INFO  server.RaftServerConfigKeys (ConfUtils.java:logGet(43)) - raft.server.log.write.buffer.size = 33554432 (custom)
2019-10-14 19:32:55,620 [pool-413-thread-1] INFO  server.RaftServerConfigKeys (ConfUtils.java:logGet(43)) - raft.server.log.statemachine.data.sync = true (default)
2019-10-14 19:32:55,620 [pool-433-thread-1] INFO  server.RaftServerConfigKeys (ConfUtils.java:logGet(43)) - raft.server.snapshot.retention.file.num = 5 (custom)
2019-10-14 19:32:55,620 [pool-413-thread-1] INFO  server.RaftServerConfigKeys (ConfUtils.java:logGet(43)) - raft.server.log.statemachine.data.sync.timeout = 10s (default)
2019-10-14 19:32:55,620 [pool-443-thread-1] INFO  server.RaftServerConfigKeys (ConfUtils.java:logGet(43)) - raft.server.log.force.sync.num = 128 (default)
2019-10-14 19:32:55,620 [pool-413-thread-1] INFO  server.RaftServerConfigKeys (ConfUtils.java:logGet(43)) - raft.server.log.statemachine.data.sync.timeout.retry = -1 (default)
2019-10-14 19:32:55,620 [pool-433-thread-1] INFO  server.RaftServerConfigKeys (ConfUtils.java:logGet(43)) - raft.server.retrycache.expirytime = 600000ms (custom)
2019-10-14 19:32:55,621 [pool-413-thread-1] INFO  server.RaftServerConfigKeys (ConfUtils.java:logGet(43)) - raft.server.log.statemachine.data.caching.enabled = true (custom)
2019-10-14 19:32:55,620 [pool-443-thread-1] INFO  server.RaftServerConfigKeys (ConfUtils.java:logGet(43)) - raft.server.log.statemachine.data.sync = true (default)
2019-10-14 19:32:55,621 [pool-443-thread-1] INFO  server.RaftServerConfigKeys (ConfUtils.java:logGet(43)) - raft.server.log.statemachine.data.sync.timeout = 10s (default)
2019-10-14 19:32:55,621 [pool-413-thread-1] INFO  segmented.SegmentedRaftLogWorker (SegmentedRaftLogWorker.java:lambda$new$0(128)) - 1a51902b-5369-4ef0-9d6f-b4b6ad802bb2@group-D1AB2D822573-SegmentedRaftLogWorker: flushIndex: setUnconditionally 0 -> -1
2019-10-14 19:32:55,621 [pool-443-thread-1] INFO  server.RaftServerConfigKeys (ConfUtils.java:logGet(43)) - raft.server.log.statemachine.data.sync.timeout.retry = -1 (default)
2019-10-14 19:32:55,621 [pool-443-thread-1] INFO  server.RaftServerConfigKeys (ConfUtils.java:logGet(43)) - raft.server.log.statemachine.data.caching.enabled = true (custom)
2019-10-14 19:32:55,621 [pool-413-thread-1] INFO  server.RaftServerConfigKeys (ConfUtils.java:logGet(43)) - raft.server.snapshot.auto.trigger.enabled = true (custom)
2019-10-14 19:32:55,622 [pool-443-thread-1] INFO  segmented.SegmentedRaftLogWorker (SegmentedRaftLogWorker.java:lambda$new$0(128)) - a41ac46c-31e5-445f-9985-b8cae54436a0@group-D1AB2D822573-SegmentedRaftLogWorker: flushIndex: setUnconditionally 0 -> -1
2019-10-14 19:32:55,622 [pool-413-thread-1] INFO  server.RaftServerConfigKeys (ConfUtils.java:logGet(43)) - raft.server.snapshot.auto.trigger.threshold = 10000 (custom)
2019-10-14 19:32:55,622 [pool-443-thread-1] INFO  server.RaftServerConfigKeys (ConfUtils.java:logGet(43)) - raft.server.snapshot.auto.trigger.enabled = true (custom)
2019-10-14 19:32:55,622 [pool-413-thread-1] INFO  server.RaftServerConfigKeys (ConfUtils.java:logGet(43)) - raft.server.snapshot.retention.file.num = 5 (custom)
2019-10-14 19:32:55,622 [pool-443-thread-1] INFO  server.RaftServerConfigKeys (ConfUtils.java:logGet(43)) - raft.server.snapshot.auto.trigger.threshold = 10000 (custom)
2019-10-14 19:32:55,622 [pool-413-thread-1] INFO  server.RaftServerConfigKeys (ConfUtils.java:logGet(43)) - raft.server.retrycache.expirytime = 600000ms (custom)
2019-10-14 19:32:55,622 [pool-443-thread-1] INFO  server.RaftServerConfigKeys (ConfUtils.java:logGet(43)) - raft.server.snapshot.retention.file.num = 5 (custom)
2019-10-14 19:32:55,622 [pool-443-thread-1] INFO  server.RaftServerConfigKeys (ConfUtils.java:logGet(43)) - raft.server.retrycache.expirytime = 600000ms (custom)
2019-10-14 19:32:55,623 [pool-433-thread-1] INFO  impl.RaftServerImpl (RaftServerImpl.java:start(181)) - c760ddd1-975e-4e4f-8a7d-7dfc99016f69@group-D1AB2D822573: start as a follower, conf=-1: [c760ddd1-975e-4e4f-8a7d-7dfc99016f69:192.168.164.219:45173, a41ac46c-31e5-445f-9985-b8cae54436a0:192.168.164.219:37536, 1a51902b-5369-4ef0-9d6f-b4b6ad802bb2:192.168.164.219:39283], old=null
2019-10-14 19:32:55,623 [pool-433-thread-1] INFO  impl.RaftServerImpl (RaftServerImpl.java:setRole(170)) - c760ddd1-975e-4e4f-8a7d-7dfc99016f69@group-D1AB2D822573: changes role from      null to FOLLOWER at term 0 for startAsFollower
2019-10-14 19:32:55,623 [pool-433-thread-1] INFO  impl.RoleInfo (RoleInfo.java:updateAndGet(143)) - c760ddd1-975e-4e4f-8a7d-7dfc99016f69: start FollowerState
2019-10-14 19:32:55,623 [pool-433-thread-1] INFO  util.JmxRegister (JmxRegister.java:tryRegister(44)) - Successfully registered JMX Bean with object name Ratis:service=RaftServer,group=group-D1AB2D822573,id=c760ddd1-975e-4e4f-8a7d-7dfc99016f69
2019-10-14 19:32:55,625 [pool-443-thread-1] INFO  impl.RaftServerImpl (RaftServerImpl.java:start(181)) - a41ac46c-31e5-445f-9985-b8cae54436a0@group-D1AB2D822573: start as a follower, conf=-1: [c760ddd1-975e-4e4f-8a7d-7dfc99016f69:192.168.164.219:45173, a41ac46c-31e5-445f-9985-b8cae54436a0:192.168.164.219:37536, 1a51902b-5369-4ef0-9d6f-b4b6ad802bb2:192.168.164.219:39283], old=null
2019-10-14 19:32:55,625 [pool-413-thread-1] INFO  impl.RaftServerImpl (RaftServerImpl.java:start(181)) - 1a51902b-5369-4ef0-9d6f-b4b6ad802bb2@group-D1AB2D822573: start as a follower, conf=-1: [c760ddd1-975e-4e4f-8a7d-7dfc99016f69:192.168.164.219:45173, a41ac46c-31e5-445f-9985-b8cae54436a0:192.168.164.219:37536, 1a51902b-5369-4ef0-9d6f-b4b6ad802bb2:192.168.164.219:39283], old=null
2019-10-14 19:32:55,625 [pool-443-thread-1] INFO  impl.RaftServerImpl (RaftServerImpl.java:setRole(170)) - a41ac46c-31e5-445f-9985-b8cae54436a0@group-D1AB2D822573: changes role from      null to FOLLOWER at term 0 for startAsFollower
2019-10-14 19:32:55,625 [pool-413-thread-1] INFO  impl.RaftServerImpl (RaftServerImpl.java:setRole(170)) - 1a51902b-5369-4ef0-9d6f-b4b6ad802bb2@group-D1AB2D822573: changes role from      null to FOLLOWER at term 0 for startAsFollower
2019-10-14 19:32:55,625 [pool-443-thread-1] INFO  impl.RoleInfo (RoleInfo.java:updateAndGet(143)) - a41ac46c-31e5-445f-9985-b8cae54436a0: start FollowerState
2019-10-14 19:32:55,625 [pool-413-thread-1] INFO  impl.RoleInfo (RoleInfo.java:updateAndGet(143)) - 1a51902b-5369-4ef0-9d6f-b4b6ad802bb2: start FollowerState
2019-10-14 19:32:55,626 [pool-443-thread-1] INFO  util.JmxRegister (JmxRegister.java:tryRegister(44)) - Successfully registered JMX Bean with object name Ratis:service=RaftServer,group=group-D1AB2D822573,id=a41ac46c-31e5-445f-9985-b8cae54436a0
2019-10-14 19:32:55,626 [pool-413-thread-1] INFO  util.JmxRegister (JmxRegister.java:tryRegister(44)) - Successfully registered JMX Bean with object name Ratis:service=RaftServer,group=group-D1AB2D822573,id=1a51902b-5369-4ef0-9d6f-b4b6ad802bb2
2019-10-14 19:32:55,630 [RatisPipelineUtilsThread] INFO  pipeline.PipelineStateManager (PipelineStateManager.java:addPipeline(57)) - Created pipeline Pipeline[ Id: 62450241-1272-4242-a849-d1ab2d822573, Nodes: a41ac46c-31e5-445f-9985-b8cae54436a0{ip: 192.168.164.219, host: pr-hdds-1868-cfdmt-251076870, networkLocation: /default-rack, certSerialId: null}1a51902b-5369-4ef0-9d6f-b4b6ad802bb2{ip: 192.168.164.219, host: pr-hdds-1868-cfdmt-251076870, networkLocation: /default-rack, certSerialId: null}c760ddd1-975e-4e4f-8a7d-7dfc99016f69{ip: 192.168.164.219, host: pr-hdds-1868-cfdmt-251076870, networkLocation: /default-rack, certSerialId: null}, Type:RATIS, Factor:THREE, State:ALLOCATED]
2019-10-14 19:32:55,631 [main] INFO  ozone.MiniOzoneClusterImpl (MiniOzoneClusterImpl.java:lambda$waitForClusterToBeReady$2(164)) - Waiting for 9 number of pipelines out of 9, to report a leader.
2019-10-14 19:32:56,442 [grpc-default-executor-2] WARN  server.GrpcLogAppender (LogUtils.java:warn(134)) - 09a9200a-ead6-4084-a723-89436f5cacce@group-4BDB53EFA369->60a49fad-6bbc-4e1d-b332-64cc210e3f49-AppendLogResponseHandler: Failed appendEntries: org.apache.ratis.thirdparty.io.grpc.StatusRuntimeException: UNAVAILABLE: io exception
2019-10-14 19:32:56,442 [grpc-default-executor-6] WARN  server.GrpcLogAppender (LogUtils.java:warn(134)) - 09a9200a-ead6-4084-a723-89436f5cacce@group-4BDB53EFA369->670e30cf-8b9d-44a8-8fa0-e58ec8ba4c01-AppendLogResponseHandler: Failed appendEntries: org.apache.ratis.thirdparty.io.grpc.StatusRuntimeException: UNAVAILABLE: io exception
2019-10-14 19:32:56,442 [grpc-default-executor-2] INFO  impl.FollowerInfo (FollowerInfo.java:lambda$new$0(51)) - 09a9200a-ead6-4084-a723-89436f5cacce@group-4BDB53EFA369->60a49fad-6bbc-4e1d-b332-64cc210e3f49: nextIndex: updateUnconditionally 0 -> 0
2019-10-14 19:32:56,442 [grpc-default-executor-6] INFO  impl.FollowerInfo (FollowerInfo.java:lambda$new$0(51)) - 09a9200a-ead6-4084-a723-89436f5cacce@group-4BDB53EFA369->670e30cf-8b9d-44a8-8fa0-e58ec8ba4c01: nextIndex: updateUnconditionally 0 -> 0
2019-10-14 19:32:56,631 [main] INFO  ozone.MiniOzoneClusterImpl (MiniOzoneClusterImpl.java:lambda$waitForClusterToBeReady$2(164)) - Waiting for 9 number of pipelines out of 9, to report a leader.
2019-10-14 19:32:57,643 [main] INFO  ozone.MiniOzoneClusterImpl (MiniOzoneClusterImpl.java:lambda$waitForClusterToBeReady$2(164)) - Waiting for 9 number of pipelines out of 9, to report a leader.
2019-10-14 19:32:57,885 [Thread-2445] INFO  container.ReplicationManager (ReplicationManager.java:start(162)) - Starting Replication Monitor Thread.
2019-10-14 19:32:57,886 [Thread-2445] INFO  pipeline.SCMPipelineManager (SCMPipelineManager.java:finalizeAndDestroyPipeline(315)) - destroying pipeline:Pipeline[ Id: 65f63712-8cfe-46fa-93be-18dd3aef1c0f, Nodes: f1107e1f-4289-4159-9ce3-19e384e76673{ip: 192.168.164.219, host: pr-hdds-1868-cfdmt-251076870, networkLocation: /default-rack, certSerialId: null}, Type:RATIS, Factor:ONE, State:ALLOCATED]
2019-10-14 19:32:57,893 [ReplicationMonitor] INFO  container.ReplicationManager (ReplicationManager.java:run(225)) - Replication Monitor Thread took 0 milliseconds for processing 0 containers.
2019-10-14 19:32:57,893 [Thread-2445] INFO  pipeline.PipelineStateManager (PipelineStateManager.java:finalizePipeline(123)) - Pipeline Pipeline[ Id: 65f63712-8cfe-46fa-93be-18dd3aef1c0f, Nodes: f1107e1f-4289-4159-9ce3-19e384e76673{ip: 192.168.164.219, host: pr-hdds-1868-cfdmt-251076870, networkLocation: /default-rack, certSerialId: null}, Type:RATIS, Factor:ONE, State:CLOSED] moved to CLOSED state
2019-10-14 19:32:57,908 [grpc-default-executor-6] INFO  impl.RaftServerProxy (RaftServerProxy.java:remove(95)) - f1107e1f-4289-4159-9ce3-19e384e76673: remove  FOLLOWER f1107e1f-4289-4159-9ce3-19e384e76673@group-18DD3AEF1C0F:t0, leader=null, voted=null, raftlog=f1107e1f-4289-4159-9ce3-19e384e76673@group-18DD3AEF1C0F-SegmentedRaftLog:OPENED:c-1,f-1,i0, conf=-1: [f1107e1f-4289-4159-9ce3-19e384e76673:192.168.164.219:38259], old=null RUNNING
2019-10-14 19:32:57,909 [grpc-default-executor-6] INFO  impl.RaftServerImpl (RaftServerImpl.java:lambda$shutdown$3(247)) - f1107e1f-4289-4159-9ce3-19e384e76673@group-18DD3AEF1C0F: shutdown
2019-10-14 19:32:57,909 [grpc-default-executor-6] INFO  util.JmxRegister (JmxRegister.java:unregister(73)) - Successfully un-registered JMX Bean with object name Ratis:service=RaftServer,group=group-18DD3AEF1C0F,id=f1107e1f-4289-4159-9ce3-19e384e76673
2019-10-14 19:32:57,909 [grpc-default-executor-6] INFO  impl.RoleInfo (RoleInfo.java:shutdownFollowerState(121)) - f1107e1f-4289-4159-9ce3-19e384e76673: shutdown FollowerState
2019-10-14 19:32:57,909 [grpc-default-executor-6] INFO  impl.StateMachineUpdater (StateMachineUpdater.java:stopAndJoin(136)) - f1107e1f-4289-4159-9ce3-19e384e76673@group-18DD3AEF1C0F-StateMachineUpdater: set stopIndex = -1
2019-10-14 19:32:57,910 [Thread-2453] INFO  impl.FollowerState (FollowerState.java:run(117)) - f1107e1f-4289-4159-9ce3-19e384e76673@group-18DD3AEF1C0F-FollowerState was interrupted: java.lang.InterruptedException: sleep interrupted
2019-10-14 19:32:57,910 [grpc-default-executor-6] INFO  impl.RaftServerImpl (ServerState.java:close(387)) - f1107e1f-4289-4159-9ce3-19e384e76673@group-18DD3AEF1C0F: closes. applyIndex: -1
2019-10-14 19:32:57,914 [f1107e1f-4289-4159-9ce3-19e384e76673@group-18DD3AEF1C0F-SegmentedRaftLogWorker] INFO  segmented.SegmentedRaftLogWorker (SegmentedRaftLogWorker.java:run(316)) - f1107e1f-4289-4159-9ce3-19e384e76673@group-18DD3AEF1C0F-SegmentedRaftLogWorker was interrupted, exiting. There are 0 tasks remaining in the queue.
2019-10-14 19:32:57,914 [grpc-default-executor-6] INFO  segmented.SegmentedRaftLogWorker (SegmentedRaftLogWorker.java:close(224)) - f1107e1f-4289-4159-9ce3-19e384e76673@group-18DD3AEF1C0F-SegmentedRaftLogWorker close()
2019-10-14 19:32:57,924 [Thread-2445] INFO  pipeline.PipelineStateManager (PipelineStateManager.java:removePipeline(108)) - Pipeline Pipeline[ Id: 65f63712-8cfe-46fa-93be-18dd3aef1c0f, Nodes: f1107e1f-4289-4159-9ce3-19e384e76673{ip: 192.168.164.219, host: pr-hdds-1868-cfdmt-251076870, networkLocation: /default-rack, certSerialId: null}, Type:RATIS, Factor:ONE, State:CLOSED] removed from db
2019-10-14 19:32:57,928 [Thread-2445] INFO  pipeline.SCMPipelineManager (SCMPipelineManager.java:finalizeAndDestroyPipeline(315)) - destroying pipeline:Pipeline[ Id: 046b28bb-0021-456a-b735-63a7842113fd, Nodes: 0d7982bd-7b1e-4262-b91e-0a390432292e{ip: 192.168.164.219, host: pr-hdds-1868-cfdmt-251076870, networkLocation: /default-rack, certSerialId: null}64281e43-5db8-458f-889d-e68788332a0e{ip: 192.168.164.219, host: pr-hdds-1868-cfdmt-251076870, networkLocation: /default-rack, certSerialId: null}f1107e1f-4289-4159-9ce3-19e384e76673{ip: 192.168.164.219, host: pr-hdds-1868-cfdmt-251076870, networkLocation: /default-rack, certSerialId: null}, Type:RATIS, Factor:THREE, State:ALLOCATED]
2019-10-14 19:32:57,932 [grpc-default-executor-6] INFO  impl.RaftServerProxy (RaftServerProxy.java:addNew(89)) - f1107e1f-4289-4159-9ce3-19e384e76673: addNew group-F4276A27B49E:[f1107e1f-4289-4159-9ce3-19e384e76673:192.168.164.219:38259] returns group-F4276A27B49E:java.util.concurrent.CompletableFuture@3fd904ba[Not completed]
2019-10-14 19:32:57,934 [pool-403-thread-1] INFO  impl.RaftServerImpl (RaftServerImpl.java:<init>(95)) - f1107e1f-4289-4159-9ce3-19e384e76673: new RaftServerImpl for group-F4276A27B49E:[f1107e1f-4289-4159-9ce3-19e384e76673:192.168.164.219:38259] with ContainerStateMachine:uninitialized
2019-10-14 19:32:57,934 [pool-403-thread-1] INFO  server.RaftServerConfigKeys (ConfUtils.java:logGet(43)) - raft.server.rpc.timeout.min = 5s (custom)
2019-10-14 19:32:57,934 [pool-403-thread-1] INFO  server.RaftServerConfigKeys (ConfUtils.java:logGet(43)) - raft.server.rpc.timeout.max = 5200ms (custom)
2019-10-14 19:32:57,934 [pool-403-thread-1] INFO  server.RaftServerConfigKeys (ConfUtils.java:logGet(43)) - raft.server.rpcslowness.timeout = 120s (custom)
2019-10-14 19:32:57,935 [pool-403-thread-1] INFO  server.RaftServerConfigKeys (ConfUtils.java:logGet(43)) - raft.server.sleep.deviation.threshold = 300 (default)
2019-10-14 19:32:57,935 [pool-403-thread-1] INFO  server.RaftServerConfigKeys (ConfUtils.java:logGet(43)) - raft.server.log.appender.install.snapshot.enabled = false (custom)
2019-10-14 19:32:57,935 [pool-403-thread-1] INFO  impl.RaftServerImpl (ServerState.java:<init>(103)) - f1107e1f-4289-4159-9ce3-19e384e76673@group-F4276A27B49E: ConfigurationManager, init=-1: [f1107e1f-4289-4159-9ce3-19e384e76673:192.168.164.219:38259], old=null, confs=<EMPTY_MAP>
2019-10-14 19:32:57,935 [pool-403-thread-1] INFO  server.RaftServerConfigKeys (ConfUtils.java:logGet(43)) - raft.server.storage.dir = [/workdir/hadoop-ozone/integration-test/target/test-dir/MiniOzoneClusterImpl-108ecea4-3d96-4ce0-92d8-90fb95b9c2b0/datanode-2/data/ratis] (custom)
2019-10-14 19:32:57,936 [pool-403-thread-1] INFO  server.RaftServerConfigKeys (ConfUtils.java:logGet(43)) - raft.server.log.corruption.policy = EXCEPTION (default)
2019-10-14 19:32:57,936 [pool-403-thread-1] INFO  storage.RaftStorageDirectory (RaftStorageDirectory.java:analyzeStorage(246)) - The storage directory /workdir/hadoop-ozone/integration-test/target/test-dir/MiniOzoneClusterImpl-108ecea4-3d96-4ce0-92d8-90fb95b9c2b0/datanode-2/data/ratis/4a9c7ac1-d007-421c-861c-f4276a27b49e does not exist. Creating ...
2019-10-14 19:32:57,964 [pool-403-thread-1] INFO  storage.RaftStorageDirectory (RaftStorageDirectory.java:tryLock(328)) - Lock on /workdir/hadoop-ozone/integration-test/target/test-dir/MiniOzoneClusterImpl-108ecea4-3d96-4ce0-92d8-90fb95b9c2b0/datanode-2/data/ratis/4a9c7ac1-d007-421c-861c-f4276a27b49e/in_use.lock acquired by nodename 20360@pr-hdds-1868-cfdmt-251076870
2019-10-14 19:32:57,989 [pool-403-thread-1] INFO  storage.RaftStorage (RaftStorage.java:format(84)) - Storage directory /workdir/hadoop-ozone/integration-test/target/test-dir/MiniOzoneClusterImpl-108ecea4-3d96-4ce0-92d8-90fb95b9c2b0/datanode-2/data/ratis/4a9c7ac1-d007-421c-861c-f4276a27b49e has been successfully formatted.
2019-10-14 19:32:57,990 [pool-403-thread-1] INFO  ratis.ContainerStateMachine (ContainerStateMachine.java:loadSnapshot(233)) - group-F4276A27B49E: The snapshot info is null. Setting the last applied indexto:(t:0, i:~)
2019-10-14 19:32:57,990 [pool-403-thread-1] INFO  server.RaftServerConfigKeys (ConfUtils.java:logGet(43)) - raft.server.notification.no-leader.timeout = 120s (custom)
2019-10-14 19:32:57,990 [pool-403-thread-1] INFO  server.RaftServerConfigKeys (ConfUtils.java:logGet(43)) - raft.server.log.use.memory = false (default)
2019-10-14 19:32:57,990 [pool-403-thread-1] INFO  server.RaftServerConfigKeys (ConfUtils.java:logGet(43)) - raft.server.log.purge.gap = 1000000 (custom)
2019-10-14 19:32:57,991 [pool-403-thread-1] INFO  server.RaftServerConfigKeys (ConfUtils.java:logGet(43)) - raft.server.log.appender.buffer.byte-limit = 33554432 (custom)
2019-10-14 19:32:57,991 [pool-403-thread-1] INFO  server.RaftServerConfigKeys (ConfUtils.java:logGet(43)) - raft.server.log.segment.size.max = 1048576 (custom)
2019-10-14 19:32:57,991 [pool-403-thread-1] INFO  server.RaftServerConfigKeys (ConfUtils.java:logGet(43)) - raft.server.log.segment.cache.num.max = 2 (custom)
2019-10-14 19:32:57,991 [pool-403-thread-1] INFO  segmented.SegmentedRaftLogWorker (SegmentedRaftLogWorker.java:<init>(173)) - new f1107e1f-4289-4159-9ce3-19e384e76673@group-F4276A27B49E-SegmentedRaftLogWorker for RaftStorage:Storage Directory /workdir/hadoop-ozone/integration-test/target/test-dir/MiniOzoneClusterImpl-108ecea4-3d96-4ce0-92d8-90fb95b9c2b0/datanode-2/data/ratis/4a9c7ac1-d007-421c-861c-f4276a27b49e
2019-10-14 19:32:57,991 [pool-403-thread-1] INFO  server.RaftServerConfigKeys (ConfUtils.java:logGet(43)) - raft.server.log.queue.byte-limit = 2147483647 (custom)
2019-10-14 19:32:57,991 [pool-403-thread-1] INFO  server.RaftServerConfigKeys (ConfUtils.java:logGet(43)) - raft.server.log.queue.element-limit = 1024 (custom)
2019-10-14 19:32:57,991 [pool-403-thread-1] INFO  server.RaftServerConfigKeys (ConfUtils.java:logGet(43)) - raft.server.log.segment.size.max = 1048576 (custom)
2019-10-14 19:32:57,992 [pool-403-thread-1] INFO  server.RaftServerConfigKeys (ConfUtils.java:logGet(43)) - raft.server.log.preallocated.size = 16384 (custom)
2019-10-14 19:32:57,992 [pool-403-thread-1] INFO  server.RaftServerConfigKeys (ConfUtils.java:logGet(43)) - raft.server.log.write.buffer.size = 33554432 (custom)
2019-10-14 19:32:57,992 [pool-403-thread-1] INFO  server.RaftServerConfigKeys (ConfUtils.java:logGet(43)) - raft.server.log.force.sync.num = 128 (default)
2019-10-14 19:32:57,992 [pool-403-thread-1] INFO  server.RaftServerConfigKeys (ConfUtils.java:logGet(43)) - raft.server.log.statemachine.data.sync = true (default)
2019-10-14 19:32:57,992 [pool-403-thread-1] INFO  server.RaftServerConfigKeys (ConfUtils.java:logGet(43)) - raft.server.log.statemachine.data.sync.timeout = 10s (default)
2019-10-14 19:32:57,992 [pool-403-thread-1] INFO  server.RaftServerConfigKeys (ConfUtils.java:logGet(43)) - raft.server.log.statemachine.data.sync.timeout.retry = -1 (default)
2019-10-14 19:32:57,992 [pool-403-thread-1] INFO  server.RaftServerConfigKeys (ConfUtils.java:logGet(43)) - raft.server.log.statemachine.data.caching.enabled = true (custom)
2019-10-14 19:32:57,993 [pool-403-thread-1] INFO  segmented.SegmentedRaftLogWorker (SegmentedRaftLogWorker.java:lambda$new$0(128)) - f1107e1f-4289-4159-9ce3-19e384e76673@group-F4276A27B49E-SegmentedRaftLogWorker: flushIndex: setUnconditionally 0 -> -1
2019-10-14 19:32:57,993 [pool-403-thread-1] INFO  server.RaftServerConfigKeys (ConfUtils.java:logGet(43)) - raft.server.snapshot.auto.trigger.enabled = true (custom)
2019-10-14 19:32:57,993 [pool-403-thread-1] INFO  server.RaftServerConfigKeys (ConfUtils.java:logGet(43)) - raft.server.snapshot.auto.trigger.threshold = 10000 (custom)
2019-10-14 19:32:57,993 [pool-403-thread-1] INFO  server.RaftServerConfigKeys (ConfUtils.java:logGet(43)) - raft.server.snapshot.retention.file.num = 5 (custom)
2019-10-14 19:32:57,993 [pool-403-thread-1] INFO  server.RaftServerConfigKeys (ConfUtils.java:logGet(43)) - raft.server.retrycache.expirytime = 600000ms (custom)
2019-10-14 19:32:57,995 [pool-403-thread-1] INFO  impl.RaftServerImpl (RaftServerImpl.java:start(181)) - f1107e1f-4289-4159-9ce3-19e384e76673@group-F4276A27B49E: start as a follower, conf=-1: [f1107e1f-4289-4159-9ce3-19e384e76673:192.168.164.219:38259], old=null
2019-10-14 19:32:57,995 [pool-403-thread-1] INFO  impl.RaftServerImpl (RaftServerImpl.java:setRole(170)) - f1107e1f-4289-4159-9ce3-19e384e76673@group-F4276A27B49E: changes role from      null to FOLLOWER at term 0 for startAsFollower
2019-10-14 19:32:57,995 [pool-403-thread-1] INFO  impl.RoleInfo (RoleInfo.java:updateAndGet(143)) - f1107e1f-4289-4159-9ce3-19e384e76673: start FollowerState
2019-10-14 19:32:57,996 [pool-403-thread-1] INFO  util.JmxRegister (JmxRegister.java:tryRegister(44)) - Successfully registered JMX Bean with object name Ratis:service=RaftServer,group=group-F4276A27B49E,id=f1107e1f-4289-4159-9ce3-19e384e76673
2019-10-14 19:32:57,999 [RatisPipelineUtilsThread] INFO  pipeline.PipelineStateManager (PipelineStateManager.java:addPipeline(57)) - Created pipeline Pipeline[ Id: 4a9c7ac1-d007-421c-861c-f4276a27b49e, Nodes: f1107e1f-4289-4159-9ce3-19e384e76673{ip: 192.168.164.219, host: pr-hdds-1868-cfdmt-251076870, networkLocation: /default-rack, certSerialId: null}, Type:RATIS, Factor:ONE, State:ALLOCATED]
2019-10-14 19:32:58,000 [Thread-2445] INFO  pipeline.PipelineStateManager (PipelineStateManager.java:finalizePipeline(123)) - Pipeline Pipeline[ Id: 046b28bb-0021-456a-b735-63a7842113fd, Nodes: 0d7982bd-7b1e-4262-b91e-0a390432292e{ip: 192.168.164.219, host: pr-hdds-1868-cfdmt-251076870, networkLocation: /default-rack, certSerialId: null}64281e43-5db8-458f-889d-e68788332a0e{ip: 192.168.164.219, host: pr-hdds-1868-cfdmt-251076870, networkLocation: /default-rack, certSerialId: null}f1107e1f-4289-4159-9ce3-19e384e76673{ip: 192.168.164.219, host: pr-hdds-1868-cfdmt-251076870, networkLocation: /default-rack, certSerialId: null}, Type:RATIS, Factor:THREE, State:CLOSED] moved to CLOSED state
2019-10-14 19:32:58,009 [grpc-default-executor-2] INFO  impl.RaftServerProxy (RaftServerProxy.java:remove(95)) - 0d7982bd-7b1e-4262-b91e-0a390432292e: remove  FOLLOWER 0d7982bd-7b1e-4262-b91e-0a390432292e@group-63A7842113FD:t0, leader=null, voted=null, raftlog=0d7982bd-7b1e-4262-b91e-0a390432292e@group-63A7842113FD-SegmentedRaftLog:OPENED:c-1,f-1,i0, conf=-1: [64281e43-5db8-458f-889d-e68788332a0e:192.168.164.219:34783, f1107e1f-4289-4159-9ce3-19e384e76673:192.168.164.219:38259, 0d7982bd-7b1e-4262-b91e-0a390432292e:192.168.164.219:45602], old=null RUNNING
2019-10-14 19:32:58,009 [grpc-default-executor-2] INFO  impl.RaftServerImpl (RaftServerImpl.java:lambda$shutdown$3(247)) - 0d7982bd-7b1e-4262-b91e-0a390432292e@group-63A7842113FD: shutdown
2019-10-14 19:32:58,009 [grpc-default-executor-2] INFO  util.JmxRegister (JmxRegister.java:unregister(73)) - Successfully un-registered JMX Bean with object name Ratis:service=RaftServer,group=group-63A7842113FD,id=0d7982bd-7b1e-4262-b91e-0a390432292e
2019-10-14 19:32:58,009 [grpc-default-executor-2] INFO  impl.RoleInfo (RoleInfo.java:shutdownFollowerState(121)) - 0d7982bd-7b1e-4262-b91e-0a390432292e: shutdown FollowerState
2019-10-14 19:32:58,009 [grpc-default-executor-2] INFO  impl.StateMachineUpdater (StateMachineUpdater.java:stopAndJoin(136)) - 0d7982bd-7b1e-4262-b91e-0a390432292e@group-63A7842113FD-StateMachineUpdater: set stopIndex = -1
2019-10-14 19:32:58,009 [Thread-2459] INFO  impl.FollowerState (FollowerState.java:run(117)) - 0d7982bd-7b1e-4262-b91e-0a390432292e@group-63A7842113FD-FollowerState was interrupted: java.lang.InterruptedException: sleep interrupted
2019-10-14 19:32:58,010 [grpc-default-executor-2] INFO  impl.RaftServerImpl (ServerState.java:close(387)) - 0d7982bd-7b1e-4262-b91e-0a390432292e@group-63A7842113FD: closes. applyIndex: -1
2019-10-14 19:32:58,014 [0d7982bd-7b1e-4262-b91e-0a390432292e@group-63A7842113FD-SegmentedRaftLogWorker] INFO  segmented.SegmentedRaftLogWorker (SegmentedRaftLogWorker.java:run(316)) - 0d7982bd-7b1e-4262-b91e-0a390432292e@group-63A7842113FD-SegmentedRaftLogWorker was interrupted, exiting. There are 0 tasks remaining in the queue.
2019-10-14 19:32:58,014 [grpc-default-executor-2] INFO  segmented.SegmentedRaftLogWorker (SegmentedRaftLogWorker.java:close(224)) - 0d7982bd-7b1e-4262-b91e-0a390432292e@group-63A7842113FD-SegmentedRaftLogWorker close()
2019-10-14 19:32:58,027 [grpc-default-executor-2] INFO  impl.RaftServerProxy (RaftServerProxy.java:remove(95)) - 64281e43-5db8-458f-889d-e68788332a0e: remove  FOLLOWER 64281e43-5db8-458f-889d-e68788332a0e@group-63A7842113FD:t0, leader=null, voted=null, raftlog=64281e43-5db8-458f-889d-e68788332a0e@group-63A7842113FD-SegmentedRaftLog:OPENED:c-1,f-1,i0, conf=-1: [64281e43-5db8-458f-889d-e68788332a0e:192.168.164.219:34783, f1107e1f-4289-4159-9ce3-19e384e76673:192.168.164.219:38259, 0d7982bd-7b1e-4262-b91e-0a390432292e:192.168.164.219:45602], old=null RUNNING
2019-10-14 19:32:58,027 [grpc-default-executor-2] INFO  impl.RaftServerImpl (RaftServerImpl.java:lambda$shutdown$3(247)) - 64281e43-5db8-458f-889d-e68788332a0e@group-63A7842113FD: shutdown
2019-10-14 19:32:58,027 [grpc-default-executor-2] INFO  util.JmxRegister (JmxRegister.java:unregister(73)) - Successfully un-registered JMX Bean with object name Ratis:service=RaftServer,group=group-63A7842113FD,id=64281e43-5db8-458f-889d-e68788332a0e
2019-10-14 19:32:58,027 [grpc-default-executor-2] INFO  impl.RoleInfo (RoleInfo.java:shutdownFollowerState(121)) - 64281e43-5db8-458f-889d-e68788332a0e: shutdown FollowerState
2019-10-14 19:32:58,028 [grpc-default-executor-2] INFO  impl.StateMachineUpdater (StateMachineUpdater.java:stopAndJoin(136)) - 64281e43-5db8-458f-889d-e68788332a0e@group-63A7842113FD-StateMachineUpdater: set stopIndex = -1
2019-10-14 19:32:58,028 [grpc-default-executor-2] INFO  impl.RaftServerImpl (ServerState.java:close(387)) - 64281e43-5db8-458f-889d-e68788332a0e@group-63A7842113FD: closes. applyIndex: -1
2019-10-14 19:32:58,028 [Thread-2460] INFO  impl.FollowerState (FollowerState.java:run(117)) - 64281e43-5db8-458f-889d-e68788332a0e@group-63A7842113FD-FollowerState was interrupted: java.lang.InterruptedException: sleep interrupted
2019-10-14 19:32:58,028 [64281e43-5db8-458f-889d-e68788332a0e@group-63A7842113FD-SegmentedRaftLogWorker] INFO  segmented.SegmentedRaftLogWorker (SegmentedRaftLogWorker.java:run(316)) - 64281e43-5db8-458f-889d-e68788332a0e@group-63A7842113FD-SegmentedRaftLogWorker was interrupted, exiting. There are 0 tasks remaining in the queue.
2019-10-14 19:32:58,031 [grpc-default-executor-2] INFO  segmented.SegmentedRaftLogWorker (SegmentedRaftLogWorker.java:close(224)) - 64281e43-5db8-458f-889d-e68788332a0e@group-63A7842113FD-SegmentedRaftLogWorker close()
2019-10-14 19:32:58,043 [grpc-default-executor-2] INFO  impl.RaftServerProxy (RaftServerProxy.java:remove(95)) - f1107e1f-4289-4159-9ce3-19e384e76673: remove  FOLLOWER f1107e1f-4289-4159-9ce3-19e384e76673@group-63A7842113FD:t0, leader=null, voted=null, raftlog=f1107e1f-4289-4159-9ce3-19e384e76673@group-63A7842113FD-SegmentedRaftLog:OPENED:c-1,f-1,i0, conf=-1: [64281e43-5db8-458f-889d-e68788332a0e:192.168.164.219:34783, f1107e1f-4289-4159-9ce3-19e384e76673:192.168.164.219:38259, 0d7982bd-7b1e-4262-b91e-0a390432292e:192.168.164.219:45602], old=null RUNNING
2019-10-14 19:32:58,043 [grpc-default-executor-2] INFO  impl.RaftServerImpl (RaftServerImpl.java:lambda$shutdown$3(247)) - f1107e1f-4289-4159-9ce3-19e384e76673@group-63A7842113FD: shutdown
2019-10-14 19:32:58,044 [grpc-default-executor-2] INFO  util.JmxRegister (JmxRegister.java:unregister(73)) - Successfully un-registered JMX Bean with object name Ratis:service=RaftServer,group=group-63A7842113FD,id=f1107e1f-4289-4159-9ce3-19e384e76673
2019-10-14 19:32:58,044 [grpc-default-executor-2] INFO  impl.RoleInfo (RoleInfo.java:shutdownFollowerState(121)) - f1107e1f-4289-4159-9ce3-19e384e76673: shutdown FollowerState
2019-10-14 19:32:58,044 [grpc-default-executor-2] INFO  impl.StateMachineUpdater (StateMachineUpdater.java:stopAndJoin(136)) - f1107e1f-4289-4159-9ce3-19e384e76673@group-63A7842113FD-StateMachineUpdater: set stopIndex = -1
2019-10-14 19:32:58,044 [Thread-2458] INFO  impl.FollowerState (FollowerState.java:run(117)) - f1107e1f-4289-4159-9ce3-19e384e76673@group-63A7842113FD-FollowerState was interrupted: java.lang.InterruptedException: sleep interrupted
2019-10-14 19:32:58,044 [grpc-default-executor-2] INFO  impl.RaftServerImpl (ServerState.java:close(387)) - f1107e1f-4289-4159-9ce3-19e384e76673@group-63A7842113FD: closes. applyIndex: -1
2019-10-14 19:32:58,047 [f1107e1f-4289-4159-9ce3-19e384e76673@group-63A7842113FD-SegmentedRaftLogWorker] INFO  segmented.SegmentedRaftLogWorker (SegmentedRaftLogWorker.java:run(316)) - f1107e1f-4289-4159-9ce3-19e384e76673@group-63A7842113FD-SegmentedRaftLogWorker was interrupted, exiting. There are 0 tasks remaining in the queue.
2019-10-14 19:32:58,047 [grpc-default-executor-2] INFO  segmented.SegmentedRaftLogWorker (SegmentedRaftLogWorker.java:close(224)) - f1107e1f-4289-4159-9ce3-19e384e76673@group-63A7842113FD-SegmentedRaftLogWorker close()
2019-10-14 19:32:58,055 [Thread-2445] INFO  pipeline.PipelineStateManager (PipelineStateManager.java:removePipeline(108)) - Pipeline Pipeline[ Id: 046b28bb-0021-456a-b735-63a7842113fd, Nodes: 0d7982bd-7b1e-4262-b91e-0a390432292e{ip: 192.168.164.219, host: pr-hdds-1868-cfdmt-251076870, networkLocation: /default-rack, certSerialId: null}64281e43-5db8-458f-889d-e68788332a0e{ip: 192.168.164.219, host: pr-hdds-1868-cfdmt-251076870, networkLocation: /default-rack, certSerialId: null}f1107e1f-4289-4159-9ce3-19e384e76673{ip: 192.168.164.219, host: pr-hdds-1868-cfdmt-251076870, networkLocation: /default-rack, certSerialId: null}, Type:RATIS, Factor:THREE, State:CLOSED] removed from db
2019-10-14 19:32:58,055 [Thread-2445] INFO  pipeline.SCMPipelineManager (SCMPipelineManager.java:finalizeAndDestroyPipeline(315)) - destroying pipeline:Pipeline[ Id: 19a5d96c-3696-49cf-93c5-e7128e7a648b, Nodes: 1a51902b-5369-4ef0-9d6f-b4b6ad802bb2{ip: 192.168.164.219, host: pr-hdds-1868-cfdmt-251076870, networkLocation: /default-rack, certSerialId: null}, Type:RATIS, Factor:ONE, State:ALLOCATED]
2019-10-14 19:32:58,058 [grpc-default-executor-6] INFO  impl.RaftServerProxy (RaftServerProxy.java:addNew(89)) - 64281e43-5db8-458f-889d-e68788332a0e: addNew group-B1985D4B7A57:[64281e43-5db8-458f-889d-e68788332a0e:192.168.164.219:34783, f1107e1f-4289-4159-9ce3-19e384e76673:192.168.164.219:38259, 0d7982bd-7b1e-4262-b91e-0a390432292e:192.168.164.219:45602] returns group-B1985D4B7A57:java.util.concurrent.CompletableFuture@72355d4[Not completed]
2019-10-14 19:32:58,059 [grpc-default-executor-2] INFO  impl.RaftServerProxy (RaftServerProxy.java:addNew(89)) - 0d7982bd-7b1e-4262-b91e-0a390432292e: addNew group-B1985D4B7A57:[64281e43-5db8-458f-889d-e68788332a0e:192.168.164.219:34783, f1107e1f-4289-4159-9ce3-19e384e76673:192.168.164.219:38259, 0d7982bd-7b1e-4262-b91e-0a390432292e:192.168.164.219:45602] returns group-B1985D4B7A57:java.util.concurrent.CompletableFuture@16f56dfa[Not completed]
2019-10-14 19:32:58,059 [grpc-default-executor-6] INFO  impl.RaftServerProxy (RaftServerProxy.java:addNew(89)) - f1107e1f-4289-4159-9ce3-19e384e76673: addNew group-B1985D4B7A57:[64281e43-5db8-458f-889d-e68788332a0e:192.168.164.219:34783, f1107e1f-4289-4159-9ce3-19e384e76673:192.168.164.219:38259, 0d7982bd-7b1e-4262-b91e-0a390432292e:192.168.164.219:45602] returns group-B1985D4B7A57:java.util.concurrent.CompletableFuture@48d1be41[Not completed]
2019-10-14 19:32:58,060 [pool-393-thread-1] INFO  impl.RaftServerImpl (RaftServerImpl.java:<init>(95)) - 64281e43-5db8-458f-889d-e68788332a0e: new RaftServerImpl for group-B1985D4B7A57:[64281e43-5db8-458f-889d-e68788332a0e:192.168.164.219:34783, f1107e1f-4289-4159-9ce3-19e384e76673:192.168.164.219:38259, 0d7982bd-7b1e-4262-b91e-0a390432292e:192.168.164.219:45602] with ContainerStateMachine:uninitialized
2019-10-14 19:32:58,060 [pool-393-thread-1] INFO  server.RaftServerConfigKeys (ConfUtils.java:logGet(43)) - raft.server.rpc.timeout.min = 5s (custom)
2019-10-14 19:32:58,060 [pool-393-thread-1] INFO  server.RaftServerConfigKeys (ConfUtils.java:logGet(43)) - raft.server.rpc.timeout.max = 5200ms (custom)
2019-10-14 19:32:58,060 [pool-393-thread-1] INFO  server.RaftServerConfigKeys (ConfUtils.java:logGet(43)) - raft.server.rpcslowness.timeout = 120s (custom)
2019-10-14 19:32:58,060 [pool-393-thread-1] INFO  server.RaftServerConfigKeys (ConfUtils.java:logGet(43)) - raft.server.sleep.deviation.threshold = 300 (default)
2019-10-14 19:32:58,060 [pool-393-thread-1] INFO  server.RaftServerConfigKeys (ConfUtils.java:logGet(43)) - raft.server.log.appender.install.snapshot.enabled = false (custom)
2019-10-14 19:32:58,060 [pool-393-thread-1] INFO  impl.RaftServerImpl (ServerState.java:<init>(103)) - 64281e43-5db8-458f-889d-e68788332a0e@group-B1985D4B7A57: ConfigurationManager, init=-1: [64281e43-5db8-458f-889d-e68788332a0e:192.168.164.219:34783, f1107e1f-4289-4159-9ce3-19e384e76673:192.168.164.219:38259, 0d7982bd-7b1e-4262-b91e-0a390432292e:192.168.164.219:45602], old=null, confs=<EMPTY_MAP>
2019-10-14 19:32:58,060 [pool-383-thread-1] INFO  impl.RaftServerImpl (RaftServerImpl.java:<init>(95)) - 0d7982bd-7b1e-4262-b91e-0a390432292e: new RaftServerImpl for group-B1985D4B7A57:[64281e43-5db8-458f-889d-e68788332a0e:192.168.164.219:34783, f1107e1f-4289-4159-9ce3-19e384e76673:192.168.164.219:38259, 0d7982bd-7b1e-4262-b91e-0a390432292e:192.168.164.219:45602] with ContainerStateMachine:uninitialized
2019-10-14 19:32:58,060 [pool-393-thread-1] INFO  server.RaftServerConfigKeys (ConfUtils.java:logGet(43)) - raft.server.storage.dir = [/workdir/hadoop-ozone/integration-test/target/test-dir/MiniOzoneClusterImpl-108ecea4-3d96-4ce0-92d8-90fb95b9c2b0/datanode-1/data/ratis] (custom)
2019-10-14 19:32:58,060 [pool-403-thread-1] INFO  impl.RaftServerImpl (RaftServerImpl.java:<init>(95)) - f1107e1f-4289-4159-9ce3-19e384e76673: new RaftServerImpl for group-B1985D4B7A57:[64281e43-5db8-458f-889d-e68788332a0e:192.168.164.219:34783, f1107e1f-4289-4159-9ce3-19e384e76673:192.168.164.219:38259, 0d7982bd-7b1e-4262-b91e-0a390432292e:192.168.164.219:45602] with ContainerStateMachine:uninitialized
2019-10-14 19:32:58,060 [pool-383-thread-1] INFO  server.RaftServerConfigKeys (ConfUtils.java:logGet(43)) - raft.server.rpc.timeout.min = 5s (custom)
2019-10-14 19:32:58,061 [pool-393-thread-1] INFO  server.RaftServerConfigKeys (ConfUtils.java:logGet(43)) - raft.server.log.corruption.policy = EXCEPTION (default)
2019-10-14 19:32:58,061 [pool-403-thread-1] INFO  server.RaftServerConfigKeys (ConfUtils.java:logGet(43)) - raft.server.rpc.timeout.min = 5s (custom)
2019-10-14 19:32:58,061 [pool-383-thread-1] INFO  server.RaftServerConfigKeys (ConfUtils.java:logGet(43)) - raft.server.rpc.timeout.max = 5200ms (custom)
2019-10-14 19:32:58,061 [pool-393-thread-1] INFO  storage.RaftStorageDirectory (RaftStorageDirectory.java:analyzeStorage(246)) - The storage directory /workdir/hadoop-ozone/integration-test/target/test-dir/MiniOzoneClusterImpl-108ecea4-3d96-4ce0-92d8-90fb95b9c2b0/datanode-1/data/ratis/a4426bb2-dafc-4df5-a027-b1985d4b7a57 does not exist. Creating ...
2019-10-14 19:32:58,061 [pool-403-thread-1] INFO  server.RaftServerConfigKeys (ConfUtils.java:logGet(43)) - raft.server.rpc.timeout.max = 5200ms (custom)
2019-10-14 19:32:58,061 [pool-383-thread-1] INFO  server.RaftServerConfigKeys (ConfUtils.java:logGet(43)) - raft.server.rpcslowness.timeout = 120s (custom)
2019-10-14 19:32:58,061 [pool-403-thread-1] INFO  server.RaftServerConfigKeys (ConfUtils.java:logGet(43)) - raft.server.rpcslowness.timeout = 120s (custom)
2019-10-14 19:32:58,061 [pool-383-thread-1] INFO  server.RaftServerConfigKeys (ConfUtils.java:logGet(43)) - raft.server.sleep.deviation.threshold = 300 (default)
2019-10-14 19:32:58,061 [pool-403-thread-1] INFO  server.RaftServerConfigKeys (ConfUtils.java:logGet(43)) - raft.server.sleep.deviation.threshold = 300 (default)
2019-10-14 19:32:58,061 [pool-383-thread-1] INFO  server.RaftServerConfigKeys (ConfUtils.java:logGet(43)) - raft.server.log.appender.install.snapshot.enabled = false (custom)
2019-10-14 19:32:58,061 [pool-403-thread-1] INFO  server.RaftServerConfigKeys (ConfUtils.java:logGet(43)) - raft.server.log.appender.install.snapshot.enabled = false (custom)
2019-10-14 19:32:58,061 [pool-383-thread-1] INFO  impl.RaftServerImpl (ServerState.java:<init>(103)) - 0d7982bd-7b1e-4262-b91e-0a390432292e@group-B1985D4B7A57: ConfigurationManager, init=-1: [64281e43-5db8-458f-889d-e68788332a0e:192.168.164.219:34783, f1107e1f-4289-4159-9ce3-19e384e76673:192.168.164.219:38259, 0d7982bd-7b1e-4262-b91e-0a390432292e:192.168.164.219:45602], old=null, confs=<EMPTY_MAP>
2019-10-14 19:32:58,062 [pool-403-thread-1] INFO  impl.RaftServerImpl (ServerState.java:<init>(103)) - f1107e1f-4289-4159-9ce3-19e384e76673@group-B1985D4B7A57: ConfigurationManager, init=-1: [64281e43-5db8-458f-889d-e68788332a0e:192.168.164.219:34783, f1107e1f-4289-4159-9ce3-19e384e76673:192.168.164.219:38259, 0d7982bd-7b1e-4262-b91e-0a390432292e:192.168.164.219:45602], old=null, confs=<EMPTY_MAP>
2019-10-14 19:32:58,062 [pool-383-thread-1] INFO  server.RaftServerConfigKeys (ConfUtils.java:logGet(43)) - raft.server.storage.dir = [/workdir/hadoop-ozone/integration-test/target/test-dir/MiniOzoneClusterImpl-108ecea4-3d96-4ce0-92d8-90fb95b9c2b0/datanode-0/data/ratis] (custom)
2019-10-14 19:32:58,062 [pool-403-thread-1] INFO  server.RaftServerConfigKeys (ConfUtils.java:logGet(43)) - raft.server.storage.dir = [/workdir/hadoop-ozone/integration-test/target/test-dir/MiniOzoneClusterImpl-108ecea4-3d96-4ce0-92d8-90fb95b9c2b0/datanode-2/data/ratis] (custom)
2019-10-14 19:32:58,062 [pool-383-thread-1] INFO  server.RaftServerConfigKeys (ConfUtils.java:logGet(43)) - raft.server.log.corruption.policy = EXCEPTION (default)
2019-10-14 19:32:58,062 [pool-403-thread-1] INFO  server.RaftServerConfigKeys (ConfUtils.java:logGet(43)) - raft.server.log.corruption.policy = EXCEPTION (default)
2019-10-14 19:32:58,062 [pool-383-thread-1] INFO  storage.RaftStorageDirectory (RaftStorageDirectory.java:analyzeStorage(246)) - The storage directory /workdir/hadoop-ozone/integration-test/target/test-dir/MiniOzoneClusterImpl-108ecea4-3d96-4ce0-92d8-90fb95b9c2b0/datanode-0/data/ratis/a4426bb2-dafc-4df5-a027-b1985d4b7a57 does not exist. Creating ...
2019-10-14 19:32:58,062 [pool-403-thread-1] INFO  storage.RaftStorageDirectory (RaftStorageDirectory.java:analyzeStorage(246)) - The storage directory /workdir/hadoop-ozone/integration-test/target/test-dir/MiniOzoneClusterImpl-108ecea4-3d96-4ce0-92d8-90fb95b9c2b0/datanode-2/data/ratis/a4426bb2-dafc-4df5-a027-b1985d4b7a57 does not exist. Creating ...
2019-10-14 19:32:58,090 [pool-393-thread-1] INFO  storage.RaftStorageDirectory (RaftStorageDirectory.java:tryLock(328)) - Lock on /workdir/hadoop-ozone/integration-test/target/test-dir/MiniOzoneClusterImpl-108ecea4-3d96-4ce0-92d8-90fb95b9c2b0/datanode-1/data/ratis/a4426bb2-dafc-4df5-a027-b1985d4b7a57/in_use.lock acquired by nodename 20360@pr-hdds-1868-cfdmt-251076870
2019-10-14 19:32:58,090 [pool-403-thread-1] INFO  storage.RaftStorageDirectory (RaftStorageDirectory.java:tryLock(328)) - Lock on /workdir/hadoop-ozone/integration-test/target/test-dir/MiniOzoneClusterImpl-108ecea4-3d96-4ce0-92d8-90fb95b9c2b0/datanode-2/data/ratis/a4426bb2-dafc-4df5-a027-b1985d4b7a57/in_use.lock acquired by nodename 20360@pr-hdds-1868-cfdmt-251076870
2019-10-14 19:32:58,090 [pool-383-thread-1] INFO  storage.RaftStorageDirectory (RaftStorageDirectory.java:tryLock(328)) - Lock on /workdir/hadoop-ozone/integration-test/target/test-dir/MiniOzoneClusterImpl-108ecea4-3d96-4ce0-92d8-90fb95b9c2b0/datanode-0/data/ratis/a4426bb2-dafc-4df5-a027-b1985d4b7a57/in_use.lock acquired by nodename 20360@pr-hdds-1868-cfdmt-251076870
2019-10-14 19:32:58,124 [pool-393-thread-1] INFO  storage.RaftStorage (RaftStorage.java:format(84)) - Storage directory /workdir/hadoop-ozone/integration-test/target/test-dir/MiniOzoneClusterImpl-108ecea4-3d96-4ce0-92d8-90fb95b9c2b0/datanode-1/data/ratis/a4426bb2-dafc-4df5-a027-b1985d4b7a57 has been successfully formatted.
2019-10-14 19:32:58,124 [pool-383-thread-1] INFO  storage.RaftStorage (RaftStorage.java:format(84)) - Storage directory /workdir/hadoop-ozone/integration-test/target/test-dir/MiniOzoneClusterImpl-108ecea4-3d96-4ce0-92d8-90fb95b9c2b0/datanode-0/data/ratis/a4426bb2-dafc-4df5-a027-b1985d4b7a57 has been successfully formatted.
2019-10-14 19:32:58,124 [pool-403-thread-1] INFO  storage.RaftStorage (RaftStorage.java:format(84)) - Storage directory /workdir/hadoop-ozone/integration-test/target/test-dir/MiniOzoneClusterImpl-108ecea4-3d96-4ce0-92d8-90fb95b9c2b0/datanode-2/data/ratis/a4426bb2-dafc-4df5-a027-b1985d4b7a57 has been successfully formatted.
2019-10-14 19:32:58,124 [pool-393-thread-1] INFO  ratis.ContainerStateMachine (ContainerStateMachine.java:loadSnapshot(233)) - group-B1985D4B7A57: The snapshot info is null. Setting the last applied indexto:(t:0, i:~)
2019-10-14 19:32:58,124 [pool-383-thread-1] INFO  ratis.ContainerStateMachine (ContainerStateMachine.java:loadSnapshot(233)) - group-B1985D4B7A57: The snapshot info is null. Setting the last applied indexto:(t:0, i:~)
2019-10-14 19:32:58,124 [pool-403-thread-1] INFO  ratis.ContainerStateMachine (ContainerStateMachine.java:loadSnapshot(233)) - group-B1985D4B7A57: The snapshot info is null. Setting the last applied indexto:(t:0, i:~)
2019-10-14 19:32:58,125 [pool-383-thread-1] INFO  server.RaftServerConfigKeys (ConfUtils.java:logGet(43)) - raft.server.notification.no-leader.timeout = 120s (custom)
2019-10-14 19:32:58,125 [pool-393-thread-1] INFO  server.RaftServerConfigKeys (ConfUtils.java:logGet(43)) - raft.server.notification.no-leader.timeout = 120s (custom)
2019-10-14 19:32:58,125 [pool-383-thread-1] INFO  server.RaftServerConfigKeys (ConfUtils.java:logGet(43)) - raft.server.log.use.memory = false (default)
2019-10-14 19:32:58,125 [pool-403-thread-1] INFO  server.RaftServerConfigKeys (ConfUtils.java:logGet(43)) - raft.server.notification.no-leader.timeout = 120s (custom)
2019-10-14 19:32:58,125 [pool-383-thread-1] INFO  server.RaftServerConfigKeys (ConfUtils.java:logGet(43)) - raft.server.log.purge.gap = 1000000 (custom)
2019-10-14 19:32:58,125 [pool-393-thread-1] INFO  server.RaftServerConfigKeys (ConfUtils.java:logGet(43)) - raft.server.log.use.memory = false (default)
2019-10-14 19:32:58,125 [pool-383-thread-1] INFO  server.RaftServerConfigKeys (ConfUtils.java:logGet(43)) - raft.server.log.appender.buffer.byte-limit = 33554432 (custom)
2019-10-14 19:32:58,125 [pool-403-thread-1] INFO  server.RaftServerConfigKeys (ConfUtils.java:logGet(43)) - raft.server.log.use.memory = false (default)
2019-10-14 19:32:58,125 [pool-383-thread-1] INFO  server.RaftServerConfigKeys (ConfUtils.java:logGet(43)) - raft.server.log.segment.size.max = 1048576 (custom)
2019-10-14 19:32:58,125 [pool-393-thread-1] INFO  server.RaftServerConfigKeys (ConfUtils.java:logGet(43)) - raft.server.log.purge.gap = 1000000 (custom)
2019-10-14 19:32:58,126 [pool-383-thread-1] INFO  server.RaftServerConfigKeys (ConfUtils.java:logGet(43)) - raft.server.log.segment.cache.num.max = 2 (custom)
2019-10-14 19:32:58,126 [pool-403-thread-1] INFO  server.RaftServerConfigKeys (ConfUtils.java:logGet(43)) - raft.server.log.purge.gap = 1000000 (custom)
2019-10-14 19:32:58,126 [pool-383-thread-1] INFO  segmented.SegmentedRaftLogWorker (SegmentedRaftLogWorker.java:<init>(173)) - new 0d7982bd-7b1e-4262-b91e-0a390432292e@group-B1985D4B7A57-SegmentedRaftLogWorker for RaftStorage:Storage Directory /workdir/hadoop-ozone/integration-test/target/test-dir/MiniOzoneClusterImpl-108ecea4-3d96-4ce0-92d8-90fb95b9c2b0/datanode-0/data/ratis/a4426bb2-dafc-4df5-a027-b1985d4b7a57
2019-10-14 19:32:58,126 [pool-393-thread-1] INFO  server.RaftServerConfigKeys (ConfUtils.java:logGet(43)) - raft.server.log.appender.buffer.byte-limit = 33554432 (custom)
2019-10-14 19:32:58,126 [pool-383-thread-1] INFO  server.RaftServerConfigKeys (ConfUtils.java:logGet(43)) - raft.server.log.queue.byte-limit = 2147483647 (custom)
2019-10-14 19:32:58,126 [pool-403-thread-1] INFO  server.RaftServerConfigKeys (ConfUtils.java:logGet(43)) - raft.server.log.appender.buffer.byte-limit = 33554432 (custom)
2019-10-14 19:32:58,126 [pool-383-thread-1] INFO  server.RaftServerConfigKeys (ConfUtils.java:logGet(43)) - raft.server.log.queue.element-limit = 1024 (custom)
2019-10-14 19:32:58,126 [pool-393-thread-1] INFO  server.RaftServerConfigKeys (ConfUtils.java:logGet(43)) - raft.server.log.segment.size.max = 1048576 (custom)
2019-10-14 19:32:58,127 [pool-383-thread-1] INFO  server.RaftServerConfigKeys (ConfUtils.java:logGet(43)) - raft.server.log.segment.size.max = 1048576 (custom)
2019-10-14 19:32:58,126 [pool-403-thread-1] INFO  server.RaftServerConfigKeys (ConfUtils.java:logGet(43)) - raft.server.log.segment.size.max = 1048576 (custom)
2019-10-14 19:32:58,127 [pool-383-thread-1] INFO  server.RaftServerConfigKeys (ConfUtils.java:logGet(43)) - raft.server.log.preallocated.size = 16384 (custom)
2019-10-14 19:32:58,127 [pool-393-thread-1] INFO  server.RaftServerConfigKeys (ConfUtils.java:logGet(43)) - raft.server.log.segment.cache.num.max = 2 (custom)
2019-10-14 19:32:58,127 [pool-383-thread-1] INFO  server.RaftServerConfigKeys (ConfUtils.java:logGet(43)) - raft.server.log.write.buffer.size = 33554432 (custom)
2019-10-14 19:32:58,127 [pool-403-thread-1] INFO  server.RaftServerConfigKeys (ConfUtils.java:logGet(43)) - raft.server.log.segment.cache.num.max = 2 (custom)
2019-10-14 19:32:58,127 [pool-383-thread-1] INFO  server.RaftServerConfigKeys (ConfUtils.java:logGet(43)) - raft.server.log.force.sync.num = 128 (default)
2019-10-14 19:32:58,127 [pool-393-thread-1] INFO  segmented.SegmentedRaftLogWorker (SegmentedRaftLogWorker.java:<init>(173)) - new 64281e43-5db8-458f-889d-e68788332a0e@group-B1985D4B7A57-SegmentedRaftLogWorker for RaftStorage:Storage Directory /workdir/hadoop-ozone/integration-test/target/test-dir/MiniOzoneClusterImpl-108ecea4-3d96-4ce0-92d8-90fb95b9c2b0/datanode-1/data/ratis/a4426bb2-dafc-4df5-a027-b1985d4b7a57
2019-10-14 19:32:58,127 [pool-383-thread-1] INFO  server.RaftServerConfigKeys (ConfUtils.java:logGet(43)) - raft.server.log.statemachine.data.sync = true (default)
2019-10-14 19:32:58,127 [pool-403-thread-1] INFO  segmented.SegmentedRaftLogWorker (SegmentedRaftLogWorker.java:<init>(173)) - new f1107e1f-4289-4159-9ce3-19e384e76673@group-B1985D4B7A57-SegmentedRaftLogWorker for RaftStorage:Storage Directory /workdir/hadoop-ozone/integration-test/target/test-dir/MiniOzoneClusterImpl-108ecea4-3d96-4ce0-92d8-90fb95b9c2b0/datanode-2/data/ratis/a4426bb2-dafc-4df5-a027-b1985d4b7a57
2019-10-14 19:32:58,127 [pool-383-thread-1] INFO  server.RaftServerConfigKeys (ConfUtils.java:logGet(43)) - raft.server.log.statemachine.data.sync.timeout = 10s (default)
2019-10-14 19:32:58,127 [pool-393-thread-1] INFO  server.RaftServerConfigKeys (ConfUtils.java:logGet(43)) - raft.server.log.queue.byte-limit = 2147483647 (custom)
2019-10-14 19:32:58,128 [pool-383-thread-1] INFO  server.RaftServerConfigKeys (ConfUtils.java:logGet(43)) - raft.server.log.statemachine.data.sync.timeout.retry = -1 (default)
2019-10-14 19:32:58,127 [pool-403-thread-1] INFO  server.RaftServerConfigKeys (ConfUtils.java:logGet(43)) - raft.server.log.queue.byte-limit = 2147483647 (custom)
2019-10-14 19:32:58,128 [pool-383-thread-1] INFO  server.RaftServerConfigKeys (ConfUtils.java:logGet(43)) - raft.server.log.statemachine.data.caching.enabled = true (custom)
2019-10-14 19:32:58,128 [pool-393-thread-1] INFO  server.RaftServerConfigKeys (ConfUtils.java:logGet(43)) - raft.server.log.queue.element-limit = 1024 (custom)
2019-10-14 19:32:58,128 [pool-403-thread-1] INFO  server.RaftServerConfigKeys (ConfUtils.java:logGet(43)) - raft.server.log.queue.element-limit = 1024 (custom)
2019-10-14 19:32:58,128 [pool-383-thread-1] INFO  segmented.SegmentedRaftLogWorker (SegmentedRaftLogWorker.java:lambda$new$0(128)) - 0d7982bd-7b1e-4262-b91e-0a390432292e@group-B1985D4B7A57-SegmentedRaftLogWorker: flushIndex: setUnconditionally 0 -> -1
2019-10-14 19:32:58,128 [pool-393-thread-1] INFO  server.RaftServerConfigKeys (ConfUtils.java:logGet(43)) - raft.server.log.segment.size.max = 1048576 (custom)
2019-10-14 19:32:58,128 [pool-403-thread-1] INFO  server.RaftServerConfigKeys (ConfUtils.java:logGet(43)) - raft.server.log.segment.size.max = 1048576 (custom)
2019-10-14 19:32:58,128 [pool-383-thread-1] INFO  server.RaftServerConfigKeys (ConfUtils.java:logGet(43)) - raft.server.snapshot.auto.trigger.enabled = true (custom)
2019-10-14 19:32:58,128 [pool-393-thread-1] INFO  server.RaftServerConfigKeys (ConfUtils.java:logGet(43)) - raft.server.log.preallocated.size = 16384 (custom)
2019-10-14 19:32:58,128 [pool-383-thread-1] INFO  server.RaftServerConfigKeys (ConfUtils.java:logGet(43)) - raft.server.snapshot.auto.trigger.threshold = 10000 (custom)
2019-10-14 19:32:58,128 [pool-403-thread-1] INFO  server.RaftServerConfigKeys (ConfUtils.java:logGet(43)) - raft.server.log.preallocated.size = 16384 (custom)
2019-10-14 19:32:58,129 [pool-383-thread-1] INFO  server.RaftServerConfigKeys (ConfUtils.java:logGet(43)) - raft.server.snapshot.retention.file.num = 5 (custom)
2019-10-14 19:32:58,129 [pool-393-thread-1] INFO  server.RaftServerConfigKeys (ConfUtils.java:logGet(43)) - raft.server.log.write.buffer.size = 33554432 (custom)
2019-10-14 19:32:58,129 [pool-383-thread-1] INFO  server.RaftServerConfigKeys (ConfUtils.java:logGet(43)) - raft.server.retrycache.expirytime = 600000ms (custom)
2019-10-14 19:32:58,129 [pool-403-thread-1] INFO  server.RaftServerConfigKeys (ConfUtils.java:logGet(43)) - raft.server.log.write.buffer.size = 33554432 (custom)
2019-10-14 19:32:58,129 [pool-393-thread-1] INFO  server.RaftServerConfigKeys (ConfUtils.java:logGet(43)) - raft.server.log.force.sync.num = 128 (default)
2019-10-14 19:32:58,129 [pool-403-thread-1] INFO  server.RaftServerConfigKeys (ConfUtils.java:logGet(43)) - raft.server.log.force.sync.num = 128 (default)
2019-10-14 19:32:58,129 [pool-393-thread-1] INFO  server.RaftServerConfigKeys (ConfUtils.java:logGet(43)) - raft.server.log.statemachine.data.sync = true (default)
2019-10-14 19:32:58,129 [pool-403-thread-1] INFO  server.RaftServerConfigKeys (ConfUtils.java:logGet(43)) - raft.server.log.statemachine.data.sync = true (default)
2019-10-14 19:32:58,129 [pool-393-thread-1] INFO  server.RaftServerConfigKeys (ConfUtils.java:logGet(43)) - raft.server.log.statemachine.data.sync.timeout = 10s (default)
2019-10-14 19:32:58,129 [pool-403-thread-1] INFO  server.RaftServerConfigKeys (ConfUtils.java:logGet(43)) - raft.server.log.statemachine.data.sync.timeout = 10s (default)
2019-10-14 19:32:58,130 [pool-403-thread-1] INFO  server.RaftServerConfigKeys (ConfUtils.java:logGet(43)) - raft.server.log.statemachine.data.sync.timeout.retry = -1 (default)
2019-10-14 19:32:58,130 [pool-393-thread-1] INFO  server.RaftServerConfigKeys (ConfUtils.java:logGet(43)) - raft.server.log.statemachine.data.sync.timeout.retry = -1 (default)
2019-10-14 19:32:58,130 [pool-403-thread-1] INFO  server.RaftServerConfigKeys (ConfUtils.java:logGet(43)) - raft.server.log.statemachine.data.caching.enabled = true (custom)
2019-10-14 19:32:58,130 [pool-393-thread-1] INFO  server.RaftServerConfigKeys (ConfUtils.java:logGet(43)) - raft.server.log.statemachine.data.caching.enabled = true (custom)
2019-10-14 19:32:58,130 [pool-403-thread-1] INFO  segmented.SegmentedRaftLogWorker (SegmentedRaftLogWorker.java:lambda$new$0(128)) - f1107e1f-4289-4159-9ce3-19e384e76673@group-B1985D4B7A57-SegmentedRaftLogWorker: flushIndex: setUnconditionally 0 -> -1
2019-10-14 19:32:58,130 [pool-393-thread-1] INFO  segmented.SegmentedRaftLogWorker (SegmentedRaftLogWorker.java:lambda$new$0(128)) - 64281e43-5db8-458f-889d-e68788332a0e@group-B1985D4B7A57-SegmentedRaftLogWorker: flushIndex: setUnconditionally 0 -> -1
2019-10-14 19:32:58,130 [pool-403-thread-1] INFO  server.RaftServerConfigKeys (ConfUtils.java:logGet(43)) - raft.server.snapshot.auto.trigger.enabled = true (custom)
2019-10-14 19:32:58,130 [pool-383-thread-1] INFO  impl.RaftServerImpl (RaftServerImpl.java:start(181)) - 0d7982bd-7b1e-4262-b91e-0a390432292e@group-B1985D4B7A57: start as a follower, conf=-1: [64281e43-5db8-458f-889d-e68788332a0e:192.168.164.219:34783, f1107e1f-4289-4159-9ce3-19e384e76673:192.168.164.219:38259, 0d7982bd-7b1e-4262-b91e-0a390432292e:192.168.164.219:45602], old=null
2019-10-14 19:32:58,131 [pool-393-thread-1] INFO  server.RaftServerConfigKeys (ConfUtils.java:logGet(43)) - raft.server.snapshot.auto.trigger.enabled = true (custom)
2019-10-14 19:32:58,131 [pool-403-thread-1] INFO  server.RaftServerConfigKeys (ConfUtils.java:logGet(43)) - raft.server.snapshot.auto.trigger.threshold = 10000 (custom)
2019-10-14 19:32:58,131 [pool-393-thread-1] INFO  server.RaftServerConfigKeys (ConfUtils.java:logGet(43)) - raft.server.snapshot.auto.trigger.threshold = 10000 (custom)
2019-10-14 19:32:58,131 [pool-383-thread-1] INFO  impl.RaftServerImpl (RaftServerImpl.java:setRole(170)) - 0d7982bd-7b1e-4262-b91e-0a390432292e@group-B1985D4B7A57: changes role from      null to FOLLOWER at term 0 for startAsFollower
2019-10-14 19:32:58,131 [pool-393-thread-1] INFO  server.RaftServerConfigKeys (ConfUtils.java:logGet(43)) - raft.server.snapshot.retention.file.num = 5 (custom)
2019-10-14 19:32:58,131 [pool-403-thread-1] INFO  server.RaftServerConfigKeys (ConfUtils.java:logGet(43)) - raft.server.snapshot.retention.file.num = 5 (custom)
2019-10-14 19:32:58,131 [pool-393-thread-1] INFO  server.RaftServerConfigKeys (ConfUtils.java:logGet(43)) - raft.server.retrycache.expirytime = 600000ms (custom)
2019-10-14 19:32:58,131 [pool-383-thread-1] INFO  impl.RoleInfo (RoleInfo.java:updateAndGet(143)) - 0d7982bd-7b1e-4262-b91e-0a390432292e: start FollowerState
2019-10-14 19:32:58,131 [pool-403-thread-1] INFO  server.RaftServerConfigKeys (ConfUtils.java:logGet(43)) - raft.server.retrycache.expirytime = 600000ms (custom)
2019-10-14 19:32:58,132 [pool-383-thread-1] INFO  util.JmxRegister (JmxRegister.java:tryRegister(44)) - Successfully registered JMX Bean with object name Ratis:service=RaftServer,group=group-B1985D4B7A57,id=0d7982bd-7b1e-4262-b91e-0a390432292e
2019-10-14 19:32:58,135 [pool-393-thread-1] INFO  impl.RaftServerImpl (RaftServerImpl.java:start(181)) - 64281e43-5db8-458f-889d-e68788332a0e@group-B1985D4B7A57: start as a follower, conf=-1: [64281e43-5db8-458f-889d-e68788332a0e:192.168.164.219:34783, f1107e1f-4289-4159-9ce3-19e384e76673:192.168.164.219:38259, 0d7982bd-7b1e-4262-b91e-0a390432292e:192.168.164.219:45602], old=null
2019-10-14 19:32:58,135 [pool-393-thread-1] INFO  impl.RaftServerImpl (RaftServerImpl.java:setRole(170)) - 64281e43-5db8-458f-889d-e68788332a0e@group-B1985D4B7A57: changes role from      null to FOLLOWER at term 0 for startAsFollower
2019-10-14 19:32:58,135 [pool-403-thread-1] INFO  impl.RaftServerImpl (RaftServerImpl.java:start(181)) - f1107e1f-4289-4159-9ce3-19e384e76673@group-B1985D4B7A57: start as a follower, conf=-1: [64281e43-5db8-458f-889d-e68788332a0e:192.168.164.219:34783, f1107e1f-4289-4159-9ce3-19e384e76673:192.168.164.219:38259, 0d7982bd-7b1e-4262-b91e-0a390432292e:192.168.164.219:45602], old=null
2019-10-14 19:32:58,136 [pool-393-thread-1] INFO  impl.RoleInfo (RoleInfo.java:updateAndGet(143)) - 64281e43-5db8-458f-889d-e68788332a0e: start FollowerState
2019-10-14 19:32:58,136 [pool-403-thread-1] INFO  impl.RaftServerImpl (RaftServerImpl.java:setRole(170)) - f1107e1f-4289-4159-9ce3-19e384e76673@group-B1985D4B7A57: changes role from      null to FOLLOWER at term 0 for startAsFollower
2019-10-14 19:32:58,136 [pool-403-thread-1] INFO  impl.RoleInfo (RoleInfo.java:updateAndGet(143)) - f1107e1f-4289-4159-9ce3-19e384e76673: start FollowerState
2019-10-14 19:32:58,136 [pool-393-thread-1] INFO  util.JmxRegister (JmxRegister.java:tryRegister(44)) - Successfully registered JMX Bean with object name Ratis:service=RaftServer,group=group-B1985D4B7A57,id=64281e43-5db8-458f-889d-e68788332a0e
2019-10-14 19:32:58,136 [pool-403-thread-1] INFO  util.JmxRegister (JmxRegister.java:tryRegister(44)) - Successfully registered JMX Bean with object name Ratis:service=RaftServer,group=group-B1985D4B7A57,id=f1107e1f-4289-4159-9ce3-19e384e76673
2019-10-14 19:32:58,142 [RatisPipelineUtilsThread] INFO  pipeline.PipelineStateManager (PipelineStateManager.java:addPipeline(57)) - Created pipeline Pipeline[ Id: a4426bb2-dafc-4df5-a027-b1985d4b7a57, Nodes: 0d7982bd-7b1e-4262-b91e-0a390432292e{ip: 192.168.164.219, host: pr-hdds-1868-cfdmt-251076870, networkLocation: /default-rack, certSerialId: null}64281e43-5db8-458f-889d-e68788332a0e{ip: 192.168.164.219, host: pr-hdds-1868-cfdmt-251076870, networkLocation: /default-rack, certSerialId: null}f1107e1f-4289-4159-9ce3-19e384e76673{ip: 192.168.164.219, host: pr-hdds-1868-cfdmt-251076870, networkLocation: /default-rack, certSerialId: null}, Type:RATIS, Factor:THREE, State:ALLOCATED]
2019-10-14 19:32:58,142 [Thread-2445] INFO  pipeline.PipelineStateManager (PipelineStateManager.java:finalizePipeline(123)) - Pipeline Pipeline[ Id: 19a5d96c-3696-49cf-93c5-e7128e7a648b, Nodes: 1a51902b-5369-4ef0-9d6f-b4b6ad802bb2{ip: 192.168.164.219, host: pr-hdds-1868-cfdmt-251076870, networkLocation: /default-rack, certSerialId: null}, Type:RATIS, Factor:ONE, State:CLOSED] moved to CLOSED state
2019-10-14 19:32:58,154 [grpc-default-executor-6] INFO  impl.RaftServerProxy (RaftServerProxy.java:remove(95)) - 1a51902b-5369-4ef0-9d6f-b4b6ad802bb2: remove  FOLLOWER 1a51902b-5369-4ef0-9d6f-b4b6ad802bb2@group-E7128E7A648B:t0, leader=null, voted=null, raftlog=1a51902b-5369-4ef0-9d6f-b4b6ad802bb2@group-E7128E7A648B-SegmentedRaftLog:OPENED:c-1,f-1,i0, conf=-1: [1a51902b-5369-4ef0-9d6f-b4b6ad802bb2:192.168.164.219:39283], old=null RUNNING
2019-10-14 19:32:58,155 [grpc-default-executor-6] INFO  impl.RaftServerImpl (RaftServerImpl.java:lambda$shutdown$3(247)) - 1a51902b-5369-4ef0-9d6f-b4b6ad802bb2@group-E7128E7A648B: shutdown
2019-10-14 19:32:58,155 [grpc-default-executor-6] INFO  util.JmxRegister (JmxRegister.java:unregister(73)) - Successfully un-registered JMX Bean with object name Ratis:service=RaftServer,group=group-E7128E7A648B,id=1a51902b-5369-4ef0-9d6f-b4b6ad802bb2
2019-10-14 19:32:58,155 [grpc-default-executor-6] INFO  impl.RoleInfo (RoleInfo.java:shutdownFollowerState(121)) - 1a51902b-5369-4ef0-9d6f-b4b6ad802bb2: shutdown FollowerState
2019-10-14 19:32:58,156 [grpc-default-executor-6] INFO  impl.StateMachineUpdater (StateMachineUpdater.java:stopAndJoin(136)) - 1a51902b-5369-4ef0-9d6f-b4b6ad802bb2@group-E7128E7A648B-StateMachineUpdater: set stopIndex = -1
2019-10-14 19:32:58,156 [Thread-2465] INFO  impl.FollowerState (FollowerState.java:run(117)) - 1a51902b-5369-4ef0-9d6f-b4b6ad802bb2@group-E7128E7A648B-FollowerState was interrupted: java.lang.InterruptedException: sleep interrupted
2019-10-14 19:32:58,156 [grpc-default-executor-6] INFO  impl.RaftServerImpl (ServerState.java:close(387)) - 1a51902b-5369-4ef0-9d6f-b4b6ad802bb2@group-E7128E7A648B: closes. applyIndex: -1
2019-10-14 19:32:58,157 [1a51902b-5369-4ef0-9d6f-b4b6ad802bb2@group-E7128E7A648B-SegmentedRaftLogWorker] INFO  segmented.SegmentedRaftLogWorker (SegmentedRaftLogWorker.java:run(316)) - 1a51902b-5369-4ef0-9d6f-b4b6ad802bb2@group-E7128E7A648B-SegmentedRaftLogWorker was interrupted, exiting. There are 0 tasks remaining in the queue.
2019-10-14 19:32:58,157 [grpc-default-executor-6] INFO  segmented.SegmentedRaftLogWorker (SegmentedRaftLogWorker.java:close(224)) - 1a51902b-5369-4ef0-9d6f-b4b6ad802bb2@group-E7128E7A648B-SegmentedRaftLogWorker close()
2019-10-14 19:32:58,174 [Thread-2445] INFO  pipeline.PipelineStateManager (PipelineStateManager.java:removePipeline(108)) - Pipeline Pipeline[ Id: 19a5d96c-3696-49cf-93c5-e7128e7a648b, Nodes: 1a51902b-5369-4ef0-9d6f-b4b6ad802bb2{ip: 192.168.164.219, host: pr-hdds-1868-cfdmt-251076870, networkLocation: /default-rack, certSerialId: null}, Type:RATIS, Factor:ONE, State:CLOSED] removed from db
2019-10-14 19:32:58,174 [Thread-2445] INFO  pipeline.SCMPipelineManager (SCMPipelineManager.java:finalizeAndDestroyPipeline(315)) - destroying pipeline:Pipeline[ Id: 38506171-b30b-402b-9460-02768aa107b0, Nodes: a41ac46c-31e5-445f-9985-b8cae54436a0{ip: 192.168.164.219, host: pr-hdds-1868-cfdmt-251076870, networkLocation: /default-rack, certSerialId: null}, Type:RATIS, Factor:ONE, State:ALLOCATED]
2019-10-14 19:32:58,178 [grpc-default-executor-6] INFO  impl.RaftServerProxy (RaftServerProxy.java:addNew(89)) - 1a51902b-5369-4ef0-9d6f-b4b6ad802bb2: addNew group-BDCD6F051A41:[1a51902b-5369-4ef0-9d6f-b4b6ad802bb2:192.168.164.219:39283] returns group-BDCD6F051A41:java.util.concurrent.CompletableFuture@1bf668eb[Not completed]
2019-10-14 19:32:58,179 [pool-413-thread-1] INFO  impl.RaftServerImpl (RaftServerImpl.java:<init>(95)) - 1a51902b-5369-4ef0-9d6f-b4b6ad802bb2: new RaftServerImpl for group-BDCD6F051A41:[1a51902b-5369-4ef0-9d6f-b4b6ad802bb2:192.168.164.219:39283] with ContainerStateMachine:uninitialized
2019-10-14 19:32:58,179 [pool-413-thread-1] INFO  server.RaftServerConfigKeys (ConfUtils.java:logGet(43)) - raft.server.rpc.timeout.min = 5s (custom)
2019-10-14 19:32:58,179 [pool-413-thread-1] INFO  server.RaftServerConfigKeys (ConfUtils.java:logGet(43)) - raft.server.rpc.timeout.max = 5200ms (custom)
2019-10-14 19:32:58,179 [pool-413-thread-1] INFO  server.RaftServerConfigKeys (ConfUtils.java:logGet(43)) - raft.server.rpcslowness.timeout = 120s (custom)
2019-10-14 19:32:58,179 [pool-413-thread-1] INFO  server.RaftServerConfigKeys (ConfUtils.java:logGet(43)) - raft.server.sleep.deviation.threshold = 300 (default)
2019-10-14 19:32:58,179 [pool-413-thread-1] INFO  server.RaftServerConfigKeys (ConfUtils.java:logGet(43)) - raft.server.log.appender.install.snapshot.enabled = false (custom)
2019-10-14 19:32:58,179 [pool-413-thread-1] INFO  impl.RaftServerImpl (ServerState.java:<init>(103)) - 1a51902b-5369-4ef0-9d6f-b4b6ad802bb2@group-BDCD6F051A41: ConfigurationManager, init=-1: [1a51902b-5369-4ef0-9d6f-b4b6ad802bb2:192.168.164.219:39283], old=null, confs=<EMPTY_MAP>
2019-10-14 19:32:58,179 [pool-413-thread-1] INFO  server.RaftServerConfigKeys (ConfUtils.java:logGet(43)) - raft.server.storage.dir = [/workdir/hadoop-ozone/integration-test/target/test-dir/MiniOzoneClusterImpl-108ecea4-3d96-4ce0-92d8-90fb95b9c2b0/datanode-3/data/ratis] (custom)
2019-10-14 19:32:58,180 [pool-413-thread-1] INFO  server.RaftServerConfigKeys (ConfUtils.java:logGet(43)) - raft.server.log.corruption.policy = EXCEPTION (default)
2019-10-14 19:32:58,180 [pool-413-thread-1] INFO  storage.RaftStorageDirectory (RaftStorageDirectory.java:analyzeStorage(246)) - The storage directory /workdir/hadoop-ozone/integration-test/target/test-dir/MiniOzoneClusterImpl-108ecea4-3d96-4ce0-92d8-90fb95b9c2b0/datanode-3/data/ratis/1ec7d362-cb47-4401-ba42-bdcd6f051a41 does not exist. Creating ...
2019-10-14 19:32:58,208 [pool-413-thread-1] INFO  storage.RaftStorageDirectory (RaftStorageDirectory.java:tryLock(328)) - Lock on /workdir/hadoop-ozone/integration-test/target/test-dir/MiniOzoneClusterImpl-108ecea4-3d96-4ce0-92d8-90fb95b9c2b0/datanode-3/data/ratis/1ec7d362-cb47-4401-ba42-bdcd6f051a41/in_use.lock acquired by nodename 20360@pr-hdds-1868-cfdmt-251076870
2019-10-14 19:32:58,233 [pool-413-thread-1] INFO  storage.RaftStorage (RaftStorage.java:format(84)) - Storage directory /workdir/hadoop-ozone/integration-test/target/test-dir/MiniOzoneClusterImpl-108ecea4-3d96-4ce0-92d8-90fb95b9c2b0/datanode-3/data/ratis/1ec7d362-cb47-4401-ba42-bdcd6f051a41 has been successfully formatted.
2019-10-14 19:32:58,233 [pool-413-thread-1] INFO  ratis.ContainerStateMachine (ContainerStateMachine.java:loadSnapshot(233)) - group-BDCD6F051A41: The snapshot info is null. Setting the last applied indexto:(t:0, i:~)
2019-10-14 19:32:58,233 [pool-413-thread-1] INFO  server.RaftServerConfigKeys (ConfUtils.java:logGet(43)) - raft.server.notification.no-leader.timeout = 120s (custom)
2019-10-14 19:32:58,234 [pool-413-thread-1] INFO  server.RaftServerConfigKeys (ConfUtils.java:logGet(43)) - raft.server.log.use.memory = false (default)
2019-10-14 19:32:58,234 [pool-413-thread-1] INFO  server.RaftServerConfigKeys (ConfUtils.java:logGet(43)) - raft.server.log.purge.gap = 1000000 (custom)
2019-10-14 19:32:58,234 [pool-413-thread-1] INFO  server.RaftServerConfigKeys (ConfUtils.java:logGet(43)) - raft.server.log.appender.buffer.byte-limit = 33554432 (custom)
2019-10-14 19:32:58,234 [pool-413-thread-1] INFO  server.RaftServerConfigKeys (ConfUtils.java:logGet(43)) - raft.server.log.segment.size.max = 1048576 (custom)
2019-10-14 19:32:58,234 [pool-413-thread-1] INFO  server.RaftServerConfigKeys (ConfUtils.java:logGet(43)) - raft.server.log.segment.cache.num.max = 2 (custom)
2019-10-14 19:32:58,234 [pool-413-thread-1] INFO  segmented.SegmentedRaftLogWorker (SegmentedRaftLogWorker.java:<init>(173)) - new 1a51902b-5369-4ef0-9d6f-b4b6ad802bb2@group-BDCD6F051A41-SegmentedRaftLogWorker for RaftStorage:Storage Directory /workdir/hadoop-ozone/integration-test/target/test-dir/MiniOzoneClusterImpl-108ecea4-3d96-4ce0-92d8-90fb95b9c2b0/datanode-3/data/ratis/1ec7d362-cb47-4401-ba42-bdcd6f051a41
2019-10-14 19:32:58,234 [pool-413-thread-1] INFO  server.RaftServerConfigKeys (ConfUtils.java:logGet(43)) - raft.server.log.queue.byte-limit = 2147483647 (custom)
2019-10-14 19:32:58,234 [pool-413-thread-1] INFO  server.RaftServerConfigKeys (ConfUtils.java:logGet(43)) - raft.server.log.queue.element-limit = 1024 (custom)
2019-10-14 19:32:58,234 [pool-413-thread-1] INFO  server.RaftServerConfigKeys (ConfUtils.java:logGet(43)) - raft.server.log.segment.size.max = 1048576 (custom)
2019-10-14 19:32:58,234 [pool-413-thread-1] INFO  server.RaftServerConfigKeys (ConfUtils.java:logGet(43)) - raft.server.log.preallocated.size = 16384 (custom)
2019-10-14 19:32:58,234 [pool-413-thread-1] INFO  server.RaftServerConfigKeys (ConfUtils.java:logGet(43)) - raft.server.log.write.buffer.size = 33554432 (custom)
2019-10-14 19:32:58,234 [pool-413-thread-1] INFO  server.RaftServerConfigKeys (ConfUtils.java:logGet(43)) - raft.server.log.force.sync.num = 128 (default)
2019-10-14 19:32:58,235 [pool-413-thread-1] INFO  server.RaftServerConfigKeys (ConfUtils.java:logGet(43)) - raft.server.log.statemachine.data.sync = true (default)
2019-10-14 19:32:58,235 [pool-413-thread-1] INFO  server.RaftServerConfigKeys (ConfUtils.java:logGet(43)) - raft.server.log.statemachine.data.sync.timeout = 10s (default)
2019-10-14 19:32:58,235 [pool-413-thread-1] INFO  server.RaftServerConfigKeys (ConfUtils.java:logGet(43)) - raft.server.log.statemachine.data.sync.timeout.retry = -1 (default)
2019-10-14 19:32:58,235 [pool-413-thread-1] INFO  server.RaftServerConfigKeys (ConfUtils.java:logGet(43)) - raft.server.log.statemachine.data.caching.enabled = true (custom)
2019-10-14 19:32:58,235 [pool-413-thread-1] INFO  segmented.SegmentedRaftLogWorker (SegmentedRaftLogWorker.java:lambda$new$0(128)) - 1a51902b-5369-4ef0-9d6f-b4b6ad802bb2@group-BDCD6F051A41-SegmentedRaftLogWorker: flushIndex: setUnconditionally 0 -> -1
2019-10-14 19:32:58,235 [pool-413-thread-1] INFO  server.RaftServerConfigKeys (ConfUtils.java:logGet(43)) - raft.server.snapshot.auto.trigger.enabled = true (custom)
2019-10-14 19:32:58,235 [pool-413-thread-1] INFO  server.RaftServerConfigKeys (ConfUtils.java:logGet(43)) - raft.server.snapshot.auto.trigger.threshold = 10000 (custom)
2019-10-14 19:32:58,235 [pool-413-thread-1] INFO  server.RaftServerConfigKeys (ConfUtils.java:logGet(43)) - raft.server.snapshot.retention.file.num = 5 (custom)
2019-10-14 19:32:58,236 [pool-413-thread-1] INFO  server.RaftServerConfigKeys (ConfUtils.java:logGet(43)) - raft.server.retrycache.expirytime = 600000ms (custom)
2019-10-14 19:32:58,237 [pool-413-thread-1] INFO  impl.RaftServerImpl (RaftServerImpl.java:start(181)) - 1a51902b-5369-4ef0-9d6f-b4b6ad802bb2@group-BDCD6F051A41: start as a follower, conf=-1: [1a51902b-5369-4ef0-9d6f-b4b6ad802bb2:192.168.164.219:39283], old=null
2019-10-14 19:32:58,237 [pool-413-thread-1] INFO  impl.RaftServerImpl (RaftServerImpl.java:setRole(170)) - 1a51902b-5369-4ef0-9d6f-b4b6ad802bb2@group-BDCD6F051A41: changes role from      null to FOLLOWER at term 0 for startAsFollower
2019-10-14 19:32:58,237 [pool-413-thread-1] INFO  impl.RoleInfo (RoleInfo.java:updateAndGet(143)) - 1a51902b-5369-4ef0-9d6f-b4b6ad802bb2: start FollowerState
2019-10-14 19:32:58,237 [pool-413-thread-1] INFO  util.JmxRegister (JmxRegister.java:tryRegister(44)) - Successfully registered JMX Bean with object name Ratis:service=RaftServer,group=group-BDCD6F051A41,id=1a51902b-5369-4ef0-9d6f-b4b6ad802bb2
2019-10-14 19:32:58,240 [RatisPipelineUtilsThread] INFO  pipeline.PipelineStateManager (PipelineStateManager.java:addPipeline(57)) - Created pipeline Pipeline[ Id: 1ec7d362-cb47-4401-ba42-bdcd6f051a41, Nodes: 1a51902b-5369-4ef0-9d6f-b4b6ad802bb2{ip: 192.168.164.219, host: pr-hdds-1868-cfdmt-251076870, networkLocation: /default-rack, certSerialId: null}, Type:RATIS, Factor:ONE, State:ALLOCATED]
2019-10-14 19:32:58,241 [Thread-2445] INFO  pipeline.PipelineStateManager (PipelineStateManager.java:finalizePipeline(123)) - Pipeline Pipeline[ Id: 38506171-b30b-402b-9460-02768aa107b0, Nodes: a41ac46c-31e5-445f-9985-b8cae54436a0{ip: 192.168.164.219, host: pr-hdds-1868-cfdmt-251076870, networkLocation: /default-rack, certSerialId: null}, Type:RATIS, Factor:ONE, State:CLOSED] moved to CLOSED state
2019-10-14 19:32:58,248 [grpc-default-executor-6] INFO  impl.RaftServerProxy (RaftServerProxy.java:remove(95)) - a41ac46c-31e5-445f-9985-b8cae54436a0: remove  FOLLOWER a41ac46c-31e5-445f-9985-b8cae54436a0@group-02768AA107B0:t0, leader=null, voted=null, raftlog=a41ac46c-31e5-445f-9985-b8cae54436a0@group-02768AA107B0-SegmentedRaftLog:OPENED:c-1,f-1,i0, conf=-1: [a41ac46c-31e5-445f-9985-b8cae54436a0:192.168.164.219:37536], old=null RUNNING
2019-10-14 19:32:58,248 [grpc-default-executor-6] INFO  impl.RaftServerImpl (RaftServerImpl.java:lambda$shutdown$3(247)) - a41ac46c-31e5-445f-9985-b8cae54436a0@group-02768AA107B0: shutdown
2019-10-14 19:32:58,248 [grpc-default-executor-6] INFO  util.JmxRegister (JmxRegister.java:unregister(73)) - Successfully un-registered JMX Bean with object name Ratis:service=RaftServer,group=group-02768AA107B0,id=a41ac46c-31e5-445f-9985-b8cae54436a0
2019-10-14 19:32:58,248 [grpc-default-executor-6] INFO  impl.RoleInfo (RoleInfo.java:shutdownFollowerState(121)) - a41ac46c-31e5-445f-9985-b8cae54436a0: shutdown FollowerState
2019-10-14 19:32:58,249 [grpc-default-executor-6] INFO  impl.StateMachineUpdater (StateMachineUpdater.java:stopAndJoin(136)) - a41ac46c-31e5-445f-9985-b8cae54436a0@group-02768AA107B0-StateMachineUpdater: set stopIndex = -1
2019-10-14 19:32:58,249 [Thread-2476] INFO  impl.FollowerState (FollowerState.java:run(117)) - a41ac46c-31e5-445f-9985-b8cae54436a0@group-02768AA107B0-FollowerState was interrupted: java.lang.InterruptedException: sleep interrupted
2019-10-14 19:32:58,249 [grpc-default-executor-6] INFO  impl.RaftServerImpl (ServerState.java:close(387)) - a41ac46c-31e5-445f-9985-b8cae54436a0@group-02768AA107B0: closes. applyIndex: -1
2019-10-14 19:32:58,252 [a41ac46c-31e5-445f-9985-b8cae54436a0@group-02768AA107B0-SegmentedRaftLogWorker] INFO  segmented.SegmentedRaftLogWorker (SegmentedRaftLogWorker.java:run(316)) - a41ac46c-31e5-445f-9985-b8cae54436a0@group-02768AA107B0-SegmentedRaftLogWorker was interrupted, exiting. There are 0 tasks remaining in the queue.
2019-10-14 19:32:58,252 [grpc-default-executor-6] INFO  segmented.SegmentedRaftLogWorker (SegmentedRaftLogWorker.java:close(224)) - a41ac46c-31e5-445f-9985-b8cae54436a0@group-02768AA107B0-SegmentedRaftLogWorker close()
2019-10-14 19:32:58,260 [Thread-2445] INFO  pipeline.PipelineStateManager (PipelineStateManager.java:removePipeline(108)) - Pipeline Pipeline[ Id: 38506171-b30b-402b-9460-02768aa107b0, Nodes: a41ac46c-31e5-445f-9985-b8cae54436a0{ip: 192.168.164.219, host: pr-hdds-1868-cfdmt-251076870, networkLocation: /default-rack, certSerialId: null}, Type:RATIS, Factor:ONE, State:CLOSED] removed from db
2019-10-14 19:32:58,260 [Thread-2445] INFO  pipeline.SCMPipelineManager (SCMPipelineManager.java:finalizeAndDestroyPipeline(315)) - destroying pipeline:Pipeline[ Id: edbe7e81-f1a4-4a51-95c5-c4acd04f54cb, Nodes: 64281e43-5db8-458f-889d-e68788332a0e{ip: 192.168.164.219, host: pr-hdds-1868-cfdmt-251076870, networkLocation: /default-rack, certSerialId: null}, Type:RATIS, Factor:ONE, State:ALLOCATED]
2019-10-14 19:32:58,263 [grpc-default-executor-6] INFO  impl.RaftServerProxy (RaftServerProxy.java:addNew(89)) - a41ac46c-31e5-445f-9985-b8cae54436a0: addNew group-A0255036CD87:[a41ac46c-31e5-445f-9985-b8cae54436a0:192.168.164.219:37536] returns group-A0255036CD87:java.util.concurrent.CompletableFuture@308b1af[Not completed]
2019-10-14 19:32:58,263 [pool-443-thread-1] INFO  impl.RaftServerImpl (RaftServerImpl.java:<init>(95)) - a41ac46c-31e5-445f-9985-b8cae54436a0: new RaftServerImpl for group-A0255036CD87:[a41ac46c-31e5-445f-9985-b8cae54436a0:192.168.164.219:37536] with ContainerStateMachine:uninitialized
2019-10-14 19:32:58,264 [pool-443-thread-1] INFO  server.RaftServerConfigKeys (ConfUtils.java:logGet(43)) - raft.server.rpc.timeout.min = 5s (custom)
2019-10-14 19:32:58,264 [pool-443-thread-1] INFO  server.RaftServerConfigKeys (ConfUtils.java:logGet(43)) - raft.server.rpc.timeout.max = 5200ms (custom)
2019-10-14 19:32:58,264 [pool-443-thread-1] INFO  server.RaftServerConfigKeys (ConfUtils.java:logGet(43)) - raft.server.rpcslowness.timeout = 120s (custom)
2019-10-14 19:32:58,264 [pool-443-thread-1] INFO  server.RaftServerConfigKeys (ConfUtils.java:logGet(43)) - raft.server.sleep.deviation.threshold = 300 (default)
2019-10-14 19:32:58,264 [pool-443-thread-1] INFO  server.RaftServerConfigKeys (ConfUtils.java:logGet(43)) - raft.server.log.appender.install.snapshot.enabled = false (custom)
2019-10-14 19:32:58,264 [pool-443-thread-1] INFO  impl.RaftServerImpl (ServerState.java:<init>(103)) - a41ac46c-31e5-445f-9985-b8cae54436a0@group-A0255036CD87: ConfigurationManager, init=-1: [a41ac46c-31e5-445f-9985-b8cae54436a0:192.168.164.219:37536], old=null, confs=<EMPTY_MAP>
2019-10-14 19:32:58,264 [pool-443-thread-1] INFO  server.RaftServerConfigKeys (ConfUtils.java:logGet(43)) - raft.server.storage.dir = [/workdir/hadoop-ozone/integration-test/target/test-dir/MiniOzoneClusterImpl-108ecea4-3d96-4ce0-92d8-90fb95b9c2b0/datanode-6/data/ratis] (custom)
2019-10-14 19:32:58,264 [pool-443-thread-1] INFO  server.RaftServerConfigKeys (ConfUtils.java:logGet(43)) - raft.server.log.corruption.policy = EXCEPTION (default)
2019-10-14 19:32:58,264 [pool-443-thread-1] INFO  storage.RaftStorageDirectory (RaftStorageDirectory.java:analyzeStorage(246)) - The storage directory /workdir/hadoop-ozone/integration-test/target/test-dir/MiniOzoneClusterImpl-108ecea4-3d96-4ce0-92d8-90fb95b9c2b0/datanode-6/data/ratis/e4eb10e9-7cf3-4039-a1c0-a0255036cd87 does not exist. Creating ...
2019-10-14 19:32:58,292 [pool-443-thread-1] INFO  storage.RaftStorageDirectory (RaftStorageDirectory.java:tryLock(328)) - Lock on /workdir/hadoop-ozone/integration-test/target/test-dir/MiniOzoneClusterImpl-108ecea4-3d96-4ce0-92d8-90fb95b9c2b0/datanode-6/data/ratis/e4eb10e9-7cf3-4039-a1c0-a0255036cd87/in_use.lock acquired by nodename 20360@pr-hdds-1868-cfdmt-251076870
2019-10-14 19:32:58,317 [pool-443-thread-1] INFO  storage.RaftStorage (RaftStorage.java:format(84)) - Storage directory /workdir/hadoop-ozone/integration-test/target/test-dir/MiniOzoneClusterImpl-108ecea4-3d96-4ce0-92d8-90fb95b9c2b0/datanode-6/data/ratis/e4eb10e9-7cf3-4039-a1c0-a0255036cd87 has been successfully formatted.
2019-10-14 19:32:58,318 [pool-443-thread-1] INFO  ratis.ContainerStateMachine (ContainerStateMachine.java:loadSnapshot(233)) - group-A0255036CD87: The snapshot info is null. Setting the last applied indexto:(t:0, i:~)
2019-10-14 19:32:58,318 [pool-443-thread-1] INFO  server.RaftServerConfigKeys (ConfUtils.java:logGet(43)) - raft.server.notification.no-leader.timeout = 120s (custom)
2019-10-14 19:32:58,318 [pool-443-thread-1] INFO  server.RaftServerConfigKeys (ConfUtils.java:logGet(43)) - raft.server.log.use.memory = false (default)
2019-10-14 19:32:58,318 [pool-443-thread-1] INFO  server.RaftServerConfigKeys (ConfUtils.java:logGet(43)) - raft.server.log.purge.gap = 1000000 (custom)
2019-10-14 19:32:58,318 [pool-443-thread-1] INFO  server.RaftServerConfigKeys (ConfUtils.java:logGet(43)) - raft.server.log.appender.buffer.byte-limit = 33554432 (custom)
2019-10-14 19:32:58,318 [pool-443-thread-1] INFO  server.RaftServerConfigKeys (ConfUtils.java:logGet(43)) - raft.server.log.segment.size.max = 1048576 (custom)
2019-10-14 19:32:58,318 [pool-443-thread-1] INFO  server.RaftServerConfigKeys (ConfUtils.java:logGet(43)) - raft.server.log.segment.cache.num.max = 2 (custom)
2019-10-14 19:32:58,318 [pool-443-thread-1] INFO  segmented.SegmentedRaftLogWorker (SegmentedRaftLogWorker.java:<init>(173)) - new a41ac46c-31e5-445f-9985-b8cae54436a0@group-A0255036CD87-SegmentedRaftLogWorker for RaftStorage:Storage Directory /workdir/hadoop-ozone/integration-test/target/test-dir/MiniOzoneClusterImpl-108ecea4-3d96-4ce0-92d8-90fb95b9c2b0/datanode-6/data/ratis/e4eb10e9-7cf3-4039-a1c0-a0255036cd87
2019-10-14 19:32:58,318 [pool-443-thread-1] INFO  server.RaftServerConfigKeys (ConfUtils.java:logGet(43)) - raft.server.log.queue.byte-limit = 2147483647 (custom)
2019-10-14 19:32:58,318 [pool-443-thread-1] INFO  server.RaftServerConfigKeys (ConfUtils.java:logGet(43)) - raft.server.log.queue.element-limit = 1024 (custom)
2019-10-14 19:32:58,318 [pool-443-thread-1] INFO  server.RaftServerConfigKeys (ConfUtils.java:logGet(43)) - raft.server.log.segment.size.max = 1048576 (custom)
2019-10-14 19:32:58,318 [pool-443-thread-1] INFO  server.RaftServerConfigKeys (ConfUtils.java:logGet(43)) - raft.server.log.preallocated.size = 16384 (custom)
2019-10-14 19:32:58,319 [pool-443-thread-1] INFO  server.RaftServerConfigKeys (ConfUtils.java:logGet(43)) - raft.server.log.write.buffer.size = 33554432 (custom)
2019-10-14 19:32:58,319 [pool-443-thread-1] INFO  server.RaftServerConfigKeys (ConfUtils.java:logGet(43)) - raft.server.log.force.sync.num = 128 (default)
2019-10-14 19:32:58,319 [pool-443-thread-1] INFO  server.RaftServerConfigKeys (ConfUtils.java:logGet(43)) - raft.server.log.statemachine.data.sync = true (default)
2019-10-14 19:32:58,319 [pool-443-thread-1] INFO  server.RaftServerConfigKeys (ConfUtils.java:logGet(43)) - raft.server.log.statemachine.data.sync.timeout = 10s (default)
2019-10-14 19:32:58,319 [pool-443-thread-1] INFO  server.RaftServerConfigKeys (ConfUtils.java:logGet(43)) - raft.server.log.statemachine.data.sync.timeout.retry = -1 (default)
2019-10-14 19:32:58,319 [pool-443-thread-1] INFO  server.RaftServerConfigKeys (ConfUtils.java:logGet(43)) - raft.server.log.statemachine.data.caching.enabled = true (custom)
2019-10-14 19:32:58,319 [pool-443-thread-1] INFO  segmented.SegmentedRaftLogWorker (SegmentedRaftLogWorker.java:lambda$new$0(128)) - a41ac46c-31e5-445f-9985-b8cae54436a0@group-A0255036CD87-SegmentedRaftLogWorker: flushIndex: setUnconditionally 0 -> -1
2019-10-14 19:32:58,319 [pool-443-thread-1] INFO  server.RaftServerConfigKeys (ConfUtils.java:logGet(43)) - raft.server.snapshot.auto.trigger.enabled = true (custom)
2019-10-14 19:32:58,319 [pool-443-thread-1] INFO  server.RaftServerConfigKeys (ConfUtils.java:logGet(43)) - raft.server.snapshot.auto.trigger.threshold = 10000 (custom)
2019-10-14 19:32:58,320 [pool-443-thread-1] INFO  server.RaftServerConfigKeys (ConfUtils.java:logGet(43)) - raft.server.snapshot.retention.file.num = 5 (custom)
2019-10-14 19:32:58,320 [pool-443-thread-1] INFO  server.RaftServerConfigKeys (ConfUtils.java:logGet(43)) - raft.server.retrycache.expirytime = 600000ms (custom)
2019-10-14 19:32:58,321 [pool-443-thread-1] INFO  impl.RaftServerImpl (RaftServerImpl.java:start(181)) - a41ac46c-31e5-445f-9985-b8cae54436a0@group-A0255036CD87: start as a follower, conf=-1: [a41ac46c-31e5-445f-9985-b8cae54436a0:192.168.164.219:37536], old=null
2019-10-14 19:32:58,321 [pool-443-thread-1] INFO  impl.RaftServerImpl (RaftServerImpl.java:setRole(170)) - a41ac46c-31e5-445f-9985-b8cae54436a0@group-A0255036CD87: changes role from      null to FOLLOWER at term 0 for startAsFollower
2019-10-14 19:32:58,321 [pool-443-thread-1] INFO  impl.RoleInfo (RoleInfo.java:updateAndGet(143)) - a41ac46c-31e5-445f-9985-b8cae54436a0: start FollowerState
2019-10-14 19:32:58,321 [pool-443-thread-1] INFO  util.JmxRegister (JmxRegister.java:tryRegister(44)) - Successfully registered JMX Bean with object name Ratis:service=RaftServer,group=group-A0255036CD87,id=a41ac46c-31e5-445f-9985-b8cae54436a0
2019-10-14 19:32:58,324 [RatisPipelineUtilsThread] INFO  pipeline.PipelineStateManager (PipelineStateManager.java:addPipeline(57)) - Created pipeline Pipeline[ Id: e4eb10e9-7cf3-4039-a1c0-a0255036cd87, Nodes: a41ac46c-31e5-445f-9985-b8cae54436a0{ip: 192.168.164.219, host: pr-hdds-1868-cfdmt-251076870, networkLocation: /default-rack, certSerialId: null}, Type:RATIS, Factor:ONE, State:ALLOCATED]
2019-10-14 19:32:58,325 [Thread-2445] INFO  pipeline.PipelineStateManager (PipelineStateManager.java:finalizePipeline(123)) - Pipeline Pipeline[ Id: edbe7e81-f1a4-4a51-95c5-c4acd04f54cb, Nodes: 64281e43-5db8-458f-889d-e68788332a0e{ip: 192.168.164.219, host: pr-hdds-1868-cfdmt-251076870, networkLocation: /default-rack, certSerialId: null}, Type:RATIS, Factor:ONE, State:CLOSED] moved to CLOSED state
2019-10-14 19:32:58,333 [grpc-default-executor-6] INFO  impl.RaftServerProxy (RaftServerProxy.java:remove(95)) - 64281e43-5db8-458f-889d-e68788332a0e: remove  FOLLOWER 64281e43-5db8-458f-889d-e68788332a0e@group-C4ACD04F54CB:t0, leader=null, voted=null, raftlog=64281e43-5db8-458f-889d-e68788332a0e@group-C4ACD04F54CB-SegmentedRaftLog:OPENED:c-1,f-1,i0, conf=-1: [64281e43-5db8-458f-889d-e68788332a0e:192.168.164.219:34783], old=null RUNNING
2019-10-14 19:32:58,333 [grpc-default-executor-6] INFO  impl.RaftServerImpl (RaftServerImpl.java:lambda$shutdown$3(247)) - 64281e43-5db8-458f-889d-e68788332a0e@group-C4ACD04F54CB: shutdown
2019-10-14 19:32:58,333 [grpc-default-executor-6] INFO  util.JmxRegister (JmxRegister.java:unregister(73)) - Successfully un-registered JMX Bean with object name Ratis:service=RaftServer,group=group-C4ACD04F54CB,id=64281e43-5db8-458f-889d-e68788332a0e
2019-10-14 19:32:58,334 [grpc-default-executor-6] INFO  impl.RoleInfo (RoleInfo.java:shutdownFollowerState(121)) - 64281e43-5db8-458f-889d-e68788332a0e: shutdown FollowerState
2019-10-14 19:32:58,334 [grpc-default-executor-6] INFO  impl.StateMachineUpdater (StateMachineUpdater.java:stopAndJoin(136)) - 64281e43-5db8-458f-889d-e68788332a0e@group-C4ACD04F54CB-StateMachineUpdater: set stopIndex = -1
2019-10-14 19:32:58,334 [Thread-2450] INFO  impl.FollowerState (FollowerState.java:run(117)) - 64281e43-5db8-458f-889d-e68788332a0e@group-C4ACD04F54CB-FollowerState was interrupted: java.lang.InterruptedException: sleep interrupted
2019-10-14 19:32:58,334 [grpc-default-executor-6] INFO  impl.RaftServerImpl (ServerState.java:close(387)) - 64281e43-5db8-458f-889d-e68788332a0e@group-C4ACD04F54CB: closes. applyIndex: -1
2019-10-14 19:32:58,337 [64281e43-5db8-458f-889d-e68788332a0e@group-C4ACD04F54CB-SegmentedRaftLogWorker] INFO  segmented.SegmentedRaftLogWorker (SegmentedRaftLogWorker.java:run(316)) - 64281e43-5db8-458f-889d-e68788332a0e@group-C4ACD04F54CB-SegmentedRaftLogWorker was interrupted, exiting. There are 0 tasks remaining in the queue.
2019-10-14 19:32:58,337 [grpc-default-executor-6] INFO  segmented.SegmentedRaftLogWorker (SegmentedRaftLogWorker.java:close(224)) - 64281e43-5db8-458f-889d-e68788332a0e@group-C4ACD04F54CB-SegmentedRaftLogWorker close()
2019-10-14 19:32:58,344 [Thread-2445] INFO  pipeline.PipelineStateManager (PipelineStateManager.java:removePipeline(108)) - Pipeline Pipeline[ Id: edbe7e81-f1a4-4a51-95c5-c4acd04f54cb, Nodes: 64281e43-5db8-458f-889d-e68788332a0e{ip: 192.168.164.219, host: pr-hdds-1868-cfdmt-251076870, networkLocation: /default-rack, certSerialId: null}, Type:RATIS, Factor:ONE, State:CLOSED] removed from db
2019-10-14 19:32:58,344 [Thread-2445] INFO  pipeline.SCMPipelineManager (SCMPipelineManager.java:finalizeAndDestroyPipeline(315)) - destroying pipeline:Pipeline[ Id: 62450241-1272-4242-a849-d1ab2d822573, Nodes: a41ac46c-31e5-445f-9985-b8cae54436a0{ip: 192.168.164.219, host: pr-hdds-1868-cfdmt-251076870, networkLocation: /default-rack, certSerialId: null}1a51902b-5369-4ef0-9d6f-b4b6ad802bb2{ip: 192.168.164.219, host: pr-hdds-1868-cfdmt-251076870, networkLocation: /default-rack, certSerialId: null}c760ddd1-975e-4e4f-8a7d-7dfc99016f69{ip: 192.168.164.219, host: pr-hdds-1868-cfdmt-251076870, networkLocation: /default-rack, certSerialId: null}, Type:RATIS, Factor:THREE, State:ALLOCATED]
2019-10-14 19:32:58,347 [grpc-default-executor-6] INFO  impl.RaftServerProxy (RaftServerProxy.java:addNew(89)) - 64281e43-5db8-458f-889d-e68788332a0e: addNew group-72D0BBB4716A:[64281e43-5db8-458f-889d-e68788332a0e:192.168.164.219:34783] returns group-72D0BBB4716A:java.util.concurrent.CompletableFuture@c02ed[Not completed]
2019-10-14 19:32:58,349 [pool-393-thread-1] INFO  impl.RaftServerImpl (RaftServerImpl.java:<init>(95)) - 64281e43-5db8-458f-889d-e68788332a0e: new RaftServerImpl for group-72D0BBB4716A:[64281e43-5db8-458f-889d-e68788332a0e:192.168.164.219:34783] with ContainerStateMachine:uninitialized
2019-10-14 19:32:58,349 [pool-393-thread-1] INFO  server.RaftServerConfigKeys (ConfUtils.java:logGet(43)) - raft.server.rpc.timeout.min = 5s (custom)
2019-10-14 19:32:58,349 [pool-393-thread-1] INFO  server.RaftServerConfigKeys (ConfUtils.java:logGet(43)) - raft.server.rpc.timeout.max = 5200ms (custom)
2019-10-14 19:32:58,349 [pool-393-thread-1] INFO  server.RaftServerConfigKeys (ConfUtils.java:logGet(43)) - raft.server.rpcslowness.timeout = 120s (custom)
2019-10-14 19:32:58,349 [pool-393-thread-1] INFO  server.RaftServerConfigKeys (ConfUtils.java:logGet(43)) - raft.server.sleep.deviation.threshold = 300 (default)
2019-10-14 19:32:58,350 [pool-393-thread-1] INFO  server.RaftServerConfigKeys (ConfUtils.java:logGet(43)) - raft.server.log.appender.install.snapshot.enabled = false (custom)
2019-10-14 19:32:58,350 [pool-393-thread-1] INFO  impl.RaftServerImpl (ServerState.java:<init>(103)) - 64281e43-5db8-458f-889d-e68788332a0e@group-72D0BBB4716A: ConfigurationManager, init=-1: [64281e43-5db8-458f-889d-e68788332a0e:192.168.164.219:34783], old=null, confs=<EMPTY_MAP>
2019-10-14 19:32:58,350 [pool-393-thread-1] INFO  server.RaftServerConfigKeys (ConfUtils.java:logGet(43)) - raft.server.storage.dir = [/workdir/hadoop-ozone/integration-test/target/test-dir/MiniOzoneClusterImpl-108ecea4-3d96-4ce0-92d8-90fb95b9c2b0/datanode-1/data/ratis] (custom)
2019-10-14 19:32:58,350 [pool-393-thread-1] INFO  server.RaftServerConfigKeys (ConfUtils.java:logGet(43)) - raft.server.log.corruption.policy = EXCEPTION (default)
2019-10-14 19:32:58,351 [pool-393-thread-1] INFO  storage.RaftStorageDirectory (RaftStorageDirectory.java:analyzeStorage(246)) - The storage directory /workdir/hadoop-ozone/integration-test/target/test-dir/MiniOzoneClusterImpl-108ecea4-3d96-4ce0-92d8-90fb95b9c2b0/datanode-1/data/ratis/898bb91a-db88-4ef1-8ab6-72d0bbb4716a does not exist. Creating ...
2019-10-14 19:32:58,386 [pool-393-thread-1] INFO  storage.RaftStorageDirectory (RaftStorageDirectory.java:tryLock(328)) - Lock on /workdir/hadoop-ozone/integration-test/target/test-dir/MiniOzoneClusterImpl-108ecea4-3d96-4ce0-92d8-90fb95b9c2b0/datanode-1/data/ratis/898bb91a-db88-4ef1-8ab6-72d0bbb4716a/in_use.lock acquired by nodename 20360@pr-hdds-1868-cfdmt-251076870
2019-10-14 19:32:58,411 [pool-393-thread-1] INFO  storage.RaftStorage (RaftStorage.java:format(84)) - Storage directory /workdir/hadoop-ozone/integration-test/target/test-dir/MiniOzoneClusterImpl-108ecea4-3d96-4ce0-92d8-90fb95b9c2b0/datanode-1/data/ratis/898bb91a-db88-4ef1-8ab6-72d0bbb4716a has been successfully formatted.
2019-10-14 19:32:58,411 [pool-393-thread-1] INFO  ratis.ContainerStateMachine (ContainerStateMachine.java:loadSnapshot(233)) - group-72D0BBB4716A: The snapshot info is null. Setting the last applied indexto:(t:0, i:~)
2019-10-14 19:32:58,412 [pool-393-thread-1] INFO  server.RaftServerConfigKeys (ConfUtils.java:logGet(43)) - raft.server.notification.no-leader.timeout = 120s (custom)
2019-10-14 19:32:58,412 [pool-393-thread-1] INFO  server.RaftServerConfigKeys (ConfUtils.java:logGet(43)) - raft.server.log.use.memory = false (default)
2019-10-14 19:32:58,412 [pool-393-thread-1] INFO  server.RaftServerConfigKeys (ConfUtils.java:logGet(43)) - raft.server.log.purge.gap = 1000000 (custom)
2019-10-14 19:32:58,412 [pool-393-thread-1] INFO  server.RaftServerConfigKeys (ConfUtils.java:logGet(43)) - raft.server.log.appender.buffer.byte-limit = 33554432 (custom)
2019-10-14 19:32:58,412 [pool-393-thread-1] INFO  server.RaftServerConfigKeys (ConfUtils.java:logGet(43)) - raft.server.log.segment.size.max = 1048576 (custom)
2019-10-14 19:32:58,412 [pool-393-thread-1] INFO  server.RaftServerConfigKeys (ConfUtils.java:logGet(43)) - raft.server.log.segment.cache.num.max = 2 (custom)
2019-10-14 19:32:58,413 [pool-393-thread-1] INFO  segmented.SegmentedRaftLogWorker (SegmentedRaftLogWorker.java:<init>(173)) - new 64281e43-5db8-458f-889d-e68788332a0e@group-72D0BBB4716A-SegmentedRaftLogWorker for RaftStorage:Storage Directory /workdir/hadoop-ozone/integration-test/target/test-dir/MiniOzoneClusterImpl-108ecea4-3d96-4ce0-92d8-90fb95b9c2b0/datanode-1/data/ratis/898bb91a-db88-4ef1-8ab6-72d0bbb4716a
2019-10-14 19:32:58,413 [pool-393-thread-1] INFO  server.RaftServerConfigKeys (ConfUtils.java:logGet(43)) - raft.server.log.queue.byte-limit = 2147483647 (custom)
2019-10-14 19:32:58,413 [pool-393-thread-1] INFO  server.RaftServerConfigKeys (ConfUtils.java:logGet(43)) - raft.server.log.queue.element-limit = 1024 (custom)
2019-10-14 19:32:58,413 [pool-393-thread-1] INFO  server.RaftServerConfigKeys (ConfUtils.java:logGet(43)) - raft.server.log.segment.size.max = 1048576 (custom)
2019-10-14 19:32:58,413 [pool-393-thread-1] INFO  server.RaftServerConfigKeys (ConfUtils.java:logGet(43)) - raft.server.log.preallocated.size = 16384 (custom)
2019-10-14 19:32:58,414 [pool-393-thread-1] INFO  server.RaftServerConfigKeys (ConfUtils.java:logGet(43)) - raft.server.log.write.buffer.size = 33554432 (custom)
2019-10-14 19:32:58,414 [pool-393-thread-1] INFO  server.RaftServerConfigKeys (ConfUtils.java:logGet(43)) - raft.server.log.force.sync.num = 128 (default)
2019-10-14 19:32:58,414 [pool-393-thread-1] INFO  server.RaftServerConfigKeys (ConfUtils.java:logGet(43)) - raft.server.log.statemachine.data.sync = true (default)
2019-10-14 19:32:58,414 [pool-393-thread-1] INFO  server.RaftServerConfigKeys (ConfUtils.java:logGet(43)) - raft.server.log.statemachine.data.sync.timeout = 10s (default)
2019-10-14 19:32:58,414 [pool-393-thread-1] INFO  server.RaftServerConfigKeys (ConfUtils.java:logGet(43)) - raft.server.log.statemachine.data.sync.timeout.retry = -1 (default)
2019-10-14 19:32:58,414 [pool-393-thread-1] INFO  server.RaftServerConfigKeys (ConfUtils.java:logGet(43)) - raft.server.log.statemachine.data.caching.enabled = true (custom)
2019-10-14 19:32:58,415 [pool-393-thread-1] INFO  segmented.SegmentedRaftLogWorker (SegmentedRaftLogWorker.java:lambda$new$0(128)) - 64281e43-5db8-458f-889d-e68788332a0e@group-72D0BBB4716A-SegmentedRaftLogWorker: flushIndex: setUnconditionally 0 -> -1
2019-10-14 19:32:58,415 [pool-393-thread-1] INFO  server.RaftServerConfigKeys (ConfUtils.java:logGet(43)) - raft.server.snapshot.auto.trigger.enabled = true (custom)
2019-10-14 19:32:58,415 [pool-393-thread-1] INFO  server.RaftServerConfigKeys (ConfUtils.java:logGet(43)) - raft.server.snapshot.auto.trigger.threshold = 10000 (custom)
2019-10-14 19:32:58,415 [pool-393-thread-1] INFO  server.RaftServerConfigKeys (ConfUtils.java:logGet(43)) - raft.server.snapshot.retention.file.num = 5 (custom)
2019-10-14 19:32:58,416 [pool-393-thread-1] INFO  server.RaftServerConfigKeys (ConfUtils.java:logGet(43)) - raft.server.retrycache.expirytime = 600000ms (custom)
2019-10-14 19:32:58,417 [pool-393-thread-1] INFO  impl.RaftServerImpl (RaftServerImpl.java:start(181)) - 64281e43-5db8-458f-889d-e68788332a0e@group-72D0BBB4716A: start as a follower, conf=-1: [64281e43-5db8-458f-889d-e68788332a0e:192.168.164.219:34783], old=null
2019-10-14 19:32:58,417 [pool-393-thread-1] INFO  impl.RaftServerImpl (RaftServerImpl.java:setRole(170)) - 64281e43-5db8-458f-889d-e68788332a0e@group-72D0BBB4716A: changes role from      null to FOLLOWER at term 0 for startAsFollower
2019-10-14 19:32:58,417 [pool-393-thread-1] INFO  impl.RoleInfo (RoleInfo.java:updateAndGet(143)) - 64281e43-5db8-458f-889d-e68788332a0e: start FollowerState
2019-10-14 19:32:58,442 [pool-393-thread-1] INFO  util.JmxRegister (JmxRegister.java:tryRegister(44)) - Successfully registered JMX Bean with object name Ratis:service=RaftServer,group=group-72D0BBB4716A,id=64281e43-5db8-458f-889d-e68788332a0e
2019-10-14 19:32:58,458 [RatisPipelineUtilsThread] INFO  pipeline.PipelineStateManager (PipelineStateManager.java:addPipeline(57)) - Created pipeline Pipeline[ Id: 898bb91a-db88-4ef1-8ab6-72d0bbb4716a, Nodes: 64281e43-5db8-458f-889d-e68788332a0e{ip: 192.168.164.219, host: pr-hdds-1868-cfdmt-251076870, networkLocation: /default-rack, certSerialId: null}, Type:RATIS, Factor:ONE, State:ALLOCATED]
2019-10-14 19:32:58,459 [Thread-2445] INFO  pipeline.PipelineStateManager (PipelineStateManager.java:finalizePipeline(123)) - Pipeline Pipeline[ Id: 62450241-1272-4242-a849-d1ab2d822573, Nodes: a41ac46c-31e5-445f-9985-b8cae54436a0{ip: 192.168.164.219, host: pr-hdds-1868-cfdmt-251076870, networkLocation: /default-rack, certSerialId: null}1a51902b-5369-4ef0-9d6f-b4b6ad802bb2{ip: 192.168.164.219, host: pr-hdds-1868-cfdmt-251076870, networkLocation: /default-rack, certSerialId: null}c760ddd1-975e-4e4f-8a7d-7dfc99016f69{ip: 192.168.164.219, host: pr-hdds-1868-cfdmt-251076870, networkLocation: /default-rack, certSerialId: null}, Type:RATIS, Factor:THREE, State:CLOSED] moved to CLOSED state
2019-10-14 19:32:58,487 [grpc-default-executor-0] INFO  impl.RaftServerProxy (RaftServerProxy.java:addNew(89)) - c760ddd1-975e-4e4f-8a7d-7dfc99016f69: addNew group-2768B720E33F:[c760ddd1-975e-4e4f-8a7d-7dfc99016f69:192.168.164.219:45173, a41ac46c-31e5-445f-9985-b8cae54436a0:192.168.164.219:37536, 1a51902b-5369-4ef0-9d6f-b4b6ad802bb2:192.168.164.219:39283] returns group-2768B720E33F:java.util.concurrent.CompletableFuture@38a19db[Not completed]
2019-10-14 19:32:58,487 [grpc-default-executor-6] INFO  impl.RaftServerProxy (RaftServerProxy.java:addNew(89)) - a41ac46c-31e5-445f-9985-b8cae54436a0: addNew group-2768B720E33F:[c760ddd1-975e-4e4f-8a7d-7dfc99016f69:192.168.164.219:45173, a41ac46c-31e5-445f-9985-b8cae54436a0:192.168.164.219:37536, 1a51902b-5369-4ef0-9d6f-b4b6ad802bb2:192.168.164.219:39283] returns group-2768B720E33F:java.util.concurrent.CompletableFuture@647c4fde[Not completed]
2019-10-14 19:32:58,488 [grpc-default-executor-6] INFO  impl.RaftServerProxy (RaftServerProxy.java:addNew(89)) - 1a51902b-5369-4ef0-9d6f-b4b6ad802bb2: addNew group-2768B720E33F:[c760ddd1-975e-4e4f-8a7d-7dfc99016f69:192.168.164.219:45173, a41ac46c-31e5-445f-9985-b8cae54436a0:192.168.164.219:37536, 1a51902b-5369-4ef0-9d6f-b4b6ad802bb2:192.168.164.219:39283] returns group-2768B720E33F:java.util.concurrent.CompletableFuture@4f3b4f5a[Not completed]
2019-10-14 19:32:58,488 [pool-433-thread-1] INFO  impl.RaftServerImpl (RaftServerImpl.java:<init>(95)) - c760ddd1-975e-4e4f-8a7d-7dfc99016f69: new RaftServerImpl for group-2768B720E33F:[c760ddd1-975e-4e4f-8a7d-7dfc99016f69:192.168.164.219:45173, a41ac46c-31e5-445f-9985-b8cae54436a0:192.168.164.219:37536, 1a51902b-5369-4ef0-9d6f-b4b6ad802bb2:192.168.164.219:39283] with ContainerStateMachine:uninitialized
2019-10-14 19:32:58,494 [pool-443-thread-1] INFO  impl.RaftServerImpl (RaftServerImpl.java:<init>(95)) - a41ac46c-31e5-445f-9985-b8cae54436a0: new RaftServerImpl for group-2768B720E33F:[c760ddd1-975e-4e4f-8a7d-7dfc99016f69:192.168.164.219:45173, a41ac46c-31e5-445f-9985-b8cae54436a0:192.168.164.219:37536, 1a51902b-5369-4ef0-9d6f-b4b6ad802bb2:192.168.164.219:39283] with ContainerStateMachine:uninitialized
2019-10-14 19:32:58,493 [grpc-default-executor-0] INFO  impl.RaftServerProxy (RaftServerProxy.java:remove(95)) - a41ac46c-31e5-445f-9985-b8cae54436a0: remove  FOLLOWER a41ac46c-31e5-445f-9985-b8cae54436a0@group-D1AB2D822573:t0, leader=null, voted=null, raftlog=a41ac46c-31e5-445f-9985-b8cae54436a0@group-D1AB2D822573-SegmentedRaftLog:OPENED:c-1,f-1,i0, conf=-1: [c760ddd1-975e-4e4f-8a7d-7dfc99016f69:192.168.164.219:45173, a41ac46c-31e5-445f-9985-b8cae54436a0:192.168.164.219:37536, 1a51902b-5369-4ef0-9d6f-b4b6ad802bb2:192.168.164.219:39283], old=null RUNNING
2019-10-14 19:32:58,494 [pool-443-thread-1] INFO  server.RaftServerConfigKeys (ConfUtils.java:logGet(43)) - raft.server.rpc.timeout.min = 5s (custom)
2019-10-14 19:32:58,494 [pool-443-thread-1] INFO  server.RaftServerConfigKeys (ConfUtils.java:logGet(43)) - raft.server.rpc.timeout.max = 5200ms (custom)
2019-10-14 19:32:58,494 [pool-433-thread-1] INFO  server.RaftServerConfigKeys (ConfUtils.java:logGet(43)) - raft.server.rpc.timeout.min = 5s (custom)
2019-10-14 19:32:58,494 [pool-413-thread-1] INFO  impl.RaftServerImpl (RaftServerImpl.java:<init>(95)) - 1a51902b-5369-4ef0-9d6f-b4b6ad802bb2: new RaftServerImpl for group-2768B720E33F:[c760ddd1-975e-4e4f-8a7d-7dfc99016f69:192.168.164.219:45173, a41ac46c-31e5-445f-9985-b8cae54436a0:192.168.164.219:37536, 1a51902b-5369-4ef0-9d6f-b4b6ad802bb2:192.168.164.219:39283] with ContainerStateMachine:uninitialized
2019-10-14 19:32:58,494 [pool-443-thread-1] INFO  server.RaftServerConfigKeys (ConfUtils.java:logGet(43)) - raft.server.rpcslowness.timeout = 120s (custom)
2019-10-14 19:32:58,494 [grpc-default-executor-0] INFO  impl.RaftServerImpl (RaftServerImpl.java:lambda$shutdown$3(247)) - a41ac46c-31e5-445f-9985-b8cae54436a0@group-D1AB2D822573: shutdown
2019-10-14 19:32:58,494 [pool-443-thread-1] INFO  server.RaftServerConfigKeys (ConfUtils.java:logGet(43)) - raft.server.sleep.deviation.threshold = 300 (default)
2019-10-14 19:32:58,494 [pool-413-thread-1] INFO  server.RaftServerConfigKeys (ConfUtils.java:logGet(43)) - raft.server.rpc.timeout.min = 5s (custom)
2019-10-14 19:32:58,495 [pool-413-thread-1] INFO  server.RaftServerConfigKeys (ConfUtils.java:logGet(43)) - raft.server.rpc.timeout.max = 5200ms (custom)
2019-10-14 19:32:58,494 [pool-433-thread-1] INFO  server.RaftServerConfigKeys (ConfUtils.java:logGet(43)) - raft.server.rpc.timeout.max = 5200ms (custom)
2019-10-14 19:32:58,495 [pool-413-thread-1] INFO  server.RaftServerConfigKeys (ConfUtils.java:logGet(43)) - raft.server.rpcslowness.timeout = 120s (custom)
2019-10-14 19:32:58,495 [pool-413-thread-1] INFO  server.RaftServerConfigKeys (ConfUtils.java:logGet(43)) - raft.server.sleep.deviation.threshold = 300 (default)
2019-10-14 19:32:58,495 [pool-443-thread-1] INFO  server.RaftServerConfigKeys (ConfUtils.java:logGet(43)) - raft.server.log.appender.install.snapshot.enabled = false (custom)
2019-10-14 19:32:58,495 [grpc-default-executor-0] INFO  util.JmxRegister (JmxRegister.java:unregister(73)) - Successfully un-registered JMX Bean with object name Ratis:service=RaftServer,group=group-D1AB2D822573,id=a41ac46c-31e5-445f-9985-b8cae54436a0
2019-10-14 19:32:58,495 [pool-443-thread-1] INFO  impl.RaftServerImpl (ServerState.java:<init>(103)) - a41ac46c-31e5-445f-9985-b8cae54436a0@group-2768B720E33F: ConfigurationManager, init=-1: [c760ddd1-975e-4e4f-8a7d-7dfc99016f69:192.168.164.219:45173, a41ac46c-31e5-445f-9985-b8cae54436a0:192.168.164.219:37536, 1a51902b-5369-4ef0-9d6f-b4b6ad802bb2:192.168.164.219:39283], old=null, confs=<EMPTY_MAP>
2019-10-14 19:32:58,495 [pool-413-thread-1] INFO  server.RaftServerConfigKeys (ConfUtils.java:logGet(43)) - raft.server.log.appender.install.snapshot.enabled = false (custom)
2019-10-14 19:32:58,495 [pool-433-thread-1] INFO  server.RaftServerConfigKeys (ConfUtils.java:logGet(43)) - raft.server.rpcslowness.timeout = 120s (custom)
2019-10-14 19:32:58,496 [pool-413-thread-1] INFO  impl.RaftServerImpl (ServerState.java:<init>(103)) - 1a51902b-5369-4ef0-9d6f-b4b6ad802bb2@group-2768B720E33F: ConfigurationManager, init=-1: [c760ddd1-975e-4e4f-8a7d-7dfc99016f69:192.168.164.219:45173, a41ac46c-31e5-445f-9985-b8cae54436a0:192.168.164.219:37536, 1a51902b-5369-4ef0-9d6f-b4b6ad802bb2:192.168.164.219:39283], old=null, confs=<EMPTY_MAP>
2019-10-14 19:32:58,496 [pool-443-thread-1] INFO  server.RaftServerConfigKeys (ConfUtils.java:logGet(43)) - raft.server.storage.dir = [/workdir/hadoop-ozone/integration-test/target/test-dir/MiniOzoneClusterImpl-108ecea4-3d96-4ce0-92d8-90fb95b9c2b0/datanode-6/data/ratis] (custom)
2019-10-14 19:32:58,495 [grpc-default-executor-0] INFO  impl.RoleInfo (RoleInfo.java:shutdownFollowerState(121)) - a41ac46c-31e5-445f-9985-b8cae54436a0: shutdown FollowerState
2019-10-14 19:32:58,496 [pool-443-thread-1] INFO  server.RaftServerConfigKeys (ConfUtils.java:logGet(43)) - raft.server.log.corruption.policy = EXCEPTION (default)
2019-10-14 19:32:58,496 [pool-413-thread-1] INFO  server.RaftServerConfigKeys (ConfUtils.java:logGet(43)) - raft.server.storage.dir = [/workdir/hadoop-ozone/integration-test/target/test-dir/MiniOzoneClusterImpl-108ecea4-3d96-4ce0-92d8-90fb95b9c2b0/datanode-3/data/ratis] (custom)
2019-10-14 19:32:58,496 [pool-433-thread-1] INFO  server.RaftServerConfigKeys (ConfUtils.java:logGet(43)) - raft.server.sleep.deviation.threshold = 300 (default)
2019-10-14 19:32:58,496 [pool-443-thread-1] INFO  storage.RaftStorageDirectory (RaftStorageDirectory.java:analyzeStorage(246)) - The storage directory /workdir/hadoop-ozone/integration-test/target/test-dir/MiniOzoneClusterImpl-108ecea4-3d96-4ce0-92d8-90fb95b9c2b0/datanode-6/data/ratis/fda76f22-187f-4907-895d-2768b720e33f does not exist. Creating ...
2019-10-14 19:32:58,496 [Thread-2482] INFO  impl.FollowerState (FollowerState.java:run(117)) - a41ac46c-31e5-445f-9985-b8cae54436a0@group-D1AB2D822573-FollowerState was interrupted: java.lang.InterruptedException: sleep interrupted
2019-10-14 19:32:58,496 [grpc-default-executor-0] INFO  impl.StateMachineUpdater (StateMachineUpdater.java:stopAndJoin(136)) - a41ac46c-31e5-445f-9985-b8cae54436a0@group-D1AB2D822573-StateMachineUpdater: set stopIndex = -1
2019-10-14 19:32:58,501 [grpc-default-executor-0] INFO  impl.RaftServerImpl (ServerState.java:close(387)) - a41ac46c-31e5-445f-9985-b8cae54436a0@group-D1AB2D822573: closes. applyIndex: -1
2019-10-14 19:32:58,496 [pool-413-thread-1] INFO  server.RaftServerConfigKeys (ConfUtils.java:logGet(43)) - raft.server.log.corruption.policy = EXCEPTION (default)
2019-10-14 19:32:58,501 [a41ac46c-31e5-445f-9985-b8cae54436a0@group-D1AB2D822573-SegmentedRaftLogWorker] INFO  segmented.SegmentedRaftLogWorker (SegmentedRaftLogWorker.java:run(316)) - a41ac46c-31e5-445f-9985-b8cae54436a0@group-D1AB2D822573-SegmentedRaftLogWorker was interrupted, exiting. There are 0 tasks remaining in the queue.
2019-10-14 19:32:58,496 [pool-433-thread-1] INFO  server.RaftServerConfigKeys (ConfUtils.java:logGet(43)) - raft.server.log.appender.install.snapshot.enabled = false (custom)
2019-10-14 19:32:58,501 [grpc-default-executor-0] INFO  segmented.SegmentedRaftLogWorker (SegmentedRaftLogWorker.java:close(224)) - a41ac46c-31e5-445f-9985-b8cae54436a0@group-D1AB2D822573-SegmentedRaftLogWorker close()
2019-10-14 19:32:58,501 [pool-413-thread-1] INFO  storage.RaftStorageDirectory (RaftStorageDirectory.java:analyzeStorage(246)) - The storage directory /workdir/hadoop-ozone/integration-test/target/test-dir/MiniOzoneClusterImpl-108ecea4-3d96-4ce0-92d8-90fb95b9c2b0/datanode-3/data/ratis/fda76f22-187f-4907-895d-2768b720e33f does not exist. Creating ...
2019-10-14 19:32:58,501 [pool-433-thread-1] INFO  impl.RaftServerImpl (ServerState.java:<init>(103)) - c760ddd1-975e-4e4f-8a7d-7dfc99016f69@group-2768B720E33F: ConfigurationManager, init=-1: [c760ddd1-975e-4e4f-8a7d-7dfc99016f69:192.168.164.219:45173, a41ac46c-31e5-445f-9985-b8cae54436a0:192.168.164.219:37536, 1a51902b-5369-4ef0-9d6f-b4b6ad802bb2:192.168.164.219:39283], old=null, confs=<EMPTY_MAP>
2019-10-14 19:32:58,508 [pool-433-thread-1] INFO  server.RaftServerConfigKeys (ConfUtils.java:logGet(43)) - raft.server.storage.dir = [/workdir/hadoop-ozone/integration-test/target/test-dir/MiniOzoneClusterImpl-108ecea4-3d96-4ce0-92d8-90fb95b9c2b0/datanode-5/data/ratis] (custom)
2019-10-14 19:32:58,508 [pool-433-thread-1] INFO  server.RaftServerConfigKeys (ConfUtils.java:logGet(43)) - raft.server.log.corruption.policy = EXCEPTION (default)
2019-10-14 19:32:58,508 [pool-433-thread-1] INFO  storage.RaftStorageDirectory (RaftStorageDirectory.java:analyzeStorage(246)) - The storage directory /workdir/hadoop-ozone/integration-test/target/test-dir/MiniOzoneClusterImpl-108ecea4-3d96-4ce0-92d8-90fb95b9c2b0/datanode-5/data/ratis/fda76f22-187f-4907-895d-2768b720e33f does not exist. Creating ...
2019-10-14 19:32:58,515 [grpc-default-executor-0] INFO  impl.RaftServerProxy (RaftServerProxy.java:remove(95)) - 1a51902b-5369-4ef0-9d6f-b4b6ad802bb2: remove  FOLLOWER 1a51902b-5369-4ef0-9d6f-b4b6ad802bb2@group-D1AB2D822573:t0, leader=null, voted=null, raftlog=1a51902b-5369-4ef0-9d6f-b4b6ad802bb2@group-D1AB2D822573-SegmentedRaftLog:OPENED:c-1,f-1,i0, conf=-1: [c760ddd1-975e-4e4f-8a7d-7dfc99016f69:192.168.164.219:45173, a41ac46c-31e5-445f-9985-b8cae54436a0:192.168.164.219:37536, 1a51902b-5369-4ef0-9d6f-b4b6ad802bb2:192.168.164.219:39283], old=null RUNNING
2019-10-14 19:32:58,516 [grpc-default-executor-0] INFO  impl.RaftServerImpl (RaftServerImpl.java:lambda$shutdown$3(247)) - 1a51902b-5369-4ef0-9d6f-b4b6ad802bb2@group-D1AB2D822573: shutdown
2019-10-14 19:32:58,516 [grpc-default-executor-0] INFO  util.JmxRegister (JmxRegister.java:unregister(73)) - Successfully un-registered JMX Bean with object name Ratis:service=RaftServer,group=group-D1AB2D822573,id=1a51902b-5369-4ef0-9d6f-b4b6ad802bb2
2019-10-14 19:32:58,516 [grpc-default-executor-0] INFO  impl.RoleInfo (RoleInfo.java:shutdownFollowerState(121)) - 1a51902b-5369-4ef0-9d6f-b4b6ad802bb2: shutdown FollowerState
2019-10-14 19:32:58,516 [grpc-default-executor-0] INFO  impl.StateMachineUpdater (StateMachineUpdater.java:stopAndJoin(136)) - 1a51902b-5369-4ef0-9d6f-b4b6ad802bb2@group-D1AB2D822573-StateMachineUpdater: set stopIndex = -1
2019-10-14 19:32:58,516 [Thread-2483] INFO  impl.FollowerState (FollowerState.java:run(117)) - 1a51902b-5369-4ef0-9d6f-b4b6ad802bb2@group-D1AB2D822573-FollowerState was interrupted: java.lang.InterruptedException: sleep interrupted
2019-10-14 19:32:58,516 [grpc-default-executor-0] INFO  impl.RaftServerImpl (ServerState.java:close(387)) - 1a51902b-5369-4ef0-9d6f-b4b6ad802bb2@group-D1AB2D822573: closes. applyIndex: -1
2019-10-14 19:32:58,519 [1a51902b-5369-4ef0-9d6f-b4b6ad802bb2@group-D1AB2D822573-SegmentedRaftLogWorker] INFO  segmented.SegmentedRaftLogWorker (SegmentedRaftLogWorker.java:run(316)) - 1a51902b-5369-4ef0-9d6f-b4b6ad802bb2@group-D1AB2D822573-SegmentedRaftLogWorker was interrupted, exiting. There are 0 tasks remaining in the queue.
2019-10-14 19:32:58,520 [grpc-default-executor-0] INFO  segmented.SegmentedRaftLogWorker (SegmentedRaftLogWorker.java:close(224)) - 1a51902b-5369-4ef0-9d6f-b4b6ad802bb2@group-D1AB2D822573-SegmentedRaftLogWorker close()
2019-10-14 19:32:58,528 [pool-443-thread-1] INFO  storage.RaftStorageDirectory (RaftStorageDirectory.java:tryLock(328)) - Lock on /workdir/hadoop-ozone/integration-test/target/test-dir/MiniOzoneClusterImpl-108ecea4-3d96-4ce0-92d8-90fb95b9c2b0/datanode-6/data/ratis/fda76f22-187f-4907-895d-2768b720e33f/in_use.lock acquired by nodename 20360@pr-hdds-1868-cfdmt-251076870
2019-10-14 19:32:58,528 [pool-433-thread-1] INFO  storage.RaftStorageDirectory (RaftStorageDirectory.java:tryLock(328)) - Lock on /workdir/hadoop-ozone/integration-test/target/test-dir/MiniOzoneClusterImpl-108ecea4-3d96-4ce0-92d8-90fb95b9c2b0/datanode-5/data/ratis/fda76f22-187f-4907-895d-2768b720e33f/in_use.lock acquired by nodename 20360@pr-hdds-1868-cfdmt-251076870
2019-10-14 19:32:58,528 [pool-413-thread-1] INFO  storage.RaftStorageDirectory (RaftStorageDirectory.java:tryLock(328)) - Lock on /workdir/hadoop-ozone/integration-test/target/test-dir/MiniOzoneClusterImpl-108ecea4-3d96-4ce0-92d8-90fb95b9c2b0/datanode-3/data/ratis/fda76f22-187f-4907-895d-2768b720e33f/in_use.lock acquired by nodename 20360@pr-hdds-1868-cfdmt-251076870
2019-10-14 19:32:58,532 [grpc-default-executor-0] INFO  impl.RaftServerProxy (RaftServerProxy.java:remove(95)) - c760ddd1-975e-4e4f-8a7d-7dfc99016f69: remove  FOLLOWER c760ddd1-975e-4e4f-8a7d-7dfc99016f69@group-D1AB2D822573:t0, leader=null, voted=null, raftlog=c760ddd1-975e-4e4f-8a7d-7dfc99016f69@group-D1AB2D822573-SegmentedRaftLog:OPENED:c-1,f-1,i0, conf=-1: [c760ddd1-975e-4e4f-8a7d-7dfc99016f69:192.168.164.219:45173, a41ac46c-31e5-445f-9985-b8cae54436a0:192.168.164.219:37536, 1a51902b-5369-4ef0-9d6f-b4b6ad802bb2:192.168.164.219:39283], old=null RUNNING
2019-10-14 19:32:58,532 [grpc-default-executor-0] INFO  impl.RaftServerImpl (RaftServerImpl.java:lambda$shutdown$3(247)) - c760ddd1-975e-4e4f-8a7d-7dfc99016f69@group-D1AB2D822573: shutdown
2019-10-14 19:32:58,532 [grpc-default-executor-0] INFO  util.JmxRegister (JmxRegister.java:unregister(73)) - Successfully un-registered JMX Bean with object name Ratis:service=RaftServer,group=group-D1AB2D822573,id=c760ddd1-975e-4e4f-8a7d-7dfc99016f69
2019-10-14 19:32:58,532 [grpc-default-executor-0] INFO  impl.RoleInfo (RoleInfo.java:shutdownFollowerState(121)) - c760ddd1-975e-4e4f-8a7d-7dfc99016f69: shutdown FollowerState
2019-10-14 19:32:58,533 [grpc-default-executor-0] INFO  impl.StateMachineUpdater (StateMachineUpdater.java:stopAndJoin(136)) - c760ddd1-975e-4e4f-8a7d-7dfc99016f69@group-D1AB2D822573-StateMachineUpdater: set stopIndex = -1
2019-10-14 19:32:58,533 [Thread-2481] INFO  impl.FollowerState (FollowerState.java:run(117)) - c760ddd1-975e-4e4f-8a7d-7dfc99016f69@group-D1AB2D822573-FollowerState was interrupted: java.lang.InterruptedException: sleep interrupted
2019-10-14 19:32:58,533 [grpc-default-executor-0] INFO  impl.RaftServerImpl (ServerState.java:close(387)) - c760ddd1-975e-4e4f-8a7d-7dfc99016f69@group-D1AB2D822573: closes. applyIndex: -1
2019-10-14 19:32:58,536 [c760ddd1-975e-4e4f-8a7d-7dfc99016f69@group-D1AB2D822573-SegmentedRaftLogWorker] INFO  segmented.SegmentedRaftLogWorker (SegmentedRaftLogWorker.java:run(316)) - c760ddd1-975e-4e4f-8a7d-7dfc99016f69@group-D1AB2D822573-SegmentedRaftLogWorker was interrupted, exiting. There are 0 tasks remaining in the queue.
2019-10-14 19:32:58,536 [grpc-default-executor-0] INFO  segmented.SegmentedRaftLogWorker (SegmentedRaftLogWorker.java:close(224)) - c760ddd1-975e-4e4f-8a7d-7dfc99016f69@group-D1AB2D822573-SegmentedRaftLogWorker close()
2019-10-14 19:32:58,554 [pool-443-thread-1] INFO  storage.RaftStorage (RaftStorage.java:format(84)) - Storage directory /workdir/hadoop-ozone/integration-test/target/test-dir/MiniOzoneClusterImpl-108ecea4-3d96-4ce0-92d8-90fb95b9c2b0/datanode-6/data/ratis/fda76f22-187f-4907-895d-2768b720e33f has been successfully formatted.
2019-10-14 19:32:58,554 [pool-433-thread-1] INFO  storage.RaftStorage (RaftStorage.java:format(84)) - Storage directory /workdir/hadoop-ozone/integration-test/target/test-dir/MiniOzoneClusterImpl-108ecea4-3d96-4ce0-92d8-90fb95b9c2b0/datanode-5/data/ratis/fda76f22-187f-4907-895d-2768b720e33f has been successfully formatted.
2019-10-14 19:32:58,554 [pool-443-thread-1] INFO  ratis.ContainerStateMachine (ContainerStateMachine.java:loadSnapshot(233)) - group-2768B720E33F: The snapshot info is null. Setting the last applied indexto:(t:0, i:~)
2019-10-14 19:32:58,554 [pool-413-thread-1] INFO  storage.RaftStorage (RaftStorage.java:format(84)) - Storage directory /workdir/hadoop-ozone/integration-test/target/test-dir/MiniOzoneClusterImpl-108ecea4-3d96-4ce0-92d8-90fb95b9c2b0/datanode-3/data/ratis/fda76f22-187f-4907-895d-2768b720e33f has been successfully formatted.
2019-10-14 19:32:58,555 [pool-433-thread-1] INFO  ratis.ContainerStateMachine (ContainerStateMachine.java:loadSnapshot(233)) - group-2768B720E33F: The snapshot info is null. Setting the last applied indexto:(t:0, i:~)
2019-10-14 19:32:58,555 [pool-443-thread-1] INFO  server.RaftServerConfigKeys (ConfUtils.java:logGet(43)) - raft.server.notification.no-leader.timeout = 120s (custom)
2019-10-14 19:32:58,555 [pool-433-thread-1] INFO  server.RaftServerConfigKeys (ConfUtils.java:logGet(43)) - raft.server.notification.no-leader.timeout = 120s (custom)
2019-10-14 19:32:58,555 [pool-413-thread-1] INFO  ratis.ContainerStateMachine (ContainerStateMachine.java:loadSnapshot(233)) - group-2768B720E33F: The snapshot info is null. Setting the last applied indexto:(t:0, i:~)
2019-10-14 19:32:58,555 [pool-433-thread-1] INFO  server.RaftServerConfigKeys (ConfUtils.java:logGet(43)) - raft.server.log.use.memory = false (default)
2019-10-14 19:32:58,555 [pool-443-thread-1] INFO  server.RaftServerConfigKeys (ConfUtils.java:logGet(43)) - raft.server.log.use.memory = false (default)
2019-10-14 19:32:58,555 [pool-433-thread-1] INFO  server.RaftServerConfigKeys (ConfUtils.java:logGet(43)) - raft.server.log.purge.gap = 1000000 (custom)
2019-10-14 19:32:58,555 [pool-413-thread-1] INFO  server.RaftServerConfigKeys (ConfUtils.java:logGet(43)) - raft.server.notification.no-leader.timeout = 120s (custom)
2019-10-14 19:32:58,555 [pool-433-thread-1] INFO  server.RaftServerConfigKeys (ConfUtils.java:logGet(43)) - raft.server.log.appender.buffer.byte-limit = 33554432 (custom)
2019-10-14 19:32:58,555 [pool-443-thread-1] INFO  server.RaftServerConfigKeys (ConfUtils.java:logGet(43)) - raft.server.log.purge.gap = 1000000 (custom)
2019-10-14 19:32:58,555 [pool-433-thread-1] INFO  server.RaftServerConfigKeys (ConfUtils.java:logGet(43)) - raft.server.log.segment.size.max = 1048576 (custom)
2019-10-14 19:32:58,555 [pool-413-thread-1] INFO  server.RaftServerConfigKeys (ConfUtils.java:logGet(43)) - raft.server.log.use.memory = false (default)
2019-10-14 19:32:58,556 [pool-433-thread-1] INFO  server.RaftServerConfigKeys (ConfUtils.java:logGet(43)) - raft.server.log.segment.cache.num.max = 2 (custom)
2019-10-14 19:32:58,556 [pool-443-thread-1] INFO  server.RaftServerConfigKeys (ConfUtils.java:logGet(43)) - raft.server.log.appender.buffer.byte-limit = 33554432 (custom)
2019-10-14 19:32:58,556 [pool-433-thread-1] INFO  segmented.SegmentedRaftLogWorker (SegmentedRaftLogWorker.java:<init>(173)) - new c760ddd1-975e-4e4f-8a7d-7dfc99016f69@group-2768B720E33F-SegmentedRaftLogWorker for RaftStorage:Storage Directory /workdir/hadoop-ozone/integration-test/target/test-dir/MiniOzoneClusterImpl-108ecea4-3d96-4ce0-92d8-90fb95b9c2b0/datanode-5/data/ratis/fda76f22-187f-4907-895d-2768b720e33f
2019-10-14 19:32:58,556 [pool-413-thread-1] INFO  server.RaftServerConfigKeys (ConfUtils.java:logGet(43)) - raft.server.log.purge.gap = 1000000 (custom)
2019-10-14 19:32:58,556 [pool-433-thread-1] INFO  server.RaftServerConfigKeys (ConfUtils.java:logGet(43)) - raft.server.log.queue.byte-limit = 2147483647 (custom)
2019-10-14 19:32:58,556 [pool-443-thread-1] INFO  server.RaftServerConfigKeys (ConfUtils.java:logGet(43)) - raft.server.log.segment.size.max = 1048576 (custom)
2019-10-14 19:32:58,556 [pool-433-thread-1] INFO  server.RaftServerConfigKeys (ConfUtils.java:logGet(43)) - raft.server.log.queue.element-limit = 1024 (custom)
2019-10-14 19:32:58,556 [pool-413-thread-1] INFO  server.RaftServerConfigKeys (ConfUtils.java:logGet(43)) - raft.server.log.appender.buffer.byte-limit = 33554432 (custom)
2019-10-14 19:32:58,556 [pool-433-thread-1] INFO  server.RaftServerConfigKeys (ConfUtils.java:logGet(43)) - raft.server.log.segment.size.max = 1048576 (custom)
2019-10-14 19:32:58,556 [pool-443-thread-1] INFO  server.RaftServerConfigKeys (ConfUtils.java:logGet(43)) - raft.server.log.segment.cache.num.max = 2 (custom)
2019-10-14 19:32:58,557 [pool-433-thread-1] INFO  server.RaftServerConfigKeys (ConfUtils.java:logGet(43)) - raft.server.log.preallocated.size = 16384 (custom)
2019-10-14 19:32:58,556 [pool-413-thread-1] INFO  server.RaftServerConfigKeys (ConfUtils.java:logGet(43)) - raft.server.log.segment.size.max = 1048576 (custom)
2019-10-14 19:32:58,557 [pool-433-thread-1] INFO  server.RaftServerConfigKeys (ConfUtils.java:logGet(43)) - raft.server.log.write.buffer.size = 33554432 (custom)
2019-10-14 19:32:58,557 [pool-443-thread-1] INFO  segmented.SegmentedRaftLogWorker (SegmentedRaftLogWorker.java:<init>(173)) - new a41ac46c-31e5-445f-9985-b8cae54436a0@group-2768B720E33F-SegmentedRaftLogWorker for RaftStorage:Storage Directory /workdir/hadoop-ozone/integration-test/target/test-dir/MiniOzoneClusterImpl-108ecea4-3d96-4ce0-92d8-90fb95b9c2b0/datanode-6/data/ratis/fda76f22-187f-4907-895d-2768b720e33f
2019-10-14 19:32:58,557 [pool-433-thread-1] INFO  server.RaftServerConfigKeys (ConfUtils.java:logGet(43)) - raft.server.log.force.sync.num = 128 (default)
2019-10-14 19:32:58,557 [pool-413-thread-1] INFO  server.RaftServerConfigKeys (ConfUtils.java:logGet(43)) - raft.server.log.segment.cache.num.max = 2 (custom)
2019-10-14 19:32:58,557 [pool-433-thread-1] INFO  server.RaftServerConfigKeys (ConfUtils.java:logGet(43)) - raft.server.log.statemachine.data.sync = true (default)
2019-10-14 19:32:58,557 [pool-443-thread-1] INFO  server.RaftServerConfigKeys (ConfUtils.java:logGet(43)) - raft.server.log.queue.byte-limit = 2147483647 (custom)
2019-10-14 19:32:58,557 [pool-433-thread-1] INFO  server.RaftServerConfigKeys (ConfUtils.java:logGet(43)) - raft.server.log.statemachine.data.sync.timeout = 10s (default)
2019-10-14 19:32:58,557 [pool-413-thread-1] INFO  segmented.SegmentedRaftLogWorker (SegmentedRaftLogWorker.java:<init>(173)) - new 1a51902b-5369-4ef0-9d6f-b4b6ad802bb2@group-2768B720E33F-SegmentedRaftLogWorker for RaftStorage:Storage Directory /workdir/hadoop-ozone/integration-test/target/test-dir/MiniOzoneClusterImpl-108ecea4-3d96-4ce0-92d8-90fb95b9c2b0/datanode-3/data/ratis/fda76f22-187f-4907-895d-2768b720e33f
2019-10-14 19:32:58,557 [pool-433-thread-1] INFO  server.RaftServerConfigKeys (ConfUtils.java:logGet(43)) - raft.server.log.statemachine.data.sync.timeout.retry = -1 (default)
2019-10-14 19:32:58,557 [pool-443-thread-1] INFO  server.RaftServerConfigKeys (ConfUtils.java:logGet(43)) - raft.server.log.queue.element-limit = 1024 (custom)
2019-10-14 19:32:58,558 [pool-433-thread-1] INFO  server.RaftServerConfigKeys (ConfUtils.java:logGet(43)) - raft.server.log.statemachine.data.caching.enabled = true (custom)
2019-10-14 19:32:58,557 [pool-413-thread-1] INFO  server.RaftServerConfigKeys (ConfUtils.java:logGet(43)) - raft.server.log.queue.byte-limit = 2147483647 (custom)
2019-10-14 19:32:58,558 [pool-443-thread-1] INFO  server.RaftServerConfigKeys (ConfUtils.java:logGet(43)) - raft.server.log.segment.size.max = 1048576 (custom)
2019-10-14 19:32:58,558 [pool-433-thread-1] INFO  segmented.SegmentedRaftLogWorker (SegmentedRaftLogWorker.java:lambda$new$0(128)) - c760ddd1-975e-4e4f-8a7d-7dfc99016f69@group-2768B720E33F-SegmentedRaftLogWorker: flushIndex: setUnconditionally 0 -> -1
2019-10-14 19:32:58,558 [pool-413-thread-1] INFO  server.RaftServerConfigKeys (ConfUtils.java:logGet(43)) - raft.server.log.queue.element-limit = 1024 (custom)
2019-10-14 19:32:58,558 [pool-443-thread-1] INFO  server.RaftServerConfigKeys (ConfUtils.java:logGet(43)) - raft.server.log.preallocated.size = 16384 (custom)
2019-10-14 19:32:58,558 [pool-413-thread-1] INFO  server.RaftServerConfigKeys (ConfUtils.java:logGet(43)) - raft.server.log.segment.size.max = 1048576 (custom)
2019-10-14 19:32:58,558 [pool-443-thread-1] INFO  server.RaftServerConfigKeys (ConfUtils.java:logGet(43)) - raft.server.log.write.buffer.size = 33554432 (custom)
2019-10-14 19:32:58,558 [pool-433-thread-1] INFO  server.RaftServerConfigKeys (ConfUtils.java:logGet(43)) - raft.server.snapshot.auto.trigger.enabled = true (custom)
2019-10-14 19:32:58,558 [pool-443-thread-1] INFO  server.RaftServerConfigKeys (ConfUtils.java:logGet(43)) - raft.server.log.force.sync.num = 128 (default)
2019-10-14 19:32:58,558 [pool-413-thread-1] INFO  server.RaftServerConfigKeys (ConfUtils.java:logGet(43)) - raft.server.log.preallocated.size = 16384 (custom)
2019-10-14 19:32:58,558 [pool-443-thread-1] INFO  server.RaftServerConfigKeys (ConfUtils.java:logGet(43)) - raft.server.log.statemachine.data.sync = true (default)
2019-10-14 19:32:58,558 [pool-433-thread-1] INFO  server.RaftServerConfigKeys (ConfUtils.java:logGet(43)) - raft.server.snapshot.auto.trigger.threshold = 10000 (custom)
2019-10-14 19:32:58,559 [pool-443-thread-1] INFO  server.RaftServerConfigKeys (ConfUtils.java:logGet(43)) - raft.server.log.statemachine.data.sync.timeout = 10s (default)
2019-10-14 19:32:58,559 [pool-413-thread-1] INFO  server.RaftServerConfigKeys (ConfUtils.java:logGet(43)) - raft.server.log.write.buffer.size = 33554432 (custom)
2019-10-14 19:32:58,559 [pool-443-thread-1] INFO  server.RaftServerConfigKeys (ConfUtils.java:logGet(43)) - raft.server.log.statemachine.data.sync.timeout.retry = -1 (default)
2019-10-14 19:32:58,559 [pool-433-thread-1] INFO  server.RaftServerConfigKeys (ConfUtils.java:logGet(43)) - raft.server.snapshot.retention.file.num = 5 (custom)
2019-10-14 19:32:58,559 [pool-443-thread-1] INFO  server.RaftServerConfigKeys (ConfUtils.java:logGet(43)) - raft.server.log.statemachine.data.caching.enabled = true (custom)
2019-10-14 19:32:58,559 [pool-413-thread-1] INFO  server.RaftServerConfigKeys (ConfUtils.java:logGet(43)) - raft.server.log.force.sync.num = 128 (default)
2019-10-14 19:32:58,559 [pool-433-thread-1] INFO  server.RaftServerConfigKeys (ConfUtils.java:logGet(43)) - raft.server.retrycache.expirytime = 600000ms (custom)
2019-10-14 19:32:58,559 [pool-443-thread-1] INFO  segmented.SegmentedRaftLogWorker (SegmentedRaftLogWorker.java:lambda$new$0(128)) - a41ac46c-31e5-445f-9985-b8cae54436a0@group-2768B720E33F-SegmentedRaftLogWorker: flushIndex: setUnconditionally 0 -> -1
2019-10-14 19:32:58,559 [pool-413-thread-1] INFO  server.RaftServerConfigKeys (ConfUtils.java:logGet(43)) - raft.server.log.statemachine.data.sync = true (default)
2019-10-14 19:32:58,560 [pool-413-thread-1] INFO  server.RaftServerConfigKeys (ConfUtils.java:logGet(43)) - raft.server.log.statemachine.data.sync.timeout = 10s (default)
2019-10-14 19:32:58,560 [pool-443-thread-1] INFO  server.RaftServerConfigKeys (ConfUtils.java:logGet(43)) - raft.server.snapshot.auto.trigger.enabled = true (custom)
2019-10-14 19:32:58,560 [pool-413-thread-1] INFO  server.RaftServerConfigKeys (ConfUtils.java:logGet(43)) - raft.server.log.statemachine.data.sync.timeout.retry = -1 (default)
2019-10-14 19:32:58,560 [pool-443-thread-1] INFO  server.RaftServerConfigKeys (ConfUtils.java:logGet(43)) - raft.server.snapshot.auto.trigger.threshold = 10000 (custom)
2019-10-14 19:32:58,560 [pool-413-thread-1] INFO  server.RaftServerConfigKeys (ConfUtils.java:logGet(43)) - raft.server.log.statemachine.data.caching.enabled = true (custom)
2019-10-14 19:32:58,560 [pool-443-thread-1] INFO  server.RaftServerConfigKeys (ConfUtils.java:logGet(43)) - raft.server.snapshot.retention.file.num = 5 (custom)
2019-10-14 19:32:58,560 [pool-413-thread-1] INFO  segmented.SegmentedRaftLogWorker (SegmentedRaftLogWorker.java:lambda$new$0(128)) - 1a51902b-5369-4ef0-9d6f-b4b6ad802bb2@group-2768B720E33F-SegmentedRaftLogWorker: flushIndex: setUnconditionally 0 -> -1
2019-10-14 19:32:58,560 [pool-443-thread-1] INFO  server.RaftServerConfigKeys (ConfUtils.java:logGet(43)) - raft.server.retrycache.expirytime = 600000ms (custom)
2019-10-14 19:32:58,560 [pool-413-thread-1] INFO  server.RaftServerConfigKeys (ConfUtils.java:logGet(43)) - raft.server.snapshot.auto.trigger.enabled = true (custom)
2019-10-14 19:32:58,560 [pool-413-thread-1] INFO  server.RaftServerConfigKeys (ConfUtils.java:logGet(43)) - raft.server.snapshot.auto.trigger.threshold = 10000 (custom)
2019-10-14 19:32:58,560 [pool-413-thread-1] INFO  server.RaftServerConfigKeys (ConfUtils.java:logGet(43)) - raft.server.snapshot.retention.file.num = 5 (custom)
2019-10-14 19:32:58,560 [pool-413-thread-1] INFO  server.RaftServerConfigKeys (ConfUtils.java:logGet(43)) - raft.server.retrycache.expirytime = 600000ms (custom)
2019-10-14 19:32:58,561 [pool-433-thread-1] INFO  impl.RaftServerImpl (RaftServerImpl.java:start(181)) - c760ddd1-975e-4e4f-8a7d-7dfc99016f69@group-2768B720E33F: start as a follower, conf=-1: [c760ddd1-975e-4e4f-8a7d-7dfc99016f69:192.168.164.219:45173, a41ac46c-31e5-445f-9985-b8cae54436a0:192.168.164.219:37536, 1a51902b-5369-4ef0-9d6f-b4b6ad802bb2:192.168.164.219:39283], old=null
2019-10-14 19:32:58,561 [pool-433-thread-1] INFO  impl.RaftServerImpl (RaftServerImpl.java:setRole(170)) - c760ddd1-975e-4e4f-8a7d-7dfc99016f69@group-2768B720E33F: changes role from      null to FOLLOWER at term 0 for startAsFollower
2019-10-14 19:32:58,561 [pool-433-thread-1] INFO  impl.RoleInfo (RoleInfo.java:updateAndGet(143)) - c760ddd1-975e-4e4f-8a7d-7dfc99016f69: start FollowerState
2019-10-14 19:32:58,561 [pool-433-thread-1] INFO  util.JmxRegister (JmxRegister.java:tryRegister(44)) - Successfully registered JMX Bean with object name Ratis:service=RaftServer,group=group-2768B720E33F,id=c760ddd1-975e-4e4f-8a7d-7dfc99016f69
2019-10-14 19:32:58,562 [pool-443-thread-1] INFO  impl.RaftServerImpl (RaftServerImpl.java:start(181)) - a41ac46c-31e5-445f-9985-b8cae54436a0@group-2768B720E33F: start as a follower, conf=-1: [c760ddd1-975e-4e4f-8a7d-7dfc99016f69:192.168.164.219:45173, a41ac46c-31e5-445f-9985-b8cae54436a0:192.168.164.219:37536, 1a51902b-5369-4ef0-9d6f-b4b6ad802bb2:192.168.164.219:39283], old=null
2019-10-14 19:32:58,562 [pool-443-thread-1] INFO  impl.RaftServerImpl (RaftServerImpl.java:setRole(170)) - a41ac46c-31e5-445f-9985-b8cae54436a0@group-2768B720E33F: changes role from      null to FOLLOWER at term 0 for startAsFollower
2019-10-14 19:32:58,562 [pool-443-thread-1] INFO  impl.RoleInfo (RoleInfo.java:updateAndGet(143)) - a41ac46c-31e5-445f-9985-b8cae54436a0: start FollowerState
2019-10-14 19:32:58,562 [pool-413-thread-1] INFO  impl.RaftServerImpl (RaftServerImpl.java:start(181)) - 1a51902b-5369-4ef0-9d6f-b4b6ad802bb2@group-2768B720E33F: start as a follower, conf=-1: [c760ddd1-975e-4e4f-8a7d-7dfc99016f69:192.168.164.219:45173, a41ac46c-31e5-445f-9985-b8cae54436a0:192.168.164.219:37536, 1a51902b-5369-4ef0-9d6f-b4b6ad802bb2:192.168.164.219:39283], old=null
2019-10-14 19:32:58,562 [pool-413-thread-1] INFO  impl.RaftServerImpl (RaftServerImpl.java:setRole(170)) - 1a51902b-5369-4ef0-9d6f-b4b6ad802bb2@group-2768B720E33F: changes role from      null to FOLLOWER at term 0 for startAsFollower
2019-10-14 19:32:58,562 [pool-443-thread-1] INFO  util.JmxRegister (JmxRegister.java:tryRegister(44)) - Successfully registered JMX Bean with object name Ratis:service=RaftServer,group=group-2768B720E33F,id=a41ac46c-31e5-445f-9985-b8cae54436a0
2019-10-14 19:32:58,563 [pool-413-thread-1] INFO  impl.RoleInfo (RoleInfo.java:updateAndGet(143)) - 1a51902b-5369-4ef0-9d6f-b4b6ad802bb2: start FollowerState
2019-10-14 19:32:58,563 [pool-413-thread-1] INFO  util.JmxRegister (JmxRegister.java:tryRegister(44)) - Successfully registered JMX Bean with object name Ratis:service=RaftServer,group=group-2768B720E33F,id=1a51902b-5369-4ef0-9d6f-b4b6ad802bb2
2019-10-14 19:32:58,567 [RatisPipelineUtilsThread] INFO  pipeline.PipelineStateManager (PipelineStateManager.java:addPipeline(57)) - Created pipeline Pipeline[ Id: fda76f22-187f-4907-895d-2768b720e33f, Nodes: a41ac46c-31e5-445f-9985-b8cae54436a0{ip: 192.168.164.219, host: pr-hdds-1868-cfdmt-251076870, networkLocation: /default-rack, certSerialId: null}1a51902b-5369-4ef0-9d6f-b4b6ad802bb2{ip: 192.168.164.219, host: pr-hdds-1868-cfdmt-251076870, networkLocation: /default-rack, certSerialId: null}c760ddd1-975e-4e4f-8a7d-7dfc99016f69{ip: 192.168.164.219, host: pr-hdds-1868-cfdmt-251076870, networkLocation: /default-rack, certSerialId: null}, Type:RATIS, Factor:THREE, State:ALLOCATED]
2019-10-14 19:32:58,567 [Thread-2445] INFO  pipeline.PipelineStateManager (PipelineStateManager.java:removePipeline(108)) - Pipeline Pipeline[ Id: 62450241-1272-4242-a849-d1ab2d822573, Nodes: a41ac46c-31e5-445f-9985-b8cae54436a0{ip: 192.168.164.219, host: pr-hdds-1868-cfdmt-251076870, networkLocation: /default-rack, certSerialId: null}1a51902b-5369-4ef0-9d6f-b4b6ad802bb2{ip: 192.168.164.219, host: pr-hdds-1868-cfdmt-251076870, networkLocation: /default-rack, certSerialId: null}c760ddd1-975e-4e4f-8a7d-7dfc99016f69{ip: 192.168.164.219, host: pr-hdds-1868-cfdmt-251076870, networkLocation: /default-rack, certSerialId: null}, Type:RATIS, Factor:THREE, State:CLOSED] removed from db
2019-10-14 19:32:58,567 [Thread-2445] INFO  pipeline.SCMPipelineManager (SCMPipelineManager.java:finalizeAndDestroyPipeline(315)) - destroying pipeline:Pipeline[ Id: d1d43b34-edae-461b-bda7-42a58083923c, Nodes: 0d7982bd-7b1e-4262-b91e-0a390432292e{ip: 192.168.164.219, host: pr-hdds-1868-cfdmt-251076870, networkLocation: /default-rack, certSerialId: null}, Type:RATIS, Factor:ONE, State:ALLOCATED]
2019-10-14 19:32:58,568 [Thread-2445] INFO  pipeline.PipelineStateManager (PipelineStateManager.java:finalizePipeline(123)) - Pipeline Pipeline[ Id: d1d43b34-edae-461b-bda7-42a58083923c, Nodes: 0d7982bd-7b1e-4262-b91e-0a390432292e{ip: 192.168.164.219, host: pr-hdds-1868-cfdmt-251076870, networkLocation: /default-rack, certSerialId: null}, Type:RATIS, Factor:ONE, State:CLOSED] moved to CLOSED state
2019-10-14 19:32:58,574 [grpc-default-executor-0] INFO  impl.RaftServerProxy (RaftServerProxy.java:remove(95)) - 0d7982bd-7b1e-4262-b91e-0a390432292e: remove  FOLLOWER 0d7982bd-7b1e-4262-b91e-0a390432292e@group-42A58083923C:t0, leader=null, voted=null, raftlog=0d7982bd-7b1e-4262-b91e-0a390432292e@group-42A58083923C-SegmentedRaftLog:OPENED:c-1,f-1,i0, conf=-1: [0d7982bd-7b1e-4262-b91e-0a390432292e:192.168.164.219:45602], old=null RUNNING
2019-10-14 19:32:58,574 [grpc-default-executor-0] INFO  impl.RaftServerImpl (RaftServerImpl.java:lambda$shutdown$3(247)) - 0d7982bd-7b1e-4262-b91e-0a390432292e@group-42A58083923C: shutdown
2019-10-14 19:32:58,574 [grpc-default-executor-0] INFO  util.JmxRegister (JmxRegister.java:unregister(73)) - Successfully un-registered JMX Bean with object name Ratis:service=RaftServer,group=group-42A58083923C,id=0d7982bd-7b1e-4262-b91e-0a390432292e
2019-10-14 19:32:58,574 [grpc-default-executor-0] INFO  impl.RoleInfo (RoleInfo.java:shutdownFollowerState(121)) - 0d7982bd-7b1e-4262-b91e-0a390432292e: shutdown FollowerState
2019-10-14 19:32:58,575 [grpc-default-executor-0] INFO  impl.StateMachineUpdater (StateMachineUpdater.java:stopAndJoin(136)) - 0d7982bd-7b1e-4262-b91e-0a390432292e@group-42A58083923C-StateMachineUpdater: set stopIndex = -1
2019-10-14 19:32:58,575 [grpc-default-executor-0] INFO  impl.RaftServerImpl (ServerState.java:close(387)) - 0d7982bd-7b1e-4262-b91e-0a390432292e@group-42A58083923C: closes. applyIndex: -1
2019-10-14 19:32:58,575 [Thread-2447] INFO  impl.FollowerState (FollowerState.java:run(117)) - 0d7982bd-7b1e-4262-b91e-0a390432292e@group-42A58083923C-FollowerState was interrupted: java.lang.InterruptedException: sleep interrupted
2019-10-14 19:32:58,575 [0d7982bd-7b1e-4262-b91e-0a390432292e@group-42A58083923C-SegmentedRaftLogWorker] INFO  segmented.SegmentedRaftLogWorker (SegmentedRaftLogWorker.java:run(316)) - 0d7982bd-7b1e-4262-b91e-0a390432292e@group-42A58083923C-SegmentedRaftLogWorker was interrupted, exiting. There are 0 tasks remaining in the queue.
2019-10-14 19:32:58,578 [grpc-default-executor-0] INFO  segmented.SegmentedRaftLogWorker (SegmentedRaftLogWorker.java:close(224)) - 0d7982bd-7b1e-4262-b91e-0a390432292e@group-42A58083923C-SegmentedRaftLogWorker close()
2019-10-14 19:32:58,584 [Thread-2445] INFO  pipeline.PipelineStateManager (PipelineStateManager.java:removePipeline(108)) - Pipeline Pipeline[ Id: d1d43b34-edae-461b-bda7-42a58083923c, Nodes: 0d7982bd-7b1e-4262-b91e-0a390432292e{ip: 192.168.164.219, host: pr-hdds-1868-cfdmt-251076870, networkLocation: /default-rack, certSerialId: null}, Type:RATIS, Factor:ONE, State:CLOSED] removed from db
2019-10-14 19:32:58,584 [Thread-2445] INFO  pipeline.SCMPipelineManager (SCMPipelineManager.java:finalizeAndDestroyPipeline(315)) - destroying pipeline:Pipeline[ Id: 3e8edae9-01be-4da3-8696-99d7ca696adb, Nodes: da3153d4-5ecf-4413-8c38-31bb41813287{ip: 192.168.164.219, host: pr-hdds-1868-cfdmt-251076870, networkLocation: /default-rack, certSerialId: null}, Type:RATIS, Factor:ONE, State:ALLOCATED]
2019-10-14 19:32:58,587 [grpc-default-executor-0] INFO  impl.RaftServerProxy (RaftServerProxy.java:addNew(89)) - 0d7982bd-7b1e-4262-b91e-0a390432292e: addNew group-8FAE402F5AEB:[0d7982bd-7b1e-4262-b91e-0a390432292e:192.168.164.219:45602] returns group-8FAE402F5AEB:java.util.concurrent.CompletableFuture@65084caf[Not completed]
2019-10-14 19:32:58,588 [pool-383-thread-1] INFO  impl.RaftServerImpl (RaftServerImpl.java:<init>(95)) - 0d7982bd-7b1e-4262-b91e-0a390432292e: new RaftServerImpl for group-8FAE402F5AEB:[0d7982bd-7b1e-4262-b91e-0a390432292e:192.168.164.219:45602] with ContainerStateMachine:uninitialized
2019-10-14 19:32:58,588 [pool-383-thread-1] INFO  server.RaftServerConfigKeys (ConfUtils.java:logGet(43)) - raft.server.rpc.timeout.min = 5s (custom)
2019-10-14 19:32:58,588 [pool-383-thread-1] INFO  server.RaftServerConfigKeys (ConfUtils.java:logGet(43)) - raft.server.rpc.timeout.max = 5200ms (custom)
2019-10-14 19:32:58,588 [pool-383-thread-1] INFO  server.RaftServerConfigKeys (ConfUtils.java:logGet(43)) - raft.server.rpcslowness.timeout = 120s (custom)
2019-10-14 19:32:58,588 [pool-383-thread-1] INFO  server.RaftServerConfigKeys (ConfUtils.java:logGet(43)) - raft.server.sleep.deviation.threshold = 300 (default)
2019-10-14 19:32:58,588 [pool-383-thread-1] INFO  server.RaftServerConfigKeys (ConfUtils.java:logGet(43)) - raft.server.log.appender.install.snapshot.enabled = false (custom)
2019-10-14 19:32:58,589 [pool-383-thread-1] INFO  impl.RaftServerImpl (ServerState.java:<init>(103)) - 0d7982bd-7b1e-4262-b91e-0a390432292e@group-8FAE402F5AEB: ConfigurationManager, init=-1: [0d7982bd-7b1e-4262-b91e-0a390432292e:192.168.164.219:45602], old=null, confs=<EMPTY_MAP>
2019-10-14 19:32:58,589 [pool-383-thread-1] INFO  server.RaftServerConfigKeys (ConfUtils.java:logGet(43)) - raft.server.storage.dir = [/workdir/hadoop-ozone/integration-test/target/test-dir/MiniOzoneClusterImpl-108ecea4-3d96-4ce0-92d8-90fb95b9c2b0/datanode-0/data/ratis] (custom)
2019-10-14 19:32:58,589 [pool-383-thread-1] INFO  server.RaftServerConfigKeys (ConfUtils.java:logGet(43)) - raft.server.log.corruption.policy = EXCEPTION (default)
2019-10-14 19:32:58,589 [pool-383-thread-1] INFO  storage.RaftStorageDirectory (RaftStorageDirectory.java:analyzeStorage(246)) - The storage directory /workdir/hadoop-ozone/integration-test/target/test-dir/MiniOzoneClusterImpl-108ecea4-3d96-4ce0-92d8-90fb95b9c2b0/datanode-0/data/ratis/2fe578bd-3904-4781-b743-8fae402f5aeb does not exist. Creating ...
2019-10-14 19:32:58,613 [pool-383-thread-1] INFO  storage.RaftStorageDirectory (RaftStorageDirectory.java:tryLock(328)) - Lock on /workdir/hadoop-ozone/integration-test/target/test-dir/MiniOzoneClusterImpl-108ecea4-3d96-4ce0-92d8-90fb95b9c2b0/datanode-0/data/ratis/2fe578bd-3904-4781-b743-8fae402f5aeb/in_use.lock acquired by nodename 20360@pr-hdds-1868-cfdmt-251076870
2019-10-14 19:32:58,638 [pool-383-thread-1] INFO  storage.RaftStorage (RaftStorage.java:format(84)) - Storage directory /workdir/hadoop-ozone/integration-test/target/test-dir/MiniOzoneClusterImpl-108ecea4-3d96-4ce0-92d8-90fb95b9c2b0/datanode-0/data/ratis/2fe578bd-3904-4781-b743-8fae402f5aeb has been successfully formatted.
2019-10-14 19:32:58,639 [pool-383-thread-1] INFO  ratis.ContainerStateMachine (ContainerStateMachine.java:loadSnapshot(233)) - group-8FAE402F5AEB: The snapshot info is null. Setting the last applied indexto:(t:0, i:~)
2019-10-14 19:32:58,639 [pool-383-thread-1] INFO  server.RaftServerConfigKeys (ConfUtils.java:logGet(43)) - raft.server.notification.no-leader.timeout = 120s (custom)
2019-10-14 19:32:58,639 [pool-383-thread-1] INFO  server.RaftServerConfigKeys (ConfUtils.java:logGet(43)) - raft.server.log.use.memory = false (default)
2019-10-14 19:32:58,639 [pool-383-thread-1] INFO  server.RaftServerConfigKeys (ConfUtils.java:logGet(43)) - raft.server.log.purge.gap = 1000000 (custom)
2019-10-14 19:32:58,639 [pool-383-thread-1] INFO  server.RaftServerConfigKeys (ConfUtils.java:logGet(43)) - raft.server.log.appender.buffer.byte-limit = 33554432 (custom)
2019-10-14 19:32:58,639 [pool-383-thread-1] INFO  server.RaftServerConfigKeys (ConfUtils.java:logGet(43)) - raft.server.log.segment.size.max = 1048576 (custom)
2019-10-14 19:32:58,640 [pool-383-thread-1] INFO  server.RaftServerConfigKeys (ConfUtils.java:logGet(43)) - raft.server.log.segment.cache.num.max = 2 (custom)
2019-10-14 19:32:58,640 [pool-383-thread-1] INFO  segmented.SegmentedRaftLogWorker (SegmentedRaftLogWorker.java:<init>(173)) - new 0d7982bd-7b1e-4262-b91e-0a390432292e@group-8FAE402F5AEB-SegmentedRaftLogWorker for RaftStorage:Storage Directory /workdir/hadoop-ozone/integration-test/target/test-dir/MiniOzoneClusterImpl-108ecea4-3d96-4ce0-92d8-90fb95b9c2b0/datanode-0/data/ratis/2fe578bd-3904-4781-b743-8fae402f5aeb
2019-10-14 19:32:58,640 [pool-383-thread-1] INFO  server.RaftServerConfigKeys (ConfUtils.java:logGet(43)) - raft.server.log.queue.byte-limit = 2147483647 (custom)
2019-10-14 19:32:58,640 [pool-383-thread-1] INFO  server.RaftServerConfigKeys (ConfUtils.java:logGet(43)) - raft.server.log.queue.element-limit = 1024 (custom)
2019-10-14 19:32:58,640 [pool-383-thread-1] INFO  server.RaftServerConfigKeys (ConfUtils.java:logGet(43)) - raft.server.log.segment.size.max = 1048576 (custom)
2019-10-14 19:32:58,640 [pool-383-thread-1] INFO  server.RaftServerConfigKeys (ConfUtils.java:logGet(43)) - raft.server.log.preallocated.size = 16384 (custom)
2019-10-14 19:32:58,640 [pool-383-thread-1] INFO  server.RaftServerConfigKeys (ConfUtils.java:logGet(43)) - raft.server.log.write.buffer.size = 33554432 (custom)
2019-10-14 19:32:58,641 [pool-383-thread-1] INFO  server.RaftServerConfigKeys (ConfUtils.java:logGet(43)) - raft.server.log.force.sync.num = 128 (default)
2019-10-14 19:32:58,641 [pool-383-thread-1] INFO  server.RaftServerConfigKeys (ConfUtils.java:logGet(43)) - raft.server.log.statemachine.data.sync = true (default)
2019-10-14 19:32:58,641 [pool-383-thread-1] INFO  server.RaftServerConfigKeys (ConfUtils.java:logGet(43)) - raft.server.log.statemachine.data.sync.timeout = 10s (default)
2019-10-14 19:32:58,641 [pool-383-thread-1] INFO  server.RaftServerConfigKeys (ConfUtils.java:logGet(43)) - raft.server.log.statemachine.data.sync.timeout.retry = -1 (default)
2019-10-14 19:32:58,641 [pool-383-thread-1] INFO  server.RaftServerConfigKeys (ConfUtils.java:logGet(43)) - raft.server.log.statemachine.data.caching.enabled = true (custom)
2019-10-14 19:32:58,641 [pool-383-thread-1] INFO  segmented.SegmentedRaftLogWorker (SegmentedRaftLogWorker.java:lambda$new$0(128)) - 0d7982bd-7b1e-4262-b91e-0a390432292e@group-8FAE402F5AEB-SegmentedRaftLogWorker: flushIndex: setUnconditionally 0 -> -1
2019-10-14 19:32:58,642 [pool-383-thread-1] INFO  server.RaftServerConfigKeys (ConfUtils.java:logGet(43)) - raft.server.snapshot.auto.trigger.enabled = true (custom)
2019-10-14 19:32:58,642 [pool-383-thread-1] INFO  server.RaftServerConfigKeys (ConfUtils.java:logGet(43)) - raft.server.snapshot.auto.trigger.threshold = 10000 (custom)
2019-10-14 19:32:58,642 [pool-383-thread-1] INFO  server.RaftServerConfigKeys (ConfUtils.java:logGet(43)) - raft.server.snapshot.retention.file.num = 5 (custom)
2019-10-14 19:32:58,642 [pool-383-thread-1] INFO  server.RaftServerConfigKeys (ConfUtils.java:logGet(43)) - raft.server.retrycache.expirytime = 600000ms (custom)
2019-10-14 19:32:58,644 [pool-383-thread-1] INFO  impl.RaftServerImpl (RaftServerImpl.java:start(181)) - 0d7982bd-7b1e-4262-b91e-0a390432292e@group-8FAE402F5AEB: start as a follower, conf=-1: [0d7982bd-7b1e-4262-b91e-0a390432292e:192.168.164.219:45602], old=null
2019-10-14 19:32:58,644 [pool-383-thread-1] INFO  impl.RaftServerImpl (RaftServerImpl.java:setRole(170)) - 0d7982bd-7b1e-4262-b91e-0a390432292e@group-8FAE402F5AEB: changes role from      null to FOLLOWER at term 0 for startAsFollower
2019-10-14 19:32:58,644 [pool-383-thread-1] INFO  impl.RoleInfo (RoleInfo.java:updateAndGet(143)) - 0d7982bd-7b1e-4262-b91e-0a390432292e: start FollowerState
2019-10-14 19:32:58,645 [pool-383-thread-1] INFO  util.JmxRegister (JmxRegister.java:tryRegister(44)) - Successfully registered JMX Bean with object name Ratis:service=RaftServer,group=group-8FAE402F5AEB,id=0d7982bd-7b1e-4262-b91e-0a390432292e
2019-10-14 19:32:58,648 [RatisPipelineUtilsThread] INFO  pipeline.PipelineStateManager (PipelineStateManager.java:addPipeline(57)) - Created pipeline Pipeline[ Id: 2fe578bd-3904-4781-b743-8fae402f5aeb, Nodes: 0d7982bd-7b1e-4262-b91e-0a390432292e{ip: 192.168.164.219, host: pr-hdds-1868-cfdmt-251076870, networkLocation: /default-rack, certSerialId: null}, Type:RATIS, Factor:ONE, State:ALLOCATED]
2019-10-14 19:32:58,649 [Thread-2445] INFO  pipeline.PipelineStateManager (PipelineStateManager.java:finalizePipeline(123)) - Pipeline Pipeline[ Id: 3e8edae9-01be-4da3-8696-99d7ca696adb, Nodes: da3153d4-5ecf-4413-8c38-31bb41813287{ip: 192.168.164.219, host: pr-hdds-1868-cfdmt-251076870, networkLocation: /default-rack, certSerialId: null}, Type:RATIS, Factor:ONE, State:CLOSED] moved to CLOSED state
2019-10-14 19:32:58,649 [main] INFO  ozone.MiniOzoneClusterImpl (MiniOzoneClusterImpl.java:lambda$waitForClusterToBeReady$2(164)) - Waiting for 8 number of pipelines out of 9, to report a leader.
2019-10-14 19:32:58,661 [grpc-default-executor-0] INFO  impl.RaftServerProxy (RaftServerProxy.java:remove(95)) - da3153d4-5ecf-4413-8c38-31bb41813287: remove  FOLLOWER da3153d4-5ecf-4413-8c38-31bb41813287@group-99D7CA696ADB:t0, leader=null, voted=null, raftlog=da3153d4-5ecf-4413-8c38-31bb41813287@group-99D7CA696ADB-SegmentedRaftLog:OPENED:c-1,f-1,i0, conf=-1: [da3153d4-5ecf-4413-8c38-31bb41813287:192.168.164.219:34328], old=null RUNNING
2019-10-14 19:32:58,661 [grpc-default-executor-0] INFO  impl.RaftServerImpl (RaftServerImpl.java:lambda$shutdown$3(247)) - da3153d4-5ecf-4413-8c38-31bb41813287@group-99D7CA696ADB: shutdown
2019-10-14 19:32:58,661 [grpc-default-executor-0] INFO  util.JmxRegister (JmxRegister.java:unregister(73)) - Successfully un-registered JMX Bean with object name Ratis:service=RaftServer,group=group-99D7CA696ADB,id=da3153d4-5ecf-4413-8c38-31bb41813287
2019-10-14 19:32:58,662 [grpc-default-executor-0] INFO  impl.RoleInfo (RoleInfo.java:shutdownFollowerState(121)) - da3153d4-5ecf-4413-8c38-31bb41813287: shutdown FollowerState
2019-10-14 19:32:58,662 [grpc-default-executor-0] INFO  impl.StateMachineUpdater (StateMachineUpdater.java:stopAndJoin(136)) - da3153d4-5ecf-4413-8c38-31bb41813287@group-99D7CA696ADB-StateMachineUpdater: set stopIndex = -1
2019-10-14 19:32:58,662 [Thread-2468] INFO  impl.FollowerState (FollowerState.java:run(117)) - da3153d4-5ecf-4413-8c38-31bb41813287@group-99D7CA696ADB-FollowerState was interrupted: java.lang.InterruptedException: sleep interrupted
2019-10-14 19:32:58,662 [grpc-default-executor-0] INFO  impl.RaftServerImpl (ServerState.java:close(387)) - da3153d4-5ecf-4413-8c38-31bb41813287@group-99D7CA696ADB: closes. applyIndex: -1
2019-10-14 19:32:58,666 [da3153d4-5ecf-4413-8c38-31bb41813287@group-99D7CA696ADB-SegmentedRaftLogWorker] INFO  segmented.SegmentedRaftLogWorker (SegmentedRaftLogWorker.java:run(316)) - da3153d4-5ecf-4413-8c38-31bb41813287@group-99D7CA696ADB-SegmentedRaftLogWorker was interrupted, exiting. There are 0 tasks remaining in the queue.
2019-10-14 19:32:58,666 [grpc-default-executor-0] INFO  segmented.SegmentedRaftLogWorker (SegmentedRaftLogWorker.java:close(224)) - da3153d4-5ecf-4413-8c38-31bb41813287@group-99D7CA696ADB-SegmentedRaftLogWorker close()
2019-10-14 19:32:58,676 [Thread-2445] INFO  pipeline.PipelineStateManager (PipelineStateManager.java:removePipeline(108)) - Pipeline Pipeline[ Id: 3e8edae9-01be-4da3-8696-99d7ca696adb, Nodes: da3153d4-5ecf-4413-8c38-31bb41813287{ip: 192.168.164.219, host: pr-hdds-1868-cfdmt-251076870, networkLocation: /default-rack, certSerialId: null}, Type:RATIS, Factor:ONE, State:CLOSED] removed from db
2019-10-14 19:32:58,676 [Thread-2445] INFO  pipeline.SCMPipelineManager (SCMPipelineManager.java:finalizeAndDestroyPipeline(315)) - destroying pipeline:Pipeline[ Id: df2d7f5e-d044-4ea4-ace5-3b97ae5f2ba3, Nodes: c760ddd1-975e-4e4f-8a7d-7dfc99016f69{ip: 192.168.164.219, host: pr-hdds-1868-cfdmt-251076870, networkLocation: /default-rack, certSerialId: null}, Type:RATIS, Factor:ONE, State:ALLOCATED]
2019-10-14 19:32:58,679 [grpc-default-executor-0] INFO  impl.RaftServerProxy (RaftServerProxy.java:addNew(89)) - da3153d4-5ecf-4413-8c38-31bb41813287: addNew group-79F5193D1DC9:[da3153d4-5ecf-4413-8c38-31bb41813287:192.168.164.219:34328] returns group-79F5193D1DC9:java.util.concurrent.CompletableFuture@bf94551[Not completed]
2019-10-14 19:32:58,681 [pool-423-thread-1] INFO  impl.RaftServerImpl (RaftServerImpl.java:<init>(95)) - da3153d4-5ecf-4413-8c38-31bb41813287: new RaftServerImpl for group-79F5193D1DC9:[da3153d4-5ecf-4413-8c38-31bb41813287:192.168.164.219:34328] with ContainerStateMachine:uninitialized
2019-10-14 19:32:58,681 [pool-423-thread-1] INFO  server.RaftServerConfigKeys (ConfUtils.java:logGet(43)) - raft.server.rpc.timeout.min = 5s (custom)
2019-10-14 19:32:58,681 [pool-423-thread-1] INFO  server.RaftServerConfigKeys (ConfUtils.java:logGet(43)) - raft.server.rpc.timeout.max = 5200ms (custom)
2019-10-14 19:32:58,681 [pool-423-thread-1] INFO  server.RaftServerConfigKeys (ConfUtils.java:logGet(43)) - raft.server.rpcslowness.timeout = 120s (custom)
2019-10-14 19:32:58,681 [pool-423-thread-1] INFO  server.RaftServerConfigKeys (ConfUtils.java:logGet(43)) - raft.server.sleep.deviation.threshold = 300 (default)
2019-10-14 19:32:58,681 [pool-423-thread-1] INFO  server.RaftServerConfigKeys (ConfUtils.java:logGet(43)) - raft.server.log.appender.install.snapshot.enabled = false (custom)
2019-10-14 19:32:58,682 [pool-423-thread-1] INFO  impl.RaftServerImpl (ServerState.java:<init>(103)) - da3153d4-5ecf-4413-8c38-31bb41813287@group-79F5193D1DC9: ConfigurationManager, init=-1: [da3153d4-5ecf-4413-8c38-31bb41813287:192.168.164.219:34328], old=null, confs=<EMPTY_MAP>
2019-10-14 19:32:58,682 [pool-423-thread-1] INFO  server.RaftServerConfigKeys (ConfUtils.java:logGet(43)) - raft.server.storage.dir = [/workdir/hadoop-ozone/integration-test/target/test-dir/MiniOzoneClusterImpl-108ecea4-3d96-4ce0-92d8-90fb95b9c2b0/datanode-4/data/ratis] (custom)
2019-10-14 19:32:58,682 [pool-423-thread-1] INFO  server.RaftServerConfigKeys (ConfUtils.java:logGet(43)) - raft.server.log.corruption.policy = EXCEPTION (default)
2019-10-14 19:32:58,682 [pool-423-thread-1] INFO  storage.RaftStorageDirectory (RaftStorageDirectory.java:analyzeStorage(246)) - The storage directory /workdir/hadoop-ozone/integration-test/target/test-dir/MiniOzoneClusterImpl-108ecea4-3d96-4ce0-92d8-90fb95b9c2b0/datanode-4/data/ratis/36f8333c-995c-4322-90ab-79f5193d1dc9 does not exist. Creating ...
2019-10-14 19:32:58,706 [pool-423-thread-1] INFO  storage.RaftStorageDirectory (RaftStorageDirectory.java:tryLock(328)) - Lock on /workdir/hadoop-ozone/integration-test/target/test-dir/MiniOzoneClusterImpl-108ecea4-3d96-4ce0-92d8-90fb95b9c2b0/datanode-4/data/ratis/36f8333c-995c-4322-90ab-79f5193d1dc9/in_use.lock acquired by nodename 20360@pr-hdds-1868-cfdmt-251076870
2019-10-14 19:32:58,731 [pool-423-thread-1] INFO  storage.RaftStorage (RaftStorage.java:format(84)) - Storage directory /workdir/hadoop-ozone/integration-test/target/test-dir/MiniOzoneClusterImpl-108ecea4-3d96-4ce0-92d8-90fb95b9c2b0/datanode-4/data/ratis/36f8333c-995c-4322-90ab-79f5193d1dc9 has been successfully formatted.
2019-10-14 19:32:58,731 [pool-423-thread-1] INFO  ratis.ContainerStateMachine (ContainerStateMachine.java:loadSnapshot(233)) - group-79F5193D1DC9: The snapshot info is null. Setting the last applied indexto:(t:0, i:~)
2019-10-14 19:32:58,731 [pool-423-thread-1] INFO  server.RaftServerConfigKeys (ConfUtils.java:logGet(43)) - raft.server.notification.no-leader.timeout = 120s (custom)
2019-10-14 19:32:58,732 [pool-423-thread-1] INFO  server.RaftServerConfigKeys (ConfUtils.java:logGet(43)) - raft.server.log.use.memory = false (default)
2019-10-14 19:32:58,732 [pool-423-thread-1] INFO  server.RaftServerConfigKeys (ConfUtils.java:logGet(43)) - raft.server.log.purge.gap = 1000000 (custom)
2019-10-14 19:32:58,732 [pool-423-thread-1] INFO  server.RaftServerConfigKeys (ConfUtils.java:logGet(43)) - raft.server.log.appender.buffer.byte-limit = 33554432 (custom)
2019-10-14 19:32:58,732 [pool-423-thread-1] INFO  server.RaftServerConfigKeys (ConfUtils.java:logGet(43)) - raft.server.log.segment.size.max = 1048576 (custom)
2019-10-14 19:32:58,732 [pool-423-thread-1] INFO  server.RaftServerConfigKeys (ConfUtils.java:logGet(43)) - raft.server.log.segment.cache.num.max = 2 (custom)
2019-10-14 19:32:58,732 [pool-423-thread-1] INFO  segmented.SegmentedRaftLogWorker (SegmentedRaftLogWorker.java:<init>(173)) - new da3153d4-5ecf-4413-8c38-31bb41813287@group-79F5193D1DC9-SegmentedRaftLogWorker for RaftStorage:Storage Directory /workdir/hadoop-ozone/integration-test/target/test-dir/MiniOzoneClusterImpl-108ecea4-3d96-4ce0-92d8-90fb95b9c2b0/datanode-4/data/ratis/36f8333c-995c-4322-90ab-79f5193d1dc9
2019-10-14 19:32:58,732 [pool-423-thread-1] INFO  server.RaftServerConfigKeys (ConfUtils.java:logGet(43)) - raft.server.log.queue.byte-limit = 2147483647 (custom)
2019-10-14 19:32:58,733 [pool-423-thread-1] INFO  server.RaftServerConfigKeys (ConfUtils.java:logGet(43)) - raft.server.log.queue.element-limit = 1024 (custom)
2019-10-14 19:32:58,733 [pool-423-thread-1] INFO  server.RaftServerConfigKeys (ConfUtils.java:logGet(43)) - raft.server.log.segment.size.max = 1048576 (custom)
2019-10-14 19:32:58,733 [pool-423-thread-1] INFO  server.RaftServerConfigKeys (ConfUtils.java:logGet(43)) - raft.server.log.preallocated.size = 16384 (custom)
2019-10-14 19:32:58,733 [pool-423-thread-1] INFO  server.RaftServerConfigKeys (ConfUtils.java:logGet(43)) - raft.server.log.write.buffer.size = 33554432 (custom)
2019-10-14 19:32:58,733 [pool-423-thread-1] INFO  server.RaftServerConfigKeys (ConfUtils.java:logGet(43)) - raft.server.log.force.sync.num = 128 (default)
2019-10-14 19:32:58,733 [pool-423-thread-1] INFO  server.RaftServerConfigKeys (ConfUtils.java:logGet(43)) - raft.server.log.statemachine.data.sync = true (default)
2019-10-14 19:32:58,733 [pool-423-thread-1] INFO  server.RaftServerConfigKeys (ConfUtils.java:logGet(43)) - raft.server.log.statemachine.data.sync.timeout = 10s (default)
2019-10-14 19:32:58,733 [pool-423-thread-1] INFO  server.RaftServerConfigKeys (ConfUtils.java:logGet(43)) - raft.server.log.statemachine.data.sync.timeout.retry = -1 (default)
2019-10-14 19:32:58,734 [pool-423-thread-1] INFO  server.RaftServerConfigKeys (ConfUtils.java:logGet(43)) - raft.server.log.statemachine.data.caching.enabled = true (custom)
2019-10-14 19:32:58,734 [pool-423-thread-1] INFO  segmented.SegmentedRaftLogWorker (SegmentedRaftLogWorker.java:lambda$new$0(128)) - da3153d4-5ecf-4413-8c38-31bb41813287@group-79F5193D1DC9-SegmentedRaftLogWorker: flushIndex: setUnconditionally 0 -> -1
2019-10-14 19:32:58,734 [pool-423-thread-1] INFO  server.RaftServerConfigKeys (ConfUtils.java:logGet(43)) - raft.server.snapshot.auto.trigger.enabled = true (custom)
2019-10-14 19:32:58,734 [pool-423-thread-1] INFO  server.RaftServerConfigKeys (ConfUtils.java:logGet(43)) - raft.server.snapshot.auto.trigger.threshold = 10000 (custom)
2019-10-14 19:32:58,735 [pool-423-thread-1] INFO  server.RaftServerConfigKeys (ConfUtils.java:logGet(43)) - raft.server.snapshot.retention.file.num = 5 (custom)
2019-10-14 19:32:58,735 [pool-423-thread-1] INFO  server.RaftServerConfigKeys (ConfUtils.java:logGet(43)) - raft.server.retrycache.expirytime = 600000ms (custom)
2019-10-14 19:32:58,737 [pool-423-thread-1] INFO  impl.RaftServerImpl (RaftServerImpl.java:start(181)) - da3153d4-5ecf-4413-8c38-31bb41813287@group-79F5193D1DC9: start as a follower, conf=-1: [da3153d4-5ecf-4413-8c38-31bb41813287:192.168.164.219:34328], old=null
2019-10-14 19:32:58,737 [pool-423-thread-1] INFO  impl.RaftServerImpl (RaftServerImpl.java:setRole(170)) - da3153d4-5ecf-4413-8c38-31bb41813287@group-79F5193D1DC9: changes role from      null to FOLLOWER at term 0 for startAsFollower
2019-10-14 19:32:58,737 [pool-423-thread-1] INFO  impl.RoleInfo (RoleInfo.java:updateAndGet(143)) - da3153d4-5ecf-4413-8c38-31bb41813287: start FollowerState
2019-10-14 19:32:58,737 [pool-423-thread-1] INFO  util.JmxRegister (JmxRegister.java:tryRegister(44)) - Successfully registered JMX Bean with object name Ratis:service=RaftServer,group=group-79F5193D1DC9,id=da3153d4-5ecf-4413-8c38-31bb41813287
2019-10-14 19:32:58,741 [RatisPipelineUtilsThread] INFO  pipeline.PipelineStateManager (PipelineStateManager.java:addPipeline(57)) - Created pipeline Pipeline[ Id: 36f8333c-995c-4322-90ab-79f5193d1dc9, Nodes: da3153d4-5ecf-4413-8c38-31bb41813287{ip: 192.168.164.219, host: pr-hdds-1868-cfdmt-251076870, networkLocation: /default-rack, certSerialId: null}, Type:RATIS, Factor:ONE, State:ALLOCATED]
2019-10-14 19:32:58,742 [Thread-2445] INFO  pipeline.PipelineStateManager (PipelineStateManager.java:finalizePipeline(123)) - Pipeline Pipeline[ Id: df2d7f5e-d044-4ea4-ace5-3b97ae5f2ba3, Nodes: c760ddd1-975e-4e4f-8a7d-7dfc99016f69{ip: 192.168.164.219, host: pr-hdds-1868-cfdmt-251076870, networkLocation: /default-rack, certSerialId: null}, Type:RATIS, Factor:ONE, State:CLOSED] moved to CLOSED state
2019-10-14 19:32:58,750 [grpc-default-executor-0] INFO  impl.RaftServerProxy (RaftServerProxy.java:remove(95)) - c760ddd1-975e-4e4f-8a7d-7dfc99016f69: remove  FOLLOWER c760ddd1-975e-4e4f-8a7d-7dfc99016f69@group-3B97AE5F2BA3:t0, leader=null, voted=null, raftlog=c760ddd1-975e-4e4f-8a7d-7dfc99016f69@group-3B97AE5F2BA3-SegmentedRaftLog:OPENED:c-1,f-1,i0, conf=-1: [c760ddd1-975e-4e4f-8a7d-7dfc99016f69:192.168.164.219:45173], old=null RUNNING
2019-10-14 19:32:58,750 [grpc-default-executor-0] INFO  impl.RaftServerImpl (RaftServerImpl.java:lambda$shutdown$3(247)) - c760ddd1-975e-4e4f-8a7d-7dfc99016f69@group-3B97AE5F2BA3: shutdown
2019-10-14 19:32:58,750 [grpc-default-executor-0] INFO  util.JmxRegister (JmxRegister.java:unregister(73)) - Successfully un-registered JMX Bean with object name Ratis:service=RaftServer,group=group-3B97AE5F2BA3,id=c760ddd1-975e-4e4f-8a7d-7dfc99016f69
2019-10-14 19:32:58,750 [grpc-default-executor-0] INFO  impl.RoleInfo (RoleInfo.java:shutdownFollowerState(121)) - c760ddd1-975e-4e4f-8a7d-7dfc99016f69: shutdown FollowerState
2019-10-14 19:32:58,750 [grpc-default-executor-0] INFO  impl.StateMachineUpdater (StateMachineUpdater.java:stopAndJoin(136)) - c760ddd1-975e-4e4f-8a7d-7dfc99016f69@group-3B97AE5F2BA3-StateMachineUpdater: set stopIndex = -1
2019-10-14 19:32:58,750 [Thread-2471] INFO  impl.FollowerState (FollowerState.java:run(117)) - c760ddd1-975e-4e4f-8a7d-7dfc99016f69@group-3B97AE5F2BA3-FollowerState was interrupted: java.lang.InterruptedException: sleep interrupted
2019-10-14 19:32:58,750 [grpc-default-executor-0] INFO  impl.RaftServerImpl (ServerState.java:close(387)) - c760ddd1-975e-4e4f-8a7d-7dfc99016f69@group-3B97AE5F2BA3: closes. applyIndex: -1
2019-10-14 19:32:58,755 [c760ddd1-975e-4e4f-8a7d-7dfc99016f69@group-3B97AE5F2BA3-SegmentedRaftLogWorker] INFO  segmented.SegmentedRaftLogWorker (SegmentedRaftLogWorker.java:run(316)) - c760ddd1-975e-4e4f-8a7d-7dfc99016f69@group-3B97AE5F2BA3-SegmentedRaftLogWorker was interrupted, exiting. There are 0 tasks remaining in the queue.
2019-10-14 19:32:58,755 [grpc-default-executor-0] INFO  segmented.SegmentedRaftLogWorker (SegmentedRaftLogWorker.java:close(224)) - c760ddd1-975e-4e4f-8a7d-7dfc99016f69@group-3B97AE5F2BA3-SegmentedRaftLogWorker close()
2019-10-14 19:32:58,764 [Thread-2445] INFO  pipeline.PipelineStateManager (PipelineStateManager.java:removePipeline(108)) - Pipeline Pipeline[ Id: df2d7f5e-d044-4ea4-ace5-3b97ae5f2ba3, Nodes: c760ddd1-975e-4e4f-8a7d-7dfc99016f69{ip: 192.168.164.219, host: pr-hdds-1868-cfdmt-251076870, networkLocation: /default-rack, certSerialId: null}, Type:RATIS, Factor:ONE, State:CLOSED] removed from db
2019-10-14 19:32:58,767 [grpc-default-executor-0] INFO  impl.RaftServerProxy (RaftServerProxy.java:addNew(89)) - c760ddd1-975e-4e4f-8a7d-7dfc99016f69: addNew group-C33395AFBCFF:[c760ddd1-975e-4e4f-8a7d-7dfc99016f69:192.168.164.219:45173] returns group-C33395AFBCFF:java.util.concurrent.CompletableFuture@75cdfe04[Not completed]
2019-10-14 19:32:58,768 [pool-433-thread-1] INFO  impl.RaftServerImpl (RaftServerImpl.java:<init>(95)) - c760ddd1-975e-4e4f-8a7d-7dfc99016f69: new RaftServerImpl for group-C33395AFBCFF:[c760ddd1-975e-4e4f-8a7d-7dfc99016f69:192.168.164.219:45173] with ContainerStateMachine:uninitialized
2019-10-14 19:32:58,768 [pool-433-thread-1] INFO  server.RaftServerConfigKeys (ConfUtils.java:logGet(43)) - raft.server.rpc.timeout.min = 5s (custom)
2019-10-14 19:32:58,768 [pool-433-thread-1] INFO  server.RaftServerConfigKeys (ConfUtils.java:logGet(43)) - raft.server.rpc.timeout.max = 5200ms (custom)
2019-10-14 19:32:58,768 [pool-433-thread-1] INFO  server.RaftServerConfigKeys (ConfUtils.java:logGet(43)) - raft.server.rpcslowness.timeout = 120s (custom)
2019-10-14 19:32:58,769 [pool-433-thread-1] INFO  server.RaftServerConfigKeys (ConfUtils.java:logGet(43)) - raft.server.sleep.deviation.threshold = 300 (default)
2019-10-14 19:32:58,769 [pool-433-thread-1] INFO  server.RaftServerConfigKeys (ConfUtils.java:logGet(43)) - raft.server.log.appender.install.snapshot.enabled = false (custom)
2019-10-14 19:32:58,769 [pool-433-thread-1] INFO  impl.RaftServerImpl (ServerState.java:<init>(103)) - c760ddd1-975e-4e4f-8a7d-7dfc99016f69@group-C33395AFBCFF: ConfigurationManager, init=-1: [c760ddd1-975e-4e4f-8a7d-7dfc99016f69:192.168.164.219:45173], old=null, confs=<EMPTY_MAP>
2019-10-14 19:32:58,769 [pool-433-thread-1] INFO  server.RaftServerConfigKeys (ConfUtils.java:logGet(43)) - raft.server.storage.dir = [/workdir/hadoop-ozone/integration-test/target/test-dir/MiniOzoneClusterImpl-108ecea4-3d96-4ce0-92d8-90fb95b9c2b0/datanode-5/data/ratis] (custom)
2019-10-14 19:32:58,769 [pool-433-thread-1] INFO  server.RaftServerConfigKeys (ConfUtils.java:logGet(43)) - raft.server.log.corruption.policy = EXCEPTION (default)
2019-10-14 19:32:58,769 [pool-433-thread-1] INFO  storage.RaftStorageDirectory (RaftStorageDirectory.java:analyzeStorage(246)) - The storage directory /workdir/hadoop-ozone/integration-test/target/test-dir/MiniOzoneClusterImpl-108ecea4-3d96-4ce0-92d8-90fb95b9c2b0/datanode-5/data/ratis/0b833aa7-6bb7-4ddd-83ab-c33395afbcff does not exist. Creating ...
2019-10-14 19:32:58,798 [pool-433-thread-1] INFO  storage.RaftStorageDirectory (RaftStorageDirectory.java:tryLock(328)) - Lock on /workdir/hadoop-ozone/integration-test/target/test-dir/MiniOzoneClusterImpl-108ecea4-3d96-4ce0-92d8-90fb95b9c2b0/datanode-5/data/ratis/0b833aa7-6bb7-4ddd-83ab-c33395afbcff/in_use.lock acquired by nodename 20360@pr-hdds-1868-cfdmt-251076870
2019-10-14 19:32:58,823 [pool-433-thread-1] INFO  storage.RaftStorage (RaftStorage.java:format(84)) - Storage directory /workdir/hadoop-ozone/integration-test/target/test-dir/MiniOzoneClusterImpl-108ecea4-3d96-4ce0-92d8-90fb95b9c2b0/datanode-5/data/ratis/0b833aa7-6bb7-4ddd-83ab-c33395afbcff has been successfully formatted.
2019-10-14 19:32:58,824 [pool-433-thread-1] INFO  ratis.ContainerStateMachine (ContainerStateMachine.java:loadSnapshot(233)) - group-C33395AFBCFF: The snapshot info is null. Setting the last applied indexto:(t:0, i:~)
2019-10-14 19:32:58,824 [pool-433-thread-1] INFO  server.RaftServerConfigKeys (ConfUtils.java:logGet(43)) - raft.server.notification.no-leader.timeout = 120s (custom)
2019-10-14 19:32:58,824 [pool-433-thread-1] INFO  server.RaftServerConfigKeys (ConfUtils.java:logGet(43)) - raft.server.log.use.memory = false (default)
2019-10-14 19:32:58,824 [pool-433-thread-1] INFO  server.RaftServerConfigKeys (ConfUtils.java:logGet(43)) - raft.server.log.purge.gap = 1000000 (custom)
2019-10-14 19:32:58,824 [pool-433-thread-1] INFO  server.RaftServerConfigKeys (ConfUtils.java:logGet(43)) - raft.server.log.appender.buffer.byte-limit = 33554432 (custom)
2019-10-14 19:32:58,824 [pool-433-thread-1] INFO  server.RaftServerConfigKeys (ConfUtils.java:logGet(43)) - raft.server.log.segment.size.max = 1048576 (custom)
2019-10-14 19:32:58,825 [pool-433-thread-1] INFO  server.RaftServerConfigKeys (ConfUtils.java:logGet(43)) - raft.server.log.segment.cache.num.max = 2 (custom)
2019-10-14 19:32:58,825 [pool-433-thread-1] INFO  segmented.SegmentedRaftLogWorker (SegmentedRaftLogWorker.java:<init>(173)) - new c760ddd1-975e-4e4f-8a7d-7dfc99016f69@group-C33395AFBCFF-SegmentedRaftLogWorker for RaftStorage:Storage Directory /workdir/hadoop-ozone/integration-test/target/test-dir/MiniOzoneClusterImpl-108ecea4-3d96-4ce0-92d8-90fb95b9c2b0/datanode-5/data/ratis/0b833aa7-6bb7-4ddd-83ab-c33395afbcff
2019-10-14 19:32:58,825 [pool-433-thread-1] INFO  server.RaftServerConfigKeys (ConfUtils.java:logGet(43)) - raft.server.log.queue.byte-limit = 2147483647 (custom)
2019-10-14 19:32:58,825 [pool-433-thread-1] INFO  server.RaftServerConfigKeys (ConfUtils.java:logGet(43)) - raft.server.log.queue.element-limit = 1024 (custom)
2019-10-14 19:32:58,825 [pool-433-thread-1] INFO  server.RaftServerConfigKeys (ConfUtils.java:logGet(43)) - raft.server.log.segment.size.max = 1048576 (custom)
2019-10-14 19:32:58,825 [pool-433-thread-1] INFO  server.RaftServerConfigKeys (ConfUtils.java:logGet(43)) - raft.server.log.preallocated.size = 16384 (custom)
2019-10-14 19:32:58,825 [pool-433-thread-1] INFO  server.RaftServerConfigKeys (ConfUtils.java:logGet(43)) - raft.server.log.write.buffer.size = 33554432 (custom)
2019-10-14 19:32:58,825 [pool-433-thread-1] INFO  server.RaftServerConfigKeys (ConfUtils.java:logGet(43)) - raft.server.log.force.sync.num = 128 (default)
2019-10-14 19:32:58,825 [pool-433-thread-1] INFO  server.RaftServerConfigKeys (ConfUtils.java:logGet(43)) - raft.server.log.statemachine.data.sync = true (default)
2019-10-14 19:32:58,826 [pool-433-thread-1] INFO  server.RaftServerConfigKeys (ConfUtils.java:logGet(43)) - raft.server.log.statemachine.data.sync.timeout = 10s (default)
2019-10-14 19:32:58,826 [pool-433-thread-1] INFO  server.RaftServerConfigKeys (ConfUtils.java:logGet(43)) - raft.server.log.statemachine.data.sync.timeout.retry = -1 (default)
2019-10-14 19:32:58,826 [pool-433-thread-1] INFO  server.RaftServerConfigKeys (ConfUtils.java:logGet(43)) - raft.server.log.statemachine.data.caching.enabled = true (custom)
2019-10-14 19:32:58,826 [pool-433-thread-1] INFO  segmented.SegmentedRaftLogWorker (SegmentedRaftLogWorker.java:lambda$new$0(128)) - c760ddd1-975e-4e4f-8a7d-7dfc99016f69@group-C33395AFBCFF-SegmentedRaftLogWorker: flushIndex: setUnconditionally 0 -> -1
2019-10-14 19:32:58,826 [pool-433-thread-1] INFO  server.RaftServerConfigKeys (ConfUtils.java:logGet(43)) - raft.server.snapshot.auto.trigger.enabled = true (custom)
2019-10-14 19:32:58,827 [pool-433-thread-1] INFO  server.RaftServerConfigKeys (ConfUtils.java:logGet(43)) - raft.server.snapshot.auto.trigger.threshold = 10000 (custom)
2019-10-14 19:32:58,827 [pool-433-thread-1] INFO  server.RaftServerConfigKeys (ConfUtils.java:logGet(43)) - raft.server.snapshot.retention.file.num = 5 (custom)
2019-10-14 19:32:58,827 [pool-433-thread-1] INFO  server.RaftServerConfigKeys (ConfUtils.java:logGet(43)) - raft.server.retrycache.expirytime = 600000ms (custom)
2019-10-14 19:32:58,829 [pool-433-thread-1] INFO  impl.RaftServerImpl (RaftServerImpl.java:start(181)) - c760ddd1-975e-4e4f-8a7d-7dfc99016f69@group-C33395AFBCFF: start as a follower, conf=-1: [c760ddd1-975e-4e4f-8a7d-7dfc99016f69:192.168.164.219:45173], old=null
2019-10-14 19:32:58,829 [pool-433-thread-1] INFO  impl.RaftServerImpl (RaftServerImpl.java:setRole(170)) - c760ddd1-975e-4e4f-8a7d-7dfc99016f69@group-C33395AFBCFF: changes role from      null to FOLLOWER at term 0 for startAsFollower
2019-10-14 19:32:58,829 [pool-433-thread-1] INFO  impl.RoleInfo (RoleInfo.java:updateAndGet(143)) - c760ddd1-975e-4e4f-8a7d-7dfc99016f69: start FollowerState
2019-10-14 19:32:58,829 [pool-433-thread-1] INFO  util.JmxRegister (JmxRegister.java:tryRegister(44)) - Successfully registered JMX Bean with object name Ratis:service=RaftServer,group=group-C33395AFBCFF,id=c760ddd1-975e-4e4f-8a7d-7dfc99016f69
2019-10-14 19:32:58,833 [RatisPipelineUtilsThread] INFO  pipeline.PipelineStateManager (PipelineStateManager.java:addPipeline(57)) - Created pipeline Pipeline[ Id: 0b833aa7-6bb7-4ddd-83ab-c33395afbcff, Nodes: c760ddd1-975e-4e4f-8a7d-7dfc99016f69{ip: 192.168.164.219, host: pr-hdds-1868-cfdmt-251076870, networkLocation: /default-rack, certSerialId: null}, Type:RATIS, Factor:ONE, State:ALLOCATED]
2019-10-14 19:32:58,942 [grpc-default-executor-3] WARN  server.GrpcLogAppender (LogUtils.java:warn(134)) - 09a9200a-ead6-4084-a723-89436f5cacce@group-4BDB53EFA369->60a49fad-6bbc-4e1d-b332-64cc210e3f49-AppendLogResponseHandler: Failed appendEntries: org.apache.ratis.thirdparty.io.grpc.StatusRuntimeException: UNAVAILABLE: io exception
2019-10-14 19:32:58,942 [grpc-default-executor-0] WARN  server.GrpcLogAppender (LogUtils.java:warn(134)) - 09a9200a-ead6-4084-a723-89436f5cacce@group-4BDB53EFA369->670e30cf-8b9d-44a8-8fa0-e58ec8ba4c01-AppendLogResponseHandler: Failed appendEntries: org.apache.ratis.thirdparty.io.grpc.StatusRuntimeException: UNAVAILABLE: io exception
2019-10-14 19:32:58,943 [grpc-default-executor-3] INFO  impl.FollowerInfo (FollowerInfo.java:lambda$new$0(51)) - 09a9200a-ead6-4084-a723-89436f5cacce@group-4BDB53EFA369->60a49fad-6bbc-4e1d-b332-64cc210e3f49: nextIndex: updateUnconditionally 0 -> 0
2019-10-14 19:32:58,943 [grpc-default-executor-0] INFO  impl.FollowerInfo (FollowerInfo.java:lambda$new$0(51)) - 09a9200a-ead6-4084-a723-89436f5cacce@group-4BDB53EFA369->670e30cf-8b9d-44a8-8fa0-e58ec8ba4c01: nextIndex: updateUnconditionally 0 -> 0
2019-10-14 19:32:59,649 [main] INFO  ozone.MiniOzoneClusterImpl (MiniOzoneClusterImpl.java:lambda$waitForClusterToBeReady$2(164)) - Waiting for 9 number of pipelines out of 9, to report a leader.
2019-10-14 19:33:00,650 [main] INFO  ozone.MiniOzoneClusterImpl (MiniOzoneClusterImpl.java:lambda$waitForClusterToBeReady$2(164)) - Waiting for 9 number of pipelines out of 9, to report a leader.
2019-10-14 19:33:01,443 [grpc-default-executor-6] WARN  server.GrpcLogAppender (LogUtils.java:warn(134)) - 09a9200a-ead6-4084-a723-89436f5cacce@group-4BDB53EFA369->670e30cf-8b9d-44a8-8fa0-e58ec8ba4c01-AppendLogResponseHandler: Failed appendEntries: org.apache.ratis.thirdparty.io.grpc.StatusRuntimeException: UNAVAILABLE: io exception
2019-10-14 19:33:01,443 [grpc-default-executor-4] WARN  server.GrpcLogAppender (LogUtils.java:warn(134)) - 09a9200a-ead6-4084-a723-89436f5cacce@group-4BDB53EFA369->60a49fad-6bbc-4e1d-b332-64cc210e3f49-AppendLogResponseHandler: Failed appendEntries: org.apache.ratis.thirdparty.io.grpc.StatusRuntimeException: UNAVAILABLE: io exception
2019-10-14 19:33:01,444 [grpc-default-executor-6] INFO  impl.FollowerInfo (FollowerInfo.java:lambda$new$0(51)) - 09a9200a-ead6-4084-a723-89436f5cacce@group-4BDB53EFA369->670e30cf-8b9d-44a8-8fa0-e58ec8ba4c01: nextIndex: updateUnconditionally 0 -> 0
2019-10-14 19:33:01,444 [grpc-default-executor-4] INFO  impl.FollowerInfo (FollowerInfo.java:lambda$new$0(51)) - 09a9200a-ead6-4084-a723-89436f5cacce@group-4BDB53EFA369->60a49fad-6bbc-4e1d-b332-64cc210e3f49: nextIndex: updateUnconditionally 0 -> 0
2019-10-14 19:33:01,448 [EventQueue-StaleNodeForStaleNodeHandler] INFO  node.StaleNodeHandler (StaleNodeHandler.java:onMessage(58)) - Datanode 60a49fad-6bbc-4e1d-b332-64cc210e3f49{ip: 192.168.164.219, host: pr-hdds-1868-cfdmt-251076870, networkLocation: /default-rack, certSerialId: null} moved to stale state. Finalizing its pipelines [PipelineID=bb17e824-ccec-4956-b7e0-6a6c8a4ad01b, PipelineID=07e20a41-aeac-4fd2-b36b-4bdb53efa369]
2019-10-14 19:33:01,448 [EventQueue-StaleNodeForStaleNodeHandler] INFO  pipeline.SCMPipelineManager (SCMPipelineManager.java:finalizeAndDestroyPipeline(315)) - destroying pipeline:Pipeline[ Id: bb17e824-ccec-4956-b7e0-6a6c8a4ad01b, Nodes: 60a49fad-6bbc-4e1d-b332-64cc210e3f49{ip: 192.168.164.219, host: pr-hdds-1868-cfdmt-251076870, networkLocation: /default-rack, certSerialId: null}, Type:RATIS, Factor:ONE, State:OPEN]
2019-10-14 19:33:01,448 [EventQueue-StaleNodeForStaleNodeHandler] INFO  pipeline.PipelineStateManager (PipelineStateManager.java:finalizePipeline(123)) - Pipeline Pipeline[ Id: bb17e824-ccec-4956-b7e0-6a6c8a4ad01b, Nodes: 60a49fad-6bbc-4e1d-b332-64cc210e3f49{ip: 192.168.164.219, host: pr-hdds-1868-cfdmt-251076870, networkLocation: /default-rack, certSerialId: null}, Type:RATIS, Factor:ONE, State:CLOSED] moved to CLOSED state
2019-10-14 19:33:01,448 [EventQueue-StaleNodeForStaleNodeHandler] INFO  pipeline.SCMPipelineManager (SCMPipelineManager.java:finalizeAndDestroyPipeline(315)) - destroying pipeline:Pipeline[ Id: 07e20a41-aeac-4fd2-b36b-4bdb53efa369, Nodes: 60a49fad-6bbc-4e1d-b332-64cc210e3f49{ip: 192.168.164.219, host: pr-hdds-1868-cfdmt-251076870, networkLocation: /default-rack, certSerialId: null}670e30cf-8b9d-44a8-8fa0-e58ec8ba4c01{ip: 192.168.164.219, host: pr-hdds-1868-cfdmt-251076870, networkLocation: /default-rack, certSerialId: null}09a9200a-ead6-4084-a723-89436f5cacce{ip: 192.168.164.219, host: pr-hdds-1868-cfdmt-251076870, networkLocation: /default-rack, certSerialId: null}, Type:RATIS, Factor:THREE, State:OPEN]
2019-10-14 19:33:01,449 [EventQueue-StaleNodeForStaleNodeHandler] INFO  pipeline.PipelineStateManager (PipelineStateManager.java:finalizePipeline(123)) - Pipeline Pipeline[ Id: 07e20a41-aeac-4fd2-b36b-4bdb53efa369, Nodes: 60a49fad-6bbc-4e1d-b332-64cc210e3f49{ip: 192.168.164.219, host: pr-hdds-1868-cfdmt-251076870, networkLocation: /default-rack, certSerialId: null}670e30cf-8b9d-44a8-8fa0-e58ec8ba4c01{ip: 192.168.164.219, host: pr-hdds-1868-cfdmt-251076870, networkLocation: /default-rack, certSerialId: null}09a9200a-ead6-4084-a723-89436f5cacce{ip: 192.168.164.219, host: pr-hdds-1868-cfdmt-251076870, networkLocation: /default-rack, certSerialId: null}, Type:RATIS, Factor:THREE, State:CLOSED] moved to CLOSED state
2019-10-14 19:33:01,449 [EventQueue-CloseContainerForCloseContainerEventHandler] INFO  container.CloseContainerEventHandler (CloseContainerEventHandler.java:onMessage(61)) - Close container Event triggered for container : #1
2019-10-14 19:33:01,651 [main] INFO  ozone.MiniOzoneClusterImpl (MiniOzoneClusterImpl.java:lambda$waitForClusterToBeReady$2(164)) - Waiting for 9 number of pipelines out of 9, to report a leader.
2019-10-14 19:33:01,682 [Thread-2547] INFO  client.GrpcClientProtocolService (GrpcClientProtocolService.java:lambda$processClientRequest$0(278)) - Failed RaftClientRequest:client-E1CD567F8D9E->09a9200a-ead6-4084-a723-89436f5cacce@group-4BDB53EFA369, cid=120, seq=0, Watch-MAJORITY_COMMITTED(43), Message:<EMPTY>, reply=RaftClientReply:client-E1CD567F8D9E->09a9200a-ead6-4084-a723-89436f5cacce@group-4BDB53EFA369, cid=120, FAILED org.apache.ratis.protocol.NotReplicatedException: Request with call Id 120 and log index 43 is not yet replicated to MAJORITY_COMMITTED, logIndex=43, commits[09a9200a-ead6-4084-a723-89436f5cacce:c2, 60a49fad-6bbc-4e1d-b332-64cc210e3f49:c2, 670e30cf-8b9d-44a8-8fa0-e58ec8ba4c01:c2]
2019-10-14 19:33:02,651 [main] INFO  ozone.MiniOzoneClusterImpl (MiniOzoneClusterImpl.java:lambda$waitForClusterToBeReady$2(164)) - Waiting for 9 number of pipelines out of 9, to report a leader.
2019-10-14 19:33:03,172 [Thread-2490] INFO  impl.FollowerState (FollowerState.java:run(108)) - f1107e1f-4289-4159-9ce3-19e384e76673@group-F4276A27B49E-FollowerState: change to CANDIDATE, lastRpcTime:5176ms, electionTimeout:5176ms
2019-10-14 19:33:03,172 [Thread-2490] INFO  impl.RoleInfo (RoleInfo.java:shutdownFollowerState(121)) - f1107e1f-4289-4159-9ce3-19e384e76673: shutdown FollowerState
2019-10-14 19:33:03,172 [Thread-2490] INFO  impl.RaftServerImpl (RaftServerImpl.java:setRole(170)) - f1107e1f-4289-4159-9ce3-19e384e76673@group-F4276A27B49E: changes role from  FOLLOWER to CANDIDATE at term 0 for changeToCandidate
2019-10-14 19:33:03,172 [Thread-2490] INFO  impl.RoleInfo (RoleInfo.java:updateAndGet(143)) - f1107e1f-4289-4159-9ce3-19e384e76673: start LeaderElection
2019-10-14 19:33:03,187 [Thread-2501] INFO  impl.FollowerState (FollowerState.java:run(108)) - 64281e43-5db8-458f-889d-e68788332a0e@group-B1985D4B7A57-FollowerState: change to CANDIDATE, lastRpcTime:5051ms, electionTimeout:5051ms
2019-10-14 19:33:03,187 [Thread-2501] INFO  impl.RoleInfo (RoleInfo.java:shutdownFollowerState(121)) - 64281e43-5db8-458f-889d-e68788332a0e: shutdown FollowerState
2019-10-14 19:33:03,188 [Thread-2501] INFO  impl.RaftServerImpl (RaftServerImpl.java:setRole(170)) - 64281e43-5db8-458f-889d-e68788332a0e@group-B1985D4B7A57: changes role from  FOLLOWER to CANDIDATE at term 0 for changeToCandidate
2019-10-14 19:33:03,188 [Thread-2501] INFO  impl.RoleInfo (RoleInfo.java:updateAndGet(143)) - 64281e43-5db8-458f-889d-e68788332a0e: start LeaderElection
2019-10-14 19:33:03,225 [f1107e1f-4289-4159-9ce3-19e384e76673@group-F4276A27B49E-LeaderElection58] INFO  impl.LeaderElection (LeaderElection.java:askForVotes(178)) - f1107e1f-4289-4159-9ce3-19e384e76673@group-F4276A27B49E-LeaderElection58: begin an election at term 1 for -1: [f1107e1f-4289-4159-9ce3-19e384e76673:192.168.164.219:38259], old=null
2019-10-14 19:33:03,226 [f1107e1f-4289-4159-9ce3-19e384e76673@group-F4276A27B49E-LeaderElection58] INFO  impl.RoleInfo (RoleInfo.java:shutdownLeaderElection(134)) - f1107e1f-4289-4159-9ce3-19e384e76673: shutdown LeaderElection
2019-10-14 19:33:03,226 [f1107e1f-4289-4159-9ce3-19e384e76673@group-F4276A27B49E-LeaderElection58] INFO  impl.RaftServerImpl (RaftServerImpl.java:setRole(170)) - f1107e1f-4289-4159-9ce3-19e384e76673@group-F4276A27B49E: changes role from CANDIDATE to LEADER at term 1 for changeToLeader
2019-10-14 19:33:03,226 [f1107e1f-4289-4159-9ce3-19e384e76673@group-F4276A27B49E-LeaderElection58] INFO  ratis.XceiverServerRatis (XceiverServerRatis.java:handleLeaderChangedNotification(702)) - Leader change notification received for group: group-F4276A27B49E with new leaderId: f1107e1f-4289-4159-9ce3-19e384e76673
2019-10-14 19:33:03,229 [f1107e1f-4289-4159-9ce3-19e384e76673@group-F4276A27B49E-LeaderElection58] INFO  impl.RaftServerImpl (ServerState.java:setLeader(255)) - f1107e1f-4289-4159-9ce3-19e384e76673@group-F4276A27B49E: change Leader from null to f1107e1f-4289-4159-9ce3-19e384e76673 at term 1 for becomeLeader, leader elected after 5235ms
2019-10-14 19:33:03,229 [f1107e1f-4289-4159-9ce3-19e384e76673@group-F4276A27B49E-LeaderElection58] INFO  server.RaftServerConfigKeys (ConfUtils.java:logGet(43)) - raft.server.staging.catchup.gap = 1000 (default)
2019-10-14 19:33:03,230 [f1107e1f-4289-4159-9ce3-19e384e76673@group-F4276A27B49E-LeaderElection58] INFO  server.RaftServerConfigKeys (ConfUtils.java:logGet(43)) - raft.server.rpc.sleep.time = 25ms (default)
2019-10-14 19:33:03,230 [f1107e1f-4289-4159-9ce3-19e384e76673@group-F4276A27B49E-LeaderElection58] INFO  server.RaftServerConfigKeys (ConfUtils.java:logGet(43)) - raft.server.write.element-limit = 4096 (default)
2019-10-14 19:33:03,230 [f1107e1f-4289-4159-9ce3-19e384e76673@group-F4276A27B49E-LeaderElection58] INFO  server.RaftServerConfigKeys (ConfUtils.java:logGet(43)) - raft.server.watch.timeout = 10s (default)
2019-10-14 19:33:03,230 [EventQueue-PipelineReportForPipelineReportHandler] INFO  pipeline.PipelineReportHandler (PipelineReportHandler.java:processPipelineReport(120)) - Pipeline PipelineID=4a9c7ac1-d007-421c-861c-f4276a27b49e reported by f1107e1f-4289-4159-9ce3-19e384e76673{ip: 192.168.164.219, host: pr-hdds-1868-cfdmt-251076870, networkLocation: /default-rack, certSerialId: null} with leaderId f1107e1f-4289-4159-9ce3-19e384e76673
2019-10-14 19:33:03,231 [f1107e1f-4289-4159-9ce3-19e384e76673@group-F4276A27B49E-LeaderElection58] INFO  server.RaftServerConfigKeys (ConfUtils.java:logGet(43)) - raft.server.watch.timeout.denomination = 1s (default)
2019-10-14 19:33:03,231 [EventQueue-PipelineReportForPipelineReportHandler] INFO  pipeline.PipelineStateManager (PipelineStateManager.java:openPipeline(136)) - Pipeline Pipeline[ Id: 4a9c7ac1-d007-421c-861c-f4276a27b49e, Nodes: f1107e1f-4289-4159-9ce3-19e384e76673{ip: 192.168.164.219, host: pr-hdds-1868-cfdmt-251076870, networkLocation: /default-rack, certSerialId: null}, Type:RATIS, Factor:ONE, State:OPEN] moved to OPEN state
2019-10-14 19:33:03,231 [f1107e1f-4289-4159-9ce3-19e384e76673@group-F4276A27B49E-LeaderElection58] INFO  server.RaftServerConfigKeys (ConfUtils.java:logGet(43)) - raft.server.watch.element-limit = 65536 (default)
2019-10-14 19:33:03,231 [EventQueue-PipelineReportForPipelineReportHandler] INFO  pipeline.PipelineReportHandler (PipelineReportHandler.java:processPipelineReport(120)) - Pipeline PipelineID=a4426bb2-dafc-4df5-a027-b1985d4b7a57 reported by f1107e1f-4289-4159-9ce3-19e384e76673{ip: 192.168.164.219, host: pr-hdds-1868-cfdmt-251076870, networkLocation: /default-rack, certSerialId: null} with leaderId 
2019-10-14 19:33:03,235 [f1107e1f-4289-4159-9ce3-19e384e76673@group-F4276A27B49E-LeaderElection58] INFO  impl.RoleInfo (RoleInfo.java:updateAndGet(143)) - f1107e1f-4289-4159-9ce3-19e384e76673: start LeaderState
2019-10-14 19:33:03,236 [f1107e1f-4289-4159-9ce3-19e384e76673@group-F4276A27B49E-LeaderElection58] INFO  segmented.SegmentedRaftLogWorker (SegmentedRaftLogWorker.java:startLogSegment(385)) - f1107e1f-4289-4159-9ce3-19e384e76673@group-F4276A27B49E-SegmentedRaftLogWorker: Starting segment from index:0
2019-10-14 19:33:03,237 [f1107e1f-4289-4159-9ce3-19e384e76673@group-F4276A27B49E-LeaderElection58] INFO  impl.RaftServerImpl (ServerState.java:setRaftConf(356)) - f1107e1f-4289-4159-9ce3-19e384e76673@group-F4276A27B49E: set configuration 0: [f1107e1f-4289-4159-9ce3-19e384e76673:192.168.164.219:38259], old=null at 0
2019-10-14 19:33:03,242 [64281e43-5db8-458f-889d-e68788332a0e@group-B1985D4B7A57-LeaderElection59] INFO  impl.LeaderElection (LeaderElection.java:askForVotes(178)) - 64281e43-5db8-458f-889d-e68788332a0e@group-B1985D4B7A57-LeaderElection59: begin an election at term 1 for -1: [64281e43-5db8-458f-889d-e68788332a0e:192.168.164.219:34783, f1107e1f-4289-4159-9ce3-19e384e76673:192.168.164.219:38259, 0d7982bd-7b1e-4262-b91e-0a390432292e:192.168.164.219:45602], old=null
2019-10-14 19:33:03,277 [grpc-default-executor-6] INFO  impl.RaftServerImpl (RaftServerImpl.java:setRole(170)) - f1107e1f-4289-4159-9ce3-19e384e76673@group-B1985D4B7A57: changes role from  FOLLOWER to FOLLOWER at term 1 for recognizeCandidate:64281e43-5db8-458f-889d-e68788332a0e
2019-10-14 19:33:03,277 [Thread-2498] INFO  impl.FollowerState (FollowerState.java:run(108)) - 0d7982bd-7b1e-4262-b91e-0a390432292e@group-B1985D4B7A57-FollowerState: change to CANDIDATE, lastRpcTime:5146ms, electionTimeout:5116ms
2019-10-14 19:33:03,277 [grpc-default-executor-6] INFO  impl.RoleInfo (RoleInfo.java:shutdownFollowerState(121)) - f1107e1f-4289-4159-9ce3-19e384e76673: shutdown FollowerState
2019-10-14 19:33:03,282 [Thread-2498] INFO  impl.RoleInfo (RoleInfo.java:shutdownFollowerState(121)) - 0d7982bd-7b1e-4262-b91e-0a390432292e: shutdown FollowerState
2019-10-14 19:33:03,283 [grpc-default-executor-6] INFO  impl.RoleInfo (RoleInfo.java:updateAndGet(143)) - f1107e1f-4289-4159-9ce3-19e384e76673: start FollowerState
2019-10-14 19:33:03,283 [Thread-2503] INFO  impl.FollowerState (FollowerState.java:run(117)) - f1107e1f-4289-4159-9ce3-19e384e76673@group-B1985D4B7A57-FollowerState was interrupted: java.lang.InterruptedException: sleep interrupted
2019-10-14 19:33:03,283 [Thread-2498] INFO  impl.RaftServerImpl (RaftServerImpl.java:setRole(170)) - 0d7982bd-7b1e-4262-b91e-0a390432292e@group-B1985D4B7A57: changes role from  FOLLOWER to CANDIDATE at term 0 for changeToCandidate
2019-10-14 19:33:03,287 [Thread-2508] INFO  impl.FollowerState (FollowerState.java:run(108)) - 1a51902b-5369-4ef0-9d6f-b4b6ad802bb2@group-BDCD6F051A41-FollowerState: change to CANDIDATE, lastRpcTime:5049ms, electionTimeout:5049ms
2019-10-14 19:33:03,287 [Thread-2498] INFO  impl.RoleInfo (RoleInfo.java:updateAndGet(143)) - 0d7982bd-7b1e-4262-b91e-0a390432292e: start LeaderElection
2019-10-14 19:33:03,287 [Thread-2508] INFO  impl.RoleInfo (RoleInfo.java:shutdownFollowerState(121)) - 1a51902b-5369-4ef0-9d6f-b4b6ad802bb2: shutdown FollowerState
2019-10-14 19:33:03,287 [Thread-2508] INFO  impl.RaftServerImpl (RaftServerImpl.java:setRole(170)) - 1a51902b-5369-4ef0-9d6f-b4b6ad802bb2@group-BDCD6F051A41: changes role from  FOLLOWER to CANDIDATE at term 0 for changeToCandidate
2019-10-14 19:33:03,287 [Thread-2508] INFO  impl.RoleInfo (RoleInfo.java:updateAndGet(143)) - 1a51902b-5369-4ef0-9d6f-b4b6ad802bb2: start LeaderElection
2019-10-14 19:33:03,291 [grpc-default-executor-4] INFO  impl.RaftServerImpl (RaftServerImpl.java:setRole(170)) - 0d7982bd-7b1e-4262-b91e-0a390432292e@group-B1985D4B7A57: changes role from CANDIDATE to FOLLOWER at term 1 for recognizeCandidate:64281e43-5db8-458f-889d-e68788332a0e
2019-10-14 19:33:03,291 [grpc-default-executor-4] INFO  impl.RoleInfo (RoleInfo.java:shutdownLeaderElection(134)) - 0d7982bd-7b1e-4262-b91e-0a390432292e: shutdown LeaderElection
2019-10-14 19:33:03,295 [grpc-default-executor-4] INFO  impl.RoleInfo (RoleInfo.java:updateAndGet(143)) - 0d7982bd-7b1e-4262-b91e-0a390432292e: start FollowerState
2019-10-14 19:33:03,302 [f1107e1f-4289-4159-9ce3-19e384e76673@group-F4276A27B49E-SegmentedRaftLogWorker] INFO  segmented.SegmentedRaftLogWorker (SegmentedRaftLogWorker.java:execute(576)) - f1107e1f-4289-4159-9ce3-19e384e76673@group-F4276A27B49E-SegmentedRaftLogWorker: created new log segment /workdir/hadoop-ozone/integration-test/target/test-dir/MiniOzoneClusterImpl-108ecea4-3d96-4ce0-92d8-90fb95b9c2b0/datanode-2/data/ratis/4a9c7ac1-d007-421c-861c-f4276a27b49e/current/log_inprogress_0
2019-10-14 19:33:03,323 [Thread-2512] INFO  impl.FollowerState (FollowerState.java:run(108)) - a41ac46c-31e5-445f-9985-b8cae54436a0@group-A0255036CD87-FollowerState: change to CANDIDATE, lastRpcTime:5002ms, electionTimeout:5002ms
2019-10-14 19:33:03,323 [Thread-2512] INFO  impl.RoleInfo (RoleInfo.java:shutdownFollowerState(121)) - a41ac46c-31e5-445f-9985-b8cae54436a0: shutdown FollowerState
2019-10-14 19:33:03,323 [Thread-2512] INFO  impl.RaftServerImpl (RaftServerImpl.java:setRole(170)) - a41ac46c-31e5-445f-9985-b8cae54436a0@group-A0255036CD87: changes role from  FOLLOWER to CANDIDATE at term 0 for changeToCandidate
2019-10-14 19:33:03,324 [Thread-2512] INFO  impl.RoleInfo (RoleInfo.java:updateAndGet(143)) - a41ac46c-31e5-445f-9985-b8cae54436a0: start LeaderElection
2019-10-14 19:33:03,329 [1a51902b-5369-4ef0-9d6f-b4b6ad802bb2@group-BDCD6F051A41-LeaderElection61] INFO  impl.LeaderElection (LeaderElection.java:askForVotes(178)) - 1a51902b-5369-4ef0-9d6f-b4b6ad802bb2@group-BDCD6F051A41-LeaderElection61: begin an election at term 1 for -1: [1a51902b-5369-4ef0-9d6f-b4b6ad802bb2:192.168.164.219:39283], old=null
2019-10-14 19:33:03,338 [1a51902b-5369-4ef0-9d6f-b4b6ad802bb2@group-BDCD6F051A41-LeaderElection61] INFO  impl.RoleInfo (RoleInfo.java:shutdownLeaderElection(134)) - 1a51902b-5369-4ef0-9d6f-b4b6ad802bb2: shutdown LeaderElection
2019-10-14 19:33:03,338 [1a51902b-5369-4ef0-9d6f-b4b6ad802bb2@group-BDCD6F051A41-LeaderElection61] INFO  impl.RaftServerImpl (RaftServerImpl.java:setRole(170)) - 1a51902b-5369-4ef0-9d6f-b4b6ad802bb2@group-BDCD6F051A41: changes role from CANDIDATE to LEADER at term 1 for changeToLeader
2019-10-14 19:33:03,339 [1a51902b-5369-4ef0-9d6f-b4b6ad802bb2@group-BDCD6F051A41-LeaderElection61] INFO  ratis.XceiverServerRatis (XceiverServerRatis.java:handleLeaderChangedNotification(702)) - Leader change notification received for group: group-BDCD6F051A41 with new leaderId: 1a51902b-5369-4ef0-9d6f-b4b6ad802bb2
2019-10-14 19:33:03,343 [1a51902b-5369-4ef0-9d6f-b4b6ad802bb2@group-BDCD6F051A41-LeaderElection61] INFO  impl.RaftServerImpl (ServerState.java:setLeader(255)) - 1a51902b-5369-4ef0-9d6f-b4b6ad802bb2@group-BDCD6F051A41: change Leader from null to 1a51902b-5369-4ef0-9d6f-b4b6ad802bb2 at term 1 for becomeLeader, leader elected after 5105ms
2019-10-14 19:33:03,343 [64281e43-5db8-458f-889d-e68788332a0e@group-B1985D4B7A57-LeaderElection59] INFO  impl.LeaderElection (LeaderElection.java:logAndReturn(56)) - 64281e43-5db8-458f-889d-e68788332a0e@group-B1985D4B7A57-LeaderElection59: Election PASSED; received 2 response(s) [64281e43-5db8-458f-889d-e68788332a0e<-f1107e1f-4289-4159-9ce3-19e384e76673#0:OK-t1, 64281e43-5db8-458f-889d-e68788332a0e<-0d7982bd-7b1e-4262-b91e-0a390432292e#0:FAIL-t1] and 0 exception(s); 64281e43-5db8-458f-889d-e68788332a0e@group-B1985D4B7A57:t1, leader=null, voted=64281e43-5db8-458f-889d-e68788332a0e, raftlog=64281e43-5db8-458f-889d-e68788332a0e@group-B1985D4B7A57-SegmentedRaftLog:OPENED:c-1,f-1,i0, conf=-1: [64281e43-5db8-458f-889d-e68788332a0e:192.168.164.219:34783, f1107e1f-4289-4159-9ce3-19e384e76673:192.168.164.219:38259, 0d7982bd-7b1e-4262-b91e-0a390432292e:192.168.164.219:45602], old=null
2019-10-14 19:33:03,343 [1a51902b-5369-4ef0-9d6f-b4b6ad802bb2@group-BDCD6F051A41-LeaderElection61] INFO  server.RaftServerConfigKeys (ConfUtils.java:logGet(43)) - raft.server.staging.catchup.gap = 1000 (default)
2019-10-14 19:33:03,343 [64281e43-5db8-458f-889d-e68788332a0e@group-B1985D4B7A57-LeaderElection59] INFO  impl.RoleInfo (RoleInfo.java:shutdownLeaderElection(134)) - 64281e43-5db8-458f-889d-e68788332a0e: shutdown LeaderElection
2019-10-14 19:33:03,344 [1a51902b-5369-4ef0-9d6f-b4b6ad802bb2@group-BDCD6F051A41-LeaderElection61] INFO  server.RaftServerConfigKeys (ConfUtils.java:logGet(43)) - raft.server.rpc.sleep.time = 25ms (default)
2019-10-14 19:33:03,344 [64281e43-5db8-458f-889d-e68788332a0e@group-B1985D4B7A57-LeaderElection59] INFO  impl.RaftServerImpl (RaftServerImpl.java:setRole(170)) - 64281e43-5db8-458f-889d-e68788332a0e@group-B1985D4B7A57: changes role from CANDIDATE to LEADER at term 1 for changeToLeader
2019-10-14 19:33:03,344 [1a51902b-5369-4ef0-9d6f-b4b6ad802bb2@group-BDCD6F051A41-LeaderElection61] INFO  server.RaftServerConfigKeys (ConfUtils.java:logGet(43)) - raft.server.write.element-limit = 4096 (default)
2019-10-14 19:33:03,344 [64281e43-5db8-458f-889d-e68788332a0e@group-B1985D4B7A57-LeaderElection59] INFO  ratis.XceiverServerRatis (XceiverServerRatis.java:handleLeaderChangedNotification(702)) - Leader change notification received for group: group-B1985D4B7A57 with new leaderId: 64281e43-5db8-458f-889d-e68788332a0e
2019-10-14 19:33:03,344 [EventQueue-PipelineReportForPipelineReportHandler] INFO  pipeline.PipelineReportHandler (PipelineReportHandler.java:processPipelineReport(120)) - Pipeline PipelineID=fda76f22-187f-4907-895d-2768b720e33f reported by 1a51902b-5369-4ef0-9d6f-b4b6ad802bb2{ip: 192.168.164.219, host: pr-hdds-1868-cfdmt-251076870, networkLocation: /default-rack, certSerialId: null} with leaderId 
2019-10-14 19:33:03,344 [1a51902b-5369-4ef0-9d6f-b4b6ad802bb2@group-BDCD6F051A41-LeaderElection61] INFO  server.RaftServerConfigKeys (ConfUtils.java:logGet(43)) - raft.server.watch.timeout = 10s (default)
2019-10-14 19:33:03,348 [EventQueue-PipelineReportForPipelineReportHandler] INFO  pipeline.PipelineReportHandler (PipelineReportHandler.java:processPipelineReport(120)) - Pipeline PipelineID=1ec7d362-cb47-4401-ba42-bdcd6f051a41 reported by 1a51902b-5369-4ef0-9d6f-b4b6ad802bb2{ip: 192.168.164.219, host: pr-hdds-1868-cfdmt-251076870, networkLocation: /default-rack, certSerialId: null} with leaderId 1a51902b-5369-4ef0-9d6f-b4b6ad802bb2
2019-10-14 19:33:03,348 [64281e43-5db8-458f-889d-e68788332a0e@group-B1985D4B7A57-LeaderElection59] INFO  impl.RaftServerImpl (ServerState.java:setLeader(255)) - 64281e43-5db8-458f-889d-e68788332a0e@group-B1985D4B7A57: change Leader from null to 64281e43-5db8-458f-889d-e68788332a0e at term 1 for becomeLeader, leader elected after 5219ms
2019-10-14 19:33:03,349 [EventQueue-PipelineReportForPipelineReportHandler] INFO  pipeline.PipelineStateManager (PipelineStateManager.java:openPipeline(136)) - Pipeline Pipeline[ Id: 1ec7d362-cb47-4401-ba42-bdcd6f051a41, Nodes: 1a51902b-5369-4ef0-9d6f-b4b6ad802bb2{ip: 192.168.164.219, host: pr-hdds-1868-cfdmt-251076870, networkLocation: /default-rack, certSerialId: null}, Type:RATIS, Factor:ONE, State:OPEN] moved to OPEN state
2019-10-14 19:33:03,348 [1a51902b-5369-4ef0-9d6f-b4b6ad802bb2@group-BDCD6F051A41-LeaderElection61] INFO  server.RaftServerConfigKeys (ConfUtils.java:logGet(43)) - raft.server.watch.timeout.denomination = 1s (default)
2019-10-14 19:33:03,349 [EventQueue-PipelineReportForPipelineReportHandler] INFO  pipeline.PipelineReportHandler (PipelineReportHandler.java:processPipelineReport(120)) - Pipeline PipelineID=898bb91a-db88-4ef1-8ab6-72d0bbb4716a reported by 64281e43-5db8-458f-889d-e68788332a0e{ip: 192.168.164.219, host: pr-hdds-1868-cfdmt-251076870, networkLocation: /default-rack, certSerialId: null} with leaderId 
2019-10-14 19:33:03,349 [64281e43-5db8-458f-889d-e68788332a0e@group-B1985D4B7A57-LeaderElection59] INFO  server.RaftServerConfigKeys (ConfUtils.java:logGet(43)) - raft.server.staging.catchup.gap = 1000 (default)
2019-10-14 19:33:03,349 [EventQueue-PipelineReportForPipelineReportHandler] INFO  pipeline.PipelineStateManager (PipelineStateManager.java:openPipeline(136)) - Pipeline Pipeline[ Id: 898bb91a-db88-4ef1-8ab6-72d0bbb4716a, Nodes: 64281e43-5db8-458f-889d-e68788332a0e{ip: 192.168.164.219, host: pr-hdds-1868-cfdmt-251076870, networkLocation: /default-rack, certSerialId: null}, Type:RATIS, Factor:ONE, State:OPEN] moved to OPEN state
2019-10-14 19:33:03,349 [1a51902b-5369-4ef0-9d6f-b4b6ad802bb2@group-BDCD6F051A41-LeaderElection61] INFO  server.RaftServerConfigKeys (ConfUtils.java:logGet(43)) - raft.server.watch.element-limit = 65536 (default)
2019-10-14 19:33:03,350 [EventQueue-PipelineReportForPipelineReportHandler] INFO  pipeline.PipelineReportHandler (PipelineReportHandler.java:processPipelineReport(120)) - Pipeline PipelineID=a4426bb2-dafc-4df5-a027-b1985d4b7a57 reported by 64281e43-5db8-458f-889d-e68788332a0e{ip: 192.168.164.219, host: pr-hdds-1868-cfdmt-251076870, networkLocation: /default-rack, certSerialId: null} with leaderId 64281e43-5db8-458f-889d-e68788332a0e
2019-10-14 19:33:03,349 [64281e43-5db8-458f-889d-e68788332a0e@group-B1985D4B7A57-LeaderElection59] INFO  server.RaftServerConfigKeys (ConfUtils.java:logGet(43)) - raft.server.rpc.sleep.time = 25ms (default)
2019-10-14 19:33:03,350 [64281e43-5db8-458f-889d-e68788332a0e@group-B1985D4B7A57-LeaderElection59] INFO  server.RaftServerConfigKeys (ConfUtils.java:logGet(43)) - raft.server.write.element-limit = 4096 (default)
2019-10-14 19:33:03,350 [64281e43-5db8-458f-889d-e68788332a0e@group-B1985D4B7A57-LeaderElection59] INFO  server.RaftServerConfigKeys (ConfUtils.java:logGet(43)) - raft.server.watch.timeout = 10s (default)
2019-10-14 19:33:03,350 [64281e43-5db8-458f-889d-e68788332a0e@group-B1985D4B7A57-LeaderElection59] INFO  server.RaftServerConfigKeys (ConfUtils.java:logGet(43)) - raft.server.watch.timeout.denomination = 1s (default)
2019-10-14 19:33:03,351 [64281e43-5db8-458f-889d-e68788332a0e@group-B1985D4B7A57-LeaderElection59] INFO  server.RaftServerConfigKeys (ConfUtils.java:logGet(43)) - raft.server.watch.element-limit = 65536 (default)
2019-10-14 19:33:03,352 [1a51902b-5369-4ef0-9d6f-b4b6ad802bb2@group-BDCD6F051A41-LeaderElection61] INFO  impl.RoleInfo (RoleInfo.java:updateAndGet(143)) - 1a51902b-5369-4ef0-9d6f-b4b6ad802bb2: start LeaderState
2019-10-14 19:33:03,352 [1a51902b-5369-4ef0-9d6f-b4b6ad802bb2@group-BDCD6F051A41-LeaderElection61] INFO  segmented.SegmentedRaftLogWorker (SegmentedRaftLogWorker.java:startLogSegment(385)) - 1a51902b-5369-4ef0-9d6f-b4b6ad802bb2@group-BDCD6F051A41-SegmentedRaftLogWorker: Starting segment from index:0
2019-10-14 19:33:03,353 [1a51902b-5369-4ef0-9d6f-b4b6ad802bb2@group-BDCD6F051A41-LeaderElection61] INFO  impl.RaftServerImpl (ServerState.java:setRaftConf(356)) - 1a51902b-5369-4ef0-9d6f-b4b6ad802bb2@group-BDCD6F051A41: set configuration 0: [1a51902b-5369-4ef0-9d6f-b4b6ad802bb2:192.168.164.219:39283], old=null at 0
2019-10-14 19:33:03,353 [64281e43-5db8-458f-889d-e68788332a0e@group-B1985D4B7A57-LeaderElection59] INFO  server.RaftServerConfigKeys (ConfUtils.java:logGet(43)) - raft.server.log.appender.snapshot.chunk.size.max = 16MB (=16777216) (default)
2019-10-14 19:33:03,354 [64281e43-5db8-458f-889d-e68788332a0e@group-B1985D4B7A57-LeaderElection59] INFO  server.RaftServerConfigKeys (ConfUtils.java:logGet(43)) - raft.server.log.appender.buffer.byte-limit = 33554432 (custom)
2019-10-14 19:33:03,354 [64281e43-5db8-458f-889d-e68788332a0e@group-B1985D4B7A57-LeaderElection59] INFO  server.RaftServerConfigKeys (ConfUtils.java:logGet(43)) - raft.server.log.appender.buffer.element-limit = 1 (custom)
2019-10-14 19:33:03,354 [64281e43-5db8-458f-889d-e68788332a0e@group-B1985D4B7A57-LeaderElection59] INFO  grpc.GrpcConfigKeys$Server (ConfUtils.java:logGet(43)) - raft.grpc.server.leader.outstanding.appends.max = 128 (default)
2019-10-14 19:33:03,354 [64281e43-5db8-458f-889d-e68788332a0e@group-B1985D4B7A57-LeaderElection59] INFO  server.RaftServerConfigKeys (ConfUtils.java:logGet(43)) - raft.server.rpc.request.timeout = 3000ms (default)
2019-10-14 19:33:03,354 [64281e43-5db8-458f-889d-e68788332a0e@group-B1985D4B7A57-LeaderElection59] INFO  server.RaftServerConfigKeys (ConfUtils.java:logGet(43)) - raft.server.log.appender.install.snapshot.enabled = false (custom)
2019-10-14 19:33:03,355 [64281e43-5db8-458f-889d-e68788332a0e@group-B1985D4B7A57-LeaderElection59] INFO  server.RaftServerConfigKeys (ConfUtils.java:logGet(43)) - raft.server.log.appender.snapshot.chunk.size.max = 16MB (=16777216) (default)
2019-10-14 19:33:03,355 [64281e43-5db8-458f-889d-e68788332a0e@group-B1985D4B7A57-LeaderElection59] INFO  server.RaftServerConfigKeys (ConfUtils.java:logGet(43)) - raft.server.log.appender.buffer.byte-limit = 33554432 (custom)
2019-10-14 19:33:03,355 [64281e43-5db8-458f-889d-e68788332a0e@group-B1985D4B7A57-LeaderElection59] INFO  server.RaftServerConfigKeys (ConfUtils.java:logGet(43)) - raft.server.log.appender.buffer.element-limit = 1 (custom)
2019-10-14 19:33:03,355 [64281e43-5db8-458f-889d-e68788332a0e@group-B1985D4B7A57-LeaderElection59] INFO  grpc.GrpcConfigKeys$Server (ConfUtils.java:logGet(43)) - raft.grpc.server.leader.outstanding.appends.max = 128 (default)
2019-10-14 19:33:03,355 [64281e43-5db8-458f-889d-e68788332a0e@group-B1985D4B7A57-LeaderElection59] INFO  server.RaftServerConfigKeys (ConfUtils.java:logGet(43)) - raft.server.rpc.request.timeout = 3000ms (default)
2019-10-14 19:33:03,355 [64281e43-5db8-458f-889d-e68788332a0e@group-B1985D4B7A57-LeaderElection59] INFO  server.RaftServerConfigKeys (ConfUtils.java:logGet(43)) - raft.server.log.appender.install.snapshot.enabled = false (custom)
2019-10-14 19:33:03,356 [64281e43-5db8-458f-889d-e68788332a0e@group-B1985D4B7A57-LeaderElection59] INFO  impl.RoleInfo (RoleInfo.java:updateAndGet(143)) - 64281e43-5db8-458f-889d-e68788332a0e: start LeaderState
2019-10-14 19:33:03,356 [64281e43-5db8-458f-889d-e68788332a0e@group-B1985D4B7A57-LeaderElection59] INFO  segmented.SegmentedRaftLogWorker (SegmentedRaftLogWorker.java:startLogSegment(385)) - 64281e43-5db8-458f-889d-e68788332a0e@group-B1985D4B7A57-SegmentedRaftLogWorker: Starting segment from index:0
2019-10-14 19:33:03,357 [64281e43-5db8-458f-889d-e68788332a0e@group-B1985D4B7A57-LeaderElection59] INFO  impl.RaftServerImpl (ServerState.java:setRaftConf(356)) - 64281e43-5db8-458f-889d-e68788332a0e@group-B1985D4B7A57: set configuration 0: [64281e43-5db8-458f-889d-e68788332a0e:192.168.164.219:34783, f1107e1f-4289-4159-9ce3-19e384e76673:192.168.164.219:38259, 0d7982bd-7b1e-4262-b91e-0a390432292e:192.168.164.219:45602], old=null at 0
2019-10-14 19:33:03,358 [grpc-default-executor-6] INFO  ratis.XceiverServerRatis (XceiverServerRatis.java:handleLeaderChangedNotification(702)) - Leader change notification received for group: group-B1985D4B7A57 with new leaderId: 64281e43-5db8-458f-889d-e68788332a0e
2019-10-14 19:33:03,387 [grpc-default-executor-6] INFO  impl.RaftServerImpl (ServerState.java:setLeader(255)) - 0d7982bd-7b1e-4262-b91e-0a390432292e@group-B1985D4B7A57: change Leader from null to 64281e43-5db8-458f-889d-e68788332a0e at term 1 for appendEntries, leader elected after 5233ms
2019-10-14 19:33:03,388 [a41ac46c-31e5-445f-9985-b8cae54436a0@group-A0255036CD87-LeaderElection62] INFO  impl.LeaderElection (LeaderElection.java:askForVotes(178)) - a41ac46c-31e5-445f-9985-b8cae54436a0@group-A0255036CD87-LeaderElection62: begin an election at term 1 for -1: [a41ac46c-31e5-445f-9985-b8cae54436a0:192.168.164.219:37536], old=null
2019-10-14 19:33:03,392 [EventQueue-PipelineReportForPipelineReportHandler] INFO  pipeline.PipelineReportHandler (PipelineReportHandler.java:processPipelineReport(120)) - Pipeline PipelineID=2fe578bd-3904-4781-b743-8fae402f5aeb reported by 0d7982bd-7b1e-4262-b91e-0a390432292e{ip: 192.168.164.219, host: pr-hdds-1868-cfdmt-251076870, networkLocation: /default-rack, certSerialId: null} with leaderId 
2019-10-14 19:33:03,393 [a41ac46c-31e5-445f-9985-b8cae54436a0@group-A0255036CD87-LeaderElection62] INFO  impl.RoleInfo (RoleInfo.java:shutdownLeaderElection(134)) - a41ac46c-31e5-445f-9985-b8cae54436a0: shutdown LeaderElection
2019-10-14 19:33:03,393 [EventQueue-PipelineReportForPipelineReportHandler] INFO  pipeline.PipelineStateManager (PipelineStateManager.java:openPipeline(136)) - Pipeline Pipeline[ Id: 2fe578bd-3904-4781-b743-8fae402f5aeb, Nodes: 0d7982bd-7b1e-4262-b91e-0a390432292e{ip: 192.168.164.219, host: pr-hdds-1868-cfdmt-251076870, networkLocation: /default-rack, certSerialId: null}, Type:RATIS, Factor:ONE, State:OPEN] moved to OPEN state
2019-10-14 19:33:03,393 [a41ac46c-31e5-445f-9985-b8cae54436a0@group-A0255036CD87-LeaderElection62] INFO  impl.RaftServerImpl (RaftServerImpl.java:setRole(170)) - a41ac46c-31e5-445f-9985-b8cae54436a0@group-A0255036CD87: changes role from CANDIDATE to LEADER at term 1 for changeToLeader
2019-10-14 19:33:03,393 [grpc-default-executor-6] INFO  ratis.XceiverServerRatis (XceiverServerRatis.java:handleLeaderChangedNotification(702)) - Leader change notification received for group: group-B1985D4B7A57 with new leaderId: 64281e43-5db8-458f-889d-e68788332a0e
2019-10-14 19:33:03,393 [a41ac46c-31e5-445f-9985-b8cae54436a0@group-A0255036CD87-LeaderElection62] INFO  ratis.XceiverServerRatis (XceiverServerRatis.java:handleLeaderChangedNotification(702)) - Leader change notification received for group: group-A0255036CD87 with new leaderId: a41ac46c-31e5-445f-9985-b8cae54436a0
2019-10-14 19:33:03,394 [grpc-default-executor-6] INFO  impl.RaftServerImpl (ServerState.java:setLeader(255)) - f1107e1f-4289-4159-9ce3-19e384e76673@group-B1985D4B7A57: change Leader from null to 64281e43-5db8-458f-889d-e68788332a0e at term 1 for appendEntries, leader elected after 5268ms
2019-10-14 19:33:03,393 [EventQueue-PipelineReportForPipelineReportHandler] INFO  pipeline.PipelineReportHandler (PipelineReportHandler.java:processPipelineReport(120)) - Pipeline PipelineID=a4426bb2-dafc-4df5-a027-b1985d4b7a57 reported by 0d7982bd-7b1e-4262-b91e-0a390432292e{ip: 192.168.164.219, host: pr-hdds-1868-cfdmt-251076870, networkLocation: /default-rack, certSerialId: null} with leaderId 64281e43-5db8-458f-889d-e68788332a0e
2019-10-14 19:33:03,397 [a41ac46c-31e5-445f-9985-b8cae54436a0@group-A0255036CD87-LeaderElection62] INFO  impl.RaftServerImpl (ServerState.java:setLeader(255)) - a41ac46c-31e5-445f-9985-b8cae54436a0@group-A0255036CD87: change Leader from null to a41ac46c-31e5-445f-9985-b8cae54436a0 at term 1 for becomeLeader, leader elected after 5075ms
2019-10-14 19:33:03,413 [64281e43-5db8-458f-889d-e68788332a0e@group-B1985D4B7A57-SegmentedRaftLogWorker] INFO  segmented.SegmentedRaftLogWorker (SegmentedRaftLogWorker.java:execute(576)) - 64281e43-5db8-458f-889d-e68788332a0e@group-B1985D4B7A57-SegmentedRaftLogWorker: created new log segment /workdir/hadoop-ozone/integration-test/target/test-dir/MiniOzoneClusterImpl-108ecea4-3d96-4ce0-92d8-90fb95b9c2b0/datanode-1/data/ratis/a4426bb2-dafc-4df5-a027-b1985d4b7a57/current/log_inprogress_0
2019-10-14 19:33:03,413 [1a51902b-5369-4ef0-9d6f-b4b6ad802bb2@group-BDCD6F051A41-SegmentedRaftLogWorker] INFO  segmented.SegmentedRaftLogWorker (SegmentedRaftLogWorker.java:execute(576)) - 1a51902b-5369-4ef0-9d6f-b4b6ad802bb2@group-BDCD6F051A41-SegmentedRaftLogWorker: created new log segment /workdir/hadoop-ozone/integration-test/target/test-dir/MiniOzoneClusterImpl-108ecea4-3d96-4ce0-92d8-90fb95b9c2b0/datanode-3/data/ratis/1ec7d362-cb47-4401-ba42-bdcd6f051a41/current/log_inprogress_0
2019-10-14 19:33:03,413 [EventQueue-PipelineReportForPipelineReportHandler] INFO  pipeline.PipelineReportHandler (PipelineReportHandler.java:processPipelineReport(120)) - Pipeline PipelineID=a4426bb2-dafc-4df5-a027-b1985d4b7a57 reported by f1107e1f-4289-4159-9ce3-19e384e76673{ip: 192.168.164.219, host: pr-hdds-1868-cfdmt-251076870, networkLocation: /default-rack, certSerialId: null} with leaderId 64281e43-5db8-458f-889d-e68788332a0e
2019-10-14 19:33:03,413 [a41ac46c-31e5-445f-9985-b8cae54436a0@group-A0255036CD87-LeaderElection62] INFO  server.RaftServerConfigKeys (ConfUtils.java:logGet(43)) - raft.server.staging.catchup.gap = 1000 (default)
2019-10-14 19:33:03,414 [grpc-default-executor-6] INFO  impl.RaftServerImpl (ServerState.java:setRaftConf(356)) - 0d7982bd-7b1e-4262-b91e-0a390432292e@group-B1985D4B7A57: set configuration 0: [64281e43-5db8-458f-889d-e68788332a0e:192.168.164.219:34783, f1107e1f-4289-4159-9ce3-19e384e76673:192.168.164.219:38259, 0d7982bd-7b1e-4262-b91e-0a390432292e:192.168.164.219:45602], old=null at 0
2019-10-14 19:33:03,414 [EventQueue-PipelineReportForPipelineReportHandler] INFO  pipeline.PipelineStateManager (PipelineStateManager.java:openPipeline(136)) - Pipeline Pipeline[ Id: a4426bb2-dafc-4df5-a027-b1985d4b7a57, Nodes: 0d7982bd-7b1e-4262-b91e-0a390432292e{ip: 192.168.164.219, host: pr-hdds-1868-cfdmt-251076870, networkLocation: /default-rack, certSerialId: null}64281e43-5db8-458f-889d-e68788332a0e{ip: 192.168.164.219, host: pr-hdds-1868-cfdmt-251076870, networkLocation: /default-rack, certSerialId: null}f1107e1f-4289-4159-9ce3-19e384e76673{ip: 192.168.164.219, host: pr-hdds-1868-cfdmt-251076870, networkLocation: /default-rack, certSerialId: null}, Type:RATIS, Factor:THREE, State:OPEN] moved to OPEN state
2019-10-14 19:33:03,414 [a41ac46c-31e5-445f-9985-b8cae54436a0@group-A0255036CD87-LeaderElection62] INFO  server.RaftServerConfigKeys (ConfUtils.java:logGet(43)) - raft.server.rpc.sleep.time = 25ms (default)
2019-10-14 19:33:03,414 [EventQueue-PipelineReportForPipelineReportHandler] INFO  pipeline.PipelineReportHandler (PipelineReportHandler.java:processPipelineReport(120)) - Pipeline PipelineID=fda76f22-187f-4907-895d-2768b720e33f reported by a41ac46c-31e5-445f-9985-b8cae54436a0{ip: 192.168.164.219, host: pr-hdds-1868-cfdmt-251076870, networkLocation: /default-rack, certSerialId: null} with leaderId 
2019-10-14 19:33:03,414 [grpc-default-executor-6] INFO  segmented.SegmentedRaftLogWorker (SegmentedRaftLogWorker.java:startLogSegment(385)) - 0d7982bd-7b1e-4262-b91e-0a390432292e@group-B1985D4B7A57-SegmentedRaftLogWorker: Starting segment from index:0
2019-10-14 19:33:03,414 [EventQueue-PipelineReportForPipelineReportHandler] INFO  pipeline.PipelineReportHandler (PipelineReportHandler.java:processPipelineReport(120)) - Pipeline PipelineID=e4eb10e9-7cf3-4039-a1c0-a0255036cd87 reported by a41ac46c-31e5-445f-9985-b8cae54436a0{ip: 192.168.164.219, host: pr-hdds-1868-cfdmt-251076870, networkLocation: /default-rack, certSerialId: null} with leaderId a41ac46c-31e5-445f-9985-b8cae54436a0
2019-10-14 19:33:03,415 [grpc-default-executor-4] INFO  impl.RaftServerImpl (ServerState.java:setRaftConf(356)) - f1107e1f-4289-4159-9ce3-19e384e76673@group-B1985D4B7A57: set configuration 0: [64281e43-5db8-458f-889d-e68788332a0e:192.168.164.219:34783, f1107e1f-4289-4159-9ce3-19e384e76673:192.168.164.219:38259, 0d7982bd-7b1e-4262-b91e-0a390432292e:192.168.164.219:45602], old=null at 0
2019-10-14 19:33:03,414 [a41ac46c-31e5-445f-9985-b8cae54436a0@group-A0255036CD87-LeaderElection62] INFO  server.RaftServerConfigKeys (ConfUtils.java:logGet(43)) - raft.server.write.element-limit = 4096 (default)
2019-10-14 19:33:03,415 [grpc-default-executor-4] INFO  segmented.SegmentedRaftLogWorker (SegmentedRaftLogWorker.java:startLogSegment(385)) - f1107e1f-4289-4159-9ce3-19e384e76673@group-B1985D4B7A57-SegmentedRaftLogWorker: Starting segment from index:0
2019-10-14 19:33:03,415 [EventQueue-PipelineReportForPipelineReportHandler] INFO  pipeline.PipelineStateManager (PipelineStateManager.java:openPipeline(136)) - Pipeline Pipeline[ Id: e4eb10e9-7cf3-4039-a1c0-a0255036cd87, Nodes: a41ac46c-31e5-445f-9985-b8cae54436a0{ip: 192.168.164.219, host: pr-hdds-1868-cfdmt-251076870, networkLocation: /default-rack, certSerialId: null}, Type:RATIS, Factor:ONE, State:OPEN] moved to OPEN state
2019-10-14 19:33:03,415 [a41ac46c-31e5-445f-9985-b8cae54436a0@group-A0255036CD87-LeaderElection62] INFO  server.RaftServerConfigKeys (ConfUtils.java:logGet(43)) - raft.server.watch.timeout = 10s (default)
2019-10-14 19:33:03,415 [a41ac46c-31e5-445f-9985-b8cae54436a0@group-A0255036CD87-LeaderElection62] INFO  server.RaftServerConfigKeys (ConfUtils.java:logGet(43)) - raft.server.watch.timeout.denomination = 1s (default)
2019-10-14 19:33:03,415 [a41ac46c-31e5-445f-9985-b8cae54436a0@group-A0255036CD87-LeaderElection62] INFO  server.RaftServerConfigKeys (ConfUtils.java:logGet(43)) - raft.server.watch.element-limit = 65536 (default)
2019-10-14 19:33:03,417 [a41ac46c-31e5-445f-9985-b8cae54436a0@group-A0255036CD87-LeaderElection62] INFO  impl.RoleInfo (RoleInfo.java:updateAndGet(143)) - a41ac46c-31e5-445f-9985-b8cae54436a0: start LeaderState
2019-10-14 19:33:03,417 [a41ac46c-31e5-445f-9985-b8cae54436a0@group-A0255036CD87-LeaderElection62] INFO  segmented.SegmentedRaftLogWorker (SegmentedRaftLogWorker.java:startLogSegment(385)) - a41ac46c-31e5-445f-9985-b8cae54436a0@group-A0255036CD87-SegmentedRaftLogWorker: Starting segment from index:0
2019-10-14 19:33:03,417 [a41ac46c-31e5-445f-9985-b8cae54436a0@group-A0255036CD87-LeaderElection62] INFO  impl.RaftServerImpl (ServerState.java:setRaftConf(356)) - a41ac46c-31e5-445f-9985-b8cae54436a0@group-A0255036CD87: set configuration 0: [a41ac46c-31e5-445f-9985-b8cae54436a0:192.168.164.219:37536], old=null at 0
2019-10-14 19:33:03,462 [a41ac46c-31e5-445f-9985-b8cae54436a0@group-A0255036CD87-SegmentedRaftLogWorker] INFO  segmented.SegmentedRaftLogWorker (SegmentedRaftLogWorker.java:execute(576)) - a41ac46c-31e5-445f-9985-b8cae54436a0@group-A0255036CD87-SegmentedRaftLogWorker: created new log segment /workdir/hadoop-ozone/integration-test/target/test-dir/MiniOzoneClusterImpl-108ecea4-3d96-4ce0-92d8-90fb95b9c2b0/datanode-6/data/ratis/e4eb10e9-7cf3-4039-a1c0-a0255036cd87/current/log_inprogress_0
2019-10-14 19:33:03,479 [0d7982bd-7b1e-4262-b91e-0a390432292e@group-B1985D4B7A57-SegmentedRaftLogWorker] INFO  segmented.SegmentedRaftLogWorker (SegmentedRaftLogWorker.java:execute(576)) - 0d7982bd-7b1e-4262-b91e-0a390432292e@group-B1985D4B7A57-SegmentedRaftLogWorker: created new log segment /workdir/hadoop-ozone/integration-test/target/test-dir/MiniOzoneClusterImpl-108ecea4-3d96-4ce0-92d8-90fb95b9c2b0/datanode-0/data/ratis/a4426bb2-dafc-4df5-a027-b1985d4b7a57/current/log_inprogress_0
2019-10-14 19:33:03,479 [f1107e1f-4289-4159-9ce3-19e384e76673@group-B1985D4B7A57-SegmentedRaftLogWorker] INFO  segmented.SegmentedRaftLogWorker (SegmentedRaftLogWorker.java:execute(576)) - f1107e1f-4289-4159-9ce3-19e384e76673@group-B1985D4B7A57-SegmentedRaftLogWorker: created new log segment /workdir/hadoop-ozone/integration-test/target/test-dir/MiniOzoneClusterImpl-108ecea4-3d96-4ce0-92d8-90fb95b9c2b0/datanode-2/data/ratis/a4426bb2-dafc-4df5-a027-b1985d4b7a57/current/log_inprogress_0
2019-10-14 19:33:03,606 [Thread-2526] INFO  impl.FollowerState (FollowerState.java:run(108)) - 1a51902b-5369-4ef0-9d6f-b4b6ad802bb2@group-2768B720E33F-FollowerState: change to CANDIDATE, lastRpcTime:5043ms, electionTimeout:5043ms
2019-10-14 19:33:03,606 [Thread-2526] INFO  impl.RoleInfo (RoleInfo.java:shutdownFollowerState(121)) - 1a51902b-5369-4ef0-9d6f-b4b6ad802bb2: shutdown FollowerState
2019-10-14 19:33:03,606 [Thread-2526] INFO  impl.RaftServerImpl (RaftServerImpl.java:setRole(170)) - 1a51902b-5369-4ef0-9d6f-b4b6ad802bb2@group-2768B720E33F: changes role from  FOLLOWER to CANDIDATE at term 0 for changeToCandidate
2019-10-14 19:33:03,607 [Thread-2526] INFO  impl.RoleInfo (RoleInfo.java:updateAndGet(143)) - 1a51902b-5369-4ef0-9d6f-b4b6ad802bb2: start LeaderElection
2019-10-14 19:33:03,638 [Thread-2524] INFO  impl.FollowerState (FollowerState.java:run(108)) - c760ddd1-975e-4e4f-8a7d-7dfc99016f69@group-2768B720E33F-FollowerState: change to CANDIDATE, lastRpcTime:5077ms, electionTimeout:5053ms
2019-10-14 19:33:03,638 [Thread-2516] INFO  impl.FollowerState (FollowerState.java:run(108)) - 64281e43-5db8-458f-889d-e68788332a0e@group-72D0BBB4716A-FollowerState: change to CANDIDATE, lastRpcTime:5221ms, electionTimeout:5168ms
2019-10-14 19:33:03,654 [main] INFO  ozone.MiniOzoneClusterImpl (MiniOzoneClusterImpl.java:lambda$waitForClusterToBeReady$2(164)) - Waiting for 3 number of pipelines out of 9, to report a leader.
2019-10-14 19:33:03,654 [Thread-2532] INFO  impl.FollowerState (FollowerState.java:run(108)) - 0d7982bd-7b1e-4262-b91e-0a390432292e@group-8FAE402F5AEB-FollowerState: change to CANDIDATE, lastRpcTime:5009ms, electionTimeout:5009ms
2019-10-14 19:33:03,654 [Thread-2524] INFO  impl.RoleInfo (RoleInfo.java:shutdownFollowerState(121)) - c760ddd1-975e-4e4f-8a7d-7dfc99016f69: shutdown FollowerState
2019-10-14 19:33:03,654 [Thread-2532] INFO  impl.RoleInfo (RoleInfo.java:shutdownFollowerState(121)) - 0d7982bd-7b1e-4262-b91e-0a390432292e: shutdown FollowerState
2019-10-14 19:33:03,655 [Thread-2532] INFO  impl.RaftServerImpl (RaftServerImpl.java:setRole(170)) - 0d7982bd-7b1e-4262-b91e-0a390432292e@group-8FAE402F5AEB: changes role from  FOLLOWER to CANDIDATE at term 0 for changeToCandidate
2019-10-14 19:33:03,654 [Thread-2516] INFO  impl.RoleInfo (RoleInfo.java:shutdownFollowerState(121)) - 64281e43-5db8-458f-889d-e68788332a0e: shutdown FollowerState
2019-10-14 19:33:03,655 [Thread-2532] INFO  impl.RoleInfo (RoleInfo.java:updateAndGet(143)) - 0d7982bd-7b1e-4262-b91e-0a390432292e: start LeaderElection
2019-10-14 19:33:03,655 [Thread-2524] INFO  impl.RaftServerImpl (RaftServerImpl.java:setRole(170)) - c760ddd1-975e-4e4f-8a7d-7dfc99016f69@group-2768B720E33F: changes role from  FOLLOWER to CANDIDATE at term 0 for changeToCandidate
2019-10-14 19:33:03,655 [Thread-2516] INFO  impl.RaftServerImpl (RaftServerImpl.java:setRole(170)) - 64281e43-5db8-458f-889d-e68788332a0e@group-72D0BBB4716A: changes role from  FOLLOWER to CANDIDATE at term 0 for changeToCandidate
2019-10-14 19:33:03,655 [Thread-2524] INFO  impl.RoleInfo (RoleInfo.java:updateAndGet(143)) - c760ddd1-975e-4e4f-8a7d-7dfc99016f69: start LeaderElection
2019-10-14 19:33:03,655 [Thread-2516] INFO  impl.RoleInfo (RoleInfo.java:updateAndGet(143)) - 64281e43-5db8-458f-889d-e68788332a0e: start LeaderElection
2019-10-14 19:33:03,679 [0d7982bd-7b1e-4262-b91e-0a390432292e@group-8FAE402F5AEB-LeaderElection64] INFO  impl.LeaderElection (LeaderElection.java:askForVotes(178)) - 0d7982bd-7b1e-4262-b91e-0a390432292e@group-8FAE402F5AEB-LeaderElection64: begin an election at term 1 for -1: [0d7982bd-7b1e-4262-b91e-0a390432292e:192.168.164.219:45602], old=null
2019-10-14 19:33:03,680 [1a51902b-5369-4ef0-9d6f-b4b6ad802bb2@group-2768B720E33F-LeaderElection63] INFO  impl.LeaderElection (LeaderElection.java:askForVotes(178)) - 1a51902b-5369-4ef0-9d6f-b4b6ad802bb2@group-2768B720E33F-LeaderElection63: begin an election at term 1 for -1: [c760ddd1-975e-4e4f-8a7d-7dfc99016f69:192.168.164.219:45173, a41ac46c-31e5-445f-9985-b8cae54436a0:192.168.164.219:37536, 1a51902b-5369-4ef0-9d6f-b4b6ad802bb2:192.168.164.219:39283], old=null
2019-10-14 19:33:03,680 [0d7982bd-7b1e-4262-b91e-0a390432292e@group-8FAE402F5AEB-LeaderElection64] INFO  impl.RoleInfo (RoleInfo.java:shutdownLeaderElection(134)) - 0d7982bd-7b1e-4262-b91e-0a390432292e: shutdown LeaderElection
2019-10-14 19:33:03,680 [0d7982bd-7b1e-4262-b91e-0a390432292e@group-8FAE402F5AEB-LeaderElection64] INFO  impl.RaftServerImpl (RaftServerImpl.java:setRole(170)) - 0d7982bd-7b1e-4262-b91e-0a390432292e@group-8FAE402F5AEB: changes role from CANDIDATE to LEADER at term 1 for changeToLeader
2019-10-14 19:33:03,680 [0d7982bd-7b1e-4262-b91e-0a390432292e@group-8FAE402F5AEB-LeaderElection64] INFO  ratis.XceiverServerRatis (XceiverServerRatis.java:handleLeaderChangedNotification(702)) - Leader change notification received for group: group-8FAE402F5AEB with new leaderId: 0d7982bd-7b1e-4262-b91e-0a390432292e
2019-10-14 19:33:03,680 [0d7982bd-7b1e-4262-b91e-0a390432292e@group-8FAE402F5AEB-LeaderElection64] INFO  impl.RaftServerImpl (ServerState.java:setLeader(255)) - 0d7982bd-7b1e-4262-b91e-0a390432292e@group-8FAE402F5AEB: change Leader from null to 0d7982bd-7b1e-4262-b91e-0a390432292e at term 1 for becomeLeader, leader elected after 5041ms
2019-10-14 19:33:03,680 [0d7982bd-7b1e-4262-b91e-0a390432292e@group-8FAE402F5AEB-LeaderElection64] INFO  server.RaftServerConfigKeys (ConfUtils.java:logGet(43)) - raft.server.staging.catchup.gap = 1000 (default)
2019-10-14 19:33:03,680 [0d7982bd-7b1e-4262-b91e-0a390432292e@group-8FAE402F5AEB-LeaderElection64] INFO  server.RaftServerConfigKeys (ConfUtils.java:logGet(43)) - raft.server.rpc.sleep.time = 25ms (default)
2019-10-14 19:33:03,681 [0d7982bd-7b1e-4262-b91e-0a390432292e@group-8FAE402F5AEB-LeaderElection64] INFO  server.RaftServerConfigKeys (ConfUtils.java:logGet(43)) - raft.server.write.element-limit = 4096 (default)
2019-10-14 19:33:03,681 [0d7982bd-7b1e-4262-b91e-0a390432292e@group-8FAE402F5AEB-LeaderElection64] INFO  server.RaftServerConfigKeys (ConfUtils.java:logGet(43)) - raft.server.watch.timeout = 10s (default)
2019-10-14 19:33:03,681 [0d7982bd-7b1e-4262-b91e-0a390432292e@group-8FAE402F5AEB-LeaderElection64] INFO  server.RaftServerConfigKeys (ConfUtils.java:logGet(43)) - raft.server.watch.timeout.denomination = 1s (default)
2019-10-14 19:33:03,681 [0d7982bd-7b1e-4262-b91e-0a390432292e@group-8FAE402F5AEB-LeaderElection64] INFO  server.RaftServerConfigKeys (ConfUtils.java:logGet(43)) - raft.server.watch.element-limit = 65536 (default)
2019-10-14 19:33:03,682 [0d7982bd-7b1e-4262-b91e-0a390432292e@group-8FAE402F5AEB-LeaderElection64] INFO  impl.RoleInfo (RoleInfo.java:updateAndGet(143)) - 0d7982bd-7b1e-4262-b91e-0a390432292e: start LeaderState
2019-10-14 19:33:03,682 [0d7982bd-7b1e-4262-b91e-0a390432292e@group-8FAE402F5AEB-LeaderElection64] INFO  segmented.SegmentedRaftLogWorker (SegmentedRaftLogWorker.java:startLogSegment(385)) - 0d7982bd-7b1e-4262-b91e-0a390432292e@group-8FAE402F5AEB-SegmentedRaftLogWorker: Starting segment from index:0
2019-10-14 19:33:03,683 [0d7982bd-7b1e-4262-b91e-0a390432292e@group-8FAE402F5AEB-LeaderElection64] INFO  impl.RaftServerImpl (ServerState.java:setRaftConf(356)) - 0d7982bd-7b1e-4262-b91e-0a390432292e@group-8FAE402F5AEB: set configuration 0: [0d7982bd-7b1e-4262-b91e-0a390432292e:192.168.164.219:45602], old=null at 0
2019-10-14 19:33:03,688 [grpc-default-executor-6] INFO  impl.RaftServerImpl (RaftServerImpl.java:setRole(170)) - a41ac46c-31e5-445f-9985-b8cae54436a0@group-2768B720E33F: changes role from  FOLLOWER to FOLLOWER at term 1 for recognizeCandidate:1a51902b-5369-4ef0-9d6f-b4b6ad802bb2
2019-10-14 19:33:03,688 [grpc-default-executor-6] INFO  impl.RoleInfo (RoleInfo.java:shutdownFollowerState(121)) - a41ac46c-31e5-445f-9985-b8cae54436a0: shutdown FollowerState
2019-10-14 19:33:03,689 [grpc-default-executor-6] INFO  impl.RoleInfo (RoleInfo.java:updateAndGet(143)) - a41ac46c-31e5-445f-9985-b8cae54436a0: start FollowerState
2019-10-14 19:33:03,689 [Thread-2525] INFO  impl.FollowerState (FollowerState.java:run(117)) - a41ac46c-31e5-445f-9985-b8cae54436a0@group-2768B720E33F-FollowerState was interrupted: java.lang.InterruptedException: sleep interrupted
2019-10-14 19:33:03,697 [64281e43-5db8-458f-889d-e68788332a0e@group-72D0BBB4716A-LeaderElection66] INFO  impl.LeaderElection (LeaderElection.java:askForVotes(178)) - 64281e43-5db8-458f-889d-e68788332a0e@group-72D0BBB4716A-LeaderElection66: begin an election at term 1 for -1: [64281e43-5db8-458f-889d-e68788332a0e:192.168.164.219:34783], old=null
2019-10-14 19:33:03,697 [c760ddd1-975e-4e4f-8a7d-7dfc99016f69@group-2768B720E33F-LeaderElection65] INFO  impl.LeaderElection (LeaderElection.java:askForVotes(178)) - c760ddd1-975e-4e4f-8a7d-7dfc99016f69@group-2768B720E33F-LeaderElection65: begin an election at term 1 for -1: [c760ddd1-975e-4e4f-8a7d-7dfc99016f69:192.168.164.219:45173, a41ac46c-31e5-445f-9985-b8cae54436a0:192.168.164.219:37536, 1a51902b-5369-4ef0-9d6f-b4b6ad802bb2:192.168.164.219:39283], old=null
2019-10-14 19:33:03,717 [64281e43-5db8-458f-889d-e68788332a0e@group-72D0BBB4716A-LeaderElection66] INFO  impl.RoleInfo (RoleInfo.java:shutdownLeaderElection(134)) - 64281e43-5db8-458f-889d-e68788332a0e: shutdown LeaderElection
2019-10-14 19:33:03,717 [1a51902b-5369-4ef0-9d6f-b4b6ad802bb2@group-2768B720E33F-LeaderElection63] INFO  impl.LeaderElection (LeaderElection.java:logAndReturn(56)) - 1a51902b-5369-4ef0-9d6f-b4b6ad802bb2@group-2768B720E33F-LeaderElection63: Election PASSED; received 1 response(s) [1a51902b-5369-4ef0-9d6f-b4b6ad802bb2<-a41ac46c-31e5-445f-9985-b8cae54436a0#0:OK-t1] and 0 exception(s); 1a51902b-5369-4ef0-9d6f-b4b6ad802bb2@group-2768B720E33F:t1, leader=null, voted=1a51902b-5369-4ef0-9d6f-b4b6ad802bb2, raftlog=1a51902b-5369-4ef0-9d6f-b4b6ad802bb2@group-2768B720E33F-SegmentedRaftLog:OPENED:c-1,f-1,i0, conf=-1: [c760ddd1-975e-4e4f-8a7d-7dfc99016f69:192.168.164.219:45173, a41ac46c-31e5-445f-9985-b8cae54436a0:192.168.164.219:37536, 1a51902b-5369-4ef0-9d6f-b4b6ad802bb2:192.168.164.219:39283], old=null
2019-10-14 19:33:03,717 [64281e43-5db8-458f-889d-e68788332a0e@group-72D0BBB4716A-LeaderElection66] INFO  impl.RaftServerImpl (RaftServerImpl.java:setRole(170)) - 64281e43-5db8-458f-889d-e68788332a0e@group-72D0BBB4716A: changes role from CANDIDATE to LEADER at term 1 for changeToLeader
2019-10-14 19:33:03,717 [1a51902b-5369-4ef0-9d6f-b4b6ad802bb2@group-2768B720E33F-LeaderElection63] INFO  impl.RoleInfo (RoleInfo.java:shutdownLeaderElection(134)) - 1a51902b-5369-4ef0-9d6f-b4b6ad802bb2: shutdown LeaderElection
2019-10-14 19:33:03,717 [64281e43-5db8-458f-889d-e68788332a0e@group-72D0BBB4716A-LeaderElection66] INFO  ratis.XceiverServerRatis (XceiverServerRatis.java:handleLeaderChangedNotification(702)) - Leader change notification received for group: group-72D0BBB4716A with new leaderId: 64281e43-5db8-458f-889d-e68788332a0e
2019-10-14 19:33:03,717 [1a51902b-5369-4ef0-9d6f-b4b6ad802bb2@group-2768B720E33F-LeaderElection63] INFO  impl.RaftServerImpl (RaftServerImpl.java:setRole(170)) - 1a51902b-5369-4ef0-9d6f-b4b6ad802bb2@group-2768B720E33F: changes role from CANDIDATE to LEADER at term 1 for changeToLeader
2019-10-14 19:33:03,718 [64281e43-5db8-458f-889d-e68788332a0e@group-72D0BBB4716A-LeaderElection66] INFO  impl.RaftServerImpl (ServerState.java:setLeader(255)) - 64281e43-5db8-458f-889d-e68788332a0e@group-72D0BBB4716A: change Leader from null to 64281e43-5db8-458f-889d-e68788332a0e at term 1 for becomeLeader, leader elected after 5305ms
2019-10-14 19:33:03,718 [1a51902b-5369-4ef0-9d6f-b4b6ad802bb2@group-2768B720E33F-LeaderElection63] INFO  ratis.XceiverServerRatis (XceiverServerRatis.java:handleLeaderChangedNotification(702)) - Leader change notification received for group: group-2768B720E33F with new leaderId: 1a51902b-5369-4ef0-9d6f-b4b6ad802bb2
2019-10-14 19:33:03,718 [64281e43-5db8-458f-889d-e68788332a0e@group-72D0BBB4716A-LeaderElection66] INFO  server.RaftServerConfigKeys (ConfUtils.java:logGet(43)) - raft.server.staging.catchup.gap = 1000 (default)
2019-10-14 19:33:03,718 [1a51902b-5369-4ef0-9d6f-b4b6ad802bb2@group-2768B720E33F-LeaderElection63] INFO  impl.RaftServerImpl (ServerState.java:setLeader(255)) - 1a51902b-5369-4ef0-9d6f-b4b6ad802bb2@group-2768B720E33F: change Leader from null to 1a51902b-5369-4ef0-9d6f-b4b6ad802bb2 at term 1 for becomeLeader, leader elected after 5162ms
2019-10-14 19:33:03,718 [64281e43-5db8-458f-889d-e68788332a0e@group-72D0BBB4716A-LeaderElection66] INFO  server.RaftServerConfigKeys (ConfUtils.java:logGet(43)) - raft.server.rpc.sleep.time = 25ms (default)
2019-10-14 19:33:03,718 [1a51902b-5369-4ef0-9d6f-b4b6ad802bb2@group-2768B720E33F-LeaderElection63] INFO  server.RaftServerConfigKeys (ConfUtils.java:logGet(43)) - raft.server.staging.catchup.gap = 1000 (default)
2019-10-14 19:33:03,719 [1a51902b-5369-4ef0-9d6f-b4b6ad802bb2@group-2768B720E33F-LeaderElection63] INFO  server.RaftServerConfigKeys (ConfUtils.java:logGet(43)) - raft.server.rpc.sleep.time = 25ms (default)
2019-10-14 19:33:03,719 [64281e43-5db8-458f-889d-e68788332a0e@group-72D0BBB4716A-LeaderElection66] INFO  server.RaftServerConfigKeys (ConfUtils.java:logGet(43)) - raft.server.write.element-limit = 4096 (default)
2019-10-14 19:33:03,719 [1a51902b-5369-4ef0-9d6f-b4b6ad802bb2@group-2768B720E33F-LeaderElection63] INFO  server.RaftServerConfigKeys (ConfUtils.java:logGet(43)) - raft.server.write.element-limit = 4096 (default)
2019-10-14 19:33:03,719 [EventQueue-PipelineReportForPipelineReportHandler] INFO  pipeline.PipelineReportHandler (PipelineReportHandler.java:processPipelineReport(120)) - Pipeline PipelineID=fda76f22-187f-4907-895d-2768b720e33f reported by 1a51902b-5369-4ef0-9d6f-b4b6ad802bb2{ip: 192.168.164.219, host: pr-hdds-1868-cfdmt-251076870, networkLocation: /default-rack, certSerialId: null} with leaderId 1a51902b-5369-4ef0-9d6f-b4b6ad802bb2
2019-10-14 19:33:03,719 [64281e43-5db8-458f-889d-e68788332a0e@group-72D0BBB4716A-LeaderElection66] INFO  server.RaftServerConfigKeys (ConfUtils.java:logGet(43)) - raft.server.watch.timeout = 10s (default)
2019-10-14 19:33:03,719 [1a51902b-5369-4ef0-9d6f-b4b6ad802bb2@group-2768B720E33F-LeaderElection63] INFO  server.RaftServerConfigKeys (ConfUtils.java:logGet(43)) - raft.server.watch.timeout = 10s (default)
2019-10-14 19:33:03,719 [64281e43-5db8-458f-889d-e68788332a0e@group-72D0BBB4716A-LeaderElection66] INFO  server.RaftServerConfigKeys (ConfUtils.java:logGet(43)) - raft.server.watch.timeout.denomination = 1s (default)
2019-10-14 19:33:03,720 [1a51902b-5369-4ef0-9d6f-b4b6ad802bb2@group-2768B720E33F-LeaderElection63] INFO  server.RaftServerConfigKeys (ConfUtils.java:logGet(43)) - raft.server.watch.timeout.denomination = 1s (default)
2019-10-14 19:33:03,729 [64281e43-5db8-458f-889d-e68788332a0e@group-72D0BBB4716A-LeaderElection66] INFO  server.RaftServerConfigKeys (ConfUtils.java:logGet(43)) - raft.server.watch.element-limit = 65536 (default)
2019-10-14 19:33:03,729 [1a51902b-5369-4ef0-9d6f-b4b6ad802bb2@group-2768B720E33F-LeaderElection63] INFO  server.RaftServerConfigKeys (ConfUtils.java:logGet(43)) - raft.server.watch.element-limit = 65536 (default)
2019-10-14 19:33:03,731 [1a51902b-5369-4ef0-9d6f-b4b6ad802bb2@group-2768B720E33F-LeaderElection63] INFO  server.RaftServerConfigKeys (ConfUtils.java:logGet(43)) - raft.server.log.appender.snapshot.chunk.size.max = 16MB (=16777216) (default)
2019-10-14 19:33:03,731 [64281e43-5db8-458f-889d-e68788332a0e@group-72D0BBB4716A-LeaderElection66] INFO  impl.RoleInfo (RoleInfo.java:updateAndGet(143)) - 64281e43-5db8-458f-889d-e68788332a0e: start LeaderState
2019-10-14 19:33:03,731 [1a51902b-5369-4ef0-9d6f-b4b6ad802bb2@group-2768B720E33F-LeaderElection63] INFO  server.RaftServerConfigKeys (ConfUtils.java:logGet(43)) - raft.server.log.appender.buffer.byte-limit = 33554432 (custom)
2019-10-14 19:33:03,731 [64281e43-5db8-458f-889d-e68788332a0e@group-72D0BBB4716A-LeaderElection66] INFO  segmented.SegmentedRaftLogWorker (SegmentedRaftLogWorker.java:startLogSegment(385)) - 64281e43-5db8-458f-889d-e68788332a0e@group-72D0BBB4716A-SegmentedRaftLogWorker: Starting segment from index:0
2019-10-14 19:33:03,731 [1a51902b-5369-4ef0-9d6f-b4b6ad802bb2@group-2768B720E33F-LeaderElection63] INFO  server.RaftServerConfigKeys (ConfUtils.java:logGet(43)) - raft.server.log.appender.buffer.element-limit = 1 (custom)
2019-10-14 19:33:03,732 [1a51902b-5369-4ef0-9d6f-b4b6ad802bb2@group-2768B720E33F-LeaderElection63] INFO  grpc.GrpcConfigKeys$Server (ConfUtils.java:logGet(43)) - raft.grpc.server.leader.outstanding.appends.max = 128 (default)
2019-10-14 19:33:03,732 [64281e43-5db8-458f-889d-e68788332a0e@group-72D0BBB4716A-LeaderElection66] INFO  impl.RaftServerImpl (ServerState.java:setRaftConf(356)) - 64281e43-5db8-458f-889d-e68788332a0e@group-72D0BBB4716A: set configuration 0: [64281e43-5db8-458f-889d-e68788332a0e:192.168.164.219:34783], old=null at 0
2019-10-14 19:33:03,732 [1a51902b-5369-4ef0-9d6f-b4b6ad802bb2@group-2768B720E33F-LeaderElection63] INFO  server.RaftServerConfigKeys (ConfUtils.java:logGet(43)) - raft.server.rpc.request.timeout = 3000ms (default)
2019-10-14 19:33:03,774 [0d7982bd-7b1e-4262-b91e-0a390432292e@group-8FAE402F5AEB-SegmentedRaftLogWorker] INFO  segmented.SegmentedRaftLogWorker (SegmentedRaftLogWorker.java:execute(576)) - 0d7982bd-7b1e-4262-b91e-0a390432292e@group-8FAE402F5AEB-SegmentedRaftLogWorker: created new log segment /workdir/hadoop-ozone/integration-test/target/test-dir/MiniOzoneClusterImpl-108ecea4-3d96-4ce0-92d8-90fb95b9c2b0/datanode-0/data/ratis/2fe578bd-3904-4781-b743-8fae402f5aeb/current/log_inprogress_0
2019-10-14 19:33:03,775 [1a51902b-5369-4ef0-9d6f-b4b6ad802bb2@group-2768B720E33F-LeaderElection63] INFO  server.RaftServerConfigKeys (ConfUtils.java:logGet(43)) - raft.server.log.appender.install.snapshot.enabled = false (custom)
2019-10-14 19:33:03,775 [1a51902b-5369-4ef0-9d6f-b4b6ad802bb2@group-2768B720E33F-LeaderElection63] INFO  server.RaftServerConfigKeys (ConfUtils.java:logGet(43)) - raft.server.log.appender.snapshot.chunk.size.max = 16MB (=16777216) (default)
2019-10-14 19:33:03,776 [1a51902b-5369-4ef0-9d6f-b4b6ad802bb2@group-2768B720E33F-LeaderElection63] INFO  server.RaftServerConfigKeys (ConfUtils.java:logGet(43)) - raft.server.log.appender.buffer.byte-limit = 33554432 (custom)
2019-10-14 19:33:03,776 [1a51902b-5369-4ef0-9d6f-b4b6ad802bb2@group-2768B720E33F-LeaderElection63] INFO  server.RaftServerConfigKeys (ConfUtils.java:logGet(43)) - raft.server.log.appender.buffer.element-limit = 1 (custom)
2019-10-14 19:33:03,776 [1a51902b-5369-4ef0-9d6f-b4b6ad802bb2@group-2768B720E33F-LeaderElection63] INFO  grpc.GrpcConfigKeys$Server (ConfUtils.java:logGet(43)) - raft.grpc.server.leader.outstanding.appends.max = 128 (default)
2019-10-14 19:33:03,776 [1a51902b-5369-4ef0-9d6f-b4b6ad802bb2@group-2768B720E33F-LeaderElection63] INFO  server.RaftServerConfigKeys (ConfUtils.java:logGet(43)) - raft.server.rpc.request.timeout = 3000ms (default)
2019-10-14 19:33:03,776 [1a51902b-5369-4ef0-9d6f-b4b6ad802bb2@group-2768B720E33F-LeaderElection63] INFO  server.RaftServerConfigKeys (ConfUtils.java:logGet(43)) - raft.server.log.appender.install.snapshot.enabled = false (custom)
2019-10-14 19:33:03,777 [1a51902b-5369-4ef0-9d6f-b4b6ad802bb2@group-2768B720E33F-LeaderElection63] INFO  impl.RoleInfo (RoleInfo.java:updateAndGet(143)) - 1a51902b-5369-4ef0-9d6f-b4b6ad802bb2: start LeaderState
2019-10-14 19:33:03,777 [1a51902b-5369-4ef0-9d6f-b4b6ad802bb2@group-2768B720E33F-LeaderElection63] INFO  segmented.SegmentedRaftLogWorker (SegmentedRaftLogWorker.java:startLogSegment(385)) - 1a51902b-5369-4ef0-9d6f-b4b6ad802bb2@group-2768B720E33F-SegmentedRaftLogWorker: Starting segment from index:0
2019-10-14 19:33:03,778 [1a51902b-5369-4ef0-9d6f-b4b6ad802bb2@group-2768B720E33F-LeaderElection63] INFO  impl.RaftServerImpl (ServerState.java:setRaftConf(356)) - 1a51902b-5369-4ef0-9d6f-b4b6ad802bb2@group-2768B720E33F: set configuration 0: [c760ddd1-975e-4e4f-8a7d-7dfc99016f69:192.168.164.219:45173, a41ac46c-31e5-445f-9985-b8cae54436a0:192.168.164.219:37536, 1a51902b-5369-4ef0-9d6f-b4b6ad802bb2:192.168.164.219:39283], old=null at 0
2019-10-14 19:33:03,812 [grpc-default-executor-6] INFO  impl.RaftServerImpl (RaftServerImpl.java:requestVote(762)) - 1a51902b-5369-4ef0-9d6f-b4b6ad802bb2@group-2768B720E33F-   LEADER: Withhold vote from candidate c760ddd1-975e-4e4f-8a7d-7dfc99016f69 with term 1. State: leader=1a51902b-5369-4ef0-9d6f-b4b6ad802bb2, term=1, lastRpcElapsed=null
2019-10-14 19:33:03,813 [64281e43-5db8-458f-889d-e68788332a0e@group-72D0BBB4716A-SegmentedRaftLogWorker] INFO  segmented.SegmentedRaftLogWorker (SegmentedRaftLogWorker.java:execute(576)) - 64281e43-5db8-458f-889d-e68788332a0e@group-72D0BBB4716A-SegmentedRaftLogWorker: created new log segment /workdir/hadoop-ozone/integration-test/target/test-dir/MiniOzoneClusterImpl-108ecea4-3d96-4ce0-92d8-90fb95b9c2b0/datanode-1/data/ratis/898bb91a-db88-4ef1-8ab6-72d0bbb4716a/current/log_inprogress_0
2019-10-14 19:33:03,814 [c760ddd1-975e-4e4f-8a7d-7dfc99016f69@group-2768B720E33F-LeaderElection65] INFO  impl.LeaderElection (LeaderElection.java:logAndReturn(56)) - c760ddd1-975e-4e4f-8a7d-7dfc99016f69@group-2768B720E33F-LeaderElection65: Election REJECTED; received 2 response(s) [c760ddd1-975e-4e4f-8a7d-7dfc99016f69<-a41ac46c-31e5-445f-9985-b8cae54436a0#0:FAIL-t1, c760ddd1-975e-4e4f-8a7d-7dfc99016f69<-1a51902b-5369-4ef0-9d6f-b4b6ad802bb2#0:FAIL-t1] and 0 exception(s); c760ddd1-975e-4e4f-8a7d-7dfc99016f69@group-2768B720E33F:t1, leader=null, voted=c760ddd1-975e-4e4f-8a7d-7dfc99016f69, raftlog=c760ddd1-975e-4e4f-8a7d-7dfc99016f69@group-2768B720E33F-SegmentedRaftLog:OPENED:c-1,f-1,i0, conf=-1: [c760ddd1-975e-4e4f-8a7d-7dfc99016f69:192.168.164.219:45173, a41ac46c-31e5-445f-9985-b8cae54436a0:192.168.164.219:37536, 1a51902b-5369-4ef0-9d6f-b4b6ad802bb2:192.168.164.219:39283], old=null
2019-10-14 19:33:03,814 [grpc-default-executor-4] INFO  ratis.XceiverServerRatis (XceiverServerRatis.java:handleLeaderChangedNotification(702)) - Leader change notification received for group: group-2768B720E33F with new leaderId: 1a51902b-5369-4ef0-9d6f-b4b6ad802bb2
2019-10-14 19:33:03,814 [grpc-default-executor-6] INFO  impl.RaftServerImpl (RaftServerImpl.java:setRole(170)) - c760ddd1-975e-4e4f-8a7d-7dfc99016f69@group-2768B720E33F: changes role from CANDIDATE to FOLLOWER at term 1 for appendEntries
2019-10-14 19:33:03,815 [grpc-default-executor-4] INFO  impl.RaftServerImpl (ServerState.java:setLeader(255)) - a41ac46c-31e5-445f-9985-b8cae54436a0@group-2768B720E33F: change Leader from null to 1a51902b-5369-4ef0-9d6f-b4b6ad802bb2 at term 1 for appendEntries, leader elected after 5259ms
2019-10-14 19:33:03,815 [grpc-default-executor-6] INFO  impl.RoleInfo (RoleInfo.java:shutdownLeaderElection(134)) - c760ddd1-975e-4e4f-8a7d-7dfc99016f69: shutdown LeaderElection
2019-10-14 19:33:03,815 [grpc-default-executor-6] INFO  impl.RoleInfo (RoleInfo.java:updateAndGet(143)) - c760ddd1-975e-4e4f-8a7d-7dfc99016f69: start FollowerState
2019-10-14 19:33:03,815 [grpc-default-executor-6] INFO  ratis.XceiverServerRatis (XceiverServerRatis.java:handleLeaderChangedNotification(702)) - Leader change notification received for group: group-2768B720E33F with new leaderId: 1a51902b-5369-4ef0-9d6f-b4b6ad802bb2
2019-10-14 19:33:03,821 [grpc-default-executor-6] INFO  impl.RaftServerImpl (ServerState.java:setLeader(255)) - c760ddd1-975e-4e4f-8a7d-7dfc99016f69@group-2768B720E33F: change Leader from null to 1a51902b-5369-4ef0-9d6f-b4b6ad802bb2 at term 1 for appendEntries, leader elected after 5260ms
2019-10-14 19:33:03,821 [EventQueue-PipelineReportForPipelineReportHandler] INFO  pipeline.PipelineReportHandler (PipelineReportHandler.java:processPipelineReport(120)) - Pipeline PipelineID=fda76f22-187f-4907-895d-2768b720e33f reported by a41ac46c-31e5-445f-9985-b8cae54436a0{ip: 192.168.164.219, host: pr-hdds-1868-cfdmt-251076870, networkLocation: /default-rack, certSerialId: null} with leaderId 1a51902b-5369-4ef0-9d6f-b4b6ad802bb2
2019-10-14 19:33:03,822 [EventQueue-PipelineReportForPipelineReportHandler] INFO  pipeline.PipelineReportHandler (PipelineReportHandler.java:processPipelineReport(120)) - Pipeline PipelineID=0b833aa7-6bb7-4ddd-83ab-c33395afbcff reported by c760ddd1-975e-4e4f-8a7d-7dfc99016f69{ip: 192.168.164.219, host: pr-hdds-1868-cfdmt-251076870, networkLocation: /default-rack, certSerialId: null} with leaderId 
2019-10-14 19:33:03,822 [EventQueue-PipelineReportForPipelineReportHandler] INFO  pipeline.PipelineStateManager (PipelineStateManager.java:openPipeline(136)) - Pipeline Pipeline[ Id: 0b833aa7-6bb7-4ddd-83ab-c33395afbcff, Nodes: c760ddd1-975e-4e4f-8a7d-7dfc99016f69{ip: 192.168.164.219, host: pr-hdds-1868-cfdmt-251076870, networkLocation: /default-rack, certSerialId: null}, Type:RATIS, Factor:ONE, State:OPEN] moved to OPEN state
2019-10-14 19:33:03,822 [grpc-default-executor-6] INFO  impl.RaftServerImpl (ServerState.java:setRaftConf(356)) - a41ac46c-31e5-445f-9985-b8cae54436a0@group-2768B720E33F: set configuration 0: [c760ddd1-975e-4e4f-8a7d-7dfc99016f69:192.168.164.219:45173, a41ac46c-31e5-445f-9985-b8cae54436a0:192.168.164.219:37536, 1a51902b-5369-4ef0-9d6f-b4b6ad802bb2:192.168.164.219:39283], old=null at 0
2019-10-14 19:33:03,823 [EventQueue-PipelineReportForPipelineReportHandler] INFO  pipeline.PipelineReportHandler (PipelineReportHandler.java:processPipelineReport(120)) - Pipeline PipelineID=fda76f22-187f-4907-895d-2768b720e33f reported by c760ddd1-975e-4e4f-8a7d-7dfc99016f69{ip: 192.168.164.219, host: pr-hdds-1868-cfdmt-251076870, networkLocation: /default-rack, certSerialId: null} with leaderId 1a51902b-5369-4ef0-9d6f-b4b6ad802bb2
2019-10-14 19:33:03,823 [grpc-default-executor-6] INFO  segmented.SegmentedRaftLogWorker (SegmentedRaftLogWorker.java:startLogSegment(385)) - a41ac46c-31e5-445f-9985-b8cae54436a0@group-2768B720E33F-SegmentedRaftLogWorker: Starting segment from index:0
2019-10-14 19:33:03,823 [EventQueue-PipelineReportForPipelineReportHandler] INFO  pipeline.PipelineStateManager (PipelineStateManager.java:openPipeline(136)) - Pipeline Pipeline[ Id: fda76f22-187f-4907-895d-2768b720e33f, Nodes: a41ac46c-31e5-445f-9985-b8cae54436a0{ip: 192.168.164.219, host: pr-hdds-1868-cfdmt-251076870, networkLocation: /default-rack, certSerialId: null}1a51902b-5369-4ef0-9d6f-b4b6ad802bb2{ip: 192.168.164.219, host: pr-hdds-1868-cfdmt-251076870, networkLocation: /default-rack, certSerialId: null}c760ddd1-975e-4e4f-8a7d-7dfc99016f69{ip: 192.168.164.219, host: pr-hdds-1868-cfdmt-251076870, networkLocation: /default-rack, certSerialId: null}, Type:RATIS, Factor:THREE, State:OPEN] moved to OPEN state
2019-10-14 19:33:03,823 [grpc-default-executor-4] INFO  impl.RaftServerImpl (ServerState.java:setRaftConf(356)) - c760ddd1-975e-4e4f-8a7d-7dfc99016f69@group-2768B720E33F: set configuration 0: [c760ddd1-975e-4e4f-8a7d-7dfc99016f69:192.168.164.219:45173, a41ac46c-31e5-445f-9985-b8cae54436a0:192.168.164.219:37536, 1a51902b-5369-4ef0-9d6f-b4b6ad802bb2:192.168.164.219:39283], old=null at 0
2019-10-14 19:33:03,824 [grpc-default-executor-4] INFO  segmented.SegmentedRaftLogWorker (SegmentedRaftLogWorker.java:startLogSegment(385)) - c760ddd1-975e-4e4f-8a7d-7dfc99016f69@group-2768B720E33F-SegmentedRaftLogWorker: Starting segment from index:0
2019-10-14 19:33:03,840 [1a51902b-5369-4ef0-9d6f-b4b6ad802bb2@group-2768B720E33F-SegmentedRaftLogWorker] INFO  segmented.SegmentedRaftLogWorker (SegmentedRaftLogWorker.java:execute(576)) - 1a51902b-5369-4ef0-9d6f-b4b6ad802bb2@group-2768B720E33F-SegmentedRaftLogWorker: created new log segment /workdir/hadoop-ozone/integration-test/target/test-dir/MiniOzoneClusterImpl-108ecea4-3d96-4ce0-92d8-90fb95b9c2b0/datanode-3/data/ratis/fda76f22-187f-4907-895d-2768b720e33f/current/log_inprogress_0
2019-10-14 19:33:03,847 [Thread-2540] INFO  impl.FollowerState (FollowerState.java:run(108)) - c760ddd1-975e-4e4f-8a7d-7dfc99016f69@group-C33395AFBCFF-FollowerState: change to CANDIDATE, lastRpcTime:5018ms, electionTimeout:5018ms
2019-10-14 19:33:03,847 [Thread-2540] INFO  impl.RoleInfo (RoleInfo.java:shutdownFollowerState(121)) - c760ddd1-975e-4e4f-8a7d-7dfc99016f69: shutdown FollowerState
2019-10-14 19:33:03,848 [Thread-2540] INFO  impl.RaftServerImpl (RaftServerImpl.java:setRole(170)) - c760ddd1-975e-4e4f-8a7d-7dfc99016f69@group-C33395AFBCFF: changes role from  FOLLOWER to CANDIDATE at term 0 for changeToCandidate
2019-10-14 19:33:03,848 [Thread-2540] INFO  impl.RoleInfo (RoleInfo.java:updateAndGet(143)) - c760ddd1-975e-4e4f-8a7d-7dfc99016f69: start LeaderElection
2019-10-14 19:33:03,882 [Thread-2536] INFO  impl.FollowerState (FollowerState.java:run(108)) - da3153d4-5ecf-4413-8c38-31bb41813287@group-79F5193D1DC9-FollowerState: change to CANDIDATE, lastRpcTime:5145ms, electionTimeout:5145ms
2019-10-14 19:33:03,883 [Thread-2536] INFO  impl.RoleInfo (RoleInfo.java:shutdownFollowerState(121)) - da3153d4-5ecf-4413-8c38-31bb41813287: shutdown FollowerState
2019-10-14 19:33:03,883 [Thread-2536] INFO  impl.RaftServerImpl (RaftServerImpl.java:setRole(170)) - da3153d4-5ecf-4413-8c38-31bb41813287@group-79F5193D1DC9: changes role from  FOLLOWER to CANDIDATE at term 0 for changeToCandidate
2019-10-14 19:33:03,883 [Thread-2536] INFO  impl.RoleInfo (RoleInfo.java:updateAndGet(143)) - da3153d4-5ecf-4413-8c38-31bb41813287: start LeaderElection
2019-10-14 19:33:03,890 [c760ddd1-975e-4e4f-8a7d-7dfc99016f69@group-2768B720E33F-SegmentedRaftLogWorker] INFO  segmented.SegmentedRaftLogWorker (SegmentedRaftLogWorker.java:execute(576)) - c760ddd1-975e-4e4f-8a7d-7dfc99016f69@group-2768B720E33F-SegmentedRaftLogWorker: created new log segment /workdir/hadoop-ozone/integration-test/target/test-dir/MiniOzoneClusterImpl-108ecea4-3d96-4ce0-92d8-90fb95b9c2b0/datanode-5/data/ratis/fda76f22-187f-4907-895d-2768b720e33f/current/log_inprogress_0
2019-10-14 19:33:03,890 [c760ddd1-975e-4e4f-8a7d-7dfc99016f69@group-C33395AFBCFF-LeaderElection67] INFO  impl.LeaderElection (LeaderElection.java:askForVotes(178)) - c760ddd1-975e-4e4f-8a7d-7dfc99016f69@group-C33395AFBCFF-LeaderElection67: begin an election at term 1 for -1: [c760ddd1-975e-4e4f-8a7d-7dfc99016f69:192.168.164.219:45173], old=null
2019-10-14 19:33:03,890 [a41ac46c-31e5-445f-9985-b8cae54436a0@group-2768B720E33F-SegmentedRaftLogWorker] INFO  segmented.SegmentedRaftLogWorker (SegmentedRaftLogWorker.java:execute(576)) - a41ac46c-31e5-445f-9985-b8cae54436a0@group-2768B720E33F-SegmentedRaftLogWorker: created new log segment /workdir/hadoop-ozone/integration-test/target/test-dir/MiniOzoneClusterImpl-108ecea4-3d96-4ce0-92d8-90fb95b9c2b0/datanode-6/data/ratis/fda76f22-187f-4907-895d-2768b720e33f/current/log_inprogress_0
2019-10-14 19:33:03,891 [c760ddd1-975e-4e4f-8a7d-7dfc99016f69@group-C33395AFBCFF-LeaderElection67] INFO  impl.RoleInfo (RoleInfo.java:shutdownLeaderElection(134)) - c760ddd1-975e-4e4f-8a7d-7dfc99016f69: shutdown LeaderElection
2019-10-14 19:33:03,891 [c760ddd1-975e-4e4f-8a7d-7dfc99016f69@group-C33395AFBCFF-LeaderElection67] INFO  impl.RaftServerImpl (RaftServerImpl.java:setRole(170)) - c760ddd1-975e-4e4f-8a7d-7dfc99016f69@group-C33395AFBCFF: changes role from CANDIDATE to LEADER at term 1 for changeToLeader
2019-10-14 19:33:03,891 [c760ddd1-975e-4e4f-8a7d-7dfc99016f69@group-C33395AFBCFF-LeaderElection67] INFO  ratis.XceiverServerRatis (XceiverServerRatis.java:handleLeaderChangedNotification(702)) - Leader change notification received for group: group-C33395AFBCFF with new leaderId: c760ddd1-975e-4e4f-8a7d-7dfc99016f69
2019-10-14 19:33:03,891 [c760ddd1-975e-4e4f-8a7d-7dfc99016f69@group-C33395AFBCFF-LeaderElection67] INFO  impl.RaftServerImpl (ServerState.java:setLeader(255)) - c760ddd1-975e-4e4f-8a7d-7dfc99016f69@group-C33395AFBCFF: change Leader from null to c760ddd1-975e-4e4f-8a7d-7dfc99016f69 at term 1 for becomeLeader, leader elected after 5067ms
2019-10-14 19:33:03,891 [c760ddd1-975e-4e4f-8a7d-7dfc99016f69@group-C33395AFBCFF-LeaderElection67] INFO  server.RaftServerConfigKeys (ConfUtils.java:logGet(43)) - raft.server.staging.catchup.gap = 1000 (default)
2019-10-14 19:33:03,891 [c760ddd1-975e-4e4f-8a7d-7dfc99016f69@group-C33395AFBCFF-LeaderElection67] INFO  server.RaftServerConfigKeys (ConfUtils.java:logGet(43)) - raft.server.rpc.sleep.time = 25ms (default)
2019-10-14 19:33:03,892 [c760ddd1-975e-4e4f-8a7d-7dfc99016f69@group-C33395AFBCFF-LeaderElection67] INFO  server.RaftServerConfigKeys (ConfUtils.java:logGet(43)) - raft.server.write.element-limit = 4096 (default)
2019-10-14 19:33:03,892 [c760ddd1-975e-4e4f-8a7d-7dfc99016f69@group-C33395AFBCFF-LeaderElection67] INFO  server.RaftServerConfigKeys (ConfUtils.java:logGet(43)) - raft.server.watch.timeout = 10s (default)
2019-10-14 19:33:03,892 [c760ddd1-975e-4e4f-8a7d-7dfc99016f69@group-C33395AFBCFF-LeaderElection67] INFO  server.RaftServerConfigKeys (ConfUtils.java:logGet(43)) - raft.server.watch.timeout.denomination = 1s (default)
2019-10-14 19:33:03,892 [c760ddd1-975e-4e4f-8a7d-7dfc99016f69@group-C33395AFBCFF-LeaderElection67] INFO  server.RaftServerConfigKeys (ConfUtils.java:logGet(43)) - raft.server.watch.element-limit = 65536 (default)
2019-10-14 19:33:03,894 [c760ddd1-975e-4e4f-8a7d-7dfc99016f69@group-C33395AFBCFF-LeaderElection67] INFO  impl.RoleInfo (RoleInfo.java:updateAndGet(143)) - c760ddd1-975e-4e4f-8a7d-7dfc99016f69: start LeaderState
2019-10-14 19:33:03,894 [c760ddd1-975e-4e4f-8a7d-7dfc99016f69@group-C33395AFBCFF-LeaderElection67] INFO  segmented.SegmentedRaftLogWorker (SegmentedRaftLogWorker.java:startLogSegment(385)) - c760ddd1-975e-4e4f-8a7d-7dfc99016f69@group-C33395AFBCFF-SegmentedRaftLogWorker: Starting segment from index:0
2019-10-14 19:33:03,895 [c760ddd1-975e-4e4f-8a7d-7dfc99016f69@group-C33395AFBCFF-LeaderElection67] INFO  impl.RaftServerImpl (ServerState.java:setRaftConf(356)) - c760ddd1-975e-4e4f-8a7d-7dfc99016f69@group-C33395AFBCFF: set configuration 0: [c760ddd1-975e-4e4f-8a7d-7dfc99016f69:192.168.164.219:45173], old=null at 0
2019-10-14 19:33:03,929 [da3153d4-5ecf-4413-8c38-31bb41813287@group-79F5193D1DC9-LeaderElection68] INFO  impl.LeaderElection (LeaderElection.java:askForVotes(178)) - da3153d4-5ecf-4413-8c38-31bb41813287@group-79F5193D1DC9-LeaderElection68: begin an election at term 1 for -1: [da3153d4-5ecf-4413-8c38-31bb41813287:192.168.164.219:34328], old=null
2019-10-14 19:33:03,929 [da3153d4-5ecf-4413-8c38-31bb41813287@group-79F5193D1DC9-LeaderElection68] INFO  impl.RoleInfo (RoleInfo.java:shutdownLeaderElection(134)) - da3153d4-5ecf-4413-8c38-31bb41813287: shutdown LeaderElection
2019-10-14 19:33:03,929 [da3153d4-5ecf-4413-8c38-31bb41813287@group-79F5193D1DC9-LeaderElection68] INFO  impl.RaftServerImpl (RaftServerImpl.java:setRole(170)) - da3153d4-5ecf-4413-8c38-31bb41813287@group-79F5193D1DC9: changes role from CANDIDATE to LEADER at term 1 for changeToLeader
2019-10-14 19:33:03,929 [da3153d4-5ecf-4413-8c38-31bb41813287@group-79F5193D1DC9-LeaderElection68] INFO  ratis.XceiverServerRatis (XceiverServerRatis.java:handleLeaderChangedNotification(702)) - Leader change notification received for group: group-79F5193D1DC9 with new leaderId: da3153d4-5ecf-4413-8c38-31bb41813287
2019-10-14 19:33:03,933 [da3153d4-5ecf-4413-8c38-31bb41813287@group-79F5193D1DC9-LeaderElection68] INFO  impl.RaftServerImpl (ServerState.java:setLeader(255)) - da3153d4-5ecf-4413-8c38-31bb41813287@group-79F5193D1DC9: change Leader from null to da3153d4-5ecf-4413-8c38-31bb41813287 at term 1 for becomeLeader, leader elected after 5197ms
2019-10-14 19:33:03,933 [da3153d4-5ecf-4413-8c38-31bb41813287@group-79F5193D1DC9-LeaderElection68] INFO  server.RaftServerConfigKeys (ConfUtils.java:logGet(43)) - raft.server.staging.catchup.gap = 1000 (default)
2019-10-14 19:33:03,933 [da3153d4-5ecf-4413-8c38-31bb41813287@group-79F5193D1DC9-LeaderElection68] INFO  server.RaftServerConfigKeys (ConfUtils.java:logGet(43)) - raft.server.rpc.sleep.time = 25ms (default)
2019-10-14 19:33:03,933 [da3153d4-5ecf-4413-8c38-31bb41813287@group-79F5193D1DC9-LeaderElection68] INFO  server.RaftServerConfigKeys (ConfUtils.java:logGet(43)) - raft.server.write.element-limit = 4096 (default)
2019-10-14 19:33:03,933 [da3153d4-5ecf-4413-8c38-31bb41813287@group-79F5193D1DC9-LeaderElection68] INFO  server.RaftServerConfigKeys (ConfUtils.java:logGet(43)) - raft.server.watch.timeout = 10s (default)
2019-10-14 19:33:03,934 [da3153d4-5ecf-4413-8c38-31bb41813287@group-79F5193D1DC9-LeaderElection68] INFO  server.RaftServerConfigKeys (ConfUtils.java:logGet(43)) - raft.server.watch.timeout.denomination = 1s (default)
2019-10-14 19:33:03,934 [da3153d4-5ecf-4413-8c38-31bb41813287@group-79F5193D1DC9-LeaderElection68] INFO  server.RaftServerConfigKeys (ConfUtils.java:logGet(43)) - raft.server.watch.element-limit = 65536 (default)
2019-10-14 19:33:03,934 [EventQueue-PipelineReportForPipelineReportHandler] INFO  pipeline.PipelineReportHandler (PipelineReportHandler.java:processPipelineReport(120)) - Pipeline PipelineID=36f8333c-995c-4322-90ab-79f5193d1dc9 reported by da3153d4-5ecf-4413-8c38-31bb41813287{ip: 192.168.164.219, host: pr-hdds-1868-cfdmt-251076870, networkLocation: /default-rack, certSerialId: null} with leaderId da3153d4-5ecf-4413-8c38-31bb41813287
2019-10-14 19:33:03,934 [EventQueue-PipelineReportForPipelineReportHandler] INFO  pipeline.PipelineStateManager (PipelineStateManager.java:openPipeline(136)) - Pipeline Pipeline[ Id: 36f8333c-995c-4322-90ab-79f5193d1dc9, Nodes: da3153d4-5ecf-4413-8c38-31bb41813287{ip: 192.168.164.219, host: pr-hdds-1868-cfdmt-251076870, networkLocation: /default-rack, certSerialId: null}, Type:RATIS, Factor:ONE, State:OPEN] moved to OPEN state
2019-10-14 19:33:03,936 [da3153d4-5ecf-4413-8c38-31bb41813287@group-79F5193D1DC9-LeaderElection68] INFO  impl.RoleInfo (RoleInfo.java:updateAndGet(143)) - da3153d4-5ecf-4413-8c38-31bb41813287: start LeaderState
2019-10-14 19:33:03,936 [da3153d4-5ecf-4413-8c38-31bb41813287@group-79F5193D1DC9-LeaderElection68] INFO  segmented.SegmentedRaftLogWorker (SegmentedRaftLogWorker.java:startLogSegment(385)) - da3153d4-5ecf-4413-8c38-31bb41813287@group-79F5193D1DC9-SegmentedRaftLogWorker: Starting segment from index:0
2019-10-14 19:33:03,937 [da3153d4-5ecf-4413-8c38-31bb41813287@group-79F5193D1DC9-LeaderElection68] INFO  impl.RaftServerImpl (ServerState.java:setRaftConf(356)) - da3153d4-5ecf-4413-8c38-31bb41813287@group-79F5193D1DC9: set configuration 0: [da3153d4-5ecf-4413-8c38-31bb41813287:192.168.164.219:34328], old=null at 0
2019-10-14 19:33:03,964 [c760ddd1-975e-4e4f-8a7d-7dfc99016f69@group-C33395AFBCFF-SegmentedRaftLogWorker] INFO  segmented.SegmentedRaftLogWorker (SegmentedRaftLogWorker.java:execute(576)) - c760ddd1-975e-4e4f-8a7d-7dfc99016f69@group-C33395AFBCFF-SegmentedRaftLogWorker: created new log segment /workdir/hadoop-ozone/integration-test/target/test-dir/MiniOzoneClusterImpl-108ecea4-3d96-4ce0-92d8-90fb95b9c2b0/datanode-5/data/ratis/0b833aa7-6bb7-4ddd-83ab-c33395afbcff/current/log_inprogress_0
2019-10-14 19:33:03,966 [grpc-default-executor-4] WARN  server.GrpcLogAppender (LogUtils.java:warn(134)) - 09a9200a-ead6-4084-a723-89436f5cacce@group-4BDB53EFA369->60a49fad-6bbc-4e1d-b332-64cc210e3f49-AppendLogResponseHandler: Failed appendEntries: org.apache.ratis.thirdparty.io.grpc.StatusRuntimeException: UNAVAILABLE: io exception
2019-10-14 19:33:03,966 [grpc-default-executor-6] WARN  server.GrpcLogAppender (LogUtils.java:warn(134)) - 09a9200a-ead6-4084-a723-89436f5cacce@group-4BDB53EFA369->670e30cf-8b9d-44a8-8fa0-e58ec8ba4c01-AppendLogResponseHandler: Failed appendEntries: org.apache.ratis.thirdparty.io.grpc.StatusRuntimeException: UNAVAILABLE: io exception
2019-10-14 19:33:03,966 [grpc-default-executor-4] INFO  impl.FollowerInfo (FollowerInfo.java:lambda$new$0(51)) - 09a9200a-ead6-4084-a723-89436f5cacce@group-4BDB53EFA369->60a49fad-6bbc-4e1d-b332-64cc210e3f49: nextIndex: updateUnconditionally 0 -> 0
2019-10-14 19:33:03,966 [grpc-default-executor-6] INFO  impl.FollowerInfo (FollowerInfo.java:lambda$new$0(51)) - 09a9200a-ead6-4084-a723-89436f5cacce@group-4BDB53EFA369->670e30cf-8b9d-44a8-8fa0-e58ec8ba4c01: nextIndex: updateUnconditionally 0 -> 0
2019-10-14 19:33:03,991 [da3153d4-5ecf-4413-8c38-31bb41813287@group-79F5193D1DC9-SegmentedRaftLogWorker] INFO  segmented.SegmentedRaftLogWorker (SegmentedRaftLogWorker.java:execute(576)) - da3153d4-5ecf-4413-8c38-31bb41813287@group-79F5193D1DC9-SegmentedRaftLogWorker: created new log segment /workdir/hadoop-ozone/integration-test/target/test-dir/MiniOzoneClusterImpl-108ecea4-3d96-4ce0-92d8-90fb95b9c2b0/datanode-4/data/ratis/36f8333c-995c-4322-90ab-79f5193d1dc9/current/log_inprogress_0
2019-10-14 19:33:04,421 [grpc-default-executor-4] WARN  server.GrpcLogAppender (LogUtils.java:warn(134)) - 09a9200a-ead6-4084-a723-89436f5cacce@group-4BDB53EFA369->670e30cf-8b9d-44a8-8fa0-e58ec8ba4c01-AppendLogResponseHandler: Failed appendEntries: org.apache.ratis.thirdparty.io.grpc.StatusRuntimeException: UNAVAILABLE: io exception
2019-10-14 19:33:04,421 [grpc-default-executor-6] WARN  server.GrpcLogAppender (LogUtils.java:warn(134)) - 09a9200a-ead6-4084-a723-89436f5cacce@group-4BDB53EFA369->60a49fad-6bbc-4e1d-b332-64cc210e3f49-AppendLogResponseHandler: Failed appendEntries: org.apache.ratis.thirdparty.io.grpc.StatusRuntimeException: UNAVAILABLE: io exception
2019-10-14 19:33:04,421 [grpc-default-executor-4] INFO  impl.FollowerInfo (FollowerInfo.java:lambda$new$0(51)) - 09a9200a-ead6-4084-a723-89436f5cacce@group-4BDB53EFA369->670e30cf-8b9d-44a8-8fa0-e58ec8ba4c01: nextIndex: updateUnconditionally 1 -> 0
2019-10-14 19:33:04,421 [grpc-default-executor-6] INFO  impl.FollowerInfo (FollowerInfo.java:lambda$new$0(51)) - 09a9200a-ead6-4084-a723-89436f5cacce@group-4BDB53EFA369->60a49fad-6bbc-4e1d-b332-64cc210e3f49: nextIndex: updateUnconditionally 1 -> 0
2019-10-14 19:33:04,655 [main] INFO  ozone.MiniOzoneClusterImpl (MiniOzoneClusterImpl.java:lambda$waitForClusterToBeReady$2(172)) - Cluster is ready. Got 7 of 7 DN Heartbeats.
2019-10-14 19:33:04,690 [main] INFO  rpc.RpcClient (RpcClient.java:createVolume(272)) - Creating Volume: watchforcommithandlingtest, with jenkins1000 as owner.
2019-10-14 19:33:04,693 [IPC Server handler 8 on 46059] INFO  volume.OMVolumeCreateRequest (OMVolumeCreateRequest.java:validateAndUpdateCache(193)) - created volume:watchforcommithandlingtest for user:jenkins1000
2019-10-14 19:33:04,712 [main] INFO  rpc.RpcClient (RpcClient.java:createBucket(411)) - Creating Bucket: watchforcommithandlingtest/watchforcommithandlingtest, with Versioning false and Storage Type set to DISK and Encryption set to false 
2019-10-14 19:33:04,717 [main] INFO  ozone.MiniOzoneClusterImpl (MiniOzoneClusterImpl.java:getStorageContainerLocationClient(260)) - Creating StorageContainerLocationProtocol RPC client with address /0.0.0.0:40129
2019-10-14 19:33:04,975 [Datanode State Machine Thread - 0] INFO  statemachine.DatanodeStateMachine (DatanodeStateMachine.java:lambda$startDaemon$0(350)) - Ozone container server started.
2019-10-14 19:33:06,437 [EventQueue-StaleNodeForStaleNodeHandler] INFO  node.StaleNodeHandler (StaleNodeHandler.java:onMessage(58)) - Datanode 670e30cf-8b9d-44a8-8fa0-e58ec8ba4c01{ip: 192.168.164.219, host: pr-hdds-1868-cfdmt-251076870, networkLocation: /default-rack, certSerialId: null} moved to stale state. Finalizing its pipelines [PipelineID=7e1d72a3-5b50-4d90-89be-657f7d2f23ea, PipelineID=07e20a41-aeac-4fd2-b36b-4bdb53efa369]
2019-10-14 19:33:06,437 [EventQueue-StaleNodeForStaleNodeHandler] INFO  pipeline.SCMPipelineManager (SCMPipelineManager.java:finalizeAndDestroyPipeline(315)) - destroying pipeline:Pipeline[ Id: 7e1d72a3-5b50-4d90-89be-657f7d2f23ea, Nodes: 670e30cf-8b9d-44a8-8fa0-e58ec8ba4c01{ip: 192.168.164.219, host: pr-hdds-1868-cfdmt-251076870, networkLocation: /default-rack, certSerialId: null}, Type:RATIS, Factor:ONE, State:OPEN]
2019-10-14 19:33:06,437 [EventQueue-StaleNodeForStaleNodeHandler] INFO  pipeline.PipelineStateManager (PipelineStateManager.java:finalizePipeline(123)) - Pipeline Pipeline[ Id: 7e1d72a3-5b50-4d90-89be-657f7d2f23ea, Nodes: 670e30cf-8b9d-44a8-8fa0-e58ec8ba4c01{ip: 192.168.164.219, host: pr-hdds-1868-cfdmt-251076870, networkLocation: /default-rack, certSerialId: null}, Type:RATIS, Factor:ONE, State:CLOSED] moved to CLOSED state
2019-10-14 19:33:06,437 [EventQueue-StaleNodeForStaleNodeHandler] INFO  pipeline.SCMPipelineManager (SCMPipelineManager.java:finalizeAndDestroyPipeline(315)) - destroying pipeline:Pipeline[ Id: 07e20a41-aeac-4fd2-b36b-4bdb53efa369, Nodes: 60a49fad-6bbc-4e1d-b332-64cc210e3f49{ip: 192.168.164.219, host: pr-hdds-1868-cfdmt-251076870, networkLocation: /default-rack, certSerialId: null}670e30cf-8b9d-44a8-8fa0-e58ec8ba4c01{ip: 192.168.164.219, host: pr-hdds-1868-cfdmt-251076870, networkLocation: /default-rack, certSerialId: null}09a9200a-ead6-4084-a723-89436f5cacce{ip: 192.168.164.219, host: pr-hdds-1868-cfdmt-251076870, networkLocation: /default-rack, certSerialId: null}, Type:RATIS, Factor:THREE, State:CLOSED]
2019-10-14 19:33:06,921 [grpc-default-executor-6] WARN  server.GrpcLogAppender (LogUtils.java:warn(134)) - 09a9200a-ead6-4084-a723-89436f5cacce@group-4BDB53EFA369->60a49fad-6bbc-4e1d-b332-64cc210e3f49-AppendLogResponseHandler: Failed appendEntries: org.apache.ratis.thirdparty.io.grpc.StatusRuntimeException: UNAVAILABLE: io exception
2019-10-14 19:33:06,921 [grpc-default-executor-1] WARN  server.GrpcLogAppender (LogUtils.java:warn(134)) - 09a9200a-ead6-4084-a723-89436f5cacce@group-4BDB53EFA369->670e30cf-8b9d-44a8-8fa0-e58ec8ba4c01-AppendLogResponseHandler: Failed appendEntries: org.apache.ratis.thirdparty.io.grpc.StatusRuntimeException: UNAVAILABLE: io exception
2019-10-14 19:33:06,922 [grpc-default-executor-6] INFO  impl.FollowerInfo (FollowerInfo.java:lambda$new$0(51)) - 09a9200a-ead6-4084-a723-89436f5cacce@group-4BDB53EFA369->60a49fad-6bbc-4e1d-b332-64cc210e3f49: nextIndex: updateUnconditionally 0 -> 0
2019-10-14 19:33:06,922 [grpc-default-executor-1] INFO  impl.FollowerInfo (FollowerInfo.java:lambda$new$0(51)) - 09a9200a-ead6-4084-a723-89436f5cacce@group-4BDB53EFA369->670e30cf-8b9d-44a8-8fa0-e58ec8ba4c01: nextIndex: updateUnconditionally 0 -> 0
2019-10-14 19:33:09,422 [grpc-default-executor-6] WARN  server.GrpcLogAppender (LogUtils.java:warn(134)) - 09a9200a-ead6-4084-a723-89436f5cacce@group-4BDB53EFA369->60a49fad-6bbc-4e1d-b332-64cc210e3f49-AppendLogResponseHandler: Failed appendEntries: org.apache.ratis.thirdparty.io.grpc.StatusRuntimeException: UNAVAILABLE: io exception
2019-10-14 19:33:09,422 [grpc-default-executor-3] WARN  server.GrpcLogAppender (LogUtils.java:warn(134)) - 09a9200a-ead6-4084-a723-89436f5cacce@group-4BDB53EFA369->670e30cf-8b9d-44a8-8fa0-e58ec8ba4c01-AppendLogResponseHandler: Failed appendEntries: org.apache.ratis.thirdparty.io.grpc.StatusRuntimeException: UNAVAILABLE: io exception
2019-10-14 19:33:09,422 [grpc-default-executor-6] INFO  impl.FollowerInfo (FollowerInfo.java:lambda$new$0(51)) - 09a9200a-ead6-4084-a723-89436f5cacce@group-4BDB53EFA369->60a49fad-6bbc-4e1d-b332-64cc210e3f49: nextIndex: updateUnconditionally 0 -> 0
2019-10-14 19:33:09,422 [grpc-default-executor-3] INFO  impl.FollowerInfo (FollowerInfo.java:lambda$new$0(51)) - 09a9200a-ead6-4084-a723-89436f5cacce@group-4BDB53EFA369->670e30cf-8b9d-44a8-8fa0-e58ec8ba4c01: nextIndex: updateUnconditionally 0 -> 0
2019-10-14 19:33:09,934 [main] INFO  ozoneimpl.OzoneContainer (OzoneContainer.java:stop(227)) - Attempting to stop container services.
2019-10-14 19:33:09,934 [main] INFO  impl.RaftServerProxy (RaftServerProxy.java:lambda$close$4(314)) - 0d7982bd-7b1e-4262-b91e-0a390432292e: close
2019-10-14 19:33:09,935 [main] INFO  impl.RaftServerImpl (RaftServerImpl.java:lambda$shutdown$3(247)) - 0d7982bd-7b1e-4262-b91e-0a390432292e@group-8FAE402F5AEB: shutdown
2019-10-14 19:33:09,935 [ForkJoinPool.commonPool-worker-0] INFO  impl.RaftServerImpl (RaftServerImpl.java:lambda$shutdown$3(247)) - 0d7982bd-7b1e-4262-b91e-0a390432292e@group-B1985D4B7A57: shutdown
2019-10-14 19:33:09,935 [main] INFO  util.JmxRegister (JmxRegister.java:unregister(73)) - Successfully un-registered JMX Bean with object name Ratis:service=RaftServer,group=group-8FAE402F5AEB,id=0d7982bd-7b1e-4262-b91e-0a390432292e
2019-10-14 19:33:09,936 [main] INFO  impl.RoleInfo (RoleInfo.java:shutdownLeaderState(104)) - 0d7982bd-7b1e-4262-b91e-0a390432292e: shutdown LeaderState
2019-10-14 19:33:09,936 [main] INFO  impl.PendingRequests (PendingRequests.java:sendNotLeaderResponses(202)) - 0d7982bd-7b1e-4262-b91e-0a390432292e@group-8FAE402F5AEB-PendingRequests: sendNotLeaderResponses
2019-10-14 19:33:09,937 [main] INFO  impl.StateMachineUpdater (StateMachineUpdater.java:stopAndJoin(136)) - 0d7982bd-7b1e-4262-b91e-0a390432292e@group-8FAE402F5AEB-StateMachineUpdater: set stopIndex = 0
2019-10-14 19:33:09,936 [ForkJoinPool.commonPool-worker-0] INFO  util.JmxRegister (JmxRegister.java:unregister(73)) - Successfully un-registered JMX Bean with object name Ratis:service=RaftServer,group=group-B1985D4B7A57,id=0d7982bd-7b1e-4262-b91e-0a390432292e
2019-10-14 19:33:09,938 [main] INFO  impl.RaftServerImpl (ServerState.java:close(387)) - 0d7982bd-7b1e-4262-b91e-0a390432292e@group-8FAE402F5AEB: closes. applyIndex: 0
2019-10-14 19:33:09,938 [ForkJoinPool.commonPool-worker-0] INFO  impl.RoleInfo (RoleInfo.java:shutdownFollowerState(121)) - 0d7982bd-7b1e-4262-b91e-0a390432292e: shutdown FollowerState
2019-10-14 19:33:09,938 [0d7982bd-7b1e-4262-b91e-0a390432292e@group-8FAE402F5AEB-SegmentedRaftLogWorker] INFO  segmented.SegmentedRaftLogWorker (SegmentedRaftLogWorker.java:run(316)) - 0d7982bd-7b1e-4262-b91e-0a390432292e@group-8FAE402F5AEB-SegmentedRaftLogWorker was interrupted, exiting. There are 0 tasks remaining in the queue.
2019-10-14 19:33:09,938 [0d7982bd-7b1e-4262-b91e-0a390432292e@group-B1985D4B7A57-StateMachineUpdater] INFO  ratis.ContainerStateMachine (ContainerStateMachine.java:takeSnapshot(296)) - group-B1985D4B7A57: Taking a snapshot at:(t:1, i:1) file /workdir/hadoop-ozone/integration-test/target/test-dir/MiniOzoneClusterImpl-108ecea4-3d96-4ce0-92d8-90fb95b9c2b0/datanode-0/data/ratis/a4426bb2-dafc-4df5-a027-b1985d4b7a57/sm/snapshot.1_1
2019-10-14 19:33:09,938 [ForkJoinPool.commonPool-worker-0] INFO  impl.StateMachineUpdater (StateMachineUpdater.java:stopAndJoin(136)) - 0d7982bd-7b1e-4262-b91e-0a390432292e@group-B1985D4B7A57-StateMachineUpdater: set stopIndex = 2
2019-10-14 19:33:09,945 [main] INFO  segmented.SegmentedRaftLogWorker (SegmentedRaftLogWorker.java:close(224)) - 0d7982bd-7b1e-4262-b91e-0a390432292e@group-8FAE402F5AEB-SegmentedRaftLogWorker close()
2019-10-14 19:33:09,939 [Thread-2558] INFO  impl.FollowerState (FollowerState.java:run(117)) - 0d7982bd-7b1e-4262-b91e-0a390432292e@group-B1985D4B7A57-FollowerState was interrupted: java.lang.InterruptedException: sleep interrupted
2019-10-14 19:33:09,967 [0d7982bd-7b1e-4262-b91e-0a390432292e@group-B1985D4B7A57-StateMachineUpdater] INFO  ratis.ContainerStateMachine (ContainerStateMachine.java:takeSnapshot(307)) - group-B1985D4B7A57: Finished taking a snapshot at:(t:1, i:1) file:/workdir/hadoop-ozone/integration-test/target/test-dir/MiniOzoneClusterImpl-108ecea4-3d96-4ce0-92d8-90fb95b9c2b0/datanode-0/data/ratis/a4426bb2-dafc-4df5-a027-b1985d4b7a57/sm/snapshot.1_1 time:29
2019-10-14 19:33:09,968 [0d7982bd-7b1e-4262-b91e-0a390432292e@group-B1985D4B7A57-StateMachineUpdater] INFO  impl.StateMachineUpdater (StateMachineUpdater.java:takeSnapshot(269)) - 0d7982bd-7b1e-4262-b91e-0a390432292e@group-B1985D4B7A57-StateMachineUpdater: Took a snapshot at index 1
2019-10-14 19:33:09,968 [0d7982bd-7b1e-4262-b91e-0a390432292e@group-B1985D4B7A57-StateMachineUpdater] INFO  impl.StateMachineUpdater (StateMachineUpdater.java:lambda$new$0(84)) - 0d7982bd-7b1e-4262-b91e-0a390432292e@group-B1985D4B7A57-StateMachineUpdater: snapshotIndex: updateIncreasingly -1 -> 1
2019-10-14 19:33:09,968 [0d7982bd-7b1e-4262-b91e-0a390432292e@group-B1985D4B7A57-StateMachineUpdater] INFO  ratis.ContainerStateMachine (ContainerStateMachine.java:takeSnapshot(296)) - group-B1985D4B7A57: Taking a snapshot at:(t:1, i:1) file /workdir/hadoop-ozone/integration-test/target/test-dir/MiniOzoneClusterImpl-108ecea4-3d96-4ce0-92d8-90fb95b9c2b0/datanode-0/data/ratis/a4426bb2-dafc-4df5-a027-b1985d4b7a57/sm/snapshot.1_1
2019-10-14 19:33:10,005 [0d7982bd-7b1e-4262-b91e-0a390432292e@group-B1985D4B7A57-StateMachineUpdater] INFO  ratis.ContainerStateMachine (ContainerStateMachine.java:takeSnapshot(307)) - group-B1985D4B7A57: Finished taking a snapshot at:(t:1, i:1) file:/workdir/hadoop-ozone/integration-test/target/test-dir/MiniOzoneClusterImpl-108ecea4-3d96-4ce0-92d8-90fb95b9c2b0/datanode-0/data/ratis/a4426bb2-dafc-4df5-a027-b1985d4b7a57/sm/snapshot.1_1 time:38
2019-10-14 19:33:10,006 [0d7982bd-7b1e-4262-b91e-0a390432292e@group-B1985D4B7A57-StateMachineUpdater] INFO  impl.StateMachineUpdater (StateMachineUpdater.java:takeSnapshot(269)) - 0d7982bd-7b1e-4262-b91e-0a390432292e@group-B1985D4B7A57-StateMachineUpdater: Took a snapshot at index 1
2019-10-14 19:33:10,006 [0d7982bd-7b1e-4262-b91e-0a390432292e@group-B1985D4B7A57-StateMachineUpdater] INFO  impl.StateMachineUpdater (StateMachineUpdater.java:lambda$new$0(84)) - 0d7982bd-7b1e-4262-b91e-0a390432292e@group-B1985D4B7A57-StateMachineUpdater: snapshotIndex: updateIncreasingly 1 -> 1
2019-10-14 19:33:10,006 [ForkJoinPool.commonPool-worker-0] INFO  impl.RaftServerImpl (ServerState.java:close(387)) - 0d7982bd-7b1e-4262-b91e-0a390432292e@group-B1985D4B7A57: closes. applyIndex: 2
2019-10-14 19:33:10,007 [0d7982bd-7b1e-4262-b91e-0a390432292e@group-B1985D4B7A57-SegmentedRaftLogWorker] INFO  segmented.SegmentedRaftLogWorker (SegmentedRaftLogWorker.java:run(316)) - 0d7982bd-7b1e-4262-b91e-0a390432292e@group-B1985D4B7A57-SegmentedRaftLogWorker was interrupted, exiting. There are 0 tasks remaining in the queue.
2019-10-14 19:33:10,013 [ForkJoinPool.commonPool-worker-0] INFO  segmented.SegmentedRaftLogWorker (SegmentedRaftLogWorker.java:close(224)) - 0d7982bd-7b1e-4262-b91e-0a390432292e@group-B1985D4B7A57-SegmentedRaftLogWorker close()
2019-10-14 19:33:10,050 [main] INFO  server.GrpcService (GrpcService.java:closeImpl(164)) - 0d7982bd-7b1e-4262-b91e-0a390432292e: shutdown server with port 45602 now
2019-10-14 19:33:10,051 [grpc-default-executor-6] WARN  server.GrpcServerProtocolService (LogUtils.java:warn(134)) - 0d7982bd-7b1e-4262-b91e-0a390432292e: installSnapshot onError, lastRequest: 64281e43-5db8-458f-889d-e68788332a0e->0d7982bd-7b1e-4262-b91e-0a390432292e#5-t1, previous=(t:1, i:2), leaderCommit=2, initializing? false, entries: <empty>: org.apache.ratis.thirdparty.io.grpc.StatusRuntimeException: CANCELLED: cancelled before receiving half close
2019-10-14 19:33:10,051 [grpc-default-executor-3] WARN  server.GrpcLogAppender (LogUtils.java:warn(134)) - 64281e43-5db8-458f-889d-e68788332a0e@group-B1985D4B7A57->0d7982bd-7b1e-4262-b91e-0a390432292e-AppendLogResponseHandler: Failed appendEntries: org.apache.ratis.thirdparty.io.grpc.StatusRuntimeException: CANCELLED: HTTP/2 error code: CANCEL
Received Rst Stream
2019-10-14 19:33:10,051 [main] INFO  server.GrpcService (GrpcService.java:closeImpl(172)) - 0d7982bd-7b1e-4262-b91e-0a390432292e: shutdown server with port 45602 successfully
2019-10-14 19:33:10,051 [grpc-default-executor-3] INFO  impl.FollowerInfo (FollowerInfo.java:lambda$new$0(51)) - 64281e43-5db8-458f-889d-e68788332a0e@group-B1985D4B7A57->0d7982bd-7b1e-4262-b91e-0a390432292e: nextIndex: updateUnconditionally 3 -> 2
2019-10-14 19:33:10,057 [refreshUsed-/workdir/hadoop-ozone/integration-test/target/test-dir/MiniOzoneClusterImpl-108ecea4-3d96-4ce0-92d8-90fb95b9c2b0/datanode-0/data/containers] WARN  fs.CachingGetSpaceUsed (CachingGetSpaceUsed.java:run(183)) - Thread Interrupted waiting to refresh disk information: sleep interrupted
2019-10-14 19:33:10,076 [main] INFO  utils.BackgroundService (BackgroundService.java:shutdown(151)) - Shutting down service BlockDeletingService
2019-10-14 19:33:10,087 [main] INFO  statemachine.DatanodeStateMachine (DatanodeStateMachine.java:stopDaemon(395)) - Ozone container server stopped.
2019-10-14 19:33:10,089 [main] INFO  handler.ContextHandler (ContextHandler.java:doStop(910)) - Stopped o.e.j.w.WebAppContext@53d6e959{/,null,UNAVAILABLE}{/hddsDatanode}
2019-10-14 19:33:10,090 [main] INFO  server.AbstractConnector (AbstractConnector.java:doStop(318)) - Stopped ServerConnector@3caee3a8{HTTP/1.1,[http/1.1]}{0.0.0.0:0}
2019-10-14 19:33:10,090 [main] INFO  handler.ContextHandler (ContextHandler.java:doStop(910)) - Stopped o.e.j.s.ServletContextHandler@51e7589f{/static,jar:file:/home/user/.m2/repository/org/apache/hadoop/hadoop-hdds-container-service/0.5.0-SNAPSHOT/hadoop-hdds-container-service-0.5.0-SNAPSHOT.jar!/webapps/static,UNAVAILABLE}
2019-10-14 19:33:10,090 [main] INFO  handler.ContextHandler (ContextHandler.java:doStop(910)) - Stopped o.e.j.s.ServletContextHandler@33d28f0a{/logs,file:///workdir/hadoop-ozone/integration-test/target/log,UNAVAILABLE}
2019-10-14 19:33:10,101 [grpc-default-executor-1] WARN  server.GrpcLogAppender (LogUtils.java:warn(134)) - 64281e43-5db8-458f-889d-e68788332a0e@group-B1985D4B7A57->0d7982bd-7b1e-4262-b91e-0a390432292e-AppendLogResponseHandler: Failed appendEntries: org.apache.ratis.thirdparty.io.grpc.StatusRuntimeException: UNAVAILABLE: io exception
2019-10-14 19:33:10,101 [grpc-default-executor-1] INFO  impl.FollowerInfo (FollowerInfo.java:lambda$new$0(51)) - 64281e43-5db8-458f-889d-e68788332a0e@group-B1985D4B7A57->0d7982bd-7b1e-4262-b91e-0a390432292e: nextIndex: updateUnconditionally 3 -> 2
2019-10-14 19:33:10,110 [grpc-default-executor-6] WARN  server.GrpcLogAppender (LogUtils.java:warn(134)) - 64281e43-5db8-458f-889d-e68788332a0e@group-B1985D4B7A57->0d7982bd-7b1e-4262-b91e-0a390432292e-AppendLogResponseHandler: Failed appendEntries: org.apache.ratis.thirdparty.io.grpc.StatusRuntimeException: UNAVAILABLE: io exception
2019-10-14 19:33:10,110 [grpc-default-executor-6] INFO  impl.FollowerInfo (FollowerInfo.java:lambda$new$0(51)) - 64281e43-5db8-458f-889d-e68788332a0e@group-B1985D4B7A57->0d7982bd-7b1e-4262-b91e-0a390432292e: nextIndex: updateUnconditionally 3 -> 2
2019-10-14 19:33:10,123 [grpc-default-executor-6] WARN  server.GrpcLogAppender (LogUtils.java:warn(134)) - 64281e43-5db8-458f-889d-e68788332a0e@group-B1985D4B7A57->0d7982bd-7b1e-4262-b91e-0a390432292e-AppendLogResponseHandler: Failed appendEntries: org.apache.ratis.thirdparty.io.grpc.StatusRuntimeException: UNAVAILABLE: io exception
2019-10-14 19:33:10,123 [grpc-default-executor-6] INFO  impl.FollowerInfo (FollowerInfo.java:lambda$new$0(51)) - 64281e43-5db8-458f-889d-e68788332a0e@group-B1985D4B7A57->0d7982bd-7b1e-4262-b91e-0a390432292e: nextIndex: updateUnconditionally 3 -> 2
2019-10-14 19:33:10,138 [EventQueue-IncrementalContainerReportForIncrementalContainerReportHandler] WARN  container.IncrementalContainerReportHandler (AbstractContainerReportHandler.java:updateContainerState(145)) - Container #1 is in OPEN state, but the datanode 64281e43-5db8-458f-889d-e68788332a0e{ip: 192.168.164.219, host: pr-hdds-1868-cfdmt-251076870, networkLocation: /default-rack, certSerialId: null} reports an CLOSING replica.
2019-10-14 19:33:10,153 [EventQueue-IncrementalContainerReportForIncrementalContainerReportHandler] WARN  container.IncrementalContainerReportHandler (AbstractContainerReportHandler.java:updateContainerState(145)) - Container #1 is in OPEN state, but the datanode f1107e1f-4289-4159-9ce3-19e384e76673{ip: 192.168.164.219, host: pr-hdds-1868-cfdmt-251076870, networkLocation: /default-rack, certSerialId: null} reports an CLOSING replica.
2019-10-14 19:33:10,225 [RatisApplyTransactionExecutor 1] INFO  interfaces.Container (KeyValueContainer.java:flushAndSyncDB(386)) - Container 1 is synced with bcsId 0.
2019-10-14 19:33:10,298 [RatisApplyTransactionExecutor 1] INFO  interfaces.Container (KeyValueContainer.java:flushAndSyncDB(386)) - Container 1 is synced with bcsId 0.
2019-10-14 19:33:10,309 [RatisApplyTransactionExecutor 1] INFO  interfaces.Container (KeyValueContainer.java:flushAndSyncDB(386)) - Container 1 is synced with bcsId 0.
2019-10-14 19:33:10,310 [RatisApplyTransactionExecutor 1] INFO  interfaces.Container (KeyValueContainer.java:flushAndSyncDB(386)) - Container 1 is synced with bcsId 0.
2019-10-14 19:33:10,333 [RatisApplyTransactionExecutor 1] INFO  interfaces.Container (KeyValueContainer.java:close(335)) - Container 1 is closed with bcsId 0.
2019-10-14 19:33:10,333 [RatisApplyTransactionExecutor 1] INFO  interfaces.Container (KeyValueContainer.java:close(335)) - Container 1 is closed with bcsId 0.
2019-10-14 19:33:10,341 [EventQueue-IncrementalContainerReportForIncrementalContainerReportHandler] WARN  container.IncrementalContainerReportHandler (AbstractContainerReportHandler.java:updateContainerState(145)) - Container #1 is in OPEN state, but the datanode 64281e43-5db8-458f-889d-e68788332a0e{ip: 192.168.164.219, host: pr-hdds-1868-cfdmt-251076870, networkLocation: /default-rack, certSerialId: null} reports an CLOSED replica.
2019-10-14 19:33:10,341 [EventQueue-IncrementalContainerReportForIncrementalContainerReportHandler] WARN  container.IncrementalContainerReportHandler (AbstractContainerReportHandler.java:updateContainerState(145)) - Container #1 is in OPEN state, but the datanode f1107e1f-4289-4159-9ce3-19e384e76673{ip: 192.168.164.219, host: pr-hdds-1868-cfdmt-251076870, networkLocation: /default-rack, certSerialId: null} reports an CLOSED replica.
2019-10-14 19:33:11,922 [grpc-default-executor-1] WARN  server.GrpcLogAppender (LogUtils.java:warn(134)) - 09a9200a-ead6-4084-a723-89436f5cacce@group-4BDB53EFA369->60a49fad-6bbc-4e1d-b332-64cc210e3f49-AppendLogResponseHandler: Failed appendEntries: org.apache.ratis.thirdparty.io.grpc.StatusRuntimeException: UNAVAILABLE: io exception
2019-10-14 19:33:11,922 [grpc-default-executor-0] WARN  server.GrpcLogAppender (LogUtils.java:warn(134)) - 09a9200a-ead6-4084-a723-89436f5cacce@group-4BDB53EFA369->670e30cf-8b9d-44a8-8fa0-e58ec8ba4c01-AppendLogResponseHandler: Failed appendEntries: org.apache.ratis.thirdparty.io.grpc.StatusRuntimeException: UNAVAILABLE: io exception
2019-10-14 19:33:11,922 [grpc-default-executor-1] INFO  impl.FollowerInfo (FollowerInfo.java:lambda$new$0(51)) - 09a9200a-ead6-4084-a723-89436f5cacce@group-4BDB53EFA369->60a49fad-6bbc-4e1d-b332-64cc210e3f49: nextIndex: updateUnconditionally 0 -> 0
2019-10-14 19:33:11,923 [grpc-default-executor-0] INFO  impl.FollowerInfo (FollowerInfo.java:lambda$new$0(51)) - 09a9200a-ead6-4084-a723-89436f5cacce@group-4BDB53EFA369->670e30cf-8b9d-44a8-8fa0-e58ec8ba4c01: nextIndex: updateUnconditionally 0 -> 0
2019-10-14 19:33:12,624 [grpc-default-executor-3] WARN  server.GrpcLogAppender (LogUtils.java:warn(134)) - 64281e43-5db8-458f-889d-e68788332a0e@group-B1985D4B7A57->0d7982bd-7b1e-4262-b91e-0a390432292e-AppendLogResponseHandler: Failed appendEntries: org.apache.ratis.thirdparty.io.grpc.StatusRuntimeException: UNAVAILABLE: io exception
2019-10-14 19:33:12,638 [grpc-default-executor-3] INFO  impl.FollowerInfo (FollowerInfo.java:lambda$new$0(51)) - 64281e43-5db8-458f-889d-e68788332a0e@group-B1985D4B7A57->0d7982bd-7b1e-4262-b91e-0a390432292e: nextIndex: updateUnconditionally 2 -> 1
2019-10-14 19:33:13,347 [main] WARN  scm.XceiverClientRatis (XceiverClientRatis.java:watchForCommit(277)) - 3 way commit failed on pipeline Pipeline[ Id: a4426bb2-dafc-4df5-a027-b1985d4b7a57, Nodes: 0d7982bd-7b1e-4262-b91e-0a390432292e{ip: 192.168.164.219, host: pr-hdds-1868-cfdmt-251076870, networkLocation: /default-rack, certSerialId: null}64281e43-5db8-458f-889d-e68788332a0e{ip: 192.168.164.219, host: pr-hdds-1868-cfdmt-251076870, networkLocation: /default-rack, certSerialId: null}f1107e1f-4289-4159-9ce3-19e384e76673{ip: 192.168.164.219, host: pr-hdds-1868-cfdmt-251076870, networkLocation: /default-rack, certSerialId: null}, Type:RATIS, Factor:THREE, State:OPEN]
java.util.concurrent.TimeoutException
	at java.util.concurrent.CompletableFuture.timedGet(CompletableFuture.java:1771)
	at java.util.concurrent.CompletableFuture.get(CompletableFuture.java:1915)
	at org.apache.hadoop.hdds.scm.XceiverClientRatis.watchForCommit(XceiverClientRatis.java:274)
	at org.apache.hadoop.ozone.client.rpc.TestWatchForCommit.test2WayCommitForTimeoutException(TestWatchForCommit.java:391)
	at sun.reflect.NativeMethodAccessorImpl.invoke0(Native Method)
	at sun.reflect.NativeMethodAccessorImpl.invoke(NativeMethodAccessorImpl.java:62)
	at sun.reflect.DelegatingMethodAccessorImpl.invoke(DelegatingMethodAccessorImpl.java:43)
	at java.lang.reflect.Method.invoke(Method.java:498)
	at org.junit.runners.model.FrameworkMethod$1.runReflectiveCall(FrameworkMethod.java:47)
	at org.junit.internal.runners.model.ReflectiveCallable.run(ReflectiveCallable.java:12)
	at org.junit.runners.model.FrameworkMethod.invokeExplosively(FrameworkMethod.java:44)
	at org.junit.internal.runners.statements.InvokeMethod.evaluate(InvokeMethod.java:17)
	at org.junit.runners.ParentRunner.runLeaf(ParentRunner.java:271)
	at org.junit.runners.BlockJUnit4ClassRunner.runChild(BlockJUnit4ClassRunner.java:70)
	at org.junit.runners.BlockJUnit4ClassRunner.runChild(BlockJUnit4ClassRunner.java:50)
	at org.junit.runners.ParentRunner$3.run(ParentRunner.java:238)
	at org.junit.runners.ParentRunner$1.schedule(ParentRunner.java:63)
	at org.junit.runners.ParentRunner.runChildren(ParentRunner.java:236)
	at org.junit.runners.ParentRunner.access$000(ParentRunner.java:53)
	at org.junit.runners.ParentRunner$2.evaluate(ParentRunner.java:229)
	at org.junit.runners.ParentRunner.run(ParentRunner.java:309)
	at org.apache.maven.surefire.junit4.JUnit4Provider.execute(JUnit4Provider.java:365)
	at org.apache.maven.surefire.junit4.JUnit4Provider.executeWithRerun(JUnit4Provider.java:273)
	at org.apache.maven.surefire.junit4.JUnit4Provider.executeTestSet(JUnit4Provider.java:238)
	at org.apache.maven.surefire.junit4.JUnit4Provider.invoke(JUnit4Provider.java:159)
	at org.apache.maven.surefire.booter.ForkedBooter.invokeProviderInSameClassLoader(ForkedBooter.java:384)
	at org.apache.maven.surefire.booter.ForkedBooter.runSuitesInProcess(ForkedBooter.java:345)
	at org.apache.maven.surefire.booter.ForkedBooter.execute(ForkedBooter.java:126)
	at org.apache.maven.surefire.booter.ForkedBooter.main(ForkedBooter.java:418)
2019-10-14 19:33:14,423 [grpc-default-executor-4] WARN  server.GrpcLogAppender (LogUtils.java:warn(134)) - 09a9200a-ead6-4084-a723-89436f5cacce@group-4BDB53EFA369->670e30cf-8b9d-44a8-8fa0-e58ec8ba4c01-AppendLogResponseHandler: Failed appendEntries: org.apache.ratis.thirdparty.io.grpc.StatusRuntimeException: UNAVAILABLE: io exception
2019-10-14 19:33:14,423 [grpc-default-executor-1] WARN  server.GrpcLogAppender (LogUtils.java:warn(134)) - 09a9200a-ead6-4084-a723-89436f5cacce@group-4BDB53EFA369->60a49fad-6bbc-4e1d-b332-64cc210e3f49-AppendLogResponseHandler: Failed appendEntries: org.apache.ratis.thirdparty.io.grpc.StatusRuntimeException: UNAVAILABLE: io exception
2019-10-14 19:33:14,423 [grpc-default-executor-4] INFO  impl.FollowerInfo (FollowerInfo.java:lambda$new$0(51)) - 09a9200a-ead6-4084-a723-89436f5cacce@group-4BDB53EFA369->670e30cf-8b9d-44a8-8fa0-e58ec8ba4c01: nextIndex: updateUnconditionally 0 -> 0
2019-10-14 19:33:14,423 [grpc-default-executor-1] INFO  impl.FollowerInfo (FollowerInfo.java:lambda$new$0(51)) - 09a9200a-ead6-4084-a723-89436f5cacce@group-4BDB53EFA369->60a49fad-6bbc-4e1d-b332-64cc210e3f49: nextIndex: updateUnconditionally 0 -> 0
2019-10-14 19:33:15,127 [grpc-default-executor-4] WARN  server.GrpcLogAppender (LogUtils.java:warn(134)) - 64281e43-5db8-458f-889d-e68788332a0e@group-B1985D4B7A57->0d7982bd-7b1e-4262-b91e-0a390432292e-AppendLogResponseHandler: Failed appendEntries: org.apache.ratis.thirdparty.io.grpc.StatusRuntimeException: UNAVAILABLE: io exception
2019-10-14 19:33:15,128 [grpc-default-executor-4] INFO  impl.FollowerInfo (FollowerInfo.java:lambda$new$0(51)) - 64281e43-5db8-458f-889d-e68788332a0e@group-B1985D4B7A57->0d7982bd-7b1e-4262-b91e-0a390432292e: nextIndex: updateUnconditionally 1 -> 0
]]></system-out>
    <system-err><![CDATA[Exception in thread "0d7982bd-7b1e-4262-b91e-0a390432292e@group-B1985D4B7A57-LeaderElection60" java.lang.IllegalStateException: ILLEGAL TRANSITION: In 0d7982bd-7b1e-4262-b91e-0a390432292e@group-B1985D4B7A57-LeaderElection60, RUNNING -> CLOSED
	at org.apache.ratis.util.Preconditions.assertTrue(Preconditions.java:63)
	at org.apache.ratis.util.LifeCycle$State.validate(LifeCycle.java:123)
	at org.apache.ratis.util.LifeCycle.transition(LifeCycle.java:143)
	at org.apache.ratis.server.impl.LeaderElection.run(LeaderElection.java:151)
	at java.lang.Thread.run(Thread.java:748)
Oct 14, 2019 7:33:10 PM org.apache.ratis.thirdparty.io.grpc.internal.SerializingExecutor run
SEVERE: Exception while executing runnable org.apache.ratis.thirdparty.io.grpc.internal.ServerImpl$JumpToApplicationThreadServerStreamListener$1Closed@7ae769c2
org.apache.ratis.thirdparty.io.grpc.StatusRuntimeException: CANCELLED: call already cancelled
	at org.apache.ratis.thirdparty.io.grpc.Status.asRuntimeException(Status.java:517)
	at org.apache.ratis.thirdparty.io.grpc.stub.ServerCalls$ServerCallStreamObserverImpl.onCompleted(ServerCalls.java:356)
	at org.apache.ratis.grpc.server.GrpcServerProtocolService$ServerRequestStreamObserver.onError(GrpcServerProtocolService.java:121)
	at org.apache.ratis.thirdparty.io.grpc.stub.ServerCalls$StreamingServerCallHandler$StreamingServerCallListener.onCancel(ServerCalls.java:269)
	at org.apache.ratis.thirdparty.io.grpc.internal.ServerCallImpl$ServerStreamListenerImpl.closed(ServerCallImpl.java:293)
	at org.apache.ratis.thirdparty.io.grpc.internal.ServerImpl$JumpToApplicationThreadServerStreamListener$1Closed.runInContext(ServerImpl.java:741)
	at org.apache.ratis.thirdparty.io.grpc.internal.ContextRunnable.run(ContextRunnable.java:37)
	at org.apache.ratis.thirdparty.io.grpc.internal.SerializingExecutor.run(SerializingExecutor.java:123)
	at java.util.concurrent.ThreadPoolExecutor.runWorker(ThreadPoolExecutor.java:1149)
	at java.util.concurrent.ThreadPoolExecutor$Worker.run(ThreadPoolExecutor.java:624)
	at java.lang.Thread.run(Thread.java:748)

]]></system-err>
  </testcase>
</testsuite>