<?xml version="1.0" encoding="UTF-8"?>
<testsuite xmlns:xsi="http://www.w3.org/2001/XMLSchema-instance" xsi:noNamespaceSchemaLocation="https://maven.apache.org/surefire/maven-surefire-plugin/xsd/surefire-test-report.xsd" name="org.apache.hadoop.ozone.client.rpc.TestOzoneClientRetriesOnException" time="172.644" tests="2" errors="1" skipped="0" failures="0">
  <properties>
    <property name="awt.toolkit" value="sun.awt.X11.XToolkit"/>
    <property name="file.encoding.pkg" value="sun.io"/>
    <property name="java.specification.version" value="1.8"/>
    <property name="sun.cpu.isalist" value=""/>
    <property name="sun.jnu.encoding" value="UTF-8"/>
    <property name="java.class.path" value="/workdir/hadoop-ozone/integration-test/target/test-classes:/workdir/hadoop-ozone/integration-test/target/classes:/home/user/.m2/repository/org/apache/hadoop/hadoop-ozone-common/0.5.0-SNAPSHOT/hadoop-ozone-common-0.5.0-SNAPSHOT.jar:/home/user/.m2/repository/org/apache/commons/commons-compress/1.4.1/commons-compress-1.4.1.jar:/home/user/.m2/repository/org/tukaani/xz/1.0/xz-1.0.jar:/home/user/.m2/repository/org/apache/hadoop/hadoop-common/3.2.0/hadoop-common-3.2.0.jar:/home/user/.m2/repository/org/apache/hadoop/hadoop-hdfs/3.2.0/hadoop-hdfs-3.2.0.jar:/home/user/.m2/repository/org/apache/hadoop/hadoop-hdfs-client/3.2.0/hadoop-hdfs-client-3.2.0.jar:/home/user/.m2/repository/com/fasterxml/jackson/core/jackson-annotations/2.9.9/jackson-annotations-2.9.9.jar:/home/user/.m2/repository/org/apache/hadoop/hadoop-hdds-common/0.5.0-SNAPSHOT/hadoop-hdds-common-0.5.0-SNAPSHOT.jar:/home/user/.m2/repository/javax/annotation/javax.annotation-api/1.2/javax.annotation-api-1.2.jar:/home/user/.m2/repository/org/apache/ratis/ratis-server/0.5.0-63cd2fb-SNAPSHOT/ratis-server-0.5.0-63cd2fb-SNAPSHOT.jar:/home/user/.m2/repository/org/apache/ratis/ratis-thirdparty-misc/0.2.0/ratis-thirdparty-misc-0.2.0.jar:/home/user/.m2/repository/org/apache/ratis/ratis-proto/0.5.0-63cd2fb-SNAPSHOT/ratis-proto-0.5.0-63cd2fb-SNAPSHOT.jar:/home/user/.m2/repository/org/apache/ratis/ratis-common/0.5.0-63cd2fb-SNAPSHOT/ratis-common-0.5.0-63cd2fb-SNAPSHOT.jar:/home/user/.m2/repository/org/apache/ratis/ratis-client/0.5.0-63cd2fb-SNAPSHOT/ratis-client-0.5.0-63cd2fb-SNAPSHOT.jar:/home/user/.m2/repository/org/apache/ratis/ratis-metrics/0.5.0-63cd2fb-SNAPSHOT/ratis-metrics-0.5.0-63cd2fb-SNAPSHOT.jar:/home/user/.m2/repository/com/github/joshelser/dropwizard-metrics-hadoop-metrics2-reporter/0.1.2/dropwizard-metrics-hadoop-metrics2-reporter-0.1.2.jar:/home/user/.m2/repository/io/dropwizard/metrics/metrics-jvm/3.2.5/metrics-jvm-3.2.5.jar:/home/user/.m2/repository/io/dropwizard/metrics/metrics-ganglia/3.2.5/metrics-ganglia-3.2.5.jar:/home/user/.m2/repository/info/ganglia/gmetric4j/gmetric4j/1.0.7/gmetric4j-1.0.7.jar:/home/user/.m2/repository/org/apache/ratis/ratis-netty/0.5.0-63cd2fb-SNAPSHOT/ratis-netty-0.5.0-63cd2fb-SNAPSHOT.jar:/home/user/.m2/repository/org/apache/ratis/ratis-grpc/0.5.0-63cd2fb-SNAPSHOT/ratis-grpc-0.5.0-63cd2fb-SNAPSHOT.jar:/home/user/.m2/repository/org/rocksdb/rocksdbjni/6.0.1/rocksdbjni-6.0.1.jar:/home/user/.m2/repository/org/apache/logging/log4j/log4j-api/2.11.0/log4j-api-2.11.0.jar:/home/user/.m2/repository/org/apache/logging/log4j/log4j-core/2.11.0/log4j-core-2.11.0.jar:/home/user/.m2/repository/com/lmax/disruptor/3.4.2/disruptor-3.4.2.jar:/home/user/.m2/repository/org/apache/commons/commons-pool2/2.6.0/commons-pool2-2.6.0.jar:/home/user/.m2/repository/org/bouncycastle/bcpkix-jdk15on/1.60/bcpkix-jdk15on-1.60.jar:/home/user/.m2/repository/commons-validator/commons-validator/1.6/commons-validator-1.6.jar:/home/user/.m2/repository/commons-digester/commons-digester/1.8.1/commons-digester-1.8.1.jar:/home/user/.m2/repository/io/jaegertracing/jaeger-client/0.34.0/jaeger-client-0.34.0.jar:/home/user/.m2/repository/io/jaegertracing/jaeger-thrift/0.34.0/jaeger-thrift-0.34.0.jar:/home/user/.m2/repository/org/apache/thrift/libthrift/0.12.0/libthrift-0.12.0.jar:/home/user/.m2/repository/com/squareup/okhttp3/okhttp/3.9.0/okhttp-3.9.0.jar:/home/user/.m2/repository/com/squareup/okio/okio/1.13.0/okio-1.13.0.jar:/home/user/.m2/repository/io/jaegertracing/jaeger-core/0.34.0/jaeger-core-0.34.0.jar:/home/user/.m2/repository/io/jaegertracing/jaeger-tracerresolver/0.34.0/jaeger-tracerresolver-0.34.0.jar:/home/user/.m2/repository/io/opentracing/contrib/opentracing-tracerresolver/0.1.5/opentracing-tracerresolver-0.1.5.jar:/home/user/.m2/repository/io/opentracing/opentracing-util/0.31.0/opentracing-util-0.31.0.jar:/home/user/.m2/repository/io/opentracing/opentracing-api/0.31.0/opentracing-api-0.31.0.jar:/home/user/.m2/repository/io/opentracing/opentracing-noop/0.31.0/opentracing-noop-0.31.0.jar:/home/user/.m2/repository/org/apache/hadoop/hadoop-hdds-server-framework/0.5.0-SNAPSHOT/hadoop-hdds-server-framework-0.5.0-SNAPSHOT.jar:/home/user/.m2/repository/org/apache/hadoop/hadoop-hdds-container-service/0.5.0-SNAPSHOT/hadoop-hdds-container-service-0.5.0-SNAPSHOT.jar:/home/user/.m2/repository/org/apache/hadoop/hadoop-hdds-client/0.5.0-SNAPSHOT/hadoop-hdds-client-0.5.0-SNAPSHOT.jar:/home/user/.m2/repository/org/apache/hadoop/hadoop-hdds-tools/0.5.0-SNAPSHOT/hadoop-hdds-tools-0.5.0-SNAPSHOT.jar:/home/user/.m2/repository/org/apache/hadoop/hadoop-hdds-server-scm/0.5.0-SNAPSHOT/hadoop-hdds-server-scm-0.5.0-SNAPSHOT.jar:/home/user/.m2/repository/org/apache/hadoop/hadoop-hdds-docs/0.5.0-SNAPSHOT/hadoop-hdds-docs-0.5.0-SNAPSHOT.jar:/home/user/.m2/repository/io/dropwizard/metrics/metrics-core/3.2.4/metrics-core-3.2.4.jar:/home/user/.m2/repository/org/hamcrest/hamcrest-all/1.3/hamcrest-all-1.3.jar:/home/user/.m2/repository/org/bouncycastle/bcprov-jdk15on/1.60/bcprov-jdk15on-1.60.jar:/home/user/.m2/repository/info/picocli/picocli/3.9.6/picocli-3.9.6.jar:/home/user/.m2/repository/com/google/protobuf/protobuf-java/2.5.0/protobuf-java-2.5.0.jar:/home/user/.m2/repository/com/google/guava/guava/11.0.2/guava-11.0.2.jar:/home/user/.m2/repository/org/apache/hadoop/hadoop-ozone-ozone-manager/0.5.0-SNAPSHOT/hadoop-ozone-ozone-manager-0.5.0-SNAPSHOT.jar:/home/user/.m2/repository/org/apache/hadoop/hadoop-minikdc/3.2.0/hadoop-minikdc-3.2.0.jar:/home/user/.m2/repository/commons-io/commons-io/2.5/commons-io-2.5.jar:/home/user/.m2/repository/org/apache/kerby/kerb-simplekdc/1.0.1/kerb-simplekdc-1.0.1.jar:/home/user/.m2/repository/org/apache/kerby/kerb-client/1.0.1/kerb-client-1.0.1.jar:/home/user/.m2/repository/org/apache/kerby/kerby-config/1.0.1/kerby-config-1.0.1.jar:/home/user/.m2/repository/org/apache/kerby/kerb-core/1.0.1/kerb-core-1.0.1.jar:/home/user/.m2/repository/org/apache/kerby/kerby-pkix/1.0.1/kerby-pkix-1.0.1.jar:/home/user/.m2/repository/org/apache/kerby/kerby-asn1/1.0.1/kerby-asn1-1.0.1.jar:/home/user/.m2/repository/org/apache/kerby/kerby-util/1.0.1/kerby-util-1.0.1.jar:/home/user/.m2/repository/org/apache/kerby/kerb-common/1.0.1/kerb-common-1.0.1.jar:/home/user/.m2/repository/org/apache/kerby/kerb-crypto/1.0.1/kerb-crypto-1.0.1.jar:/home/user/.m2/repository/org/apache/kerby/kerb-util/1.0.1/kerb-util-1.0.1.jar:/home/user/.m2/repository/org/apache/kerby/token-provider/1.0.1/token-provider-1.0.1.jar:/home/user/.m2/repository/org/apache/kerby/kerb-admin/1.0.1/kerb-admin-1.0.1.jar:/home/user/.m2/repository/org/apache/kerby/kerb-server/1.0.1/kerb-server-1.0.1.jar:/home/user/.m2/repository/org/apache/kerby/kerb-identity/1.0.1/kerb-identity-1.0.1.jar:/home/user/.m2/repository/org/apache/kerby/kerby-xdr/1.0.1/kerby-xdr-1.0.1.jar:/home/user/.m2/repository/org/slf4j/slf4j-log4j12/1.7.25/slf4j-log4j12-1.7.25.jar:/home/user/.m2/repository/org/apache/hadoop/hadoop-ozone-s3gateway/0.5.0-SNAPSHOT/hadoop-ozone-s3gateway-0.5.0-SNAPSHOT.jar:/home/user/.m2/repository/org/jboss/weld/servlet/weld-servlet/2.4.7.Final/weld-servlet-2.4.7.Final.jar:/home/user/.m2/repository/org/glassfish/jersey/containers/jersey-container-servlet-core/2.27/jersey-container-servlet-core-2.27.jar:/home/user/.m2/repository/org/glassfish/hk2/external/javax.inject/2.5.0-b42/javax.inject-2.5.0-b42.jar:/home/user/.m2/repository/org/glassfish/jersey/core/jersey-common/2.27/jersey-common-2.27.jar:/home/user/.m2/repository/org/glassfish/hk2/osgi-resource-locator/1.0.1/osgi-resource-locator-1.0.1.jar:/home/user/.m2/repository/javax/ws/rs/javax.ws.rs-api/2.1/javax.ws.rs-api-2.1.jar:/home/user/.m2/repository/org/glassfish/jersey/ext/cdi/jersey-cdi1x/2.27/jersey-cdi1x-2.27.jar:/home/user/.m2/repository/org/glassfish/jersey/inject/jersey-hk2/2.27/jersey-hk2-2.27.jar:/home/user/.m2/repository/org/glassfish/hk2/hk2-locator/2.5.0-b42/hk2-locator-2.5.0-b42.jar:/home/user/.m2/repository/org/javassist/javassist/3.22.0-CR2/javassist-3.22.0-CR2.jar:/home/user/.m2/repository/org/glassfish/hk2/hk2-api/2.5.0/hk2-api-2.5.0.jar:/home/user/.m2/repository/org/glassfish/hk2/external/jakarta.inject/2.5.0/jakarta.inject-2.5.0.jar:/home/user/.m2/repository/org/glassfish/hk2/hk2-utils/2.5.0/hk2-utils-2.5.0.jar:/home/user/.m2/repository/jakarta/annotation/jakarta.annotation-api/1.3.4/jakarta.annotation-api-1.3.4.jar:/home/user/.m2/repository/org/glassfish/hk2/external/aopalliance-repackaged/2.5.0/aopalliance-repackaged-2.5.0.jar:/home/user/.m2/repository/com/fasterxml/jackson/dataformat/jackson-dataformat-xml/2.9.0/jackson-dataformat-xml-2.9.0.jar:/home/user/.m2/repository/com/fasterxml/jackson/core/jackson-core/2.9.9/jackson-core-2.9.9.jar:/home/user/.m2/repository/com/fasterxml/jackson/module/jackson-module-jaxb-annotations/2.9.9/jackson-module-jaxb-annotations-2.9.9.jar:/home/user/.m2/repository/javax/enterprise/cdi-api/1.2/cdi-api-1.2.jar:/home/user/.m2/repository/javax/el/javax.el-api/3.0.0/javax.el-api-3.0.0.jar:/home/user/.m2/repository/javax/interceptor/javax.interceptor-api/1.2/javax.interceptor-api-1.2.jar:/home/user/.m2/repository/javax/inject/javax.inject/1/javax.inject-1.jar:/home/user/.m2/repository/com/sun/xml/bind/jaxb-impl/2.3.0.1/jaxb-impl-2.3.0.1.jar:/home/user/.m2/repository/com/sun/xml/bind/jaxb-core/2.3.0.1/jaxb-core-2.3.0.1.jar:/home/user/.m2/repository/javax/xml/bind/jaxb-api/2.3.0/jaxb-api-2.3.0.jar:/home/user/.m2/repository/javax/activation/activation/1.1.1/activation-1.1.1.jar:/home/user/.m2/repository/org/apache/hadoop/hadoop-ozone-csi/0.5.0-SNAPSHOT/hadoop-ozone-csi-0.5.0-SNAPSHOT.jar:/home/user/.m2/repository/com/google/protobuf/protobuf-java-util/3.5.1/protobuf-java-util-3.5.1.jar:/home/user/.m2/repository/org/apache/hadoop/hadoop-hdds-config/0.5.0-SNAPSHOT/hadoop-hdds-config-0.5.0-SNAPSHOT.jar:/home/user/.m2/repository/io/grpc/grpc-netty/1.17.1/grpc-netty-1.17.1.jar:/home/user/.m2/repository/io/grpc/grpc-core/1.17.1/grpc-core-1.17.1.jar:/home/user/.m2/repository/io/grpc/grpc-context/1.17.1/grpc-context-1.17.1.jar:/home/user/.m2/repository/com/google/errorprone/error_prone_annotations/2.2.0/error_prone_annotations-2.2.0.jar:/home/user/.m2/repository/org/codehaus/mojo/animal-sniffer-annotations/1.17/animal-sniffer-annotations-1.17.jar:/home/user/.m2/repository/io/opencensus/opencensus-api/0.17.0/opencensus-api-0.17.0.jar:/home/user/.m2/repository/io/opencensus/opencensus-contrib-grpc-metrics/0.17.0/opencensus-contrib-grpc-metrics-0.17.0.jar:/home/user/.m2/repository/io/netty/netty-codec-http2/4.1.30.Final/netty-codec-http2-4.1.30.Final.jar:/home/user/.m2/repository/io/netty/netty-codec-http/4.1.30.Final/netty-codec-http-4.1.30.Final.jar:/home/user/.m2/repository/io/netty/netty-codec/4.1.30.Final/netty-codec-4.1.30.Final.jar:/home/user/.m2/repository/io/netty/netty-handler/4.1.30.Final/netty-handler-4.1.30.Final.jar:/home/user/.m2/repository/io/netty/netty-handler-proxy/4.1.30.Final/netty-handler-proxy-4.1.30.Final.jar:/home/user/.m2/repository/io/netty/netty-codec-socks/4.1.30.Final/netty-codec-socks-4.1.30.Final.jar:/home/user/.m2/repository/io/netty/netty-transport-native-epoll/4.1.30.Final/netty-transport-native-epoll-4.1.30.Final.jar:/home/user/.m2/repository/io/netty/netty-common/4.1.30.Final/netty-common-4.1.30.Final.jar:/home/user/.m2/repository/io/netty/netty-buffer/4.1.30.Final/netty-buffer-4.1.30.Final.jar:/home/user/.m2/repository/io/netty/netty-transport/4.1.30.Final/netty-transport-4.1.30.Final.jar:/home/user/.m2/repository/io/netty/netty-resolver/4.1.30.Final/netty-resolver-4.1.30.Final.jar:/home/user/.m2/repository/io/netty/netty-transport-native-unix-common/4.1.30.Final/netty-transport-native-unix-common-4.1.30.Final.jar:/home/user/.m2/repository/io/grpc/grpc-protobuf/1.17.1/grpc-protobuf-1.17.1.jar:/home/user/.m2/repository/com/google/api/grpc/proto-google-common-protos/1.0.0/proto-google-common-protos-1.0.0.jar:/home/user/.m2/repository/io/grpc/grpc-protobuf-lite/1.17.1/grpc-protobuf-lite-1.17.1.jar:/home/user/.m2/repository/io/grpc/grpc-stub/1.17.1/grpc-stub-1.17.1.jar:/home/user/.m2/repository/org/apache/hadoop/hadoop-ozone-recon/0.5.0-SNAPSHOT/hadoop-ozone-recon-0.5.0-SNAPSHOT.jar:/home/user/.m2/repository/org/apache/hadoop/hadoop-ozone-reconcodegen/0.5.0-SNAPSHOT/hadoop-ozone-reconcodegen-0.5.0-SNAPSHOT.jar:/home/user/.m2/repository/com/google/inject/extensions/guice-multibindings/4.0/guice-multibindings-4.0.jar:/home/user/.m2/repository/com/google/inject/guice/4.0/guice-4.0.jar:/home/user/.m2/repository/aopalliance/aopalliance/1.0/aopalliance-1.0.jar:/home/user/.m2/repository/com/google/inject/extensions/guice-servlet/4.0/guice-servlet-4.0.jar:/home/user/.m2/repository/org/glassfish/jersey/containers/jersey-container-servlet/2.27/jersey-container-servlet-2.27.jar:/home/user/.m2/repository/org/glassfish/hk2/guice-bridge/2.5.0/guice-bridge-2.5.0.jar:/home/user/.m2/repository/org/glassfish/jersey/core/jersey-server/2.27/jersey-server-2.27.jar:/home/user/.m2/repository/org/glassfish/jersey/core/jersey-client/2.27/jersey-client-2.27.jar:/home/user/.m2/repository/org/glassfish/jersey/media/jersey-media-jaxb/2.27/jersey-media-jaxb-2.27.jar:/home/user/.m2/repository/javax/validation/validation-api/1.1.0.Final/validation-api-1.1.0.Final.jar:/home/user/.m2/repository/org/glassfish/jersey/media/jersey-media-json-jackson/2.27/jersey-media-json-jackson-2.27.jar:/home/user/.m2/repository/org/glassfish/jersey/ext/jersey-entity-filtering/2.27/jersey-entity-filtering-2.27.jar:/home/user/.m2/repository/com/google/inject/extensions/guice-assistedinject/4.0/guice-assistedinject-4.0.jar:/home/user/.m2/repository/org/jooq/jooq/3.11.10/jooq-3.11.10.jar:/home/user/.m2/repository/org/jooq/jooq-meta/3.11.10/jooq-meta-3.11.10.jar:/home/user/.m2/repository/org/jooq/jooq-codegen/3.11.10/jooq-codegen-3.11.10.jar:/home/user/.m2/repository/com/jolbox/bonecp/0.8.0.RELEASE/bonecp-0.8.0.RELEASE.jar:/home/user/.m2/repository/org/xerial/sqlite-jdbc/3.25.2/sqlite-jdbc-3.25.2.jar:/home/user/.m2/repository/org/springframework/spring-jdbc/5.1.3.RELEASE/spring-jdbc-5.1.3.RELEASE.jar:/home/user/.m2/repository/org/springframework/spring-beans/5.1.3.RELEASE/spring-beans-5.1.3.RELEASE.jar:/home/user/.m2/repository/org/springframework/spring-core/5.1.3.RELEASE/spring-core-5.1.3.RELEASE.jar:/home/user/.m2/repository/org/springframework/spring-jcl/5.1.3.RELEASE/spring-jcl-5.1.3.RELEASE.jar:/home/user/.m2/repository/org/springframework/spring-tx/5.1.3.RELEASE/spring-tx-5.1.3.RELEASE.jar:/home/user/.m2/repository/org/apache/hadoop/hadoop-ozone-client/0.5.0-SNAPSHOT/hadoop-ozone-client-0.5.0-SNAPSHOT.jar:/home/user/.m2/repository/commons-lang/commons-lang/2.6/commons-lang-2.6.jar:/home/user/.m2/repository/org/apache/hadoop/hadoop-ozone-ozone-manager/0.5.0-SNAPSHOT/hadoop-ozone-ozone-manager-0.5.0-SNAPSHOT-tests.jar:/home/user/.m2/repository/junit/junit/4.11/junit-4.11.jar:/home/user/.m2/repository/org/hamcrest/hamcrest-core/1.3/hamcrest-core-1.3.jar:/home/user/.m2/repository/org/openjdk/jmh/jmh-core/1.19/jmh-core-1.19.jar:/home/user/.m2/repository/net/sf/jopt-simple/jopt-simple/4.6/jopt-simple-4.6.jar:/home/user/.m2/repository/org/apache/commons/commons-math3/3.1.1/commons-math3-3.1.1.jar:/home/user/.m2/repository/org/openjdk/jmh/jmh-generator-annprocess/1.19/jmh-generator-annprocess-1.19.jar:/home/user/.m2/repository/org/mockito/mockito-all/1.8.5/mockito-all-1.8.5.jar:/home/user/.m2/repository/org/apache/hadoop/hadoop-kms/3.2.0/hadoop-kms-3.2.0.jar:/home/user/.m2/repository/org/apache/hadoop/hadoop-auth/3.2.0/hadoop-auth-3.2.0.jar:/home/user/.m2/repository/com/nimbusds/nimbus-jose-jwt/4.41.1/nimbus-jose-jwt-4.41.1.jar:/home/user/.m2/repository/com/github/stephenc/jcip/jcip-annotations/1.0-1/jcip-annotations-1.0-1.jar:/home/user/.m2/repository/net/minidev/json-smart/2.3/json-smart-2.3.jar:/home/user/.m2/repository/net/minidev/accessors-smart/1.2/accessors-smart-1.2.jar:/home/user/.m2/repository/org/ow2/asm/asm/5.0.4/asm-5.0.4.jar:/home/user/.m2/repository/org/apache/curator/curator-framework/2.12.0/curator-framework-2.12.0.jar:/home/user/.m2/repository/com/sun/jersey/jersey-core/1.19/jersey-core-1.19.jar:/home/user/.m2/repository/javax/ws/rs/jsr311-api/1.1.1/jsr311-api-1.1.1.jar:/home/user/.m2/repository/com/sun/jersey/jersey-server/1.19/jersey-server-1.19.jar:/home/user/.m2/repository/javax/servlet/javax.servlet-api/3.1.0/javax.servlet-api-3.1.0.jar:/home/user/.m2/repository/org/eclipse/jetty/jetty-server/9.3.25.v20180904/jetty-server-9.3.25.v20180904.jar:/home/user/.m2/repository/org/eclipse/jetty/jetty-http/9.3.25.v20180904/jetty-http-9.3.25.v20180904.jar:/home/user/.m2/repository/org/eclipse/jetty/jetty-io/9.3.25.v20180904/jetty-io-9.3.25.v20180904.jar:/home/user/.m2/repository/org/eclipse/jetty/jetty-webapp/9.3.25.v20180904/jetty-webapp-9.3.25.v20180904.jar:/home/user/.m2/repository/org/eclipse/jetty/jetty-xml/9.3.25.v20180904/jetty-xml-9.3.25.v20180904.jar:/home/user/.m2/repository/log4j/log4j/1.2.17/log4j-1.2.17.jar:/home/user/.m2/repository/org/slf4j/slf4j-api/1.7.25/slf4j-api-1.7.25.jar:/home/user/.m2/repository/org/slf4j/jul-to-slf4j/1.7.25/jul-to-slf4j-1.7.25.jar:/home/user/.m2/repository/org/eclipse/jetty/jetty-util/9.3.25.v20180904/jetty-util-9.3.25.v20180904.jar:/home/user/.m2/repository/com/fasterxml/jackson/core/jackson-databind/2.9.9/jackson-databind-2.9.9.jar:/home/user/.m2/repository/org/apache/hadoop/hadoop-kms/3.2.0/hadoop-kms-3.2.0-tests.jar:/home/user/.m2/repository/org/apache/hadoop/hadoop-hdds-server-scm/0.5.0-SNAPSHOT/hadoop-hdds-server-scm-0.5.0-SNAPSHOT-tests.jar:/home/user/.m2/repository/org/apache/hadoop/hadoop-hdds-container-service/0.5.0-SNAPSHOT/hadoop-hdds-container-service-0.5.0-SNAPSHOT-tests.jar:/home/user/.m2/repository/org/yaml/snakeyaml/1.16/snakeyaml-1.16.jar:/home/user/.m2/repository/org/apache/hadoop/hadoop-common/3.2.0/hadoop-common-3.2.0-tests.jar:/home/user/.m2/repository/org/apache/hadoop/hadoop-annotations/3.2.0/hadoop-annotations-3.2.0.jar:/usr/lib/jvm/java-1.8-openjdk/jre/../lib/tools.jar:/home/user/.m2/repository/commons-cli/commons-cli/1.2/commons-cli-1.2.jar:/home/user/.m2/repository/org/apache/httpcomponents/httpclient/4.5.2/httpclient-4.5.2.jar:/home/user/.m2/repository/org/apache/httpcomponents/httpcore/4.4.4/httpcore-4.4.4.jar:/home/user/.m2/repository/commons-codec/commons-codec/1.11/commons-codec-1.11.jar:/home/user/.m2/repository/commons-net/commons-net/3.6/commons-net-3.6.jar:/home/user/.m2/repository/commons-collections/commons-collections/3.2.2/commons-collections-3.2.2.jar:/home/user/.m2/repository/org/eclipse/jetty/jetty-servlet/9.3.25.v20180904/jetty-servlet-9.3.25.v20180904.jar:/home/user/.m2/repository/org/eclipse/jetty/jetty-security/9.3.25.v20180904/jetty-security-9.3.25.v20180904.jar:/home/user/.m2/repository/javax/servlet/jsp/jsp-api/2.1/jsp-api-2.1.jar:/home/user/.m2/repository/com/sun/jersey/jersey-servlet/1.19/jersey-servlet-1.19.jar:/home/user/.m2/repository/com/sun/jersey/jersey-json/1.19/jersey-json-1.19.jar:/home/user/.m2/repository/org/codehaus/jettison/jettison/1.1/jettison-1.1.jar:/home/user/.m2/repository/org/codehaus/jackson/jackson-core-asl/1.9.13/jackson-core-asl-1.9.13.jar:/home/user/.m2/repository/org/codehaus/jackson/jackson-mapper-asl/1.9.13/jackson-mapper-asl-1.9.13.jar:/home/user/.m2/repository/org/codehaus/jackson/jackson-jaxrs/1.9.13/jackson-jaxrs-1.9.13.jar:/home/user/.m2/repository/org/codehaus/jackson/jackson-xc/1.9.13/jackson-xc-1.9.13.jar:/home/user/.m2/repository/commons-logging/commons-logging/1.1.3/commons-logging-1.1.3.jar:/home/user/.m2/repository/commons-beanutils/commons-beanutils/1.9.4/commons-beanutils-1.9.4.jar:/home/user/.m2/repository/org/apache/commons/commons-configuration2/2.1.1/commons-configuration2-2.1.1.jar:/home/user/.m2/repository/org/apache/commons/commons-lang3/3.7/commons-lang3-3.7.jar:/home/user/.m2/repository/org/apache/commons/commons-text/1.4/commons-text-1.4.jar:/home/user/.m2/repository/org/apache/avro/avro/1.7.7/avro-1.7.7.jar:/home/user/.m2/repository/com/thoughtworks/paranamer/paranamer/2.3/paranamer-2.3.jar:/home/user/.m2/repository/org/xerial/snappy/snappy-java/1.0.5/snappy-java-1.0.5.jar:/home/user/.m2/repository/com/google/re2j/re2j/1.1/re2j-1.1.jar:/home/user/.m2/repository/com/google/code/gson/gson/2.2.4/gson-2.2.4.jar:/home/user/.m2/repository/com/jcraft/jsch/0.1.54/jsch-0.1.54.jar:/home/user/.m2/repository/org/apache/curator/curator-client/2.12.0/curator-client-2.12.0.jar:/home/user/.m2/repository/org/apache/curator/curator-recipes/2.12.0/curator-recipes-2.12.0.jar:/home/user/.m2/repository/com/google/code/findbugs/jsr305/3.0.0/jsr305-3.0.0.jar:/home/user/.m2/repository/org/apache/htrace/htrace-core4/4.1.0-incubating/htrace-core4-4.1.0-incubating.jar:/home/user/.m2/repository/org/apache/zookeeper/zookeeper/3.4.13/zookeeper-3.4.13.jar:/home/user/.m2/repository/jline/jline/0.9.94/jline-0.9.94.jar:/home/user/.m2/repository/org/apache/yetus/audience-annotations/0.5.0/audience-annotations-0.5.0.jar:/home/user/.m2/repository/org/codehaus/woodstox/stax2-api/3.1.4/stax2-api-3.1.4.jar:/home/user/.m2/repository/com/fasterxml/woodstox/woodstox-core/5.0.3/woodstox-core-5.0.3.jar:/home/user/.m2/repository/dnsjava/dnsjava/2.1.7/dnsjava-2.1.7.jar:/home/user/.m2/repository/org/apache/hadoop/hadoop-hdfs/3.2.0/hadoop-hdfs-3.2.0-tests.jar:/home/user/.m2/repository/org/eclipse/jetty/jetty-util-ajax/9.3.25.v20180904/jetty-util-ajax-9.3.25.v20180904.jar:/home/user/.m2/repository/commons-daemon/commons-daemon/1.0.13/commons-daemon-1.0.13.jar:/home/user/.m2/repository/io/netty/netty/3.10.5.Final/netty-3.10.5.Final.jar:/home/user/.m2/repository/io/netty/netty-all/4.0.52.Final/netty-all-4.0.52.Final.jar:/home/user/.m2/repository/org/fusesource/leveldbjni/leveldbjni-all/1.8/leveldbjni-all-1.8.jar:"/>
    <property name="java.vm.vendor" value="IcedTea"/>
    <property name="sun.arch.data.model" value="64"/>
    <property name="test.build.dir" value="/workdir/hadoop-ozone/integration-test/target/test-dir"/>
    <property name="test.cache.data" value=""/>
    <property name="java.vendor.url" value="https://icedtea.classpath.org"/>
    <property name="user.timezone" value=""/>
    <property name="java.vm.specification.version" value="1.8"/>
    <property name="os.name" value="Linux"/>
    <property name="test.build.data" value="/workdir/hadoop-ozone/integration-test/target/test-dir"/>
    <property name="user.country" value="US"/>
    <property name="sun.java.launcher" value="SUN_STANDARD"/>
    <property name="sun.boot.library.path" value="/usr/lib/jvm/java-1.8-openjdk/jre/lib/amd64"/>
    <property name="sun.java.command" value="/workdir/hadoop-ozone/integration-test/target/surefire/surefirebooter752354013833714602.jar /workdir/hadoop-ozone/integration-test/target/surefire 2019-10-14T18-22-11_593-jvmRun1 surefire3918848932262182341tmp surefire_522950046774321487840tmp"/>
    <property name="test" value="!TestMiniChaosOzoneCluster"/>
    <property name="surefire.test.class.path" value="/workdir/hadoop-ozone/integration-test/target/test-classes:/workdir/hadoop-ozone/integration-test/target/classes:/home/user/.m2/repository/org/apache/hadoop/hadoop-ozone-common/0.5.0-SNAPSHOT/hadoop-ozone-common-0.5.0-SNAPSHOT.jar:/home/user/.m2/repository/org/apache/commons/commons-compress/1.4.1/commons-compress-1.4.1.jar:/home/user/.m2/repository/org/tukaani/xz/1.0/xz-1.0.jar:/home/user/.m2/repository/org/apache/hadoop/hadoop-common/3.2.0/hadoop-common-3.2.0.jar:/home/user/.m2/repository/org/apache/hadoop/hadoop-hdfs/3.2.0/hadoop-hdfs-3.2.0.jar:/home/user/.m2/repository/org/apache/hadoop/hadoop-hdfs-client/3.2.0/hadoop-hdfs-client-3.2.0.jar:/home/user/.m2/repository/com/fasterxml/jackson/core/jackson-annotations/2.9.9/jackson-annotations-2.9.9.jar:/home/user/.m2/repository/org/apache/hadoop/hadoop-hdds-common/0.5.0-SNAPSHOT/hadoop-hdds-common-0.5.0-SNAPSHOT.jar:/home/user/.m2/repository/javax/annotation/javax.annotation-api/1.2/javax.annotation-api-1.2.jar:/home/user/.m2/repository/org/apache/ratis/ratis-server/0.5.0-63cd2fb-SNAPSHOT/ratis-server-0.5.0-63cd2fb-SNAPSHOT.jar:/home/user/.m2/repository/org/apache/ratis/ratis-thirdparty-misc/0.2.0/ratis-thirdparty-misc-0.2.0.jar:/home/user/.m2/repository/org/apache/ratis/ratis-proto/0.5.0-63cd2fb-SNAPSHOT/ratis-proto-0.5.0-63cd2fb-SNAPSHOT.jar:/home/user/.m2/repository/org/apache/ratis/ratis-common/0.5.0-63cd2fb-SNAPSHOT/ratis-common-0.5.0-63cd2fb-SNAPSHOT.jar:/home/user/.m2/repository/org/apache/ratis/ratis-client/0.5.0-63cd2fb-SNAPSHOT/ratis-client-0.5.0-63cd2fb-SNAPSHOT.jar:/home/user/.m2/repository/org/apache/ratis/ratis-metrics/0.5.0-63cd2fb-SNAPSHOT/ratis-metrics-0.5.0-63cd2fb-SNAPSHOT.jar:/home/user/.m2/repository/com/github/joshelser/dropwizard-metrics-hadoop-metrics2-reporter/0.1.2/dropwizard-metrics-hadoop-metrics2-reporter-0.1.2.jar:/home/user/.m2/repository/io/dropwizard/metrics/metrics-jvm/3.2.5/metrics-jvm-3.2.5.jar:/home/user/.m2/repository/io/dropwizard/metrics/metrics-ganglia/3.2.5/metrics-ganglia-3.2.5.jar:/home/user/.m2/repository/info/ganglia/gmetric4j/gmetric4j/1.0.7/gmetric4j-1.0.7.jar:/home/user/.m2/repository/org/apache/ratis/ratis-netty/0.5.0-63cd2fb-SNAPSHOT/ratis-netty-0.5.0-63cd2fb-SNAPSHOT.jar:/home/user/.m2/repository/org/apache/ratis/ratis-grpc/0.5.0-63cd2fb-SNAPSHOT/ratis-grpc-0.5.0-63cd2fb-SNAPSHOT.jar:/home/user/.m2/repository/org/rocksdb/rocksdbjni/6.0.1/rocksdbjni-6.0.1.jar:/home/user/.m2/repository/org/apache/logging/log4j/log4j-api/2.11.0/log4j-api-2.11.0.jar:/home/user/.m2/repository/org/apache/logging/log4j/log4j-core/2.11.0/log4j-core-2.11.0.jar:/home/user/.m2/repository/com/lmax/disruptor/3.4.2/disruptor-3.4.2.jar:/home/user/.m2/repository/org/apache/commons/commons-pool2/2.6.0/commons-pool2-2.6.0.jar:/home/user/.m2/repository/org/bouncycastle/bcpkix-jdk15on/1.60/bcpkix-jdk15on-1.60.jar:/home/user/.m2/repository/commons-validator/commons-validator/1.6/commons-validator-1.6.jar:/home/user/.m2/repository/commons-digester/commons-digester/1.8.1/commons-digester-1.8.1.jar:/home/user/.m2/repository/io/jaegertracing/jaeger-client/0.34.0/jaeger-client-0.34.0.jar:/home/user/.m2/repository/io/jaegertracing/jaeger-thrift/0.34.0/jaeger-thrift-0.34.0.jar:/home/user/.m2/repository/org/apache/thrift/libthrift/0.12.0/libthrift-0.12.0.jar:/home/user/.m2/repository/com/squareup/okhttp3/okhttp/3.9.0/okhttp-3.9.0.jar:/home/user/.m2/repository/com/squareup/okio/okio/1.13.0/okio-1.13.0.jar:/home/user/.m2/repository/io/jaegertracing/jaeger-core/0.34.0/jaeger-core-0.34.0.jar:/home/user/.m2/repository/io/jaegertracing/jaeger-tracerresolver/0.34.0/jaeger-tracerresolver-0.34.0.jar:/home/user/.m2/repository/io/opentracing/contrib/opentracing-tracerresolver/0.1.5/opentracing-tracerresolver-0.1.5.jar:/home/user/.m2/repository/io/opentracing/opentracing-util/0.31.0/opentracing-util-0.31.0.jar:/home/user/.m2/repository/io/opentracing/opentracing-api/0.31.0/opentracing-api-0.31.0.jar:/home/user/.m2/repository/io/opentracing/opentracing-noop/0.31.0/opentracing-noop-0.31.0.jar:/home/user/.m2/repository/org/apache/hadoop/hadoop-hdds-server-framework/0.5.0-SNAPSHOT/hadoop-hdds-server-framework-0.5.0-SNAPSHOT.jar:/home/user/.m2/repository/org/apache/hadoop/hadoop-hdds-container-service/0.5.0-SNAPSHOT/hadoop-hdds-container-service-0.5.0-SNAPSHOT.jar:/home/user/.m2/repository/org/apache/hadoop/hadoop-hdds-client/0.5.0-SNAPSHOT/hadoop-hdds-client-0.5.0-SNAPSHOT.jar:/home/user/.m2/repository/org/apache/hadoop/hadoop-hdds-tools/0.5.0-SNAPSHOT/hadoop-hdds-tools-0.5.0-SNAPSHOT.jar:/home/user/.m2/repository/org/apache/hadoop/hadoop-hdds-server-scm/0.5.0-SNAPSHOT/hadoop-hdds-server-scm-0.5.0-SNAPSHOT.jar:/home/user/.m2/repository/org/apache/hadoop/hadoop-hdds-docs/0.5.0-SNAPSHOT/hadoop-hdds-docs-0.5.0-SNAPSHOT.jar:/home/user/.m2/repository/io/dropwizard/metrics/metrics-core/3.2.4/metrics-core-3.2.4.jar:/home/user/.m2/repository/org/hamcrest/hamcrest-all/1.3/hamcrest-all-1.3.jar:/home/user/.m2/repository/org/bouncycastle/bcprov-jdk15on/1.60/bcprov-jdk15on-1.60.jar:/home/user/.m2/repository/info/picocli/picocli/3.9.6/picocli-3.9.6.jar:/home/user/.m2/repository/com/google/protobuf/protobuf-java/2.5.0/protobuf-java-2.5.0.jar:/home/user/.m2/repository/com/google/guava/guava/11.0.2/guava-11.0.2.jar:/home/user/.m2/repository/org/apache/hadoop/hadoop-ozone-ozone-manager/0.5.0-SNAPSHOT/hadoop-ozone-ozone-manager-0.5.0-SNAPSHOT.jar:/home/user/.m2/repository/org/apache/hadoop/hadoop-minikdc/3.2.0/hadoop-minikdc-3.2.0.jar:/home/user/.m2/repository/commons-io/commons-io/2.5/commons-io-2.5.jar:/home/user/.m2/repository/org/apache/kerby/kerb-simplekdc/1.0.1/kerb-simplekdc-1.0.1.jar:/home/user/.m2/repository/org/apache/kerby/kerb-client/1.0.1/kerb-client-1.0.1.jar:/home/user/.m2/repository/org/apache/kerby/kerby-config/1.0.1/kerby-config-1.0.1.jar:/home/user/.m2/repository/org/apache/kerby/kerb-core/1.0.1/kerb-core-1.0.1.jar:/home/user/.m2/repository/org/apache/kerby/kerby-pkix/1.0.1/kerby-pkix-1.0.1.jar:/home/user/.m2/repository/org/apache/kerby/kerby-asn1/1.0.1/kerby-asn1-1.0.1.jar:/home/user/.m2/repository/org/apache/kerby/kerby-util/1.0.1/kerby-util-1.0.1.jar:/home/user/.m2/repository/org/apache/kerby/kerb-common/1.0.1/kerb-common-1.0.1.jar:/home/user/.m2/repository/org/apache/kerby/kerb-crypto/1.0.1/kerb-crypto-1.0.1.jar:/home/user/.m2/repository/org/apache/kerby/kerb-util/1.0.1/kerb-util-1.0.1.jar:/home/user/.m2/repository/org/apache/kerby/token-provider/1.0.1/token-provider-1.0.1.jar:/home/user/.m2/repository/org/apache/kerby/kerb-admin/1.0.1/kerb-admin-1.0.1.jar:/home/user/.m2/repository/org/apache/kerby/kerb-server/1.0.1/kerb-server-1.0.1.jar:/home/user/.m2/repository/org/apache/kerby/kerb-identity/1.0.1/kerb-identity-1.0.1.jar:/home/user/.m2/repository/org/apache/kerby/kerby-xdr/1.0.1/kerby-xdr-1.0.1.jar:/home/user/.m2/repository/org/slf4j/slf4j-log4j12/1.7.25/slf4j-log4j12-1.7.25.jar:/home/user/.m2/repository/org/apache/hadoop/hadoop-ozone-s3gateway/0.5.0-SNAPSHOT/hadoop-ozone-s3gateway-0.5.0-SNAPSHOT.jar:/home/user/.m2/repository/org/jboss/weld/servlet/weld-servlet/2.4.7.Final/weld-servlet-2.4.7.Final.jar:/home/user/.m2/repository/org/glassfish/jersey/containers/jersey-container-servlet-core/2.27/jersey-container-servlet-core-2.27.jar:/home/user/.m2/repository/org/glassfish/hk2/external/javax.inject/2.5.0-b42/javax.inject-2.5.0-b42.jar:/home/user/.m2/repository/org/glassfish/jersey/core/jersey-common/2.27/jersey-common-2.27.jar:/home/user/.m2/repository/org/glassfish/hk2/osgi-resource-locator/1.0.1/osgi-resource-locator-1.0.1.jar:/home/user/.m2/repository/javax/ws/rs/javax.ws.rs-api/2.1/javax.ws.rs-api-2.1.jar:/home/user/.m2/repository/org/glassfish/jersey/ext/cdi/jersey-cdi1x/2.27/jersey-cdi1x-2.27.jar:/home/user/.m2/repository/org/glassfish/jersey/inject/jersey-hk2/2.27/jersey-hk2-2.27.jar:/home/user/.m2/repository/org/glassfish/hk2/hk2-locator/2.5.0-b42/hk2-locator-2.5.0-b42.jar:/home/user/.m2/repository/org/javassist/javassist/3.22.0-CR2/javassist-3.22.0-CR2.jar:/home/user/.m2/repository/org/glassfish/hk2/hk2-api/2.5.0/hk2-api-2.5.0.jar:/home/user/.m2/repository/org/glassfish/hk2/external/jakarta.inject/2.5.0/jakarta.inject-2.5.0.jar:/home/user/.m2/repository/org/glassfish/hk2/hk2-utils/2.5.0/hk2-utils-2.5.0.jar:/home/user/.m2/repository/jakarta/annotation/jakarta.annotation-api/1.3.4/jakarta.annotation-api-1.3.4.jar:/home/user/.m2/repository/org/glassfish/hk2/external/aopalliance-repackaged/2.5.0/aopalliance-repackaged-2.5.0.jar:/home/user/.m2/repository/com/fasterxml/jackson/dataformat/jackson-dataformat-xml/2.9.0/jackson-dataformat-xml-2.9.0.jar:/home/user/.m2/repository/com/fasterxml/jackson/core/jackson-core/2.9.9/jackson-core-2.9.9.jar:/home/user/.m2/repository/com/fasterxml/jackson/module/jackson-module-jaxb-annotations/2.9.9/jackson-module-jaxb-annotations-2.9.9.jar:/home/user/.m2/repository/javax/enterprise/cdi-api/1.2/cdi-api-1.2.jar:/home/user/.m2/repository/javax/el/javax.el-api/3.0.0/javax.el-api-3.0.0.jar:/home/user/.m2/repository/javax/interceptor/javax.interceptor-api/1.2/javax.interceptor-api-1.2.jar:/home/user/.m2/repository/javax/inject/javax.inject/1/javax.inject-1.jar:/home/user/.m2/repository/com/sun/xml/bind/jaxb-impl/2.3.0.1/jaxb-impl-2.3.0.1.jar:/home/user/.m2/repository/com/sun/xml/bind/jaxb-core/2.3.0.1/jaxb-core-2.3.0.1.jar:/home/user/.m2/repository/javax/xml/bind/jaxb-api/2.3.0/jaxb-api-2.3.0.jar:/home/user/.m2/repository/javax/activation/activation/1.1.1/activation-1.1.1.jar:/home/user/.m2/repository/org/apache/hadoop/hadoop-ozone-csi/0.5.0-SNAPSHOT/hadoop-ozone-csi-0.5.0-SNAPSHOT.jar:/home/user/.m2/repository/com/google/protobuf/protobuf-java-util/3.5.1/protobuf-java-util-3.5.1.jar:/home/user/.m2/repository/org/apache/hadoop/hadoop-hdds-config/0.5.0-SNAPSHOT/hadoop-hdds-config-0.5.0-SNAPSHOT.jar:/home/user/.m2/repository/io/grpc/grpc-netty/1.17.1/grpc-netty-1.17.1.jar:/home/user/.m2/repository/io/grpc/grpc-core/1.17.1/grpc-core-1.17.1.jar:/home/user/.m2/repository/io/grpc/grpc-context/1.17.1/grpc-context-1.17.1.jar:/home/user/.m2/repository/com/google/errorprone/error_prone_annotations/2.2.0/error_prone_annotations-2.2.0.jar:/home/user/.m2/repository/org/codehaus/mojo/animal-sniffer-annotations/1.17/animal-sniffer-annotations-1.17.jar:/home/user/.m2/repository/io/opencensus/opencensus-api/0.17.0/opencensus-api-0.17.0.jar:/home/user/.m2/repository/io/opencensus/opencensus-contrib-grpc-metrics/0.17.0/opencensus-contrib-grpc-metrics-0.17.0.jar:/home/user/.m2/repository/io/netty/netty-codec-http2/4.1.30.Final/netty-codec-http2-4.1.30.Final.jar:/home/user/.m2/repository/io/netty/netty-codec-http/4.1.30.Final/netty-codec-http-4.1.30.Final.jar:/home/user/.m2/repository/io/netty/netty-codec/4.1.30.Final/netty-codec-4.1.30.Final.jar:/home/user/.m2/repository/io/netty/netty-handler/4.1.30.Final/netty-handler-4.1.30.Final.jar:/home/user/.m2/repository/io/netty/netty-handler-proxy/4.1.30.Final/netty-handler-proxy-4.1.30.Final.jar:/home/user/.m2/repository/io/netty/netty-codec-socks/4.1.30.Final/netty-codec-socks-4.1.30.Final.jar:/home/user/.m2/repository/io/netty/netty-transport-native-epoll/4.1.30.Final/netty-transport-native-epoll-4.1.30.Final.jar:/home/user/.m2/repository/io/netty/netty-common/4.1.30.Final/netty-common-4.1.30.Final.jar:/home/user/.m2/repository/io/netty/netty-buffer/4.1.30.Final/netty-buffer-4.1.30.Final.jar:/home/user/.m2/repository/io/netty/netty-transport/4.1.30.Final/netty-transport-4.1.30.Final.jar:/home/user/.m2/repository/io/netty/netty-resolver/4.1.30.Final/netty-resolver-4.1.30.Final.jar:/home/user/.m2/repository/io/netty/netty-transport-native-unix-common/4.1.30.Final/netty-transport-native-unix-common-4.1.30.Final.jar:/home/user/.m2/repository/io/grpc/grpc-protobuf/1.17.1/grpc-protobuf-1.17.1.jar:/home/user/.m2/repository/com/google/api/grpc/proto-google-common-protos/1.0.0/proto-google-common-protos-1.0.0.jar:/home/user/.m2/repository/io/grpc/grpc-protobuf-lite/1.17.1/grpc-protobuf-lite-1.17.1.jar:/home/user/.m2/repository/io/grpc/grpc-stub/1.17.1/grpc-stub-1.17.1.jar:/home/user/.m2/repository/org/apache/hadoop/hadoop-ozone-recon/0.5.0-SNAPSHOT/hadoop-ozone-recon-0.5.0-SNAPSHOT.jar:/home/user/.m2/repository/org/apache/hadoop/hadoop-ozone-reconcodegen/0.5.0-SNAPSHOT/hadoop-ozone-reconcodegen-0.5.0-SNAPSHOT.jar:/home/user/.m2/repository/com/google/inject/extensions/guice-multibindings/4.0/guice-multibindings-4.0.jar:/home/user/.m2/repository/com/google/inject/guice/4.0/guice-4.0.jar:/home/user/.m2/repository/aopalliance/aopalliance/1.0/aopalliance-1.0.jar:/home/user/.m2/repository/com/google/inject/extensions/guice-servlet/4.0/guice-servlet-4.0.jar:/home/user/.m2/repository/org/glassfish/jersey/containers/jersey-container-servlet/2.27/jersey-container-servlet-2.27.jar:/home/user/.m2/repository/org/glassfish/hk2/guice-bridge/2.5.0/guice-bridge-2.5.0.jar:/home/user/.m2/repository/org/glassfish/jersey/core/jersey-server/2.27/jersey-server-2.27.jar:/home/user/.m2/repository/org/glassfish/jersey/core/jersey-client/2.27/jersey-client-2.27.jar:/home/user/.m2/repository/org/glassfish/jersey/media/jersey-media-jaxb/2.27/jersey-media-jaxb-2.27.jar:/home/user/.m2/repository/javax/validation/validation-api/1.1.0.Final/validation-api-1.1.0.Final.jar:/home/user/.m2/repository/org/glassfish/jersey/media/jersey-media-json-jackson/2.27/jersey-media-json-jackson-2.27.jar:/home/user/.m2/repository/org/glassfish/jersey/ext/jersey-entity-filtering/2.27/jersey-entity-filtering-2.27.jar:/home/user/.m2/repository/com/google/inject/extensions/guice-assistedinject/4.0/guice-assistedinject-4.0.jar:/home/user/.m2/repository/org/jooq/jooq/3.11.10/jooq-3.11.10.jar:/home/user/.m2/repository/org/jooq/jooq-meta/3.11.10/jooq-meta-3.11.10.jar:/home/user/.m2/repository/org/jooq/jooq-codegen/3.11.10/jooq-codegen-3.11.10.jar:/home/user/.m2/repository/com/jolbox/bonecp/0.8.0.RELEASE/bonecp-0.8.0.RELEASE.jar:/home/user/.m2/repository/org/xerial/sqlite-jdbc/3.25.2/sqlite-jdbc-3.25.2.jar:/home/user/.m2/repository/org/springframework/spring-jdbc/5.1.3.RELEASE/spring-jdbc-5.1.3.RELEASE.jar:/home/user/.m2/repository/org/springframework/spring-beans/5.1.3.RELEASE/spring-beans-5.1.3.RELEASE.jar:/home/user/.m2/repository/org/springframework/spring-core/5.1.3.RELEASE/spring-core-5.1.3.RELEASE.jar:/home/user/.m2/repository/org/springframework/spring-jcl/5.1.3.RELEASE/spring-jcl-5.1.3.RELEASE.jar:/home/user/.m2/repository/org/springframework/spring-tx/5.1.3.RELEASE/spring-tx-5.1.3.RELEASE.jar:/home/user/.m2/repository/org/apache/hadoop/hadoop-ozone-client/0.5.0-SNAPSHOT/hadoop-ozone-client-0.5.0-SNAPSHOT.jar:/home/user/.m2/repository/commons-lang/commons-lang/2.6/commons-lang-2.6.jar:/home/user/.m2/repository/org/apache/hadoop/hadoop-ozone-ozone-manager/0.5.0-SNAPSHOT/hadoop-ozone-ozone-manager-0.5.0-SNAPSHOT-tests.jar:/home/user/.m2/repository/junit/junit/4.11/junit-4.11.jar:/home/user/.m2/repository/org/hamcrest/hamcrest-core/1.3/hamcrest-core-1.3.jar:/home/user/.m2/repository/org/openjdk/jmh/jmh-core/1.19/jmh-core-1.19.jar:/home/user/.m2/repository/net/sf/jopt-simple/jopt-simple/4.6/jopt-simple-4.6.jar:/home/user/.m2/repository/org/apache/commons/commons-math3/3.1.1/commons-math3-3.1.1.jar:/home/user/.m2/repository/org/openjdk/jmh/jmh-generator-annprocess/1.19/jmh-generator-annprocess-1.19.jar:/home/user/.m2/repository/org/mockito/mockito-all/1.8.5/mockito-all-1.8.5.jar:/home/user/.m2/repository/org/apache/hadoop/hadoop-kms/3.2.0/hadoop-kms-3.2.0.jar:/home/user/.m2/repository/org/apache/hadoop/hadoop-auth/3.2.0/hadoop-auth-3.2.0.jar:/home/user/.m2/repository/com/nimbusds/nimbus-jose-jwt/4.41.1/nimbus-jose-jwt-4.41.1.jar:/home/user/.m2/repository/com/github/stephenc/jcip/jcip-annotations/1.0-1/jcip-annotations-1.0-1.jar:/home/user/.m2/repository/net/minidev/json-smart/2.3/json-smart-2.3.jar:/home/user/.m2/repository/net/minidev/accessors-smart/1.2/accessors-smart-1.2.jar:/home/user/.m2/repository/org/ow2/asm/asm/5.0.4/asm-5.0.4.jar:/home/user/.m2/repository/org/apache/curator/curator-framework/2.12.0/curator-framework-2.12.0.jar:/home/user/.m2/repository/com/sun/jersey/jersey-core/1.19/jersey-core-1.19.jar:/home/user/.m2/repository/javax/ws/rs/jsr311-api/1.1.1/jsr311-api-1.1.1.jar:/home/user/.m2/repository/com/sun/jersey/jersey-server/1.19/jersey-server-1.19.jar:/home/user/.m2/repository/javax/servlet/javax.servlet-api/3.1.0/javax.servlet-api-3.1.0.jar:/home/user/.m2/repository/org/eclipse/jetty/jetty-server/9.3.25.v20180904/jetty-server-9.3.25.v20180904.jar:/home/user/.m2/repository/org/eclipse/jetty/jetty-http/9.3.25.v20180904/jetty-http-9.3.25.v20180904.jar:/home/user/.m2/repository/org/eclipse/jetty/jetty-io/9.3.25.v20180904/jetty-io-9.3.25.v20180904.jar:/home/user/.m2/repository/org/eclipse/jetty/jetty-webapp/9.3.25.v20180904/jetty-webapp-9.3.25.v20180904.jar:/home/user/.m2/repository/org/eclipse/jetty/jetty-xml/9.3.25.v20180904/jetty-xml-9.3.25.v20180904.jar:/home/user/.m2/repository/log4j/log4j/1.2.17/log4j-1.2.17.jar:/home/user/.m2/repository/org/slf4j/slf4j-api/1.7.25/slf4j-api-1.7.25.jar:/home/user/.m2/repository/org/slf4j/jul-to-slf4j/1.7.25/jul-to-slf4j-1.7.25.jar:/home/user/.m2/repository/org/eclipse/jetty/jetty-util/9.3.25.v20180904/jetty-util-9.3.25.v20180904.jar:/home/user/.m2/repository/com/fasterxml/jackson/core/jackson-databind/2.9.9/jackson-databind-2.9.9.jar:/home/user/.m2/repository/org/apache/hadoop/hadoop-kms/3.2.0/hadoop-kms-3.2.0-tests.jar:/home/user/.m2/repository/org/apache/hadoop/hadoop-hdds-server-scm/0.5.0-SNAPSHOT/hadoop-hdds-server-scm-0.5.0-SNAPSHOT-tests.jar:/home/user/.m2/repository/org/apache/hadoop/hadoop-hdds-container-service/0.5.0-SNAPSHOT/hadoop-hdds-container-service-0.5.0-SNAPSHOT-tests.jar:/home/user/.m2/repository/org/yaml/snakeyaml/1.16/snakeyaml-1.16.jar:/home/user/.m2/repository/org/apache/hadoop/hadoop-common/3.2.0/hadoop-common-3.2.0-tests.jar:/home/user/.m2/repository/org/apache/hadoop/hadoop-annotations/3.2.0/hadoop-annotations-3.2.0.jar:/usr/lib/jvm/java-1.8-openjdk/jre/../lib/tools.jar:/home/user/.m2/repository/commons-cli/commons-cli/1.2/commons-cli-1.2.jar:/home/user/.m2/repository/org/apache/httpcomponents/httpclient/4.5.2/httpclient-4.5.2.jar:/home/user/.m2/repository/org/apache/httpcomponents/httpcore/4.4.4/httpcore-4.4.4.jar:/home/user/.m2/repository/commons-codec/commons-codec/1.11/commons-codec-1.11.jar:/home/user/.m2/repository/commons-net/commons-net/3.6/commons-net-3.6.jar:/home/user/.m2/repository/commons-collections/commons-collections/3.2.2/commons-collections-3.2.2.jar:/home/user/.m2/repository/org/eclipse/jetty/jetty-servlet/9.3.25.v20180904/jetty-servlet-9.3.25.v20180904.jar:/home/user/.m2/repository/org/eclipse/jetty/jetty-security/9.3.25.v20180904/jetty-security-9.3.25.v20180904.jar:/home/user/.m2/repository/javax/servlet/jsp/jsp-api/2.1/jsp-api-2.1.jar:/home/user/.m2/repository/com/sun/jersey/jersey-servlet/1.19/jersey-servlet-1.19.jar:/home/user/.m2/repository/com/sun/jersey/jersey-json/1.19/jersey-json-1.19.jar:/home/user/.m2/repository/org/codehaus/jettison/jettison/1.1/jettison-1.1.jar:/home/user/.m2/repository/org/codehaus/jackson/jackson-core-asl/1.9.13/jackson-core-asl-1.9.13.jar:/home/user/.m2/repository/org/codehaus/jackson/jackson-mapper-asl/1.9.13/jackson-mapper-asl-1.9.13.jar:/home/user/.m2/repository/org/codehaus/jackson/jackson-jaxrs/1.9.13/jackson-jaxrs-1.9.13.jar:/home/user/.m2/repository/org/codehaus/jackson/jackson-xc/1.9.13/jackson-xc-1.9.13.jar:/home/user/.m2/repository/commons-logging/commons-logging/1.1.3/commons-logging-1.1.3.jar:/home/user/.m2/repository/commons-beanutils/commons-beanutils/1.9.4/commons-beanutils-1.9.4.jar:/home/user/.m2/repository/org/apache/commons/commons-configuration2/2.1.1/commons-configuration2-2.1.1.jar:/home/user/.m2/repository/org/apache/commons/commons-lang3/3.7/commons-lang3-3.7.jar:/home/user/.m2/repository/org/apache/commons/commons-text/1.4/commons-text-1.4.jar:/home/user/.m2/repository/org/apache/avro/avro/1.7.7/avro-1.7.7.jar:/home/user/.m2/repository/com/thoughtworks/paranamer/paranamer/2.3/paranamer-2.3.jar:/home/user/.m2/repository/org/xerial/snappy/snappy-java/1.0.5/snappy-java-1.0.5.jar:/home/user/.m2/repository/com/google/re2j/re2j/1.1/re2j-1.1.jar:/home/user/.m2/repository/com/google/code/gson/gson/2.2.4/gson-2.2.4.jar:/home/user/.m2/repository/com/jcraft/jsch/0.1.54/jsch-0.1.54.jar:/home/user/.m2/repository/org/apache/curator/curator-client/2.12.0/curator-client-2.12.0.jar:/home/user/.m2/repository/org/apache/curator/curator-recipes/2.12.0/curator-recipes-2.12.0.jar:/home/user/.m2/repository/com/google/code/findbugs/jsr305/3.0.0/jsr305-3.0.0.jar:/home/user/.m2/repository/org/apache/htrace/htrace-core4/4.1.0-incubating/htrace-core4-4.1.0-incubating.jar:/home/user/.m2/repository/org/apache/zookeeper/zookeeper/3.4.13/zookeeper-3.4.13.jar:/home/user/.m2/repository/jline/jline/0.9.94/jline-0.9.94.jar:/home/user/.m2/repository/org/apache/yetus/audience-annotations/0.5.0/audience-annotations-0.5.0.jar:/home/user/.m2/repository/org/codehaus/woodstox/stax2-api/3.1.4/stax2-api-3.1.4.jar:/home/user/.m2/repository/com/fasterxml/woodstox/woodstox-core/5.0.3/woodstox-core-5.0.3.jar:/home/user/.m2/repository/dnsjava/dnsjava/2.1.7/dnsjava-2.1.7.jar:/home/user/.m2/repository/org/apache/hadoop/hadoop-hdfs/3.2.0/hadoop-hdfs-3.2.0-tests.jar:/home/user/.m2/repository/org/eclipse/jetty/jetty-util-ajax/9.3.25.v20180904/jetty-util-ajax-9.3.25.v20180904.jar:/home/user/.m2/repository/commons-daemon/commons-daemon/1.0.13/commons-daemon-1.0.13.jar:/home/user/.m2/repository/io/netty/netty/3.10.5.Final/netty-3.10.5.Final.jar:/home/user/.m2/repository/io/netty/netty-all/4.0.52.Final/netty-all-4.0.52.Final.jar:/home/user/.m2/repository/org/fusesource/leveldbjni/leveldbjni-all/1.8/leveldbjni-all-1.8.jar:"/>
    <property name="sun.cpu.endian" value="little"/>
    <property name="user.home" value="/home/user"/>
    <property name="user.language" value="en"/>
    <property name="java.specification.vendor" value="Oracle Corporation"/>
    <property name="java.home" value="/usr/lib/jvm/java-1.8-openjdk/jre"/>
    <property name="surefire.excludesFile" value="/tools/ozone-bad-unit-tests"/>
    <property name="java.security.krb5.conf" value="/workdir/hadoop-ozone/integration-test/target/test-classes/krb5.conf"/>
    <property name="basedir" value="/workdir/hadoop-ozone/integration-test"/>
    <property name="file.separator" value="/"/>
    <property name="line.separator" value="&#10;"/>
    <property name="java.vm.specification.vendor" value="Oracle Corporation"/>
    <property name="java.specification.name" value="Java Platform API Specification"/>
    <property name="java.awt.graphicsenv" value="sun.awt.X11GraphicsEnvironment"/>
    <property name="surefire.real.class.path" value="/workdir/hadoop-ozone/integration-test/target/surefire/surefirebooter752354013833714602.jar"/>
    <property name="hadoop.log.dir" value="/workdir/hadoop-ozone/integration-test/target/log"/>
    <property name="sun.boot.class.path" value="/usr/lib/jvm/java-1.8-openjdk/jre/lib/resources.jar:/usr/lib/jvm/java-1.8-openjdk/jre/lib/rt.jar:/usr/lib/jvm/java-1.8-openjdk/jre/lib/sunrsasign.jar:/usr/lib/jvm/java-1.8-openjdk/jre/lib/jsse.jar:/usr/lib/jvm/java-1.8-openjdk/jre/lib/jce.jar:/usr/lib/jvm/java-1.8-openjdk/jre/lib/charsets.jar:/usr/lib/jvm/java-1.8-openjdk/jre/lib/jfr.jar:/usr/lib/jvm/java-1.8-openjdk/jre/classes"/>
    <property name="sun.management.compiler" value="HotSpot 64-Bit Tiered Compilers"/>
    <property name="java.runtime.version" value="1.8.0_212-b04"/>
    <property name="java.net.preferIPv4Stack" value="true"/>
    <property name="user.name" value="jenkins1000"/>
    <property name="path.separator" value=":"/>
    <property name="java.security.egd" value="file:///dev/urandom"/>
    <property name="os.version" value="3.10.0-957.12.2.el7.x86_64"/>
    <property name="java.endorsed.dirs" value="/usr/lib/jvm/java-1.8-openjdk/jre/lib/endorsed"/>
    <property name="java.runtime.name" value="OpenJDK Runtime Environment"/>
    <property name="file.encoding" value="UTF-8"/>
    <property name="java.vm.name" value="OpenJDK 64-Bit Server VM"/>
    <property name="test.build.webapps" value=""/>
    <property name="localRepository" value="/home/user/.m2/repository"/>
    <property name="java.vendor.url.bug" value="https://icedtea.classpath.org/bugzilla"/>
    <property name="java.io.tmpdir" value="/tmp"/>
    <property name="require.test.libhadoop" value=""/>
    <property name="java.version" value="1.8.0_212"/>
    <property name="user.dir" value="/workdir/hadoop-ozone/integration-test"/>
    <property name="os.arch" value="amd64"/>
    <property name="java.vm.specification.name" value="Java Virtual Machine Specification"/>
    <property name="test.build.classes" value="/workdir/hadoop-ozone/integration-test/target/test-classes"/>
    <property name="java.awt.printerjob" value="sun.print.PSPrinterJob"/>
    <property name="sun.os.patch.level" value="unknown"/>
    <property name="hadoop.tmp.dir" value="/workdir/hadoop-ozone/integration-test/target/tmp"/>
    <property name="java.library.path" value="/usr/lib/jvm/java-1.8-openjdk/jre/lib/amd64/server:/usr/lib/jvm/java-1.8-openjdk/jre/lib/amd64:/usr/lib/jvm/java-1.8-openjdk/jre/../lib/amd64:/workdir/hadoop-ozone/integration-test/target/native/target/usr/local/lib:/workdir/hadoop-ozone/integration-test/../../hadoop-common-project/hadoop-common/target/native/target/usr/local/lib:/usr/java/packages/lib/amd64:/usr/lib64:/lib64:/lib:/usr/lib"/>
    <property name="java.vm.info" value="mixed mode"/>
    <property name="java.vendor" value="IcedTea"/>
    <property name="java.vm.version" value="25.212-b04"/>
    <property name="java.ext.dirs" value="/usr/lib/jvm/java-1.8-openjdk/jre/lib/ext:/usr/java/packages/lib/ext"/>
    <property name="sun.io.unicode.encoding" value="UnicodeLittle"/>
    <property name="java.class.version" value="52.0"/>
  </properties>
  <testcase name="testGroupMismatchExceptionHandling" classname="org.apache.hadoop.ozone.client.rpc.TestOzoneClientRetriesOnException" time="43.518"/>
  <testcase name="testMaxRetriesByOzoneClient" classname="org.apache.hadoop.ozone.client.rpc.TestOzoneClientRetriesOnException" time="128.926">
    <error message="Failed to command cmdType: CreateContainer&#10;containerID: 1&#10;datanodeUuid: &quot;e449d29f-23ec-4943-8e04-16f349e7a11f&quot;&#10;createContainer {&#10;}&#10;" type="java.io.IOException">java.io.IOException: 
Failed to command cmdType: CreateContainer
containerID: 1
datanodeUuid: "e449d29f-23ec-4943-8e04-16f349e7a11f"
createContainer {
}

	at org.apache.hadoop.hdds.scm.XceiverClientSpi.sendCommand(XceiverClientSpi.java:113)
	at org.apache.hadoop.ozone.client.rpc.TestOzoneClientRetriesOnException.testMaxRetriesByOzoneClient(TestOzoneClientRetriesOnException.java:190)
	at sun.reflect.NativeMethodAccessorImpl.invoke0(Native Method)
	at sun.reflect.NativeMethodAccessorImpl.invoke(NativeMethodAccessorImpl.java:62)
	at sun.reflect.DelegatingMethodAccessorImpl.invoke(DelegatingMethodAccessorImpl.java:43)
	at java.lang.reflect.Method.invoke(Method.java:498)
	at org.junit.runners.model.FrameworkMethod$1.runReflectiveCall(FrameworkMethod.java:47)
	at org.junit.internal.runners.model.ReflectiveCallable.run(ReflectiveCallable.java:12)
	at org.junit.runners.model.FrameworkMethod.invokeExplosively(FrameworkMethod.java:44)
	at org.junit.internal.runners.statements.InvokeMethod.evaluate(InvokeMethod.java:17)
	at org.junit.internal.runners.statements.RunBefores.evaluate(RunBefores.java:26)
	at org.junit.internal.runners.statements.RunAfters.evaluate(RunAfters.java:27)
	at org.junit.runners.ParentRunner.runLeaf(ParentRunner.java:271)
	at org.junit.runners.BlockJUnit4ClassRunner.runChild(BlockJUnit4ClassRunner.java:70)
	at org.junit.runners.BlockJUnit4ClassRunner.runChild(BlockJUnit4ClassRunner.java:50)
	at org.junit.runners.ParentRunner$3.run(ParentRunner.java:238)
	at org.junit.runners.ParentRunner$1.schedule(ParentRunner.java:63)
	at org.junit.runners.ParentRunner.runChildren(ParentRunner.java:236)
	at org.junit.runners.ParentRunner.access$000(ParentRunner.java:53)
	at org.junit.runners.ParentRunner$2.evaluate(ParentRunner.java:229)
	at org.junit.runners.ParentRunner.run(ParentRunner.java:309)
	at org.apache.maven.surefire.junit4.JUnit4Provider.execute(JUnit4Provider.java:365)
	at org.apache.maven.surefire.junit4.JUnit4Provider.executeWithRerun(JUnit4Provider.java:273)
	at org.apache.maven.surefire.junit4.JUnit4Provider.executeTestSet(JUnit4Provider.java:238)
	at org.apache.maven.surefire.junit4.JUnit4Provider.invoke(JUnit4Provider.java:159)
	at org.apache.maven.surefire.booter.ForkedBooter.invokeProviderInSameClassLoader(ForkedBooter.java:384)
	at org.apache.maven.surefire.booter.ForkedBooter.runSuitesInProcess(ForkedBooter.java:345)
	at org.apache.maven.surefire.booter.ForkedBooter.execute(ForkedBooter.java:126)
	at org.apache.maven.surefire.booter.ForkedBooter.main(ForkedBooter.java:418)
Caused by: java.util.concurrent.ExecutionException: org.apache.ratis.protocol.RaftRetryFailureException: Failed RaftClientRequest:client-ED201232C9F9->867be414-fe82-4697-923b-46e307d25728@group-7C10719D05E7, cid=97, seq=4*, RW, cmdType: CreateContainer
traceID: "3041a8bdea51f75b:3041a8bdea51f75b:0:0"
containerID: 1
datanodeUuid: "e449d29f-23ec-4943-8e04-16f349e7a11f"
createContainer {
}
, data.size=0 for 180 attempts with RetryLimited(maxAttempts=180, sleepTime=1000ms)
	at java.util.concurrent.CompletableFuture.reportGet(CompletableFuture.java:357)
	at java.util.concurrent.CompletableFuture.get(CompletableFuture.java:1895)
	at org.apache.hadoop.hdds.scm.XceiverClientSpi.sendCommand(XceiverClientSpi.java:110)
	... 28 more
Caused by: org.apache.ratis.protocol.RaftRetryFailureException: Failed RaftClientRequest:client-ED201232C9F9->867be414-fe82-4697-923b-46e307d25728@group-7C10719D05E7, cid=97, seq=4*, RW, cmdType: CreateContainer
traceID: "3041a8bdea51f75b:3041a8bdea51f75b:0:0"
containerID: 1
datanodeUuid: "e449d29f-23ec-4943-8e04-16f349e7a11f"
createContainer {
}
, data.size=0 for 180 attempts with RetryLimited(maxAttempts=180, sleepTime=1000ms)
	at org.apache.ratis.client.impl.RaftClientImpl.noMoreRetries(RaftClientImpl.java:271)
	at org.apache.ratis.client.impl.OrderedAsync.handleAsyncRetryFailure(OrderedAsync.java:138)
	at org.apache.ratis.client.impl.OrderedAsync.lambda$sendRequest$10(OrderedAsync.java:230)
	at java.util.concurrent.CompletableFuture.uniExceptionally(CompletableFuture.java:870)
	at java.util.concurrent.CompletableFuture$UniExceptionally.tryFire(CompletableFuture.java:852)
	at java.util.concurrent.CompletableFuture.postComplete(CompletableFuture.java:474)
	at java.util.concurrent.CompletableFuture.completeExceptionally(CompletableFuture.java:1977)
	at org.apache.ratis.grpc.client.GrpcClientProtocolClient$AsyncStreamObservers.completeReplyExceptionally(GrpcClientProtocolClient.java:345)
	at org.apache.ratis.grpc.client.GrpcClientProtocolClient$AsyncStreamObservers.access$000(GrpcClientProtocolClient.java:261)
	at org.apache.ratis.grpc.client.GrpcClientProtocolClient$AsyncStreamObservers$1.onNext(GrpcClientProtocolClient.java:273)
	at org.apache.ratis.grpc.client.GrpcClientProtocolClient$AsyncStreamObservers$1.onNext(GrpcClientProtocolClient.java:264)
	at org.apache.ratis.thirdparty.io.grpc.stub.ClientCalls$StreamObserverToCallListenerAdapter.onMessage(ClientCalls.java:421)
	at org.apache.ratis.thirdparty.io.grpc.ForwardingClientCallListener.onMessage(ForwardingClientCallListener.java:33)
	at org.apache.ratis.thirdparty.io.grpc.ForwardingClientCallListener.onMessage(ForwardingClientCallListener.java:33)
	at org.apache.ratis.thirdparty.io.grpc.internal.ClientCallImpl$ClientStreamListenerImpl$1MessagesAvailable.runInContext(ClientCallImpl.java:519)
	at org.apache.ratis.thirdparty.io.grpc.internal.ContextRunnable.run(ContextRunnable.java:37)
	at org.apache.ratis.thirdparty.io.grpc.internal.SerializingExecutor.run(SerializingExecutor.java:123)
	at java.util.concurrent.ThreadPoolExecutor.runWorker(ThreadPoolExecutor.java:1149)
	at java.util.concurrent.ThreadPoolExecutor$Worker.run(ThreadPoolExecutor.java:624)
	at java.lang.Thread.run(Thread.java:748)
Caused by: org.apache.ratis.protocol.NotLeaderException: Server 867be414-fe82-4697-923b-46e307d25728@group-7C10719D05E7 is not the leader e449d29f-23ec-4943-8e04-16f349e7a11f:192.168.164.219:34574
	at org.apache.ratis.client.impl.ClientProtoUtils.toRaftClientReply(ClientProtoUtils.java:243)
	at org.apache.ratis.grpc.client.GrpcClientProtocolClient$AsyncStreamObservers$1.onNext(GrpcClientProtocolClient.java:269)
	... 10 more
</error>
    <system-out><![CDATA[2019-10-14 19:23:57,489 [main] WARN  server.ServerUtils (ServerUtils.java:getScmDbDir(145)) - ozone.scm.db.dirs is not configured. We recommend adding this setting. Falling back to ozone.metadata.dirs instead.
2019-10-14 19:23:57,512 [main] WARN  server.ServerUtils (ServerUtils.java:getScmDbDir(145)) - ozone.scm.db.dirs is not configured. We recommend adding this setting. Falling back to ozone.metadata.dirs instead.
2019-10-14 19:23:57,512 [main] WARN  server.ServerUtils (ServerUtils.java:getScmDbDir(145)) - ozone.scm.db.dirs is not configured. We recommend adding this setting. Falling back to ozone.metadata.dirs instead.
2019-10-14 19:23:57,513 [main] INFO  db.DBStoreBuilder (DBStoreBuilder.java:addTable(117)) - using custom profile for table: deletedBlocks
2019-10-14 19:23:57,513 [main] INFO  db.DBStoreBuilder (DBStoreBuilder.java:processTables(168)) - Using default column profile:DBProfile.DISK for Table:deletedBlocks
2019-10-14 19:23:57,514 [main] INFO  db.DBStoreBuilder (DBStoreBuilder.java:addTable(117)) - using custom profile for table: validCerts
2019-10-14 19:23:57,514 [main] INFO  db.DBStoreBuilder (DBStoreBuilder.java:processTables(168)) - Using default column profile:DBProfile.DISK for Table:validCerts
2019-10-14 19:23:57,514 [main] INFO  db.DBStoreBuilder (DBStoreBuilder.java:addTable(117)) - using custom profile for table: revokedCerts
2019-10-14 19:23:57,514 [main] INFO  db.DBStoreBuilder (DBStoreBuilder.java:processTables(168)) - Using default column profile:DBProfile.DISK for Table:revokedCerts
2019-10-14 19:23:57,514 [main] INFO  db.DBStoreBuilder (DBStoreBuilder.java:addTable(117)) - using custom profile for table: default
2019-10-14 19:23:57,514 [main] INFO  db.DBStoreBuilder (DBStoreBuilder.java:processTables(174)) - Using default column profile:DBProfile.DISK for Table:default
2019-10-14 19:23:57,515 [main] INFO  db.DBStoreBuilder (DBStoreBuilder.java:getDbProfile(205)) - Using default options. DBProfile.DISK
2019-10-14 19:23:57,809 [main] INFO  net.NodeSchemaLoader (NodeSchemaLoader.java:loadSchemaFromFile(125)) - Loading file from sun.misc.CompoundEnumeration@27be17c8
2019-10-14 19:23:57,810 [main] INFO  net.NodeSchemaLoader (NodeSchemaLoader.java:loadSchema(171)) - Loading network topology layer schema file
2019-10-14 19:23:57,817 [main] WARN  server.ServerUtils (ServerUtils.java:sanitizeUserArgs(70)) - ozone.scm.stale.node.interval value = 300000 is larger than max = 100000 based on the key value of ozone.scm.heartbeat.thread.interval, reset to the max value 100000.
2019-10-14 19:23:57,818 [main] WARN  server.ServerUtils (ServerUtils.java:sanitizeUserArgs(70)) - ozone.scm.stale.node.interval value = 300000 is larger than max = 100000 based on the key value of ozone.scm.heartbeat.thread.interval, reset to the max value 100000.
2019-10-14 19:23:57,818 [main] INFO  node.SCMNodeManager (SCMNodeManager.java:<init>(116)) - Entering startup safe mode.
2019-10-14 19:23:57,819 [main] INFO  algorithms.ContainerPlacementPolicyFactory (ContainerPlacementPolicyFactory.java:getPolicy(57)) - Create container placement policy of type org.apache.hadoop.hdds.scm.container.placement.algorithms.SCMContainerPlacementRandom
2019-10-14 19:23:57,820 [main] WARN  server.ServerUtils (ServerUtils.java:getScmDbDir(145)) - ozone.scm.db.dirs is not configured. We recommend adding this setting. Falling back to ozone.metadata.dirs instead.
2019-10-14 19:23:57,920 [main] INFO  pipeline.SCMPipelineManager (SCMPipelineManager.java:initializePipelineState(132)) - No pipeline exists in current db
2019-10-14 19:23:57,921 [main] WARN  server.ServerUtils (ServerUtils.java:getScmDbDir(145)) - ozone.scm.db.dirs is not configured. We recommend adding this setting. Falling back to ozone.metadata.dirs instead.
2019-10-14 19:23:58,024 [main] WARN  events.EventQueue (EventQueue.java:fireEvent(183)) - No event handler registered for event TypedEvent{payloadType=SafeModeStatus, name='SafeModeStatus'}
2019-10-14 19:23:58,025 [main] INFO  ipc.CallQueueManager (CallQueueManager.java:<init>(84)) - Using callQueue: class java.util.concurrent.LinkedBlockingQueue, queueCapacity: 2000, scheduler: class org.apache.hadoop.ipc.DefaultRpcScheduler, ipcBackoff: false.
2019-10-14 19:23:58,025 [Socket Reader #1 for port 35358] INFO  ipc.Server (Server.java:run(1074)) - Starting Socket Reader #1 for port 35358
2019-10-14 19:23:58,027 [main] INFO  ipc.CallQueueManager (CallQueueManager.java:<init>(84)) - Using callQueue: class java.util.concurrent.LinkedBlockingQueue, queueCapacity: 2000, scheduler: class org.apache.hadoop.ipc.DefaultRpcScheduler, ipcBackoff: false.
2019-10-14 19:23:58,028 [Socket Reader #1 for port 35721] INFO  ipc.Server (Server.java:run(1074)) - Starting Socket Reader #1 for port 35721
2019-10-14 19:23:58,029 [main] INFO  ipc.CallQueueManager (CallQueueManager.java:<init>(84)) - Using callQueue: class java.util.concurrent.LinkedBlockingQueue, queueCapacity: 2000, scheduler: class org.apache.hadoop.ipc.DefaultRpcScheduler, ipcBackoff: false.
2019-10-14 19:23:58,030 [Socket Reader #1 for port 44734] INFO  ipc.Server (Server.java:run(1074)) - Starting Socket Reader #1 for port 44734
2019-10-14 19:23:58,032 [main] INFO  hdfs.DFSUtil (DFSUtil.java:httpServerTemplateForNNAndJN(1641)) - Starting Web-server for scm at: http://0.0.0.0:0
2019-10-14 19:23:58,035 [main] INFO  server.AuthenticationFilter (AuthenticationFilter.java:constructSecretProvider(240)) - Unable to initialize FileSignerSecretProvider, falling back to use random secrets.
2019-10-14 19:23:58,035 [main] WARN  http.HttpRequestLog (HttpRequestLog.java:getRequestLog(97)) - Jetty request log can only be enabled using Log4j
2019-10-14 19:23:58,037 [main] INFO  http.HttpServer2 (HttpServer2.java:addGlobalFilter(975)) - Added global filter 'safety' (class=org.apache.hadoop.http.HttpServer2$QuotingInputFilter)
2019-10-14 19:23:58,038 [main] INFO  http.HttpServer2 (HttpServer2.java:addFilter(948)) - Added filter static_user_filter (class=org.apache.hadoop.http.lib.StaticUserWebFilter$StaticUserFilter) to context scm
2019-10-14 19:23:58,038 [main] INFO  http.HttpServer2 (HttpServer2.java:addFilter(958)) - Added filter static_user_filter (class=org.apache.hadoop.http.lib.StaticUserWebFilter$StaticUserFilter) to context logs
2019-10-14 19:23:58,038 [main] INFO  http.HttpServer2 (HttpServer2.java:addFilter(958)) - Added filter static_user_filter (class=org.apache.hadoop.http.lib.StaticUserWebFilter$StaticUserFilter) to context static
2019-10-14 19:23:58,040 [main] INFO  server.StorageContainerManager (StorageContainerManager.java:start(772)) - StorageContainerLocationProtocol RPC server is listening at /0.0.0.0:44734
2019-10-14 19:23:58,042 [main] WARN  impl.MetricsConfig (MetricsConfig.java:loadFirst(134)) - Cannot locate configuration: tried hadoop-metrics2-storagecontainermanager.properties,hadoop-metrics2.properties
2019-10-14 19:23:58,044 [main] INFO  impl.MetricsSystemImpl (MetricsSystemImpl.java:startTimer(374)) - Scheduled Metric snapshot period at 10 second(s).
2019-10-14 19:23:58,044 [main] INFO  impl.MetricsSystemImpl (MetricsSystemImpl.java:start(191)) - StorageContainerManager metrics system started
2019-10-14 19:23:58,092 [main] WARN  impl.MetricsSystemImpl (MetricsSystemImpl.java:register(276)) - Sink prometheus already exists!
2019-10-14 19:23:58,099 [main] INFO  server.SCMClientProtocolServer (SCMClientProtocolServer.java:start(159)) - RPC server for Client  is listening at /0.0.0.0:44734
2019-10-14 19:23:58,099 [IPC Server Responder] INFO  ipc.Server (Server.java:run(1314)) - IPC Server Responder: starting
2019-10-14 19:23:58,100 [IPC Server listener on 44734] INFO  ipc.Server (Server.java:run(1153)) - IPC Server listener on 44734: starting
2019-10-14 19:23:58,103 [main] INFO  server.StorageContainerManager (StorageContainerManager.java:start(782)) - ScmBlockLocationProtocol RPC server is listening at /0.0.0.0:35721
2019-10-14 19:23:58,104 [main] INFO  server.SCMBlockProtocolServer (SCMBlockProtocolServer.java:start(146)) - RPC server for Block Protocol is listening at /0.0.0.0:35721
2019-10-14 19:23:58,104 [IPC Server Responder] INFO  ipc.Server (Server.java:run(1314)) - IPC Server Responder: starting
2019-10-14 19:23:58,104 [IPC Server listener on 35721] INFO  ipc.Server (Server.java:run(1153)) - IPC Server listener on 35721: starting
2019-10-14 19:23:58,108 [main] INFO  server.StorageContainerManager (StorageContainerManager.java:start(786)) - ScmDatanodeProtocl RPC server is listening at /0.0.0.0:35358
2019-10-14 19:23:58,108 [main] INFO  server.SCMDatanodeProtocolServer (SCMDatanodeProtocolServer.java:start(169)) - RPC server for DataNodes is listening at /0.0.0.0:35358
2019-10-14 19:23:58,109 [IPC Server Responder] INFO  ipc.Server (Server.java:run(1314)) - IPC Server Responder: starting
2019-10-14 19:23:58,109 [IPC Server listener on 35358] INFO  ipc.Server (Server.java:run(1153)) - IPC Server listener on 35358: starting
2019-10-14 19:23:58,113 [main] INFO  http.HttpServer2 (HttpServer2.java:bindListener(1191)) - Jetty bound to port 43251
2019-10-14 19:23:58,113 [main] INFO  server.Server (Server.java:doStart(351)) - jetty-9.3.25.v20180904, build timestamp: 2018-09-04T21:11:46Z, git hash: 3ce520221d0240229c862b122d2b06c12a625732
2019-10-14 19:23:58,116 [main] INFO  handler.ContextHandler (ContextHandler.java:doStart(781)) - Started o.e.j.s.ServletContextHandler@49cb1baf{/logs,file:///workdir/hadoop-ozone/integration-test/target/log,AVAILABLE}
2019-10-14 19:23:58,116 [main] INFO  handler.ContextHandler (ContextHandler.java:doStart(781)) - Started o.e.j.s.ServletContextHandler@77dba4cd{/static,file:///workdir/hadoop-ozone/integration-test/target/test-classes/webapps/static,AVAILABLE}
2019-10-14 19:23:58,123 [main] INFO  handler.ContextHandler (ContextHandler.java:doStart(781)) - Started o.e.j.w.WebAppContext@1a565afb{/,file:///workdir/hadoop-ozone/integration-test/target/test-classes/webapps/scm/,AVAILABLE}{/scm}
2019-10-14 19:23:58,124 [main] INFO  server.AbstractConnector (AbstractConnector.java:doStart(278)) - Started ServerConnector@2fd64b11{HTTP/1.1,[http/1.1]}{0.0.0.0:43251}
2019-10-14 19:23:58,124 [main] INFO  server.Server (Server.java:doStart(419)) - Started @44665ms
2019-10-14 19:23:58,125 [main] WARN  impl.MetricsSystemImpl (MetricsSystemImpl.java:register(276)) - Sink prometheus already exists!
2019-10-14 19:23:58,126 [main] INFO  server.BaseHttpServer (BaseHttpServer.java:updateConnectorAddress(215)) - HTTP server of SCM is listening at http://0.0.0.0:43251
2019-10-14 19:23:58,127 [main] WARN  server.ServerUtils (ServerUtils.java:getDBPath(222)) - ozone.om.db.dirs is not configured. We recommend adding this setting. Falling back to ozone.metadata.dirs instead.
2019-10-14 19:23:58,127 [org.apache.hadoop.util.JvmPauseMonitor$Monitor@43d3aba5] INFO  util.JvmPauseMonitor (JvmPauseMonitor.java:run(188)) - Starting JVM pause monitor
2019-10-14 19:23:58,152 [main] INFO  ha.OMHANodeDetails (OMHANodeDetails.java:loadOMHAConfig(190)) - Configuration either no ozone.om.address set. Falling back to the default OM address /127.0.0.1:0
2019-10-14 19:23:58,152 [main] INFO  ha.OMHANodeDetails (OMHANodeDetails.java:getOMNodeDetails(220)) - OM Service ID is not set. Setting it to the default ID: omServiceIdDefault
2019-10-14 19:23:58,152 [main] WARN  server.ServerUtils (ServerUtils.java:getDBPath(222)) - ozone.om.db.dirs is not configured. We recommend adding this setting. Falling back to ozone.metadata.dirs instead.
2019-10-14 19:23:58,153 [main] WARN  server.ServerUtils (ServerUtils.java:getDBPath(222)) - ozone.om.db.dirs is not configured. We recommend adding this setting. Falling back to ozone.metadata.dirs instead.
2019-10-14 19:23:58,161 [main] WARN  server.ServerUtils (ServerUtils.java:getDBPath(222)) - ozone.om.db.dirs is not configured. We recommend adding this setting. Falling back to ozone.metadata.dirs instead.
2019-10-14 19:23:58,161 [main] INFO  db.DBStoreBuilder (DBStoreBuilder.java:addTable(117)) - using custom profile for table: userTable
2019-10-14 19:23:58,161 [main] INFO  db.DBStoreBuilder (DBStoreBuilder.java:processTables(168)) - Using default column profile:DBProfile.DISK for Table:userTable
2019-10-14 19:23:58,162 [main] INFO  db.DBStoreBuilder (DBStoreBuilder.java:addTable(117)) - using custom profile for table: volumeTable
2019-10-14 19:23:58,162 [main] INFO  db.DBStoreBuilder (DBStoreBuilder.java:processTables(168)) - Using default column profile:DBProfile.DISK for Table:volumeTable
2019-10-14 19:23:58,162 [main] INFO  db.DBStoreBuilder (DBStoreBuilder.java:addTable(117)) - using custom profile for table: bucketTable
2019-10-14 19:23:58,163 [main] INFO  db.DBStoreBuilder (DBStoreBuilder.java:processTables(168)) - Using default column profile:DBProfile.DISK for Table:bucketTable
2019-10-14 19:23:58,163 [main] INFO  db.DBStoreBuilder (DBStoreBuilder.java:addTable(117)) - using custom profile for table: keyTable
2019-10-14 19:23:58,163 [main] INFO  db.DBStoreBuilder (DBStoreBuilder.java:processTables(168)) - Using default column profile:DBProfile.DISK for Table:keyTable
2019-10-14 19:23:58,163 [main] INFO  db.DBStoreBuilder (DBStoreBuilder.java:addTable(117)) - using custom profile for table: deletedTable
2019-10-14 19:23:58,164 [main] INFO  db.DBStoreBuilder (DBStoreBuilder.java:processTables(168)) - Using default column profile:DBProfile.DISK for Table:deletedTable
2019-10-14 19:23:58,164 [main] INFO  db.DBStoreBuilder (DBStoreBuilder.java:addTable(117)) - using custom profile for table: openKeyTable
2019-10-14 19:23:58,164 [main] INFO  db.DBStoreBuilder (DBStoreBuilder.java:processTables(168)) - Using default column profile:DBProfile.DISK for Table:openKeyTable
2019-10-14 19:23:58,165 [main] INFO  db.DBStoreBuilder (DBStoreBuilder.java:addTable(117)) - using custom profile for table: s3Table
2019-10-14 19:23:58,165 [main] INFO  db.DBStoreBuilder (DBStoreBuilder.java:processTables(168)) - Using default column profile:DBProfile.DISK for Table:s3Table
2019-10-14 19:23:58,165 [main] INFO  db.DBStoreBuilder (DBStoreBuilder.java:addTable(117)) - using custom profile for table: multipartInfoTable
2019-10-14 19:23:58,165 [main] INFO  db.DBStoreBuilder (DBStoreBuilder.java:processTables(168)) - Using default column profile:DBProfile.DISK for Table:multipartInfoTable
2019-10-14 19:23:58,166 [main] INFO  db.DBStoreBuilder (DBStoreBuilder.java:addTable(117)) - using custom profile for table: dTokenTable
2019-10-14 19:23:58,166 [main] INFO  db.DBStoreBuilder (DBStoreBuilder.java:processTables(168)) - Using default column profile:DBProfile.DISK for Table:dTokenTable
2019-10-14 19:23:58,166 [main] INFO  db.DBStoreBuilder (DBStoreBuilder.java:addTable(117)) - using custom profile for table: s3SecretTable
2019-10-14 19:23:58,167 [main] INFO  db.DBStoreBuilder (DBStoreBuilder.java:processTables(168)) - Using default column profile:DBProfile.DISK for Table:s3SecretTable
2019-10-14 19:23:58,167 [main] INFO  db.DBStoreBuilder (DBStoreBuilder.java:addTable(117)) - using custom profile for table: prefixTable
2019-10-14 19:23:58,167 [main] INFO  db.DBStoreBuilder (DBStoreBuilder.java:processTables(168)) - Using default column profile:DBProfile.DISK for Table:prefixTable
2019-10-14 19:23:58,168 [main] INFO  db.DBStoreBuilder (DBStoreBuilder.java:addTable(117)) - using custom profile for table: default
2019-10-14 19:23:58,168 [main] INFO  db.DBStoreBuilder (DBStoreBuilder.java:processTables(174)) - Using default column profile:DBProfile.DISK for Table:default
2019-10-14 19:23:58,168 [main] INFO  db.DBStoreBuilder (DBStoreBuilder.java:getDbProfile(205)) - Using default options. DBProfile.DISK
2019-10-14 19:23:58,926 [main] INFO  ipc.CallQueueManager (CallQueueManager.java:<init>(84)) - Using callQueue: class java.util.concurrent.LinkedBlockingQueue, queueCapacity: 2000, scheduler: class org.apache.hadoop.ipc.DefaultRpcScheduler, ipcBackoff: false.
2019-10-14 19:23:58,927 [Socket Reader #1 for port 43394] INFO  ipc.Server (Server.java:run(1074)) - Starting Socket Reader #1 for port 43394
2019-10-14 19:23:58,945 [main] INFO  om.OzoneManager (OzoneManager.java:start(1071)) - OzoneManager RPC server is listening at localhost/127.0.0.1:43394
2019-10-14 19:23:58,945 [main] INFO  impl.MetricsSystemImpl (MetricsSystemImpl.java:init(158)) - OzoneManager metrics system started (again)
2019-10-14 19:23:58,947 [IPC Server Responder] INFO  ipc.Server (Server.java:run(1314)) - IPC Server Responder: starting
2019-10-14 19:23:58,948 [IPC Server listener on 43394] INFO  ipc.Server (Server.java:run(1153)) - IPC Server listener on 43394: starting
2019-10-14 19:23:58,954 [main] INFO  hdfs.DFSUtil (DFSUtil.java:httpServerTemplateForNNAndJN(1641)) - Starting Web-server for ozoneManager at: http://0.0.0.0:0
2019-10-14 19:23:58,956 [main] INFO  server.AuthenticationFilter (AuthenticationFilter.java:constructSecretProvider(240)) - Unable to initialize FileSignerSecretProvider, falling back to use random secrets.
2019-10-14 19:23:58,957 [main] WARN  http.HttpRequestLog (HttpRequestLog.java:getRequestLog(97)) - Jetty request log can only be enabled using Log4j
2019-10-14 19:23:58,960 [main] INFO  http.HttpServer2 (HttpServer2.java:addGlobalFilter(975)) - Added global filter 'safety' (class=org.apache.hadoop.http.HttpServer2$QuotingInputFilter)
2019-10-14 19:23:58,961 [main] INFO  http.HttpServer2 (HttpServer2.java:addFilter(948)) - Added filter static_user_filter (class=org.apache.hadoop.http.lib.StaticUserWebFilter$StaticUserFilter) to context ozoneManager
2019-10-14 19:23:58,962 [main] INFO  http.HttpServer2 (HttpServer2.java:addFilter(958)) - Added filter static_user_filter (class=org.apache.hadoop.http.lib.StaticUserWebFilter$StaticUserFilter) to context static
2019-10-14 19:23:58,962 [main] INFO  http.HttpServer2 (HttpServer2.java:addFilter(958)) - Added filter static_user_filter (class=org.apache.hadoop.http.lib.StaticUserWebFilter$StaticUserFilter) to context logs
2019-10-14 19:23:58,963 [main] INFO  http.HttpServer2 (HttpServer2.java:bindListener(1191)) - Jetty bound to port 43286
2019-10-14 19:23:58,964 [main] INFO  server.Server (Server.java:doStart(351)) - jetty-9.3.25.v20180904, build timestamp: 2018-09-04T21:11:46Z, git hash: 3ce520221d0240229c862b122d2b06c12a625732
2019-10-14 19:23:58,966 [main] INFO  handler.ContextHandler (ContextHandler.java:doStart(781)) - Started o.e.j.s.ServletContextHandler@3178219a{/logs,file:///workdir/hadoop-ozone/integration-test/target/log,AVAILABLE}
2019-10-14 19:23:58,967 [main] INFO  handler.ContextHandler (ContextHandler.java:doStart(781)) - Started o.e.j.s.ServletContextHandler@56476c16{/static,file:///workdir/hadoop-ozone/integration-test/target/test-classes/webapps/static,AVAILABLE}
2019-10-14 19:23:58,974 [main] INFO  handler.ContextHandler (ContextHandler.java:doStart(781)) - Started o.e.j.w.WebAppContext@539a138b{/,file:///workdir/hadoop-ozone/integration-test/target/test-classes/webapps/ozoneManager/,AVAILABLE}{/ozoneManager}
2019-10-14 19:23:58,976 [main] INFO  server.AbstractConnector (AbstractConnector.java:doStart(278)) - Started ServerConnector@2cd4e16a{HTTP/1.1,[http/1.1]}{0.0.0.0:43286}
2019-10-14 19:23:58,977 [main] INFO  server.Server (Server.java:doStart(419)) - Started @45517ms
2019-10-14 19:23:58,977 [main] WARN  impl.MetricsSystemImpl (MetricsSystemImpl.java:register(276)) - Sink prometheus already exists!
2019-10-14 19:23:58,978 [main] INFO  server.BaseHttpServer (BaseHttpServer.java:updateConnectorAddress(215)) - HTTP server of OZONEMANAGER is listening at http://0.0.0.0:43286
2019-10-14 19:23:59,006 [main] INFO  impl.MetricsSystemImpl (MetricsSystemImpl.java:init(158)) - HddsDatanode metrics system started (again)
2019-10-14 19:23:59,009 [main] INFO  ozone.HddsDatanodeService (HddsDatanodeService.java:start(184)) - HddsDatanodeService host:pr-hdds-1868-cfdmt-251076870 ip:192.168.164.219
2019-10-14 19:23:59,017 [main] INFO  volume.HddsVolume (HddsVolume.java:<init>(176)) - Creating Volume: /workdir/hadoop-ozone/integration-test/target/test-dir/MiniOzoneClusterImpl-d886f0db-47f2-4bc5-8f88-b8b0eb7c8529/datanode-0/data/containers/hdds of  storage type : DISK and capacity : 1482555576320
2019-10-14 19:23:59,018 [main] INFO  volume.VolumeSet (VolumeSet.java:initializeVolumeSet(170)) - Added Volume : /workdir/hadoop-ozone/integration-test/target/test-dir/MiniOzoneClusterImpl-d886f0db-47f2-4bc5-8f88-b8b0eb7c8529/datanode-0/data/containers/hdds to VolumeSet
2019-10-14 19:23:59,018 [main] INFO  volume.ThrottledAsyncChecker (ThrottledAsyncChecker.java:schedule(141)) - Scheduling a check for org.apache.hadoop.ozone.container.common.volume.HddsVolume@76ececd
2019-10-14 19:23:59,019 [main] INFO  volume.HddsVolumeChecker (HddsVolumeChecker.java:checkAllVolumes(204)) - Scheduled health check for volume org.apache.hadoop.ozone.container.common.volume.HddsVolume@76ececd
2019-10-14 19:23:59,045 [main] INFO  impl.RaftServerProxy (ConfUtils.java:logGet(43)) - raft.rpc.type = GRPC (default)
2019-10-14 19:23:59,045 [main] INFO  grpc.GrpcFactory (GrpcFactory.java:checkPooledByteBufAllocatorUseCacheForAllThreads(45)) - PERFORMANCE WARNING: useCacheForAllThreads is true that may cause Netty to create a lot garbage objects and, as a result, trigger GC.
	It is recommended to disable useCacheForAllThreads by setting -Dorg.apache.ratis.thirdparty.io.netty.allocator.useCacheForAllThreads=false in command line.
2019-10-14 19:23:59,045 [main] INFO  grpc.GrpcConfigKeys$Server (ConfUtils.java:logGet(43)) - raft.grpc.server.port = 0 (default)
2019-10-14 19:23:59,046 [main] INFO  server.GrpcService (ConfUtils.java:logGet(43)) - raft.grpc.message.size.max = 33570816 (custom)
2019-10-14 19:23:59,046 [main] INFO  server.RaftServerConfigKeys (ConfUtils.java:logGet(43)) - raft.server.log.appender.buffer.byte-limit = 33554432 (custom)
2019-10-14 19:23:59,047 [main] INFO  server.GrpcService (ConfUtils.java:logGet(43)) - raft.grpc.flow.control.window = 1MB (=1048576) (default)
2019-10-14 19:23:59,047 [main] INFO  server.RaftServerConfigKeys (ConfUtils.java:logGet(43)) - raft.server.rpc.request.timeout = 3000ms (default)
2019-10-14 19:23:59,048 [main] INFO  server.RaftServerConfigKeys (ConfUtils.java:logGet(43)) - raft.server.storage.dir = [/workdir/hadoop-ozone/integration-test/target/test-dir/MiniOzoneClusterImpl-d886f0db-47f2-4bc5-8f88-b8b0eb7c8529/datanode-0/data/ratis] (custom)
2019-10-14 19:23:59,051 [main] INFO  hdfs.DFSUtil (DFSUtil.java:httpServerTemplateForNNAndJN(1641)) - Starting Web-server for hddsDatanode at: http://0.0.0.0:0
2019-10-14 19:23:59,053 [main] INFO  server.AuthenticationFilter (AuthenticationFilter.java:constructSecretProvider(240)) - Unable to initialize FileSignerSecretProvider, falling back to use random secrets.
2019-10-14 19:23:59,053 [main] WARN  http.HttpRequestLog (HttpRequestLog.java:getRequestLog(97)) - Jetty request log can only be enabled using Log4j
2019-10-14 19:23:59,055 [main] INFO  http.HttpServer2 (HttpServer2.java:addGlobalFilter(975)) - Added global filter 'safety' (class=org.apache.hadoop.http.HttpServer2$QuotingInputFilter)
2019-10-14 19:23:59,056 [main] INFO  http.HttpServer2 (HttpServer2.java:addFilter(948)) - Added filter static_user_filter (class=org.apache.hadoop.http.lib.StaticUserWebFilter$StaticUserFilter) to context hddsDatanode
2019-10-14 19:23:59,056 [main] INFO  http.HttpServer2 (HttpServer2.java:addFilter(958)) - Added filter static_user_filter (class=org.apache.hadoop.http.lib.StaticUserWebFilter$StaticUserFilter) to context static
2019-10-14 19:23:59,057 [main] INFO  http.HttpServer2 (HttpServer2.java:addFilter(958)) - Added filter static_user_filter (class=org.apache.hadoop.http.lib.StaticUserWebFilter$StaticUserFilter) to context logs
2019-10-14 19:23:59,057 [main] INFO  http.HttpServer2 (HttpServer2.java:bindListener(1191)) - Jetty bound to port 46669
2019-10-14 19:23:59,057 [main] INFO  server.Server (Server.java:doStart(351)) - jetty-9.3.25.v20180904, build timestamp: 2018-09-04T21:11:46Z, git hash: 3ce520221d0240229c862b122d2b06c12a625732
2019-10-14 19:23:59,059 [main] INFO  handler.ContextHandler (ContextHandler.java:doStart(781)) - Started o.e.j.s.ServletContextHandler@6d33a66e{/logs,file:///workdir/hadoop-ozone/integration-test/target/log,AVAILABLE}
2019-10-14 19:23:59,060 [main] INFO  handler.ContextHandler (ContextHandler.java:doStart(781)) - Started o.e.j.s.ServletContextHandler@5b20706{/static,jar:file:/home/user/.m2/repository/org/apache/hadoop/hadoop-hdds-container-service/0.5.0-SNAPSHOT/hadoop-hdds-container-service-0.5.0-SNAPSHOT.jar!/webapps/static,AVAILABLE}
2019-10-14 19:23:59,091 [main] INFO  handler.ContextHandler (ContextHandler.java:doStart(781)) - Started o.e.j.w.WebAppContext@7f4701b1{/,file:///tmp/jetty-0.0.0.0-46669-hddsDatanode-_-any-8710998204542865629.dir/webapp/,AVAILABLE}{/hddsDatanode}
2019-10-14 19:23:59,091 [main] INFO  server.AbstractConnector (AbstractConnector.java:doStart(278)) - Started ServerConnector@adcfad9{HTTP/1.1,[http/1.1]}{0.0.0.0:46669}
2019-10-14 19:23:59,092 [main] INFO  server.Server (Server.java:doStart(419)) - Started @45633ms
2019-10-14 19:23:59,093 [main] WARN  impl.MetricsSystemImpl (MetricsSystemImpl.java:register(276)) - Sink prometheus already exists!
2019-10-14 19:23:59,094 [main] INFO  server.BaseHttpServer (BaseHttpServer.java:updateConnectorAddress(215)) - HTTP server of HDDSDATANODE is listening at http://0.0.0.0:46669
2019-10-14 19:23:59,095 [main] INFO  impl.MetricsSystemImpl (MetricsSystemImpl.java:init(158)) - HddsDatanode metrics system started (again)
2019-10-14 19:23:59,099 [main] INFO  ozone.HddsDatanodeService (HddsDatanodeService.java:start(184)) - HddsDatanodeService host:pr-hdds-1868-cfdmt-251076870 ip:192.168.164.219
2019-10-14 19:23:59,099 [org.apache.hadoop.util.JvmPauseMonitor$Monitor@3c22ffd0] INFO  util.JvmPauseMonitor (JvmPauseMonitor.java:run(188)) - Starting JVM pause monitor
2019-10-14 19:23:59,102 [Datanode State Machine Thread - 0] INFO  datanode.InitDatanodeState (InitDatanodeState.java:persistContainerDatanodeDetails(140)) - DatanodeDetails is persisted to /workdir/hadoop-ozone/integration-test/target/test-dir/MiniOzoneClusterImpl-d886f0db-47f2-4bc5-8f88-b8b0eb7c8529/datanode-0/meta/datanode.id
2019-10-14 19:23:59,106 [main] INFO  volume.HddsVolume (HddsVolume.java:<init>(176)) - Creating Volume: /workdir/hadoop-ozone/integration-test/target/test-dir/MiniOzoneClusterImpl-d886f0db-47f2-4bc5-8f88-b8b0eb7c8529/datanode-1/data/containers/hdds of  storage type : DISK and capacity : 1482555576320
2019-10-14 19:23:59,107 [main] INFO  volume.VolumeSet (VolumeSet.java:initializeVolumeSet(170)) - Added Volume : /workdir/hadoop-ozone/integration-test/target/test-dir/MiniOzoneClusterImpl-d886f0db-47f2-4bc5-8f88-b8b0eb7c8529/datanode-1/data/containers/hdds to VolumeSet
2019-10-14 19:23:59,107 [main] INFO  volume.ThrottledAsyncChecker (ThrottledAsyncChecker.java:schedule(141)) - Scheduling a check for org.apache.hadoop.ozone.container.common.volume.HddsVolume@7c663eaf
2019-10-14 19:23:59,108 [main] INFO  volume.HddsVolumeChecker (HddsVolumeChecker.java:checkAllVolumes(204)) - Scheduled health check for volume org.apache.hadoop.ozone.container.common.volume.HddsVolume@7c663eaf
2019-10-14 19:23:59,129 [main] INFO  impl.RaftServerProxy (ConfUtils.java:logGet(43)) - raft.rpc.type = GRPC (default)
2019-10-14 19:23:59,130 [main] INFO  grpc.GrpcFactory (GrpcFactory.java:checkPooledByteBufAllocatorUseCacheForAllThreads(45)) - PERFORMANCE WARNING: useCacheForAllThreads is true that may cause Netty to create a lot garbage objects and, as a result, trigger GC.
	It is recommended to disable useCacheForAllThreads by setting -Dorg.apache.ratis.thirdparty.io.netty.allocator.useCacheForAllThreads=false in command line.
2019-10-14 19:23:59,130 [main] INFO  grpc.GrpcConfigKeys$Server (ConfUtils.java:logGet(43)) - raft.grpc.server.port = 0 (default)
2019-10-14 19:23:59,130 [main] INFO  server.GrpcService (ConfUtils.java:logGet(43)) - raft.grpc.message.size.max = 33570816 (custom)
2019-10-14 19:23:59,131 [main] INFO  server.RaftServerConfigKeys (ConfUtils.java:logGet(43)) - raft.server.log.appender.buffer.byte-limit = 33554432 (custom)
2019-10-14 19:23:59,131 [main] INFO  server.GrpcService (ConfUtils.java:logGet(43)) - raft.grpc.flow.control.window = 1MB (=1048576) (default)
2019-10-14 19:23:59,131 [main] INFO  server.RaftServerConfigKeys (ConfUtils.java:logGet(43)) - raft.server.rpc.request.timeout = 3000ms (default)
2019-10-14 19:23:59,132 [main] INFO  server.RaftServerConfigKeys (ConfUtils.java:logGet(43)) - raft.server.storage.dir = [/workdir/hadoop-ozone/integration-test/target/test-dir/MiniOzoneClusterImpl-d886f0db-47f2-4bc5-8f88-b8b0eb7c8529/datanode-1/data/ratis] (custom)
2019-10-14 19:23:59,133 [main] INFO  hdfs.DFSUtil (DFSUtil.java:httpServerTemplateForNNAndJN(1641)) - Starting Web-server for hddsDatanode at: http://0.0.0.0:0
2019-10-14 19:23:59,135 [main] INFO  server.AuthenticationFilter (AuthenticationFilter.java:constructSecretProvider(240)) - Unable to initialize FileSignerSecretProvider, falling back to use random secrets.
2019-10-14 19:23:59,135 [main] WARN  http.HttpRequestLog (HttpRequestLog.java:getRequestLog(97)) - Jetty request log can only be enabled using Log4j
2019-10-14 19:23:59,136 [main] INFO  http.HttpServer2 (HttpServer2.java:addGlobalFilter(975)) - Added global filter 'safety' (class=org.apache.hadoop.http.HttpServer2$QuotingInputFilter)
2019-10-14 19:23:59,137 [main] INFO  http.HttpServer2 (HttpServer2.java:addFilter(948)) - Added filter static_user_filter (class=org.apache.hadoop.http.lib.StaticUserWebFilter$StaticUserFilter) to context hddsDatanode
2019-10-14 19:23:59,137 [main] INFO  http.HttpServer2 (HttpServer2.java:addFilter(958)) - Added filter static_user_filter (class=org.apache.hadoop.http.lib.StaticUserWebFilter$StaticUserFilter) to context logs
2019-10-14 19:23:59,137 [main] INFO  http.HttpServer2 (HttpServer2.java:addFilter(958)) - Added filter static_user_filter (class=org.apache.hadoop.http.lib.StaticUserWebFilter$StaticUserFilter) to context static
2019-10-14 19:23:59,138 [main] INFO  http.HttpServer2 (HttpServer2.java:bindListener(1191)) - Jetty bound to port 42011
2019-10-14 19:23:59,138 [main] INFO  server.Server (Server.java:doStart(351)) - jetty-9.3.25.v20180904, build timestamp: 2018-09-04T21:11:46Z, git hash: 3ce520221d0240229c862b122d2b06c12a625732
2019-10-14 19:23:59,140 [main] INFO  handler.ContextHandler (ContextHandler.java:doStart(781)) - Started o.e.j.s.ServletContextHandler@3127cb44{/logs,file:///workdir/hadoop-ozone/integration-test/target/log,AVAILABLE}
2019-10-14 19:23:59,140 [main] INFO  handler.ContextHandler (ContextHandler.java:doStart(781)) - Started o.e.j.s.ServletContextHandler@631cb129{/static,jar:file:/home/user/.m2/repository/org/apache/hadoop/hadoop-hdds-container-service/0.5.0-SNAPSHOT/hadoop-hdds-container-service-0.5.0-SNAPSHOT.jar!/webapps/static,AVAILABLE}
2019-10-14 19:23:59,173 [main] INFO  handler.ContextHandler (ContextHandler.java:doStart(781)) - Started o.e.j.w.WebAppContext@66cd621b{/,file:///tmp/jetty-0.0.0.0-42011-hddsDatanode-_-any-2548265269415278560.dir/webapp/,AVAILABLE}{/hddsDatanode}
2019-10-14 19:23:59,174 [main] INFO  server.AbstractConnector (AbstractConnector.java:doStart(278)) - Started ServerConnector@d3f4505{HTTP/1.1,[http/1.1]}{0.0.0.0:42011}
2019-10-14 19:23:59,176 [main] INFO  server.Server (Server.java:doStart(419)) - Started @45716ms
2019-10-14 19:23:59,176 [main] WARN  impl.MetricsSystemImpl (MetricsSystemImpl.java:register(276)) - Sink prometheus already exists!
2019-10-14 19:23:59,176 [main] INFO  server.BaseHttpServer (BaseHttpServer.java:updateConnectorAddress(215)) - HTTP server of HDDSDATANODE is listening at http://0.0.0.0:42011
2019-10-14 19:23:59,177 [main] INFO  impl.MetricsSystemImpl (MetricsSystemImpl.java:init(158)) - HddsDatanode metrics system started (again)
2019-10-14 19:23:59,182 [org.apache.hadoop.util.JvmPauseMonitor$Monitor@7f356f29] INFO  util.JvmPauseMonitor (JvmPauseMonitor.java:run(188)) - Starting JVM pause monitor
2019-10-14 19:23:59,182 [main] INFO  ozone.HddsDatanodeService (HddsDatanodeService.java:start(184)) - HddsDatanodeService host:pr-hdds-1868-cfdmt-251076870 ip:192.168.164.219
2019-10-14 19:23:59,184 [Datanode State Machine Thread - 0] INFO  datanode.InitDatanodeState (InitDatanodeState.java:persistContainerDatanodeDetails(140)) - DatanodeDetails is persisted to /workdir/hadoop-ozone/integration-test/target/test-dir/MiniOzoneClusterImpl-d886f0db-47f2-4bc5-8f88-b8b0eb7c8529/datanode-1/meta/datanode.id
2019-10-14 19:23:59,188 [main] INFO  volume.HddsVolume (HddsVolume.java:<init>(176)) - Creating Volume: /workdir/hadoop-ozone/integration-test/target/test-dir/MiniOzoneClusterImpl-d886f0db-47f2-4bc5-8f88-b8b0eb7c8529/datanode-2/data/containers/hdds of  storage type : DISK and capacity : 1482555576320
2019-10-14 19:23:59,188 [main] INFO  volume.VolumeSet (VolumeSet.java:initializeVolumeSet(170)) - Added Volume : /workdir/hadoop-ozone/integration-test/target/test-dir/MiniOzoneClusterImpl-d886f0db-47f2-4bc5-8f88-b8b0eb7c8529/datanode-2/data/containers/hdds to VolumeSet
2019-10-14 19:23:59,189 [main] INFO  volume.ThrottledAsyncChecker (ThrottledAsyncChecker.java:schedule(141)) - Scheduling a check for org.apache.hadoop.ozone.container.common.volume.HddsVolume@58b5a2f3
2019-10-14 19:23:59,189 [main] INFO  volume.HddsVolumeChecker (HddsVolumeChecker.java:checkAllVolumes(204)) - Scheduled health check for volume org.apache.hadoop.ozone.container.common.volume.HddsVolume@58b5a2f3
2019-10-14 19:23:59,202 [main] INFO  impl.RaftServerProxy (ConfUtils.java:logGet(43)) - raft.rpc.type = GRPC (default)
2019-10-14 19:23:59,202 [main] INFO  grpc.GrpcFactory (GrpcFactory.java:checkPooledByteBufAllocatorUseCacheForAllThreads(45)) - PERFORMANCE WARNING: useCacheForAllThreads is true that may cause Netty to create a lot garbage objects and, as a result, trigger GC.
	It is recommended to disable useCacheForAllThreads by setting -Dorg.apache.ratis.thirdparty.io.netty.allocator.useCacheForAllThreads=false in command line.
2019-10-14 19:23:59,202 [main] INFO  grpc.GrpcConfigKeys$Server (ConfUtils.java:logGet(43)) - raft.grpc.server.port = 0 (default)
2019-10-14 19:23:59,203 [main] INFO  server.GrpcService (ConfUtils.java:logGet(43)) - raft.grpc.message.size.max = 33570816 (custom)
2019-10-14 19:23:59,203 [main] INFO  server.RaftServerConfigKeys (ConfUtils.java:logGet(43)) - raft.server.log.appender.buffer.byte-limit = 33554432 (custom)
2019-10-14 19:23:59,203 [main] INFO  server.GrpcService (ConfUtils.java:logGet(43)) - raft.grpc.flow.control.window = 1MB (=1048576) (default)
2019-10-14 19:23:59,203 [main] INFO  server.RaftServerConfigKeys (ConfUtils.java:logGet(43)) - raft.server.rpc.request.timeout = 3000ms (default)
2019-10-14 19:23:59,204 [main] INFO  server.RaftServerConfigKeys (ConfUtils.java:logGet(43)) - raft.server.storage.dir = [/workdir/hadoop-ozone/integration-test/target/test-dir/MiniOzoneClusterImpl-d886f0db-47f2-4bc5-8f88-b8b0eb7c8529/datanode-2/data/ratis] (custom)
2019-10-14 19:23:59,205 [main] INFO  hdfs.DFSUtil (DFSUtil.java:httpServerTemplateForNNAndJN(1641)) - Starting Web-server for hddsDatanode at: http://0.0.0.0:0
2019-10-14 19:23:59,206 [main] INFO  server.AuthenticationFilter (AuthenticationFilter.java:constructSecretProvider(240)) - Unable to initialize FileSignerSecretProvider, falling back to use random secrets.
2019-10-14 19:23:59,207 [main] WARN  http.HttpRequestLog (HttpRequestLog.java:getRequestLog(97)) - Jetty request log can only be enabled using Log4j
2019-10-14 19:23:59,209 [main] INFO  http.HttpServer2 (HttpServer2.java:addGlobalFilter(975)) - Added global filter 'safety' (class=org.apache.hadoop.http.HttpServer2$QuotingInputFilter)
2019-10-14 19:23:59,210 [main] INFO  http.HttpServer2 (HttpServer2.java:addFilter(948)) - Added filter static_user_filter (class=org.apache.hadoop.http.lib.StaticUserWebFilter$StaticUserFilter) to context hddsDatanode
2019-10-14 19:23:59,211 [main] INFO  http.HttpServer2 (HttpServer2.java:addFilter(958)) - Added filter static_user_filter (class=org.apache.hadoop.http.lib.StaticUserWebFilter$StaticUserFilter) to context logs
2019-10-14 19:23:59,211 [main] INFO  http.HttpServer2 (HttpServer2.java:addFilter(958)) - Added filter static_user_filter (class=org.apache.hadoop.http.lib.StaticUserWebFilter$StaticUserFilter) to context static
2019-10-14 19:23:59,212 [main] INFO  http.HttpServer2 (HttpServer2.java:bindListener(1191)) - Jetty bound to port 41488
2019-10-14 19:23:59,212 [main] INFO  server.Server (Server.java:doStart(351)) - jetty-9.3.25.v20180904, build timestamp: 2018-09-04T21:11:46Z, git hash: 3ce520221d0240229c862b122d2b06c12a625732
2019-10-14 19:23:59,213 [main] INFO  handler.ContextHandler (ContextHandler.java:doStart(781)) - Started o.e.j.s.ServletContextHandler@20eaeaf8{/logs,file:///workdir/hadoop-ozone/integration-test/target/log,AVAILABLE}
2019-10-14 19:23:59,214 [main] INFO  handler.ContextHandler (ContextHandler.java:doStart(781)) - Started o.e.j.s.ServletContextHandler@68f6e55d{/static,jar:file:/home/user/.m2/repository/org/apache/hadoop/hadoop-hdds-container-service/0.5.0-SNAPSHOT/hadoop-hdds-container-service-0.5.0-SNAPSHOT.jar!/webapps/static,AVAILABLE}
2019-10-14 19:23:59,262 [main] INFO  handler.ContextHandler (ContextHandler.java:doStart(781)) - Started o.e.j.w.WebAppContext@b73433{/,file:///tmp/jetty-0.0.0.0-41488-hddsDatanode-_-any-1508789595233190220.dir/webapp/,AVAILABLE}{/hddsDatanode}
2019-10-14 19:23:59,263 [main] INFO  server.AbstractConnector (AbstractConnector.java:doStart(278)) - Started ServerConnector@1bf14704{HTTP/1.1,[http/1.1]}{0.0.0.0:41488}
2019-10-14 19:23:59,264 [main] INFO  server.Server (Server.java:doStart(419)) - Started @45804ms
2019-10-14 19:23:59,264 [main] WARN  impl.MetricsSystemImpl (MetricsSystemImpl.java:register(276)) - Sink prometheus already exists!
2019-10-14 19:23:59,265 [main] INFO  server.BaseHttpServer (BaseHttpServer.java:updateConnectorAddress(215)) - HTTP server of HDDSDATANODE is listening at http://0.0.0.0:41488
2019-10-14 19:23:59,265 [main] INFO  impl.MetricsSystemImpl (MetricsSystemImpl.java:init(158)) - HddsDatanode metrics system started (again)
2019-10-14 19:23:59,269 [org.apache.hadoop.util.JvmPauseMonitor$Monitor@497b48ce] INFO  util.JvmPauseMonitor (JvmPauseMonitor.java:run(188)) - Starting JVM pause monitor
2019-10-14 19:23:59,271 [main] INFO  ozone.HddsDatanodeService (HddsDatanodeService.java:start(184)) - HddsDatanodeService host:pr-hdds-1868-cfdmt-251076870 ip:192.168.164.219
2019-10-14 19:23:59,271 [Datanode State Machine Thread - 0] INFO  datanode.InitDatanodeState (InitDatanodeState.java:persistContainerDatanodeDetails(140)) - DatanodeDetails is persisted to /workdir/hadoop-ozone/integration-test/target/test-dir/MiniOzoneClusterImpl-d886f0db-47f2-4bc5-8f88-b8b0eb7c8529/datanode-2/meta/datanode.id
2019-10-14 19:23:59,277 [main] INFO  volume.HddsVolume (HddsVolume.java:<init>(176)) - Creating Volume: /workdir/hadoop-ozone/integration-test/target/test-dir/MiniOzoneClusterImpl-d886f0db-47f2-4bc5-8f88-b8b0eb7c8529/datanode-3/data/containers/hdds of  storage type : DISK and capacity : 1482555576320
2019-10-14 19:23:59,278 [main] INFO  volume.VolumeSet (VolumeSet.java:initializeVolumeSet(170)) - Added Volume : /workdir/hadoop-ozone/integration-test/target/test-dir/MiniOzoneClusterImpl-d886f0db-47f2-4bc5-8f88-b8b0eb7c8529/datanode-3/data/containers/hdds to VolumeSet
2019-10-14 19:23:59,278 [main] INFO  volume.ThrottledAsyncChecker (ThrottledAsyncChecker.java:schedule(141)) - Scheduling a check for org.apache.hadoop.ozone.container.common.volume.HddsVolume@67536ae0
2019-10-14 19:23:59,278 [main] INFO  volume.HddsVolumeChecker (HddsVolumeChecker.java:checkAllVolumes(204)) - Scheduled health check for volume org.apache.hadoop.ozone.container.common.volume.HddsVolume@67536ae0
2019-10-14 19:23:59,298 [main] INFO  impl.RaftServerProxy (ConfUtils.java:logGet(43)) - raft.rpc.type = GRPC (default)
2019-10-14 19:23:59,298 [main] INFO  grpc.GrpcFactory (GrpcFactory.java:checkPooledByteBufAllocatorUseCacheForAllThreads(45)) - PERFORMANCE WARNING: useCacheForAllThreads is true that may cause Netty to create a lot garbage objects and, as a result, trigger GC.
	It is recommended to disable useCacheForAllThreads by setting -Dorg.apache.ratis.thirdparty.io.netty.allocator.useCacheForAllThreads=false in command line.
2019-10-14 19:23:59,299 [main] INFO  grpc.GrpcConfigKeys$Server (ConfUtils.java:logGet(43)) - raft.grpc.server.port = 0 (default)
2019-10-14 19:23:59,299 [main] INFO  server.GrpcService (ConfUtils.java:logGet(43)) - raft.grpc.message.size.max = 33570816 (custom)
2019-10-14 19:23:59,299 [main] INFO  server.RaftServerConfigKeys (ConfUtils.java:logGet(43)) - raft.server.log.appender.buffer.byte-limit = 33554432 (custom)
2019-10-14 19:23:59,299 [main] INFO  server.GrpcService (ConfUtils.java:logGet(43)) - raft.grpc.flow.control.window = 1MB (=1048576) (default)
2019-10-14 19:23:59,300 [main] INFO  server.RaftServerConfigKeys (ConfUtils.java:logGet(43)) - raft.server.rpc.request.timeout = 3000ms (default)
2019-10-14 19:23:59,300 [main] INFO  server.RaftServerConfigKeys (ConfUtils.java:logGet(43)) - raft.server.storage.dir = [/workdir/hadoop-ozone/integration-test/target/test-dir/MiniOzoneClusterImpl-d886f0db-47f2-4bc5-8f88-b8b0eb7c8529/datanode-3/data/ratis] (custom)
2019-10-14 19:23:59,302 [main] INFO  hdfs.DFSUtil (DFSUtil.java:httpServerTemplateForNNAndJN(1641)) - Starting Web-server for hddsDatanode at: http://0.0.0.0:0
2019-10-14 19:23:59,304 [main] INFO  server.AuthenticationFilter (AuthenticationFilter.java:constructSecretProvider(240)) - Unable to initialize FileSignerSecretProvider, falling back to use random secrets.
2019-10-14 19:23:59,305 [main] WARN  http.HttpRequestLog (HttpRequestLog.java:getRequestLog(97)) - Jetty request log can only be enabled using Log4j
2019-10-14 19:23:59,307 [main] INFO  http.HttpServer2 (HttpServer2.java:addGlobalFilter(975)) - Added global filter 'safety' (class=org.apache.hadoop.http.HttpServer2$QuotingInputFilter)
2019-10-14 19:23:59,308 [main] INFO  http.HttpServer2 (HttpServer2.java:addFilter(948)) - Added filter static_user_filter (class=org.apache.hadoop.http.lib.StaticUserWebFilter$StaticUserFilter) to context hddsDatanode
2019-10-14 19:23:59,308 [main] INFO  http.HttpServer2 (HttpServer2.java:addFilter(958)) - Added filter static_user_filter (class=org.apache.hadoop.http.lib.StaticUserWebFilter$StaticUserFilter) to context static
2019-10-14 19:23:59,308 [main] INFO  http.HttpServer2 (HttpServer2.java:addFilter(958)) - Added filter static_user_filter (class=org.apache.hadoop.http.lib.StaticUserWebFilter$StaticUserFilter) to context logs
2019-10-14 19:23:59,309 [main] INFO  http.HttpServer2 (HttpServer2.java:bindListener(1191)) - Jetty bound to port 33288
2019-10-14 19:23:59,310 [main] INFO  server.Server (Server.java:doStart(351)) - jetty-9.3.25.v20180904, build timestamp: 2018-09-04T21:11:46Z, git hash: 3ce520221d0240229c862b122d2b06c12a625732
2019-10-14 19:23:59,313 [main] INFO  handler.ContextHandler (ContextHandler.java:doStart(781)) - Started o.e.j.s.ServletContextHandler@6ff0b1cc{/logs,file:///workdir/hadoop-ozone/integration-test/target/log,AVAILABLE}
2019-10-14 19:23:59,314 [main] INFO  handler.ContextHandler (ContextHandler.java:doStart(781)) - Started o.e.j.s.ServletContextHandler@f3560d4{/static,jar:file:/home/user/.m2/repository/org/apache/hadoop/hadoop-hdds-container-service/0.5.0-SNAPSHOT/hadoop-hdds-container-service-0.5.0-SNAPSHOT.jar!/webapps/static,AVAILABLE}
2019-10-14 19:23:59,348 [main] INFO  handler.ContextHandler (ContextHandler.java:doStart(781)) - Started o.e.j.w.WebAppContext@3a7e365{/,file:///tmp/jetty-0.0.0.0-33288-hddsDatanode-_-any-7933437470479931453.dir/webapp/,AVAILABLE}{/hddsDatanode}
2019-10-14 19:23:59,348 [main] INFO  server.AbstractConnector (AbstractConnector.java:doStart(278)) - Started ServerConnector@2ceee4b6{HTTP/1.1,[http/1.1]}{0.0.0.0:33288}
2019-10-14 19:23:59,350 [main] INFO  server.Server (Server.java:doStart(419)) - Started @45891ms
2019-10-14 19:23:59,350 [main] WARN  impl.MetricsSystemImpl (MetricsSystemImpl.java:register(276)) - Sink prometheus already exists!
2019-10-14 19:23:59,351 [main] INFO  server.BaseHttpServer (BaseHttpServer.java:updateConnectorAddress(215)) - HTTP server of HDDSDATANODE is listening at http://0.0.0.0:33288
2019-10-14 19:23:59,352 [main] INFO  impl.MetricsSystemImpl (MetricsSystemImpl.java:init(158)) - HddsDatanode metrics system started (again)
2019-10-14 19:23:59,355 [org.apache.hadoop.util.JvmPauseMonitor$Monitor@46ecf3fc] INFO  util.JvmPauseMonitor (JvmPauseMonitor.java:run(188)) - Starting JVM pause monitor
2019-10-14 19:23:59,356 [Datanode State Machine Thread - 0] INFO  datanode.InitDatanodeState (InitDatanodeState.java:persistContainerDatanodeDetails(140)) - DatanodeDetails is persisted to /workdir/hadoop-ozone/integration-test/target/test-dir/MiniOzoneClusterImpl-d886f0db-47f2-4bc5-8f88-b8b0eb7c8529/datanode-3/meta/datanode.id
2019-10-14 19:23:59,360 [main] INFO  ozone.HddsDatanodeService (HddsDatanodeService.java:start(184)) - HddsDatanodeService host:pr-hdds-1868-cfdmt-251076870 ip:192.168.164.219
2019-10-14 19:23:59,368 [main] INFO  volume.HddsVolume (HddsVolume.java:<init>(176)) - Creating Volume: /workdir/hadoop-ozone/integration-test/target/test-dir/MiniOzoneClusterImpl-d886f0db-47f2-4bc5-8f88-b8b0eb7c8529/datanode-4/data/containers/hdds of  storage type : DISK and capacity : 1482555576320
2019-10-14 19:23:59,369 [main] INFO  volume.VolumeSet (VolumeSet.java:initializeVolumeSet(170)) - Added Volume : /workdir/hadoop-ozone/integration-test/target/test-dir/MiniOzoneClusterImpl-d886f0db-47f2-4bc5-8f88-b8b0eb7c8529/datanode-4/data/containers/hdds to VolumeSet
2019-10-14 19:23:59,369 [main] INFO  volume.ThrottledAsyncChecker (ThrottledAsyncChecker.java:schedule(141)) - Scheduling a check for org.apache.hadoop.ozone.container.common.volume.HddsVolume@50eb4a2c
2019-10-14 19:23:59,371 [main] INFO  volume.HddsVolumeChecker (HddsVolumeChecker.java:checkAllVolumes(204)) - Scheduled health check for volume org.apache.hadoop.ozone.container.common.volume.HddsVolume@50eb4a2c
2019-10-14 19:23:59,389 [main] INFO  impl.RaftServerProxy (ConfUtils.java:logGet(43)) - raft.rpc.type = GRPC (default)
2019-10-14 19:23:59,389 [main] INFO  grpc.GrpcFactory (GrpcFactory.java:checkPooledByteBufAllocatorUseCacheForAllThreads(45)) - PERFORMANCE WARNING: useCacheForAllThreads is true that may cause Netty to create a lot garbage objects and, as a result, trigger GC.
	It is recommended to disable useCacheForAllThreads by setting -Dorg.apache.ratis.thirdparty.io.netty.allocator.useCacheForAllThreads=false in command line.
2019-10-14 19:23:59,389 [main] INFO  grpc.GrpcConfigKeys$Server (ConfUtils.java:logGet(43)) - raft.grpc.server.port = 0 (default)
2019-10-14 19:23:59,389 [main] INFO  server.GrpcService (ConfUtils.java:logGet(43)) - raft.grpc.message.size.max = 33570816 (custom)
2019-10-14 19:23:59,389 [main] INFO  server.RaftServerConfigKeys (ConfUtils.java:logGet(43)) - raft.server.log.appender.buffer.byte-limit = 33554432 (custom)
2019-10-14 19:23:59,390 [main] INFO  server.GrpcService (ConfUtils.java:logGet(43)) - raft.grpc.flow.control.window = 1MB (=1048576) (default)
2019-10-14 19:23:59,390 [main] INFO  server.RaftServerConfigKeys (ConfUtils.java:logGet(43)) - raft.server.rpc.request.timeout = 3000ms (default)
2019-10-14 19:23:59,390 [main] INFO  server.RaftServerConfigKeys (ConfUtils.java:logGet(43)) - raft.server.storage.dir = [/workdir/hadoop-ozone/integration-test/target/test-dir/MiniOzoneClusterImpl-d886f0db-47f2-4bc5-8f88-b8b0eb7c8529/datanode-4/data/ratis] (custom)
2019-10-14 19:23:59,392 [main] INFO  hdfs.DFSUtil (DFSUtil.java:httpServerTemplateForNNAndJN(1641)) - Starting Web-server for hddsDatanode at: http://0.0.0.0:0
2019-10-14 19:23:59,393 [main] INFO  server.AuthenticationFilter (AuthenticationFilter.java:constructSecretProvider(240)) - Unable to initialize FileSignerSecretProvider, falling back to use random secrets.
2019-10-14 19:23:59,394 [main] WARN  http.HttpRequestLog (HttpRequestLog.java:getRequestLog(97)) - Jetty request log can only be enabled using Log4j
2019-10-14 19:23:59,395 [main] INFO  http.HttpServer2 (HttpServer2.java:addGlobalFilter(975)) - Added global filter 'safety' (class=org.apache.hadoop.http.HttpServer2$QuotingInputFilter)
2019-10-14 19:23:59,396 [main] INFO  http.HttpServer2 (HttpServer2.java:addFilter(948)) - Added filter static_user_filter (class=org.apache.hadoop.http.lib.StaticUserWebFilter$StaticUserFilter) to context hddsDatanode
2019-10-14 19:23:59,396 [main] INFO  http.HttpServer2 (HttpServer2.java:addFilter(958)) - Added filter static_user_filter (class=org.apache.hadoop.http.lib.StaticUserWebFilter$StaticUserFilter) to context static
2019-10-14 19:23:59,396 [main] INFO  http.HttpServer2 (HttpServer2.java:addFilter(958)) - Added filter static_user_filter (class=org.apache.hadoop.http.lib.StaticUserWebFilter$StaticUserFilter) to context logs
2019-10-14 19:23:59,397 [main] INFO  http.HttpServer2 (HttpServer2.java:bindListener(1191)) - Jetty bound to port 32987
2019-10-14 19:23:59,397 [main] INFO  server.Server (Server.java:doStart(351)) - jetty-9.3.25.v20180904, build timestamp: 2018-09-04T21:11:46Z, git hash: 3ce520221d0240229c862b122d2b06c12a625732
2019-10-14 19:23:59,399 [main] INFO  handler.ContextHandler (ContextHandler.java:doStart(781)) - Started o.e.j.s.ServletContextHandler@152c4495{/logs,file:///workdir/hadoop-ozone/integration-test/target/log,AVAILABLE}
2019-10-14 19:23:59,399 [main] INFO  handler.ContextHandler (ContextHandler.java:doStart(781)) - Started o.e.j.s.ServletContextHandler@7dcb42a9{/static,jar:file:/home/user/.m2/repository/org/apache/hadoop/hadoop-hdds-container-service/0.5.0-SNAPSHOT/hadoop-hdds-container-service-0.5.0-SNAPSHOT.jar!/webapps/static,AVAILABLE}
2019-10-14 19:23:59,428 [main] INFO  handler.ContextHandler (ContextHandler.java:doStart(781)) - Started o.e.j.w.WebAppContext@7e4579c7{/,file:///tmp/jetty-0.0.0.0-32987-hddsDatanode-_-any-1674879454717971573.dir/webapp/,AVAILABLE}{/hddsDatanode}
2019-10-14 19:23:59,429 [main] INFO  server.AbstractConnector (AbstractConnector.java:doStart(278)) - Started ServerConnector@796f632b{HTTP/1.1,[http/1.1]}{0.0.0.0:32987}
2019-10-14 19:23:59,430 [main] INFO  server.Server (Server.java:doStart(419)) - Started @45971ms
2019-10-14 19:23:59,430 [main] WARN  impl.MetricsSystemImpl (MetricsSystemImpl.java:register(276)) - Sink prometheus already exists!
2019-10-14 19:23:59,431 [main] INFO  server.BaseHttpServer (BaseHttpServer.java:updateConnectorAddress(215)) - HTTP server of HDDSDATANODE is listening at http://0.0.0.0:32987
2019-10-14 19:23:59,431 [main] INFO  impl.MetricsSystemImpl (MetricsSystemImpl.java:init(158)) - HddsDatanode metrics system started (again)
2019-10-14 19:23:59,437 [org.apache.hadoop.util.JvmPauseMonitor$Monitor@3e9ffc84] INFO  util.JvmPauseMonitor (JvmPauseMonitor.java:run(188)) - Starting JVM pause monitor
2019-10-14 19:23:59,438 [main] INFO  ozone.HddsDatanodeService (HddsDatanodeService.java:start(184)) - HddsDatanodeService host:pr-hdds-1868-cfdmt-251076870 ip:192.168.164.219
2019-10-14 19:23:59,439 [Datanode State Machine Thread - 0] INFO  datanode.InitDatanodeState (InitDatanodeState.java:persistContainerDatanodeDetails(140)) - DatanodeDetails is persisted to /workdir/hadoop-ozone/integration-test/target/test-dir/MiniOzoneClusterImpl-d886f0db-47f2-4bc5-8f88-b8b0eb7c8529/datanode-4/meta/datanode.id
2019-10-14 19:23:59,444 [main] INFO  volume.HddsVolume (HddsVolume.java:<init>(176)) - Creating Volume: /workdir/hadoop-ozone/integration-test/target/test-dir/MiniOzoneClusterImpl-d886f0db-47f2-4bc5-8f88-b8b0eb7c8529/datanode-5/data/containers/hdds of  storage type : DISK and capacity : 1482555576320
2019-10-14 19:23:59,445 [main] INFO  volume.VolumeSet (VolumeSet.java:initializeVolumeSet(170)) - Added Volume : /workdir/hadoop-ozone/integration-test/target/test-dir/MiniOzoneClusterImpl-d886f0db-47f2-4bc5-8f88-b8b0eb7c8529/datanode-5/data/containers/hdds to VolumeSet
2019-10-14 19:23:59,445 [main] INFO  volume.ThrottledAsyncChecker (ThrottledAsyncChecker.java:schedule(141)) - Scheduling a check for org.apache.hadoop.ozone.container.common.volume.HddsVolume@5d0b0cb9
2019-10-14 19:23:59,446 [main] INFO  volume.HddsVolumeChecker (HddsVolumeChecker.java:checkAllVolumes(204)) - Scheduled health check for volume org.apache.hadoop.ozone.container.common.volume.HddsVolume@5d0b0cb9
2019-10-14 19:23:59,463 [main] INFO  impl.RaftServerProxy (ConfUtils.java:logGet(43)) - raft.rpc.type = GRPC (default)
2019-10-14 19:23:59,463 [main] INFO  grpc.GrpcFactory (GrpcFactory.java:checkPooledByteBufAllocatorUseCacheForAllThreads(45)) - PERFORMANCE WARNING: useCacheForAllThreads is true that may cause Netty to create a lot garbage objects and, as a result, trigger GC.
	It is recommended to disable useCacheForAllThreads by setting -Dorg.apache.ratis.thirdparty.io.netty.allocator.useCacheForAllThreads=false in command line.
2019-10-14 19:23:59,464 [main] INFO  grpc.GrpcConfigKeys$Server (ConfUtils.java:logGet(43)) - raft.grpc.server.port = 0 (default)
2019-10-14 19:23:59,464 [main] INFO  server.GrpcService (ConfUtils.java:logGet(43)) - raft.grpc.message.size.max = 33570816 (custom)
2019-10-14 19:23:59,464 [main] INFO  server.RaftServerConfigKeys (ConfUtils.java:logGet(43)) - raft.server.log.appender.buffer.byte-limit = 33554432 (custom)
2019-10-14 19:23:59,464 [main] INFO  server.GrpcService (ConfUtils.java:logGet(43)) - raft.grpc.flow.control.window = 1MB (=1048576) (default)
2019-10-14 19:23:59,465 [main] INFO  server.RaftServerConfigKeys (ConfUtils.java:logGet(43)) - raft.server.rpc.request.timeout = 3000ms (default)
2019-10-14 19:23:59,465 [main] INFO  server.RaftServerConfigKeys (ConfUtils.java:logGet(43)) - raft.server.storage.dir = [/workdir/hadoop-ozone/integration-test/target/test-dir/MiniOzoneClusterImpl-d886f0db-47f2-4bc5-8f88-b8b0eb7c8529/datanode-5/data/ratis] (custom)
2019-10-14 19:23:59,467 [main] INFO  hdfs.DFSUtil (DFSUtil.java:httpServerTemplateForNNAndJN(1641)) - Starting Web-server for hddsDatanode at: http://0.0.0.0:0
2019-10-14 19:23:59,468 [main] INFO  server.AuthenticationFilter (AuthenticationFilter.java:constructSecretProvider(240)) - Unable to initialize FileSignerSecretProvider, falling back to use random secrets.
2019-10-14 19:23:59,469 [main] WARN  http.HttpRequestLog (HttpRequestLog.java:getRequestLog(97)) - Jetty request log can only be enabled using Log4j
2019-10-14 19:23:59,472 [main] INFO  http.HttpServer2 (HttpServer2.java:addGlobalFilter(975)) - Added global filter 'safety' (class=org.apache.hadoop.http.HttpServer2$QuotingInputFilter)
2019-10-14 19:23:59,472 [main] INFO  http.HttpServer2 (HttpServer2.java:addFilter(948)) - Added filter static_user_filter (class=org.apache.hadoop.http.lib.StaticUserWebFilter$StaticUserFilter) to context hddsDatanode
2019-10-14 19:23:59,473 [main] INFO  http.HttpServer2 (HttpServer2.java:addFilter(958)) - Added filter static_user_filter (class=org.apache.hadoop.http.lib.StaticUserWebFilter$StaticUserFilter) to context static
2019-10-14 19:23:59,473 [main] INFO  http.HttpServer2 (HttpServer2.java:addFilter(958)) - Added filter static_user_filter (class=org.apache.hadoop.http.lib.StaticUserWebFilter$StaticUserFilter) to context logs
2019-10-14 19:23:59,474 [main] INFO  http.HttpServer2 (HttpServer2.java:bindListener(1191)) - Jetty bound to port 43476
2019-10-14 19:23:59,474 [main] INFO  server.Server (Server.java:doStart(351)) - jetty-9.3.25.v20180904, build timestamp: 2018-09-04T21:11:46Z, git hash: 3ce520221d0240229c862b122d2b06c12a625732
2019-10-14 19:23:59,476 [main] INFO  handler.ContextHandler (ContextHandler.java:doStart(781)) - Started o.e.j.s.ServletContextHandler@3ddb774f{/logs,file:///workdir/hadoop-ozone/integration-test/target/log,AVAILABLE}
2019-10-14 19:23:59,477 [main] INFO  handler.ContextHandler (ContextHandler.java:doStart(781)) - Started o.e.j.s.ServletContextHandler@70721c12{/static,jar:file:/home/user/.m2/repository/org/apache/hadoop/hadoop-hdds-container-service/0.5.0-SNAPSHOT/hadoop-hdds-container-service-0.5.0-SNAPSHOT.jar!/webapps/static,AVAILABLE}
2019-10-14 19:23:59,516 [main] INFO  handler.ContextHandler (ContextHandler.java:doStart(781)) - Started o.e.j.w.WebAppContext@71cea1b8{/,file:///tmp/jetty-0.0.0.0-43476-hddsDatanode-_-any-5315653189906741057.dir/webapp/,AVAILABLE}{/hddsDatanode}
2019-10-14 19:23:59,517 [main] INFO  server.AbstractConnector (AbstractConnector.java:doStart(278)) - Started ServerConnector@659f226a{HTTP/1.1,[http/1.1]}{0.0.0.0:43476}
2019-10-14 19:23:59,518 [main] INFO  server.Server (Server.java:doStart(419)) - Started @46059ms
2019-10-14 19:23:59,518 [main] WARN  impl.MetricsSystemImpl (MetricsSystemImpl.java:register(276)) - Sink prometheus already exists!
2019-10-14 19:23:59,519 [main] INFO  server.BaseHttpServer (BaseHttpServer.java:updateConnectorAddress(215)) - HTTP server of HDDSDATANODE is listening at http://0.0.0.0:43476
2019-10-14 19:23:59,520 [main] INFO  impl.MetricsSystemImpl (MetricsSystemImpl.java:init(158)) - HddsDatanode metrics system started (again)
2019-10-14 19:23:59,526 [org.apache.hadoop.util.JvmPauseMonitor$Monitor@5831db1d] INFO  util.JvmPauseMonitor (JvmPauseMonitor.java:run(188)) - Starting JVM pause monitor
2019-10-14 19:23:59,527 [main] INFO  ozone.HddsDatanodeService (HddsDatanodeService.java:start(184)) - HddsDatanodeService host:pr-hdds-1868-cfdmt-251076870 ip:192.168.164.219
2019-10-14 19:23:59,528 [Datanode State Machine Thread - 0] INFO  datanode.InitDatanodeState (InitDatanodeState.java:persistContainerDatanodeDetails(140)) - DatanodeDetails is persisted to /workdir/hadoop-ozone/integration-test/target/test-dir/MiniOzoneClusterImpl-d886f0db-47f2-4bc5-8f88-b8b0eb7c8529/datanode-5/meta/datanode.id
2019-10-14 19:23:59,533 [main] INFO  volume.HddsVolume (HddsVolume.java:<init>(176)) - Creating Volume: /workdir/hadoop-ozone/integration-test/target/test-dir/MiniOzoneClusterImpl-d886f0db-47f2-4bc5-8f88-b8b0eb7c8529/datanode-6/data/containers/hdds of  storage type : DISK and capacity : 1482555576320
2019-10-14 19:23:59,534 [main] INFO  volume.VolumeSet (VolumeSet.java:initializeVolumeSet(170)) - Added Volume : /workdir/hadoop-ozone/integration-test/target/test-dir/MiniOzoneClusterImpl-d886f0db-47f2-4bc5-8f88-b8b0eb7c8529/datanode-6/data/containers/hdds to VolumeSet
2019-10-14 19:23:59,534 [main] INFO  volume.ThrottledAsyncChecker (ThrottledAsyncChecker.java:schedule(141)) - Scheduling a check for org.apache.hadoop.ozone.container.common.volume.HddsVolume@1a07bf6
2019-10-14 19:23:59,534 [main] INFO  volume.HddsVolumeChecker (HddsVolumeChecker.java:checkAllVolumes(204)) - Scheduled health check for volume org.apache.hadoop.ozone.container.common.volume.HddsVolume@1a07bf6
2019-10-14 19:23:59,549 [main] INFO  impl.RaftServerProxy (ConfUtils.java:logGet(43)) - raft.rpc.type = GRPC (default)
2019-10-14 19:23:59,550 [main] INFO  grpc.GrpcFactory (GrpcFactory.java:checkPooledByteBufAllocatorUseCacheForAllThreads(45)) - PERFORMANCE WARNING: useCacheForAllThreads is true that may cause Netty to create a lot garbage objects and, as a result, trigger GC.
	It is recommended to disable useCacheForAllThreads by setting -Dorg.apache.ratis.thirdparty.io.netty.allocator.useCacheForAllThreads=false in command line.
2019-10-14 19:23:59,550 [main] INFO  grpc.GrpcConfigKeys$Server (ConfUtils.java:logGet(43)) - raft.grpc.server.port = 0 (default)
2019-10-14 19:23:59,550 [main] INFO  server.GrpcService (ConfUtils.java:logGet(43)) - raft.grpc.message.size.max = 33570816 (custom)
2019-10-14 19:23:59,550 [main] INFO  server.RaftServerConfigKeys (ConfUtils.java:logGet(43)) - raft.server.log.appender.buffer.byte-limit = 33554432 (custom)
2019-10-14 19:23:59,551 [main] INFO  server.GrpcService (ConfUtils.java:logGet(43)) - raft.grpc.flow.control.window = 1MB (=1048576) (default)
2019-10-14 19:23:59,551 [main] INFO  server.RaftServerConfigKeys (ConfUtils.java:logGet(43)) - raft.server.rpc.request.timeout = 3000ms (default)
2019-10-14 19:23:59,551 [main] INFO  server.RaftServerConfigKeys (ConfUtils.java:logGet(43)) - raft.server.storage.dir = [/workdir/hadoop-ozone/integration-test/target/test-dir/MiniOzoneClusterImpl-d886f0db-47f2-4bc5-8f88-b8b0eb7c8529/datanode-6/data/ratis] (custom)
2019-10-14 19:23:59,553 [main] INFO  hdfs.DFSUtil (DFSUtil.java:httpServerTemplateForNNAndJN(1641)) - Starting Web-server for hddsDatanode at: http://0.0.0.0:0
2019-10-14 19:23:59,554 [main] INFO  server.AuthenticationFilter (AuthenticationFilter.java:constructSecretProvider(240)) - Unable to initialize FileSignerSecretProvider, falling back to use random secrets.
2019-10-14 19:23:59,554 [main] WARN  http.HttpRequestLog (HttpRequestLog.java:getRequestLog(97)) - Jetty request log can only be enabled using Log4j
2019-10-14 19:23:59,556 [main] INFO  http.HttpServer2 (HttpServer2.java:addGlobalFilter(975)) - Added global filter 'safety' (class=org.apache.hadoop.http.HttpServer2$QuotingInputFilter)
2019-10-14 19:23:59,556 [main] INFO  http.HttpServer2 (HttpServer2.java:addFilter(948)) - Added filter static_user_filter (class=org.apache.hadoop.http.lib.StaticUserWebFilter$StaticUserFilter) to context hddsDatanode
2019-10-14 19:23:59,556 [main] INFO  http.HttpServer2 (HttpServer2.java:addFilter(958)) - Added filter static_user_filter (class=org.apache.hadoop.http.lib.StaticUserWebFilter$StaticUserFilter) to context logs
2019-10-14 19:23:59,557 [main] INFO  http.HttpServer2 (HttpServer2.java:addFilter(958)) - Added filter static_user_filter (class=org.apache.hadoop.http.lib.StaticUserWebFilter$StaticUserFilter) to context static
2019-10-14 19:23:59,557 [main] INFO  http.HttpServer2 (HttpServer2.java:bindListener(1191)) - Jetty bound to port 44627
2019-10-14 19:23:59,558 [main] INFO  server.Server (Server.java:doStart(351)) - jetty-9.3.25.v20180904, build timestamp: 2018-09-04T21:11:46Z, git hash: 3ce520221d0240229c862b122d2b06c12a625732
2019-10-14 19:23:59,560 [main] INFO  handler.ContextHandler (ContextHandler.java:doStart(781)) - Started o.e.j.s.ServletContextHandler@29be997f{/logs,file:///workdir/hadoop-ozone/integration-test/target/log,AVAILABLE}
2019-10-14 19:23:59,560 [main] INFO  handler.ContextHandler (ContextHandler.java:doStart(781)) - Started o.e.j.s.ServletContextHandler@f8a6243{/static,jar:file:/home/user/.m2/repository/org/apache/hadoop/hadoop-hdds-container-service/0.5.0-SNAPSHOT/hadoop-hdds-container-service-0.5.0-SNAPSHOT.jar!/webapps/static,AVAILABLE}
2019-10-14 19:23:59,603 [main] INFO  handler.ContextHandler (ContextHandler.java:doStart(781)) - Started o.e.j.w.WebAppContext@66813e6e{/,file:///tmp/jetty-0.0.0.0-44627-hddsDatanode-_-any-2929641209435734521.dir/webapp/,AVAILABLE}{/hddsDatanode}
2019-10-14 19:23:59,605 [main] INFO  server.AbstractConnector (AbstractConnector.java:doStart(278)) - Started ServerConnector@dab1f89{HTTP/1.1,[http/1.1]}{0.0.0.0:44627}
2019-10-14 19:23:59,605 [main] INFO  server.Server (Server.java:doStart(419)) - Started @46146ms
2019-10-14 19:23:59,605 [main] WARN  impl.MetricsSystemImpl (MetricsSystemImpl.java:register(276)) - Sink prometheus already exists!
2019-10-14 19:23:59,606 [main] INFO  server.BaseHttpServer (BaseHttpServer.java:updateConnectorAddress(215)) - HTTP server of HDDSDATANODE is listening at http://0.0.0.0:44627
2019-10-14 19:23:59,607 [main] INFO  ozone.MiniOzoneClusterImpl (MiniOzoneClusterImpl.java:lambda$waitForClusterToBeReady$2(172)) - Waiting for cluster to be ready. Got 0 of 7 DN Heartbeats.
2019-10-14 19:23:59,611 [org.apache.hadoop.util.JvmPauseMonitor$Monitor@43acc43b] INFO  util.JvmPauseMonitor (JvmPauseMonitor.java:run(188)) - Starting JVM pause monitor
2019-10-14 19:23:59,613 [Datanode State Machine Thread - 0] INFO  datanode.InitDatanodeState (InitDatanodeState.java:persistContainerDatanodeDetails(140)) - DatanodeDetails is persisted to /workdir/hadoop-ozone/integration-test/target/test-dir/MiniOzoneClusterImpl-d886f0db-47f2-4bc5-8f88-b8b0eb7c8529/datanode-6/meta/datanode.id
2019-10-14 19:24:00,607 [main] INFO  ozone.MiniOzoneClusterImpl (MiniOzoneClusterImpl.java:lambda$waitForClusterToBeReady$2(172)) - Waiting for cluster to be ready. Got 0 of 7 DN Heartbeats.
2019-10-14 19:24:01,137 [Datanode State Machine Thread - 0] INFO  ozoneimpl.OzoneContainer (OzoneContainer.java:start(213)) - Attempting to start container services.
2019-10-14 19:24:01,141 [Datanode State Machine Thread - 0] INFO  ozoneimpl.OzoneContainer (OzoneContainer.java:startContainerScrub(177)) - Background container scanner has been disabled.
2019-10-14 19:24:01,141 [Datanode State Machine Thread - 0] INFO  ratis.XceiverServerRatis (XceiverServerRatis.java:start(425)) - Starting XceiverServerRatis 3b3be084-020b-43b6-aab5-07dc78b653c2 at port 0
2019-10-14 19:24:01,147 [Datanode State Machine Thread - 0] INFO  impl.RaftServerProxy (RaftServerProxy.java:lambda$start$3(299)) - 3b3be084-020b-43b6-aab5-07dc78b653c2: start RPC server
2019-10-14 19:24:01,149 [Datanode State Machine Thread - 0] INFO  server.GrpcService (GrpcService.java:startImpl(158)) - 3b3be084-020b-43b6-aab5-07dc78b653c2: GrpcService started, listening on 0.0.0.0/0.0.0.0:45202
2019-10-14 19:24:01,149 [Datanode State Machine Thread - 0] INFO  ratis.XceiverServerRatis (XceiverServerRatis.java:start(435)) - XceiverServerRatis 3b3be084-020b-43b6-aab5-07dc78b653c2 is started using port 45202
2019-10-14 19:24:01,150 [Datanode State Machine Thread - 0] INFO  server.XceiverServerGrpc (XceiverServerGrpc.java:start(149)) - XceiverServerGrpc 3b3be084-020b-43b6-aab5-07dc78b653c2 is started using port 35713
2019-10-14 19:24:01,206 [Datanode State Machine Thread - 0] INFO  ozoneimpl.OzoneContainer (OzoneContainer.java:start(213)) - Attempting to start container services.
2019-10-14 19:24:01,212 [Datanode State Machine Thread - 0] INFO  ozoneimpl.OzoneContainer (OzoneContainer.java:startContainerScrub(177)) - Background container scanner has been disabled.
2019-10-14 19:24:01,212 [Datanode State Machine Thread - 0] INFO  ratis.XceiverServerRatis (XceiverServerRatis.java:start(425)) - Starting XceiverServerRatis 3fb132f9-3c35-4373-99da-83b8979a28e0 at port 0
2019-10-14 19:24:01,218 [Datanode State Machine Thread - 0] INFO  impl.RaftServerProxy (RaftServerProxy.java:lambda$start$3(299)) - 3fb132f9-3c35-4373-99da-83b8979a28e0: start RPC server
2019-10-14 19:24:01,220 [Datanode State Machine Thread - 0] INFO  server.GrpcService (GrpcService.java:startImpl(158)) - 3fb132f9-3c35-4373-99da-83b8979a28e0: GrpcService started, listening on 0.0.0.0/0.0.0.0:45592
2019-10-14 19:24:01,220 [Datanode State Machine Thread - 0] INFO  ratis.XceiverServerRatis (XceiverServerRatis.java:start(435)) - XceiverServerRatis 3fb132f9-3c35-4373-99da-83b8979a28e0 is started using port 45592
2019-10-14 19:24:01,221 [Datanode State Machine Thread - 0] INFO  server.XceiverServerGrpc (XceiverServerGrpc.java:start(149)) - XceiverServerGrpc 3fb132f9-3c35-4373-99da-83b8979a28e0 is started using port 35045
2019-10-14 19:24:01,296 [Datanode State Machine Thread - 0] INFO  ozoneimpl.OzoneContainer (OzoneContainer.java:start(213)) - Attempting to start container services.
2019-10-14 19:24:01,308 [Datanode State Machine Thread - 0] INFO  ozoneimpl.OzoneContainer (OzoneContainer.java:startContainerScrub(177)) - Background container scanner has been disabled.
2019-10-14 19:24:01,308 [Datanode State Machine Thread - 0] INFO  ratis.XceiverServerRatis (XceiverServerRatis.java:start(425)) - Starting XceiverServerRatis a33f834b-b66a-4354-b261-b5dccb079bb7 at port 0
2019-10-14 19:24:01,312 [Datanode State Machine Thread - 0] INFO  impl.RaftServerProxy (RaftServerProxy.java:lambda$start$3(299)) - a33f834b-b66a-4354-b261-b5dccb079bb7: start RPC server
2019-10-14 19:24:01,313 [Datanode State Machine Thread - 0] INFO  server.GrpcService (GrpcService.java:startImpl(158)) - a33f834b-b66a-4354-b261-b5dccb079bb7: GrpcService started, listening on 0.0.0.0/0.0.0.0:43999
2019-10-14 19:24:01,313 [Datanode State Machine Thread - 0] INFO  ratis.XceiverServerRatis (XceiverServerRatis.java:start(435)) - XceiverServerRatis a33f834b-b66a-4354-b261-b5dccb079bb7 is started using port 43999
2019-10-14 19:24:01,324 [Datanode State Machine Thread - 0] INFO  server.XceiverServerGrpc (XceiverServerGrpc.java:start(149)) - XceiverServerGrpc a33f834b-b66a-4354-b261-b5dccb079bb7 is started using port 46029
2019-10-14 19:24:01,379 [Datanode State Machine Thread - 0] INFO  ozoneimpl.OzoneContainer (OzoneContainer.java:start(213)) - Attempting to start container services.
2019-10-14 19:24:01,379 [Datanode State Machine Thread - 0] INFO  ozoneimpl.OzoneContainer (OzoneContainer.java:startContainerScrub(177)) - Background container scanner has been disabled.
2019-10-14 19:24:01,380 [Datanode State Machine Thread - 0] INFO  ratis.XceiverServerRatis (XceiverServerRatis.java:start(425)) - Starting XceiverServerRatis 667ab7f6-1304-4576-8065-ee21422d46c2 at port 0
2019-10-14 19:24:01,386 [Datanode State Machine Thread - 0] INFO  impl.RaftServerProxy (RaftServerProxy.java:lambda$start$3(299)) - 667ab7f6-1304-4576-8065-ee21422d46c2: start RPC server
2019-10-14 19:24:01,387 [Datanode State Machine Thread - 0] INFO  server.GrpcService (GrpcService.java:startImpl(158)) - 667ab7f6-1304-4576-8065-ee21422d46c2: GrpcService started, listening on 0.0.0.0/0.0.0.0:43837
2019-10-14 19:24:01,387 [Datanode State Machine Thread - 0] INFO  ratis.XceiverServerRatis (XceiverServerRatis.java:start(435)) - XceiverServerRatis 667ab7f6-1304-4576-8065-ee21422d46c2 is started using port 43837
2019-10-14 19:24:01,387 [Datanode State Machine Thread - 0] INFO  server.XceiverServerGrpc (XceiverServerGrpc.java:start(149)) - XceiverServerGrpc 667ab7f6-1304-4576-8065-ee21422d46c2 is started using port 38407
2019-10-14 19:24:01,462 [Datanode State Machine Thread - 0] INFO  ozoneimpl.OzoneContainer (OzoneContainer.java:start(213)) - Attempting to start container services.
2019-10-14 19:24:01,462 [Datanode State Machine Thread - 0] INFO  ozoneimpl.OzoneContainer (OzoneContainer.java:startContainerScrub(177)) - Background container scanner has been disabled.
2019-10-14 19:24:01,462 [Datanode State Machine Thread - 0] INFO  ratis.XceiverServerRatis (XceiverServerRatis.java:start(425)) - Starting XceiverServerRatis 01449a64-8d93-448f-af9d-a56c36523a6d at port 0
2019-10-14 19:24:01,469 [Datanode State Machine Thread - 0] INFO  impl.RaftServerProxy (RaftServerProxy.java:lambda$start$3(299)) - 01449a64-8d93-448f-af9d-a56c36523a6d: start RPC server
2019-10-14 19:24:01,472 [Datanode State Machine Thread - 0] INFO  server.GrpcService (GrpcService.java:startImpl(158)) - 01449a64-8d93-448f-af9d-a56c36523a6d: GrpcService started, listening on 0.0.0.0/0.0.0.0:35434
2019-10-14 19:24:01,472 [Datanode State Machine Thread - 0] INFO  ratis.XceiverServerRatis (XceiverServerRatis.java:start(435)) - XceiverServerRatis 01449a64-8d93-448f-af9d-a56c36523a6d is started using port 35434
2019-10-14 19:24:01,473 [Datanode State Machine Thread - 0] INFO  server.XceiverServerGrpc (XceiverServerGrpc.java:start(149)) - XceiverServerGrpc 01449a64-8d93-448f-af9d-a56c36523a6d is started using port 40325
2019-10-14 19:24:01,551 [Datanode State Machine Thread - 0] INFO  ozoneimpl.OzoneContainer (OzoneContainer.java:start(213)) - Attempting to start container services.
2019-10-14 19:24:01,551 [Datanode State Machine Thread - 0] INFO  ozoneimpl.OzoneContainer (OzoneContainer.java:startContainerScrub(177)) - Background container scanner has been disabled.
2019-10-14 19:24:01,551 [Datanode State Machine Thread - 0] INFO  ratis.XceiverServerRatis (XceiverServerRatis.java:start(425)) - Starting XceiverServerRatis 867be414-fe82-4697-923b-46e307d25728 at port 0
2019-10-14 19:24:01,559 [Datanode State Machine Thread - 0] INFO  impl.RaftServerProxy (RaftServerProxy.java:lambda$start$3(299)) - 867be414-fe82-4697-923b-46e307d25728: start RPC server
2019-10-14 19:24:01,559 [Datanode State Machine Thread - 0] INFO  server.GrpcService (GrpcService.java:startImpl(158)) - 867be414-fe82-4697-923b-46e307d25728: GrpcService started, listening on 0.0.0.0/0.0.0.0:46006
2019-10-14 19:24:01,559 [Datanode State Machine Thread - 0] INFO  ratis.XceiverServerRatis (XceiverServerRatis.java:start(435)) - XceiverServerRatis 867be414-fe82-4697-923b-46e307d25728 is started using port 46006
2019-10-14 19:24:01,560 [Datanode State Machine Thread - 0] INFO  server.XceiverServerGrpc (XceiverServerGrpc.java:start(149)) - XceiverServerGrpc 867be414-fe82-4697-923b-46e307d25728 is started using port 37373
2019-10-14 19:24:01,608 [main] INFO  ozone.MiniOzoneClusterImpl (MiniOzoneClusterImpl.java:lambda$waitForClusterToBeReady$2(172)) - Waiting for cluster to be ready. Got 0 of 7 DN Heartbeats.
2019-10-14 19:24:01,636 [Datanode State Machine Thread - 0] INFO  ozoneimpl.OzoneContainer (OzoneContainer.java:start(213)) - Attempting to start container services.
2019-10-14 19:24:01,636 [Datanode State Machine Thread - 0] INFO  ozoneimpl.OzoneContainer (OzoneContainer.java:startContainerScrub(177)) - Background container scanner has been disabled.
2019-10-14 19:24:01,636 [Datanode State Machine Thread - 0] INFO  ratis.XceiverServerRatis (XceiverServerRatis.java:start(425)) - Starting XceiverServerRatis e449d29f-23ec-4943-8e04-16f349e7a11f at port 0
2019-10-14 19:24:01,646 [Datanode State Machine Thread - 0] INFO  impl.RaftServerProxy (RaftServerProxy.java:lambda$start$3(299)) - e449d29f-23ec-4943-8e04-16f349e7a11f: start RPC server
2019-10-14 19:24:01,647 [Datanode State Machine Thread - 0] INFO  server.GrpcService (GrpcService.java:startImpl(158)) - e449d29f-23ec-4943-8e04-16f349e7a11f: GrpcService started, listening on 0.0.0.0/0.0.0.0:34574
2019-10-14 19:24:01,647 [Datanode State Machine Thread - 0] INFO  ratis.XceiverServerRatis (XceiverServerRatis.java:start(435)) - XceiverServerRatis e449d29f-23ec-4943-8e04-16f349e7a11f is started using port 34574
2019-10-14 19:24:01,652 [Datanode State Machine Thread - 0] INFO  server.XceiverServerGrpc (XceiverServerGrpc.java:start(149)) - XceiverServerGrpc e449d29f-23ec-4943-8e04-16f349e7a11f is started using port 43324
2019-10-14 19:24:02,609 [main] INFO  ozone.MiniOzoneClusterImpl (MiniOzoneClusterImpl.java:lambda$waitForClusterToBeReady$2(172)) - Waiting for cluster to be ready. Got 0 of 7 DN Heartbeats.
2019-10-14 19:24:03,108 [IPC Server handler 7 on 35358] INFO  net.NetworkTopology (NetworkTopologyImpl.java:add(111)) - Added a new node: /default-rack/3b3be084-020b-43b6-aab5-07dc78b653c2
2019-10-14 19:24:03,111 [IPC Server handler 7 on 35358] INFO  node.SCMNodeManager (SCMNodeManager.java:register(268)) - Registered Data node : 3b3be084-020b-43b6-aab5-07dc78b653c2{ip: 192.168.164.219, host: pr-hdds-1868-cfdmt-251076870, networkLocation: /default-rack, certSerialId: null}
2019-10-14 19:24:03,112 [EventQueue-NodeRegistrationContainerReportForDataNodeSafeModeRule] INFO  safemode.SCMSafeModeManager (DataNodeSafeModeRule.java:process(71)) - SCM in safe mode. 1 DataNodes registered, 1 required.
2019-10-14 19:24:03,115 [EventQueue-NodeRegistrationContainerReportForDataNodeSafeModeRule] INFO  safemode.SCMSafeModeManager (SCMSafeModeManager.java:validateSafeModeExitRules(177)) - ScmSafeModeManager, all rules are successfully validated
2019-10-14 19:24:03,115 [EventQueue-NodeRegistrationContainerReportForDataNodeSafeModeRule] INFO  safemode.SCMSafeModeManager (SCMSafeModeManager.java:exitSafeMode(193)) - SCM exiting safe mode.
2019-10-14 19:24:03,145 [grpc-default-executor-1] INFO  impl.RaftServerProxy (RaftServerProxy.java:addNew(89)) - 3b3be084-020b-43b6-aab5-07dc78b653c2: addNew group-AE80778583B7:[3b3be084-020b-43b6-aab5-07dc78b653c2:192.168.164.219:45202] returns group-AE80778583B7:java.util.concurrent.CompletableFuture@5de1b188[Not completed]
2019-10-14 19:24:03,150 [pool-119-thread-1] INFO  impl.RaftServerImpl (RaftServerImpl.java:<init>(95)) - 3b3be084-020b-43b6-aab5-07dc78b653c2: new RaftServerImpl for group-AE80778583B7:[3b3be084-020b-43b6-aab5-07dc78b653c2:192.168.164.219:45202] with ContainerStateMachine:uninitialized
2019-10-14 19:24:03,150 [pool-119-thread-1] INFO  server.RaftServerConfigKeys (ConfUtils.java:logGet(43)) - raft.server.rpc.timeout.min = 5s (custom)
2019-10-14 19:24:03,151 [pool-119-thread-1] INFO  server.RaftServerConfigKeys (ConfUtils.java:logGet(43)) - raft.server.rpc.timeout.max = 5200ms (custom)
2019-10-14 19:24:03,151 [pool-119-thread-1] INFO  server.RaftServerConfigKeys (ConfUtils.java:logGet(43)) - raft.server.rpcslowness.timeout = 120s (custom)
2019-10-14 19:24:03,151 [pool-119-thread-1] INFO  server.RaftServerConfigKeys (ConfUtils.java:logGet(43)) - raft.server.sleep.deviation.threshold = 300 (default)
2019-10-14 19:24:03,151 [pool-119-thread-1] INFO  server.RaftServerConfigKeys (ConfUtils.java:logGet(43)) - raft.server.log.appender.install.snapshot.enabled = false (custom)
2019-10-14 19:24:03,152 [pool-119-thread-1] INFO  impl.RaftServerImpl (ServerState.java:<init>(103)) - 3b3be084-020b-43b6-aab5-07dc78b653c2@group-AE80778583B7: ConfigurationManager, init=-1: [3b3be084-020b-43b6-aab5-07dc78b653c2:192.168.164.219:45202], old=null, confs=<EMPTY_MAP>
2019-10-14 19:24:03,152 [pool-119-thread-1] INFO  server.RaftServerConfigKeys (ConfUtils.java:logGet(43)) - raft.server.storage.dir = [/workdir/hadoop-ozone/integration-test/target/test-dir/MiniOzoneClusterImpl-d886f0db-47f2-4bc5-8f88-b8b0eb7c8529/datanode-0/data/ratis] (custom)
2019-10-14 19:24:03,153 [pool-119-thread-1] INFO  server.RaftServerConfigKeys (ConfUtils.java:logGet(43)) - raft.server.log.corruption.policy = EXCEPTION (default)
2019-10-14 19:24:03,153 [pool-119-thread-1] INFO  storage.RaftStorageDirectory (RaftStorageDirectory.java:analyzeStorage(246)) - The storage directory /workdir/hadoop-ozone/integration-test/target/test-dir/MiniOzoneClusterImpl-d886f0db-47f2-4bc5-8f88-b8b0eb7c8529/datanode-0/data/ratis/c2ee2176-6167-443f-abcd-ae80778583b7 does not exist. Creating ...
2019-10-14 19:24:03,178 [pool-119-thread-1] INFO  storage.RaftStorageDirectory (RaftStorageDirectory.java:tryLock(328)) - Lock on /workdir/hadoop-ozone/integration-test/target/test-dir/MiniOzoneClusterImpl-d886f0db-47f2-4bc5-8f88-b8b0eb7c8529/datanode-0/data/ratis/c2ee2176-6167-443f-abcd-ae80778583b7/in_use.lock acquired by nodename 13880@pr-hdds-1868-cfdmt-251076870
2019-10-14 19:24:03,183 [IPC Server handler 3 on 35358] INFO  net.NetworkTopology (NetworkTopologyImpl.java:add(111)) - Added a new node: /default-rack/3fb132f9-3c35-4373-99da-83b8979a28e0
2019-10-14 19:24:03,184 [IPC Server handler 3 on 35358] INFO  node.SCMNodeManager (SCMNodeManager.java:register(268)) - Registered Data node : 3fb132f9-3c35-4373-99da-83b8979a28e0{ip: 192.168.164.219, host: pr-hdds-1868-cfdmt-251076870, networkLocation: /default-rack, certSerialId: null}
2019-10-14 19:24:03,202 [pool-119-thread-1] INFO  storage.RaftStorage (RaftStorage.java:format(84)) - Storage directory /workdir/hadoop-ozone/integration-test/target/test-dir/MiniOzoneClusterImpl-d886f0db-47f2-4bc5-8f88-b8b0eb7c8529/datanode-0/data/ratis/c2ee2176-6167-443f-abcd-ae80778583b7 has been successfully formatted.
2019-10-14 19:24:03,202 [pool-119-thread-1] INFO  ratis.ContainerStateMachine (ContainerStateMachine.java:loadSnapshot(233)) - group-AE80778583B7: The snapshot info is null. Setting the last applied indexto:(t:0, i:~)
2019-10-14 19:24:03,202 [pool-119-thread-1] INFO  server.RaftServerConfigKeys (ConfUtils.java:logGet(43)) - raft.server.notification.no-leader.timeout = 120s (custom)
2019-10-14 19:24:03,202 [pool-119-thread-1] INFO  server.RaftServerConfigKeys (ConfUtils.java:logGet(43)) - raft.server.log.use.memory = false (default)
2019-10-14 19:24:03,203 [pool-119-thread-1] INFO  server.RaftServerConfigKeys (ConfUtils.java:logGet(43)) - raft.server.log.purge.gap = 1000000 (custom)
2019-10-14 19:24:03,203 [pool-119-thread-1] INFO  server.RaftServerConfigKeys (ConfUtils.java:logGet(43)) - raft.server.log.appender.buffer.byte-limit = 33554432 (custom)
2019-10-14 19:24:03,203 [pool-119-thread-1] INFO  server.RaftServerConfigKeys (ConfUtils.java:logGet(43)) - raft.server.log.segment.size.max = 1048576 (custom)
2019-10-14 19:24:03,207 [pool-119-thread-1] INFO  server.RaftServerConfigKeys (ConfUtils.java:logGet(43)) - raft.server.log.segment.cache.num.max = 2 (custom)
2019-10-14 19:24:03,207 [pool-119-thread-1] INFO  segmented.SegmentedRaftLogWorker (SegmentedRaftLogWorker.java:<init>(173)) - new 3b3be084-020b-43b6-aab5-07dc78b653c2@group-AE80778583B7-SegmentedRaftLogWorker for RaftStorage:Storage Directory /workdir/hadoop-ozone/integration-test/target/test-dir/MiniOzoneClusterImpl-d886f0db-47f2-4bc5-8f88-b8b0eb7c8529/datanode-0/data/ratis/c2ee2176-6167-443f-abcd-ae80778583b7
2019-10-14 19:24:03,207 [pool-119-thread-1] INFO  server.RaftServerConfigKeys (ConfUtils.java:logGet(43)) - raft.server.log.queue.byte-limit = 2147483647 (custom)
2019-10-14 19:24:03,207 [pool-119-thread-1] INFO  server.RaftServerConfigKeys (ConfUtils.java:logGet(43)) - raft.server.log.queue.element-limit = 1024 (custom)
2019-10-14 19:24:03,207 [pool-119-thread-1] INFO  server.RaftServerConfigKeys (ConfUtils.java:logGet(43)) - raft.server.log.segment.size.max = 1048576 (custom)
2019-10-14 19:24:03,207 [pool-119-thread-1] INFO  server.RaftServerConfigKeys (ConfUtils.java:logGet(43)) - raft.server.log.preallocated.size = 16384 (custom)
2019-10-14 19:24:03,208 [pool-119-thread-1] INFO  server.RaftServerConfigKeys (ConfUtils.java:logGet(43)) - raft.server.log.write.buffer.size = 33554432 (custom)
2019-10-14 19:24:03,208 [pool-119-thread-1] INFO  server.RaftServerConfigKeys (ConfUtils.java:logGet(43)) - raft.server.log.force.sync.num = 128 (default)
2019-10-14 19:24:03,208 [pool-119-thread-1] INFO  server.RaftServerConfigKeys (ConfUtils.java:logGet(43)) - raft.server.log.statemachine.data.sync = true (default)
2019-10-14 19:24:03,208 [pool-119-thread-1] INFO  server.RaftServerConfigKeys (ConfUtils.java:logGet(43)) - raft.server.log.statemachine.data.sync.timeout = 10s (default)
2019-10-14 19:24:03,208 [pool-119-thread-1] INFO  server.RaftServerConfigKeys (ConfUtils.java:logGet(43)) - raft.server.log.statemachine.data.sync.timeout.retry = -1 (default)
2019-10-14 19:24:03,209 [pool-119-thread-1] INFO  server.RaftServerConfigKeys (ConfUtils.java:logGet(43)) - raft.server.log.statemachine.data.caching.enabled = true (custom)
2019-10-14 19:24:03,210 [pool-119-thread-1] INFO  segmented.SegmentedRaftLogWorker (SegmentedRaftLogWorker.java:lambda$new$0(128)) - 3b3be084-020b-43b6-aab5-07dc78b653c2@group-AE80778583B7-SegmentedRaftLogWorker: flushIndex: setUnconditionally 0 -> -1
2019-10-14 19:24:03,210 [pool-119-thread-1] INFO  server.RaftServerConfigKeys (ConfUtils.java:logGet(43)) - raft.server.snapshot.auto.trigger.enabled = true (custom)
2019-10-14 19:24:03,210 [pool-119-thread-1] INFO  server.RaftServerConfigKeys (ConfUtils.java:logGet(43)) - raft.server.snapshot.auto.trigger.threshold = 10000 (custom)
2019-10-14 19:24:03,210 [pool-119-thread-1] INFO  server.RaftServerConfigKeys (ConfUtils.java:logGet(43)) - raft.server.snapshot.retention.file.num = 5 (custom)
2019-10-14 19:24:03,211 [pool-119-thread-1] INFO  server.RaftServerConfigKeys (ConfUtils.java:logGet(43)) - raft.server.retrycache.expirytime = 600000ms (custom)
2019-10-14 19:24:03,213 [pool-119-thread-1] INFO  impl.RaftServerImpl (RaftServerImpl.java:start(181)) - 3b3be084-020b-43b6-aab5-07dc78b653c2@group-AE80778583B7: start as a follower, conf=-1: [3b3be084-020b-43b6-aab5-07dc78b653c2:192.168.164.219:45202], old=null
2019-10-14 19:24:03,213 [pool-119-thread-1] INFO  impl.RaftServerImpl (RaftServerImpl.java:setRole(170)) - 3b3be084-020b-43b6-aab5-07dc78b653c2@group-AE80778583B7: changes role from      null to FOLLOWER at term 0 for startAsFollower
2019-10-14 19:24:03,214 [pool-119-thread-1] INFO  impl.RoleInfo (RoleInfo.java:updateAndGet(143)) - 3b3be084-020b-43b6-aab5-07dc78b653c2: start FollowerState
2019-10-14 19:24:03,214 [pool-119-thread-1] INFO  util.JmxRegister (JmxRegister.java:tryRegister(44)) - Successfully registered JMX Bean with object name Ratis:service=RaftServer,group=group-AE80778583B7,id=3b3be084-020b-43b6-aab5-07dc78b653c2
2019-10-14 19:24:03,220 [RatisPipelineUtilsThread] INFO  pipeline.PipelineStateManager (PipelineStateManager.java:addPipeline(57)) - Created pipeline Pipeline[ Id: c2ee2176-6167-443f-abcd-ae80778583b7, Nodes: 3b3be084-020b-43b6-aab5-07dc78b653c2{ip: 192.168.164.219, host: pr-hdds-1868-cfdmt-251076870, networkLocation: /default-rack, certSerialId: null}, Type:RATIS, Factor:ONE, State:ALLOCATED]
2019-10-14 19:24:03,228 [grpc-default-executor-1] INFO  impl.RaftServerProxy (RaftServerProxy.java:addNew(89)) - 3fb132f9-3c35-4373-99da-83b8979a28e0: addNew group-DC3CBB3CE040:[3fb132f9-3c35-4373-99da-83b8979a28e0:192.168.164.219:45592] returns group-DC3CBB3CE040:java.util.concurrent.CompletableFuture@239545b2[Not completed]
2019-10-14 19:24:03,230 [pool-129-thread-1] INFO  impl.RaftServerImpl (RaftServerImpl.java:<init>(95)) - 3fb132f9-3c35-4373-99da-83b8979a28e0: new RaftServerImpl for group-DC3CBB3CE040:[3fb132f9-3c35-4373-99da-83b8979a28e0:192.168.164.219:45592] with ContainerStateMachine:uninitialized
2019-10-14 19:24:03,230 [pool-129-thread-1] INFO  server.RaftServerConfigKeys (ConfUtils.java:logGet(43)) - raft.server.rpc.timeout.min = 5s (custom)
2019-10-14 19:24:03,230 [pool-129-thread-1] INFO  server.RaftServerConfigKeys (ConfUtils.java:logGet(43)) - raft.server.rpc.timeout.max = 5200ms (custom)
2019-10-14 19:24:03,230 [pool-129-thread-1] INFO  server.RaftServerConfigKeys (ConfUtils.java:logGet(43)) - raft.server.rpcslowness.timeout = 120s (custom)
2019-10-14 19:24:03,230 [pool-129-thread-1] INFO  server.RaftServerConfigKeys (ConfUtils.java:logGet(43)) - raft.server.sleep.deviation.threshold = 300 (default)
2019-10-14 19:24:03,230 [pool-129-thread-1] INFO  server.RaftServerConfigKeys (ConfUtils.java:logGet(43)) - raft.server.log.appender.install.snapshot.enabled = false (custom)
2019-10-14 19:24:03,231 [pool-129-thread-1] INFO  impl.RaftServerImpl (ServerState.java:<init>(103)) - 3fb132f9-3c35-4373-99da-83b8979a28e0@group-DC3CBB3CE040: ConfigurationManager, init=-1: [3fb132f9-3c35-4373-99da-83b8979a28e0:192.168.164.219:45592], old=null, confs=<EMPTY_MAP>
2019-10-14 19:24:03,231 [pool-129-thread-1] INFO  server.RaftServerConfigKeys (ConfUtils.java:logGet(43)) - raft.server.storage.dir = [/workdir/hadoop-ozone/integration-test/target/test-dir/MiniOzoneClusterImpl-d886f0db-47f2-4bc5-8f88-b8b0eb7c8529/datanode-1/data/ratis] (custom)
2019-10-14 19:24:03,231 [pool-129-thread-1] INFO  server.RaftServerConfigKeys (ConfUtils.java:logGet(43)) - raft.server.log.corruption.policy = EXCEPTION (default)
2019-10-14 19:24:03,231 [pool-129-thread-1] INFO  storage.RaftStorageDirectory (RaftStorageDirectory.java:analyzeStorage(246)) - The storage directory /workdir/hadoop-ozone/integration-test/target/test-dir/MiniOzoneClusterImpl-d886f0db-47f2-4bc5-8f88-b8b0eb7c8529/datanode-1/data/ratis/cbb4708a-2945-40b8-bb79-dc3cbb3ce040 does not exist. Creating ...
2019-10-14 19:24:03,254 [pool-129-thread-1] INFO  storage.RaftStorageDirectory (RaftStorageDirectory.java:tryLock(328)) - Lock on /workdir/hadoop-ozone/integration-test/target/test-dir/MiniOzoneClusterImpl-d886f0db-47f2-4bc5-8f88-b8b0eb7c8529/datanode-1/data/ratis/cbb4708a-2945-40b8-bb79-dc3cbb3ce040/in_use.lock acquired by nodename 13880@pr-hdds-1868-cfdmt-251076870
2019-10-14 19:24:03,272 [IPC Server handler 1 on 35358] INFO  net.NetworkTopology (NetworkTopologyImpl.java:add(111)) - Added a new node: /default-rack/a33f834b-b66a-4354-b261-b5dccb079bb7
2019-10-14 19:24:03,272 [IPC Server handler 1 on 35358] INFO  node.SCMNodeManager (SCMNodeManager.java:register(268)) - Registered Data node : a33f834b-b66a-4354-b261-b5dccb079bb7{ip: 192.168.164.219, host: pr-hdds-1868-cfdmt-251076870, networkLocation: /default-rack, certSerialId: null}
2019-10-14 19:24:03,277 [pool-129-thread-1] INFO  storage.RaftStorage (RaftStorage.java:format(84)) - Storage directory /workdir/hadoop-ozone/integration-test/target/test-dir/MiniOzoneClusterImpl-d886f0db-47f2-4bc5-8f88-b8b0eb7c8529/datanode-1/data/ratis/cbb4708a-2945-40b8-bb79-dc3cbb3ce040 has been successfully formatted.
2019-10-14 19:24:03,277 [pool-129-thread-1] INFO  ratis.ContainerStateMachine (ContainerStateMachine.java:loadSnapshot(233)) - group-DC3CBB3CE040: The snapshot info is null. Setting the last applied indexto:(t:0, i:~)
2019-10-14 19:24:03,277 [pool-129-thread-1] INFO  server.RaftServerConfigKeys (ConfUtils.java:logGet(43)) - raft.server.notification.no-leader.timeout = 120s (custom)
2019-10-14 19:24:03,277 [pool-129-thread-1] INFO  server.RaftServerConfigKeys (ConfUtils.java:logGet(43)) - raft.server.log.use.memory = false (default)
2019-10-14 19:24:03,277 [pool-129-thread-1] INFO  server.RaftServerConfigKeys (ConfUtils.java:logGet(43)) - raft.server.log.purge.gap = 1000000 (custom)
2019-10-14 19:24:03,277 [pool-129-thread-1] INFO  server.RaftServerConfigKeys (ConfUtils.java:logGet(43)) - raft.server.log.appender.buffer.byte-limit = 33554432 (custom)
2019-10-14 19:24:03,277 [pool-129-thread-1] INFO  server.RaftServerConfigKeys (ConfUtils.java:logGet(43)) - raft.server.log.segment.size.max = 1048576 (custom)
2019-10-14 19:24:03,280 [pool-129-thread-1] INFO  server.RaftServerConfigKeys (ConfUtils.java:logGet(43)) - raft.server.log.segment.cache.num.max = 2 (custom)
2019-10-14 19:24:03,280 [pool-129-thread-1] INFO  segmented.SegmentedRaftLogWorker (SegmentedRaftLogWorker.java:<init>(173)) - new 3fb132f9-3c35-4373-99da-83b8979a28e0@group-DC3CBB3CE040-SegmentedRaftLogWorker for RaftStorage:Storage Directory /workdir/hadoop-ozone/integration-test/target/test-dir/MiniOzoneClusterImpl-d886f0db-47f2-4bc5-8f88-b8b0eb7c8529/datanode-1/data/ratis/cbb4708a-2945-40b8-bb79-dc3cbb3ce040
2019-10-14 19:24:03,280 [pool-129-thread-1] INFO  server.RaftServerConfigKeys (ConfUtils.java:logGet(43)) - raft.server.log.queue.byte-limit = 2147483647 (custom)
2019-10-14 19:24:03,280 [pool-129-thread-1] INFO  server.RaftServerConfigKeys (ConfUtils.java:logGet(43)) - raft.server.log.queue.element-limit = 1024 (custom)
2019-10-14 19:24:03,281 [pool-129-thread-1] INFO  server.RaftServerConfigKeys (ConfUtils.java:logGet(43)) - raft.server.log.segment.size.max = 1048576 (custom)
2019-10-14 19:24:03,281 [pool-129-thread-1] INFO  server.RaftServerConfigKeys (ConfUtils.java:logGet(43)) - raft.server.log.preallocated.size = 16384 (custom)
2019-10-14 19:24:03,281 [pool-129-thread-1] INFO  server.RaftServerConfigKeys (ConfUtils.java:logGet(43)) - raft.server.log.write.buffer.size = 33554432 (custom)
2019-10-14 19:24:03,281 [pool-129-thread-1] INFO  server.RaftServerConfigKeys (ConfUtils.java:logGet(43)) - raft.server.log.force.sync.num = 128 (default)
2019-10-14 19:24:03,281 [pool-129-thread-1] INFO  server.RaftServerConfigKeys (ConfUtils.java:logGet(43)) - raft.server.log.statemachine.data.sync = true (default)
2019-10-14 19:24:03,281 [pool-129-thread-1] INFO  server.RaftServerConfigKeys (ConfUtils.java:logGet(43)) - raft.server.log.statemachine.data.sync.timeout = 10s (default)
2019-10-14 19:24:03,281 [pool-129-thread-1] INFO  server.RaftServerConfigKeys (ConfUtils.java:logGet(43)) - raft.server.log.statemachine.data.sync.timeout.retry = -1 (default)
2019-10-14 19:24:03,282 [pool-129-thread-1] INFO  server.RaftServerConfigKeys (ConfUtils.java:logGet(43)) - raft.server.log.statemachine.data.caching.enabled = true (custom)
2019-10-14 19:24:03,282 [pool-129-thread-1] INFO  segmented.SegmentedRaftLogWorker (SegmentedRaftLogWorker.java:lambda$new$0(128)) - 3fb132f9-3c35-4373-99da-83b8979a28e0@group-DC3CBB3CE040-SegmentedRaftLogWorker: flushIndex: setUnconditionally 0 -> -1
2019-10-14 19:24:03,282 [pool-129-thread-1] INFO  server.RaftServerConfigKeys (ConfUtils.java:logGet(43)) - raft.server.snapshot.auto.trigger.enabled = true (custom)
2019-10-14 19:24:03,283 [pool-129-thread-1] INFO  server.RaftServerConfigKeys (ConfUtils.java:logGet(43)) - raft.server.snapshot.auto.trigger.threshold = 10000 (custom)
2019-10-14 19:24:03,283 [pool-129-thread-1] INFO  server.RaftServerConfigKeys (ConfUtils.java:logGet(43)) - raft.server.snapshot.retention.file.num = 5 (custom)
2019-10-14 19:24:03,283 [pool-129-thread-1] INFO  server.RaftServerConfigKeys (ConfUtils.java:logGet(43)) - raft.server.retrycache.expirytime = 600000ms (custom)
2019-10-14 19:24:03,285 [pool-129-thread-1] INFO  impl.RaftServerImpl (RaftServerImpl.java:start(181)) - 3fb132f9-3c35-4373-99da-83b8979a28e0@group-DC3CBB3CE040: start as a follower, conf=-1: [3fb132f9-3c35-4373-99da-83b8979a28e0:192.168.164.219:45592], old=null
2019-10-14 19:24:03,285 [pool-129-thread-1] INFO  impl.RaftServerImpl (RaftServerImpl.java:setRole(170)) - 3fb132f9-3c35-4373-99da-83b8979a28e0@group-DC3CBB3CE040: changes role from      null to FOLLOWER at term 0 for startAsFollower
2019-10-14 19:24:03,285 [pool-129-thread-1] INFO  impl.RoleInfo (RoleInfo.java:updateAndGet(143)) - 3fb132f9-3c35-4373-99da-83b8979a28e0: start FollowerState
2019-10-14 19:24:03,286 [pool-129-thread-1] INFO  util.JmxRegister (JmxRegister.java:tryRegister(44)) - Successfully registered JMX Bean with object name Ratis:service=RaftServer,group=group-DC3CBB3CE040,id=3fb132f9-3c35-4373-99da-83b8979a28e0
2019-10-14 19:24:03,290 [RatisPipelineUtilsThread] INFO  pipeline.PipelineStateManager (PipelineStateManager.java:addPipeline(57)) - Created pipeline Pipeline[ Id: cbb4708a-2945-40b8-bb79-dc3cbb3ce040, Nodes: 3fb132f9-3c35-4373-99da-83b8979a28e0{ip: 192.168.164.219, host: pr-hdds-1868-cfdmt-251076870, networkLocation: /default-rack, certSerialId: null}, Type:RATIS, Factor:ONE, State:ALLOCATED]
2019-10-14 19:24:03,300 [grpc-default-executor-1] INFO  impl.RaftServerProxy (RaftServerProxy.java:addNew(89)) - a33f834b-b66a-4354-b261-b5dccb079bb7: addNew group-B244BA812B68:[a33f834b-b66a-4354-b261-b5dccb079bb7:192.168.164.219:43999] returns group-B244BA812B68:java.util.concurrent.CompletableFuture@5cd6dce6[Not completed]
2019-10-14 19:24:03,304 [pool-139-thread-1] INFO  impl.RaftServerImpl (RaftServerImpl.java:<init>(95)) - a33f834b-b66a-4354-b261-b5dccb079bb7: new RaftServerImpl for group-B244BA812B68:[a33f834b-b66a-4354-b261-b5dccb079bb7:192.168.164.219:43999] with ContainerStateMachine:uninitialized
2019-10-14 19:24:03,305 [pool-139-thread-1] INFO  server.RaftServerConfigKeys (ConfUtils.java:logGet(43)) - raft.server.rpc.timeout.min = 5s (custom)
2019-10-14 19:24:03,305 [pool-139-thread-1] INFO  server.RaftServerConfigKeys (ConfUtils.java:logGet(43)) - raft.server.rpc.timeout.max = 5200ms (custom)
2019-10-14 19:24:03,305 [pool-139-thread-1] INFO  server.RaftServerConfigKeys (ConfUtils.java:logGet(43)) - raft.server.rpcslowness.timeout = 120s (custom)
2019-10-14 19:24:03,305 [pool-139-thread-1] INFO  server.RaftServerConfigKeys (ConfUtils.java:logGet(43)) - raft.server.sleep.deviation.threshold = 300 (default)
2019-10-14 19:24:03,305 [pool-139-thread-1] INFO  server.RaftServerConfigKeys (ConfUtils.java:logGet(43)) - raft.server.log.appender.install.snapshot.enabled = false (custom)
2019-10-14 19:24:03,305 [pool-139-thread-1] INFO  impl.RaftServerImpl (ServerState.java:<init>(103)) - a33f834b-b66a-4354-b261-b5dccb079bb7@group-B244BA812B68: ConfigurationManager, init=-1: [a33f834b-b66a-4354-b261-b5dccb079bb7:192.168.164.219:43999], old=null, confs=<EMPTY_MAP>
2019-10-14 19:24:03,305 [pool-139-thread-1] INFO  server.RaftServerConfigKeys (ConfUtils.java:logGet(43)) - raft.server.storage.dir = [/workdir/hadoop-ozone/integration-test/target/test-dir/MiniOzoneClusterImpl-d886f0db-47f2-4bc5-8f88-b8b0eb7c8529/datanode-2/data/ratis] (custom)
2019-10-14 19:24:03,306 [pool-139-thread-1] INFO  server.RaftServerConfigKeys (ConfUtils.java:logGet(43)) - raft.server.log.corruption.policy = EXCEPTION (default)
2019-10-14 19:24:03,306 [pool-139-thread-1] INFO  storage.RaftStorageDirectory (RaftStorageDirectory.java:analyzeStorage(246)) - The storage directory /workdir/hadoop-ozone/integration-test/target/test-dir/MiniOzoneClusterImpl-d886f0db-47f2-4bc5-8f88-b8b0eb7c8529/datanode-2/data/ratis/c3ca7da9-3bd9-4f6a-81b6-b244ba812b68 does not exist. Creating ...
2019-10-14 19:24:03,337 [pool-139-thread-1] INFO  storage.RaftStorageDirectory (RaftStorageDirectory.java:tryLock(328)) - Lock on /workdir/hadoop-ozone/integration-test/target/test-dir/MiniOzoneClusterImpl-d886f0db-47f2-4bc5-8f88-b8b0eb7c8529/datanode-2/data/ratis/c3ca7da9-3bd9-4f6a-81b6-b244ba812b68/in_use.lock acquired by nodename 13880@pr-hdds-1868-cfdmt-251076870
2019-10-14 19:24:03,356 [IPC Server handler 0 on 35358] INFO  net.NetworkTopology (NetworkTopologyImpl.java:add(111)) - Added a new node: /default-rack/667ab7f6-1304-4576-8065-ee21422d46c2
2019-10-14 19:24:03,356 [IPC Server handler 0 on 35358] INFO  node.SCMNodeManager (SCMNodeManager.java:register(268)) - Registered Data node : 667ab7f6-1304-4576-8065-ee21422d46c2{ip: 192.168.164.219, host: pr-hdds-1868-cfdmt-251076870, networkLocation: /default-rack, certSerialId: null}
2019-10-14 19:24:03,363 [pool-139-thread-1] INFO  storage.RaftStorage (RaftStorage.java:format(84)) - Storage directory /workdir/hadoop-ozone/integration-test/target/test-dir/MiniOzoneClusterImpl-d886f0db-47f2-4bc5-8f88-b8b0eb7c8529/datanode-2/data/ratis/c3ca7da9-3bd9-4f6a-81b6-b244ba812b68 has been successfully formatted.
2019-10-14 19:24:03,363 [pool-139-thread-1] INFO  ratis.ContainerStateMachine (ContainerStateMachine.java:loadSnapshot(233)) - group-B244BA812B68: The snapshot info is null. Setting the last applied indexto:(t:0, i:~)
2019-10-14 19:24:03,363 [pool-139-thread-1] INFO  server.RaftServerConfigKeys (ConfUtils.java:logGet(43)) - raft.server.notification.no-leader.timeout = 120s (custom)
2019-10-14 19:24:03,364 [pool-139-thread-1] INFO  server.RaftServerConfigKeys (ConfUtils.java:logGet(43)) - raft.server.log.use.memory = false (default)
2019-10-14 19:24:03,364 [pool-139-thread-1] INFO  server.RaftServerConfigKeys (ConfUtils.java:logGet(43)) - raft.server.log.purge.gap = 1000000 (custom)
2019-10-14 19:24:03,364 [pool-139-thread-1] INFO  server.RaftServerConfigKeys (ConfUtils.java:logGet(43)) - raft.server.log.appender.buffer.byte-limit = 33554432 (custom)
2019-10-14 19:24:03,364 [pool-139-thread-1] INFO  server.RaftServerConfigKeys (ConfUtils.java:logGet(43)) - raft.server.log.segment.size.max = 1048576 (custom)
2019-10-14 19:24:03,366 [pool-139-thread-1] INFO  server.RaftServerConfigKeys (ConfUtils.java:logGet(43)) - raft.server.log.segment.cache.num.max = 2 (custom)
2019-10-14 19:24:03,366 [pool-139-thread-1] INFO  segmented.SegmentedRaftLogWorker (SegmentedRaftLogWorker.java:<init>(173)) - new a33f834b-b66a-4354-b261-b5dccb079bb7@group-B244BA812B68-SegmentedRaftLogWorker for RaftStorage:Storage Directory /workdir/hadoop-ozone/integration-test/target/test-dir/MiniOzoneClusterImpl-d886f0db-47f2-4bc5-8f88-b8b0eb7c8529/datanode-2/data/ratis/c3ca7da9-3bd9-4f6a-81b6-b244ba812b68
2019-10-14 19:24:03,366 [pool-139-thread-1] INFO  server.RaftServerConfigKeys (ConfUtils.java:logGet(43)) - raft.server.log.queue.byte-limit = 2147483647 (custom)
2019-10-14 19:24:03,367 [pool-139-thread-1] INFO  server.RaftServerConfigKeys (ConfUtils.java:logGet(43)) - raft.server.log.queue.element-limit = 1024 (custom)
2019-10-14 19:24:03,367 [pool-139-thread-1] INFO  server.RaftServerConfigKeys (ConfUtils.java:logGet(43)) - raft.server.log.segment.size.max = 1048576 (custom)
2019-10-14 19:24:03,367 [pool-139-thread-1] INFO  server.RaftServerConfigKeys (ConfUtils.java:logGet(43)) - raft.server.log.preallocated.size = 16384 (custom)
2019-10-14 19:24:03,367 [pool-139-thread-1] INFO  server.RaftServerConfigKeys (ConfUtils.java:logGet(43)) - raft.server.log.write.buffer.size = 33554432 (custom)
2019-10-14 19:24:03,367 [pool-139-thread-1] INFO  server.RaftServerConfigKeys (ConfUtils.java:logGet(43)) - raft.server.log.force.sync.num = 128 (default)
2019-10-14 19:24:03,367 [pool-139-thread-1] INFO  server.RaftServerConfigKeys (ConfUtils.java:logGet(43)) - raft.server.log.statemachine.data.sync = true (default)
2019-10-14 19:24:03,367 [pool-139-thread-1] INFO  server.RaftServerConfigKeys (ConfUtils.java:logGet(43)) - raft.server.log.statemachine.data.sync.timeout = 10s (default)
2019-10-14 19:24:03,367 [pool-139-thread-1] INFO  server.RaftServerConfigKeys (ConfUtils.java:logGet(43)) - raft.server.log.statemachine.data.sync.timeout.retry = -1 (default)
2019-10-14 19:24:03,368 [pool-139-thread-1] INFO  server.RaftServerConfigKeys (ConfUtils.java:logGet(43)) - raft.server.log.statemachine.data.caching.enabled = true (custom)
2019-10-14 19:24:03,368 [pool-139-thread-1] INFO  segmented.SegmentedRaftLogWorker (SegmentedRaftLogWorker.java:lambda$new$0(128)) - a33f834b-b66a-4354-b261-b5dccb079bb7@group-B244BA812B68-SegmentedRaftLogWorker: flushIndex: setUnconditionally 0 -> -1
2019-10-14 19:24:03,368 [pool-139-thread-1] INFO  server.RaftServerConfigKeys (ConfUtils.java:logGet(43)) - raft.server.snapshot.auto.trigger.enabled = true (custom)
2019-10-14 19:24:03,368 [pool-139-thread-1] INFO  server.RaftServerConfigKeys (ConfUtils.java:logGet(43)) - raft.server.snapshot.auto.trigger.threshold = 10000 (custom)
2019-10-14 19:24:03,369 [pool-139-thread-1] INFO  server.RaftServerConfigKeys (ConfUtils.java:logGet(43)) - raft.server.snapshot.retention.file.num = 5 (custom)
2019-10-14 19:24:03,369 [pool-139-thread-1] INFO  server.RaftServerConfigKeys (ConfUtils.java:logGet(43)) - raft.server.retrycache.expirytime = 600000ms (custom)
2019-10-14 19:24:03,371 [pool-139-thread-1] INFO  impl.RaftServerImpl (RaftServerImpl.java:start(181)) - a33f834b-b66a-4354-b261-b5dccb079bb7@group-B244BA812B68: start as a follower, conf=-1: [a33f834b-b66a-4354-b261-b5dccb079bb7:192.168.164.219:43999], old=null
2019-10-14 19:24:03,371 [pool-139-thread-1] INFO  impl.RaftServerImpl (RaftServerImpl.java:setRole(170)) - a33f834b-b66a-4354-b261-b5dccb079bb7@group-B244BA812B68: changes role from      null to FOLLOWER at term 0 for startAsFollower
2019-10-14 19:24:03,371 [pool-139-thread-1] INFO  impl.RoleInfo (RoleInfo.java:updateAndGet(143)) - a33f834b-b66a-4354-b261-b5dccb079bb7: start FollowerState
2019-10-14 19:24:03,371 [pool-139-thread-1] INFO  util.JmxRegister (JmxRegister.java:tryRegister(44)) - Successfully registered JMX Bean with object name Ratis:service=RaftServer,group=group-B244BA812B68,id=a33f834b-b66a-4354-b261-b5dccb079bb7
2019-10-14 19:24:03,375 [RatisPipelineUtilsThread] INFO  pipeline.PipelineStateManager (PipelineStateManager.java:addPipeline(57)) - Created pipeline Pipeline[ Id: c3ca7da9-3bd9-4f6a-81b6-b244ba812b68, Nodes: a33f834b-b66a-4354-b261-b5dccb079bb7{ip: 192.168.164.219, host: pr-hdds-1868-cfdmt-251076870, networkLocation: /default-rack, certSerialId: null}, Type:RATIS, Factor:ONE, State:ALLOCATED]
2019-10-14 19:24:03,383 [grpc-default-executor-1] INFO  impl.RaftServerProxy (RaftServerProxy.java:addNew(89)) - 667ab7f6-1304-4576-8065-ee21422d46c2: addNew group-54F7CEC8CFDF:[667ab7f6-1304-4576-8065-ee21422d46c2:192.168.164.219:43837] returns group-54F7CEC8CFDF:java.util.concurrent.CompletableFuture@127c939[Not completed]
2019-10-14 19:24:03,387 [pool-149-thread-1] INFO  impl.RaftServerImpl (RaftServerImpl.java:<init>(95)) - 667ab7f6-1304-4576-8065-ee21422d46c2: new RaftServerImpl for group-54F7CEC8CFDF:[667ab7f6-1304-4576-8065-ee21422d46c2:192.168.164.219:43837] with ContainerStateMachine:uninitialized
2019-10-14 19:24:03,388 [pool-149-thread-1] INFO  server.RaftServerConfigKeys (ConfUtils.java:logGet(43)) - raft.server.rpc.timeout.min = 5s (custom)
2019-10-14 19:24:03,388 [pool-149-thread-1] INFO  server.RaftServerConfigKeys (ConfUtils.java:logGet(43)) - raft.server.rpc.timeout.max = 5200ms (custom)
2019-10-14 19:24:03,388 [pool-149-thread-1] INFO  server.RaftServerConfigKeys (ConfUtils.java:logGet(43)) - raft.server.rpcslowness.timeout = 120s (custom)
2019-10-14 19:24:03,388 [pool-149-thread-1] INFO  server.RaftServerConfigKeys (ConfUtils.java:logGet(43)) - raft.server.sleep.deviation.threshold = 300 (default)
2019-10-14 19:24:03,388 [pool-149-thread-1] INFO  server.RaftServerConfigKeys (ConfUtils.java:logGet(43)) - raft.server.log.appender.install.snapshot.enabled = false (custom)
2019-10-14 19:24:03,388 [pool-149-thread-1] INFO  impl.RaftServerImpl (ServerState.java:<init>(103)) - 667ab7f6-1304-4576-8065-ee21422d46c2@group-54F7CEC8CFDF: ConfigurationManager, init=-1: [667ab7f6-1304-4576-8065-ee21422d46c2:192.168.164.219:43837], old=null, confs=<EMPTY_MAP>
2019-10-14 19:24:03,389 [pool-149-thread-1] INFO  server.RaftServerConfigKeys (ConfUtils.java:logGet(43)) - raft.server.storage.dir = [/workdir/hadoop-ozone/integration-test/target/test-dir/MiniOzoneClusterImpl-d886f0db-47f2-4bc5-8f88-b8b0eb7c8529/datanode-3/data/ratis] (custom)
2019-10-14 19:24:03,389 [pool-149-thread-1] INFO  server.RaftServerConfigKeys (ConfUtils.java:logGet(43)) - raft.server.log.corruption.policy = EXCEPTION (default)
2019-10-14 19:24:03,389 [pool-149-thread-1] INFO  storage.RaftStorageDirectory (RaftStorageDirectory.java:analyzeStorage(246)) - The storage directory /workdir/hadoop-ozone/integration-test/target/test-dir/MiniOzoneClusterImpl-d886f0db-47f2-4bc5-8f88-b8b0eb7c8529/datanode-3/data/ratis/1c61a5f2-278c-4d6b-bb7c-54f7cec8cfdf does not exist. Creating ...
2019-10-14 19:24:03,412 [pool-149-thread-1] INFO  storage.RaftStorageDirectory (RaftStorageDirectory.java:tryLock(328)) - Lock on /workdir/hadoop-ozone/integration-test/target/test-dir/MiniOzoneClusterImpl-d886f0db-47f2-4bc5-8f88-b8b0eb7c8529/datanode-3/data/ratis/1c61a5f2-278c-4d6b-bb7c-54f7cec8cfdf/in_use.lock acquired by nodename 13880@pr-hdds-1868-cfdmt-251076870
2019-10-14 19:24:03,428 [pool-149-thread-1] INFO  storage.RaftStorage (RaftStorage.java:format(84)) - Storage directory /workdir/hadoop-ozone/integration-test/target/test-dir/MiniOzoneClusterImpl-d886f0db-47f2-4bc5-8f88-b8b0eb7c8529/datanode-3/data/ratis/1c61a5f2-278c-4d6b-bb7c-54f7cec8cfdf has been successfully formatted.
2019-10-14 19:24:03,428 [pool-149-thread-1] INFO  ratis.ContainerStateMachine (ContainerStateMachine.java:loadSnapshot(233)) - group-54F7CEC8CFDF: The snapshot info is null. Setting the last applied indexto:(t:0, i:~)
2019-10-14 19:24:03,428 [pool-149-thread-1] INFO  server.RaftServerConfigKeys (ConfUtils.java:logGet(43)) - raft.server.notification.no-leader.timeout = 120s (custom)
2019-10-14 19:24:03,428 [pool-149-thread-1] INFO  server.RaftServerConfigKeys (ConfUtils.java:logGet(43)) - raft.server.log.use.memory = false (default)
2019-10-14 19:24:03,429 [pool-149-thread-1] INFO  server.RaftServerConfigKeys (ConfUtils.java:logGet(43)) - raft.server.log.purge.gap = 1000000 (custom)
2019-10-14 19:24:03,429 [pool-149-thread-1] INFO  server.RaftServerConfigKeys (ConfUtils.java:logGet(43)) - raft.server.log.appender.buffer.byte-limit = 33554432 (custom)
2019-10-14 19:24:03,429 [pool-149-thread-1] INFO  server.RaftServerConfigKeys (ConfUtils.java:logGet(43)) - raft.server.log.segment.size.max = 1048576 (custom)
2019-10-14 19:24:03,432 [pool-149-thread-1] INFO  server.RaftServerConfigKeys (ConfUtils.java:logGet(43)) - raft.server.log.segment.cache.num.max = 2 (custom)
2019-10-14 19:24:03,432 [pool-149-thread-1] INFO  segmented.SegmentedRaftLogWorker (SegmentedRaftLogWorker.java:<init>(173)) - new 667ab7f6-1304-4576-8065-ee21422d46c2@group-54F7CEC8CFDF-SegmentedRaftLogWorker for RaftStorage:Storage Directory /workdir/hadoop-ozone/integration-test/target/test-dir/MiniOzoneClusterImpl-d886f0db-47f2-4bc5-8f88-b8b0eb7c8529/datanode-3/data/ratis/1c61a5f2-278c-4d6b-bb7c-54f7cec8cfdf
2019-10-14 19:24:03,432 [pool-149-thread-1] INFO  server.RaftServerConfigKeys (ConfUtils.java:logGet(43)) - raft.server.log.queue.byte-limit = 2147483647 (custom)
2019-10-14 19:24:03,432 [pool-149-thread-1] INFO  server.RaftServerConfigKeys (ConfUtils.java:logGet(43)) - raft.server.log.queue.element-limit = 1024 (custom)
2019-10-14 19:24:03,433 [pool-149-thread-1] INFO  server.RaftServerConfigKeys (ConfUtils.java:logGet(43)) - raft.server.log.segment.size.max = 1048576 (custom)
2019-10-14 19:24:03,433 [pool-149-thread-1] INFO  server.RaftServerConfigKeys (ConfUtils.java:logGet(43)) - raft.server.log.preallocated.size = 16384 (custom)
2019-10-14 19:24:03,433 [pool-149-thread-1] INFO  server.RaftServerConfigKeys (ConfUtils.java:logGet(43)) - raft.server.log.write.buffer.size = 33554432 (custom)
2019-10-14 19:24:03,433 [pool-149-thread-1] INFO  server.RaftServerConfigKeys (ConfUtils.java:logGet(43)) - raft.server.log.force.sync.num = 128 (default)
2019-10-14 19:24:03,433 [pool-149-thread-1] INFO  server.RaftServerConfigKeys (ConfUtils.java:logGet(43)) - raft.server.log.statemachine.data.sync = true (default)
2019-10-14 19:24:03,434 [pool-149-thread-1] INFO  server.RaftServerConfigKeys (ConfUtils.java:logGet(43)) - raft.server.log.statemachine.data.sync.timeout = 10s (default)
2019-10-14 19:24:03,434 [pool-149-thread-1] INFO  server.RaftServerConfigKeys (ConfUtils.java:logGet(43)) - raft.server.log.statemachine.data.sync.timeout.retry = -1 (default)
2019-10-14 19:24:03,434 [pool-149-thread-1] INFO  server.RaftServerConfigKeys (ConfUtils.java:logGet(43)) - raft.server.log.statemachine.data.caching.enabled = true (custom)
2019-10-14 19:24:03,435 [pool-149-thread-1] INFO  segmented.SegmentedRaftLogWorker (SegmentedRaftLogWorker.java:lambda$new$0(128)) - 667ab7f6-1304-4576-8065-ee21422d46c2@group-54F7CEC8CFDF-SegmentedRaftLogWorker: flushIndex: setUnconditionally 0 -> -1
2019-10-14 19:24:03,435 [pool-149-thread-1] INFO  server.RaftServerConfigKeys (ConfUtils.java:logGet(43)) - raft.server.snapshot.auto.trigger.enabled = true (custom)
2019-10-14 19:24:03,435 [pool-149-thread-1] INFO  server.RaftServerConfigKeys (ConfUtils.java:logGet(43)) - raft.server.snapshot.auto.trigger.threshold = 10000 (custom)
2019-10-14 19:24:03,436 [pool-149-thread-1] INFO  server.RaftServerConfigKeys (ConfUtils.java:logGet(43)) - raft.server.snapshot.retention.file.num = 5 (custom)
2019-10-14 19:24:03,436 [pool-149-thread-1] INFO  server.RaftServerConfigKeys (ConfUtils.java:logGet(43)) - raft.server.retrycache.expirytime = 600000ms (custom)
2019-10-14 19:24:03,438 [IPC Server handler 4 on 35358] INFO  net.NetworkTopology (NetworkTopologyImpl.java:add(111)) - Added a new node: /default-rack/01449a64-8d93-448f-af9d-a56c36523a6d
2019-10-14 19:24:03,439 [IPC Server handler 4 on 35358] INFO  node.SCMNodeManager (SCMNodeManager.java:register(268)) - Registered Data node : 01449a64-8d93-448f-af9d-a56c36523a6d{ip: 192.168.164.219, host: pr-hdds-1868-cfdmt-251076870, networkLocation: /default-rack, certSerialId: null}
2019-10-14 19:24:03,439 [pool-149-thread-1] INFO  impl.RaftServerImpl (RaftServerImpl.java:start(181)) - 667ab7f6-1304-4576-8065-ee21422d46c2@group-54F7CEC8CFDF: start as a follower, conf=-1: [667ab7f6-1304-4576-8065-ee21422d46c2:192.168.164.219:43837], old=null
2019-10-14 19:24:03,439 [pool-149-thread-1] INFO  impl.RaftServerImpl (RaftServerImpl.java:setRole(170)) - 667ab7f6-1304-4576-8065-ee21422d46c2@group-54F7CEC8CFDF: changes role from      null to FOLLOWER at term 0 for startAsFollower
2019-10-14 19:24:03,439 [pool-149-thread-1] INFO  impl.RoleInfo (RoleInfo.java:updateAndGet(143)) - 667ab7f6-1304-4576-8065-ee21422d46c2: start FollowerState
2019-10-14 19:24:03,440 [pool-149-thread-1] INFO  util.JmxRegister (JmxRegister.java:tryRegister(44)) - Successfully registered JMX Bean with object name Ratis:service=RaftServer,group=group-54F7CEC8CFDF,id=667ab7f6-1304-4576-8065-ee21422d46c2
2019-10-14 19:24:03,445 [RatisPipelineUtilsThread] INFO  pipeline.PipelineStateManager (PipelineStateManager.java:addPipeline(57)) - Created pipeline Pipeline[ Id: 1c61a5f2-278c-4d6b-bb7c-54f7cec8cfdf, Nodes: 667ab7f6-1304-4576-8065-ee21422d46c2{ip: 192.168.164.219, host: pr-hdds-1868-cfdmt-251076870, networkLocation: /default-rack, certSerialId: null}, Type:RATIS, Factor:ONE, State:ALLOCATED]
2019-10-14 19:24:03,454 [grpc-default-executor-1] INFO  impl.RaftServerProxy (RaftServerProxy.java:addNew(89)) - 01449a64-8d93-448f-af9d-a56c36523a6d: addNew group-88443045B8E8:[01449a64-8d93-448f-af9d-a56c36523a6d:192.168.164.219:35434] returns group-88443045B8E8:java.util.concurrent.CompletableFuture@58ef6356[Not completed]
2019-10-14 19:24:03,460 [pool-159-thread-1] INFO  impl.RaftServerImpl (RaftServerImpl.java:<init>(95)) - 01449a64-8d93-448f-af9d-a56c36523a6d: new RaftServerImpl for group-88443045B8E8:[01449a64-8d93-448f-af9d-a56c36523a6d:192.168.164.219:35434] with ContainerStateMachine:uninitialized
2019-10-14 19:24:03,460 [pool-159-thread-1] INFO  server.RaftServerConfigKeys (ConfUtils.java:logGet(43)) - raft.server.rpc.timeout.min = 5s (custom)
2019-10-14 19:24:03,460 [pool-159-thread-1] INFO  server.RaftServerConfigKeys (ConfUtils.java:logGet(43)) - raft.server.rpc.timeout.max = 5200ms (custom)
2019-10-14 19:24:03,460 [pool-159-thread-1] INFO  server.RaftServerConfigKeys (ConfUtils.java:logGet(43)) - raft.server.rpcslowness.timeout = 120s (custom)
2019-10-14 19:24:03,461 [pool-159-thread-1] INFO  server.RaftServerConfigKeys (ConfUtils.java:logGet(43)) - raft.server.sleep.deviation.threshold = 300 (default)
2019-10-14 19:24:03,461 [pool-159-thread-1] INFO  server.RaftServerConfigKeys (ConfUtils.java:logGet(43)) - raft.server.log.appender.install.snapshot.enabled = false (custom)
2019-10-14 19:24:03,461 [pool-159-thread-1] INFO  impl.RaftServerImpl (ServerState.java:<init>(103)) - 01449a64-8d93-448f-af9d-a56c36523a6d@group-88443045B8E8: ConfigurationManager, init=-1: [01449a64-8d93-448f-af9d-a56c36523a6d:192.168.164.219:35434], old=null, confs=<EMPTY_MAP>
2019-10-14 19:24:03,461 [pool-159-thread-1] INFO  server.RaftServerConfigKeys (ConfUtils.java:logGet(43)) - raft.server.storage.dir = [/workdir/hadoop-ozone/integration-test/target/test-dir/MiniOzoneClusterImpl-d886f0db-47f2-4bc5-8f88-b8b0eb7c8529/datanode-4/data/ratis] (custom)
2019-10-14 19:24:03,461 [pool-159-thread-1] INFO  server.RaftServerConfigKeys (ConfUtils.java:logGet(43)) - raft.server.log.corruption.policy = EXCEPTION (default)
2019-10-14 19:24:03,462 [pool-159-thread-1] INFO  storage.RaftStorageDirectory (RaftStorageDirectory.java:analyzeStorage(246)) - The storage directory /workdir/hadoop-ozone/integration-test/target/test-dir/MiniOzoneClusterImpl-d886f0db-47f2-4bc5-8f88-b8b0eb7c8529/datanode-4/data/ratis/e04381ef-6748-4a71-a6cc-88443045b8e8 does not exist. Creating ...
2019-10-14 19:24:03,485 [pool-159-thread-1] INFO  storage.RaftStorageDirectory (RaftStorageDirectory.java:tryLock(328)) - Lock on /workdir/hadoop-ozone/integration-test/target/test-dir/MiniOzoneClusterImpl-d886f0db-47f2-4bc5-8f88-b8b0eb7c8529/datanode-4/data/ratis/e04381ef-6748-4a71-a6cc-88443045b8e8/in_use.lock acquired by nodename 13880@pr-hdds-1868-cfdmt-251076870
2019-10-14 19:24:03,508 [pool-159-thread-1] INFO  storage.RaftStorage (RaftStorage.java:format(84)) - Storage directory /workdir/hadoop-ozone/integration-test/target/test-dir/MiniOzoneClusterImpl-d886f0db-47f2-4bc5-8f88-b8b0eb7c8529/datanode-4/data/ratis/e04381ef-6748-4a71-a6cc-88443045b8e8 has been successfully formatted.
2019-10-14 19:24:03,508 [pool-159-thread-1] INFO  ratis.ContainerStateMachine (ContainerStateMachine.java:loadSnapshot(233)) - group-88443045B8E8: The snapshot info is null. Setting the last applied indexto:(t:0, i:~)
2019-10-14 19:24:03,508 [pool-159-thread-1] INFO  server.RaftServerConfigKeys (ConfUtils.java:logGet(43)) - raft.server.notification.no-leader.timeout = 120s (custom)
2019-10-14 19:24:03,509 [pool-159-thread-1] INFO  server.RaftServerConfigKeys (ConfUtils.java:logGet(43)) - raft.server.log.use.memory = false (default)
2019-10-14 19:24:03,509 [pool-159-thread-1] INFO  server.RaftServerConfigKeys (ConfUtils.java:logGet(43)) - raft.server.log.purge.gap = 1000000 (custom)
2019-10-14 19:24:03,509 [pool-159-thread-1] INFO  server.RaftServerConfigKeys (ConfUtils.java:logGet(43)) - raft.server.log.appender.buffer.byte-limit = 33554432 (custom)
2019-10-14 19:24:03,509 [pool-159-thread-1] INFO  server.RaftServerConfigKeys (ConfUtils.java:logGet(43)) - raft.server.log.segment.size.max = 1048576 (custom)
2019-10-14 19:24:03,511 [pool-159-thread-1] INFO  server.RaftServerConfigKeys (ConfUtils.java:logGet(43)) - raft.server.log.segment.cache.num.max = 2 (custom)
2019-10-14 19:24:03,512 [pool-159-thread-1] INFO  segmented.SegmentedRaftLogWorker (SegmentedRaftLogWorker.java:<init>(173)) - new 01449a64-8d93-448f-af9d-a56c36523a6d@group-88443045B8E8-SegmentedRaftLogWorker for RaftStorage:Storage Directory /workdir/hadoop-ozone/integration-test/target/test-dir/MiniOzoneClusterImpl-d886f0db-47f2-4bc5-8f88-b8b0eb7c8529/datanode-4/data/ratis/e04381ef-6748-4a71-a6cc-88443045b8e8
2019-10-14 19:24:03,512 [pool-159-thread-1] INFO  server.RaftServerConfigKeys (ConfUtils.java:logGet(43)) - raft.server.log.queue.byte-limit = 2147483647 (custom)
2019-10-14 19:24:03,512 [pool-159-thread-1] INFO  server.RaftServerConfigKeys (ConfUtils.java:logGet(43)) - raft.server.log.queue.element-limit = 1024 (custom)
2019-10-14 19:24:03,512 [pool-159-thread-1] INFO  server.RaftServerConfigKeys (ConfUtils.java:logGet(43)) - raft.server.log.segment.size.max = 1048576 (custom)
2019-10-14 19:24:03,512 [pool-159-thread-1] INFO  server.RaftServerConfigKeys (ConfUtils.java:logGet(43)) - raft.server.log.preallocated.size = 16384 (custom)
2019-10-14 19:24:03,512 [pool-159-thread-1] INFO  server.RaftServerConfigKeys (ConfUtils.java:logGet(43)) - raft.server.log.write.buffer.size = 33554432 (custom)
2019-10-14 19:24:03,512 [pool-159-thread-1] INFO  server.RaftServerConfigKeys (ConfUtils.java:logGet(43)) - raft.server.log.force.sync.num = 128 (default)
2019-10-14 19:24:03,513 [pool-159-thread-1] INFO  server.RaftServerConfigKeys (ConfUtils.java:logGet(43)) - raft.server.log.statemachine.data.sync = true (default)
2019-10-14 19:24:03,513 [pool-159-thread-1] INFO  server.RaftServerConfigKeys (ConfUtils.java:logGet(43)) - raft.server.log.statemachine.data.sync.timeout = 10s (default)
2019-10-14 19:24:03,513 [pool-159-thread-1] INFO  server.RaftServerConfigKeys (ConfUtils.java:logGet(43)) - raft.server.log.statemachine.data.sync.timeout.retry = -1 (default)
2019-10-14 19:24:03,513 [pool-159-thread-1] INFO  server.RaftServerConfigKeys (ConfUtils.java:logGet(43)) - raft.server.log.statemachine.data.caching.enabled = true (custom)
2019-10-14 19:24:03,514 [pool-159-thread-1] INFO  segmented.SegmentedRaftLogWorker (SegmentedRaftLogWorker.java:lambda$new$0(128)) - 01449a64-8d93-448f-af9d-a56c36523a6d@group-88443045B8E8-SegmentedRaftLogWorker: flushIndex: setUnconditionally 0 -> -1
2019-10-14 19:24:03,514 [pool-159-thread-1] INFO  server.RaftServerConfigKeys (ConfUtils.java:logGet(43)) - raft.server.snapshot.auto.trigger.enabled = true (custom)
2019-10-14 19:24:03,514 [pool-159-thread-1] INFO  server.RaftServerConfigKeys (ConfUtils.java:logGet(43)) - raft.server.snapshot.auto.trigger.threshold = 10000 (custom)
2019-10-14 19:24:03,514 [pool-159-thread-1] INFO  server.RaftServerConfigKeys (ConfUtils.java:logGet(43)) - raft.server.snapshot.retention.file.num = 5 (custom)
2019-10-14 19:24:03,514 [pool-159-thread-1] INFO  server.RaftServerConfigKeys (ConfUtils.java:logGet(43)) - raft.server.retrycache.expirytime = 600000ms (custom)
2019-10-14 19:24:03,516 [pool-159-thread-1] INFO  impl.RaftServerImpl (RaftServerImpl.java:start(181)) - 01449a64-8d93-448f-af9d-a56c36523a6d@group-88443045B8E8: start as a follower, conf=-1: [01449a64-8d93-448f-af9d-a56c36523a6d:192.168.164.219:35434], old=null
2019-10-14 19:24:03,516 [pool-159-thread-1] INFO  impl.RaftServerImpl (RaftServerImpl.java:setRole(170)) - 01449a64-8d93-448f-af9d-a56c36523a6d@group-88443045B8E8: changes role from      null to FOLLOWER at term 0 for startAsFollower
2019-10-14 19:24:03,516 [pool-159-thread-1] INFO  impl.RoleInfo (RoleInfo.java:updateAndGet(143)) - 01449a64-8d93-448f-af9d-a56c36523a6d: start FollowerState
2019-10-14 19:24:03,517 [pool-159-thread-1] INFO  util.JmxRegister (JmxRegister.java:tryRegister(44)) - Successfully registered JMX Bean with object name Ratis:service=RaftServer,group=group-88443045B8E8,id=01449a64-8d93-448f-af9d-a56c36523a6d
2019-10-14 19:24:03,522 [RatisPipelineUtilsThread] INFO  pipeline.PipelineStateManager (PipelineStateManager.java:addPipeline(57)) - Created pipeline Pipeline[ Id: e04381ef-6748-4a71-a6cc-88443045b8e8, Nodes: 01449a64-8d93-448f-af9d-a56c36523a6d{ip: 192.168.164.219, host: pr-hdds-1868-cfdmt-251076870, networkLocation: /default-rack, certSerialId: null}, Type:RATIS, Factor:ONE, State:ALLOCATED]
2019-10-14 19:24:03,528 [IPC Server handler 5 on 35358] INFO  net.NetworkTopology (NetworkTopologyImpl.java:add(111)) - Added a new node: /default-rack/867be414-fe82-4697-923b-46e307d25728
2019-10-14 19:24:03,528 [IPC Server handler 5 on 35358] INFO  node.SCMNodeManager (SCMNodeManager.java:register(268)) - Registered Data node : 867be414-fe82-4697-923b-46e307d25728{ip: 192.168.164.219, host: pr-hdds-1868-cfdmt-251076870, networkLocation: /default-rack, certSerialId: null}
2019-10-14 19:24:03,538 [grpc-default-executor-3] INFO  impl.RaftServerProxy (RaftServerProxy.java:addNew(89)) - 667ab7f6-1304-4576-8065-ee21422d46c2: addNew group-27AA301C7F73:[01449a64-8d93-448f-af9d-a56c36523a6d:192.168.164.219:35434, 667ab7f6-1304-4576-8065-ee21422d46c2:192.168.164.219:43837, 3fb132f9-3c35-4373-99da-83b8979a28e0:192.168.164.219:45592] returns group-27AA301C7F73:java.util.concurrent.CompletableFuture@605f6c65[Not completed]
2019-10-14 19:24:03,539 [grpc-default-executor-3] INFO  impl.RaftServerProxy (RaftServerProxy.java:addNew(89)) - 3fb132f9-3c35-4373-99da-83b8979a28e0: addNew group-27AA301C7F73:[01449a64-8d93-448f-af9d-a56c36523a6d:192.168.164.219:35434, 667ab7f6-1304-4576-8065-ee21422d46c2:192.168.164.219:43837, 3fb132f9-3c35-4373-99da-83b8979a28e0:192.168.164.219:45592] returns group-27AA301C7F73:java.util.concurrent.CompletableFuture@31794a8[Not completed]
2019-10-14 19:24:03,542 [grpc-default-executor-2] INFO  impl.RaftServerProxy (RaftServerProxy.java:addNew(89)) - 01449a64-8d93-448f-af9d-a56c36523a6d: addNew group-27AA301C7F73:[01449a64-8d93-448f-af9d-a56c36523a6d:192.168.164.219:35434, 667ab7f6-1304-4576-8065-ee21422d46c2:192.168.164.219:43837, 3fb132f9-3c35-4373-99da-83b8979a28e0:192.168.164.219:45592] returns group-27AA301C7F73:java.util.concurrent.CompletableFuture@3dffcefa[Not completed]
2019-10-14 19:24:03,543 [pool-149-thread-1] INFO  impl.RaftServerImpl (RaftServerImpl.java:<init>(95)) - 667ab7f6-1304-4576-8065-ee21422d46c2: new RaftServerImpl for group-27AA301C7F73:[01449a64-8d93-448f-af9d-a56c36523a6d:192.168.164.219:35434, 667ab7f6-1304-4576-8065-ee21422d46c2:192.168.164.219:43837, 3fb132f9-3c35-4373-99da-83b8979a28e0:192.168.164.219:45592] with ContainerStateMachine:uninitialized
2019-10-14 19:24:03,543 [pool-149-thread-1] INFO  server.RaftServerConfigKeys (ConfUtils.java:logGet(43)) - raft.server.rpc.timeout.min = 5s (custom)
2019-10-14 19:24:03,543 [pool-149-thread-1] INFO  server.RaftServerConfigKeys (ConfUtils.java:logGet(43)) - raft.server.rpc.timeout.max = 5200ms (custom)
2019-10-14 19:24:03,543 [pool-149-thread-1] INFO  server.RaftServerConfigKeys (ConfUtils.java:logGet(43)) - raft.server.rpcslowness.timeout = 120s (custom)
2019-10-14 19:24:03,543 [pool-149-thread-1] INFO  server.RaftServerConfigKeys (ConfUtils.java:logGet(43)) - raft.server.sleep.deviation.threshold = 300 (default)
2019-10-14 19:24:03,543 [pool-149-thread-1] INFO  server.RaftServerConfigKeys (ConfUtils.java:logGet(43)) - raft.server.log.appender.install.snapshot.enabled = false (custom)
2019-10-14 19:24:03,544 [pool-149-thread-1] INFO  impl.RaftServerImpl (ServerState.java:<init>(103)) - 667ab7f6-1304-4576-8065-ee21422d46c2@group-27AA301C7F73: ConfigurationManager, init=-1: [01449a64-8d93-448f-af9d-a56c36523a6d:192.168.164.219:35434, 667ab7f6-1304-4576-8065-ee21422d46c2:192.168.164.219:43837, 3fb132f9-3c35-4373-99da-83b8979a28e0:192.168.164.219:45592], old=null, confs=<EMPTY_MAP>
2019-10-14 19:24:03,544 [pool-149-thread-1] INFO  server.RaftServerConfigKeys (ConfUtils.java:logGet(43)) - raft.server.storage.dir = [/workdir/hadoop-ozone/integration-test/target/test-dir/MiniOzoneClusterImpl-d886f0db-47f2-4bc5-8f88-b8b0eb7c8529/datanode-3/data/ratis] (custom)
2019-10-14 19:24:03,544 [pool-149-thread-1] INFO  server.RaftServerConfigKeys (ConfUtils.java:logGet(43)) - raft.server.log.corruption.policy = EXCEPTION (default)
2019-10-14 19:24:03,544 [pool-129-thread-1] INFO  impl.RaftServerImpl (RaftServerImpl.java:<init>(95)) - 3fb132f9-3c35-4373-99da-83b8979a28e0: new RaftServerImpl for group-27AA301C7F73:[01449a64-8d93-448f-af9d-a56c36523a6d:192.168.164.219:35434, 667ab7f6-1304-4576-8065-ee21422d46c2:192.168.164.219:43837, 3fb132f9-3c35-4373-99da-83b8979a28e0:192.168.164.219:45592] with ContainerStateMachine:uninitialized
2019-10-14 19:24:03,544 [pool-149-thread-1] INFO  storage.RaftStorageDirectory (RaftStorageDirectory.java:analyzeStorage(246)) - The storage directory /workdir/hadoop-ozone/integration-test/target/test-dir/MiniOzoneClusterImpl-d886f0db-47f2-4bc5-8f88-b8b0eb7c8529/datanode-3/data/ratis/922f2e40-a5ea-4964-8ba3-27aa301c7f73 does not exist. Creating ...
2019-10-14 19:24:03,545 [pool-129-thread-1] INFO  server.RaftServerConfigKeys (ConfUtils.java:logGet(43)) - raft.server.rpc.timeout.min = 5s (custom)
2019-10-14 19:24:03,545 [pool-129-thread-1] INFO  server.RaftServerConfigKeys (ConfUtils.java:logGet(43)) - raft.server.rpc.timeout.max = 5200ms (custom)
2019-10-14 19:24:03,545 [pool-129-thread-1] INFO  server.RaftServerConfigKeys (ConfUtils.java:logGet(43)) - raft.server.rpcslowness.timeout = 120s (custom)
2019-10-14 19:24:03,545 [pool-159-thread-1] INFO  impl.RaftServerImpl (RaftServerImpl.java:<init>(95)) - 01449a64-8d93-448f-af9d-a56c36523a6d: new RaftServerImpl for group-27AA301C7F73:[01449a64-8d93-448f-af9d-a56c36523a6d:192.168.164.219:35434, 667ab7f6-1304-4576-8065-ee21422d46c2:192.168.164.219:43837, 3fb132f9-3c35-4373-99da-83b8979a28e0:192.168.164.219:45592] with ContainerStateMachine:uninitialized
2019-10-14 19:24:03,546 [pool-129-thread-1] INFO  server.RaftServerConfigKeys (ConfUtils.java:logGet(43)) - raft.server.sleep.deviation.threshold = 300 (default)
2019-10-14 19:24:03,546 [pool-159-thread-1] INFO  server.RaftServerConfigKeys (ConfUtils.java:logGet(43)) - raft.server.rpc.timeout.min = 5s (custom)
2019-10-14 19:24:03,546 [pool-129-thread-1] INFO  server.RaftServerConfigKeys (ConfUtils.java:logGet(43)) - raft.server.log.appender.install.snapshot.enabled = false (custom)
2019-10-14 19:24:03,546 [pool-159-thread-1] INFO  server.RaftServerConfigKeys (ConfUtils.java:logGet(43)) - raft.server.rpc.timeout.max = 5200ms (custom)
2019-10-14 19:24:03,546 [pool-159-thread-1] INFO  server.RaftServerConfigKeys (ConfUtils.java:logGet(43)) - raft.server.rpcslowness.timeout = 120s (custom)
2019-10-14 19:24:03,546 [pool-129-thread-1] INFO  impl.RaftServerImpl (ServerState.java:<init>(103)) - 3fb132f9-3c35-4373-99da-83b8979a28e0@group-27AA301C7F73: ConfigurationManager, init=-1: [01449a64-8d93-448f-af9d-a56c36523a6d:192.168.164.219:35434, 667ab7f6-1304-4576-8065-ee21422d46c2:192.168.164.219:43837, 3fb132f9-3c35-4373-99da-83b8979a28e0:192.168.164.219:45592], old=null, confs=<EMPTY_MAP>
2019-10-14 19:24:03,546 [pool-159-thread-1] INFO  server.RaftServerConfigKeys (ConfUtils.java:logGet(43)) - raft.server.sleep.deviation.threshold = 300 (default)
2019-10-14 19:24:03,547 [pool-159-thread-1] INFO  server.RaftServerConfigKeys (ConfUtils.java:logGet(43)) - raft.server.log.appender.install.snapshot.enabled = false (custom)
2019-10-14 19:24:03,547 [pool-129-thread-1] INFO  server.RaftServerConfigKeys (ConfUtils.java:logGet(43)) - raft.server.storage.dir = [/workdir/hadoop-ozone/integration-test/target/test-dir/MiniOzoneClusterImpl-d886f0db-47f2-4bc5-8f88-b8b0eb7c8529/datanode-1/data/ratis] (custom)
2019-10-14 19:24:03,547 [pool-159-thread-1] INFO  impl.RaftServerImpl (ServerState.java:<init>(103)) - 01449a64-8d93-448f-af9d-a56c36523a6d@group-27AA301C7F73: ConfigurationManager, init=-1: [01449a64-8d93-448f-af9d-a56c36523a6d:192.168.164.219:35434, 667ab7f6-1304-4576-8065-ee21422d46c2:192.168.164.219:43837, 3fb132f9-3c35-4373-99da-83b8979a28e0:192.168.164.219:45592], old=null, confs=<EMPTY_MAP>
2019-10-14 19:24:03,547 [pool-159-thread-1] INFO  server.RaftServerConfigKeys (ConfUtils.java:logGet(43)) - raft.server.storage.dir = [/workdir/hadoop-ozone/integration-test/target/test-dir/MiniOzoneClusterImpl-d886f0db-47f2-4bc5-8f88-b8b0eb7c8529/datanode-4/data/ratis] (custom)
2019-10-14 19:24:03,547 [pool-129-thread-1] INFO  server.RaftServerConfigKeys (ConfUtils.java:logGet(43)) - raft.server.log.corruption.policy = EXCEPTION (default)
2019-10-14 19:24:03,547 [pool-159-thread-1] INFO  server.RaftServerConfigKeys (ConfUtils.java:logGet(43)) - raft.server.log.corruption.policy = EXCEPTION (default)
2019-10-14 19:24:03,548 [pool-129-thread-1] INFO  storage.RaftStorageDirectory (RaftStorageDirectory.java:analyzeStorage(246)) - The storage directory /workdir/hadoop-ozone/integration-test/target/test-dir/MiniOzoneClusterImpl-d886f0db-47f2-4bc5-8f88-b8b0eb7c8529/datanode-1/data/ratis/922f2e40-a5ea-4964-8ba3-27aa301c7f73 does not exist. Creating ...
2019-10-14 19:24:03,548 [pool-159-thread-1] INFO  storage.RaftStorageDirectory (RaftStorageDirectory.java:analyzeStorage(246)) - The storage directory /workdir/hadoop-ozone/integration-test/target/test-dir/MiniOzoneClusterImpl-d886f0db-47f2-4bc5-8f88-b8b0eb7c8529/datanode-4/data/ratis/922f2e40-a5ea-4964-8ba3-27aa301c7f73 does not exist. Creating ...
2019-10-14 19:24:03,568 [pool-149-thread-1] INFO  storage.RaftStorageDirectory (RaftStorageDirectory.java:tryLock(328)) - Lock on /workdir/hadoop-ozone/integration-test/target/test-dir/MiniOzoneClusterImpl-d886f0db-47f2-4bc5-8f88-b8b0eb7c8529/datanode-3/data/ratis/922f2e40-a5ea-4964-8ba3-27aa301c7f73/in_use.lock acquired by nodename 13880@pr-hdds-1868-cfdmt-251076870
2019-10-14 19:24:03,569 [pool-129-thread-1] INFO  storage.RaftStorageDirectory (RaftStorageDirectory.java:tryLock(328)) - Lock on /workdir/hadoop-ozone/integration-test/target/test-dir/MiniOzoneClusterImpl-d886f0db-47f2-4bc5-8f88-b8b0eb7c8529/datanode-1/data/ratis/922f2e40-a5ea-4964-8ba3-27aa301c7f73/in_use.lock acquired by nodename 13880@pr-hdds-1868-cfdmt-251076870
2019-10-14 19:24:03,569 [pool-159-thread-1] INFO  storage.RaftStorageDirectory (RaftStorageDirectory.java:tryLock(328)) - Lock on /workdir/hadoop-ozone/integration-test/target/test-dir/MiniOzoneClusterImpl-d886f0db-47f2-4bc5-8f88-b8b0eb7c8529/datanode-4/data/ratis/922f2e40-a5ea-4964-8ba3-27aa301c7f73/in_use.lock acquired by nodename 13880@pr-hdds-1868-cfdmt-251076870
2019-10-14 19:24:03,591 [pool-159-thread-1] INFO  storage.RaftStorage (RaftStorage.java:format(84)) - Storage directory /workdir/hadoop-ozone/integration-test/target/test-dir/MiniOzoneClusterImpl-d886f0db-47f2-4bc5-8f88-b8b0eb7c8529/datanode-4/data/ratis/922f2e40-a5ea-4964-8ba3-27aa301c7f73 has been successfully formatted.
2019-10-14 19:24:03,591 [pool-129-thread-1] INFO  storage.RaftStorage (RaftStorage.java:format(84)) - Storage directory /workdir/hadoop-ozone/integration-test/target/test-dir/MiniOzoneClusterImpl-d886f0db-47f2-4bc5-8f88-b8b0eb7c8529/datanode-1/data/ratis/922f2e40-a5ea-4964-8ba3-27aa301c7f73 has been successfully formatted.
2019-10-14 19:24:03,591 [pool-149-thread-1] INFO  storage.RaftStorage (RaftStorage.java:format(84)) - Storage directory /workdir/hadoop-ozone/integration-test/target/test-dir/MiniOzoneClusterImpl-d886f0db-47f2-4bc5-8f88-b8b0eb7c8529/datanode-3/data/ratis/922f2e40-a5ea-4964-8ba3-27aa301c7f73 has been successfully formatted.
2019-10-14 19:24:03,592 [pool-129-thread-1] INFO  ratis.ContainerStateMachine (ContainerStateMachine.java:loadSnapshot(233)) - group-27AA301C7F73: The snapshot info is null. Setting the last applied indexto:(t:0, i:~)
2019-10-14 19:24:03,592 [pool-159-thread-1] INFO  ratis.ContainerStateMachine (ContainerStateMachine.java:loadSnapshot(233)) - group-27AA301C7F73: The snapshot info is null. Setting the last applied indexto:(t:0, i:~)
2019-10-14 19:24:03,592 [pool-149-thread-1] INFO  ratis.ContainerStateMachine (ContainerStateMachine.java:loadSnapshot(233)) - group-27AA301C7F73: The snapshot info is null. Setting the last applied indexto:(t:0, i:~)
2019-10-14 19:24:03,592 [pool-129-thread-1] INFO  server.RaftServerConfigKeys (ConfUtils.java:logGet(43)) - raft.server.notification.no-leader.timeout = 120s (custom)
2019-10-14 19:24:03,592 [pool-149-thread-1] INFO  server.RaftServerConfigKeys (ConfUtils.java:logGet(43)) - raft.server.notification.no-leader.timeout = 120s (custom)
2019-10-14 19:24:03,592 [pool-159-thread-1] INFO  server.RaftServerConfigKeys (ConfUtils.java:logGet(43)) - raft.server.notification.no-leader.timeout = 120s (custom)
2019-10-14 19:24:03,592 [pool-149-thread-1] INFO  server.RaftServerConfigKeys (ConfUtils.java:logGet(43)) - raft.server.log.use.memory = false (default)
2019-10-14 19:24:03,592 [pool-129-thread-1] INFO  server.RaftServerConfigKeys (ConfUtils.java:logGet(43)) - raft.server.log.use.memory = false (default)
2019-10-14 19:24:03,593 [pool-149-thread-1] INFO  server.RaftServerConfigKeys (ConfUtils.java:logGet(43)) - raft.server.log.purge.gap = 1000000 (custom)
2019-10-14 19:24:03,593 [pool-159-thread-1] INFO  server.RaftServerConfigKeys (ConfUtils.java:logGet(43)) - raft.server.log.use.memory = false (default)
2019-10-14 19:24:03,593 [pool-149-thread-1] INFO  server.RaftServerConfigKeys (ConfUtils.java:logGet(43)) - raft.server.log.appender.buffer.byte-limit = 33554432 (custom)
2019-10-14 19:24:03,593 [pool-129-thread-1] INFO  server.RaftServerConfigKeys (ConfUtils.java:logGet(43)) - raft.server.log.purge.gap = 1000000 (custom)
2019-10-14 19:24:03,593 [pool-149-thread-1] INFO  server.RaftServerConfigKeys (ConfUtils.java:logGet(43)) - raft.server.log.segment.size.max = 1048576 (custom)
2019-10-14 19:24:03,593 [pool-159-thread-1] INFO  server.RaftServerConfigKeys (ConfUtils.java:logGet(43)) - raft.server.log.purge.gap = 1000000 (custom)
2019-10-14 19:24:03,594 [pool-149-thread-1] INFO  server.RaftServerConfigKeys (ConfUtils.java:logGet(43)) - raft.server.log.segment.cache.num.max = 2 (custom)
2019-10-14 19:24:03,593 [pool-129-thread-1] INFO  server.RaftServerConfigKeys (ConfUtils.java:logGet(43)) - raft.server.log.appender.buffer.byte-limit = 33554432 (custom)
2019-10-14 19:24:03,594 [pool-149-thread-1] INFO  segmented.SegmentedRaftLogWorker (SegmentedRaftLogWorker.java:<init>(173)) - new 667ab7f6-1304-4576-8065-ee21422d46c2@group-27AA301C7F73-SegmentedRaftLogWorker for RaftStorage:Storage Directory /workdir/hadoop-ozone/integration-test/target/test-dir/MiniOzoneClusterImpl-d886f0db-47f2-4bc5-8f88-b8b0eb7c8529/datanode-3/data/ratis/922f2e40-a5ea-4964-8ba3-27aa301c7f73
2019-10-14 19:24:03,594 [pool-159-thread-1] INFO  server.RaftServerConfigKeys (ConfUtils.java:logGet(43)) - raft.server.log.appender.buffer.byte-limit = 33554432 (custom)
2019-10-14 19:24:03,594 [pool-149-thread-1] INFO  server.RaftServerConfigKeys (ConfUtils.java:logGet(43)) - raft.server.log.queue.byte-limit = 2147483647 (custom)
2019-10-14 19:24:03,594 [pool-129-thread-1] INFO  server.RaftServerConfigKeys (ConfUtils.java:logGet(43)) - raft.server.log.segment.size.max = 1048576 (custom)
2019-10-14 19:24:03,594 [pool-149-thread-1] INFO  server.RaftServerConfigKeys (ConfUtils.java:logGet(43)) - raft.server.log.queue.element-limit = 1024 (custom)
2019-10-14 19:24:03,594 [pool-159-thread-1] INFO  server.RaftServerConfigKeys (ConfUtils.java:logGet(43)) - raft.server.log.segment.size.max = 1048576 (custom)
2019-10-14 19:24:03,595 [pool-149-thread-1] INFO  server.RaftServerConfigKeys (ConfUtils.java:logGet(43)) - raft.server.log.segment.size.max = 1048576 (custom)
2019-10-14 19:24:03,594 [pool-129-thread-1] INFO  server.RaftServerConfigKeys (ConfUtils.java:logGet(43)) - raft.server.log.segment.cache.num.max = 2 (custom)
2019-10-14 19:24:03,595 [pool-149-thread-1] INFO  server.RaftServerConfigKeys (ConfUtils.java:logGet(43)) - raft.server.log.preallocated.size = 16384 (custom)
2019-10-14 19:24:03,595 [pool-159-thread-1] INFO  server.RaftServerConfigKeys (ConfUtils.java:logGet(43)) - raft.server.log.segment.cache.num.max = 2 (custom)
2019-10-14 19:24:03,595 [pool-149-thread-1] INFO  server.RaftServerConfigKeys (ConfUtils.java:logGet(43)) - raft.server.log.write.buffer.size = 33554432 (custom)
2019-10-14 19:24:03,595 [pool-129-thread-1] INFO  segmented.SegmentedRaftLogWorker (SegmentedRaftLogWorker.java:<init>(173)) - new 3fb132f9-3c35-4373-99da-83b8979a28e0@group-27AA301C7F73-SegmentedRaftLogWorker for RaftStorage:Storage Directory /workdir/hadoop-ozone/integration-test/target/test-dir/MiniOzoneClusterImpl-d886f0db-47f2-4bc5-8f88-b8b0eb7c8529/datanode-1/data/ratis/922f2e40-a5ea-4964-8ba3-27aa301c7f73
2019-10-14 19:24:03,595 [pool-149-thread-1] INFO  server.RaftServerConfigKeys (ConfUtils.java:logGet(43)) - raft.server.log.force.sync.num = 128 (default)
2019-10-14 19:24:03,595 [pool-159-thread-1] INFO  segmented.SegmentedRaftLogWorker (SegmentedRaftLogWorker.java:<init>(173)) - new 01449a64-8d93-448f-af9d-a56c36523a6d@group-27AA301C7F73-SegmentedRaftLogWorker for RaftStorage:Storage Directory /workdir/hadoop-ozone/integration-test/target/test-dir/MiniOzoneClusterImpl-d886f0db-47f2-4bc5-8f88-b8b0eb7c8529/datanode-4/data/ratis/922f2e40-a5ea-4964-8ba3-27aa301c7f73
2019-10-14 19:24:03,595 [pool-149-thread-1] INFO  server.RaftServerConfigKeys (ConfUtils.java:logGet(43)) - raft.server.log.statemachine.data.sync = true (default)
2019-10-14 19:24:03,595 [pool-129-thread-1] INFO  server.RaftServerConfigKeys (ConfUtils.java:logGet(43)) - raft.server.log.queue.byte-limit = 2147483647 (custom)
2019-10-14 19:24:03,596 [pool-149-thread-1] INFO  server.RaftServerConfigKeys (ConfUtils.java:logGet(43)) - raft.server.log.statemachine.data.sync.timeout = 10s (default)
2019-10-14 19:24:03,596 [pool-159-thread-1] INFO  server.RaftServerConfigKeys (ConfUtils.java:logGet(43)) - raft.server.log.queue.byte-limit = 2147483647 (custom)
2019-10-14 19:24:03,596 [pool-149-thread-1] INFO  server.RaftServerConfigKeys (ConfUtils.java:logGet(43)) - raft.server.log.statemachine.data.sync.timeout.retry = -1 (default)
2019-10-14 19:24:03,596 [pool-129-thread-1] INFO  server.RaftServerConfigKeys (ConfUtils.java:logGet(43)) - raft.server.log.queue.element-limit = 1024 (custom)
2019-10-14 19:24:03,596 [pool-159-thread-1] INFO  server.RaftServerConfigKeys (ConfUtils.java:logGet(43)) - raft.server.log.queue.element-limit = 1024 (custom)
2019-10-14 19:24:03,596 [pool-129-thread-1] INFO  server.RaftServerConfigKeys (ConfUtils.java:logGet(43)) - raft.server.log.segment.size.max = 1048576 (custom)
2019-10-14 19:24:03,596 [pool-149-thread-1] INFO  server.RaftServerConfigKeys (ConfUtils.java:logGet(43)) - raft.server.log.statemachine.data.caching.enabled = true (custom)
2019-10-14 19:24:03,597 [pool-129-thread-1] INFO  server.RaftServerConfigKeys (ConfUtils.java:logGet(43)) - raft.server.log.preallocated.size = 16384 (custom)
2019-10-14 19:24:03,596 [pool-159-thread-1] INFO  server.RaftServerConfigKeys (ConfUtils.java:logGet(43)) - raft.server.log.segment.size.max = 1048576 (custom)
2019-10-14 19:24:03,597 [pool-149-thread-1] INFO  segmented.SegmentedRaftLogWorker (SegmentedRaftLogWorker.java:lambda$new$0(128)) - 667ab7f6-1304-4576-8065-ee21422d46c2@group-27AA301C7F73-SegmentedRaftLogWorker: flushIndex: setUnconditionally 0 -> -1
2019-10-14 19:24:03,597 [pool-129-thread-1] INFO  server.RaftServerConfigKeys (ConfUtils.java:logGet(43)) - raft.server.log.write.buffer.size = 33554432 (custom)
2019-10-14 19:24:03,597 [pool-159-thread-1] INFO  server.RaftServerConfigKeys (ConfUtils.java:logGet(43)) - raft.server.log.preallocated.size = 16384 (custom)
2019-10-14 19:24:03,597 [pool-129-thread-1] INFO  server.RaftServerConfigKeys (ConfUtils.java:logGet(43)) - raft.server.log.force.sync.num = 128 (default)
2019-10-14 19:24:03,597 [pool-149-thread-1] INFO  server.RaftServerConfigKeys (ConfUtils.java:logGet(43)) - raft.server.snapshot.auto.trigger.enabled = true (custom)
2019-10-14 19:24:03,597 [pool-159-thread-1] INFO  server.RaftServerConfigKeys (ConfUtils.java:logGet(43)) - raft.server.log.write.buffer.size = 33554432 (custom)
2019-10-14 19:24:03,598 [pool-149-thread-1] INFO  server.RaftServerConfigKeys (ConfUtils.java:logGet(43)) - raft.server.snapshot.auto.trigger.threshold = 10000 (custom)
2019-10-14 19:24:03,597 [pool-129-thread-1] INFO  server.RaftServerConfigKeys (ConfUtils.java:logGet(43)) - raft.server.log.statemachine.data.sync = true (default)
2019-10-14 19:24:03,598 [pool-149-thread-1] INFO  server.RaftServerConfigKeys (ConfUtils.java:logGet(43)) - raft.server.snapshot.retention.file.num = 5 (custom)
2019-10-14 19:24:03,598 [pool-159-thread-1] INFO  server.RaftServerConfigKeys (ConfUtils.java:logGet(43)) - raft.server.log.force.sync.num = 128 (default)
2019-10-14 19:24:03,598 [pool-149-thread-1] INFO  server.RaftServerConfigKeys (ConfUtils.java:logGet(43)) - raft.server.retrycache.expirytime = 600000ms (custom)
2019-10-14 19:24:03,598 [pool-129-thread-1] INFO  server.RaftServerConfigKeys (ConfUtils.java:logGet(43)) - raft.server.log.statemachine.data.sync.timeout = 10s (default)
2019-10-14 19:24:03,598 [pool-159-thread-1] INFO  server.RaftServerConfigKeys (ConfUtils.java:logGet(43)) - raft.server.log.statemachine.data.sync = true (default)
2019-10-14 19:24:03,598 [pool-129-thread-1] INFO  server.RaftServerConfigKeys (ConfUtils.java:logGet(43)) - raft.server.log.statemachine.data.sync.timeout.retry = -1 (default)
2019-10-14 19:24:03,598 [pool-159-thread-1] INFO  server.RaftServerConfigKeys (ConfUtils.java:logGet(43)) - raft.server.log.statemachine.data.sync.timeout = 10s (default)
2019-10-14 19:24:03,599 [pool-129-thread-1] INFO  server.RaftServerConfigKeys (ConfUtils.java:logGet(43)) - raft.server.log.statemachine.data.caching.enabled = true (custom)
2019-10-14 19:24:03,599 [pool-159-thread-1] INFO  server.RaftServerConfigKeys (ConfUtils.java:logGet(43)) - raft.server.log.statemachine.data.sync.timeout.retry = -1 (default)
2019-10-14 19:24:03,599 [pool-129-thread-1] INFO  segmented.SegmentedRaftLogWorker (SegmentedRaftLogWorker.java:lambda$new$0(128)) - 3fb132f9-3c35-4373-99da-83b8979a28e0@group-27AA301C7F73-SegmentedRaftLogWorker: flushIndex: setUnconditionally 0 -> -1
2019-10-14 19:24:03,599 [pool-159-thread-1] INFO  server.RaftServerConfigKeys (ConfUtils.java:logGet(43)) - raft.server.log.statemachine.data.caching.enabled = true (custom)
2019-10-14 19:24:03,599 [pool-129-thread-1] INFO  server.RaftServerConfigKeys (ConfUtils.java:logGet(43)) - raft.server.snapshot.auto.trigger.enabled = true (custom)
2019-10-14 19:24:03,600 [pool-159-thread-1] INFO  segmented.SegmentedRaftLogWorker (SegmentedRaftLogWorker.java:lambda$new$0(128)) - 01449a64-8d93-448f-af9d-a56c36523a6d@group-27AA301C7F73-SegmentedRaftLogWorker: flushIndex: setUnconditionally 0 -> -1
2019-10-14 19:24:03,600 [pool-129-thread-1] INFO  server.RaftServerConfigKeys (ConfUtils.java:logGet(43)) - raft.server.snapshot.auto.trigger.threshold = 10000 (custom)
2019-10-14 19:24:03,600 [pool-159-thread-1] INFO  server.RaftServerConfigKeys (ConfUtils.java:logGet(43)) - raft.server.snapshot.auto.trigger.enabled = true (custom)
2019-10-14 19:24:03,600 [pool-129-thread-1] INFO  server.RaftServerConfigKeys (ConfUtils.java:logGet(43)) - raft.server.snapshot.retention.file.num = 5 (custom)
2019-10-14 19:24:03,600 [pool-159-thread-1] INFO  server.RaftServerConfigKeys (ConfUtils.java:logGet(43)) - raft.server.snapshot.auto.trigger.threshold = 10000 (custom)
2019-10-14 19:24:03,600 [pool-129-thread-1] INFO  server.RaftServerConfigKeys (ConfUtils.java:logGet(43)) - raft.server.retrycache.expirytime = 600000ms (custom)
2019-10-14 19:24:03,600 [pool-159-thread-1] INFO  server.RaftServerConfigKeys (ConfUtils.java:logGet(43)) - raft.server.snapshot.retention.file.num = 5 (custom)
2019-10-14 19:24:03,601 [pool-159-thread-1] INFO  server.RaftServerConfigKeys (ConfUtils.java:logGet(43)) - raft.server.retrycache.expirytime = 600000ms (custom)
2019-10-14 19:24:03,601 [pool-149-thread-1] INFO  impl.RaftServerImpl (RaftServerImpl.java:start(181)) - 667ab7f6-1304-4576-8065-ee21422d46c2@group-27AA301C7F73: start as a follower, conf=-1: [01449a64-8d93-448f-af9d-a56c36523a6d:192.168.164.219:35434, 667ab7f6-1304-4576-8065-ee21422d46c2:192.168.164.219:43837, 3fb132f9-3c35-4373-99da-83b8979a28e0:192.168.164.219:45592], old=null
2019-10-14 19:24:03,601 [pool-149-thread-1] INFO  impl.RaftServerImpl (RaftServerImpl.java:setRole(170)) - 667ab7f6-1304-4576-8065-ee21422d46c2@group-27AA301C7F73: changes role from      null to FOLLOWER at term 0 for startAsFollower
2019-10-14 19:24:03,602 [pool-149-thread-1] INFO  impl.RoleInfo (RoleInfo.java:updateAndGet(143)) - 667ab7f6-1304-4576-8065-ee21422d46c2: start FollowerState
2019-10-14 19:24:03,602 [pool-149-thread-1] INFO  util.JmxRegister (JmxRegister.java:tryRegister(44)) - Successfully registered JMX Bean with object name Ratis:service=RaftServer,group=group-27AA301C7F73,id=667ab7f6-1304-4576-8065-ee21422d46c2
2019-10-14 19:24:03,604 [pool-129-thread-1] INFO  impl.RaftServerImpl (RaftServerImpl.java:start(181)) - 3fb132f9-3c35-4373-99da-83b8979a28e0@group-27AA301C7F73: start as a follower, conf=-1: [01449a64-8d93-448f-af9d-a56c36523a6d:192.168.164.219:35434, 667ab7f6-1304-4576-8065-ee21422d46c2:192.168.164.219:43837, 3fb132f9-3c35-4373-99da-83b8979a28e0:192.168.164.219:45592], old=null
2019-10-14 19:24:03,604 [pool-129-thread-1] INFO  impl.RaftServerImpl (RaftServerImpl.java:setRole(170)) - 3fb132f9-3c35-4373-99da-83b8979a28e0@group-27AA301C7F73: changes role from      null to FOLLOWER at term 0 for startAsFollower
2019-10-14 19:24:03,604 [pool-159-thread-1] INFO  impl.RaftServerImpl (RaftServerImpl.java:start(181)) - 01449a64-8d93-448f-af9d-a56c36523a6d@group-27AA301C7F73: start as a follower, conf=-1: [01449a64-8d93-448f-af9d-a56c36523a6d:192.168.164.219:35434, 667ab7f6-1304-4576-8065-ee21422d46c2:192.168.164.219:43837, 3fb132f9-3c35-4373-99da-83b8979a28e0:192.168.164.219:45592], old=null
2019-10-14 19:24:03,604 [pool-129-thread-1] INFO  impl.RoleInfo (RoleInfo.java:updateAndGet(143)) - 3fb132f9-3c35-4373-99da-83b8979a28e0: start FollowerState
2019-10-14 19:24:03,605 [pool-159-thread-1] INFO  impl.RaftServerImpl (RaftServerImpl.java:setRole(170)) - 01449a64-8d93-448f-af9d-a56c36523a6d@group-27AA301C7F73: changes role from      null to FOLLOWER at term 0 for startAsFollower
2019-10-14 19:24:03,605 [pool-159-thread-1] INFO  impl.RoleInfo (RoleInfo.java:updateAndGet(143)) - 01449a64-8d93-448f-af9d-a56c36523a6d: start FollowerState
2019-10-14 19:24:03,605 [pool-129-thread-1] INFO  util.JmxRegister (JmxRegister.java:tryRegister(44)) - Successfully registered JMX Bean with object name Ratis:service=RaftServer,group=group-27AA301C7F73,id=3fb132f9-3c35-4373-99da-83b8979a28e0
2019-10-14 19:24:03,605 [pool-159-thread-1] INFO  util.JmxRegister (JmxRegister.java:tryRegister(44)) - Successfully registered JMX Bean with object name Ratis:service=RaftServer,group=group-27AA301C7F73,id=01449a64-8d93-448f-af9d-a56c36523a6d
2019-10-14 19:24:03,613 [IPC Server handler 6 on 35358] INFO  net.NetworkTopology (NetworkTopologyImpl.java:add(111)) - Added a new node: /default-rack/e449d29f-23ec-4943-8e04-16f349e7a11f
2019-10-14 19:24:03,613 [RatisPipelineUtilsThread] INFO  pipeline.PipelineStateManager (PipelineStateManager.java:addPipeline(57)) - Created pipeline Pipeline[ Id: 922f2e40-a5ea-4964-8ba3-27aa301c7f73, Nodes: 01449a64-8d93-448f-af9d-a56c36523a6d{ip: 192.168.164.219, host: pr-hdds-1868-cfdmt-251076870, networkLocation: /default-rack, certSerialId: null}667ab7f6-1304-4576-8065-ee21422d46c2{ip: 192.168.164.219, host: pr-hdds-1868-cfdmt-251076870, networkLocation: /default-rack, certSerialId: null}3fb132f9-3c35-4373-99da-83b8979a28e0{ip: 192.168.164.219, host: pr-hdds-1868-cfdmt-251076870, networkLocation: /default-rack, certSerialId: null}, Type:RATIS, Factor:THREE, State:ALLOCATED]
2019-10-14 19:24:03,613 [IPC Server handler 6 on 35358] INFO  node.SCMNodeManager (SCMNodeManager.java:register(268)) - Registered Data node : e449d29f-23ec-4943-8e04-16f349e7a11f{ip: 192.168.164.219, host: pr-hdds-1868-cfdmt-251076870, networkLocation: /default-rack, certSerialId: null}
2019-10-14 19:24:03,629 [grpc-default-executor-2] INFO  impl.RaftServerProxy (RaftServerProxy.java:addNew(89)) - a33f834b-b66a-4354-b261-b5dccb079bb7: addNew group-8FF0169D7730:[867be414-fe82-4697-923b-46e307d25728:192.168.164.219:46006, e449d29f-23ec-4943-8e04-16f349e7a11f:192.168.164.219:34574, a33f834b-b66a-4354-b261-b5dccb079bb7:192.168.164.219:43999] returns group-8FF0169D7730:java.util.concurrent.CompletableFuture@6082e6bc[Not completed]
2019-10-14 19:24:03,634 [grpc-default-executor-2] INFO  impl.RaftServerProxy (RaftServerProxy.java:addNew(89)) - e449d29f-23ec-4943-8e04-16f349e7a11f: addNew group-8FF0169D7730:[867be414-fe82-4697-923b-46e307d25728:192.168.164.219:46006, e449d29f-23ec-4943-8e04-16f349e7a11f:192.168.164.219:34574, a33f834b-b66a-4354-b261-b5dccb079bb7:192.168.164.219:43999] returns group-8FF0169D7730:java.util.concurrent.CompletableFuture@32a70ed7[Not completed]
2019-10-14 19:24:03,634 [grpc-default-executor-3] INFO  impl.RaftServerProxy (RaftServerProxy.java:addNew(89)) - 867be414-fe82-4697-923b-46e307d25728: addNew group-8FF0169D7730:[867be414-fe82-4697-923b-46e307d25728:192.168.164.219:46006, e449d29f-23ec-4943-8e04-16f349e7a11f:192.168.164.219:34574, a33f834b-b66a-4354-b261-b5dccb079bb7:192.168.164.219:43999] returns group-8FF0169D7730:java.util.concurrent.CompletableFuture@1c6457d9[Not completed]
2019-10-14 19:24:03,634 [pool-139-thread-1] INFO  impl.RaftServerImpl (RaftServerImpl.java:<init>(95)) - a33f834b-b66a-4354-b261-b5dccb079bb7: new RaftServerImpl for group-8FF0169D7730:[867be414-fe82-4697-923b-46e307d25728:192.168.164.219:46006, e449d29f-23ec-4943-8e04-16f349e7a11f:192.168.164.219:34574, a33f834b-b66a-4354-b261-b5dccb079bb7:192.168.164.219:43999] with ContainerStateMachine:uninitialized
2019-10-14 19:24:03,635 [pool-139-thread-1] INFO  server.RaftServerConfigKeys (ConfUtils.java:logGet(43)) - raft.server.rpc.timeout.min = 5s (custom)
2019-10-14 19:24:03,635 [pool-139-thread-1] INFO  server.RaftServerConfigKeys (ConfUtils.java:logGet(43)) - raft.server.rpc.timeout.max = 5200ms (custom)
2019-10-14 19:24:03,635 [pool-139-thread-1] INFO  server.RaftServerConfigKeys (ConfUtils.java:logGet(43)) - raft.server.rpcslowness.timeout = 120s (custom)
2019-10-14 19:24:03,635 [pool-139-thread-1] INFO  server.RaftServerConfigKeys (ConfUtils.java:logGet(43)) - raft.server.sleep.deviation.threshold = 300 (default)
2019-10-14 19:24:03,635 [pool-139-thread-1] INFO  server.RaftServerConfigKeys (ConfUtils.java:logGet(43)) - raft.server.log.appender.install.snapshot.enabled = false (custom)
2019-10-14 19:24:03,635 [pool-139-thread-1] INFO  impl.RaftServerImpl (ServerState.java:<init>(103)) - a33f834b-b66a-4354-b261-b5dccb079bb7@group-8FF0169D7730: ConfigurationManager, init=-1: [867be414-fe82-4697-923b-46e307d25728:192.168.164.219:46006, e449d29f-23ec-4943-8e04-16f349e7a11f:192.168.164.219:34574, a33f834b-b66a-4354-b261-b5dccb079bb7:192.168.164.219:43999], old=null, confs=<EMPTY_MAP>
2019-10-14 19:24:03,635 [pool-139-thread-1] INFO  server.RaftServerConfigKeys (ConfUtils.java:logGet(43)) - raft.server.storage.dir = [/workdir/hadoop-ozone/integration-test/target/test-dir/MiniOzoneClusterImpl-d886f0db-47f2-4bc5-8f88-b8b0eb7c8529/datanode-2/data/ratis] (custom)
2019-10-14 19:24:03,636 [pool-139-thread-1] INFO  server.RaftServerConfigKeys (ConfUtils.java:logGet(43)) - raft.server.log.corruption.policy = EXCEPTION (default)
2019-10-14 19:24:03,638 [pool-179-thread-1] INFO  impl.RaftServerImpl (RaftServerImpl.java:<init>(95)) - e449d29f-23ec-4943-8e04-16f349e7a11f: new RaftServerImpl for group-8FF0169D7730:[867be414-fe82-4697-923b-46e307d25728:192.168.164.219:46006, e449d29f-23ec-4943-8e04-16f349e7a11f:192.168.164.219:34574, a33f834b-b66a-4354-b261-b5dccb079bb7:192.168.164.219:43999] with ContainerStateMachine:uninitialized
2019-10-14 19:24:03,639 [pool-139-thread-1] INFO  storage.RaftStorageDirectory (RaftStorageDirectory.java:analyzeStorage(246)) - The storage directory /workdir/hadoop-ozone/integration-test/target/test-dir/MiniOzoneClusterImpl-d886f0db-47f2-4bc5-8f88-b8b0eb7c8529/datanode-2/data/ratis/9bc451f0-e824-4d10-b99c-8ff0169d7730 does not exist. Creating ...
2019-10-14 19:24:03,639 [pool-179-thread-1] INFO  server.RaftServerConfigKeys (ConfUtils.java:logGet(43)) - raft.server.rpc.timeout.min = 5s (custom)
2019-10-14 19:24:03,639 [pool-179-thread-1] INFO  server.RaftServerConfigKeys (ConfUtils.java:logGet(43)) - raft.server.rpc.timeout.max = 5200ms (custom)
2019-10-14 19:24:03,639 [pool-179-thread-1] INFO  server.RaftServerConfigKeys (ConfUtils.java:logGet(43)) - raft.server.rpcslowness.timeout = 120s (custom)
2019-10-14 19:24:03,639 [pool-179-thread-1] INFO  server.RaftServerConfigKeys (ConfUtils.java:logGet(43)) - raft.server.sleep.deviation.threshold = 300 (default)
2019-10-14 19:24:03,642 [pool-179-thread-1] INFO  server.RaftServerConfigKeys (ConfUtils.java:logGet(43)) - raft.server.log.appender.install.snapshot.enabled = false (custom)
2019-10-14 19:24:03,642 [pool-169-thread-1] INFO  impl.RaftServerImpl (RaftServerImpl.java:<init>(95)) - 867be414-fe82-4697-923b-46e307d25728: new RaftServerImpl for group-8FF0169D7730:[867be414-fe82-4697-923b-46e307d25728:192.168.164.219:46006, e449d29f-23ec-4943-8e04-16f349e7a11f:192.168.164.219:34574, a33f834b-b66a-4354-b261-b5dccb079bb7:192.168.164.219:43999] with ContainerStateMachine:uninitialized
2019-10-14 19:24:03,642 [pool-179-thread-1] INFO  impl.RaftServerImpl (ServerState.java:<init>(103)) - e449d29f-23ec-4943-8e04-16f349e7a11f@group-8FF0169D7730: ConfigurationManager, init=-1: [867be414-fe82-4697-923b-46e307d25728:192.168.164.219:46006, e449d29f-23ec-4943-8e04-16f349e7a11f:192.168.164.219:34574, a33f834b-b66a-4354-b261-b5dccb079bb7:192.168.164.219:43999], old=null, confs=<EMPTY_MAP>
2019-10-14 19:24:03,642 [pool-169-thread-1] INFO  server.RaftServerConfigKeys (ConfUtils.java:logGet(43)) - raft.server.rpc.timeout.min = 5s (custom)
2019-10-14 19:24:03,643 [pool-179-thread-1] INFO  server.RaftServerConfigKeys (ConfUtils.java:logGet(43)) - raft.server.storage.dir = [/workdir/hadoop-ozone/integration-test/target/test-dir/MiniOzoneClusterImpl-d886f0db-47f2-4bc5-8f88-b8b0eb7c8529/datanode-6/data/ratis] (custom)
2019-10-14 19:24:03,643 [pool-169-thread-1] INFO  server.RaftServerConfigKeys (ConfUtils.java:logGet(43)) - raft.server.rpc.timeout.max = 5200ms (custom)
2019-10-14 19:24:03,643 [pool-179-thread-1] INFO  server.RaftServerConfigKeys (ConfUtils.java:logGet(43)) - raft.server.log.corruption.policy = EXCEPTION (default)
2019-10-14 19:24:03,643 [pool-169-thread-1] INFO  server.RaftServerConfigKeys (ConfUtils.java:logGet(43)) - raft.server.rpcslowness.timeout = 120s (custom)
2019-10-14 19:24:03,643 [pool-179-thread-1] INFO  storage.RaftStorageDirectory (RaftStorageDirectory.java:analyzeStorage(246)) - The storage directory /workdir/hadoop-ozone/integration-test/target/test-dir/MiniOzoneClusterImpl-d886f0db-47f2-4bc5-8f88-b8b0eb7c8529/datanode-6/data/ratis/9bc451f0-e824-4d10-b99c-8ff0169d7730 does not exist. Creating ...
2019-10-14 19:24:03,643 [pool-169-thread-1] INFO  server.RaftServerConfigKeys (ConfUtils.java:logGet(43)) - raft.server.sleep.deviation.threshold = 300 (default)
2019-10-14 19:24:03,643 [pool-169-thread-1] INFO  server.RaftServerConfigKeys (ConfUtils.java:logGet(43)) - raft.server.log.appender.install.snapshot.enabled = false (custom)
2019-10-14 19:24:03,644 [pool-169-thread-1] INFO  impl.RaftServerImpl (ServerState.java:<init>(103)) - 867be414-fe82-4697-923b-46e307d25728@group-8FF0169D7730: ConfigurationManager, init=-1: [867be414-fe82-4697-923b-46e307d25728:192.168.164.219:46006, e449d29f-23ec-4943-8e04-16f349e7a11f:192.168.164.219:34574, a33f834b-b66a-4354-b261-b5dccb079bb7:192.168.164.219:43999], old=null, confs=<EMPTY_MAP>
2019-10-14 19:24:03,644 [pool-169-thread-1] INFO  server.RaftServerConfigKeys (ConfUtils.java:logGet(43)) - raft.server.storage.dir = [/workdir/hadoop-ozone/integration-test/target/test-dir/MiniOzoneClusterImpl-d886f0db-47f2-4bc5-8f88-b8b0eb7c8529/datanode-5/data/ratis] (custom)
2019-10-14 19:24:03,644 [pool-169-thread-1] INFO  server.RaftServerConfigKeys (ConfUtils.java:logGet(43)) - raft.server.log.corruption.policy = EXCEPTION (default)
2019-10-14 19:24:03,644 [pool-169-thread-1] INFO  storage.RaftStorageDirectory (RaftStorageDirectory.java:analyzeStorage(246)) - The storage directory /workdir/hadoop-ozone/integration-test/target/test-dir/MiniOzoneClusterImpl-d886f0db-47f2-4bc5-8f88-b8b0eb7c8529/datanode-5/data/ratis/9bc451f0-e824-4d10-b99c-8ff0169d7730 does not exist. Creating ...
2019-10-14 19:24:03,661 [pool-139-thread-1] INFO  storage.RaftStorageDirectory (RaftStorageDirectory.java:tryLock(328)) - Lock on /workdir/hadoop-ozone/integration-test/target/test-dir/MiniOzoneClusterImpl-d886f0db-47f2-4bc5-8f88-b8b0eb7c8529/datanode-2/data/ratis/9bc451f0-e824-4d10-b99c-8ff0169d7730/in_use.lock acquired by nodename 13880@pr-hdds-1868-cfdmt-251076870
2019-10-14 19:24:03,661 [pool-179-thread-1] INFO  storage.RaftStorageDirectory (RaftStorageDirectory.java:tryLock(328)) - Lock on /workdir/hadoop-ozone/integration-test/target/test-dir/MiniOzoneClusterImpl-d886f0db-47f2-4bc5-8f88-b8b0eb7c8529/datanode-6/data/ratis/9bc451f0-e824-4d10-b99c-8ff0169d7730/in_use.lock acquired by nodename 13880@pr-hdds-1868-cfdmt-251076870
2019-10-14 19:24:03,661 [pool-169-thread-1] INFO  storage.RaftStorageDirectory (RaftStorageDirectory.java:tryLock(328)) - Lock on /workdir/hadoop-ozone/integration-test/target/test-dir/MiniOzoneClusterImpl-d886f0db-47f2-4bc5-8f88-b8b0eb7c8529/datanode-5/data/ratis/9bc451f0-e824-4d10-b99c-8ff0169d7730/in_use.lock acquired by nodename 13880@pr-hdds-1868-cfdmt-251076870
2019-10-14 19:24:03,694 [pool-179-thread-1] INFO  storage.RaftStorage (RaftStorage.java:format(84)) - Storage directory /workdir/hadoop-ozone/integration-test/target/test-dir/MiniOzoneClusterImpl-d886f0db-47f2-4bc5-8f88-b8b0eb7c8529/datanode-6/data/ratis/9bc451f0-e824-4d10-b99c-8ff0169d7730 has been successfully formatted.
2019-10-14 19:24:03,694 [pool-139-thread-1] INFO  storage.RaftStorage (RaftStorage.java:format(84)) - Storage directory /workdir/hadoop-ozone/integration-test/target/test-dir/MiniOzoneClusterImpl-d886f0db-47f2-4bc5-8f88-b8b0eb7c8529/datanode-2/data/ratis/9bc451f0-e824-4d10-b99c-8ff0169d7730 has been successfully formatted.
2019-10-14 19:24:03,694 [pool-169-thread-1] INFO  storage.RaftStorage (RaftStorage.java:format(84)) - Storage directory /workdir/hadoop-ozone/integration-test/target/test-dir/MiniOzoneClusterImpl-d886f0db-47f2-4bc5-8f88-b8b0eb7c8529/datanode-5/data/ratis/9bc451f0-e824-4d10-b99c-8ff0169d7730 has been successfully formatted.
2019-10-14 19:24:03,694 [pool-179-thread-1] INFO  ratis.ContainerStateMachine (ContainerStateMachine.java:loadSnapshot(233)) - group-8FF0169D7730: The snapshot info is null. Setting the last applied indexto:(t:0, i:~)
2019-10-14 19:24:03,695 [pool-169-thread-1] INFO  ratis.ContainerStateMachine (ContainerStateMachine.java:loadSnapshot(233)) - group-8FF0169D7730: The snapshot info is null. Setting the last applied indexto:(t:0, i:~)
2019-10-14 19:24:03,695 [pool-139-thread-1] INFO  ratis.ContainerStateMachine (ContainerStateMachine.java:loadSnapshot(233)) - group-8FF0169D7730: The snapshot info is null. Setting the last applied indexto:(t:0, i:~)
2019-10-14 19:24:03,695 [pool-169-thread-1] INFO  server.RaftServerConfigKeys (ConfUtils.java:logGet(43)) - raft.server.notification.no-leader.timeout = 120s (custom)
2019-10-14 19:24:03,695 [pool-179-thread-1] INFO  server.RaftServerConfigKeys (ConfUtils.java:logGet(43)) - raft.server.notification.no-leader.timeout = 120s (custom)
2019-10-14 19:24:03,695 [pool-169-thread-1] INFO  server.RaftServerConfigKeys (ConfUtils.java:logGet(43)) - raft.server.log.use.memory = false (default)
2019-10-14 19:24:03,695 [pool-139-thread-1] INFO  server.RaftServerConfigKeys (ConfUtils.java:logGet(43)) - raft.server.notification.no-leader.timeout = 120s (custom)
2019-10-14 19:24:03,696 [pool-169-thread-1] INFO  server.RaftServerConfigKeys (ConfUtils.java:logGet(43)) - raft.server.log.purge.gap = 1000000 (custom)
2019-10-14 19:24:03,696 [pool-179-thread-1] INFO  server.RaftServerConfigKeys (ConfUtils.java:logGet(43)) - raft.server.log.use.memory = false (default)
2019-10-14 19:24:03,696 [pool-169-thread-1] INFO  server.RaftServerConfigKeys (ConfUtils.java:logGet(43)) - raft.server.log.appender.buffer.byte-limit = 33554432 (custom)
2019-10-14 19:24:03,696 [pool-139-thread-1] INFO  server.RaftServerConfigKeys (ConfUtils.java:logGet(43)) - raft.server.log.use.memory = false (default)
2019-10-14 19:24:03,696 [pool-169-thread-1] INFO  server.RaftServerConfigKeys (ConfUtils.java:logGet(43)) - raft.server.log.segment.size.max = 1048576 (custom)
2019-10-14 19:24:03,696 [pool-179-thread-1] INFO  server.RaftServerConfigKeys (ConfUtils.java:logGet(43)) - raft.server.log.purge.gap = 1000000 (custom)
2019-10-14 19:24:03,697 [pool-139-thread-1] INFO  server.RaftServerConfigKeys (ConfUtils.java:logGet(43)) - raft.server.log.purge.gap = 1000000 (custom)
2019-10-14 19:24:03,697 [pool-179-thread-1] INFO  server.RaftServerConfigKeys (ConfUtils.java:logGet(43)) - raft.server.log.appender.buffer.byte-limit = 33554432 (custom)
2019-10-14 19:24:03,697 [pool-139-thread-1] INFO  server.RaftServerConfigKeys (ConfUtils.java:logGet(43)) - raft.server.log.appender.buffer.byte-limit = 33554432 (custom)
2019-10-14 19:24:03,697 [pool-179-thread-1] INFO  server.RaftServerConfigKeys (ConfUtils.java:logGet(43)) - raft.server.log.segment.size.max = 1048576 (custom)
2019-10-14 19:24:03,698 [pool-139-thread-1] INFO  server.RaftServerConfigKeys (ConfUtils.java:logGet(43)) - raft.server.log.segment.size.max = 1048576 (custom)
2019-10-14 19:24:03,698 [pool-139-thread-1] INFO  server.RaftServerConfigKeys (ConfUtils.java:logGet(43)) - raft.server.log.segment.cache.num.max = 2 (custom)
2019-10-14 19:24:03,698 [pool-139-thread-1] INFO  segmented.SegmentedRaftLogWorker (SegmentedRaftLogWorker.java:<init>(173)) - new a33f834b-b66a-4354-b261-b5dccb079bb7@group-8FF0169D7730-SegmentedRaftLogWorker for RaftStorage:Storage Directory /workdir/hadoop-ozone/integration-test/target/test-dir/MiniOzoneClusterImpl-d886f0db-47f2-4bc5-8f88-b8b0eb7c8529/datanode-2/data/ratis/9bc451f0-e824-4d10-b99c-8ff0169d7730
2019-10-14 19:24:03,698 [pool-139-thread-1] INFO  server.RaftServerConfigKeys (ConfUtils.java:logGet(43)) - raft.server.log.queue.byte-limit = 2147483647 (custom)
2019-10-14 19:24:03,699 [pool-139-thread-1] INFO  server.RaftServerConfigKeys (ConfUtils.java:logGet(43)) - raft.server.log.queue.element-limit = 1024 (custom)
2019-10-14 19:24:03,699 [pool-139-thread-1] INFO  server.RaftServerConfigKeys (ConfUtils.java:logGet(43)) - raft.server.log.segment.size.max = 1048576 (custom)
2019-10-14 19:24:03,699 [pool-139-thread-1] INFO  server.RaftServerConfigKeys (ConfUtils.java:logGet(43)) - raft.server.log.preallocated.size = 16384 (custom)
2019-10-14 19:24:03,699 [pool-169-thread-1] INFO  server.RaftServerConfigKeys (ConfUtils.java:logGet(43)) - raft.server.log.segment.cache.num.max = 2 (custom)
2019-10-14 19:24:03,699 [pool-139-thread-1] INFO  server.RaftServerConfigKeys (ConfUtils.java:logGet(43)) - raft.server.log.write.buffer.size = 33554432 (custom)
2019-10-14 19:24:03,700 [pool-169-thread-1] INFO  segmented.SegmentedRaftLogWorker (SegmentedRaftLogWorker.java:<init>(173)) - new 867be414-fe82-4697-923b-46e307d25728@group-8FF0169D7730-SegmentedRaftLogWorker for RaftStorage:Storage Directory /workdir/hadoop-ozone/integration-test/target/test-dir/MiniOzoneClusterImpl-d886f0db-47f2-4bc5-8f88-b8b0eb7c8529/datanode-5/data/ratis/9bc451f0-e824-4d10-b99c-8ff0169d7730
2019-10-14 19:24:03,700 [pool-139-thread-1] INFO  server.RaftServerConfigKeys (ConfUtils.java:logGet(43)) - raft.server.log.force.sync.num = 128 (default)
2019-10-14 19:24:03,700 [pool-179-thread-1] INFO  server.RaftServerConfigKeys (ConfUtils.java:logGet(43)) - raft.server.log.segment.cache.num.max = 2 (custom)
2019-10-14 19:24:03,700 [pool-169-thread-1] INFO  server.RaftServerConfigKeys (ConfUtils.java:logGet(43)) - raft.server.log.queue.byte-limit = 2147483647 (custom)
2019-10-14 19:24:03,700 [pool-179-thread-1] INFO  segmented.SegmentedRaftLogWorker (SegmentedRaftLogWorker.java:<init>(173)) - new e449d29f-23ec-4943-8e04-16f349e7a11f@group-8FF0169D7730-SegmentedRaftLogWorker for RaftStorage:Storage Directory /workdir/hadoop-ozone/integration-test/target/test-dir/MiniOzoneClusterImpl-d886f0db-47f2-4bc5-8f88-b8b0eb7c8529/datanode-6/data/ratis/9bc451f0-e824-4d10-b99c-8ff0169d7730
2019-10-14 19:24:03,700 [pool-139-thread-1] INFO  server.RaftServerConfigKeys (ConfUtils.java:logGet(43)) - raft.server.log.statemachine.data.sync = true (default)
2019-10-14 19:24:03,701 [pool-179-thread-1] INFO  server.RaftServerConfigKeys (ConfUtils.java:logGet(43)) - raft.server.log.queue.byte-limit = 2147483647 (custom)
2019-10-14 19:24:03,701 [pool-169-thread-1] INFO  server.RaftServerConfigKeys (ConfUtils.java:logGet(43)) - raft.server.log.queue.element-limit = 1024 (custom)
2019-10-14 19:24:03,701 [pool-179-thread-1] INFO  server.RaftServerConfigKeys (ConfUtils.java:logGet(43)) - raft.server.log.queue.element-limit = 1024 (custom)
2019-10-14 19:24:03,701 [pool-139-thread-1] INFO  server.RaftServerConfigKeys (ConfUtils.java:logGet(43)) - raft.server.log.statemachine.data.sync.timeout = 10s (default)
2019-10-14 19:24:03,701 [pool-179-thread-1] INFO  server.RaftServerConfigKeys (ConfUtils.java:logGet(43)) - raft.server.log.segment.size.max = 1048576 (custom)
2019-10-14 19:24:03,701 [pool-169-thread-1] INFO  server.RaftServerConfigKeys (ConfUtils.java:logGet(43)) - raft.server.log.segment.size.max = 1048576 (custom)
2019-10-14 19:24:03,702 [pool-179-thread-1] INFO  server.RaftServerConfigKeys (ConfUtils.java:logGet(43)) - raft.server.log.preallocated.size = 16384 (custom)
2019-10-14 19:24:03,702 [pool-139-thread-1] INFO  server.RaftServerConfigKeys (ConfUtils.java:logGet(43)) - raft.server.log.statemachine.data.sync.timeout.retry = -1 (default)
2019-10-14 19:24:03,702 [pool-179-thread-1] INFO  server.RaftServerConfigKeys (ConfUtils.java:logGet(43)) - raft.server.log.write.buffer.size = 33554432 (custom)
2019-10-14 19:24:03,702 [pool-169-thread-1] INFO  server.RaftServerConfigKeys (ConfUtils.java:logGet(43)) - raft.server.log.preallocated.size = 16384 (custom)
2019-10-14 19:24:03,703 [pool-139-thread-1] INFO  server.RaftServerConfigKeys (ConfUtils.java:logGet(43)) - raft.server.log.statemachine.data.caching.enabled = true (custom)
2019-10-14 19:24:03,702 [pool-179-thread-1] INFO  server.RaftServerConfigKeys (ConfUtils.java:logGet(43)) - raft.server.log.force.sync.num = 128 (default)
2019-10-14 19:24:03,703 [pool-169-thread-1] INFO  server.RaftServerConfigKeys (ConfUtils.java:logGet(43)) - raft.server.log.write.buffer.size = 33554432 (custom)
2019-10-14 19:24:03,703 [pool-139-thread-1] INFO  segmented.SegmentedRaftLogWorker (SegmentedRaftLogWorker.java:lambda$new$0(128)) - a33f834b-b66a-4354-b261-b5dccb079bb7@group-8FF0169D7730-SegmentedRaftLogWorker: flushIndex: setUnconditionally 0 -> -1
2019-10-14 19:24:03,703 [pool-179-thread-1] INFO  server.RaftServerConfigKeys (ConfUtils.java:logGet(43)) - raft.server.log.statemachine.data.sync = true (default)
2019-10-14 19:24:03,703 [pool-169-thread-1] INFO  server.RaftServerConfigKeys (ConfUtils.java:logGet(43)) - raft.server.log.force.sync.num = 128 (default)
2019-10-14 19:24:03,704 [pool-139-thread-1] INFO  server.RaftServerConfigKeys (ConfUtils.java:logGet(43)) - raft.server.snapshot.auto.trigger.enabled = true (custom)
2019-10-14 19:24:03,704 [pool-179-thread-1] INFO  server.RaftServerConfigKeys (ConfUtils.java:logGet(43)) - raft.server.log.statemachine.data.sync.timeout = 10s (default)
2019-10-14 19:24:03,704 [pool-139-thread-1] INFO  server.RaftServerConfigKeys (ConfUtils.java:logGet(43)) - raft.server.snapshot.auto.trigger.threshold = 10000 (custom)
2019-10-14 19:24:03,704 [pool-169-thread-1] INFO  server.RaftServerConfigKeys (ConfUtils.java:logGet(43)) - raft.server.log.statemachine.data.sync = true (default)
2019-10-14 19:24:03,704 [pool-139-thread-1] INFO  server.RaftServerConfigKeys (ConfUtils.java:logGet(43)) - raft.server.snapshot.retention.file.num = 5 (custom)
2019-10-14 19:24:03,704 [pool-179-thread-1] INFO  server.RaftServerConfigKeys (ConfUtils.java:logGet(43)) - raft.server.log.statemachine.data.sync.timeout.retry = -1 (default)
2019-10-14 19:24:03,705 [pool-139-thread-1] INFO  server.RaftServerConfigKeys (ConfUtils.java:logGet(43)) - raft.server.retrycache.expirytime = 600000ms (custom)
2019-10-14 19:24:03,705 [pool-169-thread-1] INFO  server.RaftServerConfigKeys (ConfUtils.java:logGet(43)) - raft.server.log.statemachine.data.sync.timeout = 10s (default)
2019-10-14 19:24:03,705 [pool-169-thread-1] INFO  server.RaftServerConfigKeys (ConfUtils.java:logGet(43)) - raft.server.log.statemachine.data.sync.timeout.retry = -1 (default)
2019-10-14 19:24:03,705 [pool-179-thread-1] INFO  server.RaftServerConfigKeys (ConfUtils.java:logGet(43)) - raft.server.log.statemachine.data.caching.enabled = true (custom)
2019-10-14 19:24:03,706 [pool-169-thread-1] INFO  server.RaftServerConfigKeys (ConfUtils.java:logGet(43)) - raft.server.log.statemachine.data.caching.enabled = true (custom)
2019-10-14 19:24:03,706 [pool-179-thread-1] INFO  segmented.SegmentedRaftLogWorker (SegmentedRaftLogWorker.java:lambda$new$0(128)) - e449d29f-23ec-4943-8e04-16f349e7a11f@group-8FF0169D7730-SegmentedRaftLogWorker: flushIndex: setUnconditionally 0 -> -1
2019-10-14 19:24:03,706 [pool-169-thread-1] INFO  segmented.SegmentedRaftLogWorker (SegmentedRaftLogWorker.java:lambda$new$0(128)) - 867be414-fe82-4697-923b-46e307d25728@group-8FF0169D7730-SegmentedRaftLogWorker: flushIndex: setUnconditionally 0 -> -1
2019-10-14 19:24:03,706 [pool-179-thread-1] INFO  server.RaftServerConfigKeys (ConfUtils.java:logGet(43)) - raft.server.snapshot.auto.trigger.enabled = true (custom)
2019-10-14 19:24:03,706 [pool-169-thread-1] INFO  server.RaftServerConfigKeys (ConfUtils.java:logGet(43)) - raft.server.snapshot.auto.trigger.enabled = true (custom)
2019-10-14 19:24:03,707 [pool-179-thread-1] INFO  server.RaftServerConfigKeys (ConfUtils.java:logGet(43)) - raft.server.snapshot.auto.trigger.threshold = 10000 (custom)
2019-10-14 19:24:03,707 [pool-169-thread-1] INFO  server.RaftServerConfigKeys (ConfUtils.java:logGet(43)) - raft.server.snapshot.auto.trigger.threshold = 10000 (custom)
2019-10-14 19:24:03,707 [pool-179-thread-1] INFO  server.RaftServerConfigKeys (ConfUtils.java:logGet(43)) - raft.server.snapshot.retention.file.num = 5 (custom)
2019-10-14 19:24:03,707 [pool-169-thread-1] INFO  server.RaftServerConfigKeys (ConfUtils.java:logGet(43)) - raft.server.snapshot.retention.file.num = 5 (custom)
2019-10-14 19:24:03,707 [pool-179-thread-1] INFO  server.RaftServerConfigKeys (ConfUtils.java:logGet(43)) - raft.server.retrycache.expirytime = 600000ms (custom)
2019-10-14 19:24:03,707 [pool-169-thread-1] INFO  server.RaftServerConfigKeys (ConfUtils.java:logGet(43)) - raft.server.retrycache.expirytime = 600000ms (custom)
2019-10-14 19:24:03,708 [pool-139-thread-1] INFO  impl.RaftServerImpl (RaftServerImpl.java:start(181)) - a33f834b-b66a-4354-b261-b5dccb079bb7@group-8FF0169D7730: start as a follower, conf=-1: [867be414-fe82-4697-923b-46e307d25728:192.168.164.219:46006, e449d29f-23ec-4943-8e04-16f349e7a11f:192.168.164.219:34574, a33f834b-b66a-4354-b261-b5dccb079bb7:192.168.164.219:43999], old=null
2019-10-14 19:24:03,709 [pool-139-thread-1] INFO  impl.RaftServerImpl (RaftServerImpl.java:setRole(170)) - a33f834b-b66a-4354-b261-b5dccb079bb7@group-8FF0169D7730: changes role from      null to FOLLOWER at term 0 for startAsFollower
2019-10-14 19:24:03,709 [pool-139-thread-1] INFO  impl.RoleInfo (RoleInfo.java:updateAndGet(143)) - a33f834b-b66a-4354-b261-b5dccb079bb7: start FollowerState
2019-10-14 19:24:03,709 [pool-139-thread-1] INFO  util.JmxRegister (JmxRegister.java:tryRegister(44)) - Successfully registered JMX Bean with object name Ratis:service=RaftServer,group=group-8FF0169D7730,id=a33f834b-b66a-4354-b261-b5dccb079bb7
2019-10-14 19:24:03,809 [pool-179-thread-1] INFO  impl.RaftServerImpl (RaftServerImpl.java:start(181)) - e449d29f-23ec-4943-8e04-16f349e7a11f@group-8FF0169D7730: start as a follower, conf=-1: [867be414-fe82-4697-923b-46e307d25728:192.168.164.219:46006, e449d29f-23ec-4943-8e04-16f349e7a11f:192.168.164.219:34574, a33f834b-b66a-4354-b261-b5dccb079bb7:192.168.164.219:43999], old=null
2019-10-14 19:24:03,815 [pool-169-thread-1] INFO  impl.RaftServerImpl (RaftServerImpl.java:start(181)) - 867be414-fe82-4697-923b-46e307d25728@group-8FF0169D7730: start as a follower, conf=-1: [867be414-fe82-4697-923b-46e307d25728:192.168.164.219:46006, e449d29f-23ec-4943-8e04-16f349e7a11f:192.168.164.219:34574, a33f834b-b66a-4354-b261-b5dccb079bb7:192.168.164.219:43999], old=null
2019-10-14 19:24:03,821 [pool-169-thread-1] INFO  impl.RaftServerImpl (RaftServerImpl.java:setRole(170)) - 867be414-fe82-4697-923b-46e307d25728@group-8FF0169D7730: changes role from      null to FOLLOWER at term 0 for startAsFollower
2019-10-14 19:24:03,825 [pool-179-thread-1] INFO  impl.RaftServerImpl (RaftServerImpl.java:setRole(170)) - e449d29f-23ec-4943-8e04-16f349e7a11f@group-8FF0169D7730: changes role from      null to FOLLOWER at term 0 for startAsFollower
2019-10-14 19:24:03,825 [pool-169-thread-1] INFO  impl.RoleInfo (RoleInfo.java:updateAndGet(143)) - 867be414-fe82-4697-923b-46e307d25728: start FollowerState
2019-10-14 19:24:03,830 [pool-179-thread-1] INFO  impl.RoleInfo (RoleInfo.java:updateAndGet(143)) - e449d29f-23ec-4943-8e04-16f349e7a11f: start FollowerState
2019-10-14 19:24:03,830 [pool-169-thread-1] INFO  util.JmxRegister (JmxRegister.java:tryRegister(44)) - Successfully registered JMX Bean with object name Ratis:service=RaftServer,group=group-8FF0169D7730,id=867be414-fe82-4697-923b-46e307d25728
2019-10-14 19:24:03,834 [pool-179-thread-1] INFO  util.JmxRegister (JmxRegister.java:tryRegister(44)) - Successfully registered JMX Bean with object name Ratis:service=RaftServer,group=group-8FF0169D7730,id=e449d29f-23ec-4943-8e04-16f349e7a11f
2019-10-14 19:24:03,910 [RatisPipelineUtilsThread] INFO  pipeline.PipelineStateManager (PipelineStateManager.java:addPipeline(57)) - Created pipeline Pipeline[ Id: 9bc451f0-e824-4d10-b99c-8ff0169d7730, Nodes: e449d29f-23ec-4943-8e04-16f349e7a11f{ip: 192.168.164.219, host: pr-hdds-1868-cfdmt-251076870, networkLocation: /default-rack, certSerialId: null}a33f834b-b66a-4354-b261-b5dccb079bb7{ip: 192.168.164.219, host: pr-hdds-1868-cfdmt-251076870, networkLocation: /default-rack, certSerialId: null}867be414-fe82-4697-923b-46e307d25728{ip: 192.168.164.219, host: pr-hdds-1868-cfdmt-251076870, networkLocation: /default-rack, certSerialId: null}, Type:RATIS, Factor:THREE, State:ALLOCATED]
2019-10-14 19:24:03,910 [main] INFO  ozone.MiniOzoneClusterImpl (MiniOzoneClusterImpl.java:lambda$waitForClusterToBeReady$2(164)) - Waiting for 7 number of pipelines out of 7, to report a leader.
2019-10-14 19:24:03,922 [grpc-default-executor-2] INFO  impl.RaftServerProxy (RaftServerProxy.java:addNew(89)) - e449d29f-23ec-4943-8e04-16f349e7a11f: addNew group-0FC104F401D8:[e449d29f-23ec-4943-8e04-16f349e7a11f:192.168.164.219:34574] returns group-0FC104F401D8:java.util.concurrent.CompletableFuture@3dc968b3[Not completed]
2019-10-14 19:24:03,926 [pool-179-thread-1] INFO  impl.RaftServerImpl (RaftServerImpl.java:<init>(95)) - e449d29f-23ec-4943-8e04-16f349e7a11f: new RaftServerImpl for group-0FC104F401D8:[e449d29f-23ec-4943-8e04-16f349e7a11f:192.168.164.219:34574] with ContainerStateMachine:uninitialized
2019-10-14 19:24:03,927 [pool-179-thread-1] INFO  server.RaftServerConfigKeys (ConfUtils.java:logGet(43)) - raft.server.rpc.timeout.min = 5s (custom)
2019-10-14 19:24:03,927 [pool-179-thread-1] INFO  server.RaftServerConfigKeys (ConfUtils.java:logGet(43)) - raft.server.rpc.timeout.max = 5200ms (custom)
2019-10-14 19:24:03,927 [pool-179-thread-1] INFO  server.RaftServerConfigKeys (ConfUtils.java:logGet(43)) - raft.server.rpcslowness.timeout = 120s (custom)
2019-10-14 19:24:03,927 [pool-179-thread-1] INFO  server.RaftServerConfigKeys (ConfUtils.java:logGet(43)) - raft.server.sleep.deviation.threshold = 300 (default)
2019-10-14 19:24:03,927 [pool-179-thread-1] INFO  server.RaftServerConfigKeys (ConfUtils.java:logGet(43)) - raft.server.log.appender.install.snapshot.enabled = false (custom)
2019-10-14 19:24:03,927 [pool-179-thread-1] INFO  impl.RaftServerImpl (ServerState.java:<init>(103)) - e449d29f-23ec-4943-8e04-16f349e7a11f@group-0FC104F401D8: ConfigurationManager, init=-1: [e449d29f-23ec-4943-8e04-16f349e7a11f:192.168.164.219:34574], old=null, confs=<EMPTY_MAP>
2019-10-14 19:24:03,928 [pool-179-thread-1] INFO  server.RaftServerConfigKeys (ConfUtils.java:logGet(43)) - raft.server.storage.dir = [/workdir/hadoop-ozone/integration-test/target/test-dir/MiniOzoneClusterImpl-d886f0db-47f2-4bc5-8f88-b8b0eb7c8529/datanode-6/data/ratis] (custom)
2019-10-14 19:24:03,928 [pool-179-thread-1] INFO  server.RaftServerConfigKeys (ConfUtils.java:logGet(43)) - raft.server.log.corruption.policy = EXCEPTION (default)
2019-10-14 19:24:03,928 [pool-179-thread-1] INFO  storage.RaftStorageDirectory (RaftStorageDirectory.java:analyzeStorage(246)) - The storage directory /workdir/hadoop-ozone/integration-test/target/test-dir/MiniOzoneClusterImpl-d886f0db-47f2-4bc5-8f88-b8b0eb7c8529/datanode-6/data/ratis/bca98802-1122-46c5-9583-0fc104f401d8 does not exist. Creating ...
2019-10-14 19:24:03,961 [pool-179-thread-1] INFO  storage.RaftStorageDirectory (RaftStorageDirectory.java:tryLock(328)) - Lock on /workdir/hadoop-ozone/integration-test/target/test-dir/MiniOzoneClusterImpl-d886f0db-47f2-4bc5-8f88-b8b0eb7c8529/datanode-6/data/ratis/bca98802-1122-46c5-9583-0fc104f401d8/in_use.lock acquired by nodename 13880@pr-hdds-1868-cfdmt-251076870
2019-10-14 19:24:03,986 [pool-179-thread-1] INFO  storage.RaftStorage (RaftStorage.java:format(84)) - Storage directory /workdir/hadoop-ozone/integration-test/target/test-dir/MiniOzoneClusterImpl-d886f0db-47f2-4bc5-8f88-b8b0eb7c8529/datanode-6/data/ratis/bca98802-1122-46c5-9583-0fc104f401d8 has been successfully formatted.
2019-10-14 19:24:03,987 [pool-179-thread-1] INFO  ratis.ContainerStateMachine (ContainerStateMachine.java:loadSnapshot(233)) - group-0FC104F401D8: The snapshot info is null. Setting the last applied indexto:(t:0, i:~)
2019-10-14 19:24:03,987 [pool-179-thread-1] INFO  server.RaftServerConfigKeys (ConfUtils.java:logGet(43)) - raft.server.notification.no-leader.timeout = 120s (custom)
2019-10-14 19:24:03,987 [pool-179-thread-1] INFO  server.RaftServerConfigKeys (ConfUtils.java:logGet(43)) - raft.server.log.use.memory = false (default)
2019-10-14 19:24:03,987 [pool-179-thread-1] INFO  server.RaftServerConfigKeys (ConfUtils.java:logGet(43)) - raft.server.log.purge.gap = 1000000 (custom)
2019-10-14 19:24:03,987 [pool-179-thread-1] INFO  server.RaftServerConfigKeys (ConfUtils.java:logGet(43)) - raft.server.log.appender.buffer.byte-limit = 33554432 (custom)
2019-10-14 19:24:03,987 [pool-179-thread-1] INFO  server.RaftServerConfigKeys (ConfUtils.java:logGet(43)) - raft.server.log.segment.size.max = 1048576 (custom)
2019-10-14 19:24:03,987 [pool-179-thread-1] INFO  server.RaftServerConfigKeys (ConfUtils.java:logGet(43)) - raft.server.log.segment.cache.num.max = 2 (custom)
2019-10-14 19:24:03,987 [pool-179-thread-1] INFO  segmented.SegmentedRaftLogWorker (SegmentedRaftLogWorker.java:<init>(173)) - new e449d29f-23ec-4943-8e04-16f349e7a11f@group-0FC104F401D8-SegmentedRaftLogWorker for RaftStorage:Storage Directory /workdir/hadoop-ozone/integration-test/target/test-dir/MiniOzoneClusterImpl-d886f0db-47f2-4bc5-8f88-b8b0eb7c8529/datanode-6/data/ratis/bca98802-1122-46c5-9583-0fc104f401d8
2019-10-14 19:24:03,988 [pool-179-thread-1] INFO  server.RaftServerConfigKeys (ConfUtils.java:logGet(43)) - raft.server.log.queue.byte-limit = 2147483647 (custom)
2019-10-14 19:24:03,988 [pool-179-thread-1] INFO  server.RaftServerConfigKeys (ConfUtils.java:logGet(43)) - raft.server.log.queue.element-limit = 1024 (custom)
2019-10-14 19:24:03,988 [pool-179-thread-1] INFO  server.RaftServerConfigKeys (ConfUtils.java:logGet(43)) - raft.server.log.segment.size.max = 1048576 (custom)
2019-10-14 19:24:03,988 [pool-179-thread-1] INFO  server.RaftServerConfigKeys (ConfUtils.java:logGet(43)) - raft.server.log.preallocated.size = 16384 (custom)
2019-10-14 19:24:03,988 [pool-179-thread-1] INFO  server.RaftServerConfigKeys (ConfUtils.java:logGet(43)) - raft.server.log.write.buffer.size = 33554432 (custom)
2019-10-14 19:24:03,988 [pool-179-thread-1] INFO  server.RaftServerConfigKeys (ConfUtils.java:logGet(43)) - raft.server.log.force.sync.num = 128 (default)
2019-10-14 19:24:03,988 [pool-179-thread-1] INFO  server.RaftServerConfigKeys (ConfUtils.java:logGet(43)) - raft.server.log.statemachine.data.sync = true (default)
2019-10-14 19:24:03,988 [pool-179-thread-1] INFO  server.RaftServerConfigKeys (ConfUtils.java:logGet(43)) - raft.server.log.statemachine.data.sync.timeout = 10s (default)
2019-10-14 19:24:03,988 [pool-179-thread-1] INFO  server.RaftServerConfigKeys (ConfUtils.java:logGet(43)) - raft.server.log.statemachine.data.sync.timeout.retry = -1 (default)
2019-10-14 19:24:03,988 [pool-179-thread-1] INFO  server.RaftServerConfigKeys (ConfUtils.java:logGet(43)) - raft.server.log.statemachine.data.caching.enabled = true (custom)
2019-10-14 19:24:03,989 [pool-179-thread-1] INFO  segmented.SegmentedRaftLogWorker (SegmentedRaftLogWorker.java:lambda$new$0(128)) - e449d29f-23ec-4943-8e04-16f349e7a11f@group-0FC104F401D8-SegmentedRaftLogWorker: flushIndex: setUnconditionally 0 -> -1
2019-10-14 19:24:03,989 [pool-179-thread-1] INFO  server.RaftServerConfigKeys (ConfUtils.java:logGet(43)) - raft.server.snapshot.auto.trigger.enabled = true (custom)
2019-10-14 19:24:03,989 [pool-179-thread-1] INFO  server.RaftServerConfigKeys (ConfUtils.java:logGet(43)) - raft.server.snapshot.auto.trigger.threshold = 10000 (custom)
2019-10-14 19:24:03,989 [pool-179-thread-1] INFO  server.RaftServerConfigKeys (ConfUtils.java:logGet(43)) - raft.server.snapshot.retention.file.num = 5 (custom)
2019-10-14 19:24:03,989 [pool-179-thread-1] INFO  server.RaftServerConfigKeys (ConfUtils.java:logGet(43)) - raft.server.retrycache.expirytime = 600000ms (custom)
2019-10-14 19:24:03,991 [pool-179-thread-1] INFO  impl.RaftServerImpl (RaftServerImpl.java:start(181)) - e449d29f-23ec-4943-8e04-16f349e7a11f@group-0FC104F401D8: start as a follower, conf=-1: [e449d29f-23ec-4943-8e04-16f349e7a11f:192.168.164.219:34574], old=null
2019-10-14 19:24:03,991 [pool-179-thread-1] INFO  impl.RaftServerImpl (RaftServerImpl.java:setRole(170)) - e449d29f-23ec-4943-8e04-16f349e7a11f@group-0FC104F401D8: changes role from      null to FOLLOWER at term 0 for startAsFollower
2019-10-14 19:24:03,991 [pool-179-thread-1] INFO  impl.RoleInfo (RoleInfo.java:updateAndGet(143)) - e449d29f-23ec-4943-8e04-16f349e7a11f: start FollowerState
2019-10-14 19:24:03,991 [pool-179-thread-1] INFO  util.JmxRegister (JmxRegister.java:tryRegister(44)) - Successfully registered JMX Bean with object name Ratis:service=RaftServer,group=group-0FC104F401D8,id=e449d29f-23ec-4943-8e04-16f349e7a11f
2019-10-14 19:24:03,995 [RatisPipelineUtilsThread] INFO  pipeline.PipelineStateManager (PipelineStateManager.java:addPipeline(57)) - Created pipeline Pipeline[ Id: bca98802-1122-46c5-9583-0fc104f401d8, Nodes: e449d29f-23ec-4943-8e04-16f349e7a11f{ip: 192.168.164.219, host: pr-hdds-1868-cfdmt-251076870, networkLocation: /default-rack, certSerialId: null}, Type:RATIS, Factor:ONE, State:ALLOCATED]
2019-10-14 19:24:04,003 [grpc-default-executor-2] INFO  impl.RaftServerProxy (RaftServerProxy.java:addNew(89)) - 867be414-fe82-4697-923b-46e307d25728: addNew group-E664BA1C80F5:[867be414-fe82-4697-923b-46e307d25728:192.168.164.219:46006] returns group-E664BA1C80F5:java.util.concurrent.CompletableFuture@22dbb713[Not completed]
2019-10-14 19:24:04,004 [pool-169-thread-1] INFO  impl.RaftServerImpl (RaftServerImpl.java:<init>(95)) - 867be414-fe82-4697-923b-46e307d25728: new RaftServerImpl for group-E664BA1C80F5:[867be414-fe82-4697-923b-46e307d25728:192.168.164.219:46006] with ContainerStateMachine:uninitialized
2019-10-14 19:24:04,005 [pool-169-thread-1] INFO  server.RaftServerConfigKeys (ConfUtils.java:logGet(43)) - raft.server.rpc.timeout.min = 5s (custom)
2019-10-14 19:24:04,005 [pool-169-thread-1] INFO  server.RaftServerConfigKeys (ConfUtils.java:logGet(43)) - raft.server.rpc.timeout.max = 5200ms (custom)
2019-10-14 19:24:04,005 [pool-169-thread-1] INFO  server.RaftServerConfigKeys (ConfUtils.java:logGet(43)) - raft.server.rpcslowness.timeout = 120s (custom)
2019-10-14 19:24:04,005 [pool-169-thread-1] INFO  server.RaftServerConfigKeys (ConfUtils.java:logGet(43)) - raft.server.sleep.deviation.threshold = 300 (default)
2019-10-14 19:24:04,005 [pool-169-thread-1] INFO  server.RaftServerConfigKeys (ConfUtils.java:logGet(43)) - raft.server.log.appender.install.snapshot.enabled = false (custom)
2019-10-14 19:24:04,005 [pool-169-thread-1] INFO  impl.RaftServerImpl (ServerState.java:<init>(103)) - 867be414-fe82-4697-923b-46e307d25728@group-E664BA1C80F5: ConfigurationManager, init=-1: [867be414-fe82-4697-923b-46e307d25728:192.168.164.219:46006], old=null, confs=<EMPTY_MAP>
2019-10-14 19:24:04,006 [pool-169-thread-1] INFO  server.RaftServerConfigKeys (ConfUtils.java:logGet(43)) - raft.server.storage.dir = [/workdir/hadoop-ozone/integration-test/target/test-dir/MiniOzoneClusterImpl-d886f0db-47f2-4bc5-8f88-b8b0eb7c8529/datanode-5/data/ratis] (custom)
2019-10-14 19:24:04,006 [pool-169-thread-1] INFO  server.RaftServerConfigKeys (ConfUtils.java:logGet(43)) - raft.server.log.corruption.policy = EXCEPTION (default)
2019-10-14 19:24:04,006 [pool-169-thread-1] INFO  storage.RaftStorageDirectory (RaftStorageDirectory.java:analyzeStorage(246)) - The storage directory /workdir/hadoop-ozone/integration-test/target/test-dir/MiniOzoneClusterImpl-d886f0db-47f2-4bc5-8f88-b8b0eb7c8529/datanode-5/data/ratis/2291c2a6-7321-4ead-abc8-e664ba1c80f5 does not exist. Creating ...
2019-10-14 19:24:04,028 [pool-169-thread-1] INFO  storage.RaftStorageDirectory (RaftStorageDirectory.java:tryLock(328)) - Lock on /workdir/hadoop-ozone/integration-test/target/test-dir/MiniOzoneClusterImpl-d886f0db-47f2-4bc5-8f88-b8b0eb7c8529/datanode-5/data/ratis/2291c2a6-7321-4ead-abc8-e664ba1c80f5/in_use.lock acquired by nodename 13880@pr-hdds-1868-cfdmt-251076870
2019-10-14 19:24:04,062 [pool-169-thread-1] INFO  storage.RaftStorage (RaftStorage.java:format(84)) - Storage directory /workdir/hadoop-ozone/integration-test/target/test-dir/MiniOzoneClusterImpl-d886f0db-47f2-4bc5-8f88-b8b0eb7c8529/datanode-5/data/ratis/2291c2a6-7321-4ead-abc8-e664ba1c80f5 has been successfully formatted.
2019-10-14 19:24:04,062 [pool-169-thread-1] INFO  ratis.ContainerStateMachine (ContainerStateMachine.java:loadSnapshot(233)) - group-E664BA1C80F5: The snapshot info is null. Setting the last applied indexto:(t:0, i:~)
2019-10-14 19:24:04,063 [pool-169-thread-1] INFO  server.RaftServerConfigKeys (ConfUtils.java:logGet(43)) - raft.server.notification.no-leader.timeout = 120s (custom)
2019-10-14 19:24:04,063 [pool-169-thread-1] INFO  server.RaftServerConfigKeys (ConfUtils.java:logGet(43)) - raft.server.log.use.memory = false (default)
2019-10-14 19:24:04,063 [pool-169-thread-1] INFO  server.RaftServerConfigKeys (ConfUtils.java:logGet(43)) - raft.server.log.purge.gap = 1000000 (custom)
2019-10-14 19:24:04,063 [pool-169-thread-1] INFO  server.RaftServerConfigKeys (ConfUtils.java:logGet(43)) - raft.server.log.appender.buffer.byte-limit = 33554432 (custom)
2019-10-14 19:24:04,063 [pool-169-thread-1] INFO  server.RaftServerConfigKeys (ConfUtils.java:logGet(43)) - raft.server.log.segment.size.max = 1048576 (custom)
2019-10-14 19:24:04,064 [pool-169-thread-1] INFO  server.RaftServerConfigKeys (ConfUtils.java:logGet(43)) - raft.server.log.segment.cache.num.max = 2 (custom)
2019-10-14 19:24:04,064 [pool-169-thread-1] INFO  segmented.SegmentedRaftLogWorker (SegmentedRaftLogWorker.java:<init>(173)) - new 867be414-fe82-4697-923b-46e307d25728@group-E664BA1C80F5-SegmentedRaftLogWorker for RaftStorage:Storage Directory /workdir/hadoop-ozone/integration-test/target/test-dir/MiniOzoneClusterImpl-d886f0db-47f2-4bc5-8f88-b8b0eb7c8529/datanode-5/data/ratis/2291c2a6-7321-4ead-abc8-e664ba1c80f5
2019-10-14 19:24:04,064 [pool-169-thread-1] INFO  server.RaftServerConfigKeys (ConfUtils.java:logGet(43)) - raft.server.log.queue.byte-limit = 2147483647 (custom)
2019-10-14 19:24:04,064 [pool-169-thread-1] INFO  server.RaftServerConfigKeys (ConfUtils.java:logGet(43)) - raft.server.log.queue.element-limit = 1024 (custom)
2019-10-14 19:24:04,064 [pool-169-thread-1] INFO  server.RaftServerConfigKeys (ConfUtils.java:logGet(43)) - raft.server.log.segment.size.max = 1048576 (custom)
2019-10-14 19:24:04,064 [pool-169-thread-1] INFO  server.RaftServerConfigKeys (ConfUtils.java:logGet(43)) - raft.server.log.preallocated.size = 16384 (custom)
2019-10-14 19:24:04,065 [pool-169-thread-1] INFO  server.RaftServerConfigKeys (ConfUtils.java:logGet(43)) - raft.server.log.write.buffer.size = 33554432 (custom)
2019-10-14 19:24:04,065 [pool-169-thread-1] INFO  server.RaftServerConfigKeys (ConfUtils.java:logGet(43)) - raft.server.log.force.sync.num = 128 (default)
2019-10-14 19:24:04,065 [pool-169-thread-1] INFO  server.RaftServerConfigKeys (ConfUtils.java:logGet(43)) - raft.server.log.statemachine.data.sync = true (default)
2019-10-14 19:24:04,065 [pool-169-thread-1] INFO  server.RaftServerConfigKeys (ConfUtils.java:logGet(43)) - raft.server.log.statemachine.data.sync.timeout = 10s (default)
2019-10-14 19:24:04,065 [pool-169-thread-1] INFO  server.RaftServerConfigKeys (ConfUtils.java:logGet(43)) - raft.server.log.statemachine.data.sync.timeout.retry = -1 (default)
2019-10-14 19:24:04,066 [pool-169-thread-1] INFO  server.RaftServerConfigKeys (ConfUtils.java:logGet(43)) - raft.server.log.statemachine.data.caching.enabled = true (custom)
2019-10-14 19:24:04,066 [pool-169-thread-1] INFO  segmented.SegmentedRaftLogWorker (SegmentedRaftLogWorker.java:lambda$new$0(128)) - 867be414-fe82-4697-923b-46e307d25728@group-E664BA1C80F5-SegmentedRaftLogWorker: flushIndex: setUnconditionally 0 -> -1
2019-10-14 19:24:04,066 [pool-169-thread-1] INFO  server.RaftServerConfigKeys (ConfUtils.java:logGet(43)) - raft.server.snapshot.auto.trigger.enabled = true (custom)
2019-10-14 19:24:04,066 [pool-169-thread-1] INFO  server.RaftServerConfigKeys (ConfUtils.java:logGet(43)) - raft.server.snapshot.auto.trigger.threshold = 10000 (custom)
2019-10-14 19:24:04,066 [pool-169-thread-1] INFO  server.RaftServerConfigKeys (ConfUtils.java:logGet(43)) - raft.server.snapshot.retention.file.num = 5 (custom)
2019-10-14 19:24:04,067 [pool-169-thread-1] INFO  server.RaftServerConfigKeys (ConfUtils.java:logGet(43)) - raft.server.retrycache.expirytime = 600000ms (custom)
2019-10-14 19:24:04,069 [pool-169-thread-1] INFO  impl.RaftServerImpl (RaftServerImpl.java:start(181)) - 867be414-fe82-4697-923b-46e307d25728@group-E664BA1C80F5: start as a follower, conf=-1: [867be414-fe82-4697-923b-46e307d25728:192.168.164.219:46006], old=null
2019-10-14 19:24:04,069 [pool-169-thread-1] INFO  impl.RaftServerImpl (RaftServerImpl.java:setRole(170)) - 867be414-fe82-4697-923b-46e307d25728@group-E664BA1C80F5: changes role from      null to FOLLOWER at term 0 for startAsFollower
2019-10-14 19:24:04,069 [pool-169-thread-1] INFO  impl.RoleInfo (RoleInfo.java:updateAndGet(143)) - 867be414-fe82-4697-923b-46e307d25728: start FollowerState
2019-10-14 19:24:04,069 [pool-169-thread-1] INFO  util.JmxRegister (JmxRegister.java:tryRegister(44)) - Successfully registered JMX Bean with object name Ratis:service=RaftServer,group=group-E664BA1C80F5,id=867be414-fe82-4697-923b-46e307d25728
2019-10-14 19:24:04,074 [RatisPipelineUtilsThread] INFO  pipeline.PipelineStateManager (PipelineStateManager.java:addPipeline(57)) - Created pipeline Pipeline[ Id: 2291c2a6-7321-4ead-abc8-e664ba1c80f5, Nodes: 867be414-fe82-4697-923b-46e307d25728{ip: 192.168.164.219, host: pr-hdds-1868-cfdmt-251076870, networkLocation: /default-rack, certSerialId: null}, Type:RATIS, Factor:ONE, State:ALLOCATED]
2019-10-14 19:24:04,911 [main] INFO  ozone.MiniOzoneClusterImpl (MiniOzoneClusterImpl.java:lambda$waitForClusterToBeReady$2(164)) - Waiting for 9 number of pipelines out of 9, to report a leader.
2019-10-14 19:24:05,912 [main] INFO  ozone.MiniOzoneClusterImpl (MiniOzoneClusterImpl.java:lambda$waitForClusterToBeReady$2(164)) - Waiting for 9 number of pipelines out of 9, to report a leader.
2019-10-14 19:24:06,121 [Thread-703] INFO  container.ReplicationManager (ReplicationManager.java:start(162)) - Starting Replication Monitor Thread.
2019-10-14 19:24:06,121 [Thread-703] INFO  pipeline.SCMPipelineManager (SCMPipelineManager.java:finalizeAndDestroyPipeline(315)) - destroying pipeline:Pipeline[ Id: e04381ef-6748-4a71-a6cc-88443045b8e8, Nodes: 01449a64-8d93-448f-af9d-a56c36523a6d{ip: 192.168.164.219, host: pr-hdds-1868-cfdmt-251076870, networkLocation: /default-rack, certSerialId: null}, Type:RATIS, Factor:ONE, State:ALLOCATED]
2019-10-14 19:24:06,125 [ReplicationMonitor] INFO  container.ReplicationManager (ReplicationManager.java:run(225)) - Replication Monitor Thread took 1 milliseconds for processing 0 containers.
2019-10-14 19:24:06,125 [Thread-703] INFO  pipeline.PipelineStateManager (PipelineStateManager.java:finalizePipeline(123)) - Pipeline Pipeline[ Id: e04381ef-6748-4a71-a6cc-88443045b8e8, Nodes: 01449a64-8d93-448f-af9d-a56c36523a6d{ip: 192.168.164.219, host: pr-hdds-1868-cfdmt-251076870, networkLocation: /default-rack, certSerialId: null}, Type:RATIS, Factor:ONE, State:CLOSED] moved to CLOSED state
2019-10-14 19:24:06,134 [grpc-default-executor-2] INFO  impl.RaftServerProxy (RaftServerProxy.java:remove(95)) - 01449a64-8d93-448f-af9d-a56c36523a6d: remove  FOLLOWER 01449a64-8d93-448f-af9d-a56c36523a6d@group-88443045B8E8:t0, leader=null, voted=null, raftlog=01449a64-8d93-448f-af9d-a56c36523a6d@group-88443045B8E8-SegmentedRaftLog:OPENED:c-1,f-1,i0, conf=-1: [01449a64-8d93-448f-af9d-a56c36523a6d:192.168.164.219:35434], old=null RUNNING
2019-10-14 19:24:06,134 [grpc-default-executor-2] INFO  impl.RaftServerImpl (RaftServerImpl.java:lambda$shutdown$3(247)) - 01449a64-8d93-448f-af9d-a56c36523a6d@group-88443045B8E8: shutdown
2019-10-14 19:24:06,134 [grpc-default-executor-2] INFO  util.JmxRegister (JmxRegister.java:unregister(73)) - Successfully un-registered JMX Bean with object name Ratis:service=RaftServer,group=group-88443045B8E8,id=01449a64-8d93-448f-af9d-a56c36523a6d
2019-10-14 19:24:06,135 [grpc-default-executor-2] INFO  impl.RoleInfo (RoleInfo.java:shutdownFollowerState(121)) - 01449a64-8d93-448f-af9d-a56c36523a6d: shutdown FollowerState
2019-10-14 19:24:06,135 [grpc-default-executor-2] INFO  impl.StateMachineUpdater (StateMachineUpdater.java:stopAndJoin(136)) - 01449a64-8d93-448f-af9d-a56c36523a6d@group-88443045B8E8-StateMachineUpdater: set stopIndex = -1
2019-10-14 19:24:06,135 [Thread-717] INFO  impl.FollowerState (FollowerState.java:run(117)) - 01449a64-8d93-448f-af9d-a56c36523a6d@group-88443045B8E8-FollowerState was interrupted: java.lang.InterruptedException: sleep interrupted
2019-10-14 19:24:06,135 [grpc-default-executor-2] INFO  impl.RaftServerImpl (ServerState.java:close(387)) - 01449a64-8d93-448f-af9d-a56c36523a6d@group-88443045B8E8: closes. applyIndex: -1
2019-10-14 19:24:06,138 [01449a64-8d93-448f-af9d-a56c36523a6d@group-88443045B8E8-SegmentedRaftLogWorker] INFO  segmented.SegmentedRaftLogWorker (SegmentedRaftLogWorker.java:run(316)) - 01449a64-8d93-448f-af9d-a56c36523a6d@group-88443045B8E8-SegmentedRaftLogWorker was interrupted, exiting. There are 0 tasks remaining in the queue.
2019-10-14 19:24:06,138 [grpc-default-executor-2] INFO  segmented.SegmentedRaftLogWorker (SegmentedRaftLogWorker.java:close(224)) - 01449a64-8d93-448f-af9d-a56c36523a6d@group-88443045B8E8-SegmentedRaftLogWorker close()
2019-10-14 19:24:06,147 [Thread-703] INFO  pipeline.PipelineStateManager (PipelineStateManager.java:removePipeline(108)) - Pipeline Pipeline[ Id: e04381ef-6748-4a71-a6cc-88443045b8e8, Nodes: 01449a64-8d93-448f-af9d-a56c36523a6d{ip: 192.168.164.219, host: pr-hdds-1868-cfdmt-251076870, networkLocation: /default-rack, certSerialId: null}, Type:RATIS, Factor:ONE, State:CLOSED] removed from db
2019-10-14 19:24:06,150 [Thread-703] INFO  pipeline.SCMPipelineManager (SCMPipelineManager.java:finalizeAndDestroyPipeline(315)) - destroying pipeline:Pipeline[ Id: 9bc451f0-e824-4d10-b99c-8ff0169d7730, Nodes: e449d29f-23ec-4943-8e04-16f349e7a11f{ip: 192.168.164.219, host: pr-hdds-1868-cfdmt-251076870, networkLocation: /default-rack, certSerialId: null}a33f834b-b66a-4354-b261-b5dccb079bb7{ip: 192.168.164.219, host: pr-hdds-1868-cfdmt-251076870, networkLocation: /default-rack, certSerialId: null}867be414-fe82-4697-923b-46e307d25728{ip: 192.168.164.219, host: pr-hdds-1868-cfdmt-251076870, networkLocation: /default-rack, certSerialId: null}, Type:RATIS, Factor:THREE, State:ALLOCATED]
2019-10-14 19:24:06,156 [grpc-default-executor-2] INFO  impl.RaftServerProxy (RaftServerProxy.java:addNew(89)) - 01449a64-8d93-448f-af9d-a56c36523a6d: addNew group-3F63DA62C15D:[01449a64-8d93-448f-af9d-a56c36523a6d:192.168.164.219:35434] returns group-3F63DA62C15D:java.util.concurrent.CompletableFuture@7e2b343b[Not completed]
2019-10-14 19:24:06,157 [pool-159-thread-1] INFO  impl.RaftServerImpl (RaftServerImpl.java:<init>(95)) - 01449a64-8d93-448f-af9d-a56c36523a6d: new RaftServerImpl for group-3F63DA62C15D:[01449a64-8d93-448f-af9d-a56c36523a6d:192.168.164.219:35434] with ContainerStateMachine:uninitialized
2019-10-14 19:24:06,161 [pool-159-thread-1] INFO  server.RaftServerConfigKeys (ConfUtils.java:logGet(43)) - raft.server.rpc.timeout.min = 5s (custom)
2019-10-14 19:24:06,161 [pool-159-thread-1] INFO  server.RaftServerConfigKeys (ConfUtils.java:logGet(43)) - raft.server.rpc.timeout.max = 5200ms (custom)
2019-10-14 19:24:06,161 [pool-159-thread-1] INFO  server.RaftServerConfigKeys (ConfUtils.java:logGet(43)) - raft.server.rpcslowness.timeout = 120s (custom)
2019-10-14 19:24:06,161 [pool-159-thread-1] INFO  server.RaftServerConfigKeys (ConfUtils.java:logGet(43)) - raft.server.sleep.deviation.threshold = 300 (default)
2019-10-14 19:24:06,161 [pool-159-thread-1] INFO  server.RaftServerConfigKeys (ConfUtils.java:logGet(43)) - raft.server.log.appender.install.snapshot.enabled = false (custom)
2019-10-14 19:24:06,161 [pool-159-thread-1] INFO  impl.RaftServerImpl (ServerState.java:<init>(103)) - 01449a64-8d93-448f-af9d-a56c36523a6d@group-3F63DA62C15D: ConfigurationManager, init=-1: [01449a64-8d93-448f-af9d-a56c36523a6d:192.168.164.219:35434], old=null, confs=<EMPTY_MAP>
2019-10-14 19:24:06,161 [pool-159-thread-1] INFO  server.RaftServerConfigKeys (ConfUtils.java:logGet(43)) - raft.server.storage.dir = [/workdir/hadoop-ozone/integration-test/target/test-dir/MiniOzoneClusterImpl-d886f0db-47f2-4bc5-8f88-b8b0eb7c8529/datanode-4/data/ratis] (custom)
2019-10-14 19:24:06,162 [pool-159-thread-1] INFO  server.RaftServerConfigKeys (ConfUtils.java:logGet(43)) - raft.server.log.corruption.policy = EXCEPTION (default)
2019-10-14 19:24:06,162 [pool-159-thread-1] INFO  storage.RaftStorageDirectory (RaftStorageDirectory.java:analyzeStorage(246)) - The storage directory /workdir/hadoop-ozone/integration-test/target/test-dir/MiniOzoneClusterImpl-d886f0db-47f2-4bc5-8f88-b8b0eb7c8529/datanode-4/data/ratis/40cbf683-6979-4c35-b9a0-3f63da62c15d does not exist. Creating ...
2019-10-14 19:24:06,185 [pool-159-thread-1] INFO  storage.RaftStorageDirectory (RaftStorageDirectory.java:tryLock(328)) - Lock on /workdir/hadoop-ozone/integration-test/target/test-dir/MiniOzoneClusterImpl-d886f0db-47f2-4bc5-8f88-b8b0eb7c8529/datanode-4/data/ratis/40cbf683-6979-4c35-b9a0-3f63da62c15d/in_use.lock acquired by nodename 13880@pr-hdds-1868-cfdmt-251076870
2019-10-14 19:24:06,208 [pool-159-thread-1] INFO  storage.RaftStorage (RaftStorage.java:format(84)) - Storage directory /workdir/hadoop-ozone/integration-test/target/test-dir/MiniOzoneClusterImpl-d886f0db-47f2-4bc5-8f88-b8b0eb7c8529/datanode-4/data/ratis/40cbf683-6979-4c35-b9a0-3f63da62c15d has been successfully formatted.
2019-10-14 19:24:06,208 [pool-159-thread-1] INFO  ratis.ContainerStateMachine (ContainerStateMachine.java:loadSnapshot(233)) - group-3F63DA62C15D: The snapshot info is null. Setting the last applied indexto:(t:0, i:~)
2019-10-14 19:24:06,208 [pool-159-thread-1] INFO  server.RaftServerConfigKeys (ConfUtils.java:logGet(43)) - raft.server.notification.no-leader.timeout = 120s (custom)
2019-10-14 19:24:06,209 [pool-159-thread-1] INFO  server.RaftServerConfigKeys (ConfUtils.java:logGet(43)) - raft.server.log.use.memory = false (default)
2019-10-14 19:24:06,209 [pool-159-thread-1] INFO  server.RaftServerConfigKeys (ConfUtils.java:logGet(43)) - raft.server.log.purge.gap = 1000000 (custom)
2019-10-14 19:24:06,209 [pool-159-thread-1] INFO  server.RaftServerConfigKeys (ConfUtils.java:logGet(43)) - raft.server.log.appender.buffer.byte-limit = 33554432 (custom)
2019-10-14 19:24:06,209 [pool-159-thread-1] INFO  server.RaftServerConfigKeys (ConfUtils.java:logGet(43)) - raft.server.log.segment.size.max = 1048576 (custom)
2019-10-14 19:24:06,209 [pool-159-thread-1] INFO  server.RaftServerConfigKeys (ConfUtils.java:logGet(43)) - raft.server.log.segment.cache.num.max = 2 (custom)
2019-10-14 19:24:06,209 [pool-159-thread-1] INFO  segmented.SegmentedRaftLogWorker (SegmentedRaftLogWorker.java:<init>(173)) - new 01449a64-8d93-448f-af9d-a56c36523a6d@group-3F63DA62C15D-SegmentedRaftLogWorker for RaftStorage:Storage Directory /workdir/hadoop-ozone/integration-test/target/test-dir/MiniOzoneClusterImpl-d886f0db-47f2-4bc5-8f88-b8b0eb7c8529/datanode-4/data/ratis/40cbf683-6979-4c35-b9a0-3f63da62c15d
2019-10-14 19:24:06,209 [pool-159-thread-1] INFO  server.RaftServerConfigKeys (ConfUtils.java:logGet(43)) - raft.server.log.queue.byte-limit = 2147483647 (custom)
2019-10-14 19:24:06,209 [pool-159-thread-1] INFO  server.RaftServerConfigKeys (ConfUtils.java:logGet(43)) - raft.server.log.queue.element-limit = 1024 (custom)
2019-10-14 19:24:06,209 [pool-159-thread-1] INFO  server.RaftServerConfigKeys (ConfUtils.java:logGet(43)) - raft.server.log.segment.size.max = 1048576 (custom)
2019-10-14 19:24:06,210 [pool-159-thread-1] INFO  server.RaftServerConfigKeys (ConfUtils.java:logGet(43)) - raft.server.log.preallocated.size = 16384 (custom)
2019-10-14 19:24:06,210 [pool-159-thread-1] INFO  server.RaftServerConfigKeys (ConfUtils.java:logGet(43)) - raft.server.log.write.buffer.size = 33554432 (custom)
2019-10-14 19:24:06,210 [pool-159-thread-1] INFO  server.RaftServerConfigKeys (ConfUtils.java:logGet(43)) - raft.server.log.force.sync.num = 128 (default)
2019-10-14 19:24:06,210 [pool-159-thread-1] INFO  server.RaftServerConfigKeys (ConfUtils.java:logGet(43)) - raft.server.log.statemachine.data.sync = true (default)
2019-10-14 19:24:06,210 [pool-159-thread-1] INFO  server.RaftServerConfigKeys (ConfUtils.java:logGet(43)) - raft.server.log.statemachine.data.sync.timeout = 10s (default)
2019-10-14 19:24:06,210 [pool-159-thread-1] INFO  server.RaftServerConfigKeys (ConfUtils.java:logGet(43)) - raft.server.log.statemachine.data.sync.timeout.retry = -1 (default)
2019-10-14 19:24:06,210 [pool-159-thread-1] INFO  server.RaftServerConfigKeys (ConfUtils.java:logGet(43)) - raft.server.log.statemachine.data.caching.enabled = true (custom)
2019-10-14 19:24:06,210 [pool-159-thread-1] INFO  segmented.SegmentedRaftLogWorker (SegmentedRaftLogWorker.java:lambda$new$0(128)) - 01449a64-8d93-448f-af9d-a56c36523a6d@group-3F63DA62C15D-SegmentedRaftLogWorker: flushIndex: setUnconditionally 0 -> -1
2019-10-14 19:24:06,211 [pool-159-thread-1] INFO  server.RaftServerConfigKeys (ConfUtils.java:logGet(43)) - raft.server.snapshot.auto.trigger.enabled = true (custom)
2019-10-14 19:24:06,211 [pool-159-thread-1] INFO  server.RaftServerConfigKeys (ConfUtils.java:logGet(43)) - raft.server.snapshot.auto.trigger.threshold = 10000 (custom)
2019-10-14 19:24:06,211 [pool-159-thread-1] INFO  server.RaftServerConfigKeys (ConfUtils.java:logGet(43)) - raft.server.snapshot.retention.file.num = 5 (custom)
2019-10-14 19:24:06,211 [pool-159-thread-1] INFO  server.RaftServerConfigKeys (ConfUtils.java:logGet(43)) - raft.server.retrycache.expirytime = 600000ms (custom)
2019-10-14 19:24:06,212 [pool-159-thread-1] INFO  impl.RaftServerImpl (RaftServerImpl.java:start(181)) - 01449a64-8d93-448f-af9d-a56c36523a6d@group-3F63DA62C15D: start as a follower, conf=-1: [01449a64-8d93-448f-af9d-a56c36523a6d:192.168.164.219:35434], old=null
2019-10-14 19:24:06,213 [pool-159-thread-1] INFO  impl.RaftServerImpl (RaftServerImpl.java:setRole(170)) - 01449a64-8d93-448f-af9d-a56c36523a6d@group-3F63DA62C15D: changes role from      null to FOLLOWER at term 0 for startAsFollower
2019-10-14 19:24:06,213 [pool-159-thread-1] INFO  impl.RoleInfo (RoleInfo.java:updateAndGet(143)) - 01449a64-8d93-448f-af9d-a56c36523a6d: start FollowerState
2019-10-14 19:24:06,213 [pool-159-thread-1] INFO  util.JmxRegister (JmxRegister.java:tryRegister(44)) - Successfully registered JMX Bean with object name Ratis:service=RaftServer,group=group-3F63DA62C15D,id=01449a64-8d93-448f-af9d-a56c36523a6d
2019-10-14 19:24:06,216 [RatisPipelineUtilsThread] INFO  pipeline.PipelineStateManager (PipelineStateManager.java:addPipeline(57)) - Created pipeline Pipeline[ Id: 40cbf683-6979-4c35-b9a0-3f63da62c15d, Nodes: 01449a64-8d93-448f-af9d-a56c36523a6d{ip: 192.168.164.219, host: pr-hdds-1868-cfdmt-251076870, networkLocation: /default-rack, certSerialId: null}, Type:RATIS, Factor:ONE, State:ALLOCATED]
2019-10-14 19:24:06,222 [Thread-703] INFO  pipeline.PipelineStateManager (PipelineStateManager.java:finalizePipeline(123)) - Pipeline Pipeline[ Id: 9bc451f0-e824-4d10-b99c-8ff0169d7730, Nodes: e449d29f-23ec-4943-8e04-16f349e7a11f{ip: 192.168.164.219, host: pr-hdds-1868-cfdmt-251076870, networkLocation: /default-rack, certSerialId: null}a33f834b-b66a-4354-b261-b5dccb079bb7{ip: 192.168.164.219, host: pr-hdds-1868-cfdmt-251076870, networkLocation: /default-rack, certSerialId: null}867be414-fe82-4697-923b-46e307d25728{ip: 192.168.164.219, host: pr-hdds-1868-cfdmt-251076870, networkLocation: /default-rack, certSerialId: null}, Type:RATIS, Factor:THREE, State:CLOSED] moved to CLOSED state
2019-10-14 19:24:06,228 [grpc-default-executor-2] INFO  impl.RaftServerProxy (RaftServerProxy.java:remove(95)) - e449d29f-23ec-4943-8e04-16f349e7a11f: remove  FOLLOWER e449d29f-23ec-4943-8e04-16f349e7a11f@group-8FF0169D7730:t0, leader=null, voted=null, raftlog=e449d29f-23ec-4943-8e04-16f349e7a11f@group-8FF0169D7730-SegmentedRaftLog:OPENED:c-1,f-1,i0, conf=-1: [867be414-fe82-4697-923b-46e307d25728:192.168.164.219:46006, e449d29f-23ec-4943-8e04-16f349e7a11f:192.168.164.219:34574, a33f834b-b66a-4354-b261-b5dccb079bb7:192.168.164.219:43999], old=null RUNNING
2019-10-14 19:24:06,228 [grpc-default-executor-2] INFO  impl.RaftServerImpl (RaftServerImpl.java:lambda$shutdown$3(247)) - e449d29f-23ec-4943-8e04-16f349e7a11f@group-8FF0169D7730: shutdown
2019-10-14 19:24:06,228 [grpc-default-executor-2] INFO  util.JmxRegister (JmxRegister.java:unregister(73)) - Successfully un-registered JMX Bean with object name Ratis:service=RaftServer,group=group-8FF0169D7730,id=e449d29f-23ec-4943-8e04-16f349e7a11f
2019-10-14 19:24:06,229 [grpc-default-executor-2] INFO  impl.RoleInfo (RoleInfo.java:shutdownFollowerState(121)) - e449d29f-23ec-4943-8e04-16f349e7a11f: shutdown FollowerState
2019-10-14 19:24:06,229 [grpc-default-executor-2] INFO  impl.StateMachineUpdater (StateMachineUpdater.java:stopAndJoin(136)) - e449d29f-23ec-4943-8e04-16f349e7a11f@group-8FF0169D7730-StateMachineUpdater: set stopIndex = -1
2019-10-14 19:24:06,229 [Thread-734] INFO  impl.FollowerState (FollowerState.java:run(117)) - e449d29f-23ec-4943-8e04-16f349e7a11f@group-8FF0169D7730-FollowerState was interrupted: java.lang.InterruptedException: sleep interrupted
2019-10-14 19:24:06,231 [grpc-default-executor-2] INFO  impl.RaftServerImpl (ServerState.java:close(387)) - e449d29f-23ec-4943-8e04-16f349e7a11f@group-8FF0169D7730: closes. applyIndex: -1
2019-10-14 19:24:06,234 [e449d29f-23ec-4943-8e04-16f349e7a11f@group-8FF0169D7730-SegmentedRaftLogWorker] INFO  segmented.SegmentedRaftLogWorker (SegmentedRaftLogWorker.java:run(316)) - e449d29f-23ec-4943-8e04-16f349e7a11f@group-8FF0169D7730-SegmentedRaftLogWorker was interrupted, exiting. There are 0 tasks remaining in the queue.
2019-10-14 19:24:06,234 [grpc-default-executor-2] INFO  segmented.SegmentedRaftLogWorker (SegmentedRaftLogWorker.java:close(224)) - e449d29f-23ec-4943-8e04-16f349e7a11f@group-8FF0169D7730-SegmentedRaftLogWorker close()
2019-10-14 19:24:06,245 [grpc-default-executor-2] INFO  impl.RaftServerProxy (RaftServerProxy.java:remove(95)) - a33f834b-b66a-4354-b261-b5dccb079bb7: remove  FOLLOWER a33f834b-b66a-4354-b261-b5dccb079bb7@group-8FF0169D7730:t0, leader=null, voted=null, raftlog=a33f834b-b66a-4354-b261-b5dccb079bb7@group-8FF0169D7730-SegmentedRaftLog:OPENED:c-1,f-1,i0, conf=-1: [867be414-fe82-4697-923b-46e307d25728:192.168.164.219:46006, e449d29f-23ec-4943-8e04-16f349e7a11f:192.168.164.219:34574, a33f834b-b66a-4354-b261-b5dccb079bb7:192.168.164.219:43999], old=null RUNNING
2019-10-14 19:24:06,245 [grpc-default-executor-2] INFO  impl.RaftServerImpl (RaftServerImpl.java:lambda$shutdown$3(247)) - a33f834b-b66a-4354-b261-b5dccb079bb7@group-8FF0169D7730: shutdown
2019-10-14 19:24:06,246 [grpc-default-executor-2] INFO  util.JmxRegister (JmxRegister.java:unregister(73)) - Successfully un-registered JMX Bean with object name Ratis:service=RaftServer,group=group-8FF0169D7730,id=a33f834b-b66a-4354-b261-b5dccb079bb7
2019-10-14 19:24:06,246 [grpc-default-executor-2] INFO  impl.RoleInfo (RoleInfo.java:shutdownFollowerState(121)) - a33f834b-b66a-4354-b261-b5dccb079bb7: shutdown FollowerState
2019-10-14 19:24:06,246 [grpc-default-executor-2] INFO  impl.StateMachineUpdater (StateMachineUpdater.java:stopAndJoin(136)) - a33f834b-b66a-4354-b261-b5dccb079bb7@group-8FF0169D7730-StateMachineUpdater: set stopIndex = -1
2019-10-14 19:24:06,246 [Thread-731] INFO  impl.FollowerState (FollowerState.java:run(117)) - a33f834b-b66a-4354-b261-b5dccb079bb7@group-8FF0169D7730-FollowerState was interrupted: java.lang.InterruptedException: sleep interrupted
2019-10-14 19:24:06,246 [grpc-default-executor-2] INFO  impl.RaftServerImpl (ServerState.java:close(387)) - a33f834b-b66a-4354-b261-b5dccb079bb7@group-8FF0169D7730: closes. applyIndex: -1
2019-10-14 19:24:06,250 [a33f834b-b66a-4354-b261-b5dccb079bb7@group-8FF0169D7730-SegmentedRaftLogWorker] INFO  segmented.SegmentedRaftLogWorker (SegmentedRaftLogWorker.java:run(316)) - a33f834b-b66a-4354-b261-b5dccb079bb7@group-8FF0169D7730-SegmentedRaftLogWorker was interrupted, exiting. There are 0 tasks remaining in the queue.
2019-10-14 19:24:06,251 [grpc-default-executor-2] INFO  segmented.SegmentedRaftLogWorker (SegmentedRaftLogWorker.java:close(224)) - a33f834b-b66a-4354-b261-b5dccb079bb7@group-8FF0169D7730-SegmentedRaftLogWorker close()
2019-10-14 19:24:06,261 [grpc-default-executor-2] INFO  impl.RaftServerProxy (RaftServerProxy.java:remove(95)) - 867be414-fe82-4697-923b-46e307d25728: remove  FOLLOWER 867be414-fe82-4697-923b-46e307d25728@group-8FF0169D7730:t0, leader=null, voted=null, raftlog=867be414-fe82-4697-923b-46e307d25728@group-8FF0169D7730-SegmentedRaftLog:OPENED:c-1,f-1,i0, conf=-1: [867be414-fe82-4697-923b-46e307d25728:192.168.164.219:46006, e449d29f-23ec-4943-8e04-16f349e7a11f:192.168.164.219:34574, a33f834b-b66a-4354-b261-b5dccb079bb7:192.168.164.219:43999], old=null RUNNING
2019-10-14 19:24:06,261 [grpc-default-executor-2] INFO  impl.RaftServerImpl (RaftServerImpl.java:lambda$shutdown$3(247)) - 867be414-fe82-4697-923b-46e307d25728@group-8FF0169D7730: shutdown
2019-10-14 19:24:06,261 [grpc-default-executor-2] INFO  util.JmxRegister (JmxRegister.java:unregister(73)) - Successfully un-registered JMX Bean with object name Ratis:service=RaftServer,group=group-8FF0169D7730,id=867be414-fe82-4697-923b-46e307d25728
2019-10-14 19:24:06,261 [grpc-default-executor-2] INFO  impl.RoleInfo (RoleInfo.java:shutdownFollowerState(121)) - 867be414-fe82-4697-923b-46e307d25728: shutdown FollowerState
2019-10-14 19:24:06,261 [grpc-default-executor-2] INFO  impl.StateMachineUpdater (StateMachineUpdater.java:stopAndJoin(136)) - 867be414-fe82-4697-923b-46e307d25728@group-8FF0169D7730-StateMachineUpdater: set stopIndex = -1
2019-10-14 19:24:06,261 [Thread-733] INFO  impl.FollowerState (FollowerState.java:run(117)) - 867be414-fe82-4697-923b-46e307d25728@group-8FF0169D7730-FollowerState was interrupted: java.lang.InterruptedException: sleep interrupted
2019-10-14 19:24:06,261 [grpc-default-executor-2] INFO  impl.RaftServerImpl (ServerState.java:close(387)) - 867be414-fe82-4697-923b-46e307d25728@group-8FF0169D7730: closes. applyIndex: -1
2019-10-14 19:24:06,266 [867be414-fe82-4697-923b-46e307d25728@group-8FF0169D7730-SegmentedRaftLogWorker] INFO  segmented.SegmentedRaftLogWorker (SegmentedRaftLogWorker.java:run(316)) - 867be414-fe82-4697-923b-46e307d25728@group-8FF0169D7730-SegmentedRaftLogWorker was interrupted, exiting. There are 0 tasks remaining in the queue.
2019-10-14 19:24:06,266 [grpc-default-executor-2] INFO  segmented.SegmentedRaftLogWorker (SegmentedRaftLogWorker.java:close(224)) - 867be414-fe82-4697-923b-46e307d25728@group-8FF0169D7730-SegmentedRaftLogWorker close()
2019-10-14 19:24:06,271 [Thread-703] INFO  pipeline.PipelineStateManager (PipelineStateManager.java:removePipeline(108)) - Pipeline Pipeline[ Id: 9bc451f0-e824-4d10-b99c-8ff0169d7730, Nodes: e449d29f-23ec-4943-8e04-16f349e7a11f{ip: 192.168.164.219, host: pr-hdds-1868-cfdmt-251076870, networkLocation: /default-rack, certSerialId: null}a33f834b-b66a-4354-b261-b5dccb079bb7{ip: 192.168.164.219, host: pr-hdds-1868-cfdmt-251076870, networkLocation: /default-rack, certSerialId: null}867be414-fe82-4697-923b-46e307d25728{ip: 192.168.164.219, host: pr-hdds-1868-cfdmt-251076870, networkLocation: /default-rack, certSerialId: null}, Type:RATIS, Factor:THREE, State:CLOSED] removed from db
2019-10-14 19:24:06,272 [Thread-703] INFO  pipeline.SCMPipelineManager (SCMPipelineManager.java:finalizeAndDestroyPipeline(315)) - destroying pipeline:Pipeline[ Id: bca98802-1122-46c5-9583-0fc104f401d8, Nodes: e449d29f-23ec-4943-8e04-16f349e7a11f{ip: 192.168.164.219, host: pr-hdds-1868-cfdmt-251076870, networkLocation: /default-rack, certSerialId: null}, Type:RATIS, Factor:ONE, State:ALLOCATED]
2019-10-14 19:24:06,277 [grpc-default-executor-2] INFO  impl.RaftServerProxy (RaftServerProxy.java:addNew(89)) - e449d29f-23ec-4943-8e04-16f349e7a11f: addNew group-7C10719D05E7:[867be414-fe82-4697-923b-46e307d25728:192.168.164.219:46006, e449d29f-23ec-4943-8e04-16f349e7a11f:192.168.164.219:34574, a33f834b-b66a-4354-b261-b5dccb079bb7:192.168.164.219:43999] returns group-7C10719D05E7:java.util.concurrent.CompletableFuture@194c83cb[Not completed]
2019-10-14 19:24:06,280 [pool-179-thread-1] INFO  impl.RaftServerImpl (RaftServerImpl.java:<init>(95)) - e449d29f-23ec-4943-8e04-16f349e7a11f: new RaftServerImpl for group-7C10719D05E7:[867be414-fe82-4697-923b-46e307d25728:192.168.164.219:46006, e449d29f-23ec-4943-8e04-16f349e7a11f:192.168.164.219:34574, a33f834b-b66a-4354-b261-b5dccb079bb7:192.168.164.219:43999] with ContainerStateMachine:uninitialized
2019-10-14 19:24:06,280 [pool-179-thread-1] INFO  server.RaftServerConfigKeys (ConfUtils.java:logGet(43)) - raft.server.rpc.timeout.min = 5s (custom)
2019-10-14 19:24:06,280 [pool-179-thread-1] INFO  server.RaftServerConfigKeys (ConfUtils.java:logGet(43)) - raft.server.rpc.timeout.max = 5200ms (custom)
2019-10-14 19:24:06,280 [pool-179-thread-1] INFO  server.RaftServerConfigKeys (ConfUtils.java:logGet(43)) - raft.server.rpcslowness.timeout = 120s (custom)
2019-10-14 19:24:06,280 [pool-179-thread-1] INFO  server.RaftServerConfigKeys (ConfUtils.java:logGet(43)) - raft.server.sleep.deviation.threshold = 300 (default)
2019-10-14 19:24:06,280 [grpc-default-executor-2] INFO  impl.RaftServerProxy (RaftServerProxy.java:addNew(89)) - a33f834b-b66a-4354-b261-b5dccb079bb7: addNew group-7C10719D05E7:[867be414-fe82-4697-923b-46e307d25728:192.168.164.219:46006, e449d29f-23ec-4943-8e04-16f349e7a11f:192.168.164.219:34574, a33f834b-b66a-4354-b261-b5dccb079bb7:192.168.164.219:43999] returns group-7C10719D05E7:java.util.concurrent.CompletableFuture@5e6fc5ca[Not completed]
2019-10-14 19:24:06,280 [pool-179-thread-1] INFO  server.RaftServerConfigKeys (ConfUtils.java:logGet(43)) - raft.server.log.appender.install.snapshot.enabled = false (custom)
2019-10-14 19:24:06,281 [pool-179-thread-1] INFO  impl.RaftServerImpl (ServerState.java:<init>(103)) - e449d29f-23ec-4943-8e04-16f349e7a11f@group-7C10719D05E7: ConfigurationManager, init=-1: [867be414-fe82-4697-923b-46e307d25728:192.168.164.219:46006, e449d29f-23ec-4943-8e04-16f349e7a11f:192.168.164.219:34574, a33f834b-b66a-4354-b261-b5dccb079bb7:192.168.164.219:43999], old=null, confs=<EMPTY_MAP>
2019-10-14 19:24:06,281 [pool-179-thread-1] INFO  server.RaftServerConfigKeys (ConfUtils.java:logGet(43)) - raft.server.storage.dir = [/workdir/hadoop-ozone/integration-test/target/test-dir/MiniOzoneClusterImpl-d886f0db-47f2-4bc5-8f88-b8b0eb7c8529/datanode-6/data/ratis] (custom)
2019-10-14 19:24:06,281 [grpc-default-executor-2] INFO  impl.RaftServerProxy (RaftServerProxy.java:addNew(89)) - 867be414-fe82-4697-923b-46e307d25728: addNew group-7C10719D05E7:[867be414-fe82-4697-923b-46e307d25728:192.168.164.219:46006, e449d29f-23ec-4943-8e04-16f349e7a11f:192.168.164.219:34574, a33f834b-b66a-4354-b261-b5dccb079bb7:192.168.164.219:43999] returns group-7C10719D05E7:java.util.concurrent.CompletableFuture@55bfc68f[Not completed]
2019-10-14 19:24:06,281 [pool-179-thread-1] INFO  server.RaftServerConfigKeys (ConfUtils.java:logGet(43)) - raft.server.log.corruption.policy = EXCEPTION (default)
2019-10-14 19:24:06,281 [pool-139-thread-1] INFO  impl.RaftServerImpl (RaftServerImpl.java:<init>(95)) - a33f834b-b66a-4354-b261-b5dccb079bb7: new RaftServerImpl for group-7C10719D05E7:[867be414-fe82-4697-923b-46e307d25728:192.168.164.219:46006, e449d29f-23ec-4943-8e04-16f349e7a11f:192.168.164.219:34574, a33f834b-b66a-4354-b261-b5dccb079bb7:192.168.164.219:43999] with ContainerStateMachine:uninitialized
2019-10-14 19:24:06,281 [pool-179-thread-1] INFO  storage.RaftStorageDirectory (RaftStorageDirectory.java:analyzeStorage(246)) - The storage directory /workdir/hadoop-ozone/integration-test/target/test-dir/MiniOzoneClusterImpl-d886f0db-47f2-4bc5-8f88-b8b0eb7c8529/datanode-6/data/ratis/890dd35c-976f-409e-b960-7c10719d05e7 does not exist. Creating ...
2019-10-14 19:24:06,281 [pool-139-thread-1] INFO  server.RaftServerConfigKeys (ConfUtils.java:logGet(43)) - raft.server.rpc.timeout.min = 5s (custom)
2019-10-14 19:24:06,281 [pool-139-thread-1] INFO  server.RaftServerConfigKeys (ConfUtils.java:logGet(43)) - raft.server.rpc.timeout.max = 5200ms (custom)
2019-10-14 19:24:06,282 [pool-139-thread-1] INFO  server.RaftServerConfigKeys (ConfUtils.java:logGet(43)) - raft.server.rpcslowness.timeout = 120s (custom)
2019-10-14 19:24:06,282 [pool-139-thread-1] INFO  server.RaftServerConfigKeys (ConfUtils.java:logGet(43)) - raft.server.sleep.deviation.threshold = 300 (default)
2019-10-14 19:24:06,282 [pool-169-thread-1] INFO  impl.RaftServerImpl (RaftServerImpl.java:<init>(95)) - 867be414-fe82-4697-923b-46e307d25728: new RaftServerImpl for group-7C10719D05E7:[867be414-fe82-4697-923b-46e307d25728:192.168.164.219:46006, e449d29f-23ec-4943-8e04-16f349e7a11f:192.168.164.219:34574, a33f834b-b66a-4354-b261-b5dccb079bb7:192.168.164.219:43999] with ContainerStateMachine:uninitialized
2019-10-14 19:24:06,282 [pool-139-thread-1] INFO  server.RaftServerConfigKeys (ConfUtils.java:logGet(43)) - raft.server.log.appender.install.snapshot.enabled = false (custom)
2019-10-14 19:24:06,282 [pool-169-thread-1] INFO  server.RaftServerConfigKeys (ConfUtils.java:logGet(43)) - raft.server.rpc.timeout.min = 5s (custom)
2019-10-14 19:24:06,282 [pool-139-thread-1] INFO  impl.RaftServerImpl (ServerState.java:<init>(103)) - a33f834b-b66a-4354-b261-b5dccb079bb7@group-7C10719D05E7: ConfigurationManager, init=-1: [867be414-fe82-4697-923b-46e307d25728:192.168.164.219:46006, e449d29f-23ec-4943-8e04-16f349e7a11f:192.168.164.219:34574, a33f834b-b66a-4354-b261-b5dccb079bb7:192.168.164.219:43999], old=null, confs=<EMPTY_MAP>
2019-10-14 19:24:06,282 [pool-169-thread-1] INFO  server.RaftServerConfigKeys (ConfUtils.java:logGet(43)) - raft.server.rpc.timeout.max = 5200ms (custom)
2019-10-14 19:24:06,282 [pool-139-thread-1] INFO  server.RaftServerConfigKeys (ConfUtils.java:logGet(43)) - raft.server.storage.dir = [/workdir/hadoop-ozone/integration-test/target/test-dir/MiniOzoneClusterImpl-d886f0db-47f2-4bc5-8f88-b8b0eb7c8529/datanode-2/data/ratis] (custom)
2019-10-14 19:24:06,282 [pool-169-thread-1] INFO  server.RaftServerConfigKeys (ConfUtils.java:logGet(43)) - raft.server.rpcslowness.timeout = 120s (custom)
2019-10-14 19:24:06,282 [pool-139-thread-1] INFO  server.RaftServerConfigKeys (ConfUtils.java:logGet(43)) - raft.server.log.corruption.policy = EXCEPTION (default)
2019-10-14 19:24:06,283 [pool-169-thread-1] INFO  server.RaftServerConfigKeys (ConfUtils.java:logGet(43)) - raft.server.sleep.deviation.threshold = 300 (default)
2019-10-14 19:24:06,283 [pool-139-thread-1] INFO  storage.RaftStorageDirectory (RaftStorageDirectory.java:analyzeStorage(246)) - The storage directory /workdir/hadoop-ozone/integration-test/target/test-dir/MiniOzoneClusterImpl-d886f0db-47f2-4bc5-8f88-b8b0eb7c8529/datanode-2/data/ratis/890dd35c-976f-409e-b960-7c10719d05e7 does not exist. Creating ...
2019-10-14 19:24:06,283 [pool-169-thread-1] INFO  server.RaftServerConfigKeys (ConfUtils.java:logGet(43)) - raft.server.log.appender.install.snapshot.enabled = false (custom)
2019-10-14 19:24:06,283 [pool-169-thread-1] INFO  impl.RaftServerImpl (ServerState.java:<init>(103)) - 867be414-fe82-4697-923b-46e307d25728@group-7C10719D05E7: ConfigurationManager, init=-1: [867be414-fe82-4697-923b-46e307d25728:192.168.164.219:46006, e449d29f-23ec-4943-8e04-16f349e7a11f:192.168.164.219:34574, a33f834b-b66a-4354-b261-b5dccb079bb7:192.168.164.219:43999], old=null, confs=<EMPTY_MAP>
2019-10-14 19:24:06,283 [pool-169-thread-1] INFO  server.RaftServerConfigKeys (ConfUtils.java:logGet(43)) - raft.server.storage.dir = [/workdir/hadoop-ozone/integration-test/target/test-dir/MiniOzoneClusterImpl-d886f0db-47f2-4bc5-8f88-b8b0eb7c8529/datanode-5/data/ratis] (custom)
2019-10-14 19:24:06,283 [pool-169-thread-1] INFO  server.RaftServerConfigKeys (ConfUtils.java:logGet(43)) - raft.server.log.corruption.policy = EXCEPTION (default)
2019-10-14 19:24:06,283 [pool-169-thread-1] INFO  storage.RaftStorageDirectory (RaftStorageDirectory.java:analyzeStorage(246)) - The storage directory /workdir/hadoop-ozone/integration-test/target/test-dir/MiniOzoneClusterImpl-d886f0db-47f2-4bc5-8f88-b8b0eb7c8529/datanode-5/data/ratis/890dd35c-976f-409e-b960-7c10719d05e7 does not exist. Creating ...
2019-10-14 19:24:06,304 [pool-139-thread-1] INFO  storage.RaftStorageDirectory (RaftStorageDirectory.java:tryLock(328)) - Lock on /workdir/hadoop-ozone/integration-test/target/test-dir/MiniOzoneClusterImpl-d886f0db-47f2-4bc5-8f88-b8b0eb7c8529/datanode-2/data/ratis/890dd35c-976f-409e-b960-7c10719d05e7/in_use.lock acquired by nodename 13880@pr-hdds-1868-cfdmt-251076870
2019-10-14 19:24:06,304 [pool-169-thread-1] INFO  storage.RaftStorageDirectory (RaftStorageDirectory.java:tryLock(328)) - Lock on /workdir/hadoop-ozone/integration-test/target/test-dir/MiniOzoneClusterImpl-d886f0db-47f2-4bc5-8f88-b8b0eb7c8529/datanode-5/data/ratis/890dd35c-976f-409e-b960-7c10719d05e7/in_use.lock acquired by nodename 13880@pr-hdds-1868-cfdmt-251076870
2019-10-14 19:24:06,304 [pool-179-thread-1] INFO  storage.RaftStorageDirectory (RaftStorageDirectory.java:tryLock(328)) - Lock on /workdir/hadoop-ozone/integration-test/target/test-dir/MiniOzoneClusterImpl-d886f0db-47f2-4bc5-8f88-b8b0eb7c8529/datanode-6/data/ratis/890dd35c-976f-409e-b960-7c10719d05e7/in_use.lock acquired by nodename 13880@pr-hdds-1868-cfdmt-251076870
2019-10-14 19:24:06,319 [pool-139-thread-1] INFO  storage.RaftStorage (RaftStorage.java:format(84)) - Storage directory /workdir/hadoop-ozone/integration-test/target/test-dir/MiniOzoneClusterImpl-d886f0db-47f2-4bc5-8f88-b8b0eb7c8529/datanode-2/data/ratis/890dd35c-976f-409e-b960-7c10719d05e7 has been successfully formatted.
2019-10-14 19:24:06,319 [pool-169-thread-1] INFO  storage.RaftStorage (RaftStorage.java:format(84)) - Storage directory /workdir/hadoop-ozone/integration-test/target/test-dir/MiniOzoneClusterImpl-d886f0db-47f2-4bc5-8f88-b8b0eb7c8529/datanode-5/data/ratis/890dd35c-976f-409e-b960-7c10719d05e7 has been successfully formatted.
2019-10-14 19:24:06,319 [pool-179-thread-1] INFO  storage.RaftStorage (RaftStorage.java:format(84)) - Storage directory /workdir/hadoop-ozone/integration-test/target/test-dir/MiniOzoneClusterImpl-d886f0db-47f2-4bc5-8f88-b8b0eb7c8529/datanode-6/data/ratis/890dd35c-976f-409e-b960-7c10719d05e7 has been successfully formatted.
2019-10-14 19:24:06,319 [pool-139-thread-1] INFO  ratis.ContainerStateMachine (ContainerStateMachine.java:loadSnapshot(233)) - group-7C10719D05E7: The snapshot info is null. Setting the last applied indexto:(t:0, i:~)
2019-10-14 19:24:06,319 [pool-179-thread-1] INFO  ratis.ContainerStateMachine (ContainerStateMachine.java:loadSnapshot(233)) - group-7C10719D05E7: The snapshot info is null. Setting the last applied indexto:(t:0, i:~)
2019-10-14 19:24:06,319 [pool-169-thread-1] INFO  ratis.ContainerStateMachine (ContainerStateMachine.java:loadSnapshot(233)) - group-7C10719D05E7: The snapshot info is null. Setting the last applied indexto:(t:0, i:~)
2019-10-14 19:24:06,320 [pool-179-thread-1] INFO  server.RaftServerConfigKeys (ConfUtils.java:logGet(43)) - raft.server.notification.no-leader.timeout = 120s (custom)
2019-10-14 19:24:06,320 [pool-139-thread-1] INFO  server.RaftServerConfigKeys (ConfUtils.java:logGet(43)) - raft.server.notification.no-leader.timeout = 120s (custom)
2019-10-14 19:24:06,320 [pool-179-thread-1] INFO  server.RaftServerConfigKeys (ConfUtils.java:logGet(43)) - raft.server.log.use.memory = false (default)
2019-10-14 19:24:06,320 [pool-169-thread-1] INFO  server.RaftServerConfigKeys (ConfUtils.java:logGet(43)) - raft.server.notification.no-leader.timeout = 120s (custom)
2019-10-14 19:24:06,320 [pool-179-thread-1] INFO  server.RaftServerConfigKeys (ConfUtils.java:logGet(43)) - raft.server.log.purge.gap = 1000000 (custom)
2019-10-14 19:24:06,320 [pool-139-thread-1] INFO  server.RaftServerConfigKeys (ConfUtils.java:logGet(43)) - raft.server.log.use.memory = false (default)
2019-10-14 19:24:06,320 [pool-179-thread-1] INFO  server.RaftServerConfigKeys (ConfUtils.java:logGet(43)) - raft.server.log.appender.buffer.byte-limit = 33554432 (custom)
2019-10-14 19:24:06,320 [pool-169-thread-1] INFO  server.RaftServerConfigKeys (ConfUtils.java:logGet(43)) - raft.server.log.use.memory = false (default)
2019-10-14 19:24:06,321 [pool-179-thread-1] INFO  server.RaftServerConfigKeys (ConfUtils.java:logGet(43)) - raft.server.log.segment.size.max = 1048576 (custom)
2019-10-14 19:24:06,320 [pool-139-thread-1] INFO  server.RaftServerConfigKeys (ConfUtils.java:logGet(43)) - raft.server.log.purge.gap = 1000000 (custom)
2019-10-14 19:24:06,321 [pool-179-thread-1] INFO  server.RaftServerConfigKeys (ConfUtils.java:logGet(43)) - raft.server.log.segment.cache.num.max = 2 (custom)
2019-10-14 19:24:06,321 [pool-169-thread-1] INFO  server.RaftServerConfigKeys (ConfUtils.java:logGet(43)) - raft.server.log.purge.gap = 1000000 (custom)
2019-10-14 19:24:06,321 [pool-179-thread-1] INFO  segmented.SegmentedRaftLogWorker (SegmentedRaftLogWorker.java:<init>(173)) - new e449d29f-23ec-4943-8e04-16f349e7a11f@group-7C10719D05E7-SegmentedRaftLogWorker for RaftStorage:Storage Directory /workdir/hadoop-ozone/integration-test/target/test-dir/MiniOzoneClusterImpl-d886f0db-47f2-4bc5-8f88-b8b0eb7c8529/datanode-6/data/ratis/890dd35c-976f-409e-b960-7c10719d05e7
2019-10-14 19:24:06,321 [pool-139-thread-1] INFO  server.RaftServerConfigKeys (ConfUtils.java:logGet(43)) - raft.server.log.appender.buffer.byte-limit = 33554432 (custom)
2019-10-14 19:24:06,321 [pool-179-thread-1] INFO  server.RaftServerConfigKeys (ConfUtils.java:logGet(43)) - raft.server.log.queue.byte-limit = 2147483647 (custom)
2019-10-14 19:24:06,321 [pool-169-thread-1] INFO  server.RaftServerConfigKeys (ConfUtils.java:logGet(43)) - raft.server.log.appender.buffer.byte-limit = 33554432 (custom)
2019-10-14 19:24:06,321 [pool-179-thread-1] INFO  server.RaftServerConfigKeys (ConfUtils.java:logGet(43)) - raft.server.log.queue.element-limit = 1024 (custom)
2019-10-14 19:24:06,321 [pool-139-thread-1] INFO  server.RaftServerConfigKeys (ConfUtils.java:logGet(43)) - raft.server.log.segment.size.max = 1048576 (custom)
2019-10-14 19:24:06,322 [pool-179-thread-1] INFO  server.RaftServerConfigKeys (ConfUtils.java:logGet(43)) - raft.server.log.segment.size.max = 1048576 (custom)
2019-10-14 19:24:06,322 [pool-169-thread-1] INFO  server.RaftServerConfigKeys (ConfUtils.java:logGet(43)) - raft.server.log.segment.size.max = 1048576 (custom)
2019-10-14 19:24:06,322 [pool-179-thread-1] INFO  server.RaftServerConfigKeys (ConfUtils.java:logGet(43)) - raft.server.log.preallocated.size = 16384 (custom)
2019-10-14 19:24:06,322 [pool-139-thread-1] INFO  server.RaftServerConfigKeys (ConfUtils.java:logGet(43)) - raft.server.log.segment.cache.num.max = 2 (custom)
2019-10-14 19:24:06,322 [pool-179-thread-1] INFO  server.RaftServerConfigKeys (ConfUtils.java:logGet(43)) - raft.server.log.write.buffer.size = 33554432 (custom)
2019-10-14 19:24:06,322 [pool-169-thread-1] INFO  server.RaftServerConfigKeys (ConfUtils.java:logGet(43)) - raft.server.log.segment.cache.num.max = 2 (custom)
2019-10-14 19:24:06,322 [pool-179-thread-1] INFO  server.RaftServerConfigKeys (ConfUtils.java:logGet(43)) - raft.server.log.force.sync.num = 128 (default)
2019-10-14 19:24:06,322 [pool-139-thread-1] INFO  segmented.SegmentedRaftLogWorker (SegmentedRaftLogWorker.java:<init>(173)) - new a33f834b-b66a-4354-b261-b5dccb079bb7@group-7C10719D05E7-SegmentedRaftLogWorker for RaftStorage:Storage Directory /workdir/hadoop-ozone/integration-test/target/test-dir/MiniOzoneClusterImpl-d886f0db-47f2-4bc5-8f88-b8b0eb7c8529/datanode-2/data/ratis/890dd35c-976f-409e-b960-7c10719d05e7
2019-10-14 19:24:06,323 [pool-179-thread-1] INFO  server.RaftServerConfigKeys (ConfUtils.java:logGet(43)) - raft.server.log.statemachine.data.sync = true (default)
2019-10-14 19:24:06,322 [pool-169-thread-1] INFO  segmented.SegmentedRaftLogWorker (SegmentedRaftLogWorker.java:<init>(173)) - new 867be414-fe82-4697-923b-46e307d25728@group-7C10719D05E7-SegmentedRaftLogWorker for RaftStorage:Storage Directory /workdir/hadoop-ozone/integration-test/target/test-dir/MiniOzoneClusterImpl-d886f0db-47f2-4bc5-8f88-b8b0eb7c8529/datanode-5/data/ratis/890dd35c-976f-409e-b960-7c10719d05e7
2019-10-14 19:24:06,323 [pool-179-thread-1] INFO  server.RaftServerConfigKeys (ConfUtils.java:logGet(43)) - raft.server.log.statemachine.data.sync.timeout = 10s (default)
2019-10-14 19:24:06,323 [pool-139-thread-1] INFO  server.RaftServerConfigKeys (ConfUtils.java:logGet(43)) - raft.server.log.queue.byte-limit = 2147483647 (custom)
2019-10-14 19:24:06,323 [pool-179-thread-1] INFO  server.RaftServerConfigKeys (ConfUtils.java:logGet(43)) - raft.server.log.statemachine.data.sync.timeout.retry = -1 (default)
2019-10-14 19:24:06,323 [pool-169-thread-1] INFO  server.RaftServerConfigKeys (ConfUtils.java:logGet(43)) - raft.server.log.queue.byte-limit = 2147483647 (custom)
2019-10-14 19:24:06,323 [pool-179-thread-1] INFO  server.RaftServerConfigKeys (ConfUtils.java:logGet(43)) - raft.server.log.statemachine.data.caching.enabled = true (custom)
2019-10-14 19:24:06,323 [pool-139-thread-1] INFO  server.RaftServerConfigKeys (ConfUtils.java:logGet(43)) - raft.server.log.queue.element-limit = 1024 (custom)
2019-10-14 19:24:06,323 [pool-169-thread-1] INFO  server.RaftServerConfigKeys (ConfUtils.java:logGet(43)) - raft.server.log.queue.element-limit = 1024 (custom)
2019-10-14 19:24:06,324 [pool-179-thread-1] INFO  segmented.SegmentedRaftLogWorker (SegmentedRaftLogWorker.java:lambda$new$0(128)) - e449d29f-23ec-4943-8e04-16f349e7a11f@group-7C10719D05E7-SegmentedRaftLogWorker: flushIndex: setUnconditionally 0 -> -1
2019-10-14 19:24:06,324 [pool-139-thread-1] INFO  server.RaftServerConfigKeys (ConfUtils.java:logGet(43)) - raft.server.log.segment.size.max = 1048576 (custom)
2019-10-14 19:24:06,324 [pool-169-thread-1] INFO  server.RaftServerConfigKeys (ConfUtils.java:logGet(43)) - raft.server.log.segment.size.max = 1048576 (custom)
2019-10-14 19:24:06,324 [pool-179-thread-1] INFO  server.RaftServerConfigKeys (ConfUtils.java:logGet(43)) - raft.server.snapshot.auto.trigger.enabled = true (custom)
2019-10-14 19:24:06,324 [pool-139-thread-1] INFO  server.RaftServerConfigKeys (ConfUtils.java:logGet(43)) - raft.server.log.preallocated.size = 16384 (custom)
2019-10-14 19:24:06,324 [pool-179-thread-1] INFO  server.RaftServerConfigKeys (ConfUtils.java:logGet(43)) - raft.server.snapshot.auto.trigger.threshold = 10000 (custom)
2019-10-14 19:24:06,324 [pool-169-thread-1] INFO  server.RaftServerConfigKeys (ConfUtils.java:logGet(43)) - raft.server.log.preallocated.size = 16384 (custom)
2019-10-14 19:24:06,324 [pool-179-thread-1] INFO  server.RaftServerConfigKeys (ConfUtils.java:logGet(43)) - raft.server.snapshot.retention.file.num = 5 (custom)
2019-10-14 19:24:06,324 [pool-139-thread-1] INFO  server.RaftServerConfigKeys (ConfUtils.java:logGet(43)) - raft.server.log.write.buffer.size = 33554432 (custom)
2019-10-14 19:24:06,325 [pool-179-thread-1] INFO  server.RaftServerConfigKeys (ConfUtils.java:logGet(43)) - raft.server.retrycache.expirytime = 600000ms (custom)
2019-10-14 19:24:06,324 [pool-169-thread-1] INFO  server.RaftServerConfigKeys (ConfUtils.java:logGet(43)) - raft.server.log.write.buffer.size = 33554432 (custom)
2019-10-14 19:24:06,325 [pool-139-thread-1] INFO  server.RaftServerConfigKeys (ConfUtils.java:logGet(43)) - raft.server.log.force.sync.num = 128 (default)
2019-10-14 19:24:06,325 [pool-169-thread-1] INFO  server.RaftServerConfigKeys (ConfUtils.java:logGet(43)) - raft.server.log.force.sync.num = 128 (default)
2019-10-14 19:24:06,325 [pool-139-thread-1] INFO  server.RaftServerConfigKeys (ConfUtils.java:logGet(43)) - raft.server.log.statemachine.data.sync = true (default)
2019-10-14 19:24:06,325 [pool-169-thread-1] INFO  server.RaftServerConfigKeys (ConfUtils.java:logGet(43)) - raft.server.log.statemachine.data.sync = true (default)
2019-10-14 19:24:06,325 [pool-139-thread-1] INFO  server.RaftServerConfigKeys (ConfUtils.java:logGet(43)) - raft.server.log.statemachine.data.sync.timeout = 10s (default)
2019-10-14 19:24:06,325 [pool-169-thread-1] INFO  server.RaftServerConfigKeys (ConfUtils.java:logGet(43)) - raft.server.log.statemachine.data.sync.timeout = 10s (default)
2019-10-14 19:24:06,325 [pool-139-thread-1] INFO  server.RaftServerConfigKeys (ConfUtils.java:logGet(43)) - raft.server.log.statemachine.data.sync.timeout.retry = -1 (default)
2019-10-14 19:24:06,326 [pool-169-thread-1] INFO  server.RaftServerConfigKeys (ConfUtils.java:logGet(43)) - raft.server.log.statemachine.data.sync.timeout.retry = -1 (default)
2019-10-14 19:24:06,326 [pool-139-thread-1] INFO  server.RaftServerConfigKeys (ConfUtils.java:logGet(43)) - raft.server.log.statemachine.data.caching.enabled = true (custom)
2019-10-14 19:24:06,326 [pool-169-thread-1] INFO  server.RaftServerConfigKeys (ConfUtils.java:logGet(43)) - raft.server.log.statemachine.data.caching.enabled = true (custom)
2019-10-14 19:24:06,326 [pool-179-thread-1] INFO  impl.RaftServerImpl (RaftServerImpl.java:start(181)) - e449d29f-23ec-4943-8e04-16f349e7a11f@group-7C10719D05E7: start as a follower, conf=-1: [867be414-fe82-4697-923b-46e307d25728:192.168.164.219:46006, e449d29f-23ec-4943-8e04-16f349e7a11f:192.168.164.219:34574, a33f834b-b66a-4354-b261-b5dccb079bb7:192.168.164.219:43999], old=null
2019-10-14 19:24:06,326 [pool-139-thread-1] INFO  segmented.SegmentedRaftLogWorker (SegmentedRaftLogWorker.java:lambda$new$0(128)) - a33f834b-b66a-4354-b261-b5dccb079bb7@group-7C10719D05E7-SegmentedRaftLogWorker: flushIndex: setUnconditionally 0 -> -1
2019-10-14 19:24:06,326 [pool-169-thread-1] INFO  segmented.SegmentedRaftLogWorker (SegmentedRaftLogWorker.java:lambda$new$0(128)) - 867be414-fe82-4697-923b-46e307d25728@group-7C10719D05E7-SegmentedRaftLogWorker: flushIndex: setUnconditionally 0 -> -1
2019-10-14 19:24:06,326 [pool-179-thread-1] INFO  impl.RaftServerImpl (RaftServerImpl.java:setRole(170)) - e449d29f-23ec-4943-8e04-16f349e7a11f@group-7C10719D05E7: changes role from      null to FOLLOWER at term 0 for startAsFollower
2019-10-14 19:24:06,326 [pool-169-thread-1] INFO  server.RaftServerConfigKeys (ConfUtils.java:logGet(43)) - raft.server.snapshot.auto.trigger.enabled = true (custom)
2019-10-14 19:24:06,326 [pool-139-thread-1] INFO  server.RaftServerConfigKeys (ConfUtils.java:logGet(43)) - raft.server.snapshot.auto.trigger.enabled = true (custom)
2019-10-14 19:24:06,326 [pool-169-thread-1] INFO  server.RaftServerConfigKeys (ConfUtils.java:logGet(43)) - raft.server.snapshot.auto.trigger.threshold = 10000 (custom)
2019-10-14 19:24:06,326 [pool-179-thread-1] INFO  impl.RoleInfo (RoleInfo.java:updateAndGet(143)) - e449d29f-23ec-4943-8e04-16f349e7a11f: start FollowerState
2019-10-14 19:24:06,327 [pool-169-thread-1] INFO  server.RaftServerConfigKeys (ConfUtils.java:logGet(43)) - raft.server.snapshot.retention.file.num = 5 (custom)
2019-10-14 19:24:06,327 [pool-139-thread-1] INFO  server.RaftServerConfigKeys (ConfUtils.java:logGet(43)) - raft.server.snapshot.auto.trigger.threshold = 10000 (custom)
2019-10-14 19:24:06,327 [pool-179-thread-1] INFO  util.JmxRegister (JmxRegister.java:tryRegister(44)) - Successfully registered JMX Bean with object name Ratis:service=RaftServer,group=group-7C10719D05E7,id=e449d29f-23ec-4943-8e04-16f349e7a11f
2019-10-14 19:24:06,327 [pool-169-thread-1] INFO  server.RaftServerConfigKeys (ConfUtils.java:logGet(43)) - raft.server.retrycache.expirytime = 600000ms (custom)
2019-10-14 19:24:06,327 [pool-139-thread-1] INFO  server.RaftServerConfigKeys (ConfUtils.java:logGet(43)) - raft.server.snapshot.retention.file.num = 5 (custom)
2019-10-14 19:24:06,327 [pool-139-thread-1] INFO  server.RaftServerConfigKeys (ConfUtils.java:logGet(43)) - raft.server.retrycache.expirytime = 600000ms (custom)
2019-10-14 19:24:06,330 [pool-169-thread-1] INFO  impl.RaftServerImpl (RaftServerImpl.java:start(181)) - 867be414-fe82-4697-923b-46e307d25728@group-7C10719D05E7: start as a follower, conf=-1: [867be414-fe82-4697-923b-46e307d25728:192.168.164.219:46006, e449d29f-23ec-4943-8e04-16f349e7a11f:192.168.164.219:34574, a33f834b-b66a-4354-b261-b5dccb079bb7:192.168.164.219:43999], old=null
2019-10-14 19:24:06,330 [pool-139-thread-1] INFO  impl.RaftServerImpl (RaftServerImpl.java:start(181)) - a33f834b-b66a-4354-b261-b5dccb079bb7@group-7C10719D05E7: start as a follower, conf=-1: [867be414-fe82-4697-923b-46e307d25728:192.168.164.219:46006, e449d29f-23ec-4943-8e04-16f349e7a11f:192.168.164.219:34574, a33f834b-b66a-4354-b261-b5dccb079bb7:192.168.164.219:43999], old=null
2019-10-14 19:24:06,330 [pool-169-thread-1] INFO  impl.RaftServerImpl (RaftServerImpl.java:setRole(170)) - 867be414-fe82-4697-923b-46e307d25728@group-7C10719D05E7: changes role from      null to FOLLOWER at term 0 for startAsFollower
2019-10-14 19:24:06,330 [pool-139-thread-1] INFO  impl.RaftServerImpl (RaftServerImpl.java:setRole(170)) - a33f834b-b66a-4354-b261-b5dccb079bb7@group-7C10719D05E7: changes role from      null to FOLLOWER at term 0 for startAsFollower
2019-10-14 19:24:06,330 [pool-169-thread-1] INFO  impl.RoleInfo (RoleInfo.java:updateAndGet(143)) - 867be414-fe82-4697-923b-46e307d25728: start FollowerState
2019-10-14 19:24:06,330 [pool-139-thread-1] INFO  impl.RoleInfo (RoleInfo.java:updateAndGet(143)) - a33f834b-b66a-4354-b261-b5dccb079bb7: start FollowerState
2019-10-14 19:24:06,330 [pool-169-thread-1] INFO  util.JmxRegister (JmxRegister.java:tryRegister(44)) - Successfully registered JMX Bean with object name Ratis:service=RaftServer,group=group-7C10719D05E7,id=867be414-fe82-4697-923b-46e307d25728
2019-10-14 19:24:06,331 [pool-139-thread-1] INFO  util.JmxRegister (JmxRegister.java:tryRegister(44)) - Successfully registered JMX Bean with object name Ratis:service=RaftServer,group=group-7C10719D05E7,id=a33f834b-b66a-4354-b261-b5dccb079bb7
2019-10-14 19:24:06,335 [RatisPipelineUtilsThread] INFO  pipeline.PipelineStateManager (PipelineStateManager.java:addPipeline(57)) - Created pipeline Pipeline[ Id: 890dd35c-976f-409e-b960-7c10719d05e7, Nodes: e449d29f-23ec-4943-8e04-16f349e7a11f{ip: 192.168.164.219, host: pr-hdds-1868-cfdmt-251076870, networkLocation: /default-rack, certSerialId: null}a33f834b-b66a-4354-b261-b5dccb079bb7{ip: 192.168.164.219, host: pr-hdds-1868-cfdmt-251076870, networkLocation: /default-rack, certSerialId: null}867be414-fe82-4697-923b-46e307d25728{ip: 192.168.164.219, host: pr-hdds-1868-cfdmt-251076870, networkLocation: /default-rack, certSerialId: null}, Type:RATIS, Factor:THREE, State:ALLOCATED]
2019-10-14 19:24:06,335 [Thread-703] INFO  pipeline.PipelineStateManager (PipelineStateManager.java:finalizePipeline(123)) - Pipeline Pipeline[ Id: bca98802-1122-46c5-9583-0fc104f401d8, Nodes: e449d29f-23ec-4943-8e04-16f349e7a11f{ip: 192.168.164.219, host: pr-hdds-1868-cfdmt-251076870, networkLocation: /default-rack, certSerialId: null}, Type:RATIS, Factor:ONE, State:CLOSED] moved to CLOSED state
2019-10-14 19:24:06,341 [grpc-default-executor-2] INFO  impl.RaftServerProxy (RaftServerProxy.java:remove(95)) - e449d29f-23ec-4943-8e04-16f349e7a11f: remove  FOLLOWER e449d29f-23ec-4943-8e04-16f349e7a11f@group-0FC104F401D8:t0, leader=null, voted=null, raftlog=e449d29f-23ec-4943-8e04-16f349e7a11f@group-0FC104F401D8-SegmentedRaftLog:OPENED:c-1,f-1,i0, conf=-1: [e449d29f-23ec-4943-8e04-16f349e7a11f:192.168.164.219:34574], old=null RUNNING
2019-10-14 19:24:06,344 [grpc-default-executor-2] INFO  impl.RaftServerImpl (RaftServerImpl.java:lambda$shutdown$3(247)) - e449d29f-23ec-4943-8e04-16f349e7a11f@group-0FC104F401D8: shutdown
2019-10-14 19:24:06,344 [grpc-default-executor-2] INFO  util.JmxRegister (JmxRegister.java:unregister(73)) - Successfully un-registered JMX Bean with object name Ratis:service=RaftServer,group=group-0FC104F401D8,id=e449d29f-23ec-4943-8e04-16f349e7a11f
2019-10-14 19:24:06,344 [grpc-default-executor-2] INFO  impl.RoleInfo (RoleInfo.java:shutdownFollowerState(121)) - e449d29f-23ec-4943-8e04-16f349e7a11f: shutdown FollowerState
2019-10-14 19:24:06,345 [grpc-default-executor-2] INFO  impl.StateMachineUpdater (StateMachineUpdater.java:stopAndJoin(136)) - e449d29f-23ec-4943-8e04-16f349e7a11f@group-0FC104F401D8-StateMachineUpdater: set stopIndex = -1
2019-10-14 19:24:06,345 [Thread-738] INFO  impl.FollowerState (FollowerState.java:run(117)) - e449d29f-23ec-4943-8e04-16f349e7a11f@group-0FC104F401D8-FollowerState was interrupted: java.lang.InterruptedException: sleep interrupted
2019-10-14 19:24:06,345 [grpc-default-executor-2] INFO  impl.RaftServerImpl (ServerState.java:close(387)) - e449d29f-23ec-4943-8e04-16f349e7a11f@group-0FC104F401D8: closes. applyIndex: -1
2019-10-14 19:24:06,348 [e449d29f-23ec-4943-8e04-16f349e7a11f@group-0FC104F401D8-SegmentedRaftLogWorker] INFO  segmented.SegmentedRaftLogWorker (SegmentedRaftLogWorker.java:run(316)) - e449d29f-23ec-4943-8e04-16f349e7a11f@group-0FC104F401D8-SegmentedRaftLogWorker was interrupted, exiting. There are 0 tasks remaining in the queue.
2019-10-14 19:24:06,348 [grpc-default-executor-2] INFO  segmented.SegmentedRaftLogWorker (SegmentedRaftLogWorker.java:close(224)) - e449d29f-23ec-4943-8e04-16f349e7a11f@group-0FC104F401D8-SegmentedRaftLogWorker close()
2019-10-14 19:24:06,355 [Thread-703] INFO  pipeline.PipelineStateManager (PipelineStateManager.java:removePipeline(108)) - Pipeline Pipeline[ Id: bca98802-1122-46c5-9583-0fc104f401d8, Nodes: e449d29f-23ec-4943-8e04-16f349e7a11f{ip: 192.168.164.219, host: pr-hdds-1868-cfdmt-251076870, networkLocation: /default-rack, certSerialId: null}, Type:RATIS, Factor:ONE, State:CLOSED] removed from db
2019-10-14 19:24:06,355 [Thread-703] INFO  pipeline.SCMPipelineManager (SCMPipelineManager.java:finalizeAndDestroyPipeline(315)) - destroying pipeline:Pipeline[ Id: 922f2e40-a5ea-4964-8ba3-27aa301c7f73, Nodes: 01449a64-8d93-448f-af9d-a56c36523a6d{ip: 192.168.164.219, host: pr-hdds-1868-cfdmt-251076870, networkLocation: /default-rack, certSerialId: null}667ab7f6-1304-4576-8065-ee21422d46c2{ip: 192.168.164.219, host: pr-hdds-1868-cfdmt-251076870, networkLocation: /default-rack, certSerialId: null}3fb132f9-3c35-4373-99da-83b8979a28e0{ip: 192.168.164.219, host: pr-hdds-1868-cfdmt-251076870, networkLocation: /default-rack, certSerialId: null}, Type:RATIS, Factor:THREE, State:ALLOCATED]
2019-10-14 19:24:06,358 [grpc-default-executor-2] INFO  impl.RaftServerProxy (RaftServerProxy.java:addNew(89)) - e449d29f-23ec-4943-8e04-16f349e7a11f: addNew group-0AE4D58E3260:[e449d29f-23ec-4943-8e04-16f349e7a11f:192.168.164.219:34574] returns group-0AE4D58E3260:java.util.concurrent.CompletableFuture@22c51549[Not completed]
2019-10-14 19:24:06,359 [pool-179-thread-1] INFO  impl.RaftServerImpl (RaftServerImpl.java:<init>(95)) - e449d29f-23ec-4943-8e04-16f349e7a11f: new RaftServerImpl for group-0AE4D58E3260:[e449d29f-23ec-4943-8e04-16f349e7a11f:192.168.164.219:34574] with ContainerStateMachine:uninitialized
2019-10-14 19:24:06,361 [pool-179-thread-1] INFO  server.RaftServerConfigKeys (ConfUtils.java:logGet(43)) - raft.server.rpc.timeout.min = 5s (custom)
2019-10-14 19:24:06,361 [pool-179-thread-1] INFO  server.RaftServerConfigKeys (ConfUtils.java:logGet(43)) - raft.server.rpc.timeout.max = 5200ms (custom)
2019-10-14 19:24:06,361 [pool-179-thread-1] INFO  server.RaftServerConfigKeys (ConfUtils.java:logGet(43)) - raft.server.rpcslowness.timeout = 120s (custom)
2019-10-14 19:24:06,362 [pool-179-thread-1] INFO  server.RaftServerConfigKeys (ConfUtils.java:logGet(43)) - raft.server.sleep.deviation.threshold = 300 (default)
2019-10-14 19:24:06,362 [pool-179-thread-1] INFO  server.RaftServerConfigKeys (ConfUtils.java:logGet(43)) - raft.server.log.appender.install.snapshot.enabled = false (custom)
2019-10-14 19:24:06,362 [pool-179-thread-1] INFO  impl.RaftServerImpl (ServerState.java:<init>(103)) - e449d29f-23ec-4943-8e04-16f349e7a11f@group-0AE4D58E3260: ConfigurationManager, init=-1: [e449d29f-23ec-4943-8e04-16f349e7a11f:192.168.164.219:34574], old=null, confs=<EMPTY_MAP>
2019-10-14 19:24:06,362 [pool-179-thread-1] INFO  server.RaftServerConfigKeys (ConfUtils.java:logGet(43)) - raft.server.storage.dir = [/workdir/hadoop-ozone/integration-test/target/test-dir/MiniOzoneClusterImpl-d886f0db-47f2-4bc5-8f88-b8b0eb7c8529/datanode-6/data/ratis] (custom)
2019-10-14 19:24:06,362 [pool-179-thread-1] INFO  server.RaftServerConfigKeys (ConfUtils.java:logGet(43)) - raft.server.log.corruption.policy = EXCEPTION (default)
2019-10-14 19:24:06,362 [pool-179-thread-1] INFO  storage.RaftStorageDirectory (RaftStorageDirectory.java:analyzeStorage(246)) - The storage directory /workdir/hadoop-ozone/integration-test/target/test-dir/MiniOzoneClusterImpl-d886f0db-47f2-4bc5-8f88-b8b0eb7c8529/datanode-6/data/ratis/38b3c63c-6128-4fc0-84cc-0ae4d58e3260 does not exist. Creating ...
2019-10-14 19:24:06,385 [pool-179-thread-1] INFO  storage.RaftStorageDirectory (RaftStorageDirectory.java:tryLock(328)) - Lock on /workdir/hadoop-ozone/integration-test/target/test-dir/MiniOzoneClusterImpl-d886f0db-47f2-4bc5-8f88-b8b0eb7c8529/datanode-6/data/ratis/38b3c63c-6128-4fc0-84cc-0ae4d58e3260/in_use.lock acquired by nodename 13880@pr-hdds-1868-cfdmt-251076870
2019-10-14 19:24:06,409 [pool-179-thread-1] INFO  storage.RaftStorage (RaftStorage.java:format(84)) - Storage directory /workdir/hadoop-ozone/integration-test/target/test-dir/MiniOzoneClusterImpl-d886f0db-47f2-4bc5-8f88-b8b0eb7c8529/datanode-6/data/ratis/38b3c63c-6128-4fc0-84cc-0ae4d58e3260 has been successfully formatted.
2019-10-14 19:24:06,409 [pool-179-thread-1] INFO  ratis.ContainerStateMachine (ContainerStateMachine.java:loadSnapshot(233)) - group-0AE4D58E3260: The snapshot info is null. Setting the last applied indexto:(t:0, i:~)
2019-10-14 19:24:06,410 [pool-179-thread-1] INFO  server.RaftServerConfigKeys (ConfUtils.java:logGet(43)) - raft.server.notification.no-leader.timeout = 120s (custom)
2019-10-14 19:24:06,410 [pool-179-thread-1] INFO  server.RaftServerConfigKeys (ConfUtils.java:logGet(43)) - raft.server.log.use.memory = false (default)
2019-10-14 19:24:06,410 [pool-179-thread-1] INFO  server.RaftServerConfigKeys (ConfUtils.java:logGet(43)) - raft.server.log.purge.gap = 1000000 (custom)
2019-10-14 19:24:06,410 [pool-179-thread-1] INFO  server.RaftServerConfigKeys (ConfUtils.java:logGet(43)) - raft.server.log.appender.buffer.byte-limit = 33554432 (custom)
2019-10-14 19:24:06,410 [pool-179-thread-1] INFO  server.RaftServerConfigKeys (ConfUtils.java:logGet(43)) - raft.server.log.segment.size.max = 1048576 (custom)
2019-10-14 19:24:06,410 [pool-179-thread-1] INFO  server.RaftServerConfigKeys (ConfUtils.java:logGet(43)) - raft.server.log.segment.cache.num.max = 2 (custom)
2019-10-14 19:24:06,410 [pool-179-thread-1] INFO  segmented.SegmentedRaftLogWorker (SegmentedRaftLogWorker.java:<init>(173)) - new e449d29f-23ec-4943-8e04-16f349e7a11f@group-0AE4D58E3260-SegmentedRaftLogWorker for RaftStorage:Storage Directory /workdir/hadoop-ozone/integration-test/target/test-dir/MiniOzoneClusterImpl-d886f0db-47f2-4bc5-8f88-b8b0eb7c8529/datanode-6/data/ratis/38b3c63c-6128-4fc0-84cc-0ae4d58e3260
2019-10-14 19:24:06,410 [pool-179-thread-1] INFO  server.RaftServerConfigKeys (ConfUtils.java:logGet(43)) - raft.server.log.queue.byte-limit = 2147483647 (custom)
2019-10-14 19:24:06,411 [pool-179-thread-1] INFO  server.RaftServerConfigKeys (ConfUtils.java:logGet(43)) - raft.server.log.queue.element-limit = 1024 (custom)
2019-10-14 19:24:06,411 [pool-179-thread-1] INFO  server.RaftServerConfigKeys (ConfUtils.java:logGet(43)) - raft.server.log.segment.size.max = 1048576 (custom)
2019-10-14 19:24:06,411 [pool-179-thread-1] INFO  server.RaftServerConfigKeys (ConfUtils.java:logGet(43)) - raft.server.log.preallocated.size = 16384 (custom)
2019-10-14 19:24:06,411 [pool-179-thread-1] INFO  server.RaftServerConfigKeys (ConfUtils.java:logGet(43)) - raft.server.log.write.buffer.size = 33554432 (custom)
2019-10-14 19:24:06,411 [pool-179-thread-1] INFO  server.RaftServerConfigKeys (ConfUtils.java:logGet(43)) - raft.server.log.force.sync.num = 128 (default)
2019-10-14 19:24:06,411 [pool-179-thread-1] INFO  server.RaftServerConfigKeys (ConfUtils.java:logGet(43)) - raft.server.log.statemachine.data.sync = true (default)
2019-10-14 19:24:06,411 [pool-179-thread-1] INFO  server.RaftServerConfigKeys (ConfUtils.java:logGet(43)) - raft.server.log.statemachine.data.sync.timeout = 10s (default)
2019-10-14 19:24:06,411 [pool-179-thread-1] INFO  server.RaftServerConfigKeys (ConfUtils.java:logGet(43)) - raft.server.log.statemachine.data.sync.timeout.retry = -1 (default)
2019-10-14 19:24:06,412 [pool-179-thread-1] INFO  server.RaftServerConfigKeys (ConfUtils.java:logGet(43)) - raft.server.log.statemachine.data.caching.enabled = true (custom)
2019-10-14 19:24:06,412 [pool-179-thread-1] INFO  segmented.SegmentedRaftLogWorker (SegmentedRaftLogWorker.java:lambda$new$0(128)) - e449d29f-23ec-4943-8e04-16f349e7a11f@group-0AE4D58E3260-SegmentedRaftLogWorker: flushIndex: setUnconditionally 0 -> -1
2019-10-14 19:24:06,412 [pool-179-thread-1] INFO  server.RaftServerConfigKeys (ConfUtils.java:logGet(43)) - raft.server.snapshot.auto.trigger.enabled = true (custom)
2019-10-14 19:24:06,412 [pool-179-thread-1] INFO  server.RaftServerConfigKeys (ConfUtils.java:logGet(43)) - raft.server.snapshot.auto.trigger.threshold = 10000 (custom)
2019-10-14 19:24:06,412 [pool-179-thread-1] INFO  server.RaftServerConfigKeys (ConfUtils.java:logGet(43)) - raft.server.snapshot.retention.file.num = 5 (custom)
2019-10-14 19:24:06,412 [pool-179-thread-1] INFO  server.RaftServerConfigKeys (ConfUtils.java:logGet(43)) - raft.server.retrycache.expirytime = 600000ms (custom)
2019-10-14 19:24:06,414 [pool-179-thread-1] INFO  impl.RaftServerImpl (RaftServerImpl.java:start(181)) - e449d29f-23ec-4943-8e04-16f349e7a11f@group-0AE4D58E3260: start as a follower, conf=-1: [e449d29f-23ec-4943-8e04-16f349e7a11f:192.168.164.219:34574], old=null
2019-10-14 19:24:06,414 [pool-179-thread-1] INFO  impl.RaftServerImpl (RaftServerImpl.java:setRole(170)) - e449d29f-23ec-4943-8e04-16f349e7a11f@group-0AE4D58E3260: changes role from      null to FOLLOWER at term 0 for startAsFollower
2019-10-14 19:24:06,414 [pool-179-thread-1] INFO  impl.RoleInfo (RoleInfo.java:updateAndGet(143)) - e449d29f-23ec-4943-8e04-16f349e7a11f: start FollowerState
2019-10-14 19:24:06,415 [pool-179-thread-1] INFO  util.JmxRegister (JmxRegister.java:tryRegister(44)) - Successfully registered JMX Bean with object name Ratis:service=RaftServer,group=group-0AE4D58E3260,id=e449d29f-23ec-4943-8e04-16f349e7a11f
2019-10-14 19:24:06,420 [RatisPipelineUtilsThread] INFO  pipeline.PipelineStateManager (PipelineStateManager.java:addPipeline(57)) - Created pipeline Pipeline[ Id: 38b3c63c-6128-4fc0-84cc-0ae4d58e3260, Nodes: e449d29f-23ec-4943-8e04-16f349e7a11f{ip: 192.168.164.219, host: pr-hdds-1868-cfdmt-251076870, networkLocation: /default-rack, certSerialId: null}, Type:RATIS, Factor:ONE, State:ALLOCATED]
2019-10-14 19:24:06,429 [Thread-703] INFO  pipeline.PipelineStateManager (PipelineStateManager.java:finalizePipeline(123)) - Pipeline Pipeline[ Id: 922f2e40-a5ea-4964-8ba3-27aa301c7f73, Nodes: 01449a64-8d93-448f-af9d-a56c36523a6d{ip: 192.168.164.219, host: pr-hdds-1868-cfdmt-251076870, networkLocation: /default-rack, certSerialId: null}667ab7f6-1304-4576-8065-ee21422d46c2{ip: 192.168.164.219, host: pr-hdds-1868-cfdmt-251076870, networkLocation: /default-rack, certSerialId: null}3fb132f9-3c35-4373-99da-83b8979a28e0{ip: 192.168.164.219, host: pr-hdds-1868-cfdmt-251076870, networkLocation: /default-rack, certSerialId: null}, Type:RATIS, Factor:THREE, State:CLOSED] moved to CLOSED state
2019-10-14 19:24:06,436 [grpc-default-executor-2] INFO  impl.RaftServerProxy (RaftServerProxy.java:remove(95)) - 01449a64-8d93-448f-af9d-a56c36523a6d: remove  FOLLOWER 01449a64-8d93-448f-af9d-a56c36523a6d@group-27AA301C7F73:t0, leader=null, voted=null, raftlog=01449a64-8d93-448f-af9d-a56c36523a6d@group-27AA301C7F73-SegmentedRaftLog:OPENED:c-1,f-1,i0, conf=-1: [01449a64-8d93-448f-af9d-a56c36523a6d:192.168.164.219:35434, 667ab7f6-1304-4576-8065-ee21422d46c2:192.168.164.219:43837, 3fb132f9-3c35-4373-99da-83b8979a28e0:192.168.164.219:45592], old=null RUNNING
2019-10-14 19:24:06,436 [grpc-default-executor-2] INFO  impl.RaftServerImpl (RaftServerImpl.java:lambda$shutdown$3(247)) - 01449a64-8d93-448f-af9d-a56c36523a6d@group-27AA301C7F73: shutdown
2019-10-14 19:24:06,436 [grpc-default-executor-2] INFO  util.JmxRegister (JmxRegister.java:unregister(73)) - Successfully un-registered JMX Bean with object name Ratis:service=RaftServer,group=group-27AA301C7F73,id=01449a64-8d93-448f-af9d-a56c36523a6d
2019-10-14 19:24:06,437 [grpc-default-executor-2] INFO  impl.RoleInfo (RoleInfo.java:shutdownFollowerState(121)) - 01449a64-8d93-448f-af9d-a56c36523a6d: shutdown FollowerState
2019-10-14 19:24:06,437 [grpc-default-executor-2] INFO  impl.StateMachineUpdater (StateMachineUpdater.java:stopAndJoin(136)) - 01449a64-8d93-448f-af9d-a56c36523a6d@group-27AA301C7F73-StateMachineUpdater: set stopIndex = -1
2019-10-14 19:24:06,437 [Thread-724] INFO  impl.FollowerState (FollowerState.java:run(117)) - 01449a64-8d93-448f-af9d-a56c36523a6d@group-27AA301C7F73-FollowerState was interrupted: java.lang.InterruptedException: sleep interrupted
2019-10-14 19:24:06,440 [grpc-default-executor-2] INFO  impl.RaftServerImpl (ServerState.java:close(387)) - 01449a64-8d93-448f-af9d-a56c36523a6d@group-27AA301C7F73: closes. applyIndex: -1
2019-10-14 19:24:06,443 [01449a64-8d93-448f-af9d-a56c36523a6d@group-27AA301C7F73-SegmentedRaftLogWorker] INFO  segmented.SegmentedRaftLogWorker (SegmentedRaftLogWorker.java:run(316)) - 01449a64-8d93-448f-af9d-a56c36523a6d@group-27AA301C7F73-SegmentedRaftLogWorker was interrupted, exiting. There are 0 tasks remaining in the queue.
2019-10-14 19:24:06,443 [grpc-default-executor-2] INFO  segmented.SegmentedRaftLogWorker (SegmentedRaftLogWorker.java:close(224)) - 01449a64-8d93-448f-af9d-a56c36523a6d@group-27AA301C7F73-SegmentedRaftLogWorker close()
2019-10-14 19:24:06,456 [grpc-default-executor-2] INFO  impl.RaftServerProxy (RaftServerProxy.java:remove(95)) - 667ab7f6-1304-4576-8065-ee21422d46c2: remove  FOLLOWER 667ab7f6-1304-4576-8065-ee21422d46c2@group-27AA301C7F73:t0, leader=null, voted=null, raftlog=667ab7f6-1304-4576-8065-ee21422d46c2@group-27AA301C7F73-SegmentedRaftLog:OPENED:c-1,f-1,i0, conf=-1: [01449a64-8d93-448f-af9d-a56c36523a6d:192.168.164.219:35434, 667ab7f6-1304-4576-8065-ee21422d46c2:192.168.164.219:43837, 3fb132f9-3c35-4373-99da-83b8979a28e0:192.168.164.219:45592], old=null RUNNING
2019-10-14 19:24:06,456 [grpc-default-executor-2] INFO  impl.RaftServerImpl (RaftServerImpl.java:lambda$shutdown$3(247)) - 667ab7f6-1304-4576-8065-ee21422d46c2@group-27AA301C7F73: shutdown
2019-10-14 19:24:06,456 [grpc-default-executor-2] INFO  util.JmxRegister (JmxRegister.java:unregister(73)) - Successfully un-registered JMX Bean with object name Ratis:service=RaftServer,group=group-27AA301C7F73,id=667ab7f6-1304-4576-8065-ee21422d46c2
2019-10-14 19:24:06,457 [grpc-default-executor-2] INFO  impl.RoleInfo (RoleInfo.java:shutdownFollowerState(121)) - 667ab7f6-1304-4576-8065-ee21422d46c2: shutdown FollowerState
2019-10-14 19:24:06,457 [grpc-default-executor-2] INFO  impl.StateMachineUpdater (StateMachineUpdater.java:stopAndJoin(136)) - 667ab7f6-1304-4576-8065-ee21422d46c2@group-27AA301C7F73-StateMachineUpdater: set stopIndex = -1
2019-10-14 19:24:06,457 [Thread-722] INFO  impl.FollowerState (FollowerState.java:run(117)) - 667ab7f6-1304-4576-8065-ee21422d46c2@group-27AA301C7F73-FollowerState was interrupted: java.lang.InterruptedException: sleep interrupted
2019-10-14 19:24:06,457 [grpc-default-executor-2] INFO  impl.RaftServerImpl (ServerState.java:close(387)) - 667ab7f6-1304-4576-8065-ee21422d46c2@group-27AA301C7F73: closes. applyIndex: -1
2019-10-14 19:24:06,462 [667ab7f6-1304-4576-8065-ee21422d46c2@group-27AA301C7F73-SegmentedRaftLogWorker] INFO  segmented.SegmentedRaftLogWorker (SegmentedRaftLogWorker.java:run(316)) - 667ab7f6-1304-4576-8065-ee21422d46c2@group-27AA301C7F73-SegmentedRaftLogWorker was interrupted, exiting. There are 0 tasks remaining in the queue.
2019-10-14 19:24:06,462 [grpc-default-executor-2] INFO  segmented.SegmentedRaftLogWorker (SegmentedRaftLogWorker.java:close(224)) - 667ab7f6-1304-4576-8065-ee21422d46c2@group-27AA301C7F73-SegmentedRaftLogWorker close()
2019-10-14 19:24:06,475 [grpc-default-executor-2] INFO  impl.RaftServerProxy (RaftServerProxy.java:remove(95)) - 3fb132f9-3c35-4373-99da-83b8979a28e0: remove  FOLLOWER 3fb132f9-3c35-4373-99da-83b8979a28e0@group-27AA301C7F73:t0, leader=null, voted=null, raftlog=3fb132f9-3c35-4373-99da-83b8979a28e0@group-27AA301C7F73-SegmentedRaftLog:OPENED:c-1,f-1,i0, conf=-1: [01449a64-8d93-448f-af9d-a56c36523a6d:192.168.164.219:35434, 667ab7f6-1304-4576-8065-ee21422d46c2:192.168.164.219:43837, 3fb132f9-3c35-4373-99da-83b8979a28e0:192.168.164.219:45592], old=null RUNNING
2019-10-14 19:24:06,475 [grpc-default-executor-2] INFO  impl.RaftServerImpl (RaftServerImpl.java:lambda$shutdown$3(247)) - 3fb132f9-3c35-4373-99da-83b8979a28e0@group-27AA301C7F73: shutdown
2019-10-14 19:24:06,475 [grpc-default-executor-2] INFO  util.JmxRegister (JmxRegister.java:unregister(73)) - Successfully un-registered JMX Bean with object name Ratis:service=RaftServer,group=group-27AA301C7F73,id=3fb132f9-3c35-4373-99da-83b8979a28e0
2019-10-14 19:24:06,475 [grpc-default-executor-2] INFO  impl.RoleInfo (RoleInfo.java:shutdownFollowerState(121)) - 3fb132f9-3c35-4373-99da-83b8979a28e0: shutdown FollowerState
2019-10-14 19:24:06,476 [grpc-default-executor-2] INFO  impl.StateMachineUpdater (StateMachineUpdater.java:stopAndJoin(136)) - 3fb132f9-3c35-4373-99da-83b8979a28e0@group-27AA301C7F73-StateMachineUpdater: set stopIndex = -1
2019-10-14 19:24:06,476 [Thread-723] INFO  impl.FollowerState (FollowerState.java:run(117)) - 3fb132f9-3c35-4373-99da-83b8979a28e0@group-27AA301C7F73-FollowerState was interrupted: java.lang.InterruptedException: sleep interrupted
2019-10-14 19:24:06,478 [grpc-default-executor-2] INFO  impl.RaftServerImpl (ServerState.java:close(387)) - 3fb132f9-3c35-4373-99da-83b8979a28e0@group-27AA301C7F73: closes. applyIndex: -1
2019-10-14 19:24:06,480 [3fb132f9-3c35-4373-99da-83b8979a28e0@group-27AA301C7F73-SegmentedRaftLogWorker] INFO  segmented.SegmentedRaftLogWorker (SegmentedRaftLogWorker.java:run(316)) - 3fb132f9-3c35-4373-99da-83b8979a28e0@group-27AA301C7F73-SegmentedRaftLogWorker was interrupted, exiting. There are 0 tasks remaining in the queue.
2019-10-14 19:24:06,481 [grpc-default-executor-2] INFO  segmented.SegmentedRaftLogWorker (SegmentedRaftLogWorker.java:close(224)) - 3fb132f9-3c35-4373-99da-83b8979a28e0@group-27AA301C7F73-SegmentedRaftLogWorker close()
2019-10-14 19:24:06,488 [Thread-703] INFO  pipeline.PipelineStateManager (PipelineStateManager.java:removePipeline(108)) - Pipeline Pipeline[ Id: 922f2e40-a5ea-4964-8ba3-27aa301c7f73, Nodes: 01449a64-8d93-448f-af9d-a56c36523a6d{ip: 192.168.164.219, host: pr-hdds-1868-cfdmt-251076870, networkLocation: /default-rack, certSerialId: null}667ab7f6-1304-4576-8065-ee21422d46c2{ip: 192.168.164.219, host: pr-hdds-1868-cfdmt-251076870, networkLocation: /default-rack, certSerialId: null}3fb132f9-3c35-4373-99da-83b8979a28e0{ip: 192.168.164.219, host: pr-hdds-1868-cfdmt-251076870, networkLocation: /default-rack, certSerialId: null}, Type:RATIS, Factor:THREE, State:CLOSED] removed from db
2019-10-14 19:24:06,488 [Thread-703] INFO  pipeline.SCMPipelineManager (SCMPipelineManager.java:finalizeAndDestroyPipeline(315)) - destroying pipeline:Pipeline[ Id: 1c61a5f2-278c-4d6b-bb7c-54f7cec8cfdf, Nodes: 667ab7f6-1304-4576-8065-ee21422d46c2{ip: 192.168.164.219, host: pr-hdds-1868-cfdmt-251076870, networkLocation: /default-rack, certSerialId: null}, Type:RATIS, Factor:ONE, State:ALLOCATED]
2019-10-14 19:24:06,515 [grpc-default-executor-2] INFO  impl.RaftServerProxy (RaftServerProxy.java:addNew(89)) - 667ab7f6-1304-4576-8065-ee21422d46c2: addNew group-B39B9A62A6C3:[01449a64-8d93-448f-af9d-a56c36523a6d:192.168.164.219:35434, 667ab7f6-1304-4576-8065-ee21422d46c2:192.168.164.219:43837, 3fb132f9-3c35-4373-99da-83b8979a28e0:192.168.164.219:45592] returns group-B39B9A62A6C3:java.util.concurrent.CompletableFuture@38f6acc2[Not completed]
2019-10-14 19:24:06,517 [grpc-default-executor-3] INFO  impl.RaftServerProxy (RaftServerProxy.java:addNew(89)) - 3fb132f9-3c35-4373-99da-83b8979a28e0: addNew group-B39B9A62A6C3:[01449a64-8d93-448f-af9d-a56c36523a6d:192.168.164.219:35434, 667ab7f6-1304-4576-8065-ee21422d46c2:192.168.164.219:43837, 3fb132f9-3c35-4373-99da-83b8979a28e0:192.168.164.219:45592] returns group-B39B9A62A6C3:java.util.concurrent.CompletableFuture@2b775e91[Not completed]
2019-10-14 19:24:06,517 [grpc-default-executor-1] INFO  impl.RaftServerProxy (RaftServerProxy.java:addNew(89)) - 01449a64-8d93-448f-af9d-a56c36523a6d: addNew group-B39B9A62A6C3:[01449a64-8d93-448f-af9d-a56c36523a6d:192.168.164.219:35434, 667ab7f6-1304-4576-8065-ee21422d46c2:192.168.164.219:43837, 3fb132f9-3c35-4373-99da-83b8979a28e0:192.168.164.219:45592] returns group-B39B9A62A6C3:java.util.concurrent.CompletableFuture@7533f167[Not completed]
2019-10-14 19:24:06,519 [pool-149-thread-1] INFO  impl.RaftServerImpl (RaftServerImpl.java:<init>(95)) - 667ab7f6-1304-4576-8065-ee21422d46c2: new RaftServerImpl for group-B39B9A62A6C3:[01449a64-8d93-448f-af9d-a56c36523a6d:192.168.164.219:35434, 667ab7f6-1304-4576-8065-ee21422d46c2:192.168.164.219:43837, 3fb132f9-3c35-4373-99da-83b8979a28e0:192.168.164.219:45592] with ContainerStateMachine:uninitialized
2019-10-14 19:24:06,519 [pool-149-thread-1] INFO  server.RaftServerConfigKeys (ConfUtils.java:logGet(43)) - raft.server.rpc.timeout.min = 5s (custom)
2019-10-14 19:24:06,519 [pool-149-thread-1] INFO  server.RaftServerConfigKeys (ConfUtils.java:logGet(43)) - raft.server.rpc.timeout.max = 5200ms (custom)
2019-10-14 19:24:06,519 [pool-159-thread-1] INFO  impl.RaftServerImpl (RaftServerImpl.java:<init>(95)) - 01449a64-8d93-448f-af9d-a56c36523a6d: new RaftServerImpl for group-B39B9A62A6C3:[01449a64-8d93-448f-af9d-a56c36523a6d:192.168.164.219:35434, 667ab7f6-1304-4576-8065-ee21422d46c2:192.168.164.219:43837, 3fb132f9-3c35-4373-99da-83b8979a28e0:192.168.164.219:45592] with ContainerStateMachine:uninitialized
2019-10-14 19:24:06,519 [pool-149-thread-1] INFO  server.RaftServerConfigKeys (ConfUtils.java:logGet(43)) - raft.server.rpcslowness.timeout = 120s (custom)
2019-10-14 19:24:06,519 [pool-159-thread-1] INFO  server.RaftServerConfigKeys (ConfUtils.java:logGet(43)) - raft.server.rpc.timeout.min = 5s (custom)
2019-10-14 19:24:06,520 [pool-149-thread-1] INFO  server.RaftServerConfigKeys (ConfUtils.java:logGet(43)) - raft.server.sleep.deviation.threshold = 300 (default)
2019-10-14 19:24:06,520 [pool-129-thread-1] INFO  impl.RaftServerImpl (RaftServerImpl.java:<init>(95)) - 3fb132f9-3c35-4373-99da-83b8979a28e0: new RaftServerImpl for group-B39B9A62A6C3:[01449a64-8d93-448f-af9d-a56c36523a6d:192.168.164.219:35434, 667ab7f6-1304-4576-8065-ee21422d46c2:192.168.164.219:43837, 3fb132f9-3c35-4373-99da-83b8979a28e0:192.168.164.219:45592] with ContainerStateMachine:uninitialized
2019-10-14 19:24:06,520 [pool-159-thread-1] INFO  server.RaftServerConfigKeys (ConfUtils.java:logGet(43)) - raft.server.rpc.timeout.max = 5200ms (custom)
2019-10-14 19:24:06,520 [pool-129-thread-1] INFO  server.RaftServerConfigKeys (ConfUtils.java:logGet(43)) - raft.server.rpc.timeout.min = 5s (custom)
2019-10-14 19:24:06,520 [pool-149-thread-1] INFO  server.RaftServerConfigKeys (ConfUtils.java:logGet(43)) - raft.server.log.appender.install.snapshot.enabled = false (custom)
2019-10-14 19:24:06,520 [pool-129-thread-1] INFO  server.RaftServerConfigKeys (ConfUtils.java:logGet(43)) - raft.server.rpc.timeout.max = 5200ms (custom)
2019-10-14 19:24:06,520 [pool-159-thread-1] INFO  server.RaftServerConfigKeys (ConfUtils.java:logGet(43)) - raft.server.rpcslowness.timeout = 120s (custom)
2019-10-14 19:24:06,521 [pool-129-thread-1] INFO  server.RaftServerConfigKeys (ConfUtils.java:logGet(43)) - raft.server.rpcslowness.timeout = 120s (custom)
2019-10-14 19:24:06,520 [pool-149-thread-1] INFO  impl.RaftServerImpl (ServerState.java:<init>(103)) - 667ab7f6-1304-4576-8065-ee21422d46c2@group-B39B9A62A6C3: ConfigurationManager, init=-1: [01449a64-8d93-448f-af9d-a56c36523a6d:192.168.164.219:35434, 667ab7f6-1304-4576-8065-ee21422d46c2:192.168.164.219:43837, 3fb132f9-3c35-4373-99da-83b8979a28e0:192.168.164.219:45592], old=null, confs=<EMPTY_MAP>
2019-10-14 19:24:06,521 [pool-129-thread-1] INFO  server.RaftServerConfigKeys (ConfUtils.java:logGet(43)) - raft.server.sleep.deviation.threshold = 300 (default)
2019-10-14 19:24:06,521 [pool-159-thread-1] INFO  server.RaftServerConfigKeys (ConfUtils.java:logGet(43)) - raft.server.sleep.deviation.threshold = 300 (default)
2019-10-14 19:24:06,521 [pool-129-thread-1] INFO  server.RaftServerConfigKeys (ConfUtils.java:logGet(43)) - raft.server.log.appender.install.snapshot.enabled = false (custom)
2019-10-14 19:24:06,521 [pool-149-thread-1] INFO  server.RaftServerConfigKeys (ConfUtils.java:logGet(43)) - raft.server.storage.dir = [/workdir/hadoop-ozone/integration-test/target/test-dir/MiniOzoneClusterImpl-d886f0db-47f2-4bc5-8f88-b8b0eb7c8529/datanode-3/data/ratis] (custom)
2019-10-14 19:24:06,521 [pool-129-thread-1] INFO  impl.RaftServerImpl (ServerState.java:<init>(103)) - 3fb132f9-3c35-4373-99da-83b8979a28e0@group-B39B9A62A6C3: ConfigurationManager, init=-1: [01449a64-8d93-448f-af9d-a56c36523a6d:192.168.164.219:35434, 667ab7f6-1304-4576-8065-ee21422d46c2:192.168.164.219:43837, 3fb132f9-3c35-4373-99da-83b8979a28e0:192.168.164.219:45592], old=null, confs=<EMPTY_MAP>
2019-10-14 19:24:06,521 [pool-159-thread-1] INFO  server.RaftServerConfigKeys (ConfUtils.java:logGet(43)) - raft.server.log.appender.install.snapshot.enabled = false (custom)
2019-10-14 19:24:06,522 [pool-129-thread-1] INFO  server.RaftServerConfigKeys (ConfUtils.java:logGet(43)) - raft.server.storage.dir = [/workdir/hadoop-ozone/integration-test/target/test-dir/MiniOzoneClusterImpl-d886f0db-47f2-4bc5-8f88-b8b0eb7c8529/datanode-1/data/ratis] (custom)
2019-10-14 19:24:06,522 [pool-159-thread-1] INFO  impl.RaftServerImpl (ServerState.java:<init>(103)) - 01449a64-8d93-448f-af9d-a56c36523a6d@group-B39B9A62A6C3: ConfigurationManager, init=-1: [01449a64-8d93-448f-af9d-a56c36523a6d:192.168.164.219:35434, 667ab7f6-1304-4576-8065-ee21422d46c2:192.168.164.219:43837, 3fb132f9-3c35-4373-99da-83b8979a28e0:192.168.164.219:45592], old=null, confs=<EMPTY_MAP>
2019-10-14 19:24:06,522 [pool-149-thread-1] INFO  server.RaftServerConfigKeys (ConfUtils.java:logGet(43)) - raft.server.log.corruption.policy = EXCEPTION (default)
2019-10-14 19:24:06,522 [pool-129-thread-1] INFO  server.RaftServerConfigKeys (ConfUtils.java:logGet(43)) - raft.server.log.corruption.policy = EXCEPTION (default)
2019-10-14 19:24:06,522 [pool-159-thread-1] INFO  server.RaftServerConfigKeys (ConfUtils.java:logGet(43)) - raft.server.storage.dir = [/workdir/hadoop-ozone/integration-test/target/test-dir/MiniOzoneClusterImpl-d886f0db-47f2-4bc5-8f88-b8b0eb7c8529/datanode-4/data/ratis] (custom)
2019-10-14 19:24:06,522 [pool-129-thread-1] INFO  storage.RaftStorageDirectory (RaftStorageDirectory.java:analyzeStorage(246)) - The storage directory /workdir/hadoop-ozone/integration-test/target/test-dir/MiniOzoneClusterImpl-d886f0db-47f2-4bc5-8f88-b8b0eb7c8529/datanode-1/data/ratis/44a7066d-62bb-4733-afe1-b39b9a62a6c3 does not exist. Creating ...
2019-10-14 19:24:06,522 [pool-149-thread-1] INFO  storage.RaftStorageDirectory (RaftStorageDirectory.java:analyzeStorage(246)) - The storage directory /workdir/hadoop-ozone/integration-test/target/test-dir/MiniOzoneClusterImpl-d886f0db-47f2-4bc5-8f88-b8b0eb7c8529/datanode-3/data/ratis/44a7066d-62bb-4733-afe1-b39b9a62a6c3 does not exist. Creating ...
2019-10-14 19:24:06,522 [pool-159-thread-1] INFO  server.RaftServerConfigKeys (ConfUtils.java:logGet(43)) - raft.server.log.corruption.policy = EXCEPTION (default)
2019-10-14 19:24:06,523 [pool-159-thread-1] INFO  storage.RaftStorageDirectory (RaftStorageDirectory.java:analyzeStorage(246)) - The storage directory /workdir/hadoop-ozone/integration-test/target/test-dir/MiniOzoneClusterImpl-d886f0db-47f2-4bc5-8f88-b8b0eb7c8529/datanode-4/data/ratis/44a7066d-62bb-4733-afe1-b39b9a62a6c3 does not exist. Creating ...
2019-10-14 19:24:06,545 [pool-159-thread-1] INFO  storage.RaftStorageDirectory (RaftStorageDirectory.java:tryLock(328)) - Lock on /workdir/hadoop-ozone/integration-test/target/test-dir/MiniOzoneClusterImpl-d886f0db-47f2-4bc5-8f88-b8b0eb7c8529/datanode-4/data/ratis/44a7066d-62bb-4733-afe1-b39b9a62a6c3/in_use.lock acquired by nodename 13880@pr-hdds-1868-cfdmt-251076870
2019-10-14 19:24:06,545 [pool-129-thread-1] INFO  storage.RaftStorageDirectory (RaftStorageDirectory.java:tryLock(328)) - Lock on /workdir/hadoop-ozone/integration-test/target/test-dir/MiniOzoneClusterImpl-d886f0db-47f2-4bc5-8f88-b8b0eb7c8529/datanode-1/data/ratis/44a7066d-62bb-4733-afe1-b39b9a62a6c3/in_use.lock acquired by nodename 13880@pr-hdds-1868-cfdmt-251076870
2019-10-14 19:24:06,545 [pool-149-thread-1] INFO  storage.RaftStorageDirectory (RaftStorageDirectory.java:tryLock(328)) - Lock on /workdir/hadoop-ozone/integration-test/target/test-dir/MiniOzoneClusterImpl-d886f0db-47f2-4bc5-8f88-b8b0eb7c8529/datanode-3/data/ratis/44a7066d-62bb-4733-afe1-b39b9a62a6c3/in_use.lock acquired by nodename 13880@pr-hdds-1868-cfdmt-251076870
2019-10-14 19:24:06,576 [pool-159-thread-1] INFO  storage.RaftStorage (RaftStorage.java:format(84)) - Storage directory /workdir/hadoop-ozone/integration-test/target/test-dir/MiniOzoneClusterImpl-d886f0db-47f2-4bc5-8f88-b8b0eb7c8529/datanode-4/data/ratis/44a7066d-62bb-4733-afe1-b39b9a62a6c3 has been successfully formatted.
2019-10-14 19:24:06,576 [pool-149-thread-1] INFO  storage.RaftStorage (RaftStorage.java:format(84)) - Storage directory /workdir/hadoop-ozone/integration-test/target/test-dir/MiniOzoneClusterImpl-d886f0db-47f2-4bc5-8f88-b8b0eb7c8529/datanode-3/data/ratis/44a7066d-62bb-4733-afe1-b39b9a62a6c3 has been successfully formatted.
2019-10-14 19:24:06,576 [pool-129-thread-1] INFO  storage.RaftStorage (RaftStorage.java:format(84)) - Storage directory /workdir/hadoop-ozone/integration-test/target/test-dir/MiniOzoneClusterImpl-d886f0db-47f2-4bc5-8f88-b8b0eb7c8529/datanode-1/data/ratis/44a7066d-62bb-4733-afe1-b39b9a62a6c3 has been successfully formatted.
2019-10-14 19:24:06,577 [pool-149-thread-1] INFO  ratis.ContainerStateMachine (ContainerStateMachine.java:loadSnapshot(233)) - group-B39B9A62A6C3: The snapshot info is null. Setting the last applied indexto:(t:0, i:~)
2019-10-14 19:24:06,577 [pool-129-thread-1] INFO  ratis.ContainerStateMachine (ContainerStateMachine.java:loadSnapshot(233)) - group-B39B9A62A6C3: The snapshot info is null. Setting the last applied indexto:(t:0, i:~)
2019-10-14 19:24:06,576 [pool-159-thread-1] INFO  ratis.ContainerStateMachine (ContainerStateMachine.java:loadSnapshot(233)) - group-B39B9A62A6C3: The snapshot info is null. Setting the last applied indexto:(t:0, i:~)
2019-10-14 19:24:06,577 [pool-129-thread-1] INFO  server.RaftServerConfigKeys (ConfUtils.java:logGet(43)) - raft.server.notification.no-leader.timeout = 120s (custom)
2019-10-14 19:24:06,577 [pool-149-thread-1] INFO  server.RaftServerConfigKeys (ConfUtils.java:logGet(43)) - raft.server.notification.no-leader.timeout = 120s (custom)
2019-10-14 19:24:06,577 [pool-129-thread-1] INFO  server.RaftServerConfigKeys (ConfUtils.java:logGet(43)) - raft.server.log.use.memory = false (default)
2019-10-14 19:24:06,577 [pool-159-thread-1] INFO  server.RaftServerConfigKeys (ConfUtils.java:logGet(43)) - raft.server.notification.no-leader.timeout = 120s (custom)
2019-10-14 19:24:06,577 [pool-149-thread-1] INFO  server.RaftServerConfigKeys (ConfUtils.java:logGet(43)) - raft.server.log.use.memory = false (default)
2019-10-14 19:24:06,578 [pool-129-thread-1] INFO  server.RaftServerConfigKeys (ConfUtils.java:logGet(43)) - raft.server.log.purge.gap = 1000000 (custom)
2019-10-14 19:24:06,578 [pool-159-thread-1] INFO  server.RaftServerConfigKeys (ConfUtils.java:logGet(43)) - raft.server.log.use.memory = false (default)
2019-10-14 19:24:06,578 [pool-129-thread-1] INFO  server.RaftServerConfigKeys (ConfUtils.java:logGet(43)) - raft.server.log.appender.buffer.byte-limit = 33554432 (custom)
2019-10-14 19:24:06,578 [pool-149-thread-1] INFO  server.RaftServerConfigKeys (ConfUtils.java:logGet(43)) - raft.server.log.purge.gap = 1000000 (custom)
2019-10-14 19:24:06,578 [pool-129-thread-1] INFO  server.RaftServerConfigKeys (ConfUtils.java:logGet(43)) - raft.server.log.segment.size.max = 1048576 (custom)
2019-10-14 19:24:06,578 [pool-159-thread-1] INFO  server.RaftServerConfigKeys (ConfUtils.java:logGet(43)) - raft.server.log.purge.gap = 1000000 (custom)
2019-10-14 19:24:06,578 [pool-129-thread-1] INFO  server.RaftServerConfigKeys (ConfUtils.java:logGet(43)) - raft.server.log.segment.cache.num.max = 2 (custom)
2019-10-14 19:24:06,578 [pool-149-thread-1] INFO  server.RaftServerConfigKeys (ConfUtils.java:logGet(43)) - raft.server.log.appender.buffer.byte-limit = 33554432 (custom)
2019-10-14 19:24:06,579 [pool-129-thread-1] INFO  segmented.SegmentedRaftLogWorker (SegmentedRaftLogWorker.java:<init>(173)) - new 3fb132f9-3c35-4373-99da-83b8979a28e0@group-B39B9A62A6C3-SegmentedRaftLogWorker for RaftStorage:Storage Directory /workdir/hadoop-ozone/integration-test/target/test-dir/MiniOzoneClusterImpl-d886f0db-47f2-4bc5-8f88-b8b0eb7c8529/datanode-1/data/ratis/44a7066d-62bb-4733-afe1-b39b9a62a6c3
2019-10-14 19:24:06,578 [pool-159-thread-1] INFO  server.RaftServerConfigKeys (ConfUtils.java:logGet(43)) - raft.server.log.appender.buffer.byte-limit = 33554432 (custom)
2019-10-14 19:24:06,579 [pool-129-thread-1] INFO  server.RaftServerConfigKeys (ConfUtils.java:logGet(43)) - raft.server.log.queue.byte-limit = 2147483647 (custom)
2019-10-14 19:24:06,579 [pool-149-thread-1] INFO  server.RaftServerConfigKeys (ConfUtils.java:logGet(43)) - raft.server.log.segment.size.max = 1048576 (custom)
2019-10-14 19:24:06,579 [pool-129-thread-1] INFO  server.RaftServerConfigKeys (ConfUtils.java:logGet(43)) - raft.server.log.queue.element-limit = 1024 (custom)
2019-10-14 19:24:06,579 [pool-159-thread-1] INFO  server.RaftServerConfigKeys (ConfUtils.java:logGet(43)) - raft.server.log.segment.size.max = 1048576 (custom)
2019-10-14 19:24:06,579 [pool-129-thread-1] INFO  server.RaftServerConfigKeys (ConfUtils.java:logGet(43)) - raft.server.log.segment.size.max = 1048576 (custom)
2019-10-14 19:24:06,579 [pool-149-thread-1] INFO  server.RaftServerConfigKeys (ConfUtils.java:logGet(43)) - raft.server.log.segment.cache.num.max = 2 (custom)
2019-10-14 19:24:06,580 [pool-129-thread-1] INFO  server.RaftServerConfigKeys (ConfUtils.java:logGet(43)) - raft.server.log.preallocated.size = 16384 (custom)
2019-10-14 19:24:06,580 [pool-159-thread-1] INFO  server.RaftServerConfigKeys (ConfUtils.java:logGet(43)) - raft.server.log.segment.cache.num.max = 2 (custom)
2019-10-14 19:24:06,580 [pool-129-thread-1] INFO  server.RaftServerConfigKeys (ConfUtils.java:logGet(43)) - raft.server.log.write.buffer.size = 33554432 (custom)
2019-10-14 19:24:06,580 [pool-149-thread-1] INFO  segmented.SegmentedRaftLogWorker (SegmentedRaftLogWorker.java:<init>(173)) - new 667ab7f6-1304-4576-8065-ee21422d46c2@group-B39B9A62A6C3-SegmentedRaftLogWorker for RaftStorage:Storage Directory /workdir/hadoop-ozone/integration-test/target/test-dir/MiniOzoneClusterImpl-d886f0db-47f2-4bc5-8f88-b8b0eb7c8529/datanode-3/data/ratis/44a7066d-62bb-4733-afe1-b39b9a62a6c3
2019-10-14 19:24:06,580 [pool-129-thread-1] INFO  server.RaftServerConfigKeys (ConfUtils.java:logGet(43)) - raft.server.log.force.sync.num = 128 (default)
2019-10-14 19:24:06,580 [pool-159-thread-1] INFO  segmented.SegmentedRaftLogWorker (SegmentedRaftLogWorker.java:<init>(173)) - new 01449a64-8d93-448f-af9d-a56c36523a6d@group-B39B9A62A6C3-SegmentedRaftLogWorker for RaftStorage:Storage Directory /workdir/hadoop-ozone/integration-test/target/test-dir/MiniOzoneClusterImpl-d886f0db-47f2-4bc5-8f88-b8b0eb7c8529/datanode-4/data/ratis/44a7066d-62bb-4733-afe1-b39b9a62a6c3
2019-10-14 19:24:06,581 [pool-129-thread-1] INFO  server.RaftServerConfigKeys (ConfUtils.java:logGet(43)) - raft.server.log.statemachine.data.sync = true (default)
2019-10-14 19:24:06,580 [pool-149-thread-1] INFO  server.RaftServerConfigKeys (ConfUtils.java:logGet(43)) - raft.server.log.queue.byte-limit = 2147483647 (custom)
2019-10-14 19:24:06,581 [pool-129-thread-1] INFO  server.RaftServerConfigKeys (ConfUtils.java:logGet(43)) - raft.server.log.statemachine.data.sync.timeout = 10s (default)
2019-10-14 19:24:06,581 [pool-159-thread-1] INFO  server.RaftServerConfigKeys (ConfUtils.java:logGet(43)) - raft.server.log.queue.byte-limit = 2147483647 (custom)
2019-10-14 19:24:06,581 [pool-129-thread-1] INFO  server.RaftServerConfigKeys (ConfUtils.java:logGet(43)) - raft.server.log.statemachine.data.sync.timeout.retry = -1 (default)
2019-10-14 19:24:06,581 [pool-149-thread-1] INFO  server.RaftServerConfigKeys (ConfUtils.java:logGet(43)) - raft.server.log.queue.element-limit = 1024 (custom)
2019-10-14 19:24:06,581 [pool-129-thread-1] INFO  server.RaftServerConfigKeys (ConfUtils.java:logGet(43)) - raft.server.log.statemachine.data.caching.enabled = true (custom)
2019-10-14 19:24:06,581 [pool-159-thread-1] INFO  server.RaftServerConfigKeys (ConfUtils.java:logGet(43)) - raft.server.log.queue.element-limit = 1024 (custom)
2019-10-14 19:24:06,581 [pool-149-thread-1] INFO  server.RaftServerConfigKeys (ConfUtils.java:logGet(43)) - raft.server.log.segment.size.max = 1048576 (custom)
2019-10-14 19:24:06,582 [pool-129-thread-1] INFO  segmented.SegmentedRaftLogWorker (SegmentedRaftLogWorker.java:lambda$new$0(128)) - 3fb132f9-3c35-4373-99da-83b8979a28e0@group-B39B9A62A6C3-SegmentedRaftLogWorker: flushIndex: setUnconditionally 0 -> -1
2019-10-14 19:24:06,582 [pool-159-thread-1] INFO  server.RaftServerConfigKeys (ConfUtils.java:logGet(43)) - raft.server.log.segment.size.max = 1048576 (custom)
2019-10-14 19:24:06,582 [pool-159-thread-1] INFO  server.RaftServerConfigKeys (ConfUtils.java:logGet(43)) - raft.server.log.preallocated.size = 16384 (custom)
2019-10-14 19:24:06,582 [pool-149-thread-1] INFO  server.RaftServerConfigKeys (ConfUtils.java:logGet(43)) - raft.server.log.preallocated.size = 16384 (custom)
2019-10-14 19:24:06,582 [pool-159-thread-1] INFO  server.RaftServerConfigKeys (ConfUtils.java:logGet(43)) - raft.server.log.write.buffer.size = 33554432 (custom)
2019-10-14 19:24:06,582 [pool-129-thread-1] INFO  server.RaftServerConfigKeys (ConfUtils.java:logGet(43)) - raft.server.snapshot.auto.trigger.enabled = true (custom)
2019-10-14 19:24:06,583 [pool-159-thread-1] INFO  server.RaftServerConfigKeys (ConfUtils.java:logGet(43)) - raft.server.log.force.sync.num = 128 (default)
2019-10-14 19:24:06,582 [pool-149-thread-1] INFO  server.RaftServerConfigKeys (ConfUtils.java:logGet(43)) - raft.server.log.write.buffer.size = 33554432 (custom)
2019-10-14 19:24:06,583 [pool-159-thread-1] INFO  server.RaftServerConfigKeys (ConfUtils.java:logGet(43)) - raft.server.log.statemachine.data.sync = true (default)
2019-10-14 19:24:06,583 [pool-129-thread-1] INFO  server.RaftServerConfigKeys (ConfUtils.java:logGet(43)) - raft.server.snapshot.auto.trigger.threshold = 10000 (custom)
2019-10-14 19:24:06,583 [pool-159-thread-1] INFO  server.RaftServerConfigKeys (ConfUtils.java:logGet(43)) - raft.server.log.statemachine.data.sync.timeout = 10s (default)
2019-10-14 19:24:06,583 [pool-149-thread-1] INFO  server.RaftServerConfigKeys (ConfUtils.java:logGet(43)) - raft.server.log.force.sync.num = 128 (default)
2019-10-14 19:24:06,583 [pool-159-thread-1] INFO  server.RaftServerConfigKeys (ConfUtils.java:logGet(43)) - raft.server.log.statemachine.data.sync.timeout.retry = -1 (default)
2019-10-14 19:24:06,583 [pool-129-thread-1] INFO  server.RaftServerConfigKeys (ConfUtils.java:logGet(43)) - raft.server.snapshot.retention.file.num = 5 (custom)
2019-10-14 19:24:06,584 [pool-159-thread-1] INFO  server.RaftServerConfigKeys (ConfUtils.java:logGet(43)) - raft.server.log.statemachine.data.caching.enabled = true (custom)
2019-10-14 19:24:06,583 [pool-149-thread-1] INFO  server.RaftServerConfigKeys (ConfUtils.java:logGet(43)) - raft.server.log.statemachine.data.sync = true (default)
2019-10-14 19:24:06,584 [pool-129-thread-1] INFO  server.RaftServerConfigKeys (ConfUtils.java:logGet(43)) - raft.server.retrycache.expirytime = 600000ms (custom)
2019-10-14 19:24:06,584 [pool-149-thread-1] INFO  server.RaftServerConfigKeys (ConfUtils.java:logGet(43)) - raft.server.log.statemachine.data.sync.timeout = 10s (default)
2019-10-14 19:24:06,584 [pool-159-thread-1] INFO  segmented.SegmentedRaftLogWorker (SegmentedRaftLogWorker.java:lambda$new$0(128)) - 01449a64-8d93-448f-af9d-a56c36523a6d@group-B39B9A62A6C3-SegmentedRaftLogWorker: flushIndex: setUnconditionally 0 -> -1
2019-10-14 19:24:06,584 [pool-149-thread-1] INFO  server.RaftServerConfigKeys (ConfUtils.java:logGet(43)) - raft.server.log.statemachine.data.sync.timeout.retry = -1 (default)
2019-10-14 19:24:06,584 [pool-159-thread-1] INFO  server.RaftServerConfigKeys (ConfUtils.java:logGet(43)) - raft.server.snapshot.auto.trigger.enabled = true (custom)
2019-10-14 19:24:06,585 [pool-149-thread-1] INFO  server.RaftServerConfigKeys (ConfUtils.java:logGet(43)) - raft.server.log.statemachine.data.caching.enabled = true (custom)
2019-10-14 19:24:06,585 [pool-159-thread-1] INFO  server.RaftServerConfigKeys (ConfUtils.java:logGet(43)) - raft.server.snapshot.auto.trigger.threshold = 10000 (custom)
2019-10-14 19:24:06,585 [pool-159-thread-1] INFO  server.RaftServerConfigKeys (ConfUtils.java:logGet(43)) - raft.server.snapshot.retention.file.num = 5 (custom)
2019-10-14 19:24:06,585 [pool-149-thread-1] INFO  segmented.SegmentedRaftLogWorker (SegmentedRaftLogWorker.java:lambda$new$0(128)) - 667ab7f6-1304-4576-8065-ee21422d46c2@group-B39B9A62A6C3-SegmentedRaftLogWorker: flushIndex: setUnconditionally 0 -> -1
2019-10-14 19:24:06,585 [pool-159-thread-1] INFO  server.RaftServerConfigKeys (ConfUtils.java:logGet(43)) - raft.server.retrycache.expirytime = 600000ms (custom)
2019-10-14 19:24:06,585 [pool-149-thread-1] INFO  server.RaftServerConfigKeys (ConfUtils.java:logGet(43)) - raft.server.snapshot.auto.trigger.enabled = true (custom)
2019-10-14 19:24:06,585 [pool-149-thread-1] INFO  server.RaftServerConfigKeys (ConfUtils.java:logGet(43)) - raft.server.snapshot.auto.trigger.threshold = 10000 (custom)
2019-10-14 19:24:06,585 [pool-149-thread-1] INFO  server.RaftServerConfigKeys (ConfUtils.java:logGet(43)) - raft.server.snapshot.retention.file.num = 5 (custom)
2019-10-14 19:24:06,586 [pool-149-thread-1] INFO  server.RaftServerConfigKeys (ConfUtils.java:logGet(43)) - raft.server.retrycache.expirytime = 600000ms (custom)
2019-10-14 19:24:06,587 [pool-129-thread-1] INFO  impl.RaftServerImpl (RaftServerImpl.java:start(181)) - 3fb132f9-3c35-4373-99da-83b8979a28e0@group-B39B9A62A6C3: start as a follower, conf=-1: [01449a64-8d93-448f-af9d-a56c36523a6d:192.168.164.219:35434, 667ab7f6-1304-4576-8065-ee21422d46c2:192.168.164.219:43837, 3fb132f9-3c35-4373-99da-83b8979a28e0:192.168.164.219:45592], old=null
2019-10-14 19:24:06,587 [pool-129-thread-1] INFO  impl.RaftServerImpl (RaftServerImpl.java:setRole(170)) - 3fb132f9-3c35-4373-99da-83b8979a28e0@group-B39B9A62A6C3: changes role from      null to FOLLOWER at term 0 for startAsFollower
2019-10-14 19:24:06,587 [pool-129-thread-1] INFO  impl.RoleInfo (RoleInfo.java:updateAndGet(143)) - 3fb132f9-3c35-4373-99da-83b8979a28e0: start FollowerState
2019-10-14 19:24:06,587 [pool-159-thread-1] INFO  impl.RaftServerImpl (RaftServerImpl.java:start(181)) - 01449a64-8d93-448f-af9d-a56c36523a6d@group-B39B9A62A6C3: start as a follower, conf=-1: [01449a64-8d93-448f-af9d-a56c36523a6d:192.168.164.219:35434, 667ab7f6-1304-4576-8065-ee21422d46c2:192.168.164.219:43837, 3fb132f9-3c35-4373-99da-83b8979a28e0:192.168.164.219:45592], old=null
2019-10-14 19:24:06,587 [pool-129-thread-1] INFO  util.JmxRegister (JmxRegister.java:tryRegister(44)) - Successfully registered JMX Bean with object name Ratis:service=RaftServer,group=group-B39B9A62A6C3,id=3fb132f9-3c35-4373-99da-83b8979a28e0
2019-10-14 19:24:06,588 [pool-149-thread-1] INFO  impl.RaftServerImpl (RaftServerImpl.java:start(181)) - 667ab7f6-1304-4576-8065-ee21422d46c2@group-B39B9A62A6C3: start as a follower, conf=-1: [01449a64-8d93-448f-af9d-a56c36523a6d:192.168.164.219:35434, 667ab7f6-1304-4576-8065-ee21422d46c2:192.168.164.219:43837, 3fb132f9-3c35-4373-99da-83b8979a28e0:192.168.164.219:45592], old=null
2019-10-14 19:24:06,587 [pool-159-thread-1] INFO  impl.RaftServerImpl (RaftServerImpl.java:setRole(170)) - 01449a64-8d93-448f-af9d-a56c36523a6d@group-B39B9A62A6C3: changes role from      null to FOLLOWER at term 0 for startAsFollower
2019-10-14 19:24:06,588 [pool-149-thread-1] INFO  impl.RaftServerImpl (RaftServerImpl.java:setRole(170)) - 667ab7f6-1304-4576-8065-ee21422d46c2@group-B39B9A62A6C3: changes role from      null to FOLLOWER at term 0 for startAsFollower
2019-10-14 19:24:06,588 [pool-159-thread-1] INFO  impl.RoleInfo (RoleInfo.java:updateAndGet(143)) - 01449a64-8d93-448f-af9d-a56c36523a6d: start FollowerState
2019-10-14 19:24:06,588 [pool-149-thread-1] INFO  impl.RoleInfo (RoleInfo.java:updateAndGet(143)) - 667ab7f6-1304-4576-8065-ee21422d46c2: start FollowerState
2019-10-14 19:24:06,597 [pool-159-thread-1] INFO  util.JmxRegister (JmxRegister.java:tryRegister(44)) - Successfully registered JMX Bean with object name Ratis:service=RaftServer,group=group-B39B9A62A6C3,id=01449a64-8d93-448f-af9d-a56c36523a6d
2019-10-14 19:24:06,597 [pool-149-thread-1] INFO  util.JmxRegister (JmxRegister.java:tryRegister(44)) - Successfully registered JMX Bean with object name Ratis:service=RaftServer,group=group-B39B9A62A6C3,id=667ab7f6-1304-4576-8065-ee21422d46c2
2019-10-14 19:24:06,608 [RatisPipelineUtilsThread] INFO  pipeline.PipelineStateManager (PipelineStateManager.java:addPipeline(57)) - Created pipeline Pipeline[ Id: 44a7066d-62bb-4733-afe1-b39b9a62a6c3, Nodes: 01449a64-8d93-448f-af9d-a56c36523a6d{ip: 192.168.164.219, host: pr-hdds-1868-cfdmt-251076870, networkLocation: /default-rack, certSerialId: null}667ab7f6-1304-4576-8065-ee21422d46c2{ip: 192.168.164.219, host: pr-hdds-1868-cfdmt-251076870, networkLocation: /default-rack, certSerialId: null}3fb132f9-3c35-4373-99da-83b8979a28e0{ip: 192.168.164.219, host: pr-hdds-1868-cfdmt-251076870, networkLocation: /default-rack, certSerialId: null}, Type:RATIS, Factor:THREE, State:ALLOCATED]
2019-10-14 19:24:06,609 [Thread-703] INFO  pipeline.PipelineStateManager (PipelineStateManager.java:finalizePipeline(123)) - Pipeline Pipeline[ Id: 1c61a5f2-278c-4d6b-bb7c-54f7cec8cfdf, Nodes: 667ab7f6-1304-4576-8065-ee21422d46c2{ip: 192.168.164.219, host: pr-hdds-1868-cfdmt-251076870, networkLocation: /default-rack, certSerialId: null}, Type:RATIS, Factor:ONE, State:CLOSED] moved to CLOSED state
2019-10-14 19:24:06,615 [grpc-default-executor-1] INFO  impl.RaftServerProxy (RaftServerProxy.java:remove(95)) - 667ab7f6-1304-4576-8065-ee21422d46c2: remove  FOLLOWER 667ab7f6-1304-4576-8065-ee21422d46c2@group-54F7CEC8CFDF:t0, leader=null, voted=null, raftlog=667ab7f6-1304-4576-8065-ee21422d46c2@group-54F7CEC8CFDF-SegmentedRaftLog:OPENED:c-1,f-1,i0, conf=-1: [667ab7f6-1304-4576-8065-ee21422d46c2:192.168.164.219:43837], old=null RUNNING
2019-10-14 19:24:06,617 [grpc-default-executor-1] INFO  impl.RaftServerImpl (RaftServerImpl.java:lambda$shutdown$3(247)) - 667ab7f6-1304-4576-8065-ee21422d46c2@group-54F7CEC8CFDF: shutdown
2019-10-14 19:24:06,617 [grpc-default-executor-1] INFO  util.JmxRegister (JmxRegister.java:unregister(73)) - Successfully un-registered JMX Bean with object name Ratis:service=RaftServer,group=group-54F7CEC8CFDF,id=667ab7f6-1304-4576-8065-ee21422d46c2
2019-10-14 19:24:06,617 [grpc-default-executor-1] INFO  impl.RoleInfo (RoleInfo.java:shutdownFollowerState(121)) - 667ab7f6-1304-4576-8065-ee21422d46c2: shutdown FollowerState
2019-10-14 19:24:06,617 [grpc-default-executor-1] INFO  impl.StateMachineUpdater (StateMachineUpdater.java:stopAndJoin(136)) - 667ab7f6-1304-4576-8065-ee21422d46c2@group-54F7CEC8CFDF-StateMachineUpdater: set stopIndex = -1
2019-10-14 19:24:06,617 [Thread-714] INFO  impl.FollowerState (FollowerState.java:run(117)) - 667ab7f6-1304-4576-8065-ee21422d46c2@group-54F7CEC8CFDF-FollowerState was interrupted: java.lang.InterruptedException: sleep interrupted
2019-10-14 19:24:06,617 [grpc-default-executor-1] INFO  impl.RaftServerImpl (ServerState.java:close(387)) - 667ab7f6-1304-4576-8065-ee21422d46c2@group-54F7CEC8CFDF: closes. applyIndex: -1
2019-10-14 19:24:06,619 [667ab7f6-1304-4576-8065-ee21422d46c2@group-54F7CEC8CFDF-SegmentedRaftLogWorker] INFO  segmented.SegmentedRaftLogWorker (SegmentedRaftLogWorker.java:run(316)) - 667ab7f6-1304-4576-8065-ee21422d46c2@group-54F7CEC8CFDF-SegmentedRaftLogWorker was interrupted, exiting. There are 0 tasks remaining in the queue.
2019-10-14 19:24:06,619 [grpc-default-executor-1] INFO  segmented.SegmentedRaftLogWorker (SegmentedRaftLogWorker.java:close(224)) - 667ab7f6-1304-4576-8065-ee21422d46c2@group-54F7CEC8CFDF-SegmentedRaftLogWorker close()
2019-10-14 19:24:06,625 [Thread-703] INFO  pipeline.PipelineStateManager (PipelineStateManager.java:removePipeline(108)) - Pipeline Pipeline[ Id: 1c61a5f2-278c-4d6b-bb7c-54f7cec8cfdf, Nodes: 667ab7f6-1304-4576-8065-ee21422d46c2{ip: 192.168.164.219, host: pr-hdds-1868-cfdmt-251076870, networkLocation: /default-rack, certSerialId: null}, Type:RATIS, Factor:ONE, State:CLOSED] removed from db
2019-10-14 19:24:06,625 [Thread-703] INFO  pipeline.SCMPipelineManager (SCMPipelineManager.java:finalizeAndDestroyPipeline(315)) - destroying pipeline:Pipeline[ Id: cbb4708a-2945-40b8-bb79-dc3cbb3ce040, Nodes: 3fb132f9-3c35-4373-99da-83b8979a28e0{ip: 192.168.164.219, host: pr-hdds-1868-cfdmt-251076870, networkLocation: /default-rack, certSerialId: null}, Type:RATIS, Factor:ONE, State:ALLOCATED]
2019-10-14 19:24:06,628 [grpc-default-executor-1] INFO  impl.RaftServerProxy (RaftServerProxy.java:addNew(89)) - 667ab7f6-1304-4576-8065-ee21422d46c2: addNew group-E13DF2A05D7E:[667ab7f6-1304-4576-8065-ee21422d46c2:192.168.164.219:43837] returns group-E13DF2A05D7E:java.util.concurrent.CompletableFuture@62e47266[Not completed]
2019-10-14 19:24:06,629 [pool-149-thread-1] INFO  impl.RaftServerImpl (RaftServerImpl.java:<init>(95)) - 667ab7f6-1304-4576-8065-ee21422d46c2: new RaftServerImpl for group-E13DF2A05D7E:[667ab7f6-1304-4576-8065-ee21422d46c2:192.168.164.219:43837] with ContainerStateMachine:uninitialized
2019-10-14 19:24:06,629 [pool-149-thread-1] INFO  server.RaftServerConfigKeys (ConfUtils.java:logGet(43)) - raft.server.rpc.timeout.min = 5s (custom)
2019-10-14 19:24:06,629 [pool-149-thread-1] INFO  server.RaftServerConfigKeys (ConfUtils.java:logGet(43)) - raft.server.rpc.timeout.max = 5200ms (custom)
2019-10-14 19:24:06,629 [pool-149-thread-1] INFO  server.RaftServerConfigKeys (ConfUtils.java:logGet(43)) - raft.server.rpcslowness.timeout = 120s (custom)
2019-10-14 19:24:06,629 [pool-149-thread-1] INFO  server.RaftServerConfigKeys (ConfUtils.java:logGet(43)) - raft.server.sleep.deviation.threshold = 300 (default)
2019-10-14 19:24:06,630 [pool-149-thread-1] INFO  server.RaftServerConfigKeys (ConfUtils.java:logGet(43)) - raft.server.log.appender.install.snapshot.enabled = false (custom)
2019-10-14 19:24:06,630 [pool-149-thread-1] INFO  impl.RaftServerImpl (ServerState.java:<init>(103)) - 667ab7f6-1304-4576-8065-ee21422d46c2@group-E13DF2A05D7E: ConfigurationManager, init=-1: [667ab7f6-1304-4576-8065-ee21422d46c2:192.168.164.219:43837], old=null, confs=<EMPTY_MAP>
2019-10-14 19:24:06,630 [pool-149-thread-1] INFO  server.RaftServerConfigKeys (ConfUtils.java:logGet(43)) - raft.server.storage.dir = [/workdir/hadoop-ozone/integration-test/target/test-dir/MiniOzoneClusterImpl-d886f0db-47f2-4bc5-8f88-b8b0eb7c8529/datanode-3/data/ratis] (custom)
2019-10-14 19:24:06,630 [pool-149-thread-1] INFO  server.RaftServerConfigKeys (ConfUtils.java:logGet(43)) - raft.server.log.corruption.policy = EXCEPTION (default)
2019-10-14 19:24:06,630 [pool-149-thread-1] INFO  storage.RaftStorageDirectory (RaftStorageDirectory.java:analyzeStorage(246)) - The storage directory /workdir/hadoop-ozone/integration-test/target/test-dir/MiniOzoneClusterImpl-d886f0db-47f2-4bc5-8f88-b8b0eb7c8529/datanode-3/data/ratis/98a6c358-ee1e-44a3-b441-e13df2a05d7e does not exist. Creating ...
2019-10-14 19:24:06,660 [pool-149-thread-1] INFO  storage.RaftStorageDirectory (RaftStorageDirectory.java:tryLock(328)) - Lock on /workdir/hadoop-ozone/integration-test/target/test-dir/MiniOzoneClusterImpl-d886f0db-47f2-4bc5-8f88-b8b0eb7c8529/datanode-3/data/ratis/98a6c358-ee1e-44a3-b441-e13df2a05d7e/in_use.lock acquired by nodename 13880@pr-hdds-1868-cfdmt-251076870
2019-10-14 19:24:06,685 [pool-149-thread-1] INFO  storage.RaftStorage (RaftStorage.java:format(84)) - Storage directory /workdir/hadoop-ozone/integration-test/target/test-dir/MiniOzoneClusterImpl-d886f0db-47f2-4bc5-8f88-b8b0eb7c8529/datanode-3/data/ratis/98a6c358-ee1e-44a3-b441-e13df2a05d7e has been successfully formatted.
2019-10-14 19:24:06,686 [pool-149-thread-1] INFO  ratis.ContainerStateMachine (ContainerStateMachine.java:loadSnapshot(233)) - group-E13DF2A05D7E: The snapshot info is null. Setting the last applied indexto:(t:0, i:~)
2019-10-14 19:24:06,686 [pool-149-thread-1] INFO  server.RaftServerConfigKeys (ConfUtils.java:logGet(43)) - raft.server.notification.no-leader.timeout = 120s (custom)
2019-10-14 19:24:06,686 [pool-149-thread-1] INFO  server.RaftServerConfigKeys (ConfUtils.java:logGet(43)) - raft.server.log.use.memory = false (default)
2019-10-14 19:24:06,686 [pool-149-thread-1] INFO  server.RaftServerConfigKeys (ConfUtils.java:logGet(43)) - raft.server.log.purge.gap = 1000000 (custom)
2019-10-14 19:24:06,686 [pool-149-thread-1] INFO  server.RaftServerConfigKeys (ConfUtils.java:logGet(43)) - raft.server.log.appender.buffer.byte-limit = 33554432 (custom)
2019-10-14 19:24:06,686 [pool-149-thread-1] INFO  server.RaftServerConfigKeys (ConfUtils.java:logGet(43)) - raft.server.log.segment.size.max = 1048576 (custom)
2019-10-14 19:24:06,686 [pool-149-thread-1] INFO  server.RaftServerConfigKeys (ConfUtils.java:logGet(43)) - raft.server.log.segment.cache.num.max = 2 (custom)
2019-10-14 19:24:06,687 [pool-149-thread-1] INFO  segmented.SegmentedRaftLogWorker (SegmentedRaftLogWorker.java:<init>(173)) - new 667ab7f6-1304-4576-8065-ee21422d46c2@group-E13DF2A05D7E-SegmentedRaftLogWorker for RaftStorage:Storage Directory /workdir/hadoop-ozone/integration-test/target/test-dir/MiniOzoneClusterImpl-d886f0db-47f2-4bc5-8f88-b8b0eb7c8529/datanode-3/data/ratis/98a6c358-ee1e-44a3-b441-e13df2a05d7e
2019-10-14 19:24:06,687 [pool-149-thread-1] INFO  server.RaftServerConfigKeys (ConfUtils.java:logGet(43)) - raft.server.log.queue.byte-limit = 2147483647 (custom)
2019-10-14 19:24:06,687 [pool-149-thread-1] INFO  server.RaftServerConfigKeys (ConfUtils.java:logGet(43)) - raft.server.log.queue.element-limit = 1024 (custom)
2019-10-14 19:24:06,687 [pool-149-thread-1] INFO  server.RaftServerConfigKeys (ConfUtils.java:logGet(43)) - raft.server.log.segment.size.max = 1048576 (custom)
2019-10-14 19:24:06,687 [pool-149-thread-1] INFO  server.RaftServerConfigKeys (ConfUtils.java:logGet(43)) - raft.server.log.preallocated.size = 16384 (custom)
2019-10-14 19:24:06,687 [pool-149-thread-1] INFO  server.RaftServerConfigKeys (ConfUtils.java:logGet(43)) - raft.server.log.write.buffer.size = 33554432 (custom)
2019-10-14 19:24:06,687 [pool-149-thread-1] INFO  server.RaftServerConfigKeys (ConfUtils.java:logGet(43)) - raft.server.log.force.sync.num = 128 (default)
2019-10-14 19:24:06,688 [pool-149-thread-1] INFO  server.RaftServerConfigKeys (ConfUtils.java:logGet(43)) - raft.server.log.statemachine.data.sync = true (default)
2019-10-14 19:24:06,688 [pool-149-thread-1] INFO  server.RaftServerConfigKeys (ConfUtils.java:logGet(43)) - raft.server.log.statemachine.data.sync.timeout = 10s (default)
2019-10-14 19:24:06,688 [pool-149-thread-1] INFO  server.RaftServerConfigKeys (ConfUtils.java:logGet(43)) - raft.server.log.statemachine.data.sync.timeout.retry = -1 (default)
2019-10-14 19:24:06,688 [pool-149-thread-1] INFO  server.RaftServerConfigKeys (ConfUtils.java:logGet(43)) - raft.server.log.statemachine.data.caching.enabled = true (custom)
2019-10-14 19:24:06,688 [pool-149-thread-1] INFO  segmented.SegmentedRaftLogWorker (SegmentedRaftLogWorker.java:lambda$new$0(128)) - 667ab7f6-1304-4576-8065-ee21422d46c2@group-E13DF2A05D7E-SegmentedRaftLogWorker: flushIndex: setUnconditionally 0 -> -1
2019-10-14 19:24:06,689 [pool-149-thread-1] INFO  server.RaftServerConfigKeys (ConfUtils.java:logGet(43)) - raft.server.snapshot.auto.trigger.enabled = true (custom)
2019-10-14 19:24:06,689 [pool-149-thread-1] INFO  server.RaftServerConfigKeys (ConfUtils.java:logGet(43)) - raft.server.snapshot.auto.trigger.threshold = 10000 (custom)
2019-10-14 19:24:06,689 [pool-149-thread-1] INFO  server.RaftServerConfigKeys (ConfUtils.java:logGet(43)) - raft.server.snapshot.retention.file.num = 5 (custom)
2019-10-14 19:24:06,689 [pool-149-thread-1] INFO  server.RaftServerConfigKeys (ConfUtils.java:logGet(43)) - raft.server.retrycache.expirytime = 600000ms (custom)
2019-10-14 19:24:06,691 [pool-149-thread-1] INFO  impl.RaftServerImpl (RaftServerImpl.java:start(181)) - 667ab7f6-1304-4576-8065-ee21422d46c2@group-E13DF2A05D7E: start as a follower, conf=-1: [667ab7f6-1304-4576-8065-ee21422d46c2:192.168.164.219:43837], old=null
2019-10-14 19:24:06,691 [pool-149-thread-1] INFO  impl.RaftServerImpl (RaftServerImpl.java:setRole(170)) - 667ab7f6-1304-4576-8065-ee21422d46c2@group-E13DF2A05D7E: changes role from      null to FOLLOWER at term 0 for startAsFollower
2019-10-14 19:24:06,692 [pool-149-thread-1] INFO  impl.RoleInfo (RoleInfo.java:updateAndGet(143)) - 667ab7f6-1304-4576-8065-ee21422d46c2: start FollowerState
2019-10-14 19:24:06,692 [pool-149-thread-1] INFO  util.JmxRegister (JmxRegister.java:tryRegister(44)) - Successfully registered JMX Bean with object name Ratis:service=RaftServer,group=group-E13DF2A05D7E,id=667ab7f6-1304-4576-8065-ee21422d46c2
2019-10-14 19:24:06,697 [RatisPipelineUtilsThread] INFO  pipeline.PipelineStateManager (PipelineStateManager.java:addPipeline(57)) - Created pipeline Pipeline[ Id: 98a6c358-ee1e-44a3-b441-e13df2a05d7e, Nodes: 667ab7f6-1304-4576-8065-ee21422d46c2{ip: 192.168.164.219, host: pr-hdds-1868-cfdmt-251076870, networkLocation: /default-rack, certSerialId: null}, Type:RATIS, Factor:ONE, State:ALLOCATED]
2019-10-14 19:24:06,698 [Thread-703] INFO  pipeline.PipelineStateManager (PipelineStateManager.java:finalizePipeline(123)) - Pipeline Pipeline[ Id: cbb4708a-2945-40b8-bb79-dc3cbb3ce040, Nodes: 3fb132f9-3c35-4373-99da-83b8979a28e0{ip: 192.168.164.219, host: pr-hdds-1868-cfdmt-251076870, networkLocation: /default-rack, certSerialId: null}, Type:RATIS, Factor:ONE, State:CLOSED] moved to CLOSED state
2019-10-14 19:24:06,705 [grpc-default-executor-1] INFO  impl.RaftServerProxy (RaftServerProxy.java:remove(95)) - 3fb132f9-3c35-4373-99da-83b8979a28e0: remove  FOLLOWER 3fb132f9-3c35-4373-99da-83b8979a28e0@group-DC3CBB3CE040:t0, leader=null, voted=null, raftlog=3fb132f9-3c35-4373-99da-83b8979a28e0@group-DC3CBB3CE040-SegmentedRaftLog:OPENED:c-1,f-1,i0, conf=-1: [3fb132f9-3c35-4373-99da-83b8979a28e0:192.168.164.219:45592], old=null RUNNING
2019-10-14 19:24:06,705 [grpc-default-executor-1] INFO  impl.RaftServerImpl (RaftServerImpl.java:lambda$shutdown$3(247)) - 3fb132f9-3c35-4373-99da-83b8979a28e0@group-DC3CBB3CE040: shutdown
2019-10-14 19:24:06,705 [grpc-default-executor-1] INFO  util.JmxRegister (JmxRegister.java:unregister(73)) - Successfully un-registered JMX Bean with object name Ratis:service=RaftServer,group=group-DC3CBB3CE040,id=3fb132f9-3c35-4373-99da-83b8979a28e0
2019-10-14 19:24:06,705 [grpc-default-executor-1] INFO  impl.RoleInfo (RoleInfo.java:shutdownFollowerState(121)) - 3fb132f9-3c35-4373-99da-83b8979a28e0: shutdown FollowerState
2019-10-14 19:24:06,706 [grpc-default-executor-1] INFO  impl.StateMachineUpdater (StateMachineUpdater.java:stopAndJoin(136)) - 3fb132f9-3c35-4373-99da-83b8979a28e0@group-DC3CBB3CE040-StateMachineUpdater: set stopIndex = -1
2019-10-14 19:24:06,706 [Thread-708] INFO  impl.FollowerState (FollowerState.java:run(117)) - 3fb132f9-3c35-4373-99da-83b8979a28e0@group-DC3CBB3CE040-FollowerState was interrupted: java.lang.InterruptedException: sleep interrupted
2019-10-14 19:24:06,706 [grpc-default-executor-1] INFO  impl.RaftServerImpl (ServerState.java:close(387)) - 3fb132f9-3c35-4373-99da-83b8979a28e0@group-DC3CBB3CE040: closes. applyIndex: -1
2019-10-14 19:24:06,708 [3fb132f9-3c35-4373-99da-83b8979a28e0@group-DC3CBB3CE040-SegmentedRaftLogWorker] INFO  segmented.SegmentedRaftLogWorker (SegmentedRaftLogWorker.java:run(316)) - 3fb132f9-3c35-4373-99da-83b8979a28e0@group-DC3CBB3CE040-SegmentedRaftLogWorker was interrupted, exiting. There are 0 tasks remaining in the queue.
2019-10-14 19:24:06,708 [grpc-default-executor-1] INFO  segmented.SegmentedRaftLogWorker (SegmentedRaftLogWorker.java:close(224)) - 3fb132f9-3c35-4373-99da-83b8979a28e0@group-DC3CBB3CE040-SegmentedRaftLogWorker close()
2019-10-14 19:24:06,714 [Thread-703] INFO  pipeline.PipelineStateManager (PipelineStateManager.java:removePipeline(108)) - Pipeline Pipeline[ Id: cbb4708a-2945-40b8-bb79-dc3cbb3ce040, Nodes: 3fb132f9-3c35-4373-99da-83b8979a28e0{ip: 192.168.164.219, host: pr-hdds-1868-cfdmt-251076870, networkLocation: /default-rack, certSerialId: null}, Type:RATIS, Factor:ONE, State:CLOSED] removed from db
2019-10-14 19:24:06,715 [Thread-703] INFO  pipeline.SCMPipelineManager (SCMPipelineManager.java:finalizeAndDestroyPipeline(315)) - destroying pipeline:Pipeline[ Id: c3ca7da9-3bd9-4f6a-81b6-b244ba812b68, Nodes: a33f834b-b66a-4354-b261-b5dccb079bb7{ip: 192.168.164.219, host: pr-hdds-1868-cfdmt-251076870, networkLocation: /default-rack, certSerialId: null}, Type:RATIS, Factor:ONE, State:ALLOCATED]
2019-10-14 19:24:06,720 [grpc-default-executor-1] INFO  impl.RaftServerProxy (RaftServerProxy.java:addNew(89)) - 3fb132f9-3c35-4373-99da-83b8979a28e0: addNew group-F85A84F11C30:[3fb132f9-3c35-4373-99da-83b8979a28e0:192.168.164.219:45592] returns group-F85A84F11C30:java.util.concurrent.CompletableFuture@ba603ae[Not completed]
2019-10-14 19:24:06,721 [pool-129-thread-1] INFO  impl.RaftServerImpl (RaftServerImpl.java:<init>(95)) - 3fb132f9-3c35-4373-99da-83b8979a28e0: new RaftServerImpl for group-F85A84F11C30:[3fb132f9-3c35-4373-99da-83b8979a28e0:192.168.164.219:45592] with ContainerStateMachine:uninitialized
2019-10-14 19:24:06,721 [pool-129-thread-1] INFO  server.RaftServerConfigKeys (ConfUtils.java:logGet(43)) - raft.server.rpc.timeout.min = 5s (custom)
2019-10-14 19:24:06,721 [pool-129-thread-1] INFO  server.RaftServerConfigKeys (ConfUtils.java:logGet(43)) - raft.server.rpc.timeout.max = 5200ms (custom)
2019-10-14 19:24:06,722 [pool-129-thread-1] INFO  server.RaftServerConfigKeys (ConfUtils.java:logGet(43)) - raft.server.rpcslowness.timeout = 120s (custom)
2019-10-14 19:24:06,722 [pool-129-thread-1] INFO  server.RaftServerConfigKeys (ConfUtils.java:logGet(43)) - raft.server.sleep.deviation.threshold = 300 (default)
2019-10-14 19:24:06,722 [pool-129-thread-1] INFO  server.RaftServerConfigKeys (ConfUtils.java:logGet(43)) - raft.server.log.appender.install.snapshot.enabled = false (custom)
2019-10-14 19:24:06,722 [pool-129-thread-1] INFO  impl.RaftServerImpl (ServerState.java:<init>(103)) - 3fb132f9-3c35-4373-99da-83b8979a28e0@group-F85A84F11C30: ConfigurationManager, init=-1: [3fb132f9-3c35-4373-99da-83b8979a28e0:192.168.164.219:45592], old=null, confs=<EMPTY_MAP>
2019-10-14 19:24:06,722 [pool-129-thread-1] INFO  server.RaftServerConfigKeys (ConfUtils.java:logGet(43)) - raft.server.storage.dir = [/workdir/hadoop-ozone/integration-test/target/test-dir/MiniOzoneClusterImpl-d886f0db-47f2-4bc5-8f88-b8b0eb7c8529/datanode-1/data/ratis] (custom)
2019-10-14 19:24:06,722 [pool-129-thread-1] INFO  server.RaftServerConfigKeys (ConfUtils.java:logGet(43)) - raft.server.log.corruption.policy = EXCEPTION (default)
2019-10-14 19:24:06,722 [pool-129-thread-1] INFO  storage.RaftStorageDirectory (RaftStorageDirectory.java:analyzeStorage(246)) - The storage directory /workdir/hadoop-ozone/integration-test/target/test-dir/MiniOzoneClusterImpl-d886f0db-47f2-4bc5-8f88-b8b0eb7c8529/datanode-1/data/ratis/c7b9cf3e-689a-407a-8281-f85a84f11c30 does not exist. Creating ...
2019-10-14 19:24:06,752 [pool-129-thread-1] INFO  storage.RaftStorageDirectory (RaftStorageDirectory.java:tryLock(328)) - Lock on /workdir/hadoop-ozone/integration-test/target/test-dir/MiniOzoneClusterImpl-d886f0db-47f2-4bc5-8f88-b8b0eb7c8529/datanode-1/data/ratis/c7b9cf3e-689a-407a-8281-f85a84f11c30/in_use.lock acquired by nodename 13880@pr-hdds-1868-cfdmt-251076870
2019-10-14 19:24:06,778 [pool-129-thread-1] INFO  storage.RaftStorage (RaftStorage.java:format(84)) - Storage directory /workdir/hadoop-ozone/integration-test/target/test-dir/MiniOzoneClusterImpl-d886f0db-47f2-4bc5-8f88-b8b0eb7c8529/datanode-1/data/ratis/c7b9cf3e-689a-407a-8281-f85a84f11c30 has been successfully formatted.
2019-10-14 19:24:06,778 [pool-129-thread-1] INFO  ratis.ContainerStateMachine (ContainerStateMachine.java:loadSnapshot(233)) - group-F85A84F11C30: The snapshot info is null. Setting the last applied indexto:(t:0, i:~)
2019-10-14 19:24:06,778 [pool-129-thread-1] INFO  server.RaftServerConfigKeys (ConfUtils.java:logGet(43)) - raft.server.notification.no-leader.timeout = 120s (custom)
2019-10-14 19:24:06,779 [pool-129-thread-1] INFO  server.RaftServerConfigKeys (ConfUtils.java:logGet(43)) - raft.server.log.use.memory = false (default)
2019-10-14 19:24:06,779 [pool-129-thread-1] INFO  server.RaftServerConfigKeys (ConfUtils.java:logGet(43)) - raft.server.log.purge.gap = 1000000 (custom)
2019-10-14 19:24:06,779 [pool-129-thread-1] INFO  server.RaftServerConfigKeys (ConfUtils.java:logGet(43)) - raft.server.log.appender.buffer.byte-limit = 33554432 (custom)
2019-10-14 19:24:06,779 [pool-129-thread-1] INFO  server.RaftServerConfigKeys (ConfUtils.java:logGet(43)) - raft.server.log.segment.size.max = 1048576 (custom)
2019-10-14 19:24:06,780 [pool-129-thread-1] INFO  server.RaftServerConfigKeys (ConfUtils.java:logGet(43)) - raft.server.log.segment.cache.num.max = 2 (custom)
2019-10-14 19:24:06,780 [pool-129-thread-1] INFO  segmented.SegmentedRaftLogWorker (SegmentedRaftLogWorker.java:<init>(173)) - new 3fb132f9-3c35-4373-99da-83b8979a28e0@group-F85A84F11C30-SegmentedRaftLogWorker for RaftStorage:Storage Directory /workdir/hadoop-ozone/integration-test/target/test-dir/MiniOzoneClusterImpl-d886f0db-47f2-4bc5-8f88-b8b0eb7c8529/datanode-1/data/ratis/c7b9cf3e-689a-407a-8281-f85a84f11c30
2019-10-14 19:24:06,780 [pool-129-thread-1] INFO  server.RaftServerConfigKeys (ConfUtils.java:logGet(43)) - raft.server.log.queue.byte-limit = 2147483647 (custom)
2019-10-14 19:24:06,780 [pool-129-thread-1] INFO  server.RaftServerConfigKeys (ConfUtils.java:logGet(43)) - raft.server.log.queue.element-limit = 1024 (custom)
2019-10-14 19:24:06,780 [pool-129-thread-1] INFO  server.RaftServerConfigKeys (ConfUtils.java:logGet(43)) - raft.server.log.segment.size.max = 1048576 (custom)
2019-10-14 19:24:06,780 [pool-129-thread-1] INFO  server.RaftServerConfigKeys (ConfUtils.java:logGet(43)) - raft.server.log.preallocated.size = 16384 (custom)
2019-10-14 19:24:06,781 [pool-129-thread-1] INFO  server.RaftServerConfigKeys (ConfUtils.java:logGet(43)) - raft.server.log.write.buffer.size = 33554432 (custom)
2019-10-14 19:24:06,781 [pool-129-thread-1] INFO  server.RaftServerConfigKeys (ConfUtils.java:logGet(43)) - raft.server.log.force.sync.num = 128 (default)
2019-10-14 19:24:06,781 [pool-129-thread-1] INFO  server.RaftServerConfigKeys (ConfUtils.java:logGet(43)) - raft.server.log.statemachine.data.sync = true (default)
2019-10-14 19:24:06,781 [pool-129-thread-1] INFO  server.RaftServerConfigKeys (ConfUtils.java:logGet(43)) - raft.server.log.statemachine.data.sync.timeout = 10s (default)
2019-10-14 19:24:06,781 [pool-129-thread-1] INFO  server.RaftServerConfigKeys (ConfUtils.java:logGet(43)) - raft.server.log.statemachine.data.sync.timeout.retry = -1 (default)
2019-10-14 19:24:06,782 [pool-129-thread-1] INFO  server.RaftServerConfigKeys (ConfUtils.java:logGet(43)) - raft.server.log.statemachine.data.caching.enabled = true (custom)
2019-10-14 19:24:06,782 [pool-129-thread-1] INFO  segmented.SegmentedRaftLogWorker (SegmentedRaftLogWorker.java:lambda$new$0(128)) - 3fb132f9-3c35-4373-99da-83b8979a28e0@group-F85A84F11C30-SegmentedRaftLogWorker: flushIndex: setUnconditionally 0 -> -1
2019-10-14 19:24:06,782 [pool-129-thread-1] INFO  server.RaftServerConfigKeys (ConfUtils.java:logGet(43)) - raft.server.snapshot.auto.trigger.enabled = true (custom)
2019-10-14 19:24:06,782 [pool-129-thread-1] INFO  server.RaftServerConfigKeys (ConfUtils.java:logGet(43)) - raft.server.snapshot.auto.trigger.threshold = 10000 (custom)
2019-10-14 19:24:06,783 [pool-129-thread-1] INFO  server.RaftServerConfigKeys (ConfUtils.java:logGet(43)) - raft.server.snapshot.retention.file.num = 5 (custom)
2019-10-14 19:24:06,783 [pool-129-thread-1] INFO  server.RaftServerConfigKeys (ConfUtils.java:logGet(43)) - raft.server.retrycache.expirytime = 600000ms (custom)
2019-10-14 19:24:06,785 [pool-129-thread-1] INFO  impl.RaftServerImpl (RaftServerImpl.java:start(181)) - 3fb132f9-3c35-4373-99da-83b8979a28e0@group-F85A84F11C30: start as a follower, conf=-1: [3fb132f9-3c35-4373-99da-83b8979a28e0:192.168.164.219:45592], old=null
2019-10-14 19:24:06,785 [pool-129-thread-1] INFO  impl.RaftServerImpl (RaftServerImpl.java:setRole(170)) - 3fb132f9-3c35-4373-99da-83b8979a28e0@group-F85A84F11C30: changes role from      null to FOLLOWER at term 0 for startAsFollower
2019-10-14 19:24:06,786 [pool-129-thread-1] INFO  impl.RoleInfo (RoleInfo.java:updateAndGet(143)) - 3fb132f9-3c35-4373-99da-83b8979a28e0: start FollowerState
2019-10-14 19:24:06,786 [pool-129-thread-1] INFO  util.JmxRegister (JmxRegister.java:tryRegister(44)) - Successfully registered JMX Bean with object name Ratis:service=RaftServer,group=group-F85A84F11C30,id=3fb132f9-3c35-4373-99da-83b8979a28e0
2019-10-14 19:24:06,791 [RatisPipelineUtilsThread] INFO  pipeline.PipelineStateManager (PipelineStateManager.java:addPipeline(57)) - Created pipeline Pipeline[ Id: c7b9cf3e-689a-407a-8281-f85a84f11c30, Nodes: 3fb132f9-3c35-4373-99da-83b8979a28e0{ip: 192.168.164.219, host: pr-hdds-1868-cfdmt-251076870, networkLocation: /default-rack, certSerialId: null}, Type:RATIS, Factor:ONE, State:ALLOCATED]
2019-10-14 19:24:06,796 [Thread-703] INFO  pipeline.PipelineStateManager (PipelineStateManager.java:finalizePipeline(123)) - Pipeline Pipeline[ Id: c3ca7da9-3bd9-4f6a-81b6-b244ba812b68, Nodes: a33f834b-b66a-4354-b261-b5dccb079bb7{ip: 192.168.164.219, host: pr-hdds-1868-cfdmt-251076870, networkLocation: /default-rack, certSerialId: null}, Type:RATIS, Factor:ONE, State:CLOSED] moved to CLOSED state
2019-10-14 19:24:06,802 [grpc-default-executor-1] INFO  impl.RaftServerProxy (RaftServerProxy.java:remove(95)) - a33f834b-b66a-4354-b261-b5dccb079bb7: remove  FOLLOWER a33f834b-b66a-4354-b261-b5dccb079bb7@group-B244BA812B68:t0, leader=null, voted=null, raftlog=a33f834b-b66a-4354-b261-b5dccb079bb7@group-B244BA812B68-SegmentedRaftLog:OPENED:c-1,f-1,i0, conf=-1: [a33f834b-b66a-4354-b261-b5dccb079bb7:192.168.164.219:43999], old=null RUNNING
2019-10-14 19:24:06,802 [grpc-default-executor-1] INFO  impl.RaftServerImpl (RaftServerImpl.java:lambda$shutdown$3(247)) - a33f834b-b66a-4354-b261-b5dccb079bb7@group-B244BA812B68: shutdown
2019-10-14 19:24:06,802 [grpc-default-executor-1] INFO  util.JmxRegister (JmxRegister.java:unregister(73)) - Successfully un-registered JMX Bean with object name Ratis:service=RaftServer,group=group-B244BA812B68,id=a33f834b-b66a-4354-b261-b5dccb079bb7
2019-10-14 19:24:06,802 [grpc-default-executor-1] INFO  impl.RoleInfo (RoleInfo.java:shutdownFollowerState(121)) - a33f834b-b66a-4354-b261-b5dccb079bb7: shutdown FollowerState
2019-10-14 19:24:06,803 [grpc-default-executor-1] INFO  impl.StateMachineUpdater (StateMachineUpdater.java:stopAndJoin(136)) - a33f834b-b66a-4354-b261-b5dccb079bb7@group-B244BA812B68-StateMachineUpdater: set stopIndex = -1
2019-10-14 19:24:06,803 [Thread-711] INFO  impl.FollowerState (FollowerState.java:run(117)) - a33f834b-b66a-4354-b261-b5dccb079bb7@group-B244BA812B68-FollowerState was interrupted: java.lang.InterruptedException: sleep interrupted
2019-10-14 19:24:06,803 [grpc-default-executor-1] INFO  impl.RaftServerImpl (ServerState.java:close(387)) - a33f834b-b66a-4354-b261-b5dccb079bb7@group-B244BA812B68: closes. applyIndex: -1
2019-10-14 19:24:06,805 [a33f834b-b66a-4354-b261-b5dccb079bb7@group-B244BA812B68-SegmentedRaftLogWorker] INFO  segmented.SegmentedRaftLogWorker (SegmentedRaftLogWorker.java:run(316)) - a33f834b-b66a-4354-b261-b5dccb079bb7@group-B244BA812B68-SegmentedRaftLogWorker was interrupted, exiting. There are 0 tasks remaining in the queue.
2019-10-14 19:24:06,805 [grpc-default-executor-1] INFO  segmented.SegmentedRaftLogWorker (SegmentedRaftLogWorker.java:close(224)) - a33f834b-b66a-4354-b261-b5dccb079bb7@group-B244BA812B68-SegmentedRaftLogWorker close()
2019-10-14 19:24:06,811 [Thread-703] INFO  pipeline.PipelineStateManager (PipelineStateManager.java:removePipeline(108)) - Pipeline Pipeline[ Id: c3ca7da9-3bd9-4f6a-81b6-b244ba812b68, Nodes: a33f834b-b66a-4354-b261-b5dccb079bb7{ip: 192.168.164.219, host: pr-hdds-1868-cfdmt-251076870, networkLocation: /default-rack, certSerialId: null}, Type:RATIS, Factor:ONE, State:CLOSED] removed from db
2019-10-14 19:24:06,811 [Thread-703] INFO  pipeline.SCMPipelineManager (SCMPipelineManager.java:finalizeAndDestroyPipeline(315)) - destroying pipeline:Pipeline[ Id: 2291c2a6-7321-4ead-abc8-e664ba1c80f5, Nodes: 867be414-fe82-4697-923b-46e307d25728{ip: 192.168.164.219, host: pr-hdds-1868-cfdmt-251076870, networkLocation: /default-rack, certSerialId: null}, Type:RATIS, Factor:ONE, State:ALLOCATED]
2019-10-14 19:24:06,817 [grpc-default-executor-1] INFO  impl.RaftServerProxy (RaftServerProxy.java:addNew(89)) - a33f834b-b66a-4354-b261-b5dccb079bb7: addNew group-66A7E58C1D3D:[a33f834b-b66a-4354-b261-b5dccb079bb7:192.168.164.219:43999] returns group-66A7E58C1D3D:java.util.concurrent.CompletableFuture@c3c55c4[Not completed]
2019-10-14 19:24:06,818 [pool-139-thread-1] INFO  impl.RaftServerImpl (RaftServerImpl.java:<init>(95)) - a33f834b-b66a-4354-b261-b5dccb079bb7: new RaftServerImpl for group-66A7E58C1D3D:[a33f834b-b66a-4354-b261-b5dccb079bb7:192.168.164.219:43999] with ContainerStateMachine:uninitialized
2019-10-14 19:24:06,818 [pool-139-thread-1] INFO  server.RaftServerConfigKeys (ConfUtils.java:logGet(43)) - raft.server.rpc.timeout.min = 5s (custom)
2019-10-14 19:24:06,818 [pool-139-thread-1] INFO  server.RaftServerConfigKeys (ConfUtils.java:logGet(43)) - raft.server.rpc.timeout.max = 5200ms (custom)
2019-10-14 19:24:06,818 [pool-139-thread-1] INFO  server.RaftServerConfigKeys (ConfUtils.java:logGet(43)) - raft.server.rpcslowness.timeout = 120s (custom)
2019-10-14 19:24:06,818 [pool-139-thread-1] INFO  server.RaftServerConfigKeys (ConfUtils.java:logGet(43)) - raft.server.sleep.deviation.threshold = 300 (default)
2019-10-14 19:24:06,819 [pool-139-thread-1] INFO  server.RaftServerConfigKeys (ConfUtils.java:logGet(43)) - raft.server.log.appender.install.snapshot.enabled = false (custom)
2019-10-14 19:24:06,819 [pool-139-thread-1] INFO  impl.RaftServerImpl (ServerState.java:<init>(103)) - a33f834b-b66a-4354-b261-b5dccb079bb7@group-66A7E58C1D3D: ConfigurationManager, init=-1: [a33f834b-b66a-4354-b261-b5dccb079bb7:192.168.164.219:43999], old=null, confs=<EMPTY_MAP>
2019-10-14 19:24:06,819 [pool-139-thread-1] INFO  server.RaftServerConfigKeys (ConfUtils.java:logGet(43)) - raft.server.storage.dir = [/workdir/hadoop-ozone/integration-test/target/test-dir/MiniOzoneClusterImpl-d886f0db-47f2-4bc5-8f88-b8b0eb7c8529/datanode-2/data/ratis] (custom)
2019-10-14 19:24:06,819 [pool-139-thread-1] INFO  server.RaftServerConfigKeys (ConfUtils.java:logGet(43)) - raft.server.log.corruption.policy = EXCEPTION (default)
2019-10-14 19:24:06,819 [pool-139-thread-1] INFO  storage.RaftStorageDirectory (RaftStorageDirectory.java:analyzeStorage(246)) - The storage directory /workdir/hadoop-ozone/integration-test/target/test-dir/MiniOzoneClusterImpl-d886f0db-47f2-4bc5-8f88-b8b0eb7c8529/datanode-2/data/ratis/e952a528-4f52-48b7-b845-66a7e58c1d3d does not exist. Creating ...
2019-10-14 19:24:06,845 [pool-139-thread-1] INFO  storage.RaftStorageDirectory (RaftStorageDirectory.java:tryLock(328)) - Lock on /workdir/hadoop-ozone/integration-test/target/test-dir/MiniOzoneClusterImpl-d886f0db-47f2-4bc5-8f88-b8b0eb7c8529/datanode-2/data/ratis/e952a528-4f52-48b7-b845-66a7e58c1d3d/in_use.lock acquired by nodename 13880@pr-hdds-1868-cfdmt-251076870
2019-10-14 19:24:06,862 [pool-139-thread-1] INFO  storage.RaftStorage (RaftStorage.java:format(84)) - Storage directory /workdir/hadoop-ozone/integration-test/target/test-dir/MiniOzoneClusterImpl-d886f0db-47f2-4bc5-8f88-b8b0eb7c8529/datanode-2/data/ratis/e952a528-4f52-48b7-b845-66a7e58c1d3d has been successfully formatted.
2019-10-14 19:24:06,862 [pool-139-thread-1] INFO  ratis.ContainerStateMachine (ContainerStateMachine.java:loadSnapshot(233)) - group-66A7E58C1D3D: The snapshot info is null. Setting the last applied indexto:(t:0, i:~)
2019-10-14 19:24:06,862 [pool-139-thread-1] INFO  server.RaftServerConfigKeys (ConfUtils.java:logGet(43)) - raft.server.notification.no-leader.timeout = 120s (custom)
2019-10-14 19:24:06,863 [pool-139-thread-1] INFO  server.RaftServerConfigKeys (ConfUtils.java:logGet(43)) - raft.server.log.use.memory = false (default)
2019-10-14 19:24:06,863 [pool-139-thread-1] INFO  server.RaftServerConfigKeys (ConfUtils.java:logGet(43)) - raft.server.log.purge.gap = 1000000 (custom)
2019-10-14 19:24:06,863 [pool-139-thread-1] INFO  server.RaftServerConfigKeys (ConfUtils.java:logGet(43)) - raft.server.log.appender.buffer.byte-limit = 33554432 (custom)
2019-10-14 19:24:06,863 [pool-139-thread-1] INFO  server.RaftServerConfigKeys (ConfUtils.java:logGet(43)) - raft.server.log.segment.size.max = 1048576 (custom)
2019-10-14 19:24:06,863 [pool-139-thread-1] INFO  server.RaftServerConfigKeys (ConfUtils.java:logGet(43)) - raft.server.log.segment.cache.num.max = 2 (custom)
2019-10-14 19:24:06,863 [pool-139-thread-1] INFO  segmented.SegmentedRaftLogWorker (SegmentedRaftLogWorker.java:<init>(173)) - new a33f834b-b66a-4354-b261-b5dccb079bb7@group-66A7E58C1D3D-SegmentedRaftLogWorker for RaftStorage:Storage Directory /workdir/hadoop-ozone/integration-test/target/test-dir/MiniOzoneClusterImpl-d886f0db-47f2-4bc5-8f88-b8b0eb7c8529/datanode-2/data/ratis/e952a528-4f52-48b7-b845-66a7e58c1d3d
2019-10-14 19:24:06,863 [pool-139-thread-1] INFO  server.RaftServerConfigKeys (ConfUtils.java:logGet(43)) - raft.server.log.queue.byte-limit = 2147483647 (custom)
2019-10-14 19:24:06,863 [pool-139-thread-1] INFO  server.RaftServerConfigKeys (ConfUtils.java:logGet(43)) - raft.server.log.queue.element-limit = 1024 (custom)
2019-10-14 19:24:06,864 [pool-139-thread-1] INFO  server.RaftServerConfigKeys (ConfUtils.java:logGet(43)) - raft.server.log.segment.size.max = 1048576 (custom)
2019-10-14 19:24:06,864 [pool-139-thread-1] INFO  server.RaftServerConfigKeys (ConfUtils.java:logGet(43)) - raft.server.log.preallocated.size = 16384 (custom)
2019-10-14 19:24:06,864 [pool-139-thread-1] INFO  server.RaftServerConfigKeys (ConfUtils.java:logGet(43)) - raft.server.log.write.buffer.size = 33554432 (custom)
2019-10-14 19:24:06,864 [pool-139-thread-1] INFO  server.RaftServerConfigKeys (ConfUtils.java:logGet(43)) - raft.server.log.force.sync.num = 128 (default)
2019-10-14 19:24:06,864 [pool-139-thread-1] INFO  server.RaftServerConfigKeys (ConfUtils.java:logGet(43)) - raft.server.log.statemachine.data.sync = true (default)
2019-10-14 19:24:06,864 [pool-139-thread-1] INFO  server.RaftServerConfigKeys (ConfUtils.java:logGet(43)) - raft.server.log.statemachine.data.sync.timeout = 10s (default)
2019-10-14 19:24:06,864 [pool-139-thread-1] INFO  server.RaftServerConfigKeys (ConfUtils.java:logGet(43)) - raft.server.log.statemachine.data.sync.timeout.retry = -1 (default)
2019-10-14 19:24:06,864 [pool-139-thread-1] INFO  server.RaftServerConfigKeys (ConfUtils.java:logGet(43)) - raft.server.log.statemachine.data.caching.enabled = true (custom)
2019-10-14 19:24:06,865 [pool-139-thread-1] INFO  segmented.SegmentedRaftLogWorker (SegmentedRaftLogWorker.java:lambda$new$0(128)) - a33f834b-b66a-4354-b261-b5dccb079bb7@group-66A7E58C1D3D-SegmentedRaftLogWorker: flushIndex: setUnconditionally 0 -> -1
2019-10-14 19:24:06,865 [pool-139-thread-1] INFO  server.RaftServerConfigKeys (ConfUtils.java:logGet(43)) - raft.server.snapshot.auto.trigger.enabled = true (custom)
2019-10-14 19:24:06,865 [pool-139-thread-1] INFO  server.RaftServerConfigKeys (ConfUtils.java:logGet(43)) - raft.server.snapshot.auto.trigger.threshold = 10000 (custom)
2019-10-14 19:24:06,865 [pool-139-thread-1] INFO  server.RaftServerConfigKeys (ConfUtils.java:logGet(43)) - raft.server.snapshot.retention.file.num = 5 (custom)
2019-10-14 19:24:06,865 [pool-139-thread-1] INFO  server.RaftServerConfigKeys (ConfUtils.java:logGet(43)) - raft.server.retrycache.expirytime = 600000ms (custom)
2019-10-14 19:24:06,867 [pool-139-thread-1] INFO  impl.RaftServerImpl (RaftServerImpl.java:start(181)) - a33f834b-b66a-4354-b261-b5dccb079bb7@group-66A7E58C1D3D: start as a follower, conf=-1: [a33f834b-b66a-4354-b261-b5dccb079bb7:192.168.164.219:43999], old=null
2019-10-14 19:24:06,867 [pool-139-thread-1] INFO  impl.RaftServerImpl (RaftServerImpl.java:setRole(170)) - a33f834b-b66a-4354-b261-b5dccb079bb7@group-66A7E58C1D3D: changes role from      null to FOLLOWER at term 0 for startAsFollower
2019-10-14 19:24:06,867 [pool-139-thread-1] INFO  impl.RoleInfo (RoleInfo.java:updateAndGet(143)) - a33f834b-b66a-4354-b261-b5dccb079bb7: start FollowerState
2019-10-14 19:24:06,868 [pool-139-thread-1] INFO  util.JmxRegister (JmxRegister.java:tryRegister(44)) - Successfully registered JMX Bean with object name Ratis:service=RaftServer,group=group-66A7E58C1D3D,id=a33f834b-b66a-4354-b261-b5dccb079bb7
2019-10-14 19:24:06,871 [RatisPipelineUtilsThread] INFO  pipeline.PipelineStateManager (PipelineStateManager.java:addPipeline(57)) - Created pipeline Pipeline[ Id: e952a528-4f52-48b7-b845-66a7e58c1d3d, Nodes: a33f834b-b66a-4354-b261-b5dccb079bb7{ip: 192.168.164.219, host: pr-hdds-1868-cfdmt-251076870, networkLocation: /default-rack, certSerialId: null}, Type:RATIS, Factor:ONE, State:ALLOCATED]
2019-10-14 19:24:06,872 [Thread-703] INFO  pipeline.PipelineStateManager (PipelineStateManager.java:finalizePipeline(123)) - Pipeline Pipeline[ Id: 2291c2a6-7321-4ead-abc8-e664ba1c80f5, Nodes: 867be414-fe82-4697-923b-46e307d25728{ip: 192.168.164.219, host: pr-hdds-1868-cfdmt-251076870, networkLocation: /default-rack, certSerialId: null}, Type:RATIS, Factor:ONE, State:CLOSED] moved to CLOSED state
2019-10-14 19:24:06,879 [grpc-default-executor-1] INFO  impl.RaftServerProxy (RaftServerProxy.java:remove(95)) - 867be414-fe82-4697-923b-46e307d25728: remove  FOLLOWER 867be414-fe82-4697-923b-46e307d25728@group-E664BA1C80F5:t0, leader=null, voted=null, raftlog=867be414-fe82-4697-923b-46e307d25728@group-E664BA1C80F5-SegmentedRaftLog:OPENED:c-1,f-1,i0, conf=-1: [867be414-fe82-4697-923b-46e307d25728:192.168.164.219:46006], old=null RUNNING
2019-10-14 19:24:06,880 [grpc-default-executor-1] INFO  impl.RaftServerImpl (RaftServerImpl.java:lambda$shutdown$3(247)) - 867be414-fe82-4697-923b-46e307d25728@group-E664BA1C80F5: shutdown
2019-10-14 19:24:06,880 [grpc-default-executor-1] INFO  util.JmxRegister (JmxRegister.java:unregister(73)) - Successfully un-registered JMX Bean with object name Ratis:service=RaftServer,group=group-E664BA1C80F5,id=867be414-fe82-4697-923b-46e307d25728
2019-10-14 19:24:06,880 [grpc-default-executor-1] INFO  impl.RoleInfo (RoleInfo.java:shutdownFollowerState(121)) - 867be414-fe82-4697-923b-46e307d25728: shutdown FollowerState
2019-10-14 19:24:06,880 [grpc-default-executor-1] INFO  impl.StateMachineUpdater (StateMachineUpdater.java:stopAndJoin(136)) - 867be414-fe82-4697-923b-46e307d25728@group-E664BA1C80F5-StateMachineUpdater: set stopIndex = -1
2019-10-14 19:24:06,880 [Thread-741] INFO  impl.FollowerState (FollowerState.java:run(117)) - 867be414-fe82-4697-923b-46e307d25728@group-E664BA1C80F5-FollowerState was interrupted: java.lang.InterruptedException: sleep interrupted
2019-10-14 19:24:06,880 [grpc-default-executor-1] INFO  impl.RaftServerImpl (ServerState.java:close(387)) - 867be414-fe82-4697-923b-46e307d25728@group-E664BA1C80F5: closes. applyIndex: -1
2019-10-14 19:24:06,883 [867be414-fe82-4697-923b-46e307d25728@group-E664BA1C80F5-SegmentedRaftLogWorker] INFO  segmented.SegmentedRaftLogWorker (SegmentedRaftLogWorker.java:run(316)) - 867be414-fe82-4697-923b-46e307d25728@group-E664BA1C80F5-SegmentedRaftLogWorker was interrupted, exiting. There are 0 tasks remaining in the queue.
2019-10-14 19:24:06,884 [grpc-default-executor-1] INFO  segmented.SegmentedRaftLogWorker (SegmentedRaftLogWorker.java:close(224)) - 867be414-fe82-4697-923b-46e307d25728@group-E664BA1C80F5-SegmentedRaftLogWorker close()
2019-10-14 19:24:06,891 [Thread-703] INFO  pipeline.PipelineStateManager (PipelineStateManager.java:removePipeline(108)) - Pipeline Pipeline[ Id: 2291c2a6-7321-4ead-abc8-e664ba1c80f5, Nodes: 867be414-fe82-4697-923b-46e307d25728{ip: 192.168.164.219, host: pr-hdds-1868-cfdmt-251076870, networkLocation: /default-rack, certSerialId: null}, Type:RATIS, Factor:ONE, State:CLOSED] removed from db
2019-10-14 19:24:06,891 [Thread-703] INFO  pipeline.SCMPipelineManager (SCMPipelineManager.java:finalizeAndDestroyPipeline(315)) - destroying pipeline:Pipeline[ Id: c2ee2176-6167-443f-abcd-ae80778583b7, Nodes: 3b3be084-020b-43b6-aab5-07dc78b653c2{ip: 192.168.164.219, host: pr-hdds-1868-cfdmt-251076870, networkLocation: /default-rack, certSerialId: null}, Type:RATIS, Factor:ONE, State:ALLOCATED]
2019-10-14 19:24:06,895 [grpc-default-executor-1] INFO  impl.RaftServerProxy (RaftServerProxy.java:addNew(89)) - 867be414-fe82-4697-923b-46e307d25728: addNew group-88301BC54E2C:[867be414-fe82-4697-923b-46e307d25728:192.168.164.219:46006] returns group-88301BC54E2C:java.util.concurrent.CompletableFuture@1c8620af[Not completed]
2019-10-14 19:24:06,896 [pool-169-thread-1] INFO  impl.RaftServerImpl (RaftServerImpl.java:<init>(95)) - 867be414-fe82-4697-923b-46e307d25728: new RaftServerImpl for group-88301BC54E2C:[867be414-fe82-4697-923b-46e307d25728:192.168.164.219:46006] with ContainerStateMachine:uninitialized
2019-10-14 19:24:06,896 [pool-169-thread-1] INFO  server.RaftServerConfigKeys (ConfUtils.java:logGet(43)) - raft.server.rpc.timeout.min = 5s (custom)
2019-10-14 19:24:06,896 [pool-169-thread-1] INFO  server.RaftServerConfigKeys (ConfUtils.java:logGet(43)) - raft.server.rpc.timeout.max = 5200ms (custom)
2019-10-14 19:24:06,896 [pool-169-thread-1] INFO  server.RaftServerConfigKeys (ConfUtils.java:logGet(43)) - raft.server.rpcslowness.timeout = 120s (custom)
2019-10-14 19:24:06,896 [pool-169-thread-1] INFO  server.RaftServerConfigKeys (ConfUtils.java:logGet(43)) - raft.server.sleep.deviation.threshold = 300 (default)
2019-10-14 19:24:06,896 [pool-169-thread-1] INFO  server.RaftServerConfigKeys (ConfUtils.java:logGet(43)) - raft.server.log.appender.install.snapshot.enabled = false (custom)
2019-10-14 19:24:06,896 [pool-169-thread-1] INFO  impl.RaftServerImpl (ServerState.java:<init>(103)) - 867be414-fe82-4697-923b-46e307d25728@group-88301BC54E2C: ConfigurationManager, init=-1: [867be414-fe82-4697-923b-46e307d25728:192.168.164.219:46006], old=null, confs=<EMPTY_MAP>
2019-10-14 19:24:06,897 [pool-169-thread-1] INFO  server.RaftServerConfigKeys (ConfUtils.java:logGet(43)) - raft.server.storage.dir = [/workdir/hadoop-ozone/integration-test/target/test-dir/MiniOzoneClusterImpl-d886f0db-47f2-4bc5-8f88-b8b0eb7c8529/datanode-5/data/ratis] (custom)
2019-10-14 19:24:06,897 [pool-169-thread-1] INFO  server.RaftServerConfigKeys (ConfUtils.java:logGet(43)) - raft.server.log.corruption.policy = EXCEPTION (default)
2019-10-14 19:24:06,897 [pool-169-thread-1] INFO  storage.RaftStorageDirectory (RaftStorageDirectory.java:analyzeStorage(246)) - The storage directory /workdir/hadoop-ozone/integration-test/target/test-dir/MiniOzoneClusterImpl-d886f0db-47f2-4bc5-8f88-b8b0eb7c8529/datanode-5/data/ratis/1f50f378-c21e-4b67-99fa-88301bc54e2c does not exist. Creating ...
2019-10-14 19:24:06,921 [pool-169-thread-1] INFO  storage.RaftStorageDirectory (RaftStorageDirectory.java:tryLock(328)) - Lock on /workdir/hadoop-ozone/integration-test/target/test-dir/MiniOzoneClusterImpl-d886f0db-47f2-4bc5-8f88-b8b0eb7c8529/datanode-5/data/ratis/1f50f378-c21e-4b67-99fa-88301bc54e2c/in_use.lock acquired by nodename 13880@pr-hdds-1868-cfdmt-251076870
2019-10-14 19:24:06,946 [pool-169-thread-1] INFO  storage.RaftStorage (RaftStorage.java:format(84)) - Storage directory /workdir/hadoop-ozone/integration-test/target/test-dir/MiniOzoneClusterImpl-d886f0db-47f2-4bc5-8f88-b8b0eb7c8529/datanode-5/data/ratis/1f50f378-c21e-4b67-99fa-88301bc54e2c has been successfully formatted.
2019-10-14 19:24:06,946 [pool-169-thread-1] INFO  ratis.ContainerStateMachine (ContainerStateMachine.java:loadSnapshot(233)) - group-88301BC54E2C: The snapshot info is null. Setting the last applied indexto:(t:0, i:~)
2019-10-14 19:24:06,946 [pool-169-thread-1] INFO  server.RaftServerConfigKeys (ConfUtils.java:logGet(43)) - raft.server.notification.no-leader.timeout = 120s (custom)
2019-10-14 19:24:06,946 [pool-169-thread-1] INFO  server.RaftServerConfigKeys (ConfUtils.java:logGet(43)) - raft.server.log.use.memory = false (default)
2019-10-14 19:24:06,946 [pool-169-thread-1] INFO  server.RaftServerConfigKeys (ConfUtils.java:logGet(43)) - raft.server.log.purge.gap = 1000000 (custom)
2019-10-14 19:24:06,946 [pool-169-thread-1] INFO  server.RaftServerConfigKeys (ConfUtils.java:logGet(43)) - raft.server.log.appender.buffer.byte-limit = 33554432 (custom)
2019-10-14 19:24:06,947 [pool-169-thread-1] INFO  server.RaftServerConfigKeys (ConfUtils.java:logGet(43)) - raft.server.log.segment.size.max = 1048576 (custom)
2019-10-14 19:24:06,947 [pool-169-thread-1] INFO  server.RaftServerConfigKeys (ConfUtils.java:logGet(43)) - raft.server.log.segment.cache.num.max = 2 (custom)
2019-10-14 19:24:06,947 [pool-169-thread-1] INFO  segmented.SegmentedRaftLogWorker (SegmentedRaftLogWorker.java:<init>(173)) - new 867be414-fe82-4697-923b-46e307d25728@group-88301BC54E2C-SegmentedRaftLogWorker for RaftStorage:Storage Directory /workdir/hadoop-ozone/integration-test/target/test-dir/MiniOzoneClusterImpl-d886f0db-47f2-4bc5-8f88-b8b0eb7c8529/datanode-5/data/ratis/1f50f378-c21e-4b67-99fa-88301bc54e2c
2019-10-14 19:24:06,947 [pool-169-thread-1] INFO  server.RaftServerConfigKeys (ConfUtils.java:logGet(43)) - raft.server.log.queue.byte-limit = 2147483647 (custom)
2019-10-14 19:24:06,947 [pool-169-thread-1] INFO  server.RaftServerConfigKeys (ConfUtils.java:logGet(43)) - raft.server.log.queue.element-limit = 1024 (custom)
2019-10-14 19:24:06,947 [pool-169-thread-1] INFO  server.RaftServerConfigKeys (ConfUtils.java:logGet(43)) - raft.server.log.segment.size.max = 1048576 (custom)
2019-10-14 19:24:06,947 [pool-169-thread-1] INFO  server.RaftServerConfigKeys (ConfUtils.java:logGet(43)) - raft.server.log.preallocated.size = 16384 (custom)
2019-10-14 19:24:06,947 [pool-169-thread-1] INFO  server.RaftServerConfigKeys (ConfUtils.java:logGet(43)) - raft.server.log.write.buffer.size = 33554432 (custom)
2019-10-14 19:24:06,947 [pool-169-thread-1] INFO  server.RaftServerConfigKeys (ConfUtils.java:logGet(43)) - raft.server.log.force.sync.num = 128 (default)
2019-10-14 19:24:06,947 [pool-169-thread-1] INFO  server.RaftServerConfigKeys (ConfUtils.java:logGet(43)) - raft.server.log.statemachine.data.sync = true (default)
2019-10-14 19:24:06,947 [pool-169-thread-1] INFO  server.RaftServerConfigKeys (ConfUtils.java:logGet(43)) - raft.server.log.statemachine.data.sync.timeout = 10s (default)
2019-10-14 19:24:06,947 [pool-169-thread-1] INFO  server.RaftServerConfigKeys (ConfUtils.java:logGet(43)) - raft.server.log.statemachine.data.sync.timeout.retry = -1 (default)
2019-10-14 19:24:06,948 [pool-169-thread-1] INFO  server.RaftServerConfigKeys (ConfUtils.java:logGet(43)) - raft.server.log.statemachine.data.caching.enabled = true (custom)
2019-10-14 19:24:06,948 [pool-169-thread-1] INFO  segmented.SegmentedRaftLogWorker (SegmentedRaftLogWorker.java:lambda$new$0(128)) - 867be414-fe82-4697-923b-46e307d25728@group-88301BC54E2C-SegmentedRaftLogWorker: flushIndex: setUnconditionally 0 -> -1
2019-10-14 19:24:06,948 [pool-169-thread-1] INFO  server.RaftServerConfigKeys (ConfUtils.java:logGet(43)) - raft.server.snapshot.auto.trigger.enabled = true (custom)
2019-10-14 19:24:06,948 [pool-169-thread-1] INFO  server.RaftServerConfigKeys (ConfUtils.java:logGet(43)) - raft.server.snapshot.auto.trigger.threshold = 10000 (custom)
2019-10-14 19:24:06,948 [pool-169-thread-1] INFO  server.RaftServerConfigKeys (ConfUtils.java:logGet(43)) - raft.server.snapshot.retention.file.num = 5 (custom)
2019-10-14 19:24:06,948 [pool-169-thread-1] INFO  server.RaftServerConfigKeys (ConfUtils.java:logGet(43)) - raft.server.retrycache.expirytime = 600000ms (custom)
2019-10-14 19:24:06,949 [pool-169-thread-1] INFO  impl.RaftServerImpl (RaftServerImpl.java:start(181)) - 867be414-fe82-4697-923b-46e307d25728@group-88301BC54E2C: start as a follower, conf=-1: [867be414-fe82-4697-923b-46e307d25728:192.168.164.219:46006], old=null
2019-10-14 19:24:06,949 [pool-169-thread-1] INFO  impl.RaftServerImpl (RaftServerImpl.java:setRole(170)) - 867be414-fe82-4697-923b-46e307d25728@group-88301BC54E2C: changes role from      null to FOLLOWER at term 0 for startAsFollower
2019-10-14 19:24:06,950 [pool-169-thread-1] INFO  impl.RoleInfo (RoleInfo.java:updateAndGet(143)) - 867be414-fe82-4697-923b-46e307d25728: start FollowerState
2019-10-14 19:24:06,950 [pool-169-thread-1] INFO  util.JmxRegister (JmxRegister.java:tryRegister(44)) - Successfully registered JMX Bean with object name Ratis:service=RaftServer,group=group-88301BC54E2C,id=867be414-fe82-4697-923b-46e307d25728
2019-10-14 19:24:06,953 [RatisPipelineUtilsThread] INFO  pipeline.PipelineStateManager (PipelineStateManager.java:addPipeline(57)) - Created pipeline Pipeline[ Id: 1f50f378-c21e-4b67-99fa-88301bc54e2c, Nodes: 867be414-fe82-4697-923b-46e307d25728{ip: 192.168.164.219, host: pr-hdds-1868-cfdmt-251076870, networkLocation: /default-rack, certSerialId: null}, Type:RATIS, Factor:ONE, State:ALLOCATED]
2019-10-14 19:24:06,960 [Thread-703] INFO  pipeline.PipelineStateManager (PipelineStateManager.java:finalizePipeline(123)) - Pipeline Pipeline[ Id: c2ee2176-6167-443f-abcd-ae80778583b7, Nodes: 3b3be084-020b-43b6-aab5-07dc78b653c2{ip: 192.168.164.219, host: pr-hdds-1868-cfdmt-251076870, networkLocation: /default-rack, certSerialId: null}, Type:RATIS, Factor:ONE, State:CLOSED] moved to CLOSED state
2019-10-14 19:24:06,960 [main] INFO  ozone.MiniOzoneClusterImpl (MiniOzoneClusterImpl.java:lambda$waitForClusterToBeReady$2(164)) - Waiting for 8 number of pipelines out of 9, to report a leader.
2019-10-14 19:24:06,967 [grpc-default-executor-1] INFO  impl.RaftServerProxy (RaftServerProxy.java:remove(95)) - 3b3be084-020b-43b6-aab5-07dc78b653c2: remove  FOLLOWER 3b3be084-020b-43b6-aab5-07dc78b653c2@group-AE80778583B7:t0, leader=null, voted=null, raftlog=3b3be084-020b-43b6-aab5-07dc78b653c2@group-AE80778583B7-SegmentedRaftLog:OPENED:c-1,f-1,i0, conf=-1: [3b3be084-020b-43b6-aab5-07dc78b653c2:192.168.164.219:45202], old=null RUNNING
2019-10-14 19:24:06,967 [grpc-default-executor-1] INFO  impl.RaftServerImpl (RaftServerImpl.java:lambda$shutdown$3(247)) - 3b3be084-020b-43b6-aab5-07dc78b653c2@group-AE80778583B7: shutdown
2019-10-14 19:24:06,967 [grpc-default-executor-1] INFO  util.JmxRegister (JmxRegister.java:unregister(73)) - Successfully un-registered JMX Bean with object name Ratis:service=RaftServer,group=group-AE80778583B7,id=3b3be084-020b-43b6-aab5-07dc78b653c2
2019-10-14 19:24:06,968 [grpc-default-executor-1] INFO  impl.RoleInfo (RoleInfo.java:shutdownFollowerState(121)) - 3b3be084-020b-43b6-aab5-07dc78b653c2: shutdown FollowerState
2019-10-14 19:24:06,968 [grpc-default-executor-1] INFO  impl.StateMachineUpdater (StateMachineUpdater.java:stopAndJoin(136)) - 3b3be084-020b-43b6-aab5-07dc78b653c2@group-AE80778583B7-StateMachineUpdater: set stopIndex = -1
2019-10-14 19:24:06,968 [Thread-705] INFO  impl.FollowerState (FollowerState.java:run(117)) - 3b3be084-020b-43b6-aab5-07dc78b653c2@group-AE80778583B7-FollowerState was interrupted: java.lang.InterruptedException: sleep interrupted
2019-10-14 19:24:06,968 [grpc-default-executor-1] INFO  impl.RaftServerImpl (ServerState.java:close(387)) - 3b3be084-020b-43b6-aab5-07dc78b653c2@group-AE80778583B7: closes. applyIndex: -1
2019-10-14 19:24:06,971 [3b3be084-020b-43b6-aab5-07dc78b653c2@group-AE80778583B7-SegmentedRaftLogWorker] INFO  segmented.SegmentedRaftLogWorker (SegmentedRaftLogWorker.java:run(316)) - 3b3be084-020b-43b6-aab5-07dc78b653c2@group-AE80778583B7-SegmentedRaftLogWorker was interrupted, exiting. There are 0 tasks remaining in the queue.
2019-10-14 19:24:06,971 [grpc-default-executor-1] INFO  segmented.SegmentedRaftLogWorker (SegmentedRaftLogWorker.java:close(224)) - 3b3be084-020b-43b6-aab5-07dc78b653c2@group-AE80778583B7-SegmentedRaftLogWorker close()
2019-10-14 19:24:06,979 [Thread-703] INFO  pipeline.PipelineStateManager (PipelineStateManager.java:removePipeline(108)) - Pipeline Pipeline[ Id: c2ee2176-6167-443f-abcd-ae80778583b7, Nodes: 3b3be084-020b-43b6-aab5-07dc78b653c2{ip: 192.168.164.219, host: pr-hdds-1868-cfdmt-251076870, networkLocation: /default-rack, certSerialId: null}, Type:RATIS, Factor:ONE, State:CLOSED] removed from db
2019-10-14 19:24:06,984 [grpc-default-executor-1] INFO  impl.RaftServerProxy (RaftServerProxy.java:addNew(89)) - 3b3be084-020b-43b6-aab5-07dc78b653c2: addNew group-C51FAE0A96BB:[3b3be084-020b-43b6-aab5-07dc78b653c2:192.168.164.219:45202] returns group-C51FAE0A96BB:java.util.concurrent.CompletableFuture@1a00422f[Not completed]
2019-10-14 19:24:06,985 [pool-119-thread-1] INFO  impl.RaftServerImpl (RaftServerImpl.java:<init>(95)) - 3b3be084-020b-43b6-aab5-07dc78b653c2: new RaftServerImpl for group-C51FAE0A96BB:[3b3be084-020b-43b6-aab5-07dc78b653c2:192.168.164.219:45202] with ContainerStateMachine:uninitialized
2019-10-14 19:24:06,985 [pool-119-thread-1] INFO  server.RaftServerConfigKeys (ConfUtils.java:logGet(43)) - raft.server.rpc.timeout.min = 5s (custom)
2019-10-14 19:24:06,986 [pool-119-thread-1] INFO  server.RaftServerConfigKeys (ConfUtils.java:logGet(43)) - raft.server.rpc.timeout.max = 5200ms (custom)
2019-10-14 19:24:06,986 [pool-119-thread-1] INFO  server.RaftServerConfigKeys (ConfUtils.java:logGet(43)) - raft.server.rpcslowness.timeout = 120s (custom)
2019-10-14 19:24:06,986 [pool-119-thread-1] INFO  server.RaftServerConfigKeys (ConfUtils.java:logGet(43)) - raft.server.sleep.deviation.threshold = 300 (default)
2019-10-14 19:24:06,986 [pool-119-thread-1] INFO  server.RaftServerConfigKeys (ConfUtils.java:logGet(43)) - raft.server.log.appender.install.snapshot.enabled = false (custom)
2019-10-14 19:24:06,986 [pool-119-thread-1] INFO  impl.RaftServerImpl (ServerState.java:<init>(103)) - 3b3be084-020b-43b6-aab5-07dc78b653c2@group-C51FAE0A96BB: ConfigurationManager, init=-1: [3b3be084-020b-43b6-aab5-07dc78b653c2:192.168.164.219:45202], old=null, confs=<EMPTY_MAP>
2019-10-14 19:24:06,986 [pool-119-thread-1] INFO  server.RaftServerConfigKeys (ConfUtils.java:logGet(43)) - raft.server.storage.dir = [/workdir/hadoop-ozone/integration-test/target/test-dir/MiniOzoneClusterImpl-d886f0db-47f2-4bc5-8f88-b8b0eb7c8529/datanode-0/data/ratis] (custom)
2019-10-14 19:24:06,987 [pool-119-thread-1] INFO  server.RaftServerConfigKeys (ConfUtils.java:logGet(43)) - raft.server.log.corruption.policy = EXCEPTION (default)
2019-10-14 19:24:06,987 [pool-119-thread-1] INFO  storage.RaftStorageDirectory (RaftStorageDirectory.java:analyzeStorage(246)) - The storage directory /workdir/hadoop-ozone/integration-test/target/test-dir/MiniOzoneClusterImpl-d886f0db-47f2-4bc5-8f88-b8b0eb7c8529/datanode-0/data/ratis/afee3062-07a9-4963-8cdc-c51fae0a96bb does not exist. Creating ...
2019-10-14 19:24:07,013 [pool-119-thread-1] INFO  storage.RaftStorageDirectory (RaftStorageDirectory.java:tryLock(328)) - Lock on /workdir/hadoop-ozone/integration-test/target/test-dir/MiniOzoneClusterImpl-d886f0db-47f2-4bc5-8f88-b8b0eb7c8529/datanode-0/data/ratis/afee3062-07a9-4963-8cdc-c51fae0a96bb/in_use.lock acquired by nodename 13880@pr-hdds-1868-cfdmt-251076870
2019-10-14 19:24:07,047 [pool-119-thread-1] INFO  storage.RaftStorage (RaftStorage.java:format(84)) - Storage directory /workdir/hadoop-ozone/integration-test/target/test-dir/MiniOzoneClusterImpl-d886f0db-47f2-4bc5-8f88-b8b0eb7c8529/datanode-0/data/ratis/afee3062-07a9-4963-8cdc-c51fae0a96bb has been successfully formatted.
2019-10-14 19:24:07,047 [pool-119-thread-1] INFO  ratis.ContainerStateMachine (ContainerStateMachine.java:loadSnapshot(233)) - group-C51FAE0A96BB: The snapshot info is null. Setting the last applied indexto:(t:0, i:~)
2019-10-14 19:24:07,047 [pool-119-thread-1] INFO  server.RaftServerConfigKeys (ConfUtils.java:logGet(43)) - raft.server.notification.no-leader.timeout = 120s (custom)
2019-10-14 19:24:07,047 [pool-119-thread-1] INFO  server.RaftServerConfigKeys (ConfUtils.java:logGet(43)) - raft.server.log.use.memory = false (default)
2019-10-14 19:24:07,047 [pool-119-thread-1] INFO  server.RaftServerConfigKeys (ConfUtils.java:logGet(43)) - raft.server.log.purge.gap = 1000000 (custom)
2019-10-14 19:24:07,048 [pool-119-thread-1] INFO  server.RaftServerConfigKeys (ConfUtils.java:logGet(43)) - raft.server.log.appender.buffer.byte-limit = 33554432 (custom)
2019-10-14 19:24:07,048 [pool-119-thread-1] INFO  server.RaftServerConfigKeys (ConfUtils.java:logGet(43)) - raft.server.log.segment.size.max = 1048576 (custom)
2019-10-14 19:24:07,048 [pool-119-thread-1] INFO  server.RaftServerConfigKeys (ConfUtils.java:logGet(43)) - raft.server.log.segment.cache.num.max = 2 (custom)
2019-10-14 19:24:07,048 [pool-119-thread-1] INFO  segmented.SegmentedRaftLogWorker (SegmentedRaftLogWorker.java:<init>(173)) - new 3b3be084-020b-43b6-aab5-07dc78b653c2@group-C51FAE0A96BB-SegmentedRaftLogWorker for RaftStorage:Storage Directory /workdir/hadoop-ozone/integration-test/target/test-dir/MiniOzoneClusterImpl-d886f0db-47f2-4bc5-8f88-b8b0eb7c8529/datanode-0/data/ratis/afee3062-07a9-4963-8cdc-c51fae0a96bb
2019-10-14 19:24:07,048 [pool-119-thread-1] INFO  server.RaftServerConfigKeys (ConfUtils.java:logGet(43)) - raft.server.log.queue.byte-limit = 2147483647 (custom)
2019-10-14 19:24:07,048 [pool-119-thread-1] INFO  server.RaftServerConfigKeys (ConfUtils.java:logGet(43)) - raft.server.log.queue.element-limit = 1024 (custom)
2019-10-14 19:24:07,048 [pool-119-thread-1] INFO  server.RaftServerConfigKeys (ConfUtils.java:logGet(43)) - raft.server.log.segment.size.max = 1048576 (custom)
2019-10-14 19:24:07,048 [pool-119-thread-1] INFO  server.RaftServerConfigKeys (ConfUtils.java:logGet(43)) - raft.server.log.preallocated.size = 16384 (custom)
2019-10-14 19:24:07,049 [pool-119-thread-1] INFO  server.RaftServerConfigKeys (ConfUtils.java:logGet(43)) - raft.server.log.write.buffer.size = 33554432 (custom)
2019-10-14 19:24:07,049 [pool-119-thread-1] INFO  server.RaftServerConfigKeys (ConfUtils.java:logGet(43)) - raft.server.log.force.sync.num = 128 (default)
2019-10-14 19:24:07,049 [pool-119-thread-1] INFO  server.RaftServerConfigKeys (ConfUtils.java:logGet(43)) - raft.server.log.statemachine.data.sync = true (default)
2019-10-14 19:24:07,049 [pool-119-thread-1] INFO  server.RaftServerConfigKeys (ConfUtils.java:logGet(43)) - raft.server.log.statemachine.data.sync.timeout = 10s (default)
2019-10-14 19:24:07,049 [pool-119-thread-1] INFO  server.RaftServerConfigKeys (ConfUtils.java:logGet(43)) - raft.server.log.statemachine.data.sync.timeout.retry = -1 (default)
2019-10-14 19:24:07,049 [pool-119-thread-1] INFO  server.RaftServerConfigKeys (ConfUtils.java:logGet(43)) - raft.server.log.statemachine.data.caching.enabled = true (custom)
2019-10-14 19:24:07,049 [pool-119-thread-1] INFO  segmented.SegmentedRaftLogWorker (SegmentedRaftLogWorker.java:lambda$new$0(128)) - 3b3be084-020b-43b6-aab5-07dc78b653c2@group-C51FAE0A96BB-SegmentedRaftLogWorker: flushIndex: setUnconditionally 0 -> -1
2019-10-14 19:24:07,050 [pool-119-thread-1] INFO  server.RaftServerConfigKeys (ConfUtils.java:logGet(43)) - raft.server.snapshot.auto.trigger.enabled = true (custom)
2019-10-14 19:24:07,050 [pool-119-thread-1] INFO  server.RaftServerConfigKeys (ConfUtils.java:logGet(43)) - raft.server.snapshot.auto.trigger.threshold = 10000 (custom)
2019-10-14 19:24:07,050 [pool-119-thread-1] INFO  server.RaftServerConfigKeys (ConfUtils.java:logGet(43)) - raft.server.snapshot.retention.file.num = 5 (custom)
2019-10-14 19:24:07,050 [pool-119-thread-1] INFO  server.RaftServerConfigKeys (ConfUtils.java:logGet(43)) - raft.server.retrycache.expirytime = 600000ms (custom)
2019-10-14 19:24:07,052 [pool-119-thread-1] INFO  impl.RaftServerImpl (RaftServerImpl.java:start(181)) - 3b3be084-020b-43b6-aab5-07dc78b653c2@group-C51FAE0A96BB: start as a follower, conf=-1: [3b3be084-020b-43b6-aab5-07dc78b653c2:192.168.164.219:45202], old=null
2019-10-14 19:24:07,052 [pool-119-thread-1] INFO  impl.RaftServerImpl (RaftServerImpl.java:setRole(170)) - 3b3be084-020b-43b6-aab5-07dc78b653c2@group-C51FAE0A96BB: changes role from      null to FOLLOWER at term 0 for startAsFollower
2019-10-14 19:24:07,052 [pool-119-thread-1] INFO  impl.RoleInfo (RoleInfo.java:updateAndGet(143)) - 3b3be084-020b-43b6-aab5-07dc78b653c2: start FollowerState
2019-10-14 19:24:07,052 [pool-119-thread-1] INFO  util.JmxRegister (JmxRegister.java:tryRegister(44)) - Successfully registered JMX Bean with object name Ratis:service=RaftServer,group=group-C51FAE0A96BB,id=3b3be084-020b-43b6-aab5-07dc78b653c2
2019-10-14 19:24:07,057 [RatisPipelineUtilsThread] INFO  pipeline.PipelineStateManager (PipelineStateManager.java:addPipeline(57)) - Created pipeline Pipeline[ Id: afee3062-07a9-4963-8cdc-c51fae0a96bb, Nodes: 3b3be084-020b-43b6-aab5-07dc78b653c2{ip: 192.168.164.219, host: pr-hdds-1868-cfdmt-251076870, networkLocation: /default-rack, certSerialId: null}, Type:RATIS, Factor:ONE, State:ALLOCATED]
2019-10-14 19:24:07,961 [main] INFO  ozone.MiniOzoneClusterImpl (MiniOzoneClusterImpl.java:lambda$waitForClusterToBeReady$2(164)) - Waiting for 9 number of pipelines out of 9, to report a leader.
2019-10-14 19:24:08,962 [main] INFO  ozone.MiniOzoneClusterImpl (MiniOzoneClusterImpl.java:lambda$waitForClusterToBeReady$2(164)) - Waiting for 9 number of pipelines out of 9, to report a leader.
2019-10-14 19:24:09,962 [main] INFO  ozone.MiniOzoneClusterImpl (MiniOzoneClusterImpl.java:lambda$waitForClusterToBeReady$2(164)) - Waiting for 9 number of pipelines out of 9, to report a leader.
2019-10-14 19:24:10,963 [main] INFO  ozone.MiniOzoneClusterImpl (MiniOzoneClusterImpl.java:lambda$waitForClusterToBeReady$2(164)) - Waiting for 9 number of pipelines out of 9, to report a leader.
2019-10-14 19:24:11,256 [Thread-746] INFO  impl.FollowerState (FollowerState.java:run(108)) - 01449a64-8d93-448f-af9d-a56c36523a6d@group-3F63DA62C15D-FollowerState: change to CANDIDATE, lastRpcTime:5043ms, electionTimeout:5043ms
2019-10-14 19:24:11,257 [Thread-746] INFO  impl.RoleInfo (RoleInfo.java:shutdownFollowerState(121)) - 01449a64-8d93-448f-af9d-a56c36523a6d: shutdown FollowerState
2019-10-14 19:24:11,257 [Thread-746] INFO  impl.RaftServerImpl (RaftServerImpl.java:setRole(170)) - 01449a64-8d93-448f-af9d-a56c36523a6d@group-3F63DA62C15D: changes role from  FOLLOWER to CANDIDATE at term 0 for changeToCandidate
2019-10-14 19:24:11,257 [Thread-746] INFO  impl.RoleInfo (RoleInfo.java:updateAndGet(143)) - 01449a64-8d93-448f-af9d-a56c36523a6d: start LeaderElection
2019-10-14 19:24:11,291 [01449a64-8d93-448f-af9d-a56c36523a6d@group-3F63DA62C15D-LeaderElection11] INFO  impl.LeaderElection (LeaderElection.java:askForVotes(178)) - 01449a64-8d93-448f-af9d-a56c36523a6d@group-3F63DA62C15D-LeaderElection11: begin an election at term 1 for -1: [01449a64-8d93-448f-af9d-a56c36523a6d:192.168.164.219:35434], old=null
2019-10-14 19:24:11,292 [01449a64-8d93-448f-af9d-a56c36523a6d@group-3F63DA62C15D-LeaderElection11] INFO  impl.RoleInfo (RoleInfo.java:shutdownLeaderElection(134)) - 01449a64-8d93-448f-af9d-a56c36523a6d: shutdown LeaderElection
2019-10-14 19:24:11,292 [01449a64-8d93-448f-af9d-a56c36523a6d@group-3F63DA62C15D-LeaderElection11] INFO  impl.RaftServerImpl (RaftServerImpl.java:setRole(170)) - 01449a64-8d93-448f-af9d-a56c36523a6d@group-3F63DA62C15D: changes role from CANDIDATE to LEADER at term 1 for changeToLeader
2019-10-14 19:24:11,292 [01449a64-8d93-448f-af9d-a56c36523a6d@group-3F63DA62C15D-LeaderElection11] INFO  ratis.XceiverServerRatis (XceiverServerRatis.java:handleLeaderChangedNotification(702)) - Leader change notification received for group: group-3F63DA62C15D with new leaderId: 01449a64-8d93-448f-af9d-a56c36523a6d
2019-10-14 19:24:11,295 [01449a64-8d93-448f-af9d-a56c36523a6d@group-3F63DA62C15D-LeaderElection11] INFO  impl.RaftServerImpl (ServerState.java:setLeader(255)) - 01449a64-8d93-448f-af9d-a56c36523a6d@group-3F63DA62C15D: change Leader from null to 01449a64-8d93-448f-af9d-a56c36523a6d at term 1 for becomeLeader, leader elected after 5083ms
2019-10-14 19:24:11,297 [01449a64-8d93-448f-af9d-a56c36523a6d@group-3F63DA62C15D-LeaderElection11] INFO  server.RaftServerConfigKeys (ConfUtils.java:logGet(43)) - raft.server.staging.catchup.gap = 1000 (default)
2019-10-14 19:24:11,298 [01449a64-8d93-448f-af9d-a56c36523a6d@group-3F63DA62C15D-LeaderElection11] INFO  server.RaftServerConfigKeys (ConfUtils.java:logGet(43)) - raft.server.rpc.sleep.time = 25ms (default)
2019-10-14 19:24:11,298 [01449a64-8d93-448f-af9d-a56c36523a6d@group-3F63DA62C15D-LeaderElection11] INFO  server.RaftServerConfigKeys (ConfUtils.java:logGet(43)) - raft.server.write.element-limit = 4096 (default)
2019-10-14 19:24:11,298 [01449a64-8d93-448f-af9d-a56c36523a6d@group-3F63DA62C15D-LeaderElection11] INFO  server.RaftServerConfigKeys (ConfUtils.java:logGet(43)) - raft.server.watch.timeout = 10s (default)
2019-10-14 19:24:11,298 [01449a64-8d93-448f-af9d-a56c36523a6d@group-3F63DA62C15D-LeaderElection11] INFO  server.RaftServerConfigKeys (ConfUtils.java:logGet(43)) - raft.server.watch.timeout.denomination = 1s (default)
2019-10-14 19:24:11,299 [01449a64-8d93-448f-af9d-a56c36523a6d@group-3F63DA62C15D-LeaderElection11] INFO  server.RaftServerConfigKeys (ConfUtils.java:logGet(43)) - raft.server.watch.element-limit = 65536 (default)
2019-10-14 19:24:11,299 [EventQueue-PipelineReportForPipelineReportHandler] INFO  pipeline.PipelineReportHandler (PipelineReportHandler.java:processPipelineReport(120)) - Pipeline PipelineID=40cbf683-6979-4c35-b9a0-3f63da62c15d reported by 01449a64-8d93-448f-af9d-a56c36523a6d{ip: 192.168.164.219, host: pr-hdds-1868-cfdmt-251076870, networkLocation: /default-rack, certSerialId: null} with leaderId 01449a64-8d93-448f-af9d-a56c36523a6d
2019-10-14 19:24:11,299 [EventQueue-PipelineReportForPipelineReportHandler] INFO  pipeline.PipelineStateManager (PipelineStateManager.java:openPipeline(136)) - Pipeline Pipeline[ Id: 40cbf683-6979-4c35-b9a0-3f63da62c15d, Nodes: 01449a64-8d93-448f-af9d-a56c36523a6d{ip: 192.168.164.219, host: pr-hdds-1868-cfdmt-251076870, networkLocation: /default-rack, certSerialId: null}, Type:RATIS, Factor:ONE, State:OPEN] moved to OPEN state
2019-10-14 19:24:11,299 [EventQueue-PipelineReportForPipelineReportHandler] INFO  pipeline.PipelineReportHandler (PipelineReportHandler.java:processPipelineReport(120)) - Pipeline PipelineID=44a7066d-62bb-4733-afe1-b39b9a62a6c3 reported by 01449a64-8d93-448f-af9d-a56c36523a6d{ip: 192.168.164.219, host: pr-hdds-1868-cfdmt-251076870, networkLocation: /default-rack, certSerialId: null} with leaderId 
2019-10-14 19:24:11,302 [01449a64-8d93-448f-af9d-a56c36523a6d@group-3F63DA62C15D-LeaderElection11] INFO  impl.RoleInfo (RoleInfo.java:updateAndGet(143)) - 01449a64-8d93-448f-af9d-a56c36523a6d: start LeaderState
2019-10-14 19:24:11,303 [01449a64-8d93-448f-af9d-a56c36523a6d@group-3F63DA62C15D-LeaderElection11] INFO  segmented.SegmentedRaftLogWorker (SegmentedRaftLogWorker.java:startLogSegment(385)) - 01449a64-8d93-448f-af9d-a56c36523a6d@group-3F63DA62C15D-SegmentedRaftLogWorker: Starting segment from index:0
2019-10-14 19:24:11,304 [01449a64-8d93-448f-af9d-a56c36523a6d@group-3F63DA62C15D-LeaderElection11] INFO  impl.RaftServerImpl (ServerState.java:setRaftConf(356)) - 01449a64-8d93-448f-af9d-a56c36523a6d@group-3F63DA62C15D: set configuration 0: [01449a64-8d93-448f-af9d-a56c36523a6d:192.168.164.219:35434], old=null at 0
2019-10-14 19:24:11,354 [01449a64-8d93-448f-af9d-a56c36523a6d@group-3F63DA62C15D-SegmentedRaftLogWorker] INFO  segmented.SegmentedRaftLogWorker (SegmentedRaftLogWorker.java:execute(576)) - 01449a64-8d93-448f-af9d-a56c36523a6d@group-3F63DA62C15D-SegmentedRaftLogWorker: created new log segment /workdir/hadoop-ozone/integration-test/target/test-dir/MiniOzoneClusterImpl-d886f0db-47f2-4bc5-8f88-b8b0eb7c8529/datanode-4/data/ratis/40cbf683-6979-4c35-b9a0-3f63da62c15d/current/log_inprogress_0
2019-10-14 19:24:11,368 [Thread-752] INFO  impl.FollowerState (FollowerState.java:run(108)) - e449d29f-23ec-4943-8e04-16f349e7a11f@group-7C10719D05E7-FollowerState: change to CANDIDATE, lastRpcTime:5041ms, electionTimeout:5041ms
2019-10-14 19:24:11,368 [Thread-752] INFO  impl.RoleInfo (RoleInfo.java:shutdownFollowerState(121)) - e449d29f-23ec-4943-8e04-16f349e7a11f: shutdown FollowerState
2019-10-14 19:24:11,368 [Thread-752] INFO  impl.RaftServerImpl (RaftServerImpl.java:setRole(170)) - e449d29f-23ec-4943-8e04-16f349e7a11f@group-7C10719D05E7: changes role from  FOLLOWER to CANDIDATE at term 0 for changeToCandidate
2019-10-14 19:24:11,368 [Thread-752] INFO  impl.RoleInfo (RoleInfo.java:updateAndGet(143)) - e449d29f-23ec-4943-8e04-16f349e7a11f: start LeaderElection
2019-10-14 19:24:11,400 [e449d29f-23ec-4943-8e04-16f349e7a11f@group-7C10719D05E7-LeaderElection12] INFO  impl.LeaderElection (LeaderElection.java:askForVotes(178)) - e449d29f-23ec-4943-8e04-16f349e7a11f@group-7C10719D05E7-LeaderElection12: begin an election at term 1 for -1: [867be414-fe82-4697-923b-46e307d25728:192.168.164.219:46006, e449d29f-23ec-4943-8e04-16f349e7a11f:192.168.164.219:34574, a33f834b-b66a-4354-b261-b5dccb079bb7:192.168.164.219:43999], old=null
2019-10-14 19:24:11,417 [grpc-default-executor-1] INFO  impl.RaftServerImpl (RaftServerImpl.java:setRole(170)) - a33f834b-b66a-4354-b261-b5dccb079bb7@group-7C10719D05E7: changes role from  FOLLOWER to FOLLOWER at term 1 for recognizeCandidate:e449d29f-23ec-4943-8e04-16f349e7a11f
2019-10-14 19:24:11,418 [grpc-default-executor-1] INFO  impl.RoleInfo (RoleInfo.java:shutdownFollowerState(121)) - a33f834b-b66a-4354-b261-b5dccb079bb7: shutdown FollowerState
2019-10-14 19:24:11,418 [grpc-default-executor-1] INFO  impl.RoleInfo (RoleInfo.java:updateAndGet(143)) - a33f834b-b66a-4354-b261-b5dccb079bb7: start FollowerState
2019-10-14 19:24:11,418 [Thread-757] INFO  impl.FollowerState (FollowerState.java:run(117)) - a33f834b-b66a-4354-b261-b5dccb079bb7@group-7C10719D05E7-FollowerState was interrupted: java.lang.InterruptedException: sleep interrupted
2019-10-14 19:24:11,417 [grpc-default-executor-3] INFO  impl.RaftServerImpl (RaftServerImpl.java:setRole(170)) - 867be414-fe82-4697-923b-46e307d25728@group-7C10719D05E7: changes role from  FOLLOWER to FOLLOWER at term 1 for recognizeCandidate:e449d29f-23ec-4943-8e04-16f349e7a11f
2019-10-14 19:24:11,421 [grpc-default-executor-3] INFO  impl.RoleInfo (RoleInfo.java:shutdownFollowerState(121)) - 867be414-fe82-4697-923b-46e307d25728: shutdown FollowerState
2019-10-14 19:24:11,421 [Thread-756] INFO  impl.FollowerState (FollowerState.java:run(117)) - 867be414-fe82-4697-923b-46e307d25728@group-7C10719D05E7-FollowerState was interrupted: java.lang.InterruptedException: sleep interrupted
2019-10-14 19:24:11,421 [grpc-default-executor-3] INFO  impl.RoleInfo (RoleInfo.java:updateAndGet(143)) - 867be414-fe82-4697-923b-46e307d25728: start FollowerState
2019-10-14 19:24:11,446 [e449d29f-23ec-4943-8e04-16f349e7a11f@group-7C10719D05E7-LeaderElection12] INFO  impl.LeaderElection (LeaderElection.java:logAndReturn(56)) - e449d29f-23ec-4943-8e04-16f349e7a11f@group-7C10719D05E7-LeaderElection12: Election PASSED; received 1 response(s) [e449d29f-23ec-4943-8e04-16f349e7a11f<-867be414-fe82-4697-923b-46e307d25728#0:OK-t1] and 0 exception(s); e449d29f-23ec-4943-8e04-16f349e7a11f@group-7C10719D05E7:t1, leader=null, voted=e449d29f-23ec-4943-8e04-16f349e7a11f, raftlog=e449d29f-23ec-4943-8e04-16f349e7a11f@group-7C10719D05E7-SegmentedRaftLog:OPENED:c-1,f-1,i0, conf=-1: [867be414-fe82-4697-923b-46e307d25728:192.168.164.219:46006, e449d29f-23ec-4943-8e04-16f349e7a11f:192.168.164.219:34574, a33f834b-b66a-4354-b261-b5dccb079bb7:192.168.164.219:43999], old=null
2019-10-14 19:24:11,446 [e449d29f-23ec-4943-8e04-16f349e7a11f@group-7C10719D05E7-LeaderElection12] INFO  impl.RoleInfo (RoleInfo.java:shutdownLeaderElection(134)) - e449d29f-23ec-4943-8e04-16f349e7a11f: shutdown LeaderElection
2019-10-14 19:24:11,446 [e449d29f-23ec-4943-8e04-16f349e7a11f@group-7C10719D05E7-LeaderElection12] INFO  impl.RaftServerImpl (RaftServerImpl.java:setRole(170)) - e449d29f-23ec-4943-8e04-16f349e7a11f@group-7C10719D05E7: changes role from CANDIDATE to LEADER at term 1 for changeToLeader
2019-10-14 19:24:11,446 [e449d29f-23ec-4943-8e04-16f349e7a11f@group-7C10719D05E7-LeaderElection12] INFO  ratis.XceiverServerRatis (XceiverServerRatis.java:handleLeaderChangedNotification(702)) - Leader change notification received for group: group-7C10719D05E7 with new leaderId: e449d29f-23ec-4943-8e04-16f349e7a11f
2019-10-14 19:24:11,449 [e449d29f-23ec-4943-8e04-16f349e7a11f@group-7C10719D05E7-LeaderElection12] INFO  impl.RaftServerImpl (ServerState.java:setLeader(255)) - e449d29f-23ec-4943-8e04-16f349e7a11f@group-7C10719D05E7: change Leader from null to e449d29f-23ec-4943-8e04-16f349e7a11f at term 1 for becomeLeader, leader elected after 5126ms
2019-10-14 19:24:11,451 [e449d29f-23ec-4943-8e04-16f349e7a11f@group-7C10719D05E7-LeaderElection12] INFO  server.RaftServerConfigKeys (ConfUtils.java:logGet(43)) - raft.server.staging.catchup.gap = 1000 (default)
2019-10-14 19:24:11,451 [e449d29f-23ec-4943-8e04-16f349e7a11f@group-7C10719D05E7-LeaderElection12] INFO  server.RaftServerConfigKeys (ConfUtils.java:logGet(43)) - raft.server.rpc.sleep.time = 25ms (default)
2019-10-14 19:24:11,451 [e449d29f-23ec-4943-8e04-16f349e7a11f@group-7C10719D05E7-LeaderElection12] INFO  server.RaftServerConfigKeys (ConfUtils.java:logGet(43)) - raft.server.write.element-limit = 4096 (default)
2019-10-14 19:24:11,451 [e449d29f-23ec-4943-8e04-16f349e7a11f@group-7C10719D05E7-LeaderElection12] INFO  server.RaftServerConfigKeys (ConfUtils.java:logGet(43)) - raft.server.watch.timeout = 10s (default)
2019-10-14 19:24:11,451 [e449d29f-23ec-4943-8e04-16f349e7a11f@group-7C10719D05E7-LeaderElection12] INFO  server.RaftServerConfigKeys (ConfUtils.java:logGet(43)) - raft.server.watch.timeout.denomination = 1s (default)
2019-10-14 19:24:11,452 [e449d29f-23ec-4943-8e04-16f349e7a11f@group-7C10719D05E7-LeaderElection12] INFO  server.RaftServerConfigKeys (ConfUtils.java:logGet(43)) - raft.server.watch.element-limit = 65536 (default)
2019-10-14 19:24:11,452 [EventQueue-PipelineReportForPipelineReportHandler] INFO  pipeline.PipelineReportHandler (PipelineReportHandler.java:processPipelineReport(120)) - Pipeline PipelineID=38b3c63c-6128-4fc0-84cc-0ae4d58e3260 reported by e449d29f-23ec-4943-8e04-16f349e7a11f{ip: 192.168.164.219, host: pr-hdds-1868-cfdmt-251076870, networkLocation: /default-rack, certSerialId: null} with leaderId 
2019-10-14 19:24:11,454 [EventQueue-PipelineReportForPipelineReportHandler] INFO  pipeline.PipelineStateManager (PipelineStateManager.java:openPipeline(136)) - Pipeline Pipeline[ Id: 38b3c63c-6128-4fc0-84cc-0ae4d58e3260, Nodes: e449d29f-23ec-4943-8e04-16f349e7a11f{ip: 192.168.164.219, host: pr-hdds-1868-cfdmt-251076870, networkLocation: /default-rack, certSerialId: null}, Type:RATIS, Factor:ONE, State:OPEN] moved to OPEN state
2019-10-14 19:24:11,454 [EventQueue-PipelineReportForPipelineReportHandler] INFO  pipeline.PipelineReportHandler (PipelineReportHandler.java:processPipelineReport(120)) - Pipeline PipelineID=890dd35c-976f-409e-b960-7c10719d05e7 reported by e449d29f-23ec-4943-8e04-16f349e7a11f{ip: 192.168.164.219, host: pr-hdds-1868-cfdmt-251076870, networkLocation: /default-rack, certSerialId: null} with leaderId e449d29f-23ec-4943-8e04-16f349e7a11f
2019-10-14 19:24:11,455 [e449d29f-23ec-4943-8e04-16f349e7a11f@group-7C10719D05E7-LeaderElection12] INFO  server.RaftServerConfigKeys (ConfUtils.java:logGet(43)) - raft.server.log.appender.snapshot.chunk.size.max = 16MB (=16777216) (default)
2019-10-14 19:24:11,456 [e449d29f-23ec-4943-8e04-16f349e7a11f@group-7C10719D05E7-LeaderElection12] INFO  server.RaftServerConfigKeys (ConfUtils.java:logGet(43)) - raft.server.log.appender.buffer.byte-limit = 33554432 (custom)
2019-10-14 19:24:11,456 [e449d29f-23ec-4943-8e04-16f349e7a11f@group-7C10719D05E7-LeaderElection12] INFO  server.RaftServerConfigKeys (ConfUtils.java:logGet(43)) - raft.server.log.appender.buffer.element-limit = 1 (custom)
2019-10-14 19:24:11,456 [e449d29f-23ec-4943-8e04-16f349e7a11f@group-7C10719D05E7-LeaderElection12] INFO  grpc.GrpcConfigKeys$Server (ConfUtils.java:logGet(43)) - raft.grpc.server.leader.outstanding.appends.max = 128 (default)
2019-10-14 19:24:11,456 [e449d29f-23ec-4943-8e04-16f349e7a11f@group-7C10719D05E7-LeaderElection12] INFO  server.RaftServerConfigKeys (ConfUtils.java:logGet(43)) - raft.server.rpc.request.timeout = 3000ms (default)
2019-10-14 19:24:11,457 [e449d29f-23ec-4943-8e04-16f349e7a11f@group-7C10719D05E7-LeaderElection12] INFO  server.RaftServerConfigKeys (ConfUtils.java:logGet(43)) - raft.server.log.appender.install.snapshot.enabled = false (custom)
2019-10-14 19:24:11,457 [e449d29f-23ec-4943-8e04-16f349e7a11f@group-7C10719D05E7-LeaderElection12] INFO  server.RaftServerConfigKeys (ConfUtils.java:logGet(43)) - raft.server.log.appender.snapshot.chunk.size.max = 16MB (=16777216) (default)
2019-10-14 19:24:11,457 [e449d29f-23ec-4943-8e04-16f349e7a11f@group-7C10719D05E7-LeaderElection12] INFO  server.RaftServerConfigKeys (ConfUtils.java:logGet(43)) - raft.server.log.appender.buffer.byte-limit = 33554432 (custom)
2019-10-14 19:24:11,457 [e449d29f-23ec-4943-8e04-16f349e7a11f@group-7C10719D05E7-LeaderElection12] INFO  server.RaftServerConfigKeys (ConfUtils.java:logGet(43)) - raft.server.log.appender.buffer.element-limit = 1 (custom)
2019-10-14 19:24:11,457 [e449d29f-23ec-4943-8e04-16f349e7a11f@group-7C10719D05E7-LeaderElection12] INFO  grpc.GrpcConfigKeys$Server (ConfUtils.java:logGet(43)) - raft.grpc.server.leader.outstanding.appends.max = 128 (default)
2019-10-14 19:24:11,457 [e449d29f-23ec-4943-8e04-16f349e7a11f@group-7C10719D05E7-LeaderElection12] INFO  server.RaftServerConfigKeys (ConfUtils.java:logGet(43)) - raft.server.rpc.request.timeout = 3000ms (default)
2019-10-14 19:24:11,458 [e449d29f-23ec-4943-8e04-16f349e7a11f@group-7C10719D05E7-LeaderElection12] INFO  server.RaftServerConfigKeys (ConfUtils.java:logGet(43)) - raft.server.log.appender.install.snapshot.enabled = false (custom)
2019-10-14 19:24:11,458 [e449d29f-23ec-4943-8e04-16f349e7a11f@group-7C10719D05E7-LeaderElection12] INFO  impl.RoleInfo (RoleInfo.java:updateAndGet(143)) - e449d29f-23ec-4943-8e04-16f349e7a11f: start LeaderState
2019-10-14 19:24:11,458 [e449d29f-23ec-4943-8e04-16f349e7a11f@group-7C10719D05E7-LeaderElection12] INFO  segmented.SegmentedRaftLogWorker (SegmentedRaftLogWorker.java:startLogSegment(385)) - e449d29f-23ec-4943-8e04-16f349e7a11f@group-7C10719D05E7-SegmentedRaftLogWorker: Starting segment from index:0
2019-10-14 19:24:11,459 [e449d29f-23ec-4943-8e04-16f349e7a11f@group-7C10719D05E7-LeaderElection12] INFO  impl.RaftServerImpl (ServerState.java:setRaftConf(356)) - e449d29f-23ec-4943-8e04-16f349e7a11f@group-7C10719D05E7: set configuration 0: [867be414-fe82-4697-923b-46e307d25728:192.168.164.219:46006, e449d29f-23ec-4943-8e04-16f349e7a11f:192.168.164.219:34574, a33f834b-b66a-4354-b261-b5dccb079bb7:192.168.164.219:43999], old=null at 0
2019-10-14 19:24:11,495 [grpc-default-executor-3] INFO  ratis.XceiverServerRatis (XceiverServerRatis.java:handleLeaderChangedNotification(702)) - Leader change notification received for group: group-7C10719D05E7 with new leaderId: e449d29f-23ec-4943-8e04-16f349e7a11f
2019-10-14 19:24:11,495 [grpc-default-executor-1] INFO  ratis.XceiverServerRatis (XceiverServerRatis.java:handleLeaderChangedNotification(702)) - Leader change notification received for group: group-7C10719D05E7 with new leaderId: e449d29f-23ec-4943-8e04-16f349e7a11f
2019-10-14 19:24:11,497 [grpc-default-executor-3] INFO  impl.RaftServerImpl (ServerState.java:setLeader(255)) - a33f834b-b66a-4354-b261-b5dccb079bb7@group-7C10719D05E7: change Leader from null to e449d29f-23ec-4943-8e04-16f349e7a11f at term 1 for appendEntries, leader elected after 5175ms
2019-10-14 19:24:11,499 [grpc-default-executor-1] INFO  impl.RaftServerImpl (ServerState.java:setLeader(255)) - 867be414-fe82-4697-923b-46e307d25728@group-7C10719D05E7: change Leader from null to e449d29f-23ec-4943-8e04-16f349e7a11f at term 1 for appendEntries, leader elected after 5175ms
2019-10-14 19:24:11,502 [EventQueue-PipelineReportForPipelineReportHandler] INFO  pipeline.PipelineReportHandler (PipelineReportHandler.java:processPipelineReport(120)) - Pipeline PipelineID=890dd35c-976f-409e-b960-7c10719d05e7 reported by a33f834b-b66a-4354-b261-b5dccb079bb7{ip: 192.168.164.219, host: pr-hdds-1868-cfdmt-251076870, networkLocation: /default-rack, certSerialId: null} with leaderId e449d29f-23ec-4943-8e04-16f349e7a11f
2019-10-14 19:24:11,502 [EventQueue-PipelineReportForPipelineReportHandler] INFO  pipeline.PipelineReportHandler (PipelineReportHandler.java:processPipelineReport(120)) - Pipeline PipelineID=e952a528-4f52-48b7-b845-66a7e58c1d3d reported by a33f834b-b66a-4354-b261-b5dccb079bb7{ip: 192.168.164.219, host: pr-hdds-1868-cfdmt-251076870, networkLocation: /default-rack, certSerialId: null} with leaderId 
2019-10-14 19:24:11,502 [EventQueue-PipelineReportForPipelineReportHandler] INFO  pipeline.PipelineStateManager (PipelineStateManager.java:openPipeline(136)) - Pipeline Pipeline[ Id: e952a528-4f52-48b7-b845-66a7e58c1d3d, Nodes: a33f834b-b66a-4354-b261-b5dccb079bb7{ip: 192.168.164.219, host: pr-hdds-1868-cfdmt-251076870, networkLocation: /default-rack, certSerialId: null}, Type:RATIS, Factor:ONE, State:OPEN] moved to OPEN state
2019-10-14 19:24:11,502 [EventQueue-PipelineReportForPipelineReportHandler] INFO  pipeline.PipelineReportHandler (PipelineReportHandler.java:processPipelineReport(120)) - Pipeline PipelineID=1f50f378-c21e-4b67-99fa-88301bc54e2c reported by 867be414-fe82-4697-923b-46e307d25728{ip: 192.168.164.219, host: pr-hdds-1868-cfdmt-251076870, networkLocation: /default-rack, certSerialId: null} with leaderId 
2019-10-14 19:24:11,502 [EventQueue-PipelineReportForPipelineReportHandler] INFO  pipeline.PipelineStateManager (PipelineStateManager.java:openPipeline(136)) - Pipeline Pipeline[ Id: 1f50f378-c21e-4b67-99fa-88301bc54e2c, Nodes: 867be414-fe82-4697-923b-46e307d25728{ip: 192.168.164.219, host: pr-hdds-1868-cfdmt-251076870, networkLocation: /default-rack, certSerialId: null}, Type:RATIS, Factor:ONE, State:OPEN] moved to OPEN state
2019-10-14 19:24:11,502 [EventQueue-PipelineReportForPipelineReportHandler] INFO  pipeline.PipelineReportHandler (PipelineReportHandler.java:processPipelineReport(120)) - Pipeline PipelineID=890dd35c-976f-409e-b960-7c10719d05e7 reported by 867be414-fe82-4697-923b-46e307d25728{ip: 192.168.164.219, host: pr-hdds-1868-cfdmt-251076870, networkLocation: /default-rack, certSerialId: null} with leaderId e449d29f-23ec-4943-8e04-16f349e7a11f
2019-10-14 19:24:11,502 [EventQueue-PipelineReportForPipelineReportHandler] INFO  pipeline.PipelineStateManager (PipelineStateManager.java:openPipeline(136)) - Pipeline Pipeline[ Id: 890dd35c-976f-409e-b960-7c10719d05e7, Nodes: e449d29f-23ec-4943-8e04-16f349e7a11f{ip: 192.168.164.219, host: pr-hdds-1868-cfdmt-251076870, networkLocation: /default-rack, certSerialId: null}a33f834b-b66a-4354-b261-b5dccb079bb7{ip: 192.168.164.219, host: pr-hdds-1868-cfdmt-251076870, networkLocation: /default-rack, certSerialId: null}867be414-fe82-4697-923b-46e307d25728{ip: 192.168.164.219, host: pr-hdds-1868-cfdmt-251076870, networkLocation: /default-rack, certSerialId: null}, Type:RATIS, Factor:THREE, State:OPEN] moved to OPEN state
2019-10-14 19:24:11,503 [grpc-default-executor-3] INFO  impl.RaftServerImpl (ServerState.java:setRaftConf(356)) - 867be414-fe82-4697-923b-46e307d25728@group-7C10719D05E7: set configuration 0: [867be414-fe82-4697-923b-46e307d25728:192.168.164.219:46006, e449d29f-23ec-4943-8e04-16f349e7a11f:192.168.164.219:34574, a33f834b-b66a-4354-b261-b5dccb079bb7:192.168.164.219:43999], old=null at 0
2019-10-14 19:24:11,503 [grpc-default-executor-1] INFO  impl.RaftServerImpl (ServerState.java:setRaftConf(356)) - a33f834b-b66a-4354-b261-b5dccb079bb7@group-7C10719D05E7: set configuration 0: [867be414-fe82-4697-923b-46e307d25728:192.168.164.219:46006, e449d29f-23ec-4943-8e04-16f349e7a11f:192.168.164.219:34574, a33f834b-b66a-4354-b261-b5dccb079bb7:192.168.164.219:43999], old=null at 0
2019-10-14 19:24:11,505 [grpc-default-executor-3] INFO  segmented.SegmentedRaftLogWorker (SegmentedRaftLogWorker.java:startLogSegment(385)) - 867be414-fe82-4697-923b-46e307d25728@group-7C10719D05E7-SegmentedRaftLogWorker: Starting segment from index:0
2019-10-14 19:24:11,505 [grpc-default-executor-1] INFO  segmented.SegmentedRaftLogWorker (SegmentedRaftLogWorker.java:startLogSegment(385)) - a33f834b-b66a-4354-b261-b5dccb079bb7@group-7C10719D05E7-SegmentedRaftLogWorker: Starting segment from index:0
2019-10-14 19:24:11,506 [e449d29f-23ec-4943-8e04-16f349e7a11f@group-7C10719D05E7-SegmentedRaftLogWorker] INFO  segmented.SegmentedRaftLogWorker (SegmentedRaftLogWorker.java:execute(576)) - e449d29f-23ec-4943-8e04-16f349e7a11f@group-7C10719D05E7-SegmentedRaftLogWorker: created new log segment /workdir/hadoop-ozone/integration-test/target/test-dir/MiniOzoneClusterImpl-d886f0db-47f2-4bc5-8f88-b8b0eb7c8529/datanode-6/data/ratis/890dd35c-976f-409e-b960-7c10719d05e7/current/log_inprogress_0
2019-10-14 19:24:11,514 [Thread-762] INFO  impl.FollowerState (FollowerState.java:run(108)) - e449d29f-23ec-4943-8e04-16f349e7a11f@group-0AE4D58E3260-FollowerState: change to CANDIDATE, lastRpcTime:5099ms, electionTimeout:5099ms
2019-10-14 19:24:11,514 [Thread-762] INFO  impl.RoleInfo (RoleInfo.java:shutdownFollowerState(121)) - e449d29f-23ec-4943-8e04-16f349e7a11f: shutdown FollowerState
2019-10-14 19:24:11,514 [Thread-762] INFO  impl.RaftServerImpl (RaftServerImpl.java:setRole(170)) - e449d29f-23ec-4943-8e04-16f349e7a11f@group-0AE4D58E3260: changes role from  FOLLOWER to CANDIDATE at term 0 for changeToCandidate
2019-10-14 19:24:11,514 [Thread-762] INFO  impl.RoleInfo (RoleInfo.java:updateAndGet(143)) - e449d29f-23ec-4943-8e04-16f349e7a11f: start LeaderElection
2019-10-14 19:24:11,556 [867be414-fe82-4697-923b-46e307d25728@group-7C10719D05E7-SegmentedRaftLogWorker] INFO  segmented.SegmentedRaftLogWorker (SegmentedRaftLogWorker.java:execute(576)) - 867be414-fe82-4697-923b-46e307d25728@group-7C10719D05E7-SegmentedRaftLogWorker: created new log segment /workdir/hadoop-ozone/integration-test/target/test-dir/MiniOzoneClusterImpl-d886f0db-47f2-4bc5-8f88-b8b0eb7c8529/datanode-5/data/ratis/890dd35c-976f-409e-b960-7c10719d05e7/current/log_inprogress_0
2019-10-14 19:24:11,556 [e449d29f-23ec-4943-8e04-16f349e7a11f@group-0AE4D58E3260-LeaderElection13] INFO  impl.LeaderElection (LeaderElection.java:askForVotes(178)) - e449d29f-23ec-4943-8e04-16f349e7a11f@group-0AE4D58E3260-LeaderElection13: begin an election at term 1 for -1: [e449d29f-23ec-4943-8e04-16f349e7a11f:192.168.164.219:34574], old=null
2019-10-14 19:24:11,556 [a33f834b-b66a-4354-b261-b5dccb079bb7@group-7C10719D05E7-SegmentedRaftLogWorker] INFO  segmented.SegmentedRaftLogWorker (SegmentedRaftLogWorker.java:execute(576)) - a33f834b-b66a-4354-b261-b5dccb079bb7@group-7C10719D05E7-SegmentedRaftLogWorker: created new log segment /workdir/hadoop-ozone/integration-test/target/test-dir/MiniOzoneClusterImpl-d886f0db-47f2-4bc5-8f88-b8b0eb7c8529/datanode-2/data/ratis/890dd35c-976f-409e-b960-7c10719d05e7/current/log_inprogress_0
2019-10-14 19:24:11,557 [e449d29f-23ec-4943-8e04-16f349e7a11f@group-0AE4D58E3260-LeaderElection13] INFO  impl.RoleInfo (RoleInfo.java:shutdownLeaderElection(134)) - e449d29f-23ec-4943-8e04-16f349e7a11f: shutdown LeaderElection
2019-10-14 19:24:11,557 [e449d29f-23ec-4943-8e04-16f349e7a11f@group-0AE4D58E3260-LeaderElection13] INFO  impl.RaftServerImpl (RaftServerImpl.java:setRole(170)) - e449d29f-23ec-4943-8e04-16f349e7a11f@group-0AE4D58E3260: changes role from CANDIDATE to LEADER at term 1 for changeToLeader
2019-10-14 19:24:11,557 [e449d29f-23ec-4943-8e04-16f349e7a11f@group-0AE4D58E3260-LeaderElection13] INFO  ratis.XceiverServerRatis (XceiverServerRatis.java:handleLeaderChangedNotification(702)) - Leader change notification received for group: group-0AE4D58E3260 with new leaderId: e449d29f-23ec-4943-8e04-16f349e7a11f
2019-10-14 19:24:11,557 [e449d29f-23ec-4943-8e04-16f349e7a11f@group-0AE4D58E3260-LeaderElection13] INFO  impl.RaftServerImpl (ServerState.java:setLeader(255)) - e449d29f-23ec-4943-8e04-16f349e7a11f@group-0AE4D58E3260: change Leader from null to e449d29f-23ec-4943-8e04-16f349e7a11f at term 1 for becomeLeader, leader elected after 5147ms
2019-10-14 19:24:11,557 [e449d29f-23ec-4943-8e04-16f349e7a11f@group-0AE4D58E3260-LeaderElection13] INFO  server.RaftServerConfigKeys (ConfUtils.java:logGet(43)) - raft.server.staging.catchup.gap = 1000 (default)
2019-10-14 19:24:11,557 [e449d29f-23ec-4943-8e04-16f349e7a11f@group-0AE4D58E3260-LeaderElection13] INFO  server.RaftServerConfigKeys (ConfUtils.java:logGet(43)) - raft.server.rpc.sleep.time = 25ms (default)
2019-10-14 19:24:11,558 [e449d29f-23ec-4943-8e04-16f349e7a11f@group-0AE4D58E3260-LeaderElection13] INFO  server.RaftServerConfigKeys (ConfUtils.java:logGet(43)) - raft.server.write.element-limit = 4096 (default)
2019-10-14 19:24:11,558 [e449d29f-23ec-4943-8e04-16f349e7a11f@group-0AE4D58E3260-LeaderElection13] INFO  server.RaftServerConfigKeys (ConfUtils.java:logGet(43)) - raft.server.watch.timeout = 10s (default)
2019-10-14 19:24:11,558 [e449d29f-23ec-4943-8e04-16f349e7a11f@group-0AE4D58E3260-LeaderElection13] INFO  server.RaftServerConfigKeys (ConfUtils.java:logGet(43)) - raft.server.watch.timeout.denomination = 1s (default)
2019-10-14 19:24:11,558 [e449d29f-23ec-4943-8e04-16f349e7a11f@group-0AE4D58E3260-LeaderElection13] INFO  server.RaftServerConfigKeys (ConfUtils.java:logGet(43)) - raft.server.watch.element-limit = 65536 (default)
2019-10-14 19:24:11,560 [e449d29f-23ec-4943-8e04-16f349e7a11f@group-0AE4D58E3260-LeaderElection13] INFO  impl.RoleInfo (RoleInfo.java:updateAndGet(143)) - e449d29f-23ec-4943-8e04-16f349e7a11f: start LeaderState
2019-10-14 19:24:11,560 [e449d29f-23ec-4943-8e04-16f349e7a11f@group-0AE4D58E3260-LeaderElection13] INFO  segmented.SegmentedRaftLogWorker (SegmentedRaftLogWorker.java:startLogSegment(385)) - e449d29f-23ec-4943-8e04-16f349e7a11f@group-0AE4D58E3260-SegmentedRaftLogWorker: Starting segment from index:0
2019-10-14 19:24:11,561 [e449d29f-23ec-4943-8e04-16f349e7a11f@group-0AE4D58E3260-LeaderElection13] INFO  impl.RaftServerImpl (ServerState.java:setRaftConf(356)) - e449d29f-23ec-4943-8e04-16f349e7a11f@group-0AE4D58E3260: set configuration 0: [e449d29f-23ec-4943-8e04-16f349e7a11f:192.168.164.219:34574], old=null at 0
2019-10-14 19:24:11,621 [e449d29f-23ec-4943-8e04-16f349e7a11f@group-0AE4D58E3260-SegmentedRaftLogWorker] INFO  segmented.SegmentedRaftLogWorker (SegmentedRaftLogWorker.java:execute(576)) - e449d29f-23ec-4943-8e04-16f349e7a11f@group-0AE4D58E3260-SegmentedRaftLogWorker: created new log segment /workdir/hadoop-ozone/integration-test/target/test-dir/MiniOzoneClusterImpl-d886f0db-47f2-4bc5-8f88-b8b0eb7c8529/datanode-6/data/ratis/38b3c63c-6128-4fc0-84cc-0ae4d58e3260/current/log_inprogress_0
2019-10-14 19:24:11,680 [Thread-770] INFO  impl.FollowerState (FollowerState.java:run(108)) - 3fb132f9-3c35-4373-99da-83b8979a28e0@group-B39B9A62A6C3-FollowerState: change to CANDIDATE, lastRpcTime:5093ms, electionTimeout:5093ms
2019-10-14 19:24:11,681 [Thread-770] INFO  impl.RoleInfo (RoleInfo.java:shutdownFollowerState(121)) - 3fb132f9-3c35-4373-99da-83b8979a28e0: shutdown FollowerState
2019-10-14 19:24:11,681 [Thread-770] INFO  impl.RaftServerImpl (RaftServerImpl.java:setRole(170)) - 3fb132f9-3c35-4373-99da-83b8979a28e0@group-B39B9A62A6C3: changes role from  FOLLOWER to CANDIDATE at term 0 for changeToCandidate
2019-10-14 19:24:11,681 [Thread-770] INFO  impl.RoleInfo (RoleInfo.java:updateAndGet(143)) - 3fb132f9-3c35-4373-99da-83b8979a28e0: start LeaderElection
2019-10-14 19:24:11,717 [Thread-772] INFO  impl.FollowerState (FollowerState.java:run(108)) - 667ab7f6-1304-4576-8065-ee21422d46c2@group-B39B9A62A6C3-FollowerState: change to CANDIDATE, lastRpcTime:5129ms, electionTimeout:5120ms
2019-10-14 19:24:11,718 [Thread-772] INFO  impl.RoleInfo (RoleInfo.java:shutdownFollowerState(121)) - 667ab7f6-1304-4576-8065-ee21422d46c2: shutdown FollowerState
2019-10-14 19:24:11,718 [Thread-772] INFO  impl.RaftServerImpl (RaftServerImpl.java:setRole(170)) - 667ab7f6-1304-4576-8065-ee21422d46c2@group-B39B9A62A6C3: changes role from  FOLLOWER to CANDIDATE at term 0 for changeToCandidate
2019-10-14 19:24:11,718 [Thread-772] INFO  impl.RoleInfo (RoleInfo.java:updateAndGet(143)) - 667ab7f6-1304-4576-8065-ee21422d46c2: start LeaderElection
2019-10-14 19:24:11,734 [3fb132f9-3c35-4373-99da-83b8979a28e0@group-B39B9A62A6C3-LeaderElection14] INFO  impl.LeaderElection (LeaderElection.java:askForVotes(178)) - 3fb132f9-3c35-4373-99da-83b8979a28e0@group-B39B9A62A6C3-LeaderElection14: begin an election at term 1 for -1: [01449a64-8d93-448f-af9d-a56c36523a6d:192.168.164.219:35434, 667ab7f6-1304-4576-8065-ee21422d46c2:192.168.164.219:43837, 3fb132f9-3c35-4373-99da-83b8979a28e0:192.168.164.219:45592], old=null
2019-10-14 19:24:11,739 [grpc-default-executor-1] INFO  impl.RaftServerImpl (RaftServerImpl.java:setRole(170)) - 01449a64-8d93-448f-af9d-a56c36523a6d@group-B39B9A62A6C3: changes role from  FOLLOWER to FOLLOWER at term 1 for recognizeCandidate:3fb132f9-3c35-4373-99da-83b8979a28e0
2019-10-14 19:24:11,740 [grpc-default-executor-1] INFO  impl.RoleInfo (RoleInfo.java:shutdownFollowerState(121)) - 01449a64-8d93-448f-af9d-a56c36523a6d: shutdown FollowerState
2019-10-14 19:24:11,740 [grpc-default-executor-1] INFO  impl.RoleInfo (RoleInfo.java:updateAndGet(143)) - 01449a64-8d93-448f-af9d-a56c36523a6d: start FollowerState
2019-10-14 19:24:11,740 [Thread-771] INFO  impl.FollowerState (FollowerState.java:run(117)) - 01449a64-8d93-448f-af9d-a56c36523a6d@group-B39B9A62A6C3-FollowerState was interrupted: java.lang.InterruptedException: sleep interrupted
2019-10-14 19:24:11,741 [Thread-778] INFO  impl.FollowerState (FollowerState.java:run(108)) - 667ab7f6-1304-4576-8065-ee21422d46c2@group-E13DF2A05D7E-FollowerState: change to CANDIDATE, lastRpcTime:5049ms, electionTimeout:5049ms
2019-10-14 19:24:11,741 [Thread-778] INFO  impl.RoleInfo (RoleInfo.java:shutdownFollowerState(121)) - 667ab7f6-1304-4576-8065-ee21422d46c2: shutdown FollowerState
2019-10-14 19:24:11,741 [Thread-778] INFO  impl.RaftServerImpl (RaftServerImpl.java:setRole(170)) - 667ab7f6-1304-4576-8065-ee21422d46c2@group-E13DF2A05D7E: changes role from  FOLLOWER to CANDIDATE at term 0 for changeToCandidate
2019-10-14 19:24:11,742 [Thread-778] INFO  impl.RoleInfo (RoleInfo.java:updateAndGet(143)) - 667ab7f6-1304-4576-8065-ee21422d46c2: start LeaderElection
2019-10-14 19:24:11,751 [667ab7f6-1304-4576-8065-ee21422d46c2@group-B39B9A62A6C3-LeaderElection15] INFO  impl.LeaderElection (LeaderElection.java:askForVotes(178)) - 667ab7f6-1304-4576-8065-ee21422d46c2@group-B39B9A62A6C3-LeaderElection15: begin an election at term 1 for -1: [01449a64-8d93-448f-af9d-a56c36523a6d:192.168.164.219:35434, 667ab7f6-1304-4576-8065-ee21422d46c2:192.168.164.219:43837, 3fb132f9-3c35-4373-99da-83b8979a28e0:192.168.164.219:45592], old=null
2019-10-14 19:24:11,768 [667ab7f6-1304-4576-8065-ee21422d46c2@group-E13DF2A05D7E-LeaderElection16] INFO  impl.LeaderElection (LeaderElection.java:askForVotes(178)) - 667ab7f6-1304-4576-8065-ee21422d46c2@group-E13DF2A05D7E-LeaderElection16: begin an election at term 1 for -1: [667ab7f6-1304-4576-8065-ee21422d46c2:192.168.164.219:43837], old=null
2019-10-14 19:24:11,771 [667ab7f6-1304-4576-8065-ee21422d46c2@group-E13DF2A05D7E-LeaderElection16] INFO  impl.RoleInfo (RoleInfo.java:shutdownLeaderElection(134)) - 667ab7f6-1304-4576-8065-ee21422d46c2: shutdown LeaderElection
2019-10-14 19:24:11,771 [667ab7f6-1304-4576-8065-ee21422d46c2@group-E13DF2A05D7E-LeaderElection16] INFO  impl.RaftServerImpl (RaftServerImpl.java:setRole(170)) - 667ab7f6-1304-4576-8065-ee21422d46c2@group-E13DF2A05D7E: changes role from CANDIDATE to LEADER at term 1 for changeToLeader
2019-10-14 19:24:11,771 [667ab7f6-1304-4576-8065-ee21422d46c2@group-E13DF2A05D7E-LeaderElection16] INFO  ratis.XceiverServerRatis (XceiverServerRatis.java:handleLeaderChangedNotification(702)) - Leader change notification received for group: group-E13DF2A05D7E with new leaderId: 667ab7f6-1304-4576-8065-ee21422d46c2
2019-10-14 19:24:11,775 [667ab7f6-1304-4576-8065-ee21422d46c2@group-E13DF2A05D7E-LeaderElection16] INFO  impl.RaftServerImpl (ServerState.java:setLeader(255)) - 667ab7f6-1304-4576-8065-ee21422d46c2@group-E13DF2A05D7E: change Leader from null to 667ab7f6-1304-4576-8065-ee21422d46c2 at term 1 for becomeLeader, leader elected after 5085ms
2019-10-14 19:24:11,775 [3fb132f9-3c35-4373-99da-83b8979a28e0@group-B39B9A62A6C3-LeaderElection14] INFO  impl.LeaderElection (LeaderElection.java:logAndReturn(56)) - 3fb132f9-3c35-4373-99da-83b8979a28e0@group-B39B9A62A6C3-LeaderElection14: Election PASSED; received 2 response(s) [3fb132f9-3c35-4373-99da-83b8979a28e0<-01449a64-8d93-448f-af9d-a56c36523a6d#0:OK-t1, 3fb132f9-3c35-4373-99da-83b8979a28e0<-667ab7f6-1304-4576-8065-ee21422d46c2#0:FAIL-t1] and 0 exception(s); 3fb132f9-3c35-4373-99da-83b8979a28e0@group-B39B9A62A6C3:t1, leader=null, voted=3fb132f9-3c35-4373-99da-83b8979a28e0, raftlog=3fb132f9-3c35-4373-99da-83b8979a28e0@group-B39B9A62A6C3-SegmentedRaftLog:OPENED:c-1,f-1,i0, conf=-1: [01449a64-8d93-448f-af9d-a56c36523a6d:192.168.164.219:35434, 667ab7f6-1304-4576-8065-ee21422d46c2:192.168.164.219:43837, 3fb132f9-3c35-4373-99da-83b8979a28e0:192.168.164.219:45592], old=null
2019-10-14 19:24:11,776 [667ab7f6-1304-4576-8065-ee21422d46c2@group-E13DF2A05D7E-LeaderElection16] INFO  server.RaftServerConfigKeys (ConfUtils.java:logGet(43)) - raft.server.staging.catchup.gap = 1000 (default)
2019-10-14 19:24:11,776 [3fb132f9-3c35-4373-99da-83b8979a28e0@group-B39B9A62A6C3-LeaderElection14] INFO  impl.RoleInfo (RoleInfo.java:shutdownLeaderElection(134)) - 3fb132f9-3c35-4373-99da-83b8979a28e0: shutdown LeaderElection
2019-10-14 19:24:11,778 [3fb132f9-3c35-4373-99da-83b8979a28e0@group-B39B9A62A6C3-LeaderElection14] INFO  impl.RaftServerImpl (RaftServerImpl.java:setRole(170)) - 3fb132f9-3c35-4373-99da-83b8979a28e0@group-B39B9A62A6C3: changes role from CANDIDATE to LEADER at term 1 for changeToLeader
2019-10-14 19:24:11,777 [667ab7f6-1304-4576-8065-ee21422d46c2@group-E13DF2A05D7E-LeaderElection16] INFO  server.RaftServerConfigKeys (ConfUtils.java:logGet(43)) - raft.server.rpc.sleep.time = 25ms (default)
2019-10-14 19:24:11,778 [667ab7f6-1304-4576-8065-ee21422d46c2@group-B39B9A62A6C3-LeaderElection15] INFO  impl.LeaderElection (LeaderElection.java:logAndReturn(56)) - 667ab7f6-1304-4576-8065-ee21422d46c2@group-B39B9A62A6C3-LeaderElection15: Election REJECTED; received 2 response(s) [667ab7f6-1304-4576-8065-ee21422d46c2<-01449a64-8d93-448f-af9d-a56c36523a6d#0:FAIL-t1, 667ab7f6-1304-4576-8065-ee21422d46c2<-3fb132f9-3c35-4373-99da-83b8979a28e0#0:FAIL-t1] and 0 exception(s); 667ab7f6-1304-4576-8065-ee21422d46c2@group-B39B9A62A6C3:t1, leader=null, voted=667ab7f6-1304-4576-8065-ee21422d46c2, raftlog=667ab7f6-1304-4576-8065-ee21422d46c2@group-B39B9A62A6C3-SegmentedRaftLog:OPENED:c-1,f-1,i0, conf=-1: [01449a64-8d93-448f-af9d-a56c36523a6d:192.168.164.219:35434, 667ab7f6-1304-4576-8065-ee21422d46c2:192.168.164.219:43837, 3fb132f9-3c35-4373-99da-83b8979a28e0:192.168.164.219:45592], old=null
2019-10-14 19:24:11,778 [3fb132f9-3c35-4373-99da-83b8979a28e0@group-B39B9A62A6C3-LeaderElection14] INFO  ratis.XceiverServerRatis (XceiverServerRatis.java:handleLeaderChangedNotification(702)) - Leader change notification received for group: group-B39B9A62A6C3 with new leaderId: 3fb132f9-3c35-4373-99da-83b8979a28e0
2019-10-14 19:24:11,779 [667ab7f6-1304-4576-8065-ee21422d46c2@group-B39B9A62A6C3-LeaderElection15] INFO  impl.RaftServerImpl (RaftServerImpl.java:setRole(170)) - 667ab7f6-1304-4576-8065-ee21422d46c2@group-B39B9A62A6C3: changes role from CANDIDATE to FOLLOWER at term 1 for DISCOVERED_A_NEW_TERM
2019-10-14 19:24:11,779 [667ab7f6-1304-4576-8065-ee21422d46c2@group-E13DF2A05D7E-LeaderElection16] INFO  server.RaftServerConfigKeys (ConfUtils.java:logGet(43)) - raft.server.write.element-limit = 4096 (default)
2019-10-14 19:24:11,782 [667ab7f6-1304-4576-8065-ee21422d46c2@group-B39B9A62A6C3-LeaderElection15] INFO  impl.RoleInfo (RoleInfo.java:shutdownLeaderElection(134)) - 667ab7f6-1304-4576-8065-ee21422d46c2: shutdown LeaderElection
2019-10-14 19:24:11,782 [EventQueue-PipelineReportForPipelineReportHandler] INFO  pipeline.PipelineReportHandler (PipelineReportHandler.java:processPipelineReport(120)) - Pipeline PipelineID=98a6c358-ee1e-44a3-b441-e13df2a05d7e reported by 667ab7f6-1304-4576-8065-ee21422d46c2{ip: 192.168.164.219, host: pr-hdds-1868-cfdmt-251076870, networkLocation: /default-rack, certSerialId: null} with leaderId 667ab7f6-1304-4576-8065-ee21422d46c2
2019-10-14 19:24:11,782 [3fb132f9-3c35-4373-99da-83b8979a28e0@group-B39B9A62A6C3-LeaderElection14] INFO  impl.RaftServerImpl (ServerState.java:setLeader(255)) - 3fb132f9-3c35-4373-99da-83b8979a28e0@group-B39B9A62A6C3: change Leader from null to 3fb132f9-3c35-4373-99da-83b8979a28e0 at term 1 for becomeLeader, leader elected after 5201ms
2019-10-14 19:24:11,782 [EventQueue-PipelineReportForPipelineReportHandler] INFO  pipeline.PipelineStateManager (PipelineStateManager.java:openPipeline(136)) - Pipeline Pipeline[ Id: 98a6c358-ee1e-44a3-b441-e13df2a05d7e, Nodes: 667ab7f6-1304-4576-8065-ee21422d46c2{ip: 192.168.164.219, host: pr-hdds-1868-cfdmt-251076870, networkLocation: /default-rack, certSerialId: null}, Type:RATIS, Factor:ONE, State:OPEN] moved to OPEN state
2019-10-14 19:24:11,782 [667ab7f6-1304-4576-8065-ee21422d46c2@group-B39B9A62A6C3-LeaderElection15] INFO  impl.RoleInfo (RoleInfo.java:updateAndGet(143)) - 667ab7f6-1304-4576-8065-ee21422d46c2: start FollowerState
2019-10-14 19:24:11,782 [667ab7f6-1304-4576-8065-ee21422d46c2@group-E13DF2A05D7E-LeaderElection16] INFO  server.RaftServerConfigKeys (ConfUtils.java:logGet(43)) - raft.server.watch.timeout = 10s (default)
2019-10-14 19:24:11,784 [EventQueue-PipelineReportForPipelineReportHandler] INFO  pipeline.PipelineReportHandler (PipelineReportHandler.java:processPipelineReport(120)) - Pipeline PipelineID=44a7066d-62bb-4733-afe1-b39b9a62a6c3 reported by 667ab7f6-1304-4576-8065-ee21422d46c2{ip: 192.168.164.219, host: pr-hdds-1868-cfdmt-251076870, networkLocation: /default-rack, certSerialId: null} with leaderId 
2019-10-14 19:24:11,784 [3fb132f9-3c35-4373-99da-83b8979a28e0@group-B39B9A62A6C3-LeaderElection14] INFO  server.RaftServerConfigKeys (ConfUtils.java:logGet(43)) - raft.server.staging.catchup.gap = 1000 (default)
2019-10-14 19:24:11,784 [EventQueue-PipelineReportForPipelineReportHandler] INFO  pipeline.PipelineReportHandler (PipelineReportHandler.java:processPipelineReport(120)) - Pipeline PipelineID=44a7066d-62bb-4733-afe1-b39b9a62a6c3 reported by 3fb132f9-3c35-4373-99da-83b8979a28e0{ip: 192.168.164.219, host: pr-hdds-1868-cfdmt-251076870, networkLocation: /default-rack, certSerialId: null} with leaderId 3fb132f9-3c35-4373-99da-83b8979a28e0
2019-10-14 19:24:11,784 [667ab7f6-1304-4576-8065-ee21422d46c2@group-E13DF2A05D7E-LeaderElection16] INFO  server.RaftServerConfigKeys (ConfUtils.java:logGet(43)) - raft.server.watch.timeout.denomination = 1s (default)
2019-10-14 19:24:11,785 [EventQueue-PipelineReportForPipelineReportHandler] INFO  pipeline.PipelineReportHandler (PipelineReportHandler.java:processPipelineReport(120)) - Pipeline PipelineID=c7b9cf3e-689a-407a-8281-f85a84f11c30 reported by 3fb132f9-3c35-4373-99da-83b8979a28e0{ip: 192.168.164.219, host: pr-hdds-1868-cfdmt-251076870, networkLocation: /default-rack, certSerialId: null} with leaderId 
2019-10-14 19:24:11,785 [3fb132f9-3c35-4373-99da-83b8979a28e0@group-B39B9A62A6C3-LeaderElection14] INFO  server.RaftServerConfigKeys (ConfUtils.java:logGet(43)) - raft.server.rpc.sleep.time = 25ms (default)
2019-10-14 19:24:11,785 [EventQueue-PipelineReportForPipelineReportHandler] INFO  pipeline.PipelineStateManager (PipelineStateManager.java:openPipeline(136)) - Pipeline Pipeline[ Id: c7b9cf3e-689a-407a-8281-f85a84f11c30, Nodes: 3fb132f9-3c35-4373-99da-83b8979a28e0{ip: 192.168.164.219, host: pr-hdds-1868-cfdmt-251076870, networkLocation: /default-rack, certSerialId: null}, Type:RATIS, Factor:ONE, State:OPEN] moved to OPEN state
2019-10-14 19:24:11,785 [667ab7f6-1304-4576-8065-ee21422d46c2@group-E13DF2A05D7E-LeaderElection16] INFO  server.RaftServerConfigKeys (ConfUtils.java:logGet(43)) - raft.server.watch.element-limit = 65536 (default)
2019-10-14 19:24:11,785 [3fb132f9-3c35-4373-99da-83b8979a28e0@group-B39B9A62A6C3-LeaderElection14] INFO  server.RaftServerConfigKeys (ConfUtils.java:logGet(43)) - raft.server.write.element-limit = 4096 (default)
2019-10-14 19:24:11,786 [3fb132f9-3c35-4373-99da-83b8979a28e0@group-B39B9A62A6C3-LeaderElection14] INFO  server.RaftServerConfigKeys (ConfUtils.java:logGet(43)) - raft.server.watch.timeout = 10s (default)
2019-10-14 19:24:11,786 [3fb132f9-3c35-4373-99da-83b8979a28e0@group-B39B9A62A6C3-LeaderElection14] INFO  server.RaftServerConfigKeys (ConfUtils.java:logGet(43)) - raft.server.watch.timeout.denomination = 1s (default)
2019-10-14 19:24:11,786 [3fb132f9-3c35-4373-99da-83b8979a28e0@group-B39B9A62A6C3-LeaderElection14] INFO  server.RaftServerConfigKeys (ConfUtils.java:logGet(43)) - raft.server.watch.element-limit = 65536 (default)
2019-10-14 19:24:11,788 [667ab7f6-1304-4576-8065-ee21422d46c2@group-E13DF2A05D7E-LeaderElection16] INFO  impl.RoleInfo (RoleInfo.java:updateAndGet(143)) - 667ab7f6-1304-4576-8065-ee21422d46c2: start LeaderState
2019-10-14 19:24:11,788 [667ab7f6-1304-4576-8065-ee21422d46c2@group-E13DF2A05D7E-LeaderElection16] INFO  segmented.SegmentedRaftLogWorker (SegmentedRaftLogWorker.java:startLogSegment(385)) - 667ab7f6-1304-4576-8065-ee21422d46c2@group-E13DF2A05D7E-SegmentedRaftLogWorker: Starting segment from index:0
2019-10-14 19:24:11,788 [3fb132f9-3c35-4373-99da-83b8979a28e0@group-B39B9A62A6C3-LeaderElection14] INFO  server.RaftServerConfigKeys (ConfUtils.java:logGet(43)) - raft.server.log.appender.snapshot.chunk.size.max = 16MB (=16777216) (default)
2019-10-14 19:24:11,789 [3fb132f9-3c35-4373-99da-83b8979a28e0@group-B39B9A62A6C3-LeaderElection14] INFO  server.RaftServerConfigKeys (ConfUtils.java:logGet(43)) - raft.server.log.appender.buffer.byte-limit = 33554432 (custom)
2019-10-14 19:24:11,789 [667ab7f6-1304-4576-8065-ee21422d46c2@group-E13DF2A05D7E-LeaderElection16] INFO  impl.RaftServerImpl (ServerState.java:setRaftConf(356)) - 667ab7f6-1304-4576-8065-ee21422d46c2@group-E13DF2A05D7E: set configuration 0: [667ab7f6-1304-4576-8065-ee21422d46c2:192.168.164.219:43837], old=null at 0
2019-10-14 19:24:11,789 [3fb132f9-3c35-4373-99da-83b8979a28e0@group-B39B9A62A6C3-LeaderElection14] INFO  server.RaftServerConfigKeys (ConfUtils.java:logGet(43)) - raft.server.log.appender.buffer.element-limit = 1 (custom)
2019-10-14 19:24:11,828 [3fb132f9-3c35-4373-99da-83b8979a28e0@group-B39B9A62A6C3-LeaderElection14] INFO  grpc.GrpcConfigKeys$Server (ConfUtils.java:logGet(43)) - raft.grpc.server.leader.outstanding.appends.max = 128 (default)
2019-10-14 19:24:11,828 [3fb132f9-3c35-4373-99da-83b8979a28e0@group-B39B9A62A6C3-LeaderElection14] INFO  server.RaftServerConfigKeys (ConfUtils.java:logGet(43)) - raft.server.rpc.request.timeout = 3000ms (default)
2019-10-14 19:24:11,828 [3fb132f9-3c35-4373-99da-83b8979a28e0@group-B39B9A62A6C3-LeaderElection14] INFO  server.RaftServerConfigKeys (ConfUtils.java:logGet(43)) - raft.server.log.appender.install.snapshot.enabled = false (custom)
2019-10-14 19:24:11,829 [3fb132f9-3c35-4373-99da-83b8979a28e0@group-B39B9A62A6C3-LeaderElection14] INFO  server.RaftServerConfigKeys (ConfUtils.java:logGet(43)) - raft.server.log.appender.snapshot.chunk.size.max = 16MB (=16777216) (default)
2019-10-14 19:24:11,829 [3fb132f9-3c35-4373-99da-83b8979a28e0@group-B39B9A62A6C3-LeaderElection14] INFO  server.RaftServerConfigKeys (ConfUtils.java:logGet(43)) - raft.server.log.appender.buffer.byte-limit = 33554432 (custom)
2019-10-14 19:24:11,829 [3fb132f9-3c35-4373-99da-83b8979a28e0@group-B39B9A62A6C3-LeaderElection14] INFO  server.RaftServerConfigKeys (ConfUtils.java:logGet(43)) - raft.server.log.appender.buffer.element-limit = 1 (custom)
2019-10-14 19:24:11,829 [3fb132f9-3c35-4373-99da-83b8979a28e0@group-B39B9A62A6C3-LeaderElection14] INFO  grpc.GrpcConfigKeys$Server (ConfUtils.java:logGet(43)) - raft.grpc.server.leader.outstanding.appends.max = 128 (default)
2019-10-14 19:24:11,830 [3fb132f9-3c35-4373-99da-83b8979a28e0@group-B39B9A62A6C3-LeaderElection14] INFO  server.RaftServerConfigKeys (ConfUtils.java:logGet(43)) - raft.server.rpc.request.timeout = 3000ms (default)
2019-10-14 19:24:11,830 [3fb132f9-3c35-4373-99da-83b8979a28e0@group-B39B9A62A6C3-LeaderElection14] INFO  server.RaftServerConfigKeys (ConfUtils.java:logGet(43)) - raft.server.log.appender.install.snapshot.enabled = false (custom)
2019-10-14 19:24:11,830 [3fb132f9-3c35-4373-99da-83b8979a28e0@group-B39B9A62A6C3-LeaderElection14] INFO  impl.RoleInfo (RoleInfo.java:updateAndGet(143)) - 3fb132f9-3c35-4373-99da-83b8979a28e0: start LeaderState
2019-10-14 19:24:11,831 [3fb132f9-3c35-4373-99da-83b8979a28e0@group-B39B9A62A6C3-LeaderElection14] INFO  segmented.SegmentedRaftLogWorker (SegmentedRaftLogWorker.java:startLogSegment(385)) - 3fb132f9-3c35-4373-99da-83b8979a28e0@group-B39B9A62A6C3-SegmentedRaftLogWorker: Starting segment from index:0
2019-10-14 19:24:11,832 [3fb132f9-3c35-4373-99da-83b8979a28e0@group-B39B9A62A6C3-LeaderElection14] INFO  impl.RaftServerImpl (ServerState.java:setRaftConf(356)) - 3fb132f9-3c35-4373-99da-83b8979a28e0@group-B39B9A62A6C3: set configuration 0: [01449a64-8d93-448f-af9d-a56c36523a6d:192.168.164.219:35434, 667ab7f6-1304-4576-8065-ee21422d46c2:192.168.164.219:43837, 3fb132f9-3c35-4373-99da-83b8979a28e0:192.168.164.219:45592], old=null at 0
2019-10-14 19:24:11,834 [grpc-default-executor-1] INFO  ratis.XceiverServerRatis (XceiverServerRatis.java:handleLeaderChangedNotification(702)) - Leader change notification received for group: group-B39B9A62A6C3 with new leaderId: 3fb132f9-3c35-4373-99da-83b8979a28e0
2019-10-14 19:24:11,834 [grpc-default-executor-2] INFO  ratis.XceiverServerRatis (XceiverServerRatis.java:handleLeaderChangedNotification(702)) - Leader change notification received for group: group-B39B9A62A6C3 with new leaderId: 3fb132f9-3c35-4373-99da-83b8979a28e0
2019-10-14 19:24:11,834 [grpc-default-executor-1] INFO  impl.RaftServerImpl (ServerState.java:setLeader(255)) - 01449a64-8d93-448f-af9d-a56c36523a6d@group-B39B9A62A6C3: change Leader from null to 3fb132f9-3c35-4373-99da-83b8979a28e0 at term 1 for appendEntries, leader elected after 5256ms
2019-10-14 19:24:11,835 [grpc-default-executor-2] INFO  impl.RaftServerImpl (ServerState.java:setLeader(255)) - 667ab7f6-1304-4576-8065-ee21422d46c2@group-B39B9A62A6C3: change Leader from null to 3fb132f9-3c35-4373-99da-83b8979a28e0 at term 1 for appendEntries, leader elected after 5257ms
2019-10-14 19:24:11,835 [EventQueue-PipelineReportForPipelineReportHandler] INFO  pipeline.PipelineReportHandler (PipelineReportHandler.java:processPipelineReport(120)) - Pipeline PipelineID=44a7066d-62bb-4733-afe1-b39b9a62a6c3 reported by 01449a64-8d93-448f-af9d-a56c36523a6d{ip: 192.168.164.219, host: pr-hdds-1868-cfdmt-251076870, networkLocation: /default-rack, certSerialId: null} with leaderId 3fb132f9-3c35-4373-99da-83b8979a28e0
2019-10-14 19:24:11,836 [EventQueue-PipelineReportForPipelineReportHandler] INFO  pipeline.PipelineReportHandler (PipelineReportHandler.java:processPipelineReport(120)) - Pipeline PipelineID=44a7066d-62bb-4733-afe1-b39b9a62a6c3 reported by 667ab7f6-1304-4576-8065-ee21422d46c2{ip: 192.168.164.219, host: pr-hdds-1868-cfdmt-251076870, networkLocation: /default-rack, certSerialId: null} with leaderId 3fb132f9-3c35-4373-99da-83b8979a28e0
2019-10-14 19:24:11,836 [EventQueue-PipelineReportForPipelineReportHandler] INFO  pipeline.PipelineStateManager (PipelineStateManager.java:openPipeline(136)) - Pipeline Pipeline[ Id: 44a7066d-62bb-4733-afe1-b39b9a62a6c3, Nodes: 01449a64-8d93-448f-af9d-a56c36523a6d{ip: 192.168.164.219, host: pr-hdds-1868-cfdmt-251076870, networkLocation: /default-rack, certSerialId: null}667ab7f6-1304-4576-8065-ee21422d46c2{ip: 192.168.164.219, host: pr-hdds-1868-cfdmt-251076870, networkLocation: /default-rack, certSerialId: null}3fb132f9-3c35-4373-99da-83b8979a28e0{ip: 192.168.164.219, host: pr-hdds-1868-cfdmt-251076870, networkLocation: /default-rack, certSerialId: null}, Type:RATIS, Factor:THREE, State:OPEN] moved to OPEN state
2019-10-14 19:24:11,837 [grpc-default-executor-2] INFO  impl.RaftServerImpl (ServerState.java:setRaftConf(356)) - 01449a64-8d93-448f-af9d-a56c36523a6d@group-B39B9A62A6C3: set configuration 0: [01449a64-8d93-448f-af9d-a56c36523a6d:192.168.164.219:35434, 667ab7f6-1304-4576-8065-ee21422d46c2:192.168.164.219:43837, 3fb132f9-3c35-4373-99da-83b8979a28e0:192.168.164.219:45592], old=null at 0
2019-10-14 19:24:11,837 [grpc-default-executor-1] INFO  impl.RaftServerImpl (ServerState.java:setRaftConf(356)) - 667ab7f6-1304-4576-8065-ee21422d46c2@group-B39B9A62A6C3: set configuration 0: [01449a64-8d93-448f-af9d-a56c36523a6d:192.168.164.219:35434, 667ab7f6-1304-4576-8065-ee21422d46c2:192.168.164.219:43837, 3fb132f9-3c35-4373-99da-83b8979a28e0:192.168.164.219:45592], old=null at 0
2019-10-14 19:24:11,864 [667ab7f6-1304-4576-8065-ee21422d46c2@group-E13DF2A05D7E-SegmentedRaftLogWorker] INFO  segmented.SegmentedRaftLogWorker (SegmentedRaftLogWorker.java:execute(576)) - 667ab7f6-1304-4576-8065-ee21422d46c2@group-E13DF2A05D7E-SegmentedRaftLogWorker: created new log segment /workdir/hadoop-ozone/integration-test/target/test-dir/MiniOzoneClusterImpl-d886f0db-47f2-4bc5-8f88-b8b0eb7c8529/datanode-3/data/ratis/98a6c358-ee1e-44a3-b441-e13df2a05d7e/current/log_inprogress_0
2019-10-14 19:24:11,865 [grpc-default-executor-1] INFO  segmented.SegmentedRaftLogWorker (SegmentedRaftLogWorker.java:startLogSegment(385)) - 667ab7f6-1304-4576-8065-ee21422d46c2@group-B39B9A62A6C3-SegmentedRaftLogWorker: Starting segment from index:0
2019-10-14 19:24:11,865 [grpc-default-executor-2] INFO  segmented.SegmentedRaftLogWorker (SegmentedRaftLogWorker.java:startLogSegment(385)) - 01449a64-8d93-448f-af9d-a56c36523a6d@group-B39B9A62A6C3-SegmentedRaftLogWorker: Starting segment from index:0
2019-10-14 19:24:11,886 [3fb132f9-3c35-4373-99da-83b8979a28e0@group-B39B9A62A6C3-SegmentedRaftLogWorker] INFO  segmented.SegmentedRaftLogWorker (SegmentedRaftLogWorker.java:execute(576)) - 3fb132f9-3c35-4373-99da-83b8979a28e0@group-B39B9A62A6C3-SegmentedRaftLogWorker: created new log segment /workdir/hadoop-ozone/integration-test/target/test-dir/MiniOzoneClusterImpl-d886f0db-47f2-4bc5-8f88-b8b0eb7c8529/datanode-1/data/ratis/44a7066d-62bb-4733-afe1-b39b9a62a6c3/current/log_inprogress_0
2019-10-14 19:24:11,928 [667ab7f6-1304-4576-8065-ee21422d46c2@group-B39B9A62A6C3-SegmentedRaftLogWorker] INFO  segmented.SegmentedRaftLogWorker (SegmentedRaftLogWorker.java:execute(576)) - 667ab7f6-1304-4576-8065-ee21422d46c2@group-B39B9A62A6C3-SegmentedRaftLogWorker: created new log segment /workdir/hadoop-ozone/integration-test/target/test-dir/MiniOzoneClusterImpl-d886f0db-47f2-4bc5-8f88-b8b0eb7c8529/datanode-3/data/ratis/44a7066d-62bb-4733-afe1-b39b9a62a6c3/current/log_inprogress_0
2019-10-14 19:24:11,928 [01449a64-8d93-448f-af9d-a56c36523a6d@group-B39B9A62A6C3-SegmentedRaftLogWorker] INFO  segmented.SegmentedRaftLogWorker (SegmentedRaftLogWorker.java:execute(576)) - 01449a64-8d93-448f-af9d-a56c36523a6d@group-B39B9A62A6C3-SegmentedRaftLogWorker: created new log segment /workdir/hadoop-ozone/integration-test/target/test-dir/MiniOzoneClusterImpl-d886f0db-47f2-4bc5-8f88-b8b0eb7c8529/datanode-4/data/ratis/44a7066d-62bb-4733-afe1-b39b9a62a6c3/current/log_inprogress_0
2019-10-14 19:24:11,958 [Thread-782] INFO  impl.FollowerState (FollowerState.java:run(108)) - 3fb132f9-3c35-4373-99da-83b8979a28e0@group-F85A84F11C30-FollowerState: change to CANDIDATE, lastRpcTime:5172ms, electionTimeout:5172ms
2019-10-14 19:24:11,958 [Thread-782] INFO  impl.RoleInfo (RoleInfo.java:shutdownFollowerState(121)) - 3fb132f9-3c35-4373-99da-83b8979a28e0: shutdown FollowerState
2019-10-14 19:24:11,958 [Thread-782] INFO  impl.RaftServerImpl (RaftServerImpl.java:setRole(170)) - 3fb132f9-3c35-4373-99da-83b8979a28e0@group-F85A84F11C30: changes role from  FOLLOWER to CANDIDATE at term 0 for changeToCandidate
2019-10-14 19:24:11,959 [Thread-782] INFO  impl.RoleInfo (RoleInfo.java:updateAndGet(143)) - 3fb132f9-3c35-4373-99da-83b8979a28e0: start LeaderElection
2019-10-14 19:24:11,966 [main] INFO  ozone.MiniOzoneClusterImpl (MiniOzoneClusterImpl.java:lambda$waitForClusterToBeReady$2(164)) - Waiting for 1 number of pipelines out of 9, to report a leader.
2019-10-14 19:24:11,986 [3fb132f9-3c35-4373-99da-83b8979a28e0@group-F85A84F11C30-LeaderElection17] INFO  impl.LeaderElection (LeaderElection.java:askForVotes(178)) - 3fb132f9-3c35-4373-99da-83b8979a28e0@group-F85A84F11C30-LeaderElection17: begin an election at term 1 for -1: [3fb132f9-3c35-4373-99da-83b8979a28e0:192.168.164.219:45592], old=null
2019-10-14 19:24:11,987 [3fb132f9-3c35-4373-99da-83b8979a28e0@group-F85A84F11C30-LeaderElection17] INFO  impl.RoleInfo (RoleInfo.java:shutdownLeaderElection(134)) - 3fb132f9-3c35-4373-99da-83b8979a28e0: shutdown LeaderElection
2019-10-14 19:24:11,987 [3fb132f9-3c35-4373-99da-83b8979a28e0@group-F85A84F11C30-LeaderElection17] INFO  impl.RaftServerImpl (RaftServerImpl.java:setRole(170)) - 3fb132f9-3c35-4373-99da-83b8979a28e0@group-F85A84F11C30: changes role from CANDIDATE to LEADER at term 1 for changeToLeader
2019-10-14 19:24:11,987 [3fb132f9-3c35-4373-99da-83b8979a28e0@group-F85A84F11C30-LeaderElection17] INFO  ratis.XceiverServerRatis (XceiverServerRatis.java:handleLeaderChangedNotification(702)) - Leader change notification received for group: group-F85A84F11C30 with new leaderId: 3fb132f9-3c35-4373-99da-83b8979a28e0
2019-10-14 19:24:11,987 [3fb132f9-3c35-4373-99da-83b8979a28e0@group-F85A84F11C30-LeaderElection17] INFO  impl.RaftServerImpl (ServerState.java:setLeader(255)) - 3fb132f9-3c35-4373-99da-83b8979a28e0@group-F85A84F11C30: change Leader from null to 3fb132f9-3c35-4373-99da-83b8979a28e0 at term 1 for becomeLeader, leader elected after 5208ms
2019-10-14 19:24:11,987 [3fb132f9-3c35-4373-99da-83b8979a28e0@group-F85A84F11C30-LeaderElection17] INFO  server.RaftServerConfigKeys (ConfUtils.java:logGet(43)) - raft.server.staging.catchup.gap = 1000 (default)
2019-10-14 19:24:11,987 [3fb132f9-3c35-4373-99da-83b8979a28e0@group-F85A84F11C30-LeaderElection17] INFO  server.RaftServerConfigKeys (ConfUtils.java:logGet(43)) - raft.server.rpc.sleep.time = 25ms (default)
2019-10-14 19:24:11,988 [3fb132f9-3c35-4373-99da-83b8979a28e0@group-F85A84F11C30-LeaderElection17] INFO  server.RaftServerConfigKeys (ConfUtils.java:logGet(43)) - raft.server.write.element-limit = 4096 (default)
2019-10-14 19:24:11,988 [3fb132f9-3c35-4373-99da-83b8979a28e0@group-F85A84F11C30-LeaderElection17] INFO  server.RaftServerConfigKeys (ConfUtils.java:logGet(43)) - raft.server.watch.timeout = 10s (default)
2019-10-14 19:24:11,988 [3fb132f9-3c35-4373-99da-83b8979a28e0@group-F85A84F11C30-LeaderElection17] INFO  server.RaftServerConfigKeys (ConfUtils.java:logGet(43)) - raft.server.watch.timeout.denomination = 1s (default)
2019-10-14 19:24:11,988 [3fb132f9-3c35-4373-99da-83b8979a28e0@group-F85A84F11C30-LeaderElection17] INFO  server.RaftServerConfigKeys (ConfUtils.java:logGet(43)) - raft.server.watch.element-limit = 65536 (default)
2019-10-14 19:24:11,989 [3fb132f9-3c35-4373-99da-83b8979a28e0@group-F85A84F11C30-LeaderElection17] INFO  impl.RoleInfo (RoleInfo.java:updateAndGet(143)) - 3fb132f9-3c35-4373-99da-83b8979a28e0: start LeaderState
2019-10-14 19:24:11,990 [3fb132f9-3c35-4373-99da-83b8979a28e0@group-F85A84F11C30-LeaderElection17] INFO  segmented.SegmentedRaftLogWorker (SegmentedRaftLogWorker.java:startLogSegment(385)) - 3fb132f9-3c35-4373-99da-83b8979a28e0@group-F85A84F11C30-SegmentedRaftLogWorker: Starting segment from index:0
2019-10-14 19:24:11,990 [3fb132f9-3c35-4373-99da-83b8979a28e0@group-F85A84F11C30-LeaderElection17] INFO  impl.RaftServerImpl (ServerState.java:setRaftConf(356)) - 3fb132f9-3c35-4373-99da-83b8979a28e0@group-F85A84F11C30: set configuration 0: [3fb132f9-3c35-4373-99da-83b8979a28e0:192.168.164.219:45592], old=null at 0
2019-10-14 19:24:12,026 [Thread-790] INFO  impl.FollowerState (FollowerState.java:run(108)) - 867be414-fe82-4697-923b-46e307d25728@group-88301BC54E2C-FollowerState: change to CANDIDATE, lastRpcTime:5075ms, electionTimeout:5073ms
2019-10-14 19:24:12,026 [Thread-790] INFO  impl.RoleInfo (RoleInfo.java:shutdownFollowerState(121)) - 867be414-fe82-4697-923b-46e307d25728: shutdown FollowerState
2019-10-14 19:24:12,026 [Thread-790] INFO  impl.RaftServerImpl (RaftServerImpl.java:setRole(170)) - 867be414-fe82-4697-923b-46e307d25728@group-88301BC54E2C: changes role from  FOLLOWER to CANDIDATE at term 0 for changeToCandidate
2019-10-14 19:24:12,026 [Thread-790] INFO  impl.RoleInfo (RoleInfo.java:updateAndGet(143)) - 867be414-fe82-4697-923b-46e307d25728: start LeaderElection
2019-10-14 19:24:12,033 [Thread-786] INFO  impl.FollowerState (FollowerState.java:run(108)) - a33f834b-b66a-4354-b261-b5dccb079bb7@group-66A7E58C1D3D-FollowerState: change to CANDIDATE, lastRpcTime:5165ms, electionTimeout:5165ms
2019-10-14 19:24:12,033 [Thread-786] INFO  impl.RoleInfo (RoleInfo.java:shutdownFollowerState(121)) - a33f834b-b66a-4354-b261-b5dccb079bb7: shutdown FollowerState
2019-10-14 19:24:12,033 [Thread-786] INFO  impl.RaftServerImpl (RaftServerImpl.java:setRole(170)) - a33f834b-b66a-4354-b261-b5dccb079bb7@group-66A7E58C1D3D: changes role from  FOLLOWER to CANDIDATE at term 0 for changeToCandidate
2019-10-14 19:24:12,033 [Thread-786] INFO  impl.RoleInfo (RoleInfo.java:updateAndGet(143)) - a33f834b-b66a-4354-b261-b5dccb079bb7: start LeaderElection
2019-10-14 19:24:12,053 [3fb132f9-3c35-4373-99da-83b8979a28e0@group-F85A84F11C30-SegmentedRaftLogWorker] INFO  segmented.SegmentedRaftLogWorker (SegmentedRaftLogWorker.java:execute(576)) - 3fb132f9-3c35-4373-99da-83b8979a28e0@group-F85A84F11C30-SegmentedRaftLogWorker: created new log segment /workdir/hadoop-ozone/integration-test/target/test-dir/MiniOzoneClusterImpl-d886f0db-47f2-4bc5-8f88-b8b0eb7c8529/datanode-1/data/ratis/c7b9cf3e-689a-407a-8281-f85a84f11c30/current/log_inprogress_0
2019-10-14 19:24:12,053 [867be414-fe82-4697-923b-46e307d25728@group-88301BC54E2C-LeaderElection18] INFO  impl.LeaderElection (LeaderElection.java:askForVotes(178)) - 867be414-fe82-4697-923b-46e307d25728@group-88301BC54E2C-LeaderElection18: begin an election at term 1 for -1: [867be414-fe82-4697-923b-46e307d25728:192.168.164.219:46006], old=null
2019-10-14 19:24:12,053 [a33f834b-b66a-4354-b261-b5dccb079bb7@group-66A7E58C1D3D-LeaderElection19] INFO  impl.LeaderElection (LeaderElection.java:askForVotes(178)) - a33f834b-b66a-4354-b261-b5dccb079bb7@group-66A7E58C1D3D-LeaderElection19: begin an election at term 1 for -1: [a33f834b-b66a-4354-b261-b5dccb079bb7:192.168.164.219:43999], old=null
2019-10-14 19:24:12,054 [867be414-fe82-4697-923b-46e307d25728@group-88301BC54E2C-LeaderElection18] INFO  impl.RoleInfo (RoleInfo.java:shutdownLeaderElection(134)) - 867be414-fe82-4697-923b-46e307d25728: shutdown LeaderElection
2019-10-14 19:24:12,054 [a33f834b-b66a-4354-b261-b5dccb079bb7@group-66A7E58C1D3D-LeaderElection19] INFO  impl.RoleInfo (RoleInfo.java:shutdownLeaderElection(134)) - a33f834b-b66a-4354-b261-b5dccb079bb7: shutdown LeaderElection
2019-10-14 19:24:12,054 [867be414-fe82-4697-923b-46e307d25728@group-88301BC54E2C-LeaderElection18] INFO  impl.RaftServerImpl (RaftServerImpl.java:setRole(170)) - 867be414-fe82-4697-923b-46e307d25728@group-88301BC54E2C: changes role from CANDIDATE to LEADER at term 1 for changeToLeader
2019-10-14 19:24:12,054 [a33f834b-b66a-4354-b261-b5dccb079bb7@group-66A7E58C1D3D-LeaderElection19] INFO  impl.RaftServerImpl (RaftServerImpl.java:setRole(170)) - a33f834b-b66a-4354-b261-b5dccb079bb7@group-66A7E58C1D3D: changes role from CANDIDATE to LEADER at term 1 for changeToLeader
2019-10-14 19:24:12,054 [867be414-fe82-4697-923b-46e307d25728@group-88301BC54E2C-LeaderElection18] INFO  ratis.XceiverServerRatis (XceiverServerRatis.java:handleLeaderChangedNotification(702)) - Leader change notification received for group: group-88301BC54E2C with new leaderId: 867be414-fe82-4697-923b-46e307d25728
2019-10-14 19:24:12,054 [a33f834b-b66a-4354-b261-b5dccb079bb7@group-66A7E58C1D3D-LeaderElection19] INFO  ratis.XceiverServerRatis (XceiverServerRatis.java:handleLeaderChangedNotification(702)) - Leader change notification received for group: group-66A7E58C1D3D with new leaderId: a33f834b-b66a-4354-b261-b5dccb079bb7
2019-10-14 19:24:12,055 [867be414-fe82-4697-923b-46e307d25728@group-88301BC54E2C-LeaderElection18] INFO  impl.RaftServerImpl (ServerState.java:setLeader(255)) - 867be414-fe82-4697-923b-46e307d25728@group-88301BC54E2C: change Leader from null to 867be414-fe82-4697-923b-46e307d25728 at term 1 for becomeLeader, leader elected after 5108ms
2019-10-14 19:24:12,055 [a33f834b-b66a-4354-b261-b5dccb079bb7@group-66A7E58C1D3D-LeaderElection19] INFO  impl.RaftServerImpl (ServerState.java:setLeader(255)) - a33f834b-b66a-4354-b261-b5dccb079bb7@group-66A7E58C1D3D: change Leader from null to a33f834b-b66a-4354-b261-b5dccb079bb7 at term 1 for becomeLeader, leader elected after 5191ms
2019-10-14 19:24:12,057 [867be414-fe82-4697-923b-46e307d25728@group-88301BC54E2C-LeaderElection18] INFO  server.RaftServerConfigKeys (ConfUtils.java:logGet(43)) - raft.server.staging.catchup.gap = 1000 (default)
2019-10-14 19:24:12,060 [a33f834b-b66a-4354-b261-b5dccb079bb7@group-66A7E58C1D3D-LeaderElection19] INFO  server.RaftServerConfigKeys (ConfUtils.java:logGet(43)) - raft.server.staging.catchup.gap = 1000 (default)
2019-10-14 19:24:12,060 [867be414-fe82-4697-923b-46e307d25728@group-88301BC54E2C-LeaderElection18] INFO  server.RaftServerConfigKeys (ConfUtils.java:logGet(43)) - raft.server.rpc.sleep.time = 25ms (default)
2019-10-14 19:24:12,060 [a33f834b-b66a-4354-b261-b5dccb079bb7@group-66A7E58C1D3D-LeaderElection19] INFO  server.RaftServerConfigKeys (ConfUtils.java:logGet(43)) - raft.server.rpc.sleep.time = 25ms (default)
2019-10-14 19:24:12,060 [867be414-fe82-4697-923b-46e307d25728@group-88301BC54E2C-LeaderElection18] INFO  server.RaftServerConfigKeys (ConfUtils.java:logGet(43)) - raft.server.write.element-limit = 4096 (default)
2019-10-14 19:24:12,060 [a33f834b-b66a-4354-b261-b5dccb079bb7@group-66A7E58C1D3D-LeaderElection19] INFO  server.RaftServerConfigKeys (ConfUtils.java:logGet(43)) - raft.server.write.element-limit = 4096 (default)
2019-10-14 19:24:12,060 [867be414-fe82-4697-923b-46e307d25728@group-88301BC54E2C-LeaderElection18] INFO  server.RaftServerConfigKeys (ConfUtils.java:logGet(43)) - raft.server.watch.timeout = 10s (default)
2019-10-14 19:24:12,061 [a33f834b-b66a-4354-b261-b5dccb079bb7@group-66A7E58C1D3D-LeaderElection19] INFO  server.RaftServerConfigKeys (ConfUtils.java:logGet(43)) - raft.server.watch.timeout = 10s (default)
2019-10-14 19:24:12,061 [867be414-fe82-4697-923b-46e307d25728@group-88301BC54E2C-LeaderElection18] INFO  server.RaftServerConfigKeys (ConfUtils.java:logGet(43)) - raft.server.watch.timeout.denomination = 1s (default)
2019-10-14 19:24:12,061 [a33f834b-b66a-4354-b261-b5dccb079bb7@group-66A7E58C1D3D-LeaderElection19] INFO  server.RaftServerConfigKeys (ConfUtils.java:logGet(43)) - raft.server.watch.timeout.denomination = 1s (default)
2019-10-14 19:24:12,061 [867be414-fe82-4697-923b-46e307d25728@group-88301BC54E2C-LeaderElection18] INFO  server.RaftServerConfigKeys (ConfUtils.java:logGet(43)) - raft.server.watch.element-limit = 65536 (default)
2019-10-14 19:24:12,061 [a33f834b-b66a-4354-b261-b5dccb079bb7@group-66A7E58C1D3D-LeaderElection19] INFO  server.RaftServerConfigKeys (ConfUtils.java:logGet(43)) - raft.server.watch.element-limit = 65536 (default)
2019-10-14 19:24:12,063 [867be414-fe82-4697-923b-46e307d25728@group-88301BC54E2C-LeaderElection18] INFO  impl.RoleInfo (RoleInfo.java:updateAndGet(143)) - 867be414-fe82-4697-923b-46e307d25728: start LeaderState
2019-10-14 19:24:12,063 [867be414-fe82-4697-923b-46e307d25728@group-88301BC54E2C-LeaderElection18] INFO  segmented.SegmentedRaftLogWorker (SegmentedRaftLogWorker.java:startLogSegment(385)) - 867be414-fe82-4697-923b-46e307d25728@group-88301BC54E2C-SegmentedRaftLogWorker: Starting segment from index:0
2019-10-14 19:24:12,064 [a33f834b-b66a-4354-b261-b5dccb079bb7@group-66A7E58C1D3D-LeaderElection19] INFO  impl.RoleInfo (RoleInfo.java:updateAndGet(143)) - a33f834b-b66a-4354-b261-b5dccb079bb7: start LeaderState
2019-10-14 19:24:12,064 [a33f834b-b66a-4354-b261-b5dccb079bb7@group-66A7E58C1D3D-LeaderElection19] INFO  segmented.SegmentedRaftLogWorker (SegmentedRaftLogWorker.java:startLogSegment(385)) - a33f834b-b66a-4354-b261-b5dccb079bb7@group-66A7E58C1D3D-SegmentedRaftLogWorker: Starting segment from index:0
2019-10-14 19:24:12,064 [867be414-fe82-4697-923b-46e307d25728@group-88301BC54E2C-LeaderElection18] INFO  impl.RaftServerImpl (ServerState.java:setRaftConf(356)) - 867be414-fe82-4697-923b-46e307d25728@group-88301BC54E2C: set configuration 0: [867be414-fe82-4697-923b-46e307d25728:192.168.164.219:46006], old=null at 0
2019-10-14 19:24:12,103 [Thread-794] INFO  impl.FollowerState (FollowerState.java:run(108)) - 3b3be084-020b-43b6-aab5-07dc78b653c2@group-C51FAE0A96BB-FollowerState: change to CANDIDATE, lastRpcTime:5051ms, electionTimeout:5016ms
2019-10-14 19:24:12,103 [a33f834b-b66a-4354-b261-b5dccb079bb7@group-66A7E58C1D3D-LeaderElection19] INFO  impl.RaftServerImpl (ServerState.java:setRaftConf(356)) - a33f834b-b66a-4354-b261-b5dccb079bb7@group-66A7E58C1D3D: set configuration 0: [a33f834b-b66a-4354-b261-b5dccb079bb7:192.168.164.219:43999], old=null at 0
2019-10-14 19:24:12,103 [Thread-794] INFO  impl.RoleInfo (RoleInfo.java:shutdownFollowerState(121)) - 3b3be084-020b-43b6-aab5-07dc78b653c2: shutdown FollowerState
2019-10-14 19:24:12,145 [867be414-fe82-4697-923b-46e307d25728@group-88301BC54E2C-SegmentedRaftLogWorker] INFO  segmented.SegmentedRaftLogWorker (SegmentedRaftLogWorker.java:execute(576)) - 867be414-fe82-4697-923b-46e307d25728@group-88301BC54E2C-SegmentedRaftLogWorker: created new log segment /workdir/hadoop-ozone/integration-test/target/test-dir/MiniOzoneClusterImpl-d886f0db-47f2-4bc5-8f88-b8b0eb7c8529/datanode-5/data/ratis/1f50f378-c21e-4b67-99fa-88301bc54e2c/current/log_inprogress_0
2019-10-14 19:24:12,146 [Thread-794] INFO  impl.RaftServerImpl (RaftServerImpl.java:setRole(170)) - 3b3be084-020b-43b6-aab5-07dc78b653c2@group-C51FAE0A96BB: changes role from  FOLLOWER to CANDIDATE at term 0 for changeToCandidate
2019-10-14 19:24:12,146 [Thread-794] INFO  impl.RoleInfo (RoleInfo.java:updateAndGet(143)) - 3b3be084-020b-43b6-aab5-07dc78b653c2: start LeaderElection
2019-10-14 19:24:12,171 [a33f834b-b66a-4354-b261-b5dccb079bb7@group-66A7E58C1D3D-SegmentedRaftLogWorker] INFO  segmented.SegmentedRaftLogWorker (SegmentedRaftLogWorker.java:execute(576)) - a33f834b-b66a-4354-b261-b5dccb079bb7@group-66A7E58C1D3D-SegmentedRaftLogWorker: created new log segment /workdir/hadoop-ozone/integration-test/target/test-dir/MiniOzoneClusterImpl-d886f0db-47f2-4bc5-8f88-b8b0eb7c8529/datanode-2/data/ratis/e952a528-4f52-48b7-b845-66a7e58c1d3d/current/log_inprogress_0
2019-10-14 19:24:12,171 [3b3be084-020b-43b6-aab5-07dc78b653c2@group-C51FAE0A96BB-LeaderElection20] INFO  impl.LeaderElection (LeaderElection.java:askForVotes(178)) - 3b3be084-020b-43b6-aab5-07dc78b653c2@group-C51FAE0A96BB-LeaderElection20: begin an election at term 1 for -1: [3b3be084-020b-43b6-aab5-07dc78b653c2:192.168.164.219:45202], old=null
2019-10-14 19:24:12,171 [3b3be084-020b-43b6-aab5-07dc78b653c2@group-C51FAE0A96BB-LeaderElection20] INFO  impl.RoleInfo (RoleInfo.java:shutdownLeaderElection(134)) - 3b3be084-020b-43b6-aab5-07dc78b653c2: shutdown LeaderElection
2019-10-14 19:24:12,171 [3b3be084-020b-43b6-aab5-07dc78b653c2@group-C51FAE0A96BB-LeaderElection20] INFO  impl.RaftServerImpl (RaftServerImpl.java:setRole(170)) - 3b3be084-020b-43b6-aab5-07dc78b653c2@group-C51FAE0A96BB: changes role from CANDIDATE to LEADER at term 1 for changeToLeader
2019-10-14 19:24:12,171 [3b3be084-020b-43b6-aab5-07dc78b653c2@group-C51FAE0A96BB-LeaderElection20] INFO  ratis.XceiverServerRatis (XceiverServerRatis.java:handleLeaderChangedNotification(702)) - Leader change notification received for group: group-C51FAE0A96BB with new leaderId: 3b3be084-020b-43b6-aab5-07dc78b653c2
2019-10-14 19:24:12,174 [3b3be084-020b-43b6-aab5-07dc78b653c2@group-C51FAE0A96BB-LeaderElection20] INFO  impl.RaftServerImpl (ServerState.java:setLeader(255)) - 3b3be084-020b-43b6-aab5-07dc78b653c2@group-C51FAE0A96BB: change Leader from null to 3b3be084-020b-43b6-aab5-07dc78b653c2 at term 1 for becomeLeader, leader elected after 5124ms
2019-10-14 19:24:12,177 [3b3be084-020b-43b6-aab5-07dc78b653c2@group-C51FAE0A96BB-LeaderElection20] INFO  server.RaftServerConfigKeys (ConfUtils.java:logGet(43)) - raft.server.staging.catchup.gap = 1000 (default)
2019-10-14 19:24:12,177 [3b3be084-020b-43b6-aab5-07dc78b653c2@group-C51FAE0A96BB-LeaderElection20] INFO  server.RaftServerConfigKeys (ConfUtils.java:logGet(43)) - raft.server.rpc.sleep.time = 25ms (default)
2019-10-14 19:24:12,177 [3b3be084-020b-43b6-aab5-07dc78b653c2@group-C51FAE0A96BB-LeaderElection20] INFO  server.RaftServerConfigKeys (ConfUtils.java:logGet(43)) - raft.server.write.element-limit = 4096 (default)
2019-10-14 19:24:12,177 [3b3be084-020b-43b6-aab5-07dc78b653c2@group-C51FAE0A96BB-LeaderElection20] INFO  server.RaftServerConfigKeys (ConfUtils.java:logGet(43)) - raft.server.watch.timeout = 10s (default)
2019-10-14 19:24:12,177 [3b3be084-020b-43b6-aab5-07dc78b653c2@group-C51FAE0A96BB-LeaderElection20] INFO  server.RaftServerConfigKeys (ConfUtils.java:logGet(43)) - raft.server.watch.timeout.denomination = 1s (default)
2019-10-14 19:24:12,178 [3b3be084-020b-43b6-aab5-07dc78b653c2@group-C51FAE0A96BB-LeaderElection20] INFO  server.RaftServerConfigKeys (ConfUtils.java:logGet(43)) - raft.server.watch.element-limit = 65536 (default)
2019-10-14 19:24:12,178 [EventQueue-PipelineReportForPipelineReportHandler] INFO  pipeline.PipelineReportHandler (PipelineReportHandler.java:processPipelineReport(120)) - Pipeline PipelineID=afee3062-07a9-4963-8cdc-c51fae0a96bb reported by 3b3be084-020b-43b6-aab5-07dc78b653c2{ip: 192.168.164.219, host: pr-hdds-1868-cfdmt-251076870, networkLocation: /default-rack, certSerialId: null} with leaderId 3b3be084-020b-43b6-aab5-07dc78b653c2
2019-10-14 19:24:12,178 [EventQueue-PipelineReportForPipelineReportHandler] INFO  pipeline.PipelineStateManager (PipelineStateManager.java:openPipeline(136)) - Pipeline Pipeline[ Id: afee3062-07a9-4963-8cdc-c51fae0a96bb, Nodes: 3b3be084-020b-43b6-aab5-07dc78b653c2{ip: 192.168.164.219, host: pr-hdds-1868-cfdmt-251076870, networkLocation: /default-rack, certSerialId: null}, Type:RATIS, Factor:ONE, State:OPEN] moved to OPEN state
2019-10-14 19:24:12,179 [3b3be084-020b-43b6-aab5-07dc78b653c2@group-C51FAE0A96BB-LeaderElection20] INFO  impl.RoleInfo (RoleInfo.java:updateAndGet(143)) - 3b3be084-020b-43b6-aab5-07dc78b653c2: start LeaderState
2019-10-14 19:24:12,179 [3b3be084-020b-43b6-aab5-07dc78b653c2@group-C51FAE0A96BB-LeaderElection20] INFO  segmented.SegmentedRaftLogWorker (SegmentedRaftLogWorker.java:startLogSegment(385)) - 3b3be084-020b-43b6-aab5-07dc78b653c2@group-C51FAE0A96BB-SegmentedRaftLogWorker: Starting segment from index:0
2019-10-14 19:24:12,180 [3b3be084-020b-43b6-aab5-07dc78b653c2@group-C51FAE0A96BB-LeaderElection20] INFO  impl.RaftServerImpl (ServerState.java:setRaftConf(356)) - 3b3be084-020b-43b6-aab5-07dc78b653c2@group-C51FAE0A96BB: set configuration 0: [3b3be084-020b-43b6-aab5-07dc78b653c2:192.168.164.219:45202], old=null at 0
2019-10-14 19:24:12,229 [3b3be084-020b-43b6-aab5-07dc78b653c2@group-C51FAE0A96BB-SegmentedRaftLogWorker] INFO  segmented.SegmentedRaftLogWorker (SegmentedRaftLogWorker.java:execute(576)) - 3b3be084-020b-43b6-aab5-07dc78b653c2@group-C51FAE0A96BB-SegmentedRaftLogWorker: created new log segment /workdir/hadoop-ozone/integration-test/target/test-dir/MiniOzoneClusterImpl-d886f0db-47f2-4bc5-8f88-b8b0eb7c8529/datanode-0/data/ratis/afee3062-07a9-4963-8cdc-c51fae0a96bb/current/log_inprogress_0
2019-10-14 19:24:12,966 [main] INFO  ozone.MiniOzoneClusterImpl (MiniOzoneClusterImpl.java:lambda$waitForClusterToBeReady$2(172)) - Cluster is ready. Got 7 of 7 DN Heartbeats.
2019-10-14 19:24:13,006 [main] INFO  rpc.RpcClient (RpcClient.java:createVolume(272)) - Creating Volume: testblockoutputstreamwithretries, with jenkins1000 as owner.
2019-10-14 19:24:13,010 [IPC Server handler 0 on 43394] INFO  volume.OMVolumeCreateRequest (OMVolumeCreateRequest.java:validateAndUpdateCache(193)) - created volume:testblockoutputstreamwithretries for user:jenkins1000
2019-10-14 19:24:13,026 [main] INFO  rpc.RpcClient (RpcClient.java:createBucket(411)) - Creating Bucket: testblockoutputstreamwithretries/testblockoutputstreamwithretries, with Versioning false and Storage Type set to DISK and Encryption set to false 
2019-10-14 19:24:13,648 [RatisApplyTransactionExecutor 1] ERROR ratis.ContainerStateMachine (ContainerStateMachine.java:lambda$applyTransaction$6(741)) - gid group-7C10719D05E7 : ApplyTransaction failed. cmd CreateContainer logIndex 7 exception {}
java.lang.IllegalArgumentException
	at com.google.common.base.Preconditions.checkArgument(Preconditions.java:72)
	at org.apache.hadoop.ozone.container.keyvalue.KeyValueHandler.handleCreateContainer(KeyValueHandler.java:217)
	at org.apache.hadoop.ozone.container.keyvalue.KeyValueHandler.handle(KeyValueHandler.java:152)
	at org.apache.hadoop.ozone.container.common.impl.HddsDispatcher.dispatchRequest(HddsDispatcher.java:277)
	at org.apache.hadoop.ozone.container.common.impl.HddsDispatcher.dispatch(HddsDispatcher.java:150)
	at org.apache.hadoop.ozone.container.common.transport.server.ratis.ContainerStateMachine.dispatchCommand(ContainerStateMachine.java:415)
	at org.apache.hadoop.ozone.container.common.transport.server.ratis.ContainerStateMachine.runCommand(ContainerStateMachine.java:425)
	at org.apache.hadoop.ozone.container.common.transport.server.ratis.ContainerStateMachine.lambda$applyTransaction$6(ContainerStateMachine.java:739)
	at java.util.concurrent.CompletableFuture$AsyncSupply.run(CompletableFuture.java:1590)
	at java.util.concurrent.ThreadPoolExecutor.runWorker(ThreadPoolExecutor.java:1149)
	at java.util.concurrent.ThreadPoolExecutor$Worker.run(ThreadPoolExecutor.java:624)
	at java.lang.Thread.run(Thread.java:748)
2019-10-14 19:24:13,661 [RatisApplyTransactionExecutor 1] ERROR ratis.ContainerStateMachine (ContainerStateMachine.java:lambda$applyTransaction$6(741)) - gid group-7C10719D05E7 : ApplyTransaction failed. cmd CreateContainer logIndex 7 exception {}
java.lang.IllegalArgumentException
	at com.google.common.base.Preconditions.checkArgument(Preconditions.java:72)
	at org.apache.hadoop.ozone.container.keyvalue.KeyValueHandler.handleCreateContainer(KeyValueHandler.java:217)
	at org.apache.hadoop.ozone.container.keyvalue.KeyValueHandler.handle(KeyValueHandler.java:152)
	at org.apache.hadoop.ozone.container.common.impl.HddsDispatcher.dispatchRequest(HddsDispatcher.java:277)
	at org.apache.hadoop.ozone.container.common.impl.HddsDispatcher.dispatch(HddsDispatcher.java:150)
	at org.apache.hadoop.ozone.container.common.transport.server.ratis.ContainerStateMachine.dispatchCommand(ContainerStateMachine.java:415)
	at org.apache.hadoop.ozone.container.common.transport.server.ratis.ContainerStateMachine.runCommand(ContainerStateMachine.java:425)
	at org.apache.hadoop.ozone.container.common.transport.server.ratis.ContainerStateMachine.lambda$applyTransaction$6(ContainerStateMachine.java:739)
	at java.util.concurrent.CompletableFuture$AsyncSupply.run(CompletableFuture.java:1590)
	at java.util.concurrent.ThreadPoolExecutor.runWorker(ThreadPoolExecutor.java:1149)
	at java.util.concurrent.ThreadPoolExecutor$Worker.run(ThreadPoolExecutor.java:624)
	at java.lang.Thread.run(Thread.java:748)
2019-10-14 19:24:13,661 [RatisApplyTransactionExecutor 1] ERROR ratis.ContainerStateMachine (ContainerStateMachine.java:lambda$applyTransaction$6(741)) - gid group-7C10719D05E7 : ApplyTransaction failed. cmd CreateContainer logIndex 7 exception {}
java.lang.IllegalArgumentException
	at com.google.common.base.Preconditions.checkArgument(Preconditions.java:72)
	at org.apache.hadoop.ozone.container.keyvalue.KeyValueHandler.handleCreateContainer(KeyValueHandler.java:217)
	at org.apache.hadoop.ozone.container.keyvalue.KeyValueHandler.handle(KeyValueHandler.java:152)
	at org.apache.hadoop.ozone.container.common.impl.HddsDispatcher.dispatchRequest(HddsDispatcher.java:277)
	at org.apache.hadoop.ozone.container.common.impl.HddsDispatcher.dispatch(HddsDispatcher.java:150)
	at org.apache.hadoop.ozone.container.common.transport.server.ratis.ContainerStateMachine.dispatchCommand(ContainerStateMachine.java:415)
	at org.apache.hadoop.ozone.container.common.transport.server.ratis.ContainerStateMachine.runCommand(ContainerStateMachine.java:425)
	at org.apache.hadoop.ozone.container.common.transport.server.ratis.ContainerStateMachine.lambda$applyTransaction$6(ContainerStateMachine.java:739)
	at java.util.concurrent.CompletableFuture$AsyncSupply.run(CompletableFuture.java:1590)
	at java.util.concurrent.ThreadPoolExecutor.runWorker(ThreadPoolExecutor.java:1149)
	at java.util.concurrent.ThreadPoolExecutor$Worker.run(ThreadPoolExecutor.java:624)
	at java.lang.Thread.run(Thread.java:748)
2019-10-14 19:25:45,875 [main] INFO  ozone.MiniOzoneClusterImpl (MiniOzoneClusterImpl.java:shutdown(352)) - Shutting down the Mini Ozone Cluster
2019-10-14 19:25:45,876 [main] INFO  ozone.MiniOzoneClusterImpl (MiniOzoneClusterImpl.java:stop(368)) - Stopping the Mini Ozone Cluster
2019-10-14 19:25:45,876 [main] INFO  ozone.MiniOzoneClusterImpl (MiniOzoneClusterImpl.java:stopOM(438)) - Stopping the OzoneManager
2019-10-14 19:25:45,876 [main] INFO  ipc.Server (Server.java:stop(3082)) - Stopping server on 43394
2019-10-14 19:25:45,897 [IPC Server listener on 43394] INFO  ipc.Server (Server.java:run(1185)) - Stopping IPC Server listener on 43394
2019-10-14 19:25:45,898 [main] INFO  ratis.OzoneManagerDoubleBuffer (OzoneManagerDoubleBuffer.java:stop(250)) - Stopping OMDoubleBuffer flush thread
2019-10-14 19:25:45,898 [IPC Server Responder] INFO  ipc.Server (Server.java:run(1319)) - Stopping IPC Server Responder
2019-10-14 19:25:45,919 [OMDoubleBufferFlushThread] INFO  ratis.OzoneManagerDoubleBuffer (OzoneManagerDoubleBuffer.java:flushTransactions(193)) - OMDoubleBuffer flush thread OMDoubleBufferFlushThread is interrupted and will exit. OMDoubleBufferFlushThread
2019-10-14 19:25:45,922 [main] INFO  utils.BackgroundService (BackgroundService.java:shutdown(151)) - Shutting down service KeyDeletingService
2019-10-14 19:25:45,926 [main] INFO  handler.ContextHandler (ContextHandler.java:doStop(910)) - Stopped o.e.j.w.WebAppContext@539a138b{/,null,UNAVAILABLE}{/ozoneManager}
2019-10-14 19:25:45,927 [main] INFO  server.AbstractConnector (AbstractConnector.java:doStop(318)) - Stopped ServerConnector@2cd4e16a{HTTP/1.1,[http/1.1]}{0.0.0.0:0}
2019-10-14 19:25:45,927 [main] INFO  handler.ContextHandler (ContextHandler.java:doStop(910)) - Stopped o.e.j.s.ServletContextHandler@56476c16{/static,file:///workdir/hadoop-ozone/integration-test/target/test-classes/webapps/static,UNAVAILABLE}
2019-10-14 19:25:45,928 [main] INFO  handler.ContextHandler (ContextHandler.java:doStop(910)) - Stopped o.e.j.s.ServletContextHandler@3178219a{/logs,file:///workdir/hadoop-ozone/integration-test/target/log,UNAVAILABLE}
2019-10-14 19:25:45,932 [main] INFO  ozone.MiniOzoneClusterImpl (MiniOzoneClusterImpl.java:stopDatanodes(415)) - Stopping the HddsDatanodes
2019-10-14 19:25:46,005 [Datanode State Machine Thread - 0] INFO  statemachine.DatanodeStateMachine (DatanodeStateMachine.java:lambda$startDaemon$0(350)) - Ozone container server started.
2019-10-14 19:25:46,853 [Datanode State Machine Thread - 0] INFO  statemachine.DatanodeStateMachine (DatanodeStateMachine.java:lambda$startDaemon$0(350)) - Ozone container server started.
2019-10-14 19:25:50,934 [main] INFO  ozoneimpl.OzoneContainer (OzoneContainer.java:stop(227)) - Attempting to stop container services.
2019-10-14 19:25:50,935 [ForkJoinPool.commonPool-worker-0] INFO  ozoneimpl.OzoneContainer (OzoneContainer.java:stop(227)) - Attempting to stop container services.
2019-10-14 19:25:50,936 [main] INFO  impl.RaftServerProxy (RaftServerProxy.java:lambda$close$4(314)) - 01449a64-8d93-448f-af9d-a56c36523a6d: close
2019-10-14 19:25:50,936 [ForkJoinPool.commonPool-worker-0] INFO  impl.RaftServerProxy (RaftServerProxy.java:lambda$close$4(314)) - 3fb132f9-3c35-4373-99da-83b8979a28e0: close
2019-10-14 19:25:50,937 [main] INFO  impl.RaftServerImpl (RaftServerImpl.java:lambda$shutdown$3(247)) - 01449a64-8d93-448f-af9d-a56c36523a6d@group-3F63DA62C15D: shutdown
2019-10-14 19:25:50,937 [ForkJoinPool.commonPool-worker-0] INFO  impl.RaftServerImpl (RaftServerImpl.java:lambda$shutdown$3(247)) - 3fb132f9-3c35-4373-99da-83b8979a28e0@group-B39B9A62A6C3: shutdown
2019-10-14 19:25:50,937 [main] INFO  util.JmxRegister (JmxRegister.java:unregister(73)) - Successfully un-registered JMX Bean with object name Ratis:service=RaftServer,group=group-3F63DA62C15D,id=01449a64-8d93-448f-af9d-a56c36523a6d
2019-10-14 19:25:50,938 [ForkJoinPool.commonPool-worker-0] INFO  util.JmxRegister (JmxRegister.java:unregister(73)) - Successfully un-registered JMX Bean with object name Ratis:service=RaftServer,group=group-B39B9A62A6C3,id=3fb132f9-3c35-4373-99da-83b8979a28e0
2019-10-14 19:25:50,938 [main] INFO  impl.RoleInfo (RoleInfo.java:shutdownLeaderState(104)) - 01449a64-8d93-448f-af9d-a56c36523a6d: shutdown LeaderState
2019-10-14 19:25:50,938 [ForkJoinPool.commonPool-worker-0] INFO  impl.RoleInfo (RoleInfo.java:shutdownLeaderState(104)) - 3fb132f9-3c35-4373-99da-83b8979a28e0: shutdown LeaderState
2019-10-14 19:25:50,939 [main] INFO  impl.PendingRequests (PendingRequests.java:sendNotLeaderResponses(202)) - 01449a64-8d93-448f-af9d-a56c36523a6d@group-3F63DA62C15D-PendingRequests: sendNotLeaderResponses
2019-10-14 19:25:50,943 [org.apache.ratis.server.impl.LogAppender$AppenderDaemon$$Lambda$433/1966556315@10fc162] WARN  server.GrpcLogAppender (GrpcLogAppender.java:mayWait(143)) - 3fb132f9-3c35-4373-99da-83b8979a28e0@group-B39B9A62A6C3->667ab7f6-1304-4576-8065-ee21422d46c2-GrpcLogAppender: Wait interrupted by java.lang.InterruptedException
2019-10-14 19:25:50,943 [org.apache.ratis.server.impl.LogAppender$AppenderDaemon$$Lambda$433/1966556315@41f32328] WARN  server.GrpcLogAppender (GrpcLogAppender.java:mayWait(143)) - 3fb132f9-3c35-4373-99da-83b8979a28e0@group-B39B9A62A6C3->01449a64-8d93-448f-af9d-a56c36523a6d-GrpcLogAppender: Wait interrupted by java.lang.InterruptedException
2019-10-14 19:25:50,943 [ForkJoinPool.commonPool-worker-0] INFO  impl.PendingRequests (PendingRequests.java:sendNotLeaderResponses(202)) - 3fb132f9-3c35-4373-99da-83b8979a28e0@group-B39B9A62A6C3-PendingRequests: sendNotLeaderResponses
2019-10-14 19:25:50,944 [main] INFO  impl.StateMachineUpdater (StateMachineUpdater.java:stopAndJoin(136)) - 01449a64-8d93-448f-af9d-a56c36523a6d@group-3F63DA62C15D-StateMachineUpdater: set stopIndex = 0
2019-10-14 19:25:50,944 [ForkJoinPool.commonPool-worker-0] INFO  impl.StateMachineUpdater (StateMachineUpdater.java:stopAndJoin(136)) - 3fb132f9-3c35-4373-99da-83b8979a28e0@group-B39B9A62A6C3-StateMachineUpdater: set stopIndex = 0
2019-10-14 19:25:50,945 [main] INFO  impl.RaftServerImpl (ServerState.java:close(387)) - 01449a64-8d93-448f-af9d-a56c36523a6d@group-3F63DA62C15D: closes. applyIndex: 0
2019-10-14 19:25:50,946 [grpc-default-executor-2] INFO  server.GrpcServerProtocolService (GrpcServerProtocolService.java:onCompleted(113)) - 667ab7f6-1304-4576-8065-ee21422d46c2: Completed APPEND_ENTRIES, lastRequest: 3fb132f9-3c35-4373-99da-83b8979a28e0->667ab7f6-1304-4576-8065-ee21422d46c2#40-t1, previous=(t:1, i:0), leaderCommit=0, initializing? false, entries: <empty>
2019-10-14 19:25:50,945 [ForkJoinPool.commonPool-worker-0] INFO  impl.RaftServerImpl (ServerState.java:close(387)) - 3fb132f9-3c35-4373-99da-83b8979a28e0@group-B39B9A62A6C3: closes. applyIndex: 0
2019-10-14 19:25:50,946 [01449a64-8d93-448f-af9d-a56c36523a6d@group-3F63DA62C15D-SegmentedRaftLogWorker] INFO  segmented.SegmentedRaftLogWorker (SegmentedRaftLogWorker.java:run(316)) - 01449a64-8d93-448f-af9d-a56c36523a6d@group-3F63DA62C15D-SegmentedRaftLogWorker was interrupted, exiting. There are 0 tasks remaining in the queue.
2019-10-14 19:25:50,946 [grpc-default-executor-3] INFO  server.GrpcServerProtocolService (GrpcServerProtocolService.java:onCompleted(113)) - 01449a64-8d93-448f-af9d-a56c36523a6d: Completed APPEND_ENTRIES, lastRequest: 3fb132f9-3c35-4373-99da-83b8979a28e0->01449a64-8d93-448f-af9d-a56c36523a6d#40-t1, previous=(t:1, i:0), leaderCommit=0, initializing? false, entries: <empty>
2019-10-14 19:25:50,946 [3fb132f9-3c35-4373-99da-83b8979a28e0@group-B39B9A62A6C3-SegmentedRaftLogWorker] INFO  segmented.SegmentedRaftLogWorker (SegmentedRaftLogWorker.java:run(316)) - 3fb132f9-3c35-4373-99da-83b8979a28e0@group-B39B9A62A6C3-SegmentedRaftLogWorker was interrupted, exiting. There are 0 tasks remaining in the queue.
2019-10-14 19:25:50,948 [main] INFO  segmented.SegmentedRaftLogWorker (SegmentedRaftLogWorker.java:close(224)) - 01449a64-8d93-448f-af9d-a56c36523a6d@group-3F63DA62C15D-SegmentedRaftLogWorker close()
2019-10-14 19:25:50,951 [grpc-default-executor-3] INFO  server.GrpcLogAppender (GrpcLogAppender.java:onCompleted(293)) - 3fb132f9-3c35-4373-99da-83b8979a28e0@group-B39B9A62A6C3->01449a64-8d93-448f-af9d-a56c36523a6d-AppendLogResponseHandler: follower responses appendEntries COMPLETED
2019-10-14 19:25:50,948 [grpc-default-executor-1] INFO  server.GrpcLogAppender (GrpcLogAppender.java:onCompleted(293)) - 3fb132f9-3c35-4373-99da-83b8979a28e0@group-B39B9A62A6C3->667ab7f6-1304-4576-8065-ee21422d46c2-AppendLogResponseHandler: follower responses appendEntries COMPLETED
2019-10-14 19:25:50,951 [ForkJoinPool.commonPool-worker-0] INFO  segmented.SegmentedRaftLogWorker (SegmentedRaftLogWorker.java:close(224)) - 3fb132f9-3c35-4373-99da-83b8979a28e0@group-B39B9A62A6C3-SegmentedRaftLogWorker close()
2019-10-14 19:25:50,956 [main] INFO  impl.RaftServerImpl (RaftServerImpl.java:lambda$shutdown$3(247)) - 01449a64-8d93-448f-af9d-a56c36523a6d@group-B39B9A62A6C3: shutdown
2019-10-14 19:25:50,961 [ForkJoinPool.commonPool-worker-0] INFO  impl.RaftServerImpl (RaftServerImpl.java:lambda$shutdown$3(247)) - 3fb132f9-3c35-4373-99da-83b8979a28e0@group-F85A84F11C30: shutdown
2019-10-14 19:25:50,962 [grpc-default-executor-3] INFO  impl.FollowerInfo (FollowerInfo.java:lambda$new$0(51)) - 3fb132f9-3c35-4373-99da-83b8979a28e0@group-B39B9A62A6C3->01449a64-8d93-448f-af9d-a56c36523a6d: nextIndex: updateUnconditionally 1 -> 0
2019-10-14 19:25:50,962 [main] INFO  util.JmxRegister (JmxRegister.java:unregister(73)) - Successfully un-registered JMX Bean with object name Ratis:service=RaftServer,group=group-B39B9A62A6C3,id=01449a64-8d93-448f-af9d-a56c36523a6d
2019-10-14 19:25:50,962 [grpc-default-executor-1] INFO  impl.FollowerInfo (FollowerInfo.java:lambda$new$0(51)) - 3fb132f9-3c35-4373-99da-83b8979a28e0@group-B39B9A62A6C3->667ab7f6-1304-4576-8065-ee21422d46c2: nextIndex: updateUnconditionally 1 -> 0
2019-10-14 19:25:50,962 [ForkJoinPool.commonPool-worker-0] INFO  util.JmxRegister (JmxRegister.java:unregister(73)) - Successfully un-registered JMX Bean with object name Ratis:service=RaftServer,group=group-F85A84F11C30,id=3fb132f9-3c35-4373-99da-83b8979a28e0
2019-10-14 19:25:50,963 [ForkJoinPool.commonPool-worker-0] INFO  impl.RoleInfo (RoleInfo.java:shutdownLeaderState(104)) - 3fb132f9-3c35-4373-99da-83b8979a28e0: shutdown LeaderState
2019-10-14 19:25:50,963 [main] INFO  impl.RoleInfo (RoleInfo.java:shutdownFollowerState(121)) - 01449a64-8d93-448f-af9d-a56c36523a6d: shutdown FollowerState
2019-10-14 19:25:50,963 [ForkJoinPool.commonPool-worker-0] INFO  impl.PendingRequests (PendingRequests.java:sendNotLeaderResponses(202)) - 3fb132f9-3c35-4373-99da-83b8979a28e0@group-F85A84F11C30-PendingRequests: sendNotLeaderResponses
2019-10-14 19:25:50,964 [main] INFO  impl.StateMachineUpdater (StateMachineUpdater.java:stopAndJoin(136)) - 01449a64-8d93-448f-af9d-a56c36523a6d@group-B39B9A62A6C3-StateMachineUpdater: set stopIndex = 0
2019-10-14 19:25:50,964 [ForkJoinPool.commonPool-worker-0] INFO  impl.StateMachineUpdater (StateMachineUpdater.java:stopAndJoin(136)) - 3fb132f9-3c35-4373-99da-83b8979a28e0@group-F85A84F11C30-StateMachineUpdater: set stopIndex = 0
2019-10-14 19:25:50,965 [ForkJoinPool.commonPool-worker-0] INFO  impl.RaftServerImpl (ServerState.java:close(387)) - 3fb132f9-3c35-4373-99da-83b8979a28e0@group-F85A84F11C30: closes. applyIndex: 0
2019-10-14 19:25:50,964 [Thread-818] INFO  impl.FollowerState (FollowerState.java:run(117)) - 01449a64-8d93-448f-af9d-a56c36523a6d@group-B39B9A62A6C3-FollowerState was interrupted: java.lang.InterruptedException: sleep interrupted
2019-10-14 19:25:50,964 [main] INFO  impl.RaftServerImpl (ServerState.java:close(387)) - 01449a64-8d93-448f-af9d-a56c36523a6d@group-B39B9A62A6C3: closes. applyIndex: 0
2019-10-14 19:25:50,965 [3fb132f9-3c35-4373-99da-83b8979a28e0@group-F85A84F11C30-SegmentedRaftLogWorker] INFO  segmented.SegmentedRaftLogWorker (SegmentedRaftLogWorker.java:run(316)) - 3fb132f9-3c35-4373-99da-83b8979a28e0@group-F85A84F11C30-SegmentedRaftLogWorker was interrupted, exiting. There are 0 tasks remaining in the queue.
2019-10-14 19:25:50,968 [01449a64-8d93-448f-af9d-a56c36523a6d@group-B39B9A62A6C3-SegmentedRaftLogWorker] INFO  segmented.SegmentedRaftLogWorker (SegmentedRaftLogWorker.java:run(316)) - 01449a64-8d93-448f-af9d-a56c36523a6d@group-B39B9A62A6C3-SegmentedRaftLogWorker was interrupted, exiting. There are 0 tasks remaining in the queue.
2019-10-14 19:25:50,970 [ForkJoinPool.commonPool-worker-0] INFO  segmented.SegmentedRaftLogWorker (SegmentedRaftLogWorker.java:close(224)) - 3fb132f9-3c35-4373-99da-83b8979a28e0@group-F85A84F11C30-SegmentedRaftLogWorker close()
2019-10-14 19:25:50,972 [main] INFO  segmented.SegmentedRaftLogWorker (SegmentedRaftLogWorker.java:close(224)) - 01449a64-8d93-448f-af9d-a56c36523a6d@group-B39B9A62A6C3-SegmentedRaftLogWorker close()
2019-10-14 19:25:50,976 [ForkJoinPool.commonPool-worker-0] INFO  server.GrpcService (GrpcService.java:closeImpl(164)) - 3fb132f9-3c35-4373-99da-83b8979a28e0: shutdown server with port 45592 now
2019-10-14 19:25:50,980 [main] INFO  server.GrpcService (GrpcService.java:closeImpl(164)) - 01449a64-8d93-448f-af9d-a56c36523a6d: shutdown server with port 35434 now
2019-10-14 19:25:50,981 [main] INFO  server.GrpcService (GrpcService.java:closeImpl(172)) - 01449a64-8d93-448f-af9d-a56c36523a6d: shutdown server with port 35434 successfully
2019-10-14 19:25:50,981 [ForkJoinPool.commonPool-worker-0] INFO  server.GrpcService (GrpcService.java:closeImpl(172)) - 3fb132f9-3c35-4373-99da-83b8979a28e0: shutdown server with port 45592 successfully
2019-10-14 19:25:50,984 [refreshUsed-/workdir/hadoop-ozone/integration-test/target/test-dir/MiniOzoneClusterImpl-d886f0db-47f2-4bc5-8f88-b8b0eb7c8529/datanode-1/data/containers] WARN  fs.CachingGetSpaceUsed (CachingGetSpaceUsed.java:run(183)) - Thread Interrupted waiting to refresh disk information: sleep interrupted
2019-10-14 19:25:50,984 [refreshUsed-/workdir/hadoop-ozone/integration-test/target/test-dir/MiniOzoneClusterImpl-d886f0db-47f2-4bc5-8f88-b8b0eb7c8529/datanode-4/data/containers] WARN  fs.CachingGetSpaceUsed (CachingGetSpaceUsed.java:run(183)) - Thread Interrupted waiting to refresh disk information: sleep interrupted
2019-10-14 19:25:51,011 [main] INFO  utils.BackgroundService (BackgroundService.java:shutdown(151)) - Shutting down service BlockDeletingService
2019-10-14 19:25:51,017 [main] INFO  statemachine.DatanodeStateMachine (DatanodeStateMachine.java:stopDaemon(395)) - Ozone container server stopped.
2019-10-14 19:25:51,020 [main] INFO  handler.ContextHandler (ContextHandler.java:doStop(910)) - Stopped o.e.j.w.WebAppContext@7e4579c7{/,null,UNAVAILABLE}{/hddsDatanode}
2019-10-14 19:25:51,020 [ForkJoinPool.commonPool-worker-0] INFO  utils.BackgroundService (BackgroundService.java:shutdown(151)) - Shutting down service BlockDeletingService
2019-10-14 19:25:51,021 [main] INFO  server.AbstractConnector (AbstractConnector.java:doStop(318)) - Stopped ServerConnector@796f632b{HTTP/1.1,[http/1.1]}{0.0.0.0:0}
2019-10-14 19:25:51,026 [ForkJoinPool.commonPool-worker-0] INFO  statemachine.DatanodeStateMachine (DatanodeStateMachine.java:stopDaemon(395)) - Ozone container server stopped.
2019-10-14 19:25:51,026 [main] INFO  handler.ContextHandler (ContextHandler.java:doStop(910)) - Stopped o.e.j.s.ServletContextHandler@7dcb42a9{/static,jar:file:/home/user/.m2/repository/org/apache/hadoop/hadoop-hdds-container-service/0.5.0-SNAPSHOT/hadoop-hdds-container-service-0.5.0-SNAPSHOT.jar!/webapps/static,UNAVAILABLE}
2019-10-14 19:25:51,031 [main] INFO  handler.ContextHandler (ContextHandler.java:doStop(910)) - Stopped o.e.j.s.ServletContextHandler@152c4495{/logs,file:///workdir/hadoop-ozone/integration-test/target/log,UNAVAILABLE}
2019-10-14 19:25:51,033 [ForkJoinPool.commonPool-worker-0] INFO  handler.ContextHandler (ContextHandler.java:doStop(910)) - Stopped o.e.j.w.WebAppContext@66cd621b{/,null,UNAVAILABLE}{/hddsDatanode}
2019-10-14 19:25:51,034 [ForkJoinPool.commonPool-worker-0] INFO  server.AbstractConnector (AbstractConnector.java:doStop(318)) - Stopped ServerConnector@d3f4505{HTTP/1.1,[http/1.1]}{0.0.0.0:0}
2019-10-14 19:25:51,036 [ForkJoinPool.commonPool-worker-0] INFO  handler.ContextHandler (ContextHandler.java:doStop(910)) - Stopped o.e.j.s.ServletContextHandler@631cb129{/static,jar:file:/home/user/.m2/repository/org/apache/hadoop/hadoop-hdds-container-service/0.5.0-SNAPSHOT/hadoop-hdds-container-service-0.5.0-SNAPSHOT.jar!/webapps/static,UNAVAILABLE}
2019-10-14 19:25:51,038 [ForkJoinPool.commonPool-worker-0] INFO  handler.ContextHandler (ContextHandler.java:doStop(910)) - Stopped o.e.j.s.ServletContextHandler@3127cb44{/logs,file:///workdir/hadoop-ozone/integration-test/target/log,UNAVAILABLE}
2019-10-14 19:25:51,639 [Datanode State Machine Thread - 0] INFO  statemachine.DatanodeStateMachine (DatanodeStateMachine.java:lambda$startDaemon$0(350)) - Ozone container server started.
2019-10-14 19:25:51,856 [Datanode State Machine Thread - 0] INFO  statemachine.DatanodeStateMachine (DatanodeStateMachine.java:lambda$startDaemon$0(350)) - Ozone container server started.
2019-10-14 19:25:56,036 [main] INFO  ozoneimpl.OzoneContainer (OzoneContainer.java:stop(227)) - Attempting to stop container services.
2019-10-14 19:25:56,038 [main] INFO  impl.RaftServerProxy (RaftServerProxy.java:lambda$close$4(314)) - 667ab7f6-1304-4576-8065-ee21422d46c2: close
2019-10-14 19:25:56,039 [main] INFO  impl.RaftServerImpl (RaftServerImpl.java:lambda$shutdown$3(247)) - 667ab7f6-1304-4576-8065-ee21422d46c2@group-E13DF2A05D7E: shutdown
2019-10-14 19:25:56,040 [main] INFO  util.JmxRegister (JmxRegister.java:unregister(73)) - Successfully un-registered JMX Bean with object name Ratis:service=RaftServer,group=group-E13DF2A05D7E,id=667ab7f6-1304-4576-8065-ee21422d46c2
2019-10-14 19:25:56,040 [ForkJoinPool.commonPool-worker-0] INFO  ozoneimpl.OzoneContainer (OzoneContainer.java:stop(227)) - Attempting to stop container services.
2019-10-14 19:25:56,040 [main] INFO  impl.RoleInfo (RoleInfo.java:shutdownLeaderState(104)) - 667ab7f6-1304-4576-8065-ee21422d46c2: shutdown LeaderState
2019-10-14 19:25:56,040 [ForkJoinPool.commonPool-worker-0] INFO  impl.RaftServerProxy (RaftServerProxy.java:lambda$close$4(314)) - a33f834b-b66a-4354-b261-b5dccb079bb7: close
2019-10-14 19:25:56,041 [main] INFO  impl.PendingRequests (PendingRequests.java:sendNotLeaderResponses(202)) - 667ab7f6-1304-4576-8065-ee21422d46c2@group-E13DF2A05D7E-PendingRequests: sendNotLeaderResponses
2019-10-14 19:25:56,041 [ForkJoinPool.commonPool-worker-0] INFO  impl.RaftServerImpl (RaftServerImpl.java:lambda$shutdown$3(247)) - a33f834b-b66a-4354-b261-b5dccb079bb7@group-7C10719D05E7: shutdown
2019-10-14 19:25:56,041 [ForkJoinPool.commonPool-worker-0] INFO  util.JmxRegister (JmxRegister.java:unregister(73)) - Successfully un-registered JMX Bean with object name Ratis:service=RaftServer,group=group-7C10719D05E7,id=a33f834b-b66a-4354-b261-b5dccb079bb7
2019-10-14 19:25:56,042 [main] INFO  impl.StateMachineUpdater (StateMachineUpdater.java:stopAndJoin(136)) - 667ab7f6-1304-4576-8065-ee21422d46c2@group-E13DF2A05D7E-StateMachineUpdater: set stopIndex = 0
2019-10-14 19:25:56,042 [ForkJoinPool.commonPool-worker-0] INFO  impl.RoleInfo (RoleInfo.java:shutdownFollowerState(121)) - a33f834b-b66a-4354-b261-b5dccb079bb7: shutdown FollowerState
2019-10-14 19:25:56,042 [main] INFO  impl.RaftServerImpl (ServerState.java:close(387)) - 667ab7f6-1304-4576-8065-ee21422d46c2@group-E13DF2A05D7E: closes. applyIndex: 0
2019-10-14 19:25:56,042 [ForkJoinPool.commonPool-worker-0] INFO  impl.StateMachineUpdater (StateMachineUpdater.java:stopAndJoin(136)) - a33f834b-b66a-4354-b261-b5dccb079bb7@group-7C10719D05E7-StateMachineUpdater: set stopIndex = 8
2019-10-14 19:25:56,043 [a33f834b-b66a-4354-b261-b5dccb079bb7@group-7C10719D05E7-StateMachineUpdater] INFO  ratis.ContainerStateMachine (ContainerStateMachine.java:takeSnapshot(296)) - group-7C10719D05E7: Taking a snapshot at:(t:1, i:5) file /workdir/hadoop-ozone/integration-test/target/test-dir/MiniOzoneClusterImpl-d886f0db-47f2-4bc5-8f88-b8b0eb7c8529/datanode-2/data/ratis/890dd35c-976f-409e-b960-7c10719d05e7/sm/snapshot.1_5
2019-10-14 19:25:56,043 [Thread-801] INFO  impl.FollowerState (FollowerState.java:run(117)) - a33f834b-b66a-4354-b261-b5dccb079bb7@group-7C10719D05E7-FollowerState was interrupted: java.lang.InterruptedException: sleep interrupted
2019-10-14 19:25:56,043 [667ab7f6-1304-4576-8065-ee21422d46c2@group-E13DF2A05D7E-SegmentedRaftLogWorker] INFO  segmented.SegmentedRaftLogWorker (SegmentedRaftLogWorker.java:run(316)) - 667ab7f6-1304-4576-8065-ee21422d46c2@group-E13DF2A05D7E-SegmentedRaftLogWorker was interrupted, exiting. There are 0 tasks remaining in the queue.
2019-10-14 19:25:56,046 [main] INFO  segmented.SegmentedRaftLogWorker (SegmentedRaftLogWorker.java:close(224)) - 667ab7f6-1304-4576-8065-ee21422d46c2@group-E13DF2A05D7E-SegmentedRaftLogWorker close()
2019-10-14 19:25:56,049 [main] INFO  impl.RaftServerImpl (RaftServerImpl.java:lambda$shutdown$3(247)) - 667ab7f6-1304-4576-8065-ee21422d46c2@group-B39B9A62A6C3: shutdown
2019-10-14 19:25:56,049 [main] INFO  util.JmxRegister (JmxRegister.java:unregister(73)) - Successfully un-registered JMX Bean with object name Ratis:service=RaftServer,group=group-B39B9A62A6C3,id=667ab7f6-1304-4576-8065-ee21422d46c2
2019-10-14 19:25:56,050 [main] INFO  impl.RoleInfo (RoleInfo.java:shutdownFollowerState(121)) - 667ab7f6-1304-4576-8065-ee21422d46c2: shutdown FollowerState
2019-10-14 19:25:56,050 [main] INFO  impl.StateMachineUpdater (StateMachineUpdater.java:stopAndJoin(136)) - 667ab7f6-1304-4576-8065-ee21422d46c2@group-B39B9A62A6C3-StateMachineUpdater: set stopIndex = 0
2019-10-14 19:25:56,050 [Thread-823] INFO  impl.FollowerState (FollowerState.java:run(117)) - 667ab7f6-1304-4576-8065-ee21422d46c2@group-B39B9A62A6C3-FollowerState was interrupted: java.lang.InterruptedException: sleep interrupted
2019-10-14 19:25:56,050 [main] INFO  impl.RaftServerImpl (ServerState.java:close(387)) - 667ab7f6-1304-4576-8065-ee21422d46c2@group-B39B9A62A6C3: closes. applyIndex: 0
2019-10-14 19:25:56,052 [667ab7f6-1304-4576-8065-ee21422d46c2@group-B39B9A62A6C3-SegmentedRaftLogWorker] INFO  segmented.SegmentedRaftLogWorker (SegmentedRaftLogWorker.java:run(316)) - 667ab7f6-1304-4576-8065-ee21422d46c2@group-B39B9A62A6C3-SegmentedRaftLogWorker was interrupted, exiting. There are 0 tasks remaining in the queue.
2019-10-14 19:25:56,054 [main] INFO  segmented.SegmentedRaftLogWorker (SegmentedRaftLogWorker.java:close(224)) - 667ab7f6-1304-4576-8065-ee21422d46c2@group-B39B9A62A6C3-SegmentedRaftLogWorker close()
2019-10-14 19:25:56,057 [main] INFO  server.GrpcService (GrpcService.java:closeImpl(164)) - 667ab7f6-1304-4576-8065-ee21422d46c2: shutdown server with port 43837 now
2019-10-14 19:25:56,058 [main] INFO  server.GrpcService (GrpcService.java:closeImpl(172)) - 667ab7f6-1304-4576-8065-ee21422d46c2: shutdown server with port 43837 successfully
2019-10-14 19:25:56,059 [refreshUsed-/workdir/hadoop-ozone/integration-test/target/test-dir/MiniOzoneClusterImpl-d886f0db-47f2-4bc5-8f88-b8b0eb7c8529/datanode-3/data/containers] WARN  fs.CachingGetSpaceUsed (CachingGetSpaceUsed.java:run(183)) - Thread Interrupted waiting to refresh disk information: sleep interrupted
2019-10-14 19:25:56,072 [a33f834b-b66a-4354-b261-b5dccb079bb7@group-7C10719D05E7-StateMachineUpdater] INFO  ratis.ContainerStateMachine (ContainerStateMachine.java:takeSnapshot(307)) - group-7C10719D05E7: Finished taking a snapshot at:(t:1, i:5) file:/workdir/hadoop-ozone/integration-test/target/test-dir/MiniOzoneClusterImpl-d886f0db-47f2-4bc5-8f88-b8b0eb7c8529/datanode-2/data/ratis/890dd35c-976f-409e-b960-7c10719d05e7/sm/snapshot.1_5 time:30
2019-10-14 19:25:56,073 [a33f834b-b66a-4354-b261-b5dccb079bb7@group-7C10719D05E7-StateMachineUpdater] INFO  impl.StateMachineUpdater (StateMachineUpdater.java:takeSnapshot(269)) - a33f834b-b66a-4354-b261-b5dccb079bb7@group-7C10719D05E7-StateMachineUpdater: Took a snapshot at index 5
2019-10-14 19:25:56,073 [a33f834b-b66a-4354-b261-b5dccb079bb7@group-7C10719D05E7-StateMachineUpdater] INFO  impl.StateMachineUpdater (StateMachineUpdater.java:lambda$new$0(84)) - a33f834b-b66a-4354-b261-b5dccb079bb7@group-7C10719D05E7-StateMachineUpdater: snapshotIndex: updateIncreasingly -1 -> 5
2019-10-14 19:25:56,074 [a33f834b-b66a-4354-b261-b5dccb079bb7@group-7C10719D05E7-StateMachineUpdater] INFO  ratis.ContainerStateMachine (ContainerStateMachine.java:takeSnapshot(296)) - group-7C10719D05E7: Taking a snapshot at:(t:1, i:5) file /workdir/hadoop-ozone/integration-test/target/test-dir/MiniOzoneClusterImpl-d886f0db-47f2-4bc5-8f88-b8b0eb7c8529/datanode-2/data/ratis/890dd35c-976f-409e-b960-7c10719d05e7/sm/snapshot.1_5
2019-10-14 19:25:56,076 [main] INFO  utils.BackgroundService (BackgroundService.java:shutdown(151)) - Shutting down service BlockDeletingService
2019-10-14 19:25:56,082 [main] INFO  statemachine.DatanodeStateMachine (DatanodeStateMachine.java:stopDaemon(395)) - Ozone container server stopped.
2019-10-14 19:25:56,095 [main] INFO  handler.ContextHandler (ContextHandler.java:doStop(910)) - Stopped o.e.j.w.WebAppContext@3a7e365{/,null,UNAVAILABLE}{/hddsDatanode}
2019-10-14 19:25:56,097 [a33f834b-b66a-4354-b261-b5dccb079bb7@group-7C10719D05E7-StateMachineUpdater] INFO  ratis.ContainerStateMachine (ContainerStateMachine.java:takeSnapshot(307)) - group-7C10719D05E7: Finished taking a snapshot at:(t:1, i:5) file:/workdir/hadoop-ozone/integration-test/target/test-dir/MiniOzoneClusterImpl-d886f0db-47f2-4bc5-8f88-b8b0eb7c8529/datanode-2/data/ratis/890dd35c-976f-409e-b960-7c10719d05e7/sm/snapshot.1_5 time:23
2019-10-14 19:25:56,097 [main] INFO  server.AbstractConnector (AbstractConnector.java:doStop(318)) - Stopped ServerConnector@2ceee4b6{HTTP/1.1,[http/1.1]}{0.0.0.0:0}
2019-10-14 19:25:56,097 [a33f834b-b66a-4354-b261-b5dccb079bb7@group-7C10719D05E7-StateMachineUpdater] INFO  impl.StateMachineUpdater (StateMachineUpdater.java:takeSnapshot(269)) - a33f834b-b66a-4354-b261-b5dccb079bb7@group-7C10719D05E7-StateMachineUpdater: Took a snapshot at index 5
2019-10-14 19:25:56,097 [a33f834b-b66a-4354-b261-b5dccb079bb7@group-7C10719D05E7-StateMachineUpdater] INFO  impl.StateMachineUpdater (StateMachineUpdater.java:lambda$new$0(84)) - a33f834b-b66a-4354-b261-b5dccb079bb7@group-7C10719D05E7-StateMachineUpdater: snapshotIndex: updateIncreasingly 5 -> 5
2019-10-14 19:25:56,097 [main] INFO  handler.ContextHandler (ContextHandler.java:doStop(910)) - Stopped o.e.j.s.ServletContextHandler@f3560d4{/static,jar:file:/home/user/.m2/repository/org/apache/hadoop/hadoop-hdds-container-service/0.5.0-SNAPSHOT/hadoop-hdds-container-service-0.5.0-SNAPSHOT.jar!/webapps/static,UNAVAILABLE}
2019-10-14 19:25:56,097 [ForkJoinPool.commonPool-worker-0] INFO  impl.RaftServerImpl (ServerState.java:close(387)) - a33f834b-b66a-4354-b261-b5dccb079bb7@group-7C10719D05E7: closes. applyIndex: 8
2019-10-14 19:25:56,098 [main] INFO  handler.ContextHandler (ContextHandler.java:doStop(910)) - Stopped o.e.j.s.ServletContextHandler@6ff0b1cc{/logs,file:///workdir/hadoop-ozone/integration-test/target/log,UNAVAILABLE}
2019-10-14 19:25:56,098 [a33f834b-b66a-4354-b261-b5dccb079bb7@group-7C10719D05E7-SegmentedRaftLogWorker] INFO  segmented.SegmentedRaftLogWorker (SegmentedRaftLogWorker.java:run(316)) - a33f834b-b66a-4354-b261-b5dccb079bb7@group-7C10719D05E7-SegmentedRaftLogWorker was interrupted, exiting. There are 0 tasks remaining in the queue.
2019-10-14 19:25:56,100 [ForkJoinPool.commonPool-worker-0] INFO  segmented.SegmentedRaftLogWorker (SegmentedRaftLogWorker.java:close(224)) - a33f834b-b66a-4354-b261-b5dccb079bb7@group-7C10719D05E7-SegmentedRaftLogWorker close()
2019-10-14 19:25:56,103 [ForkJoinPool.commonPool-worker-0] INFO  impl.RaftServerImpl (RaftServerImpl.java:lambda$shutdown$3(247)) - a33f834b-b66a-4354-b261-b5dccb079bb7@group-66A7E58C1D3D: shutdown
2019-10-14 19:25:56,103 [ForkJoinPool.commonPool-worker-0] INFO  util.JmxRegister (JmxRegister.java:unregister(73)) - Successfully un-registered JMX Bean with object name Ratis:service=RaftServer,group=group-66A7E58C1D3D,id=a33f834b-b66a-4354-b261-b5dccb079bb7
2019-10-14 19:25:56,104 [ForkJoinPool.commonPool-worker-0] INFO  impl.RoleInfo (RoleInfo.java:shutdownLeaderState(104)) - a33f834b-b66a-4354-b261-b5dccb079bb7: shutdown LeaderState
2019-10-14 19:25:56,104 [ForkJoinPool.commonPool-worker-0] INFO  impl.PendingRequests (PendingRequests.java:sendNotLeaderResponses(202)) - a33f834b-b66a-4354-b261-b5dccb079bb7@group-66A7E58C1D3D-PendingRequests: sendNotLeaderResponses
2019-10-14 19:25:56,104 [ForkJoinPool.commonPool-worker-0] INFO  impl.StateMachineUpdater (StateMachineUpdater.java:stopAndJoin(136)) - a33f834b-b66a-4354-b261-b5dccb079bb7@group-66A7E58C1D3D-StateMachineUpdater: set stopIndex = 0
2019-10-14 19:25:56,104 [ForkJoinPool.commonPool-worker-0] INFO  impl.RaftServerImpl (ServerState.java:close(387)) - a33f834b-b66a-4354-b261-b5dccb079bb7@group-66A7E58C1D3D: closes. applyIndex: 0
2019-10-14 19:25:56,105 [a33f834b-b66a-4354-b261-b5dccb079bb7@group-66A7E58C1D3D-SegmentedRaftLogWorker] INFO  segmented.SegmentedRaftLogWorker (SegmentedRaftLogWorker.java:run(316)) - a33f834b-b66a-4354-b261-b5dccb079bb7@group-66A7E58C1D3D-SegmentedRaftLogWorker was interrupted, exiting. There are 0 tasks remaining in the queue.
2019-10-14 19:25:56,107 [ForkJoinPool.commonPool-worker-0] INFO  segmented.SegmentedRaftLogWorker (SegmentedRaftLogWorker.java:close(224)) - a33f834b-b66a-4354-b261-b5dccb079bb7@group-66A7E58C1D3D-SegmentedRaftLogWorker close()
2019-10-14 19:25:56,111 [ForkJoinPool.commonPool-worker-0] INFO  server.GrpcService (GrpcService.java:closeImpl(164)) - a33f834b-b66a-4354-b261-b5dccb079bb7: shutdown server with port 43999 now
2019-10-14 19:25:56,113 [grpc-default-executor-3] WARN  server.GrpcServerProtocolService (LogUtils.java:warn(134)) - a33f834b-b66a-4354-b261-b5dccb079bb7: installSnapshot onError, lastRequest: e449d29f-23ec-4943-8e04-16f349e7a11f->a33f834b-b66a-4354-b261-b5dccb079bb7#49-t1, previous=(t:1, i:8), leaderCommit=8, initializing? false, entries: <empty>: org.apache.ratis.thirdparty.io.grpc.StatusRuntimeException: CANCELLED: cancelled before receiving half close
2019-10-14 19:25:56,113 [ForkJoinPool.commonPool-worker-0] INFO  server.GrpcService (GrpcService.java:closeImpl(172)) - a33f834b-b66a-4354-b261-b5dccb079bb7: shutdown server with port 43999 successfully
2019-10-14 19:25:56,113 [grpc-default-executor-2] WARN  server.GrpcLogAppender (LogUtils.java:warn(134)) - e449d29f-23ec-4943-8e04-16f349e7a11f@group-7C10719D05E7->a33f834b-b66a-4354-b261-b5dccb079bb7-AppendLogResponseHandler: Failed appendEntries: org.apache.ratis.thirdparty.io.grpc.StatusRuntimeException: CANCELLED: HTTP/2 error code: CANCEL
Received Rst Stream
2019-10-14 19:25:56,116 [grpc-default-executor-2] INFO  impl.FollowerInfo (FollowerInfo.java:lambda$new$0(51)) - e449d29f-23ec-4943-8e04-16f349e7a11f@group-7C10719D05E7->a33f834b-b66a-4354-b261-b5dccb079bb7: nextIndex: updateUnconditionally 9 -> 8
2019-10-14 19:25:56,117 [refreshUsed-/workdir/hadoop-ozone/integration-test/target/test-dir/MiniOzoneClusterImpl-d886f0db-47f2-4bc5-8f88-b8b0eb7c8529/datanode-2/data/containers] WARN  fs.CachingGetSpaceUsed (CachingGetSpaceUsed.java:run(183)) - Thread Interrupted waiting to refresh disk information: sleep interrupted
2019-10-14 19:25:56,133 [ForkJoinPool.commonPool-worker-0] INFO  utils.BackgroundService (BackgroundService.java:shutdown(151)) - Shutting down service BlockDeletingService
2019-10-14 19:25:56,137 [ForkJoinPool.commonPool-worker-0] INFO  statemachine.DatanodeStateMachine (DatanodeStateMachine.java:stopDaemon(395)) - Ozone container server stopped.
2019-10-14 19:25:56,142 [ForkJoinPool.commonPool-worker-0] INFO  handler.ContextHandler (ContextHandler.java:doStop(910)) - Stopped o.e.j.w.WebAppContext@b73433{/,null,UNAVAILABLE}{/hddsDatanode}
2019-10-14 19:25:56,142 [ForkJoinPool.commonPool-worker-0] INFO  server.AbstractConnector (AbstractConnector.java:doStop(318)) - Stopped ServerConnector@1bf14704{HTTP/1.1,[http/1.1]}{0.0.0.0:0}
2019-10-14 19:25:56,144 [ForkJoinPool.commonPool-worker-0] INFO  handler.ContextHandler (ContextHandler.java:doStop(910)) - Stopped o.e.j.s.ServletContextHandler@68f6e55d{/static,jar:file:/home/user/.m2/repository/org/apache/hadoop/hadoop-hdds-container-service/0.5.0-SNAPSHOT/hadoop-hdds-container-service-0.5.0-SNAPSHOT.jar!/webapps/static,UNAVAILABLE}
2019-10-14 19:25:56,145 [ForkJoinPool.commonPool-worker-0] INFO  handler.ContextHandler (ContextHandler.java:doStop(910)) - Stopped o.e.j.s.ServletContextHandler@20eaeaf8{/logs,file:///workdir/hadoop-ozone/integration-test/target/log,UNAVAILABLE}
2019-10-14 19:25:56,190 [Datanode State Machine Thread - 0] INFO  statemachine.DatanodeStateMachine (DatanodeStateMachine.java:lambda$startDaemon$0(350)) - Ozone container server started.
2019-10-14 19:25:56,306 [grpc-default-executor-2] WARN  server.GrpcLogAppender (LogUtils.java:warn(134)) - e449d29f-23ec-4943-8e04-16f349e7a11f@group-7C10719D05E7->a33f834b-b66a-4354-b261-b5dccb079bb7-AppendLogResponseHandler: Failed appendEntries: org.apache.ratis.thirdparty.io.grpc.StatusRuntimeException: UNAVAILABLE: io exception
2019-10-14 19:25:56,307 [grpc-default-executor-2] INFO  impl.FollowerInfo (FollowerInfo.java:lambda$new$0(51)) - e449d29f-23ec-4943-8e04-16f349e7a11f@group-7C10719D05E7->a33f834b-b66a-4354-b261-b5dccb079bb7: nextIndex: updateUnconditionally 8 -> 7
2019-10-14 19:25:56,641 [Datanode State Machine Thread - 0] INFO  statemachine.DatanodeStateMachine (DatanodeStateMachine.java:lambda$startDaemon$0(350)) - Ozone container server started.
2019-10-14 19:25:58,808 [grpc-default-executor-1] WARN  server.GrpcLogAppender (LogUtils.java:warn(134)) - e449d29f-23ec-4943-8e04-16f349e7a11f@group-7C10719D05E7->a33f834b-b66a-4354-b261-b5dccb079bb7-AppendLogResponseHandler: Failed appendEntries: org.apache.ratis.thirdparty.io.grpc.StatusRuntimeException: UNAVAILABLE: io exception
2019-10-14 19:25:58,808 [grpc-default-executor-1] INFO  impl.FollowerInfo (FollowerInfo.java:lambda$new$0(51)) - e449d29f-23ec-4943-8e04-16f349e7a11f@group-7C10719D05E7->a33f834b-b66a-4354-b261-b5dccb079bb7: nextIndex: updateUnconditionally 7 -> 6
2019-10-14 19:26:01,105 [main] INFO  ozoneimpl.OzoneContainer (OzoneContainer.java:stop(227)) - Attempting to stop container services.
2019-10-14 19:26:01,108 [main] INFO  impl.RaftServerProxy (RaftServerProxy.java:lambda$close$4(314)) - e449d29f-23ec-4943-8e04-16f349e7a11f: close
2019-10-14 19:26:01,108 [main] INFO  impl.RaftServerImpl (RaftServerImpl.java:lambda$shutdown$3(247)) - e449d29f-23ec-4943-8e04-16f349e7a11f@group-0AE4D58E3260: shutdown
2019-10-14 19:26:01,109 [main] INFO  util.JmxRegister (JmxRegister.java:unregister(73)) - Successfully un-registered JMX Bean with object name Ratis:service=RaftServer,group=group-0AE4D58E3260,id=e449d29f-23ec-4943-8e04-16f349e7a11f
2019-10-14 19:26:01,110 [main] INFO  impl.RoleInfo (RoleInfo.java:shutdownLeaderState(104)) - e449d29f-23ec-4943-8e04-16f349e7a11f: shutdown LeaderState
2019-10-14 19:26:01,110 [main] INFO  impl.PendingRequests (PendingRequests.java:sendNotLeaderResponses(202)) - e449d29f-23ec-4943-8e04-16f349e7a11f@group-0AE4D58E3260-PendingRequests: sendNotLeaderResponses
2019-10-14 19:26:01,112 [main] INFO  impl.StateMachineUpdater (StateMachineUpdater.java:stopAndJoin(136)) - e449d29f-23ec-4943-8e04-16f349e7a11f@group-0AE4D58E3260-StateMachineUpdater: set stopIndex = 0
2019-10-14 19:26:01,112 [main] INFO  impl.RaftServerImpl (ServerState.java:close(387)) - e449d29f-23ec-4943-8e04-16f349e7a11f@group-0AE4D58E3260: closes. applyIndex: 0
2019-10-14 19:26:01,113 [e449d29f-23ec-4943-8e04-16f349e7a11f@group-0AE4D58E3260-SegmentedRaftLogWorker] INFO  segmented.SegmentedRaftLogWorker (SegmentedRaftLogWorker.java:run(316)) - e449d29f-23ec-4943-8e04-16f349e7a11f@group-0AE4D58E3260-SegmentedRaftLogWorker was interrupted, exiting. There are 0 tasks remaining in the queue.
2019-10-14 19:26:01,115 [main] INFO  segmented.SegmentedRaftLogWorker (SegmentedRaftLogWorker.java:close(224)) - e449d29f-23ec-4943-8e04-16f349e7a11f@group-0AE4D58E3260-SegmentedRaftLogWorker close()
2019-10-14 19:26:01,119 [main] INFO  impl.RaftServerImpl (RaftServerImpl.java:lambda$shutdown$3(247)) - e449d29f-23ec-4943-8e04-16f349e7a11f@group-7C10719D05E7: shutdown
2019-10-14 19:26:01,120 [main] INFO  util.JmxRegister (JmxRegister.java:unregister(73)) - Successfully un-registered JMX Bean with object name Ratis:service=RaftServer,group=group-7C10719D05E7,id=e449d29f-23ec-4943-8e04-16f349e7a11f
2019-10-14 19:26:01,120 [main] INFO  impl.RoleInfo (RoleInfo.java:shutdownLeaderState(104)) - e449d29f-23ec-4943-8e04-16f349e7a11f: shutdown LeaderState
2019-10-14 19:26:01,124 [main] INFO  impl.PendingRequests (PendingRequests.java:sendNotLeaderResponses(202)) - e449d29f-23ec-4943-8e04-16f349e7a11f@group-7C10719D05E7-PendingRequests: sendNotLeaderResponses
2019-10-14 19:26:01,124 [org.apache.ratis.server.impl.LogAppender$AppenderDaemon$$Lambda$433/1966556315@2cf39741] WARN  server.GrpcLogAppender (GrpcLogAppender.java:mayWait(143)) - e449d29f-23ec-4943-8e04-16f349e7a11f@group-7C10719D05E7->867be414-fe82-4697-923b-46e307d25728-GrpcLogAppender: Wait interrupted by java.lang.InterruptedException
2019-10-14 19:26:01,126 [e449d29f-23ec-4943-8e04-16f349e7a11f@group-7C10719D05E7-StateMachineUpdater] INFO  ratis.ContainerStateMachine (ContainerStateMachine.java:takeSnapshot(296)) - group-7C10719D05E7: Taking a snapshot at:(t:1, i:6) file /workdir/hadoop-ozone/integration-test/target/test-dir/MiniOzoneClusterImpl-d886f0db-47f2-4bc5-8f88-b8b0eb7c8529/datanode-6/data/ratis/890dd35c-976f-409e-b960-7c10719d05e7/sm/snapshot.1_6
2019-10-14 19:26:01,124 [org.apache.ratis.server.impl.LogAppender$AppenderDaemon$$Lambda$433/1966556315@4a94793] WARN  server.GrpcLogAppender (GrpcLogAppender.java:mayWait(143)) - e449d29f-23ec-4943-8e04-16f349e7a11f@group-7C10719D05E7->a33f834b-b66a-4354-b261-b5dccb079bb7-GrpcLogAppender: Wait interrupted by java.lang.InterruptedException
2019-10-14 19:26:01,126 [main] INFO  impl.StateMachineUpdater (StateMachineUpdater.java:stopAndJoin(136)) - e449d29f-23ec-4943-8e04-16f349e7a11f@group-7C10719D05E7-StateMachineUpdater: set stopIndex = 8
2019-10-14 19:26:01,128 [grpc-default-executor-1] INFO  server.GrpcServerProtocolService (GrpcServerProtocolService.java:onCompleted(113)) - 867be414-fe82-4697-923b-46e307d25728: Completed APPEND_ENTRIES, lastRequest: e449d29f-23ec-4943-8e04-16f349e7a11f->867be414-fe82-4697-923b-46e307d25728#51-t1, previous=(t:1, i:8), leaderCommit=8, initializing? false, entries: <empty>
2019-10-14 19:26:01,130 [grpc-default-executor-1] INFO  server.GrpcLogAppender (GrpcLogAppender.java:onCompleted(293)) - e449d29f-23ec-4943-8e04-16f349e7a11f@group-7C10719D05E7->867be414-fe82-4697-923b-46e307d25728-AppendLogResponseHandler: follower responses appendEntries COMPLETED
2019-10-14 19:26:01,131 [grpc-default-executor-1] INFO  impl.FollowerInfo (FollowerInfo.java:lambda$new$0(51)) - e449d29f-23ec-4943-8e04-16f349e7a11f@group-7C10719D05E7->867be414-fe82-4697-923b-46e307d25728: nextIndex: updateUnconditionally 9 -> 8
2019-10-14 19:26:01,146 [ForkJoinPool.commonPool-worker-0] INFO  ozoneimpl.OzoneContainer (OzoneContainer.java:stop(227)) - Attempting to stop container services.
2019-10-14 19:26:01,147 [ForkJoinPool.commonPool-worker-0] INFO  impl.RaftServerProxy (RaftServerProxy.java:lambda$close$4(314)) - 3b3be084-020b-43b6-aab5-07dc78b653c2: close
2019-10-14 19:26:01,147 [ForkJoinPool.commonPool-worker-0] INFO  impl.RaftServerImpl (RaftServerImpl.java:lambda$shutdown$3(247)) - 3b3be084-020b-43b6-aab5-07dc78b653c2@group-C51FAE0A96BB: shutdown
2019-10-14 19:26:01,147 [ForkJoinPool.commonPool-worker-0] INFO  util.JmxRegister (JmxRegister.java:unregister(73)) - Successfully un-registered JMX Bean with object name Ratis:service=RaftServer,group=group-C51FAE0A96BB,id=3b3be084-020b-43b6-aab5-07dc78b653c2
2019-10-14 19:26:01,148 [ForkJoinPool.commonPool-worker-0] INFO  impl.RoleInfo (RoleInfo.java:shutdownLeaderState(104)) - 3b3be084-020b-43b6-aab5-07dc78b653c2: shutdown LeaderState
2019-10-14 19:26:01,148 [ForkJoinPool.commonPool-worker-0] INFO  impl.PendingRequests (PendingRequests.java:sendNotLeaderResponses(202)) - 3b3be084-020b-43b6-aab5-07dc78b653c2@group-C51FAE0A96BB-PendingRequests: sendNotLeaderResponses
2019-10-14 19:26:01,148 [ForkJoinPool.commonPool-worker-0] INFO  impl.StateMachineUpdater (StateMachineUpdater.java:stopAndJoin(136)) - 3b3be084-020b-43b6-aab5-07dc78b653c2@group-C51FAE0A96BB-StateMachineUpdater: set stopIndex = 0
2019-10-14 19:26:01,149 [ForkJoinPool.commonPool-worker-0] INFO  impl.RaftServerImpl (ServerState.java:close(387)) - 3b3be084-020b-43b6-aab5-07dc78b653c2@group-C51FAE0A96BB: closes. applyIndex: 0
2019-10-14 19:26:01,149 [3b3be084-020b-43b6-aab5-07dc78b653c2@group-C51FAE0A96BB-SegmentedRaftLogWorker] INFO  segmented.SegmentedRaftLogWorker (SegmentedRaftLogWorker.java:run(316)) - 3b3be084-020b-43b6-aab5-07dc78b653c2@group-C51FAE0A96BB-SegmentedRaftLogWorker was interrupted, exiting. There are 0 tasks remaining in the queue.
2019-10-14 19:26:01,157 [ForkJoinPool.commonPool-worker-0] INFO  segmented.SegmentedRaftLogWorker (SegmentedRaftLogWorker.java:close(224)) - 3b3be084-020b-43b6-aab5-07dc78b653c2@group-C51FAE0A96BB-SegmentedRaftLogWorker close()
2019-10-14 19:26:01,158 [e449d29f-23ec-4943-8e04-16f349e7a11f@group-7C10719D05E7-StateMachineUpdater] INFO  ratis.ContainerStateMachine (ContainerStateMachine.java:takeSnapshot(307)) - group-7C10719D05E7: Finished taking a snapshot at:(t:1, i:6) file:/workdir/hadoop-ozone/integration-test/target/test-dir/MiniOzoneClusterImpl-d886f0db-47f2-4bc5-8f88-b8b0eb7c8529/datanode-6/data/ratis/890dd35c-976f-409e-b960-7c10719d05e7/sm/snapshot.1_6 time:32
2019-10-14 19:26:01,159 [e449d29f-23ec-4943-8e04-16f349e7a11f@group-7C10719D05E7-StateMachineUpdater] INFO  impl.StateMachineUpdater (StateMachineUpdater.java:takeSnapshot(269)) - e449d29f-23ec-4943-8e04-16f349e7a11f@group-7C10719D05E7-StateMachineUpdater: Took a snapshot at index 6
2019-10-14 19:26:01,159 [ForkJoinPool.commonPool-worker-0] INFO  server.GrpcService (GrpcService.java:closeImpl(164)) - 3b3be084-020b-43b6-aab5-07dc78b653c2: shutdown server with port 45202 now
2019-10-14 19:26:01,159 [e449d29f-23ec-4943-8e04-16f349e7a11f@group-7C10719D05E7-StateMachineUpdater] INFO  impl.StateMachineUpdater (StateMachineUpdater.java:lambda$new$0(84)) - e449d29f-23ec-4943-8e04-16f349e7a11f@group-7C10719D05E7-StateMachineUpdater: snapshotIndex: updateIncreasingly -1 -> 6
2019-10-14 19:26:01,160 [ForkJoinPool.commonPool-worker-0] INFO  server.GrpcService (GrpcService.java:closeImpl(172)) - 3b3be084-020b-43b6-aab5-07dc78b653c2: shutdown server with port 45202 successfully
2019-10-14 19:26:01,160 [e449d29f-23ec-4943-8e04-16f349e7a11f@group-7C10719D05E7-StateMachineUpdater] INFO  ratis.ContainerStateMachine (ContainerStateMachine.java:takeSnapshot(296)) - group-7C10719D05E7: Taking a snapshot at:(t:1, i:6) file /workdir/hadoop-ozone/integration-test/target/test-dir/MiniOzoneClusterImpl-d886f0db-47f2-4bc5-8f88-b8b0eb7c8529/datanode-6/data/ratis/890dd35c-976f-409e-b960-7c10719d05e7/sm/snapshot.1_6
2019-10-14 19:26:01,163 [refreshUsed-/workdir/hadoop-ozone/integration-test/target/test-dir/MiniOzoneClusterImpl-d886f0db-47f2-4bc5-8f88-b8b0eb7c8529/datanode-0/data/containers] WARN  fs.CachingGetSpaceUsed (CachingGetSpaceUsed.java:run(183)) - Thread Interrupted waiting to refresh disk information: sleep interrupted
2019-10-14 19:26:01,184 [e449d29f-23ec-4943-8e04-16f349e7a11f@group-7C10719D05E7-StateMachineUpdater] INFO  ratis.ContainerStateMachine (ContainerStateMachine.java:takeSnapshot(307)) - group-7C10719D05E7: Finished taking a snapshot at:(t:1, i:6) file:/workdir/hadoop-ozone/integration-test/target/test-dir/MiniOzoneClusterImpl-d886f0db-47f2-4bc5-8f88-b8b0eb7c8529/datanode-6/data/ratis/890dd35c-976f-409e-b960-7c10719d05e7/sm/snapshot.1_6 time:23
2019-10-14 19:26:01,184 [e449d29f-23ec-4943-8e04-16f349e7a11f@group-7C10719D05E7-StateMachineUpdater] INFO  impl.StateMachineUpdater (StateMachineUpdater.java:takeSnapshot(269)) - e449d29f-23ec-4943-8e04-16f349e7a11f@group-7C10719D05E7-StateMachineUpdater: Took a snapshot at index 6
2019-10-14 19:26:01,184 [e449d29f-23ec-4943-8e04-16f349e7a11f@group-7C10719D05E7-StateMachineUpdater] INFO  impl.StateMachineUpdater (StateMachineUpdater.java:lambda$new$0(84)) - e449d29f-23ec-4943-8e04-16f349e7a11f@group-7C10719D05E7-StateMachineUpdater: snapshotIndex: updateIncreasingly 6 -> 6
2019-10-14 19:26:01,184 [main] INFO  impl.RaftServerImpl (ServerState.java:close(387)) - e449d29f-23ec-4943-8e04-16f349e7a11f@group-7C10719D05E7: closes. applyIndex: 8
2019-10-14 19:26:01,185 [ForkJoinPool.commonPool-worker-0] INFO  utils.BackgroundService (BackgroundService.java:shutdown(151)) - Shutting down service BlockDeletingService
2019-10-14 19:26:01,185 [e449d29f-23ec-4943-8e04-16f349e7a11f@group-7C10719D05E7-SegmentedRaftLogWorker] INFO  segmented.SegmentedRaftLogWorker (SegmentedRaftLogWorker.java:run(316)) - e449d29f-23ec-4943-8e04-16f349e7a11f@group-7C10719D05E7-SegmentedRaftLogWorker was interrupted, exiting. There are 0 tasks remaining in the queue.
2019-10-14 19:26:01,185 [main] INFO  segmented.SegmentedRaftLogWorker (SegmentedRaftLogWorker.java:close(224)) - e449d29f-23ec-4943-8e04-16f349e7a11f@group-7C10719D05E7-SegmentedRaftLogWorker close()
2019-10-14 19:26:01,189 [ForkJoinPool.commonPool-worker-0] INFO  statemachine.DatanodeStateMachine (DatanodeStateMachine.java:stopDaemon(395)) - Ozone container server stopped.
2019-10-14 19:26:01,191 [main] INFO  server.GrpcService (GrpcService.java:closeImpl(164)) - e449d29f-23ec-4943-8e04-16f349e7a11f: shutdown server with port 34574 now
2019-10-14 19:26:01,193 [main] INFO  server.GrpcService (GrpcService.java:closeImpl(172)) - e449d29f-23ec-4943-8e04-16f349e7a11f: shutdown server with port 34574 successfully
2019-10-14 19:26:01,195 [ForkJoinPool.commonPool-worker-0] INFO  handler.ContextHandler (ContextHandler.java:doStop(910)) - Stopped o.e.j.w.WebAppContext@7f4701b1{/,null,UNAVAILABLE}{/hddsDatanode}
2019-10-14 19:26:01,195 [ForkJoinPool.commonPool-worker-0] INFO  server.AbstractConnector (AbstractConnector.java:doStop(318)) - Stopped ServerConnector@adcfad9{HTTP/1.1,[http/1.1]}{0.0.0.0:0}
2019-10-14 19:26:01,200 [ForkJoinPool.commonPool-worker-0] INFO  handler.ContextHandler (ContextHandler.java:doStop(910)) - Stopped o.e.j.s.ServletContextHandler@5b20706{/static,jar:file:/home/user/.m2/repository/org/apache/hadoop/hadoop-hdds-container-service/0.5.0-SNAPSHOT/hadoop-hdds-container-service-0.5.0-SNAPSHOT.jar!/webapps/static,UNAVAILABLE}
2019-10-14 19:26:01,200 [refreshUsed-/workdir/hadoop-ozone/integration-test/target/test-dir/MiniOzoneClusterImpl-d886f0db-47f2-4bc5-8f88-b8b0eb7c8529/datanode-6/data/containers] WARN  fs.CachingGetSpaceUsed (CachingGetSpaceUsed.java:run(183)) - Thread Interrupted waiting to refresh disk information: sleep interrupted
2019-10-14 19:26:01,200 [ForkJoinPool.commonPool-worker-0] INFO  handler.ContextHandler (ContextHandler.java:doStop(910)) - Stopped o.e.j.s.ServletContextHandler@6d33a66e{/logs,file:///workdir/hadoop-ozone/integration-test/target/log,UNAVAILABLE}
2019-10-14 19:26:01,216 [main] INFO  utils.BackgroundService (BackgroundService.java:shutdown(151)) - Shutting down service BlockDeletingService
2019-10-14 19:26:01,219 [main] INFO  statemachine.DatanodeStateMachine (DatanodeStateMachine.java:stopDaemon(395)) - Ozone container server stopped.
2019-10-14 19:26:01,220 [main] INFO  handler.ContextHandler (ContextHandler.java:doStop(910)) - Stopped o.e.j.w.WebAppContext@66813e6e{/,null,UNAVAILABLE}{/hddsDatanode}
2019-10-14 19:26:01,221 [main] INFO  server.AbstractConnector (AbstractConnector.java:doStop(318)) - Stopped ServerConnector@dab1f89{HTTP/1.1,[http/1.1]}{0.0.0.0:0}
2019-10-14 19:26:01,221 [main] INFO  handler.ContextHandler (ContextHandler.java:doStop(910)) - Stopped o.e.j.s.ServletContextHandler@f8a6243{/static,jar:file:/home/user/.m2/repository/org/apache/hadoop/hadoop-hdds-container-service/0.5.0-SNAPSHOT/hadoop-hdds-container-service-0.5.0-SNAPSHOT.jar!/webapps/static,UNAVAILABLE}
2019-10-14 19:26:01,221 [main] INFO  handler.ContextHandler (ContextHandler.java:doStop(910)) - Stopped o.e.j.s.ServletContextHandler@29be997f{/logs,file:///workdir/hadoop-ozone/integration-test/target/log,UNAVAILABLE}
2019-10-14 19:26:01,638 [Datanode State Machine Thread - 0] INFO  statemachine.DatanodeStateMachine (DatanodeStateMachine.java:lambda$startDaemon$0(350)) - Ozone container server started.
2019-10-14 19:26:06,203 [ForkJoinPool.commonPool-worker-0] INFO  ozoneimpl.OzoneContainer (OzoneContainer.java:stop(227)) - Attempting to stop container services.
2019-10-14 19:26:06,205 [ForkJoinPool.commonPool-worker-0] INFO  impl.RaftServerProxy (RaftServerProxy.java:lambda$close$4(314)) - 867be414-fe82-4697-923b-46e307d25728: close
2019-10-14 19:26:06,205 [ForkJoinPool.commonPool-worker-0] INFO  impl.RaftServerImpl (RaftServerImpl.java:lambda$shutdown$3(247)) - 867be414-fe82-4697-923b-46e307d25728@group-88301BC54E2C: shutdown
2019-10-14 19:26:06,206 [ForkJoinPool.commonPool-worker-0] INFO  util.JmxRegister (JmxRegister.java:unregister(73)) - Successfully un-registered JMX Bean with object name Ratis:service=RaftServer,group=group-88301BC54E2C,id=867be414-fe82-4697-923b-46e307d25728
2019-10-14 19:26:06,206 [ForkJoinPool.commonPool-worker-0] INFO  impl.RoleInfo (RoleInfo.java:shutdownLeaderState(104)) - 867be414-fe82-4697-923b-46e307d25728: shutdown LeaderState
2019-10-14 19:26:06,207 [ForkJoinPool.commonPool-worker-0] INFO  impl.PendingRequests (PendingRequests.java:sendNotLeaderResponses(202)) - 867be414-fe82-4697-923b-46e307d25728@group-88301BC54E2C-PendingRequests: sendNotLeaderResponses
2019-10-14 19:26:06,207 [ForkJoinPool.commonPool-worker-0] INFO  impl.StateMachineUpdater (StateMachineUpdater.java:stopAndJoin(136)) - 867be414-fe82-4697-923b-46e307d25728@group-88301BC54E2C-StateMachineUpdater: set stopIndex = 0
2019-10-14 19:26:06,208 [ForkJoinPool.commonPool-worker-0] INFO  impl.RaftServerImpl (ServerState.java:close(387)) - 867be414-fe82-4697-923b-46e307d25728@group-88301BC54E2C: closes. applyIndex: 0
2019-10-14 19:26:06,209 [867be414-fe82-4697-923b-46e307d25728@group-88301BC54E2C-SegmentedRaftLogWorker] INFO  segmented.SegmentedRaftLogWorker (SegmentedRaftLogWorker.java:run(316)) - 867be414-fe82-4697-923b-46e307d25728@group-88301BC54E2C-SegmentedRaftLogWorker was interrupted, exiting. There are 0 tasks remaining in the queue.
2019-10-14 19:26:06,209 [ForkJoinPool.commonPool-worker-0] INFO  segmented.SegmentedRaftLogWorker (SegmentedRaftLogWorker.java:close(224)) - 867be414-fe82-4697-923b-46e307d25728@group-88301BC54E2C-SegmentedRaftLogWorker close()
2019-10-14 19:26:06,211 [ForkJoinPool.commonPool-worker-0] INFO  impl.RaftServerImpl (RaftServerImpl.java:lambda$shutdown$3(247)) - 867be414-fe82-4697-923b-46e307d25728@group-7C10719D05E7: shutdown
2019-10-14 19:26:06,211 [ForkJoinPool.commonPool-worker-0] INFO  util.JmxRegister (JmxRegister.java:unregister(73)) - Successfully un-registered JMX Bean with object name Ratis:service=RaftServer,group=group-7C10719D05E7,id=867be414-fe82-4697-923b-46e307d25728
2019-10-14 19:26:06,211 [ForkJoinPool.commonPool-worker-0] INFO  impl.RoleInfo (RoleInfo.java:shutdownFollowerState(121)) - 867be414-fe82-4697-923b-46e307d25728: shutdown FollowerState
2019-10-14 19:26:06,212 [ForkJoinPool.commonPool-worker-0] INFO  impl.StateMachineUpdater (StateMachineUpdater.java:stopAndJoin(136)) - 867be414-fe82-4697-923b-46e307d25728@group-7C10719D05E7-StateMachineUpdater: set stopIndex = 8
2019-10-14 19:26:06,212 [Thread-802] INFO  impl.FollowerState (FollowerState.java:run(117)) - 867be414-fe82-4697-923b-46e307d25728@group-7C10719D05E7-FollowerState was interrupted: java.lang.InterruptedException: sleep interrupted
2019-10-14 19:26:06,212 [867be414-fe82-4697-923b-46e307d25728@group-7C10719D05E7-StateMachineUpdater] INFO  ratis.ContainerStateMachine (ContainerStateMachine.java:takeSnapshot(296)) - group-7C10719D05E7: Taking a snapshot at:(t:1, i:5) file /workdir/hadoop-ozone/integration-test/target/test-dir/MiniOzoneClusterImpl-d886f0db-47f2-4bc5-8f88-b8b0eb7c8529/datanode-5/data/ratis/890dd35c-976f-409e-b960-7c10719d05e7/sm/snapshot.1_5
2019-10-14 19:26:06,236 [867be414-fe82-4697-923b-46e307d25728@group-7C10719D05E7-StateMachineUpdater] INFO  ratis.ContainerStateMachine (ContainerStateMachine.java:takeSnapshot(307)) - group-7C10719D05E7: Finished taking a snapshot at:(t:1, i:5) file:/workdir/hadoop-ozone/integration-test/target/test-dir/MiniOzoneClusterImpl-d886f0db-47f2-4bc5-8f88-b8b0eb7c8529/datanode-5/data/ratis/890dd35c-976f-409e-b960-7c10719d05e7/sm/snapshot.1_5 time:25
2019-10-14 19:26:06,237 [867be414-fe82-4697-923b-46e307d25728@group-7C10719D05E7-StateMachineUpdater] INFO  impl.StateMachineUpdater (StateMachineUpdater.java:takeSnapshot(269)) - 867be414-fe82-4697-923b-46e307d25728@group-7C10719D05E7-StateMachineUpdater: Took a snapshot at index 5
2019-10-14 19:26:06,237 [867be414-fe82-4697-923b-46e307d25728@group-7C10719D05E7-StateMachineUpdater] INFO  impl.StateMachineUpdater (StateMachineUpdater.java:lambda$new$0(84)) - 867be414-fe82-4697-923b-46e307d25728@group-7C10719D05E7-StateMachineUpdater: snapshotIndex: updateIncreasingly -1 -> 5
2019-10-14 19:26:06,238 [867be414-fe82-4697-923b-46e307d25728@group-7C10719D05E7-StateMachineUpdater] INFO  ratis.ContainerStateMachine (ContainerStateMachine.java:takeSnapshot(296)) - group-7C10719D05E7: Taking a snapshot at:(t:1, i:5) file /workdir/hadoop-ozone/integration-test/target/test-dir/MiniOzoneClusterImpl-d886f0db-47f2-4bc5-8f88-b8b0eb7c8529/datanode-5/data/ratis/890dd35c-976f-409e-b960-7c10719d05e7/sm/snapshot.1_5
2019-10-14 19:26:06,260 [867be414-fe82-4697-923b-46e307d25728@group-7C10719D05E7-StateMachineUpdater] INFO  ratis.ContainerStateMachine (ContainerStateMachine.java:takeSnapshot(307)) - group-7C10719D05E7: Finished taking a snapshot at:(t:1, i:5) file:/workdir/hadoop-ozone/integration-test/target/test-dir/MiniOzoneClusterImpl-d886f0db-47f2-4bc5-8f88-b8b0eb7c8529/datanode-5/data/ratis/890dd35c-976f-409e-b960-7c10719d05e7/sm/snapshot.1_5 time:22
2019-10-14 19:26:06,260 [867be414-fe82-4697-923b-46e307d25728@group-7C10719D05E7-StateMachineUpdater] INFO  impl.StateMachineUpdater (StateMachineUpdater.java:takeSnapshot(269)) - 867be414-fe82-4697-923b-46e307d25728@group-7C10719D05E7-StateMachineUpdater: Took a snapshot at index 5
2019-10-14 19:26:06,260 [867be414-fe82-4697-923b-46e307d25728@group-7C10719D05E7-StateMachineUpdater] INFO  impl.StateMachineUpdater (StateMachineUpdater.java:lambda$new$0(84)) - 867be414-fe82-4697-923b-46e307d25728@group-7C10719D05E7-StateMachineUpdater: snapshotIndex: updateIncreasingly 5 -> 5
2019-10-14 19:26:06,261 [ForkJoinPool.commonPool-worker-0] INFO  impl.RaftServerImpl (ServerState.java:close(387)) - 867be414-fe82-4697-923b-46e307d25728@group-7C10719D05E7: closes. applyIndex: 8
2019-10-14 19:26:06,261 [867be414-fe82-4697-923b-46e307d25728@group-7C10719D05E7-SegmentedRaftLogWorker] INFO  segmented.SegmentedRaftLogWorker (SegmentedRaftLogWorker.java:run(316)) - 867be414-fe82-4697-923b-46e307d25728@group-7C10719D05E7-SegmentedRaftLogWorker was interrupted, exiting. There are 0 tasks remaining in the queue.
2019-10-14 19:26:06,262 [ForkJoinPool.commonPool-worker-0] INFO  segmented.SegmentedRaftLogWorker (SegmentedRaftLogWorker.java:close(224)) - 867be414-fe82-4697-923b-46e307d25728@group-7C10719D05E7-SegmentedRaftLogWorker close()
2019-10-14 19:26:06,264 [ForkJoinPool.commonPool-worker-0] INFO  server.GrpcService (GrpcService.java:closeImpl(164)) - 867be414-fe82-4697-923b-46e307d25728: shutdown server with port 46006 now
2019-10-14 19:26:06,266 [ForkJoinPool.commonPool-worker-0] INFO  server.GrpcService (GrpcService.java:closeImpl(172)) - 867be414-fe82-4697-923b-46e307d25728: shutdown server with port 46006 successfully
2019-10-14 19:26:06,269 [refreshUsed-/workdir/hadoop-ozone/integration-test/target/test-dir/MiniOzoneClusterImpl-d886f0db-47f2-4bc5-8f88-b8b0eb7c8529/datanode-5/data/containers] WARN  fs.CachingGetSpaceUsed (CachingGetSpaceUsed.java:run(183)) - Thread Interrupted waiting to refresh disk information: sleep interrupted
2019-10-14 19:26:06,269 [grpc-default-executor-2] WARN  client.GrpcClientProtocolService (LogUtils.java:warn(134)) - 43-OrderedRequestStreamObserver43: onError: org.apache.ratis.thirdparty.io.grpc.StatusRuntimeException: CANCELLED: cancelled before receiving half close
2019-10-14 19:26:06,287 [ForkJoinPool.commonPool-worker-0] INFO  utils.BackgroundService (BackgroundService.java:shutdown(151)) - Shutting down service BlockDeletingService
2019-10-14 19:26:06,291 [ForkJoinPool.commonPool-worker-0] INFO  statemachine.DatanodeStateMachine (DatanodeStateMachine.java:stopDaemon(395)) - Ozone container server stopped.
2019-10-14 19:26:06,306 [ForkJoinPool.commonPool-worker-0] INFO  handler.ContextHandler (ContextHandler.java:doStop(910)) - Stopped o.e.j.w.WebAppContext@71cea1b8{/,null,UNAVAILABLE}{/hddsDatanode}
2019-10-14 19:26:06,307 [ForkJoinPool.commonPool-worker-0] INFO  server.AbstractConnector (AbstractConnector.java:doStop(318)) - Stopped ServerConnector@659f226a{HTTP/1.1,[http/1.1]}{0.0.0.0:0}
2019-10-14 19:26:06,307 [ForkJoinPool.commonPool-worker-0] INFO  handler.ContextHandler (ContextHandler.java:doStop(910)) - Stopped o.e.j.s.ServletContextHandler@70721c12{/static,jar:file:/home/user/.m2/repository/org/apache/hadoop/hadoop-hdds-container-service/0.5.0-SNAPSHOT/hadoop-hdds-container-service-0.5.0-SNAPSHOT.jar!/webapps/static,UNAVAILABLE}
2019-10-14 19:26:06,308 [ForkJoinPool.commonPool-worker-0] INFO  handler.ContextHandler (ContextHandler.java:doStop(910)) - Stopped o.e.j.s.ServletContextHandler@3ddb774f{/logs,file:///workdir/hadoop-ozone/integration-test/target/log,UNAVAILABLE}
2019-10-14 19:26:06,309 [main] INFO  ozone.MiniOzoneClusterImpl (MiniOzoneClusterImpl.java:stopSCM(430)) - Stopping the StorageContainerManager
2019-10-14 19:26:06,309 [main] INFO  server.StorageContainerManager (StorageContainerManager.java:stop(810)) - Stopping Replication Manager Service.
2019-10-14 19:26:06,309 [main] INFO  container.ReplicationManager (ReplicationManager.java:stop(203)) - Stopping Replication Monitor Thread.
2019-10-14 19:26:06,310 [main] INFO  server.StorageContainerManager (StorageContainerManager.java:stop(817)) - Stopping Lease Manager of the command watchers
2019-10-14 19:26:06,310 [main] INFO  server.StorageContainerManager (StorageContainerManager.java:stop(824)) - Stopping datanode service RPC server
2019-10-14 19:26:06,310 [main] INFO  server.SCMDatanodeProtocolServer (SCMDatanodeProtocolServer.java:stop(346)) - Stopping the RPC server for DataNodes
2019-10-14 19:26:06,310 [main] INFO  ipc.Server (Server.java:stop(3082)) - Stopping server on 35358
2019-10-14 19:26:06,312 [IPC Server listener on 35358] INFO  ipc.Server (Server.java:run(1185)) - Stopping IPC Server listener on 35358
2019-10-14 19:26:06,313 [IPC Server Responder] INFO  ipc.Server (Server.java:run(1319)) - Stopping IPC Server Responder
2019-10-14 19:26:06,326 [SCM Heartbeat Processing Thread - 0] WARN  node.NodeStateManager (NodeStateManager.java:scheduleNextHealthCheck(646)) - Current Thread is interrupted, shutting down HB processing thread for Node Manager.
2019-10-14 19:26:06,326 [main] INFO  server.StorageContainerManager (StorageContainerManager.java:stop(832)) - Stopping block service RPC server
2019-10-14 19:26:06,327 [main] INFO  server.SCMBlockProtocolServer (SCMBlockProtocolServer.java:stop(155)) - Stopping the RPC server for Block Protocol
2019-10-14 19:26:06,327 [main] INFO  ipc.Server (Server.java:stop(3082)) - Stopping server on 35721
2019-10-14 19:26:06,328 [main] INFO  server.StorageContainerManager (StorageContainerManager.java:stop(839)) - Stopping the StorageContainerLocationProtocol RPC server
2019-10-14 19:26:06,329 [IPC Server listener on 35721] INFO  ipc.Server (Server.java:run(1185)) - Stopping IPC Server listener on 35721
2019-10-14 19:26:06,329 [IPC Server Responder] INFO  ipc.Server (Server.java:run(1319)) - Stopping IPC Server Responder
2019-10-14 19:26:06,329 [main] INFO  server.SCMClientProtocolServer (SCMClientProtocolServer.java:stop(168)) - Stopping the RPC server for Client Protocol
2019-10-14 19:26:06,330 [main] INFO  ipc.Server (Server.java:stop(3082)) - Stopping server on 44734
2019-10-14 19:26:06,331 [IPC Server listener on 44734] INFO  ipc.Server (Server.java:run(1185)) - Stopping IPC Server listener on 44734
2019-10-14 19:26:06,331 [main] INFO  server.StorageContainerManager (StorageContainerManager.java:stop(846)) - Stopping Storage Container Manager HTTP server.
2019-10-14 19:26:06,332 [IPC Server Responder] INFO  ipc.Server (Server.java:run(1319)) - Stopping IPC Server Responder
2019-10-14 19:26:06,333 [main] INFO  handler.ContextHandler (ContextHandler.java:doStop(910)) - Stopped o.e.j.w.WebAppContext@1a565afb{/,null,UNAVAILABLE}{/scm}
2019-10-14 19:26:06,334 [main] INFO  server.AbstractConnector (AbstractConnector.java:doStop(318)) - Stopped ServerConnector@2fd64b11{HTTP/1.1,[http/1.1]}{0.0.0.0:0}
2019-10-14 19:26:06,334 [main] INFO  handler.ContextHandler (ContextHandler.java:doStop(910)) - Stopped o.e.j.s.ServletContextHandler@77dba4cd{/static,file:///workdir/hadoop-ozone/integration-test/target/test-classes/webapps/static,UNAVAILABLE}
2019-10-14 19:26:06,334 [main] INFO  handler.ContextHandler (ContextHandler.java:doStop(910)) - Stopped o.e.j.s.ServletContextHandler@49cb1baf{/logs,file:///workdir/hadoop-ozone/integration-test/target/log,UNAVAILABLE}
2019-10-14 19:26:06,335 [main] INFO  server.StorageContainerManager (StorageContainerManager.java:stop(857)) - Stopping Block Manager Service.
2019-10-14 19:26:06,335 [main] INFO  utils.BackgroundService (BackgroundService.java:shutdown(151)) - Shutting down service SCMBlockDeletingService
2019-10-14 19:26:06,336 [main] INFO  utils.BackgroundService (BackgroundService.java:shutdown(151)) - Shutting down service SCMBlockDeletingService
2019-10-14 19:26:06,336 [main] INFO  server.StorageContainerManager (StorageContainerManager.java:stop(879)) - Stopping SCM Event Queue.
2019-10-14 19:26:06,340 [main] INFO  impl.MetricsSystemImpl (MetricsSystemImpl.java:stop(210)) - Stopping HddsDatanode metrics system...
2019-10-14 19:26:06,357 [main] INFO  impl.MetricsSystemImpl (MetricsSystemImpl.java:stop(216)) - HddsDatanode metrics system stopped.
]]></system-out>
    <system-err><![CDATA[Oct 14, 2019 7:25:56 PM org.apache.ratis.thirdparty.io.grpc.internal.SerializingExecutor run
SEVERE: Exception while executing runnable org.apache.ratis.thirdparty.io.grpc.internal.ServerImpl$JumpToApplicationThreadServerStreamListener$1Closed@448cc44
org.apache.ratis.thirdparty.io.grpc.StatusRuntimeException: CANCELLED: call already cancelled
	at org.apache.ratis.thirdparty.io.grpc.Status.asRuntimeException(Status.java:517)
	at org.apache.ratis.thirdparty.io.grpc.stub.ServerCalls$ServerCallStreamObserverImpl.onCompleted(ServerCalls.java:356)
	at org.apache.ratis.grpc.server.GrpcServerProtocolService$ServerRequestStreamObserver.onError(GrpcServerProtocolService.java:121)
	at org.apache.ratis.thirdparty.io.grpc.stub.ServerCalls$StreamingServerCallHandler$StreamingServerCallListener.onCancel(ServerCalls.java:269)
	at org.apache.ratis.thirdparty.io.grpc.internal.ServerCallImpl$ServerStreamListenerImpl.closed(ServerCallImpl.java:293)
	at org.apache.ratis.thirdparty.io.grpc.internal.ServerImpl$JumpToApplicationThreadServerStreamListener$1Closed.runInContext(ServerImpl.java:741)
	at org.apache.ratis.thirdparty.io.grpc.internal.ContextRunnable.run(ContextRunnable.java:37)
	at org.apache.ratis.thirdparty.io.grpc.internal.SerializingExecutor.run(SerializingExecutor.java:123)
	at java.util.concurrent.ThreadPoolExecutor.runWorker(ThreadPoolExecutor.java:1149)
	at java.util.concurrent.ThreadPoolExecutor$Worker.run(ThreadPoolExecutor.java:624)
	at java.lang.Thread.run(Thread.java:748)

]]></system-err>
  </testcase>
</testsuite>