<?xml version="1.0" encoding="UTF-8"?>
<testsuite xmlns:xsi="http://www.w3.org/2001/XMLSchema-instance" xsi:noNamespaceSchemaLocation="https://maven.apache.org/surefire/maven-surefire-plugin/xsd/surefire-test-report.xsd" name="org.apache.hadoop.ozone.scm.TestSCMContainerPlacementPolicyMetrics" time="81.492" tests="1" errors="1" skipped="0" failures="0">
  <properties>
    <property name="awt.toolkit" value="sun.awt.X11.XToolkit"/>
    <property name="file.encoding.pkg" value="sun.io"/>
    <property name="java.specification.version" value="1.8"/>
    <property name="sun.cpu.isalist" value=""/>
    <property name="sun.jnu.encoding" value="ANSI_X3.4-1968"/>
    <property name="java.class.path" value="/workdir/hadoop-ozone/integration-test/target/test-classes:/workdir/hadoop-ozone/integration-test/target/classes:/home/user/.m2/repository/org/apache/hadoop/hadoop-ozone-common/0.5.0-SNAPSHOT/hadoop-ozone-common-0.5.0-SNAPSHOT.jar:/home/user/.m2/repository/org/apache/commons/commons-compress/1.4.1/commons-compress-1.4.1.jar:/home/user/.m2/repository/org/tukaani/xz/1.0/xz-1.0.jar:/home/user/.m2/repository/org/apache/hadoop/hadoop-common/3.2.0/hadoop-common-3.2.0.jar:/home/user/.m2/repository/org/apache/hadoop/hadoop-hdfs/3.2.0/hadoop-hdfs-3.2.0.jar:/home/user/.m2/repository/org/apache/hadoop/hadoop-hdfs-client/3.2.0/hadoop-hdfs-client-3.2.0.jar:/home/user/.m2/repository/com/fasterxml/jackson/core/jackson-annotations/2.9.9/jackson-annotations-2.9.9.jar:/home/user/.m2/repository/org/apache/hadoop/hadoop-hdds-common/0.5.0-SNAPSHOT/hadoop-hdds-common-0.5.0-SNAPSHOT.jar:/home/user/.m2/repository/javax/annotation/javax.annotation-api/1.2/javax.annotation-api-1.2.jar:/home/user/.m2/repository/org/apache/ratis/ratis-server/0.5.0-3f446aa-SNAPSHOT/ratis-server-0.5.0-3f446aa-SNAPSHOT.jar:/home/user/.m2/repository/org/apache/ratis/ratis-thirdparty-misc/0.2.0/ratis-thirdparty-misc-0.2.0.jar:/home/user/.m2/repository/org/apache/ratis/ratis-proto/0.5.0-3f446aa-SNAPSHOT/ratis-proto-0.5.0-3f446aa-SNAPSHOT.jar:/home/user/.m2/repository/org/apache/ratis/ratis-common/0.5.0-3f446aa-SNAPSHOT/ratis-common-0.5.0-3f446aa-SNAPSHOT.jar:/home/user/.m2/repository/org/apache/ratis/ratis-client/0.5.0-3f446aa-SNAPSHOT/ratis-client-0.5.0-3f446aa-SNAPSHOT.jar:/home/user/.m2/repository/org/apache/ratis/ratis-metrics/0.5.0-3f446aa-SNAPSHOT/ratis-metrics-0.5.0-3f446aa-SNAPSHOT.jar:/home/user/.m2/repository/com/github/joshelser/dropwizard-metrics-hadoop-metrics2-reporter/0.1.2/dropwizard-metrics-hadoop-metrics2-reporter-0.1.2.jar:/home/user/.m2/repository/io/dropwizard/metrics/metrics-jvm/3.2.5/metrics-jvm-3.2.5.jar:/home/user/.m2/repository/io/dropwizard/metrics/metrics-ganglia/3.2.5/metrics-ganglia-3.2.5.jar:/home/user/.m2/repository/info/ganglia/gmetric4j/gmetric4j/1.0.7/gmetric4j-1.0.7.jar:/home/user/.m2/repository/org/apache/ratis/ratis-netty/0.5.0-3f446aa-SNAPSHOT/ratis-netty-0.5.0-3f446aa-SNAPSHOT.jar:/home/user/.m2/repository/org/apache/ratis/ratis-grpc/0.5.0-3f446aa-SNAPSHOT/ratis-grpc-0.5.0-3f446aa-SNAPSHOT.jar:/home/user/.m2/repository/org/rocksdb/rocksdbjni/6.0.1/rocksdbjni-6.0.1.jar:/home/user/.m2/repository/org/apache/logging/log4j/log4j-api/2.11.0/log4j-api-2.11.0.jar:/home/user/.m2/repository/org/apache/logging/log4j/log4j-core/2.11.0/log4j-core-2.11.0.jar:/home/user/.m2/repository/com/lmax/disruptor/3.4.2/disruptor-3.4.2.jar:/home/user/.m2/repository/org/apache/commons/commons-pool2/2.6.0/commons-pool2-2.6.0.jar:/home/user/.m2/repository/org/bouncycastle/bcpkix-jdk15on/1.60/bcpkix-jdk15on-1.60.jar:/home/user/.m2/repository/commons-validator/commons-validator/1.6/commons-validator-1.6.jar:/home/user/.m2/repository/commons-digester/commons-digester/1.8.1/commons-digester-1.8.1.jar:/home/user/.m2/repository/io/jaegertracing/jaeger-client/0.34.0/jaeger-client-0.34.0.jar:/home/user/.m2/repository/io/jaegertracing/jaeger-thrift/0.34.0/jaeger-thrift-0.34.0.jar:/home/user/.m2/repository/org/apache/thrift/libthrift/0.12.0/libthrift-0.12.0.jar:/home/user/.m2/repository/com/squareup/okhttp3/okhttp/3.9.0/okhttp-3.9.0.jar:/home/user/.m2/repository/com/squareup/okio/okio/1.13.0/okio-1.13.0.jar:/home/user/.m2/repository/io/jaegertracing/jaeger-core/0.34.0/jaeger-core-0.34.0.jar:/home/user/.m2/repository/io/jaegertracing/jaeger-tracerresolver/0.34.0/jaeger-tracerresolver-0.34.0.jar:/home/user/.m2/repository/io/opentracing/contrib/opentracing-tracerresolver/0.1.5/opentracing-tracerresolver-0.1.5.jar:/home/user/.m2/repository/io/opentracing/opentracing-util/0.31.0/opentracing-util-0.31.0.jar:/home/user/.m2/repository/io/opentracing/opentracing-api/0.31.0/opentracing-api-0.31.0.jar:/home/user/.m2/repository/io/opentracing/opentracing-noop/0.31.0/opentracing-noop-0.31.0.jar:/home/user/.m2/repository/org/apache/hadoop/hadoop-hdds-server-framework/0.5.0-SNAPSHOT/hadoop-hdds-server-framework-0.5.0-SNAPSHOT.jar:/home/user/.m2/repository/org/apache/hadoop/hadoop-hdds-container-service/0.5.0-SNAPSHOT/hadoop-hdds-container-service-0.5.0-SNAPSHOT.jar:/home/user/.m2/repository/org/apache/hadoop/hadoop-hdds-client/0.5.0-SNAPSHOT/hadoop-hdds-client-0.5.0-SNAPSHOT.jar:/home/user/.m2/repository/org/apache/hadoop/hadoop-hdds-tools/0.5.0-SNAPSHOT/hadoop-hdds-tools-0.5.0-SNAPSHOT.jar:/home/user/.m2/repository/org/apache/hadoop/hadoop-hdds-server-scm/0.5.0-SNAPSHOT/hadoop-hdds-server-scm-0.5.0-SNAPSHOT.jar:/home/user/.m2/repository/org/apache/hadoop/hadoop-hdds-docs/0.5.0-SNAPSHOT/hadoop-hdds-docs-0.5.0-SNAPSHOT.jar:/home/user/.m2/repository/io/dropwizard/metrics/metrics-core/3.2.4/metrics-core-3.2.4.jar:/home/user/.m2/repository/org/hamcrest/hamcrest-all/1.3/hamcrest-all-1.3.jar:/home/user/.m2/repository/org/bouncycastle/bcprov-jdk15on/1.60/bcprov-jdk15on-1.60.jar:/home/user/.m2/repository/info/picocli/picocli/3.9.6/picocli-3.9.6.jar:/home/user/.m2/repository/com/google/protobuf/protobuf-java/2.5.0/protobuf-java-2.5.0.jar:/home/user/.m2/repository/com/google/guava/guava/11.0.2/guava-11.0.2.jar:/home/user/.m2/repository/org/apache/hadoop/hadoop-ozone-ozone-manager/0.5.0-SNAPSHOT/hadoop-ozone-ozone-manager-0.5.0-SNAPSHOT.jar:/home/user/.m2/repository/org/apache/hadoop/hadoop-minikdc/3.2.0/hadoop-minikdc-3.2.0.jar:/home/user/.m2/repository/commons-io/commons-io/2.5/commons-io-2.5.jar:/home/user/.m2/repository/org/apache/kerby/kerb-simplekdc/1.0.1/kerb-simplekdc-1.0.1.jar:/home/user/.m2/repository/org/apache/kerby/kerb-client/1.0.1/kerb-client-1.0.1.jar:/home/user/.m2/repository/org/apache/kerby/kerby-config/1.0.1/kerby-config-1.0.1.jar:/home/user/.m2/repository/org/apache/kerby/kerb-core/1.0.1/kerb-core-1.0.1.jar:/home/user/.m2/repository/org/apache/kerby/kerby-pkix/1.0.1/kerby-pkix-1.0.1.jar:/home/user/.m2/repository/org/apache/kerby/kerby-asn1/1.0.1/kerby-asn1-1.0.1.jar:/home/user/.m2/repository/org/apache/kerby/kerby-util/1.0.1/kerby-util-1.0.1.jar:/home/user/.m2/repository/org/apache/kerby/kerb-common/1.0.1/kerb-common-1.0.1.jar:/home/user/.m2/repository/org/apache/kerby/kerb-crypto/1.0.1/kerb-crypto-1.0.1.jar:/home/user/.m2/repository/org/apache/kerby/kerb-util/1.0.1/kerb-util-1.0.1.jar:/home/user/.m2/repository/org/apache/kerby/token-provider/1.0.1/token-provider-1.0.1.jar:/home/user/.m2/repository/org/apache/kerby/kerb-admin/1.0.1/kerb-admin-1.0.1.jar:/home/user/.m2/repository/org/apache/kerby/kerb-server/1.0.1/kerb-server-1.0.1.jar:/home/user/.m2/repository/org/apache/kerby/kerb-identity/1.0.1/kerb-identity-1.0.1.jar:/home/user/.m2/repository/org/apache/kerby/kerby-xdr/1.0.1/kerby-xdr-1.0.1.jar:/home/user/.m2/repository/org/slf4j/slf4j-log4j12/1.7.25/slf4j-log4j12-1.7.25.jar:/home/user/.m2/repository/org/apache/hadoop/hadoop-ozone-s3gateway/0.5.0-SNAPSHOT/hadoop-ozone-s3gateway-0.5.0-SNAPSHOT.jar:/home/user/.m2/repository/org/jboss/weld/servlet/weld-servlet/2.4.7.Final/weld-servlet-2.4.7.Final.jar:/home/user/.m2/repository/org/glassfish/jersey/containers/jersey-container-servlet-core/2.27/jersey-container-servlet-core-2.27.jar:/home/user/.m2/repository/org/glassfish/hk2/external/javax.inject/2.5.0-b42/javax.inject-2.5.0-b42.jar:/home/user/.m2/repository/org/glassfish/jersey/core/jersey-common/2.27/jersey-common-2.27.jar:/home/user/.m2/repository/org/glassfish/hk2/osgi-resource-locator/1.0.1/osgi-resource-locator-1.0.1.jar:/home/user/.m2/repository/javax/ws/rs/javax.ws.rs-api/2.1/javax.ws.rs-api-2.1.jar:/home/user/.m2/repository/org/glassfish/jersey/ext/cdi/jersey-cdi1x/2.27/jersey-cdi1x-2.27.jar:/home/user/.m2/repository/org/glassfish/jersey/inject/jersey-hk2/2.27/jersey-hk2-2.27.jar:/home/user/.m2/repository/org/glassfish/hk2/hk2-locator/2.5.0-b42/hk2-locator-2.5.0-b42.jar:/home/user/.m2/repository/org/javassist/javassist/3.22.0-CR2/javassist-3.22.0-CR2.jar:/home/user/.m2/repository/org/glassfish/hk2/hk2-api/2.5.0/hk2-api-2.5.0.jar:/home/user/.m2/repository/org/glassfish/hk2/external/jakarta.inject/2.5.0/jakarta.inject-2.5.0.jar:/home/user/.m2/repository/org/glassfish/hk2/hk2-utils/2.5.0/hk2-utils-2.5.0.jar:/home/user/.m2/repository/jakarta/annotation/jakarta.annotation-api/1.3.4/jakarta.annotation-api-1.3.4.jar:/home/user/.m2/repository/org/glassfish/hk2/external/aopalliance-repackaged/2.5.0/aopalliance-repackaged-2.5.0.jar:/home/user/.m2/repository/com/fasterxml/jackson/dataformat/jackson-dataformat-xml/2.9.0/jackson-dataformat-xml-2.9.0.jar:/home/user/.m2/repository/com/fasterxml/jackson/core/jackson-core/2.9.9/jackson-core-2.9.9.jar:/home/user/.m2/repository/com/fasterxml/jackson/module/jackson-module-jaxb-annotations/2.9.9/jackson-module-jaxb-annotations-2.9.9.jar:/home/user/.m2/repository/javax/enterprise/cdi-api/1.2/cdi-api-1.2.jar:/home/user/.m2/repository/javax/el/javax.el-api/3.0.0/javax.el-api-3.0.0.jar:/home/user/.m2/repository/javax/interceptor/javax.interceptor-api/1.2/javax.interceptor-api-1.2.jar:/home/user/.m2/repository/javax/inject/javax.inject/1/javax.inject-1.jar:/home/user/.m2/repository/com/sun/xml/bind/jaxb-impl/2.3.0.1/jaxb-impl-2.3.0.1.jar:/home/user/.m2/repository/com/sun/xml/bind/jaxb-core/2.3.0.1/jaxb-core-2.3.0.1.jar:/home/user/.m2/repository/javax/xml/bind/jaxb-api/2.3.0/jaxb-api-2.3.0.jar:/home/user/.m2/repository/javax/activation/activation/1.1.1/activation-1.1.1.jar:/home/user/.m2/repository/org/apache/hadoop/hadoop-ozone-csi/0.5.0-SNAPSHOT/hadoop-ozone-csi-0.5.0-SNAPSHOT.jar:/home/user/.m2/repository/com/google/protobuf/protobuf-java-util/3.5.1/protobuf-java-util-3.5.1.jar:/home/user/.m2/repository/org/apache/hadoop/hadoop-hdds-config/0.5.0-SNAPSHOT/hadoop-hdds-config-0.5.0-SNAPSHOT.jar:/home/user/.m2/repository/io/grpc/grpc-netty/1.17.1/grpc-netty-1.17.1.jar:/home/user/.m2/repository/io/grpc/grpc-core/1.17.1/grpc-core-1.17.1.jar:/home/user/.m2/repository/io/grpc/grpc-context/1.17.1/grpc-context-1.17.1.jar:/home/user/.m2/repository/com/google/errorprone/error_prone_annotations/2.2.0/error_prone_annotations-2.2.0.jar:/home/user/.m2/repository/org/codehaus/mojo/animal-sniffer-annotations/1.17/animal-sniffer-annotations-1.17.jar:/home/user/.m2/repository/io/opencensus/opencensus-api/0.17.0/opencensus-api-0.17.0.jar:/home/user/.m2/repository/io/opencensus/opencensus-contrib-grpc-metrics/0.17.0/opencensus-contrib-grpc-metrics-0.17.0.jar:/home/user/.m2/repository/io/netty/netty-codec-http2/4.1.30.Final/netty-codec-http2-4.1.30.Final.jar:/home/user/.m2/repository/io/netty/netty-codec-http/4.1.30.Final/netty-codec-http-4.1.30.Final.jar:/home/user/.m2/repository/io/netty/netty-codec/4.1.30.Final/netty-codec-4.1.30.Final.jar:/home/user/.m2/repository/io/netty/netty-handler/4.1.30.Final/netty-handler-4.1.30.Final.jar:/home/user/.m2/repository/io/netty/netty-handler-proxy/4.1.30.Final/netty-handler-proxy-4.1.30.Final.jar:/home/user/.m2/repository/io/netty/netty-codec-socks/4.1.30.Final/netty-codec-socks-4.1.30.Final.jar:/home/user/.m2/repository/io/netty/netty-transport-native-epoll/4.1.30.Final/netty-transport-native-epoll-4.1.30.Final.jar:/home/user/.m2/repository/io/netty/netty-common/4.1.30.Final/netty-common-4.1.30.Final.jar:/home/user/.m2/repository/io/netty/netty-buffer/4.1.30.Final/netty-buffer-4.1.30.Final.jar:/home/user/.m2/repository/io/netty/netty-transport/4.1.30.Final/netty-transport-4.1.30.Final.jar:/home/user/.m2/repository/io/netty/netty-resolver/4.1.30.Final/netty-resolver-4.1.30.Final.jar:/home/user/.m2/repository/io/netty/netty-transport-native-unix-common/4.1.30.Final/netty-transport-native-unix-common-4.1.30.Final.jar:/home/user/.m2/repository/io/grpc/grpc-protobuf/1.17.1/grpc-protobuf-1.17.1.jar:/home/user/.m2/repository/com/google/api/grpc/proto-google-common-protos/1.0.0/proto-google-common-protos-1.0.0.jar:/home/user/.m2/repository/io/grpc/grpc-protobuf-lite/1.17.1/grpc-protobuf-lite-1.17.1.jar:/home/user/.m2/repository/io/grpc/grpc-stub/1.17.1/grpc-stub-1.17.1.jar:/home/user/.m2/repository/org/apache/hadoop/hadoop-ozone-recon/0.5.0-SNAPSHOT/hadoop-ozone-recon-0.5.0-SNAPSHOT.jar:/home/user/.m2/repository/org/apache/hadoop/hadoop-ozone-reconcodegen/0.5.0-SNAPSHOT/hadoop-ozone-reconcodegen-0.5.0-SNAPSHOT.jar:/home/user/.m2/repository/com/google/inject/extensions/guice-multibindings/4.0/guice-multibindings-4.0.jar:/home/user/.m2/repository/com/google/inject/guice/4.0/guice-4.0.jar:/home/user/.m2/repository/aopalliance/aopalliance/1.0/aopalliance-1.0.jar:/home/user/.m2/repository/com/google/inject/extensions/guice-servlet/4.0/guice-servlet-4.0.jar:/home/user/.m2/repository/org/glassfish/jersey/containers/jersey-container-servlet/2.27/jersey-container-servlet-2.27.jar:/home/user/.m2/repository/org/glassfish/hk2/guice-bridge/2.5.0/guice-bridge-2.5.0.jar:/home/user/.m2/repository/org/glassfish/jersey/core/jersey-server/2.27/jersey-server-2.27.jar:/home/user/.m2/repository/org/glassfish/jersey/core/jersey-client/2.27/jersey-client-2.27.jar:/home/user/.m2/repository/org/glassfish/jersey/media/jersey-media-jaxb/2.27/jersey-media-jaxb-2.27.jar:/home/user/.m2/repository/javax/validation/validation-api/1.1.0.Final/validation-api-1.1.0.Final.jar:/home/user/.m2/repository/org/glassfish/jersey/media/jersey-media-json-jackson/2.27/jersey-media-json-jackson-2.27.jar:/home/user/.m2/repository/org/glassfish/jersey/ext/jersey-entity-filtering/2.27/jersey-entity-filtering-2.27.jar:/home/user/.m2/repository/com/google/inject/extensions/guice-assistedinject/4.0/guice-assistedinject-4.0.jar:/home/user/.m2/repository/org/jooq/jooq/3.11.10/jooq-3.11.10.jar:/home/user/.m2/repository/org/jooq/jooq-meta/3.11.10/jooq-meta-3.11.10.jar:/home/user/.m2/repository/org/jooq/jooq-codegen/3.11.10/jooq-codegen-3.11.10.jar:/home/user/.m2/repository/com/jolbox/bonecp/0.8.0.RELEASE/bonecp-0.8.0.RELEASE.jar:/home/user/.m2/repository/org/xerial/sqlite-jdbc/3.25.2/sqlite-jdbc-3.25.2.jar:/home/user/.m2/repository/org/springframework/spring-jdbc/5.1.3.RELEASE/spring-jdbc-5.1.3.RELEASE.jar:/home/user/.m2/repository/org/springframework/spring-beans/5.1.3.RELEASE/spring-beans-5.1.3.RELEASE.jar:/home/user/.m2/repository/org/springframework/spring-core/5.1.3.RELEASE/spring-core-5.1.3.RELEASE.jar:/home/user/.m2/repository/org/springframework/spring-jcl/5.1.3.RELEASE/spring-jcl-5.1.3.RELEASE.jar:/home/user/.m2/repository/org/springframework/spring-tx/5.1.3.RELEASE/spring-tx-5.1.3.RELEASE.jar:/home/user/.m2/repository/org/apache/hadoop/hadoop-ozone-client/0.5.0-SNAPSHOT/hadoop-ozone-client-0.5.0-SNAPSHOT.jar:/home/user/.m2/repository/commons-lang/commons-lang/2.6/commons-lang-2.6.jar:/home/user/.m2/repository/org/apache/hadoop/hadoop-ozone-ozone-manager/0.5.0-SNAPSHOT/hadoop-ozone-ozone-manager-0.5.0-SNAPSHOT-tests.jar:/home/user/.m2/repository/junit/junit/4.11/junit-4.11.jar:/home/user/.m2/repository/org/hamcrest/hamcrest-core/1.3/hamcrest-core-1.3.jar:/home/user/.m2/repository/org/openjdk/jmh/jmh-core/1.19/jmh-core-1.19.jar:/home/user/.m2/repository/net/sf/jopt-simple/jopt-simple/4.6/jopt-simple-4.6.jar:/home/user/.m2/repository/org/apache/commons/commons-math3/3.1.1/commons-math3-3.1.1.jar:/home/user/.m2/repository/org/openjdk/jmh/jmh-generator-annprocess/1.19/jmh-generator-annprocess-1.19.jar:/home/user/.m2/repository/org/mockito/mockito-all/1.8.5/mockito-all-1.8.5.jar:/home/user/.m2/repository/org/apache/hadoop/hadoop-kms/3.2.0/hadoop-kms-3.2.0.jar:/home/user/.m2/repository/org/apache/hadoop/hadoop-auth/3.2.0/hadoop-auth-3.2.0.jar:/home/user/.m2/repository/com/nimbusds/nimbus-jose-jwt/4.41.1/nimbus-jose-jwt-4.41.1.jar:/home/user/.m2/repository/com/github/stephenc/jcip/jcip-annotations/1.0-1/jcip-annotations-1.0-1.jar:/home/user/.m2/repository/net/minidev/json-smart/2.3/json-smart-2.3.jar:/home/user/.m2/repository/net/minidev/accessors-smart/1.2/accessors-smart-1.2.jar:/home/user/.m2/repository/org/ow2/asm/asm/5.0.4/asm-5.0.4.jar:/home/user/.m2/repository/org/apache/curator/curator-framework/2.12.0/curator-framework-2.12.0.jar:/home/user/.m2/repository/com/sun/jersey/jersey-core/1.19/jersey-core-1.19.jar:/home/user/.m2/repository/javax/ws/rs/jsr311-api/1.1.1/jsr311-api-1.1.1.jar:/home/user/.m2/repository/com/sun/jersey/jersey-server/1.19/jersey-server-1.19.jar:/home/user/.m2/repository/javax/servlet/javax.servlet-api/3.1.0/javax.servlet-api-3.1.0.jar:/home/user/.m2/repository/org/eclipse/jetty/jetty-server/9.3.25.v20180904/jetty-server-9.3.25.v20180904.jar:/home/user/.m2/repository/org/eclipse/jetty/jetty-http/9.3.25.v20180904/jetty-http-9.3.25.v20180904.jar:/home/user/.m2/repository/org/eclipse/jetty/jetty-io/9.3.25.v20180904/jetty-io-9.3.25.v20180904.jar:/home/user/.m2/repository/org/eclipse/jetty/jetty-webapp/9.3.25.v20180904/jetty-webapp-9.3.25.v20180904.jar:/home/user/.m2/repository/org/eclipse/jetty/jetty-xml/9.3.25.v20180904/jetty-xml-9.3.25.v20180904.jar:/home/user/.m2/repository/log4j/log4j/1.2.17/log4j-1.2.17.jar:/home/user/.m2/repository/org/slf4j/slf4j-api/1.7.25/slf4j-api-1.7.25.jar:/home/user/.m2/repository/org/slf4j/jul-to-slf4j/1.7.25/jul-to-slf4j-1.7.25.jar:/home/user/.m2/repository/org/eclipse/jetty/jetty-util/9.3.25.v20180904/jetty-util-9.3.25.v20180904.jar:/home/user/.m2/repository/com/fasterxml/jackson/core/jackson-databind/2.9.9/jackson-databind-2.9.9.jar:/home/user/.m2/repository/org/apache/hadoop/hadoop-kms/3.2.0/hadoop-kms-3.2.0-tests.jar:/home/user/.m2/repository/org/apache/hadoop/hadoop-hdds-server-scm/0.5.0-SNAPSHOT/hadoop-hdds-server-scm-0.5.0-SNAPSHOT-tests.jar:/home/user/.m2/repository/org/apache/hadoop/hadoop-hdds-container-service/0.5.0-SNAPSHOT/hadoop-hdds-container-service-0.5.0-SNAPSHOT-tests.jar:/home/user/.m2/repository/org/yaml/snakeyaml/1.16/snakeyaml-1.16.jar:/home/user/.m2/repository/org/apache/hadoop/hadoop-common/3.2.0/hadoop-common-3.2.0-tests.jar:/home/user/.m2/repository/org/apache/hadoop/hadoop-annotations/3.2.0/hadoop-annotations-3.2.0.jar:/usr/lib/jvm/java-1.8.0-openjdk-1.8.0.222.b10-1.el7_7.x86_64/jre/../lib/tools.jar:/home/user/.m2/repository/commons-cli/commons-cli/1.2/commons-cli-1.2.jar:/home/user/.m2/repository/org/apache/httpcomponents/httpclient/4.5.2/httpclient-4.5.2.jar:/home/user/.m2/repository/org/apache/httpcomponents/httpcore/4.4.4/httpcore-4.4.4.jar:/home/user/.m2/repository/commons-codec/commons-codec/1.11/commons-codec-1.11.jar:/home/user/.m2/repository/commons-net/commons-net/3.6/commons-net-3.6.jar:/home/user/.m2/repository/commons-collections/commons-collections/3.2.2/commons-collections-3.2.2.jar:/home/user/.m2/repository/org/eclipse/jetty/jetty-servlet/9.3.25.v20180904/jetty-servlet-9.3.25.v20180904.jar:/home/user/.m2/repository/org/eclipse/jetty/jetty-security/9.3.25.v20180904/jetty-security-9.3.25.v20180904.jar:/home/user/.m2/repository/javax/servlet/jsp/jsp-api/2.1/jsp-api-2.1.jar:/home/user/.m2/repository/com/sun/jersey/jersey-servlet/1.19/jersey-servlet-1.19.jar:/home/user/.m2/repository/com/sun/jersey/jersey-json/1.19/jersey-json-1.19.jar:/home/user/.m2/repository/org/codehaus/jettison/jettison/1.1/jettison-1.1.jar:/home/user/.m2/repository/org/codehaus/jackson/jackson-core-asl/1.9.13/jackson-core-asl-1.9.13.jar:/home/user/.m2/repository/org/codehaus/jackson/jackson-mapper-asl/1.9.13/jackson-mapper-asl-1.9.13.jar:/home/user/.m2/repository/org/codehaus/jackson/jackson-jaxrs/1.9.13/jackson-jaxrs-1.9.13.jar:/home/user/.m2/repository/org/codehaus/jackson/jackson-xc/1.9.13/jackson-xc-1.9.13.jar:/home/user/.m2/repository/commons-logging/commons-logging/1.1.3/commons-logging-1.1.3.jar:/home/user/.m2/repository/commons-beanutils/commons-beanutils/1.9.4/commons-beanutils-1.9.4.jar:/home/user/.m2/repository/org/apache/commons/commons-configuration2/2.1.1/commons-configuration2-2.1.1.jar:/home/user/.m2/repository/org/apache/commons/commons-lang3/3.7/commons-lang3-3.7.jar:/home/user/.m2/repository/org/apache/commons/commons-text/1.4/commons-text-1.4.jar:/home/user/.m2/repository/org/apache/avro/avro/1.7.7/avro-1.7.7.jar:/home/user/.m2/repository/com/thoughtworks/paranamer/paranamer/2.3/paranamer-2.3.jar:/home/user/.m2/repository/org/xerial/snappy/snappy-java/1.0.5/snappy-java-1.0.5.jar:/home/user/.m2/repository/com/google/re2j/re2j/1.1/re2j-1.1.jar:/home/user/.m2/repository/com/google/code/gson/gson/2.2.4/gson-2.2.4.jar:/home/user/.m2/repository/com/jcraft/jsch/0.1.54/jsch-0.1.54.jar:/home/user/.m2/repository/org/apache/curator/curator-client/2.12.0/curator-client-2.12.0.jar:/home/user/.m2/repository/org/apache/curator/curator-recipes/2.12.0/curator-recipes-2.12.0.jar:/home/user/.m2/repository/com/google/code/findbugs/jsr305/3.0.0/jsr305-3.0.0.jar:/home/user/.m2/repository/org/apache/htrace/htrace-core4/4.1.0-incubating/htrace-core4-4.1.0-incubating.jar:/home/user/.m2/repository/org/apache/zookeeper/zookeeper/3.4.13/zookeeper-3.4.13.jar:/home/user/.m2/repository/jline/jline/0.9.94/jline-0.9.94.jar:/home/user/.m2/repository/org/apache/yetus/audience-annotations/0.5.0/audience-annotations-0.5.0.jar:/home/user/.m2/repository/org/codehaus/woodstox/stax2-api/3.1.4/stax2-api-3.1.4.jar:/home/user/.m2/repository/com/fasterxml/woodstox/woodstox-core/5.0.3/woodstox-core-5.0.3.jar:/home/user/.m2/repository/dnsjava/dnsjava/2.1.7/dnsjava-2.1.7.jar:/home/user/.m2/repository/org/apache/hadoop/hadoop-hdfs/3.2.0/hadoop-hdfs-3.2.0-tests.jar:/home/user/.m2/repository/org/eclipse/jetty/jetty-util-ajax/9.3.25.v20180904/jetty-util-ajax-9.3.25.v20180904.jar:/home/user/.m2/repository/commons-daemon/commons-daemon/1.0.13/commons-daemon-1.0.13.jar:/home/user/.m2/repository/io/netty/netty/3.10.5.Final/netty-3.10.5.Final.jar:/home/user/.m2/repository/io/netty/netty-all/4.0.52.Final/netty-all-4.0.52.Final.jar:/home/user/.m2/repository/org/fusesource/leveldbjni/leveldbjni-all/1.8/leveldbjni-all-1.8.jar:"/>
    <property name="java.vm.vendor" value="Oracle Corporation"/>
    <property name="sun.arch.data.model" value="64"/>
    <property name="test.build.dir" value="/workdir/hadoop-ozone/integration-test/target/test-dir"/>
    <property name="test.cache.data" value=""/>
    <property name="java.vendor.url" value="http://java.oracle.com/"/>
    <property name="user.timezone" value=""/>
    <property name="java.vm.specification.version" value="1.8"/>
    <property name="os.name" value="Linux"/>
    <property name="test.build.data" value="/workdir/hadoop-ozone/integration-test/target/test-dir"/>
    <property name="user.country" value="US"/>
    <property name="sun.java.launcher" value="SUN_STANDARD"/>
    <property name="sun.boot.library.path" value="/usr/lib/jvm/java-1.8.0-openjdk-1.8.0.222.b10-1.el7_7.x86_64/jre/lib/amd64"/>
    <property name="sun.java.command" value="/workdir/hadoop-ozone/integration-test/target/surefire/surefirebooter8640858930424662858.jar /workdir/hadoop-ozone/integration-test/target/surefire 2019-10-18T13-07-13_631-jvmRun1 surefire4641036585775665775tmp surefire_362494898401037556737tmp"/>
    <property name="surefire.test.class.path" value="/workdir/hadoop-ozone/integration-test/target/test-classes:/workdir/hadoop-ozone/integration-test/target/classes:/home/user/.m2/repository/org/apache/hadoop/hadoop-ozone-common/0.5.0-SNAPSHOT/hadoop-ozone-common-0.5.0-SNAPSHOT.jar:/home/user/.m2/repository/org/apache/commons/commons-compress/1.4.1/commons-compress-1.4.1.jar:/home/user/.m2/repository/org/tukaani/xz/1.0/xz-1.0.jar:/home/user/.m2/repository/org/apache/hadoop/hadoop-common/3.2.0/hadoop-common-3.2.0.jar:/home/user/.m2/repository/org/apache/hadoop/hadoop-hdfs/3.2.0/hadoop-hdfs-3.2.0.jar:/home/user/.m2/repository/org/apache/hadoop/hadoop-hdfs-client/3.2.0/hadoop-hdfs-client-3.2.0.jar:/home/user/.m2/repository/com/fasterxml/jackson/core/jackson-annotations/2.9.9/jackson-annotations-2.9.9.jar:/home/user/.m2/repository/org/apache/hadoop/hadoop-hdds-common/0.5.0-SNAPSHOT/hadoop-hdds-common-0.5.0-SNAPSHOT.jar:/home/user/.m2/repository/javax/annotation/javax.annotation-api/1.2/javax.annotation-api-1.2.jar:/home/user/.m2/repository/org/apache/ratis/ratis-server/0.5.0-3f446aa-SNAPSHOT/ratis-server-0.5.0-3f446aa-SNAPSHOT.jar:/home/user/.m2/repository/org/apache/ratis/ratis-thirdparty-misc/0.2.0/ratis-thirdparty-misc-0.2.0.jar:/home/user/.m2/repository/org/apache/ratis/ratis-proto/0.5.0-3f446aa-SNAPSHOT/ratis-proto-0.5.0-3f446aa-SNAPSHOT.jar:/home/user/.m2/repository/org/apache/ratis/ratis-common/0.5.0-3f446aa-SNAPSHOT/ratis-common-0.5.0-3f446aa-SNAPSHOT.jar:/home/user/.m2/repository/org/apache/ratis/ratis-client/0.5.0-3f446aa-SNAPSHOT/ratis-client-0.5.0-3f446aa-SNAPSHOT.jar:/home/user/.m2/repository/org/apache/ratis/ratis-metrics/0.5.0-3f446aa-SNAPSHOT/ratis-metrics-0.5.0-3f446aa-SNAPSHOT.jar:/home/user/.m2/repository/com/github/joshelser/dropwizard-metrics-hadoop-metrics2-reporter/0.1.2/dropwizard-metrics-hadoop-metrics2-reporter-0.1.2.jar:/home/user/.m2/repository/io/dropwizard/metrics/metrics-jvm/3.2.5/metrics-jvm-3.2.5.jar:/home/user/.m2/repository/io/dropwizard/metrics/metrics-ganglia/3.2.5/metrics-ganglia-3.2.5.jar:/home/user/.m2/repository/info/ganglia/gmetric4j/gmetric4j/1.0.7/gmetric4j-1.0.7.jar:/home/user/.m2/repository/org/apache/ratis/ratis-netty/0.5.0-3f446aa-SNAPSHOT/ratis-netty-0.5.0-3f446aa-SNAPSHOT.jar:/home/user/.m2/repository/org/apache/ratis/ratis-grpc/0.5.0-3f446aa-SNAPSHOT/ratis-grpc-0.5.0-3f446aa-SNAPSHOT.jar:/home/user/.m2/repository/org/rocksdb/rocksdbjni/6.0.1/rocksdbjni-6.0.1.jar:/home/user/.m2/repository/org/apache/logging/log4j/log4j-api/2.11.0/log4j-api-2.11.0.jar:/home/user/.m2/repository/org/apache/logging/log4j/log4j-core/2.11.0/log4j-core-2.11.0.jar:/home/user/.m2/repository/com/lmax/disruptor/3.4.2/disruptor-3.4.2.jar:/home/user/.m2/repository/org/apache/commons/commons-pool2/2.6.0/commons-pool2-2.6.0.jar:/home/user/.m2/repository/org/bouncycastle/bcpkix-jdk15on/1.60/bcpkix-jdk15on-1.60.jar:/home/user/.m2/repository/commons-validator/commons-validator/1.6/commons-validator-1.6.jar:/home/user/.m2/repository/commons-digester/commons-digester/1.8.1/commons-digester-1.8.1.jar:/home/user/.m2/repository/io/jaegertracing/jaeger-client/0.34.0/jaeger-client-0.34.0.jar:/home/user/.m2/repository/io/jaegertracing/jaeger-thrift/0.34.0/jaeger-thrift-0.34.0.jar:/home/user/.m2/repository/org/apache/thrift/libthrift/0.12.0/libthrift-0.12.0.jar:/home/user/.m2/repository/com/squareup/okhttp3/okhttp/3.9.0/okhttp-3.9.0.jar:/home/user/.m2/repository/com/squareup/okio/okio/1.13.0/okio-1.13.0.jar:/home/user/.m2/repository/io/jaegertracing/jaeger-core/0.34.0/jaeger-core-0.34.0.jar:/home/user/.m2/repository/io/jaegertracing/jaeger-tracerresolver/0.34.0/jaeger-tracerresolver-0.34.0.jar:/home/user/.m2/repository/io/opentracing/contrib/opentracing-tracerresolver/0.1.5/opentracing-tracerresolver-0.1.5.jar:/home/user/.m2/repository/io/opentracing/opentracing-util/0.31.0/opentracing-util-0.31.0.jar:/home/user/.m2/repository/io/opentracing/opentracing-api/0.31.0/opentracing-api-0.31.0.jar:/home/user/.m2/repository/io/opentracing/opentracing-noop/0.31.0/opentracing-noop-0.31.0.jar:/home/user/.m2/repository/org/apache/hadoop/hadoop-hdds-server-framework/0.5.0-SNAPSHOT/hadoop-hdds-server-framework-0.5.0-SNAPSHOT.jar:/home/user/.m2/repository/org/apache/hadoop/hadoop-hdds-container-service/0.5.0-SNAPSHOT/hadoop-hdds-container-service-0.5.0-SNAPSHOT.jar:/home/user/.m2/repository/org/apache/hadoop/hadoop-hdds-client/0.5.0-SNAPSHOT/hadoop-hdds-client-0.5.0-SNAPSHOT.jar:/home/user/.m2/repository/org/apache/hadoop/hadoop-hdds-tools/0.5.0-SNAPSHOT/hadoop-hdds-tools-0.5.0-SNAPSHOT.jar:/home/user/.m2/repository/org/apache/hadoop/hadoop-hdds-server-scm/0.5.0-SNAPSHOT/hadoop-hdds-server-scm-0.5.0-SNAPSHOT.jar:/home/user/.m2/repository/org/apache/hadoop/hadoop-hdds-docs/0.5.0-SNAPSHOT/hadoop-hdds-docs-0.5.0-SNAPSHOT.jar:/home/user/.m2/repository/io/dropwizard/metrics/metrics-core/3.2.4/metrics-core-3.2.4.jar:/home/user/.m2/repository/org/hamcrest/hamcrest-all/1.3/hamcrest-all-1.3.jar:/home/user/.m2/repository/org/bouncycastle/bcprov-jdk15on/1.60/bcprov-jdk15on-1.60.jar:/home/user/.m2/repository/info/picocli/picocli/3.9.6/picocli-3.9.6.jar:/home/user/.m2/repository/com/google/protobuf/protobuf-java/2.5.0/protobuf-java-2.5.0.jar:/home/user/.m2/repository/com/google/guava/guava/11.0.2/guava-11.0.2.jar:/home/user/.m2/repository/org/apache/hadoop/hadoop-ozone-ozone-manager/0.5.0-SNAPSHOT/hadoop-ozone-ozone-manager-0.5.0-SNAPSHOT.jar:/home/user/.m2/repository/org/apache/hadoop/hadoop-minikdc/3.2.0/hadoop-minikdc-3.2.0.jar:/home/user/.m2/repository/commons-io/commons-io/2.5/commons-io-2.5.jar:/home/user/.m2/repository/org/apache/kerby/kerb-simplekdc/1.0.1/kerb-simplekdc-1.0.1.jar:/home/user/.m2/repository/org/apache/kerby/kerb-client/1.0.1/kerb-client-1.0.1.jar:/home/user/.m2/repository/org/apache/kerby/kerby-config/1.0.1/kerby-config-1.0.1.jar:/home/user/.m2/repository/org/apache/kerby/kerb-core/1.0.1/kerb-core-1.0.1.jar:/home/user/.m2/repository/org/apache/kerby/kerby-pkix/1.0.1/kerby-pkix-1.0.1.jar:/home/user/.m2/repository/org/apache/kerby/kerby-asn1/1.0.1/kerby-asn1-1.0.1.jar:/home/user/.m2/repository/org/apache/kerby/kerby-util/1.0.1/kerby-util-1.0.1.jar:/home/user/.m2/repository/org/apache/kerby/kerb-common/1.0.1/kerb-common-1.0.1.jar:/home/user/.m2/repository/org/apache/kerby/kerb-crypto/1.0.1/kerb-crypto-1.0.1.jar:/home/user/.m2/repository/org/apache/kerby/kerb-util/1.0.1/kerb-util-1.0.1.jar:/home/user/.m2/repository/org/apache/kerby/token-provider/1.0.1/token-provider-1.0.1.jar:/home/user/.m2/repository/org/apache/kerby/kerb-admin/1.0.1/kerb-admin-1.0.1.jar:/home/user/.m2/repository/org/apache/kerby/kerb-server/1.0.1/kerb-server-1.0.1.jar:/home/user/.m2/repository/org/apache/kerby/kerb-identity/1.0.1/kerb-identity-1.0.1.jar:/home/user/.m2/repository/org/apache/kerby/kerby-xdr/1.0.1/kerby-xdr-1.0.1.jar:/home/user/.m2/repository/org/slf4j/slf4j-log4j12/1.7.25/slf4j-log4j12-1.7.25.jar:/home/user/.m2/repository/org/apache/hadoop/hadoop-ozone-s3gateway/0.5.0-SNAPSHOT/hadoop-ozone-s3gateway-0.5.0-SNAPSHOT.jar:/home/user/.m2/repository/org/jboss/weld/servlet/weld-servlet/2.4.7.Final/weld-servlet-2.4.7.Final.jar:/home/user/.m2/repository/org/glassfish/jersey/containers/jersey-container-servlet-core/2.27/jersey-container-servlet-core-2.27.jar:/home/user/.m2/repository/org/glassfish/hk2/external/javax.inject/2.5.0-b42/javax.inject-2.5.0-b42.jar:/home/user/.m2/repository/org/glassfish/jersey/core/jersey-common/2.27/jersey-common-2.27.jar:/home/user/.m2/repository/org/glassfish/hk2/osgi-resource-locator/1.0.1/osgi-resource-locator-1.0.1.jar:/home/user/.m2/repository/javax/ws/rs/javax.ws.rs-api/2.1/javax.ws.rs-api-2.1.jar:/home/user/.m2/repository/org/glassfish/jersey/ext/cdi/jersey-cdi1x/2.27/jersey-cdi1x-2.27.jar:/home/user/.m2/repository/org/glassfish/jersey/inject/jersey-hk2/2.27/jersey-hk2-2.27.jar:/home/user/.m2/repository/org/glassfish/hk2/hk2-locator/2.5.0-b42/hk2-locator-2.5.0-b42.jar:/home/user/.m2/repository/org/javassist/javassist/3.22.0-CR2/javassist-3.22.0-CR2.jar:/home/user/.m2/repository/org/glassfish/hk2/hk2-api/2.5.0/hk2-api-2.5.0.jar:/home/user/.m2/repository/org/glassfish/hk2/external/jakarta.inject/2.5.0/jakarta.inject-2.5.0.jar:/home/user/.m2/repository/org/glassfish/hk2/hk2-utils/2.5.0/hk2-utils-2.5.0.jar:/home/user/.m2/repository/jakarta/annotation/jakarta.annotation-api/1.3.4/jakarta.annotation-api-1.3.4.jar:/home/user/.m2/repository/org/glassfish/hk2/external/aopalliance-repackaged/2.5.0/aopalliance-repackaged-2.5.0.jar:/home/user/.m2/repository/com/fasterxml/jackson/dataformat/jackson-dataformat-xml/2.9.0/jackson-dataformat-xml-2.9.0.jar:/home/user/.m2/repository/com/fasterxml/jackson/core/jackson-core/2.9.9/jackson-core-2.9.9.jar:/home/user/.m2/repository/com/fasterxml/jackson/module/jackson-module-jaxb-annotations/2.9.9/jackson-module-jaxb-annotations-2.9.9.jar:/home/user/.m2/repository/javax/enterprise/cdi-api/1.2/cdi-api-1.2.jar:/home/user/.m2/repository/javax/el/javax.el-api/3.0.0/javax.el-api-3.0.0.jar:/home/user/.m2/repository/javax/interceptor/javax.interceptor-api/1.2/javax.interceptor-api-1.2.jar:/home/user/.m2/repository/javax/inject/javax.inject/1/javax.inject-1.jar:/home/user/.m2/repository/com/sun/xml/bind/jaxb-impl/2.3.0.1/jaxb-impl-2.3.0.1.jar:/home/user/.m2/repository/com/sun/xml/bind/jaxb-core/2.3.0.1/jaxb-core-2.3.0.1.jar:/home/user/.m2/repository/javax/xml/bind/jaxb-api/2.3.0/jaxb-api-2.3.0.jar:/home/user/.m2/repository/javax/activation/activation/1.1.1/activation-1.1.1.jar:/home/user/.m2/repository/org/apache/hadoop/hadoop-ozone-csi/0.5.0-SNAPSHOT/hadoop-ozone-csi-0.5.0-SNAPSHOT.jar:/home/user/.m2/repository/com/google/protobuf/protobuf-java-util/3.5.1/protobuf-java-util-3.5.1.jar:/home/user/.m2/repository/org/apache/hadoop/hadoop-hdds-config/0.5.0-SNAPSHOT/hadoop-hdds-config-0.5.0-SNAPSHOT.jar:/home/user/.m2/repository/io/grpc/grpc-netty/1.17.1/grpc-netty-1.17.1.jar:/home/user/.m2/repository/io/grpc/grpc-core/1.17.1/grpc-core-1.17.1.jar:/home/user/.m2/repository/io/grpc/grpc-context/1.17.1/grpc-context-1.17.1.jar:/home/user/.m2/repository/com/google/errorprone/error_prone_annotations/2.2.0/error_prone_annotations-2.2.0.jar:/home/user/.m2/repository/org/codehaus/mojo/animal-sniffer-annotations/1.17/animal-sniffer-annotations-1.17.jar:/home/user/.m2/repository/io/opencensus/opencensus-api/0.17.0/opencensus-api-0.17.0.jar:/home/user/.m2/repository/io/opencensus/opencensus-contrib-grpc-metrics/0.17.0/opencensus-contrib-grpc-metrics-0.17.0.jar:/home/user/.m2/repository/io/netty/netty-codec-http2/4.1.30.Final/netty-codec-http2-4.1.30.Final.jar:/home/user/.m2/repository/io/netty/netty-codec-http/4.1.30.Final/netty-codec-http-4.1.30.Final.jar:/home/user/.m2/repository/io/netty/netty-codec/4.1.30.Final/netty-codec-4.1.30.Final.jar:/home/user/.m2/repository/io/netty/netty-handler/4.1.30.Final/netty-handler-4.1.30.Final.jar:/home/user/.m2/repository/io/netty/netty-handler-proxy/4.1.30.Final/netty-handler-proxy-4.1.30.Final.jar:/home/user/.m2/repository/io/netty/netty-codec-socks/4.1.30.Final/netty-codec-socks-4.1.30.Final.jar:/home/user/.m2/repository/io/netty/netty-transport-native-epoll/4.1.30.Final/netty-transport-native-epoll-4.1.30.Final.jar:/home/user/.m2/repository/io/netty/netty-common/4.1.30.Final/netty-common-4.1.30.Final.jar:/home/user/.m2/repository/io/netty/netty-buffer/4.1.30.Final/netty-buffer-4.1.30.Final.jar:/home/user/.m2/repository/io/netty/netty-transport/4.1.30.Final/netty-transport-4.1.30.Final.jar:/home/user/.m2/repository/io/netty/netty-resolver/4.1.30.Final/netty-resolver-4.1.30.Final.jar:/home/user/.m2/repository/io/netty/netty-transport-native-unix-common/4.1.30.Final/netty-transport-native-unix-common-4.1.30.Final.jar:/home/user/.m2/repository/io/grpc/grpc-protobuf/1.17.1/grpc-protobuf-1.17.1.jar:/home/user/.m2/repository/com/google/api/grpc/proto-google-common-protos/1.0.0/proto-google-common-protos-1.0.0.jar:/home/user/.m2/repository/io/grpc/grpc-protobuf-lite/1.17.1/grpc-protobuf-lite-1.17.1.jar:/home/user/.m2/repository/io/grpc/grpc-stub/1.17.1/grpc-stub-1.17.1.jar:/home/user/.m2/repository/org/apache/hadoop/hadoop-ozone-recon/0.5.0-SNAPSHOT/hadoop-ozone-recon-0.5.0-SNAPSHOT.jar:/home/user/.m2/repository/org/apache/hadoop/hadoop-ozone-reconcodegen/0.5.0-SNAPSHOT/hadoop-ozone-reconcodegen-0.5.0-SNAPSHOT.jar:/home/user/.m2/repository/com/google/inject/extensions/guice-multibindings/4.0/guice-multibindings-4.0.jar:/home/user/.m2/repository/com/google/inject/guice/4.0/guice-4.0.jar:/home/user/.m2/repository/aopalliance/aopalliance/1.0/aopalliance-1.0.jar:/home/user/.m2/repository/com/google/inject/extensions/guice-servlet/4.0/guice-servlet-4.0.jar:/home/user/.m2/repository/org/glassfish/jersey/containers/jersey-container-servlet/2.27/jersey-container-servlet-2.27.jar:/home/user/.m2/repository/org/glassfish/hk2/guice-bridge/2.5.0/guice-bridge-2.5.0.jar:/home/user/.m2/repository/org/glassfish/jersey/core/jersey-server/2.27/jersey-server-2.27.jar:/home/user/.m2/repository/org/glassfish/jersey/core/jersey-client/2.27/jersey-client-2.27.jar:/home/user/.m2/repository/org/glassfish/jersey/media/jersey-media-jaxb/2.27/jersey-media-jaxb-2.27.jar:/home/user/.m2/repository/javax/validation/validation-api/1.1.0.Final/validation-api-1.1.0.Final.jar:/home/user/.m2/repository/org/glassfish/jersey/media/jersey-media-json-jackson/2.27/jersey-media-json-jackson-2.27.jar:/home/user/.m2/repository/org/glassfish/jersey/ext/jersey-entity-filtering/2.27/jersey-entity-filtering-2.27.jar:/home/user/.m2/repository/com/google/inject/extensions/guice-assistedinject/4.0/guice-assistedinject-4.0.jar:/home/user/.m2/repository/org/jooq/jooq/3.11.10/jooq-3.11.10.jar:/home/user/.m2/repository/org/jooq/jooq-meta/3.11.10/jooq-meta-3.11.10.jar:/home/user/.m2/repository/org/jooq/jooq-codegen/3.11.10/jooq-codegen-3.11.10.jar:/home/user/.m2/repository/com/jolbox/bonecp/0.8.0.RELEASE/bonecp-0.8.0.RELEASE.jar:/home/user/.m2/repository/org/xerial/sqlite-jdbc/3.25.2/sqlite-jdbc-3.25.2.jar:/home/user/.m2/repository/org/springframework/spring-jdbc/5.1.3.RELEASE/spring-jdbc-5.1.3.RELEASE.jar:/home/user/.m2/repository/org/springframework/spring-beans/5.1.3.RELEASE/spring-beans-5.1.3.RELEASE.jar:/home/user/.m2/repository/org/springframework/spring-core/5.1.3.RELEASE/spring-core-5.1.3.RELEASE.jar:/home/user/.m2/repository/org/springframework/spring-jcl/5.1.3.RELEASE/spring-jcl-5.1.3.RELEASE.jar:/home/user/.m2/repository/org/springframework/spring-tx/5.1.3.RELEASE/spring-tx-5.1.3.RELEASE.jar:/home/user/.m2/repository/org/apache/hadoop/hadoop-ozone-client/0.5.0-SNAPSHOT/hadoop-ozone-client-0.5.0-SNAPSHOT.jar:/home/user/.m2/repository/commons-lang/commons-lang/2.6/commons-lang-2.6.jar:/home/user/.m2/repository/org/apache/hadoop/hadoop-ozone-ozone-manager/0.5.0-SNAPSHOT/hadoop-ozone-ozone-manager-0.5.0-SNAPSHOT-tests.jar:/home/user/.m2/repository/junit/junit/4.11/junit-4.11.jar:/home/user/.m2/repository/org/hamcrest/hamcrest-core/1.3/hamcrest-core-1.3.jar:/home/user/.m2/repository/org/openjdk/jmh/jmh-core/1.19/jmh-core-1.19.jar:/home/user/.m2/repository/net/sf/jopt-simple/jopt-simple/4.6/jopt-simple-4.6.jar:/home/user/.m2/repository/org/apache/commons/commons-math3/3.1.1/commons-math3-3.1.1.jar:/home/user/.m2/repository/org/openjdk/jmh/jmh-generator-annprocess/1.19/jmh-generator-annprocess-1.19.jar:/home/user/.m2/repository/org/mockito/mockito-all/1.8.5/mockito-all-1.8.5.jar:/home/user/.m2/repository/org/apache/hadoop/hadoop-kms/3.2.0/hadoop-kms-3.2.0.jar:/home/user/.m2/repository/org/apache/hadoop/hadoop-auth/3.2.0/hadoop-auth-3.2.0.jar:/home/user/.m2/repository/com/nimbusds/nimbus-jose-jwt/4.41.1/nimbus-jose-jwt-4.41.1.jar:/home/user/.m2/repository/com/github/stephenc/jcip/jcip-annotations/1.0-1/jcip-annotations-1.0-1.jar:/home/user/.m2/repository/net/minidev/json-smart/2.3/json-smart-2.3.jar:/home/user/.m2/repository/net/minidev/accessors-smart/1.2/accessors-smart-1.2.jar:/home/user/.m2/repository/org/ow2/asm/asm/5.0.4/asm-5.0.4.jar:/home/user/.m2/repository/org/apache/curator/curator-framework/2.12.0/curator-framework-2.12.0.jar:/home/user/.m2/repository/com/sun/jersey/jersey-core/1.19/jersey-core-1.19.jar:/home/user/.m2/repository/javax/ws/rs/jsr311-api/1.1.1/jsr311-api-1.1.1.jar:/home/user/.m2/repository/com/sun/jersey/jersey-server/1.19/jersey-server-1.19.jar:/home/user/.m2/repository/javax/servlet/javax.servlet-api/3.1.0/javax.servlet-api-3.1.0.jar:/home/user/.m2/repository/org/eclipse/jetty/jetty-server/9.3.25.v20180904/jetty-server-9.3.25.v20180904.jar:/home/user/.m2/repository/org/eclipse/jetty/jetty-http/9.3.25.v20180904/jetty-http-9.3.25.v20180904.jar:/home/user/.m2/repository/org/eclipse/jetty/jetty-io/9.3.25.v20180904/jetty-io-9.3.25.v20180904.jar:/home/user/.m2/repository/org/eclipse/jetty/jetty-webapp/9.3.25.v20180904/jetty-webapp-9.3.25.v20180904.jar:/home/user/.m2/repository/org/eclipse/jetty/jetty-xml/9.3.25.v20180904/jetty-xml-9.3.25.v20180904.jar:/home/user/.m2/repository/log4j/log4j/1.2.17/log4j-1.2.17.jar:/home/user/.m2/repository/org/slf4j/slf4j-api/1.7.25/slf4j-api-1.7.25.jar:/home/user/.m2/repository/org/slf4j/jul-to-slf4j/1.7.25/jul-to-slf4j-1.7.25.jar:/home/user/.m2/repository/org/eclipse/jetty/jetty-util/9.3.25.v20180904/jetty-util-9.3.25.v20180904.jar:/home/user/.m2/repository/com/fasterxml/jackson/core/jackson-databind/2.9.9/jackson-databind-2.9.9.jar:/home/user/.m2/repository/org/apache/hadoop/hadoop-kms/3.2.0/hadoop-kms-3.2.0-tests.jar:/home/user/.m2/repository/org/apache/hadoop/hadoop-hdds-server-scm/0.5.0-SNAPSHOT/hadoop-hdds-server-scm-0.5.0-SNAPSHOT-tests.jar:/home/user/.m2/repository/org/apache/hadoop/hadoop-hdds-container-service/0.5.0-SNAPSHOT/hadoop-hdds-container-service-0.5.0-SNAPSHOT-tests.jar:/home/user/.m2/repository/org/yaml/snakeyaml/1.16/snakeyaml-1.16.jar:/home/user/.m2/repository/org/apache/hadoop/hadoop-common/3.2.0/hadoop-common-3.2.0-tests.jar:/home/user/.m2/repository/org/apache/hadoop/hadoop-annotations/3.2.0/hadoop-annotations-3.2.0.jar:/usr/lib/jvm/java-1.8.0-openjdk-1.8.0.222.b10-1.el7_7.x86_64/jre/../lib/tools.jar:/home/user/.m2/repository/commons-cli/commons-cli/1.2/commons-cli-1.2.jar:/home/user/.m2/repository/org/apache/httpcomponents/httpclient/4.5.2/httpclient-4.5.2.jar:/home/user/.m2/repository/org/apache/httpcomponents/httpcore/4.4.4/httpcore-4.4.4.jar:/home/user/.m2/repository/commons-codec/commons-codec/1.11/commons-codec-1.11.jar:/home/user/.m2/repository/commons-net/commons-net/3.6/commons-net-3.6.jar:/home/user/.m2/repository/commons-collections/commons-collections/3.2.2/commons-collections-3.2.2.jar:/home/user/.m2/repository/org/eclipse/jetty/jetty-servlet/9.3.25.v20180904/jetty-servlet-9.3.25.v20180904.jar:/home/user/.m2/repository/org/eclipse/jetty/jetty-security/9.3.25.v20180904/jetty-security-9.3.25.v20180904.jar:/home/user/.m2/repository/javax/servlet/jsp/jsp-api/2.1/jsp-api-2.1.jar:/home/user/.m2/repository/com/sun/jersey/jersey-servlet/1.19/jersey-servlet-1.19.jar:/home/user/.m2/repository/com/sun/jersey/jersey-json/1.19/jersey-json-1.19.jar:/home/user/.m2/repository/org/codehaus/jettison/jettison/1.1/jettison-1.1.jar:/home/user/.m2/repository/org/codehaus/jackson/jackson-core-asl/1.9.13/jackson-core-asl-1.9.13.jar:/home/user/.m2/repository/org/codehaus/jackson/jackson-mapper-asl/1.9.13/jackson-mapper-asl-1.9.13.jar:/home/user/.m2/repository/org/codehaus/jackson/jackson-jaxrs/1.9.13/jackson-jaxrs-1.9.13.jar:/home/user/.m2/repository/org/codehaus/jackson/jackson-xc/1.9.13/jackson-xc-1.9.13.jar:/home/user/.m2/repository/commons-logging/commons-logging/1.1.3/commons-logging-1.1.3.jar:/home/user/.m2/repository/commons-beanutils/commons-beanutils/1.9.4/commons-beanutils-1.9.4.jar:/home/user/.m2/repository/org/apache/commons/commons-configuration2/2.1.1/commons-configuration2-2.1.1.jar:/home/user/.m2/repository/org/apache/commons/commons-lang3/3.7/commons-lang3-3.7.jar:/home/user/.m2/repository/org/apache/commons/commons-text/1.4/commons-text-1.4.jar:/home/user/.m2/repository/org/apache/avro/avro/1.7.7/avro-1.7.7.jar:/home/user/.m2/repository/com/thoughtworks/paranamer/paranamer/2.3/paranamer-2.3.jar:/home/user/.m2/repository/org/xerial/snappy/snappy-java/1.0.5/snappy-java-1.0.5.jar:/home/user/.m2/repository/com/google/re2j/re2j/1.1/re2j-1.1.jar:/home/user/.m2/repository/com/google/code/gson/gson/2.2.4/gson-2.2.4.jar:/home/user/.m2/repository/com/jcraft/jsch/0.1.54/jsch-0.1.54.jar:/home/user/.m2/repository/org/apache/curator/curator-client/2.12.0/curator-client-2.12.0.jar:/home/user/.m2/repository/org/apache/curator/curator-recipes/2.12.0/curator-recipes-2.12.0.jar:/home/user/.m2/repository/com/google/code/findbugs/jsr305/3.0.0/jsr305-3.0.0.jar:/home/user/.m2/repository/org/apache/htrace/htrace-core4/4.1.0-incubating/htrace-core4-4.1.0-incubating.jar:/home/user/.m2/repository/org/apache/zookeeper/zookeeper/3.4.13/zookeeper-3.4.13.jar:/home/user/.m2/repository/jline/jline/0.9.94/jline-0.9.94.jar:/home/user/.m2/repository/org/apache/yetus/audience-annotations/0.5.0/audience-annotations-0.5.0.jar:/home/user/.m2/repository/org/codehaus/woodstox/stax2-api/3.1.4/stax2-api-3.1.4.jar:/home/user/.m2/repository/com/fasterxml/woodstox/woodstox-core/5.0.3/woodstox-core-5.0.3.jar:/home/user/.m2/repository/dnsjava/dnsjava/2.1.7/dnsjava-2.1.7.jar:/home/user/.m2/repository/org/apache/hadoop/hadoop-hdfs/3.2.0/hadoop-hdfs-3.2.0-tests.jar:/home/user/.m2/repository/org/eclipse/jetty/jetty-util-ajax/9.3.25.v20180904/jetty-util-ajax-9.3.25.v20180904.jar:/home/user/.m2/repository/commons-daemon/commons-daemon/1.0.13/commons-daemon-1.0.13.jar:/home/user/.m2/repository/io/netty/netty/3.10.5.Final/netty-3.10.5.Final.jar:/home/user/.m2/repository/io/netty/netty-all/4.0.52.Final/netty-all-4.0.52.Final.jar:/home/user/.m2/repository/org/fusesource/leveldbjni/leveldbjni-all/1.8/leveldbjni-all-1.8.jar:"/>
    <property name="sun.cpu.endian" value="little"/>
    <property name="user.home" value="/home/user"/>
    <property name="user.language" value="en"/>
    <property name="java.specification.vendor" value="Oracle Corporation"/>
    <property name="java.home" value="/usr/lib/jvm/java-1.8.0-openjdk-1.8.0.222.b10-1.el7_7.x86_64/jre"/>
    <property name="surefire.excludesFile" value="/tools/ozone-bad-unit-tests"/>
    <property name="java.security.krb5.conf" value="/workdir/hadoop-ozone/integration-test/target/test-classes/krb5.conf"/>
    <property name="basedir" value="/workdir/hadoop-ozone/integration-test"/>
    <property name="file.separator" value="/"/>
    <property name="line.separator" value="&#10;"/>
    <property name="java.vm.specification.vendor" value="Oracle Corporation"/>
    <property name="java.specification.name" value="Java Platform API Specification"/>
    <property name="java.awt.graphicsenv" value="sun.awt.X11GraphicsEnvironment"/>
    <property name="surefire.real.class.path" value="/workdir/hadoop-ozone/integration-test/target/surefire/surefirebooter8640858930424662858.jar"/>
    <property name="hadoop.log.dir" value="/workdir/hadoop-ozone/integration-test/target/log"/>
    <property name="sun.boot.class.path" value="/usr/lib/jvm/java-1.8.0-openjdk-1.8.0.222.b10-1.el7_7.x86_64/jre/lib/resources.jar:/usr/lib/jvm/java-1.8.0-openjdk-1.8.0.222.b10-1.el7_7.x86_64/jre/lib/rt.jar:/usr/lib/jvm/java-1.8.0-openjdk-1.8.0.222.b10-1.el7_7.x86_64/jre/lib/sunrsasign.jar:/usr/lib/jvm/java-1.8.0-openjdk-1.8.0.222.b10-1.el7_7.x86_64/jre/lib/jsse.jar:/usr/lib/jvm/java-1.8.0-openjdk-1.8.0.222.b10-1.el7_7.x86_64/jre/lib/jce.jar:/usr/lib/jvm/java-1.8.0-openjdk-1.8.0.222.b10-1.el7_7.x86_64/jre/lib/charsets.jar:/usr/lib/jvm/java-1.8.0-openjdk-1.8.0.222.b10-1.el7_7.x86_64/jre/lib/jfr.jar:/usr/lib/jvm/java-1.8.0-openjdk-1.8.0.222.b10-1.el7_7.x86_64/jre/classes"/>
    <property name="sun.management.compiler" value="HotSpot 64-Bit Tiered Compilers"/>
    <property name="java.runtime.version" value="1.8.0_222-b10"/>
    <property name="java.net.preferIPv4Stack" value="true"/>
    <property name="user.name" value="jenkins1000"/>
    <property name="path.separator" value=":"/>
    <property name="java.security.egd" value="file:///dev/urandom"/>
    <property name="os.version" value="3.10.0-957.12.2.el7.x86_64"/>
    <property name="java.endorsed.dirs" value="/usr/lib/jvm/java-1.8.0-openjdk-1.8.0.222.b10-1.el7_7.x86_64/jre/lib/endorsed"/>
    <property name="java.runtime.name" value="OpenJDK Runtime Environment"/>
    <property name="file.encoding" value="ANSI_X3.4-1968"/>
    <property name="java.vm.name" value="OpenJDK 64-Bit Server VM"/>
    <property name="test.build.webapps" value=""/>
    <property name="localRepository" value="/home/user/.m2/repository"/>
    <property name="java.vendor.url.bug" value="http://bugreport.sun.com/bugreport/"/>
    <property name="java.io.tmpdir" value="/tmp"/>
    <property name="require.test.libhadoop" value=""/>
    <property name="java.version" value="1.8.0_222"/>
    <property name="user.dir" value="/workdir/hadoop-ozone/integration-test"/>
    <property name="os.arch" value="amd64"/>
    <property name="java.vm.specification.name" value="Java Virtual Machine Specification"/>
    <property name="test.build.classes" value="/workdir/hadoop-ozone/integration-test/target/test-classes"/>
    <property name="java.awt.printerjob" value="sun.print.PSPrinterJob"/>
    <property name="sun.os.patch.level" value="unknown"/>
    <property name="hadoop.tmp.dir" value="/workdir/hadoop-ozone/integration-test/target/tmp"/>
    <property name="java.library.path" value="/usr/lib:/workdir/hadoop-ozone/integration-test/target/native/target/usr/local/lib:/workdir/hadoop-ozone/integration-test/../../hadoop-common-project/hadoop-common/target/native/target/usr/local/lib:/usr/java/packages/lib/amd64:/usr/lib64:/lib64:/lib:/usr/lib"/>
    <property name="java.vm.info" value="mixed mode"/>
    <property name="java.vendor" value="Oracle Corporation"/>
    <property name="java.vm.version" value="25.222-b10"/>
    <property name="java.ext.dirs" value="/usr/lib/jvm/java-1.8.0-openjdk-1.8.0.222.b10-1.el7_7.x86_64/jre/lib/ext:/usr/java/packages/lib/ext"/>
    <property name="sun.io.unicode.encoding" value="UnicodeLittle"/>
    <property name="java.class.version" value="52.0"/>
  </properties>
  <testcase name="test" classname="org.apache.hadoop.ozone.scm.TestSCMContainerPlacementPolicyMetrics" time="81.434">
    <error message="test timed out after 60000 milliseconds" type="java.lang.Exception">java.lang.Exception: test timed out after 60000 milliseconds
	at sun.misc.Unsafe.park(Native Method)
	at java.util.concurrent.locks.LockSupport.park(LockSupport.java:175)
	at java.util.concurrent.CompletableFuture$Signaller.block(CompletableFuture.java:1693)
	at java.util.concurrent.ForkJoinPool.managedBlock(ForkJoinPool.java:3323)
	at java.util.concurrent.CompletableFuture.waitingGet(CompletableFuture.java:1729)
	at java.util.concurrent.CompletableFuture.get(CompletableFuture.java:1895)
	at org.apache.hadoop.hdds.scm.storage.BlockOutputStream.waitOnFlushFutures(BlockOutputStream.java:518)
	at org.apache.hadoop.hdds.scm.storage.BlockOutputStream.handleFlush(BlockOutputStream.java:481)
	at org.apache.hadoop.hdds.scm.storage.BlockOutputStream.close(BlockOutputStream.java:496)
	at org.apache.hadoop.ozone.client.io.BlockOutputStreamEntry.close(BlockOutputStreamEntry.java:143)
	at org.apache.hadoop.ozone.client.io.KeyOutputStream.handleFlushOrClose(KeyOutputStream.java:435)
	at org.apache.hadoop.ozone.client.io.KeyOutputStream.close(KeyOutputStream.java:473)
	at org.apache.hadoop.ozone.client.io.OzoneOutputStream.close(OzoneOutputStream.java:60)
	at org.apache.hadoop.ozone.scm.TestSCMContainerPlacementPolicyMetrics.test(TestSCMContainerPlacementPolicyMetrics.java:112)
	at sun.reflect.NativeMethodAccessorImpl.invoke0(Native Method)
	at sun.reflect.NativeMethodAccessorImpl.invoke(NativeMethodAccessorImpl.java:62)
	at sun.reflect.DelegatingMethodAccessorImpl.invoke(DelegatingMethodAccessorImpl.java:43)
	at java.lang.reflect.Method.invoke(Method.java:498)
	at org.junit.runners.model.FrameworkMethod$1.runReflectiveCall(FrameworkMethod.java:47)
	at org.junit.internal.runners.model.ReflectiveCallable.run(ReflectiveCallable.java:12)
	at org.junit.runners.model.FrameworkMethod.invokeExplosively(FrameworkMethod.java:44)
	at org.junit.internal.runners.statements.InvokeMethod.evaluate(InvokeMethod.java:17)
	at org.junit.internal.runners.statements.FailOnTimeout$StatementThread.run(FailOnTimeout.java:74)
</error>
    <system-out><![CDATA[2019-10-18 14:01:13,556 [main] WARN  server.ServerUtils (ServerUtils.java:getScmDbDir(145)) - ozone.scm.db.dirs is not configured. We recommend adding this setting. Falling back to ozone.metadata.dirs instead.
2019-10-18 14:01:13,673 [main] WARN  server.ServerUtils (ServerUtils.java:getScmDbDir(145)) - ozone.scm.db.dirs is not configured. We recommend adding this setting. Falling back to ozone.metadata.dirs instead.
2019-10-18 14:01:13,676 [main] WARN  server.ServerUtils (ServerUtils.java:getScmDbDir(145)) - ozone.scm.db.dirs is not configured. We recommend adding this setting. Falling back to ozone.metadata.dirs instead.
2019-10-18 14:01:13,701 [main] INFO  util.log (Log.java:initialized(192)) - Logging initialized @856ms
2019-10-18 14:01:13,797 [main] INFO  db.DBStoreBuilder (DBStoreBuilder.java:addTable(117)) - using custom profile for table: deletedBlocks
2019-10-18 14:01:13,798 [main] INFO  db.DBStoreBuilder (DBStoreBuilder.java:processTables(168)) - Using default column profile:DBProfile.DISK for Table:deletedBlocks
2019-10-18 14:01:13,798 [main] INFO  db.DBStoreBuilder (DBStoreBuilder.java:addTable(117)) - using custom profile for table: validCerts
2019-10-18 14:01:13,798 [main] INFO  db.DBStoreBuilder (DBStoreBuilder.java:processTables(168)) - Using default column profile:DBProfile.DISK for Table:validCerts
2019-10-18 14:01:13,799 [main] INFO  db.DBStoreBuilder (DBStoreBuilder.java:addTable(117)) - using custom profile for table: revokedCerts
2019-10-18 14:01:13,799 [main] INFO  db.DBStoreBuilder (DBStoreBuilder.java:processTables(168)) - Using default column profile:DBProfile.DISK for Table:revokedCerts
2019-10-18 14:01:13,810 [main] INFO  db.DBStoreBuilder (DBStoreBuilder.java:addTable(117)) - using custom profile for table: default
2019-10-18 14:01:13,810 [main] INFO  db.DBStoreBuilder (DBStoreBuilder.java:processTables(174)) - Using default column profile:DBProfile.DISK for Table:default
2019-10-18 14:01:13,812 [main] INFO  db.DBStoreBuilder (DBStoreBuilder.java:getDbProfile(205)) - Using default options. DBProfile.DISK
2019-10-18 14:01:14,100 [main] INFO  net.NodeSchemaLoader (NodeSchemaLoader.java:loadSchemaFromFile(125)) - Loading file from sun.misc.CompoundEnumeration@75d4a5c2
2019-10-18 14:01:14,103 [main] INFO  net.NodeSchemaLoader (NodeSchemaLoader.java:loadSchema(171)) - Loading network topology layer schema file
2019-10-18 14:01:14,160 [main] WARN  server.ServerUtils (ServerUtils.java:sanitizeUserArgs(70)) - ozone.scm.stale.node.interval value = 300000 is larger than max = 100000 based on the key value of ozone.scm.heartbeat.thread.interval, reset to the max value 100000.
2019-10-18 14:01:14,162 [main] WARN  server.ServerUtils (ServerUtils.java:sanitizeUserArgs(70)) - ozone.scm.stale.node.interval value = 300000 is larger than max = 100000 based on the key value of ozone.scm.heartbeat.thread.interval, reset to the max value 100000.
2019-10-18 14:01:14,165 [main] INFO  node.SCMNodeManager (SCMNodeManager.java:<init>(116)) - Entering startup safe mode.
2019-10-18 14:01:14,219 [main] INFO  Configuration.deprecation (Configuration.java:logDeprecation(1394)) - hadoop.configured.node.mapping is deprecated. Instead, use net.topology.configured.node.mapping
2019-10-18 14:01:14,223 [main] INFO  algorithms.ContainerPlacementPolicyFactory (ContainerPlacementPolicyFactory.java:getPolicy(57)) - Create container placement policy of type org.apache.hadoop.hdds.scm.container.placement.algorithms.SCMContainerPlacementRackAware
2019-10-18 14:01:14,236 [main] WARN  server.ServerUtils (ServerUtils.java:getScmDbDir(145)) - ozone.scm.db.dirs is not configured. We recommend adding this setting. Falling back to ozone.metadata.dirs instead.
2019-10-18 14:01:14,336 [main] INFO  pipeline.SCMPipelineManager (SCMPipelineManager.java:initializePipelineState(132)) - No pipeline exists in current db
2019-10-18 14:01:14,338 [main] WARN  server.ServerUtils (ServerUtils.java:getScmDbDir(145)) - ozone.scm.db.dirs is not configured. We recommend adding this setting. Falling back to ozone.metadata.dirs instead.
2019-10-18 14:01:14,469 [main] WARN  events.EventQueue (EventQueue.java:fireEvent(183)) - No event handler registered for event TypedEvent{payloadType=SafeModeStatus, name='SafeModeStatus'}
2019-10-18 14:01:14,820 [main] INFO  ipc.CallQueueManager (CallQueueManager.java:<init>(84)) - Using callQueue: class java.util.concurrent.LinkedBlockingQueue, queueCapacity: 2000, scheduler: class org.apache.hadoop.ipc.DefaultRpcScheduler, ipcBackoff: false.
2019-10-18 14:01:14,843 [Socket Reader #1 for port 44691] INFO  ipc.Server (Server.java:run(1074)) - Starting Socket Reader #1 for port 44691
2019-10-18 14:01:14,946 [main] INFO  ipc.CallQueueManager (CallQueueManager.java:<init>(84)) - Using callQueue: class java.util.concurrent.LinkedBlockingQueue, queueCapacity: 2000, scheduler: class org.apache.hadoop.ipc.DefaultRpcScheduler, ipcBackoff: false.
2019-10-18 14:01:14,947 [Socket Reader #1 for port 36766] INFO  ipc.Server (Server.java:run(1074)) - Starting Socket Reader #1 for port 36766
2019-10-18 14:01:14,959 [main] INFO  ipc.CallQueueManager (CallQueueManager.java:<init>(84)) - Using callQueue: class java.util.concurrent.LinkedBlockingQueue, queueCapacity: 2000, scheduler: class org.apache.hadoop.ipc.DefaultRpcScheduler, ipcBackoff: false.
2019-10-18 14:01:14,960 [Socket Reader #1 for port 38839] INFO  ipc.Server (Server.java:run(1074)) - Starting Socket Reader #1 for port 38839
2019-10-18 14:01:14,987 [main] INFO  hdfs.DFSUtil (DFSUtil.java:httpServerTemplateForNNAndJN(1641)) - Starting Web-server for scm at: http://0.0.0.0:0
2019-10-18 14:01:15,116 [main] INFO  server.AuthenticationFilter (AuthenticationFilter.java:constructSecretProvider(240)) - Unable to initialize FileSignerSecretProvider, falling back to use random secrets.
2019-10-18 14:01:15,124 [main] WARN  http.HttpRequestLog (HttpRequestLog.java:getRequestLog(97)) - Jetty request log can only be enabled using Log4j
2019-10-18 14:01:15,132 [main] INFO  http.HttpServer2 (HttpServer2.java:addGlobalFilter(975)) - Added global filter 'safety' (class=org.apache.hadoop.http.HttpServer2$QuotingInputFilter)
2019-10-18 14:01:15,135 [main] INFO  http.HttpServer2 (HttpServer2.java:addFilter(948)) - Added filter static_user_filter (class=org.apache.hadoop.http.lib.StaticUserWebFilter$StaticUserFilter) to context scm
2019-10-18 14:01:15,135 [main] INFO  http.HttpServer2 (HttpServer2.java:addFilter(958)) - Added filter static_user_filter (class=org.apache.hadoop.http.lib.StaticUserWebFilter$StaticUserFilter) to context logs
2019-10-18 14:01:15,135 [main] INFO  http.HttpServer2 (HttpServer2.java:addFilter(958)) - Added filter static_user_filter (class=org.apache.hadoop.http.lib.StaticUserWebFilter$StaticUserFilter) to context static
2019-10-18 14:01:15,164 [main] INFO  server.StorageContainerManager (StorageContainerManager.java:start(772)) - StorageContainerLocationProtocol RPC server is listening at /0.0.0.0:38839
2019-10-18 14:01:15,230 [main] WARN  impl.MetricsConfig (MetricsConfig.java:loadFirst(134)) - Cannot locate configuration: tried hadoop-metrics2-storagecontainermanager.properties,hadoop-metrics2.properties
2019-10-18 14:01:15,247 [main] INFO  impl.MetricsSystemImpl (MetricsSystemImpl.java:startTimer(374)) - Scheduled Metric snapshot period at 10 second(s).
2019-10-18 14:01:15,247 [main] INFO  impl.MetricsSystemImpl (MetricsSystemImpl.java:start(191)) - StorageContainerManager metrics system started
2019-10-18 14:01:15,485 [main] INFO  server.SCMClientProtocolServer (SCMClientProtocolServer.java:start(159)) - RPC server for Client  is listening at /0.0.0.0:38839
2019-10-18 14:01:15,486 [IPC Server Responder] INFO  ipc.Server (Server.java:run(1314)) - IPC Server Responder: starting
2019-10-18 14:01:15,486 [IPC Server listener on 38839] INFO  ipc.Server (Server.java:run(1153)) - IPC Server listener on 38839: starting
2019-10-18 14:01:15,489 [main] INFO  server.StorageContainerManager (StorageContainerManager.java:start(782)) - ScmBlockLocationProtocol RPC server is listening at /0.0.0.0:36766
2019-10-18 14:01:15,491 [main] INFO  server.SCMBlockProtocolServer (SCMBlockProtocolServer.java:start(146)) - RPC server for Block Protocol is listening at /0.0.0.0:36766
2019-10-18 14:01:15,491 [IPC Server Responder] INFO  ipc.Server (Server.java:run(1314)) - IPC Server Responder: starting
2019-10-18 14:01:15,492 [IPC Server listener on 36766] INFO  ipc.Server (Server.java:run(1153)) - IPC Server listener on 36766: starting
2019-10-18 14:01:15,494 [main] INFO  server.StorageContainerManager (StorageContainerManager.java:start(786)) - ScmDatanodeProtocl RPC server is listening at /0.0.0.0:44691
2019-10-18 14:01:15,494 [main] INFO  server.SCMDatanodeProtocolServer (SCMDatanodeProtocolServer.java:start(169)) - RPC server for DataNodes is listening at /0.0.0.0:44691
2019-10-18 14:01:15,496 [IPC Server Responder] INFO  ipc.Server (Server.java:run(1314)) - IPC Server Responder: starting
2019-10-18 14:01:15,496 [IPC Server listener on 44691] INFO  ipc.Server (Server.java:run(1153)) - IPC Server listener on 44691: starting
2019-10-18 14:01:15,500 [main] INFO  http.HttpServer2 (HttpServer2.java:bindListener(1191)) - Jetty bound to port 33245
2019-10-18 14:01:15,503 [main] INFO  server.Server (Server.java:doStart(351)) - jetty-9.3.25.v20180904, build timestamp: 2018-09-04T21:11:46Z, git hash: 3ce520221d0240229c862b122d2b06c12a625732
2019-10-18 14:01:15,552 [main] INFO  handler.ContextHandler (ContextHandler.java:doStart(781)) - Started o.e.j.s.ServletContextHandler@a43ce46{/logs,file:///workdir/hadoop-ozone/integration-test/target/log,AVAILABLE}
2019-10-18 14:01:15,553 [main] INFO  handler.ContextHandler (ContextHandler.java:doStart(781)) - Started o.e.j.s.ServletContextHandler@424ebba3{/static,file:///workdir/hadoop-ozone/integration-test/target/test-classes/webapps/static,AVAILABLE}
2019-10-18 14:01:15,589 [main] INFO  handler.ContextHandler (ContextHandler.java:doStart(781)) - Started o.e.j.w.WebAppContext@7fb9f71f{/,file:///workdir/hadoop-ozone/integration-test/target/test-classes/webapps/scm/,AVAILABLE}{/scm}
2019-10-18 14:01:15,595 [main] INFO  server.AbstractConnector (AbstractConnector.java:doStart(278)) - Started ServerConnector@407cf41{HTTP/1.1,[http/1.1]}{0.0.0.0:33245}
2019-10-18 14:01:15,595 [main] INFO  server.Server (Server.java:doStart(419)) - Started @2749ms
2019-10-18 14:01:15,597 [main] INFO  impl.MetricsSinkAdapter (MetricsSinkAdapter.java:start(204)) - Sink prometheus started
2019-10-18 14:01:15,597 [main] INFO  impl.MetricsSystemImpl (MetricsSystemImpl.java:registerSink(301)) - Registered sink prometheus
2019-10-18 14:01:15,599 [main] INFO  server.BaseHttpServer (BaseHttpServer.java:updateConnectorAddress(215)) - HTTP server of SCM is listening at http://0.0.0.0:33245
2019-10-18 14:01:15,606 [org.apache.hadoop.util.JvmPauseMonitor$Monitor@5922ae77] INFO  util.JvmPauseMonitor (JvmPauseMonitor.java:run(188)) - Starting JVM pause monitor
2019-10-18 14:01:15,610 [main] WARN  server.ServerUtils (ServerUtils.java:getDBPath(222)) - ozone.om.db.dirs is not configured. We recommend adding this setting. Falling back to ozone.metadata.dirs instead.
2019-10-18 14:01:15,726 [main] INFO  ha.OMHANodeDetails (OMHANodeDetails.java:loadOMHAConfig(190)) - Configuration either no ozone.om.address set. Falling back to the default OM address /127.0.0.1:0
2019-10-18 14:01:15,727 [main] INFO  ha.OMHANodeDetails (OMHANodeDetails.java:getOMNodeDetails(220)) - OM Service ID is not set. Setting it to the default ID: omServiceIdDefault
2019-10-18 14:01:15,729 [main] WARN  server.ServerUtils (ServerUtils.java:getDBPath(222)) - ozone.om.db.dirs is not configured. We recommend adding this setting. Falling back to ozone.metadata.dirs instead.
2019-10-18 14:01:15,730 [main] WARN  server.ServerUtils (ServerUtils.java:getDBPath(222)) - ozone.om.db.dirs is not configured. We recommend adding this setting. Falling back to ozone.metadata.dirs instead.
2019-10-18 14:01:16,380 [main] WARN  server.ServerUtils (ServerUtils.java:getDBPath(222)) - ozone.om.db.dirs is not configured. We recommend adding this setting. Falling back to ozone.metadata.dirs instead.
2019-10-18 14:01:16,389 [main] INFO  db.DBStoreBuilder (DBStoreBuilder.java:addTable(117)) - using custom profile for table: userTable
2019-10-18 14:01:16,389 [main] INFO  db.DBStoreBuilder (DBStoreBuilder.java:processTables(168)) - Using default column profile:DBProfile.DISK for Table:userTable
2019-10-18 14:01:16,389 [main] INFO  db.DBStoreBuilder (DBStoreBuilder.java:addTable(117)) - using custom profile for table: volumeTable
2019-10-18 14:01:16,390 [main] INFO  db.DBStoreBuilder (DBStoreBuilder.java:processTables(168)) - Using default column profile:DBProfile.DISK for Table:volumeTable
2019-10-18 14:01:16,390 [main] INFO  db.DBStoreBuilder (DBStoreBuilder.java:addTable(117)) - using custom profile for table: bucketTable
2019-10-18 14:01:16,390 [main] INFO  db.DBStoreBuilder (DBStoreBuilder.java:processTables(168)) - Using default column profile:DBProfile.DISK for Table:bucketTable
2019-10-18 14:01:16,391 [main] INFO  db.DBStoreBuilder (DBStoreBuilder.java:addTable(117)) - using custom profile for table: keyTable
2019-10-18 14:01:16,391 [main] INFO  db.DBStoreBuilder (DBStoreBuilder.java:processTables(168)) - Using default column profile:DBProfile.DISK for Table:keyTable
2019-10-18 14:01:16,391 [main] INFO  db.DBStoreBuilder (DBStoreBuilder.java:addTable(117)) - using custom profile for table: deletedTable
2019-10-18 14:01:16,391 [main] INFO  db.DBStoreBuilder (DBStoreBuilder.java:processTables(168)) - Using default column profile:DBProfile.DISK for Table:deletedTable
2019-10-18 14:01:16,392 [main] INFO  db.DBStoreBuilder (DBStoreBuilder.java:addTable(117)) - using custom profile for table: openKeyTable
2019-10-18 14:01:16,392 [main] INFO  db.DBStoreBuilder (DBStoreBuilder.java:processTables(168)) - Using default column profile:DBProfile.DISK for Table:openKeyTable
2019-10-18 14:01:16,392 [main] INFO  db.DBStoreBuilder (DBStoreBuilder.java:addTable(117)) - using custom profile for table: s3Table
2019-10-18 14:01:16,392 [main] INFO  db.DBStoreBuilder (DBStoreBuilder.java:processTables(168)) - Using default column profile:DBProfile.DISK for Table:s3Table
2019-10-18 14:01:16,393 [main] INFO  db.DBStoreBuilder (DBStoreBuilder.java:addTable(117)) - using custom profile for table: multipartInfoTable
2019-10-18 14:01:16,393 [main] INFO  db.DBStoreBuilder (DBStoreBuilder.java:processTables(168)) - Using default column profile:DBProfile.DISK for Table:multipartInfoTable
2019-10-18 14:01:16,393 [main] INFO  db.DBStoreBuilder (DBStoreBuilder.java:addTable(117)) - using custom profile for table: dTokenTable
2019-10-18 14:01:16,393 [main] INFO  db.DBStoreBuilder (DBStoreBuilder.java:processTables(168)) - Using default column profile:DBProfile.DISK for Table:dTokenTable
2019-10-18 14:01:16,394 [main] INFO  db.DBStoreBuilder (DBStoreBuilder.java:addTable(117)) - using custom profile for table: s3SecretTable
2019-10-18 14:01:16,394 [main] INFO  db.DBStoreBuilder (DBStoreBuilder.java:processTables(168)) - Using default column profile:DBProfile.DISK for Table:s3SecretTable
2019-10-18 14:01:16,394 [main] INFO  db.DBStoreBuilder (DBStoreBuilder.java:addTable(117)) - using custom profile for table: prefixTable
2019-10-18 14:01:16,394 [main] INFO  db.DBStoreBuilder (DBStoreBuilder.java:processTables(168)) - Using default column profile:DBProfile.DISK for Table:prefixTable
2019-10-18 14:01:16,395 [main] INFO  db.DBStoreBuilder (DBStoreBuilder.java:addTable(117)) - using custom profile for table: default
2019-10-18 14:01:16,395 [main] INFO  db.DBStoreBuilder (DBStoreBuilder.java:processTables(174)) - Using default column profile:DBProfile.DISK for Table:default
2019-10-18 14:01:16,395 [main] INFO  db.DBStoreBuilder (DBStoreBuilder.java:getDbProfile(205)) - Using default options. DBProfile.DISK
2019-10-18 14:01:16,868 [main] WARN  scm.HddsServerUtil (HddsServerUtil.java:getDefaultRatisDirectory(354)) - Storage directory for Ratis is not configured. It is a good idea to map this to an SSD disk. Falling back to ozone.metadata.dirs
2019-10-18 14:01:16,892 [main] INFO  ratis.OzoneManagerRatisServer (OzoneManagerRatisServer.java:<init>(243)) - Instantiating OM Ratis server with GroupID: omServiceIdDefault and Raft Peers: localhost:9872
2019-10-18 14:01:16,921 [main] INFO  impl.RaftServerProxy (ConfUtils.java:logGet(43)) - raft.rpc.type = GRPC (default)
2019-10-18 14:01:17,110 [main] INFO  grpc.GrpcFactory (GrpcFactory.java:checkPooledByteBufAllocatorUseCacheForAllThreads(45)) - PERFORMANCE WARNING: useCacheForAllThreads is true that may cause Netty to create a lot garbage objects and, as a result, trigger GC.
	It is recommended to disable useCacheForAllThreads by setting -Dorg.apache.ratis.thirdparty.io.netty.allocator.useCacheForAllThreads=false in command line.
2019-10-18 14:01:17,116 [main] INFO  grpc.GrpcConfigKeys$Server (ConfUtils.java:logGet(43)) - raft.grpc.server.port = 9872 (custom)
2019-10-18 14:01:17,117 [main] INFO  server.GrpcService (ConfUtils.java:logGet(43)) - raft.grpc.message.size.max = 33554432 (custom)
2019-10-18 14:01:17,119 [main] INFO  server.RaftServerConfigKeys (ConfUtils.java:logGet(43)) - raft.server.log.appender.buffer.byte-limit = 33554432 (custom)
2019-10-18 14:01:17,120 [main] INFO  server.GrpcService (ConfUtils.java:logGet(43)) - raft.grpc.flow.control.window = 1MB (=1048576) (default)
2019-10-18 14:01:17,121 [main] INFO  server.RaftServerConfigKeys (ConfUtils.java:logGet(43)) - raft.server.rpc.request.timeout = 3000ms (default)
2019-10-18 14:01:17,278 [main] INFO  server.RaftServerConfigKeys (ConfUtils.java:logGet(43)) - raft.server.storage.dir = [/workdir/hadoop-ozone/integration-test/target/test-dir/MiniOzoneClusterImpl-2e865a06-22ad-4131-aa5d-0933f5b7f962/ozone-meta/ratis] (custom)
2019-10-18 14:01:17,285 [main] INFO  impl.RaftServerProxy (RaftServerProxy.java:addNew(89)) - 3612f617-3f47-47d4-9ae8-cdb2feda9bf1: addNew group-C5BA1605619E:[3612f617-3f47-47d4-9ae8-cdb2feda9bf1:localhost:9872] returns group-C5BA1605619E:java.util.concurrent.CompletableFuture@69fa8e76[Not completed]
2019-10-18 14:01:17,286 [main] INFO  om.OzoneManager (OzoneManager.java:initializeRatisServer(1220)) - OzoneManager Ratis server initialized at port 9872
2019-10-18 14:01:17,288 [main] WARN  scm.HddsServerUtil (HddsServerUtil.java:getDefaultRatisDirectory(354)) - Storage directory for Ratis is not configured. It is a good idea to map this to an SSD disk. Falling back to ozone.metadata.dirs
2019-10-18 14:01:17,289 [main] WARN  scm.HddsServerUtil (HddsServerUtil.java:getDefaultRatisDirectory(354)) - Storage directory for Ratis is not configured. It is a good idea to map this to an SSD disk. Falling back to ozone.metadata.dirs
2019-10-18 14:01:17,297 [pool-22-thread-1] INFO  impl.RaftServerImpl (RaftServerImpl.java:<init>(104)) - 3612f617-3f47-47d4-9ae8-cdb2feda9bf1: new RaftServerImpl for group-C5BA1605619E:[3612f617-3f47-47d4-9ae8-cdb2feda9bf1:localhost:9872] with OzoneManagerStateMachine:uninitialized
2019-10-18 14:01:17,299 [pool-22-thread-1] INFO  server.RaftServerConfigKeys (ConfUtils.java:logGet(43)) - raft.server.rpc.timeout.min = 1s (custom)
2019-10-18 14:01:17,299 [pool-22-thread-1] INFO  server.RaftServerConfigKeys (ConfUtils.java:logGet(43)) - raft.server.rpc.timeout.max = 1200ms (custom)
2019-10-18 14:01:17,299 [pool-22-thread-1] INFO  server.RaftServerConfigKeys (ConfUtils.java:logGet(43)) - raft.server.rpcslowness.timeout = 120s (custom)
2019-10-18 14:01:17,300 [pool-22-thread-1] INFO  server.RaftServerConfigKeys (ConfUtils.java:logGet(43)) - raft.server.sleep.deviation.threshold = 300 (default)
2019-10-18 14:01:17,301 [pool-22-thread-1] INFO  server.RaftServerConfigKeys (ConfUtils.java:logGet(43)) - raft.server.log.appender.install.snapshot.enabled = false (custom)
2019-10-18 14:01:17,303 [main] INFO  ipc.CallQueueManager (CallQueueManager.java:<init>(84)) - Using callQueue: class java.util.concurrent.LinkedBlockingQueue, queueCapacity: 2000, scheduler: class org.apache.hadoop.ipc.DefaultRpcScheduler, ipcBackoff: false.
2019-10-18 14:01:17,304 [Socket Reader #1 for port 39004] INFO  ipc.Server (Server.java:run(1074)) - Starting Socket Reader #1 for port 39004
2019-10-18 14:01:17,310 [pool-22-thread-1] INFO  impl.RaftServerImpl (ServerState.java:<init>(103)) - 3612f617-3f47-47d4-9ae8-cdb2feda9bf1@group-C5BA1605619E: ConfigurationManager, init=-1: [3612f617-3f47-47d4-9ae8-cdb2feda9bf1:localhost:9872], old=null, confs=<EMPTY_MAP>
2019-10-18 14:01:17,311 [pool-22-thread-1] INFO  server.RaftServerConfigKeys (ConfUtils.java:logGet(43)) - raft.server.storage.dir = [/workdir/hadoop-ozone/integration-test/target/test-dir/MiniOzoneClusterImpl-2e865a06-22ad-4131-aa5d-0933f5b7f962/ozone-meta/ratis] (custom)
2019-10-18 14:01:17,321 [pool-22-thread-1] INFO  server.RaftServerConfigKeys (ConfUtils.java:logGet(43)) - raft.server.log.corruption.policy = EXCEPTION (default)
2019-10-18 14:01:17,323 [pool-22-thread-1] INFO  storage.RaftStorageDirectory (RaftStorageDirectory.java:analyzeStorage(246)) - The storage directory /workdir/hadoop-ozone/integration-test/target/test-dir/MiniOzoneClusterImpl-2e865a06-22ad-4131-aa5d-0933f5b7f962/ozone-meta/ratis/bf265839-605b-3f16-9796-c5ba1605619e does not exist. Creating ...
2019-10-18 14:01:17,325 [main] INFO  om.OzoneManager (OzoneManager.java:start(1074)) - OzoneManager RPC server is listening at localhost/127.0.0.1:39004
2019-10-18 14:01:17,325 [main] INFO  impl.MetricsSystemImpl (MetricsSystemImpl.java:init(158)) - OzoneManager metrics system started (again)
2019-10-18 14:01:17,325 [main] INFO  ratis.OzoneManagerRatisServer (OzoneManagerRatisServer.java:start(333)) - Starting OzoneManagerRatisServer 3612f617-3f47-47d4-9ae8-cdb2feda9bf1 at port 9872
2019-10-18 14:01:17,340 [pool-22-thread-1] INFO  storage.RaftStorageDirectory (RaftStorageDirectory.java:tryLock(328)) - Lock on /workdir/hadoop-ozone/integration-test/target/test-dir/MiniOzoneClusterImpl-2e865a06-22ad-4131-aa5d-0933f5b7f962/ozone-meta/ratis/bf265839-605b-3f16-9796-c5ba1605619e/in_use.lock acquired by nodename 24298@pr-hdds-2292-qcvbb-3996421426
2019-10-18 14:01:17,367 [pool-22-thread-1] INFO  storage.RaftStorage (RaftStorage.java:format(84)) - Storage directory /workdir/hadoop-ozone/integration-test/target/test-dir/MiniOzoneClusterImpl-2e865a06-22ad-4131-aa5d-0933f5b7f962/ozone-meta/ratis/bf265839-605b-3f16-9796-c5ba1605619e has been successfully formatted.
2019-10-18 14:01:17,374 [pool-22-thread-1] INFO  server.RaftServerConfigKeys (ConfUtils.java:logGet(43)) - raft.server.notification.no-leader.timeout = 120s (custom)
2019-10-18 14:01:17,379 [pool-22-thread-1] INFO  server.RaftServerConfigKeys (ConfUtils.java:logGet(43)) - raft.server.log.use.memory = false (default)
2019-10-18 14:01:17,387 [pool-22-thread-1] INFO  server.RaftServerConfigKeys (ConfUtils.java:logGet(43)) - raft.server.log.purge.gap = 1000000 (custom)
2019-10-18 14:01:17,388 [pool-22-thread-1] INFO  server.RaftServerConfigKeys (ConfUtils.java:logGet(43)) - raft.server.log.appender.buffer.byte-limit = 33554432 (custom)
2019-10-18 14:01:17,391 [pool-22-thread-1] INFO  server.RaftServerConfigKeys (ConfUtils.java:logGet(43)) - raft.server.log.segment.size.max = 16384 (custom)
2019-10-18 14:01:17,393 [pool-22-thread-1] INFO  impl.MetricsSystemImpl (MetricsSystemImpl.java:init(158)) - ratis metrics system started (again)
2019-10-18 14:01:17,398 [pool-22-thread-1] INFO  metrics.MetricRegistries (MetricRegistriesLoader.java:load(64)) - Loaded MetricRegistries class org.apache.ratis.metrics.impl.MetricRegistriesImpl
2019-10-18 14:01:17,442 [pool-22-thread-1] INFO  server.RaftServerConfigKeys (ConfUtils.java:logGet(43)) - raft.server.log.segment.cache.num.max = 2 (custom)
2019-10-18 14:01:17,449 [pool-22-thread-1] INFO  segmented.SegmentedRaftLogWorker (SegmentedRaftLogWorker.java:<init>(173)) - new 3612f617-3f47-47d4-9ae8-cdb2feda9bf1@group-C5BA1605619E-SegmentedRaftLogWorker for RaftStorage:Storage Directory /workdir/hadoop-ozone/integration-test/target/test-dir/MiniOzoneClusterImpl-2e865a06-22ad-4131-aa5d-0933f5b7f962/ozone-meta/ratis/bf265839-605b-3f16-9796-c5ba1605619e
2019-10-18 14:01:17,450 [pool-22-thread-1] INFO  server.RaftServerConfigKeys (ConfUtils.java:logGet(43)) - raft.server.log.queue.byte-limit = 64MB (=67108864) (default)
2019-10-18 14:01:17,451 [pool-22-thread-1] INFO  server.RaftServerConfigKeys (ConfUtils.java:logGet(43)) - raft.server.log.queue.element-limit = 4096 (default)
2019-10-18 14:01:17,453 [pool-22-thread-1] INFO  server.RaftServerConfigKeys (ConfUtils.java:logGet(43)) - raft.server.log.segment.size.max = 16384 (custom)
2019-10-18 14:01:17,453 [pool-22-thread-1] INFO  server.RaftServerConfigKeys (ConfUtils.java:logGet(43)) - raft.server.log.preallocated.size = 16384 (custom)
2019-10-18 14:01:17,454 [pool-22-thread-1] INFO  server.RaftServerConfigKeys (ConfUtils.java:logGet(43)) - raft.server.log.write.buffer.size = 64KB (=65536) (default)
2019-10-18 14:01:17,454 [pool-22-thread-1] INFO  server.RaftServerConfigKeys (ConfUtils.java:logGet(43)) - raft.server.log.force.sync.num = 128 (default)
2019-10-18 14:01:17,456 [pool-22-thread-1] INFO  server.RaftServerConfigKeys (ConfUtils.java:logGet(43)) - raft.server.log.statemachine.data.sync = true (default)
2019-10-18 14:01:17,456 [pool-22-thread-1] INFO  server.RaftServerConfigKeys (ConfUtils.java:logGet(43)) - raft.server.log.statemachine.data.sync.timeout = 10s (default)
2019-10-18 14:01:17,456 [pool-22-thread-1] INFO  server.RaftServerConfigKeys (ConfUtils.java:logGet(43)) - raft.server.log.statemachine.data.sync.timeout.retry = -1 (default)
2019-10-18 14:01:17,469 [pool-22-thread-1] INFO  server.RaftServerConfigKeys (ConfUtils.java:logGet(43)) - raft.server.log.statemachine.data.caching.enabled = false (default)
2019-10-18 14:01:17,474 [pool-22-thread-1] INFO  segmented.SegmentedRaftLogWorker (SegmentedRaftLogWorker.java:lambda$new$0(128)) - 3612f617-3f47-47d4-9ae8-cdb2feda9bf1@group-C5BA1605619E-SegmentedRaftLogWorker: flushIndex: setUnconditionally 0 -> -1
2019-10-18 14:01:17,479 [pool-22-thread-1] INFO  server.RaftServerConfigKeys (ConfUtils.java:logGet(43)) - raft.server.snapshot.auto.trigger.enabled = true (custom)
2019-10-18 14:01:17,480 [pool-22-thread-1] INFO  server.RaftServerConfigKeys (ConfUtils.java:logGet(43)) - raft.server.snapshot.auto.trigger.threshold = 400000 (default)
2019-10-18 14:01:17,481 [pool-22-thread-1] INFO  server.RaftServerConfigKeys (ConfUtils.java:logGet(43)) - raft.server.snapshot.retention.file.num = -1 (default)
2019-10-18 14:01:17,481 [pool-22-thread-1] INFO  server.RaftServerConfigKeys (ConfUtils.java:logGet(43)) - raft.server.retrycache.expirytime = 600000ms (custom)
2019-10-18 14:01:17,513 [main] INFO  impl.RaftServerImpl (RaftServerImpl.java:start(195)) - 3612f617-3f47-47d4-9ae8-cdb2feda9bf1@group-C5BA1605619E: start as a follower, conf=-1: [3612f617-3f47-47d4-9ae8-cdb2feda9bf1:localhost:9872], old=null
2019-10-18 14:01:17,516 [main] INFO  impl.RaftServerImpl (RaftServerImpl.java:setRole(184)) - 3612f617-3f47-47d4-9ae8-cdb2feda9bf1@group-C5BA1605619E: changes role from      null to FOLLOWER at term 0 for startAsFollower
2019-10-18 14:01:17,518 [main] INFO  impl.RoleInfo (RoleInfo.java:updateAndGet(143)) - 3612f617-3f47-47d4-9ae8-cdb2feda9bf1: start FollowerState
2019-10-18 14:01:17,521 [main] INFO  util.JmxRegister (JmxRegister.java:tryRegister(44)) - Successfully registered JMX Bean with object name Ratis:service=RaftServer,group=group-C5BA1605619E,id=3612f617-3f47-47d4-9ae8-cdb2feda9bf1
2019-10-18 14:01:17,537 [main] INFO  impl.RaftServerProxy (RaftServerProxy.java:lambda$start$3(299)) - 3612f617-3f47-47d4-9ae8-cdb2feda9bf1: start RPC server
2019-10-18 14:01:17,545 [Thread-93] INFO  impl.FollowerState (FollowerState.java:run(108)) - 3612f617-3f47-47d4-9ae8-cdb2feda9bf1@group-C5BA1605619E-FollowerState: change to CANDIDATE, lastRpcTime:27ms, electionTimeout:26ms
2019-10-18 14:01:17,547 [Thread-93] INFO  impl.RoleInfo (RoleInfo.java:shutdownFollowerState(121)) - 3612f617-3f47-47d4-9ae8-cdb2feda9bf1: shutdown FollowerState
2019-10-18 14:01:17,547 [Thread-93] INFO  impl.RaftServerImpl (RaftServerImpl.java:setRole(184)) - 3612f617-3f47-47d4-9ae8-cdb2feda9bf1@group-C5BA1605619E: changes role from  FOLLOWER to CANDIDATE at term 0 for changeToCandidate
2019-10-18 14:01:17,549 [Thread-93] INFO  impl.RoleInfo (RoleInfo.java:updateAndGet(143)) - 3612f617-3f47-47d4-9ae8-cdb2feda9bf1: start LeaderElection
2019-10-18 14:01:17,564 [3612f617-3f47-47d4-9ae8-cdb2feda9bf1@group-C5BA1605619E-LeaderElection1] INFO  impl.LeaderElection (LeaderElection.java:askForVotes(178)) - 3612f617-3f47-47d4-9ae8-cdb2feda9bf1@group-C5BA1605619E-LeaderElection1: begin an election at term 1 for -1: [3612f617-3f47-47d4-9ae8-cdb2feda9bf1:localhost:9872], old=null
2019-10-18 14:01:17,566 [3612f617-3f47-47d4-9ae8-cdb2feda9bf1@group-C5BA1605619E-LeaderElection1] INFO  impl.RoleInfo (RoleInfo.java:shutdownLeaderElection(134)) - 3612f617-3f47-47d4-9ae8-cdb2feda9bf1: shutdown LeaderElection
2019-10-18 14:01:17,566 [3612f617-3f47-47d4-9ae8-cdb2feda9bf1@group-C5BA1605619E-LeaderElection1] INFO  impl.RaftServerImpl (RaftServerImpl.java:setRole(184)) - 3612f617-3f47-47d4-9ae8-cdb2feda9bf1@group-C5BA1605619E: changes role from CANDIDATE to LEADER at term 1 for changeToLeader
2019-10-18 14:01:17,567 [3612f617-3f47-47d4-9ae8-cdb2feda9bf1@group-C5BA1605619E-LeaderElection1] INFO  impl.RaftServerImpl (ServerState.java:setLeader(256)) - 3612f617-3f47-47d4-9ae8-cdb2feda9bf1@group-C5BA1605619E: change Leader from null to 3612f617-3f47-47d4-9ae8-cdb2feda9bf1 at term 1 for becomeLeader, leader elected after 192ms
2019-10-18 14:01:17,572 [3612f617-3f47-47d4-9ae8-cdb2feda9bf1@group-C5BA1605619E-LeaderElection1] INFO  server.RaftServerConfigKeys (ConfUtils.java:logGet(43)) - raft.server.staging.catchup.gap = 1000 (default)
2019-10-18 14:01:17,572 [3612f617-3f47-47d4-9ae8-cdb2feda9bf1@group-C5BA1605619E-LeaderElection1] INFO  server.RaftServerConfigKeys (ConfUtils.java:logGet(43)) - raft.server.rpc.sleep.time = 25ms (default)
2019-10-18 14:01:17,578 [3612f617-3f47-47d4-9ae8-cdb2feda9bf1@group-C5BA1605619E-LeaderElection1] INFO  server.RaftServerConfigKeys (ConfUtils.java:logGet(43)) - raft.server.write.element-limit = 4096 (default)
2019-10-18 14:01:17,584 [3612f617-3f47-47d4-9ae8-cdb2feda9bf1@group-C5BA1605619E-LeaderElection1] INFO  server.RaftServerConfigKeys (ConfUtils.java:logGet(43)) - raft.server.watch.timeout = 10s (default)
2019-10-18 14:01:17,584 [3612f617-3f47-47d4-9ae8-cdb2feda9bf1@group-C5BA1605619E-LeaderElection1] INFO  server.RaftServerConfigKeys (ConfUtils.java:logGet(43)) - raft.server.watch.timeout.denomination = 1s (default)
2019-10-18 14:01:17,585 [3612f617-3f47-47d4-9ae8-cdb2feda9bf1@group-C5BA1605619E-LeaderElection1] INFO  server.RaftServerConfigKeys (ConfUtils.java:logGet(43)) - raft.server.watch.element-limit = 65536 (default)
2019-10-18 14:01:17,611 [3612f617-3f47-47d4-9ae8-cdb2feda9bf1@group-C5BA1605619E-LeaderElection1] INFO  impl.RoleInfo (RoleInfo.java:updateAndGet(143)) - 3612f617-3f47-47d4-9ae8-cdb2feda9bf1: start LeaderState
2019-10-18 14:01:17,637 [3612f617-3f47-47d4-9ae8-cdb2feda9bf1@group-C5BA1605619E-LeaderElection1] INFO  segmented.SegmentedRaftLogWorker (SegmentedRaftLogWorker.java:startLogSegment(385)) - 3612f617-3f47-47d4-9ae8-cdb2feda9bf1@group-C5BA1605619E-SegmentedRaftLogWorker: Starting segment from index:0
2019-10-18 14:01:17,655 [main] INFO  server.GrpcService (GrpcService.java:startImpl(158)) - 3612f617-3f47-47d4-9ae8-cdb2feda9bf1: GrpcService started, listening on 0.0.0.0/0.0.0.0:9872
2019-10-18 14:01:17,659 [3612f617-3f47-47d4-9ae8-cdb2feda9bf1@group-C5BA1605619E-LeaderElection1] INFO  impl.RaftServerImpl (ServerState.java:setRaftConf(357)) - 3612f617-3f47-47d4-9ae8-cdb2feda9bf1@group-C5BA1605619E: set configuration 0: [3612f617-3f47-47d4-9ae8-cdb2feda9bf1:localhost:9872], old=null at 0
2019-10-18 14:01:17,675 [IPC Server Responder] INFO  ipc.Server (Server.java:run(1314)) - IPC Server Responder: starting
2019-10-18 14:01:17,675 [IPC Server listener on 39004] INFO  ipc.Server (Server.java:run(1153)) - IPC Server listener on 39004: starting
2019-10-18 14:01:17,682 [main] INFO  hdfs.DFSUtil (DFSUtil.java:httpServerTemplateForNNAndJN(1641)) - Starting Web-server for ozoneManager at: http://0.0.0.0:0
2019-10-18 14:01:17,685 [main] INFO  server.AuthenticationFilter (AuthenticationFilter.java:constructSecretProvider(240)) - Unable to initialize FileSignerSecretProvider, falling back to use random secrets.
2019-10-18 14:01:17,686 [main] WARN  http.HttpRequestLog (HttpRequestLog.java:getRequestLog(97)) - Jetty request log can only be enabled using Log4j
2019-10-18 14:01:17,689 [main] INFO  http.HttpServer2 (HttpServer2.java:addGlobalFilter(975)) - Added global filter 'safety' (class=org.apache.hadoop.http.HttpServer2$QuotingInputFilter)
2019-10-18 14:01:17,691 [main] INFO  http.HttpServer2 (HttpServer2.java:addFilter(948)) - Added filter static_user_filter (class=org.apache.hadoop.http.lib.StaticUserWebFilter$StaticUserFilter) to context ozoneManager
2019-10-18 14:01:17,691 [main] INFO  http.HttpServer2 (HttpServer2.java:addFilter(958)) - Added filter static_user_filter (class=org.apache.hadoop.http.lib.StaticUserWebFilter$StaticUserFilter) to context static
2019-10-18 14:01:17,692 [main] INFO  http.HttpServer2 (HttpServer2.java:addFilter(958)) - Added filter static_user_filter (class=org.apache.hadoop.http.lib.StaticUserWebFilter$StaticUserFilter) to context logs
2019-10-18 14:01:17,695 [main] INFO  http.HttpServer2 (HttpServer2.java:bindListener(1191)) - Jetty bound to port 45240
2019-10-18 14:01:17,695 [main] INFO  server.Server (Server.java:doStart(351)) - jetty-9.3.25.v20180904, build timestamp: 2018-09-04T21:11:46Z, git hash: 3ce520221d0240229c862b122d2b06c12a625732
2019-10-18 14:01:17,698 [main] INFO  handler.ContextHandler (ContextHandler.java:doStart(781)) - Started o.e.j.s.ServletContextHandler@4867ab9f{/logs,file:///workdir/hadoop-ozone/integration-test/target/log,AVAILABLE}
2019-10-18 14:01:17,699 [main] INFO  handler.ContextHandler (ContextHandler.java:doStart(781)) - Started o.e.j.s.ServletContextHandler@5fe7f967{/static,file:///workdir/hadoop-ozone/integration-test/target/test-classes/webapps/static,AVAILABLE}
2019-10-18 14:01:17,707 [main] INFO  handler.ContextHandler (ContextHandler.java:doStart(781)) - Started o.e.j.w.WebAppContext@6ba30587{/,file:///workdir/hadoop-ozone/integration-test/target/test-classes/webapps/ozoneManager/,AVAILABLE}{/ozoneManager}
2019-10-18 14:01:17,707 [main] INFO  server.AbstractConnector (AbstractConnector.java:doStart(278)) - Started ServerConnector@35764bef{HTTP/1.1,[http/1.1]}{0.0.0.0:45240}
2019-10-18 14:01:17,709 [main] INFO  server.Server (Server.java:doStart(419)) - Started @4863ms
2019-10-18 14:01:17,709 [main] WARN  impl.MetricsSystemImpl (MetricsSystemImpl.java:register(276)) - Sink prometheus already exists!
2019-10-18 14:01:17,710 [main] INFO  server.BaseHttpServer (BaseHttpServer.java:updateConnectorAddress(215)) - HTTP server of OZONEMANAGER is listening at http://0.0.0.0:45240
2019-10-18 14:01:17,815 [3612f617-3f47-47d4-9ae8-cdb2feda9bf1@group-C5BA1605619E-SegmentedRaftLogWorker] INFO  segmented.SegmentedRaftLogWorker (SegmentedRaftLogWorker.java:execute(576)) - 3612f617-3f47-47d4-9ae8-cdb2feda9bf1@group-C5BA1605619E-SegmentedRaftLogWorker: created new log segment /workdir/hadoop-ozone/integration-test/target/test-dir/MiniOzoneClusterImpl-2e865a06-22ad-4131-aa5d-0933f5b7f962/ozone-meta/ratis/bf265839-605b-3f16-9796-c5ba1605619e/current/log_inprogress_0
2019-10-18 14:01:17,853 [main] INFO  impl.MetricsSystemImpl (MetricsSystemImpl.java:init(158)) - HddsDatanode metrics system started (again)
2019-10-18 14:01:17,897 [main] INFO  ozone.HddsDatanodeService (HddsDatanodeService.java:start(184)) - HddsDatanodeService host:pr-hdds-2292-qcvbb-3996421426 ip:192.168.69.85
2019-10-18 14:01:17,935 [main] INFO  volume.HddsVolume (HddsVolume.java:<init>(176)) - Creating Volume: /workdir/hadoop-ozone/integration-test/target/test-dir/MiniOzoneClusterImpl-2e865a06-22ad-4131-aa5d-0933f5b7f962/datanode-0/data/containers/hdds of  storage type : DISK and capacity : 1482555576320
2019-10-18 14:01:17,937 [main] INFO  volume.VolumeSet (VolumeSet.java:initializeVolumeSet(170)) - Added Volume : /workdir/hadoop-ozone/integration-test/target/test-dir/MiniOzoneClusterImpl-2e865a06-22ad-4131-aa5d-0933f5b7f962/datanode-0/data/containers/hdds to VolumeSet
2019-10-18 14:01:17,940 [main] INFO  volume.ThrottledAsyncChecker (ThrottledAsyncChecker.java:schedule(141)) - Scheduling a check for /workdir/hadoop-ozone/integration-test/target/test-dir/MiniOzoneClusterImpl-2e865a06-22ad-4131-aa5d-0933f5b7f962/datanode-0/data/containers/hdds
2019-10-18 14:01:17,960 [main] INFO  volume.HddsVolumeChecker (HddsVolumeChecker.java:checkAllVolumes(204)) - Scheduled health check for volume /workdir/hadoop-ozone/integration-test/target/test-dir/MiniOzoneClusterImpl-2e865a06-22ad-4131-aa5d-0933f5b7f962/datanode-0/data/containers/hdds
2019-10-18 14:01:18,012 [main] INFO  impl.RaftServerProxy (ConfUtils.java:logGet(43)) - raft.rpc.type = GRPC (default)
2019-10-18 14:01:18,013 [main] INFO  grpc.GrpcFactory (GrpcFactory.java:checkPooledByteBufAllocatorUseCacheForAllThreads(45)) - PERFORMANCE WARNING: useCacheForAllThreads is true that may cause Netty to create a lot garbage objects and, as a result, trigger GC.
	It is recommended to disable useCacheForAllThreads by setting -Dorg.apache.ratis.thirdparty.io.netty.allocator.useCacheForAllThreads=false in command line.
2019-10-18 14:01:18,013 [main] INFO  grpc.GrpcConfigKeys$Server (ConfUtils.java:logGet(43)) - raft.grpc.server.port = 0 (default)
2019-10-18 14:01:18,013 [main] INFO  server.GrpcService (ConfUtils.java:logGet(43)) - raft.grpc.message.size.max = 33570816 (custom)
2019-10-18 14:01:18,013 [main] INFO  server.RaftServerConfigKeys (ConfUtils.java:logGet(43)) - raft.server.log.appender.buffer.byte-limit = 33554432 (custom)
2019-10-18 14:01:18,013 [main] INFO  server.GrpcService (ConfUtils.java:logGet(43)) - raft.grpc.flow.control.window = 1MB (=1048576) (default)
2019-10-18 14:01:18,014 [main] INFO  server.RaftServerConfigKeys (ConfUtils.java:logGet(43)) - raft.server.rpc.request.timeout = 3000ms (default)
2019-10-18 14:01:18,014 [main] INFO  server.RaftServerConfigKeys (ConfUtils.java:logGet(43)) - raft.server.storage.dir = [/workdir/hadoop-ozone/integration-test/target/test-dir/MiniOzoneClusterImpl-2e865a06-22ad-4131-aa5d-0933f5b7f962/datanode-0/data/ratis] (custom)
2019-10-18 14:01:18,066 [main] INFO  hdfs.DFSUtil (DFSUtil.java:httpServerTemplateForNNAndJN(1641)) - Starting Web-server for hddsDatanode at: http://0.0.0.0:0
2019-10-18 14:01:18,068 [main] INFO  server.AuthenticationFilter (AuthenticationFilter.java:constructSecretProvider(240)) - Unable to initialize FileSignerSecretProvider, falling back to use random secrets.
2019-10-18 14:01:18,069 [main] WARN  http.HttpRequestLog (HttpRequestLog.java:getRequestLog(97)) - Jetty request log can only be enabled using Log4j
2019-10-18 14:01:18,072 [main] INFO  http.HttpServer2 (HttpServer2.java:addGlobalFilter(975)) - Added global filter 'safety' (class=org.apache.hadoop.http.HttpServer2$QuotingInputFilter)
2019-10-18 14:01:18,074 [main] INFO  http.HttpServer2 (HttpServer2.java:addFilter(948)) - Added filter static_user_filter (class=org.apache.hadoop.http.lib.StaticUserWebFilter$StaticUserFilter) to context hddsDatanode
2019-10-18 14:01:18,074 [main] INFO  http.HttpServer2 (HttpServer2.java:addFilter(958)) - Added filter static_user_filter (class=org.apache.hadoop.http.lib.StaticUserWebFilter$StaticUserFilter) to context logs
2019-10-18 14:01:18,075 [main] INFO  http.HttpServer2 (HttpServer2.java:addFilter(958)) - Added filter static_user_filter (class=org.apache.hadoop.http.lib.StaticUserWebFilter$StaticUserFilter) to context static
2019-10-18 14:01:18,076 [main] INFO  http.HttpServer2 (HttpServer2.java:bindListener(1191)) - Jetty bound to port 39700
2019-10-18 14:01:18,077 [main] INFO  server.Server (Server.java:doStart(351)) - jetty-9.3.25.v20180904, build timestamp: 2018-09-04T21:11:46Z, git hash: 3ce520221d0240229c862b122d2b06c12a625732
2019-10-18 14:01:18,080 [main] INFO  handler.ContextHandler (ContextHandler.java:doStart(781)) - Started o.e.j.s.ServletContextHandler@7c8c70d6{/logs,file:///workdir/hadoop-ozone/integration-test/target/log,AVAILABLE}
2019-10-18 14:01:18,080 [main] INFO  handler.ContextHandler (ContextHandler.java:doStart(781)) - Started o.e.j.s.ServletContextHandler@6edf29c1{/static,jar:file:/home/user/.m2/repository/org/apache/hadoop/hadoop-hdds-container-service/0.5.0-SNAPSHOT/hadoop-hdds-container-service-0.5.0-SNAPSHOT.jar!/webapps/static,AVAILABLE}
2019-10-18 14:01:18,124 [main] INFO  handler.ContextHandler (ContextHandler.java:doStart(781)) - Started o.e.j.w.WebAppContext@57272109{/,file:///tmp/jetty-0.0.0.0-39700-hddsDatanode-_-any-8684229647325411209.dir/webapp/,AVAILABLE}{/hddsDatanode}
2019-10-18 14:01:18,125 [main] INFO  server.AbstractConnector (AbstractConnector.java:doStart(278)) - Started ServerConnector@59696551{HTTP/1.1,[http/1.1]}{0.0.0.0:39700}
2019-10-18 14:01:18,126 [main] INFO  server.Server (Server.java:doStart(419)) - Started @5281ms
2019-10-18 14:01:18,127 [main] WARN  impl.MetricsSystemImpl (MetricsSystemImpl.java:register(276)) - Sink prometheus already exists!
2019-10-18 14:01:18,128 [main] INFO  server.BaseHttpServer (BaseHttpServer.java:updateConnectorAddress(215)) - HTTP server of HDDSDATANODE is listening at http://0.0.0.0:39700
2019-10-18 14:01:18,129 [main] INFO  impl.MetricsSystemImpl (MetricsSystemImpl.java:init(158)) - HddsDatanode metrics system started (again)
2019-10-18 14:01:18,131 [main] INFO  ozone.HddsDatanodeService (HddsDatanodeService.java:start(184)) - HddsDatanodeService host:pr-hdds-2292-qcvbb-3996421426 ip:192.168.69.85
2019-10-18 14:01:18,132 [org.apache.hadoop.util.JvmPauseMonitor$Monitor@4258e55c] INFO  util.JvmPauseMonitor (JvmPauseMonitor.java:run(188)) - Starting JVM pause monitor
2019-10-18 14:01:18,141 [main] INFO  volume.HddsVolume (HddsVolume.java:<init>(176)) - Creating Volume: /workdir/hadoop-ozone/integration-test/target/test-dir/MiniOzoneClusterImpl-2e865a06-22ad-4131-aa5d-0933f5b7f962/datanode-1/data/containers/hdds of  storage type : DISK and capacity : 1482555576320
2019-10-18 14:01:18,142 [main] INFO  volume.VolumeSet (VolumeSet.java:initializeVolumeSet(170)) - Added Volume : /workdir/hadoop-ozone/integration-test/target/test-dir/MiniOzoneClusterImpl-2e865a06-22ad-4131-aa5d-0933f5b7f962/datanode-1/data/containers/hdds to VolumeSet
2019-10-18 14:01:18,142 [main] INFO  volume.ThrottledAsyncChecker (ThrottledAsyncChecker.java:schedule(141)) - Scheduling a check for /workdir/hadoop-ozone/integration-test/target/test-dir/MiniOzoneClusterImpl-2e865a06-22ad-4131-aa5d-0933f5b7f962/datanode-1/data/containers/hdds
2019-10-18 14:01:18,143 [main] INFO  volume.HddsVolumeChecker (HddsVolumeChecker.java:checkAllVolumes(204)) - Scheduled health check for volume /workdir/hadoop-ozone/integration-test/target/test-dir/MiniOzoneClusterImpl-2e865a06-22ad-4131-aa5d-0933f5b7f962/datanode-1/data/containers/hdds
2019-10-18 14:01:18,158 [main] INFO  impl.RaftServerProxy (ConfUtils.java:logGet(43)) - raft.rpc.type = GRPC (default)
2019-10-18 14:01:18,158 [main] INFO  grpc.GrpcFactory (GrpcFactory.java:checkPooledByteBufAllocatorUseCacheForAllThreads(45)) - PERFORMANCE WARNING: useCacheForAllThreads is true that may cause Netty to create a lot garbage objects and, as a result, trigger GC.
	It is recommended to disable useCacheForAllThreads by setting -Dorg.apache.ratis.thirdparty.io.netty.allocator.useCacheForAllThreads=false in command line.
2019-10-18 14:01:18,159 [main] INFO  grpc.GrpcConfigKeys$Server (ConfUtils.java:logGet(43)) - raft.grpc.server.port = 0 (default)
2019-10-18 14:01:18,160 [main] INFO  server.GrpcService (ConfUtils.java:logGet(43)) - raft.grpc.message.size.max = 33570816 (custom)
2019-10-18 14:01:18,160 [main] INFO  server.RaftServerConfigKeys (ConfUtils.java:logGet(43)) - raft.server.log.appender.buffer.byte-limit = 33554432 (custom)
2019-10-18 14:01:18,160 [main] INFO  server.GrpcService (ConfUtils.java:logGet(43)) - raft.grpc.flow.control.window = 1MB (=1048576) (default)
2019-10-18 14:01:18,161 [main] INFO  server.RaftServerConfigKeys (ConfUtils.java:logGet(43)) - raft.server.rpc.request.timeout = 3000ms (default)
2019-10-18 14:01:18,162 [main] INFO  server.RaftServerConfigKeys (ConfUtils.java:logGet(43)) - raft.server.storage.dir = [/workdir/hadoop-ozone/integration-test/target/test-dir/MiniOzoneClusterImpl-2e865a06-22ad-4131-aa5d-0933f5b7f962/datanode-1/data/ratis] (custom)
2019-10-18 14:01:18,165 [main] INFO  hdfs.DFSUtil (DFSUtil.java:httpServerTemplateForNNAndJN(1641)) - Starting Web-server for hddsDatanode at: http://0.0.0.0:0
2019-10-18 14:01:18,166 [main] INFO  server.AuthenticationFilter (AuthenticationFilter.java:constructSecretProvider(240)) - Unable to initialize FileSignerSecretProvider, falling back to use random secrets.
2019-10-18 14:01:18,167 [main] WARN  http.HttpRequestLog (HttpRequestLog.java:getRequestLog(97)) - Jetty request log can only be enabled using Log4j
2019-10-18 14:01:18,168 [main] INFO  http.HttpServer2 (HttpServer2.java:addGlobalFilter(975)) - Added global filter 'safety' (class=org.apache.hadoop.http.HttpServer2$QuotingInputFilter)
2019-10-18 14:01:18,169 [main] INFO  http.HttpServer2 (HttpServer2.java:addFilter(948)) - Added filter static_user_filter (class=org.apache.hadoop.http.lib.StaticUserWebFilter$StaticUserFilter) to context hddsDatanode
2019-10-18 14:01:18,169 [main] INFO  http.HttpServer2 (HttpServer2.java:addFilter(958)) - Added filter static_user_filter (class=org.apache.hadoop.http.lib.StaticUserWebFilter$StaticUserFilter) to context logs
2019-10-18 14:01:18,169 [main] INFO  http.HttpServer2 (HttpServer2.java:addFilter(958)) - Added filter static_user_filter (class=org.apache.hadoop.http.lib.StaticUserWebFilter$StaticUserFilter) to context static
2019-10-18 14:01:18,170 [main] INFO  http.HttpServer2 (HttpServer2.java:bindListener(1191)) - Jetty bound to port 43060
2019-10-18 14:01:18,170 [main] INFO  server.Server (Server.java:doStart(351)) - jetty-9.3.25.v20180904, build timestamp: 2018-09-04T21:11:46Z, git hash: 3ce520221d0240229c862b122d2b06c12a625732
2019-10-18 14:01:18,173 [main] INFO  handler.ContextHandler (ContextHandler.java:doStart(781)) - Started o.e.j.s.ServletContextHandler@29a98d9f{/logs,file:///workdir/hadoop-ozone/integration-test/target/log,AVAILABLE}
2019-10-18 14:01:18,174 [main] INFO  handler.ContextHandler (ContextHandler.java:doStart(781)) - Started o.e.j.s.ServletContextHandler@544e8149{/static,jar:file:/home/user/.m2/repository/org/apache/hadoop/hadoop-hdds-container-service/0.5.0-SNAPSHOT/hadoop-hdds-container-service-0.5.0-SNAPSHOT.jar!/webapps/static,AVAILABLE}
2019-10-18 14:01:18,205 [main] INFO  handler.ContextHandler (ContextHandler.java:doStart(781)) - Started o.e.j.w.WebAppContext@7e446d92{/,file:///tmp/jetty-0.0.0.0-43060-hddsDatanode-_-any-1312109157523886416.dir/webapp/,AVAILABLE}{/hddsDatanode}
2019-10-18 14:01:18,206 [main] INFO  server.AbstractConnector (AbstractConnector.java:doStart(278)) - Started ServerConnector@57f9b467{HTTP/1.1,[http/1.1]}{0.0.0.0:43060}
2019-10-18 14:01:18,207 [main] INFO  server.Server (Server.java:doStart(419)) - Started @5361ms
2019-10-18 14:01:18,207 [main] WARN  impl.MetricsSystemImpl (MetricsSystemImpl.java:register(276)) - Sink prometheus already exists!
2019-10-18 14:01:18,209 [main] INFO  server.BaseHttpServer (BaseHttpServer.java:updateConnectorAddress(215)) - HTTP server of HDDSDATANODE is listening at http://0.0.0.0:43060
2019-10-18 14:01:18,209 [main] INFO  impl.MetricsSystemImpl (MetricsSystemImpl.java:init(158)) - HddsDatanode metrics system started (again)
2019-10-18 14:01:18,211 [org.apache.hadoop.util.JvmPauseMonitor$Monitor@666c762c] INFO  util.JvmPauseMonitor (JvmPauseMonitor.java:run(188)) - Starting JVM pause monitor
2019-10-18 14:01:18,212 [main] INFO  ozone.HddsDatanodeService (HddsDatanodeService.java:start(184)) - HddsDatanodeService host:pr-hdds-2292-qcvbb-3996421426 ip:192.168.69.85
2019-10-18 14:01:18,222 [main] INFO  volume.HddsVolume (HddsVolume.java:<init>(176)) - Creating Volume: /workdir/hadoop-ozone/integration-test/target/test-dir/MiniOzoneClusterImpl-2e865a06-22ad-4131-aa5d-0933f5b7f962/datanode-2/data/containers/hdds of  storage type : DISK and capacity : 1482555576320
2019-10-18 14:01:18,222 [main] INFO  volume.VolumeSet (VolumeSet.java:initializeVolumeSet(170)) - Added Volume : /workdir/hadoop-ozone/integration-test/target/test-dir/MiniOzoneClusterImpl-2e865a06-22ad-4131-aa5d-0933f5b7f962/datanode-2/data/containers/hdds to VolumeSet
2019-10-18 14:01:18,223 [main] INFO  volume.ThrottledAsyncChecker (ThrottledAsyncChecker.java:schedule(141)) - Scheduling a check for /workdir/hadoop-ozone/integration-test/target/test-dir/MiniOzoneClusterImpl-2e865a06-22ad-4131-aa5d-0933f5b7f962/datanode-2/data/containers/hdds
2019-10-18 14:01:18,223 [main] INFO  volume.HddsVolumeChecker (HddsVolumeChecker.java:checkAllVolumes(204)) - Scheduled health check for volume /workdir/hadoop-ozone/integration-test/target/test-dir/MiniOzoneClusterImpl-2e865a06-22ad-4131-aa5d-0933f5b7f962/datanode-2/data/containers/hdds
2019-10-18 14:01:18,239 [main] INFO  impl.RaftServerProxy (ConfUtils.java:logGet(43)) - raft.rpc.type = GRPC (default)
2019-10-18 14:01:18,239 [main] INFO  grpc.GrpcFactory (GrpcFactory.java:checkPooledByteBufAllocatorUseCacheForAllThreads(45)) - PERFORMANCE WARNING: useCacheForAllThreads is true that may cause Netty to create a lot garbage objects and, as a result, trigger GC.
	It is recommended to disable useCacheForAllThreads by setting -Dorg.apache.ratis.thirdparty.io.netty.allocator.useCacheForAllThreads=false in command line.
2019-10-18 14:01:18,240 [main] INFO  grpc.GrpcConfigKeys$Server (ConfUtils.java:logGet(43)) - raft.grpc.server.port = 0 (default)
2019-10-18 14:01:18,240 [main] INFO  server.GrpcService (ConfUtils.java:logGet(43)) - raft.grpc.message.size.max = 33570816 (custom)
2019-10-18 14:01:18,240 [main] INFO  server.RaftServerConfigKeys (ConfUtils.java:logGet(43)) - raft.server.log.appender.buffer.byte-limit = 33554432 (custom)
2019-10-18 14:01:18,241 [Datanode State Machine Thread - 0] INFO  datanode.InitDatanodeState (InitDatanodeState.java:persistContainerDatanodeDetails(140)) - DatanodeDetails is persisted to /workdir/hadoop-ozone/integration-test/target/test-dir/MiniOzoneClusterImpl-2e865a06-22ad-4131-aa5d-0933f5b7f962/datanode-0/meta/datanode.id
2019-10-18 14:01:18,241 [main] INFO  server.GrpcService (ConfUtils.java:logGet(43)) - raft.grpc.flow.control.window = 1MB (=1048576) (default)
2019-10-18 14:01:18,243 [main] INFO  server.RaftServerConfigKeys (ConfUtils.java:logGet(43)) - raft.server.rpc.request.timeout = 3000ms (default)
2019-10-18 14:01:18,244 [Datanode State Machine Thread - 0] INFO  datanode.InitDatanodeState (InitDatanodeState.java:persistContainerDatanodeDetails(140)) - DatanodeDetails is persisted to /workdir/hadoop-ozone/integration-test/target/test-dir/MiniOzoneClusterImpl-2e865a06-22ad-4131-aa5d-0933f5b7f962/datanode-1/meta/datanode.id
2019-10-18 14:01:18,245 [main] INFO  server.RaftServerConfigKeys (ConfUtils.java:logGet(43)) - raft.server.storage.dir = [/workdir/hadoop-ozone/integration-test/target/test-dir/MiniOzoneClusterImpl-2e865a06-22ad-4131-aa5d-0933f5b7f962/datanode-2/data/ratis] (custom)
2019-10-18 14:01:18,246 [main] INFO  hdfs.DFSUtil (DFSUtil.java:httpServerTemplateForNNAndJN(1641)) - Starting Web-server for hddsDatanode at: http://0.0.0.0:0
2019-10-18 14:01:18,248 [main] INFO  server.AuthenticationFilter (AuthenticationFilter.java:constructSecretProvider(240)) - Unable to initialize FileSignerSecretProvider, falling back to use random secrets.
2019-10-18 14:01:18,248 [main] WARN  http.HttpRequestLog (HttpRequestLog.java:getRequestLog(97)) - Jetty request log can only be enabled using Log4j
2019-10-18 14:01:18,250 [main] INFO  http.HttpServer2 (HttpServer2.java:addGlobalFilter(975)) - Added global filter 'safety' (class=org.apache.hadoop.http.HttpServer2$QuotingInputFilter)
2019-10-18 14:01:18,251 [main] INFO  http.HttpServer2 (HttpServer2.java:addFilter(948)) - Added filter static_user_filter (class=org.apache.hadoop.http.lib.StaticUserWebFilter$StaticUserFilter) to context hddsDatanode
2019-10-18 14:01:18,252 [main] INFO  http.HttpServer2 (HttpServer2.java:addFilter(958)) - Added filter static_user_filter (class=org.apache.hadoop.http.lib.StaticUserWebFilter$StaticUserFilter) to context logs
2019-10-18 14:01:18,252 [main] INFO  http.HttpServer2 (HttpServer2.java:addFilter(958)) - Added filter static_user_filter (class=org.apache.hadoop.http.lib.StaticUserWebFilter$StaticUserFilter) to context static
2019-10-18 14:01:18,253 [main] INFO  http.HttpServer2 (HttpServer2.java:bindListener(1191)) - Jetty bound to port 36433
2019-10-18 14:01:18,253 [main] INFO  server.Server (Server.java:doStart(351)) - jetty-9.3.25.v20180904, build timestamp: 2018-09-04T21:11:46Z, git hash: 3ce520221d0240229c862b122d2b06c12a625732
2019-10-18 14:01:18,255 [main] INFO  handler.ContextHandler (ContextHandler.java:doStart(781)) - Started o.e.j.s.ServletContextHandler@51ec2856{/logs,file:///workdir/hadoop-ozone/integration-test/target/log,AVAILABLE}
2019-10-18 14:01:18,256 [main] INFO  handler.ContextHandler (ContextHandler.java:doStart(781)) - Started o.e.j.s.ServletContextHandler@1caa9eb6{/static,jar:file:/home/user/.m2/repository/org/apache/hadoop/hadoop-hdds-container-service/0.5.0-SNAPSHOT/hadoop-hdds-container-service-0.5.0-SNAPSHOT.jar!/webapps/static,AVAILABLE}
2019-10-18 14:01:18,290 [main] INFO  handler.ContextHandler (ContextHandler.java:doStart(781)) - Started o.e.j.w.WebAppContext@3722c145{/,file:///tmp/jetty-0.0.0.0-36433-hddsDatanode-_-any-5916374431615225074.dir/webapp/,AVAILABLE}{/hddsDatanode}
2019-10-18 14:01:18,291 [main] INFO  server.AbstractConnector (AbstractConnector.java:doStart(278)) - Started ServerConnector@4cbc2e3b{HTTP/1.1,[http/1.1]}{0.0.0.0:36433}
2019-10-18 14:01:18,292 [main] INFO  server.Server (Server.java:doStart(419)) - Started @5446ms
2019-10-18 14:01:18,292 [main] WARN  impl.MetricsSystemImpl (MetricsSystemImpl.java:register(276)) - Sink prometheus already exists!
2019-10-18 14:01:18,293 [main] INFO  server.BaseHttpServer (BaseHttpServer.java:updateConnectorAddress(215)) - HTTP server of HDDSDATANODE is listening at http://0.0.0.0:36433
2019-10-18 14:01:18,293 [main] INFO  impl.MetricsSystemImpl (MetricsSystemImpl.java:init(158)) - HddsDatanode metrics system started (again)
2019-10-18 14:01:18,296 [org.apache.hadoop.util.JvmPauseMonitor$Monitor@388f95d3] INFO  util.JvmPauseMonitor (JvmPauseMonitor.java:run(188)) - Starting JVM pause monitor
2019-10-18 14:01:18,296 [main] INFO  ozone.HddsDatanodeService (HddsDatanodeService.java:start(184)) - HddsDatanodeService host:pr-hdds-2292-qcvbb-3996421426 ip:192.168.69.85
2019-10-18 14:01:18,298 [Datanode State Machine Thread - 0] INFO  datanode.InitDatanodeState (InitDatanodeState.java:persistContainerDatanodeDetails(140)) - DatanodeDetails is persisted to /workdir/hadoop-ozone/integration-test/target/test-dir/MiniOzoneClusterImpl-2e865a06-22ad-4131-aa5d-0933f5b7f962/datanode-2/meta/datanode.id
2019-10-18 14:01:18,304 [main] INFO  volume.HddsVolume (HddsVolume.java:<init>(176)) - Creating Volume: /workdir/hadoop-ozone/integration-test/target/test-dir/MiniOzoneClusterImpl-2e865a06-22ad-4131-aa5d-0933f5b7f962/datanode-3/data/containers/hdds of  storage type : DISK and capacity : 1482555576320
2019-10-18 14:01:18,304 [main] INFO  volume.VolumeSet (VolumeSet.java:initializeVolumeSet(170)) - Added Volume : /workdir/hadoop-ozone/integration-test/target/test-dir/MiniOzoneClusterImpl-2e865a06-22ad-4131-aa5d-0933f5b7f962/datanode-3/data/containers/hdds to VolumeSet
2019-10-18 14:01:18,304 [main] INFO  volume.ThrottledAsyncChecker (ThrottledAsyncChecker.java:schedule(141)) - Scheduling a check for /workdir/hadoop-ozone/integration-test/target/test-dir/MiniOzoneClusterImpl-2e865a06-22ad-4131-aa5d-0933f5b7f962/datanode-3/data/containers/hdds
2019-10-18 14:01:18,305 [main] INFO  volume.HddsVolumeChecker (HddsVolumeChecker.java:checkAllVolumes(204)) - Scheduled health check for volume /workdir/hadoop-ozone/integration-test/target/test-dir/MiniOzoneClusterImpl-2e865a06-22ad-4131-aa5d-0933f5b7f962/datanode-3/data/containers/hdds
2019-10-18 14:01:18,322 [main] INFO  impl.RaftServerProxy (ConfUtils.java:logGet(43)) - raft.rpc.type = GRPC (default)
2019-10-18 14:01:18,322 [main] INFO  grpc.GrpcFactory (GrpcFactory.java:checkPooledByteBufAllocatorUseCacheForAllThreads(45)) - PERFORMANCE WARNING: useCacheForAllThreads is true that may cause Netty to create a lot garbage objects and, as a result, trigger GC.
	It is recommended to disable useCacheForAllThreads by setting -Dorg.apache.ratis.thirdparty.io.netty.allocator.useCacheForAllThreads=false in command line.
2019-10-18 14:01:18,323 [main] INFO  grpc.GrpcConfigKeys$Server (ConfUtils.java:logGet(43)) - raft.grpc.server.port = 0 (default)
2019-10-18 14:01:18,323 [main] INFO  server.GrpcService (ConfUtils.java:logGet(43)) - raft.grpc.message.size.max = 33570816 (custom)
2019-10-18 14:01:18,323 [main] INFO  server.RaftServerConfigKeys (ConfUtils.java:logGet(43)) - raft.server.log.appender.buffer.byte-limit = 33554432 (custom)
2019-10-18 14:01:18,324 [main] INFO  server.GrpcService (ConfUtils.java:logGet(43)) - raft.grpc.flow.control.window = 1MB (=1048576) (default)
2019-10-18 14:01:18,324 [main] INFO  server.RaftServerConfigKeys (ConfUtils.java:logGet(43)) - raft.server.rpc.request.timeout = 3000ms (default)
2019-10-18 14:01:18,325 [main] INFO  server.RaftServerConfigKeys (ConfUtils.java:logGet(43)) - raft.server.storage.dir = [/workdir/hadoop-ozone/integration-test/target/test-dir/MiniOzoneClusterImpl-2e865a06-22ad-4131-aa5d-0933f5b7f962/datanode-3/data/ratis] (custom)
2019-10-18 14:01:18,327 [main] INFO  hdfs.DFSUtil (DFSUtil.java:httpServerTemplateForNNAndJN(1641)) - Starting Web-server for hddsDatanode at: http://0.0.0.0:0
2019-10-18 14:01:18,328 [main] INFO  server.AuthenticationFilter (AuthenticationFilter.java:constructSecretProvider(240)) - Unable to initialize FileSignerSecretProvider, falling back to use random secrets.
2019-10-18 14:01:18,329 [main] WARN  http.HttpRequestLog (HttpRequestLog.java:getRequestLog(97)) - Jetty request log can only be enabled using Log4j
2019-10-18 14:01:18,331 [main] INFO  http.HttpServer2 (HttpServer2.java:addGlobalFilter(975)) - Added global filter 'safety' (class=org.apache.hadoop.http.HttpServer2$QuotingInputFilter)
2019-10-18 14:01:18,332 [main] INFO  http.HttpServer2 (HttpServer2.java:addFilter(948)) - Added filter static_user_filter (class=org.apache.hadoop.http.lib.StaticUserWebFilter$StaticUserFilter) to context hddsDatanode
2019-10-18 14:01:18,332 [main] INFO  http.HttpServer2 (HttpServer2.java:addFilter(958)) - Added filter static_user_filter (class=org.apache.hadoop.http.lib.StaticUserWebFilter$StaticUserFilter) to context logs
2019-10-18 14:01:18,332 [main] INFO  http.HttpServer2 (HttpServer2.java:addFilter(958)) - Added filter static_user_filter (class=org.apache.hadoop.http.lib.StaticUserWebFilter$StaticUserFilter) to context static
2019-10-18 14:01:18,333 [main] INFO  http.HttpServer2 (HttpServer2.java:bindListener(1191)) - Jetty bound to port 45866
2019-10-18 14:01:18,333 [main] INFO  server.Server (Server.java:doStart(351)) - jetty-9.3.25.v20180904, build timestamp: 2018-09-04T21:11:46Z, git hash: 3ce520221d0240229c862b122d2b06c12a625732
2019-10-18 14:01:18,337 [main] INFO  handler.ContextHandler (ContextHandler.java:doStart(781)) - Started o.e.j.s.ServletContextHandler@3af7d855{/logs,file:///workdir/hadoop-ozone/integration-test/target/log,AVAILABLE}
2019-10-18 14:01:18,338 [main] INFO  handler.ContextHandler (ContextHandler.java:doStart(781)) - Started o.e.j.s.ServletContextHandler@f88bfbe{/static,jar:file:/home/user/.m2/repository/org/apache/hadoop/hadoop-hdds-container-service/0.5.0-SNAPSHOT/hadoop-hdds-container-service-0.5.0-SNAPSHOT.jar!/webapps/static,AVAILABLE}
2019-10-18 14:01:18,370 [main] INFO  handler.ContextHandler (ContextHandler.java:doStart(781)) - Started o.e.j.w.WebAppContext@71c17a57{/,file:///tmp/jetty-0.0.0.0-45866-hddsDatanode-_-any-8944709058791926304.dir/webapp/,AVAILABLE}{/hddsDatanode}
2019-10-18 14:01:18,371 [main] INFO  server.AbstractConnector (AbstractConnector.java:doStart(278)) - Started ServerConnector@640ab13c{HTTP/1.1,[http/1.1]}{0.0.0.0:45866}
2019-10-18 14:01:18,372 [main] INFO  server.Server (Server.java:doStart(419)) - Started @5526ms
2019-10-18 14:01:18,372 [main] WARN  impl.MetricsSystemImpl (MetricsSystemImpl.java:register(276)) - Sink prometheus already exists!
2019-10-18 14:01:18,374 [main] INFO  server.BaseHttpServer (BaseHttpServer.java:updateConnectorAddress(215)) - HTTP server of HDDSDATANODE is listening at http://0.0.0.0:45866
2019-10-18 14:01:18,375 [main] INFO  ozone.MiniOzoneClusterImpl (MiniOzoneClusterImpl.java:lambda$waitForClusterToBeReady$0(147)) - Waiting for cluster to be ready. Got 0 of 4 DN Heartbeats.
2019-10-18 14:01:18,376 [org.apache.hadoop.util.JvmPauseMonitor$Monitor@3ff7a603] INFO  util.JvmPauseMonitor (JvmPauseMonitor.java:run(188)) - Starting JVM pause monitor
2019-10-18 14:01:18,378 [Datanode State Machine Thread - 0] INFO  datanode.InitDatanodeState (InitDatanodeState.java:persistContainerDatanodeDetails(140)) - DatanodeDetails is persisted to /workdir/hadoop-ozone/integration-test/target/test-dir/MiniOzoneClusterImpl-2e865a06-22ad-4131-aa5d-0933f5b7f962/datanode-3/meta/datanode.id
2019-10-18 14:01:19,376 [main] INFO  ozone.MiniOzoneClusterImpl (MiniOzoneClusterImpl.java:lambda$waitForClusterToBeReady$0(147)) - Waiting for cluster to be ready. Got 0 of 4 DN Heartbeats.
2019-10-18 14:01:20,209 [Datanode State Machine Thread - 0] INFO  ozoneimpl.OzoneContainer (OzoneContainer.java:start(213)) - Attempting to start container services.
2019-10-18 14:01:20,211 [Datanode State Machine Thread - 0] INFO  ozoneimpl.OzoneContainer (OzoneContainer.java:startContainerScrub(177)) - Background container scanner has been disabled.
2019-10-18 14:01:20,212 [Datanode State Machine Thread - 0] INFO  ratis.XceiverServerRatis (XceiverServerRatis.java:start(418)) - Starting XceiverServerRatis 6cbfae60-ea29-4abc-a49d-ef94f4bd513a at port 0
2019-10-18 14:01:20,220 [Datanode State Machine Thread - 0] INFO  impl.RaftServerProxy (RaftServerProxy.java:lambda$start$3(299)) - 6cbfae60-ea29-4abc-a49d-ef94f4bd513a: start RPC server
2019-10-18 14:01:20,224 [Datanode State Machine Thread - 0] INFO  server.GrpcService (GrpcService.java:startImpl(158)) - 6cbfae60-ea29-4abc-a49d-ef94f4bd513a: GrpcService started, listening on 0.0.0.0/0.0.0.0:36685
2019-10-18 14:01:20,224 [Datanode State Machine Thread - 0] INFO  ratis.XceiverServerRatis (XceiverServerRatis.java:start(428)) - XceiverServerRatis 6cbfae60-ea29-4abc-a49d-ef94f4bd513a is started using port 36685
2019-10-18 14:01:20,226 [Datanode State Machine Thread - 0] INFO  ozoneimpl.OzoneContainer (OzoneContainer.java:start(213)) - Attempting to start container services.
2019-10-18 14:01:20,227 [Datanode State Machine Thread - 0] INFO  server.XceiverServerGrpc (XceiverServerGrpc.java:start(149)) - XceiverServerGrpc 6cbfae60-ea29-4abc-a49d-ef94f4bd513a is started using port 33308
2019-10-18 14:01:20,228 [Datanode State Machine Thread - 0] INFO  ozoneimpl.OzoneContainer (OzoneContainer.java:startContainerScrub(177)) - Background container scanner has been disabled.
2019-10-18 14:01:20,228 [Datanode State Machine Thread - 0] INFO  ratis.XceiverServerRatis (XceiverServerRatis.java:start(418)) - Starting XceiverServerRatis 92ce6e48-4722-407a-9620-5998c6999257 at port 0
2019-10-18 14:01:20,236 [Datanode State Machine Thread - 0] INFO  impl.RaftServerProxy (RaftServerProxy.java:lambda$start$3(299)) - 92ce6e48-4722-407a-9620-5998c6999257: start RPC server
2019-10-18 14:01:20,238 [Datanode State Machine Thread - 0] INFO  server.GrpcService (GrpcService.java:startImpl(158)) - 92ce6e48-4722-407a-9620-5998c6999257: GrpcService started, listening on 0.0.0.0/0.0.0.0:34971
2019-10-18 14:01:20,238 [Datanode State Machine Thread - 0] INFO  ratis.XceiverServerRatis (XceiverServerRatis.java:start(428)) - XceiverServerRatis 92ce6e48-4722-407a-9620-5998c6999257 is started using port 34971
2019-10-18 14:01:20,239 [Datanode State Machine Thread - 0] INFO  server.XceiverServerGrpc (XceiverServerGrpc.java:start(149)) - XceiverServerGrpc 92ce6e48-4722-407a-9620-5998c6999257 is started using port 34451
2019-10-18 14:01:20,303 [Datanode State Machine Thread - 0] INFO  ozoneimpl.OzoneContainer (OzoneContainer.java:start(213)) - Attempting to start container services.
2019-10-18 14:01:20,304 [Datanode State Machine Thread - 0] INFO  ozoneimpl.OzoneContainer (OzoneContainer.java:startContainerScrub(177)) - Background container scanner has been disabled.
2019-10-18 14:01:20,304 [Datanode State Machine Thread - 0] INFO  ratis.XceiverServerRatis (XceiverServerRatis.java:start(418)) - Starting XceiverServerRatis 66f9d00c-1e97-4252-958c-bed5a531abda at port 0
2019-10-18 14:01:20,311 [Datanode State Machine Thread - 0] INFO  impl.RaftServerProxy (RaftServerProxy.java:lambda$start$3(299)) - 66f9d00c-1e97-4252-958c-bed5a531abda: start RPC server
2019-10-18 14:01:20,313 [Datanode State Machine Thread - 0] INFO  server.GrpcService (GrpcService.java:startImpl(158)) - 66f9d00c-1e97-4252-958c-bed5a531abda: GrpcService started, listening on 0.0.0.0/0.0.0.0:45996
2019-10-18 14:01:20,313 [Datanode State Machine Thread - 0] INFO  ratis.XceiverServerRatis (XceiverServerRatis.java:start(428)) - XceiverServerRatis 66f9d00c-1e97-4252-958c-bed5a531abda is started using port 45996
2019-10-18 14:01:20,315 [Datanode State Machine Thread - 0] INFO  server.XceiverServerGrpc (XceiverServerGrpc.java:start(149)) - XceiverServerGrpc 66f9d00c-1e97-4252-958c-bed5a531abda is started using port 39918
2019-10-18 14:01:20,376 [main] INFO  ozone.MiniOzoneClusterImpl (MiniOzoneClusterImpl.java:lambda$waitForClusterToBeReady$0(147)) - Waiting for cluster to be ready. Got 0 of 4 DN Heartbeats.
2019-10-18 14:01:20,392 [Datanode State Machine Thread - 0] INFO  ozoneimpl.OzoneContainer (OzoneContainer.java:start(213)) - Attempting to start container services.
2019-10-18 14:01:20,393 [Datanode State Machine Thread - 0] INFO  ozoneimpl.OzoneContainer (OzoneContainer.java:startContainerScrub(177)) - Background container scanner has been disabled.
2019-10-18 14:01:20,393 [Datanode State Machine Thread - 0] INFO  ratis.XceiverServerRatis (XceiverServerRatis.java:start(418)) - Starting XceiverServerRatis dfc7a80c-cbee-485b-8c95-9eb9c070cdae at port 0
2019-10-18 14:01:20,401 [Datanode State Machine Thread - 0] INFO  impl.RaftServerProxy (RaftServerProxy.java:lambda$start$3(299)) - dfc7a80c-cbee-485b-8c95-9eb9c070cdae: start RPC server
2019-10-18 14:01:20,404 [Datanode State Machine Thread - 0] INFO  server.GrpcService (GrpcService.java:startImpl(158)) - dfc7a80c-cbee-485b-8c95-9eb9c070cdae: GrpcService started, listening on 0.0.0.0/0.0.0.0:41118
2019-10-18 14:01:20,405 [Datanode State Machine Thread - 0] INFO  ratis.XceiverServerRatis (XceiverServerRatis.java:start(428)) - XceiverServerRatis dfc7a80c-cbee-485b-8c95-9eb9c070cdae is started using port 41118
2019-10-18 14:01:20,406 [Datanode State Machine Thread - 0] INFO  server.XceiverServerGrpc (XceiverServerGrpc.java:start(149)) - XceiverServerGrpc dfc7a80c-cbee-485b-8c95-9eb9c070cdae is started using port 41641
2019-10-18 14:01:21,378 [main] INFO  ozone.MiniOzoneClusterImpl (MiniOzoneClusterImpl.java:lambda$waitForClusterToBeReady$0(147)) - Waiting for cluster to be ready. Got 0 of 4 DN Heartbeats.
2019-10-18 14:01:22,170 [IPC Server handler 0 on 44691] INFO  net.NetworkTopology (NetworkTopologyImpl.java:add(111)) - Added a new node: /rack1/6cbfae60-ea29-4abc-a49d-ef94f4bd513a
2019-10-18 14:01:22,171 [IPC Server handler 0 on 44691] INFO  node.SCMNodeManager (SCMNodeManager.java:register(268)) - Registered Data node : 6cbfae60-ea29-4abc-a49d-ef94f4bd513a{ip: 192.168.69.85, host: pr-hdds-2292-qcvbb-3996421426, networkLocation: /rack1, certSerialId: null}
2019-10-18 14:01:22,174 [EventQueue-NodeRegistrationContainerReportForDataNodeSafeModeRule] INFO  safemode.SCMSafeModeManager (DataNodeSafeModeRule.java:process(71)) - SCM in safe mode. 1 DataNodes registered, 1 required.
2019-10-18 14:01:22,174 [EventQueue-NodeRegistrationContainerReportForDataNodeSafeModeRule] INFO  safemode.SCMSafeModeManager (SCMSafeModeManager.java:validateSafeModeExitRules(177)) - ScmSafeModeManager, all rules are successfully validated
2019-10-18 14:01:22,175 [EventQueue-NodeRegistrationContainerReportForDataNodeSafeModeRule] INFO  safemode.SCMSafeModeManager (SCMSafeModeManager.java:exitSafeMode(193)) - SCM exiting safe mode.
2019-10-18 14:01:22,215 [IPC Server handler 1 on 44691] INFO  net.NetworkTopology (NetworkTopologyImpl.java:add(111)) - Added a new node: /rack1/92ce6e48-4722-407a-9620-5998c6999257
2019-10-18 14:01:22,216 [IPC Server handler 1 on 44691] INFO  node.SCMNodeManager (SCMNodeManager.java:register(268)) - Registered Data node : 92ce6e48-4722-407a-9620-5998c6999257{ip: 192.168.69.85, host: pr-hdds-2292-qcvbb-3996421426, networkLocation: /rack1, certSerialId: null}
2019-10-18 14:01:22,299 [IPC Server handler 2 on 44691] INFO  net.NetworkTopology (NetworkTopologyImpl.java:add(111)) - Added a new node: /rack1/66f9d00c-1e97-4252-958c-bed5a531abda
2019-10-18 14:01:22,300 [IPC Server handler 2 on 44691] INFO  node.SCMNodeManager (SCMNodeManager.java:register(268)) - Registered Data node : 66f9d00c-1e97-4252-958c-bed5a531abda{ip: 192.168.69.85, host: pr-hdds-2292-qcvbb-3996421426, networkLocation: /rack1, certSerialId: null}
2019-10-18 14:01:22,378 [main] INFO  ozone.MiniOzoneClusterImpl (MiniOzoneClusterImpl.java:lambda$waitForClusterToBeReady$0(147)) - Waiting for cluster to be ready. Got 3 of 4 DN Heartbeats.
2019-10-18 14:01:22,379 [IPC Server handler 3 on 44691] INFO  net.NetworkTopology (NetworkTopologyImpl.java:add(111)) - Added a new node: /rack1/dfc7a80c-cbee-485b-8c95-9eb9c070cdae
2019-10-18 14:01:22,379 [IPC Server handler 3 on 44691] INFO  node.SCMNodeManager (SCMNodeManager.java:register(268)) - Registered Data node : dfc7a80c-cbee-485b-8c95-9eb9c070cdae{ip: 192.168.69.85, host: pr-hdds-2292-qcvbb-3996421426, networkLocation: /rack1, certSerialId: null}
2019-10-18 14:01:22,606 [grpc-default-executor-0] INFO  impl.RaftServerProxy (RaftServerProxy.java:addNew(89)) - 6cbfae60-ea29-4abc-a49d-ef94f4bd513a: addNew group-E261555C8304:[6cbfae60-ea29-4abc-a49d-ef94f4bd513a:192.168.69.85:36685] returns group-E261555C8304:java.util.concurrent.CompletableFuture@2bb265d9[Not completed]
2019-10-18 14:01:22,618 [pool-32-thread-1] INFO  impl.RaftServerImpl (RaftServerImpl.java:<init>(104)) - 6cbfae60-ea29-4abc-a49d-ef94f4bd513a: new RaftServerImpl for group-E261555C8304:[6cbfae60-ea29-4abc-a49d-ef94f4bd513a:192.168.69.85:36685] with ContainerStateMachine:uninitialized
2019-10-18 14:01:22,620 [pool-32-thread-1] INFO  server.RaftServerConfigKeys (ConfUtils.java:logGet(43)) - raft.server.rpc.timeout.min = 5s (custom)
2019-10-18 14:01:22,620 [pool-32-thread-1] INFO  server.RaftServerConfigKeys (ConfUtils.java:logGet(43)) - raft.server.rpc.timeout.max = 5200ms (custom)
2019-10-18 14:01:22,620 [pool-32-thread-1] INFO  server.RaftServerConfigKeys (ConfUtils.java:logGet(43)) - raft.server.rpcslowness.timeout = 120s (custom)
2019-10-18 14:01:22,620 [pool-32-thread-1] INFO  server.RaftServerConfigKeys (ConfUtils.java:logGet(43)) - raft.server.sleep.deviation.threshold = 300 (default)
2019-10-18 14:01:22,621 [pool-32-thread-1] INFO  server.RaftServerConfigKeys (ConfUtils.java:logGet(43)) - raft.server.log.appender.install.snapshot.enabled = false (custom)
2019-10-18 14:01:22,621 [pool-32-thread-1] INFO  impl.RaftServerImpl (ServerState.java:<init>(103)) - 6cbfae60-ea29-4abc-a49d-ef94f4bd513a@group-E261555C8304: ConfigurationManager, init=-1: [6cbfae60-ea29-4abc-a49d-ef94f4bd513a:192.168.69.85:36685], old=null, confs=<EMPTY_MAP>
2019-10-18 14:01:22,621 [pool-32-thread-1] INFO  server.RaftServerConfigKeys (ConfUtils.java:logGet(43)) - raft.server.storage.dir = [/workdir/hadoop-ozone/integration-test/target/test-dir/MiniOzoneClusterImpl-2e865a06-22ad-4131-aa5d-0933f5b7f962/datanode-0/data/ratis] (custom)
2019-10-18 14:01:22,622 [pool-32-thread-1] INFO  server.RaftServerConfigKeys (ConfUtils.java:logGet(43)) - raft.server.log.corruption.policy = EXCEPTION (default)
2019-10-18 14:01:22,622 [pool-32-thread-1] INFO  storage.RaftStorageDirectory (RaftStorageDirectory.java:analyzeStorage(246)) - The storage directory /workdir/hadoop-ozone/integration-test/target/test-dir/MiniOzoneClusterImpl-2e865a06-22ad-4131-aa5d-0933f5b7f962/datanode-0/data/ratis/49294995-ec4c-4218-a5c5-e261555c8304 does not exist. Creating ...
2019-10-18 14:01:22,649 [pool-32-thread-1] INFO  storage.RaftStorageDirectory (RaftStorageDirectory.java:tryLock(328)) - Lock on /workdir/hadoop-ozone/integration-test/target/test-dir/MiniOzoneClusterImpl-2e865a06-22ad-4131-aa5d-0933f5b7f962/datanode-0/data/ratis/49294995-ec4c-4218-a5c5-e261555c8304/in_use.lock acquired by nodename 24298@pr-hdds-2292-qcvbb-3996421426
2019-10-18 14:01:22,666 [pool-32-thread-1] INFO  storage.RaftStorage (RaftStorage.java:format(84)) - Storage directory /workdir/hadoop-ozone/integration-test/target/test-dir/MiniOzoneClusterImpl-2e865a06-22ad-4131-aa5d-0933f5b7f962/datanode-0/data/ratis/49294995-ec4c-4218-a5c5-e261555c8304 has been successfully formatted.
2019-10-18 14:01:22,668 [pool-32-thread-1] INFO  ratis.ContainerStateMachine (ContainerStateMachine.java:loadSnapshot(231)) - group-E261555C8304: The snapshot info is null. Setting the last applied indexto:(t:0, i:~)
2019-10-18 14:01:22,668 [pool-32-thread-1] INFO  server.RaftServerConfigKeys (ConfUtils.java:logGet(43)) - raft.server.notification.no-leader.timeout = 120s (custom)
2019-10-18 14:01:22,669 [pool-32-thread-1] INFO  server.RaftServerConfigKeys (ConfUtils.java:logGet(43)) - raft.server.log.use.memory = false (default)
2019-10-18 14:01:22,669 [pool-32-thread-1] INFO  server.RaftServerConfigKeys (ConfUtils.java:logGet(43)) - raft.server.log.purge.gap = 1000000 (custom)
2019-10-18 14:01:22,669 [pool-32-thread-1] INFO  server.RaftServerConfigKeys (ConfUtils.java:logGet(43)) - raft.server.log.appender.buffer.byte-limit = 33554432 (custom)
2019-10-18 14:01:22,670 [pool-32-thread-1] INFO  server.RaftServerConfigKeys (ConfUtils.java:logGet(43)) - raft.server.log.segment.size.max = 1048576 (custom)
2019-10-18 14:01:22,676 [pool-32-thread-1] INFO  server.RaftServerConfigKeys (ConfUtils.java:logGet(43)) - raft.server.log.segment.cache.num.max = 2 (custom)
2019-10-18 14:01:22,676 [pool-32-thread-1] INFO  segmented.SegmentedRaftLogWorker (SegmentedRaftLogWorker.java:<init>(173)) - new 6cbfae60-ea29-4abc-a49d-ef94f4bd513a@group-E261555C8304-SegmentedRaftLogWorker for RaftStorage:Storage Directory /workdir/hadoop-ozone/integration-test/target/test-dir/MiniOzoneClusterImpl-2e865a06-22ad-4131-aa5d-0933f5b7f962/datanode-0/data/ratis/49294995-ec4c-4218-a5c5-e261555c8304
2019-10-18 14:01:22,676 [pool-32-thread-1] INFO  server.RaftServerConfigKeys (ConfUtils.java:logGet(43)) - raft.server.log.queue.byte-limit = 2147483647 (custom)
2019-10-18 14:01:22,677 [pool-32-thread-1] INFO  server.RaftServerConfigKeys (ConfUtils.java:logGet(43)) - raft.server.log.queue.element-limit = 1024 (custom)
2019-10-18 14:01:22,677 [pool-32-thread-1] INFO  server.RaftServerConfigKeys (ConfUtils.java:logGet(43)) - raft.server.log.segment.size.max = 1048576 (custom)
2019-10-18 14:01:22,677 [pool-32-thread-1] INFO  server.RaftServerConfigKeys (ConfUtils.java:logGet(43)) - raft.server.log.preallocated.size = 16384 (custom)
2019-10-18 14:01:22,677 [pool-32-thread-1] INFO  server.RaftServerConfigKeys (ConfUtils.java:logGet(43)) - raft.server.log.write.buffer.size = 33554432 (custom)
2019-10-18 14:01:22,677 [pool-32-thread-1] INFO  server.RaftServerConfigKeys (ConfUtils.java:logGet(43)) - raft.server.log.force.sync.num = 128 (default)
2019-10-18 14:01:22,678 [pool-32-thread-1] INFO  server.RaftServerConfigKeys (ConfUtils.java:logGet(43)) - raft.server.log.statemachine.data.sync = true (default)
2019-10-18 14:01:22,678 [pool-32-thread-1] INFO  server.RaftServerConfigKeys (ConfUtils.java:logGet(43)) - raft.server.log.statemachine.data.sync.timeout = 10s (default)
2019-10-18 14:01:22,678 [pool-32-thread-1] INFO  server.RaftServerConfigKeys (ConfUtils.java:logGet(43)) - raft.server.log.statemachine.data.sync.timeout.retry = -1 (default)
2019-10-18 14:01:22,679 [pool-32-thread-1] INFO  server.RaftServerConfigKeys (ConfUtils.java:logGet(43)) - raft.server.log.statemachine.data.caching.enabled = true (custom)
2019-10-18 14:01:22,680 [pool-32-thread-1] INFO  segmented.SegmentedRaftLogWorker (SegmentedRaftLogWorker.java:lambda$new$0(128)) - 6cbfae60-ea29-4abc-a49d-ef94f4bd513a@group-E261555C8304-SegmentedRaftLogWorker: flushIndex: setUnconditionally 0 -> -1
2019-10-18 14:01:22,680 [pool-32-thread-1] INFO  server.RaftServerConfigKeys (ConfUtils.java:logGet(43)) - raft.server.snapshot.auto.trigger.enabled = true (custom)
2019-10-18 14:01:22,681 [pool-32-thread-1] INFO  server.RaftServerConfigKeys (ConfUtils.java:logGet(43)) - raft.server.snapshot.auto.trigger.threshold = 10000 (custom)
2019-10-18 14:01:22,681 [pool-32-thread-1] INFO  server.RaftServerConfigKeys (ConfUtils.java:logGet(43)) - raft.server.snapshot.retention.file.num = 5 (custom)
2019-10-18 14:01:22,681 [pool-32-thread-1] INFO  server.RaftServerConfigKeys (ConfUtils.java:logGet(43)) - raft.server.retrycache.expirytime = 600000ms (custom)
2019-10-18 14:01:22,690 [pool-32-thread-1] INFO  impl.RaftServerImpl (RaftServerImpl.java:start(195)) - 6cbfae60-ea29-4abc-a49d-ef94f4bd513a@group-E261555C8304: start as a follower, conf=-1: [6cbfae60-ea29-4abc-a49d-ef94f4bd513a:192.168.69.85:36685], old=null
2019-10-18 14:01:22,690 [pool-32-thread-1] INFO  impl.RaftServerImpl (RaftServerImpl.java:setRole(184)) - 6cbfae60-ea29-4abc-a49d-ef94f4bd513a@group-E261555C8304: changes role from      null to FOLLOWER at term 0 for startAsFollower
2019-10-18 14:01:22,690 [pool-32-thread-1] INFO  impl.RoleInfo (RoleInfo.java:updateAndGet(143)) - 6cbfae60-ea29-4abc-a49d-ef94f4bd513a: start FollowerState
2019-10-18 14:01:22,691 [pool-32-thread-1] INFO  util.JmxRegister (JmxRegister.java:tryRegister(44)) - Successfully registered JMX Bean with object name Ratis:service=RaftServer,group=group-E261555C8304,id=6cbfae60-ea29-4abc-a49d-ef94f4bd513a
2019-10-18 14:01:22,753 [RatisPipelineUtilsThread] INFO  pipeline.PipelineStateManager (PipelineStateManager.java:addPipeline(56)) - Created pipeline Pipeline[ Id: 49294995-ec4c-4218-a5c5-e261555c8304, Nodes: 6cbfae60-ea29-4abc-a49d-ef94f4bd513a{ip: 192.168.69.85, host: pr-hdds-2292-qcvbb-3996421426, networkLocation: /rack1, certSerialId: null}, Type:RATIS, Factor:ONE, State:OPEN]
2019-10-18 14:01:22,769 [grpc-default-executor-0] INFO  impl.RaftServerProxy (RaftServerProxy.java:addNew(89)) - 66f9d00c-1e97-4252-958c-bed5a531abda: addNew group-19029215DF2B:[66f9d00c-1e97-4252-958c-bed5a531abda:192.168.69.85:45996] returns group-19029215DF2B:java.util.concurrent.CompletableFuture@3be38eaa[Not completed]
2019-10-18 14:01:22,778 [pool-52-thread-1] INFO  impl.RaftServerImpl (RaftServerImpl.java:<init>(104)) - 66f9d00c-1e97-4252-958c-bed5a531abda: new RaftServerImpl for group-19029215DF2B:[66f9d00c-1e97-4252-958c-bed5a531abda:192.168.69.85:45996] with ContainerStateMachine:uninitialized
2019-10-18 14:01:22,779 [pool-52-thread-1] INFO  server.RaftServerConfigKeys (ConfUtils.java:logGet(43)) - raft.server.rpc.timeout.min = 5s (custom)
2019-10-18 14:01:22,779 [pool-52-thread-1] INFO  server.RaftServerConfigKeys (ConfUtils.java:logGet(43)) - raft.server.rpc.timeout.max = 5200ms (custom)
2019-10-18 14:01:22,779 [pool-52-thread-1] INFO  server.RaftServerConfigKeys (ConfUtils.java:logGet(43)) - raft.server.rpcslowness.timeout = 120s (custom)
2019-10-18 14:01:22,779 [pool-52-thread-1] INFO  server.RaftServerConfigKeys (ConfUtils.java:logGet(43)) - raft.server.sleep.deviation.threshold = 300 (default)
2019-10-18 14:01:22,780 [pool-52-thread-1] INFO  server.RaftServerConfigKeys (ConfUtils.java:logGet(43)) - raft.server.log.appender.install.snapshot.enabled = false (custom)
2019-10-18 14:01:22,780 [pool-52-thread-1] INFO  impl.RaftServerImpl (ServerState.java:<init>(103)) - 66f9d00c-1e97-4252-958c-bed5a531abda@group-19029215DF2B: ConfigurationManager, init=-1: [66f9d00c-1e97-4252-958c-bed5a531abda:192.168.69.85:45996], old=null, confs=<EMPTY_MAP>
2019-10-18 14:01:22,780 [pool-52-thread-1] INFO  server.RaftServerConfigKeys (ConfUtils.java:logGet(43)) - raft.server.storage.dir = [/workdir/hadoop-ozone/integration-test/target/test-dir/MiniOzoneClusterImpl-2e865a06-22ad-4131-aa5d-0933f5b7f962/datanode-2/data/ratis] (custom)
2019-10-18 14:01:22,780 [pool-52-thread-1] INFO  server.RaftServerConfigKeys (ConfUtils.java:logGet(43)) - raft.server.log.corruption.policy = EXCEPTION (default)
2019-10-18 14:01:22,780 [pool-52-thread-1] INFO  storage.RaftStorageDirectory (RaftStorageDirectory.java:analyzeStorage(246)) - The storage directory /workdir/hadoop-ozone/integration-test/target/test-dir/MiniOzoneClusterImpl-2e865a06-22ad-4131-aa5d-0933f5b7f962/datanode-2/data/ratis/ca2c3fa8-862e-470a-b00d-19029215df2b does not exist. Creating ...
2019-10-18 14:01:22,795 [pool-52-thread-1] INFO  storage.RaftStorageDirectory (RaftStorageDirectory.java:tryLock(328)) - Lock on /workdir/hadoop-ozone/integration-test/target/test-dir/MiniOzoneClusterImpl-2e865a06-22ad-4131-aa5d-0933f5b7f962/datanode-2/data/ratis/ca2c3fa8-862e-470a-b00d-19029215df2b/in_use.lock acquired by nodename 24298@pr-hdds-2292-qcvbb-3996421426
2019-10-18 14:01:22,810 [pool-52-thread-1] INFO  storage.RaftStorage (RaftStorage.java:format(84)) - Storage directory /workdir/hadoop-ozone/integration-test/target/test-dir/MiniOzoneClusterImpl-2e865a06-22ad-4131-aa5d-0933f5b7f962/datanode-2/data/ratis/ca2c3fa8-862e-470a-b00d-19029215df2b has been successfully formatted.
2019-10-18 14:01:22,811 [pool-52-thread-1] INFO  ratis.ContainerStateMachine (ContainerStateMachine.java:loadSnapshot(231)) - group-19029215DF2B: The snapshot info is null. Setting the last applied indexto:(t:0, i:~)
2019-10-18 14:01:22,811 [pool-52-thread-1] INFO  server.RaftServerConfigKeys (ConfUtils.java:logGet(43)) - raft.server.notification.no-leader.timeout = 120s (custom)
2019-10-18 14:01:22,812 [pool-52-thread-1] INFO  server.RaftServerConfigKeys (ConfUtils.java:logGet(43)) - raft.server.log.use.memory = false (default)
2019-10-18 14:01:22,812 [pool-52-thread-1] INFO  server.RaftServerConfigKeys (ConfUtils.java:logGet(43)) - raft.server.log.purge.gap = 1000000 (custom)
2019-10-18 14:01:22,812 [pool-52-thread-1] INFO  server.RaftServerConfigKeys (ConfUtils.java:logGet(43)) - raft.server.log.appender.buffer.byte-limit = 33554432 (custom)
2019-10-18 14:01:22,812 [pool-52-thread-1] INFO  server.RaftServerConfigKeys (ConfUtils.java:logGet(43)) - raft.server.log.segment.size.max = 1048576 (custom)
2019-10-18 14:01:22,815 [pool-52-thread-1] INFO  server.RaftServerConfigKeys (ConfUtils.java:logGet(43)) - raft.server.log.segment.cache.num.max = 2 (custom)
2019-10-18 14:01:22,815 [pool-52-thread-1] INFO  segmented.SegmentedRaftLogWorker (SegmentedRaftLogWorker.java:<init>(173)) - new 66f9d00c-1e97-4252-958c-bed5a531abda@group-19029215DF2B-SegmentedRaftLogWorker for RaftStorage:Storage Directory /workdir/hadoop-ozone/integration-test/target/test-dir/MiniOzoneClusterImpl-2e865a06-22ad-4131-aa5d-0933f5b7f962/datanode-2/data/ratis/ca2c3fa8-862e-470a-b00d-19029215df2b
2019-10-18 14:01:22,815 [pool-52-thread-1] INFO  server.RaftServerConfigKeys (ConfUtils.java:logGet(43)) - raft.server.log.queue.byte-limit = 2147483647 (custom)
2019-10-18 14:01:22,816 [pool-52-thread-1] INFO  server.RaftServerConfigKeys (ConfUtils.java:logGet(43)) - raft.server.log.queue.element-limit = 1024 (custom)
2019-10-18 14:01:22,816 [pool-52-thread-1] INFO  server.RaftServerConfigKeys (ConfUtils.java:logGet(43)) - raft.server.log.segment.size.max = 1048576 (custom)
2019-10-18 14:01:22,816 [pool-52-thread-1] INFO  server.RaftServerConfigKeys (ConfUtils.java:logGet(43)) - raft.server.log.preallocated.size = 16384 (custom)
2019-10-18 14:01:22,816 [pool-52-thread-1] INFO  server.RaftServerConfigKeys (ConfUtils.java:logGet(43)) - raft.server.log.write.buffer.size = 33554432 (custom)
2019-10-18 14:01:22,816 [pool-52-thread-1] INFO  server.RaftServerConfigKeys (ConfUtils.java:logGet(43)) - raft.server.log.force.sync.num = 128 (default)
2019-10-18 14:01:22,816 [pool-52-thread-1] INFO  server.RaftServerConfigKeys (ConfUtils.java:logGet(43)) - raft.server.log.statemachine.data.sync = true (default)
2019-10-18 14:01:22,816 [pool-52-thread-1] INFO  server.RaftServerConfigKeys (ConfUtils.java:logGet(43)) - raft.server.log.statemachine.data.sync.timeout = 10s (default)
2019-10-18 14:01:22,816 [pool-52-thread-1] INFO  server.RaftServerConfigKeys (ConfUtils.java:logGet(43)) - raft.server.log.statemachine.data.sync.timeout.retry = -1 (default)
2019-10-18 14:01:22,817 [pool-52-thread-1] INFO  server.RaftServerConfigKeys (ConfUtils.java:logGet(43)) - raft.server.log.statemachine.data.caching.enabled = true (custom)
2019-10-18 14:01:22,817 [pool-52-thread-1] INFO  segmented.SegmentedRaftLogWorker (SegmentedRaftLogWorker.java:lambda$new$0(128)) - 66f9d00c-1e97-4252-958c-bed5a531abda@group-19029215DF2B-SegmentedRaftLogWorker: flushIndex: setUnconditionally 0 -> -1
2019-10-18 14:01:22,818 [pool-52-thread-1] INFO  server.RaftServerConfigKeys (ConfUtils.java:logGet(43)) - raft.server.snapshot.auto.trigger.enabled = true (custom)
2019-10-18 14:01:22,818 [pool-52-thread-1] INFO  server.RaftServerConfigKeys (ConfUtils.java:logGet(43)) - raft.server.snapshot.auto.trigger.threshold = 10000 (custom)
2019-10-18 14:01:22,818 [pool-52-thread-1] INFO  server.RaftServerConfigKeys (ConfUtils.java:logGet(43)) - raft.server.snapshot.retention.file.num = 5 (custom)
2019-10-18 14:01:22,818 [pool-52-thread-1] INFO  server.RaftServerConfigKeys (ConfUtils.java:logGet(43)) - raft.server.retrycache.expirytime = 600000ms (custom)
2019-10-18 14:01:22,823 [pool-52-thread-1] INFO  impl.RaftServerImpl (RaftServerImpl.java:start(195)) - 66f9d00c-1e97-4252-958c-bed5a531abda@group-19029215DF2B: start as a follower, conf=-1: [66f9d00c-1e97-4252-958c-bed5a531abda:192.168.69.85:45996], old=null
2019-10-18 14:01:22,823 [pool-52-thread-1] INFO  impl.RaftServerImpl (RaftServerImpl.java:setRole(184)) - 66f9d00c-1e97-4252-958c-bed5a531abda@group-19029215DF2B: changes role from      null to FOLLOWER at term 0 for startAsFollower
2019-10-18 14:01:22,823 [pool-52-thread-1] INFO  impl.RoleInfo (RoleInfo.java:updateAndGet(143)) - 66f9d00c-1e97-4252-958c-bed5a531abda: start FollowerState
2019-10-18 14:01:22,824 [pool-52-thread-1] INFO  util.JmxRegister (JmxRegister.java:tryRegister(44)) - Successfully registered JMX Bean with object name Ratis:service=RaftServer,group=group-19029215DF2B,id=66f9d00c-1e97-4252-958c-bed5a531abda
2019-10-18 14:01:22,837 [RatisPipelineUtilsThread] INFO  pipeline.PipelineStateManager (PipelineStateManager.java:addPipeline(56)) - Created pipeline Pipeline[ Id: ca2c3fa8-862e-470a-b00d-19029215df2b, Nodes: 66f9d00c-1e97-4252-958c-bed5a531abda{ip: 192.168.69.85, host: pr-hdds-2292-qcvbb-3996421426, networkLocation: /rack1, certSerialId: null}, Type:RATIS, Factor:ONE, State:OPEN]
2019-10-18 14:01:22,851 [grpc-default-executor-0] INFO  impl.RaftServerProxy (RaftServerProxy.java:addNew(89)) - 92ce6e48-4722-407a-9620-5998c6999257: addNew group-F9EEB91A2B31:[92ce6e48-4722-407a-9620-5998c6999257:192.168.69.85:34971] returns group-F9EEB91A2B31:java.util.concurrent.CompletableFuture@71c58fb6[Not completed]
2019-10-18 14:01:22,854 [pool-42-thread-1] INFO  impl.RaftServerImpl (RaftServerImpl.java:<init>(104)) - 92ce6e48-4722-407a-9620-5998c6999257: new RaftServerImpl for group-F9EEB91A2B31:[92ce6e48-4722-407a-9620-5998c6999257:192.168.69.85:34971] with ContainerStateMachine:uninitialized
2019-10-18 14:01:22,856 [pool-42-thread-1] INFO  server.RaftServerConfigKeys (ConfUtils.java:logGet(43)) - raft.server.rpc.timeout.min = 5s (custom)
2019-10-18 14:01:22,857 [pool-42-thread-1] INFO  server.RaftServerConfigKeys (ConfUtils.java:logGet(43)) - raft.server.rpc.timeout.max = 5200ms (custom)
2019-10-18 14:01:22,857 [Thread-202] INFO  impl.FollowerState (FollowerState.java:run(108)) - 6cbfae60-ea29-4abc-a49d-ef94f4bd513a@group-E261555C8304-FollowerState: change to CANDIDATE, lastRpcTime:166ms, electionTimeout:166ms
2019-10-18 14:01:22,857 [pool-42-thread-1] INFO  server.RaftServerConfigKeys (ConfUtils.java:logGet(43)) - raft.server.rpcslowness.timeout = 120s (custom)
2019-10-18 14:01:22,858 [pool-42-thread-1] INFO  server.RaftServerConfigKeys (ConfUtils.java:logGet(43)) - raft.server.sleep.deviation.threshold = 300 (default)
2019-10-18 14:01:22,858 [Thread-202] INFO  impl.RoleInfo (RoleInfo.java:shutdownFollowerState(121)) - 6cbfae60-ea29-4abc-a49d-ef94f4bd513a: shutdown FollowerState
2019-10-18 14:01:22,858 [pool-42-thread-1] INFO  server.RaftServerConfigKeys (ConfUtils.java:logGet(43)) - raft.server.log.appender.install.snapshot.enabled = false (custom)
2019-10-18 14:01:22,858 [Thread-202] INFO  impl.RaftServerImpl (RaftServerImpl.java:setRole(184)) - 6cbfae60-ea29-4abc-a49d-ef94f4bd513a@group-E261555C8304: changes role from  FOLLOWER to CANDIDATE at term 0 for changeToCandidate
2019-10-18 14:01:22,858 [pool-42-thread-1] INFO  impl.RaftServerImpl (ServerState.java:<init>(103)) - 92ce6e48-4722-407a-9620-5998c6999257@group-F9EEB91A2B31: ConfigurationManager, init=-1: [92ce6e48-4722-407a-9620-5998c6999257:192.168.69.85:34971], old=null, confs=<EMPTY_MAP>
2019-10-18 14:01:22,859 [Thread-202] INFO  impl.RoleInfo (RoleInfo.java:updateAndGet(143)) - 6cbfae60-ea29-4abc-a49d-ef94f4bd513a: start LeaderElection
2019-10-18 14:01:22,859 [pool-42-thread-1] INFO  server.RaftServerConfigKeys (ConfUtils.java:logGet(43)) - raft.server.storage.dir = [/workdir/hadoop-ozone/integration-test/target/test-dir/MiniOzoneClusterImpl-2e865a06-22ad-4131-aa5d-0933f5b7f962/datanode-1/data/ratis] (custom)
2019-10-18 14:01:22,860 [pool-42-thread-1] INFO  server.RaftServerConfigKeys (ConfUtils.java:logGet(43)) - raft.server.log.corruption.policy = EXCEPTION (default)
2019-10-18 14:01:22,861 [pool-42-thread-1] INFO  storage.RaftStorageDirectory (RaftStorageDirectory.java:analyzeStorage(246)) - The storage directory /workdir/hadoop-ozone/integration-test/target/test-dir/MiniOzoneClusterImpl-2e865a06-22ad-4131-aa5d-0933f5b7f962/datanode-1/data/ratis/67d85e62-262b-4d4d-a1e7-f9eeb91a2b31 does not exist. Creating ...
2019-10-18 14:01:22,873 [pool-42-thread-1] INFO  storage.RaftStorageDirectory (RaftStorageDirectory.java:tryLock(328)) - Lock on /workdir/hadoop-ozone/integration-test/target/test-dir/MiniOzoneClusterImpl-2e865a06-22ad-4131-aa5d-0933f5b7f962/datanode-1/data/ratis/67d85e62-262b-4d4d-a1e7-f9eeb91a2b31/in_use.lock acquired by nodename 24298@pr-hdds-2292-qcvbb-3996421426
2019-10-18 14:01:22,873 [6cbfae60-ea29-4abc-a49d-ef94f4bd513a@group-E261555C8304-LeaderElection2] INFO  impl.LeaderElection (LeaderElection.java:askForVotes(178)) - 6cbfae60-ea29-4abc-a49d-ef94f4bd513a@group-E261555C8304-LeaderElection2: begin an election at term 1 for -1: [6cbfae60-ea29-4abc-a49d-ef94f4bd513a:192.168.69.85:36685], old=null
2019-10-18 14:01:22,874 [6cbfae60-ea29-4abc-a49d-ef94f4bd513a@group-E261555C8304-LeaderElection2] INFO  impl.RoleInfo (RoleInfo.java:shutdownLeaderElection(134)) - 6cbfae60-ea29-4abc-a49d-ef94f4bd513a: shutdown LeaderElection
2019-10-18 14:01:22,874 [6cbfae60-ea29-4abc-a49d-ef94f4bd513a@group-E261555C8304-LeaderElection2] INFO  impl.RaftServerImpl (RaftServerImpl.java:setRole(184)) - 6cbfae60-ea29-4abc-a49d-ef94f4bd513a@group-E261555C8304: changes role from CANDIDATE to LEADER at term 1 for changeToLeader
2019-10-18 14:01:22,874 [6cbfae60-ea29-4abc-a49d-ef94f4bd513a@group-E261555C8304-LeaderElection2] INFO  impl.RaftServerImpl (ServerState.java:setLeader(256)) - 6cbfae60-ea29-4abc-a49d-ef94f4bd513a@group-E261555C8304: change Leader from null to 6cbfae60-ea29-4abc-a49d-ef94f4bd513a at term 1 for becomeLeader, leader elected after 206ms
2019-10-18 14:01:22,875 [6cbfae60-ea29-4abc-a49d-ef94f4bd513a@group-E261555C8304-LeaderElection2] INFO  server.RaftServerConfigKeys (ConfUtils.java:logGet(43)) - raft.server.staging.catchup.gap = 1000 (default)
2019-10-18 14:01:22,875 [6cbfae60-ea29-4abc-a49d-ef94f4bd513a@group-E261555C8304-LeaderElection2] INFO  server.RaftServerConfigKeys (ConfUtils.java:logGet(43)) - raft.server.rpc.sleep.time = 25ms (default)
2019-10-18 14:01:22,875 [6cbfae60-ea29-4abc-a49d-ef94f4bd513a@group-E261555C8304-LeaderElection2] INFO  server.RaftServerConfigKeys (ConfUtils.java:logGet(43)) - raft.server.write.element-limit = 4096 (default)
2019-10-18 14:01:22,875 [6cbfae60-ea29-4abc-a49d-ef94f4bd513a@group-E261555C8304-LeaderElection2] INFO  server.RaftServerConfigKeys (ConfUtils.java:logGet(43)) - raft.server.watch.timeout = 10s (default)
2019-10-18 14:01:22,875 [6cbfae60-ea29-4abc-a49d-ef94f4bd513a@group-E261555C8304-LeaderElection2] INFO  server.RaftServerConfigKeys (ConfUtils.java:logGet(43)) - raft.server.watch.timeout.denomination = 1s (default)
2019-10-18 14:01:22,876 [6cbfae60-ea29-4abc-a49d-ef94f4bd513a@group-E261555C8304-LeaderElection2] INFO  server.RaftServerConfigKeys (ConfUtils.java:logGet(43)) - raft.server.watch.element-limit = 65536 (default)
2019-10-18 14:01:22,878 [6cbfae60-ea29-4abc-a49d-ef94f4bd513a@group-E261555C8304-LeaderElection2] INFO  impl.RoleInfo (RoleInfo.java:updateAndGet(143)) - 6cbfae60-ea29-4abc-a49d-ef94f4bd513a: start LeaderState
2019-10-18 14:01:22,879 [6cbfae60-ea29-4abc-a49d-ef94f4bd513a@group-E261555C8304-LeaderElection2] INFO  segmented.SegmentedRaftLogWorker (SegmentedRaftLogWorker.java:startLogSegment(385)) - 6cbfae60-ea29-4abc-a49d-ef94f4bd513a@group-E261555C8304-SegmentedRaftLogWorker: Starting segment from index:0
2019-10-18 14:01:22,879 [6cbfae60-ea29-4abc-a49d-ef94f4bd513a@group-E261555C8304-LeaderElection2] INFO  impl.RaftServerImpl (ServerState.java:setRaftConf(357)) - 6cbfae60-ea29-4abc-a49d-ef94f4bd513a@group-E261555C8304: set configuration 0: [6cbfae60-ea29-4abc-a49d-ef94f4bd513a:192.168.69.85:36685], old=null at 0
2019-10-18 14:01:22,887 [pool-42-thread-1] INFO  storage.RaftStorage (RaftStorage.java:format(84)) - Storage directory /workdir/hadoop-ozone/integration-test/target/test-dir/MiniOzoneClusterImpl-2e865a06-22ad-4131-aa5d-0933f5b7f962/datanode-1/data/ratis/67d85e62-262b-4d4d-a1e7-f9eeb91a2b31 has been successfully formatted.
2019-10-18 14:01:22,888 [pool-42-thread-1] INFO  ratis.ContainerStateMachine (ContainerStateMachine.java:loadSnapshot(231)) - group-F9EEB91A2B31: The snapshot info is null. Setting the last applied indexto:(t:0, i:~)
2019-10-18 14:01:22,888 [pool-42-thread-1] INFO  server.RaftServerConfigKeys (ConfUtils.java:logGet(43)) - raft.server.notification.no-leader.timeout = 120s (custom)
2019-10-18 14:01:22,888 [pool-42-thread-1] INFO  server.RaftServerConfigKeys (ConfUtils.java:logGet(43)) - raft.server.log.use.memory = false (default)
2019-10-18 14:01:22,888 [pool-42-thread-1] INFO  server.RaftServerConfigKeys (ConfUtils.java:logGet(43)) - raft.server.log.purge.gap = 1000000 (custom)
2019-10-18 14:01:22,888 [pool-42-thread-1] INFO  server.RaftServerConfigKeys (ConfUtils.java:logGet(43)) - raft.server.log.appender.buffer.byte-limit = 33554432 (custom)
2019-10-18 14:01:22,889 [pool-42-thread-1] INFO  server.RaftServerConfigKeys (ConfUtils.java:logGet(43)) - raft.server.log.segment.size.max = 1048576 (custom)
2019-10-18 14:01:22,891 [pool-42-thread-1] INFO  server.RaftServerConfigKeys (ConfUtils.java:logGet(43)) - raft.server.log.segment.cache.num.max = 2 (custom)
2019-10-18 14:01:22,891 [pool-42-thread-1] INFO  segmented.SegmentedRaftLogWorker (SegmentedRaftLogWorker.java:<init>(173)) - new 92ce6e48-4722-407a-9620-5998c6999257@group-F9EEB91A2B31-SegmentedRaftLogWorker for RaftStorage:Storage Directory /workdir/hadoop-ozone/integration-test/target/test-dir/MiniOzoneClusterImpl-2e865a06-22ad-4131-aa5d-0933f5b7f962/datanode-1/data/ratis/67d85e62-262b-4d4d-a1e7-f9eeb91a2b31
2019-10-18 14:01:22,891 [pool-42-thread-1] INFO  server.RaftServerConfigKeys (ConfUtils.java:logGet(43)) - raft.server.log.queue.byte-limit = 2147483647 (custom)
2019-10-18 14:01:22,892 [pool-42-thread-1] INFO  server.RaftServerConfigKeys (ConfUtils.java:logGet(43)) - raft.server.log.queue.element-limit = 1024 (custom)
2019-10-18 14:01:22,892 [pool-42-thread-1] INFO  server.RaftServerConfigKeys (ConfUtils.java:logGet(43)) - raft.server.log.segment.size.max = 1048576 (custom)
2019-10-18 14:01:22,892 [pool-42-thread-1] INFO  server.RaftServerConfigKeys (ConfUtils.java:logGet(43)) - raft.server.log.preallocated.size = 16384 (custom)
2019-10-18 14:01:22,892 [pool-42-thread-1] INFO  server.RaftServerConfigKeys (ConfUtils.java:logGet(43)) - raft.server.log.write.buffer.size = 33554432 (custom)
2019-10-18 14:01:22,892 [pool-42-thread-1] INFO  server.RaftServerConfigKeys (ConfUtils.java:logGet(43)) - raft.server.log.force.sync.num = 128 (default)
2019-10-18 14:01:22,892 [pool-42-thread-1] INFO  server.RaftServerConfigKeys (ConfUtils.java:logGet(43)) - raft.server.log.statemachine.data.sync = true (default)
2019-10-18 14:01:22,892 [pool-42-thread-1] INFO  server.RaftServerConfigKeys (ConfUtils.java:logGet(43)) - raft.server.log.statemachine.data.sync.timeout = 10s (default)
2019-10-18 14:01:22,893 [pool-42-thread-1] INFO  server.RaftServerConfigKeys (ConfUtils.java:logGet(43)) - raft.server.log.statemachine.data.sync.timeout.retry = -1 (default)
2019-10-18 14:01:22,893 [pool-42-thread-1] INFO  server.RaftServerConfigKeys (ConfUtils.java:logGet(43)) - raft.server.log.statemachine.data.caching.enabled = true (custom)
2019-10-18 14:01:22,894 [pool-42-thread-1] INFO  segmented.SegmentedRaftLogWorker (SegmentedRaftLogWorker.java:lambda$new$0(128)) - 92ce6e48-4722-407a-9620-5998c6999257@group-F9EEB91A2B31-SegmentedRaftLogWorker: flushIndex: setUnconditionally 0 -> -1
2019-10-18 14:01:22,894 [pool-42-thread-1] INFO  server.RaftServerConfigKeys (ConfUtils.java:logGet(43)) - raft.server.snapshot.auto.trigger.enabled = true (custom)
2019-10-18 14:01:22,894 [pool-42-thread-1] INFO  server.RaftServerConfigKeys (ConfUtils.java:logGet(43)) - raft.server.snapshot.auto.trigger.threshold = 10000 (custom)
2019-10-18 14:01:22,894 [pool-42-thread-1] INFO  server.RaftServerConfigKeys (ConfUtils.java:logGet(43)) - raft.server.snapshot.retention.file.num = 5 (custom)
2019-10-18 14:01:22,894 [pool-42-thread-1] INFO  server.RaftServerConfigKeys (ConfUtils.java:logGet(43)) - raft.server.retrycache.expirytime = 600000ms (custom)
2019-10-18 14:01:22,899 [pool-42-thread-1] INFO  impl.RaftServerImpl (RaftServerImpl.java:start(195)) - 92ce6e48-4722-407a-9620-5998c6999257@group-F9EEB91A2B31: start as a follower, conf=-1: [92ce6e48-4722-407a-9620-5998c6999257:192.168.69.85:34971], old=null
2019-10-18 14:01:22,899 [pool-42-thread-1] INFO  impl.RaftServerImpl (RaftServerImpl.java:setRole(184)) - 92ce6e48-4722-407a-9620-5998c6999257@group-F9EEB91A2B31: changes role from      null to FOLLOWER at term 0 for startAsFollower
2019-10-18 14:01:22,899 [pool-42-thread-1] INFO  impl.RoleInfo (RoleInfo.java:updateAndGet(143)) - 92ce6e48-4722-407a-9620-5998c6999257: start FollowerState
2019-10-18 14:01:22,900 [pool-42-thread-1] INFO  util.JmxRegister (JmxRegister.java:tryRegister(44)) - Successfully registered JMX Bean with object name Ratis:service=RaftServer,group=group-F9EEB91A2B31,id=92ce6e48-4722-407a-9620-5998c6999257
2019-10-18 14:01:22,915 [RatisPipelineUtilsThread] INFO  pipeline.PipelineStateManager (PipelineStateManager.java:addPipeline(56)) - Created pipeline Pipeline[ Id: 67d85e62-262b-4d4d-a1e7-f9eeb91a2b31, Nodes: 92ce6e48-4722-407a-9620-5998c6999257{ip: 192.168.69.85, host: pr-hdds-2292-qcvbb-3996421426, networkLocation: /rack1, certSerialId: null}, Type:RATIS, Factor:ONE, State:OPEN]
2019-10-18 14:01:22,930 [grpc-default-executor-0] INFO  impl.RaftServerProxy (RaftServerProxy.java:addNew(89)) - dfc7a80c-cbee-485b-8c95-9eb9c070cdae: addNew group-D9ACC5F4111D:[dfc7a80c-cbee-485b-8c95-9eb9c070cdae:192.168.69.85:41118] returns group-D9ACC5F4111D:java.util.concurrent.CompletableFuture@5f184cf3[Not completed]
2019-10-18 14:01:22,932 [pool-62-thread-1] INFO  impl.RaftServerImpl (RaftServerImpl.java:<init>(104)) - dfc7a80c-cbee-485b-8c95-9eb9c070cdae: new RaftServerImpl for group-D9ACC5F4111D:[dfc7a80c-cbee-485b-8c95-9eb9c070cdae:192.168.69.85:41118] with ContainerStateMachine:uninitialized
2019-10-18 14:01:22,932 [pool-62-thread-1] INFO  server.RaftServerConfigKeys (ConfUtils.java:logGet(43)) - raft.server.rpc.timeout.min = 5s (custom)
2019-10-18 14:01:22,932 [pool-62-thread-1] INFO  server.RaftServerConfigKeys (ConfUtils.java:logGet(43)) - raft.server.rpc.timeout.max = 5200ms (custom)
2019-10-18 14:01:22,932 [pool-62-thread-1] INFO  server.RaftServerConfigKeys (ConfUtils.java:logGet(43)) - raft.server.rpcslowness.timeout = 120s (custom)
2019-10-18 14:01:22,932 [pool-62-thread-1] INFO  server.RaftServerConfigKeys (ConfUtils.java:logGet(43)) - raft.server.sleep.deviation.threshold = 300 (default)
2019-10-18 14:01:22,933 [pool-62-thread-1] INFO  server.RaftServerConfigKeys (ConfUtils.java:logGet(43)) - raft.server.log.appender.install.snapshot.enabled = false (custom)
2019-10-18 14:01:22,933 [pool-62-thread-1] INFO  impl.RaftServerImpl (ServerState.java:<init>(103)) - dfc7a80c-cbee-485b-8c95-9eb9c070cdae@group-D9ACC5F4111D: ConfigurationManager, init=-1: [dfc7a80c-cbee-485b-8c95-9eb9c070cdae:192.168.69.85:41118], old=null, confs=<EMPTY_MAP>
2019-10-18 14:01:22,933 [pool-62-thread-1] INFO  server.RaftServerConfigKeys (ConfUtils.java:logGet(43)) - raft.server.storage.dir = [/workdir/hadoop-ozone/integration-test/target/test-dir/MiniOzoneClusterImpl-2e865a06-22ad-4131-aa5d-0933f5b7f962/datanode-3/data/ratis] (custom)
2019-10-18 14:01:22,933 [pool-62-thread-1] INFO  server.RaftServerConfigKeys (ConfUtils.java:logGet(43)) - raft.server.log.corruption.policy = EXCEPTION (default)
2019-10-18 14:01:22,934 [pool-62-thread-1] INFO  storage.RaftStorageDirectory (RaftStorageDirectory.java:analyzeStorage(246)) - The storage directory /workdir/hadoop-ozone/integration-test/target/test-dir/MiniOzoneClusterImpl-2e865a06-22ad-4131-aa5d-0933f5b7f962/datanode-3/data/ratis/cdde5535-7676-4985-bad2-d9acc5f4111d does not exist. Creating ...
2019-10-18 14:01:22,939 [Thread-210] INFO  impl.FollowerState (FollowerState.java:run(108)) - 92ce6e48-4722-407a-9620-5998c6999257@group-F9EEB91A2B31-FollowerState: change to CANDIDATE, lastRpcTime:39ms, electionTimeout:39ms
2019-10-18 14:01:22,939 [Thread-210] INFO  impl.RoleInfo (RoleInfo.java:shutdownFollowerState(121)) - 92ce6e48-4722-407a-9620-5998c6999257: shutdown FollowerState
2019-10-18 14:01:22,939 [Thread-210] INFO  impl.RaftServerImpl (RaftServerImpl.java:setRole(184)) - 92ce6e48-4722-407a-9620-5998c6999257@group-F9EEB91A2B31: changes role from  FOLLOWER to CANDIDATE at term 0 for changeToCandidate
2019-10-18 14:01:22,939 [Thread-210] INFO  impl.RoleInfo (RoleInfo.java:updateAndGet(143)) - 92ce6e48-4722-407a-9620-5998c6999257: start LeaderElection
2019-10-18 14:01:22,944 [6cbfae60-ea29-4abc-a49d-ef94f4bd513a@group-E261555C8304-SegmentedRaftLogWorker] INFO  segmented.SegmentedRaftLogWorker (SegmentedRaftLogWorker.java:execute(576)) - 6cbfae60-ea29-4abc-a49d-ef94f4bd513a@group-E261555C8304-SegmentedRaftLogWorker: created new log segment /workdir/hadoop-ozone/integration-test/target/test-dir/MiniOzoneClusterImpl-2e865a06-22ad-4131-aa5d-0933f5b7f962/datanode-0/data/ratis/49294995-ec4c-4218-a5c5-e261555c8304/current/log_inprogress_0
2019-10-18 14:01:22,946 [pool-62-thread-1] INFO  storage.RaftStorageDirectory (RaftStorageDirectory.java:tryLock(328)) - Lock on /workdir/hadoop-ozone/integration-test/target/test-dir/MiniOzoneClusterImpl-2e865a06-22ad-4131-aa5d-0933f5b7f962/datanode-3/data/ratis/cdde5535-7676-4985-bad2-d9acc5f4111d/in_use.lock acquired by nodename 24298@pr-hdds-2292-qcvbb-3996421426
2019-10-18 14:01:22,946 [92ce6e48-4722-407a-9620-5998c6999257@group-F9EEB91A2B31-LeaderElection3] INFO  impl.LeaderElection (LeaderElection.java:askForVotes(178)) - 92ce6e48-4722-407a-9620-5998c6999257@group-F9EEB91A2B31-LeaderElection3: begin an election at term 1 for -1: [92ce6e48-4722-407a-9620-5998c6999257:192.168.69.85:34971], old=null
2019-10-18 14:01:22,946 [92ce6e48-4722-407a-9620-5998c6999257@group-F9EEB91A2B31-LeaderElection3] INFO  impl.RoleInfo (RoleInfo.java:shutdownLeaderElection(134)) - 92ce6e48-4722-407a-9620-5998c6999257: shutdown LeaderElection
2019-10-18 14:01:22,946 [92ce6e48-4722-407a-9620-5998c6999257@group-F9EEB91A2B31-LeaderElection3] INFO  impl.RaftServerImpl (RaftServerImpl.java:setRole(184)) - 92ce6e48-4722-407a-9620-5998c6999257@group-F9EEB91A2B31: changes role from CANDIDATE to LEADER at term 1 for changeToLeader
2019-10-18 14:01:22,947 [92ce6e48-4722-407a-9620-5998c6999257@group-F9EEB91A2B31-LeaderElection3] INFO  impl.RaftServerImpl (ServerState.java:setLeader(256)) - 92ce6e48-4722-407a-9620-5998c6999257@group-F9EEB91A2B31: change Leader from null to 92ce6e48-4722-407a-9620-5998c6999257 at term 1 for becomeLeader, leader elected after 58ms
2019-10-18 14:01:22,947 [92ce6e48-4722-407a-9620-5998c6999257@group-F9EEB91A2B31-LeaderElection3] INFO  server.RaftServerConfigKeys (ConfUtils.java:logGet(43)) - raft.server.staging.catchup.gap = 1000 (default)
2019-10-18 14:01:22,948 [92ce6e48-4722-407a-9620-5998c6999257@group-F9EEB91A2B31-LeaderElection3] INFO  server.RaftServerConfigKeys (ConfUtils.java:logGet(43)) - raft.server.rpc.sleep.time = 25ms (default)
2019-10-18 14:01:22,948 [92ce6e48-4722-407a-9620-5998c6999257@group-F9EEB91A2B31-LeaderElection3] INFO  server.RaftServerConfigKeys (ConfUtils.java:logGet(43)) - raft.server.write.element-limit = 4096 (default)
2019-10-18 14:01:22,948 [92ce6e48-4722-407a-9620-5998c6999257@group-F9EEB91A2B31-LeaderElection3] INFO  server.RaftServerConfigKeys (ConfUtils.java:logGet(43)) - raft.server.watch.timeout = 10s (default)
2019-10-18 14:01:22,948 [92ce6e48-4722-407a-9620-5998c6999257@group-F9EEB91A2B31-LeaderElection3] INFO  server.RaftServerConfigKeys (ConfUtils.java:logGet(43)) - raft.server.watch.timeout.denomination = 1s (default)
2019-10-18 14:01:22,949 [92ce6e48-4722-407a-9620-5998c6999257@group-F9EEB91A2B31-LeaderElection3] INFO  server.RaftServerConfigKeys (ConfUtils.java:logGet(43)) - raft.server.watch.element-limit = 65536 (default)
2019-10-18 14:01:22,949 [pool-62-thread-1] INFO  storage.RaftStorage (RaftStorage.java:format(84)) - Storage directory /workdir/hadoop-ozone/integration-test/target/test-dir/MiniOzoneClusterImpl-2e865a06-22ad-4131-aa5d-0933f5b7f962/datanode-3/data/ratis/cdde5535-7676-4985-bad2-d9acc5f4111d has been successfully formatted.
2019-10-18 14:01:22,949 [pool-62-thread-1] INFO  ratis.ContainerStateMachine (ContainerStateMachine.java:loadSnapshot(231)) - group-D9ACC5F4111D: The snapshot info is null. Setting the last applied indexto:(t:0, i:~)
2019-10-18 14:01:22,950 [pool-62-thread-1] INFO  server.RaftServerConfigKeys (ConfUtils.java:logGet(43)) - raft.server.notification.no-leader.timeout = 120s (custom)
2019-10-18 14:01:22,950 [pool-62-thread-1] INFO  server.RaftServerConfigKeys (ConfUtils.java:logGet(43)) - raft.server.log.use.memory = false (default)
2019-10-18 14:01:22,950 [pool-62-thread-1] INFO  server.RaftServerConfigKeys (ConfUtils.java:logGet(43)) - raft.server.log.purge.gap = 1000000 (custom)
2019-10-18 14:01:22,950 [pool-62-thread-1] INFO  server.RaftServerConfigKeys (ConfUtils.java:logGet(43)) - raft.server.log.appender.buffer.byte-limit = 33554432 (custom)
2019-10-18 14:01:22,950 [pool-62-thread-1] INFO  server.RaftServerConfigKeys (ConfUtils.java:logGet(43)) - raft.server.log.segment.size.max = 1048576 (custom)
2019-10-18 14:01:22,952 [92ce6e48-4722-407a-9620-5998c6999257@group-F9EEB91A2B31-LeaderElection3] INFO  impl.RoleInfo (RoleInfo.java:updateAndGet(143)) - 92ce6e48-4722-407a-9620-5998c6999257: start LeaderState
2019-10-18 14:01:22,952 [92ce6e48-4722-407a-9620-5998c6999257@group-F9EEB91A2B31-LeaderElection3] INFO  segmented.SegmentedRaftLogWorker (SegmentedRaftLogWorker.java:startLogSegment(385)) - 92ce6e48-4722-407a-9620-5998c6999257@group-F9EEB91A2B31-SegmentedRaftLogWorker: Starting segment from index:0
2019-10-18 14:01:22,952 [pool-62-thread-1] INFO  server.RaftServerConfigKeys (ConfUtils.java:logGet(43)) - raft.server.log.segment.cache.num.max = 2 (custom)
2019-10-18 14:01:22,953 [pool-62-thread-1] INFO  segmented.SegmentedRaftLogWorker (SegmentedRaftLogWorker.java:<init>(173)) - new dfc7a80c-cbee-485b-8c95-9eb9c070cdae@group-D9ACC5F4111D-SegmentedRaftLogWorker for RaftStorage:Storage Directory /workdir/hadoop-ozone/integration-test/target/test-dir/MiniOzoneClusterImpl-2e865a06-22ad-4131-aa5d-0933f5b7f962/datanode-3/data/ratis/cdde5535-7676-4985-bad2-d9acc5f4111d
2019-10-18 14:01:22,953 [pool-62-thread-1] INFO  server.RaftServerConfigKeys (ConfUtils.java:logGet(43)) - raft.server.log.queue.byte-limit = 2147483647 (custom)
2019-10-18 14:01:22,953 [92ce6e48-4722-407a-9620-5998c6999257@group-F9EEB91A2B31-LeaderElection3] INFO  impl.RaftServerImpl (ServerState.java:setRaftConf(357)) - 92ce6e48-4722-407a-9620-5998c6999257@group-F9EEB91A2B31: set configuration 0: [92ce6e48-4722-407a-9620-5998c6999257:192.168.69.85:34971], old=null at 0
2019-10-18 14:01:22,953 [pool-62-thread-1] INFO  server.RaftServerConfigKeys (ConfUtils.java:logGet(43)) - raft.server.log.queue.element-limit = 1024 (custom)
2019-10-18 14:01:22,978 [pool-62-thread-1] INFO  server.RaftServerConfigKeys (ConfUtils.java:logGet(43)) - raft.server.log.segment.size.max = 1048576 (custom)
2019-10-18 14:01:22,978 [pool-62-thread-1] INFO  server.RaftServerConfigKeys (ConfUtils.java:logGet(43)) - raft.server.log.preallocated.size = 16384 (custom)
2019-10-18 14:01:22,978 [pool-62-thread-1] INFO  server.RaftServerConfigKeys (ConfUtils.java:logGet(43)) - raft.server.log.write.buffer.size = 33554432 (custom)
2019-10-18 14:01:22,978 [pool-62-thread-1] INFO  server.RaftServerConfigKeys (ConfUtils.java:logGet(43)) - raft.server.log.force.sync.num = 128 (default)
2019-10-18 14:01:22,978 [pool-62-thread-1] INFO  server.RaftServerConfigKeys (ConfUtils.java:logGet(43)) - raft.server.log.statemachine.data.sync = true (default)
2019-10-18 14:01:22,979 [pool-62-thread-1] INFO  server.RaftServerConfigKeys (ConfUtils.java:logGet(43)) - raft.server.log.statemachine.data.sync.timeout = 10s (default)
2019-10-18 14:01:22,979 [pool-62-thread-1] INFO  server.RaftServerConfigKeys (ConfUtils.java:logGet(43)) - raft.server.log.statemachine.data.sync.timeout.retry = -1 (default)
2019-10-18 14:01:22,979 [pool-62-thread-1] INFO  server.RaftServerConfigKeys (ConfUtils.java:logGet(43)) - raft.server.log.statemachine.data.caching.enabled = true (custom)
2019-10-18 14:01:22,979 [pool-62-thread-1] INFO  segmented.SegmentedRaftLogWorker (SegmentedRaftLogWorker.java:lambda$new$0(128)) - dfc7a80c-cbee-485b-8c95-9eb9c070cdae@group-D9ACC5F4111D-SegmentedRaftLogWorker: flushIndex: setUnconditionally 0 -> -1
2019-10-18 14:01:22,980 [pool-62-thread-1] INFO  server.RaftServerConfigKeys (ConfUtils.java:logGet(43)) - raft.server.snapshot.auto.trigger.enabled = true (custom)
2019-10-18 14:01:22,980 [pool-62-thread-1] INFO  server.RaftServerConfigKeys (ConfUtils.java:logGet(43)) - raft.server.snapshot.auto.trigger.threshold = 10000 (custom)
2019-10-18 14:01:22,980 [pool-62-thread-1] INFO  server.RaftServerConfigKeys (ConfUtils.java:logGet(43)) - raft.server.snapshot.retention.file.num = 5 (custom)
2019-10-18 14:01:22,980 [pool-62-thread-1] INFO  server.RaftServerConfigKeys (ConfUtils.java:logGet(43)) - raft.server.retrycache.expirytime = 600000ms (custom)
2019-10-18 14:01:22,984 [pool-62-thread-1] INFO  impl.RaftServerImpl (RaftServerImpl.java:start(195)) - dfc7a80c-cbee-485b-8c95-9eb9c070cdae@group-D9ACC5F4111D: start as a follower, conf=-1: [dfc7a80c-cbee-485b-8c95-9eb9c070cdae:192.168.69.85:41118], old=null
2019-10-18 14:01:22,984 [pool-62-thread-1] INFO  impl.RaftServerImpl (RaftServerImpl.java:setRole(184)) - dfc7a80c-cbee-485b-8c95-9eb9c070cdae@group-D9ACC5F4111D: changes role from      null to FOLLOWER at term 0 for startAsFollower
2019-10-18 14:01:22,984 [pool-62-thread-1] INFO  impl.RoleInfo (RoleInfo.java:updateAndGet(143)) - dfc7a80c-cbee-485b-8c95-9eb9c070cdae: start FollowerState
2019-10-18 14:01:22,985 [pool-62-thread-1] INFO  util.JmxRegister (JmxRegister.java:tryRegister(44)) - Successfully registered JMX Bean with object name Ratis:service=RaftServer,group=group-D9ACC5F4111D,id=dfc7a80c-cbee-485b-8c95-9eb9c070cdae
2019-10-18 14:01:22,994 [RatisPipelineUtilsThread] INFO  pipeline.PipelineStateManager (PipelineStateManager.java:addPipeline(56)) - Created pipeline Pipeline[ Id: cdde5535-7676-4985-bad2-d9acc5f4111d, Nodes: dfc7a80c-cbee-485b-8c95-9eb9c070cdae{ip: 192.168.69.85, host: pr-hdds-2292-qcvbb-3996421426, networkLocation: /rack1, certSerialId: null}, Type:RATIS, Factor:ONE, State:OPEN]
2019-10-18 14:01:22,996 [Thread-205] INFO  impl.FollowerState (FollowerState.java:run(108)) - 66f9d00c-1e97-4252-958c-bed5a531abda@group-19029215DF2B-FollowerState: change to CANDIDATE, lastRpcTime:172ms, electionTimeout:172ms
2019-10-18 14:01:22,996 [Thread-205] INFO  impl.RoleInfo (RoleInfo.java:shutdownFollowerState(121)) - 66f9d00c-1e97-4252-958c-bed5a531abda: shutdown FollowerState
2019-10-18 14:01:22,996 [Thread-205] INFO  impl.RaftServerImpl (RaftServerImpl.java:setRole(184)) - 66f9d00c-1e97-4252-958c-bed5a531abda@group-19029215DF2B: changes role from  FOLLOWER to CANDIDATE at term 0 for changeToCandidate
2019-10-18 14:01:22,996 [Thread-205] INFO  impl.RoleInfo (RoleInfo.java:updateAndGet(143)) - 66f9d00c-1e97-4252-958c-bed5a531abda: start LeaderElection
2019-10-18 14:01:23,002 [92ce6e48-4722-407a-9620-5998c6999257@group-F9EEB91A2B31-SegmentedRaftLogWorker] INFO  segmented.SegmentedRaftLogWorker (SegmentedRaftLogWorker.java:execute(576)) - 92ce6e48-4722-407a-9620-5998c6999257@group-F9EEB91A2B31-SegmentedRaftLogWorker: created new log segment /workdir/hadoop-ozone/integration-test/target/test-dir/MiniOzoneClusterImpl-2e865a06-22ad-4131-aa5d-0933f5b7f962/datanode-1/data/ratis/67d85e62-262b-4d4d-a1e7-f9eeb91a2b31/current/log_inprogress_0
2019-10-18 14:01:23,005 [66f9d00c-1e97-4252-958c-bed5a531abda@group-19029215DF2B-LeaderElection4] INFO  impl.LeaderElection (LeaderElection.java:askForVotes(178)) - 66f9d00c-1e97-4252-958c-bed5a531abda@group-19029215DF2B-LeaderElection4: begin an election at term 1 for -1: [66f9d00c-1e97-4252-958c-bed5a531abda:192.168.69.85:45996], old=null
2019-10-18 14:01:23,005 [66f9d00c-1e97-4252-958c-bed5a531abda@group-19029215DF2B-LeaderElection4] INFO  impl.RoleInfo (RoleInfo.java:shutdownLeaderElection(134)) - 66f9d00c-1e97-4252-958c-bed5a531abda: shutdown LeaderElection
2019-10-18 14:01:23,008 [66f9d00c-1e97-4252-958c-bed5a531abda@group-19029215DF2B-LeaderElection4] INFO  impl.RaftServerImpl (RaftServerImpl.java:setRole(184)) - 66f9d00c-1e97-4252-958c-bed5a531abda@group-19029215DF2B: changes role from CANDIDATE to LEADER at term 1 for changeToLeader
2019-10-18 14:01:23,008 [66f9d00c-1e97-4252-958c-bed5a531abda@group-19029215DF2B-LeaderElection4] INFO  impl.RaftServerImpl (ServerState.java:setLeader(256)) - 66f9d00c-1e97-4252-958c-bed5a531abda@group-19029215DF2B: change Leader from null to 66f9d00c-1e97-4252-958c-bed5a531abda at term 1 for becomeLeader, leader elected after 196ms
2019-10-18 14:01:23,009 [66f9d00c-1e97-4252-958c-bed5a531abda@group-19029215DF2B-LeaderElection4] INFO  server.RaftServerConfigKeys (ConfUtils.java:logGet(43)) - raft.server.staging.catchup.gap = 1000 (default)
2019-10-18 14:01:23,010 [66f9d00c-1e97-4252-958c-bed5a531abda@group-19029215DF2B-LeaderElection4] INFO  server.RaftServerConfigKeys (ConfUtils.java:logGet(43)) - raft.server.rpc.sleep.time = 25ms (default)
2019-10-18 14:01:23,010 [66f9d00c-1e97-4252-958c-bed5a531abda@group-19029215DF2B-LeaderElection4] INFO  server.RaftServerConfigKeys (ConfUtils.java:logGet(43)) - raft.server.write.element-limit = 4096 (default)
2019-10-18 14:01:23,012 [66f9d00c-1e97-4252-958c-bed5a531abda@group-19029215DF2B-LeaderElection4] INFO  server.RaftServerConfigKeys (ConfUtils.java:logGet(43)) - raft.server.watch.timeout = 10s (default)
2019-10-18 14:01:23,013 [66f9d00c-1e97-4252-958c-bed5a531abda@group-19029215DF2B-LeaderElection4] INFO  server.RaftServerConfigKeys (ConfUtils.java:logGet(43)) - raft.server.watch.timeout.denomination = 1s (default)
2019-10-18 14:01:23,014 [66f9d00c-1e97-4252-958c-bed5a531abda@group-19029215DF2B-LeaderElection4] INFO  server.RaftServerConfigKeys (ConfUtils.java:logGet(43)) - raft.server.watch.element-limit = 65536 (default)
2019-10-18 14:01:23,020 [66f9d00c-1e97-4252-958c-bed5a531abda@group-19029215DF2B-LeaderElection4] INFO  impl.RoleInfo (RoleInfo.java:updateAndGet(143)) - 66f9d00c-1e97-4252-958c-bed5a531abda: start LeaderState
2019-10-18 14:01:23,023 [66f9d00c-1e97-4252-958c-bed5a531abda@group-19029215DF2B-LeaderElection4] INFO  segmented.SegmentedRaftLogWorker (SegmentedRaftLogWorker.java:startLogSegment(385)) - 66f9d00c-1e97-4252-958c-bed5a531abda@group-19029215DF2B-SegmentedRaftLogWorker: Starting segment from index:0
2019-10-18 14:01:23,024 [66f9d00c-1e97-4252-958c-bed5a531abda@group-19029215DF2B-LeaderElection4] INFO  impl.RaftServerImpl (ServerState.java:setRaftConf(357)) - 66f9d00c-1e97-4252-958c-bed5a531abda@group-19029215DF2B: set configuration 0: [66f9d00c-1e97-4252-958c-bed5a531abda:192.168.69.85:45996], old=null at 0
2019-10-18 14:01:23,067 [grpc-default-executor-2] INFO  impl.RaftServerProxy (RaftServerProxy.java:addNew(89)) - 66f9d00c-1e97-4252-958c-bed5a531abda: addNew group-E964BE911FCC:[6cbfae60-ea29-4abc-a49d-ef94f4bd513a:192.168.69.85:36685, 66f9d00c-1e97-4252-958c-bed5a531abda:192.168.69.85:45996, 92ce6e48-4722-407a-9620-5998c6999257:192.168.69.85:34971] returns group-E964BE911FCC:java.util.concurrent.CompletableFuture@72e05b67[Not completed]
2019-10-18 14:01:23,067 [grpc-default-executor-1] INFO  impl.RaftServerProxy (RaftServerProxy.java:addNew(89)) - 92ce6e48-4722-407a-9620-5998c6999257: addNew group-E964BE911FCC:[6cbfae60-ea29-4abc-a49d-ef94f4bd513a:192.168.69.85:36685, 66f9d00c-1e97-4252-958c-bed5a531abda:192.168.69.85:45996, 92ce6e48-4722-407a-9620-5998c6999257:192.168.69.85:34971] returns group-E964BE911FCC:java.util.concurrent.CompletableFuture@126ba6f9[Not completed]
2019-10-18 14:01:23,067 [grpc-default-executor-0] INFO  impl.RaftServerProxy (RaftServerProxy.java:addNew(89)) - 6cbfae60-ea29-4abc-a49d-ef94f4bd513a: addNew group-E964BE911FCC:[6cbfae60-ea29-4abc-a49d-ef94f4bd513a:192.168.69.85:36685, 66f9d00c-1e97-4252-958c-bed5a531abda:192.168.69.85:45996, 92ce6e48-4722-407a-9620-5998c6999257:192.168.69.85:34971] returns group-E964BE911FCC:java.util.concurrent.CompletableFuture@511ff295[Not completed]
2019-10-18 14:01:23,069 [pool-52-thread-1] INFO  impl.RaftServerImpl (RaftServerImpl.java:<init>(104)) - 66f9d00c-1e97-4252-958c-bed5a531abda: new RaftServerImpl for group-E964BE911FCC:[6cbfae60-ea29-4abc-a49d-ef94f4bd513a:192.168.69.85:36685, 66f9d00c-1e97-4252-958c-bed5a531abda:192.168.69.85:45996, 92ce6e48-4722-407a-9620-5998c6999257:192.168.69.85:34971] with ContainerStateMachine:uninitialized
2019-10-18 14:01:23,069 [pool-52-thread-1] INFO  server.RaftServerConfigKeys (ConfUtils.java:logGet(43)) - raft.server.rpc.timeout.min = 5s (custom)
2019-10-18 14:01:23,069 [pool-52-thread-1] INFO  server.RaftServerConfigKeys (ConfUtils.java:logGet(43)) - raft.server.rpc.timeout.max = 5200ms (custom)
2019-10-18 14:01:23,070 [pool-52-thread-1] INFO  server.RaftServerConfigKeys (ConfUtils.java:logGet(43)) - raft.server.rpcslowness.timeout = 120s (custom)
2019-10-18 14:01:23,070 [pool-52-thread-1] INFO  server.RaftServerConfigKeys (ConfUtils.java:logGet(43)) - raft.server.sleep.deviation.threshold = 300 (default)
2019-10-18 14:01:23,070 [pool-52-thread-1] INFO  server.RaftServerConfigKeys (ConfUtils.java:logGet(43)) - raft.server.log.appender.install.snapshot.enabled = false (custom)
2019-10-18 14:01:23,070 [pool-52-thread-1] INFO  impl.RaftServerImpl (ServerState.java:<init>(103)) - 66f9d00c-1e97-4252-958c-bed5a531abda@group-E964BE911FCC: ConfigurationManager, init=-1: [6cbfae60-ea29-4abc-a49d-ef94f4bd513a:192.168.69.85:36685, 66f9d00c-1e97-4252-958c-bed5a531abda:192.168.69.85:45996, 92ce6e48-4722-407a-9620-5998c6999257:192.168.69.85:34971], old=null, confs=<EMPTY_MAP>
2019-10-18 14:01:23,070 [pool-52-thread-1] INFO  server.RaftServerConfigKeys (ConfUtils.java:logGet(43)) - raft.server.storage.dir = [/workdir/hadoop-ozone/integration-test/target/test-dir/MiniOzoneClusterImpl-2e865a06-22ad-4131-aa5d-0933f5b7f962/datanode-2/data/ratis] (custom)
2019-10-18 14:01:23,070 [pool-52-thread-1] INFO  server.RaftServerConfigKeys (ConfUtils.java:logGet(43)) - raft.server.log.corruption.policy = EXCEPTION (default)
2019-10-18 14:01:23,071 [pool-52-thread-1] INFO  storage.RaftStorageDirectory (RaftStorageDirectory.java:analyzeStorage(246)) - The storage directory /workdir/hadoop-ozone/integration-test/target/test-dir/MiniOzoneClusterImpl-2e865a06-22ad-4131-aa5d-0933f5b7f962/datanode-2/data/ratis/4c1b6f28-d8ec-4422-92e2-e964be911fcc does not exist. Creating ...
2019-10-18 14:01:23,071 [pool-42-thread-1] INFO  impl.RaftServerImpl (RaftServerImpl.java:<init>(104)) - 92ce6e48-4722-407a-9620-5998c6999257: new RaftServerImpl for group-E964BE911FCC:[6cbfae60-ea29-4abc-a49d-ef94f4bd513a:192.168.69.85:36685, 66f9d00c-1e97-4252-958c-bed5a531abda:192.168.69.85:45996, 92ce6e48-4722-407a-9620-5998c6999257:192.168.69.85:34971] with ContainerStateMachine:uninitialized
2019-10-18 14:01:23,071 [pool-42-thread-1] INFO  server.RaftServerConfigKeys (ConfUtils.java:logGet(43)) - raft.server.rpc.timeout.min = 5s (custom)
2019-10-18 14:01:23,071 [pool-42-thread-1] INFO  server.RaftServerConfigKeys (ConfUtils.java:logGet(43)) - raft.server.rpc.timeout.max = 5200ms (custom)
2019-10-18 14:01:23,071 [pool-42-thread-1] INFO  server.RaftServerConfigKeys (ConfUtils.java:logGet(43)) - raft.server.rpcslowness.timeout = 120s (custom)
2019-10-18 14:01:23,072 [pool-42-thread-1] INFO  server.RaftServerConfigKeys (ConfUtils.java:logGet(43)) - raft.server.sleep.deviation.threshold = 300 (default)
2019-10-18 14:01:23,072 [pool-42-thread-1] INFO  server.RaftServerConfigKeys (ConfUtils.java:logGet(43)) - raft.server.log.appender.install.snapshot.enabled = false (custom)
2019-10-18 14:01:23,072 [pool-32-thread-1] INFO  impl.RaftServerImpl (RaftServerImpl.java:<init>(104)) - 6cbfae60-ea29-4abc-a49d-ef94f4bd513a: new RaftServerImpl for group-E964BE911FCC:[6cbfae60-ea29-4abc-a49d-ef94f4bd513a:192.168.69.85:36685, 66f9d00c-1e97-4252-958c-bed5a531abda:192.168.69.85:45996, 92ce6e48-4722-407a-9620-5998c6999257:192.168.69.85:34971] with ContainerStateMachine:uninitialized
2019-10-18 14:01:23,072 [pool-42-thread-1] INFO  impl.RaftServerImpl (ServerState.java:<init>(103)) - 92ce6e48-4722-407a-9620-5998c6999257@group-E964BE911FCC: ConfigurationManager, init=-1: [6cbfae60-ea29-4abc-a49d-ef94f4bd513a:192.168.69.85:36685, 66f9d00c-1e97-4252-958c-bed5a531abda:192.168.69.85:45996, 92ce6e48-4722-407a-9620-5998c6999257:192.168.69.85:34971], old=null, confs=<EMPTY_MAP>
2019-10-18 14:01:23,072 [pool-32-thread-1] INFO  server.RaftServerConfigKeys (ConfUtils.java:logGet(43)) - raft.server.rpc.timeout.min = 5s (custom)
2019-10-18 14:01:23,072 [pool-42-thread-1] INFO  server.RaftServerConfigKeys (ConfUtils.java:logGet(43)) - raft.server.storage.dir = [/workdir/hadoop-ozone/integration-test/target/test-dir/MiniOzoneClusterImpl-2e865a06-22ad-4131-aa5d-0933f5b7f962/datanode-1/data/ratis] (custom)
2019-10-18 14:01:23,072 [pool-32-thread-1] INFO  server.RaftServerConfigKeys (ConfUtils.java:logGet(43)) - raft.server.rpc.timeout.max = 5200ms (custom)
2019-10-18 14:01:23,073 [pool-32-thread-1] INFO  server.RaftServerConfigKeys (ConfUtils.java:logGet(43)) - raft.server.rpcslowness.timeout = 120s (custom)
2019-10-18 14:01:23,073 [pool-32-thread-1] INFO  server.RaftServerConfigKeys (ConfUtils.java:logGet(43)) - raft.server.sleep.deviation.threshold = 300 (default)
2019-10-18 14:01:23,073 [pool-32-thread-1] INFO  server.RaftServerConfigKeys (ConfUtils.java:logGet(43)) - raft.server.log.appender.install.snapshot.enabled = false (custom)
2019-10-18 14:01:23,073 [pool-32-thread-1] INFO  impl.RaftServerImpl (ServerState.java:<init>(103)) - 6cbfae60-ea29-4abc-a49d-ef94f4bd513a@group-E964BE911FCC: ConfigurationManager, init=-1: [6cbfae60-ea29-4abc-a49d-ef94f4bd513a:192.168.69.85:36685, 66f9d00c-1e97-4252-958c-bed5a531abda:192.168.69.85:45996, 92ce6e48-4722-407a-9620-5998c6999257:192.168.69.85:34971], old=null, confs=<EMPTY_MAP>
2019-10-18 14:01:23,073 [pool-32-thread-1] INFO  server.RaftServerConfigKeys (ConfUtils.java:logGet(43)) - raft.server.storage.dir = [/workdir/hadoop-ozone/integration-test/target/test-dir/MiniOzoneClusterImpl-2e865a06-22ad-4131-aa5d-0933f5b7f962/datanode-0/data/ratis] (custom)
2019-10-18 14:01:23,073 [pool-42-thread-1] INFO  server.RaftServerConfigKeys (ConfUtils.java:logGet(43)) - raft.server.log.corruption.policy = EXCEPTION (default)
2019-10-18 14:01:23,074 [pool-32-thread-1] INFO  server.RaftServerConfigKeys (ConfUtils.java:logGet(43)) - raft.server.log.corruption.policy = EXCEPTION (default)
2019-10-18 14:01:23,074 [pool-42-thread-1] INFO  storage.RaftStorageDirectory (RaftStorageDirectory.java:analyzeStorage(246)) - The storage directory /workdir/hadoop-ozone/integration-test/target/test-dir/MiniOzoneClusterImpl-2e865a06-22ad-4131-aa5d-0933f5b7f962/datanode-1/data/ratis/4c1b6f28-d8ec-4422-92e2-e964be911fcc does not exist. Creating ...
2019-10-18 14:01:23,074 [pool-32-thread-1] INFO  storage.RaftStorageDirectory (RaftStorageDirectory.java:analyzeStorage(246)) - The storage directory /workdir/hadoop-ozone/integration-test/target/test-dir/MiniOzoneClusterImpl-2e865a06-22ad-4131-aa5d-0933f5b7f962/datanode-0/data/ratis/4c1b6f28-d8ec-4422-92e2-e964be911fcc does not exist. Creating ...
2019-10-18 14:01:23,084 [66f9d00c-1e97-4252-958c-bed5a531abda@group-19029215DF2B-SegmentedRaftLogWorker] INFO  segmented.SegmentedRaftLogWorker (SegmentedRaftLogWorker.java:execute(576)) - 66f9d00c-1e97-4252-958c-bed5a531abda@group-19029215DF2B-SegmentedRaftLogWorker: created new log segment /workdir/hadoop-ozone/integration-test/target/test-dir/MiniOzoneClusterImpl-2e865a06-22ad-4131-aa5d-0933f5b7f962/datanode-2/data/ratis/ca2c3fa8-862e-470a-b00d-19029215df2b/current/log_inprogress_0
2019-10-18 14:01:23,086 [pool-52-thread-1] INFO  storage.RaftStorageDirectory (RaftStorageDirectory.java:tryLock(328)) - Lock on /workdir/hadoop-ozone/integration-test/target/test-dir/MiniOzoneClusterImpl-2e865a06-22ad-4131-aa5d-0933f5b7f962/datanode-2/data/ratis/4c1b6f28-d8ec-4422-92e2-e964be911fcc/in_use.lock acquired by nodename 24298@pr-hdds-2292-qcvbb-3996421426
2019-10-18 14:01:23,086 [pool-32-thread-1] INFO  storage.RaftStorageDirectory (RaftStorageDirectory.java:tryLock(328)) - Lock on /workdir/hadoop-ozone/integration-test/target/test-dir/MiniOzoneClusterImpl-2e865a06-22ad-4131-aa5d-0933f5b7f962/datanode-0/data/ratis/4c1b6f28-d8ec-4422-92e2-e964be911fcc/in_use.lock acquired by nodename 24298@pr-hdds-2292-qcvbb-3996421426
2019-10-18 14:01:23,086 [pool-42-thread-1] INFO  storage.RaftStorageDirectory (RaftStorageDirectory.java:tryLock(328)) - Lock on /workdir/hadoop-ozone/integration-test/target/test-dir/MiniOzoneClusterImpl-2e865a06-22ad-4131-aa5d-0933f5b7f962/datanode-1/data/ratis/4c1b6f28-d8ec-4422-92e2-e964be911fcc/in_use.lock acquired by nodename 24298@pr-hdds-2292-qcvbb-3996421426
2019-10-18 14:01:23,101 [pool-52-thread-1] INFO  storage.RaftStorage (RaftStorage.java:format(84)) - Storage directory /workdir/hadoop-ozone/integration-test/target/test-dir/MiniOzoneClusterImpl-2e865a06-22ad-4131-aa5d-0933f5b7f962/datanode-2/data/ratis/4c1b6f28-d8ec-4422-92e2-e964be911fcc has been successfully formatted.
2019-10-18 14:01:23,101 [pool-42-thread-1] INFO  storage.RaftStorage (RaftStorage.java:format(84)) - Storage directory /workdir/hadoop-ozone/integration-test/target/test-dir/MiniOzoneClusterImpl-2e865a06-22ad-4131-aa5d-0933f5b7f962/datanode-1/data/ratis/4c1b6f28-d8ec-4422-92e2-e964be911fcc has been successfully formatted.
2019-10-18 14:01:23,101 [pool-52-thread-1] INFO  ratis.ContainerStateMachine (ContainerStateMachine.java:loadSnapshot(231)) - group-E964BE911FCC: The snapshot info is null. Setting the last applied indexto:(t:0, i:~)
2019-10-18 14:01:23,101 [pool-32-thread-1] INFO  storage.RaftStorage (RaftStorage.java:format(84)) - Storage directory /workdir/hadoop-ozone/integration-test/target/test-dir/MiniOzoneClusterImpl-2e865a06-22ad-4131-aa5d-0933f5b7f962/datanode-0/data/ratis/4c1b6f28-d8ec-4422-92e2-e964be911fcc has been successfully formatted.
2019-10-18 14:01:23,101 [pool-42-thread-1] INFO  ratis.ContainerStateMachine (ContainerStateMachine.java:loadSnapshot(231)) - group-E964BE911FCC: The snapshot info is null. Setting the last applied indexto:(t:0, i:~)
2019-10-18 14:01:23,101 [pool-52-thread-1] INFO  server.RaftServerConfigKeys (ConfUtils.java:logGet(43)) - raft.server.notification.no-leader.timeout = 120s (custom)
2019-10-18 14:01:23,102 [pool-42-thread-1] INFO  server.RaftServerConfigKeys (ConfUtils.java:logGet(43)) - raft.server.notification.no-leader.timeout = 120s (custom)
2019-10-18 14:01:23,102 [pool-32-thread-1] INFO  ratis.ContainerStateMachine (ContainerStateMachine.java:loadSnapshot(231)) - group-E964BE911FCC: The snapshot info is null. Setting the last applied indexto:(t:0, i:~)
2019-10-18 14:01:23,102 [pool-42-thread-1] INFO  server.RaftServerConfigKeys (ConfUtils.java:logGet(43)) - raft.server.log.use.memory = false (default)
2019-10-18 14:01:23,102 [pool-52-thread-1] INFO  server.RaftServerConfigKeys (ConfUtils.java:logGet(43)) - raft.server.log.use.memory = false (default)
2019-10-18 14:01:23,102 [pool-42-thread-1] INFO  server.RaftServerConfigKeys (ConfUtils.java:logGet(43)) - raft.server.log.purge.gap = 1000000 (custom)
2019-10-18 14:01:23,102 [pool-32-thread-1] INFO  server.RaftServerConfigKeys (ConfUtils.java:logGet(43)) - raft.server.notification.no-leader.timeout = 120s (custom)
2019-10-18 14:01:23,102 [pool-42-thread-1] INFO  server.RaftServerConfigKeys (ConfUtils.java:logGet(43)) - raft.server.log.appender.buffer.byte-limit = 33554432 (custom)
2019-10-18 14:01:23,102 [pool-52-thread-1] INFO  server.RaftServerConfigKeys (ConfUtils.java:logGet(43)) - raft.server.log.purge.gap = 1000000 (custom)
2019-10-18 14:01:23,103 [pool-42-thread-1] INFO  server.RaftServerConfigKeys (ConfUtils.java:logGet(43)) - raft.server.log.segment.size.max = 1048576 (custom)
2019-10-18 14:01:23,102 [pool-32-thread-1] INFO  server.RaftServerConfigKeys (ConfUtils.java:logGet(43)) - raft.server.log.use.memory = false (default)
2019-10-18 14:01:23,103 [pool-42-thread-1] INFO  server.RaftServerConfigKeys (ConfUtils.java:logGet(43)) - raft.server.log.segment.cache.num.max = 2 (custom)
2019-10-18 14:01:23,103 [pool-52-thread-1] INFO  server.RaftServerConfigKeys (ConfUtils.java:logGet(43)) - raft.server.log.appender.buffer.byte-limit = 33554432 (custom)
2019-10-18 14:01:23,103 [pool-42-thread-1] INFO  segmented.SegmentedRaftLogWorker (SegmentedRaftLogWorker.java:<init>(173)) - new 92ce6e48-4722-407a-9620-5998c6999257@group-E964BE911FCC-SegmentedRaftLogWorker for RaftStorage:Storage Directory /workdir/hadoop-ozone/integration-test/target/test-dir/MiniOzoneClusterImpl-2e865a06-22ad-4131-aa5d-0933f5b7f962/datanode-1/data/ratis/4c1b6f28-d8ec-4422-92e2-e964be911fcc
2019-10-18 14:01:23,103 [pool-32-thread-1] INFO  server.RaftServerConfigKeys (ConfUtils.java:logGet(43)) - raft.server.log.purge.gap = 1000000 (custom)
2019-10-18 14:01:23,103 [pool-42-thread-1] INFO  server.RaftServerConfigKeys (ConfUtils.java:logGet(43)) - raft.server.log.queue.byte-limit = 2147483647 (custom)
2019-10-18 14:01:23,103 [pool-52-thread-1] INFO  server.RaftServerConfigKeys (ConfUtils.java:logGet(43)) - raft.server.log.segment.size.max = 1048576 (custom)
2019-10-18 14:01:23,104 [pool-42-thread-1] INFO  server.RaftServerConfigKeys (ConfUtils.java:logGet(43)) - raft.server.log.queue.element-limit = 1024 (custom)
2019-10-18 14:01:23,103 [pool-32-thread-1] INFO  server.RaftServerConfigKeys (ConfUtils.java:logGet(43)) - raft.server.log.appender.buffer.byte-limit = 33554432 (custom)
2019-10-18 14:01:23,104 [pool-42-thread-1] INFO  server.RaftServerConfigKeys (ConfUtils.java:logGet(43)) - raft.server.log.segment.size.max = 1048576 (custom)
2019-10-18 14:01:23,104 [pool-52-thread-1] INFO  server.RaftServerConfigKeys (ConfUtils.java:logGet(43)) - raft.server.log.segment.cache.num.max = 2 (custom)
2019-10-18 14:01:23,104 [pool-42-thread-1] INFO  server.RaftServerConfigKeys (ConfUtils.java:logGet(43)) - raft.server.log.preallocated.size = 16384 (custom)
2019-10-18 14:01:23,104 [pool-42-thread-1] INFO  server.RaftServerConfigKeys (ConfUtils.java:logGet(43)) - raft.server.log.write.buffer.size = 33554432 (custom)
2019-10-18 14:01:23,104 [pool-32-thread-1] INFO  server.RaftServerConfigKeys (ConfUtils.java:logGet(43)) - raft.server.log.segment.size.max = 1048576 (custom)
2019-10-18 14:01:23,104 [pool-42-thread-1] INFO  server.RaftServerConfigKeys (ConfUtils.java:logGet(43)) - raft.server.log.force.sync.num = 128 (default)
2019-10-18 14:01:23,105 [pool-32-thread-1] INFO  server.RaftServerConfigKeys (ConfUtils.java:logGet(43)) - raft.server.log.segment.cache.num.max = 2 (custom)
2019-10-18 14:01:23,104 [pool-52-thread-1] INFO  segmented.SegmentedRaftLogWorker (SegmentedRaftLogWorker.java:<init>(173)) - new 66f9d00c-1e97-4252-958c-bed5a531abda@group-E964BE911FCC-SegmentedRaftLogWorker for RaftStorage:Storage Directory /workdir/hadoop-ozone/integration-test/target/test-dir/MiniOzoneClusterImpl-2e865a06-22ad-4131-aa5d-0933f5b7f962/datanode-2/data/ratis/4c1b6f28-d8ec-4422-92e2-e964be911fcc
2019-10-18 14:01:23,105 [pool-32-thread-1] INFO  segmented.SegmentedRaftLogWorker (SegmentedRaftLogWorker.java:<init>(173)) - new 6cbfae60-ea29-4abc-a49d-ef94f4bd513a@group-E964BE911FCC-SegmentedRaftLogWorker for RaftStorage:Storage Directory /workdir/hadoop-ozone/integration-test/target/test-dir/MiniOzoneClusterImpl-2e865a06-22ad-4131-aa5d-0933f5b7f962/datanode-0/data/ratis/4c1b6f28-d8ec-4422-92e2-e964be911fcc
2019-10-18 14:01:23,105 [pool-42-thread-1] INFO  server.RaftServerConfigKeys (ConfUtils.java:logGet(43)) - raft.server.log.statemachine.data.sync = true (default)
2019-10-18 14:01:23,105 [pool-32-thread-1] INFO  server.RaftServerConfigKeys (ConfUtils.java:logGet(43)) - raft.server.log.queue.byte-limit = 2147483647 (custom)
2019-10-18 14:01:23,105 [pool-52-thread-1] INFO  server.RaftServerConfigKeys (ConfUtils.java:logGet(43)) - raft.server.log.queue.byte-limit = 2147483647 (custom)
2019-10-18 14:01:23,105 [pool-32-thread-1] INFO  server.RaftServerConfigKeys (ConfUtils.java:logGet(43)) - raft.server.log.queue.element-limit = 1024 (custom)
2019-10-18 14:01:23,105 [pool-42-thread-1] INFO  server.RaftServerConfigKeys (ConfUtils.java:logGet(43)) - raft.server.log.statemachine.data.sync.timeout = 10s (default)
2019-10-18 14:01:23,105 [pool-32-thread-1] INFO  server.RaftServerConfigKeys (ConfUtils.java:logGet(43)) - raft.server.log.segment.size.max = 1048576 (custom)
2019-10-18 14:01:23,105 [pool-52-thread-1] INFO  server.RaftServerConfigKeys (ConfUtils.java:logGet(43)) - raft.server.log.queue.element-limit = 1024 (custom)
2019-10-18 14:01:23,106 [pool-32-thread-1] INFO  server.RaftServerConfigKeys (ConfUtils.java:logGet(43)) - raft.server.log.preallocated.size = 16384 (custom)
2019-10-18 14:01:23,105 [pool-42-thread-1] INFO  server.RaftServerConfigKeys (ConfUtils.java:logGet(43)) - raft.server.log.statemachine.data.sync.timeout.retry = -1 (default)
2019-10-18 14:01:23,106 [pool-32-thread-1] INFO  server.RaftServerConfigKeys (ConfUtils.java:logGet(43)) - raft.server.log.write.buffer.size = 33554432 (custom)
2019-10-18 14:01:23,106 [pool-52-thread-1] INFO  server.RaftServerConfigKeys (ConfUtils.java:logGet(43)) - raft.server.log.segment.size.max = 1048576 (custom)
2019-10-18 14:01:23,106 [pool-42-thread-1] INFO  server.RaftServerConfigKeys (ConfUtils.java:logGet(43)) - raft.server.log.statemachine.data.caching.enabled = true (custom)
2019-10-18 14:01:23,106 [pool-32-thread-1] INFO  server.RaftServerConfigKeys (ConfUtils.java:logGet(43)) - raft.server.log.force.sync.num = 128 (default)
2019-10-18 14:01:23,106 [pool-52-thread-1] INFO  server.RaftServerConfigKeys (ConfUtils.java:logGet(43)) - raft.server.log.preallocated.size = 16384 (custom)
2019-10-18 14:01:23,106 [pool-32-thread-1] INFO  server.RaftServerConfigKeys (ConfUtils.java:logGet(43)) - raft.server.log.statemachine.data.sync = true (default)
2019-10-18 14:01:23,106 [pool-52-thread-1] INFO  server.RaftServerConfigKeys (ConfUtils.java:logGet(43)) - raft.server.log.write.buffer.size = 33554432 (custom)
2019-10-18 14:01:23,106 [pool-42-thread-1] INFO  segmented.SegmentedRaftLogWorker (SegmentedRaftLogWorker.java:lambda$new$0(128)) - 92ce6e48-4722-407a-9620-5998c6999257@group-E964BE911FCC-SegmentedRaftLogWorker: flushIndex: setUnconditionally 0 -> -1
2019-10-18 14:01:23,107 [pool-52-thread-1] INFO  server.RaftServerConfigKeys (ConfUtils.java:logGet(43)) - raft.server.log.force.sync.num = 128 (default)
2019-10-18 14:01:23,106 [pool-32-thread-1] INFO  server.RaftServerConfigKeys (ConfUtils.java:logGet(43)) - raft.server.log.statemachine.data.sync.timeout = 10s (default)
2019-10-18 14:01:23,107 [pool-52-thread-1] INFO  server.RaftServerConfigKeys (ConfUtils.java:logGet(43)) - raft.server.log.statemachine.data.sync = true (default)
2019-10-18 14:01:23,107 [pool-32-thread-1] INFO  server.RaftServerConfigKeys (ConfUtils.java:logGet(43)) - raft.server.log.statemachine.data.sync.timeout.retry = -1 (default)
2019-10-18 14:01:23,107 [pool-42-thread-1] INFO  server.RaftServerConfigKeys (ConfUtils.java:logGet(43)) - raft.server.snapshot.auto.trigger.enabled = true (custom)
2019-10-18 14:01:23,107 [pool-52-thread-1] INFO  server.RaftServerConfigKeys (ConfUtils.java:logGet(43)) - raft.server.log.statemachine.data.sync.timeout = 10s (default)
2019-10-18 14:01:23,107 [pool-42-thread-1] INFO  server.RaftServerConfigKeys (ConfUtils.java:logGet(43)) - raft.server.snapshot.auto.trigger.threshold = 10000 (custom)
2019-10-18 14:01:23,107 [pool-32-thread-1] INFO  server.RaftServerConfigKeys (ConfUtils.java:logGet(43)) - raft.server.log.statemachine.data.caching.enabled = true (custom)
2019-10-18 14:01:23,107 [pool-42-thread-1] INFO  server.RaftServerConfigKeys (ConfUtils.java:logGet(43)) - raft.server.snapshot.retention.file.num = 5 (custom)
2019-10-18 14:01:23,107 [pool-52-thread-1] INFO  server.RaftServerConfigKeys (ConfUtils.java:logGet(43)) - raft.server.log.statemachine.data.sync.timeout.retry = -1 (default)
2019-10-18 14:01:23,108 [pool-42-thread-1] INFO  server.RaftServerConfigKeys (ConfUtils.java:logGet(43)) - raft.server.retrycache.expirytime = 600000ms (custom)
2019-10-18 14:01:23,108 [pool-32-thread-1] INFO  segmented.SegmentedRaftLogWorker (SegmentedRaftLogWorker.java:lambda$new$0(128)) - 6cbfae60-ea29-4abc-a49d-ef94f4bd513a@group-E964BE911FCC-SegmentedRaftLogWorker: flushIndex: setUnconditionally 0 -> -1
2019-10-18 14:01:23,108 [pool-52-thread-1] INFO  server.RaftServerConfigKeys (ConfUtils.java:logGet(43)) - raft.server.log.statemachine.data.caching.enabled = true (custom)
2019-10-18 14:01:23,108 [pool-32-thread-1] INFO  server.RaftServerConfigKeys (ConfUtils.java:logGet(43)) - raft.server.snapshot.auto.trigger.enabled = true (custom)
2019-10-18 14:01:23,108 [pool-32-thread-1] INFO  server.RaftServerConfigKeys (ConfUtils.java:logGet(43)) - raft.server.snapshot.auto.trigger.threshold = 10000 (custom)
2019-10-18 14:01:23,108 [pool-52-thread-1] INFO  segmented.SegmentedRaftLogWorker (SegmentedRaftLogWorker.java:lambda$new$0(128)) - 66f9d00c-1e97-4252-958c-bed5a531abda@group-E964BE911FCC-SegmentedRaftLogWorker: flushIndex: setUnconditionally 0 -> -1
2019-10-18 14:01:23,108 [pool-32-thread-1] INFO  server.RaftServerConfigKeys (ConfUtils.java:logGet(43)) - raft.server.snapshot.retention.file.num = 5 (custom)
2019-10-18 14:01:23,108 [pool-52-thread-1] INFO  server.RaftServerConfigKeys (ConfUtils.java:logGet(43)) - raft.server.snapshot.auto.trigger.enabled = true (custom)
2019-10-18 14:01:23,108 [pool-32-thread-1] INFO  server.RaftServerConfigKeys (ConfUtils.java:logGet(43)) - raft.server.retrycache.expirytime = 600000ms (custom)
2019-10-18 14:01:23,109 [pool-52-thread-1] INFO  server.RaftServerConfigKeys (ConfUtils.java:logGet(43)) - raft.server.snapshot.auto.trigger.threshold = 10000 (custom)
2019-10-18 14:01:23,109 [pool-52-thread-1] INFO  server.RaftServerConfigKeys (ConfUtils.java:logGet(43)) - raft.server.snapshot.retention.file.num = 5 (custom)
2019-10-18 14:01:23,109 [pool-52-thread-1] INFO  server.RaftServerConfigKeys (ConfUtils.java:logGet(43)) - raft.server.retrycache.expirytime = 600000ms (custom)
2019-10-18 14:01:23,110 [pool-42-thread-1] INFO  impl.RaftServerImpl (RaftServerImpl.java:start(195)) - 92ce6e48-4722-407a-9620-5998c6999257@group-E964BE911FCC: start as a follower, conf=-1: [6cbfae60-ea29-4abc-a49d-ef94f4bd513a:192.168.69.85:36685, 66f9d00c-1e97-4252-958c-bed5a531abda:192.168.69.85:45996, 92ce6e48-4722-407a-9620-5998c6999257:192.168.69.85:34971], old=null
2019-10-18 14:01:23,110 [pool-42-thread-1] INFO  impl.RaftServerImpl (RaftServerImpl.java:setRole(184)) - 92ce6e48-4722-407a-9620-5998c6999257@group-E964BE911FCC: changes role from      null to FOLLOWER at term 0 for startAsFollower
2019-10-18 14:01:23,111 [pool-42-thread-1] INFO  impl.RoleInfo (RoleInfo.java:updateAndGet(143)) - 92ce6e48-4722-407a-9620-5998c6999257: start FollowerState
2019-10-18 14:01:23,111 [pool-42-thread-1] INFO  util.JmxRegister (JmxRegister.java:tryRegister(44)) - Successfully registered JMX Bean with object name Ratis:service=RaftServer,group=group-E964BE911FCC,id=92ce6e48-4722-407a-9620-5998c6999257
2019-10-18 14:01:23,111 [pool-32-thread-1] INFO  impl.RaftServerImpl (RaftServerImpl.java:start(195)) - 6cbfae60-ea29-4abc-a49d-ef94f4bd513a@group-E964BE911FCC: start as a follower, conf=-1: [6cbfae60-ea29-4abc-a49d-ef94f4bd513a:192.168.69.85:36685, 66f9d00c-1e97-4252-958c-bed5a531abda:192.168.69.85:45996, 92ce6e48-4722-407a-9620-5998c6999257:192.168.69.85:34971], old=null
2019-10-18 14:01:23,111 [pool-32-thread-1] INFO  impl.RaftServerImpl (RaftServerImpl.java:setRole(184)) - 6cbfae60-ea29-4abc-a49d-ef94f4bd513a@group-E964BE911FCC: changes role from      null to FOLLOWER at term 0 for startAsFollower
2019-10-18 14:01:23,112 [pool-32-thread-1] INFO  impl.RoleInfo (RoleInfo.java:updateAndGet(143)) - 6cbfae60-ea29-4abc-a49d-ef94f4bd513a: start FollowerState
2019-10-18 14:01:23,112 [pool-32-thread-1] INFO  util.JmxRegister (JmxRegister.java:tryRegister(44)) - Successfully registered JMX Bean with object name Ratis:service=RaftServer,group=group-E964BE911FCC,id=6cbfae60-ea29-4abc-a49d-ef94f4bd513a
2019-10-18 14:01:23,113 [pool-52-thread-1] INFO  impl.RaftServerImpl (RaftServerImpl.java:start(195)) - 66f9d00c-1e97-4252-958c-bed5a531abda@group-E964BE911FCC: start as a follower, conf=-1: [6cbfae60-ea29-4abc-a49d-ef94f4bd513a:192.168.69.85:36685, 66f9d00c-1e97-4252-958c-bed5a531abda:192.168.69.85:45996, 92ce6e48-4722-407a-9620-5998c6999257:192.168.69.85:34971], old=null
2019-10-18 14:01:23,113 [pool-52-thread-1] INFO  impl.RaftServerImpl (RaftServerImpl.java:setRole(184)) - 66f9d00c-1e97-4252-958c-bed5a531abda@group-E964BE911FCC: changes role from      null to FOLLOWER at term 0 for startAsFollower
2019-10-18 14:01:23,113 [pool-52-thread-1] INFO  impl.RoleInfo (RoleInfo.java:updateAndGet(143)) - 66f9d00c-1e97-4252-958c-bed5a531abda: start FollowerState
2019-10-18 14:01:23,113 [pool-52-thread-1] INFO  util.JmxRegister (JmxRegister.java:tryRegister(44)) - Successfully registered JMX Bean with object name Ratis:service=RaftServer,group=group-E964BE911FCC,id=66f9d00c-1e97-4252-958c-bed5a531abda
2019-10-18 14:01:23,124 [Thread-215] INFO  impl.FollowerState (FollowerState.java:run(108)) - dfc7a80c-cbee-485b-8c95-9eb9c070cdae@group-D9ACC5F4111D-FollowerState: change to CANDIDATE, lastRpcTime:139ms, electionTimeout:139ms
2019-10-18 14:01:23,125 [Thread-215] INFO  impl.RoleInfo (RoleInfo.java:shutdownFollowerState(121)) - dfc7a80c-cbee-485b-8c95-9eb9c070cdae: shutdown FollowerState
2019-10-18 14:01:23,126 [Thread-215] INFO  impl.RaftServerImpl (RaftServerImpl.java:setRole(184)) - dfc7a80c-cbee-485b-8c95-9eb9c070cdae@group-D9ACC5F4111D: changes role from  FOLLOWER to CANDIDATE at term 0 for changeToCandidate
2019-10-18 14:01:23,127 [Thread-215] INFO  impl.RoleInfo (RoleInfo.java:updateAndGet(143)) - dfc7a80c-cbee-485b-8c95-9eb9c070cdae: start LeaderElection
2019-10-18 14:01:23,137 [Thread-222] INFO  impl.FollowerState (FollowerState.java:run(108)) - 92ce6e48-4722-407a-9620-5998c6999257@group-E964BE911FCC-FollowerState: change to CANDIDATE, lastRpcTime:26ms, electionTimeout:25ms
2019-10-18 14:01:23,138 [Thread-222] INFO  impl.RoleInfo (RoleInfo.java:shutdownFollowerState(121)) - 92ce6e48-4722-407a-9620-5998c6999257: shutdown FollowerState
2019-10-18 14:01:23,138 [Thread-222] INFO  impl.RaftServerImpl (RaftServerImpl.java:setRole(184)) - 92ce6e48-4722-407a-9620-5998c6999257@group-E964BE911FCC: changes role from  FOLLOWER to CANDIDATE at term 0 for changeToCandidate
2019-10-18 14:01:23,138 [Thread-222] INFO  impl.RoleInfo (RoleInfo.java:updateAndGet(143)) - 92ce6e48-4722-407a-9620-5998c6999257: start LeaderElection
2019-10-18 14:01:23,141 [RatisPipelineUtilsThread] INFO  pipeline.PipelineStateManager (PipelineStateManager.java:addPipeline(56)) - Created pipeline Pipeline[ Id: 4c1b6f28-d8ec-4422-92e2-e964be911fcc, Nodes: 66f9d00c-1e97-4252-958c-bed5a531abda{ip: 192.168.69.85, host: pr-hdds-2292-qcvbb-3996421426, networkLocation: /rack1, certSerialId: null}6cbfae60-ea29-4abc-a49d-ef94f4bd513a{ip: 192.168.69.85, host: pr-hdds-2292-qcvbb-3996421426, networkLocation: /rack1, certSerialId: null}92ce6e48-4722-407a-9620-5998c6999257{ip: 192.168.69.85, host: pr-hdds-2292-qcvbb-3996421426, networkLocation: /rack1, certSerialId: null}, Type:RATIS, Factor:THREE, State:OPEN]
2019-10-18 14:01:23,157 [dfc7a80c-cbee-485b-8c95-9eb9c070cdae@group-D9ACC5F4111D-LeaderElection5] INFO  impl.LeaderElection (LeaderElection.java:askForVotes(178)) - dfc7a80c-cbee-485b-8c95-9eb9c070cdae@group-D9ACC5F4111D-LeaderElection5: begin an election at term 1 for -1: [dfc7a80c-cbee-485b-8c95-9eb9c070cdae:192.168.69.85:41118], old=null
2019-10-18 14:01:23,157 [92ce6e48-4722-407a-9620-5998c6999257@group-E964BE911FCC-LeaderElection6] INFO  impl.LeaderElection (LeaderElection.java:askForVotes(178)) - 92ce6e48-4722-407a-9620-5998c6999257@group-E964BE911FCC-LeaderElection6: begin an election at term 1 for -1: [6cbfae60-ea29-4abc-a49d-ef94f4bd513a:192.168.69.85:36685, 66f9d00c-1e97-4252-958c-bed5a531abda:192.168.69.85:45996, 92ce6e48-4722-407a-9620-5998c6999257:192.168.69.85:34971], old=null
2019-10-18 14:01:23,158 [dfc7a80c-cbee-485b-8c95-9eb9c070cdae@group-D9ACC5F4111D-LeaderElection5] INFO  impl.RoleInfo (RoleInfo.java:shutdownLeaderElection(134)) - dfc7a80c-cbee-485b-8c95-9eb9c070cdae: shutdown LeaderElection
2019-10-18 14:01:23,158 [dfc7a80c-cbee-485b-8c95-9eb9c070cdae@group-D9ACC5F4111D-LeaderElection5] INFO  impl.RaftServerImpl (RaftServerImpl.java:setRole(184)) - dfc7a80c-cbee-485b-8c95-9eb9c070cdae@group-D9ACC5F4111D: changes role from CANDIDATE to LEADER at term 1 for changeToLeader
2019-10-18 14:01:23,158 [dfc7a80c-cbee-485b-8c95-9eb9c070cdae@group-D9ACC5F4111D-LeaderElection5] INFO  impl.RaftServerImpl (ServerState.java:setLeader(256)) - dfc7a80c-cbee-485b-8c95-9eb9c070cdae@group-D9ACC5F4111D: change Leader from null to dfc7a80c-cbee-485b-8c95-9eb9c070cdae at term 1 for becomeLeader, leader elected after 208ms
2019-10-18 14:01:23,159 [dfc7a80c-cbee-485b-8c95-9eb9c070cdae@group-D9ACC5F4111D-LeaderElection5] INFO  server.RaftServerConfigKeys (ConfUtils.java:logGet(43)) - raft.server.staging.catchup.gap = 1000 (default)
2019-10-18 14:01:23,160 [dfc7a80c-cbee-485b-8c95-9eb9c070cdae@group-D9ACC5F4111D-LeaderElection5] INFO  server.RaftServerConfigKeys (ConfUtils.java:logGet(43)) - raft.server.rpc.sleep.time = 25ms (default)
2019-10-18 14:01:23,160 [dfc7a80c-cbee-485b-8c95-9eb9c070cdae@group-D9ACC5F4111D-LeaderElection5] INFO  server.RaftServerConfigKeys (ConfUtils.java:logGet(43)) - raft.server.write.element-limit = 4096 (default)
2019-10-18 14:01:23,160 [dfc7a80c-cbee-485b-8c95-9eb9c070cdae@group-D9ACC5F4111D-LeaderElection5] INFO  server.RaftServerConfigKeys (ConfUtils.java:logGet(43)) - raft.server.watch.timeout = 10s (default)
2019-10-18 14:01:23,161 [dfc7a80c-cbee-485b-8c95-9eb9c070cdae@group-D9ACC5F4111D-LeaderElection5] INFO  server.RaftServerConfigKeys (ConfUtils.java:logGet(43)) - raft.server.watch.timeout.denomination = 1s (default)
2019-10-18 14:01:23,161 [dfc7a80c-cbee-485b-8c95-9eb9c070cdae@group-D9ACC5F4111D-LeaderElection5] INFO  server.RaftServerConfigKeys (ConfUtils.java:logGet(43)) - raft.server.watch.element-limit = 65536 (default)
2019-10-18 14:01:23,165 [dfc7a80c-cbee-485b-8c95-9eb9c070cdae@group-D9ACC5F4111D-LeaderElection5] INFO  impl.RoleInfo (RoleInfo.java:updateAndGet(143)) - dfc7a80c-cbee-485b-8c95-9eb9c070cdae: start LeaderState
2019-10-18 14:01:23,166 [dfc7a80c-cbee-485b-8c95-9eb9c070cdae@group-D9ACC5F4111D-LeaderElection5] INFO  segmented.SegmentedRaftLogWorker (SegmentedRaftLogWorker.java:startLogSegment(385)) - dfc7a80c-cbee-485b-8c95-9eb9c070cdae@group-D9ACC5F4111D-SegmentedRaftLogWorker: Starting segment from index:0
2019-10-18 14:01:23,167 [dfc7a80c-cbee-485b-8c95-9eb9c070cdae@group-D9ACC5F4111D-LeaderElection5] INFO  impl.RaftServerImpl (ServerState.java:setRaftConf(357)) - dfc7a80c-cbee-485b-8c95-9eb9c070cdae@group-D9ACC5F4111D: set configuration 0: [dfc7a80c-cbee-485b-8c95-9eb9c070cdae:192.168.69.85:41118], old=null at 0
2019-10-18 14:01:23,199 [Thread-224] INFO  impl.FollowerState (FollowerState.java:run(108)) - 66f9d00c-1e97-4252-958c-bed5a531abda@group-E964BE911FCC-FollowerState: change to CANDIDATE, lastRpcTime:86ms, electionTimeout:68ms
2019-10-18 14:01:23,200 [Thread-224] INFO  impl.RoleInfo (RoleInfo.java:shutdownFollowerState(121)) - 66f9d00c-1e97-4252-958c-bed5a531abda: shutdown FollowerState
2019-10-18 14:01:23,200 [Thread-224] INFO  impl.RaftServerImpl (RaftServerImpl.java:setRole(184)) - 66f9d00c-1e97-4252-958c-bed5a531abda@group-E964BE911FCC: changes role from  FOLLOWER to CANDIDATE at term 0 for changeToCandidate
2019-10-18 14:01:23,200 [Thread-224] INFO  impl.RoleInfo (RoleInfo.java:updateAndGet(143)) - 66f9d00c-1e97-4252-958c-bed5a531abda: start LeaderElection
2019-10-18 14:01:23,214 [66f9d00c-1e97-4252-958c-bed5a531abda@group-E964BE911FCC-LeaderElection7] INFO  impl.LeaderElection (LeaderElection.java:askForVotes(178)) - 66f9d00c-1e97-4252-958c-bed5a531abda@group-E964BE911FCC-LeaderElection7: begin an election at term 1 for -1: [6cbfae60-ea29-4abc-a49d-ef94f4bd513a:192.168.69.85:36685, 66f9d00c-1e97-4252-958c-bed5a531abda:192.168.69.85:45996, 92ce6e48-4722-407a-9620-5998c6999257:192.168.69.85:34971], old=null
2019-10-18 14:01:23,214 [dfc7a80c-cbee-485b-8c95-9eb9c070cdae@group-D9ACC5F4111D-SegmentedRaftLogWorker] INFO  segmented.SegmentedRaftLogWorker (SegmentedRaftLogWorker.java:execute(576)) - dfc7a80c-cbee-485b-8c95-9eb9c070cdae@group-D9ACC5F4111D-SegmentedRaftLogWorker: created new log segment /workdir/hadoop-ozone/integration-test/target/test-dir/MiniOzoneClusterImpl-2e865a06-22ad-4131-aa5d-0933f5b7f962/datanode-3/data/ratis/cdde5535-7676-4985-bad2-d9acc5f4111d/current/log_inprogress_0
2019-10-18 14:01:23,221 [grpc-default-executor-1] INFO  impl.RaftServerImpl (RaftServerImpl.java:setRole(184)) - 6cbfae60-ea29-4abc-a49d-ef94f4bd513a@group-E964BE911FCC: changes role from  FOLLOWER to FOLLOWER at term 1 for recognizeCandidate:92ce6e48-4722-407a-9620-5998c6999257
2019-10-18 14:01:23,221 [grpc-default-executor-1] INFO  impl.RoleInfo (RoleInfo.java:shutdownFollowerState(121)) - 6cbfae60-ea29-4abc-a49d-ef94f4bd513a: shutdown FollowerState
2019-10-18 14:01:23,222 [grpc-default-executor-1] INFO  impl.RoleInfo (RoleInfo.java:updateAndGet(143)) - 6cbfae60-ea29-4abc-a49d-ef94f4bd513a: start FollowerState
2019-10-18 14:01:23,222 [Thread-223] INFO  impl.FollowerState (FollowerState.java:run(117)) - 6cbfae60-ea29-4abc-a49d-ef94f4bd513a@group-E964BE911FCC-FollowerState was interrupted: java.lang.InterruptedException: sleep interrupted
2019-10-18 14:01:23,233 [92ce6e48-4722-407a-9620-5998c6999257@group-E964BE911FCC-LeaderElection6] INFO  impl.LeaderElection (LeaderElection.java:logAndReturn(56)) - 92ce6e48-4722-407a-9620-5998c6999257@group-E964BE911FCC-LeaderElection6: Election TIMEOUT; received 1 response(s) [92ce6e48-4722-407a-9620-5998c6999257<-66f9d00c-1e97-4252-958c-bed5a531abda#0:FAIL-t1] and 0 exception(s); 92ce6e48-4722-407a-9620-5998c6999257@group-E964BE911FCC:t1, leader=null, voted=92ce6e48-4722-407a-9620-5998c6999257, raftlog=92ce6e48-4722-407a-9620-5998c6999257@group-E964BE911FCC-SegmentedRaftLog:OPENED:c-1,f-1,i0, conf=-1: [6cbfae60-ea29-4abc-a49d-ef94f4bd513a:192.168.69.85:36685, 66f9d00c-1e97-4252-958c-bed5a531abda:192.168.69.85:45996, 92ce6e48-4722-407a-9620-5998c6999257:192.168.69.85:34971], old=null
2019-10-18 14:01:23,233 [66f9d00c-1e97-4252-958c-bed5a531abda@group-E964BE911FCC-LeaderElection7] INFO  impl.LeaderElection (LeaderElection.java:logAndReturn(56)) - 66f9d00c-1e97-4252-958c-bed5a531abda@group-E964BE911FCC-LeaderElection7: Election TIMEOUT; received 0 response(s) [] and 0 exception(s); 66f9d00c-1e97-4252-958c-bed5a531abda@group-E964BE911FCC:t1, leader=null, voted=66f9d00c-1e97-4252-958c-bed5a531abda, raftlog=66f9d00c-1e97-4252-958c-bed5a531abda@group-E964BE911FCC-SegmentedRaftLog:OPENED:c-1,f-1,i0, conf=-1: [6cbfae60-ea29-4abc-a49d-ef94f4bd513a:192.168.69.85:36685, 66f9d00c-1e97-4252-958c-bed5a531abda:192.168.69.85:45996, 92ce6e48-4722-407a-9620-5998c6999257:192.168.69.85:34971], old=null
2019-10-18 14:01:23,241 [66f9d00c-1e97-4252-958c-bed5a531abda@group-E964BE911FCC-LeaderElection7] INFO  impl.LeaderElection (LeaderElection.java:askForVotes(178)) - 66f9d00c-1e97-4252-958c-bed5a531abda@group-E964BE911FCC-LeaderElection7: begin an election at term 2 for -1: [6cbfae60-ea29-4abc-a49d-ef94f4bd513a:192.168.69.85:36685, 66f9d00c-1e97-4252-958c-bed5a531abda:192.168.69.85:45996, 92ce6e48-4722-407a-9620-5998c6999257:192.168.69.85:34971], old=null
2019-10-18 14:01:23,241 [92ce6e48-4722-407a-9620-5998c6999257@group-E964BE911FCC-LeaderElection6] INFO  impl.LeaderElection (LeaderElection.java:askForVotes(178)) - 92ce6e48-4722-407a-9620-5998c6999257@group-E964BE911FCC-LeaderElection6: begin an election at term 2 for -1: [6cbfae60-ea29-4abc-a49d-ef94f4bd513a:192.168.69.85:36685, 66f9d00c-1e97-4252-958c-bed5a531abda:192.168.69.85:45996, 92ce6e48-4722-407a-9620-5998c6999257:192.168.69.85:34971], old=null
2019-10-18 14:01:23,252 [grpc-default-executor-0] INFO  impl.RaftServerImpl (RaftServerImpl.java:setRole(184)) - 6cbfae60-ea29-4abc-a49d-ef94f4bd513a@group-E964BE911FCC: changes role from  FOLLOWER to FOLLOWER at term 2 for recognizeCandidate:66f9d00c-1e97-4252-958c-bed5a531abda
2019-10-18 14:01:23,252 [grpc-default-executor-0] INFO  impl.RoleInfo (RoleInfo.java:shutdownFollowerState(121)) - 6cbfae60-ea29-4abc-a49d-ef94f4bd513a: shutdown FollowerState
2019-10-18 14:01:23,252 [Thread-236] INFO  impl.FollowerState (FollowerState.java:run(117)) - 6cbfae60-ea29-4abc-a49d-ef94f4bd513a@group-E964BE911FCC-FollowerState was interrupted: java.lang.InterruptedException: sleep interrupted
2019-10-18 14:01:23,252 [grpc-default-executor-0] INFO  impl.RoleInfo (RoleInfo.java:updateAndGet(143)) - 6cbfae60-ea29-4abc-a49d-ef94f4bd513a: start FollowerState
2019-10-18 14:01:23,272 [66f9d00c-1e97-4252-958c-bed5a531abda@group-E964BE911FCC-LeaderElection7] INFO  impl.LeaderElection (LeaderElection.java:logAndReturn(56)) - 66f9d00c-1e97-4252-958c-bed5a531abda@group-E964BE911FCC-LeaderElection7: Election PASSED; received 2 response(s) [66f9d00c-1e97-4252-958c-bed5a531abda<-6cbfae60-ea29-4abc-a49d-ef94f4bd513a#0:OK-t2, 66f9d00c-1e97-4252-958c-bed5a531abda<-92ce6e48-4722-407a-9620-5998c6999257#0:FAIL-t2] and 0 exception(s); 66f9d00c-1e97-4252-958c-bed5a531abda@group-E964BE911FCC:t2, leader=null, voted=66f9d00c-1e97-4252-958c-bed5a531abda, raftlog=66f9d00c-1e97-4252-958c-bed5a531abda@group-E964BE911FCC-SegmentedRaftLog:OPENED:c-1,f-1,i0, conf=-1: [6cbfae60-ea29-4abc-a49d-ef94f4bd513a:192.168.69.85:36685, 66f9d00c-1e97-4252-958c-bed5a531abda:192.168.69.85:45996, 92ce6e48-4722-407a-9620-5998c6999257:192.168.69.85:34971], old=null
2019-10-18 14:01:23,272 [66f9d00c-1e97-4252-958c-bed5a531abda@group-E964BE911FCC-LeaderElection7] INFO  impl.RoleInfo (RoleInfo.java:shutdownLeaderElection(134)) - 66f9d00c-1e97-4252-958c-bed5a531abda: shutdown LeaderElection
2019-10-18 14:01:23,272 [66f9d00c-1e97-4252-958c-bed5a531abda@group-E964BE911FCC-LeaderElection7] INFO  impl.RaftServerImpl (RaftServerImpl.java:setRole(184)) - 66f9d00c-1e97-4252-958c-bed5a531abda@group-E964BE911FCC: changes role from CANDIDATE to LEADER at term 2 for changeToLeader
2019-10-18 14:01:23,273 [66f9d00c-1e97-4252-958c-bed5a531abda@group-E964BE911FCC-LeaderElection7] INFO  impl.RaftServerImpl (ServerState.java:setLeader(256)) - 66f9d00c-1e97-4252-958c-bed5a531abda@group-E964BE911FCC: change Leader from null to 66f9d00c-1e97-4252-958c-bed5a531abda at term 2 for becomeLeader, leader elected after 171ms
2019-10-18 14:01:23,274 [66f9d00c-1e97-4252-958c-bed5a531abda@group-E964BE911FCC-LeaderElection7] INFO  server.RaftServerConfigKeys (ConfUtils.java:logGet(43)) - raft.server.staging.catchup.gap = 1000 (default)
2019-10-18 14:01:23,274 [66f9d00c-1e97-4252-958c-bed5a531abda@group-E964BE911FCC-LeaderElection7] INFO  server.RaftServerConfigKeys (ConfUtils.java:logGet(43)) - raft.server.rpc.sleep.time = 25ms (default)
2019-10-18 14:01:23,274 [92ce6e48-4722-407a-9620-5998c6999257@group-E964BE911FCC-LeaderElection6] INFO  impl.LeaderElection (LeaderElection.java:logAndReturn(56)) - 92ce6e48-4722-407a-9620-5998c6999257@group-E964BE911FCC-LeaderElection6: Election REJECTED; received 2 response(s) [92ce6e48-4722-407a-9620-5998c6999257<-6cbfae60-ea29-4abc-a49d-ef94f4bd513a#0:FAIL-t2, 92ce6e48-4722-407a-9620-5998c6999257<-66f9d00c-1e97-4252-958c-bed5a531abda#0:FAIL-t2] and 0 exception(s); 92ce6e48-4722-407a-9620-5998c6999257@group-E964BE911FCC:t2, leader=null, voted=92ce6e48-4722-407a-9620-5998c6999257, raftlog=92ce6e48-4722-407a-9620-5998c6999257@group-E964BE911FCC-SegmentedRaftLog:OPENED:c-1,f-1,i0, conf=-1: [6cbfae60-ea29-4abc-a49d-ef94f4bd513a:192.168.69.85:36685, 66f9d00c-1e97-4252-958c-bed5a531abda:192.168.69.85:45996, 92ce6e48-4722-407a-9620-5998c6999257:192.168.69.85:34971], old=null
2019-10-18 14:01:23,275 [66f9d00c-1e97-4252-958c-bed5a531abda@group-E964BE911FCC-LeaderElection7] INFO  server.RaftServerConfigKeys (ConfUtils.java:logGet(43)) - raft.server.write.element-limit = 4096 (default)
2019-10-18 14:01:23,275 [92ce6e48-4722-407a-9620-5998c6999257@group-E964BE911FCC-LeaderElection6] INFO  impl.RaftServerImpl (RaftServerImpl.java:setRole(184)) - 92ce6e48-4722-407a-9620-5998c6999257@group-E964BE911FCC: changes role from CANDIDATE to FOLLOWER at term 2 for DISCOVERED_A_NEW_TERM
2019-10-18 14:01:23,275 [66f9d00c-1e97-4252-958c-bed5a531abda@group-E964BE911FCC-LeaderElection7] INFO  server.RaftServerConfigKeys (ConfUtils.java:logGet(43)) - raft.server.watch.timeout = 10s (default)
2019-10-18 14:01:23,276 [92ce6e48-4722-407a-9620-5998c6999257@group-E964BE911FCC-LeaderElection6] INFO  impl.RoleInfo (RoleInfo.java:shutdownLeaderElection(134)) - 92ce6e48-4722-407a-9620-5998c6999257: shutdown LeaderElection
2019-10-18 14:01:23,276 [66f9d00c-1e97-4252-958c-bed5a531abda@group-E964BE911FCC-LeaderElection7] INFO  server.RaftServerConfigKeys (ConfUtils.java:logGet(43)) - raft.server.watch.timeout.denomination = 1s (default)
2019-10-18 14:01:23,276 [92ce6e48-4722-407a-9620-5998c6999257@group-E964BE911FCC-LeaderElection6] INFO  impl.RoleInfo (RoleInfo.java:updateAndGet(143)) - 92ce6e48-4722-407a-9620-5998c6999257: start FollowerState
2019-10-18 14:01:23,276 [66f9d00c-1e97-4252-958c-bed5a531abda@group-E964BE911FCC-LeaderElection7] INFO  server.RaftServerConfigKeys (ConfUtils.java:logGet(43)) - raft.server.watch.element-limit = 65536 (default)
2019-10-18 14:01:23,282 [66f9d00c-1e97-4252-958c-bed5a531abda@group-E964BE911FCC-LeaderElection7] INFO  server.RaftServerConfigKeys (ConfUtils.java:logGet(43)) - raft.server.log.appender.snapshot.chunk.size.max = 16MB (=16777216) (default)
2019-10-18 14:01:23,282 [66f9d00c-1e97-4252-958c-bed5a531abda@group-E964BE911FCC-LeaderElection7] INFO  server.RaftServerConfigKeys (ConfUtils.java:logGet(43)) - raft.server.log.appender.buffer.byte-limit = 33554432 (custom)
2019-10-18 14:01:23,282 [66f9d00c-1e97-4252-958c-bed5a531abda@group-E964BE911FCC-LeaderElection7] INFO  server.RaftServerConfigKeys (ConfUtils.java:logGet(43)) - raft.server.log.appender.buffer.element-limit = 1 (custom)
2019-10-18 14:01:23,285 [66f9d00c-1e97-4252-958c-bed5a531abda@group-E964BE911FCC-LeaderElection7] INFO  grpc.GrpcConfigKeys$Server (ConfUtils.java:logGet(43)) - raft.grpc.server.leader.outstanding.appends.max = 128 (default)
2019-10-18 14:01:23,285 [66f9d00c-1e97-4252-958c-bed5a531abda@group-E964BE911FCC-LeaderElection7] INFO  server.RaftServerConfigKeys (ConfUtils.java:logGet(43)) - raft.server.rpc.request.timeout = 3000ms (default)
2019-10-18 14:01:23,285 [66f9d00c-1e97-4252-958c-bed5a531abda@group-E964BE911FCC-LeaderElection7] INFO  server.RaftServerConfigKeys (ConfUtils.java:logGet(43)) - raft.server.log.appender.install.snapshot.enabled = false (custom)
2019-10-18 14:01:23,289 [66f9d00c-1e97-4252-958c-bed5a531abda@group-E964BE911FCC-LeaderElection7] INFO  server.RaftServerConfigKeys (ConfUtils.java:logGet(43)) - raft.server.log.appender.snapshot.chunk.size.max = 16MB (=16777216) (default)
2019-10-18 14:01:23,289 [66f9d00c-1e97-4252-958c-bed5a531abda@group-E964BE911FCC-LeaderElection7] INFO  server.RaftServerConfigKeys (ConfUtils.java:logGet(43)) - raft.server.log.appender.buffer.byte-limit = 33554432 (custom)
2019-10-18 14:01:23,289 [66f9d00c-1e97-4252-958c-bed5a531abda@group-E964BE911FCC-LeaderElection7] INFO  server.RaftServerConfigKeys (ConfUtils.java:logGet(43)) - raft.server.log.appender.buffer.element-limit = 1 (custom)
2019-10-18 14:01:23,289 [66f9d00c-1e97-4252-958c-bed5a531abda@group-E964BE911FCC-LeaderElection7] INFO  grpc.GrpcConfigKeys$Server (ConfUtils.java:logGet(43)) - raft.grpc.server.leader.outstanding.appends.max = 128 (default)
2019-10-18 14:01:23,290 [66f9d00c-1e97-4252-958c-bed5a531abda@group-E964BE911FCC-LeaderElection7] INFO  server.RaftServerConfigKeys (ConfUtils.java:logGet(43)) - raft.server.rpc.request.timeout = 3000ms (default)
2019-10-18 14:01:23,290 [66f9d00c-1e97-4252-958c-bed5a531abda@group-E964BE911FCC-LeaderElection7] INFO  server.RaftServerConfigKeys (ConfUtils.java:logGet(43)) - raft.server.log.appender.install.snapshot.enabled = false (custom)
2019-10-18 14:01:23,291 [Thread-241] INFO  impl.FollowerState (FollowerState.java:run(108)) - 6cbfae60-ea29-4abc-a49d-ef94f4bd513a@group-E964BE911FCC-FollowerState: change to CANDIDATE, lastRpcTime:39ms, electionTimeout:37ms
2019-10-18 14:01:23,291 [Thread-241] INFO  impl.RoleInfo (RoleInfo.java:shutdownFollowerState(121)) - 6cbfae60-ea29-4abc-a49d-ef94f4bd513a: shutdown FollowerState
2019-10-18 14:01:23,292 [Thread-241] INFO  impl.RaftServerImpl (RaftServerImpl.java:setRole(184)) - 6cbfae60-ea29-4abc-a49d-ef94f4bd513a@group-E964BE911FCC: changes role from  FOLLOWER to CANDIDATE at term 2 for changeToCandidate
2019-10-18 14:01:23,292 [Thread-241] INFO  impl.RoleInfo (RoleInfo.java:updateAndGet(143)) - 6cbfae60-ea29-4abc-a49d-ef94f4bd513a: start LeaderElection
2019-10-18 14:01:23,295 [66f9d00c-1e97-4252-958c-bed5a531abda@group-E964BE911FCC-LeaderElection7] INFO  impl.RoleInfo (RoleInfo.java:updateAndGet(143)) - 66f9d00c-1e97-4252-958c-bed5a531abda: start LeaderState
2019-10-18 14:01:23,295 [66f9d00c-1e97-4252-958c-bed5a531abda@group-E964BE911FCC-LeaderElection7] INFO  segmented.SegmentedRaftLogWorker (SegmentedRaftLogWorker.java:startLogSegment(385)) - 66f9d00c-1e97-4252-958c-bed5a531abda@group-E964BE911FCC-SegmentedRaftLogWorker: Starting segment from index:0
2019-10-18 14:01:23,296 [66f9d00c-1e97-4252-958c-bed5a531abda@group-E964BE911FCC-LeaderElection7] INFO  impl.RaftServerImpl (ServerState.java:setRaftConf(357)) - 66f9d00c-1e97-4252-958c-bed5a531abda@group-E964BE911FCC: set configuration 0: [6cbfae60-ea29-4abc-a49d-ef94f4bd513a:192.168.69.85:36685, 66f9d00c-1e97-4252-958c-bed5a531abda:192.168.69.85:45996, 92ce6e48-4722-407a-9620-5998c6999257:192.168.69.85:34971], old=null at 0
2019-10-18 14:01:23,320 [6cbfae60-ea29-4abc-a49d-ef94f4bd513a@group-E964BE911FCC-LeaderElection8] INFO  impl.LeaderElection (LeaderElection.java:askForVotes(178)) - 6cbfae60-ea29-4abc-a49d-ef94f4bd513a@group-E964BE911FCC-LeaderElection8: begin an election at term 3 for -1: [6cbfae60-ea29-4abc-a49d-ef94f4bd513a:192.168.69.85:36685, 66f9d00c-1e97-4252-958c-bed5a531abda:192.168.69.85:45996, 92ce6e48-4722-407a-9620-5998c6999257:192.168.69.85:34971], old=null
2019-10-18 14:01:23,332 [66f9d00c-1e97-4252-958c-bed5a531abda@group-E964BE911FCC-SegmentedRaftLogWorker] INFO  segmented.SegmentedRaftLogWorker (SegmentedRaftLogWorker.java:execute(576)) - 66f9d00c-1e97-4252-958c-bed5a531abda@group-E964BE911FCC-SegmentedRaftLogWorker: created new log segment /workdir/hadoop-ozone/integration-test/target/test-dir/MiniOzoneClusterImpl-2e865a06-22ad-4131-aa5d-0933f5b7f962/datanode-2/data/ratis/4c1b6f28-d8ec-4422-92e2-e964be911fcc/current/log_inprogress_0
2019-10-18 14:01:23,335 [grpc-default-executor-0] INFO  impl.RaftServerImpl (ServerState.java:setLeader(256)) - 66f9d00c-1e97-4252-958c-bed5a531abda@group-E964BE911FCC: change Leader from 66f9d00c-1e97-4252-958c-bed5a531abda to null at term 3 for updateCurrentTerm
2019-10-18 14:01:23,335 [grpc-default-executor-0] INFO  impl.RaftServerImpl (RaftServerImpl.java:setRole(184)) - 66f9d00c-1e97-4252-958c-bed5a531abda@group-E964BE911FCC: changes role from    LEADER to FOLLOWER at term 3 for recognizeCandidate:6cbfae60-ea29-4abc-a49d-ef94f4bd513a
2019-10-18 14:01:23,336 [grpc-default-executor-0] INFO  impl.RoleInfo (RoleInfo.java:shutdownLeaderState(104)) - 66f9d00c-1e97-4252-958c-bed5a531abda: shutdown LeaderState
2019-10-18 14:01:23,342 [grpc-default-executor-1] INFO  impl.RaftServerImpl (RaftServerImpl.java:setRole(184)) - 92ce6e48-4722-407a-9620-5998c6999257@group-E964BE911FCC: changes role from  FOLLOWER to FOLLOWER at term 3 for recognizeCandidate:6cbfae60-ea29-4abc-a49d-ef94f4bd513a
2019-10-18 14:01:23,342 [grpc-default-executor-1] INFO  impl.RoleInfo (RoleInfo.java:shutdownFollowerState(121)) - 92ce6e48-4722-407a-9620-5998c6999257: shutdown FollowerState
2019-10-18 14:01:23,342 [Thread-243] INFO  impl.FollowerState (FollowerState.java:run(117)) - 92ce6e48-4722-407a-9620-5998c6999257@group-E964BE911FCC-FollowerState was interrupted: java.lang.InterruptedException: sleep interrupted
2019-10-18 14:01:23,342 [grpc-default-executor-1] INFO  impl.RoleInfo (RoleInfo.java:updateAndGet(143)) - 92ce6e48-4722-407a-9620-5998c6999257: start FollowerState
2019-10-18 14:01:23,343 [grpc-default-executor-0] INFO  impl.PendingRequests (PendingRequests.java:sendNotLeaderResponses(202)) - 66f9d00c-1e97-4252-958c-bed5a531abda@group-E964BE911FCC-PendingRequests: sendNotLeaderResponses
2019-10-18 14:01:23,344 [org.apache.ratis.server.impl.LogAppender$AppenderDaemon$$Lambda$396/703294648@7f85d614] WARN  server.GrpcLogAppender (GrpcLogAppender.java:mayWait(149)) - 66f9d00c-1e97-4252-958c-bed5a531abda@group-E964BE911FCC->6cbfae60-ea29-4abc-a49d-ef94f4bd513a-GrpcLogAppender: Wait interrupted by java.lang.InterruptedException
2019-10-18 14:01:23,344 [org.apache.ratis.server.impl.LogAppender$AppenderDaemon$$Lambda$396/703294648@71b52556] WARN  server.GrpcLogAppender (GrpcLogAppender.java:mayWait(149)) - 66f9d00c-1e97-4252-958c-bed5a531abda@group-E964BE911FCC->92ce6e48-4722-407a-9620-5998c6999257-GrpcLogAppender: Wait interrupted by java.lang.InterruptedException
2019-10-18 14:01:23,345 [grpc-default-executor-0] INFO  impl.RoleInfo (RoleInfo.java:updateAndGet(143)) - 66f9d00c-1e97-4252-958c-bed5a531abda: start FollowerState
2019-10-18 14:01:23,357 [grpc-default-executor-2] INFO  server.GrpcServerProtocolService (GrpcServerProtocolService.java:onCompleted(113)) - 6cbfae60-ea29-4abc-a49d-ef94f4bd513a: Completed APPEND_ENTRIES, lastRequest: 66f9d00c-1e97-4252-958c-bed5a531abda->6cbfae60-ea29-4abc-a49d-ef94f4bd513a#0-t2, previous=(t:0, i:0), leaderCommit=-1, initializing? false, entries: <empty>
2019-10-18 14:01:23,368 [grpc-default-executor-4] INFO  server.GrpcLogAppender (GrpcLogAppender.java:onCompleted(308)) - 66f9d00c-1e97-4252-958c-bed5a531abda@group-E964BE911FCC->6cbfae60-ea29-4abc-a49d-ef94f4bd513a-AppendLogResponseHandler: follower responses appendEntries COMPLETED
2019-10-18 14:01:23,369 [grpc-default-executor-3] INFO  server.GrpcServerProtocolService (GrpcServerProtocolService.java:onCompleted(113)) - 92ce6e48-4722-407a-9620-5998c6999257: Completed APPEND_ENTRIES, lastRequest: 66f9d00c-1e97-4252-958c-bed5a531abda->92ce6e48-4722-407a-9620-5998c6999257#0-t2, previous=(t:0, i:0), leaderCommit=-1, initializing? false, entries: <empty>
2019-10-18 14:01:23,376 [grpc-default-executor-4] INFO  impl.FollowerInfo (FollowerInfo.java:lambda$new$0(51)) - 66f9d00c-1e97-4252-958c-bed5a531abda@group-E964BE911FCC->6cbfae60-ea29-4abc-a49d-ef94f4bd513a: nextIndex: updateUnconditionally 0 -> 0
2019-10-18 14:01:23,382 [main] INFO  ozone.MiniOzoneClusterImpl (MiniOzoneClusterImpl.java:lambda$waitForClusterToBeReady$0(147)) - Cluster is ready. Got 4 of 4 DN Heartbeats.
2019-10-18 14:01:23,383 [6cbfae60-ea29-4abc-a49d-ef94f4bd513a@group-E964BE911FCC-LeaderElection8] INFO  impl.LeaderElection (LeaderElection.java:logAndReturn(56)) - 6cbfae60-ea29-4abc-a49d-ef94f4bd513a@group-E964BE911FCC-LeaderElection8: Election PASSED; received 2 response(s) [6cbfae60-ea29-4abc-a49d-ef94f4bd513a<-66f9d00c-1e97-4252-958c-bed5a531abda#0:FAIL-t3, 6cbfae60-ea29-4abc-a49d-ef94f4bd513a<-92ce6e48-4722-407a-9620-5998c6999257#0:OK-t3] and 0 exception(s); 6cbfae60-ea29-4abc-a49d-ef94f4bd513a@group-E964BE911FCC:t3, leader=null, voted=6cbfae60-ea29-4abc-a49d-ef94f4bd513a, raftlog=6cbfae60-ea29-4abc-a49d-ef94f4bd513a@group-E964BE911FCC-SegmentedRaftLog:OPENED:c-1,f-1,i0, conf=-1: [6cbfae60-ea29-4abc-a49d-ef94f4bd513a:192.168.69.85:36685, 66f9d00c-1e97-4252-958c-bed5a531abda:192.168.69.85:45996, 92ce6e48-4722-407a-9620-5998c6999257:192.168.69.85:34971], old=null
2019-10-18 14:01:23,383 [6cbfae60-ea29-4abc-a49d-ef94f4bd513a@group-E964BE911FCC-LeaderElection8] INFO  impl.RoleInfo (RoleInfo.java:shutdownLeaderElection(134)) - 6cbfae60-ea29-4abc-a49d-ef94f4bd513a: shutdown LeaderElection
2019-10-18 14:01:23,384 [6cbfae60-ea29-4abc-a49d-ef94f4bd513a@group-E964BE911FCC-LeaderElection8] INFO  impl.RaftServerImpl (RaftServerImpl.java:setRole(184)) - 6cbfae60-ea29-4abc-a49d-ef94f4bd513a@group-E964BE911FCC: changes role from CANDIDATE to LEADER at term 3 for changeToLeader
2019-10-18 14:01:23,387 [6cbfae60-ea29-4abc-a49d-ef94f4bd513a@group-E964BE911FCC-LeaderElection8] INFO  impl.RaftServerImpl (ServerState.java:setLeader(256)) - 6cbfae60-ea29-4abc-a49d-ef94f4bd513a@group-E964BE911FCC: change Leader from null to 6cbfae60-ea29-4abc-a49d-ef94f4bd513a at term 3 for becomeLeader, leader elected after 285ms
2019-10-18 14:01:23,387 [grpc-default-executor-4] INFO  server.GrpcLogAppender (GrpcLogAppender.java:onCompleted(308)) - 66f9d00c-1e97-4252-958c-bed5a531abda@group-E964BE911FCC->92ce6e48-4722-407a-9620-5998c6999257-AppendLogResponseHandler: follower responses appendEntries COMPLETED
2019-10-18 14:01:23,388 [6cbfae60-ea29-4abc-a49d-ef94f4bd513a@group-E964BE911FCC-LeaderElection8] INFO  server.RaftServerConfigKeys (ConfUtils.java:logGet(43)) - raft.server.staging.catchup.gap = 1000 (default)
2019-10-18 14:01:23,389 [6cbfae60-ea29-4abc-a49d-ef94f4bd513a@group-E964BE911FCC-LeaderElection8] INFO  server.RaftServerConfigKeys (ConfUtils.java:logGet(43)) - raft.server.rpc.sleep.time = 25ms (default)
2019-10-18 14:01:23,389 [6cbfae60-ea29-4abc-a49d-ef94f4bd513a@group-E964BE911FCC-LeaderElection8] INFO  server.RaftServerConfigKeys (ConfUtils.java:logGet(43)) - raft.server.write.element-limit = 4096 (default)
2019-10-18 14:01:23,389 [6cbfae60-ea29-4abc-a49d-ef94f4bd513a@group-E964BE911FCC-LeaderElection8] INFO  server.RaftServerConfigKeys (ConfUtils.java:logGet(43)) - raft.server.watch.timeout = 10s (default)
2019-10-18 14:01:23,389 [6cbfae60-ea29-4abc-a49d-ef94f4bd513a@group-E964BE911FCC-LeaderElection8] INFO  server.RaftServerConfigKeys (ConfUtils.java:logGet(43)) - raft.server.watch.timeout.denomination = 1s (default)
2019-10-18 14:01:23,389 [6cbfae60-ea29-4abc-a49d-ef94f4bd513a@group-E964BE911FCC-LeaderElection8] INFO  server.RaftServerConfigKeys (ConfUtils.java:logGet(43)) - raft.server.watch.element-limit = 65536 (default)
2019-10-18 14:01:23,389 [grpc-default-executor-4] INFO  impl.FollowerInfo (FollowerInfo.java:lambda$new$0(51)) - 66f9d00c-1e97-4252-958c-bed5a531abda@group-E964BE911FCC->92ce6e48-4722-407a-9620-5998c6999257: nextIndex: updateUnconditionally 0 -> 0
2019-10-18 14:01:23,392 [6cbfae60-ea29-4abc-a49d-ef94f4bd513a@group-E964BE911FCC-LeaderElection8] INFO  server.RaftServerConfigKeys (ConfUtils.java:logGet(43)) - raft.server.log.appender.snapshot.chunk.size.max = 16MB (=16777216) (default)
2019-10-18 14:01:23,392 [6cbfae60-ea29-4abc-a49d-ef94f4bd513a@group-E964BE911FCC-LeaderElection8] INFO  server.RaftServerConfigKeys (ConfUtils.java:logGet(43)) - raft.server.log.appender.buffer.byte-limit = 33554432 (custom)
2019-10-18 14:01:23,392 [6cbfae60-ea29-4abc-a49d-ef94f4bd513a@group-E964BE911FCC-LeaderElection8] INFO  server.RaftServerConfigKeys (ConfUtils.java:logGet(43)) - raft.server.log.appender.buffer.element-limit = 1 (custom)
2019-10-18 14:01:23,393 [6cbfae60-ea29-4abc-a49d-ef94f4bd513a@group-E964BE911FCC-LeaderElection8] INFO  grpc.GrpcConfigKeys$Server (ConfUtils.java:logGet(43)) - raft.grpc.server.leader.outstanding.appends.max = 128 (default)
2019-10-18 14:01:23,393 [6cbfae60-ea29-4abc-a49d-ef94f4bd513a@group-E964BE911FCC-LeaderElection8] INFO  server.RaftServerConfigKeys (ConfUtils.java:logGet(43)) - raft.server.rpc.request.timeout = 3000ms (default)
2019-10-18 14:01:23,393 [6cbfae60-ea29-4abc-a49d-ef94f4bd513a@group-E964BE911FCC-LeaderElection8] INFO  server.RaftServerConfigKeys (ConfUtils.java:logGet(43)) - raft.server.log.appender.install.snapshot.enabled = false (custom)
2019-10-18 14:01:23,393 [Thread-249] INFO  impl.FollowerState (FollowerState.java:run(108)) - 92ce6e48-4722-407a-9620-5998c6999257@group-E964BE911FCC-FollowerState: change to CANDIDATE, lastRpcTime:51ms, electionTimeout:50ms
2019-10-18 14:01:23,393 [Thread-249] INFO  impl.RoleInfo (RoleInfo.java:shutdownFollowerState(121)) - 92ce6e48-4722-407a-9620-5998c6999257: shutdown FollowerState
2019-10-18 14:01:23,393 [Thread-249] INFO  impl.RaftServerImpl (RaftServerImpl.java:setRole(184)) - 92ce6e48-4722-407a-9620-5998c6999257@group-E964BE911FCC: changes role from  FOLLOWER to CANDIDATE at term 3 for changeToCandidate
2019-10-18 14:01:23,393 [Thread-249] INFO  impl.RoleInfo (RoleInfo.java:updateAndGet(143)) - 92ce6e48-4722-407a-9620-5998c6999257: start LeaderElection
2019-10-18 14:01:23,396 [6cbfae60-ea29-4abc-a49d-ef94f4bd513a@group-E964BE911FCC-LeaderElection8] INFO  server.RaftServerConfigKeys (ConfUtils.java:logGet(43)) - raft.server.log.appender.snapshot.chunk.size.max = 16MB (=16777216) (default)
2019-10-18 14:01:23,396 [6cbfae60-ea29-4abc-a49d-ef94f4bd513a@group-E964BE911FCC-LeaderElection8] INFO  server.RaftServerConfigKeys (ConfUtils.java:logGet(43)) - raft.server.log.appender.buffer.byte-limit = 33554432 (custom)
2019-10-18 14:01:23,396 [6cbfae60-ea29-4abc-a49d-ef94f4bd513a@group-E964BE911FCC-LeaderElection8] INFO  server.RaftServerConfigKeys (ConfUtils.java:logGet(43)) - raft.server.log.appender.buffer.element-limit = 1 (custom)
2019-10-18 14:01:23,396 [6cbfae60-ea29-4abc-a49d-ef94f4bd513a@group-E964BE911FCC-LeaderElection8] INFO  grpc.GrpcConfigKeys$Server (ConfUtils.java:logGet(43)) - raft.grpc.server.leader.outstanding.appends.max = 128 (default)
2019-10-18 14:01:23,396 [6cbfae60-ea29-4abc-a49d-ef94f4bd513a@group-E964BE911FCC-LeaderElection8] INFO  server.RaftServerConfigKeys (ConfUtils.java:logGet(43)) - raft.server.rpc.request.timeout = 3000ms (default)
2019-10-18 14:01:23,397 [6cbfae60-ea29-4abc-a49d-ef94f4bd513a@group-E964BE911FCC-LeaderElection8] INFO  server.RaftServerConfigKeys (ConfUtils.java:logGet(43)) - raft.server.log.appender.install.snapshot.enabled = false (custom)
2019-10-18 14:01:23,399 [6cbfae60-ea29-4abc-a49d-ef94f4bd513a@group-E964BE911FCC-LeaderElection8] INFO  impl.RoleInfo (RoleInfo.java:updateAndGet(143)) - 6cbfae60-ea29-4abc-a49d-ef94f4bd513a: start LeaderState
2019-10-18 14:01:23,399 [6cbfae60-ea29-4abc-a49d-ef94f4bd513a@group-E964BE911FCC-LeaderElection8] INFO  segmented.SegmentedRaftLogWorker (SegmentedRaftLogWorker.java:startLogSegment(385)) - 6cbfae60-ea29-4abc-a49d-ef94f4bd513a@group-E964BE911FCC-SegmentedRaftLogWorker: Starting segment from index:0
2019-10-18 14:01:23,400 [6cbfae60-ea29-4abc-a49d-ef94f4bd513a@group-E964BE911FCC-LeaderElection8] INFO  impl.RaftServerImpl (ServerState.java:setRaftConf(357)) - 6cbfae60-ea29-4abc-a49d-ef94f4bd513a@group-E964BE911FCC: set configuration 0: [6cbfae60-ea29-4abc-a49d-ef94f4bd513a:192.168.69.85:36685, 66f9d00c-1e97-4252-958c-bed5a531abda:192.168.69.85:45996, 92ce6e48-4722-407a-9620-5998c6999257:192.168.69.85:34971], old=null at 0
2019-10-18 14:01:23,424 [92ce6e48-4722-407a-9620-5998c6999257@group-E964BE911FCC-LeaderElection9] INFO  impl.LeaderElection (LeaderElection.java:askForVotes(178)) - 92ce6e48-4722-407a-9620-5998c6999257@group-E964BE911FCC-LeaderElection9: begin an election at term 4 for -1: [6cbfae60-ea29-4abc-a49d-ef94f4bd513a:192.168.69.85:36685, 66f9d00c-1e97-4252-958c-bed5a531abda:192.168.69.85:45996, 92ce6e48-4722-407a-9620-5998c6999257:192.168.69.85:34971], old=null
2019-10-18 14:01:23,432 [grpc-default-executor-4] INFO  impl.RaftServerImpl (ServerState.java:setLeader(256)) - 6cbfae60-ea29-4abc-a49d-ef94f4bd513a@group-E964BE911FCC: change Leader from 6cbfae60-ea29-4abc-a49d-ef94f4bd513a to null at term 4 for updateCurrentTerm
2019-10-18 14:01:23,432 [grpc-default-executor-0] INFO  impl.RaftServerImpl (ServerState.java:setLeader(256)) - 66f9d00c-1e97-4252-958c-bed5a531abda@group-E964BE911FCC: change Leader from null to 6cbfae60-ea29-4abc-a49d-ef94f4bd513a at term 3 for appendEntries, leader elected after 96ms
2019-10-18 14:01:23,432 [grpc-default-executor-4] INFO  impl.RaftServerImpl (RaftServerImpl.java:setRole(184)) - 6cbfae60-ea29-4abc-a49d-ef94f4bd513a@group-E964BE911FCC: changes role from    LEADER to FOLLOWER at term 4 for recognizeCandidate:92ce6e48-4722-407a-9620-5998c6999257
2019-10-18 14:01:23,432 [grpc-default-executor-4] INFO  impl.RoleInfo (RoleInfo.java:shutdownLeaderState(104)) - 6cbfae60-ea29-4abc-a49d-ef94f4bd513a: shutdown LeaderState
2019-10-18 14:01:23,434 [org.apache.ratis.server.impl.LogAppender$AppenderDaemon$$Lambda$396/703294648@57ecff53] WARN  server.GrpcLogAppender (GrpcLogAppender.java:mayWait(149)) - 6cbfae60-ea29-4abc-a49d-ef94f4bd513a@group-E964BE911FCC->92ce6e48-4722-407a-9620-5998c6999257-GrpcLogAppender: Wait interrupted by java.lang.InterruptedException
2019-10-18 14:01:23,435 [grpc-default-executor-3] INFO  impl.RaftServerImpl (ServerState.java:setLeader(256)) - 66f9d00c-1e97-4252-958c-bed5a531abda@group-E964BE911FCC: change Leader from 6cbfae60-ea29-4abc-a49d-ef94f4bd513a to null at term 4 for updateCurrentTerm
2019-10-18 14:01:23,434 [grpc-default-executor-4] INFO  impl.PendingRequests (PendingRequests.java:sendNotLeaderResponses(202)) - 6cbfae60-ea29-4abc-a49d-ef94f4bd513a@group-E964BE911FCC-PendingRequests: sendNotLeaderResponses
2019-10-18 14:01:23,434 [org.apache.ratis.server.impl.LogAppender$AppenderDaemon$$Lambda$396/703294648@66403e30] WARN  server.GrpcLogAppender (GrpcLogAppender.java:mayWait(149)) - 6cbfae60-ea29-4abc-a49d-ef94f4bd513a@group-E964BE911FCC->66f9d00c-1e97-4252-958c-bed5a531abda-GrpcLogAppender: Wait interrupted by java.lang.InterruptedException
2019-10-18 14:01:23,436 [grpc-default-executor-3] INFO  impl.RaftServerImpl (RaftServerImpl.java:setRole(184)) - 66f9d00c-1e97-4252-958c-bed5a531abda@group-E964BE911FCC: changes role from  FOLLOWER to FOLLOWER at term 4 for recognizeCandidate:92ce6e48-4722-407a-9620-5998c6999257
2019-10-18 14:01:23,437 [6cbfae60-ea29-4abc-a49d-ef94f4bd513a@group-E964BE911FCC-SegmentedRaftLogWorker] INFO  segmented.SegmentedRaftLogWorker (SegmentedRaftLogWorker.java:execute(576)) - 6cbfae60-ea29-4abc-a49d-ef94f4bd513a@group-E964BE911FCC-SegmentedRaftLogWorker: created new log segment /workdir/hadoop-ozone/integration-test/target/test-dir/MiniOzoneClusterImpl-2e865a06-22ad-4131-aa5d-0933f5b7f962/datanode-0/data/ratis/4c1b6f28-d8ec-4422-92e2-e964be911fcc/current/log_inprogress_0
2019-10-18 14:01:23,436 [grpc-default-executor-4] INFO  impl.RoleInfo (RoleInfo.java:updateAndGet(143)) - 6cbfae60-ea29-4abc-a49d-ef94f4bd513a: start FollowerState
2019-10-18 14:01:23,437 [grpc-default-executor-3] INFO  impl.RoleInfo (RoleInfo.java:shutdownFollowerState(121)) - 66f9d00c-1e97-4252-958c-bed5a531abda: shutdown FollowerState
2019-10-18 14:01:23,437 [grpc-default-executor-2] INFO  server.GrpcServerProtocolService (GrpcServerProtocolService.java:onCompleted(113)) - 92ce6e48-4722-407a-9620-5998c6999257: Completed APPEND_ENTRIES, lastRequest: 6cbfae60-ea29-4abc-a49d-ef94f4bd513a->92ce6e48-4722-407a-9620-5998c6999257#0-t3, previous=(t:0, i:0), leaderCommit=-1, initializing? false, entries: <empty>
2019-10-18 14:01:23,437 [grpc-default-executor-3] INFO  impl.RoleInfo (RoleInfo.java:updateAndGet(143)) - 66f9d00c-1e97-4252-958c-bed5a531abda: start FollowerState
2019-10-18 14:01:23,437 [Thread-252] INFO  impl.FollowerState (FollowerState.java:run(117)) - 66f9d00c-1e97-4252-958c-bed5a531abda@group-E964BE911FCC-FollowerState was interrupted: java.lang.InterruptedException: sleep interrupted
2019-10-18 14:01:23,457 [grpc-default-executor-1] INFO  server.GrpcLogAppender (GrpcLogAppender.java:onCompleted(308)) - 6cbfae60-ea29-4abc-a49d-ef94f4bd513a@group-E964BE911FCC->92ce6e48-4722-407a-9620-5998c6999257-AppendLogResponseHandler: follower responses appendEntries COMPLETED
2019-10-18 14:01:23,458 [grpc-default-executor-0] INFO  server.GrpcServerProtocolService (GrpcServerProtocolService.java:onCompleted(113)) - 66f9d00c-1e97-4252-958c-bed5a531abda: Completed APPEND_ENTRIES, lastRequest: 6cbfae60-ea29-4abc-a49d-ef94f4bd513a->66f9d00c-1e97-4252-958c-bed5a531abda#0-t3, previous=(t:0, i:0), leaderCommit=-1, initializing? false, entries: <empty>
2019-10-18 14:01:23,458 [grpc-default-executor-1] INFO  impl.FollowerInfo (FollowerInfo.java:lambda$new$0(51)) - 6cbfae60-ea29-4abc-a49d-ef94f4bd513a@group-E964BE911FCC->92ce6e48-4722-407a-9620-5998c6999257: nextIndex: updateUnconditionally 0 -> 0
2019-10-18 14:01:23,460 [92ce6e48-4722-407a-9620-5998c6999257@group-E964BE911FCC-LeaderElection9] INFO  impl.LeaderElection (LeaderElection.java:logAndReturn(56)) - 92ce6e48-4722-407a-9620-5998c6999257@group-E964BE911FCC-LeaderElection9: Election REJECTED; received 2 response(s) [92ce6e48-4722-407a-9620-5998c6999257<-6cbfae60-ea29-4abc-a49d-ef94f4bd513a#0:FAIL-t4, 92ce6e48-4722-407a-9620-5998c6999257<-66f9d00c-1e97-4252-958c-bed5a531abda#0:FAIL-t4] and 0 exception(s); 92ce6e48-4722-407a-9620-5998c6999257@group-E964BE911FCC:t4, leader=null, voted=92ce6e48-4722-407a-9620-5998c6999257, raftlog=92ce6e48-4722-407a-9620-5998c6999257@group-E964BE911FCC-SegmentedRaftLog:OPENED:c-1,f-1,i0, conf=-1: [6cbfae60-ea29-4abc-a49d-ef94f4bd513a:192.168.69.85:36685, 66f9d00c-1e97-4252-958c-bed5a531abda:192.168.69.85:45996, 92ce6e48-4722-407a-9620-5998c6999257:192.168.69.85:34971], old=null
2019-10-18 14:01:23,460 [92ce6e48-4722-407a-9620-5998c6999257@group-E964BE911FCC-LeaderElection9] INFO  impl.RaftServerImpl (RaftServerImpl.java:setRole(184)) - 92ce6e48-4722-407a-9620-5998c6999257@group-E964BE911FCC: changes role from CANDIDATE to FOLLOWER at term 4 for DISCOVERED_A_NEW_TERM
2019-10-18 14:01:23,460 [92ce6e48-4722-407a-9620-5998c6999257@group-E964BE911FCC-LeaderElection9] INFO  impl.RoleInfo (RoleInfo.java:shutdownLeaderElection(134)) - 92ce6e48-4722-407a-9620-5998c6999257: shutdown LeaderElection
2019-10-18 14:01:23,462 [92ce6e48-4722-407a-9620-5998c6999257@group-E964BE911FCC-LeaderElection9] INFO  impl.RoleInfo (RoleInfo.java:updateAndGet(143)) - 92ce6e48-4722-407a-9620-5998c6999257: start FollowerState
2019-10-18 14:01:23,463 [grpc-default-executor-0] INFO  server.GrpcLogAppender (GrpcLogAppender.java:onCompleted(308)) - 6cbfae60-ea29-4abc-a49d-ef94f4bd513a@group-E964BE911FCC->66f9d00c-1e97-4252-958c-bed5a531abda-AppendLogResponseHandler: follower responses appendEntries COMPLETED
2019-10-18 14:01:23,465 [grpc-default-executor-0] INFO  impl.FollowerInfo (FollowerInfo.java:lambda$new$0(51)) - 6cbfae60-ea29-4abc-a49d-ef94f4bd513a@group-E964BE911FCC->66f9d00c-1e97-4252-958c-bed5a531abda: nextIndex: updateUnconditionally 0 -> 0
2019-10-18 14:01:23,560 [Thread-264] INFO  impl.FollowerState (FollowerState.java:run(108)) - 92ce6e48-4722-407a-9620-5998c6999257@group-E964BE911FCC-FollowerState: change to CANDIDATE, lastRpcTime:97ms, electionTimeout:97ms
2019-10-18 14:01:23,560 [Thread-264] INFO  impl.RoleInfo (RoleInfo.java:shutdownFollowerState(121)) - 92ce6e48-4722-407a-9620-5998c6999257: shutdown FollowerState
2019-10-18 14:01:23,560 [Thread-264] INFO  impl.RaftServerImpl (RaftServerImpl.java:setRole(184)) - 92ce6e48-4722-407a-9620-5998c6999257@group-E964BE911FCC: changes role from  FOLLOWER to CANDIDATE at term 4 for changeToCandidate
2019-10-18 14:01:23,560 [Thread-264] INFO  impl.RoleInfo (RoleInfo.java:updateAndGet(143)) - 92ce6e48-4722-407a-9620-5998c6999257: start LeaderElection
2019-10-18 14:01:23,587 [92ce6e48-4722-407a-9620-5998c6999257@group-E964BE911FCC-LeaderElection10] INFO  impl.LeaderElection (LeaderElection.java:askForVotes(178)) - 92ce6e48-4722-407a-9620-5998c6999257@group-E964BE911FCC-LeaderElection10: begin an election at term 5 for -1: [6cbfae60-ea29-4abc-a49d-ef94f4bd513a:192.168.69.85:36685, 66f9d00c-1e97-4252-958c-bed5a531abda:192.168.69.85:45996, 92ce6e48-4722-407a-9620-5998c6999257:192.168.69.85:34971], old=null
2019-10-18 14:01:23,592 [grpc-default-executor-0] INFO  impl.RaftServerImpl (RaftServerImpl.java:setRole(184)) - 66f9d00c-1e97-4252-958c-bed5a531abda@group-E964BE911FCC: changes role from  FOLLOWER to FOLLOWER at term 5 for recognizeCandidate:92ce6e48-4722-407a-9620-5998c6999257
2019-10-18 14:01:23,592 [grpc-default-executor-1] INFO  impl.RaftServerImpl (RaftServerImpl.java:setRole(184)) - 6cbfae60-ea29-4abc-a49d-ef94f4bd513a@group-E964BE911FCC: changes role from  FOLLOWER to FOLLOWER at term 5 for recognizeCandidate:92ce6e48-4722-407a-9620-5998c6999257
2019-10-18 14:01:23,592 [grpc-default-executor-0] INFO  impl.RoleInfo (RoleInfo.java:shutdownFollowerState(121)) - 66f9d00c-1e97-4252-958c-bed5a531abda: shutdown FollowerState
2019-10-18 14:01:23,592 [grpc-default-executor-1] INFO  impl.RoleInfo (RoleInfo.java:shutdownFollowerState(121)) - 6cbfae60-ea29-4abc-a49d-ef94f4bd513a: shutdown FollowerState
2019-10-18 14:01:23,592 [Thread-262] INFO  impl.FollowerState (FollowerState.java:run(117)) - 66f9d00c-1e97-4252-958c-bed5a531abda@group-E964BE911FCC-FollowerState was interrupted: java.lang.InterruptedException: sleep interrupted
2019-10-18 14:01:23,592 [grpc-default-executor-0] INFO  impl.RoleInfo (RoleInfo.java:updateAndGet(143)) - 66f9d00c-1e97-4252-958c-bed5a531abda: start FollowerState
2019-10-18 14:01:23,592 [Thread-261] INFO  impl.FollowerState (FollowerState.java:run(117)) - 6cbfae60-ea29-4abc-a49d-ef94f4bd513a@group-E964BE911FCC-FollowerState was interrupted: java.lang.InterruptedException: sleep interrupted
2019-10-18 14:01:23,592 [grpc-default-executor-1] INFO  impl.RoleInfo (RoleInfo.java:updateAndGet(143)) - 6cbfae60-ea29-4abc-a49d-ef94f4bd513a: start FollowerState
2019-10-18 14:01:23,612 [92ce6e48-4722-407a-9620-5998c6999257@group-E964BE911FCC-LeaderElection10] INFO  impl.LeaderElection (LeaderElection.java:logAndReturn(56)) - 92ce6e48-4722-407a-9620-5998c6999257@group-E964BE911FCC-LeaderElection10: Election REJECTED; received 2 response(s) [92ce6e48-4722-407a-9620-5998c6999257<-6cbfae60-ea29-4abc-a49d-ef94f4bd513a#0:FAIL-t5, 92ce6e48-4722-407a-9620-5998c6999257<-66f9d00c-1e97-4252-958c-bed5a531abda#0:FAIL-t5] and 0 exception(s); 92ce6e48-4722-407a-9620-5998c6999257@group-E964BE911FCC:t5, leader=null, voted=92ce6e48-4722-407a-9620-5998c6999257, raftlog=92ce6e48-4722-407a-9620-5998c6999257@group-E964BE911FCC-SegmentedRaftLog:OPENED:c-1,f-1,i0, conf=-1: [6cbfae60-ea29-4abc-a49d-ef94f4bd513a:192.168.69.85:36685, 66f9d00c-1e97-4252-958c-bed5a531abda:192.168.69.85:45996, 92ce6e48-4722-407a-9620-5998c6999257:192.168.69.85:34971], old=null
2019-10-18 14:01:23,612 [92ce6e48-4722-407a-9620-5998c6999257@group-E964BE911FCC-LeaderElection10] INFO  impl.RaftServerImpl (RaftServerImpl.java:setRole(184)) - 92ce6e48-4722-407a-9620-5998c6999257@group-E964BE911FCC: changes role from CANDIDATE to FOLLOWER at term 5 for DISCOVERED_A_NEW_TERM
2019-10-18 14:01:23,613 [92ce6e48-4722-407a-9620-5998c6999257@group-E964BE911FCC-LeaderElection10] INFO  impl.RoleInfo (RoleInfo.java:shutdownLeaderElection(134)) - 92ce6e48-4722-407a-9620-5998c6999257: shutdown LeaderElection
2019-10-18 14:01:23,614 [92ce6e48-4722-407a-9620-5998c6999257@group-E964BE911FCC-LeaderElection10] INFO  impl.RoleInfo (RoleInfo.java:updateAndGet(143)) - 92ce6e48-4722-407a-9620-5998c6999257: start FollowerState
2019-10-18 14:01:23,677 [Thread-270] INFO  impl.FollowerState (FollowerState.java:run(108)) - 92ce6e48-4722-407a-9620-5998c6999257@group-E964BE911FCC-FollowerState: change to CANDIDATE, lastRpcTime:63ms, electionTimeout:63ms
2019-10-18 14:01:23,678 [Thread-270] INFO  impl.RoleInfo (RoleInfo.java:shutdownFollowerState(121)) - 92ce6e48-4722-407a-9620-5998c6999257: shutdown FollowerState
2019-10-18 14:01:23,678 [Thread-270] INFO  impl.RaftServerImpl (RaftServerImpl.java:setRole(184)) - 92ce6e48-4722-407a-9620-5998c6999257@group-E964BE911FCC: changes role from  FOLLOWER to CANDIDATE at term 5 for changeToCandidate
2019-10-18 14:01:23,679 [Thread-270] INFO  impl.RoleInfo (RoleInfo.java:updateAndGet(143)) - 92ce6e48-4722-407a-9620-5998c6999257: start LeaderElection
2019-10-18 14:01:23,694 [92ce6e48-4722-407a-9620-5998c6999257@group-E964BE911FCC-LeaderElection11] INFO  impl.LeaderElection (LeaderElection.java:askForVotes(178)) - 92ce6e48-4722-407a-9620-5998c6999257@group-E964BE911FCC-LeaderElection11: begin an election at term 6 for -1: [6cbfae60-ea29-4abc-a49d-ef94f4bd513a:192.168.69.85:36685, 66f9d00c-1e97-4252-958c-bed5a531abda:192.168.69.85:45996, 92ce6e48-4722-407a-9620-5998c6999257:192.168.69.85:34971], old=null
2019-10-18 14:01:23,700 [grpc-default-executor-0] INFO  impl.RaftServerImpl (RaftServerImpl.java:setRole(184)) - 66f9d00c-1e97-4252-958c-bed5a531abda@group-E964BE911FCC: changes role from  FOLLOWER to FOLLOWER at term 6 for recognizeCandidate:92ce6e48-4722-407a-9620-5998c6999257
2019-10-18 14:01:23,700 [grpc-default-executor-0] INFO  impl.RoleInfo (RoleInfo.java:shutdownFollowerState(121)) - 66f9d00c-1e97-4252-958c-bed5a531abda: shutdown FollowerState
2019-10-18 14:01:23,700 [grpc-default-executor-1] INFO  impl.RaftServerImpl (RaftServerImpl.java:setRole(184)) - 6cbfae60-ea29-4abc-a49d-ef94f4bd513a@group-E964BE911FCC: changes role from  FOLLOWER to FOLLOWER at term 6 for recognizeCandidate:92ce6e48-4722-407a-9620-5998c6999257
2019-10-18 14:01:23,701 [grpc-default-executor-0] INFO  impl.RoleInfo (RoleInfo.java:updateAndGet(143)) - 66f9d00c-1e97-4252-958c-bed5a531abda: start FollowerState
2019-10-18 14:01:23,701 [Thread-268] INFO  impl.FollowerState (FollowerState.java:run(117)) - 66f9d00c-1e97-4252-958c-bed5a531abda@group-E964BE911FCC-FollowerState was interrupted: java.lang.InterruptedException: sleep interrupted
2019-10-18 14:01:23,701 [grpc-default-executor-1] INFO  impl.RoleInfo (RoleInfo.java:shutdownFollowerState(121)) - 6cbfae60-ea29-4abc-a49d-ef94f4bd513a: shutdown FollowerState
2019-10-18 14:01:23,702 [Thread-269] INFO  impl.FollowerState (FollowerState.java:run(117)) - 6cbfae60-ea29-4abc-a49d-ef94f4bd513a@group-E964BE911FCC-FollowerState was interrupted: java.lang.InterruptedException: sleep interrupted
2019-10-18 14:01:23,702 [grpc-default-executor-1] INFO  impl.RoleInfo (RoleInfo.java:updateAndGet(143)) - 6cbfae60-ea29-4abc-a49d-ef94f4bd513a: start FollowerState
2019-10-18 14:01:23,711 [92ce6e48-4722-407a-9620-5998c6999257@group-E964BE911FCC-LeaderElection11] INFO  impl.LeaderElection (LeaderElection.java:logAndReturn(56)) - 92ce6e48-4722-407a-9620-5998c6999257@group-E964BE911FCC-LeaderElection11: Election REJECTED; received 2 response(s) [92ce6e48-4722-407a-9620-5998c6999257<-6cbfae60-ea29-4abc-a49d-ef94f4bd513a#0:FAIL-t6, 92ce6e48-4722-407a-9620-5998c6999257<-66f9d00c-1e97-4252-958c-bed5a531abda#0:FAIL-t6] and 0 exception(s); 92ce6e48-4722-407a-9620-5998c6999257@group-E964BE911FCC:t6, leader=null, voted=92ce6e48-4722-407a-9620-5998c6999257, raftlog=92ce6e48-4722-407a-9620-5998c6999257@group-E964BE911FCC-SegmentedRaftLog:OPENED:c-1,f-1,i0, conf=-1: [6cbfae60-ea29-4abc-a49d-ef94f4bd513a:192.168.69.85:36685, 66f9d00c-1e97-4252-958c-bed5a531abda:192.168.69.85:45996, 92ce6e48-4722-407a-9620-5998c6999257:192.168.69.85:34971], old=null
2019-10-18 14:01:23,711 [92ce6e48-4722-407a-9620-5998c6999257@group-E964BE911FCC-LeaderElection11] INFO  impl.RaftServerImpl (RaftServerImpl.java:setRole(184)) - 92ce6e48-4722-407a-9620-5998c6999257@group-E964BE911FCC: changes role from CANDIDATE to FOLLOWER at term 6 for DISCOVERED_A_NEW_TERM
2019-10-18 14:01:23,712 [92ce6e48-4722-407a-9620-5998c6999257@group-E964BE911FCC-LeaderElection11] INFO  impl.RoleInfo (RoleInfo.java:shutdownLeaderElection(134)) - 92ce6e48-4722-407a-9620-5998c6999257: shutdown LeaderElection
2019-10-18 14:01:23,712 [92ce6e48-4722-407a-9620-5998c6999257@group-E964BE911FCC-LeaderElection11] INFO  impl.RoleInfo (RoleInfo.java:updateAndGet(143)) - 92ce6e48-4722-407a-9620-5998c6999257: start FollowerState
2019-10-18 14:01:23,843 [Thread-276] INFO  impl.FollowerState (FollowerState.java:run(108)) - 92ce6e48-4722-407a-9620-5998c6999257@group-E964BE911FCC-FollowerState: change to CANDIDATE, lastRpcTime:130ms, electionTimeout:129ms
2019-10-18 14:01:23,844 [Thread-276] INFO  impl.RoleInfo (RoleInfo.java:shutdownFollowerState(121)) - 92ce6e48-4722-407a-9620-5998c6999257: shutdown FollowerState
2019-10-18 14:01:23,844 [Thread-276] INFO  impl.RaftServerImpl (RaftServerImpl.java:setRole(184)) - 92ce6e48-4722-407a-9620-5998c6999257@group-E964BE911FCC: changes role from  FOLLOWER to CANDIDATE at term 6 for changeToCandidate
2019-10-18 14:01:23,844 [Thread-276] INFO  impl.RoleInfo (RoleInfo.java:updateAndGet(143)) - 92ce6e48-4722-407a-9620-5998c6999257: start LeaderElection
2019-10-18 14:01:23,874 [92ce6e48-4722-407a-9620-5998c6999257@group-E964BE911FCC-LeaderElection12] INFO  impl.LeaderElection (LeaderElection.java:askForVotes(178)) - 92ce6e48-4722-407a-9620-5998c6999257@group-E964BE911FCC-LeaderElection12: begin an election at term 7 for -1: [6cbfae60-ea29-4abc-a49d-ef94f4bd513a:192.168.69.85:36685, 66f9d00c-1e97-4252-958c-bed5a531abda:192.168.69.85:45996, 92ce6e48-4722-407a-9620-5998c6999257:192.168.69.85:34971], old=null
2019-10-18 14:01:23,880 [grpc-default-executor-0] INFO  impl.RaftServerImpl (RaftServerImpl.java:setRole(184)) - 6cbfae60-ea29-4abc-a49d-ef94f4bd513a@group-E964BE911FCC: changes role from  FOLLOWER to FOLLOWER at term 7 for recognizeCandidate:92ce6e48-4722-407a-9620-5998c6999257
2019-10-18 14:01:23,880 [grpc-default-executor-0] INFO  impl.RoleInfo (RoleInfo.java:shutdownFollowerState(121)) - 6cbfae60-ea29-4abc-a49d-ef94f4bd513a: shutdown FollowerState
2019-10-18 14:01:23,880 [grpc-default-executor-1] INFO  impl.RaftServerImpl (RaftServerImpl.java:setRole(184)) - 66f9d00c-1e97-4252-958c-bed5a531abda@group-E964BE911FCC: changes role from  FOLLOWER to FOLLOWER at term 7 for recognizeCandidate:92ce6e48-4722-407a-9620-5998c6999257
2019-10-18 14:01:23,880 [Thread-275] INFO  impl.FollowerState (FollowerState.java:run(117)) - 6cbfae60-ea29-4abc-a49d-ef94f4bd513a@group-E964BE911FCC-FollowerState was interrupted: java.lang.InterruptedException: sleep interrupted
2019-10-18 14:01:23,880 [grpc-default-executor-0] INFO  impl.RoleInfo (RoleInfo.java:updateAndGet(143)) - 6cbfae60-ea29-4abc-a49d-ef94f4bd513a: start FollowerState
2019-10-18 14:01:23,881 [grpc-default-executor-1] INFO  impl.RoleInfo (RoleInfo.java:shutdownFollowerState(121)) - 66f9d00c-1e97-4252-958c-bed5a531abda: shutdown FollowerState
2019-10-18 14:01:23,881 [Thread-274] INFO  impl.FollowerState (FollowerState.java:run(117)) - 66f9d00c-1e97-4252-958c-bed5a531abda@group-E964BE911FCC-FollowerState was interrupted: java.lang.InterruptedException: sleep interrupted
2019-10-18 14:01:23,881 [grpc-default-executor-1] INFO  impl.RoleInfo (RoleInfo.java:updateAndGet(143)) - 66f9d00c-1e97-4252-958c-bed5a531abda: start FollowerState
2019-10-18 14:01:23,897 [92ce6e48-4722-407a-9620-5998c6999257@group-E964BE911FCC-LeaderElection12] INFO  impl.LeaderElection (LeaderElection.java:logAndReturn(56)) - 92ce6e48-4722-407a-9620-5998c6999257@group-E964BE911FCC-LeaderElection12: Election REJECTED; received 2 response(s) [92ce6e48-4722-407a-9620-5998c6999257<-6cbfae60-ea29-4abc-a49d-ef94f4bd513a#0:FAIL-t7, 92ce6e48-4722-407a-9620-5998c6999257<-66f9d00c-1e97-4252-958c-bed5a531abda#0:FAIL-t7] and 0 exception(s); 92ce6e48-4722-407a-9620-5998c6999257@group-E964BE911FCC:t7, leader=null, voted=92ce6e48-4722-407a-9620-5998c6999257, raftlog=92ce6e48-4722-407a-9620-5998c6999257@group-E964BE911FCC-SegmentedRaftLog:OPENED:c-1,f-1,i0, conf=-1: [6cbfae60-ea29-4abc-a49d-ef94f4bd513a:192.168.69.85:36685, 66f9d00c-1e97-4252-958c-bed5a531abda:192.168.69.85:45996, 92ce6e48-4722-407a-9620-5998c6999257:192.168.69.85:34971], old=null
2019-10-18 14:01:23,897 [92ce6e48-4722-407a-9620-5998c6999257@group-E964BE911FCC-LeaderElection12] INFO  impl.RaftServerImpl (RaftServerImpl.java:setRole(184)) - 92ce6e48-4722-407a-9620-5998c6999257@group-E964BE911FCC: changes role from CANDIDATE to FOLLOWER at term 7 for DISCOVERED_A_NEW_TERM
2019-10-18 14:01:23,898 [92ce6e48-4722-407a-9620-5998c6999257@group-E964BE911FCC-LeaderElection12] INFO  impl.RoleInfo (RoleInfo.java:shutdownLeaderElection(134)) - 92ce6e48-4722-407a-9620-5998c6999257: shutdown LeaderElection
2019-10-18 14:01:23,899 [92ce6e48-4722-407a-9620-5998c6999257@group-E964BE911FCC-LeaderElection12] INFO  impl.RoleInfo (RoleInfo.java:updateAndGet(143)) - 92ce6e48-4722-407a-9620-5998c6999257: start FollowerState
2019-10-18 14:01:24,191 [Thread-283] INFO  impl.FollowerState (FollowerState.java:run(108)) - 92ce6e48-4722-407a-9620-5998c6999257@group-E964BE911FCC-FollowerState: change to CANDIDATE, lastRpcTime:291ms, electionTimeout:14ms
2019-10-18 14:01:24,192 [Thread-283] INFO  impl.RoleInfo (RoleInfo.java:shutdownFollowerState(121)) - 92ce6e48-4722-407a-9620-5998c6999257: shutdown FollowerState
2019-10-18 14:01:24,193 [Thread-283] INFO  impl.RaftServerImpl (RaftServerImpl.java:setRole(184)) - 92ce6e48-4722-407a-9620-5998c6999257@group-E964BE911FCC: changes role from  FOLLOWER to CANDIDATE at term 7 for changeToCandidate
2019-10-18 14:01:24,193 [Thread-283] INFO  impl.RoleInfo (RoleInfo.java:updateAndGet(143)) - 92ce6e48-4722-407a-9620-5998c6999257: start LeaderElection
2019-10-18 14:01:24,217 [92ce6e48-4722-407a-9620-5998c6999257@group-E964BE911FCC-LeaderElection13] INFO  impl.LeaderElection (LeaderElection.java:askForVotes(178)) - 92ce6e48-4722-407a-9620-5998c6999257@group-E964BE911FCC-LeaderElection13: begin an election at term 8 for -1: [6cbfae60-ea29-4abc-a49d-ef94f4bd513a:192.168.69.85:36685, 66f9d00c-1e97-4252-958c-bed5a531abda:192.168.69.85:45996, 92ce6e48-4722-407a-9620-5998c6999257:192.168.69.85:34971], old=null
2019-10-18 14:01:24,224 [grpc-default-executor-1] INFO  impl.RaftServerImpl (RaftServerImpl.java:setRole(184)) - 6cbfae60-ea29-4abc-a49d-ef94f4bd513a@group-E964BE911FCC: changes role from  FOLLOWER to FOLLOWER at term 8 for recognizeCandidate:92ce6e48-4722-407a-9620-5998c6999257
2019-10-18 14:01:24,224 [grpc-default-executor-1] INFO  impl.RoleInfo (RoleInfo.java:shutdownFollowerState(121)) - 6cbfae60-ea29-4abc-a49d-ef94f4bd513a: shutdown FollowerState
2019-10-18 14:01:24,224 [Thread-281] INFO  impl.FollowerState (FollowerState.java:run(117)) - 6cbfae60-ea29-4abc-a49d-ef94f4bd513a@group-E964BE911FCC-FollowerState was interrupted: java.lang.InterruptedException: sleep interrupted
2019-10-18 14:01:24,224 [grpc-default-executor-1] INFO  impl.RoleInfo (RoleInfo.java:updateAndGet(143)) - 6cbfae60-ea29-4abc-a49d-ef94f4bd513a: start FollowerState
2019-10-18 14:01:24,225 [grpc-default-executor-0] INFO  impl.RaftServerImpl (RaftServerImpl.java:setRole(184)) - 66f9d00c-1e97-4252-958c-bed5a531abda@group-E964BE911FCC: changes role from  FOLLOWER to FOLLOWER at term 8 for recognizeCandidate:92ce6e48-4722-407a-9620-5998c6999257
2019-10-18 14:01:24,226 [grpc-default-executor-0] INFO  impl.RoleInfo (RoleInfo.java:shutdownFollowerState(121)) - 66f9d00c-1e97-4252-958c-bed5a531abda: shutdown FollowerState
2019-10-18 14:01:24,226 [Thread-282] INFO  impl.FollowerState (FollowerState.java:run(117)) - 66f9d00c-1e97-4252-958c-bed5a531abda@group-E964BE911FCC-FollowerState was interrupted: java.lang.InterruptedException: sleep interrupted
2019-10-18 14:01:24,226 [grpc-default-executor-0] INFO  impl.RoleInfo (RoleInfo.java:updateAndGet(143)) - 66f9d00c-1e97-4252-958c-bed5a531abda: start FollowerState
2019-10-18 14:01:24,247 [92ce6e48-4722-407a-9620-5998c6999257@group-E964BE911FCC-LeaderElection13] INFO  impl.LeaderElection (LeaderElection.java:logAndReturn(56)) - 92ce6e48-4722-407a-9620-5998c6999257@group-E964BE911FCC-LeaderElection13: Election REJECTED; received 2 response(s) [92ce6e48-4722-407a-9620-5998c6999257<-6cbfae60-ea29-4abc-a49d-ef94f4bd513a#0:FAIL-t8, 92ce6e48-4722-407a-9620-5998c6999257<-66f9d00c-1e97-4252-958c-bed5a531abda#0:FAIL-t8] and 0 exception(s); 92ce6e48-4722-407a-9620-5998c6999257@group-E964BE911FCC:t8, leader=null, voted=92ce6e48-4722-407a-9620-5998c6999257, raftlog=92ce6e48-4722-407a-9620-5998c6999257@group-E964BE911FCC-SegmentedRaftLog:OPENED:c-1,f-1,i0, conf=-1: [6cbfae60-ea29-4abc-a49d-ef94f4bd513a:192.168.69.85:36685, 66f9d00c-1e97-4252-958c-bed5a531abda:192.168.69.85:45996, 92ce6e48-4722-407a-9620-5998c6999257:192.168.69.85:34971], old=null
2019-10-18 14:01:24,248 [92ce6e48-4722-407a-9620-5998c6999257@group-E964BE911FCC-LeaderElection13] INFO  impl.RaftServerImpl (RaftServerImpl.java:setRole(184)) - 92ce6e48-4722-407a-9620-5998c6999257@group-E964BE911FCC: changes role from CANDIDATE to FOLLOWER at term 8 for DISCOVERED_A_NEW_TERM
2019-10-18 14:01:24,249 [92ce6e48-4722-407a-9620-5998c6999257@group-E964BE911FCC-LeaderElection13] INFO  impl.RoleInfo (RoleInfo.java:shutdownLeaderElection(134)) - 92ce6e48-4722-407a-9620-5998c6999257: shutdown LeaderElection
2019-10-18 14:01:24,249 [92ce6e48-4722-407a-9620-5998c6999257@group-E964BE911FCC-LeaderElection13] INFO  impl.RoleInfo (RoleInfo.java:updateAndGet(143)) - 92ce6e48-4722-407a-9620-5998c6999257: start FollowerState
2019-10-18 14:01:24,360 [Thread-289] INFO  impl.FollowerState (FollowerState.java:run(108)) - 92ce6e48-4722-407a-9620-5998c6999257@group-E964BE911FCC-FollowerState: change to CANDIDATE, lastRpcTime:110ms, electionTimeout:109ms
2019-10-18 14:01:24,361 [Thread-289] INFO  impl.RoleInfo (RoleInfo.java:shutdownFollowerState(121)) - 92ce6e48-4722-407a-9620-5998c6999257: shutdown FollowerState
2019-10-18 14:01:24,361 [Thread-289] INFO  impl.RaftServerImpl (RaftServerImpl.java:setRole(184)) - 92ce6e48-4722-407a-9620-5998c6999257@group-E964BE911FCC: changes role from  FOLLOWER to CANDIDATE at term 8 for changeToCandidate
2019-10-18 14:01:24,362 [Thread-289] INFO  impl.RoleInfo (RoleInfo.java:updateAndGet(143)) - 92ce6e48-4722-407a-9620-5998c6999257: start LeaderElection
2019-10-18 14:01:24,388 [92ce6e48-4722-407a-9620-5998c6999257@group-E964BE911FCC-LeaderElection14] INFO  impl.LeaderElection (LeaderElection.java:askForVotes(178)) - 92ce6e48-4722-407a-9620-5998c6999257@group-E964BE911FCC-LeaderElection14: begin an election at term 9 for -1: [6cbfae60-ea29-4abc-a49d-ef94f4bd513a:192.168.69.85:36685, 66f9d00c-1e97-4252-958c-bed5a531abda:192.168.69.85:45996, 92ce6e48-4722-407a-9620-5998c6999257:192.168.69.85:34971], old=null
2019-10-18 14:01:24,392 [grpc-default-executor-0] INFO  impl.RaftServerImpl (RaftServerImpl.java:setRole(184)) - 6cbfae60-ea29-4abc-a49d-ef94f4bd513a@group-E964BE911FCC: changes role from  FOLLOWER to FOLLOWER at term 9 for recognizeCandidate:92ce6e48-4722-407a-9620-5998c6999257
2019-10-18 14:01:24,392 [grpc-default-executor-1] INFO  impl.RaftServerImpl (RaftServerImpl.java:setRole(184)) - 66f9d00c-1e97-4252-958c-bed5a531abda@group-E964BE911FCC: changes role from  FOLLOWER to FOLLOWER at term 9 for recognizeCandidate:92ce6e48-4722-407a-9620-5998c6999257
2019-10-18 14:01:24,392 [grpc-default-executor-0] INFO  impl.RoleInfo (RoleInfo.java:shutdownFollowerState(121)) - 6cbfae60-ea29-4abc-a49d-ef94f4bd513a: shutdown FollowerState
2019-10-18 14:01:24,393 [grpc-default-executor-1] INFO  impl.RoleInfo (RoleInfo.java:shutdownFollowerState(121)) - 66f9d00c-1e97-4252-958c-bed5a531abda: shutdown FollowerState
2019-10-18 14:01:24,393 [grpc-default-executor-0] INFO  impl.RoleInfo (RoleInfo.java:updateAndGet(143)) - 6cbfae60-ea29-4abc-a49d-ef94f4bd513a: start FollowerState
2019-10-18 14:01:24,393 [grpc-default-executor-1] INFO  impl.RoleInfo (RoleInfo.java:updateAndGet(143)) - 66f9d00c-1e97-4252-958c-bed5a531abda: start FollowerState
2019-10-18 14:01:24,393 [Thread-287] INFO  impl.FollowerState (FollowerState.java:run(117)) - 6cbfae60-ea29-4abc-a49d-ef94f4bd513a@group-E964BE911FCC-FollowerState was interrupted: java.lang.InterruptedException: sleep interrupted
2019-10-18 14:01:24,393 [Thread-292] INFO  rpc.RpcClient (RpcClient.java:createVolume(272)) - Creating Volume: bbd62bff-6104-46bb-891e-8fc378861588, with jenkins1000 as owner.
2019-10-18 14:01:24,393 [Thread-288] INFO  impl.FollowerState (FollowerState.java:run(117)) - 66f9d00c-1e97-4252-958c-bed5a531abda@group-E964BE911FCC-FollowerState was interrupted: java.lang.InterruptedException: sleep interrupted
2019-10-18 14:01:24,422 [92ce6e48-4722-407a-9620-5998c6999257@group-E964BE911FCC-LeaderElection14] INFO  impl.LeaderElection (LeaderElection.java:logAndReturn(56)) - 92ce6e48-4722-407a-9620-5998c6999257@group-E964BE911FCC-LeaderElection14: Election REJECTED; received 2 response(s) [92ce6e48-4722-407a-9620-5998c6999257<-6cbfae60-ea29-4abc-a49d-ef94f4bd513a#0:FAIL-t9, 92ce6e48-4722-407a-9620-5998c6999257<-66f9d00c-1e97-4252-958c-bed5a531abda#0:FAIL-t9] and 0 exception(s); 92ce6e48-4722-407a-9620-5998c6999257@group-E964BE911FCC:t9, leader=null, voted=92ce6e48-4722-407a-9620-5998c6999257, raftlog=92ce6e48-4722-407a-9620-5998c6999257@group-E964BE911FCC-SegmentedRaftLog:OPENED:c-1,f-1,i0, conf=-1: [6cbfae60-ea29-4abc-a49d-ef94f4bd513a:192.168.69.85:36685, 66f9d00c-1e97-4252-958c-bed5a531abda:192.168.69.85:45996, 92ce6e48-4722-407a-9620-5998c6999257:192.168.69.85:34971], old=null
2019-10-18 14:01:24,423 [92ce6e48-4722-407a-9620-5998c6999257@group-E964BE911FCC-LeaderElection14] INFO  impl.RaftServerImpl (RaftServerImpl.java:setRole(184)) - 92ce6e48-4722-407a-9620-5998c6999257@group-E964BE911FCC: changes role from CANDIDATE to FOLLOWER at term 9 for DISCOVERED_A_NEW_TERM
2019-10-18 14:01:24,423 [92ce6e48-4722-407a-9620-5998c6999257@group-E964BE911FCC-LeaderElection14] INFO  impl.RoleInfo (RoleInfo.java:shutdownLeaderElection(134)) - 92ce6e48-4722-407a-9620-5998c6999257: shutdown LeaderElection
2019-10-18 14:01:24,424 [92ce6e48-4722-407a-9620-5998c6999257@group-E964BE911FCC-LeaderElection14] INFO  impl.RoleInfo (RoleInfo.java:updateAndGet(143)) - 92ce6e48-4722-407a-9620-5998c6999257: start FollowerState
2019-10-18 14:01:24,515 [OM StateMachine ApplyTransaction Thread - 0] INFO  volume.OMVolumeCreateRequest (OMVolumeCreateRequest.java:validateAndUpdateCache(193)) - created volume:bbd62bff-6104-46bb-891e-8fc378861588 for user:jenkins1000
2019-10-18 14:01:24,552 [Thread-292] INFO  rpc.RpcClient (RpcClient.java:createBucket(411)) - Creating Bucket: bbd62bff-6104-46bb-891e-8fc378861588/0ec57838-3764-4935-8be2-b232a61f77ec, with Versioning false and Storage Type set to DISK and Encryption set to false 
2019-10-18 14:01:24,605 [Thread-298] INFO  impl.FollowerState (FollowerState.java:run(108)) - 92ce6e48-4722-407a-9620-5998c6999257@group-E964BE911FCC-FollowerState: change to CANDIDATE, lastRpcTime:180ms, electionTimeout:177ms
2019-10-18 14:01:24,605 [Thread-298] INFO  impl.RoleInfo (RoleInfo.java:shutdownFollowerState(121)) - 92ce6e48-4722-407a-9620-5998c6999257: shutdown FollowerState
2019-10-18 14:01:24,605 [Thread-298] INFO  impl.RaftServerImpl (RaftServerImpl.java:setRole(184)) - 92ce6e48-4722-407a-9620-5998c6999257@group-E964BE911FCC: changes role from  FOLLOWER to CANDIDATE at term 9 for changeToCandidate
2019-10-18 14:01:24,606 [Thread-298] INFO  impl.RoleInfo (RoleInfo.java:updateAndGet(143)) - 92ce6e48-4722-407a-9620-5998c6999257: start LeaderElection
2019-10-18 14:01:24,623 [92ce6e48-4722-407a-9620-5998c6999257@group-E964BE911FCC-LeaderElection15] INFO  impl.LeaderElection (LeaderElection.java:askForVotes(178)) - 92ce6e48-4722-407a-9620-5998c6999257@group-E964BE911FCC-LeaderElection15: begin an election at term 10 for -1: [6cbfae60-ea29-4abc-a49d-ef94f4bd513a:192.168.69.85:36685, 66f9d00c-1e97-4252-958c-bed5a531abda:192.168.69.85:45996, 92ce6e48-4722-407a-9620-5998c6999257:192.168.69.85:34971], old=null
2019-10-18 14:01:24,627 [92ce6e48-4722-407a-9620-5998c6999257@group-E964BE911FCC-LeaderElection15] INFO  impl.LeaderElection (LeaderElection.java:logAndReturn(56)) - 92ce6e48-4722-407a-9620-5998c6999257@group-E964BE911FCC-LeaderElection15: Election TIMEOUT; received 0 response(s) [] and 0 exception(s); 92ce6e48-4722-407a-9620-5998c6999257@group-E964BE911FCC:t10, leader=null, voted=92ce6e48-4722-407a-9620-5998c6999257, raftlog=92ce6e48-4722-407a-9620-5998c6999257@group-E964BE911FCC-SegmentedRaftLog:OPENED:c-1,f-1,i0, conf=-1: [6cbfae60-ea29-4abc-a49d-ef94f4bd513a:192.168.69.85:36685, 66f9d00c-1e97-4252-958c-bed5a531abda:192.168.69.85:45996, 92ce6e48-4722-407a-9620-5998c6999257:192.168.69.85:34971], old=null
2019-10-18 14:01:24,629 [grpc-default-executor-0] INFO  impl.RaftServerImpl (RaftServerImpl.java:setRole(184)) - 66f9d00c-1e97-4252-958c-bed5a531abda@group-E964BE911FCC: changes role from  FOLLOWER to FOLLOWER at term 10 for recognizeCandidate:92ce6e48-4722-407a-9620-5998c6999257
2019-10-18 14:01:24,630 [grpc-default-executor-1] INFO  impl.RaftServerImpl (RaftServerImpl.java:setRole(184)) - 6cbfae60-ea29-4abc-a49d-ef94f4bd513a@group-E964BE911FCC: changes role from  FOLLOWER to FOLLOWER at term 10 for recognizeCandidate:92ce6e48-4722-407a-9620-5998c6999257
2019-10-18 14:01:24,630 [grpc-default-executor-0] INFO  impl.RoleInfo (RoleInfo.java:shutdownFollowerState(121)) - 66f9d00c-1e97-4252-958c-bed5a531abda: shutdown FollowerState
2019-10-18 14:01:24,631 [grpc-default-executor-1] INFO  impl.RoleInfo (RoleInfo.java:shutdownFollowerState(121)) - 6cbfae60-ea29-4abc-a49d-ef94f4bd513a: shutdown FollowerState
2019-10-18 14:01:24,631 [grpc-default-executor-0] INFO  impl.RoleInfo (RoleInfo.java:updateAndGet(143)) - 66f9d00c-1e97-4252-958c-bed5a531abda: start FollowerState
2019-10-18 14:01:24,631 [Thread-296] INFO  impl.FollowerState (FollowerState.java:run(117)) - 6cbfae60-ea29-4abc-a49d-ef94f4bd513a@group-E964BE911FCC-FollowerState was interrupted: java.lang.InterruptedException: sleep interrupted
2019-10-18 14:01:24,631 [grpc-default-executor-1] INFO  impl.RoleInfo (RoleInfo.java:updateAndGet(143)) - 6cbfae60-ea29-4abc-a49d-ef94f4bd513a: start FollowerState
2019-10-18 14:01:24,631 [Thread-297] INFO  impl.FollowerState (FollowerState.java:run(117)) - 66f9d00c-1e97-4252-958c-bed5a531abda@group-E964BE911FCC-FollowerState was interrupted: java.lang.InterruptedException: sleep interrupted
2019-10-18 14:01:24,642 [92ce6e48-4722-407a-9620-5998c6999257@group-E964BE911FCC-LeaderElection15] INFO  impl.LeaderElection (LeaderElection.java:askForVotes(178)) - 92ce6e48-4722-407a-9620-5998c6999257@group-E964BE911FCC-LeaderElection15: begin an election at term 11 for -1: [6cbfae60-ea29-4abc-a49d-ef94f4bd513a:192.168.69.85:36685, 66f9d00c-1e97-4252-958c-bed5a531abda:192.168.69.85:45996, 92ce6e48-4722-407a-9620-5998c6999257:192.168.69.85:34971], old=null
2019-10-18 14:01:24,648 [grpc-default-executor-0] INFO  impl.RaftServerImpl (RaftServerImpl.java:setRole(184)) - 66f9d00c-1e97-4252-958c-bed5a531abda@group-E964BE911FCC: changes role from  FOLLOWER to FOLLOWER at term 11 for recognizeCandidate:92ce6e48-4722-407a-9620-5998c6999257
2019-10-18 14:01:24,648 [grpc-default-executor-1] INFO  impl.RaftServerImpl (RaftServerImpl.java:setRole(184)) - 6cbfae60-ea29-4abc-a49d-ef94f4bd513a@group-E964BE911FCC: changes role from  FOLLOWER to FOLLOWER at term 11 for recognizeCandidate:92ce6e48-4722-407a-9620-5998c6999257
2019-10-18 14:01:24,648 [grpc-default-executor-0] INFO  impl.RoleInfo (RoleInfo.java:shutdownFollowerState(121)) - 66f9d00c-1e97-4252-958c-bed5a531abda: shutdown FollowerState
2019-10-18 14:01:24,648 [grpc-default-executor-1] INFO  impl.RoleInfo (RoleInfo.java:shutdownFollowerState(121)) - 6cbfae60-ea29-4abc-a49d-ef94f4bd513a: shutdown FollowerState
2019-10-18 14:01:24,648 [Thread-302] INFO  impl.FollowerState (FollowerState.java:run(117)) - 66f9d00c-1e97-4252-958c-bed5a531abda@group-E964BE911FCC-FollowerState was interrupted: java.lang.InterruptedException: sleep interrupted
2019-10-18 14:01:24,648 [grpc-default-executor-1] INFO  impl.RoleInfo (RoleInfo.java:updateAndGet(143)) - 6cbfae60-ea29-4abc-a49d-ef94f4bd513a: start FollowerState
2019-10-18 14:01:24,648 [grpc-default-executor-0] INFO  impl.RoleInfo (RoleInfo.java:updateAndGet(143)) - 66f9d00c-1e97-4252-958c-bed5a531abda: start FollowerState
2019-10-18 14:01:24,648 [Thread-303] INFO  impl.FollowerState (FollowerState.java:run(117)) - 6cbfae60-ea29-4abc-a49d-ef94f4bd513a@group-E964BE911FCC-FollowerState was interrupted: java.lang.InterruptedException: sleep interrupted
2019-10-18 14:01:24,653 [92ce6e48-4722-407a-9620-5998c6999257@group-E964BE911FCC-LeaderElection15] INFO  impl.LeaderElection (LeaderElection.java:logAndReturn(56)) - 92ce6e48-4722-407a-9620-5998c6999257@group-E964BE911FCC-LeaderElection15: Election TIMEOUT; received 0 response(s) [] and 0 exception(s); 92ce6e48-4722-407a-9620-5998c6999257@group-E964BE911FCC:t11, leader=null, voted=92ce6e48-4722-407a-9620-5998c6999257, raftlog=92ce6e48-4722-407a-9620-5998c6999257@group-E964BE911FCC-SegmentedRaftLog:OPENED:c-1,f-1,i0, conf=-1: [6cbfae60-ea29-4abc-a49d-ef94f4bd513a:192.168.69.85:36685, 66f9d00c-1e97-4252-958c-bed5a531abda:192.168.69.85:45996, 92ce6e48-4722-407a-9620-5998c6999257:192.168.69.85:34971], old=null
2019-10-18 14:01:24,665 [92ce6e48-4722-407a-9620-5998c6999257@group-E964BE911FCC-LeaderElection15] INFO  impl.LeaderElection (LeaderElection.java:askForVotes(178)) - 92ce6e48-4722-407a-9620-5998c6999257@group-E964BE911FCC-LeaderElection15: begin an election at term 12 for -1: [6cbfae60-ea29-4abc-a49d-ef94f4bd513a:192.168.69.85:36685, 66f9d00c-1e97-4252-958c-bed5a531abda:192.168.69.85:45996, 92ce6e48-4722-407a-9620-5998c6999257:192.168.69.85:34971], old=null
2019-10-18 14:01:24,670 [grpc-default-executor-1] INFO  impl.RaftServerImpl (RaftServerImpl.java:setRole(184)) - 6cbfae60-ea29-4abc-a49d-ef94f4bd513a@group-E964BE911FCC: changes role from  FOLLOWER to FOLLOWER at term 12 for recognizeCandidate:92ce6e48-4722-407a-9620-5998c6999257
2019-10-18 14:01:24,671 [grpc-default-executor-0] INFO  impl.RaftServerImpl (RaftServerImpl.java:setRole(184)) - 66f9d00c-1e97-4252-958c-bed5a531abda@group-E964BE911FCC: changes role from  FOLLOWER to FOLLOWER at term 12 for recognizeCandidate:92ce6e48-4722-407a-9620-5998c6999257
2019-10-18 14:01:24,671 [grpc-default-executor-1] INFO  impl.RoleInfo (RoleInfo.java:shutdownFollowerState(121)) - 6cbfae60-ea29-4abc-a49d-ef94f4bd513a: shutdown FollowerState
2019-10-18 14:01:24,671 [grpc-default-executor-0] INFO  impl.RoleInfo (RoleInfo.java:shutdownFollowerState(121)) - 66f9d00c-1e97-4252-958c-bed5a531abda: shutdown FollowerState
2019-10-18 14:01:24,671 [grpc-default-executor-1] INFO  impl.RoleInfo (RoleInfo.java:updateAndGet(143)) - 6cbfae60-ea29-4abc-a49d-ef94f4bd513a: start FollowerState
2019-10-18 14:01:24,671 [Thread-307] INFO  impl.FollowerState (FollowerState.java:run(117)) - 6cbfae60-ea29-4abc-a49d-ef94f4bd513a@group-E964BE911FCC-FollowerState was interrupted: java.lang.InterruptedException: sleep interrupted
2019-10-18 14:01:24,671 [grpc-default-executor-0] INFO  impl.RoleInfo (RoleInfo.java:updateAndGet(143)) - 66f9d00c-1e97-4252-958c-bed5a531abda: start FollowerState
2019-10-18 14:01:24,671 [Thread-306] INFO  impl.FollowerState (FollowerState.java:run(117)) - 66f9d00c-1e97-4252-958c-bed5a531abda@group-E964BE911FCC-FollowerState was interrupted: java.lang.InterruptedException: sleep interrupted
2019-10-18 14:01:24,690 [92ce6e48-4722-407a-9620-5998c6999257@group-E964BE911FCC-LeaderElection15] INFO  impl.LeaderElection (LeaderElection.java:logAndReturn(56)) - 92ce6e48-4722-407a-9620-5998c6999257@group-E964BE911FCC-LeaderElection15: Election REJECTED; received 2 response(s) [92ce6e48-4722-407a-9620-5998c6999257<-6cbfae60-ea29-4abc-a49d-ef94f4bd513a#0:FAIL-t12, 92ce6e48-4722-407a-9620-5998c6999257<-66f9d00c-1e97-4252-958c-bed5a531abda#0:FAIL-t12] and 0 exception(s); 92ce6e48-4722-407a-9620-5998c6999257@group-E964BE911FCC:t12, leader=null, voted=92ce6e48-4722-407a-9620-5998c6999257, raftlog=92ce6e48-4722-407a-9620-5998c6999257@group-E964BE911FCC-SegmentedRaftLog:OPENED:c-1,f-1,i0, conf=-1: [6cbfae60-ea29-4abc-a49d-ef94f4bd513a:192.168.69.85:36685, 66f9d00c-1e97-4252-958c-bed5a531abda:192.168.69.85:45996, 92ce6e48-4722-407a-9620-5998c6999257:192.168.69.85:34971], old=null
2019-10-18 14:01:24,690 [92ce6e48-4722-407a-9620-5998c6999257@group-E964BE911FCC-LeaderElection15] INFO  impl.RaftServerImpl (RaftServerImpl.java:setRole(184)) - 92ce6e48-4722-407a-9620-5998c6999257@group-E964BE911FCC: changes role from CANDIDATE to FOLLOWER at term 12 for DISCOVERED_A_NEW_TERM
2019-10-18 14:01:24,690 [92ce6e48-4722-407a-9620-5998c6999257@group-E964BE911FCC-LeaderElection15] INFO  impl.RoleInfo (RoleInfo.java:shutdownLeaderElection(134)) - 92ce6e48-4722-407a-9620-5998c6999257: shutdown LeaderElection
2019-10-18 14:01:24,691 [92ce6e48-4722-407a-9620-5998c6999257@group-E964BE911FCC-LeaderElection15] INFO  impl.RoleInfo (RoleInfo.java:updateAndGet(143)) - 92ce6e48-4722-407a-9620-5998c6999257: start FollowerState
2019-10-18 14:01:24,717 [Thread-292] INFO  impl.MetricsSystemImpl (MetricsSystemImpl.java:init(158)) - XceiverClientMetrics metrics system started (again)
2019-10-18 14:01:24,718 [Thread-312] INFO  impl.FollowerState (FollowerState.java:run(108)) - 92ce6e48-4722-407a-9620-5998c6999257@group-E964BE911FCC-FollowerState: change to CANDIDATE, lastRpcTime:27ms, electionTimeout:27ms
2019-10-18 14:01:24,718 [Thread-312] INFO  impl.RoleInfo (RoleInfo.java:shutdownFollowerState(121)) - 92ce6e48-4722-407a-9620-5998c6999257: shutdown FollowerState
2019-10-18 14:01:24,718 [Thread-312] INFO  impl.RaftServerImpl (RaftServerImpl.java:setRole(184)) - 92ce6e48-4722-407a-9620-5998c6999257@group-E964BE911FCC: changes role from  FOLLOWER to CANDIDATE at term 12 for changeToCandidate
2019-10-18 14:01:24,718 [Thread-312] INFO  impl.RoleInfo (RoleInfo.java:updateAndGet(143)) - 92ce6e48-4722-407a-9620-5998c6999257: start LeaderElection
2019-10-18 14:01:24,732 [92ce6e48-4722-407a-9620-5998c6999257@group-E964BE911FCC-LeaderElection16] INFO  impl.LeaderElection (LeaderElection.java:askForVotes(178)) - 92ce6e48-4722-407a-9620-5998c6999257@group-E964BE911FCC-LeaderElection16: begin an election at term 13 for -1: [6cbfae60-ea29-4abc-a49d-ef94f4bd513a:192.168.69.85:36685, 66f9d00c-1e97-4252-958c-bed5a531abda:192.168.69.85:45996, 92ce6e48-4722-407a-9620-5998c6999257:192.168.69.85:34971], old=null
2019-10-18 14:01:24,736 [grpc-default-executor-1] INFO  impl.RaftServerImpl (RaftServerImpl.java:setRole(184)) - 66f9d00c-1e97-4252-958c-bed5a531abda@group-E964BE911FCC: changes role from  FOLLOWER to FOLLOWER at term 13 for recognizeCandidate:92ce6e48-4722-407a-9620-5998c6999257
2019-10-18 14:01:24,736 [grpc-default-executor-0] INFO  impl.RaftServerImpl (RaftServerImpl.java:setRole(184)) - 6cbfae60-ea29-4abc-a49d-ef94f4bd513a@group-E964BE911FCC: changes role from  FOLLOWER to FOLLOWER at term 13 for recognizeCandidate:92ce6e48-4722-407a-9620-5998c6999257
2019-10-18 14:01:24,736 [grpc-default-executor-1] INFO  impl.RoleInfo (RoleInfo.java:shutdownFollowerState(121)) - 66f9d00c-1e97-4252-958c-bed5a531abda: shutdown FollowerState
2019-10-18 14:01:24,736 [grpc-default-executor-0] INFO  impl.RoleInfo (RoleInfo.java:shutdownFollowerState(121)) - 6cbfae60-ea29-4abc-a49d-ef94f4bd513a: shutdown FollowerState
2019-10-18 14:01:24,737 [Thread-311] INFO  impl.FollowerState (FollowerState.java:run(117)) - 66f9d00c-1e97-4252-958c-bed5a531abda@group-E964BE911FCC-FollowerState was interrupted: java.lang.InterruptedException: sleep interrupted
2019-10-18 14:01:24,737 [grpc-default-executor-0] INFO  impl.RoleInfo (RoleInfo.java:updateAndGet(143)) - 6cbfae60-ea29-4abc-a49d-ef94f4bd513a: start FollowerState
2019-10-18 14:01:24,737 [grpc-default-executor-1] INFO  impl.RoleInfo (RoleInfo.java:updateAndGet(143)) - 66f9d00c-1e97-4252-958c-bed5a531abda: start FollowerState
2019-10-18 14:01:24,737 [Thread-310] INFO  impl.FollowerState (FollowerState.java:run(117)) - 6cbfae60-ea29-4abc-a49d-ef94f4bd513a@group-E964BE911FCC-FollowerState was interrupted: java.lang.InterruptedException: sleep interrupted
2019-10-18 14:01:24,766 [92ce6e48-4722-407a-9620-5998c6999257@group-E964BE911FCC-LeaderElection16] INFO  impl.LeaderElection (LeaderElection.java:logAndReturn(56)) - 92ce6e48-4722-407a-9620-5998c6999257@group-E964BE911FCC-LeaderElection16: Election REJECTED; received 2 response(s) [92ce6e48-4722-407a-9620-5998c6999257<-6cbfae60-ea29-4abc-a49d-ef94f4bd513a#0:FAIL-t13, 92ce6e48-4722-407a-9620-5998c6999257<-66f9d00c-1e97-4252-958c-bed5a531abda#0:FAIL-t13] and 0 exception(s); 92ce6e48-4722-407a-9620-5998c6999257@group-E964BE911FCC:t13, leader=null, voted=92ce6e48-4722-407a-9620-5998c6999257, raftlog=92ce6e48-4722-407a-9620-5998c6999257@group-E964BE911FCC-SegmentedRaftLog:OPENED:c-1,f-1,i0, conf=-1: [6cbfae60-ea29-4abc-a49d-ef94f4bd513a:192.168.69.85:36685, 66f9d00c-1e97-4252-958c-bed5a531abda:192.168.69.85:45996, 92ce6e48-4722-407a-9620-5998c6999257:192.168.69.85:34971], old=null
2019-10-18 14:01:24,766 [92ce6e48-4722-407a-9620-5998c6999257@group-E964BE911FCC-LeaderElection16] INFO  impl.RaftServerImpl (RaftServerImpl.java:setRole(184)) - 92ce6e48-4722-407a-9620-5998c6999257@group-E964BE911FCC: changes role from CANDIDATE to FOLLOWER at term 13 for DISCOVERED_A_NEW_TERM
2019-10-18 14:01:24,766 [92ce6e48-4722-407a-9620-5998c6999257@group-E964BE911FCC-LeaderElection16] INFO  impl.RoleInfo (RoleInfo.java:shutdownLeaderElection(134)) - 92ce6e48-4722-407a-9620-5998c6999257: shutdown LeaderElection
2019-10-18 14:01:24,766 [92ce6e48-4722-407a-9620-5998c6999257@group-E964BE911FCC-LeaderElection16] INFO  impl.RoleInfo (RoleInfo.java:updateAndGet(143)) - 92ce6e48-4722-407a-9620-5998c6999257: start FollowerState
2019-10-18 14:01:24,817 [Thread-318] INFO  impl.FollowerState (FollowerState.java:run(108)) - 92ce6e48-4722-407a-9620-5998c6999257@group-E964BE911FCC-FollowerState: change to CANDIDATE, lastRpcTime:50ms, electionTimeout:50ms
2019-10-18 14:01:24,817 [Thread-318] INFO  impl.RoleInfo (RoleInfo.java:shutdownFollowerState(121)) - 92ce6e48-4722-407a-9620-5998c6999257: shutdown FollowerState
2019-10-18 14:01:24,818 [Thread-318] INFO  impl.RaftServerImpl (RaftServerImpl.java:setRole(184)) - 92ce6e48-4722-407a-9620-5998c6999257@group-E964BE911FCC: changes role from  FOLLOWER to CANDIDATE at term 13 for changeToCandidate
2019-10-18 14:01:24,818 [Thread-318] INFO  impl.RoleInfo (RoleInfo.java:updateAndGet(143)) - 92ce6e48-4722-407a-9620-5998c6999257: start LeaderElection
2019-10-18 14:01:24,832 [92ce6e48-4722-407a-9620-5998c6999257@group-E964BE911FCC-LeaderElection17] INFO  impl.LeaderElection (LeaderElection.java:askForVotes(178)) - 92ce6e48-4722-407a-9620-5998c6999257@group-E964BE911FCC-LeaderElection17: begin an election at term 14 for -1: [6cbfae60-ea29-4abc-a49d-ef94f4bd513a:192.168.69.85:36685, 66f9d00c-1e97-4252-958c-bed5a531abda:192.168.69.85:45996, 92ce6e48-4722-407a-9620-5998c6999257:192.168.69.85:34971], old=null
2019-10-18 14:01:24,840 [grpc-default-executor-0] INFO  impl.RaftServerImpl (RaftServerImpl.java:setRole(184)) - 6cbfae60-ea29-4abc-a49d-ef94f4bd513a@group-E964BE911FCC: changes role from  FOLLOWER to FOLLOWER at term 14 for recognizeCandidate:92ce6e48-4722-407a-9620-5998c6999257
2019-10-18 14:01:24,840 [grpc-default-executor-1] INFO  impl.RaftServerImpl (RaftServerImpl.java:setRole(184)) - 66f9d00c-1e97-4252-958c-bed5a531abda@group-E964BE911FCC: changes role from  FOLLOWER to FOLLOWER at term 14 for recognizeCandidate:92ce6e48-4722-407a-9620-5998c6999257
2019-10-18 14:01:24,840 [grpc-default-executor-0] INFO  impl.RoleInfo (RoleInfo.java:shutdownFollowerState(121)) - 6cbfae60-ea29-4abc-a49d-ef94f4bd513a: shutdown FollowerState
2019-10-18 14:01:24,840 [grpc-default-executor-1] INFO  impl.RoleInfo (RoleInfo.java:shutdownFollowerState(121)) - 66f9d00c-1e97-4252-958c-bed5a531abda: shutdown FollowerState
2019-10-18 14:01:24,840 [Thread-317] INFO  impl.FollowerState (FollowerState.java:run(117)) - 6cbfae60-ea29-4abc-a49d-ef94f4bd513a@group-E964BE911FCC-FollowerState was interrupted: java.lang.InterruptedException: sleep interrupted
2019-10-18 14:01:24,841 [Thread-316] INFO  impl.FollowerState (FollowerState.java:run(117)) - 66f9d00c-1e97-4252-958c-bed5a531abda@group-E964BE911FCC-FollowerState was interrupted: java.lang.InterruptedException: sleep interrupted
2019-10-18 14:01:24,840 [grpc-default-executor-0] INFO  impl.RoleInfo (RoleInfo.java:updateAndGet(143)) - 6cbfae60-ea29-4abc-a49d-ef94f4bd513a: start FollowerState
2019-10-18 14:01:24,841 [grpc-default-executor-1] INFO  impl.RoleInfo (RoleInfo.java:updateAndGet(143)) - 66f9d00c-1e97-4252-958c-bed5a531abda: start FollowerState
2019-10-18 14:01:24,870 [92ce6e48-4722-407a-9620-5998c6999257@group-E964BE911FCC-LeaderElection17] INFO  impl.LeaderElection (LeaderElection.java:logAndReturn(56)) - 92ce6e48-4722-407a-9620-5998c6999257@group-E964BE911FCC-LeaderElection17: Election REJECTED; received 2 response(s) [92ce6e48-4722-407a-9620-5998c6999257<-6cbfae60-ea29-4abc-a49d-ef94f4bd513a#0:FAIL-t14, 92ce6e48-4722-407a-9620-5998c6999257<-66f9d00c-1e97-4252-958c-bed5a531abda#0:FAIL-t14] and 0 exception(s); 92ce6e48-4722-407a-9620-5998c6999257@group-E964BE911FCC:t14, leader=null, voted=92ce6e48-4722-407a-9620-5998c6999257, raftlog=92ce6e48-4722-407a-9620-5998c6999257@group-E964BE911FCC-SegmentedRaftLog:OPENED:c-1,f-1,i0, conf=-1: [6cbfae60-ea29-4abc-a49d-ef94f4bd513a:192.168.69.85:36685, 66f9d00c-1e97-4252-958c-bed5a531abda:192.168.69.85:45996, 92ce6e48-4722-407a-9620-5998c6999257:192.168.69.85:34971], old=null
2019-10-18 14:01:24,870 [92ce6e48-4722-407a-9620-5998c6999257@group-E964BE911FCC-LeaderElection17] INFO  impl.RaftServerImpl (RaftServerImpl.java:setRole(184)) - 92ce6e48-4722-407a-9620-5998c6999257@group-E964BE911FCC: changes role from CANDIDATE to FOLLOWER at term 14 for DISCOVERED_A_NEW_TERM
2019-10-18 14:01:24,870 [92ce6e48-4722-407a-9620-5998c6999257@group-E964BE911FCC-LeaderElection17] INFO  impl.RoleInfo (RoleInfo.java:shutdownLeaderElection(134)) - 92ce6e48-4722-407a-9620-5998c6999257: shutdown LeaderElection
2019-10-18 14:01:24,870 [92ce6e48-4722-407a-9620-5998c6999257@group-E964BE911FCC-LeaderElection17] INFO  impl.RoleInfo (RoleInfo.java:updateAndGet(143)) - 92ce6e48-4722-407a-9620-5998c6999257: start FollowerState
2019-10-18 14:01:25,048 [Thread-327] INFO  impl.FollowerState (FollowerState.java:run(108)) - 92ce6e48-4722-407a-9620-5998c6999257@group-E964BE911FCC-FollowerState: change to CANDIDATE, lastRpcTime:178ms, electionTimeout:178ms
2019-10-18 14:01:25,050 [Thread-327] INFO  impl.RoleInfo (RoleInfo.java:shutdownFollowerState(121)) - 92ce6e48-4722-407a-9620-5998c6999257: shutdown FollowerState
2019-10-18 14:01:25,050 [Thread-327] INFO  impl.RaftServerImpl (RaftServerImpl.java:setRole(184)) - 92ce6e48-4722-407a-9620-5998c6999257@group-E964BE911FCC: changes role from  FOLLOWER to CANDIDATE at term 14 for changeToCandidate
2019-10-18 14:01:25,051 [Thread-327] INFO  impl.RoleInfo (RoleInfo.java:updateAndGet(143)) - 92ce6e48-4722-407a-9620-5998c6999257: start LeaderElection
2019-10-18 14:01:25,077 [92ce6e48-4722-407a-9620-5998c6999257@group-E964BE911FCC-LeaderElection18] INFO  impl.LeaderElection (LeaderElection.java:askForVotes(178)) - 92ce6e48-4722-407a-9620-5998c6999257@group-E964BE911FCC-LeaderElection18: begin an election at term 15 for -1: [6cbfae60-ea29-4abc-a49d-ef94f4bd513a:192.168.69.85:36685, 66f9d00c-1e97-4252-958c-bed5a531abda:192.168.69.85:45996, 92ce6e48-4722-407a-9620-5998c6999257:192.168.69.85:34971], old=null
2019-10-18 14:01:25,078 [92ce6e48-4722-407a-9620-5998c6999257@group-E964BE911FCC-LeaderElection18] INFO  impl.LeaderElection (LeaderElection.java:logAndReturn(56)) - 92ce6e48-4722-407a-9620-5998c6999257@group-E964BE911FCC-LeaderElection18: Election TIMEOUT; received 0 response(s) [] and 0 exception(s); 92ce6e48-4722-407a-9620-5998c6999257@group-E964BE911FCC:t15, leader=null, voted=92ce6e48-4722-407a-9620-5998c6999257, raftlog=92ce6e48-4722-407a-9620-5998c6999257@group-E964BE911FCC-SegmentedRaftLog:OPENED:c-1,f-1,i0, conf=-1: [6cbfae60-ea29-4abc-a49d-ef94f4bd513a:192.168.69.85:36685, 66f9d00c-1e97-4252-958c-bed5a531abda:192.168.69.85:45996, 92ce6e48-4722-407a-9620-5998c6999257:192.168.69.85:34971], old=null
2019-10-18 14:01:25,080 [grpc-default-executor-0] INFO  impl.RaftServerImpl (RaftServerImpl.java:setRole(184)) - 66f9d00c-1e97-4252-958c-bed5a531abda@group-E964BE911FCC: changes role from  FOLLOWER to FOLLOWER at term 15 for recognizeCandidate:92ce6e48-4722-407a-9620-5998c6999257
2019-10-18 14:01:25,080 [grpc-default-executor-0] INFO  impl.RoleInfo (RoleInfo.java:shutdownFollowerState(121)) - 66f9d00c-1e97-4252-958c-bed5a531abda: shutdown FollowerState
2019-10-18 14:01:25,080 [grpc-default-executor-1] INFO  impl.RaftServerImpl (RaftServerImpl.java:setRole(184)) - 6cbfae60-ea29-4abc-a49d-ef94f4bd513a@group-E964BE911FCC: changes role from  FOLLOWER to FOLLOWER at term 15 for recognizeCandidate:92ce6e48-4722-407a-9620-5998c6999257
2019-10-18 14:01:25,080 [Thread-326] INFO  impl.FollowerState (FollowerState.java:run(117)) - 66f9d00c-1e97-4252-958c-bed5a531abda@group-E964BE911FCC-FollowerState was interrupted: java.lang.InterruptedException: sleep interrupted
2019-10-18 14:01:25,081 [grpc-default-executor-1] INFO  impl.RoleInfo (RoleInfo.java:shutdownFollowerState(121)) - 6cbfae60-ea29-4abc-a49d-ef94f4bd513a: shutdown FollowerState
2019-10-18 14:01:25,080 [grpc-default-executor-0] INFO  impl.RoleInfo (RoleInfo.java:updateAndGet(143)) - 66f9d00c-1e97-4252-958c-bed5a531abda: start FollowerState
2019-10-18 14:01:25,082 [Thread-325] INFO  impl.FollowerState (FollowerState.java:run(117)) - 6cbfae60-ea29-4abc-a49d-ef94f4bd513a@group-E964BE911FCC-FollowerState was interrupted: java.lang.InterruptedException: sleep interrupted
2019-10-18 14:01:25,082 [grpc-default-executor-1] INFO  impl.RoleInfo (RoleInfo.java:updateAndGet(143)) - 6cbfae60-ea29-4abc-a49d-ef94f4bd513a: start FollowerState
2019-10-18 14:01:25,091 [92ce6e48-4722-407a-9620-5998c6999257@group-E964BE911FCC-LeaderElection18] INFO  impl.LeaderElection (LeaderElection.java:askForVotes(178)) - 92ce6e48-4722-407a-9620-5998c6999257@group-E964BE911FCC-LeaderElection18: begin an election at term 16 for -1: [6cbfae60-ea29-4abc-a49d-ef94f4bd513a:192.168.69.85:36685, 66f9d00c-1e97-4252-958c-bed5a531abda:192.168.69.85:45996, 92ce6e48-4722-407a-9620-5998c6999257:192.168.69.85:34971], old=null
2019-10-18 14:01:25,094 [grpc-default-executor-0] INFO  impl.RaftServerImpl (RaftServerImpl.java:setRole(184)) - 66f9d00c-1e97-4252-958c-bed5a531abda@group-E964BE911FCC: changes role from  FOLLOWER to FOLLOWER at term 16 for recognizeCandidate:92ce6e48-4722-407a-9620-5998c6999257
2019-10-18 14:01:25,094 [grpc-default-executor-0] INFO  impl.RoleInfo (RoleInfo.java:shutdownFollowerState(121)) - 66f9d00c-1e97-4252-958c-bed5a531abda: shutdown FollowerState
2019-10-18 14:01:25,095 [Thread-331] INFO  impl.FollowerState (FollowerState.java:run(117)) - 66f9d00c-1e97-4252-958c-bed5a531abda@group-E964BE911FCC-FollowerState was interrupted: java.lang.InterruptedException: sleep interrupted
2019-10-18 14:01:25,095 [grpc-default-executor-0] INFO  impl.RoleInfo (RoleInfo.java:updateAndGet(143)) - 66f9d00c-1e97-4252-958c-bed5a531abda: start FollowerState
2019-10-18 14:01:25,095 [grpc-default-executor-1] INFO  impl.RaftServerImpl (RaftServerImpl.java:setRole(184)) - 6cbfae60-ea29-4abc-a49d-ef94f4bd513a@group-E964BE911FCC: changes role from  FOLLOWER to FOLLOWER at term 16 for recognizeCandidate:92ce6e48-4722-407a-9620-5998c6999257
2019-10-18 14:01:25,095 [grpc-default-executor-1] INFO  impl.RoleInfo (RoleInfo.java:shutdownFollowerState(121)) - 6cbfae60-ea29-4abc-a49d-ef94f4bd513a: shutdown FollowerState
2019-10-18 14:01:25,095 [grpc-default-executor-1] INFO  impl.RoleInfo (RoleInfo.java:updateAndGet(143)) - 6cbfae60-ea29-4abc-a49d-ef94f4bd513a: start FollowerState
2019-10-18 14:01:25,095 [Thread-332] INFO  impl.FollowerState (FollowerState.java:run(117)) - 6cbfae60-ea29-4abc-a49d-ef94f4bd513a@group-E964BE911FCC-FollowerState was interrupted: java.lang.InterruptedException: sleep interrupted
2019-10-18 14:01:25,109 [92ce6e48-4722-407a-9620-5998c6999257@group-E964BE911FCC-LeaderElection18] INFO  impl.LeaderElection (LeaderElection.java:logAndReturn(56)) - 92ce6e48-4722-407a-9620-5998c6999257@group-E964BE911FCC-LeaderElection18: Election REJECTED; received 2 response(s) [92ce6e48-4722-407a-9620-5998c6999257<-6cbfae60-ea29-4abc-a49d-ef94f4bd513a#0:FAIL-t16, 92ce6e48-4722-407a-9620-5998c6999257<-66f9d00c-1e97-4252-958c-bed5a531abda#0:FAIL-t16] and 0 exception(s); 92ce6e48-4722-407a-9620-5998c6999257@group-E964BE911FCC:t16, leader=null, voted=92ce6e48-4722-407a-9620-5998c6999257, raftlog=92ce6e48-4722-407a-9620-5998c6999257@group-E964BE911FCC-SegmentedRaftLog:OPENED:c-1,f-1,i0, conf=-1: [6cbfae60-ea29-4abc-a49d-ef94f4bd513a:192.168.69.85:36685, 66f9d00c-1e97-4252-958c-bed5a531abda:192.168.69.85:45996, 92ce6e48-4722-407a-9620-5998c6999257:192.168.69.85:34971], old=null
2019-10-18 14:01:25,109 [92ce6e48-4722-407a-9620-5998c6999257@group-E964BE911FCC-LeaderElection18] INFO  impl.RaftServerImpl (RaftServerImpl.java:setRole(184)) - 92ce6e48-4722-407a-9620-5998c6999257@group-E964BE911FCC: changes role from CANDIDATE to FOLLOWER at term 16 for DISCOVERED_A_NEW_TERM
2019-10-18 14:01:25,109 [92ce6e48-4722-407a-9620-5998c6999257@group-E964BE911FCC-LeaderElection18] INFO  impl.RoleInfo (RoleInfo.java:shutdownLeaderElection(134)) - 92ce6e48-4722-407a-9620-5998c6999257: shutdown LeaderElection
2019-10-18 14:01:25,110 [92ce6e48-4722-407a-9620-5998c6999257@group-E964BE911FCC-LeaderElection18] INFO  impl.RoleInfo (RoleInfo.java:updateAndGet(143)) - 92ce6e48-4722-407a-9620-5998c6999257: start FollowerState
2019-10-18 14:01:25,180 [Thread-200] INFO  container.ReplicationManager (ReplicationManager.java:start(162)) - Starting Replication Monitor Thread.
2019-10-18 14:01:25,185 [ReplicationMonitor] INFO  container.ReplicationManager (ReplicationManager.java:run(225)) - Replication Monitor Thread took 3 milliseconds for processing 1 containers.
2019-10-18 14:01:25,190 [Thread-337] INFO  impl.FollowerState (FollowerState.java:run(108)) - 92ce6e48-4722-407a-9620-5998c6999257@group-E964BE911FCC-FollowerState: change to CANDIDATE, lastRpcTime:80ms, electionTimeout:80ms
2019-10-18 14:01:25,190 [Thread-337] INFO  impl.RoleInfo (RoleInfo.java:shutdownFollowerState(121)) - 92ce6e48-4722-407a-9620-5998c6999257: shutdown FollowerState
2019-10-18 14:01:25,190 [Thread-337] INFO  impl.RaftServerImpl (RaftServerImpl.java:setRole(184)) - 92ce6e48-4722-407a-9620-5998c6999257@group-E964BE911FCC: changes role from  FOLLOWER to CANDIDATE at term 16 for changeToCandidate
2019-10-18 14:01:25,190 [Thread-337] INFO  impl.RoleInfo (RoleInfo.java:updateAndGet(143)) - 92ce6e48-4722-407a-9620-5998c6999257: start LeaderElection
2019-10-18 14:01:25,203 [92ce6e48-4722-407a-9620-5998c6999257@group-E964BE911FCC-LeaderElection19] INFO  impl.LeaderElection (LeaderElection.java:askForVotes(178)) - 92ce6e48-4722-407a-9620-5998c6999257@group-E964BE911FCC-LeaderElection19: begin an election at term 17 for -1: [6cbfae60-ea29-4abc-a49d-ef94f4bd513a:192.168.69.85:36685, 66f9d00c-1e97-4252-958c-bed5a531abda:192.168.69.85:45996, 92ce6e48-4722-407a-9620-5998c6999257:192.168.69.85:34971], old=null
2019-10-18 14:01:25,206 [grpc-default-executor-1] INFO  impl.RaftServerImpl (RaftServerImpl.java:setRole(184)) - 66f9d00c-1e97-4252-958c-bed5a531abda@group-E964BE911FCC: changes role from  FOLLOWER to FOLLOWER at term 17 for recognizeCandidate:92ce6e48-4722-407a-9620-5998c6999257
2019-10-18 14:01:25,206 [grpc-default-executor-0] INFO  impl.RaftServerImpl (RaftServerImpl.java:setRole(184)) - 6cbfae60-ea29-4abc-a49d-ef94f4bd513a@group-E964BE911FCC: changes role from  FOLLOWER to FOLLOWER at term 17 for recognizeCandidate:92ce6e48-4722-407a-9620-5998c6999257
2019-10-18 14:01:25,206 [grpc-default-executor-1] INFO  impl.RoleInfo (RoleInfo.java:shutdownFollowerState(121)) - 66f9d00c-1e97-4252-958c-bed5a531abda: shutdown FollowerState
2019-10-18 14:01:25,206 [grpc-default-executor-0] INFO  impl.RoleInfo (RoleInfo.java:shutdownFollowerState(121)) - 6cbfae60-ea29-4abc-a49d-ef94f4bd513a: shutdown FollowerState
2019-10-18 14:01:25,207 [grpc-default-executor-1] INFO  impl.RoleInfo (RoleInfo.java:updateAndGet(143)) - 66f9d00c-1e97-4252-958c-bed5a531abda: start FollowerState
2019-10-18 14:01:25,207 [Thread-335] INFO  impl.FollowerState (FollowerState.java:run(117)) - 66f9d00c-1e97-4252-958c-bed5a531abda@group-E964BE911FCC-FollowerState was interrupted: java.lang.InterruptedException: sleep interrupted
2019-10-18 14:01:25,207 [grpc-default-executor-0] INFO  impl.RoleInfo (RoleInfo.java:updateAndGet(143)) - 6cbfae60-ea29-4abc-a49d-ef94f4bd513a: start FollowerState
2019-10-18 14:01:25,207 [Thread-336] INFO  impl.FollowerState (FollowerState.java:run(117)) - 6cbfae60-ea29-4abc-a49d-ef94f4bd513a@group-E964BE911FCC-FollowerState was interrupted: java.lang.InterruptedException: sleep interrupted
2019-10-18 14:01:25,222 [92ce6e48-4722-407a-9620-5998c6999257@group-E964BE911FCC-LeaderElection19] INFO  impl.LeaderElection (LeaderElection.java:logAndReturn(56)) - 92ce6e48-4722-407a-9620-5998c6999257@group-E964BE911FCC-LeaderElection19: Election REJECTED; received 2 response(s) [92ce6e48-4722-407a-9620-5998c6999257<-6cbfae60-ea29-4abc-a49d-ef94f4bd513a#0:FAIL-t17, 92ce6e48-4722-407a-9620-5998c6999257<-66f9d00c-1e97-4252-958c-bed5a531abda#0:FAIL-t17] and 0 exception(s); 92ce6e48-4722-407a-9620-5998c6999257@group-E964BE911FCC:t17, leader=null, voted=92ce6e48-4722-407a-9620-5998c6999257, raftlog=92ce6e48-4722-407a-9620-5998c6999257@group-E964BE911FCC-SegmentedRaftLog:OPENED:c-1,f-1,i0, conf=-1: [6cbfae60-ea29-4abc-a49d-ef94f4bd513a:192.168.69.85:36685, 66f9d00c-1e97-4252-958c-bed5a531abda:192.168.69.85:45996, 92ce6e48-4722-407a-9620-5998c6999257:192.168.69.85:34971], old=null
2019-10-18 14:01:25,222 [92ce6e48-4722-407a-9620-5998c6999257@group-E964BE911FCC-LeaderElection19] INFO  impl.RaftServerImpl (RaftServerImpl.java:setRole(184)) - 92ce6e48-4722-407a-9620-5998c6999257@group-E964BE911FCC: changes role from CANDIDATE to FOLLOWER at term 17 for DISCOVERED_A_NEW_TERM
2019-10-18 14:01:25,222 [92ce6e48-4722-407a-9620-5998c6999257@group-E964BE911FCC-LeaderElection19] INFO  impl.RoleInfo (RoleInfo.java:shutdownLeaderElection(134)) - 92ce6e48-4722-407a-9620-5998c6999257: shutdown LeaderElection
2019-10-18 14:01:25,222 [92ce6e48-4722-407a-9620-5998c6999257@group-E964BE911FCC-LeaderElection19] INFO  impl.RoleInfo (RoleInfo.java:updateAndGet(143)) - 92ce6e48-4722-407a-9620-5998c6999257: start FollowerState
2019-10-18 14:01:25,322 [Thread-344] INFO  impl.FollowerState (FollowerState.java:run(108)) - 92ce6e48-4722-407a-9620-5998c6999257@group-E964BE911FCC-FollowerState: change to CANDIDATE, lastRpcTime:99ms, electionTimeout:99ms
2019-10-18 14:01:25,323 [Thread-344] INFO  impl.RoleInfo (RoleInfo.java:shutdownFollowerState(121)) - 92ce6e48-4722-407a-9620-5998c6999257: shutdown FollowerState
2019-10-18 14:01:25,323 [Thread-344] INFO  impl.RaftServerImpl (RaftServerImpl.java:setRole(184)) - 92ce6e48-4722-407a-9620-5998c6999257@group-E964BE911FCC: changes role from  FOLLOWER to CANDIDATE at term 17 for changeToCandidate
2019-10-18 14:01:25,323 [Thread-344] INFO  impl.RoleInfo (RoleInfo.java:updateAndGet(143)) - 92ce6e48-4722-407a-9620-5998c6999257: start LeaderElection
2019-10-18 14:01:25,339 [92ce6e48-4722-407a-9620-5998c6999257@group-E964BE911FCC-LeaderElection20] INFO  impl.LeaderElection (LeaderElection.java:askForVotes(178)) - 92ce6e48-4722-407a-9620-5998c6999257@group-E964BE911FCC-LeaderElection20: begin an election at term 18 for -1: [6cbfae60-ea29-4abc-a49d-ef94f4bd513a:192.168.69.85:36685, 66f9d00c-1e97-4252-958c-bed5a531abda:192.168.69.85:45996, 92ce6e48-4722-407a-9620-5998c6999257:192.168.69.85:34971], old=null
2019-10-18 14:01:25,352 [grpc-default-executor-0] INFO  impl.RaftServerImpl (RaftServerImpl.java:setRole(184)) - 6cbfae60-ea29-4abc-a49d-ef94f4bd513a@group-E964BE911FCC: changes role from  FOLLOWER to FOLLOWER at term 18 for recognizeCandidate:92ce6e48-4722-407a-9620-5998c6999257
2019-10-18 14:01:25,352 [grpc-default-executor-1] INFO  impl.RaftServerImpl (RaftServerImpl.java:setRole(184)) - 66f9d00c-1e97-4252-958c-bed5a531abda@group-E964BE911FCC: changes role from  FOLLOWER to FOLLOWER at term 18 for recognizeCandidate:92ce6e48-4722-407a-9620-5998c6999257
2019-10-18 14:01:25,352 [grpc-default-executor-1] INFO  impl.RoleInfo (RoleInfo.java:shutdownFollowerState(121)) - 66f9d00c-1e97-4252-958c-bed5a531abda: shutdown FollowerState
2019-10-18 14:01:25,352 [Thread-342] INFO  impl.FollowerState (FollowerState.java:run(117)) - 66f9d00c-1e97-4252-958c-bed5a531abda@group-E964BE911FCC-FollowerState was interrupted: java.lang.InterruptedException: sleep interrupted
2019-10-18 14:01:25,352 [grpc-default-executor-0] INFO  impl.RoleInfo (RoleInfo.java:shutdownFollowerState(121)) - 6cbfae60-ea29-4abc-a49d-ef94f4bd513a: shutdown FollowerState
2019-10-18 14:01:25,352 [grpc-default-executor-1] INFO  impl.RoleInfo (RoleInfo.java:updateAndGet(143)) - 66f9d00c-1e97-4252-958c-bed5a531abda: start FollowerState
2019-10-18 14:01:25,353 [grpc-default-executor-0] INFO  impl.RoleInfo (RoleInfo.java:updateAndGet(143)) - 6cbfae60-ea29-4abc-a49d-ef94f4bd513a: start FollowerState
2019-10-18 14:01:25,353 [Thread-343] INFO  impl.FollowerState (FollowerState.java:run(117)) - 6cbfae60-ea29-4abc-a49d-ef94f4bd513a@group-E964BE911FCC-FollowerState was interrupted: java.lang.InterruptedException: sleep interrupted
2019-10-18 14:01:25,368 [92ce6e48-4722-407a-9620-5998c6999257@group-E964BE911FCC-LeaderElection20] INFO  impl.LeaderElection (LeaderElection.java:logAndReturn(56)) - 92ce6e48-4722-407a-9620-5998c6999257@group-E964BE911FCC-LeaderElection20: Election REJECTED; received 2 response(s) [92ce6e48-4722-407a-9620-5998c6999257<-6cbfae60-ea29-4abc-a49d-ef94f4bd513a#0:FAIL-t18, 92ce6e48-4722-407a-9620-5998c6999257<-66f9d00c-1e97-4252-958c-bed5a531abda#0:FAIL-t18] and 0 exception(s); 92ce6e48-4722-407a-9620-5998c6999257@group-E964BE911FCC:t18, leader=null, voted=92ce6e48-4722-407a-9620-5998c6999257, raftlog=92ce6e48-4722-407a-9620-5998c6999257@group-E964BE911FCC-SegmentedRaftLog:OPENED:c-1,f-1,i0, conf=-1: [6cbfae60-ea29-4abc-a49d-ef94f4bd513a:192.168.69.85:36685, 66f9d00c-1e97-4252-958c-bed5a531abda:192.168.69.85:45996, 92ce6e48-4722-407a-9620-5998c6999257:192.168.69.85:34971], old=null
2019-10-18 14:01:25,369 [92ce6e48-4722-407a-9620-5998c6999257@group-E964BE911FCC-LeaderElection20] INFO  impl.RaftServerImpl (RaftServerImpl.java:setRole(184)) - 92ce6e48-4722-407a-9620-5998c6999257@group-E964BE911FCC: changes role from CANDIDATE to FOLLOWER at term 18 for DISCOVERED_A_NEW_TERM
2019-10-18 14:01:25,369 [92ce6e48-4722-407a-9620-5998c6999257@group-E964BE911FCC-LeaderElection20] INFO  impl.RoleInfo (RoleInfo.java:shutdownLeaderElection(134)) - 92ce6e48-4722-407a-9620-5998c6999257: shutdown LeaderElection
2019-10-18 14:01:25,369 [92ce6e48-4722-407a-9620-5998c6999257@group-E964BE911FCC-LeaderElection20] INFO  impl.RoleInfo (RoleInfo.java:updateAndGet(143)) - 92ce6e48-4722-407a-9620-5998c6999257: start FollowerState
2019-10-18 14:01:25,486 [Thread-350] INFO  impl.FollowerState (FollowerState.java:run(108)) - 92ce6e48-4722-407a-9620-5998c6999257@group-E964BE911FCC-FollowerState: change to CANDIDATE, lastRpcTime:117ms, electionTimeout:117ms
2019-10-18 14:01:25,491 [Thread-350] INFO  impl.RoleInfo (RoleInfo.java:shutdownFollowerState(121)) - 92ce6e48-4722-407a-9620-5998c6999257: shutdown FollowerState
2019-10-18 14:01:25,491 [Thread-350] INFO  impl.RaftServerImpl (RaftServerImpl.java:setRole(184)) - 92ce6e48-4722-407a-9620-5998c6999257@group-E964BE911FCC: changes role from  FOLLOWER to CANDIDATE at term 18 for changeToCandidate
2019-10-18 14:01:25,491 [Thread-350] INFO  impl.RoleInfo (RoleInfo.java:updateAndGet(143)) - 92ce6e48-4722-407a-9620-5998c6999257: start LeaderElection
2019-10-18 14:01:25,506 [92ce6e48-4722-407a-9620-5998c6999257@group-E964BE911FCC-LeaderElection21] INFO  impl.LeaderElection (LeaderElection.java:askForVotes(178)) - 92ce6e48-4722-407a-9620-5998c6999257@group-E964BE911FCC-LeaderElection21: begin an election at term 19 for -1: [6cbfae60-ea29-4abc-a49d-ef94f4bd513a:192.168.69.85:36685, 66f9d00c-1e97-4252-958c-bed5a531abda:192.168.69.85:45996, 92ce6e48-4722-407a-9620-5998c6999257:192.168.69.85:34971], old=null
2019-10-18 14:01:25,509 [grpc-default-executor-1] INFO  impl.RaftServerImpl (RaftServerImpl.java:setRole(184)) - 6cbfae60-ea29-4abc-a49d-ef94f4bd513a@group-E964BE911FCC: changes role from  FOLLOWER to FOLLOWER at term 19 for recognizeCandidate:92ce6e48-4722-407a-9620-5998c6999257
2019-10-18 14:01:25,510 [grpc-default-executor-1] INFO  impl.RoleInfo (RoleInfo.java:shutdownFollowerState(121)) - 6cbfae60-ea29-4abc-a49d-ef94f4bd513a: shutdown FollowerState
2019-10-18 14:01:25,510 [grpc-default-executor-1] INFO  impl.RoleInfo (RoleInfo.java:updateAndGet(143)) - 6cbfae60-ea29-4abc-a49d-ef94f4bd513a: start FollowerState
2019-10-18 14:01:25,510 [Thread-349] INFO  impl.FollowerState (FollowerState.java:run(117)) - 6cbfae60-ea29-4abc-a49d-ef94f4bd513a@group-E964BE911FCC-FollowerState was interrupted: java.lang.InterruptedException: sleep interrupted
2019-10-18 14:01:25,510 [grpc-default-executor-0] INFO  impl.RaftServerImpl (RaftServerImpl.java:setRole(184)) - 66f9d00c-1e97-4252-958c-bed5a531abda@group-E964BE911FCC: changes role from  FOLLOWER to FOLLOWER at term 19 for recognizeCandidate:92ce6e48-4722-407a-9620-5998c6999257
2019-10-18 14:01:25,510 [grpc-default-executor-0] INFO  impl.RoleInfo (RoleInfo.java:shutdownFollowerState(121)) - 66f9d00c-1e97-4252-958c-bed5a531abda: shutdown FollowerState
2019-10-18 14:01:25,510 [Thread-348] INFO  impl.FollowerState (FollowerState.java:run(117)) - 66f9d00c-1e97-4252-958c-bed5a531abda@group-E964BE911FCC-FollowerState was interrupted: java.lang.InterruptedException: sleep interrupted
2019-10-18 14:01:25,510 [grpc-default-executor-0] INFO  impl.RoleInfo (RoleInfo.java:updateAndGet(143)) - 66f9d00c-1e97-4252-958c-bed5a531abda: start FollowerState
2019-10-18 14:01:25,524 [92ce6e48-4722-407a-9620-5998c6999257@group-E964BE911FCC-LeaderElection21] INFO  impl.LeaderElection (LeaderElection.java:logAndReturn(56)) - 92ce6e48-4722-407a-9620-5998c6999257@group-E964BE911FCC-LeaderElection21: Election REJECTED; received 2 response(s) [92ce6e48-4722-407a-9620-5998c6999257<-6cbfae60-ea29-4abc-a49d-ef94f4bd513a#0:FAIL-t19, 92ce6e48-4722-407a-9620-5998c6999257<-66f9d00c-1e97-4252-958c-bed5a531abda#0:FAIL-t19] and 0 exception(s); 92ce6e48-4722-407a-9620-5998c6999257@group-E964BE911FCC:t19, leader=null, voted=92ce6e48-4722-407a-9620-5998c6999257, raftlog=92ce6e48-4722-407a-9620-5998c6999257@group-E964BE911FCC-SegmentedRaftLog:OPENED:c-1,f-1,i0, conf=-1: [6cbfae60-ea29-4abc-a49d-ef94f4bd513a:192.168.69.85:36685, 66f9d00c-1e97-4252-958c-bed5a531abda:192.168.69.85:45996, 92ce6e48-4722-407a-9620-5998c6999257:192.168.69.85:34971], old=null
2019-10-18 14:01:25,524 [92ce6e48-4722-407a-9620-5998c6999257@group-E964BE911FCC-LeaderElection21] INFO  impl.RaftServerImpl (RaftServerImpl.java:setRole(184)) - 92ce6e48-4722-407a-9620-5998c6999257@group-E964BE911FCC: changes role from CANDIDATE to FOLLOWER at term 19 for DISCOVERED_A_NEW_TERM
2019-10-18 14:01:25,524 [92ce6e48-4722-407a-9620-5998c6999257@group-E964BE911FCC-LeaderElection21] INFO  impl.RoleInfo (RoleInfo.java:shutdownLeaderElection(134)) - 92ce6e48-4722-407a-9620-5998c6999257: shutdown LeaderElection
2019-10-18 14:01:25,524 [92ce6e48-4722-407a-9620-5998c6999257@group-E964BE911FCC-LeaderElection21] INFO  impl.RoleInfo (RoleInfo.java:updateAndGet(143)) - 92ce6e48-4722-407a-9620-5998c6999257: start FollowerState
2019-10-18 14:01:25,599 [Thread-356] INFO  impl.FollowerState (FollowerState.java:run(108)) - 92ce6e48-4722-407a-9620-5998c6999257@group-E964BE911FCC-FollowerState: change to CANDIDATE, lastRpcTime:74ms, electionTimeout:74ms
2019-10-18 14:01:25,600 [Thread-356] INFO  impl.RoleInfo (RoleInfo.java:shutdownFollowerState(121)) - 92ce6e48-4722-407a-9620-5998c6999257: shutdown FollowerState
2019-10-18 14:01:25,601 [Thread-356] INFO  impl.RaftServerImpl (RaftServerImpl.java:setRole(184)) - 92ce6e48-4722-407a-9620-5998c6999257@group-E964BE911FCC: changes role from  FOLLOWER to CANDIDATE at term 19 for changeToCandidate
2019-10-18 14:01:25,601 [Thread-356] INFO  impl.RoleInfo (RoleInfo.java:updateAndGet(143)) - 92ce6e48-4722-407a-9620-5998c6999257: start LeaderElection
2019-10-18 14:01:25,634 [92ce6e48-4722-407a-9620-5998c6999257@group-E964BE911FCC-LeaderElection22] INFO  impl.LeaderElection (LeaderElection.java:askForVotes(178)) - 92ce6e48-4722-407a-9620-5998c6999257@group-E964BE911FCC-LeaderElection22: begin an election at term 20 for -1: [6cbfae60-ea29-4abc-a49d-ef94f4bd513a:192.168.69.85:36685, 66f9d00c-1e97-4252-958c-bed5a531abda:192.168.69.85:45996, 92ce6e48-4722-407a-9620-5998c6999257:192.168.69.85:34971], old=null
2019-10-18 14:01:25,639 [grpc-default-executor-1] INFO  impl.RaftServerImpl (RaftServerImpl.java:setRole(184)) - 66f9d00c-1e97-4252-958c-bed5a531abda@group-E964BE911FCC: changes role from  FOLLOWER to FOLLOWER at term 20 for recognizeCandidate:92ce6e48-4722-407a-9620-5998c6999257
2019-10-18 14:01:25,639 [grpc-default-executor-0] INFO  impl.RaftServerImpl (RaftServerImpl.java:setRole(184)) - 6cbfae60-ea29-4abc-a49d-ef94f4bd513a@group-E964BE911FCC: changes role from  FOLLOWER to FOLLOWER at term 20 for recognizeCandidate:92ce6e48-4722-407a-9620-5998c6999257
2019-10-18 14:01:25,639 [grpc-default-executor-1] INFO  impl.RoleInfo (RoleInfo.java:shutdownFollowerState(121)) - 66f9d00c-1e97-4252-958c-bed5a531abda: shutdown FollowerState
2019-10-18 14:01:25,639 [grpc-default-executor-0] INFO  impl.RoleInfo (RoleInfo.java:shutdownFollowerState(121)) - 6cbfae60-ea29-4abc-a49d-ef94f4bd513a: shutdown FollowerState
2019-10-18 14:01:25,640 [grpc-default-executor-1] INFO  impl.RoleInfo (RoleInfo.java:updateAndGet(143)) - 66f9d00c-1e97-4252-958c-bed5a531abda: start FollowerState
2019-10-18 14:01:25,640 [Thread-355] INFO  impl.FollowerState (FollowerState.java:run(117)) - 66f9d00c-1e97-4252-958c-bed5a531abda@group-E964BE911FCC-FollowerState was interrupted: java.lang.InterruptedException: sleep interrupted
2019-10-18 14:01:25,640 [grpc-default-executor-0] INFO  impl.RoleInfo (RoleInfo.java:updateAndGet(143)) - 6cbfae60-ea29-4abc-a49d-ef94f4bd513a: start FollowerState
2019-10-18 14:01:25,640 [Thread-354] INFO  impl.FollowerState (FollowerState.java:run(117)) - 6cbfae60-ea29-4abc-a49d-ef94f4bd513a@group-E964BE911FCC-FollowerState was interrupted: java.lang.InterruptedException: sleep interrupted
2019-10-18 14:01:25,668 [92ce6e48-4722-407a-9620-5998c6999257@group-E964BE911FCC-LeaderElection22] INFO  impl.LeaderElection (LeaderElection.java:logAndReturn(56)) - 92ce6e48-4722-407a-9620-5998c6999257@group-E964BE911FCC-LeaderElection22: Election REJECTED; received 2 response(s) [92ce6e48-4722-407a-9620-5998c6999257<-6cbfae60-ea29-4abc-a49d-ef94f4bd513a#0:FAIL-t20, 92ce6e48-4722-407a-9620-5998c6999257<-66f9d00c-1e97-4252-958c-bed5a531abda#0:FAIL-t20] and 0 exception(s); 92ce6e48-4722-407a-9620-5998c6999257@group-E964BE911FCC:t20, leader=null, voted=92ce6e48-4722-407a-9620-5998c6999257, raftlog=92ce6e48-4722-407a-9620-5998c6999257@group-E964BE911FCC-SegmentedRaftLog:OPENED:c-1,f-1,i0, conf=-1: [6cbfae60-ea29-4abc-a49d-ef94f4bd513a:192.168.69.85:36685, 66f9d00c-1e97-4252-958c-bed5a531abda:192.168.69.85:45996, 92ce6e48-4722-407a-9620-5998c6999257:192.168.69.85:34971], old=null
2019-10-18 14:01:25,668 [92ce6e48-4722-407a-9620-5998c6999257@group-E964BE911FCC-LeaderElection22] INFO  impl.RaftServerImpl (RaftServerImpl.java:setRole(184)) - 92ce6e48-4722-407a-9620-5998c6999257@group-E964BE911FCC: changes role from CANDIDATE to FOLLOWER at term 20 for DISCOVERED_A_NEW_TERM
2019-10-18 14:01:25,668 [92ce6e48-4722-407a-9620-5998c6999257@group-E964BE911FCC-LeaderElection22] INFO  impl.RoleInfo (RoleInfo.java:shutdownLeaderElection(134)) - 92ce6e48-4722-407a-9620-5998c6999257: shutdown LeaderElection
2019-10-18 14:01:25,669 [92ce6e48-4722-407a-9620-5998c6999257@group-E964BE911FCC-LeaderElection22] INFO  impl.RoleInfo (RoleInfo.java:updateAndGet(143)) - 92ce6e48-4722-407a-9620-5998c6999257: start FollowerState
2019-10-18 14:01:25,783 [Thread-362] INFO  impl.FollowerState (FollowerState.java:run(108)) - 92ce6e48-4722-407a-9620-5998c6999257@group-E964BE911FCC-FollowerState: change to CANDIDATE, lastRpcTime:114ms, electionTimeout:114ms
2019-10-18 14:01:25,785 [Thread-362] INFO  impl.RoleInfo (RoleInfo.java:shutdownFollowerState(121)) - 92ce6e48-4722-407a-9620-5998c6999257: shutdown FollowerState
2019-10-18 14:01:25,785 [Thread-362] INFO  impl.RaftServerImpl (RaftServerImpl.java:setRole(184)) - 92ce6e48-4722-407a-9620-5998c6999257@group-E964BE911FCC: changes role from  FOLLOWER to CANDIDATE at term 20 for changeToCandidate
2019-10-18 14:01:25,785 [Thread-362] INFO  impl.RoleInfo (RoleInfo.java:updateAndGet(143)) - 92ce6e48-4722-407a-9620-5998c6999257: start LeaderElection
2019-10-18 14:01:25,799 [92ce6e48-4722-407a-9620-5998c6999257@group-E964BE911FCC-LeaderElection23] INFO  impl.LeaderElection (LeaderElection.java:askForVotes(178)) - 92ce6e48-4722-407a-9620-5998c6999257@group-E964BE911FCC-LeaderElection23: begin an election at term 21 for -1: [6cbfae60-ea29-4abc-a49d-ef94f4bd513a:192.168.69.85:36685, 66f9d00c-1e97-4252-958c-bed5a531abda:192.168.69.85:45996, 92ce6e48-4722-407a-9620-5998c6999257:192.168.69.85:34971], old=null
2019-10-18 14:01:25,807 [grpc-default-executor-0] INFO  impl.RaftServerImpl (RaftServerImpl.java:setRole(184)) - 6cbfae60-ea29-4abc-a49d-ef94f4bd513a@group-E964BE911FCC: changes role from  FOLLOWER to FOLLOWER at term 21 for recognizeCandidate:92ce6e48-4722-407a-9620-5998c6999257
2019-10-18 14:01:25,807 [grpc-default-executor-1] INFO  impl.RaftServerImpl (RaftServerImpl.java:setRole(184)) - 66f9d00c-1e97-4252-958c-bed5a531abda@group-E964BE911FCC: changes role from  FOLLOWER to FOLLOWER at term 21 for recognizeCandidate:92ce6e48-4722-407a-9620-5998c6999257
2019-10-18 14:01:25,807 [grpc-default-executor-0] INFO  impl.RoleInfo (RoleInfo.java:shutdownFollowerState(121)) - 6cbfae60-ea29-4abc-a49d-ef94f4bd513a: shutdown FollowerState
2019-10-18 14:01:25,808 [grpc-default-executor-1] INFO  impl.RoleInfo (RoleInfo.java:shutdownFollowerState(121)) - 66f9d00c-1e97-4252-958c-bed5a531abda: shutdown FollowerState
2019-10-18 14:01:25,808 [grpc-default-executor-0] INFO  impl.RoleInfo (RoleInfo.java:updateAndGet(143)) - 6cbfae60-ea29-4abc-a49d-ef94f4bd513a: start FollowerState
2019-10-18 14:01:25,808 [Thread-361] INFO  impl.FollowerState (FollowerState.java:run(117)) - 6cbfae60-ea29-4abc-a49d-ef94f4bd513a@group-E964BE911FCC-FollowerState was interrupted: java.lang.InterruptedException: sleep interrupted
2019-10-18 14:01:25,808 [grpc-default-executor-1] INFO  impl.RoleInfo (RoleInfo.java:updateAndGet(143)) - 66f9d00c-1e97-4252-958c-bed5a531abda: start FollowerState
2019-10-18 14:01:25,808 [Thread-360] INFO  impl.FollowerState (FollowerState.java:run(117)) - 66f9d00c-1e97-4252-958c-bed5a531abda@group-E964BE911FCC-FollowerState was interrupted: java.lang.InterruptedException: sleep interrupted
2019-10-18 14:01:25,824 [92ce6e48-4722-407a-9620-5998c6999257@group-E964BE911FCC-LeaderElection23] INFO  impl.LeaderElection (LeaderElection.java:logAndReturn(56)) - 92ce6e48-4722-407a-9620-5998c6999257@group-E964BE911FCC-LeaderElection23: Election REJECTED; received 2 response(s) [92ce6e48-4722-407a-9620-5998c6999257<-6cbfae60-ea29-4abc-a49d-ef94f4bd513a#0:FAIL-t21, 92ce6e48-4722-407a-9620-5998c6999257<-66f9d00c-1e97-4252-958c-bed5a531abda#0:FAIL-t21] and 0 exception(s); 92ce6e48-4722-407a-9620-5998c6999257@group-E964BE911FCC:t21, leader=null, voted=92ce6e48-4722-407a-9620-5998c6999257, raftlog=92ce6e48-4722-407a-9620-5998c6999257@group-E964BE911FCC-SegmentedRaftLog:OPENED:c-1,f-1,i0, conf=-1: [6cbfae60-ea29-4abc-a49d-ef94f4bd513a:192.168.69.85:36685, 66f9d00c-1e97-4252-958c-bed5a531abda:192.168.69.85:45996, 92ce6e48-4722-407a-9620-5998c6999257:192.168.69.85:34971], old=null
2019-10-18 14:01:25,824 [92ce6e48-4722-407a-9620-5998c6999257@group-E964BE911FCC-LeaderElection23] INFO  impl.RaftServerImpl (RaftServerImpl.java:setRole(184)) - 92ce6e48-4722-407a-9620-5998c6999257@group-E964BE911FCC: changes role from CANDIDATE to FOLLOWER at term 21 for DISCOVERED_A_NEW_TERM
2019-10-18 14:01:25,824 [92ce6e48-4722-407a-9620-5998c6999257@group-E964BE911FCC-LeaderElection23] INFO  impl.RoleInfo (RoleInfo.java:shutdownLeaderElection(134)) - 92ce6e48-4722-407a-9620-5998c6999257: shutdown LeaderElection
2019-10-18 14:01:25,824 [92ce6e48-4722-407a-9620-5998c6999257@group-E964BE911FCC-LeaderElection23] INFO  impl.RoleInfo (RoleInfo.java:updateAndGet(143)) - 92ce6e48-4722-407a-9620-5998c6999257: start FollowerState
2019-10-18 14:01:25,891 [Thread-370] INFO  impl.FollowerState (FollowerState.java:run(108)) - 92ce6e48-4722-407a-9620-5998c6999257@group-E964BE911FCC-FollowerState: change to CANDIDATE, lastRpcTime:66ms, electionTimeout:65ms
2019-10-18 14:01:25,892 [Thread-370] INFO  impl.RoleInfo (RoleInfo.java:shutdownFollowerState(121)) - 92ce6e48-4722-407a-9620-5998c6999257: shutdown FollowerState
2019-10-18 14:01:25,892 [Thread-370] INFO  impl.RaftServerImpl (RaftServerImpl.java:setRole(184)) - 92ce6e48-4722-407a-9620-5998c6999257@group-E964BE911FCC: changes role from  FOLLOWER to CANDIDATE at term 21 for changeToCandidate
2019-10-18 14:01:25,892 [Thread-370] INFO  impl.RoleInfo (RoleInfo.java:updateAndGet(143)) - 92ce6e48-4722-407a-9620-5998c6999257: start LeaderElection
2019-10-18 14:01:25,907 [92ce6e48-4722-407a-9620-5998c6999257@group-E964BE911FCC-LeaderElection24] INFO  impl.LeaderElection (LeaderElection.java:askForVotes(178)) - 92ce6e48-4722-407a-9620-5998c6999257@group-E964BE911FCC-LeaderElection24: begin an election at term 22 for -1: [6cbfae60-ea29-4abc-a49d-ef94f4bd513a:192.168.69.85:36685, 66f9d00c-1e97-4252-958c-bed5a531abda:192.168.69.85:45996, 92ce6e48-4722-407a-9620-5998c6999257:192.168.69.85:34971], old=null
2019-10-18 14:01:25,915 [grpc-default-executor-0] INFO  impl.RaftServerImpl (RaftServerImpl.java:setRole(184)) - 6cbfae60-ea29-4abc-a49d-ef94f4bd513a@group-E964BE911FCC: changes role from  FOLLOWER to FOLLOWER at term 22 for recognizeCandidate:92ce6e48-4722-407a-9620-5998c6999257
2019-10-18 14:01:25,915 [grpc-default-executor-1] INFO  impl.RaftServerImpl (RaftServerImpl.java:setRole(184)) - 66f9d00c-1e97-4252-958c-bed5a531abda@group-E964BE911FCC: changes role from  FOLLOWER to FOLLOWER at term 22 for recognizeCandidate:92ce6e48-4722-407a-9620-5998c6999257
2019-10-18 14:01:25,915 [grpc-default-executor-1] INFO  impl.RoleInfo (RoleInfo.java:shutdownFollowerState(121)) - 66f9d00c-1e97-4252-958c-bed5a531abda: shutdown FollowerState
2019-10-18 14:01:25,915 [grpc-default-executor-0] INFO  impl.RoleInfo (RoleInfo.java:shutdownFollowerState(121)) - 6cbfae60-ea29-4abc-a49d-ef94f4bd513a: shutdown FollowerState
2019-10-18 14:01:25,916 [grpc-default-executor-1] INFO  impl.RoleInfo (RoleInfo.java:updateAndGet(143)) - 66f9d00c-1e97-4252-958c-bed5a531abda: start FollowerState
2019-10-18 14:01:25,916 [grpc-default-executor-0] INFO  impl.RoleInfo (RoleInfo.java:updateAndGet(143)) - 6cbfae60-ea29-4abc-a49d-ef94f4bd513a: start FollowerState
2019-10-18 14:01:25,916 [Thread-368] INFO  impl.FollowerState (FollowerState.java:run(117)) - 66f9d00c-1e97-4252-958c-bed5a531abda@group-E964BE911FCC-FollowerState was interrupted: java.lang.InterruptedException: sleep interrupted
2019-10-18 14:01:25,916 [Thread-367] INFO  impl.FollowerState (FollowerState.java:run(117)) - 6cbfae60-ea29-4abc-a49d-ef94f4bd513a@group-E964BE911FCC-FollowerState was interrupted: java.lang.InterruptedException: sleep interrupted
2019-10-18 14:01:25,942 [92ce6e48-4722-407a-9620-5998c6999257@group-E964BE911FCC-LeaderElection24] INFO  impl.LeaderElection (LeaderElection.java:logAndReturn(56)) - 92ce6e48-4722-407a-9620-5998c6999257@group-E964BE911FCC-LeaderElection24: Election REJECTED; received 2 response(s) [92ce6e48-4722-407a-9620-5998c6999257<-6cbfae60-ea29-4abc-a49d-ef94f4bd513a#0:FAIL-t22, 92ce6e48-4722-407a-9620-5998c6999257<-66f9d00c-1e97-4252-958c-bed5a531abda#0:FAIL-t22] and 0 exception(s); 92ce6e48-4722-407a-9620-5998c6999257@group-E964BE911FCC:t22, leader=null, voted=92ce6e48-4722-407a-9620-5998c6999257, raftlog=92ce6e48-4722-407a-9620-5998c6999257@group-E964BE911FCC-SegmentedRaftLog:OPENED:c-1,f-1,i0, conf=-1: [6cbfae60-ea29-4abc-a49d-ef94f4bd513a:192.168.69.85:36685, 66f9d00c-1e97-4252-958c-bed5a531abda:192.168.69.85:45996, 92ce6e48-4722-407a-9620-5998c6999257:192.168.69.85:34971], old=null
2019-10-18 14:01:25,942 [92ce6e48-4722-407a-9620-5998c6999257@group-E964BE911FCC-LeaderElection24] INFO  impl.RaftServerImpl (RaftServerImpl.java:setRole(184)) - 92ce6e48-4722-407a-9620-5998c6999257@group-E964BE911FCC: changes role from CANDIDATE to FOLLOWER at term 22 for DISCOVERED_A_NEW_TERM
2019-10-18 14:01:25,942 [92ce6e48-4722-407a-9620-5998c6999257@group-E964BE911FCC-LeaderElection24] INFO  impl.RoleInfo (RoleInfo.java:shutdownLeaderElection(134)) - 92ce6e48-4722-407a-9620-5998c6999257: shutdown LeaderElection
2019-10-18 14:01:25,943 [92ce6e48-4722-407a-9620-5998c6999257@group-E964BE911FCC-LeaderElection24] INFO  impl.RoleInfo (RoleInfo.java:updateAndGet(143)) - 92ce6e48-4722-407a-9620-5998c6999257: start FollowerState
2019-10-18 14:01:26,012 [Thread-376] INFO  impl.FollowerState (FollowerState.java:run(108)) - 92ce6e48-4722-407a-9620-5998c6999257@group-E964BE911FCC-FollowerState: change to CANDIDATE, lastRpcTime:69ms, electionTimeout:69ms
2019-10-18 14:01:26,014 [Thread-376] INFO  impl.RoleInfo (RoleInfo.java:shutdownFollowerState(121)) - 92ce6e48-4722-407a-9620-5998c6999257: shutdown FollowerState
2019-10-18 14:01:26,014 [Thread-376] INFO  impl.RaftServerImpl (RaftServerImpl.java:setRole(184)) - 92ce6e48-4722-407a-9620-5998c6999257@group-E964BE911FCC: changes role from  FOLLOWER to CANDIDATE at term 22 for changeToCandidate
2019-10-18 14:01:26,014 [Thread-376] INFO  impl.RoleInfo (RoleInfo.java:updateAndGet(143)) - 92ce6e48-4722-407a-9620-5998c6999257: start LeaderElection
2019-10-18 14:01:26,030 [92ce6e48-4722-407a-9620-5998c6999257@group-E964BE911FCC-LeaderElection25] INFO  impl.LeaderElection (LeaderElection.java:askForVotes(178)) - 92ce6e48-4722-407a-9620-5998c6999257@group-E964BE911FCC-LeaderElection25: begin an election at term 23 for -1: [6cbfae60-ea29-4abc-a49d-ef94f4bd513a:192.168.69.85:36685, 66f9d00c-1e97-4252-958c-bed5a531abda:192.168.69.85:45996, 92ce6e48-4722-407a-9620-5998c6999257:192.168.69.85:34971], old=null
2019-10-18 14:01:26,033 [grpc-default-executor-0] INFO  impl.RaftServerImpl (RaftServerImpl.java:setRole(184)) - 6cbfae60-ea29-4abc-a49d-ef94f4bd513a@group-E964BE911FCC: changes role from  FOLLOWER to FOLLOWER at term 23 for recognizeCandidate:92ce6e48-4722-407a-9620-5998c6999257
2019-10-18 14:01:26,033 [grpc-default-executor-1] INFO  impl.RaftServerImpl (RaftServerImpl.java:setRole(184)) - 66f9d00c-1e97-4252-958c-bed5a531abda@group-E964BE911FCC: changes role from  FOLLOWER to FOLLOWER at term 23 for recognizeCandidate:92ce6e48-4722-407a-9620-5998c6999257
2019-10-18 14:01:26,033 [grpc-default-executor-0] INFO  impl.RoleInfo (RoleInfo.java:shutdownFollowerState(121)) - 6cbfae60-ea29-4abc-a49d-ef94f4bd513a: shutdown FollowerState
2019-10-18 14:01:26,033 [grpc-default-executor-1] INFO  impl.RoleInfo (RoleInfo.java:shutdownFollowerState(121)) - 66f9d00c-1e97-4252-958c-bed5a531abda: shutdown FollowerState
2019-10-18 14:01:26,033 [Thread-375] INFO  impl.FollowerState (FollowerState.java:run(117)) - 6cbfae60-ea29-4abc-a49d-ef94f4bd513a@group-E964BE911FCC-FollowerState was interrupted: java.lang.InterruptedException: sleep interrupted
2019-10-18 14:01:26,033 [grpc-default-executor-1] INFO  impl.RoleInfo (RoleInfo.java:updateAndGet(143)) - 66f9d00c-1e97-4252-958c-bed5a531abda: start FollowerState
2019-10-18 14:01:26,033 [grpc-default-executor-0] INFO  impl.RoleInfo (RoleInfo.java:updateAndGet(143)) - 6cbfae60-ea29-4abc-a49d-ef94f4bd513a: start FollowerState
2019-10-18 14:01:26,033 [Thread-374] INFO  impl.FollowerState (FollowerState.java:run(117)) - 66f9d00c-1e97-4252-958c-bed5a531abda@group-E964BE911FCC-FollowerState was interrupted: java.lang.InterruptedException: sleep interrupted
2019-10-18 14:01:26,049 [92ce6e48-4722-407a-9620-5998c6999257@group-E964BE911FCC-LeaderElection25] INFO  impl.LeaderElection (LeaderElection.java:logAndReturn(56)) - 92ce6e48-4722-407a-9620-5998c6999257@group-E964BE911FCC-LeaderElection25: Election REJECTED; received 2 response(s) [92ce6e48-4722-407a-9620-5998c6999257<-6cbfae60-ea29-4abc-a49d-ef94f4bd513a#0:FAIL-t23, 92ce6e48-4722-407a-9620-5998c6999257<-66f9d00c-1e97-4252-958c-bed5a531abda#0:FAIL-t23] and 0 exception(s); 92ce6e48-4722-407a-9620-5998c6999257@group-E964BE911FCC:t23, leader=null, voted=92ce6e48-4722-407a-9620-5998c6999257, raftlog=92ce6e48-4722-407a-9620-5998c6999257@group-E964BE911FCC-SegmentedRaftLog:OPENED:c-1,f-1,i0, conf=-1: [6cbfae60-ea29-4abc-a49d-ef94f4bd513a:192.168.69.85:36685, 66f9d00c-1e97-4252-958c-bed5a531abda:192.168.69.85:45996, 92ce6e48-4722-407a-9620-5998c6999257:192.168.69.85:34971], old=null
2019-10-18 14:01:26,049 [92ce6e48-4722-407a-9620-5998c6999257@group-E964BE911FCC-LeaderElection25] INFO  impl.RaftServerImpl (RaftServerImpl.java:setRole(184)) - 92ce6e48-4722-407a-9620-5998c6999257@group-E964BE911FCC: changes role from CANDIDATE to FOLLOWER at term 23 for DISCOVERED_A_NEW_TERM
2019-10-18 14:01:26,049 [92ce6e48-4722-407a-9620-5998c6999257@group-E964BE911FCC-LeaderElection25] INFO  impl.RoleInfo (RoleInfo.java:shutdownLeaderElection(134)) - 92ce6e48-4722-407a-9620-5998c6999257: shutdown LeaderElection
2019-10-18 14:01:26,049 [92ce6e48-4722-407a-9620-5998c6999257@group-E964BE911FCC-LeaderElection25] INFO  impl.RoleInfo (RoleInfo.java:updateAndGet(143)) - 92ce6e48-4722-407a-9620-5998c6999257: start FollowerState
2019-10-18 14:01:26,080 [Thread-382] INFO  impl.FollowerState (FollowerState.java:run(108)) - 92ce6e48-4722-407a-9620-5998c6999257@group-E964BE911FCC-FollowerState: change to CANDIDATE, lastRpcTime:30ms, electionTimeout:30ms
2019-10-18 14:01:26,081 [Thread-382] INFO  impl.RoleInfo (RoleInfo.java:shutdownFollowerState(121)) - 92ce6e48-4722-407a-9620-5998c6999257: shutdown FollowerState
2019-10-18 14:01:26,081 [Thread-382] INFO  impl.RaftServerImpl (RaftServerImpl.java:setRole(184)) - 92ce6e48-4722-407a-9620-5998c6999257@group-E964BE911FCC: changes role from  FOLLOWER to CANDIDATE at term 23 for changeToCandidate
2019-10-18 14:01:26,081 [Thread-382] INFO  impl.RoleInfo (RoleInfo.java:updateAndGet(143)) - 92ce6e48-4722-407a-9620-5998c6999257: start LeaderElection
2019-10-18 14:01:26,096 [92ce6e48-4722-407a-9620-5998c6999257@group-E964BE911FCC-LeaderElection26] INFO  impl.LeaderElection (LeaderElection.java:askForVotes(178)) - 92ce6e48-4722-407a-9620-5998c6999257@group-E964BE911FCC-LeaderElection26: begin an election at term 24 for -1: [6cbfae60-ea29-4abc-a49d-ef94f4bd513a:192.168.69.85:36685, 66f9d00c-1e97-4252-958c-bed5a531abda:192.168.69.85:45996, 92ce6e48-4722-407a-9620-5998c6999257:192.168.69.85:34971], old=null
2019-10-18 14:01:26,099 [grpc-default-executor-1] INFO  impl.RaftServerImpl (RaftServerImpl.java:setRole(184)) - 6cbfae60-ea29-4abc-a49d-ef94f4bd513a@group-E964BE911FCC: changes role from  FOLLOWER to FOLLOWER at term 24 for recognizeCandidate:92ce6e48-4722-407a-9620-5998c6999257
2019-10-18 14:01:26,099 [grpc-default-executor-1] INFO  impl.RoleInfo (RoleInfo.java:shutdownFollowerState(121)) - 6cbfae60-ea29-4abc-a49d-ef94f4bd513a: shutdown FollowerState
2019-10-18 14:01:26,099 [grpc-default-executor-1] INFO  impl.RoleInfo (RoleInfo.java:updateAndGet(143)) - 6cbfae60-ea29-4abc-a49d-ef94f4bd513a: start FollowerState
2019-10-18 14:01:26,099 [Thread-380] INFO  impl.FollowerState (FollowerState.java:run(117)) - 6cbfae60-ea29-4abc-a49d-ef94f4bd513a@group-E964BE911FCC-FollowerState was interrupted: java.lang.InterruptedException: sleep interrupted
2019-10-18 14:01:26,100 [grpc-default-executor-0] INFO  impl.RaftServerImpl (RaftServerImpl.java:setRole(184)) - 66f9d00c-1e97-4252-958c-bed5a531abda@group-E964BE911FCC: changes role from  FOLLOWER to FOLLOWER at term 24 for recognizeCandidate:92ce6e48-4722-407a-9620-5998c6999257
2019-10-18 14:01:26,100 [grpc-default-executor-0] INFO  impl.RoleInfo (RoleInfo.java:shutdownFollowerState(121)) - 66f9d00c-1e97-4252-958c-bed5a531abda: shutdown FollowerState
2019-10-18 14:01:26,100 [Thread-381] INFO  impl.FollowerState (FollowerState.java:run(117)) - 66f9d00c-1e97-4252-958c-bed5a531abda@group-E964BE911FCC-FollowerState was interrupted: java.lang.InterruptedException: sleep interrupted
2019-10-18 14:01:26,100 [grpc-default-executor-0] INFO  impl.RoleInfo (RoleInfo.java:updateAndGet(143)) - 66f9d00c-1e97-4252-958c-bed5a531abda: start FollowerState
2019-10-18 14:01:26,127 [92ce6e48-4722-407a-9620-5998c6999257@group-E964BE911FCC-LeaderElection26] INFO  impl.LeaderElection (LeaderElection.java:logAndReturn(56)) - 92ce6e48-4722-407a-9620-5998c6999257@group-E964BE911FCC-LeaderElection26: Election REJECTED; received 2 response(s) [92ce6e48-4722-407a-9620-5998c6999257<-6cbfae60-ea29-4abc-a49d-ef94f4bd513a#0:FAIL-t24, 92ce6e48-4722-407a-9620-5998c6999257<-66f9d00c-1e97-4252-958c-bed5a531abda#0:FAIL-t24] and 0 exception(s); 92ce6e48-4722-407a-9620-5998c6999257@group-E964BE911FCC:t24, leader=null, voted=92ce6e48-4722-407a-9620-5998c6999257, raftlog=92ce6e48-4722-407a-9620-5998c6999257@group-E964BE911FCC-SegmentedRaftLog:OPENED:c-1,f-1,i0, conf=-1: [6cbfae60-ea29-4abc-a49d-ef94f4bd513a:192.168.69.85:36685, 66f9d00c-1e97-4252-958c-bed5a531abda:192.168.69.85:45996, 92ce6e48-4722-407a-9620-5998c6999257:192.168.69.85:34971], old=null
2019-10-18 14:01:26,127 [92ce6e48-4722-407a-9620-5998c6999257@group-E964BE911FCC-LeaderElection26] INFO  impl.RaftServerImpl (RaftServerImpl.java:setRole(184)) - 92ce6e48-4722-407a-9620-5998c6999257@group-E964BE911FCC: changes role from CANDIDATE to FOLLOWER at term 24 for DISCOVERED_A_NEW_TERM
2019-10-18 14:01:26,127 [92ce6e48-4722-407a-9620-5998c6999257@group-E964BE911FCC-LeaderElection26] INFO  impl.RoleInfo (RoleInfo.java:shutdownLeaderElection(134)) - 92ce6e48-4722-407a-9620-5998c6999257: shutdown LeaderElection
2019-10-18 14:01:26,128 [92ce6e48-4722-407a-9620-5998c6999257@group-E964BE911FCC-LeaderElection26] INFO  impl.RoleInfo (RoleInfo.java:updateAndGet(143)) - 92ce6e48-4722-407a-9620-5998c6999257: start FollowerState
2019-10-18 14:01:26,264 [Thread-388] INFO  impl.FollowerState (FollowerState.java:run(108)) - 92ce6e48-4722-407a-9620-5998c6999257@group-E964BE911FCC-FollowerState: change to CANDIDATE, lastRpcTime:136ms, electionTimeout:136ms
2019-10-18 14:01:26,266 [Thread-388] INFO  impl.RoleInfo (RoleInfo.java:shutdownFollowerState(121)) - 92ce6e48-4722-407a-9620-5998c6999257: shutdown FollowerState
2019-10-18 14:01:26,266 [Thread-388] INFO  impl.RaftServerImpl (RaftServerImpl.java:setRole(184)) - 92ce6e48-4722-407a-9620-5998c6999257@group-E964BE911FCC: changes role from  FOLLOWER to CANDIDATE at term 24 for changeToCandidate
2019-10-18 14:01:26,266 [Thread-388] INFO  impl.RoleInfo (RoleInfo.java:updateAndGet(143)) - 92ce6e48-4722-407a-9620-5998c6999257: start LeaderElection
2019-10-18 14:01:26,288 [92ce6e48-4722-407a-9620-5998c6999257@group-E964BE911FCC-LeaderElection27] INFO  impl.LeaderElection (LeaderElection.java:askForVotes(178)) - 92ce6e48-4722-407a-9620-5998c6999257@group-E964BE911FCC-LeaderElection27: begin an election at term 25 for -1: [6cbfae60-ea29-4abc-a49d-ef94f4bd513a:192.168.69.85:36685, 66f9d00c-1e97-4252-958c-bed5a531abda:192.168.69.85:45996, 92ce6e48-4722-407a-9620-5998c6999257:192.168.69.85:34971], old=null
2019-10-18 14:01:26,291 [grpc-default-executor-0] INFO  impl.RaftServerImpl (RaftServerImpl.java:setRole(184)) - 6cbfae60-ea29-4abc-a49d-ef94f4bd513a@group-E964BE911FCC: changes role from  FOLLOWER to FOLLOWER at term 25 for recognizeCandidate:92ce6e48-4722-407a-9620-5998c6999257
2019-10-18 14:01:26,291 [grpc-default-executor-1] INFO  impl.RaftServerImpl (RaftServerImpl.java:setRole(184)) - 66f9d00c-1e97-4252-958c-bed5a531abda@group-E964BE911FCC: changes role from  FOLLOWER to FOLLOWER at term 25 for recognizeCandidate:92ce6e48-4722-407a-9620-5998c6999257
2019-10-18 14:01:26,291 [grpc-default-executor-0] INFO  impl.RoleInfo (RoleInfo.java:shutdownFollowerState(121)) - 6cbfae60-ea29-4abc-a49d-ef94f4bd513a: shutdown FollowerState
2019-10-18 14:01:26,291 [grpc-default-executor-1] INFO  impl.RoleInfo (RoleInfo.java:shutdownFollowerState(121)) - 66f9d00c-1e97-4252-958c-bed5a531abda: shutdown FollowerState
2019-10-18 14:01:26,291 [grpc-default-executor-0] INFO  impl.RoleInfo (RoleInfo.java:updateAndGet(143)) - 6cbfae60-ea29-4abc-a49d-ef94f4bd513a: start FollowerState
2019-10-18 14:01:26,292 [Thread-386] INFO  impl.FollowerState (FollowerState.java:run(117)) - 6cbfae60-ea29-4abc-a49d-ef94f4bd513a@group-E964BE911FCC-FollowerState was interrupted: java.lang.InterruptedException: sleep interrupted
2019-10-18 14:01:26,292 [Thread-387] INFO  impl.FollowerState (FollowerState.java:run(117)) - 66f9d00c-1e97-4252-958c-bed5a531abda@group-E964BE911FCC-FollowerState was interrupted: java.lang.InterruptedException: sleep interrupted
2019-10-18 14:01:26,292 [grpc-default-executor-1] INFO  impl.RoleInfo (RoleInfo.java:updateAndGet(143)) - 66f9d00c-1e97-4252-958c-bed5a531abda: start FollowerState
2019-10-18 14:01:26,300 [92ce6e48-4722-407a-9620-5998c6999257@group-E964BE911FCC-LeaderElection27] INFO  impl.LeaderElection (LeaderElection.java:logAndReturn(56)) - 92ce6e48-4722-407a-9620-5998c6999257@group-E964BE911FCC-LeaderElection27: Election REJECTED; received 2 response(s) [92ce6e48-4722-407a-9620-5998c6999257<-6cbfae60-ea29-4abc-a49d-ef94f4bd513a#0:FAIL-t25, 92ce6e48-4722-407a-9620-5998c6999257<-66f9d00c-1e97-4252-958c-bed5a531abda#0:FAIL-t25] and 0 exception(s); 92ce6e48-4722-407a-9620-5998c6999257@group-E964BE911FCC:t25, leader=null, voted=92ce6e48-4722-407a-9620-5998c6999257, raftlog=92ce6e48-4722-407a-9620-5998c6999257@group-E964BE911FCC-SegmentedRaftLog:OPENED:c-1,f-1,i0, conf=-1: [6cbfae60-ea29-4abc-a49d-ef94f4bd513a:192.168.69.85:36685, 66f9d00c-1e97-4252-958c-bed5a531abda:192.168.69.85:45996, 92ce6e48-4722-407a-9620-5998c6999257:192.168.69.85:34971], old=null
2019-10-18 14:01:26,300 [92ce6e48-4722-407a-9620-5998c6999257@group-E964BE911FCC-LeaderElection27] INFO  impl.RaftServerImpl (RaftServerImpl.java:setRole(184)) - 92ce6e48-4722-407a-9620-5998c6999257@group-E964BE911FCC: changes role from CANDIDATE to FOLLOWER at term 25 for DISCOVERED_A_NEW_TERM
2019-10-18 14:01:26,300 [92ce6e48-4722-407a-9620-5998c6999257@group-E964BE911FCC-LeaderElection27] INFO  impl.RoleInfo (RoleInfo.java:shutdownLeaderElection(134)) - 92ce6e48-4722-407a-9620-5998c6999257: shutdown LeaderElection
2019-10-18 14:01:26,300 [92ce6e48-4722-407a-9620-5998c6999257@group-E964BE911FCC-LeaderElection27] INFO  impl.RoleInfo (RoleInfo.java:updateAndGet(143)) - 92ce6e48-4722-407a-9620-5998c6999257: start FollowerState
2019-10-18 14:01:26,345 [Thread-394] INFO  impl.FollowerState (FollowerState.java:run(108)) - 92ce6e48-4722-407a-9620-5998c6999257@group-E964BE911FCC-FollowerState: change to CANDIDATE, lastRpcTime:44ms, electionTimeout:44ms
2019-10-18 14:01:26,346 [Thread-394] INFO  impl.RoleInfo (RoleInfo.java:shutdownFollowerState(121)) - 92ce6e48-4722-407a-9620-5998c6999257: shutdown FollowerState
2019-10-18 14:01:26,346 [Thread-394] INFO  impl.RaftServerImpl (RaftServerImpl.java:setRole(184)) - 92ce6e48-4722-407a-9620-5998c6999257@group-E964BE911FCC: changes role from  FOLLOWER to CANDIDATE at term 25 for changeToCandidate
2019-10-18 14:01:26,347 [Thread-394] INFO  impl.RoleInfo (RoleInfo.java:updateAndGet(143)) - 92ce6e48-4722-407a-9620-5998c6999257: start LeaderElection
2019-10-18 14:01:26,359 [92ce6e48-4722-407a-9620-5998c6999257@group-E964BE911FCC-LeaderElection28] INFO  impl.LeaderElection (LeaderElection.java:askForVotes(178)) - 92ce6e48-4722-407a-9620-5998c6999257@group-E964BE911FCC-LeaderElection28: begin an election at term 26 for -1: [6cbfae60-ea29-4abc-a49d-ef94f4bd513a:192.168.69.85:36685, 66f9d00c-1e97-4252-958c-bed5a531abda:192.168.69.85:45996, 92ce6e48-4722-407a-9620-5998c6999257:192.168.69.85:34971], old=null
2019-10-18 14:01:26,363 [grpc-default-executor-0] INFO  impl.RaftServerImpl (RaftServerImpl.java:setRole(184)) - 6cbfae60-ea29-4abc-a49d-ef94f4bd513a@group-E964BE911FCC: changes role from  FOLLOWER to FOLLOWER at term 26 for recognizeCandidate:92ce6e48-4722-407a-9620-5998c6999257
2019-10-18 14:01:26,363 [grpc-default-executor-1] INFO  impl.RaftServerImpl (RaftServerImpl.java:setRole(184)) - 66f9d00c-1e97-4252-958c-bed5a531abda@group-E964BE911FCC: changes role from  FOLLOWER to FOLLOWER at term 26 for recognizeCandidate:92ce6e48-4722-407a-9620-5998c6999257
2019-10-18 14:01:26,363 [grpc-default-executor-0] INFO  impl.RoleInfo (RoleInfo.java:shutdownFollowerState(121)) - 6cbfae60-ea29-4abc-a49d-ef94f4bd513a: shutdown FollowerState
2019-10-18 14:01:26,363 [grpc-default-executor-1] INFO  impl.RoleInfo (RoleInfo.java:shutdownFollowerState(121)) - 66f9d00c-1e97-4252-958c-bed5a531abda: shutdown FollowerState
2019-10-18 14:01:26,363 [grpc-default-executor-0] INFO  impl.RoleInfo (RoleInfo.java:updateAndGet(143)) - 6cbfae60-ea29-4abc-a49d-ef94f4bd513a: start FollowerState
2019-10-18 14:01:26,363 [Thread-392] INFO  impl.FollowerState (FollowerState.java:run(117)) - 6cbfae60-ea29-4abc-a49d-ef94f4bd513a@group-E964BE911FCC-FollowerState was interrupted: java.lang.InterruptedException: sleep interrupted
2019-10-18 14:01:26,363 [grpc-default-executor-1] INFO  impl.RoleInfo (RoleInfo.java:updateAndGet(143)) - 66f9d00c-1e97-4252-958c-bed5a531abda: start FollowerState
2019-10-18 14:01:26,363 [Thread-393] INFO  impl.FollowerState (FollowerState.java:run(117)) - 66f9d00c-1e97-4252-958c-bed5a531abda@group-E964BE911FCC-FollowerState was interrupted: java.lang.InterruptedException: sleep interrupted
2019-10-18 14:01:26,369 [92ce6e48-4722-407a-9620-5998c6999257@group-E964BE911FCC-LeaderElection28] INFO  impl.LeaderElection (LeaderElection.java:logAndReturn(56)) - 92ce6e48-4722-407a-9620-5998c6999257@group-E964BE911FCC-LeaderElection28: Election REJECTED; received 2 response(s) [92ce6e48-4722-407a-9620-5998c6999257<-6cbfae60-ea29-4abc-a49d-ef94f4bd513a#0:FAIL-t26, 92ce6e48-4722-407a-9620-5998c6999257<-66f9d00c-1e97-4252-958c-bed5a531abda#0:FAIL-t26] and 0 exception(s); 92ce6e48-4722-407a-9620-5998c6999257@group-E964BE911FCC:t26, leader=null, voted=92ce6e48-4722-407a-9620-5998c6999257, raftlog=92ce6e48-4722-407a-9620-5998c6999257@group-E964BE911FCC-SegmentedRaftLog:OPENED:c-1,f-1,i0, conf=-1: [6cbfae60-ea29-4abc-a49d-ef94f4bd513a:192.168.69.85:36685, 66f9d00c-1e97-4252-958c-bed5a531abda:192.168.69.85:45996, 92ce6e48-4722-407a-9620-5998c6999257:192.168.69.85:34971], old=null
2019-10-18 14:01:26,369 [92ce6e48-4722-407a-9620-5998c6999257@group-E964BE911FCC-LeaderElection28] INFO  impl.RaftServerImpl (RaftServerImpl.java:setRole(184)) - 92ce6e48-4722-407a-9620-5998c6999257@group-E964BE911FCC: changes role from CANDIDATE to FOLLOWER at term 26 for DISCOVERED_A_NEW_TERM
2019-10-18 14:01:26,369 [92ce6e48-4722-407a-9620-5998c6999257@group-E964BE911FCC-LeaderElection28] INFO  impl.RoleInfo (RoleInfo.java:shutdownLeaderElection(134)) - 92ce6e48-4722-407a-9620-5998c6999257: shutdown LeaderElection
2019-10-18 14:01:26,370 [92ce6e48-4722-407a-9620-5998c6999257@group-E964BE911FCC-LeaderElection28] INFO  impl.RoleInfo (RoleInfo.java:updateAndGet(143)) - 92ce6e48-4722-407a-9620-5998c6999257: start FollowerState
2019-10-18 14:01:26,554 [Thread-400] INFO  impl.FollowerState (FollowerState.java:run(108)) - 92ce6e48-4722-407a-9620-5998c6999257@group-E964BE911FCC-FollowerState: change to CANDIDATE, lastRpcTime:184ms, electionTimeout:184ms
2019-10-18 14:01:26,556 [Thread-400] INFO  impl.RoleInfo (RoleInfo.java:shutdownFollowerState(121)) - 92ce6e48-4722-407a-9620-5998c6999257: shutdown FollowerState
2019-10-18 14:01:26,556 [Thread-400] INFO  impl.RaftServerImpl (RaftServerImpl.java:setRole(184)) - 92ce6e48-4722-407a-9620-5998c6999257@group-E964BE911FCC: changes role from  FOLLOWER to CANDIDATE at term 26 for changeToCandidate
2019-10-18 14:01:26,556 [Thread-400] INFO  impl.RoleInfo (RoleInfo.java:updateAndGet(143)) - 92ce6e48-4722-407a-9620-5998c6999257: start LeaderElection
2019-10-18 14:01:26,578 [92ce6e48-4722-407a-9620-5998c6999257@group-E964BE911FCC-LeaderElection29] INFO  impl.LeaderElection (LeaderElection.java:askForVotes(178)) - 92ce6e48-4722-407a-9620-5998c6999257@group-E964BE911FCC-LeaderElection29: begin an election at term 27 for -1: [6cbfae60-ea29-4abc-a49d-ef94f4bd513a:192.168.69.85:36685, 66f9d00c-1e97-4252-958c-bed5a531abda:192.168.69.85:45996, 92ce6e48-4722-407a-9620-5998c6999257:192.168.69.85:34971], old=null
2019-10-18 14:01:26,581 [grpc-default-executor-0] INFO  impl.RaftServerImpl (RaftServerImpl.java:setRole(184)) - 66f9d00c-1e97-4252-958c-bed5a531abda@group-E964BE911FCC: changes role from  FOLLOWER to FOLLOWER at term 27 for recognizeCandidate:92ce6e48-4722-407a-9620-5998c6999257
2019-10-18 14:01:26,581 [grpc-default-executor-1] INFO  impl.RaftServerImpl (RaftServerImpl.java:setRole(184)) - 6cbfae60-ea29-4abc-a49d-ef94f4bd513a@group-E964BE911FCC: changes role from  FOLLOWER to FOLLOWER at term 27 for recognizeCandidate:92ce6e48-4722-407a-9620-5998c6999257
2019-10-18 14:01:26,582 [grpc-default-executor-0] INFO  impl.RoleInfo (RoleInfo.java:shutdownFollowerState(121)) - 66f9d00c-1e97-4252-958c-bed5a531abda: shutdown FollowerState
2019-10-18 14:01:26,582 [grpc-default-executor-1] INFO  impl.RoleInfo (RoleInfo.java:shutdownFollowerState(121)) - 6cbfae60-ea29-4abc-a49d-ef94f4bd513a: shutdown FollowerState
2019-10-18 14:01:26,582 [grpc-default-executor-0] INFO  impl.RoleInfo (RoleInfo.java:updateAndGet(143)) - 66f9d00c-1e97-4252-958c-bed5a531abda: start FollowerState
2019-10-18 14:01:26,582 [Thread-398] INFO  impl.FollowerState (FollowerState.java:run(117)) - 6cbfae60-ea29-4abc-a49d-ef94f4bd513a@group-E964BE911FCC-FollowerState was interrupted: java.lang.InterruptedException: sleep interrupted
2019-10-18 14:01:26,582 [Thread-399] INFO  impl.FollowerState (FollowerState.java:run(117)) - 66f9d00c-1e97-4252-958c-bed5a531abda@group-E964BE911FCC-FollowerState was interrupted: java.lang.InterruptedException: sleep interrupted
2019-10-18 14:01:26,582 [grpc-default-executor-1] INFO  impl.RoleInfo (RoleInfo.java:updateAndGet(143)) - 6cbfae60-ea29-4abc-a49d-ef94f4bd513a: start FollowerState
2019-10-18 14:01:26,599 [92ce6e48-4722-407a-9620-5998c6999257@group-E964BE911FCC-LeaderElection29] INFO  impl.LeaderElection (LeaderElection.java:logAndReturn(56)) - 92ce6e48-4722-407a-9620-5998c6999257@group-E964BE911FCC-LeaderElection29: Election REJECTED; received 2 response(s) [92ce6e48-4722-407a-9620-5998c6999257<-6cbfae60-ea29-4abc-a49d-ef94f4bd513a#0:FAIL-t27, 92ce6e48-4722-407a-9620-5998c6999257<-66f9d00c-1e97-4252-958c-bed5a531abda#0:FAIL-t27] and 0 exception(s); 92ce6e48-4722-407a-9620-5998c6999257@group-E964BE911FCC:t27, leader=null, voted=92ce6e48-4722-407a-9620-5998c6999257, raftlog=92ce6e48-4722-407a-9620-5998c6999257@group-E964BE911FCC-SegmentedRaftLog:OPENED:c-1,f-1,i0, conf=-1: [6cbfae60-ea29-4abc-a49d-ef94f4bd513a:192.168.69.85:36685, 66f9d00c-1e97-4252-958c-bed5a531abda:192.168.69.85:45996, 92ce6e48-4722-407a-9620-5998c6999257:192.168.69.85:34971], old=null
2019-10-18 14:01:26,599 [92ce6e48-4722-407a-9620-5998c6999257@group-E964BE911FCC-LeaderElection29] INFO  impl.RaftServerImpl (RaftServerImpl.java:setRole(184)) - 92ce6e48-4722-407a-9620-5998c6999257@group-E964BE911FCC: changes role from CANDIDATE to FOLLOWER at term 27 for DISCOVERED_A_NEW_TERM
2019-10-18 14:01:26,599 [92ce6e48-4722-407a-9620-5998c6999257@group-E964BE911FCC-LeaderElection29] INFO  impl.RoleInfo (RoleInfo.java:shutdownLeaderElection(134)) - 92ce6e48-4722-407a-9620-5998c6999257: shutdown LeaderElection
2019-10-18 14:01:26,600 [92ce6e48-4722-407a-9620-5998c6999257@group-E964BE911FCC-LeaderElection29] INFO  impl.RoleInfo (RoleInfo.java:updateAndGet(143)) - 92ce6e48-4722-407a-9620-5998c6999257: start FollowerState
2019-10-18 14:01:26,718 [Thread-406] INFO  impl.FollowerState (FollowerState.java:run(108)) - 92ce6e48-4722-407a-9620-5998c6999257@group-E964BE911FCC-FollowerState: change to CANDIDATE, lastRpcTime:118ms, electionTimeout:118ms
2019-10-18 14:01:26,719 [Thread-406] INFO  impl.RoleInfo (RoleInfo.java:shutdownFollowerState(121)) - 92ce6e48-4722-407a-9620-5998c6999257: shutdown FollowerState
2019-10-18 14:01:26,720 [Thread-406] INFO  impl.RaftServerImpl (RaftServerImpl.java:setRole(184)) - 92ce6e48-4722-407a-9620-5998c6999257@group-E964BE911FCC: changes role from  FOLLOWER to CANDIDATE at term 27 for changeToCandidate
2019-10-18 14:01:26,720 [Thread-406] INFO  impl.RoleInfo (RoleInfo.java:updateAndGet(143)) - 92ce6e48-4722-407a-9620-5998c6999257: start LeaderElection
2019-10-18 14:01:26,735 [92ce6e48-4722-407a-9620-5998c6999257@group-E964BE911FCC-LeaderElection30] INFO  impl.LeaderElection (LeaderElection.java:askForVotes(178)) - 92ce6e48-4722-407a-9620-5998c6999257@group-E964BE911FCC-LeaderElection30: begin an election at term 28 for -1: [6cbfae60-ea29-4abc-a49d-ef94f4bd513a:192.168.69.85:36685, 66f9d00c-1e97-4252-958c-bed5a531abda:192.168.69.85:45996, 92ce6e48-4722-407a-9620-5998c6999257:192.168.69.85:34971], old=null
2019-10-18 14:01:26,739 [grpc-default-executor-1] INFO  impl.RaftServerImpl (RaftServerImpl.java:setRole(184)) - 6cbfae60-ea29-4abc-a49d-ef94f4bd513a@group-E964BE911FCC: changes role from  FOLLOWER to FOLLOWER at term 28 for recognizeCandidate:92ce6e48-4722-407a-9620-5998c6999257
2019-10-18 14:01:26,739 [grpc-default-executor-0] INFO  impl.RaftServerImpl (RaftServerImpl.java:setRole(184)) - 66f9d00c-1e97-4252-958c-bed5a531abda@group-E964BE911FCC: changes role from  FOLLOWER to FOLLOWER at term 28 for recognizeCandidate:92ce6e48-4722-407a-9620-5998c6999257
2019-10-18 14:01:26,739 [grpc-default-executor-1] INFO  impl.RoleInfo (RoleInfo.java:shutdownFollowerState(121)) - 6cbfae60-ea29-4abc-a49d-ef94f4bd513a: shutdown FollowerState
2019-10-18 14:01:26,740 [grpc-default-executor-0] INFO  impl.RoleInfo (RoleInfo.java:shutdownFollowerState(121)) - 66f9d00c-1e97-4252-958c-bed5a531abda: shutdown FollowerState
2019-10-18 14:01:26,740 [grpc-default-executor-1] INFO  impl.RoleInfo (RoleInfo.java:updateAndGet(143)) - 6cbfae60-ea29-4abc-a49d-ef94f4bd513a: start FollowerState
2019-10-18 14:01:26,740 [Thread-405] INFO  impl.FollowerState (FollowerState.java:run(117)) - 6cbfae60-ea29-4abc-a49d-ef94f4bd513a@group-E964BE911FCC-FollowerState was interrupted: java.lang.InterruptedException: sleep interrupted
2019-10-18 14:01:26,740 [grpc-default-executor-0] INFO  impl.RoleInfo (RoleInfo.java:updateAndGet(143)) - 66f9d00c-1e97-4252-958c-bed5a531abda: start FollowerState
2019-10-18 14:01:26,740 [Thread-404] INFO  impl.FollowerState (FollowerState.java:run(117)) - 66f9d00c-1e97-4252-958c-bed5a531abda@group-E964BE911FCC-FollowerState was interrupted: java.lang.InterruptedException: sleep interrupted
2019-10-18 14:01:26,751 [92ce6e48-4722-407a-9620-5998c6999257@group-E964BE911FCC-LeaderElection30] INFO  impl.LeaderElection (LeaderElection.java:logAndReturn(56)) - 92ce6e48-4722-407a-9620-5998c6999257@group-E964BE911FCC-LeaderElection30: Election REJECTED; received 2 response(s) [92ce6e48-4722-407a-9620-5998c6999257<-6cbfae60-ea29-4abc-a49d-ef94f4bd513a#0:FAIL-t28, 92ce6e48-4722-407a-9620-5998c6999257<-66f9d00c-1e97-4252-958c-bed5a531abda#0:FAIL-t28] and 0 exception(s); 92ce6e48-4722-407a-9620-5998c6999257@group-E964BE911FCC:t28, leader=null, voted=92ce6e48-4722-407a-9620-5998c6999257, raftlog=92ce6e48-4722-407a-9620-5998c6999257@group-E964BE911FCC-SegmentedRaftLog:OPENED:c-1,f-1,i0, conf=-1: [6cbfae60-ea29-4abc-a49d-ef94f4bd513a:192.168.69.85:36685, 66f9d00c-1e97-4252-958c-bed5a531abda:192.168.69.85:45996, 92ce6e48-4722-407a-9620-5998c6999257:192.168.69.85:34971], old=null
2019-10-18 14:01:26,751 [92ce6e48-4722-407a-9620-5998c6999257@group-E964BE911FCC-LeaderElection30] INFO  impl.RaftServerImpl (RaftServerImpl.java:setRole(184)) - 92ce6e48-4722-407a-9620-5998c6999257@group-E964BE911FCC: changes role from CANDIDATE to FOLLOWER at term 28 for DISCOVERED_A_NEW_TERM
2019-10-18 14:01:26,751 [92ce6e48-4722-407a-9620-5998c6999257@group-E964BE911FCC-LeaderElection30] INFO  impl.RoleInfo (RoleInfo.java:shutdownLeaderElection(134)) - 92ce6e48-4722-407a-9620-5998c6999257: shutdown LeaderElection
2019-10-18 14:01:26,751 [92ce6e48-4722-407a-9620-5998c6999257@group-E964BE911FCC-LeaderElection30] INFO  impl.RoleInfo (RoleInfo.java:updateAndGet(143)) - 92ce6e48-4722-407a-9620-5998c6999257: start FollowerState
2019-10-18 14:01:26,778 [Thread-412] INFO  impl.FollowerState (FollowerState.java:run(108)) - 92ce6e48-4722-407a-9620-5998c6999257@group-E964BE911FCC-FollowerState: change to CANDIDATE, lastRpcTime:26ms, electionTimeout:26ms
2019-10-18 14:01:26,779 [Thread-412] INFO  impl.RoleInfo (RoleInfo.java:shutdownFollowerState(121)) - 92ce6e48-4722-407a-9620-5998c6999257: shutdown FollowerState
2019-10-18 14:01:26,779 [Thread-412] INFO  impl.RaftServerImpl (RaftServerImpl.java:setRole(184)) - 92ce6e48-4722-407a-9620-5998c6999257@group-E964BE911FCC: changes role from  FOLLOWER to CANDIDATE at term 28 for changeToCandidate
2019-10-18 14:01:26,779 [Thread-412] INFO  impl.RoleInfo (RoleInfo.java:updateAndGet(143)) - 92ce6e48-4722-407a-9620-5998c6999257: start LeaderElection
2019-10-18 14:01:26,805 [92ce6e48-4722-407a-9620-5998c6999257@group-E964BE911FCC-LeaderElection31] INFO  impl.LeaderElection (LeaderElection.java:askForVotes(178)) - 92ce6e48-4722-407a-9620-5998c6999257@group-E964BE911FCC-LeaderElection31: begin an election at term 29 for -1: [6cbfae60-ea29-4abc-a49d-ef94f4bd513a:192.168.69.85:36685, 66f9d00c-1e97-4252-958c-bed5a531abda:192.168.69.85:45996, 92ce6e48-4722-407a-9620-5998c6999257:192.168.69.85:34971], old=null
2019-10-18 14:01:26,809 [grpc-default-executor-1] INFO  impl.RaftServerImpl (RaftServerImpl.java:setRole(184)) - 66f9d00c-1e97-4252-958c-bed5a531abda@group-E964BE911FCC: changes role from  FOLLOWER to FOLLOWER at term 29 for recognizeCandidate:92ce6e48-4722-407a-9620-5998c6999257
2019-10-18 14:01:26,809 [grpc-default-executor-0] INFO  impl.RaftServerImpl (RaftServerImpl.java:setRole(184)) - 6cbfae60-ea29-4abc-a49d-ef94f4bd513a@group-E964BE911FCC: changes role from  FOLLOWER to FOLLOWER at term 29 for recognizeCandidate:92ce6e48-4722-407a-9620-5998c6999257
2019-10-18 14:01:26,809 [grpc-default-executor-1] INFO  impl.RoleInfo (RoleInfo.java:shutdownFollowerState(121)) - 66f9d00c-1e97-4252-958c-bed5a531abda: shutdown FollowerState
2019-10-18 14:01:26,809 [grpc-default-executor-0] INFO  impl.RoleInfo (RoleInfo.java:shutdownFollowerState(121)) - 6cbfae60-ea29-4abc-a49d-ef94f4bd513a: shutdown FollowerState
2019-10-18 14:01:26,809 [grpc-default-executor-1] INFO  impl.RoleInfo (RoleInfo.java:updateAndGet(143)) - 66f9d00c-1e97-4252-958c-bed5a531abda: start FollowerState
2019-10-18 14:01:26,809 [Thread-411] INFO  impl.FollowerState (FollowerState.java:run(117)) - 66f9d00c-1e97-4252-958c-bed5a531abda@group-E964BE911FCC-FollowerState was interrupted: java.lang.InterruptedException: sleep interrupted
2019-10-18 14:01:26,810 [Thread-410] INFO  impl.FollowerState (FollowerState.java:run(117)) - 6cbfae60-ea29-4abc-a49d-ef94f4bd513a@group-E964BE911FCC-FollowerState was interrupted: java.lang.InterruptedException: sleep interrupted
2019-10-18 14:01:26,810 [grpc-default-executor-0] INFO  impl.RoleInfo (RoleInfo.java:updateAndGet(143)) - 6cbfae60-ea29-4abc-a49d-ef94f4bd513a: start FollowerState
2019-10-18 14:01:26,841 [92ce6e48-4722-407a-9620-5998c6999257@group-E964BE911FCC-LeaderElection31] INFO  impl.LeaderElection (LeaderElection.java:logAndReturn(56)) - 92ce6e48-4722-407a-9620-5998c6999257@group-E964BE911FCC-LeaderElection31: Election REJECTED; received 2 response(s) [92ce6e48-4722-407a-9620-5998c6999257<-6cbfae60-ea29-4abc-a49d-ef94f4bd513a#0:FAIL-t29, 92ce6e48-4722-407a-9620-5998c6999257<-66f9d00c-1e97-4252-958c-bed5a531abda#0:FAIL-t29] and 0 exception(s); 92ce6e48-4722-407a-9620-5998c6999257@group-E964BE911FCC:t29, leader=null, voted=92ce6e48-4722-407a-9620-5998c6999257, raftlog=92ce6e48-4722-407a-9620-5998c6999257@group-E964BE911FCC-SegmentedRaftLog:OPENED:c-1,f-1,i0, conf=-1: [6cbfae60-ea29-4abc-a49d-ef94f4bd513a:192.168.69.85:36685, 66f9d00c-1e97-4252-958c-bed5a531abda:192.168.69.85:45996, 92ce6e48-4722-407a-9620-5998c6999257:192.168.69.85:34971], old=null
2019-10-18 14:01:26,841 [92ce6e48-4722-407a-9620-5998c6999257@group-E964BE911FCC-LeaderElection31] INFO  impl.RaftServerImpl (RaftServerImpl.java:setRole(184)) - 92ce6e48-4722-407a-9620-5998c6999257@group-E964BE911FCC: changes role from CANDIDATE to FOLLOWER at term 29 for DISCOVERED_A_NEW_TERM
2019-10-18 14:01:26,841 [92ce6e48-4722-407a-9620-5998c6999257@group-E964BE911FCC-LeaderElection31] INFO  impl.RoleInfo (RoleInfo.java:shutdownLeaderElection(134)) - 92ce6e48-4722-407a-9620-5998c6999257: shutdown LeaderElection
2019-10-18 14:01:26,841 [92ce6e48-4722-407a-9620-5998c6999257@group-E964BE911FCC-LeaderElection31] INFO  impl.RoleInfo (RoleInfo.java:updateAndGet(143)) - 92ce6e48-4722-407a-9620-5998c6999257: start FollowerState
2019-10-18 14:01:26,886 [Thread-420] INFO  impl.FollowerState (FollowerState.java:run(108)) - 92ce6e48-4722-407a-9620-5998c6999257@group-E964BE911FCC-FollowerState: change to CANDIDATE, lastRpcTime:45ms, electionTimeout:44ms
2019-10-18 14:01:26,887 [Thread-420] INFO  impl.RoleInfo (RoleInfo.java:shutdownFollowerState(121)) - 92ce6e48-4722-407a-9620-5998c6999257: shutdown FollowerState
2019-10-18 14:01:26,888 [Thread-420] INFO  impl.RaftServerImpl (RaftServerImpl.java:setRole(184)) - 92ce6e48-4722-407a-9620-5998c6999257@group-E964BE911FCC: changes role from  FOLLOWER to CANDIDATE at term 29 for changeToCandidate
2019-10-18 14:01:26,888 [Thread-420] INFO  impl.RoleInfo (RoleInfo.java:updateAndGet(143)) - 92ce6e48-4722-407a-9620-5998c6999257: start LeaderElection
2019-10-18 14:01:26,900 [92ce6e48-4722-407a-9620-5998c6999257@group-E964BE911FCC-LeaderElection32] INFO  impl.LeaderElection (LeaderElection.java:askForVotes(178)) - 92ce6e48-4722-407a-9620-5998c6999257@group-E964BE911FCC-LeaderElection32: begin an election at term 30 for -1: [6cbfae60-ea29-4abc-a49d-ef94f4bd513a:192.168.69.85:36685, 66f9d00c-1e97-4252-958c-bed5a531abda:192.168.69.85:45996, 92ce6e48-4722-407a-9620-5998c6999257:192.168.69.85:34971], old=null
2019-10-18 14:01:26,904 [grpc-default-executor-4] INFO  impl.RaftServerImpl (RaftServerImpl.java:setRole(184)) - 6cbfae60-ea29-4abc-a49d-ef94f4bd513a@group-E964BE911FCC: changes role from  FOLLOWER to FOLLOWER at term 30 for recognizeCandidate:92ce6e48-4722-407a-9620-5998c6999257
2019-10-18 14:01:26,904 [grpc-default-executor-4] INFO  impl.RoleInfo (RoleInfo.java:shutdownFollowerState(121)) - 6cbfae60-ea29-4abc-a49d-ef94f4bd513a: shutdown FollowerState
2019-10-18 14:01:26,904 [grpc-default-executor-0] INFO  impl.RaftServerImpl (RaftServerImpl.java:setRole(184)) - 66f9d00c-1e97-4252-958c-bed5a531abda@group-E964BE911FCC: changes role from  FOLLOWER to FOLLOWER at term 30 for recognizeCandidate:92ce6e48-4722-407a-9620-5998c6999257
2019-10-18 14:01:26,904 [Thread-417] INFO  impl.FollowerState (FollowerState.java:run(117)) - 6cbfae60-ea29-4abc-a49d-ef94f4bd513a@group-E964BE911FCC-FollowerState was interrupted: java.lang.InterruptedException: sleep interrupted
2019-10-18 14:01:26,904 [grpc-default-executor-4] INFO  impl.RoleInfo (RoleInfo.java:updateAndGet(143)) - 6cbfae60-ea29-4abc-a49d-ef94f4bd513a: start FollowerState
2019-10-18 14:01:26,904 [grpc-default-executor-0] INFO  impl.RoleInfo (RoleInfo.java:shutdownFollowerState(121)) - 66f9d00c-1e97-4252-958c-bed5a531abda: shutdown FollowerState
2019-10-18 14:01:26,905 [grpc-default-executor-0] INFO  impl.RoleInfo (RoleInfo.java:updateAndGet(143)) - 66f9d00c-1e97-4252-958c-bed5a531abda: start FollowerState
2019-10-18 14:01:26,905 [Thread-416] INFO  impl.FollowerState (FollowerState.java:run(117)) - 66f9d00c-1e97-4252-958c-bed5a531abda@group-E964BE911FCC-FollowerState was interrupted: java.lang.InterruptedException: sleep interrupted
2019-10-18 14:01:26,932 [92ce6e48-4722-407a-9620-5998c6999257@group-E964BE911FCC-LeaderElection32] INFO  impl.LeaderElection (LeaderElection.java:logAndReturn(56)) - 92ce6e48-4722-407a-9620-5998c6999257@group-E964BE911FCC-LeaderElection32: Election REJECTED; received 2 response(s) [92ce6e48-4722-407a-9620-5998c6999257<-6cbfae60-ea29-4abc-a49d-ef94f4bd513a#0:FAIL-t30, 92ce6e48-4722-407a-9620-5998c6999257<-66f9d00c-1e97-4252-958c-bed5a531abda#0:FAIL-t30] and 0 exception(s); 92ce6e48-4722-407a-9620-5998c6999257@group-E964BE911FCC:t30, leader=null, voted=92ce6e48-4722-407a-9620-5998c6999257, raftlog=92ce6e48-4722-407a-9620-5998c6999257@group-E964BE911FCC-SegmentedRaftLog:OPENED:c-1,f-1,i0, conf=-1: [6cbfae60-ea29-4abc-a49d-ef94f4bd513a:192.168.69.85:36685, 66f9d00c-1e97-4252-958c-bed5a531abda:192.168.69.85:45996, 92ce6e48-4722-407a-9620-5998c6999257:192.168.69.85:34971], old=null
2019-10-18 14:01:26,932 [92ce6e48-4722-407a-9620-5998c6999257@group-E964BE911FCC-LeaderElection32] INFO  impl.RaftServerImpl (RaftServerImpl.java:setRole(184)) - 92ce6e48-4722-407a-9620-5998c6999257@group-E964BE911FCC: changes role from CANDIDATE to FOLLOWER at term 30 for DISCOVERED_A_NEW_TERM
2019-10-18 14:01:26,932 [92ce6e48-4722-407a-9620-5998c6999257@group-E964BE911FCC-LeaderElection32] INFO  impl.RoleInfo (RoleInfo.java:shutdownLeaderElection(134)) - 92ce6e48-4722-407a-9620-5998c6999257: shutdown LeaderElection
2019-10-18 14:01:26,932 [92ce6e48-4722-407a-9620-5998c6999257@group-E964BE911FCC-LeaderElection32] INFO  impl.RoleInfo (RoleInfo.java:updateAndGet(143)) - 92ce6e48-4722-407a-9620-5998c6999257: start FollowerState
2019-10-18 14:01:27,130 [Thread-426] INFO  impl.FollowerState (FollowerState.java:run(108)) - 92ce6e48-4722-407a-9620-5998c6999257@group-E964BE911FCC-FollowerState: change to CANDIDATE, lastRpcTime:198ms, electionTimeout:198ms
2019-10-18 14:01:27,132 [Thread-426] INFO  impl.RoleInfo (RoleInfo.java:shutdownFollowerState(121)) - 92ce6e48-4722-407a-9620-5998c6999257: shutdown FollowerState
2019-10-18 14:01:27,132 [Thread-426] INFO  impl.RaftServerImpl (RaftServerImpl.java:setRole(184)) - 92ce6e48-4722-407a-9620-5998c6999257@group-E964BE911FCC: changes role from  FOLLOWER to CANDIDATE at term 30 for changeToCandidate
2019-10-18 14:01:27,133 [Thread-426] INFO  impl.RoleInfo (RoleInfo.java:updateAndGet(143)) - 92ce6e48-4722-407a-9620-5998c6999257: start LeaderElection
2019-10-18 14:01:27,143 [92ce6e48-4722-407a-9620-5998c6999257@group-E964BE911FCC-LeaderElection33] INFO  impl.LeaderElection (LeaderElection.java:askForVotes(178)) - 92ce6e48-4722-407a-9620-5998c6999257@group-E964BE911FCC-LeaderElection33: begin an election at term 31 for -1: [6cbfae60-ea29-4abc-a49d-ef94f4bd513a:192.168.69.85:36685, 66f9d00c-1e97-4252-958c-bed5a531abda:192.168.69.85:45996, 92ce6e48-4722-407a-9620-5998c6999257:192.168.69.85:34971], old=null
2019-10-18 14:01:27,147 [grpc-default-executor-0] INFO  impl.RaftServerImpl (RaftServerImpl.java:setRole(184)) - 6cbfae60-ea29-4abc-a49d-ef94f4bd513a@group-E964BE911FCC: changes role from  FOLLOWER to FOLLOWER at term 31 for recognizeCandidate:92ce6e48-4722-407a-9620-5998c6999257
2019-10-18 14:01:27,147 [grpc-default-executor-0] INFO  impl.RoleInfo (RoleInfo.java:shutdownFollowerState(121)) - 6cbfae60-ea29-4abc-a49d-ef94f4bd513a: shutdown FollowerState
2019-10-18 14:01:27,147 [grpc-default-executor-4] INFO  impl.RaftServerImpl (RaftServerImpl.java:setRole(184)) - 66f9d00c-1e97-4252-958c-bed5a531abda@group-E964BE911FCC: changes role from  FOLLOWER to FOLLOWER at term 31 for recognizeCandidate:92ce6e48-4722-407a-9620-5998c6999257
2019-10-18 14:01:27,147 [Thread-424] INFO  impl.FollowerState (FollowerState.java:run(117)) - 6cbfae60-ea29-4abc-a49d-ef94f4bd513a@group-E964BE911FCC-FollowerState was interrupted: java.lang.InterruptedException: sleep interrupted
2019-10-18 14:01:27,147 [grpc-default-executor-0] INFO  impl.RoleInfo (RoleInfo.java:updateAndGet(143)) - 6cbfae60-ea29-4abc-a49d-ef94f4bd513a: start FollowerState
2019-10-18 14:01:27,147 [grpc-default-executor-4] INFO  impl.RoleInfo (RoleInfo.java:shutdownFollowerState(121)) - 66f9d00c-1e97-4252-958c-bed5a531abda: shutdown FollowerState
2019-10-18 14:01:27,148 [grpc-default-executor-4] INFO  impl.RoleInfo (RoleInfo.java:updateAndGet(143)) - 66f9d00c-1e97-4252-958c-bed5a531abda: start FollowerState
2019-10-18 14:01:27,148 [Thread-425] INFO  impl.FollowerState (FollowerState.java:run(117)) - 66f9d00c-1e97-4252-958c-bed5a531abda@group-E964BE911FCC-FollowerState was interrupted: java.lang.InterruptedException: sleep interrupted
2019-10-18 14:01:27,164 [92ce6e48-4722-407a-9620-5998c6999257@group-E964BE911FCC-LeaderElection33] INFO  impl.LeaderElection (LeaderElection.java:logAndReturn(56)) - 92ce6e48-4722-407a-9620-5998c6999257@group-E964BE911FCC-LeaderElection33: Election REJECTED; received 2 response(s) [92ce6e48-4722-407a-9620-5998c6999257<-6cbfae60-ea29-4abc-a49d-ef94f4bd513a#0:FAIL-t31, 92ce6e48-4722-407a-9620-5998c6999257<-66f9d00c-1e97-4252-958c-bed5a531abda#0:FAIL-t31] and 0 exception(s); 92ce6e48-4722-407a-9620-5998c6999257@group-E964BE911FCC:t31, leader=null, voted=92ce6e48-4722-407a-9620-5998c6999257, raftlog=92ce6e48-4722-407a-9620-5998c6999257@group-E964BE911FCC-SegmentedRaftLog:OPENED:c-1,f-1,i0, conf=-1: [6cbfae60-ea29-4abc-a49d-ef94f4bd513a:192.168.69.85:36685, 66f9d00c-1e97-4252-958c-bed5a531abda:192.168.69.85:45996, 92ce6e48-4722-407a-9620-5998c6999257:192.168.69.85:34971], old=null
2019-10-18 14:01:27,164 [92ce6e48-4722-407a-9620-5998c6999257@group-E964BE911FCC-LeaderElection33] INFO  impl.RaftServerImpl (RaftServerImpl.java:setRole(184)) - 92ce6e48-4722-407a-9620-5998c6999257@group-E964BE911FCC: changes role from CANDIDATE to FOLLOWER at term 31 for DISCOVERED_A_NEW_TERM
2019-10-18 14:01:27,165 [92ce6e48-4722-407a-9620-5998c6999257@group-E964BE911FCC-LeaderElection33] INFO  impl.RoleInfo (RoleInfo.java:shutdownLeaderElection(134)) - 92ce6e48-4722-407a-9620-5998c6999257: shutdown LeaderElection
2019-10-18 14:01:27,165 [92ce6e48-4722-407a-9620-5998c6999257@group-E964BE911FCC-LeaderElection33] INFO  impl.RoleInfo (RoleInfo.java:updateAndGet(143)) - 92ce6e48-4722-407a-9620-5998c6999257: start FollowerState
2019-10-18 14:01:27,199 [Thread-432] INFO  impl.FollowerState (FollowerState.java:run(108)) - 92ce6e48-4722-407a-9620-5998c6999257@group-E964BE911FCC-FollowerState: change to CANDIDATE, lastRpcTime:34ms, electionTimeout:34ms
2019-10-18 14:01:27,200 [Thread-432] INFO  impl.RoleInfo (RoleInfo.java:shutdownFollowerState(121)) - 92ce6e48-4722-407a-9620-5998c6999257: shutdown FollowerState
2019-10-18 14:01:27,200 [Thread-432] INFO  impl.RaftServerImpl (RaftServerImpl.java:setRole(184)) - 92ce6e48-4722-407a-9620-5998c6999257@group-E964BE911FCC: changes role from  FOLLOWER to CANDIDATE at term 31 for changeToCandidate
2019-10-18 14:01:27,200 [Thread-432] INFO  impl.RoleInfo (RoleInfo.java:updateAndGet(143)) - 92ce6e48-4722-407a-9620-5998c6999257: start LeaderElection
2019-10-18 14:01:27,216 [92ce6e48-4722-407a-9620-5998c6999257@group-E964BE911FCC-LeaderElection34] INFO  impl.LeaderElection (LeaderElection.java:askForVotes(178)) - 92ce6e48-4722-407a-9620-5998c6999257@group-E964BE911FCC-LeaderElection34: begin an election at term 32 for -1: [6cbfae60-ea29-4abc-a49d-ef94f4bd513a:192.168.69.85:36685, 66f9d00c-1e97-4252-958c-bed5a531abda:192.168.69.85:45996, 92ce6e48-4722-407a-9620-5998c6999257:192.168.69.85:34971], old=null
2019-10-18 14:01:27,220 [grpc-default-executor-0] INFO  impl.RaftServerImpl (RaftServerImpl.java:setRole(184)) - 6cbfae60-ea29-4abc-a49d-ef94f4bd513a@group-E964BE911FCC: changes role from  FOLLOWER to FOLLOWER at term 32 for recognizeCandidate:92ce6e48-4722-407a-9620-5998c6999257
2019-10-18 14:01:27,220 [grpc-default-executor-0] INFO  impl.RoleInfo (RoleInfo.java:shutdownFollowerState(121)) - 6cbfae60-ea29-4abc-a49d-ef94f4bd513a: shutdown FollowerState
2019-10-18 14:01:27,221 [grpc-default-executor-4] INFO  impl.RaftServerImpl (RaftServerImpl.java:setRole(184)) - 66f9d00c-1e97-4252-958c-bed5a531abda@group-E964BE911FCC: changes role from  FOLLOWER to FOLLOWER at term 32 for recognizeCandidate:92ce6e48-4722-407a-9620-5998c6999257
2019-10-18 14:01:27,221 [grpc-default-executor-0] INFO  impl.RoleInfo (RoleInfo.java:updateAndGet(143)) - 6cbfae60-ea29-4abc-a49d-ef94f4bd513a: start FollowerState
2019-10-18 14:01:27,221 [Thread-430] INFO  impl.FollowerState (FollowerState.java:run(117)) - 6cbfae60-ea29-4abc-a49d-ef94f4bd513a@group-E964BE911FCC-FollowerState was interrupted: java.lang.InterruptedException: sleep interrupted
2019-10-18 14:01:27,221 [grpc-default-executor-4] INFO  impl.RoleInfo (RoleInfo.java:shutdownFollowerState(121)) - 66f9d00c-1e97-4252-958c-bed5a531abda: shutdown FollowerState
2019-10-18 14:01:27,221 [Thread-431] INFO  impl.FollowerState (FollowerState.java:run(117)) - 66f9d00c-1e97-4252-958c-bed5a531abda@group-E964BE911FCC-FollowerState was interrupted: java.lang.InterruptedException: sleep interrupted
2019-10-18 14:01:27,221 [grpc-default-executor-4] INFO  impl.RoleInfo (RoleInfo.java:updateAndGet(143)) - 66f9d00c-1e97-4252-958c-bed5a531abda: start FollowerState
2019-10-18 14:01:27,229 [92ce6e48-4722-407a-9620-5998c6999257@group-E964BE911FCC-LeaderElection34] INFO  impl.LeaderElection (LeaderElection.java:logAndReturn(56)) - 92ce6e48-4722-407a-9620-5998c6999257@group-E964BE911FCC-LeaderElection34: Election REJECTED; received 2 response(s) [92ce6e48-4722-407a-9620-5998c6999257<-6cbfae60-ea29-4abc-a49d-ef94f4bd513a#0:FAIL-t32, 92ce6e48-4722-407a-9620-5998c6999257<-66f9d00c-1e97-4252-958c-bed5a531abda#0:FAIL-t32] and 0 exception(s); 92ce6e48-4722-407a-9620-5998c6999257@group-E964BE911FCC:t32, leader=null, voted=92ce6e48-4722-407a-9620-5998c6999257, raftlog=92ce6e48-4722-407a-9620-5998c6999257@group-E964BE911FCC-SegmentedRaftLog:OPENED:c-1,f-1,i0, conf=-1: [6cbfae60-ea29-4abc-a49d-ef94f4bd513a:192.168.69.85:36685, 66f9d00c-1e97-4252-958c-bed5a531abda:192.168.69.85:45996, 92ce6e48-4722-407a-9620-5998c6999257:192.168.69.85:34971], old=null
2019-10-18 14:01:27,230 [92ce6e48-4722-407a-9620-5998c6999257@group-E964BE911FCC-LeaderElection34] INFO  impl.RaftServerImpl (RaftServerImpl.java:setRole(184)) - 92ce6e48-4722-407a-9620-5998c6999257@group-E964BE911FCC: changes role from CANDIDATE to FOLLOWER at term 32 for DISCOVERED_A_NEW_TERM
2019-10-18 14:01:27,230 [92ce6e48-4722-407a-9620-5998c6999257@group-E964BE911FCC-LeaderElection34] INFO  impl.RoleInfo (RoleInfo.java:shutdownLeaderElection(134)) - 92ce6e48-4722-407a-9620-5998c6999257: shutdown LeaderElection
2019-10-18 14:01:27,230 [92ce6e48-4722-407a-9620-5998c6999257@group-E964BE911FCC-LeaderElection34] INFO  impl.RoleInfo (RoleInfo.java:updateAndGet(143)) - 92ce6e48-4722-407a-9620-5998c6999257: start FollowerState
2019-10-18 14:01:27,369 [Thread-438] INFO  impl.FollowerState (FollowerState.java:run(108)) - 92ce6e48-4722-407a-9620-5998c6999257@group-E964BE911FCC-FollowerState: change to CANDIDATE, lastRpcTime:139ms, electionTimeout:139ms
2019-10-18 14:01:27,371 [Thread-438] INFO  impl.RoleInfo (RoleInfo.java:shutdownFollowerState(121)) - 92ce6e48-4722-407a-9620-5998c6999257: shutdown FollowerState
2019-10-18 14:01:27,371 [Thread-438] INFO  impl.RaftServerImpl (RaftServerImpl.java:setRole(184)) - 92ce6e48-4722-407a-9620-5998c6999257@group-E964BE911FCC: changes role from  FOLLOWER to CANDIDATE at term 32 for changeToCandidate
2019-10-18 14:01:27,372 [Thread-438] INFO  impl.RoleInfo (RoleInfo.java:updateAndGet(143)) - 92ce6e48-4722-407a-9620-5998c6999257: start LeaderElection
2019-10-18 14:01:27,387 [92ce6e48-4722-407a-9620-5998c6999257@group-E964BE911FCC-LeaderElection35] INFO  impl.LeaderElection (LeaderElection.java:askForVotes(178)) - 92ce6e48-4722-407a-9620-5998c6999257@group-E964BE911FCC-LeaderElection35: begin an election at term 33 for -1: [6cbfae60-ea29-4abc-a49d-ef94f4bd513a:192.168.69.85:36685, 66f9d00c-1e97-4252-958c-bed5a531abda:192.168.69.85:45996, 92ce6e48-4722-407a-9620-5998c6999257:192.168.69.85:34971], old=null
2019-10-18 14:01:27,390 [grpc-default-executor-0] INFO  impl.RaftServerImpl (RaftServerImpl.java:setRole(184)) - 66f9d00c-1e97-4252-958c-bed5a531abda@group-E964BE911FCC: changes role from  FOLLOWER to FOLLOWER at term 33 for recognizeCandidate:92ce6e48-4722-407a-9620-5998c6999257
2019-10-18 14:01:27,390 [grpc-default-executor-4] INFO  impl.RaftServerImpl (RaftServerImpl.java:setRole(184)) - 6cbfae60-ea29-4abc-a49d-ef94f4bd513a@group-E964BE911FCC: changes role from  FOLLOWER to FOLLOWER at term 33 for recognizeCandidate:92ce6e48-4722-407a-9620-5998c6999257
2019-10-18 14:01:27,390 [grpc-default-executor-0] INFO  impl.RoleInfo (RoleInfo.java:shutdownFollowerState(121)) - 66f9d00c-1e97-4252-958c-bed5a531abda: shutdown FollowerState
2019-10-18 14:01:27,390 [grpc-default-executor-4] INFO  impl.RoleInfo (RoleInfo.java:shutdownFollowerState(121)) - 6cbfae60-ea29-4abc-a49d-ef94f4bd513a: shutdown FollowerState
2019-10-18 14:01:27,391 [Thread-437] INFO  impl.FollowerState (FollowerState.java:run(117)) - 66f9d00c-1e97-4252-958c-bed5a531abda@group-E964BE911FCC-FollowerState was interrupted: java.lang.InterruptedException: sleep interrupted
2019-10-18 14:01:27,391 [grpc-default-executor-0] INFO  impl.RoleInfo (RoleInfo.java:updateAndGet(143)) - 66f9d00c-1e97-4252-958c-bed5a531abda: start FollowerState
2019-10-18 14:01:27,391 [grpc-default-executor-4] INFO  impl.RoleInfo (RoleInfo.java:updateAndGet(143)) - 6cbfae60-ea29-4abc-a49d-ef94f4bd513a: start FollowerState
2019-10-18 14:01:27,391 [Thread-436] INFO  impl.FollowerState (FollowerState.java:run(117)) - 6cbfae60-ea29-4abc-a49d-ef94f4bd513a@group-E964BE911FCC-FollowerState was interrupted: java.lang.InterruptedException: sleep interrupted
2019-10-18 14:01:27,408 [92ce6e48-4722-407a-9620-5998c6999257@group-E964BE911FCC-LeaderElection35] INFO  impl.LeaderElection (LeaderElection.java:logAndReturn(56)) - 92ce6e48-4722-407a-9620-5998c6999257@group-E964BE911FCC-LeaderElection35: Election REJECTED; received 2 response(s) [92ce6e48-4722-407a-9620-5998c6999257<-6cbfae60-ea29-4abc-a49d-ef94f4bd513a#0:FAIL-t33, 92ce6e48-4722-407a-9620-5998c6999257<-66f9d00c-1e97-4252-958c-bed5a531abda#0:FAIL-t33] and 0 exception(s); 92ce6e48-4722-407a-9620-5998c6999257@group-E964BE911FCC:t33, leader=null, voted=92ce6e48-4722-407a-9620-5998c6999257, raftlog=92ce6e48-4722-407a-9620-5998c6999257@group-E964BE911FCC-SegmentedRaftLog:OPENED:c-1,f-1,i0, conf=-1: [6cbfae60-ea29-4abc-a49d-ef94f4bd513a:192.168.69.85:36685, 66f9d00c-1e97-4252-958c-bed5a531abda:192.168.69.85:45996, 92ce6e48-4722-407a-9620-5998c6999257:192.168.69.85:34971], old=null
2019-10-18 14:01:27,409 [92ce6e48-4722-407a-9620-5998c6999257@group-E964BE911FCC-LeaderElection35] INFO  impl.RaftServerImpl (RaftServerImpl.java:setRole(184)) - 92ce6e48-4722-407a-9620-5998c6999257@group-E964BE911FCC: changes role from CANDIDATE to FOLLOWER at term 33 for DISCOVERED_A_NEW_TERM
2019-10-18 14:01:27,409 [92ce6e48-4722-407a-9620-5998c6999257@group-E964BE911FCC-LeaderElection35] INFO  impl.RoleInfo (RoleInfo.java:shutdownLeaderElection(134)) - 92ce6e48-4722-407a-9620-5998c6999257: shutdown LeaderElection
2019-10-18 14:01:27,409 [92ce6e48-4722-407a-9620-5998c6999257@group-E964BE911FCC-LeaderElection35] INFO  impl.RoleInfo (RoleInfo.java:updateAndGet(143)) - 92ce6e48-4722-407a-9620-5998c6999257: start FollowerState
2019-10-18 14:01:27,594 [Thread-444] INFO  impl.FollowerState (FollowerState.java:run(108)) - 92ce6e48-4722-407a-9620-5998c6999257@group-E964BE911FCC-FollowerState: change to CANDIDATE, lastRpcTime:185ms, electionTimeout:185ms
2019-10-18 14:01:27,596 [Thread-444] INFO  impl.RoleInfo (RoleInfo.java:shutdownFollowerState(121)) - 92ce6e48-4722-407a-9620-5998c6999257: shutdown FollowerState
2019-10-18 14:01:27,596 [Thread-444] INFO  impl.RaftServerImpl (RaftServerImpl.java:setRole(184)) - 92ce6e48-4722-407a-9620-5998c6999257@group-E964BE911FCC: changes role from  FOLLOWER to CANDIDATE at term 33 for changeToCandidate
2019-10-18 14:01:27,596 [Thread-444] INFO  impl.RoleInfo (RoleInfo.java:updateAndGet(143)) - 92ce6e48-4722-407a-9620-5998c6999257: start LeaderElection
2019-10-18 14:01:27,611 [92ce6e48-4722-407a-9620-5998c6999257@group-E964BE911FCC-LeaderElection36] INFO  impl.LeaderElection (LeaderElection.java:askForVotes(178)) - 92ce6e48-4722-407a-9620-5998c6999257@group-E964BE911FCC-LeaderElection36: begin an election at term 34 for -1: [6cbfae60-ea29-4abc-a49d-ef94f4bd513a:192.168.69.85:36685, 66f9d00c-1e97-4252-958c-bed5a531abda:192.168.69.85:45996, 92ce6e48-4722-407a-9620-5998c6999257:192.168.69.85:34971], old=null
2019-10-18 14:01:27,615 [grpc-default-executor-4] INFO  impl.RaftServerImpl (RaftServerImpl.java:setRole(184)) - 6cbfae60-ea29-4abc-a49d-ef94f4bd513a@group-E964BE911FCC: changes role from  FOLLOWER to FOLLOWER at term 34 for recognizeCandidate:92ce6e48-4722-407a-9620-5998c6999257
2019-10-18 14:01:27,615 [grpc-default-executor-0] INFO  impl.RaftServerImpl (RaftServerImpl.java:setRole(184)) - 66f9d00c-1e97-4252-958c-bed5a531abda@group-E964BE911FCC: changes role from  FOLLOWER to FOLLOWER at term 34 for recognizeCandidate:92ce6e48-4722-407a-9620-5998c6999257
2019-10-18 14:01:27,615 [grpc-default-executor-4] INFO  impl.RoleInfo (RoleInfo.java:shutdownFollowerState(121)) - 6cbfae60-ea29-4abc-a49d-ef94f4bd513a: shutdown FollowerState
2019-10-18 14:01:27,615 [grpc-default-executor-0] INFO  impl.RoleInfo (RoleInfo.java:shutdownFollowerState(121)) - 66f9d00c-1e97-4252-958c-bed5a531abda: shutdown FollowerState
2019-10-18 14:01:27,616 [Thread-443] INFO  impl.FollowerState (FollowerState.java:run(117)) - 6cbfae60-ea29-4abc-a49d-ef94f4bd513a@group-E964BE911FCC-FollowerState was interrupted: java.lang.InterruptedException: sleep interrupted
2019-10-18 14:01:27,616 [grpc-default-executor-0] INFO  impl.RoleInfo (RoleInfo.java:updateAndGet(143)) - 66f9d00c-1e97-4252-958c-bed5a531abda: start FollowerState
2019-10-18 14:01:27,616 [grpc-default-executor-4] INFO  impl.RoleInfo (RoleInfo.java:updateAndGet(143)) - 6cbfae60-ea29-4abc-a49d-ef94f4bd513a: start FollowerState
2019-10-18 14:01:27,616 [Thread-442] INFO  impl.FollowerState (FollowerState.java:run(117)) - 66f9d00c-1e97-4252-958c-bed5a531abda@group-E964BE911FCC-FollowerState was interrupted: java.lang.InterruptedException: sleep interrupted
2019-10-18 14:01:27,632 [92ce6e48-4722-407a-9620-5998c6999257@group-E964BE911FCC-LeaderElection36] INFO  impl.LeaderElection (LeaderElection.java:logAndReturn(56)) - 92ce6e48-4722-407a-9620-5998c6999257@group-E964BE911FCC-LeaderElection36: Election REJECTED; received 2 response(s) [92ce6e48-4722-407a-9620-5998c6999257<-6cbfae60-ea29-4abc-a49d-ef94f4bd513a#0:FAIL-t34, 92ce6e48-4722-407a-9620-5998c6999257<-66f9d00c-1e97-4252-958c-bed5a531abda#0:FAIL-t34] and 0 exception(s); 92ce6e48-4722-407a-9620-5998c6999257@group-E964BE911FCC:t34, leader=null, voted=92ce6e48-4722-407a-9620-5998c6999257, raftlog=92ce6e48-4722-407a-9620-5998c6999257@group-E964BE911FCC-SegmentedRaftLog:OPENED:c-1,f-1,i0, conf=-1: [6cbfae60-ea29-4abc-a49d-ef94f4bd513a:192.168.69.85:36685, 66f9d00c-1e97-4252-958c-bed5a531abda:192.168.69.85:45996, 92ce6e48-4722-407a-9620-5998c6999257:192.168.69.85:34971], old=null
2019-10-18 14:01:27,632 [92ce6e48-4722-407a-9620-5998c6999257@group-E964BE911FCC-LeaderElection36] INFO  impl.RaftServerImpl (RaftServerImpl.java:setRole(184)) - 92ce6e48-4722-407a-9620-5998c6999257@group-E964BE911FCC: changes role from CANDIDATE to FOLLOWER at term 34 for DISCOVERED_A_NEW_TERM
2019-10-18 14:01:27,632 [92ce6e48-4722-407a-9620-5998c6999257@group-E964BE911FCC-LeaderElection36] INFO  impl.RoleInfo (RoleInfo.java:shutdownLeaderElection(134)) - 92ce6e48-4722-407a-9620-5998c6999257: shutdown LeaderElection
2019-10-18 14:01:27,632 [92ce6e48-4722-407a-9620-5998c6999257@group-E964BE911FCC-LeaderElection36] INFO  impl.RoleInfo (RoleInfo.java:updateAndGet(143)) - 92ce6e48-4722-407a-9620-5998c6999257: start FollowerState
2019-10-18 14:01:27,832 [Thread-450] INFO  impl.FollowerState (FollowerState.java:run(108)) - 92ce6e48-4722-407a-9620-5998c6999257@group-E964BE911FCC-FollowerState: change to CANDIDATE, lastRpcTime:199ms, electionTimeout:199ms
2019-10-18 14:01:27,833 [Thread-450] INFO  impl.RoleInfo (RoleInfo.java:shutdownFollowerState(121)) - 92ce6e48-4722-407a-9620-5998c6999257: shutdown FollowerState
2019-10-18 14:01:27,834 [Thread-450] INFO  impl.RaftServerImpl (RaftServerImpl.java:setRole(184)) - 92ce6e48-4722-407a-9620-5998c6999257@group-E964BE911FCC: changes role from  FOLLOWER to CANDIDATE at term 34 for changeToCandidate
2019-10-18 14:01:27,834 [Thread-450] INFO  impl.RoleInfo (RoleInfo.java:updateAndGet(143)) - 92ce6e48-4722-407a-9620-5998c6999257: start LeaderElection
2019-10-18 14:01:27,856 [92ce6e48-4722-407a-9620-5998c6999257@group-E964BE911FCC-LeaderElection37] INFO  impl.LeaderElection (LeaderElection.java:askForVotes(178)) - 92ce6e48-4722-407a-9620-5998c6999257@group-E964BE911FCC-LeaderElection37: begin an election at term 35 for -1: [6cbfae60-ea29-4abc-a49d-ef94f4bd513a:192.168.69.85:36685, 66f9d00c-1e97-4252-958c-bed5a531abda:192.168.69.85:45996, 92ce6e48-4722-407a-9620-5998c6999257:192.168.69.85:34971], old=null
2019-10-18 14:01:27,860 [grpc-default-executor-4] INFO  impl.RaftServerImpl (RaftServerImpl.java:setRole(184)) - 66f9d00c-1e97-4252-958c-bed5a531abda@group-E964BE911FCC: changes role from  FOLLOWER to FOLLOWER at term 35 for recognizeCandidate:92ce6e48-4722-407a-9620-5998c6999257
2019-10-18 14:01:27,860 [grpc-default-executor-4] INFO  impl.RoleInfo (RoleInfo.java:shutdownFollowerState(121)) - 66f9d00c-1e97-4252-958c-bed5a531abda: shutdown FollowerState
2019-10-18 14:01:27,860 [grpc-default-executor-4] INFO  impl.RoleInfo (RoleInfo.java:updateAndGet(143)) - 66f9d00c-1e97-4252-958c-bed5a531abda: start FollowerState
2019-10-18 14:01:27,860 [Thread-449] INFO  impl.FollowerState (FollowerState.java:run(117)) - 66f9d00c-1e97-4252-958c-bed5a531abda@group-E964BE911FCC-FollowerState was interrupted: java.lang.InterruptedException: sleep interrupted
2019-10-18 14:01:27,860 [grpc-default-executor-0] INFO  impl.RaftServerImpl (RaftServerImpl.java:setRole(184)) - 6cbfae60-ea29-4abc-a49d-ef94f4bd513a@group-E964BE911FCC: changes role from  FOLLOWER to FOLLOWER at term 35 for recognizeCandidate:92ce6e48-4722-407a-9620-5998c6999257
2019-10-18 14:01:27,860 [grpc-default-executor-0] INFO  impl.RoleInfo (RoleInfo.java:shutdownFollowerState(121)) - 6cbfae60-ea29-4abc-a49d-ef94f4bd513a: shutdown FollowerState
2019-10-18 14:01:27,860 [grpc-default-executor-0] INFO  impl.RoleInfo (RoleInfo.java:updateAndGet(143)) - 6cbfae60-ea29-4abc-a49d-ef94f4bd513a: start FollowerState
2019-10-18 14:01:27,860 [Thread-448] INFO  impl.FollowerState (FollowerState.java:run(117)) - 6cbfae60-ea29-4abc-a49d-ef94f4bd513a@group-E964BE911FCC-FollowerState was interrupted: java.lang.InterruptedException: sleep interrupted
2019-10-18 14:01:27,873 [92ce6e48-4722-407a-9620-5998c6999257@group-E964BE911FCC-LeaderElection37] INFO  impl.LeaderElection (LeaderElection.java:logAndReturn(56)) - 92ce6e48-4722-407a-9620-5998c6999257@group-E964BE911FCC-LeaderElection37: Election TIMEOUT; received 0 response(s) [] and 0 exception(s); 92ce6e48-4722-407a-9620-5998c6999257@group-E964BE911FCC:t35, leader=null, voted=92ce6e48-4722-407a-9620-5998c6999257, raftlog=92ce6e48-4722-407a-9620-5998c6999257@group-E964BE911FCC-SegmentedRaftLog:OPENED:c-1,f-1,i0, conf=-1: [6cbfae60-ea29-4abc-a49d-ef94f4bd513a:192.168.69.85:36685, 66f9d00c-1e97-4252-958c-bed5a531abda:192.168.69.85:45996, 92ce6e48-4722-407a-9620-5998c6999257:192.168.69.85:34971], old=null
2019-10-18 14:01:27,887 [92ce6e48-4722-407a-9620-5998c6999257@group-E964BE911FCC-LeaderElection37] INFO  impl.LeaderElection (LeaderElection.java:askForVotes(178)) - 92ce6e48-4722-407a-9620-5998c6999257@group-E964BE911FCC-LeaderElection37: begin an election at term 36 for -1: [6cbfae60-ea29-4abc-a49d-ef94f4bd513a:192.168.69.85:36685, 66f9d00c-1e97-4252-958c-bed5a531abda:192.168.69.85:45996, 92ce6e48-4722-407a-9620-5998c6999257:192.168.69.85:34971], old=null
2019-10-18 14:01:27,890 [grpc-default-executor-0] INFO  impl.RaftServerImpl (RaftServerImpl.java:setRole(184)) - 66f9d00c-1e97-4252-958c-bed5a531abda@group-E964BE911FCC: changes role from  FOLLOWER to FOLLOWER at term 36 for recognizeCandidate:92ce6e48-4722-407a-9620-5998c6999257
2019-10-18 14:01:27,891 [grpc-default-executor-4] INFO  impl.RaftServerImpl (RaftServerImpl.java:setRole(184)) - 6cbfae60-ea29-4abc-a49d-ef94f4bd513a@group-E964BE911FCC: changes role from  FOLLOWER to FOLLOWER at term 36 for recognizeCandidate:92ce6e48-4722-407a-9620-5998c6999257
2019-10-18 14:01:27,891 [grpc-default-executor-0] INFO  impl.RoleInfo (RoleInfo.java:shutdownFollowerState(121)) - 66f9d00c-1e97-4252-958c-bed5a531abda: shutdown FollowerState
2019-10-18 14:01:27,891 [grpc-default-executor-4] INFO  impl.RoleInfo (RoleInfo.java:shutdownFollowerState(121)) - 6cbfae60-ea29-4abc-a49d-ef94f4bd513a: shutdown FollowerState
2019-10-18 14:01:27,891 [grpc-default-executor-0] INFO  impl.RoleInfo (RoleInfo.java:updateAndGet(143)) - 66f9d00c-1e97-4252-958c-bed5a531abda: start FollowerState
2019-10-18 14:01:27,891 [Thread-456] INFO  impl.FollowerState (FollowerState.java:run(117)) - 66f9d00c-1e97-4252-958c-bed5a531abda@group-E964BE911FCC-FollowerState was interrupted: java.lang.InterruptedException: sleep interrupted
2019-10-18 14:01:27,891 [grpc-default-executor-4] INFO  impl.RoleInfo (RoleInfo.java:updateAndGet(143)) - 6cbfae60-ea29-4abc-a49d-ef94f4bd513a: start FollowerState
2019-10-18 14:01:27,891 [Thread-457] INFO  impl.FollowerState (FollowerState.java:run(117)) - 6cbfae60-ea29-4abc-a49d-ef94f4bd513a@group-E964BE911FCC-FollowerState was interrupted: java.lang.InterruptedException: sleep interrupted
2019-10-18 14:01:27,918 [92ce6e48-4722-407a-9620-5998c6999257@group-E964BE911FCC-LeaderElection37] INFO  impl.LeaderElection (LeaderElection.java:logAndReturn(56)) - 92ce6e48-4722-407a-9620-5998c6999257@group-E964BE911FCC-LeaderElection37: Election REJECTED; received 2 response(s) [92ce6e48-4722-407a-9620-5998c6999257<-6cbfae60-ea29-4abc-a49d-ef94f4bd513a#0:FAIL-t36, 92ce6e48-4722-407a-9620-5998c6999257<-66f9d00c-1e97-4252-958c-bed5a531abda#0:FAIL-t36] and 0 exception(s); 92ce6e48-4722-407a-9620-5998c6999257@group-E964BE911FCC:t36, leader=null, voted=92ce6e48-4722-407a-9620-5998c6999257, raftlog=92ce6e48-4722-407a-9620-5998c6999257@group-E964BE911FCC-SegmentedRaftLog:OPENED:c-1,f-1,i0, conf=-1: [6cbfae60-ea29-4abc-a49d-ef94f4bd513a:192.168.69.85:36685, 66f9d00c-1e97-4252-958c-bed5a531abda:192.168.69.85:45996, 92ce6e48-4722-407a-9620-5998c6999257:192.168.69.85:34971], old=null
2019-10-18 14:01:27,918 [92ce6e48-4722-407a-9620-5998c6999257@group-E964BE911FCC-LeaderElection37] INFO  impl.RaftServerImpl (RaftServerImpl.java:setRole(184)) - 92ce6e48-4722-407a-9620-5998c6999257@group-E964BE911FCC: changes role from CANDIDATE to FOLLOWER at term 36 for DISCOVERED_A_NEW_TERM
2019-10-18 14:01:27,918 [92ce6e48-4722-407a-9620-5998c6999257@group-E964BE911FCC-LeaderElection37] INFO  impl.RoleInfo (RoleInfo.java:shutdownLeaderElection(134)) - 92ce6e48-4722-407a-9620-5998c6999257: shutdown LeaderElection
2019-10-18 14:01:27,918 [92ce6e48-4722-407a-9620-5998c6999257@group-E964BE911FCC-LeaderElection37] INFO  impl.RoleInfo (RoleInfo.java:updateAndGet(143)) - 92ce6e48-4722-407a-9620-5998c6999257: start FollowerState
2019-10-18 14:01:27,919 [Thread-462] INFO  impl.FollowerState (FollowerState.java:run(108)) - 92ce6e48-4722-407a-9620-5998c6999257@group-E964BE911FCC-FollowerState: change to CANDIDATE, lastRpcTime:0ms, electionTimeout:0ms
2019-10-18 14:01:27,920 [Thread-462] INFO  impl.RoleInfo (RoleInfo.java:shutdownFollowerState(121)) - 92ce6e48-4722-407a-9620-5998c6999257: shutdown FollowerState
2019-10-18 14:01:27,920 [Thread-462] INFO  impl.RaftServerImpl (RaftServerImpl.java:setRole(184)) - 92ce6e48-4722-407a-9620-5998c6999257@group-E964BE911FCC: changes role from  FOLLOWER to CANDIDATE at term 36 for changeToCandidate
2019-10-18 14:01:27,920 [Thread-462] INFO  impl.RoleInfo (RoleInfo.java:updateAndGet(143)) - 92ce6e48-4722-407a-9620-5998c6999257: start LeaderElection
2019-10-18 14:01:27,935 [92ce6e48-4722-407a-9620-5998c6999257@group-E964BE911FCC-LeaderElection38] INFO  impl.LeaderElection (LeaderElection.java:askForVotes(178)) - 92ce6e48-4722-407a-9620-5998c6999257@group-E964BE911FCC-LeaderElection38: begin an election at term 37 for -1: [6cbfae60-ea29-4abc-a49d-ef94f4bd513a:192.168.69.85:36685, 66f9d00c-1e97-4252-958c-bed5a531abda:192.168.69.85:45996, 92ce6e48-4722-407a-9620-5998c6999257:192.168.69.85:34971], old=null
2019-10-18 14:01:27,937 [grpc-default-executor-4] INFO  impl.RaftServerImpl (RaftServerImpl.java:setRole(184)) - 66f9d00c-1e97-4252-958c-bed5a531abda@group-E964BE911FCC: changes role from  FOLLOWER to FOLLOWER at term 37 for recognizeCandidate:92ce6e48-4722-407a-9620-5998c6999257
2019-10-18 14:01:27,937 [grpc-default-executor-4] INFO  impl.RoleInfo (RoleInfo.java:shutdownFollowerState(121)) - 66f9d00c-1e97-4252-958c-bed5a531abda: shutdown FollowerState
2019-10-18 14:01:27,938 [Thread-460] INFO  impl.FollowerState (FollowerState.java:run(117)) - 66f9d00c-1e97-4252-958c-bed5a531abda@group-E964BE911FCC-FollowerState was interrupted: java.lang.InterruptedException: sleep interrupted
2019-10-18 14:01:27,938 [grpc-default-executor-0] INFO  impl.RaftServerImpl (RaftServerImpl.java:setRole(184)) - 6cbfae60-ea29-4abc-a49d-ef94f4bd513a@group-E964BE911FCC: changes role from  FOLLOWER to FOLLOWER at term 37 for recognizeCandidate:92ce6e48-4722-407a-9620-5998c6999257
2019-10-18 14:01:27,938 [grpc-default-executor-4] INFO  impl.RoleInfo (RoleInfo.java:updateAndGet(143)) - 66f9d00c-1e97-4252-958c-bed5a531abda: start FollowerState
2019-10-18 14:01:27,938 [grpc-default-executor-0] INFO  impl.RoleInfo (RoleInfo.java:shutdownFollowerState(121)) - 6cbfae60-ea29-4abc-a49d-ef94f4bd513a: shutdown FollowerState
2019-10-18 14:01:27,938 [Thread-461] INFO  impl.FollowerState (FollowerState.java:run(117)) - 6cbfae60-ea29-4abc-a49d-ef94f4bd513a@group-E964BE911FCC-FollowerState was interrupted: java.lang.InterruptedException: sleep interrupted
2019-10-18 14:01:27,938 [grpc-default-executor-0] INFO  impl.RoleInfo (RoleInfo.java:updateAndGet(143)) - 6cbfae60-ea29-4abc-a49d-ef94f4bd513a: start FollowerState
2019-10-18 14:01:27,964 [92ce6e48-4722-407a-9620-5998c6999257@group-E964BE911FCC-LeaderElection38] INFO  impl.LeaderElection (LeaderElection.java:logAndReturn(56)) - 92ce6e48-4722-407a-9620-5998c6999257@group-E964BE911FCC-LeaderElection38: Election REJECTED; received 2 response(s) [92ce6e48-4722-407a-9620-5998c6999257<-6cbfae60-ea29-4abc-a49d-ef94f4bd513a#0:FAIL-t37, 92ce6e48-4722-407a-9620-5998c6999257<-66f9d00c-1e97-4252-958c-bed5a531abda#0:FAIL-t37] and 0 exception(s); 92ce6e48-4722-407a-9620-5998c6999257@group-E964BE911FCC:t37, leader=null, voted=92ce6e48-4722-407a-9620-5998c6999257, raftlog=92ce6e48-4722-407a-9620-5998c6999257@group-E964BE911FCC-SegmentedRaftLog:OPENED:c-1,f-1,i0, conf=-1: [6cbfae60-ea29-4abc-a49d-ef94f4bd513a:192.168.69.85:36685, 66f9d00c-1e97-4252-958c-bed5a531abda:192.168.69.85:45996, 92ce6e48-4722-407a-9620-5998c6999257:192.168.69.85:34971], old=null
2019-10-18 14:01:27,965 [92ce6e48-4722-407a-9620-5998c6999257@group-E964BE911FCC-LeaderElection38] INFO  impl.RaftServerImpl (RaftServerImpl.java:setRole(184)) - 92ce6e48-4722-407a-9620-5998c6999257@group-E964BE911FCC: changes role from CANDIDATE to FOLLOWER at term 37 for DISCOVERED_A_NEW_TERM
2019-10-18 14:01:27,965 [92ce6e48-4722-407a-9620-5998c6999257@group-E964BE911FCC-LeaderElection38] INFO  impl.RoleInfo (RoleInfo.java:shutdownLeaderElection(134)) - 92ce6e48-4722-407a-9620-5998c6999257: shutdown LeaderElection
2019-10-18 14:01:27,965 [92ce6e48-4722-407a-9620-5998c6999257@group-E964BE911FCC-LeaderElection38] INFO  impl.RoleInfo (RoleInfo.java:updateAndGet(143)) - 92ce6e48-4722-407a-9620-5998c6999257: start FollowerState
2019-10-18 14:01:28,023 [Thread-468] INFO  impl.FollowerState (FollowerState.java:run(108)) - 92ce6e48-4722-407a-9620-5998c6999257@group-E964BE911FCC-FollowerState: change to CANDIDATE, lastRpcTime:58ms, electionTimeout:58ms
2019-10-18 14:01:28,029 [Thread-468] INFO  impl.RoleInfo (RoleInfo.java:shutdownFollowerState(121)) - 92ce6e48-4722-407a-9620-5998c6999257: shutdown FollowerState
2019-10-18 14:01:28,029 [Thread-468] INFO  impl.RaftServerImpl (RaftServerImpl.java:setRole(184)) - 92ce6e48-4722-407a-9620-5998c6999257@group-E964BE911FCC: changes role from  FOLLOWER to CANDIDATE at term 37 for changeToCandidate
2019-10-18 14:01:28,029 [Thread-468] INFO  impl.RoleInfo (RoleInfo.java:updateAndGet(143)) - 92ce6e48-4722-407a-9620-5998c6999257: start LeaderElection
2019-10-18 14:01:28,043 [92ce6e48-4722-407a-9620-5998c6999257@group-E964BE911FCC-LeaderElection39] INFO  impl.LeaderElection (LeaderElection.java:askForVotes(178)) - 92ce6e48-4722-407a-9620-5998c6999257@group-E964BE911FCC-LeaderElection39: begin an election at term 38 for -1: [6cbfae60-ea29-4abc-a49d-ef94f4bd513a:192.168.69.85:36685, 66f9d00c-1e97-4252-958c-bed5a531abda:192.168.69.85:45996, 92ce6e48-4722-407a-9620-5998c6999257:192.168.69.85:34971], old=null
2019-10-18 14:01:28,047 [grpc-default-executor-4] INFO  impl.RaftServerImpl (RaftServerImpl.java:setRole(184)) - 66f9d00c-1e97-4252-958c-bed5a531abda@group-E964BE911FCC: changes role from  FOLLOWER to FOLLOWER at term 38 for recognizeCandidate:92ce6e48-4722-407a-9620-5998c6999257
2019-10-18 14:01:28,047 [grpc-default-executor-0] INFO  impl.RaftServerImpl (RaftServerImpl.java:setRole(184)) - 6cbfae60-ea29-4abc-a49d-ef94f4bd513a@group-E964BE911FCC: changes role from  FOLLOWER to FOLLOWER at term 38 for recognizeCandidate:92ce6e48-4722-407a-9620-5998c6999257
2019-10-18 14:01:28,048 [grpc-default-executor-4] INFO  impl.RoleInfo (RoleInfo.java:shutdownFollowerState(121)) - 66f9d00c-1e97-4252-958c-bed5a531abda: shutdown FollowerState
2019-10-18 14:01:28,048 [grpc-default-executor-0] INFO  impl.RoleInfo (RoleInfo.java:shutdownFollowerState(121)) - 6cbfae60-ea29-4abc-a49d-ef94f4bd513a: shutdown FollowerState
2019-10-18 14:01:28,048 [grpc-default-executor-4] INFO  impl.RoleInfo (RoleInfo.java:updateAndGet(143)) - 66f9d00c-1e97-4252-958c-bed5a531abda: start FollowerState
2019-10-18 14:01:28,048 [Thread-466] INFO  impl.FollowerState (FollowerState.java:run(117)) - 66f9d00c-1e97-4252-958c-bed5a531abda@group-E964BE911FCC-FollowerState was interrupted: java.lang.InterruptedException: sleep interrupted
2019-10-18 14:01:28,048 [Thread-467] INFO  impl.FollowerState (FollowerState.java:run(117)) - 6cbfae60-ea29-4abc-a49d-ef94f4bd513a@group-E964BE911FCC-FollowerState was interrupted: java.lang.InterruptedException: sleep interrupted
2019-10-18 14:01:28,048 [grpc-default-executor-0] INFO  impl.RoleInfo (RoleInfo.java:updateAndGet(143)) - 6cbfae60-ea29-4abc-a49d-ef94f4bd513a: start FollowerState
2019-10-18 14:01:28,063 [92ce6e48-4722-407a-9620-5998c6999257@group-E964BE911FCC-LeaderElection39] INFO  impl.LeaderElection (LeaderElection.java:logAndReturn(56)) - 92ce6e48-4722-407a-9620-5998c6999257@group-E964BE911FCC-LeaderElection39: Election REJECTED; received 2 response(s) [92ce6e48-4722-407a-9620-5998c6999257<-6cbfae60-ea29-4abc-a49d-ef94f4bd513a#0:FAIL-t38, 92ce6e48-4722-407a-9620-5998c6999257<-66f9d00c-1e97-4252-958c-bed5a531abda#0:FAIL-t38] and 0 exception(s); 92ce6e48-4722-407a-9620-5998c6999257@group-E964BE911FCC:t38, leader=null, voted=92ce6e48-4722-407a-9620-5998c6999257, raftlog=92ce6e48-4722-407a-9620-5998c6999257@group-E964BE911FCC-SegmentedRaftLog:OPENED:c-1,f-1,i0, conf=-1: [6cbfae60-ea29-4abc-a49d-ef94f4bd513a:192.168.69.85:36685, 66f9d00c-1e97-4252-958c-bed5a531abda:192.168.69.85:45996, 92ce6e48-4722-407a-9620-5998c6999257:192.168.69.85:34971], old=null
2019-10-18 14:01:28,063 [92ce6e48-4722-407a-9620-5998c6999257@group-E964BE911FCC-LeaderElection39] INFO  impl.RaftServerImpl (RaftServerImpl.java:setRole(184)) - 92ce6e48-4722-407a-9620-5998c6999257@group-E964BE911FCC: changes role from CANDIDATE to FOLLOWER at term 38 for DISCOVERED_A_NEW_TERM
2019-10-18 14:01:28,063 [92ce6e48-4722-407a-9620-5998c6999257@group-E964BE911FCC-LeaderElection39] INFO  impl.RoleInfo (RoleInfo.java:shutdownLeaderElection(134)) - 92ce6e48-4722-407a-9620-5998c6999257: shutdown LeaderElection
2019-10-18 14:01:28,063 [92ce6e48-4722-407a-9620-5998c6999257@group-E964BE911FCC-LeaderElection39] INFO  impl.RoleInfo (RoleInfo.java:updateAndGet(143)) - 92ce6e48-4722-407a-9620-5998c6999257: start FollowerState
2019-10-18 14:01:28,185 [Thread-474] INFO  impl.FollowerState (FollowerState.java:run(108)) - 92ce6e48-4722-407a-9620-5998c6999257@group-E964BE911FCC-FollowerState: change to CANDIDATE, lastRpcTime:121ms, electionTimeout:121ms
2019-10-18 14:01:28,185 [Thread-474] INFO  impl.RoleInfo (RoleInfo.java:shutdownFollowerState(121)) - 92ce6e48-4722-407a-9620-5998c6999257: shutdown FollowerState
2019-10-18 14:01:28,185 [Thread-474] INFO  impl.RaftServerImpl (RaftServerImpl.java:setRole(184)) - 92ce6e48-4722-407a-9620-5998c6999257@group-E964BE911FCC: changes role from  FOLLOWER to CANDIDATE at term 38 for changeToCandidate
2019-10-18 14:01:28,185 [Thread-474] INFO  impl.RoleInfo (RoleInfo.java:updateAndGet(143)) - 92ce6e48-4722-407a-9620-5998c6999257: start LeaderElection
2019-10-18 14:01:28,200 [92ce6e48-4722-407a-9620-5998c6999257@group-E964BE911FCC-LeaderElection40] INFO  impl.LeaderElection (LeaderElection.java:askForVotes(178)) - 92ce6e48-4722-407a-9620-5998c6999257@group-E964BE911FCC-LeaderElection40: begin an election at term 39 for -1: [6cbfae60-ea29-4abc-a49d-ef94f4bd513a:192.168.69.85:36685, 66f9d00c-1e97-4252-958c-bed5a531abda:192.168.69.85:45996, 92ce6e48-4722-407a-9620-5998c6999257:192.168.69.85:34971], old=null
2019-10-18 14:01:28,203 [grpc-default-executor-4] INFO  impl.RaftServerImpl (RaftServerImpl.java:setRole(184)) - 66f9d00c-1e97-4252-958c-bed5a531abda@group-E964BE911FCC: changes role from  FOLLOWER to FOLLOWER at term 39 for recognizeCandidate:92ce6e48-4722-407a-9620-5998c6999257
2019-10-18 14:01:28,203 [grpc-default-executor-0] INFO  impl.RaftServerImpl (RaftServerImpl.java:setRole(184)) - 6cbfae60-ea29-4abc-a49d-ef94f4bd513a@group-E964BE911FCC: changes role from  FOLLOWER to FOLLOWER at term 39 for recognizeCandidate:92ce6e48-4722-407a-9620-5998c6999257
2019-10-18 14:01:28,203 [grpc-default-executor-4] INFO  impl.RoleInfo (RoleInfo.java:shutdownFollowerState(121)) - 66f9d00c-1e97-4252-958c-bed5a531abda: shutdown FollowerState
2019-10-18 14:01:28,203 [grpc-default-executor-0] INFO  impl.RoleInfo (RoleInfo.java:shutdownFollowerState(121)) - 6cbfae60-ea29-4abc-a49d-ef94f4bd513a: shutdown FollowerState
2019-10-18 14:01:28,204 [Thread-472] INFO  impl.FollowerState (FollowerState.java:run(117)) - 66f9d00c-1e97-4252-958c-bed5a531abda@group-E964BE911FCC-FollowerState was interrupted: java.lang.InterruptedException: sleep interrupted
2019-10-18 14:01:28,204 [Thread-473] INFO  impl.FollowerState (FollowerState.java:run(117)) - 6cbfae60-ea29-4abc-a49d-ef94f4bd513a@group-E964BE911FCC-FollowerState was interrupted: java.lang.InterruptedException: sleep interrupted
2019-10-18 14:01:28,204 [grpc-default-executor-4] INFO  impl.RoleInfo (RoleInfo.java:updateAndGet(143)) - 66f9d00c-1e97-4252-958c-bed5a531abda: start FollowerState
2019-10-18 14:01:28,204 [grpc-default-executor-0] INFO  impl.RoleInfo (RoleInfo.java:updateAndGet(143)) - 6cbfae60-ea29-4abc-a49d-ef94f4bd513a: start FollowerState
2019-10-18 14:01:28,213 [92ce6e48-4722-407a-9620-5998c6999257@group-E964BE911FCC-LeaderElection40] INFO  impl.LeaderElection (LeaderElection.java:logAndReturn(56)) - 92ce6e48-4722-407a-9620-5998c6999257@group-E964BE911FCC-LeaderElection40: Election TIMEOUT; received 0 response(s) [] and 0 exception(s); 92ce6e48-4722-407a-9620-5998c6999257@group-E964BE911FCC:t39, leader=null, voted=92ce6e48-4722-407a-9620-5998c6999257, raftlog=92ce6e48-4722-407a-9620-5998c6999257@group-E964BE911FCC-SegmentedRaftLog:OPENED:c-1,f-1,i0, conf=-1: [6cbfae60-ea29-4abc-a49d-ef94f4bd513a:192.168.69.85:36685, 66f9d00c-1e97-4252-958c-bed5a531abda:192.168.69.85:45996, 92ce6e48-4722-407a-9620-5998c6999257:192.168.69.85:34971], old=null
2019-10-18 14:01:28,220 [92ce6e48-4722-407a-9620-5998c6999257@group-E964BE911FCC-LeaderElection40] INFO  impl.LeaderElection (LeaderElection.java:askForVotes(178)) - 92ce6e48-4722-407a-9620-5998c6999257@group-E964BE911FCC-LeaderElection40: begin an election at term 40 for -1: [6cbfae60-ea29-4abc-a49d-ef94f4bd513a:192.168.69.85:36685, 66f9d00c-1e97-4252-958c-bed5a531abda:192.168.69.85:45996, 92ce6e48-4722-407a-9620-5998c6999257:192.168.69.85:34971], old=null
2019-10-18 14:01:28,223 [grpc-default-executor-4] INFO  impl.RaftServerImpl (RaftServerImpl.java:setRole(184)) - 6cbfae60-ea29-4abc-a49d-ef94f4bd513a@group-E964BE911FCC: changes role from  FOLLOWER to FOLLOWER at term 40 for recognizeCandidate:92ce6e48-4722-407a-9620-5998c6999257
2019-10-18 14:01:28,223 [grpc-default-executor-4] INFO  impl.RoleInfo (RoleInfo.java:shutdownFollowerState(121)) - 6cbfae60-ea29-4abc-a49d-ef94f4bd513a: shutdown FollowerState
2019-10-18 14:01:28,223 [grpc-default-executor-0] INFO  impl.RaftServerImpl (RaftServerImpl.java:setRole(184)) - 66f9d00c-1e97-4252-958c-bed5a531abda@group-E964BE911FCC: changes role from  FOLLOWER to FOLLOWER at term 40 for recognizeCandidate:92ce6e48-4722-407a-9620-5998c6999257
2019-10-18 14:01:28,223 [Thread-479] INFO  impl.FollowerState (FollowerState.java:run(117)) - 6cbfae60-ea29-4abc-a49d-ef94f4bd513a@group-E964BE911FCC-FollowerState was interrupted: java.lang.InterruptedException: sleep interrupted
2019-10-18 14:01:28,223 [grpc-default-executor-4] INFO  impl.RoleInfo (RoleInfo.java:updateAndGet(143)) - 6cbfae60-ea29-4abc-a49d-ef94f4bd513a: start FollowerState
2019-10-18 14:01:28,223 [grpc-default-executor-0] INFO  impl.RoleInfo (RoleInfo.java:shutdownFollowerState(121)) - 66f9d00c-1e97-4252-958c-bed5a531abda: shutdown FollowerState
2019-10-18 14:01:28,224 [grpc-default-executor-0] INFO  impl.RoleInfo (RoleInfo.java:updateAndGet(143)) - 66f9d00c-1e97-4252-958c-bed5a531abda: start FollowerState
2019-10-18 14:01:28,224 [Thread-478] INFO  impl.FollowerState (FollowerState.java:run(117)) - 66f9d00c-1e97-4252-958c-bed5a531abda@group-E964BE911FCC-FollowerState was interrupted: java.lang.InterruptedException: sleep interrupted
2019-10-18 14:01:28,237 [92ce6e48-4722-407a-9620-5998c6999257@group-E964BE911FCC-LeaderElection40] INFO  impl.LeaderElection (LeaderElection.java:logAndReturn(56)) - 92ce6e48-4722-407a-9620-5998c6999257@group-E964BE911FCC-LeaderElection40: Election REJECTED; received 2 response(s) [92ce6e48-4722-407a-9620-5998c6999257<-6cbfae60-ea29-4abc-a49d-ef94f4bd513a#0:FAIL-t40, 92ce6e48-4722-407a-9620-5998c6999257<-66f9d00c-1e97-4252-958c-bed5a531abda#0:FAIL-t40] and 0 exception(s); 92ce6e48-4722-407a-9620-5998c6999257@group-E964BE911FCC:t40, leader=null, voted=92ce6e48-4722-407a-9620-5998c6999257, raftlog=92ce6e48-4722-407a-9620-5998c6999257@group-E964BE911FCC-SegmentedRaftLog:OPENED:c-1,f-1,i0, conf=-1: [6cbfae60-ea29-4abc-a49d-ef94f4bd513a:192.168.69.85:36685, 66f9d00c-1e97-4252-958c-bed5a531abda:192.168.69.85:45996, 92ce6e48-4722-407a-9620-5998c6999257:192.168.69.85:34971], old=null
2019-10-18 14:01:28,238 [92ce6e48-4722-407a-9620-5998c6999257@group-E964BE911FCC-LeaderElection40] INFO  impl.RaftServerImpl (RaftServerImpl.java:setRole(184)) - 92ce6e48-4722-407a-9620-5998c6999257@group-E964BE911FCC: changes role from CANDIDATE to FOLLOWER at term 40 for DISCOVERED_A_NEW_TERM
2019-10-18 14:01:28,238 [92ce6e48-4722-407a-9620-5998c6999257@group-E964BE911FCC-LeaderElection40] INFO  impl.RoleInfo (RoleInfo.java:shutdownLeaderElection(134)) - 92ce6e48-4722-407a-9620-5998c6999257: shutdown LeaderElection
2019-10-18 14:01:28,238 [92ce6e48-4722-407a-9620-5998c6999257@group-E964BE911FCC-LeaderElection40] INFO  impl.RoleInfo (RoleInfo.java:updateAndGet(143)) - 92ce6e48-4722-407a-9620-5998c6999257: start FollowerState
2019-10-18 14:01:28,356 [Thread-484] INFO  impl.FollowerState (FollowerState.java:run(108)) - 92ce6e48-4722-407a-9620-5998c6999257@group-E964BE911FCC-FollowerState: change to CANDIDATE, lastRpcTime:118ms, electionTimeout:118ms
2019-10-18 14:01:28,356 [Thread-484] INFO  impl.RoleInfo (RoleInfo.java:shutdownFollowerState(121)) - 92ce6e48-4722-407a-9620-5998c6999257: shutdown FollowerState
2019-10-18 14:01:28,357 [Thread-484] INFO  impl.RaftServerImpl (RaftServerImpl.java:setRole(184)) - 92ce6e48-4722-407a-9620-5998c6999257@group-E964BE911FCC: changes role from  FOLLOWER to CANDIDATE at term 40 for changeToCandidate
2019-10-18 14:01:28,357 [Thread-484] INFO  impl.RoleInfo (RoleInfo.java:updateAndGet(143)) - 92ce6e48-4722-407a-9620-5998c6999257: start LeaderElection
2019-10-18 14:01:28,373 [92ce6e48-4722-407a-9620-5998c6999257@group-E964BE911FCC-LeaderElection41] INFO  impl.LeaderElection (LeaderElection.java:askForVotes(178)) - 92ce6e48-4722-407a-9620-5998c6999257@group-E964BE911FCC-LeaderElection41: begin an election at term 41 for -1: [6cbfae60-ea29-4abc-a49d-ef94f4bd513a:192.168.69.85:36685, 66f9d00c-1e97-4252-958c-bed5a531abda:192.168.69.85:45996, 92ce6e48-4722-407a-9620-5998c6999257:192.168.69.85:34971], old=null
2019-10-18 14:01:28,379 [grpc-default-executor-4] INFO  impl.RaftServerImpl (RaftServerImpl.java:setRole(184)) - 6cbfae60-ea29-4abc-a49d-ef94f4bd513a@group-E964BE911FCC: changes role from  FOLLOWER to FOLLOWER at term 41 for recognizeCandidate:92ce6e48-4722-407a-9620-5998c6999257
2019-10-18 14:01:28,379 [grpc-default-executor-0] INFO  impl.RaftServerImpl (RaftServerImpl.java:setRole(184)) - 66f9d00c-1e97-4252-958c-bed5a531abda@group-E964BE911FCC: changes role from  FOLLOWER to FOLLOWER at term 41 for recognizeCandidate:92ce6e48-4722-407a-9620-5998c6999257
2019-10-18 14:01:28,379 [grpc-default-executor-4] INFO  impl.RoleInfo (RoleInfo.java:shutdownFollowerState(121)) - 6cbfae60-ea29-4abc-a49d-ef94f4bd513a: shutdown FollowerState
2019-10-18 14:01:28,379 [grpc-default-executor-0] INFO  impl.RoleInfo (RoleInfo.java:shutdownFollowerState(121)) - 66f9d00c-1e97-4252-958c-bed5a531abda: shutdown FollowerState
2019-10-18 14:01:28,379 [Thread-482] INFO  impl.FollowerState (FollowerState.java:run(117)) - 6cbfae60-ea29-4abc-a49d-ef94f4bd513a@group-E964BE911FCC-FollowerState was interrupted: java.lang.InterruptedException: sleep interrupted
2019-10-18 14:01:28,380 [Thread-483] INFO  impl.FollowerState (FollowerState.java:run(117)) - 66f9d00c-1e97-4252-958c-bed5a531abda@group-E964BE911FCC-FollowerState was interrupted: java.lang.InterruptedException: sleep interrupted
2019-10-18 14:01:28,379 [grpc-default-executor-4] INFO  impl.RoleInfo (RoleInfo.java:updateAndGet(143)) - 6cbfae60-ea29-4abc-a49d-ef94f4bd513a: start FollowerState
2019-10-18 14:01:28,380 [grpc-default-executor-0] INFO  impl.RoleInfo (RoleInfo.java:updateAndGet(143)) - 66f9d00c-1e97-4252-958c-bed5a531abda: start FollowerState
2019-10-18 14:01:28,395 [92ce6e48-4722-407a-9620-5998c6999257@group-E964BE911FCC-LeaderElection41] INFO  impl.LeaderElection (LeaderElection.java:logAndReturn(56)) - 92ce6e48-4722-407a-9620-5998c6999257@group-E964BE911FCC-LeaderElection41: Election REJECTED; received 2 response(s) [92ce6e48-4722-407a-9620-5998c6999257<-6cbfae60-ea29-4abc-a49d-ef94f4bd513a#0:FAIL-t41, 92ce6e48-4722-407a-9620-5998c6999257<-66f9d00c-1e97-4252-958c-bed5a531abda#0:FAIL-t41] and 0 exception(s); 92ce6e48-4722-407a-9620-5998c6999257@group-E964BE911FCC:t41, leader=null, voted=92ce6e48-4722-407a-9620-5998c6999257, raftlog=92ce6e48-4722-407a-9620-5998c6999257@group-E964BE911FCC-SegmentedRaftLog:OPENED:c-1,f-1,i0, conf=-1: [6cbfae60-ea29-4abc-a49d-ef94f4bd513a:192.168.69.85:36685, 66f9d00c-1e97-4252-958c-bed5a531abda:192.168.69.85:45996, 92ce6e48-4722-407a-9620-5998c6999257:192.168.69.85:34971], old=null
2019-10-18 14:01:28,395 [92ce6e48-4722-407a-9620-5998c6999257@group-E964BE911FCC-LeaderElection41] INFO  impl.RaftServerImpl (RaftServerImpl.java:setRole(184)) - 92ce6e48-4722-407a-9620-5998c6999257@group-E964BE911FCC: changes role from CANDIDATE to FOLLOWER at term 41 for DISCOVERED_A_NEW_TERM
2019-10-18 14:01:28,395 [92ce6e48-4722-407a-9620-5998c6999257@group-E964BE911FCC-LeaderElection41] INFO  impl.RoleInfo (RoleInfo.java:shutdownLeaderElection(134)) - 92ce6e48-4722-407a-9620-5998c6999257: shutdown LeaderElection
2019-10-18 14:01:28,395 [92ce6e48-4722-407a-9620-5998c6999257@group-E964BE911FCC-LeaderElection41] INFO  impl.RoleInfo (RoleInfo.java:updateAndGet(143)) - 92ce6e48-4722-407a-9620-5998c6999257: start FollowerState
2019-10-18 14:01:28,444 [Thread-490] INFO  impl.FollowerState (FollowerState.java:run(108)) - 92ce6e48-4722-407a-9620-5998c6999257@group-E964BE911FCC-FollowerState: change to CANDIDATE, lastRpcTime:48ms, electionTimeout:48ms
2019-10-18 14:01:28,444 [Thread-490] INFO  impl.RoleInfo (RoleInfo.java:shutdownFollowerState(121)) - 92ce6e48-4722-407a-9620-5998c6999257: shutdown FollowerState
2019-10-18 14:01:28,444 [Thread-490] INFO  impl.RaftServerImpl (RaftServerImpl.java:setRole(184)) - 92ce6e48-4722-407a-9620-5998c6999257@group-E964BE911FCC: changes role from  FOLLOWER to CANDIDATE at term 41 for changeToCandidate
2019-10-18 14:01:28,444 [Thread-490] INFO  impl.RoleInfo (RoleInfo.java:updateAndGet(143)) - 92ce6e48-4722-407a-9620-5998c6999257: start LeaderElection
2019-10-18 14:01:28,458 [92ce6e48-4722-407a-9620-5998c6999257@group-E964BE911FCC-LeaderElection42] INFO  impl.LeaderElection (LeaderElection.java:askForVotes(178)) - 92ce6e48-4722-407a-9620-5998c6999257@group-E964BE911FCC-LeaderElection42: begin an election at term 42 for -1: [6cbfae60-ea29-4abc-a49d-ef94f4bd513a:192.168.69.85:36685, 66f9d00c-1e97-4252-958c-bed5a531abda:192.168.69.85:45996, 92ce6e48-4722-407a-9620-5998c6999257:192.168.69.85:34971], old=null
2019-10-18 14:01:28,461 [grpc-default-executor-0] INFO  impl.RaftServerImpl (RaftServerImpl.java:setRole(184)) - 66f9d00c-1e97-4252-958c-bed5a531abda@group-E964BE911FCC: changes role from  FOLLOWER to FOLLOWER at term 42 for recognizeCandidate:92ce6e48-4722-407a-9620-5998c6999257
2019-10-18 14:01:28,461 [grpc-default-executor-4] INFO  impl.RaftServerImpl (RaftServerImpl.java:setRole(184)) - 6cbfae60-ea29-4abc-a49d-ef94f4bd513a@group-E964BE911FCC: changes role from  FOLLOWER to FOLLOWER at term 42 for recognizeCandidate:92ce6e48-4722-407a-9620-5998c6999257
2019-10-18 14:01:28,461 [grpc-default-executor-0] INFO  impl.RoleInfo (RoleInfo.java:shutdownFollowerState(121)) - 66f9d00c-1e97-4252-958c-bed5a531abda: shutdown FollowerState
2019-10-18 14:01:28,461 [grpc-default-executor-4] INFO  impl.RoleInfo (RoleInfo.java:shutdownFollowerState(121)) - 6cbfae60-ea29-4abc-a49d-ef94f4bd513a: shutdown FollowerState
2019-10-18 14:01:28,461 [grpc-default-executor-0] INFO  impl.RoleInfo (RoleInfo.java:updateAndGet(143)) - 66f9d00c-1e97-4252-958c-bed5a531abda: start FollowerState
2019-10-18 14:01:28,461 [Thread-488] INFO  impl.FollowerState (FollowerState.java:run(117)) - 6cbfae60-ea29-4abc-a49d-ef94f4bd513a@group-E964BE911FCC-FollowerState was interrupted: java.lang.InterruptedException: sleep interrupted
2019-10-18 14:01:28,461 [Thread-489] INFO  impl.FollowerState (FollowerState.java:run(117)) - 66f9d00c-1e97-4252-958c-bed5a531abda@group-E964BE911FCC-FollowerState was interrupted: java.lang.InterruptedException: sleep interrupted
2019-10-18 14:01:28,461 [grpc-default-executor-4] INFO  impl.RoleInfo (RoleInfo.java:updateAndGet(143)) - 6cbfae60-ea29-4abc-a49d-ef94f4bd513a: start FollowerState
2019-10-18 14:01:28,477 [92ce6e48-4722-407a-9620-5998c6999257@group-E964BE911FCC-LeaderElection42] INFO  impl.LeaderElection (LeaderElection.java:logAndReturn(56)) - 92ce6e48-4722-407a-9620-5998c6999257@group-E964BE911FCC-LeaderElection42: Election REJECTED; received 2 response(s) [92ce6e48-4722-407a-9620-5998c6999257<-6cbfae60-ea29-4abc-a49d-ef94f4bd513a#0:FAIL-t42, 92ce6e48-4722-407a-9620-5998c6999257<-66f9d00c-1e97-4252-958c-bed5a531abda#0:FAIL-t42] and 0 exception(s); 92ce6e48-4722-407a-9620-5998c6999257@group-E964BE911FCC:t42, leader=null, voted=92ce6e48-4722-407a-9620-5998c6999257, raftlog=92ce6e48-4722-407a-9620-5998c6999257@group-E964BE911FCC-SegmentedRaftLog:OPENED:c-1,f-1,i0, conf=-1: [6cbfae60-ea29-4abc-a49d-ef94f4bd513a:192.168.69.85:36685, 66f9d00c-1e97-4252-958c-bed5a531abda:192.168.69.85:45996, 92ce6e48-4722-407a-9620-5998c6999257:192.168.69.85:34971], old=null
2019-10-18 14:01:28,477 [92ce6e48-4722-407a-9620-5998c6999257@group-E964BE911FCC-LeaderElection42] INFO  impl.RaftServerImpl (RaftServerImpl.java:setRole(184)) - 92ce6e48-4722-407a-9620-5998c6999257@group-E964BE911FCC: changes role from CANDIDATE to FOLLOWER at term 42 for DISCOVERED_A_NEW_TERM
2019-10-18 14:01:28,477 [92ce6e48-4722-407a-9620-5998c6999257@group-E964BE911FCC-LeaderElection42] INFO  impl.RoleInfo (RoleInfo.java:shutdownLeaderElection(134)) - 92ce6e48-4722-407a-9620-5998c6999257: shutdown LeaderElection
2019-10-18 14:01:28,478 [92ce6e48-4722-407a-9620-5998c6999257@group-E964BE911FCC-LeaderElection42] INFO  impl.RoleInfo (RoleInfo.java:updateAndGet(143)) - 92ce6e48-4722-407a-9620-5998c6999257: start FollowerState
2019-10-18 14:01:28,501 [Thread-496] INFO  impl.FollowerState (FollowerState.java:run(108)) - 92ce6e48-4722-407a-9620-5998c6999257@group-E964BE911FCC-FollowerState: change to CANDIDATE, lastRpcTime:23ms, electionTimeout:23ms
2019-10-18 14:01:28,501 [Thread-496] INFO  impl.RoleInfo (RoleInfo.java:shutdownFollowerState(121)) - 92ce6e48-4722-407a-9620-5998c6999257: shutdown FollowerState
2019-10-18 14:01:28,501 [Thread-496] INFO  impl.RaftServerImpl (RaftServerImpl.java:setRole(184)) - 92ce6e48-4722-407a-9620-5998c6999257@group-E964BE911FCC: changes role from  FOLLOWER to CANDIDATE at term 42 for changeToCandidate
2019-10-18 14:01:28,501 [Thread-496] INFO  impl.RoleInfo (RoleInfo.java:updateAndGet(143)) - 92ce6e48-4722-407a-9620-5998c6999257: start LeaderElection
2019-10-18 14:01:28,514 [92ce6e48-4722-407a-9620-5998c6999257@group-E964BE911FCC-LeaderElection43] INFO  impl.LeaderElection (LeaderElection.java:askForVotes(178)) - 92ce6e48-4722-407a-9620-5998c6999257@group-E964BE911FCC-LeaderElection43: begin an election at term 43 for -1: [6cbfae60-ea29-4abc-a49d-ef94f4bd513a:192.168.69.85:36685, 66f9d00c-1e97-4252-958c-bed5a531abda:192.168.69.85:45996, 92ce6e48-4722-407a-9620-5998c6999257:192.168.69.85:34971], old=null
2019-10-18 14:01:28,517 [grpc-default-executor-4] INFO  impl.RaftServerImpl (RaftServerImpl.java:setRole(184)) - 6cbfae60-ea29-4abc-a49d-ef94f4bd513a@group-E964BE911FCC: changes role from  FOLLOWER to FOLLOWER at term 43 for recognizeCandidate:92ce6e48-4722-407a-9620-5998c6999257
2019-10-18 14:01:28,517 [grpc-default-executor-4] INFO  impl.RoleInfo (RoleInfo.java:shutdownFollowerState(121)) - 6cbfae60-ea29-4abc-a49d-ef94f4bd513a: shutdown FollowerState
2019-10-18 14:01:28,517 [Thread-495] INFO  impl.FollowerState (FollowerState.java:run(117)) - 6cbfae60-ea29-4abc-a49d-ef94f4bd513a@group-E964BE911FCC-FollowerState was interrupted: java.lang.InterruptedException: sleep interrupted
2019-10-18 14:01:28,517 [grpc-default-executor-4] INFO  impl.RoleInfo (RoleInfo.java:updateAndGet(143)) - 6cbfae60-ea29-4abc-a49d-ef94f4bd513a: start FollowerState
2019-10-18 14:01:28,517 [grpc-default-executor-0] INFO  impl.RaftServerImpl (RaftServerImpl.java:setRole(184)) - 66f9d00c-1e97-4252-958c-bed5a531abda@group-E964BE911FCC: changes role from  FOLLOWER to FOLLOWER at term 43 for recognizeCandidate:92ce6e48-4722-407a-9620-5998c6999257
2019-10-18 14:01:28,518 [grpc-default-executor-0] INFO  impl.RoleInfo (RoleInfo.java:shutdownFollowerState(121)) - 66f9d00c-1e97-4252-958c-bed5a531abda: shutdown FollowerState
2019-10-18 14:01:28,518 [Thread-494] INFO  impl.FollowerState (FollowerState.java:run(117)) - 66f9d00c-1e97-4252-958c-bed5a531abda@group-E964BE911FCC-FollowerState was interrupted: java.lang.InterruptedException: sleep interrupted
2019-10-18 14:01:28,518 [grpc-default-executor-0] INFO  impl.RoleInfo (RoleInfo.java:updateAndGet(143)) - 66f9d00c-1e97-4252-958c-bed5a531abda: start FollowerState
2019-10-18 14:01:28,544 [92ce6e48-4722-407a-9620-5998c6999257@group-E964BE911FCC-LeaderElection43] INFO  impl.LeaderElection (LeaderElection.java:logAndReturn(56)) - 92ce6e48-4722-407a-9620-5998c6999257@group-E964BE911FCC-LeaderElection43: Election REJECTED; received 2 response(s) [92ce6e48-4722-407a-9620-5998c6999257<-6cbfae60-ea29-4abc-a49d-ef94f4bd513a#0:FAIL-t43, 92ce6e48-4722-407a-9620-5998c6999257<-66f9d00c-1e97-4252-958c-bed5a531abda#0:FAIL-t43] and 0 exception(s); 92ce6e48-4722-407a-9620-5998c6999257@group-E964BE911FCC:t43, leader=null, voted=92ce6e48-4722-407a-9620-5998c6999257, raftlog=92ce6e48-4722-407a-9620-5998c6999257@group-E964BE911FCC-SegmentedRaftLog:OPENED:c-1,f-1,i0, conf=-1: [6cbfae60-ea29-4abc-a49d-ef94f4bd513a:192.168.69.85:36685, 66f9d00c-1e97-4252-958c-bed5a531abda:192.168.69.85:45996, 92ce6e48-4722-407a-9620-5998c6999257:192.168.69.85:34971], old=null
2019-10-18 14:01:28,544 [92ce6e48-4722-407a-9620-5998c6999257@group-E964BE911FCC-LeaderElection43] INFO  impl.RaftServerImpl (RaftServerImpl.java:setRole(184)) - 92ce6e48-4722-407a-9620-5998c6999257@group-E964BE911FCC: changes role from CANDIDATE to FOLLOWER at term 43 for DISCOVERED_A_NEW_TERM
2019-10-18 14:01:28,544 [92ce6e48-4722-407a-9620-5998c6999257@group-E964BE911FCC-LeaderElection43] INFO  impl.RoleInfo (RoleInfo.java:shutdownLeaderElection(134)) - 92ce6e48-4722-407a-9620-5998c6999257: shutdown LeaderElection
2019-10-18 14:01:28,544 [92ce6e48-4722-407a-9620-5998c6999257@group-E964BE911FCC-LeaderElection43] INFO  impl.RoleInfo (RoleInfo.java:updateAndGet(143)) - 92ce6e48-4722-407a-9620-5998c6999257: start FollowerState
2019-10-18 14:01:28,699 [Thread-502] INFO  impl.FollowerState (FollowerState.java:run(108)) - 92ce6e48-4722-407a-9620-5998c6999257@group-E964BE911FCC-FollowerState: change to CANDIDATE, lastRpcTime:154ms, electionTimeout:154ms
2019-10-18 14:01:28,699 [Thread-502] INFO  impl.RoleInfo (RoleInfo.java:shutdownFollowerState(121)) - 92ce6e48-4722-407a-9620-5998c6999257: shutdown FollowerState
2019-10-18 14:01:28,699 [Thread-502] INFO  impl.RaftServerImpl (RaftServerImpl.java:setRole(184)) - 92ce6e48-4722-407a-9620-5998c6999257@group-E964BE911FCC: changes role from  FOLLOWER to CANDIDATE at term 43 for changeToCandidate
2019-10-18 14:01:28,700 [Thread-502] INFO  impl.RoleInfo (RoleInfo.java:updateAndGet(143)) - 92ce6e48-4722-407a-9620-5998c6999257: start LeaderElection
2019-10-18 14:01:28,713 [92ce6e48-4722-407a-9620-5998c6999257@group-E964BE911FCC-LeaderElection44] INFO  impl.LeaderElection (LeaderElection.java:askForVotes(178)) - 92ce6e48-4722-407a-9620-5998c6999257@group-E964BE911FCC-LeaderElection44: begin an election at term 44 for -1: [6cbfae60-ea29-4abc-a49d-ef94f4bd513a:192.168.69.85:36685, 66f9d00c-1e97-4252-958c-bed5a531abda:192.168.69.85:45996, 92ce6e48-4722-407a-9620-5998c6999257:192.168.69.85:34971], old=null
2019-10-18 14:01:28,717 [grpc-default-executor-0] INFO  impl.RaftServerImpl (RaftServerImpl.java:setRole(184)) - 66f9d00c-1e97-4252-958c-bed5a531abda@group-E964BE911FCC: changes role from  FOLLOWER to FOLLOWER at term 44 for recognizeCandidate:92ce6e48-4722-407a-9620-5998c6999257
2019-10-18 14:01:28,717 [grpc-default-executor-0] INFO  impl.RoleInfo (RoleInfo.java:shutdownFollowerState(121)) - 66f9d00c-1e97-4252-958c-bed5a531abda: shutdown FollowerState
2019-10-18 14:01:28,717 [grpc-default-executor-4] INFO  impl.RaftServerImpl (RaftServerImpl.java:setRole(184)) - 6cbfae60-ea29-4abc-a49d-ef94f4bd513a@group-E964BE911FCC: changes role from  FOLLOWER to FOLLOWER at term 44 for recognizeCandidate:92ce6e48-4722-407a-9620-5998c6999257
2019-10-18 14:01:28,717 [grpc-default-executor-0] INFO  impl.RoleInfo (RoleInfo.java:updateAndGet(143)) - 66f9d00c-1e97-4252-958c-bed5a531abda: start FollowerState
2019-10-18 14:01:28,717 [grpc-default-executor-4] INFO  impl.RoleInfo (RoleInfo.java:shutdownFollowerState(121)) - 6cbfae60-ea29-4abc-a49d-ef94f4bd513a: shutdown FollowerState
2019-10-18 14:01:28,717 [Thread-501] INFO  impl.FollowerState (FollowerState.java:run(117)) - 66f9d00c-1e97-4252-958c-bed5a531abda@group-E964BE911FCC-FollowerState was interrupted: java.lang.InterruptedException: sleep interrupted
2019-10-18 14:01:28,717 [Thread-500] INFO  impl.FollowerState (FollowerState.java:run(117)) - 6cbfae60-ea29-4abc-a49d-ef94f4bd513a@group-E964BE911FCC-FollowerState was interrupted: java.lang.InterruptedException: sleep interrupted
2019-10-18 14:01:28,717 [grpc-default-executor-4] INFO  impl.RoleInfo (RoleInfo.java:updateAndGet(143)) - 6cbfae60-ea29-4abc-a49d-ef94f4bd513a: start FollowerState
2019-10-18 14:01:28,732 [92ce6e48-4722-407a-9620-5998c6999257@group-E964BE911FCC-LeaderElection44] INFO  impl.LeaderElection (LeaderElection.java:logAndReturn(56)) - 92ce6e48-4722-407a-9620-5998c6999257@group-E964BE911FCC-LeaderElection44: Election REJECTED; received 2 response(s) [92ce6e48-4722-407a-9620-5998c6999257<-6cbfae60-ea29-4abc-a49d-ef94f4bd513a#0:FAIL-t44, 92ce6e48-4722-407a-9620-5998c6999257<-66f9d00c-1e97-4252-958c-bed5a531abda#0:FAIL-t44] and 0 exception(s); 92ce6e48-4722-407a-9620-5998c6999257@group-E964BE911FCC:t44, leader=null, voted=92ce6e48-4722-407a-9620-5998c6999257, raftlog=92ce6e48-4722-407a-9620-5998c6999257@group-E964BE911FCC-SegmentedRaftLog:OPENED:c-1,f-1,i0, conf=-1: [6cbfae60-ea29-4abc-a49d-ef94f4bd513a:192.168.69.85:36685, 66f9d00c-1e97-4252-958c-bed5a531abda:192.168.69.85:45996, 92ce6e48-4722-407a-9620-5998c6999257:192.168.69.85:34971], old=null
2019-10-18 14:01:28,732 [92ce6e48-4722-407a-9620-5998c6999257@group-E964BE911FCC-LeaderElection44] INFO  impl.RaftServerImpl (RaftServerImpl.java:setRole(184)) - 92ce6e48-4722-407a-9620-5998c6999257@group-E964BE911FCC: changes role from CANDIDATE to FOLLOWER at term 44 for DISCOVERED_A_NEW_TERM
2019-10-18 14:01:28,732 [92ce6e48-4722-407a-9620-5998c6999257@group-E964BE911FCC-LeaderElection44] INFO  impl.RoleInfo (RoleInfo.java:shutdownLeaderElection(134)) - 92ce6e48-4722-407a-9620-5998c6999257: shutdown LeaderElection
2019-10-18 14:01:28,733 [92ce6e48-4722-407a-9620-5998c6999257@group-E964BE911FCC-LeaderElection44] INFO  impl.RoleInfo (RoleInfo.java:updateAndGet(143)) - 92ce6e48-4722-407a-9620-5998c6999257: start FollowerState
2019-10-18 14:01:28,880 [Thread-508] INFO  impl.FollowerState (FollowerState.java:run(108)) - 92ce6e48-4722-407a-9620-5998c6999257@group-E964BE911FCC-FollowerState: change to CANDIDATE, lastRpcTime:147ms, electionTimeout:147ms
2019-10-18 14:01:28,880 [Thread-508] INFO  impl.RoleInfo (RoleInfo.java:shutdownFollowerState(121)) - 92ce6e48-4722-407a-9620-5998c6999257: shutdown FollowerState
2019-10-18 14:01:28,880 [Thread-508] INFO  impl.RaftServerImpl (RaftServerImpl.java:setRole(184)) - 92ce6e48-4722-407a-9620-5998c6999257@group-E964BE911FCC: changes role from  FOLLOWER to CANDIDATE at term 44 for changeToCandidate
2019-10-18 14:01:28,881 [Thread-508] INFO  impl.RoleInfo (RoleInfo.java:updateAndGet(143)) - 92ce6e48-4722-407a-9620-5998c6999257: start LeaderElection
2019-10-18 14:01:28,896 [92ce6e48-4722-407a-9620-5998c6999257@group-E964BE911FCC-LeaderElection45] INFO  impl.LeaderElection (LeaderElection.java:askForVotes(178)) - 92ce6e48-4722-407a-9620-5998c6999257@group-E964BE911FCC-LeaderElection45: begin an election at term 45 for -1: [6cbfae60-ea29-4abc-a49d-ef94f4bd513a:192.168.69.85:36685, 66f9d00c-1e97-4252-958c-bed5a531abda:192.168.69.85:45996, 92ce6e48-4722-407a-9620-5998c6999257:192.168.69.85:34971], old=null
2019-10-18 14:01:28,898 [grpc-default-executor-4] INFO  impl.RaftServerImpl (RaftServerImpl.java:setRole(184)) - 6cbfae60-ea29-4abc-a49d-ef94f4bd513a@group-E964BE911FCC: changes role from  FOLLOWER to FOLLOWER at term 45 for recognizeCandidate:92ce6e48-4722-407a-9620-5998c6999257
2019-10-18 14:01:28,898 [grpc-default-executor-4] INFO  impl.RoleInfo (RoleInfo.java:shutdownFollowerState(121)) - 6cbfae60-ea29-4abc-a49d-ef94f4bd513a: shutdown FollowerState
2019-10-18 14:01:28,899 [grpc-default-executor-4] INFO  impl.RoleInfo (RoleInfo.java:updateAndGet(143)) - 6cbfae60-ea29-4abc-a49d-ef94f4bd513a: start FollowerState
2019-10-18 14:01:28,899 [Thread-507] INFO  impl.FollowerState (FollowerState.java:run(117)) - 6cbfae60-ea29-4abc-a49d-ef94f4bd513a@group-E964BE911FCC-FollowerState was interrupted: java.lang.InterruptedException: sleep interrupted
2019-10-18 14:01:28,899 [grpc-default-executor-0] INFO  impl.RaftServerImpl (RaftServerImpl.java:setRole(184)) - 66f9d00c-1e97-4252-958c-bed5a531abda@group-E964BE911FCC: changes role from  FOLLOWER to FOLLOWER at term 45 for recognizeCandidate:92ce6e48-4722-407a-9620-5998c6999257
2019-10-18 14:01:28,899 [grpc-default-executor-0] INFO  impl.RoleInfo (RoleInfo.java:shutdownFollowerState(121)) - 66f9d00c-1e97-4252-958c-bed5a531abda: shutdown FollowerState
2019-10-18 14:01:28,899 [grpc-default-executor-0] INFO  impl.RoleInfo (RoleInfo.java:updateAndGet(143)) - 66f9d00c-1e97-4252-958c-bed5a531abda: start FollowerState
2019-10-18 14:01:28,899 [Thread-506] INFO  impl.FollowerState (FollowerState.java:run(117)) - 66f9d00c-1e97-4252-958c-bed5a531abda@group-E964BE911FCC-FollowerState was interrupted: java.lang.InterruptedException: sleep interrupted
2019-10-18 14:01:28,913 [92ce6e48-4722-407a-9620-5998c6999257@group-E964BE911FCC-LeaderElection45] INFO  impl.LeaderElection (LeaderElection.java:logAndReturn(56)) - 92ce6e48-4722-407a-9620-5998c6999257@group-E964BE911FCC-LeaderElection45: Election REJECTED; received 2 response(s) [92ce6e48-4722-407a-9620-5998c6999257<-6cbfae60-ea29-4abc-a49d-ef94f4bd513a#0:FAIL-t45, 92ce6e48-4722-407a-9620-5998c6999257<-66f9d00c-1e97-4252-958c-bed5a531abda#0:FAIL-t45] and 0 exception(s); 92ce6e48-4722-407a-9620-5998c6999257@group-E964BE911FCC:t45, leader=null, voted=92ce6e48-4722-407a-9620-5998c6999257, raftlog=92ce6e48-4722-407a-9620-5998c6999257@group-E964BE911FCC-SegmentedRaftLog:OPENED:c-1,f-1,i0, conf=-1: [6cbfae60-ea29-4abc-a49d-ef94f4bd513a:192.168.69.85:36685, 66f9d00c-1e97-4252-958c-bed5a531abda:192.168.69.85:45996, 92ce6e48-4722-407a-9620-5998c6999257:192.168.69.85:34971], old=null
2019-10-18 14:01:28,913 [92ce6e48-4722-407a-9620-5998c6999257@group-E964BE911FCC-LeaderElection45] INFO  impl.RaftServerImpl (RaftServerImpl.java:setRole(184)) - 92ce6e48-4722-407a-9620-5998c6999257@group-E964BE911FCC: changes role from CANDIDATE to FOLLOWER at term 45 for DISCOVERED_A_NEW_TERM
2019-10-18 14:01:28,913 [92ce6e48-4722-407a-9620-5998c6999257@group-E964BE911FCC-LeaderElection45] INFO  impl.RoleInfo (RoleInfo.java:shutdownLeaderElection(134)) - 92ce6e48-4722-407a-9620-5998c6999257: shutdown LeaderElection
2019-10-18 14:01:28,913 [92ce6e48-4722-407a-9620-5998c6999257@group-E964BE911FCC-LeaderElection45] INFO  impl.RoleInfo (RoleInfo.java:updateAndGet(143)) - 92ce6e48-4722-407a-9620-5998c6999257: start FollowerState
2019-10-18 14:01:28,968 [Thread-516] INFO  impl.FollowerState (FollowerState.java:run(108)) - 92ce6e48-4722-407a-9620-5998c6999257@group-E964BE911FCC-FollowerState: change to CANDIDATE, lastRpcTime:54ms, electionTimeout:54ms
2019-10-18 14:01:28,968 [Thread-516] INFO  impl.RoleInfo (RoleInfo.java:shutdownFollowerState(121)) - 92ce6e48-4722-407a-9620-5998c6999257: shutdown FollowerState
2019-10-18 14:01:28,968 [Thread-516] INFO  impl.RaftServerImpl (RaftServerImpl.java:setRole(184)) - 92ce6e48-4722-407a-9620-5998c6999257@group-E964BE911FCC: changes role from  FOLLOWER to CANDIDATE at term 45 for changeToCandidate
2019-10-18 14:01:28,968 [Thread-516] INFO  impl.RoleInfo (RoleInfo.java:updateAndGet(143)) - 92ce6e48-4722-407a-9620-5998c6999257: start LeaderElection
2019-10-18 14:01:28,993 [92ce6e48-4722-407a-9620-5998c6999257@group-E964BE911FCC-LeaderElection46] INFO  impl.LeaderElection (LeaderElection.java:askForVotes(178)) - 92ce6e48-4722-407a-9620-5998c6999257@group-E964BE911FCC-LeaderElection46: begin an election at term 46 for -1: [6cbfae60-ea29-4abc-a49d-ef94f4bd513a:192.168.69.85:36685, 66f9d00c-1e97-4252-958c-bed5a531abda:192.168.69.85:45996, 92ce6e48-4722-407a-9620-5998c6999257:192.168.69.85:34971], old=null
2019-10-18 14:01:28,996 [grpc-default-executor-0] INFO  impl.RaftServerImpl (RaftServerImpl.java:setRole(184)) - 66f9d00c-1e97-4252-958c-bed5a531abda@group-E964BE911FCC: changes role from  FOLLOWER to FOLLOWER at term 46 for recognizeCandidate:92ce6e48-4722-407a-9620-5998c6999257
2019-10-18 14:01:28,996 [grpc-default-executor-4] INFO  impl.RaftServerImpl (RaftServerImpl.java:setRole(184)) - 6cbfae60-ea29-4abc-a49d-ef94f4bd513a@group-E964BE911FCC: changes role from  FOLLOWER to FOLLOWER at term 46 for recognizeCandidate:92ce6e48-4722-407a-9620-5998c6999257
2019-10-18 14:01:28,996 [grpc-default-executor-0] INFO  impl.RoleInfo (RoleInfo.java:shutdownFollowerState(121)) - 66f9d00c-1e97-4252-958c-bed5a531abda: shutdown FollowerState
2019-10-18 14:01:28,997 [grpc-default-executor-4] INFO  impl.RoleInfo (RoleInfo.java:shutdownFollowerState(121)) - 6cbfae60-ea29-4abc-a49d-ef94f4bd513a: shutdown FollowerState
2019-10-18 14:01:28,997 [grpc-default-executor-0] INFO  impl.RoleInfo (RoleInfo.java:updateAndGet(143)) - 66f9d00c-1e97-4252-958c-bed5a531abda: start FollowerState
2019-10-18 14:01:28,997 [Thread-515] INFO  impl.FollowerState (FollowerState.java:run(117)) - 66f9d00c-1e97-4252-958c-bed5a531abda@group-E964BE911FCC-FollowerState was interrupted: java.lang.InterruptedException: sleep interrupted
2019-10-18 14:01:28,997 [Thread-514] INFO  impl.FollowerState (FollowerState.java:run(117)) - 6cbfae60-ea29-4abc-a49d-ef94f4bd513a@group-E964BE911FCC-FollowerState was interrupted: java.lang.InterruptedException: sleep interrupted
2019-10-18 14:01:28,997 [grpc-default-executor-4] INFO  impl.RoleInfo (RoleInfo.java:updateAndGet(143)) - 6cbfae60-ea29-4abc-a49d-ef94f4bd513a: start FollowerState
2019-10-18 14:01:29,013 [92ce6e48-4722-407a-9620-5998c6999257@group-E964BE911FCC-LeaderElection46] INFO  impl.LeaderElection (LeaderElection.java:logAndReturn(56)) - 92ce6e48-4722-407a-9620-5998c6999257@group-E964BE911FCC-LeaderElection46: Election REJECTED; received 2 response(s) [92ce6e48-4722-407a-9620-5998c6999257<-6cbfae60-ea29-4abc-a49d-ef94f4bd513a#0:FAIL-t46, 92ce6e48-4722-407a-9620-5998c6999257<-66f9d00c-1e97-4252-958c-bed5a531abda#0:FAIL-t46] and 0 exception(s); 92ce6e48-4722-407a-9620-5998c6999257@group-E964BE911FCC:t46, leader=null, voted=92ce6e48-4722-407a-9620-5998c6999257, raftlog=92ce6e48-4722-407a-9620-5998c6999257@group-E964BE911FCC-SegmentedRaftLog:OPENED:c-1,f-1,i0, conf=-1: [6cbfae60-ea29-4abc-a49d-ef94f4bd513a:192.168.69.85:36685, 66f9d00c-1e97-4252-958c-bed5a531abda:192.168.69.85:45996, 92ce6e48-4722-407a-9620-5998c6999257:192.168.69.85:34971], old=null
2019-10-18 14:01:29,013 [92ce6e48-4722-407a-9620-5998c6999257@group-E964BE911FCC-LeaderElection46] INFO  impl.RaftServerImpl (RaftServerImpl.java:setRole(184)) - 92ce6e48-4722-407a-9620-5998c6999257@group-E964BE911FCC: changes role from CANDIDATE to FOLLOWER at term 46 for DISCOVERED_A_NEW_TERM
2019-10-18 14:01:29,013 [92ce6e48-4722-407a-9620-5998c6999257@group-E964BE911FCC-LeaderElection46] INFO  impl.RoleInfo (RoleInfo.java:shutdownLeaderElection(134)) - 92ce6e48-4722-407a-9620-5998c6999257: shutdown LeaderElection
2019-10-18 14:01:29,013 [92ce6e48-4722-407a-9620-5998c6999257@group-E964BE911FCC-LeaderElection46] INFO  impl.RoleInfo (RoleInfo.java:updateAndGet(143)) - 92ce6e48-4722-407a-9620-5998c6999257: start FollowerState
2019-10-18 14:01:29,213 [Thread-522] INFO  impl.FollowerState (FollowerState.java:run(108)) - 92ce6e48-4722-407a-9620-5998c6999257@group-E964BE911FCC-FollowerState: change to CANDIDATE, lastRpcTime:199ms, electionTimeout:199ms
2019-10-18 14:01:29,214 [Thread-522] INFO  impl.RoleInfo (RoleInfo.java:shutdownFollowerState(121)) - 92ce6e48-4722-407a-9620-5998c6999257: shutdown FollowerState
2019-10-18 14:01:29,214 [Thread-522] INFO  impl.RaftServerImpl (RaftServerImpl.java:setRole(184)) - 92ce6e48-4722-407a-9620-5998c6999257@group-E964BE911FCC: changes role from  FOLLOWER to CANDIDATE at term 46 for changeToCandidate
2019-10-18 14:01:29,214 [Thread-522] INFO  impl.RoleInfo (RoleInfo.java:updateAndGet(143)) - 92ce6e48-4722-407a-9620-5998c6999257: start LeaderElection
2019-10-18 14:01:29,224 [92ce6e48-4722-407a-9620-5998c6999257@group-E964BE911FCC-LeaderElection47] INFO  impl.LeaderElection (LeaderElection.java:askForVotes(178)) - 92ce6e48-4722-407a-9620-5998c6999257@group-E964BE911FCC-LeaderElection47: begin an election at term 47 for -1: [6cbfae60-ea29-4abc-a49d-ef94f4bd513a:192.168.69.85:36685, 66f9d00c-1e97-4252-958c-bed5a531abda:192.168.69.85:45996, 92ce6e48-4722-407a-9620-5998c6999257:192.168.69.85:34971], old=null
2019-10-18 14:01:29,227 [grpc-default-executor-0] INFO  impl.RaftServerImpl (RaftServerImpl.java:setRole(184)) - 6cbfae60-ea29-4abc-a49d-ef94f4bd513a@group-E964BE911FCC: changes role from  FOLLOWER to FOLLOWER at term 47 for recognizeCandidate:92ce6e48-4722-407a-9620-5998c6999257
2019-10-18 14:01:29,227 [grpc-default-executor-0] INFO  impl.RoleInfo (RoleInfo.java:shutdownFollowerState(121)) - 6cbfae60-ea29-4abc-a49d-ef94f4bd513a: shutdown FollowerState
2019-10-18 14:01:29,227 [grpc-default-executor-4] INFO  impl.RaftServerImpl (RaftServerImpl.java:setRole(184)) - 66f9d00c-1e97-4252-958c-bed5a531abda@group-E964BE911FCC: changes role from  FOLLOWER to FOLLOWER at term 47 for recognizeCandidate:92ce6e48-4722-407a-9620-5998c6999257
2019-10-18 14:01:29,227 [grpc-default-executor-0] INFO  impl.RoleInfo (RoleInfo.java:updateAndGet(143)) - 6cbfae60-ea29-4abc-a49d-ef94f4bd513a: start FollowerState
2019-10-18 14:01:29,227 [Thread-521] INFO  impl.FollowerState (FollowerState.java:run(117)) - 6cbfae60-ea29-4abc-a49d-ef94f4bd513a@group-E964BE911FCC-FollowerState was interrupted: java.lang.InterruptedException: sleep interrupted
2019-10-18 14:01:29,227 [grpc-default-executor-4] INFO  impl.RoleInfo (RoleInfo.java:shutdownFollowerState(121)) - 66f9d00c-1e97-4252-958c-bed5a531abda: shutdown FollowerState
2019-10-18 14:01:29,228 [grpc-default-executor-4] INFO  impl.RoleInfo (RoleInfo.java:updateAndGet(143)) - 66f9d00c-1e97-4252-958c-bed5a531abda: start FollowerState
2019-10-18 14:01:29,228 [Thread-520] INFO  impl.FollowerState (FollowerState.java:run(117)) - 66f9d00c-1e97-4252-958c-bed5a531abda@group-E964BE911FCC-FollowerState was interrupted: java.lang.InterruptedException: sleep interrupted
2019-10-18 14:01:29,242 [92ce6e48-4722-407a-9620-5998c6999257@group-E964BE911FCC-LeaderElection47] INFO  impl.LeaderElection (LeaderElection.java:logAndReturn(56)) - 92ce6e48-4722-407a-9620-5998c6999257@group-E964BE911FCC-LeaderElection47: Election REJECTED; received 2 response(s) [92ce6e48-4722-407a-9620-5998c6999257<-6cbfae60-ea29-4abc-a49d-ef94f4bd513a#0:FAIL-t47, 92ce6e48-4722-407a-9620-5998c6999257<-66f9d00c-1e97-4252-958c-bed5a531abda#0:FAIL-t47] and 0 exception(s); 92ce6e48-4722-407a-9620-5998c6999257@group-E964BE911FCC:t47, leader=null, voted=92ce6e48-4722-407a-9620-5998c6999257, raftlog=92ce6e48-4722-407a-9620-5998c6999257@group-E964BE911FCC-SegmentedRaftLog:OPENED:c-1,f-1,i0, conf=-1: [6cbfae60-ea29-4abc-a49d-ef94f4bd513a:192.168.69.85:36685, 66f9d00c-1e97-4252-958c-bed5a531abda:192.168.69.85:45996, 92ce6e48-4722-407a-9620-5998c6999257:192.168.69.85:34971], old=null
2019-10-18 14:01:29,242 [92ce6e48-4722-407a-9620-5998c6999257@group-E964BE911FCC-LeaderElection47] INFO  impl.RaftServerImpl (RaftServerImpl.java:setRole(184)) - 92ce6e48-4722-407a-9620-5998c6999257@group-E964BE911FCC: changes role from CANDIDATE to FOLLOWER at term 47 for DISCOVERED_A_NEW_TERM
2019-10-18 14:01:29,242 [92ce6e48-4722-407a-9620-5998c6999257@group-E964BE911FCC-LeaderElection47] INFO  impl.RoleInfo (RoleInfo.java:shutdownLeaderElection(134)) - 92ce6e48-4722-407a-9620-5998c6999257: shutdown LeaderElection
2019-10-18 14:01:29,242 [92ce6e48-4722-407a-9620-5998c6999257@group-E964BE911FCC-LeaderElection47] INFO  impl.RoleInfo (RoleInfo.java:updateAndGet(143)) - 92ce6e48-4722-407a-9620-5998c6999257: start FollowerState
2019-10-18 14:01:29,346 [Thread-528] INFO  impl.FollowerState (FollowerState.java:run(108)) - 92ce6e48-4722-407a-9620-5998c6999257@group-E964BE911FCC-FollowerState: change to CANDIDATE, lastRpcTime:103ms, electionTimeout:103ms
2019-10-18 14:01:29,346 [Thread-528] INFO  impl.RoleInfo (RoleInfo.java:shutdownFollowerState(121)) - 92ce6e48-4722-407a-9620-5998c6999257: shutdown FollowerState
2019-10-18 14:01:29,346 [Thread-528] INFO  impl.RaftServerImpl (RaftServerImpl.java:setRole(184)) - 92ce6e48-4722-407a-9620-5998c6999257@group-E964BE911FCC: changes role from  FOLLOWER to CANDIDATE at term 47 for changeToCandidate
2019-10-18 14:01:29,346 [Thread-528] INFO  impl.RoleInfo (RoleInfo.java:updateAndGet(143)) - 92ce6e48-4722-407a-9620-5998c6999257: start LeaderElection
2019-10-18 14:01:29,372 [92ce6e48-4722-407a-9620-5998c6999257@group-E964BE911FCC-LeaderElection48] INFO  impl.LeaderElection (LeaderElection.java:askForVotes(178)) - 92ce6e48-4722-407a-9620-5998c6999257@group-E964BE911FCC-LeaderElection48: begin an election at term 48 for -1: [6cbfae60-ea29-4abc-a49d-ef94f4bd513a:192.168.69.85:36685, 66f9d00c-1e97-4252-958c-bed5a531abda:192.168.69.85:45996, 92ce6e48-4722-407a-9620-5998c6999257:192.168.69.85:34971], old=null
2019-10-18 14:01:29,375 [grpc-default-executor-0] INFO  impl.RaftServerImpl (RaftServerImpl.java:setRole(184)) - 66f9d00c-1e97-4252-958c-bed5a531abda@group-E964BE911FCC: changes role from  FOLLOWER to FOLLOWER at term 48 for recognizeCandidate:92ce6e48-4722-407a-9620-5998c6999257
2019-10-18 14:01:29,375 [grpc-default-executor-4] INFO  impl.RaftServerImpl (RaftServerImpl.java:setRole(184)) - 6cbfae60-ea29-4abc-a49d-ef94f4bd513a@group-E964BE911FCC: changes role from  FOLLOWER to FOLLOWER at term 48 for recognizeCandidate:92ce6e48-4722-407a-9620-5998c6999257
2019-10-18 14:01:29,376 [grpc-default-executor-0] INFO  impl.RoleInfo (RoleInfo.java:shutdownFollowerState(121)) - 66f9d00c-1e97-4252-958c-bed5a531abda: shutdown FollowerState
2019-10-18 14:01:29,376 [grpc-default-executor-4] INFO  impl.RoleInfo (RoleInfo.java:shutdownFollowerState(121)) - 6cbfae60-ea29-4abc-a49d-ef94f4bd513a: shutdown FollowerState
2019-10-18 14:01:29,376 [Thread-527] INFO  impl.FollowerState (FollowerState.java:run(117)) - 66f9d00c-1e97-4252-958c-bed5a531abda@group-E964BE911FCC-FollowerState was interrupted: java.lang.InterruptedException: sleep interrupted
2019-10-18 14:01:29,376 [Thread-526] INFO  impl.FollowerState (FollowerState.java:run(117)) - 6cbfae60-ea29-4abc-a49d-ef94f4bd513a@group-E964BE911FCC-FollowerState was interrupted: java.lang.InterruptedException: sleep interrupted
2019-10-18 14:01:29,376 [grpc-default-executor-0] INFO  impl.RoleInfo (RoleInfo.java:updateAndGet(143)) - 66f9d00c-1e97-4252-958c-bed5a531abda: start FollowerState
2019-10-18 14:01:29,376 [grpc-default-executor-4] INFO  impl.RoleInfo (RoleInfo.java:updateAndGet(143)) - 6cbfae60-ea29-4abc-a49d-ef94f4bd513a: start FollowerState
2019-10-18 14:01:29,393 [92ce6e48-4722-407a-9620-5998c6999257@group-E964BE911FCC-LeaderElection48] INFO  impl.LeaderElection (LeaderElection.java:logAndReturn(56)) - 92ce6e48-4722-407a-9620-5998c6999257@group-E964BE911FCC-LeaderElection48: Election REJECTED; received 2 response(s) [92ce6e48-4722-407a-9620-5998c6999257<-6cbfae60-ea29-4abc-a49d-ef94f4bd513a#0:FAIL-t48, 92ce6e48-4722-407a-9620-5998c6999257<-66f9d00c-1e97-4252-958c-bed5a531abda#0:FAIL-t48] and 0 exception(s); 92ce6e48-4722-407a-9620-5998c6999257@group-E964BE911FCC:t48, leader=null, voted=92ce6e48-4722-407a-9620-5998c6999257, raftlog=92ce6e48-4722-407a-9620-5998c6999257@group-E964BE911FCC-SegmentedRaftLog:OPENED:c-1,f-1,i0, conf=-1: [6cbfae60-ea29-4abc-a49d-ef94f4bd513a:192.168.69.85:36685, 66f9d00c-1e97-4252-958c-bed5a531abda:192.168.69.85:45996, 92ce6e48-4722-407a-9620-5998c6999257:192.168.69.85:34971], old=null
2019-10-18 14:01:29,393 [92ce6e48-4722-407a-9620-5998c6999257@group-E964BE911FCC-LeaderElection48] INFO  impl.RaftServerImpl (RaftServerImpl.java:setRole(184)) - 92ce6e48-4722-407a-9620-5998c6999257@group-E964BE911FCC: changes role from CANDIDATE to FOLLOWER at term 48 for DISCOVERED_A_NEW_TERM
2019-10-18 14:01:29,393 [92ce6e48-4722-407a-9620-5998c6999257@group-E964BE911FCC-LeaderElection48] INFO  impl.RoleInfo (RoleInfo.java:shutdownLeaderElection(134)) - 92ce6e48-4722-407a-9620-5998c6999257: shutdown LeaderElection
2019-10-18 14:01:29,393 [92ce6e48-4722-407a-9620-5998c6999257@group-E964BE911FCC-LeaderElection48] INFO  impl.RoleInfo (RoleInfo.java:updateAndGet(143)) - 92ce6e48-4722-407a-9620-5998c6999257: start FollowerState
2019-10-18 14:01:29,454 [Thread-534] INFO  impl.FollowerState (FollowerState.java:run(108)) - 92ce6e48-4722-407a-9620-5998c6999257@group-E964BE911FCC-FollowerState: change to CANDIDATE, lastRpcTime:60ms, electionTimeout:60ms
2019-10-18 14:01:29,454 [Thread-534] INFO  impl.RoleInfo (RoleInfo.java:shutdownFollowerState(121)) - 92ce6e48-4722-407a-9620-5998c6999257: shutdown FollowerState
2019-10-18 14:01:29,454 [Thread-534] INFO  impl.RaftServerImpl (RaftServerImpl.java:setRole(184)) - 92ce6e48-4722-407a-9620-5998c6999257@group-E964BE911FCC: changes role from  FOLLOWER to CANDIDATE at term 48 for changeToCandidate
2019-10-18 14:01:29,455 [Thread-534] INFO  impl.RoleInfo (RoleInfo.java:updateAndGet(143)) - 92ce6e48-4722-407a-9620-5998c6999257: start LeaderElection
2019-10-18 14:01:29,480 [92ce6e48-4722-407a-9620-5998c6999257@group-E964BE911FCC-LeaderElection49] INFO  impl.LeaderElection (LeaderElection.java:askForVotes(178)) - 92ce6e48-4722-407a-9620-5998c6999257@group-E964BE911FCC-LeaderElection49: begin an election at term 49 for -1: [6cbfae60-ea29-4abc-a49d-ef94f4bd513a:192.168.69.85:36685, 66f9d00c-1e97-4252-958c-bed5a531abda:192.168.69.85:45996, 92ce6e48-4722-407a-9620-5998c6999257:192.168.69.85:34971], old=null
2019-10-18 14:01:29,483 [grpc-default-executor-0] INFO  impl.RaftServerImpl (RaftServerImpl.java:setRole(184)) - 6cbfae60-ea29-4abc-a49d-ef94f4bd513a@group-E964BE911FCC: changes role from  FOLLOWER to FOLLOWER at term 49 for recognizeCandidate:92ce6e48-4722-407a-9620-5998c6999257
2019-10-18 14:01:29,483 [grpc-default-executor-4] INFO  impl.RaftServerImpl (RaftServerImpl.java:setRole(184)) - 66f9d00c-1e97-4252-958c-bed5a531abda@group-E964BE911FCC: changes role from  FOLLOWER to FOLLOWER at term 49 for recognizeCandidate:92ce6e48-4722-407a-9620-5998c6999257
2019-10-18 14:01:29,483 [grpc-default-executor-0] INFO  impl.RoleInfo (RoleInfo.java:shutdownFollowerState(121)) - 6cbfae60-ea29-4abc-a49d-ef94f4bd513a: shutdown FollowerState
2019-10-18 14:01:29,483 [grpc-default-executor-4] INFO  impl.RoleInfo (RoleInfo.java:shutdownFollowerState(121)) - 66f9d00c-1e97-4252-958c-bed5a531abda: shutdown FollowerState
2019-10-18 14:01:29,483 [Thread-533] INFO  impl.FollowerState (FollowerState.java:run(117)) - 6cbfae60-ea29-4abc-a49d-ef94f4bd513a@group-E964BE911FCC-FollowerState was interrupted: java.lang.InterruptedException: sleep interrupted
2019-10-18 14:01:29,483 [grpc-default-executor-0] INFO  impl.RoleInfo (RoleInfo.java:updateAndGet(143)) - 6cbfae60-ea29-4abc-a49d-ef94f4bd513a: start FollowerState
2019-10-18 14:01:29,484 [grpc-default-executor-4] INFO  impl.RoleInfo (RoleInfo.java:updateAndGet(143)) - 66f9d00c-1e97-4252-958c-bed5a531abda: start FollowerState
2019-10-18 14:01:29,484 [Thread-532] INFO  impl.FollowerState (FollowerState.java:run(117)) - 66f9d00c-1e97-4252-958c-bed5a531abda@group-E964BE911FCC-FollowerState was interrupted: java.lang.InterruptedException: sleep interrupted
2019-10-18 14:01:29,502 [92ce6e48-4722-407a-9620-5998c6999257@group-E964BE911FCC-LeaderElection49] INFO  impl.LeaderElection (LeaderElection.java:logAndReturn(56)) - 92ce6e48-4722-407a-9620-5998c6999257@group-E964BE911FCC-LeaderElection49: Election REJECTED; received 2 response(s) [92ce6e48-4722-407a-9620-5998c6999257<-6cbfae60-ea29-4abc-a49d-ef94f4bd513a#0:FAIL-t49, 92ce6e48-4722-407a-9620-5998c6999257<-66f9d00c-1e97-4252-958c-bed5a531abda#0:FAIL-t49] and 0 exception(s); 92ce6e48-4722-407a-9620-5998c6999257@group-E964BE911FCC:t49, leader=null, voted=92ce6e48-4722-407a-9620-5998c6999257, raftlog=92ce6e48-4722-407a-9620-5998c6999257@group-E964BE911FCC-SegmentedRaftLog:OPENED:c-1,f-1,i0, conf=-1: [6cbfae60-ea29-4abc-a49d-ef94f4bd513a:192.168.69.85:36685, 66f9d00c-1e97-4252-958c-bed5a531abda:192.168.69.85:45996, 92ce6e48-4722-407a-9620-5998c6999257:192.168.69.85:34971], old=null
2019-10-18 14:01:29,502 [92ce6e48-4722-407a-9620-5998c6999257@group-E964BE911FCC-LeaderElection49] INFO  impl.RaftServerImpl (RaftServerImpl.java:setRole(184)) - 92ce6e48-4722-407a-9620-5998c6999257@group-E964BE911FCC: changes role from CANDIDATE to FOLLOWER at term 49 for DISCOVERED_A_NEW_TERM
2019-10-18 14:01:29,502 [92ce6e48-4722-407a-9620-5998c6999257@group-E964BE911FCC-LeaderElection49] INFO  impl.RoleInfo (RoleInfo.java:shutdownLeaderElection(134)) - 92ce6e48-4722-407a-9620-5998c6999257: shutdown LeaderElection
2019-10-18 14:01:29,502 [92ce6e48-4722-407a-9620-5998c6999257@group-E964BE911FCC-LeaderElection49] INFO  impl.RoleInfo (RoleInfo.java:updateAndGet(143)) - 92ce6e48-4722-407a-9620-5998c6999257: start FollowerState
2019-10-18 14:01:29,649 [Thread-540] INFO  impl.FollowerState (FollowerState.java:run(108)) - 92ce6e48-4722-407a-9620-5998c6999257@group-E964BE911FCC-FollowerState: change to CANDIDATE, lastRpcTime:146ms, electionTimeout:146ms
2019-10-18 14:01:29,649 [Thread-540] INFO  impl.RoleInfo (RoleInfo.java:shutdownFollowerState(121)) - 92ce6e48-4722-407a-9620-5998c6999257: shutdown FollowerState
2019-10-18 14:01:29,649 [Thread-540] INFO  impl.RaftServerImpl (RaftServerImpl.java:setRole(184)) - 92ce6e48-4722-407a-9620-5998c6999257@group-E964BE911FCC: changes role from  FOLLOWER to CANDIDATE at term 49 for changeToCandidate
2019-10-18 14:01:29,649 [Thread-540] INFO  impl.RoleInfo (RoleInfo.java:updateAndGet(143)) - 92ce6e48-4722-407a-9620-5998c6999257: start LeaderElection
2019-10-18 14:01:29,684 [92ce6e48-4722-407a-9620-5998c6999257@group-E964BE911FCC-LeaderElection50] INFO  impl.LeaderElection (LeaderElection.java:askForVotes(178)) - 92ce6e48-4722-407a-9620-5998c6999257@group-E964BE911FCC-LeaderElection50: begin an election at term 50 for -1: [6cbfae60-ea29-4abc-a49d-ef94f4bd513a:192.168.69.85:36685, 66f9d00c-1e97-4252-958c-bed5a531abda:192.168.69.85:45996, 92ce6e48-4722-407a-9620-5998c6999257:192.168.69.85:34971], old=null
2019-10-18 14:01:29,689 [grpc-default-executor-0] INFO  impl.RaftServerImpl (RaftServerImpl.java:setRole(184)) - 6cbfae60-ea29-4abc-a49d-ef94f4bd513a@group-E964BE911FCC: changes role from  FOLLOWER to FOLLOWER at term 50 for recognizeCandidate:92ce6e48-4722-407a-9620-5998c6999257
2019-10-18 14:01:29,689 [grpc-default-executor-4] INFO  impl.RaftServerImpl (RaftServerImpl.java:setRole(184)) - 66f9d00c-1e97-4252-958c-bed5a531abda@group-E964BE911FCC: changes role from  FOLLOWER to FOLLOWER at term 50 for recognizeCandidate:92ce6e48-4722-407a-9620-5998c6999257
2019-10-18 14:01:29,689 [grpc-default-executor-0] INFO  impl.RoleInfo (RoleInfo.java:shutdownFollowerState(121)) - 6cbfae60-ea29-4abc-a49d-ef94f4bd513a: shutdown FollowerState
2019-10-18 14:01:29,689 [grpc-default-executor-4] INFO  impl.RoleInfo (RoleInfo.java:shutdownFollowerState(121)) - 66f9d00c-1e97-4252-958c-bed5a531abda: shutdown FollowerState
2019-10-18 14:01:29,689 [Thread-538] INFO  impl.FollowerState (FollowerState.java:run(117)) - 6cbfae60-ea29-4abc-a49d-ef94f4bd513a@group-E964BE911FCC-FollowerState was interrupted: java.lang.InterruptedException: sleep interrupted
2019-10-18 14:01:29,689 [grpc-default-executor-0] INFO  impl.RoleInfo (RoleInfo.java:updateAndGet(143)) - 6cbfae60-ea29-4abc-a49d-ef94f4bd513a: start FollowerState
2019-10-18 14:01:29,690 [Thread-539] INFO  impl.FollowerState (FollowerState.java:run(117)) - 66f9d00c-1e97-4252-958c-bed5a531abda@group-E964BE911FCC-FollowerState was interrupted: java.lang.InterruptedException: sleep interrupted
2019-10-18 14:01:29,690 [grpc-default-executor-4] INFO  impl.RoleInfo (RoleInfo.java:updateAndGet(143)) - 66f9d00c-1e97-4252-958c-bed5a531abda: start FollowerState
2019-10-18 14:01:29,719 [92ce6e48-4722-407a-9620-5998c6999257@group-E964BE911FCC-LeaderElection50] INFO  impl.LeaderElection (LeaderElection.java:logAndReturn(56)) - 92ce6e48-4722-407a-9620-5998c6999257@group-E964BE911FCC-LeaderElection50: Election REJECTED; received 2 response(s) [92ce6e48-4722-407a-9620-5998c6999257<-6cbfae60-ea29-4abc-a49d-ef94f4bd513a#0:FAIL-t50, 92ce6e48-4722-407a-9620-5998c6999257<-66f9d00c-1e97-4252-958c-bed5a531abda#0:FAIL-t50] and 0 exception(s); 92ce6e48-4722-407a-9620-5998c6999257@group-E964BE911FCC:t50, leader=null, voted=92ce6e48-4722-407a-9620-5998c6999257, raftlog=92ce6e48-4722-407a-9620-5998c6999257@group-E964BE911FCC-SegmentedRaftLog:OPENED:c-1,f-1,i0, conf=-1: [6cbfae60-ea29-4abc-a49d-ef94f4bd513a:192.168.69.85:36685, 66f9d00c-1e97-4252-958c-bed5a531abda:192.168.69.85:45996, 92ce6e48-4722-407a-9620-5998c6999257:192.168.69.85:34971], old=null
2019-10-18 14:01:29,720 [92ce6e48-4722-407a-9620-5998c6999257@group-E964BE911FCC-LeaderElection50] INFO  impl.RaftServerImpl (RaftServerImpl.java:setRole(184)) - 92ce6e48-4722-407a-9620-5998c6999257@group-E964BE911FCC: changes role from CANDIDATE to FOLLOWER at term 50 for DISCOVERED_A_NEW_TERM
2019-10-18 14:01:29,720 [92ce6e48-4722-407a-9620-5998c6999257@group-E964BE911FCC-LeaderElection50] INFO  impl.RoleInfo (RoleInfo.java:shutdownLeaderElection(134)) - 92ce6e48-4722-407a-9620-5998c6999257: shutdown LeaderElection
2019-10-18 14:01:29,720 [92ce6e48-4722-407a-9620-5998c6999257@group-E964BE911FCC-LeaderElection50] INFO  impl.RoleInfo (RoleInfo.java:updateAndGet(143)) - 92ce6e48-4722-407a-9620-5998c6999257: start FollowerState
2019-10-18 14:01:29,883 [Thread-546] INFO  impl.FollowerState (FollowerState.java:run(108)) - 92ce6e48-4722-407a-9620-5998c6999257@group-E964BE911FCC-FollowerState: change to CANDIDATE, lastRpcTime:163ms, electionTimeout:162ms
2019-10-18 14:01:29,884 [Thread-546] INFO  impl.RoleInfo (RoleInfo.java:shutdownFollowerState(121)) - 92ce6e48-4722-407a-9620-5998c6999257: shutdown FollowerState
2019-10-18 14:01:29,884 [Thread-546] INFO  impl.RaftServerImpl (RaftServerImpl.java:setRole(184)) - 92ce6e48-4722-407a-9620-5998c6999257@group-E964BE911FCC: changes role from  FOLLOWER to CANDIDATE at term 50 for changeToCandidate
2019-10-18 14:01:29,884 [Thread-546] INFO  impl.RoleInfo (RoleInfo.java:updateAndGet(143)) - 92ce6e48-4722-407a-9620-5998c6999257: start LeaderElection
2019-10-18 14:01:29,904 [92ce6e48-4722-407a-9620-5998c6999257@group-E964BE911FCC-LeaderElection51] INFO  impl.LeaderElection (LeaderElection.java:askForVotes(178)) - 92ce6e48-4722-407a-9620-5998c6999257@group-E964BE911FCC-LeaderElection51: begin an election at term 51 for -1: [6cbfae60-ea29-4abc-a49d-ef94f4bd513a:192.168.69.85:36685, 66f9d00c-1e97-4252-958c-bed5a531abda:192.168.69.85:45996, 92ce6e48-4722-407a-9620-5998c6999257:192.168.69.85:34971], old=null
2019-10-18 14:01:29,907 [grpc-default-executor-0] INFO  impl.RaftServerImpl (RaftServerImpl.java:setRole(184)) - 6cbfae60-ea29-4abc-a49d-ef94f4bd513a@group-E964BE911FCC: changes role from  FOLLOWER to FOLLOWER at term 51 for recognizeCandidate:92ce6e48-4722-407a-9620-5998c6999257
2019-10-18 14:01:29,907 [grpc-default-executor-0] INFO  impl.RoleInfo (RoleInfo.java:shutdownFollowerState(121)) - 6cbfae60-ea29-4abc-a49d-ef94f4bd513a: shutdown FollowerState
2019-10-18 14:01:29,907 [grpc-default-executor-0] INFO  impl.RoleInfo (RoleInfo.java:updateAndGet(143)) - 6cbfae60-ea29-4abc-a49d-ef94f4bd513a: start FollowerState
2019-10-18 14:01:29,907 [Thread-544] INFO  impl.FollowerState (FollowerState.java:run(117)) - 6cbfae60-ea29-4abc-a49d-ef94f4bd513a@group-E964BE911FCC-FollowerState was interrupted: java.lang.InterruptedException: sleep interrupted
2019-10-18 14:01:29,907 [grpc-default-executor-4] INFO  impl.RaftServerImpl (RaftServerImpl.java:setRole(184)) - 66f9d00c-1e97-4252-958c-bed5a531abda@group-E964BE911FCC: changes role from  FOLLOWER to FOLLOWER at term 51 for recognizeCandidate:92ce6e48-4722-407a-9620-5998c6999257
2019-10-18 14:01:29,908 [grpc-default-executor-4] INFO  impl.RoleInfo (RoleInfo.java:shutdownFollowerState(121)) - 66f9d00c-1e97-4252-958c-bed5a531abda: shutdown FollowerState
2019-10-18 14:01:29,908 [grpc-default-executor-4] INFO  impl.RoleInfo (RoleInfo.java:updateAndGet(143)) - 66f9d00c-1e97-4252-958c-bed5a531abda: start FollowerState
2019-10-18 14:01:29,908 [Thread-545] INFO  impl.FollowerState (FollowerState.java:run(117)) - 66f9d00c-1e97-4252-958c-bed5a531abda@group-E964BE911FCC-FollowerState was interrupted: java.lang.InterruptedException: sleep interrupted
2019-10-18 14:01:29,923 [92ce6e48-4722-407a-9620-5998c6999257@group-E964BE911FCC-LeaderElection51] INFO  impl.LeaderElection (LeaderElection.java:logAndReturn(56)) - 92ce6e48-4722-407a-9620-5998c6999257@group-E964BE911FCC-LeaderElection51: Election REJECTED; received 2 response(s) [92ce6e48-4722-407a-9620-5998c6999257<-6cbfae60-ea29-4abc-a49d-ef94f4bd513a#0:FAIL-t51, 92ce6e48-4722-407a-9620-5998c6999257<-66f9d00c-1e97-4252-958c-bed5a531abda#0:FAIL-t51] and 0 exception(s); 92ce6e48-4722-407a-9620-5998c6999257@group-E964BE911FCC:t51, leader=null, voted=92ce6e48-4722-407a-9620-5998c6999257, raftlog=92ce6e48-4722-407a-9620-5998c6999257@group-E964BE911FCC-SegmentedRaftLog:OPENED:c-1,f-1,i0, conf=-1: [6cbfae60-ea29-4abc-a49d-ef94f4bd513a:192.168.69.85:36685, 66f9d00c-1e97-4252-958c-bed5a531abda:192.168.69.85:45996, 92ce6e48-4722-407a-9620-5998c6999257:192.168.69.85:34971], old=null
2019-10-18 14:01:29,923 [92ce6e48-4722-407a-9620-5998c6999257@group-E964BE911FCC-LeaderElection51] INFO  impl.RaftServerImpl (RaftServerImpl.java:setRole(184)) - 92ce6e48-4722-407a-9620-5998c6999257@group-E964BE911FCC: changes role from CANDIDATE to FOLLOWER at term 51 for DISCOVERED_A_NEW_TERM
2019-10-18 14:01:29,923 [92ce6e48-4722-407a-9620-5998c6999257@group-E964BE911FCC-LeaderElection51] INFO  impl.RoleInfo (RoleInfo.java:shutdownLeaderElection(134)) - 92ce6e48-4722-407a-9620-5998c6999257: shutdown LeaderElection
2019-10-18 14:01:29,924 [92ce6e48-4722-407a-9620-5998c6999257@group-E964BE911FCC-LeaderElection51] INFO  impl.RoleInfo (RoleInfo.java:updateAndGet(143)) - 92ce6e48-4722-407a-9620-5998c6999257: start FollowerState
2019-10-18 14:01:30,056 [Thread-554] INFO  impl.FollowerState (FollowerState.java:run(108)) - 92ce6e48-4722-407a-9620-5998c6999257@group-E964BE911FCC-FollowerState: change to CANDIDATE, lastRpcTime:132ms, electionTimeout:132ms
2019-10-18 14:01:30,056 [Thread-554] INFO  impl.RoleInfo (RoleInfo.java:shutdownFollowerState(121)) - 92ce6e48-4722-407a-9620-5998c6999257: shutdown FollowerState
2019-10-18 14:01:30,056 [Thread-554] INFO  impl.RaftServerImpl (RaftServerImpl.java:setRole(184)) - 92ce6e48-4722-407a-9620-5998c6999257@group-E964BE911FCC: changes role from  FOLLOWER to CANDIDATE at term 51 for changeToCandidate
2019-10-18 14:01:30,057 [Thread-554] INFO  impl.RoleInfo (RoleInfo.java:updateAndGet(143)) - 92ce6e48-4722-407a-9620-5998c6999257: start LeaderElection
2019-10-18 14:01:30,072 [92ce6e48-4722-407a-9620-5998c6999257@group-E964BE911FCC-LeaderElection52] INFO  impl.LeaderElection (LeaderElection.java:askForVotes(178)) - 92ce6e48-4722-407a-9620-5998c6999257@group-E964BE911FCC-LeaderElection52: begin an election at term 52 for -1: [6cbfae60-ea29-4abc-a49d-ef94f4bd513a:192.168.69.85:36685, 66f9d00c-1e97-4252-958c-bed5a531abda:192.168.69.85:45996, 92ce6e48-4722-407a-9620-5998c6999257:192.168.69.85:34971], old=null
2019-10-18 14:01:30,078 [grpc-default-executor-0] INFO  impl.RaftServerImpl (RaftServerImpl.java:setRole(184)) - 66f9d00c-1e97-4252-958c-bed5a531abda@group-E964BE911FCC: changes role from  FOLLOWER to FOLLOWER at term 52 for recognizeCandidate:92ce6e48-4722-407a-9620-5998c6999257
2019-10-18 14:01:30,078 [grpc-default-executor-0] INFO  impl.RoleInfo (RoleInfo.java:shutdownFollowerState(121)) - 66f9d00c-1e97-4252-958c-bed5a531abda: shutdown FollowerState
2019-10-18 14:01:30,078 [grpc-default-executor-0] INFO  impl.RoleInfo (RoleInfo.java:updateAndGet(143)) - 66f9d00c-1e97-4252-958c-bed5a531abda: start FollowerState
2019-10-18 14:01:30,078 [Thread-553] INFO  impl.FollowerState (FollowerState.java:run(117)) - 66f9d00c-1e97-4252-958c-bed5a531abda@group-E964BE911FCC-FollowerState was interrupted: java.lang.InterruptedException: sleep interrupted
2019-10-18 14:01:30,079 [grpc-default-executor-4] INFO  impl.RaftServerImpl (RaftServerImpl.java:setRole(184)) - 6cbfae60-ea29-4abc-a49d-ef94f4bd513a@group-E964BE911FCC: changes role from  FOLLOWER to FOLLOWER at term 52 for recognizeCandidate:92ce6e48-4722-407a-9620-5998c6999257
2019-10-18 14:01:30,079 [grpc-default-executor-4] INFO  impl.RoleInfo (RoleInfo.java:shutdownFollowerState(121)) - 6cbfae60-ea29-4abc-a49d-ef94f4bd513a: shutdown FollowerState
2019-10-18 14:01:30,081 [grpc-default-executor-4] INFO  impl.RoleInfo (RoleInfo.java:updateAndGet(143)) - 6cbfae60-ea29-4abc-a49d-ef94f4bd513a: start FollowerState
2019-10-18 14:01:30,081 [Thread-552] INFO  impl.FollowerState (FollowerState.java:run(117)) - 6cbfae60-ea29-4abc-a49d-ef94f4bd513a@group-E964BE911FCC-FollowerState was interrupted: java.lang.InterruptedException: sleep interrupted
2019-10-18 14:01:30,096 [92ce6e48-4722-407a-9620-5998c6999257@group-E964BE911FCC-LeaderElection52] INFO  impl.LeaderElection (LeaderElection.java:logAndReturn(56)) - 92ce6e48-4722-407a-9620-5998c6999257@group-E964BE911FCC-LeaderElection52: Election REJECTED; received 2 response(s) [92ce6e48-4722-407a-9620-5998c6999257<-6cbfae60-ea29-4abc-a49d-ef94f4bd513a#0:FAIL-t52, 92ce6e48-4722-407a-9620-5998c6999257<-66f9d00c-1e97-4252-958c-bed5a531abda#0:FAIL-t52] and 0 exception(s); 92ce6e48-4722-407a-9620-5998c6999257@group-E964BE911FCC:t52, leader=null, voted=92ce6e48-4722-407a-9620-5998c6999257, raftlog=92ce6e48-4722-407a-9620-5998c6999257@group-E964BE911FCC-SegmentedRaftLog:OPENED:c-1,f-1,i0, conf=-1: [6cbfae60-ea29-4abc-a49d-ef94f4bd513a:192.168.69.85:36685, 66f9d00c-1e97-4252-958c-bed5a531abda:192.168.69.85:45996, 92ce6e48-4722-407a-9620-5998c6999257:192.168.69.85:34971], old=null
2019-10-18 14:01:30,096 [92ce6e48-4722-407a-9620-5998c6999257@group-E964BE911FCC-LeaderElection52] INFO  impl.RaftServerImpl (RaftServerImpl.java:setRole(184)) - 92ce6e48-4722-407a-9620-5998c6999257@group-E964BE911FCC: changes role from CANDIDATE to FOLLOWER at term 52 for DISCOVERED_A_NEW_TERM
2019-10-18 14:01:30,096 [92ce6e48-4722-407a-9620-5998c6999257@group-E964BE911FCC-LeaderElection52] INFO  impl.RoleInfo (RoleInfo.java:shutdownLeaderElection(134)) - 92ce6e48-4722-407a-9620-5998c6999257: shutdown LeaderElection
2019-10-18 14:01:30,096 [92ce6e48-4722-407a-9620-5998c6999257@group-E964BE911FCC-LeaderElection52] INFO  impl.RoleInfo (RoleInfo.java:updateAndGet(143)) - 92ce6e48-4722-407a-9620-5998c6999257: start FollowerState
2019-10-18 14:01:30,196 [Thread-560] INFO  impl.FollowerState (FollowerState.java:run(108)) - 92ce6e48-4722-407a-9620-5998c6999257@group-E964BE911FCC-FollowerState: change to CANDIDATE, lastRpcTime:99ms, electionTimeout:99ms
2019-10-18 14:01:30,196 [Thread-560] INFO  impl.RoleInfo (RoleInfo.java:shutdownFollowerState(121)) - 92ce6e48-4722-407a-9620-5998c6999257: shutdown FollowerState
2019-10-18 14:01:30,196 [Thread-560] INFO  impl.RaftServerImpl (RaftServerImpl.java:setRole(184)) - 92ce6e48-4722-407a-9620-5998c6999257@group-E964BE911FCC: changes role from  FOLLOWER to CANDIDATE at term 52 for changeToCandidate
2019-10-18 14:01:30,196 [Thread-560] INFO  impl.RoleInfo (RoleInfo.java:updateAndGet(143)) - 92ce6e48-4722-407a-9620-5998c6999257: start LeaderElection
2019-10-18 14:01:30,210 [92ce6e48-4722-407a-9620-5998c6999257@group-E964BE911FCC-LeaderElection53] INFO  impl.LeaderElection (LeaderElection.java:askForVotes(178)) - 92ce6e48-4722-407a-9620-5998c6999257@group-E964BE911FCC-LeaderElection53: begin an election at term 53 for -1: [6cbfae60-ea29-4abc-a49d-ef94f4bd513a:192.168.69.85:36685, 66f9d00c-1e97-4252-958c-bed5a531abda:192.168.69.85:45996, 92ce6e48-4722-407a-9620-5998c6999257:192.168.69.85:34971], old=null
2019-10-18 14:01:30,213 [grpc-default-executor-0] INFO  impl.RaftServerImpl (RaftServerImpl.java:setRole(184)) - 6cbfae60-ea29-4abc-a49d-ef94f4bd513a@group-E964BE911FCC: changes role from  FOLLOWER to FOLLOWER at term 53 for recognizeCandidate:92ce6e48-4722-407a-9620-5998c6999257
2019-10-18 14:01:30,214 [grpc-default-executor-0] INFO  impl.RoleInfo (RoleInfo.java:shutdownFollowerState(121)) - 6cbfae60-ea29-4abc-a49d-ef94f4bd513a: shutdown FollowerState
2019-10-18 14:01:30,213 [grpc-default-executor-4] INFO  impl.RaftServerImpl (RaftServerImpl.java:setRole(184)) - 66f9d00c-1e97-4252-958c-bed5a531abda@group-E964BE911FCC: changes role from  FOLLOWER to FOLLOWER at term 53 for recognizeCandidate:92ce6e48-4722-407a-9620-5998c6999257
2019-10-18 14:01:30,214 [Thread-559] INFO  impl.FollowerState (FollowerState.java:run(117)) - 6cbfae60-ea29-4abc-a49d-ef94f4bd513a@group-E964BE911FCC-FollowerState was interrupted: java.lang.InterruptedException: sleep interrupted
2019-10-18 14:01:30,214 [grpc-default-executor-0] INFO  impl.RoleInfo (RoleInfo.java:updateAndGet(143)) - 6cbfae60-ea29-4abc-a49d-ef94f4bd513a: start FollowerState
2019-10-18 14:01:30,214 [grpc-default-executor-4] INFO  impl.RoleInfo (RoleInfo.java:shutdownFollowerState(121)) - 66f9d00c-1e97-4252-958c-bed5a531abda: shutdown FollowerState
2019-10-18 14:01:30,214 [grpc-default-executor-4] INFO  impl.RoleInfo (RoleInfo.java:updateAndGet(143)) - 66f9d00c-1e97-4252-958c-bed5a531abda: start FollowerState
2019-10-18 14:01:30,214 [Thread-558] INFO  impl.FollowerState (FollowerState.java:run(117)) - 66f9d00c-1e97-4252-958c-bed5a531abda@group-E964BE911FCC-FollowerState was interrupted: java.lang.InterruptedException: sleep interrupted
2019-10-18 14:01:30,241 [92ce6e48-4722-407a-9620-5998c6999257@group-E964BE911FCC-LeaderElection53] INFO  impl.LeaderElection (LeaderElection.java:logAndReturn(56)) - 92ce6e48-4722-407a-9620-5998c6999257@group-E964BE911FCC-LeaderElection53: Election REJECTED; received 2 response(s) [92ce6e48-4722-407a-9620-5998c6999257<-6cbfae60-ea29-4abc-a49d-ef94f4bd513a#0:FAIL-t53, 92ce6e48-4722-407a-9620-5998c6999257<-66f9d00c-1e97-4252-958c-bed5a531abda#0:FAIL-t53] and 0 exception(s); 92ce6e48-4722-407a-9620-5998c6999257@group-E964BE911FCC:t53, leader=null, voted=92ce6e48-4722-407a-9620-5998c6999257, raftlog=92ce6e48-4722-407a-9620-5998c6999257@group-E964BE911FCC-SegmentedRaftLog:OPENED:c-1,f-1,i0, conf=-1: [6cbfae60-ea29-4abc-a49d-ef94f4bd513a:192.168.69.85:36685, 66f9d00c-1e97-4252-958c-bed5a531abda:192.168.69.85:45996, 92ce6e48-4722-407a-9620-5998c6999257:192.168.69.85:34971], old=null
2019-10-18 14:01:30,241 [92ce6e48-4722-407a-9620-5998c6999257@group-E964BE911FCC-LeaderElection53] INFO  impl.RaftServerImpl (RaftServerImpl.java:setRole(184)) - 92ce6e48-4722-407a-9620-5998c6999257@group-E964BE911FCC: changes role from CANDIDATE to FOLLOWER at term 53 for DISCOVERED_A_NEW_TERM
2019-10-18 14:01:30,241 [92ce6e48-4722-407a-9620-5998c6999257@group-E964BE911FCC-LeaderElection53] INFO  impl.RoleInfo (RoleInfo.java:shutdownLeaderElection(134)) - 92ce6e48-4722-407a-9620-5998c6999257: shutdown LeaderElection
2019-10-18 14:01:30,242 [92ce6e48-4722-407a-9620-5998c6999257@group-E964BE911FCC-LeaderElection53] INFO  impl.RoleInfo (RoleInfo.java:updateAndGet(143)) - 92ce6e48-4722-407a-9620-5998c6999257: start FollowerState
2019-10-18 14:01:30,338 [Thread-566] INFO  impl.FollowerState (FollowerState.java:run(108)) - 92ce6e48-4722-407a-9620-5998c6999257@group-E964BE911FCC-FollowerState: change to CANDIDATE, lastRpcTime:96ms, electionTimeout:96ms
2019-10-18 14:01:30,338 [Thread-566] INFO  impl.RoleInfo (RoleInfo.java:shutdownFollowerState(121)) - 92ce6e48-4722-407a-9620-5998c6999257: shutdown FollowerState
2019-10-18 14:01:30,338 [Thread-566] INFO  impl.RaftServerImpl (RaftServerImpl.java:setRole(184)) - 92ce6e48-4722-407a-9620-5998c6999257@group-E964BE911FCC: changes role from  FOLLOWER to CANDIDATE at term 53 for changeToCandidate
2019-10-18 14:01:30,339 [Thread-566] INFO  impl.RoleInfo (RoleInfo.java:updateAndGet(143)) - 92ce6e48-4722-407a-9620-5998c6999257: start LeaderElection
2019-10-18 14:01:30,353 [92ce6e48-4722-407a-9620-5998c6999257@group-E964BE911FCC-LeaderElection54] INFO  impl.LeaderElection (LeaderElection.java:askForVotes(178)) - 92ce6e48-4722-407a-9620-5998c6999257@group-E964BE911FCC-LeaderElection54: begin an election at term 54 for -1: [6cbfae60-ea29-4abc-a49d-ef94f4bd513a:192.168.69.85:36685, 66f9d00c-1e97-4252-958c-bed5a531abda:192.168.69.85:45996, 92ce6e48-4722-407a-9620-5998c6999257:192.168.69.85:34971], old=null
2019-10-18 14:01:30,359 [grpc-default-executor-0] INFO  impl.RaftServerImpl (RaftServerImpl.java:setRole(184)) - 6cbfae60-ea29-4abc-a49d-ef94f4bd513a@group-E964BE911FCC: changes role from  FOLLOWER to FOLLOWER at term 54 for recognizeCandidate:92ce6e48-4722-407a-9620-5998c6999257
2019-10-18 14:01:30,359 [grpc-default-executor-4] INFO  impl.RaftServerImpl (RaftServerImpl.java:setRole(184)) - 66f9d00c-1e97-4252-958c-bed5a531abda@group-E964BE911FCC: changes role from  FOLLOWER to FOLLOWER at term 54 for recognizeCandidate:92ce6e48-4722-407a-9620-5998c6999257
2019-10-18 14:01:30,359 [grpc-default-executor-0] INFO  impl.RoleInfo (RoleInfo.java:shutdownFollowerState(121)) - 6cbfae60-ea29-4abc-a49d-ef94f4bd513a: shutdown FollowerState
2019-10-18 14:01:30,359 [grpc-default-executor-4] INFO  impl.RoleInfo (RoleInfo.java:shutdownFollowerState(121)) - 66f9d00c-1e97-4252-958c-bed5a531abda: shutdown FollowerState
2019-10-18 14:01:30,359 [Thread-564] INFO  impl.FollowerState (FollowerState.java:run(117)) - 6cbfae60-ea29-4abc-a49d-ef94f4bd513a@group-E964BE911FCC-FollowerState was interrupted: java.lang.InterruptedException: sleep interrupted
2019-10-18 14:01:30,359 [grpc-default-executor-0] INFO  impl.RoleInfo (RoleInfo.java:updateAndGet(143)) - 6cbfae60-ea29-4abc-a49d-ef94f4bd513a: start FollowerState
2019-10-18 14:01:30,360 [Thread-565] INFO  impl.FollowerState (FollowerState.java:run(117)) - 66f9d00c-1e97-4252-958c-bed5a531abda@group-E964BE911FCC-FollowerState was interrupted: java.lang.InterruptedException: sleep interrupted
2019-10-18 14:01:30,360 [grpc-default-executor-4] INFO  impl.RoleInfo (RoleInfo.java:updateAndGet(143)) - 66f9d00c-1e97-4252-958c-bed5a531abda: start FollowerState
2019-10-18 14:01:30,375 [92ce6e48-4722-407a-9620-5998c6999257@group-E964BE911FCC-LeaderElection54] INFO  impl.LeaderElection (LeaderElection.java:logAndReturn(56)) - 92ce6e48-4722-407a-9620-5998c6999257@group-E964BE911FCC-LeaderElection54: Election REJECTED; received 2 response(s) [92ce6e48-4722-407a-9620-5998c6999257<-6cbfae60-ea29-4abc-a49d-ef94f4bd513a#0:FAIL-t54, 92ce6e48-4722-407a-9620-5998c6999257<-66f9d00c-1e97-4252-958c-bed5a531abda#0:FAIL-t54] and 0 exception(s); 92ce6e48-4722-407a-9620-5998c6999257@group-E964BE911FCC:t54, leader=null, voted=92ce6e48-4722-407a-9620-5998c6999257, raftlog=92ce6e48-4722-407a-9620-5998c6999257@group-E964BE911FCC-SegmentedRaftLog:OPENED:c-1,f-1,i0, conf=-1: [6cbfae60-ea29-4abc-a49d-ef94f4bd513a:192.168.69.85:36685, 66f9d00c-1e97-4252-958c-bed5a531abda:192.168.69.85:45996, 92ce6e48-4722-407a-9620-5998c6999257:192.168.69.85:34971], old=null
2019-10-18 14:01:30,375 [92ce6e48-4722-407a-9620-5998c6999257@group-E964BE911FCC-LeaderElection54] INFO  impl.RaftServerImpl (RaftServerImpl.java:setRole(184)) - 92ce6e48-4722-407a-9620-5998c6999257@group-E964BE911FCC: changes role from CANDIDATE to FOLLOWER at term 54 for DISCOVERED_A_NEW_TERM
2019-10-18 14:01:30,376 [92ce6e48-4722-407a-9620-5998c6999257@group-E964BE911FCC-LeaderElection54] INFO  impl.RoleInfo (RoleInfo.java:shutdownLeaderElection(134)) - 92ce6e48-4722-407a-9620-5998c6999257: shutdown LeaderElection
2019-10-18 14:01:30,376 [92ce6e48-4722-407a-9620-5998c6999257@group-E964BE911FCC-LeaderElection54] INFO  impl.RoleInfo (RoleInfo.java:updateAndGet(143)) - 92ce6e48-4722-407a-9620-5998c6999257: start FollowerState
2019-10-18 14:01:30,548 [Thread-572] INFO  impl.FollowerState (FollowerState.java:run(108)) - 92ce6e48-4722-407a-9620-5998c6999257@group-E964BE911FCC-FollowerState: change to CANDIDATE, lastRpcTime:172ms, electionTimeout:172ms
2019-10-18 14:01:30,548 [Thread-572] INFO  impl.RoleInfo (RoleInfo.java:shutdownFollowerState(121)) - 92ce6e48-4722-407a-9620-5998c6999257: shutdown FollowerState
2019-10-18 14:01:30,548 [Thread-572] INFO  impl.RaftServerImpl (RaftServerImpl.java:setRole(184)) - 92ce6e48-4722-407a-9620-5998c6999257@group-E964BE911FCC: changes role from  FOLLOWER to CANDIDATE at term 54 for changeToCandidate
2019-10-18 14:01:30,548 [Thread-572] INFO  impl.RoleInfo (RoleInfo.java:updateAndGet(143)) - 92ce6e48-4722-407a-9620-5998c6999257: start LeaderElection
2019-10-18 14:01:30,574 [92ce6e48-4722-407a-9620-5998c6999257@group-E964BE911FCC-LeaderElection55] INFO  impl.LeaderElection (LeaderElection.java:askForVotes(178)) - 92ce6e48-4722-407a-9620-5998c6999257@group-E964BE911FCC-LeaderElection55: begin an election at term 55 for -1: [6cbfae60-ea29-4abc-a49d-ef94f4bd513a:192.168.69.85:36685, 66f9d00c-1e97-4252-958c-bed5a531abda:192.168.69.85:45996, 92ce6e48-4722-407a-9620-5998c6999257:192.168.69.85:34971], old=null
2019-10-18 14:01:30,578 [grpc-default-executor-0] INFO  impl.RaftServerImpl (RaftServerImpl.java:setRole(184)) - 66f9d00c-1e97-4252-958c-bed5a531abda@group-E964BE911FCC: changes role from  FOLLOWER to FOLLOWER at term 55 for recognizeCandidate:92ce6e48-4722-407a-9620-5998c6999257
2019-10-18 14:01:30,578 [grpc-default-executor-4] INFO  impl.RaftServerImpl (RaftServerImpl.java:setRole(184)) - 6cbfae60-ea29-4abc-a49d-ef94f4bd513a@group-E964BE911FCC: changes role from  FOLLOWER to FOLLOWER at term 55 for recognizeCandidate:92ce6e48-4722-407a-9620-5998c6999257
2019-10-18 14:01:30,578 [grpc-default-executor-0] INFO  impl.RoleInfo (RoleInfo.java:shutdownFollowerState(121)) - 66f9d00c-1e97-4252-958c-bed5a531abda: shutdown FollowerState
2019-10-18 14:01:30,578 [grpc-default-executor-4] INFO  impl.RoleInfo (RoleInfo.java:shutdownFollowerState(121)) - 6cbfae60-ea29-4abc-a49d-ef94f4bd513a: shutdown FollowerState
2019-10-18 14:01:30,578 [Thread-571] INFO  impl.FollowerState (FollowerState.java:run(117)) - 66f9d00c-1e97-4252-958c-bed5a531abda@group-E964BE911FCC-FollowerState was interrupted: java.lang.InterruptedException: sleep interrupted
2019-10-18 14:01:30,578 [grpc-default-executor-0] INFO  impl.RoleInfo (RoleInfo.java:updateAndGet(143)) - 66f9d00c-1e97-4252-958c-bed5a531abda: start FollowerState
2019-10-18 14:01:30,578 [Thread-570] INFO  impl.FollowerState (FollowerState.java:run(117)) - 6cbfae60-ea29-4abc-a49d-ef94f4bd513a@group-E964BE911FCC-FollowerState was interrupted: java.lang.InterruptedException: sleep interrupted
2019-10-18 14:01:30,578 [grpc-default-executor-4] INFO  impl.RoleInfo (RoleInfo.java:updateAndGet(143)) - 6cbfae60-ea29-4abc-a49d-ef94f4bd513a: start FollowerState
2019-10-18 14:01:30,593 [92ce6e48-4722-407a-9620-5998c6999257@group-E964BE911FCC-LeaderElection55] INFO  impl.LeaderElection (LeaderElection.java:logAndReturn(56)) - 92ce6e48-4722-407a-9620-5998c6999257@group-E964BE911FCC-LeaderElection55: Election REJECTED; received 2 response(s) [92ce6e48-4722-407a-9620-5998c6999257<-6cbfae60-ea29-4abc-a49d-ef94f4bd513a#0:FAIL-t55, 92ce6e48-4722-407a-9620-5998c6999257<-66f9d00c-1e97-4252-958c-bed5a531abda#0:FAIL-t55] and 0 exception(s); 92ce6e48-4722-407a-9620-5998c6999257@group-E964BE911FCC:t55, leader=null, voted=92ce6e48-4722-407a-9620-5998c6999257, raftlog=92ce6e48-4722-407a-9620-5998c6999257@group-E964BE911FCC-SegmentedRaftLog:OPENED:c-1,f-1,i0, conf=-1: [6cbfae60-ea29-4abc-a49d-ef94f4bd513a:192.168.69.85:36685, 66f9d00c-1e97-4252-958c-bed5a531abda:192.168.69.85:45996, 92ce6e48-4722-407a-9620-5998c6999257:192.168.69.85:34971], old=null
2019-10-18 14:01:30,593 [92ce6e48-4722-407a-9620-5998c6999257@group-E964BE911FCC-LeaderElection55] INFO  impl.RaftServerImpl (RaftServerImpl.java:setRole(184)) - 92ce6e48-4722-407a-9620-5998c6999257@group-E964BE911FCC: changes role from CANDIDATE to FOLLOWER at term 55 for DISCOVERED_A_NEW_TERM
2019-10-18 14:01:30,594 [92ce6e48-4722-407a-9620-5998c6999257@group-E964BE911FCC-LeaderElection55] INFO  impl.RoleInfo (RoleInfo.java:shutdownLeaderElection(134)) - 92ce6e48-4722-407a-9620-5998c6999257: shutdown LeaderElection
2019-10-18 14:01:30,594 [92ce6e48-4722-407a-9620-5998c6999257@group-E964BE911FCC-LeaderElection55] INFO  impl.RoleInfo (RoleInfo.java:updateAndGet(143)) - 92ce6e48-4722-407a-9620-5998c6999257: start FollowerState
2019-10-18 14:01:30,694 [Thread-578] INFO  impl.FollowerState (FollowerState.java:run(108)) - 92ce6e48-4722-407a-9620-5998c6999257@group-E964BE911FCC-FollowerState: change to CANDIDATE, lastRpcTime:100ms, electionTimeout:100ms
2019-10-18 14:01:30,694 [Thread-578] INFO  impl.RoleInfo (RoleInfo.java:shutdownFollowerState(121)) - 92ce6e48-4722-407a-9620-5998c6999257: shutdown FollowerState
2019-10-18 14:01:30,695 [Thread-578] INFO  impl.RaftServerImpl (RaftServerImpl.java:setRole(184)) - 92ce6e48-4722-407a-9620-5998c6999257@group-E964BE911FCC: changes role from  FOLLOWER to CANDIDATE at term 55 for changeToCandidate
2019-10-18 14:01:30,695 [Thread-578] INFO  impl.RoleInfo (RoleInfo.java:updateAndGet(143)) - 92ce6e48-4722-407a-9620-5998c6999257: start LeaderElection
2019-10-18 14:01:30,708 [92ce6e48-4722-407a-9620-5998c6999257@group-E964BE911FCC-LeaderElection56] INFO  impl.LeaderElection (LeaderElection.java:askForVotes(178)) - 92ce6e48-4722-407a-9620-5998c6999257@group-E964BE911FCC-LeaderElection56: begin an election at term 56 for -1: [6cbfae60-ea29-4abc-a49d-ef94f4bd513a:192.168.69.85:36685, 66f9d00c-1e97-4252-958c-bed5a531abda:192.168.69.85:45996, 92ce6e48-4722-407a-9620-5998c6999257:192.168.69.85:34971], old=null
2019-10-18 14:01:30,712 [grpc-default-executor-4] INFO  impl.RaftServerImpl (RaftServerImpl.java:setRole(184)) - 6cbfae60-ea29-4abc-a49d-ef94f4bd513a@group-E964BE911FCC: changes role from  FOLLOWER to FOLLOWER at term 56 for recognizeCandidate:92ce6e48-4722-407a-9620-5998c6999257
2019-10-18 14:01:30,712 [grpc-default-executor-0] INFO  impl.RaftServerImpl (RaftServerImpl.java:setRole(184)) - 66f9d00c-1e97-4252-958c-bed5a531abda@group-E964BE911FCC: changes role from  FOLLOWER to FOLLOWER at term 56 for recognizeCandidate:92ce6e48-4722-407a-9620-5998c6999257
2019-10-18 14:01:30,712 [grpc-default-executor-4] INFO  impl.RoleInfo (RoleInfo.java:shutdownFollowerState(121)) - 6cbfae60-ea29-4abc-a49d-ef94f4bd513a: shutdown FollowerState
2019-10-18 14:01:30,712 [grpc-default-executor-0] INFO  impl.RoleInfo (RoleInfo.java:shutdownFollowerState(121)) - 66f9d00c-1e97-4252-958c-bed5a531abda: shutdown FollowerState
2019-10-18 14:01:30,712 [Thread-577] INFO  impl.FollowerState (FollowerState.java:run(117)) - 6cbfae60-ea29-4abc-a49d-ef94f4bd513a@group-E964BE911FCC-FollowerState was interrupted: java.lang.InterruptedException: sleep interrupted
2019-10-18 14:01:30,713 [Thread-576] INFO  impl.FollowerState (FollowerState.java:run(117)) - 66f9d00c-1e97-4252-958c-bed5a531abda@group-E964BE911FCC-FollowerState was interrupted: java.lang.InterruptedException: sleep interrupted
2019-10-18 14:01:30,712 [grpc-default-executor-4] INFO  impl.RoleInfo (RoleInfo.java:updateAndGet(143)) - 6cbfae60-ea29-4abc-a49d-ef94f4bd513a: start FollowerState
2019-10-18 14:01:30,713 [grpc-default-executor-0] INFO  impl.RoleInfo (RoleInfo.java:updateAndGet(143)) - 66f9d00c-1e97-4252-958c-bed5a531abda: start FollowerState
2019-10-18 14:01:30,729 [92ce6e48-4722-407a-9620-5998c6999257@group-E964BE911FCC-LeaderElection56] INFO  impl.LeaderElection (LeaderElection.java:logAndReturn(56)) - 92ce6e48-4722-407a-9620-5998c6999257@group-E964BE911FCC-LeaderElection56: Election REJECTED; received 2 response(s) [92ce6e48-4722-407a-9620-5998c6999257<-6cbfae60-ea29-4abc-a49d-ef94f4bd513a#0:FAIL-t56, 92ce6e48-4722-407a-9620-5998c6999257<-66f9d00c-1e97-4252-958c-bed5a531abda#0:FAIL-t56] and 0 exception(s); 92ce6e48-4722-407a-9620-5998c6999257@group-E964BE911FCC:t56, leader=null, voted=92ce6e48-4722-407a-9620-5998c6999257, raftlog=92ce6e48-4722-407a-9620-5998c6999257@group-E964BE911FCC-SegmentedRaftLog:OPENED:c-1,f-1,i0, conf=-1: [6cbfae60-ea29-4abc-a49d-ef94f4bd513a:192.168.69.85:36685, 66f9d00c-1e97-4252-958c-bed5a531abda:192.168.69.85:45996, 92ce6e48-4722-407a-9620-5998c6999257:192.168.69.85:34971], old=null
2019-10-18 14:01:30,729 [92ce6e48-4722-407a-9620-5998c6999257@group-E964BE911FCC-LeaderElection56] INFO  impl.RaftServerImpl (RaftServerImpl.java:setRole(184)) - 92ce6e48-4722-407a-9620-5998c6999257@group-E964BE911FCC: changes role from CANDIDATE to FOLLOWER at term 56 for DISCOVERED_A_NEW_TERM
2019-10-18 14:01:30,729 [92ce6e48-4722-407a-9620-5998c6999257@group-E964BE911FCC-LeaderElection56] INFO  impl.RoleInfo (RoleInfo.java:shutdownLeaderElection(134)) - 92ce6e48-4722-407a-9620-5998c6999257: shutdown LeaderElection
2019-10-18 14:01:30,729 [92ce6e48-4722-407a-9620-5998c6999257@group-E964BE911FCC-LeaderElection56] INFO  impl.RoleInfo (RoleInfo.java:updateAndGet(143)) - 92ce6e48-4722-407a-9620-5998c6999257: start FollowerState
2019-10-18 14:01:30,822 [Thread-584] INFO  impl.FollowerState (FollowerState.java:run(108)) - 92ce6e48-4722-407a-9620-5998c6999257@group-E964BE911FCC-FollowerState: change to CANDIDATE, lastRpcTime:92ms, electionTimeout:92ms
2019-10-18 14:01:30,822 [Thread-584] INFO  impl.RoleInfo (RoleInfo.java:shutdownFollowerState(121)) - 92ce6e48-4722-407a-9620-5998c6999257: shutdown FollowerState
2019-10-18 14:01:30,822 [Thread-584] INFO  impl.RaftServerImpl (RaftServerImpl.java:setRole(184)) - 92ce6e48-4722-407a-9620-5998c6999257@group-E964BE911FCC: changes role from  FOLLOWER to CANDIDATE at term 56 for changeToCandidate
2019-10-18 14:01:30,822 [Thread-584] INFO  impl.RoleInfo (RoleInfo.java:updateAndGet(143)) - 92ce6e48-4722-407a-9620-5998c6999257: start LeaderElection
2019-10-18 14:01:30,836 [92ce6e48-4722-407a-9620-5998c6999257@group-E964BE911FCC-LeaderElection57] INFO  impl.LeaderElection (LeaderElection.java:askForVotes(178)) - 92ce6e48-4722-407a-9620-5998c6999257@group-E964BE911FCC-LeaderElection57: begin an election at term 57 for -1: [6cbfae60-ea29-4abc-a49d-ef94f4bd513a:192.168.69.85:36685, 66f9d00c-1e97-4252-958c-bed5a531abda:192.168.69.85:45996, 92ce6e48-4722-407a-9620-5998c6999257:192.168.69.85:34971], old=null
2019-10-18 14:01:30,839 [grpc-default-executor-4] INFO  impl.RaftServerImpl (RaftServerImpl.java:setRole(184)) - 6cbfae60-ea29-4abc-a49d-ef94f4bd513a@group-E964BE911FCC: changes role from  FOLLOWER to FOLLOWER at term 57 for recognizeCandidate:92ce6e48-4722-407a-9620-5998c6999257
2019-10-18 14:01:30,839 [grpc-default-executor-0] INFO  impl.RaftServerImpl (RaftServerImpl.java:setRole(184)) - 66f9d00c-1e97-4252-958c-bed5a531abda@group-E964BE911FCC: changes role from  FOLLOWER to FOLLOWER at term 57 for recognizeCandidate:92ce6e48-4722-407a-9620-5998c6999257
2019-10-18 14:01:30,839 [grpc-default-executor-4] INFO  impl.RoleInfo (RoleInfo.java:shutdownFollowerState(121)) - 6cbfae60-ea29-4abc-a49d-ef94f4bd513a: shutdown FollowerState
2019-10-18 14:01:30,840 [grpc-default-executor-0] INFO  impl.RoleInfo (RoleInfo.java:shutdownFollowerState(121)) - 66f9d00c-1e97-4252-958c-bed5a531abda: shutdown FollowerState
2019-10-18 14:01:30,840 [Thread-582] INFO  impl.FollowerState (FollowerState.java:run(117)) - 6cbfae60-ea29-4abc-a49d-ef94f4bd513a@group-E964BE911FCC-FollowerState was interrupted: java.lang.InterruptedException: sleep interrupted
2019-10-18 14:01:30,840 [grpc-default-executor-4] INFO  impl.RoleInfo (RoleInfo.java:updateAndGet(143)) - 6cbfae60-ea29-4abc-a49d-ef94f4bd513a: start FollowerState
2019-10-18 14:01:30,840 [Thread-583] INFO  impl.FollowerState (FollowerState.java:run(117)) - 66f9d00c-1e97-4252-958c-bed5a531abda@group-E964BE911FCC-FollowerState was interrupted: java.lang.InterruptedException: sleep interrupted
2019-10-18 14:01:30,840 [grpc-default-executor-0] INFO  impl.RoleInfo (RoleInfo.java:updateAndGet(143)) - 66f9d00c-1e97-4252-958c-bed5a531abda: start FollowerState
2019-10-18 14:01:30,857 [92ce6e48-4722-407a-9620-5998c6999257@group-E964BE911FCC-LeaderElection57] INFO  impl.LeaderElection (LeaderElection.java:logAndReturn(56)) - 92ce6e48-4722-407a-9620-5998c6999257@group-E964BE911FCC-LeaderElection57: Election REJECTED; received 2 response(s) [92ce6e48-4722-407a-9620-5998c6999257<-6cbfae60-ea29-4abc-a49d-ef94f4bd513a#0:FAIL-t57, 92ce6e48-4722-407a-9620-5998c6999257<-66f9d00c-1e97-4252-958c-bed5a531abda#0:FAIL-t57] and 0 exception(s); 92ce6e48-4722-407a-9620-5998c6999257@group-E964BE911FCC:t57, leader=null, voted=92ce6e48-4722-407a-9620-5998c6999257, raftlog=92ce6e48-4722-407a-9620-5998c6999257@group-E964BE911FCC-SegmentedRaftLog:OPENED:c-1,f-1,i0, conf=-1: [6cbfae60-ea29-4abc-a49d-ef94f4bd513a:192.168.69.85:36685, 66f9d00c-1e97-4252-958c-bed5a531abda:192.168.69.85:45996, 92ce6e48-4722-407a-9620-5998c6999257:192.168.69.85:34971], old=null
2019-10-18 14:01:30,857 [92ce6e48-4722-407a-9620-5998c6999257@group-E964BE911FCC-LeaderElection57] INFO  impl.RaftServerImpl (RaftServerImpl.java:setRole(184)) - 92ce6e48-4722-407a-9620-5998c6999257@group-E964BE911FCC: changes role from CANDIDATE to FOLLOWER at term 57 for DISCOVERED_A_NEW_TERM
2019-10-18 14:01:30,857 [92ce6e48-4722-407a-9620-5998c6999257@group-E964BE911FCC-LeaderElection57] INFO  impl.RoleInfo (RoleInfo.java:shutdownLeaderElection(134)) - 92ce6e48-4722-407a-9620-5998c6999257: shutdown LeaderElection
2019-10-18 14:01:30,857 [92ce6e48-4722-407a-9620-5998c6999257@group-E964BE911FCC-LeaderElection57] INFO  impl.RoleInfo (RoleInfo.java:updateAndGet(143)) - 92ce6e48-4722-407a-9620-5998c6999257: start FollowerState
2019-10-18 14:01:31,054 [Thread-590] INFO  impl.FollowerState (FollowerState.java:run(108)) - 92ce6e48-4722-407a-9620-5998c6999257@group-E964BE911FCC-FollowerState: change to CANDIDATE, lastRpcTime:196ms, electionTimeout:196ms
2019-10-18 14:01:31,054 [Thread-590] INFO  impl.RoleInfo (RoleInfo.java:shutdownFollowerState(121)) - 92ce6e48-4722-407a-9620-5998c6999257: shutdown FollowerState
2019-10-18 14:01:31,054 [Thread-590] INFO  impl.RaftServerImpl (RaftServerImpl.java:setRole(184)) - 92ce6e48-4722-407a-9620-5998c6999257@group-E964BE911FCC: changes role from  FOLLOWER to CANDIDATE at term 57 for changeToCandidate
2019-10-18 14:01:31,054 [Thread-590] INFO  impl.RoleInfo (RoleInfo.java:updateAndGet(143)) - 92ce6e48-4722-407a-9620-5998c6999257: start LeaderElection
2019-10-18 14:01:31,068 [92ce6e48-4722-407a-9620-5998c6999257@group-E964BE911FCC-LeaderElection58] INFO  impl.LeaderElection (LeaderElection.java:askForVotes(178)) - 92ce6e48-4722-407a-9620-5998c6999257@group-E964BE911FCC-LeaderElection58: begin an election at term 58 for -1: [6cbfae60-ea29-4abc-a49d-ef94f4bd513a:192.168.69.85:36685, 66f9d00c-1e97-4252-958c-bed5a531abda:192.168.69.85:45996, 92ce6e48-4722-407a-9620-5998c6999257:192.168.69.85:34971], old=null
2019-10-18 14:01:31,071 [grpc-default-executor-4] INFO  impl.RaftServerImpl (RaftServerImpl.java:setRole(184)) - 66f9d00c-1e97-4252-958c-bed5a531abda@group-E964BE911FCC: changes role from  FOLLOWER to FOLLOWER at term 58 for recognizeCandidate:92ce6e48-4722-407a-9620-5998c6999257
2019-10-18 14:01:31,072 [grpc-default-executor-0] INFO  impl.RaftServerImpl (RaftServerImpl.java:setRole(184)) - 6cbfae60-ea29-4abc-a49d-ef94f4bd513a@group-E964BE911FCC: changes role from  FOLLOWER to FOLLOWER at term 58 for recognizeCandidate:92ce6e48-4722-407a-9620-5998c6999257
2019-10-18 14:01:31,072 [grpc-default-executor-4] INFO  impl.RoleInfo (RoleInfo.java:shutdownFollowerState(121)) - 66f9d00c-1e97-4252-958c-bed5a531abda: shutdown FollowerState
2019-10-18 14:01:31,072 [grpc-default-executor-0] INFO  impl.RoleInfo (RoleInfo.java:shutdownFollowerState(121)) - 6cbfae60-ea29-4abc-a49d-ef94f4bd513a: shutdown FollowerState
2019-10-18 14:01:31,072 [Thread-589] INFO  impl.FollowerState (FollowerState.java:run(117)) - 66f9d00c-1e97-4252-958c-bed5a531abda@group-E964BE911FCC-FollowerState was interrupted: java.lang.InterruptedException: sleep interrupted
2019-10-18 14:01:31,072 [Thread-588] INFO  impl.FollowerState (FollowerState.java:run(117)) - 6cbfae60-ea29-4abc-a49d-ef94f4bd513a@group-E964BE911FCC-FollowerState was interrupted: java.lang.InterruptedException: sleep interrupted
2019-10-18 14:01:31,072 [grpc-default-executor-4] INFO  impl.RoleInfo (RoleInfo.java:updateAndGet(143)) - 66f9d00c-1e97-4252-958c-bed5a531abda: start FollowerState
2019-10-18 14:01:31,072 [grpc-default-executor-0] INFO  impl.RoleInfo (RoleInfo.java:updateAndGet(143)) - 6cbfae60-ea29-4abc-a49d-ef94f4bd513a: start FollowerState
2019-10-18 14:01:31,087 [92ce6e48-4722-407a-9620-5998c6999257@group-E964BE911FCC-LeaderElection58] INFO  impl.LeaderElection (LeaderElection.java:logAndReturn(56)) - 92ce6e48-4722-407a-9620-5998c6999257@group-E964BE911FCC-LeaderElection58: Election REJECTED; received 2 response(s) [92ce6e48-4722-407a-9620-5998c6999257<-6cbfae60-ea29-4abc-a49d-ef94f4bd513a#0:FAIL-t58, 92ce6e48-4722-407a-9620-5998c6999257<-66f9d00c-1e97-4252-958c-bed5a531abda#0:FAIL-t58] and 0 exception(s); 92ce6e48-4722-407a-9620-5998c6999257@group-E964BE911FCC:t58, leader=null, voted=92ce6e48-4722-407a-9620-5998c6999257, raftlog=92ce6e48-4722-407a-9620-5998c6999257@group-E964BE911FCC-SegmentedRaftLog:OPENED:c-1,f-1,i0, conf=-1: [6cbfae60-ea29-4abc-a49d-ef94f4bd513a:192.168.69.85:36685, 66f9d00c-1e97-4252-958c-bed5a531abda:192.168.69.85:45996, 92ce6e48-4722-407a-9620-5998c6999257:192.168.69.85:34971], old=null
2019-10-18 14:01:31,088 [92ce6e48-4722-407a-9620-5998c6999257@group-E964BE911FCC-LeaderElection58] INFO  impl.RaftServerImpl (RaftServerImpl.java:setRole(184)) - 92ce6e48-4722-407a-9620-5998c6999257@group-E964BE911FCC: changes role from CANDIDATE to FOLLOWER at term 58 for DISCOVERED_A_NEW_TERM
2019-10-18 14:01:31,088 [92ce6e48-4722-407a-9620-5998c6999257@group-E964BE911FCC-LeaderElection58] INFO  impl.RoleInfo (RoleInfo.java:shutdownLeaderElection(134)) - 92ce6e48-4722-407a-9620-5998c6999257: shutdown LeaderElection
2019-10-18 14:01:31,088 [92ce6e48-4722-407a-9620-5998c6999257@group-E964BE911FCC-LeaderElection58] INFO  impl.RoleInfo (RoleInfo.java:updateAndGet(143)) - 92ce6e48-4722-407a-9620-5998c6999257: start FollowerState
2019-10-18 14:01:31,155 [Thread-598] INFO  impl.FollowerState (FollowerState.java:run(108)) - 92ce6e48-4722-407a-9620-5998c6999257@group-E964BE911FCC-FollowerState: change to CANDIDATE, lastRpcTime:66ms, electionTimeout:66ms
2019-10-18 14:01:31,155 [Thread-598] INFO  impl.RoleInfo (RoleInfo.java:shutdownFollowerState(121)) - 92ce6e48-4722-407a-9620-5998c6999257: shutdown FollowerState
2019-10-18 14:01:31,155 [Thread-598] INFO  impl.RaftServerImpl (RaftServerImpl.java:setRole(184)) - 92ce6e48-4722-407a-9620-5998c6999257@group-E964BE911FCC: changes role from  FOLLOWER to CANDIDATE at term 58 for changeToCandidate
2019-10-18 14:01:31,156 [Thread-598] INFO  impl.RoleInfo (RoleInfo.java:updateAndGet(143)) - 92ce6e48-4722-407a-9620-5998c6999257: start LeaderElection
2019-10-18 14:01:31,181 [92ce6e48-4722-407a-9620-5998c6999257@group-E964BE911FCC-LeaderElection59] INFO  impl.LeaderElection (LeaderElection.java:askForVotes(178)) - 92ce6e48-4722-407a-9620-5998c6999257@group-E964BE911FCC-LeaderElection59: begin an election at term 59 for -1: [6cbfae60-ea29-4abc-a49d-ef94f4bd513a:192.168.69.85:36685, 66f9d00c-1e97-4252-958c-bed5a531abda:192.168.69.85:45996, 92ce6e48-4722-407a-9620-5998c6999257:192.168.69.85:34971], old=null
2019-10-18 14:01:31,184 [grpc-default-executor-4] INFO  impl.RaftServerImpl (RaftServerImpl.java:setRole(184)) - 66f9d00c-1e97-4252-958c-bed5a531abda@group-E964BE911FCC: changes role from  FOLLOWER to FOLLOWER at term 59 for recognizeCandidate:92ce6e48-4722-407a-9620-5998c6999257
2019-10-18 14:01:31,184 [grpc-default-executor-0] INFO  impl.RaftServerImpl (RaftServerImpl.java:setRole(184)) - 6cbfae60-ea29-4abc-a49d-ef94f4bd513a@group-E964BE911FCC: changes role from  FOLLOWER to FOLLOWER at term 59 for recognizeCandidate:92ce6e48-4722-407a-9620-5998c6999257
2019-10-18 14:01:31,184 [grpc-default-executor-4] INFO  impl.RoleInfo (RoleInfo.java:shutdownFollowerState(121)) - 66f9d00c-1e97-4252-958c-bed5a531abda: shutdown FollowerState
2019-10-18 14:01:31,184 [grpc-default-executor-0] INFO  impl.RoleInfo (RoleInfo.java:shutdownFollowerState(121)) - 6cbfae60-ea29-4abc-a49d-ef94f4bd513a: shutdown FollowerState
2019-10-18 14:01:31,185 [Thread-596] INFO  impl.FollowerState (FollowerState.java:run(117)) - 66f9d00c-1e97-4252-958c-bed5a531abda@group-E964BE911FCC-FollowerState was interrupted: java.lang.InterruptedException: sleep interrupted
2019-10-18 14:01:31,185 [grpc-default-executor-4] INFO  impl.RoleInfo (RoleInfo.java:updateAndGet(143)) - 66f9d00c-1e97-4252-958c-bed5a531abda: start FollowerState
2019-10-18 14:01:31,185 [grpc-default-executor-0] INFO  impl.RoleInfo (RoleInfo.java:updateAndGet(143)) - 6cbfae60-ea29-4abc-a49d-ef94f4bd513a: start FollowerState
2019-10-18 14:01:31,185 [Thread-597] INFO  impl.FollowerState (FollowerState.java:run(117)) - 6cbfae60-ea29-4abc-a49d-ef94f4bd513a@group-E964BE911FCC-FollowerState was interrupted: java.lang.InterruptedException: sleep interrupted
2019-10-18 14:01:31,200 [92ce6e48-4722-407a-9620-5998c6999257@group-E964BE911FCC-LeaderElection59] INFO  impl.LeaderElection (LeaderElection.java:logAndReturn(56)) - 92ce6e48-4722-407a-9620-5998c6999257@group-E964BE911FCC-LeaderElection59: Election REJECTED; received 2 response(s) [92ce6e48-4722-407a-9620-5998c6999257<-6cbfae60-ea29-4abc-a49d-ef94f4bd513a#0:FAIL-t59, 92ce6e48-4722-407a-9620-5998c6999257<-66f9d00c-1e97-4252-958c-bed5a531abda#0:FAIL-t59] and 0 exception(s); 92ce6e48-4722-407a-9620-5998c6999257@group-E964BE911FCC:t59, leader=null, voted=92ce6e48-4722-407a-9620-5998c6999257, raftlog=92ce6e48-4722-407a-9620-5998c6999257@group-E964BE911FCC-SegmentedRaftLog:OPENED:c-1,f-1,i0, conf=-1: [6cbfae60-ea29-4abc-a49d-ef94f4bd513a:192.168.69.85:36685, 66f9d00c-1e97-4252-958c-bed5a531abda:192.168.69.85:45996, 92ce6e48-4722-407a-9620-5998c6999257:192.168.69.85:34971], old=null
2019-10-18 14:01:31,200 [92ce6e48-4722-407a-9620-5998c6999257@group-E964BE911FCC-LeaderElection59] INFO  impl.RaftServerImpl (RaftServerImpl.java:setRole(184)) - 92ce6e48-4722-407a-9620-5998c6999257@group-E964BE911FCC: changes role from CANDIDATE to FOLLOWER at term 59 for DISCOVERED_A_NEW_TERM
2019-10-18 14:01:31,200 [92ce6e48-4722-407a-9620-5998c6999257@group-E964BE911FCC-LeaderElection59] INFO  impl.RoleInfo (RoleInfo.java:shutdownLeaderElection(134)) - 92ce6e48-4722-407a-9620-5998c6999257: shutdown LeaderElection
2019-10-18 14:01:31,200 [92ce6e48-4722-407a-9620-5998c6999257@group-E964BE911FCC-LeaderElection59] INFO  impl.RoleInfo (RoleInfo.java:updateAndGet(143)) - 92ce6e48-4722-407a-9620-5998c6999257: start FollowerState
2019-10-18 14:01:31,343 [Thread-604] INFO  impl.FollowerState (FollowerState.java:run(108)) - 92ce6e48-4722-407a-9620-5998c6999257@group-E964BE911FCC-FollowerState: change to CANDIDATE, lastRpcTime:142ms, electionTimeout:142ms
2019-10-18 14:01:31,343 [Thread-604] INFO  impl.RoleInfo (RoleInfo.java:shutdownFollowerState(121)) - 92ce6e48-4722-407a-9620-5998c6999257: shutdown FollowerState
2019-10-18 14:01:31,343 [Thread-604] INFO  impl.RaftServerImpl (RaftServerImpl.java:setRole(184)) - 92ce6e48-4722-407a-9620-5998c6999257@group-E964BE911FCC: changes role from  FOLLOWER to CANDIDATE at term 59 for changeToCandidate
2019-10-18 14:01:31,343 [Thread-604] INFO  impl.RoleInfo (RoleInfo.java:updateAndGet(143)) - 92ce6e48-4722-407a-9620-5998c6999257: start LeaderElection
2019-10-18 14:01:31,369 [92ce6e48-4722-407a-9620-5998c6999257@group-E964BE911FCC-LeaderElection60] INFO  impl.LeaderElection (LeaderElection.java:askForVotes(178)) - 92ce6e48-4722-407a-9620-5998c6999257@group-E964BE911FCC-LeaderElection60: begin an election at term 60 for -1: [6cbfae60-ea29-4abc-a49d-ef94f4bd513a:192.168.69.85:36685, 66f9d00c-1e97-4252-958c-bed5a531abda:192.168.69.85:45996, 92ce6e48-4722-407a-9620-5998c6999257:192.168.69.85:34971], old=null
2019-10-18 14:01:31,372 [grpc-default-executor-4] INFO  impl.RaftServerImpl (RaftServerImpl.java:setRole(184)) - 66f9d00c-1e97-4252-958c-bed5a531abda@group-E964BE911FCC: changes role from  FOLLOWER to FOLLOWER at term 60 for recognizeCandidate:92ce6e48-4722-407a-9620-5998c6999257
2019-10-18 14:01:31,372 [grpc-default-executor-4] INFO  impl.RoleInfo (RoleInfo.java:shutdownFollowerState(121)) - 66f9d00c-1e97-4252-958c-bed5a531abda: shutdown FollowerState
2019-10-18 14:01:31,372 [grpc-default-executor-4] INFO  impl.RoleInfo (RoleInfo.java:updateAndGet(143)) - 66f9d00c-1e97-4252-958c-bed5a531abda: start FollowerState
2019-10-18 14:01:31,372 [Thread-602] INFO  impl.FollowerState (FollowerState.java:run(117)) - 66f9d00c-1e97-4252-958c-bed5a531abda@group-E964BE911FCC-FollowerState was interrupted: java.lang.InterruptedException: sleep interrupted
2019-10-18 14:01:31,372 [grpc-default-executor-0] INFO  impl.RaftServerImpl (RaftServerImpl.java:setRole(184)) - 6cbfae60-ea29-4abc-a49d-ef94f4bd513a@group-E964BE911FCC: changes role from  FOLLOWER to FOLLOWER at term 60 for recognizeCandidate:92ce6e48-4722-407a-9620-5998c6999257
2019-10-18 14:01:31,373 [grpc-default-executor-0] INFO  impl.RoleInfo (RoleInfo.java:shutdownFollowerState(121)) - 6cbfae60-ea29-4abc-a49d-ef94f4bd513a: shutdown FollowerState
2019-10-18 14:01:31,373 [grpc-default-executor-0] INFO  impl.RoleInfo (RoleInfo.java:updateAndGet(143)) - 6cbfae60-ea29-4abc-a49d-ef94f4bd513a: start FollowerState
2019-10-18 14:01:31,373 [Thread-603] INFO  impl.FollowerState (FollowerState.java:run(117)) - 6cbfae60-ea29-4abc-a49d-ef94f4bd513a@group-E964BE911FCC-FollowerState was interrupted: java.lang.InterruptedException: sleep interrupted
2019-10-18 14:01:31,391 [92ce6e48-4722-407a-9620-5998c6999257@group-E964BE911FCC-LeaderElection60] INFO  impl.LeaderElection (LeaderElection.java:logAndReturn(56)) - 92ce6e48-4722-407a-9620-5998c6999257@group-E964BE911FCC-LeaderElection60: Election REJECTED; received 2 response(s) [92ce6e48-4722-407a-9620-5998c6999257<-6cbfae60-ea29-4abc-a49d-ef94f4bd513a#0:FAIL-t60, 92ce6e48-4722-407a-9620-5998c6999257<-66f9d00c-1e97-4252-958c-bed5a531abda#0:FAIL-t60] and 0 exception(s); 92ce6e48-4722-407a-9620-5998c6999257@group-E964BE911FCC:t60, leader=null, voted=92ce6e48-4722-407a-9620-5998c6999257, raftlog=92ce6e48-4722-407a-9620-5998c6999257@group-E964BE911FCC-SegmentedRaftLog:OPENED:c-1,f-1,i0, conf=-1: [6cbfae60-ea29-4abc-a49d-ef94f4bd513a:192.168.69.85:36685, 66f9d00c-1e97-4252-958c-bed5a531abda:192.168.69.85:45996, 92ce6e48-4722-407a-9620-5998c6999257:192.168.69.85:34971], old=null
2019-10-18 14:01:31,392 [92ce6e48-4722-407a-9620-5998c6999257@group-E964BE911FCC-LeaderElection60] INFO  impl.RaftServerImpl (RaftServerImpl.java:setRole(184)) - 92ce6e48-4722-407a-9620-5998c6999257@group-E964BE911FCC: changes role from CANDIDATE to FOLLOWER at term 60 for DISCOVERED_A_NEW_TERM
2019-10-18 14:01:31,392 [92ce6e48-4722-407a-9620-5998c6999257@group-E964BE911FCC-LeaderElection60] INFO  impl.RoleInfo (RoleInfo.java:shutdownLeaderElection(134)) - 92ce6e48-4722-407a-9620-5998c6999257: shutdown LeaderElection
2019-10-18 14:01:31,392 [92ce6e48-4722-407a-9620-5998c6999257@group-E964BE911FCC-LeaderElection60] INFO  impl.RoleInfo (RoleInfo.java:updateAndGet(143)) - 92ce6e48-4722-407a-9620-5998c6999257: start FollowerState
2019-10-18 14:01:31,474 [Thread-610] INFO  impl.FollowerState (FollowerState.java:run(108)) - 92ce6e48-4722-407a-9620-5998c6999257@group-E964BE911FCC-FollowerState: change to CANDIDATE, lastRpcTime:82ms, electionTimeout:82ms
2019-10-18 14:01:31,475 [Thread-610] INFO  impl.RoleInfo (RoleInfo.java:shutdownFollowerState(121)) - 92ce6e48-4722-407a-9620-5998c6999257: shutdown FollowerState
2019-10-18 14:01:31,475 [Thread-610] INFO  impl.RaftServerImpl (RaftServerImpl.java:setRole(184)) - 92ce6e48-4722-407a-9620-5998c6999257@group-E964BE911FCC: changes role from  FOLLOWER to CANDIDATE at term 60 for changeToCandidate
2019-10-18 14:01:31,475 [Thread-610] INFO  impl.RoleInfo (RoleInfo.java:updateAndGet(143)) - 92ce6e48-4722-407a-9620-5998c6999257: start LeaderElection
2019-10-18 14:01:31,495 [92ce6e48-4722-407a-9620-5998c6999257@group-E964BE911FCC-LeaderElection61] INFO  impl.LeaderElection (LeaderElection.java:askForVotes(178)) - 92ce6e48-4722-407a-9620-5998c6999257@group-E964BE911FCC-LeaderElection61: begin an election at term 61 for -1: [6cbfae60-ea29-4abc-a49d-ef94f4bd513a:192.168.69.85:36685, 66f9d00c-1e97-4252-958c-bed5a531abda:192.168.69.85:45996, 92ce6e48-4722-407a-9620-5998c6999257:192.168.69.85:34971], old=null
2019-10-18 14:01:31,498 [grpc-default-executor-0] INFO  impl.RaftServerImpl (RaftServerImpl.java:setRole(184)) - 66f9d00c-1e97-4252-958c-bed5a531abda@group-E964BE911FCC: changes role from  FOLLOWER to FOLLOWER at term 61 for recognizeCandidate:92ce6e48-4722-407a-9620-5998c6999257
2019-10-18 14:01:31,498 [grpc-default-executor-4] INFO  impl.RaftServerImpl (RaftServerImpl.java:setRole(184)) - 6cbfae60-ea29-4abc-a49d-ef94f4bd513a@group-E964BE911FCC: changes role from  FOLLOWER to FOLLOWER at term 61 for recognizeCandidate:92ce6e48-4722-407a-9620-5998c6999257
2019-10-18 14:01:31,498 [grpc-default-executor-0] INFO  impl.RoleInfo (RoleInfo.java:shutdownFollowerState(121)) - 66f9d00c-1e97-4252-958c-bed5a531abda: shutdown FollowerState
2019-10-18 14:01:31,499 [grpc-default-executor-4] INFO  impl.RoleInfo (RoleInfo.java:shutdownFollowerState(121)) - 6cbfae60-ea29-4abc-a49d-ef94f4bd513a: shutdown FollowerState
2019-10-18 14:01:31,499 [Thread-608] INFO  impl.FollowerState (FollowerState.java:run(117)) - 66f9d00c-1e97-4252-958c-bed5a531abda@group-E964BE911FCC-FollowerState was interrupted: java.lang.InterruptedException: sleep interrupted
2019-10-18 14:01:31,499 [grpc-default-executor-0] INFO  impl.RoleInfo (RoleInfo.java:updateAndGet(143)) - 66f9d00c-1e97-4252-958c-bed5a531abda: start FollowerState
2019-10-18 14:01:31,499 [Thread-609] INFO  impl.FollowerState (FollowerState.java:run(117)) - 6cbfae60-ea29-4abc-a49d-ef94f4bd513a@group-E964BE911FCC-FollowerState was interrupted: java.lang.InterruptedException: sleep interrupted
2019-10-18 14:01:31,499 [grpc-default-executor-4] INFO  impl.RoleInfo (RoleInfo.java:updateAndGet(143)) - 6cbfae60-ea29-4abc-a49d-ef94f4bd513a: start FollowerState
2019-10-18 14:01:31,526 [92ce6e48-4722-407a-9620-5998c6999257@group-E964BE911FCC-LeaderElection61] INFO  impl.LeaderElection (LeaderElection.java:logAndReturn(56)) - 92ce6e48-4722-407a-9620-5998c6999257@group-E964BE911FCC-LeaderElection61: Election REJECTED; received 2 response(s) [92ce6e48-4722-407a-9620-5998c6999257<-6cbfae60-ea29-4abc-a49d-ef94f4bd513a#0:FAIL-t61, 92ce6e48-4722-407a-9620-5998c6999257<-66f9d00c-1e97-4252-958c-bed5a531abda#0:FAIL-t61] and 0 exception(s); 92ce6e48-4722-407a-9620-5998c6999257@group-E964BE911FCC:t61, leader=null, voted=92ce6e48-4722-407a-9620-5998c6999257, raftlog=92ce6e48-4722-407a-9620-5998c6999257@group-E964BE911FCC-SegmentedRaftLog:OPENED:c-1,f-1,i0, conf=-1: [6cbfae60-ea29-4abc-a49d-ef94f4bd513a:192.168.69.85:36685, 66f9d00c-1e97-4252-958c-bed5a531abda:192.168.69.85:45996, 92ce6e48-4722-407a-9620-5998c6999257:192.168.69.85:34971], old=null
2019-10-18 14:01:31,526 [92ce6e48-4722-407a-9620-5998c6999257@group-E964BE911FCC-LeaderElection61] INFO  impl.RaftServerImpl (RaftServerImpl.java:setRole(184)) - 92ce6e48-4722-407a-9620-5998c6999257@group-E964BE911FCC: changes role from CANDIDATE to FOLLOWER at term 61 for DISCOVERED_A_NEW_TERM
2019-10-18 14:01:31,526 [92ce6e48-4722-407a-9620-5998c6999257@group-E964BE911FCC-LeaderElection61] INFO  impl.RoleInfo (RoleInfo.java:shutdownLeaderElection(134)) - 92ce6e48-4722-407a-9620-5998c6999257: shutdown LeaderElection
2019-10-18 14:01:31,526 [92ce6e48-4722-407a-9620-5998c6999257@group-E964BE911FCC-LeaderElection61] INFO  impl.RoleInfo (RoleInfo.java:updateAndGet(143)) - 92ce6e48-4722-407a-9620-5998c6999257: start FollowerState
2019-10-18 14:01:31,635 [Thread-616] INFO  impl.FollowerState (FollowerState.java:run(108)) - 92ce6e48-4722-407a-9620-5998c6999257@group-E964BE911FCC-FollowerState: change to CANDIDATE, lastRpcTime:109ms, electionTimeout:109ms
2019-10-18 14:01:31,636 [Thread-616] INFO  impl.RoleInfo (RoleInfo.java:shutdownFollowerState(121)) - 92ce6e48-4722-407a-9620-5998c6999257: shutdown FollowerState
2019-10-18 14:01:31,636 [Thread-616] INFO  impl.RaftServerImpl (RaftServerImpl.java:setRole(184)) - 92ce6e48-4722-407a-9620-5998c6999257@group-E964BE911FCC: changes role from  FOLLOWER to CANDIDATE at term 61 for changeToCandidate
2019-10-18 14:01:31,636 [Thread-616] INFO  impl.RoleInfo (RoleInfo.java:updateAndGet(143)) - 92ce6e48-4722-407a-9620-5998c6999257: start LeaderElection
2019-10-18 14:01:31,676 [92ce6e48-4722-407a-9620-5998c6999257@group-E964BE911FCC-LeaderElection62] INFO  impl.LeaderElection (LeaderElection.java:askForVotes(178)) - 92ce6e48-4722-407a-9620-5998c6999257@group-E964BE911FCC-LeaderElection62: begin an election at term 62 for -1: [6cbfae60-ea29-4abc-a49d-ef94f4bd513a:192.168.69.85:36685, 66f9d00c-1e97-4252-958c-bed5a531abda:192.168.69.85:45996, 92ce6e48-4722-407a-9620-5998c6999257:192.168.69.85:34971], old=null
2019-10-18 14:01:31,679 [grpc-default-executor-0] INFO  impl.RaftServerImpl (RaftServerImpl.java:setRole(184)) - 66f9d00c-1e97-4252-958c-bed5a531abda@group-E964BE911FCC: changes role from  FOLLOWER to FOLLOWER at term 62 for recognizeCandidate:92ce6e48-4722-407a-9620-5998c6999257
2019-10-18 14:01:31,679 [grpc-default-executor-4] INFO  impl.RaftServerImpl (RaftServerImpl.java:setRole(184)) - 6cbfae60-ea29-4abc-a49d-ef94f4bd513a@group-E964BE911FCC: changes role from  FOLLOWER to FOLLOWER at term 62 for recognizeCandidate:92ce6e48-4722-407a-9620-5998c6999257
2019-10-18 14:01:31,679 [grpc-default-executor-0] INFO  impl.RoleInfo (RoleInfo.java:shutdownFollowerState(121)) - 66f9d00c-1e97-4252-958c-bed5a531abda: shutdown FollowerState
2019-10-18 14:01:31,679 [grpc-default-executor-4] INFO  impl.RoleInfo (RoleInfo.java:shutdownFollowerState(121)) - 6cbfae60-ea29-4abc-a49d-ef94f4bd513a: shutdown FollowerState
2019-10-18 14:01:31,679 [grpc-default-executor-0] INFO  impl.RoleInfo (RoleInfo.java:updateAndGet(143)) - 66f9d00c-1e97-4252-958c-bed5a531abda: start FollowerState
2019-10-18 14:01:31,680 [Thread-615] INFO  impl.FollowerState (FollowerState.java:run(117)) - 6cbfae60-ea29-4abc-a49d-ef94f4bd513a@group-E964BE911FCC-FollowerState was interrupted: java.lang.InterruptedException: sleep interrupted
2019-10-18 14:01:31,680 [grpc-default-executor-4] INFO  impl.RoleInfo (RoleInfo.java:updateAndGet(143)) - 6cbfae60-ea29-4abc-a49d-ef94f4bd513a: start FollowerState
2019-10-18 14:01:31,680 [Thread-614] INFO  impl.FollowerState (FollowerState.java:run(117)) - 66f9d00c-1e97-4252-958c-bed5a531abda@group-E964BE911FCC-FollowerState was interrupted: java.lang.InterruptedException: sleep interrupted
2019-10-18 14:01:31,692 [92ce6e48-4722-407a-9620-5998c6999257@group-E964BE911FCC-LeaderElection62] INFO  impl.LeaderElection (LeaderElection.java:logAndReturn(56)) - 92ce6e48-4722-407a-9620-5998c6999257@group-E964BE911FCC-LeaderElection62: Election REJECTED; received 2 response(s) [92ce6e48-4722-407a-9620-5998c6999257<-6cbfae60-ea29-4abc-a49d-ef94f4bd513a#0:FAIL-t62, 92ce6e48-4722-407a-9620-5998c6999257<-66f9d00c-1e97-4252-958c-bed5a531abda#0:FAIL-t62] and 0 exception(s); 92ce6e48-4722-407a-9620-5998c6999257@group-E964BE911FCC:t62, leader=null, voted=92ce6e48-4722-407a-9620-5998c6999257, raftlog=92ce6e48-4722-407a-9620-5998c6999257@group-E964BE911FCC-SegmentedRaftLog:OPENED:c-1,f-1,i0, conf=-1: [6cbfae60-ea29-4abc-a49d-ef94f4bd513a:192.168.69.85:36685, 66f9d00c-1e97-4252-958c-bed5a531abda:192.168.69.85:45996, 92ce6e48-4722-407a-9620-5998c6999257:192.168.69.85:34971], old=null
2019-10-18 14:01:31,692 [92ce6e48-4722-407a-9620-5998c6999257@group-E964BE911FCC-LeaderElection62] INFO  impl.RaftServerImpl (RaftServerImpl.java:setRole(184)) - 92ce6e48-4722-407a-9620-5998c6999257@group-E964BE911FCC: changes role from CANDIDATE to FOLLOWER at term 62 for DISCOVERED_A_NEW_TERM
2019-10-18 14:01:31,692 [92ce6e48-4722-407a-9620-5998c6999257@group-E964BE911FCC-LeaderElection62] INFO  impl.RoleInfo (RoleInfo.java:shutdownLeaderElection(134)) - 92ce6e48-4722-407a-9620-5998c6999257: shutdown LeaderElection
2019-10-18 14:01:31,692 [92ce6e48-4722-407a-9620-5998c6999257@group-E964BE911FCC-LeaderElection62] INFO  impl.RoleInfo (RoleInfo.java:updateAndGet(143)) - 92ce6e48-4722-407a-9620-5998c6999257: start FollowerState
2019-10-18 14:01:31,742 [Thread-622] INFO  impl.FollowerState (FollowerState.java:run(108)) - 92ce6e48-4722-407a-9620-5998c6999257@group-E964BE911FCC-FollowerState: change to CANDIDATE, lastRpcTime:49ms, electionTimeout:49ms
2019-10-18 14:01:31,742 [Thread-622] INFO  impl.RoleInfo (RoleInfo.java:shutdownFollowerState(121)) - 92ce6e48-4722-407a-9620-5998c6999257: shutdown FollowerState
2019-10-18 14:01:31,742 [Thread-622] INFO  impl.RaftServerImpl (RaftServerImpl.java:setRole(184)) - 92ce6e48-4722-407a-9620-5998c6999257@group-E964BE911FCC: changes role from  FOLLOWER to CANDIDATE at term 62 for changeToCandidate
2019-10-18 14:01:31,742 [Thread-622] INFO  impl.RoleInfo (RoleInfo.java:updateAndGet(143)) - 92ce6e48-4722-407a-9620-5998c6999257: start LeaderElection
2019-10-18 14:01:31,769 [92ce6e48-4722-407a-9620-5998c6999257@group-E964BE911FCC-LeaderElection63] INFO  impl.LeaderElection (LeaderElection.java:askForVotes(178)) - 92ce6e48-4722-407a-9620-5998c6999257@group-E964BE911FCC-LeaderElection63: begin an election at term 63 for -1: [6cbfae60-ea29-4abc-a49d-ef94f4bd513a:192.168.69.85:36685, 66f9d00c-1e97-4252-958c-bed5a531abda:192.168.69.85:45996, 92ce6e48-4722-407a-9620-5998c6999257:192.168.69.85:34971], old=null
2019-10-18 14:01:31,773 [grpc-default-executor-4] INFO  impl.RaftServerImpl (RaftServerImpl.java:setRole(184)) - 66f9d00c-1e97-4252-958c-bed5a531abda@group-E964BE911FCC: changes role from  FOLLOWER to FOLLOWER at term 63 for recognizeCandidate:92ce6e48-4722-407a-9620-5998c6999257
2019-10-18 14:01:31,773 [grpc-default-executor-0] INFO  impl.RaftServerImpl (RaftServerImpl.java:setRole(184)) - 6cbfae60-ea29-4abc-a49d-ef94f4bd513a@group-E964BE911FCC: changes role from  FOLLOWER to FOLLOWER at term 63 for recognizeCandidate:92ce6e48-4722-407a-9620-5998c6999257
2019-10-18 14:01:31,773 [grpc-default-executor-4] INFO  impl.RoleInfo (RoleInfo.java:shutdownFollowerState(121)) - 66f9d00c-1e97-4252-958c-bed5a531abda: shutdown FollowerState
2019-10-18 14:01:31,773 [grpc-default-executor-0] INFO  impl.RoleInfo (RoleInfo.java:shutdownFollowerState(121)) - 6cbfae60-ea29-4abc-a49d-ef94f4bd513a: shutdown FollowerState
2019-10-18 14:01:31,773 [grpc-default-executor-4] INFO  impl.RoleInfo (RoleInfo.java:updateAndGet(143)) - 66f9d00c-1e97-4252-958c-bed5a531abda: start FollowerState
2019-10-18 14:01:31,773 [Thread-620] INFO  impl.FollowerState (FollowerState.java:run(117)) - 66f9d00c-1e97-4252-958c-bed5a531abda@group-E964BE911FCC-FollowerState was interrupted: java.lang.InterruptedException: sleep interrupted
2019-10-18 14:01:31,773 [grpc-default-executor-0] INFO  impl.RoleInfo (RoleInfo.java:updateAndGet(143)) - 6cbfae60-ea29-4abc-a49d-ef94f4bd513a: start FollowerState
2019-10-18 14:01:31,773 [Thread-621] INFO  impl.FollowerState (FollowerState.java:run(117)) - 6cbfae60-ea29-4abc-a49d-ef94f4bd513a@group-E964BE911FCC-FollowerState was interrupted: java.lang.InterruptedException: sleep interrupted
2019-10-18 14:01:31,790 [92ce6e48-4722-407a-9620-5998c6999257@group-E964BE911FCC-LeaderElection63] INFO  impl.LeaderElection (LeaderElection.java:logAndReturn(56)) - 92ce6e48-4722-407a-9620-5998c6999257@group-E964BE911FCC-LeaderElection63: Election REJECTED; received 2 response(s) [92ce6e48-4722-407a-9620-5998c6999257<-6cbfae60-ea29-4abc-a49d-ef94f4bd513a#0:FAIL-t63, 92ce6e48-4722-407a-9620-5998c6999257<-66f9d00c-1e97-4252-958c-bed5a531abda#0:FAIL-t63] and 0 exception(s); 92ce6e48-4722-407a-9620-5998c6999257@group-E964BE911FCC:t63, leader=null, voted=92ce6e48-4722-407a-9620-5998c6999257, raftlog=92ce6e48-4722-407a-9620-5998c6999257@group-E964BE911FCC-SegmentedRaftLog:OPENED:c-1,f-1,i0, conf=-1: [6cbfae60-ea29-4abc-a49d-ef94f4bd513a:192.168.69.85:36685, 66f9d00c-1e97-4252-958c-bed5a531abda:192.168.69.85:45996, 92ce6e48-4722-407a-9620-5998c6999257:192.168.69.85:34971], old=null
2019-10-18 14:01:31,790 [92ce6e48-4722-407a-9620-5998c6999257@group-E964BE911FCC-LeaderElection63] INFO  impl.RaftServerImpl (RaftServerImpl.java:setRole(184)) - 92ce6e48-4722-407a-9620-5998c6999257@group-E964BE911FCC: changes role from CANDIDATE to FOLLOWER at term 63 for DISCOVERED_A_NEW_TERM
2019-10-18 14:01:31,790 [92ce6e48-4722-407a-9620-5998c6999257@group-E964BE911FCC-LeaderElection63] INFO  impl.RoleInfo (RoleInfo.java:shutdownLeaderElection(134)) - 92ce6e48-4722-407a-9620-5998c6999257: shutdown LeaderElection
2019-10-18 14:01:31,790 [92ce6e48-4722-407a-9620-5998c6999257@group-E964BE911FCC-LeaderElection63] INFO  impl.RoleInfo (RoleInfo.java:updateAndGet(143)) - 92ce6e48-4722-407a-9620-5998c6999257: start FollowerState
2019-10-18 14:01:31,803 [Thread-628] INFO  impl.FollowerState (FollowerState.java:run(108)) - 92ce6e48-4722-407a-9620-5998c6999257@group-E964BE911FCC-FollowerState: change to CANDIDATE, lastRpcTime:12ms, electionTimeout:12ms
2019-10-18 14:01:31,803 [Thread-628] INFO  impl.RoleInfo (RoleInfo.java:shutdownFollowerState(121)) - 92ce6e48-4722-407a-9620-5998c6999257: shutdown FollowerState
2019-10-18 14:01:31,803 [Thread-628] INFO  impl.RaftServerImpl (RaftServerImpl.java:setRole(184)) - 92ce6e48-4722-407a-9620-5998c6999257@group-E964BE911FCC: changes role from  FOLLOWER to CANDIDATE at term 63 for changeToCandidate
2019-10-18 14:01:31,803 [Thread-628] INFO  impl.RoleInfo (RoleInfo.java:updateAndGet(143)) - 92ce6e48-4722-407a-9620-5998c6999257: start LeaderElection
2019-10-18 14:01:31,818 [92ce6e48-4722-407a-9620-5998c6999257@group-E964BE911FCC-LeaderElection64] INFO  impl.LeaderElection (LeaderElection.java:askForVotes(178)) - 92ce6e48-4722-407a-9620-5998c6999257@group-E964BE911FCC-LeaderElection64: begin an election at term 64 for -1: [6cbfae60-ea29-4abc-a49d-ef94f4bd513a:192.168.69.85:36685, 66f9d00c-1e97-4252-958c-bed5a531abda:192.168.69.85:45996, 92ce6e48-4722-407a-9620-5998c6999257:192.168.69.85:34971], old=null
2019-10-18 14:01:31,821 [grpc-default-executor-4] INFO  impl.RaftServerImpl (RaftServerImpl.java:setRole(184)) - 66f9d00c-1e97-4252-958c-bed5a531abda@group-E964BE911FCC: changes role from  FOLLOWER to FOLLOWER at term 64 for recognizeCandidate:92ce6e48-4722-407a-9620-5998c6999257
2019-10-18 14:01:31,821 [grpc-default-executor-0] INFO  impl.RaftServerImpl (RaftServerImpl.java:setRole(184)) - 6cbfae60-ea29-4abc-a49d-ef94f4bd513a@group-E964BE911FCC: changes role from  FOLLOWER to FOLLOWER at term 64 for recognizeCandidate:92ce6e48-4722-407a-9620-5998c6999257
2019-10-18 14:01:31,821 [grpc-default-executor-0] INFO  impl.RoleInfo (RoleInfo.java:shutdownFollowerState(121)) - 6cbfae60-ea29-4abc-a49d-ef94f4bd513a: shutdown FollowerState
2019-10-18 14:01:31,821 [grpc-default-executor-4] INFO  impl.RoleInfo (RoleInfo.java:shutdownFollowerState(121)) - 66f9d00c-1e97-4252-958c-bed5a531abda: shutdown FollowerState
2019-10-18 14:01:31,821 [Thread-627] INFO  impl.FollowerState (FollowerState.java:run(117)) - 6cbfae60-ea29-4abc-a49d-ef94f4bd513a@group-E964BE911FCC-FollowerState was interrupted: java.lang.InterruptedException: sleep interrupted
2019-10-18 14:01:31,822 [Thread-626] INFO  impl.FollowerState (FollowerState.java:run(117)) - 66f9d00c-1e97-4252-958c-bed5a531abda@group-E964BE911FCC-FollowerState was interrupted: java.lang.InterruptedException: sleep interrupted
2019-10-18 14:01:31,821 [grpc-default-executor-0] INFO  impl.RoleInfo (RoleInfo.java:updateAndGet(143)) - 6cbfae60-ea29-4abc-a49d-ef94f4bd513a: start FollowerState
2019-10-18 14:01:31,822 [grpc-default-executor-4] INFO  impl.RoleInfo (RoleInfo.java:updateAndGet(143)) - 66f9d00c-1e97-4252-958c-bed5a531abda: start FollowerState
2019-10-18 14:01:31,849 [92ce6e48-4722-407a-9620-5998c6999257@group-E964BE911FCC-LeaderElection64] INFO  impl.LeaderElection (LeaderElection.java:logAndReturn(56)) - 92ce6e48-4722-407a-9620-5998c6999257@group-E964BE911FCC-LeaderElection64: Election REJECTED; received 2 response(s) [92ce6e48-4722-407a-9620-5998c6999257<-6cbfae60-ea29-4abc-a49d-ef94f4bd513a#0:FAIL-t64, 92ce6e48-4722-407a-9620-5998c6999257<-66f9d00c-1e97-4252-958c-bed5a531abda#0:FAIL-t64] and 0 exception(s); 92ce6e48-4722-407a-9620-5998c6999257@group-E964BE911FCC:t64, leader=null, voted=92ce6e48-4722-407a-9620-5998c6999257, raftlog=92ce6e48-4722-407a-9620-5998c6999257@group-E964BE911FCC-SegmentedRaftLog:OPENED:c-1,f-1,i0, conf=-1: [6cbfae60-ea29-4abc-a49d-ef94f4bd513a:192.168.69.85:36685, 66f9d00c-1e97-4252-958c-bed5a531abda:192.168.69.85:45996, 92ce6e48-4722-407a-9620-5998c6999257:192.168.69.85:34971], old=null
2019-10-18 14:01:31,849 [92ce6e48-4722-407a-9620-5998c6999257@group-E964BE911FCC-LeaderElection64] INFO  impl.RaftServerImpl (RaftServerImpl.java:setRole(184)) - 92ce6e48-4722-407a-9620-5998c6999257@group-E964BE911FCC: changes role from CANDIDATE to FOLLOWER at term 64 for DISCOVERED_A_NEW_TERM
2019-10-18 14:01:31,849 [92ce6e48-4722-407a-9620-5998c6999257@group-E964BE911FCC-LeaderElection64] INFO  impl.RoleInfo (RoleInfo.java:shutdownLeaderElection(134)) - 92ce6e48-4722-407a-9620-5998c6999257: shutdown LeaderElection
2019-10-18 14:01:31,849 [92ce6e48-4722-407a-9620-5998c6999257@group-E964BE911FCC-LeaderElection64] INFO  impl.RoleInfo (RoleInfo.java:updateAndGet(143)) - 92ce6e48-4722-407a-9620-5998c6999257: start FollowerState
2019-10-18 14:01:31,998 [Thread-634] INFO  impl.FollowerState (FollowerState.java:run(108)) - 92ce6e48-4722-407a-9620-5998c6999257@group-E964BE911FCC-FollowerState: change to CANDIDATE, lastRpcTime:148ms, electionTimeout:148ms
2019-10-18 14:01:31,998 [Thread-634] INFO  impl.RoleInfo (RoleInfo.java:shutdownFollowerState(121)) - 92ce6e48-4722-407a-9620-5998c6999257: shutdown FollowerState
2019-10-18 14:01:31,998 [Thread-634] INFO  impl.RaftServerImpl (RaftServerImpl.java:setRole(184)) - 92ce6e48-4722-407a-9620-5998c6999257@group-E964BE911FCC: changes role from  FOLLOWER to CANDIDATE at term 64 for changeToCandidate
2019-10-18 14:01:31,998 [Thread-634] INFO  impl.RoleInfo (RoleInfo.java:updateAndGet(143)) - 92ce6e48-4722-407a-9620-5998c6999257: start LeaderElection
2019-10-18 14:01:32,015 [92ce6e48-4722-407a-9620-5998c6999257@group-E964BE911FCC-LeaderElection65] INFO  impl.LeaderElection (LeaderElection.java:askForVotes(178)) - 92ce6e48-4722-407a-9620-5998c6999257@group-E964BE911FCC-LeaderElection65: begin an election at term 65 for -1: [6cbfae60-ea29-4abc-a49d-ef94f4bd513a:192.168.69.85:36685, 66f9d00c-1e97-4252-958c-bed5a531abda:192.168.69.85:45996, 92ce6e48-4722-407a-9620-5998c6999257:192.168.69.85:34971], old=null
2019-10-18 14:01:32,018 [grpc-default-executor-0] INFO  impl.RaftServerImpl (RaftServerImpl.java:setRole(184)) - 66f9d00c-1e97-4252-958c-bed5a531abda@group-E964BE911FCC: changes role from  FOLLOWER to FOLLOWER at term 65 for recognizeCandidate:92ce6e48-4722-407a-9620-5998c6999257
2019-10-18 14:01:32,018 [grpc-default-executor-4] INFO  impl.RaftServerImpl (RaftServerImpl.java:setRole(184)) - 6cbfae60-ea29-4abc-a49d-ef94f4bd513a@group-E964BE911FCC: changes role from  FOLLOWER to FOLLOWER at term 65 for recognizeCandidate:92ce6e48-4722-407a-9620-5998c6999257
2019-10-18 14:01:32,018 [grpc-default-executor-0] INFO  impl.RoleInfo (RoleInfo.java:shutdownFollowerState(121)) - 66f9d00c-1e97-4252-958c-bed5a531abda: shutdown FollowerState
2019-10-18 14:01:32,019 [grpc-default-executor-4] INFO  impl.RoleInfo (RoleInfo.java:shutdownFollowerState(121)) - 6cbfae60-ea29-4abc-a49d-ef94f4bd513a: shutdown FollowerState
2019-10-18 14:01:32,019 [Thread-633] INFO  impl.FollowerState (FollowerState.java:run(117)) - 66f9d00c-1e97-4252-958c-bed5a531abda@group-E964BE911FCC-FollowerState was interrupted: java.lang.InterruptedException: sleep interrupted
2019-10-18 14:01:32,019 [grpc-default-executor-4] INFO  impl.RoleInfo (RoleInfo.java:updateAndGet(143)) - 6cbfae60-ea29-4abc-a49d-ef94f4bd513a: start FollowerState
2019-10-18 14:01:32,019 [grpc-default-executor-0] INFO  impl.RoleInfo (RoleInfo.java:updateAndGet(143)) - 66f9d00c-1e97-4252-958c-bed5a531abda: start FollowerState
2019-10-18 14:01:32,019 [Thread-632] INFO  impl.FollowerState (FollowerState.java:run(117)) - 6cbfae60-ea29-4abc-a49d-ef94f4bd513a@group-E964BE911FCC-FollowerState was interrupted: java.lang.InterruptedException: sleep interrupted
2019-10-18 14:01:32,033 [92ce6e48-4722-407a-9620-5998c6999257@group-E964BE911FCC-LeaderElection65] INFO  impl.LeaderElection (LeaderElection.java:logAndReturn(56)) - 92ce6e48-4722-407a-9620-5998c6999257@group-E964BE911FCC-LeaderElection65: Election REJECTED; received 2 response(s) [92ce6e48-4722-407a-9620-5998c6999257<-6cbfae60-ea29-4abc-a49d-ef94f4bd513a#0:FAIL-t65, 92ce6e48-4722-407a-9620-5998c6999257<-66f9d00c-1e97-4252-958c-bed5a531abda#0:FAIL-t65] and 0 exception(s); 92ce6e48-4722-407a-9620-5998c6999257@group-E964BE911FCC:t65, leader=null, voted=92ce6e48-4722-407a-9620-5998c6999257, raftlog=92ce6e48-4722-407a-9620-5998c6999257@group-E964BE911FCC-SegmentedRaftLog:OPENED:c-1,f-1,i0, conf=-1: [6cbfae60-ea29-4abc-a49d-ef94f4bd513a:192.168.69.85:36685, 66f9d00c-1e97-4252-958c-bed5a531abda:192.168.69.85:45996, 92ce6e48-4722-407a-9620-5998c6999257:192.168.69.85:34971], old=null
2019-10-18 14:01:32,033 [92ce6e48-4722-407a-9620-5998c6999257@group-E964BE911FCC-LeaderElection65] INFO  impl.RaftServerImpl (RaftServerImpl.java:setRole(184)) - 92ce6e48-4722-407a-9620-5998c6999257@group-E964BE911FCC: changes role from CANDIDATE to FOLLOWER at term 65 for DISCOVERED_A_NEW_TERM
2019-10-18 14:01:32,033 [92ce6e48-4722-407a-9620-5998c6999257@group-E964BE911FCC-LeaderElection65] INFO  impl.RoleInfo (RoleInfo.java:shutdownLeaderElection(134)) - 92ce6e48-4722-407a-9620-5998c6999257: shutdown LeaderElection
2019-10-18 14:01:32,033 [92ce6e48-4722-407a-9620-5998c6999257@group-E964BE911FCC-LeaderElection65] INFO  impl.RoleInfo (RoleInfo.java:updateAndGet(143)) - 92ce6e48-4722-407a-9620-5998c6999257: start FollowerState
2019-10-18 14:01:32,230 [Thread-642] INFO  impl.FollowerState (FollowerState.java:run(108)) - 92ce6e48-4722-407a-9620-5998c6999257@group-E964BE911FCC-FollowerState: change to CANDIDATE, lastRpcTime:196ms, electionTimeout:196ms
2019-10-18 14:01:32,230 [Thread-642] INFO  impl.RoleInfo (RoleInfo.java:shutdownFollowerState(121)) - 92ce6e48-4722-407a-9620-5998c6999257: shutdown FollowerState
2019-10-18 14:01:32,230 [Thread-642] INFO  impl.RaftServerImpl (RaftServerImpl.java:setRole(184)) - 92ce6e48-4722-407a-9620-5998c6999257@group-E964BE911FCC: changes role from  FOLLOWER to CANDIDATE at term 65 for changeToCandidate
2019-10-18 14:01:32,230 [Thread-642] INFO  impl.RoleInfo (RoleInfo.java:updateAndGet(143)) - 92ce6e48-4722-407a-9620-5998c6999257: start LeaderElection
2019-10-18 14:01:32,244 [92ce6e48-4722-407a-9620-5998c6999257@group-E964BE911FCC-LeaderElection66] INFO  impl.LeaderElection (LeaderElection.java:askForVotes(178)) - 92ce6e48-4722-407a-9620-5998c6999257@group-E964BE911FCC-LeaderElection66: begin an election at term 66 for -1: [6cbfae60-ea29-4abc-a49d-ef94f4bd513a:192.168.69.85:36685, 66f9d00c-1e97-4252-958c-bed5a531abda:192.168.69.85:45996, 92ce6e48-4722-407a-9620-5998c6999257:192.168.69.85:34971], old=null
2019-10-18 14:01:32,247 [grpc-default-executor-4] INFO  impl.RaftServerImpl (RaftServerImpl.java:setRole(184)) - 6cbfae60-ea29-4abc-a49d-ef94f4bd513a@group-E964BE911FCC: changes role from  FOLLOWER to FOLLOWER at term 66 for recognizeCandidate:92ce6e48-4722-407a-9620-5998c6999257
2019-10-18 14:01:32,247 [grpc-default-executor-0] INFO  impl.RaftServerImpl (RaftServerImpl.java:setRole(184)) - 66f9d00c-1e97-4252-958c-bed5a531abda@group-E964BE911FCC: changes role from  FOLLOWER to FOLLOWER at term 66 for recognizeCandidate:92ce6e48-4722-407a-9620-5998c6999257
2019-10-18 14:01:32,247 [grpc-default-executor-4] INFO  impl.RoleInfo (RoleInfo.java:shutdownFollowerState(121)) - 6cbfae60-ea29-4abc-a49d-ef94f4bd513a: shutdown FollowerState
2019-10-18 14:01:32,247 [grpc-default-executor-0] INFO  impl.RoleInfo (RoleInfo.java:shutdownFollowerState(121)) - 66f9d00c-1e97-4252-958c-bed5a531abda: shutdown FollowerState
2019-10-18 14:01:32,247 [Thread-641] INFO  impl.FollowerState (FollowerState.java:run(117)) - 6cbfae60-ea29-4abc-a49d-ef94f4bd513a@group-E964BE911FCC-FollowerState was interrupted: java.lang.InterruptedException: sleep interrupted
2019-10-18 14:01:32,248 [Thread-640] INFO  impl.FollowerState (FollowerState.java:run(117)) - 66f9d00c-1e97-4252-958c-bed5a531abda@group-E964BE911FCC-FollowerState was interrupted: java.lang.InterruptedException: sleep interrupted
2019-10-18 14:01:32,247 [grpc-default-executor-4] INFO  impl.RoleInfo (RoleInfo.java:updateAndGet(143)) - 6cbfae60-ea29-4abc-a49d-ef94f4bd513a: start FollowerState
2019-10-18 14:01:32,247 [grpc-default-executor-0] INFO  impl.RoleInfo (RoleInfo.java:updateAndGet(143)) - 66f9d00c-1e97-4252-958c-bed5a531abda: start FollowerState
2019-10-18 14:01:32,263 [92ce6e48-4722-407a-9620-5998c6999257@group-E964BE911FCC-LeaderElection66] INFO  impl.LeaderElection (LeaderElection.java:logAndReturn(56)) - 92ce6e48-4722-407a-9620-5998c6999257@group-E964BE911FCC-LeaderElection66: Election REJECTED; received 2 response(s) [92ce6e48-4722-407a-9620-5998c6999257<-6cbfae60-ea29-4abc-a49d-ef94f4bd513a#0:FAIL-t66, 92ce6e48-4722-407a-9620-5998c6999257<-66f9d00c-1e97-4252-958c-bed5a531abda#0:FAIL-t66] and 0 exception(s); 92ce6e48-4722-407a-9620-5998c6999257@group-E964BE911FCC:t66, leader=null, voted=92ce6e48-4722-407a-9620-5998c6999257, raftlog=92ce6e48-4722-407a-9620-5998c6999257@group-E964BE911FCC-SegmentedRaftLog:OPENED:c-1,f-1,i0, conf=-1: [6cbfae60-ea29-4abc-a49d-ef94f4bd513a:192.168.69.85:36685, 66f9d00c-1e97-4252-958c-bed5a531abda:192.168.69.85:45996, 92ce6e48-4722-407a-9620-5998c6999257:192.168.69.85:34971], old=null
2019-10-18 14:01:32,263 [92ce6e48-4722-407a-9620-5998c6999257@group-E964BE911FCC-LeaderElection66] INFO  impl.RaftServerImpl (RaftServerImpl.java:setRole(184)) - 92ce6e48-4722-407a-9620-5998c6999257@group-E964BE911FCC: changes role from CANDIDATE to FOLLOWER at term 66 for DISCOVERED_A_NEW_TERM
2019-10-18 14:01:32,263 [92ce6e48-4722-407a-9620-5998c6999257@group-E964BE911FCC-LeaderElection66] INFO  impl.RoleInfo (RoleInfo.java:shutdownLeaderElection(134)) - 92ce6e48-4722-407a-9620-5998c6999257: shutdown LeaderElection
2019-10-18 14:01:32,264 [92ce6e48-4722-407a-9620-5998c6999257@group-E964BE911FCC-LeaderElection66] INFO  impl.RoleInfo (RoleInfo.java:updateAndGet(143)) - 92ce6e48-4722-407a-9620-5998c6999257: start FollowerState
2019-10-18 14:01:32,273 [Thread-648] INFO  impl.FollowerState (FollowerState.java:run(108)) - 92ce6e48-4722-407a-9620-5998c6999257@group-E964BE911FCC-FollowerState: change to CANDIDATE, lastRpcTime:9ms, electionTimeout:9ms
2019-10-18 14:01:32,273 [Thread-648] INFO  impl.RoleInfo (RoleInfo.java:shutdownFollowerState(121)) - 92ce6e48-4722-407a-9620-5998c6999257: shutdown FollowerState
2019-10-18 14:01:32,273 [Thread-648] INFO  impl.RaftServerImpl (RaftServerImpl.java:setRole(184)) - 92ce6e48-4722-407a-9620-5998c6999257@group-E964BE911FCC: changes role from  FOLLOWER to CANDIDATE at term 66 for changeToCandidate
2019-10-18 14:01:32,273 [Thread-648] INFO  impl.RoleInfo (RoleInfo.java:updateAndGet(143)) - 92ce6e48-4722-407a-9620-5998c6999257: start LeaderElection
2019-10-18 14:01:32,288 [92ce6e48-4722-407a-9620-5998c6999257@group-E964BE911FCC-LeaderElection67] INFO  impl.LeaderElection (LeaderElection.java:askForVotes(178)) - 92ce6e48-4722-407a-9620-5998c6999257@group-E964BE911FCC-LeaderElection67: begin an election at term 67 for -1: [6cbfae60-ea29-4abc-a49d-ef94f4bd513a:192.168.69.85:36685, 66f9d00c-1e97-4252-958c-bed5a531abda:192.168.69.85:45996, 92ce6e48-4722-407a-9620-5998c6999257:192.168.69.85:34971], old=null
2019-10-18 14:01:32,290 [grpc-default-executor-0] INFO  impl.RaftServerImpl (RaftServerImpl.java:setRole(184)) - 6cbfae60-ea29-4abc-a49d-ef94f4bd513a@group-E964BE911FCC: changes role from  FOLLOWER to FOLLOWER at term 67 for recognizeCandidate:92ce6e48-4722-407a-9620-5998c6999257
2019-10-18 14:01:32,291 [grpc-default-executor-0] INFO  impl.RoleInfo (RoleInfo.java:shutdownFollowerState(121)) - 6cbfae60-ea29-4abc-a49d-ef94f4bd513a: shutdown FollowerState
2019-10-18 14:01:32,290 [grpc-default-executor-4] INFO  impl.RaftServerImpl (RaftServerImpl.java:setRole(184)) - 66f9d00c-1e97-4252-958c-bed5a531abda@group-E964BE911FCC: changes role from  FOLLOWER to FOLLOWER at term 67 for recognizeCandidate:92ce6e48-4722-407a-9620-5998c6999257
2019-10-18 14:01:32,291 [Thread-646] INFO  impl.FollowerState (FollowerState.java:run(117)) - 6cbfae60-ea29-4abc-a49d-ef94f4bd513a@group-E964BE911FCC-FollowerState was interrupted: java.lang.InterruptedException: sleep interrupted
2019-10-18 14:01:32,291 [grpc-default-executor-0] INFO  impl.RoleInfo (RoleInfo.java:updateAndGet(143)) - 6cbfae60-ea29-4abc-a49d-ef94f4bd513a: start FollowerState
2019-10-18 14:01:32,291 [grpc-default-executor-4] INFO  impl.RoleInfo (RoleInfo.java:shutdownFollowerState(121)) - 66f9d00c-1e97-4252-958c-bed5a531abda: shutdown FollowerState
2019-10-18 14:01:32,291 [grpc-default-executor-4] INFO  impl.RoleInfo (RoleInfo.java:updateAndGet(143)) - 66f9d00c-1e97-4252-958c-bed5a531abda: start FollowerState
2019-10-18 14:01:32,291 [Thread-647] INFO  impl.FollowerState (FollowerState.java:run(117)) - 66f9d00c-1e97-4252-958c-bed5a531abda@group-E964BE911FCC-FollowerState was interrupted: java.lang.InterruptedException: sleep interrupted
2019-10-18 14:01:32,301 [92ce6e48-4722-407a-9620-5998c6999257@group-E964BE911FCC-LeaderElection67] INFO  impl.LeaderElection (LeaderElection.java:logAndReturn(56)) - 92ce6e48-4722-407a-9620-5998c6999257@group-E964BE911FCC-LeaderElection67: Election TIMEOUT; received 0 response(s) [] and 0 exception(s); 92ce6e48-4722-407a-9620-5998c6999257@group-E964BE911FCC:t67, leader=null, voted=92ce6e48-4722-407a-9620-5998c6999257, raftlog=92ce6e48-4722-407a-9620-5998c6999257@group-E964BE911FCC-SegmentedRaftLog:OPENED:c-1,f-1,i0, conf=-1: [6cbfae60-ea29-4abc-a49d-ef94f4bd513a:192.168.69.85:36685, 66f9d00c-1e97-4252-958c-bed5a531abda:192.168.69.85:45996, 92ce6e48-4722-407a-9620-5998c6999257:192.168.69.85:34971], old=null
2019-10-18 14:01:32,306 [92ce6e48-4722-407a-9620-5998c6999257@group-E964BE911FCC-LeaderElection67] INFO  impl.LeaderElection (LeaderElection.java:askForVotes(178)) - 92ce6e48-4722-407a-9620-5998c6999257@group-E964BE911FCC-LeaderElection67: begin an election at term 68 for -1: [6cbfae60-ea29-4abc-a49d-ef94f4bd513a:192.168.69.85:36685, 66f9d00c-1e97-4252-958c-bed5a531abda:192.168.69.85:45996, 92ce6e48-4722-407a-9620-5998c6999257:192.168.69.85:34971], old=null
2019-10-18 14:01:32,308 [grpc-default-executor-0] INFO  impl.RaftServerImpl (RaftServerImpl.java:setRole(184)) - 6cbfae60-ea29-4abc-a49d-ef94f4bd513a@group-E964BE911FCC: changes role from  FOLLOWER to FOLLOWER at term 68 for recognizeCandidate:92ce6e48-4722-407a-9620-5998c6999257
2019-10-18 14:01:32,308 [grpc-default-executor-0] INFO  impl.RoleInfo (RoleInfo.java:shutdownFollowerState(121)) - 6cbfae60-ea29-4abc-a49d-ef94f4bd513a: shutdown FollowerState
2019-10-18 14:01:32,308 [grpc-default-executor-0] INFO  impl.RoleInfo (RoleInfo.java:updateAndGet(143)) - 6cbfae60-ea29-4abc-a49d-ef94f4bd513a: start FollowerState
2019-10-18 14:01:32,308 [Thread-652] INFO  impl.FollowerState (FollowerState.java:run(117)) - 6cbfae60-ea29-4abc-a49d-ef94f4bd513a@group-E964BE911FCC-FollowerState was interrupted: java.lang.InterruptedException: sleep interrupted
2019-10-18 14:01:32,309 [grpc-default-executor-4] INFO  impl.RaftServerImpl (RaftServerImpl.java:setRole(184)) - 66f9d00c-1e97-4252-958c-bed5a531abda@group-E964BE911FCC: changes role from  FOLLOWER to FOLLOWER at term 68 for recognizeCandidate:92ce6e48-4722-407a-9620-5998c6999257
2019-10-18 14:01:32,309 [grpc-default-executor-4] INFO  impl.RoleInfo (RoleInfo.java:shutdownFollowerState(121)) - 66f9d00c-1e97-4252-958c-bed5a531abda: shutdown FollowerState
2019-10-18 14:01:32,309 [grpc-default-executor-4] INFO  impl.RoleInfo (RoleInfo.java:updateAndGet(143)) - 66f9d00c-1e97-4252-958c-bed5a531abda: start FollowerState
2019-10-18 14:01:32,309 [Thread-653] INFO  impl.FollowerState (FollowerState.java:run(117)) - 66f9d00c-1e97-4252-958c-bed5a531abda@group-E964BE911FCC-FollowerState was interrupted: java.lang.InterruptedException: sleep interrupted
2019-10-18 14:01:32,335 [92ce6e48-4722-407a-9620-5998c6999257@group-E964BE911FCC-LeaderElection67] INFO  impl.LeaderElection (LeaderElection.java:logAndReturn(56)) - 92ce6e48-4722-407a-9620-5998c6999257@group-E964BE911FCC-LeaderElection67: Election REJECTED; received 2 response(s) [92ce6e48-4722-407a-9620-5998c6999257<-6cbfae60-ea29-4abc-a49d-ef94f4bd513a#0:FAIL-t68, 92ce6e48-4722-407a-9620-5998c6999257<-66f9d00c-1e97-4252-958c-bed5a531abda#0:FAIL-t68] and 0 exception(s); 92ce6e48-4722-407a-9620-5998c6999257@group-E964BE911FCC:t68, leader=null, voted=92ce6e48-4722-407a-9620-5998c6999257, raftlog=92ce6e48-4722-407a-9620-5998c6999257@group-E964BE911FCC-SegmentedRaftLog:OPENED:c-1,f-1,i0, conf=-1: [6cbfae60-ea29-4abc-a49d-ef94f4bd513a:192.168.69.85:36685, 66f9d00c-1e97-4252-958c-bed5a531abda:192.168.69.85:45996, 92ce6e48-4722-407a-9620-5998c6999257:192.168.69.85:34971], old=null
2019-10-18 14:01:32,335 [92ce6e48-4722-407a-9620-5998c6999257@group-E964BE911FCC-LeaderElection67] INFO  impl.RaftServerImpl (RaftServerImpl.java:setRole(184)) - 92ce6e48-4722-407a-9620-5998c6999257@group-E964BE911FCC: changes role from CANDIDATE to FOLLOWER at term 68 for DISCOVERED_A_NEW_TERM
2019-10-18 14:01:32,335 [92ce6e48-4722-407a-9620-5998c6999257@group-E964BE911FCC-LeaderElection67] INFO  impl.RoleInfo (RoleInfo.java:shutdownLeaderElection(134)) - 92ce6e48-4722-407a-9620-5998c6999257: shutdown LeaderElection
2019-10-18 14:01:32,335 [92ce6e48-4722-407a-9620-5998c6999257@group-E964BE911FCC-LeaderElection67] INFO  impl.RoleInfo (RoleInfo.java:updateAndGet(143)) - 92ce6e48-4722-407a-9620-5998c6999257: start FollowerState
2019-10-18 14:01:32,424 [Thread-658] INFO  impl.FollowerState (FollowerState.java:run(108)) - 92ce6e48-4722-407a-9620-5998c6999257@group-E964BE911FCC-FollowerState: change to CANDIDATE, lastRpcTime:88ms, electionTimeout:88ms
2019-10-18 14:01:32,424 [Thread-658] INFO  impl.RoleInfo (RoleInfo.java:shutdownFollowerState(121)) - 92ce6e48-4722-407a-9620-5998c6999257: shutdown FollowerState
2019-10-18 14:01:32,424 [Thread-658] INFO  impl.RaftServerImpl (RaftServerImpl.java:setRole(184)) - 92ce6e48-4722-407a-9620-5998c6999257@group-E964BE911FCC: changes role from  FOLLOWER to CANDIDATE at term 68 for changeToCandidate
2019-10-18 14:01:32,424 [Thread-658] INFO  impl.RoleInfo (RoleInfo.java:updateAndGet(143)) - 92ce6e48-4722-407a-9620-5998c6999257: start LeaderElection
2019-10-18 14:01:32,439 [92ce6e48-4722-407a-9620-5998c6999257@group-E964BE911FCC-LeaderElection68] INFO  impl.LeaderElection (LeaderElection.java:askForVotes(178)) - 92ce6e48-4722-407a-9620-5998c6999257@group-E964BE911FCC-LeaderElection68: begin an election at term 69 for -1: [6cbfae60-ea29-4abc-a49d-ef94f4bd513a:192.168.69.85:36685, 66f9d00c-1e97-4252-958c-bed5a531abda:192.168.69.85:45996, 92ce6e48-4722-407a-9620-5998c6999257:192.168.69.85:34971], old=null
2019-10-18 14:01:32,444 [grpc-default-executor-4] INFO  impl.RaftServerImpl (RaftServerImpl.java:setRole(184)) - 6cbfae60-ea29-4abc-a49d-ef94f4bd513a@group-E964BE911FCC: changes role from  FOLLOWER to FOLLOWER at term 69 for recognizeCandidate:92ce6e48-4722-407a-9620-5998c6999257
2019-10-18 14:01:32,444 [grpc-default-executor-0] INFO  impl.RaftServerImpl (RaftServerImpl.java:setRole(184)) - 66f9d00c-1e97-4252-958c-bed5a531abda@group-E964BE911FCC: changes role from  FOLLOWER to FOLLOWER at term 69 for recognizeCandidate:92ce6e48-4722-407a-9620-5998c6999257
2019-10-18 14:01:32,444 [grpc-default-executor-4] INFO  impl.RoleInfo (RoleInfo.java:shutdownFollowerState(121)) - 6cbfae60-ea29-4abc-a49d-ef94f4bd513a: shutdown FollowerState
2019-10-18 14:01:32,444 [grpc-default-executor-0] INFO  impl.RoleInfo (RoleInfo.java:shutdownFollowerState(121)) - 66f9d00c-1e97-4252-958c-bed5a531abda: shutdown FollowerState
2019-10-18 14:01:32,444 [Thread-656] INFO  impl.FollowerState (FollowerState.java:run(117)) - 6cbfae60-ea29-4abc-a49d-ef94f4bd513a@group-E964BE911FCC-FollowerState was interrupted: java.lang.InterruptedException: sleep interrupted
2019-10-18 14:01:32,444 [grpc-default-executor-4] INFO  impl.RoleInfo (RoleInfo.java:updateAndGet(143)) - 6cbfae60-ea29-4abc-a49d-ef94f4bd513a: start FollowerState
2019-10-18 14:01:32,444 [Thread-657] INFO  impl.FollowerState (FollowerState.java:run(117)) - 66f9d00c-1e97-4252-958c-bed5a531abda@group-E964BE911FCC-FollowerState was interrupted: java.lang.InterruptedException: sleep interrupted
2019-10-18 14:01:32,444 [grpc-default-executor-0] INFO  impl.RoleInfo (RoleInfo.java:updateAndGet(143)) - 66f9d00c-1e97-4252-958c-bed5a531abda: start FollowerState
2019-10-18 14:01:32,453 [92ce6e48-4722-407a-9620-5998c6999257@group-E964BE911FCC-LeaderElection68] INFO  impl.LeaderElection (LeaderElection.java:logAndReturn(56)) - 92ce6e48-4722-407a-9620-5998c6999257@group-E964BE911FCC-LeaderElection68: Election TIMEOUT; received 0 response(s) [] and 0 exception(s); 92ce6e48-4722-407a-9620-5998c6999257@group-E964BE911FCC:t69, leader=null, voted=92ce6e48-4722-407a-9620-5998c6999257, raftlog=92ce6e48-4722-407a-9620-5998c6999257@group-E964BE911FCC-SegmentedRaftLog:OPENED:c-1,f-1,i0, conf=-1: [6cbfae60-ea29-4abc-a49d-ef94f4bd513a:192.168.69.85:36685, 66f9d00c-1e97-4252-958c-bed5a531abda:192.168.69.85:45996, 92ce6e48-4722-407a-9620-5998c6999257:192.168.69.85:34971], old=null
2019-10-18 14:01:32,459 [92ce6e48-4722-407a-9620-5998c6999257@group-E964BE911FCC-LeaderElection68] INFO  impl.LeaderElection (LeaderElection.java:askForVotes(178)) - 92ce6e48-4722-407a-9620-5998c6999257@group-E964BE911FCC-LeaderElection68: begin an election at term 70 for -1: [6cbfae60-ea29-4abc-a49d-ef94f4bd513a:192.168.69.85:36685, 66f9d00c-1e97-4252-958c-bed5a531abda:192.168.69.85:45996, 92ce6e48-4722-407a-9620-5998c6999257:192.168.69.85:34971], old=null
2019-10-18 14:01:32,465 [grpc-default-executor-4] INFO  impl.RaftServerImpl (RaftServerImpl.java:setRole(184)) - 6cbfae60-ea29-4abc-a49d-ef94f4bd513a@group-E964BE911FCC: changes role from  FOLLOWER to FOLLOWER at term 70 for recognizeCandidate:92ce6e48-4722-407a-9620-5998c6999257
2019-10-18 14:01:32,465 [grpc-default-executor-4] INFO  impl.RoleInfo (RoleInfo.java:shutdownFollowerState(121)) - 6cbfae60-ea29-4abc-a49d-ef94f4bd513a: shutdown FollowerState
2019-10-18 14:01:32,465 [grpc-default-executor-4] INFO  impl.RoleInfo (RoleInfo.java:updateAndGet(143)) - 6cbfae60-ea29-4abc-a49d-ef94f4bd513a: start FollowerState
2019-10-18 14:01:32,465 [grpc-default-executor-0] INFO  impl.RaftServerImpl (RaftServerImpl.java:setRole(184)) - 66f9d00c-1e97-4252-958c-bed5a531abda@group-E964BE911FCC: changes role from  FOLLOWER to FOLLOWER at term 70 for recognizeCandidate:92ce6e48-4722-407a-9620-5998c6999257
2019-10-18 14:01:32,465 [grpc-default-executor-0] INFO  impl.RoleInfo (RoleInfo.java:shutdownFollowerState(121)) - 66f9d00c-1e97-4252-958c-bed5a531abda: shutdown FollowerState
2019-10-18 14:01:32,465 [Thread-662] INFO  impl.FollowerState (FollowerState.java:run(117)) - 6cbfae60-ea29-4abc-a49d-ef94f4bd513a@group-E964BE911FCC-FollowerState was interrupted: java.lang.InterruptedException: sleep interrupted
2019-10-18 14:01:32,466 [Thread-663] INFO  impl.FollowerState (FollowerState.java:run(117)) - 66f9d00c-1e97-4252-958c-bed5a531abda@group-E964BE911FCC-FollowerState was interrupted: java.lang.InterruptedException: sleep interrupted
2019-10-18 14:01:32,465 [grpc-default-executor-0] INFO  impl.RoleInfo (RoleInfo.java:updateAndGet(143)) - 66f9d00c-1e97-4252-958c-bed5a531abda: start FollowerState
2019-10-18 14:01:32,480 [92ce6e48-4722-407a-9620-5998c6999257@group-E964BE911FCC-LeaderElection68] INFO  impl.LeaderElection (LeaderElection.java:logAndReturn(56)) - 92ce6e48-4722-407a-9620-5998c6999257@group-E964BE911FCC-LeaderElection68: Election REJECTED; received 2 response(s) [92ce6e48-4722-407a-9620-5998c6999257<-6cbfae60-ea29-4abc-a49d-ef94f4bd513a#0:FAIL-t70, 92ce6e48-4722-407a-9620-5998c6999257<-66f9d00c-1e97-4252-958c-bed5a531abda#0:FAIL-t70] and 0 exception(s); 92ce6e48-4722-407a-9620-5998c6999257@group-E964BE911FCC:t70, leader=null, voted=92ce6e48-4722-407a-9620-5998c6999257, raftlog=92ce6e48-4722-407a-9620-5998c6999257@group-E964BE911FCC-SegmentedRaftLog:OPENED:c-1,f-1,i0, conf=-1: [6cbfae60-ea29-4abc-a49d-ef94f4bd513a:192.168.69.85:36685, 66f9d00c-1e97-4252-958c-bed5a531abda:192.168.69.85:45996, 92ce6e48-4722-407a-9620-5998c6999257:192.168.69.85:34971], old=null
2019-10-18 14:01:32,481 [92ce6e48-4722-407a-9620-5998c6999257@group-E964BE911FCC-LeaderElection68] INFO  impl.RaftServerImpl (RaftServerImpl.java:setRole(184)) - 92ce6e48-4722-407a-9620-5998c6999257@group-E964BE911FCC: changes role from CANDIDATE to FOLLOWER at term 70 for DISCOVERED_A_NEW_TERM
2019-10-18 14:01:32,481 [92ce6e48-4722-407a-9620-5998c6999257@group-E964BE911FCC-LeaderElection68] INFO  impl.RoleInfo (RoleInfo.java:shutdownLeaderElection(134)) - 92ce6e48-4722-407a-9620-5998c6999257: shutdown LeaderElection
2019-10-18 14:01:32,481 [92ce6e48-4722-407a-9620-5998c6999257@group-E964BE911FCC-LeaderElection68] INFO  impl.RoleInfo (RoleInfo.java:updateAndGet(143)) - 92ce6e48-4722-407a-9620-5998c6999257: start FollowerState
2019-10-18 14:01:32,513 [Thread-668] INFO  impl.FollowerState (FollowerState.java:run(108)) - 92ce6e48-4722-407a-9620-5998c6999257@group-E964BE911FCC-FollowerState: change to CANDIDATE, lastRpcTime:32ms, electionTimeout:32ms
2019-10-18 14:01:32,513 [Thread-668] INFO  impl.RoleInfo (RoleInfo.java:shutdownFollowerState(121)) - 92ce6e48-4722-407a-9620-5998c6999257: shutdown FollowerState
2019-10-18 14:01:32,514 [Thread-668] INFO  impl.RaftServerImpl (RaftServerImpl.java:setRole(184)) - 92ce6e48-4722-407a-9620-5998c6999257@group-E964BE911FCC: changes role from  FOLLOWER to CANDIDATE at term 70 for changeToCandidate
2019-10-18 14:01:32,514 [Thread-668] INFO  impl.RoleInfo (RoleInfo.java:updateAndGet(143)) - 92ce6e48-4722-407a-9620-5998c6999257: start LeaderElection
2019-10-18 14:01:32,539 [92ce6e48-4722-407a-9620-5998c6999257@group-E964BE911FCC-LeaderElection69] INFO  impl.LeaderElection (LeaderElection.java:askForVotes(178)) - 92ce6e48-4722-407a-9620-5998c6999257@group-E964BE911FCC-LeaderElection69: begin an election at term 71 for -1: [6cbfae60-ea29-4abc-a49d-ef94f4bd513a:192.168.69.85:36685, 66f9d00c-1e97-4252-958c-bed5a531abda:192.168.69.85:45996, 92ce6e48-4722-407a-9620-5998c6999257:192.168.69.85:34971], old=null
2019-10-18 14:01:32,543 [grpc-default-executor-0] INFO  impl.RaftServerImpl (RaftServerImpl.java:setRole(184)) - 66f9d00c-1e97-4252-958c-bed5a531abda@group-E964BE911FCC: changes role from  FOLLOWER to FOLLOWER at term 71 for recognizeCandidate:92ce6e48-4722-407a-9620-5998c6999257
2019-10-18 14:01:32,543 [grpc-default-executor-4] INFO  impl.RaftServerImpl (RaftServerImpl.java:setRole(184)) - 6cbfae60-ea29-4abc-a49d-ef94f4bd513a@group-E964BE911FCC: changes role from  FOLLOWER to FOLLOWER at term 71 for recognizeCandidate:92ce6e48-4722-407a-9620-5998c6999257
2019-10-18 14:01:32,544 [grpc-default-executor-4] INFO  impl.RoleInfo (RoleInfo.java:shutdownFollowerState(121)) - 6cbfae60-ea29-4abc-a49d-ef94f4bd513a: shutdown FollowerState
2019-10-18 14:01:32,544 [grpc-default-executor-0] INFO  impl.RoleInfo (RoleInfo.java:shutdownFollowerState(121)) - 66f9d00c-1e97-4252-958c-bed5a531abda: shutdown FollowerState
2019-10-18 14:01:32,544 [grpc-default-executor-4] INFO  impl.RoleInfo (RoleInfo.java:updateAndGet(143)) - 6cbfae60-ea29-4abc-a49d-ef94f4bd513a: start FollowerState
2019-10-18 14:01:32,544 [Thread-666] INFO  impl.FollowerState (FollowerState.java:run(117)) - 6cbfae60-ea29-4abc-a49d-ef94f4bd513a@group-E964BE911FCC-FollowerState was interrupted: java.lang.InterruptedException: sleep interrupted
2019-10-18 14:01:32,544 [Thread-667] INFO  impl.FollowerState (FollowerState.java:run(117)) - 66f9d00c-1e97-4252-958c-bed5a531abda@group-E964BE911FCC-FollowerState was interrupted: java.lang.InterruptedException: sleep interrupted
2019-10-18 14:01:32,544 [grpc-default-executor-0] INFO  impl.RoleInfo (RoleInfo.java:updateAndGet(143)) - 66f9d00c-1e97-4252-958c-bed5a531abda: start FollowerState
2019-10-18 14:01:32,571 [92ce6e48-4722-407a-9620-5998c6999257@group-E964BE911FCC-LeaderElection69] INFO  impl.LeaderElection (LeaderElection.java:logAndReturn(56)) - 92ce6e48-4722-407a-9620-5998c6999257@group-E964BE911FCC-LeaderElection69: Election REJECTED; received 2 response(s) [92ce6e48-4722-407a-9620-5998c6999257<-6cbfae60-ea29-4abc-a49d-ef94f4bd513a#0:FAIL-t71, 92ce6e48-4722-407a-9620-5998c6999257<-66f9d00c-1e97-4252-958c-bed5a531abda#0:FAIL-t71] and 0 exception(s); 92ce6e48-4722-407a-9620-5998c6999257@group-E964BE911FCC:t71, leader=null, voted=92ce6e48-4722-407a-9620-5998c6999257, raftlog=92ce6e48-4722-407a-9620-5998c6999257@group-E964BE911FCC-SegmentedRaftLog:OPENED:c-1,f-1,i0, conf=-1: [6cbfae60-ea29-4abc-a49d-ef94f4bd513a:192.168.69.85:36685, 66f9d00c-1e97-4252-958c-bed5a531abda:192.168.69.85:45996, 92ce6e48-4722-407a-9620-5998c6999257:192.168.69.85:34971], old=null
2019-10-18 14:01:32,571 [92ce6e48-4722-407a-9620-5998c6999257@group-E964BE911FCC-LeaderElection69] INFO  impl.RaftServerImpl (RaftServerImpl.java:setRole(184)) - 92ce6e48-4722-407a-9620-5998c6999257@group-E964BE911FCC: changes role from CANDIDATE to FOLLOWER at term 71 for DISCOVERED_A_NEW_TERM
2019-10-18 14:01:32,571 [92ce6e48-4722-407a-9620-5998c6999257@group-E964BE911FCC-LeaderElection69] INFO  impl.RoleInfo (RoleInfo.java:shutdownLeaderElection(134)) - 92ce6e48-4722-407a-9620-5998c6999257: shutdown LeaderElection
2019-10-18 14:01:32,572 [92ce6e48-4722-407a-9620-5998c6999257@group-E964BE911FCC-LeaderElection69] INFO  impl.RoleInfo (RoleInfo.java:updateAndGet(143)) - 92ce6e48-4722-407a-9620-5998c6999257: start FollowerState
2019-10-18 14:01:32,606 [Thread-674] INFO  impl.FollowerState (FollowerState.java:run(108)) - 92ce6e48-4722-407a-9620-5998c6999257@group-E964BE911FCC-FollowerState: change to CANDIDATE, lastRpcTime:34ms, electionTimeout:34ms
2019-10-18 14:01:32,606 [Thread-674] INFO  impl.RoleInfo (RoleInfo.java:shutdownFollowerState(121)) - 92ce6e48-4722-407a-9620-5998c6999257: shutdown FollowerState
2019-10-18 14:01:32,606 [Thread-674] INFO  impl.RaftServerImpl (RaftServerImpl.java:setRole(184)) - 92ce6e48-4722-407a-9620-5998c6999257@group-E964BE911FCC: changes role from  FOLLOWER to CANDIDATE at term 71 for changeToCandidate
2019-10-18 14:01:32,606 [Thread-674] INFO  impl.RoleInfo (RoleInfo.java:updateAndGet(143)) - 92ce6e48-4722-407a-9620-5998c6999257: start LeaderElection
2019-10-18 14:01:32,621 [92ce6e48-4722-407a-9620-5998c6999257@group-E964BE911FCC-LeaderElection70] INFO  impl.LeaderElection (LeaderElection.java:askForVotes(178)) - 92ce6e48-4722-407a-9620-5998c6999257@group-E964BE911FCC-LeaderElection70: begin an election at term 72 for -1: [6cbfae60-ea29-4abc-a49d-ef94f4bd513a:192.168.69.85:36685, 66f9d00c-1e97-4252-958c-bed5a531abda:192.168.69.85:45996, 92ce6e48-4722-407a-9620-5998c6999257:192.168.69.85:34971], old=null
2019-10-18 14:01:32,624 [grpc-default-executor-0] INFO  impl.RaftServerImpl (RaftServerImpl.java:setRole(184)) - 6cbfae60-ea29-4abc-a49d-ef94f4bd513a@group-E964BE911FCC: changes role from  FOLLOWER to FOLLOWER at term 72 for recognizeCandidate:92ce6e48-4722-407a-9620-5998c6999257
2019-10-18 14:01:32,624 [grpc-default-executor-4] INFO  impl.RaftServerImpl (RaftServerImpl.java:setRole(184)) - 66f9d00c-1e97-4252-958c-bed5a531abda@group-E964BE911FCC: changes role from  FOLLOWER to FOLLOWER at term 72 for recognizeCandidate:92ce6e48-4722-407a-9620-5998c6999257
2019-10-18 14:01:32,624 [grpc-default-executor-0] INFO  impl.RoleInfo (RoleInfo.java:shutdownFollowerState(121)) - 6cbfae60-ea29-4abc-a49d-ef94f4bd513a: shutdown FollowerState
2019-10-18 14:01:32,625 [grpc-default-executor-4] INFO  impl.RoleInfo (RoleInfo.java:shutdownFollowerState(121)) - 66f9d00c-1e97-4252-958c-bed5a531abda: shutdown FollowerState
2019-10-18 14:01:32,625 [Thread-672] INFO  impl.FollowerState (FollowerState.java:run(117)) - 6cbfae60-ea29-4abc-a49d-ef94f4bd513a@group-E964BE911FCC-FollowerState was interrupted: java.lang.InterruptedException: sleep interrupted
2019-10-18 14:01:32,625 [grpc-default-executor-0] INFO  impl.RoleInfo (RoleInfo.java:updateAndGet(143)) - 6cbfae60-ea29-4abc-a49d-ef94f4bd513a: start FollowerState
2019-10-18 14:01:32,625 [Thread-673] INFO  impl.FollowerState (FollowerState.java:run(117)) - 66f9d00c-1e97-4252-958c-bed5a531abda@group-E964BE911FCC-FollowerState was interrupted: java.lang.InterruptedException: sleep interrupted
2019-10-18 14:01:32,625 [grpc-default-executor-4] INFO  impl.RoleInfo (RoleInfo.java:updateAndGet(143)) - 66f9d00c-1e97-4252-958c-bed5a531abda: start FollowerState
2019-10-18 14:01:32,652 [92ce6e48-4722-407a-9620-5998c6999257@group-E964BE911FCC-LeaderElection70] INFO  impl.LeaderElection (LeaderElection.java:logAndReturn(56)) - 92ce6e48-4722-407a-9620-5998c6999257@group-E964BE911FCC-LeaderElection70: Election REJECTED; received 2 response(s) [92ce6e48-4722-407a-9620-5998c6999257<-6cbfae60-ea29-4abc-a49d-ef94f4bd513a#0:FAIL-t72, 92ce6e48-4722-407a-9620-5998c6999257<-66f9d00c-1e97-4252-958c-bed5a531abda#0:FAIL-t72] and 0 exception(s); 92ce6e48-4722-407a-9620-5998c6999257@group-E964BE911FCC:t72, leader=null, voted=92ce6e48-4722-407a-9620-5998c6999257, raftlog=92ce6e48-4722-407a-9620-5998c6999257@group-E964BE911FCC-SegmentedRaftLog:OPENED:c-1,f-1,i0, conf=-1: [6cbfae60-ea29-4abc-a49d-ef94f4bd513a:192.168.69.85:36685, 66f9d00c-1e97-4252-958c-bed5a531abda:192.168.69.85:45996, 92ce6e48-4722-407a-9620-5998c6999257:192.168.69.85:34971], old=null
2019-10-18 14:01:32,652 [92ce6e48-4722-407a-9620-5998c6999257@group-E964BE911FCC-LeaderElection70] INFO  impl.RaftServerImpl (RaftServerImpl.java:setRole(184)) - 92ce6e48-4722-407a-9620-5998c6999257@group-E964BE911FCC: changes role from CANDIDATE to FOLLOWER at term 72 for DISCOVERED_A_NEW_TERM
2019-10-18 14:01:32,652 [92ce6e48-4722-407a-9620-5998c6999257@group-E964BE911FCC-LeaderElection70] INFO  impl.RoleInfo (RoleInfo.java:shutdownLeaderElection(134)) - 92ce6e48-4722-407a-9620-5998c6999257: shutdown LeaderElection
2019-10-18 14:01:32,653 [92ce6e48-4722-407a-9620-5998c6999257@group-E964BE911FCC-LeaderElection70] INFO  impl.RoleInfo (RoleInfo.java:updateAndGet(143)) - 92ce6e48-4722-407a-9620-5998c6999257: start FollowerState
2019-10-18 14:01:32,735 [Thread-680] INFO  impl.FollowerState (FollowerState.java:run(108)) - 92ce6e48-4722-407a-9620-5998c6999257@group-E964BE911FCC-FollowerState: change to CANDIDATE, lastRpcTime:82ms, electionTimeout:82ms
2019-10-18 14:01:32,735 [Thread-680] INFO  impl.RoleInfo (RoleInfo.java:shutdownFollowerState(121)) - 92ce6e48-4722-407a-9620-5998c6999257: shutdown FollowerState
2019-10-18 14:01:32,735 [Thread-680] INFO  impl.RaftServerImpl (RaftServerImpl.java:setRole(184)) - 92ce6e48-4722-407a-9620-5998c6999257@group-E964BE911FCC: changes role from  FOLLOWER to CANDIDATE at term 72 for changeToCandidate
2019-10-18 14:01:32,735 [Thread-680] INFO  impl.RoleInfo (RoleInfo.java:updateAndGet(143)) - 92ce6e48-4722-407a-9620-5998c6999257: start LeaderElection
2019-10-18 14:01:32,761 [92ce6e48-4722-407a-9620-5998c6999257@group-E964BE911FCC-LeaderElection71] INFO  impl.LeaderElection (LeaderElection.java:askForVotes(178)) - 92ce6e48-4722-407a-9620-5998c6999257@group-E964BE911FCC-LeaderElection71: begin an election at term 73 for -1: [6cbfae60-ea29-4abc-a49d-ef94f4bd513a:192.168.69.85:36685, 66f9d00c-1e97-4252-958c-bed5a531abda:192.168.69.85:45996, 92ce6e48-4722-407a-9620-5998c6999257:192.168.69.85:34971], old=null
2019-10-18 14:01:32,764 [grpc-default-executor-0] INFO  impl.RaftServerImpl (RaftServerImpl.java:setRole(184)) - 6cbfae60-ea29-4abc-a49d-ef94f4bd513a@group-E964BE911FCC: changes role from  FOLLOWER to FOLLOWER at term 73 for recognizeCandidate:92ce6e48-4722-407a-9620-5998c6999257
2019-10-18 14:01:32,764 [grpc-default-executor-4] INFO  impl.RaftServerImpl (RaftServerImpl.java:setRole(184)) - 66f9d00c-1e97-4252-958c-bed5a531abda@group-E964BE911FCC: changes role from  FOLLOWER to FOLLOWER at term 73 for recognizeCandidate:92ce6e48-4722-407a-9620-5998c6999257
2019-10-18 14:01:32,764 [grpc-default-executor-0] INFO  impl.RoleInfo (RoleInfo.java:shutdownFollowerState(121)) - 6cbfae60-ea29-4abc-a49d-ef94f4bd513a: shutdown FollowerState
2019-10-18 14:01:32,764 [grpc-default-executor-4] INFO  impl.RoleInfo (RoleInfo.java:shutdownFollowerState(121)) - 66f9d00c-1e97-4252-958c-bed5a531abda: shutdown FollowerState
2019-10-18 14:01:32,765 [Thread-678] INFO  impl.FollowerState (FollowerState.java:run(117)) - 6cbfae60-ea29-4abc-a49d-ef94f4bd513a@group-E964BE911FCC-FollowerState was interrupted: java.lang.InterruptedException: sleep interrupted
2019-10-18 14:01:32,765 [grpc-default-executor-0] INFO  impl.RoleInfo (RoleInfo.java:updateAndGet(143)) - 6cbfae60-ea29-4abc-a49d-ef94f4bd513a: start FollowerState
2019-10-18 14:01:32,765 [Thread-679] INFO  impl.FollowerState (FollowerState.java:run(117)) - 66f9d00c-1e97-4252-958c-bed5a531abda@group-E964BE911FCC-FollowerState was interrupted: java.lang.InterruptedException: sleep interrupted
2019-10-18 14:01:32,765 [grpc-default-executor-4] INFO  impl.RoleInfo (RoleInfo.java:updateAndGet(143)) - 66f9d00c-1e97-4252-958c-bed5a531abda: start FollowerState
2019-10-18 14:01:32,782 [92ce6e48-4722-407a-9620-5998c6999257@group-E964BE911FCC-LeaderElection71] INFO  impl.LeaderElection (LeaderElection.java:logAndReturn(56)) - 92ce6e48-4722-407a-9620-5998c6999257@group-E964BE911FCC-LeaderElection71: Election REJECTED; received 2 response(s) [92ce6e48-4722-407a-9620-5998c6999257<-6cbfae60-ea29-4abc-a49d-ef94f4bd513a#0:FAIL-t73, 92ce6e48-4722-407a-9620-5998c6999257<-66f9d00c-1e97-4252-958c-bed5a531abda#0:FAIL-t73] and 0 exception(s); 92ce6e48-4722-407a-9620-5998c6999257@group-E964BE911FCC:t73, leader=null, voted=92ce6e48-4722-407a-9620-5998c6999257, raftlog=92ce6e48-4722-407a-9620-5998c6999257@group-E964BE911FCC-SegmentedRaftLog:OPENED:c-1,f-1,i0, conf=-1: [6cbfae60-ea29-4abc-a49d-ef94f4bd513a:192.168.69.85:36685, 66f9d00c-1e97-4252-958c-bed5a531abda:192.168.69.85:45996, 92ce6e48-4722-407a-9620-5998c6999257:192.168.69.85:34971], old=null
2019-10-18 14:01:32,782 [92ce6e48-4722-407a-9620-5998c6999257@group-E964BE911FCC-LeaderElection71] INFO  impl.RaftServerImpl (RaftServerImpl.java:setRole(184)) - 92ce6e48-4722-407a-9620-5998c6999257@group-E964BE911FCC: changes role from CANDIDATE to FOLLOWER at term 73 for DISCOVERED_A_NEW_TERM
2019-10-18 14:01:32,782 [92ce6e48-4722-407a-9620-5998c6999257@group-E964BE911FCC-LeaderElection71] INFO  impl.RoleInfo (RoleInfo.java:shutdownLeaderElection(134)) - 92ce6e48-4722-407a-9620-5998c6999257: shutdown LeaderElection
2019-10-18 14:01:32,782 [92ce6e48-4722-407a-9620-5998c6999257@group-E964BE911FCC-LeaderElection71] INFO  impl.RoleInfo (RoleInfo.java:updateAndGet(143)) - 92ce6e48-4722-407a-9620-5998c6999257: start FollowerState
2019-10-18 14:01:32,800 [Thread-686] INFO  impl.FollowerState (FollowerState.java:run(108)) - 92ce6e48-4722-407a-9620-5998c6999257@group-E964BE911FCC-FollowerState: change to CANDIDATE, lastRpcTime:17ms, electionTimeout:17ms
2019-10-18 14:01:32,800 [Thread-686] INFO  impl.RoleInfo (RoleInfo.java:shutdownFollowerState(121)) - 92ce6e48-4722-407a-9620-5998c6999257: shutdown FollowerState
2019-10-18 14:01:32,800 [Thread-686] INFO  impl.RaftServerImpl (RaftServerImpl.java:setRole(184)) - 92ce6e48-4722-407a-9620-5998c6999257@group-E964BE911FCC: changes role from  FOLLOWER to CANDIDATE at term 73 for changeToCandidate
2019-10-18 14:01:32,800 [Thread-686] INFO  impl.RoleInfo (RoleInfo.java:updateAndGet(143)) - 92ce6e48-4722-407a-9620-5998c6999257: start LeaderElection
2019-10-18 14:01:32,814 [92ce6e48-4722-407a-9620-5998c6999257@group-E964BE911FCC-LeaderElection72] INFO  impl.LeaderElection (LeaderElection.java:askForVotes(178)) - 92ce6e48-4722-407a-9620-5998c6999257@group-E964BE911FCC-LeaderElection72: begin an election at term 74 for -1: [6cbfae60-ea29-4abc-a49d-ef94f4bd513a:192.168.69.85:36685, 66f9d00c-1e97-4252-958c-bed5a531abda:192.168.69.85:45996, 92ce6e48-4722-407a-9620-5998c6999257:192.168.69.85:34971], old=null
2019-10-18 14:01:32,816 [grpc-default-executor-4] INFO  impl.RaftServerImpl (RaftServerImpl.java:setRole(184)) - 6cbfae60-ea29-4abc-a49d-ef94f4bd513a@group-E964BE911FCC: changes role from  FOLLOWER to FOLLOWER at term 74 for recognizeCandidate:92ce6e48-4722-407a-9620-5998c6999257
2019-10-18 14:01:32,816 [grpc-default-executor-4] INFO  impl.RoleInfo (RoleInfo.java:shutdownFollowerState(121)) - 6cbfae60-ea29-4abc-a49d-ef94f4bd513a: shutdown FollowerState
2019-10-18 14:01:32,816 [grpc-default-executor-4] INFO  impl.RoleInfo (RoleInfo.java:updateAndGet(143)) - 6cbfae60-ea29-4abc-a49d-ef94f4bd513a: start FollowerState
2019-10-18 14:01:32,816 [Thread-684] INFO  impl.FollowerState (FollowerState.java:run(117)) - 6cbfae60-ea29-4abc-a49d-ef94f4bd513a@group-E964BE911FCC-FollowerState was interrupted: java.lang.InterruptedException: sleep interrupted
2019-10-18 14:01:32,816 [grpc-default-executor-0] INFO  impl.RaftServerImpl (RaftServerImpl.java:setRole(184)) - 66f9d00c-1e97-4252-958c-bed5a531abda@group-E964BE911FCC: changes role from  FOLLOWER to FOLLOWER at term 74 for recognizeCandidate:92ce6e48-4722-407a-9620-5998c6999257
2019-10-18 14:01:32,817 [grpc-default-executor-0] INFO  impl.RoleInfo (RoleInfo.java:shutdownFollowerState(121)) - 66f9d00c-1e97-4252-958c-bed5a531abda: shutdown FollowerState
2019-10-18 14:01:32,817 [Thread-685] INFO  impl.FollowerState (FollowerState.java:run(117)) - 66f9d00c-1e97-4252-958c-bed5a531abda@group-E964BE911FCC-FollowerState was interrupted: java.lang.InterruptedException: sleep interrupted
2019-10-18 14:01:32,817 [grpc-default-executor-0] INFO  impl.RoleInfo (RoleInfo.java:updateAndGet(143)) - 66f9d00c-1e97-4252-958c-bed5a531abda: start FollowerState
2019-10-18 14:01:32,832 [92ce6e48-4722-407a-9620-5998c6999257@group-E964BE911FCC-LeaderElection72] INFO  impl.LeaderElection (LeaderElection.java:logAndReturn(56)) - 92ce6e48-4722-407a-9620-5998c6999257@group-E964BE911FCC-LeaderElection72: Election REJECTED; received 2 response(s) [92ce6e48-4722-407a-9620-5998c6999257<-6cbfae60-ea29-4abc-a49d-ef94f4bd513a#0:FAIL-t74, 92ce6e48-4722-407a-9620-5998c6999257<-66f9d00c-1e97-4252-958c-bed5a531abda#0:FAIL-t74] and 0 exception(s); 92ce6e48-4722-407a-9620-5998c6999257@group-E964BE911FCC:t74, leader=null, voted=92ce6e48-4722-407a-9620-5998c6999257, raftlog=92ce6e48-4722-407a-9620-5998c6999257@group-E964BE911FCC-SegmentedRaftLog:OPENED:c-1,f-1,i0, conf=-1: [6cbfae60-ea29-4abc-a49d-ef94f4bd513a:192.168.69.85:36685, 66f9d00c-1e97-4252-958c-bed5a531abda:192.168.69.85:45996, 92ce6e48-4722-407a-9620-5998c6999257:192.168.69.85:34971], old=null
2019-10-18 14:01:32,832 [92ce6e48-4722-407a-9620-5998c6999257@group-E964BE911FCC-LeaderElection72] INFO  impl.RaftServerImpl (RaftServerImpl.java:setRole(184)) - 92ce6e48-4722-407a-9620-5998c6999257@group-E964BE911FCC: changes role from CANDIDATE to FOLLOWER at term 74 for DISCOVERED_A_NEW_TERM
2019-10-18 14:01:32,832 [92ce6e48-4722-407a-9620-5998c6999257@group-E964BE911FCC-LeaderElection72] INFO  impl.RoleInfo (RoleInfo.java:shutdownLeaderElection(134)) - 92ce6e48-4722-407a-9620-5998c6999257: shutdown LeaderElection
2019-10-18 14:01:32,833 [92ce6e48-4722-407a-9620-5998c6999257@group-E964BE911FCC-LeaderElection72] INFO  impl.RoleInfo (RoleInfo.java:updateAndGet(143)) - 92ce6e48-4722-407a-9620-5998c6999257: start FollowerState
2019-10-18 14:01:33,024 [Thread-692] INFO  impl.FollowerState (FollowerState.java:run(108)) - 92ce6e48-4722-407a-9620-5998c6999257@group-E964BE911FCC-FollowerState: change to CANDIDATE, lastRpcTime:191ms, electionTimeout:191ms
2019-10-18 14:01:33,024 [Thread-692] INFO  impl.RoleInfo (RoleInfo.java:shutdownFollowerState(121)) - 92ce6e48-4722-407a-9620-5998c6999257: shutdown FollowerState
2019-10-18 14:01:33,024 [Thread-692] INFO  impl.RaftServerImpl (RaftServerImpl.java:setRole(184)) - 92ce6e48-4722-407a-9620-5998c6999257@group-E964BE911FCC: changes role from  FOLLOWER to CANDIDATE at term 74 for changeToCandidate
2019-10-18 14:01:33,025 [Thread-692] INFO  impl.RoleInfo (RoleInfo.java:updateAndGet(143)) - 92ce6e48-4722-407a-9620-5998c6999257: start LeaderElection
2019-10-18 14:01:33,039 [92ce6e48-4722-407a-9620-5998c6999257@group-E964BE911FCC-LeaderElection73] INFO  impl.LeaderElection (LeaderElection.java:askForVotes(178)) - 92ce6e48-4722-407a-9620-5998c6999257@group-E964BE911FCC-LeaderElection73: begin an election at term 75 for -1: [6cbfae60-ea29-4abc-a49d-ef94f4bd513a:192.168.69.85:36685, 66f9d00c-1e97-4252-958c-bed5a531abda:192.168.69.85:45996, 92ce6e48-4722-407a-9620-5998c6999257:192.168.69.85:34971], old=null
2019-10-18 14:01:33,042 [grpc-default-executor-4] INFO  impl.RaftServerImpl (RaftServerImpl.java:setRole(184)) - 6cbfae60-ea29-4abc-a49d-ef94f4bd513a@group-E964BE911FCC: changes role from  FOLLOWER to FOLLOWER at term 75 for recognizeCandidate:92ce6e48-4722-407a-9620-5998c6999257
2019-10-18 14:01:33,042 [grpc-default-executor-0] INFO  impl.RaftServerImpl (RaftServerImpl.java:setRole(184)) - 66f9d00c-1e97-4252-958c-bed5a531abda@group-E964BE911FCC: changes role from  FOLLOWER to FOLLOWER at term 75 for recognizeCandidate:92ce6e48-4722-407a-9620-5998c6999257
2019-10-18 14:01:33,042 [grpc-default-executor-4] INFO  impl.RoleInfo (RoleInfo.java:shutdownFollowerState(121)) - 6cbfae60-ea29-4abc-a49d-ef94f4bd513a: shutdown FollowerState
2019-10-18 14:01:33,042 [grpc-default-executor-0] INFO  impl.RoleInfo (RoleInfo.java:shutdownFollowerState(121)) - 66f9d00c-1e97-4252-958c-bed5a531abda: shutdown FollowerState
2019-10-18 14:01:33,043 [Thread-690] INFO  impl.FollowerState (FollowerState.java:run(117)) - 6cbfae60-ea29-4abc-a49d-ef94f4bd513a@group-E964BE911FCC-FollowerState was interrupted: java.lang.InterruptedException: sleep interrupted
2019-10-18 14:01:33,042 [grpc-default-executor-4] INFO  impl.RoleInfo (RoleInfo.java:updateAndGet(143)) - 6cbfae60-ea29-4abc-a49d-ef94f4bd513a: start FollowerState
2019-10-18 14:01:33,043 [grpc-default-executor-0] INFO  impl.RoleInfo (RoleInfo.java:updateAndGet(143)) - 66f9d00c-1e97-4252-958c-bed5a531abda: start FollowerState
2019-10-18 14:01:33,043 [Thread-691] INFO  impl.FollowerState (FollowerState.java:run(117)) - 66f9d00c-1e97-4252-958c-bed5a531abda@group-E964BE911FCC-FollowerState was interrupted: java.lang.InterruptedException: sleep interrupted
2019-10-18 14:01:33,066 [92ce6e48-4722-407a-9620-5998c6999257@group-E964BE911FCC-LeaderElection73] INFO  impl.LeaderElection (LeaderElection.java:logAndReturn(56)) - 92ce6e48-4722-407a-9620-5998c6999257@group-E964BE911FCC-LeaderElection73: Election REJECTED; received 2 response(s) [92ce6e48-4722-407a-9620-5998c6999257<-6cbfae60-ea29-4abc-a49d-ef94f4bd513a#0:FAIL-t75, 92ce6e48-4722-407a-9620-5998c6999257<-66f9d00c-1e97-4252-958c-bed5a531abda#0:FAIL-t75] and 0 exception(s); 92ce6e48-4722-407a-9620-5998c6999257@group-E964BE911FCC:t75, leader=null, voted=92ce6e48-4722-407a-9620-5998c6999257, raftlog=92ce6e48-4722-407a-9620-5998c6999257@group-E964BE911FCC-SegmentedRaftLog:OPENED:c-1,f-1,i0, conf=-1: [6cbfae60-ea29-4abc-a49d-ef94f4bd513a:192.168.69.85:36685, 66f9d00c-1e97-4252-958c-bed5a531abda:192.168.69.85:45996, 92ce6e48-4722-407a-9620-5998c6999257:192.168.69.85:34971], old=null
2019-10-18 14:01:33,066 [92ce6e48-4722-407a-9620-5998c6999257@group-E964BE911FCC-LeaderElection73] INFO  impl.RaftServerImpl (RaftServerImpl.java:setRole(184)) - 92ce6e48-4722-407a-9620-5998c6999257@group-E964BE911FCC: changes role from CANDIDATE to FOLLOWER at term 75 for DISCOVERED_A_NEW_TERM
2019-10-18 14:01:33,066 [92ce6e48-4722-407a-9620-5998c6999257@group-E964BE911FCC-LeaderElection73] INFO  impl.RoleInfo (RoleInfo.java:shutdownLeaderElection(134)) - 92ce6e48-4722-407a-9620-5998c6999257: shutdown LeaderElection
2019-10-18 14:01:33,066 [92ce6e48-4722-407a-9620-5998c6999257@group-E964BE911FCC-LeaderElection73] INFO  impl.RoleInfo (RoleInfo.java:updateAndGet(143)) - 92ce6e48-4722-407a-9620-5998c6999257: start FollowerState
2019-10-18 14:01:33,202 [Thread-700] INFO  impl.FollowerState (FollowerState.java:run(108)) - 92ce6e48-4722-407a-9620-5998c6999257@group-E964BE911FCC-FollowerState: change to CANDIDATE, lastRpcTime:135ms, electionTimeout:135ms
2019-10-18 14:01:33,202 [Thread-700] INFO  impl.RoleInfo (RoleInfo.java:shutdownFollowerState(121)) - 92ce6e48-4722-407a-9620-5998c6999257: shutdown FollowerState
2019-10-18 14:01:33,202 [Thread-700] INFO  impl.RaftServerImpl (RaftServerImpl.java:setRole(184)) - 92ce6e48-4722-407a-9620-5998c6999257@group-E964BE911FCC: changes role from  FOLLOWER to CANDIDATE at term 75 for changeToCandidate
2019-10-18 14:01:33,202 [Thread-700] INFO  impl.RoleInfo (RoleInfo.java:updateAndGet(143)) - 92ce6e48-4722-407a-9620-5998c6999257: start LeaderElection
2019-10-18 14:01:33,216 [92ce6e48-4722-407a-9620-5998c6999257@group-E964BE911FCC-LeaderElection74] INFO  impl.LeaderElection (LeaderElection.java:askForVotes(178)) - 92ce6e48-4722-407a-9620-5998c6999257@group-E964BE911FCC-LeaderElection74: begin an election at term 76 for -1: [6cbfae60-ea29-4abc-a49d-ef94f4bd513a:192.168.69.85:36685, 66f9d00c-1e97-4252-958c-bed5a531abda:192.168.69.85:45996, 92ce6e48-4722-407a-9620-5998c6999257:192.168.69.85:34971], old=null
2019-10-18 14:01:33,219 [grpc-default-executor-0] INFO  impl.RaftServerImpl (RaftServerImpl.java:setRole(184)) - 6cbfae60-ea29-4abc-a49d-ef94f4bd513a@group-E964BE911FCC: changes role from  FOLLOWER to FOLLOWER at term 76 for recognizeCandidate:92ce6e48-4722-407a-9620-5998c6999257
2019-10-18 14:01:33,219 [grpc-default-executor-4] INFO  impl.RaftServerImpl (RaftServerImpl.java:setRole(184)) - 66f9d00c-1e97-4252-958c-bed5a531abda@group-E964BE911FCC: changes role from  FOLLOWER to FOLLOWER at term 76 for recognizeCandidate:92ce6e48-4722-407a-9620-5998c6999257
2019-10-18 14:01:33,219 [grpc-default-executor-0] INFO  impl.RoleInfo (RoleInfo.java:shutdownFollowerState(121)) - 6cbfae60-ea29-4abc-a49d-ef94f4bd513a: shutdown FollowerState
2019-10-18 14:01:33,219 [grpc-default-executor-4] INFO  impl.RoleInfo (RoleInfo.java:shutdownFollowerState(121)) - 66f9d00c-1e97-4252-958c-bed5a531abda: shutdown FollowerState
2019-10-18 14:01:33,219 [grpc-default-executor-4] INFO  impl.RoleInfo (RoleInfo.java:updateAndGet(143)) - 66f9d00c-1e97-4252-958c-bed5a531abda: start FollowerState
2019-10-18 14:01:33,219 [Thread-698] INFO  impl.FollowerState (FollowerState.java:run(117)) - 6cbfae60-ea29-4abc-a49d-ef94f4bd513a@group-E964BE911FCC-FollowerState was interrupted: java.lang.InterruptedException: sleep interrupted
2019-10-18 14:01:33,219 [grpc-default-executor-0] INFO  impl.RoleInfo (RoleInfo.java:updateAndGet(143)) - 6cbfae60-ea29-4abc-a49d-ef94f4bd513a: start FollowerState
2019-10-18 14:01:33,219 [Thread-699] INFO  impl.FollowerState (FollowerState.java:run(117)) - 66f9d00c-1e97-4252-958c-bed5a531abda@group-E964BE911FCC-FollowerState was interrupted: java.lang.InterruptedException: sleep interrupted
2019-10-18 14:01:33,231 [92ce6e48-4722-407a-9620-5998c6999257@group-E964BE911FCC-LeaderElection74] INFO  impl.LeaderElection (LeaderElection.java:logAndReturn(56)) - 92ce6e48-4722-407a-9620-5998c6999257@group-E964BE911FCC-LeaderElection74: Election REJECTED; received 2 response(s) [92ce6e48-4722-407a-9620-5998c6999257<-6cbfae60-ea29-4abc-a49d-ef94f4bd513a#0:FAIL-t76, 92ce6e48-4722-407a-9620-5998c6999257<-66f9d00c-1e97-4252-958c-bed5a531abda#0:FAIL-t76] and 0 exception(s); 92ce6e48-4722-407a-9620-5998c6999257@group-E964BE911FCC:t76, leader=null, voted=92ce6e48-4722-407a-9620-5998c6999257, raftlog=92ce6e48-4722-407a-9620-5998c6999257@group-E964BE911FCC-SegmentedRaftLog:OPENED:c-1,f-1,i0, conf=-1: [6cbfae60-ea29-4abc-a49d-ef94f4bd513a:192.168.69.85:36685, 66f9d00c-1e97-4252-958c-bed5a531abda:192.168.69.85:45996, 92ce6e48-4722-407a-9620-5998c6999257:192.168.69.85:34971], old=null
2019-10-18 14:01:33,231 [92ce6e48-4722-407a-9620-5998c6999257@group-E964BE911FCC-LeaderElection74] INFO  impl.RaftServerImpl (RaftServerImpl.java:setRole(184)) - 92ce6e48-4722-407a-9620-5998c6999257@group-E964BE911FCC: changes role from CANDIDATE to FOLLOWER at term 76 for DISCOVERED_A_NEW_TERM
2019-10-18 14:01:33,231 [92ce6e48-4722-407a-9620-5998c6999257@group-E964BE911FCC-LeaderElection74] INFO  impl.RoleInfo (RoleInfo.java:shutdownLeaderElection(134)) - 92ce6e48-4722-407a-9620-5998c6999257: shutdown LeaderElection
2019-10-18 14:01:33,231 [92ce6e48-4722-407a-9620-5998c6999257@group-E964BE911FCC-LeaderElection74] INFO  impl.RoleInfo (RoleInfo.java:updateAndGet(143)) - 92ce6e48-4722-407a-9620-5998c6999257: start FollowerState
2019-10-18 14:01:33,244 [Thread-706] INFO  impl.FollowerState (FollowerState.java:run(108)) - 92ce6e48-4722-407a-9620-5998c6999257@group-E964BE911FCC-FollowerState: change to CANDIDATE, lastRpcTime:12ms, electionTimeout:12ms
2019-10-18 14:01:33,244 [Thread-706] INFO  impl.RoleInfo (RoleInfo.java:shutdownFollowerState(121)) - 92ce6e48-4722-407a-9620-5998c6999257: shutdown FollowerState
2019-10-18 14:01:33,244 [Thread-706] INFO  impl.RaftServerImpl (RaftServerImpl.java:setRole(184)) - 92ce6e48-4722-407a-9620-5998c6999257@group-E964BE911FCC: changes role from  FOLLOWER to CANDIDATE at term 76 for changeToCandidate
2019-10-18 14:01:33,244 [Thread-706] INFO  impl.RoleInfo (RoleInfo.java:updateAndGet(143)) - 92ce6e48-4722-407a-9620-5998c6999257: start LeaderElection
2019-10-18 14:01:33,284 [92ce6e48-4722-407a-9620-5998c6999257@group-E964BE911FCC-LeaderElection75] INFO  impl.LeaderElection (LeaderElection.java:askForVotes(178)) - 92ce6e48-4722-407a-9620-5998c6999257@group-E964BE911FCC-LeaderElection75: begin an election at term 77 for -1: [6cbfae60-ea29-4abc-a49d-ef94f4bd513a:192.168.69.85:36685, 66f9d00c-1e97-4252-958c-bed5a531abda:192.168.69.85:45996, 92ce6e48-4722-407a-9620-5998c6999257:192.168.69.85:34971], old=null
2019-10-18 14:01:33,287 [grpc-default-executor-4] INFO  impl.RaftServerImpl (RaftServerImpl.java:setRole(184)) - 6cbfae60-ea29-4abc-a49d-ef94f4bd513a@group-E964BE911FCC: changes role from  FOLLOWER to FOLLOWER at term 77 for recognizeCandidate:92ce6e48-4722-407a-9620-5998c6999257
2019-10-18 14:01:33,287 [grpc-default-executor-0] INFO  impl.RaftServerImpl (RaftServerImpl.java:setRole(184)) - 66f9d00c-1e97-4252-958c-bed5a531abda@group-E964BE911FCC: changes role from  FOLLOWER to FOLLOWER at term 77 for recognizeCandidate:92ce6e48-4722-407a-9620-5998c6999257
2019-10-18 14:01:33,288 [grpc-default-executor-4] INFO  impl.RoleInfo (RoleInfo.java:shutdownFollowerState(121)) - 6cbfae60-ea29-4abc-a49d-ef94f4bd513a: shutdown FollowerState
2019-10-18 14:01:33,288 [grpc-default-executor-0] INFO  impl.RoleInfo (RoleInfo.java:shutdownFollowerState(121)) - 66f9d00c-1e97-4252-958c-bed5a531abda: shutdown FollowerState
2019-10-18 14:01:33,288 [grpc-default-executor-4] INFO  impl.RoleInfo (RoleInfo.java:updateAndGet(143)) - 6cbfae60-ea29-4abc-a49d-ef94f4bd513a: start FollowerState
2019-10-18 14:01:33,288 [Thread-704] INFO  impl.FollowerState (FollowerState.java:run(117)) - 6cbfae60-ea29-4abc-a49d-ef94f4bd513a@group-E964BE911FCC-FollowerState was interrupted: java.lang.InterruptedException: sleep interrupted
2019-10-18 14:01:33,288 [Thread-705] INFO  impl.FollowerState (FollowerState.java:run(117)) - 66f9d00c-1e97-4252-958c-bed5a531abda@group-E964BE911FCC-FollowerState was interrupted: java.lang.InterruptedException: sleep interrupted
2019-10-18 14:01:33,288 [grpc-default-executor-0] INFO  impl.RoleInfo (RoleInfo.java:updateAndGet(143)) - 66f9d00c-1e97-4252-958c-bed5a531abda: start FollowerState
2019-10-18 14:01:33,308 [92ce6e48-4722-407a-9620-5998c6999257@group-E964BE911FCC-LeaderElection75] INFO  impl.LeaderElection (LeaderElection.java:logAndReturn(56)) - 92ce6e48-4722-407a-9620-5998c6999257@group-E964BE911FCC-LeaderElection75: Election REJECTED; received 2 response(s) [92ce6e48-4722-407a-9620-5998c6999257<-6cbfae60-ea29-4abc-a49d-ef94f4bd513a#0:FAIL-t77, 92ce6e48-4722-407a-9620-5998c6999257<-66f9d00c-1e97-4252-958c-bed5a531abda#0:FAIL-t77] and 0 exception(s); 92ce6e48-4722-407a-9620-5998c6999257@group-E964BE911FCC:t77, leader=null, voted=92ce6e48-4722-407a-9620-5998c6999257, raftlog=92ce6e48-4722-407a-9620-5998c6999257@group-E964BE911FCC-SegmentedRaftLog:OPENED:c-1,f-1,i0, conf=-1: [6cbfae60-ea29-4abc-a49d-ef94f4bd513a:192.168.69.85:36685, 66f9d00c-1e97-4252-958c-bed5a531abda:192.168.69.85:45996, 92ce6e48-4722-407a-9620-5998c6999257:192.168.69.85:34971], old=null
2019-10-18 14:01:33,308 [92ce6e48-4722-407a-9620-5998c6999257@group-E964BE911FCC-LeaderElection75] INFO  impl.RaftServerImpl (RaftServerImpl.java:setRole(184)) - 92ce6e48-4722-407a-9620-5998c6999257@group-E964BE911FCC: changes role from CANDIDATE to FOLLOWER at term 77 for DISCOVERED_A_NEW_TERM
2019-10-18 14:01:33,308 [92ce6e48-4722-407a-9620-5998c6999257@group-E964BE911FCC-LeaderElection75] INFO  impl.RoleInfo (RoleInfo.java:shutdownLeaderElection(134)) - 92ce6e48-4722-407a-9620-5998c6999257: shutdown LeaderElection
2019-10-18 14:01:33,308 [92ce6e48-4722-407a-9620-5998c6999257@group-E964BE911FCC-LeaderElection75] INFO  impl.RoleInfo (RoleInfo.java:updateAndGet(143)) - 92ce6e48-4722-407a-9620-5998c6999257: start FollowerState
2019-10-18 14:01:33,310 [Thread-713] INFO  impl.FollowerState (FollowerState.java:run(108)) - 92ce6e48-4722-407a-9620-5998c6999257@group-E964BE911FCC-FollowerState: change to CANDIDATE, lastRpcTime:1ms, electionTimeout:1ms
2019-10-18 14:01:33,310 [Thread-713] INFO  impl.RoleInfo (RoleInfo.java:shutdownFollowerState(121)) - 92ce6e48-4722-407a-9620-5998c6999257: shutdown FollowerState
2019-10-18 14:01:33,310 [Thread-713] INFO  impl.RaftServerImpl (RaftServerImpl.java:setRole(184)) - 92ce6e48-4722-407a-9620-5998c6999257@group-E964BE911FCC: changes role from  FOLLOWER to CANDIDATE at term 77 for changeToCandidate
2019-10-18 14:01:33,310 [Thread-713] INFO  impl.RoleInfo (RoleInfo.java:updateAndGet(143)) - 92ce6e48-4722-407a-9620-5998c6999257: start LeaderElection
2019-10-18 14:01:33,325 [92ce6e48-4722-407a-9620-5998c6999257@group-E964BE911FCC-LeaderElection76] INFO  impl.LeaderElection (LeaderElection.java:askForVotes(178)) - 92ce6e48-4722-407a-9620-5998c6999257@group-E964BE911FCC-LeaderElection76: begin an election at term 78 for -1: [6cbfae60-ea29-4abc-a49d-ef94f4bd513a:192.168.69.85:36685, 66f9d00c-1e97-4252-958c-bed5a531abda:192.168.69.85:45996, 92ce6e48-4722-407a-9620-5998c6999257:192.168.69.85:34971], old=null
2019-10-18 14:01:33,327 [grpc-default-executor-4] INFO  impl.RaftServerImpl (RaftServerImpl.java:setRole(184)) - 66f9d00c-1e97-4252-958c-bed5a531abda@group-E964BE911FCC: changes role from  FOLLOWER to FOLLOWER at term 78 for recognizeCandidate:92ce6e48-4722-407a-9620-5998c6999257
2019-10-18 14:01:33,327 [grpc-default-executor-0] INFO  impl.RaftServerImpl (RaftServerImpl.java:setRole(184)) - 6cbfae60-ea29-4abc-a49d-ef94f4bd513a@group-E964BE911FCC: changes role from  FOLLOWER to FOLLOWER at term 78 for recognizeCandidate:92ce6e48-4722-407a-9620-5998c6999257
2019-10-18 14:01:33,327 [grpc-default-executor-4] INFO  impl.RoleInfo (RoleInfo.java:shutdownFollowerState(121)) - 66f9d00c-1e97-4252-958c-bed5a531abda: shutdown FollowerState
2019-10-18 14:01:33,328 [grpc-default-executor-0] INFO  impl.RoleInfo (RoleInfo.java:shutdownFollowerState(121)) - 6cbfae60-ea29-4abc-a49d-ef94f4bd513a: shutdown FollowerState
2019-10-18 14:01:33,328 [Thread-712] INFO  impl.FollowerState (FollowerState.java:run(117)) - 66f9d00c-1e97-4252-958c-bed5a531abda@group-E964BE911FCC-FollowerState was interrupted: java.lang.InterruptedException: sleep interrupted
2019-10-18 14:01:33,328 [grpc-default-executor-4] INFO  impl.RoleInfo (RoleInfo.java:updateAndGet(143)) - 66f9d00c-1e97-4252-958c-bed5a531abda: start FollowerState
2019-10-18 14:01:33,328 [Thread-711] INFO  impl.FollowerState (FollowerState.java:run(117)) - 6cbfae60-ea29-4abc-a49d-ef94f4bd513a@group-E964BE911FCC-FollowerState was interrupted: java.lang.InterruptedException: sleep interrupted
2019-10-18 14:01:33,328 [grpc-default-executor-0] INFO  impl.RoleInfo (RoleInfo.java:updateAndGet(143)) - 6cbfae60-ea29-4abc-a49d-ef94f4bd513a: start FollowerState
2019-10-18 14:01:33,343 [92ce6e48-4722-407a-9620-5998c6999257@group-E964BE911FCC-LeaderElection76] INFO  impl.LeaderElection (LeaderElection.java:logAndReturn(56)) - 92ce6e48-4722-407a-9620-5998c6999257@group-E964BE911FCC-LeaderElection76: Election REJECTED; received 2 response(s) [92ce6e48-4722-407a-9620-5998c6999257<-6cbfae60-ea29-4abc-a49d-ef94f4bd513a#0:FAIL-t78, 92ce6e48-4722-407a-9620-5998c6999257<-66f9d00c-1e97-4252-958c-bed5a531abda#0:FAIL-t78] and 0 exception(s); 92ce6e48-4722-407a-9620-5998c6999257@group-E964BE911FCC:t78, leader=null, voted=92ce6e48-4722-407a-9620-5998c6999257, raftlog=92ce6e48-4722-407a-9620-5998c6999257@group-E964BE911FCC-SegmentedRaftLog:OPENED:c-1,f-1,i0, conf=-1: [6cbfae60-ea29-4abc-a49d-ef94f4bd513a:192.168.69.85:36685, 66f9d00c-1e97-4252-958c-bed5a531abda:192.168.69.85:45996, 92ce6e48-4722-407a-9620-5998c6999257:192.168.69.85:34971], old=null
2019-10-18 14:01:33,343 [92ce6e48-4722-407a-9620-5998c6999257@group-E964BE911FCC-LeaderElection76] INFO  impl.RaftServerImpl (RaftServerImpl.java:setRole(184)) - 92ce6e48-4722-407a-9620-5998c6999257@group-E964BE911FCC: changes role from CANDIDATE to FOLLOWER at term 78 for DISCOVERED_A_NEW_TERM
2019-10-18 14:01:33,343 [92ce6e48-4722-407a-9620-5998c6999257@group-E964BE911FCC-LeaderElection76] INFO  impl.RoleInfo (RoleInfo.java:shutdownLeaderElection(134)) - 92ce6e48-4722-407a-9620-5998c6999257: shutdown LeaderElection
2019-10-18 14:01:33,343 [92ce6e48-4722-407a-9620-5998c6999257@group-E964BE911FCC-LeaderElection76] INFO  impl.RoleInfo (RoleInfo.java:updateAndGet(143)) - 92ce6e48-4722-407a-9620-5998c6999257: start FollowerState
2019-10-18 14:01:33,522 [Thread-719] INFO  impl.FollowerState (FollowerState.java:run(108)) - 92ce6e48-4722-407a-9620-5998c6999257@group-E964BE911FCC-FollowerState: change to CANDIDATE, lastRpcTime:178ms, electionTimeout:178ms
2019-10-18 14:01:33,522 [Thread-719] INFO  impl.RoleInfo (RoleInfo.java:shutdownFollowerState(121)) - 92ce6e48-4722-407a-9620-5998c6999257: shutdown FollowerState
2019-10-18 14:01:33,522 [Thread-719] INFO  impl.RaftServerImpl (RaftServerImpl.java:setRole(184)) - 92ce6e48-4722-407a-9620-5998c6999257@group-E964BE911FCC: changes role from  FOLLOWER to CANDIDATE at term 78 for changeToCandidate
2019-10-18 14:01:33,522 [Thread-719] INFO  impl.RoleInfo (RoleInfo.java:updateAndGet(143)) - 92ce6e48-4722-407a-9620-5998c6999257: start LeaderElection
2019-10-18 14:01:33,536 [92ce6e48-4722-407a-9620-5998c6999257@group-E964BE911FCC-LeaderElection77] INFO  impl.LeaderElection (LeaderElection.java:askForVotes(178)) - 92ce6e48-4722-407a-9620-5998c6999257@group-E964BE911FCC-LeaderElection77: begin an election at term 79 for -1: [6cbfae60-ea29-4abc-a49d-ef94f4bd513a:192.168.69.85:36685, 66f9d00c-1e97-4252-958c-bed5a531abda:192.168.69.85:45996, 92ce6e48-4722-407a-9620-5998c6999257:192.168.69.85:34971], old=null
2019-10-18 14:01:33,538 [grpc-default-executor-0] INFO  impl.RaftServerImpl (RaftServerImpl.java:setRole(184)) - 6cbfae60-ea29-4abc-a49d-ef94f4bd513a@group-E964BE911FCC: changes role from  FOLLOWER to FOLLOWER at term 79 for recognizeCandidate:92ce6e48-4722-407a-9620-5998c6999257
2019-10-18 14:01:33,539 [grpc-default-executor-4] INFO  impl.RaftServerImpl (RaftServerImpl.java:setRole(184)) - 66f9d00c-1e97-4252-958c-bed5a531abda@group-E964BE911FCC: changes role from  FOLLOWER to FOLLOWER at term 79 for recognizeCandidate:92ce6e48-4722-407a-9620-5998c6999257
2019-10-18 14:01:33,539 [grpc-default-executor-0] INFO  impl.RoleInfo (RoleInfo.java:shutdownFollowerState(121)) - 6cbfae60-ea29-4abc-a49d-ef94f4bd513a: shutdown FollowerState
2019-10-18 14:01:33,539 [grpc-default-executor-4] INFO  impl.RoleInfo (RoleInfo.java:shutdownFollowerState(121)) - 66f9d00c-1e97-4252-958c-bed5a531abda: shutdown FollowerState
2019-10-18 14:01:33,539 [grpc-default-executor-0] INFO  impl.RoleInfo (RoleInfo.java:updateAndGet(143)) - 6cbfae60-ea29-4abc-a49d-ef94f4bd513a: start FollowerState
2019-10-18 14:01:33,539 [Thread-718] INFO  impl.FollowerState (FollowerState.java:run(117)) - 6cbfae60-ea29-4abc-a49d-ef94f4bd513a@group-E964BE911FCC-FollowerState was interrupted: java.lang.InterruptedException: sleep interrupted
2019-10-18 14:01:33,539 [grpc-default-executor-4] INFO  impl.RoleInfo (RoleInfo.java:updateAndGet(143)) - 66f9d00c-1e97-4252-958c-bed5a531abda: start FollowerState
2019-10-18 14:01:33,539 [Thread-717] INFO  impl.FollowerState (FollowerState.java:run(117)) - 66f9d00c-1e97-4252-958c-bed5a531abda@group-E964BE911FCC-FollowerState was interrupted: java.lang.InterruptedException: sleep interrupted
2019-10-18 14:01:33,566 [92ce6e48-4722-407a-9620-5998c6999257@group-E964BE911FCC-LeaderElection77] INFO  impl.LeaderElection (LeaderElection.java:logAndReturn(56)) - 92ce6e48-4722-407a-9620-5998c6999257@group-E964BE911FCC-LeaderElection77: Election REJECTED; received 2 response(s) [92ce6e48-4722-407a-9620-5998c6999257<-6cbfae60-ea29-4abc-a49d-ef94f4bd513a#0:FAIL-t79, 92ce6e48-4722-407a-9620-5998c6999257<-66f9d00c-1e97-4252-958c-bed5a531abda#0:FAIL-t79] and 0 exception(s); 92ce6e48-4722-407a-9620-5998c6999257@group-E964BE911FCC:t79, leader=null, voted=92ce6e48-4722-407a-9620-5998c6999257, raftlog=92ce6e48-4722-407a-9620-5998c6999257@group-E964BE911FCC-SegmentedRaftLog:OPENED:c-1,f-1,i0, conf=-1: [6cbfae60-ea29-4abc-a49d-ef94f4bd513a:192.168.69.85:36685, 66f9d00c-1e97-4252-958c-bed5a531abda:192.168.69.85:45996, 92ce6e48-4722-407a-9620-5998c6999257:192.168.69.85:34971], old=null
2019-10-18 14:01:33,567 [92ce6e48-4722-407a-9620-5998c6999257@group-E964BE911FCC-LeaderElection77] INFO  impl.RaftServerImpl (RaftServerImpl.java:setRole(184)) - 92ce6e48-4722-407a-9620-5998c6999257@group-E964BE911FCC: changes role from CANDIDATE to FOLLOWER at term 79 for DISCOVERED_A_NEW_TERM
2019-10-18 14:01:33,567 [92ce6e48-4722-407a-9620-5998c6999257@group-E964BE911FCC-LeaderElection77] INFO  impl.RoleInfo (RoleInfo.java:shutdownLeaderElection(134)) - 92ce6e48-4722-407a-9620-5998c6999257: shutdown LeaderElection
2019-10-18 14:01:33,567 [92ce6e48-4722-407a-9620-5998c6999257@group-E964BE911FCC-LeaderElection77] INFO  impl.RoleInfo (RoleInfo.java:updateAndGet(143)) - 92ce6e48-4722-407a-9620-5998c6999257: start FollowerState
2019-10-18 14:01:33,633 [Thread-725] INFO  impl.FollowerState (FollowerState.java:run(108)) - 92ce6e48-4722-407a-9620-5998c6999257@group-E964BE911FCC-FollowerState: change to CANDIDATE, lastRpcTime:66ms, electionTimeout:66ms
2019-10-18 14:01:33,634 [Thread-725] INFO  impl.RoleInfo (RoleInfo.java:shutdownFollowerState(121)) - 92ce6e48-4722-407a-9620-5998c6999257: shutdown FollowerState
2019-10-18 14:01:33,634 [Thread-725] INFO  impl.RaftServerImpl (RaftServerImpl.java:setRole(184)) - 92ce6e48-4722-407a-9620-5998c6999257@group-E964BE911FCC: changes role from  FOLLOWER to CANDIDATE at term 79 for changeToCandidate
2019-10-18 14:01:33,634 [Thread-725] INFO  impl.RoleInfo (RoleInfo.java:updateAndGet(143)) - 92ce6e48-4722-407a-9620-5998c6999257: start LeaderElection
2019-10-18 14:01:33,649 [92ce6e48-4722-407a-9620-5998c6999257@group-E964BE911FCC-LeaderElection78] INFO  impl.LeaderElection (LeaderElection.java:askForVotes(178)) - 92ce6e48-4722-407a-9620-5998c6999257@group-E964BE911FCC-LeaderElection78: begin an election at term 80 for -1: [6cbfae60-ea29-4abc-a49d-ef94f4bd513a:192.168.69.85:36685, 66f9d00c-1e97-4252-958c-bed5a531abda:192.168.69.85:45996, 92ce6e48-4722-407a-9620-5998c6999257:192.168.69.85:34971], old=null
2019-10-18 14:01:33,652 [grpc-default-executor-0] INFO  impl.RaftServerImpl (RaftServerImpl.java:setRole(184)) - 6cbfae60-ea29-4abc-a49d-ef94f4bd513a@group-E964BE911FCC: changes role from  FOLLOWER to FOLLOWER at term 80 for recognizeCandidate:92ce6e48-4722-407a-9620-5998c6999257
2019-10-18 14:01:33,652 [grpc-default-executor-4] INFO  impl.RaftServerImpl (RaftServerImpl.java:setRole(184)) - 66f9d00c-1e97-4252-958c-bed5a531abda@group-E964BE911FCC: changes role from  FOLLOWER to FOLLOWER at term 80 for recognizeCandidate:92ce6e48-4722-407a-9620-5998c6999257
2019-10-18 14:01:33,653 [grpc-default-executor-0] INFO  impl.RoleInfo (RoleInfo.java:shutdownFollowerState(121)) - 6cbfae60-ea29-4abc-a49d-ef94f4bd513a: shutdown FollowerState
2019-10-18 14:01:33,653 [grpc-default-executor-4] INFO  impl.RoleInfo (RoleInfo.java:shutdownFollowerState(121)) - 66f9d00c-1e97-4252-958c-bed5a531abda: shutdown FollowerState
2019-10-18 14:01:33,653 [Thread-723] INFO  impl.FollowerState (FollowerState.java:run(117)) - 6cbfae60-ea29-4abc-a49d-ef94f4bd513a@group-E964BE911FCC-FollowerState was interrupted: java.lang.InterruptedException: sleep interrupted
2019-10-18 14:01:33,653 [grpc-default-executor-0] INFO  impl.RoleInfo (RoleInfo.java:updateAndGet(143)) - 6cbfae60-ea29-4abc-a49d-ef94f4bd513a: start FollowerState
2019-10-18 14:01:33,653 [Thread-724] INFO  impl.FollowerState (FollowerState.java:run(117)) - 66f9d00c-1e97-4252-958c-bed5a531abda@group-E964BE911FCC-FollowerState was interrupted: java.lang.InterruptedException: sleep interrupted
2019-10-18 14:01:33,653 [grpc-default-executor-4] INFO  impl.RoleInfo (RoleInfo.java:updateAndGet(143)) - 66f9d00c-1e97-4252-958c-bed5a531abda: start FollowerState
2019-10-18 14:01:33,682 [92ce6e48-4722-407a-9620-5998c6999257@group-E964BE911FCC-LeaderElection78] INFO  impl.LeaderElection (LeaderElection.java:logAndReturn(56)) - 92ce6e48-4722-407a-9620-5998c6999257@group-E964BE911FCC-LeaderElection78: Election REJECTED; received 2 response(s) [92ce6e48-4722-407a-9620-5998c6999257<-6cbfae60-ea29-4abc-a49d-ef94f4bd513a#0:FAIL-t80, 92ce6e48-4722-407a-9620-5998c6999257<-66f9d00c-1e97-4252-958c-bed5a531abda#0:FAIL-t80] and 0 exception(s); 92ce6e48-4722-407a-9620-5998c6999257@group-E964BE911FCC:t80, leader=null, voted=92ce6e48-4722-407a-9620-5998c6999257, raftlog=92ce6e48-4722-407a-9620-5998c6999257@group-E964BE911FCC-SegmentedRaftLog:OPENED:c-1,f-1,i0, conf=-1: [6cbfae60-ea29-4abc-a49d-ef94f4bd513a:192.168.69.85:36685, 66f9d00c-1e97-4252-958c-bed5a531abda:192.168.69.85:45996, 92ce6e48-4722-407a-9620-5998c6999257:192.168.69.85:34971], old=null
2019-10-18 14:01:33,682 [92ce6e48-4722-407a-9620-5998c6999257@group-E964BE911FCC-LeaderElection78] INFO  impl.RaftServerImpl (RaftServerImpl.java:setRole(184)) - 92ce6e48-4722-407a-9620-5998c6999257@group-E964BE911FCC: changes role from CANDIDATE to FOLLOWER at term 80 for DISCOVERED_A_NEW_TERM
2019-10-18 14:01:33,682 [92ce6e48-4722-407a-9620-5998c6999257@group-E964BE911FCC-LeaderElection78] INFO  impl.RoleInfo (RoleInfo.java:shutdownLeaderElection(134)) - 92ce6e48-4722-407a-9620-5998c6999257: shutdown LeaderElection
2019-10-18 14:01:33,682 [92ce6e48-4722-407a-9620-5998c6999257@group-E964BE911FCC-LeaderElection78] INFO  impl.RoleInfo (RoleInfo.java:updateAndGet(143)) - 92ce6e48-4722-407a-9620-5998c6999257: start FollowerState
2019-10-18 14:01:33,840 [Thread-731] INFO  impl.FollowerState (FollowerState.java:run(108)) - 92ce6e48-4722-407a-9620-5998c6999257@group-E964BE911FCC-FollowerState: change to CANDIDATE, lastRpcTime:157ms, electionTimeout:157ms
2019-10-18 14:01:33,840 [Thread-731] INFO  impl.RoleInfo (RoleInfo.java:shutdownFollowerState(121)) - 92ce6e48-4722-407a-9620-5998c6999257: shutdown FollowerState
2019-10-18 14:01:33,840 [Thread-731] INFO  impl.RaftServerImpl (RaftServerImpl.java:setRole(184)) - 92ce6e48-4722-407a-9620-5998c6999257@group-E964BE911FCC: changes role from  FOLLOWER to CANDIDATE at term 80 for changeToCandidate
2019-10-18 14:01:33,841 [Thread-731] INFO  impl.RoleInfo (RoleInfo.java:updateAndGet(143)) - 92ce6e48-4722-407a-9620-5998c6999257: start LeaderElection
2019-10-18 14:01:33,856 [92ce6e48-4722-407a-9620-5998c6999257@group-E964BE911FCC-LeaderElection79] INFO  impl.LeaderElection (LeaderElection.java:askForVotes(178)) - 92ce6e48-4722-407a-9620-5998c6999257@group-E964BE911FCC-LeaderElection79: begin an election at term 81 for -1: [6cbfae60-ea29-4abc-a49d-ef94f4bd513a:192.168.69.85:36685, 66f9d00c-1e97-4252-958c-bed5a531abda:192.168.69.85:45996, 92ce6e48-4722-407a-9620-5998c6999257:192.168.69.85:34971], old=null
2019-10-18 14:01:33,859 [grpc-default-executor-0] INFO  impl.RaftServerImpl (RaftServerImpl.java:setRole(184)) - 66f9d00c-1e97-4252-958c-bed5a531abda@group-E964BE911FCC: changes role from  FOLLOWER to FOLLOWER at term 81 for recognizeCandidate:92ce6e48-4722-407a-9620-5998c6999257
2019-10-18 14:01:33,859 [grpc-default-executor-4] INFO  impl.RaftServerImpl (RaftServerImpl.java:setRole(184)) - 6cbfae60-ea29-4abc-a49d-ef94f4bd513a@group-E964BE911FCC: changes role from  FOLLOWER to FOLLOWER at term 81 for recognizeCandidate:92ce6e48-4722-407a-9620-5998c6999257
2019-10-18 14:01:33,859 [grpc-default-executor-4] INFO  impl.RoleInfo (RoleInfo.java:shutdownFollowerState(121)) - 6cbfae60-ea29-4abc-a49d-ef94f4bd513a: shutdown FollowerState
2019-10-18 14:01:33,859 [grpc-default-executor-0] INFO  impl.RoleInfo (RoleInfo.java:shutdownFollowerState(121)) - 66f9d00c-1e97-4252-958c-bed5a531abda: shutdown FollowerState
2019-10-18 14:01:33,859 [Thread-729] INFO  impl.FollowerState (FollowerState.java:run(117)) - 6cbfae60-ea29-4abc-a49d-ef94f4bd513a@group-E964BE911FCC-FollowerState was interrupted: java.lang.InterruptedException: sleep interrupted
2019-10-18 14:01:33,859 [grpc-default-executor-4] INFO  impl.RoleInfo (RoleInfo.java:updateAndGet(143)) - 6cbfae60-ea29-4abc-a49d-ef94f4bd513a: start FollowerState
2019-10-18 14:01:33,860 [grpc-default-executor-0] INFO  impl.RoleInfo (RoleInfo.java:updateAndGet(143)) - 66f9d00c-1e97-4252-958c-bed5a531abda: start FollowerState
2019-10-18 14:01:33,860 [Thread-730] INFO  impl.FollowerState (FollowerState.java:run(117)) - 66f9d00c-1e97-4252-958c-bed5a531abda@group-E964BE911FCC-FollowerState was interrupted: java.lang.InterruptedException: sleep interrupted
2019-10-18 14:01:33,887 [92ce6e48-4722-407a-9620-5998c6999257@group-E964BE911FCC-LeaderElection79] INFO  impl.LeaderElection (LeaderElection.java:logAndReturn(56)) - 92ce6e48-4722-407a-9620-5998c6999257@group-E964BE911FCC-LeaderElection79: Election REJECTED; received 2 response(s) [92ce6e48-4722-407a-9620-5998c6999257<-6cbfae60-ea29-4abc-a49d-ef94f4bd513a#0:FAIL-t81, 92ce6e48-4722-407a-9620-5998c6999257<-66f9d00c-1e97-4252-958c-bed5a531abda#0:FAIL-t81] and 0 exception(s); 92ce6e48-4722-407a-9620-5998c6999257@group-E964BE911FCC:t81, leader=null, voted=92ce6e48-4722-407a-9620-5998c6999257, raftlog=92ce6e48-4722-407a-9620-5998c6999257@group-E964BE911FCC-SegmentedRaftLog:OPENED:c-1,f-1,i0, conf=-1: [6cbfae60-ea29-4abc-a49d-ef94f4bd513a:192.168.69.85:36685, 66f9d00c-1e97-4252-958c-bed5a531abda:192.168.69.85:45996, 92ce6e48-4722-407a-9620-5998c6999257:192.168.69.85:34971], old=null
2019-10-18 14:01:33,887 [92ce6e48-4722-407a-9620-5998c6999257@group-E964BE911FCC-LeaderElection79] INFO  impl.RaftServerImpl (RaftServerImpl.java:setRole(184)) - 92ce6e48-4722-407a-9620-5998c6999257@group-E964BE911FCC: changes role from CANDIDATE to FOLLOWER at term 81 for DISCOVERED_A_NEW_TERM
2019-10-18 14:01:33,887 [92ce6e48-4722-407a-9620-5998c6999257@group-E964BE911FCC-LeaderElection79] INFO  impl.RoleInfo (RoleInfo.java:shutdownLeaderElection(134)) - 92ce6e48-4722-407a-9620-5998c6999257: shutdown LeaderElection
2019-10-18 14:01:33,887 [92ce6e48-4722-407a-9620-5998c6999257@group-E964BE911FCC-LeaderElection79] INFO  impl.RoleInfo (RoleInfo.java:updateAndGet(143)) - 92ce6e48-4722-407a-9620-5998c6999257: start FollowerState
2019-10-18 14:01:34,003 [Thread-737] INFO  impl.FollowerState (FollowerState.java:run(108)) - 92ce6e48-4722-407a-9620-5998c6999257@group-E964BE911FCC-FollowerState: change to CANDIDATE, lastRpcTime:115ms, electionTimeout:115ms
2019-10-18 14:01:34,003 [Thread-737] INFO  impl.RoleInfo (RoleInfo.java:shutdownFollowerState(121)) - 92ce6e48-4722-407a-9620-5998c6999257: shutdown FollowerState
2019-10-18 14:01:34,003 [Thread-737] INFO  impl.RaftServerImpl (RaftServerImpl.java:setRole(184)) - 92ce6e48-4722-407a-9620-5998c6999257@group-E964BE911FCC: changes role from  FOLLOWER to CANDIDATE at term 81 for changeToCandidate
2019-10-18 14:01:34,004 [Thread-737] INFO  impl.RoleInfo (RoleInfo.java:updateAndGet(143)) - 92ce6e48-4722-407a-9620-5998c6999257: start LeaderElection
2019-10-18 14:01:34,030 [92ce6e48-4722-407a-9620-5998c6999257@group-E964BE911FCC-LeaderElection80] INFO  impl.LeaderElection (LeaderElection.java:askForVotes(178)) - 92ce6e48-4722-407a-9620-5998c6999257@group-E964BE911FCC-LeaderElection80: begin an election at term 82 for -1: [6cbfae60-ea29-4abc-a49d-ef94f4bd513a:192.168.69.85:36685, 66f9d00c-1e97-4252-958c-bed5a531abda:192.168.69.85:45996, 92ce6e48-4722-407a-9620-5998c6999257:192.168.69.85:34971], old=null
2019-10-18 14:01:34,032 [grpc-default-executor-0] INFO  impl.RaftServerImpl (RaftServerImpl.java:setRole(184)) - 6cbfae60-ea29-4abc-a49d-ef94f4bd513a@group-E964BE911FCC: changes role from  FOLLOWER to FOLLOWER at term 82 for recognizeCandidate:92ce6e48-4722-407a-9620-5998c6999257
2019-10-18 14:01:34,032 [grpc-default-executor-4] INFO  impl.RaftServerImpl (RaftServerImpl.java:setRole(184)) - 66f9d00c-1e97-4252-958c-bed5a531abda@group-E964BE911FCC: changes role from  FOLLOWER to FOLLOWER at term 82 for recognizeCandidate:92ce6e48-4722-407a-9620-5998c6999257
2019-10-18 14:01:34,032 [grpc-default-executor-0] INFO  impl.RoleInfo (RoleInfo.java:shutdownFollowerState(121)) - 6cbfae60-ea29-4abc-a49d-ef94f4bd513a: shutdown FollowerState
2019-10-18 14:01:34,033 [grpc-default-executor-4] INFO  impl.RoleInfo (RoleInfo.java:shutdownFollowerState(121)) - 66f9d00c-1e97-4252-958c-bed5a531abda: shutdown FollowerState
2019-10-18 14:01:34,033 [Thread-735] INFO  impl.FollowerState (FollowerState.java:run(117)) - 6cbfae60-ea29-4abc-a49d-ef94f4bd513a@group-E964BE911FCC-FollowerState was interrupted: java.lang.InterruptedException: sleep interrupted
2019-10-18 14:01:34,033 [grpc-default-executor-0] INFO  impl.RoleInfo (RoleInfo.java:updateAndGet(143)) - 6cbfae60-ea29-4abc-a49d-ef94f4bd513a: start FollowerState
2019-10-18 14:01:34,033 [Thread-736] INFO  impl.FollowerState (FollowerState.java:run(117)) - 66f9d00c-1e97-4252-958c-bed5a531abda@group-E964BE911FCC-FollowerState was interrupted: java.lang.InterruptedException: sleep interrupted
2019-10-18 14:01:34,033 [grpc-default-executor-4] INFO  impl.RoleInfo (RoleInfo.java:updateAndGet(143)) - 66f9d00c-1e97-4252-958c-bed5a531abda: start FollowerState
2019-10-18 14:01:34,060 [92ce6e48-4722-407a-9620-5998c6999257@group-E964BE911FCC-LeaderElection80] INFO  impl.LeaderElection (LeaderElection.java:logAndReturn(56)) - 92ce6e48-4722-407a-9620-5998c6999257@group-E964BE911FCC-LeaderElection80: Election REJECTED; received 2 response(s) [92ce6e48-4722-407a-9620-5998c6999257<-6cbfae60-ea29-4abc-a49d-ef94f4bd513a#0:FAIL-t82, 92ce6e48-4722-407a-9620-5998c6999257<-66f9d00c-1e97-4252-958c-bed5a531abda#0:FAIL-t82] and 0 exception(s); 92ce6e48-4722-407a-9620-5998c6999257@group-E964BE911FCC:t82, leader=null, voted=92ce6e48-4722-407a-9620-5998c6999257, raftlog=92ce6e48-4722-407a-9620-5998c6999257@group-E964BE911FCC-SegmentedRaftLog:OPENED:c-1,f-1,i0, conf=-1: [6cbfae60-ea29-4abc-a49d-ef94f4bd513a:192.168.69.85:36685, 66f9d00c-1e97-4252-958c-bed5a531abda:192.168.69.85:45996, 92ce6e48-4722-407a-9620-5998c6999257:192.168.69.85:34971], old=null
2019-10-18 14:01:34,060 [92ce6e48-4722-407a-9620-5998c6999257@group-E964BE911FCC-LeaderElection80] INFO  impl.RaftServerImpl (RaftServerImpl.java:setRole(184)) - 92ce6e48-4722-407a-9620-5998c6999257@group-E964BE911FCC: changes role from CANDIDATE to FOLLOWER at term 82 for DISCOVERED_A_NEW_TERM
2019-10-18 14:01:34,060 [92ce6e48-4722-407a-9620-5998c6999257@group-E964BE911FCC-LeaderElection80] INFO  impl.RoleInfo (RoleInfo.java:shutdownLeaderElection(134)) - 92ce6e48-4722-407a-9620-5998c6999257: shutdown LeaderElection
2019-10-18 14:01:34,060 [92ce6e48-4722-407a-9620-5998c6999257@group-E964BE911FCC-LeaderElection80] INFO  impl.RoleInfo (RoleInfo.java:updateAndGet(143)) - 92ce6e48-4722-407a-9620-5998c6999257: start FollowerState
2019-10-18 14:01:34,079 [Thread-745] INFO  impl.FollowerState (FollowerState.java:run(108)) - 92ce6e48-4722-407a-9620-5998c6999257@group-E964BE911FCC-FollowerState: change to CANDIDATE, lastRpcTime:19ms, electionTimeout:19ms
2019-10-18 14:01:34,079 [Thread-745] INFO  impl.RoleInfo (RoleInfo.java:shutdownFollowerState(121)) - 92ce6e48-4722-407a-9620-5998c6999257: shutdown FollowerState
2019-10-18 14:01:34,080 [Thread-745] INFO  impl.RaftServerImpl (RaftServerImpl.java:setRole(184)) - 92ce6e48-4722-407a-9620-5998c6999257@group-E964BE911FCC: changes role from  FOLLOWER to CANDIDATE at term 82 for changeToCandidate
2019-10-18 14:01:34,080 [Thread-745] INFO  impl.RoleInfo (RoleInfo.java:updateAndGet(143)) - 92ce6e48-4722-407a-9620-5998c6999257: start LeaderElection
2019-10-18 14:01:34,092 [92ce6e48-4722-407a-9620-5998c6999257@group-E964BE911FCC-LeaderElection81] INFO  impl.LeaderElection (LeaderElection.java:askForVotes(178)) - 92ce6e48-4722-407a-9620-5998c6999257@group-E964BE911FCC-LeaderElection81: begin an election at term 83 for -1: [6cbfae60-ea29-4abc-a49d-ef94f4bd513a:192.168.69.85:36685, 66f9d00c-1e97-4252-958c-bed5a531abda:192.168.69.85:45996, 92ce6e48-4722-407a-9620-5998c6999257:192.168.69.85:34971], old=null
2019-10-18 14:01:34,095 [grpc-default-executor-0] INFO  impl.RaftServerImpl (RaftServerImpl.java:setRole(184)) - 66f9d00c-1e97-4252-958c-bed5a531abda@group-E964BE911FCC: changes role from  FOLLOWER to FOLLOWER at term 83 for recognizeCandidate:92ce6e48-4722-407a-9620-5998c6999257
2019-10-18 14:01:34,095 [grpc-default-executor-4] INFO  impl.RaftServerImpl (RaftServerImpl.java:setRole(184)) - 6cbfae60-ea29-4abc-a49d-ef94f4bd513a@group-E964BE911FCC: changes role from  FOLLOWER to FOLLOWER at term 83 for recognizeCandidate:92ce6e48-4722-407a-9620-5998c6999257
2019-10-18 14:01:34,095 [grpc-default-executor-0] INFO  impl.RoleInfo (RoleInfo.java:shutdownFollowerState(121)) - 66f9d00c-1e97-4252-958c-bed5a531abda: shutdown FollowerState
2019-10-18 14:01:34,095 [grpc-default-executor-4] INFO  impl.RoleInfo (RoleInfo.java:shutdownFollowerState(121)) - 6cbfae60-ea29-4abc-a49d-ef94f4bd513a: shutdown FollowerState
2019-10-18 14:01:34,095 [Thread-744] INFO  impl.FollowerState (FollowerState.java:run(117)) - 66f9d00c-1e97-4252-958c-bed5a531abda@group-E964BE911FCC-FollowerState was interrupted: java.lang.InterruptedException: sleep interrupted
2019-10-18 14:01:34,095 [grpc-default-executor-0] INFO  impl.RoleInfo (RoleInfo.java:updateAndGet(143)) - 66f9d00c-1e97-4252-958c-bed5a531abda: start FollowerState
2019-10-18 14:01:34,095 [Thread-743] INFO  impl.FollowerState (FollowerState.java:run(117)) - 6cbfae60-ea29-4abc-a49d-ef94f4bd513a@group-E964BE911FCC-FollowerState was interrupted: java.lang.InterruptedException: sleep interrupted
2019-10-18 14:01:34,095 [grpc-default-executor-4] INFO  impl.RoleInfo (RoleInfo.java:updateAndGet(143)) - 6cbfae60-ea29-4abc-a49d-ef94f4bd513a: start FollowerState
2019-10-18 14:01:34,128 [92ce6e48-4722-407a-9620-5998c6999257@group-E964BE911FCC-LeaderElection81] INFO  impl.LeaderElection (LeaderElection.java:logAndReturn(56)) - 92ce6e48-4722-407a-9620-5998c6999257@group-E964BE911FCC-LeaderElection81: Election REJECTED; received 2 response(s) [92ce6e48-4722-407a-9620-5998c6999257<-6cbfae60-ea29-4abc-a49d-ef94f4bd513a#0:FAIL-t83, 92ce6e48-4722-407a-9620-5998c6999257<-66f9d00c-1e97-4252-958c-bed5a531abda#0:FAIL-t83] and 0 exception(s); 92ce6e48-4722-407a-9620-5998c6999257@group-E964BE911FCC:t83, leader=null, voted=92ce6e48-4722-407a-9620-5998c6999257, raftlog=92ce6e48-4722-407a-9620-5998c6999257@group-E964BE911FCC-SegmentedRaftLog:OPENED:c-1,f-1,i0, conf=-1: [6cbfae60-ea29-4abc-a49d-ef94f4bd513a:192.168.69.85:36685, 66f9d00c-1e97-4252-958c-bed5a531abda:192.168.69.85:45996, 92ce6e48-4722-407a-9620-5998c6999257:192.168.69.85:34971], old=null
2019-10-18 14:01:34,128 [92ce6e48-4722-407a-9620-5998c6999257@group-E964BE911FCC-LeaderElection81] INFO  impl.RaftServerImpl (RaftServerImpl.java:setRole(184)) - 92ce6e48-4722-407a-9620-5998c6999257@group-E964BE911FCC: changes role from CANDIDATE to FOLLOWER at term 83 for DISCOVERED_A_NEW_TERM
2019-10-18 14:01:34,129 [92ce6e48-4722-407a-9620-5998c6999257@group-E964BE911FCC-LeaderElection81] INFO  impl.RoleInfo (RoleInfo.java:shutdownLeaderElection(134)) - 92ce6e48-4722-407a-9620-5998c6999257: shutdown LeaderElection
2019-10-18 14:01:34,129 [92ce6e48-4722-407a-9620-5998c6999257@group-E964BE911FCC-LeaderElection81] INFO  impl.RoleInfo (RoleInfo.java:updateAndGet(143)) - 92ce6e48-4722-407a-9620-5998c6999257: start FollowerState
2019-10-18 14:01:34,194 [Thread-751] INFO  impl.FollowerState (FollowerState.java:run(108)) - 92ce6e48-4722-407a-9620-5998c6999257@group-E964BE911FCC-FollowerState: change to CANDIDATE, lastRpcTime:65ms, electionTimeout:65ms
2019-10-18 14:01:34,194 [Thread-751] INFO  impl.RoleInfo (RoleInfo.java:shutdownFollowerState(121)) - 92ce6e48-4722-407a-9620-5998c6999257: shutdown FollowerState
2019-10-18 14:01:34,194 [Thread-751] INFO  impl.RaftServerImpl (RaftServerImpl.java:setRole(184)) - 92ce6e48-4722-407a-9620-5998c6999257@group-E964BE911FCC: changes role from  FOLLOWER to CANDIDATE at term 83 for changeToCandidate
2019-10-18 14:01:34,195 [Thread-751] INFO  impl.RoleInfo (RoleInfo.java:updateAndGet(143)) - 92ce6e48-4722-407a-9620-5998c6999257: start LeaderElection
2019-10-18 14:01:34,210 [92ce6e48-4722-407a-9620-5998c6999257@group-E964BE911FCC-LeaderElection82] INFO  impl.LeaderElection (LeaderElection.java:askForVotes(178)) - 92ce6e48-4722-407a-9620-5998c6999257@group-E964BE911FCC-LeaderElection82: begin an election at term 84 for -1: [6cbfae60-ea29-4abc-a49d-ef94f4bd513a:192.168.69.85:36685, 66f9d00c-1e97-4252-958c-bed5a531abda:192.168.69.85:45996, 92ce6e48-4722-407a-9620-5998c6999257:192.168.69.85:34971], old=null
2019-10-18 14:01:34,213 [grpc-default-executor-0] INFO  impl.RaftServerImpl (RaftServerImpl.java:setRole(184)) - 66f9d00c-1e97-4252-958c-bed5a531abda@group-E964BE911FCC: changes role from  FOLLOWER to FOLLOWER at term 84 for recognizeCandidate:92ce6e48-4722-407a-9620-5998c6999257
2019-10-18 14:01:34,213 [grpc-default-executor-0] INFO  impl.RoleInfo (RoleInfo.java:shutdownFollowerState(121)) - 66f9d00c-1e97-4252-958c-bed5a531abda: shutdown FollowerState
2019-10-18 14:01:34,213 [grpc-default-executor-4] INFO  impl.RaftServerImpl (RaftServerImpl.java:setRole(184)) - 6cbfae60-ea29-4abc-a49d-ef94f4bd513a@group-E964BE911FCC: changes role from  FOLLOWER to FOLLOWER at term 84 for recognizeCandidate:92ce6e48-4722-407a-9620-5998c6999257
2019-10-18 14:01:34,213 [Thread-749] INFO  impl.FollowerState (FollowerState.java:run(117)) - 66f9d00c-1e97-4252-958c-bed5a531abda@group-E964BE911FCC-FollowerState was interrupted: java.lang.InterruptedException: sleep interrupted
2019-10-18 14:01:34,213 [grpc-default-executor-0] INFO  impl.RoleInfo (RoleInfo.java:updateAndGet(143)) - 66f9d00c-1e97-4252-958c-bed5a531abda: start FollowerState
2019-10-18 14:01:34,213 [grpc-default-executor-4] INFO  impl.RoleInfo (RoleInfo.java:shutdownFollowerState(121)) - 6cbfae60-ea29-4abc-a49d-ef94f4bd513a: shutdown FollowerState
2019-10-18 14:01:34,214 [grpc-default-executor-4] INFO  impl.RoleInfo (RoleInfo.java:updateAndGet(143)) - 6cbfae60-ea29-4abc-a49d-ef94f4bd513a: start FollowerState
2019-10-18 14:01:34,214 [Thread-750] INFO  impl.FollowerState (FollowerState.java:run(117)) - 6cbfae60-ea29-4abc-a49d-ef94f4bd513a@group-E964BE911FCC-FollowerState was interrupted: java.lang.InterruptedException: sleep interrupted
2019-10-18 14:01:34,239 [92ce6e48-4722-407a-9620-5998c6999257@group-E964BE911FCC-LeaderElection82] INFO  impl.LeaderElection (LeaderElection.java:logAndReturn(56)) - 92ce6e48-4722-407a-9620-5998c6999257@group-E964BE911FCC-LeaderElection82: Election REJECTED; received 2 response(s) [92ce6e48-4722-407a-9620-5998c6999257<-6cbfae60-ea29-4abc-a49d-ef94f4bd513a#0:FAIL-t84, 92ce6e48-4722-407a-9620-5998c6999257<-66f9d00c-1e97-4252-958c-bed5a531abda#0:FAIL-t84] and 0 exception(s); 92ce6e48-4722-407a-9620-5998c6999257@group-E964BE911FCC:t84, leader=null, voted=92ce6e48-4722-407a-9620-5998c6999257, raftlog=92ce6e48-4722-407a-9620-5998c6999257@group-E964BE911FCC-SegmentedRaftLog:OPENED:c-1,f-1,i0, conf=-1: [6cbfae60-ea29-4abc-a49d-ef94f4bd513a:192.168.69.85:36685, 66f9d00c-1e97-4252-958c-bed5a531abda:192.168.69.85:45996, 92ce6e48-4722-407a-9620-5998c6999257:192.168.69.85:34971], old=null
2019-10-18 14:01:34,239 [92ce6e48-4722-407a-9620-5998c6999257@group-E964BE911FCC-LeaderElection82] INFO  impl.RaftServerImpl (RaftServerImpl.java:setRole(184)) - 92ce6e48-4722-407a-9620-5998c6999257@group-E964BE911FCC: changes role from CANDIDATE to FOLLOWER at term 84 for DISCOVERED_A_NEW_TERM
2019-10-18 14:01:34,240 [92ce6e48-4722-407a-9620-5998c6999257@group-E964BE911FCC-LeaderElection82] INFO  impl.RoleInfo (RoleInfo.java:shutdownLeaderElection(134)) - 92ce6e48-4722-407a-9620-5998c6999257: shutdown LeaderElection
2019-10-18 14:01:34,240 [92ce6e48-4722-407a-9620-5998c6999257@group-E964BE911FCC-LeaderElection82] INFO  impl.RoleInfo (RoleInfo.java:updateAndGet(143)) - 92ce6e48-4722-407a-9620-5998c6999257: start FollowerState
2019-10-18 14:01:34,420 [Thread-757] INFO  impl.FollowerState (FollowerState.java:run(108)) - 92ce6e48-4722-407a-9620-5998c6999257@group-E964BE911FCC-FollowerState: change to CANDIDATE, lastRpcTime:180ms, electionTimeout:180ms
2019-10-18 14:01:34,420 [Thread-757] INFO  impl.RoleInfo (RoleInfo.java:shutdownFollowerState(121)) - 92ce6e48-4722-407a-9620-5998c6999257: shutdown FollowerState
2019-10-18 14:01:34,421 [Thread-757] INFO  impl.RaftServerImpl (RaftServerImpl.java:setRole(184)) - 92ce6e48-4722-407a-9620-5998c6999257@group-E964BE911FCC: changes role from  FOLLOWER to CANDIDATE at term 84 for changeToCandidate
2019-10-18 14:01:34,421 [Thread-757] INFO  impl.RoleInfo (RoleInfo.java:updateAndGet(143)) - 92ce6e48-4722-407a-9620-5998c6999257: start LeaderElection
2019-10-18 14:01:34,447 [92ce6e48-4722-407a-9620-5998c6999257@group-E964BE911FCC-LeaderElection83] INFO  impl.LeaderElection (LeaderElection.java:askForVotes(178)) - 92ce6e48-4722-407a-9620-5998c6999257@group-E964BE911FCC-LeaderElection83: begin an election at term 85 for -1: [6cbfae60-ea29-4abc-a49d-ef94f4bd513a:192.168.69.85:36685, 66f9d00c-1e97-4252-958c-bed5a531abda:192.168.69.85:45996, 92ce6e48-4722-407a-9620-5998c6999257:192.168.69.85:34971], old=null
2019-10-18 14:01:34,450 [grpc-default-executor-4] INFO  impl.RaftServerImpl (RaftServerImpl.java:setRole(184)) - 66f9d00c-1e97-4252-958c-bed5a531abda@group-E964BE911FCC: changes role from  FOLLOWER to FOLLOWER at term 85 for recognizeCandidate:92ce6e48-4722-407a-9620-5998c6999257
2019-10-18 14:01:34,450 [grpc-default-executor-0] INFO  impl.RaftServerImpl (RaftServerImpl.java:setRole(184)) - 6cbfae60-ea29-4abc-a49d-ef94f4bd513a@group-E964BE911FCC: changes role from  FOLLOWER to FOLLOWER at term 85 for recognizeCandidate:92ce6e48-4722-407a-9620-5998c6999257
2019-10-18 14:01:34,450 [grpc-default-executor-4] INFO  impl.RoleInfo (RoleInfo.java:shutdownFollowerState(121)) - 66f9d00c-1e97-4252-958c-bed5a531abda: shutdown FollowerState
2019-10-18 14:01:34,450 [grpc-default-executor-0] INFO  impl.RoleInfo (RoleInfo.java:shutdownFollowerState(121)) - 6cbfae60-ea29-4abc-a49d-ef94f4bd513a: shutdown FollowerState
2019-10-18 14:01:34,450 [Thread-755] INFO  impl.FollowerState (FollowerState.java:run(117)) - 66f9d00c-1e97-4252-958c-bed5a531abda@group-E964BE911FCC-FollowerState was interrupted: java.lang.InterruptedException: sleep interrupted
2019-10-18 14:01:34,451 [Thread-756] INFO  impl.FollowerState (FollowerState.java:run(117)) - 6cbfae60-ea29-4abc-a49d-ef94f4bd513a@group-E964BE911FCC-FollowerState was interrupted: java.lang.InterruptedException: sleep interrupted
2019-10-18 14:01:34,450 [grpc-default-executor-4] INFO  impl.RoleInfo (RoleInfo.java:updateAndGet(143)) - 66f9d00c-1e97-4252-958c-bed5a531abda: start FollowerState
2019-10-18 14:01:34,451 [grpc-default-executor-0] INFO  impl.RoleInfo (RoleInfo.java:updateAndGet(143)) - 6cbfae60-ea29-4abc-a49d-ef94f4bd513a: start FollowerState
2019-10-18 14:01:34,460 [92ce6e48-4722-407a-9620-5998c6999257@group-E964BE911FCC-LeaderElection83] INFO  impl.LeaderElection (LeaderElection.java:logAndReturn(56)) - 92ce6e48-4722-407a-9620-5998c6999257@group-E964BE911FCC-LeaderElection83: Election REJECTED; received 2 response(s) [92ce6e48-4722-407a-9620-5998c6999257<-6cbfae60-ea29-4abc-a49d-ef94f4bd513a#0:FAIL-t85, 92ce6e48-4722-407a-9620-5998c6999257<-66f9d00c-1e97-4252-958c-bed5a531abda#0:FAIL-t85] and 0 exception(s); 92ce6e48-4722-407a-9620-5998c6999257@group-E964BE911FCC:t85, leader=null, voted=92ce6e48-4722-407a-9620-5998c6999257, raftlog=92ce6e48-4722-407a-9620-5998c6999257@group-E964BE911FCC-SegmentedRaftLog:OPENED:c-1,f-1,i0, conf=-1: [6cbfae60-ea29-4abc-a49d-ef94f4bd513a:192.168.69.85:36685, 66f9d00c-1e97-4252-958c-bed5a531abda:192.168.69.85:45996, 92ce6e48-4722-407a-9620-5998c6999257:192.168.69.85:34971], old=null
2019-10-18 14:01:34,460 [92ce6e48-4722-407a-9620-5998c6999257@group-E964BE911FCC-LeaderElection83] INFO  impl.RaftServerImpl (RaftServerImpl.java:setRole(184)) - 92ce6e48-4722-407a-9620-5998c6999257@group-E964BE911FCC: changes role from CANDIDATE to FOLLOWER at term 85 for DISCOVERED_A_NEW_TERM
2019-10-18 14:01:34,460 [92ce6e48-4722-407a-9620-5998c6999257@group-E964BE911FCC-LeaderElection83] INFO  impl.RoleInfo (RoleInfo.java:shutdownLeaderElection(134)) - 92ce6e48-4722-407a-9620-5998c6999257: shutdown LeaderElection
2019-10-18 14:01:34,461 [92ce6e48-4722-407a-9620-5998c6999257@group-E964BE911FCC-LeaderElection83] INFO  impl.RoleInfo (RoleInfo.java:updateAndGet(143)) - 92ce6e48-4722-407a-9620-5998c6999257: start FollowerState
2019-10-18 14:01:34,592 [Thread-763] INFO  impl.FollowerState (FollowerState.java:run(108)) - 92ce6e48-4722-407a-9620-5998c6999257@group-E964BE911FCC-FollowerState: change to CANDIDATE, lastRpcTime:131ms, electionTimeout:131ms
2019-10-18 14:01:34,592 [Thread-763] INFO  impl.RoleInfo (RoleInfo.java:shutdownFollowerState(121)) - 92ce6e48-4722-407a-9620-5998c6999257: shutdown FollowerState
2019-10-18 14:01:34,592 [Thread-763] INFO  impl.RaftServerImpl (RaftServerImpl.java:setRole(184)) - 92ce6e48-4722-407a-9620-5998c6999257@group-E964BE911FCC: changes role from  FOLLOWER to CANDIDATE at term 85 for changeToCandidate
2019-10-18 14:01:34,593 [Thread-763] INFO  impl.RoleInfo (RoleInfo.java:updateAndGet(143)) - 92ce6e48-4722-407a-9620-5998c6999257: start LeaderElection
2019-10-18 14:01:34,598 [92ce6e48-4722-407a-9620-5998c6999257@group-E964BE911FCC-LeaderElection84] INFO  impl.LeaderElection (LeaderElection.java:askForVotes(178)) - 92ce6e48-4722-407a-9620-5998c6999257@group-E964BE911FCC-LeaderElection84: begin an election at term 86 for -1: [6cbfae60-ea29-4abc-a49d-ef94f4bd513a:192.168.69.85:36685, 66f9d00c-1e97-4252-958c-bed5a531abda:192.168.69.85:45996, 92ce6e48-4722-407a-9620-5998c6999257:192.168.69.85:34971], old=null
2019-10-18 14:01:34,601 [grpc-default-executor-0] INFO  impl.RaftServerImpl (RaftServerImpl.java:setRole(184)) - 6cbfae60-ea29-4abc-a49d-ef94f4bd513a@group-E964BE911FCC: changes role from  FOLLOWER to FOLLOWER at term 86 for recognizeCandidate:92ce6e48-4722-407a-9620-5998c6999257
2019-10-18 14:01:34,601 [grpc-default-executor-4] INFO  impl.RaftServerImpl (RaftServerImpl.java:setRole(184)) - 66f9d00c-1e97-4252-958c-bed5a531abda@group-E964BE911FCC: changes role from  FOLLOWER to FOLLOWER at term 86 for recognizeCandidate:92ce6e48-4722-407a-9620-5998c6999257
2019-10-18 14:01:34,602 [grpc-default-executor-0] INFO  impl.RoleInfo (RoleInfo.java:shutdownFollowerState(121)) - 6cbfae60-ea29-4abc-a49d-ef94f4bd513a: shutdown FollowerState
2019-10-18 14:01:34,602 [grpc-default-executor-4] INFO  impl.RoleInfo (RoleInfo.java:shutdownFollowerState(121)) - 66f9d00c-1e97-4252-958c-bed5a531abda: shutdown FollowerState
2019-10-18 14:01:34,602 [Thread-762] INFO  impl.FollowerState (FollowerState.java:run(117)) - 6cbfae60-ea29-4abc-a49d-ef94f4bd513a@group-E964BE911FCC-FollowerState was interrupted: java.lang.InterruptedException: sleep interrupted
2019-10-18 14:01:34,602 [grpc-default-executor-0] INFO  impl.RoleInfo (RoleInfo.java:updateAndGet(143)) - 6cbfae60-ea29-4abc-a49d-ef94f4bd513a: start FollowerState
2019-10-18 14:01:34,602 [Thread-761] INFO  impl.FollowerState (FollowerState.java:run(117)) - 66f9d00c-1e97-4252-958c-bed5a531abda@group-E964BE911FCC-FollowerState was interrupted: java.lang.InterruptedException: sleep interrupted
2019-10-18 14:01:34,602 [grpc-default-executor-4] INFO  impl.RoleInfo (RoleInfo.java:updateAndGet(143)) - 66f9d00c-1e97-4252-958c-bed5a531abda: start FollowerState
2019-10-18 14:01:34,635 [92ce6e48-4722-407a-9620-5998c6999257@group-E964BE911FCC-LeaderElection84] INFO  impl.LeaderElection (LeaderElection.java:logAndReturn(56)) - 92ce6e48-4722-407a-9620-5998c6999257@group-E964BE911FCC-LeaderElection84: Election REJECTED; received 2 response(s) [92ce6e48-4722-407a-9620-5998c6999257<-6cbfae60-ea29-4abc-a49d-ef94f4bd513a#0:FAIL-t86, 92ce6e48-4722-407a-9620-5998c6999257<-66f9d00c-1e97-4252-958c-bed5a531abda#0:FAIL-t86] and 0 exception(s); 92ce6e48-4722-407a-9620-5998c6999257@group-E964BE911FCC:t86, leader=null, voted=92ce6e48-4722-407a-9620-5998c6999257, raftlog=92ce6e48-4722-407a-9620-5998c6999257@group-E964BE911FCC-SegmentedRaftLog:OPENED:c-1,f-1,i0, conf=-1: [6cbfae60-ea29-4abc-a49d-ef94f4bd513a:192.168.69.85:36685, 66f9d00c-1e97-4252-958c-bed5a531abda:192.168.69.85:45996, 92ce6e48-4722-407a-9620-5998c6999257:192.168.69.85:34971], old=null
2019-10-18 14:01:34,635 [92ce6e48-4722-407a-9620-5998c6999257@group-E964BE911FCC-LeaderElection84] INFO  impl.RaftServerImpl (RaftServerImpl.java:setRole(184)) - 92ce6e48-4722-407a-9620-5998c6999257@group-E964BE911FCC: changes role from CANDIDATE to FOLLOWER at term 86 for DISCOVERED_A_NEW_TERM
2019-10-18 14:01:34,635 [92ce6e48-4722-407a-9620-5998c6999257@group-E964BE911FCC-LeaderElection84] INFO  impl.RoleInfo (RoleInfo.java:shutdownLeaderElection(134)) - 92ce6e48-4722-407a-9620-5998c6999257: shutdown LeaderElection
2019-10-18 14:01:34,635 [92ce6e48-4722-407a-9620-5998c6999257@group-E964BE911FCC-LeaderElection84] INFO  impl.RoleInfo (RoleInfo.java:updateAndGet(143)) - 92ce6e48-4722-407a-9620-5998c6999257: start FollowerState
2019-10-18 14:01:34,646 [Thread-769] INFO  impl.FollowerState (FollowerState.java:run(108)) - 92ce6e48-4722-407a-9620-5998c6999257@group-E964BE911FCC-FollowerState: change to CANDIDATE, lastRpcTime:10ms, electionTimeout:10ms
2019-10-18 14:01:34,646 [Thread-769] INFO  impl.RoleInfo (RoleInfo.java:shutdownFollowerState(121)) - 92ce6e48-4722-407a-9620-5998c6999257: shutdown FollowerState
2019-10-18 14:01:34,646 [Thread-769] INFO  impl.RaftServerImpl (RaftServerImpl.java:setRole(184)) - 92ce6e48-4722-407a-9620-5998c6999257@group-E964BE911FCC: changes role from  FOLLOWER to CANDIDATE at term 86 for changeToCandidate
2019-10-18 14:01:34,646 [Thread-769] INFO  impl.RoleInfo (RoleInfo.java:updateAndGet(143)) - 92ce6e48-4722-407a-9620-5998c6999257: start LeaderElection
2019-10-18 14:01:34,660 [92ce6e48-4722-407a-9620-5998c6999257@group-E964BE911FCC-LeaderElection85] INFO  impl.LeaderElection (LeaderElection.java:askForVotes(178)) - 92ce6e48-4722-407a-9620-5998c6999257@group-E964BE911FCC-LeaderElection85: begin an election at term 87 for -1: [6cbfae60-ea29-4abc-a49d-ef94f4bd513a:192.168.69.85:36685, 66f9d00c-1e97-4252-958c-bed5a531abda:192.168.69.85:45996, 92ce6e48-4722-407a-9620-5998c6999257:192.168.69.85:34971], old=null
2019-10-18 14:01:34,662 [grpc-default-executor-4] INFO  impl.RaftServerImpl (RaftServerImpl.java:setRole(184)) - 6cbfae60-ea29-4abc-a49d-ef94f4bd513a@group-E964BE911FCC: changes role from  FOLLOWER to FOLLOWER at term 87 for recognizeCandidate:92ce6e48-4722-407a-9620-5998c6999257
2019-10-18 14:01:34,663 [grpc-default-executor-4] INFO  impl.RoleInfo (RoleInfo.java:shutdownFollowerState(121)) - 6cbfae60-ea29-4abc-a49d-ef94f4bd513a: shutdown FollowerState
2019-10-18 14:01:34,663 [grpc-default-executor-0] INFO  impl.RaftServerImpl (RaftServerImpl.java:setRole(184)) - 66f9d00c-1e97-4252-958c-bed5a531abda@group-E964BE911FCC: changes role from  FOLLOWER to FOLLOWER at term 87 for recognizeCandidate:92ce6e48-4722-407a-9620-5998c6999257
2019-10-18 14:01:34,663 [grpc-default-executor-4] INFO  impl.RoleInfo (RoleInfo.java:updateAndGet(143)) - 6cbfae60-ea29-4abc-a49d-ef94f4bd513a: start FollowerState
2019-10-18 14:01:34,663 [Thread-767] INFO  impl.FollowerState (FollowerState.java:run(117)) - 6cbfae60-ea29-4abc-a49d-ef94f4bd513a@group-E964BE911FCC-FollowerState was interrupted: java.lang.InterruptedException: sleep interrupted
2019-10-18 14:01:34,663 [grpc-default-executor-0] INFO  impl.RoleInfo (RoleInfo.java:shutdownFollowerState(121)) - 66f9d00c-1e97-4252-958c-bed5a531abda: shutdown FollowerState
2019-10-18 14:01:34,663 [grpc-default-executor-0] INFO  impl.RoleInfo (RoleInfo.java:updateAndGet(143)) - 66f9d00c-1e97-4252-958c-bed5a531abda: start FollowerState
2019-10-18 14:01:34,664 [Thread-768] INFO  impl.FollowerState (FollowerState.java:run(117)) - 66f9d00c-1e97-4252-958c-bed5a531abda@group-E964BE911FCC-FollowerState was interrupted: java.lang.InterruptedException: sleep interrupted
2019-10-18 14:01:34,677 [92ce6e48-4722-407a-9620-5998c6999257@group-E964BE911FCC-LeaderElection85] INFO  impl.LeaderElection (LeaderElection.java:logAndReturn(56)) - 92ce6e48-4722-407a-9620-5998c6999257@group-E964BE911FCC-LeaderElection85: Election REJECTED; received 2 response(s) [92ce6e48-4722-407a-9620-5998c6999257<-6cbfae60-ea29-4abc-a49d-ef94f4bd513a#0:FAIL-t87, 92ce6e48-4722-407a-9620-5998c6999257<-66f9d00c-1e97-4252-958c-bed5a531abda#0:FAIL-t87] and 0 exception(s); 92ce6e48-4722-407a-9620-5998c6999257@group-E964BE911FCC:t87, leader=null, voted=92ce6e48-4722-407a-9620-5998c6999257, raftlog=92ce6e48-4722-407a-9620-5998c6999257@group-E964BE911FCC-SegmentedRaftLog:OPENED:c-1,f-1,i0, conf=-1: [6cbfae60-ea29-4abc-a49d-ef94f4bd513a:192.168.69.85:36685, 66f9d00c-1e97-4252-958c-bed5a531abda:192.168.69.85:45996, 92ce6e48-4722-407a-9620-5998c6999257:192.168.69.85:34971], old=null
2019-10-18 14:01:34,678 [92ce6e48-4722-407a-9620-5998c6999257@group-E964BE911FCC-LeaderElection85] INFO  impl.RaftServerImpl (RaftServerImpl.java:setRole(184)) - 92ce6e48-4722-407a-9620-5998c6999257@group-E964BE911FCC: changes role from CANDIDATE to FOLLOWER at term 87 for DISCOVERED_A_NEW_TERM
2019-10-18 14:01:34,678 [92ce6e48-4722-407a-9620-5998c6999257@group-E964BE911FCC-LeaderElection85] INFO  impl.RoleInfo (RoleInfo.java:shutdownLeaderElection(134)) - 92ce6e48-4722-407a-9620-5998c6999257: shutdown LeaderElection
2019-10-18 14:01:34,678 [92ce6e48-4722-407a-9620-5998c6999257@group-E964BE911FCC-LeaderElection85] INFO  impl.RoleInfo (RoleInfo.java:updateAndGet(143)) - 92ce6e48-4722-407a-9620-5998c6999257: start FollowerState
2019-10-18 14:01:34,783 [Thread-775] INFO  impl.FollowerState (FollowerState.java:run(108)) - 92ce6e48-4722-407a-9620-5998c6999257@group-E964BE911FCC-FollowerState: change to CANDIDATE, lastRpcTime:104ms, electionTimeout:104ms
2019-10-18 14:01:34,783 [Thread-775] INFO  impl.RoleInfo (RoleInfo.java:shutdownFollowerState(121)) - 92ce6e48-4722-407a-9620-5998c6999257: shutdown FollowerState
2019-10-18 14:01:34,783 [Thread-775] INFO  impl.RaftServerImpl (RaftServerImpl.java:setRole(184)) - 92ce6e48-4722-407a-9620-5998c6999257@group-E964BE911FCC: changes role from  FOLLOWER to CANDIDATE at term 87 for changeToCandidate
2019-10-18 14:01:34,783 [Thread-775] INFO  impl.RoleInfo (RoleInfo.java:updateAndGet(143)) - 92ce6e48-4722-407a-9620-5998c6999257: start LeaderElection
2019-10-18 14:01:34,809 [92ce6e48-4722-407a-9620-5998c6999257@group-E964BE911FCC-LeaderElection86] INFO  impl.LeaderElection (LeaderElection.java:askForVotes(178)) - 92ce6e48-4722-407a-9620-5998c6999257@group-E964BE911FCC-LeaderElection86: begin an election at term 88 for -1: [6cbfae60-ea29-4abc-a49d-ef94f4bd513a:192.168.69.85:36685, 66f9d00c-1e97-4252-958c-bed5a531abda:192.168.69.85:45996, 92ce6e48-4722-407a-9620-5998c6999257:192.168.69.85:34971], old=null
2019-10-18 14:01:34,812 [grpc-default-executor-4] INFO  impl.RaftServerImpl (RaftServerImpl.java:setRole(184)) - 66f9d00c-1e97-4252-958c-bed5a531abda@group-E964BE911FCC: changes role from  FOLLOWER to FOLLOWER at term 88 for recognizeCandidate:92ce6e48-4722-407a-9620-5998c6999257
2019-10-18 14:01:34,812 [grpc-default-executor-0] INFO  impl.RaftServerImpl (RaftServerImpl.java:setRole(184)) - 6cbfae60-ea29-4abc-a49d-ef94f4bd513a@group-E964BE911FCC: changes role from  FOLLOWER to FOLLOWER at term 88 for recognizeCandidate:92ce6e48-4722-407a-9620-5998c6999257
2019-10-18 14:01:34,812 [grpc-default-executor-4] INFO  impl.RoleInfo (RoleInfo.java:shutdownFollowerState(121)) - 66f9d00c-1e97-4252-958c-bed5a531abda: shutdown FollowerState
2019-10-18 14:01:34,812 [grpc-default-executor-0] INFO  impl.RoleInfo (RoleInfo.java:shutdownFollowerState(121)) - 6cbfae60-ea29-4abc-a49d-ef94f4bd513a: shutdown FollowerState
2019-10-18 14:01:34,813 [grpc-default-executor-4] INFO  impl.RoleInfo (RoleInfo.java:updateAndGet(143)) - 66f9d00c-1e97-4252-958c-bed5a531abda: start FollowerState
2019-10-18 14:01:34,813 [Thread-774] INFO  impl.FollowerState (FollowerState.java:run(117)) - 66f9d00c-1e97-4252-958c-bed5a531abda@group-E964BE911FCC-FollowerState was interrupted: java.lang.InterruptedException: sleep interrupted
2019-10-18 14:01:34,813 [Thread-773] INFO  impl.FollowerState (FollowerState.java:run(117)) - 6cbfae60-ea29-4abc-a49d-ef94f4bd513a@group-E964BE911FCC-FollowerState was interrupted: java.lang.InterruptedException: sleep interrupted
2019-10-18 14:01:34,813 [grpc-default-executor-0] INFO  impl.RoleInfo (RoleInfo.java:updateAndGet(143)) - 6cbfae60-ea29-4abc-a49d-ef94f4bd513a: start FollowerState
2019-10-18 14:01:34,839 [92ce6e48-4722-407a-9620-5998c6999257@group-E964BE911FCC-LeaderElection86] INFO  impl.LeaderElection (LeaderElection.java:logAndReturn(56)) - 92ce6e48-4722-407a-9620-5998c6999257@group-E964BE911FCC-LeaderElection86: Election REJECTED; received 2 response(s) [92ce6e48-4722-407a-9620-5998c6999257<-6cbfae60-ea29-4abc-a49d-ef94f4bd513a#0:FAIL-t88, 92ce6e48-4722-407a-9620-5998c6999257<-66f9d00c-1e97-4252-958c-bed5a531abda#0:FAIL-t88] and 0 exception(s); 92ce6e48-4722-407a-9620-5998c6999257@group-E964BE911FCC:t88, leader=null, voted=92ce6e48-4722-407a-9620-5998c6999257, raftlog=92ce6e48-4722-407a-9620-5998c6999257@group-E964BE911FCC-SegmentedRaftLog:OPENED:c-1,f-1,i0, conf=-1: [6cbfae60-ea29-4abc-a49d-ef94f4bd513a:192.168.69.85:36685, 66f9d00c-1e97-4252-958c-bed5a531abda:192.168.69.85:45996, 92ce6e48-4722-407a-9620-5998c6999257:192.168.69.85:34971], old=null
2019-10-18 14:01:34,839 [92ce6e48-4722-407a-9620-5998c6999257@group-E964BE911FCC-LeaderElection86] INFO  impl.RaftServerImpl (RaftServerImpl.java:setRole(184)) - 92ce6e48-4722-407a-9620-5998c6999257@group-E964BE911FCC: changes role from CANDIDATE to FOLLOWER at term 88 for DISCOVERED_A_NEW_TERM
2019-10-18 14:01:34,840 [92ce6e48-4722-407a-9620-5998c6999257@group-E964BE911FCC-LeaderElection86] INFO  impl.RoleInfo (RoleInfo.java:shutdownLeaderElection(134)) - 92ce6e48-4722-407a-9620-5998c6999257: shutdown LeaderElection
2019-10-18 14:01:34,840 [92ce6e48-4722-407a-9620-5998c6999257@group-E964BE911FCC-LeaderElection86] INFO  impl.RoleInfo (RoleInfo.java:updateAndGet(143)) - 92ce6e48-4722-407a-9620-5998c6999257: start FollowerState
2019-10-18 14:01:34,868 [Thread-781] INFO  impl.FollowerState (FollowerState.java:run(108)) - 92ce6e48-4722-407a-9620-5998c6999257@group-E964BE911FCC-FollowerState: change to CANDIDATE, lastRpcTime:28ms, electionTimeout:28ms
2019-10-18 14:01:34,868 [Thread-781] INFO  impl.RoleInfo (RoleInfo.java:shutdownFollowerState(121)) - 92ce6e48-4722-407a-9620-5998c6999257: shutdown FollowerState
2019-10-18 14:01:34,868 [Thread-781] INFO  impl.RaftServerImpl (RaftServerImpl.java:setRole(184)) - 92ce6e48-4722-407a-9620-5998c6999257@group-E964BE911FCC: changes role from  FOLLOWER to CANDIDATE at term 88 for changeToCandidate
2019-10-18 14:01:34,869 [Thread-781] INFO  impl.RoleInfo (RoleInfo.java:updateAndGet(143)) - 92ce6e48-4722-407a-9620-5998c6999257: start LeaderElection
2019-10-18 14:01:34,893 [92ce6e48-4722-407a-9620-5998c6999257@group-E964BE911FCC-LeaderElection87] INFO  impl.LeaderElection (LeaderElection.java:askForVotes(178)) - 92ce6e48-4722-407a-9620-5998c6999257@group-E964BE911FCC-LeaderElection87: begin an election at term 89 for -1: [6cbfae60-ea29-4abc-a49d-ef94f4bd513a:192.168.69.85:36685, 66f9d00c-1e97-4252-958c-bed5a531abda:192.168.69.85:45996, 92ce6e48-4722-407a-9620-5998c6999257:192.168.69.85:34971], old=null
2019-10-18 14:01:34,896 [grpc-default-executor-0] INFO  impl.RaftServerImpl (RaftServerImpl.java:setRole(184)) - 66f9d00c-1e97-4252-958c-bed5a531abda@group-E964BE911FCC: changes role from  FOLLOWER to FOLLOWER at term 89 for recognizeCandidate:92ce6e48-4722-407a-9620-5998c6999257
2019-10-18 14:01:34,896 [grpc-default-executor-0] INFO  impl.RoleInfo (RoleInfo.java:shutdownFollowerState(121)) - 66f9d00c-1e97-4252-958c-bed5a531abda: shutdown FollowerState
2019-10-18 14:01:34,896 [grpc-default-executor-4] INFO  impl.RaftServerImpl (RaftServerImpl.java:setRole(184)) - 6cbfae60-ea29-4abc-a49d-ef94f4bd513a@group-E964BE911FCC: changes role from  FOLLOWER to FOLLOWER at term 89 for recognizeCandidate:92ce6e48-4722-407a-9620-5998c6999257
2019-10-18 14:01:34,897 [Thread-779] INFO  impl.FollowerState (FollowerState.java:run(117)) - 66f9d00c-1e97-4252-958c-bed5a531abda@group-E964BE911FCC-FollowerState was interrupted: java.lang.InterruptedException: sleep interrupted
2019-10-18 14:01:34,897 [grpc-default-executor-4] INFO  impl.RoleInfo (RoleInfo.java:shutdownFollowerState(121)) - 6cbfae60-ea29-4abc-a49d-ef94f4bd513a: shutdown FollowerState
2019-10-18 14:01:34,896 [grpc-default-executor-0] INFO  impl.RoleInfo (RoleInfo.java:updateAndGet(143)) - 66f9d00c-1e97-4252-958c-bed5a531abda: start FollowerState
2019-10-18 14:01:34,897 [Thread-780] INFO  impl.FollowerState (FollowerState.java:run(117)) - 6cbfae60-ea29-4abc-a49d-ef94f4bd513a@group-E964BE911FCC-FollowerState was interrupted: java.lang.InterruptedException: sleep interrupted
2019-10-18 14:01:34,897 [grpc-default-executor-4] INFO  impl.RoleInfo (RoleInfo.java:updateAndGet(143)) - 6cbfae60-ea29-4abc-a49d-ef94f4bd513a: start FollowerState
2019-10-18 14:01:34,924 [92ce6e48-4722-407a-9620-5998c6999257@group-E964BE911FCC-LeaderElection87] INFO  impl.LeaderElection (LeaderElection.java:logAndReturn(56)) - 92ce6e48-4722-407a-9620-5998c6999257@group-E964BE911FCC-LeaderElection87: Election REJECTED; received 2 response(s) [92ce6e48-4722-407a-9620-5998c6999257<-6cbfae60-ea29-4abc-a49d-ef94f4bd513a#0:FAIL-t89, 92ce6e48-4722-407a-9620-5998c6999257<-66f9d00c-1e97-4252-958c-bed5a531abda#0:FAIL-t89] and 0 exception(s); 92ce6e48-4722-407a-9620-5998c6999257@group-E964BE911FCC:t89, leader=null, voted=92ce6e48-4722-407a-9620-5998c6999257, raftlog=92ce6e48-4722-407a-9620-5998c6999257@group-E964BE911FCC-SegmentedRaftLog:OPENED:c-1,f-1,i0, conf=-1: [6cbfae60-ea29-4abc-a49d-ef94f4bd513a:192.168.69.85:36685, 66f9d00c-1e97-4252-958c-bed5a531abda:192.168.69.85:45996, 92ce6e48-4722-407a-9620-5998c6999257:192.168.69.85:34971], old=null
2019-10-18 14:01:34,924 [92ce6e48-4722-407a-9620-5998c6999257@group-E964BE911FCC-LeaderElection87] INFO  impl.RaftServerImpl (RaftServerImpl.java:setRole(184)) - 92ce6e48-4722-407a-9620-5998c6999257@group-E964BE911FCC: changes role from CANDIDATE to FOLLOWER at term 89 for DISCOVERED_A_NEW_TERM
2019-10-18 14:01:34,924 [92ce6e48-4722-407a-9620-5998c6999257@group-E964BE911FCC-LeaderElection87] INFO  impl.RoleInfo (RoleInfo.java:shutdownLeaderElection(134)) - 92ce6e48-4722-407a-9620-5998c6999257: shutdown LeaderElection
2019-10-18 14:01:34,924 [92ce6e48-4722-407a-9620-5998c6999257@group-E964BE911FCC-LeaderElection87] INFO  impl.RoleInfo (RoleInfo.java:updateAndGet(143)) - 92ce6e48-4722-407a-9620-5998c6999257: start FollowerState
2019-10-18 14:01:34,949 [Thread-787] INFO  impl.FollowerState (FollowerState.java:run(108)) - 92ce6e48-4722-407a-9620-5998c6999257@group-E964BE911FCC-FollowerState: change to CANDIDATE, lastRpcTime:24ms, electionTimeout:24ms
2019-10-18 14:01:34,949 [Thread-787] INFO  impl.RoleInfo (RoleInfo.java:shutdownFollowerState(121)) - 92ce6e48-4722-407a-9620-5998c6999257: shutdown FollowerState
2019-10-18 14:01:34,949 [Thread-787] INFO  impl.RaftServerImpl (RaftServerImpl.java:setRole(184)) - 92ce6e48-4722-407a-9620-5998c6999257@group-E964BE911FCC: changes role from  FOLLOWER to CANDIDATE at term 89 for changeToCandidate
2019-10-18 14:01:34,949 [Thread-787] INFO  impl.RoleInfo (RoleInfo.java:updateAndGet(143)) - 92ce6e48-4722-407a-9620-5998c6999257: start LeaderElection
2019-10-18 14:01:34,962 [92ce6e48-4722-407a-9620-5998c6999257@group-E964BE911FCC-LeaderElection88] INFO  impl.LeaderElection (LeaderElection.java:askForVotes(178)) - 92ce6e48-4722-407a-9620-5998c6999257@group-E964BE911FCC-LeaderElection88: begin an election at term 90 for -1: [6cbfae60-ea29-4abc-a49d-ef94f4bd513a:192.168.69.85:36685, 66f9d00c-1e97-4252-958c-bed5a531abda:192.168.69.85:45996, 92ce6e48-4722-407a-9620-5998c6999257:192.168.69.85:34971], old=null
2019-10-18 14:01:34,965 [grpc-default-executor-4] INFO  impl.RaftServerImpl (RaftServerImpl.java:setRole(184)) - 66f9d00c-1e97-4252-958c-bed5a531abda@group-E964BE911FCC: changes role from  FOLLOWER to FOLLOWER at term 90 for recognizeCandidate:92ce6e48-4722-407a-9620-5998c6999257
2019-10-18 14:01:34,965 [grpc-default-executor-0] INFO  impl.RaftServerImpl (RaftServerImpl.java:setRole(184)) - 6cbfae60-ea29-4abc-a49d-ef94f4bd513a@group-E964BE911FCC: changes role from  FOLLOWER to FOLLOWER at term 90 for recognizeCandidate:92ce6e48-4722-407a-9620-5998c6999257
2019-10-18 14:01:34,965 [grpc-default-executor-0] INFO  impl.RoleInfo (RoleInfo.java:shutdownFollowerState(121)) - 6cbfae60-ea29-4abc-a49d-ef94f4bd513a: shutdown FollowerState
2019-10-18 14:01:34,965 [grpc-default-executor-4] INFO  impl.RoleInfo (RoleInfo.java:shutdownFollowerState(121)) - 66f9d00c-1e97-4252-958c-bed5a531abda: shutdown FollowerState
2019-10-18 14:01:34,966 [grpc-default-executor-0] INFO  impl.RoleInfo (RoleInfo.java:updateAndGet(143)) - 6cbfae60-ea29-4abc-a49d-ef94f4bd513a: start FollowerState
2019-10-18 14:01:34,966 [Thread-786] INFO  impl.FollowerState (FollowerState.java:run(117)) - 6cbfae60-ea29-4abc-a49d-ef94f4bd513a@group-E964BE911FCC-FollowerState was interrupted: java.lang.InterruptedException: sleep interrupted
2019-10-18 14:01:34,966 [Thread-785] INFO  impl.FollowerState (FollowerState.java:run(117)) - 66f9d00c-1e97-4252-958c-bed5a531abda@group-E964BE911FCC-FollowerState was interrupted: java.lang.InterruptedException: sleep interrupted
2019-10-18 14:01:34,966 [grpc-default-executor-4] INFO  impl.RoleInfo (RoleInfo.java:updateAndGet(143)) - 66f9d00c-1e97-4252-958c-bed5a531abda: start FollowerState
2019-10-18 14:01:34,993 [92ce6e48-4722-407a-9620-5998c6999257@group-E964BE911FCC-LeaderElection88] INFO  impl.LeaderElection (LeaderElection.java:logAndReturn(56)) - 92ce6e48-4722-407a-9620-5998c6999257@group-E964BE911FCC-LeaderElection88: Election REJECTED; received 2 response(s) [92ce6e48-4722-407a-9620-5998c6999257<-6cbfae60-ea29-4abc-a49d-ef94f4bd513a#0:FAIL-t90, 92ce6e48-4722-407a-9620-5998c6999257<-66f9d00c-1e97-4252-958c-bed5a531abda#0:FAIL-t90] and 0 exception(s); 92ce6e48-4722-407a-9620-5998c6999257@group-E964BE911FCC:t90, leader=null, voted=92ce6e48-4722-407a-9620-5998c6999257, raftlog=92ce6e48-4722-407a-9620-5998c6999257@group-E964BE911FCC-SegmentedRaftLog:OPENED:c-1,f-1,i0, conf=-1: [6cbfae60-ea29-4abc-a49d-ef94f4bd513a:192.168.69.85:36685, 66f9d00c-1e97-4252-958c-bed5a531abda:192.168.69.85:45996, 92ce6e48-4722-407a-9620-5998c6999257:192.168.69.85:34971], old=null
2019-10-18 14:01:34,993 [92ce6e48-4722-407a-9620-5998c6999257@group-E964BE911FCC-LeaderElection88] INFO  impl.RaftServerImpl (RaftServerImpl.java:setRole(184)) - 92ce6e48-4722-407a-9620-5998c6999257@group-E964BE911FCC: changes role from CANDIDATE to FOLLOWER at term 90 for DISCOVERED_A_NEW_TERM
2019-10-18 14:01:34,993 [92ce6e48-4722-407a-9620-5998c6999257@group-E964BE911FCC-LeaderElection88] INFO  impl.RoleInfo (RoleInfo.java:shutdownLeaderElection(134)) - 92ce6e48-4722-407a-9620-5998c6999257: shutdown LeaderElection
2019-10-18 14:01:34,993 [92ce6e48-4722-407a-9620-5998c6999257@group-E964BE911FCC-LeaderElection88] INFO  impl.RoleInfo (RoleInfo.java:updateAndGet(143)) - 92ce6e48-4722-407a-9620-5998c6999257: start FollowerState
2019-10-18 14:01:35,001 [Thread-795] INFO  impl.FollowerState (FollowerState.java:run(108)) - 92ce6e48-4722-407a-9620-5998c6999257@group-E964BE911FCC-FollowerState: change to CANDIDATE, lastRpcTime:7ms, electionTimeout:7ms
2019-10-18 14:01:35,001 [Thread-795] INFO  impl.RoleInfo (RoleInfo.java:shutdownFollowerState(121)) - 92ce6e48-4722-407a-9620-5998c6999257: shutdown FollowerState
2019-10-18 14:01:35,001 [Thread-795] INFO  impl.RaftServerImpl (RaftServerImpl.java:setRole(184)) - 92ce6e48-4722-407a-9620-5998c6999257@group-E964BE911FCC: changes role from  FOLLOWER to CANDIDATE at term 90 for changeToCandidate
2019-10-18 14:01:35,001 [Thread-795] INFO  impl.RoleInfo (RoleInfo.java:updateAndGet(143)) - 92ce6e48-4722-407a-9620-5998c6999257: start LeaderElection
2019-10-18 14:01:35,015 [92ce6e48-4722-407a-9620-5998c6999257@group-E964BE911FCC-LeaderElection89] INFO  impl.LeaderElection (LeaderElection.java:askForVotes(178)) - 92ce6e48-4722-407a-9620-5998c6999257@group-E964BE911FCC-LeaderElection89: begin an election at term 91 for -1: [6cbfae60-ea29-4abc-a49d-ef94f4bd513a:192.168.69.85:36685, 66f9d00c-1e97-4252-958c-bed5a531abda:192.168.69.85:45996, 92ce6e48-4722-407a-9620-5998c6999257:192.168.69.85:34971], old=null
2019-10-18 14:01:35,018 [grpc-default-executor-0] INFO  impl.RaftServerImpl (RaftServerImpl.java:setRole(184)) - 6cbfae60-ea29-4abc-a49d-ef94f4bd513a@group-E964BE911FCC: changes role from  FOLLOWER to FOLLOWER at term 91 for recognizeCandidate:92ce6e48-4722-407a-9620-5998c6999257
2019-10-18 14:01:35,018 [grpc-default-executor-4] INFO  impl.RaftServerImpl (RaftServerImpl.java:setRole(184)) - 66f9d00c-1e97-4252-958c-bed5a531abda@group-E964BE911FCC: changes role from  FOLLOWER to FOLLOWER at term 91 for recognizeCandidate:92ce6e48-4722-407a-9620-5998c6999257
2019-10-18 14:01:35,019 [grpc-default-executor-4] INFO  impl.RoleInfo (RoleInfo.java:shutdownFollowerState(121)) - 66f9d00c-1e97-4252-958c-bed5a531abda: shutdown FollowerState
2019-10-18 14:01:35,019 [grpc-default-executor-0] INFO  impl.RoleInfo (RoleInfo.java:shutdownFollowerState(121)) - 6cbfae60-ea29-4abc-a49d-ef94f4bd513a: shutdown FollowerState
2019-10-18 14:01:35,019 [Thread-792] INFO  impl.FollowerState (FollowerState.java:run(117)) - 66f9d00c-1e97-4252-958c-bed5a531abda@group-E964BE911FCC-FollowerState was interrupted: java.lang.InterruptedException: sleep interrupted
2019-10-18 14:01:35,019 [grpc-default-executor-4] INFO  impl.RoleInfo (RoleInfo.java:updateAndGet(143)) - 66f9d00c-1e97-4252-958c-bed5a531abda: start FollowerState
2019-10-18 14:01:35,019 [Thread-791] INFO  impl.FollowerState (FollowerState.java:run(117)) - 6cbfae60-ea29-4abc-a49d-ef94f4bd513a@group-E964BE911FCC-FollowerState was interrupted: java.lang.InterruptedException: sleep interrupted
2019-10-18 14:01:35,019 [grpc-default-executor-0] INFO  impl.RoleInfo (RoleInfo.java:updateAndGet(143)) - 6cbfae60-ea29-4abc-a49d-ef94f4bd513a: start FollowerState
2019-10-18 14:01:35,036 [92ce6e48-4722-407a-9620-5998c6999257@group-E964BE911FCC-LeaderElection89] INFO  impl.LeaderElection (LeaderElection.java:logAndReturn(56)) - 92ce6e48-4722-407a-9620-5998c6999257@group-E964BE911FCC-LeaderElection89: Election REJECTED; received 2 response(s) [92ce6e48-4722-407a-9620-5998c6999257<-6cbfae60-ea29-4abc-a49d-ef94f4bd513a#0:FAIL-t91, 92ce6e48-4722-407a-9620-5998c6999257<-66f9d00c-1e97-4252-958c-bed5a531abda#0:FAIL-t91] and 0 exception(s); 92ce6e48-4722-407a-9620-5998c6999257@group-E964BE911FCC:t91, leader=null, voted=92ce6e48-4722-407a-9620-5998c6999257, raftlog=92ce6e48-4722-407a-9620-5998c6999257@group-E964BE911FCC-SegmentedRaftLog:OPENED:c-1,f-1,i0, conf=-1: [6cbfae60-ea29-4abc-a49d-ef94f4bd513a:192.168.69.85:36685, 66f9d00c-1e97-4252-958c-bed5a531abda:192.168.69.85:45996, 92ce6e48-4722-407a-9620-5998c6999257:192.168.69.85:34971], old=null
2019-10-18 14:01:35,036 [92ce6e48-4722-407a-9620-5998c6999257@group-E964BE911FCC-LeaderElection89] INFO  impl.RaftServerImpl (RaftServerImpl.java:setRole(184)) - 92ce6e48-4722-407a-9620-5998c6999257@group-E964BE911FCC: changes role from CANDIDATE to FOLLOWER at term 91 for DISCOVERED_A_NEW_TERM
2019-10-18 14:01:35,037 [92ce6e48-4722-407a-9620-5998c6999257@group-E964BE911FCC-LeaderElection89] INFO  impl.RoleInfo (RoleInfo.java:shutdownLeaderElection(134)) - 92ce6e48-4722-407a-9620-5998c6999257: shutdown LeaderElection
2019-10-18 14:01:35,037 [92ce6e48-4722-407a-9620-5998c6999257@group-E964BE911FCC-LeaderElection89] INFO  impl.RoleInfo (RoleInfo.java:updateAndGet(143)) - 92ce6e48-4722-407a-9620-5998c6999257: start FollowerState
2019-10-18 14:01:35,173 [Thread-801] INFO  impl.FollowerState (FollowerState.java:run(108)) - 92ce6e48-4722-407a-9620-5998c6999257@group-E964BE911FCC-FollowerState: change to CANDIDATE, lastRpcTime:136ms, electionTimeout:136ms
2019-10-18 14:01:35,173 [Thread-801] INFO  impl.RoleInfo (RoleInfo.java:shutdownFollowerState(121)) - 92ce6e48-4722-407a-9620-5998c6999257: shutdown FollowerState
2019-10-18 14:01:35,174 [Thread-801] INFO  impl.RaftServerImpl (RaftServerImpl.java:setRole(184)) - 92ce6e48-4722-407a-9620-5998c6999257@group-E964BE911FCC: changes role from  FOLLOWER to CANDIDATE at term 91 for changeToCandidate
2019-10-18 14:01:35,174 [Thread-801] INFO  impl.RoleInfo (RoleInfo.java:updateAndGet(143)) - 92ce6e48-4722-407a-9620-5998c6999257: start LeaderElection
2019-10-18 14:01:35,187 [92ce6e48-4722-407a-9620-5998c6999257@group-E964BE911FCC-LeaderElection90] INFO  impl.LeaderElection (LeaderElection.java:askForVotes(178)) - 92ce6e48-4722-407a-9620-5998c6999257@group-E964BE911FCC-LeaderElection90: begin an election at term 92 for -1: [6cbfae60-ea29-4abc-a49d-ef94f4bd513a:192.168.69.85:36685, 66f9d00c-1e97-4252-958c-bed5a531abda:192.168.69.85:45996, 92ce6e48-4722-407a-9620-5998c6999257:192.168.69.85:34971], old=null
2019-10-18 14:01:35,190 [grpc-default-executor-4] INFO  impl.RaftServerImpl (RaftServerImpl.java:setRole(184)) - 6cbfae60-ea29-4abc-a49d-ef94f4bd513a@group-E964BE911FCC: changes role from  FOLLOWER to FOLLOWER at term 92 for recognizeCandidate:92ce6e48-4722-407a-9620-5998c6999257
2019-10-18 14:01:35,190 [grpc-default-executor-0] INFO  impl.RaftServerImpl (RaftServerImpl.java:setRole(184)) - 66f9d00c-1e97-4252-958c-bed5a531abda@group-E964BE911FCC: changes role from  FOLLOWER to FOLLOWER at term 92 for recognizeCandidate:92ce6e48-4722-407a-9620-5998c6999257
2019-10-18 14:01:35,191 [grpc-default-executor-4] INFO  impl.RoleInfo (RoleInfo.java:shutdownFollowerState(121)) - 6cbfae60-ea29-4abc-a49d-ef94f4bd513a: shutdown FollowerState
2019-10-18 14:01:35,191 [grpc-default-executor-0] INFO  impl.RoleInfo (RoleInfo.java:shutdownFollowerState(121)) - 66f9d00c-1e97-4252-958c-bed5a531abda: shutdown FollowerState
2019-10-18 14:01:35,191 [Thread-799] INFO  impl.FollowerState (FollowerState.java:run(117)) - 66f9d00c-1e97-4252-958c-bed5a531abda@group-E964BE911FCC-FollowerState was interrupted: java.lang.InterruptedException: sleep interrupted
2019-10-18 14:01:35,191 [Thread-800] INFO  impl.FollowerState (FollowerState.java:run(117)) - 6cbfae60-ea29-4abc-a49d-ef94f4bd513a@group-E964BE911FCC-FollowerState was interrupted: java.lang.InterruptedException: sleep interrupted
2019-10-18 14:01:35,191 [grpc-default-executor-4] INFO  impl.RoleInfo (RoleInfo.java:updateAndGet(143)) - 6cbfae60-ea29-4abc-a49d-ef94f4bd513a: start FollowerState
2019-10-18 14:01:35,191 [grpc-default-executor-0] INFO  impl.RoleInfo (RoleInfo.java:updateAndGet(143)) - 66f9d00c-1e97-4252-958c-bed5a531abda: start FollowerState
2019-10-18 14:01:35,208 [92ce6e48-4722-407a-9620-5998c6999257@group-E964BE911FCC-LeaderElection90] INFO  impl.LeaderElection (LeaderElection.java:logAndReturn(56)) - 92ce6e48-4722-407a-9620-5998c6999257@group-E964BE911FCC-LeaderElection90: Election REJECTED; received 2 response(s) [92ce6e48-4722-407a-9620-5998c6999257<-6cbfae60-ea29-4abc-a49d-ef94f4bd513a#0:FAIL-t92, 92ce6e48-4722-407a-9620-5998c6999257<-66f9d00c-1e97-4252-958c-bed5a531abda#0:FAIL-t92] and 0 exception(s); 92ce6e48-4722-407a-9620-5998c6999257@group-E964BE911FCC:t92, leader=null, voted=92ce6e48-4722-407a-9620-5998c6999257, raftlog=92ce6e48-4722-407a-9620-5998c6999257@group-E964BE911FCC-SegmentedRaftLog:OPENED:c-1,f-1,i0, conf=-1: [6cbfae60-ea29-4abc-a49d-ef94f4bd513a:192.168.69.85:36685, 66f9d00c-1e97-4252-958c-bed5a531abda:192.168.69.85:45996, 92ce6e48-4722-407a-9620-5998c6999257:192.168.69.85:34971], old=null
2019-10-18 14:01:35,208 [92ce6e48-4722-407a-9620-5998c6999257@group-E964BE911FCC-LeaderElection90] INFO  impl.RaftServerImpl (RaftServerImpl.java:setRole(184)) - 92ce6e48-4722-407a-9620-5998c6999257@group-E964BE911FCC: changes role from CANDIDATE to FOLLOWER at term 92 for DISCOVERED_A_NEW_TERM
2019-10-18 14:01:35,208 [92ce6e48-4722-407a-9620-5998c6999257@group-E964BE911FCC-LeaderElection90] INFO  impl.RoleInfo (RoleInfo.java:shutdownLeaderElection(134)) - 92ce6e48-4722-407a-9620-5998c6999257: shutdown LeaderElection
2019-10-18 14:01:35,208 [92ce6e48-4722-407a-9620-5998c6999257@group-E964BE911FCC-LeaderElection90] INFO  impl.RoleInfo (RoleInfo.java:updateAndGet(143)) - 92ce6e48-4722-407a-9620-5998c6999257: start FollowerState
2019-10-18 14:01:35,264 [Thread-807] INFO  impl.FollowerState (FollowerState.java:run(108)) - 92ce6e48-4722-407a-9620-5998c6999257@group-E964BE911FCC-FollowerState: change to CANDIDATE, lastRpcTime:56ms, electionTimeout:56ms
2019-10-18 14:01:35,265 [Thread-807] INFO  impl.RoleInfo (RoleInfo.java:shutdownFollowerState(121)) - 92ce6e48-4722-407a-9620-5998c6999257: shutdown FollowerState
2019-10-18 14:01:35,265 [Thread-807] INFO  impl.RaftServerImpl (RaftServerImpl.java:setRole(184)) - 92ce6e48-4722-407a-9620-5998c6999257@group-E964BE911FCC: changes role from  FOLLOWER to CANDIDATE at term 92 for changeToCandidate
2019-10-18 14:01:35,265 [Thread-807] INFO  impl.RoleInfo (RoleInfo.java:updateAndGet(143)) - 92ce6e48-4722-407a-9620-5998c6999257: start LeaderElection
2019-10-18 14:01:35,280 [92ce6e48-4722-407a-9620-5998c6999257@group-E964BE911FCC-LeaderElection91] INFO  impl.LeaderElection (LeaderElection.java:askForVotes(178)) - 92ce6e48-4722-407a-9620-5998c6999257@group-E964BE911FCC-LeaderElection91: begin an election at term 93 for -1: [6cbfae60-ea29-4abc-a49d-ef94f4bd513a:192.168.69.85:36685, 66f9d00c-1e97-4252-958c-bed5a531abda:192.168.69.85:45996, 92ce6e48-4722-407a-9620-5998c6999257:192.168.69.85:34971], old=null
2019-10-18 14:01:35,287 [grpc-default-executor-0] INFO  impl.RaftServerImpl (RaftServerImpl.java:setRole(184)) - 66f9d00c-1e97-4252-958c-bed5a531abda@group-E964BE911FCC: changes role from  FOLLOWER to FOLLOWER at term 93 for recognizeCandidate:92ce6e48-4722-407a-9620-5998c6999257
2019-10-18 14:01:35,287 [grpc-default-executor-4] INFO  impl.RaftServerImpl (RaftServerImpl.java:setRole(184)) - 6cbfae60-ea29-4abc-a49d-ef94f4bd513a@group-E964BE911FCC: changes role from  FOLLOWER to FOLLOWER at term 93 for recognizeCandidate:92ce6e48-4722-407a-9620-5998c6999257
2019-10-18 14:01:35,288 [grpc-default-executor-0] INFO  impl.RoleInfo (RoleInfo.java:shutdownFollowerState(121)) - 66f9d00c-1e97-4252-958c-bed5a531abda: shutdown FollowerState
2019-10-18 14:01:35,288 [grpc-default-executor-4] INFO  impl.RoleInfo (RoleInfo.java:shutdownFollowerState(121)) - 6cbfae60-ea29-4abc-a49d-ef94f4bd513a: shutdown FollowerState
2019-10-18 14:01:35,291 [Thread-805] INFO  impl.FollowerState (FollowerState.java:run(117)) - 6cbfae60-ea29-4abc-a49d-ef94f4bd513a@group-E964BE911FCC-FollowerState was interrupted: java.lang.InterruptedException: sleep interrupted
2019-10-18 14:01:35,291 [Thread-806] INFO  impl.FollowerState (FollowerState.java:run(117)) - 66f9d00c-1e97-4252-958c-bed5a531abda@group-E964BE911FCC-FollowerState was interrupted: java.lang.InterruptedException: sleep interrupted
2019-10-18 14:01:35,291 [grpc-default-executor-0] INFO  impl.RoleInfo (RoleInfo.java:updateAndGet(143)) - 66f9d00c-1e97-4252-958c-bed5a531abda: start FollowerState
2019-10-18 14:01:35,291 [grpc-default-executor-4] INFO  impl.RoleInfo (RoleInfo.java:updateAndGet(143)) - 6cbfae60-ea29-4abc-a49d-ef94f4bd513a: start FollowerState
2019-10-18 14:01:35,305 [92ce6e48-4722-407a-9620-5998c6999257@group-E964BE911FCC-LeaderElection91] INFO  impl.LeaderElection (LeaderElection.java:logAndReturn(56)) - 92ce6e48-4722-407a-9620-5998c6999257@group-E964BE911FCC-LeaderElection91: Election REJECTED; received 2 response(s) [92ce6e48-4722-407a-9620-5998c6999257<-6cbfae60-ea29-4abc-a49d-ef94f4bd513a#0:FAIL-t93, 92ce6e48-4722-407a-9620-5998c6999257<-66f9d00c-1e97-4252-958c-bed5a531abda#0:FAIL-t93] and 0 exception(s); 92ce6e48-4722-407a-9620-5998c6999257@group-E964BE911FCC:t93, leader=null, voted=92ce6e48-4722-407a-9620-5998c6999257, raftlog=92ce6e48-4722-407a-9620-5998c6999257@group-E964BE911FCC-SegmentedRaftLog:OPENED:c-1,f-1,i0, conf=-1: [6cbfae60-ea29-4abc-a49d-ef94f4bd513a:192.168.69.85:36685, 66f9d00c-1e97-4252-958c-bed5a531abda:192.168.69.85:45996, 92ce6e48-4722-407a-9620-5998c6999257:192.168.69.85:34971], old=null
2019-10-18 14:01:35,306 [92ce6e48-4722-407a-9620-5998c6999257@group-E964BE911FCC-LeaderElection91] INFO  impl.RaftServerImpl (RaftServerImpl.java:setRole(184)) - 92ce6e48-4722-407a-9620-5998c6999257@group-E964BE911FCC: changes role from CANDIDATE to FOLLOWER at term 93 for DISCOVERED_A_NEW_TERM
2019-10-18 14:01:35,306 [92ce6e48-4722-407a-9620-5998c6999257@group-E964BE911FCC-LeaderElection91] INFO  impl.RoleInfo (RoleInfo.java:shutdownLeaderElection(134)) - 92ce6e48-4722-407a-9620-5998c6999257: shutdown LeaderElection
2019-10-18 14:01:35,306 [92ce6e48-4722-407a-9620-5998c6999257@group-E964BE911FCC-LeaderElection91] INFO  impl.RoleInfo (RoleInfo.java:updateAndGet(143)) - 92ce6e48-4722-407a-9620-5998c6999257: start FollowerState
2019-10-18 14:01:35,351 [Thread-813] INFO  impl.FollowerState (FollowerState.java:run(108)) - 92ce6e48-4722-407a-9620-5998c6999257@group-E964BE911FCC-FollowerState: change to CANDIDATE, lastRpcTime:45ms, electionTimeout:45ms
2019-10-18 14:01:35,351 [Thread-813] INFO  impl.RoleInfo (RoleInfo.java:shutdownFollowerState(121)) - 92ce6e48-4722-407a-9620-5998c6999257: shutdown FollowerState
2019-10-18 14:01:35,352 [Thread-813] INFO  impl.RaftServerImpl (RaftServerImpl.java:setRole(184)) - 92ce6e48-4722-407a-9620-5998c6999257@group-E964BE911FCC: changes role from  FOLLOWER to CANDIDATE at term 93 for changeToCandidate
2019-10-18 14:01:35,352 [Thread-813] INFO  impl.RoleInfo (RoleInfo.java:updateAndGet(143)) - 92ce6e48-4722-407a-9620-5998c6999257: start LeaderElection
2019-10-18 14:01:35,365 [92ce6e48-4722-407a-9620-5998c6999257@group-E964BE911FCC-LeaderElection92] INFO  impl.LeaderElection (LeaderElection.java:askForVotes(178)) - 92ce6e48-4722-407a-9620-5998c6999257@group-E964BE911FCC-LeaderElection92: begin an election at term 94 for -1: [6cbfae60-ea29-4abc-a49d-ef94f4bd513a:192.168.69.85:36685, 66f9d00c-1e97-4252-958c-bed5a531abda:192.168.69.85:45996, 92ce6e48-4722-407a-9620-5998c6999257:192.168.69.85:34971], old=null
2019-10-18 14:01:35,368 [grpc-default-executor-0] INFO  impl.RaftServerImpl (RaftServerImpl.java:setRole(184)) - 66f9d00c-1e97-4252-958c-bed5a531abda@group-E964BE911FCC: changes role from  FOLLOWER to FOLLOWER at term 94 for recognizeCandidate:92ce6e48-4722-407a-9620-5998c6999257
2019-10-18 14:01:35,368 [grpc-default-executor-4] INFO  impl.RaftServerImpl (RaftServerImpl.java:setRole(184)) - 6cbfae60-ea29-4abc-a49d-ef94f4bd513a@group-E964BE911FCC: changes role from  FOLLOWER to FOLLOWER at term 94 for recognizeCandidate:92ce6e48-4722-407a-9620-5998c6999257
2019-10-18 14:01:35,368 [grpc-default-executor-4] INFO  impl.RoleInfo (RoleInfo.java:shutdownFollowerState(121)) - 6cbfae60-ea29-4abc-a49d-ef94f4bd513a: shutdown FollowerState
2019-10-18 14:01:35,368 [grpc-default-executor-0] INFO  impl.RoleInfo (RoleInfo.java:shutdownFollowerState(121)) - 66f9d00c-1e97-4252-958c-bed5a531abda: shutdown FollowerState
2019-10-18 14:01:35,368 [Thread-811] INFO  impl.FollowerState (FollowerState.java:run(117)) - 6cbfae60-ea29-4abc-a49d-ef94f4bd513a@group-E964BE911FCC-FollowerState was interrupted: java.lang.InterruptedException: sleep interrupted
2019-10-18 14:01:35,368 [Thread-812] INFO  impl.FollowerState (FollowerState.java:run(117)) - 66f9d00c-1e97-4252-958c-bed5a531abda@group-E964BE911FCC-FollowerState was interrupted: java.lang.InterruptedException: sleep interrupted
2019-10-18 14:01:35,368 [grpc-default-executor-0] INFO  impl.RoleInfo (RoleInfo.java:updateAndGet(143)) - 66f9d00c-1e97-4252-958c-bed5a531abda: start FollowerState
2019-10-18 14:01:35,368 [grpc-default-executor-4] INFO  impl.RoleInfo (RoleInfo.java:updateAndGet(143)) - 6cbfae60-ea29-4abc-a49d-ef94f4bd513a: start FollowerState
2019-10-18 14:01:35,392 [92ce6e48-4722-407a-9620-5998c6999257@group-E964BE911FCC-LeaderElection92] INFO  impl.LeaderElection (LeaderElection.java:logAndReturn(56)) - 92ce6e48-4722-407a-9620-5998c6999257@group-E964BE911FCC-LeaderElection92: Election REJECTED; received 2 response(s) [92ce6e48-4722-407a-9620-5998c6999257<-6cbfae60-ea29-4abc-a49d-ef94f4bd513a#0:FAIL-t94, 92ce6e48-4722-407a-9620-5998c6999257<-66f9d00c-1e97-4252-958c-bed5a531abda#0:FAIL-t94] and 0 exception(s); 92ce6e48-4722-407a-9620-5998c6999257@group-E964BE911FCC:t94, leader=null, voted=92ce6e48-4722-407a-9620-5998c6999257, raftlog=92ce6e48-4722-407a-9620-5998c6999257@group-E964BE911FCC-SegmentedRaftLog:OPENED:c-1,f-1,i0, conf=-1: [6cbfae60-ea29-4abc-a49d-ef94f4bd513a:192.168.69.85:36685, 66f9d00c-1e97-4252-958c-bed5a531abda:192.168.69.85:45996, 92ce6e48-4722-407a-9620-5998c6999257:192.168.69.85:34971], old=null
2019-10-18 14:01:35,393 [92ce6e48-4722-407a-9620-5998c6999257@group-E964BE911FCC-LeaderElection92] INFO  impl.RaftServerImpl (RaftServerImpl.java:setRole(184)) - 92ce6e48-4722-407a-9620-5998c6999257@group-E964BE911FCC: changes role from CANDIDATE to FOLLOWER at term 94 for DISCOVERED_A_NEW_TERM
2019-10-18 14:01:35,393 [92ce6e48-4722-407a-9620-5998c6999257@group-E964BE911FCC-LeaderElection92] INFO  impl.RoleInfo (RoleInfo.java:shutdownLeaderElection(134)) - 92ce6e48-4722-407a-9620-5998c6999257: shutdown LeaderElection
2019-10-18 14:01:35,393 [92ce6e48-4722-407a-9620-5998c6999257@group-E964BE911FCC-LeaderElection92] INFO  impl.RoleInfo (RoleInfo.java:updateAndGet(143)) - 92ce6e48-4722-407a-9620-5998c6999257: start FollowerState
2019-10-18 14:01:35,501 [Thread-819] INFO  impl.FollowerState (FollowerState.java:run(108)) - 92ce6e48-4722-407a-9620-5998c6999257@group-E964BE911FCC-FollowerState: change to CANDIDATE, lastRpcTime:108ms, electionTimeout:107ms
2019-10-18 14:01:35,503 [Thread-819] INFO  impl.RoleInfo (RoleInfo.java:shutdownFollowerState(121)) - 92ce6e48-4722-407a-9620-5998c6999257: shutdown FollowerState
2019-10-18 14:01:35,503 [Thread-819] INFO  impl.RaftServerImpl (RaftServerImpl.java:setRole(184)) - 92ce6e48-4722-407a-9620-5998c6999257@group-E964BE911FCC: changes role from  FOLLOWER to CANDIDATE at term 94 for changeToCandidate
2019-10-18 14:01:35,503 [Thread-819] INFO  impl.RoleInfo (RoleInfo.java:updateAndGet(143)) - 92ce6e48-4722-407a-9620-5998c6999257: start LeaderElection
2019-10-18 14:01:35,517 [92ce6e48-4722-407a-9620-5998c6999257@group-E964BE911FCC-LeaderElection93] INFO  impl.LeaderElection (LeaderElection.java:askForVotes(178)) - 92ce6e48-4722-407a-9620-5998c6999257@group-E964BE911FCC-LeaderElection93: begin an election at term 95 for -1: [6cbfae60-ea29-4abc-a49d-ef94f4bd513a:192.168.69.85:36685, 66f9d00c-1e97-4252-958c-bed5a531abda:192.168.69.85:45996, 92ce6e48-4722-407a-9620-5998c6999257:192.168.69.85:34971], old=null
2019-10-18 14:01:35,520 [grpc-default-executor-4] INFO  impl.RaftServerImpl (RaftServerImpl.java:setRole(184)) - 66f9d00c-1e97-4252-958c-bed5a531abda@group-E964BE911FCC: changes role from  FOLLOWER to FOLLOWER at term 95 for recognizeCandidate:92ce6e48-4722-407a-9620-5998c6999257
2019-10-18 14:01:35,520 [grpc-default-executor-4] INFO  impl.RoleInfo (RoleInfo.java:shutdownFollowerState(121)) - 66f9d00c-1e97-4252-958c-bed5a531abda: shutdown FollowerState
2019-10-18 14:01:35,520 [grpc-default-executor-4] INFO  impl.RoleInfo (RoleInfo.java:updateAndGet(143)) - 66f9d00c-1e97-4252-958c-bed5a531abda: start FollowerState
2019-10-18 14:01:35,520 [Thread-818] INFO  impl.FollowerState (FollowerState.java:run(117)) - 66f9d00c-1e97-4252-958c-bed5a531abda@group-E964BE911FCC-FollowerState was interrupted: java.lang.InterruptedException: sleep interrupted
2019-10-18 14:01:35,520 [grpc-default-executor-0] INFO  impl.RaftServerImpl (RaftServerImpl.java:setRole(184)) - 6cbfae60-ea29-4abc-a49d-ef94f4bd513a@group-E964BE911FCC: changes role from  FOLLOWER to FOLLOWER at term 95 for recognizeCandidate:92ce6e48-4722-407a-9620-5998c6999257
2019-10-18 14:01:35,520 [grpc-default-executor-0] INFO  impl.RoleInfo (RoleInfo.java:shutdownFollowerState(121)) - 6cbfae60-ea29-4abc-a49d-ef94f4bd513a: shutdown FollowerState
2019-10-18 14:01:35,520 [grpc-default-executor-0] INFO  impl.RoleInfo (RoleInfo.java:updateAndGet(143)) - 6cbfae60-ea29-4abc-a49d-ef94f4bd513a: start FollowerState
2019-10-18 14:01:35,520 [Thread-817] INFO  impl.FollowerState (FollowerState.java:run(117)) - 6cbfae60-ea29-4abc-a49d-ef94f4bd513a@group-E964BE911FCC-FollowerState was interrupted: java.lang.InterruptedException: sleep interrupted
2019-10-18 14:01:35,536 [92ce6e48-4722-407a-9620-5998c6999257@group-E964BE911FCC-LeaderElection93] INFO  impl.LeaderElection (LeaderElection.java:logAndReturn(56)) - 92ce6e48-4722-407a-9620-5998c6999257@group-E964BE911FCC-LeaderElection93: Election REJECTED; received 2 response(s) [92ce6e48-4722-407a-9620-5998c6999257<-6cbfae60-ea29-4abc-a49d-ef94f4bd513a#0:FAIL-t95, 92ce6e48-4722-407a-9620-5998c6999257<-66f9d00c-1e97-4252-958c-bed5a531abda#0:FAIL-t95] and 0 exception(s); 92ce6e48-4722-407a-9620-5998c6999257@group-E964BE911FCC:t95, leader=null, voted=92ce6e48-4722-407a-9620-5998c6999257, raftlog=92ce6e48-4722-407a-9620-5998c6999257@group-E964BE911FCC-SegmentedRaftLog:OPENED:c-1,f-1,i0, conf=-1: [6cbfae60-ea29-4abc-a49d-ef94f4bd513a:192.168.69.85:36685, 66f9d00c-1e97-4252-958c-bed5a531abda:192.168.69.85:45996, 92ce6e48-4722-407a-9620-5998c6999257:192.168.69.85:34971], old=null
2019-10-18 14:01:35,536 [92ce6e48-4722-407a-9620-5998c6999257@group-E964BE911FCC-LeaderElection93] INFO  impl.RaftServerImpl (RaftServerImpl.java:setRole(184)) - 92ce6e48-4722-407a-9620-5998c6999257@group-E964BE911FCC: changes role from CANDIDATE to FOLLOWER at term 95 for DISCOVERED_A_NEW_TERM
2019-10-18 14:01:35,537 [92ce6e48-4722-407a-9620-5998c6999257@group-E964BE911FCC-LeaderElection93] INFO  impl.RoleInfo (RoleInfo.java:shutdownLeaderElection(134)) - 92ce6e48-4722-407a-9620-5998c6999257: shutdown LeaderElection
2019-10-18 14:01:35,537 [92ce6e48-4722-407a-9620-5998c6999257@group-E964BE911FCC-LeaderElection93] INFO  impl.RoleInfo (RoleInfo.java:updateAndGet(143)) - 92ce6e48-4722-407a-9620-5998c6999257: start FollowerState
2019-10-18 14:01:35,618 [Thread-825] INFO  impl.FollowerState (FollowerState.java:run(108)) - 92ce6e48-4722-407a-9620-5998c6999257@group-E964BE911FCC-FollowerState: change to CANDIDATE, lastRpcTime:81ms, electionTimeout:81ms
2019-10-18 14:01:35,618 [Thread-825] INFO  impl.RoleInfo (RoleInfo.java:shutdownFollowerState(121)) - 92ce6e48-4722-407a-9620-5998c6999257: shutdown FollowerState
2019-10-18 14:01:35,618 [Thread-825] INFO  impl.RaftServerImpl (RaftServerImpl.java:setRole(184)) - 92ce6e48-4722-407a-9620-5998c6999257@group-E964BE911FCC: changes role from  FOLLOWER to CANDIDATE at term 95 for changeToCandidate
2019-10-18 14:01:35,618 [Thread-825] INFO  impl.RoleInfo (RoleInfo.java:updateAndGet(143)) - 92ce6e48-4722-407a-9620-5998c6999257: start LeaderElection
2019-10-18 14:01:35,632 [92ce6e48-4722-407a-9620-5998c6999257@group-E964BE911FCC-LeaderElection94] INFO  impl.LeaderElection (LeaderElection.java:askForVotes(178)) - 92ce6e48-4722-407a-9620-5998c6999257@group-E964BE911FCC-LeaderElection94: begin an election at term 96 for -1: [6cbfae60-ea29-4abc-a49d-ef94f4bd513a:192.168.69.85:36685, 66f9d00c-1e97-4252-958c-bed5a531abda:192.168.69.85:45996, 92ce6e48-4722-407a-9620-5998c6999257:192.168.69.85:34971], old=null
2019-10-18 14:01:35,634 [grpc-default-executor-4] INFO  impl.RaftServerImpl (RaftServerImpl.java:setRole(184)) - 66f9d00c-1e97-4252-958c-bed5a531abda@group-E964BE911FCC: changes role from  FOLLOWER to FOLLOWER at term 96 for recognizeCandidate:92ce6e48-4722-407a-9620-5998c6999257
2019-10-18 14:01:35,635 [grpc-default-executor-4] INFO  impl.RoleInfo (RoleInfo.java:shutdownFollowerState(121)) - 66f9d00c-1e97-4252-958c-bed5a531abda: shutdown FollowerState
2019-10-18 14:01:35,634 [grpc-default-executor-0] INFO  impl.RaftServerImpl (RaftServerImpl.java:setRole(184)) - 6cbfae60-ea29-4abc-a49d-ef94f4bd513a@group-E964BE911FCC: changes role from  FOLLOWER to FOLLOWER at term 96 for recognizeCandidate:92ce6e48-4722-407a-9620-5998c6999257
2019-10-18 14:01:35,635 [grpc-default-executor-0] INFO  impl.RoleInfo (RoleInfo.java:shutdownFollowerState(121)) - 6cbfae60-ea29-4abc-a49d-ef94f4bd513a: shutdown FollowerState
2019-10-18 14:01:35,635 [Thread-823] INFO  impl.FollowerState (FollowerState.java:run(117)) - 66f9d00c-1e97-4252-958c-bed5a531abda@group-E964BE911FCC-FollowerState was interrupted: java.lang.InterruptedException: sleep interrupted
2019-10-18 14:01:35,635 [grpc-default-executor-4] INFO  impl.RoleInfo (RoleInfo.java:updateAndGet(143)) - 66f9d00c-1e97-4252-958c-bed5a531abda: start FollowerState
2019-10-18 14:01:35,635 [grpc-default-executor-0] INFO  impl.RoleInfo (RoleInfo.java:updateAndGet(143)) - 6cbfae60-ea29-4abc-a49d-ef94f4bd513a: start FollowerState
2019-10-18 14:01:35,635 [Thread-824] INFO  impl.FollowerState (FollowerState.java:run(117)) - 6cbfae60-ea29-4abc-a49d-ef94f4bd513a@group-E964BE911FCC-FollowerState was interrupted: java.lang.InterruptedException: sleep interrupted
2019-10-18 14:01:35,662 [92ce6e48-4722-407a-9620-5998c6999257@group-E964BE911FCC-LeaderElection94] INFO  impl.LeaderElection (LeaderElection.java:logAndReturn(56)) - 92ce6e48-4722-407a-9620-5998c6999257@group-E964BE911FCC-LeaderElection94: Election REJECTED; received 2 response(s) [92ce6e48-4722-407a-9620-5998c6999257<-6cbfae60-ea29-4abc-a49d-ef94f4bd513a#0:FAIL-t96, 92ce6e48-4722-407a-9620-5998c6999257<-66f9d00c-1e97-4252-958c-bed5a531abda#0:FAIL-t96] and 0 exception(s); 92ce6e48-4722-407a-9620-5998c6999257@group-E964BE911FCC:t96, leader=null, voted=92ce6e48-4722-407a-9620-5998c6999257, raftlog=92ce6e48-4722-407a-9620-5998c6999257@group-E964BE911FCC-SegmentedRaftLog:OPENED:c-1,f-1,i0, conf=-1: [6cbfae60-ea29-4abc-a49d-ef94f4bd513a:192.168.69.85:36685, 66f9d00c-1e97-4252-958c-bed5a531abda:192.168.69.85:45996, 92ce6e48-4722-407a-9620-5998c6999257:192.168.69.85:34971], old=null
2019-10-18 14:01:35,662 [92ce6e48-4722-407a-9620-5998c6999257@group-E964BE911FCC-LeaderElection94] INFO  impl.RaftServerImpl (RaftServerImpl.java:setRole(184)) - 92ce6e48-4722-407a-9620-5998c6999257@group-E964BE911FCC: changes role from CANDIDATE to FOLLOWER at term 96 for DISCOVERED_A_NEW_TERM
2019-10-18 14:01:35,662 [92ce6e48-4722-407a-9620-5998c6999257@group-E964BE911FCC-LeaderElection94] INFO  impl.RoleInfo (RoleInfo.java:shutdownLeaderElection(134)) - 92ce6e48-4722-407a-9620-5998c6999257: shutdown LeaderElection
2019-10-18 14:01:35,662 [92ce6e48-4722-407a-9620-5998c6999257@group-E964BE911FCC-LeaderElection94] INFO  impl.RoleInfo (RoleInfo.java:updateAndGet(143)) - 92ce6e48-4722-407a-9620-5998c6999257: start FollowerState
2019-10-18 14:01:35,681 [Thread-831] INFO  impl.FollowerState (FollowerState.java:run(108)) - 92ce6e48-4722-407a-9620-5998c6999257@group-E964BE911FCC-FollowerState: change to CANDIDATE, lastRpcTime:18ms, electionTimeout:18ms
2019-10-18 14:01:35,681 [Thread-831] INFO  impl.RoleInfo (RoleInfo.java:shutdownFollowerState(121)) - 92ce6e48-4722-407a-9620-5998c6999257: shutdown FollowerState
2019-10-18 14:01:35,681 [Thread-831] INFO  impl.RaftServerImpl (RaftServerImpl.java:setRole(184)) - 92ce6e48-4722-407a-9620-5998c6999257@group-E964BE911FCC: changes role from  FOLLOWER to CANDIDATE at term 96 for changeToCandidate
2019-10-18 14:01:35,681 [Thread-831] INFO  impl.RoleInfo (RoleInfo.java:updateAndGet(143)) - 92ce6e48-4722-407a-9620-5998c6999257: start LeaderElection
2019-10-18 14:01:35,696 [92ce6e48-4722-407a-9620-5998c6999257@group-E964BE911FCC-LeaderElection95] INFO  impl.LeaderElection (LeaderElection.java:askForVotes(178)) - 92ce6e48-4722-407a-9620-5998c6999257@group-E964BE911FCC-LeaderElection95: begin an election at term 97 for -1: [6cbfae60-ea29-4abc-a49d-ef94f4bd513a:192.168.69.85:36685, 66f9d00c-1e97-4252-958c-bed5a531abda:192.168.69.85:45996, 92ce6e48-4722-407a-9620-5998c6999257:192.168.69.85:34971], old=null
2019-10-18 14:01:35,699 [grpc-default-executor-4] INFO  impl.RaftServerImpl (RaftServerImpl.java:setRole(184)) - 66f9d00c-1e97-4252-958c-bed5a531abda@group-E964BE911FCC: changes role from  FOLLOWER to FOLLOWER at term 97 for recognizeCandidate:92ce6e48-4722-407a-9620-5998c6999257
2019-10-18 14:01:35,699 [grpc-default-executor-0] INFO  impl.RaftServerImpl (RaftServerImpl.java:setRole(184)) - 6cbfae60-ea29-4abc-a49d-ef94f4bd513a@group-E964BE911FCC: changes role from  FOLLOWER to FOLLOWER at term 97 for recognizeCandidate:92ce6e48-4722-407a-9620-5998c6999257
2019-10-18 14:01:35,699 [grpc-default-executor-4] INFO  impl.RoleInfo (RoleInfo.java:shutdownFollowerState(121)) - 66f9d00c-1e97-4252-958c-bed5a531abda: shutdown FollowerState
2019-10-18 14:01:35,699 [grpc-default-executor-0] INFO  impl.RoleInfo (RoleInfo.java:shutdownFollowerState(121)) - 6cbfae60-ea29-4abc-a49d-ef94f4bd513a: shutdown FollowerState
2019-10-18 14:01:35,699 [Thread-829] INFO  impl.FollowerState (FollowerState.java:run(117)) - 66f9d00c-1e97-4252-958c-bed5a531abda@group-E964BE911FCC-FollowerState was interrupted: java.lang.InterruptedException: sleep interrupted
2019-10-18 14:01:35,699 [grpc-default-executor-4] INFO  impl.RoleInfo (RoleInfo.java:updateAndGet(143)) - 66f9d00c-1e97-4252-958c-bed5a531abda: start FollowerState
2019-10-18 14:01:35,700 [Thread-830] INFO  impl.FollowerState (FollowerState.java:run(117)) - 6cbfae60-ea29-4abc-a49d-ef94f4bd513a@group-E964BE911FCC-FollowerState was interrupted: java.lang.InterruptedException: sleep interrupted
2019-10-18 14:01:35,700 [grpc-default-executor-0] INFO  impl.RoleInfo (RoleInfo.java:updateAndGet(143)) - 6cbfae60-ea29-4abc-a49d-ef94f4bd513a: start FollowerState
2019-10-18 14:01:35,726 [92ce6e48-4722-407a-9620-5998c6999257@group-E964BE911FCC-LeaderElection95] INFO  impl.LeaderElection (LeaderElection.java:logAndReturn(56)) - 92ce6e48-4722-407a-9620-5998c6999257@group-E964BE911FCC-LeaderElection95: Election REJECTED; received 2 response(s) [92ce6e48-4722-407a-9620-5998c6999257<-6cbfae60-ea29-4abc-a49d-ef94f4bd513a#0:FAIL-t97, 92ce6e48-4722-407a-9620-5998c6999257<-66f9d00c-1e97-4252-958c-bed5a531abda#0:FAIL-t97] and 0 exception(s); 92ce6e48-4722-407a-9620-5998c6999257@group-E964BE911FCC:t97, leader=null, voted=92ce6e48-4722-407a-9620-5998c6999257, raftlog=92ce6e48-4722-407a-9620-5998c6999257@group-E964BE911FCC-SegmentedRaftLog:OPENED:c-1,f-1,i0, conf=-1: [6cbfae60-ea29-4abc-a49d-ef94f4bd513a:192.168.69.85:36685, 66f9d00c-1e97-4252-958c-bed5a531abda:192.168.69.85:45996, 92ce6e48-4722-407a-9620-5998c6999257:192.168.69.85:34971], old=null
2019-10-18 14:01:35,727 [92ce6e48-4722-407a-9620-5998c6999257@group-E964BE911FCC-LeaderElection95] INFO  impl.RaftServerImpl (RaftServerImpl.java:setRole(184)) - 92ce6e48-4722-407a-9620-5998c6999257@group-E964BE911FCC: changes role from CANDIDATE to FOLLOWER at term 97 for DISCOVERED_A_NEW_TERM
2019-10-18 14:01:35,727 [92ce6e48-4722-407a-9620-5998c6999257@group-E964BE911FCC-LeaderElection95] INFO  impl.RoleInfo (RoleInfo.java:shutdownLeaderElection(134)) - 92ce6e48-4722-407a-9620-5998c6999257: shutdown LeaderElection
2019-10-18 14:01:35,727 [92ce6e48-4722-407a-9620-5998c6999257@group-E964BE911FCC-LeaderElection95] INFO  impl.RoleInfo (RoleInfo.java:updateAndGet(143)) - 92ce6e48-4722-407a-9620-5998c6999257: start FollowerState
2019-10-18 14:01:35,823 [Thread-837] INFO  impl.FollowerState (FollowerState.java:run(108)) - 92ce6e48-4722-407a-9620-5998c6999257@group-E964BE911FCC-FollowerState: change to CANDIDATE, lastRpcTime:96ms, electionTimeout:96ms
2019-10-18 14:01:35,824 [Thread-837] INFO  impl.RoleInfo (RoleInfo.java:shutdownFollowerState(121)) - 92ce6e48-4722-407a-9620-5998c6999257: shutdown FollowerState
2019-10-18 14:01:35,824 [Thread-837] INFO  impl.RaftServerImpl (RaftServerImpl.java:setRole(184)) - 92ce6e48-4722-407a-9620-5998c6999257@group-E964BE911FCC: changes role from  FOLLOWER to CANDIDATE at term 97 for changeToCandidate
2019-10-18 14:01:35,824 [Thread-837] INFO  impl.RoleInfo (RoleInfo.java:updateAndGet(143)) - 92ce6e48-4722-407a-9620-5998c6999257: start LeaderElection
2019-10-18 14:01:35,850 [92ce6e48-4722-407a-9620-5998c6999257@group-E964BE911FCC-LeaderElection96] INFO  impl.LeaderElection (LeaderElection.java:askForVotes(178)) - 92ce6e48-4722-407a-9620-5998c6999257@group-E964BE911FCC-LeaderElection96: begin an election at term 98 for -1: [6cbfae60-ea29-4abc-a49d-ef94f4bd513a:192.168.69.85:36685, 66f9d00c-1e97-4252-958c-bed5a531abda:192.168.69.85:45996, 92ce6e48-4722-407a-9620-5998c6999257:192.168.69.85:34971], old=null
2019-10-18 14:01:35,852 [grpc-default-executor-0] INFO  impl.RaftServerImpl (RaftServerImpl.java:setRole(184)) - 6cbfae60-ea29-4abc-a49d-ef94f4bd513a@group-E964BE911FCC: changes role from  FOLLOWER to FOLLOWER at term 98 for recognizeCandidate:92ce6e48-4722-407a-9620-5998c6999257
2019-10-18 14:01:35,852 [grpc-default-executor-4] INFO  impl.RaftServerImpl (RaftServerImpl.java:setRole(184)) - 66f9d00c-1e97-4252-958c-bed5a531abda@group-E964BE911FCC: changes role from  FOLLOWER to FOLLOWER at term 98 for recognizeCandidate:92ce6e48-4722-407a-9620-5998c6999257
2019-10-18 14:01:35,853 [grpc-default-executor-0] INFO  impl.RoleInfo (RoleInfo.java:shutdownFollowerState(121)) - 6cbfae60-ea29-4abc-a49d-ef94f4bd513a: shutdown FollowerState
2019-10-18 14:01:35,853 [grpc-default-executor-4] INFO  impl.RoleInfo (RoleInfo.java:shutdownFollowerState(121)) - 66f9d00c-1e97-4252-958c-bed5a531abda: shutdown FollowerState
2019-10-18 14:01:35,853 [Thread-836] INFO  impl.FollowerState (FollowerState.java:run(117)) - 6cbfae60-ea29-4abc-a49d-ef94f4bd513a@group-E964BE911FCC-FollowerState was interrupted: java.lang.InterruptedException: sleep interrupted
2019-10-18 14:01:35,853 [grpc-default-executor-0] INFO  impl.RoleInfo (RoleInfo.java:updateAndGet(143)) - 6cbfae60-ea29-4abc-a49d-ef94f4bd513a: start FollowerState
2019-10-18 14:01:35,853 [Thread-835] INFO  impl.FollowerState (FollowerState.java:run(117)) - 66f9d00c-1e97-4252-958c-bed5a531abda@group-E964BE911FCC-FollowerState was interrupted: java.lang.InterruptedException: sleep interrupted
2019-10-18 14:01:35,853 [grpc-default-executor-4] INFO  impl.RoleInfo (RoleInfo.java:updateAndGet(143)) - 66f9d00c-1e97-4252-958c-bed5a531abda: start FollowerState
2019-10-18 14:01:35,868 [92ce6e48-4722-407a-9620-5998c6999257@group-E964BE911FCC-LeaderElection96] INFO  impl.LeaderElection (LeaderElection.java:logAndReturn(56)) - 92ce6e48-4722-407a-9620-5998c6999257@group-E964BE911FCC-LeaderElection96: Election REJECTED; received 2 response(s) [92ce6e48-4722-407a-9620-5998c6999257<-6cbfae60-ea29-4abc-a49d-ef94f4bd513a#0:FAIL-t98, 92ce6e48-4722-407a-9620-5998c6999257<-66f9d00c-1e97-4252-958c-bed5a531abda#0:FAIL-t98] and 0 exception(s); 92ce6e48-4722-407a-9620-5998c6999257@group-E964BE911FCC:t98, leader=null, voted=92ce6e48-4722-407a-9620-5998c6999257, raftlog=92ce6e48-4722-407a-9620-5998c6999257@group-E964BE911FCC-SegmentedRaftLog:OPENED:c-1,f-1,i0, conf=-1: [6cbfae60-ea29-4abc-a49d-ef94f4bd513a:192.168.69.85:36685, 66f9d00c-1e97-4252-958c-bed5a531abda:192.168.69.85:45996, 92ce6e48-4722-407a-9620-5998c6999257:192.168.69.85:34971], old=null
2019-10-18 14:01:35,868 [92ce6e48-4722-407a-9620-5998c6999257@group-E964BE911FCC-LeaderElection96] INFO  impl.RaftServerImpl (RaftServerImpl.java:setRole(184)) - 92ce6e48-4722-407a-9620-5998c6999257@group-E964BE911FCC: changes role from CANDIDATE to FOLLOWER at term 98 for DISCOVERED_A_NEW_TERM
2019-10-18 14:01:35,868 [92ce6e48-4722-407a-9620-5998c6999257@group-E964BE911FCC-LeaderElection96] INFO  impl.RoleInfo (RoleInfo.java:shutdownLeaderElection(134)) - 92ce6e48-4722-407a-9620-5998c6999257: shutdown LeaderElection
2019-10-18 14:01:35,868 [92ce6e48-4722-407a-9620-5998c6999257@group-E964BE911FCC-LeaderElection96] INFO  impl.RoleInfo (RoleInfo.java:updateAndGet(143)) - 92ce6e48-4722-407a-9620-5998c6999257: start FollowerState
2019-10-18 14:01:36,015 [Thread-843] INFO  impl.FollowerState (FollowerState.java:run(108)) - 92ce6e48-4722-407a-9620-5998c6999257@group-E964BE911FCC-FollowerState: change to CANDIDATE, lastRpcTime:146ms, electionTimeout:146ms
2019-10-18 14:01:36,015 [Thread-843] INFO  impl.RoleInfo (RoleInfo.java:shutdownFollowerState(121)) - 92ce6e48-4722-407a-9620-5998c6999257: shutdown FollowerState
2019-10-18 14:01:36,015 [Thread-843] INFO  impl.RaftServerImpl (RaftServerImpl.java:setRole(184)) - 92ce6e48-4722-407a-9620-5998c6999257@group-E964BE911FCC: changes role from  FOLLOWER to CANDIDATE at term 98 for changeToCandidate
2019-10-18 14:01:36,015 [Thread-843] INFO  impl.RoleInfo (RoleInfo.java:updateAndGet(143)) - 92ce6e48-4722-407a-9620-5998c6999257: start LeaderElection
2019-10-18 14:01:36,041 [92ce6e48-4722-407a-9620-5998c6999257@group-E964BE911FCC-LeaderElection97] INFO  impl.LeaderElection (LeaderElection.java:askForVotes(178)) - 92ce6e48-4722-407a-9620-5998c6999257@group-E964BE911FCC-LeaderElection97: begin an election at term 99 for -1: [6cbfae60-ea29-4abc-a49d-ef94f4bd513a:192.168.69.85:36685, 66f9d00c-1e97-4252-958c-bed5a531abda:192.168.69.85:45996, 92ce6e48-4722-407a-9620-5998c6999257:192.168.69.85:34971], old=null
2019-10-18 14:01:36,043 [grpc-default-executor-4] INFO  impl.RaftServerImpl (RaftServerImpl.java:setRole(184)) - 6cbfae60-ea29-4abc-a49d-ef94f4bd513a@group-E964BE911FCC: changes role from  FOLLOWER to FOLLOWER at term 99 for recognizeCandidate:92ce6e48-4722-407a-9620-5998c6999257
2019-10-18 14:01:36,043 [grpc-default-executor-4] INFO  impl.RoleInfo (RoleInfo.java:shutdownFollowerState(121)) - 6cbfae60-ea29-4abc-a49d-ef94f4bd513a: shutdown FollowerState
2019-10-18 14:01:36,043 [grpc-default-executor-4] INFO  impl.RoleInfo (RoleInfo.java:updateAndGet(143)) - 6cbfae60-ea29-4abc-a49d-ef94f4bd513a: start FollowerState
2019-10-18 14:01:36,043 [Thread-841] INFO  impl.FollowerState (FollowerState.java:run(117)) - 6cbfae60-ea29-4abc-a49d-ef94f4bd513a@group-E964BE911FCC-FollowerState was interrupted: java.lang.InterruptedException: sleep interrupted
2019-10-18 14:01:36,044 [grpc-default-executor-0] INFO  impl.RaftServerImpl (RaftServerImpl.java:setRole(184)) - 66f9d00c-1e97-4252-958c-bed5a531abda@group-E964BE911FCC: changes role from  FOLLOWER to FOLLOWER at term 99 for recognizeCandidate:92ce6e48-4722-407a-9620-5998c6999257
2019-10-18 14:01:36,044 [grpc-default-executor-0] INFO  impl.RoleInfo (RoleInfo.java:shutdownFollowerState(121)) - 66f9d00c-1e97-4252-958c-bed5a531abda: shutdown FollowerState
2019-10-18 14:01:36,044 [grpc-default-executor-0] INFO  impl.RoleInfo (RoleInfo.java:updateAndGet(143)) - 66f9d00c-1e97-4252-958c-bed5a531abda: start FollowerState
2019-10-18 14:01:36,044 [Thread-842] INFO  impl.FollowerState (FollowerState.java:run(117)) - 66f9d00c-1e97-4252-958c-bed5a531abda@group-E964BE911FCC-FollowerState was interrupted: java.lang.InterruptedException: sleep interrupted
2019-10-18 14:01:36,070 [92ce6e48-4722-407a-9620-5998c6999257@group-E964BE911FCC-LeaderElection97] INFO  impl.LeaderElection (LeaderElection.java:logAndReturn(56)) - 92ce6e48-4722-407a-9620-5998c6999257@group-E964BE911FCC-LeaderElection97: Election REJECTED; received 2 response(s) [92ce6e48-4722-407a-9620-5998c6999257<-6cbfae60-ea29-4abc-a49d-ef94f4bd513a#0:FAIL-t99, 92ce6e48-4722-407a-9620-5998c6999257<-66f9d00c-1e97-4252-958c-bed5a531abda#0:FAIL-t99] and 0 exception(s); 92ce6e48-4722-407a-9620-5998c6999257@group-E964BE911FCC:t99, leader=null, voted=92ce6e48-4722-407a-9620-5998c6999257, raftlog=92ce6e48-4722-407a-9620-5998c6999257@group-E964BE911FCC-SegmentedRaftLog:OPENED:c-1,f-1,i0, conf=-1: [6cbfae60-ea29-4abc-a49d-ef94f4bd513a:192.168.69.85:36685, 66f9d00c-1e97-4252-958c-bed5a531abda:192.168.69.85:45996, 92ce6e48-4722-407a-9620-5998c6999257:192.168.69.85:34971], old=null
2019-10-18 14:01:36,070 [92ce6e48-4722-407a-9620-5998c6999257@group-E964BE911FCC-LeaderElection97] INFO  impl.RaftServerImpl (RaftServerImpl.java:setRole(184)) - 92ce6e48-4722-407a-9620-5998c6999257@group-E964BE911FCC: changes role from CANDIDATE to FOLLOWER at term 99 for DISCOVERED_A_NEW_TERM
2019-10-18 14:01:36,070 [92ce6e48-4722-407a-9620-5998c6999257@group-E964BE911FCC-LeaderElection97] INFO  impl.RoleInfo (RoleInfo.java:shutdownLeaderElection(134)) - 92ce6e48-4722-407a-9620-5998c6999257: shutdown LeaderElection
2019-10-18 14:01:36,071 [92ce6e48-4722-407a-9620-5998c6999257@group-E964BE911FCC-LeaderElection97] INFO  impl.RoleInfo (RoleInfo.java:updateAndGet(143)) - 92ce6e48-4722-407a-9620-5998c6999257: start FollowerState
2019-10-18 14:01:36,074 [Thread-851] INFO  impl.FollowerState (FollowerState.java:run(108)) - 92ce6e48-4722-407a-9620-5998c6999257@group-E964BE911FCC-FollowerState: change to CANDIDATE, lastRpcTime:3ms, electionTimeout:3ms
2019-10-18 14:01:36,074 [Thread-851] INFO  impl.RoleInfo (RoleInfo.java:shutdownFollowerState(121)) - 92ce6e48-4722-407a-9620-5998c6999257: shutdown FollowerState
2019-10-18 14:01:36,074 [Thread-851] INFO  impl.RaftServerImpl (RaftServerImpl.java:setRole(184)) - 92ce6e48-4722-407a-9620-5998c6999257@group-E964BE911FCC: changes role from  FOLLOWER to CANDIDATE at term 99 for changeToCandidate
2019-10-18 14:01:36,074 [Thread-851] INFO  impl.RoleInfo (RoleInfo.java:updateAndGet(143)) - 92ce6e48-4722-407a-9620-5998c6999257: start LeaderElection
2019-10-18 14:01:36,088 [92ce6e48-4722-407a-9620-5998c6999257@group-E964BE911FCC-LeaderElection98] INFO  impl.LeaderElection (LeaderElection.java:askForVotes(178)) - 92ce6e48-4722-407a-9620-5998c6999257@group-E964BE911FCC-LeaderElection98: begin an election at term 100 for -1: [6cbfae60-ea29-4abc-a49d-ef94f4bd513a:192.168.69.85:36685, 66f9d00c-1e97-4252-958c-bed5a531abda:192.168.69.85:45996, 92ce6e48-4722-407a-9620-5998c6999257:192.168.69.85:34971], old=null
2019-10-18 14:01:36,090 [grpc-default-executor-4] INFO  impl.RaftServerImpl (RaftServerImpl.java:setRole(184)) - 6cbfae60-ea29-4abc-a49d-ef94f4bd513a@group-E964BE911FCC: changes role from  FOLLOWER to FOLLOWER at term 100 for recognizeCandidate:92ce6e48-4722-407a-9620-5998c6999257
2019-10-18 14:01:36,091 [grpc-default-executor-4] INFO  impl.RoleInfo (RoleInfo.java:shutdownFollowerState(121)) - 6cbfae60-ea29-4abc-a49d-ef94f4bd513a: shutdown FollowerState
2019-10-18 14:01:36,091 [grpc-default-executor-0] INFO  impl.RaftServerImpl (RaftServerImpl.java:setRole(184)) - 66f9d00c-1e97-4252-958c-bed5a531abda@group-E964BE911FCC: changes role from  FOLLOWER to FOLLOWER at term 100 for recognizeCandidate:92ce6e48-4722-407a-9620-5998c6999257
2019-10-18 14:01:36,091 [grpc-default-executor-0] INFO  impl.RoleInfo (RoleInfo.java:shutdownFollowerState(121)) - 66f9d00c-1e97-4252-958c-bed5a531abda: shutdown FollowerState
2019-10-18 14:01:36,091 [Thread-849] INFO  impl.FollowerState (FollowerState.java:run(117)) - 6cbfae60-ea29-4abc-a49d-ef94f4bd513a@group-E964BE911FCC-FollowerState was interrupted: java.lang.InterruptedException: sleep interrupted
2019-10-18 14:01:36,091 [grpc-default-executor-4] INFO  impl.RoleInfo (RoleInfo.java:updateAndGet(143)) - 6cbfae60-ea29-4abc-a49d-ef94f4bd513a: start FollowerState
2019-10-18 14:01:36,091 [Thread-850] INFO  impl.FollowerState (FollowerState.java:run(117)) - 66f9d00c-1e97-4252-958c-bed5a531abda@group-E964BE911FCC-FollowerState was interrupted: java.lang.InterruptedException: sleep interrupted
2019-10-18 14:01:36,091 [grpc-default-executor-0] INFO  impl.RoleInfo (RoleInfo.java:updateAndGet(143)) - 66f9d00c-1e97-4252-958c-bed5a531abda: start FollowerState
2019-10-18 14:01:36,118 [92ce6e48-4722-407a-9620-5998c6999257@group-E964BE911FCC-LeaderElection98] INFO  impl.LeaderElection (LeaderElection.java:logAndReturn(56)) - 92ce6e48-4722-407a-9620-5998c6999257@group-E964BE911FCC-LeaderElection98: Election REJECTED; received 2 response(s) [92ce6e48-4722-407a-9620-5998c6999257<-6cbfae60-ea29-4abc-a49d-ef94f4bd513a#0:FAIL-t100, 92ce6e48-4722-407a-9620-5998c6999257<-66f9d00c-1e97-4252-958c-bed5a531abda#0:FAIL-t100] and 0 exception(s); 92ce6e48-4722-407a-9620-5998c6999257@group-E964BE911FCC:t100, leader=null, voted=92ce6e48-4722-407a-9620-5998c6999257, raftlog=92ce6e48-4722-407a-9620-5998c6999257@group-E964BE911FCC-SegmentedRaftLog:OPENED:c-1,f-1,i0, conf=-1: [6cbfae60-ea29-4abc-a49d-ef94f4bd513a:192.168.69.85:36685, 66f9d00c-1e97-4252-958c-bed5a531abda:192.168.69.85:45996, 92ce6e48-4722-407a-9620-5998c6999257:192.168.69.85:34971], old=null
2019-10-18 14:01:36,118 [92ce6e48-4722-407a-9620-5998c6999257@group-E964BE911FCC-LeaderElection98] INFO  impl.RaftServerImpl (RaftServerImpl.java:setRole(184)) - 92ce6e48-4722-407a-9620-5998c6999257@group-E964BE911FCC: changes role from CANDIDATE to FOLLOWER at term 100 for DISCOVERED_A_NEW_TERM
2019-10-18 14:01:36,118 [92ce6e48-4722-407a-9620-5998c6999257@group-E964BE911FCC-LeaderElection98] INFO  impl.RoleInfo (RoleInfo.java:shutdownLeaderElection(134)) - 92ce6e48-4722-407a-9620-5998c6999257: shutdown LeaderElection
2019-10-18 14:01:36,118 [92ce6e48-4722-407a-9620-5998c6999257@group-E964BE911FCC-LeaderElection98] INFO  impl.RoleInfo (RoleInfo.java:updateAndGet(143)) - 92ce6e48-4722-407a-9620-5998c6999257: start FollowerState
2019-10-18 14:01:36,213 [Thread-857] INFO  impl.FollowerState (FollowerState.java:run(108)) - 92ce6e48-4722-407a-9620-5998c6999257@group-E964BE911FCC-FollowerState: change to CANDIDATE, lastRpcTime:94ms, electionTimeout:94ms
2019-10-18 14:01:36,213 [Thread-857] INFO  impl.RoleInfo (RoleInfo.java:shutdownFollowerState(121)) - 92ce6e48-4722-407a-9620-5998c6999257: shutdown FollowerState
2019-10-18 14:01:36,213 [Thread-857] INFO  impl.RaftServerImpl (RaftServerImpl.java:setRole(184)) - 92ce6e48-4722-407a-9620-5998c6999257@group-E964BE911FCC: changes role from  FOLLOWER to CANDIDATE at term 100 for changeToCandidate
2019-10-18 14:01:36,213 [Thread-857] INFO  impl.RoleInfo (RoleInfo.java:updateAndGet(143)) - 92ce6e48-4722-407a-9620-5998c6999257: start LeaderElection
2019-10-18 14:01:36,227 [92ce6e48-4722-407a-9620-5998c6999257@group-E964BE911FCC-LeaderElection99] INFO  impl.LeaderElection (LeaderElection.java:askForVotes(178)) - 92ce6e48-4722-407a-9620-5998c6999257@group-E964BE911FCC-LeaderElection99: begin an election at term 101 for -1: [6cbfae60-ea29-4abc-a49d-ef94f4bd513a:192.168.69.85:36685, 66f9d00c-1e97-4252-958c-bed5a531abda:192.168.69.85:45996, 92ce6e48-4722-407a-9620-5998c6999257:192.168.69.85:34971], old=null
2019-10-18 14:01:36,229 [grpc-default-executor-0] INFO  impl.RaftServerImpl (RaftServerImpl.java:setRole(184)) - 6cbfae60-ea29-4abc-a49d-ef94f4bd513a@group-E964BE911FCC: changes role from  FOLLOWER to FOLLOWER at term 101 for recognizeCandidate:92ce6e48-4722-407a-9620-5998c6999257
2019-10-18 14:01:36,229 [grpc-default-executor-4] INFO  impl.RaftServerImpl (RaftServerImpl.java:setRole(184)) - 66f9d00c-1e97-4252-958c-bed5a531abda@group-E964BE911FCC: changes role from  FOLLOWER to FOLLOWER at term 101 for recognizeCandidate:92ce6e48-4722-407a-9620-5998c6999257
2019-10-18 14:01:36,230 [grpc-default-executor-4] INFO  impl.RoleInfo (RoleInfo.java:shutdownFollowerState(121)) - 66f9d00c-1e97-4252-958c-bed5a531abda: shutdown FollowerState
2019-10-18 14:01:36,230 [grpc-default-executor-0] INFO  impl.RoleInfo (RoleInfo.java:shutdownFollowerState(121)) - 6cbfae60-ea29-4abc-a49d-ef94f4bd513a: shutdown FollowerState
2019-10-18 14:01:36,230 [grpc-default-executor-4] INFO  impl.RoleInfo (RoleInfo.java:updateAndGet(143)) - 66f9d00c-1e97-4252-958c-bed5a531abda: start FollowerState
2019-10-18 14:01:36,230 [Thread-856] INFO  impl.FollowerState (FollowerState.java:run(117)) - 66f9d00c-1e97-4252-958c-bed5a531abda@group-E964BE911FCC-FollowerState was interrupted: java.lang.InterruptedException: sleep interrupted
2019-10-18 14:01:36,230 [grpc-default-executor-0] INFO  impl.RoleInfo (RoleInfo.java:updateAndGet(143)) - 6cbfae60-ea29-4abc-a49d-ef94f4bd513a: start FollowerState
2019-10-18 14:01:36,230 [Thread-855] INFO  impl.FollowerState (FollowerState.java:run(117)) - 6cbfae60-ea29-4abc-a49d-ef94f4bd513a@group-E964BE911FCC-FollowerState was interrupted: java.lang.InterruptedException: sleep interrupted
2019-10-18 14:01:36,257 [92ce6e48-4722-407a-9620-5998c6999257@group-E964BE911FCC-LeaderElection99] INFO  impl.LeaderElection (LeaderElection.java:logAndReturn(56)) - 92ce6e48-4722-407a-9620-5998c6999257@group-E964BE911FCC-LeaderElection99: Election REJECTED; received 2 response(s) [92ce6e48-4722-407a-9620-5998c6999257<-6cbfae60-ea29-4abc-a49d-ef94f4bd513a#0:FAIL-t101, 92ce6e48-4722-407a-9620-5998c6999257<-66f9d00c-1e97-4252-958c-bed5a531abda#0:FAIL-t101] and 0 exception(s); 92ce6e48-4722-407a-9620-5998c6999257@group-E964BE911FCC:t101, leader=null, voted=92ce6e48-4722-407a-9620-5998c6999257, raftlog=92ce6e48-4722-407a-9620-5998c6999257@group-E964BE911FCC-SegmentedRaftLog:OPENED:c-1,f-1,i0, conf=-1: [6cbfae60-ea29-4abc-a49d-ef94f4bd513a:192.168.69.85:36685, 66f9d00c-1e97-4252-958c-bed5a531abda:192.168.69.85:45996, 92ce6e48-4722-407a-9620-5998c6999257:192.168.69.85:34971], old=null
2019-10-18 14:01:36,257 [92ce6e48-4722-407a-9620-5998c6999257@group-E964BE911FCC-LeaderElection99] INFO  impl.RaftServerImpl (RaftServerImpl.java:setRole(184)) - 92ce6e48-4722-407a-9620-5998c6999257@group-E964BE911FCC: changes role from CANDIDATE to FOLLOWER at term 101 for DISCOVERED_A_NEW_TERM
2019-10-18 14:01:36,257 [92ce6e48-4722-407a-9620-5998c6999257@group-E964BE911FCC-LeaderElection99] INFO  impl.RoleInfo (RoleInfo.java:shutdownLeaderElection(134)) - 92ce6e48-4722-407a-9620-5998c6999257: shutdown LeaderElection
2019-10-18 14:01:36,257 [92ce6e48-4722-407a-9620-5998c6999257@group-E964BE911FCC-LeaderElection99] INFO  impl.RoleInfo (RoleInfo.java:updateAndGet(143)) - 92ce6e48-4722-407a-9620-5998c6999257: start FollowerState
2019-10-18 14:01:36,403 [Thread-863] INFO  impl.FollowerState (FollowerState.java:run(108)) - 92ce6e48-4722-407a-9620-5998c6999257@group-E964BE911FCC-FollowerState: change to CANDIDATE, lastRpcTime:145ms, electionTimeout:145ms
2019-10-18 14:01:36,403 [Thread-863] INFO  impl.RoleInfo (RoleInfo.java:shutdownFollowerState(121)) - 92ce6e48-4722-407a-9620-5998c6999257: shutdown FollowerState
2019-10-18 14:01:36,403 [Thread-863] INFO  impl.RaftServerImpl (RaftServerImpl.java:setRole(184)) - 92ce6e48-4722-407a-9620-5998c6999257@group-E964BE911FCC: changes role from  FOLLOWER to CANDIDATE at term 101 for changeToCandidate
2019-10-18 14:01:36,403 [Thread-863] INFO  impl.RoleInfo (RoleInfo.java:updateAndGet(143)) - 92ce6e48-4722-407a-9620-5998c6999257: start LeaderElection
2019-10-18 14:01:36,418 [92ce6e48-4722-407a-9620-5998c6999257@group-E964BE911FCC-LeaderElection100] INFO  impl.LeaderElection (LeaderElection.java:askForVotes(178)) - 92ce6e48-4722-407a-9620-5998c6999257@group-E964BE911FCC-LeaderElection100: begin an election at term 102 for -1: [6cbfae60-ea29-4abc-a49d-ef94f4bd513a:192.168.69.85:36685, 66f9d00c-1e97-4252-958c-bed5a531abda:192.168.69.85:45996, 92ce6e48-4722-407a-9620-5998c6999257:192.168.69.85:34971], old=null
2019-10-18 14:01:36,420 [grpc-default-executor-4] INFO  impl.RaftServerImpl (RaftServerImpl.java:setRole(184)) - 6cbfae60-ea29-4abc-a49d-ef94f4bd513a@group-E964BE911FCC: changes role from  FOLLOWER to FOLLOWER at term 102 for recognizeCandidate:92ce6e48-4722-407a-9620-5998c6999257
2019-10-18 14:01:36,421 [grpc-default-executor-4] INFO  impl.RoleInfo (RoleInfo.java:shutdownFollowerState(121)) - 6cbfae60-ea29-4abc-a49d-ef94f4bd513a: shutdown FollowerState
2019-10-18 14:01:36,421 [grpc-default-executor-0] INFO  impl.RaftServerImpl (RaftServerImpl.java:setRole(184)) - 66f9d00c-1e97-4252-958c-bed5a531abda@group-E964BE911FCC: changes role from  FOLLOWER to FOLLOWER at term 102 for recognizeCandidate:92ce6e48-4722-407a-9620-5998c6999257
2019-10-18 14:01:36,421 [Thread-862] INFO  impl.FollowerState (FollowerState.java:run(117)) - 6cbfae60-ea29-4abc-a49d-ef94f4bd513a@group-E964BE911FCC-FollowerState was interrupted: java.lang.InterruptedException: sleep interrupted
2019-10-18 14:01:36,421 [grpc-default-executor-4] INFO  impl.RoleInfo (RoleInfo.java:updateAndGet(143)) - 6cbfae60-ea29-4abc-a49d-ef94f4bd513a: start FollowerState
2019-10-18 14:01:36,421 [grpc-default-executor-0] INFO  impl.RoleInfo (RoleInfo.java:shutdownFollowerState(121)) - 66f9d00c-1e97-4252-958c-bed5a531abda: shutdown FollowerState
2019-10-18 14:01:36,421 [grpc-default-executor-0] INFO  impl.RoleInfo (RoleInfo.java:updateAndGet(143)) - 66f9d00c-1e97-4252-958c-bed5a531abda: start FollowerState
2019-10-18 14:01:36,421 [Thread-861] INFO  impl.FollowerState (FollowerState.java:run(117)) - 66f9d00c-1e97-4252-958c-bed5a531abda@group-E964BE911FCC-FollowerState was interrupted: java.lang.InterruptedException: sleep interrupted
2019-10-18 14:01:36,436 [92ce6e48-4722-407a-9620-5998c6999257@group-E964BE911FCC-LeaderElection100] INFO  impl.LeaderElection (LeaderElection.java:logAndReturn(56)) - 92ce6e48-4722-407a-9620-5998c6999257@group-E964BE911FCC-LeaderElection100: Election REJECTED; received 2 response(s) [92ce6e48-4722-407a-9620-5998c6999257<-6cbfae60-ea29-4abc-a49d-ef94f4bd513a#0:FAIL-t102, 92ce6e48-4722-407a-9620-5998c6999257<-66f9d00c-1e97-4252-958c-bed5a531abda#0:FAIL-t102] and 0 exception(s); 92ce6e48-4722-407a-9620-5998c6999257@group-E964BE911FCC:t102, leader=null, voted=92ce6e48-4722-407a-9620-5998c6999257, raftlog=92ce6e48-4722-407a-9620-5998c6999257@group-E964BE911FCC-SegmentedRaftLog:OPENED:c-1,f-1,i0, conf=-1: [6cbfae60-ea29-4abc-a49d-ef94f4bd513a:192.168.69.85:36685, 66f9d00c-1e97-4252-958c-bed5a531abda:192.168.69.85:45996, 92ce6e48-4722-407a-9620-5998c6999257:192.168.69.85:34971], old=null
2019-10-18 14:01:36,437 [92ce6e48-4722-407a-9620-5998c6999257@group-E964BE911FCC-LeaderElection100] INFO  impl.RaftServerImpl (RaftServerImpl.java:setRole(184)) - 92ce6e48-4722-407a-9620-5998c6999257@group-E964BE911FCC: changes role from CANDIDATE to FOLLOWER at term 102 for DISCOVERED_A_NEW_TERM
2019-10-18 14:01:36,437 [92ce6e48-4722-407a-9620-5998c6999257@group-E964BE911FCC-LeaderElection100] INFO  impl.RoleInfo (RoleInfo.java:shutdownLeaderElection(134)) - 92ce6e48-4722-407a-9620-5998c6999257: shutdown LeaderElection
2019-10-18 14:01:36,437 [92ce6e48-4722-407a-9620-5998c6999257@group-E964BE911FCC-LeaderElection100] INFO  impl.RoleInfo (RoleInfo.java:updateAndGet(143)) - 92ce6e48-4722-407a-9620-5998c6999257: start FollowerState
2019-10-18 14:01:36,450 [Thread-869] INFO  impl.FollowerState (FollowerState.java:run(108)) - 92ce6e48-4722-407a-9620-5998c6999257@group-E964BE911FCC-FollowerState: change to CANDIDATE, lastRpcTime:13ms, electionTimeout:13ms
2019-10-18 14:01:36,450 [Thread-869] INFO  impl.RoleInfo (RoleInfo.java:shutdownFollowerState(121)) - 92ce6e48-4722-407a-9620-5998c6999257: shutdown FollowerState
2019-10-18 14:01:36,451 [Thread-869] INFO  impl.RaftServerImpl (RaftServerImpl.java:setRole(184)) - 92ce6e48-4722-407a-9620-5998c6999257@group-E964BE911FCC: changes role from  FOLLOWER to CANDIDATE at term 102 for changeToCandidate
2019-10-18 14:01:36,451 [Thread-869] INFO  impl.RoleInfo (RoleInfo.java:updateAndGet(143)) - 92ce6e48-4722-407a-9620-5998c6999257: start LeaderElection
2019-10-18 14:01:36,464 [92ce6e48-4722-407a-9620-5998c6999257@group-E964BE911FCC-LeaderElection101] INFO  impl.LeaderElection (LeaderElection.java:askForVotes(178)) - 92ce6e48-4722-407a-9620-5998c6999257@group-E964BE911FCC-LeaderElection101: begin an election at term 103 for -1: [6cbfae60-ea29-4abc-a49d-ef94f4bd513a:192.168.69.85:36685, 66f9d00c-1e97-4252-958c-bed5a531abda:192.168.69.85:45996, 92ce6e48-4722-407a-9620-5998c6999257:192.168.69.85:34971], old=null
2019-10-18 14:01:36,467 [grpc-default-executor-4] INFO  impl.RaftServerImpl (RaftServerImpl.java:setRole(184)) - 6cbfae60-ea29-4abc-a49d-ef94f4bd513a@group-E964BE911FCC: changes role from  FOLLOWER to FOLLOWER at term 103 for recognizeCandidate:92ce6e48-4722-407a-9620-5998c6999257
2019-10-18 14:01:36,467 [grpc-default-executor-4] INFO  impl.RoleInfo (RoleInfo.java:shutdownFollowerState(121)) - 6cbfae60-ea29-4abc-a49d-ef94f4bd513a: shutdown FollowerState
2019-10-18 14:01:36,467 [grpc-default-executor-0] INFO  impl.RaftServerImpl (RaftServerImpl.java:setRole(184)) - 66f9d00c-1e97-4252-958c-bed5a531abda@group-E964BE911FCC: changes role from  FOLLOWER to FOLLOWER at term 103 for recognizeCandidate:92ce6e48-4722-407a-9620-5998c6999257
2019-10-18 14:01:36,467 [Thread-867] INFO  impl.FollowerState (FollowerState.java:run(117)) - 6cbfae60-ea29-4abc-a49d-ef94f4bd513a@group-E964BE911FCC-FollowerState was interrupted: java.lang.InterruptedException: sleep interrupted
2019-10-18 14:01:36,467 [grpc-default-executor-4] INFO  impl.RoleInfo (RoleInfo.java:updateAndGet(143)) - 6cbfae60-ea29-4abc-a49d-ef94f4bd513a: start FollowerState
2019-10-18 14:01:36,467 [grpc-default-executor-0] INFO  impl.RoleInfo (RoleInfo.java:shutdownFollowerState(121)) - 66f9d00c-1e97-4252-958c-bed5a531abda: shutdown FollowerState
2019-10-18 14:01:36,468 [grpc-default-executor-0] INFO  impl.RoleInfo (RoleInfo.java:updateAndGet(143)) - 66f9d00c-1e97-4252-958c-bed5a531abda: start FollowerState
2019-10-18 14:01:36,468 [Thread-868] INFO  impl.FollowerState (FollowerState.java:run(117)) - 66f9d00c-1e97-4252-958c-bed5a531abda@group-E964BE911FCC-FollowerState was interrupted: java.lang.InterruptedException: sleep interrupted
2019-10-18 14:01:36,482 [92ce6e48-4722-407a-9620-5998c6999257@group-E964BE911FCC-LeaderElection101] INFO  impl.LeaderElection (LeaderElection.java:logAndReturn(56)) - 92ce6e48-4722-407a-9620-5998c6999257@group-E964BE911FCC-LeaderElection101: Election REJECTED; received 2 response(s) [92ce6e48-4722-407a-9620-5998c6999257<-6cbfae60-ea29-4abc-a49d-ef94f4bd513a#0:FAIL-t103, 92ce6e48-4722-407a-9620-5998c6999257<-66f9d00c-1e97-4252-958c-bed5a531abda#0:FAIL-t103] and 0 exception(s); 92ce6e48-4722-407a-9620-5998c6999257@group-E964BE911FCC:t103, leader=null, voted=92ce6e48-4722-407a-9620-5998c6999257, raftlog=92ce6e48-4722-407a-9620-5998c6999257@group-E964BE911FCC-SegmentedRaftLog:OPENED:c-1,f-1,i0, conf=-1: [6cbfae60-ea29-4abc-a49d-ef94f4bd513a:192.168.69.85:36685, 66f9d00c-1e97-4252-958c-bed5a531abda:192.168.69.85:45996, 92ce6e48-4722-407a-9620-5998c6999257:192.168.69.85:34971], old=null
2019-10-18 14:01:36,482 [92ce6e48-4722-407a-9620-5998c6999257@group-E964BE911FCC-LeaderElection101] INFO  impl.RaftServerImpl (RaftServerImpl.java:setRole(184)) - 92ce6e48-4722-407a-9620-5998c6999257@group-E964BE911FCC: changes role from CANDIDATE to FOLLOWER at term 103 for DISCOVERED_A_NEW_TERM
2019-10-18 14:01:36,482 [92ce6e48-4722-407a-9620-5998c6999257@group-E964BE911FCC-LeaderElection101] INFO  impl.RoleInfo (RoleInfo.java:shutdownLeaderElection(134)) - 92ce6e48-4722-407a-9620-5998c6999257: shutdown LeaderElection
2019-10-18 14:01:36,482 [92ce6e48-4722-407a-9620-5998c6999257@group-E964BE911FCC-LeaderElection101] INFO  impl.RoleInfo (RoleInfo.java:updateAndGet(143)) - 92ce6e48-4722-407a-9620-5998c6999257: start FollowerState
2019-10-18 14:01:36,555 [Thread-875] INFO  impl.FollowerState (FollowerState.java:run(108)) - 92ce6e48-4722-407a-9620-5998c6999257@group-E964BE911FCC-FollowerState: change to CANDIDATE, lastRpcTime:72ms, electionTimeout:72ms
2019-10-18 14:01:36,555 [Thread-875] INFO  impl.RoleInfo (RoleInfo.java:shutdownFollowerState(121)) - 92ce6e48-4722-407a-9620-5998c6999257: shutdown FollowerState
2019-10-18 14:01:36,555 [Thread-875] INFO  impl.RaftServerImpl (RaftServerImpl.java:setRole(184)) - 92ce6e48-4722-407a-9620-5998c6999257@group-E964BE911FCC: changes role from  FOLLOWER to CANDIDATE at term 103 for changeToCandidate
2019-10-18 14:01:36,555 [Thread-875] INFO  impl.RoleInfo (RoleInfo.java:updateAndGet(143)) - 92ce6e48-4722-407a-9620-5998c6999257: start LeaderElection
2019-10-18 14:01:36,592 [92ce6e48-4722-407a-9620-5998c6999257@group-E964BE911FCC-LeaderElection102] INFO  impl.LeaderElection (LeaderElection.java:askForVotes(178)) - 92ce6e48-4722-407a-9620-5998c6999257@group-E964BE911FCC-LeaderElection102: begin an election at term 104 for -1: [6cbfae60-ea29-4abc-a49d-ef94f4bd513a:192.168.69.85:36685, 66f9d00c-1e97-4252-958c-bed5a531abda:192.168.69.85:45996, 92ce6e48-4722-407a-9620-5998c6999257:192.168.69.85:34971], old=null
2019-10-18 14:01:36,595 [grpc-default-executor-4] INFO  impl.RaftServerImpl (RaftServerImpl.java:setRole(184)) - 6cbfae60-ea29-4abc-a49d-ef94f4bd513a@group-E964BE911FCC: changes role from  FOLLOWER to FOLLOWER at term 104 for recognizeCandidate:92ce6e48-4722-407a-9620-5998c6999257
2019-10-18 14:01:36,595 [grpc-default-executor-0] INFO  impl.RaftServerImpl (RaftServerImpl.java:setRole(184)) - 66f9d00c-1e97-4252-958c-bed5a531abda@group-E964BE911FCC: changes role from  FOLLOWER to FOLLOWER at term 104 for recognizeCandidate:92ce6e48-4722-407a-9620-5998c6999257
2019-10-18 14:01:36,595 [grpc-default-executor-0] INFO  impl.RoleInfo (RoleInfo.java:shutdownFollowerState(121)) - 66f9d00c-1e97-4252-958c-bed5a531abda: shutdown FollowerState
2019-10-18 14:01:36,595 [grpc-default-executor-4] INFO  impl.RoleInfo (RoleInfo.java:shutdownFollowerState(121)) - 6cbfae60-ea29-4abc-a49d-ef94f4bd513a: shutdown FollowerState
2019-10-18 14:01:36,596 [Thread-874] INFO  impl.FollowerState (FollowerState.java:run(117)) - 66f9d00c-1e97-4252-958c-bed5a531abda@group-E964BE911FCC-FollowerState was interrupted: java.lang.InterruptedException: sleep interrupted
2019-10-18 14:01:36,596 [grpc-default-executor-0] INFO  impl.RoleInfo (RoleInfo.java:updateAndGet(143)) - 66f9d00c-1e97-4252-958c-bed5a531abda: start FollowerState
2019-10-18 14:01:36,596 [Thread-873] INFO  impl.FollowerState (FollowerState.java:run(117)) - 6cbfae60-ea29-4abc-a49d-ef94f4bd513a@group-E964BE911FCC-FollowerState was interrupted: java.lang.InterruptedException: sleep interrupted
2019-10-18 14:01:36,596 [grpc-default-executor-4] INFO  impl.RoleInfo (RoleInfo.java:updateAndGet(143)) - 6cbfae60-ea29-4abc-a49d-ef94f4bd513a: start FollowerState
2019-10-18 14:01:36,606 [92ce6e48-4722-407a-9620-5998c6999257@group-E964BE911FCC-LeaderElection102] INFO  impl.LeaderElection (LeaderElection.java:logAndReturn(56)) - 92ce6e48-4722-407a-9620-5998c6999257@group-E964BE911FCC-LeaderElection102: Election REJECTED; received 2 response(s) [92ce6e48-4722-407a-9620-5998c6999257<-6cbfae60-ea29-4abc-a49d-ef94f4bd513a#0:FAIL-t104, 92ce6e48-4722-407a-9620-5998c6999257<-66f9d00c-1e97-4252-958c-bed5a531abda#0:FAIL-t104] and 0 exception(s); 92ce6e48-4722-407a-9620-5998c6999257@group-E964BE911FCC:t104, leader=null, voted=92ce6e48-4722-407a-9620-5998c6999257, raftlog=92ce6e48-4722-407a-9620-5998c6999257@group-E964BE911FCC-SegmentedRaftLog:OPENED:c-1,f-1,i0, conf=-1: [6cbfae60-ea29-4abc-a49d-ef94f4bd513a:192.168.69.85:36685, 66f9d00c-1e97-4252-958c-bed5a531abda:192.168.69.85:45996, 92ce6e48-4722-407a-9620-5998c6999257:192.168.69.85:34971], old=null
2019-10-18 14:01:36,606 [92ce6e48-4722-407a-9620-5998c6999257@group-E964BE911FCC-LeaderElection102] INFO  impl.RaftServerImpl (RaftServerImpl.java:setRole(184)) - 92ce6e48-4722-407a-9620-5998c6999257@group-E964BE911FCC: changes role from CANDIDATE to FOLLOWER at term 104 for DISCOVERED_A_NEW_TERM
2019-10-18 14:01:36,606 [92ce6e48-4722-407a-9620-5998c6999257@group-E964BE911FCC-LeaderElection102] INFO  impl.RoleInfo (RoleInfo.java:shutdownLeaderElection(134)) - 92ce6e48-4722-407a-9620-5998c6999257: shutdown LeaderElection
2019-10-18 14:01:36,606 [92ce6e48-4722-407a-9620-5998c6999257@group-E964BE911FCC-LeaderElection102] INFO  impl.RoleInfo (RoleInfo.java:updateAndGet(143)) - 92ce6e48-4722-407a-9620-5998c6999257: start FollowerState
2019-10-18 14:01:36,802 [Thread-881] INFO  impl.FollowerState (FollowerState.java:run(108)) - 92ce6e48-4722-407a-9620-5998c6999257@group-E964BE911FCC-FollowerState: change to CANDIDATE, lastRpcTime:195ms, electionTimeout:195ms
2019-10-18 14:01:36,802 [Thread-881] INFO  impl.RoleInfo (RoleInfo.java:shutdownFollowerState(121)) - 92ce6e48-4722-407a-9620-5998c6999257: shutdown FollowerState
2019-10-18 14:01:36,802 [Thread-881] INFO  impl.RaftServerImpl (RaftServerImpl.java:setRole(184)) - 92ce6e48-4722-407a-9620-5998c6999257@group-E964BE911FCC: changes role from  FOLLOWER to CANDIDATE at term 104 for changeToCandidate
2019-10-18 14:01:36,802 [Thread-881] INFO  impl.RoleInfo (RoleInfo.java:updateAndGet(143)) - 92ce6e48-4722-407a-9620-5998c6999257: start LeaderElection
2019-10-18 14:01:36,828 [92ce6e48-4722-407a-9620-5998c6999257@group-E964BE911FCC-LeaderElection103] INFO  impl.LeaderElection (LeaderElection.java:askForVotes(178)) - 92ce6e48-4722-407a-9620-5998c6999257@group-E964BE911FCC-LeaderElection103: begin an election at term 105 for -1: [6cbfae60-ea29-4abc-a49d-ef94f4bd513a:192.168.69.85:36685, 66f9d00c-1e97-4252-958c-bed5a531abda:192.168.69.85:45996, 92ce6e48-4722-407a-9620-5998c6999257:192.168.69.85:34971], old=null
2019-10-18 14:01:36,831 [grpc-default-executor-4] INFO  impl.RaftServerImpl (RaftServerImpl.java:setRole(184)) - 66f9d00c-1e97-4252-958c-bed5a531abda@group-E964BE911FCC: changes role from  FOLLOWER to FOLLOWER at term 105 for recognizeCandidate:92ce6e48-4722-407a-9620-5998c6999257
2019-10-18 14:01:36,831 [grpc-default-executor-0] INFO  impl.RaftServerImpl (RaftServerImpl.java:setRole(184)) - 6cbfae60-ea29-4abc-a49d-ef94f4bd513a@group-E964BE911FCC: changes role from  FOLLOWER to FOLLOWER at term 105 for recognizeCandidate:92ce6e48-4722-407a-9620-5998c6999257
2019-10-18 14:01:36,832 [grpc-default-executor-0] INFO  impl.RoleInfo (RoleInfo.java:shutdownFollowerState(121)) - 6cbfae60-ea29-4abc-a49d-ef94f4bd513a: shutdown FollowerState
2019-10-18 14:01:36,831 [grpc-default-executor-4] INFO  impl.RoleInfo (RoleInfo.java:shutdownFollowerState(121)) - 66f9d00c-1e97-4252-958c-bed5a531abda: shutdown FollowerState
2019-10-18 14:01:36,832 [Thread-880] INFO  impl.FollowerState (FollowerState.java:run(117)) - 6cbfae60-ea29-4abc-a49d-ef94f4bd513a@group-E964BE911FCC-FollowerState was interrupted: java.lang.InterruptedException: sleep interrupted
2019-10-18 14:01:36,832 [grpc-default-executor-0] INFO  impl.RoleInfo (RoleInfo.java:updateAndGet(143)) - 6cbfae60-ea29-4abc-a49d-ef94f4bd513a: start FollowerState
2019-10-18 14:01:36,832 [Thread-879] INFO  impl.FollowerState (FollowerState.java:run(117)) - 66f9d00c-1e97-4252-958c-bed5a531abda@group-E964BE911FCC-FollowerState was interrupted: java.lang.InterruptedException: sleep interrupted
2019-10-18 14:01:36,832 [grpc-default-executor-4] INFO  impl.RoleInfo (RoleInfo.java:updateAndGet(143)) - 66f9d00c-1e97-4252-958c-bed5a531abda: start FollowerState
2019-10-18 14:01:36,847 [92ce6e48-4722-407a-9620-5998c6999257@group-E964BE911FCC-LeaderElection103] INFO  impl.LeaderElection (LeaderElection.java:logAndReturn(56)) - 92ce6e48-4722-407a-9620-5998c6999257@group-E964BE911FCC-LeaderElection103: Election REJECTED; received 2 response(s) [92ce6e48-4722-407a-9620-5998c6999257<-6cbfae60-ea29-4abc-a49d-ef94f4bd513a#0:FAIL-t105, 92ce6e48-4722-407a-9620-5998c6999257<-66f9d00c-1e97-4252-958c-bed5a531abda#0:FAIL-t105] and 0 exception(s); 92ce6e48-4722-407a-9620-5998c6999257@group-E964BE911FCC:t105, leader=null, voted=92ce6e48-4722-407a-9620-5998c6999257, raftlog=92ce6e48-4722-407a-9620-5998c6999257@group-E964BE911FCC-SegmentedRaftLog:OPENED:c-1,f-1,i0, conf=-1: [6cbfae60-ea29-4abc-a49d-ef94f4bd513a:192.168.69.85:36685, 66f9d00c-1e97-4252-958c-bed5a531abda:192.168.69.85:45996, 92ce6e48-4722-407a-9620-5998c6999257:192.168.69.85:34971], old=null
2019-10-18 14:01:36,847 [92ce6e48-4722-407a-9620-5998c6999257@group-E964BE911FCC-LeaderElection103] INFO  impl.RaftServerImpl (RaftServerImpl.java:setRole(184)) - 92ce6e48-4722-407a-9620-5998c6999257@group-E964BE911FCC: changes role from CANDIDATE to FOLLOWER at term 105 for DISCOVERED_A_NEW_TERM
2019-10-18 14:01:36,847 [92ce6e48-4722-407a-9620-5998c6999257@group-E964BE911FCC-LeaderElection103] INFO  impl.RoleInfo (RoleInfo.java:shutdownLeaderElection(134)) - 92ce6e48-4722-407a-9620-5998c6999257: shutdown LeaderElection
2019-10-18 14:01:36,847 [92ce6e48-4722-407a-9620-5998c6999257@group-E964BE911FCC-LeaderElection103] INFO  impl.RoleInfo (RoleInfo.java:updateAndGet(143)) - 92ce6e48-4722-407a-9620-5998c6999257: start FollowerState
2019-10-18 14:01:37,043 [Thread-887] INFO  impl.FollowerState (FollowerState.java:run(108)) - 92ce6e48-4722-407a-9620-5998c6999257@group-E964BE911FCC-FollowerState: change to CANDIDATE, lastRpcTime:195ms, electionTimeout:195ms
2019-10-18 14:01:37,043 [Thread-887] INFO  impl.RoleInfo (RoleInfo.java:shutdownFollowerState(121)) - 92ce6e48-4722-407a-9620-5998c6999257: shutdown FollowerState
2019-10-18 14:01:37,043 [Thread-887] INFO  impl.RaftServerImpl (RaftServerImpl.java:setRole(184)) - 92ce6e48-4722-407a-9620-5998c6999257@group-E964BE911FCC: changes role from  FOLLOWER to CANDIDATE at term 105 for changeToCandidate
2019-10-18 14:01:37,043 [Thread-887] INFO  impl.RoleInfo (RoleInfo.java:updateAndGet(143)) - 92ce6e48-4722-407a-9620-5998c6999257: start LeaderElection
2019-10-18 14:01:37,069 [92ce6e48-4722-407a-9620-5998c6999257@group-E964BE911FCC-LeaderElection104] INFO  impl.LeaderElection (LeaderElection.java:askForVotes(178)) - 92ce6e48-4722-407a-9620-5998c6999257@group-E964BE911FCC-LeaderElection104: begin an election at term 106 for -1: [6cbfae60-ea29-4abc-a49d-ef94f4bd513a:192.168.69.85:36685, 66f9d00c-1e97-4252-958c-bed5a531abda:192.168.69.85:45996, 92ce6e48-4722-407a-9620-5998c6999257:192.168.69.85:34971], old=null
2019-10-18 14:01:37,072 [grpc-default-executor-0] INFO  impl.RaftServerImpl (RaftServerImpl.java:setRole(184)) - 66f9d00c-1e97-4252-958c-bed5a531abda@group-E964BE911FCC: changes role from  FOLLOWER to FOLLOWER at term 106 for recognizeCandidate:92ce6e48-4722-407a-9620-5998c6999257
2019-10-18 14:01:37,072 [grpc-default-executor-0] INFO  impl.RoleInfo (RoleInfo.java:shutdownFollowerState(121)) - 66f9d00c-1e97-4252-958c-bed5a531abda: shutdown FollowerState
2019-10-18 14:01:37,072 [grpc-default-executor-4] INFO  impl.RaftServerImpl (RaftServerImpl.java:setRole(184)) - 6cbfae60-ea29-4abc-a49d-ef94f4bd513a@group-E964BE911FCC: changes role from  FOLLOWER to FOLLOWER at term 106 for recognizeCandidate:92ce6e48-4722-407a-9620-5998c6999257
2019-10-18 14:01:37,072 [Thread-886] INFO  impl.FollowerState (FollowerState.java:run(117)) - 66f9d00c-1e97-4252-958c-bed5a531abda@group-E964BE911FCC-FollowerState was interrupted: java.lang.InterruptedException: sleep interrupted
2019-10-18 14:01:37,072 [grpc-default-executor-0] INFO  impl.RoleInfo (RoleInfo.java:updateAndGet(143)) - 66f9d00c-1e97-4252-958c-bed5a531abda: start FollowerState
2019-10-18 14:01:37,072 [grpc-default-executor-4] INFO  impl.RoleInfo (RoleInfo.java:shutdownFollowerState(121)) - 6cbfae60-ea29-4abc-a49d-ef94f4bd513a: shutdown FollowerState
2019-10-18 14:01:37,073 [grpc-default-executor-4] INFO  impl.RoleInfo (RoleInfo.java:updateAndGet(143)) - 6cbfae60-ea29-4abc-a49d-ef94f4bd513a: start FollowerState
2019-10-18 14:01:37,073 [Thread-885] INFO  impl.FollowerState (FollowerState.java:run(117)) - 6cbfae60-ea29-4abc-a49d-ef94f4bd513a@group-E964BE911FCC-FollowerState was interrupted: java.lang.InterruptedException: sleep interrupted
2019-10-18 14:01:37,086 [92ce6e48-4722-407a-9620-5998c6999257@group-E964BE911FCC-LeaderElection104] INFO  impl.LeaderElection (LeaderElection.java:logAndReturn(56)) - 92ce6e48-4722-407a-9620-5998c6999257@group-E964BE911FCC-LeaderElection104: Election TIMEOUT; received 0 response(s) [] and 0 exception(s); 92ce6e48-4722-407a-9620-5998c6999257@group-E964BE911FCC:t106, leader=null, voted=92ce6e48-4722-407a-9620-5998c6999257, raftlog=92ce6e48-4722-407a-9620-5998c6999257@group-E964BE911FCC-SegmentedRaftLog:OPENED:c-1,f-1,i0, conf=-1: [6cbfae60-ea29-4abc-a49d-ef94f4bd513a:192.168.69.85:36685, 66f9d00c-1e97-4252-958c-bed5a531abda:192.168.69.85:45996, 92ce6e48-4722-407a-9620-5998c6999257:192.168.69.85:34971], old=null
2019-10-18 14:01:37,095 [92ce6e48-4722-407a-9620-5998c6999257@group-E964BE911FCC-LeaderElection104] INFO  impl.LeaderElection (LeaderElection.java:askForVotes(178)) - 92ce6e48-4722-407a-9620-5998c6999257@group-E964BE911FCC-LeaderElection104: begin an election at term 107 for -1: [6cbfae60-ea29-4abc-a49d-ef94f4bd513a:192.168.69.85:36685, 66f9d00c-1e97-4252-958c-bed5a531abda:192.168.69.85:45996, 92ce6e48-4722-407a-9620-5998c6999257:192.168.69.85:34971], old=null
2019-10-18 14:01:37,097 [grpc-default-executor-0] INFO  impl.RaftServerImpl (RaftServerImpl.java:setRole(184)) - 6cbfae60-ea29-4abc-a49d-ef94f4bd513a@group-E964BE911FCC: changes role from  FOLLOWER to FOLLOWER at term 107 for recognizeCandidate:92ce6e48-4722-407a-9620-5998c6999257
2019-10-18 14:01:37,097 [grpc-default-executor-0] INFO  impl.RoleInfo (RoleInfo.java:shutdownFollowerState(121)) - 6cbfae60-ea29-4abc-a49d-ef94f4bd513a: shutdown FollowerState
2019-10-18 14:01:37,097 [grpc-default-executor-4] INFO  impl.RaftServerImpl (RaftServerImpl.java:setRole(184)) - 66f9d00c-1e97-4252-958c-bed5a531abda@group-E964BE911FCC: changes role from  FOLLOWER to FOLLOWER at term 107 for recognizeCandidate:92ce6e48-4722-407a-9620-5998c6999257
2019-10-18 14:01:37,098 [Thread-894] INFO  impl.FollowerState (FollowerState.java:run(117)) - 6cbfae60-ea29-4abc-a49d-ef94f4bd513a@group-E964BE911FCC-FollowerState was interrupted: java.lang.InterruptedException: sleep interrupted
2019-10-18 14:01:37,098 [grpc-default-executor-0] INFO  impl.RoleInfo (RoleInfo.java:updateAndGet(143)) - 6cbfae60-ea29-4abc-a49d-ef94f4bd513a: start FollowerState
2019-10-18 14:01:37,098 [grpc-default-executor-4] INFO  impl.RoleInfo (RoleInfo.java:shutdownFollowerState(121)) - 66f9d00c-1e97-4252-958c-bed5a531abda: shutdown FollowerState
2019-10-18 14:01:37,098 [grpc-default-executor-4] INFO  impl.RoleInfo (RoleInfo.java:updateAndGet(143)) - 66f9d00c-1e97-4252-958c-bed5a531abda: start FollowerState
2019-10-18 14:01:37,098 [Thread-893] INFO  impl.FollowerState (FollowerState.java:run(117)) - 66f9d00c-1e97-4252-958c-bed5a531abda@group-E964BE911FCC-FollowerState was interrupted: java.lang.InterruptedException: sleep interrupted
2019-10-18 14:01:37,131 [92ce6e48-4722-407a-9620-5998c6999257@group-E964BE911FCC-LeaderElection104] INFO  impl.LeaderElection (LeaderElection.java:logAndReturn(56)) - 92ce6e48-4722-407a-9620-5998c6999257@group-E964BE911FCC-LeaderElection104: Election REJECTED; received 2 response(s) [92ce6e48-4722-407a-9620-5998c6999257<-6cbfae60-ea29-4abc-a49d-ef94f4bd513a#0:FAIL-t107, 92ce6e48-4722-407a-9620-5998c6999257<-66f9d00c-1e97-4252-958c-bed5a531abda#0:FAIL-t107] and 0 exception(s); 92ce6e48-4722-407a-9620-5998c6999257@group-E964BE911FCC:t107, leader=null, voted=92ce6e48-4722-407a-9620-5998c6999257, raftlog=92ce6e48-4722-407a-9620-5998c6999257@group-E964BE911FCC-SegmentedRaftLog:OPENED:c-1,f-1,i0, conf=-1: [6cbfae60-ea29-4abc-a49d-ef94f4bd513a:192.168.69.85:36685, 66f9d00c-1e97-4252-958c-bed5a531abda:192.168.69.85:45996, 92ce6e48-4722-407a-9620-5998c6999257:192.168.69.85:34971], old=null
2019-10-18 14:01:37,131 [92ce6e48-4722-407a-9620-5998c6999257@group-E964BE911FCC-LeaderElection104] INFO  impl.RaftServerImpl (RaftServerImpl.java:setRole(184)) - 92ce6e48-4722-407a-9620-5998c6999257@group-E964BE911FCC: changes role from CANDIDATE to FOLLOWER at term 107 for DISCOVERED_A_NEW_TERM
2019-10-18 14:01:37,132 [92ce6e48-4722-407a-9620-5998c6999257@group-E964BE911FCC-LeaderElection104] INFO  impl.RoleInfo (RoleInfo.java:shutdownLeaderElection(134)) - 92ce6e48-4722-407a-9620-5998c6999257: shutdown LeaderElection
2019-10-18 14:01:37,132 [92ce6e48-4722-407a-9620-5998c6999257@group-E964BE911FCC-LeaderElection104] INFO  impl.RoleInfo (RoleInfo.java:updateAndGet(143)) - 92ce6e48-4722-407a-9620-5998c6999257: start FollowerState
2019-10-18 14:01:37,293 [Thread-899] INFO  impl.FollowerState (FollowerState.java:run(108)) - 92ce6e48-4722-407a-9620-5998c6999257@group-E964BE911FCC-FollowerState: change to CANDIDATE, lastRpcTime:161ms, electionTimeout:161ms
2019-10-18 14:01:37,293 [Thread-899] INFO  impl.RoleInfo (RoleInfo.java:shutdownFollowerState(121)) - 92ce6e48-4722-407a-9620-5998c6999257: shutdown FollowerState
2019-10-18 14:01:37,294 [Thread-899] INFO  impl.RaftServerImpl (RaftServerImpl.java:setRole(184)) - 92ce6e48-4722-407a-9620-5998c6999257@group-E964BE911FCC: changes role from  FOLLOWER to CANDIDATE at term 107 for changeToCandidate
2019-10-18 14:01:37,294 [Thread-899] INFO  impl.RoleInfo (RoleInfo.java:updateAndGet(143)) - 92ce6e48-4722-407a-9620-5998c6999257: start LeaderElection
2019-10-18 14:01:37,307 [92ce6e48-4722-407a-9620-5998c6999257@group-E964BE911FCC-LeaderElection105] INFO  impl.LeaderElection (LeaderElection.java:askForVotes(178)) - 92ce6e48-4722-407a-9620-5998c6999257@group-E964BE911FCC-LeaderElection105: begin an election at term 108 for -1: [6cbfae60-ea29-4abc-a49d-ef94f4bd513a:192.168.69.85:36685, 66f9d00c-1e97-4252-958c-bed5a531abda:192.168.69.85:45996, 92ce6e48-4722-407a-9620-5998c6999257:192.168.69.85:34971], old=null
2019-10-18 14:01:37,309 [grpc-default-executor-4] INFO  impl.RaftServerImpl (RaftServerImpl.java:setRole(184)) - 6cbfae60-ea29-4abc-a49d-ef94f4bd513a@group-E964BE911FCC: changes role from  FOLLOWER to FOLLOWER at term 108 for recognizeCandidate:92ce6e48-4722-407a-9620-5998c6999257
2019-10-18 14:01:37,309 [grpc-default-executor-0] INFO  impl.RaftServerImpl (RaftServerImpl.java:setRole(184)) - 66f9d00c-1e97-4252-958c-bed5a531abda@group-E964BE911FCC: changes role from  FOLLOWER to FOLLOWER at term 108 for recognizeCandidate:92ce6e48-4722-407a-9620-5998c6999257
2019-10-18 14:01:37,309 [grpc-default-executor-4] INFO  impl.RoleInfo (RoleInfo.java:shutdownFollowerState(121)) - 6cbfae60-ea29-4abc-a49d-ef94f4bd513a: shutdown FollowerState
2019-10-18 14:01:37,310 [grpc-default-executor-0] INFO  impl.RoleInfo (RoleInfo.java:shutdownFollowerState(121)) - 66f9d00c-1e97-4252-958c-bed5a531abda: shutdown FollowerState
2019-10-18 14:01:37,310 [Thread-897] INFO  impl.FollowerState (FollowerState.java:run(117)) - 6cbfae60-ea29-4abc-a49d-ef94f4bd513a@group-E964BE911FCC-FollowerState was interrupted: java.lang.InterruptedException: sleep interrupted
2019-10-18 14:01:37,310 [grpc-default-executor-4] INFO  impl.RoleInfo (RoleInfo.java:updateAndGet(143)) - 6cbfae60-ea29-4abc-a49d-ef94f4bd513a: start FollowerState
2019-10-18 14:01:37,310 [Thread-898] INFO  impl.FollowerState (FollowerState.java:run(117)) - 66f9d00c-1e97-4252-958c-bed5a531abda@group-E964BE911FCC-FollowerState was interrupted: java.lang.InterruptedException: sleep interrupted
2019-10-18 14:01:37,310 [grpc-default-executor-0] INFO  impl.RoleInfo (RoleInfo.java:updateAndGet(143)) - 66f9d00c-1e97-4252-958c-bed5a531abda: start FollowerState
2019-10-18 14:01:37,325 [92ce6e48-4722-407a-9620-5998c6999257@group-E964BE911FCC-LeaderElection105] INFO  impl.LeaderElection (LeaderElection.java:logAndReturn(56)) - 92ce6e48-4722-407a-9620-5998c6999257@group-E964BE911FCC-LeaderElection105: Election REJECTED; received 2 response(s) [92ce6e48-4722-407a-9620-5998c6999257<-6cbfae60-ea29-4abc-a49d-ef94f4bd513a#0:FAIL-t108, 92ce6e48-4722-407a-9620-5998c6999257<-66f9d00c-1e97-4252-958c-bed5a531abda#0:FAIL-t108] and 0 exception(s); 92ce6e48-4722-407a-9620-5998c6999257@group-E964BE911FCC:t108, leader=null, voted=92ce6e48-4722-407a-9620-5998c6999257, raftlog=92ce6e48-4722-407a-9620-5998c6999257@group-E964BE911FCC-SegmentedRaftLog:OPENED:c-1,f-1,i0, conf=-1: [6cbfae60-ea29-4abc-a49d-ef94f4bd513a:192.168.69.85:36685, 66f9d00c-1e97-4252-958c-bed5a531abda:192.168.69.85:45996, 92ce6e48-4722-407a-9620-5998c6999257:192.168.69.85:34971], old=null
2019-10-18 14:01:37,325 [92ce6e48-4722-407a-9620-5998c6999257@group-E964BE911FCC-LeaderElection105] INFO  impl.RaftServerImpl (RaftServerImpl.java:setRole(184)) - 92ce6e48-4722-407a-9620-5998c6999257@group-E964BE911FCC: changes role from CANDIDATE to FOLLOWER at term 108 for DISCOVERED_A_NEW_TERM
2019-10-18 14:01:37,325 [92ce6e48-4722-407a-9620-5998c6999257@group-E964BE911FCC-LeaderElection105] INFO  impl.RoleInfo (RoleInfo.java:shutdownLeaderElection(134)) - 92ce6e48-4722-407a-9620-5998c6999257: shutdown LeaderElection
2019-10-18 14:01:37,325 [92ce6e48-4722-407a-9620-5998c6999257@group-E964BE911FCC-LeaderElection105] INFO  impl.RoleInfo (RoleInfo.java:updateAndGet(143)) - 92ce6e48-4722-407a-9620-5998c6999257: start FollowerState
2019-10-18 14:01:37,428 [Thread-905] INFO  impl.FollowerState (FollowerState.java:run(108)) - 92ce6e48-4722-407a-9620-5998c6999257@group-E964BE911FCC-FollowerState: change to CANDIDATE, lastRpcTime:103ms, electionTimeout:103ms
2019-10-18 14:01:37,429 [Thread-905] INFO  impl.RoleInfo (RoleInfo.java:shutdownFollowerState(121)) - 92ce6e48-4722-407a-9620-5998c6999257: shutdown FollowerState
2019-10-18 14:01:37,429 [Thread-905] INFO  impl.RaftServerImpl (RaftServerImpl.java:setRole(184)) - 92ce6e48-4722-407a-9620-5998c6999257@group-E964BE911FCC: changes role from  FOLLOWER to CANDIDATE at term 108 for changeToCandidate
2019-10-18 14:01:37,429 [Thread-905] INFO  impl.RoleInfo (RoleInfo.java:updateAndGet(143)) - 92ce6e48-4722-407a-9620-5998c6999257: start LeaderElection
2019-10-18 14:01:37,455 [92ce6e48-4722-407a-9620-5998c6999257@group-E964BE911FCC-LeaderElection106] INFO  impl.LeaderElection (LeaderElection.java:askForVotes(178)) - 92ce6e48-4722-407a-9620-5998c6999257@group-E964BE911FCC-LeaderElection106: begin an election at term 109 for -1: [6cbfae60-ea29-4abc-a49d-ef94f4bd513a:192.168.69.85:36685, 66f9d00c-1e97-4252-958c-bed5a531abda:192.168.69.85:45996, 92ce6e48-4722-407a-9620-5998c6999257:192.168.69.85:34971], old=null
2019-10-18 14:01:37,458 [grpc-default-executor-4] INFO  impl.RaftServerImpl (RaftServerImpl.java:setRole(184)) - 6cbfae60-ea29-4abc-a49d-ef94f4bd513a@group-E964BE911FCC: changes role from  FOLLOWER to FOLLOWER at term 109 for recognizeCandidate:92ce6e48-4722-407a-9620-5998c6999257
2019-10-18 14:01:37,458 [grpc-default-executor-4] INFO  impl.RoleInfo (RoleInfo.java:shutdownFollowerState(121)) - 6cbfae60-ea29-4abc-a49d-ef94f4bd513a: shutdown FollowerState
2019-10-18 14:01:37,458 [grpc-default-executor-0] INFO  impl.RaftServerImpl (RaftServerImpl.java:setRole(184)) - 66f9d00c-1e97-4252-958c-bed5a531abda@group-E964BE911FCC: changes role from  FOLLOWER to FOLLOWER at term 109 for recognizeCandidate:92ce6e48-4722-407a-9620-5998c6999257
2019-10-18 14:01:37,459 [grpc-default-executor-0] INFO  impl.RoleInfo (RoleInfo.java:shutdownFollowerState(121)) - 66f9d00c-1e97-4252-958c-bed5a531abda: shutdown FollowerState
2019-10-18 14:01:37,459 [Thread-903] INFO  impl.FollowerState (FollowerState.java:run(117)) - 6cbfae60-ea29-4abc-a49d-ef94f4bd513a@group-E964BE911FCC-FollowerState was interrupted: java.lang.InterruptedException: sleep interrupted
2019-10-18 14:01:37,459 [grpc-default-executor-4] INFO  impl.RoleInfo (RoleInfo.java:updateAndGet(143)) - 6cbfae60-ea29-4abc-a49d-ef94f4bd513a: start FollowerState
2019-10-18 14:01:37,459 [Thread-904] INFO  impl.FollowerState (FollowerState.java:run(117)) - 66f9d00c-1e97-4252-958c-bed5a531abda@group-E964BE911FCC-FollowerState was interrupted: java.lang.InterruptedException: sleep interrupted
2019-10-18 14:01:37,459 [grpc-default-executor-0] INFO  impl.RoleInfo (RoleInfo.java:updateAndGet(143)) - 66f9d00c-1e97-4252-958c-bed5a531abda: start FollowerState
2019-10-18 14:01:37,474 [92ce6e48-4722-407a-9620-5998c6999257@group-E964BE911FCC-LeaderElection106] INFO  impl.LeaderElection (LeaderElection.java:logAndReturn(56)) - 92ce6e48-4722-407a-9620-5998c6999257@group-E964BE911FCC-LeaderElection106: Election REJECTED; received 2 response(s) [92ce6e48-4722-407a-9620-5998c6999257<-6cbfae60-ea29-4abc-a49d-ef94f4bd513a#0:FAIL-t109, 92ce6e48-4722-407a-9620-5998c6999257<-66f9d00c-1e97-4252-958c-bed5a531abda#0:FAIL-t109] and 0 exception(s); 92ce6e48-4722-407a-9620-5998c6999257@group-E964BE911FCC:t109, leader=null, voted=92ce6e48-4722-407a-9620-5998c6999257, raftlog=92ce6e48-4722-407a-9620-5998c6999257@group-E964BE911FCC-SegmentedRaftLog:OPENED:c-1,f-1,i0, conf=-1: [6cbfae60-ea29-4abc-a49d-ef94f4bd513a:192.168.69.85:36685, 66f9d00c-1e97-4252-958c-bed5a531abda:192.168.69.85:45996, 92ce6e48-4722-407a-9620-5998c6999257:192.168.69.85:34971], old=null
2019-10-18 14:01:37,474 [92ce6e48-4722-407a-9620-5998c6999257@group-E964BE911FCC-LeaderElection106] INFO  impl.RaftServerImpl (RaftServerImpl.java:setRole(184)) - 92ce6e48-4722-407a-9620-5998c6999257@group-E964BE911FCC: changes role from CANDIDATE to FOLLOWER at term 109 for DISCOVERED_A_NEW_TERM
2019-10-18 14:01:37,474 [92ce6e48-4722-407a-9620-5998c6999257@group-E964BE911FCC-LeaderElection106] INFO  impl.RoleInfo (RoleInfo.java:shutdownLeaderElection(134)) - 92ce6e48-4722-407a-9620-5998c6999257: shutdown LeaderElection
2019-10-18 14:01:37,474 [92ce6e48-4722-407a-9620-5998c6999257@group-E964BE911FCC-LeaderElection106] INFO  impl.RoleInfo (RoleInfo.java:updateAndGet(143)) - 92ce6e48-4722-407a-9620-5998c6999257: start FollowerState
2019-10-18 14:01:37,552 [Thread-911] INFO  impl.FollowerState (FollowerState.java:run(108)) - 92ce6e48-4722-407a-9620-5998c6999257@group-E964BE911FCC-FollowerState: change to CANDIDATE, lastRpcTime:77ms, electionTimeout:77ms
2019-10-18 14:01:37,552 [Thread-911] INFO  impl.RoleInfo (RoleInfo.java:shutdownFollowerState(121)) - 92ce6e48-4722-407a-9620-5998c6999257: shutdown FollowerState
2019-10-18 14:01:37,552 [Thread-911] INFO  impl.RaftServerImpl (RaftServerImpl.java:setRole(184)) - 92ce6e48-4722-407a-9620-5998c6999257@group-E964BE911FCC: changes role from  FOLLOWER to CANDIDATE at term 109 for changeToCandidate
2019-10-18 14:01:37,552 [Thread-911] INFO  impl.RoleInfo (RoleInfo.java:updateAndGet(143)) - 92ce6e48-4722-407a-9620-5998c6999257: start LeaderElection
2019-10-18 14:01:37,565 [92ce6e48-4722-407a-9620-5998c6999257@group-E964BE911FCC-LeaderElection107] INFO  impl.LeaderElection (LeaderElection.java:askForVotes(178)) - 92ce6e48-4722-407a-9620-5998c6999257@group-E964BE911FCC-LeaderElection107: begin an election at term 110 for -1: [6cbfae60-ea29-4abc-a49d-ef94f4bd513a:192.168.69.85:36685, 66f9d00c-1e97-4252-958c-bed5a531abda:192.168.69.85:45996, 92ce6e48-4722-407a-9620-5998c6999257:192.168.69.85:34971], old=null
2019-10-18 14:01:37,568 [grpc-default-executor-4] INFO  impl.RaftServerImpl (RaftServerImpl.java:setRole(184)) - 6cbfae60-ea29-4abc-a49d-ef94f4bd513a@group-E964BE911FCC: changes role from  FOLLOWER to FOLLOWER at term 110 for recognizeCandidate:92ce6e48-4722-407a-9620-5998c6999257
2019-10-18 14:01:37,568 [grpc-default-executor-4] INFO  impl.RoleInfo (RoleInfo.java:shutdownFollowerState(121)) - 6cbfae60-ea29-4abc-a49d-ef94f4bd513a: shutdown FollowerState
2019-10-18 14:01:37,568 [grpc-default-executor-0] INFO  impl.RaftServerImpl (RaftServerImpl.java:setRole(184)) - 66f9d00c-1e97-4252-958c-bed5a531abda@group-E964BE911FCC: changes role from  FOLLOWER to FOLLOWER at term 110 for recognizeCandidate:92ce6e48-4722-407a-9620-5998c6999257
2019-10-18 14:01:37,568 [Thread-909] INFO  impl.FollowerState (FollowerState.java:run(117)) - 6cbfae60-ea29-4abc-a49d-ef94f4bd513a@group-E964BE911FCC-FollowerState was interrupted: java.lang.InterruptedException: sleep interrupted
2019-10-18 14:01:37,568 [grpc-default-executor-4] INFO  impl.RoleInfo (RoleInfo.java:updateAndGet(143)) - 6cbfae60-ea29-4abc-a49d-ef94f4bd513a: start FollowerState
2019-10-18 14:01:37,569 [grpc-default-executor-0] INFO  impl.RoleInfo (RoleInfo.java:shutdownFollowerState(121)) - 66f9d00c-1e97-4252-958c-bed5a531abda: shutdown FollowerState
2019-10-18 14:01:37,569 [grpc-default-executor-0] INFO  impl.RoleInfo (RoleInfo.java:updateAndGet(143)) - 66f9d00c-1e97-4252-958c-bed5a531abda: start FollowerState
2019-10-18 14:01:37,569 [Thread-910] INFO  impl.FollowerState (FollowerState.java:run(117)) - 66f9d00c-1e97-4252-958c-bed5a531abda@group-E964BE911FCC-FollowerState was interrupted: java.lang.InterruptedException: sleep interrupted
2019-10-18 14:01:37,582 [92ce6e48-4722-407a-9620-5998c6999257@group-E964BE911FCC-LeaderElection107] INFO  impl.LeaderElection (LeaderElection.java:logAndReturn(56)) - 92ce6e48-4722-407a-9620-5998c6999257@group-E964BE911FCC-LeaderElection107: Election REJECTED; received 2 response(s) [92ce6e48-4722-407a-9620-5998c6999257<-6cbfae60-ea29-4abc-a49d-ef94f4bd513a#0:FAIL-t110, 92ce6e48-4722-407a-9620-5998c6999257<-66f9d00c-1e97-4252-958c-bed5a531abda#0:FAIL-t110] and 0 exception(s); 92ce6e48-4722-407a-9620-5998c6999257@group-E964BE911FCC:t110, leader=null, voted=92ce6e48-4722-407a-9620-5998c6999257, raftlog=92ce6e48-4722-407a-9620-5998c6999257@group-E964BE911FCC-SegmentedRaftLog:OPENED:c-1,f-1,i0, conf=-1: [6cbfae60-ea29-4abc-a49d-ef94f4bd513a:192.168.69.85:36685, 66f9d00c-1e97-4252-958c-bed5a531abda:192.168.69.85:45996, 92ce6e48-4722-407a-9620-5998c6999257:192.168.69.85:34971], old=null
2019-10-18 14:01:37,582 [92ce6e48-4722-407a-9620-5998c6999257@group-E964BE911FCC-LeaderElection107] INFO  impl.RaftServerImpl (RaftServerImpl.java:setRole(184)) - 92ce6e48-4722-407a-9620-5998c6999257@group-E964BE911FCC: changes role from CANDIDATE to FOLLOWER at term 110 for DISCOVERED_A_NEW_TERM
2019-10-18 14:01:37,582 [92ce6e48-4722-407a-9620-5998c6999257@group-E964BE911FCC-LeaderElection107] INFO  impl.RoleInfo (RoleInfo.java:shutdownLeaderElection(134)) - 92ce6e48-4722-407a-9620-5998c6999257: shutdown LeaderElection
2019-10-18 14:01:37,583 [92ce6e48-4722-407a-9620-5998c6999257@group-E964BE911FCC-LeaderElection107] INFO  impl.RoleInfo (RoleInfo.java:updateAndGet(143)) - 92ce6e48-4722-407a-9620-5998c6999257: start FollowerState
2019-10-18 14:01:37,604 [Thread-917] INFO  impl.FollowerState (FollowerState.java:run(108)) - 92ce6e48-4722-407a-9620-5998c6999257@group-E964BE911FCC-FollowerState: change to CANDIDATE, lastRpcTime:21ms, electionTimeout:21ms
2019-10-18 14:01:37,604 [Thread-917] INFO  impl.RoleInfo (RoleInfo.java:shutdownFollowerState(121)) - 92ce6e48-4722-407a-9620-5998c6999257: shutdown FollowerState
2019-10-18 14:01:37,604 [Thread-917] INFO  impl.RaftServerImpl (RaftServerImpl.java:setRole(184)) - 92ce6e48-4722-407a-9620-5998c6999257@group-E964BE911FCC: changes role from  FOLLOWER to CANDIDATE at term 110 for changeToCandidate
2019-10-18 14:01:37,604 [Thread-917] INFO  impl.RoleInfo (RoleInfo.java:updateAndGet(143)) - 92ce6e48-4722-407a-9620-5998c6999257: start LeaderElection
2019-10-18 14:01:37,618 [92ce6e48-4722-407a-9620-5998c6999257@group-E964BE911FCC-LeaderElection108] INFO  impl.LeaderElection (LeaderElection.java:askForVotes(178)) - 92ce6e48-4722-407a-9620-5998c6999257@group-E964BE911FCC-LeaderElection108: begin an election at term 111 for -1: [6cbfae60-ea29-4abc-a49d-ef94f4bd513a:192.168.69.85:36685, 66f9d00c-1e97-4252-958c-bed5a531abda:192.168.69.85:45996, 92ce6e48-4722-407a-9620-5998c6999257:192.168.69.85:34971], old=null
2019-10-18 14:01:37,621 [grpc-default-executor-4] INFO  impl.RaftServerImpl (RaftServerImpl.java:setRole(184)) - 6cbfae60-ea29-4abc-a49d-ef94f4bd513a@group-E964BE911FCC: changes role from  FOLLOWER to FOLLOWER at term 111 for recognizeCandidate:92ce6e48-4722-407a-9620-5998c6999257
2019-10-18 14:01:37,621 [grpc-default-executor-0] INFO  impl.RaftServerImpl (RaftServerImpl.java:setRole(184)) - 66f9d00c-1e97-4252-958c-bed5a531abda@group-E964BE911FCC: changes role from  FOLLOWER to FOLLOWER at term 111 for recognizeCandidate:92ce6e48-4722-407a-9620-5998c6999257
2019-10-18 14:01:37,621 [grpc-default-executor-4] INFO  impl.RoleInfo (RoleInfo.java:shutdownFollowerState(121)) - 6cbfae60-ea29-4abc-a49d-ef94f4bd513a: shutdown FollowerState
2019-10-18 14:01:37,621 [grpc-default-executor-0] INFO  impl.RoleInfo (RoleInfo.java:shutdownFollowerState(121)) - 66f9d00c-1e97-4252-958c-bed5a531abda: shutdown FollowerState
2019-10-18 14:01:37,622 [Thread-915] INFO  impl.FollowerState (FollowerState.java:run(117)) - 6cbfae60-ea29-4abc-a49d-ef94f4bd513a@group-E964BE911FCC-FollowerState was interrupted: java.lang.InterruptedException: sleep interrupted
2019-10-18 14:01:37,622 [Thread-916] INFO  impl.FollowerState (FollowerState.java:run(117)) - 66f9d00c-1e97-4252-958c-bed5a531abda@group-E964BE911FCC-FollowerState was interrupted: java.lang.InterruptedException: sleep interrupted
2019-10-18 14:01:37,622 [grpc-default-executor-4] INFO  impl.RoleInfo (RoleInfo.java:updateAndGet(143)) - 6cbfae60-ea29-4abc-a49d-ef94f4bd513a: start FollowerState
2019-10-18 14:01:37,622 [grpc-default-executor-0] INFO  impl.RoleInfo (RoleInfo.java:updateAndGet(143)) - 66f9d00c-1e97-4252-958c-bed5a531abda: start FollowerState
2019-10-18 14:01:37,649 [92ce6e48-4722-407a-9620-5998c6999257@group-E964BE911FCC-LeaderElection108] INFO  impl.LeaderElection (LeaderElection.java:logAndReturn(56)) - 92ce6e48-4722-407a-9620-5998c6999257@group-E964BE911FCC-LeaderElection108: Election REJECTED; received 2 response(s) [92ce6e48-4722-407a-9620-5998c6999257<-6cbfae60-ea29-4abc-a49d-ef94f4bd513a#0:FAIL-t111, 92ce6e48-4722-407a-9620-5998c6999257<-66f9d00c-1e97-4252-958c-bed5a531abda#0:FAIL-t111] and 0 exception(s); 92ce6e48-4722-407a-9620-5998c6999257@group-E964BE911FCC:t111, leader=null, voted=92ce6e48-4722-407a-9620-5998c6999257, raftlog=92ce6e48-4722-407a-9620-5998c6999257@group-E964BE911FCC-SegmentedRaftLog:OPENED:c-1,f-1,i0, conf=-1: [6cbfae60-ea29-4abc-a49d-ef94f4bd513a:192.168.69.85:36685, 66f9d00c-1e97-4252-958c-bed5a531abda:192.168.69.85:45996, 92ce6e48-4722-407a-9620-5998c6999257:192.168.69.85:34971], old=null
2019-10-18 14:01:37,649 [92ce6e48-4722-407a-9620-5998c6999257@group-E964BE911FCC-LeaderElection108] INFO  impl.RaftServerImpl (RaftServerImpl.java:setRole(184)) - 92ce6e48-4722-407a-9620-5998c6999257@group-E964BE911FCC: changes role from CANDIDATE to FOLLOWER at term 111 for DISCOVERED_A_NEW_TERM
2019-10-18 14:01:37,649 [92ce6e48-4722-407a-9620-5998c6999257@group-E964BE911FCC-LeaderElection108] INFO  impl.RoleInfo (RoleInfo.java:shutdownLeaderElection(134)) - 92ce6e48-4722-407a-9620-5998c6999257: shutdown LeaderElection
2019-10-18 14:01:37,649 [92ce6e48-4722-407a-9620-5998c6999257@group-E964BE911FCC-LeaderElection108] INFO  impl.RoleInfo (RoleInfo.java:updateAndGet(143)) - 92ce6e48-4722-407a-9620-5998c6999257: start FollowerState
2019-10-18 14:01:37,773 [Thread-923] INFO  impl.FollowerState (FollowerState.java:run(108)) - 92ce6e48-4722-407a-9620-5998c6999257@group-E964BE911FCC-FollowerState: change to CANDIDATE, lastRpcTime:123ms, electionTimeout:123ms
2019-10-18 14:01:37,773 [Thread-923] INFO  impl.RoleInfo (RoleInfo.java:shutdownFollowerState(121)) - 92ce6e48-4722-407a-9620-5998c6999257: shutdown FollowerState
2019-10-18 14:01:37,773 [Thread-923] INFO  impl.RaftServerImpl (RaftServerImpl.java:setRole(184)) - 92ce6e48-4722-407a-9620-5998c6999257@group-E964BE911FCC: changes role from  FOLLOWER to CANDIDATE at term 111 for changeToCandidate
2019-10-18 14:01:37,774 [Thread-923] INFO  impl.RoleInfo (RoleInfo.java:updateAndGet(143)) - 92ce6e48-4722-407a-9620-5998c6999257: start LeaderElection
2019-10-18 14:01:37,787 [92ce6e48-4722-407a-9620-5998c6999257@group-E964BE911FCC-LeaderElection109] INFO  impl.LeaderElection (LeaderElection.java:askForVotes(178)) - 92ce6e48-4722-407a-9620-5998c6999257@group-E964BE911FCC-LeaderElection109: begin an election at term 112 for -1: [6cbfae60-ea29-4abc-a49d-ef94f4bd513a:192.168.69.85:36685, 66f9d00c-1e97-4252-958c-bed5a531abda:192.168.69.85:45996, 92ce6e48-4722-407a-9620-5998c6999257:192.168.69.85:34971], old=null
2019-10-18 14:01:37,790 [grpc-default-executor-4] INFO  impl.RaftServerImpl (RaftServerImpl.java:setRole(184)) - 6cbfae60-ea29-4abc-a49d-ef94f4bd513a@group-E964BE911FCC: changes role from  FOLLOWER to FOLLOWER at term 112 for recognizeCandidate:92ce6e48-4722-407a-9620-5998c6999257
2019-10-18 14:01:37,790 [grpc-default-executor-4] INFO  impl.RoleInfo (RoleInfo.java:shutdownFollowerState(121)) - 6cbfae60-ea29-4abc-a49d-ef94f4bd513a: shutdown FollowerState
2019-10-18 14:01:37,790 [grpc-default-executor-4] INFO  impl.RoleInfo (RoleInfo.java:updateAndGet(143)) - 6cbfae60-ea29-4abc-a49d-ef94f4bd513a: start FollowerState
2019-10-18 14:01:37,790 [Thread-921] INFO  impl.FollowerState (FollowerState.java:run(117)) - 6cbfae60-ea29-4abc-a49d-ef94f4bd513a@group-E964BE911FCC-FollowerState was interrupted: java.lang.InterruptedException: sleep interrupted
2019-10-18 14:01:37,790 [grpc-default-executor-0] INFO  impl.RaftServerImpl (RaftServerImpl.java:setRole(184)) - 66f9d00c-1e97-4252-958c-bed5a531abda@group-E964BE911FCC: changes role from  FOLLOWER to FOLLOWER at term 112 for recognizeCandidate:92ce6e48-4722-407a-9620-5998c6999257
2019-10-18 14:01:37,791 [grpc-default-executor-0] INFO  impl.RoleInfo (RoleInfo.java:shutdownFollowerState(121)) - 66f9d00c-1e97-4252-958c-bed5a531abda: shutdown FollowerState
2019-10-18 14:01:37,791 [grpc-default-executor-0] INFO  impl.RoleInfo (RoleInfo.java:updateAndGet(143)) - 66f9d00c-1e97-4252-958c-bed5a531abda: start FollowerState
2019-10-18 14:01:37,791 [Thread-922] INFO  impl.FollowerState (FollowerState.java:run(117)) - 66f9d00c-1e97-4252-958c-bed5a531abda@group-E964BE911FCC-FollowerState was interrupted: java.lang.InterruptedException: sleep interrupted
2019-10-18 14:01:37,804 [92ce6e48-4722-407a-9620-5998c6999257@group-E964BE911FCC-LeaderElection109] INFO  impl.LeaderElection (LeaderElection.java:logAndReturn(56)) - 92ce6e48-4722-407a-9620-5998c6999257@group-E964BE911FCC-LeaderElection109: Election REJECTED; received 2 response(s) [92ce6e48-4722-407a-9620-5998c6999257<-6cbfae60-ea29-4abc-a49d-ef94f4bd513a#0:FAIL-t112, 92ce6e48-4722-407a-9620-5998c6999257<-66f9d00c-1e97-4252-958c-bed5a531abda#0:FAIL-t112] and 0 exception(s); 92ce6e48-4722-407a-9620-5998c6999257@group-E964BE911FCC:t112, leader=null, voted=92ce6e48-4722-407a-9620-5998c6999257, raftlog=92ce6e48-4722-407a-9620-5998c6999257@group-E964BE911FCC-SegmentedRaftLog:OPENED:c-1,f-1,i0, conf=-1: [6cbfae60-ea29-4abc-a49d-ef94f4bd513a:192.168.69.85:36685, 66f9d00c-1e97-4252-958c-bed5a531abda:192.168.69.85:45996, 92ce6e48-4722-407a-9620-5998c6999257:192.168.69.85:34971], old=null
2019-10-18 14:01:37,805 [92ce6e48-4722-407a-9620-5998c6999257@group-E964BE911FCC-LeaderElection109] INFO  impl.RaftServerImpl (RaftServerImpl.java:setRole(184)) - 92ce6e48-4722-407a-9620-5998c6999257@group-E964BE911FCC: changes role from CANDIDATE to FOLLOWER at term 112 for DISCOVERED_A_NEW_TERM
2019-10-18 14:01:37,805 [92ce6e48-4722-407a-9620-5998c6999257@group-E964BE911FCC-LeaderElection109] INFO  impl.RoleInfo (RoleInfo.java:shutdownLeaderElection(134)) - 92ce6e48-4722-407a-9620-5998c6999257: shutdown LeaderElection
2019-10-18 14:01:37,805 [92ce6e48-4722-407a-9620-5998c6999257@group-E964BE911FCC-LeaderElection109] INFO  impl.RoleInfo (RoleInfo.java:updateAndGet(143)) - 92ce6e48-4722-407a-9620-5998c6999257: start FollowerState
2019-10-18 14:01:37,978 [Thread-929] INFO  impl.FollowerState (FollowerState.java:run(108)) - 92ce6e48-4722-407a-9620-5998c6999257@group-E964BE911FCC-FollowerState: change to CANDIDATE, lastRpcTime:173ms, electionTimeout:173ms
2019-10-18 14:01:37,978 [Thread-929] INFO  impl.RoleInfo (RoleInfo.java:shutdownFollowerState(121)) - 92ce6e48-4722-407a-9620-5998c6999257: shutdown FollowerState
2019-10-18 14:01:37,979 [Thread-929] INFO  impl.RaftServerImpl (RaftServerImpl.java:setRole(184)) - 92ce6e48-4722-407a-9620-5998c6999257@group-E964BE911FCC: changes role from  FOLLOWER to CANDIDATE at term 112 for changeToCandidate
2019-10-18 14:01:37,979 [Thread-929] INFO  impl.RoleInfo (RoleInfo.java:updateAndGet(143)) - 92ce6e48-4722-407a-9620-5998c6999257: start LeaderElection
2019-10-18 14:01:38,005 [92ce6e48-4722-407a-9620-5998c6999257@group-E964BE911FCC-LeaderElection110] INFO  impl.LeaderElection (LeaderElection.java:askForVotes(178)) - 92ce6e48-4722-407a-9620-5998c6999257@group-E964BE911FCC-LeaderElection110: begin an election at term 113 for -1: [6cbfae60-ea29-4abc-a49d-ef94f4bd513a:192.168.69.85:36685, 66f9d00c-1e97-4252-958c-bed5a531abda:192.168.69.85:45996, 92ce6e48-4722-407a-9620-5998c6999257:192.168.69.85:34971], old=null
2019-10-18 14:01:38,007 [grpc-default-executor-0] INFO  impl.RaftServerImpl (RaftServerImpl.java:setRole(184)) - 6cbfae60-ea29-4abc-a49d-ef94f4bd513a@group-E964BE911FCC: changes role from  FOLLOWER to FOLLOWER at term 113 for recognizeCandidate:92ce6e48-4722-407a-9620-5998c6999257
2019-10-18 14:01:38,007 [grpc-default-executor-4] INFO  impl.RaftServerImpl (RaftServerImpl.java:setRole(184)) - 66f9d00c-1e97-4252-958c-bed5a531abda@group-E964BE911FCC: changes role from  FOLLOWER to FOLLOWER at term 113 for recognizeCandidate:92ce6e48-4722-407a-9620-5998c6999257
2019-10-18 14:01:38,008 [grpc-default-executor-0] INFO  impl.RoleInfo (RoleInfo.java:shutdownFollowerState(121)) - 6cbfae60-ea29-4abc-a49d-ef94f4bd513a: shutdown FollowerState
2019-10-18 14:01:38,008 [grpc-default-executor-4] INFO  impl.RoleInfo (RoleInfo.java:shutdownFollowerState(121)) - 66f9d00c-1e97-4252-958c-bed5a531abda: shutdown FollowerState
2019-10-18 14:01:38,008 [Thread-927] INFO  impl.FollowerState (FollowerState.java:run(117)) - 6cbfae60-ea29-4abc-a49d-ef94f4bd513a@group-E964BE911FCC-FollowerState was interrupted: java.lang.InterruptedException: sleep interrupted
2019-10-18 14:01:38,008 [grpc-default-executor-0] INFO  impl.RoleInfo (RoleInfo.java:updateAndGet(143)) - 6cbfae60-ea29-4abc-a49d-ef94f4bd513a: start FollowerState
2019-10-18 14:01:38,008 [Thread-928] INFO  impl.FollowerState (FollowerState.java:run(117)) - 66f9d00c-1e97-4252-958c-bed5a531abda@group-E964BE911FCC-FollowerState was interrupted: java.lang.InterruptedException: sleep interrupted
2019-10-18 14:01:38,008 [grpc-default-executor-4] INFO  impl.RoleInfo (RoleInfo.java:updateAndGet(143)) - 66f9d00c-1e97-4252-958c-bed5a531abda: start FollowerState
2019-10-18 14:01:38,028 [92ce6e48-4722-407a-9620-5998c6999257@group-E964BE911FCC-LeaderElection110] INFO  impl.LeaderElection (LeaderElection.java:logAndReturn(56)) - 92ce6e48-4722-407a-9620-5998c6999257@group-E964BE911FCC-LeaderElection110: Election REJECTED; received 2 response(s) [92ce6e48-4722-407a-9620-5998c6999257<-6cbfae60-ea29-4abc-a49d-ef94f4bd513a#0:FAIL-t113, 92ce6e48-4722-407a-9620-5998c6999257<-66f9d00c-1e97-4252-958c-bed5a531abda#0:FAIL-t113] and 0 exception(s); 92ce6e48-4722-407a-9620-5998c6999257@group-E964BE911FCC:t113, leader=null, voted=92ce6e48-4722-407a-9620-5998c6999257, raftlog=92ce6e48-4722-407a-9620-5998c6999257@group-E964BE911FCC-SegmentedRaftLog:OPENED:c-1,f-1,i0, conf=-1: [6cbfae60-ea29-4abc-a49d-ef94f4bd513a:192.168.69.85:36685, 66f9d00c-1e97-4252-958c-bed5a531abda:192.168.69.85:45996, 92ce6e48-4722-407a-9620-5998c6999257:192.168.69.85:34971], old=null
2019-10-18 14:01:38,029 [92ce6e48-4722-407a-9620-5998c6999257@group-E964BE911FCC-LeaderElection110] INFO  impl.RaftServerImpl (RaftServerImpl.java:setRole(184)) - 92ce6e48-4722-407a-9620-5998c6999257@group-E964BE911FCC: changes role from CANDIDATE to FOLLOWER at term 113 for DISCOVERED_A_NEW_TERM
2019-10-18 14:01:38,029 [92ce6e48-4722-407a-9620-5998c6999257@group-E964BE911FCC-LeaderElection110] INFO  impl.RoleInfo (RoleInfo.java:shutdownLeaderElection(134)) - 92ce6e48-4722-407a-9620-5998c6999257: shutdown LeaderElection
2019-10-18 14:01:38,030 [92ce6e48-4722-407a-9620-5998c6999257@group-E964BE911FCC-LeaderElection110] INFO  impl.RoleInfo (RoleInfo.java:updateAndGet(143)) - 92ce6e48-4722-407a-9620-5998c6999257: start FollowerState
2019-10-18 14:01:38,213 [Thread-937] INFO  impl.FollowerState (FollowerState.java:run(108)) - 92ce6e48-4722-407a-9620-5998c6999257@group-E964BE911FCC-FollowerState: change to CANDIDATE, lastRpcTime:183ms, electionTimeout:183ms
2019-10-18 14:01:38,213 [Thread-937] INFO  impl.RoleInfo (RoleInfo.java:shutdownFollowerState(121)) - 92ce6e48-4722-407a-9620-5998c6999257: shutdown FollowerState
2019-10-18 14:01:38,213 [Thread-937] INFO  impl.RaftServerImpl (RaftServerImpl.java:setRole(184)) - 92ce6e48-4722-407a-9620-5998c6999257@group-E964BE911FCC: changes role from  FOLLOWER to CANDIDATE at term 113 for changeToCandidate
2019-10-18 14:01:38,213 [Thread-937] INFO  impl.RoleInfo (RoleInfo.java:updateAndGet(143)) - 92ce6e48-4722-407a-9620-5998c6999257: start LeaderElection
2019-10-18 14:01:38,227 [92ce6e48-4722-407a-9620-5998c6999257@group-E964BE911FCC-LeaderElection111] INFO  impl.LeaderElection (LeaderElection.java:askForVotes(178)) - 92ce6e48-4722-407a-9620-5998c6999257@group-E964BE911FCC-LeaderElection111: begin an election at term 114 for -1: [6cbfae60-ea29-4abc-a49d-ef94f4bd513a:192.168.69.85:36685, 66f9d00c-1e97-4252-958c-bed5a531abda:192.168.69.85:45996, 92ce6e48-4722-407a-9620-5998c6999257:192.168.69.85:34971], old=null
2019-10-18 14:01:38,231 [grpc-default-executor-1] INFO  impl.RaftServerImpl (RaftServerImpl.java:setRole(184)) - 66f9d00c-1e97-4252-958c-bed5a531abda@group-E964BE911FCC: changes role from  FOLLOWER to FOLLOWER at term 114 for recognizeCandidate:92ce6e48-4722-407a-9620-5998c6999257
2019-10-18 14:01:38,231 [grpc-default-executor-0] INFO  impl.RaftServerImpl (RaftServerImpl.java:setRole(184)) - 6cbfae60-ea29-4abc-a49d-ef94f4bd513a@group-E964BE911FCC: changes role from  FOLLOWER to FOLLOWER at term 114 for recognizeCandidate:92ce6e48-4722-407a-9620-5998c6999257
2019-10-18 14:01:38,231 [grpc-default-executor-1] INFO  impl.RoleInfo (RoleInfo.java:shutdownFollowerState(121)) - 66f9d00c-1e97-4252-958c-bed5a531abda: shutdown FollowerState
2019-10-18 14:01:38,231 [grpc-default-executor-0] INFO  impl.RoleInfo (RoleInfo.java:shutdownFollowerState(121)) - 6cbfae60-ea29-4abc-a49d-ef94f4bd513a: shutdown FollowerState
2019-10-18 14:01:38,231 [Thread-934] INFO  impl.FollowerState (FollowerState.java:run(117)) - 66f9d00c-1e97-4252-958c-bed5a531abda@group-E964BE911FCC-FollowerState was interrupted: java.lang.InterruptedException: sleep interrupted
2019-10-18 14:01:38,231 [Thread-933] INFO  impl.FollowerState (FollowerState.java:run(117)) - 6cbfae60-ea29-4abc-a49d-ef94f4bd513a@group-E964BE911FCC-FollowerState was interrupted: java.lang.InterruptedException: sleep interrupted
2019-10-18 14:01:38,231 [grpc-default-executor-1] INFO  impl.RoleInfo (RoleInfo.java:updateAndGet(143)) - 66f9d00c-1e97-4252-958c-bed5a531abda: start FollowerState
2019-10-18 14:01:38,231 [grpc-default-executor-0] INFO  impl.RoleInfo (RoleInfo.java:updateAndGet(143)) - 6cbfae60-ea29-4abc-a49d-ef94f4bd513a: start FollowerState
2019-10-18 14:01:38,237 [92ce6e48-4722-407a-9620-5998c6999257@group-E964BE911FCC-LeaderElection111] INFO  impl.LeaderElection (LeaderElection.java:logAndReturn(56)) - 92ce6e48-4722-407a-9620-5998c6999257@group-E964BE911FCC-LeaderElection111: Election TIMEOUT; received 0 response(s) [] and 0 exception(s); 92ce6e48-4722-407a-9620-5998c6999257@group-E964BE911FCC:t114, leader=null, voted=92ce6e48-4722-407a-9620-5998c6999257, raftlog=92ce6e48-4722-407a-9620-5998c6999257@group-E964BE911FCC-SegmentedRaftLog:OPENED:c-1,f-1,i0, conf=-1: [6cbfae60-ea29-4abc-a49d-ef94f4bd513a:192.168.69.85:36685, 66f9d00c-1e97-4252-958c-bed5a531abda:192.168.69.85:45996, 92ce6e48-4722-407a-9620-5998c6999257:192.168.69.85:34971], old=null
2019-10-18 14:01:38,246 [92ce6e48-4722-407a-9620-5998c6999257@group-E964BE911FCC-LeaderElection111] INFO  impl.LeaderElection (LeaderElection.java:askForVotes(178)) - 92ce6e48-4722-407a-9620-5998c6999257@group-E964BE911FCC-LeaderElection111: begin an election at term 115 for -1: [6cbfae60-ea29-4abc-a49d-ef94f4bd513a:192.168.69.85:36685, 66f9d00c-1e97-4252-958c-bed5a531abda:192.168.69.85:45996, 92ce6e48-4722-407a-9620-5998c6999257:192.168.69.85:34971], old=null
2019-10-18 14:01:38,248 [grpc-default-executor-1] INFO  impl.RaftServerImpl (RaftServerImpl.java:setRole(184)) - 66f9d00c-1e97-4252-958c-bed5a531abda@group-E964BE911FCC: changes role from  FOLLOWER to FOLLOWER at term 115 for recognizeCandidate:92ce6e48-4722-407a-9620-5998c6999257
2019-10-18 14:01:38,249 [grpc-default-executor-1] INFO  impl.RoleInfo (RoleInfo.java:shutdownFollowerState(121)) - 66f9d00c-1e97-4252-958c-bed5a531abda: shutdown FollowerState
2019-10-18 14:01:38,248 [grpc-default-executor-0] INFO  impl.RaftServerImpl (RaftServerImpl.java:setRole(184)) - 6cbfae60-ea29-4abc-a49d-ef94f4bd513a@group-E964BE911FCC: changes role from  FOLLOWER to FOLLOWER at term 115 for recognizeCandidate:92ce6e48-4722-407a-9620-5998c6999257
2019-10-18 14:01:38,249 [Thread-941] INFO  impl.FollowerState (FollowerState.java:run(117)) - 66f9d00c-1e97-4252-958c-bed5a531abda@group-E964BE911FCC-FollowerState was interrupted: java.lang.InterruptedException: sleep interrupted
2019-10-18 14:01:38,249 [grpc-default-executor-1] INFO  impl.RoleInfo (RoleInfo.java:updateAndGet(143)) - 66f9d00c-1e97-4252-958c-bed5a531abda: start FollowerState
2019-10-18 14:01:38,249 [grpc-default-executor-0] INFO  impl.RoleInfo (RoleInfo.java:shutdownFollowerState(121)) - 6cbfae60-ea29-4abc-a49d-ef94f4bd513a: shutdown FollowerState
2019-10-18 14:01:38,249 [Thread-942] INFO  impl.FollowerState (FollowerState.java:run(117)) - 6cbfae60-ea29-4abc-a49d-ef94f4bd513a@group-E964BE911FCC-FollowerState was interrupted: java.lang.InterruptedException: sleep interrupted
2019-10-18 14:01:38,249 [grpc-default-executor-0] INFO  impl.RoleInfo (RoleInfo.java:updateAndGet(143)) - 6cbfae60-ea29-4abc-a49d-ef94f4bd513a: start FollowerState
2019-10-18 14:01:38,256 [92ce6e48-4722-407a-9620-5998c6999257@group-E964BE911FCC-LeaderElection111] INFO  impl.LeaderElection (LeaderElection.java:logAndReturn(56)) - 92ce6e48-4722-407a-9620-5998c6999257@group-E964BE911FCC-LeaderElection111: Election TIMEOUT; received 0 response(s) [] and 0 exception(s); 92ce6e48-4722-407a-9620-5998c6999257@group-E964BE911FCC:t115, leader=null, voted=92ce6e48-4722-407a-9620-5998c6999257, raftlog=92ce6e48-4722-407a-9620-5998c6999257@group-E964BE911FCC-SegmentedRaftLog:OPENED:c-1,f-1,i0, conf=-1: [6cbfae60-ea29-4abc-a49d-ef94f4bd513a:192.168.69.85:36685, 66f9d00c-1e97-4252-958c-bed5a531abda:192.168.69.85:45996, 92ce6e48-4722-407a-9620-5998c6999257:192.168.69.85:34971], old=null
2019-10-18 14:01:38,264 [92ce6e48-4722-407a-9620-5998c6999257@group-E964BE911FCC-LeaderElection111] INFO  impl.LeaderElection (LeaderElection.java:askForVotes(178)) - 92ce6e48-4722-407a-9620-5998c6999257@group-E964BE911FCC-LeaderElection111: begin an election at term 116 for -1: [6cbfae60-ea29-4abc-a49d-ef94f4bd513a:192.168.69.85:36685, 66f9d00c-1e97-4252-958c-bed5a531abda:192.168.69.85:45996, 92ce6e48-4722-407a-9620-5998c6999257:192.168.69.85:34971], old=null
2019-10-18 14:01:38,266 [grpc-default-executor-0] INFO  impl.RaftServerImpl (RaftServerImpl.java:setRole(184)) - 6cbfae60-ea29-4abc-a49d-ef94f4bd513a@group-E964BE911FCC: changes role from  FOLLOWER to FOLLOWER at term 116 for recognizeCandidate:92ce6e48-4722-407a-9620-5998c6999257
2019-10-18 14:01:38,266 [grpc-default-executor-1] INFO  impl.RaftServerImpl (RaftServerImpl.java:setRole(184)) - 66f9d00c-1e97-4252-958c-bed5a531abda@group-E964BE911FCC: changes role from  FOLLOWER to FOLLOWER at term 116 for recognizeCandidate:92ce6e48-4722-407a-9620-5998c6999257
2019-10-18 14:01:38,266 [grpc-default-executor-0] INFO  impl.RoleInfo (RoleInfo.java:shutdownFollowerState(121)) - 6cbfae60-ea29-4abc-a49d-ef94f4bd513a: shutdown FollowerState
2019-10-18 14:01:38,266 [grpc-default-executor-1] INFO  impl.RoleInfo (RoleInfo.java:shutdownFollowerState(121)) - 66f9d00c-1e97-4252-958c-bed5a531abda: shutdown FollowerState
2019-10-18 14:01:38,267 [Thread-946] INFO  impl.FollowerState (FollowerState.java:run(117)) - 6cbfae60-ea29-4abc-a49d-ef94f4bd513a@group-E964BE911FCC-FollowerState was interrupted: java.lang.InterruptedException: sleep interrupted
2019-10-18 14:01:38,267 [grpc-default-executor-0] INFO  impl.RoleInfo (RoleInfo.java:updateAndGet(143)) - 6cbfae60-ea29-4abc-a49d-ef94f4bd513a: start FollowerState
2019-10-18 14:01:38,267 [Thread-945] INFO  impl.FollowerState (FollowerState.java:run(117)) - 66f9d00c-1e97-4252-958c-bed5a531abda@group-E964BE911FCC-FollowerState was interrupted: java.lang.InterruptedException: sleep interrupted
2019-10-18 14:01:38,267 [grpc-default-executor-1] INFO  impl.RoleInfo (RoleInfo.java:updateAndGet(143)) - 66f9d00c-1e97-4252-958c-bed5a531abda: start FollowerState
2019-10-18 14:01:38,282 [92ce6e48-4722-407a-9620-5998c6999257@group-E964BE911FCC-LeaderElection111] INFO  impl.LeaderElection (LeaderElection.java:logAndReturn(56)) - 92ce6e48-4722-407a-9620-5998c6999257@group-E964BE911FCC-LeaderElection111: Election REJECTED; received 2 response(s) [92ce6e48-4722-407a-9620-5998c6999257<-6cbfae60-ea29-4abc-a49d-ef94f4bd513a#0:FAIL-t116, 92ce6e48-4722-407a-9620-5998c6999257<-66f9d00c-1e97-4252-958c-bed5a531abda#0:FAIL-t116] and 0 exception(s); 92ce6e48-4722-407a-9620-5998c6999257@group-E964BE911FCC:t116, leader=null, voted=92ce6e48-4722-407a-9620-5998c6999257, raftlog=92ce6e48-4722-407a-9620-5998c6999257@group-E964BE911FCC-SegmentedRaftLog:OPENED:c-1,f-1,i0, conf=-1: [6cbfae60-ea29-4abc-a49d-ef94f4bd513a:192.168.69.85:36685, 66f9d00c-1e97-4252-958c-bed5a531abda:192.168.69.85:45996, 92ce6e48-4722-407a-9620-5998c6999257:192.168.69.85:34971], old=null
2019-10-18 14:01:38,282 [92ce6e48-4722-407a-9620-5998c6999257@group-E964BE911FCC-LeaderElection111] INFO  impl.RaftServerImpl (RaftServerImpl.java:setRole(184)) - 92ce6e48-4722-407a-9620-5998c6999257@group-E964BE911FCC: changes role from CANDIDATE to FOLLOWER at term 116 for DISCOVERED_A_NEW_TERM
2019-10-18 14:01:38,282 [92ce6e48-4722-407a-9620-5998c6999257@group-E964BE911FCC-LeaderElection111] INFO  impl.RoleInfo (RoleInfo.java:shutdownLeaderElection(134)) - 92ce6e48-4722-407a-9620-5998c6999257: shutdown LeaderElection
2019-10-18 14:01:38,282 [92ce6e48-4722-407a-9620-5998c6999257@group-E964BE911FCC-LeaderElection111] INFO  impl.RoleInfo (RoleInfo.java:updateAndGet(143)) - 92ce6e48-4722-407a-9620-5998c6999257: start FollowerState
2019-10-18 14:01:38,347 [Thread-951] INFO  impl.FollowerState (FollowerState.java:run(108)) - 92ce6e48-4722-407a-9620-5998c6999257@group-E964BE911FCC-FollowerState: change to CANDIDATE, lastRpcTime:64ms, electionTimeout:64ms
2019-10-18 14:01:38,347 [Thread-951] INFO  impl.RoleInfo (RoleInfo.java:shutdownFollowerState(121)) - 92ce6e48-4722-407a-9620-5998c6999257: shutdown FollowerState
2019-10-18 14:01:38,347 [Thread-951] INFO  impl.RaftServerImpl (RaftServerImpl.java:setRole(184)) - 92ce6e48-4722-407a-9620-5998c6999257@group-E964BE911FCC: changes role from  FOLLOWER to CANDIDATE at term 116 for changeToCandidate
2019-10-18 14:01:38,347 [Thread-951] INFO  impl.RoleInfo (RoleInfo.java:updateAndGet(143)) - 92ce6e48-4722-407a-9620-5998c6999257: start LeaderElection
2019-10-18 14:01:38,361 [92ce6e48-4722-407a-9620-5998c6999257@group-E964BE911FCC-LeaderElection112] INFO  impl.LeaderElection (LeaderElection.java:askForVotes(178)) - 92ce6e48-4722-407a-9620-5998c6999257@group-E964BE911FCC-LeaderElection112: begin an election at term 117 for -1: [6cbfae60-ea29-4abc-a49d-ef94f4bd513a:192.168.69.85:36685, 66f9d00c-1e97-4252-958c-bed5a531abda:192.168.69.85:45996, 92ce6e48-4722-407a-9620-5998c6999257:192.168.69.85:34971], old=null
2019-10-18 14:01:38,364 [grpc-default-executor-0] INFO  impl.RaftServerImpl (RaftServerImpl.java:setRole(184)) - 6cbfae60-ea29-4abc-a49d-ef94f4bd513a@group-E964BE911FCC: changes role from  FOLLOWER to FOLLOWER at term 117 for recognizeCandidate:92ce6e48-4722-407a-9620-5998c6999257
2019-10-18 14:01:38,364 [grpc-default-executor-0] INFO  impl.RoleInfo (RoleInfo.java:shutdownFollowerState(121)) - 6cbfae60-ea29-4abc-a49d-ef94f4bd513a: shutdown FollowerState
2019-10-18 14:01:38,364 [grpc-default-executor-1] INFO  impl.RaftServerImpl (RaftServerImpl.java:setRole(184)) - 66f9d00c-1e97-4252-958c-bed5a531abda@group-E964BE911FCC: changes role from  FOLLOWER to FOLLOWER at term 117 for recognizeCandidate:92ce6e48-4722-407a-9620-5998c6999257
2019-10-18 14:01:38,365 [Thread-949] INFO  impl.FollowerState (FollowerState.java:run(117)) - 6cbfae60-ea29-4abc-a49d-ef94f4bd513a@group-E964BE911FCC-FollowerState was interrupted: java.lang.InterruptedException: sleep interrupted
2019-10-18 14:01:38,365 [grpc-default-executor-0] INFO  impl.RoleInfo (RoleInfo.java:updateAndGet(143)) - 6cbfae60-ea29-4abc-a49d-ef94f4bd513a: start FollowerState
2019-10-18 14:01:38,365 [grpc-default-executor-1] INFO  impl.RoleInfo (RoleInfo.java:shutdownFollowerState(121)) - 66f9d00c-1e97-4252-958c-bed5a531abda: shutdown FollowerState
2019-10-18 14:01:38,365 [grpc-default-executor-1] INFO  impl.RoleInfo (RoleInfo.java:updateAndGet(143)) - 66f9d00c-1e97-4252-958c-bed5a531abda: start FollowerState
2019-10-18 14:01:38,365 [Thread-950] INFO  impl.FollowerState (FollowerState.java:run(117)) - 66f9d00c-1e97-4252-958c-bed5a531abda@group-E964BE911FCC-FollowerState was interrupted: java.lang.InterruptedException: sleep interrupted
2019-10-18 14:01:38,416 [92ce6e48-4722-407a-9620-5998c6999257@group-E964BE911FCC-LeaderElection112] INFO  impl.LeaderElection (LeaderElection.java:logAndReturn(56)) - 92ce6e48-4722-407a-9620-5998c6999257@group-E964BE911FCC-LeaderElection112: Election REJECTED; received 2 response(s) [92ce6e48-4722-407a-9620-5998c6999257<-6cbfae60-ea29-4abc-a49d-ef94f4bd513a#0:FAIL-t117, 92ce6e48-4722-407a-9620-5998c6999257<-66f9d00c-1e97-4252-958c-bed5a531abda#0:FAIL-t117] and 0 exception(s); 92ce6e48-4722-407a-9620-5998c6999257@group-E964BE911FCC:t117, leader=null, voted=92ce6e48-4722-407a-9620-5998c6999257, raftlog=92ce6e48-4722-407a-9620-5998c6999257@group-E964BE911FCC-SegmentedRaftLog:OPENED:c-1,f-1,i0, conf=-1: [6cbfae60-ea29-4abc-a49d-ef94f4bd513a:192.168.69.85:36685, 66f9d00c-1e97-4252-958c-bed5a531abda:192.168.69.85:45996, 92ce6e48-4722-407a-9620-5998c6999257:192.168.69.85:34971], old=null
2019-10-18 14:01:38,416 [92ce6e48-4722-407a-9620-5998c6999257@group-E964BE911FCC-LeaderElection112] INFO  impl.RaftServerImpl (RaftServerImpl.java:setRole(184)) - 92ce6e48-4722-407a-9620-5998c6999257@group-E964BE911FCC: changes role from CANDIDATE to FOLLOWER at term 117 for DISCOVERED_A_NEW_TERM
2019-10-18 14:01:38,416 [92ce6e48-4722-407a-9620-5998c6999257@group-E964BE911FCC-LeaderElection112] INFO  impl.RoleInfo (RoleInfo.java:shutdownLeaderElection(134)) - 92ce6e48-4722-407a-9620-5998c6999257: shutdown LeaderElection
2019-10-18 14:01:38,417 [92ce6e48-4722-407a-9620-5998c6999257@group-E964BE911FCC-LeaderElection112] INFO  impl.RoleInfo (RoleInfo.java:updateAndGet(143)) - 92ce6e48-4722-407a-9620-5998c6999257: start FollowerState
2019-10-18 14:01:38,552 [Thread-957] INFO  impl.FollowerState (FollowerState.java:run(108)) - 92ce6e48-4722-407a-9620-5998c6999257@group-E964BE911FCC-FollowerState: change to CANDIDATE, lastRpcTime:135ms, electionTimeout:135ms
2019-10-18 14:01:38,552 [Thread-957] INFO  impl.RoleInfo (RoleInfo.java:shutdownFollowerState(121)) - 92ce6e48-4722-407a-9620-5998c6999257: shutdown FollowerState
2019-10-18 14:01:38,552 [Thread-957] INFO  impl.RaftServerImpl (RaftServerImpl.java:setRole(184)) - 92ce6e48-4722-407a-9620-5998c6999257@group-E964BE911FCC: changes role from  FOLLOWER to CANDIDATE at term 117 for changeToCandidate
2019-10-18 14:01:38,553 [Thread-957] INFO  impl.RoleInfo (RoleInfo.java:updateAndGet(143)) - 92ce6e48-4722-407a-9620-5998c6999257: start LeaderElection
2019-10-18 14:01:38,567 [92ce6e48-4722-407a-9620-5998c6999257@group-E964BE911FCC-LeaderElection113] INFO  impl.LeaderElection (LeaderElection.java:askForVotes(178)) - 92ce6e48-4722-407a-9620-5998c6999257@group-E964BE911FCC-LeaderElection113: begin an election at term 118 for -1: [6cbfae60-ea29-4abc-a49d-ef94f4bd513a:192.168.69.85:36685, 66f9d00c-1e97-4252-958c-bed5a531abda:192.168.69.85:45996, 92ce6e48-4722-407a-9620-5998c6999257:192.168.69.85:34971], old=null
2019-10-18 14:01:38,569 [grpc-default-executor-0] INFO  impl.RaftServerImpl (RaftServerImpl.java:setRole(184)) - 6cbfae60-ea29-4abc-a49d-ef94f4bd513a@group-E964BE911FCC: changes role from  FOLLOWER to FOLLOWER at term 118 for recognizeCandidate:92ce6e48-4722-407a-9620-5998c6999257
2019-10-18 14:01:38,570 [grpc-default-executor-0] INFO  impl.RoleInfo (RoleInfo.java:shutdownFollowerState(121)) - 6cbfae60-ea29-4abc-a49d-ef94f4bd513a: shutdown FollowerState
2019-10-18 14:01:38,570 [grpc-default-executor-1] INFO  impl.RaftServerImpl (RaftServerImpl.java:setRole(184)) - 66f9d00c-1e97-4252-958c-bed5a531abda@group-E964BE911FCC: changes role from  FOLLOWER to FOLLOWER at term 118 for recognizeCandidate:92ce6e48-4722-407a-9620-5998c6999257
2019-10-18 14:01:38,570 [grpc-default-executor-1] INFO  impl.RoleInfo (RoleInfo.java:shutdownFollowerState(121)) - 66f9d00c-1e97-4252-958c-bed5a531abda: shutdown FollowerState
2019-10-18 14:01:38,570 [Thread-955] INFO  impl.FollowerState (FollowerState.java:run(117)) - 6cbfae60-ea29-4abc-a49d-ef94f4bd513a@group-E964BE911FCC-FollowerState was interrupted: java.lang.InterruptedException: sleep interrupted
2019-10-18 14:01:38,570 [Thread-956] INFO  impl.FollowerState (FollowerState.java:run(117)) - 66f9d00c-1e97-4252-958c-bed5a531abda@group-E964BE911FCC-FollowerState was interrupted: java.lang.InterruptedException: sleep interrupted
2019-10-18 14:01:38,570 [grpc-default-executor-0] INFO  impl.RoleInfo (RoleInfo.java:updateAndGet(143)) - 6cbfae60-ea29-4abc-a49d-ef94f4bd513a: start FollowerState
2019-10-18 14:01:38,570 [grpc-default-executor-1] INFO  impl.RoleInfo (RoleInfo.java:updateAndGet(143)) - 66f9d00c-1e97-4252-958c-bed5a531abda: start FollowerState
2019-10-18 14:01:38,587 [92ce6e48-4722-407a-9620-5998c6999257@group-E964BE911FCC-LeaderElection113] INFO  impl.LeaderElection (LeaderElection.java:logAndReturn(56)) - 92ce6e48-4722-407a-9620-5998c6999257@group-E964BE911FCC-LeaderElection113: Election REJECTED; received 2 response(s) [92ce6e48-4722-407a-9620-5998c6999257<-6cbfae60-ea29-4abc-a49d-ef94f4bd513a#0:FAIL-t118, 92ce6e48-4722-407a-9620-5998c6999257<-66f9d00c-1e97-4252-958c-bed5a531abda#0:FAIL-t118] and 0 exception(s); 92ce6e48-4722-407a-9620-5998c6999257@group-E964BE911FCC:t118, leader=null, voted=92ce6e48-4722-407a-9620-5998c6999257, raftlog=92ce6e48-4722-407a-9620-5998c6999257@group-E964BE911FCC-SegmentedRaftLog:OPENED:c-1,f-1,i0, conf=-1: [6cbfae60-ea29-4abc-a49d-ef94f4bd513a:192.168.69.85:36685, 66f9d00c-1e97-4252-958c-bed5a531abda:192.168.69.85:45996, 92ce6e48-4722-407a-9620-5998c6999257:192.168.69.85:34971], old=null
2019-10-18 14:01:38,587 [92ce6e48-4722-407a-9620-5998c6999257@group-E964BE911FCC-LeaderElection113] INFO  impl.RaftServerImpl (RaftServerImpl.java:setRole(184)) - 92ce6e48-4722-407a-9620-5998c6999257@group-E964BE911FCC: changes role from CANDIDATE to FOLLOWER at term 118 for DISCOVERED_A_NEW_TERM
2019-10-18 14:01:38,587 [92ce6e48-4722-407a-9620-5998c6999257@group-E964BE911FCC-LeaderElection113] INFO  impl.RoleInfo (RoleInfo.java:shutdownLeaderElection(134)) - 92ce6e48-4722-407a-9620-5998c6999257: shutdown LeaderElection
2019-10-18 14:01:38,588 [92ce6e48-4722-407a-9620-5998c6999257@group-E964BE911FCC-LeaderElection113] INFO  impl.RoleInfo (RoleInfo.java:updateAndGet(143)) - 92ce6e48-4722-407a-9620-5998c6999257: start FollowerState
2019-10-18 14:01:38,611 [Thread-963] INFO  impl.FollowerState (FollowerState.java:run(108)) - 92ce6e48-4722-407a-9620-5998c6999257@group-E964BE911FCC-FollowerState: change to CANDIDATE, lastRpcTime:23ms, electionTimeout:23ms
2019-10-18 14:01:38,611 [Thread-963] INFO  impl.RoleInfo (RoleInfo.java:shutdownFollowerState(121)) - 92ce6e48-4722-407a-9620-5998c6999257: shutdown FollowerState
2019-10-18 14:01:38,611 [Thread-963] INFO  impl.RaftServerImpl (RaftServerImpl.java:setRole(184)) - 92ce6e48-4722-407a-9620-5998c6999257@group-E964BE911FCC: changes role from  FOLLOWER to CANDIDATE at term 118 for changeToCandidate
2019-10-18 14:01:38,611 [Thread-963] INFO  impl.RoleInfo (RoleInfo.java:updateAndGet(143)) - 92ce6e48-4722-407a-9620-5998c6999257: start LeaderElection
2019-10-18 14:01:38,625 [92ce6e48-4722-407a-9620-5998c6999257@group-E964BE911FCC-LeaderElection114] INFO  impl.LeaderElection (LeaderElection.java:askForVotes(178)) - 92ce6e48-4722-407a-9620-5998c6999257@group-E964BE911FCC-LeaderElection114: begin an election at term 119 for -1: [6cbfae60-ea29-4abc-a49d-ef94f4bd513a:192.168.69.85:36685, 66f9d00c-1e97-4252-958c-bed5a531abda:192.168.69.85:45996, 92ce6e48-4722-407a-9620-5998c6999257:192.168.69.85:34971], old=null
2019-10-18 14:01:38,627 [grpc-default-executor-1] INFO  impl.RaftServerImpl (RaftServerImpl.java:setRole(184)) - 6cbfae60-ea29-4abc-a49d-ef94f4bd513a@group-E964BE911FCC: changes role from  FOLLOWER to FOLLOWER at term 119 for recognizeCandidate:92ce6e48-4722-407a-9620-5998c6999257
2019-10-18 14:01:38,627 [grpc-default-executor-1] INFO  impl.RoleInfo (RoleInfo.java:shutdownFollowerState(121)) - 6cbfae60-ea29-4abc-a49d-ef94f4bd513a: shutdown FollowerState
2019-10-18 14:01:38,627 [grpc-default-executor-0] INFO  impl.RaftServerImpl (RaftServerImpl.java:setRole(184)) - 66f9d00c-1e97-4252-958c-bed5a531abda@group-E964BE911FCC: changes role from  FOLLOWER to FOLLOWER at term 119 for recognizeCandidate:92ce6e48-4722-407a-9620-5998c6999257
2019-10-18 14:01:38,627 [Thread-961] INFO  impl.FollowerState (FollowerState.java:run(117)) - 6cbfae60-ea29-4abc-a49d-ef94f4bd513a@group-E964BE911FCC-FollowerState was interrupted: java.lang.InterruptedException: sleep interrupted
2019-10-18 14:01:38,627 [grpc-default-executor-1] INFO  impl.RoleInfo (RoleInfo.java:updateAndGet(143)) - 6cbfae60-ea29-4abc-a49d-ef94f4bd513a: start FollowerState
2019-10-18 14:01:38,628 [grpc-default-executor-0] INFO  impl.RoleInfo (RoleInfo.java:shutdownFollowerState(121)) - 66f9d00c-1e97-4252-958c-bed5a531abda: shutdown FollowerState
2019-10-18 14:01:38,628 [grpc-default-executor-0] INFO  impl.RoleInfo (RoleInfo.java:updateAndGet(143)) - 66f9d00c-1e97-4252-958c-bed5a531abda: start FollowerState
2019-10-18 14:01:38,628 [Thread-962] INFO  impl.FollowerState (FollowerState.java:run(117)) - 66f9d00c-1e97-4252-958c-bed5a531abda@group-E964BE911FCC-FollowerState was interrupted: java.lang.InterruptedException: sleep interrupted
2019-10-18 14:01:38,641 [92ce6e48-4722-407a-9620-5998c6999257@group-E964BE911FCC-LeaderElection114] INFO  impl.LeaderElection (LeaderElection.java:logAndReturn(56)) - 92ce6e48-4722-407a-9620-5998c6999257@group-E964BE911FCC-LeaderElection114: Election REJECTED; received 2 response(s) [92ce6e48-4722-407a-9620-5998c6999257<-6cbfae60-ea29-4abc-a49d-ef94f4bd513a#0:FAIL-t119, 92ce6e48-4722-407a-9620-5998c6999257<-66f9d00c-1e97-4252-958c-bed5a531abda#0:FAIL-t119] and 0 exception(s); 92ce6e48-4722-407a-9620-5998c6999257@group-E964BE911FCC:t119, leader=null, voted=92ce6e48-4722-407a-9620-5998c6999257, raftlog=92ce6e48-4722-407a-9620-5998c6999257@group-E964BE911FCC-SegmentedRaftLog:OPENED:c-1,f-1,i0, conf=-1: [6cbfae60-ea29-4abc-a49d-ef94f4bd513a:192.168.69.85:36685, 66f9d00c-1e97-4252-958c-bed5a531abda:192.168.69.85:45996, 92ce6e48-4722-407a-9620-5998c6999257:192.168.69.85:34971], old=null
2019-10-18 14:01:38,641 [92ce6e48-4722-407a-9620-5998c6999257@group-E964BE911FCC-LeaderElection114] INFO  impl.RaftServerImpl (RaftServerImpl.java:setRole(184)) - 92ce6e48-4722-407a-9620-5998c6999257@group-E964BE911FCC: changes role from CANDIDATE to FOLLOWER at term 119 for DISCOVERED_A_NEW_TERM
2019-10-18 14:01:38,641 [92ce6e48-4722-407a-9620-5998c6999257@group-E964BE911FCC-LeaderElection114] INFO  impl.RoleInfo (RoleInfo.java:shutdownLeaderElection(134)) - 92ce6e48-4722-407a-9620-5998c6999257: shutdown LeaderElection
2019-10-18 14:01:38,641 [92ce6e48-4722-407a-9620-5998c6999257@group-E964BE911FCC-LeaderElection114] INFO  impl.RoleInfo (RoleInfo.java:updateAndGet(143)) - 92ce6e48-4722-407a-9620-5998c6999257: start FollowerState
2019-10-18 14:01:38,643 [Thread-969] INFO  impl.FollowerState (FollowerState.java:run(108)) - 92ce6e48-4722-407a-9620-5998c6999257@group-E964BE911FCC-FollowerState: change to CANDIDATE, lastRpcTime:1ms, electionTimeout:1ms
2019-10-18 14:01:38,643 [Thread-969] INFO  impl.RoleInfo (RoleInfo.java:shutdownFollowerState(121)) - 92ce6e48-4722-407a-9620-5998c6999257: shutdown FollowerState
2019-10-18 14:01:38,643 [Thread-969] INFO  impl.RaftServerImpl (RaftServerImpl.java:setRole(184)) - 92ce6e48-4722-407a-9620-5998c6999257@group-E964BE911FCC: changes role from  FOLLOWER to CANDIDATE at term 119 for changeToCandidate
2019-10-18 14:01:38,643 [Thread-969] INFO  impl.RoleInfo (RoleInfo.java:updateAndGet(143)) - 92ce6e48-4722-407a-9620-5998c6999257: start LeaderElection
2019-10-18 14:01:38,661 [92ce6e48-4722-407a-9620-5998c6999257@group-E964BE911FCC-LeaderElection115] INFO  impl.LeaderElection (LeaderElection.java:askForVotes(178)) - 92ce6e48-4722-407a-9620-5998c6999257@group-E964BE911FCC-LeaderElection115: begin an election at term 120 for -1: [6cbfae60-ea29-4abc-a49d-ef94f4bd513a:192.168.69.85:36685, 66f9d00c-1e97-4252-958c-bed5a531abda:192.168.69.85:45996, 92ce6e48-4722-407a-9620-5998c6999257:192.168.69.85:34971], old=null
2019-10-18 14:01:38,663 [grpc-default-executor-1] INFO  impl.RaftServerImpl (RaftServerImpl.java:setRole(184)) - 6cbfae60-ea29-4abc-a49d-ef94f4bd513a@group-E964BE911FCC: changes role from  FOLLOWER to FOLLOWER at term 120 for recognizeCandidate:92ce6e48-4722-407a-9620-5998c6999257
2019-10-18 14:01:38,663 [grpc-default-executor-1] INFO  impl.RoleInfo (RoleInfo.java:shutdownFollowerState(121)) - 6cbfae60-ea29-4abc-a49d-ef94f4bd513a: shutdown FollowerState
2019-10-18 14:01:38,663 [grpc-default-executor-0] INFO  impl.RaftServerImpl (RaftServerImpl.java:setRole(184)) - 66f9d00c-1e97-4252-958c-bed5a531abda@group-E964BE911FCC: changes role from  FOLLOWER to FOLLOWER at term 120 for recognizeCandidate:92ce6e48-4722-407a-9620-5998c6999257
2019-10-18 14:01:38,663 [Thread-967] INFO  impl.FollowerState (FollowerState.java:run(117)) - 6cbfae60-ea29-4abc-a49d-ef94f4bd513a@group-E964BE911FCC-FollowerState was interrupted: java.lang.InterruptedException: sleep interrupted
2019-10-18 14:01:38,663 [grpc-default-executor-1] INFO  impl.RoleInfo (RoleInfo.java:updateAndGet(143)) - 6cbfae60-ea29-4abc-a49d-ef94f4bd513a: start FollowerState
2019-10-18 14:01:38,664 [grpc-default-executor-0] INFO  impl.RoleInfo (RoleInfo.java:shutdownFollowerState(121)) - 66f9d00c-1e97-4252-958c-bed5a531abda: shutdown FollowerState
2019-10-18 14:01:38,664 [grpc-default-executor-0] INFO  impl.RoleInfo (RoleInfo.java:updateAndGet(143)) - 66f9d00c-1e97-4252-958c-bed5a531abda: start FollowerState
2019-10-18 14:01:38,664 [Thread-968] INFO  impl.FollowerState (FollowerState.java:run(117)) - 66f9d00c-1e97-4252-958c-bed5a531abda@group-E964BE911FCC-FollowerState was interrupted: java.lang.InterruptedException: sleep interrupted
2019-10-18 14:01:38,679 [92ce6e48-4722-407a-9620-5998c6999257@group-E964BE911FCC-LeaderElection115] INFO  impl.LeaderElection (LeaderElection.java:logAndReturn(56)) - 92ce6e48-4722-407a-9620-5998c6999257@group-E964BE911FCC-LeaderElection115: Election REJECTED; received 2 response(s) [92ce6e48-4722-407a-9620-5998c6999257<-6cbfae60-ea29-4abc-a49d-ef94f4bd513a#0:FAIL-t120, 92ce6e48-4722-407a-9620-5998c6999257<-66f9d00c-1e97-4252-958c-bed5a531abda#0:FAIL-t120] and 0 exception(s); 92ce6e48-4722-407a-9620-5998c6999257@group-E964BE911FCC:t120, leader=null, voted=92ce6e48-4722-407a-9620-5998c6999257, raftlog=92ce6e48-4722-407a-9620-5998c6999257@group-E964BE911FCC-SegmentedRaftLog:OPENED:c-1,f-1,i0, conf=-1: [6cbfae60-ea29-4abc-a49d-ef94f4bd513a:192.168.69.85:36685, 66f9d00c-1e97-4252-958c-bed5a531abda:192.168.69.85:45996, 92ce6e48-4722-407a-9620-5998c6999257:192.168.69.85:34971], old=null
2019-10-18 14:01:38,679 [92ce6e48-4722-407a-9620-5998c6999257@group-E964BE911FCC-LeaderElection115] INFO  impl.RaftServerImpl (RaftServerImpl.java:setRole(184)) - 92ce6e48-4722-407a-9620-5998c6999257@group-E964BE911FCC: changes role from CANDIDATE to FOLLOWER at term 120 for DISCOVERED_A_NEW_TERM
2019-10-18 14:01:38,680 [92ce6e48-4722-407a-9620-5998c6999257@group-E964BE911FCC-LeaderElection115] INFO  impl.RoleInfo (RoleInfo.java:shutdownLeaderElection(134)) - 92ce6e48-4722-407a-9620-5998c6999257: shutdown LeaderElection
2019-10-18 14:01:38,680 [92ce6e48-4722-407a-9620-5998c6999257@group-E964BE911FCC-LeaderElection115] INFO  impl.RoleInfo (RoleInfo.java:updateAndGet(143)) - 92ce6e48-4722-407a-9620-5998c6999257: start FollowerState
2019-10-18 14:01:38,744 [Thread-975] INFO  impl.FollowerState (FollowerState.java:run(108)) - 92ce6e48-4722-407a-9620-5998c6999257@group-E964BE911FCC-FollowerState: change to CANDIDATE, lastRpcTime:64ms, electionTimeout:64ms
2019-10-18 14:01:38,744 [Thread-975] INFO  impl.RoleInfo (RoleInfo.java:shutdownFollowerState(121)) - 92ce6e48-4722-407a-9620-5998c6999257: shutdown FollowerState
2019-10-18 14:01:38,744 [Thread-975] INFO  impl.RaftServerImpl (RaftServerImpl.java:setRole(184)) - 92ce6e48-4722-407a-9620-5998c6999257@group-E964BE911FCC: changes role from  FOLLOWER to CANDIDATE at term 120 for changeToCandidate
2019-10-18 14:01:38,745 [Thread-975] INFO  impl.RoleInfo (RoleInfo.java:updateAndGet(143)) - 92ce6e48-4722-407a-9620-5998c6999257: start LeaderElection
2019-10-18 14:01:38,760 [92ce6e48-4722-407a-9620-5998c6999257@group-E964BE911FCC-LeaderElection116] INFO  impl.LeaderElection (LeaderElection.java:askForVotes(178)) - 92ce6e48-4722-407a-9620-5998c6999257@group-E964BE911FCC-LeaderElection116: begin an election at term 121 for -1: [6cbfae60-ea29-4abc-a49d-ef94f4bd513a:192.168.69.85:36685, 66f9d00c-1e97-4252-958c-bed5a531abda:192.168.69.85:45996, 92ce6e48-4722-407a-9620-5998c6999257:192.168.69.85:34971], old=null
2019-10-18 14:01:38,762 [grpc-default-executor-0] INFO  impl.RaftServerImpl (RaftServerImpl.java:setRole(184)) - 6cbfae60-ea29-4abc-a49d-ef94f4bd513a@group-E964BE911FCC: changes role from  FOLLOWER to FOLLOWER at term 121 for recognizeCandidate:92ce6e48-4722-407a-9620-5998c6999257
2019-10-18 14:01:38,762 [grpc-default-executor-1] INFO  impl.RaftServerImpl (RaftServerImpl.java:setRole(184)) - 66f9d00c-1e97-4252-958c-bed5a531abda@group-E964BE911FCC: changes role from  FOLLOWER to FOLLOWER at term 121 for recognizeCandidate:92ce6e48-4722-407a-9620-5998c6999257
2019-10-18 14:01:38,763 [grpc-default-executor-1] INFO  impl.RoleInfo (RoleInfo.java:shutdownFollowerState(121)) - 66f9d00c-1e97-4252-958c-bed5a531abda: shutdown FollowerState
2019-10-18 14:01:38,762 [grpc-default-executor-0] INFO  impl.RoleInfo (RoleInfo.java:shutdownFollowerState(121)) - 6cbfae60-ea29-4abc-a49d-ef94f4bd513a: shutdown FollowerState
2019-10-18 14:01:38,763 [Thread-974] INFO  impl.FollowerState (FollowerState.java:run(117)) - 66f9d00c-1e97-4252-958c-bed5a531abda@group-E964BE911FCC-FollowerState was interrupted: java.lang.InterruptedException: sleep interrupted
2019-10-18 14:01:38,763 [grpc-default-executor-1] INFO  impl.RoleInfo (RoleInfo.java:updateAndGet(143)) - 66f9d00c-1e97-4252-958c-bed5a531abda: start FollowerState
2019-10-18 14:01:38,763 [grpc-default-executor-0] INFO  impl.RoleInfo (RoleInfo.java:updateAndGet(143)) - 6cbfae60-ea29-4abc-a49d-ef94f4bd513a: start FollowerState
2019-10-18 14:01:38,763 [Thread-973] INFO  impl.FollowerState (FollowerState.java:run(117)) - 6cbfae60-ea29-4abc-a49d-ef94f4bd513a@group-E964BE911FCC-FollowerState was interrupted: java.lang.InterruptedException: sleep interrupted
2019-10-18 14:01:38,789 [92ce6e48-4722-407a-9620-5998c6999257@group-E964BE911FCC-LeaderElection116] INFO  impl.LeaderElection (LeaderElection.java:logAndReturn(56)) - 92ce6e48-4722-407a-9620-5998c6999257@group-E964BE911FCC-LeaderElection116: Election REJECTED; received 2 response(s) [92ce6e48-4722-407a-9620-5998c6999257<-6cbfae60-ea29-4abc-a49d-ef94f4bd513a#0:FAIL-t121, 92ce6e48-4722-407a-9620-5998c6999257<-66f9d00c-1e97-4252-958c-bed5a531abda#0:FAIL-t121] and 0 exception(s); 92ce6e48-4722-407a-9620-5998c6999257@group-E964BE911FCC:t121, leader=null, voted=92ce6e48-4722-407a-9620-5998c6999257, raftlog=92ce6e48-4722-407a-9620-5998c6999257@group-E964BE911FCC-SegmentedRaftLog:OPENED:c-1,f-1,i0, conf=-1: [6cbfae60-ea29-4abc-a49d-ef94f4bd513a:192.168.69.85:36685, 66f9d00c-1e97-4252-958c-bed5a531abda:192.168.69.85:45996, 92ce6e48-4722-407a-9620-5998c6999257:192.168.69.85:34971], old=null
2019-10-18 14:01:38,789 [92ce6e48-4722-407a-9620-5998c6999257@group-E964BE911FCC-LeaderElection116] INFO  impl.RaftServerImpl (RaftServerImpl.java:setRole(184)) - 92ce6e48-4722-407a-9620-5998c6999257@group-E964BE911FCC: changes role from CANDIDATE to FOLLOWER at term 121 for DISCOVERED_A_NEW_TERM
2019-10-18 14:01:38,790 [92ce6e48-4722-407a-9620-5998c6999257@group-E964BE911FCC-LeaderElection116] INFO  impl.RoleInfo (RoleInfo.java:shutdownLeaderElection(134)) - 92ce6e48-4722-407a-9620-5998c6999257: shutdown LeaderElection
2019-10-18 14:01:38,790 [92ce6e48-4722-407a-9620-5998c6999257@group-E964BE911FCC-LeaderElection116] INFO  impl.RoleInfo (RoleInfo.java:updateAndGet(143)) - 92ce6e48-4722-407a-9620-5998c6999257: start FollowerState
2019-10-18 14:01:38,937 [Thread-981] INFO  impl.FollowerState (FollowerState.java:run(108)) - 92ce6e48-4722-407a-9620-5998c6999257@group-E964BE911FCC-FollowerState: change to CANDIDATE, lastRpcTime:147ms, electionTimeout:147ms
2019-10-18 14:01:38,937 [Thread-981] INFO  impl.RoleInfo (RoleInfo.java:shutdownFollowerState(121)) - 92ce6e48-4722-407a-9620-5998c6999257: shutdown FollowerState
2019-10-18 14:01:38,938 [Thread-981] INFO  impl.RaftServerImpl (RaftServerImpl.java:setRole(184)) - 92ce6e48-4722-407a-9620-5998c6999257@group-E964BE911FCC: changes role from  FOLLOWER to CANDIDATE at term 121 for changeToCandidate
2019-10-18 14:01:38,938 [Thread-981] INFO  impl.RoleInfo (RoleInfo.java:updateAndGet(143)) - 92ce6e48-4722-407a-9620-5998c6999257: start LeaderElection
2019-10-18 14:01:38,953 [92ce6e48-4722-407a-9620-5998c6999257@group-E964BE911FCC-LeaderElection117] INFO  impl.LeaderElection (LeaderElection.java:askForVotes(178)) - 92ce6e48-4722-407a-9620-5998c6999257@group-E964BE911FCC-LeaderElection117: begin an election at term 122 for -1: [6cbfae60-ea29-4abc-a49d-ef94f4bd513a:192.168.69.85:36685, 66f9d00c-1e97-4252-958c-bed5a531abda:192.168.69.85:45996, 92ce6e48-4722-407a-9620-5998c6999257:192.168.69.85:34971], old=null
2019-10-18 14:01:38,955 [grpc-default-executor-1] INFO  impl.RaftServerImpl (RaftServerImpl.java:setRole(184)) - 6cbfae60-ea29-4abc-a49d-ef94f4bd513a@group-E964BE911FCC: changes role from  FOLLOWER to FOLLOWER at term 122 for recognizeCandidate:92ce6e48-4722-407a-9620-5998c6999257
2019-10-18 14:01:38,956 [grpc-default-executor-1] INFO  impl.RoleInfo (RoleInfo.java:shutdownFollowerState(121)) - 6cbfae60-ea29-4abc-a49d-ef94f4bd513a: shutdown FollowerState
2019-10-18 14:01:38,955 [grpc-default-executor-0] INFO  impl.RaftServerImpl (RaftServerImpl.java:setRole(184)) - 66f9d00c-1e97-4252-958c-bed5a531abda@group-E964BE911FCC: changes role from  FOLLOWER to FOLLOWER at term 122 for recognizeCandidate:92ce6e48-4722-407a-9620-5998c6999257
2019-10-18 14:01:38,956 [grpc-default-executor-0] INFO  impl.RoleInfo (RoleInfo.java:shutdownFollowerState(121)) - 66f9d00c-1e97-4252-958c-bed5a531abda: shutdown FollowerState
2019-10-18 14:01:38,956 [Thread-980] INFO  impl.FollowerState (FollowerState.java:run(117)) - 6cbfae60-ea29-4abc-a49d-ef94f4bd513a@group-E964BE911FCC-FollowerState was interrupted: java.lang.InterruptedException: sleep interrupted
2019-10-18 14:01:38,956 [Thread-979] INFO  impl.FollowerState (FollowerState.java:run(117)) - 66f9d00c-1e97-4252-958c-bed5a531abda@group-E964BE911FCC-FollowerState was interrupted: java.lang.InterruptedException: sleep interrupted
2019-10-18 14:01:38,956 [grpc-default-executor-1] INFO  impl.RoleInfo (RoleInfo.java:updateAndGet(143)) - 6cbfae60-ea29-4abc-a49d-ef94f4bd513a: start FollowerState
2019-10-18 14:01:38,956 [grpc-default-executor-0] INFO  impl.RoleInfo (RoleInfo.java:updateAndGet(143)) - 66f9d00c-1e97-4252-958c-bed5a531abda: start FollowerState
2019-10-18 14:01:38,984 [92ce6e48-4722-407a-9620-5998c6999257@group-E964BE911FCC-LeaderElection117] INFO  impl.LeaderElection (LeaderElection.java:logAndReturn(56)) - 92ce6e48-4722-407a-9620-5998c6999257@group-E964BE911FCC-LeaderElection117: Election REJECTED; received 2 response(s) [92ce6e48-4722-407a-9620-5998c6999257<-6cbfae60-ea29-4abc-a49d-ef94f4bd513a#0:FAIL-t122, 92ce6e48-4722-407a-9620-5998c6999257<-66f9d00c-1e97-4252-958c-bed5a531abda#0:FAIL-t122] and 0 exception(s); 92ce6e48-4722-407a-9620-5998c6999257@group-E964BE911FCC:t122, leader=null, voted=92ce6e48-4722-407a-9620-5998c6999257, raftlog=92ce6e48-4722-407a-9620-5998c6999257@group-E964BE911FCC-SegmentedRaftLog:OPENED:c-1,f-1,i0, conf=-1: [6cbfae60-ea29-4abc-a49d-ef94f4bd513a:192.168.69.85:36685, 66f9d00c-1e97-4252-958c-bed5a531abda:192.168.69.85:45996, 92ce6e48-4722-407a-9620-5998c6999257:192.168.69.85:34971], old=null
2019-10-18 14:01:38,984 [92ce6e48-4722-407a-9620-5998c6999257@group-E964BE911FCC-LeaderElection117] INFO  impl.RaftServerImpl (RaftServerImpl.java:setRole(184)) - 92ce6e48-4722-407a-9620-5998c6999257@group-E964BE911FCC: changes role from CANDIDATE to FOLLOWER at term 122 for DISCOVERED_A_NEW_TERM
2019-10-18 14:01:38,984 [92ce6e48-4722-407a-9620-5998c6999257@group-E964BE911FCC-LeaderElection117] INFO  impl.RoleInfo (RoleInfo.java:shutdownLeaderElection(134)) - 92ce6e48-4722-407a-9620-5998c6999257: shutdown LeaderElection
2019-10-18 14:01:38,984 [92ce6e48-4722-407a-9620-5998c6999257@group-E964BE911FCC-LeaderElection117] INFO  impl.RoleInfo (RoleInfo.java:updateAndGet(143)) - 92ce6e48-4722-407a-9620-5998c6999257: start FollowerState
2019-10-18 14:01:38,995 [Thread-987] INFO  impl.FollowerState (FollowerState.java:run(108)) - 92ce6e48-4722-407a-9620-5998c6999257@group-E964BE911FCC-FollowerState: change to CANDIDATE, lastRpcTime:11ms, electionTimeout:11ms
2019-10-18 14:01:38,996 [Thread-987] INFO  impl.RoleInfo (RoleInfo.java:shutdownFollowerState(121)) - 92ce6e48-4722-407a-9620-5998c6999257: shutdown FollowerState
2019-10-18 14:01:38,996 [Thread-987] INFO  impl.RaftServerImpl (RaftServerImpl.java:setRole(184)) - 92ce6e48-4722-407a-9620-5998c6999257@group-E964BE911FCC: changes role from  FOLLOWER to CANDIDATE at term 122 for changeToCandidate
2019-10-18 14:01:38,996 [Thread-987] INFO  impl.RoleInfo (RoleInfo.java:updateAndGet(143)) - 92ce6e48-4722-407a-9620-5998c6999257: start LeaderElection
2019-10-18 14:01:39,019 [92ce6e48-4722-407a-9620-5998c6999257@group-E964BE911FCC-LeaderElection118] INFO  impl.LeaderElection (LeaderElection.java:askForVotes(178)) - 92ce6e48-4722-407a-9620-5998c6999257@group-E964BE911FCC-LeaderElection118: begin an election at term 123 for -1: [6cbfae60-ea29-4abc-a49d-ef94f4bd513a:192.168.69.85:36685, 66f9d00c-1e97-4252-958c-bed5a531abda:192.168.69.85:45996, 92ce6e48-4722-407a-9620-5998c6999257:192.168.69.85:34971], old=null
2019-10-18 14:01:39,021 [grpc-default-executor-0] INFO  impl.RaftServerImpl (RaftServerImpl.java:setRole(184)) - 6cbfae60-ea29-4abc-a49d-ef94f4bd513a@group-E964BE911FCC: changes role from  FOLLOWER to FOLLOWER at term 123 for recognizeCandidate:92ce6e48-4722-407a-9620-5998c6999257
2019-10-18 14:01:39,021 [grpc-default-executor-0] INFO  impl.RoleInfo (RoleInfo.java:shutdownFollowerState(121)) - 6cbfae60-ea29-4abc-a49d-ef94f4bd513a: shutdown FollowerState
2019-10-18 14:01:39,021 [grpc-default-executor-1] INFO  impl.RaftServerImpl (RaftServerImpl.java:setRole(184)) - 66f9d00c-1e97-4252-958c-bed5a531abda@group-E964BE911FCC: changes role from  FOLLOWER to FOLLOWER at term 123 for recognizeCandidate:92ce6e48-4722-407a-9620-5998c6999257
2019-10-18 14:01:39,021 [Thread-985] INFO  impl.FollowerState (FollowerState.java:run(117)) - 6cbfae60-ea29-4abc-a49d-ef94f4bd513a@group-E964BE911FCC-FollowerState was interrupted: java.lang.InterruptedException: sleep interrupted
2019-10-18 14:01:39,021 [grpc-default-executor-0] INFO  impl.RoleInfo (RoleInfo.java:updateAndGet(143)) - 6cbfae60-ea29-4abc-a49d-ef94f4bd513a: start FollowerState
2019-10-18 14:01:39,021 [grpc-default-executor-1] INFO  impl.RoleInfo (RoleInfo.java:shutdownFollowerState(121)) - 66f9d00c-1e97-4252-958c-bed5a531abda: shutdown FollowerState
2019-10-18 14:01:39,022 [grpc-default-executor-1] INFO  impl.RoleInfo (RoleInfo.java:updateAndGet(143)) - 66f9d00c-1e97-4252-958c-bed5a531abda: start FollowerState
2019-10-18 14:01:39,022 [Thread-986] INFO  impl.FollowerState (FollowerState.java:run(117)) - 66f9d00c-1e97-4252-958c-bed5a531abda@group-E964BE911FCC-FollowerState was interrupted: java.lang.InterruptedException: sleep interrupted
2019-10-18 14:01:39,037 [92ce6e48-4722-407a-9620-5998c6999257@group-E964BE911FCC-LeaderElection118] INFO  impl.LeaderElection (LeaderElection.java:logAndReturn(56)) - 92ce6e48-4722-407a-9620-5998c6999257@group-E964BE911FCC-LeaderElection118: Election REJECTED; received 2 response(s) [92ce6e48-4722-407a-9620-5998c6999257<-6cbfae60-ea29-4abc-a49d-ef94f4bd513a#0:FAIL-t123, 92ce6e48-4722-407a-9620-5998c6999257<-66f9d00c-1e97-4252-958c-bed5a531abda#0:FAIL-t123] and 0 exception(s); 92ce6e48-4722-407a-9620-5998c6999257@group-E964BE911FCC:t123, leader=null, voted=92ce6e48-4722-407a-9620-5998c6999257, raftlog=92ce6e48-4722-407a-9620-5998c6999257@group-E964BE911FCC-SegmentedRaftLog:OPENED:c-1,f-1,i0, conf=-1: [6cbfae60-ea29-4abc-a49d-ef94f4bd513a:192.168.69.85:36685, 66f9d00c-1e97-4252-958c-bed5a531abda:192.168.69.85:45996, 92ce6e48-4722-407a-9620-5998c6999257:192.168.69.85:34971], old=null
2019-10-18 14:01:39,037 [92ce6e48-4722-407a-9620-5998c6999257@group-E964BE911FCC-LeaderElection118] INFO  impl.RaftServerImpl (RaftServerImpl.java:setRole(184)) - 92ce6e48-4722-407a-9620-5998c6999257@group-E964BE911FCC: changes role from CANDIDATE to FOLLOWER at term 123 for DISCOVERED_A_NEW_TERM
2019-10-18 14:01:39,038 [92ce6e48-4722-407a-9620-5998c6999257@group-E964BE911FCC-LeaderElection118] INFO  impl.RoleInfo (RoleInfo.java:shutdownLeaderElection(134)) - 92ce6e48-4722-407a-9620-5998c6999257: shutdown LeaderElection
2019-10-18 14:01:39,039 [92ce6e48-4722-407a-9620-5998c6999257@group-E964BE911FCC-LeaderElection118] INFO  impl.RoleInfo (RoleInfo.java:updateAndGet(143)) - 92ce6e48-4722-407a-9620-5998c6999257: start FollowerState
2019-10-18 14:01:39,120 [Thread-995] INFO  impl.FollowerState (FollowerState.java:run(108)) - 92ce6e48-4722-407a-9620-5998c6999257@group-E964BE911FCC-FollowerState: change to CANDIDATE, lastRpcTime:81ms, electionTimeout:81ms
2019-10-18 14:01:39,120 [Thread-995] INFO  impl.RoleInfo (RoleInfo.java:shutdownFollowerState(121)) - 92ce6e48-4722-407a-9620-5998c6999257: shutdown FollowerState
2019-10-18 14:01:39,121 [Thread-995] INFO  impl.RaftServerImpl (RaftServerImpl.java:setRole(184)) - 92ce6e48-4722-407a-9620-5998c6999257@group-E964BE911FCC: changes role from  FOLLOWER to CANDIDATE at term 123 for changeToCandidate
2019-10-18 14:01:39,121 [Thread-995] INFO  impl.RoleInfo (RoleInfo.java:updateAndGet(143)) - 92ce6e48-4722-407a-9620-5998c6999257: start LeaderElection
2019-10-18 14:01:39,134 [92ce6e48-4722-407a-9620-5998c6999257@group-E964BE911FCC-LeaderElection119] INFO  impl.LeaderElection (LeaderElection.java:askForVotes(178)) - 92ce6e48-4722-407a-9620-5998c6999257@group-E964BE911FCC-LeaderElection119: begin an election at term 124 for -1: [6cbfae60-ea29-4abc-a49d-ef94f4bd513a:192.168.69.85:36685, 66f9d00c-1e97-4252-958c-bed5a531abda:192.168.69.85:45996, 92ce6e48-4722-407a-9620-5998c6999257:192.168.69.85:34971], old=null
2019-10-18 14:01:39,137 [grpc-default-executor-0] INFO  impl.RaftServerImpl (RaftServerImpl.java:setRole(184)) - 6cbfae60-ea29-4abc-a49d-ef94f4bd513a@group-E964BE911FCC: changes role from  FOLLOWER to FOLLOWER at term 124 for recognizeCandidate:92ce6e48-4722-407a-9620-5998c6999257
2019-10-18 14:01:39,137 [grpc-default-executor-4] INFO  impl.RaftServerImpl (RaftServerImpl.java:setRole(184)) - 66f9d00c-1e97-4252-958c-bed5a531abda@group-E964BE911FCC: changes role from  FOLLOWER to FOLLOWER at term 124 for recognizeCandidate:92ce6e48-4722-407a-9620-5998c6999257
2019-10-18 14:01:39,137 [grpc-default-executor-0] INFO  impl.RoleInfo (RoleInfo.java:shutdownFollowerState(121)) - 6cbfae60-ea29-4abc-a49d-ef94f4bd513a: shutdown FollowerState
2019-10-18 14:01:39,137 [grpc-default-executor-4] INFO  impl.RoleInfo (RoleInfo.java:shutdownFollowerState(121)) - 66f9d00c-1e97-4252-958c-bed5a531abda: shutdown FollowerState
2019-10-18 14:01:39,137 [Thread-991] INFO  impl.FollowerState (FollowerState.java:run(117)) - 6cbfae60-ea29-4abc-a49d-ef94f4bd513a@group-E964BE911FCC-FollowerState was interrupted: java.lang.InterruptedException: sleep interrupted
2019-10-18 14:01:39,137 [grpc-default-executor-0] INFO  impl.RoleInfo (RoleInfo.java:updateAndGet(143)) - 6cbfae60-ea29-4abc-a49d-ef94f4bd513a: start FollowerState
2019-10-18 14:01:39,138 [Thread-992] INFO  impl.FollowerState (FollowerState.java:run(117)) - 66f9d00c-1e97-4252-958c-bed5a531abda@group-E964BE911FCC-FollowerState was interrupted: java.lang.InterruptedException: sleep interrupted
2019-10-18 14:01:39,137 [grpc-default-executor-4] INFO  impl.RoleInfo (RoleInfo.java:updateAndGet(143)) - 66f9d00c-1e97-4252-958c-bed5a531abda: start FollowerState
2019-10-18 14:01:39,154 [92ce6e48-4722-407a-9620-5998c6999257@group-E964BE911FCC-LeaderElection119] INFO  impl.LeaderElection (LeaderElection.java:logAndReturn(56)) - 92ce6e48-4722-407a-9620-5998c6999257@group-E964BE911FCC-LeaderElection119: Election REJECTED; received 2 response(s) [92ce6e48-4722-407a-9620-5998c6999257<-6cbfae60-ea29-4abc-a49d-ef94f4bd513a#0:FAIL-t124, 92ce6e48-4722-407a-9620-5998c6999257<-66f9d00c-1e97-4252-958c-bed5a531abda#0:FAIL-t124] and 0 exception(s); 92ce6e48-4722-407a-9620-5998c6999257@group-E964BE911FCC:t124, leader=null, voted=92ce6e48-4722-407a-9620-5998c6999257, raftlog=92ce6e48-4722-407a-9620-5998c6999257@group-E964BE911FCC-SegmentedRaftLog:OPENED:c-1,f-1,i0, conf=-1: [6cbfae60-ea29-4abc-a49d-ef94f4bd513a:192.168.69.85:36685, 66f9d00c-1e97-4252-958c-bed5a531abda:192.168.69.85:45996, 92ce6e48-4722-407a-9620-5998c6999257:192.168.69.85:34971], old=null
2019-10-18 14:01:39,155 [92ce6e48-4722-407a-9620-5998c6999257@group-E964BE911FCC-LeaderElection119] INFO  impl.RaftServerImpl (RaftServerImpl.java:setRole(184)) - 92ce6e48-4722-407a-9620-5998c6999257@group-E964BE911FCC: changes role from CANDIDATE to FOLLOWER at term 124 for DISCOVERED_A_NEW_TERM
2019-10-18 14:01:39,155 [92ce6e48-4722-407a-9620-5998c6999257@group-E964BE911FCC-LeaderElection119] INFO  impl.RoleInfo (RoleInfo.java:shutdownLeaderElection(134)) - 92ce6e48-4722-407a-9620-5998c6999257: shutdown LeaderElection
2019-10-18 14:01:39,155 [92ce6e48-4722-407a-9620-5998c6999257@group-E964BE911FCC-LeaderElection119] INFO  impl.RoleInfo (RoleInfo.java:updateAndGet(143)) - 92ce6e48-4722-407a-9620-5998c6999257: start FollowerState
2019-10-18 14:01:39,245 [Thread-1001] INFO  impl.FollowerState (FollowerState.java:run(108)) - 92ce6e48-4722-407a-9620-5998c6999257@group-E964BE911FCC-FollowerState: change to CANDIDATE, lastRpcTime:90ms, electionTimeout:90ms
2019-10-18 14:01:39,245 [Thread-1001] INFO  impl.RoleInfo (RoleInfo.java:shutdownFollowerState(121)) - 92ce6e48-4722-407a-9620-5998c6999257: shutdown FollowerState
2019-10-18 14:01:39,245 [Thread-1001] INFO  impl.RaftServerImpl (RaftServerImpl.java:setRole(184)) - 92ce6e48-4722-407a-9620-5998c6999257@group-E964BE911FCC: changes role from  FOLLOWER to CANDIDATE at term 124 for changeToCandidate
2019-10-18 14:01:39,246 [Thread-1001] INFO  impl.RoleInfo (RoleInfo.java:updateAndGet(143)) - 92ce6e48-4722-407a-9620-5998c6999257: start LeaderElection
2019-10-18 14:01:39,260 [92ce6e48-4722-407a-9620-5998c6999257@group-E964BE911FCC-LeaderElection120] INFO  impl.LeaderElection (LeaderElection.java:askForVotes(178)) - 92ce6e48-4722-407a-9620-5998c6999257@group-E964BE911FCC-LeaderElection120: begin an election at term 125 for -1: [6cbfae60-ea29-4abc-a49d-ef94f4bd513a:192.168.69.85:36685, 66f9d00c-1e97-4252-958c-bed5a531abda:192.168.69.85:45996, 92ce6e48-4722-407a-9620-5998c6999257:192.168.69.85:34971], old=null
2019-10-18 14:01:39,263 [grpc-default-executor-4] INFO  impl.RaftServerImpl (RaftServerImpl.java:setRole(184)) - 6cbfae60-ea29-4abc-a49d-ef94f4bd513a@group-E964BE911FCC: changes role from  FOLLOWER to FOLLOWER at term 125 for recognizeCandidate:92ce6e48-4722-407a-9620-5998c6999257
2019-10-18 14:01:39,263 [grpc-default-executor-0] INFO  impl.RaftServerImpl (RaftServerImpl.java:setRole(184)) - 66f9d00c-1e97-4252-958c-bed5a531abda@group-E964BE911FCC: changes role from  FOLLOWER to FOLLOWER at term 125 for recognizeCandidate:92ce6e48-4722-407a-9620-5998c6999257
2019-10-18 14:01:39,263 [grpc-default-executor-4] INFO  impl.RoleInfo (RoleInfo.java:shutdownFollowerState(121)) - 6cbfae60-ea29-4abc-a49d-ef94f4bd513a: shutdown FollowerState
2019-10-18 14:01:39,263 [grpc-default-executor-0] INFO  impl.RoleInfo (RoleInfo.java:shutdownFollowerState(121)) - 66f9d00c-1e97-4252-958c-bed5a531abda: shutdown FollowerState
2019-10-18 14:01:39,264 [Thread-999] INFO  impl.FollowerState (FollowerState.java:run(117)) - 6cbfae60-ea29-4abc-a49d-ef94f4bd513a@group-E964BE911FCC-FollowerState was interrupted: java.lang.InterruptedException: sleep interrupted
2019-10-18 14:01:39,264 [grpc-default-executor-4] INFO  impl.RoleInfo (RoleInfo.java:updateAndGet(143)) - 6cbfae60-ea29-4abc-a49d-ef94f4bd513a: start FollowerState
2019-10-18 14:01:39,264 [Thread-1000] INFO  impl.FollowerState (FollowerState.java:run(117)) - 66f9d00c-1e97-4252-958c-bed5a531abda@group-E964BE911FCC-FollowerState was interrupted: java.lang.InterruptedException: sleep interrupted
2019-10-18 14:01:39,264 [grpc-default-executor-0] INFO  impl.RoleInfo (RoleInfo.java:updateAndGet(143)) - 66f9d00c-1e97-4252-958c-bed5a531abda: start FollowerState
2019-10-18 14:01:39,281 [92ce6e48-4722-407a-9620-5998c6999257@group-E964BE911FCC-LeaderElection120] INFO  impl.LeaderElection (LeaderElection.java:logAndReturn(56)) - 92ce6e48-4722-407a-9620-5998c6999257@group-E964BE911FCC-LeaderElection120: Election REJECTED; received 2 response(s) [92ce6e48-4722-407a-9620-5998c6999257<-6cbfae60-ea29-4abc-a49d-ef94f4bd513a#0:FAIL-t125, 92ce6e48-4722-407a-9620-5998c6999257<-66f9d00c-1e97-4252-958c-bed5a531abda#0:FAIL-t125] and 0 exception(s); 92ce6e48-4722-407a-9620-5998c6999257@group-E964BE911FCC:t125, leader=null, voted=92ce6e48-4722-407a-9620-5998c6999257, raftlog=92ce6e48-4722-407a-9620-5998c6999257@group-E964BE911FCC-SegmentedRaftLog:OPENED:c-1,f-1,i0, conf=-1: [6cbfae60-ea29-4abc-a49d-ef94f4bd513a:192.168.69.85:36685, 66f9d00c-1e97-4252-958c-bed5a531abda:192.168.69.85:45996, 92ce6e48-4722-407a-9620-5998c6999257:192.168.69.85:34971], old=null
2019-10-18 14:01:39,281 [92ce6e48-4722-407a-9620-5998c6999257@group-E964BE911FCC-LeaderElection120] INFO  impl.RaftServerImpl (RaftServerImpl.java:setRole(184)) - 92ce6e48-4722-407a-9620-5998c6999257@group-E964BE911FCC: changes role from CANDIDATE to FOLLOWER at term 125 for DISCOVERED_A_NEW_TERM
2019-10-18 14:01:39,281 [92ce6e48-4722-407a-9620-5998c6999257@group-E964BE911FCC-LeaderElection120] INFO  impl.RoleInfo (RoleInfo.java:shutdownLeaderElection(134)) - 92ce6e48-4722-407a-9620-5998c6999257: shutdown LeaderElection
2019-10-18 14:01:39,281 [92ce6e48-4722-407a-9620-5998c6999257@group-E964BE911FCC-LeaderElection120] INFO  impl.RoleInfo (RoleInfo.java:updateAndGet(143)) - 92ce6e48-4722-407a-9620-5998c6999257: start FollowerState
2019-10-18 14:01:39,444 [Thread-1007] INFO  impl.FollowerState (FollowerState.java:run(108)) - 92ce6e48-4722-407a-9620-5998c6999257@group-E964BE911FCC-FollowerState: change to CANDIDATE, lastRpcTime:162ms, electionTimeout:162ms
2019-10-18 14:01:39,444 [Thread-1007] INFO  impl.RoleInfo (RoleInfo.java:shutdownFollowerState(121)) - 92ce6e48-4722-407a-9620-5998c6999257: shutdown FollowerState
2019-10-18 14:01:39,444 [Thread-1007] INFO  impl.RaftServerImpl (RaftServerImpl.java:setRole(184)) - 92ce6e48-4722-407a-9620-5998c6999257@group-E964BE911FCC: changes role from  FOLLOWER to CANDIDATE at term 125 for changeToCandidate
2019-10-18 14:01:39,445 [Thread-1007] INFO  impl.RoleInfo (RoleInfo.java:updateAndGet(143)) - 92ce6e48-4722-407a-9620-5998c6999257: start LeaderElection
2019-10-18 14:01:39,470 [92ce6e48-4722-407a-9620-5998c6999257@group-E964BE911FCC-LeaderElection121] INFO  impl.LeaderElection (LeaderElection.java:askForVotes(178)) - 92ce6e48-4722-407a-9620-5998c6999257@group-E964BE911FCC-LeaderElection121: begin an election at term 126 for -1: [6cbfae60-ea29-4abc-a49d-ef94f4bd513a:192.168.69.85:36685, 66f9d00c-1e97-4252-958c-bed5a531abda:192.168.69.85:45996, 92ce6e48-4722-407a-9620-5998c6999257:192.168.69.85:34971], old=null
2019-10-18 14:01:39,473 [grpc-default-executor-0] INFO  impl.RaftServerImpl (RaftServerImpl.java:setRole(184)) - 6cbfae60-ea29-4abc-a49d-ef94f4bd513a@group-E964BE911FCC: changes role from  FOLLOWER to FOLLOWER at term 126 for recognizeCandidate:92ce6e48-4722-407a-9620-5998c6999257
2019-10-18 14:01:39,473 [grpc-default-executor-4] INFO  impl.RaftServerImpl (RaftServerImpl.java:setRole(184)) - 66f9d00c-1e97-4252-958c-bed5a531abda@group-E964BE911FCC: changes role from  FOLLOWER to FOLLOWER at term 126 for recognizeCandidate:92ce6e48-4722-407a-9620-5998c6999257
2019-10-18 14:01:39,473 [grpc-default-executor-0] INFO  impl.RoleInfo (RoleInfo.java:shutdownFollowerState(121)) - 6cbfae60-ea29-4abc-a49d-ef94f4bd513a: shutdown FollowerState
2019-10-18 14:01:39,473 [grpc-default-executor-4] INFO  impl.RoleInfo (RoleInfo.java:shutdownFollowerState(121)) - 66f9d00c-1e97-4252-958c-bed5a531abda: shutdown FollowerState
2019-10-18 14:01:39,474 [Thread-1005] INFO  impl.FollowerState (FollowerState.java:run(117)) - 6cbfae60-ea29-4abc-a49d-ef94f4bd513a@group-E964BE911FCC-FollowerState was interrupted: java.lang.InterruptedException: sleep interrupted
2019-10-18 14:01:39,474 [grpc-default-executor-0] INFO  impl.RoleInfo (RoleInfo.java:updateAndGet(143)) - 6cbfae60-ea29-4abc-a49d-ef94f4bd513a: start FollowerState
2019-10-18 14:01:39,474 [Thread-1006] INFO  impl.FollowerState (FollowerState.java:run(117)) - 66f9d00c-1e97-4252-958c-bed5a531abda@group-E964BE911FCC-FollowerState was interrupted: java.lang.InterruptedException: sleep interrupted
2019-10-18 14:01:39,474 [grpc-default-executor-4] INFO  impl.RoleInfo (RoleInfo.java:updateAndGet(143)) - 66f9d00c-1e97-4252-958c-bed5a531abda: start FollowerState
2019-10-18 14:01:39,490 [92ce6e48-4722-407a-9620-5998c6999257@group-E964BE911FCC-LeaderElection121] INFO  impl.LeaderElection (LeaderElection.java:logAndReturn(56)) - 92ce6e48-4722-407a-9620-5998c6999257@group-E964BE911FCC-LeaderElection121: Election REJECTED; received 2 response(s) [92ce6e48-4722-407a-9620-5998c6999257<-6cbfae60-ea29-4abc-a49d-ef94f4bd513a#0:FAIL-t126, 92ce6e48-4722-407a-9620-5998c6999257<-66f9d00c-1e97-4252-958c-bed5a531abda#0:FAIL-t126] and 0 exception(s); 92ce6e48-4722-407a-9620-5998c6999257@group-E964BE911FCC:t126, leader=null, voted=92ce6e48-4722-407a-9620-5998c6999257, raftlog=92ce6e48-4722-407a-9620-5998c6999257@group-E964BE911FCC-SegmentedRaftLog:OPENED:c-1,f-1,i0, conf=-1: [6cbfae60-ea29-4abc-a49d-ef94f4bd513a:192.168.69.85:36685, 66f9d00c-1e97-4252-958c-bed5a531abda:192.168.69.85:45996, 92ce6e48-4722-407a-9620-5998c6999257:192.168.69.85:34971], old=null
2019-10-18 14:01:39,490 [92ce6e48-4722-407a-9620-5998c6999257@group-E964BE911FCC-LeaderElection121] INFO  impl.RaftServerImpl (RaftServerImpl.java:setRole(184)) - 92ce6e48-4722-407a-9620-5998c6999257@group-E964BE911FCC: changes role from CANDIDATE to FOLLOWER at term 126 for DISCOVERED_A_NEW_TERM
2019-10-18 14:01:39,490 [92ce6e48-4722-407a-9620-5998c6999257@group-E964BE911FCC-LeaderElection121] INFO  impl.RoleInfo (RoleInfo.java:shutdownLeaderElection(134)) - 92ce6e48-4722-407a-9620-5998c6999257: shutdown LeaderElection
2019-10-18 14:01:39,490 [92ce6e48-4722-407a-9620-5998c6999257@group-E964BE911FCC-LeaderElection121] INFO  impl.RoleInfo (RoleInfo.java:updateAndGet(143)) - 92ce6e48-4722-407a-9620-5998c6999257: start FollowerState
2019-10-18 14:01:39,578 [Thread-1013] INFO  impl.FollowerState (FollowerState.java:run(108)) - 92ce6e48-4722-407a-9620-5998c6999257@group-E964BE911FCC-FollowerState: change to CANDIDATE, lastRpcTime:88ms, electionTimeout:88ms
2019-10-18 14:01:39,579 [Thread-1013] INFO  impl.RoleInfo (RoleInfo.java:shutdownFollowerState(121)) - 92ce6e48-4722-407a-9620-5998c6999257: shutdown FollowerState
2019-10-18 14:01:39,579 [Thread-1013] INFO  impl.RaftServerImpl (RaftServerImpl.java:setRole(184)) - 92ce6e48-4722-407a-9620-5998c6999257@group-E964BE911FCC: changes role from  FOLLOWER to CANDIDATE at term 126 for changeToCandidate
2019-10-18 14:01:39,579 [Thread-1013] INFO  impl.RoleInfo (RoleInfo.java:updateAndGet(143)) - 92ce6e48-4722-407a-9620-5998c6999257: start LeaderElection
2019-10-18 14:01:39,605 [92ce6e48-4722-407a-9620-5998c6999257@group-E964BE911FCC-LeaderElection122] INFO  impl.LeaderElection (LeaderElection.java:askForVotes(178)) - 92ce6e48-4722-407a-9620-5998c6999257@group-E964BE911FCC-LeaderElection122: begin an election at term 127 for -1: [6cbfae60-ea29-4abc-a49d-ef94f4bd513a:192.168.69.85:36685, 66f9d00c-1e97-4252-958c-bed5a531abda:192.168.69.85:45996, 92ce6e48-4722-407a-9620-5998c6999257:192.168.69.85:34971], old=null
2019-10-18 14:01:39,608 [grpc-default-executor-0] INFO  impl.RaftServerImpl (RaftServerImpl.java:setRole(184)) - 6cbfae60-ea29-4abc-a49d-ef94f4bd513a@group-E964BE911FCC: changes role from  FOLLOWER to FOLLOWER at term 127 for recognizeCandidate:92ce6e48-4722-407a-9620-5998c6999257
2019-10-18 14:01:39,608 [grpc-default-executor-4] INFO  impl.RaftServerImpl (RaftServerImpl.java:setRole(184)) - 66f9d00c-1e97-4252-958c-bed5a531abda@group-E964BE911FCC: changes role from  FOLLOWER to FOLLOWER at term 127 for recognizeCandidate:92ce6e48-4722-407a-9620-5998c6999257
2019-10-18 14:01:39,608 [grpc-default-executor-0] INFO  impl.RoleInfo (RoleInfo.java:shutdownFollowerState(121)) - 6cbfae60-ea29-4abc-a49d-ef94f4bd513a: shutdown FollowerState
2019-10-18 14:01:39,608 [grpc-default-executor-4] INFO  impl.RoleInfo (RoleInfo.java:shutdownFollowerState(121)) - 66f9d00c-1e97-4252-958c-bed5a531abda: shutdown FollowerState
2019-10-18 14:01:39,608 [Thread-1011] INFO  impl.FollowerState (FollowerState.java:run(117)) - 6cbfae60-ea29-4abc-a49d-ef94f4bd513a@group-E964BE911FCC-FollowerState was interrupted: java.lang.InterruptedException: sleep interrupted
2019-10-18 14:01:39,608 [grpc-default-executor-0] INFO  impl.RoleInfo (RoleInfo.java:updateAndGet(143)) - 6cbfae60-ea29-4abc-a49d-ef94f4bd513a: start FollowerState
2019-10-18 14:01:39,609 [Thread-1012] INFO  impl.FollowerState (FollowerState.java:run(117)) - 66f9d00c-1e97-4252-958c-bed5a531abda@group-E964BE911FCC-FollowerState was interrupted: java.lang.InterruptedException: sleep interrupted
2019-10-18 14:01:39,608 [grpc-default-executor-4] INFO  impl.RoleInfo (RoleInfo.java:updateAndGet(143)) - 66f9d00c-1e97-4252-958c-bed5a531abda: start FollowerState
2019-10-18 14:01:39,626 [92ce6e48-4722-407a-9620-5998c6999257@group-E964BE911FCC-LeaderElection122] INFO  impl.LeaderElection (LeaderElection.java:logAndReturn(56)) - 92ce6e48-4722-407a-9620-5998c6999257@group-E964BE911FCC-LeaderElection122: Election REJECTED; received 2 response(s) [92ce6e48-4722-407a-9620-5998c6999257<-6cbfae60-ea29-4abc-a49d-ef94f4bd513a#0:FAIL-t127, 92ce6e48-4722-407a-9620-5998c6999257<-66f9d00c-1e97-4252-958c-bed5a531abda#0:FAIL-t127] and 0 exception(s); 92ce6e48-4722-407a-9620-5998c6999257@group-E964BE911FCC:t127, leader=null, voted=92ce6e48-4722-407a-9620-5998c6999257, raftlog=92ce6e48-4722-407a-9620-5998c6999257@group-E964BE911FCC-SegmentedRaftLog:OPENED:c-1,f-1,i0, conf=-1: [6cbfae60-ea29-4abc-a49d-ef94f4bd513a:192.168.69.85:36685, 66f9d00c-1e97-4252-958c-bed5a531abda:192.168.69.85:45996, 92ce6e48-4722-407a-9620-5998c6999257:192.168.69.85:34971], old=null
2019-10-18 14:01:39,626 [92ce6e48-4722-407a-9620-5998c6999257@group-E964BE911FCC-LeaderElection122] INFO  impl.RaftServerImpl (RaftServerImpl.java:setRole(184)) - 92ce6e48-4722-407a-9620-5998c6999257@group-E964BE911FCC: changes role from CANDIDATE to FOLLOWER at term 127 for DISCOVERED_A_NEW_TERM
2019-10-18 14:01:39,626 [92ce6e48-4722-407a-9620-5998c6999257@group-E964BE911FCC-LeaderElection122] INFO  impl.RoleInfo (RoleInfo.java:shutdownLeaderElection(134)) - 92ce6e48-4722-407a-9620-5998c6999257: shutdown LeaderElection
2019-10-18 14:01:39,626 [92ce6e48-4722-407a-9620-5998c6999257@group-E964BE911FCC-LeaderElection122] INFO  impl.RoleInfo (RoleInfo.java:updateAndGet(143)) - 92ce6e48-4722-407a-9620-5998c6999257: start FollowerState
2019-10-18 14:01:39,705 [Thread-1019] INFO  impl.FollowerState (FollowerState.java:run(108)) - 92ce6e48-4722-407a-9620-5998c6999257@group-E964BE911FCC-FollowerState: change to CANDIDATE, lastRpcTime:78ms, electionTimeout:78ms
2019-10-18 14:01:39,705 [Thread-1019] INFO  impl.RoleInfo (RoleInfo.java:shutdownFollowerState(121)) - 92ce6e48-4722-407a-9620-5998c6999257: shutdown FollowerState
2019-10-18 14:01:39,705 [Thread-1019] INFO  impl.RaftServerImpl (RaftServerImpl.java:setRole(184)) - 92ce6e48-4722-407a-9620-5998c6999257@group-E964BE911FCC: changes role from  FOLLOWER to CANDIDATE at term 127 for changeToCandidate
2019-10-18 14:01:39,705 [Thread-1019] INFO  impl.RoleInfo (RoleInfo.java:updateAndGet(143)) - 92ce6e48-4722-407a-9620-5998c6999257: start LeaderElection
2019-10-18 14:01:39,739 [92ce6e48-4722-407a-9620-5998c6999257@group-E964BE911FCC-LeaderElection123] INFO  impl.LeaderElection (LeaderElection.java:askForVotes(178)) - 92ce6e48-4722-407a-9620-5998c6999257@group-E964BE911FCC-LeaderElection123: begin an election at term 128 for -1: [6cbfae60-ea29-4abc-a49d-ef94f4bd513a:192.168.69.85:36685, 66f9d00c-1e97-4252-958c-bed5a531abda:192.168.69.85:45996, 92ce6e48-4722-407a-9620-5998c6999257:192.168.69.85:34971], old=null
2019-10-18 14:01:39,742 [grpc-default-executor-0] INFO  impl.RaftServerImpl (RaftServerImpl.java:setRole(184)) - 6cbfae60-ea29-4abc-a49d-ef94f4bd513a@group-E964BE911FCC: changes role from  FOLLOWER to FOLLOWER at term 128 for recognizeCandidate:92ce6e48-4722-407a-9620-5998c6999257
2019-10-18 14:01:39,742 [grpc-default-executor-0] INFO  impl.RoleInfo (RoleInfo.java:shutdownFollowerState(121)) - 6cbfae60-ea29-4abc-a49d-ef94f4bd513a: shutdown FollowerState
2019-10-18 14:01:39,742 [grpc-default-executor-4] INFO  impl.RaftServerImpl (RaftServerImpl.java:setRole(184)) - 66f9d00c-1e97-4252-958c-bed5a531abda@group-E964BE911FCC: changes role from  FOLLOWER to FOLLOWER at term 128 for recognizeCandidate:92ce6e48-4722-407a-9620-5998c6999257
2019-10-18 14:01:39,742 [grpc-default-executor-4] INFO  impl.RoleInfo (RoleInfo.java:shutdownFollowerState(121)) - 66f9d00c-1e97-4252-958c-bed5a531abda: shutdown FollowerState
2019-10-18 14:01:39,742 [Thread-1017] INFO  impl.FollowerState (FollowerState.java:run(117)) - 6cbfae60-ea29-4abc-a49d-ef94f4bd513a@group-E964BE911FCC-FollowerState was interrupted: java.lang.InterruptedException: sleep interrupted
2019-10-18 14:01:39,742 [grpc-default-executor-0] INFO  impl.RoleInfo (RoleInfo.java:updateAndGet(143)) - 6cbfae60-ea29-4abc-a49d-ef94f4bd513a: start FollowerState
2019-10-18 14:01:39,742 [grpc-default-executor-4] INFO  impl.RoleInfo (RoleInfo.java:updateAndGet(143)) - 66f9d00c-1e97-4252-958c-bed5a531abda: start FollowerState
2019-10-18 14:01:39,742 [Thread-1018] INFO  impl.FollowerState (FollowerState.java:run(117)) - 66f9d00c-1e97-4252-958c-bed5a531abda@group-E964BE911FCC-FollowerState was interrupted: java.lang.InterruptedException: sleep interrupted
2019-10-18 14:01:39,776 [92ce6e48-4722-407a-9620-5998c6999257@group-E964BE911FCC-LeaderElection123] INFO  impl.LeaderElection (LeaderElection.java:logAndReturn(56)) - 92ce6e48-4722-407a-9620-5998c6999257@group-E964BE911FCC-LeaderElection123: Election REJECTED; received 2 response(s) [92ce6e48-4722-407a-9620-5998c6999257<-6cbfae60-ea29-4abc-a49d-ef94f4bd513a#0:FAIL-t128, 92ce6e48-4722-407a-9620-5998c6999257<-66f9d00c-1e97-4252-958c-bed5a531abda#0:FAIL-t128] and 0 exception(s); 92ce6e48-4722-407a-9620-5998c6999257@group-E964BE911FCC:t128, leader=null, voted=92ce6e48-4722-407a-9620-5998c6999257, raftlog=92ce6e48-4722-407a-9620-5998c6999257@group-E964BE911FCC-SegmentedRaftLog:OPENED:c-1,f-1,i0, conf=-1: [6cbfae60-ea29-4abc-a49d-ef94f4bd513a:192.168.69.85:36685, 66f9d00c-1e97-4252-958c-bed5a531abda:192.168.69.85:45996, 92ce6e48-4722-407a-9620-5998c6999257:192.168.69.85:34971], old=null
2019-10-18 14:01:39,776 [92ce6e48-4722-407a-9620-5998c6999257@group-E964BE911FCC-LeaderElection123] INFO  impl.RaftServerImpl (RaftServerImpl.java:setRole(184)) - 92ce6e48-4722-407a-9620-5998c6999257@group-E964BE911FCC: changes role from CANDIDATE to FOLLOWER at term 128 for DISCOVERED_A_NEW_TERM
2019-10-18 14:01:39,776 [92ce6e48-4722-407a-9620-5998c6999257@group-E964BE911FCC-LeaderElection123] INFO  impl.RoleInfo (RoleInfo.java:shutdownLeaderElection(134)) - 92ce6e48-4722-407a-9620-5998c6999257: shutdown LeaderElection
2019-10-18 14:01:39,777 [92ce6e48-4722-407a-9620-5998c6999257@group-E964BE911FCC-LeaderElection123] INFO  impl.RoleInfo (RoleInfo.java:updateAndGet(143)) - 92ce6e48-4722-407a-9620-5998c6999257: start FollowerState
2019-10-18 14:01:39,859 [Thread-1025] INFO  impl.FollowerState (FollowerState.java:run(108)) - 92ce6e48-4722-407a-9620-5998c6999257@group-E964BE911FCC-FollowerState: change to CANDIDATE, lastRpcTime:82ms, electionTimeout:82ms
2019-10-18 14:01:39,859 [Thread-1025] INFO  impl.RoleInfo (RoleInfo.java:shutdownFollowerState(121)) - 92ce6e48-4722-407a-9620-5998c6999257: shutdown FollowerState
2019-10-18 14:01:39,859 [Thread-1025] INFO  impl.RaftServerImpl (RaftServerImpl.java:setRole(184)) - 92ce6e48-4722-407a-9620-5998c6999257@group-E964BE911FCC: changes role from  FOLLOWER to CANDIDATE at term 128 for changeToCandidate
2019-10-18 14:01:39,859 [Thread-1025] INFO  impl.RoleInfo (RoleInfo.java:updateAndGet(143)) - 92ce6e48-4722-407a-9620-5998c6999257: start LeaderElection
2019-10-18 14:01:39,873 [92ce6e48-4722-407a-9620-5998c6999257@group-E964BE911FCC-LeaderElection124] INFO  impl.LeaderElection (LeaderElection.java:askForVotes(178)) - 92ce6e48-4722-407a-9620-5998c6999257@group-E964BE911FCC-LeaderElection124: begin an election at term 129 for -1: [6cbfae60-ea29-4abc-a49d-ef94f4bd513a:192.168.69.85:36685, 66f9d00c-1e97-4252-958c-bed5a531abda:192.168.69.85:45996, 92ce6e48-4722-407a-9620-5998c6999257:192.168.69.85:34971], old=null
2019-10-18 14:01:39,876 [grpc-default-executor-0] INFO  impl.RaftServerImpl (RaftServerImpl.java:setRole(184)) - 66f9d00c-1e97-4252-958c-bed5a531abda@group-E964BE911FCC: changes role from  FOLLOWER to FOLLOWER at term 129 for recognizeCandidate:92ce6e48-4722-407a-9620-5998c6999257
2019-10-18 14:01:39,876 [grpc-default-executor-4] INFO  impl.RaftServerImpl (RaftServerImpl.java:setRole(184)) - 6cbfae60-ea29-4abc-a49d-ef94f4bd513a@group-E964BE911FCC: changes role from  FOLLOWER to FOLLOWER at term 129 for recognizeCandidate:92ce6e48-4722-407a-9620-5998c6999257
2019-10-18 14:01:39,876 [grpc-default-executor-0] INFO  impl.RoleInfo (RoleInfo.java:shutdownFollowerState(121)) - 66f9d00c-1e97-4252-958c-bed5a531abda: shutdown FollowerState
2019-10-18 14:01:39,877 [grpc-default-executor-4] INFO  impl.RoleInfo (RoleInfo.java:shutdownFollowerState(121)) - 6cbfae60-ea29-4abc-a49d-ef94f4bd513a: shutdown FollowerState
2019-10-18 14:01:39,877 [Thread-1024] INFO  impl.FollowerState (FollowerState.java:run(117)) - 66f9d00c-1e97-4252-958c-bed5a531abda@group-E964BE911FCC-FollowerState was interrupted: java.lang.InterruptedException: sleep interrupted
2019-10-18 14:01:39,877 [grpc-default-executor-0] INFO  impl.RoleInfo (RoleInfo.java:updateAndGet(143)) - 66f9d00c-1e97-4252-958c-bed5a531abda: start FollowerState
2019-10-18 14:01:39,877 [Thread-1023] INFO  impl.FollowerState (FollowerState.java:run(117)) - 6cbfae60-ea29-4abc-a49d-ef94f4bd513a@group-E964BE911FCC-FollowerState was interrupted: java.lang.InterruptedException: sleep interrupted
2019-10-18 14:01:39,877 [grpc-default-executor-4] INFO  impl.RoleInfo (RoleInfo.java:updateAndGet(143)) - 6cbfae60-ea29-4abc-a49d-ef94f4bd513a: start FollowerState
2019-10-18 14:01:39,892 [92ce6e48-4722-407a-9620-5998c6999257@group-E964BE911FCC-LeaderElection124] INFO  impl.LeaderElection (LeaderElection.java:logAndReturn(56)) - 92ce6e48-4722-407a-9620-5998c6999257@group-E964BE911FCC-LeaderElection124: Election REJECTED; received 2 response(s) [92ce6e48-4722-407a-9620-5998c6999257<-6cbfae60-ea29-4abc-a49d-ef94f4bd513a#0:FAIL-t129, 92ce6e48-4722-407a-9620-5998c6999257<-66f9d00c-1e97-4252-958c-bed5a531abda#0:FAIL-t129] and 0 exception(s); 92ce6e48-4722-407a-9620-5998c6999257@group-E964BE911FCC:t129, leader=null, voted=92ce6e48-4722-407a-9620-5998c6999257, raftlog=92ce6e48-4722-407a-9620-5998c6999257@group-E964BE911FCC-SegmentedRaftLog:OPENED:c-1,f-1,i0, conf=-1: [6cbfae60-ea29-4abc-a49d-ef94f4bd513a:192.168.69.85:36685, 66f9d00c-1e97-4252-958c-bed5a531abda:192.168.69.85:45996, 92ce6e48-4722-407a-9620-5998c6999257:192.168.69.85:34971], old=null
2019-10-18 14:01:39,892 [92ce6e48-4722-407a-9620-5998c6999257@group-E964BE911FCC-LeaderElection124] INFO  impl.RaftServerImpl (RaftServerImpl.java:setRole(184)) - 92ce6e48-4722-407a-9620-5998c6999257@group-E964BE911FCC: changes role from CANDIDATE to FOLLOWER at term 129 for DISCOVERED_A_NEW_TERM
2019-10-18 14:01:39,892 [92ce6e48-4722-407a-9620-5998c6999257@group-E964BE911FCC-LeaderElection124] INFO  impl.RoleInfo (RoleInfo.java:shutdownLeaderElection(134)) - 92ce6e48-4722-407a-9620-5998c6999257: shutdown LeaderElection
2019-10-18 14:01:39,892 [92ce6e48-4722-407a-9620-5998c6999257@group-E964BE911FCC-LeaderElection124] INFO  impl.RoleInfo (RoleInfo.java:updateAndGet(143)) - 92ce6e48-4722-407a-9620-5998c6999257: start FollowerState
2019-10-18 14:01:39,908 [Thread-1031] INFO  impl.FollowerState (FollowerState.java:run(108)) - 92ce6e48-4722-407a-9620-5998c6999257@group-E964BE911FCC-FollowerState: change to CANDIDATE, lastRpcTime:15ms, electionTimeout:15ms
2019-10-18 14:01:39,908 [Thread-1031] INFO  impl.RoleInfo (RoleInfo.java:shutdownFollowerState(121)) - 92ce6e48-4722-407a-9620-5998c6999257: shutdown FollowerState
2019-10-18 14:01:39,908 [Thread-1031] INFO  impl.RaftServerImpl (RaftServerImpl.java:setRole(184)) - 92ce6e48-4722-407a-9620-5998c6999257@group-E964BE911FCC: changes role from  FOLLOWER to CANDIDATE at term 129 for changeToCandidate
2019-10-18 14:01:39,908 [Thread-1031] INFO  impl.RoleInfo (RoleInfo.java:updateAndGet(143)) - 92ce6e48-4722-407a-9620-5998c6999257: start LeaderElection
2019-10-18 14:01:39,923 [92ce6e48-4722-407a-9620-5998c6999257@group-E964BE911FCC-LeaderElection125] INFO  impl.LeaderElection (LeaderElection.java:askForVotes(178)) - 92ce6e48-4722-407a-9620-5998c6999257@group-E964BE911FCC-LeaderElection125: begin an election at term 130 for -1: [6cbfae60-ea29-4abc-a49d-ef94f4bd513a:192.168.69.85:36685, 66f9d00c-1e97-4252-958c-bed5a531abda:192.168.69.85:45996, 92ce6e48-4722-407a-9620-5998c6999257:192.168.69.85:34971], old=null
2019-10-18 14:01:39,925 [grpc-default-executor-4] INFO  impl.RaftServerImpl (RaftServerImpl.java:setRole(184)) - 6cbfae60-ea29-4abc-a49d-ef94f4bd513a@group-E964BE911FCC: changes role from  FOLLOWER to FOLLOWER at term 130 for recognizeCandidate:92ce6e48-4722-407a-9620-5998c6999257
2019-10-18 14:01:39,925 [grpc-default-executor-4] INFO  impl.RoleInfo (RoleInfo.java:shutdownFollowerState(121)) - 6cbfae60-ea29-4abc-a49d-ef94f4bd513a: shutdown FollowerState
2019-10-18 14:01:39,925 [grpc-default-executor-4] INFO  impl.RoleInfo (RoleInfo.java:updateAndGet(143)) - 6cbfae60-ea29-4abc-a49d-ef94f4bd513a: start FollowerState
2019-10-18 14:01:39,925 [grpc-default-executor-0] INFO  impl.RaftServerImpl (RaftServerImpl.java:setRole(184)) - 66f9d00c-1e97-4252-958c-bed5a531abda@group-E964BE911FCC: changes role from  FOLLOWER to FOLLOWER at term 130 for recognizeCandidate:92ce6e48-4722-407a-9620-5998c6999257
2019-10-18 14:01:39,925 [grpc-default-executor-0] INFO  impl.RoleInfo (RoleInfo.java:shutdownFollowerState(121)) - 66f9d00c-1e97-4252-958c-bed5a531abda: shutdown FollowerState
2019-10-18 14:01:39,925 [Thread-1030] INFO  impl.FollowerState (FollowerState.java:run(117)) - 6cbfae60-ea29-4abc-a49d-ef94f4bd513a@group-E964BE911FCC-FollowerState was interrupted: java.lang.InterruptedException: sleep interrupted
2019-10-18 14:01:39,926 [Thread-1029] INFO  impl.FollowerState (FollowerState.java:run(117)) - 66f9d00c-1e97-4252-958c-bed5a531abda@group-E964BE911FCC-FollowerState was interrupted: java.lang.InterruptedException: sleep interrupted
2019-10-18 14:01:39,926 [grpc-default-executor-0] INFO  impl.RoleInfo (RoleInfo.java:updateAndGet(143)) - 66f9d00c-1e97-4252-958c-bed5a531abda: start FollowerState
2019-10-18 14:01:39,951 [92ce6e48-4722-407a-9620-5998c6999257@group-E964BE911FCC-LeaderElection125] INFO  impl.LeaderElection (LeaderElection.java:logAndReturn(56)) - 92ce6e48-4722-407a-9620-5998c6999257@group-E964BE911FCC-LeaderElection125: Election REJECTED; received 2 response(s) [92ce6e48-4722-407a-9620-5998c6999257<-6cbfae60-ea29-4abc-a49d-ef94f4bd513a#0:FAIL-t130, 92ce6e48-4722-407a-9620-5998c6999257<-66f9d00c-1e97-4252-958c-bed5a531abda#0:FAIL-t130] and 0 exception(s); 92ce6e48-4722-407a-9620-5998c6999257@group-E964BE911FCC:t130, leader=null, voted=92ce6e48-4722-407a-9620-5998c6999257, raftlog=92ce6e48-4722-407a-9620-5998c6999257@group-E964BE911FCC-SegmentedRaftLog:OPENED:c-1,f-1,i0, conf=-1: [6cbfae60-ea29-4abc-a49d-ef94f4bd513a:192.168.69.85:36685, 66f9d00c-1e97-4252-958c-bed5a531abda:192.168.69.85:45996, 92ce6e48-4722-407a-9620-5998c6999257:192.168.69.85:34971], old=null
2019-10-18 14:01:39,951 [92ce6e48-4722-407a-9620-5998c6999257@group-E964BE911FCC-LeaderElection125] INFO  impl.RaftServerImpl (RaftServerImpl.java:setRole(184)) - 92ce6e48-4722-407a-9620-5998c6999257@group-E964BE911FCC: changes role from CANDIDATE to FOLLOWER at term 130 for DISCOVERED_A_NEW_TERM
2019-10-18 14:01:39,951 [92ce6e48-4722-407a-9620-5998c6999257@group-E964BE911FCC-LeaderElection125] INFO  impl.RoleInfo (RoleInfo.java:shutdownLeaderElection(134)) - 92ce6e48-4722-407a-9620-5998c6999257: shutdown LeaderElection
2019-10-18 14:01:39,951 [92ce6e48-4722-407a-9620-5998c6999257@group-E964BE911FCC-LeaderElection125] INFO  impl.RoleInfo (RoleInfo.java:updateAndGet(143)) - 92ce6e48-4722-407a-9620-5998c6999257: start FollowerState
2019-10-18 14:01:40,043 [Thread-1037] INFO  impl.FollowerState (FollowerState.java:run(108)) - 92ce6e48-4722-407a-9620-5998c6999257@group-E964BE911FCC-FollowerState: change to CANDIDATE, lastRpcTime:91ms, electionTimeout:91ms
2019-10-18 14:01:40,043 [Thread-1037] INFO  impl.RoleInfo (RoleInfo.java:shutdownFollowerState(121)) - 92ce6e48-4722-407a-9620-5998c6999257: shutdown FollowerState
2019-10-18 14:01:40,043 [Thread-1037] INFO  impl.RaftServerImpl (RaftServerImpl.java:setRole(184)) - 92ce6e48-4722-407a-9620-5998c6999257@group-E964BE911FCC: changes role from  FOLLOWER to CANDIDATE at term 130 for changeToCandidate
2019-10-18 14:01:40,043 [Thread-1037] INFO  impl.RoleInfo (RoleInfo.java:updateAndGet(143)) - 92ce6e48-4722-407a-9620-5998c6999257: start LeaderElection
2019-10-18 14:01:40,077 [92ce6e48-4722-407a-9620-5998c6999257@group-E964BE911FCC-LeaderElection126] INFO  impl.LeaderElection (LeaderElection.java:askForVotes(178)) - 92ce6e48-4722-407a-9620-5998c6999257@group-E964BE911FCC-LeaderElection126: begin an election at term 131 for -1: [6cbfae60-ea29-4abc-a49d-ef94f4bd513a:192.168.69.85:36685, 66f9d00c-1e97-4252-958c-bed5a531abda:192.168.69.85:45996, 92ce6e48-4722-407a-9620-5998c6999257:192.168.69.85:34971], old=null
2019-10-18 14:01:40,080 [grpc-default-executor-4] INFO  impl.RaftServerImpl (RaftServerImpl.java:setRole(184)) - 6cbfae60-ea29-4abc-a49d-ef94f4bd513a@group-E964BE911FCC: changes role from  FOLLOWER to FOLLOWER at term 131 for recognizeCandidate:92ce6e48-4722-407a-9620-5998c6999257
2019-10-18 14:01:40,080 [grpc-default-executor-4] INFO  impl.RoleInfo (RoleInfo.java:shutdownFollowerState(121)) - 6cbfae60-ea29-4abc-a49d-ef94f4bd513a: shutdown FollowerState
2019-10-18 14:01:40,080 [grpc-default-executor-0] INFO  impl.RaftServerImpl (RaftServerImpl.java:setRole(184)) - 66f9d00c-1e97-4252-958c-bed5a531abda@group-E964BE911FCC: changes role from  FOLLOWER to FOLLOWER at term 131 for recognizeCandidate:92ce6e48-4722-407a-9620-5998c6999257
2019-10-18 14:01:40,080 [Thread-1035] INFO  impl.FollowerState (FollowerState.java:run(117)) - 6cbfae60-ea29-4abc-a49d-ef94f4bd513a@group-E964BE911FCC-FollowerState was interrupted: java.lang.InterruptedException: sleep interrupted
2019-10-18 14:01:40,080 [grpc-default-executor-0] INFO  impl.RoleInfo (RoleInfo.java:shutdownFollowerState(121)) - 66f9d00c-1e97-4252-958c-bed5a531abda: shutdown FollowerState
2019-10-18 14:01:40,080 [grpc-default-executor-4] INFO  impl.RoleInfo (RoleInfo.java:updateAndGet(143)) - 6cbfae60-ea29-4abc-a49d-ef94f4bd513a: start FollowerState
2019-10-18 14:01:40,081 [Thread-1036] INFO  impl.FollowerState (FollowerState.java:run(117)) - 66f9d00c-1e97-4252-958c-bed5a531abda@group-E964BE911FCC-FollowerState was interrupted: java.lang.InterruptedException: sleep interrupted
2019-10-18 14:01:40,081 [grpc-default-executor-0] INFO  impl.RoleInfo (RoleInfo.java:updateAndGet(143)) - 66f9d00c-1e97-4252-958c-bed5a531abda: start FollowerState
2019-10-18 14:01:40,097 [92ce6e48-4722-407a-9620-5998c6999257@group-E964BE911FCC-LeaderElection126] INFO  impl.LeaderElection (LeaderElection.java:logAndReturn(56)) - 92ce6e48-4722-407a-9620-5998c6999257@group-E964BE911FCC-LeaderElection126: Election REJECTED; received 2 response(s) [92ce6e48-4722-407a-9620-5998c6999257<-6cbfae60-ea29-4abc-a49d-ef94f4bd513a#0:FAIL-t131, 92ce6e48-4722-407a-9620-5998c6999257<-66f9d00c-1e97-4252-958c-bed5a531abda#0:FAIL-t131] and 0 exception(s); 92ce6e48-4722-407a-9620-5998c6999257@group-E964BE911FCC:t131, leader=null, voted=92ce6e48-4722-407a-9620-5998c6999257, raftlog=92ce6e48-4722-407a-9620-5998c6999257@group-E964BE911FCC-SegmentedRaftLog:OPENED:c-1,f-1,i0, conf=-1: [6cbfae60-ea29-4abc-a49d-ef94f4bd513a:192.168.69.85:36685, 66f9d00c-1e97-4252-958c-bed5a531abda:192.168.69.85:45996, 92ce6e48-4722-407a-9620-5998c6999257:192.168.69.85:34971], old=null
2019-10-18 14:01:40,097 [92ce6e48-4722-407a-9620-5998c6999257@group-E964BE911FCC-LeaderElection126] INFO  impl.RaftServerImpl (RaftServerImpl.java:setRole(184)) - 92ce6e48-4722-407a-9620-5998c6999257@group-E964BE911FCC: changes role from CANDIDATE to FOLLOWER at term 131 for DISCOVERED_A_NEW_TERM
2019-10-18 14:01:40,097 [92ce6e48-4722-407a-9620-5998c6999257@group-E964BE911FCC-LeaderElection126] INFO  impl.RoleInfo (RoleInfo.java:shutdownLeaderElection(134)) - 92ce6e48-4722-407a-9620-5998c6999257: shutdown LeaderElection
2019-10-18 14:01:40,098 [92ce6e48-4722-407a-9620-5998c6999257@group-E964BE911FCC-LeaderElection126] INFO  impl.RoleInfo (RoleInfo.java:updateAndGet(143)) - 92ce6e48-4722-407a-9620-5998c6999257: start FollowerState
2019-10-18 14:01:40,159 [Thread-1045] INFO  impl.FollowerState (FollowerState.java:run(108)) - 92ce6e48-4722-407a-9620-5998c6999257@group-E964BE911FCC-FollowerState: change to CANDIDATE, lastRpcTime:61ms, electionTimeout:61ms
2019-10-18 14:01:40,159 [Thread-1045] INFO  impl.RoleInfo (RoleInfo.java:shutdownFollowerState(121)) - 92ce6e48-4722-407a-9620-5998c6999257: shutdown FollowerState
2019-10-18 14:01:40,159 [Thread-1045] INFO  impl.RaftServerImpl (RaftServerImpl.java:setRole(184)) - 92ce6e48-4722-407a-9620-5998c6999257@group-E964BE911FCC: changes role from  FOLLOWER to CANDIDATE at term 131 for changeToCandidate
2019-10-18 14:01:40,159 [Thread-1045] INFO  impl.RoleInfo (RoleInfo.java:updateAndGet(143)) - 92ce6e48-4722-407a-9620-5998c6999257: start LeaderElection
2019-10-18 14:01:40,174 [92ce6e48-4722-407a-9620-5998c6999257@group-E964BE911FCC-LeaderElection127] INFO  impl.LeaderElection (LeaderElection.java:askForVotes(178)) - 92ce6e48-4722-407a-9620-5998c6999257@group-E964BE911FCC-LeaderElection127: begin an election at term 132 for -1: [6cbfae60-ea29-4abc-a49d-ef94f4bd513a:192.168.69.85:36685, 66f9d00c-1e97-4252-958c-bed5a531abda:192.168.69.85:45996, 92ce6e48-4722-407a-9620-5998c6999257:192.168.69.85:34971], old=null
2019-10-18 14:01:40,176 [grpc-default-executor-0] INFO  impl.RaftServerImpl (RaftServerImpl.java:setRole(184)) - 6cbfae60-ea29-4abc-a49d-ef94f4bd513a@group-E964BE911FCC: changes role from  FOLLOWER to FOLLOWER at term 132 for recognizeCandidate:92ce6e48-4722-407a-9620-5998c6999257
2019-10-18 14:01:40,177 [grpc-default-executor-0] INFO  impl.RoleInfo (RoleInfo.java:shutdownFollowerState(121)) - 6cbfae60-ea29-4abc-a49d-ef94f4bd513a: shutdown FollowerState
2019-10-18 14:01:40,177 [Thread-1043] INFO  impl.FollowerState (FollowerState.java:run(117)) - 6cbfae60-ea29-4abc-a49d-ef94f4bd513a@group-E964BE911FCC-FollowerState was interrupted: java.lang.InterruptedException: sleep interrupted
2019-10-18 14:01:40,177 [grpc-default-executor-0] INFO  impl.RoleInfo (RoleInfo.java:updateAndGet(143)) - 6cbfae60-ea29-4abc-a49d-ef94f4bd513a: start FollowerState
2019-10-18 14:01:40,177 [grpc-default-executor-4] INFO  impl.RaftServerImpl (RaftServerImpl.java:setRole(184)) - 66f9d00c-1e97-4252-958c-bed5a531abda@group-E964BE911FCC: changes role from  FOLLOWER to FOLLOWER at term 132 for recognizeCandidate:92ce6e48-4722-407a-9620-5998c6999257
2019-10-18 14:01:40,177 [grpc-default-executor-4] INFO  impl.RoleInfo (RoleInfo.java:shutdownFollowerState(121)) - 66f9d00c-1e97-4252-958c-bed5a531abda: shutdown FollowerState
2019-10-18 14:01:40,177 [grpc-default-executor-4] INFO  impl.RoleInfo (RoleInfo.java:updateAndGet(143)) - 66f9d00c-1e97-4252-958c-bed5a531abda: start FollowerState
2019-10-18 14:01:40,177 [Thread-1044] INFO  impl.FollowerState (FollowerState.java:run(117)) - 66f9d00c-1e97-4252-958c-bed5a531abda@group-E964BE911FCC-FollowerState was interrupted: java.lang.InterruptedException: sleep interrupted
2019-10-18 14:01:40,203 [92ce6e48-4722-407a-9620-5998c6999257@group-E964BE911FCC-LeaderElection127] INFO  impl.LeaderElection (LeaderElection.java:logAndReturn(56)) - 92ce6e48-4722-407a-9620-5998c6999257@group-E964BE911FCC-LeaderElection127: Election REJECTED; received 2 response(s) [92ce6e48-4722-407a-9620-5998c6999257<-6cbfae60-ea29-4abc-a49d-ef94f4bd513a#0:FAIL-t132, 92ce6e48-4722-407a-9620-5998c6999257<-66f9d00c-1e97-4252-958c-bed5a531abda#0:FAIL-t132] and 0 exception(s); 92ce6e48-4722-407a-9620-5998c6999257@group-E964BE911FCC:t132, leader=null, voted=92ce6e48-4722-407a-9620-5998c6999257, raftlog=92ce6e48-4722-407a-9620-5998c6999257@group-E964BE911FCC-SegmentedRaftLog:OPENED:c-1,f-1,i0, conf=-1: [6cbfae60-ea29-4abc-a49d-ef94f4bd513a:192.168.69.85:36685, 66f9d00c-1e97-4252-958c-bed5a531abda:192.168.69.85:45996, 92ce6e48-4722-407a-9620-5998c6999257:192.168.69.85:34971], old=null
2019-10-18 14:01:40,204 [92ce6e48-4722-407a-9620-5998c6999257@group-E964BE911FCC-LeaderElection127] INFO  impl.RaftServerImpl (RaftServerImpl.java:setRole(184)) - 92ce6e48-4722-407a-9620-5998c6999257@group-E964BE911FCC: changes role from CANDIDATE to FOLLOWER at term 132 for DISCOVERED_A_NEW_TERM
2019-10-18 14:01:40,204 [92ce6e48-4722-407a-9620-5998c6999257@group-E964BE911FCC-LeaderElection127] INFO  impl.RoleInfo (RoleInfo.java:shutdownLeaderElection(134)) - 92ce6e48-4722-407a-9620-5998c6999257: shutdown LeaderElection
2019-10-18 14:01:40,204 [92ce6e48-4722-407a-9620-5998c6999257@group-E964BE911FCC-LeaderElection127] INFO  impl.RoleInfo (RoleInfo.java:updateAndGet(143)) - 92ce6e48-4722-407a-9620-5998c6999257: start FollowerState
2019-10-18 14:01:40,330 [Thread-1051] INFO  impl.FollowerState (FollowerState.java:run(108)) - 92ce6e48-4722-407a-9620-5998c6999257@group-E964BE911FCC-FollowerState: change to CANDIDATE, lastRpcTime:125ms, electionTimeout:125ms
2019-10-18 14:01:40,330 [Thread-1051] INFO  impl.RoleInfo (RoleInfo.java:shutdownFollowerState(121)) - 92ce6e48-4722-407a-9620-5998c6999257: shutdown FollowerState
2019-10-18 14:01:40,330 [Thread-1051] INFO  impl.RaftServerImpl (RaftServerImpl.java:setRole(184)) - 92ce6e48-4722-407a-9620-5998c6999257@group-E964BE911FCC: changes role from  FOLLOWER to CANDIDATE at term 132 for changeToCandidate
2019-10-18 14:01:40,330 [Thread-1051] INFO  impl.RoleInfo (RoleInfo.java:updateAndGet(143)) - 92ce6e48-4722-407a-9620-5998c6999257: start LeaderElection
2019-10-18 14:01:40,357 [92ce6e48-4722-407a-9620-5998c6999257@group-E964BE911FCC-LeaderElection128] INFO  impl.LeaderElection (LeaderElection.java:askForVotes(178)) - 92ce6e48-4722-407a-9620-5998c6999257@group-E964BE911FCC-LeaderElection128: begin an election at term 133 for -1: [6cbfae60-ea29-4abc-a49d-ef94f4bd513a:192.168.69.85:36685, 66f9d00c-1e97-4252-958c-bed5a531abda:192.168.69.85:45996, 92ce6e48-4722-407a-9620-5998c6999257:192.168.69.85:34971], old=null
2019-10-18 14:01:40,362 [grpc-default-executor-0] INFO  impl.RaftServerImpl (RaftServerImpl.java:setRole(184)) - 66f9d00c-1e97-4252-958c-bed5a531abda@group-E964BE911FCC: changes role from  FOLLOWER to FOLLOWER at term 133 for recognizeCandidate:92ce6e48-4722-407a-9620-5998c6999257
2019-10-18 14:01:40,362 [grpc-default-executor-4] INFO  impl.RaftServerImpl (RaftServerImpl.java:setRole(184)) - 6cbfae60-ea29-4abc-a49d-ef94f4bd513a@group-E964BE911FCC: changes role from  FOLLOWER to FOLLOWER at term 133 for recognizeCandidate:92ce6e48-4722-407a-9620-5998c6999257
2019-10-18 14:01:40,363 [grpc-default-executor-4] INFO  impl.RoleInfo (RoleInfo.java:shutdownFollowerState(121)) - 6cbfae60-ea29-4abc-a49d-ef94f4bd513a: shutdown FollowerState
2019-10-18 14:01:40,363 [grpc-default-executor-0] INFO  impl.RoleInfo (RoleInfo.java:shutdownFollowerState(121)) - 66f9d00c-1e97-4252-958c-bed5a531abda: shutdown FollowerState
2019-10-18 14:01:40,363 [grpc-default-executor-4] INFO  impl.RoleInfo (RoleInfo.java:updateAndGet(143)) - 6cbfae60-ea29-4abc-a49d-ef94f4bd513a: start FollowerState
2019-10-18 14:01:40,363 [Thread-1050] INFO  impl.FollowerState (FollowerState.java:run(117)) - 66f9d00c-1e97-4252-958c-bed5a531abda@group-E964BE911FCC-FollowerState was interrupted: java.lang.InterruptedException: sleep interrupted
2019-10-18 14:01:40,363 [Thread-1049] INFO  impl.FollowerState (FollowerState.java:run(117)) - 6cbfae60-ea29-4abc-a49d-ef94f4bd513a@group-E964BE911FCC-FollowerState was interrupted: java.lang.InterruptedException: sleep interrupted
2019-10-18 14:01:40,363 [grpc-default-executor-0] INFO  impl.RoleInfo (RoleInfo.java:updateAndGet(143)) - 66f9d00c-1e97-4252-958c-bed5a531abda: start FollowerState
2019-10-18 14:01:40,378 [92ce6e48-4722-407a-9620-5998c6999257@group-E964BE911FCC-LeaderElection128] INFO  impl.LeaderElection (LeaderElection.java:logAndReturn(56)) - 92ce6e48-4722-407a-9620-5998c6999257@group-E964BE911FCC-LeaderElection128: Election REJECTED; received 2 response(s) [92ce6e48-4722-407a-9620-5998c6999257<-6cbfae60-ea29-4abc-a49d-ef94f4bd513a#0:FAIL-t133, 92ce6e48-4722-407a-9620-5998c6999257<-66f9d00c-1e97-4252-958c-bed5a531abda#0:FAIL-t133] and 0 exception(s); 92ce6e48-4722-407a-9620-5998c6999257@group-E964BE911FCC:t133, leader=null, voted=92ce6e48-4722-407a-9620-5998c6999257, raftlog=92ce6e48-4722-407a-9620-5998c6999257@group-E964BE911FCC-SegmentedRaftLog:OPENED:c-1,f-1,i0, conf=-1: [6cbfae60-ea29-4abc-a49d-ef94f4bd513a:192.168.69.85:36685, 66f9d00c-1e97-4252-958c-bed5a531abda:192.168.69.85:45996, 92ce6e48-4722-407a-9620-5998c6999257:192.168.69.85:34971], old=null
2019-10-18 14:01:40,379 [92ce6e48-4722-407a-9620-5998c6999257@group-E964BE911FCC-LeaderElection128] INFO  impl.RaftServerImpl (RaftServerImpl.java:setRole(184)) - 92ce6e48-4722-407a-9620-5998c6999257@group-E964BE911FCC: changes role from CANDIDATE to FOLLOWER at term 133 for DISCOVERED_A_NEW_TERM
2019-10-18 14:01:40,379 [92ce6e48-4722-407a-9620-5998c6999257@group-E964BE911FCC-LeaderElection128] INFO  impl.RoleInfo (RoleInfo.java:shutdownLeaderElection(134)) - 92ce6e48-4722-407a-9620-5998c6999257: shutdown LeaderElection
2019-10-18 14:01:40,379 [92ce6e48-4722-407a-9620-5998c6999257@group-E964BE911FCC-LeaderElection128] INFO  impl.RoleInfo (RoleInfo.java:updateAndGet(143)) - 92ce6e48-4722-407a-9620-5998c6999257: start FollowerState
2019-10-18 14:01:40,469 [Thread-1057] INFO  impl.FollowerState (FollowerState.java:run(108)) - 92ce6e48-4722-407a-9620-5998c6999257@group-E964BE911FCC-FollowerState: change to CANDIDATE, lastRpcTime:89ms, electionTimeout:89ms
2019-10-18 14:01:40,469 [Thread-1057] INFO  impl.RoleInfo (RoleInfo.java:shutdownFollowerState(121)) - 92ce6e48-4722-407a-9620-5998c6999257: shutdown FollowerState
2019-10-18 14:01:40,469 [Thread-1057] INFO  impl.RaftServerImpl (RaftServerImpl.java:setRole(184)) - 92ce6e48-4722-407a-9620-5998c6999257@group-E964BE911FCC: changes role from  FOLLOWER to CANDIDATE at term 133 for changeToCandidate
2019-10-18 14:01:40,469 [Thread-1057] INFO  impl.RoleInfo (RoleInfo.java:updateAndGet(143)) - 92ce6e48-4722-407a-9620-5998c6999257: start LeaderElection
2019-10-18 14:01:40,483 [92ce6e48-4722-407a-9620-5998c6999257@group-E964BE911FCC-LeaderElection129] INFO  impl.LeaderElection (LeaderElection.java:askForVotes(178)) - 92ce6e48-4722-407a-9620-5998c6999257@group-E964BE911FCC-LeaderElection129: begin an election at term 134 for -1: [6cbfae60-ea29-4abc-a49d-ef94f4bd513a:192.168.69.85:36685, 66f9d00c-1e97-4252-958c-bed5a531abda:192.168.69.85:45996, 92ce6e48-4722-407a-9620-5998c6999257:192.168.69.85:34971], old=null
2019-10-18 14:01:40,486 [grpc-default-executor-4] INFO  impl.RaftServerImpl (RaftServerImpl.java:setRole(184)) - 66f9d00c-1e97-4252-958c-bed5a531abda@group-E964BE911FCC: changes role from  FOLLOWER to FOLLOWER at term 134 for recognizeCandidate:92ce6e48-4722-407a-9620-5998c6999257
2019-10-18 14:01:40,486 [grpc-default-executor-0] INFO  impl.RaftServerImpl (RaftServerImpl.java:setRole(184)) - 6cbfae60-ea29-4abc-a49d-ef94f4bd513a@group-E964BE911FCC: changes role from  FOLLOWER to FOLLOWER at term 134 for recognizeCandidate:92ce6e48-4722-407a-9620-5998c6999257
2019-10-18 14:01:40,486 [grpc-default-executor-4] INFO  impl.RoleInfo (RoleInfo.java:shutdownFollowerState(121)) - 66f9d00c-1e97-4252-958c-bed5a531abda: shutdown FollowerState
2019-10-18 14:01:40,486 [grpc-default-executor-0] INFO  impl.RoleInfo (RoleInfo.java:shutdownFollowerState(121)) - 6cbfae60-ea29-4abc-a49d-ef94f4bd513a: shutdown FollowerState
2019-10-18 14:01:40,486 [grpc-default-executor-4] INFO  impl.RoleInfo (RoleInfo.java:updateAndGet(143)) - 66f9d00c-1e97-4252-958c-bed5a531abda: start FollowerState
2019-10-18 14:01:40,486 [Thread-1056] INFO  impl.FollowerState (FollowerState.java:run(117)) - 66f9d00c-1e97-4252-958c-bed5a531abda@group-E964BE911FCC-FollowerState was interrupted: java.lang.InterruptedException: sleep interrupted
2019-10-18 14:01:40,486 [grpc-default-executor-0] INFO  impl.RoleInfo (RoleInfo.java:updateAndGet(143)) - 6cbfae60-ea29-4abc-a49d-ef94f4bd513a: start FollowerState
2019-10-18 14:01:40,486 [Thread-1055] INFO  impl.FollowerState (FollowerState.java:run(117)) - 6cbfae60-ea29-4abc-a49d-ef94f4bd513a@group-E964BE911FCC-FollowerState was interrupted: java.lang.InterruptedException: sleep interrupted
2019-10-18 14:01:40,500 [92ce6e48-4722-407a-9620-5998c6999257@group-E964BE911FCC-LeaderElection129] INFO  impl.LeaderElection (LeaderElection.java:logAndReturn(56)) - 92ce6e48-4722-407a-9620-5998c6999257@group-E964BE911FCC-LeaderElection129: Election TIMEOUT; received 1 response(s) [92ce6e48-4722-407a-9620-5998c6999257<-66f9d00c-1e97-4252-958c-bed5a531abda#0:FAIL-t134] and 0 exception(s); 92ce6e48-4722-407a-9620-5998c6999257@group-E964BE911FCC:t134, leader=null, voted=92ce6e48-4722-407a-9620-5998c6999257, raftlog=92ce6e48-4722-407a-9620-5998c6999257@group-E964BE911FCC-SegmentedRaftLog:OPENED:c-1,f-1,i0, conf=-1: [6cbfae60-ea29-4abc-a49d-ef94f4bd513a:192.168.69.85:36685, 66f9d00c-1e97-4252-958c-bed5a531abda:192.168.69.85:45996, 92ce6e48-4722-407a-9620-5998c6999257:192.168.69.85:34971], old=null
2019-10-18 14:01:40,514 [92ce6e48-4722-407a-9620-5998c6999257@group-E964BE911FCC-LeaderElection129] INFO  impl.LeaderElection (LeaderElection.java:askForVotes(178)) - 92ce6e48-4722-407a-9620-5998c6999257@group-E964BE911FCC-LeaderElection129: begin an election at term 135 for -1: [6cbfae60-ea29-4abc-a49d-ef94f4bd513a:192.168.69.85:36685, 66f9d00c-1e97-4252-958c-bed5a531abda:192.168.69.85:45996, 92ce6e48-4722-407a-9620-5998c6999257:192.168.69.85:34971], old=null
2019-10-18 14:01:40,515 [grpc-default-executor-4] INFO  impl.RaftServerImpl (RaftServerImpl.java:setRole(184)) - 6cbfae60-ea29-4abc-a49d-ef94f4bd513a@group-E964BE911FCC: changes role from  FOLLOWER to FOLLOWER at term 135 for recognizeCandidate:92ce6e48-4722-407a-9620-5998c6999257
2019-10-18 14:01:40,515 [grpc-default-executor-0] INFO  impl.RaftServerImpl (RaftServerImpl.java:setRole(184)) - 66f9d00c-1e97-4252-958c-bed5a531abda@group-E964BE911FCC: changes role from  FOLLOWER to FOLLOWER at term 135 for recognizeCandidate:92ce6e48-4722-407a-9620-5998c6999257
2019-10-18 14:01:40,516 [grpc-default-executor-0] INFO  impl.RoleInfo (RoleInfo.java:shutdownFollowerState(121)) - 66f9d00c-1e97-4252-958c-bed5a531abda: shutdown FollowerState
2019-10-18 14:01:40,516 [grpc-default-executor-4] INFO  impl.RoleInfo (RoleInfo.java:shutdownFollowerState(121)) - 6cbfae60-ea29-4abc-a49d-ef94f4bd513a: shutdown FollowerState
2019-10-18 14:01:40,516 [Thread-1061] INFO  impl.FollowerState (FollowerState.java:run(117)) - 66f9d00c-1e97-4252-958c-bed5a531abda@group-E964BE911FCC-FollowerState was interrupted: java.lang.InterruptedException: sleep interrupted
2019-10-18 14:01:40,516 [grpc-default-executor-0] INFO  impl.RoleInfo (RoleInfo.java:updateAndGet(143)) - 66f9d00c-1e97-4252-958c-bed5a531abda: start FollowerState
2019-10-18 14:01:40,516 [Thread-1062] INFO  impl.FollowerState (FollowerState.java:run(117)) - 6cbfae60-ea29-4abc-a49d-ef94f4bd513a@group-E964BE911FCC-FollowerState was interrupted: java.lang.InterruptedException: sleep interrupted
2019-10-18 14:01:40,516 [grpc-default-executor-4] INFO  impl.RoleInfo (RoleInfo.java:updateAndGet(143)) - 6cbfae60-ea29-4abc-a49d-ef94f4bd513a: start FollowerState
2019-10-18 14:01:40,542 [92ce6e48-4722-407a-9620-5998c6999257@group-E964BE911FCC-LeaderElection129] INFO  impl.LeaderElection (LeaderElection.java:logAndReturn(56)) - 92ce6e48-4722-407a-9620-5998c6999257@group-E964BE911FCC-LeaderElection129: Election REJECTED; received 2 response(s) [92ce6e48-4722-407a-9620-5998c6999257<-6cbfae60-ea29-4abc-a49d-ef94f4bd513a#0:FAIL-t135, 92ce6e48-4722-407a-9620-5998c6999257<-66f9d00c-1e97-4252-958c-bed5a531abda#0:FAIL-t135] and 0 exception(s); 92ce6e48-4722-407a-9620-5998c6999257@group-E964BE911FCC:t135, leader=null, voted=92ce6e48-4722-407a-9620-5998c6999257, raftlog=92ce6e48-4722-407a-9620-5998c6999257@group-E964BE911FCC-SegmentedRaftLog:OPENED:c-1,f-1,i0, conf=-1: [6cbfae60-ea29-4abc-a49d-ef94f4bd513a:192.168.69.85:36685, 66f9d00c-1e97-4252-958c-bed5a531abda:192.168.69.85:45996, 92ce6e48-4722-407a-9620-5998c6999257:192.168.69.85:34971], old=null
2019-10-18 14:01:40,542 [92ce6e48-4722-407a-9620-5998c6999257@group-E964BE911FCC-LeaderElection129] INFO  impl.RaftServerImpl (RaftServerImpl.java:setRole(184)) - 92ce6e48-4722-407a-9620-5998c6999257@group-E964BE911FCC: changes role from CANDIDATE to FOLLOWER at term 135 for DISCOVERED_A_NEW_TERM
2019-10-18 14:01:40,543 [92ce6e48-4722-407a-9620-5998c6999257@group-E964BE911FCC-LeaderElection129] INFO  impl.RoleInfo (RoleInfo.java:shutdownLeaderElection(134)) - 92ce6e48-4722-407a-9620-5998c6999257: shutdown LeaderElection
2019-10-18 14:01:40,543 [92ce6e48-4722-407a-9620-5998c6999257@group-E964BE911FCC-LeaderElection129] INFO  impl.RoleInfo (RoleInfo.java:updateAndGet(143)) - 92ce6e48-4722-407a-9620-5998c6999257: start FollowerState
2019-10-18 14:01:40,671 [Thread-1067] INFO  impl.FollowerState (FollowerState.java:run(108)) - 92ce6e48-4722-407a-9620-5998c6999257@group-E964BE911FCC-FollowerState: change to CANDIDATE, lastRpcTime:128ms, electionTimeout:128ms
2019-10-18 14:01:40,671 [Thread-1067] INFO  impl.RoleInfo (RoleInfo.java:shutdownFollowerState(121)) - 92ce6e48-4722-407a-9620-5998c6999257: shutdown FollowerState
2019-10-18 14:01:40,672 [Thread-1067] INFO  impl.RaftServerImpl (RaftServerImpl.java:setRole(184)) - 92ce6e48-4722-407a-9620-5998c6999257@group-E964BE911FCC: changes role from  FOLLOWER to CANDIDATE at term 135 for changeToCandidate
2019-10-18 14:01:40,672 [Thread-1067] INFO  impl.RoleInfo (RoleInfo.java:updateAndGet(143)) - 92ce6e48-4722-407a-9620-5998c6999257: start LeaderElection
2019-10-18 14:01:40,692 [92ce6e48-4722-407a-9620-5998c6999257@group-E964BE911FCC-LeaderElection130] INFO  impl.LeaderElection (LeaderElection.java:askForVotes(178)) - 92ce6e48-4722-407a-9620-5998c6999257@group-E964BE911FCC-LeaderElection130: begin an election at term 136 for -1: [6cbfae60-ea29-4abc-a49d-ef94f4bd513a:192.168.69.85:36685, 66f9d00c-1e97-4252-958c-bed5a531abda:192.168.69.85:45996, 92ce6e48-4722-407a-9620-5998c6999257:192.168.69.85:34971], old=null
2019-10-18 14:01:40,698 [grpc-default-executor-0] INFO  impl.RaftServerImpl (RaftServerImpl.java:setRole(184)) - 6cbfae60-ea29-4abc-a49d-ef94f4bd513a@group-E964BE911FCC: changes role from  FOLLOWER to FOLLOWER at term 136 for recognizeCandidate:92ce6e48-4722-407a-9620-5998c6999257
2019-10-18 14:01:40,698 [grpc-default-executor-4] INFO  impl.RaftServerImpl (RaftServerImpl.java:setRole(184)) - 66f9d00c-1e97-4252-958c-bed5a531abda@group-E964BE911FCC: changes role from  FOLLOWER to FOLLOWER at term 136 for recognizeCandidate:92ce6e48-4722-407a-9620-5998c6999257
2019-10-18 14:01:40,698 [grpc-default-executor-0] INFO  impl.RoleInfo (RoleInfo.java:shutdownFollowerState(121)) - 6cbfae60-ea29-4abc-a49d-ef94f4bd513a: shutdown FollowerState
2019-10-18 14:01:40,698 [grpc-default-executor-4] INFO  impl.RoleInfo (RoleInfo.java:shutdownFollowerState(121)) - 66f9d00c-1e97-4252-958c-bed5a531abda: shutdown FollowerState
2019-10-18 14:01:40,698 [Thread-1066] INFO  impl.FollowerState (FollowerState.java:run(117)) - 6cbfae60-ea29-4abc-a49d-ef94f4bd513a@group-E964BE911FCC-FollowerState was interrupted: java.lang.InterruptedException: sleep interrupted
2019-10-18 14:01:40,698 [grpc-default-executor-0] INFO  impl.RoleInfo (RoleInfo.java:updateAndGet(143)) - 6cbfae60-ea29-4abc-a49d-ef94f4bd513a: start FollowerState
2019-10-18 14:01:40,699 [Thread-1065] INFO  impl.FollowerState (FollowerState.java:run(117)) - 66f9d00c-1e97-4252-958c-bed5a531abda@group-E964BE911FCC-FollowerState was interrupted: java.lang.InterruptedException: sleep interrupted
2019-10-18 14:01:40,699 [grpc-default-executor-4] INFO  impl.RoleInfo (RoleInfo.java:updateAndGet(143)) - 66f9d00c-1e97-4252-958c-bed5a531abda: start FollowerState
2019-10-18 14:01:40,711 [92ce6e48-4722-407a-9620-5998c6999257@group-E964BE911FCC-LeaderElection130] INFO  impl.LeaderElection (LeaderElection.java:logAndReturn(56)) - 92ce6e48-4722-407a-9620-5998c6999257@group-E964BE911FCC-LeaderElection130: Election REJECTED; received 2 response(s) [92ce6e48-4722-407a-9620-5998c6999257<-6cbfae60-ea29-4abc-a49d-ef94f4bd513a#0:FAIL-t136, 92ce6e48-4722-407a-9620-5998c6999257<-66f9d00c-1e97-4252-958c-bed5a531abda#0:FAIL-t136] and 0 exception(s); 92ce6e48-4722-407a-9620-5998c6999257@group-E964BE911FCC:t136, leader=null, voted=92ce6e48-4722-407a-9620-5998c6999257, raftlog=92ce6e48-4722-407a-9620-5998c6999257@group-E964BE911FCC-SegmentedRaftLog:OPENED:c-1,f-1,i0, conf=-1: [6cbfae60-ea29-4abc-a49d-ef94f4bd513a:192.168.69.85:36685, 66f9d00c-1e97-4252-958c-bed5a531abda:192.168.69.85:45996, 92ce6e48-4722-407a-9620-5998c6999257:192.168.69.85:34971], old=null
2019-10-18 14:01:40,711 [92ce6e48-4722-407a-9620-5998c6999257@group-E964BE911FCC-LeaderElection130] INFO  impl.RaftServerImpl (RaftServerImpl.java:setRole(184)) - 92ce6e48-4722-407a-9620-5998c6999257@group-E964BE911FCC: changes role from CANDIDATE to FOLLOWER at term 136 for DISCOVERED_A_NEW_TERM
2019-10-18 14:01:40,711 [92ce6e48-4722-407a-9620-5998c6999257@group-E964BE911FCC-LeaderElection130] INFO  impl.RoleInfo (RoleInfo.java:shutdownLeaderElection(134)) - 92ce6e48-4722-407a-9620-5998c6999257: shutdown LeaderElection
2019-10-18 14:01:40,711 [92ce6e48-4722-407a-9620-5998c6999257@group-E964BE911FCC-LeaderElection130] INFO  impl.RoleInfo (RoleInfo.java:updateAndGet(143)) - 92ce6e48-4722-407a-9620-5998c6999257: start FollowerState
2019-10-18 14:01:40,808 [Thread-1073] INFO  impl.FollowerState (FollowerState.java:run(108)) - 92ce6e48-4722-407a-9620-5998c6999257@group-E964BE911FCC-FollowerState: change to CANDIDATE, lastRpcTime:97ms, electionTimeout:97ms
2019-10-18 14:01:40,809 [Thread-1073] INFO  impl.RoleInfo (RoleInfo.java:shutdownFollowerState(121)) - 92ce6e48-4722-407a-9620-5998c6999257: shutdown FollowerState
2019-10-18 14:01:40,809 [Thread-1073] INFO  impl.RaftServerImpl (RaftServerImpl.java:setRole(184)) - 92ce6e48-4722-407a-9620-5998c6999257@group-E964BE911FCC: changes role from  FOLLOWER to CANDIDATE at term 136 for changeToCandidate
2019-10-18 14:01:40,809 [Thread-1073] INFO  impl.RoleInfo (RoleInfo.java:updateAndGet(143)) - 92ce6e48-4722-407a-9620-5998c6999257: start LeaderElection
2019-10-18 14:01:40,823 [92ce6e48-4722-407a-9620-5998c6999257@group-E964BE911FCC-LeaderElection131] INFO  impl.LeaderElection (LeaderElection.java:askForVotes(178)) - 92ce6e48-4722-407a-9620-5998c6999257@group-E964BE911FCC-LeaderElection131: begin an election at term 137 for -1: [6cbfae60-ea29-4abc-a49d-ef94f4bd513a:192.168.69.85:36685, 66f9d00c-1e97-4252-958c-bed5a531abda:192.168.69.85:45996, 92ce6e48-4722-407a-9620-5998c6999257:192.168.69.85:34971], old=null
2019-10-18 14:01:40,825 [grpc-default-executor-0] INFO  impl.RaftServerImpl (RaftServerImpl.java:setRole(184)) - 6cbfae60-ea29-4abc-a49d-ef94f4bd513a@group-E964BE911FCC: changes role from  FOLLOWER to FOLLOWER at term 137 for recognizeCandidate:92ce6e48-4722-407a-9620-5998c6999257
2019-10-18 14:01:40,826 [grpc-default-executor-0] INFO  impl.RoleInfo (RoleInfo.java:shutdownFollowerState(121)) - 6cbfae60-ea29-4abc-a49d-ef94f4bd513a: shutdown FollowerState
2019-10-18 14:01:40,826 [grpc-default-executor-0] INFO  impl.RoleInfo (RoleInfo.java:updateAndGet(143)) - 6cbfae60-ea29-4abc-a49d-ef94f4bd513a: start FollowerState
2019-10-18 14:01:40,826 [grpc-default-executor-4] INFO  impl.RaftServerImpl (RaftServerImpl.java:setRole(184)) - 66f9d00c-1e97-4252-958c-bed5a531abda@group-E964BE911FCC: changes role from  FOLLOWER to FOLLOWER at term 137 for recognizeCandidate:92ce6e48-4722-407a-9620-5998c6999257
2019-10-18 14:01:40,826 [Thread-1071] INFO  impl.FollowerState (FollowerState.java:run(117)) - 6cbfae60-ea29-4abc-a49d-ef94f4bd513a@group-E964BE911FCC-FollowerState was interrupted: java.lang.InterruptedException: sleep interrupted
2019-10-18 14:01:40,826 [grpc-default-executor-4] INFO  impl.RoleInfo (RoleInfo.java:shutdownFollowerState(121)) - 66f9d00c-1e97-4252-958c-bed5a531abda: shutdown FollowerState
2019-10-18 14:01:40,826 [grpc-default-executor-4] INFO  impl.RoleInfo (RoleInfo.java:updateAndGet(143)) - 66f9d00c-1e97-4252-958c-bed5a531abda: start FollowerState
2019-10-18 14:01:40,826 [Thread-1072] INFO  impl.FollowerState (FollowerState.java:run(117)) - 66f9d00c-1e97-4252-958c-bed5a531abda@group-E964BE911FCC-FollowerState was interrupted: java.lang.InterruptedException: sleep interrupted
2019-10-18 14:01:40,840 [92ce6e48-4722-407a-9620-5998c6999257@group-E964BE911FCC-LeaderElection131] INFO  impl.LeaderElection (LeaderElection.java:logAndReturn(56)) - 92ce6e48-4722-407a-9620-5998c6999257@group-E964BE911FCC-LeaderElection131: Election REJECTED; received 2 response(s) [92ce6e48-4722-407a-9620-5998c6999257<-6cbfae60-ea29-4abc-a49d-ef94f4bd513a#0:FAIL-t137, 92ce6e48-4722-407a-9620-5998c6999257<-66f9d00c-1e97-4252-958c-bed5a531abda#0:FAIL-t137] and 0 exception(s); 92ce6e48-4722-407a-9620-5998c6999257@group-E964BE911FCC:t137, leader=null, voted=92ce6e48-4722-407a-9620-5998c6999257, raftlog=92ce6e48-4722-407a-9620-5998c6999257@group-E964BE911FCC-SegmentedRaftLog:OPENED:c-1,f-1,i0, conf=-1: [6cbfae60-ea29-4abc-a49d-ef94f4bd513a:192.168.69.85:36685, 66f9d00c-1e97-4252-958c-bed5a531abda:192.168.69.85:45996, 92ce6e48-4722-407a-9620-5998c6999257:192.168.69.85:34971], old=null
2019-10-18 14:01:40,840 [92ce6e48-4722-407a-9620-5998c6999257@group-E964BE911FCC-LeaderElection131] INFO  impl.RaftServerImpl (RaftServerImpl.java:setRole(184)) - 92ce6e48-4722-407a-9620-5998c6999257@group-E964BE911FCC: changes role from CANDIDATE to FOLLOWER at term 137 for DISCOVERED_A_NEW_TERM
2019-10-18 14:01:40,841 [92ce6e48-4722-407a-9620-5998c6999257@group-E964BE911FCC-LeaderElection131] INFO  impl.RoleInfo (RoleInfo.java:shutdownLeaderElection(134)) - 92ce6e48-4722-407a-9620-5998c6999257: shutdown LeaderElection
2019-10-18 14:01:40,841 [92ce6e48-4722-407a-9620-5998c6999257@group-E964BE911FCC-LeaderElection131] INFO  impl.RoleInfo (RoleInfo.java:updateAndGet(143)) - 92ce6e48-4722-407a-9620-5998c6999257: start FollowerState
2019-10-18 14:01:40,857 [Thread-1079] INFO  impl.FollowerState (FollowerState.java:run(108)) - 92ce6e48-4722-407a-9620-5998c6999257@group-E964BE911FCC-FollowerState: change to CANDIDATE, lastRpcTime:16ms, electionTimeout:16ms
2019-10-18 14:01:40,857 [Thread-1079] INFO  impl.RoleInfo (RoleInfo.java:shutdownFollowerState(121)) - 92ce6e48-4722-407a-9620-5998c6999257: shutdown FollowerState
2019-10-18 14:01:40,857 [Thread-1079] INFO  impl.RaftServerImpl (RaftServerImpl.java:setRole(184)) - 92ce6e48-4722-407a-9620-5998c6999257@group-E964BE911FCC: changes role from  FOLLOWER to CANDIDATE at term 137 for changeToCandidate
2019-10-18 14:01:40,857 [Thread-1079] INFO  impl.RoleInfo (RoleInfo.java:updateAndGet(143)) - 92ce6e48-4722-407a-9620-5998c6999257: start LeaderElection
2019-10-18 14:01:40,872 [92ce6e48-4722-407a-9620-5998c6999257@group-E964BE911FCC-LeaderElection132] INFO  impl.LeaderElection (LeaderElection.java:askForVotes(178)) - 92ce6e48-4722-407a-9620-5998c6999257@group-E964BE911FCC-LeaderElection132: begin an election at term 138 for -1: [6cbfae60-ea29-4abc-a49d-ef94f4bd513a:192.168.69.85:36685, 66f9d00c-1e97-4252-958c-bed5a531abda:192.168.69.85:45996, 92ce6e48-4722-407a-9620-5998c6999257:192.168.69.85:34971], old=null
2019-10-18 14:01:40,875 [grpc-default-executor-0] INFO  impl.RaftServerImpl (RaftServerImpl.java:setRole(184)) - 6cbfae60-ea29-4abc-a49d-ef94f4bd513a@group-E964BE911FCC: changes role from  FOLLOWER to FOLLOWER at term 138 for recognizeCandidate:92ce6e48-4722-407a-9620-5998c6999257
2019-10-18 14:01:40,875 [grpc-default-executor-0] INFO  impl.RoleInfo (RoleInfo.java:shutdownFollowerState(121)) - 6cbfae60-ea29-4abc-a49d-ef94f4bd513a: shutdown FollowerState
2019-10-18 14:01:40,875 [grpc-default-executor-4] INFO  impl.RaftServerImpl (RaftServerImpl.java:setRole(184)) - 66f9d00c-1e97-4252-958c-bed5a531abda@group-E964BE911FCC: changes role from  FOLLOWER to FOLLOWER at term 138 for recognizeCandidate:92ce6e48-4722-407a-9620-5998c6999257
2019-10-18 14:01:40,875 [Thread-1077] INFO  impl.FollowerState (FollowerState.java:run(117)) - 6cbfae60-ea29-4abc-a49d-ef94f4bd513a@group-E964BE911FCC-FollowerState was interrupted: java.lang.InterruptedException: sleep interrupted
2019-10-18 14:01:40,875 [grpc-default-executor-0] INFO  impl.RoleInfo (RoleInfo.java:updateAndGet(143)) - 6cbfae60-ea29-4abc-a49d-ef94f4bd513a: start FollowerState
2019-10-18 14:01:40,875 [grpc-default-executor-4] INFO  impl.RoleInfo (RoleInfo.java:shutdownFollowerState(121)) - 66f9d00c-1e97-4252-958c-bed5a531abda: shutdown FollowerState
2019-10-18 14:01:40,876 [grpc-default-executor-4] INFO  impl.RoleInfo (RoleInfo.java:updateAndGet(143)) - 66f9d00c-1e97-4252-958c-bed5a531abda: start FollowerState
2019-10-18 14:01:40,876 [Thread-1078] INFO  impl.FollowerState (FollowerState.java:run(117)) - 66f9d00c-1e97-4252-958c-bed5a531abda@group-E964BE911FCC-FollowerState was interrupted: java.lang.InterruptedException: sleep interrupted
2019-10-18 14:01:40,892 [92ce6e48-4722-407a-9620-5998c6999257@group-E964BE911FCC-LeaderElection132] INFO  impl.LeaderElection (LeaderElection.java:logAndReturn(56)) - 92ce6e48-4722-407a-9620-5998c6999257@group-E964BE911FCC-LeaderElection132: Election REJECTED; received 2 response(s) [92ce6e48-4722-407a-9620-5998c6999257<-6cbfae60-ea29-4abc-a49d-ef94f4bd513a#0:FAIL-t138, 92ce6e48-4722-407a-9620-5998c6999257<-66f9d00c-1e97-4252-958c-bed5a531abda#0:FAIL-t138] and 0 exception(s); 92ce6e48-4722-407a-9620-5998c6999257@group-E964BE911FCC:t138, leader=null, voted=92ce6e48-4722-407a-9620-5998c6999257, raftlog=92ce6e48-4722-407a-9620-5998c6999257@group-E964BE911FCC-SegmentedRaftLog:OPENED:c-1,f-1,i0, conf=-1: [6cbfae60-ea29-4abc-a49d-ef94f4bd513a:192.168.69.85:36685, 66f9d00c-1e97-4252-958c-bed5a531abda:192.168.69.85:45996, 92ce6e48-4722-407a-9620-5998c6999257:192.168.69.85:34971], old=null
2019-10-18 14:01:40,892 [92ce6e48-4722-407a-9620-5998c6999257@group-E964BE911FCC-LeaderElection132] INFO  impl.RaftServerImpl (RaftServerImpl.java:setRole(184)) - 92ce6e48-4722-407a-9620-5998c6999257@group-E964BE911FCC: changes role from CANDIDATE to FOLLOWER at term 138 for DISCOVERED_A_NEW_TERM
2019-10-18 14:01:40,892 [92ce6e48-4722-407a-9620-5998c6999257@group-E964BE911FCC-LeaderElection132] INFO  impl.RoleInfo (RoleInfo.java:shutdownLeaderElection(134)) - 92ce6e48-4722-407a-9620-5998c6999257: shutdown LeaderElection
2019-10-18 14:01:40,892 [92ce6e48-4722-407a-9620-5998c6999257@group-E964BE911FCC-LeaderElection132] INFO  impl.RoleInfo (RoleInfo.java:updateAndGet(143)) - 92ce6e48-4722-407a-9620-5998c6999257: start FollowerState
2019-10-18 14:01:40,981 [Thread-1085] INFO  impl.FollowerState (FollowerState.java:run(108)) - 92ce6e48-4722-407a-9620-5998c6999257@group-E964BE911FCC-FollowerState: change to CANDIDATE, lastRpcTime:89ms, electionTimeout:88ms
2019-10-18 14:01:40,981 [Thread-1085] INFO  impl.RoleInfo (RoleInfo.java:shutdownFollowerState(121)) - 92ce6e48-4722-407a-9620-5998c6999257: shutdown FollowerState
2019-10-18 14:01:40,982 [Thread-1085] INFO  impl.RaftServerImpl (RaftServerImpl.java:setRole(184)) - 92ce6e48-4722-407a-9620-5998c6999257@group-E964BE911FCC: changes role from  FOLLOWER to CANDIDATE at term 138 for changeToCandidate
2019-10-18 14:01:40,982 [Thread-1085] INFO  impl.RoleInfo (RoleInfo.java:updateAndGet(143)) - 92ce6e48-4722-407a-9620-5998c6999257: start LeaderElection
2019-10-18 14:01:40,988 [92ce6e48-4722-407a-9620-5998c6999257@group-E964BE911FCC-LeaderElection133] INFO  impl.LeaderElection (LeaderElection.java:askForVotes(178)) - 92ce6e48-4722-407a-9620-5998c6999257@group-E964BE911FCC-LeaderElection133: begin an election at term 139 for -1: [6cbfae60-ea29-4abc-a49d-ef94f4bd513a:192.168.69.85:36685, 66f9d00c-1e97-4252-958c-bed5a531abda:192.168.69.85:45996, 92ce6e48-4722-407a-9620-5998c6999257:192.168.69.85:34971], old=null
2019-10-18 14:01:40,990 [grpc-default-executor-4] INFO  impl.RaftServerImpl (RaftServerImpl.java:setRole(184)) - 66f9d00c-1e97-4252-958c-bed5a531abda@group-E964BE911FCC: changes role from  FOLLOWER to FOLLOWER at term 139 for recognizeCandidate:92ce6e48-4722-407a-9620-5998c6999257
2019-10-18 14:01:40,990 [grpc-default-executor-4] INFO  impl.RoleInfo (RoleInfo.java:shutdownFollowerState(121)) - 66f9d00c-1e97-4252-958c-bed5a531abda: shutdown FollowerState
2019-10-18 14:01:40,990 [grpc-default-executor-0] INFO  impl.RaftServerImpl (RaftServerImpl.java:setRole(184)) - 6cbfae60-ea29-4abc-a49d-ef94f4bd513a@group-E964BE911FCC: changes role from  FOLLOWER to FOLLOWER at term 139 for recognizeCandidate:92ce6e48-4722-407a-9620-5998c6999257
2019-10-18 14:01:40,991 [Thread-1084] INFO  impl.FollowerState (FollowerState.java:run(117)) - 66f9d00c-1e97-4252-958c-bed5a531abda@group-E964BE911FCC-FollowerState was interrupted: java.lang.InterruptedException: sleep interrupted
2019-10-18 14:01:40,991 [grpc-default-executor-4] INFO  impl.RoleInfo (RoleInfo.java:updateAndGet(143)) - 66f9d00c-1e97-4252-958c-bed5a531abda: start FollowerState
2019-10-18 14:01:40,991 [grpc-default-executor-0] INFO  impl.RoleInfo (RoleInfo.java:shutdownFollowerState(121)) - 6cbfae60-ea29-4abc-a49d-ef94f4bd513a: shutdown FollowerState
2019-10-18 14:01:40,991 [grpc-default-executor-0] INFO  impl.RoleInfo (RoleInfo.java:updateAndGet(143)) - 6cbfae60-ea29-4abc-a49d-ef94f4bd513a: start FollowerState
2019-10-18 14:01:40,991 [Thread-1083] INFO  impl.FollowerState (FollowerState.java:run(117)) - 6cbfae60-ea29-4abc-a49d-ef94f4bd513a@group-E964BE911FCC-FollowerState was interrupted: java.lang.InterruptedException: sleep interrupted
2019-10-18 14:01:41,002 [92ce6e48-4722-407a-9620-5998c6999257@group-E964BE911FCC-LeaderElection133] INFO  impl.LeaderElection (LeaderElection.java:logAndReturn(56)) - 92ce6e48-4722-407a-9620-5998c6999257@group-E964BE911FCC-LeaderElection133: Election REJECTED; received 2 response(s) [92ce6e48-4722-407a-9620-5998c6999257<-6cbfae60-ea29-4abc-a49d-ef94f4bd513a#0:FAIL-t139, 92ce6e48-4722-407a-9620-5998c6999257<-66f9d00c-1e97-4252-958c-bed5a531abda#0:FAIL-t139] and 0 exception(s); 92ce6e48-4722-407a-9620-5998c6999257@group-E964BE911FCC:t139, leader=null, voted=92ce6e48-4722-407a-9620-5998c6999257, raftlog=92ce6e48-4722-407a-9620-5998c6999257@group-E964BE911FCC-SegmentedRaftLog:OPENED:c-1,f-1,i0, conf=-1: [6cbfae60-ea29-4abc-a49d-ef94f4bd513a:192.168.69.85:36685, 66f9d00c-1e97-4252-958c-bed5a531abda:192.168.69.85:45996, 92ce6e48-4722-407a-9620-5998c6999257:192.168.69.85:34971], old=null
2019-10-18 14:01:41,003 [92ce6e48-4722-407a-9620-5998c6999257@group-E964BE911FCC-LeaderElection133] INFO  impl.RaftServerImpl (RaftServerImpl.java:setRole(184)) - 92ce6e48-4722-407a-9620-5998c6999257@group-E964BE911FCC: changes role from CANDIDATE to FOLLOWER at term 139 for DISCOVERED_A_NEW_TERM
2019-10-18 14:01:41,003 [92ce6e48-4722-407a-9620-5998c6999257@group-E964BE911FCC-LeaderElection133] INFO  impl.RoleInfo (RoleInfo.java:shutdownLeaderElection(134)) - 92ce6e48-4722-407a-9620-5998c6999257: shutdown LeaderElection
2019-10-18 14:01:41,003 [92ce6e48-4722-407a-9620-5998c6999257@group-E964BE911FCC-LeaderElection133] INFO  impl.RoleInfo (RoleInfo.java:updateAndGet(143)) - 92ce6e48-4722-407a-9620-5998c6999257: start FollowerState
2019-10-18 14:01:41,103 [Thread-1091] INFO  impl.FollowerState (FollowerState.java:run(108)) - 92ce6e48-4722-407a-9620-5998c6999257@group-E964BE911FCC-FollowerState: change to CANDIDATE, lastRpcTime:100ms, electionTimeout:100ms
2019-10-18 14:01:41,103 [Thread-1091] INFO  impl.RoleInfo (RoleInfo.java:shutdownFollowerState(121)) - 92ce6e48-4722-407a-9620-5998c6999257: shutdown FollowerState
2019-10-18 14:01:41,104 [Thread-1091] INFO  impl.RaftServerImpl (RaftServerImpl.java:setRole(184)) - 92ce6e48-4722-407a-9620-5998c6999257@group-E964BE911FCC: changes role from  FOLLOWER to CANDIDATE at term 139 for changeToCandidate
2019-10-18 14:01:41,104 [Thread-1091] INFO  impl.RoleInfo (RoleInfo.java:updateAndGet(143)) - 92ce6e48-4722-407a-9620-5998c6999257: start LeaderElection
2019-10-18 14:01:41,118 [92ce6e48-4722-407a-9620-5998c6999257@group-E964BE911FCC-LeaderElection134] INFO  impl.LeaderElection (LeaderElection.java:askForVotes(178)) - 92ce6e48-4722-407a-9620-5998c6999257@group-E964BE911FCC-LeaderElection134: begin an election at term 140 for -1: [6cbfae60-ea29-4abc-a49d-ef94f4bd513a:192.168.69.85:36685, 66f9d00c-1e97-4252-958c-bed5a531abda:192.168.69.85:45996, 92ce6e48-4722-407a-9620-5998c6999257:192.168.69.85:34971], old=null
2019-10-18 14:01:41,121 [grpc-default-executor-4] INFO  impl.RaftServerImpl (RaftServerImpl.java:setRole(184)) - 6cbfae60-ea29-4abc-a49d-ef94f4bd513a@group-E964BE911FCC: changes role from  FOLLOWER to FOLLOWER at term 140 for recognizeCandidate:92ce6e48-4722-407a-9620-5998c6999257
2019-10-18 14:01:41,121 [grpc-default-executor-4] INFO  impl.RoleInfo (RoleInfo.java:shutdownFollowerState(121)) - 6cbfae60-ea29-4abc-a49d-ef94f4bd513a: shutdown FollowerState
2019-10-18 14:01:41,121 [grpc-default-executor-0] INFO  impl.RaftServerImpl (RaftServerImpl.java:setRole(184)) - 66f9d00c-1e97-4252-958c-bed5a531abda@group-E964BE911FCC: changes role from  FOLLOWER to FOLLOWER at term 140 for recognizeCandidate:92ce6e48-4722-407a-9620-5998c6999257
2019-10-18 14:01:41,121 [Thread-1090] INFO  impl.FollowerState (FollowerState.java:run(117)) - 6cbfae60-ea29-4abc-a49d-ef94f4bd513a@group-E964BE911FCC-FollowerState was interrupted: java.lang.InterruptedException: sleep interrupted
2019-10-18 14:01:41,121 [grpc-default-executor-4] INFO  impl.RoleInfo (RoleInfo.java:updateAndGet(143)) - 6cbfae60-ea29-4abc-a49d-ef94f4bd513a: start FollowerState
2019-10-18 14:01:41,121 [grpc-default-executor-0] INFO  impl.RoleInfo (RoleInfo.java:shutdownFollowerState(121)) - 66f9d00c-1e97-4252-958c-bed5a531abda: shutdown FollowerState
2019-10-18 14:01:41,122 [grpc-default-executor-0] INFO  impl.RoleInfo (RoleInfo.java:updateAndGet(143)) - 66f9d00c-1e97-4252-958c-bed5a531abda: start FollowerState
2019-10-18 14:01:41,122 [Thread-1089] INFO  impl.FollowerState (FollowerState.java:run(117)) - 66f9d00c-1e97-4252-958c-bed5a531abda@group-E964BE911FCC-FollowerState was interrupted: java.lang.InterruptedException: sleep interrupted
2019-10-18 14:01:41,136 [92ce6e48-4722-407a-9620-5998c6999257@group-E964BE911FCC-LeaderElection134] INFO  impl.LeaderElection (LeaderElection.java:logAndReturn(56)) - 92ce6e48-4722-407a-9620-5998c6999257@group-E964BE911FCC-LeaderElection134: Election REJECTED; received 2 response(s) [92ce6e48-4722-407a-9620-5998c6999257<-6cbfae60-ea29-4abc-a49d-ef94f4bd513a#0:FAIL-t140, 92ce6e48-4722-407a-9620-5998c6999257<-66f9d00c-1e97-4252-958c-bed5a531abda#0:FAIL-t140] and 0 exception(s); 92ce6e48-4722-407a-9620-5998c6999257@group-E964BE911FCC:t140, leader=null, voted=92ce6e48-4722-407a-9620-5998c6999257, raftlog=92ce6e48-4722-407a-9620-5998c6999257@group-E964BE911FCC-SegmentedRaftLog:OPENED:c-1,f-1,i0, conf=-1: [6cbfae60-ea29-4abc-a49d-ef94f4bd513a:192.168.69.85:36685, 66f9d00c-1e97-4252-958c-bed5a531abda:192.168.69.85:45996, 92ce6e48-4722-407a-9620-5998c6999257:192.168.69.85:34971], old=null
2019-10-18 14:01:41,136 [92ce6e48-4722-407a-9620-5998c6999257@group-E964BE911FCC-LeaderElection134] INFO  impl.RaftServerImpl (RaftServerImpl.java:setRole(184)) - 92ce6e48-4722-407a-9620-5998c6999257@group-E964BE911FCC: changes role from CANDIDATE to FOLLOWER at term 140 for DISCOVERED_A_NEW_TERM
2019-10-18 14:01:41,136 [92ce6e48-4722-407a-9620-5998c6999257@group-E964BE911FCC-LeaderElection134] INFO  impl.RoleInfo (RoleInfo.java:shutdownLeaderElection(134)) - 92ce6e48-4722-407a-9620-5998c6999257: shutdown LeaderElection
2019-10-18 14:01:41,136 [92ce6e48-4722-407a-9620-5998c6999257@group-E964BE911FCC-LeaderElection134] INFO  impl.RoleInfo (RoleInfo.java:updateAndGet(143)) - 92ce6e48-4722-407a-9620-5998c6999257: start FollowerState
2019-10-18 14:01:41,233 [Thread-1099] INFO  impl.FollowerState (FollowerState.java:run(108)) - 92ce6e48-4722-407a-9620-5998c6999257@group-E964BE911FCC-FollowerState: change to CANDIDATE, lastRpcTime:96ms, electionTimeout:96ms
2019-10-18 14:01:41,233 [Thread-1099] INFO  impl.RoleInfo (RoleInfo.java:shutdownFollowerState(121)) - 92ce6e48-4722-407a-9620-5998c6999257: shutdown FollowerState
2019-10-18 14:01:41,233 [Thread-1099] INFO  impl.RaftServerImpl (RaftServerImpl.java:setRole(184)) - 92ce6e48-4722-407a-9620-5998c6999257@group-E964BE911FCC: changes role from  FOLLOWER to CANDIDATE at term 140 for changeToCandidate
2019-10-18 14:01:41,233 [Thread-1099] INFO  impl.RoleInfo (RoleInfo.java:updateAndGet(143)) - 92ce6e48-4722-407a-9620-5998c6999257: start LeaderElection
2019-10-18 14:01:41,259 [92ce6e48-4722-407a-9620-5998c6999257@group-E964BE911FCC-LeaderElection135] INFO  impl.LeaderElection (LeaderElection.java:askForVotes(178)) - 92ce6e48-4722-407a-9620-5998c6999257@group-E964BE911FCC-LeaderElection135: begin an election at term 141 for -1: [6cbfae60-ea29-4abc-a49d-ef94f4bd513a:192.168.69.85:36685, 66f9d00c-1e97-4252-958c-bed5a531abda:192.168.69.85:45996, 92ce6e48-4722-407a-9620-5998c6999257:192.168.69.85:34971], old=null
2019-10-18 14:01:41,263 [grpc-default-executor-0] INFO  impl.RaftServerImpl (RaftServerImpl.java:setRole(184)) - 6cbfae60-ea29-4abc-a49d-ef94f4bd513a@group-E964BE911FCC: changes role from  FOLLOWER to FOLLOWER at term 141 for recognizeCandidate:92ce6e48-4722-407a-9620-5998c6999257
2019-10-18 14:01:41,263 [grpc-default-executor-0] INFO  impl.RoleInfo (RoleInfo.java:shutdownFollowerState(121)) - 6cbfae60-ea29-4abc-a49d-ef94f4bd513a: shutdown FollowerState
2019-10-18 14:01:41,263 [grpc-default-executor-4] INFO  impl.RaftServerImpl (RaftServerImpl.java:setRole(184)) - 66f9d00c-1e97-4252-958c-bed5a531abda@group-E964BE911FCC: changes role from  FOLLOWER to FOLLOWER at term 141 for recognizeCandidate:92ce6e48-4722-407a-9620-5998c6999257
2019-10-18 14:01:41,264 [Thread-1097] INFO  impl.FollowerState (FollowerState.java:run(117)) - 6cbfae60-ea29-4abc-a49d-ef94f4bd513a@group-E964BE911FCC-FollowerState was interrupted: java.lang.InterruptedException: sleep interrupted
2019-10-18 14:01:41,263 [grpc-default-executor-0] INFO  impl.RoleInfo (RoleInfo.java:updateAndGet(143)) - 6cbfae60-ea29-4abc-a49d-ef94f4bd513a: start FollowerState
2019-10-18 14:01:41,264 [grpc-default-executor-4] INFO  impl.RoleInfo (RoleInfo.java:shutdownFollowerState(121)) - 66f9d00c-1e97-4252-958c-bed5a531abda: shutdown FollowerState
2019-10-18 14:01:41,264 [grpc-default-executor-4] INFO  impl.RoleInfo (RoleInfo.java:updateAndGet(143)) - 66f9d00c-1e97-4252-958c-bed5a531abda: start FollowerState
2019-10-18 14:01:41,264 [Thread-1098] INFO  impl.FollowerState (FollowerState.java:run(117)) - 66f9d00c-1e97-4252-958c-bed5a531abda@group-E964BE911FCC-FollowerState was interrupted: java.lang.InterruptedException: sleep interrupted
2019-10-18 14:01:41,280 [92ce6e48-4722-407a-9620-5998c6999257@group-E964BE911FCC-LeaderElection135] INFO  impl.LeaderElection (LeaderElection.java:logAndReturn(56)) - 92ce6e48-4722-407a-9620-5998c6999257@group-E964BE911FCC-LeaderElection135: Election REJECTED; received 2 response(s) [92ce6e48-4722-407a-9620-5998c6999257<-6cbfae60-ea29-4abc-a49d-ef94f4bd513a#0:FAIL-t141, 92ce6e48-4722-407a-9620-5998c6999257<-66f9d00c-1e97-4252-958c-bed5a531abda#0:FAIL-t141] and 0 exception(s); 92ce6e48-4722-407a-9620-5998c6999257@group-E964BE911FCC:t141, leader=null, voted=92ce6e48-4722-407a-9620-5998c6999257, raftlog=92ce6e48-4722-407a-9620-5998c6999257@group-E964BE911FCC-SegmentedRaftLog:OPENED:c-1,f-1,i0, conf=-1: [6cbfae60-ea29-4abc-a49d-ef94f4bd513a:192.168.69.85:36685, 66f9d00c-1e97-4252-958c-bed5a531abda:192.168.69.85:45996, 92ce6e48-4722-407a-9620-5998c6999257:192.168.69.85:34971], old=null
2019-10-18 14:01:41,280 [92ce6e48-4722-407a-9620-5998c6999257@group-E964BE911FCC-LeaderElection135] INFO  impl.RaftServerImpl (RaftServerImpl.java:setRole(184)) - 92ce6e48-4722-407a-9620-5998c6999257@group-E964BE911FCC: changes role from CANDIDATE to FOLLOWER at term 141 for DISCOVERED_A_NEW_TERM
2019-10-18 14:01:41,281 [92ce6e48-4722-407a-9620-5998c6999257@group-E964BE911FCC-LeaderElection135] INFO  impl.RoleInfo (RoleInfo.java:shutdownLeaderElection(134)) - 92ce6e48-4722-407a-9620-5998c6999257: shutdown LeaderElection
2019-10-18 14:01:41,281 [92ce6e48-4722-407a-9620-5998c6999257@group-E964BE911FCC-LeaderElection135] INFO  impl.RoleInfo (RoleInfo.java:updateAndGet(143)) - 92ce6e48-4722-407a-9620-5998c6999257: start FollowerState
2019-10-18 14:01:41,311 [Thread-1105] INFO  impl.FollowerState (FollowerState.java:run(108)) - 92ce6e48-4722-407a-9620-5998c6999257@group-E964BE911FCC-FollowerState: change to CANDIDATE, lastRpcTime:30ms, electionTimeout:30ms
2019-10-18 14:01:41,311 [Thread-1105] INFO  impl.RoleInfo (RoleInfo.java:shutdownFollowerState(121)) - 92ce6e48-4722-407a-9620-5998c6999257: shutdown FollowerState
2019-10-18 14:01:41,311 [Thread-1105] INFO  impl.RaftServerImpl (RaftServerImpl.java:setRole(184)) - 92ce6e48-4722-407a-9620-5998c6999257@group-E964BE911FCC: changes role from  FOLLOWER to CANDIDATE at term 141 for changeToCandidate
2019-10-18 14:01:41,311 [Thread-1105] INFO  impl.RoleInfo (RoleInfo.java:updateAndGet(143)) - 92ce6e48-4722-407a-9620-5998c6999257: start LeaderElection
2019-10-18 14:01:41,335 [92ce6e48-4722-407a-9620-5998c6999257@group-E964BE911FCC-LeaderElection136] INFO  impl.LeaderElection (LeaderElection.java:askForVotes(178)) - 92ce6e48-4722-407a-9620-5998c6999257@group-E964BE911FCC-LeaderElection136: begin an election at term 142 for -1: [6cbfae60-ea29-4abc-a49d-ef94f4bd513a:192.168.69.85:36685, 66f9d00c-1e97-4252-958c-bed5a531abda:192.168.69.85:45996, 92ce6e48-4722-407a-9620-5998c6999257:192.168.69.85:34971], old=null
2019-10-18 14:01:41,338 [grpc-default-executor-0] INFO  impl.RaftServerImpl (RaftServerImpl.java:setRole(184)) - 66f9d00c-1e97-4252-958c-bed5a531abda@group-E964BE911FCC: changes role from  FOLLOWER to FOLLOWER at term 142 for recognizeCandidate:92ce6e48-4722-407a-9620-5998c6999257
2019-10-18 14:01:41,338 [grpc-default-executor-0] INFO  impl.RoleInfo (RoleInfo.java:shutdownFollowerState(121)) - 66f9d00c-1e97-4252-958c-bed5a531abda: shutdown FollowerState
2019-10-18 14:01:41,338 [grpc-default-executor-0] INFO  impl.RoleInfo (RoleInfo.java:updateAndGet(143)) - 66f9d00c-1e97-4252-958c-bed5a531abda: start FollowerState
2019-10-18 14:01:41,338 [Thread-1104] INFO  impl.FollowerState (FollowerState.java:run(117)) - 66f9d00c-1e97-4252-958c-bed5a531abda@group-E964BE911FCC-FollowerState was interrupted: java.lang.InterruptedException: sleep interrupted
2019-10-18 14:01:41,338 [grpc-default-executor-4] INFO  impl.RaftServerImpl (RaftServerImpl.java:setRole(184)) - 6cbfae60-ea29-4abc-a49d-ef94f4bd513a@group-E964BE911FCC: changes role from  FOLLOWER to FOLLOWER at term 142 for recognizeCandidate:92ce6e48-4722-407a-9620-5998c6999257
2019-10-18 14:01:41,339 [grpc-default-executor-4] INFO  impl.RoleInfo (RoleInfo.java:shutdownFollowerState(121)) - 6cbfae60-ea29-4abc-a49d-ef94f4bd513a: shutdown FollowerState
2019-10-18 14:01:41,339 [grpc-default-executor-4] INFO  impl.RoleInfo (RoleInfo.java:updateAndGet(143)) - 6cbfae60-ea29-4abc-a49d-ef94f4bd513a: start FollowerState
2019-10-18 14:01:41,339 [Thread-1103] INFO  impl.FollowerState (FollowerState.java:run(117)) - 6cbfae60-ea29-4abc-a49d-ef94f4bd513a@group-E964BE911FCC-FollowerState was interrupted: java.lang.InterruptedException: sleep interrupted
2019-10-18 14:01:41,366 [92ce6e48-4722-407a-9620-5998c6999257@group-E964BE911FCC-LeaderElection136] INFO  impl.LeaderElection (LeaderElection.java:logAndReturn(56)) - 92ce6e48-4722-407a-9620-5998c6999257@group-E964BE911FCC-LeaderElection136: Election REJECTED; received 2 response(s) [92ce6e48-4722-407a-9620-5998c6999257<-6cbfae60-ea29-4abc-a49d-ef94f4bd513a#0:FAIL-t142, 92ce6e48-4722-407a-9620-5998c6999257<-66f9d00c-1e97-4252-958c-bed5a531abda#0:FAIL-t142] and 0 exception(s); 92ce6e48-4722-407a-9620-5998c6999257@group-E964BE911FCC:t142, leader=null, voted=92ce6e48-4722-407a-9620-5998c6999257, raftlog=92ce6e48-4722-407a-9620-5998c6999257@group-E964BE911FCC-SegmentedRaftLog:OPENED:c-1,f-1,i0, conf=-1: [6cbfae60-ea29-4abc-a49d-ef94f4bd513a:192.168.69.85:36685, 66f9d00c-1e97-4252-958c-bed5a531abda:192.168.69.85:45996, 92ce6e48-4722-407a-9620-5998c6999257:192.168.69.85:34971], old=null
2019-10-18 14:01:41,366 [92ce6e48-4722-407a-9620-5998c6999257@group-E964BE911FCC-LeaderElection136] INFO  impl.RaftServerImpl (RaftServerImpl.java:setRole(184)) - 92ce6e48-4722-407a-9620-5998c6999257@group-E964BE911FCC: changes role from CANDIDATE to FOLLOWER at term 142 for DISCOVERED_A_NEW_TERM
2019-10-18 14:01:41,366 [92ce6e48-4722-407a-9620-5998c6999257@group-E964BE911FCC-LeaderElection136] INFO  impl.RoleInfo (RoleInfo.java:shutdownLeaderElection(134)) - 92ce6e48-4722-407a-9620-5998c6999257: shutdown LeaderElection
2019-10-18 14:01:41,367 [92ce6e48-4722-407a-9620-5998c6999257@group-E964BE911FCC-LeaderElection136] INFO  impl.RoleInfo (RoleInfo.java:updateAndGet(143)) - 92ce6e48-4722-407a-9620-5998c6999257: start FollowerState
2019-10-18 14:01:41,507 [Thread-1111] INFO  impl.FollowerState (FollowerState.java:run(108)) - 92ce6e48-4722-407a-9620-5998c6999257@group-E964BE911FCC-FollowerState: change to CANDIDATE, lastRpcTime:140ms, electionTimeout:140ms
2019-10-18 14:01:41,508 [Thread-1111] INFO  impl.RoleInfo (RoleInfo.java:shutdownFollowerState(121)) - 92ce6e48-4722-407a-9620-5998c6999257: shutdown FollowerState
2019-10-18 14:01:41,509 [Thread-1111] INFO  impl.RaftServerImpl (RaftServerImpl.java:setRole(184)) - 92ce6e48-4722-407a-9620-5998c6999257@group-E964BE911FCC: changes role from  FOLLOWER to CANDIDATE at term 142 for changeToCandidate
2019-10-18 14:01:41,509 [Thread-1111] INFO  impl.RoleInfo (RoleInfo.java:updateAndGet(143)) - 92ce6e48-4722-407a-9620-5998c6999257: start LeaderElection
2019-10-18 14:01:41,534 [92ce6e48-4722-407a-9620-5998c6999257@group-E964BE911FCC-LeaderElection137] INFO  impl.LeaderElection (LeaderElection.java:askForVotes(178)) - 92ce6e48-4722-407a-9620-5998c6999257@group-E964BE911FCC-LeaderElection137: begin an election at term 143 for -1: [6cbfae60-ea29-4abc-a49d-ef94f4bd513a:192.168.69.85:36685, 66f9d00c-1e97-4252-958c-bed5a531abda:192.168.69.85:45996, 92ce6e48-4722-407a-9620-5998c6999257:192.168.69.85:34971], old=null
2019-10-18 14:01:41,539 [grpc-default-executor-4] INFO  impl.RaftServerImpl (RaftServerImpl.java:setRole(184)) - 6cbfae60-ea29-4abc-a49d-ef94f4bd513a@group-E964BE911FCC: changes role from  FOLLOWER to FOLLOWER at term 143 for recognizeCandidate:92ce6e48-4722-407a-9620-5998c6999257
2019-10-18 14:01:41,539 [grpc-default-executor-4] INFO  impl.RoleInfo (RoleInfo.java:shutdownFollowerState(121)) - 6cbfae60-ea29-4abc-a49d-ef94f4bd513a: shutdown FollowerState
2019-10-18 14:01:41,539 [grpc-default-executor-0] INFO  impl.RaftServerImpl (RaftServerImpl.java:setRole(184)) - 66f9d00c-1e97-4252-958c-bed5a531abda@group-E964BE911FCC: changes role from  FOLLOWER to FOLLOWER at term 143 for recognizeCandidate:92ce6e48-4722-407a-9620-5998c6999257
2019-10-18 14:01:41,539 [grpc-default-executor-4] INFO  impl.RoleInfo (RoleInfo.java:updateAndGet(143)) - 6cbfae60-ea29-4abc-a49d-ef94f4bd513a: start FollowerState
2019-10-18 14:01:41,539 [grpc-default-executor-0] INFO  impl.RoleInfo (RoleInfo.java:shutdownFollowerState(121)) - 66f9d00c-1e97-4252-958c-bed5a531abda: shutdown FollowerState
2019-10-18 14:01:41,539 [Thread-1110] INFO  impl.FollowerState (FollowerState.java:run(117)) - 6cbfae60-ea29-4abc-a49d-ef94f4bd513a@group-E964BE911FCC-FollowerState was interrupted: java.lang.InterruptedException: sleep interrupted
2019-10-18 14:01:41,540 [Thread-1109] INFO  impl.FollowerState (FollowerState.java:run(117)) - 66f9d00c-1e97-4252-958c-bed5a531abda@group-E964BE911FCC-FollowerState was interrupted: java.lang.InterruptedException: sleep interrupted
2019-10-18 14:01:41,539 [grpc-default-executor-0] INFO  impl.RoleInfo (RoleInfo.java:updateAndGet(143)) - 66f9d00c-1e97-4252-958c-bed5a531abda: start FollowerState
2019-10-18 14:01:41,565 [92ce6e48-4722-407a-9620-5998c6999257@group-E964BE911FCC-LeaderElection137] INFO  impl.LeaderElection (LeaderElection.java:logAndReturn(56)) - 92ce6e48-4722-407a-9620-5998c6999257@group-E964BE911FCC-LeaderElection137: Election REJECTED; received 2 response(s) [92ce6e48-4722-407a-9620-5998c6999257<-6cbfae60-ea29-4abc-a49d-ef94f4bd513a#0:FAIL-t143, 92ce6e48-4722-407a-9620-5998c6999257<-66f9d00c-1e97-4252-958c-bed5a531abda#0:FAIL-t143] and 0 exception(s); 92ce6e48-4722-407a-9620-5998c6999257@group-E964BE911FCC:t143, leader=null, voted=92ce6e48-4722-407a-9620-5998c6999257, raftlog=92ce6e48-4722-407a-9620-5998c6999257@group-E964BE911FCC-SegmentedRaftLog:OPENED:c-1,f-1,i0, conf=-1: [6cbfae60-ea29-4abc-a49d-ef94f4bd513a:192.168.69.85:36685, 66f9d00c-1e97-4252-958c-bed5a531abda:192.168.69.85:45996, 92ce6e48-4722-407a-9620-5998c6999257:192.168.69.85:34971], old=null
2019-10-18 14:01:41,565 [92ce6e48-4722-407a-9620-5998c6999257@group-E964BE911FCC-LeaderElection137] INFO  impl.RaftServerImpl (RaftServerImpl.java:setRole(184)) - 92ce6e48-4722-407a-9620-5998c6999257@group-E964BE911FCC: changes role from CANDIDATE to FOLLOWER at term 143 for DISCOVERED_A_NEW_TERM
2019-10-18 14:01:41,566 [92ce6e48-4722-407a-9620-5998c6999257@group-E964BE911FCC-LeaderElection137] INFO  impl.RoleInfo (RoleInfo.java:shutdownLeaderElection(134)) - 92ce6e48-4722-407a-9620-5998c6999257: shutdown LeaderElection
2019-10-18 14:01:41,566 [92ce6e48-4722-407a-9620-5998c6999257@group-E964BE911FCC-LeaderElection137] INFO  impl.RoleInfo (RoleInfo.java:updateAndGet(143)) - 92ce6e48-4722-407a-9620-5998c6999257: start FollowerState
2019-10-18 14:01:41,603 [Thread-1117] INFO  impl.FollowerState (FollowerState.java:run(108)) - 92ce6e48-4722-407a-9620-5998c6999257@group-E964BE911FCC-FollowerState: change to CANDIDATE, lastRpcTime:37ms, electionTimeout:37ms
2019-10-18 14:01:41,603 [Thread-1117] INFO  impl.RoleInfo (RoleInfo.java:shutdownFollowerState(121)) - 92ce6e48-4722-407a-9620-5998c6999257: shutdown FollowerState
2019-10-18 14:01:41,603 [Thread-1117] INFO  impl.RaftServerImpl (RaftServerImpl.java:setRole(184)) - 92ce6e48-4722-407a-9620-5998c6999257@group-E964BE911FCC: changes role from  FOLLOWER to CANDIDATE at term 143 for changeToCandidate
2019-10-18 14:01:41,604 [Thread-1117] INFO  impl.RoleInfo (RoleInfo.java:updateAndGet(143)) - 92ce6e48-4722-407a-9620-5998c6999257: start LeaderElection
2019-10-18 14:01:41,619 [92ce6e48-4722-407a-9620-5998c6999257@group-E964BE911FCC-LeaderElection138] INFO  impl.LeaderElection (LeaderElection.java:askForVotes(178)) - 92ce6e48-4722-407a-9620-5998c6999257@group-E964BE911FCC-LeaderElection138: begin an election at term 144 for -1: [6cbfae60-ea29-4abc-a49d-ef94f4bd513a:192.168.69.85:36685, 66f9d00c-1e97-4252-958c-bed5a531abda:192.168.69.85:45996, 92ce6e48-4722-407a-9620-5998c6999257:192.168.69.85:34971], old=null
2019-10-18 14:01:41,621 [grpc-default-executor-0] INFO  impl.RaftServerImpl (RaftServerImpl.java:setRole(184)) - 6cbfae60-ea29-4abc-a49d-ef94f4bd513a@group-E964BE911FCC: changes role from  FOLLOWER to FOLLOWER at term 144 for recognizeCandidate:92ce6e48-4722-407a-9620-5998c6999257
2019-10-18 14:01:41,621 [grpc-default-executor-0] INFO  impl.RoleInfo (RoleInfo.java:shutdownFollowerState(121)) - 6cbfae60-ea29-4abc-a49d-ef94f4bd513a: shutdown FollowerState
2019-10-18 14:01:41,621 [grpc-default-executor-0] INFO  impl.RoleInfo (RoleInfo.java:updateAndGet(143)) - 6cbfae60-ea29-4abc-a49d-ef94f4bd513a: start FollowerState
2019-10-18 14:01:41,621 [Thread-1115] INFO  impl.FollowerState (FollowerState.java:run(117)) - 6cbfae60-ea29-4abc-a49d-ef94f4bd513a@group-E964BE911FCC-FollowerState was interrupted: java.lang.InterruptedException: sleep interrupted
2019-10-18 14:01:41,621 [grpc-default-executor-4] INFO  impl.RaftServerImpl (RaftServerImpl.java:setRole(184)) - 66f9d00c-1e97-4252-958c-bed5a531abda@group-E964BE911FCC: changes role from  FOLLOWER to FOLLOWER at term 144 for recognizeCandidate:92ce6e48-4722-407a-9620-5998c6999257
2019-10-18 14:01:41,622 [grpc-default-executor-4] INFO  impl.RoleInfo (RoleInfo.java:shutdownFollowerState(121)) - 66f9d00c-1e97-4252-958c-bed5a531abda: shutdown FollowerState
2019-10-18 14:01:41,622 [grpc-default-executor-4] INFO  impl.RoleInfo (RoleInfo.java:updateAndGet(143)) - 66f9d00c-1e97-4252-958c-bed5a531abda: start FollowerState
2019-10-18 14:01:41,622 [Thread-1116] INFO  impl.FollowerState (FollowerState.java:run(117)) - 66f9d00c-1e97-4252-958c-bed5a531abda@group-E964BE911FCC-FollowerState was interrupted: java.lang.InterruptedException: sleep interrupted
2019-10-18 14:01:41,639 [92ce6e48-4722-407a-9620-5998c6999257@group-E964BE911FCC-LeaderElection138] INFO  impl.LeaderElection (LeaderElection.java:logAndReturn(56)) - 92ce6e48-4722-407a-9620-5998c6999257@group-E964BE911FCC-LeaderElection138: Election REJECTED; received 2 response(s) [92ce6e48-4722-407a-9620-5998c6999257<-6cbfae60-ea29-4abc-a49d-ef94f4bd513a#0:FAIL-t144, 92ce6e48-4722-407a-9620-5998c6999257<-66f9d00c-1e97-4252-958c-bed5a531abda#0:FAIL-t144] and 0 exception(s); 92ce6e48-4722-407a-9620-5998c6999257@group-E964BE911FCC:t144, leader=null, voted=92ce6e48-4722-407a-9620-5998c6999257, raftlog=92ce6e48-4722-407a-9620-5998c6999257@group-E964BE911FCC-SegmentedRaftLog:OPENED:c-1,f-1,i0, conf=-1: [6cbfae60-ea29-4abc-a49d-ef94f4bd513a:192.168.69.85:36685, 66f9d00c-1e97-4252-958c-bed5a531abda:192.168.69.85:45996, 92ce6e48-4722-407a-9620-5998c6999257:192.168.69.85:34971], old=null
2019-10-18 14:01:41,639 [92ce6e48-4722-407a-9620-5998c6999257@group-E964BE911FCC-LeaderElection138] INFO  impl.RaftServerImpl (RaftServerImpl.java:setRole(184)) - 92ce6e48-4722-407a-9620-5998c6999257@group-E964BE911FCC: changes role from CANDIDATE to FOLLOWER at term 144 for DISCOVERED_A_NEW_TERM
2019-10-18 14:01:41,639 [92ce6e48-4722-407a-9620-5998c6999257@group-E964BE911FCC-LeaderElection138] INFO  impl.RoleInfo (RoleInfo.java:shutdownLeaderElection(134)) - 92ce6e48-4722-407a-9620-5998c6999257: shutdown LeaderElection
2019-10-18 14:01:41,639 [92ce6e48-4722-407a-9620-5998c6999257@group-E964BE911FCC-LeaderElection138] INFO  impl.RoleInfo (RoleInfo.java:updateAndGet(143)) - 92ce6e48-4722-407a-9620-5998c6999257: start FollowerState
2019-10-18 14:01:41,757 [Thread-1123] INFO  impl.FollowerState (FollowerState.java:run(108)) - 92ce6e48-4722-407a-9620-5998c6999257@group-E964BE911FCC-FollowerState: change to CANDIDATE, lastRpcTime:118ms, electionTimeout:118ms
2019-10-18 14:01:41,758 [Thread-1123] INFO  impl.RoleInfo (RoleInfo.java:shutdownFollowerState(121)) - 92ce6e48-4722-407a-9620-5998c6999257: shutdown FollowerState
2019-10-18 14:01:41,758 [Thread-1123] INFO  impl.RaftServerImpl (RaftServerImpl.java:setRole(184)) - 92ce6e48-4722-407a-9620-5998c6999257@group-E964BE911FCC: changes role from  FOLLOWER to CANDIDATE at term 144 for changeToCandidate
2019-10-18 14:01:41,758 [Thread-1123] INFO  impl.RoleInfo (RoleInfo.java:updateAndGet(143)) - 92ce6e48-4722-407a-9620-5998c6999257: start LeaderElection
2019-10-18 14:01:41,772 [92ce6e48-4722-407a-9620-5998c6999257@group-E964BE911FCC-LeaderElection139] INFO  impl.LeaderElection (LeaderElection.java:askForVotes(178)) - 92ce6e48-4722-407a-9620-5998c6999257@group-E964BE911FCC-LeaderElection139: begin an election at term 145 for -1: [6cbfae60-ea29-4abc-a49d-ef94f4bd513a:192.168.69.85:36685, 66f9d00c-1e97-4252-958c-bed5a531abda:192.168.69.85:45996, 92ce6e48-4722-407a-9620-5998c6999257:192.168.69.85:34971], old=null
2019-10-18 14:01:41,774 [grpc-default-executor-0] INFO  impl.RaftServerImpl (RaftServerImpl.java:setRole(184)) - 6cbfae60-ea29-4abc-a49d-ef94f4bd513a@group-E964BE911FCC: changes role from  FOLLOWER to FOLLOWER at term 145 for recognizeCandidate:92ce6e48-4722-407a-9620-5998c6999257
2019-10-18 14:01:41,774 [grpc-default-executor-0] INFO  impl.RoleInfo (RoleInfo.java:shutdownFollowerState(121)) - 6cbfae60-ea29-4abc-a49d-ef94f4bd513a: shutdown FollowerState
2019-10-18 14:01:41,774 [grpc-default-executor-4] INFO  impl.RaftServerImpl (RaftServerImpl.java:setRole(184)) - 66f9d00c-1e97-4252-958c-bed5a531abda@group-E964BE911FCC: changes role from  FOLLOWER to FOLLOWER at term 145 for recognizeCandidate:92ce6e48-4722-407a-9620-5998c6999257
2019-10-18 14:01:41,774 [grpc-default-executor-0] INFO  impl.RoleInfo (RoleInfo.java:updateAndGet(143)) - 6cbfae60-ea29-4abc-a49d-ef94f4bd513a: start FollowerState
2019-10-18 14:01:41,775 [grpc-default-executor-4] INFO  impl.RoleInfo (RoleInfo.java:shutdownFollowerState(121)) - 66f9d00c-1e97-4252-958c-bed5a531abda: shutdown FollowerState
2019-10-18 14:01:41,775 [Thread-1121] INFO  impl.FollowerState (FollowerState.java:run(117)) - 6cbfae60-ea29-4abc-a49d-ef94f4bd513a@group-E964BE911FCC-FollowerState was interrupted: java.lang.InterruptedException: sleep interrupted
2019-10-18 14:01:41,775 [Thread-1122] INFO  impl.FollowerState (FollowerState.java:run(117)) - 66f9d00c-1e97-4252-958c-bed5a531abda@group-E964BE911FCC-FollowerState was interrupted: java.lang.InterruptedException: sleep interrupted
2019-10-18 14:01:41,775 [grpc-default-executor-4] INFO  impl.RoleInfo (RoleInfo.java:updateAndGet(143)) - 66f9d00c-1e97-4252-958c-bed5a531abda: start FollowerState
2019-10-18 14:01:41,787 [92ce6e48-4722-407a-9620-5998c6999257@group-E964BE911FCC-LeaderElection139] INFO  impl.LeaderElection (LeaderElection.java:logAndReturn(56)) - 92ce6e48-4722-407a-9620-5998c6999257@group-E964BE911FCC-LeaderElection139: Election REJECTED; received 2 response(s) [92ce6e48-4722-407a-9620-5998c6999257<-6cbfae60-ea29-4abc-a49d-ef94f4bd513a#0:FAIL-t145, 92ce6e48-4722-407a-9620-5998c6999257<-66f9d00c-1e97-4252-958c-bed5a531abda#0:FAIL-t145] and 0 exception(s); 92ce6e48-4722-407a-9620-5998c6999257@group-E964BE911FCC:t145, leader=null, voted=92ce6e48-4722-407a-9620-5998c6999257, raftlog=92ce6e48-4722-407a-9620-5998c6999257@group-E964BE911FCC-SegmentedRaftLog:OPENED:c-1,f-1,i0, conf=-1: [6cbfae60-ea29-4abc-a49d-ef94f4bd513a:192.168.69.85:36685, 66f9d00c-1e97-4252-958c-bed5a531abda:192.168.69.85:45996, 92ce6e48-4722-407a-9620-5998c6999257:192.168.69.85:34971], old=null
2019-10-18 14:01:41,787 [92ce6e48-4722-407a-9620-5998c6999257@group-E964BE911FCC-LeaderElection139] INFO  impl.RaftServerImpl (RaftServerImpl.java:setRole(184)) - 92ce6e48-4722-407a-9620-5998c6999257@group-E964BE911FCC: changes role from CANDIDATE to FOLLOWER at term 145 for DISCOVERED_A_NEW_TERM
2019-10-18 14:01:41,787 [92ce6e48-4722-407a-9620-5998c6999257@group-E964BE911FCC-LeaderElection139] INFO  impl.RoleInfo (RoleInfo.java:shutdownLeaderElection(134)) - 92ce6e48-4722-407a-9620-5998c6999257: shutdown LeaderElection
2019-10-18 14:01:41,787 [92ce6e48-4722-407a-9620-5998c6999257@group-E964BE911FCC-LeaderElection139] INFO  impl.RoleInfo (RoleInfo.java:updateAndGet(143)) - 92ce6e48-4722-407a-9620-5998c6999257: start FollowerState
2019-10-18 14:01:41,851 [Thread-1129] INFO  impl.FollowerState (FollowerState.java:run(108)) - 92ce6e48-4722-407a-9620-5998c6999257@group-E964BE911FCC-FollowerState: change to CANDIDATE, lastRpcTime:63ms, electionTimeout:63ms
2019-10-18 14:01:41,851 [Thread-1129] INFO  impl.RoleInfo (RoleInfo.java:shutdownFollowerState(121)) - 92ce6e48-4722-407a-9620-5998c6999257: shutdown FollowerState
2019-10-18 14:01:41,851 [Thread-1129] INFO  impl.RaftServerImpl (RaftServerImpl.java:setRole(184)) - 92ce6e48-4722-407a-9620-5998c6999257@group-E964BE911FCC: changes role from  FOLLOWER to CANDIDATE at term 145 for changeToCandidate
2019-10-18 14:01:41,851 [Thread-1129] INFO  impl.RoleInfo (RoleInfo.java:updateAndGet(143)) - 92ce6e48-4722-407a-9620-5998c6999257: start LeaderElection
2019-10-18 14:01:41,876 [92ce6e48-4722-407a-9620-5998c6999257@group-E964BE911FCC-LeaderElection140] INFO  impl.LeaderElection (LeaderElection.java:askForVotes(178)) - 92ce6e48-4722-407a-9620-5998c6999257@group-E964BE911FCC-LeaderElection140: begin an election at term 146 for -1: [6cbfae60-ea29-4abc-a49d-ef94f4bd513a:192.168.69.85:36685, 66f9d00c-1e97-4252-958c-bed5a531abda:192.168.69.85:45996, 92ce6e48-4722-407a-9620-5998c6999257:192.168.69.85:34971], old=null
2019-10-18 14:01:41,879 [grpc-default-executor-0] INFO  impl.RaftServerImpl (RaftServerImpl.java:setRole(184)) - 66f9d00c-1e97-4252-958c-bed5a531abda@group-E964BE911FCC: changes role from  FOLLOWER to FOLLOWER at term 146 for recognizeCandidate:92ce6e48-4722-407a-9620-5998c6999257
2019-10-18 14:01:41,879 [grpc-default-executor-0] INFO  impl.RoleInfo (RoleInfo.java:shutdownFollowerState(121)) - 66f9d00c-1e97-4252-958c-bed5a531abda: shutdown FollowerState
2019-10-18 14:01:41,879 [grpc-default-executor-4] INFO  impl.RaftServerImpl (RaftServerImpl.java:setRole(184)) - 6cbfae60-ea29-4abc-a49d-ef94f4bd513a@group-E964BE911FCC: changes role from  FOLLOWER to FOLLOWER at term 146 for recognizeCandidate:92ce6e48-4722-407a-9620-5998c6999257
2019-10-18 14:01:41,880 [Thread-1128] INFO  impl.FollowerState (FollowerState.java:run(117)) - 66f9d00c-1e97-4252-958c-bed5a531abda@group-E964BE911FCC-FollowerState was interrupted: java.lang.InterruptedException: sleep interrupted
2019-10-18 14:01:41,879 [grpc-default-executor-0] INFO  impl.RoleInfo (RoleInfo.java:updateAndGet(143)) - 66f9d00c-1e97-4252-958c-bed5a531abda: start FollowerState
2019-10-18 14:01:41,880 [grpc-default-executor-4] INFO  impl.RoleInfo (RoleInfo.java:shutdownFollowerState(121)) - 6cbfae60-ea29-4abc-a49d-ef94f4bd513a: shutdown FollowerState
2019-10-18 14:01:41,880 [grpc-default-executor-4] INFO  impl.RoleInfo (RoleInfo.java:updateAndGet(143)) - 6cbfae60-ea29-4abc-a49d-ef94f4bd513a: start FollowerState
2019-10-18 14:01:41,880 [Thread-1127] INFO  impl.FollowerState (FollowerState.java:run(117)) - 6cbfae60-ea29-4abc-a49d-ef94f4bd513a@group-E964BE911FCC-FollowerState was interrupted: java.lang.InterruptedException: sleep interrupted
2019-10-18 14:01:41,896 [92ce6e48-4722-407a-9620-5998c6999257@group-E964BE911FCC-LeaderElection140] INFO  impl.LeaderElection (LeaderElection.java:logAndReturn(56)) - 92ce6e48-4722-407a-9620-5998c6999257@group-E964BE911FCC-LeaderElection140: Election REJECTED; received 2 response(s) [92ce6e48-4722-407a-9620-5998c6999257<-6cbfae60-ea29-4abc-a49d-ef94f4bd513a#0:FAIL-t146, 92ce6e48-4722-407a-9620-5998c6999257<-66f9d00c-1e97-4252-958c-bed5a531abda#0:FAIL-t146] and 0 exception(s); 92ce6e48-4722-407a-9620-5998c6999257@group-E964BE911FCC:t146, leader=null, voted=92ce6e48-4722-407a-9620-5998c6999257, raftlog=92ce6e48-4722-407a-9620-5998c6999257@group-E964BE911FCC-SegmentedRaftLog:OPENED:c-1,f-1,i0, conf=-1: [6cbfae60-ea29-4abc-a49d-ef94f4bd513a:192.168.69.85:36685, 66f9d00c-1e97-4252-958c-bed5a531abda:192.168.69.85:45996, 92ce6e48-4722-407a-9620-5998c6999257:192.168.69.85:34971], old=null
2019-10-18 14:01:41,896 [92ce6e48-4722-407a-9620-5998c6999257@group-E964BE911FCC-LeaderElection140] INFO  impl.RaftServerImpl (RaftServerImpl.java:setRole(184)) - 92ce6e48-4722-407a-9620-5998c6999257@group-E964BE911FCC: changes role from CANDIDATE to FOLLOWER at term 146 for DISCOVERED_A_NEW_TERM
2019-10-18 14:01:41,896 [92ce6e48-4722-407a-9620-5998c6999257@group-E964BE911FCC-LeaderElection140] INFO  impl.RoleInfo (RoleInfo.java:shutdownLeaderElection(134)) - 92ce6e48-4722-407a-9620-5998c6999257: shutdown LeaderElection
2019-10-18 14:01:41,896 [92ce6e48-4722-407a-9620-5998c6999257@group-E964BE911FCC-LeaderElection140] INFO  impl.RoleInfo (RoleInfo.java:updateAndGet(143)) - 92ce6e48-4722-407a-9620-5998c6999257: start FollowerState
2019-10-18 14:01:42,090 [Thread-1135] INFO  impl.FollowerState (FollowerState.java:run(108)) - 92ce6e48-4722-407a-9620-5998c6999257@group-E964BE911FCC-FollowerState: change to CANDIDATE, lastRpcTime:193ms, electionTimeout:193ms
2019-10-18 14:01:42,091 [Thread-1135] INFO  impl.RoleInfo (RoleInfo.java:shutdownFollowerState(121)) - 92ce6e48-4722-407a-9620-5998c6999257: shutdown FollowerState
2019-10-18 14:01:42,091 [Thread-1135] INFO  impl.RaftServerImpl (RaftServerImpl.java:setRole(184)) - 92ce6e48-4722-407a-9620-5998c6999257@group-E964BE911FCC: changes role from  FOLLOWER to CANDIDATE at term 146 for changeToCandidate
2019-10-18 14:01:42,092 [Thread-1135] INFO  impl.RoleInfo (RoleInfo.java:updateAndGet(143)) - 92ce6e48-4722-407a-9620-5998c6999257: start LeaderElection
2019-10-18 14:01:42,109 [92ce6e48-4722-407a-9620-5998c6999257@group-E964BE911FCC-LeaderElection141] INFO  impl.LeaderElection (LeaderElection.java:askForVotes(178)) - 92ce6e48-4722-407a-9620-5998c6999257@group-E964BE911FCC-LeaderElection141: begin an election at term 147 for -1: [6cbfae60-ea29-4abc-a49d-ef94f4bd513a:192.168.69.85:36685, 66f9d00c-1e97-4252-958c-bed5a531abda:192.168.69.85:45996, 92ce6e48-4722-407a-9620-5998c6999257:192.168.69.85:34971], old=null
2019-10-18 14:01:42,112 [grpc-default-executor-0] INFO  impl.RaftServerImpl (RaftServerImpl.java:setRole(184)) - 6cbfae60-ea29-4abc-a49d-ef94f4bd513a@group-E964BE911FCC: changes role from  FOLLOWER to FOLLOWER at term 147 for recognizeCandidate:92ce6e48-4722-407a-9620-5998c6999257
2019-10-18 14:01:42,112 [grpc-default-executor-0] INFO  impl.RoleInfo (RoleInfo.java:shutdownFollowerState(121)) - 6cbfae60-ea29-4abc-a49d-ef94f4bd513a: shutdown FollowerState
2019-10-18 14:01:42,112 [grpc-default-executor-4] INFO  impl.RaftServerImpl (RaftServerImpl.java:setRole(184)) - 66f9d00c-1e97-4252-958c-bed5a531abda@group-E964BE911FCC: changes role from  FOLLOWER to FOLLOWER at term 147 for recognizeCandidate:92ce6e48-4722-407a-9620-5998c6999257
2019-10-18 14:01:42,113 [grpc-default-executor-4] INFO  impl.RoleInfo (RoleInfo.java:shutdownFollowerState(121)) - 66f9d00c-1e97-4252-958c-bed5a531abda: shutdown FollowerState
2019-10-18 14:01:42,113 [grpc-default-executor-4] INFO  impl.RoleInfo (RoleInfo.java:updateAndGet(143)) - 66f9d00c-1e97-4252-958c-bed5a531abda: start FollowerState
2019-10-18 14:01:42,113 [Thread-1134] INFO  impl.FollowerState (FollowerState.java:run(117)) - 6cbfae60-ea29-4abc-a49d-ef94f4bd513a@group-E964BE911FCC-FollowerState was interrupted: java.lang.InterruptedException: sleep interrupted
2019-10-18 14:01:42,113 [grpc-default-executor-0] INFO  impl.RoleInfo (RoleInfo.java:updateAndGet(143)) - 6cbfae60-ea29-4abc-a49d-ef94f4bd513a: start FollowerState
2019-10-18 14:01:42,113 [Thread-1133] INFO  impl.FollowerState (FollowerState.java:run(117)) - 66f9d00c-1e97-4252-958c-bed5a531abda@group-E964BE911FCC-FollowerState was interrupted: java.lang.InterruptedException: sleep interrupted
2019-10-18 14:01:42,129 [92ce6e48-4722-407a-9620-5998c6999257@group-E964BE911FCC-LeaderElection141] INFO  impl.LeaderElection (LeaderElection.java:logAndReturn(56)) - 92ce6e48-4722-407a-9620-5998c6999257@group-E964BE911FCC-LeaderElection141: Election REJECTED; received 2 response(s) [92ce6e48-4722-407a-9620-5998c6999257<-6cbfae60-ea29-4abc-a49d-ef94f4bd513a#0:FAIL-t147, 92ce6e48-4722-407a-9620-5998c6999257<-66f9d00c-1e97-4252-958c-bed5a531abda#0:FAIL-t147] and 0 exception(s); 92ce6e48-4722-407a-9620-5998c6999257@group-E964BE911FCC:t147, leader=null, voted=92ce6e48-4722-407a-9620-5998c6999257, raftlog=92ce6e48-4722-407a-9620-5998c6999257@group-E964BE911FCC-SegmentedRaftLog:OPENED:c-1,f-1,i0, conf=-1: [6cbfae60-ea29-4abc-a49d-ef94f4bd513a:192.168.69.85:36685, 66f9d00c-1e97-4252-958c-bed5a531abda:192.168.69.85:45996, 92ce6e48-4722-407a-9620-5998c6999257:192.168.69.85:34971], old=null
2019-10-18 14:01:42,129 [92ce6e48-4722-407a-9620-5998c6999257@group-E964BE911FCC-LeaderElection141] INFO  impl.RaftServerImpl (RaftServerImpl.java:setRole(184)) - 92ce6e48-4722-407a-9620-5998c6999257@group-E964BE911FCC: changes role from CANDIDATE to FOLLOWER at term 147 for DISCOVERED_A_NEW_TERM
2019-10-18 14:01:42,130 [92ce6e48-4722-407a-9620-5998c6999257@group-E964BE911FCC-LeaderElection141] INFO  impl.RoleInfo (RoleInfo.java:shutdownLeaderElection(134)) - 92ce6e48-4722-407a-9620-5998c6999257: shutdown LeaderElection
2019-10-18 14:01:42,130 [92ce6e48-4722-407a-9620-5998c6999257@group-E964BE911FCC-LeaderElection141] INFO  impl.RoleInfo (RoleInfo.java:updateAndGet(143)) - 92ce6e48-4722-407a-9620-5998c6999257: start FollowerState
2019-10-18 14:01:42,271 [Thread-1143] INFO  impl.FollowerState (FollowerState.java:run(108)) - 92ce6e48-4722-407a-9620-5998c6999257@group-E964BE911FCC-FollowerState: change to CANDIDATE, lastRpcTime:141ms, electionTimeout:141ms
2019-10-18 14:01:42,271 [Thread-1143] INFO  impl.RoleInfo (RoleInfo.java:shutdownFollowerState(121)) - 92ce6e48-4722-407a-9620-5998c6999257: shutdown FollowerState
2019-10-18 14:01:42,271 [Thread-1143] INFO  impl.RaftServerImpl (RaftServerImpl.java:setRole(184)) - 92ce6e48-4722-407a-9620-5998c6999257@group-E964BE911FCC: changes role from  FOLLOWER to CANDIDATE at term 147 for changeToCandidate
2019-10-18 14:01:42,271 [Thread-1143] INFO  impl.RoleInfo (RoleInfo.java:updateAndGet(143)) - 92ce6e48-4722-407a-9620-5998c6999257: start LeaderElection
2019-10-18 14:01:42,288 [92ce6e48-4722-407a-9620-5998c6999257@group-E964BE911FCC-LeaderElection142] INFO  impl.LeaderElection (LeaderElection.java:askForVotes(178)) - 92ce6e48-4722-407a-9620-5998c6999257@group-E964BE911FCC-LeaderElection142: begin an election at term 148 for -1: [6cbfae60-ea29-4abc-a49d-ef94f4bd513a:192.168.69.85:36685, 66f9d00c-1e97-4252-958c-bed5a531abda:192.168.69.85:45996, 92ce6e48-4722-407a-9620-5998c6999257:192.168.69.85:34971], old=null
2019-10-18 14:01:42,290 [grpc-default-executor-0] INFO  impl.RaftServerImpl (RaftServerImpl.java:setRole(184)) - 66f9d00c-1e97-4252-958c-bed5a531abda@group-E964BE911FCC: changes role from  FOLLOWER to FOLLOWER at term 148 for recognizeCandidate:92ce6e48-4722-407a-9620-5998c6999257
2019-10-18 14:01:42,290 [grpc-default-executor-4] INFO  impl.RaftServerImpl (RaftServerImpl.java:setRole(184)) - 6cbfae60-ea29-4abc-a49d-ef94f4bd513a@group-E964BE911FCC: changes role from  FOLLOWER to FOLLOWER at term 148 for recognizeCandidate:92ce6e48-4722-407a-9620-5998c6999257
2019-10-18 14:01:42,290 [grpc-default-executor-0] INFO  impl.RoleInfo (RoleInfo.java:shutdownFollowerState(121)) - 66f9d00c-1e97-4252-958c-bed5a531abda: shutdown FollowerState
2019-10-18 14:01:42,291 [grpc-default-executor-4] INFO  impl.RoleInfo (RoleInfo.java:shutdownFollowerState(121)) - 6cbfae60-ea29-4abc-a49d-ef94f4bd513a: shutdown FollowerState
2019-10-18 14:01:42,291 [grpc-default-executor-0] INFO  impl.RoleInfo (RoleInfo.java:updateAndGet(143)) - 66f9d00c-1e97-4252-958c-bed5a531abda: start FollowerState
2019-10-18 14:01:42,291 [grpc-default-executor-4] INFO  impl.RoleInfo (RoleInfo.java:updateAndGet(143)) - 6cbfae60-ea29-4abc-a49d-ef94f4bd513a: start FollowerState
2019-10-18 14:01:42,291 [Thread-1142] INFO  impl.FollowerState (FollowerState.java:run(117)) - 66f9d00c-1e97-4252-958c-bed5a531abda@group-E964BE911FCC-FollowerState was interrupted: java.lang.InterruptedException: sleep interrupted
2019-10-18 14:01:42,291 [Thread-1141] INFO  impl.FollowerState (FollowerState.java:run(117)) - 6cbfae60-ea29-4abc-a49d-ef94f4bd513a@group-E964BE911FCC-FollowerState was interrupted: java.lang.InterruptedException: sleep interrupted
2019-10-18 14:01:42,314 [92ce6e48-4722-407a-9620-5998c6999257@group-E964BE911FCC-LeaderElection142] INFO  impl.LeaderElection (LeaderElection.java:logAndReturn(56)) - 92ce6e48-4722-407a-9620-5998c6999257@group-E964BE911FCC-LeaderElection142: Election REJECTED; received 2 response(s) [92ce6e48-4722-407a-9620-5998c6999257<-6cbfae60-ea29-4abc-a49d-ef94f4bd513a#0:FAIL-t148, 92ce6e48-4722-407a-9620-5998c6999257<-66f9d00c-1e97-4252-958c-bed5a531abda#0:FAIL-t148] and 0 exception(s); 92ce6e48-4722-407a-9620-5998c6999257@group-E964BE911FCC:t148, leader=null, voted=92ce6e48-4722-407a-9620-5998c6999257, raftlog=92ce6e48-4722-407a-9620-5998c6999257@group-E964BE911FCC-SegmentedRaftLog:OPENED:c-1,f-1,i0, conf=-1: [6cbfae60-ea29-4abc-a49d-ef94f4bd513a:192.168.69.85:36685, 66f9d00c-1e97-4252-958c-bed5a531abda:192.168.69.85:45996, 92ce6e48-4722-407a-9620-5998c6999257:192.168.69.85:34971], old=null
2019-10-18 14:01:42,314 [92ce6e48-4722-407a-9620-5998c6999257@group-E964BE911FCC-LeaderElection142] INFO  impl.RaftServerImpl (RaftServerImpl.java:setRole(184)) - 92ce6e48-4722-407a-9620-5998c6999257@group-E964BE911FCC: changes role from CANDIDATE to FOLLOWER at term 148 for DISCOVERED_A_NEW_TERM
2019-10-18 14:01:42,314 [92ce6e48-4722-407a-9620-5998c6999257@group-E964BE911FCC-LeaderElection142] INFO  impl.RoleInfo (RoleInfo.java:shutdownLeaderElection(134)) - 92ce6e48-4722-407a-9620-5998c6999257: shutdown LeaderElection
2019-10-18 14:01:42,314 [92ce6e48-4722-407a-9620-5998c6999257@group-E964BE911FCC-LeaderElection142] INFO  impl.RoleInfo (RoleInfo.java:updateAndGet(143)) - 92ce6e48-4722-407a-9620-5998c6999257: start FollowerState
2019-10-18 14:01:42,376 [Thread-1149] INFO  impl.FollowerState (FollowerState.java:run(108)) - 92ce6e48-4722-407a-9620-5998c6999257@group-E964BE911FCC-FollowerState: change to CANDIDATE, lastRpcTime:62ms, electionTimeout:62ms
2019-10-18 14:01:42,377 [Thread-1149] INFO  impl.RoleInfo (RoleInfo.java:shutdownFollowerState(121)) - 92ce6e48-4722-407a-9620-5998c6999257: shutdown FollowerState
2019-10-18 14:01:42,377 [Thread-1149] INFO  impl.RaftServerImpl (RaftServerImpl.java:setRole(184)) - 92ce6e48-4722-407a-9620-5998c6999257@group-E964BE911FCC: changes role from  FOLLOWER to CANDIDATE at term 148 for changeToCandidate
2019-10-18 14:01:42,377 [Thread-1149] INFO  impl.RoleInfo (RoleInfo.java:updateAndGet(143)) - 92ce6e48-4722-407a-9620-5998c6999257: start LeaderElection
2019-10-18 14:01:42,390 [92ce6e48-4722-407a-9620-5998c6999257@group-E964BE911FCC-LeaderElection143] INFO  impl.LeaderElection (LeaderElection.java:askForVotes(178)) - 92ce6e48-4722-407a-9620-5998c6999257@group-E964BE911FCC-LeaderElection143: begin an election at term 149 for -1: [6cbfae60-ea29-4abc-a49d-ef94f4bd513a:192.168.69.85:36685, 66f9d00c-1e97-4252-958c-bed5a531abda:192.168.69.85:45996, 92ce6e48-4722-407a-9620-5998c6999257:192.168.69.85:34971], old=null
2019-10-18 14:01:42,393 [grpc-default-executor-0] INFO  impl.RaftServerImpl (RaftServerImpl.java:setRole(184)) - 66f9d00c-1e97-4252-958c-bed5a531abda@group-E964BE911FCC: changes role from  FOLLOWER to FOLLOWER at term 149 for recognizeCandidate:92ce6e48-4722-407a-9620-5998c6999257
2019-10-18 14:01:42,393 [grpc-default-executor-0] INFO  impl.RoleInfo (RoleInfo.java:shutdownFollowerState(121)) - 66f9d00c-1e97-4252-958c-bed5a531abda: shutdown FollowerState
2019-10-18 14:01:42,393 [grpc-default-executor-0] INFO  impl.RoleInfo (RoleInfo.java:updateAndGet(143)) - 66f9d00c-1e97-4252-958c-bed5a531abda: start FollowerState
2019-10-18 14:01:42,393 [grpc-default-executor-4] INFO  impl.RaftServerImpl (RaftServerImpl.java:setRole(184)) - 6cbfae60-ea29-4abc-a49d-ef94f4bd513a@group-E964BE911FCC: changes role from  FOLLOWER to FOLLOWER at term 149 for recognizeCandidate:92ce6e48-4722-407a-9620-5998c6999257
2019-10-18 14:01:42,393 [grpc-default-executor-4] INFO  impl.RoleInfo (RoleInfo.java:shutdownFollowerState(121)) - 6cbfae60-ea29-4abc-a49d-ef94f4bd513a: shutdown FollowerState
2019-10-18 14:01:42,393 [Thread-1147] INFO  impl.FollowerState (FollowerState.java:run(117)) - 66f9d00c-1e97-4252-958c-bed5a531abda@group-E964BE911FCC-FollowerState was interrupted: java.lang.InterruptedException: sleep interrupted
2019-10-18 14:01:42,394 [Thread-1148] INFO  impl.FollowerState (FollowerState.java:run(117)) - 6cbfae60-ea29-4abc-a49d-ef94f4bd513a@group-E964BE911FCC-FollowerState was interrupted: java.lang.InterruptedException: sleep interrupted
2019-10-18 14:01:42,394 [grpc-default-executor-4] INFO  impl.RoleInfo (RoleInfo.java:updateAndGet(143)) - 6cbfae60-ea29-4abc-a49d-ef94f4bd513a: start FollowerState
2019-10-18 14:01:42,419 [92ce6e48-4722-407a-9620-5998c6999257@group-E964BE911FCC-LeaderElection143] INFO  impl.LeaderElection (LeaderElection.java:logAndReturn(56)) - 92ce6e48-4722-407a-9620-5998c6999257@group-E964BE911FCC-LeaderElection143: Election REJECTED; received 2 response(s) [92ce6e48-4722-407a-9620-5998c6999257<-6cbfae60-ea29-4abc-a49d-ef94f4bd513a#0:FAIL-t149, 92ce6e48-4722-407a-9620-5998c6999257<-66f9d00c-1e97-4252-958c-bed5a531abda#0:FAIL-t149] and 0 exception(s); 92ce6e48-4722-407a-9620-5998c6999257@group-E964BE911FCC:t149, leader=null, voted=92ce6e48-4722-407a-9620-5998c6999257, raftlog=92ce6e48-4722-407a-9620-5998c6999257@group-E964BE911FCC-SegmentedRaftLog:OPENED:c-1,f-1,i0, conf=-1: [6cbfae60-ea29-4abc-a49d-ef94f4bd513a:192.168.69.85:36685, 66f9d00c-1e97-4252-958c-bed5a531abda:192.168.69.85:45996, 92ce6e48-4722-407a-9620-5998c6999257:192.168.69.85:34971], old=null
2019-10-18 14:01:42,420 [92ce6e48-4722-407a-9620-5998c6999257@group-E964BE911FCC-LeaderElection143] INFO  impl.RaftServerImpl (RaftServerImpl.java:setRole(184)) - 92ce6e48-4722-407a-9620-5998c6999257@group-E964BE911FCC: changes role from CANDIDATE to FOLLOWER at term 149 for DISCOVERED_A_NEW_TERM
2019-10-18 14:01:42,420 [92ce6e48-4722-407a-9620-5998c6999257@group-E964BE911FCC-LeaderElection143] INFO  impl.RoleInfo (RoleInfo.java:shutdownLeaderElection(134)) - 92ce6e48-4722-407a-9620-5998c6999257: shutdown LeaderElection
2019-10-18 14:01:42,420 [92ce6e48-4722-407a-9620-5998c6999257@group-E964BE911FCC-LeaderElection143] INFO  impl.RoleInfo (RoleInfo.java:updateAndGet(143)) - 92ce6e48-4722-407a-9620-5998c6999257: start FollowerState
2019-10-18 14:01:42,461 [Thread-1155] INFO  impl.FollowerState (FollowerState.java:run(108)) - 92ce6e48-4722-407a-9620-5998c6999257@group-E964BE911FCC-FollowerState: change to CANDIDATE, lastRpcTime:41ms, electionTimeout:41ms
2019-10-18 14:01:42,462 [Thread-1155] INFO  impl.RoleInfo (RoleInfo.java:shutdownFollowerState(121)) - 92ce6e48-4722-407a-9620-5998c6999257: shutdown FollowerState
2019-10-18 14:01:42,462 [Thread-1155] INFO  impl.RaftServerImpl (RaftServerImpl.java:setRole(184)) - 92ce6e48-4722-407a-9620-5998c6999257@group-E964BE911FCC: changes role from  FOLLOWER to CANDIDATE at term 149 for changeToCandidate
2019-10-18 14:01:42,462 [Thread-1155] INFO  impl.RoleInfo (RoleInfo.java:updateAndGet(143)) - 92ce6e48-4722-407a-9620-5998c6999257: start LeaderElection
2019-10-18 14:01:42,475 [92ce6e48-4722-407a-9620-5998c6999257@group-E964BE911FCC-LeaderElection144] INFO  impl.LeaderElection (LeaderElection.java:askForVotes(178)) - 92ce6e48-4722-407a-9620-5998c6999257@group-E964BE911FCC-LeaderElection144: begin an election at term 150 for -1: [6cbfae60-ea29-4abc-a49d-ef94f4bd513a:192.168.69.85:36685, 66f9d00c-1e97-4252-958c-bed5a531abda:192.168.69.85:45996, 92ce6e48-4722-407a-9620-5998c6999257:192.168.69.85:34971], old=null
2019-10-18 14:01:42,477 [grpc-default-executor-4] INFO  impl.RaftServerImpl (RaftServerImpl.java:setRole(184)) - 6cbfae60-ea29-4abc-a49d-ef94f4bd513a@group-E964BE911FCC: changes role from  FOLLOWER to FOLLOWER at term 150 for recognizeCandidate:92ce6e48-4722-407a-9620-5998c6999257
2019-10-18 14:01:42,478 [grpc-default-executor-4] INFO  impl.RoleInfo (RoleInfo.java:shutdownFollowerState(121)) - 6cbfae60-ea29-4abc-a49d-ef94f4bd513a: shutdown FollowerState
2019-10-18 14:01:42,477 [grpc-default-executor-0] INFO  impl.RaftServerImpl (RaftServerImpl.java:setRole(184)) - 66f9d00c-1e97-4252-958c-bed5a531abda@group-E964BE911FCC: changes role from  FOLLOWER to FOLLOWER at term 150 for recognizeCandidate:92ce6e48-4722-407a-9620-5998c6999257
2019-10-18 14:01:42,478 [Thread-1154] INFO  impl.FollowerState (FollowerState.java:run(117)) - 6cbfae60-ea29-4abc-a49d-ef94f4bd513a@group-E964BE911FCC-FollowerState was interrupted: java.lang.InterruptedException: sleep interrupted
2019-10-18 14:01:42,478 [grpc-default-executor-4] INFO  impl.RoleInfo (RoleInfo.java:updateAndGet(143)) - 6cbfae60-ea29-4abc-a49d-ef94f4bd513a: start FollowerState
2019-10-18 14:01:42,478 [grpc-default-executor-0] INFO  impl.RoleInfo (RoleInfo.java:shutdownFollowerState(121)) - 66f9d00c-1e97-4252-958c-bed5a531abda: shutdown FollowerState
2019-10-18 14:01:42,478 [grpc-default-executor-0] INFO  impl.RoleInfo (RoleInfo.java:updateAndGet(143)) - 66f9d00c-1e97-4252-958c-bed5a531abda: start FollowerState
2019-10-18 14:01:42,478 [Thread-1153] INFO  impl.FollowerState (FollowerState.java:run(117)) - 66f9d00c-1e97-4252-958c-bed5a531abda@group-E964BE911FCC-FollowerState was interrupted: java.lang.InterruptedException: sleep interrupted
2019-10-18 14:01:42,504 [92ce6e48-4722-407a-9620-5998c6999257@group-E964BE911FCC-LeaderElection144] INFO  impl.LeaderElection (LeaderElection.java:logAndReturn(56)) - 92ce6e48-4722-407a-9620-5998c6999257@group-E964BE911FCC-LeaderElection144: Election REJECTED; received 2 response(s) [92ce6e48-4722-407a-9620-5998c6999257<-6cbfae60-ea29-4abc-a49d-ef94f4bd513a#0:FAIL-t150, 92ce6e48-4722-407a-9620-5998c6999257<-66f9d00c-1e97-4252-958c-bed5a531abda#0:FAIL-t150] and 0 exception(s); 92ce6e48-4722-407a-9620-5998c6999257@group-E964BE911FCC:t150, leader=null, voted=92ce6e48-4722-407a-9620-5998c6999257, raftlog=92ce6e48-4722-407a-9620-5998c6999257@group-E964BE911FCC-SegmentedRaftLog:OPENED:c-1,f-1,i0, conf=-1: [6cbfae60-ea29-4abc-a49d-ef94f4bd513a:192.168.69.85:36685, 66f9d00c-1e97-4252-958c-bed5a531abda:192.168.69.85:45996, 92ce6e48-4722-407a-9620-5998c6999257:192.168.69.85:34971], old=null
2019-10-18 14:01:42,505 [92ce6e48-4722-407a-9620-5998c6999257@group-E964BE911FCC-LeaderElection144] INFO  impl.RaftServerImpl (RaftServerImpl.java:setRole(184)) - 92ce6e48-4722-407a-9620-5998c6999257@group-E964BE911FCC: changes role from CANDIDATE to FOLLOWER at term 150 for DISCOVERED_A_NEW_TERM
2019-10-18 14:01:42,505 [92ce6e48-4722-407a-9620-5998c6999257@group-E964BE911FCC-LeaderElection144] INFO  impl.RoleInfo (RoleInfo.java:shutdownLeaderElection(134)) - 92ce6e48-4722-407a-9620-5998c6999257: shutdown LeaderElection
2019-10-18 14:01:42,505 [92ce6e48-4722-407a-9620-5998c6999257@group-E964BE911FCC-LeaderElection144] INFO  impl.RoleInfo (RoleInfo.java:updateAndGet(143)) - 92ce6e48-4722-407a-9620-5998c6999257: start FollowerState
2019-10-18 14:01:42,634 [Thread-1161] INFO  impl.FollowerState (FollowerState.java:run(108)) - 92ce6e48-4722-407a-9620-5998c6999257@group-E964BE911FCC-FollowerState: change to CANDIDATE, lastRpcTime:129ms, electionTimeout:129ms
2019-10-18 14:01:42,634 [Thread-1161] INFO  impl.RoleInfo (RoleInfo.java:shutdownFollowerState(121)) - 92ce6e48-4722-407a-9620-5998c6999257: shutdown FollowerState
2019-10-18 14:01:42,634 [Thread-1161] INFO  impl.RaftServerImpl (RaftServerImpl.java:setRole(184)) - 92ce6e48-4722-407a-9620-5998c6999257@group-E964BE911FCC: changes role from  FOLLOWER to CANDIDATE at term 150 for changeToCandidate
2019-10-18 14:01:42,635 [Thread-1161] INFO  impl.RoleInfo (RoleInfo.java:updateAndGet(143)) - 92ce6e48-4722-407a-9620-5998c6999257: start LeaderElection
2019-10-18 14:01:42,661 [92ce6e48-4722-407a-9620-5998c6999257@group-E964BE911FCC-LeaderElection145] INFO  impl.LeaderElection (LeaderElection.java:askForVotes(178)) - 92ce6e48-4722-407a-9620-5998c6999257@group-E964BE911FCC-LeaderElection145: begin an election at term 151 for -1: [6cbfae60-ea29-4abc-a49d-ef94f4bd513a:192.168.69.85:36685, 66f9d00c-1e97-4252-958c-bed5a531abda:192.168.69.85:45996, 92ce6e48-4722-407a-9620-5998c6999257:192.168.69.85:34971], old=null
2019-10-18 14:01:42,663 [grpc-default-executor-0] INFO  impl.RaftServerImpl (RaftServerImpl.java:setRole(184)) - 6cbfae60-ea29-4abc-a49d-ef94f4bd513a@group-E964BE911FCC: changes role from  FOLLOWER to FOLLOWER at term 151 for recognizeCandidate:92ce6e48-4722-407a-9620-5998c6999257
2019-10-18 14:01:42,664 [grpc-default-executor-0] INFO  impl.RoleInfo (RoleInfo.java:shutdownFollowerState(121)) - 6cbfae60-ea29-4abc-a49d-ef94f4bd513a: shutdown FollowerState
2019-10-18 14:01:42,664 [grpc-default-executor-4] INFO  impl.RaftServerImpl (RaftServerImpl.java:setRole(184)) - 66f9d00c-1e97-4252-958c-bed5a531abda@group-E964BE911FCC: changes role from  FOLLOWER to FOLLOWER at term 151 for recognizeCandidate:92ce6e48-4722-407a-9620-5998c6999257
2019-10-18 14:01:42,664 [grpc-default-executor-0] INFO  impl.RoleInfo (RoleInfo.java:updateAndGet(143)) - 6cbfae60-ea29-4abc-a49d-ef94f4bd513a: start FollowerState
2019-10-18 14:01:42,664 [Thread-1159] INFO  impl.FollowerState (FollowerState.java:run(117)) - 6cbfae60-ea29-4abc-a49d-ef94f4bd513a@group-E964BE911FCC-FollowerState was interrupted: java.lang.InterruptedException: sleep interrupted
2019-10-18 14:01:42,664 [grpc-default-executor-4] INFO  impl.RoleInfo (RoleInfo.java:shutdownFollowerState(121)) - 66f9d00c-1e97-4252-958c-bed5a531abda: shutdown FollowerState
2019-10-18 14:01:42,664 [grpc-default-executor-4] INFO  impl.RoleInfo (RoleInfo.java:updateAndGet(143)) - 66f9d00c-1e97-4252-958c-bed5a531abda: start FollowerState
2019-10-18 14:01:42,664 [Thread-1160] INFO  impl.FollowerState (FollowerState.java:run(117)) - 66f9d00c-1e97-4252-958c-bed5a531abda@group-E964BE911FCC-FollowerState was interrupted: java.lang.InterruptedException: sleep interrupted
2019-10-18 14:01:42,679 [92ce6e48-4722-407a-9620-5998c6999257@group-E964BE911FCC-LeaderElection145] INFO  impl.LeaderElection (LeaderElection.java:logAndReturn(56)) - 92ce6e48-4722-407a-9620-5998c6999257@group-E964BE911FCC-LeaderElection145: Election REJECTED; received 2 response(s) [92ce6e48-4722-407a-9620-5998c6999257<-6cbfae60-ea29-4abc-a49d-ef94f4bd513a#0:FAIL-t151, 92ce6e48-4722-407a-9620-5998c6999257<-66f9d00c-1e97-4252-958c-bed5a531abda#0:FAIL-t151] and 0 exception(s); 92ce6e48-4722-407a-9620-5998c6999257@group-E964BE911FCC:t151, leader=null, voted=92ce6e48-4722-407a-9620-5998c6999257, raftlog=92ce6e48-4722-407a-9620-5998c6999257@group-E964BE911FCC-SegmentedRaftLog:OPENED:c-1,f-1,i0, conf=-1: [6cbfae60-ea29-4abc-a49d-ef94f4bd513a:192.168.69.85:36685, 66f9d00c-1e97-4252-958c-bed5a531abda:192.168.69.85:45996, 92ce6e48-4722-407a-9620-5998c6999257:192.168.69.85:34971], old=null
2019-10-18 14:01:42,679 [92ce6e48-4722-407a-9620-5998c6999257@group-E964BE911FCC-LeaderElection145] INFO  impl.RaftServerImpl (RaftServerImpl.java:setRole(184)) - 92ce6e48-4722-407a-9620-5998c6999257@group-E964BE911FCC: changes role from CANDIDATE to FOLLOWER at term 151 for DISCOVERED_A_NEW_TERM
2019-10-18 14:01:42,679 [92ce6e48-4722-407a-9620-5998c6999257@group-E964BE911FCC-LeaderElection145] INFO  impl.RoleInfo (RoleInfo.java:shutdownLeaderElection(134)) - 92ce6e48-4722-407a-9620-5998c6999257: shutdown LeaderElection
2019-10-18 14:01:42,679 [92ce6e48-4722-407a-9620-5998c6999257@group-E964BE911FCC-LeaderElection145] INFO  impl.RoleInfo (RoleInfo.java:updateAndGet(143)) - 92ce6e48-4722-407a-9620-5998c6999257: start FollowerState
2019-10-18 14:01:42,761 [Thread-1167] INFO  impl.FollowerState (FollowerState.java:run(108)) - 92ce6e48-4722-407a-9620-5998c6999257@group-E964BE911FCC-FollowerState: change to CANDIDATE, lastRpcTime:81ms, electionTimeout:81ms
2019-10-18 14:01:42,761 [Thread-1167] INFO  impl.RoleInfo (RoleInfo.java:shutdownFollowerState(121)) - 92ce6e48-4722-407a-9620-5998c6999257: shutdown FollowerState
2019-10-18 14:01:42,761 [Thread-1167] INFO  impl.RaftServerImpl (RaftServerImpl.java:setRole(184)) - 92ce6e48-4722-407a-9620-5998c6999257@group-E964BE911FCC: changes role from  FOLLOWER to CANDIDATE at term 151 for changeToCandidate
2019-10-18 14:01:42,761 [Thread-1167] INFO  impl.RoleInfo (RoleInfo.java:updateAndGet(143)) - 92ce6e48-4722-407a-9620-5998c6999257: start LeaderElection
2019-10-18 14:01:42,774 [92ce6e48-4722-407a-9620-5998c6999257@group-E964BE911FCC-LeaderElection146] INFO  impl.LeaderElection (LeaderElection.java:askForVotes(178)) - 92ce6e48-4722-407a-9620-5998c6999257@group-E964BE911FCC-LeaderElection146: begin an election at term 152 for -1: [6cbfae60-ea29-4abc-a49d-ef94f4bd513a:192.168.69.85:36685, 66f9d00c-1e97-4252-958c-bed5a531abda:192.168.69.85:45996, 92ce6e48-4722-407a-9620-5998c6999257:192.168.69.85:34971], old=null
2019-10-18 14:01:42,776 [grpc-default-executor-4] INFO  impl.RaftServerImpl (RaftServerImpl.java:setRole(184)) - 6cbfae60-ea29-4abc-a49d-ef94f4bd513a@group-E964BE911FCC: changes role from  FOLLOWER to FOLLOWER at term 152 for recognizeCandidate:92ce6e48-4722-407a-9620-5998c6999257
2019-10-18 14:01:42,776 [grpc-default-executor-4] INFO  impl.RoleInfo (RoleInfo.java:shutdownFollowerState(121)) - 6cbfae60-ea29-4abc-a49d-ef94f4bd513a: shutdown FollowerState
2019-10-18 14:01:42,776 [grpc-default-executor-0] INFO  impl.RaftServerImpl (RaftServerImpl.java:setRole(184)) - 66f9d00c-1e97-4252-958c-bed5a531abda@group-E964BE911FCC: changes role from  FOLLOWER to FOLLOWER at term 152 for recognizeCandidate:92ce6e48-4722-407a-9620-5998c6999257
2019-10-18 14:01:42,777 [grpc-default-executor-0] INFO  impl.RoleInfo (RoleInfo.java:shutdownFollowerState(121)) - 66f9d00c-1e97-4252-958c-bed5a531abda: shutdown FollowerState
2019-10-18 14:01:42,777 [grpc-default-executor-4] INFO  impl.RoleInfo (RoleInfo.java:updateAndGet(143)) - 6cbfae60-ea29-4abc-a49d-ef94f4bd513a: start FollowerState
2019-10-18 14:01:42,777 [Thread-1166] INFO  impl.FollowerState (FollowerState.java:run(117)) - 66f9d00c-1e97-4252-958c-bed5a531abda@group-E964BE911FCC-FollowerState was interrupted: java.lang.InterruptedException: sleep interrupted
2019-10-18 14:01:42,777 [grpc-default-executor-0] INFO  impl.RoleInfo (RoleInfo.java:updateAndGet(143)) - 66f9d00c-1e97-4252-958c-bed5a531abda: start FollowerState
2019-10-18 14:01:42,777 [Thread-1165] INFO  impl.FollowerState (FollowerState.java:run(117)) - 6cbfae60-ea29-4abc-a49d-ef94f4bd513a@group-E964BE911FCC-FollowerState was interrupted: java.lang.InterruptedException: sleep interrupted
2019-10-18 14:01:42,791 [92ce6e48-4722-407a-9620-5998c6999257@group-E964BE911FCC-LeaderElection146] INFO  impl.LeaderElection (LeaderElection.java:logAndReturn(56)) - 92ce6e48-4722-407a-9620-5998c6999257@group-E964BE911FCC-LeaderElection146: Election REJECTED; received 2 response(s) [92ce6e48-4722-407a-9620-5998c6999257<-6cbfae60-ea29-4abc-a49d-ef94f4bd513a#0:FAIL-t152, 92ce6e48-4722-407a-9620-5998c6999257<-66f9d00c-1e97-4252-958c-bed5a531abda#0:FAIL-t152] and 0 exception(s); 92ce6e48-4722-407a-9620-5998c6999257@group-E964BE911FCC:t152, leader=null, voted=92ce6e48-4722-407a-9620-5998c6999257, raftlog=92ce6e48-4722-407a-9620-5998c6999257@group-E964BE911FCC-SegmentedRaftLog:OPENED:c-1,f-1,i0, conf=-1: [6cbfae60-ea29-4abc-a49d-ef94f4bd513a:192.168.69.85:36685, 66f9d00c-1e97-4252-958c-bed5a531abda:192.168.69.85:45996, 92ce6e48-4722-407a-9620-5998c6999257:192.168.69.85:34971], old=null
2019-10-18 14:01:42,791 [92ce6e48-4722-407a-9620-5998c6999257@group-E964BE911FCC-LeaderElection146] INFO  impl.RaftServerImpl (RaftServerImpl.java:setRole(184)) - 92ce6e48-4722-407a-9620-5998c6999257@group-E964BE911FCC: changes role from CANDIDATE to FOLLOWER at term 152 for DISCOVERED_A_NEW_TERM
2019-10-18 14:01:42,792 [92ce6e48-4722-407a-9620-5998c6999257@group-E964BE911FCC-LeaderElection146] INFO  impl.RoleInfo (RoleInfo.java:shutdownLeaderElection(134)) - 92ce6e48-4722-407a-9620-5998c6999257: shutdown LeaderElection
2019-10-18 14:01:42,792 [92ce6e48-4722-407a-9620-5998c6999257@group-E964BE911FCC-LeaderElection146] INFO  impl.RoleInfo (RoleInfo.java:updateAndGet(143)) - 92ce6e48-4722-407a-9620-5998c6999257: start FollowerState
2019-10-18 14:01:42,841 [Thread-1173] INFO  impl.FollowerState (FollowerState.java:run(108)) - 92ce6e48-4722-407a-9620-5998c6999257@group-E964BE911FCC-FollowerState: change to CANDIDATE, lastRpcTime:49ms, electionTimeout:49ms
2019-10-18 14:01:42,841 [Thread-1173] INFO  impl.RoleInfo (RoleInfo.java:shutdownFollowerState(121)) - 92ce6e48-4722-407a-9620-5998c6999257: shutdown FollowerState
2019-10-18 14:01:42,841 [Thread-1173] INFO  impl.RaftServerImpl (RaftServerImpl.java:setRole(184)) - 92ce6e48-4722-407a-9620-5998c6999257@group-E964BE911FCC: changes role from  FOLLOWER to CANDIDATE at term 152 for changeToCandidate
2019-10-18 14:01:42,842 [Thread-1173] INFO  impl.RoleInfo (RoleInfo.java:updateAndGet(143)) - 92ce6e48-4722-407a-9620-5998c6999257: start LeaderElection
2019-10-18 14:01:42,855 [92ce6e48-4722-407a-9620-5998c6999257@group-E964BE911FCC-LeaderElection147] INFO  impl.LeaderElection (LeaderElection.java:askForVotes(178)) - 92ce6e48-4722-407a-9620-5998c6999257@group-E964BE911FCC-LeaderElection147: begin an election at term 153 for -1: [6cbfae60-ea29-4abc-a49d-ef94f4bd513a:192.168.69.85:36685, 66f9d00c-1e97-4252-958c-bed5a531abda:192.168.69.85:45996, 92ce6e48-4722-407a-9620-5998c6999257:192.168.69.85:34971], old=null
2019-10-18 14:01:42,857 [grpc-default-executor-0] INFO  impl.RaftServerImpl (RaftServerImpl.java:setRole(184)) - 6cbfae60-ea29-4abc-a49d-ef94f4bd513a@group-E964BE911FCC: changes role from  FOLLOWER to FOLLOWER at term 153 for recognizeCandidate:92ce6e48-4722-407a-9620-5998c6999257
2019-10-18 14:01:42,857 [grpc-default-executor-0] INFO  impl.RoleInfo (RoleInfo.java:shutdownFollowerState(121)) - 6cbfae60-ea29-4abc-a49d-ef94f4bd513a: shutdown FollowerState
2019-10-18 14:01:42,857 [grpc-default-executor-4] INFO  impl.RaftServerImpl (RaftServerImpl.java:setRole(184)) - 66f9d00c-1e97-4252-958c-bed5a531abda@group-E964BE911FCC: changes role from  FOLLOWER to FOLLOWER at term 153 for recognizeCandidate:92ce6e48-4722-407a-9620-5998c6999257
2019-10-18 14:01:42,857 [grpc-default-executor-0] INFO  impl.RoleInfo (RoleInfo.java:updateAndGet(143)) - 6cbfae60-ea29-4abc-a49d-ef94f4bd513a: start FollowerState
2019-10-18 14:01:42,857 [Thread-1171] INFO  impl.FollowerState (FollowerState.java:run(117)) - 6cbfae60-ea29-4abc-a49d-ef94f4bd513a@group-E964BE911FCC-FollowerState was interrupted: java.lang.InterruptedException: sleep interrupted
2019-10-18 14:01:42,857 [grpc-default-executor-4] INFO  impl.RoleInfo (RoleInfo.java:shutdownFollowerState(121)) - 66f9d00c-1e97-4252-958c-bed5a531abda: shutdown FollowerState
2019-10-18 14:01:42,858 [grpc-default-executor-4] INFO  impl.RoleInfo (RoleInfo.java:updateAndGet(143)) - 66f9d00c-1e97-4252-958c-bed5a531abda: start FollowerState
2019-10-18 14:01:42,858 [Thread-1172] INFO  impl.FollowerState (FollowerState.java:run(117)) - 66f9d00c-1e97-4252-958c-bed5a531abda@group-E964BE911FCC-FollowerState was interrupted: java.lang.InterruptedException: sleep interrupted
2019-10-18 14:01:42,895 [92ce6e48-4722-407a-9620-5998c6999257@group-E964BE911FCC-LeaderElection147] INFO  impl.LeaderElection (LeaderElection.java:logAndReturn(56)) - 92ce6e48-4722-407a-9620-5998c6999257@group-E964BE911FCC-LeaderElection147: Election REJECTED; received 2 response(s) [92ce6e48-4722-407a-9620-5998c6999257<-6cbfae60-ea29-4abc-a49d-ef94f4bd513a#0:FAIL-t153, 92ce6e48-4722-407a-9620-5998c6999257<-66f9d00c-1e97-4252-958c-bed5a531abda#0:FAIL-t153] and 0 exception(s); 92ce6e48-4722-407a-9620-5998c6999257@group-E964BE911FCC:t153, leader=null, voted=92ce6e48-4722-407a-9620-5998c6999257, raftlog=92ce6e48-4722-407a-9620-5998c6999257@group-E964BE911FCC-SegmentedRaftLog:OPENED:c-1,f-1,i0, conf=-1: [6cbfae60-ea29-4abc-a49d-ef94f4bd513a:192.168.69.85:36685, 66f9d00c-1e97-4252-958c-bed5a531abda:192.168.69.85:45996, 92ce6e48-4722-407a-9620-5998c6999257:192.168.69.85:34971], old=null
2019-10-18 14:01:42,895 [92ce6e48-4722-407a-9620-5998c6999257@group-E964BE911FCC-LeaderElection147] INFO  impl.RaftServerImpl (RaftServerImpl.java:setRole(184)) - 92ce6e48-4722-407a-9620-5998c6999257@group-E964BE911FCC: changes role from CANDIDATE to FOLLOWER at term 153 for DISCOVERED_A_NEW_TERM
2019-10-18 14:01:42,895 [92ce6e48-4722-407a-9620-5998c6999257@group-E964BE911FCC-LeaderElection147] INFO  impl.RoleInfo (RoleInfo.java:shutdownLeaderElection(134)) - 92ce6e48-4722-407a-9620-5998c6999257: shutdown LeaderElection
2019-10-18 14:01:42,895 [92ce6e48-4722-407a-9620-5998c6999257@group-E964BE911FCC-LeaderElection147] INFO  impl.RoleInfo (RoleInfo.java:updateAndGet(143)) - 92ce6e48-4722-407a-9620-5998c6999257: start FollowerState
2019-10-18 14:01:43,090 [Thread-1179] INFO  impl.FollowerState (FollowerState.java:run(108)) - 92ce6e48-4722-407a-9620-5998c6999257@group-E964BE911FCC-FollowerState: change to CANDIDATE, lastRpcTime:194ms, electionTimeout:194ms
2019-10-18 14:01:43,090 [Thread-1179] INFO  impl.RoleInfo (RoleInfo.java:shutdownFollowerState(121)) - 92ce6e48-4722-407a-9620-5998c6999257: shutdown FollowerState
2019-10-18 14:01:43,090 [Thread-1179] INFO  impl.RaftServerImpl (RaftServerImpl.java:setRole(184)) - 92ce6e48-4722-407a-9620-5998c6999257@group-E964BE911FCC: changes role from  FOLLOWER to CANDIDATE at term 153 for changeToCandidate
2019-10-18 14:01:43,090 [Thread-1179] INFO  impl.RoleInfo (RoleInfo.java:updateAndGet(143)) - 92ce6e48-4722-407a-9620-5998c6999257: start LeaderElection
2019-10-18 14:01:43,117 [92ce6e48-4722-407a-9620-5998c6999257@group-E964BE911FCC-LeaderElection148] INFO  impl.LeaderElection (LeaderElection.java:askForVotes(178)) - 92ce6e48-4722-407a-9620-5998c6999257@group-E964BE911FCC-LeaderElection148: begin an election at term 154 for -1: [6cbfae60-ea29-4abc-a49d-ef94f4bd513a:192.168.69.85:36685, 66f9d00c-1e97-4252-958c-bed5a531abda:192.168.69.85:45996, 92ce6e48-4722-407a-9620-5998c6999257:192.168.69.85:34971], old=null
2019-10-18 14:01:43,121 [grpc-default-executor-0] INFO  impl.RaftServerImpl (RaftServerImpl.java:setRole(184)) - 6cbfae60-ea29-4abc-a49d-ef94f4bd513a@group-E964BE911FCC: changes role from  FOLLOWER to FOLLOWER at term 154 for recognizeCandidate:92ce6e48-4722-407a-9620-5998c6999257
2019-10-18 14:01:43,122 [grpc-default-executor-4] INFO  impl.RaftServerImpl (RaftServerImpl.java:setRole(184)) - 66f9d00c-1e97-4252-958c-bed5a531abda@group-E964BE911FCC: changes role from  FOLLOWER to FOLLOWER at term 154 for recognizeCandidate:92ce6e48-4722-407a-9620-5998c6999257
2019-10-18 14:01:43,122 [grpc-default-executor-4] INFO  impl.RoleInfo (RoleInfo.java:shutdownFollowerState(121)) - 66f9d00c-1e97-4252-958c-bed5a531abda: shutdown FollowerState
2019-10-18 14:01:43,122 [grpc-default-executor-0] INFO  impl.RoleInfo (RoleInfo.java:shutdownFollowerState(121)) - 6cbfae60-ea29-4abc-a49d-ef94f4bd513a: shutdown FollowerState
2019-10-18 14:01:43,122 [grpc-default-executor-4] INFO  impl.RoleInfo (RoleInfo.java:updateAndGet(143)) - 66f9d00c-1e97-4252-958c-bed5a531abda: start FollowerState
2019-10-18 14:01:43,122 [Thread-1178] INFO  impl.FollowerState (FollowerState.java:run(117)) - 66f9d00c-1e97-4252-958c-bed5a531abda@group-E964BE911FCC-FollowerState was interrupted: java.lang.InterruptedException: sleep interrupted
2019-10-18 14:01:43,122 [Thread-1177] INFO  impl.FollowerState (FollowerState.java:run(117)) - 6cbfae60-ea29-4abc-a49d-ef94f4bd513a@group-E964BE911FCC-FollowerState was interrupted: java.lang.InterruptedException: sleep interrupted
2019-10-18 14:01:43,122 [grpc-default-executor-0] INFO  impl.RoleInfo (RoleInfo.java:updateAndGet(143)) - 6cbfae60-ea29-4abc-a49d-ef94f4bd513a: start FollowerState
2019-10-18 14:01:43,136 [92ce6e48-4722-407a-9620-5998c6999257@group-E964BE911FCC-LeaderElection148] INFO  impl.LeaderElection (LeaderElection.java:logAndReturn(56)) - 92ce6e48-4722-407a-9620-5998c6999257@group-E964BE911FCC-LeaderElection148: Election REJECTED; received 2 response(s) [92ce6e48-4722-407a-9620-5998c6999257<-6cbfae60-ea29-4abc-a49d-ef94f4bd513a#0:FAIL-t154, 92ce6e48-4722-407a-9620-5998c6999257<-66f9d00c-1e97-4252-958c-bed5a531abda#0:FAIL-t154] and 0 exception(s); 92ce6e48-4722-407a-9620-5998c6999257@group-E964BE911FCC:t154, leader=null, voted=92ce6e48-4722-407a-9620-5998c6999257, raftlog=92ce6e48-4722-407a-9620-5998c6999257@group-E964BE911FCC-SegmentedRaftLog:OPENED:c-1,f-1,i0, conf=-1: [6cbfae60-ea29-4abc-a49d-ef94f4bd513a:192.168.69.85:36685, 66f9d00c-1e97-4252-958c-bed5a531abda:192.168.69.85:45996, 92ce6e48-4722-407a-9620-5998c6999257:192.168.69.85:34971], old=null
2019-10-18 14:01:43,136 [92ce6e48-4722-407a-9620-5998c6999257@group-E964BE911FCC-LeaderElection148] INFO  impl.RaftServerImpl (RaftServerImpl.java:setRole(184)) - 92ce6e48-4722-407a-9620-5998c6999257@group-E964BE911FCC: changes role from CANDIDATE to FOLLOWER at term 154 for DISCOVERED_A_NEW_TERM
2019-10-18 14:01:43,136 [92ce6e48-4722-407a-9620-5998c6999257@group-E964BE911FCC-LeaderElection148] INFO  impl.RoleInfo (RoleInfo.java:shutdownLeaderElection(134)) - 92ce6e48-4722-407a-9620-5998c6999257: shutdown LeaderElection
2019-10-18 14:01:43,136 [92ce6e48-4722-407a-9620-5998c6999257@group-E964BE911FCC-LeaderElection148] INFO  impl.RoleInfo (RoleInfo.java:updateAndGet(143)) - 92ce6e48-4722-407a-9620-5998c6999257: start FollowerState
2019-10-18 14:01:43,275 [Thread-1187] INFO  impl.FollowerState (FollowerState.java:run(108)) - 92ce6e48-4722-407a-9620-5998c6999257@group-E964BE911FCC-FollowerState: change to CANDIDATE, lastRpcTime:139ms, electionTimeout:139ms
2019-10-18 14:01:43,276 [Thread-1187] INFO  impl.RoleInfo (RoleInfo.java:shutdownFollowerState(121)) - 92ce6e48-4722-407a-9620-5998c6999257: shutdown FollowerState
2019-10-18 14:01:43,276 [Thread-1187] INFO  impl.RaftServerImpl (RaftServerImpl.java:setRole(184)) - 92ce6e48-4722-407a-9620-5998c6999257@group-E964BE911FCC: changes role from  FOLLOWER to CANDIDATE at term 154 for changeToCandidate
2019-10-18 14:01:43,276 [Thread-1187] INFO  impl.RoleInfo (RoleInfo.java:updateAndGet(143)) - 92ce6e48-4722-407a-9620-5998c6999257: start LeaderElection
2019-10-18 14:01:43,289 [92ce6e48-4722-407a-9620-5998c6999257@group-E964BE911FCC-LeaderElection149] INFO  impl.LeaderElection (LeaderElection.java:askForVotes(178)) - 92ce6e48-4722-407a-9620-5998c6999257@group-E964BE911FCC-LeaderElection149: begin an election at term 155 for -1: [6cbfae60-ea29-4abc-a49d-ef94f4bd513a:192.168.69.85:36685, 66f9d00c-1e97-4252-958c-bed5a531abda:192.168.69.85:45996, 92ce6e48-4722-407a-9620-5998c6999257:192.168.69.85:34971], old=null
2019-10-18 14:01:43,292 [grpc-default-executor-0] INFO  impl.RaftServerImpl (RaftServerImpl.java:setRole(184)) - 6cbfae60-ea29-4abc-a49d-ef94f4bd513a@group-E964BE911FCC: changes role from  FOLLOWER to FOLLOWER at term 155 for recognizeCandidate:92ce6e48-4722-407a-9620-5998c6999257
2019-10-18 14:01:43,292 [grpc-default-executor-4] INFO  impl.RaftServerImpl (RaftServerImpl.java:setRole(184)) - 66f9d00c-1e97-4252-958c-bed5a531abda@group-E964BE911FCC: changes role from  FOLLOWER to FOLLOWER at term 155 for recognizeCandidate:92ce6e48-4722-407a-9620-5998c6999257
2019-10-18 14:01:43,292 [grpc-default-executor-0] INFO  impl.RoleInfo (RoleInfo.java:shutdownFollowerState(121)) - 6cbfae60-ea29-4abc-a49d-ef94f4bd513a: shutdown FollowerState
2019-10-18 14:01:43,292 [grpc-default-executor-4] INFO  impl.RoleInfo (RoleInfo.java:shutdownFollowerState(121)) - 66f9d00c-1e97-4252-958c-bed5a531abda: shutdown FollowerState
2019-10-18 14:01:43,292 [grpc-default-executor-0] INFO  impl.RoleInfo (RoleInfo.java:updateAndGet(143)) - 6cbfae60-ea29-4abc-a49d-ef94f4bd513a: start FollowerState
2019-10-18 14:01:43,292 [Thread-1186] INFO  impl.FollowerState (FollowerState.java:run(117)) - 6cbfae60-ea29-4abc-a49d-ef94f4bd513a@group-E964BE911FCC-FollowerState was interrupted: java.lang.InterruptedException: sleep interrupted
2019-10-18 14:01:43,292 [Thread-1185] INFO  impl.FollowerState (FollowerState.java:run(117)) - 66f9d00c-1e97-4252-958c-bed5a531abda@group-E964BE911FCC-FollowerState was interrupted: java.lang.InterruptedException: sleep interrupted
2019-10-18 14:01:43,292 [grpc-default-executor-4] INFO  impl.RoleInfo (RoleInfo.java:updateAndGet(143)) - 66f9d00c-1e97-4252-958c-bed5a531abda: start FollowerState
2019-10-18 14:01:43,319 [92ce6e48-4722-407a-9620-5998c6999257@group-E964BE911FCC-LeaderElection149] INFO  impl.LeaderElection (LeaderElection.java:logAndReturn(56)) - 92ce6e48-4722-407a-9620-5998c6999257@group-E964BE911FCC-LeaderElection149: Election REJECTED; received 2 response(s) [92ce6e48-4722-407a-9620-5998c6999257<-6cbfae60-ea29-4abc-a49d-ef94f4bd513a#0:FAIL-t155, 92ce6e48-4722-407a-9620-5998c6999257<-66f9d00c-1e97-4252-958c-bed5a531abda#0:FAIL-t155] and 0 exception(s); 92ce6e48-4722-407a-9620-5998c6999257@group-E964BE911FCC:t155, leader=null, voted=92ce6e48-4722-407a-9620-5998c6999257, raftlog=92ce6e48-4722-407a-9620-5998c6999257@group-E964BE911FCC-SegmentedRaftLog:OPENED:c-1,f-1,i0, conf=-1: [6cbfae60-ea29-4abc-a49d-ef94f4bd513a:192.168.69.85:36685, 66f9d00c-1e97-4252-958c-bed5a531abda:192.168.69.85:45996, 92ce6e48-4722-407a-9620-5998c6999257:192.168.69.85:34971], old=null
2019-10-18 14:01:43,319 [92ce6e48-4722-407a-9620-5998c6999257@group-E964BE911FCC-LeaderElection149] INFO  impl.RaftServerImpl (RaftServerImpl.java:setRole(184)) - 92ce6e48-4722-407a-9620-5998c6999257@group-E964BE911FCC: changes role from CANDIDATE to FOLLOWER at term 155 for DISCOVERED_A_NEW_TERM
2019-10-18 14:01:43,319 [92ce6e48-4722-407a-9620-5998c6999257@group-E964BE911FCC-LeaderElection149] INFO  impl.RoleInfo (RoleInfo.java:shutdownLeaderElection(134)) - 92ce6e48-4722-407a-9620-5998c6999257: shutdown LeaderElection
2019-10-18 14:01:43,319 [92ce6e48-4722-407a-9620-5998c6999257@group-E964BE911FCC-LeaderElection149] INFO  impl.RoleInfo (RoleInfo.java:updateAndGet(143)) - 92ce6e48-4722-407a-9620-5998c6999257: start FollowerState
2019-10-18 14:01:43,416 [Thread-1193] INFO  impl.FollowerState (FollowerState.java:run(108)) - 92ce6e48-4722-407a-9620-5998c6999257@group-E964BE911FCC-FollowerState: change to CANDIDATE, lastRpcTime:96ms, electionTimeout:96ms
2019-10-18 14:01:43,416 [Thread-1193] INFO  impl.RoleInfo (RoleInfo.java:shutdownFollowerState(121)) - 92ce6e48-4722-407a-9620-5998c6999257: shutdown FollowerState
2019-10-18 14:01:43,416 [Thread-1193] INFO  impl.RaftServerImpl (RaftServerImpl.java:setRole(184)) - 92ce6e48-4722-407a-9620-5998c6999257@group-E964BE911FCC: changes role from  FOLLOWER to CANDIDATE at term 155 for changeToCandidate
2019-10-18 14:01:43,416 [Thread-1193] INFO  impl.RoleInfo (RoleInfo.java:updateAndGet(143)) - 92ce6e48-4722-407a-9620-5998c6999257: start LeaderElection
2019-10-18 14:01:43,431 [92ce6e48-4722-407a-9620-5998c6999257@group-E964BE911FCC-LeaderElection150] INFO  impl.LeaderElection (LeaderElection.java:askForVotes(178)) - 92ce6e48-4722-407a-9620-5998c6999257@group-E964BE911FCC-LeaderElection150: begin an election at term 156 for -1: [6cbfae60-ea29-4abc-a49d-ef94f4bd513a:192.168.69.85:36685, 66f9d00c-1e97-4252-958c-bed5a531abda:192.168.69.85:45996, 92ce6e48-4722-407a-9620-5998c6999257:192.168.69.85:34971], old=null
2019-10-18 14:01:43,433 [grpc-default-executor-0] INFO  impl.RaftServerImpl (RaftServerImpl.java:setRole(184)) - 66f9d00c-1e97-4252-958c-bed5a531abda@group-E964BE911FCC: changes role from  FOLLOWER to FOLLOWER at term 156 for recognizeCandidate:92ce6e48-4722-407a-9620-5998c6999257
2019-10-18 14:01:43,433 [grpc-default-executor-4] INFO  impl.RaftServerImpl (RaftServerImpl.java:setRole(184)) - 6cbfae60-ea29-4abc-a49d-ef94f4bd513a@group-E964BE911FCC: changes role from  FOLLOWER to FOLLOWER at term 156 for recognizeCandidate:92ce6e48-4722-407a-9620-5998c6999257
2019-10-18 14:01:43,433 [grpc-default-executor-4] INFO  impl.RoleInfo (RoleInfo.java:shutdownFollowerState(121)) - 6cbfae60-ea29-4abc-a49d-ef94f4bd513a: shutdown FollowerState
2019-10-18 14:01:43,433 [grpc-default-executor-0] INFO  impl.RoleInfo (RoleInfo.java:shutdownFollowerState(121)) - 66f9d00c-1e97-4252-958c-bed5a531abda: shutdown FollowerState
2019-10-18 14:01:43,434 [grpc-default-executor-4] INFO  impl.RoleInfo (RoleInfo.java:updateAndGet(143)) - 6cbfae60-ea29-4abc-a49d-ef94f4bd513a: start FollowerState
2019-10-18 14:01:43,434 [Thread-1191] INFO  impl.FollowerState (FollowerState.java:run(117)) - 6cbfae60-ea29-4abc-a49d-ef94f4bd513a@group-E964BE911FCC-FollowerState was interrupted: java.lang.InterruptedException: sleep interrupted
2019-10-18 14:01:43,434 [grpc-default-executor-0] INFO  impl.RoleInfo (RoleInfo.java:updateAndGet(143)) - 66f9d00c-1e97-4252-958c-bed5a531abda: start FollowerState
2019-10-18 14:01:43,434 [Thread-1192] INFO  impl.FollowerState (FollowerState.java:run(117)) - 66f9d00c-1e97-4252-958c-bed5a531abda@group-E964BE911FCC-FollowerState was interrupted: java.lang.InterruptedException: sleep interrupted
2019-10-18 14:01:43,441 [92ce6e48-4722-407a-9620-5998c6999257@group-E964BE911FCC-LeaderElection150] INFO  impl.LeaderElection (LeaderElection.java:logAndReturn(56)) - 92ce6e48-4722-407a-9620-5998c6999257@group-E964BE911FCC-LeaderElection150: Election TIMEOUT; received 0 response(s) [] and 0 exception(s); 92ce6e48-4722-407a-9620-5998c6999257@group-E964BE911FCC:t156, leader=null, voted=92ce6e48-4722-407a-9620-5998c6999257, raftlog=92ce6e48-4722-407a-9620-5998c6999257@group-E964BE911FCC-SegmentedRaftLog:OPENED:c-1,f-1,i0, conf=-1: [6cbfae60-ea29-4abc-a49d-ef94f4bd513a:192.168.69.85:36685, 66f9d00c-1e97-4252-958c-bed5a531abda:192.168.69.85:45996, 92ce6e48-4722-407a-9620-5998c6999257:192.168.69.85:34971], old=null
2019-10-18 14:01:43,447 [92ce6e48-4722-407a-9620-5998c6999257@group-E964BE911FCC-LeaderElection150] INFO  impl.LeaderElection (LeaderElection.java:askForVotes(178)) - 92ce6e48-4722-407a-9620-5998c6999257@group-E964BE911FCC-LeaderElection150: begin an election at term 157 for -1: [6cbfae60-ea29-4abc-a49d-ef94f4bd513a:192.168.69.85:36685, 66f9d00c-1e97-4252-958c-bed5a531abda:192.168.69.85:45996, 92ce6e48-4722-407a-9620-5998c6999257:192.168.69.85:34971], old=null
2019-10-18 14:01:43,449 [grpc-default-executor-0] INFO  impl.RaftServerImpl (RaftServerImpl.java:setRole(184)) - 6cbfae60-ea29-4abc-a49d-ef94f4bd513a@group-E964BE911FCC: changes role from  FOLLOWER to FOLLOWER at term 157 for recognizeCandidate:92ce6e48-4722-407a-9620-5998c6999257
2019-10-18 14:01:43,449 [grpc-default-executor-0] INFO  impl.RoleInfo (RoleInfo.java:shutdownFollowerState(121)) - 6cbfae60-ea29-4abc-a49d-ef94f4bd513a: shutdown FollowerState
2019-10-18 14:01:43,449 [grpc-default-executor-4] INFO  impl.RaftServerImpl (RaftServerImpl.java:setRole(184)) - 66f9d00c-1e97-4252-958c-bed5a531abda@group-E964BE911FCC: changes role from  FOLLOWER to FOLLOWER at term 157 for recognizeCandidate:92ce6e48-4722-407a-9620-5998c6999257
2019-10-18 14:01:43,449 [Thread-1197] INFO  impl.FollowerState (FollowerState.java:run(117)) - 6cbfae60-ea29-4abc-a49d-ef94f4bd513a@group-E964BE911FCC-FollowerState was interrupted: java.lang.InterruptedException: sleep interrupted
2019-10-18 14:01:43,449 [grpc-default-executor-0] INFO  impl.RoleInfo (RoleInfo.java:updateAndGet(143)) - 6cbfae60-ea29-4abc-a49d-ef94f4bd513a: start FollowerState
2019-10-18 14:01:43,449 [grpc-default-executor-4] INFO  impl.RoleInfo (RoleInfo.java:shutdownFollowerState(121)) - 66f9d00c-1e97-4252-958c-bed5a531abda: shutdown FollowerState
2019-10-18 14:01:43,449 [grpc-default-executor-4] INFO  impl.RoleInfo (RoleInfo.java:updateAndGet(143)) - 66f9d00c-1e97-4252-958c-bed5a531abda: start FollowerState
2019-10-18 14:01:43,449 [Thread-1198] INFO  impl.FollowerState (FollowerState.java:run(117)) - 66f9d00c-1e97-4252-958c-bed5a531abda@group-E964BE911FCC-FollowerState was interrupted: java.lang.InterruptedException: sleep interrupted
2019-10-18 14:01:43,464 [92ce6e48-4722-407a-9620-5998c6999257@group-E964BE911FCC-LeaderElection150] INFO  impl.LeaderElection (LeaderElection.java:logAndReturn(56)) - 92ce6e48-4722-407a-9620-5998c6999257@group-E964BE911FCC-LeaderElection150: Election REJECTED; received 2 response(s) [92ce6e48-4722-407a-9620-5998c6999257<-6cbfae60-ea29-4abc-a49d-ef94f4bd513a#0:FAIL-t157, 92ce6e48-4722-407a-9620-5998c6999257<-66f9d00c-1e97-4252-958c-bed5a531abda#0:FAIL-t157] and 0 exception(s); 92ce6e48-4722-407a-9620-5998c6999257@group-E964BE911FCC:t157, leader=null, voted=92ce6e48-4722-407a-9620-5998c6999257, raftlog=92ce6e48-4722-407a-9620-5998c6999257@group-E964BE911FCC-SegmentedRaftLog:OPENED:c-1,f-1,i0, conf=-1: [6cbfae60-ea29-4abc-a49d-ef94f4bd513a:192.168.69.85:36685, 66f9d00c-1e97-4252-958c-bed5a531abda:192.168.69.85:45996, 92ce6e48-4722-407a-9620-5998c6999257:192.168.69.85:34971], old=null
2019-10-18 14:01:43,464 [92ce6e48-4722-407a-9620-5998c6999257@group-E964BE911FCC-LeaderElection150] INFO  impl.RaftServerImpl (RaftServerImpl.java:setRole(184)) - 92ce6e48-4722-407a-9620-5998c6999257@group-E964BE911FCC: changes role from CANDIDATE to FOLLOWER at term 157 for DISCOVERED_A_NEW_TERM
2019-10-18 14:01:43,464 [92ce6e48-4722-407a-9620-5998c6999257@group-E964BE911FCC-LeaderElection150] INFO  impl.RoleInfo (RoleInfo.java:shutdownLeaderElection(134)) - 92ce6e48-4722-407a-9620-5998c6999257: shutdown LeaderElection
2019-10-18 14:01:43,464 [92ce6e48-4722-407a-9620-5998c6999257@group-E964BE911FCC-LeaderElection150] INFO  impl.RoleInfo (RoleInfo.java:updateAndGet(143)) - 92ce6e48-4722-407a-9620-5998c6999257: start FollowerState
2019-10-18 14:01:43,474 [Thread-1203] INFO  impl.FollowerState (FollowerState.java:run(108)) - 92ce6e48-4722-407a-9620-5998c6999257@group-E964BE911FCC-FollowerState: change to CANDIDATE, lastRpcTime:10ms, electionTimeout:10ms
2019-10-18 14:01:43,475 [Thread-1203] INFO  impl.RoleInfo (RoleInfo.java:shutdownFollowerState(121)) - 92ce6e48-4722-407a-9620-5998c6999257: shutdown FollowerState
2019-10-18 14:01:43,475 [Thread-1203] INFO  impl.RaftServerImpl (RaftServerImpl.java:setRole(184)) - 92ce6e48-4722-407a-9620-5998c6999257@group-E964BE911FCC: changes role from  FOLLOWER to CANDIDATE at term 157 for changeToCandidate
2019-10-18 14:01:43,475 [Thread-1203] INFO  impl.RoleInfo (RoleInfo.java:updateAndGet(143)) - 92ce6e48-4722-407a-9620-5998c6999257: start LeaderElection
2019-10-18 14:01:43,488 [92ce6e48-4722-407a-9620-5998c6999257@group-E964BE911FCC-LeaderElection151] INFO  impl.LeaderElection (LeaderElection.java:askForVotes(178)) - 92ce6e48-4722-407a-9620-5998c6999257@group-E964BE911FCC-LeaderElection151: begin an election at term 158 for -1: [6cbfae60-ea29-4abc-a49d-ef94f4bd513a:192.168.69.85:36685, 66f9d00c-1e97-4252-958c-bed5a531abda:192.168.69.85:45996, 92ce6e48-4722-407a-9620-5998c6999257:192.168.69.85:34971], old=null
2019-10-18 14:01:43,490 [grpc-default-executor-4] INFO  impl.RaftServerImpl (RaftServerImpl.java:setRole(184)) - 6cbfae60-ea29-4abc-a49d-ef94f4bd513a@group-E964BE911FCC: changes role from  FOLLOWER to FOLLOWER at term 158 for recognizeCandidate:92ce6e48-4722-407a-9620-5998c6999257
2019-10-18 14:01:43,490 [grpc-default-executor-4] INFO  impl.RoleInfo (RoleInfo.java:shutdownFollowerState(121)) - 6cbfae60-ea29-4abc-a49d-ef94f4bd513a: shutdown FollowerState
2019-10-18 14:01:43,490 [grpc-default-executor-4] INFO  impl.RoleInfo (RoleInfo.java:updateAndGet(143)) - 6cbfae60-ea29-4abc-a49d-ef94f4bd513a: start FollowerState
2019-10-18 14:01:43,490 [grpc-default-executor-0] INFO  impl.RaftServerImpl (RaftServerImpl.java:setRole(184)) - 66f9d00c-1e97-4252-958c-bed5a531abda@group-E964BE911FCC: changes role from  FOLLOWER to FOLLOWER at term 158 for recognizeCandidate:92ce6e48-4722-407a-9620-5998c6999257
2019-10-18 14:01:43,490 [Thread-1201] INFO  impl.FollowerState (FollowerState.java:run(117)) - 6cbfae60-ea29-4abc-a49d-ef94f4bd513a@group-E964BE911FCC-FollowerState was interrupted: java.lang.InterruptedException: sleep interrupted
2019-10-18 14:01:43,490 [grpc-default-executor-0] INFO  impl.RoleInfo (RoleInfo.java:shutdownFollowerState(121)) - 66f9d00c-1e97-4252-958c-bed5a531abda: shutdown FollowerState
2019-10-18 14:01:43,491 [grpc-default-executor-0] INFO  impl.RoleInfo (RoleInfo.java:updateAndGet(143)) - 66f9d00c-1e97-4252-958c-bed5a531abda: start FollowerState
2019-10-18 14:01:43,491 [Thread-1202] INFO  impl.FollowerState (FollowerState.java:run(117)) - 66f9d00c-1e97-4252-958c-bed5a531abda@group-E964BE911FCC-FollowerState was interrupted: java.lang.InterruptedException: sleep interrupted
2019-10-18 14:01:43,504 [92ce6e48-4722-407a-9620-5998c6999257@group-E964BE911FCC-LeaderElection151] INFO  impl.LeaderElection (LeaderElection.java:logAndReturn(56)) - 92ce6e48-4722-407a-9620-5998c6999257@group-E964BE911FCC-LeaderElection151: Election REJECTED; received 2 response(s) [92ce6e48-4722-407a-9620-5998c6999257<-6cbfae60-ea29-4abc-a49d-ef94f4bd513a#0:FAIL-t158, 92ce6e48-4722-407a-9620-5998c6999257<-66f9d00c-1e97-4252-958c-bed5a531abda#0:FAIL-t158] and 0 exception(s); 92ce6e48-4722-407a-9620-5998c6999257@group-E964BE911FCC:t158, leader=null, voted=92ce6e48-4722-407a-9620-5998c6999257, raftlog=92ce6e48-4722-407a-9620-5998c6999257@group-E964BE911FCC-SegmentedRaftLog:OPENED:c-1,f-1,i0, conf=-1: [6cbfae60-ea29-4abc-a49d-ef94f4bd513a:192.168.69.85:36685, 66f9d00c-1e97-4252-958c-bed5a531abda:192.168.69.85:45996, 92ce6e48-4722-407a-9620-5998c6999257:192.168.69.85:34971], old=null
2019-10-18 14:01:43,504 [92ce6e48-4722-407a-9620-5998c6999257@group-E964BE911FCC-LeaderElection151] INFO  impl.RaftServerImpl (RaftServerImpl.java:setRole(184)) - 92ce6e48-4722-407a-9620-5998c6999257@group-E964BE911FCC: changes role from CANDIDATE to FOLLOWER at term 158 for DISCOVERED_A_NEW_TERM
2019-10-18 14:01:43,504 [92ce6e48-4722-407a-9620-5998c6999257@group-E964BE911FCC-LeaderElection151] INFO  impl.RoleInfo (RoleInfo.java:shutdownLeaderElection(134)) - 92ce6e48-4722-407a-9620-5998c6999257: shutdown LeaderElection
2019-10-18 14:01:43,504 [92ce6e48-4722-407a-9620-5998c6999257@group-E964BE911FCC-LeaderElection151] INFO  impl.RoleInfo (RoleInfo.java:updateAndGet(143)) - 92ce6e48-4722-407a-9620-5998c6999257: start FollowerState
2019-10-18 14:01:43,660 [Thread-1209] INFO  impl.FollowerState (FollowerState.java:run(108)) - 92ce6e48-4722-407a-9620-5998c6999257@group-E964BE911FCC-FollowerState: change to CANDIDATE, lastRpcTime:155ms, electionTimeout:155ms
2019-10-18 14:01:43,660 [Thread-1209] INFO  impl.RoleInfo (RoleInfo.java:shutdownFollowerState(121)) - 92ce6e48-4722-407a-9620-5998c6999257: shutdown FollowerState
2019-10-18 14:01:43,660 [Thread-1209] INFO  impl.RaftServerImpl (RaftServerImpl.java:setRole(184)) - 92ce6e48-4722-407a-9620-5998c6999257@group-E964BE911FCC: changes role from  FOLLOWER to CANDIDATE at term 158 for changeToCandidate
2019-10-18 14:01:43,660 [Thread-1209] INFO  impl.RoleInfo (RoleInfo.java:updateAndGet(143)) - 92ce6e48-4722-407a-9620-5998c6999257: start LeaderElection
2019-10-18 14:01:43,675 [92ce6e48-4722-407a-9620-5998c6999257@group-E964BE911FCC-LeaderElection152] INFO  impl.LeaderElection (LeaderElection.java:askForVotes(178)) - 92ce6e48-4722-407a-9620-5998c6999257@group-E964BE911FCC-LeaderElection152: begin an election at term 159 for -1: [6cbfae60-ea29-4abc-a49d-ef94f4bd513a:192.168.69.85:36685, 66f9d00c-1e97-4252-958c-bed5a531abda:192.168.69.85:45996, 92ce6e48-4722-407a-9620-5998c6999257:192.168.69.85:34971], old=null
2019-10-18 14:01:43,678 [grpc-default-executor-0] INFO  impl.RaftServerImpl (RaftServerImpl.java:setRole(184)) - 6cbfae60-ea29-4abc-a49d-ef94f4bd513a@group-E964BE911FCC: changes role from  FOLLOWER to FOLLOWER at term 159 for recognizeCandidate:92ce6e48-4722-407a-9620-5998c6999257
2019-10-18 14:01:43,678 [grpc-default-executor-0] INFO  impl.RoleInfo (RoleInfo.java:shutdownFollowerState(121)) - 6cbfae60-ea29-4abc-a49d-ef94f4bd513a: shutdown FollowerState
2019-10-18 14:01:43,678 [grpc-default-executor-0] INFO  impl.RoleInfo (RoleInfo.java:updateAndGet(143)) - 6cbfae60-ea29-4abc-a49d-ef94f4bd513a: start FollowerState
2019-10-18 14:01:43,678 [Thread-1207] INFO  impl.FollowerState (FollowerState.java:run(117)) - 6cbfae60-ea29-4abc-a49d-ef94f4bd513a@group-E964BE911FCC-FollowerState was interrupted: java.lang.InterruptedException: sleep interrupted
2019-10-18 14:01:43,678 [grpc-default-executor-4] INFO  impl.RaftServerImpl (RaftServerImpl.java:setRole(184)) - 66f9d00c-1e97-4252-958c-bed5a531abda@group-E964BE911FCC: changes role from  FOLLOWER to FOLLOWER at term 159 for recognizeCandidate:92ce6e48-4722-407a-9620-5998c6999257
2019-10-18 14:01:43,679 [grpc-default-executor-4] INFO  impl.RoleInfo (RoleInfo.java:shutdownFollowerState(121)) - 66f9d00c-1e97-4252-958c-bed5a531abda: shutdown FollowerState
2019-10-18 14:01:43,679 [grpc-default-executor-4] INFO  impl.RoleInfo (RoleInfo.java:updateAndGet(143)) - 66f9d00c-1e97-4252-958c-bed5a531abda: start FollowerState
2019-10-18 14:01:43,679 [Thread-1208] INFO  impl.FollowerState (FollowerState.java:run(117)) - 66f9d00c-1e97-4252-958c-bed5a531abda@group-E964BE911FCC-FollowerState was interrupted: java.lang.InterruptedException: sleep interrupted
2019-10-18 14:01:43,680 [92ce6e48-4722-407a-9620-5998c6999257@group-E964BE911FCC-LeaderElection152] INFO  impl.LeaderElection (LeaderElection.java:logAndReturn(56)) - 92ce6e48-4722-407a-9620-5998c6999257@group-E964BE911FCC-LeaderElection152: Election TIMEOUT; received 0 response(s) [] and 0 exception(s); 92ce6e48-4722-407a-9620-5998c6999257@group-E964BE911FCC:t159, leader=null, voted=92ce6e48-4722-407a-9620-5998c6999257, raftlog=92ce6e48-4722-407a-9620-5998c6999257@group-E964BE911FCC-SegmentedRaftLog:OPENED:c-1,f-1,i0, conf=-1: [6cbfae60-ea29-4abc-a49d-ef94f4bd513a:192.168.69.85:36685, 66f9d00c-1e97-4252-958c-bed5a531abda:192.168.69.85:45996, 92ce6e48-4722-407a-9620-5998c6999257:192.168.69.85:34971], old=null
2019-10-18 14:01:43,715 [92ce6e48-4722-407a-9620-5998c6999257@group-E964BE911FCC-LeaderElection152] INFO  impl.LeaderElection (LeaderElection.java:askForVotes(178)) - 92ce6e48-4722-407a-9620-5998c6999257@group-E964BE911FCC-LeaderElection152: begin an election at term 160 for -1: [6cbfae60-ea29-4abc-a49d-ef94f4bd513a:192.168.69.85:36685, 66f9d00c-1e97-4252-958c-bed5a531abda:192.168.69.85:45996, 92ce6e48-4722-407a-9620-5998c6999257:192.168.69.85:34971], old=null
2019-10-18 14:01:43,718 [grpc-default-executor-0] INFO  impl.RaftServerImpl (RaftServerImpl.java:setRole(184)) - 6cbfae60-ea29-4abc-a49d-ef94f4bd513a@group-E964BE911FCC: changes role from  FOLLOWER to FOLLOWER at term 160 for recognizeCandidate:92ce6e48-4722-407a-9620-5998c6999257
2019-10-18 14:01:43,718 [grpc-default-executor-0] INFO  impl.RoleInfo (RoleInfo.java:shutdownFollowerState(121)) - 6cbfae60-ea29-4abc-a49d-ef94f4bd513a: shutdown FollowerState
2019-10-18 14:01:43,718 [grpc-default-executor-0] INFO  impl.RoleInfo (RoleInfo.java:updateAndGet(143)) - 6cbfae60-ea29-4abc-a49d-ef94f4bd513a: start FollowerState
2019-10-18 14:01:43,719 [Thread-1213] INFO  impl.FollowerState (FollowerState.java:run(117)) - 6cbfae60-ea29-4abc-a49d-ef94f4bd513a@group-E964BE911FCC-FollowerState was interrupted: java.lang.InterruptedException: sleep interrupted
2019-10-18 14:01:43,719 [grpc-default-executor-4] INFO  impl.RaftServerImpl (RaftServerImpl.java:setRole(184)) - 66f9d00c-1e97-4252-958c-bed5a531abda@group-E964BE911FCC: changes role from  FOLLOWER to FOLLOWER at term 160 for recognizeCandidate:92ce6e48-4722-407a-9620-5998c6999257
2019-10-18 14:01:43,719 [grpc-default-executor-4] INFO  impl.RoleInfo (RoleInfo.java:shutdownFollowerState(121)) - 66f9d00c-1e97-4252-958c-bed5a531abda: shutdown FollowerState
2019-10-18 14:01:43,719 [grpc-default-executor-4] INFO  impl.RoleInfo (RoleInfo.java:updateAndGet(143)) - 66f9d00c-1e97-4252-958c-bed5a531abda: start FollowerState
2019-10-18 14:01:43,719 [Thread-1214] INFO  impl.FollowerState (FollowerState.java:run(117)) - 66f9d00c-1e97-4252-958c-bed5a531abda@group-E964BE911FCC-FollowerState was interrupted: java.lang.InterruptedException: sleep interrupted
2019-10-18 14:01:43,730 [92ce6e48-4722-407a-9620-5998c6999257@group-E964BE911FCC-LeaderElection152] INFO  impl.LeaderElection (LeaderElection.java:logAndReturn(56)) - 92ce6e48-4722-407a-9620-5998c6999257@group-E964BE911FCC-LeaderElection152: Election REJECTED; received 2 response(s) [92ce6e48-4722-407a-9620-5998c6999257<-6cbfae60-ea29-4abc-a49d-ef94f4bd513a#0:FAIL-t160, 92ce6e48-4722-407a-9620-5998c6999257<-66f9d00c-1e97-4252-958c-bed5a531abda#0:FAIL-t160] and 0 exception(s); 92ce6e48-4722-407a-9620-5998c6999257@group-E964BE911FCC:t160, leader=null, voted=92ce6e48-4722-407a-9620-5998c6999257, raftlog=92ce6e48-4722-407a-9620-5998c6999257@group-E964BE911FCC-SegmentedRaftLog:OPENED:c-1,f-1,i0, conf=-1: [6cbfae60-ea29-4abc-a49d-ef94f4bd513a:192.168.69.85:36685, 66f9d00c-1e97-4252-958c-bed5a531abda:192.168.69.85:45996, 92ce6e48-4722-407a-9620-5998c6999257:192.168.69.85:34971], old=null
2019-10-18 14:01:43,730 [92ce6e48-4722-407a-9620-5998c6999257@group-E964BE911FCC-LeaderElection152] INFO  impl.RaftServerImpl (RaftServerImpl.java:setRole(184)) - 92ce6e48-4722-407a-9620-5998c6999257@group-E964BE911FCC: changes role from CANDIDATE to FOLLOWER at term 160 for DISCOVERED_A_NEW_TERM
2019-10-18 14:01:43,730 [92ce6e48-4722-407a-9620-5998c6999257@group-E964BE911FCC-LeaderElection152] INFO  impl.RoleInfo (RoleInfo.java:shutdownLeaderElection(134)) - 92ce6e48-4722-407a-9620-5998c6999257: shutdown LeaderElection
2019-10-18 14:01:43,730 [92ce6e48-4722-407a-9620-5998c6999257@group-E964BE911FCC-LeaderElection152] INFO  impl.RoleInfo (RoleInfo.java:updateAndGet(143)) - 92ce6e48-4722-407a-9620-5998c6999257: start FollowerState
2019-10-18 14:01:43,735 [Thread-1219] INFO  impl.FollowerState (FollowerState.java:run(108)) - 92ce6e48-4722-407a-9620-5998c6999257@group-E964BE911FCC-FollowerState: change to CANDIDATE, lastRpcTime:4ms, electionTimeout:4ms
2019-10-18 14:01:43,735 [Thread-1219] INFO  impl.RoleInfo (RoleInfo.java:shutdownFollowerState(121)) - 92ce6e48-4722-407a-9620-5998c6999257: shutdown FollowerState
2019-10-18 14:01:43,735 [Thread-1219] INFO  impl.RaftServerImpl (RaftServerImpl.java:setRole(184)) - 92ce6e48-4722-407a-9620-5998c6999257@group-E964BE911FCC: changes role from  FOLLOWER to CANDIDATE at term 160 for changeToCandidate
2019-10-18 14:01:43,735 [Thread-1219] INFO  impl.RoleInfo (RoleInfo.java:updateAndGet(143)) - 92ce6e48-4722-407a-9620-5998c6999257: start LeaderElection
2019-10-18 14:01:43,748 [92ce6e48-4722-407a-9620-5998c6999257@group-E964BE911FCC-LeaderElection153] INFO  impl.LeaderElection (LeaderElection.java:askForVotes(178)) - 92ce6e48-4722-407a-9620-5998c6999257@group-E964BE911FCC-LeaderElection153: begin an election at term 161 for -1: [6cbfae60-ea29-4abc-a49d-ef94f4bd513a:192.168.69.85:36685, 66f9d00c-1e97-4252-958c-bed5a531abda:192.168.69.85:45996, 92ce6e48-4722-407a-9620-5998c6999257:192.168.69.85:34971], old=null
2019-10-18 14:01:43,750 [grpc-default-executor-4] INFO  impl.RaftServerImpl (RaftServerImpl.java:setRole(184)) - 6cbfae60-ea29-4abc-a49d-ef94f4bd513a@group-E964BE911FCC: changes role from  FOLLOWER to FOLLOWER at term 161 for recognizeCandidate:92ce6e48-4722-407a-9620-5998c6999257
2019-10-18 14:01:43,750 [grpc-default-executor-4] INFO  impl.RoleInfo (RoleInfo.java:shutdownFollowerState(121)) - 6cbfae60-ea29-4abc-a49d-ef94f4bd513a: shutdown FollowerState
2019-10-18 14:01:43,751 [grpc-default-executor-4] INFO  impl.RoleInfo (RoleInfo.java:updateAndGet(143)) - 6cbfae60-ea29-4abc-a49d-ef94f4bd513a: start FollowerState
2019-10-18 14:01:43,751 [Thread-1217] INFO  impl.FollowerState (FollowerState.java:run(117)) - 6cbfae60-ea29-4abc-a49d-ef94f4bd513a@group-E964BE911FCC-FollowerState was interrupted: java.lang.InterruptedException: sleep interrupted
2019-10-18 14:01:43,751 [grpc-default-executor-0] INFO  impl.RaftServerImpl (RaftServerImpl.java:setRole(184)) - 66f9d00c-1e97-4252-958c-bed5a531abda@group-E964BE911FCC: changes role from  FOLLOWER to FOLLOWER at term 161 for recognizeCandidate:92ce6e48-4722-407a-9620-5998c6999257
2019-10-18 14:01:43,751 [grpc-default-executor-0] INFO  impl.RoleInfo (RoleInfo.java:shutdownFollowerState(121)) - 66f9d00c-1e97-4252-958c-bed5a531abda: shutdown FollowerState
2019-10-18 14:01:43,751 [grpc-default-executor-0] INFO  impl.RoleInfo (RoleInfo.java:updateAndGet(143)) - 66f9d00c-1e97-4252-958c-bed5a531abda: start FollowerState
2019-10-18 14:01:43,751 [Thread-1218] INFO  impl.FollowerState (FollowerState.java:run(117)) - 66f9d00c-1e97-4252-958c-bed5a531abda@group-E964BE911FCC-FollowerState was interrupted: java.lang.InterruptedException: sleep interrupted
2019-10-18 14:01:43,765 [92ce6e48-4722-407a-9620-5998c6999257@group-E964BE911FCC-LeaderElection153] INFO  impl.LeaderElection (LeaderElection.java:logAndReturn(56)) - 92ce6e48-4722-407a-9620-5998c6999257@group-E964BE911FCC-LeaderElection153: Election REJECTED; received 2 response(s) [92ce6e48-4722-407a-9620-5998c6999257<-6cbfae60-ea29-4abc-a49d-ef94f4bd513a#0:FAIL-t161, 92ce6e48-4722-407a-9620-5998c6999257<-66f9d00c-1e97-4252-958c-bed5a531abda#0:FAIL-t161] and 0 exception(s); 92ce6e48-4722-407a-9620-5998c6999257@group-E964BE911FCC:t161, leader=null, voted=92ce6e48-4722-407a-9620-5998c6999257, raftlog=92ce6e48-4722-407a-9620-5998c6999257@group-E964BE911FCC-SegmentedRaftLog:OPENED:c-1,f-1,i0, conf=-1: [6cbfae60-ea29-4abc-a49d-ef94f4bd513a:192.168.69.85:36685, 66f9d00c-1e97-4252-958c-bed5a531abda:192.168.69.85:45996, 92ce6e48-4722-407a-9620-5998c6999257:192.168.69.85:34971], old=null
2019-10-18 14:01:43,765 [92ce6e48-4722-407a-9620-5998c6999257@group-E964BE911FCC-LeaderElection153] INFO  impl.RaftServerImpl (RaftServerImpl.java:setRole(184)) - 92ce6e48-4722-407a-9620-5998c6999257@group-E964BE911FCC: changes role from CANDIDATE to FOLLOWER at term 161 for DISCOVERED_A_NEW_TERM
2019-10-18 14:01:43,765 [92ce6e48-4722-407a-9620-5998c6999257@group-E964BE911FCC-LeaderElection153] INFO  impl.RoleInfo (RoleInfo.java:shutdownLeaderElection(134)) - 92ce6e48-4722-407a-9620-5998c6999257: shutdown LeaderElection
2019-10-18 14:01:43,765 [92ce6e48-4722-407a-9620-5998c6999257@group-E964BE911FCC-LeaderElection153] INFO  impl.RoleInfo (RoleInfo.java:updateAndGet(143)) - 92ce6e48-4722-407a-9620-5998c6999257: start FollowerState
2019-10-18 14:01:43,814 [Thread-1225] INFO  impl.FollowerState (FollowerState.java:run(108)) - 92ce6e48-4722-407a-9620-5998c6999257@group-E964BE911FCC-FollowerState: change to CANDIDATE, lastRpcTime:48ms, electionTimeout:48ms
2019-10-18 14:01:43,814 [Thread-1225] INFO  impl.RoleInfo (RoleInfo.java:shutdownFollowerState(121)) - 92ce6e48-4722-407a-9620-5998c6999257: shutdown FollowerState
2019-10-18 14:01:43,814 [Thread-1225] INFO  impl.RaftServerImpl (RaftServerImpl.java:setRole(184)) - 92ce6e48-4722-407a-9620-5998c6999257@group-E964BE911FCC: changes role from  FOLLOWER to CANDIDATE at term 161 for changeToCandidate
2019-10-18 14:01:43,814 [Thread-1225] INFO  impl.RoleInfo (RoleInfo.java:updateAndGet(143)) - 92ce6e48-4722-407a-9620-5998c6999257: start LeaderElection
2019-10-18 14:01:43,828 [92ce6e48-4722-407a-9620-5998c6999257@group-E964BE911FCC-LeaderElection154] INFO  impl.LeaderElection (LeaderElection.java:askForVotes(178)) - 92ce6e48-4722-407a-9620-5998c6999257@group-E964BE911FCC-LeaderElection154: begin an election at term 162 for -1: [6cbfae60-ea29-4abc-a49d-ef94f4bd513a:192.168.69.85:36685, 66f9d00c-1e97-4252-958c-bed5a531abda:192.168.69.85:45996, 92ce6e48-4722-407a-9620-5998c6999257:192.168.69.85:34971], old=null
2019-10-18 14:01:43,830 [grpc-default-executor-0] INFO  impl.RaftServerImpl (RaftServerImpl.java:setRole(184)) - 6cbfae60-ea29-4abc-a49d-ef94f4bd513a@group-E964BE911FCC: changes role from  FOLLOWER to FOLLOWER at term 162 for recognizeCandidate:92ce6e48-4722-407a-9620-5998c6999257
2019-10-18 14:01:43,830 [grpc-default-executor-0] INFO  impl.RoleInfo (RoleInfo.java:shutdownFollowerState(121)) - 6cbfae60-ea29-4abc-a49d-ef94f4bd513a: shutdown FollowerState
2019-10-18 14:01:43,830 [grpc-default-executor-0] INFO  impl.RoleInfo (RoleInfo.java:updateAndGet(143)) - 6cbfae60-ea29-4abc-a49d-ef94f4bd513a: start FollowerState
2019-10-18 14:01:43,830 [Thread-1223] INFO  impl.FollowerState (FollowerState.java:run(117)) - 6cbfae60-ea29-4abc-a49d-ef94f4bd513a@group-E964BE911FCC-FollowerState was interrupted: java.lang.InterruptedException: sleep interrupted
2019-10-18 14:01:43,830 [grpc-default-executor-4] INFO  impl.RaftServerImpl (RaftServerImpl.java:setRole(184)) - 66f9d00c-1e97-4252-958c-bed5a531abda@group-E964BE911FCC: changes role from  FOLLOWER to FOLLOWER at term 162 for recognizeCandidate:92ce6e48-4722-407a-9620-5998c6999257
2019-10-18 14:01:43,830 [grpc-default-executor-4] INFO  impl.RoleInfo (RoleInfo.java:shutdownFollowerState(121)) - 66f9d00c-1e97-4252-958c-bed5a531abda: shutdown FollowerState
2019-10-18 14:01:43,831 [grpc-default-executor-4] INFO  impl.RoleInfo (RoleInfo.java:updateAndGet(143)) - 66f9d00c-1e97-4252-958c-bed5a531abda: start FollowerState
2019-10-18 14:01:43,831 [Thread-1224] INFO  impl.FollowerState (FollowerState.java:run(117)) - 66f9d00c-1e97-4252-958c-bed5a531abda@group-E964BE911FCC-FollowerState was interrupted: java.lang.InterruptedException: sleep interrupted
2019-10-18 14:01:43,845 [92ce6e48-4722-407a-9620-5998c6999257@group-E964BE911FCC-LeaderElection154] INFO  impl.LeaderElection (LeaderElection.java:logAndReturn(56)) - 92ce6e48-4722-407a-9620-5998c6999257@group-E964BE911FCC-LeaderElection154: Election REJECTED; received 2 response(s) [92ce6e48-4722-407a-9620-5998c6999257<-6cbfae60-ea29-4abc-a49d-ef94f4bd513a#0:FAIL-t162, 92ce6e48-4722-407a-9620-5998c6999257<-66f9d00c-1e97-4252-958c-bed5a531abda#0:FAIL-t162] and 0 exception(s); 92ce6e48-4722-407a-9620-5998c6999257@group-E964BE911FCC:t162, leader=null, voted=92ce6e48-4722-407a-9620-5998c6999257, raftlog=92ce6e48-4722-407a-9620-5998c6999257@group-E964BE911FCC-SegmentedRaftLog:OPENED:c-1,f-1,i0, conf=-1: [6cbfae60-ea29-4abc-a49d-ef94f4bd513a:192.168.69.85:36685, 66f9d00c-1e97-4252-958c-bed5a531abda:192.168.69.85:45996, 92ce6e48-4722-407a-9620-5998c6999257:192.168.69.85:34971], old=null
2019-10-18 14:01:43,846 [92ce6e48-4722-407a-9620-5998c6999257@group-E964BE911FCC-LeaderElection154] INFO  impl.RaftServerImpl (RaftServerImpl.java:setRole(184)) - 92ce6e48-4722-407a-9620-5998c6999257@group-E964BE911FCC: changes role from CANDIDATE to FOLLOWER at term 162 for DISCOVERED_A_NEW_TERM
2019-10-18 14:01:43,846 [92ce6e48-4722-407a-9620-5998c6999257@group-E964BE911FCC-LeaderElection154] INFO  impl.RoleInfo (RoleInfo.java:shutdownLeaderElection(134)) - 92ce6e48-4722-407a-9620-5998c6999257: shutdown LeaderElection
2019-10-18 14:01:43,846 [92ce6e48-4722-407a-9620-5998c6999257@group-E964BE911FCC-LeaderElection154] INFO  impl.RoleInfo (RoleInfo.java:updateAndGet(143)) - 92ce6e48-4722-407a-9620-5998c6999257: start FollowerState
2019-10-18 14:01:43,862 [Thread-1231] INFO  impl.FollowerState (FollowerState.java:run(108)) - 92ce6e48-4722-407a-9620-5998c6999257@group-E964BE911FCC-FollowerState: change to CANDIDATE, lastRpcTime:16ms, electionTimeout:16ms
2019-10-18 14:01:43,862 [Thread-1231] INFO  impl.RoleInfo (RoleInfo.java:shutdownFollowerState(121)) - 92ce6e48-4722-407a-9620-5998c6999257: shutdown FollowerState
2019-10-18 14:01:43,862 [Thread-1231] INFO  impl.RaftServerImpl (RaftServerImpl.java:setRole(184)) - 92ce6e48-4722-407a-9620-5998c6999257@group-E964BE911FCC: changes role from  FOLLOWER to CANDIDATE at term 162 for changeToCandidate
2019-10-18 14:01:43,862 [Thread-1231] INFO  impl.RoleInfo (RoleInfo.java:updateAndGet(143)) - 92ce6e48-4722-407a-9620-5998c6999257: start LeaderElection
2019-10-18 14:01:43,876 [92ce6e48-4722-407a-9620-5998c6999257@group-E964BE911FCC-LeaderElection155] INFO  impl.LeaderElection (LeaderElection.java:askForVotes(178)) - 92ce6e48-4722-407a-9620-5998c6999257@group-E964BE911FCC-LeaderElection155: begin an election at term 163 for -1: [6cbfae60-ea29-4abc-a49d-ef94f4bd513a:192.168.69.85:36685, 66f9d00c-1e97-4252-958c-bed5a531abda:192.168.69.85:45996, 92ce6e48-4722-407a-9620-5998c6999257:192.168.69.85:34971], old=null
2019-10-18 14:01:43,878 [grpc-default-executor-4] INFO  impl.RaftServerImpl (RaftServerImpl.java:setRole(184)) - 6cbfae60-ea29-4abc-a49d-ef94f4bd513a@group-E964BE911FCC: changes role from  FOLLOWER to FOLLOWER at term 163 for recognizeCandidate:92ce6e48-4722-407a-9620-5998c6999257
2019-10-18 14:01:43,878 [grpc-default-executor-4] INFO  impl.RoleInfo (RoleInfo.java:shutdownFollowerState(121)) - 6cbfae60-ea29-4abc-a49d-ef94f4bd513a: shutdown FollowerState
2019-10-18 14:01:43,878 [grpc-default-executor-0] INFO  impl.RaftServerImpl (RaftServerImpl.java:setRole(184)) - 66f9d00c-1e97-4252-958c-bed5a531abda@group-E964BE911FCC: changes role from  FOLLOWER to FOLLOWER at term 163 for recognizeCandidate:92ce6e48-4722-407a-9620-5998c6999257
2019-10-18 14:01:43,878 [grpc-default-executor-0] INFO  impl.RoleInfo (RoleInfo.java:shutdownFollowerState(121)) - 66f9d00c-1e97-4252-958c-bed5a531abda: shutdown FollowerState
2019-10-18 14:01:43,878 [grpc-default-executor-4] INFO  impl.RoleInfo (RoleInfo.java:updateAndGet(143)) - 6cbfae60-ea29-4abc-a49d-ef94f4bd513a: start FollowerState
2019-10-18 14:01:43,878 [Thread-1230] INFO  impl.FollowerState (FollowerState.java:run(117)) - 66f9d00c-1e97-4252-958c-bed5a531abda@group-E964BE911FCC-FollowerState was interrupted: java.lang.InterruptedException: sleep interrupted
2019-10-18 14:01:43,878 [grpc-default-executor-0] INFO  impl.RoleInfo (RoleInfo.java:updateAndGet(143)) - 66f9d00c-1e97-4252-958c-bed5a531abda: start FollowerState
2019-10-18 14:01:43,878 [Thread-1229] INFO  impl.FollowerState (FollowerState.java:run(117)) - 6cbfae60-ea29-4abc-a49d-ef94f4bd513a@group-E964BE911FCC-FollowerState was interrupted: java.lang.InterruptedException: sleep interrupted
2019-10-18 14:01:43,893 [92ce6e48-4722-407a-9620-5998c6999257@group-E964BE911FCC-LeaderElection155] INFO  impl.LeaderElection (LeaderElection.java:logAndReturn(56)) - 92ce6e48-4722-407a-9620-5998c6999257@group-E964BE911FCC-LeaderElection155: Election REJECTED; received 2 response(s) [92ce6e48-4722-407a-9620-5998c6999257<-6cbfae60-ea29-4abc-a49d-ef94f4bd513a#0:FAIL-t163, 92ce6e48-4722-407a-9620-5998c6999257<-66f9d00c-1e97-4252-958c-bed5a531abda#0:FAIL-t163] and 0 exception(s); 92ce6e48-4722-407a-9620-5998c6999257@group-E964BE911FCC:t163, leader=null, voted=92ce6e48-4722-407a-9620-5998c6999257, raftlog=92ce6e48-4722-407a-9620-5998c6999257@group-E964BE911FCC-SegmentedRaftLog:OPENED:c-1,f-1,i0, conf=-1: [6cbfae60-ea29-4abc-a49d-ef94f4bd513a:192.168.69.85:36685, 66f9d00c-1e97-4252-958c-bed5a531abda:192.168.69.85:45996, 92ce6e48-4722-407a-9620-5998c6999257:192.168.69.85:34971], old=null
2019-10-18 14:01:43,893 [92ce6e48-4722-407a-9620-5998c6999257@group-E964BE911FCC-LeaderElection155] INFO  impl.RaftServerImpl (RaftServerImpl.java:setRole(184)) - 92ce6e48-4722-407a-9620-5998c6999257@group-E964BE911FCC: changes role from CANDIDATE to FOLLOWER at term 163 for DISCOVERED_A_NEW_TERM
2019-10-18 14:01:43,893 [92ce6e48-4722-407a-9620-5998c6999257@group-E964BE911FCC-LeaderElection155] INFO  impl.RoleInfo (RoleInfo.java:shutdownLeaderElection(134)) - 92ce6e48-4722-407a-9620-5998c6999257: shutdown LeaderElection
2019-10-18 14:01:43,893 [92ce6e48-4722-407a-9620-5998c6999257@group-E964BE911FCC-LeaderElection155] INFO  impl.RoleInfo (RoleInfo.java:updateAndGet(143)) - 92ce6e48-4722-407a-9620-5998c6999257: start FollowerState
2019-10-18 14:01:44,063 [Thread-1237] INFO  impl.FollowerState (FollowerState.java:run(108)) - 92ce6e48-4722-407a-9620-5998c6999257@group-E964BE911FCC-FollowerState: change to CANDIDATE, lastRpcTime:170ms, electionTimeout:170ms
2019-10-18 14:01:44,064 [Thread-1237] INFO  impl.RoleInfo (RoleInfo.java:shutdownFollowerState(121)) - 92ce6e48-4722-407a-9620-5998c6999257: shutdown FollowerState
2019-10-18 14:01:44,064 [Thread-1237] INFO  impl.RaftServerImpl (RaftServerImpl.java:setRole(184)) - 92ce6e48-4722-407a-9620-5998c6999257@group-E964BE911FCC: changes role from  FOLLOWER to CANDIDATE at term 163 for changeToCandidate
2019-10-18 14:01:44,064 [Thread-1237] INFO  impl.RoleInfo (RoleInfo.java:updateAndGet(143)) - 92ce6e48-4722-407a-9620-5998c6999257: start LeaderElection
2019-10-18 14:01:44,078 [92ce6e48-4722-407a-9620-5998c6999257@group-E964BE911FCC-LeaderElection156] INFO  impl.LeaderElection (LeaderElection.java:askForVotes(178)) - 92ce6e48-4722-407a-9620-5998c6999257@group-E964BE911FCC-LeaderElection156: begin an election at term 164 for -1: [6cbfae60-ea29-4abc-a49d-ef94f4bd513a:192.168.69.85:36685, 66f9d00c-1e97-4252-958c-bed5a531abda:192.168.69.85:45996, 92ce6e48-4722-407a-9620-5998c6999257:192.168.69.85:34971], old=null
2019-10-18 14:01:44,080 [grpc-default-executor-0] INFO  impl.RaftServerImpl (RaftServerImpl.java:setRole(184)) - 6cbfae60-ea29-4abc-a49d-ef94f4bd513a@group-E964BE911FCC: changes role from  FOLLOWER to FOLLOWER at term 164 for recognizeCandidate:92ce6e48-4722-407a-9620-5998c6999257
2019-10-18 14:01:44,080 [grpc-default-executor-0] INFO  impl.RoleInfo (RoleInfo.java:shutdownFollowerState(121)) - 6cbfae60-ea29-4abc-a49d-ef94f4bd513a: shutdown FollowerState
2019-10-18 14:01:44,080 [grpc-default-executor-4] INFO  impl.RaftServerImpl (RaftServerImpl.java:setRole(184)) - 66f9d00c-1e97-4252-958c-bed5a531abda@group-E964BE911FCC: changes role from  FOLLOWER to FOLLOWER at term 164 for recognizeCandidate:92ce6e48-4722-407a-9620-5998c6999257
2019-10-18 14:01:44,081 [Thread-1235] INFO  impl.FollowerState (FollowerState.java:run(117)) - 6cbfae60-ea29-4abc-a49d-ef94f4bd513a@group-E964BE911FCC-FollowerState was interrupted: java.lang.InterruptedException: sleep interrupted
2019-10-18 14:01:44,081 [grpc-default-executor-0] INFO  impl.RoleInfo (RoleInfo.java:updateAndGet(143)) - 6cbfae60-ea29-4abc-a49d-ef94f4bd513a: start FollowerState
2019-10-18 14:01:44,081 [grpc-default-executor-4] INFO  impl.RoleInfo (RoleInfo.java:shutdownFollowerState(121)) - 66f9d00c-1e97-4252-958c-bed5a531abda: shutdown FollowerState
2019-10-18 14:01:44,081 [grpc-default-executor-4] INFO  impl.RoleInfo (RoleInfo.java:updateAndGet(143)) - 66f9d00c-1e97-4252-958c-bed5a531abda: start FollowerState
2019-10-18 14:01:44,081 [Thread-1236] INFO  impl.FollowerState (FollowerState.java:run(117)) - 66f9d00c-1e97-4252-958c-bed5a531abda@group-E964BE911FCC-FollowerState was interrupted: java.lang.InterruptedException: sleep interrupted
2019-10-18 14:01:44,108 [92ce6e48-4722-407a-9620-5998c6999257@group-E964BE911FCC-LeaderElection156] INFO  impl.LeaderElection (LeaderElection.java:logAndReturn(56)) - 92ce6e48-4722-407a-9620-5998c6999257@group-E964BE911FCC-LeaderElection156: Election REJECTED; received 2 response(s) [92ce6e48-4722-407a-9620-5998c6999257<-6cbfae60-ea29-4abc-a49d-ef94f4bd513a#0:FAIL-t164, 92ce6e48-4722-407a-9620-5998c6999257<-66f9d00c-1e97-4252-958c-bed5a531abda#0:FAIL-t164] and 0 exception(s); 92ce6e48-4722-407a-9620-5998c6999257@group-E964BE911FCC:t164, leader=null, voted=92ce6e48-4722-407a-9620-5998c6999257, raftlog=92ce6e48-4722-407a-9620-5998c6999257@group-E964BE911FCC-SegmentedRaftLog:OPENED:c-1,f-1,i0, conf=-1: [6cbfae60-ea29-4abc-a49d-ef94f4bd513a:192.168.69.85:36685, 66f9d00c-1e97-4252-958c-bed5a531abda:192.168.69.85:45996, 92ce6e48-4722-407a-9620-5998c6999257:192.168.69.85:34971], old=null
2019-10-18 14:01:44,109 [92ce6e48-4722-407a-9620-5998c6999257@group-E964BE911FCC-LeaderElection156] INFO  impl.RaftServerImpl (RaftServerImpl.java:setRole(184)) - 92ce6e48-4722-407a-9620-5998c6999257@group-E964BE911FCC: changes role from CANDIDATE to FOLLOWER at term 164 for DISCOVERED_A_NEW_TERM
2019-10-18 14:01:44,109 [92ce6e48-4722-407a-9620-5998c6999257@group-E964BE911FCC-LeaderElection156] INFO  impl.RoleInfo (RoleInfo.java:shutdownLeaderElection(134)) - 92ce6e48-4722-407a-9620-5998c6999257: shutdown LeaderElection
2019-10-18 14:01:44,109 [92ce6e48-4722-407a-9620-5998c6999257@group-E964BE911FCC-LeaderElection156] INFO  impl.RoleInfo (RoleInfo.java:updateAndGet(143)) - 92ce6e48-4722-407a-9620-5998c6999257: start FollowerState
2019-10-18 14:01:44,147 [Thread-1243] INFO  impl.FollowerState (FollowerState.java:run(108)) - 92ce6e48-4722-407a-9620-5998c6999257@group-E964BE911FCC-FollowerState: change to CANDIDATE, lastRpcTime:38ms, electionTimeout:38ms
2019-10-18 14:01:44,147 [Thread-1243] INFO  impl.RoleInfo (RoleInfo.java:shutdownFollowerState(121)) - 92ce6e48-4722-407a-9620-5998c6999257: shutdown FollowerState
2019-10-18 14:01:44,148 [Thread-1243] INFO  impl.RaftServerImpl (RaftServerImpl.java:setRole(184)) - 92ce6e48-4722-407a-9620-5998c6999257@group-E964BE911FCC: changes role from  FOLLOWER to CANDIDATE at term 164 for changeToCandidate
2019-10-18 14:01:44,148 [Thread-1243] INFO  impl.RoleInfo (RoleInfo.java:updateAndGet(143)) - 92ce6e48-4722-407a-9620-5998c6999257: start LeaderElection
2019-10-18 14:01:44,161 [92ce6e48-4722-407a-9620-5998c6999257@group-E964BE911FCC-LeaderElection157] INFO  impl.LeaderElection (LeaderElection.java:askForVotes(178)) - 92ce6e48-4722-407a-9620-5998c6999257@group-E964BE911FCC-LeaderElection157: begin an election at term 165 for -1: [6cbfae60-ea29-4abc-a49d-ef94f4bd513a:192.168.69.85:36685, 66f9d00c-1e97-4252-958c-bed5a531abda:192.168.69.85:45996, 92ce6e48-4722-407a-9620-5998c6999257:192.168.69.85:34971], old=null
2019-10-18 14:01:44,163 [grpc-default-executor-0] INFO  impl.RaftServerImpl (RaftServerImpl.java:setRole(184)) - 66f9d00c-1e97-4252-958c-bed5a531abda@group-E964BE911FCC: changes role from  FOLLOWER to FOLLOWER at term 165 for recognizeCandidate:92ce6e48-4722-407a-9620-5998c6999257
2019-10-18 14:01:44,163 [grpc-default-executor-4] INFO  impl.RaftServerImpl (RaftServerImpl.java:setRole(184)) - 6cbfae60-ea29-4abc-a49d-ef94f4bd513a@group-E964BE911FCC: changes role from  FOLLOWER to FOLLOWER at term 165 for recognizeCandidate:92ce6e48-4722-407a-9620-5998c6999257
2019-10-18 14:01:44,163 [grpc-default-executor-0] INFO  impl.RoleInfo (RoleInfo.java:shutdownFollowerState(121)) - 66f9d00c-1e97-4252-958c-bed5a531abda: shutdown FollowerState
2019-10-18 14:01:44,163 [grpc-default-executor-4] INFO  impl.RoleInfo (RoleInfo.java:shutdownFollowerState(121)) - 6cbfae60-ea29-4abc-a49d-ef94f4bd513a: shutdown FollowerState
2019-10-18 14:01:44,164 [grpc-default-executor-0] INFO  impl.RoleInfo (RoleInfo.java:updateAndGet(143)) - 66f9d00c-1e97-4252-958c-bed5a531abda: start FollowerState
2019-10-18 14:01:44,164 [Thread-1241] INFO  impl.FollowerState (FollowerState.java:run(117)) - 6cbfae60-ea29-4abc-a49d-ef94f4bd513a@group-E964BE911FCC-FollowerState was interrupted: java.lang.InterruptedException: sleep interrupted
2019-10-18 14:01:44,164 [grpc-default-executor-4] INFO  impl.RoleInfo (RoleInfo.java:updateAndGet(143)) - 6cbfae60-ea29-4abc-a49d-ef94f4bd513a: start FollowerState
2019-10-18 14:01:44,164 [Thread-1242] INFO  impl.FollowerState (FollowerState.java:run(117)) - 66f9d00c-1e97-4252-958c-bed5a531abda@group-E964BE911FCC-FollowerState was interrupted: java.lang.InterruptedException: sleep interrupted
2019-10-18 14:01:44,168 [92ce6e48-4722-407a-9620-5998c6999257@group-E964BE911FCC-LeaderElection157] INFO  impl.LeaderElection (LeaderElection.java:logAndReturn(56)) - 92ce6e48-4722-407a-9620-5998c6999257@group-E964BE911FCC-LeaderElection157: Election TIMEOUT; received 0 response(s) [] and 0 exception(s); 92ce6e48-4722-407a-9620-5998c6999257@group-E964BE911FCC:t165, leader=null, voted=92ce6e48-4722-407a-9620-5998c6999257, raftlog=92ce6e48-4722-407a-9620-5998c6999257@group-E964BE911FCC-SegmentedRaftLog:OPENED:c-1,f-1,i0, conf=-1: [6cbfae60-ea29-4abc-a49d-ef94f4bd513a:192.168.69.85:36685, 66f9d00c-1e97-4252-958c-bed5a531abda:192.168.69.85:45996, 92ce6e48-4722-407a-9620-5998c6999257:192.168.69.85:34971], old=null
2019-10-18 14:01:44,179 [92ce6e48-4722-407a-9620-5998c6999257@group-E964BE911FCC-LeaderElection157] INFO  impl.LeaderElection (LeaderElection.java:askForVotes(178)) - 92ce6e48-4722-407a-9620-5998c6999257@group-E964BE911FCC-LeaderElection157: begin an election at term 166 for -1: [6cbfae60-ea29-4abc-a49d-ef94f4bd513a:192.168.69.85:36685, 66f9d00c-1e97-4252-958c-bed5a531abda:192.168.69.85:45996, 92ce6e48-4722-407a-9620-5998c6999257:192.168.69.85:34971], old=null
2019-10-18 14:01:44,182 [grpc-default-executor-0] INFO  impl.RaftServerImpl (RaftServerImpl.java:setRole(184)) - 6cbfae60-ea29-4abc-a49d-ef94f4bd513a@group-E964BE911FCC: changes role from  FOLLOWER to FOLLOWER at term 166 for recognizeCandidate:92ce6e48-4722-407a-9620-5998c6999257
2019-10-18 14:01:44,182 [grpc-default-executor-0] INFO  impl.RoleInfo (RoleInfo.java:shutdownFollowerState(121)) - 6cbfae60-ea29-4abc-a49d-ef94f4bd513a: shutdown FollowerState
2019-10-18 14:01:44,182 [grpc-default-executor-0] INFO  impl.RoleInfo (RoleInfo.java:updateAndGet(143)) - 6cbfae60-ea29-4abc-a49d-ef94f4bd513a: start FollowerState
2019-10-18 14:01:44,182 [Thread-1250] INFO  impl.FollowerState (FollowerState.java:run(117)) - 6cbfae60-ea29-4abc-a49d-ef94f4bd513a@group-E964BE911FCC-FollowerState was interrupted: java.lang.InterruptedException: sleep interrupted
2019-10-18 14:01:44,182 [grpc-default-executor-4] INFO  impl.RaftServerImpl (RaftServerImpl.java:setRole(184)) - 66f9d00c-1e97-4252-958c-bed5a531abda@group-E964BE911FCC: changes role from  FOLLOWER to FOLLOWER at term 166 for recognizeCandidate:92ce6e48-4722-407a-9620-5998c6999257
2019-10-18 14:01:44,183 [grpc-default-executor-4] INFO  impl.RoleInfo (RoleInfo.java:shutdownFollowerState(121)) - 66f9d00c-1e97-4252-958c-bed5a531abda: shutdown FollowerState
2019-10-18 14:01:44,183 [grpc-default-executor-4] INFO  impl.RoleInfo (RoleInfo.java:updateAndGet(143)) - 66f9d00c-1e97-4252-958c-bed5a531abda: start FollowerState
2019-10-18 14:01:44,183 [Thread-1249] INFO  impl.FollowerState (FollowerState.java:run(117)) - 66f9d00c-1e97-4252-958c-bed5a531abda@group-E964BE911FCC-FollowerState was interrupted: java.lang.InterruptedException: sleep interrupted
2019-10-18 14:01:44,196 [92ce6e48-4722-407a-9620-5998c6999257@group-E964BE911FCC-LeaderElection157] INFO  impl.LeaderElection (LeaderElection.java:logAndReturn(56)) - 92ce6e48-4722-407a-9620-5998c6999257@group-E964BE911FCC-LeaderElection157: Election REJECTED; received 2 response(s) [92ce6e48-4722-407a-9620-5998c6999257<-6cbfae60-ea29-4abc-a49d-ef94f4bd513a#0:FAIL-t166, 92ce6e48-4722-407a-9620-5998c6999257<-66f9d00c-1e97-4252-958c-bed5a531abda#0:FAIL-t166] and 0 exception(s); 92ce6e48-4722-407a-9620-5998c6999257@group-E964BE911FCC:t166, leader=null, voted=92ce6e48-4722-407a-9620-5998c6999257, raftlog=92ce6e48-4722-407a-9620-5998c6999257@group-E964BE911FCC-SegmentedRaftLog:OPENED:c-1,f-1,i0, conf=-1: [6cbfae60-ea29-4abc-a49d-ef94f4bd513a:192.168.69.85:36685, 66f9d00c-1e97-4252-958c-bed5a531abda:192.168.69.85:45996, 92ce6e48-4722-407a-9620-5998c6999257:192.168.69.85:34971], old=null
2019-10-18 14:01:44,196 [92ce6e48-4722-407a-9620-5998c6999257@group-E964BE911FCC-LeaderElection157] INFO  impl.RaftServerImpl (RaftServerImpl.java:setRole(184)) - 92ce6e48-4722-407a-9620-5998c6999257@group-E964BE911FCC: changes role from CANDIDATE to FOLLOWER at term 166 for DISCOVERED_A_NEW_TERM
2019-10-18 14:01:44,196 [92ce6e48-4722-407a-9620-5998c6999257@group-E964BE911FCC-LeaderElection157] INFO  impl.RoleInfo (RoleInfo.java:shutdownLeaderElection(134)) - 92ce6e48-4722-407a-9620-5998c6999257: shutdown LeaderElection
2019-10-18 14:01:44,196 [92ce6e48-4722-407a-9620-5998c6999257@group-E964BE911FCC-LeaderElection157] INFO  impl.RoleInfo (RoleInfo.java:updateAndGet(143)) - 92ce6e48-4722-407a-9620-5998c6999257: start FollowerState
2019-10-18 14:01:44,267 [Thread-1255] INFO  impl.FollowerState (FollowerState.java:run(108)) - 92ce6e48-4722-407a-9620-5998c6999257@group-E964BE911FCC-FollowerState: change to CANDIDATE, lastRpcTime:70ms, electionTimeout:70ms
2019-10-18 14:01:44,267 [Thread-1255] INFO  impl.RoleInfo (RoleInfo.java:shutdownFollowerState(121)) - 92ce6e48-4722-407a-9620-5998c6999257: shutdown FollowerState
2019-10-18 14:01:44,267 [Thread-1255] INFO  impl.RaftServerImpl (RaftServerImpl.java:setRole(184)) - 92ce6e48-4722-407a-9620-5998c6999257@group-E964BE911FCC: changes role from  FOLLOWER to CANDIDATE at term 166 for changeToCandidate
2019-10-18 14:01:44,267 [Thread-1255] INFO  impl.RoleInfo (RoleInfo.java:updateAndGet(143)) - 92ce6e48-4722-407a-9620-5998c6999257: start LeaderElection
2019-10-18 14:01:44,289 [92ce6e48-4722-407a-9620-5998c6999257@group-E964BE911FCC-LeaderElection158] INFO  impl.LeaderElection (LeaderElection.java:askForVotes(178)) - 92ce6e48-4722-407a-9620-5998c6999257@group-E964BE911FCC-LeaderElection158: begin an election at term 167 for -1: [6cbfae60-ea29-4abc-a49d-ef94f4bd513a:192.168.69.85:36685, 66f9d00c-1e97-4252-958c-bed5a531abda:192.168.69.85:45996, 92ce6e48-4722-407a-9620-5998c6999257:192.168.69.85:34971], old=null
2019-10-18 14:01:44,292 [grpc-default-executor-4] INFO  impl.RaftServerImpl (RaftServerImpl.java:setRole(184)) - 66f9d00c-1e97-4252-958c-bed5a531abda@group-E964BE911FCC: changes role from  FOLLOWER to FOLLOWER at term 167 for recognizeCandidate:92ce6e48-4722-407a-9620-5998c6999257
2019-10-18 14:01:44,292 [grpc-default-executor-0] INFO  impl.RaftServerImpl (RaftServerImpl.java:setRole(184)) - 6cbfae60-ea29-4abc-a49d-ef94f4bd513a@group-E964BE911FCC: changes role from  FOLLOWER to FOLLOWER at term 167 for recognizeCandidate:92ce6e48-4722-407a-9620-5998c6999257
2019-10-18 14:01:44,292 [grpc-default-executor-4] INFO  impl.RoleInfo (RoleInfo.java:shutdownFollowerState(121)) - 66f9d00c-1e97-4252-958c-bed5a531abda: shutdown FollowerState
2019-10-18 14:01:44,292 [grpc-default-executor-0] INFO  impl.RoleInfo (RoleInfo.java:shutdownFollowerState(121)) - 6cbfae60-ea29-4abc-a49d-ef94f4bd513a: shutdown FollowerState
2019-10-18 14:01:44,292 [Thread-1254] INFO  impl.FollowerState (FollowerState.java:run(117)) - 66f9d00c-1e97-4252-958c-bed5a531abda@group-E964BE911FCC-FollowerState was interrupted: java.lang.InterruptedException: sleep interrupted
2019-10-18 14:01:44,292 [grpc-default-executor-4] INFO  impl.RoleInfo (RoleInfo.java:updateAndGet(143)) - 66f9d00c-1e97-4252-958c-bed5a531abda: start FollowerState
2019-10-18 14:01:44,293 [Thread-1253] INFO  impl.FollowerState (FollowerState.java:run(117)) - 6cbfae60-ea29-4abc-a49d-ef94f4bd513a@group-E964BE911FCC-FollowerState was interrupted: java.lang.InterruptedException: sleep interrupted
2019-10-18 14:01:44,292 [grpc-default-executor-0] INFO  impl.RoleInfo (RoleInfo.java:updateAndGet(143)) - 6cbfae60-ea29-4abc-a49d-ef94f4bd513a: start FollowerState
2019-10-18 14:01:44,319 [92ce6e48-4722-407a-9620-5998c6999257@group-E964BE911FCC-LeaderElection158] INFO  impl.LeaderElection (LeaderElection.java:logAndReturn(56)) - 92ce6e48-4722-407a-9620-5998c6999257@group-E964BE911FCC-LeaderElection158: Election REJECTED; received 2 response(s) [92ce6e48-4722-407a-9620-5998c6999257<-6cbfae60-ea29-4abc-a49d-ef94f4bd513a#0:FAIL-t167, 92ce6e48-4722-407a-9620-5998c6999257<-66f9d00c-1e97-4252-958c-bed5a531abda#0:FAIL-t167] and 0 exception(s); 92ce6e48-4722-407a-9620-5998c6999257@group-E964BE911FCC:t167, leader=null, voted=92ce6e48-4722-407a-9620-5998c6999257, raftlog=92ce6e48-4722-407a-9620-5998c6999257@group-E964BE911FCC-SegmentedRaftLog:OPENED:c-1,f-1,i0, conf=-1: [6cbfae60-ea29-4abc-a49d-ef94f4bd513a:192.168.69.85:36685, 66f9d00c-1e97-4252-958c-bed5a531abda:192.168.69.85:45996, 92ce6e48-4722-407a-9620-5998c6999257:192.168.69.85:34971], old=null
2019-10-18 14:01:44,319 [92ce6e48-4722-407a-9620-5998c6999257@group-E964BE911FCC-LeaderElection158] INFO  impl.RaftServerImpl (RaftServerImpl.java:setRole(184)) - 92ce6e48-4722-407a-9620-5998c6999257@group-E964BE911FCC: changes role from CANDIDATE to FOLLOWER at term 167 for DISCOVERED_A_NEW_TERM
2019-10-18 14:01:44,319 [92ce6e48-4722-407a-9620-5998c6999257@group-E964BE911FCC-LeaderElection158] INFO  impl.RoleInfo (RoleInfo.java:shutdownLeaderElection(134)) - 92ce6e48-4722-407a-9620-5998c6999257: shutdown LeaderElection
2019-10-18 14:01:44,319 [92ce6e48-4722-407a-9620-5998c6999257@group-E964BE911FCC-LeaderElection158] INFO  impl.RoleInfo (RoleInfo.java:updateAndGet(143)) - 92ce6e48-4722-407a-9620-5998c6999257: start FollowerState
2019-10-18 14:01:44,342 [Thread-1261] INFO  impl.FollowerState (FollowerState.java:run(108)) - 92ce6e48-4722-407a-9620-5998c6999257@group-E964BE911FCC-FollowerState: change to CANDIDATE, lastRpcTime:23ms, electionTimeout:23ms
2019-10-18 14:01:44,343 [Thread-1261] INFO  impl.RoleInfo (RoleInfo.java:shutdownFollowerState(121)) - 92ce6e48-4722-407a-9620-5998c6999257: shutdown FollowerState
2019-10-18 14:01:44,343 [Thread-1261] INFO  impl.RaftServerImpl (RaftServerImpl.java:setRole(184)) - 92ce6e48-4722-407a-9620-5998c6999257@group-E964BE911FCC: changes role from  FOLLOWER to CANDIDATE at term 167 for changeToCandidate
2019-10-18 14:01:44,343 [Thread-1261] INFO  impl.RoleInfo (RoleInfo.java:updateAndGet(143)) - 92ce6e48-4722-407a-9620-5998c6999257: start LeaderElection
2019-10-18 14:01:44,356 [92ce6e48-4722-407a-9620-5998c6999257@group-E964BE911FCC-LeaderElection159] INFO  impl.LeaderElection (LeaderElection.java:askForVotes(178)) - 92ce6e48-4722-407a-9620-5998c6999257@group-E964BE911FCC-LeaderElection159: begin an election at term 168 for -1: [6cbfae60-ea29-4abc-a49d-ef94f4bd513a:192.168.69.85:36685, 66f9d00c-1e97-4252-958c-bed5a531abda:192.168.69.85:45996, 92ce6e48-4722-407a-9620-5998c6999257:192.168.69.85:34971], old=null
2019-10-18 14:01:44,358 [grpc-default-executor-0] INFO  impl.RaftServerImpl (RaftServerImpl.java:setRole(184)) - 6cbfae60-ea29-4abc-a49d-ef94f4bd513a@group-E964BE911FCC: changes role from  FOLLOWER to FOLLOWER at term 168 for recognizeCandidate:92ce6e48-4722-407a-9620-5998c6999257
2019-10-18 14:01:44,358 [grpc-default-executor-0] INFO  impl.RoleInfo (RoleInfo.java:shutdownFollowerState(121)) - 6cbfae60-ea29-4abc-a49d-ef94f4bd513a: shutdown FollowerState
2019-10-18 14:01:44,358 [grpc-default-executor-4] INFO  impl.RaftServerImpl (RaftServerImpl.java:setRole(184)) - 66f9d00c-1e97-4252-958c-bed5a531abda@group-E964BE911FCC: changes role from  FOLLOWER to FOLLOWER at term 168 for recognizeCandidate:92ce6e48-4722-407a-9620-5998c6999257
2019-10-18 14:01:44,358 [Thread-1260] INFO  impl.FollowerState (FollowerState.java:run(117)) - 6cbfae60-ea29-4abc-a49d-ef94f4bd513a@group-E964BE911FCC-FollowerState was interrupted: java.lang.InterruptedException: sleep interrupted
2019-10-18 14:01:44,358 [grpc-default-executor-0] INFO  impl.RoleInfo (RoleInfo.java:updateAndGet(143)) - 6cbfae60-ea29-4abc-a49d-ef94f4bd513a: start FollowerState
2019-10-18 14:01:44,358 [grpc-default-executor-4] INFO  impl.RoleInfo (RoleInfo.java:shutdownFollowerState(121)) - 66f9d00c-1e97-4252-958c-bed5a531abda: shutdown FollowerState
2019-10-18 14:01:44,359 [grpc-default-executor-4] INFO  impl.RoleInfo (RoleInfo.java:updateAndGet(143)) - 66f9d00c-1e97-4252-958c-bed5a531abda: start FollowerState
2019-10-18 14:01:44,359 [Thread-1259] INFO  impl.FollowerState (FollowerState.java:run(117)) - 66f9d00c-1e97-4252-958c-bed5a531abda@group-E964BE911FCC-FollowerState was interrupted: java.lang.InterruptedException: sleep interrupted
2019-10-18 14:01:44,385 [92ce6e48-4722-407a-9620-5998c6999257@group-E964BE911FCC-LeaderElection159] INFO  impl.LeaderElection (LeaderElection.java:logAndReturn(56)) - 92ce6e48-4722-407a-9620-5998c6999257@group-E964BE911FCC-LeaderElection159: Election REJECTED; received 2 response(s) [92ce6e48-4722-407a-9620-5998c6999257<-6cbfae60-ea29-4abc-a49d-ef94f4bd513a#0:FAIL-t168, 92ce6e48-4722-407a-9620-5998c6999257<-66f9d00c-1e97-4252-958c-bed5a531abda#0:FAIL-t168] and 0 exception(s); 92ce6e48-4722-407a-9620-5998c6999257@group-E964BE911FCC:t168, leader=null, voted=92ce6e48-4722-407a-9620-5998c6999257, raftlog=92ce6e48-4722-407a-9620-5998c6999257@group-E964BE911FCC-SegmentedRaftLog:OPENED:c-1,f-1,i0, conf=-1: [6cbfae60-ea29-4abc-a49d-ef94f4bd513a:192.168.69.85:36685, 66f9d00c-1e97-4252-958c-bed5a531abda:192.168.69.85:45996, 92ce6e48-4722-407a-9620-5998c6999257:192.168.69.85:34971], old=null
2019-10-18 14:01:44,385 [92ce6e48-4722-407a-9620-5998c6999257@group-E964BE911FCC-LeaderElection159] INFO  impl.RaftServerImpl (RaftServerImpl.java:setRole(184)) - 92ce6e48-4722-407a-9620-5998c6999257@group-E964BE911FCC: changes role from CANDIDATE to FOLLOWER at term 168 for DISCOVERED_A_NEW_TERM
2019-10-18 14:01:44,385 [92ce6e48-4722-407a-9620-5998c6999257@group-E964BE911FCC-LeaderElection159] INFO  impl.RoleInfo (RoleInfo.java:shutdownLeaderElection(134)) - 92ce6e48-4722-407a-9620-5998c6999257: shutdown LeaderElection
2019-10-18 14:01:44,385 [92ce6e48-4722-407a-9620-5998c6999257@group-E964BE911FCC-LeaderElection159] INFO  impl.RoleInfo (RoleInfo.java:updateAndGet(143)) - 92ce6e48-4722-407a-9620-5998c6999257: start FollowerState
2019-10-18 14:01:44,458 [Thread-1267] INFO  impl.FollowerState (FollowerState.java:run(108)) - 92ce6e48-4722-407a-9620-5998c6999257@group-E964BE911FCC-FollowerState: change to CANDIDATE, lastRpcTime:72ms, electionTimeout:72ms
2019-10-18 14:01:44,458 [Thread-1267] INFO  impl.RoleInfo (RoleInfo.java:shutdownFollowerState(121)) - 92ce6e48-4722-407a-9620-5998c6999257: shutdown FollowerState
2019-10-18 14:01:44,458 [Thread-1267] INFO  impl.RaftServerImpl (RaftServerImpl.java:setRole(184)) - 92ce6e48-4722-407a-9620-5998c6999257@group-E964BE911FCC: changes role from  FOLLOWER to CANDIDATE at term 168 for changeToCandidate
2019-10-18 14:01:44,458 [Thread-1267] INFO  impl.RoleInfo (RoleInfo.java:updateAndGet(143)) - 92ce6e48-4722-407a-9620-5998c6999257: start LeaderElection
2019-10-18 14:01:44,473 [92ce6e48-4722-407a-9620-5998c6999257@group-E964BE911FCC-LeaderElection160] INFO  impl.LeaderElection (LeaderElection.java:askForVotes(178)) - 92ce6e48-4722-407a-9620-5998c6999257@group-E964BE911FCC-LeaderElection160: begin an election at term 169 for -1: [6cbfae60-ea29-4abc-a49d-ef94f4bd513a:192.168.69.85:36685, 66f9d00c-1e97-4252-958c-bed5a531abda:192.168.69.85:45996, 92ce6e48-4722-407a-9620-5998c6999257:192.168.69.85:34971], old=null
2019-10-18 14:01:44,476 [grpc-default-executor-4] INFO  impl.RaftServerImpl (RaftServerImpl.java:setRole(184)) - 6cbfae60-ea29-4abc-a49d-ef94f4bd513a@group-E964BE911FCC: changes role from  FOLLOWER to FOLLOWER at term 169 for recognizeCandidate:92ce6e48-4722-407a-9620-5998c6999257
2019-10-18 14:01:44,476 [grpc-default-executor-4] INFO  impl.RoleInfo (RoleInfo.java:shutdownFollowerState(121)) - 6cbfae60-ea29-4abc-a49d-ef94f4bd513a: shutdown FollowerState
2019-10-18 14:01:44,476 [grpc-default-executor-0] INFO  impl.RaftServerImpl (RaftServerImpl.java:setRole(184)) - 66f9d00c-1e97-4252-958c-bed5a531abda@group-E964BE911FCC: changes role from  FOLLOWER to FOLLOWER at term 169 for recognizeCandidate:92ce6e48-4722-407a-9620-5998c6999257
2019-10-18 14:01:44,477 [Thread-1265] INFO  impl.FollowerState (FollowerState.java:run(117)) - 6cbfae60-ea29-4abc-a49d-ef94f4bd513a@group-E964BE911FCC-FollowerState was interrupted: java.lang.InterruptedException: sleep interrupted
2019-10-18 14:01:44,477 [grpc-default-executor-4] INFO  impl.RoleInfo (RoleInfo.java:updateAndGet(143)) - 6cbfae60-ea29-4abc-a49d-ef94f4bd513a: start FollowerState
2019-10-18 14:01:44,477 [grpc-default-executor-0] INFO  impl.RoleInfo (RoleInfo.java:shutdownFollowerState(121)) - 66f9d00c-1e97-4252-958c-bed5a531abda: shutdown FollowerState
2019-10-18 14:01:44,477 [grpc-default-executor-0] INFO  impl.RoleInfo (RoleInfo.java:updateAndGet(143)) - 66f9d00c-1e97-4252-958c-bed5a531abda: start FollowerState
2019-10-18 14:01:44,477 [Thread-1266] INFO  impl.FollowerState (FollowerState.java:run(117)) - 66f9d00c-1e97-4252-958c-bed5a531abda@group-E964BE911FCC-FollowerState was interrupted: java.lang.InterruptedException: sleep interrupted
2019-10-18 14:01:44,503 [92ce6e48-4722-407a-9620-5998c6999257@group-E964BE911FCC-LeaderElection160] INFO  impl.LeaderElection (LeaderElection.java:logAndReturn(56)) - 92ce6e48-4722-407a-9620-5998c6999257@group-E964BE911FCC-LeaderElection160: Election REJECTED; received 2 response(s) [92ce6e48-4722-407a-9620-5998c6999257<-6cbfae60-ea29-4abc-a49d-ef94f4bd513a#0:FAIL-t169, 92ce6e48-4722-407a-9620-5998c6999257<-66f9d00c-1e97-4252-958c-bed5a531abda#0:FAIL-t169] and 0 exception(s); 92ce6e48-4722-407a-9620-5998c6999257@group-E964BE911FCC:t169, leader=null, voted=92ce6e48-4722-407a-9620-5998c6999257, raftlog=92ce6e48-4722-407a-9620-5998c6999257@group-E964BE911FCC-SegmentedRaftLog:OPENED:c-1,f-1,i0, conf=-1: [6cbfae60-ea29-4abc-a49d-ef94f4bd513a:192.168.69.85:36685, 66f9d00c-1e97-4252-958c-bed5a531abda:192.168.69.85:45996, 92ce6e48-4722-407a-9620-5998c6999257:192.168.69.85:34971], old=null
2019-10-18 14:01:44,503 [92ce6e48-4722-407a-9620-5998c6999257@group-E964BE911FCC-LeaderElection160] INFO  impl.RaftServerImpl (RaftServerImpl.java:setRole(184)) - 92ce6e48-4722-407a-9620-5998c6999257@group-E964BE911FCC: changes role from CANDIDATE to FOLLOWER at term 169 for DISCOVERED_A_NEW_TERM
2019-10-18 14:01:44,503 [92ce6e48-4722-407a-9620-5998c6999257@group-E964BE911FCC-LeaderElection160] INFO  impl.RoleInfo (RoleInfo.java:shutdownLeaderElection(134)) - 92ce6e48-4722-407a-9620-5998c6999257: shutdown LeaderElection
2019-10-18 14:01:44,503 [92ce6e48-4722-407a-9620-5998c6999257@group-E964BE911FCC-LeaderElection160] INFO  impl.RoleInfo (RoleInfo.java:updateAndGet(143)) - 92ce6e48-4722-407a-9620-5998c6999257: start FollowerState
2019-10-18 14:01:44,642 [Thread-1273] INFO  impl.FollowerState (FollowerState.java:run(108)) - 92ce6e48-4722-407a-9620-5998c6999257@group-E964BE911FCC-FollowerState: change to CANDIDATE, lastRpcTime:138ms, electionTimeout:138ms
2019-10-18 14:01:44,642 [Thread-1273] INFO  impl.RoleInfo (RoleInfo.java:shutdownFollowerState(121)) - 92ce6e48-4722-407a-9620-5998c6999257: shutdown FollowerState
2019-10-18 14:01:44,642 [Thread-1273] INFO  impl.RaftServerImpl (RaftServerImpl.java:setRole(184)) - 92ce6e48-4722-407a-9620-5998c6999257@group-E964BE911FCC: changes role from  FOLLOWER to CANDIDATE at term 169 for changeToCandidate
2019-10-18 14:01:44,643 [Thread-1273] INFO  impl.RoleInfo (RoleInfo.java:updateAndGet(143)) - 92ce6e48-4722-407a-9620-5998c6999257: start LeaderElection
2019-10-18 14:01:44,670 [92ce6e48-4722-407a-9620-5998c6999257@group-E964BE911FCC-LeaderElection161] INFO  impl.LeaderElection (LeaderElection.java:askForVotes(178)) - 92ce6e48-4722-407a-9620-5998c6999257@group-E964BE911FCC-LeaderElection161: begin an election at term 170 for -1: [6cbfae60-ea29-4abc-a49d-ef94f4bd513a:192.168.69.85:36685, 66f9d00c-1e97-4252-958c-bed5a531abda:192.168.69.85:45996, 92ce6e48-4722-407a-9620-5998c6999257:192.168.69.85:34971], old=null
2019-10-18 14:01:44,672 [grpc-default-executor-0] INFO  impl.RaftServerImpl (RaftServerImpl.java:setRole(184)) - 6cbfae60-ea29-4abc-a49d-ef94f4bd513a@group-E964BE911FCC: changes role from  FOLLOWER to FOLLOWER at term 170 for recognizeCandidate:92ce6e48-4722-407a-9620-5998c6999257
2019-10-18 14:01:44,673 [grpc-default-executor-0] INFO  impl.RoleInfo (RoleInfo.java:shutdownFollowerState(121)) - 6cbfae60-ea29-4abc-a49d-ef94f4bd513a: shutdown FollowerState
2019-10-18 14:01:44,673 [grpc-default-executor-4] INFO  impl.RaftServerImpl (RaftServerImpl.java:setRole(184)) - 66f9d00c-1e97-4252-958c-bed5a531abda@group-E964BE911FCC: changes role from  FOLLOWER to FOLLOWER at term 170 for recognizeCandidate:92ce6e48-4722-407a-9620-5998c6999257
2019-10-18 14:01:44,673 [Thread-1271] INFO  impl.FollowerState (FollowerState.java:run(117)) - 6cbfae60-ea29-4abc-a49d-ef94f4bd513a@group-E964BE911FCC-FollowerState was interrupted: java.lang.InterruptedException: sleep interrupted
2019-10-18 14:01:44,673 [grpc-default-executor-0] INFO  impl.RoleInfo (RoleInfo.java:updateAndGet(143)) - 6cbfae60-ea29-4abc-a49d-ef94f4bd513a: start FollowerState
2019-10-18 14:01:44,673 [grpc-default-executor-4] INFO  impl.RoleInfo (RoleInfo.java:shutdownFollowerState(121)) - 66f9d00c-1e97-4252-958c-bed5a531abda: shutdown FollowerState
2019-10-18 14:01:44,673 [grpc-default-executor-4] INFO  impl.RoleInfo (RoleInfo.java:updateAndGet(143)) - 66f9d00c-1e97-4252-958c-bed5a531abda: start FollowerState
2019-10-18 14:01:44,674 [Thread-1272] INFO  impl.FollowerState (FollowerState.java:run(117)) - 66f9d00c-1e97-4252-958c-bed5a531abda@group-E964BE911FCC-FollowerState was interrupted: java.lang.InterruptedException: sleep interrupted
2019-10-18 14:01:44,688 [92ce6e48-4722-407a-9620-5998c6999257@group-E964BE911FCC-LeaderElection161] INFO  impl.LeaderElection (LeaderElection.java:logAndReturn(56)) - 92ce6e48-4722-407a-9620-5998c6999257@group-E964BE911FCC-LeaderElection161: Election REJECTED; received 2 response(s) [92ce6e48-4722-407a-9620-5998c6999257<-6cbfae60-ea29-4abc-a49d-ef94f4bd513a#0:FAIL-t170, 92ce6e48-4722-407a-9620-5998c6999257<-66f9d00c-1e97-4252-958c-bed5a531abda#0:FAIL-t170] and 0 exception(s); 92ce6e48-4722-407a-9620-5998c6999257@group-E964BE911FCC:t170, leader=null, voted=92ce6e48-4722-407a-9620-5998c6999257, raftlog=92ce6e48-4722-407a-9620-5998c6999257@group-E964BE911FCC-SegmentedRaftLog:OPENED:c-1,f-1,i0, conf=-1: [6cbfae60-ea29-4abc-a49d-ef94f4bd513a:192.168.69.85:36685, 66f9d00c-1e97-4252-958c-bed5a531abda:192.168.69.85:45996, 92ce6e48-4722-407a-9620-5998c6999257:192.168.69.85:34971], old=null
2019-10-18 14:01:44,688 [92ce6e48-4722-407a-9620-5998c6999257@group-E964BE911FCC-LeaderElection161] INFO  impl.RaftServerImpl (RaftServerImpl.java:setRole(184)) - 92ce6e48-4722-407a-9620-5998c6999257@group-E964BE911FCC: changes role from CANDIDATE to FOLLOWER at term 170 for DISCOVERED_A_NEW_TERM
2019-10-18 14:01:44,689 [92ce6e48-4722-407a-9620-5998c6999257@group-E964BE911FCC-LeaderElection161] INFO  impl.RoleInfo (RoleInfo.java:shutdownLeaderElection(134)) - 92ce6e48-4722-407a-9620-5998c6999257: shutdown LeaderElection
2019-10-18 14:01:44,689 [92ce6e48-4722-407a-9620-5998c6999257@group-E964BE911FCC-LeaderElection161] INFO  impl.RoleInfo (RoleInfo.java:updateAndGet(143)) - 92ce6e48-4722-407a-9620-5998c6999257: start FollowerState
2019-10-18 14:01:44,784 [Thread-1279] INFO  impl.FollowerState (FollowerState.java:run(108)) - 92ce6e48-4722-407a-9620-5998c6999257@group-E964BE911FCC-FollowerState: change to CANDIDATE, lastRpcTime:95ms, electionTimeout:95ms
2019-10-18 14:01:44,784 [Thread-1279] INFO  impl.RoleInfo (RoleInfo.java:shutdownFollowerState(121)) - 92ce6e48-4722-407a-9620-5998c6999257: shutdown FollowerState
2019-10-18 14:01:44,785 [Thread-1279] INFO  impl.RaftServerImpl (RaftServerImpl.java:setRole(184)) - 92ce6e48-4722-407a-9620-5998c6999257@group-E964BE911FCC: changes role from  FOLLOWER to CANDIDATE at term 170 for changeToCandidate
2019-10-18 14:01:44,785 [Thread-1279] INFO  impl.RoleInfo (RoleInfo.java:updateAndGet(143)) - 92ce6e48-4722-407a-9620-5998c6999257: start LeaderElection
2019-10-18 14:01:44,798 [92ce6e48-4722-407a-9620-5998c6999257@group-E964BE911FCC-LeaderElection162] INFO  impl.LeaderElection (LeaderElection.java:askForVotes(178)) - 92ce6e48-4722-407a-9620-5998c6999257@group-E964BE911FCC-LeaderElection162: begin an election at term 171 for -1: [6cbfae60-ea29-4abc-a49d-ef94f4bd513a:192.168.69.85:36685, 66f9d00c-1e97-4252-958c-bed5a531abda:192.168.69.85:45996, 92ce6e48-4722-407a-9620-5998c6999257:192.168.69.85:34971], old=null
2019-10-18 14:01:44,800 [grpc-default-executor-0] INFO  impl.RaftServerImpl (RaftServerImpl.java:setRole(184)) - 6cbfae60-ea29-4abc-a49d-ef94f4bd513a@group-E964BE911FCC: changes role from  FOLLOWER to FOLLOWER at term 171 for recognizeCandidate:92ce6e48-4722-407a-9620-5998c6999257
2019-10-18 14:01:44,800 [grpc-default-executor-0] INFO  impl.RoleInfo (RoleInfo.java:shutdownFollowerState(121)) - 6cbfae60-ea29-4abc-a49d-ef94f4bd513a: shutdown FollowerState
2019-10-18 14:01:44,800 [grpc-default-executor-4] INFO  impl.RaftServerImpl (RaftServerImpl.java:setRole(184)) - 66f9d00c-1e97-4252-958c-bed5a531abda@group-E964BE911FCC: changes role from  FOLLOWER to FOLLOWER at term 171 for recognizeCandidate:92ce6e48-4722-407a-9620-5998c6999257
2019-10-18 14:01:44,800 [grpc-default-executor-4] INFO  impl.RoleInfo (RoleInfo.java:shutdownFollowerState(121)) - 66f9d00c-1e97-4252-958c-bed5a531abda: shutdown FollowerState
2019-10-18 14:01:44,800 [grpc-default-executor-0] INFO  impl.RoleInfo (RoleInfo.java:updateAndGet(143)) - 6cbfae60-ea29-4abc-a49d-ef94f4bd513a: start FollowerState
2019-10-18 14:01:44,801 [Thread-1278] INFO  impl.FollowerState (FollowerState.java:run(117)) - 66f9d00c-1e97-4252-958c-bed5a531abda@group-E964BE911FCC-FollowerState was interrupted: java.lang.InterruptedException: sleep interrupted
2019-10-18 14:01:44,801 [grpc-default-executor-4] INFO  impl.RoleInfo (RoleInfo.java:updateAndGet(143)) - 66f9d00c-1e97-4252-958c-bed5a531abda: start FollowerState
2019-10-18 14:01:44,801 [Thread-1277] INFO  impl.FollowerState (FollowerState.java:run(117)) - 6cbfae60-ea29-4abc-a49d-ef94f4bd513a@group-E964BE911FCC-FollowerState was interrupted: java.lang.InterruptedException: sleep interrupted
2019-10-18 14:01:44,824 [92ce6e48-4722-407a-9620-5998c6999257@group-E964BE911FCC-LeaderElection162] INFO  impl.LeaderElection (LeaderElection.java:logAndReturn(56)) - 92ce6e48-4722-407a-9620-5998c6999257@group-E964BE911FCC-LeaderElection162: Election REJECTED; received 2 response(s) [92ce6e48-4722-407a-9620-5998c6999257<-6cbfae60-ea29-4abc-a49d-ef94f4bd513a#0:FAIL-t171, 92ce6e48-4722-407a-9620-5998c6999257<-66f9d00c-1e97-4252-958c-bed5a531abda#0:FAIL-t171] and 0 exception(s); 92ce6e48-4722-407a-9620-5998c6999257@group-E964BE911FCC:t171, leader=null, voted=92ce6e48-4722-407a-9620-5998c6999257, raftlog=92ce6e48-4722-407a-9620-5998c6999257@group-E964BE911FCC-SegmentedRaftLog:OPENED:c-1,f-1,i0, conf=-1: [6cbfae60-ea29-4abc-a49d-ef94f4bd513a:192.168.69.85:36685, 66f9d00c-1e97-4252-958c-bed5a531abda:192.168.69.85:45996, 92ce6e48-4722-407a-9620-5998c6999257:192.168.69.85:34971], old=null
2019-10-18 14:01:44,825 [92ce6e48-4722-407a-9620-5998c6999257@group-E964BE911FCC-LeaderElection162] INFO  impl.RaftServerImpl (RaftServerImpl.java:setRole(184)) - 92ce6e48-4722-407a-9620-5998c6999257@group-E964BE911FCC: changes role from CANDIDATE to FOLLOWER at term 171 for DISCOVERED_A_NEW_TERM
2019-10-18 14:01:44,825 [92ce6e48-4722-407a-9620-5998c6999257@group-E964BE911FCC-LeaderElection162] INFO  impl.RoleInfo (RoleInfo.java:shutdownLeaderElection(134)) - 92ce6e48-4722-407a-9620-5998c6999257: shutdown LeaderElection
2019-10-18 14:01:44,825 [92ce6e48-4722-407a-9620-5998c6999257@group-E964BE911FCC-LeaderElection162] INFO  impl.RoleInfo (RoleInfo.java:updateAndGet(143)) - 92ce6e48-4722-407a-9620-5998c6999257: start FollowerState
2019-10-18 14:01:44,919 [Thread-1285] INFO  impl.FollowerState (FollowerState.java:run(108)) - 92ce6e48-4722-407a-9620-5998c6999257@group-E964BE911FCC-FollowerState: change to CANDIDATE, lastRpcTime:94ms, electionTimeout:94ms
2019-10-18 14:01:44,920 [Thread-1285] INFO  impl.RoleInfo (RoleInfo.java:shutdownFollowerState(121)) - 92ce6e48-4722-407a-9620-5998c6999257: shutdown FollowerState
2019-10-18 14:01:44,920 [Thread-1285] INFO  impl.RaftServerImpl (RaftServerImpl.java:setRole(184)) - 92ce6e48-4722-407a-9620-5998c6999257@group-E964BE911FCC: changes role from  FOLLOWER to CANDIDATE at term 171 for changeToCandidate
2019-10-18 14:01:44,920 [Thread-1285] INFO  impl.RoleInfo (RoleInfo.java:updateAndGet(143)) - 92ce6e48-4722-407a-9620-5998c6999257: start LeaderElection
2019-10-18 14:01:44,934 [92ce6e48-4722-407a-9620-5998c6999257@group-E964BE911FCC-LeaderElection163] INFO  impl.LeaderElection (LeaderElection.java:askForVotes(178)) - 92ce6e48-4722-407a-9620-5998c6999257@group-E964BE911FCC-LeaderElection163: begin an election at term 172 for -1: [6cbfae60-ea29-4abc-a49d-ef94f4bd513a:192.168.69.85:36685, 66f9d00c-1e97-4252-958c-bed5a531abda:192.168.69.85:45996, 92ce6e48-4722-407a-9620-5998c6999257:192.168.69.85:34971], old=null
2019-10-18 14:01:44,936 [grpc-default-executor-4] INFO  impl.RaftServerImpl (RaftServerImpl.java:setRole(184)) - 6cbfae60-ea29-4abc-a49d-ef94f4bd513a@group-E964BE911FCC: changes role from  FOLLOWER to FOLLOWER at term 172 for recognizeCandidate:92ce6e48-4722-407a-9620-5998c6999257
2019-10-18 14:01:44,936 [grpc-default-executor-4] INFO  impl.RoleInfo (RoleInfo.java:shutdownFollowerState(121)) - 6cbfae60-ea29-4abc-a49d-ef94f4bd513a: shutdown FollowerState
2019-10-18 14:01:44,936 [grpc-default-executor-0] INFO  impl.RaftServerImpl (RaftServerImpl.java:setRole(184)) - 66f9d00c-1e97-4252-958c-bed5a531abda@group-E964BE911FCC: changes role from  FOLLOWER to FOLLOWER at term 172 for recognizeCandidate:92ce6e48-4722-407a-9620-5998c6999257
2019-10-18 14:01:44,936 [grpc-default-executor-4] INFO  impl.RoleInfo (RoleInfo.java:updateAndGet(143)) - 6cbfae60-ea29-4abc-a49d-ef94f4bd513a: start FollowerState
2019-10-18 14:01:44,936 [grpc-default-executor-0] INFO  impl.RoleInfo (RoleInfo.java:shutdownFollowerState(121)) - 66f9d00c-1e97-4252-958c-bed5a531abda: shutdown FollowerState
2019-10-18 14:01:44,936 [Thread-1283] INFO  impl.FollowerState (FollowerState.java:run(117)) - 6cbfae60-ea29-4abc-a49d-ef94f4bd513a@group-E964BE911FCC-FollowerState was interrupted: java.lang.InterruptedException: sleep interrupted
2019-10-18 14:01:44,937 [grpc-default-executor-0] INFO  impl.RoleInfo (RoleInfo.java:updateAndGet(143)) - 66f9d00c-1e97-4252-958c-bed5a531abda: start FollowerState
2019-10-18 14:01:44,937 [Thread-1284] INFO  impl.FollowerState (FollowerState.java:run(117)) - 66f9d00c-1e97-4252-958c-bed5a531abda@group-E964BE911FCC-FollowerState was interrupted: java.lang.InterruptedException: sleep interrupted
2019-10-18 14:01:44,939 [92ce6e48-4722-407a-9620-5998c6999257@group-E964BE911FCC-LeaderElection163] INFO  impl.LeaderElection (LeaderElection.java:logAndReturn(56)) - 92ce6e48-4722-407a-9620-5998c6999257@group-E964BE911FCC-LeaderElection163: Election TIMEOUT; received 0 response(s) [] and 0 exception(s); 92ce6e48-4722-407a-9620-5998c6999257@group-E964BE911FCC:t172, leader=null, voted=92ce6e48-4722-407a-9620-5998c6999257, raftlog=92ce6e48-4722-407a-9620-5998c6999257@group-E964BE911FCC-SegmentedRaftLog:OPENED:c-1,f-1,i0, conf=-1: [6cbfae60-ea29-4abc-a49d-ef94f4bd513a:192.168.69.85:36685, 66f9d00c-1e97-4252-958c-bed5a531abda:192.168.69.85:45996, 92ce6e48-4722-407a-9620-5998c6999257:192.168.69.85:34971], old=null
2019-10-18 14:01:44,962 [92ce6e48-4722-407a-9620-5998c6999257@group-E964BE911FCC-LeaderElection163] INFO  impl.LeaderElection (LeaderElection.java:askForVotes(178)) - 92ce6e48-4722-407a-9620-5998c6999257@group-E964BE911FCC-LeaderElection163: begin an election at term 173 for -1: [6cbfae60-ea29-4abc-a49d-ef94f4bd513a:192.168.69.85:36685, 66f9d00c-1e97-4252-958c-bed5a531abda:192.168.69.85:45996, 92ce6e48-4722-407a-9620-5998c6999257:192.168.69.85:34971], old=null
2019-10-18 14:01:44,963 [grpc-default-executor-0] INFO  impl.RaftServerImpl (RaftServerImpl.java:setRole(184)) - 6cbfae60-ea29-4abc-a49d-ef94f4bd513a@group-E964BE911FCC: changes role from  FOLLOWER to FOLLOWER at term 173 for recognizeCandidate:92ce6e48-4722-407a-9620-5998c6999257
2019-10-18 14:01:44,963 [grpc-default-executor-4] INFO  impl.RaftServerImpl (RaftServerImpl.java:setRole(184)) - 66f9d00c-1e97-4252-958c-bed5a531abda@group-E964BE911FCC: changes role from  FOLLOWER to FOLLOWER at term 173 for recognizeCandidate:92ce6e48-4722-407a-9620-5998c6999257
2019-10-18 14:01:44,964 [grpc-default-executor-0] INFO  impl.RoleInfo (RoleInfo.java:shutdownFollowerState(121)) - 6cbfae60-ea29-4abc-a49d-ef94f4bd513a: shutdown FollowerState
2019-10-18 14:01:44,964 [grpc-default-executor-4] INFO  impl.RoleInfo (RoleInfo.java:shutdownFollowerState(121)) - 66f9d00c-1e97-4252-958c-bed5a531abda: shutdown FollowerState
2019-10-18 14:01:44,964 [grpc-default-executor-0] INFO  impl.RoleInfo (RoleInfo.java:updateAndGet(143)) - 6cbfae60-ea29-4abc-a49d-ef94f4bd513a: start FollowerState
2019-10-18 14:01:44,964 [Thread-1290] INFO  impl.FollowerState (FollowerState.java:run(117)) - 66f9d00c-1e97-4252-958c-bed5a531abda@group-E964BE911FCC-FollowerState was interrupted: java.lang.InterruptedException: sleep interrupted
2019-10-18 14:01:44,964 [Thread-1289] INFO  impl.FollowerState (FollowerState.java:run(117)) - 6cbfae60-ea29-4abc-a49d-ef94f4bd513a@group-E964BE911FCC-FollowerState was interrupted: java.lang.InterruptedException: sleep interrupted
2019-10-18 14:01:44,964 [grpc-default-executor-4] INFO  impl.RoleInfo (RoleInfo.java:updateAndGet(143)) - 66f9d00c-1e97-4252-958c-bed5a531abda: start FollowerState
2019-10-18 14:01:44,978 [92ce6e48-4722-407a-9620-5998c6999257@group-E964BE911FCC-LeaderElection163] INFO  impl.LeaderElection (LeaderElection.java:logAndReturn(56)) - 92ce6e48-4722-407a-9620-5998c6999257@group-E964BE911FCC-LeaderElection163: Election REJECTED; received 2 response(s) [92ce6e48-4722-407a-9620-5998c6999257<-6cbfae60-ea29-4abc-a49d-ef94f4bd513a#0:FAIL-t173, 92ce6e48-4722-407a-9620-5998c6999257<-66f9d00c-1e97-4252-958c-bed5a531abda#0:FAIL-t173] and 0 exception(s); 92ce6e48-4722-407a-9620-5998c6999257@group-E964BE911FCC:t173, leader=null, voted=92ce6e48-4722-407a-9620-5998c6999257, raftlog=92ce6e48-4722-407a-9620-5998c6999257@group-E964BE911FCC-SegmentedRaftLog:OPENED:c-1,f-1,i0, conf=-1: [6cbfae60-ea29-4abc-a49d-ef94f4bd513a:192.168.69.85:36685, 66f9d00c-1e97-4252-958c-bed5a531abda:192.168.69.85:45996, 92ce6e48-4722-407a-9620-5998c6999257:192.168.69.85:34971], old=null
2019-10-18 14:01:44,978 [92ce6e48-4722-407a-9620-5998c6999257@group-E964BE911FCC-LeaderElection163] INFO  impl.RaftServerImpl (RaftServerImpl.java:setRole(184)) - 92ce6e48-4722-407a-9620-5998c6999257@group-E964BE911FCC: changes role from CANDIDATE to FOLLOWER at term 173 for DISCOVERED_A_NEW_TERM
2019-10-18 14:01:44,978 [92ce6e48-4722-407a-9620-5998c6999257@group-E964BE911FCC-LeaderElection163] INFO  impl.RoleInfo (RoleInfo.java:shutdownLeaderElection(134)) - 92ce6e48-4722-407a-9620-5998c6999257: shutdown LeaderElection
2019-10-18 14:01:44,978 [92ce6e48-4722-407a-9620-5998c6999257@group-E964BE911FCC-LeaderElection163] INFO  impl.RoleInfo (RoleInfo.java:updateAndGet(143)) - 92ce6e48-4722-407a-9620-5998c6999257: start FollowerState
2019-10-18 14:01:45,015 [Thread-1295] INFO  impl.FollowerState (FollowerState.java:run(108)) - 92ce6e48-4722-407a-9620-5998c6999257@group-E964BE911FCC-FollowerState: change to CANDIDATE, lastRpcTime:36ms, electionTimeout:36ms
2019-10-18 14:01:45,015 [Thread-1295] INFO  impl.RoleInfo (RoleInfo.java:shutdownFollowerState(121)) - 92ce6e48-4722-407a-9620-5998c6999257: shutdown FollowerState
2019-10-18 14:01:45,015 [Thread-1295] INFO  impl.RaftServerImpl (RaftServerImpl.java:setRole(184)) - 92ce6e48-4722-407a-9620-5998c6999257@group-E964BE911FCC: changes role from  FOLLOWER to CANDIDATE at term 173 for changeToCandidate
2019-10-18 14:01:45,015 [Thread-1295] INFO  impl.RoleInfo (RoleInfo.java:updateAndGet(143)) - 92ce6e48-4722-407a-9620-5998c6999257: start LeaderElection
2019-10-18 14:01:45,029 [92ce6e48-4722-407a-9620-5998c6999257@group-E964BE911FCC-LeaderElection164] INFO  impl.LeaderElection (LeaderElection.java:askForVotes(178)) - 92ce6e48-4722-407a-9620-5998c6999257@group-E964BE911FCC-LeaderElection164: begin an election at term 174 for -1: [6cbfae60-ea29-4abc-a49d-ef94f4bd513a:192.168.69.85:36685, 66f9d00c-1e97-4252-958c-bed5a531abda:192.168.69.85:45996, 92ce6e48-4722-407a-9620-5998c6999257:192.168.69.85:34971], old=null
2019-10-18 14:01:45,032 [grpc-default-executor-4] INFO  impl.RaftServerImpl (RaftServerImpl.java:setRole(184)) - 6cbfae60-ea29-4abc-a49d-ef94f4bd513a@group-E964BE911FCC: changes role from  FOLLOWER to FOLLOWER at term 174 for recognizeCandidate:92ce6e48-4722-407a-9620-5998c6999257
2019-10-18 14:01:45,032 [grpc-default-executor-4] INFO  impl.RoleInfo (RoleInfo.java:shutdownFollowerState(121)) - 6cbfae60-ea29-4abc-a49d-ef94f4bd513a: shutdown FollowerState
2019-10-18 14:01:45,032 [grpc-default-executor-4] INFO  impl.RoleInfo (RoleInfo.java:updateAndGet(143)) - 6cbfae60-ea29-4abc-a49d-ef94f4bd513a: start FollowerState
2019-10-18 14:01:45,032 [Thread-1293] INFO  impl.FollowerState (FollowerState.java:run(117)) - 6cbfae60-ea29-4abc-a49d-ef94f4bd513a@group-E964BE911FCC-FollowerState was interrupted: java.lang.InterruptedException: sleep interrupted
2019-10-18 14:01:45,033 [grpc-default-executor-0] INFO  impl.RaftServerImpl (RaftServerImpl.java:setRole(184)) - 66f9d00c-1e97-4252-958c-bed5a531abda@group-E964BE911FCC: changes role from  FOLLOWER to FOLLOWER at term 174 for recognizeCandidate:92ce6e48-4722-407a-9620-5998c6999257
2019-10-18 14:01:45,033 [grpc-default-executor-0] INFO  impl.RoleInfo (RoleInfo.java:shutdownFollowerState(121)) - 66f9d00c-1e97-4252-958c-bed5a531abda: shutdown FollowerState
2019-10-18 14:01:45,033 [grpc-default-executor-0] INFO  impl.RoleInfo (RoleInfo.java:updateAndGet(143)) - 66f9d00c-1e97-4252-958c-bed5a531abda: start FollowerState
2019-10-18 14:01:45,033 [Thread-1294] INFO  impl.FollowerState (FollowerState.java:run(117)) - 66f9d00c-1e97-4252-958c-bed5a531abda@group-E964BE911FCC-FollowerState was interrupted: java.lang.InterruptedException: sleep interrupted
2019-10-18 14:01:45,047 [92ce6e48-4722-407a-9620-5998c6999257@group-E964BE911FCC-LeaderElection164] INFO  impl.LeaderElection (LeaderElection.java:logAndReturn(56)) - 92ce6e48-4722-407a-9620-5998c6999257@group-E964BE911FCC-LeaderElection164: Election REJECTED; received 2 response(s) [92ce6e48-4722-407a-9620-5998c6999257<-6cbfae60-ea29-4abc-a49d-ef94f4bd513a#0:FAIL-t174, 92ce6e48-4722-407a-9620-5998c6999257<-66f9d00c-1e97-4252-958c-bed5a531abda#0:FAIL-t174] and 0 exception(s); 92ce6e48-4722-407a-9620-5998c6999257@group-E964BE911FCC:t174, leader=null, voted=92ce6e48-4722-407a-9620-5998c6999257, raftlog=92ce6e48-4722-407a-9620-5998c6999257@group-E964BE911FCC-SegmentedRaftLog:OPENED:c-1,f-1,i0, conf=-1: [6cbfae60-ea29-4abc-a49d-ef94f4bd513a:192.168.69.85:36685, 66f9d00c-1e97-4252-958c-bed5a531abda:192.168.69.85:45996, 92ce6e48-4722-407a-9620-5998c6999257:192.168.69.85:34971], old=null
2019-10-18 14:01:45,047 [92ce6e48-4722-407a-9620-5998c6999257@group-E964BE911FCC-LeaderElection164] INFO  impl.RaftServerImpl (RaftServerImpl.java:setRole(184)) - 92ce6e48-4722-407a-9620-5998c6999257@group-E964BE911FCC: changes role from CANDIDATE to FOLLOWER at term 174 for DISCOVERED_A_NEW_TERM
2019-10-18 14:01:45,047 [92ce6e48-4722-407a-9620-5998c6999257@group-E964BE911FCC-LeaderElection164] INFO  impl.RoleInfo (RoleInfo.java:shutdownLeaderElection(134)) - 92ce6e48-4722-407a-9620-5998c6999257: shutdown LeaderElection
2019-10-18 14:01:45,047 [92ce6e48-4722-407a-9620-5998c6999257@group-E964BE911FCC-LeaderElection164] INFO  impl.RoleInfo (RoleInfo.java:updateAndGet(143)) - 92ce6e48-4722-407a-9620-5998c6999257: start FollowerState
2019-10-18 14:01:45,108 [Thread-1301] INFO  impl.FollowerState (FollowerState.java:run(108)) - 92ce6e48-4722-407a-9620-5998c6999257@group-E964BE911FCC-FollowerState: change to CANDIDATE, lastRpcTime:61ms, electionTimeout:61ms
2019-10-18 14:01:45,109 [Thread-1301] INFO  impl.RoleInfo (RoleInfo.java:shutdownFollowerState(121)) - 92ce6e48-4722-407a-9620-5998c6999257: shutdown FollowerState
2019-10-18 14:01:45,109 [Thread-1301] INFO  impl.RaftServerImpl (RaftServerImpl.java:setRole(184)) - 92ce6e48-4722-407a-9620-5998c6999257@group-E964BE911FCC: changes role from  FOLLOWER to CANDIDATE at term 174 for changeToCandidate
2019-10-18 14:01:45,109 [Thread-1301] INFO  impl.RoleInfo (RoleInfo.java:updateAndGet(143)) - 92ce6e48-4722-407a-9620-5998c6999257: start LeaderElection
2019-10-18 14:01:45,115 [92ce6e48-4722-407a-9620-5998c6999257@group-E964BE911FCC-LeaderElection165] INFO  impl.LeaderElection (LeaderElection.java:askForVotes(178)) - 92ce6e48-4722-407a-9620-5998c6999257@group-E964BE911FCC-LeaderElection165: begin an election at term 175 for -1: [6cbfae60-ea29-4abc-a49d-ef94f4bd513a:192.168.69.85:36685, 66f9d00c-1e97-4252-958c-bed5a531abda:192.168.69.85:45996, 92ce6e48-4722-407a-9620-5998c6999257:192.168.69.85:34971], old=null
2019-10-18 14:01:45,117 [grpc-default-executor-4] INFO  impl.RaftServerImpl (RaftServerImpl.java:setRole(184)) - 6cbfae60-ea29-4abc-a49d-ef94f4bd513a@group-E964BE911FCC: changes role from  FOLLOWER to FOLLOWER at term 175 for recognizeCandidate:92ce6e48-4722-407a-9620-5998c6999257
2019-10-18 14:01:45,117 [grpc-default-executor-4] INFO  impl.RoleInfo (RoleInfo.java:shutdownFollowerState(121)) - 6cbfae60-ea29-4abc-a49d-ef94f4bd513a: shutdown FollowerState
2019-10-18 14:01:45,117 [grpc-default-executor-0] INFO  impl.RaftServerImpl (RaftServerImpl.java:setRole(184)) - 66f9d00c-1e97-4252-958c-bed5a531abda@group-E964BE911FCC: changes role from  FOLLOWER to FOLLOWER at term 175 for recognizeCandidate:92ce6e48-4722-407a-9620-5998c6999257
2019-10-18 14:01:45,117 [grpc-default-executor-0] INFO  impl.RoleInfo (RoleInfo.java:shutdownFollowerState(121)) - 66f9d00c-1e97-4252-958c-bed5a531abda: shutdown FollowerState
2019-10-18 14:01:45,117 [Thread-1299] INFO  impl.FollowerState (FollowerState.java:run(117)) - 6cbfae60-ea29-4abc-a49d-ef94f4bd513a@group-E964BE911FCC-FollowerState was interrupted: java.lang.InterruptedException: sleep interrupted
2019-10-18 14:01:45,117 [grpc-default-executor-4] INFO  impl.RoleInfo (RoleInfo.java:updateAndGet(143)) - 6cbfae60-ea29-4abc-a49d-ef94f4bd513a: start FollowerState
2019-10-18 14:01:45,118 [Thread-1300] INFO  impl.FollowerState (FollowerState.java:run(117)) - 66f9d00c-1e97-4252-958c-bed5a531abda@group-E964BE911FCC-FollowerState was interrupted: java.lang.InterruptedException: sleep interrupted
2019-10-18 14:01:45,118 [grpc-default-executor-0] INFO  impl.RoleInfo (RoleInfo.java:updateAndGet(143)) - 66f9d00c-1e97-4252-958c-bed5a531abda: start FollowerState
2019-10-18 14:01:45,132 [92ce6e48-4722-407a-9620-5998c6999257@group-E964BE911FCC-LeaderElection165] INFO  impl.LeaderElection (LeaderElection.java:logAndReturn(56)) - 92ce6e48-4722-407a-9620-5998c6999257@group-E964BE911FCC-LeaderElection165: Election REJECTED; received 2 response(s) [92ce6e48-4722-407a-9620-5998c6999257<-6cbfae60-ea29-4abc-a49d-ef94f4bd513a#0:FAIL-t175, 92ce6e48-4722-407a-9620-5998c6999257<-66f9d00c-1e97-4252-958c-bed5a531abda#0:FAIL-t175] and 0 exception(s); 92ce6e48-4722-407a-9620-5998c6999257@group-E964BE911FCC:t175, leader=null, voted=92ce6e48-4722-407a-9620-5998c6999257, raftlog=92ce6e48-4722-407a-9620-5998c6999257@group-E964BE911FCC-SegmentedRaftLog:OPENED:c-1,f-1,i0, conf=-1: [6cbfae60-ea29-4abc-a49d-ef94f4bd513a:192.168.69.85:36685, 66f9d00c-1e97-4252-958c-bed5a531abda:192.168.69.85:45996, 92ce6e48-4722-407a-9620-5998c6999257:192.168.69.85:34971], old=null
2019-10-18 14:01:45,132 [92ce6e48-4722-407a-9620-5998c6999257@group-E964BE911FCC-LeaderElection165] INFO  impl.RaftServerImpl (RaftServerImpl.java:setRole(184)) - 92ce6e48-4722-407a-9620-5998c6999257@group-E964BE911FCC: changes role from CANDIDATE to FOLLOWER at term 175 for DISCOVERED_A_NEW_TERM
2019-10-18 14:01:45,133 [92ce6e48-4722-407a-9620-5998c6999257@group-E964BE911FCC-LeaderElection165] INFO  impl.RoleInfo (RoleInfo.java:shutdownLeaderElection(134)) - 92ce6e48-4722-407a-9620-5998c6999257: shutdown LeaderElection
2019-10-18 14:01:45,133 [92ce6e48-4722-407a-9620-5998c6999257@group-E964BE911FCC-LeaderElection165] INFO  impl.RoleInfo (RoleInfo.java:updateAndGet(143)) - 92ce6e48-4722-407a-9620-5998c6999257: start FollowerState
2019-10-18 14:01:45,303 [Thread-1307] INFO  impl.FollowerState (FollowerState.java:run(108)) - 92ce6e48-4722-407a-9620-5998c6999257@group-E964BE911FCC-FollowerState: change to CANDIDATE, lastRpcTime:170ms, electionTimeout:170ms
2019-10-18 14:01:45,303 [Thread-1307] INFO  impl.RoleInfo (RoleInfo.java:shutdownFollowerState(121)) - 92ce6e48-4722-407a-9620-5998c6999257: shutdown FollowerState
2019-10-18 14:01:45,304 [Thread-1307] INFO  impl.RaftServerImpl (RaftServerImpl.java:setRole(184)) - 92ce6e48-4722-407a-9620-5998c6999257@group-E964BE911FCC: changes role from  FOLLOWER to CANDIDATE at term 175 for changeToCandidate
2019-10-18 14:01:45,304 [Thread-1307] INFO  impl.RoleInfo (RoleInfo.java:updateAndGet(143)) - 92ce6e48-4722-407a-9620-5998c6999257: start LeaderElection
2019-10-18 14:01:45,327 [92ce6e48-4722-407a-9620-5998c6999257@group-E964BE911FCC-LeaderElection166] INFO  impl.LeaderElection (LeaderElection.java:askForVotes(178)) - 92ce6e48-4722-407a-9620-5998c6999257@group-E964BE911FCC-LeaderElection166: begin an election at term 176 for -1: [6cbfae60-ea29-4abc-a49d-ef94f4bd513a:192.168.69.85:36685, 66f9d00c-1e97-4252-958c-bed5a531abda:192.168.69.85:45996, 92ce6e48-4722-407a-9620-5998c6999257:192.168.69.85:34971], old=null
2019-10-18 14:01:45,330 [grpc-default-executor-0] INFO  impl.RaftServerImpl (RaftServerImpl.java:setRole(184)) - 66f9d00c-1e97-4252-958c-bed5a531abda@group-E964BE911FCC: changes role from  FOLLOWER to FOLLOWER at term 176 for recognizeCandidate:92ce6e48-4722-407a-9620-5998c6999257
2019-10-18 14:01:45,330 [grpc-default-executor-4] INFO  impl.RaftServerImpl (RaftServerImpl.java:setRole(184)) - 6cbfae60-ea29-4abc-a49d-ef94f4bd513a@group-E964BE911FCC: changes role from  FOLLOWER to FOLLOWER at term 176 for recognizeCandidate:92ce6e48-4722-407a-9620-5998c6999257
2019-10-18 14:01:45,330 [grpc-default-executor-0] INFO  impl.RoleInfo (RoleInfo.java:shutdownFollowerState(121)) - 66f9d00c-1e97-4252-958c-bed5a531abda: shutdown FollowerState
2019-10-18 14:01:45,330 [grpc-default-executor-4] INFO  impl.RoleInfo (RoleInfo.java:shutdownFollowerState(121)) - 6cbfae60-ea29-4abc-a49d-ef94f4bd513a: shutdown FollowerState
2019-10-18 14:01:45,330 [Thread-1306] INFO  impl.FollowerState (FollowerState.java:run(117)) - 66f9d00c-1e97-4252-958c-bed5a531abda@group-E964BE911FCC-FollowerState was interrupted: java.lang.InterruptedException: sleep interrupted
2019-10-18 14:01:45,330 [grpc-default-executor-0] INFO  impl.RoleInfo (RoleInfo.java:updateAndGet(143)) - 66f9d00c-1e97-4252-958c-bed5a531abda: start FollowerState
2019-10-18 14:01:45,330 [Thread-1305] INFO  impl.FollowerState (FollowerState.java:run(117)) - 6cbfae60-ea29-4abc-a49d-ef94f4bd513a@group-E964BE911FCC-FollowerState was interrupted: java.lang.InterruptedException: sleep interrupted
2019-10-18 14:01:45,330 [grpc-default-executor-4] INFO  impl.RoleInfo (RoleInfo.java:updateAndGet(143)) - 6cbfae60-ea29-4abc-a49d-ef94f4bd513a: start FollowerState
2019-10-18 14:01:45,340 [92ce6e48-4722-407a-9620-5998c6999257@group-E964BE911FCC-LeaderElection166] INFO  impl.LeaderElection (LeaderElection.java:logAndReturn(56)) - 92ce6e48-4722-407a-9620-5998c6999257@group-E964BE911FCC-LeaderElection166: Election REJECTED; received 2 response(s) [92ce6e48-4722-407a-9620-5998c6999257<-6cbfae60-ea29-4abc-a49d-ef94f4bd513a#0:FAIL-t176, 92ce6e48-4722-407a-9620-5998c6999257<-66f9d00c-1e97-4252-958c-bed5a531abda#0:FAIL-t176] and 0 exception(s); 92ce6e48-4722-407a-9620-5998c6999257@group-E964BE911FCC:t176, leader=null, voted=92ce6e48-4722-407a-9620-5998c6999257, raftlog=92ce6e48-4722-407a-9620-5998c6999257@group-E964BE911FCC-SegmentedRaftLog:OPENED:c-1,f-1,i0, conf=-1: [6cbfae60-ea29-4abc-a49d-ef94f4bd513a:192.168.69.85:36685, 66f9d00c-1e97-4252-958c-bed5a531abda:192.168.69.85:45996, 92ce6e48-4722-407a-9620-5998c6999257:192.168.69.85:34971], old=null
2019-10-18 14:01:45,341 [92ce6e48-4722-407a-9620-5998c6999257@group-E964BE911FCC-LeaderElection166] INFO  impl.RaftServerImpl (RaftServerImpl.java:setRole(184)) - 92ce6e48-4722-407a-9620-5998c6999257@group-E964BE911FCC: changes role from CANDIDATE to FOLLOWER at term 176 for DISCOVERED_A_NEW_TERM
2019-10-18 14:01:45,341 [92ce6e48-4722-407a-9620-5998c6999257@group-E964BE911FCC-LeaderElection166] INFO  impl.RoleInfo (RoleInfo.java:shutdownLeaderElection(134)) - 92ce6e48-4722-407a-9620-5998c6999257: shutdown LeaderElection
2019-10-18 14:01:45,341 [92ce6e48-4722-407a-9620-5998c6999257@group-E964BE911FCC-LeaderElection166] INFO  impl.RoleInfo (RoleInfo.java:updateAndGet(143)) - 92ce6e48-4722-407a-9620-5998c6999257: start FollowerState
2019-10-18 14:01:45,450 [Thread-1315] INFO  impl.FollowerState (FollowerState.java:run(108)) - 92ce6e48-4722-407a-9620-5998c6999257@group-E964BE911FCC-FollowerState: change to CANDIDATE, lastRpcTime:109ms, electionTimeout:109ms
2019-10-18 14:01:45,450 [Thread-1315] INFO  impl.RoleInfo (RoleInfo.java:shutdownFollowerState(121)) - 92ce6e48-4722-407a-9620-5998c6999257: shutdown FollowerState
2019-10-18 14:01:45,450 [Thread-1315] INFO  impl.RaftServerImpl (RaftServerImpl.java:setRole(184)) - 92ce6e48-4722-407a-9620-5998c6999257@group-E964BE911FCC: changes role from  FOLLOWER to CANDIDATE at term 176 for changeToCandidate
2019-10-18 14:01:45,451 [Thread-1315] INFO  impl.RoleInfo (RoleInfo.java:updateAndGet(143)) - 92ce6e48-4722-407a-9620-5998c6999257: start LeaderElection
2019-10-18 14:01:45,476 [92ce6e48-4722-407a-9620-5998c6999257@group-E964BE911FCC-LeaderElection167] INFO  impl.LeaderElection (LeaderElection.java:askForVotes(178)) - 92ce6e48-4722-407a-9620-5998c6999257@group-E964BE911FCC-LeaderElection167: begin an election at term 177 for -1: [6cbfae60-ea29-4abc-a49d-ef94f4bd513a:192.168.69.85:36685, 66f9d00c-1e97-4252-958c-bed5a531abda:192.168.69.85:45996, 92ce6e48-4722-407a-9620-5998c6999257:192.168.69.85:34971], old=null
2019-10-18 14:01:45,478 [grpc-default-executor-4] INFO  impl.RaftServerImpl (RaftServerImpl.java:setRole(184)) - 6cbfae60-ea29-4abc-a49d-ef94f4bd513a@group-E964BE911FCC: changes role from  FOLLOWER to FOLLOWER at term 177 for recognizeCandidate:92ce6e48-4722-407a-9620-5998c6999257
2019-10-18 14:01:45,478 [grpc-default-executor-0] INFO  impl.RaftServerImpl (RaftServerImpl.java:setRole(184)) - 66f9d00c-1e97-4252-958c-bed5a531abda@group-E964BE911FCC: changes role from  FOLLOWER to FOLLOWER at term 177 for recognizeCandidate:92ce6e48-4722-407a-9620-5998c6999257
2019-10-18 14:01:45,478 [grpc-default-executor-4] INFO  impl.RoleInfo (RoleInfo.java:shutdownFollowerState(121)) - 6cbfae60-ea29-4abc-a49d-ef94f4bd513a: shutdown FollowerState
2019-10-18 14:01:45,479 [grpc-default-executor-0] INFO  impl.RoleInfo (RoleInfo.java:shutdownFollowerState(121)) - 66f9d00c-1e97-4252-958c-bed5a531abda: shutdown FollowerState
2019-10-18 14:01:45,479 [grpc-default-executor-4] INFO  impl.RoleInfo (RoleInfo.java:updateAndGet(143)) - 6cbfae60-ea29-4abc-a49d-ef94f4bd513a: start FollowerState
2019-10-18 14:01:45,479 [Thread-1314] INFO  impl.FollowerState (FollowerState.java:run(117)) - 6cbfae60-ea29-4abc-a49d-ef94f4bd513a@group-E964BE911FCC-FollowerState was interrupted: java.lang.InterruptedException: sleep interrupted
2019-10-18 14:01:45,479 [Thread-1313] INFO  impl.FollowerState (FollowerState.java:run(117)) - 66f9d00c-1e97-4252-958c-bed5a531abda@group-E964BE911FCC-FollowerState was interrupted: java.lang.InterruptedException: sleep interrupted
2019-10-18 14:01:45,479 [grpc-default-executor-0] INFO  impl.RoleInfo (RoleInfo.java:updateAndGet(143)) - 66f9d00c-1e97-4252-958c-bed5a531abda: start FollowerState
2019-10-18 14:01:45,505 [92ce6e48-4722-407a-9620-5998c6999257@group-E964BE911FCC-LeaderElection167] INFO  impl.LeaderElection (LeaderElection.java:logAndReturn(56)) - 92ce6e48-4722-407a-9620-5998c6999257@group-E964BE911FCC-LeaderElection167: Election REJECTED; received 2 response(s) [92ce6e48-4722-407a-9620-5998c6999257<-6cbfae60-ea29-4abc-a49d-ef94f4bd513a#0:FAIL-t177, 92ce6e48-4722-407a-9620-5998c6999257<-66f9d00c-1e97-4252-958c-bed5a531abda#0:FAIL-t177] and 0 exception(s); 92ce6e48-4722-407a-9620-5998c6999257@group-E964BE911FCC:t177, leader=null, voted=92ce6e48-4722-407a-9620-5998c6999257, raftlog=92ce6e48-4722-407a-9620-5998c6999257@group-E964BE911FCC-SegmentedRaftLog:OPENED:c-1,f-1,i0, conf=-1: [6cbfae60-ea29-4abc-a49d-ef94f4bd513a:192.168.69.85:36685, 66f9d00c-1e97-4252-958c-bed5a531abda:192.168.69.85:45996, 92ce6e48-4722-407a-9620-5998c6999257:192.168.69.85:34971], old=null
2019-10-18 14:01:45,505 [92ce6e48-4722-407a-9620-5998c6999257@group-E964BE911FCC-LeaderElection167] INFO  impl.RaftServerImpl (RaftServerImpl.java:setRole(184)) - 92ce6e48-4722-407a-9620-5998c6999257@group-E964BE911FCC: changes role from CANDIDATE to FOLLOWER at term 177 for DISCOVERED_A_NEW_TERM
2019-10-18 14:01:45,505 [92ce6e48-4722-407a-9620-5998c6999257@group-E964BE911FCC-LeaderElection167] INFO  impl.RoleInfo (RoleInfo.java:shutdownLeaderElection(134)) - 92ce6e48-4722-407a-9620-5998c6999257: shutdown LeaderElection
2019-10-18 14:01:45,506 [92ce6e48-4722-407a-9620-5998c6999257@group-E964BE911FCC-LeaderElection167] INFO  impl.RoleInfo (RoleInfo.java:updateAndGet(143)) - 92ce6e48-4722-407a-9620-5998c6999257: start FollowerState
2019-10-18 14:01:45,509 [Thread-1321] INFO  impl.FollowerState (FollowerState.java:run(108)) - 92ce6e48-4722-407a-9620-5998c6999257@group-E964BE911FCC-FollowerState: change to CANDIDATE, lastRpcTime:3ms, electionTimeout:3ms
2019-10-18 14:01:45,509 [Thread-1321] INFO  impl.RoleInfo (RoleInfo.java:shutdownFollowerState(121)) - 92ce6e48-4722-407a-9620-5998c6999257: shutdown FollowerState
2019-10-18 14:01:45,509 [Thread-1321] INFO  impl.RaftServerImpl (RaftServerImpl.java:setRole(184)) - 92ce6e48-4722-407a-9620-5998c6999257@group-E964BE911FCC: changes role from  FOLLOWER to CANDIDATE at term 177 for changeToCandidate
2019-10-18 14:01:45,509 [Thread-1321] INFO  impl.RoleInfo (RoleInfo.java:updateAndGet(143)) - 92ce6e48-4722-407a-9620-5998c6999257: start LeaderElection
2019-10-18 14:01:45,523 [92ce6e48-4722-407a-9620-5998c6999257@group-E964BE911FCC-LeaderElection168] INFO  impl.LeaderElection (LeaderElection.java:askForVotes(178)) - 92ce6e48-4722-407a-9620-5998c6999257@group-E964BE911FCC-LeaderElection168: begin an election at term 178 for -1: [6cbfae60-ea29-4abc-a49d-ef94f4bd513a:192.168.69.85:36685, 66f9d00c-1e97-4252-958c-bed5a531abda:192.168.69.85:45996, 92ce6e48-4722-407a-9620-5998c6999257:192.168.69.85:34971], old=null
2019-10-18 14:01:45,525 [grpc-default-executor-0] INFO  impl.RaftServerImpl (RaftServerImpl.java:setRole(184)) - 6cbfae60-ea29-4abc-a49d-ef94f4bd513a@group-E964BE911FCC: changes role from  FOLLOWER to FOLLOWER at term 178 for recognizeCandidate:92ce6e48-4722-407a-9620-5998c6999257
2019-10-18 14:01:45,525 [grpc-default-executor-4] INFO  impl.RaftServerImpl (RaftServerImpl.java:setRole(184)) - 66f9d00c-1e97-4252-958c-bed5a531abda@group-E964BE911FCC: changes role from  FOLLOWER to FOLLOWER at term 178 for recognizeCandidate:92ce6e48-4722-407a-9620-5998c6999257
2019-10-18 14:01:45,526 [grpc-default-executor-4] INFO  impl.RoleInfo (RoleInfo.java:shutdownFollowerState(121)) - 66f9d00c-1e97-4252-958c-bed5a531abda: shutdown FollowerState
2019-10-18 14:01:45,526 [grpc-default-executor-0] INFO  impl.RoleInfo (RoleInfo.java:shutdownFollowerState(121)) - 6cbfae60-ea29-4abc-a49d-ef94f4bd513a: shutdown FollowerState
2019-10-18 14:01:45,526 [Thread-1320] INFO  impl.FollowerState (FollowerState.java:run(117)) - 66f9d00c-1e97-4252-958c-bed5a531abda@group-E964BE911FCC-FollowerState was interrupted: java.lang.InterruptedException: sleep interrupted
2019-10-18 14:01:45,526 [grpc-default-executor-4] INFO  impl.RoleInfo (RoleInfo.java:updateAndGet(143)) - 66f9d00c-1e97-4252-958c-bed5a531abda: start FollowerState
2019-10-18 14:01:45,526 [Thread-1319] INFO  impl.FollowerState (FollowerState.java:run(117)) - 6cbfae60-ea29-4abc-a49d-ef94f4bd513a@group-E964BE911FCC-FollowerState was interrupted: java.lang.InterruptedException: sleep interrupted
2019-10-18 14:01:45,526 [grpc-default-executor-0] INFO  impl.RoleInfo (RoleInfo.java:updateAndGet(143)) - 6cbfae60-ea29-4abc-a49d-ef94f4bd513a: start FollowerState
2019-10-18 14:01:45,552 [92ce6e48-4722-407a-9620-5998c6999257@group-E964BE911FCC-LeaderElection168] INFO  impl.LeaderElection (LeaderElection.java:logAndReturn(56)) - 92ce6e48-4722-407a-9620-5998c6999257@group-E964BE911FCC-LeaderElection168: Election REJECTED; received 2 response(s) [92ce6e48-4722-407a-9620-5998c6999257<-6cbfae60-ea29-4abc-a49d-ef94f4bd513a#0:FAIL-t178, 92ce6e48-4722-407a-9620-5998c6999257<-66f9d00c-1e97-4252-958c-bed5a531abda#0:FAIL-t178] and 0 exception(s); 92ce6e48-4722-407a-9620-5998c6999257@group-E964BE911FCC:t178, leader=null, voted=92ce6e48-4722-407a-9620-5998c6999257, raftlog=92ce6e48-4722-407a-9620-5998c6999257@group-E964BE911FCC-SegmentedRaftLog:OPENED:c-1,f-1,i0, conf=-1: [6cbfae60-ea29-4abc-a49d-ef94f4bd513a:192.168.69.85:36685, 66f9d00c-1e97-4252-958c-bed5a531abda:192.168.69.85:45996, 92ce6e48-4722-407a-9620-5998c6999257:192.168.69.85:34971], old=null
2019-10-18 14:01:45,552 [92ce6e48-4722-407a-9620-5998c6999257@group-E964BE911FCC-LeaderElection168] INFO  impl.RaftServerImpl (RaftServerImpl.java:setRole(184)) - 92ce6e48-4722-407a-9620-5998c6999257@group-E964BE911FCC: changes role from CANDIDATE to FOLLOWER at term 178 for DISCOVERED_A_NEW_TERM
2019-10-18 14:01:45,552 [92ce6e48-4722-407a-9620-5998c6999257@group-E964BE911FCC-LeaderElection168] INFO  impl.RoleInfo (RoleInfo.java:shutdownLeaderElection(134)) - 92ce6e48-4722-407a-9620-5998c6999257: shutdown LeaderElection
2019-10-18 14:01:45,552 [92ce6e48-4722-407a-9620-5998c6999257@group-E964BE911FCC-LeaderElection168] INFO  impl.RoleInfo (RoleInfo.java:updateAndGet(143)) - 92ce6e48-4722-407a-9620-5998c6999257: start FollowerState
2019-10-18 14:01:45,572 [Thread-1327] INFO  impl.FollowerState (FollowerState.java:run(108)) - 92ce6e48-4722-407a-9620-5998c6999257@group-E964BE911FCC-FollowerState: change to CANDIDATE, lastRpcTime:20ms, electionTimeout:20ms
2019-10-18 14:01:45,573 [Thread-1327] INFO  impl.RoleInfo (RoleInfo.java:shutdownFollowerState(121)) - 92ce6e48-4722-407a-9620-5998c6999257: shutdown FollowerState
2019-10-18 14:01:45,573 [Thread-1327] INFO  impl.RaftServerImpl (RaftServerImpl.java:setRole(184)) - 92ce6e48-4722-407a-9620-5998c6999257@group-E964BE911FCC: changes role from  FOLLOWER to CANDIDATE at term 178 for changeToCandidate
2019-10-18 14:01:45,573 [Thread-1327] INFO  impl.RoleInfo (RoleInfo.java:updateAndGet(143)) - 92ce6e48-4722-407a-9620-5998c6999257: start LeaderElection
2019-10-18 14:01:45,586 [92ce6e48-4722-407a-9620-5998c6999257@group-E964BE911FCC-LeaderElection169] INFO  impl.LeaderElection (LeaderElection.java:askForVotes(178)) - 92ce6e48-4722-407a-9620-5998c6999257@group-E964BE911FCC-LeaderElection169: begin an election at term 179 for -1: [6cbfae60-ea29-4abc-a49d-ef94f4bd513a:192.168.69.85:36685, 66f9d00c-1e97-4252-958c-bed5a531abda:192.168.69.85:45996, 92ce6e48-4722-407a-9620-5998c6999257:192.168.69.85:34971], old=null
2019-10-18 14:01:45,589 [grpc-default-executor-4] INFO  impl.RaftServerImpl (RaftServerImpl.java:setRole(184)) - 6cbfae60-ea29-4abc-a49d-ef94f4bd513a@group-E964BE911FCC: changes role from  FOLLOWER to FOLLOWER at term 179 for recognizeCandidate:92ce6e48-4722-407a-9620-5998c6999257
2019-10-18 14:01:45,589 [grpc-default-executor-4] INFO  impl.RoleInfo (RoleInfo.java:shutdownFollowerState(121)) - 6cbfae60-ea29-4abc-a49d-ef94f4bd513a: shutdown FollowerState
2019-10-18 14:01:45,589 [grpc-default-executor-0] INFO  impl.RaftServerImpl (RaftServerImpl.java:setRole(184)) - 66f9d00c-1e97-4252-958c-bed5a531abda@group-E964BE911FCC: changes role from  FOLLOWER to FOLLOWER at term 179 for recognizeCandidate:92ce6e48-4722-407a-9620-5998c6999257
2019-10-18 14:01:45,589 [grpc-default-executor-0] INFO  impl.RoleInfo (RoleInfo.java:shutdownFollowerState(121)) - 66f9d00c-1e97-4252-958c-bed5a531abda: shutdown FollowerState
2019-10-18 14:01:45,589 [Thread-1326] INFO  impl.FollowerState (FollowerState.java:run(117)) - 6cbfae60-ea29-4abc-a49d-ef94f4bd513a@group-E964BE911FCC-FollowerState was interrupted: java.lang.InterruptedException: sleep interrupted
2019-10-18 14:01:45,589 [grpc-default-executor-4] INFO  impl.RoleInfo (RoleInfo.java:updateAndGet(143)) - 6cbfae60-ea29-4abc-a49d-ef94f4bd513a: start FollowerState
2019-10-18 14:01:45,589 [Thread-1325] INFO  impl.FollowerState (FollowerState.java:run(117)) - 66f9d00c-1e97-4252-958c-bed5a531abda@group-E964BE911FCC-FollowerState was interrupted: java.lang.InterruptedException: sleep interrupted
2019-10-18 14:01:45,589 [grpc-default-executor-0] INFO  impl.RoleInfo (RoleInfo.java:updateAndGet(143)) - 66f9d00c-1e97-4252-958c-bed5a531abda: start FollowerState
2019-10-18 14:01:45,604 [92ce6e48-4722-407a-9620-5998c6999257@group-E964BE911FCC-LeaderElection169] INFO  impl.LeaderElection (LeaderElection.java:logAndReturn(56)) - 92ce6e48-4722-407a-9620-5998c6999257@group-E964BE911FCC-LeaderElection169: Election REJECTED; received 2 response(s) [92ce6e48-4722-407a-9620-5998c6999257<-6cbfae60-ea29-4abc-a49d-ef94f4bd513a#0:FAIL-t179, 92ce6e48-4722-407a-9620-5998c6999257<-66f9d00c-1e97-4252-958c-bed5a531abda#0:FAIL-t179] and 0 exception(s); 92ce6e48-4722-407a-9620-5998c6999257@group-E964BE911FCC:t179, leader=null, voted=92ce6e48-4722-407a-9620-5998c6999257, raftlog=92ce6e48-4722-407a-9620-5998c6999257@group-E964BE911FCC-SegmentedRaftLog:OPENED:c-1,f-1,i0, conf=-1: [6cbfae60-ea29-4abc-a49d-ef94f4bd513a:192.168.69.85:36685, 66f9d00c-1e97-4252-958c-bed5a531abda:192.168.69.85:45996, 92ce6e48-4722-407a-9620-5998c6999257:192.168.69.85:34971], old=null
2019-10-18 14:01:45,604 [92ce6e48-4722-407a-9620-5998c6999257@group-E964BE911FCC-LeaderElection169] INFO  impl.RaftServerImpl (RaftServerImpl.java:setRole(184)) - 92ce6e48-4722-407a-9620-5998c6999257@group-E964BE911FCC: changes role from CANDIDATE to FOLLOWER at term 179 for DISCOVERED_A_NEW_TERM
2019-10-18 14:01:45,604 [92ce6e48-4722-407a-9620-5998c6999257@group-E964BE911FCC-LeaderElection169] INFO  impl.RoleInfo (RoleInfo.java:shutdownLeaderElection(134)) - 92ce6e48-4722-407a-9620-5998c6999257: shutdown LeaderElection
2019-10-18 14:01:45,604 [92ce6e48-4722-407a-9620-5998c6999257@group-E964BE911FCC-LeaderElection169] INFO  impl.RoleInfo (RoleInfo.java:updateAndGet(143)) - 92ce6e48-4722-407a-9620-5998c6999257: start FollowerState
2019-10-18 14:01:45,639 [Thread-1333] INFO  impl.FollowerState (FollowerState.java:run(108)) - 92ce6e48-4722-407a-9620-5998c6999257@group-E964BE911FCC-FollowerState: change to CANDIDATE, lastRpcTime:34ms, electionTimeout:34ms
2019-10-18 14:01:45,639 [Thread-1333] INFO  impl.RoleInfo (RoleInfo.java:shutdownFollowerState(121)) - 92ce6e48-4722-407a-9620-5998c6999257: shutdown FollowerState
2019-10-18 14:01:45,639 [Thread-1333] INFO  impl.RaftServerImpl (RaftServerImpl.java:setRole(184)) - 92ce6e48-4722-407a-9620-5998c6999257@group-E964BE911FCC: changes role from  FOLLOWER to CANDIDATE at term 179 for changeToCandidate
2019-10-18 14:01:45,642 [Thread-1333] INFO  impl.RoleInfo (RoleInfo.java:updateAndGet(143)) - 92ce6e48-4722-407a-9620-5998c6999257: start LeaderElection
2019-10-18 14:01:45,668 [92ce6e48-4722-407a-9620-5998c6999257@group-E964BE911FCC-LeaderElection170] INFO  impl.LeaderElection (LeaderElection.java:askForVotes(178)) - 92ce6e48-4722-407a-9620-5998c6999257@group-E964BE911FCC-LeaderElection170: begin an election at term 180 for -1: [6cbfae60-ea29-4abc-a49d-ef94f4bd513a:192.168.69.85:36685, 66f9d00c-1e97-4252-958c-bed5a531abda:192.168.69.85:45996, 92ce6e48-4722-407a-9620-5998c6999257:192.168.69.85:34971], old=null
2019-10-18 14:01:45,671 [grpc-default-executor-0] INFO  impl.RaftServerImpl (RaftServerImpl.java:setRole(184)) - 6cbfae60-ea29-4abc-a49d-ef94f4bd513a@group-E964BE911FCC: changes role from  FOLLOWER to FOLLOWER at term 180 for recognizeCandidate:92ce6e48-4722-407a-9620-5998c6999257
2019-10-18 14:01:45,671 [grpc-default-executor-4] INFO  impl.RaftServerImpl (RaftServerImpl.java:setRole(184)) - 66f9d00c-1e97-4252-958c-bed5a531abda@group-E964BE911FCC: changes role from  FOLLOWER to FOLLOWER at term 180 for recognizeCandidate:92ce6e48-4722-407a-9620-5998c6999257
2019-10-18 14:01:45,671 [grpc-default-executor-0] INFO  impl.RoleInfo (RoleInfo.java:shutdownFollowerState(121)) - 6cbfae60-ea29-4abc-a49d-ef94f4bd513a: shutdown FollowerState
2019-10-18 14:01:45,672 [grpc-default-executor-0] INFO  impl.RoleInfo (RoleInfo.java:updateAndGet(143)) - 6cbfae60-ea29-4abc-a49d-ef94f4bd513a: start FollowerState
2019-10-18 14:01:45,671 [grpc-default-executor-4] INFO  impl.RoleInfo (RoleInfo.java:shutdownFollowerState(121)) - 66f9d00c-1e97-4252-958c-bed5a531abda: shutdown FollowerState
2019-10-18 14:01:45,672 [Thread-1331] INFO  impl.FollowerState (FollowerState.java:run(117)) - 6cbfae60-ea29-4abc-a49d-ef94f4bd513a@group-E964BE911FCC-FollowerState was interrupted: java.lang.InterruptedException: sleep interrupted
2019-10-18 14:01:45,672 [Thread-1332] INFO  impl.FollowerState (FollowerState.java:run(117)) - 66f9d00c-1e97-4252-958c-bed5a531abda@group-E964BE911FCC-FollowerState was interrupted: java.lang.InterruptedException: sleep interrupted
2019-10-18 14:01:45,672 [grpc-default-executor-4] INFO  impl.RoleInfo (RoleInfo.java:updateAndGet(143)) - 66f9d00c-1e97-4252-958c-bed5a531abda: start FollowerState
2019-10-18 14:01:45,698 [92ce6e48-4722-407a-9620-5998c6999257@group-E964BE911FCC-LeaderElection170] INFO  impl.LeaderElection (LeaderElection.java:logAndReturn(56)) - 92ce6e48-4722-407a-9620-5998c6999257@group-E964BE911FCC-LeaderElection170: Election REJECTED; received 2 response(s) [92ce6e48-4722-407a-9620-5998c6999257<-6cbfae60-ea29-4abc-a49d-ef94f4bd513a#0:FAIL-t180, 92ce6e48-4722-407a-9620-5998c6999257<-66f9d00c-1e97-4252-958c-bed5a531abda#0:FAIL-t180] and 0 exception(s); 92ce6e48-4722-407a-9620-5998c6999257@group-E964BE911FCC:t180, leader=null, voted=92ce6e48-4722-407a-9620-5998c6999257, raftlog=92ce6e48-4722-407a-9620-5998c6999257@group-E964BE911FCC-SegmentedRaftLog:OPENED:c-1,f-1,i0, conf=-1: [6cbfae60-ea29-4abc-a49d-ef94f4bd513a:192.168.69.85:36685, 66f9d00c-1e97-4252-958c-bed5a531abda:192.168.69.85:45996, 92ce6e48-4722-407a-9620-5998c6999257:192.168.69.85:34971], old=null
2019-10-18 14:01:45,698 [92ce6e48-4722-407a-9620-5998c6999257@group-E964BE911FCC-LeaderElection170] INFO  impl.RaftServerImpl (RaftServerImpl.java:setRole(184)) - 92ce6e48-4722-407a-9620-5998c6999257@group-E964BE911FCC: changes role from CANDIDATE to FOLLOWER at term 180 for DISCOVERED_A_NEW_TERM
2019-10-18 14:01:45,698 [92ce6e48-4722-407a-9620-5998c6999257@group-E964BE911FCC-LeaderElection170] INFO  impl.RoleInfo (RoleInfo.java:shutdownLeaderElection(134)) - 92ce6e48-4722-407a-9620-5998c6999257: shutdown LeaderElection
2019-10-18 14:01:45,698 [92ce6e48-4722-407a-9620-5998c6999257@group-E964BE911FCC-LeaderElection170] INFO  impl.RoleInfo (RoleInfo.java:updateAndGet(143)) - 92ce6e48-4722-407a-9620-5998c6999257: start FollowerState
2019-10-18 14:01:45,838 [Thread-1339] INFO  impl.FollowerState (FollowerState.java:run(108)) - 92ce6e48-4722-407a-9620-5998c6999257@group-E964BE911FCC-FollowerState: change to CANDIDATE, lastRpcTime:139ms, electionTimeout:139ms
2019-10-18 14:01:45,838 [Thread-1339] INFO  impl.RoleInfo (RoleInfo.java:shutdownFollowerState(121)) - 92ce6e48-4722-407a-9620-5998c6999257: shutdown FollowerState
2019-10-18 14:01:45,838 [Thread-1339] INFO  impl.RaftServerImpl (RaftServerImpl.java:setRole(184)) - 92ce6e48-4722-407a-9620-5998c6999257@group-E964BE911FCC: changes role from  FOLLOWER to CANDIDATE at term 180 for changeToCandidate
2019-10-18 14:01:45,838 [Thread-1339] INFO  impl.RoleInfo (RoleInfo.java:updateAndGet(143)) - 92ce6e48-4722-407a-9620-5998c6999257: start LeaderElection
2019-10-18 14:01:45,864 [92ce6e48-4722-407a-9620-5998c6999257@group-E964BE911FCC-LeaderElection171] INFO  impl.LeaderElection (LeaderElection.java:askForVotes(178)) - 92ce6e48-4722-407a-9620-5998c6999257@group-E964BE911FCC-LeaderElection171: begin an election at term 181 for -1: [6cbfae60-ea29-4abc-a49d-ef94f4bd513a:192.168.69.85:36685, 66f9d00c-1e97-4252-958c-bed5a531abda:192.168.69.85:45996, 92ce6e48-4722-407a-9620-5998c6999257:192.168.69.85:34971], old=null
2019-10-18 14:01:45,866 [grpc-default-executor-4] INFO  impl.RaftServerImpl (RaftServerImpl.java:setRole(184)) - 6cbfae60-ea29-4abc-a49d-ef94f4bd513a@group-E964BE911FCC: changes role from  FOLLOWER to FOLLOWER at term 181 for recognizeCandidate:92ce6e48-4722-407a-9620-5998c6999257
2019-10-18 14:01:45,866 [grpc-default-executor-4] INFO  impl.RoleInfo (RoleInfo.java:shutdownFollowerState(121)) - 6cbfae60-ea29-4abc-a49d-ef94f4bd513a: shutdown FollowerState
2019-10-18 14:01:45,867 [grpc-default-executor-0] INFO  impl.RaftServerImpl (RaftServerImpl.java:setRole(184)) - 66f9d00c-1e97-4252-958c-bed5a531abda@group-E964BE911FCC: changes role from  FOLLOWER to FOLLOWER at term 181 for recognizeCandidate:92ce6e48-4722-407a-9620-5998c6999257
2019-10-18 14:01:45,867 [grpc-default-executor-0] INFO  impl.RoleInfo (RoleInfo.java:shutdownFollowerState(121)) - 66f9d00c-1e97-4252-958c-bed5a531abda: shutdown FollowerState
2019-10-18 14:01:45,867 [grpc-default-executor-4] INFO  impl.RoleInfo (RoleInfo.java:updateAndGet(143)) - 6cbfae60-ea29-4abc-a49d-ef94f4bd513a: start FollowerState
2019-10-18 14:01:45,867 [Thread-1338] INFO  impl.FollowerState (FollowerState.java:run(117)) - 66f9d00c-1e97-4252-958c-bed5a531abda@group-E964BE911FCC-FollowerState was interrupted: java.lang.InterruptedException: sleep interrupted
2019-10-18 14:01:45,867 [grpc-default-executor-0] INFO  impl.RoleInfo (RoleInfo.java:updateAndGet(143)) - 66f9d00c-1e97-4252-958c-bed5a531abda: start FollowerState
2019-10-18 14:01:45,867 [Thread-1337] INFO  impl.FollowerState (FollowerState.java:run(117)) - 6cbfae60-ea29-4abc-a49d-ef94f4bd513a@group-E964BE911FCC-FollowerState was interrupted: java.lang.InterruptedException: sleep interrupted
2019-10-18 14:01:45,884 [92ce6e48-4722-407a-9620-5998c6999257@group-E964BE911FCC-LeaderElection171] INFO  impl.LeaderElection (LeaderElection.java:logAndReturn(56)) - 92ce6e48-4722-407a-9620-5998c6999257@group-E964BE911FCC-LeaderElection171: Election REJECTED; received 2 response(s) [92ce6e48-4722-407a-9620-5998c6999257<-6cbfae60-ea29-4abc-a49d-ef94f4bd513a#0:FAIL-t181, 92ce6e48-4722-407a-9620-5998c6999257<-66f9d00c-1e97-4252-958c-bed5a531abda#0:FAIL-t181] and 0 exception(s); 92ce6e48-4722-407a-9620-5998c6999257@group-E964BE911FCC:t181, leader=null, voted=92ce6e48-4722-407a-9620-5998c6999257, raftlog=92ce6e48-4722-407a-9620-5998c6999257@group-E964BE911FCC-SegmentedRaftLog:OPENED:c-1,f-1,i0, conf=-1: [6cbfae60-ea29-4abc-a49d-ef94f4bd513a:192.168.69.85:36685, 66f9d00c-1e97-4252-958c-bed5a531abda:192.168.69.85:45996, 92ce6e48-4722-407a-9620-5998c6999257:192.168.69.85:34971], old=null
2019-10-18 14:01:45,884 [92ce6e48-4722-407a-9620-5998c6999257@group-E964BE911FCC-LeaderElection171] INFO  impl.RaftServerImpl (RaftServerImpl.java:setRole(184)) - 92ce6e48-4722-407a-9620-5998c6999257@group-E964BE911FCC: changes role from CANDIDATE to FOLLOWER at term 181 for DISCOVERED_A_NEW_TERM
2019-10-18 14:01:45,884 [92ce6e48-4722-407a-9620-5998c6999257@group-E964BE911FCC-LeaderElection171] INFO  impl.RoleInfo (RoleInfo.java:shutdownLeaderElection(134)) - 92ce6e48-4722-407a-9620-5998c6999257: shutdown LeaderElection
2019-10-18 14:01:45,885 [92ce6e48-4722-407a-9620-5998c6999257@group-E964BE911FCC-LeaderElection171] INFO  impl.RoleInfo (RoleInfo.java:updateAndGet(143)) - 92ce6e48-4722-407a-9620-5998c6999257: start FollowerState
2019-10-18 14:01:45,900 [Thread-1345] INFO  impl.FollowerState (FollowerState.java:run(108)) - 92ce6e48-4722-407a-9620-5998c6999257@group-E964BE911FCC-FollowerState: change to CANDIDATE, lastRpcTime:15ms, electionTimeout:15ms
2019-10-18 14:01:45,900 [Thread-1345] INFO  impl.RoleInfo (RoleInfo.java:shutdownFollowerState(121)) - 92ce6e48-4722-407a-9620-5998c6999257: shutdown FollowerState
2019-10-18 14:01:45,900 [Thread-1345] INFO  impl.RaftServerImpl (RaftServerImpl.java:setRole(184)) - 92ce6e48-4722-407a-9620-5998c6999257@group-E964BE911FCC: changes role from  FOLLOWER to CANDIDATE at term 181 for changeToCandidate
2019-10-18 14:01:45,900 [Thread-1345] INFO  impl.RoleInfo (RoleInfo.java:updateAndGet(143)) - 92ce6e48-4722-407a-9620-5998c6999257: start LeaderElection
2019-10-18 14:01:45,914 [92ce6e48-4722-407a-9620-5998c6999257@group-E964BE911FCC-LeaderElection172] INFO  impl.LeaderElection (LeaderElection.java:askForVotes(178)) - 92ce6e48-4722-407a-9620-5998c6999257@group-E964BE911FCC-LeaderElection172: begin an election at term 182 for -1: [6cbfae60-ea29-4abc-a49d-ef94f4bd513a:192.168.69.85:36685, 66f9d00c-1e97-4252-958c-bed5a531abda:192.168.69.85:45996, 92ce6e48-4722-407a-9620-5998c6999257:192.168.69.85:34971], old=null
2019-10-18 14:01:45,916 [grpc-default-executor-4] INFO  impl.RaftServerImpl (RaftServerImpl.java:setRole(184)) - 6cbfae60-ea29-4abc-a49d-ef94f4bd513a@group-E964BE911FCC: changes role from  FOLLOWER to FOLLOWER at term 182 for recognizeCandidate:92ce6e48-4722-407a-9620-5998c6999257
2019-10-18 14:01:45,917 [grpc-default-executor-4] INFO  impl.RoleInfo (RoleInfo.java:shutdownFollowerState(121)) - 6cbfae60-ea29-4abc-a49d-ef94f4bd513a: shutdown FollowerState
2019-10-18 14:01:45,917 [grpc-default-executor-4] INFO  impl.RoleInfo (RoleInfo.java:updateAndGet(143)) - 6cbfae60-ea29-4abc-a49d-ef94f4bd513a: start FollowerState
2019-10-18 14:01:45,917 [Thread-1343] INFO  impl.FollowerState (FollowerState.java:run(117)) - 6cbfae60-ea29-4abc-a49d-ef94f4bd513a@group-E964BE911FCC-FollowerState was interrupted: java.lang.InterruptedException: sleep interrupted
2019-10-18 14:01:45,917 [grpc-default-executor-0] INFO  impl.RaftServerImpl (RaftServerImpl.java:setRole(184)) - 66f9d00c-1e97-4252-958c-bed5a531abda@group-E964BE911FCC: changes role from  FOLLOWER to FOLLOWER at term 182 for recognizeCandidate:92ce6e48-4722-407a-9620-5998c6999257
2019-10-18 14:01:45,918 [grpc-default-executor-0] INFO  impl.RoleInfo (RoleInfo.java:shutdownFollowerState(121)) - 66f9d00c-1e97-4252-958c-bed5a531abda: shutdown FollowerState
2019-10-18 14:01:45,918 [grpc-default-executor-0] INFO  impl.RoleInfo (RoleInfo.java:updateAndGet(143)) - 66f9d00c-1e97-4252-958c-bed5a531abda: start FollowerState
2019-10-18 14:01:45,918 [Thread-1344] INFO  impl.FollowerState (FollowerState.java:run(117)) - 66f9d00c-1e97-4252-958c-bed5a531abda@group-E964BE911FCC-FollowerState was interrupted: java.lang.InterruptedException: sleep interrupted
2019-10-18 14:01:45,943 [92ce6e48-4722-407a-9620-5998c6999257@group-E964BE911FCC-LeaderElection172] INFO  impl.LeaderElection (LeaderElection.java:logAndReturn(56)) - 92ce6e48-4722-407a-9620-5998c6999257@group-E964BE911FCC-LeaderElection172: Election TIMEOUT; received 0 response(s) [] and 0 exception(s); 92ce6e48-4722-407a-9620-5998c6999257@group-E964BE911FCC:t182, leader=null, voted=92ce6e48-4722-407a-9620-5998c6999257, raftlog=92ce6e48-4722-407a-9620-5998c6999257@group-E964BE911FCC-SegmentedRaftLog:OPENED:c-1,f-1,i0, conf=-1: [6cbfae60-ea29-4abc-a49d-ef94f4bd513a:192.168.69.85:36685, 66f9d00c-1e97-4252-958c-bed5a531abda:192.168.69.85:45996, 92ce6e48-4722-407a-9620-5998c6999257:192.168.69.85:34971], old=null
2019-10-18 14:01:45,956 [92ce6e48-4722-407a-9620-5998c6999257@group-E964BE911FCC-LeaderElection172] INFO  impl.LeaderElection (LeaderElection.java:askForVotes(178)) - 92ce6e48-4722-407a-9620-5998c6999257@group-E964BE911FCC-LeaderElection172: begin an election at term 183 for -1: [6cbfae60-ea29-4abc-a49d-ef94f4bd513a:192.168.69.85:36685, 66f9d00c-1e97-4252-958c-bed5a531abda:192.168.69.85:45996, 92ce6e48-4722-407a-9620-5998c6999257:192.168.69.85:34971], old=null
2019-10-18 14:01:45,958 [grpc-default-executor-4] INFO  impl.RaftServerImpl (RaftServerImpl.java:setRole(184)) - 6cbfae60-ea29-4abc-a49d-ef94f4bd513a@group-E964BE911FCC: changes role from  FOLLOWER to FOLLOWER at term 183 for recognizeCandidate:92ce6e48-4722-407a-9620-5998c6999257
2019-10-18 14:01:45,958 [grpc-default-executor-0] INFO  impl.RaftServerImpl (RaftServerImpl.java:setRole(184)) - 66f9d00c-1e97-4252-958c-bed5a531abda@group-E964BE911FCC: changes role from  FOLLOWER to FOLLOWER at term 183 for recognizeCandidate:92ce6e48-4722-407a-9620-5998c6999257
2019-10-18 14:01:45,958 [grpc-default-executor-0] INFO  impl.RoleInfo (RoleInfo.java:shutdownFollowerState(121)) - 66f9d00c-1e97-4252-958c-bed5a531abda: shutdown FollowerState
2019-10-18 14:01:45,958 [grpc-default-executor-4] INFO  impl.RoleInfo (RoleInfo.java:shutdownFollowerState(121)) - 6cbfae60-ea29-4abc-a49d-ef94f4bd513a: shutdown FollowerState
2019-10-18 14:01:45,958 [Thread-1350] INFO  impl.FollowerState (FollowerState.java:run(117)) - 66f9d00c-1e97-4252-958c-bed5a531abda@group-E964BE911FCC-FollowerState was interrupted: java.lang.InterruptedException: sleep interrupted
2019-10-18 14:01:45,958 [grpc-default-executor-0] INFO  impl.RoleInfo (RoleInfo.java:updateAndGet(143)) - 66f9d00c-1e97-4252-958c-bed5a531abda: start FollowerState
2019-10-18 14:01:45,958 [Thread-1349] INFO  impl.FollowerState (FollowerState.java:run(117)) - 6cbfae60-ea29-4abc-a49d-ef94f4bd513a@group-E964BE911FCC-FollowerState was interrupted: java.lang.InterruptedException: sleep interrupted
2019-10-18 14:01:45,958 [grpc-default-executor-4] INFO  impl.RoleInfo (RoleInfo.java:updateAndGet(143)) - 6cbfae60-ea29-4abc-a49d-ef94f4bd513a: start FollowerState
2019-10-18 14:01:45,973 [92ce6e48-4722-407a-9620-5998c6999257@group-E964BE911FCC-LeaderElection172] INFO  impl.LeaderElection (LeaderElection.java:logAndReturn(56)) - 92ce6e48-4722-407a-9620-5998c6999257@group-E964BE911FCC-LeaderElection172: Election REJECTED; received 2 response(s) [92ce6e48-4722-407a-9620-5998c6999257<-6cbfae60-ea29-4abc-a49d-ef94f4bd513a#0:FAIL-t183, 92ce6e48-4722-407a-9620-5998c6999257<-66f9d00c-1e97-4252-958c-bed5a531abda#0:FAIL-t183] and 0 exception(s); 92ce6e48-4722-407a-9620-5998c6999257@group-E964BE911FCC:t183, leader=null, voted=92ce6e48-4722-407a-9620-5998c6999257, raftlog=92ce6e48-4722-407a-9620-5998c6999257@group-E964BE911FCC-SegmentedRaftLog:OPENED:c-1,f-1,i0, conf=-1: [6cbfae60-ea29-4abc-a49d-ef94f4bd513a:192.168.69.85:36685, 66f9d00c-1e97-4252-958c-bed5a531abda:192.168.69.85:45996, 92ce6e48-4722-407a-9620-5998c6999257:192.168.69.85:34971], old=null
2019-10-18 14:01:45,973 [92ce6e48-4722-407a-9620-5998c6999257@group-E964BE911FCC-LeaderElection172] INFO  impl.RaftServerImpl (RaftServerImpl.java:setRole(184)) - 92ce6e48-4722-407a-9620-5998c6999257@group-E964BE911FCC: changes role from CANDIDATE to FOLLOWER at term 183 for DISCOVERED_A_NEW_TERM
2019-10-18 14:01:45,973 [92ce6e48-4722-407a-9620-5998c6999257@group-E964BE911FCC-LeaderElection172] INFO  impl.RoleInfo (RoleInfo.java:shutdownLeaderElection(134)) - 92ce6e48-4722-407a-9620-5998c6999257: shutdown LeaderElection
2019-10-18 14:01:45,973 [92ce6e48-4722-407a-9620-5998c6999257@group-E964BE911FCC-LeaderElection172] INFO  impl.RoleInfo (RoleInfo.java:updateAndGet(143)) - 92ce6e48-4722-407a-9620-5998c6999257: start FollowerState
2019-10-18 14:01:46,125 [Thread-1355] INFO  impl.FollowerState (FollowerState.java:run(108)) - 92ce6e48-4722-407a-9620-5998c6999257@group-E964BE911FCC-FollowerState: change to CANDIDATE, lastRpcTime:152ms, electionTimeout:152ms
2019-10-18 14:01:46,126 [Thread-1355] INFO  impl.RoleInfo (RoleInfo.java:shutdownFollowerState(121)) - 92ce6e48-4722-407a-9620-5998c6999257: shutdown FollowerState
2019-10-18 14:01:46,126 [Thread-1355] INFO  impl.RaftServerImpl (RaftServerImpl.java:setRole(184)) - 92ce6e48-4722-407a-9620-5998c6999257@group-E964BE911FCC: changes role from  FOLLOWER to CANDIDATE at term 183 for changeToCandidate
2019-10-18 14:01:46,126 [Thread-1355] INFO  impl.RoleInfo (RoleInfo.java:updateAndGet(143)) - 92ce6e48-4722-407a-9620-5998c6999257: start LeaderElection
2019-10-18 14:01:46,140 [92ce6e48-4722-407a-9620-5998c6999257@group-E964BE911FCC-LeaderElection173] INFO  impl.LeaderElection (LeaderElection.java:askForVotes(178)) - 92ce6e48-4722-407a-9620-5998c6999257@group-E964BE911FCC-LeaderElection173: begin an election at term 184 for -1: [6cbfae60-ea29-4abc-a49d-ef94f4bd513a:192.168.69.85:36685, 66f9d00c-1e97-4252-958c-bed5a531abda:192.168.69.85:45996, 92ce6e48-4722-407a-9620-5998c6999257:192.168.69.85:34971], old=null
2019-10-18 14:01:46,142 [grpc-default-executor-0] INFO  impl.RaftServerImpl (RaftServerImpl.java:setRole(184)) - 66f9d00c-1e97-4252-958c-bed5a531abda@group-E964BE911FCC: changes role from  FOLLOWER to FOLLOWER at term 184 for recognizeCandidate:92ce6e48-4722-407a-9620-5998c6999257
2019-10-18 14:01:46,142 [grpc-default-executor-0] INFO  impl.RoleInfo (RoleInfo.java:shutdownFollowerState(121)) - 66f9d00c-1e97-4252-958c-bed5a531abda: shutdown FollowerState
2019-10-18 14:01:46,142 [grpc-default-executor-4] INFO  impl.RaftServerImpl (RaftServerImpl.java:setRole(184)) - 6cbfae60-ea29-4abc-a49d-ef94f4bd513a@group-E964BE911FCC: changes role from  FOLLOWER to FOLLOWER at term 184 for recognizeCandidate:92ce6e48-4722-407a-9620-5998c6999257
2019-10-18 14:01:46,142 [Thread-1353] INFO  impl.FollowerState (FollowerState.java:run(117)) - 66f9d00c-1e97-4252-958c-bed5a531abda@group-E964BE911FCC-FollowerState was interrupted: java.lang.InterruptedException: sleep interrupted
2019-10-18 14:01:46,142 [grpc-default-executor-0] INFO  impl.RoleInfo (RoleInfo.java:updateAndGet(143)) - 66f9d00c-1e97-4252-958c-bed5a531abda: start FollowerState
2019-10-18 14:01:46,142 [grpc-default-executor-4] INFO  impl.RoleInfo (RoleInfo.java:shutdownFollowerState(121)) - 6cbfae60-ea29-4abc-a49d-ef94f4bd513a: shutdown FollowerState
2019-10-18 14:01:46,143 [grpc-default-executor-4] INFO  impl.RoleInfo (RoleInfo.java:updateAndGet(143)) - 6cbfae60-ea29-4abc-a49d-ef94f4bd513a: start FollowerState
2019-10-18 14:01:46,143 [Thread-1354] INFO  impl.FollowerState (FollowerState.java:run(117)) - 6cbfae60-ea29-4abc-a49d-ef94f4bd513a@group-E964BE911FCC-FollowerState was interrupted: java.lang.InterruptedException: sleep interrupted
2019-10-18 14:01:46,157 [92ce6e48-4722-407a-9620-5998c6999257@group-E964BE911FCC-LeaderElection173] INFO  impl.LeaderElection (LeaderElection.java:logAndReturn(56)) - 92ce6e48-4722-407a-9620-5998c6999257@group-E964BE911FCC-LeaderElection173: Election REJECTED; received 2 response(s) [92ce6e48-4722-407a-9620-5998c6999257<-6cbfae60-ea29-4abc-a49d-ef94f4bd513a#0:FAIL-t184, 92ce6e48-4722-407a-9620-5998c6999257<-66f9d00c-1e97-4252-958c-bed5a531abda#0:FAIL-t184] and 0 exception(s); 92ce6e48-4722-407a-9620-5998c6999257@group-E964BE911FCC:t184, leader=null, voted=92ce6e48-4722-407a-9620-5998c6999257, raftlog=92ce6e48-4722-407a-9620-5998c6999257@group-E964BE911FCC-SegmentedRaftLog:OPENED:c-1,f-1,i0, conf=-1: [6cbfae60-ea29-4abc-a49d-ef94f4bd513a:192.168.69.85:36685, 66f9d00c-1e97-4252-958c-bed5a531abda:192.168.69.85:45996, 92ce6e48-4722-407a-9620-5998c6999257:192.168.69.85:34971], old=null
2019-10-18 14:01:46,158 [92ce6e48-4722-407a-9620-5998c6999257@group-E964BE911FCC-LeaderElection173] INFO  impl.RaftServerImpl (RaftServerImpl.java:setRole(184)) - 92ce6e48-4722-407a-9620-5998c6999257@group-E964BE911FCC: changes role from CANDIDATE to FOLLOWER at term 184 for DISCOVERED_A_NEW_TERM
2019-10-18 14:01:46,158 [92ce6e48-4722-407a-9620-5998c6999257@group-E964BE911FCC-LeaderElection173] INFO  impl.RoleInfo (RoleInfo.java:shutdownLeaderElection(134)) - 92ce6e48-4722-407a-9620-5998c6999257: shutdown LeaderElection
2019-10-18 14:01:46,158 [92ce6e48-4722-407a-9620-5998c6999257@group-E964BE911FCC-LeaderElection173] INFO  impl.RoleInfo (RoleInfo.java:updateAndGet(143)) - 92ce6e48-4722-407a-9620-5998c6999257: start FollowerState
2019-10-18 14:01:46,200 [Thread-1361] INFO  impl.FollowerState (FollowerState.java:run(108)) - 92ce6e48-4722-407a-9620-5998c6999257@group-E964BE911FCC-FollowerState: change to CANDIDATE, lastRpcTime:42ms, electionTimeout:42ms
2019-10-18 14:01:46,200 [Thread-1361] INFO  impl.RoleInfo (RoleInfo.java:shutdownFollowerState(121)) - 92ce6e48-4722-407a-9620-5998c6999257: shutdown FollowerState
2019-10-18 14:01:46,200 [Thread-1361] INFO  impl.RaftServerImpl (RaftServerImpl.java:setRole(184)) - 92ce6e48-4722-407a-9620-5998c6999257@group-E964BE911FCC: changes role from  FOLLOWER to CANDIDATE at term 184 for changeToCandidate
2019-10-18 14:01:46,201 [Thread-1361] INFO  impl.RoleInfo (RoleInfo.java:updateAndGet(143)) - 92ce6e48-4722-407a-9620-5998c6999257: start LeaderElection
2019-10-18 14:01:46,214 [92ce6e48-4722-407a-9620-5998c6999257@group-E964BE911FCC-LeaderElection174] INFO  impl.LeaderElection (LeaderElection.java:askForVotes(178)) - 92ce6e48-4722-407a-9620-5998c6999257@group-E964BE911FCC-LeaderElection174: begin an election at term 185 for -1: [6cbfae60-ea29-4abc-a49d-ef94f4bd513a:192.168.69.85:36685, 66f9d00c-1e97-4252-958c-bed5a531abda:192.168.69.85:45996, 92ce6e48-4722-407a-9620-5998c6999257:192.168.69.85:34971], old=null
2019-10-18 14:01:46,216 [grpc-default-executor-4] INFO  impl.RaftServerImpl (RaftServerImpl.java:setRole(184)) - 66f9d00c-1e97-4252-958c-bed5a531abda@group-E964BE911FCC: changes role from  FOLLOWER to FOLLOWER at term 185 for recognizeCandidate:92ce6e48-4722-407a-9620-5998c6999257
2019-10-18 14:01:46,216 [grpc-default-executor-0] INFO  impl.RaftServerImpl (RaftServerImpl.java:setRole(184)) - 6cbfae60-ea29-4abc-a49d-ef94f4bd513a@group-E964BE911FCC: changes role from  FOLLOWER to FOLLOWER at term 185 for recognizeCandidate:92ce6e48-4722-407a-9620-5998c6999257
2019-10-18 14:01:46,216 [grpc-default-executor-4] INFO  impl.RoleInfo (RoleInfo.java:shutdownFollowerState(121)) - 66f9d00c-1e97-4252-958c-bed5a531abda: shutdown FollowerState
2019-10-18 14:01:46,216 [grpc-default-executor-0] INFO  impl.RoleInfo (RoleInfo.java:shutdownFollowerState(121)) - 6cbfae60-ea29-4abc-a49d-ef94f4bd513a: shutdown FollowerState
2019-10-18 14:01:46,217 [Thread-1359] INFO  impl.FollowerState (FollowerState.java:run(117)) - 66f9d00c-1e97-4252-958c-bed5a531abda@group-E964BE911FCC-FollowerState was interrupted: java.lang.InterruptedException: sleep interrupted
2019-10-18 14:01:46,217 [Thread-1360] INFO  impl.FollowerState (FollowerState.java:run(117)) - 6cbfae60-ea29-4abc-a49d-ef94f4bd513a@group-E964BE911FCC-FollowerState was interrupted: java.lang.InterruptedException: sleep interrupted
2019-10-18 14:01:46,217 [grpc-default-executor-4] INFO  impl.RoleInfo (RoleInfo.java:updateAndGet(143)) - 66f9d00c-1e97-4252-958c-bed5a531abda: start FollowerState
2019-10-18 14:01:46,217 [grpc-default-executor-0] INFO  impl.RoleInfo (RoleInfo.java:updateAndGet(143)) - 6cbfae60-ea29-4abc-a49d-ef94f4bd513a: start FollowerState
2019-10-18 14:01:46,242 [92ce6e48-4722-407a-9620-5998c6999257@group-E964BE911FCC-LeaderElection174] INFO  impl.LeaderElection (LeaderElection.java:logAndReturn(56)) - 92ce6e48-4722-407a-9620-5998c6999257@group-E964BE911FCC-LeaderElection174: Election REJECTED; received 2 response(s) [92ce6e48-4722-407a-9620-5998c6999257<-6cbfae60-ea29-4abc-a49d-ef94f4bd513a#0:FAIL-t185, 92ce6e48-4722-407a-9620-5998c6999257<-66f9d00c-1e97-4252-958c-bed5a531abda#0:FAIL-t185] and 0 exception(s); 92ce6e48-4722-407a-9620-5998c6999257@group-E964BE911FCC:t185, leader=null, voted=92ce6e48-4722-407a-9620-5998c6999257, raftlog=92ce6e48-4722-407a-9620-5998c6999257@group-E964BE911FCC-SegmentedRaftLog:OPENED:c-1,f-1,i0, conf=-1: [6cbfae60-ea29-4abc-a49d-ef94f4bd513a:192.168.69.85:36685, 66f9d00c-1e97-4252-958c-bed5a531abda:192.168.69.85:45996, 92ce6e48-4722-407a-9620-5998c6999257:192.168.69.85:34971], old=null
2019-10-18 14:01:46,242 [92ce6e48-4722-407a-9620-5998c6999257@group-E964BE911FCC-LeaderElection174] INFO  impl.RaftServerImpl (RaftServerImpl.java:setRole(184)) - 92ce6e48-4722-407a-9620-5998c6999257@group-E964BE911FCC: changes role from CANDIDATE to FOLLOWER at term 185 for DISCOVERED_A_NEW_TERM
2019-10-18 14:01:46,242 [92ce6e48-4722-407a-9620-5998c6999257@group-E964BE911FCC-LeaderElection174] INFO  impl.RoleInfo (RoleInfo.java:shutdownLeaderElection(134)) - 92ce6e48-4722-407a-9620-5998c6999257: shutdown LeaderElection
2019-10-18 14:01:46,243 [92ce6e48-4722-407a-9620-5998c6999257@group-E964BE911FCC-LeaderElection174] INFO  impl.RoleInfo (RoleInfo.java:updateAndGet(143)) - 92ce6e48-4722-407a-9620-5998c6999257: start FollowerState
2019-10-18 14:01:46,365 [Thread-1369] INFO  impl.FollowerState (FollowerState.java:run(108)) - 92ce6e48-4722-407a-9620-5998c6999257@group-E964BE911FCC-FollowerState: change to CANDIDATE, lastRpcTime:122ms, electionTimeout:122ms
2019-10-18 14:01:46,365 [Thread-1369] INFO  impl.RoleInfo (RoleInfo.java:shutdownFollowerState(121)) - 92ce6e48-4722-407a-9620-5998c6999257: shutdown FollowerState
2019-10-18 14:01:46,365 [Thread-1369] INFO  impl.RaftServerImpl (RaftServerImpl.java:setRole(184)) - 92ce6e48-4722-407a-9620-5998c6999257@group-E964BE911FCC: changes role from  FOLLOWER to CANDIDATE at term 185 for changeToCandidate
2019-10-18 14:01:46,366 [Thread-1369] INFO  impl.RoleInfo (RoleInfo.java:updateAndGet(143)) - 92ce6e48-4722-407a-9620-5998c6999257: start LeaderElection
2019-10-18 14:01:46,379 [92ce6e48-4722-407a-9620-5998c6999257@group-E964BE911FCC-LeaderElection175] INFO  impl.LeaderElection (LeaderElection.java:askForVotes(178)) - 92ce6e48-4722-407a-9620-5998c6999257@group-E964BE911FCC-LeaderElection175: begin an election at term 186 for -1: [6cbfae60-ea29-4abc-a49d-ef94f4bd513a:192.168.69.85:36685, 66f9d00c-1e97-4252-958c-bed5a531abda:192.168.69.85:45996, 92ce6e48-4722-407a-9620-5998c6999257:192.168.69.85:34971], old=null
2019-10-18 14:01:46,382 [grpc-default-executor-4] INFO  impl.RaftServerImpl (RaftServerImpl.java:setRole(184)) - 6cbfae60-ea29-4abc-a49d-ef94f4bd513a@group-E964BE911FCC: changes role from  FOLLOWER to FOLLOWER at term 186 for recognizeCandidate:92ce6e48-4722-407a-9620-5998c6999257
2019-10-18 14:01:46,382 [grpc-default-executor-4] INFO  impl.RoleInfo (RoleInfo.java:shutdownFollowerState(121)) - 6cbfae60-ea29-4abc-a49d-ef94f4bd513a: shutdown FollowerState
2019-10-18 14:01:46,382 [grpc-default-executor-4] INFO  impl.RoleInfo (RoleInfo.java:updateAndGet(143)) - 6cbfae60-ea29-4abc-a49d-ef94f4bd513a: start FollowerState
2019-10-18 14:01:46,382 [Thread-1368] INFO  impl.FollowerState (FollowerState.java:run(117)) - 6cbfae60-ea29-4abc-a49d-ef94f4bd513a@group-E964BE911FCC-FollowerState was interrupted: java.lang.InterruptedException: sleep interrupted
2019-10-18 14:01:46,383 [grpc-default-executor-0] INFO  impl.RaftServerImpl (RaftServerImpl.java:setRole(184)) - 66f9d00c-1e97-4252-958c-bed5a531abda@group-E964BE911FCC: changes role from  FOLLOWER to FOLLOWER at term 186 for recognizeCandidate:92ce6e48-4722-407a-9620-5998c6999257
2019-10-18 14:01:46,383 [grpc-default-executor-0] INFO  impl.RoleInfo (RoleInfo.java:shutdownFollowerState(121)) - 66f9d00c-1e97-4252-958c-bed5a531abda: shutdown FollowerState
2019-10-18 14:01:46,383 [grpc-default-executor-0] INFO  impl.RoleInfo (RoleInfo.java:updateAndGet(143)) - 66f9d00c-1e97-4252-958c-bed5a531abda: start FollowerState
2019-10-18 14:01:46,383 [Thread-1367] INFO  impl.FollowerState (FollowerState.java:run(117)) - 66f9d00c-1e97-4252-958c-bed5a531abda@group-E964BE911FCC-FollowerState was interrupted: java.lang.InterruptedException: sleep interrupted
2019-10-18 14:01:46,395 [92ce6e48-4722-407a-9620-5998c6999257@group-E964BE911FCC-LeaderElection175] INFO  impl.LeaderElection (LeaderElection.java:logAndReturn(56)) - 92ce6e48-4722-407a-9620-5998c6999257@group-E964BE911FCC-LeaderElection175: Election REJECTED; received 2 response(s) [92ce6e48-4722-407a-9620-5998c6999257<-6cbfae60-ea29-4abc-a49d-ef94f4bd513a#0:FAIL-t186, 92ce6e48-4722-407a-9620-5998c6999257<-66f9d00c-1e97-4252-958c-bed5a531abda#0:FAIL-t186] and 0 exception(s); 92ce6e48-4722-407a-9620-5998c6999257@group-E964BE911FCC:t186, leader=null, voted=92ce6e48-4722-407a-9620-5998c6999257, raftlog=92ce6e48-4722-407a-9620-5998c6999257@group-E964BE911FCC-SegmentedRaftLog:OPENED:c-1,f-1,i0, conf=-1: [6cbfae60-ea29-4abc-a49d-ef94f4bd513a:192.168.69.85:36685, 66f9d00c-1e97-4252-958c-bed5a531abda:192.168.69.85:45996, 92ce6e48-4722-407a-9620-5998c6999257:192.168.69.85:34971], old=null
2019-10-18 14:01:46,396 [92ce6e48-4722-407a-9620-5998c6999257@group-E964BE911FCC-LeaderElection175] INFO  impl.RaftServerImpl (RaftServerImpl.java:setRole(184)) - 92ce6e48-4722-407a-9620-5998c6999257@group-E964BE911FCC: changes role from CANDIDATE to FOLLOWER at term 186 for DISCOVERED_A_NEW_TERM
2019-10-18 14:01:46,396 [92ce6e48-4722-407a-9620-5998c6999257@group-E964BE911FCC-LeaderElection175] INFO  impl.RoleInfo (RoleInfo.java:shutdownLeaderElection(134)) - 92ce6e48-4722-407a-9620-5998c6999257: shutdown LeaderElection
2019-10-18 14:01:46,396 [92ce6e48-4722-407a-9620-5998c6999257@group-E964BE911FCC-LeaderElection175] INFO  impl.RoleInfo (RoleInfo.java:updateAndGet(143)) - 92ce6e48-4722-407a-9620-5998c6999257: start FollowerState
2019-10-18 14:01:46,570 [Thread-1375] INFO  impl.FollowerState (FollowerState.java:run(108)) - 92ce6e48-4722-407a-9620-5998c6999257@group-E964BE911FCC-FollowerState: change to CANDIDATE, lastRpcTime:174ms, electionTimeout:174ms
2019-10-18 14:01:46,570 [Thread-1375] INFO  impl.RoleInfo (RoleInfo.java:shutdownFollowerState(121)) - 92ce6e48-4722-407a-9620-5998c6999257: shutdown FollowerState
2019-10-18 14:01:46,571 [Thread-1375] INFO  impl.RaftServerImpl (RaftServerImpl.java:setRole(184)) - 92ce6e48-4722-407a-9620-5998c6999257@group-E964BE911FCC: changes role from  FOLLOWER to CANDIDATE at term 186 for changeToCandidate
2019-10-18 14:01:46,571 [Thread-1375] INFO  impl.RoleInfo (RoleInfo.java:updateAndGet(143)) - 92ce6e48-4722-407a-9620-5998c6999257: start LeaderElection
2019-10-18 14:01:46,585 [92ce6e48-4722-407a-9620-5998c6999257@group-E964BE911FCC-LeaderElection176] INFO  impl.LeaderElection (LeaderElection.java:askForVotes(178)) - 92ce6e48-4722-407a-9620-5998c6999257@group-E964BE911FCC-LeaderElection176: begin an election at term 187 for -1: [6cbfae60-ea29-4abc-a49d-ef94f4bd513a:192.168.69.85:36685, 66f9d00c-1e97-4252-958c-bed5a531abda:192.168.69.85:45996, 92ce6e48-4722-407a-9620-5998c6999257:192.168.69.85:34971], old=null
2019-10-18 14:01:46,588 [grpc-default-executor-4] INFO  impl.RaftServerImpl (RaftServerImpl.java:setRole(184)) - 6cbfae60-ea29-4abc-a49d-ef94f4bd513a@group-E964BE911FCC: changes role from  FOLLOWER to FOLLOWER at term 187 for recognizeCandidate:92ce6e48-4722-407a-9620-5998c6999257
2019-10-18 14:01:46,588 [grpc-default-executor-4] INFO  impl.RoleInfo (RoleInfo.java:shutdownFollowerState(121)) - 6cbfae60-ea29-4abc-a49d-ef94f4bd513a: shutdown FollowerState
2019-10-18 14:01:46,588 [grpc-default-executor-0] INFO  impl.RaftServerImpl (RaftServerImpl.java:setRole(184)) - 66f9d00c-1e97-4252-958c-bed5a531abda@group-E964BE911FCC: changes role from  FOLLOWER to FOLLOWER at term 187 for recognizeCandidate:92ce6e48-4722-407a-9620-5998c6999257
2019-10-18 14:01:46,588 [grpc-default-executor-0] INFO  impl.RoleInfo (RoleInfo.java:shutdownFollowerState(121)) - 66f9d00c-1e97-4252-958c-bed5a531abda: shutdown FollowerState
2019-10-18 14:01:46,588 [Thread-1373] INFO  impl.FollowerState (FollowerState.java:run(117)) - 6cbfae60-ea29-4abc-a49d-ef94f4bd513a@group-E964BE911FCC-FollowerState was interrupted: java.lang.InterruptedException: sleep interrupted
2019-10-18 14:01:46,588 [grpc-default-executor-4] INFO  impl.RoleInfo (RoleInfo.java:updateAndGet(143)) - 6cbfae60-ea29-4abc-a49d-ef94f4bd513a: start FollowerState
2019-10-18 14:01:46,589 [Thread-1374] INFO  impl.FollowerState (FollowerState.java:run(117)) - 66f9d00c-1e97-4252-958c-bed5a531abda@group-E964BE911FCC-FollowerState was interrupted: java.lang.InterruptedException: sleep interrupted
2019-10-18 14:01:46,589 [grpc-default-executor-0] INFO  impl.RoleInfo (RoleInfo.java:updateAndGet(143)) - 66f9d00c-1e97-4252-958c-bed5a531abda: start FollowerState
2019-10-18 14:01:46,605 [92ce6e48-4722-407a-9620-5998c6999257@group-E964BE911FCC-LeaderElection176] INFO  impl.LeaderElection (LeaderElection.java:logAndReturn(56)) - 92ce6e48-4722-407a-9620-5998c6999257@group-E964BE911FCC-LeaderElection176: Election REJECTED; received 2 response(s) [92ce6e48-4722-407a-9620-5998c6999257<-6cbfae60-ea29-4abc-a49d-ef94f4bd513a#0:FAIL-t187, 92ce6e48-4722-407a-9620-5998c6999257<-66f9d00c-1e97-4252-958c-bed5a531abda#0:FAIL-t187] and 0 exception(s); 92ce6e48-4722-407a-9620-5998c6999257@group-E964BE911FCC:t187, leader=null, voted=92ce6e48-4722-407a-9620-5998c6999257, raftlog=92ce6e48-4722-407a-9620-5998c6999257@group-E964BE911FCC-SegmentedRaftLog:OPENED:c-1,f-1,i0, conf=-1: [6cbfae60-ea29-4abc-a49d-ef94f4bd513a:192.168.69.85:36685, 66f9d00c-1e97-4252-958c-bed5a531abda:192.168.69.85:45996, 92ce6e48-4722-407a-9620-5998c6999257:192.168.69.85:34971], old=null
2019-10-18 14:01:46,605 [92ce6e48-4722-407a-9620-5998c6999257@group-E964BE911FCC-LeaderElection176] INFO  impl.RaftServerImpl (RaftServerImpl.java:setRole(184)) - 92ce6e48-4722-407a-9620-5998c6999257@group-E964BE911FCC: changes role from CANDIDATE to FOLLOWER at term 187 for DISCOVERED_A_NEW_TERM
2019-10-18 14:01:46,605 [92ce6e48-4722-407a-9620-5998c6999257@group-E964BE911FCC-LeaderElection176] INFO  impl.RoleInfo (RoleInfo.java:shutdownLeaderElection(134)) - 92ce6e48-4722-407a-9620-5998c6999257: shutdown LeaderElection
2019-10-18 14:01:46,605 [92ce6e48-4722-407a-9620-5998c6999257@group-E964BE911FCC-LeaderElection176] INFO  impl.RoleInfo (RoleInfo.java:updateAndGet(143)) - 92ce6e48-4722-407a-9620-5998c6999257: start FollowerState
2019-10-18 14:01:46,661 [Thread-1381] INFO  impl.FollowerState (FollowerState.java:run(108)) - 92ce6e48-4722-407a-9620-5998c6999257@group-E964BE911FCC-FollowerState: change to CANDIDATE, lastRpcTime:55ms, electionTimeout:52ms
2019-10-18 14:01:46,664 [Thread-1381] INFO  impl.RoleInfo (RoleInfo.java:shutdownFollowerState(121)) - 92ce6e48-4722-407a-9620-5998c6999257: shutdown FollowerState
2019-10-18 14:01:46,664 [Thread-1381] INFO  impl.RaftServerImpl (RaftServerImpl.java:setRole(184)) - 92ce6e48-4722-407a-9620-5998c6999257@group-E964BE911FCC: changes role from  FOLLOWER to CANDIDATE at term 187 for changeToCandidate
2019-10-18 14:01:46,664 [Thread-1381] INFO  impl.RoleInfo (RoleInfo.java:updateAndGet(143)) - 92ce6e48-4722-407a-9620-5998c6999257: start LeaderElection
2019-10-18 14:01:46,692 [92ce6e48-4722-407a-9620-5998c6999257@group-E964BE911FCC-LeaderElection177] INFO  impl.LeaderElection (LeaderElection.java:askForVotes(178)) - 92ce6e48-4722-407a-9620-5998c6999257@group-E964BE911FCC-LeaderElection177: begin an election at term 188 for -1: [6cbfae60-ea29-4abc-a49d-ef94f4bd513a:192.168.69.85:36685, 66f9d00c-1e97-4252-958c-bed5a531abda:192.168.69.85:45996, 92ce6e48-4722-407a-9620-5998c6999257:192.168.69.85:34971], old=null
2019-10-18 14:01:46,695 [grpc-default-executor-0] INFO  impl.RaftServerImpl (RaftServerImpl.java:setRole(184)) - 6cbfae60-ea29-4abc-a49d-ef94f4bd513a@group-E964BE911FCC: changes role from  FOLLOWER to FOLLOWER at term 188 for recognizeCandidate:92ce6e48-4722-407a-9620-5998c6999257
2019-10-18 14:01:46,695 [grpc-default-executor-4] INFO  impl.RaftServerImpl (RaftServerImpl.java:setRole(184)) - 66f9d00c-1e97-4252-958c-bed5a531abda@group-E964BE911FCC: changes role from  FOLLOWER to FOLLOWER at term 188 for recognizeCandidate:92ce6e48-4722-407a-9620-5998c6999257
2019-10-18 14:01:46,695 [grpc-default-executor-4] INFO  impl.RoleInfo (RoleInfo.java:shutdownFollowerState(121)) - 66f9d00c-1e97-4252-958c-bed5a531abda: shutdown FollowerState
2019-10-18 14:01:46,695 [grpc-default-executor-0] INFO  impl.RoleInfo (RoleInfo.java:shutdownFollowerState(121)) - 6cbfae60-ea29-4abc-a49d-ef94f4bd513a: shutdown FollowerState
2019-10-18 14:01:46,696 [Thread-1380] INFO  impl.FollowerState (FollowerState.java:run(117)) - 66f9d00c-1e97-4252-958c-bed5a531abda@group-E964BE911FCC-FollowerState was interrupted: java.lang.InterruptedException: sleep interrupted
2019-10-18 14:01:46,695 [grpc-default-executor-4] INFO  impl.RoleInfo (RoleInfo.java:updateAndGet(143)) - 66f9d00c-1e97-4252-958c-bed5a531abda: start FollowerState
2019-10-18 14:01:46,696 [Thread-1379] INFO  impl.FollowerState (FollowerState.java:run(117)) - 6cbfae60-ea29-4abc-a49d-ef94f4bd513a@group-E964BE911FCC-FollowerState was interrupted: java.lang.InterruptedException: sleep interrupted
2019-10-18 14:01:46,696 [grpc-default-executor-0] INFO  impl.RoleInfo (RoleInfo.java:updateAndGet(143)) - 6cbfae60-ea29-4abc-a49d-ef94f4bd513a: start FollowerState
2019-10-18 14:01:46,710 [92ce6e48-4722-407a-9620-5998c6999257@group-E964BE911FCC-LeaderElection177] INFO  impl.LeaderElection (LeaderElection.java:logAndReturn(56)) - 92ce6e48-4722-407a-9620-5998c6999257@group-E964BE911FCC-LeaderElection177: Election REJECTED; received 2 response(s) [92ce6e48-4722-407a-9620-5998c6999257<-6cbfae60-ea29-4abc-a49d-ef94f4bd513a#0:FAIL-t188, 92ce6e48-4722-407a-9620-5998c6999257<-66f9d00c-1e97-4252-958c-bed5a531abda#0:FAIL-t188] and 0 exception(s); 92ce6e48-4722-407a-9620-5998c6999257@group-E964BE911FCC:t188, leader=null, voted=92ce6e48-4722-407a-9620-5998c6999257, raftlog=92ce6e48-4722-407a-9620-5998c6999257@group-E964BE911FCC-SegmentedRaftLog:OPENED:c-1,f-1,i0, conf=-1: [6cbfae60-ea29-4abc-a49d-ef94f4bd513a:192.168.69.85:36685, 66f9d00c-1e97-4252-958c-bed5a531abda:192.168.69.85:45996, 92ce6e48-4722-407a-9620-5998c6999257:192.168.69.85:34971], old=null
2019-10-18 14:01:46,711 [92ce6e48-4722-407a-9620-5998c6999257@group-E964BE911FCC-LeaderElection177] INFO  impl.RaftServerImpl (RaftServerImpl.java:setRole(184)) - 92ce6e48-4722-407a-9620-5998c6999257@group-E964BE911FCC: changes role from CANDIDATE to FOLLOWER at term 188 for DISCOVERED_A_NEW_TERM
2019-10-18 14:01:46,711 [92ce6e48-4722-407a-9620-5998c6999257@group-E964BE911FCC-LeaderElection177] INFO  impl.RoleInfo (RoleInfo.java:shutdownLeaderElection(134)) - 92ce6e48-4722-407a-9620-5998c6999257: shutdown LeaderElection
2019-10-18 14:01:46,711 [92ce6e48-4722-407a-9620-5998c6999257@group-E964BE911FCC-LeaderElection177] INFO  impl.RoleInfo (RoleInfo.java:updateAndGet(143)) - 92ce6e48-4722-407a-9620-5998c6999257: start FollowerState
2019-10-18 14:01:46,773 [Thread-1387] INFO  impl.FollowerState (FollowerState.java:run(108)) - 92ce6e48-4722-407a-9620-5998c6999257@group-E964BE911FCC-FollowerState: change to CANDIDATE, lastRpcTime:62ms, electionTimeout:62ms
2019-10-18 14:01:46,773 [Thread-1387] INFO  impl.RoleInfo (RoleInfo.java:shutdownFollowerState(121)) - 92ce6e48-4722-407a-9620-5998c6999257: shutdown FollowerState
2019-10-18 14:01:46,774 [Thread-1387] INFO  impl.RaftServerImpl (RaftServerImpl.java:setRole(184)) - 92ce6e48-4722-407a-9620-5998c6999257@group-E964BE911FCC: changes role from  FOLLOWER to CANDIDATE at term 188 for changeToCandidate
2019-10-18 14:01:46,774 [Thread-1387] INFO  impl.RoleInfo (RoleInfo.java:updateAndGet(143)) - 92ce6e48-4722-407a-9620-5998c6999257: start LeaderElection
2019-10-18 14:01:46,799 [92ce6e48-4722-407a-9620-5998c6999257@group-E964BE911FCC-LeaderElection178] INFO  impl.LeaderElection (LeaderElection.java:askForVotes(178)) - 92ce6e48-4722-407a-9620-5998c6999257@group-E964BE911FCC-LeaderElection178: begin an election at term 189 for -1: [6cbfae60-ea29-4abc-a49d-ef94f4bd513a:192.168.69.85:36685, 66f9d00c-1e97-4252-958c-bed5a531abda:192.168.69.85:45996, 92ce6e48-4722-407a-9620-5998c6999257:192.168.69.85:34971], old=null
2019-10-18 14:01:46,802 [grpc-default-executor-0] INFO  impl.RaftServerImpl (RaftServerImpl.java:setRole(184)) - 66f9d00c-1e97-4252-958c-bed5a531abda@group-E964BE911FCC: changes role from  FOLLOWER to FOLLOWER at term 189 for recognizeCandidate:92ce6e48-4722-407a-9620-5998c6999257
2019-10-18 14:01:46,802 [grpc-default-executor-0] INFO  impl.RoleInfo (RoleInfo.java:shutdownFollowerState(121)) - 66f9d00c-1e97-4252-958c-bed5a531abda: shutdown FollowerState
2019-10-18 14:01:46,802 [grpc-default-executor-0] INFO  impl.RoleInfo (RoleInfo.java:updateAndGet(143)) - 66f9d00c-1e97-4252-958c-bed5a531abda: start FollowerState
2019-10-18 14:01:46,802 [Thread-1385] INFO  impl.FollowerState (FollowerState.java:run(117)) - 66f9d00c-1e97-4252-958c-bed5a531abda@group-E964BE911FCC-FollowerState was interrupted: java.lang.InterruptedException: sleep interrupted
2019-10-18 14:01:46,803 [grpc-default-executor-4] INFO  impl.RaftServerImpl (RaftServerImpl.java:setRole(184)) - 6cbfae60-ea29-4abc-a49d-ef94f4bd513a@group-E964BE911FCC: changes role from  FOLLOWER to FOLLOWER at term 189 for recognizeCandidate:92ce6e48-4722-407a-9620-5998c6999257
2019-10-18 14:01:46,803 [grpc-default-executor-4] INFO  impl.RoleInfo (RoleInfo.java:shutdownFollowerState(121)) - 6cbfae60-ea29-4abc-a49d-ef94f4bd513a: shutdown FollowerState
2019-10-18 14:01:46,803 [grpc-default-executor-4] INFO  impl.RoleInfo (RoleInfo.java:updateAndGet(143)) - 6cbfae60-ea29-4abc-a49d-ef94f4bd513a: start FollowerState
2019-10-18 14:01:46,803 [Thread-1386] INFO  impl.FollowerState (FollowerState.java:run(117)) - 6cbfae60-ea29-4abc-a49d-ef94f4bd513a@group-E964BE911FCC-FollowerState was interrupted: java.lang.InterruptedException: sleep interrupted
2019-10-18 14:01:46,817 [92ce6e48-4722-407a-9620-5998c6999257@group-E964BE911FCC-LeaderElection178] INFO  impl.LeaderElection (LeaderElection.java:logAndReturn(56)) - 92ce6e48-4722-407a-9620-5998c6999257@group-E964BE911FCC-LeaderElection178: Election REJECTED; received 2 response(s) [92ce6e48-4722-407a-9620-5998c6999257<-6cbfae60-ea29-4abc-a49d-ef94f4bd513a#0:FAIL-t189, 92ce6e48-4722-407a-9620-5998c6999257<-66f9d00c-1e97-4252-958c-bed5a531abda#0:FAIL-t189] and 0 exception(s); 92ce6e48-4722-407a-9620-5998c6999257@group-E964BE911FCC:t189, leader=null, voted=92ce6e48-4722-407a-9620-5998c6999257, raftlog=92ce6e48-4722-407a-9620-5998c6999257@group-E964BE911FCC-SegmentedRaftLog:OPENED:c-1,f-1,i0, conf=-1: [6cbfae60-ea29-4abc-a49d-ef94f4bd513a:192.168.69.85:36685, 66f9d00c-1e97-4252-958c-bed5a531abda:192.168.69.85:45996, 92ce6e48-4722-407a-9620-5998c6999257:192.168.69.85:34971], old=null
2019-10-18 14:01:46,817 [92ce6e48-4722-407a-9620-5998c6999257@group-E964BE911FCC-LeaderElection178] INFO  impl.RaftServerImpl (RaftServerImpl.java:setRole(184)) - 92ce6e48-4722-407a-9620-5998c6999257@group-E964BE911FCC: changes role from CANDIDATE to FOLLOWER at term 189 for DISCOVERED_A_NEW_TERM
2019-10-18 14:01:46,817 [92ce6e48-4722-407a-9620-5998c6999257@group-E964BE911FCC-LeaderElection178] INFO  impl.RoleInfo (RoleInfo.java:shutdownLeaderElection(134)) - 92ce6e48-4722-407a-9620-5998c6999257: shutdown LeaderElection
2019-10-18 14:01:46,817 [92ce6e48-4722-407a-9620-5998c6999257@group-E964BE911FCC-LeaderElection178] INFO  impl.RoleInfo (RoleInfo.java:updateAndGet(143)) - 92ce6e48-4722-407a-9620-5998c6999257: start FollowerState
2019-10-18 14:01:46,901 [Thread-1393] INFO  impl.FollowerState (FollowerState.java:run(108)) - 92ce6e48-4722-407a-9620-5998c6999257@group-E964BE911FCC-FollowerState: change to CANDIDATE, lastRpcTime:84ms, electionTimeout:84ms
2019-10-18 14:01:46,902 [Thread-1393] INFO  impl.RoleInfo (RoleInfo.java:shutdownFollowerState(121)) - 92ce6e48-4722-407a-9620-5998c6999257: shutdown FollowerState
2019-10-18 14:01:46,902 [Thread-1393] INFO  impl.RaftServerImpl (RaftServerImpl.java:setRole(184)) - 92ce6e48-4722-407a-9620-5998c6999257@group-E964BE911FCC: changes role from  FOLLOWER to CANDIDATE at term 189 for changeToCandidate
2019-10-18 14:01:46,902 [Thread-1393] INFO  impl.RoleInfo (RoleInfo.java:updateAndGet(143)) - 92ce6e48-4722-407a-9620-5998c6999257: start LeaderElection
2019-10-18 14:01:46,916 [92ce6e48-4722-407a-9620-5998c6999257@group-E964BE911FCC-LeaderElection179] INFO  impl.LeaderElection (LeaderElection.java:askForVotes(178)) - 92ce6e48-4722-407a-9620-5998c6999257@group-E964BE911FCC-LeaderElection179: begin an election at term 190 for -1: [6cbfae60-ea29-4abc-a49d-ef94f4bd513a:192.168.69.85:36685, 66f9d00c-1e97-4252-958c-bed5a531abda:192.168.69.85:45996, 92ce6e48-4722-407a-9620-5998c6999257:192.168.69.85:34971], old=null
2019-10-18 14:01:46,918 [grpc-default-executor-4] INFO  impl.RaftServerImpl (RaftServerImpl.java:setRole(184)) - 6cbfae60-ea29-4abc-a49d-ef94f4bd513a@group-E964BE911FCC: changes role from  FOLLOWER to FOLLOWER at term 190 for recognizeCandidate:92ce6e48-4722-407a-9620-5998c6999257
2019-10-18 14:01:46,919 [grpc-default-executor-4] INFO  impl.RoleInfo (RoleInfo.java:shutdownFollowerState(121)) - 6cbfae60-ea29-4abc-a49d-ef94f4bd513a: shutdown FollowerState
2019-10-18 14:01:46,919 [grpc-default-executor-0] INFO  impl.RaftServerImpl (RaftServerImpl.java:setRole(184)) - 66f9d00c-1e97-4252-958c-bed5a531abda@group-E964BE911FCC: changes role from  FOLLOWER to FOLLOWER at term 190 for recognizeCandidate:92ce6e48-4722-407a-9620-5998c6999257
2019-10-18 14:01:46,919 [grpc-default-executor-0] INFO  impl.RoleInfo (RoleInfo.java:shutdownFollowerState(121)) - 66f9d00c-1e97-4252-958c-bed5a531abda: shutdown FollowerState
2019-10-18 14:01:46,919 [Thread-1392] INFO  impl.FollowerState (FollowerState.java:run(117)) - 6cbfae60-ea29-4abc-a49d-ef94f4bd513a@group-E964BE911FCC-FollowerState was interrupted: java.lang.InterruptedException: sleep interrupted
2019-10-18 14:01:46,919 [grpc-default-executor-4] INFO  impl.RoleInfo (RoleInfo.java:updateAndGet(143)) - 6cbfae60-ea29-4abc-a49d-ef94f4bd513a: start FollowerState
2019-10-18 14:01:46,919 [grpc-default-executor-0] INFO  impl.RoleInfo (RoleInfo.java:updateAndGet(143)) - 66f9d00c-1e97-4252-958c-bed5a531abda: start FollowerState
2019-10-18 14:01:46,919 [Thread-1391] INFO  impl.FollowerState (FollowerState.java:run(117)) - 66f9d00c-1e97-4252-958c-bed5a531abda@group-E964BE911FCC-FollowerState was interrupted: java.lang.InterruptedException: sleep interrupted
2019-10-18 14:01:46,938 [92ce6e48-4722-407a-9620-5998c6999257@group-E964BE911FCC-LeaderElection179] INFO  impl.LeaderElection (LeaderElection.java:logAndReturn(56)) - 92ce6e48-4722-407a-9620-5998c6999257@group-E964BE911FCC-LeaderElection179: Election REJECTED; received 2 response(s) [92ce6e48-4722-407a-9620-5998c6999257<-6cbfae60-ea29-4abc-a49d-ef94f4bd513a#0:FAIL-t190, 92ce6e48-4722-407a-9620-5998c6999257<-66f9d00c-1e97-4252-958c-bed5a531abda#0:FAIL-t190] and 0 exception(s); 92ce6e48-4722-407a-9620-5998c6999257@group-E964BE911FCC:t190, leader=null, voted=92ce6e48-4722-407a-9620-5998c6999257, raftlog=92ce6e48-4722-407a-9620-5998c6999257@group-E964BE911FCC-SegmentedRaftLog:OPENED:c-1,f-1,i0, conf=-1: [6cbfae60-ea29-4abc-a49d-ef94f4bd513a:192.168.69.85:36685, 66f9d00c-1e97-4252-958c-bed5a531abda:192.168.69.85:45996, 92ce6e48-4722-407a-9620-5998c6999257:192.168.69.85:34971], old=null
2019-10-18 14:01:46,938 [92ce6e48-4722-407a-9620-5998c6999257@group-E964BE911FCC-LeaderElection179] INFO  impl.RaftServerImpl (RaftServerImpl.java:setRole(184)) - 92ce6e48-4722-407a-9620-5998c6999257@group-E964BE911FCC: changes role from CANDIDATE to FOLLOWER at term 190 for DISCOVERED_A_NEW_TERM
2019-10-18 14:01:46,938 [92ce6e48-4722-407a-9620-5998c6999257@group-E964BE911FCC-LeaderElection179] INFO  impl.RoleInfo (RoleInfo.java:shutdownLeaderElection(134)) - 92ce6e48-4722-407a-9620-5998c6999257: shutdown LeaderElection
2019-10-18 14:01:46,938 [92ce6e48-4722-407a-9620-5998c6999257@group-E964BE911FCC-LeaderElection179] INFO  impl.RoleInfo (RoleInfo.java:updateAndGet(143)) - 92ce6e48-4722-407a-9620-5998c6999257: start FollowerState
2019-10-18 14:01:47,131 [Thread-1399] INFO  impl.FollowerState (FollowerState.java:run(108)) - 92ce6e48-4722-407a-9620-5998c6999257@group-E964BE911FCC-FollowerState: change to CANDIDATE, lastRpcTime:192ms, electionTimeout:192ms
2019-10-18 14:01:47,131 [Thread-1399] INFO  impl.RoleInfo (RoleInfo.java:shutdownFollowerState(121)) - 92ce6e48-4722-407a-9620-5998c6999257: shutdown FollowerState
2019-10-18 14:01:47,131 [Thread-1399] INFO  impl.RaftServerImpl (RaftServerImpl.java:setRole(184)) - 92ce6e48-4722-407a-9620-5998c6999257@group-E964BE911FCC: changes role from  FOLLOWER to CANDIDATE at term 190 for changeToCandidate
2019-10-18 14:01:47,131 [Thread-1399] INFO  impl.RoleInfo (RoleInfo.java:updateAndGet(143)) - 92ce6e48-4722-407a-9620-5998c6999257: start LeaderElection
2019-10-18 14:01:47,146 [92ce6e48-4722-407a-9620-5998c6999257@group-E964BE911FCC-LeaderElection180] INFO  impl.LeaderElection (LeaderElection.java:askForVotes(178)) - 92ce6e48-4722-407a-9620-5998c6999257@group-E964BE911FCC-LeaderElection180: begin an election at term 191 for -1: [6cbfae60-ea29-4abc-a49d-ef94f4bd513a:192.168.69.85:36685, 66f9d00c-1e97-4252-958c-bed5a531abda:192.168.69.85:45996, 92ce6e48-4722-407a-9620-5998c6999257:192.168.69.85:34971], old=null
2019-10-18 14:01:47,149 [grpc-default-executor-0] INFO  impl.RaftServerImpl (RaftServerImpl.java:setRole(184)) - 6cbfae60-ea29-4abc-a49d-ef94f4bd513a@group-E964BE911FCC: changes role from  FOLLOWER to FOLLOWER at term 191 for recognizeCandidate:92ce6e48-4722-407a-9620-5998c6999257
2019-10-18 14:01:47,149 [grpc-default-executor-0] INFO  impl.RoleInfo (RoleInfo.java:shutdownFollowerState(121)) - 6cbfae60-ea29-4abc-a49d-ef94f4bd513a: shutdown FollowerState
2019-10-18 14:01:47,150 [grpc-default-executor-0] INFO  impl.RoleInfo (RoleInfo.java:updateAndGet(143)) - 6cbfae60-ea29-4abc-a49d-ef94f4bd513a: start FollowerState
2019-10-18 14:01:47,150 [grpc-default-executor-4] INFO  impl.RaftServerImpl (RaftServerImpl.java:setRole(184)) - 66f9d00c-1e97-4252-958c-bed5a531abda@group-E964BE911FCC: changes role from  FOLLOWER to FOLLOWER at term 191 for recognizeCandidate:92ce6e48-4722-407a-9620-5998c6999257
2019-10-18 14:01:47,150 [Thread-1397] INFO  impl.FollowerState (FollowerState.java:run(117)) - 6cbfae60-ea29-4abc-a49d-ef94f4bd513a@group-E964BE911FCC-FollowerState was interrupted: java.lang.InterruptedException: sleep interrupted
2019-10-18 14:01:47,150 [grpc-default-executor-4] INFO  impl.RoleInfo (RoleInfo.java:shutdownFollowerState(121)) - 66f9d00c-1e97-4252-958c-bed5a531abda: shutdown FollowerState
2019-10-18 14:01:47,150 [grpc-default-executor-4] INFO  impl.RoleInfo (RoleInfo.java:updateAndGet(143)) - 66f9d00c-1e97-4252-958c-bed5a531abda: start FollowerState
2019-10-18 14:01:47,150 [Thread-1398] INFO  impl.FollowerState (FollowerState.java:run(117)) - 66f9d00c-1e97-4252-958c-bed5a531abda@group-E964BE911FCC-FollowerState was interrupted: java.lang.InterruptedException: sleep interrupted
2019-10-18 14:01:47,176 [92ce6e48-4722-407a-9620-5998c6999257@group-E964BE911FCC-LeaderElection180] INFO  impl.LeaderElection (LeaderElection.java:logAndReturn(56)) - 92ce6e48-4722-407a-9620-5998c6999257@group-E964BE911FCC-LeaderElection180: Election REJECTED; received 2 response(s) [92ce6e48-4722-407a-9620-5998c6999257<-6cbfae60-ea29-4abc-a49d-ef94f4bd513a#0:FAIL-t191, 92ce6e48-4722-407a-9620-5998c6999257<-66f9d00c-1e97-4252-958c-bed5a531abda#0:FAIL-t191] and 0 exception(s); 92ce6e48-4722-407a-9620-5998c6999257@group-E964BE911FCC:t191, leader=null, voted=92ce6e48-4722-407a-9620-5998c6999257, raftlog=92ce6e48-4722-407a-9620-5998c6999257@group-E964BE911FCC-SegmentedRaftLog:OPENED:c-1,f-1,i0, conf=-1: [6cbfae60-ea29-4abc-a49d-ef94f4bd513a:192.168.69.85:36685, 66f9d00c-1e97-4252-958c-bed5a531abda:192.168.69.85:45996, 92ce6e48-4722-407a-9620-5998c6999257:192.168.69.85:34971], old=null
2019-10-18 14:01:47,176 [92ce6e48-4722-407a-9620-5998c6999257@group-E964BE911FCC-LeaderElection180] INFO  impl.RaftServerImpl (RaftServerImpl.java:setRole(184)) - 92ce6e48-4722-407a-9620-5998c6999257@group-E964BE911FCC: changes role from CANDIDATE to FOLLOWER at term 191 for DISCOVERED_A_NEW_TERM
2019-10-18 14:01:47,177 [92ce6e48-4722-407a-9620-5998c6999257@group-E964BE911FCC-LeaderElection180] INFO  impl.RoleInfo (RoleInfo.java:shutdownLeaderElection(134)) - 92ce6e48-4722-407a-9620-5998c6999257: shutdown LeaderElection
2019-10-18 14:01:47,177 [92ce6e48-4722-407a-9620-5998c6999257@group-E964BE911FCC-LeaderElection180] INFO  impl.RoleInfo (RoleInfo.java:updateAndGet(143)) - 92ce6e48-4722-407a-9620-5998c6999257: start FollowerState
2019-10-18 14:01:47,376 [Thread-1406] INFO  impl.FollowerState (FollowerState.java:run(108)) - 92ce6e48-4722-407a-9620-5998c6999257@group-E964BE911FCC-FollowerState: change to CANDIDATE, lastRpcTime:199ms, electionTimeout:199ms
2019-10-18 14:01:47,377 [Thread-1406] INFO  impl.RoleInfo (RoleInfo.java:shutdownFollowerState(121)) - 92ce6e48-4722-407a-9620-5998c6999257: shutdown FollowerState
2019-10-18 14:01:47,377 [Thread-1406] INFO  impl.RaftServerImpl (RaftServerImpl.java:setRole(184)) - 92ce6e48-4722-407a-9620-5998c6999257@group-E964BE911FCC: changes role from  FOLLOWER to CANDIDATE at term 191 for changeToCandidate
2019-10-18 14:01:47,377 [Thread-1406] INFO  impl.RoleInfo (RoleInfo.java:updateAndGet(143)) - 92ce6e48-4722-407a-9620-5998c6999257: start LeaderElection
2019-10-18 14:01:47,403 [92ce6e48-4722-407a-9620-5998c6999257@group-E964BE911FCC-LeaderElection181] INFO  impl.LeaderElection (LeaderElection.java:askForVotes(178)) - 92ce6e48-4722-407a-9620-5998c6999257@group-E964BE911FCC-LeaderElection181: begin an election at term 192 for -1: [6cbfae60-ea29-4abc-a49d-ef94f4bd513a:192.168.69.85:36685, 66f9d00c-1e97-4252-958c-bed5a531abda:192.168.69.85:45996, 92ce6e48-4722-407a-9620-5998c6999257:192.168.69.85:34971], old=null
2019-10-18 14:01:47,406 [grpc-default-executor-0] INFO  impl.RaftServerImpl (RaftServerImpl.java:setRole(184)) - 66f9d00c-1e97-4252-958c-bed5a531abda@group-E964BE911FCC: changes role from  FOLLOWER to FOLLOWER at term 192 for recognizeCandidate:92ce6e48-4722-407a-9620-5998c6999257
2019-10-18 14:01:47,406 [grpc-default-executor-4] INFO  impl.RaftServerImpl (RaftServerImpl.java:setRole(184)) - 6cbfae60-ea29-4abc-a49d-ef94f4bd513a@group-E964BE911FCC: changes role from  FOLLOWER to FOLLOWER at term 192 for recognizeCandidate:92ce6e48-4722-407a-9620-5998c6999257
2019-10-18 14:01:47,406 [grpc-default-executor-0] INFO  impl.RoleInfo (RoleInfo.java:shutdownFollowerState(121)) - 66f9d00c-1e97-4252-958c-bed5a531abda: shutdown FollowerState
2019-10-18 14:01:47,406 [grpc-default-executor-0] INFO  impl.RoleInfo (RoleInfo.java:updateAndGet(143)) - 66f9d00c-1e97-4252-958c-bed5a531abda: start FollowerState
2019-10-18 14:01:47,406 [grpc-default-executor-4] INFO  impl.RoleInfo (RoleInfo.java:shutdownFollowerState(121)) - 6cbfae60-ea29-4abc-a49d-ef94f4bd513a: shutdown FollowerState
2019-10-18 14:01:47,406 [Thread-1404] INFO  impl.FollowerState (FollowerState.java:run(117)) - 66f9d00c-1e97-4252-958c-bed5a531abda@group-E964BE911FCC-FollowerState was interrupted: java.lang.InterruptedException: sleep interrupted
2019-10-18 14:01:47,407 [Thread-1403] INFO  impl.FollowerState (FollowerState.java:run(117)) - 6cbfae60-ea29-4abc-a49d-ef94f4bd513a@group-E964BE911FCC-FollowerState was interrupted: java.lang.InterruptedException: sleep interrupted
2019-10-18 14:01:47,407 [grpc-default-executor-4] INFO  impl.RoleInfo (RoleInfo.java:updateAndGet(143)) - 6cbfae60-ea29-4abc-a49d-ef94f4bd513a: start FollowerState
2019-10-18 14:01:47,421 [92ce6e48-4722-407a-9620-5998c6999257@group-E964BE911FCC-LeaderElection181] INFO  impl.LeaderElection (LeaderElection.java:logAndReturn(56)) - 92ce6e48-4722-407a-9620-5998c6999257@group-E964BE911FCC-LeaderElection181: Election REJECTED; received 2 response(s) [92ce6e48-4722-407a-9620-5998c6999257<-6cbfae60-ea29-4abc-a49d-ef94f4bd513a#0:FAIL-t192, 92ce6e48-4722-407a-9620-5998c6999257<-66f9d00c-1e97-4252-958c-bed5a531abda#0:FAIL-t192] and 0 exception(s); 92ce6e48-4722-407a-9620-5998c6999257@group-E964BE911FCC:t192, leader=null, voted=92ce6e48-4722-407a-9620-5998c6999257, raftlog=92ce6e48-4722-407a-9620-5998c6999257@group-E964BE911FCC-SegmentedRaftLog:OPENED:c-1,f-1,i0, conf=-1: [6cbfae60-ea29-4abc-a49d-ef94f4bd513a:192.168.69.85:36685, 66f9d00c-1e97-4252-958c-bed5a531abda:192.168.69.85:45996, 92ce6e48-4722-407a-9620-5998c6999257:192.168.69.85:34971], old=null
2019-10-18 14:01:47,421 [92ce6e48-4722-407a-9620-5998c6999257@group-E964BE911FCC-LeaderElection181] INFO  impl.RaftServerImpl (RaftServerImpl.java:setRole(184)) - 92ce6e48-4722-407a-9620-5998c6999257@group-E964BE911FCC: changes role from CANDIDATE to FOLLOWER at term 192 for DISCOVERED_A_NEW_TERM
2019-10-18 14:01:47,421 [92ce6e48-4722-407a-9620-5998c6999257@group-E964BE911FCC-LeaderElection181] INFO  impl.RoleInfo (RoleInfo.java:shutdownLeaderElection(134)) - 92ce6e48-4722-407a-9620-5998c6999257: shutdown LeaderElection
2019-10-18 14:01:47,421 [92ce6e48-4722-407a-9620-5998c6999257@group-E964BE911FCC-LeaderElection181] INFO  impl.RoleInfo (RoleInfo.java:updateAndGet(143)) - 92ce6e48-4722-407a-9620-5998c6999257: start FollowerState
2019-10-18 14:01:47,489 [Thread-1413] INFO  impl.FollowerState (FollowerState.java:run(108)) - 92ce6e48-4722-407a-9620-5998c6999257@group-E964BE911FCC-FollowerState: change to CANDIDATE, lastRpcTime:68ms, electionTimeout:68ms
2019-10-18 14:01:47,490 [Thread-1413] INFO  impl.RoleInfo (RoleInfo.java:shutdownFollowerState(121)) - 92ce6e48-4722-407a-9620-5998c6999257: shutdown FollowerState
2019-10-18 14:01:47,490 [Thread-1413] INFO  impl.RaftServerImpl (RaftServerImpl.java:setRole(184)) - 92ce6e48-4722-407a-9620-5998c6999257@group-E964BE911FCC: changes role from  FOLLOWER to CANDIDATE at term 192 for changeToCandidate
2019-10-18 14:01:47,490 [Thread-1413] INFO  impl.RoleInfo (RoleInfo.java:updateAndGet(143)) - 92ce6e48-4722-407a-9620-5998c6999257: start LeaderElection
2019-10-18 14:01:47,505 [92ce6e48-4722-407a-9620-5998c6999257@group-E964BE911FCC-LeaderElection182] INFO  impl.LeaderElection (LeaderElection.java:askForVotes(178)) - 92ce6e48-4722-407a-9620-5998c6999257@group-E964BE911FCC-LeaderElection182: begin an election at term 193 for -1: [6cbfae60-ea29-4abc-a49d-ef94f4bd513a:192.168.69.85:36685, 66f9d00c-1e97-4252-958c-bed5a531abda:192.168.69.85:45996, 92ce6e48-4722-407a-9620-5998c6999257:192.168.69.85:34971], old=null
2019-10-18 14:01:47,507 [grpc-default-executor-4] INFO  impl.RaftServerImpl (RaftServerImpl.java:setRole(184)) - 66f9d00c-1e97-4252-958c-bed5a531abda@group-E964BE911FCC: changes role from  FOLLOWER to FOLLOWER at term 193 for recognizeCandidate:92ce6e48-4722-407a-9620-5998c6999257
2019-10-18 14:01:47,507 [grpc-default-executor-0] INFO  impl.RaftServerImpl (RaftServerImpl.java:setRole(184)) - 6cbfae60-ea29-4abc-a49d-ef94f4bd513a@group-E964BE911FCC: changes role from  FOLLOWER to FOLLOWER at term 193 for recognizeCandidate:92ce6e48-4722-407a-9620-5998c6999257
2019-10-18 14:01:47,507 [grpc-default-executor-4] INFO  impl.RoleInfo (RoleInfo.java:shutdownFollowerState(121)) - 66f9d00c-1e97-4252-958c-bed5a531abda: shutdown FollowerState
2019-10-18 14:01:47,507 [grpc-default-executor-0] INFO  impl.RoleInfo (RoleInfo.java:shutdownFollowerState(121)) - 6cbfae60-ea29-4abc-a49d-ef94f4bd513a: shutdown FollowerState
2019-10-18 14:01:47,507 [grpc-default-executor-0] INFO  impl.RoleInfo (RoleInfo.java:updateAndGet(143)) - 6cbfae60-ea29-4abc-a49d-ef94f4bd513a: start FollowerState
2019-10-18 14:01:47,507 [Thread-1411] INFO  impl.FollowerState (FollowerState.java:run(117)) - 66f9d00c-1e97-4252-958c-bed5a531abda@group-E964BE911FCC-FollowerState was interrupted: java.lang.InterruptedException: sleep interrupted
2019-10-18 14:01:47,507 [grpc-default-executor-4] INFO  impl.RoleInfo (RoleInfo.java:updateAndGet(143)) - 66f9d00c-1e97-4252-958c-bed5a531abda: start FollowerState
2019-10-18 14:01:47,507 [Thread-1412] INFO  impl.FollowerState (FollowerState.java:run(117)) - 6cbfae60-ea29-4abc-a49d-ef94f4bd513a@group-E964BE911FCC-FollowerState was interrupted: java.lang.InterruptedException: sleep interrupted
2019-10-18 14:01:47,521 [92ce6e48-4722-407a-9620-5998c6999257@group-E964BE911FCC-LeaderElection182] INFO  impl.LeaderElection (LeaderElection.java:logAndReturn(56)) - 92ce6e48-4722-407a-9620-5998c6999257@group-E964BE911FCC-LeaderElection182: Election REJECTED; received 2 response(s) [92ce6e48-4722-407a-9620-5998c6999257<-6cbfae60-ea29-4abc-a49d-ef94f4bd513a#0:FAIL-t193, 92ce6e48-4722-407a-9620-5998c6999257<-66f9d00c-1e97-4252-958c-bed5a531abda#0:FAIL-t193] and 0 exception(s); 92ce6e48-4722-407a-9620-5998c6999257@group-E964BE911FCC:t193, leader=null, voted=92ce6e48-4722-407a-9620-5998c6999257, raftlog=92ce6e48-4722-407a-9620-5998c6999257@group-E964BE911FCC-SegmentedRaftLog:OPENED:c-1,f-1,i0, conf=-1: [6cbfae60-ea29-4abc-a49d-ef94f4bd513a:192.168.69.85:36685, 66f9d00c-1e97-4252-958c-bed5a531abda:192.168.69.85:45996, 92ce6e48-4722-407a-9620-5998c6999257:192.168.69.85:34971], old=null
2019-10-18 14:01:47,521 [92ce6e48-4722-407a-9620-5998c6999257@group-E964BE911FCC-LeaderElection182] INFO  impl.RaftServerImpl (RaftServerImpl.java:setRole(184)) - 92ce6e48-4722-407a-9620-5998c6999257@group-E964BE911FCC: changes role from CANDIDATE to FOLLOWER at term 193 for DISCOVERED_A_NEW_TERM
2019-10-18 14:01:47,521 [92ce6e48-4722-407a-9620-5998c6999257@group-E964BE911FCC-LeaderElection182] INFO  impl.RoleInfo (RoleInfo.java:shutdownLeaderElection(134)) - 92ce6e48-4722-407a-9620-5998c6999257: shutdown LeaderElection
2019-10-18 14:01:47,521 [92ce6e48-4722-407a-9620-5998c6999257@group-E964BE911FCC-LeaderElection182] INFO  impl.RoleInfo (RoleInfo.java:updateAndGet(143)) - 92ce6e48-4722-407a-9620-5998c6999257: start FollowerState
2019-10-18 14:01:47,662 [Thread-1419] INFO  impl.FollowerState (FollowerState.java:run(108)) - 92ce6e48-4722-407a-9620-5998c6999257@group-E964BE911FCC-FollowerState: change to CANDIDATE, lastRpcTime:141ms, electionTimeout:141ms
2019-10-18 14:01:47,663 [Thread-1419] INFO  impl.RoleInfo (RoleInfo.java:shutdownFollowerState(121)) - 92ce6e48-4722-407a-9620-5998c6999257: shutdown FollowerState
2019-10-18 14:01:47,663 [Thread-1419] INFO  impl.RaftServerImpl (RaftServerImpl.java:setRole(184)) - 92ce6e48-4722-407a-9620-5998c6999257@group-E964BE911FCC: changes role from  FOLLOWER to CANDIDATE at term 193 for changeToCandidate
2019-10-18 14:01:47,663 [Thread-1419] INFO  impl.RoleInfo (RoleInfo.java:updateAndGet(143)) - 92ce6e48-4722-407a-9620-5998c6999257: start LeaderElection
2019-10-18 14:01:47,680 [92ce6e48-4722-407a-9620-5998c6999257@group-E964BE911FCC-LeaderElection183] INFO  impl.LeaderElection (LeaderElection.java:askForVotes(178)) - 92ce6e48-4722-407a-9620-5998c6999257@group-E964BE911FCC-LeaderElection183: begin an election at term 194 for -1: [6cbfae60-ea29-4abc-a49d-ef94f4bd513a:192.168.69.85:36685, 66f9d00c-1e97-4252-958c-bed5a531abda:192.168.69.85:45996, 92ce6e48-4722-407a-9620-5998c6999257:192.168.69.85:34971], old=null
2019-10-18 14:01:47,684 [grpc-default-executor-4] INFO  impl.RaftServerImpl (RaftServerImpl.java:setRole(184)) - 6cbfae60-ea29-4abc-a49d-ef94f4bd513a@group-E964BE911FCC: changes role from  FOLLOWER to FOLLOWER at term 194 for recognizeCandidate:92ce6e48-4722-407a-9620-5998c6999257
2019-10-18 14:01:47,684 [grpc-default-executor-0] INFO  impl.RaftServerImpl (RaftServerImpl.java:setRole(184)) - 66f9d00c-1e97-4252-958c-bed5a531abda@group-E964BE911FCC: changes role from  FOLLOWER to FOLLOWER at term 194 for recognizeCandidate:92ce6e48-4722-407a-9620-5998c6999257
2019-10-18 14:01:47,684 [grpc-default-executor-4] INFO  impl.RoleInfo (RoleInfo.java:shutdownFollowerState(121)) - 6cbfae60-ea29-4abc-a49d-ef94f4bd513a: shutdown FollowerState
2019-10-18 14:01:47,684 [grpc-default-executor-0] INFO  impl.RoleInfo (RoleInfo.java:shutdownFollowerState(121)) - 66f9d00c-1e97-4252-958c-bed5a531abda: shutdown FollowerState
2019-10-18 14:01:47,684 [grpc-default-executor-4] INFO  impl.RoleInfo (RoleInfo.java:updateAndGet(143)) - 6cbfae60-ea29-4abc-a49d-ef94f4bd513a: start FollowerState
2019-10-18 14:01:47,684 [Thread-1417] INFO  impl.FollowerState (FollowerState.java:run(117)) - 66f9d00c-1e97-4252-958c-bed5a531abda@group-E964BE911FCC-FollowerState was interrupted: java.lang.InterruptedException: sleep interrupted
2019-10-18 14:01:47,684 [Thread-1418] INFO  impl.FollowerState (FollowerState.java:run(117)) - 6cbfae60-ea29-4abc-a49d-ef94f4bd513a@group-E964BE911FCC-FollowerState was interrupted: java.lang.InterruptedException: sleep interrupted
2019-10-18 14:01:47,684 [grpc-default-executor-0] INFO  impl.RoleInfo (RoleInfo.java:updateAndGet(143)) - 66f9d00c-1e97-4252-958c-bed5a531abda: start FollowerState
2019-10-18 14:01:47,698 [92ce6e48-4722-407a-9620-5998c6999257@group-E964BE911FCC-LeaderElection183] INFO  impl.LeaderElection (LeaderElection.java:logAndReturn(56)) - 92ce6e48-4722-407a-9620-5998c6999257@group-E964BE911FCC-LeaderElection183: Election REJECTED; received 2 response(s) [92ce6e48-4722-407a-9620-5998c6999257<-6cbfae60-ea29-4abc-a49d-ef94f4bd513a#0:FAIL-t194, 92ce6e48-4722-407a-9620-5998c6999257<-66f9d00c-1e97-4252-958c-bed5a531abda#0:FAIL-t194] and 0 exception(s); 92ce6e48-4722-407a-9620-5998c6999257@group-E964BE911FCC:t194, leader=null, voted=92ce6e48-4722-407a-9620-5998c6999257, raftlog=92ce6e48-4722-407a-9620-5998c6999257@group-E964BE911FCC-SegmentedRaftLog:OPENED:c-1,f-1,i0, conf=-1: [6cbfae60-ea29-4abc-a49d-ef94f4bd513a:192.168.69.85:36685, 66f9d00c-1e97-4252-958c-bed5a531abda:192.168.69.85:45996, 92ce6e48-4722-407a-9620-5998c6999257:192.168.69.85:34971], old=null
2019-10-18 14:01:47,698 [92ce6e48-4722-407a-9620-5998c6999257@group-E964BE911FCC-LeaderElection183] INFO  impl.RaftServerImpl (RaftServerImpl.java:setRole(184)) - 92ce6e48-4722-407a-9620-5998c6999257@group-E964BE911FCC: changes role from CANDIDATE to FOLLOWER at term 194 for DISCOVERED_A_NEW_TERM
2019-10-18 14:01:47,698 [92ce6e48-4722-407a-9620-5998c6999257@group-E964BE911FCC-LeaderElection183] INFO  impl.RoleInfo (RoleInfo.java:shutdownLeaderElection(134)) - 92ce6e48-4722-407a-9620-5998c6999257: shutdown LeaderElection
2019-10-18 14:01:47,699 [92ce6e48-4722-407a-9620-5998c6999257@group-E964BE911FCC-LeaderElection183] INFO  impl.RoleInfo (RoleInfo.java:updateAndGet(143)) - 92ce6e48-4722-407a-9620-5998c6999257: start FollowerState
2019-10-18 14:01:47,800 [Thread-1425] INFO  impl.FollowerState (FollowerState.java:run(108)) - 92ce6e48-4722-407a-9620-5998c6999257@group-E964BE911FCC-FollowerState: change to CANDIDATE, lastRpcTime:101ms, electionTimeout:101ms
2019-10-18 14:01:47,800 [Thread-1425] INFO  impl.RoleInfo (RoleInfo.java:shutdownFollowerState(121)) - 92ce6e48-4722-407a-9620-5998c6999257: shutdown FollowerState
2019-10-18 14:01:47,800 [Thread-1425] INFO  impl.RaftServerImpl (RaftServerImpl.java:setRole(184)) - 92ce6e48-4722-407a-9620-5998c6999257@group-E964BE911FCC: changes role from  FOLLOWER to CANDIDATE at term 194 for changeToCandidate
2019-10-18 14:01:47,800 [Thread-1425] INFO  impl.RoleInfo (RoleInfo.java:updateAndGet(143)) - 92ce6e48-4722-407a-9620-5998c6999257: start LeaderElection
2019-10-18 14:01:47,816 [92ce6e48-4722-407a-9620-5998c6999257@group-E964BE911FCC-LeaderElection184] INFO  impl.LeaderElection (LeaderElection.java:askForVotes(178)) - 92ce6e48-4722-407a-9620-5998c6999257@group-E964BE911FCC-LeaderElection184: begin an election at term 195 for -1: [6cbfae60-ea29-4abc-a49d-ef94f4bd513a:192.168.69.85:36685, 66f9d00c-1e97-4252-958c-bed5a531abda:192.168.69.85:45996, 92ce6e48-4722-407a-9620-5998c6999257:192.168.69.85:34971], old=null
2019-10-18 14:01:47,819 [grpc-default-executor-0] INFO  impl.RaftServerImpl (RaftServerImpl.java:setRole(184)) - 6cbfae60-ea29-4abc-a49d-ef94f4bd513a@group-E964BE911FCC: changes role from  FOLLOWER to FOLLOWER at term 195 for recognizeCandidate:92ce6e48-4722-407a-9620-5998c6999257
2019-10-18 14:01:47,819 [grpc-default-executor-0] INFO  impl.RoleInfo (RoleInfo.java:shutdownFollowerState(121)) - 6cbfae60-ea29-4abc-a49d-ef94f4bd513a: shutdown FollowerState
2019-10-18 14:01:47,819 [grpc-default-executor-0] INFO  impl.RoleInfo (RoleInfo.java:updateAndGet(143)) - 6cbfae60-ea29-4abc-a49d-ef94f4bd513a: start FollowerState
2019-10-18 14:01:47,819 [Thread-1423] INFO  impl.FollowerState (FollowerState.java:run(117)) - 6cbfae60-ea29-4abc-a49d-ef94f4bd513a@group-E964BE911FCC-FollowerState was interrupted: java.lang.InterruptedException: sleep interrupted
2019-10-18 14:01:47,819 [grpc-default-executor-4] INFO  impl.RaftServerImpl (RaftServerImpl.java:setRole(184)) - 66f9d00c-1e97-4252-958c-bed5a531abda@group-E964BE911FCC: changes role from  FOLLOWER to FOLLOWER at term 195 for recognizeCandidate:92ce6e48-4722-407a-9620-5998c6999257
2019-10-18 14:01:47,820 [grpc-default-executor-4] INFO  impl.RoleInfo (RoleInfo.java:shutdownFollowerState(121)) - 66f9d00c-1e97-4252-958c-bed5a531abda: shutdown FollowerState
2019-10-18 14:01:47,820 [grpc-default-executor-4] INFO  impl.RoleInfo (RoleInfo.java:updateAndGet(143)) - 66f9d00c-1e97-4252-958c-bed5a531abda: start FollowerState
2019-10-18 14:01:47,820 [Thread-1424] INFO  impl.FollowerState (FollowerState.java:run(117)) - 66f9d00c-1e97-4252-958c-bed5a531abda@group-E964BE911FCC-FollowerState was interrupted: java.lang.InterruptedException: sleep interrupted
2019-10-18 14:01:47,834 [92ce6e48-4722-407a-9620-5998c6999257@group-E964BE911FCC-LeaderElection184] INFO  impl.LeaderElection (LeaderElection.java:logAndReturn(56)) - 92ce6e48-4722-407a-9620-5998c6999257@group-E964BE911FCC-LeaderElection184: Election REJECTED; received 2 response(s) [92ce6e48-4722-407a-9620-5998c6999257<-6cbfae60-ea29-4abc-a49d-ef94f4bd513a#0:FAIL-t195, 92ce6e48-4722-407a-9620-5998c6999257<-66f9d00c-1e97-4252-958c-bed5a531abda#0:FAIL-t195] and 0 exception(s); 92ce6e48-4722-407a-9620-5998c6999257@group-E964BE911FCC:t195, leader=null, voted=92ce6e48-4722-407a-9620-5998c6999257, raftlog=92ce6e48-4722-407a-9620-5998c6999257@group-E964BE911FCC-SegmentedRaftLog:OPENED:c-1,f-1,i0, conf=-1: [6cbfae60-ea29-4abc-a49d-ef94f4bd513a:192.168.69.85:36685, 66f9d00c-1e97-4252-958c-bed5a531abda:192.168.69.85:45996, 92ce6e48-4722-407a-9620-5998c6999257:192.168.69.85:34971], old=null
2019-10-18 14:01:47,834 [92ce6e48-4722-407a-9620-5998c6999257@group-E964BE911FCC-LeaderElection184] INFO  impl.RaftServerImpl (RaftServerImpl.java:setRole(184)) - 92ce6e48-4722-407a-9620-5998c6999257@group-E964BE911FCC: changes role from CANDIDATE to FOLLOWER at term 195 for DISCOVERED_A_NEW_TERM
2019-10-18 14:01:47,834 [92ce6e48-4722-407a-9620-5998c6999257@group-E964BE911FCC-LeaderElection184] INFO  impl.RoleInfo (RoleInfo.java:shutdownLeaderElection(134)) - 92ce6e48-4722-407a-9620-5998c6999257: shutdown LeaderElection
2019-10-18 14:01:47,834 [92ce6e48-4722-407a-9620-5998c6999257@group-E964BE911FCC-LeaderElection184] INFO  impl.RoleInfo (RoleInfo.java:updateAndGet(143)) - 92ce6e48-4722-407a-9620-5998c6999257: start FollowerState
2019-10-18 14:01:47,891 [Thread-1431] INFO  impl.FollowerState (FollowerState.java:run(108)) - 92ce6e48-4722-407a-9620-5998c6999257@group-E964BE911FCC-FollowerState: change to CANDIDATE, lastRpcTime:56ms, electionTimeout:56ms
2019-10-18 14:01:47,891 [Thread-1431] INFO  impl.RoleInfo (RoleInfo.java:shutdownFollowerState(121)) - 92ce6e48-4722-407a-9620-5998c6999257: shutdown FollowerState
2019-10-18 14:01:47,891 [Thread-1431] INFO  impl.RaftServerImpl (RaftServerImpl.java:setRole(184)) - 92ce6e48-4722-407a-9620-5998c6999257@group-E964BE911FCC: changes role from  FOLLOWER to CANDIDATE at term 195 for changeToCandidate
2019-10-18 14:01:47,892 [Thread-1431] INFO  impl.RoleInfo (RoleInfo.java:updateAndGet(143)) - 92ce6e48-4722-407a-9620-5998c6999257: start LeaderElection
2019-10-18 14:01:47,905 [92ce6e48-4722-407a-9620-5998c6999257@group-E964BE911FCC-LeaderElection185] INFO  impl.LeaderElection (LeaderElection.java:askForVotes(178)) - 92ce6e48-4722-407a-9620-5998c6999257@group-E964BE911FCC-LeaderElection185: begin an election at term 196 for -1: [6cbfae60-ea29-4abc-a49d-ef94f4bd513a:192.168.69.85:36685, 66f9d00c-1e97-4252-958c-bed5a531abda:192.168.69.85:45996, 92ce6e48-4722-407a-9620-5998c6999257:192.168.69.85:34971], old=null
2019-10-18 14:01:47,908 [grpc-default-executor-4] INFO  impl.RaftServerImpl (RaftServerImpl.java:setRole(184)) - 6cbfae60-ea29-4abc-a49d-ef94f4bd513a@group-E964BE911FCC: changes role from  FOLLOWER to FOLLOWER at term 196 for recognizeCandidate:92ce6e48-4722-407a-9620-5998c6999257
2019-10-18 14:01:47,908 [grpc-default-executor-4] INFO  impl.RoleInfo (RoleInfo.java:shutdownFollowerState(121)) - 6cbfae60-ea29-4abc-a49d-ef94f4bd513a: shutdown FollowerState
2019-10-18 14:01:47,908 [grpc-default-executor-4] INFO  impl.RoleInfo (RoleInfo.java:updateAndGet(143)) - 6cbfae60-ea29-4abc-a49d-ef94f4bd513a: start FollowerState
2019-10-18 14:01:47,908 [grpc-default-executor-0] INFO  impl.RaftServerImpl (RaftServerImpl.java:setRole(184)) - 66f9d00c-1e97-4252-958c-bed5a531abda@group-E964BE911FCC: changes role from  FOLLOWER to FOLLOWER at term 196 for recognizeCandidate:92ce6e48-4722-407a-9620-5998c6999257
2019-10-18 14:01:47,908 [grpc-default-executor-0] INFO  impl.RoleInfo (RoleInfo.java:shutdownFollowerState(121)) - 66f9d00c-1e97-4252-958c-bed5a531abda: shutdown FollowerState
2019-10-18 14:01:47,908 [grpc-default-executor-0] INFO  impl.RoleInfo (RoleInfo.java:updateAndGet(143)) - 66f9d00c-1e97-4252-958c-bed5a531abda: start FollowerState
2019-10-18 14:01:47,908 [Thread-1429] INFO  impl.FollowerState (FollowerState.java:run(117)) - 6cbfae60-ea29-4abc-a49d-ef94f4bd513a@group-E964BE911FCC-FollowerState was interrupted: java.lang.InterruptedException: sleep interrupted
2019-10-18 14:01:47,909 [Thread-1430] INFO  impl.FollowerState (FollowerState.java:run(117)) - 66f9d00c-1e97-4252-958c-bed5a531abda@group-E964BE911FCC-FollowerState was interrupted: java.lang.InterruptedException: sleep interrupted
2019-10-18 14:01:47,923 [92ce6e48-4722-407a-9620-5998c6999257@group-E964BE911FCC-LeaderElection185] INFO  impl.LeaderElection (LeaderElection.java:logAndReturn(56)) - 92ce6e48-4722-407a-9620-5998c6999257@group-E964BE911FCC-LeaderElection185: Election REJECTED; received 2 response(s) [92ce6e48-4722-407a-9620-5998c6999257<-6cbfae60-ea29-4abc-a49d-ef94f4bd513a#0:FAIL-t196, 92ce6e48-4722-407a-9620-5998c6999257<-66f9d00c-1e97-4252-958c-bed5a531abda#0:FAIL-t196] and 0 exception(s); 92ce6e48-4722-407a-9620-5998c6999257@group-E964BE911FCC:t196, leader=null, voted=92ce6e48-4722-407a-9620-5998c6999257, raftlog=92ce6e48-4722-407a-9620-5998c6999257@group-E964BE911FCC-SegmentedRaftLog:OPENED:c-1,f-1,i0, conf=-1: [6cbfae60-ea29-4abc-a49d-ef94f4bd513a:192.168.69.85:36685, 66f9d00c-1e97-4252-958c-bed5a531abda:192.168.69.85:45996, 92ce6e48-4722-407a-9620-5998c6999257:192.168.69.85:34971], old=null
2019-10-18 14:01:47,923 [92ce6e48-4722-407a-9620-5998c6999257@group-E964BE911FCC-LeaderElection185] INFO  impl.RaftServerImpl (RaftServerImpl.java:setRole(184)) - 92ce6e48-4722-407a-9620-5998c6999257@group-E964BE911FCC: changes role from CANDIDATE to FOLLOWER at term 196 for DISCOVERED_A_NEW_TERM
2019-10-18 14:01:47,923 [92ce6e48-4722-407a-9620-5998c6999257@group-E964BE911FCC-LeaderElection185] INFO  impl.RoleInfo (RoleInfo.java:shutdownLeaderElection(134)) - 92ce6e48-4722-407a-9620-5998c6999257: shutdown LeaderElection
2019-10-18 14:01:47,923 [92ce6e48-4722-407a-9620-5998c6999257@group-E964BE911FCC-LeaderElection185] INFO  impl.RoleInfo (RoleInfo.java:updateAndGet(143)) - 92ce6e48-4722-407a-9620-5998c6999257: start FollowerState
2019-10-18 14:01:47,959 [Thread-1437] INFO  impl.FollowerState (FollowerState.java:run(108)) - 92ce6e48-4722-407a-9620-5998c6999257@group-E964BE911FCC-FollowerState: change to CANDIDATE, lastRpcTime:36ms, electionTimeout:36ms
2019-10-18 14:01:47,960 [Thread-1437] INFO  impl.RoleInfo (RoleInfo.java:shutdownFollowerState(121)) - 92ce6e48-4722-407a-9620-5998c6999257: shutdown FollowerState
2019-10-18 14:01:47,960 [Thread-1437] INFO  impl.RaftServerImpl (RaftServerImpl.java:setRole(184)) - 92ce6e48-4722-407a-9620-5998c6999257@group-E964BE911FCC: changes role from  FOLLOWER to CANDIDATE at term 196 for changeToCandidate
2019-10-18 14:01:47,960 [Thread-1437] INFO  impl.RoleInfo (RoleInfo.java:updateAndGet(143)) - 92ce6e48-4722-407a-9620-5998c6999257: start LeaderElection
2019-10-18 14:01:47,990 [92ce6e48-4722-407a-9620-5998c6999257@group-E964BE911FCC-LeaderElection186] INFO  impl.LeaderElection (LeaderElection.java:askForVotes(178)) - 92ce6e48-4722-407a-9620-5998c6999257@group-E964BE911FCC-LeaderElection186: begin an election at term 197 for -1: [6cbfae60-ea29-4abc-a49d-ef94f4bd513a:192.168.69.85:36685, 66f9d00c-1e97-4252-958c-bed5a531abda:192.168.69.85:45996, 92ce6e48-4722-407a-9620-5998c6999257:192.168.69.85:34971], old=null
2019-10-18 14:01:47,992 [grpc-default-executor-0] INFO  impl.RaftServerImpl (RaftServerImpl.java:setRole(184)) - 6cbfae60-ea29-4abc-a49d-ef94f4bd513a@group-E964BE911FCC: changes role from  FOLLOWER to FOLLOWER at term 197 for recognizeCandidate:92ce6e48-4722-407a-9620-5998c6999257
2019-10-18 14:01:47,993 [grpc-default-executor-0] INFO  impl.RoleInfo (RoleInfo.java:shutdownFollowerState(121)) - 6cbfae60-ea29-4abc-a49d-ef94f4bd513a: shutdown FollowerState
2019-10-18 14:01:47,993 [grpc-default-executor-4] INFO  impl.RaftServerImpl (RaftServerImpl.java:setRole(184)) - 66f9d00c-1e97-4252-958c-bed5a531abda@group-E964BE911FCC: changes role from  FOLLOWER to FOLLOWER at term 197 for recognizeCandidate:92ce6e48-4722-407a-9620-5998c6999257
2019-10-18 14:01:47,993 [grpc-default-executor-4] INFO  impl.RoleInfo (RoleInfo.java:shutdownFollowerState(121)) - 66f9d00c-1e97-4252-958c-bed5a531abda: shutdown FollowerState
2019-10-18 14:01:47,993 [Thread-1435] INFO  impl.FollowerState (FollowerState.java:run(117)) - 6cbfae60-ea29-4abc-a49d-ef94f4bd513a@group-E964BE911FCC-FollowerState was interrupted: java.lang.InterruptedException: sleep interrupted
2019-10-18 14:01:47,993 [grpc-default-executor-0] INFO  impl.RoleInfo (RoleInfo.java:updateAndGet(143)) - 6cbfae60-ea29-4abc-a49d-ef94f4bd513a: start FollowerState
2019-10-18 14:01:47,993 [grpc-default-executor-4] INFO  impl.RoleInfo (RoleInfo.java:updateAndGet(143)) - 66f9d00c-1e97-4252-958c-bed5a531abda: start FollowerState
2019-10-18 14:01:47,993 [Thread-1436] INFO  impl.FollowerState (FollowerState.java:run(117)) - 66f9d00c-1e97-4252-958c-bed5a531abda@group-E964BE911FCC-FollowerState was interrupted: java.lang.InterruptedException: sleep interrupted
2019-10-18 14:01:48,003 [92ce6e48-4722-407a-9620-5998c6999257@group-E964BE911FCC-LeaderElection186] INFO  impl.LeaderElection (LeaderElection.java:logAndReturn(56)) - 92ce6e48-4722-407a-9620-5998c6999257@group-E964BE911FCC-LeaderElection186: Election REJECTED; received 2 response(s) [92ce6e48-4722-407a-9620-5998c6999257<-6cbfae60-ea29-4abc-a49d-ef94f4bd513a#0:FAIL-t197, 92ce6e48-4722-407a-9620-5998c6999257<-66f9d00c-1e97-4252-958c-bed5a531abda#0:FAIL-t197] and 0 exception(s); 92ce6e48-4722-407a-9620-5998c6999257@group-E964BE911FCC:t197, leader=null, voted=92ce6e48-4722-407a-9620-5998c6999257, raftlog=92ce6e48-4722-407a-9620-5998c6999257@group-E964BE911FCC-SegmentedRaftLog:OPENED:c-1,f-1,i0, conf=-1: [6cbfae60-ea29-4abc-a49d-ef94f4bd513a:192.168.69.85:36685, 66f9d00c-1e97-4252-958c-bed5a531abda:192.168.69.85:45996, 92ce6e48-4722-407a-9620-5998c6999257:192.168.69.85:34971], old=null
2019-10-18 14:01:48,003 [92ce6e48-4722-407a-9620-5998c6999257@group-E964BE911FCC-LeaderElection186] INFO  impl.RaftServerImpl (RaftServerImpl.java:setRole(184)) - 92ce6e48-4722-407a-9620-5998c6999257@group-E964BE911FCC: changes role from CANDIDATE to FOLLOWER at term 197 for DISCOVERED_A_NEW_TERM
2019-10-18 14:01:48,003 [92ce6e48-4722-407a-9620-5998c6999257@group-E964BE911FCC-LeaderElection186] INFO  impl.RoleInfo (RoleInfo.java:shutdownLeaderElection(134)) - 92ce6e48-4722-407a-9620-5998c6999257: shutdown LeaderElection
2019-10-18 14:01:48,004 [92ce6e48-4722-407a-9620-5998c6999257@group-E964BE911FCC-LeaderElection186] INFO  impl.RoleInfo (RoleInfo.java:updateAndGet(143)) - 92ce6e48-4722-407a-9620-5998c6999257: start FollowerState
2019-10-18 14:01:48,199 [Thread-1443] INFO  impl.FollowerState (FollowerState.java:run(108)) - 92ce6e48-4722-407a-9620-5998c6999257@group-E964BE911FCC-FollowerState: change to CANDIDATE, lastRpcTime:195ms, electionTimeout:195ms
2019-10-18 14:01:48,200 [Thread-1443] INFO  impl.RoleInfo (RoleInfo.java:shutdownFollowerState(121)) - 92ce6e48-4722-407a-9620-5998c6999257: shutdown FollowerState
2019-10-18 14:01:48,200 [Thread-1443] INFO  impl.RaftServerImpl (RaftServerImpl.java:setRole(184)) - 92ce6e48-4722-407a-9620-5998c6999257@group-E964BE911FCC: changes role from  FOLLOWER to CANDIDATE at term 197 for changeToCandidate
2019-10-18 14:01:48,202 [Thread-1443] INFO  impl.RoleInfo (RoleInfo.java:updateAndGet(143)) - 92ce6e48-4722-407a-9620-5998c6999257: start LeaderElection
2019-10-18 14:01:48,216 [92ce6e48-4722-407a-9620-5998c6999257@group-E964BE911FCC-LeaderElection187] INFO  impl.LeaderElection (LeaderElection.java:askForVotes(178)) - 92ce6e48-4722-407a-9620-5998c6999257@group-E964BE911FCC-LeaderElection187: begin an election at term 198 for -1: [6cbfae60-ea29-4abc-a49d-ef94f4bd513a:192.168.69.85:36685, 66f9d00c-1e97-4252-958c-bed5a531abda:192.168.69.85:45996, 92ce6e48-4722-407a-9620-5998c6999257:192.168.69.85:34971], old=null
2019-10-18 14:01:48,218 [grpc-default-executor-4] INFO  impl.RaftServerImpl (RaftServerImpl.java:setRole(184)) - 6cbfae60-ea29-4abc-a49d-ef94f4bd513a@group-E964BE911FCC: changes role from  FOLLOWER to FOLLOWER at term 198 for recognizeCandidate:92ce6e48-4722-407a-9620-5998c6999257
2019-10-18 14:01:48,218 [grpc-default-executor-0] INFO  impl.RaftServerImpl (RaftServerImpl.java:setRole(184)) - 66f9d00c-1e97-4252-958c-bed5a531abda@group-E964BE911FCC: changes role from  FOLLOWER to FOLLOWER at term 198 for recognizeCandidate:92ce6e48-4722-407a-9620-5998c6999257
2019-10-18 14:01:48,218 [grpc-default-executor-0] INFO  impl.RoleInfo (RoleInfo.java:shutdownFollowerState(121)) - 66f9d00c-1e97-4252-958c-bed5a531abda: shutdown FollowerState
2019-10-18 14:01:48,218 [grpc-default-executor-4] INFO  impl.RoleInfo (RoleInfo.java:shutdownFollowerState(121)) - 6cbfae60-ea29-4abc-a49d-ef94f4bd513a: shutdown FollowerState
2019-10-18 14:01:48,219 [Thread-1442] INFO  impl.FollowerState (FollowerState.java:run(117)) - 66f9d00c-1e97-4252-958c-bed5a531abda@group-E964BE911FCC-FollowerState was interrupted: java.lang.InterruptedException: sleep interrupted
2019-10-18 14:01:48,218 [grpc-default-executor-0] INFO  impl.RoleInfo (RoleInfo.java:updateAndGet(143)) - 66f9d00c-1e97-4252-958c-bed5a531abda: start FollowerState
2019-10-18 14:01:48,219 [Thread-1441] INFO  impl.FollowerState (FollowerState.java:run(117)) - 6cbfae60-ea29-4abc-a49d-ef94f4bd513a@group-E964BE911FCC-FollowerState was interrupted: java.lang.InterruptedException: sleep interrupted
2019-10-18 14:01:48,219 [grpc-default-executor-4] INFO  impl.RoleInfo (RoleInfo.java:updateAndGet(143)) - 6cbfae60-ea29-4abc-a49d-ef94f4bd513a: start FollowerState
2019-10-18 14:01:48,231 [92ce6e48-4722-407a-9620-5998c6999257@group-E964BE911FCC-LeaderElection187] INFO  impl.LeaderElection (LeaderElection.java:logAndReturn(56)) - 92ce6e48-4722-407a-9620-5998c6999257@group-E964BE911FCC-LeaderElection187: Election REJECTED; received 2 response(s) [92ce6e48-4722-407a-9620-5998c6999257<-6cbfae60-ea29-4abc-a49d-ef94f4bd513a#0:FAIL-t198, 92ce6e48-4722-407a-9620-5998c6999257<-66f9d00c-1e97-4252-958c-bed5a531abda#0:FAIL-t198] and 0 exception(s); 92ce6e48-4722-407a-9620-5998c6999257@group-E964BE911FCC:t198, leader=null, voted=92ce6e48-4722-407a-9620-5998c6999257, raftlog=92ce6e48-4722-407a-9620-5998c6999257@group-E964BE911FCC-SegmentedRaftLog:OPENED:c-1,f-1,i0, conf=-1: [6cbfae60-ea29-4abc-a49d-ef94f4bd513a:192.168.69.85:36685, 66f9d00c-1e97-4252-958c-bed5a531abda:192.168.69.85:45996, 92ce6e48-4722-407a-9620-5998c6999257:192.168.69.85:34971], old=null
2019-10-18 14:01:48,231 [92ce6e48-4722-407a-9620-5998c6999257@group-E964BE911FCC-LeaderElection187] INFO  impl.RaftServerImpl (RaftServerImpl.java:setRole(184)) - 92ce6e48-4722-407a-9620-5998c6999257@group-E964BE911FCC: changes role from CANDIDATE to FOLLOWER at term 198 for DISCOVERED_A_NEW_TERM
2019-10-18 14:01:48,231 [92ce6e48-4722-407a-9620-5998c6999257@group-E964BE911FCC-LeaderElection187] INFO  impl.RoleInfo (RoleInfo.java:shutdownLeaderElection(134)) - 92ce6e48-4722-407a-9620-5998c6999257: shutdown LeaderElection
2019-10-18 14:01:48,231 [92ce6e48-4722-407a-9620-5998c6999257@group-E964BE911FCC-LeaderElection187] INFO  impl.RoleInfo (RoleInfo.java:updateAndGet(143)) - 92ce6e48-4722-407a-9620-5998c6999257: start FollowerState
2019-10-18 14:01:48,382 [Thread-1451] INFO  impl.FollowerState (FollowerState.java:run(108)) - 92ce6e48-4722-407a-9620-5998c6999257@group-E964BE911FCC-FollowerState: change to CANDIDATE, lastRpcTime:150ms, electionTimeout:150ms
2019-10-18 14:01:48,382 [Thread-1451] INFO  impl.RoleInfo (RoleInfo.java:shutdownFollowerState(121)) - 92ce6e48-4722-407a-9620-5998c6999257: shutdown FollowerState
2019-10-18 14:01:48,382 [Thread-1451] INFO  impl.RaftServerImpl (RaftServerImpl.java:setRole(184)) - 92ce6e48-4722-407a-9620-5998c6999257@group-E964BE911FCC: changes role from  FOLLOWER to CANDIDATE at term 198 for changeToCandidate
2019-10-18 14:01:48,382 [Thread-1451] INFO  impl.RoleInfo (RoleInfo.java:updateAndGet(143)) - 92ce6e48-4722-407a-9620-5998c6999257: start LeaderElection
2019-10-18 14:01:48,396 [92ce6e48-4722-407a-9620-5998c6999257@group-E964BE911FCC-LeaderElection188] INFO  impl.LeaderElection (LeaderElection.java:askForVotes(178)) - 92ce6e48-4722-407a-9620-5998c6999257@group-E964BE911FCC-LeaderElection188: begin an election at term 199 for -1: [6cbfae60-ea29-4abc-a49d-ef94f4bd513a:192.168.69.85:36685, 66f9d00c-1e97-4252-958c-bed5a531abda:192.168.69.85:45996, 92ce6e48-4722-407a-9620-5998c6999257:192.168.69.85:34971], old=null
2019-10-18 14:01:48,398 [grpc-default-executor-0] INFO  impl.RaftServerImpl (RaftServerImpl.java:setRole(184)) - 66f9d00c-1e97-4252-958c-bed5a531abda@group-E964BE911FCC: changes role from  FOLLOWER to FOLLOWER at term 199 for recognizeCandidate:92ce6e48-4722-407a-9620-5998c6999257
2019-10-18 14:01:48,398 [grpc-default-executor-4] INFO  impl.RaftServerImpl (RaftServerImpl.java:setRole(184)) - 6cbfae60-ea29-4abc-a49d-ef94f4bd513a@group-E964BE911FCC: changes role from  FOLLOWER to FOLLOWER at term 199 for recognizeCandidate:92ce6e48-4722-407a-9620-5998c6999257
2019-10-18 14:01:48,398 [grpc-default-executor-4] INFO  impl.RoleInfo (RoleInfo.java:shutdownFollowerState(121)) - 6cbfae60-ea29-4abc-a49d-ef94f4bd513a: shutdown FollowerState
2019-10-18 14:01:48,398 [grpc-default-executor-0] INFO  impl.RoleInfo (RoleInfo.java:shutdownFollowerState(121)) - 66f9d00c-1e97-4252-958c-bed5a531abda: shutdown FollowerState
2019-10-18 14:01:48,398 [Thread-1450] INFO  impl.FollowerState (FollowerState.java:run(117)) - 6cbfae60-ea29-4abc-a49d-ef94f4bd513a@group-E964BE911FCC-FollowerState was interrupted: java.lang.InterruptedException: sleep interrupted
2019-10-18 14:01:48,398 [grpc-default-executor-4] INFO  impl.RoleInfo (RoleInfo.java:updateAndGet(143)) - 6cbfae60-ea29-4abc-a49d-ef94f4bd513a: start FollowerState
2019-10-18 14:01:48,399 [grpc-default-executor-0] INFO  impl.RoleInfo (RoleInfo.java:updateAndGet(143)) - 66f9d00c-1e97-4252-958c-bed5a531abda: start FollowerState
2019-10-18 14:01:48,399 [Thread-1449] INFO  impl.FollowerState (FollowerState.java:run(117)) - 66f9d00c-1e97-4252-958c-bed5a531abda@group-E964BE911FCC-FollowerState was interrupted: java.lang.InterruptedException: sleep interrupted
2019-10-18 14:01:48,414 [92ce6e48-4722-407a-9620-5998c6999257@group-E964BE911FCC-LeaderElection188] INFO  impl.LeaderElection (LeaderElection.java:logAndReturn(56)) - 92ce6e48-4722-407a-9620-5998c6999257@group-E964BE911FCC-LeaderElection188: Election REJECTED; received 2 response(s) [92ce6e48-4722-407a-9620-5998c6999257<-6cbfae60-ea29-4abc-a49d-ef94f4bd513a#0:FAIL-t199, 92ce6e48-4722-407a-9620-5998c6999257<-66f9d00c-1e97-4252-958c-bed5a531abda#0:FAIL-t199] and 0 exception(s); 92ce6e48-4722-407a-9620-5998c6999257@group-E964BE911FCC:t199, leader=null, voted=92ce6e48-4722-407a-9620-5998c6999257, raftlog=92ce6e48-4722-407a-9620-5998c6999257@group-E964BE911FCC-SegmentedRaftLog:OPENED:c-1,f-1,i0, conf=-1: [6cbfae60-ea29-4abc-a49d-ef94f4bd513a:192.168.69.85:36685, 66f9d00c-1e97-4252-958c-bed5a531abda:192.168.69.85:45996, 92ce6e48-4722-407a-9620-5998c6999257:192.168.69.85:34971], old=null
2019-10-18 14:01:48,415 [92ce6e48-4722-407a-9620-5998c6999257@group-E964BE911FCC-LeaderElection188] INFO  impl.RaftServerImpl (RaftServerImpl.java:setRole(184)) - 92ce6e48-4722-407a-9620-5998c6999257@group-E964BE911FCC: changes role from CANDIDATE to FOLLOWER at term 199 for DISCOVERED_A_NEW_TERM
2019-10-18 14:01:48,415 [92ce6e48-4722-407a-9620-5998c6999257@group-E964BE911FCC-LeaderElection188] INFO  impl.RoleInfo (RoleInfo.java:shutdownLeaderElection(134)) - 92ce6e48-4722-407a-9620-5998c6999257: shutdown LeaderElection
2019-10-18 14:01:48,415 [92ce6e48-4722-407a-9620-5998c6999257@group-E964BE911FCC-LeaderElection188] INFO  impl.RoleInfo (RoleInfo.java:updateAndGet(143)) - 92ce6e48-4722-407a-9620-5998c6999257: start FollowerState
2019-10-18 14:01:48,478 [Thread-1458] INFO  impl.FollowerState (FollowerState.java:run(108)) - 92ce6e48-4722-407a-9620-5998c6999257@group-E964BE911FCC-FollowerState: change to CANDIDATE, lastRpcTime:63ms, electionTimeout:63ms
2019-10-18 14:01:48,478 [Thread-1458] INFO  impl.RoleInfo (RoleInfo.java:shutdownFollowerState(121)) - 92ce6e48-4722-407a-9620-5998c6999257: shutdown FollowerState
2019-10-18 14:01:48,478 [Thread-1458] INFO  impl.RaftServerImpl (RaftServerImpl.java:setRole(184)) - 92ce6e48-4722-407a-9620-5998c6999257@group-E964BE911FCC: changes role from  FOLLOWER to CANDIDATE at term 199 for changeToCandidate
2019-10-18 14:01:48,479 [Thread-1458] INFO  impl.RoleInfo (RoleInfo.java:updateAndGet(143)) - 92ce6e48-4722-407a-9620-5998c6999257: start LeaderElection
2019-10-18 14:01:48,493 [92ce6e48-4722-407a-9620-5998c6999257@group-E964BE911FCC-LeaderElection189] INFO  impl.LeaderElection (LeaderElection.java:askForVotes(178)) - 92ce6e48-4722-407a-9620-5998c6999257@group-E964BE911FCC-LeaderElection189: begin an election at term 200 for -1: [6cbfae60-ea29-4abc-a49d-ef94f4bd513a:192.168.69.85:36685, 66f9d00c-1e97-4252-958c-bed5a531abda:192.168.69.85:45996, 92ce6e48-4722-407a-9620-5998c6999257:192.168.69.85:34971], old=null
2019-10-18 14:01:48,495 [grpc-default-executor-0] INFO  impl.RaftServerImpl (RaftServerImpl.java:setRole(184)) - 6cbfae60-ea29-4abc-a49d-ef94f4bd513a@group-E964BE911FCC: changes role from  FOLLOWER to FOLLOWER at term 200 for recognizeCandidate:92ce6e48-4722-407a-9620-5998c6999257
2019-10-18 14:01:48,495 [grpc-default-executor-0] INFO  impl.RoleInfo (RoleInfo.java:shutdownFollowerState(121)) - 6cbfae60-ea29-4abc-a49d-ef94f4bd513a: shutdown FollowerState
2019-10-18 14:01:48,495 [grpc-default-executor-4] INFO  impl.RaftServerImpl (RaftServerImpl.java:setRole(184)) - 66f9d00c-1e97-4252-958c-bed5a531abda@group-E964BE911FCC: changes role from  FOLLOWER to FOLLOWER at term 200 for recognizeCandidate:92ce6e48-4722-407a-9620-5998c6999257
2019-10-18 14:01:48,495 [Thread-1456] INFO  impl.FollowerState (FollowerState.java:run(117)) - 6cbfae60-ea29-4abc-a49d-ef94f4bd513a@group-E964BE911FCC-FollowerState was interrupted: java.lang.InterruptedException: sleep interrupted
2019-10-18 14:01:48,495 [grpc-default-executor-0] INFO  impl.RoleInfo (RoleInfo.java:updateAndGet(143)) - 6cbfae60-ea29-4abc-a49d-ef94f4bd513a: start FollowerState
2019-10-18 14:01:48,495 [grpc-default-executor-4] INFO  impl.RoleInfo (RoleInfo.java:shutdownFollowerState(121)) - 66f9d00c-1e97-4252-958c-bed5a531abda: shutdown FollowerState
2019-10-18 14:01:48,496 [grpc-default-executor-4] INFO  impl.RoleInfo (RoleInfo.java:updateAndGet(143)) - 66f9d00c-1e97-4252-958c-bed5a531abda: start FollowerState
2019-10-18 14:01:48,496 [Thread-1457] INFO  impl.FollowerState (FollowerState.java:run(117)) - 66f9d00c-1e97-4252-958c-bed5a531abda@group-E964BE911FCC-FollowerState was interrupted: java.lang.InterruptedException: sleep interrupted
2019-10-18 14:01:48,506 [92ce6e48-4722-407a-9620-5998c6999257@group-E964BE911FCC-LeaderElection189] INFO  impl.LeaderElection (LeaderElection.java:logAndReturn(56)) - 92ce6e48-4722-407a-9620-5998c6999257@group-E964BE911FCC-LeaderElection189: Election REJECTED; received 2 response(s) [92ce6e48-4722-407a-9620-5998c6999257<-6cbfae60-ea29-4abc-a49d-ef94f4bd513a#0:FAIL-t200, 92ce6e48-4722-407a-9620-5998c6999257<-66f9d00c-1e97-4252-958c-bed5a531abda#0:FAIL-t200] and 0 exception(s); 92ce6e48-4722-407a-9620-5998c6999257@group-E964BE911FCC:t200, leader=null, voted=92ce6e48-4722-407a-9620-5998c6999257, raftlog=92ce6e48-4722-407a-9620-5998c6999257@group-E964BE911FCC-SegmentedRaftLog:OPENED:c-1,f-1,i0, conf=-1: [6cbfae60-ea29-4abc-a49d-ef94f4bd513a:192.168.69.85:36685, 66f9d00c-1e97-4252-958c-bed5a531abda:192.168.69.85:45996, 92ce6e48-4722-407a-9620-5998c6999257:192.168.69.85:34971], old=null
2019-10-18 14:01:48,507 [92ce6e48-4722-407a-9620-5998c6999257@group-E964BE911FCC-LeaderElection189] INFO  impl.RaftServerImpl (RaftServerImpl.java:setRole(184)) - 92ce6e48-4722-407a-9620-5998c6999257@group-E964BE911FCC: changes role from CANDIDATE to FOLLOWER at term 200 for DISCOVERED_A_NEW_TERM
2019-10-18 14:01:48,507 [92ce6e48-4722-407a-9620-5998c6999257@group-E964BE911FCC-LeaderElection189] INFO  impl.RoleInfo (RoleInfo.java:shutdownLeaderElection(134)) - 92ce6e48-4722-407a-9620-5998c6999257: shutdown LeaderElection
2019-10-18 14:01:48,507 [92ce6e48-4722-407a-9620-5998c6999257@group-E964BE911FCC-LeaderElection189] INFO  impl.RoleInfo (RoleInfo.java:updateAndGet(143)) - 92ce6e48-4722-407a-9620-5998c6999257: start FollowerState
2019-10-18 14:01:48,512 [Thread-1464] INFO  impl.FollowerState (FollowerState.java:run(108)) - 92ce6e48-4722-407a-9620-5998c6999257@group-E964BE911FCC-FollowerState: change to CANDIDATE, lastRpcTime:5ms, electionTimeout:5ms
2019-10-18 14:01:48,512 [Thread-1464] INFO  impl.RoleInfo (RoleInfo.java:shutdownFollowerState(121)) - 92ce6e48-4722-407a-9620-5998c6999257: shutdown FollowerState
2019-10-18 14:01:48,512 [Thread-1464] INFO  impl.RaftServerImpl (RaftServerImpl.java:setRole(184)) - 92ce6e48-4722-407a-9620-5998c6999257@group-E964BE911FCC: changes role from  FOLLOWER to CANDIDATE at term 200 for changeToCandidate
2019-10-18 14:01:48,512 [Thread-1464] INFO  impl.RoleInfo (RoleInfo.java:updateAndGet(143)) - 92ce6e48-4722-407a-9620-5998c6999257: start LeaderElection
2019-10-18 14:01:48,526 [92ce6e48-4722-407a-9620-5998c6999257@group-E964BE911FCC-LeaderElection190] INFO  impl.LeaderElection (LeaderElection.java:askForVotes(178)) - 92ce6e48-4722-407a-9620-5998c6999257@group-E964BE911FCC-LeaderElection190: begin an election at term 201 for -1: [6cbfae60-ea29-4abc-a49d-ef94f4bd513a:192.168.69.85:36685, 66f9d00c-1e97-4252-958c-bed5a531abda:192.168.69.85:45996, 92ce6e48-4722-407a-9620-5998c6999257:192.168.69.85:34971], old=null
2019-10-18 14:01:48,527 [grpc-default-executor-0] INFO  impl.RaftServerImpl (RaftServerImpl.java:setRole(184)) - 66f9d00c-1e97-4252-958c-bed5a531abda@group-E964BE911FCC: changes role from  FOLLOWER to FOLLOWER at term 201 for recognizeCandidate:92ce6e48-4722-407a-9620-5998c6999257
2019-10-18 14:01:48,528 [grpc-default-executor-0] INFO  impl.RoleInfo (RoleInfo.java:shutdownFollowerState(121)) - 66f9d00c-1e97-4252-958c-bed5a531abda: shutdown FollowerState
2019-10-18 14:01:48,528 [grpc-default-executor-0] INFO  impl.RoleInfo (RoleInfo.java:updateAndGet(143)) - 66f9d00c-1e97-4252-958c-bed5a531abda: start FollowerState
2019-10-18 14:01:48,528 [grpc-default-executor-4] INFO  impl.RaftServerImpl (RaftServerImpl.java:setRole(184)) - 6cbfae60-ea29-4abc-a49d-ef94f4bd513a@group-E964BE911FCC: changes role from  FOLLOWER to FOLLOWER at term 201 for recognizeCandidate:92ce6e48-4722-407a-9620-5998c6999257
2019-10-18 14:01:48,528 [Thread-1463] INFO  impl.FollowerState (FollowerState.java:run(117)) - 66f9d00c-1e97-4252-958c-bed5a531abda@group-E964BE911FCC-FollowerState was interrupted: java.lang.InterruptedException: sleep interrupted
2019-10-18 14:01:48,528 [grpc-default-executor-4] INFO  impl.RoleInfo (RoleInfo.java:shutdownFollowerState(121)) - 6cbfae60-ea29-4abc-a49d-ef94f4bd513a: shutdown FollowerState
2019-10-18 14:01:48,528 [grpc-default-executor-4] INFO  impl.RoleInfo (RoleInfo.java:updateAndGet(143)) - 6cbfae60-ea29-4abc-a49d-ef94f4bd513a: start FollowerState
2019-10-18 14:01:48,528 [Thread-1462] INFO  impl.FollowerState (FollowerState.java:run(117)) - 6cbfae60-ea29-4abc-a49d-ef94f4bd513a@group-E964BE911FCC-FollowerState was interrupted: java.lang.InterruptedException: sleep interrupted
2019-10-18 14:01:48,543 [92ce6e48-4722-407a-9620-5998c6999257@group-E964BE911FCC-LeaderElection190] INFO  impl.LeaderElection (LeaderElection.java:logAndReturn(56)) - 92ce6e48-4722-407a-9620-5998c6999257@group-E964BE911FCC-LeaderElection190: Election REJECTED; received 2 response(s) [92ce6e48-4722-407a-9620-5998c6999257<-6cbfae60-ea29-4abc-a49d-ef94f4bd513a#0:FAIL-t201, 92ce6e48-4722-407a-9620-5998c6999257<-66f9d00c-1e97-4252-958c-bed5a531abda#0:FAIL-t201] and 0 exception(s); 92ce6e48-4722-407a-9620-5998c6999257@group-E964BE911FCC:t201, leader=null, voted=92ce6e48-4722-407a-9620-5998c6999257, raftlog=92ce6e48-4722-407a-9620-5998c6999257@group-E964BE911FCC-SegmentedRaftLog:OPENED:c-1,f-1,i0, conf=-1: [6cbfae60-ea29-4abc-a49d-ef94f4bd513a:192.168.69.85:36685, 66f9d00c-1e97-4252-958c-bed5a531abda:192.168.69.85:45996, 92ce6e48-4722-407a-9620-5998c6999257:192.168.69.85:34971], old=null
2019-10-18 14:01:48,543 [92ce6e48-4722-407a-9620-5998c6999257@group-E964BE911FCC-LeaderElection190] INFO  impl.RaftServerImpl (RaftServerImpl.java:setRole(184)) - 92ce6e48-4722-407a-9620-5998c6999257@group-E964BE911FCC: changes role from CANDIDATE to FOLLOWER at term 201 for DISCOVERED_A_NEW_TERM
2019-10-18 14:01:48,543 [92ce6e48-4722-407a-9620-5998c6999257@group-E964BE911FCC-LeaderElection190] INFO  impl.RoleInfo (RoleInfo.java:shutdownLeaderElection(134)) - 92ce6e48-4722-407a-9620-5998c6999257: shutdown LeaderElection
2019-10-18 14:01:48,543 [92ce6e48-4722-407a-9620-5998c6999257@group-E964BE911FCC-LeaderElection190] INFO  impl.RoleInfo (RoleInfo.java:updateAndGet(143)) - 92ce6e48-4722-407a-9620-5998c6999257: start FollowerState
2019-10-18 14:01:48,547 [Thread-1470] INFO  impl.FollowerState (FollowerState.java:run(108)) - 92ce6e48-4722-407a-9620-5998c6999257@group-E964BE911FCC-FollowerState: change to CANDIDATE, lastRpcTime:3ms, electionTimeout:3ms
2019-10-18 14:01:48,547 [Thread-1470] INFO  impl.RoleInfo (RoleInfo.java:shutdownFollowerState(121)) - 92ce6e48-4722-407a-9620-5998c6999257: shutdown FollowerState
2019-10-18 14:01:48,547 [Thread-1470] INFO  impl.RaftServerImpl (RaftServerImpl.java:setRole(184)) - 92ce6e48-4722-407a-9620-5998c6999257@group-E964BE911FCC: changes role from  FOLLOWER to CANDIDATE at term 201 for changeToCandidate
2019-10-18 14:01:48,547 [Thread-1470] INFO  impl.RoleInfo (RoleInfo.java:updateAndGet(143)) - 92ce6e48-4722-407a-9620-5998c6999257: start LeaderElection
2019-10-18 14:01:48,562 [92ce6e48-4722-407a-9620-5998c6999257@group-E964BE911FCC-LeaderElection191] INFO  impl.LeaderElection (LeaderElection.java:askForVotes(178)) - 92ce6e48-4722-407a-9620-5998c6999257@group-E964BE911FCC-LeaderElection191: begin an election at term 202 for -1: [6cbfae60-ea29-4abc-a49d-ef94f4bd513a:192.168.69.85:36685, 66f9d00c-1e97-4252-958c-bed5a531abda:192.168.69.85:45996, 92ce6e48-4722-407a-9620-5998c6999257:192.168.69.85:34971], old=null
2019-10-18 14:01:48,563 [grpc-default-executor-0] INFO  impl.RaftServerImpl (RaftServerImpl.java:setRole(184)) - 6cbfae60-ea29-4abc-a49d-ef94f4bd513a@group-E964BE911FCC: changes role from  FOLLOWER to FOLLOWER at term 202 for recognizeCandidate:92ce6e48-4722-407a-9620-5998c6999257
2019-10-18 14:01:48,564 [grpc-default-executor-4] INFO  impl.RaftServerImpl (RaftServerImpl.java:setRole(184)) - 66f9d00c-1e97-4252-958c-bed5a531abda@group-E964BE911FCC: changes role from  FOLLOWER to FOLLOWER at term 202 for recognizeCandidate:92ce6e48-4722-407a-9620-5998c6999257
2019-10-18 14:01:48,564 [grpc-default-executor-4] INFO  impl.RoleInfo (RoleInfo.java:shutdownFollowerState(121)) - 66f9d00c-1e97-4252-958c-bed5a531abda: shutdown FollowerState
2019-10-18 14:01:48,564 [grpc-default-executor-0] INFO  impl.RoleInfo (RoleInfo.java:shutdownFollowerState(121)) - 6cbfae60-ea29-4abc-a49d-ef94f4bd513a: shutdown FollowerState
2019-10-18 14:01:48,564 [Thread-1468] INFO  impl.FollowerState (FollowerState.java:run(117)) - 66f9d00c-1e97-4252-958c-bed5a531abda@group-E964BE911FCC-FollowerState was interrupted: java.lang.InterruptedException: sleep interrupted
2019-10-18 14:01:48,564 [grpc-default-executor-4] INFO  impl.RoleInfo (RoleInfo.java:updateAndGet(143)) - 66f9d00c-1e97-4252-958c-bed5a531abda: start FollowerState
2019-10-18 14:01:48,564 [Thread-1469] INFO  impl.FollowerState (FollowerState.java:run(117)) - 6cbfae60-ea29-4abc-a49d-ef94f4bd513a@group-E964BE911FCC-FollowerState was interrupted: java.lang.InterruptedException: sleep interrupted
2019-10-18 14:01:48,564 [grpc-default-executor-0] INFO  impl.RoleInfo (RoleInfo.java:updateAndGet(143)) - 6cbfae60-ea29-4abc-a49d-ef94f4bd513a: start FollowerState
2019-10-18 14:01:48,579 [92ce6e48-4722-407a-9620-5998c6999257@group-E964BE911FCC-LeaderElection191] INFO  impl.LeaderElection (LeaderElection.java:logAndReturn(56)) - 92ce6e48-4722-407a-9620-5998c6999257@group-E964BE911FCC-LeaderElection191: Election TIMEOUT; received 0 response(s) [] and 0 exception(s); 92ce6e48-4722-407a-9620-5998c6999257@group-E964BE911FCC:t202, leader=null, voted=92ce6e48-4722-407a-9620-5998c6999257, raftlog=92ce6e48-4722-407a-9620-5998c6999257@group-E964BE911FCC-SegmentedRaftLog:OPENED:c-1,f-1,i0, conf=-1: [6cbfae60-ea29-4abc-a49d-ef94f4bd513a:192.168.69.85:36685, 66f9d00c-1e97-4252-958c-bed5a531abda:192.168.69.85:45996, 92ce6e48-4722-407a-9620-5998c6999257:192.168.69.85:34971], old=null
2019-10-18 14:01:48,600 [92ce6e48-4722-407a-9620-5998c6999257@group-E964BE911FCC-LeaderElection191] INFO  impl.LeaderElection (LeaderElection.java:askForVotes(178)) - 92ce6e48-4722-407a-9620-5998c6999257@group-E964BE911FCC-LeaderElection191: begin an election at term 203 for -1: [6cbfae60-ea29-4abc-a49d-ef94f4bd513a:192.168.69.85:36685, 66f9d00c-1e97-4252-958c-bed5a531abda:192.168.69.85:45996, 92ce6e48-4722-407a-9620-5998c6999257:192.168.69.85:34971], old=null
2019-10-18 14:01:48,601 [grpc-default-executor-4] INFO  impl.RaftServerImpl (RaftServerImpl.java:setRole(184)) - 6cbfae60-ea29-4abc-a49d-ef94f4bd513a@group-E964BE911FCC: changes role from  FOLLOWER to FOLLOWER at term 203 for recognizeCandidate:92ce6e48-4722-407a-9620-5998c6999257
2019-10-18 14:01:48,601 [grpc-default-executor-4] INFO  impl.RoleInfo (RoleInfo.java:shutdownFollowerState(121)) - 6cbfae60-ea29-4abc-a49d-ef94f4bd513a: shutdown FollowerState
2019-10-18 14:01:48,601 [grpc-default-executor-4] INFO  impl.RoleInfo (RoleInfo.java:updateAndGet(143)) - 6cbfae60-ea29-4abc-a49d-ef94f4bd513a: start FollowerState
2019-10-18 14:01:48,602 [Thread-1475] INFO  impl.FollowerState (FollowerState.java:run(117)) - 6cbfae60-ea29-4abc-a49d-ef94f4bd513a@group-E964BE911FCC-FollowerState was interrupted: java.lang.InterruptedException: sleep interrupted
2019-10-18 14:01:48,602 [grpc-default-executor-0] INFO  impl.RaftServerImpl (RaftServerImpl.java:setRole(184)) - 66f9d00c-1e97-4252-958c-bed5a531abda@group-E964BE911FCC: changes role from  FOLLOWER to FOLLOWER at term 203 for recognizeCandidate:92ce6e48-4722-407a-9620-5998c6999257
2019-10-18 14:01:48,602 [grpc-default-executor-0] INFO  impl.RoleInfo (RoleInfo.java:shutdownFollowerState(121)) - 66f9d00c-1e97-4252-958c-bed5a531abda: shutdown FollowerState
2019-10-18 14:01:48,602 [grpc-default-executor-0] INFO  impl.RoleInfo (RoleInfo.java:updateAndGet(143)) - 66f9d00c-1e97-4252-958c-bed5a531abda: start FollowerState
2019-10-18 14:01:48,602 [Thread-1474] INFO  impl.FollowerState (FollowerState.java:run(117)) - 66f9d00c-1e97-4252-958c-bed5a531abda@group-E964BE911FCC-FollowerState was interrupted: java.lang.InterruptedException: sleep interrupted
2019-10-18 14:01:48,627 [92ce6e48-4722-407a-9620-5998c6999257@group-E964BE911FCC-LeaderElection191] INFO  impl.LeaderElection (LeaderElection.java:logAndReturn(56)) - 92ce6e48-4722-407a-9620-5998c6999257@group-E964BE911FCC-LeaderElection191: Election REJECTED; received 2 response(s) [92ce6e48-4722-407a-9620-5998c6999257<-6cbfae60-ea29-4abc-a49d-ef94f4bd513a#0:FAIL-t203, 92ce6e48-4722-407a-9620-5998c6999257<-66f9d00c-1e97-4252-958c-bed5a531abda#0:FAIL-t203] and 0 exception(s); 92ce6e48-4722-407a-9620-5998c6999257@group-E964BE911FCC:t203, leader=null, voted=92ce6e48-4722-407a-9620-5998c6999257, raftlog=92ce6e48-4722-407a-9620-5998c6999257@group-E964BE911FCC-SegmentedRaftLog:OPENED:c-1,f-1,i0, conf=-1: [6cbfae60-ea29-4abc-a49d-ef94f4bd513a:192.168.69.85:36685, 66f9d00c-1e97-4252-958c-bed5a531abda:192.168.69.85:45996, 92ce6e48-4722-407a-9620-5998c6999257:192.168.69.85:34971], old=null
2019-10-18 14:01:48,627 [92ce6e48-4722-407a-9620-5998c6999257@group-E964BE911FCC-LeaderElection191] INFO  impl.RaftServerImpl (RaftServerImpl.java:setRole(184)) - 92ce6e48-4722-407a-9620-5998c6999257@group-E964BE911FCC: changes role from CANDIDATE to FOLLOWER at term 203 for DISCOVERED_A_NEW_TERM
2019-10-18 14:01:48,628 [92ce6e48-4722-407a-9620-5998c6999257@group-E964BE911FCC-LeaderElection191] INFO  impl.RoleInfo (RoleInfo.java:shutdownLeaderElection(134)) - 92ce6e48-4722-407a-9620-5998c6999257: shutdown LeaderElection
2019-10-18 14:01:48,628 [92ce6e48-4722-407a-9620-5998c6999257@group-E964BE911FCC-LeaderElection191] INFO  impl.RoleInfo (RoleInfo.java:updateAndGet(143)) - 92ce6e48-4722-407a-9620-5998c6999257: start FollowerState
2019-10-18 14:01:48,787 [Thread-1480] INFO  impl.FollowerState (FollowerState.java:run(108)) - 92ce6e48-4722-407a-9620-5998c6999257@group-E964BE911FCC-FollowerState: change to CANDIDATE, lastRpcTime:159ms, electionTimeout:159ms
2019-10-18 14:01:48,787 [Thread-1480] INFO  impl.RoleInfo (RoleInfo.java:shutdownFollowerState(121)) - 92ce6e48-4722-407a-9620-5998c6999257: shutdown FollowerState
2019-10-18 14:01:48,787 [Thread-1480] INFO  impl.RaftServerImpl (RaftServerImpl.java:setRole(184)) - 92ce6e48-4722-407a-9620-5998c6999257@group-E964BE911FCC: changes role from  FOLLOWER to CANDIDATE at term 203 for changeToCandidate
2019-10-18 14:01:48,788 [Thread-1480] INFO  impl.RoleInfo (RoleInfo.java:updateAndGet(143)) - 92ce6e48-4722-407a-9620-5998c6999257: start LeaderElection
2019-10-18 14:01:48,813 [92ce6e48-4722-407a-9620-5998c6999257@group-E964BE911FCC-LeaderElection192] INFO  impl.LeaderElection (LeaderElection.java:askForVotes(178)) - 92ce6e48-4722-407a-9620-5998c6999257@group-E964BE911FCC-LeaderElection192: begin an election at term 204 for -1: [6cbfae60-ea29-4abc-a49d-ef94f4bd513a:192.168.69.85:36685, 66f9d00c-1e97-4252-958c-bed5a531abda:192.168.69.85:45996, 92ce6e48-4722-407a-9620-5998c6999257:192.168.69.85:34971], old=null
2019-10-18 14:01:48,815 [grpc-default-executor-4] INFO  impl.RaftServerImpl (RaftServerImpl.java:setRole(184)) - 66f9d00c-1e97-4252-958c-bed5a531abda@group-E964BE911FCC: changes role from  FOLLOWER to FOLLOWER at term 204 for recognizeCandidate:92ce6e48-4722-407a-9620-5998c6999257
2019-10-18 14:01:48,816 [grpc-default-executor-0] INFO  impl.RaftServerImpl (RaftServerImpl.java:setRole(184)) - 6cbfae60-ea29-4abc-a49d-ef94f4bd513a@group-E964BE911FCC: changes role from  FOLLOWER to FOLLOWER at term 204 for recognizeCandidate:92ce6e48-4722-407a-9620-5998c6999257
2019-10-18 14:01:48,816 [grpc-default-executor-0] INFO  impl.RoleInfo (RoleInfo.java:shutdownFollowerState(121)) - 6cbfae60-ea29-4abc-a49d-ef94f4bd513a: shutdown FollowerState
2019-10-18 14:01:48,816 [grpc-default-executor-4] INFO  impl.RoleInfo (RoleInfo.java:shutdownFollowerState(121)) - 66f9d00c-1e97-4252-958c-bed5a531abda: shutdown FollowerState
2019-10-18 14:01:48,816 [grpc-default-executor-0] INFO  impl.RoleInfo (RoleInfo.java:updateAndGet(143)) - 6cbfae60-ea29-4abc-a49d-ef94f4bd513a: start FollowerState
2019-10-18 14:01:48,816 [Thread-1478] INFO  impl.FollowerState (FollowerState.java:run(117)) - 6cbfae60-ea29-4abc-a49d-ef94f4bd513a@group-E964BE911FCC-FollowerState was interrupted: java.lang.InterruptedException: sleep interrupted
2019-10-18 14:01:48,816 [Thread-1479] INFO  impl.FollowerState (FollowerState.java:run(117)) - 66f9d00c-1e97-4252-958c-bed5a531abda@group-E964BE911FCC-FollowerState was interrupted: java.lang.InterruptedException: sleep interrupted
2019-10-18 14:01:48,816 [grpc-default-executor-4] INFO  impl.RoleInfo (RoleInfo.java:updateAndGet(143)) - 66f9d00c-1e97-4252-958c-bed5a531abda: start FollowerState
2019-10-18 14:01:48,843 [92ce6e48-4722-407a-9620-5998c6999257@group-E964BE911FCC-LeaderElection192] INFO  impl.LeaderElection (LeaderElection.java:logAndReturn(56)) - 92ce6e48-4722-407a-9620-5998c6999257@group-E964BE911FCC-LeaderElection192: Election REJECTED; received 2 response(s) [92ce6e48-4722-407a-9620-5998c6999257<-6cbfae60-ea29-4abc-a49d-ef94f4bd513a#0:FAIL-t204, 92ce6e48-4722-407a-9620-5998c6999257<-66f9d00c-1e97-4252-958c-bed5a531abda#0:FAIL-t204] and 0 exception(s); 92ce6e48-4722-407a-9620-5998c6999257@group-E964BE911FCC:t204, leader=null, voted=92ce6e48-4722-407a-9620-5998c6999257, raftlog=92ce6e48-4722-407a-9620-5998c6999257@group-E964BE911FCC-SegmentedRaftLog:OPENED:c-1,f-1,i0, conf=-1: [6cbfae60-ea29-4abc-a49d-ef94f4bd513a:192.168.69.85:36685, 66f9d00c-1e97-4252-958c-bed5a531abda:192.168.69.85:45996, 92ce6e48-4722-407a-9620-5998c6999257:192.168.69.85:34971], old=null
2019-10-18 14:01:48,843 [92ce6e48-4722-407a-9620-5998c6999257@group-E964BE911FCC-LeaderElection192] INFO  impl.RaftServerImpl (RaftServerImpl.java:setRole(184)) - 92ce6e48-4722-407a-9620-5998c6999257@group-E964BE911FCC: changes role from CANDIDATE to FOLLOWER at term 204 for DISCOVERED_A_NEW_TERM
2019-10-18 14:01:48,843 [92ce6e48-4722-407a-9620-5998c6999257@group-E964BE911FCC-LeaderElection192] INFO  impl.RoleInfo (RoleInfo.java:shutdownLeaderElection(134)) - 92ce6e48-4722-407a-9620-5998c6999257: shutdown LeaderElection
2019-10-18 14:01:48,843 [92ce6e48-4722-407a-9620-5998c6999257@group-E964BE911FCC-LeaderElection192] INFO  impl.RoleInfo (RoleInfo.java:updateAndGet(143)) - 92ce6e48-4722-407a-9620-5998c6999257: start FollowerState
2019-10-18 14:01:49,040 [Thread-1486] INFO  impl.FollowerState (FollowerState.java:run(108)) - 92ce6e48-4722-407a-9620-5998c6999257@group-E964BE911FCC-FollowerState: change to CANDIDATE, lastRpcTime:196ms, electionTimeout:196ms
2019-10-18 14:01:49,040 [Thread-1486] INFO  impl.RoleInfo (RoleInfo.java:shutdownFollowerState(121)) - 92ce6e48-4722-407a-9620-5998c6999257: shutdown FollowerState
2019-10-18 14:01:49,040 [Thread-1486] INFO  impl.RaftServerImpl (RaftServerImpl.java:setRole(184)) - 92ce6e48-4722-407a-9620-5998c6999257@group-E964BE911FCC: changes role from  FOLLOWER to CANDIDATE at term 204 for changeToCandidate
2019-10-18 14:01:49,040 [Thread-1486] INFO  impl.RoleInfo (RoleInfo.java:updateAndGet(143)) - 92ce6e48-4722-407a-9620-5998c6999257: start LeaderElection
2019-10-18 14:01:49,055 [92ce6e48-4722-407a-9620-5998c6999257@group-E964BE911FCC-LeaderElection193] INFO  impl.LeaderElection (LeaderElection.java:askForVotes(178)) - 92ce6e48-4722-407a-9620-5998c6999257@group-E964BE911FCC-LeaderElection193: begin an election at term 205 for -1: [6cbfae60-ea29-4abc-a49d-ef94f4bd513a:192.168.69.85:36685, 66f9d00c-1e97-4252-958c-bed5a531abda:192.168.69.85:45996, 92ce6e48-4722-407a-9620-5998c6999257:192.168.69.85:34971], old=null
2019-10-18 14:01:49,058 [grpc-default-executor-0] INFO  impl.RaftServerImpl (RaftServerImpl.java:setRole(184)) - 6cbfae60-ea29-4abc-a49d-ef94f4bd513a@group-E964BE911FCC: changes role from  FOLLOWER to FOLLOWER at term 205 for recognizeCandidate:92ce6e48-4722-407a-9620-5998c6999257
2019-10-18 14:01:49,058 [grpc-default-executor-0] INFO  impl.RoleInfo (RoleInfo.java:shutdownFollowerState(121)) - 6cbfae60-ea29-4abc-a49d-ef94f4bd513a: shutdown FollowerState
2019-10-18 14:01:49,058 [grpc-default-executor-4] INFO  impl.RaftServerImpl (RaftServerImpl.java:setRole(184)) - 66f9d00c-1e97-4252-958c-bed5a531abda@group-E964BE911FCC: changes role from  FOLLOWER to FOLLOWER at term 205 for recognizeCandidate:92ce6e48-4722-407a-9620-5998c6999257
2019-10-18 14:01:49,058 [Thread-1484] INFO  impl.FollowerState (FollowerState.java:run(117)) - 6cbfae60-ea29-4abc-a49d-ef94f4bd513a@group-E964BE911FCC-FollowerState was interrupted: java.lang.InterruptedException: sleep interrupted
2019-10-18 14:01:49,058 [grpc-default-executor-0] INFO  impl.RoleInfo (RoleInfo.java:updateAndGet(143)) - 6cbfae60-ea29-4abc-a49d-ef94f4bd513a: start FollowerState
2019-10-18 14:01:49,058 [grpc-default-executor-4] INFO  impl.RoleInfo (RoleInfo.java:shutdownFollowerState(121)) - 66f9d00c-1e97-4252-958c-bed5a531abda: shutdown FollowerState
2019-10-18 14:01:49,059 [grpc-default-executor-4] INFO  impl.RoleInfo (RoleInfo.java:updateAndGet(143)) - 66f9d00c-1e97-4252-958c-bed5a531abda: start FollowerState
2019-10-18 14:01:49,059 [Thread-1485] INFO  impl.FollowerState (FollowerState.java:run(117)) - 66f9d00c-1e97-4252-958c-bed5a531abda@group-E964BE911FCC-FollowerState was interrupted: java.lang.InterruptedException: sleep interrupted
2019-10-18 14:01:49,071 [92ce6e48-4722-407a-9620-5998c6999257@group-E964BE911FCC-LeaderElection193] INFO  impl.LeaderElection (LeaderElection.java:logAndReturn(56)) - 92ce6e48-4722-407a-9620-5998c6999257@group-E964BE911FCC-LeaderElection193: Election REJECTED; received 2 response(s) [92ce6e48-4722-407a-9620-5998c6999257<-6cbfae60-ea29-4abc-a49d-ef94f4bd513a#0:FAIL-t205, 92ce6e48-4722-407a-9620-5998c6999257<-66f9d00c-1e97-4252-958c-bed5a531abda#0:FAIL-t205] and 0 exception(s); 92ce6e48-4722-407a-9620-5998c6999257@group-E964BE911FCC:t205, leader=null, voted=92ce6e48-4722-407a-9620-5998c6999257, raftlog=92ce6e48-4722-407a-9620-5998c6999257@group-E964BE911FCC-SegmentedRaftLog:OPENED:c-1,f-1,i0, conf=-1: [6cbfae60-ea29-4abc-a49d-ef94f4bd513a:192.168.69.85:36685, 66f9d00c-1e97-4252-958c-bed5a531abda:192.168.69.85:45996, 92ce6e48-4722-407a-9620-5998c6999257:192.168.69.85:34971], old=null
2019-10-18 14:01:49,072 [92ce6e48-4722-407a-9620-5998c6999257@group-E964BE911FCC-LeaderElection193] INFO  impl.RaftServerImpl (RaftServerImpl.java:setRole(184)) - 92ce6e48-4722-407a-9620-5998c6999257@group-E964BE911FCC: changes role from CANDIDATE to FOLLOWER at term 205 for DISCOVERED_A_NEW_TERM
2019-10-18 14:01:49,072 [92ce6e48-4722-407a-9620-5998c6999257@group-E964BE911FCC-LeaderElection193] INFO  impl.RoleInfo (RoleInfo.java:shutdownLeaderElection(134)) - 92ce6e48-4722-407a-9620-5998c6999257: shutdown LeaderElection
2019-10-18 14:01:49,072 [92ce6e48-4722-407a-9620-5998c6999257@group-E964BE911FCC-LeaderElection193] INFO  impl.RoleInfo (RoleInfo.java:updateAndGet(143)) - 92ce6e48-4722-407a-9620-5998c6999257: start FollowerState
2019-10-18 14:01:49,252 [Thread-1492] INFO  impl.FollowerState (FollowerState.java:run(108)) - 92ce6e48-4722-407a-9620-5998c6999257@group-E964BE911FCC-FollowerState: change to CANDIDATE, lastRpcTime:180ms, electionTimeout:180ms
2019-10-18 14:01:49,253 [Thread-1492] INFO  impl.RoleInfo (RoleInfo.java:shutdownFollowerState(121)) - 92ce6e48-4722-407a-9620-5998c6999257: shutdown FollowerState
2019-10-18 14:01:49,253 [Thread-1492] INFO  impl.RaftServerImpl (RaftServerImpl.java:setRole(184)) - 92ce6e48-4722-407a-9620-5998c6999257@group-E964BE911FCC: changes role from  FOLLOWER to CANDIDATE at term 205 for changeToCandidate
2019-10-18 14:01:49,253 [Thread-1492] INFO  impl.RoleInfo (RoleInfo.java:updateAndGet(143)) - 92ce6e48-4722-407a-9620-5998c6999257: start LeaderElection
2019-10-18 14:01:49,268 [92ce6e48-4722-407a-9620-5998c6999257@group-E964BE911FCC-LeaderElection194] INFO  impl.LeaderElection (LeaderElection.java:askForVotes(178)) - 92ce6e48-4722-407a-9620-5998c6999257@group-E964BE911FCC-LeaderElection194: begin an election at term 206 for -1: [6cbfae60-ea29-4abc-a49d-ef94f4bd513a:192.168.69.85:36685, 66f9d00c-1e97-4252-958c-bed5a531abda:192.168.69.85:45996, 92ce6e48-4722-407a-9620-5998c6999257:192.168.69.85:34971], old=null
2019-10-18 14:01:49,271 [grpc-default-executor-4] INFO  impl.RaftServerImpl (RaftServerImpl.java:setRole(184)) - 6cbfae60-ea29-4abc-a49d-ef94f4bd513a@group-E964BE911FCC: changes role from  FOLLOWER to FOLLOWER at term 206 for recognizeCandidate:92ce6e48-4722-407a-9620-5998c6999257
2019-10-18 14:01:49,271 [grpc-default-executor-4] INFO  impl.RoleInfo (RoleInfo.java:shutdownFollowerState(121)) - 6cbfae60-ea29-4abc-a49d-ef94f4bd513a: shutdown FollowerState
2019-10-18 14:01:49,271 [grpc-default-executor-4] INFO  impl.RoleInfo (RoleInfo.java:updateAndGet(143)) - 6cbfae60-ea29-4abc-a49d-ef94f4bd513a: start FollowerState
2019-10-18 14:01:49,271 [grpc-default-executor-0] INFO  impl.RaftServerImpl (RaftServerImpl.java:setRole(184)) - 66f9d00c-1e97-4252-958c-bed5a531abda@group-E964BE911FCC: changes role from  FOLLOWER to FOLLOWER at term 206 for recognizeCandidate:92ce6e48-4722-407a-9620-5998c6999257
2019-10-18 14:01:49,271 [grpc-default-executor-0] INFO  impl.RoleInfo (RoleInfo.java:shutdownFollowerState(121)) - 66f9d00c-1e97-4252-958c-bed5a531abda: shutdown FollowerState
2019-10-18 14:01:49,271 [Thread-1490] INFO  impl.FollowerState (FollowerState.java:run(117)) - 6cbfae60-ea29-4abc-a49d-ef94f4bd513a@group-E964BE911FCC-FollowerState was interrupted: java.lang.InterruptedException: sleep interrupted
2019-10-18 14:01:49,272 [Thread-1491] INFO  impl.FollowerState (FollowerState.java:run(117)) - 66f9d00c-1e97-4252-958c-bed5a531abda@group-E964BE911FCC-FollowerState was interrupted: java.lang.InterruptedException: sleep interrupted
2019-10-18 14:01:49,271 [grpc-default-executor-0] INFO  impl.RoleInfo (RoleInfo.java:updateAndGet(143)) - 66f9d00c-1e97-4252-958c-bed5a531abda: start FollowerState
2019-10-18 14:01:49,287 [92ce6e48-4722-407a-9620-5998c6999257@group-E964BE911FCC-LeaderElection194] INFO  impl.LeaderElection (LeaderElection.java:logAndReturn(56)) - 92ce6e48-4722-407a-9620-5998c6999257@group-E964BE911FCC-LeaderElection194: Election REJECTED; received 2 response(s) [92ce6e48-4722-407a-9620-5998c6999257<-6cbfae60-ea29-4abc-a49d-ef94f4bd513a#0:FAIL-t206, 92ce6e48-4722-407a-9620-5998c6999257<-66f9d00c-1e97-4252-958c-bed5a531abda#0:FAIL-t206] and 0 exception(s); 92ce6e48-4722-407a-9620-5998c6999257@group-E964BE911FCC:t206, leader=null, voted=92ce6e48-4722-407a-9620-5998c6999257, raftlog=92ce6e48-4722-407a-9620-5998c6999257@group-E964BE911FCC-SegmentedRaftLog:OPENED:c-1,f-1,i0, conf=-1: [6cbfae60-ea29-4abc-a49d-ef94f4bd513a:192.168.69.85:36685, 66f9d00c-1e97-4252-958c-bed5a531abda:192.168.69.85:45996, 92ce6e48-4722-407a-9620-5998c6999257:192.168.69.85:34971], old=null
2019-10-18 14:01:49,288 [92ce6e48-4722-407a-9620-5998c6999257@group-E964BE911FCC-LeaderElection194] INFO  impl.RaftServerImpl (RaftServerImpl.java:setRole(184)) - 92ce6e48-4722-407a-9620-5998c6999257@group-E964BE911FCC: changes role from CANDIDATE to FOLLOWER at term 206 for DISCOVERED_A_NEW_TERM
2019-10-18 14:01:49,288 [92ce6e48-4722-407a-9620-5998c6999257@group-E964BE911FCC-LeaderElection194] INFO  impl.RoleInfo (RoleInfo.java:shutdownLeaderElection(134)) - 92ce6e48-4722-407a-9620-5998c6999257: shutdown LeaderElection
2019-10-18 14:01:49,288 [92ce6e48-4722-407a-9620-5998c6999257@group-E964BE911FCC-LeaderElection194] INFO  impl.RoleInfo (RoleInfo.java:updateAndGet(143)) - 92ce6e48-4722-407a-9620-5998c6999257: start FollowerState
2019-10-18 14:01:49,409 [Thread-1500] INFO  impl.FollowerState (FollowerState.java:run(108)) - 92ce6e48-4722-407a-9620-5998c6999257@group-E964BE911FCC-FollowerState: change to CANDIDATE, lastRpcTime:121ms, electionTimeout:121ms
2019-10-18 14:01:49,409 [Thread-1500] INFO  impl.RoleInfo (RoleInfo.java:shutdownFollowerState(121)) - 92ce6e48-4722-407a-9620-5998c6999257: shutdown FollowerState
2019-10-18 14:01:49,409 [Thread-1500] INFO  impl.RaftServerImpl (RaftServerImpl.java:setRole(184)) - 92ce6e48-4722-407a-9620-5998c6999257@group-E964BE911FCC: changes role from  FOLLOWER to CANDIDATE at term 206 for changeToCandidate
2019-10-18 14:01:49,410 [Thread-1500] INFO  impl.RoleInfo (RoleInfo.java:updateAndGet(143)) - 92ce6e48-4722-407a-9620-5998c6999257: start LeaderElection
2019-10-18 14:01:49,436 [92ce6e48-4722-407a-9620-5998c6999257@group-E964BE911FCC-LeaderElection195] INFO  impl.LeaderElection (LeaderElection.java:askForVotes(178)) - 92ce6e48-4722-407a-9620-5998c6999257@group-E964BE911FCC-LeaderElection195: begin an election at term 207 for -1: [6cbfae60-ea29-4abc-a49d-ef94f4bd513a:192.168.69.85:36685, 66f9d00c-1e97-4252-958c-bed5a531abda:192.168.69.85:45996, 92ce6e48-4722-407a-9620-5998c6999257:192.168.69.85:34971], old=null
2019-10-18 14:01:49,438 [grpc-default-executor-4] INFO  impl.RaftServerImpl (RaftServerImpl.java:setRole(184)) - 6cbfae60-ea29-4abc-a49d-ef94f4bd513a@group-E964BE911FCC: changes role from  FOLLOWER to FOLLOWER at term 207 for recognizeCandidate:92ce6e48-4722-407a-9620-5998c6999257
2019-10-18 14:01:49,439 [92ce6e48-4722-407a-9620-5998c6999257@group-E964BE911FCC-LeaderElection195] INFO  impl.LeaderElection (LeaderElection.java:logAndReturn(56)) - 92ce6e48-4722-407a-9620-5998c6999257@group-E964BE911FCC-LeaderElection195: Election TIMEOUT; received 0 response(s) [] and 0 exception(s); 92ce6e48-4722-407a-9620-5998c6999257@group-E964BE911FCC:t207, leader=null, voted=92ce6e48-4722-407a-9620-5998c6999257, raftlog=92ce6e48-4722-407a-9620-5998c6999257@group-E964BE911FCC-SegmentedRaftLog:OPENED:c-1,f-1,i0, conf=-1: [6cbfae60-ea29-4abc-a49d-ef94f4bd513a:192.168.69.85:36685, 66f9d00c-1e97-4252-958c-bed5a531abda:192.168.69.85:45996, 92ce6e48-4722-407a-9620-5998c6999257:192.168.69.85:34971], old=null
2019-10-18 14:01:49,439 [grpc-default-executor-0] INFO  impl.RaftServerImpl (RaftServerImpl.java:setRole(184)) - 66f9d00c-1e97-4252-958c-bed5a531abda@group-E964BE911FCC: changes role from  FOLLOWER to FOLLOWER at term 207 for recognizeCandidate:92ce6e48-4722-407a-9620-5998c6999257
2019-10-18 14:01:49,439 [grpc-default-executor-0] INFO  impl.RoleInfo (RoleInfo.java:shutdownFollowerState(121)) - 66f9d00c-1e97-4252-958c-bed5a531abda: shutdown FollowerState
2019-10-18 14:01:49,439 [grpc-default-executor-4] INFO  impl.RoleInfo (RoleInfo.java:shutdownFollowerState(121)) - 6cbfae60-ea29-4abc-a49d-ef94f4bd513a: shutdown FollowerState
2019-10-18 14:01:49,439 [Thread-1499] INFO  impl.FollowerState (FollowerState.java:run(117)) - 66f9d00c-1e97-4252-958c-bed5a531abda@group-E964BE911FCC-FollowerState was interrupted: java.lang.InterruptedException: sleep interrupted
2019-10-18 14:01:49,440 [Thread-1498] INFO  impl.FollowerState (FollowerState.java:run(117)) - 6cbfae60-ea29-4abc-a49d-ef94f4bd513a@group-E964BE911FCC-FollowerState was interrupted: java.lang.InterruptedException: sleep interrupted
2019-10-18 14:01:49,439 [grpc-default-executor-0] INFO  impl.RoleInfo (RoleInfo.java:updateAndGet(143)) - 66f9d00c-1e97-4252-958c-bed5a531abda: start FollowerState
2019-10-18 14:01:49,440 [grpc-default-executor-4] INFO  impl.RoleInfo (RoleInfo.java:updateAndGet(143)) - 6cbfae60-ea29-4abc-a49d-ef94f4bd513a: start FollowerState
2019-10-18 14:01:49,453 [92ce6e48-4722-407a-9620-5998c6999257@group-E964BE911FCC-LeaderElection195] INFO  impl.LeaderElection (LeaderElection.java:askForVotes(178)) - 92ce6e48-4722-407a-9620-5998c6999257@group-E964BE911FCC-LeaderElection195: begin an election at term 208 for -1: [6cbfae60-ea29-4abc-a49d-ef94f4bd513a:192.168.69.85:36685, 66f9d00c-1e97-4252-958c-bed5a531abda:192.168.69.85:45996, 92ce6e48-4722-407a-9620-5998c6999257:192.168.69.85:34971], old=null
2019-10-18 14:01:49,455 [grpc-default-executor-0] INFO  impl.RaftServerImpl (RaftServerImpl.java:setRole(184)) - 6cbfae60-ea29-4abc-a49d-ef94f4bd513a@group-E964BE911FCC: changes role from  FOLLOWER to FOLLOWER at term 208 for recognizeCandidate:92ce6e48-4722-407a-9620-5998c6999257
2019-10-18 14:01:49,455 [grpc-default-executor-0] INFO  impl.RoleInfo (RoleInfo.java:shutdownFollowerState(121)) - 6cbfae60-ea29-4abc-a49d-ef94f4bd513a: shutdown FollowerState
2019-10-18 14:01:49,455 [grpc-default-executor-0] INFO  impl.RoleInfo (RoleInfo.java:updateAndGet(143)) - 6cbfae60-ea29-4abc-a49d-ef94f4bd513a: start FollowerState
2019-10-18 14:01:49,455 [Thread-1505] INFO  impl.FollowerState (FollowerState.java:run(117)) - 6cbfae60-ea29-4abc-a49d-ef94f4bd513a@group-E964BE911FCC-FollowerState was interrupted: java.lang.InterruptedException: sleep interrupted
2019-10-18 14:01:49,455 [grpc-default-executor-4] INFO  impl.RaftServerImpl (RaftServerImpl.java:setRole(184)) - 66f9d00c-1e97-4252-958c-bed5a531abda@group-E964BE911FCC: changes role from  FOLLOWER to FOLLOWER at term 208 for recognizeCandidate:92ce6e48-4722-407a-9620-5998c6999257
2019-10-18 14:01:49,455 [grpc-default-executor-4] INFO  impl.RoleInfo (RoleInfo.java:shutdownFollowerState(121)) - 66f9d00c-1e97-4252-958c-bed5a531abda: shutdown FollowerState
2019-10-18 14:01:49,455 [grpc-default-executor-4] INFO  impl.RoleInfo (RoleInfo.java:updateAndGet(143)) - 66f9d00c-1e97-4252-958c-bed5a531abda: start FollowerState
2019-10-18 14:01:49,455 [Thread-1504] INFO  impl.FollowerState (FollowerState.java:run(117)) - 66f9d00c-1e97-4252-958c-bed5a531abda@group-E964BE911FCC-FollowerState was interrupted: java.lang.InterruptedException: sleep interrupted
2019-10-18 14:01:49,482 [92ce6e48-4722-407a-9620-5998c6999257@group-E964BE911FCC-LeaderElection195] INFO  impl.LeaderElection (LeaderElection.java:logAndReturn(56)) - 92ce6e48-4722-407a-9620-5998c6999257@group-E964BE911FCC-LeaderElection195: Election REJECTED; received 2 response(s) [92ce6e48-4722-407a-9620-5998c6999257<-6cbfae60-ea29-4abc-a49d-ef94f4bd513a#0:FAIL-t208, 92ce6e48-4722-407a-9620-5998c6999257<-66f9d00c-1e97-4252-958c-bed5a531abda#0:FAIL-t208] and 0 exception(s); 92ce6e48-4722-407a-9620-5998c6999257@group-E964BE911FCC:t208, leader=null, voted=92ce6e48-4722-407a-9620-5998c6999257, raftlog=92ce6e48-4722-407a-9620-5998c6999257@group-E964BE911FCC-SegmentedRaftLog:OPENED:c-1,f-1,i0, conf=-1: [6cbfae60-ea29-4abc-a49d-ef94f4bd513a:192.168.69.85:36685, 66f9d00c-1e97-4252-958c-bed5a531abda:192.168.69.85:45996, 92ce6e48-4722-407a-9620-5998c6999257:192.168.69.85:34971], old=null
2019-10-18 14:01:49,482 [92ce6e48-4722-407a-9620-5998c6999257@group-E964BE911FCC-LeaderElection195] INFO  impl.RaftServerImpl (RaftServerImpl.java:setRole(184)) - 92ce6e48-4722-407a-9620-5998c6999257@group-E964BE911FCC: changes role from CANDIDATE to FOLLOWER at term 208 for DISCOVERED_A_NEW_TERM
2019-10-18 14:01:49,482 [92ce6e48-4722-407a-9620-5998c6999257@group-E964BE911FCC-LeaderElection195] INFO  impl.RoleInfo (RoleInfo.java:shutdownLeaderElection(134)) - 92ce6e48-4722-407a-9620-5998c6999257: shutdown LeaderElection
2019-10-18 14:01:49,482 [92ce6e48-4722-407a-9620-5998c6999257@group-E964BE911FCC-LeaderElection195] INFO  impl.RoleInfo (RoleInfo.java:updateAndGet(143)) - 92ce6e48-4722-407a-9620-5998c6999257: start FollowerState
2019-10-18 14:01:49,625 [Thread-1510] INFO  impl.FollowerState (FollowerState.java:run(108)) - 92ce6e48-4722-407a-9620-5998c6999257@group-E964BE911FCC-FollowerState: change to CANDIDATE, lastRpcTime:142ms, electionTimeout:142ms
2019-10-18 14:01:49,625 [Thread-1510] INFO  impl.RoleInfo (RoleInfo.java:shutdownFollowerState(121)) - 92ce6e48-4722-407a-9620-5998c6999257: shutdown FollowerState
2019-10-18 14:01:49,625 [Thread-1510] INFO  impl.RaftServerImpl (RaftServerImpl.java:setRole(184)) - 92ce6e48-4722-407a-9620-5998c6999257@group-E964BE911FCC: changes role from  FOLLOWER to CANDIDATE at term 208 for changeToCandidate
2019-10-18 14:01:49,625 [Thread-1510] INFO  impl.RoleInfo (RoleInfo.java:updateAndGet(143)) - 92ce6e48-4722-407a-9620-5998c6999257: start LeaderElection
2019-10-18 14:01:49,650 [92ce6e48-4722-407a-9620-5998c6999257@group-E964BE911FCC-LeaderElection196] INFO  impl.LeaderElection (LeaderElection.java:askForVotes(178)) - 92ce6e48-4722-407a-9620-5998c6999257@group-E964BE911FCC-LeaderElection196: begin an election at term 209 for -1: [6cbfae60-ea29-4abc-a49d-ef94f4bd513a:192.168.69.85:36685, 66f9d00c-1e97-4252-958c-bed5a531abda:192.168.69.85:45996, 92ce6e48-4722-407a-9620-5998c6999257:192.168.69.85:34971], old=null
2019-10-18 14:01:49,653 [grpc-default-executor-4] INFO  impl.RaftServerImpl (RaftServerImpl.java:setRole(184)) - 6cbfae60-ea29-4abc-a49d-ef94f4bd513a@group-E964BE911FCC: changes role from  FOLLOWER to FOLLOWER at term 209 for recognizeCandidate:92ce6e48-4722-407a-9620-5998c6999257
2019-10-18 14:01:49,653 [grpc-default-executor-4] INFO  impl.RoleInfo (RoleInfo.java:shutdownFollowerState(121)) - 6cbfae60-ea29-4abc-a49d-ef94f4bd513a: shutdown FollowerState
2019-10-18 14:01:49,653 [grpc-default-executor-0] INFO  impl.RaftServerImpl (RaftServerImpl.java:setRole(184)) - 66f9d00c-1e97-4252-958c-bed5a531abda@group-E964BE911FCC: changes role from  FOLLOWER to FOLLOWER at term 209 for recognizeCandidate:92ce6e48-4722-407a-9620-5998c6999257
2019-10-18 14:01:49,653 [Thread-1508] INFO  impl.FollowerState (FollowerState.java:run(117)) - 6cbfae60-ea29-4abc-a49d-ef94f4bd513a@group-E964BE911FCC-FollowerState was interrupted: java.lang.InterruptedException: sleep interrupted
2019-10-18 14:01:49,653 [grpc-default-executor-4] INFO  impl.RoleInfo (RoleInfo.java:updateAndGet(143)) - 6cbfae60-ea29-4abc-a49d-ef94f4bd513a: start FollowerState
2019-10-18 14:01:49,653 [grpc-default-executor-0] INFO  impl.RoleInfo (RoleInfo.java:shutdownFollowerState(121)) - 66f9d00c-1e97-4252-958c-bed5a531abda: shutdown FollowerState
2019-10-18 14:01:49,654 [grpc-default-executor-0] INFO  impl.RoleInfo (RoleInfo.java:updateAndGet(143)) - 66f9d00c-1e97-4252-958c-bed5a531abda: start FollowerState
2019-10-18 14:01:49,654 [Thread-1509] INFO  impl.FollowerState (FollowerState.java:run(117)) - 66f9d00c-1e97-4252-958c-bed5a531abda@group-E964BE911FCC-FollowerState was interrupted: java.lang.InterruptedException: sleep interrupted
2019-10-18 14:01:49,668 [92ce6e48-4722-407a-9620-5998c6999257@group-E964BE911FCC-LeaderElection196] INFO  impl.LeaderElection (LeaderElection.java:logAndReturn(56)) - 92ce6e48-4722-407a-9620-5998c6999257@group-E964BE911FCC-LeaderElection196: Election REJECTED; received 2 response(s) [92ce6e48-4722-407a-9620-5998c6999257<-6cbfae60-ea29-4abc-a49d-ef94f4bd513a#0:FAIL-t209, 92ce6e48-4722-407a-9620-5998c6999257<-66f9d00c-1e97-4252-958c-bed5a531abda#0:FAIL-t209] and 0 exception(s); 92ce6e48-4722-407a-9620-5998c6999257@group-E964BE911FCC:t209, leader=null, voted=92ce6e48-4722-407a-9620-5998c6999257, raftlog=92ce6e48-4722-407a-9620-5998c6999257@group-E964BE911FCC-SegmentedRaftLog:OPENED:c-1,f-1,i0, conf=-1: [6cbfae60-ea29-4abc-a49d-ef94f4bd513a:192.168.69.85:36685, 66f9d00c-1e97-4252-958c-bed5a531abda:192.168.69.85:45996, 92ce6e48-4722-407a-9620-5998c6999257:192.168.69.85:34971], old=null
2019-10-18 14:01:49,668 [92ce6e48-4722-407a-9620-5998c6999257@group-E964BE911FCC-LeaderElection196] INFO  impl.RaftServerImpl (RaftServerImpl.java:setRole(184)) - 92ce6e48-4722-407a-9620-5998c6999257@group-E964BE911FCC: changes role from CANDIDATE to FOLLOWER at term 209 for DISCOVERED_A_NEW_TERM
2019-10-18 14:01:49,668 [92ce6e48-4722-407a-9620-5998c6999257@group-E964BE911FCC-LeaderElection196] INFO  impl.RoleInfo (RoleInfo.java:shutdownLeaderElection(134)) - 92ce6e48-4722-407a-9620-5998c6999257: shutdown LeaderElection
2019-10-18 14:01:49,668 [92ce6e48-4722-407a-9620-5998c6999257@group-E964BE911FCC-LeaderElection196] INFO  impl.RoleInfo (RoleInfo.java:updateAndGet(143)) - 92ce6e48-4722-407a-9620-5998c6999257: start FollowerState
2019-10-18 14:01:49,679 [Thread-1516] INFO  impl.FollowerState (FollowerState.java:run(108)) - 92ce6e48-4722-407a-9620-5998c6999257@group-E964BE911FCC-FollowerState: change to CANDIDATE, lastRpcTime:11ms, electionTimeout:11ms
2019-10-18 14:01:49,680 [Thread-1516] INFO  impl.RoleInfo (RoleInfo.java:shutdownFollowerState(121)) - 92ce6e48-4722-407a-9620-5998c6999257: shutdown FollowerState
2019-10-18 14:01:49,680 [Thread-1516] INFO  impl.RaftServerImpl (RaftServerImpl.java:setRole(184)) - 92ce6e48-4722-407a-9620-5998c6999257@group-E964BE911FCC: changes role from  FOLLOWER to CANDIDATE at term 209 for changeToCandidate
2019-10-18 14:01:49,680 [Thread-1516] INFO  impl.RoleInfo (RoleInfo.java:updateAndGet(143)) - 92ce6e48-4722-407a-9620-5998c6999257: start LeaderElection
2019-10-18 14:01:49,693 [92ce6e48-4722-407a-9620-5998c6999257@group-E964BE911FCC-LeaderElection197] INFO  impl.LeaderElection (LeaderElection.java:askForVotes(178)) - 92ce6e48-4722-407a-9620-5998c6999257@group-E964BE911FCC-LeaderElection197: begin an election at term 210 for -1: [6cbfae60-ea29-4abc-a49d-ef94f4bd513a:192.168.69.85:36685, 66f9d00c-1e97-4252-958c-bed5a531abda:192.168.69.85:45996, 92ce6e48-4722-407a-9620-5998c6999257:192.168.69.85:34971], old=null
2019-10-18 14:01:49,696 [grpc-default-executor-0] INFO  impl.RaftServerImpl (RaftServerImpl.java:setRole(184)) - 6cbfae60-ea29-4abc-a49d-ef94f4bd513a@group-E964BE911FCC: changes role from  FOLLOWER to FOLLOWER at term 210 for recognizeCandidate:92ce6e48-4722-407a-9620-5998c6999257
2019-10-18 14:01:49,696 [grpc-default-executor-0] INFO  impl.RoleInfo (RoleInfo.java:shutdownFollowerState(121)) - 6cbfae60-ea29-4abc-a49d-ef94f4bd513a: shutdown FollowerState
2019-10-18 14:01:49,696 [grpc-default-executor-0] INFO  impl.RoleInfo (RoleInfo.java:updateAndGet(143)) - 6cbfae60-ea29-4abc-a49d-ef94f4bd513a: start FollowerState
2019-10-18 14:01:49,696 [grpc-default-executor-4] INFO  impl.RaftServerImpl (RaftServerImpl.java:setRole(184)) - 66f9d00c-1e97-4252-958c-bed5a531abda@group-E964BE911FCC: changes role from  FOLLOWER to FOLLOWER at term 210 for recognizeCandidate:92ce6e48-4722-407a-9620-5998c6999257
2019-10-18 14:01:49,696 [grpc-default-executor-4] INFO  impl.RoleInfo (RoleInfo.java:shutdownFollowerState(121)) - 66f9d00c-1e97-4252-958c-bed5a531abda: shutdown FollowerState
2019-10-18 14:01:49,696 [Thread-1514] INFO  impl.FollowerState (FollowerState.java:run(117)) - 6cbfae60-ea29-4abc-a49d-ef94f4bd513a@group-E964BE911FCC-FollowerState was interrupted: java.lang.InterruptedException: sleep interrupted
2019-10-18 14:01:49,697 [Thread-1515] INFO  impl.FollowerState (FollowerState.java:run(117)) - 66f9d00c-1e97-4252-958c-bed5a531abda@group-E964BE911FCC-FollowerState was interrupted: java.lang.InterruptedException: sleep interrupted
2019-10-18 14:01:49,696 [grpc-default-executor-4] INFO  impl.RoleInfo (RoleInfo.java:updateAndGet(143)) - 66f9d00c-1e97-4252-958c-bed5a531abda: start FollowerState
2019-10-18 14:01:49,723 [92ce6e48-4722-407a-9620-5998c6999257@group-E964BE911FCC-LeaderElection197] INFO  impl.LeaderElection (LeaderElection.java:logAndReturn(56)) - 92ce6e48-4722-407a-9620-5998c6999257@group-E964BE911FCC-LeaderElection197: Election REJECTED; received 2 response(s) [92ce6e48-4722-407a-9620-5998c6999257<-6cbfae60-ea29-4abc-a49d-ef94f4bd513a#0:FAIL-t210, 92ce6e48-4722-407a-9620-5998c6999257<-66f9d00c-1e97-4252-958c-bed5a531abda#0:FAIL-t210] and 0 exception(s); 92ce6e48-4722-407a-9620-5998c6999257@group-E964BE911FCC:t210, leader=null, voted=92ce6e48-4722-407a-9620-5998c6999257, raftlog=92ce6e48-4722-407a-9620-5998c6999257@group-E964BE911FCC-SegmentedRaftLog:OPENED:c-1,f-1,i0, conf=-1: [6cbfae60-ea29-4abc-a49d-ef94f4bd513a:192.168.69.85:36685, 66f9d00c-1e97-4252-958c-bed5a531abda:192.168.69.85:45996, 92ce6e48-4722-407a-9620-5998c6999257:192.168.69.85:34971], old=null
2019-10-18 14:01:49,723 [92ce6e48-4722-407a-9620-5998c6999257@group-E964BE911FCC-LeaderElection197] INFO  impl.RaftServerImpl (RaftServerImpl.java:setRole(184)) - 92ce6e48-4722-407a-9620-5998c6999257@group-E964BE911FCC: changes role from CANDIDATE to FOLLOWER at term 210 for DISCOVERED_A_NEW_TERM
2019-10-18 14:01:49,723 [92ce6e48-4722-407a-9620-5998c6999257@group-E964BE911FCC-LeaderElection197] INFO  impl.RoleInfo (RoleInfo.java:shutdownLeaderElection(134)) - 92ce6e48-4722-407a-9620-5998c6999257: shutdown LeaderElection
2019-10-18 14:01:49,723 [92ce6e48-4722-407a-9620-5998c6999257@group-E964BE911FCC-LeaderElection197] INFO  impl.RoleInfo (RoleInfo.java:updateAndGet(143)) - 92ce6e48-4722-407a-9620-5998c6999257: start FollowerState
2019-10-18 14:01:49,735 [Thread-1522] INFO  impl.FollowerState (FollowerState.java:run(108)) - 92ce6e48-4722-407a-9620-5998c6999257@group-E964BE911FCC-FollowerState: change to CANDIDATE, lastRpcTime:11ms, electionTimeout:11ms
2019-10-18 14:01:49,735 [Thread-1522] INFO  impl.RoleInfo (RoleInfo.java:shutdownFollowerState(121)) - 92ce6e48-4722-407a-9620-5998c6999257: shutdown FollowerState
2019-10-18 14:01:49,735 [Thread-1522] INFO  impl.RaftServerImpl (RaftServerImpl.java:setRole(184)) - 92ce6e48-4722-407a-9620-5998c6999257@group-E964BE911FCC: changes role from  FOLLOWER to CANDIDATE at term 210 for changeToCandidate
2019-10-18 14:01:49,735 [Thread-1522] INFO  impl.RoleInfo (RoleInfo.java:updateAndGet(143)) - 92ce6e48-4722-407a-9620-5998c6999257: start LeaderElection
2019-10-18 14:01:49,749 [92ce6e48-4722-407a-9620-5998c6999257@group-E964BE911FCC-LeaderElection198] INFO  impl.LeaderElection (LeaderElection.java:askForVotes(178)) - 92ce6e48-4722-407a-9620-5998c6999257@group-E964BE911FCC-LeaderElection198: begin an election at term 211 for -1: [6cbfae60-ea29-4abc-a49d-ef94f4bd513a:192.168.69.85:36685, 66f9d00c-1e97-4252-958c-bed5a531abda:192.168.69.85:45996, 92ce6e48-4722-407a-9620-5998c6999257:192.168.69.85:34971], old=null
2019-10-18 14:01:49,752 [grpc-default-executor-4] INFO  impl.RaftServerImpl (RaftServerImpl.java:setRole(184)) - 66f9d00c-1e97-4252-958c-bed5a531abda@group-E964BE911FCC: changes role from  FOLLOWER to FOLLOWER at term 211 for recognizeCandidate:92ce6e48-4722-407a-9620-5998c6999257
2019-10-18 14:01:49,752 [grpc-default-executor-4] INFO  impl.RoleInfo (RoleInfo.java:shutdownFollowerState(121)) - 66f9d00c-1e97-4252-958c-bed5a531abda: shutdown FollowerState
2019-10-18 14:01:49,752 [grpc-default-executor-0] INFO  impl.RaftServerImpl (RaftServerImpl.java:setRole(184)) - 6cbfae60-ea29-4abc-a49d-ef94f4bd513a@group-E964BE911FCC: changes role from  FOLLOWER to FOLLOWER at term 211 for recognizeCandidate:92ce6e48-4722-407a-9620-5998c6999257
2019-10-18 14:01:49,752 [Thread-1521] INFO  impl.FollowerState (FollowerState.java:run(117)) - 66f9d00c-1e97-4252-958c-bed5a531abda@group-E964BE911FCC-FollowerState was interrupted: java.lang.InterruptedException: sleep interrupted
2019-10-18 14:01:49,752 [grpc-default-executor-4] INFO  impl.RoleInfo (RoleInfo.java:updateAndGet(143)) - 66f9d00c-1e97-4252-958c-bed5a531abda: start FollowerState
2019-10-18 14:01:49,752 [grpc-default-executor-0] INFO  impl.RoleInfo (RoleInfo.java:shutdownFollowerState(121)) - 6cbfae60-ea29-4abc-a49d-ef94f4bd513a: shutdown FollowerState
2019-10-18 14:01:49,753 [grpc-default-executor-0] INFO  impl.RoleInfo (RoleInfo.java:updateAndGet(143)) - 6cbfae60-ea29-4abc-a49d-ef94f4bd513a: start FollowerState
2019-10-18 14:01:49,753 [Thread-1520] INFO  impl.FollowerState (FollowerState.java:run(117)) - 6cbfae60-ea29-4abc-a49d-ef94f4bd513a@group-E964BE911FCC-FollowerState was interrupted: java.lang.InterruptedException: sleep interrupted
2019-10-18 14:01:49,767 [92ce6e48-4722-407a-9620-5998c6999257@group-E964BE911FCC-LeaderElection198] INFO  impl.LeaderElection (LeaderElection.java:logAndReturn(56)) - 92ce6e48-4722-407a-9620-5998c6999257@group-E964BE911FCC-LeaderElection198: Election REJECTED; received 2 response(s) [92ce6e48-4722-407a-9620-5998c6999257<-6cbfae60-ea29-4abc-a49d-ef94f4bd513a#0:FAIL-t211, 92ce6e48-4722-407a-9620-5998c6999257<-66f9d00c-1e97-4252-958c-bed5a531abda#0:FAIL-t211] and 0 exception(s); 92ce6e48-4722-407a-9620-5998c6999257@group-E964BE911FCC:t211, leader=null, voted=92ce6e48-4722-407a-9620-5998c6999257, raftlog=92ce6e48-4722-407a-9620-5998c6999257@group-E964BE911FCC-SegmentedRaftLog:OPENED:c-1,f-1,i0, conf=-1: [6cbfae60-ea29-4abc-a49d-ef94f4bd513a:192.168.69.85:36685, 66f9d00c-1e97-4252-958c-bed5a531abda:192.168.69.85:45996, 92ce6e48-4722-407a-9620-5998c6999257:192.168.69.85:34971], old=null
2019-10-18 14:01:49,767 [92ce6e48-4722-407a-9620-5998c6999257@group-E964BE911FCC-LeaderElection198] INFO  impl.RaftServerImpl (RaftServerImpl.java:setRole(184)) - 92ce6e48-4722-407a-9620-5998c6999257@group-E964BE911FCC: changes role from CANDIDATE to FOLLOWER at term 211 for DISCOVERED_A_NEW_TERM
2019-10-18 14:01:49,767 [92ce6e48-4722-407a-9620-5998c6999257@group-E964BE911FCC-LeaderElection198] INFO  impl.RoleInfo (RoleInfo.java:shutdownLeaderElection(134)) - 92ce6e48-4722-407a-9620-5998c6999257: shutdown LeaderElection
2019-10-18 14:01:49,767 [92ce6e48-4722-407a-9620-5998c6999257@group-E964BE911FCC-LeaderElection198] INFO  impl.RoleInfo (RoleInfo.java:updateAndGet(143)) - 92ce6e48-4722-407a-9620-5998c6999257: start FollowerState
2019-10-18 14:01:49,942 [Thread-1528] INFO  impl.FollowerState (FollowerState.java:run(108)) - 92ce6e48-4722-407a-9620-5998c6999257@group-E964BE911FCC-FollowerState: change to CANDIDATE, lastRpcTime:175ms, electionTimeout:175ms
2019-10-18 14:01:49,943 [Thread-1528] INFO  impl.RoleInfo (RoleInfo.java:shutdownFollowerState(121)) - 92ce6e48-4722-407a-9620-5998c6999257: shutdown FollowerState
2019-10-18 14:01:49,943 [Thread-1528] INFO  impl.RaftServerImpl (RaftServerImpl.java:setRole(184)) - 92ce6e48-4722-407a-9620-5998c6999257@group-E964BE911FCC: changes role from  FOLLOWER to CANDIDATE at term 211 for changeToCandidate
2019-10-18 14:01:49,943 [Thread-1528] INFO  impl.RoleInfo (RoleInfo.java:updateAndGet(143)) - 92ce6e48-4722-407a-9620-5998c6999257: start LeaderElection
2019-10-18 14:01:49,969 [92ce6e48-4722-407a-9620-5998c6999257@group-E964BE911FCC-LeaderElection199] INFO  impl.LeaderElection (LeaderElection.java:askForVotes(178)) - 92ce6e48-4722-407a-9620-5998c6999257@group-E964BE911FCC-LeaderElection199: begin an election at term 212 for -1: [6cbfae60-ea29-4abc-a49d-ef94f4bd513a:192.168.69.85:36685, 66f9d00c-1e97-4252-958c-bed5a531abda:192.168.69.85:45996, 92ce6e48-4722-407a-9620-5998c6999257:192.168.69.85:34971], old=null
2019-10-18 14:01:49,971 [grpc-default-executor-0] INFO  impl.RaftServerImpl (RaftServerImpl.java:setRole(184)) - 6cbfae60-ea29-4abc-a49d-ef94f4bd513a@group-E964BE911FCC: changes role from  FOLLOWER to FOLLOWER at term 212 for recognizeCandidate:92ce6e48-4722-407a-9620-5998c6999257
2019-10-18 14:01:49,972 [grpc-default-executor-0] INFO  impl.RoleInfo (RoleInfo.java:shutdownFollowerState(121)) - 6cbfae60-ea29-4abc-a49d-ef94f4bd513a: shutdown FollowerState
2019-10-18 14:01:49,972 [grpc-default-executor-0] INFO  impl.RoleInfo (RoleInfo.java:updateAndGet(143)) - 6cbfae60-ea29-4abc-a49d-ef94f4bd513a: start FollowerState
2019-10-18 14:01:49,972 [Thread-1527] INFO  impl.FollowerState (FollowerState.java:run(117)) - 6cbfae60-ea29-4abc-a49d-ef94f4bd513a@group-E964BE911FCC-FollowerState was interrupted: java.lang.InterruptedException: sleep interrupted
2019-10-18 14:01:49,972 [grpc-default-executor-4] INFO  impl.RaftServerImpl (RaftServerImpl.java:setRole(184)) - 66f9d00c-1e97-4252-958c-bed5a531abda@group-E964BE911FCC: changes role from  FOLLOWER to FOLLOWER at term 212 for recognizeCandidate:92ce6e48-4722-407a-9620-5998c6999257
2019-10-18 14:01:49,972 [grpc-default-executor-4] INFO  impl.RoleInfo (RoleInfo.java:shutdownFollowerState(121)) - 66f9d00c-1e97-4252-958c-bed5a531abda: shutdown FollowerState
2019-10-18 14:01:49,972 [grpc-default-executor-4] INFO  impl.RoleInfo (RoleInfo.java:updateAndGet(143)) - 66f9d00c-1e97-4252-958c-bed5a531abda: start FollowerState
2019-10-18 14:01:49,972 [Thread-1526] INFO  impl.FollowerState (FollowerState.java:run(117)) - 66f9d00c-1e97-4252-958c-bed5a531abda@group-E964BE911FCC-FollowerState was interrupted: java.lang.InterruptedException: sleep interrupted
2019-10-18 14:01:49,988 [92ce6e48-4722-407a-9620-5998c6999257@group-E964BE911FCC-LeaderElection199] INFO  impl.LeaderElection (LeaderElection.java:logAndReturn(56)) - 92ce6e48-4722-407a-9620-5998c6999257@group-E964BE911FCC-LeaderElection199: Election REJECTED; received 2 response(s) [92ce6e48-4722-407a-9620-5998c6999257<-6cbfae60-ea29-4abc-a49d-ef94f4bd513a#0:FAIL-t212, 92ce6e48-4722-407a-9620-5998c6999257<-66f9d00c-1e97-4252-958c-bed5a531abda#0:FAIL-t212] and 0 exception(s); 92ce6e48-4722-407a-9620-5998c6999257@group-E964BE911FCC:t212, leader=null, voted=92ce6e48-4722-407a-9620-5998c6999257, raftlog=92ce6e48-4722-407a-9620-5998c6999257@group-E964BE911FCC-SegmentedRaftLog:OPENED:c-1,f-1,i0, conf=-1: [6cbfae60-ea29-4abc-a49d-ef94f4bd513a:192.168.69.85:36685, 66f9d00c-1e97-4252-958c-bed5a531abda:192.168.69.85:45996, 92ce6e48-4722-407a-9620-5998c6999257:192.168.69.85:34971], old=null
2019-10-18 14:01:49,988 [92ce6e48-4722-407a-9620-5998c6999257@group-E964BE911FCC-LeaderElection199] INFO  impl.RaftServerImpl (RaftServerImpl.java:setRole(184)) - 92ce6e48-4722-407a-9620-5998c6999257@group-E964BE911FCC: changes role from CANDIDATE to FOLLOWER at term 212 for DISCOVERED_A_NEW_TERM
2019-10-18 14:01:49,988 [92ce6e48-4722-407a-9620-5998c6999257@group-E964BE911FCC-LeaderElection199] INFO  impl.RoleInfo (RoleInfo.java:shutdownLeaderElection(134)) - 92ce6e48-4722-407a-9620-5998c6999257: shutdown LeaderElection
2019-10-18 14:01:49,988 [92ce6e48-4722-407a-9620-5998c6999257@group-E964BE911FCC-LeaderElection199] INFO  impl.RoleInfo (RoleInfo.java:updateAndGet(143)) - 92ce6e48-4722-407a-9620-5998c6999257: start FollowerState
2019-10-18 14:01:50,102 [Thread-1534] INFO  impl.FollowerState (FollowerState.java:run(108)) - 92ce6e48-4722-407a-9620-5998c6999257@group-E964BE911FCC-FollowerState: change to CANDIDATE, lastRpcTime:113ms, electionTimeout:113ms
2019-10-18 14:01:50,102 [Thread-1534] INFO  impl.RoleInfo (RoleInfo.java:shutdownFollowerState(121)) - 92ce6e48-4722-407a-9620-5998c6999257: shutdown FollowerState
2019-10-18 14:01:50,102 [Thread-1534] INFO  impl.RaftServerImpl (RaftServerImpl.java:setRole(184)) - 92ce6e48-4722-407a-9620-5998c6999257@group-E964BE911FCC: changes role from  FOLLOWER to CANDIDATE at term 212 for changeToCandidate
2019-10-18 14:01:50,102 [Thread-1534] INFO  impl.RoleInfo (RoleInfo.java:updateAndGet(143)) - 92ce6e48-4722-407a-9620-5998c6999257: start LeaderElection
2019-10-18 14:01:50,115 [92ce6e48-4722-407a-9620-5998c6999257@group-E964BE911FCC-LeaderElection200] INFO  impl.LeaderElection (LeaderElection.java:askForVotes(178)) - 92ce6e48-4722-407a-9620-5998c6999257@group-E964BE911FCC-LeaderElection200: begin an election at term 213 for -1: [6cbfae60-ea29-4abc-a49d-ef94f4bd513a:192.168.69.85:36685, 66f9d00c-1e97-4252-958c-bed5a531abda:192.168.69.85:45996, 92ce6e48-4722-407a-9620-5998c6999257:192.168.69.85:34971], old=null
2019-10-18 14:01:50,117 [grpc-default-executor-4] INFO  impl.RaftServerImpl (RaftServerImpl.java:setRole(184)) - 6cbfae60-ea29-4abc-a49d-ef94f4bd513a@group-E964BE911FCC: changes role from  FOLLOWER to FOLLOWER at term 213 for recognizeCandidate:92ce6e48-4722-407a-9620-5998c6999257
2019-10-18 14:01:50,118 [grpc-default-executor-4] INFO  impl.RoleInfo (RoleInfo.java:shutdownFollowerState(121)) - 6cbfae60-ea29-4abc-a49d-ef94f4bd513a: shutdown FollowerState
2019-10-18 14:01:50,118 [grpc-default-executor-4] INFO  impl.RoleInfo (RoleInfo.java:updateAndGet(143)) - 6cbfae60-ea29-4abc-a49d-ef94f4bd513a: start FollowerState
2019-10-18 14:01:50,118 [grpc-default-executor-0] INFO  impl.RaftServerImpl (RaftServerImpl.java:setRole(184)) - 66f9d00c-1e97-4252-958c-bed5a531abda@group-E964BE911FCC: changes role from  FOLLOWER to FOLLOWER at term 213 for recognizeCandidate:92ce6e48-4722-407a-9620-5998c6999257
2019-10-18 14:01:50,118 [Thread-1532] INFO  impl.FollowerState (FollowerState.java:run(117)) - 6cbfae60-ea29-4abc-a49d-ef94f4bd513a@group-E964BE911FCC-FollowerState was interrupted: java.lang.InterruptedException: sleep interrupted
2019-10-18 14:01:50,118 [grpc-default-executor-0] INFO  impl.RoleInfo (RoleInfo.java:shutdownFollowerState(121)) - 66f9d00c-1e97-4252-958c-bed5a531abda: shutdown FollowerState
2019-10-18 14:01:50,118 [grpc-default-executor-0] INFO  impl.RoleInfo (RoleInfo.java:updateAndGet(143)) - 66f9d00c-1e97-4252-958c-bed5a531abda: start FollowerState
2019-10-18 14:01:50,118 [Thread-1533] INFO  impl.FollowerState (FollowerState.java:run(117)) - 66f9d00c-1e97-4252-958c-bed5a531abda@group-E964BE911FCC-FollowerState was interrupted: java.lang.InterruptedException: sleep interrupted
2019-10-18 14:01:50,144 [92ce6e48-4722-407a-9620-5998c6999257@group-E964BE911FCC-LeaderElection200] INFO  impl.LeaderElection (LeaderElection.java:logAndReturn(56)) - 92ce6e48-4722-407a-9620-5998c6999257@group-E964BE911FCC-LeaderElection200: Election REJECTED; received 2 response(s) [92ce6e48-4722-407a-9620-5998c6999257<-6cbfae60-ea29-4abc-a49d-ef94f4bd513a#0:FAIL-t213, 92ce6e48-4722-407a-9620-5998c6999257<-66f9d00c-1e97-4252-958c-bed5a531abda#0:FAIL-t213] and 0 exception(s); 92ce6e48-4722-407a-9620-5998c6999257@group-E964BE911FCC:t213, leader=null, voted=92ce6e48-4722-407a-9620-5998c6999257, raftlog=92ce6e48-4722-407a-9620-5998c6999257@group-E964BE911FCC-SegmentedRaftLog:OPENED:c-1,f-1,i0, conf=-1: [6cbfae60-ea29-4abc-a49d-ef94f4bd513a:192.168.69.85:36685, 66f9d00c-1e97-4252-958c-bed5a531abda:192.168.69.85:45996, 92ce6e48-4722-407a-9620-5998c6999257:192.168.69.85:34971], old=null
2019-10-18 14:01:50,144 [92ce6e48-4722-407a-9620-5998c6999257@group-E964BE911FCC-LeaderElection200] INFO  impl.RaftServerImpl (RaftServerImpl.java:setRole(184)) - 92ce6e48-4722-407a-9620-5998c6999257@group-E964BE911FCC: changes role from CANDIDATE to FOLLOWER at term 213 for DISCOVERED_A_NEW_TERM
2019-10-18 14:01:50,144 [92ce6e48-4722-407a-9620-5998c6999257@group-E964BE911FCC-LeaderElection200] INFO  impl.RoleInfo (RoleInfo.java:shutdownLeaderElection(134)) - 92ce6e48-4722-407a-9620-5998c6999257: shutdown LeaderElection
2019-10-18 14:01:50,144 [92ce6e48-4722-407a-9620-5998c6999257@group-E964BE911FCC-LeaderElection200] INFO  impl.RoleInfo (RoleInfo.java:updateAndGet(143)) - 92ce6e48-4722-407a-9620-5998c6999257: start FollowerState
2019-10-18 14:01:50,261 [Thread-1540] INFO  impl.FollowerState (FollowerState.java:run(108)) - 92ce6e48-4722-407a-9620-5998c6999257@group-E964BE911FCC-FollowerState: change to CANDIDATE, lastRpcTime:116ms, electionTimeout:116ms
2019-10-18 14:01:50,261 [Thread-1540] INFO  impl.RoleInfo (RoleInfo.java:shutdownFollowerState(121)) - 92ce6e48-4722-407a-9620-5998c6999257: shutdown FollowerState
2019-10-18 14:01:50,261 [Thread-1540] INFO  impl.RaftServerImpl (RaftServerImpl.java:setRole(184)) - 92ce6e48-4722-407a-9620-5998c6999257@group-E964BE911FCC: changes role from  FOLLOWER to CANDIDATE at term 213 for changeToCandidate
2019-10-18 14:01:50,261 [Thread-1540] INFO  impl.RoleInfo (RoleInfo.java:updateAndGet(143)) - 92ce6e48-4722-407a-9620-5998c6999257: start LeaderElection
2019-10-18 14:01:50,286 [92ce6e48-4722-407a-9620-5998c6999257@group-E964BE911FCC-LeaderElection201] INFO  impl.LeaderElection (LeaderElection.java:askForVotes(178)) - 92ce6e48-4722-407a-9620-5998c6999257@group-E964BE911FCC-LeaderElection201: begin an election at term 214 for -1: [6cbfae60-ea29-4abc-a49d-ef94f4bd513a:192.168.69.85:36685, 66f9d00c-1e97-4252-958c-bed5a531abda:192.168.69.85:45996, 92ce6e48-4722-407a-9620-5998c6999257:192.168.69.85:34971], old=null
2019-10-18 14:01:50,288 [grpc-default-executor-4] INFO  impl.RaftServerImpl (RaftServerImpl.java:setRole(184)) - 66f9d00c-1e97-4252-958c-bed5a531abda@group-E964BE911FCC: changes role from  FOLLOWER to FOLLOWER at term 214 for recognizeCandidate:92ce6e48-4722-407a-9620-5998c6999257
2019-10-18 14:01:50,289 [grpc-default-executor-4] INFO  impl.RoleInfo (RoleInfo.java:shutdownFollowerState(121)) - 66f9d00c-1e97-4252-958c-bed5a531abda: shutdown FollowerState
2019-10-18 14:01:50,289 [grpc-default-executor-0] INFO  impl.RaftServerImpl (RaftServerImpl.java:setRole(184)) - 6cbfae60-ea29-4abc-a49d-ef94f4bd513a@group-E964BE911FCC: changes role from  FOLLOWER to FOLLOWER at term 214 for recognizeCandidate:92ce6e48-4722-407a-9620-5998c6999257
2019-10-18 14:01:50,289 [grpc-default-executor-0] INFO  impl.RoleInfo (RoleInfo.java:shutdownFollowerState(121)) - 6cbfae60-ea29-4abc-a49d-ef94f4bd513a: shutdown FollowerState
2019-10-18 14:01:50,289 [Thread-1539] INFO  impl.FollowerState (FollowerState.java:run(117)) - 66f9d00c-1e97-4252-958c-bed5a531abda@group-E964BE911FCC-FollowerState was interrupted: java.lang.InterruptedException: sleep interrupted
2019-10-18 14:01:50,289 [grpc-default-executor-4] INFO  impl.RoleInfo (RoleInfo.java:updateAndGet(143)) - 66f9d00c-1e97-4252-958c-bed5a531abda: start FollowerState
2019-10-18 14:01:50,289 [Thread-1538] INFO  impl.FollowerState (FollowerState.java:run(117)) - 6cbfae60-ea29-4abc-a49d-ef94f4bd513a@group-E964BE911FCC-FollowerState was interrupted: java.lang.InterruptedException: sleep interrupted
2019-10-18 14:01:50,289 [grpc-default-executor-0] INFO  impl.RoleInfo (RoleInfo.java:updateAndGet(143)) - 6cbfae60-ea29-4abc-a49d-ef94f4bd513a: start FollowerState
2019-10-18 14:01:50,304 [92ce6e48-4722-407a-9620-5998c6999257@group-E964BE911FCC-LeaderElection201] INFO  impl.LeaderElection (LeaderElection.java:logAndReturn(56)) - 92ce6e48-4722-407a-9620-5998c6999257@group-E964BE911FCC-LeaderElection201: Election REJECTED; received 2 response(s) [92ce6e48-4722-407a-9620-5998c6999257<-6cbfae60-ea29-4abc-a49d-ef94f4bd513a#0:FAIL-t214, 92ce6e48-4722-407a-9620-5998c6999257<-66f9d00c-1e97-4252-958c-bed5a531abda#0:FAIL-t214] and 0 exception(s); 92ce6e48-4722-407a-9620-5998c6999257@group-E964BE911FCC:t214, leader=null, voted=92ce6e48-4722-407a-9620-5998c6999257, raftlog=92ce6e48-4722-407a-9620-5998c6999257@group-E964BE911FCC-SegmentedRaftLog:OPENED:c-1,f-1,i0, conf=-1: [6cbfae60-ea29-4abc-a49d-ef94f4bd513a:192.168.69.85:36685, 66f9d00c-1e97-4252-958c-bed5a531abda:192.168.69.85:45996, 92ce6e48-4722-407a-9620-5998c6999257:192.168.69.85:34971], old=null
2019-10-18 14:01:50,304 [92ce6e48-4722-407a-9620-5998c6999257@group-E964BE911FCC-LeaderElection201] INFO  impl.RaftServerImpl (RaftServerImpl.java:setRole(184)) - 92ce6e48-4722-407a-9620-5998c6999257@group-E964BE911FCC: changes role from CANDIDATE to FOLLOWER at term 214 for DISCOVERED_A_NEW_TERM
2019-10-18 14:01:50,304 [92ce6e48-4722-407a-9620-5998c6999257@group-E964BE911FCC-LeaderElection201] INFO  impl.RoleInfo (RoleInfo.java:shutdownLeaderElection(134)) - 92ce6e48-4722-407a-9620-5998c6999257: shutdown LeaderElection
2019-10-18 14:01:50,304 [92ce6e48-4722-407a-9620-5998c6999257@group-E964BE911FCC-LeaderElection201] INFO  impl.RoleInfo (RoleInfo.java:updateAndGet(143)) - 92ce6e48-4722-407a-9620-5998c6999257: start FollowerState
2019-10-18 14:01:50,372 [Thread-1548] INFO  impl.FollowerState (FollowerState.java:run(108)) - 92ce6e48-4722-407a-9620-5998c6999257@group-E964BE911FCC-FollowerState: change to CANDIDATE, lastRpcTime:67ms, electionTimeout:67ms
2019-10-18 14:01:50,372 [Thread-1548] INFO  impl.RoleInfo (RoleInfo.java:shutdownFollowerState(121)) - 92ce6e48-4722-407a-9620-5998c6999257: shutdown FollowerState
2019-10-18 14:01:50,372 [Thread-1548] INFO  impl.RaftServerImpl (RaftServerImpl.java:setRole(184)) - 92ce6e48-4722-407a-9620-5998c6999257@group-E964BE911FCC: changes role from  FOLLOWER to CANDIDATE at term 214 for changeToCandidate
2019-10-18 14:01:50,372 [Thread-1548] INFO  impl.RoleInfo (RoleInfo.java:updateAndGet(143)) - 92ce6e48-4722-407a-9620-5998c6999257: start LeaderElection
2019-10-18 14:01:50,398 [92ce6e48-4722-407a-9620-5998c6999257@group-E964BE911FCC-LeaderElection202] INFO  impl.LeaderElection (LeaderElection.java:askForVotes(178)) - 92ce6e48-4722-407a-9620-5998c6999257@group-E964BE911FCC-LeaderElection202: begin an election at term 215 for -1: [6cbfae60-ea29-4abc-a49d-ef94f4bd513a:192.168.69.85:36685, 66f9d00c-1e97-4252-958c-bed5a531abda:192.168.69.85:45996, 92ce6e48-4722-407a-9620-5998c6999257:192.168.69.85:34971], old=null
2019-10-18 14:01:50,400 [grpc-default-executor-0] INFO  impl.RaftServerImpl (RaftServerImpl.java:setRole(184)) - 66f9d00c-1e97-4252-958c-bed5a531abda@group-E964BE911FCC: changes role from  FOLLOWER to FOLLOWER at term 215 for recognizeCandidate:92ce6e48-4722-407a-9620-5998c6999257
2019-10-18 14:01:50,400 [grpc-default-executor-0] INFO  impl.RoleInfo (RoleInfo.java:shutdownFollowerState(121)) - 66f9d00c-1e97-4252-958c-bed5a531abda: shutdown FollowerState
2019-10-18 14:01:50,400 [grpc-default-executor-4] INFO  impl.RaftServerImpl (RaftServerImpl.java:setRole(184)) - 6cbfae60-ea29-4abc-a49d-ef94f4bd513a@group-E964BE911FCC: changes role from  FOLLOWER to FOLLOWER at term 215 for recognizeCandidate:92ce6e48-4722-407a-9620-5998c6999257
2019-10-18 14:01:50,400 [Thread-1546] INFO  impl.FollowerState (FollowerState.java:run(117)) - 66f9d00c-1e97-4252-958c-bed5a531abda@group-E964BE911FCC-FollowerState was interrupted: java.lang.InterruptedException: sleep interrupted
2019-10-18 14:01:50,400 [grpc-default-executor-0] INFO  impl.RoleInfo (RoleInfo.java:updateAndGet(143)) - 66f9d00c-1e97-4252-958c-bed5a531abda: start FollowerState
2019-10-18 14:01:50,400 [grpc-default-executor-4] INFO  impl.RoleInfo (RoleInfo.java:shutdownFollowerState(121)) - 6cbfae60-ea29-4abc-a49d-ef94f4bd513a: shutdown FollowerState
2019-10-18 14:01:50,401 [grpc-default-executor-4] INFO  impl.RoleInfo (RoleInfo.java:updateAndGet(143)) - 6cbfae60-ea29-4abc-a49d-ef94f4bd513a: start FollowerState
2019-10-18 14:01:50,401 [Thread-1547] INFO  impl.FollowerState (FollowerState.java:run(117)) - 6cbfae60-ea29-4abc-a49d-ef94f4bd513a@group-E964BE911FCC-FollowerState was interrupted: java.lang.InterruptedException: sleep interrupted
2019-10-18 14:01:50,416 [92ce6e48-4722-407a-9620-5998c6999257@group-E964BE911FCC-LeaderElection202] INFO  impl.LeaderElection (LeaderElection.java:logAndReturn(56)) - 92ce6e48-4722-407a-9620-5998c6999257@group-E964BE911FCC-LeaderElection202: Election REJECTED; received 2 response(s) [92ce6e48-4722-407a-9620-5998c6999257<-6cbfae60-ea29-4abc-a49d-ef94f4bd513a#0:FAIL-t215, 92ce6e48-4722-407a-9620-5998c6999257<-66f9d00c-1e97-4252-958c-bed5a531abda#0:FAIL-t215] and 0 exception(s); 92ce6e48-4722-407a-9620-5998c6999257@group-E964BE911FCC:t215, leader=null, voted=92ce6e48-4722-407a-9620-5998c6999257, raftlog=92ce6e48-4722-407a-9620-5998c6999257@group-E964BE911FCC-SegmentedRaftLog:OPENED:c-1,f-1,i0, conf=-1: [6cbfae60-ea29-4abc-a49d-ef94f4bd513a:192.168.69.85:36685, 66f9d00c-1e97-4252-958c-bed5a531abda:192.168.69.85:45996, 92ce6e48-4722-407a-9620-5998c6999257:192.168.69.85:34971], old=null
2019-10-18 14:01:50,416 [92ce6e48-4722-407a-9620-5998c6999257@group-E964BE911FCC-LeaderElection202] INFO  impl.RaftServerImpl (RaftServerImpl.java:setRole(184)) - 92ce6e48-4722-407a-9620-5998c6999257@group-E964BE911FCC: changes role from CANDIDATE to FOLLOWER at term 215 for DISCOVERED_A_NEW_TERM
2019-10-18 14:01:50,417 [92ce6e48-4722-407a-9620-5998c6999257@group-E964BE911FCC-LeaderElection202] INFO  impl.RoleInfo (RoleInfo.java:shutdownLeaderElection(134)) - 92ce6e48-4722-407a-9620-5998c6999257: shutdown LeaderElection
2019-10-18 14:01:50,417 [92ce6e48-4722-407a-9620-5998c6999257@group-E964BE911FCC-LeaderElection202] INFO  impl.RoleInfo (RoleInfo.java:updateAndGet(143)) - 92ce6e48-4722-407a-9620-5998c6999257: start FollowerState
2019-10-18 14:01:50,460 [Thread-1554] INFO  impl.FollowerState (FollowerState.java:run(108)) - 92ce6e48-4722-407a-9620-5998c6999257@group-E964BE911FCC-FollowerState: change to CANDIDATE, lastRpcTime:43ms, electionTimeout:43ms
2019-10-18 14:01:50,460 [Thread-1554] INFO  impl.RoleInfo (RoleInfo.java:shutdownFollowerState(121)) - 92ce6e48-4722-407a-9620-5998c6999257: shutdown FollowerState
2019-10-18 14:01:50,460 [Thread-1554] INFO  impl.RaftServerImpl (RaftServerImpl.java:setRole(184)) - 92ce6e48-4722-407a-9620-5998c6999257@group-E964BE911FCC: changes role from  FOLLOWER to CANDIDATE at term 215 for changeToCandidate
2019-10-18 14:01:50,461 [Thread-1554] INFO  impl.RoleInfo (RoleInfo.java:updateAndGet(143)) - 92ce6e48-4722-407a-9620-5998c6999257: start LeaderElection
2019-10-18 14:01:50,476 [92ce6e48-4722-407a-9620-5998c6999257@group-E964BE911FCC-LeaderElection203] INFO  impl.LeaderElection (LeaderElection.java:askForVotes(178)) - 92ce6e48-4722-407a-9620-5998c6999257@group-E964BE911FCC-LeaderElection203: begin an election at term 216 for -1: [6cbfae60-ea29-4abc-a49d-ef94f4bd513a:192.168.69.85:36685, 66f9d00c-1e97-4252-958c-bed5a531abda:192.168.69.85:45996, 92ce6e48-4722-407a-9620-5998c6999257:192.168.69.85:34971], old=null
2019-10-18 14:01:50,478 [grpc-default-executor-4] INFO  impl.RaftServerImpl (RaftServerImpl.java:setRole(184)) - 6cbfae60-ea29-4abc-a49d-ef94f4bd513a@group-E964BE911FCC: changes role from  FOLLOWER to FOLLOWER at term 216 for recognizeCandidate:92ce6e48-4722-407a-9620-5998c6999257
2019-10-18 14:01:50,478 [grpc-default-executor-4] INFO  impl.RoleInfo (RoleInfo.java:shutdownFollowerState(121)) - 6cbfae60-ea29-4abc-a49d-ef94f4bd513a: shutdown FollowerState
2019-10-18 14:01:50,478 [grpc-default-executor-4] INFO  impl.RoleInfo (RoleInfo.java:updateAndGet(143)) - 6cbfae60-ea29-4abc-a49d-ef94f4bd513a: start FollowerState
2019-10-18 14:01:50,478 [grpc-default-executor-0] INFO  impl.RaftServerImpl (RaftServerImpl.java:setRole(184)) - 66f9d00c-1e97-4252-958c-bed5a531abda@group-E964BE911FCC: changes role from  FOLLOWER to FOLLOWER at term 216 for recognizeCandidate:92ce6e48-4722-407a-9620-5998c6999257
2019-10-18 14:01:50,479 [grpc-default-executor-0] INFO  impl.RoleInfo (RoleInfo.java:shutdownFollowerState(121)) - 66f9d00c-1e97-4252-958c-bed5a531abda: shutdown FollowerState
2019-10-18 14:01:50,478 [Thread-1553] INFO  impl.FollowerState (FollowerState.java:run(117)) - 6cbfae60-ea29-4abc-a49d-ef94f4bd513a@group-E964BE911FCC-FollowerState was interrupted: java.lang.InterruptedException: sleep interrupted
2019-10-18 14:01:50,479 [Thread-1552] INFO  impl.FollowerState (FollowerState.java:run(117)) - 66f9d00c-1e97-4252-958c-bed5a531abda@group-E964BE911FCC-FollowerState was interrupted: java.lang.InterruptedException: sleep interrupted
2019-10-18 14:01:50,479 [grpc-default-executor-0] INFO  impl.RoleInfo (RoleInfo.java:updateAndGet(143)) - 66f9d00c-1e97-4252-958c-bed5a531abda: start FollowerState
2019-10-18 14:01:50,495 [92ce6e48-4722-407a-9620-5998c6999257@group-E964BE911FCC-LeaderElection203] INFO  impl.LeaderElection (LeaderElection.java:logAndReturn(56)) - 92ce6e48-4722-407a-9620-5998c6999257@group-E964BE911FCC-LeaderElection203: Election REJECTED; received 2 response(s) [92ce6e48-4722-407a-9620-5998c6999257<-6cbfae60-ea29-4abc-a49d-ef94f4bd513a#0:FAIL-t216, 92ce6e48-4722-407a-9620-5998c6999257<-66f9d00c-1e97-4252-958c-bed5a531abda#0:FAIL-t216] and 0 exception(s); 92ce6e48-4722-407a-9620-5998c6999257@group-E964BE911FCC:t216, leader=null, voted=92ce6e48-4722-407a-9620-5998c6999257, raftlog=92ce6e48-4722-407a-9620-5998c6999257@group-E964BE911FCC-SegmentedRaftLog:OPENED:c-1,f-1,i0, conf=-1: [6cbfae60-ea29-4abc-a49d-ef94f4bd513a:192.168.69.85:36685, 66f9d00c-1e97-4252-958c-bed5a531abda:192.168.69.85:45996, 92ce6e48-4722-407a-9620-5998c6999257:192.168.69.85:34971], old=null
2019-10-18 14:01:50,495 [92ce6e48-4722-407a-9620-5998c6999257@group-E964BE911FCC-LeaderElection203] INFO  impl.RaftServerImpl (RaftServerImpl.java:setRole(184)) - 92ce6e48-4722-407a-9620-5998c6999257@group-E964BE911FCC: changes role from CANDIDATE to FOLLOWER at term 216 for DISCOVERED_A_NEW_TERM
2019-10-18 14:01:50,495 [92ce6e48-4722-407a-9620-5998c6999257@group-E964BE911FCC-LeaderElection203] INFO  impl.RoleInfo (RoleInfo.java:shutdownLeaderElection(134)) - 92ce6e48-4722-407a-9620-5998c6999257: shutdown LeaderElection
2019-10-18 14:01:50,495 [92ce6e48-4722-407a-9620-5998c6999257@group-E964BE911FCC-LeaderElection203] INFO  impl.RoleInfo (RoleInfo.java:updateAndGet(143)) - 92ce6e48-4722-407a-9620-5998c6999257: start FollowerState
2019-10-18 14:01:50,521 [Thread-1560] INFO  impl.FollowerState (FollowerState.java:run(108)) - 92ce6e48-4722-407a-9620-5998c6999257@group-E964BE911FCC-FollowerState: change to CANDIDATE, lastRpcTime:25ms, electionTimeout:25ms
2019-10-18 14:01:50,521 [Thread-1560] INFO  impl.RoleInfo (RoleInfo.java:shutdownFollowerState(121)) - 92ce6e48-4722-407a-9620-5998c6999257: shutdown FollowerState
2019-10-18 14:01:50,521 [Thread-1560] INFO  impl.RaftServerImpl (RaftServerImpl.java:setRole(184)) - 92ce6e48-4722-407a-9620-5998c6999257@group-E964BE911FCC: changes role from  FOLLOWER to CANDIDATE at term 216 for changeToCandidate
2019-10-18 14:01:50,521 [Thread-1560] INFO  impl.RoleInfo (RoleInfo.java:updateAndGet(143)) - 92ce6e48-4722-407a-9620-5998c6999257: start LeaderElection
2019-10-18 14:01:50,534 [92ce6e48-4722-407a-9620-5998c6999257@group-E964BE911FCC-LeaderElection204] INFO  impl.LeaderElection (LeaderElection.java:askForVotes(178)) - 92ce6e48-4722-407a-9620-5998c6999257@group-E964BE911FCC-LeaderElection204: begin an election at term 217 for -1: [6cbfae60-ea29-4abc-a49d-ef94f4bd513a:192.168.69.85:36685, 66f9d00c-1e97-4252-958c-bed5a531abda:192.168.69.85:45996, 92ce6e48-4722-407a-9620-5998c6999257:192.168.69.85:34971], old=null
2019-10-18 14:01:50,536 [grpc-default-executor-0] INFO  impl.RaftServerImpl (RaftServerImpl.java:setRole(184)) - 6cbfae60-ea29-4abc-a49d-ef94f4bd513a@group-E964BE911FCC: changes role from  FOLLOWER to FOLLOWER at term 217 for recognizeCandidate:92ce6e48-4722-407a-9620-5998c6999257
2019-10-18 14:01:50,537 [grpc-default-executor-0] INFO  impl.RoleInfo (RoleInfo.java:shutdownFollowerState(121)) - 6cbfae60-ea29-4abc-a49d-ef94f4bd513a: shutdown FollowerState
2019-10-18 14:01:50,536 [grpc-default-executor-4] INFO  impl.RaftServerImpl (RaftServerImpl.java:setRole(184)) - 66f9d00c-1e97-4252-958c-bed5a531abda@group-E964BE911FCC: changes role from  FOLLOWER to FOLLOWER at term 217 for recognizeCandidate:92ce6e48-4722-407a-9620-5998c6999257
2019-10-18 14:01:50,537 [Thread-1558] INFO  impl.FollowerState (FollowerState.java:run(117)) - 6cbfae60-ea29-4abc-a49d-ef94f4bd513a@group-E964BE911FCC-FollowerState was interrupted: java.lang.InterruptedException: sleep interrupted
2019-10-18 14:01:50,537 [grpc-default-executor-0] INFO  impl.RoleInfo (RoleInfo.java:updateAndGet(143)) - 6cbfae60-ea29-4abc-a49d-ef94f4bd513a: start FollowerState
2019-10-18 14:01:50,537 [grpc-default-executor-4] INFO  impl.RoleInfo (RoleInfo.java:shutdownFollowerState(121)) - 66f9d00c-1e97-4252-958c-bed5a531abda: shutdown FollowerState
2019-10-18 14:01:50,537 [grpc-default-executor-4] INFO  impl.RoleInfo (RoleInfo.java:updateAndGet(143)) - 66f9d00c-1e97-4252-958c-bed5a531abda: start FollowerState
2019-10-18 14:01:50,537 [Thread-1559] INFO  impl.FollowerState (FollowerState.java:run(117)) - 66f9d00c-1e97-4252-958c-bed5a531abda@group-E964BE911FCC-FollowerState was interrupted: java.lang.InterruptedException: sleep interrupted
2019-10-18 14:01:50,552 [92ce6e48-4722-407a-9620-5998c6999257@group-E964BE911FCC-LeaderElection204] INFO  impl.LeaderElection (LeaderElection.java:logAndReturn(56)) - 92ce6e48-4722-407a-9620-5998c6999257@group-E964BE911FCC-LeaderElection204: Election REJECTED; received 2 response(s) [92ce6e48-4722-407a-9620-5998c6999257<-6cbfae60-ea29-4abc-a49d-ef94f4bd513a#0:FAIL-t217, 92ce6e48-4722-407a-9620-5998c6999257<-66f9d00c-1e97-4252-958c-bed5a531abda#0:FAIL-t217] and 0 exception(s); 92ce6e48-4722-407a-9620-5998c6999257@group-E964BE911FCC:t217, leader=null, voted=92ce6e48-4722-407a-9620-5998c6999257, raftlog=92ce6e48-4722-407a-9620-5998c6999257@group-E964BE911FCC-SegmentedRaftLog:OPENED:c-1,f-1,i0, conf=-1: [6cbfae60-ea29-4abc-a49d-ef94f4bd513a:192.168.69.85:36685, 66f9d00c-1e97-4252-958c-bed5a531abda:192.168.69.85:45996, 92ce6e48-4722-407a-9620-5998c6999257:192.168.69.85:34971], old=null
2019-10-18 14:01:50,552 [92ce6e48-4722-407a-9620-5998c6999257@group-E964BE911FCC-LeaderElection204] INFO  impl.RaftServerImpl (RaftServerImpl.java:setRole(184)) - 92ce6e48-4722-407a-9620-5998c6999257@group-E964BE911FCC: changes role from CANDIDATE to FOLLOWER at term 217 for DISCOVERED_A_NEW_TERM
2019-10-18 14:01:50,552 [92ce6e48-4722-407a-9620-5998c6999257@group-E964BE911FCC-LeaderElection204] INFO  impl.RoleInfo (RoleInfo.java:shutdownLeaderElection(134)) - 92ce6e48-4722-407a-9620-5998c6999257: shutdown LeaderElection
2019-10-18 14:01:50,552 [92ce6e48-4722-407a-9620-5998c6999257@group-E964BE911FCC-LeaderElection204] INFO  impl.RoleInfo (RoleInfo.java:updateAndGet(143)) - 92ce6e48-4722-407a-9620-5998c6999257: start FollowerState
2019-10-18 14:01:50,607 [Thread-1566] INFO  impl.FollowerState (FollowerState.java:run(108)) - 92ce6e48-4722-407a-9620-5998c6999257@group-E964BE911FCC-FollowerState: change to CANDIDATE, lastRpcTime:55ms, electionTimeout:55ms
2019-10-18 14:01:50,608 [Thread-1566] INFO  impl.RoleInfo (RoleInfo.java:shutdownFollowerState(121)) - 92ce6e48-4722-407a-9620-5998c6999257: shutdown FollowerState
2019-10-18 14:01:50,608 [Thread-1566] INFO  impl.RaftServerImpl (RaftServerImpl.java:setRole(184)) - 92ce6e48-4722-407a-9620-5998c6999257@group-E964BE911FCC: changes role from  FOLLOWER to CANDIDATE at term 217 for changeToCandidate
2019-10-18 14:01:50,608 [Thread-1566] INFO  impl.RoleInfo (RoleInfo.java:updateAndGet(143)) - 92ce6e48-4722-407a-9620-5998c6999257: start LeaderElection
2019-10-18 14:01:50,623 [92ce6e48-4722-407a-9620-5998c6999257@group-E964BE911FCC-LeaderElection205] INFO  impl.LeaderElection (LeaderElection.java:askForVotes(178)) - 92ce6e48-4722-407a-9620-5998c6999257@group-E964BE911FCC-LeaderElection205: begin an election at term 218 for -1: [6cbfae60-ea29-4abc-a49d-ef94f4bd513a:192.168.69.85:36685, 66f9d00c-1e97-4252-958c-bed5a531abda:192.168.69.85:45996, 92ce6e48-4722-407a-9620-5998c6999257:192.168.69.85:34971], old=null
2019-10-18 14:01:50,625 [grpc-default-executor-0] INFO  impl.RaftServerImpl (RaftServerImpl.java:setRole(184)) - 6cbfae60-ea29-4abc-a49d-ef94f4bd513a@group-E964BE911FCC: changes role from  FOLLOWER to FOLLOWER at term 218 for recognizeCandidate:92ce6e48-4722-407a-9620-5998c6999257
2019-10-18 14:01:50,626 [grpc-default-executor-0] INFO  impl.RoleInfo (RoleInfo.java:shutdownFollowerState(121)) - 6cbfae60-ea29-4abc-a49d-ef94f4bd513a: shutdown FollowerState
2019-10-18 14:01:50,626 [grpc-default-executor-0] INFO  impl.RoleInfo (RoleInfo.java:updateAndGet(143)) - 6cbfae60-ea29-4abc-a49d-ef94f4bd513a: start FollowerState
2019-10-18 14:01:50,626 [Thread-1564] INFO  impl.FollowerState (FollowerState.java:run(117)) - 6cbfae60-ea29-4abc-a49d-ef94f4bd513a@group-E964BE911FCC-FollowerState was interrupted: java.lang.InterruptedException: sleep interrupted
2019-10-18 14:01:50,626 [grpc-default-executor-4] INFO  impl.RaftServerImpl (RaftServerImpl.java:setRole(184)) - 66f9d00c-1e97-4252-958c-bed5a531abda@group-E964BE911FCC: changes role from  FOLLOWER to FOLLOWER at term 218 for recognizeCandidate:92ce6e48-4722-407a-9620-5998c6999257
2019-10-18 14:01:50,626 [grpc-default-executor-4] INFO  impl.RoleInfo (RoleInfo.java:shutdownFollowerState(121)) - 66f9d00c-1e97-4252-958c-bed5a531abda: shutdown FollowerState
2019-10-18 14:01:50,626 [grpc-default-executor-4] INFO  impl.RoleInfo (RoleInfo.java:updateAndGet(143)) - 66f9d00c-1e97-4252-958c-bed5a531abda: start FollowerState
2019-10-18 14:01:50,626 [Thread-1565] INFO  impl.FollowerState (FollowerState.java:run(117)) - 66f9d00c-1e97-4252-958c-bed5a531abda@group-E964BE911FCC-FollowerState was interrupted: java.lang.InterruptedException: sleep interrupted
2019-10-18 14:01:50,640 [92ce6e48-4722-407a-9620-5998c6999257@group-E964BE911FCC-LeaderElection205] INFO  impl.LeaderElection (LeaderElection.java:logAndReturn(56)) - 92ce6e48-4722-407a-9620-5998c6999257@group-E964BE911FCC-LeaderElection205: Election REJECTED; received 2 response(s) [92ce6e48-4722-407a-9620-5998c6999257<-6cbfae60-ea29-4abc-a49d-ef94f4bd513a#0:FAIL-t218, 92ce6e48-4722-407a-9620-5998c6999257<-66f9d00c-1e97-4252-958c-bed5a531abda#0:FAIL-t218] and 0 exception(s); 92ce6e48-4722-407a-9620-5998c6999257@group-E964BE911FCC:t218, leader=null, voted=92ce6e48-4722-407a-9620-5998c6999257, raftlog=92ce6e48-4722-407a-9620-5998c6999257@group-E964BE911FCC-SegmentedRaftLog:OPENED:c-1,f-1,i0, conf=-1: [6cbfae60-ea29-4abc-a49d-ef94f4bd513a:192.168.69.85:36685, 66f9d00c-1e97-4252-958c-bed5a531abda:192.168.69.85:45996, 92ce6e48-4722-407a-9620-5998c6999257:192.168.69.85:34971], old=null
2019-10-18 14:01:50,641 [92ce6e48-4722-407a-9620-5998c6999257@group-E964BE911FCC-LeaderElection205] INFO  impl.RaftServerImpl (RaftServerImpl.java:setRole(184)) - 92ce6e48-4722-407a-9620-5998c6999257@group-E964BE911FCC: changes role from CANDIDATE to FOLLOWER at term 218 for DISCOVERED_A_NEW_TERM
2019-10-18 14:01:50,641 [92ce6e48-4722-407a-9620-5998c6999257@group-E964BE911FCC-LeaderElection205] INFO  impl.RoleInfo (RoleInfo.java:shutdownLeaderElection(134)) - 92ce6e48-4722-407a-9620-5998c6999257: shutdown LeaderElection
2019-10-18 14:01:50,641 [92ce6e48-4722-407a-9620-5998c6999257@group-E964BE911FCC-LeaderElection205] INFO  impl.RoleInfo (RoleInfo.java:updateAndGet(143)) - 92ce6e48-4722-407a-9620-5998c6999257: start FollowerState
2019-10-18 14:01:50,757 [Thread-1572] INFO  impl.FollowerState (FollowerState.java:run(108)) - 92ce6e48-4722-407a-9620-5998c6999257@group-E964BE911FCC-FollowerState: change to CANDIDATE, lastRpcTime:116ms, electionTimeout:116ms
2019-10-18 14:01:50,758 [Thread-1572] INFO  impl.RoleInfo (RoleInfo.java:shutdownFollowerState(121)) - 92ce6e48-4722-407a-9620-5998c6999257: shutdown FollowerState
2019-10-18 14:01:50,758 [Thread-1572] INFO  impl.RaftServerImpl (RaftServerImpl.java:setRole(184)) - 92ce6e48-4722-407a-9620-5998c6999257@group-E964BE911FCC: changes role from  FOLLOWER to CANDIDATE at term 218 for changeToCandidate
2019-10-18 14:01:50,758 [Thread-1572] INFO  impl.RoleInfo (RoleInfo.java:updateAndGet(143)) - 92ce6e48-4722-407a-9620-5998c6999257: start LeaderElection
2019-10-18 14:01:50,787 [92ce6e48-4722-407a-9620-5998c6999257@group-E964BE911FCC-LeaderElection206] INFO  impl.LeaderElection (LeaderElection.java:askForVotes(178)) - 92ce6e48-4722-407a-9620-5998c6999257@group-E964BE911FCC-LeaderElection206: begin an election at term 219 for -1: [6cbfae60-ea29-4abc-a49d-ef94f4bd513a:192.168.69.85:36685, 66f9d00c-1e97-4252-958c-bed5a531abda:192.168.69.85:45996, 92ce6e48-4722-407a-9620-5998c6999257:192.168.69.85:34971], old=null
2019-10-18 14:01:50,790 [grpc-default-executor-4] INFO  impl.RaftServerImpl (RaftServerImpl.java:setRole(184)) - 6cbfae60-ea29-4abc-a49d-ef94f4bd513a@group-E964BE911FCC: changes role from  FOLLOWER to FOLLOWER at term 219 for recognizeCandidate:92ce6e48-4722-407a-9620-5998c6999257
2019-10-18 14:01:50,790 [grpc-default-executor-4] INFO  impl.RoleInfo (RoleInfo.java:shutdownFollowerState(121)) - 6cbfae60-ea29-4abc-a49d-ef94f4bd513a: shutdown FollowerState
2019-10-18 14:01:50,790 [grpc-default-executor-0] INFO  impl.RaftServerImpl (RaftServerImpl.java:setRole(184)) - 66f9d00c-1e97-4252-958c-bed5a531abda@group-E964BE911FCC: changes role from  FOLLOWER to FOLLOWER at term 219 for recognizeCandidate:92ce6e48-4722-407a-9620-5998c6999257
2019-10-18 14:01:50,791 [grpc-default-executor-0] INFO  impl.RoleInfo (RoleInfo.java:shutdownFollowerState(121)) - 66f9d00c-1e97-4252-958c-bed5a531abda: shutdown FollowerState
2019-10-18 14:01:50,791 [Thread-1570] INFO  impl.FollowerState (FollowerState.java:run(117)) - 6cbfae60-ea29-4abc-a49d-ef94f4bd513a@group-E964BE911FCC-FollowerState was interrupted: java.lang.InterruptedException: sleep interrupted
2019-10-18 14:01:50,790 [grpc-default-executor-4] INFO  impl.RoleInfo (RoleInfo.java:updateAndGet(143)) - 6cbfae60-ea29-4abc-a49d-ef94f4bd513a: start FollowerState
2019-10-18 14:01:50,791 [Thread-1571] INFO  impl.FollowerState (FollowerState.java:run(117)) - 66f9d00c-1e97-4252-958c-bed5a531abda@group-E964BE911FCC-FollowerState was interrupted: java.lang.InterruptedException: sleep interrupted
2019-10-18 14:01:50,791 [grpc-default-executor-0] INFO  impl.RoleInfo (RoleInfo.java:updateAndGet(143)) - 66f9d00c-1e97-4252-958c-bed5a531abda: start FollowerState
2019-10-18 14:01:50,798 [92ce6e48-4722-407a-9620-5998c6999257@group-E964BE911FCC-LeaderElection206] INFO  impl.LeaderElection (LeaderElection.java:logAndReturn(56)) - 92ce6e48-4722-407a-9620-5998c6999257@group-E964BE911FCC-LeaderElection206: Election TIMEOUT; received 0 response(s) [] and 0 exception(s); 92ce6e48-4722-407a-9620-5998c6999257@group-E964BE911FCC:t219, leader=null, voted=92ce6e48-4722-407a-9620-5998c6999257, raftlog=92ce6e48-4722-407a-9620-5998c6999257@group-E964BE911FCC-SegmentedRaftLog:OPENED:c-1,f-1,i0, conf=-1: [6cbfae60-ea29-4abc-a49d-ef94f4bd513a:192.168.69.85:36685, 66f9d00c-1e97-4252-958c-bed5a531abda:192.168.69.85:45996, 92ce6e48-4722-407a-9620-5998c6999257:192.168.69.85:34971], old=null
2019-10-18 14:01:50,810 [92ce6e48-4722-407a-9620-5998c6999257@group-E964BE911FCC-LeaderElection206] INFO  impl.LeaderElection (LeaderElection.java:askForVotes(178)) - 92ce6e48-4722-407a-9620-5998c6999257@group-E964BE911FCC-LeaderElection206: begin an election at term 220 for -1: [6cbfae60-ea29-4abc-a49d-ef94f4bd513a:192.168.69.85:36685, 66f9d00c-1e97-4252-958c-bed5a531abda:192.168.69.85:45996, 92ce6e48-4722-407a-9620-5998c6999257:192.168.69.85:34971], old=null
2019-10-18 14:01:50,812 [grpc-default-executor-4] INFO  impl.RaftServerImpl (RaftServerImpl.java:setRole(184)) - 6cbfae60-ea29-4abc-a49d-ef94f4bd513a@group-E964BE911FCC: changes role from  FOLLOWER to FOLLOWER at term 220 for recognizeCandidate:92ce6e48-4722-407a-9620-5998c6999257
2019-10-18 14:01:50,812 [grpc-default-executor-4] INFO  impl.RoleInfo (RoleInfo.java:shutdownFollowerState(121)) - 6cbfae60-ea29-4abc-a49d-ef94f4bd513a: shutdown FollowerState
2019-10-18 14:01:50,812 [grpc-default-executor-4] INFO  impl.RoleInfo (RoleInfo.java:updateAndGet(143)) - 6cbfae60-ea29-4abc-a49d-ef94f4bd513a: start FollowerState
2019-10-18 14:01:50,812 [Thread-1576] INFO  impl.FollowerState (FollowerState.java:run(117)) - 6cbfae60-ea29-4abc-a49d-ef94f4bd513a@group-E964BE911FCC-FollowerState was interrupted: java.lang.InterruptedException: sleep interrupted
2019-10-18 14:01:50,813 [grpc-default-executor-0] INFO  impl.RaftServerImpl (RaftServerImpl.java:setRole(184)) - 66f9d00c-1e97-4252-958c-bed5a531abda@group-E964BE911FCC: changes role from  FOLLOWER to FOLLOWER at term 220 for recognizeCandidate:92ce6e48-4722-407a-9620-5998c6999257
2019-10-18 14:01:50,813 [grpc-default-executor-0] INFO  impl.RoleInfo (RoleInfo.java:shutdownFollowerState(121)) - 66f9d00c-1e97-4252-958c-bed5a531abda: shutdown FollowerState
2019-10-18 14:01:50,813 [grpc-default-executor-0] INFO  impl.RoleInfo (RoleInfo.java:updateAndGet(143)) - 66f9d00c-1e97-4252-958c-bed5a531abda: start FollowerState
2019-10-18 14:01:50,813 [Thread-1577] INFO  impl.FollowerState (FollowerState.java:run(117)) - 66f9d00c-1e97-4252-958c-bed5a531abda@group-E964BE911FCC-FollowerState was interrupted: java.lang.InterruptedException: sleep interrupted
2019-10-18 14:01:50,828 [92ce6e48-4722-407a-9620-5998c6999257@group-E964BE911FCC-LeaderElection206] INFO  impl.LeaderElection (LeaderElection.java:logAndReturn(56)) - 92ce6e48-4722-407a-9620-5998c6999257@group-E964BE911FCC-LeaderElection206: Election REJECTED; received 2 response(s) [92ce6e48-4722-407a-9620-5998c6999257<-6cbfae60-ea29-4abc-a49d-ef94f4bd513a#0:FAIL-t220, 92ce6e48-4722-407a-9620-5998c6999257<-66f9d00c-1e97-4252-958c-bed5a531abda#0:FAIL-t220] and 0 exception(s); 92ce6e48-4722-407a-9620-5998c6999257@group-E964BE911FCC:t220, leader=null, voted=92ce6e48-4722-407a-9620-5998c6999257, raftlog=92ce6e48-4722-407a-9620-5998c6999257@group-E964BE911FCC-SegmentedRaftLog:OPENED:c-1,f-1,i0, conf=-1: [6cbfae60-ea29-4abc-a49d-ef94f4bd513a:192.168.69.85:36685, 66f9d00c-1e97-4252-958c-bed5a531abda:192.168.69.85:45996, 92ce6e48-4722-407a-9620-5998c6999257:192.168.69.85:34971], old=null
2019-10-18 14:01:50,829 [92ce6e48-4722-407a-9620-5998c6999257@group-E964BE911FCC-LeaderElection206] INFO  impl.RaftServerImpl (RaftServerImpl.java:setRole(184)) - 92ce6e48-4722-407a-9620-5998c6999257@group-E964BE911FCC: changes role from CANDIDATE to FOLLOWER at term 220 for DISCOVERED_A_NEW_TERM
2019-10-18 14:01:50,829 [92ce6e48-4722-407a-9620-5998c6999257@group-E964BE911FCC-LeaderElection206] INFO  impl.RoleInfo (RoleInfo.java:shutdownLeaderElection(134)) - 92ce6e48-4722-407a-9620-5998c6999257: shutdown LeaderElection
2019-10-18 14:01:50,829 [92ce6e48-4722-407a-9620-5998c6999257@group-E964BE911FCC-LeaderElection206] INFO  impl.RoleInfo (RoleInfo.java:updateAndGet(143)) - 92ce6e48-4722-407a-9620-5998c6999257: start FollowerState
2019-10-18 14:01:51,024 [Thread-1582] INFO  impl.FollowerState (FollowerState.java:run(108)) - 92ce6e48-4722-407a-9620-5998c6999257@group-E964BE911FCC-FollowerState: change to CANDIDATE, lastRpcTime:195ms, electionTimeout:195ms
2019-10-18 14:01:51,025 [Thread-1582] INFO  impl.RoleInfo (RoleInfo.java:shutdownFollowerState(121)) - 92ce6e48-4722-407a-9620-5998c6999257: shutdown FollowerState
2019-10-18 14:01:51,025 [Thread-1582] INFO  impl.RaftServerImpl (RaftServerImpl.java:setRole(184)) - 92ce6e48-4722-407a-9620-5998c6999257@group-E964BE911FCC: changes role from  FOLLOWER to CANDIDATE at term 220 for changeToCandidate
2019-10-18 14:01:51,025 [Thread-1582] INFO  impl.RoleInfo (RoleInfo.java:updateAndGet(143)) - 92ce6e48-4722-407a-9620-5998c6999257: start LeaderElection
2019-10-18 14:01:51,040 [92ce6e48-4722-407a-9620-5998c6999257@group-E964BE911FCC-LeaderElection207] INFO  impl.LeaderElection (LeaderElection.java:askForVotes(178)) - 92ce6e48-4722-407a-9620-5998c6999257@group-E964BE911FCC-LeaderElection207: begin an election at term 221 for -1: [6cbfae60-ea29-4abc-a49d-ef94f4bd513a:192.168.69.85:36685, 66f9d00c-1e97-4252-958c-bed5a531abda:192.168.69.85:45996, 92ce6e48-4722-407a-9620-5998c6999257:192.168.69.85:34971], old=null
2019-10-18 14:01:51,043 [grpc-default-executor-0] INFO  impl.RaftServerImpl (RaftServerImpl.java:setRole(184)) - 6cbfae60-ea29-4abc-a49d-ef94f4bd513a@group-E964BE911FCC: changes role from  FOLLOWER to FOLLOWER at term 221 for recognizeCandidate:92ce6e48-4722-407a-9620-5998c6999257
2019-10-18 14:01:51,043 [grpc-default-executor-0] INFO  impl.RoleInfo (RoleInfo.java:shutdownFollowerState(121)) - 6cbfae60-ea29-4abc-a49d-ef94f4bd513a: shutdown FollowerState
2019-10-18 14:01:51,044 [grpc-default-executor-4] INFO  impl.RaftServerImpl (RaftServerImpl.java:setRole(184)) - 66f9d00c-1e97-4252-958c-bed5a531abda@group-E964BE911FCC: changes role from  FOLLOWER to FOLLOWER at term 221 for recognizeCandidate:92ce6e48-4722-407a-9620-5998c6999257
2019-10-18 14:01:51,044 [Thread-1580] INFO  impl.FollowerState (FollowerState.java:run(117)) - 6cbfae60-ea29-4abc-a49d-ef94f4bd513a@group-E964BE911FCC-FollowerState was interrupted: java.lang.InterruptedException: sleep interrupted
2019-10-18 14:01:51,044 [grpc-default-executor-0] INFO  impl.RoleInfo (RoleInfo.java:updateAndGet(143)) - 6cbfae60-ea29-4abc-a49d-ef94f4bd513a: start FollowerState
2019-10-18 14:01:51,044 [grpc-default-executor-4] INFO  impl.RoleInfo (RoleInfo.java:shutdownFollowerState(121)) - 66f9d00c-1e97-4252-958c-bed5a531abda: shutdown FollowerState
2019-10-18 14:01:51,044 [grpc-default-executor-4] INFO  impl.RoleInfo (RoleInfo.java:updateAndGet(143)) - 66f9d00c-1e97-4252-958c-bed5a531abda: start FollowerState
2019-10-18 14:01:51,044 [Thread-1581] INFO  impl.FollowerState (FollowerState.java:run(117)) - 66f9d00c-1e97-4252-958c-bed5a531abda@group-E964BE911FCC-FollowerState was interrupted: java.lang.InterruptedException: sleep interrupted
2019-10-18 14:01:51,055 [92ce6e48-4722-407a-9620-5998c6999257@group-E964BE911FCC-LeaderElection207] INFO  impl.LeaderElection (LeaderElection.java:logAndReturn(56)) - 92ce6e48-4722-407a-9620-5998c6999257@group-E964BE911FCC-LeaderElection207: Election REJECTED; received 2 response(s) [92ce6e48-4722-407a-9620-5998c6999257<-6cbfae60-ea29-4abc-a49d-ef94f4bd513a#0:FAIL-t221, 92ce6e48-4722-407a-9620-5998c6999257<-66f9d00c-1e97-4252-958c-bed5a531abda#0:FAIL-t221] and 0 exception(s); 92ce6e48-4722-407a-9620-5998c6999257@group-E964BE911FCC:t221, leader=null, voted=92ce6e48-4722-407a-9620-5998c6999257, raftlog=92ce6e48-4722-407a-9620-5998c6999257@group-E964BE911FCC-SegmentedRaftLog:OPENED:c-1,f-1,i0, conf=-1: [6cbfae60-ea29-4abc-a49d-ef94f4bd513a:192.168.69.85:36685, 66f9d00c-1e97-4252-958c-bed5a531abda:192.168.69.85:45996, 92ce6e48-4722-407a-9620-5998c6999257:192.168.69.85:34971], old=null
2019-10-18 14:01:51,056 [92ce6e48-4722-407a-9620-5998c6999257@group-E964BE911FCC-LeaderElection207] INFO  impl.RaftServerImpl (RaftServerImpl.java:setRole(184)) - 92ce6e48-4722-407a-9620-5998c6999257@group-E964BE911FCC: changes role from CANDIDATE to FOLLOWER at term 221 for DISCOVERED_A_NEW_TERM
2019-10-18 14:01:51,056 [92ce6e48-4722-407a-9620-5998c6999257@group-E964BE911FCC-LeaderElection207] INFO  impl.RoleInfo (RoleInfo.java:shutdownLeaderElection(134)) - 92ce6e48-4722-407a-9620-5998c6999257: shutdown LeaderElection
2019-10-18 14:01:51,056 [92ce6e48-4722-407a-9620-5998c6999257@group-E964BE911FCC-LeaderElection207] INFO  impl.RoleInfo (RoleInfo.java:updateAndGet(143)) - 92ce6e48-4722-407a-9620-5998c6999257: start FollowerState
2019-10-18 14:01:51,074 [Thread-1588] INFO  impl.FollowerState (FollowerState.java:run(108)) - 92ce6e48-4722-407a-9620-5998c6999257@group-E964BE911FCC-FollowerState: change to CANDIDATE, lastRpcTime:18ms, electionTimeout:18ms
2019-10-18 14:01:51,075 [Thread-1588] INFO  impl.RoleInfo (RoleInfo.java:shutdownFollowerState(121)) - 92ce6e48-4722-407a-9620-5998c6999257: shutdown FollowerState
2019-10-18 14:01:51,075 [Thread-1588] INFO  impl.RaftServerImpl (RaftServerImpl.java:setRole(184)) - 92ce6e48-4722-407a-9620-5998c6999257@group-E964BE911FCC: changes role from  FOLLOWER to CANDIDATE at term 221 for changeToCandidate
2019-10-18 14:01:51,075 [Thread-1588] INFO  impl.RoleInfo (RoleInfo.java:updateAndGet(143)) - 92ce6e48-4722-407a-9620-5998c6999257: start LeaderElection
2019-10-18 14:01:51,088 [92ce6e48-4722-407a-9620-5998c6999257@group-E964BE911FCC-LeaderElection208] INFO  impl.LeaderElection (LeaderElection.java:askForVotes(178)) - 92ce6e48-4722-407a-9620-5998c6999257@group-E964BE911FCC-LeaderElection208: begin an election at term 222 for -1: [6cbfae60-ea29-4abc-a49d-ef94f4bd513a:192.168.69.85:36685, 66f9d00c-1e97-4252-958c-bed5a531abda:192.168.69.85:45996, 92ce6e48-4722-407a-9620-5998c6999257:192.168.69.85:34971], old=null
2019-10-18 14:01:51,090 [grpc-default-executor-4] INFO  impl.RaftServerImpl (RaftServerImpl.java:setRole(184)) - 66f9d00c-1e97-4252-958c-bed5a531abda@group-E964BE911FCC: changes role from  FOLLOWER to FOLLOWER at term 222 for recognizeCandidate:92ce6e48-4722-407a-9620-5998c6999257
2019-10-18 14:01:51,090 [grpc-default-executor-0] INFO  impl.RaftServerImpl (RaftServerImpl.java:setRole(184)) - 6cbfae60-ea29-4abc-a49d-ef94f4bd513a@group-E964BE911FCC: changes role from  FOLLOWER to FOLLOWER at term 222 for recognizeCandidate:92ce6e48-4722-407a-9620-5998c6999257
2019-10-18 14:01:51,090 [grpc-default-executor-4] INFO  impl.RoleInfo (RoleInfo.java:shutdownFollowerState(121)) - 66f9d00c-1e97-4252-958c-bed5a531abda: shutdown FollowerState
2019-10-18 14:01:51,090 [grpc-default-executor-0] INFO  impl.RoleInfo (RoleInfo.java:shutdownFollowerState(121)) - 6cbfae60-ea29-4abc-a49d-ef94f4bd513a: shutdown FollowerState
2019-10-18 14:01:51,090 [Thread-1587] INFO  impl.FollowerState (FollowerState.java:run(117)) - 66f9d00c-1e97-4252-958c-bed5a531abda@group-E964BE911FCC-FollowerState was interrupted: java.lang.InterruptedException: sleep interrupted
2019-10-18 14:01:51,090 [grpc-default-executor-4] INFO  impl.RoleInfo (RoleInfo.java:updateAndGet(143)) - 66f9d00c-1e97-4252-958c-bed5a531abda: start FollowerState
2019-10-18 14:01:51,091 [Thread-1586] INFO  impl.FollowerState (FollowerState.java:run(117)) - 6cbfae60-ea29-4abc-a49d-ef94f4bd513a@group-E964BE911FCC-FollowerState was interrupted: java.lang.InterruptedException: sleep interrupted
2019-10-18 14:01:51,091 [grpc-default-executor-0] INFO  impl.RoleInfo (RoleInfo.java:updateAndGet(143)) - 6cbfae60-ea29-4abc-a49d-ef94f4bd513a: start FollowerState
2019-10-18 14:01:51,106 [92ce6e48-4722-407a-9620-5998c6999257@group-E964BE911FCC-LeaderElection208] INFO  impl.LeaderElection (LeaderElection.java:logAndReturn(56)) - 92ce6e48-4722-407a-9620-5998c6999257@group-E964BE911FCC-LeaderElection208: Election REJECTED; received 2 response(s) [92ce6e48-4722-407a-9620-5998c6999257<-6cbfae60-ea29-4abc-a49d-ef94f4bd513a#0:FAIL-t222, 92ce6e48-4722-407a-9620-5998c6999257<-66f9d00c-1e97-4252-958c-bed5a531abda#0:FAIL-t222] and 0 exception(s); 92ce6e48-4722-407a-9620-5998c6999257@group-E964BE911FCC:t222, leader=null, voted=92ce6e48-4722-407a-9620-5998c6999257, raftlog=92ce6e48-4722-407a-9620-5998c6999257@group-E964BE911FCC-SegmentedRaftLog:OPENED:c-1,f-1,i0, conf=-1: [6cbfae60-ea29-4abc-a49d-ef94f4bd513a:192.168.69.85:36685, 66f9d00c-1e97-4252-958c-bed5a531abda:192.168.69.85:45996, 92ce6e48-4722-407a-9620-5998c6999257:192.168.69.85:34971], old=null
2019-10-18 14:01:51,107 [92ce6e48-4722-407a-9620-5998c6999257@group-E964BE911FCC-LeaderElection208] INFO  impl.RaftServerImpl (RaftServerImpl.java:setRole(184)) - 92ce6e48-4722-407a-9620-5998c6999257@group-E964BE911FCC: changes role from CANDIDATE to FOLLOWER at term 222 for DISCOVERED_A_NEW_TERM
2019-10-18 14:01:51,107 [92ce6e48-4722-407a-9620-5998c6999257@group-E964BE911FCC-LeaderElection208] INFO  impl.RoleInfo (RoleInfo.java:shutdownLeaderElection(134)) - 92ce6e48-4722-407a-9620-5998c6999257: shutdown LeaderElection
2019-10-18 14:01:51,107 [92ce6e48-4722-407a-9620-5998c6999257@group-E964BE911FCC-LeaderElection208] INFO  impl.RoleInfo (RoleInfo.java:updateAndGet(143)) - 92ce6e48-4722-407a-9620-5998c6999257: start FollowerState
2019-10-18 14:01:51,125 [Thread-1594] INFO  impl.FollowerState (FollowerState.java:run(108)) - 92ce6e48-4722-407a-9620-5998c6999257@group-E964BE911FCC-FollowerState: change to CANDIDATE, lastRpcTime:18ms, electionTimeout:18ms
2019-10-18 14:01:51,125 [Thread-1594] INFO  impl.RoleInfo (RoleInfo.java:shutdownFollowerState(121)) - 92ce6e48-4722-407a-9620-5998c6999257: shutdown FollowerState
2019-10-18 14:01:51,125 [Thread-1594] INFO  impl.RaftServerImpl (RaftServerImpl.java:setRole(184)) - 92ce6e48-4722-407a-9620-5998c6999257@group-E964BE911FCC: changes role from  FOLLOWER to CANDIDATE at term 222 for changeToCandidate
2019-10-18 14:01:51,126 [Thread-1594] INFO  impl.RoleInfo (RoleInfo.java:updateAndGet(143)) - 92ce6e48-4722-407a-9620-5998c6999257: start LeaderElection
2019-10-18 14:01:51,140 [92ce6e48-4722-407a-9620-5998c6999257@group-E964BE911FCC-LeaderElection209] INFO  impl.LeaderElection (LeaderElection.java:askForVotes(178)) - 92ce6e48-4722-407a-9620-5998c6999257@group-E964BE911FCC-LeaderElection209: begin an election at term 223 for -1: [6cbfae60-ea29-4abc-a49d-ef94f4bd513a:192.168.69.85:36685, 66f9d00c-1e97-4252-958c-bed5a531abda:192.168.69.85:45996, 92ce6e48-4722-407a-9620-5998c6999257:192.168.69.85:34971], old=null
2019-10-18 14:01:51,143 [grpc-default-executor-4] INFO  impl.RaftServerImpl (RaftServerImpl.java:setRole(184)) - 66f9d00c-1e97-4252-958c-bed5a531abda@group-E964BE911FCC: changes role from  FOLLOWER to FOLLOWER at term 223 for recognizeCandidate:92ce6e48-4722-407a-9620-5998c6999257
2019-10-18 14:01:51,143 [grpc-default-executor-4] INFO  impl.RoleInfo (RoleInfo.java:shutdownFollowerState(121)) - 66f9d00c-1e97-4252-958c-bed5a531abda: shutdown FollowerState
2019-10-18 14:01:51,143 [grpc-default-executor-4] INFO  impl.RoleInfo (RoleInfo.java:updateAndGet(143)) - 66f9d00c-1e97-4252-958c-bed5a531abda: start FollowerState
2019-10-18 14:01:51,143 [Thread-1592] INFO  impl.FollowerState (FollowerState.java:run(117)) - 66f9d00c-1e97-4252-958c-bed5a531abda@group-E964BE911FCC-FollowerState was interrupted: java.lang.InterruptedException: sleep interrupted
2019-10-18 14:01:51,143 [grpc-default-executor-0] INFO  impl.RaftServerImpl (RaftServerImpl.java:setRole(184)) - 6cbfae60-ea29-4abc-a49d-ef94f4bd513a@group-E964BE911FCC: changes role from  FOLLOWER to FOLLOWER at term 223 for recognizeCandidate:92ce6e48-4722-407a-9620-5998c6999257
2019-10-18 14:01:51,143 [grpc-default-executor-0] INFO  impl.RoleInfo (RoleInfo.java:shutdownFollowerState(121)) - 6cbfae60-ea29-4abc-a49d-ef94f4bd513a: shutdown FollowerState
2019-10-18 14:01:51,143 [grpc-default-executor-0] INFO  impl.RoleInfo (RoleInfo.java:updateAndGet(143)) - 6cbfae60-ea29-4abc-a49d-ef94f4bd513a: start FollowerState
2019-10-18 14:01:51,143 [Thread-1593] INFO  impl.FollowerState (FollowerState.java:run(117)) - 6cbfae60-ea29-4abc-a49d-ef94f4bd513a@group-E964BE911FCC-FollowerState was interrupted: java.lang.InterruptedException: sleep interrupted
2019-10-18 14:01:51,157 [92ce6e48-4722-407a-9620-5998c6999257@group-E964BE911FCC-LeaderElection209] INFO  impl.LeaderElection (LeaderElection.java:logAndReturn(56)) - 92ce6e48-4722-407a-9620-5998c6999257@group-E964BE911FCC-LeaderElection209: Election REJECTED; received 2 response(s) [92ce6e48-4722-407a-9620-5998c6999257<-6cbfae60-ea29-4abc-a49d-ef94f4bd513a#0:FAIL-t223, 92ce6e48-4722-407a-9620-5998c6999257<-66f9d00c-1e97-4252-958c-bed5a531abda#0:FAIL-t223] and 0 exception(s); 92ce6e48-4722-407a-9620-5998c6999257@group-E964BE911FCC:t223, leader=null, voted=92ce6e48-4722-407a-9620-5998c6999257, raftlog=92ce6e48-4722-407a-9620-5998c6999257@group-E964BE911FCC-SegmentedRaftLog:OPENED:c-1,f-1,i0, conf=-1: [6cbfae60-ea29-4abc-a49d-ef94f4bd513a:192.168.69.85:36685, 66f9d00c-1e97-4252-958c-bed5a531abda:192.168.69.85:45996, 92ce6e48-4722-407a-9620-5998c6999257:192.168.69.85:34971], old=null
2019-10-18 14:01:51,157 [92ce6e48-4722-407a-9620-5998c6999257@group-E964BE911FCC-LeaderElection209] INFO  impl.RaftServerImpl (RaftServerImpl.java:setRole(184)) - 92ce6e48-4722-407a-9620-5998c6999257@group-E964BE911FCC: changes role from CANDIDATE to FOLLOWER at term 223 for DISCOVERED_A_NEW_TERM
2019-10-18 14:01:51,157 [92ce6e48-4722-407a-9620-5998c6999257@group-E964BE911FCC-LeaderElection209] INFO  impl.RoleInfo (RoleInfo.java:shutdownLeaderElection(134)) - 92ce6e48-4722-407a-9620-5998c6999257: shutdown LeaderElection
2019-10-18 14:01:51,158 [92ce6e48-4722-407a-9620-5998c6999257@group-E964BE911FCC-LeaderElection209] INFO  impl.RoleInfo (RoleInfo.java:updateAndGet(143)) - 92ce6e48-4722-407a-9620-5998c6999257: start FollowerState
2019-10-18 14:01:51,268 [Thread-1600] INFO  impl.FollowerState (FollowerState.java:run(108)) - 92ce6e48-4722-407a-9620-5998c6999257@group-E964BE911FCC-FollowerState: change to CANDIDATE, lastRpcTime:110ms, electionTimeout:110ms
2019-10-18 14:01:51,268 [Thread-1600] INFO  impl.RoleInfo (RoleInfo.java:shutdownFollowerState(121)) - 92ce6e48-4722-407a-9620-5998c6999257: shutdown FollowerState
2019-10-18 14:01:51,268 [Thread-1600] INFO  impl.RaftServerImpl (RaftServerImpl.java:setRole(184)) - 92ce6e48-4722-407a-9620-5998c6999257@group-E964BE911FCC: changes role from  FOLLOWER to CANDIDATE at term 223 for changeToCandidate
2019-10-18 14:01:51,268 [Thread-1600] INFO  impl.RoleInfo (RoleInfo.java:updateAndGet(143)) - 92ce6e48-4722-407a-9620-5998c6999257: start LeaderElection
2019-10-18 14:01:51,282 [92ce6e48-4722-407a-9620-5998c6999257@group-E964BE911FCC-LeaderElection210] INFO  impl.LeaderElection (LeaderElection.java:askForVotes(178)) - 92ce6e48-4722-407a-9620-5998c6999257@group-E964BE911FCC-LeaderElection210: begin an election at term 224 for -1: [6cbfae60-ea29-4abc-a49d-ef94f4bd513a:192.168.69.85:36685, 66f9d00c-1e97-4252-958c-bed5a531abda:192.168.69.85:45996, 92ce6e48-4722-407a-9620-5998c6999257:192.168.69.85:34971], old=null
2019-10-18 14:01:51,284 [grpc-default-executor-0] INFO  impl.RaftServerImpl (RaftServerImpl.java:setRole(184)) - 66f9d00c-1e97-4252-958c-bed5a531abda@group-E964BE911FCC: changes role from  FOLLOWER to FOLLOWER at term 224 for recognizeCandidate:92ce6e48-4722-407a-9620-5998c6999257
2019-10-18 14:01:51,284 [grpc-default-executor-0] INFO  impl.RoleInfo (RoleInfo.java:shutdownFollowerState(121)) - 66f9d00c-1e97-4252-958c-bed5a531abda: shutdown FollowerState
2019-10-18 14:01:51,284 [grpc-default-executor-4] INFO  impl.RaftServerImpl (RaftServerImpl.java:setRole(184)) - 6cbfae60-ea29-4abc-a49d-ef94f4bd513a@group-E964BE911FCC: changes role from  FOLLOWER to FOLLOWER at term 224 for recognizeCandidate:92ce6e48-4722-407a-9620-5998c6999257
2019-10-18 14:01:51,284 [Thread-1598] INFO  impl.FollowerState (FollowerState.java:run(117)) - 66f9d00c-1e97-4252-958c-bed5a531abda@group-E964BE911FCC-FollowerState was interrupted: java.lang.InterruptedException: sleep interrupted
2019-10-18 14:01:51,284 [grpc-default-executor-0] INFO  impl.RoleInfo (RoleInfo.java:updateAndGet(143)) - 66f9d00c-1e97-4252-958c-bed5a531abda: start FollowerState
2019-10-18 14:01:51,284 [grpc-default-executor-4] INFO  impl.RoleInfo (RoleInfo.java:shutdownFollowerState(121)) - 6cbfae60-ea29-4abc-a49d-ef94f4bd513a: shutdown FollowerState
2019-10-18 14:01:51,284 [grpc-default-executor-4] INFO  impl.RoleInfo (RoleInfo.java:updateAndGet(143)) - 6cbfae60-ea29-4abc-a49d-ef94f4bd513a: start FollowerState
2019-10-18 14:01:51,285 [Thread-1599] INFO  impl.FollowerState (FollowerState.java:run(117)) - 6cbfae60-ea29-4abc-a49d-ef94f4bd513a@group-E964BE911FCC-FollowerState was interrupted: java.lang.InterruptedException: sleep interrupted
2019-10-18 14:01:51,304 [92ce6e48-4722-407a-9620-5998c6999257@group-E964BE911FCC-LeaderElection210] INFO  impl.LeaderElection (LeaderElection.java:logAndReturn(56)) - 92ce6e48-4722-407a-9620-5998c6999257@group-E964BE911FCC-LeaderElection210: Election REJECTED; received 2 response(s) [92ce6e48-4722-407a-9620-5998c6999257<-6cbfae60-ea29-4abc-a49d-ef94f4bd513a#0:FAIL-t224, 92ce6e48-4722-407a-9620-5998c6999257<-66f9d00c-1e97-4252-958c-bed5a531abda#0:FAIL-t224] and 0 exception(s); 92ce6e48-4722-407a-9620-5998c6999257@group-E964BE911FCC:t224, leader=null, voted=92ce6e48-4722-407a-9620-5998c6999257, raftlog=92ce6e48-4722-407a-9620-5998c6999257@group-E964BE911FCC-SegmentedRaftLog:OPENED:c-1,f-1,i0, conf=-1: [6cbfae60-ea29-4abc-a49d-ef94f4bd513a:192.168.69.85:36685, 66f9d00c-1e97-4252-958c-bed5a531abda:192.168.69.85:45996, 92ce6e48-4722-407a-9620-5998c6999257:192.168.69.85:34971], old=null
2019-10-18 14:01:51,304 [92ce6e48-4722-407a-9620-5998c6999257@group-E964BE911FCC-LeaderElection210] INFO  impl.RaftServerImpl (RaftServerImpl.java:setRole(184)) - 92ce6e48-4722-407a-9620-5998c6999257@group-E964BE911FCC: changes role from CANDIDATE to FOLLOWER at term 224 for DISCOVERED_A_NEW_TERM
2019-10-18 14:01:51,305 [92ce6e48-4722-407a-9620-5998c6999257@group-E964BE911FCC-LeaderElection210] INFO  impl.RoleInfo (RoleInfo.java:shutdownLeaderElection(134)) - 92ce6e48-4722-407a-9620-5998c6999257: shutdown LeaderElection
2019-10-18 14:01:51,305 [92ce6e48-4722-407a-9620-5998c6999257@group-E964BE911FCC-LeaderElection210] INFO  impl.RoleInfo (RoleInfo.java:updateAndGet(143)) - 92ce6e48-4722-407a-9620-5998c6999257: start FollowerState
2019-10-18 14:01:51,401 [Thread-1608] INFO  impl.FollowerState (FollowerState.java:run(108)) - 92ce6e48-4722-407a-9620-5998c6999257@group-E964BE911FCC-FollowerState: change to CANDIDATE, lastRpcTime:96ms, electionTimeout:96ms
2019-10-18 14:01:51,401 [Thread-1608] INFO  impl.RoleInfo (RoleInfo.java:shutdownFollowerState(121)) - 92ce6e48-4722-407a-9620-5998c6999257: shutdown FollowerState
2019-10-18 14:01:51,401 [Thread-1608] INFO  impl.RaftServerImpl (RaftServerImpl.java:setRole(184)) - 92ce6e48-4722-407a-9620-5998c6999257@group-E964BE911FCC: changes role from  FOLLOWER to CANDIDATE at term 224 for changeToCandidate
2019-10-18 14:01:51,402 [Thread-1608] INFO  impl.RoleInfo (RoleInfo.java:updateAndGet(143)) - 92ce6e48-4722-407a-9620-5998c6999257: start LeaderElection
2019-10-18 14:01:51,415 [92ce6e48-4722-407a-9620-5998c6999257@group-E964BE911FCC-LeaderElection211] INFO  impl.LeaderElection (LeaderElection.java:askForVotes(178)) - 92ce6e48-4722-407a-9620-5998c6999257@group-E964BE911FCC-LeaderElection211: begin an election at term 225 for -1: [6cbfae60-ea29-4abc-a49d-ef94f4bd513a:192.168.69.85:36685, 66f9d00c-1e97-4252-958c-bed5a531abda:192.168.69.85:45996, 92ce6e48-4722-407a-9620-5998c6999257:192.168.69.85:34971], old=null
2019-10-18 14:01:51,417 [92ce6e48-4722-407a-9620-5998c6999257@group-E964BE911FCC-LeaderElection211] INFO  impl.LeaderElection (LeaderElection.java:logAndReturn(56)) - 92ce6e48-4722-407a-9620-5998c6999257@group-E964BE911FCC-LeaderElection211: Election TIMEOUT; received 0 response(s) [] and 0 exception(s); 92ce6e48-4722-407a-9620-5998c6999257@group-E964BE911FCC:t225, leader=null, voted=92ce6e48-4722-407a-9620-5998c6999257, raftlog=92ce6e48-4722-407a-9620-5998c6999257@group-E964BE911FCC-SegmentedRaftLog:OPENED:c-1,f-1,i0, conf=-1: [6cbfae60-ea29-4abc-a49d-ef94f4bd513a:192.168.69.85:36685, 66f9d00c-1e97-4252-958c-bed5a531abda:192.168.69.85:45996, 92ce6e48-4722-407a-9620-5998c6999257:192.168.69.85:34971], old=null
2019-10-18 14:01:51,417 [grpc-default-executor-4] INFO  impl.RaftServerImpl (RaftServerImpl.java:setRole(184)) - 6cbfae60-ea29-4abc-a49d-ef94f4bd513a@group-E964BE911FCC: changes role from  FOLLOWER to FOLLOWER at term 225 for recognizeCandidate:92ce6e48-4722-407a-9620-5998c6999257
2019-10-18 14:01:51,417 [grpc-default-executor-4] INFO  impl.RoleInfo (RoleInfo.java:shutdownFollowerState(121)) - 6cbfae60-ea29-4abc-a49d-ef94f4bd513a: shutdown FollowerState
2019-10-18 14:01:51,417 [grpc-default-executor-0] INFO  impl.RaftServerImpl (RaftServerImpl.java:setRole(184)) - 66f9d00c-1e97-4252-958c-bed5a531abda@group-E964BE911FCC: changes role from  FOLLOWER to FOLLOWER at term 225 for recognizeCandidate:92ce6e48-4722-407a-9620-5998c6999257
2019-10-18 14:01:51,417 [Thread-1607] INFO  impl.FollowerState (FollowerState.java:run(117)) - 6cbfae60-ea29-4abc-a49d-ef94f4bd513a@group-E964BE911FCC-FollowerState was interrupted: java.lang.InterruptedException: sleep interrupted
2019-10-18 14:01:51,417 [grpc-default-executor-4] INFO  impl.RoleInfo (RoleInfo.java:updateAndGet(143)) - 6cbfae60-ea29-4abc-a49d-ef94f4bd513a: start FollowerState
2019-10-18 14:01:51,418 [grpc-default-executor-0] INFO  impl.RoleInfo (RoleInfo.java:shutdownFollowerState(121)) - 66f9d00c-1e97-4252-958c-bed5a531abda: shutdown FollowerState
2019-10-18 14:01:51,418 [Thread-1606] INFO  impl.FollowerState (FollowerState.java:run(117)) - 66f9d00c-1e97-4252-958c-bed5a531abda@group-E964BE911FCC-FollowerState was interrupted: java.lang.InterruptedException: sleep interrupted
2019-10-18 14:01:51,418 [grpc-default-executor-0] INFO  impl.RoleInfo (RoleInfo.java:updateAndGet(143)) - 66f9d00c-1e97-4252-958c-bed5a531abda: start FollowerState
2019-10-18 14:01:51,431 [92ce6e48-4722-407a-9620-5998c6999257@group-E964BE911FCC-LeaderElection211] INFO  impl.LeaderElection (LeaderElection.java:askForVotes(178)) - 92ce6e48-4722-407a-9620-5998c6999257@group-E964BE911FCC-LeaderElection211: begin an election at term 226 for -1: [6cbfae60-ea29-4abc-a49d-ef94f4bd513a:192.168.69.85:36685, 66f9d00c-1e97-4252-958c-bed5a531abda:192.168.69.85:45996, 92ce6e48-4722-407a-9620-5998c6999257:192.168.69.85:34971], old=null
2019-10-18 14:01:51,433 [grpc-default-executor-4] INFO  impl.RaftServerImpl (RaftServerImpl.java:setRole(184)) - 66f9d00c-1e97-4252-958c-bed5a531abda@group-E964BE911FCC: changes role from  FOLLOWER to FOLLOWER at term 226 for recognizeCandidate:92ce6e48-4722-407a-9620-5998c6999257
2019-10-18 14:01:51,433 [grpc-default-executor-4] INFO  impl.RoleInfo (RoleInfo.java:shutdownFollowerState(121)) - 66f9d00c-1e97-4252-958c-bed5a531abda: shutdown FollowerState
2019-10-18 14:01:51,433 [grpc-default-executor-0] INFO  impl.RaftServerImpl (RaftServerImpl.java:setRole(184)) - 6cbfae60-ea29-4abc-a49d-ef94f4bd513a@group-E964BE911FCC: changes role from  FOLLOWER to FOLLOWER at term 226 for recognizeCandidate:92ce6e48-4722-407a-9620-5998c6999257
2019-10-18 14:01:51,434 [grpc-default-executor-0] INFO  impl.RoleInfo (RoleInfo.java:shutdownFollowerState(121)) - 6cbfae60-ea29-4abc-a49d-ef94f4bd513a: shutdown FollowerState
2019-10-18 14:01:51,433 [Thread-1613] INFO  impl.FollowerState (FollowerState.java:run(117)) - 66f9d00c-1e97-4252-958c-bed5a531abda@group-E964BE911FCC-FollowerState was interrupted: java.lang.InterruptedException: sleep interrupted
2019-10-18 14:01:51,433 [grpc-default-executor-4] INFO  impl.RoleInfo (RoleInfo.java:updateAndGet(143)) - 66f9d00c-1e97-4252-958c-bed5a531abda: start FollowerState
2019-10-18 14:01:51,434 [Thread-1612] INFO  impl.FollowerState (FollowerState.java:run(117)) - 6cbfae60-ea29-4abc-a49d-ef94f4bd513a@group-E964BE911FCC-FollowerState was interrupted: java.lang.InterruptedException: sleep interrupted
2019-10-18 14:01:51,434 [grpc-default-executor-0] INFO  impl.RoleInfo (RoleInfo.java:updateAndGet(143)) - 6cbfae60-ea29-4abc-a49d-ef94f4bd513a: start FollowerState
2019-10-18 14:01:51,448 [92ce6e48-4722-407a-9620-5998c6999257@group-E964BE911FCC-LeaderElection211] INFO  impl.LeaderElection (LeaderElection.java:logAndReturn(56)) - 92ce6e48-4722-407a-9620-5998c6999257@group-E964BE911FCC-LeaderElection211: Election REJECTED; received 2 response(s) [92ce6e48-4722-407a-9620-5998c6999257<-6cbfae60-ea29-4abc-a49d-ef94f4bd513a#0:FAIL-t226, 92ce6e48-4722-407a-9620-5998c6999257<-66f9d00c-1e97-4252-958c-bed5a531abda#0:FAIL-t226] and 0 exception(s); 92ce6e48-4722-407a-9620-5998c6999257@group-E964BE911FCC:t226, leader=null, voted=92ce6e48-4722-407a-9620-5998c6999257, raftlog=92ce6e48-4722-407a-9620-5998c6999257@group-E964BE911FCC-SegmentedRaftLog:OPENED:c-1,f-1,i0, conf=-1: [6cbfae60-ea29-4abc-a49d-ef94f4bd513a:192.168.69.85:36685, 66f9d00c-1e97-4252-958c-bed5a531abda:192.168.69.85:45996, 92ce6e48-4722-407a-9620-5998c6999257:192.168.69.85:34971], old=null
2019-10-18 14:01:51,449 [92ce6e48-4722-407a-9620-5998c6999257@group-E964BE911FCC-LeaderElection211] INFO  impl.RaftServerImpl (RaftServerImpl.java:setRole(184)) - 92ce6e48-4722-407a-9620-5998c6999257@group-E964BE911FCC: changes role from CANDIDATE to FOLLOWER at term 226 for DISCOVERED_A_NEW_TERM
2019-10-18 14:01:51,449 [92ce6e48-4722-407a-9620-5998c6999257@group-E964BE911FCC-LeaderElection211] INFO  impl.RoleInfo (RoleInfo.java:shutdownLeaderElection(134)) - 92ce6e48-4722-407a-9620-5998c6999257: shutdown LeaderElection
2019-10-18 14:01:51,449 [92ce6e48-4722-407a-9620-5998c6999257@group-E964BE911FCC-LeaderElection211] INFO  impl.RoleInfo (RoleInfo.java:updateAndGet(143)) - 92ce6e48-4722-407a-9620-5998c6999257: start FollowerState
2019-10-18 14:01:51,624 [Thread-1618] INFO  impl.FollowerState (FollowerState.java:run(108)) - 92ce6e48-4722-407a-9620-5998c6999257@group-E964BE911FCC-FollowerState: change to CANDIDATE, lastRpcTime:174ms, electionTimeout:174ms
2019-10-18 14:01:51,624 [Thread-1618] INFO  impl.RoleInfo (RoleInfo.java:shutdownFollowerState(121)) - 92ce6e48-4722-407a-9620-5998c6999257: shutdown FollowerState
2019-10-18 14:01:51,624 [Thread-1618] INFO  impl.RaftServerImpl (RaftServerImpl.java:setRole(184)) - 92ce6e48-4722-407a-9620-5998c6999257@group-E964BE911FCC: changes role from  FOLLOWER to CANDIDATE at term 226 for changeToCandidate
2019-10-18 14:01:51,624 [Thread-1618] INFO  impl.RoleInfo (RoleInfo.java:updateAndGet(143)) - 92ce6e48-4722-407a-9620-5998c6999257: start LeaderElection
2019-10-18 14:01:51,650 [92ce6e48-4722-407a-9620-5998c6999257@group-E964BE911FCC-LeaderElection212] INFO  impl.LeaderElection (LeaderElection.java:askForVotes(178)) - 92ce6e48-4722-407a-9620-5998c6999257@group-E964BE911FCC-LeaderElection212: begin an election at term 227 for -1: [6cbfae60-ea29-4abc-a49d-ef94f4bd513a:192.168.69.85:36685, 66f9d00c-1e97-4252-958c-bed5a531abda:192.168.69.85:45996, 92ce6e48-4722-407a-9620-5998c6999257:192.168.69.85:34971], old=null
2019-10-18 14:01:51,652 [grpc-default-executor-0] INFO  impl.RaftServerImpl (RaftServerImpl.java:setRole(184)) - 6cbfae60-ea29-4abc-a49d-ef94f4bd513a@group-E964BE911FCC: changes role from  FOLLOWER to FOLLOWER at term 227 for recognizeCandidate:92ce6e48-4722-407a-9620-5998c6999257
2019-10-18 14:01:51,652 [grpc-default-executor-1] INFO  impl.RaftServerImpl (RaftServerImpl.java:setRole(184)) - 66f9d00c-1e97-4252-958c-bed5a531abda@group-E964BE911FCC: changes role from  FOLLOWER to FOLLOWER at term 227 for recognizeCandidate:92ce6e48-4722-407a-9620-5998c6999257
2019-10-18 14:01:51,652 [grpc-default-executor-0] INFO  impl.RoleInfo (RoleInfo.java:shutdownFollowerState(121)) - 6cbfae60-ea29-4abc-a49d-ef94f4bd513a: shutdown FollowerState
2019-10-18 14:01:51,652 [grpc-default-executor-1] INFO  impl.RoleInfo (RoleInfo.java:shutdownFollowerState(121)) - 66f9d00c-1e97-4252-958c-bed5a531abda: shutdown FollowerState
2019-10-18 14:01:51,652 [Thread-1617] INFO  impl.FollowerState (FollowerState.java:run(117)) - 6cbfae60-ea29-4abc-a49d-ef94f4bd513a@group-E964BE911FCC-FollowerState was interrupted: java.lang.InterruptedException: sleep interrupted
2019-10-18 14:01:51,652 [grpc-default-executor-0] INFO  impl.RoleInfo (RoleInfo.java:updateAndGet(143)) - 6cbfae60-ea29-4abc-a49d-ef94f4bd513a: start FollowerState
2019-10-18 14:01:51,653 [Thread-1616] INFO  impl.FollowerState (FollowerState.java:run(117)) - 66f9d00c-1e97-4252-958c-bed5a531abda@group-E964BE911FCC-FollowerState was interrupted: java.lang.InterruptedException: sleep interrupted
2019-10-18 14:01:51,653 [grpc-default-executor-1] INFO  impl.RoleInfo (RoleInfo.java:updateAndGet(143)) - 66f9d00c-1e97-4252-958c-bed5a531abda: start FollowerState
2019-10-18 14:01:51,678 [92ce6e48-4722-407a-9620-5998c6999257@group-E964BE911FCC-LeaderElection212] INFO  impl.LeaderElection (LeaderElection.java:logAndReturn(56)) - 92ce6e48-4722-407a-9620-5998c6999257@group-E964BE911FCC-LeaderElection212: Election REJECTED; received 2 response(s) [92ce6e48-4722-407a-9620-5998c6999257<-6cbfae60-ea29-4abc-a49d-ef94f4bd513a#0:FAIL-t227, 92ce6e48-4722-407a-9620-5998c6999257<-66f9d00c-1e97-4252-958c-bed5a531abda#0:FAIL-t227] and 0 exception(s); 92ce6e48-4722-407a-9620-5998c6999257@group-E964BE911FCC:t227, leader=null, voted=92ce6e48-4722-407a-9620-5998c6999257, raftlog=92ce6e48-4722-407a-9620-5998c6999257@group-E964BE911FCC-SegmentedRaftLog:OPENED:c-1,f-1,i0, conf=-1: [6cbfae60-ea29-4abc-a49d-ef94f4bd513a:192.168.69.85:36685, 66f9d00c-1e97-4252-958c-bed5a531abda:192.168.69.85:45996, 92ce6e48-4722-407a-9620-5998c6999257:192.168.69.85:34971], old=null
2019-10-18 14:01:51,678 [92ce6e48-4722-407a-9620-5998c6999257@group-E964BE911FCC-LeaderElection212] INFO  impl.RaftServerImpl (RaftServerImpl.java:setRole(184)) - 92ce6e48-4722-407a-9620-5998c6999257@group-E964BE911FCC: changes role from CANDIDATE to FOLLOWER at term 227 for DISCOVERED_A_NEW_TERM
2019-10-18 14:01:51,678 [92ce6e48-4722-407a-9620-5998c6999257@group-E964BE911FCC-LeaderElection212] INFO  impl.RoleInfo (RoleInfo.java:shutdownLeaderElection(134)) - 92ce6e48-4722-407a-9620-5998c6999257: shutdown LeaderElection
2019-10-18 14:01:51,679 [92ce6e48-4722-407a-9620-5998c6999257@group-E964BE911FCC-LeaderElection212] INFO  impl.RoleInfo (RoleInfo.java:updateAndGet(143)) - 92ce6e48-4722-407a-9620-5998c6999257: start FollowerState
2019-10-18 14:01:51,708 [Thread-1624] INFO  impl.FollowerState (FollowerState.java:run(108)) - 92ce6e48-4722-407a-9620-5998c6999257@group-E964BE911FCC-FollowerState: change to CANDIDATE, lastRpcTime:29ms, electionTimeout:29ms
2019-10-18 14:01:51,708 [Thread-1624] INFO  impl.RoleInfo (RoleInfo.java:shutdownFollowerState(121)) - 92ce6e48-4722-407a-9620-5998c6999257: shutdown FollowerState
2019-10-18 14:01:51,708 [Thread-1624] INFO  impl.RaftServerImpl (RaftServerImpl.java:setRole(184)) - 92ce6e48-4722-407a-9620-5998c6999257@group-E964BE911FCC: changes role from  FOLLOWER to CANDIDATE at term 227 for changeToCandidate
2019-10-18 14:01:51,708 [Thread-1624] INFO  impl.RoleInfo (RoleInfo.java:updateAndGet(143)) - 92ce6e48-4722-407a-9620-5998c6999257: start LeaderElection
2019-10-18 14:01:51,721 [92ce6e48-4722-407a-9620-5998c6999257@group-E964BE911FCC-LeaderElection213] INFO  impl.LeaderElection (LeaderElection.java:askForVotes(178)) - 92ce6e48-4722-407a-9620-5998c6999257@group-E964BE911FCC-LeaderElection213: begin an election at term 228 for -1: [6cbfae60-ea29-4abc-a49d-ef94f4bd513a:192.168.69.85:36685, 66f9d00c-1e97-4252-958c-bed5a531abda:192.168.69.85:45996, 92ce6e48-4722-407a-9620-5998c6999257:192.168.69.85:34971], old=null
2019-10-18 14:01:51,723 [grpc-default-executor-1] INFO  impl.RaftServerImpl (RaftServerImpl.java:setRole(184)) - 66f9d00c-1e97-4252-958c-bed5a531abda@group-E964BE911FCC: changes role from  FOLLOWER to FOLLOWER at term 228 for recognizeCandidate:92ce6e48-4722-407a-9620-5998c6999257
2019-10-18 14:01:51,723 [grpc-default-executor-1] INFO  impl.RoleInfo (RoleInfo.java:shutdownFollowerState(121)) - 66f9d00c-1e97-4252-958c-bed5a531abda: shutdown FollowerState
2019-10-18 14:01:51,723 [grpc-default-executor-0] INFO  impl.RaftServerImpl (RaftServerImpl.java:setRole(184)) - 6cbfae60-ea29-4abc-a49d-ef94f4bd513a@group-E964BE911FCC: changes role from  FOLLOWER to FOLLOWER at term 228 for recognizeCandidate:92ce6e48-4722-407a-9620-5998c6999257
2019-10-18 14:01:51,724 [grpc-default-executor-0] INFO  impl.RoleInfo (RoleInfo.java:shutdownFollowerState(121)) - 6cbfae60-ea29-4abc-a49d-ef94f4bd513a: shutdown FollowerState
2019-10-18 14:01:51,723 [Thread-1623] INFO  impl.FollowerState (FollowerState.java:run(117)) - 66f9d00c-1e97-4252-958c-bed5a531abda@group-E964BE911FCC-FollowerState was interrupted: java.lang.InterruptedException: sleep interrupted
2019-10-18 14:01:51,723 [grpc-default-executor-1] INFO  impl.RoleInfo (RoleInfo.java:updateAndGet(143)) - 66f9d00c-1e97-4252-958c-bed5a531abda: start FollowerState
2019-10-18 14:01:51,724 [grpc-default-executor-0] INFO  impl.RoleInfo (RoleInfo.java:updateAndGet(143)) - 6cbfae60-ea29-4abc-a49d-ef94f4bd513a: start FollowerState
2019-10-18 14:01:51,724 [Thread-1622] INFO  impl.FollowerState (FollowerState.java:run(117)) - 6cbfae60-ea29-4abc-a49d-ef94f4bd513a@group-E964BE911FCC-FollowerState was interrupted: java.lang.InterruptedException: sleep interrupted
2019-10-18 14:01:51,750 [92ce6e48-4722-407a-9620-5998c6999257@group-E964BE911FCC-LeaderElection213] INFO  impl.LeaderElection (LeaderElection.java:logAndReturn(56)) - 92ce6e48-4722-407a-9620-5998c6999257@group-E964BE911FCC-LeaderElection213: Election REJECTED; received 2 response(s) [92ce6e48-4722-407a-9620-5998c6999257<-6cbfae60-ea29-4abc-a49d-ef94f4bd513a#0:FAIL-t228, 92ce6e48-4722-407a-9620-5998c6999257<-66f9d00c-1e97-4252-958c-bed5a531abda#0:FAIL-t228] and 0 exception(s); 92ce6e48-4722-407a-9620-5998c6999257@group-E964BE911FCC:t228, leader=null, voted=92ce6e48-4722-407a-9620-5998c6999257, raftlog=92ce6e48-4722-407a-9620-5998c6999257@group-E964BE911FCC-SegmentedRaftLog:OPENED:c-1,f-1,i0, conf=-1: [6cbfae60-ea29-4abc-a49d-ef94f4bd513a:192.168.69.85:36685, 66f9d00c-1e97-4252-958c-bed5a531abda:192.168.69.85:45996, 92ce6e48-4722-407a-9620-5998c6999257:192.168.69.85:34971], old=null
2019-10-18 14:01:51,750 [92ce6e48-4722-407a-9620-5998c6999257@group-E964BE911FCC-LeaderElection213] INFO  impl.RaftServerImpl (RaftServerImpl.java:setRole(184)) - 92ce6e48-4722-407a-9620-5998c6999257@group-E964BE911FCC: changes role from CANDIDATE to FOLLOWER at term 228 for DISCOVERED_A_NEW_TERM
2019-10-18 14:01:51,750 [92ce6e48-4722-407a-9620-5998c6999257@group-E964BE911FCC-LeaderElection213] INFO  impl.RoleInfo (RoleInfo.java:shutdownLeaderElection(134)) - 92ce6e48-4722-407a-9620-5998c6999257: shutdown LeaderElection
2019-10-18 14:01:51,750 [92ce6e48-4722-407a-9620-5998c6999257@group-E964BE911FCC-LeaderElection213] INFO  impl.RoleInfo (RoleInfo.java:updateAndGet(143)) - 92ce6e48-4722-407a-9620-5998c6999257: start FollowerState
2019-10-18 14:01:51,892 [Thread-1630] INFO  impl.FollowerState (FollowerState.java:run(108)) - 92ce6e48-4722-407a-9620-5998c6999257@group-E964BE911FCC-FollowerState: change to CANDIDATE, lastRpcTime:141ms, electionTimeout:141ms
2019-10-18 14:01:51,892 [Thread-1630] INFO  impl.RoleInfo (RoleInfo.java:shutdownFollowerState(121)) - 92ce6e48-4722-407a-9620-5998c6999257: shutdown FollowerState
2019-10-18 14:01:51,892 [Thread-1630] INFO  impl.RaftServerImpl (RaftServerImpl.java:setRole(184)) - 92ce6e48-4722-407a-9620-5998c6999257@group-E964BE911FCC: changes role from  FOLLOWER to CANDIDATE at term 228 for changeToCandidate
2019-10-18 14:01:51,892 [Thread-1630] INFO  impl.RoleInfo (RoleInfo.java:updateAndGet(143)) - 92ce6e48-4722-407a-9620-5998c6999257: start LeaderElection
2019-10-18 14:01:51,908 [92ce6e48-4722-407a-9620-5998c6999257@group-E964BE911FCC-LeaderElection214] INFO  impl.LeaderElection (LeaderElection.java:askForVotes(178)) - 92ce6e48-4722-407a-9620-5998c6999257@group-E964BE911FCC-LeaderElection214: begin an election at term 229 for -1: [6cbfae60-ea29-4abc-a49d-ef94f4bd513a:192.168.69.85:36685, 66f9d00c-1e97-4252-958c-bed5a531abda:192.168.69.85:45996, 92ce6e48-4722-407a-9620-5998c6999257:192.168.69.85:34971], old=null
2019-10-18 14:01:51,910 [grpc-default-executor-0] INFO  impl.RaftServerImpl (RaftServerImpl.java:setRole(184)) - 66f9d00c-1e97-4252-958c-bed5a531abda@group-E964BE911FCC: changes role from  FOLLOWER to FOLLOWER at term 229 for recognizeCandidate:92ce6e48-4722-407a-9620-5998c6999257
2019-10-18 14:01:51,910 [grpc-default-executor-1] INFO  impl.RaftServerImpl (RaftServerImpl.java:setRole(184)) - 6cbfae60-ea29-4abc-a49d-ef94f4bd513a@group-E964BE911FCC: changes role from  FOLLOWER to FOLLOWER at term 229 for recognizeCandidate:92ce6e48-4722-407a-9620-5998c6999257
2019-10-18 14:01:51,910 [grpc-default-executor-0] INFO  impl.RoleInfo (RoleInfo.java:shutdownFollowerState(121)) - 66f9d00c-1e97-4252-958c-bed5a531abda: shutdown FollowerState
2019-10-18 14:01:51,910 [grpc-default-executor-1] INFO  impl.RoleInfo (RoleInfo.java:shutdownFollowerState(121)) - 6cbfae60-ea29-4abc-a49d-ef94f4bd513a: shutdown FollowerState
2019-10-18 14:01:51,911 [Thread-1628] INFO  impl.FollowerState (FollowerState.java:run(117)) - 66f9d00c-1e97-4252-958c-bed5a531abda@group-E964BE911FCC-FollowerState was interrupted: java.lang.InterruptedException: sleep interrupted
2019-10-18 14:01:51,911 [Thread-1629] INFO  impl.FollowerState (FollowerState.java:run(117)) - 6cbfae60-ea29-4abc-a49d-ef94f4bd513a@group-E964BE911FCC-FollowerState was interrupted: java.lang.InterruptedException: sleep interrupted
2019-10-18 14:01:51,911 [grpc-default-executor-0] INFO  impl.RoleInfo (RoleInfo.java:updateAndGet(143)) - 66f9d00c-1e97-4252-958c-bed5a531abda: start FollowerState
2019-10-18 14:01:51,911 [grpc-default-executor-1] INFO  impl.RoleInfo (RoleInfo.java:updateAndGet(143)) - 6cbfae60-ea29-4abc-a49d-ef94f4bd513a: start FollowerState
2019-10-18 14:01:51,938 [92ce6e48-4722-407a-9620-5998c6999257@group-E964BE911FCC-LeaderElection214] INFO  impl.LeaderElection (LeaderElection.java:logAndReturn(56)) - 92ce6e48-4722-407a-9620-5998c6999257@group-E964BE911FCC-LeaderElection214: Election REJECTED; received 2 response(s) [92ce6e48-4722-407a-9620-5998c6999257<-6cbfae60-ea29-4abc-a49d-ef94f4bd513a#0:FAIL-t229, 92ce6e48-4722-407a-9620-5998c6999257<-66f9d00c-1e97-4252-958c-bed5a531abda#0:FAIL-t229] and 0 exception(s); 92ce6e48-4722-407a-9620-5998c6999257@group-E964BE911FCC:t229, leader=null, voted=92ce6e48-4722-407a-9620-5998c6999257, raftlog=92ce6e48-4722-407a-9620-5998c6999257@group-E964BE911FCC-SegmentedRaftLog:OPENED:c-1,f-1,i0, conf=-1: [6cbfae60-ea29-4abc-a49d-ef94f4bd513a:192.168.69.85:36685, 66f9d00c-1e97-4252-958c-bed5a531abda:192.168.69.85:45996, 92ce6e48-4722-407a-9620-5998c6999257:192.168.69.85:34971], old=null
2019-10-18 14:01:51,938 [92ce6e48-4722-407a-9620-5998c6999257@group-E964BE911FCC-LeaderElection214] INFO  impl.RaftServerImpl (RaftServerImpl.java:setRole(184)) - 92ce6e48-4722-407a-9620-5998c6999257@group-E964BE911FCC: changes role from CANDIDATE to FOLLOWER at term 229 for DISCOVERED_A_NEW_TERM
2019-10-18 14:01:51,938 [92ce6e48-4722-407a-9620-5998c6999257@group-E964BE911FCC-LeaderElection214] INFO  impl.RoleInfo (RoleInfo.java:shutdownLeaderElection(134)) - 92ce6e48-4722-407a-9620-5998c6999257: shutdown LeaderElection
2019-10-18 14:01:51,938 [92ce6e48-4722-407a-9620-5998c6999257@group-E964BE911FCC-LeaderElection214] INFO  impl.RoleInfo (RoleInfo.java:updateAndGet(143)) - 92ce6e48-4722-407a-9620-5998c6999257: start FollowerState
2019-10-18 14:01:52,063 [Thread-1636] INFO  impl.FollowerState (FollowerState.java:run(108)) - 92ce6e48-4722-407a-9620-5998c6999257@group-E964BE911FCC-FollowerState: change to CANDIDATE, lastRpcTime:124ms, electionTimeout:124ms
2019-10-18 14:01:52,065 [Thread-1636] INFO  impl.RoleInfo (RoleInfo.java:shutdownFollowerState(121)) - 92ce6e48-4722-407a-9620-5998c6999257: shutdown FollowerState
2019-10-18 14:01:52,066 [Thread-1636] INFO  impl.RaftServerImpl (RaftServerImpl.java:setRole(184)) - 92ce6e48-4722-407a-9620-5998c6999257@group-E964BE911FCC: changes role from  FOLLOWER to CANDIDATE at term 229 for changeToCandidate
2019-10-18 14:01:52,067 [Thread-1636] INFO  impl.RoleInfo (RoleInfo.java:updateAndGet(143)) - 92ce6e48-4722-407a-9620-5998c6999257: start LeaderElection
2019-10-18 14:01:52,082 [92ce6e48-4722-407a-9620-5998c6999257@group-E964BE911FCC-LeaderElection215] INFO  impl.LeaderElection (LeaderElection.java:askForVotes(178)) - 92ce6e48-4722-407a-9620-5998c6999257@group-E964BE911FCC-LeaderElection215: begin an election at term 230 for -1: [6cbfae60-ea29-4abc-a49d-ef94f4bd513a:192.168.69.85:36685, 66f9d00c-1e97-4252-958c-bed5a531abda:192.168.69.85:45996, 92ce6e48-4722-407a-9620-5998c6999257:192.168.69.85:34971], old=null
2019-10-18 14:01:52,090 [grpc-default-executor-1] INFO  impl.RaftServerImpl (RaftServerImpl.java:setRole(184)) - 66f9d00c-1e97-4252-958c-bed5a531abda@group-E964BE911FCC: changes role from  FOLLOWER to FOLLOWER at term 230 for recognizeCandidate:92ce6e48-4722-407a-9620-5998c6999257
2019-10-18 14:01:52,090 [grpc-default-executor-1] INFO  impl.RoleInfo (RoleInfo.java:shutdownFollowerState(121)) - 66f9d00c-1e97-4252-958c-bed5a531abda: shutdown FollowerState
2019-10-18 14:01:52,090 [grpc-default-executor-0] INFO  impl.RaftServerImpl (RaftServerImpl.java:setRole(184)) - 6cbfae60-ea29-4abc-a49d-ef94f4bd513a@group-E964BE911FCC: changes role from  FOLLOWER to FOLLOWER at term 230 for recognizeCandidate:92ce6e48-4722-407a-9620-5998c6999257
2019-10-18 14:01:52,091 [Thread-1634] INFO  impl.FollowerState (FollowerState.java:run(117)) - 66f9d00c-1e97-4252-958c-bed5a531abda@group-E964BE911FCC-FollowerState was interrupted: java.lang.InterruptedException: sleep interrupted
2019-10-18 14:01:52,091 [grpc-default-executor-1] INFO  impl.RoleInfo (RoleInfo.java:updateAndGet(143)) - 66f9d00c-1e97-4252-958c-bed5a531abda: start FollowerState
2019-10-18 14:01:52,091 [grpc-default-executor-0] INFO  impl.RoleInfo (RoleInfo.java:shutdownFollowerState(121)) - 6cbfae60-ea29-4abc-a49d-ef94f4bd513a: shutdown FollowerState
2019-10-18 14:01:52,091 [grpc-default-executor-0] INFO  impl.RoleInfo (RoleInfo.java:updateAndGet(143)) - 6cbfae60-ea29-4abc-a49d-ef94f4bd513a: start FollowerState
2019-10-18 14:01:52,091 [Thread-1635] INFO  impl.FollowerState (FollowerState.java:run(117)) - 6cbfae60-ea29-4abc-a49d-ef94f4bd513a@group-E964BE911FCC-FollowerState was interrupted: java.lang.InterruptedException: sleep interrupted
2019-10-18 14:01:52,117 [92ce6e48-4722-407a-9620-5998c6999257@group-E964BE911FCC-LeaderElection215] INFO  impl.LeaderElection (LeaderElection.java:logAndReturn(56)) - 92ce6e48-4722-407a-9620-5998c6999257@group-E964BE911FCC-LeaderElection215: Election REJECTED; received 2 response(s) [92ce6e48-4722-407a-9620-5998c6999257<-6cbfae60-ea29-4abc-a49d-ef94f4bd513a#0:FAIL-t230, 92ce6e48-4722-407a-9620-5998c6999257<-66f9d00c-1e97-4252-958c-bed5a531abda#0:FAIL-t230] and 0 exception(s); 92ce6e48-4722-407a-9620-5998c6999257@group-E964BE911FCC:t230, leader=null, voted=92ce6e48-4722-407a-9620-5998c6999257, raftlog=92ce6e48-4722-407a-9620-5998c6999257@group-E964BE911FCC-SegmentedRaftLog:OPENED:c-1,f-1,i0, conf=-1: [6cbfae60-ea29-4abc-a49d-ef94f4bd513a:192.168.69.85:36685, 66f9d00c-1e97-4252-958c-bed5a531abda:192.168.69.85:45996, 92ce6e48-4722-407a-9620-5998c6999257:192.168.69.85:34971], old=null
2019-10-18 14:01:52,117 [92ce6e48-4722-407a-9620-5998c6999257@group-E964BE911FCC-LeaderElection215] INFO  impl.RaftServerImpl (RaftServerImpl.java:setRole(184)) - 92ce6e48-4722-407a-9620-5998c6999257@group-E964BE911FCC: changes role from CANDIDATE to FOLLOWER at term 230 for DISCOVERED_A_NEW_TERM
2019-10-18 14:01:52,117 [92ce6e48-4722-407a-9620-5998c6999257@group-E964BE911FCC-LeaderElection215] INFO  impl.RoleInfo (RoleInfo.java:shutdownLeaderElection(134)) - 92ce6e48-4722-407a-9620-5998c6999257: shutdown LeaderElection
2019-10-18 14:01:52,117 [92ce6e48-4722-407a-9620-5998c6999257@group-E964BE911FCC-LeaderElection215] INFO  impl.RoleInfo (RoleInfo.java:updateAndGet(143)) - 92ce6e48-4722-407a-9620-5998c6999257: start FollowerState
2019-10-18 14:01:52,222 [Thread-1642] INFO  impl.FollowerState (FollowerState.java:run(108)) - 92ce6e48-4722-407a-9620-5998c6999257@group-E964BE911FCC-FollowerState: change to CANDIDATE, lastRpcTime:104ms, electionTimeout:104ms
2019-10-18 14:01:52,222 [Thread-1642] INFO  impl.RoleInfo (RoleInfo.java:shutdownFollowerState(121)) - 92ce6e48-4722-407a-9620-5998c6999257: shutdown FollowerState
2019-10-18 14:01:52,222 [Thread-1642] INFO  impl.RaftServerImpl (RaftServerImpl.java:setRole(184)) - 92ce6e48-4722-407a-9620-5998c6999257@group-E964BE911FCC: changes role from  FOLLOWER to CANDIDATE at term 230 for changeToCandidate
2019-10-18 14:01:52,222 [Thread-1642] INFO  impl.RoleInfo (RoleInfo.java:updateAndGet(143)) - 92ce6e48-4722-407a-9620-5998c6999257: start LeaderElection
2019-10-18 14:01:52,237 [92ce6e48-4722-407a-9620-5998c6999257@group-E964BE911FCC-LeaderElection216] INFO  impl.LeaderElection (LeaderElection.java:askForVotes(178)) - 92ce6e48-4722-407a-9620-5998c6999257@group-E964BE911FCC-LeaderElection216: begin an election at term 231 for -1: [6cbfae60-ea29-4abc-a49d-ef94f4bd513a:192.168.69.85:36685, 66f9d00c-1e97-4252-958c-bed5a531abda:192.168.69.85:45996, 92ce6e48-4722-407a-9620-5998c6999257:192.168.69.85:34971], old=null
2019-10-18 14:01:52,239 [grpc-default-executor-0] INFO  impl.RaftServerImpl (RaftServerImpl.java:setRole(184)) - 6cbfae60-ea29-4abc-a49d-ef94f4bd513a@group-E964BE911FCC: changes role from  FOLLOWER to FOLLOWER at term 231 for recognizeCandidate:92ce6e48-4722-407a-9620-5998c6999257
2019-10-18 14:01:52,239 [grpc-default-executor-0] INFO  impl.RoleInfo (RoleInfo.java:shutdownFollowerState(121)) - 6cbfae60-ea29-4abc-a49d-ef94f4bd513a: shutdown FollowerState
2019-10-18 14:01:52,239 [grpc-default-executor-1] INFO  impl.RaftServerImpl (RaftServerImpl.java:setRole(184)) - 66f9d00c-1e97-4252-958c-bed5a531abda@group-E964BE911FCC: changes role from  FOLLOWER to FOLLOWER at term 231 for recognizeCandidate:92ce6e48-4722-407a-9620-5998c6999257
2019-10-18 14:01:52,239 [Thread-1641] INFO  impl.FollowerState (FollowerState.java:run(117)) - 6cbfae60-ea29-4abc-a49d-ef94f4bd513a@group-E964BE911FCC-FollowerState was interrupted: java.lang.InterruptedException: sleep interrupted
2019-10-18 14:01:52,239 [grpc-default-executor-0] INFO  impl.RoleInfo (RoleInfo.java:updateAndGet(143)) - 6cbfae60-ea29-4abc-a49d-ef94f4bd513a: start FollowerState
2019-10-18 14:01:52,239 [grpc-default-executor-1] INFO  impl.RoleInfo (RoleInfo.java:shutdownFollowerState(121)) - 66f9d00c-1e97-4252-958c-bed5a531abda: shutdown FollowerState
2019-10-18 14:01:52,240 [grpc-default-executor-1] INFO  impl.RoleInfo (RoleInfo.java:updateAndGet(143)) - 66f9d00c-1e97-4252-958c-bed5a531abda: start FollowerState
2019-10-18 14:01:52,240 [Thread-1640] INFO  impl.FollowerState (FollowerState.java:run(117)) - 66f9d00c-1e97-4252-958c-bed5a531abda@group-E964BE911FCC-FollowerState was interrupted: java.lang.InterruptedException: sleep interrupted
2019-10-18 14:01:52,250 [92ce6e48-4722-407a-9620-5998c6999257@group-E964BE911FCC-LeaderElection216] INFO  impl.LeaderElection (LeaderElection.java:logAndReturn(56)) - 92ce6e48-4722-407a-9620-5998c6999257@group-E964BE911FCC-LeaderElection216: Election TIMEOUT; received 0 response(s) [] and 0 exception(s); 92ce6e48-4722-407a-9620-5998c6999257@group-E964BE911FCC:t231, leader=null, voted=92ce6e48-4722-407a-9620-5998c6999257, raftlog=92ce6e48-4722-407a-9620-5998c6999257@group-E964BE911FCC-SegmentedRaftLog:OPENED:c-1,f-1,i0, conf=-1: [6cbfae60-ea29-4abc-a49d-ef94f4bd513a:192.168.69.85:36685, 66f9d00c-1e97-4252-958c-bed5a531abda:192.168.69.85:45996, 92ce6e48-4722-407a-9620-5998c6999257:192.168.69.85:34971], old=null
2019-10-18 14:01:52,254 [92ce6e48-4722-407a-9620-5998c6999257@group-E964BE911FCC-LeaderElection216] INFO  impl.LeaderElection (LeaderElection.java:askForVotes(178)) - 92ce6e48-4722-407a-9620-5998c6999257@group-E964BE911FCC-LeaderElection216: begin an election at term 232 for -1: [6cbfae60-ea29-4abc-a49d-ef94f4bd513a:192.168.69.85:36685, 66f9d00c-1e97-4252-958c-bed5a531abda:192.168.69.85:45996, 92ce6e48-4722-407a-9620-5998c6999257:192.168.69.85:34971], old=null
2019-10-18 14:01:52,256 [grpc-default-executor-1] INFO  impl.RaftServerImpl (RaftServerImpl.java:setRole(184)) - 66f9d00c-1e97-4252-958c-bed5a531abda@group-E964BE911FCC: changes role from  FOLLOWER to FOLLOWER at term 232 for recognizeCandidate:92ce6e48-4722-407a-9620-5998c6999257
2019-10-18 14:01:52,256 [grpc-default-executor-1] INFO  impl.RoleInfo (RoleInfo.java:shutdownFollowerState(121)) - 66f9d00c-1e97-4252-958c-bed5a531abda: shutdown FollowerState
2019-10-18 14:01:52,256 [grpc-default-executor-1] INFO  impl.RoleInfo (RoleInfo.java:updateAndGet(143)) - 66f9d00c-1e97-4252-958c-bed5a531abda: start FollowerState
2019-10-18 14:01:52,256 [Thread-1647] INFO  impl.FollowerState (FollowerState.java:run(117)) - 66f9d00c-1e97-4252-958c-bed5a531abda@group-E964BE911FCC-FollowerState was interrupted: java.lang.InterruptedException: sleep interrupted
2019-10-18 14:01:52,257 [grpc-default-executor-4] INFO  impl.RaftServerImpl (RaftServerImpl.java:setRole(184)) - 6cbfae60-ea29-4abc-a49d-ef94f4bd513a@group-E964BE911FCC: changes role from  FOLLOWER to FOLLOWER at term 232 for recognizeCandidate:92ce6e48-4722-407a-9620-5998c6999257
2019-10-18 14:01:52,257 [grpc-default-executor-4] INFO  impl.RoleInfo (RoleInfo.java:shutdownFollowerState(121)) - 6cbfae60-ea29-4abc-a49d-ef94f4bd513a: shutdown FollowerState
2019-10-18 14:01:52,257 [Thread-1646] INFO  impl.FollowerState (FollowerState.java:run(117)) - 6cbfae60-ea29-4abc-a49d-ef94f4bd513a@group-E964BE911FCC-FollowerState was interrupted: java.lang.InterruptedException: sleep interrupted
2019-10-18 14:01:52,257 [grpc-default-executor-4] INFO  impl.RoleInfo (RoleInfo.java:updateAndGet(143)) - 6cbfae60-ea29-4abc-a49d-ef94f4bd513a: start FollowerState
2019-10-18 14:01:52,267 [92ce6e48-4722-407a-9620-5998c6999257@group-E964BE911FCC-LeaderElection216] INFO  impl.LeaderElection (LeaderElection.java:logAndReturn(56)) - 92ce6e48-4722-407a-9620-5998c6999257@group-E964BE911FCC-LeaderElection216: Election TIMEOUT; received 0 response(s) [] and 0 exception(s); 92ce6e48-4722-407a-9620-5998c6999257@group-E964BE911FCC:t232, leader=null, voted=92ce6e48-4722-407a-9620-5998c6999257, raftlog=92ce6e48-4722-407a-9620-5998c6999257@group-E964BE911FCC-SegmentedRaftLog:OPENED:c-1,f-1,i0, conf=-1: [6cbfae60-ea29-4abc-a49d-ef94f4bd513a:192.168.69.85:36685, 66f9d00c-1e97-4252-958c-bed5a531abda:192.168.69.85:45996, 92ce6e48-4722-407a-9620-5998c6999257:192.168.69.85:34971], old=null
2019-10-18 14:01:52,281 [92ce6e48-4722-407a-9620-5998c6999257@group-E964BE911FCC-LeaderElection216] INFO  impl.LeaderElection (LeaderElection.java:askForVotes(178)) - 92ce6e48-4722-407a-9620-5998c6999257@group-E964BE911FCC-LeaderElection216: begin an election at term 233 for -1: [6cbfae60-ea29-4abc-a49d-ef94f4bd513a:192.168.69.85:36685, 66f9d00c-1e97-4252-958c-bed5a531abda:192.168.69.85:45996, 92ce6e48-4722-407a-9620-5998c6999257:192.168.69.85:34971], old=null
2019-10-18 14:01:52,284 [grpc-default-executor-1] INFO  impl.RaftServerImpl (RaftServerImpl.java:setRole(184)) - 66f9d00c-1e97-4252-958c-bed5a531abda@group-E964BE911FCC: changes role from  FOLLOWER to FOLLOWER at term 233 for recognizeCandidate:92ce6e48-4722-407a-9620-5998c6999257
2019-10-18 14:01:52,284 [grpc-default-executor-1] INFO  impl.RoleInfo (RoleInfo.java:shutdownFollowerState(121)) - 66f9d00c-1e97-4252-958c-bed5a531abda: shutdown FollowerState
2019-10-18 14:01:52,284 [grpc-default-executor-1] INFO  impl.RoleInfo (RoleInfo.java:updateAndGet(143)) - 66f9d00c-1e97-4252-958c-bed5a531abda: start FollowerState
2019-10-18 14:01:52,284 [Thread-1651] INFO  impl.FollowerState (FollowerState.java:run(117)) - 66f9d00c-1e97-4252-958c-bed5a531abda@group-E964BE911FCC-FollowerState was interrupted: java.lang.InterruptedException: sleep interrupted
2019-10-18 14:01:52,284 [grpc-default-executor-4] INFO  impl.RaftServerImpl (RaftServerImpl.java:setRole(184)) - 6cbfae60-ea29-4abc-a49d-ef94f4bd513a@group-E964BE911FCC: changes role from  FOLLOWER to FOLLOWER at term 233 for recognizeCandidate:92ce6e48-4722-407a-9620-5998c6999257
2019-10-18 14:01:52,284 [grpc-default-executor-4] INFO  impl.RoleInfo (RoleInfo.java:shutdownFollowerState(121)) - 6cbfae60-ea29-4abc-a49d-ef94f4bd513a: shutdown FollowerState
2019-10-18 14:01:52,285 [grpc-default-executor-4] INFO  impl.RoleInfo (RoleInfo.java:updateAndGet(143)) - 6cbfae60-ea29-4abc-a49d-ef94f4bd513a: start FollowerState
2019-10-18 14:01:52,285 [Thread-1652] INFO  impl.FollowerState (FollowerState.java:run(117)) - 6cbfae60-ea29-4abc-a49d-ef94f4bd513a@group-E964BE911FCC-FollowerState was interrupted: java.lang.InterruptedException: sleep interrupted
2019-10-18 14:01:52,299 [92ce6e48-4722-407a-9620-5998c6999257@group-E964BE911FCC-LeaderElection216] INFO  impl.LeaderElection (LeaderElection.java:logAndReturn(56)) - 92ce6e48-4722-407a-9620-5998c6999257@group-E964BE911FCC-LeaderElection216: Election REJECTED; received 2 response(s) [92ce6e48-4722-407a-9620-5998c6999257<-6cbfae60-ea29-4abc-a49d-ef94f4bd513a#0:FAIL-t233, 92ce6e48-4722-407a-9620-5998c6999257<-66f9d00c-1e97-4252-958c-bed5a531abda#0:FAIL-t233] and 0 exception(s); 92ce6e48-4722-407a-9620-5998c6999257@group-E964BE911FCC:t233, leader=null, voted=92ce6e48-4722-407a-9620-5998c6999257, raftlog=92ce6e48-4722-407a-9620-5998c6999257@group-E964BE911FCC-SegmentedRaftLog:OPENED:c-1,f-1,i0, conf=-1: [6cbfae60-ea29-4abc-a49d-ef94f4bd513a:192.168.69.85:36685, 66f9d00c-1e97-4252-958c-bed5a531abda:192.168.69.85:45996, 92ce6e48-4722-407a-9620-5998c6999257:192.168.69.85:34971], old=null
2019-10-18 14:01:52,299 [92ce6e48-4722-407a-9620-5998c6999257@group-E964BE911FCC-LeaderElection216] INFO  impl.RaftServerImpl (RaftServerImpl.java:setRole(184)) - 92ce6e48-4722-407a-9620-5998c6999257@group-E964BE911FCC: changes role from CANDIDATE to FOLLOWER at term 233 for DISCOVERED_A_NEW_TERM
2019-10-18 14:01:52,299 [92ce6e48-4722-407a-9620-5998c6999257@group-E964BE911FCC-LeaderElection216] INFO  impl.RoleInfo (RoleInfo.java:shutdownLeaderElection(134)) - 92ce6e48-4722-407a-9620-5998c6999257: shutdown LeaderElection
2019-10-18 14:01:52,299 [92ce6e48-4722-407a-9620-5998c6999257@group-E964BE911FCC-LeaderElection216] INFO  impl.RoleInfo (RoleInfo.java:updateAndGet(143)) - 92ce6e48-4722-407a-9620-5998c6999257: start FollowerState
2019-10-18 14:01:52,342 [Thread-1658] INFO  impl.FollowerState (FollowerState.java:run(108)) - 92ce6e48-4722-407a-9620-5998c6999257@group-E964BE911FCC-FollowerState: change to CANDIDATE, lastRpcTime:43ms, electionTimeout:43ms
2019-10-18 14:01:52,343 [Thread-1658] INFO  impl.RoleInfo (RoleInfo.java:shutdownFollowerState(121)) - 92ce6e48-4722-407a-9620-5998c6999257: shutdown FollowerState
2019-10-18 14:01:52,343 [Thread-1658] INFO  impl.RaftServerImpl (RaftServerImpl.java:setRole(184)) - 92ce6e48-4722-407a-9620-5998c6999257@group-E964BE911FCC: changes role from  FOLLOWER to CANDIDATE at term 233 for changeToCandidate
2019-10-18 14:01:52,343 [Thread-1658] INFO  impl.RoleInfo (RoleInfo.java:updateAndGet(143)) - 92ce6e48-4722-407a-9620-5998c6999257: start LeaderElection
2019-10-18 14:01:52,356 [92ce6e48-4722-407a-9620-5998c6999257@group-E964BE911FCC-LeaderElection217] INFO  impl.LeaderElection (LeaderElection.java:askForVotes(178)) - 92ce6e48-4722-407a-9620-5998c6999257@group-E964BE911FCC-LeaderElection217: begin an election at term 234 for -1: [6cbfae60-ea29-4abc-a49d-ef94f4bd513a:192.168.69.85:36685, 66f9d00c-1e97-4252-958c-bed5a531abda:192.168.69.85:45996, 92ce6e48-4722-407a-9620-5998c6999257:192.168.69.85:34971], old=null
2019-10-18 14:01:52,357 [grpc-default-executor-4] INFO  impl.RaftServerImpl (RaftServerImpl.java:setRole(184)) - 6cbfae60-ea29-4abc-a49d-ef94f4bd513a@group-E964BE911FCC: changes role from  FOLLOWER to FOLLOWER at term 234 for recognizeCandidate:92ce6e48-4722-407a-9620-5998c6999257
2019-10-18 14:01:52,357 [grpc-default-executor-4] INFO  impl.RoleInfo (RoleInfo.java:shutdownFollowerState(121)) - 6cbfae60-ea29-4abc-a49d-ef94f4bd513a: shutdown FollowerState
2019-10-18 14:01:52,357 [grpc-default-executor-1] INFO  impl.RaftServerImpl (RaftServerImpl.java:setRole(184)) - 66f9d00c-1e97-4252-958c-bed5a531abda@group-E964BE911FCC: changes role from  FOLLOWER to FOLLOWER at term 234 for recognizeCandidate:92ce6e48-4722-407a-9620-5998c6999257
2019-10-18 14:01:52,358 [Thread-1657] INFO  impl.FollowerState (FollowerState.java:run(117)) - 6cbfae60-ea29-4abc-a49d-ef94f4bd513a@group-E964BE911FCC-FollowerState was interrupted: java.lang.InterruptedException: sleep interrupted
2019-10-18 14:01:52,357 [grpc-default-executor-4] INFO  impl.RoleInfo (RoleInfo.java:updateAndGet(143)) - 6cbfae60-ea29-4abc-a49d-ef94f4bd513a: start FollowerState
2019-10-18 14:01:52,358 [grpc-default-executor-1] INFO  impl.RoleInfo (RoleInfo.java:shutdownFollowerState(121)) - 66f9d00c-1e97-4252-958c-bed5a531abda: shutdown FollowerState
2019-10-18 14:01:52,358 [grpc-default-executor-1] INFO  impl.RoleInfo (RoleInfo.java:updateAndGet(143)) - 66f9d00c-1e97-4252-958c-bed5a531abda: start FollowerState
2019-10-18 14:01:52,358 [Thread-1656] INFO  impl.FollowerState (FollowerState.java:run(117)) - 66f9d00c-1e97-4252-958c-bed5a531abda@group-E964BE911FCC-FollowerState was interrupted: java.lang.InterruptedException: sleep interrupted
2019-10-18 14:01:52,364 [92ce6e48-4722-407a-9620-5998c6999257@group-E964BE911FCC-LeaderElection217] INFO  impl.LeaderElection (LeaderElection.java:logAndReturn(56)) - 92ce6e48-4722-407a-9620-5998c6999257@group-E964BE911FCC-LeaderElection217: Election TIMEOUT; received 0 response(s) [] and 0 exception(s); 92ce6e48-4722-407a-9620-5998c6999257@group-E964BE911FCC:t234, leader=null, voted=92ce6e48-4722-407a-9620-5998c6999257, raftlog=92ce6e48-4722-407a-9620-5998c6999257@group-E964BE911FCC-SegmentedRaftLog:OPENED:c-1,f-1,i0, conf=-1: [6cbfae60-ea29-4abc-a49d-ef94f4bd513a:192.168.69.85:36685, 66f9d00c-1e97-4252-958c-bed5a531abda:192.168.69.85:45996, 92ce6e48-4722-407a-9620-5998c6999257:192.168.69.85:34971], old=null
2019-10-18 14:01:52,373 [92ce6e48-4722-407a-9620-5998c6999257@group-E964BE911FCC-LeaderElection217] INFO  impl.LeaderElection (LeaderElection.java:askForVotes(178)) - 92ce6e48-4722-407a-9620-5998c6999257@group-E964BE911FCC-LeaderElection217: begin an election at term 235 for -1: [6cbfae60-ea29-4abc-a49d-ef94f4bd513a:192.168.69.85:36685, 66f9d00c-1e97-4252-958c-bed5a531abda:192.168.69.85:45996, 92ce6e48-4722-407a-9620-5998c6999257:192.168.69.85:34971], old=null
2019-10-18 14:01:52,377 [grpc-default-executor-4] INFO  impl.RaftServerImpl (RaftServerImpl.java:setRole(184)) - 66f9d00c-1e97-4252-958c-bed5a531abda@group-E964BE911FCC: changes role from  FOLLOWER to FOLLOWER at term 235 for recognizeCandidate:92ce6e48-4722-407a-9620-5998c6999257
2019-10-18 14:01:52,377 [grpc-default-executor-4] INFO  impl.RoleInfo (RoleInfo.java:shutdownFollowerState(121)) - 66f9d00c-1e97-4252-958c-bed5a531abda: shutdown FollowerState
2019-10-18 14:01:52,377 [grpc-default-executor-1] INFO  impl.RaftServerImpl (RaftServerImpl.java:setRole(184)) - 6cbfae60-ea29-4abc-a49d-ef94f4bd513a@group-E964BE911FCC: changes role from  FOLLOWER to FOLLOWER at term 235 for recognizeCandidate:92ce6e48-4722-407a-9620-5998c6999257
2019-10-18 14:01:52,377 [Thread-1663] INFO  impl.FollowerState (FollowerState.java:run(117)) - 66f9d00c-1e97-4252-958c-bed5a531abda@group-E964BE911FCC-FollowerState was interrupted: java.lang.InterruptedException: sleep interrupted
2019-10-18 14:01:52,377 [grpc-default-executor-4] INFO  impl.RoleInfo (RoleInfo.java:updateAndGet(143)) - 66f9d00c-1e97-4252-958c-bed5a531abda: start FollowerState
2019-10-18 14:01:52,377 [grpc-default-executor-1] INFO  impl.RoleInfo (RoleInfo.java:shutdownFollowerState(121)) - 6cbfae60-ea29-4abc-a49d-ef94f4bd513a: shutdown FollowerState
2019-10-18 14:01:52,378 [grpc-default-executor-1] INFO  impl.RoleInfo (RoleInfo.java:updateAndGet(143)) - 6cbfae60-ea29-4abc-a49d-ef94f4bd513a: start FollowerState
2019-10-18 14:01:52,378 [Thread-1662] INFO  impl.FollowerState (FollowerState.java:run(117)) - 6cbfae60-ea29-4abc-a49d-ef94f4bd513a@group-E964BE911FCC-FollowerState was interrupted: java.lang.InterruptedException: sleep interrupted
2019-10-18 14:01:52,396 [92ce6e48-4722-407a-9620-5998c6999257@group-E964BE911FCC-LeaderElection217] INFO  impl.LeaderElection (LeaderElection.java:logAndReturn(56)) - 92ce6e48-4722-407a-9620-5998c6999257@group-E964BE911FCC-LeaderElection217: Election REJECTED; received 2 response(s) [92ce6e48-4722-407a-9620-5998c6999257<-6cbfae60-ea29-4abc-a49d-ef94f4bd513a#0:FAIL-t235, 92ce6e48-4722-407a-9620-5998c6999257<-66f9d00c-1e97-4252-958c-bed5a531abda#0:FAIL-t235] and 0 exception(s); 92ce6e48-4722-407a-9620-5998c6999257@group-E964BE911FCC:t235, leader=null, voted=92ce6e48-4722-407a-9620-5998c6999257, raftlog=92ce6e48-4722-407a-9620-5998c6999257@group-E964BE911FCC-SegmentedRaftLog:OPENED:c-1,f-1,i0, conf=-1: [6cbfae60-ea29-4abc-a49d-ef94f4bd513a:192.168.69.85:36685, 66f9d00c-1e97-4252-958c-bed5a531abda:192.168.69.85:45996, 92ce6e48-4722-407a-9620-5998c6999257:192.168.69.85:34971], old=null
2019-10-18 14:01:52,396 [92ce6e48-4722-407a-9620-5998c6999257@group-E964BE911FCC-LeaderElection217] INFO  impl.RaftServerImpl (RaftServerImpl.java:setRole(184)) - 92ce6e48-4722-407a-9620-5998c6999257@group-E964BE911FCC: changes role from CANDIDATE to FOLLOWER at term 235 for DISCOVERED_A_NEW_TERM
2019-10-18 14:01:52,397 [92ce6e48-4722-407a-9620-5998c6999257@group-E964BE911FCC-LeaderElection217] INFO  impl.RoleInfo (RoleInfo.java:shutdownLeaderElection(134)) - 92ce6e48-4722-407a-9620-5998c6999257: shutdown LeaderElection
2019-10-18 14:01:52,397 [92ce6e48-4722-407a-9620-5998c6999257@group-E964BE911FCC-LeaderElection217] INFO  impl.RoleInfo (RoleInfo.java:updateAndGet(143)) - 92ce6e48-4722-407a-9620-5998c6999257: start FollowerState
2019-10-18 14:01:52,403 [Thread-1668] INFO  impl.FollowerState (FollowerState.java:run(108)) - 92ce6e48-4722-407a-9620-5998c6999257@group-E964BE911FCC-FollowerState: change to CANDIDATE, lastRpcTime:6ms, electionTimeout:6ms
2019-10-18 14:01:52,403 [Thread-1668] INFO  impl.RoleInfo (RoleInfo.java:shutdownFollowerState(121)) - 92ce6e48-4722-407a-9620-5998c6999257: shutdown FollowerState
2019-10-18 14:01:52,403 [Thread-1668] INFO  impl.RaftServerImpl (RaftServerImpl.java:setRole(184)) - 92ce6e48-4722-407a-9620-5998c6999257@group-E964BE911FCC: changes role from  FOLLOWER to CANDIDATE at term 235 for changeToCandidate
2019-10-18 14:01:52,403 [Thread-1668] INFO  impl.RoleInfo (RoleInfo.java:updateAndGet(143)) - 92ce6e48-4722-407a-9620-5998c6999257: start LeaderElection
2019-10-18 14:01:52,416 [92ce6e48-4722-407a-9620-5998c6999257@group-E964BE911FCC-LeaderElection218] INFO  impl.LeaderElection (LeaderElection.java:askForVotes(178)) - 92ce6e48-4722-407a-9620-5998c6999257@group-E964BE911FCC-LeaderElection218: begin an election at term 236 for -1: [6cbfae60-ea29-4abc-a49d-ef94f4bd513a:192.168.69.85:36685, 66f9d00c-1e97-4252-958c-bed5a531abda:192.168.69.85:45996, 92ce6e48-4722-407a-9620-5998c6999257:192.168.69.85:34971], old=null
2019-10-18 14:01:52,418 [grpc-default-executor-4] INFO  impl.RaftServerImpl (RaftServerImpl.java:setRole(184)) - 66f9d00c-1e97-4252-958c-bed5a531abda@group-E964BE911FCC: changes role from  FOLLOWER to FOLLOWER at term 236 for recognizeCandidate:92ce6e48-4722-407a-9620-5998c6999257
2019-10-18 14:01:52,418 [grpc-default-executor-4] INFO  impl.RoleInfo (RoleInfo.java:shutdownFollowerState(121)) - 66f9d00c-1e97-4252-958c-bed5a531abda: shutdown FollowerState
2019-10-18 14:01:52,418 [grpc-default-executor-1] INFO  impl.RaftServerImpl (RaftServerImpl.java:setRole(184)) - 6cbfae60-ea29-4abc-a49d-ef94f4bd513a@group-E964BE911FCC: changes role from  FOLLOWER to FOLLOWER at term 236 for recognizeCandidate:92ce6e48-4722-407a-9620-5998c6999257
2019-10-18 14:01:52,419 [Thread-1666] INFO  impl.FollowerState (FollowerState.java:run(117)) - 66f9d00c-1e97-4252-958c-bed5a531abda@group-E964BE911FCC-FollowerState was interrupted: java.lang.InterruptedException: sleep interrupted
2019-10-18 14:01:52,419 [grpc-default-executor-4] INFO  impl.RoleInfo (RoleInfo.java:updateAndGet(143)) - 66f9d00c-1e97-4252-958c-bed5a531abda: start FollowerState
2019-10-18 14:01:52,419 [grpc-default-executor-1] INFO  impl.RoleInfo (RoleInfo.java:shutdownFollowerState(121)) - 6cbfae60-ea29-4abc-a49d-ef94f4bd513a: shutdown FollowerState
2019-10-18 14:01:52,419 [grpc-default-executor-1] INFO  impl.RoleInfo (RoleInfo.java:updateAndGet(143)) - 6cbfae60-ea29-4abc-a49d-ef94f4bd513a: start FollowerState
2019-10-18 14:01:52,419 [Thread-1667] INFO  impl.FollowerState (FollowerState.java:run(117)) - 6cbfae60-ea29-4abc-a49d-ef94f4bd513a@group-E964BE911FCC-FollowerState was interrupted: java.lang.InterruptedException: sleep interrupted
2019-10-18 14:01:52,445 [92ce6e48-4722-407a-9620-5998c6999257@group-E964BE911FCC-LeaderElection218] INFO  impl.LeaderElection (LeaderElection.java:logAndReturn(56)) - 92ce6e48-4722-407a-9620-5998c6999257@group-E964BE911FCC-LeaderElection218: Election REJECTED; received 2 response(s) [92ce6e48-4722-407a-9620-5998c6999257<-6cbfae60-ea29-4abc-a49d-ef94f4bd513a#0:FAIL-t236, 92ce6e48-4722-407a-9620-5998c6999257<-66f9d00c-1e97-4252-958c-bed5a531abda#0:FAIL-t236] and 0 exception(s); 92ce6e48-4722-407a-9620-5998c6999257@group-E964BE911FCC:t236, leader=null, voted=92ce6e48-4722-407a-9620-5998c6999257, raftlog=92ce6e48-4722-407a-9620-5998c6999257@group-E964BE911FCC-SegmentedRaftLog:OPENED:c-1,f-1,i0, conf=-1: [6cbfae60-ea29-4abc-a49d-ef94f4bd513a:192.168.69.85:36685, 66f9d00c-1e97-4252-958c-bed5a531abda:192.168.69.85:45996, 92ce6e48-4722-407a-9620-5998c6999257:192.168.69.85:34971], old=null
2019-10-18 14:01:52,445 [92ce6e48-4722-407a-9620-5998c6999257@group-E964BE911FCC-LeaderElection218] INFO  impl.RaftServerImpl (RaftServerImpl.java:setRole(184)) - 92ce6e48-4722-407a-9620-5998c6999257@group-E964BE911FCC: changes role from CANDIDATE to FOLLOWER at term 236 for DISCOVERED_A_NEW_TERM
2019-10-18 14:01:52,445 [92ce6e48-4722-407a-9620-5998c6999257@group-E964BE911FCC-LeaderElection218] INFO  impl.RoleInfo (RoleInfo.java:shutdownLeaderElection(134)) - 92ce6e48-4722-407a-9620-5998c6999257: shutdown LeaderElection
2019-10-18 14:01:52,445 [92ce6e48-4722-407a-9620-5998c6999257@group-E964BE911FCC-LeaderElection218] INFO  impl.RoleInfo (RoleInfo.java:updateAndGet(143)) - 92ce6e48-4722-407a-9620-5998c6999257: start FollowerState
2019-10-18 14:01:52,492 [Thread-1674] INFO  impl.FollowerState (FollowerState.java:run(108)) - 92ce6e48-4722-407a-9620-5998c6999257@group-E964BE911FCC-FollowerState: change to CANDIDATE, lastRpcTime:46ms, electionTimeout:46ms
2019-10-18 14:01:52,492 [Thread-1674] INFO  impl.RoleInfo (RoleInfo.java:shutdownFollowerState(121)) - 92ce6e48-4722-407a-9620-5998c6999257: shutdown FollowerState
2019-10-18 14:01:52,492 [Thread-1674] INFO  impl.RaftServerImpl (RaftServerImpl.java:setRole(184)) - 92ce6e48-4722-407a-9620-5998c6999257@group-E964BE911FCC: changes role from  FOLLOWER to CANDIDATE at term 236 for changeToCandidate
2019-10-18 14:01:52,492 [Thread-1674] INFO  impl.RoleInfo (RoleInfo.java:updateAndGet(143)) - 92ce6e48-4722-407a-9620-5998c6999257: start LeaderElection
2019-10-18 14:01:52,506 [92ce6e48-4722-407a-9620-5998c6999257@group-E964BE911FCC-LeaderElection219] INFO  impl.LeaderElection (LeaderElection.java:askForVotes(178)) - 92ce6e48-4722-407a-9620-5998c6999257@group-E964BE911FCC-LeaderElection219: begin an election at term 237 for -1: [6cbfae60-ea29-4abc-a49d-ef94f4bd513a:192.168.69.85:36685, 66f9d00c-1e97-4252-958c-bed5a531abda:192.168.69.85:45996, 92ce6e48-4722-407a-9620-5998c6999257:192.168.69.85:34971], old=null
2019-10-18 14:01:52,509 [grpc-default-executor-4] INFO  impl.RaftServerImpl (RaftServerImpl.java:setRole(184)) - 6cbfae60-ea29-4abc-a49d-ef94f4bd513a@group-E964BE911FCC: changes role from  FOLLOWER to FOLLOWER at term 237 for recognizeCandidate:92ce6e48-4722-407a-9620-5998c6999257
2019-10-18 14:01:52,509 [grpc-default-executor-1] INFO  impl.RaftServerImpl (RaftServerImpl.java:setRole(184)) - 66f9d00c-1e97-4252-958c-bed5a531abda@group-E964BE911FCC: changes role from  FOLLOWER to FOLLOWER at term 237 for recognizeCandidate:92ce6e48-4722-407a-9620-5998c6999257
2019-10-18 14:01:52,509 [grpc-default-executor-1] INFO  impl.RoleInfo (RoleInfo.java:shutdownFollowerState(121)) - 66f9d00c-1e97-4252-958c-bed5a531abda: shutdown FollowerState
2019-10-18 14:01:52,509 [grpc-default-executor-4] INFO  impl.RoleInfo (RoleInfo.java:shutdownFollowerState(121)) - 6cbfae60-ea29-4abc-a49d-ef94f4bd513a: shutdown FollowerState
2019-10-18 14:01:52,510 [Thread-1672] INFO  impl.FollowerState (FollowerState.java:run(117)) - 66f9d00c-1e97-4252-958c-bed5a531abda@group-E964BE911FCC-FollowerState was interrupted: java.lang.InterruptedException: sleep interrupted
2019-10-18 14:01:52,510 [grpc-default-executor-1] INFO  impl.RoleInfo (RoleInfo.java:updateAndGet(143)) - 66f9d00c-1e97-4252-958c-bed5a531abda: start FollowerState
2019-10-18 14:01:52,510 [Thread-1673] INFO  impl.FollowerState (FollowerState.java:run(117)) - 6cbfae60-ea29-4abc-a49d-ef94f4bd513a@group-E964BE911FCC-FollowerState was interrupted: java.lang.InterruptedException: sleep interrupted
2019-10-18 14:01:52,510 [grpc-default-executor-4] INFO  impl.RoleInfo (RoleInfo.java:updateAndGet(143)) - 6cbfae60-ea29-4abc-a49d-ef94f4bd513a: start FollowerState
2019-10-18 14:01:52,526 [92ce6e48-4722-407a-9620-5998c6999257@group-E964BE911FCC-LeaderElection219] INFO  impl.LeaderElection (LeaderElection.java:logAndReturn(56)) - 92ce6e48-4722-407a-9620-5998c6999257@group-E964BE911FCC-LeaderElection219: Election REJECTED; received 2 response(s) [92ce6e48-4722-407a-9620-5998c6999257<-6cbfae60-ea29-4abc-a49d-ef94f4bd513a#0:FAIL-t237, 92ce6e48-4722-407a-9620-5998c6999257<-66f9d00c-1e97-4252-958c-bed5a531abda#0:FAIL-t237] and 0 exception(s); 92ce6e48-4722-407a-9620-5998c6999257@group-E964BE911FCC:t237, leader=null, voted=92ce6e48-4722-407a-9620-5998c6999257, raftlog=92ce6e48-4722-407a-9620-5998c6999257@group-E964BE911FCC-SegmentedRaftLog:OPENED:c-1,f-1,i0, conf=-1: [6cbfae60-ea29-4abc-a49d-ef94f4bd513a:192.168.69.85:36685, 66f9d00c-1e97-4252-958c-bed5a531abda:192.168.69.85:45996, 92ce6e48-4722-407a-9620-5998c6999257:192.168.69.85:34971], old=null
2019-10-18 14:01:52,526 [92ce6e48-4722-407a-9620-5998c6999257@group-E964BE911FCC-LeaderElection219] INFO  impl.RaftServerImpl (RaftServerImpl.java:setRole(184)) - 92ce6e48-4722-407a-9620-5998c6999257@group-E964BE911FCC: changes role from CANDIDATE to FOLLOWER at term 237 for DISCOVERED_A_NEW_TERM
2019-10-18 14:01:52,526 [92ce6e48-4722-407a-9620-5998c6999257@group-E964BE911FCC-LeaderElection219] INFO  impl.RoleInfo (RoleInfo.java:shutdownLeaderElection(134)) - 92ce6e48-4722-407a-9620-5998c6999257: shutdown LeaderElection
2019-10-18 14:01:52,526 [92ce6e48-4722-407a-9620-5998c6999257@group-E964BE911FCC-LeaderElection219] INFO  impl.RoleInfo (RoleInfo.java:updateAndGet(143)) - 92ce6e48-4722-407a-9620-5998c6999257: start FollowerState
2019-10-18 14:01:52,572 [Thread-1680] INFO  impl.FollowerState (FollowerState.java:run(108)) - 92ce6e48-4722-407a-9620-5998c6999257@group-E964BE911FCC-FollowerState: change to CANDIDATE, lastRpcTime:45ms, electionTimeout:45ms
2019-10-18 14:01:52,572 [Thread-1680] INFO  impl.RoleInfo (RoleInfo.java:shutdownFollowerState(121)) - 92ce6e48-4722-407a-9620-5998c6999257: shutdown FollowerState
2019-10-18 14:01:52,572 [Thread-1680] INFO  impl.RaftServerImpl (RaftServerImpl.java:setRole(184)) - 92ce6e48-4722-407a-9620-5998c6999257@group-E964BE911FCC: changes role from  FOLLOWER to CANDIDATE at term 237 for changeToCandidate
2019-10-18 14:01:52,572 [Thread-1680] INFO  impl.RoleInfo (RoleInfo.java:updateAndGet(143)) - 92ce6e48-4722-407a-9620-5998c6999257: start LeaderElection
2019-10-18 14:01:52,587 [92ce6e48-4722-407a-9620-5998c6999257@group-E964BE911FCC-LeaderElection220] INFO  impl.LeaderElection (LeaderElection.java:askForVotes(178)) - 92ce6e48-4722-407a-9620-5998c6999257@group-E964BE911FCC-LeaderElection220: begin an election at term 238 for -1: [6cbfae60-ea29-4abc-a49d-ef94f4bd513a:192.168.69.85:36685, 66f9d00c-1e97-4252-958c-bed5a531abda:192.168.69.85:45996, 92ce6e48-4722-407a-9620-5998c6999257:192.168.69.85:34971], old=null
2019-10-18 14:01:52,590 [grpc-default-executor-1] INFO  impl.RaftServerImpl (RaftServerImpl.java:setRole(184)) - 66f9d00c-1e97-4252-958c-bed5a531abda@group-E964BE911FCC: changes role from  FOLLOWER to FOLLOWER at term 238 for recognizeCandidate:92ce6e48-4722-407a-9620-5998c6999257
2019-10-18 14:01:52,590 [grpc-default-executor-4] INFO  impl.RaftServerImpl (RaftServerImpl.java:setRole(184)) - 6cbfae60-ea29-4abc-a49d-ef94f4bd513a@group-E964BE911FCC: changes role from  FOLLOWER to FOLLOWER at term 238 for recognizeCandidate:92ce6e48-4722-407a-9620-5998c6999257
2019-10-18 14:01:52,590 [grpc-default-executor-4] INFO  impl.RoleInfo (RoleInfo.java:shutdownFollowerState(121)) - 6cbfae60-ea29-4abc-a49d-ef94f4bd513a: shutdown FollowerState
2019-10-18 14:01:52,590 [grpc-default-executor-1] INFO  impl.RoleInfo (RoleInfo.java:shutdownFollowerState(121)) - 66f9d00c-1e97-4252-958c-bed5a531abda: shutdown FollowerState
2019-10-18 14:01:52,590 [grpc-default-executor-4] INFO  impl.RoleInfo (RoleInfo.java:updateAndGet(143)) - 6cbfae60-ea29-4abc-a49d-ef94f4bd513a: start FollowerState
2019-10-18 14:01:52,590 [Thread-1679] INFO  impl.FollowerState (FollowerState.java:run(117)) - 6cbfae60-ea29-4abc-a49d-ef94f4bd513a@group-E964BE911FCC-FollowerState was interrupted: java.lang.InterruptedException: sleep interrupted
2019-10-18 14:01:52,590 [Thread-1678] INFO  impl.FollowerState (FollowerState.java:run(117)) - 66f9d00c-1e97-4252-958c-bed5a531abda@group-E964BE911FCC-FollowerState was interrupted: java.lang.InterruptedException: sleep interrupted
2019-10-18 14:01:52,590 [grpc-default-executor-1] INFO  impl.RoleInfo (RoleInfo.java:updateAndGet(143)) - 66f9d00c-1e97-4252-958c-bed5a531abda: start FollowerState
2019-10-18 14:01:52,607 [92ce6e48-4722-407a-9620-5998c6999257@group-E964BE911FCC-LeaderElection220] INFO  impl.LeaderElection (LeaderElection.java:logAndReturn(56)) - 92ce6e48-4722-407a-9620-5998c6999257@group-E964BE911FCC-LeaderElection220: Election REJECTED; received 2 response(s) [92ce6e48-4722-407a-9620-5998c6999257<-6cbfae60-ea29-4abc-a49d-ef94f4bd513a#0:FAIL-t238, 92ce6e48-4722-407a-9620-5998c6999257<-66f9d00c-1e97-4252-958c-bed5a531abda#0:FAIL-t238] and 0 exception(s); 92ce6e48-4722-407a-9620-5998c6999257@group-E964BE911FCC:t238, leader=null, voted=92ce6e48-4722-407a-9620-5998c6999257, raftlog=92ce6e48-4722-407a-9620-5998c6999257@group-E964BE911FCC-SegmentedRaftLog:OPENED:c-1,f-1,i0, conf=-1: [6cbfae60-ea29-4abc-a49d-ef94f4bd513a:192.168.69.85:36685, 66f9d00c-1e97-4252-958c-bed5a531abda:192.168.69.85:45996, 92ce6e48-4722-407a-9620-5998c6999257:192.168.69.85:34971], old=null
2019-10-18 14:01:52,607 [92ce6e48-4722-407a-9620-5998c6999257@group-E964BE911FCC-LeaderElection220] INFO  impl.RaftServerImpl (RaftServerImpl.java:setRole(184)) - 92ce6e48-4722-407a-9620-5998c6999257@group-E964BE911FCC: changes role from CANDIDATE to FOLLOWER at term 238 for DISCOVERED_A_NEW_TERM
2019-10-18 14:01:52,607 [92ce6e48-4722-407a-9620-5998c6999257@group-E964BE911FCC-LeaderElection220] INFO  impl.RoleInfo (RoleInfo.java:shutdownLeaderElection(134)) - 92ce6e48-4722-407a-9620-5998c6999257: shutdown LeaderElection
2019-10-18 14:01:52,607 [92ce6e48-4722-407a-9620-5998c6999257@group-E964BE911FCC-LeaderElection220] INFO  impl.RoleInfo (RoleInfo.java:updateAndGet(143)) - 92ce6e48-4722-407a-9620-5998c6999257: start FollowerState
2019-10-18 14:01:52,778 [Thread-1686] INFO  impl.FollowerState (FollowerState.java:run(108)) - 92ce6e48-4722-407a-9620-5998c6999257@group-E964BE911FCC-FollowerState: change to CANDIDATE, lastRpcTime:170ms, electionTimeout:170ms
2019-10-18 14:01:52,778 [Thread-1686] INFO  impl.RoleInfo (RoleInfo.java:shutdownFollowerState(121)) - 92ce6e48-4722-407a-9620-5998c6999257: shutdown FollowerState
2019-10-18 14:01:52,778 [Thread-1686] INFO  impl.RaftServerImpl (RaftServerImpl.java:setRole(184)) - 92ce6e48-4722-407a-9620-5998c6999257@group-E964BE911FCC: changes role from  FOLLOWER to CANDIDATE at term 238 for changeToCandidate
2019-10-18 14:01:52,778 [Thread-1686] INFO  impl.RoleInfo (RoleInfo.java:updateAndGet(143)) - 92ce6e48-4722-407a-9620-5998c6999257: start LeaderElection
2019-10-18 14:01:52,792 [92ce6e48-4722-407a-9620-5998c6999257@group-E964BE911FCC-LeaderElection221] INFO  impl.LeaderElection (LeaderElection.java:askForVotes(178)) - 92ce6e48-4722-407a-9620-5998c6999257@group-E964BE911FCC-LeaderElection221: begin an election at term 239 for -1: [6cbfae60-ea29-4abc-a49d-ef94f4bd513a:192.168.69.85:36685, 66f9d00c-1e97-4252-958c-bed5a531abda:192.168.69.85:45996, 92ce6e48-4722-407a-9620-5998c6999257:192.168.69.85:34971], old=null
2019-10-18 14:01:52,794 [grpc-default-executor-4] INFO  impl.RaftServerImpl (RaftServerImpl.java:setRole(184)) - 66f9d00c-1e97-4252-958c-bed5a531abda@group-E964BE911FCC: changes role from  FOLLOWER to FOLLOWER at term 239 for recognizeCandidate:92ce6e48-4722-407a-9620-5998c6999257
2019-10-18 14:01:52,794 [grpc-default-executor-4] INFO  impl.RoleInfo (RoleInfo.java:shutdownFollowerState(121)) - 66f9d00c-1e97-4252-958c-bed5a531abda: shutdown FollowerState
2019-10-18 14:01:52,794 [grpc-default-executor-1] INFO  impl.RaftServerImpl (RaftServerImpl.java:setRole(184)) - 6cbfae60-ea29-4abc-a49d-ef94f4bd513a@group-E964BE911FCC: changes role from  FOLLOWER to FOLLOWER at term 239 for recognizeCandidate:92ce6e48-4722-407a-9620-5998c6999257
2019-10-18 14:01:52,794 [Thread-1685] INFO  impl.FollowerState (FollowerState.java:run(117)) - 66f9d00c-1e97-4252-958c-bed5a531abda@group-E964BE911FCC-FollowerState was interrupted: java.lang.InterruptedException: sleep interrupted
2019-10-18 14:01:52,794 [grpc-default-executor-4] INFO  impl.RoleInfo (RoleInfo.java:updateAndGet(143)) - 66f9d00c-1e97-4252-958c-bed5a531abda: start FollowerState
2019-10-18 14:01:52,794 [grpc-default-executor-1] INFO  impl.RoleInfo (RoleInfo.java:shutdownFollowerState(121)) - 6cbfae60-ea29-4abc-a49d-ef94f4bd513a: shutdown FollowerState
2019-10-18 14:01:52,795 [grpc-default-executor-1] INFO  impl.RoleInfo (RoleInfo.java:updateAndGet(143)) - 6cbfae60-ea29-4abc-a49d-ef94f4bd513a: start FollowerState
2019-10-18 14:01:52,795 [Thread-1684] INFO  impl.FollowerState (FollowerState.java:run(117)) - 6cbfae60-ea29-4abc-a49d-ef94f4bd513a@group-E964BE911FCC-FollowerState was interrupted: java.lang.InterruptedException: sleep interrupted
2019-10-18 14:01:52,820 [92ce6e48-4722-407a-9620-5998c6999257@group-E964BE911FCC-LeaderElection221] INFO  impl.LeaderElection (LeaderElection.java:logAndReturn(56)) - 92ce6e48-4722-407a-9620-5998c6999257@group-E964BE911FCC-LeaderElection221: Election REJECTED; received 2 response(s) [92ce6e48-4722-407a-9620-5998c6999257<-6cbfae60-ea29-4abc-a49d-ef94f4bd513a#0:FAIL-t239, 92ce6e48-4722-407a-9620-5998c6999257<-66f9d00c-1e97-4252-958c-bed5a531abda#0:FAIL-t239] and 0 exception(s); 92ce6e48-4722-407a-9620-5998c6999257@group-E964BE911FCC:t239, leader=null, voted=92ce6e48-4722-407a-9620-5998c6999257, raftlog=92ce6e48-4722-407a-9620-5998c6999257@group-E964BE911FCC-SegmentedRaftLog:OPENED:c-1,f-1,i0, conf=-1: [6cbfae60-ea29-4abc-a49d-ef94f4bd513a:192.168.69.85:36685, 66f9d00c-1e97-4252-958c-bed5a531abda:192.168.69.85:45996, 92ce6e48-4722-407a-9620-5998c6999257:192.168.69.85:34971], old=null
2019-10-18 14:01:52,820 [92ce6e48-4722-407a-9620-5998c6999257@group-E964BE911FCC-LeaderElection221] INFO  impl.RaftServerImpl (RaftServerImpl.java:setRole(184)) - 92ce6e48-4722-407a-9620-5998c6999257@group-E964BE911FCC: changes role from CANDIDATE to FOLLOWER at term 239 for DISCOVERED_A_NEW_TERM
2019-10-18 14:01:52,821 [92ce6e48-4722-407a-9620-5998c6999257@group-E964BE911FCC-LeaderElection221] INFO  impl.RoleInfo (RoleInfo.java:shutdownLeaderElection(134)) - 92ce6e48-4722-407a-9620-5998c6999257: shutdown LeaderElection
2019-10-18 14:01:52,821 [92ce6e48-4722-407a-9620-5998c6999257@group-E964BE911FCC-LeaderElection221] INFO  impl.RoleInfo (RoleInfo.java:updateAndGet(143)) - 92ce6e48-4722-407a-9620-5998c6999257: start FollowerState
2019-10-18 14:01:52,913 [Thread-1692] INFO  impl.FollowerState (FollowerState.java:run(108)) - 92ce6e48-4722-407a-9620-5998c6999257@group-E964BE911FCC-FollowerState: change to CANDIDATE, lastRpcTime:92ms, electionTimeout:92ms
2019-10-18 14:01:52,913 [Thread-1692] INFO  impl.RoleInfo (RoleInfo.java:shutdownFollowerState(121)) - 92ce6e48-4722-407a-9620-5998c6999257: shutdown FollowerState
2019-10-18 14:01:52,913 [Thread-1692] INFO  impl.RaftServerImpl (RaftServerImpl.java:setRole(184)) - 92ce6e48-4722-407a-9620-5998c6999257@group-E964BE911FCC: changes role from  FOLLOWER to CANDIDATE at term 239 for changeToCandidate
2019-10-18 14:01:52,914 [Thread-1692] INFO  impl.RoleInfo (RoleInfo.java:updateAndGet(143)) - 92ce6e48-4722-407a-9620-5998c6999257: start LeaderElection
2019-10-18 14:01:52,929 [92ce6e48-4722-407a-9620-5998c6999257@group-E964BE911FCC-LeaderElection222] INFO  impl.LeaderElection (LeaderElection.java:askForVotes(178)) - 92ce6e48-4722-407a-9620-5998c6999257@group-E964BE911FCC-LeaderElection222: begin an election at term 240 for -1: [6cbfae60-ea29-4abc-a49d-ef94f4bd513a:192.168.69.85:36685, 66f9d00c-1e97-4252-958c-bed5a531abda:192.168.69.85:45996, 92ce6e48-4722-407a-9620-5998c6999257:192.168.69.85:34971], old=null
2019-10-18 14:01:52,931 [grpc-default-executor-1] INFO  impl.RaftServerImpl (RaftServerImpl.java:setRole(184)) - 6cbfae60-ea29-4abc-a49d-ef94f4bd513a@group-E964BE911FCC: changes role from  FOLLOWER to FOLLOWER at term 240 for recognizeCandidate:92ce6e48-4722-407a-9620-5998c6999257
2019-10-18 14:01:52,931 [grpc-default-executor-1] INFO  impl.RoleInfo (RoleInfo.java:shutdownFollowerState(121)) - 6cbfae60-ea29-4abc-a49d-ef94f4bd513a: shutdown FollowerState
2019-10-18 14:01:52,931 [grpc-default-executor-4] INFO  impl.RaftServerImpl (RaftServerImpl.java:setRole(184)) - 66f9d00c-1e97-4252-958c-bed5a531abda@group-E964BE911FCC: changes role from  FOLLOWER to FOLLOWER at term 240 for recognizeCandidate:92ce6e48-4722-407a-9620-5998c6999257
2019-10-18 14:01:52,931 [grpc-default-executor-4] INFO  impl.RoleInfo (RoleInfo.java:shutdownFollowerState(121)) - 66f9d00c-1e97-4252-958c-bed5a531abda: shutdown FollowerState
2019-10-18 14:01:52,931 [Thread-1691] INFO  impl.FollowerState (FollowerState.java:run(117)) - 6cbfae60-ea29-4abc-a49d-ef94f4bd513a@group-E964BE911FCC-FollowerState was interrupted: java.lang.InterruptedException: sleep interrupted
2019-10-18 14:01:52,931 [grpc-default-executor-1] INFO  impl.RoleInfo (RoleInfo.java:updateAndGet(143)) - 6cbfae60-ea29-4abc-a49d-ef94f4bd513a: start FollowerState
2019-10-18 14:01:52,931 [Thread-1690] INFO  impl.FollowerState (FollowerState.java:run(117)) - 66f9d00c-1e97-4252-958c-bed5a531abda@group-E964BE911FCC-FollowerState was interrupted: java.lang.InterruptedException: sleep interrupted
2019-10-18 14:01:52,931 [grpc-default-executor-4] INFO  impl.RoleInfo (RoleInfo.java:updateAndGet(143)) - 66f9d00c-1e97-4252-958c-bed5a531abda: start FollowerState
2019-10-18 14:01:52,946 [92ce6e48-4722-407a-9620-5998c6999257@group-E964BE911FCC-LeaderElection222] INFO  impl.LeaderElection (LeaderElection.java:logAndReturn(56)) - 92ce6e48-4722-407a-9620-5998c6999257@group-E964BE911FCC-LeaderElection222: Election REJECTED; received 2 response(s) [92ce6e48-4722-407a-9620-5998c6999257<-6cbfae60-ea29-4abc-a49d-ef94f4bd513a#0:FAIL-t240, 92ce6e48-4722-407a-9620-5998c6999257<-66f9d00c-1e97-4252-958c-bed5a531abda#0:FAIL-t240] and 0 exception(s); 92ce6e48-4722-407a-9620-5998c6999257@group-E964BE911FCC:t240, leader=null, voted=92ce6e48-4722-407a-9620-5998c6999257, raftlog=92ce6e48-4722-407a-9620-5998c6999257@group-E964BE911FCC-SegmentedRaftLog:OPENED:c-1,f-1,i0, conf=-1: [6cbfae60-ea29-4abc-a49d-ef94f4bd513a:192.168.69.85:36685, 66f9d00c-1e97-4252-958c-bed5a531abda:192.168.69.85:45996, 92ce6e48-4722-407a-9620-5998c6999257:192.168.69.85:34971], old=null
2019-10-18 14:01:52,946 [92ce6e48-4722-407a-9620-5998c6999257@group-E964BE911FCC-LeaderElection222] INFO  impl.RaftServerImpl (RaftServerImpl.java:setRole(184)) - 92ce6e48-4722-407a-9620-5998c6999257@group-E964BE911FCC: changes role from CANDIDATE to FOLLOWER at term 240 for DISCOVERED_A_NEW_TERM
2019-10-18 14:01:52,946 [92ce6e48-4722-407a-9620-5998c6999257@group-E964BE911FCC-LeaderElection222] INFO  impl.RoleInfo (RoleInfo.java:shutdownLeaderElection(134)) - 92ce6e48-4722-407a-9620-5998c6999257: shutdown LeaderElection
2019-10-18 14:01:52,946 [92ce6e48-4722-407a-9620-5998c6999257@group-E964BE911FCC-LeaderElection222] INFO  impl.RoleInfo (RoleInfo.java:updateAndGet(143)) - 92ce6e48-4722-407a-9620-5998c6999257: start FollowerState
2019-10-18 14:01:52,996 [Thread-1698] INFO  impl.FollowerState (FollowerState.java:run(108)) - 92ce6e48-4722-407a-9620-5998c6999257@group-E964BE911FCC-FollowerState: change to CANDIDATE, lastRpcTime:49ms, electionTimeout:49ms
2019-10-18 14:01:52,996 [Thread-1698] INFO  impl.RoleInfo (RoleInfo.java:shutdownFollowerState(121)) - 92ce6e48-4722-407a-9620-5998c6999257: shutdown FollowerState
2019-10-18 14:01:52,996 [Thread-1698] INFO  impl.RaftServerImpl (RaftServerImpl.java:setRole(184)) - 92ce6e48-4722-407a-9620-5998c6999257@group-E964BE911FCC: changes role from  FOLLOWER to CANDIDATE at term 240 for changeToCandidate
2019-10-18 14:01:52,996 [Thread-1698] INFO  impl.RoleInfo (RoleInfo.java:updateAndGet(143)) - 92ce6e48-4722-407a-9620-5998c6999257: start LeaderElection
2019-10-18 14:01:53,023 [92ce6e48-4722-407a-9620-5998c6999257@group-E964BE911FCC-LeaderElection223] INFO  impl.LeaderElection (LeaderElection.java:askForVotes(178)) - 92ce6e48-4722-407a-9620-5998c6999257@group-E964BE911FCC-LeaderElection223: begin an election at term 241 for -1: [6cbfae60-ea29-4abc-a49d-ef94f4bd513a:192.168.69.85:36685, 66f9d00c-1e97-4252-958c-bed5a531abda:192.168.69.85:45996, 92ce6e48-4722-407a-9620-5998c6999257:192.168.69.85:34971], old=null
2019-10-18 14:01:53,025 [grpc-default-executor-1] INFO  impl.RaftServerImpl (RaftServerImpl.java:setRole(184)) - 6cbfae60-ea29-4abc-a49d-ef94f4bd513a@group-E964BE911FCC: changes role from  FOLLOWER to FOLLOWER at term 241 for recognizeCandidate:92ce6e48-4722-407a-9620-5998c6999257
2019-10-18 14:01:53,025 [grpc-default-executor-1] INFO  impl.RoleInfo (RoleInfo.java:shutdownFollowerState(121)) - 6cbfae60-ea29-4abc-a49d-ef94f4bd513a: shutdown FollowerState
2019-10-18 14:01:53,025 [grpc-default-executor-1] INFO  impl.RoleInfo (RoleInfo.java:updateAndGet(143)) - 6cbfae60-ea29-4abc-a49d-ef94f4bd513a: start FollowerState
2019-10-18 14:01:53,025 [Thread-1696] INFO  impl.FollowerState (FollowerState.java:run(117)) - 6cbfae60-ea29-4abc-a49d-ef94f4bd513a@group-E964BE911FCC-FollowerState was interrupted: java.lang.InterruptedException: sleep interrupted
2019-10-18 14:01:53,025 [grpc-default-executor-4] INFO  impl.RaftServerImpl (RaftServerImpl.java:setRole(184)) - 66f9d00c-1e97-4252-958c-bed5a531abda@group-E964BE911FCC: changes role from  FOLLOWER to FOLLOWER at term 241 for recognizeCandidate:92ce6e48-4722-407a-9620-5998c6999257
2019-10-18 14:01:53,026 [grpc-default-executor-4] INFO  impl.RoleInfo (RoleInfo.java:shutdownFollowerState(121)) - 66f9d00c-1e97-4252-958c-bed5a531abda: shutdown FollowerState
2019-10-18 14:01:53,026 [grpc-default-executor-4] INFO  impl.RoleInfo (RoleInfo.java:updateAndGet(143)) - 66f9d00c-1e97-4252-958c-bed5a531abda: start FollowerState
2019-10-18 14:01:53,026 [Thread-1697] INFO  impl.FollowerState (FollowerState.java:run(117)) - 66f9d00c-1e97-4252-958c-bed5a531abda@group-E964BE911FCC-FollowerState was interrupted: java.lang.InterruptedException: sleep interrupted
2019-10-18 14:01:53,043 [92ce6e48-4722-407a-9620-5998c6999257@group-E964BE911FCC-LeaderElection223] INFO  impl.LeaderElection (LeaderElection.java:logAndReturn(56)) - 92ce6e48-4722-407a-9620-5998c6999257@group-E964BE911FCC-LeaderElection223: Election REJECTED; received 2 response(s) [92ce6e48-4722-407a-9620-5998c6999257<-6cbfae60-ea29-4abc-a49d-ef94f4bd513a#0:FAIL-t241, 92ce6e48-4722-407a-9620-5998c6999257<-66f9d00c-1e97-4252-958c-bed5a531abda#0:FAIL-t241] and 0 exception(s); 92ce6e48-4722-407a-9620-5998c6999257@group-E964BE911FCC:t241, leader=null, voted=92ce6e48-4722-407a-9620-5998c6999257, raftlog=92ce6e48-4722-407a-9620-5998c6999257@group-E964BE911FCC-SegmentedRaftLog:OPENED:c-1,f-1,i0, conf=-1: [6cbfae60-ea29-4abc-a49d-ef94f4bd513a:192.168.69.85:36685, 66f9d00c-1e97-4252-958c-bed5a531abda:192.168.69.85:45996, 92ce6e48-4722-407a-9620-5998c6999257:192.168.69.85:34971], old=null
2019-10-18 14:01:53,043 [92ce6e48-4722-407a-9620-5998c6999257@group-E964BE911FCC-LeaderElection223] INFO  impl.RaftServerImpl (RaftServerImpl.java:setRole(184)) - 92ce6e48-4722-407a-9620-5998c6999257@group-E964BE911FCC: changes role from CANDIDATE to FOLLOWER at term 241 for DISCOVERED_A_NEW_TERM
2019-10-18 14:01:53,043 [92ce6e48-4722-407a-9620-5998c6999257@group-E964BE911FCC-LeaderElection223] INFO  impl.RoleInfo (RoleInfo.java:shutdownLeaderElection(134)) - 92ce6e48-4722-407a-9620-5998c6999257: shutdown LeaderElection
2019-10-18 14:01:53,043 [92ce6e48-4722-407a-9620-5998c6999257@group-E964BE911FCC-LeaderElection223] INFO  impl.RoleInfo (RoleInfo.java:updateAndGet(143)) - 92ce6e48-4722-407a-9620-5998c6999257: start FollowerState
2019-10-18 14:01:53,239 [Thread-1704] INFO  impl.FollowerState (FollowerState.java:run(108)) - 92ce6e48-4722-407a-9620-5998c6999257@group-E964BE911FCC-FollowerState: change to CANDIDATE, lastRpcTime:195ms, electionTimeout:195ms
2019-10-18 14:01:53,239 [Thread-1704] INFO  impl.RoleInfo (RoleInfo.java:shutdownFollowerState(121)) - 92ce6e48-4722-407a-9620-5998c6999257: shutdown FollowerState
2019-10-18 14:01:53,239 [Thread-1704] INFO  impl.RaftServerImpl (RaftServerImpl.java:setRole(184)) - 92ce6e48-4722-407a-9620-5998c6999257@group-E964BE911FCC: changes role from  FOLLOWER to CANDIDATE at term 241 for changeToCandidate
2019-10-18 14:01:53,239 [Thread-1704] INFO  impl.RoleInfo (RoleInfo.java:updateAndGet(143)) - 92ce6e48-4722-407a-9620-5998c6999257: start LeaderElection
2019-10-18 14:01:53,276 [92ce6e48-4722-407a-9620-5998c6999257@group-E964BE911FCC-LeaderElection224] INFO  impl.LeaderElection (LeaderElection.java:askForVotes(178)) - 92ce6e48-4722-407a-9620-5998c6999257@group-E964BE911FCC-LeaderElection224: begin an election at term 242 for -1: [6cbfae60-ea29-4abc-a49d-ef94f4bd513a:192.168.69.85:36685, 66f9d00c-1e97-4252-958c-bed5a531abda:192.168.69.85:45996, 92ce6e48-4722-407a-9620-5998c6999257:192.168.69.85:34971], old=null
2019-10-18 14:01:53,279 [grpc-default-executor-0] INFO  impl.RaftServerImpl (RaftServerImpl.java:setRole(184)) - 6cbfae60-ea29-4abc-a49d-ef94f4bd513a@group-E964BE911FCC: changes role from  FOLLOWER to FOLLOWER at term 242 for recognizeCandidate:92ce6e48-4722-407a-9620-5998c6999257
2019-10-18 14:01:53,279 [grpc-default-executor-1] INFO  impl.RaftServerImpl (RaftServerImpl.java:setRole(184)) - 66f9d00c-1e97-4252-958c-bed5a531abda@group-E964BE911FCC: changes role from  FOLLOWER to FOLLOWER at term 242 for recognizeCandidate:92ce6e48-4722-407a-9620-5998c6999257
2019-10-18 14:01:53,279 [grpc-default-executor-1] INFO  impl.RoleInfo (RoleInfo.java:shutdownFollowerState(121)) - 66f9d00c-1e97-4252-958c-bed5a531abda: shutdown FollowerState
2019-10-18 14:01:53,279 [grpc-default-executor-0] INFO  impl.RoleInfo (RoleInfo.java:shutdownFollowerState(121)) - 6cbfae60-ea29-4abc-a49d-ef94f4bd513a: shutdown FollowerState
2019-10-18 14:01:53,281 [Thread-1703] INFO  impl.FollowerState (FollowerState.java:run(117)) - 66f9d00c-1e97-4252-958c-bed5a531abda@group-E964BE911FCC-FollowerState was interrupted: java.lang.InterruptedException: sleep interrupted
2019-10-18 14:01:53,281 [Thread-1702] INFO  impl.FollowerState (FollowerState.java:run(117)) - 6cbfae60-ea29-4abc-a49d-ef94f4bd513a@group-E964BE911FCC-FollowerState was interrupted: java.lang.InterruptedException: sleep interrupted
2019-10-18 14:01:53,281 [grpc-default-executor-1] INFO  impl.RoleInfo (RoleInfo.java:updateAndGet(143)) - 66f9d00c-1e97-4252-958c-bed5a531abda: start FollowerState
2019-10-18 14:01:53,281 [grpc-default-executor-0] INFO  impl.RoleInfo (RoleInfo.java:updateAndGet(143)) - 6cbfae60-ea29-4abc-a49d-ef94f4bd513a: start FollowerState
2019-10-18 14:01:53,297 [92ce6e48-4722-407a-9620-5998c6999257@group-E964BE911FCC-LeaderElection224] INFO  impl.LeaderElection (LeaderElection.java:logAndReturn(56)) - 92ce6e48-4722-407a-9620-5998c6999257@group-E964BE911FCC-LeaderElection224: Election REJECTED; received 2 response(s) [92ce6e48-4722-407a-9620-5998c6999257<-6cbfae60-ea29-4abc-a49d-ef94f4bd513a#0:FAIL-t242, 92ce6e48-4722-407a-9620-5998c6999257<-66f9d00c-1e97-4252-958c-bed5a531abda#0:FAIL-t242] and 0 exception(s); 92ce6e48-4722-407a-9620-5998c6999257@group-E964BE911FCC:t242, leader=null, voted=92ce6e48-4722-407a-9620-5998c6999257, raftlog=92ce6e48-4722-407a-9620-5998c6999257@group-E964BE911FCC-SegmentedRaftLog:OPENED:c-1,f-1,i0, conf=-1: [6cbfae60-ea29-4abc-a49d-ef94f4bd513a:192.168.69.85:36685, 66f9d00c-1e97-4252-958c-bed5a531abda:192.168.69.85:45996, 92ce6e48-4722-407a-9620-5998c6999257:192.168.69.85:34971], old=null
2019-10-18 14:01:53,297 [92ce6e48-4722-407a-9620-5998c6999257@group-E964BE911FCC-LeaderElection224] INFO  impl.RaftServerImpl (RaftServerImpl.java:setRole(184)) - 92ce6e48-4722-407a-9620-5998c6999257@group-E964BE911FCC: changes role from CANDIDATE to FOLLOWER at term 242 for DISCOVERED_A_NEW_TERM
2019-10-18 14:01:53,298 [92ce6e48-4722-407a-9620-5998c6999257@group-E964BE911FCC-LeaderElection224] INFO  impl.RoleInfo (RoleInfo.java:shutdownLeaderElection(134)) - 92ce6e48-4722-407a-9620-5998c6999257: shutdown LeaderElection
2019-10-18 14:01:53,298 [92ce6e48-4722-407a-9620-5998c6999257@group-E964BE911FCC-LeaderElection224] INFO  impl.RoleInfo (RoleInfo.java:updateAndGet(143)) - 92ce6e48-4722-407a-9620-5998c6999257: start FollowerState
2019-10-18 14:01:53,426 [Thread-1712] INFO  impl.FollowerState (FollowerState.java:run(108)) - 92ce6e48-4722-407a-9620-5998c6999257@group-E964BE911FCC-FollowerState: change to CANDIDATE, lastRpcTime:128ms, electionTimeout:128ms
2019-10-18 14:01:53,426 [Thread-1712] INFO  impl.RoleInfo (RoleInfo.java:shutdownFollowerState(121)) - 92ce6e48-4722-407a-9620-5998c6999257: shutdown FollowerState
2019-10-18 14:01:53,426 [Thread-1712] INFO  impl.RaftServerImpl (RaftServerImpl.java:setRole(184)) - 92ce6e48-4722-407a-9620-5998c6999257@group-E964BE911FCC: changes role from  FOLLOWER to CANDIDATE at term 242 for changeToCandidate
2019-10-18 14:01:53,427 [Thread-1712] INFO  impl.RoleInfo (RoleInfo.java:updateAndGet(143)) - 92ce6e48-4722-407a-9620-5998c6999257: start LeaderElection
2019-10-18 14:01:53,440 [92ce6e48-4722-407a-9620-5998c6999257@group-E964BE911FCC-LeaderElection225] INFO  impl.LeaderElection (LeaderElection.java:askForVotes(178)) - 92ce6e48-4722-407a-9620-5998c6999257@group-E964BE911FCC-LeaderElection225: begin an election at term 243 for -1: [6cbfae60-ea29-4abc-a49d-ef94f4bd513a:192.168.69.85:36685, 66f9d00c-1e97-4252-958c-bed5a531abda:192.168.69.85:45996, 92ce6e48-4722-407a-9620-5998c6999257:192.168.69.85:34971], old=null
2019-10-18 14:01:53,443 [grpc-default-executor-1] INFO  impl.RaftServerImpl (RaftServerImpl.java:setRole(184)) - 6cbfae60-ea29-4abc-a49d-ef94f4bd513a@group-E964BE911FCC: changes role from  FOLLOWER to FOLLOWER at term 243 for recognizeCandidate:92ce6e48-4722-407a-9620-5998c6999257
2019-10-18 14:01:53,443 [grpc-default-executor-1] INFO  impl.RoleInfo (RoleInfo.java:shutdownFollowerState(121)) - 6cbfae60-ea29-4abc-a49d-ef94f4bd513a: shutdown FollowerState
2019-10-18 14:01:53,443 [grpc-default-executor-0] INFO  impl.RaftServerImpl (RaftServerImpl.java:setRole(184)) - 66f9d00c-1e97-4252-958c-bed5a531abda@group-E964BE911FCC: changes role from  FOLLOWER to FOLLOWER at term 243 for recognizeCandidate:92ce6e48-4722-407a-9620-5998c6999257
2019-10-18 14:01:53,443 [grpc-default-executor-1] INFO  impl.RoleInfo (RoleInfo.java:updateAndGet(143)) - 6cbfae60-ea29-4abc-a49d-ef94f4bd513a: start FollowerState
2019-10-18 14:01:53,443 [Thread-1711] INFO  impl.FollowerState (FollowerState.java:run(117)) - 6cbfae60-ea29-4abc-a49d-ef94f4bd513a@group-E964BE911FCC-FollowerState was interrupted: java.lang.InterruptedException: sleep interrupted
2019-10-18 14:01:53,443 [grpc-default-executor-0] INFO  impl.RoleInfo (RoleInfo.java:shutdownFollowerState(121)) - 66f9d00c-1e97-4252-958c-bed5a531abda: shutdown FollowerState
2019-10-18 14:01:53,443 [grpc-default-executor-0] INFO  impl.RoleInfo (RoleInfo.java:updateAndGet(143)) - 66f9d00c-1e97-4252-958c-bed5a531abda: start FollowerState
2019-10-18 14:01:53,443 [Thread-1710] INFO  impl.FollowerState (FollowerState.java:run(117)) - 66f9d00c-1e97-4252-958c-bed5a531abda@group-E964BE911FCC-FollowerState was interrupted: java.lang.InterruptedException: sleep interrupted
2019-10-18 14:01:53,458 [92ce6e48-4722-407a-9620-5998c6999257@group-E964BE911FCC-LeaderElection225] INFO  impl.LeaderElection (LeaderElection.java:logAndReturn(56)) - 92ce6e48-4722-407a-9620-5998c6999257@group-E964BE911FCC-LeaderElection225: Election REJECTED; received 2 response(s) [92ce6e48-4722-407a-9620-5998c6999257<-6cbfae60-ea29-4abc-a49d-ef94f4bd513a#0:FAIL-t243, 92ce6e48-4722-407a-9620-5998c6999257<-66f9d00c-1e97-4252-958c-bed5a531abda#0:FAIL-t243] and 0 exception(s); 92ce6e48-4722-407a-9620-5998c6999257@group-E964BE911FCC:t243, leader=null, voted=92ce6e48-4722-407a-9620-5998c6999257, raftlog=92ce6e48-4722-407a-9620-5998c6999257@group-E964BE911FCC-SegmentedRaftLog:OPENED:c-1,f-1,i0, conf=-1: [6cbfae60-ea29-4abc-a49d-ef94f4bd513a:192.168.69.85:36685, 66f9d00c-1e97-4252-958c-bed5a531abda:192.168.69.85:45996, 92ce6e48-4722-407a-9620-5998c6999257:192.168.69.85:34971], old=null
2019-10-18 14:01:53,458 [92ce6e48-4722-407a-9620-5998c6999257@group-E964BE911FCC-LeaderElection225] INFO  impl.RaftServerImpl (RaftServerImpl.java:setRole(184)) - 92ce6e48-4722-407a-9620-5998c6999257@group-E964BE911FCC: changes role from CANDIDATE to FOLLOWER at term 243 for DISCOVERED_A_NEW_TERM
2019-10-18 14:01:53,458 [92ce6e48-4722-407a-9620-5998c6999257@group-E964BE911FCC-LeaderElection225] INFO  impl.RoleInfo (RoleInfo.java:shutdownLeaderElection(134)) - 92ce6e48-4722-407a-9620-5998c6999257: shutdown LeaderElection
2019-10-18 14:01:53,458 [92ce6e48-4722-407a-9620-5998c6999257@group-E964BE911FCC-LeaderElection225] INFO  impl.RoleInfo (RoleInfo.java:updateAndGet(143)) - 92ce6e48-4722-407a-9620-5998c6999257: start FollowerState
2019-10-18 14:01:53,486 [Thread-1718] INFO  impl.FollowerState (FollowerState.java:run(108)) - 92ce6e48-4722-407a-9620-5998c6999257@group-E964BE911FCC-FollowerState: change to CANDIDATE, lastRpcTime:27ms, electionTimeout:27ms
2019-10-18 14:01:53,486 [Thread-1718] INFO  impl.RoleInfo (RoleInfo.java:shutdownFollowerState(121)) - 92ce6e48-4722-407a-9620-5998c6999257: shutdown FollowerState
2019-10-18 14:01:53,486 [Thread-1718] INFO  impl.RaftServerImpl (RaftServerImpl.java:setRole(184)) - 92ce6e48-4722-407a-9620-5998c6999257@group-E964BE911FCC: changes role from  FOLLOWER to CANDIDATE at term 243 for changeToCandidate
2019-10-18 14:01:53,486 [Thread-1718] INFO  impl.RoleInfo (RoleInfo.java:updateAndGet(143)) - 92ce6e48-4722-407a-9620-5998c6999257: start LeaderElection
2019-10-18 14:01:53,501 [92ce6e48-4722-407a-9620-5998c6999257@group-E964BE911FCC-LeaderElection226] INFO  impl.LeaderElection (LeaderElection.java:askForVotes(178)) - 92ce6e48-4722-407a-9620-5998c6999257@group-E964BE911FCC-LeaderElection226: begin an election at term 244 for -1: [6cbfae60-ea29-4abc-a49d-ef94f4bd513a:192.168.69.85:36685, 66f9d00c-1e97-4252-958c-bed5a531abda:192.168.69.85:45996, 92ce6e48-4722-407a-9620-5998c6999257:192.168.69.85:34971], old=null
2019-10-18 14:01:53,503 [grpc-default-executor-1] INFO  impl.RaftServerImpl (RaftServerImpl.java:setRole(184)) - 6cbfae60-ea29-4abc-a49d-ef94f4bd513a@group-E964BE911FCC: changes role from  FOLLOWER to FOLLOWER at term 244 for recognizeCandidate:92ce6e48-4722-407a-9620-5998c6999257
2019-10-18 14:01:53,503 [grpc-default-executor-1] INFO  impl.RoleInfo (RoleInfo.java:shutdownFollowerState(121)) - 6cbfae60-ea29-4abc-a49d-ef94f4bd513a: shutdown FollowerState
2019-10-18 14:01:53,503 [grpc-default-executor-1] INFO  impl.RoleInfo (RoleInfo.java:updateAndGet(143)) - 6cbfae60-ea29-4abc-a49d-ef94f4bd513a: start FollowerState
2019-10-18 14:01:53,503 [grpc-default-executor-0] INFO  impl.RaftServerImpl (RaftServerImpl.java:setRole(184)) - 66f9d00c-1e97-4252-958c-bed5a531abda@group-E964BE911FCC: changes role from  FOLLOWER to FOLLOWER at term 244 for recognizeCandidate:92ce6e48-4722-407a-9620-5998c6999257
2019-10-18 14:01:53,503 [Thread-1716] INFO  impl.FollowerState (FollowerState.java:run(117)) - 6cbfae60-ea29-4abc-a49d-ef94f4bd513a@group-E964BE911FCC-FollowerState was interrupted: java.lang.InterruptedException: sleep interrupted
2019-10-18 14:01:53,503 [grpc-default-executor-0] INFO  impl.RoleInfo (RoleInfo.java:shutdownFollowerState(121)) - 66f9d00c-1e97-4252-958c-bed5a531abda: shutdown FollowerState
2019-10-18 14:01:53,503 [grpc-default-executor-0] INFO  impl.RoleInfo (RoleInfo.java:updateAndGet(143)) - 66f9d00c-1e97-4252-958c-bed5a531abda: start FollowerState
2019-10-18 14:01:53,503 [Thread-1717] INFO  impl.FollowerState (FollowerState.java:run(117)) - 66f9d00c-1e97-4252-958c-bed5a531abda@group-E964BE911FCC-FollowerState was interrupted: java.lang.InterruptedException: sleep interrupted
2019-10-18 14:01:53,517 [92ce6e48-4722-407a-9620-5998c6999257@group-E964BE911FCC-LeaderElection226] INFO  impl.LeaderElection (LeaderElection.java:logAndReturn(56)) - 92ce6e48-4722-407a-9620-5998c6999257@group-E964BE911FCC-LeaderElection226: Election REJECTED; received 2 response(s) [92ce6e48-4722-407a-9620-5998c6999257<-6cbfae60-ea29-4abc-a49d-ef94f4bd513a#0:FAIL-t244, 92ce6e48-4722-407a-9620-5998c6999257<-66f9d00c-1e97-4252-958c-bed5a531abda#0:FAIL-t244] and 0 exception(s); 92ce6e48-4722-407a-9620-5998c6999257@group-E964BE911FCC:t244, leader=null, voted=92ce6e48-4722-407a-9620-5998c6999257, raftlog=92ce6e48-4722-407a-9620-5998c6999257@group-E964BE911FCC-SegmentedRaftLog:OPENED:c-1,f-1,i0, conf=-1: [6cbfae60-ea29-4abc-a49d-ef94f4bd513a:192.168.69.85:36685, 66f9d00c-1e97-4252-958c-bed5a531abda:192.168.69.85:45996, 92ce6e48-4722-407a-9620-5998c6999257:192.168.69.85:34971], old=null
2019-10-18 14:01:53,517 [92ce6e48-4722-407a-9620-5998c6999257@group-E964BE911FCC-LeaderElection226] INFO  impl.RaftServerImpl (RaftServerImpl.java:setRole(184)) - 92ce6e48-4722-407a-9620-5998c6999257@group-E964BE911FCC: changes role from CANDIDATE to FOLLOWER at term 244 for DISCOVERED_A_NEW_TERM
2019-10-18 14:01:53,517 [92ce6e48-4722-407a-9620-5998c6999257@group-E964BE911FCC-LeaderElection226] INFO  impl.RoleInfo (RoleInfo.java:shutdownLeaderElection(134)) - 92ce6e48-4722-407a-9620-5998c6999257: shutdown LeaderElection
2019-10-18 14:01:53,517 [92ce6e48-4722-407a-9620-5998c6999257@group-E964BE911FCC-LeaderElection226] INFO  impl.RoleInfo (RoleInfo.java:updateAndGet(143)) - 92ce6e48-4722-407a-9620-5998c6999257: start FollowerState
2019-10-18 14:01:53,670 [Thread-1724] INFO  impl.FollowerState (FollowerState.java:run(108)) - 92ce6e48-4722-407a-9620-5998c6999257@group-E964BE911FCC-FollowerState: change to CANDIDATE, lastRpcTime:152ms, electionTimeout:152ms
2019-10-18 14:01:53,670 [Thread-1724] INFO  impl.RoleInfo (RoleInfo.java:shutdownFollowerState(121)) - 92ce6e48-4722-407a-9620-5998c6999257: shutdown FollowerState
2019-10-18 14:01:53,670 [Thread-1724] INFO  impl.RaftServerImpl (RaftServerImpl.java:setRole(184)) - 92ce6e48-4722-407a-9620-5998c6999257@group-E964BE911FCC: changes role from  FOLLOWER to CANDIDATE at term 244 for changeToCandidate
2019-10-18 14:01:53,670 [Thread-1724] INFO  impl.RoleInfo (RoleInfo.java:updateAndGet(143)) - 92ce6e48-4722-407a-9620-5998c6999257: start LeaderElection
2019-10-18 14:01:53,685 [92ce6e48-4722-407a-9620-5998c6999257@group-E964BE911FCC-LeaderElection227] INFO  impl.LeaderElection (LeaderElection.java:askForVotes(178)) - 92ce6e48-4722-407a-9620-5998c6999257@group-E964BE911FCC-LeaderElection227: begin an election at term 245 for -1: [6cbfae60-ea29-4abc-a49d-ef94f4bd513a:192.168.69.85:36685, 66f9d00c-1e97-4252-958c-bed5a531abda:192.168.69.85:45996, 92ce6e48-4722-407a-9620-5998c6999257:192.168.69.85:34971], old=null
2019-10-18 14:01:53,687 [grpc-default-executor-1] INFO  impl.RaftServerImpl (RaftServerImpl.java:setRole(184)) - 66f9d00c-1e97-4252-958c-bed5a531abda@group-E964BE911FCC: changes role from  FOLLOWER to FOLLOWER at term 245 for recognizeCandidate:92ce6e48-4722-407a-9620-5998c6999257
2019-10-18 14:01:53,688 [grpc-default-executor-1] INFO  impl.RoleInfo (RoleInfo.java:shutdownFollowerState(121)) - 66f9d00c-1e97-4252-958c-bed5a531abda: shutdown FollowerState
2019-10-18 14:01:53,688 [grpc-default-executor-0] INFO  impl.RaftServerImpl (RaftServerImpl.java:setRole(184)) - 6cbfae60-ea29-4abc-a49d-ef94f4bd513a@group-E964BE911FCC: changes role from  FOLLOWER to FOLLOWER at term 245 for recognizeCandidate:92ce6e48-4722-407a-9620-5998c6999257
2019-10-18 14:01:53,688 [Thread-1723] INFO  impl.FollowerState (FollowerState.java:run(117)) - 66f9d00c-1e97-4252-958c-bed5a531abda@group-E964BE911FCC-FollowerState was interrupted: java.lang.InterruptedException: sleep interrupted
2019-10-18 14:01:53,688 [grpc-default-executor-1] INFO  impl.RoleInfo (RoleInfo.java:updateAndGet(143)) - 66f9d00c-1e97-4252-958c-bed5a531abda: start FollowerState
2019-10-18 14:01:53,688 [grpc-default-executor-0] INFO  impl.RoleInfo (RoleInfo.java:shutdownFollowerState(121)) - 6cbfae60-ea29-4abc-a49d-ef94f4bd513a: shutdown FollowerState
2019-10-18 14:01:53,688 [grpc-default-executor-0] INFO  impl.RoleInfo (RoleInfo.java:updateAndGet(143)) - 6cbfae60-ea29-4abc-a49d-ef94f4bd513a: start FollowerState
2019-10-18 14:01:53,688 [Thread-1722] INFO  impl.FollowerState (FollowerState.java:run(117)) - 6cbfae60-ea29-4abc-a49d-ef94f4bd513a@group-E964BE911FCC-FollowerState was interrupted: java.lang.InterruptedException: sleep interrupted
2019-10-18 14:01:53,715 [92ce6e48-4722-407a-9620-5998c6999257@group-E964BE911FCC-LeaderElection227] INFO  impl.LeaderElection (LeaderElection.java:logAndReturn(56)) - 92ce6e48-4722-407a-9620-5998c6999257@group-E964BE911FCC-LeaderElection227: Election REJECTED; received 2 response(s) [92ce6e48-4722-407a-9620-5998c6999257<-6cbfae60-ea29-4abc-a49d-ef94f4bd513a#0:FAIL-t245, 92ce6e48-4722-407a-9620-5998c6999257<-66f9d00c-1e97-4252-958c-bed5a531abda#0:FAIL-t245] and 0 exception(s); 92ce6e48-4722-407a-9620-5998c6999257@group-E964BE911FCC:t245, leader=null, voted=92ce6e48-4722-407a-9620-5998c6999257, raftlog=92ce6e48-4722-407a-9620-5998c6999257@group-E964BE911FCC-SegmentedRaftLog:OPENED:c-1,f-1,i0, conf=-1: [6cbfae60-ea29-4abc-a49d-ef94f4bd513a:192.168.69.85:36685, 66f9d00c-1e97-4252-958c-bed5a531abda:192.168.69.85:45996, 92ce6e48-4722-407a-9620-5998c6999257:192.168.69.85:34971], old=null
2019-10-18 14:01:53,715 [92ce6e48-4722-407a-9620-5998c6999257@group-E964BE911FCC-LeaderElection227] INFO  impl.RaftServerImpl (RaftServerImpl.java:setRole(184)) - 92ce6e48-4722-407a-9620-5998c6999257@group-E964BE911FCC: changes role from CANDIDATE to FOLLOWER at term 245 for DISCOVERED_A_NEW_TERM
2019-10-18 14:01:53,715 [92ce6e48-4722-407a-9620-5998c6999257@group-E964BE911FCC-LeaderElection227] INFO  impl.RoleInfo (RoleInfo.java:shutdownLeaderElection(134)) - 92ce6e48-4722-407a-9620-5998c6999257: shutdown LeaderElection
2019-10-18 14:01:53,715 [92ce6e48-4722-407a-9620-5998c6999257@group-E964BE911FCC-LeaderElection227] INFO  impl.RoleInfo (RoleInfo.java:updateAndGet(143)) - 92ce6e48-4722-407a-9620-5998c6999257: start FollowerState
2019-10-18 14:01:53,860 [Thread-1730] INFO  impl.FollowerState (FollowerState.java:run(108)) - 92ce6e48-4722-407a-9620-5998c6999257@group-E964BE911FCC-FollowerState: change to CANDIDATE, lastRpcTime:144ms, electionTimeout:144ms
2019-10-18 14:01:53,860 [Thread-1730] INFO  impl.RoleInfo (RoleInfo.java:shutdownFollowerState(121)) - 92ce6e48-4722-407a-9620-5998c6999257: shutdown FollowerState
2019-10-18 14:01:53,860 [Thread-1730] INFO  impl.RaftServerImpl (RaftServerImpl.java:setRole(184)) - 92ce6e48-4722-407a-9620-5998c6999257@group-E964BE911FCC: changes role from  FOLLOWER to CANDIDATE at term 245 for changeToCandidate
2019-10-18 14:01:53,860 [Thread-1730] INFO  impl.RoleInfo (RoleInfo.java:updateAndGet(143)) - 92ce6e48-4722-407a-9620-5998c6999257: start LeaderElection
2019-10-18 14:01:53,874 [92ce6e48-4722-407a-9620-5998c6999257@group-E964BE911FCC-LeaderElection228] INFO  impl.LeaderElection (LeaderElection.java:askForVotes(178)) - 92ce6e48-4722-407a-9620-5998c6999257@group-E964BE911FCC-LeaderElection228: begin an election at term 246 for -1: [6cbfae60-ea29-4abc-a49d-ef94f4bd513a:192.168.69.85:36685, 66f9d00c-1e97-4252-958c-bed5a531abda:192.168.69.85:45996, 92ce6e48-4722-407a-9620-5998c6999257:192.168.69.85:34971], old=null
2019-10-18 14:01:53,876 [grpc-default-executor-0] INFO  impl.RaftServerImpl (RaftServerImpl.java:setRole(184)) - 6cbfae60-ea29-4abc-a49d-ef94f4bd513a@group-E964BE911FCC: changes role from  FOLLOWER to FOLLOWER at term 246 for recognizeCandidate:92ce6e48-4722-407a-9620-5998c6999257
2019-10-18 14:01:53,876 [grpc-default-executor-1] INFO  impl.RaftServerImpl (RaftServerImpl.java:setRole(184)) - 66f9d00c-1e97-4252-958c-bed5a531abda@group-E964BE911FCC: changes role from  FOLLOWER to FOLLOWER at term 246 for recognizeCandidate:92ce6e48-4722-407a-9620-5998c6999257
2019-10-18 14:01:53,876 [grpc-default-executor-0] INFO  impl.RoleInfo (RoleInfo.java:shutdownFollowerState(121)) - 6cbfae60-ea29-4abc-a49d-ef94f4bd513a: shutdown FollowerState
2019-10-18 14:01:53,876 [grpc-default-executor-1] INFO  impl.RoleInfo (RoleInfo.java:shutdownFollowerState(121)) - 66f9d00c-1e97-4252-958c-bed5a531abda: shutdown FollowerState
2019-10-18 14:01:53,877 [Thread-1729] INFO  impl.FollowerState (FollowerState.java:run(117)) - 6cbfae60-ea29-4abc-a49d-ef94f4bd513a@group-E964BE911FCC-FollowerState was interrupted: java.lang.InterruptedException: sleep interrupted
2019-10-18 14:01:53,877 [grpc-default-executor-0] INFO  impl.RoleInfo (RoleInfo.java:updateAndGet(143)) - 6cbfae60-ea29-4abc-a49d-ef94f4bd513a: start FollowerState
2019-10-18 14:01:53,877 [Thread-1728] INFO  impl.FollowerState (FollowerState.java:run(117)) - 66f9d00c-1e97-4252-958c-bed5a531abda@group-E964BE911FCC-FollowerState was interrupted: java.lang.InterruptedException: sleep interrupted
2019-10-18 14:01:53,877 [grpc-default-executor-1] INFO  impl.RoleInfo (RoleInfo.java:updateAndGet(143)) - 66f9d00c-1e97-4252-958c-bed5a531abda: start FollowerState
2019-10-18 14:01:53,887 [92ce6e48-4722-407a-9620-5998c6999257@group-E964BE911FCC-LeaderElection228] INFO  impl.LeaderElection (LeaderElection.java:logAndReturn(56)) - 92ce6e48-4722-407a-9620-5998c6999257@group-E964BE911FCC-LeaderElection228: Election TIMEOUT; received 0 response(s) [] and 0 exception(s); 92ce6e48-4722-407a-9620-5998c6999257@group-E964BE911FCC:t246, leader=null, voted=92ce6e48-4722-407a-9620-5998c6999257, raftlog=92ce6e48-4722-407a-9620-5998c6999257@group-E964BE911FCC-SegmentedRaftLog:OPENED:c-1,f-1,i0, conf=-1: [6cbfae60-ea29-4abc-a49d-ef94f4bd513a:192.168.69.85:36685, 66f9d00c-1e97-4252-958c-bed5a531abda:192.168.69.85:45996, 92ce6e48-4722-407a-9620-5998c6999257:192.168.69.85:34971], old=null
2019-10-18 14:01:53,891 [92ce6e48-4722-407a-9620-5998c6999257@group-E964BE911FCC-LeaderElection228] INFO  impl.LeaderElection (LeaderElection.java:askForVotes(178)) - 92ce6e48-4722-407a-9620-5998c6999257@group-E964BE911FCC-LeaderElection228: begin an election at term 247 for -1: [6cbfae60-ea29-4abc-a49d-ef94f4bd513a:192.168.69.85:36685, 66f9d00c-1e97-4252-958c-bed5a531abda:192.168.69.85:45996, 92ce6e48-4722-407a-9620-5998c6999257:192.168.69.85:34971], old=null
2019-10-18 14:01:53,892 [grpc-default-executor-0] INFO  impl.RaftServerImpl (RaftServerImpl.java:setRole(184)) - 6cbfae60-ea29-4abc-a49d-ef94f4bd513a@group-E964BE911FCC: changes role from  FOLLOWER to FOLLOWER at term 247 for recognizeCandidate:92ce6e48-4722-407a-9620-5998c6999257
2019-10-18 14:01:53,892 [grpc-default-executor-0] INFO  impl.RoleInfo (RoleInfo.java:shutdownFollowerState(121)) - 6cbfae60-ea29-4abc-a49d-ef94f4bd513a: shutdown FollowerState
2019-10-18 14:01:53,892 [grpc-default-executor-0] INFO  impl.RoleInfo (RoleInfo.java:updateAndGet(143)) - 6cbfae60-ea29-4abc-a49d-ef94f4bd513a: start FollowerState
2019-10-18 14:01:53,892 [Thread-1734] INFO  impl.FollowerState (FollowerState.java:run(117)) - 6cbfae60-ea29-4abc-a49d-ef94f4bd513a@group-E964BE911FCC-FollowerState was interrupted: java.lang.InterruptedException: sleep interrupted
2019-10-18 14:01:53,893 [grpc-default-executor-1] INFO  impl.RaftServerImpl (RaftServerImpl.java:setRole(184)) - 66f9d00c-1e97-4252-958c-bed5a531abda@group-E964BE911FCC: changes role from  FOLLOWER to FOLLOWER at term 247 for recognizeCandidate:92ce6e48-4722-407a-9620-5998c6999257
2019-10-18 14:01:53,893 [grpc-default-executor-1] INFO  impl.RoleInfo (RoleInfo.java:shutdownFollowerState(121)) - 66f9d00c-1e97-4252-958c-bed5a531abda: shutdown FollowerState
2019-10-18 14:01:53,893 [grpc-default-executor-1] INFO  impl.RoleInfo (RoleInfo.java:updateAndGet(143)) - 66f9d00c-1e97-4252-958c-bed5a531abda: start FollowerState
2019-10-18 14:01:53,893 [Thread-1735] INFO  impl.FollowerState (FollowerState.java:run(117)) - 66f9d00c-1e97-4252-958c-bed5a531abda@group-E964BE911FCC-FollowerState was interrupted: java.lang.InterruptedException: sleep interrupted
2019-10-18 14:01:53,908 [92ce6e48-4722-407a-9620-5998c6999257@group-E964BE911FCC-LeaderElection228] INFO  impl.LeaderElection (LeaderElection.java:logAndReturn(56)) - 92ce6e48-4722-407a-9620-5998c6999257@group-E964BE911FCC-LeaderElection228: Election REJECTED; received 2 response(s) [92ce6e48-4722-407a-9620-5998c6999257<-6cbfae60-ea29-4abc-a49d-ef94f4bd513a#0:FAIL-t247, 92ce6e48-4722-407a-9620-5998c6999257<-66f9d00c-1e97-4252-958c-bed5a531abda#0:FAIL-t247] and 0 exception(s); 92ce6e48-4722-407a-9620-5998c6999257@group-E964BE911FCC:t247, leader=null, voted=92ce6e48-4722-407a-9620-5998c6999257, raftlog=92ce6e48-4722-407a-9620-5998c6999257@group-E964BE911FCC-SegmentedRaftLog:OPENED:c-1,f-1,i0, conf=-1: [6cbfae60-ea29-4abc-a49d-ef94f4bd513a:192.168.69.85:36685, 66f9d00c-1e97-4252-958c-bed5a531abda:192.168.69.85:45996, 92ce6e48-4722-407a-9620-5998c6999257:192.168.69.85:34971], old=null
2019-10-18 14:01:53,909 [92ce6e48-4722-407a-9620-5998c6999257@group-E964BE911FCC-LeaderElection228] INFO  impl.RaftServerImpl (RaftServerImpl.java:setRole(184)) - 92ce6e48-4722-407a-9620-5998c6999257@group-E964BE911FCC: changes role from CANDIDATE to FOLLOWER at term 247 for DISCOVERED_A_NEW_TERM
2019-10-18 14:01:53,909 [92ce6e48-4722-407a-9620-5998c6999257@group-E964BE911FCC-LeaderElection228] INFO  impl.RoleInfo (RoleInfo.java:shutdownLeaderElection(134)) - 92ce6e48-4722-407a-9620-5998c6999257: shutdown LeaderElection
2019-10-18 14:01:53,909 [92ce6e48-4722-407a-9620-5998c6999257@group-E964BE911FCC-LeaderElection228] INFO  impl.RoleInfo (RoleInfo.java:updateAndGet(143)) - 92ce6e48-4722-407a-9620-5998c6999257: start FollowerState
2019-10-18 14:01:53,980 [Thread-1740] INFO  impl.FollowerState (FollowerState.java:run(108)) - 92ce6e48-4722-407a-9620-5998c6999257@group-E964BE911FCC-FollowerState: change to CANDIDATE, lastRpcTime:71ms, electionTimeout:71ms
2019-10-18 14:01:53,980 [Thread-1740] INFO  impl.RoleInfo (RoleInfo.java:shutdownFollowerState(121)) - 92ce6e48-4722-407a-9620-5998c6999257: shutdown FollowerState
2019-10-18 14:01:53,981 [Thread-1740] INFO  impl.RaftServerImpl (RaftServerImpl.java:setRole(184)) - 92ce6e48-4722-407a-9620-5998c6999257@group-E964BE911FCC: changes role from  FOLLOWER to CANDIDATE at term 247 for changeToCandidate
2019-10-18 14:01:53,981 [Thread-1740] INFO  impl.RoleInfo (RoleInfo.java:updateAndGet(143)) - 92ce6e48-4722-407a-9620-5998c6999257: start LeaderElection
2019-10-18 14:01:53,994 [92ce6e48-4722-407a-9620-5998c6999257@group-E964BE911FCC-LeaderElection229] INFO  impl.LeaderElection (LeaderElection.java:askForVotes(178)) - 92ce6e48-4722-407a-9620-5998c6999257@group-E964BE911FCC-LeaderElection229: begin an election at term 248 for -1: [6cbfae60-ea29-4abc-a49d-ef94f4bd513a:192.168.69.85:36685, 66f9d00c-1e97-4252-958c-bed5a531abda:192.168.69.85:45996, 92ce6e48-4722-407a-9620-5998c6999257:192.168.69.85:34971], old=null
2019-10-18 14:01:53,996 [grpc-default-executor-1] INFO  impl.RaftServerImpl (RaftServerImpl.java:setRole(184)) - 6cbfae60-ea29-4abc-a49d-ef94f4bd513a@group-E964BE911FCC: changes role from  FOLLOWER to FOLLOWER at term 248 for recognizeCandidate:92ce6e48-4722-407a-9620-5998c6999257
2019-10-18 14:01:53,996 [grpc-default-executor-1] INFO  impl.RoleInfo (RoleInfo.java:shutdownFollowerState(121)) - 6cbfae60-ea29-4abc-a49d-ef94f4bd513a: shutdown FollowerState
2019-10-18 14:01:53,996 [grpc-default-executor-1] INFO  impl.RoleInfo (RoleInfo.java:updateAndGet(143)) - 6cbfae60-ea29-4abc-a49d-ef94f4bd513a: start FollowerState
2019-10-18 14:01:53,996 [Thread-1738] INFO  impl.FollowerState (FollowerState.java:run(117)) - 6cbfae60-ea29-4abc-a49d-ef94f4bd513a@group-E964BE911FCC-FollowerState was interrupted: java.lang.InterruptedException: sleep interrupted
2019-10-18 14:01:53,996 [grpc-default-executor-0] INFO  impl.RaftServerImpl (RaftServerImpl.java:setRole(184)) - 66f9d00c-1e97-4252-958c-bed5a531abda@group-E964BE911FCC: changes role from  FOLLOWER to FOLLOWER at term 248 for recognizeCandidate:92ce6e48-4722-407a-9620-5998c6999257
2019-10-18 14:01:53,997 [grpc-default-executor-0] INFO  impl.RoleInfo (RoleInfo.java:shutdownFollowerState(121)) - 66f9d00c-1e97-4252-958c-bed5a531abda: shutdown FollowerState
2019-10-18 14:01:53,997 [grpc-default-executor-0] INFO  impl.RoleInfo (RoleInfo.java:updateAndGet(143)) - 66f9d00c-1e97-4252-958c-bed5a531abda: start FollowerState
2019-10-18 14:01:53,997 [Thread-1739] INFO  impl.FollowerState (FollowerState.java:run(117)) - 66f9d00c-1e97-4252-958c-bed5a531abda@group-E964BE911FCC-FollowerState was interrupted: java.lang.InterruptedException: sleep interrupted
2019-10-18 14:01:54,024 [92ce6e48-4722-407a-9620-5998c6999257@group-E964BE911FCC-LeaderElection229] INFO  impl.LeaderElection (LeaderElection.java:logAndReturn(56)) - 92ce6e48-4722-407a-9620-5998c6999257@group-E964BE911FCC-LeaderElection229: Election REJECTED; received 2 response(s) [92ce6e48-4722-407a-9620-5998c6999257<-6cbfae60-ea29-4abc-a49d-ef94f4bd513a#0:FAIL-t248, 92ce6e48-4722-407a-9620-5998c6999257<-66f9d00c-1e97-4252-958c-bed5a531abda#0:FAIL-t248] and 0 exception(s); 92ce6e48-4722-407a-9620-5998c6999257@group-E964BE911FCC:t248, leader=null, voted=92ce6e48-4722-407a-9620-5998c6999257, raftlog=92ce6e48-4722-407a-9620-5998c6999257@group-E964BE911FCC-SegmentedRaftLog:OPENED:c-1,f-1,i0, conf=-1: [6cbfae60-ea29-4abc-a49d-ef94f4bd513a:192.168.69.85:36685, 66f9d00c-1e97-4252-958c-bed5a531abda:192.168.69.85:45996, 92ce6e48-4722-407a-9620-5998c6999257:192.168.69.85:34971], old=null
2019-10-18 14:01:54,024 [92ce6e48-4722-407a-9620-5998c6999257@group-E964BE911FCC-LeaderElection229] INFO  impl.RaftServerImpl (RaftServerImpl.java:setRole(184)) - 92ce6e48-4722-407a-9620-5998c6999257@group-E964BE911FCC: changes role from CANDIDATE to FOLLOWER at term 248 for DISCOVERED_A_NEW_TERM
2019-10-18 14:01:54,025 [92ce6e48-4722-407a-9620-5998c6999257@group-E964BE911FCC-LeaderElection229] INFO  impl.RoleInfo (RoleInfo.java:shutdownLeaderElection(134)) - 92ce6e48-4722-407a-9620-5998c6999257: shutdown LeaderElection
2019-10-18 14:01:54,025 [92ce6e48-4722-407a-9620-5998c6999257@group-E964BE911FCC-LeaderElection229] INFO  impl.RoleInfo (RoleInfo.java:updateAndGet(143)) - 92ce6e48-4722-407a-9620-5998c6999257: start FollowerState
2019-10-18 14:01:54,109 [Thread-1746] INFO  impl.FollowerState (FollowerState.java:run(108)) - 92ce6e48-4722-407a-9620-5998c6999257@group-E964BE911FCC-FollowerState: change to CANDIDATE, lastRpcTime:84ms, electionTimeout:84ms
2019-10-18 14:01:54,109 [Thread-1746] INFO  impl.RoleInfo (RoleInfo.java:shutdownFollowerState(121)) - 92ce6e48-4722-407a-9620-5998c6999257: shutdown FollowerState
2019-10-18 14:01:54,109 [Thread-1746] INFO  impl.RaftServerImpl (RaftServerImpl.java:setRole(184)) - 92ce6e48-4722-407a-9620-5998c6999257@group-E964BE911FCC: changes role from  FOLLOWER to CANDIDATE at term 248 for changeToCandidate
2019-10-18 14:01:54,110 [Thread-1746] INFO  impl.RoleInfo (RoleInfo.java:updateAndGet(143)) - 92ce6e48-4722-407a-9620-5998c6999257: start LeaderElection
2019-10-18 14:01:54,123 [92ce6e48-4722-407a-9620-5998c6999257@group-E964BE911FCC-LeaderElection230] INFO  impl.LeaderElection (LeaderElection.java:askForVotes(178)) - 92ce6e48-4722-407a-9620-5998c6999257@group-E964BE911FCC-LeaderElection230: begin an election at term 249 for -1: [6cbfae60-ea29-4abc-a49d-ef94f4bd513a:192.168.69.85:36685, 66f9d00c-1e97-4252-958c-bed5a531abda:192.168.69.85:45996, 92ce6e48-4722-407a-9620-5998c6999257:192.168.69.85:34971], old=null
2019-10-18 14:01:54,125 [grpc-default-executor-1] INFO  impl.RaftServerImpl (RaftServerImpl.java:setRole(184)) - 66f9d00c-1e97-4252-958c-bed5a531abda@group-E964BE911FCC: changes role from  FOLLOWER to FOLLOWER at term 249 for recognizeCandidate:92ce6e48-4722-407a-9620-5998c6999257
2019-10-18 14:01:54,125 [grpc-default-executor-0] INFO  impl.RaftServerImpl (RaftServerImpl.java:setRole(184)) - 6cbfae60-ea29-4abc-a49d-ef94f4bd513a@group-E964BE911FCC: changes role from  FOLLOWER to FOLLOWER at term 249 for recognizeCandidate:92ce6e48-4722-407a-9620-5998c6999257
2019-10-18 14:01:54,126 [grpc-default-executor-1] INFO  impl.RoleInfo (RoleInfo.java:shutdownFollowerState(121)) - 66f9d00c-1e97-4252-958c-bed5a531abda: shutdown FollowerState
2019-10-18 14:01:54,126 [grpc-default-executor-0] INFO  impl.RoleInfo (RoleInfo.java:shutdownFollowerState(121)) - 6cbfae60-ea29-4abc-a49d-ef94f4bd513a: shutdown FollowerState
2019-10-18 14:01:54,126 [Thread-1745] INFO  impl.FollowerState (FollowerState.java:run(117)) - 66f9d00c-1e97-4252-958c-bed5a531abda@group-E964BE911FCC-FollowerState was interrupted: java.lang.InterruptedException: sleep interrupted
2019-10-18 14:01:54,126 [grpc-default-executor-1] INFO  impl.RoleInfo (RoleInfo.java:updateAndGet(143)) - 66f9d00c-1e97-4252-958c-bed5a531abda: start FollowerState
2019-10-18 14:01:54,126 [Thread-1744] INFO  impl.FollowerState (FollowerState.java:run(117)) - 6cbfae60-ea29-4abc-a49d-ef94f4bd513a@group-E964BE911FCC-FollowerState was interrupted: java.lang.InterruptedException: sleep interrupted
2019-10-18 14:01:54,126 [grpc-default-executor-0] INFO  impl.RoleInfo (RoleInfo.java:updateAndGet(143)) - 6cbfae60-ea29-4abc-a49d-ef94f4bd513a: start FollowerState
2019-10-18 14:01:54,141 [92ce6e48-4722-407a-9620-5998c6999257@group-E964BE911FCC-LeaderElection230] INFO  impl.LeaderElection (LeaderElection.java:logAndReturn(56)) - 92ce6e48-4722-407a-9620-5998c6999257@group-E964BE911FCC-LeaderElection230: Election REJECTED; received 2 response(s) [92ce6e48-4722-407a-9620-5998c6999257<-6cbfae60-ea29-4abc-a49d-ef94f4bd513a#0:FAIL-t249, 92ce6e48-4722-407a-9620-5998c6999257<-66f9d00c-1e97-4252-958c-bed5a531abda#0:FAIL-t249] and 0 exception(s); 92ce6e48-4722-407a-9620-5998c6999257@group-E964BE911FCC:t249, leader=null, voted=92ce6e48-4722-407a-9620-5998c6999257, raftlog=92ce6e48-4722-407a-9620-5998c6999257@group-E964BE911FCC-SegmentedRaftLog:OPENED:c-1,f-1,i0, conf=-1: [6cbfae60-ea29-4abc-a49d-ef94f4bd513a:192.168.69.85:36685, 66f9d00c-1e97-4252-958c-bed5a531abda:192.168.69.85:45996, 92ce6e48-4722-407a-9620-5998c6999257:192.168.69.85:34971], old=null
2019-10-18 14:01:54,141 [92ce6e48-4722-407a-9620-5998c6999257@group-E964BE911FCC-LeaderElection230] INFO  impl.RaftServerImpl (RaftServerImpl.java:setRole(184)) - 92ce6e48-4722-407a-9620-5998c6999257@group-E964BE911FCC: changes role from CANDIDATE to FOLLOWER at term 249 for DISCOVERED_A_NEW_TERM
2019-10-18 14:01:54,141 [92ce6e48-4722-407a-9620-5998c6999257@group-E964BE911FCC-LeaderElection230] INFO  impl.RoleInfo (RoleInfo.java:shutdownLeaderElection(134)) - 92ce6e48-4722-407a-9620-5998c6999257: shutdown LeaderElection
2019-10-18 14:01:54,141 [92ce6e48-4722-407a-9620-5998c6999257@group-E964BE911FCC-LeaderElection230] INFO  impl.RoleInfo (RoleInfo.java:updateAndGet(143)) - 92ce6e48-4722-407a-9620-5998c6999257: start FollowerState
2019-10-18 14:01:54,212 [Thread-1752] INFO  impl.FollowerState (FollowerState.java:run(108)) - 92ce6e48-4722-407a-9620-5998c6999257@group-E964BE911FCC-FollowerState: change to CANDIDATE, lastRpcTime:71ms, electionTimeout:71ms
2019-10-18 14:01:54,212 [Thread-1752] INFO  impl.RoleInfo (RoleInfo.java:shutdownFollowerState(121)) - 92ce6e48-4722-407a-9620-5998c6999257: shutdown FollowerState
2019-10-18 14:01:54,213 [Thread-1752] INFO  impl.RaftServerImpl (RaftServerImpl.java:setRole(184)) - 92ce6e48-4722-407a-9620-5998c6999257@group-E964BE911FCC: changes role from  FOLLOWER to CANDIDATE at term 249 for changeToCandidate
2019-10-18 14:01:54,213 [Thread-1752] INFO  impl.RoleInfo (RoleInfo.java:updateAndGet(143)) - 92ce6e48-4722-407a-9620-5998c6999257: start LeaderElection
2019-10-18 14:01:54,228 [92ce6e48-4722-407a-9620-5998c6999257@group-E964BE911FCC-LeaderElection231] INFO  impl.LeaderElection (LeaderElection.java:askForVotes(178)) - 92ce6e48-4722-407a-9620-5998c6999257@group-E964BE911FCC-LeaderElection231: begin an election at term 250 for -1: [6cbfae60-ea29-4abc-a49d-ef94f4bd513a:192.168.69.85:36685, 66f9d00c-1e97-4252-958c-bed5a531abda:192.168.69.85:45996, 92ce6e48-4722-407a-9620-5998c6999257:192.168.69.85:34971], old=null
2019-10-18 14:01:54,230 [grpc-default-executor-1] INFO  impl.RaftServerImpl (RaftServerImpl.java:setRole(184)) - 6cbfae60-ea29-4abc-a49d-ef94f4bd513a@group-E964BE911FCC: changes role from  FOLLOWER to FOLLOWER at term 250 for recognizeCandidate:92ce6e48-4722-407a-9620-5998c6999257
2019-10-18 14:01:54,230 [grpc-default-executor-1] INFO  impl.RoleInfo (RoleInfo.java:shutdownFollowerState(121)) - 6cbfae60-ea29-4abc-a49d-ef94f4bd513a: shutdown FollowerState
2019-10-18 14:01:54,230 [grpc-default-executor-0] INFO  impl.RaftServerImpl (RaftServerImpl.java:setRole(184)) - 66f9d00c-1e97-4252-958c-bed5a531abda@group-E964BE911FCC: changes role from  FOLLOWER to FOLLOWER at term 250 for recognizeCandidate:92ce6e48-4722-407a-9620-5998c6999257
2019-10-18 14:01:54,231 [grpc-default-executor-0] INFO  impl.RoleInfo (RoleInfo.java:shutdownFollowerState(121)) - 66f9d00c-1e97-4252-958c-bed5a531abda: shutdown FollowerState
2019-10-18 14:01:54,231 [Thread-1751] INFO  impl.FollowerState (FollowerState.java:run(117)) - 6cbfae60-ea29-4abc-a49d-ef94f4bd513a@group-E964BE911FCC-FollowerState was interrupted: java.lang.InterruptedException: sleep interrupted
2019-10-18 14:01:54,231 [grpc-default-executor-1] INFO  impl.RoleInfo (RoleInfo.java:updateAndGet(143)) - 6cbfae60-ea29-4abc-a49d-ef94f4bd513a: start FollowerState
2019-10-18 14:01:54,231 [Thread-1750] INFO  impl.FollowerState (FollowerState.java:run(117)) - 66f9d00c-1e97-4252-958c-bed5a531abda@group-E964BE911FCC-FollowerState was interrupted: java.lang.InterruptedException: sleep interrupted
2019-10-18 14:01:54,231 [grpc-default-executor-0] INFO  impl.RoleInfo (RoleInfo.java:updateAndGet(143)) - 66f9d00c-1e97-4252-958c-bed5a531abda: start FollowerState
2019-10-18 14:01:54,247 [92ce6e48-4722-407a-9620-5998c6999257@group-E964BE911FCC-LeaderElection231] INFO  impl.LeaderElection (LeaderElection.java:logAndReturn(56)) - 92ce6e48-4722-407a-9620-5998c6999257@group-E964BE911FCC-LeaderElection231: Election REJECTED; received 2 response(s) [92ce6e48-4722-407a-9620-5998c6999257<-6cbfae60-ea29-4abc-a49d-ef94f4bd513a#0:FAIL-t250, 92ce6e48-4722-407a-9620-5998c6999257<-66f9d00c-1e97-4252-958c-bed5a531abda#0:FAIL-t250] and 0 exception(s); 92ce6e48-4722-407a-9620-5998c6999257@group-E964BE911FCC:t250, leader=null, voted=92ce6e48-4722-407a-9620-5998c6999257, raftlog=92ce6e48-4722-407a-9620-5998c6999257@group-E964BE911FCC-SegmentedRaftLog:OPENED:c-1,f-1,i0, conf=-1: [6cbfae60-ea29-4abc-a49d-ef94f4bd513a:192.168.69.85:36685, 66f9d00c-1e97-4252-958c-bed5a531abda:192.168.69.85:45996, 92ce6e48-4722-407a-9620-5998c6999257:192.168.69.85:34971], old=null
2019-10-18 14:01:54,247 [92ce6e48-4722-407a-9620-5998c6999257@group-E964BE911FCC-LeaderElection231] INFO  impl.RaftServerImpl (RaftServerImpl.java:setRole(184)) - 92ce6e48-4722-407a-9620-5998c6999257@group-E964BE911FCC: changes role from CANDIDATE to FOLLOWER at term 250 for DISCOVERED_A_NEW_TERM
2019-10-18 14:01:54,247 [92ce6e48-4722-407a-9620-5998c6999257@group-E964BE911FCC-LeaderElection231] INFO  impl.RoleInfo (RoleInfo.java:shutdownLeaderElection(134)) - 92ce6e48-4722-407a-9620-5998c6999257: shutdown LeaderElection
2019-10-18 14:01:54,247 [92ce6e48-4722-407a-9620-5998c6999257@group-E964BE911FCC-LeaderElection231] INFO  impl.RoleInfo (RoleInfo.java:updateAndGet(143)) - 92ce6e48-4722-407a-9620-5998c6999257: start FollowerState
2019-10-18 14:01:54,360 [Thread-1758] INFO  impl.FollowerState (FollowerState.java:run(108)) - 92ce6e48-4722-407a-9620-5998c6999257@group-E964BE911FCC-FollowerState: change to CANDIDATE, lastRpcTime:112ms, electionTimeout:112ms
2019-10-18 14:01:54,360 [Thread-1758] INFO  impl.RoleInfo (RoleInfo.java:shutdownFollowerState(121)) - 92ce6e48-4722-407a-9620-5998c6999257: shutdown FollowerState
2019-10-18 14:01:54,360 [Thread-1758] INFO  impl.RaftServerImpl (RaftServerImpl.java:setRole(184)) - 92ce6e48-4722-407a-9620-5998c6999257@group-E964BE911FCC: changes role from  FOLLOWER to CANDIDATE at term 250 for changeToCandidate
2019-10-18 14:01:54,360 [Thread-1758] INFO  impl.RoleInfo (RoleInfo.java:updateAndGet(143)) - 92ce6e48-4722-407a-9620-5998c6999257: start LeaderElection
2019-10-18 14:01:54,374 [92ce6e48-4722-407a-9620-5998c6999257@group-E964BE911FCC-LeaderElection232] INFO  impl.LeaderElection (LeaderElection.java:askForVotes(178)) - 92ce6e48-4722-407a-9620-5998c6999257@group-E964BE911FCC-LeaderElection232: begin an election at term 251 for -1: [6cbfae60-ea29-4abc-a49d-ef94f4bd513a:192.168.69.85:36685, 66f9d00c-1e97-4252-958c-bed5a531abda:192.168.69.85:45996, 92ce6e48-4722-407a-9620-5998c6999257:192.168.69.85:34971], old=null
2019-10-18 14:01:54,376 [grpc-default-executor-1] INFO  impl.RaftServerImpl (RaftServerImpl.java:setRole(184)) - 66f9d00c-1e97-4252-958c-bed5a531abda@group-E964BE911FCC: changes role from  FOLLOWER to FOLLOWER at term 251 for recognizeCandidate:92ce6e48-4722-407a-9620-5998c6999257
2019-10-18 14:01:54,376 [grpc-default-executor-0] INFO  impl.RaftServerImpl (RaftServerImpl.java:setRole(184)) - 6cbfae60-ea29-4abc-a49d-ef94f4bd513a@group-E964BE911FCC: changes role from  FOLLOWER to FOLLOWER at term 251 for recognizeCandidate:92ce6e48-4722-407a-9620-5998c6999257
2019-10-18 14:01:54,376 [grpc-default-executor-1] INFO  impl.RoleInfo (RoleInfo.java:shutdownFollowerState(121)) - 66f9d00c-1e97-4252-958c-bed5a531abda: shutdown FollowerState
2019-10-18 14:01:54,377 [grpc-default-executor-0] INFO  impl.RoleInfo (RoleInfo.java:shutdownFollowerState(121)) - 6cbfae60-ea29-4abc-a49d-ef94f4bd513a: shutdown FollowerState
2019-10-18 14:01:54,377 [Thread-1757] INFO  impl.FollowerState (FollowerState.java:run(117)) - 66f9d00c-1e97-4252-958c-bed5a531abda@group-E964BE911FCC-FollowerState was interrupted: java.lang.InterruptedException: sleep interrupted
2019-10-18 14:01:54,377 [grpc-default-executor-1] INFO  impl.RoleInfo (RoleInfo.java:updateAndGet(143)) - 66f9d00c-1e97-4252-958c-bed5a531abda: start FollowerState
2019-10-18 14:01:54,377 [Thread-1756] INFO  impl.FollowerState (FollowerState.java:run(117)) - 6cbfae60-ea29-4abc-a49d-ef94f4bd513a@group-E964BE911FCC-FollowerState was interrupted: java.lang.InterruptedException: sleep interrupted
2019-10-18 14:01:54,377 [grpc-default-executor-0] INFO  impl.RoleInfo (RoleInfo.java:updateAndGet(143)) - 6cbfae60-ea29-4abc-a49d-ef94f4bd513a: start FollowerState
2019-10-18 14:01:54,393 [92ce6e48-4722-407a-9620-5998c6999257@group-E964BE911FCC-LeaderElection232] INFO  impl.LeaderElection (LeaderElection.java:logAndReturn(56)) - 92ce6e48-4722-407a-9620-5998c6999257@group-E964BE911FCC-LeaderElection232: Election REJECTED; received 2 response(s) [92ce6e48-4722-407a-9620-5998c6999257<-6cbfae60-ea29-4abc-a49d-ef94f4bd513a#0:FAIL-t251, 92ce6e48-4722-407a-9620-5998c6999257<-66f9d00c-1e97-4252-958c-bed5a531abda#0:FAIL-t251] and 0 exception(s); 92ce6e48-4722-407a-9620-5998c6999257@group-E964BE911FCC:t251, leader=null, voted=92ce6e48-4722-407a-9620-5998c6999257, raftlog=92ce6e48-4722-407a-9620-5998c6999257@group-E964BE911FCC-SegmentedRaftLog:OPENED:c-1,f-1,i0, conf=-1: [6cbfae60-ea29-4abc-a49d-ef94f4bd513a:192.168.69.85:36685, 66f9d00c-1e97-4252-958c-bed5a531abda:192.168.69.85:45996, 92ce6e48-4722-407a-9620-5998c6999257:192.168.69.85:34971], old=null
2019-10-18 14:01:54,393 [92ce6e48-4722-407a-9620-5998c6999257@group-E964BE911FCC-LeaderElection232] INFO  impl.RaftServerImpl (RaftServerImpl.java:setRole(184)) - 92ce6e48-4722-407a-9620-5998c6999257@group-E964BE911FCC: changes role from CANDIDATE to FOLLOWER at term 251 for DISCOVERED_A_NEW_TERM
2019-10-18 14:01:54,393 [92ce6e48-4722-407a-9620-5998c6999257@group-E964BE911FCC-LeaderElection232] INFO  impl.RoleInfo (RoleInfo.java:shutdownLeaderElection(134)) - 92ce6e48-4722-407a-9620-5998c6999257: shutdown LeaderElection
2019-10-18 14:01:54,394 [92ce6e48-4722-407a-9620-5998c6999257@group-E964BE911FCC-LeaderElection232] INFO  impl.RoleInfo (RoleInfo.java:updateAndGet(143)) - 92ce6e48-4722-407a-9620-5998c6999257: start FollowerState
2019-10-18 14:01:54,572 [Thread-1766] INFO  impl.FollowerState (FollowerState.java:run(108)) - 92ce6e48-4722-407a-9620-5998c6999257@group-E964BE911FCC-FollowerState: change to CANDIDATE, lastRpcTime:178ms, electionTimeout:178ms
2019-10-18 14:01:54,572 [Thread-1766] INFO  impl.RoleInfo (RoleInfo.java:shutdownFollowerState(121)) - 92ce6e48-4722-407a-9620-5998c6999257: shutdown FollowerState
2019-10-18 14:01:54,573 [Thread-1766] INFO  impl.RaftServerImpl (RaftServerImpl.java:setRole(184)) - 92ce6e48-4722-407a-9620-5998c6999257@group-E964BE911FCC: changes role from  FOLLOWER to CANDIDATE at term 251 for changeToCandidate
2019-10-18 14:01:54,573 [Thread-1766] INFO  impl.RoleInfo (RoleInfo.java:updateAndGet(143)) - 92ce6e48-4722-407a-9620-5998c6999257: start LeaderElection
2019-10-18 14:01:54,599 [92ce6e48-4722-407a-9620-5998c6999257@group-E964BE911FCC-LeaderElection233] INFO  impl.LeaderElection (LeaderElection.java:askForVotes(178)) - 92ce6e48-4722-407a-9620-5998c6999257@group-E964BE911FCC-LeaderElection233: begin an election at term 252 for -1: [6cbfae60-ea29-4abc-a49d-ef94f4bd513a:192.168.69.85:36685, 66f9d00c-1e97-4252-958c-bed5a531abda:192.168.69.85:45996, 92ce6e48-4722-407a-9620-5998c6999257:192.168.69.85:34971], old=null
2019-10-18 14:01:54,602 [grpc-default-executor-0] INFO  impl.RaftServerImpl (RaftServerImpl.java:setRole(184)) - 6cbfae60-ea29-4abc-a49d-ef94f4bd513a@group-E964BE911FCC: changes role from  FOLLOWER to FOLLOWER at term 252 for recognizeCandidate:92ce6e48-4722-407a-9620-5998c6999257
2019-10-18 14:01:54,602 [grpc-default-executor-0] INFO  impl.RoleInfo (RoleInfo.java:shutdownFollowerState(121)) - 6cbfae60-ea29-4abc-a49d-ef94f4bd513a: shutdown FollowerState
2019-10-18 14:01:54,603 [grpc-default-executor-0] INFO  impl.RoleInfo (RoleInfo.java:updateAndGet(143)) - 6cbfae60-ea29-4abc-a49d-ef94f4bd513a: start FollowerState
2019-10-18 14:01:54,603 [grpc-default-executor-1] INFO  impl.RaftServerImpl (RaftServerImpl.java:setRole(184)) - 66f9d00c-1e97-4252-958c-bed5a531abda@group-E964BE911FCC: changes role from  FOLLOWER to FOLLOWER at term 252 for recognizeCandidate:92ce6e48-4722-407a-9620-5998c6999257
2019-10-18 14:01:54,603 [Thread-1765] INFO  impl.FollowerState (FollowerState.java:run(117)) - 6cbfae60-ea29-4abc-a49d-ef94f4bd513a@group-E964BE911FCC-FollowerState was interrupted: java.lang.InterruptedException: sleep interrupted
2019-10-18 14:01:54,603 [grpc-default-executor-1] INFO  impl.RoleInfo (RoleInfo.java:shutdownFollowerState(121)) - 66f9d00c-1e97-4252-958c-bed5a531abda: shutdown FollowerState
2019-10-18 14:01:54,603 [grpc-default-executor-1] INFO  impl.RoleInfo (RoleInfo.java:updateAndGet(143)) - 66f9d00c-1e97-4252-958c-bed5a531abda: start FollowerState
2019-10-18 14:01:54,603 [Thread-1764] INFO  impl.FollowerState (FollowerState.java:run(117)) - 66f9d00c-1e97-4252-958c-bed5a531abda@group-E964BE911FCC-FollowerState was interrupted: java.lang.InterruptedException: sleep interrupted
2019-10-18 14:01:54,630 [92ce6e48-4722-407a-9620-5998c6999257@group-E964BE911FCC-LeaderElection233] INFO  impl.LeaderElection (LeaderElection.java:logAndReturn(56)) - 92ce6e48-4722-407a-9620-5998c6999257@group-E964BE911FCC-LeaderElection233: Election REJECTED; received 2 response(s) [92ce6e48-4722-407a-9620-5998c6999257<-6cbfae60-ea29-4abc-a49d-ef94f4bd513a#0:FAIL-t252, 92ce6e48-4722-407a-9620-5998c6999257<-66f9d00c-1e97-4252-958c-bed5a531abda#0:FAIL-t252] and 0 exception(s); 92ce6e48-4722-407a-9620-5998c6999257@group-E964BE911FCC:t252, leader=null, voted=92ce6e48-4722-407a-9620-5998c6999257, raftlog=92ce6e48-4722-407a-9620-5998c6999257@group-E964BE911FCC-SegmentedRaftLog:OPENED:c-1,f-1,i0, conf=-1: [6cbfae60-ea29-4abc-a49d-ef94f4bd513a:192.168.69.85:36685, 66f9d00c-1e97-4252-958c-bed5a531abda:192.168.69.85:45996, 92ce6e48-4722-407a-9620-5998c6999257:192.168.69.85:34971], old=null
2019-10-18 14:01:54,630 [92ce6e48-4722-407a-9620-5998c6999257@group-E964BE911FCC-LeaderElection233] INFO  impl.RaftServerImpl (RaftServerImpl.java:setRole(184)) - 92ce6e48-4722-407a-9620-5998c6999257@group-E964BE911FCC: changes role from CANDIDATE to FOLLOWER at term 252 for DISCOVERED_A_NEW_TERM
2019-10-18 14:01:54,630 [92ce6e48-4722-407a-9620-5998c6999257@group-E964BE911FCC-LeaderElection233] INFO  impl.RoleInfo (RoleInfo.java:shutdownLeaderElection(134)) - 92ce6e48-4722-407a-9620-5998c6999257: shutdown LeaderElection
2019-10-18 14:01:54,630 [92ce6e48-4722-407a-9620-5998c6999257@group-E964BE911FCC-LeaderElection233] INFO  impl.RoleInfo (RoleInfo.java:updateAndGet(143)) - 92ce6e48-4722-407a-9620-5998c6999257: start FollowerState
2019-10-18 14:01:54,679 [Thread-1772] INFO  impl.FollowerState (FollowerState.java:run(108)) - 92ce6e48-4722-407a-9620-5998c6999257@group-E964BE911FCC-FollowerState: change to CANDIDATE, lastRpcTime:49ms, electionTimeout:49ms
2019-10-18 14:01:54,680 [Thread-1772] INFO  impl.RoleInfo (RoleInfo.java:shutdownFollowerState(121)) - 92ce6e48-4722-407a-9620-5998c6999257: shutdown FollowerState
2019-10-18 14:01:54,680 [Thread-1772] INFO  impl.RaftServerImpl (RaftServerImpl.java:setRole(184)) - 92ce6e48-4722-407a-9620-5998c6999257@group-E964BE911FCC: changes role from  FOLLOWER to CANDIDATE at term 252 for changeToCandidate
2019-10-18 14:01:54,680 [Thread-1772] INFO  impl.RoleInfo (RoleInfo.java:updateAndGet(143)) - 92ce6e48-4722-407a-9620-5998c6999257: start LeaderElection
2019-10-18 14:01:54,705 [92ce6e48-4722-407a-9620-5998c6999257@group-E964BE911FCC-LeaderElection234] INFO  impl.LeaderElection (LeaderElection.java:askForVotes(178)) - 92ce6e48-4722-407a-9620-5998c6999257@group-E964BE911FCC-LeaderElection234: begin an election at term 253 for -1: [6cbfae60-ea29-4abc-a49d-ef94f4bd513a:192.168.69.85:36685, 66f9d00c-1e97-4252-958c-bed5a531abda:192.168.69.85:45996, 92ce6e48-4722-407a-9620-5998c6999257:192.168.69.85:34971], old=null
2019-10-18 14:01:54,708 [grpc-default-executor-0] INFO  impl.RaftServerImpl (RaftServerImpl.java:setRole(184)) - 66f9d00c-1e97-4252-958c-bed5a531abda@group-E964BE911FCC: changes role from  FOLLOWER to FOLLOWER at term 253 for recognizeCandidate:92ce6e48-4722-407a-9620-5998c6999257
2019-10-18 14:01:54,708 [grpc-default-executor-0] INFO  impl.RoleInfo (RoleInfo.java:shutdownFollowerState(121)) - 66f9d00c-1e97-4252-958c-bed5a531abda: shutdown FollowerState
2019-10-18 14:01:54,708 [grpc-default-executor-1] INFO  impl.RaftServerImpl (RaftServerImpl.java:setRole(184)) - 6cbfae60-ea29-4abc-a49d-ef94f4bd513a@group-E964BE911FCC: changes role from  FOLLOWER to FOLLOWER at term 253 for recognizeCandidate:92ce6e48-4722-407a-9620-5998c6999257
2019-10-18 14:01:54,709 [grpc-default-executor-1] INFO  impl.RoleInfo (RoleInfo.java:shutdownFollowerState(121)) - 6cbfae60-ea29-4abc-a49d-ef94f4bd513a: shutdown FollowerState
2019-10-18 14:01:54,709 [grpc-default-executor-0] INFO  impl.RoleInfo (RoleInfo.java:updateAndGet(143)) - 66f9d00c-1e97-4252-958c-bed5a531abda: start FollowerState
2019-10-18 14:01:54,709 [Thread-1770] INFO  impl.FollowerState (FollowerState.java:run(117)) - 6cbfae60-ea29-4abc-a49d-ef94f4bd513a@group-E964BE911FCC-FollowerState was interrupted: java.lang.InterruptedException: sleep interrupted
2019-10-18 14:01:54,709 [Thread-1771] INFO  impl.FollowerState (FollowerState.java:run(117)) - 66f9d00c-1e97-4252-958c-bed5a531abda@group-E964BE911FCC-FollowerState was interrupted: java.lang.InterruptedException: sleep interrupted
2019-10-18 14:01:54,709 [grpc-default-executor-1] INFO  impl.RoleInfo (RoleInfo.java:updateAndGet(143)) - 6cbfae60-ea29-4abc-a49d-ef94f4bd513a: start FollowerState
2019-10-18 14:01:54,709 [92ce6e48-4722-407a-9620-5998c6999257@group-E964BE911FCC-LeaderElection234] INFO  impl.LeaderElection (LeaderElection.java:logAndReturn(56)) - 92ce6e48-4722-407a-9620-5998c6999257@group-E964BE911FCC-LeaderElection234: Election TIMEOUT; received 0 response(s) [] and 0 exception(s); 92ce6e48-4722-407a-9620-5998c6999257@group-E964BE911FCC:t253, leader=null, voted=92ce6e48-4722-407a-9620-5998c6999257, raftlog=92ce6e48-4722-407a-9620-5998c6999257@group-E964BE911FCC-SegmentedRaftLog:OPENED:c-1,f-1,i0, conf=-1: [6cbfae60-ea29-4abc-a49d-ef94f4bd513a:192.168.69.85:36685, 66f9d00c-1e97-4252-958c-bed5a531abda:192.168.69.85:45996, 92ce6e48-4722-407a-9620-5998c6999257:192.168.69.85:34971], old=null
2019-10-18 14:01:54,723 [92ce6e48-4722-407a-9620-5998c6999257@group-E964BE911FCC-LeaderElection234] INFO  impl.LeaderElection (LeaderElection.java:askForVotes(178)) - 92ce6e48-4722-407a-9620-5998c6999257@group-E964BE911FCC-LeaderElection234: begin an election at term 254 for -1: [6cbfae60-ea29-4abc-a49d-ef94f4bd513a:192.168.69.85:36685, 66f9d00c-1e97-4252-958c-bed5a531abda:192.168.69.85:45996, 92ce6e48-4722-407a-9620-5998c6999257:192.168.69.85:34971], old=null
2019-10-18 14:01:54,725 [grpc-default-executor-1] INFO  impl.RaftServerImpl (RaftServerImpl.java:setRole(184)) - 6cbfae60-ea29-4abc-a49d-ef94f4bd513a@group-E964BE911FCC: changes role from  FOLLOWER to FOLLOWER at term 254 for recognizeCandidate:92ce6e48-4722-407a-9620-5998c6999257
2019-10-18 14:01:54,725 [grpc-default-executor-1] INFO  impl.RoleInfo (RoleInfo.java:shutdownFollowerState(121)) - 6cbfae60-ea29-4abc-a49d-ef94f4bd513a: shutdown FollowerState
2019-10-18 14:01:54,725 [grpc-default-executor-1] INFO  impl.RoleInfo (RoleInfo.java:updateAndGet(143)) - 6cbfae60-ea29-4abc-a49d-ef94f4bd513a: start FollowerState
2019-10-18 14:01:54,725 [Thread-1777] INFO  impl.FollowerState (FollowerState.java:run(117)) - 6cbfae60-ea29-4abc-a49d-ef94f4bd513a@group-E964BE911FCC-FollowerState was interrupted: java.lang.InterruptedException: sleep interrupted
2019-10-18 14:01:54,725 [grpc-default-executor-0] INFO  impl.RaftServerImpl (RaftServerImpl.java:setRole(184)) - 66f9d00c-1e97-4252-958c-bed5a531abda@group-E964BE911FCC: changes role from  FOLLOWER to FOLLOWER at term 254 for recognizeCandidate:92ce6e48-4722-407a-9620-5998c6999257
2019-10-18 14:01:54,726 [grpc-default-executor-0] INFO  impl.RoleInfo (RoleInfo.java:shutdownFollowerState(121)) - 66f9d00c-1e97-4252-958c-bed5a531abda: shutdown FollowerState
2019-10-18 14:01:54,726 [grpc-default-executor-0] INFO  impl.RoleInfo (RoleInfo.java:updateAndGet(143)) - 66f9d00c-1e97-4252-958c-bed5a531abda: start FollowerState
2019-10-18 14:01:54,726 [Thread-1776] INFO  impl.FollowerState (FollowerState.java:run(117)) - 66f9d00c-1e97-4252-958c-bed5a531abda@group-E964BE911FCC-FollowerState was interrupted: java.lang.InterruptedException: sleep interrupted
2019-10-18 14:01:54,730 [92ce6e48-4722-407a-9620-5998c6999257@group-E964BE911FCC-LeaderElection234] INFO  impl.LeaderElection (LeaderElection.java:logAndReturn(56)) - 92ce6e48-4722-407a-9620-5998c6999257@group-E964BE911FCC-LeaderElection234: Election TIMEOUT; received 0 response(s) [] and 0 exception(s); 92ce6e48-4722-407a-9620-5998c6999257@group-E964BE911FCC:t254, leader=null, voted=92ce6e48-4722-407a-9620-5998c6999257, raftlog=92ce6e48-4722-407a-9620-5998c6999257@group-E964BE911FCC-SegmentedRaftLog:OPENED:c-1,f-1,i0, conf=-1: [6cbfae60-ea29-4abc-a49d-ef94f4bd513a:192.168.69.85:36685, 66f9d00c-1e97-4252-958c-bed5a531abda:192.168.69.85:45996, 92ce6e48-4722-407a-9620-5998c6999257:192.168.69.85:34971], old=null
2019-10-18 14:01:54,752 [92ce6e48-4722-407a-9620-5998c6999257@group-E964BE911FCC-LeaderElection234] INFO  impl.LeaderElection (LeaderElection.java:askForVotes(178)) - 92ce6e48-4722-407a-9620-5998c6999257@group-E964BE911FCC-LeaderElection234: begin an election at term 255 for -1: [6cbfae60-ea29-4abc-a49d-ef94f4bd513a:192.168.69.85:36685, 66f9d00c-1e97-4252-958c-bed5a531abda:192.168.69.85:45996, 92ce6e48-4722-407a-9620-5998c6999257:192.168.69.85:34971], old=null
2019-10-18 14:01:54,754 [grpc-default-executor-1] INFO  impl.RaftServerImpl (RaftServerImpl.java:setRole(184)) - 6cbfae60-ea29-4abc-a49d-ef94f4bd513a@group-E964BE911FCC: changes role from  FOLLOWER to FOLLOWER at term 255 for recognizeCandidate:92ce6e48-4722-407a-9620-5998c6999257
2019-10-18 14:01:54,754 [grpc-default-executor-1] INFO  impl.RoleInfo (RoleInfo.java:shutdownFollowerState(121)) - 6cbfae60-ea29-4abc-a49d-ef94f4bd513a: shutdown FollowerState
2019-10-18 14:01:54,754 [grpc-default-executor-1] INFO  impl.RoleInfo (RoleInfo.java:updateAndGet(143)) - 6cbfae60-ea29-4abc-a49d-ef94f4bd513a: start FollowerState
2019-10-18 14:01:54,754 [Thread-1780] INFO  impl.FollowerState (FollowerState.java:run(117)) - 6cbfae60-ea29-4abc-a49d-ef94f4bd513a@group-E964BE911FCC-FollowerState was interrupted: java.lang.InterruptedException: sleep interrupted
2019-10-18 14:01:54,754 [grpc-default-executor-0] INFO  impl.RaftServerImpl (RaftServerImpl.java:setRole(184)) - 66f9d00c-1e97-4252-958c-bed5a531abda@group-E964BE911FCC: changes role from  FOLLOWER to FOLLOWER at term 255 for recognizeCandidate:92ce6e48-4722-407a-9620-5998c6999257
2019-10-18 14:01:54,755 [grpc-default-executor-0] INFO  impl.RoleInfo (RoleInfo.java:shutdownFollowerState(121)) - 66f9d00c-1e97-4252-958c-bed5a531abda: shutdown FollowerState
2019-10-18 14:01:54,755 [grpc-default-executor-0] INFO  impl.RoleInfo (RoleInfo.java:updateAndGet(143)) - 66f9d00c-1e97-4252-958c-bed5a531abda: start FollowerState
2019-10-18 14:01:54,755 [Thread-1781] INFO  impl.FollowerState (FollowerState.java:run(117)) - 66f9d00c-1e97-4252-958c-bed5a531abda@group-E964BE911FCC-FollowerState was interrupted: java.lang.InterruptedException: sleep interrupted
2019-10-18 14:01:54,772 [92ce6e48-4722-407a-9620-5998c6999257@group-E964BE911FCC-LeaderElection234] INFO  impl.LeaderElection (LeaderElection.java:logAndReturn(56)) - 92ce6e48-4722-407a-9620-5998c6999257@group-E964BE911FCC-LeaderElection234: Election REJECTED; received 2 response(s) [92ce6e48-4722-407a-9620-5998c6999257<-6cbfae60-ea29-4abc-a49d-ef94f4bd513a#0:FAIL-t255, 92ce6e48-4722-407a-9620-5998c6999257<-66f9d00c-1e97-4252-958c-bed5a531abda#0:FAIL-t255] and 0 exception(s); 92ce6e48-4722-407a-9620-5998c6999257@group-E964BE911FCC:t255, leader=null, voted=92ce6e48-4722-407a-9620-5998c6999257, raftlog=92ce6e48-4722-407a-9620-5998c6999257@group-E964BE911FCC-SegmentedRaftLog:OPENED:c-1,f-1,i0, conf=-1: [6cbfae60-ea29-4abc-a49d-ef94f4bd513a:192.168.69.85:36685, 66f9d00c-1e97-4252-958c-bed5a531abda:192.168.69.85:45996, 92ce6e48-4722-407a-9620-5998c6999257:192.168.69.85:34971], old=null
2019-10-18 14:01:54,772 [92ce6e48-4722-407a-9620-5998c6999257@group-E964BE911FCC-LeaderElection234] INFO  impl.RaftServerImpl (RaftServerImpl.java:setRole(184)) - 92ce6e48-4722-407a-9620-5998c6999257@group-E964BE911FCC: changes role from CANDIDATE to FOLLOWER at term 255 for DISCOVERED_A_NEW_TERM
2019-10-18 14:01:54,772 [92ce6e48-4722-407a-9620-5998c6999257@group-E964BE911FCC-LeaderElection234] INFO  impl.RoleInfo (RoleInfo.java:shutdownLeaderElection(134)) - 92ce6e48-4722-407a-9620-5998c6999257: shutdown LeaderElection
2019-10-18 14:01:54,772 [92ce6e48-4722-407a-9620-5998c6999257@group-E964BE911FCC-LeaderElection234] INFO  impl.RoleInfo (RoleInfo.java:updateAndGet(143)) - 92ce6e48-4722-407a-9620-5998c6999257: start FollowerState
2019-10-18 14:01:54,842 [Thread-1786] INFO  impl.FollowerState (FollowerState.java:run(108)) - 92ce6e48-4722-407a-9620-5998c6999257@group-E964BE911FCC-FollowerState: change to CANDIDATE, lastRpcTime:70ms, electionTimeout:70ms
2019-10-18 14:01:54,843 [Thread-1786] INFO  impl.RoleInfo (RoleInfo.java:shutdownFollowerState(121)) - 92ce6e48-4722-407a-9620-5998c6999257: shutdown FollowerState
2019-10-18 14:01:54,843 [Thread-1786] INFO  impl.RaftServerImpl (RaftServerImpl.java:setRole(184)) - 92ce6e48-4722-407a-9620-5998c6999257@group-E964BE911FCC: changes role from  FOLLOWER to CANDIDATE at term 255 for changeToCandidate
2019-10-18 14:01:54,843 [Thread-1786] INFO  impl.RoleInfo (RoleInfo.java:updateAndGet(143)) - 92ce6e48-4722-407a-9620-5998c6999257: start LeaderElection
2019-10-18 14:01:54,857 [92ce6e48-4722-407a-9620-5998c6999257@group-E964BE911FCC-LeaderElection235] INFO  impl.LeaderElection (LeaderElection.java:askForVotes(178)) - 92ce6e48-4722-407a-9620-5998c6999257@group-E964BE911FCC-LeaderElection235: begin an election at term 256 for -1: [6cbfae60-ea29-4abc-a49d-ef94f4bd513a:192.168.69.85:36685, 66f9d00c-1e97-4252-958c-bed5a531abda:192.168.69.85:45996, 92ce6e48-4722-407a-9620-5998c6999257:192.168.69.85:34971], old=null
2019-10-18 14:01:54,859 [grpc-default-executor-0] INFO  impl.RaftServerImpl (RaftServerImpl.java:setRole(184)) - 66f9d00c-1e97-4252-958c-bed5a531abda@group-E964BE911FCC: changes role from  FOLLOWER to FOLLOWER at term 256 for recognizeCandidate:92ce6e48-4722-407a-9620-5998c6999257
2019-10-18 14:01:54,859 [grpc-default-executor-0] INFO  impl.RoleInfo (RoleInfo.java:shutdownFollowerState(121)) - 66f9d00c-1e97-4252-958c-bed5a531abda: shutdown FollowerState
2019-10-18 14:01:54,859 [grpc-default-executor-1] INFO  impl.RaftServerImpl (RaftServerImpl.java:setRole(184)) - 6cbfae60-ea29-4abc-a49d-ef94f4bd513a@group-E964BE911FCC: changes role from  FOLLOWER to FOLLOWER at term 256 for recognizeCandidate:92ce6e48-4722-407a-9620-5998c6999257
2019-10-18 14:01:54,859 [Thread-1785] INFO  impl.FollowerState (FollowerState.java:run(117)) - 66f9d00c-1e97-4252-958c-bed5a531abda@group-E964BE911FCC-FollowerState was interrupted: java.lang.InterruptedException: sleep interrupted
2019-10-18 14:01:54,859 [grpc-default-executor-0] INFO  impl.RoleInfo (RoleInfo.java:updateAndGet(143)) - 66f9d00c-1e97-4252-958c-bed5a531abda: start FollowerState
2019-10-18 14:01:54,859 [grpc-default-executor-1] INFO  impl.RoleInfo (RoleInfo.java:shutdownFollowerState(121)) - 6cbfae60-ea29-4abc-a49d-ef94f4bd513a: shutdown FollowerState
2019-10-18 14:01:54,860 [grpc-default-executor-1] INFO  impl.RoleInfo (RoleInfo.java:updateAndGet(143)) - 6cbfae60-ea29-4abc-a49d-ef94f4bd513a: start FollowerState
2019-10-18 14:01:54,860 [Thread-1784] INFO  impl.FollowerState (FollowerState.java:run(117)) - 6cbfae60-ea29-4abc-a49d-ef94f4bd513a@group-E964BE911FCC-FollowerState was interrupted: java.lang.InterruptedException: sleep interrupted
2019-10-18 14:01:54,875 [92ce6e48-4722-407a-9620-5998c6999257@group-E964BE911FCC-LeaderElection235] INFO  impl.LeaderElection (LeaderElection.java:logAndReturn(56)) - 92ce6e48-4722-407a-9620-5998c6999257@group-E964BE911FCC-LeaderElection235: Election REJECTED; received 2 response(s) [92ce6e48-4722-407a-9620-5998c6999257<-6cbfae60-ea29-4abc-a49d-ef94f4bd513a#0:FAIL-t256, 92ce6e48-4722-407a-9620-5998c6999257<-66f9d00c-1e97-4252-958c-bed5a531abda#0:FAIL-t256] and 0 exception(s); 92ce6e48-4722-407a-9620-5998c6999257@group-E964BE911FCC:t256, leader=null, voted=92ce6e48-4722-407a-9620-5998c6999257, raftlog=92ce6e48-4722-407a-9620-5998c6999257@group-E964BE911FCC-SegmentedRaftLog:OPENED:c-1,f-1,i0, conf=-1: [6cbfae60-ea29-4abc-a49d-ef94f4bd513a:192.168.69.85:36685, 66f9d00c-1e97-4252-958c-bed5a531abda:192.168.69.85:45996, 92ce6e48-4722-407a-9620-5998c6999257:192.168.69.85:34971], old=null
2019-10-18 14:01:54,875 [92ce6e48-4722-407a-9620-5998c6999257@group-E964BE911FCC-LeaderElection235] INFO  impl.RaftServerImpl (RaftServerImpl.java:setRole(184)) - 92ce6e48-4722-407a-9620-5998c6999257@group-E964BE911FCC: changes role from CANDIDATE to FOLLOWER at term 256 for DISCOVERED_A_NEW_TERM
2019-10-18 14:01:54,875 [92ce6e48-4722-407a-9620-5998c6999257@group-E964BE911FCC-LeaderElection235] INFO  impl.RoleInfo (RoleInfo.java:shutdownLeaderElection(134)) - 92ce6e48-4722-407a-9620-5998c6999257: shutdown LeaderElection
2019-10-18 14:01:54,875 [92ce6e48-4722-407a-9620-5998c6999257@group-E964BE911FCC-LeaderElection235] INFO  impl.RoleInfo (RoleInfo.java:updateAndGet(143)) - 92ce6e48-4722-407a-9620-5998c6999257: start FollowerState
2019-10-18 14:01:54,986 [Thread-1792] INFO  impl.FollowerState (FollowerState.java:run(108)) - 92ce6e48-4722-407a-9620-5998c6999257@group-E964BE911FCC-FollowerState: change to CANDIDATE, lastRpcTime:110ms, electionTimeout:110ms
2019-10-18 14:01:54,986 [Thread-1792] INFO  impl.RoleInfo (RoleInfo.java:shutdownFollowerState(121)) - 92ce6e48-4722-407a-9620-5998c6999257: shutdown FollowerState
2019-10-18 14:01:54,986 [Thread-1792] INFO  impl.RaftServerImpl (RaftServerImpl.java:setRole(184)) - 92ce6e48-4722-407a-9620-5998c6999257@group-E964BE911FCC: changes role from  FOLLOWER to CANDIDATE at term 256 for changeToCandidate
2019-10-18 14:01:54,986 [Thread-1792] INFO  impl.RoleInfo (RoleInfo.java:updateAndGet(143)) - 92ce6e48-4722-407a-9620-5998c6999257: start LeaderElection
2019-10-18 14:01:55,001 [92ce6e48-4722-407a-9620-5998c6999257@group-E964BE911FCC-LeaderElection236] INFO  impl.LeaderElection (LeaderElection.java:askForVotes(178)) - 92ce6e48-4722-407a-9620-5998c6999257@group-E964BE911FCC-LeaderElection236: begin an election at term 257 for -1: [6cbfae60-ea29-4abc-a49d-ef94f4bd513a:192.168.69.85:36685, 66f9d00c-1e97-4252-958c-bed5a531abda:192.168.69.85:45996, 92ce6e48-4722-407a-9620-5998c6999257:192.168.69.85:34971], old=null
2019-10-18 14:01:55,003 [grpc-default-executor-1] INFO  impl.RaftServerImpl (RaftServerImpl.java:setRole(184)) - 66f9d00c-1e97-4252-958c-bed5a531abda@group-E964BE911FCC: changes role from  FOLLOWER to FOLLOWER at term 257 for recognizeCandidate:92ce6e48-4722-407a-9620-5998c6999257
2019-10-18 14:01:55,003 [grpc-default-executor-0] INFO  impl.RaftServerImpl (RaftServerImpl.java:setRole(184)) - 6cbfae60-ea29-4abc-a49d-ef94f4bd513a@group-E964BE911FCC: changes role from  FOLLOWER to FOLLOWER at term 257 for recognizeCandidate:92ce6e48-4722-407a-9620-5998c6999257
2019-10-18 14:01:55,003 [grpc-default-executor-1] INFO  impl.RoleInfo (RoleInfo.java:shutdownFollowerState(121)) - 66f9d00c-1e97-4252-958c-bed5a531abda: shutdown FollowerState
2019-10-18 14:01:55,004 [grpc-default-executor-0] INFO  impl.RoleInfo (RoleInfo.java:shutdownFollowerState(121)) - 6cbfae60-ea29-4abc-a49d-ef94f4bd513a: shutdown FollowerState
2019-10-18 14:01:55,004 [Thread-1790] INFO  impl.FollowerState (FollowerState.java:run(117)) - 66f9d00c-1e97-4252-958c-bed5a531abda@group-E964BE911FCC-FollowerState was interrupted: java.lang.InterruptedException: sleep interrupted
2019-10-18 14:01:55,004 [Thread-1791] INFO  impl.FollowerState (FollowerState.java:run(117)) - 6cbfae60-ea29-4abc-a49d-ef94f4bd513a@group-E964BE911FCC-FollowerState was interrupted: java.lang.InterruptedException: sleep interrupted
2019-10-18 14:01:55,004 [grpc-default-executor-1] INFO  impl.RoleInfo (RoleInfo.java:updateAndGet(143)) - 66f9d00c-1e97-4252-958c-bed5a531abda: start FollowerState
2019-10-18 14:01:55,004 [grpc-default-executor-0] INFO  impl.RoleInfo (RoleInfo.java:updateAndGet(143)) - 6cbfae60-ea29-4abc-a49d-ef94f4bd513a: start FollowerState
2019-10-18 14:01:55,031 [92ce6e48-4722-407a-9620-5998c6999257@group-E964BE911FCC-LeaderElection236] INFO  impl.LeaderElection (LeaderElection.java:logAndReturn(56)) - 92ce6e48-4722-407a-9620-5998c6999257@group-E964BE911FCC-LeaderElection236: Election REJECTED; received 2 response(s) [92ce6e48-4722-407a-9620-5998c6999257<-6cbfae60-ea29-4abc-a49d-ef94f4bd513a#0:FAIL-t257, 92ce6e48-4722-407a-9620-5998c6999257<-66f9d00c-1e97-4252-958c-bed5a531abda#0:FAIL-t257] and 0 exception(s); 92ce6e48-4722-407a-9620-5998c6999257@group-E964BE911FCC:t257, leader=null, voted=92ce6e48-4722-407a-9620-5998c6999257, raftlog=92ce6e48-4722-407a-9620-5998c6999257@group-E964BE911FCC-SegmentedRaftLog:OPENED:c-1,f-1,i0, conf=-1: [6cbfae60-ea29-4abc-a49d-ef94f4bd513a:192.168.69.85:36685, 66f9d00c-1e97-4252-958c-bed5a531abda:192.168.69.85:45996, 92ce6e48-4722-407a-9620-5998c6999257:192.168.69.85:34971], old=null
2019-10-18 14:01:55,031 [92ce6e48-4722-407a-9620-5998c6999257@group-E964BE911FCC-LeaderElection236] INFO  impl.RaftServerImpl (RaftServerImpl.java:setRole(184)) - 92ce6e48-4722-407a-9620-5998c6999257@group-E964BE911FCC: changes role from CANDIDATE to FOLLOWER at term 257 for DISCOVERED_A_NEW_TERM
2019-10-18 14:01:55,031 [92ce6e48-4722-407a-9620-5998c6999257@group-E964BE911FCC-LeaderElection236] INFO  impl.RoleInfo (RoleInfo.java:shutdownLeaderElection(134)) - 92ce6e48-4722-407a-9620-5998c6999257: shutdown LeaderElection
2019-10-18 14:01:55,031 [92ce6e48-4722-407a-9620-5998c6999257@group-E964BE911FCC-LeaderElection236] INFO  impl.RoleInfo (RoleInfo.java:updateAndGet(143)) - 92ce6e48-4722-407a-9620-5998c6999257: start FollowerState
2019-10-18 14:01:55,086 [Thread-1798] INFO  impl.FollowerState (FollowerState.java:run(108)) - 92ce6e48-4722-407a-9620-5998c6999257@group-E964BE911FCC-FollowerState: change to CANDIDATE, lastRpcTime:54ms, electionTimeout:54ms
2019-10-18 14:01:55,086 [Thread-1798] INFO  impl.RoleInfo (RoleInfo.java:shutdownFollowerState(121)) - 92ce6e48-4722-407a-9620-5998c6999257: shutdown FollowerState
2019-10-18 14:01:55,086 [Thread-1798] INFO  impl.RaftServerImpl (RaftServerImpl.java:setRole(184)) - 92ce6e48-4722-407a-9620-5998c6999257@group-E964BE911FCC: changes role from  FOLLOWER to CANDIDATE at term 257 for changeToCandidate
2019-10-18 14:01:55,086 [Thread-1798] INFO  impl.RoleInfo (RoleInfo.java:updateAndGet(143)) - 92ce6e48-4722-407a-9620-5998c6999257: start LeaderElection
2019-10-18 14:01:55,112 [92ce6e48-4722-407a-9620-5998c6999257@group-E964BE911FCC-LeaderElection237] INFO  impl.LeaderElection (LeaderElection.java:askForVotes(178)) - 92ce6e48-4722-407a-9620-5998c6999257@group-E964BE911FCC-LeaderElection237: begin an election at term 258 for -1: [6cbfae60-ea29-4abc-a49d-ef94f4bd513a:192.168.69.85:36685, 66f9d00c-1e97-4252-958c-bed5a531abda:192.168.69.85:45996, 92ce6e48-4722-407a-9620-5998c6999257:192.168.69.85:34971], old=null
2019-10-18 14:01:55,114 [grpc-default-executor-1] INFO  impl.RaftServerImpl (RaftServerImpl.java:setRole(184)) - 66f9d00c-1e97-4252-958c-bed5a531abda@group-E964BE911FCC: changes role from  FOLLOWER to FOLLOWER at term 258 for recognizeCandidate:92ce6e48-4722-407a-9620-5998c6999257
2019-10-18 14:01:55,114 [grpc-default-executor-1] INFO  impl.RoleInfo (RoleInfo.java:shutdownFollowerState(121)) - 66f9d00c-1e97-4252-958c-bed5a531abda: shutdown FollowerState
2019-10-18 14:01:55,114 [grpc-default-executor-0] INFO  impl.RaftServerImpl (RaftServerImpl.java:setRole(184)) - 6cbfae60-ea29-4abc-a49d-ef94f4bd513a@group-E964BE911FCC: changes role from  FOLLOWER to FOLLOWER at term 258 for recognizeCandidate:92ce6e48-4722-407a-9620-5998c6999257
2019-10-18 14:01:55,115 [grpc-default-executor-0] INFO  impl.RoleInfo (RoleInfo.java:shutdownFollowerState(121)) - 6cbfae60-ea29-4abc-a49d-ef94f4bd513a: shutdown FollowerState
2019-10-18 14:01:55,115 [grpc-default-executor-1] INFO  impl.RoleInfo (RoleInfo.java:updateAndGet(143)) - 66f9d00c-1e97-4252-958c-bed5a531abda: start FollowerState
2019-10-18 14:01:55,115 [Thread-1796] INFO  impl.FollowerState (FollowerState.java:run(117)) - 66f9d00c-1e97-4252-958c-bed5a531abda@group-E964BE911FCC-FollowerState was interrupted: java.lang.InterruptedException: sleep interrupted
2019-10-18 14:01:55,115 [Thread-1797] INFO  impl.FollowerState (FollowerState.java:run(117)) - 6cbfae60-ea29-4abc-a49d-ef94f4bd513a@group-E964BE911FCC-FollowerState was interrupted: java.lang.InterruptedException: sleep interrupted
2019-10-18 14:01:55,115 [grpc-default-executor-0] INFO  impl.RoleInfo (RoleInfo.java:updateAndGet(143)) - 6cbfae60-ea29-4abc-a49d-ef94f4bd513a: start FollowerState
2019-10-18 14:01:55,141 [92ce6e48-4722-407a-9620-5998c6999257@group-E964BE911FCC-LeaderElection237] INFO  impl.LeaderElection (LeaderElection.java:logAndReturn(56)) - 92ce6e48-4722-407a-9620-5998c6999257@group-E964BE911FCC-LeaderElection237: Election REJECTED; received 2 response(s) [92ce6e48-4722-407a-9620-5998c6999257<-6cbfae60-ea29-4abc-a49d-ef94f4bd513a#0:FAIL-t258, 92ce6e48-4722-407a-9620-5998c6999257<-66f9d00c-1e97-4252-958c-bed5a531abda#0:FAIL-t258] and 0 exception(s); 92ce6e48-4722-407a-9620-5998c6999257@group-E964BE911FCC:t258, leader=null, voted=92ce6e48-4722-407a-9620-5998c6999257, raftlog=92ce6e48-4722-407a-9620-5998c6999257@group-E964BE911FCC-SegmentedRaftLog:OPENED:c-1,f-1,i0, conf=-1: [6cbfae60-ea29-4abc-a49d-ef94f4bd513a:192.168.69.85:36685, 66f9d00c-1e97-4252-958c-bed5a531abda:192.168.69.85:45996, 92ce6e48-4722-407a-9620-5998c6999257:192.168.69.85:34971], old=null
2019-10-18 14:01:55,141 [92ce6e48-4722-407a-9620-5998c6999257@group-E964BE911FCC-LeaderElection237] INFO  impl.RaftServerImpl (RaftServerImpl.java:setRole(184)) - 92ce6e48-4722-407a-9620-5998c6999257@group-E964BE911FCC: changes role from CANDIDATE to FOLLOWER at term 258 for DISCOVERED_A_NEW_TERM
2019-10-18 14:01:55,142 [92ce6e48-4722-407a-9620-5998c6999257@group-E964BE911FCC-LeaderElection237] INFO  impl.RoleInfo (RoleInfo.java:shutdownLeaderElection(134)) - 92ce6e48-4722-407a-9620-5998c6999257: shutdown LeaderElection
2019-10-18 14:01:55,142 [92ce6e48-4722-407a-9620-5998c6999257@group-E964BE911FCC-LeaderElection237] INFO  impl.RoleInfo (RoleInfo.java:updateAndGet(143)) - 92ce6e48-4722-407a-9620-5998c6999257: start FollowerState
2019-10-18 14:01:55,268 [Thread-1804] INFO  impl.FollowerState (FollowerState.java:run(108)) - 92ce6e48-4722-407a-9620-5998c6999257@group-E964BE911FCC-FollowerState: change to CANDIDATE, lastRpcTime:126ms, electionTimeout:126ms
2019-10-18 14:01:55,268 [Thread-1804] INFO  impl.RoleInfo (RoleInfo.java:shutdownFollowerState(121)) - 92ce6e48-4722-407a-9620-5998c6999257: shutdown FollowerState
2019-10-18 14:01:55,268 [Thread-1804] INFO  impl.RaftServerImpl (RaftServerImpl.java:setRole(184)) - 92ce6e48-4722-407a-9620-5998c6999257@group-E964BE911FCC: changes role from  FOLLOWER to CANDIDATE at term 258 for changeToCandidate
2019-10-18 14:01:55,268 [Thread-1804] INFO  impl.RoleInfo (RoleInfo.java:updateAndGet(143)) - 92ce6e48-4722-407a-9620-5998c6999257: start LeaderElection
2019-10-18 14:01:55,281 [92ce6e48-4722-407a-9620-5998c6999257@group-E964BE911FCC-LeaderElection238] INFO  impl.LeaderElection (LeaderElection.java:askForVotes(178)) - 92ce6e48-4722-407a-9620-5998c6999257@group-E964BE911FCC-LeaderElection238: begin an election at term 259 for -1: [6cbfae60-ea29-4abc-a49d-ef94f4bd513a:192.168.69.85:36685, 66f9d00c-1e97-4252-958c-bed5a531abda:192.168.69.85:45996, 92ce6e48-4722-407a-9620-5998c6999257:192.168.69.85:34971], old=null
2019-10-18 14:01:55,288 [grpc-default-executor-0] INFO  impl.RaftServerImpl (RaftServerImpl.java:setRole(184)) - 6cbfae60-ea29-4abc-a49d-ef94f4bd513a@group-E964BE911FCC: changes role from  FOLLOWER to FOLLOWER at term 259 for recognizeCandidate:92ce6e48-4722-407a-9620-5998c6999257
2019-10-18 14:01:55,289 [grpc-default-executor-0] INFO  impl.RoleInfo (RoleInfo.java:shutdownFollowerState(121)) - 6cbfae60-ea29-4abc-a49d-ef94f4bd513a: shutdown FollowerState
2019-10-18 14:01:55,288 [grpc-default-executor-1] INFO  impl.RaftServerImpl (RaftServerImpl.java:setRole(184)) - 66f9d00c-1e97-4252-958c-bed5a531abda@group-E964BE911FCC: changes role from  FOLLOWER to FOLLOWER at term 259 for recognizeCandidate:92ce6e48-4722-407a-9620-5998c6999257
2019-10-18 14:01:55,289 [Thread-1803] INFO  impl.FollowerState (FollowerState.java:run(117)) - 6cbfae60-ea29-4abc-a49d-ef94f4bd513a@group-E964BE911FCC-FollowerState was interrupted: java.lang.InterruptedException: sleep interrupted
2019-10-18 14:01:55,289 [grpc-default-executor-0] INFO  impl.RoleInfo (RoleInfo.java:updateAndGet(143)) - 6cbfae60-ea29-4abc-a49d-ef94f4bd513a: start FollowerState
2019-10-18 14:01:55,289 [grpc-default-executor-1] INFO  impl.RoleInfo (RoleInfo.java:shutdownFollowerState(121)) - 66f9d00c-1e97-4252-958c-bed5a531abda: shutdown FollowerState
2019-10-18 14:01:55,289 [grpc-default-executor-1] INFO  impl.RoleInfo (RoleInfo.java:updateAndGet(143)) - 66f9d00c-1e97-4252-958c-bed5a531abda: start FollowerState
2019-10-18 14:01:55,289 [Thread-1802] INFO  impl.FollowerState (FollowerState.java:run(117)) - 66f9d00c-1e97-4252-958c-bed5a531abda@group-E964BE911FCC-FollowerState was interrupted: java.lang.InterruptedException: sleep interrupted
2019-10-18 14:01:55,299 [92ce6e48-4722-407a-9620-5998c6999257@group-E964BE911FCC-LeaderElection238] INFO  impl.LeaderElection (LeaderElection.java:logAndReturn(56)) - 92ce6e48-4722-407a-9620-5998c6999257@group-E964BE911FCC-LeaderElection238: Election REJECTED; received 2 response(s) [92ce6e48-4722-407a-9620-5998c6999257<-6cbfae60-ea29-4abc-a49d-ef94f4bd513a#0:FAIL-t259, 92ce6e48-4722-407a-9620-5998c6999257<-66f9d00c-1e97-4252-958c-bed5a531abda#0:FAIL-t259] and 0 exception(s); 92ce6e48-4722-407a-9620-5998c6999257@group-E964BE911FCC:t259, leader=null, voted=92ce6e48-4722-407a-9620-5998c6999257, raftlog=92ce6e48-4722-407a-9620-5998c6999257@group-E964BE911FCC-SegmentedRaftLog:OPENED:c-1,f-1,i0, conf=-1: [6cbfae60-ea29-4abc-a49d-ef94f4bd513a:192.168.69.85:36685, 66f9d00c-1e97-4252-958c-bed5a531abda:192.168.69.85:45996, 92ce6e48-4722-407a-9620-5998c6999257:192.168.69.85:34971], old=null
2019-10-18 14:01:55,299 [92ce6e48-4722-407a-9620-5998c6999257@group-E964BE911FCC-LeaderElection238] INFO  impl.RaftServerImpl (RaftServerImpl.java:setRole(184)) - 92ce6e48-4722-407a-9620-5998c6999257@group-E964BE911FCC: changes role from CANDIDATE to FOLLOWER at term 259 for DISCOVERED_A_NEW_TERM
2019-10-18 14:01:55,299 [92ce6e48-4722-407a-9620-5998c6999257@group-E964BE911FCC-LeaderElection238] INFO  impl.RoleInfo (RoleInfo.java:shutdownLeaderElection(134)) - 92ce6e48-4722-407a-9620-5998c6999257: shutdown LeaderElection
2019-10-18 14:01:55,300 [92ce6e48-4722-407a-9620-5998c6999257@group-E964BE911FCC-LeaderElection238] INFO  impl.RoleInfo (RoleInfo.java:updateAndGet(143)) - 92ce6e48-4722-407a-9620-5998c6999257: start FollowerState
2019-10-18 14:01:55,392 [Thread-1811] INFO  impl.FollowerState (FollowerState.java:run(108)) - 92ce6e48-4722-407a-9620-5998c6999257@group-E964BE911FCC-FollowerState: change to CANDIDATE, lastRpcTime:92ms, electionTimeout:92ms
2019-10-18 14:01:55,392 [Thread-1811] INFO  impl.RoleInfo (RoleInfo.java:shutdownFollowerState(121)) - 92ce6e48-4722-407a-9620-5998c6999257: shutdown FollowerState
2019-10-18 14:01:55,392 [Thread-1811] INFO  impl.RaftServerImpl (RaftServerImpl.java:setRole(184)) - 92ce6e48-4722-407a-9620-5998c6999257@group-E964BE911FCC: changes role from  FOLLOWER to CANDIDATE at term 259 for changeToCandidate
2019-10-18 14:01:55,393 [Thread-1811] INFO  impl.RoleInfo (RoleInfo.java:updateAndGet(143)) - 92ce6e48-4722-407a-9620-5998c6999257: start LeaderElection
2019-10-18 14:01:55,407 [92ce6e48-4722-407a-9620-5998c6999257@group-E964BE911FCC-LeaderElection239] INFO  impl.LeaderElection (LeaderElection.java:askForVotes(178)) - 92ce6e48-4722-407a-9620-5998c6999257@group-E964BE911FCC-LeaderElection239: begin an election at term 260 for -1: [6cbfae60-ea29-4abc-a49d-ef94f4bd513a:192.168.69.85:36685, 66f9d00c-1e97-4252-958c-bed5a531abda:192.168.69.85:45996, 92ce6e48-4722-407a-9620-5998c6999257:192.168.69.85:34971], old=null
2019-10-18 14:01:55,408 [92ce6e48-4722-407a-9620-5998c6999257@group-E964BE911FCC-LeaderElection239] INFO  impl.LeaderElection (LeaderElection.java:logAndReturn(56)) - 92ce6e48-4722-407a-9620-5998c6999257@group-E964BE911FCC-LeaderElection239: Election TIMEOUT; received 0 response(s) [] and 0 exception(s); 92ce6e48-4722-407a-9620-5998c6999257@group-E964BE911FCC:t260, leader=null, voted=92ce6e48-4722-407a-9620-5998c6999257, raftlog=92ce6e48-4722-407a-9620-5998c6999257@group-E964BE911FCC-SegmentedRaftLog:OPENED:c-1,f-1,i0, conf=-1: [6cbfae60-ea29-4abc-a49d-ef94f4bd513a:192.168.69.85:36685, 66f9d00c-1e97-4252-958c-bed5a531abda:192.168.69.85:45996, 92ce6e48-4722-407a-9620-5998c6999257:192.168.69.85:34971], old=null
2019-10-18 14:01:55,410 [grpc-default-executor-1] INFO  impl.RaftServerImpl (RaftServerImpl.java:setRole(184)) - 6cbfae60-ea29-4abc-a49d-ef94f4bd513a@group-E964BE911FCC: changes role from  FOLLOWER to FOLLOWER at term 260 for recognizeCandidate:92ce6e48-4722-407a-9620-5998c6999257
2019-10-18 14:01:55,410 [grpc-default-executor-0] INFO  impl.RaftServerImpl (RaftServerImpl.java:setRole(184)) - 66f9d00c-1e97-4252-958c-bed5a531abda@group-E964BE911FCC: changes role from  FOLLOWER to FOLLOWER at term 260 for recognizeCandidate:92ce6e48-4722-407a-9620-5998c6999257
2019-10-18 14:01:55,410 [grpc-default-executor-1] INFO  impl.RoleInfo (RoleInfo.java:shutdownFollowerState(121)) - 6cbfae60-ea29-4abc-a49d-ef94f4bd513a: shutdown FollowerState
2019-10-18 14:01:55,410 [grpc-default-executor-0] INFO  impl.RoleInfo (RoleInfo.java:shutdownFollowerState(121)) - 66f9d00c-1e97-4252-958c-bed5a531abda: shutdown FollowerState
2019-10-18 14:01:55,410 [grpc-default-executor-1] INFO  impl.RoleInfo (RoleInfo.java:updateAndGet(143)) - 6cbfae60-ea29-4abc-a49d-ef94f4bd513a: start FollowerState
2019-10-18 14:01:55,410 [Thread-1809] INFO  impl.FollowerState (FollowerState.java:run(117)) - 66f9d00c-1e97-4252-958c-bed5a531abda@group-E964BE911FCC-FollowerState was interrupted: java.lang.InterruptedException: sleep interrupted
2019-10-18 14:01:55,410 [grpc-default-executor-0] INFO  impl.RoleInfo (RoleInfo.java:updateAndGet(143)) - 66f9d00c-1e97-4252-958c-bed5a531abda: start FollowerState
2019-10-18 14:01:55,410 [Thread-1808] INFO  impl.FollowerState (FollowerState.java:run(117)) - 6cbfae60-ea29-4abc-a49d-ef94f4bd513a@group-E964BE911FCC-FollowerState was interrupted: java.lang.InterruptedException: sleep interrupted
2019-10-18 14:01:55,421 [92ce6e48-4722-407a-9620-5998c6999257@group-E964BE911FCC-LeaderElection239] INFO  impl.LeaderElection (LeaderElection.java:askForVotes(178)) - 92ce6e48-4722-407a-9620-5998c6999257@group-E964BE911FCC-LeaderElection239: begin an election at term 261 for -1: [6cbfae60-ea29-4abc-a49d-ef94f4bd513a:192.168.69.85:36685, 66f9d00c-1e97-4252-958c-bed5a531abda:192.168.69.85:45996, 92ce6e48-4722-407a-9620-5998c6999257:192.168.69.85:34971], old=null
2019-10-18 14:01:55,423 [grpc-default-executor-0] INFO  impl.RaftServerImpl (RaftServerImpl.java:setRole(184)) - 6cbfae60-ea29-4abc-a49d-ef94f4bd513a@group-E964BE911FCC: changes role from  FOLLOWER to FOLLOWER at term 261 for recognizeCandidate:92ce6e48-4722-407a-9620-5998c6999257
2019-10-18 14:01:55,423 [grpc-default-executor-1] INFO  impl.RaftServerImpl (RaftServerImpl.java:setRole(184)) - 66f9d00c-1e97-4252-958c-bed5a531abda@group-E964BE911FCC: changes role from  FOLLOWER to FOLLOWER at term 261 for recognizeCandidate:92ce6e48-4722-407a-9620-5998c6999257
2019-10-18 14:01:55,423 [grpc-default-executor-0] INFO  impl.RoleInfo (RoleInfo.java:shutdownFollowerState(121)) - 6cbfae60-ea29-4abc-a49d-ef94f4bd513a: shutdown FollowerState
2019-10-18 14:01:55,423 [grpc-default-executor-1] INFO  impl.RoleInfo (RoleInfo.java:shutdownFollowerState(121)) - 66f9d00c-1e97-4252-958c-bed5a531abda: shutdown FollowerState
2019-10-18 14:01:55,423 [Thread-1816] INFO  impl.FollowerState (FollowerState.java:run(117)) - 6cbfae60-ea29-4abc-a49d-ef94f4bd513a@group-E964BE911FCC-FollowerState was interrupted: java.lang.InterruptedException: sleep interrupted
2019-10-18 14:01:55,423 [grpc-default-executor-0] INFO  impl.RoleInfo (RoleInfo.java:updateAndGet(143)) - 6cbfae60-ea29-4abc-a49d-ef94f4bd513a: start FollowerState
2019-10-18 14:01:55,423 [Thread-1817] INFO  impl.FollowerState (FollowerState.java:run(117)) - 66f9d00c-1e97-4252-958c-bed5a531abda@group-E964BE911FCC-FollowerState was interrupted: java.lang.InterruptedException: sleep interrupted
2019-10-18 14:01:55,423 [grpc-default-executor-1] INFO  impl.RoleInfo (RoleInfo.java:updateAndGet(143)) - 66f9d00c-1e97-4252-958c-bed5a531abda: start FollowerState
2019-10-18 14:01:55,437 [92ce6e48-4722-407a-9620-5998c6999257@group-E964BE911FCC-LeaderElection239] INFO  impl.LeaderElection (LeaderElection.java:logAndReturn(56)) - 92ce6e48-4722-407a-9620-5998c6999257@group-E964BE911FCC-LeaderElection239: Election REJECTED; received 2 response(s) [92ce6e48-4722-407a-9620-5998c6999257<-6cbfae60-ea29-4abc-a49d-ef94f4bd513a#0:FAIL-t261, 92ce6e48-4722-407a-9620-5998c6999257<-66f9d00c-1e97-4252-958c-bed5a531abda#0:FAIL-t261] and 0 exception(s); 92ce6e48-4722-407a-9620-5998c6999257@group-E964BE911FCC:t261, leader=null, voted=92ce6e48-4722-407a-9620-5998c6999257, raftlog=92ce6e48-4722-407a-9620-5998c6999257@group-E964BE911FCC-SegmentedRaftLog:OPENED:c-1,f-1,i0, conf=-1: [6cbfae60-ea29-4abc-a49d-ef94f4bd513a:192.168.69.85:36685, 66f9d00c-1e97-4252-958c-bed5a531abda:192.168.69.85:45996, 92ce6e48-4722-407a-9620-5998c6999257:192.168.69.85:34971], old=null
2019-10-18 14:01:55,437 [92ce6e48-4722-407a-9620-5998c6999257@group-E964BE911FCC-LeaderElection239] INFO  impl.RaftServerImpl (RaftServerImpl.java:setRole(184)) - 92ce6e48-4722-407a-9620-5998c6999257@group-E964BE911FCC: changes role from CANDIDATE to FOLLOWER at term 261 for DISCOVERED_A_NEW_TERM
2019-10-18 14:01:55,437 [92ce6e48-4722-407a-9620-5998c6999257@group-E964BE911FCC-LeaderElection239] INFO  impl.RoleInfo (RoleInfo.java:shutdownLeaderElection(134)) - 92ce6e48-4722-407a-9620-5998c6999257: shutdown LeaderElection
2019-10-18 14:01:55,437 [92ce6e48-4722-407a-9620-5998c6999257@group-E964BE911FCC-LeaderElection239] INFO  impl.RoleInfo (RoleInfo.java:updateAndGet(143)) - 92ce6e48-4722-407a-9620-5998c6999257: start FollowerState
2019-10-18 14:01:55,524 [Thread-1822] INFO  impl.FollowerState (FollowerState.java:run(108)) - 92ce6e48-4722-407a-9620-5998c6999257@group-E964BE911FCC-FollowerState: change to CANDIDATE, lastRpcTime:87ms, electionTimeout:87ms
2019-10-18 14:01:55,525 [Thread-1822] INFO  impl.RoleInfo (RoleInfo.java:shutdownFollowerState(121)) - 92ce6e48-4722-407a-9620-5998c6999257: shutdown FollowerState
2019-10-18 14:01:55,525 [Thread-1822] INFO  impl.RaftServerImpl (RaftServerImpl.java:setRole(184)) - 92ce6e48-4722-407a-9620-5998c6999257@group-E964BE911FCC: changes role from  FOLLOWER to CANDIDATE at term 261 for changeToCandidate
2019-10-18 14:01:55,525 [Thread-1822] INFO  impl.RoleInfo (RoleInfo.java:updateAndGet(143)) - 92ce6e48-4722-407a-9620-5998c6999257: start LeaderElection
2019-10-18 14:01:55,540 [92ce6e48-4722-407a-9620-5998c6999257@group-E964BE911FCC-LeaderElection240] INFO  impl.LeaderElection (LeaderElection.java:askForVotes(178)) - 92ce6e48-4722-407a-9620-5998c6999257@group-E964BE911FCC-LeaderElection240: begin an election at term 262 for -1: [6cbfae60-ea29-4abc-a49d-ef94f4bd513a:192.168.69.85:36685, 66f9d00c-1e97-4252-958c-bed5a531abda:192.168.69.85:45996, 92ce6e48-4722-407a-9620-5998c6999257:192.168.69.85:34971], old=null
2019-10-18 14:01:55,543 [grpc-default-executor-0] INFO  impl.RaftServerImpl (RaftServerImpl.java:setRole(184)) - 66f9d00c-1e97-4252-958c-bed5a531abda@group-E964BE911FCC: changes role from  FOLLOWER to FOLLOWER at term 262 for recognizeCandidate:92ce6e48-4722-407a-9620-5998c6999257
2019-10-18 14:01:55,543 [grpc-default-executor-0] INFO  impl.RoleInfo (RoleInfo.java:shutdownFollowerState(121)) - 66f9d00c-1e97-4252-958c-bed5a531abda: shutdown FollowerState
2019-10-18 14:01:55,543 [grpc-default-executor-1] INFO  impl.RaftServerImpl (RaftServerImpl.java:setRole(184)) - 6cbfae60-ea29-4abc-a49d-ef94f4bd513a@group-E964BE911FCC: changes role from  FOLLOWER to FOLLOWER at term 262 for recognizeCandidate:92ce6e48-4722-407a-9620-5998c6999257
2019-10-18 14:01:55,543 [Thread-1821] INFO  impl.FollowerState (FollowerState.java:run(117)) - 66f9d00c-1e97-4252-958c-bed5a531abda@group-E964BE911FCC-FollowerState was interrupted: java.lang.InterruptedException: sleep interrupted
2019-10-18 14:01:55,543 [grpc-default-executor-0] INFO  impl.RoleInfo (RoleInfo.java:updateAndGet(143)) - 66f9d00c-1e97-4252-958c-bed5a531abda: start FollowerState
2019-10-18 14:01:55,543 [grpc-default-executor-1] INFO  impl.RoleInfo (RoleInfo.java:shutdownFollowerState(121)) - 6cbfae60-ea29-4abc-a49d-ef94f4bd513a: shutdown FollowerState
2019-10-18 14:01:55,543 [grpc-default-executor-1] INFO  impl.RoleInfo (RoleInfo.java:updateAndGet(143)) - 6cbfae60-ea29-4abc-a49d-ef94f4bd513a: start FollowerState
2019-10-18 14:01:55,543 [Thread-1820] INFO  impl.FollowerState (FollowerState.java:run(117)) - 6cbfae60-ea29-4abc-a49d-ef94f4bd513a@group-E964BE911FCC-FollowerState was interrupted: java.lang.InterruptedException: sleep interrupted
2019-10-18 14:01:55,555 [92ce6e48-4722-407a-9620-5998c6999257@group-E964BE911FCC-LeaderElection240] INFO  impl.LeaderElection (LeaderElection.java:logAndReturn(56)) - 92ce6e48-4722-407a-9620-5998c6999257@group-E964BE911FCC-LeaderElection240: Election REJECTED; received 2 response(s) [92ce6e48-4722-407a-9620-5998c6999257<-6cbfae60-ea29-4abc-a49d-ef94f4bd513a#0:FAIL-t262, 92ce6e48-4722-407a-9620-5998c6999257<-66f9d00c-1e97-4252-958c-bed5a531abda#0:FAIL-t262] and 0 exception(s); 92ce6e48-4722-407a-9620-5998c6999257@group-E964BE911FCC:t262, leader=null, voted=92ce6e48-4722-407a-9620-5998c6999257, raftlog=92ce6e48-4722-407a-9620-5998c6999257@group-E964BE911FCC-SegmentedRaftLog:OPENED:c-1,f-1,i0, conf=-1: [6cbfae60-ea29-4abc-a49d-ef94f4bd513a:192.168.69.85:36685, 66f9d00c-1e97-4252-958c-bed5a531abda:192.168.69.85:45996, 92ce6e48-4722-407a-9620-5998c6999257:192.168.69.85:34971], old=null
2019-10-18 14:01:55,555 [92ce6e48-4722-407a-9620-5998c6999257@group-E964BE911FCC-LeaderElection240] INFO  impl.RaftServerImpl (RaftServerImpl.java:setRole(184)) - 92ce6e48-4722-407a-9620-5998c6999257@group-E964BE911FCC: changes role from CANDIDATE to FOLLOWER at term 262 for DISCOVERED_A_NEW_TERM
2019-10-18 14:01:55,555 [92ce6e48-4722-407a-9620-5998c6999257@group-E964BE911FCC-LeaderElection240] INFO  impl.RoleInfo (RoleInfo.java:shutdownLeaderElection(134)) - 92ce6e48-4722-407a-9620-5998c6999257: shutdown LeaderElection
2019-10-18 14:01:55,555 [92ce6e48-4722-407a-9620-5998c6999257@group-E964BE911FCC-LeaderElection240] INFO  impl.RoleInfo (RoleInfo.java:updateAndGet(143)) - 92ce6e48-4722-407a-9620-5998c6999257: start FollowerState
2019-10-18 14:01:55,737 [Thread-1828] INFO  impl.FollowerState (FollowerState.java:run(108)) - 92ce6e48-4722-407a-9620-5998c6999257@group-E964BE911FCC-FollowerState: change to CANDIDATE, lastRpcTime:181ms, electionTimeout:181ms
2019-10-18 14:01:55,737 [Thread-1828] INFO  impl.RoleInfo (RoleInfo.java:shutdownFollowerState(121)) - 92ce6e48-4722-407a-9620-5998c6999257: shutdown FollowerState
2019-10-18 14:01:55,737 [Thread-1828] INFO  impl.RaftServerImpl (RaftServerImpl.java:setRole(184)) - 92ce6e48-4722-407a-9620-5998c6999257@group-E964BE911FCC: changes role from  FOLLOWER to CANDIDATE at term 262 for changeToCandidate
2019-10-18 14:01:55,737 [Thread-1828] INFO  impl.RoleInfo (RoleInfo.java:updateAndGet(143)) - 92ce6e48-4722-407a-9620-5998c6999257: start LeaderElection
2019-10-18 14:01:55,751 [92ce6e48-4722-407a-9620-5998c6999257@group-E964BE911FCC-LeaderElection241] INFO  impl.LeaderElection (LeaderElection.java:askForVotes(178)) - 92ce6e48-4722-407a-9620-5998c6999257@group-E964BE911FCC-LeaderElection241: begin an election at term 263 for -1: [6cbfae60-ea29-4abc-a49d-ef94f4bd513a:192.168.69.85:36685, 66f9d00c-1e97-4252-958c-bed5a531abda:192.168.69.85:45996, 92ce6e48-4722-407a-9620-5998c6999257:192.168.69.85:34971], old=null
2019-10-18 14:01:55,754 [grpc-default-executor-1] INFO  impl.RaftServerImpl (RaftServerImpl.java:setRole(184)) - 6cbfae60-ea29-4abc-a49d-ef94f4bd513a@group-E964BE911FCC: changes role from  FOLLOWER to FOLLOWER at term 263 for recognizeCandidate:92ce6e48-4722-407a-9620-5998c6999257
2019-10-18 14:01:55,754 [grpc-default-executor-1] INFO  impl.RoleInfo (RoleInfo.java:shutdownFollowerState(121)) - 6cbfae60-ea29-4abc-a49d-ef94f4bd513a: shutdown FollowerState
2019-10-18 14:01:55,754 [grpc-default-executor-1] INFO  impl.RoleInfo (RoleInfo.java:updateAndGet(143)) - 6cbfae60-ea29-4abc-a49d-ef94f4bd513a: start FollowerState
2019-10-18 14:01:55,754 [Thread-1827] INFO  impl.FollowerState (FollowerState.java:run(117)) - 6cbfae60-ea29-4abc-a49d-ef94f4bd513a@group-E964BE911FCC-FollowerState was interrupted: java.lang.InterruptedException: sleep interrupted
2019-10-18 14:01:55,754 [grpc-default-executor-0] INFO  impl.RaftServerImpl (RaftServerImpl.java:setRole(184)) - 66f9d00c-1e97-4252-958c-bed5a531abda@group-E964BE911FCC: changes role from  FOLLOWER to FOLLOWER at term 263 for recognizeCandidate:92ce6e48-4722-407a-9620-5998c6999257
2019-10-18 14:01:55,755 [grpc-default-executor-0] INFO  impl.RoleInfo (RoleInfo.java:shutdownFollowerState(121)) - 66f9d00c-1e97-4252-958c-bed5a531abda: shutdown FollowerState
2019-10-18 14:01:55,755 [grpc-default-executor-0] INFO  impl.RoleInfo (RoleInfo.java:updateAndGet(143)) - 66f9d00c-1e97-4252-958c-bed5a531abda: start FollowerState
2019-10-18 14:01:55,755 [Thread-1826] INFO  impl.FollowerState (FollowerState.java:run(117)) - 66f9d00c-1e97-4252-958c-bed5a531abda@group-E964BE911FCC-FollowerState was interrupted: java.lang.InterruptedException: sleep interrupted
2019-10-18 14:01:55,780 [92ce6e48-4722-407a-9620-5998c6999257@group-E964BE911FCC-LeaderElection241] INFO  impl.LeaderElection (LeaderElection.java:logAndReturn(56)) - 92ce6e48-4722-407a-9620-5998c6999257@group-E964BE911FCC-LeaderElection241: Election REJECTED; received 2 response(s) [92ce6e48-4722-407a-9620-5998c6999257<-6cbfae60-ea29-4abc-a49d-ef94f4bd513a#0:FAIL-t263, 92ce6e48-4722-407a-9620-5998c6999257<-66f9d00c-1e97-4252-958c-bed5a531abda#0:FAIL-t263] and 0 exception(s); 92ce6e48-4722-407a-9620-5998c6999257@group-E964BE911FCC:t263, leader=null, voted=92ce6e48-4722-407a-9620-5998c6999257, raftlog=92ce6e48-4722-407a-9620-5998c6999257@group-E964BE911FCC-SegmentedRaftLog:OPENED:c-1,f-1,i0, conf=-1: [6cbfae60-ea29-4abc-a49d-ef94f4bd513a:192.168.69.85:36685, 66f9d00c-1e97-4252-958c-bed5a531abda:192.168.69.85:45996, 92ce6e48-4722-407a-9620-5998c6999257:192.168.69.85:34971], old=null
2019-10-18 14:01:55,781 [92ce6e48-4722-407a-9620-5998c6999257@group-E964BE911FCC-LeaderElection241] INFO  impl.RaftServerImpl (RaftServerImpl.java:setRole(184)) - 92ce6e48-4722-407a-9620-5998c6999257@group-E964BE911FCC: changes role from CANDIDATE to FOLLOWER at term 263 for DISCOVERED_A_NEW_TERM
2019-10-18 14:01:55,781 [92ce6e48-4722-407a-9620-5998c6999257@group-E964BE911FCC-LeaderElection241] INFO  impl.RoleInfo (RoleInfo.java:shutdownLeaderElection(134)) - 92ce6e48-4722-407a-9620-5998c6999257: shutdown LeaderElection
2019-10-18 14:01:55,781 [92ce6e48-4722-407a-9620-5998c6999257@group-E964BE911FCC-LeaderElection241] INFO  impl.RoleInfo (RoleInfo.java:updateAndGet(143)) - 92ce6e48-4722-407a-9620-5998c6999257: start FollowerState
2019-10-18 14:01:55,938 [Thread-1834] INFO  impl.FollowerState (FollowerState.java:run(108)) - 92ce6e48-4722-407a-9620-5998c6999257@group-E964BE911FCC-FollowerState: change to CANDIDATE, lastRpcTime:157ms, electionTimeout:157ms
2019-10-18 14:01:55,939 [Thread-1834] INFO  impl.RoleInfo (RoleInfo.java:shutdownFollowerState(121)) - 92ce6e48-4722-407a-9620-5998c6999257: shutdown FollowerState
2019-10-18 14:01:55,939 [Thread-1834] INFO  impl.RaftServerImpl (RaftServerImpl.java:setRole(184)) - 92ce6e48-4722-407a-9620-5998c6999257@group-E964BE911FCC: changes role from  FOLLOWER to CANDIDATE at term 263 for changeToCandidate
2019-10-18 14:01:55,939 [Thread-1834] INFO  impl.RoleInfo (RoleInfo.java:updateAndGet(143)) - 92ce6e48-4722-407a-9620-5998c6999257: start LeaderElection
2019-10-18 14:01:55,965 [92ce6e48-4722-407a-9620-5998c6999257@group-E964BE911FCC-LeaderElection242] INFO  impl.LeaderElection (LeaderElection.java:askForVotes(178)) - 92ce6e48-4722-407a-9620-5998c6999257@group-E964BE911FCC-LeaderElection242: begin an election at term 264 for -1: [6cbfae60-ea29-4abc-a49d-ef94f4bd513a:192.168.69.85:36685, 66f9d00c-1e97-4252-958c-bed5a531abda:192.168.69.85:45996, 92ce6e48-4722-407a-9620-5998c6999257:192.168.69.85:34971], old=null
2019-10-18 14:01:55,968 [grpc-default-executor-1] INFO  impl.RaftServerImpl (RaftServerImpl.java:setRole(184)) - 6cbfae60-ea29-4abc-a49d-ef94f4bd513a@group-E964BE911FCC: changes role from  FOLLOWER to FOLLOWER at term 264 for recognizeCandidate:92ce6e48-4722-407a-9620-5998c6999257
2019-10-18 14:01:55,968 [grpc-default-executor-1] INFO  impl.RoleInfo (RoleInfo.java:shutdownFollowerState(121)) - 6cbfae60-ea29-4abc-a49d-ef94f4bd513a: shutdown FollowerState
2019-10-18 14:01:55,968 [grpc-default-executor-0] INFO  impl.RaftServerImpl (RaftServerImpl.java:setRole(184)) - 66f9d00c-1e97-4252-958c-bed5a531abda@group-E964BE911FCC: changes role from  FOLLOWER to FOLLOWER at term 264 for recognizeCandidate:92ce6e48-4722-407a-9620-5998c6999257
2019-10-18 14:01:55,969 [grpc-default-executor-0] INFO  impl.RoleInfo (RoleInfo.java:shutdownFollowerState(121)) - 66f9d00c-1e97-4252-958c-bed5a531abda: shutdown FollowerState
2019-10-18 14:01:55,968 [grpc-default-executor-1] INFO  impl.RoleInfo (RoleInfo.java:updateAndGet(143)) - 6cbfae60-ea29-4abc-a49d-ef94f4bd513a: start FollowerState
2019-10-18 14:01:55,968 [Thread-1832] INFO  impl.FollowerState (FollowerState.java:run(117)) - 6cbfae60-ea29-4abc-a49d-ef94f4bd513a@group-E964BE911FCC-FollowerState was interrupted: java.lang.InterruptedException: sleep interrupted
2019-10-18 14:01:55,969 [Thread-1833] INFO  impl.FollowerState (FollowerState.java:run(117)) - 66f9d00c-1e97-4252-958c-bed5a531abda@group-E964BE911FCC-FollowerState was interrupted: java.lang.InterruptedException: sleep interrupted
2019-10-18 14:01:55,969 [grpc-default-executor-0] INFO  impl.RoleInfo (RoleInfo.java:updateAndGet(143)) - 66f9d00c-1e97-4252-958c-bed5a531abda: start FollowerState
2019-10-18 14:01:55,995 [92ce6e48-4722-407a-9620-5998c6999257@group-E964BE911FCC-LeaderElection242] INFO  impl.LeaderElection (LeaderElection.java:logAndReturn(56)) - 92ce6e48-4722-407a-9620-5998c6999257@group-E964BE911FCC-LeaderElection242: Election REJECTED; received 2 response(s) [92ce6e48-4722-407a-9620-5998c6999257<-6cbfae60-ea29-4abc-a49d-ef94f4bd513a#0:FAIL-t264, 92ce6e48-4722-407a-9620-5998c6999257<-66f9d00c-1e97-4252-958c-bed5a531abda#0:FAIL-t264] and 0 exception(s); 92ce6e48-4722-407a-9620-5998c6999257@group-E964BE911FCC:t264, leader=null, voted=92ce6e48-4722-407a-9620-5998c6999257, raftlog=92ce6e48-4722-407a-9620-5998c6999257@group-E964BE911FCC-SegmentedRaftLog:OPENED:c-1,f-1,i0, conf=-1: [6cbfae60-ea29-4abc-a49d-ef94f4bd513a:192.168.69.85:36685, 66f9d00c-1e97-4252-958c-bed5a531abda:192.168.69.85:45996, 92ce6e48-4722-407a-9620-5998c6999257:192.168.69.85:34971], old=null
2019-10-18 14:01:55,995 [92ce6e48-4722-407a-9620-5998c6999257@group-E964BE911FCC-LeaderElection242] INFO  impl.RaftServerImpl (RaftServerImpl.java:setRole(184)) - 92ce6e48-4722-407a-9620-5998c6999257@group-E964BE911FCC: changes role from CANDIDATE to FOLLOWER at term 264 for DISCOVERED_A_NEW_TERM
2019-10-18 14:01:55,995 [92ce6e48-4722-407a-9620-5998c6999257@group-E964BE911FCC-LeaderElection242] INFO  impl.RoleInfo (RoleInfo.java:shutdownLeaderElection(134)) - 92ce6e48-4722-407a-9620-5998c6999257: shutdown LeaderElection
2019-10-18 14:01:55,995 [92ce6e48-4722-407a-9620-5998c6999257@group-E964BE911FCC-LeaderElection242] INFO  impl.RoleInfo (RoleInfo.java:updateAndGet(143)) - 92ce6e48-4722-407a-9620-5998c6999257: start FollowerState
2019-10-18 14:01:56,163 [Thread-1840] INFO  impl.FollowerState (FollowerState.java:run(108)) - 92ce6e48-4722-407a-9620-5998c6999257@group-E964BE911FCC-FollowerState: change to CANDIDATE, lastRpcTime:167ms, electionTimeout:167ms
2019-10-18 14:01:56,163 [Thread-1840] INFO  impl.RoleInfo (RoleInfo.java:shutdownFollowerState(121)) - 92ce6e48-4722-407a-9620-5998c6999257: shutdown FollowerState
2019-10-18 14:01:56,163 [Thread-1840] INFO  impl.RaftServerImpl (RaftServerImpl.java:setRole(184)) - 92ce6e48-4722-407a-9620-5998c6999257@group-E964BE911FCC: changes role from  FOLLOWER to CANDIDATE at term 264 for changeToCandidate
2019-10-18 14:01:56,164 [Thread-1840] INFO  impl.RoleInfo (RoleInfo.java:updateAndGet(143)) - 92ce6e48-4722-407a-9620-5998c6999257: start LeaderElection
2019-10-18 14:01:56,194 [92ce6e48-4722-407a-9620-5998c6999257@group-E964BE911FCC-LeaderElection243] INFO  impl.LeaderElection (LeaderElection.java:askForVotes(178)) - 92ce6e48-4722-407a-9620-5998c6999257@group-E964BE911FCC-LeaderElection243: begin an election at term 265 for -1: [6cbfae60-ea29-4abc-a49d-ef94f4bd513a:192.168.69.85:36685, 66f9d00c-1e97-4252-958c-bed5a531abda:192.168.69.85:45996, 92ce6e48-4722-407a-9620-5998c6999257:192.168.69.85:34971], old=null
2019-10-18 14:01:56,198 [grpc-default-executor-0] INFO  impl.RaftServerImpl (RaftServerImpl.java:setRole(184)) - 6cbfae60-ea29-4abc-a49d-ef94f4bd513a@group-E964BE911FCC: changes role from  FOLLOWER to FOLLOWER at term 265 for recognizeCandidate:92ce6e48-4722-407a-9620-5998c6999257
2019-10-18 14:01:56,198 [grpc-default-executor-0] INFO  impl.RoleInfo (RoleInfo.java:shutdownFollowerState(121)) - 6cbfae60-ea29-4abc-a49d-ef94f4bd513a: shutdown FollowerState
2019-10-18 14:01:56,198 [grpc-default-executor-1] INFO  impl.RaftServerImpl (RaftServerImpl.java:setRole(184)) - 66f9d00c-1e97-4252-958c-bed5a531abda@group-E964BE911FCC: changes role from  FOLLOWER to FOLLOWER at term 265 for recognizeCandidate:92ce6e48-4722-407a-9620-5998c6999257
2019-10-18 14:01:56,198 [Thread-1838] INFO  impl.FollowerState (FollowerState.java:run(117)) - 6cbfae60-ea29-4abc-a49d-ef94f4bd513a@group-E964BE911FCC-FollowerState was interrupted: java.lang.InterruptedException: sleep interrupted
2019-10-18 14:01:56,198 [grpc-default-executor-0] INFO  impl.RoleInfo (RoleInfo.java:updateAndGet(143)) - 6cbfae60-ea29-4abc-a49d-ef94f4bd513a: start FollowerState
2019-10-18 14:01:56,198 [grpc-default-executor-1] INFO  impl.RoleInfo (RoleInfo.java:shutdownFollowerState(121)) - 66f9d00c-1e97-4252-958c-bed5a531abda: shutdown FollowerState
2019-10-18 14:01:56,199 [grpc-default-executor-1] INFO  impl.RoleInfo (RoleInfo.java:updateAndGet(143)) - 66f9d00c-1e97-4252-958c-bed5a531abda: start FollowerState
2019-10-18 14:01:56,199 [Thread-1839] INFO  impl.FollowerState (FollowerState.java:run(117)) - 66f9d00c-1e97-4252-958c-bed5a531abda@group-E964BE911FCC-FollowerState was interrupted: java.lang.InterruptedException: sleep interrupted
2019-10-18 14:01:56,204 [92ce6e48-4722-407a-9620-5998c6999257@group-E964BE911FCC-LeaderElection243] INFO  impl.LeaderElection (LeaderElection.java:logAndReturn(56)) - 92ce6e48-4722-407a-9620-5998c6999257@group-E964BE911FCC-LeaderElection243: Election REJECTED; received 2 response(s) [92ce6e48-4722-407a-9620-5998c6999257<-6cbfae60-ea29-4abc-a49d-ef94f4bd513a#0:FAIL-t265, 92ce6e48-4722-407a-9620-5998c6999257<-66f9d00c-1e97-4252-958c-bed5a531abda#0:FAIL-t265] and 0 exception(s); 92ce6e48-4722-407a-9620-5998c6999257@group-E964BE911FCC:t265, leader=null, voted=92ce6e48-4722-407a-9620-5998c6999257, raftlog=92ce6e48-4722-407a-9620-5998c6999257@group-E964BE911FCC-SegmentedRaftLog:OPENED:c-1,f-1,i0, conf=-1: [6cbfae60-ea29-4abc-a49d-ef94f4bd513a:192.168.69.85:36685, 66f9d00c-1e97-4252-958c-bed5a531abda:192.168.69.85:45996, 92ce6e48-4722-407a-9620-5998c6999257:192.168.69.85:34971], old=null
2019-10-18 14:01:56,204 [92ce6e48-4722-407a-9620-5998c6999257@group-E964BE911FCC-LeaderElection243] INFO  impl.RaftServerImpl (RaftServerImpl.java:setRole(184)) - 92ce6e48-4722-407a-9620-5998c6999257@group-E964BE911FCC: changes role from CANDIDATE to FOLLOWER at term 265 for DISCOVERED_A_NEW_TERM
2019-10-18 14:01:56,204 [92ce6e48-4722-407a-9620-5998c6999257@group-E964BE911FCC-LeaderElection243] INFO  impl.RoleInfo (RoleInfo.java:shutdownLeaderElection(134)) - 92ce6e48-4722-407a-9620-5998c6999257: shutdown LeaderElection
2019-10-18 14:01:56,205 [92ce6e48-4722-407a-9620-5998c6999257@group-E964BE911FCC-LeaderElection243] INFO  impl.RoleInfo (RoleInfo.java:updateAndGet(143)) - 92ce6e48-4722-407a-9620-5998c6999257: start FollowerState
2019-10-18 14:01:56,328 [Thread-1846] INFO  impl.FollowerState (FollowerState.java:run(108)) - 92ce6e48-4722-407a-9620-5998c6999257@group-E964BE911FCC-FollowerState: change to CANDIDATE, lastRpcTime:123ms, electionTimeout:123ms
2019-10-18 14:01:56,328 [Thread-1846] INFO  impl.RoleInfo (RoleInfo.java:shutdownFollowerState(121)) - 92ce6e48-4722-407a-9620-5998c6999257: shutdown FollowerState
2019-10-18 14:01:56,328 [Thread-1846] INFO  impl.RaftServerImpl (RaftServerImpl.java:setRole(184)) - 92ce6e48-4722-407a-9620-5998c6999257@group-E964BE911FCC: changes role from  FOLLOWER to CANDIDATE at term 265 for changeToCandidate
2019-10-18 14:01:56,328 [Thread-1846] INFO  impl.RoleInfo (RoleInfo.java:updateAndGet(143)) - 92ce6e48-4722-407a-9620-5998c6999257: start LeaderElection
2019-10-18 14:01:56,341 [92ce6e48-4722-407a-9620-5998c6999257@group-E964BE911FCC-LeaderElection244] INFO  impl.LeaderElection (LeaderElection.java:askForVotes(178)) - 92ce6e48-4722-407a-9620-5998c6999257@group-E964BE911FCC-LeaderElection244: begin an election at term 266 for -1: [6cbfae60-ea29-4abc-a49d-ef94f4bd513a:192.168.69.85:36685, 66f9d00c-1e97-4252-958c-bed5a531abda:192.168.69.85:45996, 92ce6e48-4722-407a-9620-5998c6999257:192.168.69.85:34971], old=null
2019-10-18 14:01:56,343 [grpc-default-executor-1] INFO  impl.RaftServerImpl (RaftServerImpl.java:setRole(184)) - 66f9d00c-1e97-4252-958c-bed5a531abda@group-E964BE911FCC: changes role from  FOLLOWER to FOLLOWER at term 266 for recognizeCandidate:92ce6e48-4722-407a-9620-5998c6999257
2019-10-18 14:01:56,343 [grpc-default-executor-0] INFO  impl.RaftServerImpl (RaftServerImpl.java:setRole(184)) - 6cbfae60-ea29-4abc-a49d-ef94f4bd513a@group-E964BE911FCC: changes role from  FOLLOWER to FOLLOWER at term 266 for recognizeCandidate:92ce6e48-4722-407a-9620-5998c6999257
2019-10-18 14:01:56,343 [grpc-default-executor-0] INFO  impl.RoleInfo (RoleInfo.java:shutdownFollowerState(121)) - 6cbfae60-ea29-4abc-a49d-ef94f4bd513a: shutdown FollowerState
2019-10-18 14:01:56,343 [grpc-default-executor-1] INFO  impl.RoleInfo (RoleInfo.java:shutdownFollowerState(121)) - 66f9d00c-1e97-4252-958c-bed5a531abda: shutdown FollowerState
2019-10-18 14:01:56,344 [Thread-1844] INFO  impl.FollowerState (FollowerState.java:run(117)) - 6cbfae60-ea29-4abc-a49d-ef94f4bd513a@group-E964BE911FCC-FollowerState was interrupted: java.lang.InterruptedException: sleep interrupted
2019-10-18 14:01:56,344 [grpc-default-executor-0] INFO  impl.RoleInfo (RoleInfo.java:updateAndGet(143)) - 6cbfae60-ea29-4abc-a49d-ef94f4bd513a: start FollowerState
2019-10-18 14:01:56,344 [Thread-1845] INFO  impl.FollowerState (FollowerState.java:run(117)) - 66f9d00c-1e97-4252-958c-bed5a531abda@group-E964BE911FCC-FollowerState was interrupted: java.lang.InterruptedException: sleep interrupted
2019-10-18 14:01:56,344 [grpc-default-executor-1] INFO  impl.RoleInfo (RoleInfo.java:updateAndGet(143)) - 66f9d00c-1e97-4252-958c-bed5a531abda: start FollowerState
2019-10-18 14:01:56,373 [92ce6e48-4722-407a-9620-5998c6999257@group-E964BE911FCC-LeaderElection244] INFO  impl.LeaderElection (LeaderElection.java:logAndReturn(56)) - 92ce6e48-4722-407a-9620-5998c6999257@group-E964BE911FCC-LeaderElection244: Election REJECTED; received 2 response(s) [92ce6e48-4722-407a-9620-5998c6999257<-6cbfae60-ea29-4abc-a49d-ef94f4bd513a#0:FAIL-t266, 92ce6e48-4722-407a-9620-5998c6999257<-66f9d00c-1e97-4252-958c-bed5a531abda#0:FAIL-t266] and 0 exception(s); 92ce6e48-4722-407a-9620-5998c6999257@group-E964BE911FCC:t266, leader=null, voted=92ce6e48-4722-407a-9620-5998c6999257, raftlog=92ce6e48-4722-407a-9620-5998c6999257@group-E964BE911FCC-SegmentedRaftLog:OPENED:c-1,f-1,i0, conf=-1: [6cbfae60-ea29-4abc-a49d-ef94f4bd513a:192.168.69.85:36685, 66f9d00c-1e97-4252-958c-bed5a531abda:192.168.69.85:45996, 92ce6e48-4722-407a-9620-5998c6999257:192.168.69.85:34971], old=null
2019-10-18 14:01:56,374 [92ce6e48-4722-407a-9620-5998c6999257@group-E964BE911FCC-LeaderElection244] INFO  impl.RaftServerImpl (RaftServerImpl.java:setRole(184)) - 92ce6e48-4722-407a-9620-5998c6999257@group-E964BE911FCC: changes role from CANDIDATE to FOLLOWER at term 266 for DISCOVERED_A_NEW_TERM
2019-10-18 14:01:56,374 [92ce6e48-4722-407a-9620-5998c6999257@group-E964BE911FCC-LeaderElection244] INFO  impl.RoleInfo (RoleInfo.java:shutdownLeaderElection(134)) - 92ce6e48-4722-407a-9620-5998c6999257: shutdown LeaderElection
2019-10-18 14:01:56,374 [92ce6e48-4722-407a-9620-5998c6999257@group-E964BE911FCC-LeaderElection244] INFO  impl.RoleInfo (RoleInfo.java:updateAndGet(143)) - 92ce6e48-4722-407a-9620-5998c6999257: start FollowerState
2019-10-18 14:01:56,466 [Thread-1854] INFO  impl.FollowerState (FollowerState.java:run(108)) - 92ce6e48-4722-407a-9620-5998c6999257@group-E964BE911FCC-FollowerState: change to CANDIDATE, lastRpcTime:92ms, electionTimeout:92ms
2019-10-18 14:01:56,466 [Thread-1854] INFO  impl.RoleInfo (RoleInfo.java:shutdownFollowerState(121)) - 92ce6e48-4722-407a-9620-5998c6999257: shutdown FollowerState
2019-10-18 14:01:56,467 [Thread-1854] INFO  impl.RaftServerImpl (RaftServerImpl.java:setRole(184)) - 92ce6e48-4722-407a-9620-5998c6999257@group-E964BE911FCC: changes role from  FOLLOWER to CANDIDATE at term 266 for changeToCandidate
2019-10-18 14:01:56,467 [Thread-1854] INFO  impl.RoleInfo (RoleInfo.java:updateAndGet(143)) - 92ce6e48-4722-407a-9620-5998c6999257: start LeaderElection
2019-10-18 14:01:56,493 [92ce6e48-4722-407a-9620-5998c6999257@group-E964BE911FCC-LeaderElection245] INFO  impl.LeaderElection (LeaderElection.java:askForVotes(178)) - 92ce6e48-4722-407a-9620-5998c6999257@group-E964BE911FCC-LeaderElection245: begin an election at term 267 for -1: [6cbfae60-ea29-4abc-a49d-ef94f4bd513a:192.168.69.85:36685, 66f9d00c-1e97-4252-958c-bed5a531abda:192.168.69.85:45996, 92ce6e48-4722-407a-9620-5998c6999257:192.168.69.85:34971], old=null
2019-10-18 14:01:56,495 [grpc-default-executor-0] INFO  impl.RaftServerImpl (RaftServerImpl.java:setRole(184)) - 66f9d00c-1e97-4252-958c-bed5a531abda@group-E964BE911FCC: changes role from  FOLLOWER to FOLLOWER at term 267 for recognizeCandidate:92ce6e48-4722-407a-9620-5998c6999257
2019-10-18 14:01:56,495 [grpc-default-executor-0] INFO  impl.RoleInfo (RoleInfo.java:shutdownFollowerState(121)) - 66f9d00c-1e97-4252-958c-bed5a531abda: shutdown FollowerState
2019-10-18 14:01:56,495 [grpc-default-executor-1] INFO  impl.RaftServerImpl (RaftServerImpl.java:setRole(184)) - 6cbfae60-ea29-4abc-a49d-ef94f4bd513a@group-E964BE911FCC: changes role from  FOLLOWER to FOLLOWER at term 267 for recognizeCandidate:92ce6e48-4722-407a-9620-5998c6999257
2019-10-18 14:01:56,495 [Thread-1853] INFO  impl.FollowerState (FollowerState.java:run(117)) - 66f9d00c-1e97-4252-958c-bed5a531abda@group-E964BE911FCC-FollowerState was interrupted: java.lang.InterruptedException: sleep interrupted
2019-10-18 14:01:56,495 [grpc-default-executor-0] INFO  impl.RoleInfo (RoleInfo.java:updateAndGet(143)) - 66f9d00c-1e97-4252-958c-bed5a531abda: start FollowerState
2019-10-18 14:01:56,495 [grpc-default-executor-1] INFO  impl.RoleInfo (RoleInfo.java:shutdownFollowerState(121)) - 6cbfae60-ea29-4abc-a49d-ef94f4bd513a: shutdown FollowerState
2019-10-18 14:01:56,496 [grpc-default-executor-1] INFO  impl.RoleInfo (RoleInfo.java:updateAndGet(143)) - 6cbfae60-ea29-4abc-a49d-ef94f4bd513a: start FollowerState
2019-10-18 14:01:56,496 [Thread-1852] INFO  impl.FollowerState (FollowerState.java:run(117)) - 6cbfae60-ea29-4abc-a49d-ef94f4bd513a@group-E964BE911FCC-FollowerState was interrupted: java.lang.InterruptedException: sleep interrupted
2019-10-18 14:01:56,511 [92ce6e48-4722-407a-9620-5998c6999257@group-E964BE911FCC-LeaderElection245] INFO  impl.LeaderElection (LeaderElection.java:logAndReturn(56)) - 92ce6e48-4722-407a-9620-5998c6999257@group-E964BE911FCC-LeaderElection245: Election REJECTED; received 2 response(s) [92ce6e48-4722-407a-9620-5998c6999257<-6cbfae60-ea29-4abc-a49d-ef94f4bd513a#0:FAIL-t267, 92ce6e48-4722-407a-9620-5998c6999257<-66f9d00c-1e97-4252-958c-bed5a531abda#0:FAIL-t267] and 0 exception(s); 92ce6e48-4722-407a-9620-5998c6999257@group-E964BE911FCC:t267, leader=null, voted=92ce6e48-4722-407a-9620-5998c6999257, raftlog=92ce6e48-4722-407a-9620-5998c6999257@group-E964BE911FCC-SegmentedRaftLog:OPENED:c-1,f-1,i0, conf=-1: [6cbfae60-ea29-4abc-a49d-ef94f4bd513a:192.168.69.85:36685, 66f9d00c-1e97-4252-958c-bed5a531abda:192.168.69.85:45996, 92ce6e48-4722-407a-9620-5998c6999257:192.168.69.85:34971], old=null
2019-10-18 14:01:56,511 [92ce6e48-4722-407a-9620-5998c6999257@group-E964BE911FCC-LeaderElection245] INFO  impl.RaftServerImpl (RaftServerImpl.java:setRole(184)) - 92ce6e48-4722-407a-9620-5998c6999257@group-E964BE911FCC: changes role from CANDIDATE to FOLLOWER at term 267 for DISCOVERED_A_NEW_TERM
2019-10-18 14:01:56,511 [92ce6e48-4722-407a-9620-5998c6999257@group-E964BE911FCC-LeaderElection245] INFO  impl.RoleInfo (RoleInfo.java:shutdownLeaderElection(134)) - 92ce6e48-4722-407a-9620-5998c6999257: shutdown LeaderElection
2019-10-18 14:01:56,511 [92ce6e48-4722-407a-9620-5998c6999257@group-E964BE911FCC-LeaderElection245] INFO  impl.RoleInfo (RoleInfo.java:updateAndGet(143)) - 92ce6e48-4722-407a-9620-5998c6999257: start FollowerState
2019-10-18 14:01:56,682 [Thread-1860] INFO  impl.FollowerState (FollowerState.java:run(108)) - 92ce6e48-4722-407a-9620-5998c6999257@group-E964BE911FCC-FollowerState: change to CANDIDATE, lastRpcTime:171ms, electionTimeout:171ms
2019-10-18 14:01:56,683 [Thread-1860] INFO  impl.RoleInfo (RoleInfo.java:shutdownFollowerState(121)) - 92ce6e48-4722-407a-9620-5998c6999257: shutdown FollowerState
2019-10-18 14:01:56,683 [Thread-1860] INFO  impl.RaftServerImpl (RaftServerImpl.java:setRole(184)) - 92ce6e48-4722-407a-9620-5998c6999257@group-E964BE911FCC: changes role from  FOLLOWER to CANDIDATE at term 267 for changeToCandidate
2019-10-18 14:01:56,683 [Thread-1860] INFO  impl.RoleInfo (RoleInfo.java:updateAndGet(143)) - 92ce6e48-4722-407a-9620-5998c6999257: start LeaderElection
2019-10-18 14:01:56,706 [92ce6e48-4722-407a-9620-5998c6999257@group-E964BE911FCC-LeaderElection246] INFO  impl.LeaderElection (LeaderElection.java:askForVotes(178)) - 92ce6e48-4722-407a-9620-5998c6999257@group-E964BE911FCC-LeaderElection246: begin an election at term 268 for -1: [6cbfae60-ea29-4abc-a49d-ef94f4bd513a:192.168.69.85:36685, 66f9d00c-1e97-4252-958c-bed5a531abda:192.168.69.85:45996, 92ce6e48-4722-407a-9620-5998c6999257:192.168.69.85:34971], old=null
2019-10-18 14:01:56,710 [grpc-default-executor-0] INFO  impl.RaftServerImpl (RaftServerImpl.java:setRole(184)) - 6cbfae60-ea29-4abc-a49d-ef94f4bd513a@group-E964BE911FCC: changes role from  FOLLOWER to FOLLOWER at term 268 for recognizeCandidate:92ce6e48-4722-407a-9620-5998c6999257
2019-10-18 14:01:56,710 [grpc-default-executor-0] INFO  impl.RoleInfo (RoleInfo.java:shutdownFollowerState(121)) - 6cbfae60-ea29-4abc-a49d-ef94f4bd513a: shutdown FollowerState
2019-10-18 14:01:56,710 [grpc-default-executor-1] INFO  impl.RaftServerImpl (RaftServerImpl.java:setRole(184)) - 66f9d00c-1e97-4252-958c-bed5a531abda@group-E964BE911FCC: changes role from  FOLLOWER to FOLLOWER at term 268 for recognizeCandidate:92ce6e48-4722-407a-9620-5998c6999257
2019-10-18 14:01:56,710 [Thread-1859] INFO  impl.FollowerState (FollowerState.java:run(117)) - 6cbfae60-ea29-4abc-a49d-ef94f4bd513a@group-E964BE911FCC-FollowerState was interrupted: java.lang.InterruptedException: sleep interrupted
2019-10-18 14:01:56,710 [grpc-default-executor-0] INFO  impl.RoleInfo (RoleInfo.java:updateAndGet(143)) - 6cbfae60-ea29-4abc-a49d-ef94f4bd513a: start FollowerState
2019-10-18 14:01:56,710 [grpc-default-executor-1] INFO  impl.RoleInfo (RoleInfo.java:shutdownFollowerState(121)) - 66f9d00c-1e97-4252-958c-bed5a531abda: shutdown FollowerState
2019-10-18 14:01:56,711 [grpc-default-executor-1] INFO  impl.RoleInfo (RoleInfo.java:updateAndGet(143)) - 66f9d00c-1e97-4252-958c-bed5a531abda: start FollowerState
2019-10-18 14:01:56,711 [Thread-1858] INFO  impl.FollowerState (FollowerState.java:run(117)) - 66f9d00c-1e97-4252-958c-bed5a531abda@group-E964BE911FCC-FollowerState was interrupted: java.lang.InterruptedException: sleep interrupted
2019-10-18 14:01:56,727 [92ce6e48-4722-407a-9620-5998c6999257@group-E964BE911FCC-LeaderElection246] INFO  impl.LeaderElection (LeaderElection.java:logAndReturn(56)) - 92ce6e48-4722-407a-9620-5998c6999257@group-E964BE911FCC-LeaderElection246: Election REJECTED; received 2 response(s) [92ce6e48-4722-407a-9620-5998c6999257<-6cbfae60-ea29-4abc-a49d-ef94f4bd513a#0:FAIL-t268, 92ce6e48-4722-407a-9620-5998c6999257<-66f9d00c-1e97-4252-958c-bed5a531abda#0:FAIL-t268] and 0 exception(s); 92ce6e48-4722-407a-9620-5998c6999257@group-E964BE911FCC:t268, leader=null, voted=92ce6e48-4722-407a-9620-5998c6999257, raftlog=92ce6e48-4722-407a-9620-5998c6999257@group-E964BE911FCC-SegmentedRaftLog:OPENED:c-1,f-1,i0, conf=-1: [6cbfae60-ea29-4abc-a49d-ef94f4bd513a:192.168.69.85:36685, 66f9d00c-1e97-4252-958c-bed5a531abda:192.168.69.85:45996, 92ce6e48-4722-407a-9620-5998c6999257:192.168.69.85:34971], old=null
2019-10-18 14:01:56,727 [92ce6e48-4722-407a-9620-5998c6999257@group-E964BE911FCC-LeaderElection246] INFO  impl.RaftServerImpl (RaftServerImpl.java:setRole(184)) - 92ce6e48-4722-407a-9620-5998c6999257@group-E964BE911FCC: changes role from CANDIDATE to FOLLOWER at term 268 for DISCOVERED_A_NEW_TERM
2019-10-18 14:01:56,727 [92ce6e48-4722-407a-9620-5998c6999257@group-E964BE911FCC-LeaderElection246] INFO  impl.RoleInfo (RoleInfo.java:shutdownLeaderElection(134)) - 92ce6e48-4722-407a-9620-5998c6999257: shutdown LeaderElection
2019-10-18 14:01:56,727 [92ce6e48-4722-407a-9620-5998c6999257@group-E964BE911FCC-LeaderElection246] INFO  impl.RoleInfo (RoleInfo.java:updateAndGet(143)) - 92ce6e48-4722-407a-9620-5998c6999257: start FollowerState
2019-10-18 14:01:56,785 [Thread-1866] INFO  impl.FollowerState (FollowerState.java:run(108)) - 92ce6e48-4722-407a-9620-5998c6999257@group-E964BE911FCC-FollowerState: change to CANDIDATE, lastRpcTime:57ms, electionTimeout:57ms
2019-10-18 14:01:56,785 [Thread-1866] INFO  impl.RoleInfo (RoleInfo.java:shutdownFollowerState(121)) - 92ce6e48-4722-407a-9620-5998c6999257: shutdown FollowerState
2019-10-18 14:01:56,785 [Thread-1866] INFO  impl.RaftServerImpl (RaftServerImpl.java:setRole(184)) - 92ce6e48-4722-407a-9620-5998c6999257@group-E964BE911FCC: changes role from  FOLLOWER to CANDIDATE at term 268 for changeToCandidate
2019-10-18 14:01:56,785 [Thread-1866] INFO  impl.RoleInfo (RoleInfo.java:updateAndGet(143)) - 92ce6e48-4722-407a-9620-5998c6999257: start LeaderElection
2019-10-18 14:01:56,799 [92ce6e48-4722-407a-9620-5998c6999257@group-E964BE911FCC-LeaderElection247] INFO  impl.LeaderElection (LeaderElection.java:askForVotes(178)) - 92ce6e48-4722-407a-9620-5998c6999257@group-E964BE911FCC-LeaderElection247: begin an election at term 269 for -1: [6cbfae60-ea29-4abc-a49d-ef94f4bd513a:192.168.69.85:36685, 66f9d00c-1e97-4252-958c-bed5a531abda:192.168.69.85:45996, 92ce6e48-4722-407a-9620-5998c6999257:192.168.69.85:34971], old=null
2019-10-18 14:01:56,800 [grpc-default-executor-0] INFO  impl.RaftServerImpl (RaftServerImpl.java:setRole(184)) - 6cbfae60-ea29-4abc-a49d-ef94f4bd513a@group-E964BE911FCC: changes role from  FOLLOWER to FOLLOWER at term 269 for recognizeCandidate:92ce6e48-4722-407a-9620-5998c6999257
2019-10-18 14:01:56,800 [grpc-default-executor-1] INFO  impl.RaftServerImpl (RaftServerImpl.java:setRole(184)) - 66f9d00c-1e97-4252-958c-bed5a531abda@group-E964BE911FCC: changes role from  FOLLOWER to FOLLOWER at term 269 for recognizeCandidate:92ce6e48-4722-407a-9620-5998c6999257
2019-10-18 14:01:56,801 [grpc-default-executor-1] INFO  impl.RoleInfo (RoleInfo.java:shutdownFollowerState(121)) - 66f9d00c-1e97-4252-958c-bed5a531abda: shutdown FollowerState
2019-10-18 14:01:56,801 [grpc-default-executor-0] INFO  impl.RoleInfo (RoleInfo.java:shutdownFollowerState(121)) - 6cbfae60-ea29-4abc-a49d-ef94f4bd513a: shutdown FollowerState
2019-10-18 14:01:56,801 [Thread-1865] INFO  impl.FollowerState (FollowerState.java:run(117)) - 66f9d00c-1e97-4252-958c-bed5a531abda@group-E964BE911FCC-FollowerState was interrupted: java.lang.InterruptedException: sleep interrupted
2019-10-18 14:01:56,801 [grpc-default-executor-1] INFO  impl.RoleInfo (RoleInfo.java:updateAndGet(143)) - 66f9d00c-1e97-4252-958c-bed5a531abda: start FollowerState
2019-10-18 14:01:56,801 [Thread-1864] INFO  impl.FollowerState (FollowerState.java:run(117)) - 6cbfae60-ea29-4abc-a49d-ef94f4bd513a@group-E964BE911FCC-FollowerState was interrupted: java.lang.InterruptedException: sleep interrupted
2019-10-18 14:01:56,801 [grpc-default-executor-0] INFO  impl.RoleInfo (RoleInfo.java:updateAndGet(143)) - 6cbfae60-ea29-4abc-a49d-ef94f4bd513a: start FollowerState
2019-10-18 14:01:56,827 [92ce6e48-4722-407a-9620-5998c6999257@group-E964BE911FCC-LeaderElection247] INFO  impl.LeaderElection (LeaderElection.java:logAndReturn(56)) - 92ce6e48-4722-407a-9620-5998c6999257@group-E964BE911FCC-LeaderElection247: Election REJECTED; received 2 response(s) [92ce6e48-4722-407a-9620-5998c6999257<-6cbfae60-ea29-4abc-a49d-ef94f4bd513a#0:FAIL-t269, 92ce6e48-4722-407a-9620-5998c6999257<-66f9d00c-1e97-4252-958c-bed5a531abda#0:FAIL-t269] and 0 exception(s); 92ce6e48-4722-407a-9620-5998c6999257@group-E964BE911FCC:t269, leader=null, voted=92ce6e48-4722-407a-9620-5998c6999257, raftlog=92ce6e48-4722-407a-9620-5998c6999257@group-E964BE911FCC-SegmentedRaftLog:OPENED:c-1,f-1,i0, conf=-1: [6cbfae60-ea29-4abc-a49d-ef94f4bd513a:192.168.69.85:36685, 66f9d00c-1e97-4252-958c-bed5a531abda:192.168.69.85:45996, 92ce6e48-4722-407a-9620-5998c6999257:192.168.69.85:34971], old=null
2019-10-18 14:01:56,827 [92ce6e48-4722-407a-9620-5998c6999257@group-E964BE911FCC-LeaderElection247] INFO  impl.RaftServerImpl (RaftServerImpl.java:setRole(184)) - 92ce6e48-4722-407a-9620-5998c6999257@group-E964BE911FCC: changes role from CANDIDATE to FOLLOWER at term 269 for DISCOVERED_A_NEW_TERM
2019-10-18 14:01:56,827 [92ce6e48-4722-407a-9620-5998c6999257@group-E964BE911FCC-LeaderElection247] INFO  impl.RoleInfo (RoleInfo.java:shutdownLeaderElection(134)) - 92ce6e48-4722-407a-9620-5998c6999257: shutdown LeaderElection
2019-10-18 14:01:56,827 [92ce6e48-4722-407a-9620-5998c6999257@group-E964BE911FCC-LeaderElection247] INFO  impl.RoleInfo (RoleInfo.java:updateAndGet(143)) - 92ce6e48-4722-407a-9620-5998c6999257: start FollowerState
2019-10-18 14:01:56,863 [Thread-1872] INFO  impl.FollowerState (FollowerState.java:run(108)) - 92ce6e48-4722-407a-9620-5998c6999257@group-E964BE911FCC-FollowerState: change to CANDIDATE, lastRpcTime:35ms, electionTimeout:35ms
2019-10-18 14:01:56,863 [Thread-1872] INFO  impl.RoleInfo (RoleInfo.java:shutdownFollowerState(121)) - 92ce6e48-4722-407a-9620-5998c6999257: shutdown FollowerState
2019-10-18 14:01:56,863 [Thread-1872] INFO  impl.RaftServerImpl (RaftServerImpl.java:setRole(184)) - 92ce6e48-4722-407a-9620-5998c6999257@group-E964BE911FCC: changes role from  FOLLOWER to CANDIDATE at term 269 for changeToCandidate
2019-10-18 14:01:56,863 [Thread-1872] INFO  impl.RoleInfo (RoleInfo.java:updateAndGet(143)) - 92ce6e48-4722-407a-9620-5998c6999257: start LeaderElection
2019-10-18 14:01:56,876 [92ce6e48-4722-407a-9620-5998c6999257@group-E964BE911FCC-LeaderElection248] INFO  impl.LeaderElection (LeaderElection.java:askForVotes(178)) - 92ce6e48-4722-407a-9620-5998c6999257@group-E964BE911FCC-LeaderElection248: begin an election at term 270 for -1: [6cbfae60-ea29-4abc-a49d-ef94f4bd513a:192.168.69.85:36685, 66f9d00c-1e97-4252-958c-bed5a531abda:192.168.69.85:45996, 92ce6e48-4722-407a-9620-5998c6999257:192.168.69.85:34971], old=null
2019-10-18 14:01:56,878 [grpc-default-executor-0] INFO  impl.RaftServerImpl (RaftServerImpl.java:setRole(184)) - 6cbfae60-ea29-4abc-a49d-ef94f4bd513a@group-E964BE911FCC: changes role from  FOLLOWER to FOLLOWER at term 270 for recognizeCandidate:92ce6e48-4722-407a-9620-5998c6999257
2019-10-18 14:01:56,878 [grpc-default-executor-1] INFO  impl.RaftServerImpl (RaftServerImpl.java:setRole(184)) - 66f9d00c-1e97-4252-958c-bed5a531abda@group-E964BE911FCC: changes role from  FOLLOWER to FOLLOWER at term 270 for recognizeCandidate:92ce6e48-4722-407a-9620-5998c6999257
2019-10-18 14:01:56,878 [grpc-default-executor-1] INFO  impl.RoleInfo (RoleInfo.java:shutdownFollowerState(121)) - 66f9d00c-1e97-4252-958c-bed5a531abda: shutdown FollowerState
2019-10-18 14:01:56,878 [grpc-default-executor-0] INFO  impl.RoleInfo (RoleInfo.java:shutdownFollowerState(121)) - 6cbfae60-ea29-4abc-a49d-ef94f4bd513a: shutdown FollowerState
2019-10-18 14:01:56,878 [Thread-1870] INFO  impl.FollowerState (FollowerState.java:run(117)) - 66f9d00c-1e97-4252-958c-bed5a531abda@group-E964BE911FCC-FollowerState was interrupted: java.lang.InterruptedException: sleep interrupted
2019-10-18 14:01:56,878 [grpc-default-executor-1] INFO  impl.RoleInfo (RoleInfo.java:updateAndGet(143)) - 66f9d00c-1e97-4252-958c-bed5a531abda: start FollowerState
2019-10-18 14:01:56,879 [Thread-1871] INFO  impl.FollowerState (FollowerState.java:run(117)) - 6cbfae60-ea29-4abc-a49d-ef94f4bd513a@group-E964BE911FCC-FollowerState was interrupted: java.lang.InterruptedException: sleep interrupted
2019-10-18 14:01:56,878 [grpc-default-executor-0] INFO  impl.RoleInfo (RoleInfo.java:updateAndGet(143)) - 6cbfae60-ea29-4abc-a49d-ef94f4bd513a: start FollowerState
2019-10-18 14:01:56,896 [92ce6e48-4722-407a-9620-5998c6999257@group-E964BE911FCC-LeaderElection248] INFO  impl.LeaderElection (LeaderElection.java:logAndReturn(56)) - 92ce6e48-4722-407a-9620-5998c6999257@group-E964BE911FCC-LeaderElection248: Election REJECTED; received 2 response(s) [92ce6e48-4722-407a-9620-5998c6999257<-6cbfae60-ea29-4abc-a49d-ef94f4bd513a#0:FAIL-t270, 92ce6e48-4722-407a-9620-5998c6999257<-66f9d00c-1e97-4252-958c-bed5a531abda#0:FAIL-t270] and 0 exception(s); 92ce6e48-4722-407a-9620-5998c6999257@group-E964BE911FCC:t270, leader=null, voted=92ce6e48-4722-407a-9620-5998c6999257, raftlog=92ce6e48-4722-407a-9620-5998c6999257@group-E964BE911FCC-SegmentedRaftLog:OPENED:c-1,f-1,i0, conf=-1: [6cbfae60-ea29-4abc-a49d-ef94f4bd513a:192.168.69.85:36685, 66f9d00c-1e97-4252-958c-bed5a531abda:192.168.69.85:45996, 92ce6e48-4722-407a-9620-5998c6999257:192.168.69.85:34971], old=null
2019-10-18 14:01:56,897 [92ce6e48-4722-407a-9620-5998c6999257@group-E964BE911FCC-LeaderElection248] INFO  impl.RaftServerImpl (RaftServerImpl.java:setRole(184)) - 92ce6e48-4722-407a-9620-5998c6999257@group-E964BE911FCC: changes role from CANDIDATE to FOLLOWER at term 270 for DISCOVERED_A_NEW_TERM
2019-10-18 14:01:56,897 [92ce6e48-4722-407a-9620-5998c6999257@group-E964BE911FCC-LeaderElection248] INFO  impl.RoleInfo (RoleInfo.java:shutdownLeaderElection(134)) - 92ce6e48-4722-407a-9620-5998c6999257: shutdown LeaderElection
2019-10-18 14:01:56,897 [92ce6e48-4722-407a-9620-5998c6999257@group-E964BE911FCC-LeaderElection248] INFO  impl.RoleInfo (RoleInfo.java:updateAndGet(143)) - 92ce6e48-4722-407a-9620-5998c6999257: start FollowerState
2019-10-18 14:01:56,936 [Thread-1878] INFO  impl.FollowerState (FollowerState.java:run(108)) - 92ce6e48-4722-407a-9620-5998c6999257@group-E964BE911FCC-FollowerState: change to CANDIDATE, lastRpcTime:39ms, electionTimeout:39ms
2019-10-18 14:01:56,936 [Thread-1878] INFO  impl.RoleInfo (RoleInfo.java:shutdownFollowerState(121)) - 92ce6e48-4722-407a-9620-5998c6999257: shutdown FollowerState
2019-10-18 14:01:56,936 [Thread-1878] INFO  impl.RaftServerImpl (RaftServerImpl.java:setRole(184)) - 92ce6e48-4722-407a-9620-5998c6999257@group-E964BE911FCC: changes role from  FOLLOWER to CANDIDATE at term 270 for changeToCandidate
2019-10-18 14:01:56,937 [Thread-1878] INFO  impl.RoleInfo (RoleInfo.java:updateAndGet(143)) - 92ce6e48-4722-407a-9620-5998c6999257: start LeaderElection
2019-10-18 14:01:56,950 [92ce6e48-4722-407a-9620-5998c6999257@group-E964BE911FCC-LeaderElection249] INFO  impl.LeaderElection (LeaderElection.java:askForVotes(178)) - 92ce6e48-4722-407a-9620-5998c6999257@group-E964BE911FCC-LeaderElection249: begin an election at term 271 for -1: [6cbfae60-ea29-4abc-a49d-ef94f4bd513a:192.168.69.85:36685, 66f9d00c-1e97-4252-958c-bed5a531abda:192.168.69.85:45996, 92ce6e48-4722-407a-9620-5998c6999257:192.168.69.85:34971], old=null
2019-10-18 14:01:56,952 [grpc-default-executor-0] INFO  impl.RaftServerImpl (RaftServerImpl.java:setRole(184)) - 66f9d00c-1e97-4252-958c-bed5a531abda@group-E964BE911FCC: changes role from  FOLLOWER to FOLLOWER at term 271 for recognizeCandidate:92ce6e48-4722-407a-9620-5998c6999257
2019-10-18 14:01:56,952 [grpc-default-executor-0] INFO  impl.RoleInfo (RoleInfo.java:shutdownFollowerState(121)) - 66f9d00c-1e97-4252-958c-bed5a531abda: shutdown FollowerState
2019-10-18 14:01:56,952 [grpc-default-executor-1] INFO  impl.RaftServerImpl (RaftServerImpl.java:setRole(184)) - 6cbfae60-ea29-4abc-a49d-ef94f4bd513a@group-E964BE911FCC: changes role from  FOLLOWER to FOLLOWER at term 271 for recognizeCandidate:92ce6e48-4722-407a-9620-5998c6999257
2019-10-18 14:01:56,952 [grpc-default-executor-1] INFO  impl.RoleInfo (RoleInfo.java:shutdownFollowerState(121)) - 6cbfae60-ea29-4abc-a49d-ef94f4bd513a: shutdown FollowerState
2019-10-18 14:01:56,952 [Thread-1876] INFO  impl.FollowerState (FollowerState.java:run(117)) - 66f9d00c-1e97-4252-958c-bed5a531abda@group-E964BE911FCC-FollowerState was interrupted: java.lang.InterruptedException: sleep interrupted
2019-10-18 14:01:56,952 [grpc-default-executor-0] INFO  impl.RoleInfo (RoleInfo.java:updateAndGet(143)) - 66f9d00c-1e97-4252-958c-bed5a531abda: start FollowerState
2019-10-18 14:01:56,952 [Thread-1877] INFO  impl.FollowerState (FollowerState.java:run(117)) - 6cbfae60-ea29-4abc-a49d-ef94f4bd513a@group-E964BE911FCC-FollowerState was interrupted: java.lang.InterruptedException: sleep interrupted
2019-10-18 14:01:56,952 [grpc-default-executor-1] INFO  impl.RoleInfo (RoleInfo.java:updateAndGet(143)) - 6cbfae60-ea29-4abc-a49d-ef94f4bd513a: start FollowerState
2019-10-18 14:01:56,968 [92ce6e48-4722-407a-9620-5998c6999257@group-E964BE911FCC-LeaderElection249] INFO  impl.LeaderElection (LeaderElection.java:logAndReturn(56)) - 92ce6e48-4722-407a-9620-5998c6999257@group-E964BE911FCC-LeaderElection249: Election REJECTED; received 2 response(s) [92ce6e48-4722-407a-9620-5998c6999257<-6cbfae60-ea29-4abc-a49d-ef94f4bd513a#0:FAIL-t271, 92ce6e48-4722-407a-9620-5998c6999257<-66f9d00c-1e97-4252-958c-bed5a531abda#0:FAIL-t271] and 0 exception(s); 92ce6e48-4722-407a-9620-5998c6999257@group-E964BE911FCC:t271, leader=null, voted=92ce6e48-4722-407a-9620-5998c6999257, raftlog=92ce6e48-4722-407a-9620-5998c6999257@group-E964BE911FCC-SegmentedRaftLog:OPENED:c-1,f-1,i0, conf=-1: [6cbfae60-ea29-4abc-a49d-ef94f4bd513a:192.168.69.85:36685, 66f9d00c-1e97-4252-958c-bed5a531abda:192.168.69.85:45996, 92ce6e48-4722-407a-9620-5998c6999257:192.168.69.85:34971], old=null
2019-10-18 14:01:56,968 [92ce6e48-4722-407a-9620-5998c6999257@group-E964BE911FCC-LeaderElection249] INFO  impl.RaftServerImpl (RaftServerImpl.java:setRole(184)) - 92ce6e48-4722-407a-9620-5998c6999257@group-E964BE911FCC: changes role from CANDIDATE to FOLLOWER at term 271 for DISCOVERED_A_NEW_TERM
2019-10-18 14:01:56,968 [92ce6e48-4722-407a-9620-5998c6999257@group-E964BE911FCC-LeaderElection249] INFO  impl.RoleInfo (RoleInfo.java:shutdownLeaderElection(134)) - 92ce6e48-4722-407a-9620-5998c6999257: shutdown LeaderElection
2019-10-18 14:01:56,968 [92ce6e48-4722-407a-9620-5998c6999257@group-E964BE911FCC-LeaderElection249] INFO  impl.RoleInfo (RoleInfo.java:updateAndGet(143)) - 92ce6e48-4722-407a-9620-5998c6999257: start FollowerState
2019-10-18 14:01:57,107 [Thread-1884] INFO  impl.FollowerState (FollowerState.java:run(108)) - 92ce6e48-4722-407a-9620-5998c6999257@group-E964BE911FCC-FollowerState: change to CANDIDATE, lastRpcTime:139ms, electionTimeout:139ms
2019-10-18 14:01:57,108 [Thread-1884] INFO  impl.RoleInfo (RoleInfo.java:shutdownFollowerState(121)) - 92ce6e48-4722-407a-9620-5998c6999257: shutdown FollowerState
2019-10-18 14:01:57,108 [Thread-1884] INFO  impl.RaftServerImpl (RaftServerImpl.java:setRole(184)) - 92ce6e48-4722-407a-9620-5998c6999257@group-E964BE911FCC: changes role from  FOLLOWER to CANDIDATE at term 271 for changeToCandidate
2019-10-18 14:01:57,108 [Thread-1884] INFO  impl.RoleInfo (RoleInfo.java:updateAndGet(143)) - 92ce6e48-4722-407a-9620-5998c6999257: start LeaderElection
2019-10-18 14:01:57,124 [92ce6e48-4722-407a-9620-5998c6999257@group-E964BE911FCC-LeaderElection250] INFO  impl.LeaderElection (LeaderElection.java:askForVotes(178)) - 92ce6e48-4722-407a-9620-5998c6999257@group-E964BE911FCC-LeaderElection250: begin an election at term 272 for -1: [6cbfae60-ea29-4abc-a49d-ef94f4bd513a:192.168.69.85:36685, 66f9d00c-1e97-4252-958c-bed5a531abda:192.168.69.85:45996, 92ce6e48-4722-407a-9620-5998c6999257:192.168.69.85:34971], old=null
2019-10-18 14:01:57,127 [grpc-default-executor-1] INFO  impl.RaftServerImpl (RaftServerImpl.java:setRole(184)) - 66f9d00c-1e97-4252-958c-bed5a531abda@group-E964BE911FCC: changes role from  FOLLOWER to FOLLOWER at term 272 for recognizeCandidate:92ce6e48-4722-407a-9620-5998c6999257
2019-10-18 14:01:57,127 [grpc-default-executor-1] INFO  impl.RoleInfo (RoleInfo.java:shutdownFollowerState(121)) - 66f9d00c-1e97-4252-958c-bed5a531abda: shutdown FollowerState
2019-10-18 14:01:57,127 [grpc-default-executor-1] INFO  impl.RoleInfo (RoleInfo.java:updateAndGet(143)) - 66f9d00c-1e97-4252-958c-bed5a531abda: start FollowerState
2019-10-18 14:01:57,127 [grpc-default-executor-0] INFO  impl.RaftServerImpl (RaftServerImpl.java:setRole(184)) - 6cbfae60-ea29-4abc-a49d-ef94f4bd513a@group-E964BE911FCC: changes role from  FOLLOWER to FOLLOWER at term 272 for recognizeCandidate:92ce6e48-4722-407a-9620-5998c6999257
2019-10-18 14:01:57,127 [grpc-default-executor-0] INFO  impl.RoleInfo (RoleInfo.java:shutdownFollowerState(121)) - 6cbfae60-ea29-4abc-a49d-ef94f4bd513a: shutdown FollowerState
2019-10-18 14:01:57,127 [Thread-1882] INFO  impl.FollowerState (FollowerState.java:run(117)) - 66f9d00c-1e97-4252-958c-bed5a531abda@group-E964BE911FCC-FollowerState was interrupted: java.lang.InterruptedException: sleep interrupted
2019-10-18 14:01:57,128 [Thread-1883] INFO  impl.FollowerState (FollowerState.java:run(117)) - 6cbfae60-ea29-4abc-a49d-ef94f4bd513a@group-E964BE911FCC-FollowerState was interrupted: java.lang.InterruptedException: sleep interrupted
2019-10-18 14:01:57,128 [grpc-default-executor-0] INFO  impl.RoleInfo (RoleInfo.java:updateAndGet(143)) - 6cbfae60-ea29-4abc-a49d-ef94f4bd513a: start FollowerState
2019-10-18 14:01:57,145 [92ce6e48-4722-407a-9620-5998c6999257@group-E964BE911FCC-LeaderElection250] INFO  impl.LeaderElection (LeaderElection.java:logAndReturn(56)) - 92ce6e48-4722-407a-9620-5998c6999257@group-E964BE911FCC-LeaderElection250: Election REJECTED; received 2 response(s) [92ce6e48-4722-407a-9620-5998c6999257<-6cbfae60-ea29-4abc-a49d-ef94f4bd513a#0:FAIL-t272, 92ce6e48-4722-407a-9620-5998c6999257<-66f9d00c-1e97-4252-958c-bed5a531abda#0:FAIL-t272] and 0 exception(s); 92ce6e48-4722-407a-9620-5998c6999257@group-E964BE911FCC:t272, leader=null, voted=92ce6e48-4722-407a-9620-5998c6999257, raftlog=92ce6e48-4722-407a-9620-5998c6999257@group-E964BE911FCC-SegmentedRaftLog:OPENED:c-1,f-1,i0, conf=-1: [6cbfae60-ea29-4abc-a49d-ef94f4bd513a:192.168.69.85:36685, 66f9d00c-1e97-4252-958c-bed5a531abda:192.168.69.85:45996, 92ce6e48-4722-407a-9620-5998c6999257:192.168.69.85:34971], old=null
2019-10-18 14:01:57,145 [92ce6e48-4722-407a-9620-5998c6999257@group-E964BE911FCC-LeaderElection250] INFO  impl.RaftServerImpl (RaftServerImpl.java:setRole(184)) - 92ce6e48-4722-407a-9620-5998c6999257@group-E964BE911FCC: changes role from CANDIDATE to FOLLOWER at term 272 for DISCOVERED_A_NEW_TERM
2019-10-18 14:01:57,145 [92ce6e48-4722-407a-9620-5998c6999257@group-E964BE911FCC-LeaderElection250] INFO  impl.RoleInfo (RoleInfo.java:shutdownLeaderElection(134)) - 92ce6e48-4722-407a-9620-5998c6999257: shutdown LeaderElection
2019-10-18 14:01:57,145 [92ce6e48-4722-407a-9620-5998c6999257@group-E964BE911FCC-LeaderElection250] INFO  impl.RoleInfo (RoleInfo.java:updateAndGet(143)) - 92ce6e48-4722-407a-9620-5998c6999257: start FollowerState
2019-10-18 14:01:57,311 [Thread-1890] INFO  impl.FollowerState (FollowerState.java:run(108)) - 92ce6e48-4722-407a-9620-5998c6999257@group-E964BE911FCC-FollowerState: change to CANDIDATE, lastRpcTime:165ms, electionTimeout:165ms
2019-10-18 14:01:57,311 [Thread-1890] INFO  impl.RoleInfo (RoleInfo.java:shutdownFollowerState(121)) - 92ce6e48-4722-407a-9620-5998c6999257: shutdown FollowerState
2019-10-18 14:01:57,312 [Thread-1890] INFO  impl.RaftServerImpl (RaftServerImpl.java:setRole(184)) - 92ce6e48-4722-407a-9620-5998c6999257@group-E964BE911FCC: changes role from  FOLLOWER to CANDIDATE at term 272 for changeToCandidate
2019-10-18 14:01:57,314 [Thread-1890] INFO  impl.RoleInfo (RoleInfo.java:updateAndGet(143)) - 92ce6e48-4722-407a-9620-5998c6999257: start LeaderElection
2019-10-18 14:01:57,343 [92ce6e48-4722-407a-9620-5998c6999257@group-E964BE911FCC-LeaderElection251] INFO  impl.LeaderElection (LeaderElection.java:askForVotes(178)) - 92ce6e48-4722-407a-9620-5998c6999257@group-E964BE911FCC-LeaderElection251: begin an election at term 273 for -1: [6cbfae60-ea29-4abc-a49d-ef94f4bd513a:192.168.69.85:36685, 66f9d00c-1e97-4252-958c-bed5a531abda:192.168.69.85:45996, 92ce6e48-4722-407a-9620-5998c6999257:192.168.69.85:34971], old=null
2019-10-18 14:01:57,352 [grpc-default-executor-1] INFO  impl.RaftServerImpl (RaftServerImpl.java:setRole(184)) - 66f9d00c-1e97-4252-958c-bed5a531abda@group-E964BE911FCC: changes role from  FOLLOWER to FOLLOWER at term 273 for recognizeCandidate:92ce6e48-4722-407a-9620-5998c6999257
2019-10-18 14:01:57,354 [grpc-default-executor-1] INFO  impl.RoleInfo (RoleInfo.java:shutdownFollowerState(121)) - 66f9d00c-1e97-4252-958c-bed5a531abda: shutdown FollowerState
2019-10-18 14:01:57,353 [grpc-default-executor-4] INFO  impl.RaftServerImpl (RaftServerImpl.java:setRole(184)) - 6cbfae60-ea29-4abc-a49d-ef94f4bd513a@group-E964BE911FCC: changes role from  FOLLOWER to FOLLOWER at term 273 for recognizeCandidate:92ce6e48-4722-407a-9620-5998c6999257
2019-10-18 14:01:57,355 [grpc-default-executor-1] INFO  impl.RoleInfo (RoleInfo.java:updateAndGet(143)) - 66f9d00c-1e97-4252-958c-bed5a531abda: start FollowerState
2019-10-18 14:01:57,355 [Thread-1888] INFO  impl.FollowerState (FollowerState.java:run(117)) - 66f9d00c-1e97-4252-958c-bed5a531abda@group-E964BE911FCC-FollowerState was interrupted: java.lang.InterruptedException: sleep interrupted
2019-10-18 14:01:57,355 [grpc-default-executor-4] INFO  impl.RoleInfo (RoleInfo.java:shutdownFollowerState(121)) - 6cbfae60-ea29-4abc-a49d-ef94f4bd513a: shutdown FollowerState
2019-10-18 14:01:57,355 [grpc-default-executor-4] INFO  impl.RoleInfo (RoleInfo.java:updateAndGet(143)) - 6cbfae60-ea29-4abc-a49d-ef94f4bd513a: start FollowerState
2019-10-18 14:01:57,356 [Thread-1889] INFO  impl.FollowerState (FollowerState.java:run(117)) - 6cbfae60-ea29-4abc-a49d-ef94f4bd513a@group-E964BE911FCC-FollowerState was interrupted: java.lang.InterruptedException: sleep interrupted
2019-10-18 14:01:57,382 [92ce6e48-4722-407a-9620-5998c6999257@group-E964BE911FCC-LeaderElection251] INFO  impl.LeaderElection (LeaderElection.java:logAndReturn(56)) - 92ce6e48-4722-407a-9620-5998c6999257@group-E964BE911FCC-LeaderElection251: Election REJECTED; received 2 response(s) [92ce6e48-4722-407a-9620-5998c6999257<-6cbfae60-ea29-4abc-a49d-ef94f4bd513a#0:FAIL-t273, 92ce6e48-4722-407a-9620-5998c6999257<-66f9d00c-1e97-4252-958c-bed5a531abda#0:FAIL-t273] and 0 exception(s); 92ce6e48-4722-407a-9620-5998c6999257@group-E964BE911FCC:t273, leader=null, voted=92ce6e48-4722-407a-9620-5998c6999257, raftlog=92ce6e48-4722-407a-9620-5998c6999257@group-E964BE911FCC-SegmentedRaftLog:OPENED:c-1,f-1,i0, conf=-1: [6cbfae60-ea29-4abc-a49d-ef94f4bd513a:192.168.69.85:36685, 66f9d00c-1e97-4252-958c-bed5a531abda:192.168.69.85:45996, 92ce6e48-4722-407a-9620-5998c6999257:192.168.69.85:34971], old=null
2019-10-18 14:01:57,382 [92ce6e48-4722-407a-9620-5998c6999257@group-E964BE911FCC-LeaderElection251] INFO  impl.RaftServerImpl (RaftServerImpl.java:setRole(184)) - 92ce6e48-4722-407a-9620-5998c6999257@group-E964BE911FCC: changes role from CANDIDATE to FOLLOWER at term 273 for DISCOVERED_A_NEW_TERM
2019-10-18 14:01:57,382 [92ce6e48-4722-407a-9620-5998c6999257@group-E964BE911FCC-LeaderElection251] INFO  impl.RoleInfo (RoleInfo.java:shutdownLeaderElection(134)) - 92ce6e48-4722-407a-9620-5998c6999257: shutdown LeaderElection
2019-10-18 14:01:57,383 [92ce6e48-4722-407a-9620-5998c6999257@group-E964BE911FCC-LeaderElection251] INFO  impl.RoleInfo (RoleInfo.java:updateAndGet(143)) - 92ce6e48-4722-407a-9620-5998c6999257: start FollowerState
2019-10-18 14:01:57,482 [Thread-1898] INFO  impl.FollowerState (FollowerState.java:run(108)) - 92ce6e48-4722-407a-9620-5998c6999257@group-E964BE911FCC-FollowerState: change to CANDIDATE, lastRpcTime:99ms, electionTimeout:99ms
2019-10-18 14:01:57,482 [Thread-1898] INFO  impl.RoleInfo (RoleInfo.java:shutdownFollowerState(121)) - 92ce6e48-4722-407a-9620-5998c6999257: shutdown FollowerState
2019-10-18 14:01:57,482 [Thread-1898] INFO  impl.RaftServerImpl (RaftServerImpl.java:setRole(184)) - 92ce6e48-4722-407a-9620-5998c6999257@group-E964BE911FCC: changes role from  FOLLOWER to CANDIDATE at term 273 for changeToCandidate
2019-10-18 14:01:57,483 [Thread-1898] INFO  impl.RoleInfo (RoleInfo.java:updateAndGet(143)) - 92ce6e48-4722-407a-9620-5998c6999257: start LeaderElection
2019-10-18 14:01:57,497 [92ce6e48-4722-407a-9620-5998c6999257@group-E964BE911FCC-LeaderElection252] INFO  impl.LeaderElection (LeaderElection.java:askForVotes(178)) - 92ce6e48-4722-407a-9620-5998c6999257@group-E964BE911FCC-LeaderElection252: begin an election at term 274 for -1: [6cbfae60-ea29-4abc-a49d-ef94f4bd513a:192.168.69.85:36685, 66f9d00c-1e97-4252-958c-bed5a531abda:192.168.69.85:45996, 92ce6e48-4722-407a-9620-5998c6999257:192.168.69.85:34971], old=null
2019-10-18 14:01:57,499 [grpc-default-executor-4] INFO  impl.RaftServerImpl (RaftServerImpl.java:setRole(184)) - 6cbfae60-ea29-4abc-a49d-ef94f4bd513a@group-E964BE911FCC: changes role from  FOLLOWER to FOLLOWER at term 274 for recognizeCandidate:92ce6e48-4722-407a-9620-5998c6999257
2019-10-18 14:01:57,499 [grpc-default-executor-4] INFO  impl.RoleInfo (RoleInfo.java:shutdownFollowerState(121)) - 6cbfae60-ea29-4abc-a49d-ef94f4bd513a: shutdown FollowerState
2019-10-18 14:01:57,499 [grpc-default-executor-1] INFO  impl.RaftServerImpl (RaftServerImpl.java:setRole(184)) - 66f9d00c-1e97-4252-958c-bed5a531abda@group-E964BE911FCC: changes role from  FOLLOWER to FOLLOWER at term 274 for recognizeCandidate:92ce6e48-4722-407a-9620-5998c6999257
2019-10-18 14:01:57,500 [grpc-default-executor-1] INFO  impl.RoleInfo (RoleInfo.java:shutdownFollowerState(121)) - 66f9d00c-1e97-4252-958c-bed5a531abda: shutdown FollowerState
2019-10-18 14:01:57,500 [grpc-default-executor-4] INFO  impl.RoleInfo (RoleInfo.java:updateAndGet(143)) - 6cbfae60-ea29-4abc-a49d-ef94f4bd513a: start FollowerState
2019-10-18 14:01:57,500 [Thread-1897] INFO  impl.FollowerState (FollowerState.java:run(117)) - 6cbfae60-ea29-4abc-a49d-ef94f4bd513a@group-E964BE911FCC-FollowerState was interrupted: java.lang.InterruptedException: sleep interrupted
2019-10-18 14:01:57,500 [Thread-1896] INFO  impl.FollowerState (FollowerState.java:run(117)) - 66f9d00c-1e97-4252-958c-bed5a531abda@group-E964BE911FCC-FollowerState was interrupted: java.lang.InterruptedException: sleep interrupted
2019-10-18 14:01:57,500 [grpc-default-executor-1] INFO  impl.RoleInfo (RoleInfo.java:updateAndGet(143)) - 66f9d00c-1e97-4252-958c-bed5a531abda: start FollowerState
2019-10-18 14:01:57,515 [92ce6e48-4722-407a-9620-5998c6999257@group-E964BE911FCC-LeaderElection252] INFO  impl.LeaderElection (LeaderElection.java:logAndReturn(56)) - 92ce6e48-4722-407a-9620-5998c6999257@group-E964BE911FCC-LeaderElection252: Election REJECTED; received 2 response(s) [92ce6e48-4722-407a-9620-5998c6999257<-6cbfae60-ea29-4abc-a49d-ef94f4bd513a#0:FAIL-t274, 92ce6e48-4722-407a-9620-5998c6999257<-66f9d00c-1e97-4252-958c-bed5a531abda#0:FAIL-t274] and 0 exception(s); 92ce6e48-4722-407a-9620-5998c6999257@group-E964BE911FCC:t274, leader=null, voted=92ce6e48-4722-407a-9620-5998c6999257, raftlog=92ce6e48-4722-407a-9620-5998c6999257@group-E964BE911FCC-SegmentedRaftLog:OPENED:c-1,f-1,i0, conf=-1: [6cbfae60-ea29-4abc-a49d-ef94f4bd513a:192.168.69.85:36685, 66f9d00c-1e97-4252-958c-bed5a531abda:192.168.69.85:45996, 92ce6e48-4722-407a-9620-5998c6999257:192.168.69.85:34971], old=null
2019-10-18 14:01:57,515 [92ce6e48-4722-407a-9620-5998c6999257@group-E964BE911FCC-LeaderElection252] INFO  impl.RaftServerImpl (RaftServerImpl.java:setRole(184)) - 92ce6e48-4722-407a-9620-5998c6999257@group-E964BE911FCC: changes role from CANDIDATE to FOLLOWER at term 274 for DISCOVERED_A_NEW_TERM
2019-10-18 14:01:57,515 [92ce6e48-4722-407a-9620-5998c6999257@group-E964BE911FCC-LeaderElection252] INFO  impl.RoleInfo (RoleInfo.java:shutdownLeaderElection(134)) - 92ce6e48-4722-407a-9620-5998c6999257: shutdown LeaderElection
2019-10-18 14:01:57,515 [92ce6e48-4722-407a-9620-5998c6999257@group-E964BE911FCC-LeaderElection252] INFO  impl.RoleInfo (RoleInfo.java:updateAndGet(143)) - 92ce6e48-4722-407a-9620-5998c6999257: start FollowerState
2019-10-18 14:01:57,692 [Thread-1904] INFO  impl.FollowerState (FollowerState.java:run(108)) - 92ce6e48-4722-407a-9620-5998c6999257@group-E964BE911FCC-FollowerState: change to CANDIDATE, lastRpcTime:177ms, electionTimeout:177ms
2019-10-18 14:01:57,693 [Thread-1904] INFO  impl.RoleInfo (RoleInfo.java:shutdownFollowerState(121)) - 92ce6e48-4722-407a-9620-5998c6999257: shutdown FollowerState
2019-10-18 14:01:57,693 [Thread-1904] INFO  impl.RaftServerImpl (RaftServerImpl.java:setRole(184)) - 92ce6e48-4722-407a-9620-5998c6999257@group-E964BE911FCC: changes role from  FOLLOWER to CANDIDATE at term 274 for changeToCandidate
2019-10-18 14:01:57,693 [Thread-1904] INFO  impl.RoleInfo (RoleInfo.java:updateAndGet(143)) - 92ce6e48-4722-407a-9620-5998c6999257: start LeaderElection
2019-10-18 14:01:57,719 [92ce6e48-4722-407a-9620-5998c6999257@group-E964BE911FCC-LeaderElection253] INFO  impl.LeaderElection (LeaderElection.java:askForVotes(178)) - 92ce6e48-4722-407a-9620-5998c6999257@group-E964BE911FCC-LeaderElection253: begin an election at term 275 for -1: [6cbfae60-ea29-4abc-a49d-ef94f4bd513a:192.168.69.85:36685, 66f9d00c-1e97-4252-958c-bed5a531abda:192.168.69.85:45996, 92ce6e48-4722-407a-9620-5998c6999257:192.168.69.85:34971], old=null
2019-10-18 14:01:57,722 [grpc-default-executor-4] INFO  impl.RaftServerImpl (RaftServerImpl.java:setRole(184)) - 66f9d00c-1e97-4252-958c-bed5a531abda@group-E964BE911FCC: changes role from  FOLLOWER to FOLLOWER at term 275 for recognizeCandidate:92ce6e48-4722-407a-9620-5998c6999257
2019-10-18 14:01:57,722 [grpc-default-executor-1] INFO  impl.RaftServerImpl (RaftServerImpl.java:setRole(184)) - 6cbfae60-ea29-4abc-a49d-ef94f4bd513a@group-E964BE911FCC: changes role from  FOLLOWER to FOLLOWER at term 275 for recognizeCandidate:92ce6e48-4722-407a-9620-5998c6999257
2019-10-18 14:01:57,722 [grpc-default-executor-4] INFO  impl.RoleInfo (RoleInfo.java:shutdownFollowerState(121)) - 66f9d00c-1e97-4252-958c-bed5a531abda: shutdown FollowerState
2019-10-18 14:01:57,722 [grpc-default-executor-1] INFO  impl.RoleInfo (RoleInfo.java:shutdownFollowerState(121)) - 6cbfae60-ea29-4abc-a49d-ef94f4bd513a: shutdown FollowerState
2019-10-18 14:01:57,722 [grpc-default-executor-4] INFO  impl.RoleInfo (RoleInfo.java:updateAndGet(143)) - 66f9d00c-1e97-4252-958c-bed5a531abda: start FollowerState
2019-10-18 14:01:57,722 [Thread-1903] INFO  impl.FollowerState (FollowerState.java:run(117)) - 66f9d00c-1e97-4252-958c-bed5a531abda@group-E964BE911FCC-FollowerState was interrupted: java.lang.InterruptedException: sleep interrupted
2019-10-18 14:01:57,722 [Thread-1902] INFO  impl.FollowerState (FollowerState.java:run(117)) - 6cbfae60-ea29-4abc-a49d-ef94f4bd513a@group-E964BE911FCC-FollowerState was interrupted: java.lang.InterruptedException: sleep interrupted
2019-10-18 14:01:57,722 [grpc-default-executor-1] INFO  impl.RoleInfo (RoleInfo.java:updateAndGet(143)) - 6cbfae60-ea29-4abc-a49d-ef94f4bd513a: start FollowerState
2019-10-18 14:01:57,737 [92ce6e48-4722-407a-9620-5998c6999257@group-E964BE911FCC-LeaderElection253] INFO  impl.LeaderElection (LeaderElection.java:logAndReturn(56)) - 92ce6e48-4722-407a-9620-5998c6999257@group-E964BE911FCC-LeaderElection253: Election REJECTED; received 2 response(s) [92ce6e48-4722-407a-9620-5998c6999257<-6cbfae60-ea29-4abc-a49d-ef94f4bd513a#0:FAIL-t275, 92ce6e48-4722-407a-9620-5998c6999257<-66f9d00c-1e97-4252-958c-bed5a531abda#0:FAIL-t275] and 0 exception(s); 92ce6e48-4722-407a-9620-5998c6999257@group-E964BE911FCC:t275, leader=null, voted=92ce6e48-4722-407a-9620-5998c6999257, raftlog=92ce6e48-4722-407a-9620-5998c6999257@group-E964BE911FCC-SegmentedRaftLog:OPENED:c-1,f-1,i0, conf=-1: [6cbfae60-ea29-4abc-a49d-ef94f4bd513a:192.168.69.85:36685, 66f9d00c-1e97-4252-958c-bed5a531abda:192.168.69.85:45996, 92ce6e48-4722-407a-9620-5998c6999257:192.168.69.85:34971], old=null
2019-10-18 14:01:57,737 [92ce6e48-4722-407a-9620-5998c6999257@group-E964BE911FCC-LeaderElection253] INFO  impl.RaftServerImpl (RaftServerImpl.java:setRole(184)) - 92ce6e48-4722-407a-9620-5998c6999257@group-E964BE911FCC: changes role from CANDIDATE to FOLLOWER at term 275 for DISCOVERED_A_NEW_TERM
2019-10-18 14:01:57,737 [92ce6e48-4722-407a-9620-5998c6999257@group-E964BE911FCC-LeaderElection253] INFO  impl.RoleInfo (RoleInfo.java:shutdownLeaderElection(134)) - 92ce6e48-4722-407a-9620-5998c6999257: shutdown LeaderElection
2019-10-18 14:01:57,737 [92ce6e48-4722-407a-9620-5998c6999257@group-E964BE911FCC-LeaderElection253] INFO  impl.RoleInfo (RoleInfo.java:updateAndGet(143)) - 92ce6e48-4722-407a-9620-5998c6999257: start FollowerState
2019-10-18 14:01:57,812 [Thread-1910] INFO  impl.FollowerState (FollowerState.java:run(108)) - 92ce6e48-4722-407a-9620-5998c6999257@group-E964BE911FCC-FollowerState: change to CANDIDATE, lastRpcTime:74ms, electionTimeout:74ms
2019-10-18 14:01:57,812 [Thread-1910] INFO  impl.RoleInfo (RoleInfo.java:shutdownFollowerState(121)) - 92ce6e48-4722-407a-9620-5998c6999257: shutdown FollowerState
2019-10-18 14:01:57,812 [Thread-1910] INFO  impl.RaftServerImpl (RaftServerImpl.java:setRole(184)) - 92ce6e48-4722-407a-9620-5998c6999257@group-E964BE911FCC: changes role from  FOLLOWER to CANDIDATE at term 275 for changeToCandidate
2019-10-18 14:01:57,812 [Thread-1910] INFO  impl.RoleInfo (RoleInfo.java:updateAndGet(143)) - 92ce6e48-4722-407a-9620-5998c6999257: start LeaderElection
2019-10-18 14:01:57,827 [92ce6e48-4722-407a-9620-5998c6999257@group-E964BE911FCC-LeaderElection254] INFO  impl.LeaderElection (LeaderElection.java:askForVotes(178)) - 92ce6e48-4722-407a-9620-5998c6999257@group-E964BE911FCC-LeaderElection254: begin an election at term 276 for -1: [6cbfae60-ea29-4abc-a49d-ef94f4bd513a:192.168.69.85:36685, 66f9d00c-1e97-4252-958c-bed5a531abda:192.168.69.85:45996, 92ce6e48-4722-407a-9620-5998c6999257:192.168.69.85:34971], old=null
2019-10-18 14:01:57,829 [grpc-default-executor-4] INFO  impl.RaftServerImpl (RaftServerImpl.java:setRole(184)) - 6cbfae60-ea29-4abc-a49d-ef94f4bd513a@group-E964BE911FCC: changes role from  FOLLOWER to FOLLOWER at term 276 for recognizeCandidate:92ce6e48-4722-407a-9620-5998c6999257
2019-10-18 14:01:57,830 [grpc-default-executor-4] INFO  impl.RoleInfo (RoleInfo.java:shutdownFollowerState(121)) - 6cbfae60-ea29-4abc-a49d-ef94f4bd513a: shutdown FollowerState
2019-10-18 14:01:57,829 [grpc-default-executor-1] INFO  impl.RaftServerImpl (RaftServerImpl.java:setRole(184)) - 66f9d00c-1e97-4252-958c-bed5a531abda@group-E964BE911FCC: changes role from  FOLLOWER to FOLLOWER at term 276 for recognizeCandidate:92ce6e48-4722-407a-9620-5998c6999257
2019-10-18 14:01:57,830 [grpc-default-executor-1] INFO  impl.RoleInfo (RoleInfo.java:shutdownFollowerState(121)) - 66f9d00c-1e97-4252-958c-bed5a531abda: shutdown FollowerState
2019-10-18 14:01:57,830 [Thread-1909] INFO  impl.FollowerState (FollowerState.java:run(117)) - 6cbfae60-ea29-4abc-a49d-ef94f4bd513a@group-E964BE911FCC-FollowerState was interrupted: java.lang.InterruptedException: sleep interrupted
2019-10-18 14:01:57,830 [grpc-default-executor-4] INFO  impl.RoleInfo (RoleInfo.java:updateAndGet(143)) - 6cbfae60-ea29-4abc-a49d-ef94f4bd513a: start FollowerState
2019-10-18 14:01:57,830 [Thread-1908] INFO  impl.FollowerState (FollowerState.java:run(117)) - 66f9d00c-1e97-4252-958c-bed5a531abda@group-E964BE911FCC-FollowerState was interrupted: java.lang.InterruptedException: sleep interrupted
2019-10-18 14:01:57,830 [grpc-default-executor-1] INFO  impl.RoleInfo (RoleInfo.java:updateAndGet(143)) - 66f9d00c-1e97-4252-958c-bed5a531abda: start FollowerState
2019-10-18 14:01:57,844 [92ce6e48-4722-407a-9620-5998c6999257@group-E964BE911FCC-LeaderElection254] INFO  impl.LeaderElection (LeaderElection.java:logAndReturn(56)) - 92ce6e48-4722-407a-9620-5998c6999257@group-E964BE911FCC-LeaderElection254: Election REJECTED; received 2 response(s) [92ce6e48-4722-407a-9620-5998c6999257<-6cbfae60-ea29-4abc-a49d-ef94f4bd513a#0:FAIL-t276, 92ce6e48-4722-407a-9620-5998c6999257<-66f9d00c-1e97-4252-958c-bed5a531abda#0:FAIL-t276] and 0 exception(s); 92ce6e48-4722-407a-9620-5998c6999257@group-E964BE911FCC:t276, leader=null, voted=92ce6e48-4722-407a-9620-5998c6999257, raftlog=92ce6e48-4722-407a-9620-5998c6999257@group-E964BE911FCC-SegmentedRaftLog:OPENED:c-1,f-1,i0, conf=-1: [6cbfae60-ea29-4abc-a49d-ef94f4bd513a:192.168.69.85:36685, 66f9d00c-1e97-4252-958c-bed5a531abda:192.168.69.85:45996, 92ce6e48-4722-407a-9620-5998c6999257:192.168.69.85:34971], old=null
2019-10-18 14:01:57,845 [92ce6e48-4722-407a-9620-5998c6999257@group-E964BE911FCC-LeaderElection254] INFO  impl.RaftServerImpl (RaftServerImpl.java:setRole(184)) - 92ce6e48-4722-407a-9620-5998c6999257@group-E964BE911FCC: changes role from CANDIDATE to FOLLOWER at term 276 for DISCOVERED_A_NEW_TERM
2019-10-18 14:01:57,845 [92ce6e48-4722-407a-9620-5998c6999257@group-E964BE911FCC-LeaderElection254] INFO  impl.RoleInfo (RoleInfo.java:shutdownLeaderElection(134)) - 92ce6e48-4722-407a-9620-5998c6999257: shutdown LeaderElection
2019-10-18 14:01:57,845 [92ce6e48-4722-407a-9620-5998c6999257@group-E964BE911FCC-LeaderElection254] INFO  impl.RoleInfo (RoleInfo.java:updateAndGet(143)) - 92ce6e48-4722-407a-9620-5998c6999257: start FollowerState
2019-10-18 14:01:57,952 [Thread-1916] INFO  impl.FollowerState (FollowerState.java:run(108)) - 92ce6e48-4722-407a-9620-5998c6999257@group-E964BE911FCC-FollowerState: change to CANDIDATE, lastRpcTime:107ms, electionTimeout:107ms
2019-10-18 14:01:57,952 [Thread-1916] INFO  impl.RoleInfo (RoleInfo.java:shutdownFollowerState(121)) - 92ce6e48-4722-407a-9620-5998c6999257: shutdown FollowerState
2019-10-18 14:01:57,953 [Thread-1916] INFO  impl.RaftServerImpl (RaftServerImpl.java:setRole(184)) - 92ce6e48-4722-407a-9620-5998c6999257@group-E964BE911FCC: changes role from  FOLLOWER to CANDIDATE at term 276 for changeToCandidate
2019-10-18 14:01:57,953 [Thread-1916] INFO  impl.RoleInfo (RoleInfo.java:updateAndGet(143)) - 92ce6e48-4722-407a-9620-5998c6999257: start LeaderElection
2019-10-18 14:01:57,981 [92ce6e48-4722-407a-9620-5998c6999257@group-E964BE911FCC-LeaderElection255] INFO  impl.LeaderElection (LeaderElection.java:askForVotes(178)) - 92ce6e48-4722-407a-9620-5998c6999257@group-E964BE911FCC-LeaderElection255: begin an election at term 277 for -1: [6cbfae60-ea29-4abc-a49d-ef94f4bd513a:192.168.69.85:36685, 66f9d00c-1e97-4252-958c-bed5a531abda:192.168.69.85:45996, 92ce6e48-4722-407a-9620-5998c6999257:192.168.69.85:34971], old=null
2019-10-18 14:01:57,984 [grpc-default-executor-4] INFO  impl.RaftServerImpl (RaftServerImpl.java:setRole(184)) - 6cbfae60-ea29-4abc-a49d-ef94f4bd513a@group-E964BE911FCC: changes role from  FOLLOWER to FOLLOWER at term 277 for recognizeCandidate:92ce6e48-4722-407a-9620-5998c6999257
2019-10-18 14:01:57,985 [grpc-default-executor-4] INFO  impl.RoleInfo (RoleInfo.java:shutdownFollowerState(121)) - 6cbfae60-ea29-4abc-a49d-ef94f4bd513a: shutdown FollowerState
2019-10-18 14:01:57,985 [grpc-default-executor-1] INFO  impl.RaftServerImpl (RaftServerImpl.java:setRole(184)) - 66f9d00c-1e97-4252-958c-bed5a531abda@group-E964BE911FCC: changes role from  FOLLOWER to FOLLOWER at term 277 for recognizeCandidate:92ce6e48-4722-407a-9620-5998c6999257
2019-10-18 14:01:57,985 [Thread-1914] INFO  impl.FollowerState (FollowerState.java:run(117)) - 6cbfae60-ea29-4abc-a49d-ef94f4bd513a@group-E964BE911FCC-FollowerState was interrupted: java.lang.InterruptedException: sleep interrupted
2019-10-18 14:01:57,985 [grpc-default-executor-4] INFO  impl.RoleInfo (RoleInfo.java:updateAndGet(143)) - 6cbfae60-ea29-4abc-a49d-ef94f4bd513a: start FollowerState
2019-10-18 14:01:57,985 [grpc-default-executor-1] INFO  impl.RoleInfo (RoleInfo.java:shutdownFollowerState(121)) - 66f9d00c-1e97-4252-958c-bed5a531abda: shutdown FollowerState
2019-10-18 14:01:57,985 [grpc-default-executor-1] INFO  impl.RoleInfo (RoleInfo.java:updateAndGet(143)) - 66f9d00c-1e97-4252-958c-bed5a531abda: start FollowerState
2019-10-18 14:01:57,985 [Thread-1915] INFO  impl.FollowerState (FollowerState.java:run(117)) - 66f9d00c-1e97-4252-958c-bed5a531abda@group-E964BE911FCC-FollowerState was interrupted: java.lang.InterruptedException: sleep interrupted
2019-10-18 14:01:58,000 [92ce6e48-4722-407a-9620-5998c6999257@group-E964BE911FCC-LeaderElection255] INFO  impl.LeaderElection (LeaderElection.java:logAndReturn(56)) - 92ce6e48-4722-407a-9620-5998c6999257@group-E964BE911FCC-LeaderElection255: Election REJECTED; received 2 response(s) [92ce6e48-4722-407a-9620-5998c6999257<-6cbfae60-ea29-4abc-a49d-ef94f4bd513a#0:FAIL-t277, 92ce6e48-4722-407a-9620-5998c6999257<-66f9d00c-1e97-4252-958c-bed5a531abda#0:FAIL-t277] and 0 exception(s); 92ce6e48-4722-407a-9620-5998c6999257@group-E964BE911FCC:t277, leader=null, voted=92ce6e48-4722-407a-9620-5998c6999257, raftlog=92ce6e48-4722-407a-9620-5998c6999257@group-E964BE911FCC-SegmentedRaftLog:OPENED:c-1,f-1,i0, conf=-1: [6cbfae60-ea29-4abc-a49d-ef94f4bd513a:192.168.69.85:36685, 66f9d00c-1e97-4252-958c-bed5a531abda:192.168.69.85:45996, 92ce6e48-4722-407a-9620-5998c6999257:192.168.69.85:34971], old=null
2019-10-18 14:01:58,000 [92ce6e48-4722-407a-9620-5998c6999257@group-E964BE911FCC-LeaderElection255] INFO  impl.RaftServerImpl (RaftServerImpl.java:setRole(184)) - 92ce6e48-4722-407a-9620-5998c6999257@group-E964BE911FCC: changes role from CANDIDATE to FOLLOWER at term 277 for DISCOVERED_A_NEW_TERM
2019-10-18 14:01:58,000 [92ce6e48-4722-407a-9620-5998c6999257@group-E964BE911FCC-LeaderElection255] INFO  impl.RoleInfo (RoleInfo.java:shutdownLeaderElection(134)) - 92ce6e48-4722-407a-9620-5998c6999257: shutdown LeaderElection
2019-10-18 14:01:58,000 [92ce6e48-4722-407a-9620-5998c6999257@group-E964BE911FCC-LeaderElection255] INFO  impl.RoleInfo (RoleInfo.java:updateAndGet(143)) - 92ce6e48-4722-407a-9620-5998c6999257: start FollowerState
2019-10-18 14:01:58,151 [Thread-1922] INFO  impl.FollowerState (FollowerState.java:run(108)) - 92ce6e48-4722-407a-9620-5998c6999257@group-E964BE911FCC-FollowerState: change to CANDIDATE, lastRpcTime:150ms, electionTimeout:150ms
2019-10-18 14:01:58,151 [Thread-1922] INFO  impl.RoleInfo (RoleInfo.java:shutdownFollowerState(121)) - 92ce6e48-4722-407a-9620-5998c6999257: shutdown FollowerState
2019-10-18 14:01:58,151 [Thread-1922] INFO  impl.RaftServerImpl (RaftServerImpl.java:setRole(184)) - 92ce6e48-4722-407a-9620-5998c6999257@group-E964BE911FCC: changes role from  FOLLOWER to CANDIDATE at term 277 for changeToCandidate
2019-10-18 14:01:58,151 [Thread-1922] INFO  impl.RoleInfo (RoleInfo.java:updateAndGet(143)) - 92ce6e48-4722-407a-9620-5998c6999257: start LeaderElection
2019-10-18 14:01:58,174 [92ce6e48-4722-407a-9620-5998c6999257@group-E964BE911FCC-LeaderElection256] INFO  impl.LeaderElection (LeaderElection.java:askForVotes(178)) - 92ce6e48-4722-407a-9620-5998c6999257@group-E964BE911FCC-LeaderElection256: begin an election at term 278 for -1: [6cbfae60-ea29-4abc-a49d-ef94f4bd513a:192.168.69.85:36685, 66f9d00c-1e97-4252-958c-bed5a531abda:192.168.69.85:45996, 92ce6e48-4722-407a-9620-5998c6999257:192.168.69.85:34971], old=null
2019-10-18 14:01:58,176 [grpc-default-executor-4] INFO  impl.RaftServerImpl (RaftServerImpl.java:setRole(184)) - 66f9d00c-1e97-4252-958c-bed5a531abda@group-E964BE911FCC: changes role from  FOLLOWER to FOLLOWER at term 278 for recognizeCandidate:92ce6e48-4722-407a-9620-5998c6999257
2019-10-18 14:01:58,177 [grpc-default-executor-4] INFO  impl.RoleInfo (RoleInfo.java:shutdownFollowerState(121)) - 66f9d00c-1e97-4252-958c-bed5a531abda: shutdown FollowerState
2019-10-18 14:01:58,177 [grpc-default-executor-4] INFO  impl.RoleInfo (RoleInfo.java:updateAndGet(143)) - 66f9d00c-1e97-4252-958c-bed5a531abda: start FollowerState
2019-10-18 14:01:58,177 [grpc-default-executor-1] INFO  impl.RaftServerImpl (RaftServerImpl.java:setRole(184)) - 6cbfae60-ea29-4abc-a49d-ef94f4bd513a@group-E964BE911FCC: changes role from  FOLLOWER to FOLLOWER at term 278 for recognizeCandidate:92ce6e48-4722-407a-9620-5998c6999257
2019-10-18 14:01:58,177 [grpc-default-executor-1] INFO  impl.RoleInfo (RoleInfo.java:shutdownFollowerState(121)) - 6cbfae60-ea29-4abc-a49d-ef94f4bd513a: shutdown FollowerState
2019-10-18 14:01:58,177 [Thread-1921] INFO  impl.FollowerState (FollowerState.java:run(117)) - 66f9d00c-1e97-4252-958c-bed5a531abda@group-E964BE911FCC-FollowerState was interrupted: java.lang.InterruptedException: sleep interrupted
2019-10-18 14:01:58,177 [grpc-default-executor-1] INFO  impl.RoleInfo (RoleInfo.java:updateAndGet(143)) - 6cbfae60-ea29-4abc-a49d-ef94f4bd513a: start FollowerState
2019-10-18 14:01:58,177 [Thread-1920] INFO  impl.FollowerState (FollowerState.java:run(117)) - 6cbfae60-ea29-4abc-a49d-ef94f4bd513a@group-E964BE911FCC-FollowerState was interrupted: java.lang.InterruptedException: sleep interrupted
2019-10-18 14:01:58,189 [92ce6e48-4722-407a-9620-5998c6999257@group-E964BE911FCC-LeaderElection256] INFO  impl.LeaderElection (LeaderElection.java:logAndReturn(56)) - 92ce6e48-4722-407a-9620-5998c6999257@group-E964BE911FCC-LeaderElection256: Election TIMEOUT; received 0 response(s) [] and 0 exception(s); 92ce6e48-4722-407a-9620-5998c6999257@group-E964BE911FCC:t278, leader=null, voted=92ce6e48-4722-407a-9620-5998c6999257, raftlog=92ce6e48-4722-407a-9620-5998c6999257@group-E964BE911FCC-SegmentedRaftLog:OPENED:c-1,f-1,i0, conf=-1: [6cbfae60-ea29-4abc-a49d-ef94f4bd513a:192.168.69.85:36685, 66f9d00c-1e97-4252-958c-bed5a531abda:192.168.69.85:45996, 92ce6e48-4722-407a-9620-5998c6999257:192.168.69.85:34971], old=null
2019-10-18 14:01:58,204 [92ce6e48-4722-407a-9620-5998c6999257@group-E964BE911FCC-LeaderElection256] INFO  impl.LeaderElection (LeaderElection.java:askForVotes(178)) - 92ce6e48-4722-407a-9620-5998c6999257@group-E964BE911FCC-LeaderElection256: begin an election at term 279 for -1: [6cbfae60-ea29-4abc-a49d-ef94f4bd513a:192.168.69.85:36685, 66f9d00c-1e97-4252-958c-bed5a531abda:192.168.69.85:45996, 92ce6e48-4722-407a-9620-5998c6999257:192.168.69.85:34971], old=null
2019-10-18 14:01:58,206 [grpc-default-executor-1] INFO  impl.RaftServerImpl (RaftServerImpl.java:setRole(184)) - 6cbfae60-ea29-4abc-a49d-ef94f4bd513a@group-E964BE911FCC: changes role from  FOLLOWER to FOLLOWER at term 279 for recognizeCandidate:92ce6e48-4722-407a-9620-5998c6999257
2019-10-18 14:01:58,206 [grpc-default-executor-4] INFO  impl.RaftServerImpl (RaftServerImpl.java:setRole(184)) - 66f9d00c-1e97-4252-958c-bed5a531abda@group-E964BE911FCC: changes role from  FOLLOWER to FOLLOWER at term 279 for recognizeCandidate:92ce6e48-4722-407a-9620-5998c6999257
2019-10-18 14:01:58,206 [grpc-default-executor-1] INFO  impl.RoleInfo (RoleInfo.java:shutdownFollowerState(121)) - 6cbfae60-ea29-4abc-a49d-ef94f4bd513a: shutdown FollowerState
2019-10-18 14:01:58,206 [grpc-default-executor-4] INFO  impl.RoleInfo (RoleInfo.java:shutdownFollowerState(121)) - 66f9d00c-1e97-4252-958c-bed5a531abda: shutdown FollowerState
2019-10-18 14:01:58,207 [Thread-1927] INFO  impl.FollowerState (FollowerState.java:run(117)) - 6cbfae60-ea29-4abc-a49d-ef94f4bd513a@group-E964BE911FCC-FollowerState was interrupted: java.lang.InterruptedException: sleep interrupted
2019-10-18 14:01:58,207 [grpc-default-executor-1] INFO  impl.RoleInfo (RoleInfo.java:updateAndGet(143)) - 6cbfae60-ea29-4abc-a49d-ef94f4bd513a: start FollowerState
2019-10-18 14:01:58,207 [Thread-1926] INFO  impl.FollowerState (FollowerState.java:run(117)) - 66f9d00c-1e97-4252-958c-bed5a531abda@group-E964BE911FCC-FollowerState was interrupted: java.lang.InterruptedException: sleep interrupted
2019-10-18 14:01:58,207 [grpc-default-executor-4] INFO  impl.RoleInfo (RoleInfo.java:updateAndGet(143)) - 66f9d00c-1e97-4252-958c-bed5a531abda: start FollowerState
2019-10-18 14:01:58,233 [92ce6e48-4722-407a-9620-5998c6999257@group-E964BE911FCC-LeaderElection256] INFO  impl.LeaderElection (LeaderElection.java:logAndReturn(56)) - 92ce6e48-4722-407a-9620-5998c6999257@group-E964BE911FCC-LeaderElection256: Election REJECTED; received 2 response(s) [92ce6e48-4722-407a-9620-5998c6999257<-6cbfae60-ea29-4abc-a49d-ef94f4bd513a#0:FAIL-t279, 92ce6e48-4722-407a-9620-5998c6999257<-66f9d00c-1e97-4252-958c-bed5a531abda#0:FAIL-t279] and 0 exception(s); 92ce6e48-4722-407a-9620-5998c6999257@group-E964BE911FCC:t279, leader=null, voted=92ce6e48-4722-407a-9620-5998c6999257, raftlog=92ce6e48-4722-407a-9620-5998c6999257@group-E964BE911FCC-SegmentedRaftLog:OPENED:c-1,f-1,i0, conf=-1: [6cbfae60-ea29-4abc-a49d-ef94f4bd513a:192.168.69.85:36685, 66f9d00c-1e97-4252-958c-bed5a531abda:192.168.69.85:45996, 92ce6e48-4722-407a-9620-5998c6999257:192.168.69.85:34971], old=null
2019-10-18 14:01:58,233 [92ce6e48-4722-407a-9620-5998c6999257@group-E964BE911FCC-LeaderElection256] INFO  impl.RaftServerImpl (RaftServerImpl.java:setRole(184)) - 92ce6e48-4722-407a-9620-5998c6999257@group-E964BE911FCC: changes role from CANDIDATE to FOLLOWER at term 279 for DISCOVERED_A_NEW_TERM
2019-10-18 14:01:58,233 [92ce6e48-4722-407a-9620-5998c6999257@group-E964BE911FCC-LeaderElection256] INFO  impl.RoleInfo (RoleInfo.java:shutdownLeaderElection(134)) - 92ce6e48-4722-407a-9620-5998c6999257: shutdown LeaderElection
2019-10-18 14:01:58,233 [92ce6e48-4722-407a-9620-5998c6999257@group-E964BE911FCC-LeaderElection256] INFO  impl.RoleInfo (RoleInfo.java:updateAndGet(143)) - 92ce6e48-4722-407a-9620-5998c6999257: start FollowerState
2019-10-18 14:01:58,367 [Thread-1932] INFO  impl.FollowerState (FollowerState.java:run(108)) - 92ce6e48-4722-407a-9620-5998c6999257@group-E964BE911FCC-FollowerState: change to CANDIDATE, lastRpcTime:133ms, electionTimeout:133ms
2019-10-18 14:01:58,367 [Thread-1932] INFO  impl.RoleInfo (RoleInfo.java:shutdownFollowerState(121)) - 92ce6e48-4722-407a-9620-5998c6999257: shutdown FollowerState
2019-10-18 14:01:58,367 [Thread-1932] INFO  impl.RaftServerImpl (RaftServerImpl.java:setRole(184)) - 92ce6e48-4722-407a-9620-5998c6999257@group-E964BE911FCC: changes role from  FOLLOWER to CANDIDATE at term 279 for changeToCandidate
2019-10-18 14:01:58,367 [Thread-1932] INFO  impl.RoleInfo (RoleInfo.java:updateAndGet(143)) - 92ce6e48-4722-407a-9620-5998c6999257: start LeaderElection
2019-10-18 14:01:58,390 [92ce6e48-4722-407a-9620-5998c6999257@group-E964BE911FCC-LeaderElection257] INFO  impl.LeaderElection (LeaderElection.java:askForVotes(178)) - 92ce6e48-4722-407a-9620-5998c6999257@group-E964BE911FCC-LeaderElection257: begin an election at term 280 for -1: [6cbfae60-ea29-4abc-a49d-ef94f4bd513a:192.168.69.85:36685, 66f9d00c-1e97-4252-958c-bed5a531abda:192.168.69.85:45996, 92ce6e48-4722-407a-9620-5998c6999257:192.168.69.85:34971], old=null
2019-10-18 14:01:58,392 [grpc-default-executor-1] INFO  impl.RaftServerImpl (RaftServerImpl.java:setRole(184)) - 66f9d00c-1e97-4252-958c-bed5a531abda@group-E964BE911FCC: changes role from  FOLLOWER to FOLLOWER at term 280 for recognizeCandidate:92ce6e48-4722-407a-9620-5998c6999257
2019-10-18 14:01:58,392 [grpc-default-executor-1] INFO  impl.RoleInfo (RoleInfo.java:shutdownFollowerState(121)) - 66f9d00c-1e97-4252-958c-bed5a531abda: shutdown FollowerState
2019-10-18 14:01:58,392 [grpc-default-executor-1] INFO  impl.RoleInfo (RoleInfo.java:updateAndGet(143)) - 66f9d00c-1e97-4252-958c-bed5a531abda: start FollowerState
2019-10-18 14:01:58,393 [grpc-default-executor-4] INFO  impl.RaftServerImpl (RaftServerImpl.java:setRole(184)) - 6cbfae60-ea29-4abc-a49d-ef94f4bd513a@group-E964BE911FCC: changes role from  FOLLOWER to FOLLOWER at term 280 for recognizeCandidate:92ce6e48-4722-407a-9620-5998c6999257
2019-10-18 14:01:58,392 [Thread-1931] INFO  impl.FollowerState (FollowerState.java:run(117)) - 66f9d00c-1e97-4252-958c-bed5a531abda@group-E964BE911FCC-FollowerState was interrupted: java.lang.InterruptedException: sleep interrupted
2019-10-18 14:01:58,393 [grpc-default-executor-4] INFO  impl.RoleInfo (RoleInfo.java:shutdownFollowerState(121)) - 6cbfae60-ea29-4abc-a49d-ef94f4bd513a: shutdown FollowerState
2019-10-18 14:01:58,393 [grpc-default-executor-4] INFO  impl.RoleInfo (RoleInfo.java:updateAndGet(143)) - 6cbfae60-ea29-4abc-a49d-ef94f4bd513a: start FollowerState
2019-10-18 14:01:58,393 [Thread-1930] INFO  impl.FollowerState (FollowerState.java:run(117)) - 6cbfae60-ea29-4abc-a49d-ef94f4bd513a@group-E964BE911FCC-FollowerState was interrupted: java.lang.InterruptedException: sleep interrupted
2019-10-18 14:01:58,407 [92ce6e48-4722-407a-9620-5998c6999257@group-E964BE911FCC-LeaderElection257] INFO  impl.LeaderElection (LeaderElection.java:logAndReturn(56)) - 92ce6e48-4722-407a-9620-5998c6999257@group-E964BE911FCC-LeaderElection257: Election REJECTED; received 2 response(s) [92ce6e48-4722-407a-9620-5998c6999257<-6cbfae60-ea29-4abc-a49d-ef94f4bd513a#0:FAIL-t280, 92ce6e48-4722-407a-9620-5998c6999257<-66f9d00c-1e97-4252-958c-bed5a531abda#0:FAIL-t280] and 0 exception(s); 92ce6e48-4722-407a-9620-5998c6999257@group-E964BE911FCC:t280, leader=null, voted=92ce6e48-4722-407a-9620-5998c6999257, raftlog=92ce6e48-4722-407a-9620-5998c6999257@group-E964BE911FCC-SegmentedRaftLog:OPENED:c-1,f-1,i0, conf=-1: [6cbfae60-ea29-4abc-a49d-ef94f4bd513a:192.168.69.85:36685, 66f9d00c-1e97-4252-958c-bed5a531abda:192.168.69.85:45996, 92ce6e48-4722-407a-9620-5998c6999257:192.168.69.85:34971], old=null
2019-10-18 14:01:58,407 [92ce6e48-4722-407a-9620-5998c6999257@group-E964BE911FCC-LeaderElection257] INFO  impl.RaftServerImpl (RaftServerImpl.java:setRole(184)) - 92ce6e48-4722-407a-9620-5998c6999257@group-E964BE911FCC: changes role from CANDIDATE to FOLLOWER at term 280 for DISCOVERED_A_NEW_TERM
2019-10-18 14:01:58,407 [92ce6e48-4722-407a-9620-5998c6999257@group-E964BE911FCC-LeaderElection257] INFO  impl.RoleInfo (RoleInfo.java:shutdownLeaderElection(134)) - 92ce6e48-4722-407a-9620-5998c6999257: shutdown LeaderElection
2019-10-18 14:01:58,407 [92ce6e48-4722-407a-9620-5998c6999257@group-E964BE911FCC-LeaderElection257] INFO  impl.RoleInfo (RoleInfo.java:updateAndGet(143)) - 92ce6e48-4722-407a-9620-5998c6999257: start FollowerState
2019-10-18 14:01:58,484 [Thread-1940] INFO  impl.FollowerState (FollowerState.java:run(108)) - 92ce6e48-4722-407a-9620-5998c6999257@group-E964BE911FCC-FollowerState: change to CANDIDATE, lastRpcTime:76ms, electionTimeout:76ms
2019-10-18 14:01:58,484 [Thread-1940] INFO  impl.RoleInfo (RoleInfo.java:shutdownFollowerState(121)) - 92ce6e48-4722-407a-9620-5998c6999257: shutdown FollowerState
2019-10-18 14:01:58,484 [Thread-1940] INFO  impl.RaftServerImpl (RaftServerImpl.java:setRole(184)) - 92ce6e48-4722-407a-9620-5998c6999257@group-E964BE911FCC: changes role from  FOLLOWER to CANDIDATE at term 280 for changeToCandidate
2019-10-18 14:01:58,484 [Thread-1940] INFO  impl.RoleInfo (RoleInfo.java:updateAndGet(143)) - 92ce6e48-4722-407a-9620-5998c6999257: start LeaderElection
2019-10-18 14:01:58,498 [92ce6e48-4722-407a-9620-5998c6999257@group-E964BE911FCC-LeaderElection258] INFO  impl.LeaderElection (LeaderElection.java:askForVotes(178)) - 92ce6e48-4722-407a-9620-5998c6999257@group-E964BE911FCC-LeaderElection258: begin an election at term 281 for -1: [6cbfae60-ea29-4abc-a49d-ef94f4bd513a:192.168.69.85:36685, 66f9d00c-1e97-4252-958c-bed5a531abda:192.168.69.85:45996, 92ce6e48-4722-407a-9620-5998c6999257:192.168.69.85:34971], old=null
2019-10-18 14:01:58,500 [grpc-default-executor-4] INFO  impl.RaftServerImpl (RaftServerImpl.java:setRole(184)) - 6cbfae60-ea29-4abc-a49d-ef94f4bd513a@group-E964BE911FCC: changes role from  FOLLOWER to FOLLOWER at term 281 for recognizeCandidate:92ce6e48-4722-407a-9620-5998c6999257
2019-10-18 14:01:58,500 [grpc-default-executor-4] INFO  impl.RoleInfo (RoleInfo.java:shutdownFollowerState(121)) - 6cbfae60-ea29-4abc-a49d-ef94f4bd513a: shutdown FollowerState
2019-10-18 14:01:58,500 [grpc-default-executor-4] INFO  impl.RoleInfo (RoleInfo.java:updateAndGet(143)) - 6cbfae60-ea29-4abc-a49d-ef94f4bd513a: start FollowerState
2019-10-18 14:01:58,500 [grpc-default-executor-1] INFO  impl.RaftServerImpl (RaftServerImpl.java:setRole(184)) - 66f9d00c-1e97-4252-958c-bed5a531abda@group-E964BE911FCC: changes role from  FOLLOWER to FOLLOWER at term 281 for recognizeCandidate:92ce6e48-4722-407a-9620-5998c6999257
2019-10-18 14:01:58,500 [grpc-default-executor-1] INFO  impl.RoleInfo (RoleInfo.java:shutdownFollowerState(121)) - 66f9d00c-1e97-4252-958c-bed5a531abda: shutdown FollowerState
2019-10-18 14:01:58,500 [Thread-1939] INFO  impl.FollowerState (FollowerState.java:run(117)) - 6cbfae60-ea29-4abc-a49d-ef94f4bd513a@group-E964BE911FCC-FollowerState was interrupted: java.lang.InterruptedException: sleep interrupted
2019-10-18 14:01:58,501 [Thread-1938] INFO  impl.FollowerState (FollowerState.java:run(117)) - 66f9d00c-1e97-4252-958c-bed5a531abda@group-E964BE911FCC-FollowerState was interrupted: java.lang.InterruptedException: sleep interrupted
2019-10-18 14:01:58,501 [grpc-default-executor-1] INFO  impl.RoleInfo (RoleInfo.java:updateAndGet(143)) - 66f9d00c-1e97-4252-958c-bed5a531abda: start FollowerState
2019-10-18 14:01:58,513 [92ce6e48-4722-407a-9620-5998c6999257@group-E964BE911FCC-LeaderElection258] INFO  impl.LeaderElection (LeaderElection.java:logAndReturn(56)) - 92ce6e48-4722-407a-9620-5998c6999257@group-E964BE911FCC-LeaderElection258: Election REJECTED; received 2 response(s) [92ce6e48-4722-407a-9620-5998c6999257<-6cbfae60-ea29-4abc-a49d-ef94f4bd513a#0:FAIL-t281, 92ce6e48-4722-407a-9620-5998c6999257<-66f9d00c-1e97-4252-958c-bed5a531abda#0:FAIL-t281] and 0 exception(s); 92ce6e48-4722-407a-9620-5998c6999257@group-E964BE911FCC:t281, leader=null, voted=92ce6e48-4722-407a-9620-5998c6999257, raftlog=92ce6e48-4722-407a-9620-5998c6999257@group-E964BE911FCC-SegmentedRaftLog:OPENED:c-1,f-1,i0, conf=-1: [6cbfae60-ea29-4abc-a49d-ef94f4bd513a:192.168.69.85:36685, 66f9d00c-1e97-4252-958c-bed5a531abda:192.168.69.85:45996, 92ce6e48-4722-407a-9620-5998c6999257:192.168.69.85:34971], old=null
2019-10-18 14:01:58,513 [92ce6e48-4722-407a-9620-5998c6999257@group-E964BE911FCC-LeaderElection258] INFO  impl.RaftServerImpl (RaftServerImpl.java:setRole(184)) - 92ce6e48-4722-407a-9620-5998c6999257@group-E964BE911FCC: changes role from CANDIDATE to FOLLOWER at term 281 for DISCOVERED_A_NEW_TERM
2019-10-18 14:01:58,513 [92ce6e48-4722-407a-9620-5998c6999257@group-E964BE911FCC-LeaderElection258] INFO  impl.RoleInfo (RoleInfo.java:shutdownLeaderElection(134)) - 92ce6e48-4722-407a-9620-5998c6999257: shutdown LeaderElection
2019-10-18 14:01:58,513 [92ce6e48-4722-407a-9620-5998c6999257@group-E964BE911FCC-LeaderElection258] INFO  impl.RoleInfo (RoleInfo.java:updateAndGet(143)) - 92ce6e48-4722-407a-9620-5998c6999257: start FollowerState
2019-10-18 14:01:58,576 [Thread-1946] INFO  impl.FollowerState (FollowerState.java:run(108)) - 92ce6e48-4722-407a-9620-5998c6999257@group-E964BE911FCC-FollowerState: change to CANDIDATE, lastRpcTime:62ms, electionTimeout:62ms
2019-10-18 14:01:58,576 [Thread-1946] INFO  impl.RoleInfo (RoleInfo.java:shutdownFollowerState(121)) - 92ce6e48-4722-407a-9620-5998c6999257: shutdown FollowerState
2019-10-18 14:01:58,576 [Thread-1946] INFO  impl.RaftServerImpl (RaftServerImpl.java:setRole(184)) - 92ce6e48-4722-407a-9620-5998c6999257@group-E964BE911FCC: changes role from  FOLLOWER to CANDIDATE at term 281 for changeToCandidate
2019-10-18 14:01:58,576 [Thread-1946] INFO  impl.RoleInfo (RoleInfo.java:updateAndGet(143)) - 92ce6e48-4722-407a-9620-5998c6999257: start LeaderElection
2019-10-18 14:01:58,599 [92ce6e48-4722-407a-9620-5998c6999257@group-E964BE911FCC-LeaderElection259] INFO  impl.LeaderElection (LeaderElection.java:askForVotes(178)) - 92ce6e48-4722-407a-9620-5998c6999257@group-E964BE911FCC-LeaderElection259: begin an election at term 282 for -1: [6cbfae60-ea29-4abc-a49d-ef94f4bd513a:192.168.69.85:36685, 66f9d00c-1e97-4252-958c-bed5a531abda:192.168.69.85:45996, 92ce6e48-4722-407a-9620-5998c6999257:192.168.69.85:34971], old=null
2019-10-18 14:01:58,601 [grpc-default-executor-4] INFO  impl.RaftServerImpl (RaftServerImpl.java:setRole(184)) - 6cbfae60-ea29-4abc-a49d-ef94f4bd513a@group-E964BE911FCC: changes role from  FOLLOWER to FOLLOWER at term 282 for recognizeCandidate:92ce6e48-4722-407a-9620-5998c6999257
2019-10-18 14:01:58,601 [grpc-default-executor-1] INFO  impl.RaftServerImpl (RaftServerImpl.java:setRole(184)) - 66f9d00c-1e97-4252-958c-bed5a531abda@group-E964BE911FCC: changes role from  FOLLOWER to FOLLOWER at term 282 for recognizeCandidate:92ce6e48-4722-407a-9620-5998c6999257
2019-10-18 14:01:58,601 [grpc-default-executor-4] INFO  impl.RoleInfo (RoleInfo.java:shutdownFollowerState(121)) - 6cbfae60-ea29-4abc-a49d-ef94f4bd513a: shutdown FollowerState
2019-10-18 14:01:58,601 [grpc-default-executor-1] INFO  impl.RoleInfo (RoleInfo.java:shutdownFollowerState(121)) - 66f9d00c-1e97-4252-958c-bed5a531abda: shutdown FollowerState
2019-10-18 14:01:58,602 [Thread-1944] INFO  impl.FollowerState (FollowerState.java:run(117)) - 6cbfae60-ea29-4abc-a49d-ef94f4bd513a@group-E964BE911FCC-FollowerState was interrupted: java.lang.InterruptedException: sleep interrupted
2019-10-18 14:01:58,602 [grpc-default-executor-4] INFO  impl.RoleInfo (RoleInfo.java:updateAndGet(143)) - 6cbfae60-ea29-4abc-a49d-ef94f4bd513a: start FollowerState
2019-10-18 14:01:58,602 [Thread-1945] INFO  impl.FollowerState (FollowerState.java:run(117)) - 66f9d00c-1e97-4252-958c-bed5a531abda@group-E964BE911FCC-FollowerState was interrupted: java.lang.InterruptedException: sleep interrupted
2019-10-18 14:01:58,602 [grpc-default-executor-1] INFO  impl.RoleInfo (RoleInfo.java:updateAndGet(143)) - 66f9d00c-1e97-4252-958c-bed5a531abda: start FollowerState
2019-10-18 14:01:58,617 [92ce6e48-4722-407a-9620-5998c6999257@group-E964BE911FCC-LeaderElection259] INFO  impl.LeaderElection (LeaderElection.java:logAndReturn(56)) - 92ce6e48-4722-407a-9620-5998c6999257@group-E964BE911FCC-LeaderElection259: Election REJECTED; received 2 response(s) [92ce6e48-4722-407a-9620-5998c6999257<-6cbfae60-ea29-4abc-a49d-ef94f4bd513a#0:FAIL-t282, 92ce6e48-4722-407a-9620-5998c6999257<-66f9d00c-1e97-4252-958c-bed5a531abda#0:FAIL-t282] and 0 exception(s); 92ce6e48-4722-407a-9620-5998c6999257@group-E964BE911FCC:t282, leader=null, voted=92ce6e48-4722-407a-9620-5998c6999257, raftlog=92ce6e48-4722-407a-9620-5998c6999257@group-E964BE911FCC-SegmentedRaftLog:OPENED:c-1,f-1,i0, conf=-1: [6cbfae60-ea29-4abc-a49d-ef94f4bd513a:192.168.69.85:36685, 66f9d00c-1e97-4252-958c-bed5a531abda:192.168.69.85:45996, 92ce6e48-4722-407a-9620-5998c6999257:192.168.69.85:34971], old=null
2019-10-18 14:01:58,617 [92ce6e48-4722-407a-9620-5998c6999257@group-E964BE911FCC-LeaderElection259] INFO  impl.RaftServerImpl (RaftServerImpl.java:setRole(184)) - 92ce6e48-4722-407a-9620-5998c6999257@group-E964BE911FCC: changes role from CANDIDATE to FOLLOWER at term 282 for DISCOVERED_A_NEW_TERM
2019-10-18 14:01:58,617 [92ce6e48-4722-407a-9620-5998c6999257@group-E964BE911FCC-LeaderElection259] INFO  impl.RoleInfo (RoleInfo.java:shutdownLeaderElection(134)) - 92ce6e48-4722-407a-9620-5998c6999257: shutdown LeaderElection
2019-10-18 14:01:58,617 [92ce6e48-4722-407a-9620-5998c6999257@group-E964BE911FCC-LeaderElection259] INFO  impl.RoleInfo (RoleInfo.java:updateAndGet(143)) - 92ce6e48-4722-407a-9620-5998c6999257: start FollowerState
2019-10-18 14:01:58,625 [Thread-1952] INFO  impl.FollowerState (FollowerState.java:run(108)) - 92ce6e48-4722-407a-9620-5998c6999257@group-E964BE911FCC-FollowerState: change to CANDIDATE, lastRpcTime:7ms, electionTimeout:7ms
2019-10-18 14:01:58,625 [Thread-1952] INFO  impl.RoleInfo (RoleInfo.java:shutdownFollowerState(121)) - 92ce6e48-4722-407a-9620-5998c6999257: shutdown FollowerState
2019-10-18 14:01:58,625 [Thread-1952] INFO  impl.RaftServerImpl (RaftServerImpl.java:setRole(184)) - 92ce6e48-4722-407a-9620-5998c6999257@group-E964BE911FCC: changes role from  FOLLOWER to CANDIDATE at term 282 for changeToCandidate
2019-10-18 14:01:58,625 [Thread-1952] INFO  impl.RoleInfo (RoleInfo.java:updateAndGet(143)) - 92ce6e48-4722-407a-9620-5998c6999257: start LeaderElection
2019-10-18 14:01:58,639 [92ce6e48-4722-407a-9620-5998c6999257@group-E964BE911FCC-LeaderElection260] INFO  impl.LeaderElection (LeaderElection.java:askForVotes(178)) - 92ce6e48-4722-407a-9620-5998c6999257@group-E964BE911FCC-LeaderElection260: begin an election at term 283 for -1: [6cbfae60-ea29-4abc-a49d-ef94f4bd513a:192.168.69.85:36685, 66f9d00c-1e97-4252-958c-bed5a531abda:192.168.69.85:45996, 92ce6e48-4722-407a-9620-5998c6999257:192.168.69.85:34971], old=null
2019-10-18 14:01:58,640 [grpc-default-executor-1] INFO  impl.RaftServerImpl (RaftServerImpl.java:setRole(184)) - 6cbfae60-ea29-4abc-a49d-ef94f4bd513a@group-E964BE911FCC: changes role from  FOLLOWER to FOLLOWER at term 283 for recognizeCandidate:92ce6e48-4722-407a-9620-5998c6999257
2019-10-18 14:01:58,641 [grpc-default-executor-1] INFO  impl.RoleInfo (RoleInfo.java:shutdownFollowerState(121)) - 6cbfae60-ea29-4abc-a49d-ef94f4bd513a: shutdown FollowerState
2019-10-18 14:01:58,641 [grpc-default-executor-4] INFO  impl.RaftServerImpl (RaftServerImpl.java:setRole(184)) - 66f9d00c-1e97-4252-958c-bed5a531abda@group-E964BE911FCC: changes role from  FOLLOWER to FOLLOWER at term 283 for recognizeCandidate:92ce6e48-4722-407a-9620-5998c6999257
2019-10-18 14:01:58,641 [grpc-default-executor-1] INFO  impl.RoleInfo (RoleInfo.java:updateAndGet(143)) - 6cbfae60-ea29-4abc-a49d-ef94f4bd513a: start FollowerState
2019-10-18 14:01:58,641 [Thread-1950] INFO  impl.FollowerState (FollowerState.java:run(117)) - 6cbfae60-ea29-4abc-a49d-ef94f4bd513a@group-E964BE911FCC-FollowerState was interrupted: java.lang.InterruptedException: sleep interrupted
2019-10-18 14:01:58,641 [grpc-default-executor-4] INFO  impl.RoleInfo (RoleInfo.java:shutdownFollowerState(121)) - 66f9d00c-1e97-4252-958c-bed5a531abda: shutdown FollowerState
2019-10-18 14:01:58,642 [grpc-default-executor-4] INFO  impl.RoleInfo (RoleInfo.java:updateAndGet(143)) - 66f9d00c-1e97-4252-958c-bed5a531abda: start FollowerState
2019-10-18 14:01:58,642 [Thread-1951] INFO  impl.FollowerState (FollowerState.java:run(117)) - 66f9d00c-1e97-4252-958c-bed5a531abda@group-E964BE911FCC-FollowerState was interrupted: java.lang.InterruptedException: sleep interrupted
2019-10-18 14:01:58,657 [92ce6e48-4722-407a-9620-5998c6999257@group-E964BE911FCC-LeaderElection260] INFO  impl.LeaderElection (LeaderElection.java:logAndReturn(56)) - 92ce6e48-4722-407a-9620-5998c6999257@group-E964BE911FCC-LeaderElection260: Election REJECTED; received 2 response(s) [92ce6e48-4722-407a-9620-5998c6999257<-6cbfae60-ea29-4abc-a49d-ef94f4bd513a#0:FAIL-t283, 92ce6e48-4722-407a-9620-5998c6999257<-66f9d00c-1e97-4252-958c-bed5a531abda#0:FAIL-t283] and 0 exception(s); 92ce6e48-4722-407a-9620-5998c6999257@group-E964BE911FCC:t283, leader=null, voted=92ce6e48-4722-407a-9620-5998c6999257, raftlog=92ce6e48-4722-407a-9620-5998c6999257@group-E964BE911FCC-SegmentedRaftLog:OPENED:c-1,f-1,i0, conf=-1: [6cbfae60-ea29-4abc-a49d-ef94f4bd513a:192.168.69.85:36685, 66f9d00c-1e97-4252-958c-bed5a531abda:192.168.69.85:45996, 92ce6e48-4722-407a-9620-5998c6999257:192.168.69.85:34971], old=null
2019-10-18 14:01:58,657 [92ce6e48-4722-407a-9620-5998c6999257@group-E964BE911FCC-LeaderElection260] INFO  impl.RaftServerImpl (RaftServerImpl.java:setRole(184)) - 92ce6e48-4722-407a-9620-5998c6999257@group-E964BE911FCC: changes role from CANDIDATE to FOLLOWER at term 283 for DISCOVERED_A_NEW_TERM
2019-10-18 14:01:58,657 [92ce6e48-4722-407a-9620-5998c6999257@group-E964BE911FCC-LeaderElection260] INFO  impl.RoleInfo (RoleInfo.java:shutdownLeaderElection(134)) - 92ce6e48-4722-407a-9620-5998c6999257: shutdown LeaderElection
2019-10-18 14:01:58,657 [92ce6e48-4722-407a-9620-5998c6999257@group-E964BE911FCC-LeaderElection260] INFO  impl.RoleInfo (RoleInfo.java:updateAndGet(143)) - 92ce6e48-4722-407a-9620-5998c6999257: start FollowerState
2019-10-18 14:01:58,749 [Thread-1958] INFO  impl.FollowerState (FollowerState.java:run(108)) - 92ce6e48-4722-407a-9620-5998c6999257@group-E964BE911FCC-FollowerState: change to CANDIDATE, lastRpcTime:92ms, electionTimeout:92ms
2019-10-18 14:01:58,749 [Thread-1958] INFO  impl.RoleInfo (RoleInfo.java:shutdownFollowerState(121)) - 92ce6e48-4722-407a-9620-5998c6999257: shutdown FollowerState
2019-10-18 14:01:58,750 [Thread-1958] INFO  impl.RaftServerImpl (RaftServerImpl.java:setRole(184)) - 92ce6e48-4722-407a-9620-5998c6999257@group-E964BE911FCC: changes role from  FOLLOWER to CANDIDATE at term 283 for changeToCandidate
2019-10-18 14:01:58,750 [Thread-1958] INFO  impl.RoleInfo (RoleInfo.java:updateAndGet(143)) - 92ce6e48-4722-407a-9620-5998c6999257: start LeaderElection
2019-10-18 14:01:58,770 [92ce6e48-4722-407a-9620-5998c6999257@group-E964BE911FCC-LeaderElection261] INFO  impl.LeaderElection (LeaderElection.java:askForVotes(178)) - 92ce6e48-4722-407a-9620-5998c6999257@group-E964BE911FCC-LeaderElection261: begin an election at term 284 for -1: [6cbfae60-ea29-4abc-a49d-ef94f4bd513a:192.168.69.85:36685, 66f9d00c-1e97-4252-958c-bed5a531abda:192.168.69.85:45996, 92ce6e48-4722-407a-9620-5998c6999257:192.168.69.85:34971], old=null
2019-10-18 14:01:58,772 [grpc-default-executor-1] INFO  impl.RaftServerImpl (RaftServerImpl.java:setRole(184)) - 6cbfae60-ea29-4abc-a49d-ef94f4bd513a@group-E964BE911FCC: changes role from  FOLLOWER to FOLLOWER at term 284 for recognizeCandidate:92ce6e48-4722-407a-9620-5998c6999257
2019-10-18 14:01:58,772 [grpc-default-executor-1] INFO  impl.RoleInfo (RoleInfo.java:shutdownFollowerState(121)) - 6cbfae60-ea29-4abc-a49d-ef94f4bd513a: shutdown FollowerState
2019-10-18 14:01:58,772 [grpc-default-executor-1] INFO  impl.RoleInfo (RoleInfo.java:updateAndGet(143)) - 6cbfae60-ea29-4abc-a49d-ef94f4bd513a: start FollowerState
2019-10-18 14:01:58,772 [Thread-1956] INFO  impl.FollowerState (FollowerState.java:run(117)) - 6cbfae60-ea29-4abc-a49d-ef94f4bd513a@group-E964BE911FCC-FollowerState was interrupted: java.lang.InterruptedException: sleep interrupted
2019-10-18 14:01:58,772 [grpc-default-executor-4] INFO  impl.RaftServerImpl (RaftServerImpl.java:setRole(184)) - 66f9d00c-1e97-4252-958c-bed5a531abda@group-E964BE911FCC: changes role from  FOLLOWER to FOLLOWER at term 284 for recognizeCandidate:92ce6e48-4722-407a-9620-5998c6999257
2019-10-18 14:01:58,773 [grpc-default-executor-4] INFO  impl.RoleInfo (RoleInfo.java:shutdownFollowerState(121)) - 66f9d00c-1e97-4252-958c-bed5a531abda: shutdown FollowerState
2019-10-18 14:01:58,773 [grpc-default-executor-4] INFO  impl.RoleInfo (RoleInfo.java:updateAndGet(143)) - 66f9d00c-1e97-4252-958c-bed5a531abda: start FollowerState
2019-10-18 14:01:58,773 [Thread-1957] INFO  impl.FollowerState (FollowerState.java:run(117)) - 66f9d00c-1e97-4252-958c-bed5a531abda@group-E964BE911FCC-FollowerState was interrupted: java.lang.InterruptedException: sleep interrupted
2019-10-18 14:01:58,782 [92ce6e48-4722-407a-9620-5998c6999257@group-E964BE911FCC-LeaderElection261] INFO  impl.LeaderElection (LeaderElection.java:logAndReturn(56)) - 92ce6e48-4722-407a-9620-5998c6999257@group-E964BE911FCC-LeaderElection261: Election REJECTED; received 2 response(s) [92ce6e48-4722-407a-9620-5998c6999257<-6cbfae60-ea29-4abc-a49d-ef94f4bd513a#0:FAIL-t284, 92ce6e48-4722-407a-9620-5998c6999257<-66f9d00c-1e97-4252-958c-bed5a531abda#0:FAIL-t284] and 0 exception(s); 92ce6e48-4722-407a-9620-5998c6999257@group-E964BE911FCC:t284, leader=null, voted=92ce6e48-4722-407a-9620-5998c6999257, raftlog=92ce6e48-4722-407a-9620-5998c6999257@group-E964BE911FCC-SegmentedRaftLog:OPENED:c-1,f-1,i0, conf=-1: [6cbfae60-ea29-4abc-a49d-ef94f4bd513a:192.168.69.85:36685, 66f9d00c-1e97-4252-958c-bed5a531abda:192.168.69.85:45996, 92ce6e48-4722-407a-9620-5998c6999257:192.168.69.85:34971], old=null
2019-10-18 14:01:58,782 [92ce6e48-4722-407a-9620-5998c6999257@group-E964BE911FCC-LeaderElection261] INFO  impl.RaftServerImpl (RaftServerImpl.java:setRole(184)) - 92ce6e48-4722-407a-9620-5998c6999257@group-E964BE911FCC: changes role from CANDIDATE to FOLLOWER at term 284 for DISCOVERED_A_NEW_TERM
2019-10-18 14:01:58,783 [92ce6e48-4722-407a-9620-5998c6999257@group-E964BE911FCC-LeaderElection261] INFO  impl.RoleInfo (RoleInfo.java:shutdownLeaderElection(134)) - 92ce6e48-4722-407a-9620-5998c6999257: shutdown LeaderElection
2019-10-18 14:01:58,783 [92ce6e48-4722-407a-9620-5998c6999257@group-E964BE911FCC-LeaderElection261] INFO  impl.RoleInfo (RoleInfo.java:updateAndGet(143)) - 92ce6e48-4722-407a-9620-5998c6999257: start FollowerState
2019-10-18 14:01:58,978 [Thread-1964] INFO  impl.FollowerState (FollowerState.java:run(108)) - 92ce6e48-4722-407a-9620-5998c6999257@group-E964BE911FCC-FollowerState: change to CANDIDATE, lastRpcTime:195ms, electionTimeout:195ms
2019-10-18 14:01:58,978 [Thread-1964] INFO  impl.RoleInfo (RoleInfo.java:shutdownFollowerState(121)) - 92ce6e48-4722-407a-9620-5998c6999257: shutdown FollowerState
2019-10-18 14:01:58,979 [Thread-1964] INFO  impl.RaftServerImpl (RaftServerImpl.java:setRole(184)) - 92ce6e48-4722-407a-9620-5998c6999257@group-E964BE911FCC: changes role from  FOLLOWER to CANDIDATE at term 284 for changeToCandidate
2019-10-18 14:01:58,979 [Thread-1964] INFO  impl.RoleInfo (RoleInfo.java:updateAndGet(143)) - 92ce6e48-4722-407a-9620-5998c6999257: start LeaderElection
2019-10-18 14:01:58,992 [92ce6e48-4722-407a-9620-5998c6999257@group-E964BE911FCC-LeaderElection262] INFO  impl.LeaderElection (LeaderElection.java:askForVotes(178)) - 92ce6e48-4722-407a-9620-5998c6999257@group-E964BE911FCC-LeaderElection262: begin an election at term 285 for -1: [6cbfae60-ea29-4abc-a49d-ef94f4bd513a:192.168.69.85:36685, 66f9d00c-1e97-4252-958c-bed5a531abda:192.168.69.85:45996, 92ce6e48-4722-407a-9620-5998c6999257:192.168.69.85:34971], old=null
2019-10-18 14:01:58,995 [grpc-default-executor-4] INFO  impl.RaftServerImpl (RaftServerImpl.java:setRole(184)) - 6cbfae60-ea29-4abc-a49d-ef94f4bd513a@group-E964BE911FCC: changes role from  FOLLOWER to FOLLOWER at term 285 for recognizeCandidate:92ce6e48-4722-407a-9620-5998c6999257
2019-10-18 14:01:58,995 [grpc-default-executor-1] INFO  impl.RaftServerImpl (RaftServerImpl.java:setRole(184)) - 66f9d00c-1e97-4252-958c-bed5a531abda@group-E964BE911FCC: changes role from  FOLLOWER to FOLLOWER at term 285 for recognizeCandidate:92ce6e48-4722-407a-9620-5998c6999257
2019-10-18 14:01:58,995 [grpc-default-executor-4] INFO  impl.RoleInfo (RoleInfo.java:shutdownFollowerState(121)) - 6cbfae60-ea29-4abc-a49d-ef94f4bd513a: shutdown FollowerState
2019-10-18 14:01:58,995 [grpc-default-executor-1] INFO  impl.RoleInfo (RoleInfo.java:shutdownFollowerState(121)) - 66f9d00c-1e97-4252-958c-bed5a531abda: shutdown FollowerState
2019-10-18 14:01:58,995 [Thread-1962] INFO  impl.FollowerState (FollowerState.java:run(117)) - 6cbfae60-ea29-4abc-a49d-ef94f4bd513a@group-E964BE911FCC-FollowerState was interrupted: java.lang.InterruptedException: sleep interrupted
2019-10-18 14:01:58,996 [Thread-1963] INFO  impl.FollowerState (FollowerState.java:run(117)) - 66f9d00c-1e97-4252-958c-bed5a531abda@group-E964BE911FCC-FollowerState was interrupted: java.lang.InterruptedException: sleep interrupted
2019-10-18 14:01:58,995 [grpc-default-executor-4] INFO  impl.RoleInfo (RoleInfo.java:updateAndGet(143)) - 6cbfae60-ea29-4abc-a49d-ef94f4bd513a: start FollowerState
2019-10-18 14:01:58,996 [grpc-default-executor-1] INFO  impl.RoleInfo (RoleInfo.java:updateAndGet(143)) - 66f9d00c-1e97-4252-958c-bed5a531abda: start FollowerState
2019-10-18 14:01:59,018 [92ce6e48-4722-407a-9620-5998c6999257@group-E964BE911FCC-LeaderElection262] INFO  impl.LeaderElection (LeaderElection.java:logAndReturn(56)) - 92ce6e48-4722-407a-9620-5998c6999257@group-E964BE911FCC-LeaderElection262: Election REJECTED; received 2 response(s) [92ce6e48-4722-407a-9620-5998c6999257<-6cbfae60-ea29-4abc-a49d-ef94f4bd513a#0:FAIL-t285, 92ce6e48-4722-407a-9620-5998c6999257<-66f9d00c-1e97-4252-958c-bed5a531abda#0:FAIL-t285] and 0 exception(s); 92ce6e48-4722-407a-9620-5998c6999257@group-E964BE911FCC:t285, leader=null, voted=92ce6e48-4722-407a-9620-5998c6999257, raftlog=92ce6e48-4722-407a-9620-5998c6999257@group-E964BE911FCC-SegmentedRaftLog:OPENED:c-1,f-1,i0, conf=-1: [6cbfae60-ea29-4abc-a49d-ef94f4bd513a:192.168.69.85:36685, 66f9d00c-1e97-4252-958c-bed5a531abda:192.168.69.85:45996, 92ce6e48-4722-407a-9620-5998c6999257:192.168.69.85:34971], old=null
2019-10-18 14:01:59,019 [92ce6e48-4722-407a-9620-5998c6999257@group-E964BE911FCC-LeaderElection262] INFO  impl.RaftServerImpl (RaftServerImpl.java:setRole(184)) - 92ce6e48-4722-407a-9620-5998c6999257@group-E964BE911FCC: changes role from CANDIDATE to FOLLOWER at term 285 for DISCOVERED_A_NEW_TERM
2019-10-18 14:01:59,019 [92ce6e48-4722-407a-9620-5998c6999257@group-E964BE911FCC-LeaderElection262] INFO  impl.RoleInfo (RoleInfo.java:shutdownLeaderElection(134)) - 92ce6e48-4722-407a-9620-5998c6999257: shutdown LeaderElection
2019-10-18 14:01:59,019 [92ce6e48-4722-407a-9620-5998c6999257@group-E964BE911FCC-LeaderElection262] INFO  impl.RoleInfo (RoleInfo.java:updateAndGet(143)) - 92ce6e48-4722-407a-9620-5998c6999257: start FollowerState
2019-10-18 14:01:59,120 [Thread-1970] INFO  impl.FollowerState (FollowerState.java:run(108)) - 92ce6e48-4722-407a-9620-5998c6999257@group-E964BE911FCC-FollowerState: change to CANDIDATE, lastRpcTime:101ms, electionTimeout:101ms
2019-10-18 14:01:59,120 [Thread-1970] INFO  impl.RoleInfo (RoleInfo.java:shutdownFollowerState(121)) - 92ce6e48-4722-407a-9620-5998c6999257: shutdown FollowerState
2019-10-18 14:01:59,120 [Thread-1970] INFO  impl.RaftServerImpl (RaftServerImpl.java:setRole(184)) - 92ce6e48-4722-407a-9620-5998c6999257@group-E964BE911FCC: changes role from  FOLLOWER to CANDIDATE at term 285 for changeToCandidate
2019-10-18 14:01:59,121 [Thread-1970] INFO  impl.RoleInfo (RoleInfo.java:updateAndGet(143)) - 92ce6e48-4722-407a-9620-5998c6999257: start LeaderElection
2019-10-18 14:01:59,134 [92ce6e48-4722-407a-9620-5998c6999257@group-E964BE911FCC-LeaderElection263] INFO  impl.LeaderElection (LeaderElection.java:askForVotes(178)) - 92ce6e48-4722-407a-9620-5998c6999257@group-E964BE911FCC-LeaderElection263: begin an election at term 286 for -1: [6cbfae60-ea29-4abc-a49d-ef94f4bd513a:192.168.69.85:36685, 66f9d00c-1e97-4252-958c-bed5a531abda:192.168.69.85:45996, 92ce6e48-4722-407a-9620-5998c6999257:192.168.69.85:34971], old=null
2019-10-18 14:01:59,136 [grpc-default-executor-4] INFO  impl.RaftServerImpl (RaftServerImpl.java:setRole(184)) - 6cbfae60-ea29-4abc-a49d-ef94f4bd513a@group-E964BE911FCC: changes role from  FOLLOWER to FOLLOWER at term 286 for recognizeCandidate:92ce6e48-4722-407a-9620-5998c6999257
2019-10-18 14:01:59,136 [grpc-default-executor-4] INFO  impl.RoleInfo (RoleInfo.java:shutdownFollowerState(121)) - 6cbfae60-ea29-4abc-a49d-ef94f4bd513a: shutdown FollowerState
2019-10-18 14:01:59,137 [grpc-default-executor-1] INFO  impl.RaftServerImpl (RaftServerImpl.java:setRole(184)) - 66f9d00c-1e97-4252-958c-bed5a531abda@group-E964BE911FCC: changes role from  FOLLOWER to FOLLOWER at term 286 for recognizeCandidate:92ce6e48-4722-407a-9620-5998c6999257
2019-10-18 14:01:59,137 [grpc-default-executor-1] INFO  impl.RoleInfo (RoleInfo.java:shutdownFollowerState(121)) - 66f9d00c-1e97-4252-958c-bed5a531abda: shutdown FollowerState
2019-10-18 14:01:59,137 [Thread-1968] INFO  impl.FollowerState (FollowerState.java:run(117)) - 6cbfae60-ea29-4abc-a49d-ef94f4bd513a@group-E964BE911FCC-FollowerState was interrupted: java.lang.InterruptedException: sleep interrupted
2019-10-18 14:01:59,137 [grpc-default-executor-4] INFO  impl.RoleInfo (RoleInfo.java:updateAndGet(143)) - 6cbfae60-ea29-4abc-a49d-ef94f4bd513a: start FollowerState
2019-10-18 14:01:59,137 [grpc-default-executor-1] INFO  impl.RoleInfo (RoleInfo.java:updateAndGet(143)) - 66f9d00c-1e97-4252-958c-bed5a531abda: start FollowerState
2019-10-18 14:01:59,137 [Thread-1969] INFO  impl.FollowerState (FollowerState.java:run(117)) - 66f9d00c-1e97-4252-958c-bed5a531abda@group-E964BE911FCC-FollowerState was interrupted: java.lang.InterruptedException: sleep interrupted
2019-10-18 14:01:59,152 [92ce6e48-4722-407a-9620-5998c6999257@group-E964BE911FCC-LeaderElection263] INFO  impl.LeaderElection (LeaderElection.java:logAndReturn(56)) - 92ce6e48-4722-407a-9620-5998c6999257@group-E964BE911FCC-LeaderElection263: Election REJECTED; received 2 response(s) [92ce6e48-4722-407a-9620-5998c6999257<-6cbfae60-ea29-4abc-a49d-ef94f4bd513a#0:FAIL-t286, 92ce6e48-4722-407a-9620-5998c6999257<-66f9d00c-1e97-4252-958c-bed5a531abda#0:FAIL-t286] and 0 exception(s); 92ce6e48-4722-407a-9620-5998c6999257@group-E964BE911FCC:t286, leader=null, voted=92ce6e48-4722-407a-9620-5998c6999257, raftlog=92ce6e48-4722-407a-9620-5998c6999257@group-E964BE911FCC-SegmentedRaftLog:OPENED:c-1,f-1,i0, conf=-1: [6cbfae60-ea29-4abc-a49d-ef94f4bd513a:192.168.69.85:36685, 66f9d00c-1e97-4252-958c-bed5a531abda:192.168.69.85:45996, 92ce6e48-4722-407a-9620-5998c6999257:192.168.69.85:34971], old=null
2019-10-18 14:01:59,152 [92ce6e48-4722-407a-9620-5998c6999257@group-E964BE911FCC-LeaderElection263] INFO  impl.RaftServerImpl (RaftServerImpl.java:setRole(184)) - 92ce6e48-4722-407a-9620-5998c6999257@group-E964BE911FCC: changes role from CANDIDATE to FOLLOWER at term 286 for DISCOVERED_A_NEW_TERM
2019-10-18 14:01:59,152 [92ce6e48-4722-407a-9620-5998c6999257@group-E964BE911FCC-LeaderElection263] INFO  impl.RoleInfo (RoleInfo.java:shutdownLeaderElection(134)) - 92ce6e48-4722-407a-9620-5998c6999257: shutdown LeaderElection
2019-10-18 14:01:59,152 [92ce6e48-4722-407a-9620-5998c6999257@group-E964BE911FCC-LeaderElection263] INFO  impl.RoleInfo (RoleInfo.java:updateAndGet(143)) - 92ce6e48-4722-407a-9620-5998c6999257: start FollowerState
2019-10-18 14:01:59,221 [Thread-1976] INFO  impl.FollowerState (FollowerState.java:run(108)) - 92ce6e48-4722-407a-9620-5998c6999257@group-E964BE911FCC-FollowerState: change to CANDIDATE, lastRpcTime:69ms, electionTimeout:69ms
2019-10-18 14:01:59,222 [Thread-1976] INFO  impl.RoleInfo (RoleInfo.java:shutdownFollowerState(121)) - 92ce6e48-4722-407a-9620-5998c6999257: shutdown FollowerState
2019-10-18 14:01:59,222 [Thread-1976] INFO  impl.RaftServerImpl (RaftServerImpl.java:setRole(184)) - 92ce6e48-4722-407a-9620-5998c6999257@group-E964BE911FCC: changes role from  FOLLOWER to CANDIDATE at term 286 for changeToCandidate
2019-10-18 14:01:59,222 [Thread-1976] INFO  impl.RoleInfo (RoleInfo.java:updateAndGet(143)) - 92ce6e48-4722-407a-9620-5998c6999257: start LeaderElection
2019-10-18 14:01:59,238 [92ce6e48-4722-407a-9620-5998c6999257@group-E964BE911FCC-LeaderElection264] INFO  impl.LeaderElection (LeaderElection.java:askForVotes(178)) - 92ce6e48-4722-407a-9620-5998c6999257@group-E964BE911FCC-LeaderElection264: begin an election at term 287 for -1: [6cbfae60-ea29-4abc-a49d-ef94f4bd513a:192.168.69.85:36685, 66f9d00c-1e97-4252-958c-bed5a531abda:192.168.69.85:45996, 92ce6e48-4722-407a-9620-5998c6999257:192.168.69.85:34971], old=null
2019-10-18 14:01:59,240 [grpc-default-executor-1] INFO  impl.RaftServerImpl (RaftServerImpl.java:setRole(184)) - 66f9d00c-1e97-4252-958c-bed5a531abda@group-E964BE911FCC: changes role from  FOLLOWER to FOLLOWER at term 287 for recognizeCandidate:92ce6e48-4722-407a-9620-5998c6999257
2019-10-18 14:01:59,241 [grpc-default-executor-1] INFO  impl.RoleInfo (RoleInfo.java:shutdownFollowerState(121)) - 66f9d00c-1e97-4252-958c-bed5a531abda: shutdown FollowerState
2019-10-18 14:01:59,240 [grpc-default-executor-4] INFO  impl.RaftServerImpl (RaftServerImpl.java:setRole(184)) - 6cbfae60-ea29-4abc-a49d-ef94f4bd513a@group-E964BE911FCC: changes role from  FOLLOWER to FOLLOWER at term 287 for recognizeCandidate:92ce6e48-4722-407a-9620-5998c6999257
2019-10-18 14:01:59,241 [Thread-1975] INFO  impl.FollowerState (FollowerState.java:run(117)) - 66f9d00c-1e97-4252-958c-bed5a531abda@group-E964BE911FCC-FollowerState was interrupted: java.lang.InterruptedException: sleep interrupted
2019-10-18 14:01:59,241 [grpc-default-executor-1] INFO  impl.RoleInfo (RoleInfo.java:updateAndGet(143)) - 66f9d00c-1e97-4252-958c-bed5a531abda: start FollowerState
2019-10-18 14:01:59,241 [grpc-default-executor-4] INFO  impl.RoleInfo (RoleInfo.java:shutdownFollowerState(121)) - 6cbfae60-ea29-4abc-a49d-ef94f4bd513a: shutdown FollowerState
2019-10-18 14:01:59,241 [grpc-default-executor-4] INFO  impl.RoleInfo (RoleInfo.java:updateAndGet(143)) - 6cbfae60-ea29-4abc-a49d-ef94f4bd513a: start FollowerState
2019-10-18 14:01:59,241 [Thread-1974] INFO  impl.FollowerState (FollowerState.java:run(117)) - 6cbfae60-ea29-4abc-a49d-ef94f4bd513a@group-E964BE911FCC-FollowerState was interrupted: java.lang.InterruptedException: sleep interrupted
2019-10-18 14:01:59,245 [92ce6e48-4722-407a-9620-5998c6999257@group-E964BE911FCC-LeaderElection264] INFO  impl.LeaderElection (LeaderElection.java:logAndReturn(56)) - 92ce6e48-4722-407a-9620-5998c6999257@group-E964BE911FCC-LeaderElection264: Election TIMEOUT; received 0 response(s) [] and 0 exception(s); 92ce6e48-4722-407a-9620-5998c6999257@group-E964BE911FCC:t287, leader=null, voted=92ce6e48-4722-407a-9620-5998c6999257, raftlog=92ce6e48-4722-407a-9620-5998c6999257@group-E964BE911FCC-SegmentedRaftLog:OPENED:c-1,f-1,i0, conf=-1: [6cbfae60-ea29-4abc-a49d-ef94f4bd513a:192.168.69.85:36685, 66f9d00c-1e97-4252-958c-bed5a531abda:192.168.69.85:45996, 92ce6e48-4722-407a-9620-5998c6999257:192.168.69.85:34971], old=null
2019-10-18 14:01:59,257 [92ce6e48-4722-407a-9620-5998c6999257@group-E964BE911FCC-LeaderElection264] INFO  impl.LeaderElection (LeaderElection.java:askForVotes(178)) - 92ce6e48-4722-407a-9620-5998c6999257@group-E964BE911FCC-LeaderElection264: begin an election at term 288 for -1: [6cbfae60-ea29-4abc-a49d-ef94f4bd513a:192.168.69.85:36685, 66f9d00c-1e97-4252-958c-bed5a531abda:192.168.69.85:45996, 92ce6e48-4722-407a-9620-5998c6999257:192.168.69.85:34971], old=null
2019-10-18 14:01:59,259 [grpc-default-executor-4] INFO  impl.RaftServerImpl (RaftServerImpl.java:setRole(184)) - 6cbfae60-ea29-4abc-a49d-ef94f4bd513a@group-E964BE911FCC: changes role from  FOLLOWER to FOLLOWER at term 288 for recognizeCandidate:92ce6e48-4722-407a-9620-5998c6999257
2019-10-18 14:01:59,259 [grpc-default-executor-1] INFO  impl.RaftServerImpl (RaftServerImpl.java:setRole(184)) - 66f9d00c-1e97-4252-958c-bed5a531abda@group-E964BE911FCC: changes role from  FOLLOWER to FOLLOWER at term 288 for recognizeCandidate:92ce6e48-4722-407a-9620-5998c6999257
2019-10-18 14:01:59,259 [grpc-default-executor-4] INFO  impl.RoleInfo (RoleInfo.java:shutdownFollowerState(121)) - 6cbfae60-ea29-4abc-a49d-ef94f4bd513a: shutdown FollowerState
2019-10-18 14:01:59,259 [grpc-default-executor-1] INFO  impl.RoleInfo (RoleInfo.java:shutdownFollowerState(121)) - 66f9d00c-1e97-4252-958c-bed5a531abda: shutdown FollowerState
2019-10-18 14:01:59,259 [Thread-1981] INFO  impl.FollowerState (FollowerState.java:run(117)) - 6cbfae60-ea29-4abc-a49d-ef94f4bd513a@group-E964BE911FCC-FollowerState was interrupted: java.lang.InterruptedException: sleep interrupted
2019-10-18 14:01:59,259 [grpc-default-executor-4] INFO  impl.RoleInfo (RoleInfo.java:updateAndGet(143)) - 6cbfae60-ea29-4abc-a49d-ef94f4bd513a: start FollowerState
2019-10-18 14:01:59,259 [Thread-1980] INFO  impl.FollowerState (FollowerState.java:run(117)) - 66f9d00c-1e97-4252-958c-bed5a531abda@group-E964BE911FCC-FollowerState was interrupted: java.lang.InterruptedException: sleep interrupted
2019-10-18 14:01:59,259 [grpc-default-executor-1] INFO  impl.RoleInfo (RoleInfo.java:updateAndGet(143)) - 66f9d00c-1e97-4252-958c-bed5a531abda: start FollowerState
2019-10-18 14:01:59,275 [92ce6e48-4722-407a-9620-5998c6999257@group-E964BE911FCC-LeaderElection264] INFO  impl.LeaderElection (LeaderElection.java:logAndReturn(56)) - 92ce6e48-4722-407a-9620-5998c6999257@group-E964BE911FCC-LeaderElection264: Election REJECTED; received 2 response(s) [92ce6e48-4722-407a-9620-5998c6999257<-6cbfae60-ea29-4abc-a49d-ef94f4bd513a#0:FAIL-t288, 92ce6e48-4722-407a-9620-5998c6999257<-66f9d00c-1e97-4252-958c-bed5a531abda#0:FAIL-t288] and 0 exception(s); 92ce6e48-4722-407a-9620-5998c6999257@group-E964BE911FCC:t288, leader=null, voted=92ce6e48-4722-407a-9620-5998c6999257, raftlog=92ce6e48-4722-407a-9620-5998c6999257@group-E964BE911FCC-SegmentedRaftLog:OPENED:c-1,f-1,i0, conf=-1: [6cbfae60-ea29-4abc-a49d-ef94f4bd513a:192.168.69.85:36685, 66f9d00c-1e97-4252-958c-bed5a531abda:192.168.69.85:45996, 92ce6e48-4722-407a-9620-5998c6999257:192.168.69.85:34971], old=null
2019-10-18 14:01:59,275 [92ce6e48-4722-407a-9620-5998c6999257@group-E964BE911FCC-LeaderElection264] INFO  impl.RaftServerImpl (RaftServerImpl.java:setRole(184)) - 92ce6e48-4722-407a-9620-5998c6999257@group-E964BE911FCC: changes role from CANDIDATE to FOLLOWER at term 288 for DISCOVERED_A_NEW_TERM
2019-10-18 14:01:59,276 [92ce6e48-4722-407a-9620-5998c6999257@group-E964BE911FCC-LeaderElection264] INFO  impl.RoleInfo (RoleInfo.java:shutdownLeaderElection(134)) - 92ce6e48-4722-407a-9620-5998c6999257: shutdown LeaderElection
2019-10-18 14:01:59,276 [92ce6e48-4722-407a-9620-5998c6999257@group-E964BE911FCC-LeaderElection264] INFO  impl.RoleInfo (RoleInfo.java:updateAndGet(143)) - 92ce6e48-4722-407a-9620-5998c6999257: start FollowerState
2019-10-18 14:01:59,301 [Thread-1986] INFO  impl.FollowerState (FollowerState.java:run(108)) - 92ce6e48-4722-407a-9620-5998c6999257@group-E964BE911FCC-FollowerState: change to CANDIDATE, lastRpcTime:25ms, electionTimeout:25ms
2019-10-18 14:01:59,301 [Thread-1986] INFO  impl.RoleInfo (RoleInfo.java:shutdownFollowerState(121)) - 92ce6e48-4722-407a-9620-5998c6999257: shutdown FollowerState
2019-10-18 14:01:59,301 [Thread-1986] INFO  impl.RaftServerImpl (RaftServerImpl.java:setRole(184)) - 92ce6e48-4722-407a-9620-5998c6999257@group-E964BE911FCC: changes role from  FOLLOWER to CANDIDATE at term 288 for changeToCandidate
2019-10-18 14:01:59,301 [Thread-1986] INFO  impl.RoleInfo (RoleInfo.java:updateAndGet(143)) - 92ce6e48-4722-407a-9620-5998c6999257: start LeaderElection
2019-10-18 14:01:59,315 [92ce6e48-4722-407a-9620-5998c6999257@group-E964BE911FCC-LeaderElection265] INFO  impl.LeaderElection (LeaderElection.java:askForVotes(178)) - 92ce6e48-4722-407a-9620-5998c6999257@group-E964BE911FCC-LeaderElection265: begin an election at term 289 for -1: [6cbfae60-ea29-4abc-a49d-ef94f4bd513a:192.168.69.85:36685, 66f9d00c-1e97-4252-958c-bed5a531abda:192.168.69.85:45996, 92ce6e48-4722-407a-9620-5998c6999257:192.168.69.85:34971], old=null
2019-10-18 14:01:59,317 [grpc-default-executor-1] INFO  impl.RaftServerImpl (RaftServerImpl.java:setRole(184)) - 6cbfae60-ea29-4abc-a49d-ef94f4bd513a@group-E964BE911FCC: changes role from  FOLLOWER to FOLLOWER at term 289 for recognizeCandidate:92ce6e48-4722-407a-9620-5998c6999257
2019-10-18 14:01:59,317 [grpc-default-executor-1] INFO  impl.RoleInfo (RoleInfo.java:shutdownFollowerState(121)) - 6cbfae60-ea29-4abc-a49d-ef94f4bd513a: shutdown FollowerState
2019-10-18 14:01:59,317 [grpc-default-executor-1] INFO  impl.RoleInfo (RoleInfo.java:updateAndGet(143)) - 6cbfae60-ea29-4abc-a49d-ef94f4bd513a: start FollowerState
2019-10-18 14:01:59,317 [Thread-1984] INFO  impl.FollowerState (FollowerState.java:run(117)) - 6cbfae60-ea29-4abc-a49d-ef94f4bd513a@group-E964BE911FCC-FollowerState was interrupted: java.lang.InterruptedException: sleep interrupted
2019-10-18 14:01:59,317 [grpc-default-executor-4] INFO  impl.RaftServerImpl (RaftServerImpl.java:setRole(184)) - 66f9d00c-1e97-4252-958c-bed5a531abda@group-E964BE911FCC: changes role from  FOLLOWER to FOLLOWER at term 289 for recognizeCandidate:92ce6e48-4722-407a-9620-5998c6999257
2019-10-18 14:01:59,318 [grpc-default-executor-4] INFO  impl.RoleInfo (RoleInfo.java:shutdownFollowerState(121)) - 66f9d00c-1e97-4252-958c-bed5a531abda: shutdown FollowerState
2019-10-18 14:01:59,318 [grpc-default-executor-4] INFO  impl.RoleInfo (RoleInfo.java:updateAndGet(143)) - 66f9d00c-1e97-4252-958c-bed5a531abda: start FollowerState
2019-10-18 14:01:59,318 [Thread-1985] INFO  impl.FollowerState (FollowerState.java:run(117)) - 66f9d00c-1e97-4252-958c-bed5a531abda@group-E964BE911FCC-FollowerState was interrupted: java.lang.InterruptedException: sleep interrupted
2019-10-18 14:01:59,344 [92ce6e48-4722-407a-9620-5998c6999257@group-E964BE911FCC-LeaderElection265] INFO  impl.LeaderElection (LeaderElection.java:logAndReturn(56)) - 92ce6e48-4722-407a-9620-5998c6999257@group-E964BE911FCC-LeaderElection265: Election REJECTED; received 2 response(s) [92ce6e48-4722-407a-9620-5998c6999257<-6cbfae60-ea29-4abc-a49d-ef94f4bd513a#0:FAIL-t289, 92ce6e48-4722-407a-9620-5998c6999257<-66f9d00c-1e97-4252-958c-bed5a531abda#0:FAIL-t289] and 0 exception(s); 92ce6e48-4722-407a-9620-5998c6999257@group-E964BE911FCC:t289, leader=null, voted=92ce6e48-4722-407a-9620-5998c6999257, raftlog=92ce6e48-4722-407a-9620-5998c6999257@group-E964BE911FCC-SegmentedRaftLog:OPENED:c-1,f-1,i0, conf=-1: [6cbfae60-ea29-4abc-a49d-ef94f4bd513a:192.168.69.85:36685, 66f9d00c-1e97-4252-958c-bed5a531abda:192.168.69.85:45996, 92ce6e48-4722-407a-9620-5998c6999257:192.168.69.85:34971], old=null
2019-10-18 14:01:59,344 [92ce6e48-4722-407a-9620-5998c6999257@group-E964BE911FCC-LeaderElection265] INFO  impl.RaftServerImpl (RaftServerImpl.java:setRole(184)) - 92ce6e48-4722-407a-9620-5998c6999257@group-E964BE911FCC: changes role from CANDIDATE to FOLLOWER at term 289 for DISCOVERED_A_NEW_TERM
2019-10-18 14:01:59,344 [92ce6e48-4722-407a-9620-5998c6999257@group-E964BE911FCC-LeaderElection265] INFO  impl.RoleInfo (RoleInfo.java:shutdownLeaderElection(134)) - 92ce6e48-4722-407a-9620-5998c6999257: shutdown LeaderElection
2019-10-18 14:01:59,345 [92ce6e48-4722-407a-9620-5998c6999257@group-E964BE911FCC-LeaderElection265] INFO  impl.RoleInfo (RoleInfo.java:updateAndGet(143)) - 92ce6e48-4722-407a-9620-5998c6999257: start FollowerState
2019-10-18 14:01:59,545 [Thread-1992] INFO  impl.FollowerState (FollowerState.java:run(108)) - 92ce6e48-4722-407a-9620-5998c6999257@group-E964BE911FCC-FollowerState: change to CANDIDATE, lastRpcTime:200ms, electionTimeout:200ms
2019-10-18 14:01:59,545 [Thread-1992] INFO  impl.RoleInfo (RoleInfo.java:shutdownFollowerState(121)) - 92ce6e48-4722-407a-9620-5998c6999257: shutdown FollowerState
2019-10-18 14:01:59,545 [Thread-1992] INFO  impl.RaftServerImpl (RaftServerImpl.java:setRole(184)) - 92ce6e48-4722-407a-9620-5998c6999257@group-E964BE911FCC: changes role from  FOLLOWER to CANDIDATE at term 289 for changeToCandidate
2019-10-18 14:01:59,545 [Thread-1992] INFO  impl.RoleInfo (RoleInfo.java:updateAndGet(143)) - 92ce6e48-4722-407a-9620-5998c6999257: start LeaderElection
2019-10-18 14:01:59,571 [92ce6e48-4722-407a-9620-5998c6999257@group-E964BE911FCC-LeaderElection266] INFO  impl.LeaderElection (LeaderElection.java:askForVotes(178)) - 92ce6e48-4722-407a-9620-5998c6999257@group-E964BE911FCC-LeaderElection266: begin an election at term 290 for -1: [6cbfae60-ea29-4abc-a49d-ef94f4bd513a:192.168.69.85:36685, 66f9d00c-1e97-4252-958c-bed5a531abda:192.168.69.85:45996, 92ce6e48-4722-407a-9620-5998c6999257:192.168.69.85:34971], old=null
2019-10-18 14:01:59,573 [grpc-default-executor-1] INFO  impl.RaftServerImpl (RaftServerImpl.java:setRole(184)) - 66f9d00c-1e97-4252-958c-bed5a531abda@group-E964BE911FCC: changes role from  FOLLOWER to FOLLOWER at term 290 for recognizeCandidate:92ce6e48-4722-407a-9620-5998c6999257
2019-10-18 14:01:59,574 [grpc-default-executor-4] INFO  impl.RaftServerImpl (RaftServerImpl.java:setRole(184)) - 6cbfae60-ea29-4abc-a49d-ef94f4bd513a@group-E964BE911FCC: changes role from  FOLLOWER to FOLLOWER at term 290 for recognizeCandidate:92ce6e48-4722-407a-9620-5998c6999257
2019-10-18 14:01:59,574 [grpc-default-executor-1] INFO  impl.RoleInfo (RoleInfo.java:shutdownFollowerState(121)) - 66f9d00c-1e97-4252-958c-bed5a531abda: shutdown FollowerState
2019-10-18 14:01:59,574 [grpc-default-executor-4] INFO  impl.RoleInfo (RoleInfo.java:shutdownFollowerState(121)) - 6cbfae60-ea29-4abc-a49d-ef94f4bd513a: shutdown FollowerState
2019-10-18 14:01:59,574 [Thread-1991] INFO  impl.FollowerState (FollowerState.java:run(117)) - 66f9d00c-1e97-4252-958c-bed5a531abda@group-E964BE911FCC-FollowerState was interrupted: java.lang.InterruptedException: sleep interrupted
2019-10-18 14:01:59,574 [grpc-default-executor-1] INFO  impl.RoleInfo (RoleInfo.java:updateAndGet(143)) - 66f9d00c-1e97-4252-958c-bed5a531abda: start FollowerState
2019-10-18 14:01:59,574 [Thread-1990] INFO  impl.FollowerState (FollowerState.java:run(117)) - 6cbfae60-ea29-4abc-a49d-ef94f4bd513a@group-E964BE911FCC-FollowerState was interrupted: java.lang.InterruptedException: sleep interrupted
2019-10-18 14:01:59,574 [grpc-default-executor-4] INFO  impl.RoleInfo (RoleInfo.java:updateAndGet(143)) - 6cbfae60-ea29-4abc-a49d-ef94f4bd513a: start FollowerState
2019-10-18 14:01:59,578 [92ce6e48-4722-407a-9620-5998c6999257@group-E964BE911FCC-LeaderElection266] INFO  impl.LeaderElection (LeaderElection.java:logAndReturn(56)) - 92ce6e48-4722-407a-9620-5998c6999257@group-E964BE911FCC-LeaderElection266: Election TIMEOUT; received 0 response(s) [] and 0 exception(s); 92ce6e48-4722-407a-9620-5998c6999257@group-E964BE911FCC:t290, leader=null, voted=92ce6e48-4722-407a-9620-5998c6999257, raftlog=92ce6e48-4722-407a-9620-5998c6999257@group-E964BE911FCC-SegmentedRaftLog:OPENED:c-1,f-1,i0, conf=-1: [6cbfae60-ea29-4abc-a49d-ef94f4bd513a:192.168.69.85:36685, 66f9d00c-1e97-4252-958c-bed5a531abda:192.168.69.85:45996, 92ce6e48-4722-407a-9620-5998c6999257:192.168.69.85:34971], old=null
2019-10-18 14:01:59,588 [92ce6e48-4722-407a-9620-5998c6999257@group-E964BE911FCC-LeaderElection266] INFO  impl.LeaderElection (LeaderElection.java:askForVotes(178)) - 92ce6e48-4722-407a-9620-5998c6999257@group-E964BE911FCC-LeaderElection266: begin an election at term 291 for -1: [6cbfae60-ea29-4abc-a49d-ef94f4bd513a:192.168.69.85:36685, 66f9d00c-1e97-4252-958c-bed5a531abda:192.168.69.85:45996, 92ce6e48-4722-407a-9620-5998c6999257:192.168.69.85:34971], old=null
2019-10-18 14:01:59,589 [grpc-default-executor-4] INFO  impl.RaftServerImpl (RaftServerImpl.java:setRole(184)) - 6cbfae60-ea29-4abc-a49d-ef94f4bd513a@group-E964BE911FCC: changes role from  FOLLOWER to FOLLOWER at term 291 for recognizeCandidate:92ce6e48-4722-407a-9620-5998c6999257
2019-10-18 14:01:59,589 [grpc-default-executor-4] INFO  impl.RoleInfo (RoleInfo.java:shutdownFollowerState(121)) - 6cbfae60-ea29-4abc-a49d-ef94f4bd513a: shutdown FollowerState
2019-10-18 14:01:59,589 [grpc-default-executor-1] INFO  impl.RaftServerImpl (RaftServerImpl.java:setRole(184)) - 66f9d00c-1e97-4252-958c-bed5a531abda@group-E964BE911FCC: changes role from  FOLLOWER to FOLLOWER at term 291 for recognizeCandidate:92ce6e48-4722-407a-9620-5998c6999257
2019-10-18 14:01:59,590 [Thread-1999] INFO  impl.FollowerState (FollowerState.java:run(117)) - 6cbfae60-ea29-4abc-a49d-ef94f4bd513a@group-E964BE911FCC-FollowerState was interrupted: java.lang.InterruptedException: sleep interrupted
2019-10-18 14:01:59,589 [grpc-default-executor-4] INFO  impl.RoleInfo (RoleInfo.java:updateAndGet(143)) - 6cbfae60-ea29-4abc-a49d-ef94f4bd513a: start FollowerState
2019-10-18 14:01:59,590 [grpc-default-executor-1] INFO  impl.RoleInfo (RoleInfo.java:shutdownFollowerState(121)) - 66f9d00c-1e97-4252-958c-bed5a531abda: shutdown FollowerState
2019-10-18 14:01:59,590 [grpc-default-executor-1] INFO  impl.RoleInfo (RoleInfo.java:updateAndGet(143)) - 66f9d00c-1e97-4252-958c-bed5a531abda: start FollowerState
2019-10-18 14:01:59,590 [Thread-1998] INFO  impl.FollowerState (FollowerState.java:run(117)) - 66f9d00c-1e97-4252-958c-bed5a531abda@group-E964BE911FCC-FollowerState was interrupted: java.lang.InterruptedException: sleep interrupted
2019-10-18 14:01:59,627 [92ce6e48-4722-407a-9620-5998c6999257@group-E964BE911FCC-LeaderElection266] INFO  impl.LeaderElection (LeaderElection.java:logAndReturn(56)) - 92ce6e48-4722-407a-9620-5998c6999257@group-E964BE911FCC-LeaderElection266: Election REJECTED; received 2 response(s) [92ce6e48-4722-407a-9620-5998c6999257<-6cbfae60-ea29-4abc-a49d-ef94f4bd513a#0:FAIL-t291, 92ce6e48-4722-407a-9620-5998c6999257<-66f9d00c-1e97-4252-958c-bed5a531abda#0:FAIL-t291] and 0 exception(s); 92ce6e48-4722-407a-9620-5998c6999257@group-E964BE911FCC:t291, leader=null, voted=92ce6e48-4722-407a-9620-5998c6999257, raftlog=92ce6e48-4722-407a-9620-5998c6999257@group-E964BE911FCC-SegmentedRaftLog:OPENED:c-1,f-1,i0, conf=-1: [6cbfae60-ea29-4abc-a49d-ef94f4bd513a:192.168.69.85:36685, 66f9d00c-1e97-4252-958c-bed5a531abda:192.168.69.85:45996, 92ce6e48-4722-407a-9620-5998c6999257:192.168.69.85:34971], old=null
2019-10-18 14:01:59,628 [92ce6e48-4722-407a-9620-5998c6999257@group-E964BE911FCC-LeaderElection266] INFO  impl.RaftServerImpl (RaftServerImpl.java:setRole(184)) - 92ce6e48-4722-407a-9620-5998c6999257@group-E964BE911FCC: changes role from CANDIDATE to FOLLOWER at term 291 for DISCOVERED_A_NEW_TERM
2019-10-18 14:01:59,628 [92ce6e48-4722-407a-9620-5998c6999257@group-E964BE911FCC-LeaderElection266] INFO  impl.RoleInfo (RoleInfo.java:shutdownLeaderElection(134)) - 92ce6e48-4722-407a-9620-5998c6999257: shutdown LeaderElection
2019-10-18 14:01:59,628 [92ce6e48-4722-407a-9620-5998c6999257@group-E964BE911FCC-LeaderElection266] INFO  impl.RoleInfo (RoleInfo.java:updateAndGet(143)) - 92ce6e48-4722-407a-9620-5998c6999257: start FollowerState
2019-10-18 14:01:59,678 [Thread-2004] INFO  impl.FollowerState (FollowerState.java:run(108)) - 92ce6e48-4722-407a-9620-5998c6999257@group-E964BE911FCC-FollowerState: change to CANDIDATE, lastRpcTime:50ms, electionTimeout:50ms
2019-10-18 14:01:59,678 [Thread-2004] INFO  impl.RoleInfo (RoleInfo.java:shutdownFollowerState(121)) - 92ce6e48-4722-407a-9620-5998c6999257: shutdown FollowerState
2019-10-18 14:01:59,679 [Thread-2004] INFO  impl.RaftServerImpl (RaftServerImpl.java:setRole(184)) - 92ce6e48-4722-407a-9620-5998c6999257@group-E964BE911FCC: changes role from  FOLLOWER to CANDIDATE at term 291 for changeToCandidate
2019-10-18 14:01:59,679 [Thread-2004] INFO  impl.RoleInfo (RoleInfo.java:updateAndGet(143)) - 92ce6e48-4722-407a-9620-5998c6999257: start LeaderElection
2019-10-18 14:01:59,692 [92ce6e48-4722-407a-9620-5998c6999257@group-E964BE911FCC-LeaderElection267] INFO  impl.LeaderElection (LeaderElection.java:askForVotes(178)) - 92ce6e48-4722-407a-9620-5998c6999257@group-E964BE911FCC-LeaderElection267: begin an election at term 292 for -1: [6cbfae60-ea29-4abc-a49d-ef94f4bd513a:192.168.69.85:36685, 66f9d00c-1e97-4252-958c-bed5a531abda:192.168.69.85:45996, 92ce6e48-4722-407a-9620-5998c6999257:192.168.69.85:34971], old=null
2019-10-18 14:01:59,694 [grpc-default-executor-1] INFO  impl.RaftServerImpl (RaftServerImpl.java:setRole(184)) - 6cbfae60-ea29-4abc-a49d-ef94f4bd513a@group-E964BE911FCC: changes role from  FOLLOWER to FOLLOWER at term 292 for recognizeCandidate:92ce6e48-4722-407a-9620-5998c6999257
2019-10-18 14:01:59,695 [grpc-default-executor-1] INFO  impl.RoleInfo (RoleInfo.java:shutdownFollowerState(121)) - 6cbfae60-ea29-4abc-a49d-ef94f4bd513a: shutdown FollowerState
2019-10-18 14:01:59,695 [grpc-default-executor-1] INFO  impl.RoleInfo (RoleInfo.java:updateAndGet(143)) - 6cbfae60-ea29-4abc-a49d-ef94f4bd513a: start FollowerState
2019-10-18 14:01:59,695 [Thread-2002] INFO  impl.FollowerState (FollowerState.java:run(117)) - 6cbfae60-ea29-4abc-a49d-ef94f4bd513a@group-E964BE911FCC-FollowerState was interrupted: java.lang.InterruptedException: sleep interrupted
2019-10-18 14:01:59,695 [grpc-default-executor-4] INFO  impl.RaftServerImpl (RaftServerImpl.java:setRole(184)) - 66f9d00c-1e97-4252-958c-bed5a531abda@group-E964BE911FCC: changes role from  FOLLOWER to FOLLOWER at term 292 for recognizeCandidate:92ce6e48-4722-407a-9620-5998c6999257
2019-10-18 14:01:59,695 [grpc-default-executor-4] INFO  impl.RoleInfo (RoleInfo.java:shutdownFollowerState(121)) - 66f9d00c-1e97-4252-958c-bed5a531abda: shutdown FollowerState
2019-10-18 14:01:59,695 [grpc-default-executor-4] INFO  impl.RoleInfo (RoleInfo.java:updateAndGet(143)) - 66f9d00c-1e97-4252-958c-bed5a531abda: start FollowerState
2019-10-18 14:01:59,695 [Thread-2003] INFO  impl.FollowerState (FollowerState.java:run(117)) - 66f9d00c-1e97-4252-958c-bed5a531abda@group-E964BE911FCC-FollowerState was interrupted: java.lang.InterruptedException: sleep interrupted
2019-10-18 14:01:59,709 [92ce6e48-4722-407a-9620-5998c6999257@group-E964BE911FCC-LeaderElection267] INFO  impl.LeaderElection (LeaderElection.java:logAndReturn(56)) - 92ce6e48-4722-407a-9620-5998c6999257@group-E964BE911FCC-LeaderElection267: Election REJECTED; received 2 response(s) [92ce6e48-4722-407a-9620-5998c6999257<-6cbfae60-ea29-4abc-a49d-ef94f4bd513a#0:FAIL-t292, 92ce6e48-4722-407a-9620-5998c6999257<-66f9d00c-1e97-4252-958c-bed5a531abda#0:FAIL-t292] and 0 exception(s); 92ce6e48-4722-407a-9620-5998c6999257@group-E964BE911FCC:t292, leader=null, voted=92ce6e48-4722-407a-9620-5998c6999257, raftlog=92ce6e48-4722-407a-9620-5998c6999257@group-E964BE911FCC-SegmentedRaftLog:OPENED:c-1,f-1,i0, conf=-1: [6cbfae60-ea29-4abc-a49d-ef94f4bd513a:192.168.69.85:36685, 66f9d00c-1e97-4252-958c-bed5a531abda:192.168.69.85:45996, 92ce6e48-4722-407a-9620-5998c6999257:192.168.69.85:34971], old=null
2019-10-18 14:01:59,709 [92ce6e48-4722-407a-9620-5998c6999257@group-E964BE911FCC-LeaderElection267] INFO  impl.RaftServerImpl (RaftServerImpl.java:setRole(184)) - 92ce6e48-4722-407a-9620-5998c6999257@group-E964BE911FCC: changes role from CANDIDATE to FOLLOWER at term 292 for DISCOVERED_A_NEW_TERM
2019-10-18 14:01:59,709 [92ce6e48-4722-407a-9620-5998c6999257@group-E964BE911FCC-LeaderElection267] INFO  impl.RoleInfo (RoleInfo.java:shutdownLeaderElection(134)) - 92ce6e48-4722-407a-9620-5998c6999257: shutdown LeaderElection
2019-10-18 14:01:59,709 [92ce6e48-4722-407a-9620-5998c6999257@group-E964BE911FCC-LeaderElection267] INFO  impl.RoleInfo (RoleInfo.java:updateAndGet(143)) - 92ce6e48-4722-407a-9620-5998c6999257: start FollowerState
2019-10-18 14:01:59,779 [Thread-2010] INFO  impl.FollowerState (FollowerState.java:run(108)) - 92ce6e48-4722-407a-9620-5998c6999257@group-E964BE911FCC-FollowerState: change to CANDIDATE, lastRpcTime:69ms, electionTimeout:69ms
2019-10-18 14:01:59,779 [Thread-2010] INFO  impl.RoleInfo (RoleInfo.java:shutdownFollowerState(121)) - 92ce6e48-4722-407a-9620-5998c6999257: shutdown FollowerState
2019-10-18 14:01:59,779 [Thread-2010] INFO  impl.RaftServerImpl (RaftServerImpl.java:setRole(184)) - 92ce6e48-4722-407a-9620-5998c6999257@group-E964BE911FCC: changes role from  FOLLOWER to CANDIDATE at term 292 for changeToCandidate
2019-10-18 14:01:59,779 [Thread-2010] INFO  impl.RoleInfo (RoleInfo.java:updateAndGet(143)) - 92ce6e48-4722-407a-9620-5998c6999257: start LeaderElection
2019-10-18 14:01:59,794 [92ce6e48-4722-407a-9620-5998c6999257@group-E964BE911FCC-LeaderElection268] INFO  impl.LeaderElection (LeaderElection.java:askForVotes(178)) - 92ce6e48-4722-407a-9620-5998c6999257@group-E964BE911FCC-LeaderElection268: begin an election at term 293 for -1: [6cbfae60-ea29-4abc-a49d-ef94f4bd513a:192.168.69.85:36685, 66f9d00c-1e97-4252-958c-bed5a531abda:192.168.69.85:45996, 92ce6e48-4722-407a-9620-5998c6999257:192.168.69.85:34971], old=null
2019-10-18 14:01:59,795 [grpc-default-executor-1] INFO  impl.RaftServerImpl (RaftServerImpl.java:setRole(184)) - 6cbfae60-ea29-4abc-a49d-ef94f4bd513a@group-E964BE911FCC: changes role from  FOLLOWER to FOLLOWER at term 293 for recognizeCandidate:92ce6e48-4722-407a-9620-5998c6999257
2019-10-18 14:01:59,795 [grpc-default-executor-4] INFO  impl.RaftServerImpl (RaftServerImpl.java:setRole(184)) - 66f9d00c-1e97-4252-958c-bed5a531abda@group-E964BE911FCC: changes role from  FOLLOWER to FOLLOWER at term 293 for recognizeCandidate:92ce6e48-4722-407a-9620-5998c6999257
2019-10-18 14:01:59,796 [grpc-default-executor-1] INFO  impl.RoleInfo (RoleInfo.java:shutdownFollowerState(121)) - 6cbfae60-ea29-4abc-a49d-ef94f4bd513a: shutdown FollowerState
2019-10-18 14:01:59,796 [grpc-default-executor-4] INFO  impl.RoleInfo (RoleInfo.java:shutdownFollowerState(121)) - 66f9d00c-1e97-4252-958c-bed5a531abda: shutdown FollowerState
2019-10-18 14:01:59,796 [Thread-2008] INFO  impl.FollowerState (FollowerState.java:run(117)) - 6cbfae60-ea29-4abc-a49d-ef94f4bd513a@group-E964BE911FCC-FollowerState was interrupted: java.lang.InterruptedException: sleep interrupted
2019-10-18 14:01:59,796 [grpc-default-executor-1] INFO  impl.RoleInfo (RoleInfo.java:updateAndGet(143)) - 6cbfae60-ea29-4abc-a49d-ef94f4bd513a: start FollowerState
2019-10-18 14:01:59,796 [grpc-default-executor-4] INFO  impl.RoleInfo (RoleInfo.java:updateAndGet(143)) - 66f9d00c-1e97-4252-958c-bed5a531abda: start FollowerState
2019-10-18 14:01:59,796 [Thread-2009] INFO  impl.FollowerState (FollowerState.java:run(117)) - 66f9d00c-1e97-4252-958c-bed5a531abda@group-E964BE911FCC-FollowerState was interrupted: java.lang.InterruptedException: sleep interrupted
2019-10-18 14:01:59,812 [92ce6e48-4722-407a-9620-5998c6999257@group-E964BE911FCC-LeaderElection268] INFO  impl.LeaderElection (LeaderElection.java:logAndReturn(56)) - 92ce6e48-4722-407a-9620-5998c6999257@group-E964BE911FCC-LeaderElection268: Election REJECTED; received 2 response(s) [92ce6e48-4722-407a-9620-5998c6999257<-6cbfae60-ea29-4abc-a49d-ef94f4bd513a#0:FAIL-t293, 92ce6e48-4722-407a-9620-5998c6999257<-66f9d00c-1e97-4252-958c-bed5a531abda#0:FAIL-t293] and 0 exception(s); 92ce6e48-4722-407a-9620-5998c6999257@group-E964BE911FCC:t293, leader=null, voted=92ce6e48-4722-407a-9620-5998c6999257, raftlog=92ce6e48-4722-407a-9620-5998c6999257@group-E964BE911FCC-SegmentedRaftLog:OPENED:c-1,f-1,i0, conf=-1: [6cbfae60-ea29-4abc-a49d-ef94f4bd513a:192.168.69.85:36685, 66f9d00c-1e97-4252-958c-bed5a531abda:192.168.69.85:45996, 92ce6e48-4722-407a-9620-5998c6999257:192.168.69.85:34971], old=null
2019-10-18 14:01:59,812 [92ce6e48-4722-407a-9620-5998c6999257@group-E964BE911FCC-LeaderElection268] INFO  impl.RaftServerImpl (RaftServerImpl.java:setRole(184)) - 92ce6e48-4722-407a-9620-5998c6999257@group-E964BE911FCC: changes role from CANDIDATE to FOLLOWER at term 293 for DISCOVERED_A_NEW_TERM
2019-10-18 14:01:59,812 [92ce6e48-4722-407a-9620-5998c6999257@group-E964BE911FCC-LeaderElection268] INFO  impl.RoleInfo (RoleInfo.java:shutdownLeaderElection(134)) - 92ce6e48-4722-407a-9620-5998c6999257: shutdown LeaderElection
2019-10-18 14:01:59,812 [92ce6e48-4722-407a-9620-5998c6999257@group-E964BE911FCC-LeaderElection268] INFO  impl.RoleInfo (RoleInfo.java:updateAndGet(143)) - 92ce6e48-4722-407a-9620-5998c6999257: start FollowerState
2019-10-18 14:01:59,977 [Thread-2016] INFO  impl.FollowerState (FollowerState.java:run(108)) - 92ce6e48-4722-407a-9620-5998c6999257@group-E964BE911FCC-FollowerState: change to CANDIDATE, lastRpcTime:164ms, electionTimeout:164ms
2019-10-18 14:01:59,977 [Thread-2016] INFO  impl.RoleInfo (RoleInfo.java:shutdownFollowerState(121)) - 92ce6e48-4722-407a-9620-5998c6999257: shutdown FollowerState
2019-10-18 14:01:59,977 [Thread-2016] INFO  impl.RaftServerImpl (RaftServerImpl.java:setRole(184)) - 92ce6e48-4722-407a-9620-5998c6999257@group-E964BE911FCC: changes role from  FOLLOWER to CANDIDATE at term 293 for changeToCandidate
2019-10-18 14:01:59,977 [Thread-2016] INFO  impl.RoleInfo (RoleInfo.java:updateAndGet(143)) - 92ce6e48-4722-407a-9620-5998c6999257: start LeaderElection
2019-10-18 14:02:00,003 [92ce6e48-4722-407a-9620-5998c6999257@group-E964BE911FCC-LeaderElection269] INFO  impl.LeaderElection (LeaderElection.java:askForVotes(178)) - 92ce6e48-4722-407a-9620-5998c6999257@group-E964BE911FCC-LeaderElection269: begin an election at term 294 for -1: [6cbfae60-ea29-4abc-a49d-ef94f4bd513a:192.168.69.85:36685, 66f9d00c-1e97-4252-958c-bed5a531abda:192.168.69.85:45996, 92ce6e48-4722-407a-9620-5998c6999257:192.168.69.85:34971], old=null
2019-10-18 14:02:00,005 [grpc-default-executor-4] INFO  impl.RaftServerImpl (RaftServerImpl.java:setRole(184)) - 66f9d00c-1e97-4252-958c-bed5a531abda@group-E964BE911FCC: changes role from  FOLLOWER to FOLLOWER at term 294 for recognizeCandidate:92ce6e48-4722-407a-9620-5998c6999257
2019-10-18 14:02:00,006 [grpc-default-executor-4] INFO  impl.RoleInfo (RoleInfo.java:shutdownFollowerState(121)) - 66f9d00c-1e97-4252-958c-bed5a531abda: shutdown FollowerState
2019-10-18 14:02:00,006 [grpc-default-executor-1] INFO  impl.RaftServerImpl (RaftServerImpl.java:setRole(184)) - 6cbfae60-ea29-4abc-a49d-ef94f4bd513a@group-E964BE911FCC: changes role from  FOLLOWER to FOLLOWER at term 294 for recognizeCandidate:92ce6e48-4722-407a-9620-5998c6999257
2019-10-18 14:02:00,006 [grpc-default-executor-1] INFO  impl.RoleInfo (RoleInfo.java:shutdownFollowerState(121)) - 6cbfae60-ea29-4abc-a49d-ef94f4bd513a: shutdown FollowerState
2019-10-18 14:02:00,006 [Thread-2015] INFO  impl.FollowerState (FollowerState.java:run(117)) - 66f9d00c-1e97-4252-958c-bed5a531abda@group-E964BE911FCC-FollowerState was interrupted: java.lang.InterruptedException: sleep interrupted
2019-10-18 14:02:00,006 [grpc-default-executor-4] INFO  impl.RoleInfo (RoleInfo.java:updateAndGet(143)) - 66f9d00c-1e97-4252-958c-bed5a531abda: start FollowerState
2019-10-18 14:02:00,006 [Thread-2014] INFO  impl.FollowerState (FollowerState.java:run(117)) - 6cbfae60-ea29-4abc-a49d-ef94f4bd513a@group-E964BE911FCC-FollowerState was interrupted: java.lang.InterruptedException: sleep interrupted
2019-10-18 14:02:00,006 [grpc-default-executor-1] INFO  impl.RoleInfo (RoleInfo.java:updateAndGet(143)) - 6cbfae60-ea29-4abc-a49d-ef94f4bd513a: start FollowerState
2019-10-18 14:02:00,032 [92ce6e48-4722-407a-9620-5998c6999257@group-E964BE911FCC-LeaderElection269] INFO  impl.LeaderElection (LeaderElection.java:logAndReturn(56)) - 92ce6e48-4722-407a-9620-5998c6999257@group-E964BE911FCC-LeaderElection269: Election REJECTED; received 2 response(s) [92ce6e48-4722-407a-9620-5998c6999257<-6cbfae60-ea29-4abc-a49d-ef94f4bd513a#0:FAIL-t294, 92ce6e48-4722-407a-9620-5998c6999257<-66f9d00c-1e97-4252-958c-bed5a531abda#0:FAIL-t294] and 0 exception(s); 92ce6e48-4722-407a-9620-5998c6999257@group-E964BE911FCC:t294, leader=null, voted=92ce6e48-4722-407a-9620-5998c6999257, raftlog=92ce6e48-4722-407a-9620-5998c6999257@group-E964BE911FCC-SegmentedRaftLog:OPENED:c-1,f-1,i0, conf=-1: [6cbfae60-ea29-4abc-a49d-ef94f4bd513a:192.168.69.85:36685, 66f9d00c-1e97-4252-958c-bed5a531abda:192.168.69.85:45996, 92ce6e48-4722-407a-9620-5998c6999257:192.168.69.85:34971], old=null
2019-10-18 14:02:00,032 [92ce6e48-4722-407a-9620-5998c6999257@group-E964BE911FCC-LeaderElection269] INFO  impl.RaftServerImpl (RaftServerImpl.java:setRole(184)) - 92ce6e48-4722-407a-9620-5998c6999257@group-E964BE911FCC: changes role from CANDIDATE to FOLLOWER at term 294 for DISCOVERED_A_NEW_TERM
2019-10-18 14:02:00,032 [92ce6e48-4722-407a-9620-5998c6999257@group-E964BE911FCC-LeaderElection269] INFO  impl.RoleInfo (RoleInfo.java:shutdownLeaderElection(134)) - 92ce6e48-4722-407a-9620-5998c6999257: shutdown LeaderElection
2019-10-18 14:02:00,032 [92ce6e48-4722-407a-9620-5998c6999257@group-E964BE911FCC-LeaderElection269] INFO  impl.RoleInfo (RoleInfo.java:updateAndGet(143)) - 92ce6e48-4722-407a-9620-5998c6999257: start FollowerState
2019-10-18 14:02:00,104 [Thread-2022] INFO  impl.FollowerState (FollowerState.java:run(108)) - 92ce6e48-4722-407a-9620-5998c6999257@group-E964BE911FCC-FollowerState: change to CANDIDATE, lastRpcTime:71ms, electionTimeout:71ms
2019-10-18 14:02:00,104 [Thread-2022] INFO  impl.RoleInfo (RoleInfo.java:shutdownFollowerState(121)) - 92ce6e48-4722-407a-9620-5998c6999257: shutdown FollowerState
2019-10-18 14:02:00,104 [Thread-2022] INFO  impl.RaftServerImpl (RaftServerImpl.java:setRole(184)) - 92ce6e48-4722-407a-9620-5998c6999257@group-E964BE911FCC: changes role from  FOLLOWER to CANDIDATE at term 294 for changeToCandidate
2019-10-18 14:02:00,104 [Thread-2022] INFO  impl.RoleInfo (RoleInfo.java:updateAndGet(143)) - 92ce6e48-4722-407a-9620-5998c6999257: start LeaderElection
2019-10-18 14:02:00,119 [92ce6e48-4722-407a-9620-5998c6999257@group-E964BE911FCC-LeaderElection270] INFO  impl.LeaderElection (LeaderElection.java:askForVotes(178)) - 92ce6e48-4722-407a-9620-5998c6999257@group-E964BE911FCC-LeaderElection270: begin an election at term 295 for -1: [6cbfae60-ea29-4abc-a49d-ef94f4bd513a:192.168.69.85:36685, 66f9d00c-1e97-4252-958c-bed5a531abda:192.168.69.85:45996, 92ce6e48-4722-407a-9620-5998c6999257:192.168.69.85:34971], old=null
2019-10-18 14:02:00,121 [grpc-default-executor-4] INFO  impl.RaftServerImpl (RaftServerImpl.java:setRole(184)) - 6cbfae60-ea29-4abc-a49d-ef94f4bd513a@group-E964BE911FCC: changes role from  FOLLOWER to FOLLOWER at term 295 for recognizeCandidate:92ce6e48-4722-407a-9620-5998c6999257
2019-10-18 14:02:00,122 [grpc-default-executor-4] INFO  impl.RoleInfo (RoleInfo.java:shutdownFollowerState(121)) - 6cbfae60-ea29-4abc-a49d-ef94f4bd513a: shutdown FollowerState
2019-10-18 14:02:00,122 [grpc-default-executor-1] INFO  impl.RaftServerImpl (RaftServerImpl.java:setRole(184)) - 66f9d00c-1e97-4252-958c-bed5a531abda@group-E964BE911FCC: changes role from  FOLLOWER to FOLLOWER at term 295 for recognizeCandidate:92ce6e48-4722-407a-9620-5998c6999257
2019-10-18 14:02:00,122 [grpc-default-executor-1] INFO  impl.RoleInfo (RoleInfo.java:shutdownFollowerState(121)) - 66f9d00c-1e97-4252-958c-bed5a531abda: shutdown FollowerState
2019-10-18 14:02:00,122 [Thread-2021] INFO  impl.FollowerState (FollowerState.java:run(117)) - 6cbfae60-ea29-4abc-a49d-ef94f4bd513a@group-E964BE911FCC-FollowerState was interrupted: java.lang.InterruptedException: sleep interrupted
2019-10-18 14:02:00,122 [grpc-default-executor-4] INFO  impl.RoleInfo (RoleInfo.java:updateAndGet(143)) - 6cbfae60-ea29-4abc-a49d-ef94f4bd513a: start FollowerState
2019-10-18 14:02:00,122 [grpc-default-executor-1] INFO  impl.RoleInfo (RoleInfo.java:updateAndGet(143)) - 66f9d00c-1e97-4252-958c-bed5a531abda: start FollowerState
2019-10-18 14:02:00,122 [Thread-2020] INFO  impl.FollowerState (FollowerState.java:run(117)) - 66f9d00c-1e97-4252-958c-bed5a531abda@group-E964BE911FCC-FollowerState was interrupted: java.lang.InterruptedException: sleep interrupted
2019-10-18 14:02:00,136 [92ce6e48-4722-407a-9620-5998c6999257@group-E964BE911FCC-LeaderElection270] INFO  impl.LeaderElection (LeaderElection.java:logAndReturn(56)) - 92ce6e48-4722-407a-9620-5998c6999257@group-E964BE911FCC-LeaderElection270: Election REJECTED; received 2 response(s) [92ce6e48-4722-407a-9620-5998c6999257<-6cbfae60-ea29-4abc-a49d-ef94f4bd513a#0:FAIL-t295, 92ce6e48-4722-407a-9620-5998c6999257<-66f9d00c-1e97-4252-958c-bed5a531abda#0:FAIL-t295] and 0 exception(s); 92ce6e48-4722-407a-9620-5998c6999257@group-E964BE911FCC:t295, leader=null, voted=92ce6e48-4722-407a-9620-5998c6999257, raftlog=92ce6e48-4722-407a-9620-5998c6999257@group-E964BE911FCC-SegmentedRaftLog:OPENED:c-1,f-1,i0, conf=-1: [6cbfae60-ea29-4abc-a49d-ef94f4bd513a:192.168.69.85:36685, 66f9d00c-1e97-4252-958c-bed5a531abda:192.168.69.85:45996, 92ce6e48-4722-407a-9620-5998c6999257:192.168.69.85:34971], old=null
2019-10-18 14:02:00,137 [92ce6e48-4722-407a-9620-5998c6999257@group-E964BE911FCC-LeaderElection270] INFO  impl.RaftServerImpl (RaftServerImpl.java:setRole(184)) - 92ce6e48-4722-407a-9620-5998c6999257@group-E964BE911FCC: changes role from CANDIDATE to FOLLOWER at term 295 for DISCOVERED_A_NEW_TERM
2019-10-18 14:02:00,137 [92ce6e48-4722-407a-9620-5998c6999257@group-E964BE911FCC-LeaderElection270] INFO  impl.RoleInfo (RoleInfo.java:shutdownLeaderElection(134)) - 92ce6e48-4722-407a-9620-5998c6999257: shutdown LeaderElection
2019-10-18 14:02:00,137 [92ce6e48-4722-407a-9620-5998c6999257@group-E964BE911FCC-LeaderElection270] INFO  impl.RoleInfo (RoleInfo.java:updateAndGet(143)) - 92ce6e48-4722-407a-9620-5998c6999257: start FollowerState
2019-10-18 14:02:00,217 [Thread-2028] INFO  impl.FollowerState (FollowerState.java:run(108)) - 92ce6e48-4722-407a-9620-5998c6999257@group-E964BE911FCC-FollowerState: change to CANDIDATE, lastRpcTime:80ms, electionTimeout:80ms
2019-10-18 14:02:00,217 [Thread-2028] INFO  impl.RoleInfo (RoleInfo.java:shutdownFollowerState(121)) - 92ce6e48-4722-407a-9620-5998c6999257: shutdown FollowerState
2019-10-18 14:02:00,218 [Thread-2028] INFO  impl.RaftServerImpl (RaftServerImpl.java:setRole(184)) - 92ce6e48-4722-407a-9620-5998c6999257@group-E964BE911FCC: changes role from  FOLLOWER to CANDIDATE at term 295 for changeToCandidate
2019-10-18 14:02:00,218 [Thread-2028] INFO  impl.RoleInfo (RoleInfo.java:updateAndGet(143)) - 92ce6e48-4722-407a-9620-5998c6999257: start LeaderElection
2019-10-18 14:02:00,233 [92ce6e48-4722-407a-9620-5998c6999257@group-E964BE911FCC-LeaderElection271] INFO  impl.LeaderElection (LeaderElection.java:askForVotes(178)) - 92ce6e48-4722-407a-9620-5998c6999257@group-E964BE911FCC-LeaderElection271: begin an election at term 296 for -1: [6cbfae60-ea29-4abc-a49d-ef94f4bd513a:192.168.69.85:36685, 66f9d00c-1e97-4252-958c-bed5a531abda:192.168.69.85:45996, 92ce6e48-4722-407a-9620-5998c6999257:192.168.69.85:34971], old=null
2019-10-18 14:02:00,235 [grpc-default-executor-4] INFO  impl.RaftServerImpl (RaftServerImpl.java:setRole(184)) - 6cbfae60-ea29-4abc-a49d-ef94f4bd513a@group-E964BE911FCC: changes role from  FOLLOWER to FOLLOWER at term 296 for recognizeCandidate:92ce6e48-4722-407a-9620-5998c6999257
2019-10-18 14:02:00,236 [grpc-default-executor-4] INFO  impl.RoleInfo (RoleInfo.java:shutdownFollowerState(121)) - 6cbfae60-ea29-4abc-a49d-ef94f4bd513a: shutdown FollowerState
2019-10-18 14:02:00,235 [grpc-default-executor-1] INFO  impl.RaftServerImpl (RaftServerImpl.java:setRole(184)) - 66f9d00c-1e97-4252-958c-bed5a531abda@group-E964BE911FCC: changes role from  FOLLOWER to FOLLOWER at term 296 for recognizeCandidate:92ce6e48-4722-407a-9620-5998c6999257
2019-10-18 14:02:00,236 [grpc-default-executor-1] INFO  impl.RoleInfo (RoleInfo.java:shutdownFollowerState(121)) - 66f9d00c-1e97-4252-958c-bed5a531abda: shutdown FollowerState
2019-10-18 14:02:00,236 [Thread-2026] INFO  impl.FollowerState (FollowerState.java:run(117)) - 6cbfae60-ea29-4abc-a49d-ef94f4bd513a@group-E964BE911FCC-FollowerState was interrupted: java.lang.InterruptedException: sleep interrupted
2019-10-18 14:02:00,236 [grpc-default-executor-4] INFO  impl.RoleInfo (RoleInfo.java:updateAndGet(143)) - 6cbfae60-ea29-4abc-a49d-ef94f4bd513a: start FollowerState
2019-10-18 14:02:00,236 [Thread-2027] INFO  impl.FollowerState (FollowerState.java:run(117)) - 66f9d00c-1e97-4252-958c-bed5a531abda@group-E964BE911FCC-FollowerState was interrupted: java.lang.InterruptedException: sleep interrupted
2019-10-18 14:02:00,236 [grpc-default-executor-1] INFO  impl.RoleInfo (RoleInfo.java:updateAndGet(143)) - 66f9d00c-1e97-4252-958c-bed5a531abda: start FollowerState
2019-10-18 14:02:00,255 [92ce6e48-4722-407a-9620-5998c6999257@group-E964BE911FCC-LeaderElection271] INFO  impl.LeaderElection (LeaderElection.java:logAndReturn(56)) - 92ce6e48-4722-407a-9620-5998c6999257@group-E964BE911FCC-LeaderElection271: Election TIMEOUT; received 0 response(s) [] and 0 exception(s); 92ce6e48-4722-407a-9620-5998c6999257@group-E964BE911FCC:t296, leader=null, voted=92ce6e48-4722-407a-9620-5998c6999257, raftlog=92ce6e48-4722-407a-9620-5998c6999257@group-E964BE911FCC-SegmentedRaftLog:OPENED:c-1,f-1,i0, conf=-1: [6cbfae60-ea29-4abc-a49d-ef94f4bd513a:192.168.69.85:36685, 66f9d00c-1e97-4252-958c-bed5a531abda:192.168.69.85:45996, 92ce6e48-4722-407a-9620-5998c6999257:192.168.69.85:34971], old=null
2019-10-18 14:02:00,264 [92ce6e48-4722-407a-9620-5998c6999257@group-E964BE911FCC-LeaderElection271] INFO  impl.LeaderElection (LeaderElection.java:askForVotes(178)) - 92ce6e48-4722-407a-9620-5998c6999257@group-E964BE911FCC-LeaderElection271: begin an election at term 297 for -1: [6cbfae60-ea29-4abc-a49d-ef94f4bd513a:192.168.69.85:36685, 66f9d00c-1e97-4252-958c-bed5a531abda:192.168.69.85:45996, 92ce6e48-4722-407a-9620-5998c6999257:192.168.69.85:34971], old=null
2019-10-18 14:02:00,266 [grpc-default-executor-4] INFO  impl.RaftServerImpl (RaftServerImpl.java:setRole(184)) - 6cbfae60-ea29-4abc-a49d-ef94f4bd513a@group-E964BE911FCC: changes role from  FOLLOWER to FOLLOWER at term 297 for recognizeCandidate:92ce6e48-4722-407a-9620-5998c6999257
2019-10-18 14:02:00,266 [grpc-default-executor-1] INFO  impl.RaftServerImpl (RaftServerImpl.java:setRole(184)) - 66f9d00c-1e97-4252-958c-bed5a531abda@group-E964BE911FCC: changes role from  FOLLOWER to FOLLOWER at term 297 for recognizeCandidate:92ce6e48-4722-407a-9620-5998c6999257
2019-10-18 14:02:00,266 [grpc-default-executor-4] INFO  impl.RoleInfo (RoleInfo.java:shutdownFollowerState(121)) - 6cbfae60-ea29-4abc-a49d-ef94f4bd513a: shutdown FollowerState
2019-10-18 14:02:00,266 [grpc-default-executor-1] INFO  impl.RoleInfo (RoleInfo.java:shutdownFollowerState(121)) - 66f9d00c-1e97-4252-958c-bed5a531abda: shutdown FollowerState
2019-10-18 14:02:00,267 [Thread-2032] INFO  impl.FollowerState (FollowerState.java:run(117)) - 6cbfae60-ea29-4abc-a49d-ef94f4bd513a@group-E964BE911FCC-FollowerState was interrupted: java.lang.InterruptedException: sleep interrupted
2019-10-18 14:02:00,267 [grpc-default-executor-4] INFO  impl.RoleInfo (RoleInfo.java:updateAndGet(143)) - 6cbfae60-ea29-4abc-a49d-ef94f4bd513a: start FollowerState
2019-10-18 14:02:00,267 [Thread-2033] INFO  impl.FollowerState (FollowerState.java:run(117)) - 66f9d00c-1e97-4252-958c-bed5a531abda@group-E964BE911FCC-FollowerState was interrupted: java.lang.InterruptedException: sleep interrupted
2019-10-18 14:02:00,267 [grpc-default-executor-1] INFO  impl.RoleInfo (RoleInfo.java:updateAndGet(143)) - 66f9d00c-1e97-4252-958c-bed5a531abda: start FollowerState
2019-10-18 14:02:00,281 [92ce6e48-4722-407a-9620-5998c6999257@group-E964BE911FCC-LeaderElection271] INFO  impl.LeaderElection (LeaderElection.java:logAndReturn(56)) - 92ce6e48-4722-407a-9620-5998c6999257@group-E964BE911FCC-LeaderElection271: Election REJECTED; received 2 response(s) [92ce6e48-4722-407a-9620-5998c6999257<-6cbfae60-ea29-4abc-a49d-ef94f4bd513a#0:FAIL-t297, 92ce6e48-4722-407a-9620-5998c6999257<-66f9d00c-1e97-4252-958c-bed5a531abda#0:FAIL-t297] and 0 exception(s); 92ce6e48-4722-407a-9620-5998c6999257@group-E964BE911FCC:t297, leader=null, voted=92ce6e48-4722-407a-9620-5998c6999257, raftlog=92ce6e48-4722-407a-9620-5998c6999257@group-E964BE911FCC-SegmentedRaftLog:OPENED:c-1,f-1,i0, conf=-1: [6cbfae60-ea29-4abc-a49d-ef94f4bd513a:192.168.69.85:36685, 66f9d00c-1e97-4252-958c-bed5a531abda:192.168.69.85:45996, 92ce6e48-4722-407a-9620-5998c6999257:192.168.69.85:34971], old=null
2019-10-18 14:02:00,281 [92ce6e48-4722-407a-9620-5998c6999257@group-E964BE911FCC-LeaderElection271] INFO  impl.RaftServerImpl (RaftServerImpl.java:setRole(184)) - 92ce6e48-4722-407a-9620-5998c6999257@group-E964BE911FCC: changes role from CANDIDATE to FOLLOWER at term 297 for DISCOVERED_A_NEW_TERM
2019-10-18 14:02:00,281 [92ce6e48-4722-407a-9620-5998c6999257@group-E964BE911FCC-LeaderElection271] INFO  impl.RoleInfo (RoleInfo.java:shutdownLeaderElection(134)) - 92ce6e48-4722-407a-9620-5998c6999257: shutdown LeaderElection
2019-10-18 14:02:00,281 [92ce6e48-4722-407a-9620-5998c6999257@group-E964BE911FCC-LeaderElection271] INFO  impl.RoleInfo (RoleInfo.java:updateAndGet(143)) - 92ce6e48-4722-407a-9620-5998c6999257: start FollowerState
2019-10-18 14:02:00,326 [Thread-2038] INFO  impl.FollowerState (FollowerState.java:run(108)) - 92ce6e48-4722-407a-9620-5998c6999257@group-E964BE911FCC-FollowerState: change to CANDIDATE, lastRpcTime:44ms, electionTimeout:44ms
2019-10-18 14:02:00,326 [Thread-2038] INFO  impl.RoleInfo (RoleInfo.java:shutdownFollowerState(121)) - 92ce6e48-4722-407a-9620-5998c6999257: shutdown FollowerState
2019-10-18 14:02:00,326 [Thread-2038] INFO  impl.RaftServerImpl (RaftServerImpl.java:setRole(184)) - 92ce6e48-4722-407a-9620-5998c6999257@group-E964BE911FCC: changes role from  FOLLOWER to CANDIDATE at term 297 for changeToCandidate
2019-10-18 14:02:00,326 [Thread-2038] INFO  impl.RoleInfo (RoleInfo.java:updateAndGet(143)) - 92ce6e48-4722-407a-9620-5998c6999257: start LeaderElection
2019-10-18 14:02:00,341 [92ce6e48-4722-407a-9620-5998c6999257@group-E964BE911FCC-LeaderElection272] INFO  impl.LeaderElection (LeaderElection.java:askForVotes(178)) - 92ce6e48-4722-407a-9620-5998c6999257@group-E964BE911FCC-LeaderElection272: begin an election at term 298 for -1: [6cbfae60-ea29-4abc-a49d-ef94f4bd513a:192.168.69.85:36685, 66f9d00c-1e97-4252-958c-bed5a531abda:192.168.69.85:45996, 92ce6e48-4722-407a-9620-5998c6999257:192.168.69.85:34971], old=null
2019-10-18 14:02:00,344 [grpc-default-executor-4] INFO  impl.RaftServerImpl (RaftServerImpl.java:setRole(184)) - 66f9d00c-1e97-4252-958c-bed5a531abda@group-E964BE911FCC: changes role from  FOLLOWER to FOLLOWER at term 298 for recognizeCandidate:92ce6e48-4722-407a-9620-5998c6999257
2019-10-18 14:02:00,345 [grpc-default-executor-1] INFO  impl.RaftServerImpl (RaftServerImpl.java:setRole(184)) - 6cbfae60-ea29-4abc-a49d-ef94f4bd513a@group-E964BE911FCC: changes role from  FOLLOWER to FOLLOWER at term 298 for recognizeCandidate:92ce6e48-4722-407a-9620-5998c6999257
2019-10-18 14:02:00,345 [grpc-default-executor-4] INFO  impl.RoleInfo (RoleInfo.java:shutdownFollowerState(121)) - 66f9d00c-1e97-4252-958c-bed5a531abda: shutdown FollowerState
2019-10-18 14:02:00,345 [grpc-default-executor-1] INFO  impl.RoleInfo (RoleInfo.java:shutdownFollowerState(121)) - 6cbfae60-ea29-4abc-a49d-ef94f4bd513a: shutdown FollowerState
2019-10-18 14:02:00,345 [grpc-default-executor-4] INFO  impl.RoleInfo (RoleInfo.java:updateAndGet(143)) - 66f9d00c-1e97-4252-958c-bed5a531abda: start FollowerState
2019-10-18 14:02:00,345 [Thread-2036] INFO  impl.FollowerState (FollowerState.java:run(117)) - 6cbfae60-ea29-4abc-a49d-ef94f4bd513a@group-E964BE911FCC-FollowerState was interrupted: java.lang.InterruptedException: sleep interrupted
2019-10-18 14:02:00,345 [grpc-default-executor-1] INFO  impl.RoleInfo (RoleInfo.java:updateAndGet(143)) - 6cbfae60-ea29-4abc-a49d-ef94f4bd513a: start FollowerState
2019-10-18 14:02:00,345 [Thread-2037] INFO  impl.FollowerState (FollowerState.java:run(117)) - 66f9d00c-1e97-4252-958c-bed5a531abda@group-E964BE911FCC-FollowerState was interrupted: java.lang.InterruptedException: sleep interrupted
2019-10-18 14:02:00,364 [92ce6e48-4722-407a-9620-5998c6999257@group-E964BE911FCC-LeaderElection272] INFO  impl.LeaderElection (LeaderElection.java:logAndReturn(56)) - 92ce6e48-4722-407a-9620-5998c6999257@group-E964BE911FCC-LeaderElection272: Election REJECTED; received 2 response(s) [92ce6e48-4722-407a-9620-5998c6999257<-6cbfae60-ea29-4abc-a49d-ef94f4bd513a#0:FAIL-t298, 92ce6e48-4722-407a-9620-5998c6999257<-66f9d00c-1e97-4252-958c-bed5a531abda#0:FAIL-t298] and 0 exception(s); 92ce6e48-4722-407a-9620-5998c6999257@group-E964BE911FCC:t298, leader=null, voted=92ce6e48-4722-407a-9620-5998c6999257, raftlog=92ce6e48-4722-407a-9620-5998c6999257@group-E964BE911FCC-SegmentedRaftLog:OPENED:c-1,f-1,i0, conf=-1: [6cbfae60-ea29-4abc-a49d-ef94f4bd513a:192.168.69.85:36685, 66f9d00c-1e97-4252-958c-bed5a531abda:192.168.69.85:45996, 92ce6e48-4722-407a-9620-5998c6999257:192.168.69.85:34971], old=null
2019-10-18 14:02:00,364 [92ce6e48-4722-407a-9620-5998c6999257@group-E964BE911FCC-LeaderElection272] INFO  impl.RaftServerImpl (RaftServerImpl.java:setRole(184)) - 92ce6e48-4722-407a-9620-5998c6999257@group-E964BE911FCC: changes role from CANDIDATE to FOLLOWER at term 298 for DISCOVERED_A_NEW_TERM
2019-10-18 14:02:00,364 [92ce6e48-4722-407a-9620-5998c6999257@group-E964BE911FCC-LeaderElection272] INFO  impl.RoleInfo (RoleInfo.java:shutdownLeaderElection(134)) - 92ce6e48-4722-407a-9620-5998c6999257: shutdown LeaderElection
2019-10-18 14:02:00,364 [92ce6e48-4722-407a-9620-5998c6999257@group-E964BE911FCC-LeaderElection272] INFO  impl.RoleInfo (RoleInfo.java:updateAndGet(143)) - 92ce6e48-4722-407a-9620-5998c6999257: start FollowerState
2019-10-18 14:02:00,378 [Thread-2044] INFO  impl.FollowerState (FollowerState.java:run(108)) - 92ce6e48-4722-407a-9620-5998c6999257@group-E964BE911FCC-FollowerState: change to CANDIDATE, lastRpcTime:13ms, electionTimeout:13ms
2019-10-18 14:02:00,378 [Thread-2044] INFO  impl.RoleInfo (RoleInfo.java:shutdownFollowerState(121)) - 92ce6e48-4722-407a-9620-5998c6999257: shutdown FollowerState
2019-10-18 14:02:00,378 [Thread-2044] INFO  impl.RaftServerImpl (RaftServerImpl.java:setRole(184)) - 92ce6e48-4722-407a-9620-5998c6999257@group-E964BE911FCC: changes role from  FOLLOWER to CANDIDATE at term 298 for changeToCandidate
2019-10-18 14:02:00,378 [Thread-2044] INFO  impl.RoleInfo (RoleInfo.java:updateAndGet(143)) - 92ce6e48-4722-407a-9620-5998c6999257: start LeaderElection
2019-10-18 14:02:00,392 [92ce6e48-4722-407a-9620-5998c6999257@group-E964BE911FCC-LeaderElection273] INFO  impl.LeaderElection (LeaderElection.java:askForVotes(178)) - 92ce6e48-4722-407a-9620-5998c6999257@group-E964BE911FCC-LeaderElection273: begin an election at term 299 for -1: [6cbfae60-ea29-4abc-a49d-ef94f4bd513a:192.168.69.85:36685, 66f9d00c-1e97-4252-958c-bed5a531abda:192.168.69.85:45996, 92ce6e48-4722-407a-9620-5998c6999257:192.168.69.85:34971], old=null
2019-10-18 14:02:00,405 [grpc-default-executor-0] INFO  impl.RaftServerImpl (RaftServerImpl.java:setRole(184)) - 66f9d00c-1e97-4252-958c-bed5a531abda@group-E964BE911FCC: changes role from  FOLLOWER to FOLLOWER at term 299 for recognizeCandidate:92ce6e48-4722-407a-9620-5998c6999257
2019-10-18 14:02:00,405 [grpc-default-executor-4] INFO  impl.RaftServerImpl (RaftServerImpl.java:setRole(184)) - 6cbfae60-ea29-4abc-a49d-ef94f4bd513a@group-E964BE911FCC: changes role from  FOLLOWER to FOLLOWER at term 299 for recognizeCandidate:92ce6e48-4722-407a-9620-5998c6999257
2019-10-18 14:02:00,405 [grpc-default-executor-0] INFO  impl.RoleInfo (RoleInfo.java:shutdownFollowerState(121)) - 66f9d00c-1e97-4252-958c-bed5a531abda: shutdown FollowerState
2019-10-18 14:02:00,405 [grpc-default-executor-4] INFO  impl.RoleInfo (RoleInfo.java:shutdownFollowerState(121)) - 6cbfae60-ea29-4abc-a49d-ef94f4bd513a: shutdown FollowerState
2019-10-18 14:02:00,406 [grpc-default-executor-4] INFO  impl.RoleInfo (RoleInfo.java:updateAndGet(143)) - 6cbfae60-ea29-4abc-a49d-ef94f4bd513a: start FollowerState
2019-10-18 14:02:00,405 [Thread-2042] INFO  impl.FollowerState (FollowerState.java:run(117)) - 66f9d00c-1e97-4252-958c-bed5a531abda@group-E964BE911FCC-FollowerState was interrupted: java.lang.InterruptedException: sleep interrupted
2019-10-18 14:02:00,405 [grpc-default-executor-0] INFO  impl.RoleInfo (RoleInfo.java:updateAndGet(143)) - 66f9d00c-1e97-4252-958c-bed5a531abda: start FollowerState
2019-10-18 14:02:00,406 [Thread-2043] INFO  impl.FollowerState (FollowerState.java:run(117)) - 6cbfae60-ea29-4abc-a49d-ef94f4bd513a@group-E964BE911FCC-FollowerState was interrupted: java.lang.InterruptedException: sleep interrupted
2019-10-18 14:02:00,432 [92ce6e48-4722-407a-9620-5998c6999257@group-E964BE911FCC-LeaderElection273] INFO  impl.LeaderElection (LeaderElection.java:logAndReturn(56)) - 92ce6e48-4722-407a-9620-5998c6999257@group-E964BE911FCC-LeaderElection273: Election REJECTED; received 2 response(s) [92ce6e48-4722-407a-9620-5998c6999257<-6cbfae60-ea29-4abc-a49d-ef94f4bd513a#0:FAIL-t299, 92ce6e48-4722-407a-9620-5998c6999257<-66f9d00c-1e97-4252-958c-bed5a531abda#0:FAIL-t299] and 0 exception(s); 92ce6e48-4722-407a-9620-5998c6999257@group-E964BE911FCC:t299, leader=null, voted=92ce6e48-4722-407a-9620-5998c6999257, raftlog=92ce6e48-4722-407a-9620-5998c6999257@group-E964BE911FCC-SegmentedRaftLog:OPENED:c-1,f-1,i0, conf=-1: [6cbfae60-ea29-4abc-a49d-ef94f4bd513a:192.168.69.85:36685, 66f9d00c-1e97-4252-958c-bed5a531abda:192.168.69.85:45996, 92ce6e48-4722-407a-9620-5998c6999257:192.168.69.85:34971], old=null
2019-10-18 14:02:00,432 [92ce6e48-4722-407a-9620-5998c6999257@group-E964BE911FCC-LeaderElection273] INFO  impl.RaftServerImpl (RaftServerImpl.java:setRole(184)) - 92ce6e48-4722-407a-9620-5998c6999257@group-E964BE911FCC: changes role from CANDIDATE to FOLLOWER at term 299 for DISCOVERED_A_NEW_TERM
2019-10-18 14:02:00,432 [92ce6e48-4722-407a-9620-5998c6999257@group-E964BE911FCC-LeaderElection273] INFO  impl.RoleInfo (RoleInfo.java:shutdownLeaderElection(134)) - 92ce6e48-4722-407a-9620-5998c6999257: shutdown LeaderElection
2019-10-18 14:02:00,433 [92ce6e48-4722-407a-9620-5998c6999257@group-E964BE911FCC-LeaderElection273] INFO  impl.RoleInfo (RoleInfo.java:updateAndGet(143)) - 92ce6e48-4722-407a-9620-5998c6999257: start FollowerState
2019-10-18 14:02:00,604 [Thread-2052] INFO  impl.FollowerState (FollowerState.java:run(108)) - 92ce6e48-4722-407a-9620-5998c6999257@group-E964BE911FCC-FollowerState: change to CANDIDATE, lastRpcTime:171ms, electionTimeout:171ms
2019-10-18 14:02:00,604 [Thread-2052] INFO  impl.RoleInfo (RoleInfo.java:shutdownFollowerState(121)) - 92ce6e48-4722-407a-9620-5998c6999257: shutdown FollowerState
2019-10-18 14:02:00,604 [Thread-2052] INFO  impl.RaftServerImpl (RaftServerImpl.java:setRole(184)) - 92ce6e48-4722-407a-9620-5998c6999257@group-E964BE911FCC: changes role from  FOLLOWER to CANDIDATE at term 299 for changeToCandidate
2019-10-18 14:02:00,604 [Thread-2052] INFO  impl.RoleInfo (RoleInfo.java:updateAndGet(143)) - 92ce6e48-4722-407a-9620-5998c6999257: start LeaderElection
2019-10-18 14:02:00,628 [92ce6e48-4722-407a-9620-5998c6999257@group-E964BE911FCC-LeaderElection274] INFO  impl.LeaderElection (LeaderElection.java:askForVotes(178)) - 92ce6e48-4722-407a-9620-5998c6999257@group-E964BE911FCC-LeaderElection274: begin an election at term 300 for -1: [6cbfae60-ea29-4abc-a49d-ef94f4bd513a:192.168.69.85:36685, 66f9d00c-1e97-4252-958c-bed5a531abda:192.168.69.85:45996, 92ce6e48-4722-407a-9620-5998c6999257:192.168.69.85:34971], old=null
2019-10-18 14:02:00,630 [grpc-default-executor-0] INFO  impl.RaftServerImpl (RaftServerImpl.java:setRole(184)) - 6cbfae60-ea29-4abc-a49d-ef94f4bd513a@group-E964BE911FCC: changes role from  FOLLOWER to FOLLOWER at term 300 for recognizeCandidate:92ce6e48-4722-407a-9620-5998c6999257
2019-10-18 14:02:00,630 [grpc-default-executor-4] INFO  impl.RaftServerImpl (RaftServerImpl.java:setRole(184)) - 66f9d00c-1e97-4252-958c-bed5a531abda@group-E964BE911FCC: changes role from  FOLLOWER to FOLLOWER at term 300 for recognizeCandidate:92ce6e48-4722-407a-9620-5998c6999257
2019-10-18 14:02:00,631 [grpc-default-executor-4] INFO  impl.RoleInfo (RoleInfo.java:shutdownFollowerState(121)) - 66f9d00c-1e97-4252-958c-bed5a531abda: shutdown FollowerState
2019-10-18 14:02:00,631 [grpc-default-executor-0] INFO  impl.RoleInfo (RoleInfo.java:shutdownFollowerState(121)) - 6cbfae60-ea29-4abc-a49d-ef94f4bd513a: shutdown FollowerState
2019-10-18 14:02:00,631 [Thread-2050] INFO  impl.FollowerState (FollowerState.java:run(117)) - 66f9d00c-1e97-4252-958c-bed5a531abda@group-E964BE911FCC-FollowerState was interrupted: java.lang.InterruptedException: sleep interrupted
2019-10-18 14:02:00,631 [grpc-default-executor-4] INFO  impl.RoleInfo (RoleInfo.java:updateAndGet(143)) - 66f9d00c-1e97-4252-958c-bed5a531abda: start FollowerState
2019-10-18 14:02:00,631 [Thread-2051] INFO  impl.FollowerState (FollowerState.java:run(117)) - 6cbfae60-ea29-4abc-a49d-ef94f4bd513a@group-E964BE911FCC-FollowerState was interrupted: java.lang.InterruptedException: sleep interrupted
2019-10-18 14:02:00,631 [grpc-default-executor-0] INFO  impl.RoleInfo (RoleInfo.java:updateAndGet(143)) - 6cbfae60-ea29-4abc-a49d-ef94f4bd513a: start FollowerState
2019-10-18 14:02:00,645 [92ce6e48-4722-407a-9620-5998c6999257@group-E964BE911FCC-LeaderElection274] INFO  impl.LeaderElection (LeaderElection.java:logAndReturn(56)) - 92ce6e48-4722-407a-9620-5998c6999257@group-E964BE911FCC-LeaderElection274: Election REJECTED; received 2 response(s) [92ce6e48-4722-407a-9620-5998c6999257<-6cbfae60-ea29-4abc-a49d-ef94f4bd513a#0:FAIL-t300, 92ce6e48-4722-407a-9620-5998c6999257<-66f9d00c-1e97-4252-958c-bed5a531abda#0:FAIL-t300] and 0 exception(s); 92ce6e48-4722-407a-9620-5998c6999257@group-E964BE911FCC:t300, leader=null, voted=92ce6e48-4722-407a-9620-5998c6999257, raftlog=92ce6e48-4722-407a-9620-5998c6999257@group-E964BE911FCC-SegmentedRaftLog:OPENED:c-1,f-1,i0, conf=-1: [6cbfae60-ea29-4abc-a49d-ef94f4bd513a:192.168.69.85:36685, 66f9d00c-1e97-4252-958c-bed5a531abda:192.168.69.85:45996, 92ce6e48-4722-407a-9620-5998c6999257:192.168.69.85:34971], old=null
2019-10-18 14:02:00,645 [92ce6e48-4722-407a-9620-5998c6999257@group-E964BE911FCC-LeaderElection274] INFO  impl.RaftServerImpl (RaftServerImpl.java:setRole(184)) - 92ce6e48-4722-407a-9620-5998c6999257@group-E964BE911FCC: changes role from CANDIDATE to FOLLOWER at term 300 for DISCOVERED_A_NEW_TERM
2019-10-18 14:02:00,645 [92ce6e48-4722-407a-9620-5998c6999257@group-E964BE911FCC-LeaderElection274] INFO  impl.RoleInfo (RoleInfo.java:shutdownLeaderElection(134)) - 92ce6e48-4722-407a-9620-5998c6999257: shutdown LeaderElection
2019-10-18 14:02:00,646 [92ce6e48-4722-407a-9620-5998c6999257@group-E964BE911FCC-LeaderElection274] INFO  impl.RoleInfo (RoleInfo.java:updateAndGet(143)) - 92ce6e48-4722-407a-9620-5998c6999257: start FollowerState
2019-10-18 14:02:00,754 [Thread-2058] INFO  impl.FollowerState (FollowerState.java:run(108)) - 92ce6e48-4722-407a-9620-5998c6999257@group-E964BE911FCC-FollowerState: change to CANDIDATE, lastRpcTime:108ms, electionTimeout:108ms
2019-10-18 14:02:00,754 [Thread-2058] INFO  impl.RoleInfo (RoleInfo.java:shutdownFollowerState(121)) - 92ce6e48-4722-407a-9620-5998c6999257: shutdown FollowerState
2019-10-18 14:02:00,754 [Thread-2058] INFO  impl.RaftServerImpl (RaftServerImpl.java:setRole(184)) - 92ce6e48-4722-407a-9620-5998c6999257@group-E964BE911FCC: changes role from  FOLLOWER to CANDIDATE at term 300 for changeToCandidate
2019-10-18 14:02:00,754 [Thread-2058] INFO  impl.RoleInfo (RoleInfo.java:updateAndGet(143)) - 92ce6e48-4722-407a-9620-5998c6999257: start LeaderElection
2019-10-18 14:02:00,768 [92ce6e48-4722-407a-9620-5998c6999257@group-E964BE911FCC-LeaderElection275] INFO  impl.LeaderElection (LeaderElection.java:askForVotes(178)) - 92ce6e48-4722-407a-9620-5998c6999257@group-E964BE911FCC-LeaderElection275: begin an election at term 301 for -1: [6cbfae60-ea29-4abc-a49d-ef94f4bd513a:192.168.69.85:36685, 66f9d00c-1e97-4252-958c-bed5a531abda:192.168.69.85:45996, 92ce6e48-4722-407a-9620-5998c6999257:192.168.69.85:34971], old=null
2019-10-18 14:02:00,770 [grpc-default-executor-4] INFO  impl.RaftServerImpl (RaftServerImpl.java:setRole(184)) - 6cbfae60-ea29-4abc-a49d-ef94f4bd513a@group-E964BE911FCC: changes role from  FOLLOWER to FOLLOWER at term 301 for recognizeCandidate:92ce6e48-4722-407a-9620-5998c6999257
2019-10-18 14:02:00,770 [grpc-default-executor-0] INFO  impl.RaftServerImpl (RaftServerImpl.java:setRole(184)) - 66f9d00c-1e97-4252-958c-bed5a531abda@group-E964BE911FCC: changes role from  FOLLOWER to FOLLOWER at term 301 for recognizeCandidate:92ce6e48-4722-407a-9620-5998c6999257
2019-10-18 14:02:00,771 [grpc-default-executor-4] INFO  impl.RoleInfo (RoleInfo.java:shutdownFollowerState(121)) - 6cbfae60-ea29-4abc-a49d-ef94f4bd513a: shutdown FollowerState
2019-10-18 14:02:00,771 [grpc-default-executor-0] INFO  impl.RoleInfo (RoleInfo.java:shutdownFollowerState(121)) - 66f9d00c-1e97-4252-958c-bed5a531abda: shutdown FollowerState
2019-10-18 14:02:00,771 [Thread-2057] INFO  impl.FollowerState (FollowerState.java:run(117)) - 6cbfae60-ea29-4abc-a49d-ef94f4bd513a@group-E964BE911FCC-FollowerState was interrupted: java.lang.InterruptedException: sleep interrupted
2019-10-18 14:02:00,771 [grpc-default-executor-4] INFO  impl.RoleInfo (RoleInfo.java:updateAndGet(143)) - 6cbfae60-ea29-4abc-a49d-ef94f4bd513a: start FollowerState
2019-10-18 14:02:00,771 [Thread-2056] INFO  impl.FollowerState (FollowerState.java:run(117)) - 66f9d00c-1e97-4252-958c-bed5a531abda@group-E964BE911FCC-FollowerState was interrupted: java.lang.InterruptedException: sleep interrupted
2019-10-18 14:02:00,771 [grpc-default-executor-0] INFO  impl.RoleInfo (RoleInfo.java:updateAndGet(143)) - 66f9d00c-1e97-4252-958c-bed5a531abda: start FollowerState
2019-10-18 14:02:00,786 [92ce6e48-4722-407a-9620-5998c6999257@group-E964BE911FCC-LeaderElection275] INFO  impl.LeaderElection (LeaderElection.java:logAndReturn(56)) - 92ce6e48-4722-407a-9620-5998c6999257@group-E964BE911FCC-LeaderElection275: Election REJECTED; received 2 response(s) [92ce6e48-4722-407a-9620-5998c6999257<-6cbfae60-ea29-4abc-a49d-ef94f4bd513a#0:FAIL-t301, 92ce6e48-4722-407a-9620-5998c6999257<-66f9d00c-1e97-4252-958c-bed5a531abda#0:FAIL-t301] and 0 exception(s); 92ce6e48-4722-407a-9620-5998c6999257@group-E964BE911FCC:t301, leader=null, voted=92ce6e48-4722-407a-9620-5998c6999257, raftlog=92ce6e48-4722-407a-9620-5998c6999257@group-E964BE911FCC-SegmentedRaftLog:OPENED:c-1,f-1,i0, conf=-1: [6cbfae60-ea29-4abc-a49d-ef94f4bd513a:192.168.69.85:36685, 66f9d00c-1e97-4252-958c-bed5a531abda:192.168.69.85:45996, 92ce6e48-4722-407a-9620-5998c6999257:192.168.69.85:34971], old=null
2019-10-18 14:02:00,786 [92ce6e48-4722-407a-9620-5998c6999257@group-E964BE911FCC-LeaderElection275] INFO  impl.RaftServerImpl (RaftServerImpl.java:setRole(184)) - 92ce6e48-4722-407a-9620-5998c6999257@group-E964BE911FCC: changes role from CANDIDATE to FOLLOWER at term 301 for DISCOVERED_A_NEW_TERM
2019-10-18 14:02:00,786 [92ce6e48-4722-407a-9620-5998c6999257@group-E964BE911FCC-LeaderElection275] INFO  impl.RoleInfo (RoleInfo.java:shutdownLeaderElection(134)) - 92ce6e48-4722-407a-9620-5998c6999257: shutdown LeaderElection
2019-10-18 14:02:00,787 [92ce6e48-4722-407a-9620-5998c6999257@group-E964BE911FCC-LeaderElection275] INFO  impl.RoleInfo (RoleInfo.java:updateAndGet(143)) - 92ce6e48-4722-407a-9620-5998c6999257: start FollowerState
2019-10-18 14:02:00,837 [Thread-2064] INFO  impl.FollowerState (FollowerState.java:run(108)) - 92ce6e48-4722-407a-9620-5998c6999257@group-E964BE911FCC-FollowerState: change to CANDIDATE, lastRpcTime:50ms, electionTimeout:50ms
2019-10-18 14:02:00,837 [Thread-2064] INFO  impl.RoleInfo (RoleInfo.java:shutdownFollowerState(121)) - 92ce6e48-4722-407a-9620-5998c6999257: shutdown FollowerState
2019-10-18 14:02:00,837 [Thread-2064] INFO  impl.RaftServerImpl (RaftServerImpl.java:setRole(184)) - 92ce6e48-4722-407a-9620-5998c6999257@group-E964BE911FCC: changes role from  FOLLOWER to CANDIDATE at term 301 for changeToCandidate
2019-10-18 14:02:00,837 [Thread-2064] INFO  impl.RoleInfo (RoleInfo.java:updateAndGet(143)) - 92ce6e48-4722-407a-9620-5998c6999257: start LeaderElection
2019-10-18 14:02:00,851 [92ce6e48-4722-407a-9620-5998c6999257@group-E964BE911FCC-LeaderElection276] INFO  impl.LeaderElection (LeaderElection.java:askForVotes(178)) - 92ce6e48-4722-407a-9620-5998c6999257@group-E964BE911FCC-LeaderElection276: begin an election at term 302 for -1: [6cbfae60-ea29-4abc-a49d-ef94f4bd513a:192.168.69.85:36685, 66f9d00c-1e97-4252-958c-bed5a531abda:192.168.69.85:45996, 92ce6e48-4722-407a-9620-5998c6999257:192.168.69.85:34971], old=null
2019-10-18 14:02:00,853 [grpc-default-executor-0] INFO  impl.RaftServerImpl (RaftServerImpl.java:setRole(184)) - 6cbfae60-ea29-4abc-a49d-ef94f4bd513a@group-E964BE911FCC: changes role from  FOLLOWER to FOLLOWER at term 302 for recognizeCandidate:92ce6e48-4722-407a-9620-5998c6999257
2019-10-18 14:02:00,853 [grpc-default-executor-0] INFO  impl.RoleInfo (RoleInfo.java:shutdownFollowerState(121)) - 6cbfae60-ea29-4abc-a49d-ef94f4bd513a: shutdown FollowerState
2019-10-18 14:02:00,853 [grpc-default-executor-4] INFO  impl.RaftServerImpl (RaftServerImpl.java:setRole(184)) - 66f9d00c-1e97-4252-958c-bed5a531abda@group-E964BE911FCC: changes role from  FOLLOWER to FOLLOWER at term 302 for recognizeCandidate:92ce6e48-4722-407a-9620-5998c6999257
2019-10-18 14:02:00,853 [grpc-default-executor-4] INFO  impl.RoleInfo (RoleInfo.java:shutdownFollowerState(121)) - 66f9d00c-1e97-4252-958c-bed5a531abda: shutdown FollowerState
2019-10-18 14:02:00,853 [grpc-default-executor-0] INFO  impl.RoleInfo (RoleInfo.java:updateAndGet(143)) - 6cbfae60-ea29-4abc-a49d-ef94f4bd513a: start FollowerState
2019-10-18 14:02:00,853 [Thread-2062] INFO  impl.FollowerState (FollowerState.java:run(117)) - 6cbfae60-ea29-4abc-a49d-ef94f4bd513a@group-E964BE911FCC-FollowerState was interrupted: java.lang.InterruptedException: sleep interrupted
2019-10-18 14:02:00,853 [Thread-2063] INFO  impl.FollowerState (FollowerState.java:run(117)) - 66f9d00c-1e97-4252-958c-bed5a531abda@group-E964BE911FCC-FollowerState was interrupted: java.lang.InterruptedException: sleep interrupted
2019-10-18 14:02:00,853 [grpc-default-executor-4] INFO  impl.RoleInfo (RoleInfo.java:updateAndGet(143)) - 66f9d00c-1e97-4252-958c-bed5a531abda: start FollowerState
2019-10-18 14:02:00,872 [92ce6e48-4722-407a-9620-5998c6999257@group-E964BE911FCC-LeaderElection276] INFO  impl.LeaderElection (LeaderElection.java:logAndReturn(56)) - 92ce6e48-4722-407a-9620-5998c6999257@group-E964BE911FCC-LeaderElection276: Election REJECTED; received 2 response(s) [92ce6e48-4722-407a-9620-5998c6999257<-6cbfae60-ea29-4abc-a49d-ef94f4bd513a#0:FAIL-t302, 92ce6e48-4722-407a-9620-5998c6999257<-66f9d00c-1e97-4252-958c-bed5a531abda#0:FAIL-t302] and 0 exception(s); 92ce6e48-4722-407a-9620-5998c6999257@group-E964BE911FCC:t302, leader=null, voted=92ce6e48-4722-407a-9620-5998c6999257, raftlog=92ce6e48-4722-407a-9620-5998c6999257@group-E964BE911FCC-SegmentedRaftLog:OPENED:c-1,f-1,i0, conf=-1: [6cbfae60-ea29-4abc-a49d-ef94f4bd513a:192.168.69.85:36685, 66f9d00c-1e97-4252-958c-bed5a531abda:192.168.69.85:45996, 92ce6e48-4722-407a-9620-5998c6999257:192.168.69.85:34971], old=null
2019-10-18 14:02:00,873 [92ce6e48-4722-407a-9620-5998c6999257@group-E964BE911FCC-LeaderElection276] INFO  impl.RaftServerImpl (RaftServerImpl.java:setRole(184)) - 92ce6e48-4722-407a-9620-5998c6999257@group-E964BE911FCC: changes role from CANDIDATE to FOLLOWER at term 302 for DISCOVERED_A_NEW_TERM
2019-10-18 14:02:00,873 [92ce6e48-4722-407a-9620-5998c6999257@group-E964BE911FCC-LeaderElection276] INFO  impl.RoleInfo (RoleInfo.java:shutdownLeaderElection(134)) - 92ce6e48-4722-407a-9620-5998c6999257: shutdown LeaderElection
2019-10-18 14:02:00,873 [92ce6e48-4722-407a-9620-5998c6999257@group-E964BE911FCC-LeaderElection276] INFO  impl.RoleInfo (RoleInfo.java:updateAndGet(143)) - 92ce6e48-4722-407a-9620-5998c6999257: start FollowerState
2019-10-18 14:02:01,044 [Thread-2070] INFO  impl.FollowerState (FollowerState.java:run(108)) - 92ce6e48-4722-407a-9620-5998c6999257@group-E964BE911FCC-FollowerState: change to CANDIDATE, lastRpcTime:171ms, electionTimeout:171ms
2019-10-18 14:02:01,045 [Thread-2070] INFO  impl.RoleInfo (RoleInfo.java:shutdownFollowerState(121)) - 92ce6e48-4722-407a-9620-5998c6999257: shutdown FollowerState
2019-10-18 14:02:01,045 [Thread-2070] INFO  impl.RaftServerImpl (RaftServerImpl.java:setRole(184)) - 92ce6e48-4722-407a-9620-5998c6999257@group-E964BE911FCC: changes role from  FOLLOWER to CANDIDATE at term 302 for changeToCandidate
2019-10-18 14:02:01,045 [Thread-2070] INFO  impl.RoleInfo (RoleInfo.java:updateAndGet(143)) - 92ce6e48-4722-407a-9620-5998c6999257: start LeaderElection
2019-10-18 14:02:01,060 [92ce6e48-4722-407a-9620-5998c6999257@group-E964BE911FCC-LeaderElection277] INFO  impl.LeaderElection (LeaderElection.java:askForVotes(178)) - 92ce6e48-4722-407a-9620-5998c6999257@group-E964BE911FCC-LeaderElection277: begin an election at term 303 for -1: [6cbfae60-ea29-4abc-a49d-ef94f4bd513a:192.168.69.85:36685, 66f9d00c-1e97-4252-958c-bed5a531abda:192.168.69.85:45996, 92ce6e48-4722-407a-9620-5998c6999257:192.168.69.85:34971], old=null
2019-10-18 14:02:01,062 [grpc-default-executor-0] INFO  impl.RaftServerImpl (RaftServerImpl.java:setRole(184)) - 6cbfae60-ea29-4abc-a49d-ef94f4bd513a@group-E964BE911FCC: changes role from  FOLLOWER to FOLLOWER at term 303 for recognizeCandidate:92ce6e48-4722-407a-9620-5998c6999257
2019-10-18 14:02:01,062 [grpc-default-executor-4] INFO  impl.RaftServerImpl (RaftServerImpl.java:setRole(184)) - 66f9d00c-1e97-4252-958c-bed5a531abda@group-E964BE911FCC: changes role from  FOLLOWER to FOLLOWER at term 303 for recognizeCandidate:92ce6e48-4722-407a-9620-5998c6999257
2019-10-18 14:02:01,062 [grpc-default-executor-0] INFO  impl.RoleInfo (RoleInfo.java:shutdownFollowerState(121)) - 6cbfae60-ea29-4abc-a49d-ef94f4bd513a: shutdown FollowerState
2019-10-18 14:02:01,062 [grpc-default-executor-4] INFO  impl.RoleInfo (RoleInfo.java:shutdownFollowerState(121)) - 66f9d00c-1e97-4252-958c-bed5a531abda: shutdown FollowerState
2019-10-18 14:02:01,063 [Thread-2068] INFO  impl.FollowerState (FollowerState.java:run(117)) - 6cbfae60-ea29-4abc-a49d-ef94f4bd513a@group-E964BE911FCC-FollowerState was interrupted: java.lang.InterruptedException: sleep interrupted
2019-10-18 14:02:01,063 [grpc-default-executor-0] INFO  impl.RoleInfo (RoleInfo.java:updateAndGet(143)) - 6cbfae60-ea29-4abc-a49d-ef94f4bd513a: start FollowerState
2019-10-18 14:02:01,063 [Thread-2069] INFO  impl.FollowerState (FollowerState.java:run(117)) - 66f9d00c-1e97-4252-958c-bed5a531abda@group-E964BE911FCC-FollowerState was interrupted: java.lang.InterruptedException: sleep interrupted
2019-10-18 14:02:01,063 [grpc-default-executor-4] INFO  impl.RoleInfo (RoleInfo.java:updateAndGet(143)) - 66f9d00c-1e97-4252-958c-bed5a531abda: start FollowerState
2019-10-18 14:02:01,076 [92ce6e48-4722-407a-9620-5998c6999257@group-E964BE911FCC-LeaderElection277] INFO  impl.LeaderElection (LeaderElection.java:logAndReturn(56)) - 92ce6e48-4722-407a-9620-5998c6999257@group-E964BE911FCC-LeaderElection277: Election TIMEOUT; received 0 response(s) [] and 0 exception(s); 92ce6e48-4722-407a-9620-5998c6999257@group-E964BE911FCC:t303, leader=null, voted=92ce6e48-4722-407a-9620-5998c6999257, raftlog=92ce6e48-4722-407a-9620-5998c6999257@group-E964BE911FCC-SegmentedRaftLog:OPENED:c-1,f-1,i0, conf=-1: [6cbfae60-ea29-4abc-a49d-ef94f4bd513a:192.168.69.85:36685, 66f9d00c-1e97-4252-958c-bed5a531abda:192.168.69.85:45996, 92ce6e48-4722-407a-9620-5998c6999257:192.168.69.85:34971], old=null
2019-10-18 14:02:01,092 [92ce6e48-4722-407a-9620-5998c6999257@group-E964BE911FCC-LeaderElection277] INFO  impl.LeaderElection (LeaderElection.java:askForVotes(178)) - 92ce6e48-4722-407a-9620-5998c6999257@group-E964BE911FCC-LeaderElection277: begin an election at term 304 for -1: [6cbfae60-ea29-4abc-a49d-ef94f4bd513a:192.168.69.85:36685, 66f9d00c-1e97-4252-958c-bed5a531abda:192.168.69.85:45996, 92ce6e48-4722-407a-9620-5998c6999257:192.168.69.85:34971], old=null
2019-10-18 14:02:01,093 [grpc-default-executor-0] INFO  impl.RaftServerImpl (RaftServerImpl.java:setRole(184)) - 6cbfae60-ea29-4abc-a49d-ef94f4bd513a@group-E964BE911FCC: changes role from  FOLLOWER to FOLLOWER at term 304 for recognizeCandidate:92ce6e48-4722-407a-9620-5998c6999257
2019-10-18 14:02:01,093 [grpc-default-executor-0] INFO  impl.RoleInfo (RoleInfo.java:shutdownFollowerState(121)) - 6cbfae60-ea29-4abc-a49d-ef94f4bd513a: shutdown FollowerState
2019-10-18 14:02:01,093 [grpc-default-executor-4] INFO  impl.RaftServerImpl (RaftServerImpl.java:setRole(184)) - 66f9d00c-1e97-4252-958c-bed5a531abda@group-E964BE911FCC: changes role from  FOLLOWER to FOLLOWER at term 304 for recognizeCandidate:92ce6e48-4722-407a-9620-5998c6999257
2019-10-18 14:02:01,093 [Thread-2074] INFO  impl.FollowerState (FollowerState.java:run(117)) - 6cbfae60-ea29-4abc-a49d-ef94f4bd513a@group-E964BE911FCC-FollowerState was interrupted: java.lang.InterruptedException: sleep interrupted
2019-10-18 14:02:01,093 [grpc-default-executor-0] INFO  impl.RoleInfo (RoleInfo.java:updateAndGet(143)) - 6cbfae60-ea29-4abc-a49d-ef94f4bd513a: start FollowerState
2019-10-18 14:02:01,093 [grpc-default-executor-4] INFO  impl.RoleInfo (RoleInfo.java:shutdownFollowerState(121)) - 66f9d00c-1e97-4252-958c-bed5a531abda: shutdown FollowerState
2019-10-18 14:02:01,094 [grpc-default-executor-4] INFO  impl.RoleInfo (RoleInfo.java:updateAndGet(143)) - 66f9d00c-1e97-4252-958c-bed5a531abda: start FollowerState
2019-10-18 14:02:01,094 [Thread-2075] INFO  impl.FollowerState (FollowerState.java:run(117)) - 66f9d00c-1e97-4252-958c-bed5a531abda@group-E964BE911FCC-FollowerState was interrupted: java.lang.InterruptedException: sleep interrupted
2019-10-18 14:02:01,119 [92ce6e48-4722-407a-9620-5998c6999257@group-E964BE911FCC-LeaderElection277] INFO  impl.LeaderElection (LeaderElection.java:logAndReturn(56)) - 92ce6e48-4722-407a-9620-5998c6999257@group-E964BE911FCC-LeaderElection277: Election REJECTED; received 2 response(s) [92ce6e48-4722-407a-9620-5998c6999257<-6cbfae60-ea29-4abc-a49d-ef94f4bd513a#0:FAIL-t304, 92ce6e48-4722-407a-9620-5998c6999257<-66f9d00c-1e97-4252-958c-bed5a531abda#0:FAIL-t304] and 0 exception(s); 92ce6e48-4722-407a-9620-5998c6999257@group-E964BE911FCC:t304, leader=null, voted=92ce6e48-4722-407a-9620-5998c6999257, raftlog=92ce6e48-4722-407a-9620-5998c6999257@group-E964BE911FCC-SegmentedRaftLog:OPENED:c-1,f-1,i0, conf=-1: [6cbfae60-ea29-4abc-a49d-ef94f4bd513a:192.168.69.85:36685, 66f9d00c-1e97-4252-958c-bed5a531abda:192.168.69.85:45996, 92ce6e48-4722-407a-9620-5998c6999257:192.168.69.85:34971], old=null
2019-10-18 14:02:01,119 [92ce6e48-4722-407a-9620-5998c6999257@group-E964BE911FCC-LeaderElection277] INFO  impl.RaftServerImpl (RaftServerImpl.java:setRole(184)) - 92ce6e48-4722-407a-9620-5998c6999257@group-E964BE911FCC: changes role from CANDIDATE to FOLLOWER at term 304 for DISCOVERED_A_NEW_TERM
2019-10-18 14:02:01,119 [92ce6e48-4722-407a-9620-5998c6999257@group-E964BE911FCC-LeaderElection277] INFO  impl.RoleInfo (RoleInfo.java:shutdownLeaderElection(134)) - 92ce6e48-4722-407a-9620-5998c6999257: shutdown LeaderElection
2019-10-18 14:02:01,119 [92ce6e48-4722-407a-9620-5998c6999257@group-E964BE911FCC-LeaderElection277] INFO  impl.RoleInfo (RoleInfo.java:updateAndGet(143)) - 92ce6e48-4722-407a-9620-5998c6999257: start FollowerState
2019-10-18 14:02:01,238 [Thread-2080] INFO  impl.FollowerState (FollowerState.java:run(108)) - 92ce6e48-4722-407a-9620-5998c6999257@group-E964BE911FCC-FollowerState: change to CANDIDATE, lastRpcTime:119ms, electionTimeout:119ms
2019-10-18 14:02:01,238 [Thread-2080] INFO  impl.RoleInfo (RoleInfo.java:shutdownFollowerState(121)) - 92ce6e48-4722-407a-9620-5998c6999257: shutdown FollowerState
2019-10-18 14:02:01,239 [Thread-2080] INFO  impl.RaftServerImpl (RaftServerImpl.java:setRole(184)) - 92ce6e48-4722-407a-9620-5998c6999257@group-E964BE911FCC: changes role from  FOLLOWER to CANDIDATE at term 304 for changeToCandidate
2019-10-18 14:02:01,239 [Thread-2080] INFO  impl.RoleInfo (RoleInfo.java:updateAndGet(143)) - 92ce6e48-4722-407a-9620-5998c6999257: start LeaderElection
2019-10-18 14:02:01,252 [92ce6e48-4722-407a-9620-5998c6999257@group-E964BE911FCC-LeaderElection278] INFO  impl.LeaderElection (LeaderElection.java:askForVotes(178)) - 92ce6e48-4722-407a-9620-5998c6999257@group-E964BE911FCC-LeaderElection278: begin an election at term 305 for -1: [6cbfae60-ea29-4abc-a49d-ef94f4bd513a:192.168.69.85:36685, 66f9d00c-1e97-4252-958c-bed5a531abda:192.168.69.85:45996, 92ce6e48-4722-407a-9620-5998c6999257:192.168.69.85:34971], old=null
2019-10-18 14:02:01,254 [grpc-default-executor-0] INFO  impl.RaftServerImpl (RaftServerImpl.java:setRole(184)) - 66f9d00c-1e97-4252-958c-bed5a531abda@group-E964BE911FCC: changes role from  FOLLOWER to FOLLOWER at term 305 for recognizeCandidate:92ce6e48-4722-407a-9620-5998c6999257
2019-10-18 14:02:01,255 [grpc-default-executor-4] INFO  impl.RaftServerImpl (RaftServerImpl.java:setRole(184)) - 6cbfae60-ea29-4abc-a49d-ef94f4bd513a@group-E964BE911FCC: changes role from  FOLLOWER to FOLLOWER at term 305 for recognizeCandidate:92ce6e48-4722-407a-9620-5998c6999257
2019-10-18 14:02:01,255 [grpc-default-executor-0] INFO  impl.RoleInfo (RoleInfo.java:shutdownFollowerState(121)) - 66f9d00c-1e97-4252-958c-bed5a531abda: shutdown FollowerState
2019-10-18 14:02:01,255 [grpc-default-executor-4] INFO  impl.RoleInfo (RoleInfo.java:shutdownFollowerState(121)) - 6cbfae60-ea29-4abc-a49d-ef94f4bd513a: shutdown FollowerState
2019-10-18 14:02:01,255 [Thread-2079] INFO  impl.FollowerState (FollowerState.java:run(117)) - 66f9d00c-1e97-4252-958c-bed5a531abda@group-E964BE911FCC-FollowerState was interrupted: java.lang.InterruptedException: sleep interrupted
2019-10-18 14:02:01,255 [grpc-default-executor-0] INFO  impl.RoleInfo (RoleInfo.java:updateAndGet(143)) - 66f9d00c-1e97-4252-958c-bed5a531abda: start FollowerState
2019-10-18 14:02:01,255 [Thread-2078] INFO  impl.FollowerState (FollowerState.java:run(117)) - 6cbfae60-ea29-4abc-a49d-ef94f4bd513a@group-E964BE911FCC-FollowerState was interrupted: java.lang.InterruptedException: sleep interrupted
2019-10-18 14:02:01,255 [grpc-default-executor-4] INFO  impl.RoleInfo (RoleInfo.java:updateAndGet(143)) - 6cbfae60-ea29-4abc-a49d-ef94f4bd513a: start FollowerState
2019-10-18 14:02:01,270 [92ce6e48-4722-407a-9620-5998c6999257@group-E964BE911FCC-LeaderElection278] INFO  impl.LeaderElection (LeaderElection.java:logAndReturn(56)) - 92ce6e48-4722-407a-9620-5998c6999257@group-E964BE911FCC-LeaderElection278: Election REJECTED; received 2 response(s) [92ce6e48-4722-407a-9620-5998c6999257<-6cbfae60-ea29-4abc-a49d-ef94f4bd513a#0:FAIL-t305, 92ce6e48-4722-407a-9620-5998c6999257<-66f9d00c-1e97-4252-958c-bed5a531abda#0:FAIL-t305] and 0 exception(s); 92ce6e48-4722-407a-9620-5998c6999257@group-E964BE911FCC:t305, leader=null, voted=92ce6e48-4722-407a-9620-5998c6999257, raftlog=92ce6e48-4722-407a-9620-5998c6999257@group-E964BE911FCC-SegmentedRaftLog:OPENED:c-1,f-1,i0, conf=-1: [6cbfae60-ea29-4abc-a49d-ef94f4bd513a:192.168.69.85:36685, 66f9d00c-1e97-4252-958c-bed5a531abda:192.168.69.85:45996, 92ce6e48-4722-407a-9620-5998c6999257:192.168.69.85:34971], old=null
2019-10-18 14:02:01,270 [92ce6e48-4722-407a-9620-5998c6999257@group-E964BE911FCC-LeaderElection278] INFO  impl.RaftServerImpl (RaftServerImpl.java:setRole(184)) - 92ce6e48-4722-407a-9620-5998c6999257@group-E964BE911FCC: changes role from CANDIDATE to FOLLOWER at term 305 for DISCOVERED_A_NEW_TERM
2019-10-18 14:02:01,270 [92ce6e48-4722-407a-9620-5998c6999257@group-E964BE911FCC-LeaderElection278] INFO  impl.RoleInfo (RoleInfo.java:shutdownLeaderElection(134)) - 92ce6e48-4722-407a-9620-5998c6999257: shutdown LeaderElection
2019-10-18 14:02:01,270 [92ce6e48-4722-407a-9620-5998c6999257@group-E964BE911FCC-LeaderElection278] INFO  impl.RoleInfo (RoleInfo.java:updateAndGet(143)) - 92ce6e48-4722-407a-9620-5998c6999257: start FollowerState
2019-10-18 14:02:01,347 [Thread-2086] INFO  impl.FollowerState (FollowerState.java:run(108)) - 92ce6e48-4722-407a-9620-5998c6999257@group-E964BE911FCC-FollowerState: change to CANDIDATE, lastRpcTime:77ms, electionTimeout:77ms
2019-10-18 14:02:01,348 [Thread-2086] INFO  impl.RoleInfo (RoleInfo.java:shutdownFollowerState(121)) - 92ce6e48-4722-407a-9620-5998c6999257: shutdown FollowerState
2019-10-18 14:02:01,348 [Thread-2086] INFO  impl.RaftServerImpl (RaftServerImpl.java:setRole(184)) - 92ce6e48-4722-407a-9620-5998c6999257@group-E964BE911FCC: changes role from  FOLLOWER to CANDIDATE at term 305 for changeToCandidate
2019-10-18 14:02:01,348 [Thread-2086] INFO  impl.RoleInfo (RoleInfo.java:updateAndGet(143)) - 92ce6e48-4722-407a-9620-5998c6999257: start LeaderElection
2019-10-18 14:02:01,363 [92ce6e48-4722-407a-9620-5998c6999257@group-E964BE911FCC-LeaderElection279] INFO  impl.LeaderElection (LeaderElection.java:askForVotes(178)) - 92ce6e48-4722-407a-9620-5998c6999257@group-E964BE911FCC-LeaderElection279: begin an election at term 306 for -1: [6cbfae60-ea29-4abc-a49d-ef94f4bd513a:192.168.69.85:36685, 66f9d00c-1e97-4252-958c-bed5a531abda:192.168.69.85:45996, 92ce6e48-4722-407a-9620-5998c6999257:192.168.69.85:34971], old=null
2019-10-18 14:02:01,365 [grpc-default-executor-0] INFO  impl.RaftServerImpl (RaftServerImpl.java:setRole(184)) - 6cbfae60-ea29-4abc-a49d-ef94f4bd513a@group-E964BE911FCC: changes role from  FOLLOWER to FOLLOWER at term 306 for recognizeCandidate:92ce6e48-4722-407a-9620-5998c6999257
2019-10-18 14:02:01,365 [grpc-default-executor-4] INFO  impl.RaftServerImpl (RaftServerImpl.java:setRole(184)) - 66f9d00c-1e97-4252-958c-bed5a531abda@group-E964BE911FCC: changes role from  FOLLOWER to FOLLOWER at term 306 for recognizeCandidate:92ce6e48-4722-407a-9620-5998c6999257
2019-10-18 14:02:01,365 [grpc-default-executor-4] INFO  impl.RoleInfo (RoleInfo.java:shutdownFollowerState(121)) - 66f9d00c-1e97-4252-958c-bed5a531abda: shutdown FollowerState
2019-10-18 14:02:01,365 [grpc-default-executor-0] INFO  impl.RoleInfo (RoleInfo.java:shutdownFollowerState(121)) - 6cbfae60-ea29-4abc-a49d-ef94f4bd513a: shutdown FollowerState
2019-10-18 14:02:01,365 [Thread-2084] INFO  impl.FollowerState (FollowerState.java:run(117)) - 66f9d00c-1e97-4252-958c-bed5a531abda@group-E964BE911FCC-FollowerState was interrupted: java.lang.InterruptedException: sleep interrupted
2019-10-18 14:02:01,365 [grpc-default-executor-4] INFO  impl.RoleInfo (RoleInfo.java:updateAndGet(143)) - 66f9d00c-1e97-4252-958c-bed5a531abda: start FollowerState
2019-10-18 14:02:01,366 [grpc-default-executor-0] INFO  impl.RoleInfo (RoleInfo.java:updateAndGet(143)) - 6cbfae60-ea29-4abc-a49d-ef94f4bd513a: start FollowerState
2019-10-18 14:02:01,366 [Thread-2085] INFO  impl.FollowerState (FollowerState.java:run(117)) - 6cbfae60-ea29-4abc-a49d-ef94f4bd513a@group-E964BE911FCC-FollowerState was interrupted: java.lang.InterruptedException: sleep interrupted
2019-10-18 14:02:01,382 [92ce6e48-4722-407a-9620-5998c6999257@group-E964BE911FCC-LeaderElection279] INFO  impl.LeaderElection (LeaderElection.java:logAndReturn(56)) - 92ce6e48-4722-407a-9620-5998c6999257@group-E964BE911FCC-LeaderElection279: Election REJECTED; received 2 response(s) [92ce6e48-4722-407a-9620-5998c6999257<-6cbfae60-ea29-4abc-a49d-ef94f4bd513a#0:FAIL-t306, 92ce6e48-4722-407a-9620-5998c6999257<-66f9d00c-1e97-4252-958c-bed5a531abda#0:FAIL-t306] and 0 exception(s); 92ce6e48-4722-407a-9620-5998c6999257@group-E964BE911FCC:t306, leader=null, voted=92ce6e48-4722-407a-9620-5998c6999257, raftlog=92ce6e48-4722-407a-9620-5998c6999257@group-E964BE911FCC-SegmentedRaftLog:OPENED:c-1,f-1,i0, conf=-1: [6cbfae60-ea29-4abc-a49d-ef94f4bd513a:192.168.69.85:36685, 66f9d00c-1e97-4252-958c-bed5a531abda:192.168.69.85:45996, 92ce6e48-4722-407a-9620-5998c6999257:192.168.69.85:34971], old=null
2019-10-18 14:02:01,382 [92ce6e48-4722-407a-9620-5998c6999257@group-E964BE911FCC-LeaderElection279] INFO  impl.RaftServerImpl (RaftServerImpl.java:setRole(184)) - 92ce6e48-4722-407a-9620-5998c6999257@group-E964BE911FCC: changes role from CANDIDATE to FOLLOWER at term 306 for DISCOVERED_A_NEW_TERM
2019-10-18 14:02:01,382 [92ce6e48-4722-407a-9620-5998c6999257@group-E964BE911FCC-LeaderElection279] INFO  impl.RoleInfo (RoleInfo.java:shutdownLeaderElection(134)) - 92ce6e48-4722-407a-9620-5998c6999257: shutdown LeaderElection
2019-10-18 14:02:01,383 [92ce6e48-4722-407a-9620-5998c6999257@group-E964BE911FCC-LeaderElection279] INFO  impl.RoleInfo (RoleInfo.java:updateAndGet(143)) - 92ce6e48-4722-407a-9620-5998c6999257: start FollowerState
2019-10-18 14:02:01,452 [Thread-2092] INFO  impl.FollowerState (FollowerState.java:run(108)) - 92ce6e48-4722-407a-9620-5998c6999257@group-E964BE911FCC-FollowerState: change to CANDIDATE, lastRpcTime:69ms, electionTimeout:69ms
2019-10-18 14:02:01,452 [Thread-2092] INFO  impl.RoleInfo (RoleInfo.java:shutdownFollowerState(121)) - 92ce6e48-4722-407a-9620-5998c6999257: shutdown FollowerState
2019-10-18 14:02:01,453 [Thread-2092] INFO  impl.RaftServerImpl (RaftServerImpl.java:setRole(184)) - 92ce6e48-4722-407a-9620-5998c6999257@group-E964BE911FCC: changes role from  FOLLOWER to CANDIDATE at term 306 for changeToCandidate
2019-10-18 14:02:01,453 [Thread-2092] INFO  impl.RoleInfo (RoleInfo.java:updateAndGet(143)) - 92ce6e48-4722-407a-9620-5998c6999257: start LeaderElection
2019-10-18 14:02:01,466 [92ce6e48-4722-407a-9620-5998c6999257@group-E964BE911FCC-LeaderElection280] INFO  impl.LeaderElection (LeaderElection.java:askForVotes(178)) - 92ce6e48-4722-407a-9620-5998c6999257@group-E964BE911FCC-LeaderElection280: begin an election at term 307 for -1: [6cbfae60-ea29-4abc-a49d-ef94f4bd513a:192.168.69.85:36685, 66f9d00c-1e97-4252-958c-bed5a531abda:192.168.69.85:45996, 92ce6e48-4722-407a-9620-5998c6999257:192.168.69.85:34971], old=null
2019-10-18 14:02:01,468 [grpc-default-executor-4] INFO  impl.RaftServerImpl (RaftServerImpl.java:setRole(184)) - 6cbfae60-ea29-4abc-a49d-ef94f4bd513a@group-E964BE911FCC: changes role from  FOLLOWER to FOLLOWER at term 307 for recognizeCandidate:92ce6e48-4722-407a-9620-5998c6999257
2019-10-18 14:02:01,468 [grpc-default-executor-4] INFO  impl.RoleInfo (RoleInfo.java:shutdownFollowerState(121)) - 6cbfae60-ea29-4abc-a49d-ef94f4bd513a: shutdown FollowerState
2019-10-18 14:02:01,468 [grpc-default-executor-0] INFO  impl.RaftServerImpl (RaftServerImpl.java:setRole(184)) - 66f9d00c-1e97-4252-958c-bed5a531abda@group-E964BE911FCC: changes role from  FOLLOWER to FOLLOWER at term 307 for recognizeCandidate:92ce6e48-4722-407a-9620-5998c6999257
2019-10-18 14:02:01,468 [Thread-2091] INFO  impl.FollowerState (FollowerState.java:run(117)) - 6cbfae60-ea29-4abc-a49d-ef94f4bd513a@group-E964BE911FCC-FollowerState was interrupted: java.lang.InterruptedException: sleep interrupted
2019-10-18 14:02:01,468 [grpc-default-executor-4] INFO  impl.RoleInfo (RoleInfo.java:updateAndGet(143)) - 6cbfae60-ea29-4abc-a49d-ef94f4bd513a: start FollowerState
2019-10-18 14:02:01,468 [grpc-default-executor-0] INFO  impl.RoleInfo (RoleInfo.java:shutdownFollowerState(121)) - 66f9d00c-1e97-4252-958c-bed5a531abda: shutdown FollowerState
2019-10-18 14:02:01,469 [grpc-default-executor-0] INFO  impl.RoleInfo (RoleInfo.java:updateAndGet(143)) - 66f9d00c-1e97-4252-958c-bed5a531abda: start FollowerState
2019-10-18 14:02:01,469 [Thread-2090] INFO  impl.FollowerState (FollowerState.java:run(117)) - 66f9d00c-1e97-4252-958c-bed5a531abda@group-E964BE911FCC-FollowerState was interrupted: java.lang.InterruptedException: sleep interrupted
2019-10-18 14:02:01,484 [92ce6e48-4722-407a-9620-5998c6999257@group-E964BE911FCC-LeaderElection280] INFO  impl.LeaderElection (LeaderElection.java:logAndReturn(56)) - 92ce6e48-4722-407a-9620-5998c6999257@group-E964BE911FCC-LeaderElection280: Election REJECTED; received 2 response(s) [92ce6e48-4722-407a-9620-5998c6999257<-6cbfae60-ea29-4abc-a49d-ef94f4bd513a#0:FAIL-t307, 92ce6e48-4722-407a-9620-5998c6999257<-66f9d00c-1e97-4252-958c-bed5a531abda#0:FAIL-t307] and 0 exception(s); 92ce6e48-4722-407a-9620-5998c6999257@group-E964BE911FCC:t307, leader=null, voted=92ce6e48-4722-407a-9620-5998c6999257, raftlog=92ce6e48-4722-407a-9620-5998c6999257@group-E964BE911FCC-SegmentedRaftLog:OPENED:c-1,f-1,i0, conf=-1: [6cbfae60-ea29-4abc-a49d-ef94f4bd513a:192.168.69.85:36685, 66f9d00c-1e97-4252-958c-bed5a531abda:192.168.69.85:45996, 92ce6e48-4722-407a-9620-5998c6999257:192.168.69.85:34971], old=null
2019-10-18 14:02:01,484 [92ce6e48-4722-407a-9620-5998c6999257@group-E964BE911FCC-LeaderElection280] INFO  impl.RaftServerImpl (RaftServerImpl.java:setRole(184)) - 92ce6e48-4722-407a-9620-5998c6999257@group-E964BE911FCC: changes role from CANDIDATE to FOLLOWER at term 307 for DISCOVERED_A_NEW_TERM
2019-10-18 14:02:01,484 [92ce6e48-4722-407a-9620-5998c6999257@group-E964BE911FCC-LeaderElection280] INFO  impl.RoleInfo (RoleInfo.java:shutdownLeaderElection(134)) - 92ce6e48-4722-407a-9620-5998c6999257: shutdown LeaderElection
2019-10-18 14:02:01,484 [92ce6e48-4722-407a-9620-5998c6999257@group-E964BE911FCC-LeaderElection280] INFO  impl.RoleInfo (RoleInfo.java:updateAndGet(143)) - 92ce6e48-4722-407a-9620-5998c6999257: start FollowerState
2019-10-18 14:02:01,493 [Thread-2100] INFO  impl.FollowerState (FollowerState.java:run(108)) - 92ce6e48-4722-407a-9620-5998c6999257@group-E964BE911FCC-FollowerState: change to CANDIDATE, lastRpcTime:8ms, electionTimeout:8ms
2019-10-18 14:02:01,493 [Thread-2100] INFO  impl.RoleInfo (RoleInfo.java:shutdownFollowerState(121)) - 92ce6e48-4722-407a-9620-5998c6999257: shutdown FollowerState
2019-10-18 14:02:01,493 [Thread-2100] INFO  impl.RaftServerImpl (RaftServerImpl.java:setRole(184)) - 92ce6e48-4722-407a-9620-5998c6999257@group-E964BE911FCC: changes role from  FOLLOWER to CANDIDATE at term 307 for changeToCandidate
2019-10-18 14:02:01,493 [Thread-2100] INFO  impl.RoleInfo (RoleInfo.java:updateAndGet(143)) - 92ce6e48-4722-407a-9620-5998c6999257: start LeaderElection
2019-10-18 14:02:01,507 [92ce6e48-4722-407a-9620-5998c6999257@group-E964BE911FCC-LeaderElection281] INFO  impl.LeaderElection (LeaderElection.java:askForVotes(178)) - 92ce6e48-4722-407a-9620-5998c6999257@group-E964BE911FCC-LeaderElection281: begin an election at term 308 for -1: [6cbfae60-ea29-4abc-a49d-ef94f4bd513a:192.168.69.85:36685, 66f9d00c-1e97-4252-958c-bed5a531abda:192.168.69.85:45996, 92ce6e48-4722-407a-9620-5998c6999257:192.168.69.85:34971], old=null
2019-10-18 14:02:01,508 [grpc-default-executor-0] INFO  impl.RaftServerImpl (RaftServerImpl.java:setRole(184)) - 6cbfae60-ea29-4abc-a49d-ef94f4bd513a@group-E964BE911FCC: changes role from  FOLLOWER to FOLLOWER at term 308 for recognizeCandidate:92ce6e48-4722-407a-9620-5998c6999257
2019-10-18 14:02:01,509 [grpc-default-executor-0] INFO  impl.RoleInfo (RoleInfo.java:shutdownFollowerState(121)) - 6cbfae60-ea29-4abc-a49d-ef94f4bd513a: shutdown FollowerState
2019-10-18 14:02:01,509 [grpc-default-executor-0] INFO  impl.RoleInfo (RoleInfo.java:updateAndGet(143)) - 6cbfae60-ea29-4abc-a49d-ef94f4bd513a: start FollowerState
2019-10-18 14:02:01,509 [Thread-2098] INFO  impl.FollowerState (FollowerState.java:run(117)) - 6cbfae60-ea29-4abc-a49d-ef94f4bd513a@group-E964BE911FCC-FollowerState was interrupted: java.lang.InterruptedException: sleep interrupted
2019-10-18 14:02:01,509 [grpc-default-executor-4] INFO  impl.RaftServerImpl (RaftServerImpl.java:setRole(184)) - 66f9d00c-1e97-4252-958c-bed5a531abda@group-E964BE911FCC: changes role from  FOLLOWER to FOLLOWER at term 308 for recognizeCandidate:92ce6e48-4722-407a-9620-5998c6999257
2019-10-18 14:02:01,509 [grpc-default-executor-4] INFO  impl.RoleInfo (RoleInfo.java:shutdownFollowerState(121)) - 66f9d00c-1e97-4252-958c-bed5a531abda: shutdown FollowerState
2019-10-18 14:02:01,509 [grpc-default-executor-4] INFO  impl.RoleInfo (RoleInfo.java:updateAndGet(143)) - 66f9d00c-1e97-4252-958c-bed5a531abda: start FollowerState
2019-10-18 14:02:01,509 [Thread-2099] INFO  impl.FollowerState (FollowerState.java:run(117)) - 66f9d00c-1e97-4252-958c-bed5a531abda@group-E964BE911FCC-FollowerState was interrupted: java.lang.InterruptedException: sleep interrupted
2019-10-18 14:02:01,524 [92ce6e48-4722-407a-9620-5998c6999257@group-E964BE911FCC-LeaderElection281] INFO  impl.LeaderElection (LeaderElection.java:logAndReturn(56)) - 92ce6e48-4722-407a-9620-5998c6999257@group-E964BE911FCC-LeaderElection281: Election REJECTED; received 2 response(s) [92ce6e48-4722-407a-9620-5998c6999257<-6cbfae60-ea29-4abc-a49d-ef94f4bd513a#0:FAIL-t308, 92ce6e48-4722-407a-9620-5998c6999257<-66f9d00c-1e97-4252-958c-bed5a531abda#0:FAIL-t308] and 0 exception(s); 92ce6e48-4722-407a-9620-5998c6999257@group-E964BE911FCC:t308, leader=null, voted=92ce6e48-4722-407a-9620-5998c6999257, raftlog=92ce6e48-4722-407a-9620-5998c6999257@group-E964BE911FCC-SegmentedRaftLog:OPENED:c-1,f-1,i0, conf=-1: [6cbfae60-ea29-4abc-a49d-ef94f4bd513a:192.168.69.85:36685, 66f9d00c-1e97-4252-958c-bed5a531abda:192.168.69.85:45996, 92ce6e48-4722-407a-9620-5998c6999257:192.168.69.85:34971], old=null
2019-10-18 14:02:01,524 [92ce6e48-4722-407a-9620-5998c6999257@group-E964BE911FCC-LeaderElection281] INFO  impl.RaftServerImpl (RaftServerImpl.java:setRole(184)) - 92ce6e48-4722-407a-9620-5998c6999257@group-E964BE911FCC: changes role from CANDIDATE to FOLLOWER at term 308 for DISCOVERED_A_NEW_TERM
2019-10-18 14:02:01,524 [92ce6e48-4722-407a-9620-5998c6999257@group-E964BE911FCC-LeaderElection281] INFO  impl.RoleInfo (RoleInfo.java:shutdownLeaderElection(134)) - 92ce6e48-4722-407a-9620-5998c6999257: shutdown LeaderElection
2019-10-18 14:02:01,524 [92ce6e48-4722-407a-9620-5998c6999257@group-E964BE911FCC-LeaderElection281] INFO  impl.RoleInfo (RoleInfo.java:updateAndGet(143)) - 92ce6e48-4722-407a-9620-5998c6999257: start FollowerState
2019-10-18 14:02:01,576 [Thread-2106] INFO  impl.FollowerState (FollowerState.java:run(108)) - 92ce6e48-4722-407a-9620-5998c6999257@group-E964BE911FCC-FollowerState: change to CANDIDATE, lastRpcTime:51ms, electionTimeout:51ms
2019-10-18 14:02:01,576 [Thread-2106] INFO  impl.RoleInfo (RoleInfo.java:shutdownFollowerState(121)) - 92ce6e48-4722-407a-9620-5998c6999257: shutdown FollowerState
2019-10-18 14:02:01,576 [Thread-2106] INFO  impl.RaftServerImpl (RaftServerImpl.java:setRole(184)) - 92ce6e48-4722-407a-9620-5998c6999257@group-E964BE911FCC: changes role from  FOLLOWER to CANDIDATE at term 308 for changeToCandidate
2019-10-18 14:02:01,576 [Thread-2106] INFO  impl.RoleInfo (RoleInfo.java:updateAndGet(143)) - 92ce6e48-4722-407a-9620-5998c6999257: start LeaderElection
2019-10-18 14:02:01,591 [92ce6e48-4722-407a-9620-5998c6999257@group-E964BE911FCC-LeaderElection282] INFO  impl.LeaderElection (LeaderElection.java:askForVotes(178)) - 92ce6e48-4722-407a-9620-5998c6999257@group-E964BE911FCC-LeaderElection282: begin an election at term 309 for -1: [6cbfae60-ea29-4abc-a49d-ef94f4bd513a:192.168.69.85:36685, 66f9d00c-1e97-4252-958c-bed5a531abda:192.168.69.85:45996, 92ce6e48-4722-407a-9620-5998c6999257:192.168.69.85:34971], old=null
2019-10-18 14:02:01,593 [grpc-default-executor-0] INFO  impl.RaftServerImpl (RaftServerImpl.java:setRole(184)) - 6cbfae60-ea29-4abc-a49d-ef94f4bd513a@group-E964BE911FCC: changes role from  FOLLOWER to FOLLOWER at term 309 for recognizeCandidate:92ce6e48-4722-407a-9620-5998c6999257
2019-10-18 14:02:01,593 [grpc-default-executor-4] INFO  impl.RaftServerImpl (RaftServerImpl.java:setRole(184)) - 66f9d00c-1e97-4252-958c-bed5a531abda@group-E964BE911FCC: changes role from  FOLLOWER to FOLLOWER at term 309 for recognizeCandidate:92ce6e48-4722-407a-9620-5998c6999257
2019-10-18 14:02:01,593 [grpc-default-executor-0] INFO  impl.RoleInfo (RoleInfo.java:shutdownFollowerState(121)) - 6cbfae60-ea29-4abc-a49d-ef94f4bd513a: shutdown FollowerState
2019-10-18 14:02:01,593 [grpc-default-executor-4] INFO  impl.RoleInfo (RoleInfo.java:shutdownFollowerState(121)) - 66f9d00c-1e97-4252-958c-bed5a531abda: shutdown FollowerState
2019-10-18 14:02:01,593 [Thread-2104] INFO  impl.FollowerState (FollowerState.java:run(117)) - 6cbfae60-ea29-4abc-a49d-ef94f4bd513a@group-E964BE911FCC-FollowerState was interrupted: java.lang.InterruptedException: sleep interrupted
2019-10-18 14:02:01,593 [grpc-default-executor-0] INFO  impl.RoleInfo (RoleInfo.java:updateAndGet(143)) - 6cbfae60-ea29-4abc-a49d-ef94f4bd513a: start FollowerState
2019-10-18 14:02:01,594 [grpc-default-executor-4] INFO  impl.RoleInfo (RoleInfo.java:updateAndGet(143)) - 66f9d00c-1e97-4252-958c-bed5a531abda: start FollowerState
2019-10-18 14:02:01,594 [Thread-2105] INFO  impl.FollowerState (FollowerState.java:run(117)) - 66f9d00c-1e97-4252-958c-bed5a531abda@group-E964BE911FCC-FollowerState was interrupted: java.lang.InterruptedException: sleep interrupted
2019-10-18 14:02:01,619 [92ce6e48-4722-407a-9620-5998c6999257@group-E964BE911FCC-LeaderElection282] INFO  impl.LeaderElection (LeaderElection.java:logAndReturn(56)) - 92ce6e48-4722-407a-9620-5998c6999257@group-E964BE911FCC-LeaderElection282: Election REJECTED; received 2 response(s) [92ce6e48-4722-407a-9620-5998c6999257<-6cbfae60-ea29-4abc-a49d-ef94f4bd513a#0:FAIL-t309, 92ce6e48-4722-407a-9620-5998c6999257<-66f9d00c-1e97-4252-958c-bed5a531abda#0:FAIL-t309] and 0 exception(s); 92ce6e48-4722-407a-9620-5998c6999257@group-E964BE911FCC:t309, leader=null, voted=92ce6e48-4722-407a-9620-5998c6999257, raftlog=92ce6e48-4722-407a-9620-5998c6999257@group-E964BE911FCC-SegmentedRaftLog:OPENED:c-1,f-1,i0, conf=-1: [6cbfae60-ea29-4abc-a49d-ef94f4bd513a:192.168.69.85:36685, 66f9d00c-1e97-4252-958c-bed5a531abda:192.168.69.85:45996, 92ce6e48-4722-407a-9620-5998c6999257:192.168.69.85:34971], old=null
2019-10-18 14:02:01,619 [92ce6e48-4722-407a-9620-5998c6999257@group-E964BE911FCC-LeaderElection282] INFO  impl.RaftServerImpl (RaftServerImpl.java:setRole(184)) - 92ce6e48-4722-407a-9620-5998c6999257@group-E964BE911FCC: changes role from CANDIDATE to FOLLOWER at term 309 for DISCOVERED_A_NEW_TERM
2019-10-18 14:02:01,619 [92ce6e48-4722-407a-9620-5998c6999257@group-E964BE911FCC-LeaderElection282] INFO  impl.RoleInfo (RoleInfo.java:shutdownLeaderElection(134)) - 92ce6e48-4722-407a-9620-5998c6999257: shutdown LeaderElection
2019-10-18 14:02:01,620 [92ce6e48-4722-407a-9620-5998c6999257@group-E964BE911FCC-LeaderElection282] INFO  impl.RoleInfo (RoleInfo.java:updateAndGet(143)) - 92ce6e48-4722-407a-9620-5998c6999257: start FollowerState
2019-10-18 14:02:01,657 [Thread-2112] INFO  impl.FollowerState (FollowerState.java:run(108)) - 92ce6e48-4722-407a-9620-5998c6999257@group-E964BE911FCC-FollowerState: change to CANDIDATE, lastRpcTime:37ms, electionTimeout:37ms
2019-10-18 14:02:01,657 [Thread-2112] INFO  impl.RoleInfo (RoleInfo.java:shutdownFollowerState(121)) - 92ce6e48-4722-407a-9620-5998c6999257: shutdown FollowerState
2019-10-18 14:02:01,657 [Thread-2112] INFO  impl.RaftServerImpl (RaftServerImpl.java:setRole(184)) - 92ce6e48-4722-407a-9620-5998c6999257@group-E964BE911FCC: changes role from  FOLLOWER to CANDIDATE at term 309 for changeToCandidate
2019-10-18 14:02:01,657 [Thread-2112] INFO  impl.RoleInfo (RoleInfo.java:updateAndGet(143)) - 92ce6e48-4722-407a-9620-5998c6999257: start LeaderElection
2019-10-18 14:02:01,670 [92ce6e48-4722-407a-9620-5998c6999257@group-E964BE911FCC-LeaderElection283] INFO  impl.LeaderElection (LeaderElection.java:askForVotes(178)) - 92ce6e48-4722-407a-9620-5998c6999257@group-E964BE911FCC-LeaderElection283: begin an election at term 310 for -1: [6cbfae60-ea29-4abc-a49d-ef94f4bd513a:192.168.69.85:36685, 66f9d00c-1e97-4252-958c-bed5a531abda:192.168.69.85:45996, 92ce6e48-4722-407a-9620-5998c6999257:192.168.69.85:34971], old=null
2019-10-18 14:02:01,672 [grpc-default-executor-0] INFO  impl.RaftServerImpl (RaftServerImpl.java:setRole(184)) - 6cbfae60-ea29-4abc-a49d-ef94f4bd513a@group-E964BE911FCC: changes role from  FOLLOWER to FOLLOWER at term 310 for recognizeCandidate:92ce6e48-4722-407a-9620-5998c6999257
2019-10-18 14:02:01,672 [grpc-default-executor-4] INFO  impl.RaftServerImpl (RaftServerImpl.java:setRole(184)) - 66f9d00c-1e97-4252-958c-bed5a531abda@group-E964BE911FCC: changes role from  FOLLOWER to FOLLOWER at term 310 for recognizeCandidate:92ce6e48-4722-407a-9620-5998c6999257
2019-10-18 14:02:01,672 [grpc-default-executor-0] INFO  impl.RoleInfo (RoleInfo.java:shutdownFollowerState(121)) - 6cbfae60-ea29-4abc-a49d-ef94f4bd513a: shutdown FollowerState
2019-10-18 14:02:01,672 [grpc-default-executor-4] INFO  impl.RoleInfo (RoleInfo.java:shutdownFollowerState(121)) - 66f9d00c-1e97-4252-958c-bed5a531abda: shutdown FollowerState
2019-10-18 14:02:01,672 [Thread-2110] INFO  impl.FollowerState (FollowerState.java:run(117)) - 6cbfae60-ea29-4abc-a49d-ef94f4bd513a@group-E964BE911FCC-FollowerState was interrupted: java.lang.InterruptedException: sleep interrupted
2019-10-18 14:02:01,672 [Thread-2111] INFO  impl.FollowerState (FollowerState.java:run(117)) - 66f9d00c-1e97-4252-958c-bed5a531abda@group-E964BE911FCC-FollowerState was interrupted: java.lang.InterruptedException: sleep interrupted
2019-10-18 14:02:01,672 [grpc-default-executor-0] INFO  impl.RoleInfo (RoleInfo.java:updateAndGet(143)) - 6cbfae60-ea29-4abc-a49d-ef94f4bd513a: start FollowerState
2019-10-18 14:02:01,672 [grpc-default-executor-4] INFO  impl.RoleInfo (RoleInfo.java:updateAndGet(143)) - 66f9d00c-1e97-4252-958c-bed5a531abda: start FollowerState
2019-10-18 14:02:01,686 [92ce6e48-4722-407a-9620-5998c6999257@group-E964BE911FCC-LeaderElection283] INFO  impl.LeaderElection (LeaderElection.java:logAndReturn(56)) - 92ce6e48-4722-407a-9620-5998c6999257@group-E964BE911FCC-LeaderElection283: Election REJECTED; received 2 response(s) [92ce6e48-4722-407a-9620-5998c6999257<-6cbfae60-ea29-4abc-a49d-ef94f4bd513a#0:FAIL-t310, 92ce6e48-4722-407a-9620-5998c6999257<-66f9d00c-1e97-4252-958c-bed5a531abda#0:FAIL-t310] and 0 exception(s); 92ce6e48-4722-407a-9620-5998c6999257@group-E964BE911FCC:t310, leader=null, voted=92ce6e48-4722-407a-9620-5998c6999257, raftlog=92ce6e48-4722-407a-9620-5998c6999257@group-E964BE911FCC-SegmentedRaftLog:OPENED:c-1,f-1,i0, conf=-1: [6cbfae60-ea29-4abc-a49d-ef94f4bd513a:192.168.69.85:36685, 66f9d00c-1e97-4252-958c-bed5a531abda:192.168.69.85:45996, 92ce6e48-4722-407a-9620-5998c6999257:192.168.69.85:34971], old=null
2019-10-18 14:02:01,686 [92ce6e48-4722-407a-9620-5998c6999257@group-E964BE911FCC-LeaderElection283] INFO  impl.RaftServerImpl (RaftServerImpl.java:setRole(184)) - 92ce6e48-4722-407a-9620-5998c6999257@group-E964BE911FCC: changes role from CANDIDATE to FOLLOWER at term 310 for DISCOVERED_A_NEW_TERM
2019-10-18 14:02:01,686 [92ce6e48-4722-407a-9620-5998c6999257@group-E964BE911FCC-LeaderElection283] INFO  impl.RoleInfo (RoleInfo.java:shutdownLeaderElection(134)) - 92ce6e48-4722-407a-9620-5998c6999257: shutdown LeaderElection
2019-10-18 14:02:01,687 [92ce6e48-4722-407a-9620-5998c6999257@group-E964BE911FCC-LeaderElection283] INFO  impl.RoleInfo (RoleInfo.java:updateAndGet(143)) - 92ce6e48-4722-407a-9620-5998c6999257: start FollowerState
2019-10-18 14:02:01,870 [Thread-2118] INFO  impl.FollowerState (FollowerState.java:run(108)) - 92ce6e48-4722-407a-9620-5998c6999257@group-E964BE911FCC-FollowerState: change to CANDIDATE, lastRpcTime:183ms, electionTimeout:183ms
2019-10-18 14:02:01,870 [Thread-2118] INFO  impl.RoleInfo (RoleInfo.java:shutdownFollowerState(121)) - 92ce6e48-4722-407a-9620-5998c6999257: shutdown FollowerState
2019-10-18 14:02:01,870 [Thread-2118] INFO  impl.RaftServerImpl (RaftServerImpl.java:setRole(184)) - 92ce6e48-4722-407a-9620-5998c6999257@group-E964BE911FCC: changes role from  FOLLOWER to CANDIDATE at term 310 for changeToCandidate
2019-10-18 14:02:01,870 [Thread-2118] INFO  impl.RoleInfo (RoleInfo.java:updateAndGet(143)) - 92ce6e48-4722-407a-9620-5998c6999257: start LeaderElection
2019-10-18 14:02:01,884 [92ce6e48-4722-407a-9620-5998c6999257@group-E964BE911FCC-LeaderElection284] INFO  impl.LeaderElection (LeaderElection.java:askForVotes(178)) - 92ce6e48-4722-407a-9620-5998c6999257@group-E964BE911FCC-LeaderElection284: begin an election at term 311 for -1: [6cbfae60-ea29-4abc-a49d-ef94f4bd513a:192.168.69.85:36685, 66f9d00c-1e97-4252-958c-bed5a531abda:192.168.69.85:45996, 92ce6e48-4722-407a-9620-5998c6999257:192.168.69.85:34971], old=null
2019-10-18 14:02:01,886 [grpc-default-executor-0] INFO  impl.RaftServerImpl (RaftServerImpl.java:setRole(184)) - 66f9d00c-1e97-4252-958c-bed5a531abda@group-E964BE911FCC: changes role from  FOLLOWER to FOLLOWER at term 311 for recognizeCandidate:92ce6e48-4722-407a-9620-5998c6999257
2019-10-18 14:02:01,886 [grpc-default-executor-0] INFO  impl.RoleInfo (RoleInfo.java:shutdownFollowerState(121)) - 66f9d00c-1e97-4252-958c-bed5a531abda: shutdown FollowerState
2019-10-18 14:02:01,886 [grpc-default-executor-4] INFO  impl.RaftServerImpl (RaftServerImpl.java:setRole(184)) - 6cbfae60-ea29-4abc-a49d-ef94f4bd513a@group-E964BE911FCC: changes role from  FOLLOWER to FOLLOWER at term 311 for recognizeCandidate:92ce6e48-4722-407a-9620-5998c6999257
2019-10-18 14:02:01,886 [Thread-2117] INFO  impl.FollowerState (FollowerState.java:run(117)) - 66f9d00c-1e97-4252-958c-bed5a531abda@group-E964BE911FCC-FollowerState was interrupted: java.lang.InterruptedException: sleep interrupted
2019-10-18 14:02:01,886 [grpc-default-executor-0] INFO  impl.RoleInfo (RoleInfo.java:updateAndGet(143)) - 66f9d00c-1e97-4252-958c-bed5a531abda: start FollowerState
2019-10-18 14:02:01,886 [grpc-default-executor-4] INFO  impl.RoleInfo (RoleInfo.java:shutdownFollowerState(121)) - 6cbfae60-ea29-4abc-a49d-ef94f4bd513a: shutdown FollowerState
2019-10-18 14:02:01,886 [grpc-default-executor-4] INFO  impl.RoleInfo (RoleInfo.java:updateAndGet(143)) - 6cbfae60-ea29-4abc-a49d-ef94f4bd513a: start FollowerState
2019-10-18 14:02:01,886 [Thread-2116] INFO  impl.FollowerState (FollowerState.java:run(117)) - 6cbfae60-ea29-4abc-a49d-ef94f4bd513a@group-E964BE911FCC-FollowerState was interrupted: java.lang.InterruptedException: sleep interrupted
2019-10-18 14:02:01,896 [92ce6e48-4722-407a-9620-5998c6999257@group-E964BE911FCC-LeaderElection284] INFO  impl.LeaderElection (LeaderElection.java:logAndReturn(56)) - 92ce6e48-4722-407a-9620-5998c6999257@group-E964BE911FCC-LeaderElection284: Election TIMEOUT; received 0 response(s) [] and 0 exception(s); 92ce6e48-4722-407a-9620-5998c6999257@group-E964BE911FCC:t311, leader=null, voted=92ce6e48-4722-407a-9620-5998c6999257, raftlog=92ce6e48-4722-407a-9620-5998c6999257@group-E964BE911FCC-SegmentedRaftLog:OPENED:c-1,f-1,i0, conf=-1: [6cbfae60-ea29-4abc-a49d-ef94f4bd513a:192.168.69.85:36685, 66f9d00c-1e97-4252-958c-bed5a531abda:192.168.69.85:45996, 92ce6e48-4722-407a-9620-5998c6999257:192.168.69.85:34971], old=null
2019-10-18 14:02:01,902 [92ce6e48-4722-407a-9620-5998c6999257@group-E964BE911FCC-LeaderElection284] INFO  impl.LeaderElection (LeaderElection.java:askForVotes(178)) - 92ce6e48-4722-407a-9620-5998c6999257@group-E964BE911FCC-LeaderElection284: begin an election at term 312 for -1: [6cbfae60-ea29-4abc-a49d-ef94f4bd513a:192.168.69.85:36685, 66f9d00c-1e97-4252-958c-bed5a531abda:192.168.69.85:45996, 92ce6e48-4722-407a-9620-5998c6999257:192.168.69.85:34971], old=null
2019-10-18 14:02:01,903 [grpc-default-executor-4] INFO  impl.RaftServerImpl (RaftServerImpl.java:setRole(184)) - 6cbfae60-ea29-4abc-a49d-ef94f4bd513a@group-E964BE911FCC: changes role from  FOLLOWER to FOLLOWER at term 312 for recognizeCandidate:92ce6e48-4722-407a-9620-5998c6999257
2019-10-18 14:02:01,903 [grpc-default-executor-4] INFO  impl.RoleInfo (RoleInfo.java:shutdownFollowerState(121)) - 6cbfae60-ea29-4abc-a49d-ef94f4bd513a: shutdown FollowerState
2019-10-18 14:02:01,903 [grpc-default-executor-4] INFO  impl.RoleInfo (RoleInfo.java:updateAndGet(143)) - 6cbfae60-ea29-4abc-a49d-ef94f4bd513a: start FollowerState
2019-10-18 14:02:01,903 [Thread-2123] INFO  impl.FollowerState (FollowerState.java:run(117)) - 6cbfae60-ea29-4abc-a49d-ef94f4bd513a@group-E964BE911FCC-FollowerState was interrupted: java.lang.InterruptedException: sleep interrupted
2019-10-18 14:02:01,903 [grpc-default-executor-0] INFO  impl.RaftServerImpl (RaftServerImpl.java:setRole(184)) - 66f9d00c-1e97-4252-958c-bed5a531abda@group-E964BE911FCC: changes role from  FOLLOWER to FOLLOWER at term 312 for recognizeCandidate:92ce6e48-4722-407a-9620-5998c6999257
2019-10-18 14:02:01,904 [grpc-default-executor-0] INFO  impl.RoleInfo (RoleInfo.java:shutdownFollowerState(121)) - 66f9d00c-1e97-4252-958c-bed5a531abda: shutdown FollowerState
2019-10-18 14:02:01,904 [grpc-default-executor-0] INFO  impl.RoleInfo (RoleInfo.java:updateAndGet(143)) - 66f9d00c-1e97-4252-958c-bed5a531abda: start FollowerState
2019-10-18 14:02:01,904 [Thread-2122] INFO  impl.FollowerState (FollowerState.java:run(117)) - 66f9d00c-1e97-4252-958c-bed5a531abda@group-E964BE911FCC-FollowerState was interrupted: java.lang.InterruptedException: sleep interrupted
2019-10-18 14:02:01,908 [92ce6e48-4722-407a-9620-5998c6999257@group-E964BE911FCC-LeaderElection284] INFO  impl.LeaderElection (LeaderElection.java:logAndReturn(56)) - 92ce6e48-4722-407a-9620-5998c6999257@group-E964BE911FCC-LeaderElection284: Election TIMEOUT; received 0 response(s) [] and 0 exception(s); 92ce6e48-4722-407a-9620-5998c6999257@group-E964BE911FCC:t312, leader=null, voted=92ce6e48-4722-407a-9620-5998c6999257, raftlog=92ce6e48-4722-407a-9620-5998c6999257@group-E964BE911FCC-SegmentedRaftLog:OPENED:c-1,f-1,i0, conf=-1: [6cbfae60-ea29-4abc-a49d-ef94f4bd513a:192.168.69.85:36685, 66f9d00c-1e97-4252-958c-bed5a531abda:192.168.69.85:45996, 92ce6e48-4722-407a-9620-5998c6999257:192.168.69.85:34971], old=null
2019-10-18 14:02:01,913 [92ce6e48-4722-407a-9620-5998c6999257@group-E964BE911FCC-LeaderElection284] INFO  impl.LeaderElection (LeaderElection.java:askForVotes(178)) - 92ce6e48-4722-407a-9620-5998c6999257@group-E964BE911FCC-LeaderElection284: begin an election at term 313 for -1: [6cbfae60-ea29-4abc-a49d-ef94f4bd513a:192.168.69.85:36685, 66f9d00c-1e97-4252-958c-bed5a531abda:192.168.69.85:45996, 92ce6e48-4722-407a-9620-5998c6999257:192.168.69.85:34971], old=null
2019-10-18 14:02:01,914 [grpc-default-executor-0] INFO  impl.RaftServerImpl (RaftServerImpl.java:setRole(184)) - 6cbfae60-ea29-4abc-a49d-ef94f4bd513a@group-E964BE911FCC: changes role from  FOLLOWER to FOLLOWER at term 313 for recognizeCandidate:92ce6e48-4722-407a-9620-5998c6999257
2019-10-18 14:02:01,914 [grpc-default-executor-0] INFO  impl.RoleInfo (RoleInfo.java:shutdownFollowerState(121)) - 6cbfae60-ea29-4abc-a49d-ef94f4bd513a: shutdown FollowerState
2019-10-18 14:02:01,915 [grpc-default-executor-4] INFO  impl.RaftServerImpl (RaftServerImpl.java:setRole(184)) - 66f9d00c-1e97-4252-958c-bed5a531abda@group-E964BE911FCC: changes role from  FOLLOWER to FOLLOWER at term 313 for recognizeCandidate:92ce6e48-4722-407a-9620-5998c6999257
2019-10-18 14:02:01,915 [grpc-default-executor-4] INFO  impl.RoleInfo (RoleInfo.java:shutdownFollowerState(121)) - 66f9d00c-1e97-4252-958c-bed5a531abda: shutdown FollowerState
2019-10-18 14:02:01,915 [Thread-2126] INFO  impl.FollowerState (FollowerState.java:run(117)) - 6cbfae60-ea29-4abc-a49d-ef94f4bd513a@group-E964BE911FCC-FollowerState was interrupted: java.lang.InterruptedException: sleep interrupted
2019-10-18 14:02:01,915 [grpc-default-executor-0] INFO  impl.RoleInfo (RoleInfo.java:updateAndGet(143)) - 6cbfae60-ea29-4abc-a49d-ef94f4bd513a: start FollowerState
2019-10-18 14:02:01,915 [Thread-2127] INFO  impl.FollowerState (FollowerState.java:run(117)) - 66f9d00c-1e97-4252-958c-bed5a531abda@group-E964BE911FCC-FollowerState was interrupted: java.lang.InterruptedException: sleep interrupted
2019-10-18 14:02:01,915 [grpc-default-executor-4] INFO  impl.RoleInfo (RoleInfo.java:updateAndGet(143)) - 66f9d00c-1e97-4252-958c-bed5a531abda: start FollowerState
2019-10-18 14:02:01,929 [92ce6e48-4722-407a-9620-5998c6999257@group-E964BE911FCC-LeaderElection284] INFO  impl.LeaderElection (LeaderElection.java:logAndReturn(56)) - 92ce6e48-4722-407a-9620-5998c6999257@group-E964BE911FCC-LeaderElection284: Election REJECTED; received 2 response(s) [92ce6e48-4722-407a-9620-5998c6999257<-6cbfae60-ea29-4abc-a49d-ef94f4bd513a#0:FAIL-t313, 92ce6e48-4722-407a-9620-5998c6999257<-66f9d00c-1e97-4252-958c-bed5a531abda#0:FAIL-t313] and 0 exception(s); 92ce6e48-4722-407a-9620-5998c6999257@group-E964BE911FCC:t313, leader=null, voted=92ce6e48-4722-407a-9620-5998c6999257, raftlog=92ce6e48-4722-407a-9620-5998c6999257@group-E964BE911FCC-SegmentedRaftLog:OPENED:c-1,f-1,i0, conf=-1: [6cbfae60-ea29-4abc-a49d-ef94f4bd513a:192.168.69.85:36685, 66f9d00c-1e97-4252-958c-bed5a531abda:192.168.69.85:45996, 92ce6e48-4722-407a-9620-5998c6999257:192.168.69.85:34971], old=null
2019-10-18 14:02:01,929 [92ce6e48-4722-407a-9620-5998c6999257@group-E964BE911FCC-LeaderElection284] INFO  impl.RaftServerImpl (RaftServerImpl.java:setRole(184)) - 92ce6e48-4722-407a-9620-5998c6999257@group-E964BE911FCC: changes role from CANDIDATE to FOLLOWER at term 313 for DISCOVERED_A_NEW_TERM
2019-10-18 14:02:01,929 [92ce6e48-4722-407a-9620-5998c6999257@group-E964BE911FCC-LeaderElection284] INFO  impl.RoleInfo (RoleInfo.java:shutdownLeaderElection(134)) - 92ce6e48-4722-407a-9620-5998c6999257: shutdown LeaderElection
2019-10-18 14:02:01,929 [92ce6e48-4722-407a-9620-5998c6999257@group-E964BE911FCC-LeaderElection284] INFO  impl.RoleInfo (RoleInfo.java:updateAndGet(143)) - 92ce6e48-4722-407a-9620-5998c6999257: start FollowerState
2019-10-18 14:02:01,956 [Thread-2132] INFO  impl.FollowerState (FollowerState.java:run(108)) - 92ce6e48-4722-407a-9620-5998c6999257@group-E964BE911FCC-FollowerState: change to CANDIDATE, lastRpcTime:26ms, electionTimeout:26ms
2019-10-18 14:02:01,956 [Thread-2132] INFO  impl.RoleInfo (RoleInfo.java:shutdownFollowerState(121)) - 92ce6e48-4722-407a-9620-5998c6999257: shutdown FollowerState
2019-10-18 14:02:01,956 [Thread-2132] INFO  impl.RaftServerImpl (RaftServerImpl.java:setRole(184)) - 92ce6e48-4722-407a-9620-5998c6999257@group-E964BE911FCC: changes role from  FOLLOWER to CANDIDATE at term 313 for changeToCandidate
2019-10-18 14:02:01,956 [Thread-2132] INFO  impl.RoleInfo (RoleInfo.java:updateAndGet(143)) - 92ce6e48-4722-407a-9620-5998c6999257: start LeaderElection
2019-10-18 14:02:01,970 [92ce6e48-4722-407a-9620-5998c6999257@group-E964BE911FCC-LeaderElection285] INFO  impl.LeaderElection (LeaderElection.java:askForVotes(178)) - 92ce6e48-4722-407a-9620-5998c6999257@group-E964BE911FCC-LeaderElection285: begin an election at term 314 for -1: [6cbfae60-ea29-4abc-a49d-ef94f4bd513a:192.168.69.85:36685, 66f9d00c-1e97-4252-958c-bed5a531abda:192.168.69.85:45996, 92ce6e48-4722-407a-9620-5998c6999257:192.168.69.85:34971], old=null
2019-10-18 14:02:01,972 [grpc-default-executor-0] INFO  impl.RaftServerImpl (RaftServerImpl.java:setRole(184)) - 66f9d00c-1e97-4252-958c-bed5a531abda@group-E964BE911FCC: changes role from  FOLLOWER to FOLLOWER at term 314 for recognizeCandidate:92ce6e48-4722-407a-9620-5998c6999257
2019-10-18 14:02:01,972 [grpc-default-executor-0] INFO  impl.RoleInfo (RoleInfo.java:shutdownFollowerState(121)) - 66f9d00c-1e97-4252-958c-bed5a531abda: shutdown FollowerState
2019-10-18 14:02:01,972 [grpc-default-executor-4] INFO  impl.RaftServerImpl (RaftServerImpl.java:setRole(184)) - 6cbfae60-ea29-4abc-a49d-ef94f4bd513a@group-E964BE911FCC: changes role from  FOLLOWER to FOLLOWER at term 314 for recognizeCandidate:92ce6e48-4722-407a-9620-5998c6999257
2019-10-18 14:02:01,972 [grpc-default-executor-4] INFO  impl.RoleInfo (RoleInfo.java:shutdownFollowerState(121)) - 6cbfae60-ea29-4abc-a49d-ef94f4bd513a: shutdown FollowerState
2019-10-18 14:02:01,972 [Thread-2131] INFO  impl.FollowerState (FollowerState.java:run(117)) - 66f9d00c-1e97-4252-958c-bed5a531abda@group-E964BE911FCC-FollowerState was interrupted: java.lang.InterruptedException: sleep interrupted
2019-10-18 14:02:01,972 [grpc-default-executor-0] INFO  impl.RoleInfo (RoleInfo.java:updateAndGet(143)) - 66f9d00c-1e97-4252-958c-bed5a531abda: start FollowerState
2019-10-18 14:02:01,973 [Thread-2130] INFO  impl.FollowerState (FollowerState.java:run(117)) - 6cbfae60-ea29-4abc-a49d-ef94f4bd513a@group-E964BE911FCC-FollowerState was interrupted: java.lang.InterruptedException: sleep interrupted
2019-10-18 14:02:01,973 [grpc-default-executor-4] INFO  impl.RoleInfo (RoleInfo.java:updateAndGet(143)) - 6cbfae60-ea29-4abc-a49d-ef94f4bd513a: start FollowerState
2019-10-18 14:02:01,999 [92ce6e48-4722-407a-9620-5998c6999257@group-E964BE911FCC-LeaderElection285] INFO  impl.LeaderElection (LeaderElection.java:logAndReturn(56)) - 92ce6e48-4722-407a-9620-5998c6999257@group-E964BE911FCC-LeaderElection285: Election REJECTED; received 2 response(s) [92ce6e48-4722-407a-9620-5998c6999257<-6cbfae60-ea29-4abc-a49d-ef94f4bd513a#0:FAIL-t314, 92ce6e48-4722-407a-9620-5998c6999257<-66f9d00c-1e97-4252-958c-bed5a531abda#0:FAIL-t314] and 0 exception(s); 92ce6e48-4722-407a-9620-5998c6999257@group-E964BE911FCC:t314, leader=null, voted=92ce6e48-4722-407a-9620-5998c6999257, raftlog=92ce6e48-4722-407a-9620-5998c6999257@group-E964BE911FCC-SegmentedRaftLog:OPENED:c-1,f-1,i0, conf=-1: [6cbfae60-ea29-4abc-a49d-ef94f4bd513a:192.168.69.85:36685, 66f9d00c-1e97-4252-958c-bed5a531abda:192.168.69.85:45996, 92ce6e48-4722-407a-9620-5998c6999257:192.168.69.85:34971], old=null
2019-10-18 14:02:01,999 [92ce6e48-4722-407a-9620-5998c6999257@group-E964BE911FCC-LeaderElection285] INFO  impl.RaftServerImpl (RaftServerImpl.java:setRole(184)) - 92ce6e48-4722-407a-9620-5998c6999257@group-E964BE911FCC: changes role from CANDIDATE to FOLLOWER at term 314 for DISCOVERED_A_NEW_TERM
2019-10-18 14:02:01,999 [92ce6e48-4722-407a-9620-5998c6999257@group-E964BE911FCC-LeaderElection285] INFO  impl.RoleInfo (RoleInfo.java:shutdownLeaderElection(134)) - 92ce6e48-4722-407a-9620-5998c6999257: shutdown LeaderElection
2019-10-18 14:02:01,999 [92ce6e48-4722-407a-9620-5998c6999257@group-E964BE911FCC-LeaderElection285] INFO  impl.RoleInfo (RoleInfo.java:updateAndGet(143)) - 92ce6e48-4722-407a-9620-5998c6999257: start FollowerState
2019-10-18 14:02:02,103 [Thread-2138] INFO  impl.FollowerState (FollowerState.java:run(108)) - 92ce6e48-4722-407a-9620-5998c6999257@group-E964BE911FCC-FollowerState: change to CANDIDATE, lastRpcTime:103ms, electionTimeout:103ms
2019-10-18 14:02:02,103 [Thread-2138] INFO  impl.RoleInfo (RoleInfo.java:shutdownFollowerState(121)) - 92ce6e48-4722-407a-9620-5998c6999257: shutdown FollowerState
2019-10-18 14:02:02,103 [Thread-2138] INFO  impl.RaftServerImpl (RaftServerImpl.java:setRole(184)) - 92ce6e48-4722-407a-9620-5998c6999257@group-E964BE911FCC: changes role from  FOLLOWER to CANDIDATE at term 314 for changeToCandidate
2019-10-18 14:02:02,103 [Thread-2138] INFO  impl.RoleInfo (RoleInfo.java:updateAndGet(143)) - 92ce6e48-4722-407a-9620-5998c6999257: start LeaderElection
2019-10-18 14:02:02,144 [92ce6e48-4722-407a-9620-5998c6999257@group-E964BE911FCC-LeaderElection286] INFO  impl.LeaderElection (LeaderElection.java:askForVotes(178)) - 92ce6e48-4722-407a-9620-5998c6999257@group-E964BE911FCC-LeaderElection286: begin an election at term 315 for -1: [6cbfae60-ea29-4abc-a49d-ef94f4bd513a:192.168.69.85:36685, 66f9d00c-1e97-4252-958c-bed5a531abda:192.168.69.85:45996, 92ce6e48-4722-407a-9620-5998c6999257:192.168.69.85:34971], old=null
2019-10-18 14:02:02,146 [grpc-default-executor-4] INFO  impl.RaftServerImpl (RaftServerImpl.java:setRole(184)) - 6cbfae60-ea29-4abc-a49d-ef94f4bd513a@group-E964BE911FCC: changes role from  FOLLOWER to FOLLOWER at term 315 for recognizeCandidate:92ce6e48-4722-407a-9620-5998c6999257
2019-10-18 14:02:02,147 [grpc-default-executor-4] INFO  impl.RoleInfo (RoleInfo.java:shutdownFollowerState(121)) - 6cbfae60-ea29-4abc-a49d-ef94f4bd513a: shutdown FollowerState
2019-10-18 14:02:02,147 [grpc-default-executor-0] INFO  impl.RaftServerImpl (RaftServerImpl.java:setRole(184)) - 66f9d00c-1e97-4252-958c-bed5a531abda@group-E964BE911FCC: changes role from  FOLLOWER to FOLLOWER at term 315 for recognizeCandidate:92ce6e48-4722-407a-9620-5998c6999257
2019-10-18 14:02:02,147 [grpc-default-executor-0] INFO  impl.RoleInfo (RoleInfo.java:shutdownFollowerState(121)) - 66f9d00c-1e97-4252-958c-bed5a531abda: shutdown FollowerState
2019-10-18 14:02:02,147 [Thread-2137] INFO  impl.FollowerState (FollowerState.java:run(117)) - 6cbfae60-ea29-4abc-a49d-ef94f4bd513a@group-E964BE911FCC-FollowerState was interrupted: java.lang.InterruptedException: sleep interrupted
2019-10-18 14:02:02,147 [grpc-default-executor-4] INFO  impl.RoleInfo (RoleInfo.java:updateAndGet(143)) - 6cbfae60-ea29-4abc-a49d-ef94f4bd513a: start FollowerState
2019-10-18 14:02:02,147 [Thread-2136] INFO  impl.FollowerState (FollowerState.java:run(117)) - 66f9d00c-1e97-4252-958c-bed5a531abda@group-E964BE911FCC-FollowerState was interrupted: java.lang.InterruptedException: sleep interrupted
2019-10-18 14:02:02,147 [grpc-default-executor-0] INFO  impl.RoleInfo (RoleInfo.java:updateAndGet(143)) - 66f9d00c-1e97-4252-958c-bed5a531abda: start FollowerState
2019-10-18 14:02:02,160 [92ce6e48-4722-407a-9620-5998c6999257@group-E964BE911FCC-LeaderElection286] INFO  impl.LeaderElection (LeaderElection.java:logAndReturn(56)) - 92ce6e48-4722-407a-9620-5998c6999257@group-E964BE911FCC-LeaderElection286: Election REJECTED; received 2 response(s) [92ce6e48-4722-407a-9620-5998c6999257<-6cbfae60-ea29-4abc-a49d-ef94f4bd513a#0:FAIL-t315, 92ce6e48-4722-407a-9620-5998c6999257<-66f9d00c-1e97-4252-958c-bed5a531abda#0:FAIL-t315] and 0 exception(s); 92ce6e48-4722-407a-9620-5998c6999257@group-E964BE911FCC:t315, leader=null, voted=92ce6e48-4722-407a-9620-5998c6999257, raftlog=92ce6e48-4722-407a-9620-5998c6999257@group-E964BE911FCC-SegmentedRaftLog:OPENED:c-1,f-1,i0, conf=-1: [6cbfae60-ea29-4abc-a49d-ef94f4bd513a:192.168.69.85:36685, 66f9d00c-1e97-4252-958c-bed5a531abda:192.168.69.85:45996, 92ce6e48-4722-407a-9620-5998c6999257:192.168.69.85:34971], old=null
2019-10-18 14:02:02,160 [92ce6e48-4722-407a-9620-5998c6999257@group-E964BE911FCC-LeaderElection286] INFO  impl.RaftServerImpl (RaftServerImpl.java:setRole(184)) - 92ce6e48-4722-407a-9620-5998c6999257@group-E964BE911FCC: changes role from CANDIDATE to FOLLOWER at term 315 for DISCOVERED_A_NEW_TERM
2019-10-18 14:02:02,161 [92ce6e48-4722-407a-9620-5998c6999257@group-E964BE911FCC-LeaderElection286] INFO  impl.RoleInfo (RoleInfo.java:shutdownLeaderElection(134)) - 92ce6e48-4722-407a-9620-5998c6999257: shutdown LeaderElection
2019-10-18 14:02:02,161 [92ce6e48-4722-407a-9620-5998c6999257@group-E964BE911FCC-LeaderElection286] INFO  impl.RoleInfo (RoleInfo.java:updateAndGet(143)) - 92ce6e48-4722-407a-9620-5998c6999257: start FollowerState
2019-10-18 14:02:02,359 [Thread-2144] INFO  impl.FollowerState (FollowerState.java:run(108)) - 92ce6e48-4722-407a-9620-5998c6999257@group-E964BE911FCC-FollowerState: change to CANDIDATE, lastRpcTime:198ms, electionTimeout:198ms
2019-10-18 14:02:02,359 [Thread-2144] INFO  impl.RoleInfo (RoleInfo.java:shutdownFollowerState(121)) - 92ce6e48-4722-407a-9620-5998c6999257: shutdown FollowerState
2019-10-18 14:02:02,359 [Thread-2144] INFO  impl.RaftServerImpl (RaftServerImpl.java:setRole(184)) - 92ce6e48-4722-407a-9620-5998c6999257@group-E964BE911FCC: changes role from  FOLLOWER to CANDIDATE at term 315 for changeToCandidate
2019-10-18 14:02:02,360 [Thread-2144] INFO  impl.RoleInfo (RoleInfo.java:updateAndGet(143)) - 92ce6e48-4722-407a-9620-5998c6999257: start LeaderElection
2019-10-18 14:02:02,371 [92ce6e48-4722-407a-9620-5998c6999257@group-E964BE911FCC-LeaderElection287] INFO  impl.LeaderElection (LeaderElection.java:askForVotes(178)) - 92ce6e48-4722-407a-9620-5998c6999257@group-E964BE911FCC-LeaderElection287: begin an election at term 316 for -1: [6cbfae60-ea29-4abc-a49d-ef94f4bd513a:192.168.69.85:36685, 66f9d00c-1e97-4252-958c-bed5a531abda:192.168.69.85:45996, 92ce6e48-4722-407a-9620-5998c6999257:192.168.69.85:34971], old=null
2019-10-18 14:02:02,373 [grpc-default-executor-0] INFO  impl.RaftServerImpl (RaftServerImpl.java:setRole(184)) - 6cbfae60-ea29-4abc-a49d-ef94f4bd513a@group-E964BE911FCC: changes role from  FOLLOWER to FOLLOWER at term 316 for recognizeCandidate:92ce6e48-4722-407a-9620-5998c6999257
2019-10-18 14:02:02,373 [grpc-default-executor-0] INFO  impl.RoleInfo (RoleInfo.java:shutdownFollowerState(121)) - 6cbfae60-ea29-4abc-a49d-ef94f4bd513a: shutdown FollowerState
2019-10-18 14:02:02,373 [grpc-default-executor-4] INFO  impl.RaftServerImpl (RaftServerImpl.java:setRole(184)) - 66f9d00c-1e97-4252-958c-bed5a531abda@group-E964BE911FCC: changes role from  FOLLOWER to FOLLOWER at term 316 for recognizeCandidate:92ce6e48-4722-407a-9620-5998c6999257
2019-10-18 14:02:02,374 [grpc-default-executor-4] INFO  impl.RoleInfo (RoleInfo.java:shutdownFollowerState(121)) - 66f9d00c-1e97-4252-958c-bed5a531abda: shutdown FollowerState
2019-10-18 14:02:02,373 [Thread-2142] INFO  impl.FollowerState (FollowerState.java:run(117)) - 6cbfae60-ea29-4abc-a49d-ef94f4bd513a@group-E964BE911FCC-FollowerState was interrupted: java.lang.InterruptedException: sleep interrupted
2019-10-18 14:02:02,373 [grpc-default-executor-0] INFO  impl.RoleInfo (RoleInfo.java:updateAndGet(143)) - 6cbfae60-ea29-4abc-a49d-ef94f4bd513a: start FollowerState
2019-10-18 14:02:02,374 [Thread-2143] INFO  impl.FollowerState (FollowerState.java:run(117)) - 66f9d00c-1e97-4252-958c-bed5a531abda@group-E964BE911FCC-FollowerState was interrupted: java.lang.InterruptedException: sleep interrupted
2019-10-18 14:02:02,374 [grpc-default-executor-4] INFO  impl.RoleInfo (RoleInfo.java:updateAndGet(143)) - 66f9d00c-1e97-4252-958c-bed5a531abda: start FollowerState
2019-10-18 14:02:02,380 [92ce6e48-4722-407a-9620-5998c6999257@group-E964BE911FCC-LeaderElection287] INFO  impl.LeaderElection (LeaderElection.java:logAndReturn(56)) - 92ce6e48-4722-407a-9620-5998c6999257@group-E964BE911FCC-LeaderElection287: Election REJECTED; received 2 response(s) [92ce6e48-4722-407a-9620-5998c6999257<-6cbfae60-ea29-4abc-a49d-ef94f4bd513a#0:FAIL-t316, 92ce6e48-4722-407a-9620-5998c6999257<-66f9d00c-1e97-4252-958c-bed5a531abda#0:FAIL-t316] and 0 exception(s); 92ce6e48-4722-407a-9620-5998c6999257@group-E964BE911FCC:t316, leader=null, voted=92ce6e48-4722-407a-9620-5998c6999257, raftlog=92ce6e48-4722-407a-9620-5998c6999257@group-E964BE911FCC-SegmentedRaftLog:OPENED:c-1,f-1,i0, conf=-1: [6cbfae60-ea29-4abc-a49d-ef94f4bd513a:192.168.69.85:36685, 66f9d00c-1e97-4252-958c-bed5a531abda:192.168.69.85:45996, 92ce6e48-4722-407a-9620-5998c6999257:192.168.69.85:34971], old=null
2019-10-18 14:02:02,380 [92ce6e48-4722-407a-9620-5998c6999257@group-E964BE911FCC-LeaderElection287] INFO  impl.RaftServerImpl (RaftServerImpl.java:setRole(184)) - 92ce6e48-4722-407a-9620-5998c6999257@group-E964BE911FCC: changes role from CANDIDATE to FOLLOWER at term 316 for DISCOVERED_A_NEW_TERM
2019-10-18 14:02:02,380 [92ce6e48-4722-407a-9620-5998c6999257@group-E964BE911FCC-LeaderElection287] INFO  impl.RoleInfo (RoleInfo.java:shutdownLeaderElection(134)) - 92ce6e48-4722-407a-9620-5998c6999257: shutdown LeaderElection
2019-10-18 14:02:02,380 [92ce6e48-4722-407a-9620-5998c6999257@group-E964BE911FCC-LeaderElection287] INFO  impl.RoleInfo (RoleInfo.java:updateAndGet(143)) - 92ce6e48-4722-407a-9620-5998c6999257: start FollowerState
2019-10-18 14:02:02,534 [Thread-2150] INFO  impl.FollowerState (FollowerState.java:run(108)) - 92ce6e48-4722-407a-9620-5998c6999257@group-E964BE911FCC-FollowerState: change to CANDIDATE, lastRpcTime:153ms, electionTimeout:153ms
2019-10-18 14:02:02,534 [Thread-2150] INFO  impl.RoleInfo (RoleInfo.java:shutdownFollowerState(121)) - 92ce6e48-4722-407a-9620-5998c6999257: shutdown FollowerState
2019-10-18 14:02:02,534 [Thread-2150] INFO  impl.RaftServerImpl (RaftServerImpl.java:setRole(184)) - 92ce6e48-4722-407a-9620-5998c6999257@group-E964BE911FCC: changes role from  FOLLOWER to CANDIDATE at term 316 for changeToCandidate
2019-10-18 14:02:02,534 [Thread-2150] INFO  impl.RoleInfo (RoleInfo.java:updateAndGet(143)) - 92ce6e48-4722-407a-9620-5998c6999257: start LeaderElection
2019-10-18 14:02:02,558 [92ce6e48-4722-407a-9620-5998c6999257@group-E964BE911FCC-LeaderElection288] INFO  impl.LeaderElection (LeaderElection.java:askForVotes(178)) - 92ce6e48-4722-407a-9620-5998c6999257@group-E964BE911FCC-LeaderElection288: begin an election at term 317 for -1: [6cbfae60-ea29-4abc-a49d-ef94f4bd513a:192.168.69.85:36685, 66f9d00c-1e97-4252-958c-bed5a531abda:192.168.69.85:45996, 92ce6e48-4722-407a-9620-5998c6999257:192.168.69.85:34971], old=null
2019-10-18 14:02:02,561 [grpc-default-executor-4] INFO  impl.RaftServerImpl (RaftServerImpl.java:setRole(184)) - 6cbfae60-ea29-4abc-a49d-ef94f4bd513a@group-E964BE911FCC: changes role from  FOLLOWER to FOLLOWER at term 317 for recognizeCandidate:92ce6e48-4722-407a-9620-5998c6999257
2019-10-18 14:02:02,561 [grpc-default-executor-4] INFO  impl.RoleInfo (RoleInfo.java:shutdownFollowerState(121)) - 6cbfae60-ea29-4abc-a49d-ef94f4bd513a: shutdown FollowerState
2019-10-18 14:02:02,561 [grpc-default-executor-0] INFO  impl.RaftServerImpl (RaftServerImpl.java:setRole(184)) - 66f9d00c-1e97-4252-958c-bed5a531abda@group-E964BE911FCC: changes role from  FOLLOWER to FOLLOWER at term 317 for recognizeCandidate:92ce6e48-4722-407a-9620-5998c6999257
2019-10-18 14:02:02,561 [Thread-2148] INFO  impl.FollowerState (FollowerState.java:run(117)) - 6cbfae60-ea29-4abc-a49d-ef94f4bd513a@group-E964BE911FCC-FollowerState was interrupted: java.lang.InterruptedException: sleep interrupted
2019-10-18 14:02:02,561 [grpc-default-executor-4] INFO  impl.RoleInfo (RoleInfo.java:updateAndGet(143)) - 6cbfae60-ea29-4abc-a49d-ef94f4bd513a: start FollowerState
2019-10-18 14:02:02,561 [grpc-default-executor-0] INFO  impl.RoleInfo (RoleInfo.java:shutdownFollowerState(121)) - 66f9d00c-1e97-4252-958c-bed5a531abda: shutdown FollowerState
2019-10-18 14:02:02,562 [grpc-default-executor-0] INFO  impl.RoleInfo (RoleInfo.java:updateAndGet(143)) - 66f9d00c-1e97-4252-958c-bed5a531abda: start FollowerState
2019-10-18 14:02:02,562 [Thread-2149] INFO  impl.FollowerState (FollowerState.java:run(117)) - 66f9d00c-1e97-4252-958c-bed5a531abda@group-E964BE911FCC-FollowerState was interrupted: java.lang.InterruptedException: sleep interrupted
2019-10-18 14:02:02,588 [92ce6e48-4722-407a-9620-5998c6999257@group-E964BE911FCC-LeaderElection288] INFO  impl.LeaderElection (LeaderElection.java:logAndReturn(56)) - 92ce6e48-4722-407a-9620-5998c6999257@group-E964BE911FCC-LeaderElection288: Election REJECTED; received 2 response(s) [92ce6e48-4722-407a-9620-5998c6999257<-6cbfae60-ea29-4abc-a49d-ef94f4bd513a#0:FAIL-t317, 92ce6e48-4722-407a-9620-5998c6999257<-66f9d00c-1e97-4252-958c-bed5a531abda#0:FAIL-t317] and 0 exception(s); 92ce6e48-4722-407a-9620-5998c6999257@group-E964BE911FCC:t317, leader=null, voted=92ce6e48-4722-407a-9620-5998c6999257, raftlog=92ce6e48-4722-407a-9620-5998c6999257@group-E964BE911FCC-SegmentedRaftLog:OPENED:c-1,f-1,i0, conf=-1: [6cbfae60-ea29-4abc-a49d-ef94f4bd513a:192.168.69.85:36685, 66f9d00c-1e97-4252-958c-bed5a531abda:192.168.69.85:45996, 92ce6e48-4722-407a-9620-5998c6999257:192.168.69.85:34971], old=null
2019-10-18 14:02:02,588 [92ce6e48-4722-407a-9620-5998c6999257@group-E964BE911FCC-LeaderElection288] INFO  impl.RaftServerImpl (RaftServerImpl.java:setRole(184)) - 92ce6e48-4722-407a-9620-5998c6999257@group-E964BE911FCC: changes role from CANDIDATE to FOLLOWER at term 317 for DISCOVERED_A_NEW_TERM
2019-10-18 14:02:02,588 [92ce6e48-4722-407a-9620-5998c6999257@group-E964BE911FCC-LeaderElection288] INFO  impl.RoleInfo (RoleInfo.java:shutdownLeaderElection(134)) - 92ce6e48-4722-407a-9620-5998c6999257: shutdown LeaderElection
2019-10-18 14:02:02,588 [92ce6e48-4722-407a-9620-5998c6999257@group-E964BE911FCC-LeaderElection288] INFO  impl.RoleInfo (RoleInfo.java:updateAndGet(143)) - 92ce6e48-4722-407a-9620-5998c6999257: start FollowerState
2019-10-18 14:02:02,646 [Thread-2158] INFO  impl.FollowerState (FollowerState.java:run(108)) - 92ce6e48-4722-407a-9620-5998c6999257@group-E964BE911FCC-FollowerState: change to CANDIDATE, lastRpcTime:57ms, electionTimeout:57ms
2019-10-18 14:02:02,646 [Thread-2158] INFO  impl.RoleInfo (RoleInfo.java:shutdownFollowerState(121)) - 92ce6e48-4722-407a-9620-5998c6999257: shutdown FollowerState
2019-10-18 14:02:02,646 [Thread-2158] INFO  impl.RaftServerImpl (RaftServerImpl.java:setRole(184)) - 92ce6e48-4722-407a-9620-5998c6999257@group-E964BE911FCC: changes role from  FOLLOWER to CANDIDATE at term 317 for changeToCandidate
2019-10-18 14:02:02,646 [Thread-2158] INFO  impl.RoleInfo (RoleInfo.java:updateAndGet(143)) - 92ce6e48-4722-407a-9620-5998c6999257: start LeaderElection
2019-10-18 14:02:02,660 [92ce6e48-4722-407a-9620-5998c6999257@group-E964BE911FCC-LeaderElection289] INFO  impl.LeaderElection (LeaderElection.java:askForVotes(178)) - 92ce6e48-4722-407a-9620-5998c6999257@group-E964BE911FCC-LeaderElection289: begin an election at term 318 for -1: [6cbfae60-ea29-4abc-a49d-ef94f4bd513a:192.168.69.85:36685, 66f9d00c-1e97-4252-958c-bed5a531abda:192.168.69.85:45996, 92ce6e48-4722-407a-9620-5998c6999257:192.168.69.85:34971], old=null
2019-10-18 14:02:02,662 [grpc-default-executor-4] INFO  impl.RaftServerImpl (RaftServerImpl.java:setRole(184)) - 6cbfae60-ea29-4abc-a49d-ef94f4bd513a@group-E964BE911FCC: changes role from  FOLLOWER to FOLLOWER at term 318 for recognizeCandidate:92ce6e48-4722-407a-9620-5998c6999257
2019-10-18 14:02:02,662 [grpc-default-executor-4] INFO  impl.RoleInfo (RoleInfo.java:shutdownFollowerState(121)) - 6cbfae60-ea29-4abc-a49d-ef94f4bd513a: shutdown FollowerState
2019-10-18 14:02:02,662 [grpc-default-executor-0] INFO  impl.RaftServerImpl (RaftServerImpl.java:setRole(184)) - 66f9d00c-1e97-4252-958c-bed5a531abda@group-E964BE911FCC: changes role from  FOLLOWER to FOLLOWER at term 318 for recognizeCandidate:92ce6e48-4722-407a-9620-5998c6999257
2019-10-18 14:02:02,662 [grpc-default-executor-4] INFO  impl.RoleInfo (RoleInfo.java:updateAndGet(143)) - 6cbfae60-ea29-4abc-a49d-ef94f4bd513a: start FollowerState
2019-10-18 14:02:02,662 [Thread-2156] INFO  impl.FollowerState (FollowerState.java:run(117)) - 6cbfae60-ea29-4abc-a49d-ef94f4bd513a@group-E964BE911FCC-FollowerState was interrupted: java.lang.InterruptedException: sleep interrupted
2019-10-18 14:02:02,662 [grpc-default-executor-0] INFO  impl.RoleInfo (RoleInfo.java:shutdownFollowerState(121)) - 66f9d00c-1e97-4252-958c-bed5a531abda: shutdown FollowerState
2019-10-18 14:02:02,663 [grpc-default-executor-0] INFO  impl.RoleInfo (RoleInfo.java:updateAndGet(143)) - 66f9d00c-1e97-4252-958c-bed5a531abda: start FollowerState
2019-10-18 14:02:02,663 [Thread-2157] INFO  impl.FollowerState (FollowerState.java:run(117)) - 66f9d00c-1e97-4252-958c-bed5a531abda@group-E964BE911FCC-FollowerState was interrupted: java.lang.InterruptedException: sleep interrupted
2019-10-18 14:02:02,675 [92ce6e48-4722-407a-9620-5998c6999257@group-E964BE911FCC-LeaderElection289] INFO  impl.LeaderElection (LeaderElection.java:logAndReturn(56)) - 92ce6e48-4722-407a-9620-5998c6999257@group-E964BE911FCC-LeaderElection289: Election REJECTED; received 2 response(s) [92ce6e48-4722-407a-9620-5998c6999257<-6cbfae60-ea29-4abc-a49d-ef94f4bd513a#0:FAIL-t318, 92ce6e48-4722-407a-9620-5998c6999257<-66f9d00c-1e97-4252-958c-bed5a531abda#0:FAIL-t318] and 0 exception(s); 92ce6e48-4722-407a-9620-5998c6999257@group-E964BE911FCC:t318, leader=null, voted=92ce6e48-4722-407a-9620-5998c6999257, raftlog=92ce6e48-4722-407a-9620-5998c6999257@group-E964BE911FCC-SegmentedRaftLog:OPENED:c-1,f-1,i0, conf=-1: [6cbfae60-ea29-4abc-a49d-ef94f4bd513a:192.168.69.85:36685, 66f9d00c-1e97-4252-958c-bed5a531abda:192.168.69.85:45996, 92ce6e48-4722-407a-9620-5998c6999257:192.168.69.85:34971], old=null
2019-10-18 14:02:02,675 [92ce6e48-4722-407a-9620-5998c6999257@group-E964BE911FCC-LeaderElection289] INFO  impl.RaftServerImpl (RaftServerImpl.java:setRole(184)) - 92ce6e48-4722-407a-9620-5998c6999257@group-E964BE911FCC: changes role from CANDIDATE to FOLLOWER at term 318 for DISCOVERED_A_NEW_TERM
2019-10-18 14:02:02,675 [92ce6e48-4722-407a-9620-5998c6999257@group-E964BE911FCC-LeaderElection289] INFO  impl.RoleInfo (RoleInfo.java:shutdownLeaderElection(134)) - 92ce6e48-4722-407a-9620-5998c6999257: shutdown LeaderElection
2019-10-18 14:02:02,675 [92ce6e48-4722-407a-9620-5998c6999257@group-E964BE911FCC-LeaderElection289] INFO  impl.RoleInfo (RoleInfo.java:updateAndGet(143)) - 92ce6e48-4722-407a-9620-5998c6999257: start FollowerState
2019-10-18 14:02:02,868 [Thread-2164] INFO  impl.FollowerState (FollowerState.java:run(108)) - 92ce6e48-4722-407a-9620-5998c6999257@group-E964BE911FCC-FollowerState: change to CANDIDATE, lastRpcTime:193ms, electionTimeout:193ms
2019-10-18 14:02:02,869 [Thread-2164] INFO  impl.RoleInfo (RoleInfo.java:shutdownFollowerState(121)) - 92ce6e48-4722-407a-9620-5998c6999257: shutdown FollowerState
2019-10-18 14:02:02,869 [Thread-2164] INFO  impl.RaftServerImpl (RaftServerImpl.java:setRole(184)) - 92ce6e48-4722-407a-9620-5998c6999257@group-E964BE911FCC: changes role from  FOLLOWER to CANDIDATE at term 318 for changeToCandidate
2019-10-18 14:02:02,869 [Thread-2164] INFO  impl.RoleInfo (RoleInfo.java:updateAndGet(143)) - 92ce6e48-4722-407a-9620-5998c6999257: start LeaderElection
2019-10-18 14:02:02,891 [92ce6e48-4722-407a-9620-5998c6999257@group-E964BE911FCC-LeaderElection290] INFO  impl.LeaderElection (LeaderElection.java:askForVotes(178)) - 92ce6e48-4722-407a-9620-5998c6999257@group-E964BE911FCC-LeaderElection290: begin an election at term 319 for -1: [6cbfae60-ea29-4abc-a49d-ef94f4bd513a:192.168.69.85:36685, 66f9d00c-1e97-4252-958c-bed5a531abda:192.168.69.85:45996, 92ce6e48-4722-407a-9620-5998c6999257:192.168.69.85:34971], old=null
2019-10-18 14:02:02,893 [grpc-default-executor-0] INFO  impl.RaftServerImpl (RaftServerImpl.java:setRole(184)) - 66f9d00c-1e97-4252-958c-bed5a531abda@group-E964BE911FCC: changes role from  FOLLOWER to FOLLOWER at term 319 for recognizeCandidate:92ce6e48-4722-407a-9620-5998c6999257
2019-10-18 14:02:02,893 [grpc-default-executor-4] INFO  impl.RaftServerImpl (RaftServerImpl.java:setRole(184)) - 6cbfae60-ea29-4abc-a49d-ef94f4bd513a@group-E964BE911FCC: changes role from  FOLLOWER to FOLLOWER at term 319 for recognizeCandidate:92ce6e48-4722-407a-9620-5998c6999257
2019-10-18 14:02:02,893 [grpc-default-executor-0] INFO  impl.RoleInfo (RoleInfo.java:shutdownFollowerState(121)) - 66f9d00c-1e97-4252-958c-bed5a531abda: shutdown FollowerState
2019-10-18 14:02:02,893 [grpc-default-executor-4] INFO  impl.RoleInfo (RoleInfo.java:shutdownFollowerState(121)) - 6cbfae60-ea29-4abc-a49d-ef94f4bd513a: shutdown FollowerState
2019-10-18 14:02:02,893 [Thread-2163] INFO  impl.FollowerState (FollowerState.java:run(117)) - 66f9d00c-1e97-4252-958c-bed5a531abda@group-E964BE911FCC-FollowerState was interrupted: java.lang.InterruptedException: sleep interrupted
2019-10-18 14:02:02,893 [grpc-default-executor-0] INFO  impl.RoleInfo (RoleInfo.java:updateAndGet(143)) - 66f9d00c-1e97-4252-958c-bed5a531abda: start FollowerState
2019-10-18 14:02:02,894 [Thread-2162] INFO  impl.FollowerState (FollowerState.java:run(117)) - 6cbfae60-ea29-4abc-a49d-ef94f4bd513a@group-E964BE911FCC-FollowerState was interrupted: java.lang.InterruptedException: sleep interrupted
2019-10-18 14:02:02,894 [grpc-default-executor-4] INFO  impl.RoleInfo (RoleInfo.java:updateAndGet(143)) - 6cbfae60-ea29-4abc-a49d-ef94f4bd513a: start FollowerState
2019-10-18 14:02:02,908 [92ce6e48-4722-407a-9620-5998c6999257@group-E964BE911FCC-LeaderElection290] INFO  impl.LeaderElection (LeaderElection.java:logAndReturn(56)) - 92ce6e48-4722-407a-9620-5998c6999257@group-E964BE911FCC-LeaderElection290: Election REJECTED; received 2 response(s) [92ce6e48-4722-407a-9620-5998c6999257<-6cbfae60-ea29-4abc-a49d-ef94f4bd513a#0:FAIL-t319, 92ce6e48-4722-407a-9620-5998c6999257<-66f9d00c-1e97-4252-958c-bed5a531abda#0:FAIL-t319] and 0 exception(s); 92ce6e48-4722-407a-9620-5998c6999257@group-E964BE911FCC:t319, leader=null, voted=92ce6e48-4722-407a-9620-5998c6999257, raftlog=92ce6e48-4722-407a-9620-5998c6999257@group-E964BE911FCC-SegmentedRaftLog:OPENED:c-1,f-1,i0, conf=-1: [6cbfae60-ea29-4abc-a49d-ef94f4bd513a:192.168.69.85:36685, 66f9d00c-1e97-4252-958c-bed5a531abda:192.168.69.85:45996, 92ce6e48-4722-407a-9620-5998c6999257:192.168.69.85:34971], old=null
2019-10-18 14:02:02,908 [92ce6e48-4722-407a-9620-5998c6999257@group-E964BE911FCC-LeaderElection290] INFO  impl.RaftServerImpl (RaftServerImpl.java:setRole(184)) - 92ce6e48-4722-407a-9620-5998c6999257@group-E964BE911FCC: changes role from CANDIDATE to FOLLOWER at term 319 for DISCOVERED_A_NEW_TERM
2019-10-18 14:02:02,908 [92ce6e48-4722-407a-9620-5998c6999257@group-E964BE911FCC-LeaderElection290] INFO  impl.RoleInfo (RoleInfo.java:shutdownLeaderElection(134)) - 92ce6e48-4722-407a-9620-5998c6999257: shutdown LeaderElection
2019-10-18 14:02:02,908 [92ce6e48-4722-407a-9620-5998c6999257@group-E964BE911FCC-LeaderElection290] INFO  impl.RoleInfo (RoleInfo.java:updateAndGet(143)) - 92ce6e48-4722-407a-9620-5998c6999257: start FollowerState
2019-10-18 14:02:03,064 [Thread-2170] INFO  impl.FollowerState (FollowerState.java:run(108)) - 92ce6e48-4722-407a-9620-5998c6999257@group-E964BE911FCC-FollowerState: change to CANDIDATE, lastRpcTime:156ms, electionTimeout:156ms
2019-10-18 14:02:03,065 [Thread-2170] INFO  impl.RoleInfo (RoleInfo.java:shutdownFollowerState(121)) - 92ce6e48-4722-407a-9620-5998c6999257: shutdown FollowerState
2019-10-18 14:02:03,065 [Thread-2170] INFO  impl.RaftServerImpl (RaftServerImpl.java:setRole(184)) - 92ce6e48-4722-407a-9620-5998c6999257@group-E964BE911FCC: changes role from  FOLLOWER to CANDIDATE at term 319 for changeToCandidate
2019-10-18 14:02:03,065 [Thread-2170] INFO  impl.RoleInfo (RoleInfo.java:updateAndGet(143)) - 92ce6e48-4722-407a-9620-5998c6999257: start LeaderElection
2019-10-18 14:02:03,079 [92ce6e48-4722-407a-9620-5998c6999257@group-E964BE911FCC-LeaderElection291] INFO  impl.LeaderElection (LeaderElection.java:askForVotes(178)) - 92ce6e48-4722-407a-9620-5998c6999257@group-E964BE911FCC-LeaderElection291: begin an election at term 320 for -1: [6cbfae60-ea29-4abc-a49d-ef94f4bd513a:192.168.69.85:36685, 66f9d00c-1e97-4252-958c-bed5a531abda:192.168.69.85:45996, 92ce6e48-4722-407a-9620-5998c6999257:192.168.69.85:34971], old=null
2019-10-18 14:02:03,081 [grpc-default-executor-0] INFO  impl.RaftServerImpl (RaftServerImpl.java:setRole(184)) - 66f9d00c-1e97-4252-958c-bed5a531abda@group-E964BE911FCC: changes role from  FOLLOWER to FOLLOWER at term 320 for recognizeCandidate:92ce6e48-4722-407a-9620-5998c6999257
2019-10-18 14:02:03,082 [grpc-default-executor-0] INFO  impl.RoleInfo (RoleInfo.java:shutdownFollowerState(121)) - 66f9d00c-1e97-4252-958c-bed5a531abda: shutdown FollowerState
2019-10-18 14:02:03,081 [grpc-default-executor-4] INFO  impl.RaftServerImpl (RaftServerImpl.java:setRole(184)) - 6cbfae60-ea29-4abc-a49d-ef94f4bd513a@group-E964BE911FCC: changes role from  FOLLOWER to FOLLOWER at term 320 for recognizeCandidate:92ce6e48-4722-407a-9620-5998c6999257
2019-10-18 14:02:03,082 [Thread-2168] INFO  impl.FollowerState (FollowerState.java:run(117)) - 66f9d00c-1e97-4252-958c-bed5a531abda@group-E964BE911FCC-FollowerState was interrupted: java.lang.InterruptedException: sleep interrupted
2019-10-18 14:02:03,082 [grpc-default-executor-0] INFO  impl.RoleInfo (RoleInfo.java:updateAndGet(143)) - 66f9d00c-1e97-4252-958c-bed5a531abda: start FollowerState
2019-10-18 14:02:03,082 [grpc-default-executor-4] INFO  impl.RoleInfo (RoleInfo.java:shutdownFollowerState(121)) - 6cbfae60-ea29-4abc-a49d-ef94f4bd513a: shutdown FollowerState
2019-10-18 14:02:03,082 [grpc-default-executor-4] INFO  impl.RoleInfo (RoleInfo.java:updateAndGet(143)) - 6cbfae60-ea29-4abc-a49d-ef94f4bd513a: start FollowerState
2019-10-18 14:02:03,082 [Thread-2169] INFO  impl.FollowerState (FollowerState.java:run(117)) - 6cbfae60-ea29-4abc-a49d-ef94f4bd513a@group-E964BE911FCC-FollowerState was interrupted: java.lang.InterruptedException: sleep interrupted
2019-10-18 14:02:03,108 [92ce6e48-4722-407a-9620-5998c6999257@group-E964BE911FCC-LeaderElection291] INFO  impl.LeaderElection (LeaderElection.java:logAndReturn(56)) - 92ce6e48-4722-407a-9620-5998c6999257@group-E964BE911FCC-LeaderElection291: Election REJECTED; received 2 response(s) [92ce6e48-4722-407a-9620-5998c6999257<-6cbfae60-ea29-4abc-a49d-ef94f4bd513a#0:FAIL-t320, 92ce6e48-4722-407a-9620-5998c6999257<-66f9d00c-1e97-4252-958c-bed5a531abda#0:FAIL-t320] and 0 exception(s); 92ce6e48-4722-407a-9620-5998c6999257@group-E964BE911FCC:t320, leader=null, voted=92ce6e48-4722-407a-9620-5998c6999257, raftlog=92ce6e48-4722-407a-9620-5998c6999257@group-E964BE911FCC-SegmentedRaftLog:OPENED:c-1,f-1,i0, conf=-1: [6cbfae60-ea29-4abc-a49d-ef94f4bd513a:192.168.69.85:36685, 66f9d00c-1e97-4252-958c-bed5a531abda:192.168.69.85:45996, 92ce6e48-4722-407a-9620-5998c6999257:192.168.69.85:34971], old=null
2019-10-18 14:02:03,108 [92ce6e48-4722-407a-9620-5998c6999257@group-E964BE911FCC-LeaderElection291] INFO  impl.RaftServerImpl (RaftServerImpl.java:setRole(184)) - 92ce6e48-4722-407a-9620-5998c6999257@group-E964BE911FCC: changes role from CANDIDATE to FOLLOWER at term 320 for DISCOVERED_A_NEW_TERM
2019-10-18 14:02:03,108 [92ce6e48-4722-407a-9620-5998c6999257@group-E964BE911FCC-LeaderElection291] INFO  impl.RoleInfo (RoleInfo.java:shutdownLeaderElection(134)) - 92ce6e48-4722-407a-9620-5998c6999257: shutdown LeaderElection
2019-10-18 14:02:03,108 [92ce6e48-4722-407a-9620-5998c6999257@group-E964BE911FCC-LeaderElection291] INFO  impl.RoleInfo (RoleInfo.java:updateAndGet(143)) - 92ce6e48-4722-407a-9620-5998c6999257: start FollowerState
2019-10-18 14:02:03,232 [Thread-2176] INFO  impl.FollowerState (FollowerState.java:run(108)) - 92ce6e48-4722-407a-9620-5998c6999257@group-E964BE911FCC-FollowerState: change to CANDIDATE, lastRpcTime:124ms, electionTimeout:124ms
2019-10-18 14:02:03,233 [Thread-2176] INFO  impl.RoleInfo (RoleInfo.java:shutdownFollowerState(121)) - 92ce6e48-4722-407a-9620-5998c6999257: shutdown FollowerState
2019-10-18 14:02:03,233 [Thread-2176] INFO  impl.RaftServerImpl (RaftServerImpl.java:setRole(184)) - 92ce6e48-4722-407a-9620-5998c6999257@group-E964BE911FCC: changes role from  FOLLOWER to CANDIDATE at term 320 for changeToCandidate
2019-10-18 14:02:03,233 [Thread-2176] INFO  impl.RoleInfo (RoleInfo.java:updateAndGet(143)) - 92ce6e48-4722-407a-9620-5998c6999257: start LeaderElection
2019-10-18 14:02:03,248 [92ce6e48-4722-407a-9620-5998c6999257@group-E964BE911FCC-LeaderElection292] INFO  impl.LeaderElection (LeaderElection.java:askForVotes(178)) - 92ce6e48-4722-407a-9620-5998c6999257@group-E964BE911FCC-LeaderElection292: begin an election at term 321 for -1: [6cbfae60-ea29-4abc-a49d-ef94f4bd513a:192.168.69.85:36685, 66f9d00c-1e97-4252-958c-bed5a531abda:192.168.69.85:45996, 92ce6e48-4722-407a-9620-5998c6999257:192.168.69.85:34971], old=null
2019-10-18 14:02:03,249 [grpc-default-executor-4] INFO  impl.RaftServerImpl (RaftServerImpl.java:setRole(184)) - 66f9d00c-1e97-4252-958c-bed5a531abda@group-E964BE911FCC: changes role from  FOLLOWER to FOLLOWER at term 321 for recognizeCandidate:92ce6e48-4722-407a-9620-5998c6999257
2019-10-18 14:02:03,250 [grpc-default-executor-4] INFO  impl.RoleInfo (RoleInfo.java:shutdownFollowerState(121)) - 66f9d00c-1e97-4252-958c-bed5a531abda: shutdown FollowerState
2019-10-18 14:02:03,250 [grpc-default-executor-0] INFO  impl.RaftServerImpl (RaftServerImpl.java:setRole(184)) - 6cbfae60-ea29-4abc-a49d-ef94f4bd513a@group-E964BE911FCC: changes role from  FOLLOWER to FOLLOWER at term 321 for recognizeCandidate:92ce6e48-4722-407a-9620-5998c6999257
2019-10-18 14:02:03,250 [Thread-2174] INFO  impl.FollowerState (FollowerState.java:run(117)) - 66f9d00c-1e97-4252-958c-bed5a531abda@group-E964BE911FCC-FollowerState was interrupted: java.lang.InterruptedException: sleep interrupted
2019-10-18 14:02:03,250 [grpc-default-executor-4] INFO  impl.RoleInfo (RoleInfo.java:updateAndGet(143)) - 66f9d00c-1e97-4252-958c-bed5a531abda: start FollowerState
2019-10-18 14:02:03,250 [grpc-default-executor-0] INFO  impl.RoleInfo (RoleInfo.java:shutdownFollowerState(121)) - 6cbfae60-ea29-4abc-a49d-ef94f4bd513a: shutdown FollowerState
2019-10-18 14:02:03,251 [Thread-2175] INFO  impl.FollowerState (FollowerState.java:run(117)) - 6cbfae60-ea29-4abc-a49d-ef94f4bd513a@group-E964BE911FCC-FollowerState was interrupted: java.lang.InterruptedException: sleep interrupted
2019-10-18 14:02:03,251 [grpc-default-executor-0] INFO  impl.RoleInfo (RoleInfo.java:updateAndGet(143)) - 6cbfae60-ea29-4abc-a49d-ef94f4bd513a: start FollowerState
2019-10-18 14:02:03,265 [92ce6e48-4722-407a-9620-5998c6999257@group-E964BE911FCC-LeaderElection292] INFO  impl.LeaderElection (LeaderElection.java:logAndReturn(56)) - 92ce6e48-4722-407a-9620-5998c6999257@group-E964BE911FCC-LeaderElection292: Election REJECTED; received 2 response(s) [92ce6e48-4722-407a-9620-5998c6999257<-6cbfae60-ea29-4abc-a49d-ef94f4bd513a#0:FAIL-t321, 92ce6e48-4722-407a-9620-5998c6999257<-66f9d00c-1e97-4252-958c-bed5a531abda#0:FAIL-t321] and 0 exception(s); 92ce6e48-4722-407a-9620-5998c6999257@group-E964BE911FCC:t321, leader=null, voted=92ce6e48-4722-407a-9620-5998c6999257, raftlog=92ce6e48-4722-407a-9620-5998c6999257@group-E964BE911FCC-SegmentedRaftLog:OPENED:c-1,f-1,i0, conf=-1: [6cbfae60-ea29-4abc-a49d-ef94f4bd513a:192.168.69.85:36685, 66f9d00c-1e97-4252-958c-bed5a531abda:192.168.69.85:45996, 92ce6e48-4722-407a-9620-5998c6999257:192.168.69.85:34971], old=null
2019-10-18 14:02:03,265 [92ce6e48-4722-407a-9620-5998c6999257@group-E964BE911FCC-LeaderElection292] INFO  impl.RaftServerImpl (RaftServerImpl.java:setRole(184)) - 92ce6e48-4722-407a-9620-5998c6999257@group-E964BE911FCC: changes role from CANDIDATE to FOLLOWER at term 321 for DISCOVERED_A_NEW_TERM
2019-10-18 14:02:03,265 [92ce6e48-4722-407a-9620-5998c6999257@group-E964BE911FCC-LeaderElection292] INFO  impl.RoleInfo (RoleInfo.java:shutdownLeaderElection(134)) - 92ce6e48-4722-407a-9620-5998c6999257: shutdown LeaderElection
2019-10-18 14:02:03,265 [92ce6e48-4722-407a-9620-5998c6999257@group-E964BE911FCC-LeaderElection292] INFO  impl.RoleInfo (RoleInfo.java:updateAndGet(143)) - 92ce6e48-4722-407a-9620-5998c6999257: start FollowerState
2019-10-18 14:02:03,449 [Thread-2182] INFO  impl.FollowerState (FollowerState.java:run(108)) - 92ce6e48-4722-407a-9620-5998c6999257@group-E964BE911FCC-FollowerState: change to CANDIDATE, lastRpcTime:184ms, electionTimeout:184ms
2019-10-18 14:02:03,450 [Thread-2182] INFO  impl.RoleInfo (RoleInfo.java:shutdownFollowerState(121)) - 92ce6e48-4722-407a-9620-5998c6999257: shutdown FollowerState
2019-10-18 14:02:03,450 [Thread-2182] INFO  impl.RaftServerImpl (RaftServerImpl.java:setRole(184)) - 92ce6e48-4722-407a-9620-5998c6999257@group-E964BE911FCC: changes role from  FOLLOWER to CANDIDATE at term 321 for changeToCandidate
2019-10-18 14:02:03,450 [Thread-2182] INFO  impl.RoleInfo (RoleInfo.java:updateAndGet(143)) - 92ce6e48-4722-407a-9620-5998c6999257: start LeaderElection
2019-10-18 14:02:03,463 [92ce6e48-4722-407a-9620-5998c6999257@group-E964BE911FCC-LeaderElection293] INFO  impl.LeaderElection (LeaderElection.java:askForVotes(178)) - 92ce6e48-4722-407a-9620-5998c6999257@group-E964BE911FCC-LeaderElection293: begin an election at term 322 for -1: [6cbfae60-ea29-4abc-a49d-ef94f4bd513a:192.168.69.85:36685, 66f9d00c-1e97-4252-958c-bed5a531abda:192.168.69.85:45996, 92ce6e48-4722-407a-9620-5998c6999257:192.168.69.85:34971], old=null
2019-10-18 14:02:03,464 [grpc-default-executor-4] INFO  impl.RaftServerImpl (RaftServerImpl.java:setRole(184)) - 6cbfae60-ea29-4abc-a49d-ef94f4bd513a@group-E964BE911FCC: changes role from  FOLLOWER to FOLLOWER at term 322 for recognizeCandidate:92ce6e48-4722-407a-9620-5998c6999257
2019-10-18 14:02:03,465 [grpc-default-executor-4] INFO  impl.RoleInfo (RoleInfo.java:shutdownFollowerState(121)) - 6cbfae60-ea29-4abc-a49d-ef94f4bd513a: shutdown FollowerState
2019-10-18 14:02:03,465 [grpc-default-executor-4] INFO  impl.RoleInfo (RoleInfo.java:updateAndGet(143)) - 6cbfae60-ea29-4abc-a49d-ef94f4bd513a: start FollowerState
2019-10-18 14:02:03,465 [grpc-default-executor-0] INFO  impl.RaftServerImpl (RaftServerImpl.java:setRole(184)) - 66f9d00c-1e97-4252-958c-bed5a531abda@group-E964BE911FCC: changes role from  FOLLOWER to FOLLOWER at term 322 for recognizeCandidate:92ce6e48-4722-407a-9620-5998c6999257
2019-10-18 14:02:03,465 [grpc-default-executor-0] INFO  impl.RoleInfo (RoleInfo.java:shutdownFollowerState(121)) - 66f9d00c-1e97-4252-958c-bed5a531abda: shutdown FollowerState
2019-10-18 14:02:03,465 [Thread-2181] INFO  impl.FollowerState (FollowerState.java:run(117)) - 6cbfae60-ea29-4abc-a49d-ef94f4bd513a@group-E964BE911FCC-FollowerState was interrupted: java.lang.InterruptedException: sleep interrupted
2019-10-18 14:02:03,465 [grpc-default-executor-0] INFO  impl.RoleInfo (RoleInfo.java:updateAndGet(143)) - 66f9d00c-1e97-4252-958c-bed5a531abda: start FollowerState
2019-10-18 14:02:03,465 [Thread-2180] INFO  impl.FollowerState (FollowerState.java:run(117)) - 66f9d00c-1e97-4252-958c-bed5a531abda@group-E964BE911FCC-FollowerState was interrupted: java.lang.InterruptedException: sleep interrupted
2019-10-18 14:02:03,482 [92ce6e48-4722-407a-9620-5998c6999257@group-E964BE911FCC-LeaderElection293] INFO  impl.LeaderElection (LeaderElection.java:logAndReturn(56)) - 92ce6e48-4722-407a-9620-5998c6999257@group-E964BE911FCC-LeaderElection293: Election REJECTED; received 2 response(s) [92ce6e48-4722-407a-9620-5998c6999257<-6cbfae60-ea29-4abc-a49d-ef94f4bd513a#0:FAIL-t322, 92ce6e48-4722-407a-9620-5998c6999257<-66f9d00c-1e97-4252-958c-bed5a531abda#0:FAIL-t322] and 0 exception(s); 92ce6e48-4722-407a-9620-5998c6999257@group-E964BE911FCC:t322, leader=null, voted=92ce6e48-4722-407a-9620-5998c6999257, raftlog=92ce6e48-4722-407a-9620-5998c6999257@group-E964BE911FCC-SegmentedRaftLog:OPENED:c-1,f-1,i0, conf=-1: [6cbfae60-ea29-4abc-a49d-ef94f4bd513a:192.168.69.85:36685, 66f9d00c-1e97-4252-958c-bed5a531abda:192.168.69.85:45996, 92ce6e48-4722-407a-9620-5998c6999257:192.168.69.85:34971], old=null
2019-10-18 14:02:03,483 [92ce6e48-4722-407a-9620-5998c6999257@group-E964BE911FCC-LeaderElection293] INFO  impl.RaftServerImpl (RaftServerImpl.java:setRole(184)) - 92ce6e48-4722-407a-9620-5998c6999257@group-E964BE911FCC: changes role from CANDIDATE to FOLLOWER at term 322 for DISCOVERED_A_NEW_TERM
2019-10-18 14:02:03,483 [92ce6e48-4722-407a-9620-5998c6999257@group-E964BE911FCC-LeaderElection293] INFO  impl.RoleInfo (RoleInfo.java:shutdownLeaderElection(134)) - 92ce6e48-4722-407a-9620-5998c6999257: shutdown LeaderElection
2019-10-18 14:02:03,483 [92ce6e48-4722-407a-9620-5998c6999257@group-E964BE911FCC-LeaderElection293] INFO  impl.RoleInfo (RoleInfo.java:updateAndGet(143)) - 92ce6e48-4722-407a-9620-5998c6999257: start FollowerState
2019-10-18 14:02:03,553 [Thread-2191] INFO  impl.FollowerState (FollowerState.java:run(108)) - 92ce6e48-4722-407a-9620-5998c6999257@group-E964BE911FCC-FollowerState: change to CANDIDATE, lastRpcTime:70ms, electionTimeout:70ms
2019-10-18 14:02:03,553 [Thread-2191] INFO  impl.RoleInfo (RoleInfo.java:shutdownFollowerState(121)) - 92ce6e48-4722-407a-9620-5998c6999257: shutdown FollowerState
2019-10-18 14:02:03,553 [Thread-2191] INFO  impl.RaftServerImpl (RaftServerImpl.java:setRole(184)) - 92ce6e48-4722-407a-9620-5998c6999257@group-E964BE911FCC: changes role from  FOLLOWER to CANDIDATE at term 322 for changeToCandidate
2019-10-18 14:02:03,554 [Thread-2191] INFO  impl.RoleInfo (RoleInfo.java:updateAndGet(143)) - 92ce6e48-4722-407a-9620-5998c6999257: start LeaderElection
2019-10-18 14:02:03,579 [92ce6e48-4722-407a-9620-5998c6999257@group-E964BE911FCC-LeaderElection294] INFO  impl.LeaderElection (LeaderElection.java:askForVotes(178)) - 92ce6e48-4722-407a-9620-5998c6999257@group-E964BE911FCC-LeaderElection294: begin an election at term 323 for -1: [6cbfae60-ea29-4abc-a49d-ef94f4bd513a:192.168.69.85:36685, 66f9d00c-1e97-4252-958c-bed5a531abda:192.168.69.85:45996, 92ce6e48-4722-407a-9620-5998c6999257:192.168.69.85:34971], old=null
2019-10-18 14:02:03,581 [grpc-default-executor-0] INFO  impl.RaftServerImpl (RaftServerImpl.java:setRole(184)) - 6cbfae60-ea29-4abc-a49d-ef94f4bd513a@group-E964BE911FCC: changes role from  FOLLOWER to FOLLOWER at term 323 for recognizeCandidate:92ce6e48-4722-407a-9620-5998c6999257
2019-10-18 14:02:03,581 [grpc-default-executor-0] INFO  impl.RoleInfo (RoleInfo.java:shutdownFollowerState(121)) - 6cbfae60-ea29-4abc-a49d-ef94f4bd513a: shutdown FollowerState
2019-10-18 14:02:03,581 [grpc-default-executor-4] INFO  impl.RaftServerImpl (RaftServerImpl.java:setRole(184)) - 66f9d00c-1e97-4252-958c-bed5a531abda@group-E964BE911FCC: changes role from  FOLLOWER to FOLLOWER at term 323 for recognizeCandidate:92ce6e48-4722-407a-9620-5998c6999257
2019-10-18 14:02:03,582 [grpc-default-executor-4] INFO  impl.RoleInfo (RoleInfo.java:shutdownFollowerState(121)) - 66f9d00c-1e97-4252-958c-bed5a531abda: shutdown FollowerState
2019-10-18 14:02:03,581 [Thread-2189] INFO  impl.FollowerState (FollowerState.java:run(117)) - 6cbfae60-ea29-4abc-a49d-ef94f4bd513a@group-E964BE911FCC-FollowerState was interrupted: java.lang.InterruptedException: sleep interrupted
2019-10-18 14:02:03,582 [Thread-2190] INFO  impl.FollowerState (FollowerState.java:run(117)) - 66f9d00c-1e97-4252-958c-bed5a531abda@group-E964BE911FCC-FollowerState was interrupted: java.lang.InterruptedException: sleep interrupted
2019-10-18 14:02:03,581 [grpc-default-executor-0] INFO  impl.RoleInfo (RoleInfo.java:updateAndGet(143)) - 6cbfae60-ea29-4abc-a49d-ef94f4bd513a: start FollowerState
2019-10-18 14:02:03,582 [grpc-default-executor-4] INFO  impl.RoleInfo (RoleInfo.java:updateAndGet(143)) - 66f9d00c-1e97-4252-958c-bed5a531abda: start FollowerState
2019-10-18 14:02:03,598 [92ce6e48-4722-407a-9620-5998c6999257@group-E964BE911FCC-LeaderElection294] INFO  impl.LeaderElection (LeaderElection.java:logAndReturn(56)) - 92ce6e48-4722-407a-9620-5998c6999257@group-E964BE911FCC-LeaderElection294: Election REJECTED; received 2 response(s) [92ce6e48-4722-407a-9620-5998c6999257<-6cbfae60-ea29-4abc-a49d-ef94f4bd513a#0:FAIL-t323, 92ce6e48-4722-407a-9620-5998c6999257<-66f9d00c-1e97-4252-958c-bed5a531abda#0:FAIL-t323] and 0 exception(s); 92ce6e48-4722-407a-9620-5998c6999257@group-E964BE911FCC:t323, leader=null, voted=92ce6e48-4722-407a-9620-5998c6999257, raftlog=92ce6e48-4722-407a-9620-5998c6999257@group-E964BE911FCC-SegmentedRaftLog:OPENED:c-1,f-1,i0, conf=-1: [6cbfae60-ea29-4abc-a49d-ef94f4bd513a:192.168.69.85:36685, 66f9d00c-1e97-4252-958c-bed5a531abda:192.168.69.85:45996, 92ce6e48-4722-407a-9620-5998c6999257:192.168.69.85:34971], old=null
2019-10-18 14:02:03,598 [92ce6e48-4722-407a-9620-5998c6999257@group-E964BE911FCC-LeaderElection294] INFO  impl.RaftServerImpl (RaftServerImpl.java:setRole(184)) - 92ce6e48-4722-407a-9620-5998c6999257@group-E964BE911FCC: changes role from CANDIDATE to FOLLOWER at term 323 for DISCOVERED_A_NEW_TERM
2019-10-18 14:02:03,598 [92ce6e48-4722-407a-9620-5998c6999257@group-E964BE911FCC-LeaderElection294] INFO  impl.RoleInfo (RoleInfo.java:shutdownLeaderElection(134)) - 92ce6e48-4722-407a-9620-5998c6999257: shutdown LeaderElection
2019-10-18 14:02:03,598 [92ce6e48-4722-407a-9620-5998c6999257@group-E964BE911FCC-LeaderElection294] INFO  impl.RoleInfo (RoleInfo.java:updateAndGet(143)) - 92ce6e48-4722-407a-9620-5998c6999257: start FollowerState
2019-10-18 14:02:03,735 [Thread-2197] INFO  impl.FollowerState (FollowerState.java:run(108)) - 92ce6e48-4722-407a-9620-5998c6999257@group-E964BE911FCC-FollowerState: change to CANDIDATE, lastRpcTime:136ms, electionTimeout:136ms
2019-10-18 14:02:03,735 [Thread-2197] INFO  impl.RoleInfo (RoleInfo.java:shutdownFollowerState(121)) - 92ce6e48-4722-407a-9620-5998c6999257: shutdown FollowerState
2019-10-18 14:02:03,735 [Thread-2197] INFO  impl.RaftServerImpl (RaftServerImpl.java:setRole(184)) - 92ce6e48-4722-407a-9620-5998c6999257@group-E964BE911FCC: changes role from  FOLLOWER to CANDIDATE at term 323 for changeToCandidate
2019-10-18 14:02:03,735 [Thread-2197] INFO  impl.RoleInfo (RoleInfo.java:updateAndGet(143)) - 92ce6e48-4722-407a-9620-5998c6999257: start LeaderElection
2019-10-18 14:02:03,750 [92ce6e48-4722-407a-9620-5998c6999257@group-E964BE911FCC-LeaderElection295] INFO  impl.LeaderElection (LeaderElection.java:askForVotes(178)) - 92ce6e48-4722-407a-9620-5998c6999257@group-E964BE911FCC-LeaderElection295: begin an election at term 324 for -1: [6cbfae60-ea29-4abc-a49d-ef94f4bd513a:192.168.69.85:36685, 66f9d00c-1e97-4252-958c-bed5a531abda:192.168.69.85:45996, 92ce6e48-4722-407a-9620-5998c6999257:192.168.69.85:34971], old=null
2019-10-18 14:02:03,752 [grpc-default-executor-4] INFO  impl.RaftServerImpl (RaftServerImpl.java:setRole(184)) - 6cbfae60-ea29-4abc-a49d-ef94f4bd513a@group-E964BE911FCC: changes role from  FOLLOWER to FOLLOWER at term 324 for recognizeCandidate:92ce6e48-4722-407a-9620-5998c6999257
2019-10-18 14:02:03,752 [grpc-default-executor-4] INFO  impl.RoleInfo (RoleInfo.java:shutdownFollowerState(121)) - 6cbfae60-ea29-4abc-a49d-ef94f4bd513a: shutdown FollowerState
2019-10-18 14:02:03,752 [grpc-default-executor-0] INFO  impl.RaftServerImpl (RaftServerImpl.java:setRole(184)) - 66f9d00c-1e97-4252-958c-bed5a531abda@group-E964BE911FCC: changes role from  FOLLOWER to FOLLOWER at term 324 for recognizeCandidate:92ce6e48-4722-407a-9620-5998c6999257
2019-10-18 14:02:03,752 [Thread-2195] INFO  impl.FollowerState (FollowerState.java:run(117)) - 6cbfae60-ea29-4abc-a49d-ef94f4bd513a@group-E964BE911FCC-FollowerState was interrupted: java.lang.InterruptedException: sleep interrupted
2019-10-18 14:02:03,752 [grpc-default-executor-4] INFO  impl.RoleInfo (RoleInfo.java:updateAndGet(143)) - 6cbfae60-ea29-4abc-a49d-ef94f4bd513a: start FollowerState
2019-10-18 14:02:03,752 [grpc-default-executor-0] INFO  impl.RoleInfo (RoleInfo.java:shutdownFollowerState(121)) - 66f9d00c-1e97-4252-958c-bed5a531abda: shutdown FollowerState
2019-10-18 14:02:03,753 [grpc-default-executor-0] INFO  impl.RoleInfo (RoleInfo.java:updateAndGet(143)) - 66f9d00c-1e97-4252-958c-bed5a531abda: start FollowerState
2019-10-18 14:02:03,753 [Thread-2196] INFO  impl.FollowerState (FollowerState.java:run(117)) - 66f9d00c-1e97-4252-958c-bed5a531abda@group-E964BE911FCC-FollowerState was interrupted: java.lang.InterruptedException: sleep interrupted
2019-10-18 14:02:03,764 [92ce6e48-4722-407a-9620-5998c6999257@group-E964BE911FCC-LeaderElection295] INFO  impl.LeaderElection (LeaderElection.java:logAndReturn(56)) - 92ce6e48-4722-407a-9620-5998c6999257@group-E964BE911FCC-LeaderElection295: Election REJECTED; received 2 response(s) [92ce6e48-4722-407a-9620-5998c6999257<-6cbfae60-ea29-4abc-a49d-ef94f4bd513a#0:FAIL-t324, 92ce6e48-4722-407a-9620-5998c6999257<-66f9d00c-1e97-4252-958c-bed5a531abda#0:FAIL-t324] and 0 exception(s); 92ce6e48-4722-407a-9620-5998c6999257@group-E964BE911FCC:t324, leader=null, voted=92ce6e48-4722-407a-9620-5998c6999257, raftlog=92ce6e48-4722-407a-9620-5998c6999257@group-E964BE911FCC-SegmentedRaftLog:OPENED:c-1,f-1,i0, conf=-1: [6cbfae60-ea29-4abc-a49d-ef94f4bd513a:192.168.69.85:36685, 66f9d00c-1e97-4252-958c-bed5a531abda:192.168.69.85:45996, 92ce6e48-4722-407a-9620-5998c6999257:192.168.69.85:34971], old=null
2019-10-18 14:02:03,764 [92ce6e48-4722-407a-9620-5998c6999257@group-E964BE911FCC-LeaderElection295] INFO  impl.RaftServerImpl (RaftServerImpl.java:setRole(184)) - 92ce6e48-4722-407a-9620-5998c6999257@group-E964BE911FCC: changes role from CANDIDATE to FOLLOWER at term 324 for DISCOVERED_A_NEW_TERM
2019-10-18 14:02:03,764 [92ce6e48-4722-407a-9620-5998c6999257@group-E964BE911FCC-LeaderElection295] INFO  impl.RoleInfo (RoleInfo.java:shutdownLeaderElection(134)) - 92ce6e48-4722-407a-9620-5998c6999257: shutdown LeaderElection
2019-10-18 14:02:03,764 [92ce6e48-4722-407a-9620-5998c6999257@group-E964BE911FCC-LeaderElection295] INFO  impl.RoleInfo (RoleInfo.java:updateAndGet(143)) - 92ce6e48-4722-407a-9620-5998c6999257: start FollowerState
2019-10-18 14:02:03,809 [Thread-2203] INFO  impl.FollowerState (FollowerState.java:run(108)) - 92ce6e48-4722-407a-9620-5998c6999257@group-E964BE911FCC-FollowerState: change to CANDIDATE, lastRpcTime:45ms, electionTimeout:45ms
2019-10-18 14:02:03,810 [Thread-2203] INFO  impl.RoleInfo (RoleInfo.java:shutdownFollowerState(121)) - 92ce6e48-4722-407a-9620-5998c6999257: shutdown FollowerState
2019-10-18 14:02:03,810 [Thread-2203] INFO  impl.RaftServerImpl (RaftServerImpl.java:setRole(184)) - 92ce6e48-4722-407a-9620-5998c6999257@group-E964BE911FCC: changes role from  FOLLOWER to CANDIDATE at term 324 for changeToCandidate
2019-10-18 14:02:03,810 [Thread-2203] INFO  impl.RoleInfo (RoleInfo.java:updateAndGet(143)) - 92ce6e48-4722-407a-9620-5998c6999257: start LeaderElection
2019-10-18 14:02:03,823 [92ce6e48-4722-407a-9620-5998c6999257@group-E964BE911FCC-LeaderElection296] INFO  impl.LeaderElection (LeaderElection.java:askForVotes(178)) - 92ce6e48-4722-407a-9620-5998c6999257@group-E964BE911FCC-LeaderElection296: begin an election at term 325 for -1: [6cbfae60-ea29-4abc-a49d-ef94f4bd513a:192.168.69.85:36685, 66f9d00c-1e97-4252-958c-bed5a531abda:192.168.69.85:45996, 92ce6e48-4722-407a-9620-5998c6999257:192.168.69.85:34971], old=null
2019-10-18 14:02:03,825 [grpc-default-executor-0] INFO  impl.RaftServerImpl (RaftServerImpl.java:setRole(184)) - 6cbfae60-ea29-4abc-a49d-ef94f4bd513a@group-E964BE911FCC: changes role from  FOLLOWER to FOLLOWER at term 325 for recognizeCandidate:92ce6e48-4722-407a-9620-5998c6999257
2019-10-18 14:02:03,825 [grpc-default-executor-0] INFO  impl.RoleInfo (RoleInfo.java:shutdownFollowerState(121)) - 6cbfae60-ea29-4abc-a49d-ef94f4bd513a: shutdown FollowerState
2019-10-18 14:02:03,825 [grpc-default-executor-4] INFO  impl.RaftServerImpl (RaftServerImpl.java:setRole(184)) - 66f9d00c-1e97-4252-958c-bed5a531abda@group-E964BE911FCC: changes role from  FOLLOWER to FOLLOWER at term 325 for recognizeCandidate:92ce6e48-4722-407a-9620-5998c6999257
2019-10-18 14:02:03,825 [Thread-2201] INFO  impl.FollowerState (FollowerState.java:run(117)) - 6cbfae60-ea29-4abc-a49d-ef94f4bd513a@group-E964BE911FCC-FollowerState was interrupted: java.lang.InterruptedException: sleep interrupted
2019-10-18 14:02:03,825 [grpc-default-executor-0] INFO  impl.RoleInfo (RoleInfo.java:updateAndGet(143)) - 6cbfae60-ea29-4abc-a49d-ef94f4bd513a: start FollowerState
2019-10-18 14:02:03,825 [grpc-default-executor-4] INFO  impl.RoleInfo (RoleInfo.java:shutdownFollowerState(121)) - 66f9d00c-1e97-4252-958c-bed5a531abda: shutdown FollowerState
2019-10-18 14:02:03,826 [grpc-default-executor-4] INFO  impl.RoleInfo (RoleInfo.java:updateAndGet(143)) - 66f9d00c-1e97-4252-958c-bed5a531abda: start FollowerState
2019-10-18 14:02:03,826 [Thread-2202] INFO  impl.FollowerState (FollowerState.java:run(117)) - 66f9d00c-1e97-4252-958c-bed5a531abda@group-E964BE911FCC-FollowerState was interrupted: java.lang.InterruptedException: sleep interrupted
2019-10-18 14:02:03,841 [92ce6e48-4722-407a-9620-5998c6999257@group-E964BE911FCC-LeaderElection296] INFO  impl.LeaderElection (LeaderElection.java:logAndReturn(56)) - 92ce6e48-4722-407a-9620-5998c6999257@group-E964BE911FCC-LeaderElection296: Election REJECTED; received 2 response(s) [92ce6e48-4722-407a-9620-5998c6999257<-6cbfae60-ea29-4abc-a49d-ef94f4bd513a#0:FAIL-t325, 92ce6e48-4722-407a-9620-5998c6999257<-66f9d00c-1e97-4252-958c-bed5a531abda#0:FAIL-t325] and 0 exception(s); 92ce6e48-4722-407a-9620-5998c6999257@group-E964BE911FCC:t325, leader=null, voted=92ce6e48-4722-407a-9620-5998c6999257, raftlog=92ce6e48-4722-407a-9620-5998c6999257@group-E964BE911FCC-SegmentedRaftLog:OPENED:c-1,f-1,i0, conf=-1: [6cbfae60-ea29-4abc-a49d-ef94f4bd513a:192.168.69.85:36685, 66f9d00c-1e97-4252-958c-bed5a531abda:192.168.69.85:45996, 92ce6e48-4722-407a-9620-5998c6999257:192.168.69.85:34971], old=null
2019-10-18 14:02:03,842 [92ce6e48-4722-407a-9620-5998c6999257@group-E964BE911FCC-LeaderElection296] INFO  impl.RaftServerImpl (RaftServerImpl.java:setRole(184)) - 92ce6e48-4722-407a-9620-5998c6999257@group-E964BE911FCC: changes role from CANDIDATE to FOLLOWER at term 325 for DISCOVERED_A_NEW_TERM
2019-10-18 14:02:03,842 [92ce6e48-4722-407a-9620-5998c6999257@group-E964BE911FCC-LeaderElection296] INFO  impl.RoleInfo (RoleInfo.java:shutdownLeaderElection(134)) - 92ce6e48-4722-407a-9620-5998c6999257: shutdown LeaderElection
2019-10-18 14:02:03,842 [92ce6e48-4722-407a-9620-5998c6999257@group-E964BE911FCC-LeaderElection296] INFO  impl.RoleInfo (RoleInfo.java:updateAndGet(143)) - 92ce6e48-4722-407a-9620-5998c6999257: start FollowerState
2019-10-18 14:02:04,012 [Thread-2209] INFO  impl.FollowerState (FollowerState.java:run(108)) - 92ce6e48-4722-407a-9620-5998c6999257@group-E964BE911FCC-FollowerState: change to CANDIDATE, lastRpcTime:170ms, electionTimeout:170ms
2019-10-18 14:02:04,012 [Thread-2209] INFO  impl.RoleInfo (RoleInfo.java:shutdownFollowerState(121)) - 92ce6e48-4722-407a-9620-5998c6999257: shutdown FollowerState
2019-10-18 14:02:04,012 [Thread-2209] INFO  impl.RaftServerImpl (RaftServerImpl.java:setRole(184)) - 92ce6e48-4722-407a-9620-5998c6999257@group-E964BE911FCC: changes role from  FOLLOWER to CANDIDATE at term 325 for changeToCandidate
2019-10-18 14:02:04,013 [Thread-2209] INFO  impl.RoleInfo (RoleInfo.java:updateAndGet(143)) - 92ce6e48-4722-407a-9620-5998c6999257: start LeaderElection
2019-10-18 14:02:04,021 [92ce6e48-4722-407a-9620-5998c6999257@group-E964BE911FCC-LeaderElection297] INFO  impl.LeaderElection (LeaderElection.java:askForVotes(178)) - 92ce6e48-4722-407a-9620-5998c6999257@group-E964BE911FCC-LeaderElection297: begin an election at term 326 for -1: [6cbfae60-ea29-4abc-a49d-ef94f4bd513a:192.168.69.85:36685, 66f9d00c-1e97-4252-958c-bed5a531abda:192.168.69.85:45996, 92ce6e48-4722-407a-9620-5998c6999257:192.168.69.85:34971], old=null
2019-10-18 14:02:04,023 [grpc-default-executor-0] INFO  impl.RaftServerImpl (RaftServerImpl.java:setRole(184)) - 66f9d00c-1e97-4252-958c-bed5a531abda@group-E964BE911FCC: changes role from  FOLLOWER to FOLLOWER at term 326 for recognizeCandidate:92ce6e48-4722-407a-9620-5998c6999257
2019-10-18 14:02:04,023 [grpc-default-executor-0] INFO  impl.RoleInfo (RoleInfo.java:shutdownFollowerState(121)) - 66f9d00c-1e97-4252-958c-bed5a531abda: shutdown FollowerState
2019-10-18 14:02:04,023 [grpc-default-executor-4] INFO  impl.RaftServerImpl (RaftServerImpl.java:setRole(184)) - 6cbfae60-ea29-4abc-a49d-ef94f4bd513a@group-E964BE911FCC: changes role from  FOLLOWER to FOLLOWER at term 326 for recognizeCandidate:92ce6e48-4722-407a-9620-5998c6999257
2019-10-18 14:02:04,023 [Thread-2208] INFO  impl.FollowerState (FollowerState.java:run(117)) - 66f9d00c-1e97-4252-958c-bed5a531abda@group-E964BE911FCC-FollowerState was interrupted: java.lang.InterruptedException: sleep interrupted
2019-10-18 14:02:04,023 [grpc-default-executor-0] INFO  impl.RoleInfo (RoleInfo.java:updateAndGet(143)) - 66f9d00c-1e97-4252-958c-bed5a531abda: start FollowerState
2019-10-18 14:02:04,023 [grpc-default-executor-4] INFO  impl.RoleInfo (RoleInfo.java:shutdownFollowerState(121)) - 6cbfae60-ea29-4abc-a49d-ef94f4bd513a: shutdown FollowerState
2019-10-18 14:02:04,024 [grpc-default-executor-4] INFO  impl.RoleInfo (RoleInfo.java:updateAndGet(143)) - 6cbfae60-ea29-4abc-a49d-ef94f4bd513a: start FollowerState
2019-10-18 14:02:04,024 [Thread-2207] INFO  impl.FollowerState (FollowerState.java:run(117)) - 6cbfae60-ea29-4abc-a49d-ef94f4bd513a@group-E964BE911FCC-FollowerState was interrupted: java.lang.InterruptedException: sleep interrupted
2019-10-18 14:02:04,038 [92ce6e48-4722-407a-9620-5998c6999257@group-E964BE911FCC-LeaderElection297] INFO  impl.LeaderElection (LeaderElection.java:logAndReturn(56)) - 92ce6e48-4722-407a-9620-5998c6999257@group-E964BE911FCC-LeaderElection297: Election REJECTED; received 2 response(s) [92ce6e48-4722-407a-9620-5998c6999257<-6cbfae60-ea29-4abc-a49d-ef94f4bd513a#0:FAIL-t326, 92ce6e48-4722-407a-9620-5998c6999257<-66f9d00c-1e97-4252-958c-bed5a531abda#0:FAIL-t326] and 0 exception(s); 92ce6e48-4722-407a-9620-5998c6999257@group-E964BE911FCC:t326, leader=null, voted=92ce6e48-4722-407a-9620-5998c6999257, raftlog=92ce6e48-4722-407a-9620-5998c6999257@group-E964BE911FCC-SegmentedRaftLog:OPENED:c-1,f-1,i0, conf=-1: [6cbfae60-ea29-4abc-a49d-ef94f4bd513a:192.168.69.85:36685, 66f9d00c-1e97-4252-958c-bed5a531abda:192.168.69.85:45996, 92ce6e48-4722-407a-9620-5998c6999257:192.168.69.85:34971], old=null
2019-10-18 14:02:04,038 [92ce6e48-4722-407a-9620-5998c6999257@group-E964BE911FCC-LeaderElection297] INFO  impl.RaftServerImpl (RaftServerImpl.java:setRole(184)) - 92ce6e48-4722-407a-9620-5998c6999257@group-E964BE911FCC: changes role from CANDIDATE to FOLLOWER at term 326 for DISCOVERED_A_NEW_TERM
2019-10-18 14:02:04,038 [92ce6e48-4722-407a-9620-5998c6999257@group-E964BE911FCC-LeaderElection297] INFO  impl.RoleInfo (RoleInfo.java:shutdownLeaderElection(134)) - 92ce6e48-4722-407a-9620-5998c6999257: shutdown LeaderElection
2019-10-18 14:02:04,038 [92ce6e48-4722-407a-9620-5998c6999257@group-E964BE911FCC-LeaderElection297] INFO  impl.RoleInfo (RoleInfo.java:updateAndGet(143)) - 92ce6e48-4722-407a-9620-5998c6999257: start FollowerState
2019-10-18 14:02:04,120 [Thread-2215] INFO  impl.FollowerState (FollowerState.java:run(108)) - 92ce6e48-4722-407a-9620-5998c6999257@group-E964BE911FCC-FollowerState: change to CANDIDATE, lastRpcTime:81ms, electionTimeout:81ms
2019-10-18 14:02:04,122 [Thread-2215] INFO  impl.RoleInfo (RoleInfo.java:shutdownFollowerState(121)) - 92ce6e48-4722-407a-9620-5998c6999257: shutdown FollowerState
2019-10-18 14:02:04,122 [Thread-2215] INFO  impl.RaftServerImpl (RaftServerImpl.java:setRole(184)) - 92ce6e48-4722-407a-9620-5998c6999257@group-E964BE911FCC: changes role from  FOLLOWER to CANDIDATE at term 326 for changeToCandidate
2019-10-18 14:02:04,123 [Thread-2215] INFO  impl.RoleInfo (RoleInfo.java:updateAndGet(143)) - 92ce6e48-4722-407a-9620-5998c6999257: start LeaderElection
2019-10-18 14:02:04,142 [92ce6e48-4722-407a-9620-5998c6999257@group-E964BE911FCC-LeaderElection298] INFO  impl.LeaderElection (LeaderElection.java:askForVotes(178)) - 92ce6e48-4722-407a-9620-5998c6999257@group-E964BE911FCC-LeaderElection298: begin an election at term 327 for -1: [6cbfae60-ea29-4abc-a49d-ef94f4bd513a:192.168.69.85:36685, 66f9d00c-1e97-4252-958c-bed5a531abda:192.168.69.85:45996, 92ce6e48-4722-407a-9620-5998c6999257:192.168.69.85:34971], old=null
2019-10-18 14:02:04,146 [92ce6e48-4722-407a-9620-5998c6999257@group-E964BE911FCC-LeaderElection298] INFO  impl.LeaderElection (LeaderElection.java:logAndReturn(56)) - 92ce6e48-4722-407a-9620-5998c6999257@group-E964BE911FCC-LeaderElection298: Election TIMEOUT; received 0 response(s) [] and 0 exception(s); 92ce6e48-4722-407a-9620-5998c6999257@group-E964BE911FCC:t327, leader=null, voted=92ce6e48-4722-407a-9620-5998c6999257, raftlog=92ce6e48-4722-407a-9620-5998c6999257@group-E964BE911FCC-SegmentedRaftLog:OPENED:c-1,f-1,i0, conf=-1: [6cbfae60-ea29-4abc-a49d-ef94f4bd513a:192.168.69.85:36685, 66f9d00c-1e97-4252-958c-bed5a531abda:192.168.69.85:45996, 92ce6e48-4722-407a-9620-5998c6999257:192.168.69.85:34971], old=null
2019-10-18 14:02:04,150 [grpc-default-executor-0] INFO  impl.RaftServerImpl (RaftServerImpl.java:setRole(184)) - 6cbfae60-ea29-4abc-a49d-ef94f4bd513a@group-E964BE911FCC: changes role from  FOLLOWER to FOLLOWER at term 327 for recognizeCandidate:92ce6e48-4722-407a-9620-5998c6999257
2019-10-18 14:02:04,150 [grpc-default-executor-0] INFO  impl.RoleInfo (RoleInfo.java:shutdownFollowerState(121)) - 6cbfae60-ea29-4abc-a49d-ef94f4bd513a: shutdown FollowerState
2019-10-18 14:02:04,151 [grpc-default-executor-0] INFO  impl.RoleInfo (RoleInfo.java:updateAndGet(143)) - 6cbfae60-ea29-4abc-a49d-ef94f4bd513a: start FollowerState
2019-10-18 14:02:04,151 [Thread-2214] INFO  impl.FollowerState (FollowerState.java:run(117)) - 6cbfae60-ea29-4abc-a49d-ef94f4bd513a@group-E964BE911FCC-FollowerState was interrupted: java.lang.InterruptedException: sleep interrupted
2019-10-18 14:02:04,151 [grpc-default-executor-4] INFO  impl.RaftServerImpl (RaftServerImpl.java:setRole(184)) - 66f9d00c-1e97-4252-958c-bed5a531abda@group-E964BE911FCC: changes role from  FOLLOWER to FOLLOWER at term 327 for recognizeCandidate:92ce6e48-4722-407a-9620-5998c6999257
2019-10-18 14:02:04,151 [grpc-default-executor-4] INFO  impl.RoleInfo (RoleInfo.java:shutdownFollowerState(121)) - 66f9d00c-1e97-4252-958c-bed5a531abda: shutdown FollowerState
2019-10-18 14:02:04,151 [grpc-default-executor-4] INFO  impl.RoleInfo (RoleInfo.java:updateAndGet(143)) - 66f9d00c-1e97-4252-958c-bed5a531abda: start FollowerState
2019-10-18 14:02:04,151 [Thread-2213] INFO  impl.FollowerState (FollowerState.java:run(117)) - 66f9d00c-1e97-4252-958c-bed5a531abda@group-E964BE911FCC-FollowerState was interrupted: java.lang.InterruptedException: sleep interrupted
2019-10-18 14:02:04,160 [92ce6e48-4722-407a-9620-5998c6999257@group-E964BE911FCC-LeaderElection298] INFO  impl.LeaderElection (LeaderElection.java:askForVotes(178)) - 92ce6e48-4722-407a-9620-5998c6999257@group-E964BE911FCC-LeaderElection298: begin an election at term 328 for -1: [6cbfae60-ea29-4abc-a49d-ef94f4bd513a:192.168.69.85:36685, 66f9d00c-1e97-4252-958c-bed5a531abda:192.168.69.85:45996, 92ce6e48-4722-407a-9620-5998c6999257:192.168.69.85:34971], old=null
2019-10-18 14:02:04,162 [grpc-default-executor-4] INFO  impl.RaftServerImpl (RaftServerImpl.java:setRole(184)) - 6cbfae60-ea29-4abc-a49d-ef94f4bd513a@group-E964BE911FCC: changes role from  FOLLOWER to FOLLOWER at term 328 for recognizeCandidate:92ce6e48-4722-407a-9620-5998c6999257
2019-10-18 14:02:04,162 [grpc-default-executor-4] INFO  impl.RoleInfo (RoleInfo.java:shutdownFollowerState(121)) - 6cbfae60-ea29-4abc-a49d-ef94f4bd513a: shutdown FollowerState
2019-10-18 14:02:04,162 [grpc-default-executor-0] INFO  impl.RaftServerImpl (RaftServerImpl.java:setRole(184)) - 66f9d00c-1e97-4252-958c-bed5a531abda@group-E964BE911FCC: changes role from  FOLLOWER to FOLLOWER at term 328 for recognizeCandidate:92ce6e48-4722-407a-9620-5998c6999257
2019-10-18 14:02:04,163 [grpc-default-executor-0] INFO  impl.RoleInfo (RoleInfo.java:shutdownFollowerState(121)) - 66f9d00c-1e97-4252-958c-bed5a531abda: shutdown FollowerState
2019-10-18 14:02:04,163 [Thread-2219] INFO  impl.FollowerState (FollowerState.java:run(117)) - 6cbfae60-ea29-4abc-a49d-ef94f4bd513a@group-E964BE911FCC-FollowerState was interrupted: java.lang.InterruptedException: sleep interrupted
2019-10-18 14:02:04,162 [grpc-default-executor-4] INFO  impl.RoleInfo (RoleInfo.java:updateAndGet(143)) - 6cbfae60-ea29-4abc-a49d-ef94f4bd513a: start FollowerState
2019-10-18 14:02:04,163 [Thread-2220] INFO  impl.FollowerState (FollowerState.java:run(117)) - 66f9d00c-1e97-4252-958c-bed5a531abda@group-E964BE911FCC-FollowerState was interrupted: java.lang.InterruptedException: sleep interrupted
2019-10-18 14:02:04,163 [grpc-default-executor-0] INFO  impl.RoleInfo (RoleInfo.java:updateAndGet(143)) - 66f9d00c-1e97-4252-958c-bed5a531abda: start FollowerState
2019-10-18 14:02:04,179 [92ce6e48-4722-407a-9620-5998c6999257@group-E964BE911FCC-LeaderElection298] INFO  impl.LeaderElection (LeaderElection.java:logAndReturn(56)) - 92ce6e48-4722-407a-9620-5998c6999257@group-E964BE911FCC-LeaderElection298: Election REJECTED; received 2 response(s) [92ce6e48-4722-407a-9620-5998c6999257<-6cbfae60-ea29-4abc-a49d-ef94f4bd513a#0:FAIL-t328, 92ce6e48-4722-407a-9620-5998c6999257<-66f9d00c-1e97-4252-958c-bed5a531abda#0:FAIL-t328] and 0 exception(s); 92ce6e48-4722-407a-9620-5998c6999257@group-E964BE911FCC:t328, leader=null, voted=92ce6e48-4722-407a-9620-5998c6999257, raftlog=92ce6e48-4722-407a-9620-5998c6999257@group-E964BE911FCC-SegmentedRaftLog:OPENED:c-1,f-1,i0, conf=-1: [6cbfae60-ea29-4abc-a49d-ef94f4bd513a:192.168.69.85:36685, 66f9d00c-1e97-4252-958c-bed5a531abda:192.168.69.85:45996, 92ce6e48-4722-407a-9620-5998c6999257:192.168.69.85:34971], old=null
2019-10-18 14:02:04,179 [92ce6e48-4722-407a-9620-5998c6999257@group-E964BE911FCC-LeaderElection298] INFO  impl.RaftServerImpl (RaftServerImpl.java:setRole(184)) - 92ce6e48-4722-407a-9620-5998c6999257@group-E964BE911FCC: changes role from CANDIDATE to FOLLOWER at term 328 for DISCOVERED_A_NEW_TERM
2019-10-18 14:02:04,179 [92ce6e48-4722-407a-9620-5998c6999257@group-E964BE911FCC-LeaderElection298] INFO  impl.RoleInfo (RoleInfo.java:shutdownLeaderElection(134)) - 92ce6e48-4722-407a-9620-5998c6999257: shutdown LeaderElection
2019-10-18 14:02:04,179 [92ce6e48-4722-407a-9620-5998c6999257@group-E964BE911FCC-LeaderElection298] INFO  impl.RoleInfo (RoleInfo.java:updateAndGet(143)) - 92ce6e48-4722-407a-9620-5998c6999257: start FollowerState
2019-10-18 14:02:04,294 [Thread-2225] INFO  impl.FollowerState (FollowerState.java:run(108)) - 92ce6e48-4722-407a-9620-5998c6999257@group-E964BE911FCC-FollowerState: change to CANDIDATE, lastRpcTime:115ms, electionTimeout:115ms
2019-10-18 14:02:04,295 [Thread-2225] INFO  impl.RoleInfo (RoleInfo.java:shutdownFollowerState(121)) - 92ce6e48-4722-407a-9620-5998c6999257: shutdown FollowerState
2019-10-18 14:02:04,295 [Thread-2225] INFO  impl.RaftServerImpl (RaftServerImpl.java:setRole(184)) - 92ce6e48-4722-407a-9620-5998c6999257@group-E964BE911FCC: changes role from  FOLLOWER to CANDIDATE at term 328 for changeToCandidate
2019-10-18 14:02:04,295 [Thread-2225] INFO  impl.RoleInfo (RoleInfo.java:updateAndGet(143)) - 92ce6e48-4722-407a-9620-5998c6999257: start LeaderElection
2019-10-18 14:02:04,317 [92ce6e48-4722-407a-9620-5998c6999257@group-E964BE911FCC-LeaderElection299] INFO  impl.LeaderElection (LeaderElection.java:askForVotes(178)) - 92ce6e48-4722-407a-9620-5998c6999257@group-E964BE911FCC-LeaderElection299: begin an election at term 329 for -1: [6cbfae60-ea29-4abc-a49d-ef94f4bd513a:192.168.69.85:36685, 66f9d00c-1e97-4252-958c-bed5a531abda:192.168.69.85:45996, 92ce6e48-4722-407a-9620-5998c6999257:192.168.69.85:34971], old=null
2019-10-18 14:02:04,319 [grpc-default-executor-0] INFO  impl.RaftServerImpl (RaftServerImpl.java:setRole(184)) - 6cbfae60-ea29-4abc-a49d-ef94f4bd513a@group-E964BE911FCC: changes role from  FOLLOWER to FOLLOWER at term 329 for recognizeCandidate:92ce6e48-4722-407a-9620-5998c6999257
2019-10-18 14:02:04,319 [grpc-default-executor-0] INFO  impl.RoleInfo (RoleInfo.java:shutdownFollowerState(121)) - 6cbfae60-ea29-4abc-a49d-ef94f4bd513a: shutdown FollowerState
2019-10-18 14:02:04,319 [grpc-default-executor-4] INFO  impl.RaftServerImpl (RaftServerImpl.java:setRole(184)) - 66f9d00c-1e97-4252-958c-bed5a531abda@group-E964BE911FCC: changes role from  FOLLOWER to FOLLOWER at term 329 for recognizeCandidate:92ce6e48-4722-407a-9620-5998c6999257
2019-10-18 14:02:04,319 [Thread-2223] INFO  impl.FollowerState (FollowerState.java:run(117)) - 6cbfae60-ea29-4abc-a49d-ef94f4bd513a@group-E964BE911FCC-FollowerState was interrupted: java.lang.InterruptedException: sleep interrupted
2019-10-18 14:02:04,319 [grpc-default-executor-0] INFO  impl.RoleInfo (RoleInfo.java:updateAndGet(143)) - 6cbfae60-ea29-4abc-a49d-ef94f4bd513a: start FollowerState
2019-10-18 14:02:04,319 [grpc-default-executor-4] INFO  impl.RoleInfo (RoleInfo.java:shutdownFollowerState(121)) - 66f9d00c-1e97-4252-958c-bed5a531abda: shutdown FollowerState
2019-10-18 14:02:04,320 [grpc-default-executor-4] INFO  impl.RoleInfo (RoleInfo.java:updateAndGet(143)) - 66f9d00c-1e97-4252-958c-bed5a531abda: start FollowerState
2019-10-18 14:02:04,320 [Thread-2224] INFO  impl.FollowerState (FollowerState.java:run(117)) - 66f9d00c-1e97-4252-958c-bed5a531abda@group-E964BE911FCC-FollowerState was interrupted: java.lang.InterruptedException: sleep interrupted
2019-10-18 14:02:04,335 [92ce6e48-4722-407a-9620-5998c6999257@group-E964BE911FCC-LeaderElection299] INFO  impl.LeaderElection (LeaderElection.java:logAndReturn(56)) - 92ce6e48-4722-407a-9620-5998c6999257@group-E964BE911FCC-LeaderElection299: Election REJECTED; received 2 response(s) [92ce6e48-4722-407a-9620-5998c6999257<-6cbfae60-ea29-4abc-a49d-ef94f4bd513a#0:FAIL-t329, 92ce6e48-4722-407a-9620-5998c6999257<-66f9d00c-1e97-4252-958c-bed5a531abda#0:FAIL-t329] and 0 exception(s); 92ce6e48-4722-407a-9620-5998c6999257@group-E964BE911FCC:t329, leader=null, voted=92ce6e48-4722-407a-9620-5998c6999257, raftlog=92ce6e48-4722-407a-9620-5998c6999257@group-E964BE911FCC-SegmentedRaftLog:OPENED:c-1,f-1,i0, conf=-1: [6cbfae60-ea29-4abc-a49d-ef94f4bd513a:192.168.69.85:36685, 66f9d00c-1e97-4252-958c-bed5a531abda:192.168.69.85:45996, 92ce6e48-4722-407a-9620-5998c6999257:192.168.69.85:34971], old=null
2019-10-18 14:02:04,335 [92ce6e48-4722-407a-9620-5998c6999257@group-E964BE911FCC-LeaderElection299] INFO  impl.RaftServerImpl (RaftServerImpl.java:setRole(184)) - 92ce6e48-4722-407a-9620-5998c6999257@group-E964BE911FCC: changes role from CANDIDATE to FOLLOWER at term 329 for DISCOVERED_A_NEW_TERM
2019-10-18 14:02:04,335 [92ce6e48-4722-407a-9620-5998c6999257@group-E964BE911FCC-LeaderElection299] INFO  impl.RoleInfo (RoleInfo.java:shutdownLeaderElection(134)) - 92ce6e48-4722-407a-9620-5998c6999257: shutdown LeaderElection
2019-10-18 14:02:04,335 [92ce6e48-4722-407a-9620-5998c6999257@group-E964BE911FCC-LeaderElection299] INFO  impl.RoleInfo (RoleInfo.java:updateAndGet(143)) - 92ce6e48-4722-407a-9620-5998c6999257: start FollowerState
2019-10-18 14:02:04,335 [Thread-2231] INFO  impl.FollowerState (FollowerState.java:run(108)) - 92ce6e48-4722-407a-9620-5998c6999257@group-E964BE911FCC-FollowerState: change to CANDIDATE, lastRpcTime:0ms, electionTimeout:0ms
2019-10-18 14:02:04,335 [Thread-2231] INFO  impl.RoleInfo (RoleInfo.java:shutdownFollowerState(121)) - 92ce6e48-4722-407a-9620-5998c6999257: shutdown FollowerState
2019-10-18 14:02:04,335 [Thread-2231] INFO  impl.RaftServerImpl (RaftServerImpl.java:setRole(184)) - 92ce6e48-4722-407a-9620-5998c6999257@group-E964BE911FCC: changes role from  FOLLOWER to CANDIDATE at term 329 for changeToCandidate
2019-10-18 14:02:04,335 [Thread-2231] INFO  impl.RoleInfo (RoleInfo.java:updateAndGet(143)) - 92ce6e48-4722-407a-9620-5998c6999257: start LeaderElection
2019-10-18 14:02:04,358 [92ce6e48-4722-407a-9620-5998c6999257@group-E964BE911FCC-LeaderElection300] INFO  impl.LeaderElection (LeaderElection.java:askForVotes(178)) - 92ce6e48-4722-407a-9620-5998c6999257@group-E964BE911FCC-LeaderElection300: begin an election at term 330 for -1: [6cbfae60-ea29-4abc-a49d-ef94f4bd513a:192.168.69.85:36685, 66f9d00c-1e97-4252-958c-bed5a531abda:192.168.69.85:45996, 92ce6e48-4722-407a-9620-5998c6999257:192.168.69.85:34971], old=null
2019-10-18 14:02:04,360 [grpc-default-executor-0] INFO  impl.RaftServerImpl (RaftServerImpl.java:setRole(184)) - 6cbfae60-ea29-4abc-a49d-ef94f4bd513a@group-E964BE911FCC: changes role from  FOLLOWER to FOLLOWER at term 330 for recognizeCandidate:92ce6e48-4722-407a-9620-5998c6999257
2019-10-18 14:02:04,360 [grpc-default-executor-0] INFO  impl.RoleInfo (RoleInfo.java:shutdownFollowerState(121)) - 6cbfae60-ea29-4abc-a49d-ef94f4bd513a: shutdown FollowerState
2019-10-18 14:02:04,360 [grpc-default-executor-0] INFO  impl.RoleInfo (RoleInfo.java:updateAndGet(143)) - 6cbfae60-ea29-4abc-a49d-ef94f4bd513a: start FollowerState
2019-10-18 14:02:04,360 [Thread-2229] INFO  impl.FollowerState (FollowerState.java:run(117)) - 6cbfae60-ea29-4abc-a49d-ef94f4bd513a@group-E964BE911FCC-FollowerState was interrupted: java.lang.InterruptedException: sleep interrupted
2019-10-18 14:02:04,360 [grpc-default-executor-4] INFO  impl.RaftServerImpl (RaftServerImpl.java:setRole(184)) - 66f9d00c-1e97-4252-958c-bed5a531abda@group-E964BE911FCC: changes role from  FOLLOWER to FOLLOWER at term 330 for recognizeCandidate:92ce6e48-4722-407a-9620-5998c6999257
2019-10-18 14:02:04,360 [grpc-default-executor-4] INFO  impl.RoleInfo (RoleInfo.java:shutdownFollowerState(121)) - 66f9d00c-1e97-4252-958c-bed5a531abda: shutdown FollowerState
2019-10-18 14:02:04,360 [grpc-default-executor-4] INFO  impl.RoleInfo (RoleInfo.java:updateAndGet(143)) - 66f9d00c-1e97-4252-958c-bed5a531abda: start FollowerState
2019-10-18 14:02:04,360 [Thread-2230] INFO  impl.FollowerState (FollowerState.java:run(117)) - 66f9d00c-1e97-4252-958c-bed5a531abda@group-E964BE911FCC-FollowerState was interrupted: java.lang.InterruptedException: sleep interrupted
2019-10-18 14:02:04,368 [92ce6e48-4722-407a-9620-5998c6999257@group-E964BE911FCC-LeaderElection300] INFO  impl.LeaderElection (LeaderElection.java:logAndReturn(56)) - 92ce6e48-4722-407a-9620-5998c6999257@group-E964BE911FCC-LeaderElection300: Election TIMEOUT; received 0 response(s) [] and 0 exception(s); 92ce6e48-4722-407a-9620-5998c6999257@group-E964BE911FCC:t330, leader=null, voted=92ce6e48-4722-407a-9620-5998c6999257, raftlog=92ce6e48-4722-407a-9620-5998c6999257@group-E964BE911FCC-SegmentedRaftLog:OPENED:c-1,f-1,i0, conf=-1: [6cbfae60-ea29-4abc-a49d-ef94f4bd513a:192.168.69.85:36685, 66f9d00c-1e97-4252-958c-bed5a531abda:192.168.69.85:45996, 92ce6e48-4722-407a-9620-5998c6999257:192.168.69.85:34971], old=null
2019-10-18 14:02:04,374 [92ce6e48-4722-407a-9620-5998c6999257@group-E964BE911FCC-LeaderElection300] INFO  impl.LeaderElection (LeaderElection.java:askForVotes(178)) - 92ce6e48-4722-407a-9620-5998c6999257@group-E964BE911FCC-LeaderElection300: begin an election at term 331 for -1: [6cbfae60-ea29-4abc-a49d-ef94f4bd513a:192.168.69.85:36685, 66f9d00c-1e97-4252-958c-bed5a531abda:192.168.69.85:45996, 92ce6e48-4722-407a-9620-5998c6999257:192.168.69.85:34971], old=null
2019-10-18 14:02:04,375 [grpc-default-executor-0] INFO  impl.RaftServerImpl (RaftServerImpl.java:setRole(184)) - 6cbfae60-ea29-4abc-a49d-ef94f4bd513a@group-E964BE911FCC: changes role from  FOLLOWER to FOLLOWER at term 331 for recognizeCandidate:92ce6e48-4722-407a-9620-5998c6999257
2019-10-18 14:02:04,375 [grpc-default-executor-0] INFO  impl.RoleInfo (RoleInfo.java:shutdownFollowerState(121)) - 6cbfae60-ea29-4abc-a49d-ef94f4bd513a: shutdown FollowerState
2019-10-18 14:02:04,375 [grpc-default-executor-0] INFO  impl.RoleInfo (RoleInfo.java:updateAndGet(143)) - 6cbfae60-ea29-4abc-a49d-ef94f4bd513a: start FollowerState
2019-10-18 14:02:04,375 [Thread-2235] INFO  impl.FollowerState (FollowerState.java:run(117)) - 6cbfae60-ea29-4abc-a49d-ef94f4bd513a@group-E964BE911FCC-FollowerState was interrupted: java.lang.InterruptedException: sleep interrupted
2019-10-18 14:02:04,375 [grpc-default-executor-4] INFO  impl.RaftServerImpl (RaftServerImpl.java:setRole(184)) - 66f9d00c-1e97-4252-958c-bed5a531abda@group-E964BE911FCC: changes role from  FOLLOWER to FOLLOWER at term 331 for recognizeCandidate:92ce6e48-4722-407a-9620-5998c6999257
2019-10-18 14:02:04,375 [grpc-default-executor-4] INFO  impl.RoleInfo (RoleInfo.java:shutdownFollowerState(121)) - 66f9d00c-1e97-4252-958c-bed5a531abda: shutdown FollowerState
2019-10-18 14:02:04,375 [grpc-default-executor-4] INFO  impl.RoleInfo (RoleInfo.java:updateAndGet(143)) - 66f9d00c-1e97-4252-958c-bed5a531abda: start FollowerState
2019-10-18 14:02:04,375 [Thread-2236] INFO  impl.FollowerState (FollowerState.java:run(117)) - 66f9d00c-1e97-4252-958c-bed5a531abda@group-E964BE911FCC-FollowerState was interrupted: java.lang.InterruptedException: sleep interrupted
2019-10-18 14:02:04,389 [92ce6e48-4722-407a-9620-5998c6999257@group-E964BE911FCC-LeaderElection300] INFO  impl.LeaderElection (LeaderElection.java:logAndReturn(56)) - 92ce6e48-4722-407a-9620-5998c6999257@group-E964BE911FCC-LeaderElection300: Election REJECTED; received 2 response(s) [92ce6e48-4722-407a-9620-5998c6999257<-6cbfae60-ea29-4abc-a49d-ef94f4bd513a#0:FAIL-t331, 92ce6e48-4722-407a-9620-5998c6999257<-66f9d00c-1e97-4252-958c-bed5a531abda#0:FAIL-t331] and 0 exception(s); 92ce6e48-4722-407a-9620-5998c6999257@group-E964BE911FCC:t331, leader=null, voted=92ce6e48-4722-407a-9620-5998c6999257, raftlog=92ce6e48-4722-407a-9620-5998c6999257@group-E964BE911FCC-SegmentedRaftLog:OPENED:c-1,f-1,i0, conf=-1: [6cbfae60-ea29-4abc-a49d-ef94f4bd513a:192.168.69.85:36685, 66f9d00c-1e97-4252-958c-bed5a531abda:192.168.69.85:45996, 92ce6e48-4722-407a-9620-5998c6999257:192.168.69.85:34971], old=null
2019-10-18 14:02:04,389 [92ce6e48-4722-407a-9620-5998c6999257@group-E964BE911FCC-LeaderElection300] INFO  impl.RaftServerImpl (RaftServerImpl.java:setRole(184)) - 92ce6e48-4722-407a-9620-5998c6999257@group-E964BE911FCC: changes role from CANDIDATE to FOLLOWER at term 331 for DISCOVERED_A_NEW_TERM
2019-10-18 14:02:04,389 [92ce6e48-4722-407a-9620-5998c6999257@group-E964BE911FCC-LeaderElection300] INFO  impl.RoleInfo (RoleInfo.java:shutdownLeaderElection(134)) - 92ce6e48-4722-407a-9620-5998c6999257: shutdown LeaderElection
2019-10-18 14:02:04,389 [92ce6e48-4722-407a-9620-5998c6999257@group-E964BE911FCC-LeaderElection300] INFO  impl.RoleInfo (RoleInfo.java:updateAndGet(143)) - 92ce6e48-4722-407a-9620-5998c6999257: start FollowerState
2019-10-18 14:02:04,410 [Thread-2241] INFO  impl.FollowerState (FollowerState.java:run(108)) - 92ce6e48-4722-407a-9620-5998c6999257@group-E964BE911FCC-FollowerState: change to CANDIDATE, lastRpcTime:20ms, electionTimeout:20ms
2019-10-18 14:02:04,410 [Thread-2241] INFO  impl.RoleInfo (RoleInfo.java:shutdownFollowerState(121)) - 92ce6e48-4722-407a-9620-5998c6999257: shutdown FollowerState
2019-10-18 14:02:04,410 [Thread-2241] INFO  impl.RaftServerImpl (RaftServerImpl.java:setRole(184)) - 92ce6e48-4722-407a-9620-5998c6999257@group-E964BE911FCC: changes role from  FOLLOWER to CANDIDATE at term 331 for changeToCandidate
2019-10-18 14:02:04,410 [Thread-2241] INFO  impl.RoleInfo (RoleInfo.java:updateAndGet(143)) - 92ce6e48-4722-407a-9620-5998c6999257: start LeaderElection
2019-10-18 14:02:04,425 [92ce6e48-4722-407a-9620-5998c6999257@group-E964BE911FCC-LeaderElection301] INFO  impl.LeaderElection (LeaderElection.java:askForVotes(178)) - 92ce6e48-4722-407a-9620-5998c6999257@group-E964BE911FCC-LeaderElection301: begin an election at term 332 for -1: [6cbfae60-ea29-4abc-a49d-ef94f4bd513a:192.168.69.85:36685, 66f9d00c-1e97-4252-958c-bed5a531abda:192.168.69.85:45996, 92ce6e48-4722-407a-9620-5998c6999257:192.168.69.85:34971], old=null
2019-10-18 14:02:04,426 [grpc-default-executor-0] INFO  impl.RaftServerImpl (RaftServerImpl.java:setRole(184)) - 6cbfae60-ea29-4abc-a49d-ef94f4bd513a@group-E964BE911FCC: changes role from  FOLLOWER to FOLLOWER at term 332 for recognizeCandidate:92ce6e48-4722-407a-9620-5998c6999257
2019-10-18 14:02:04,426 [grpc-default-executor-0] INFO  impl.RoleInfo (RoleInfo.java:shutdownFollowerState(121)) - 6cbfae60-ea29-4abc-a49d-ef94f4bd513a: shutdown FollowerState
2019-10-18 14:02:04,426 [grpc-default-executor-0] INFO  impl.RoleInfo (RoleInfo.java:updateAndGet(143)) - 6cbfae60-ea29-4abc-a49d-ef94f4bd513a: start FollowerState
2019-10-18 14:02:04,427 [Thread-2239] INFO  impl.FollowerState (FollowerState.java:run(117)) - 6cbfae60-ea29-4abc-a49d-ef94f4bd513a@group-E964BE911FCC-FollowerState was interrupted: java.lang.InterruptedException: sleep interrupted
2019-10-18 14:02:04,427 [grpc-default-executor-4] INFO  impl.RaftServerImpl (RaftServerImpl.java:setRole(184)) - 66f9d00c-1e97-4252-958c-bed5a531abda@group-E964BE911FCC: changes role from  FOLLOWER to FOLLOWER at term 332 for recognizeCandidate:92ce6e48-4722-407a-9620-5998c6999257
2019-10-18 14:02:04,427 [grpc-default-executor-4] INFO  impl.RoleInfo (RoleInfo.java:shutdownFollowerState(121)) - 66f9d00c-1e97-4252-958c-bed5a531abda: shutdown FollowerState
2019-10-18 14:02:04,427 [grpc-default-executor-4] INFO  impl.RoleInfo (RoleInfo.java:updateAndGet(143)) - 66f9d00c-1e97-4252-958c-bed5a531abda: start FollowerState
2019-10-18 14:02:04,427 [Thread-2240] INFO  impl.FollowerState (FollowerState.java:run(117)) - 66f9d00c-1e97-4252-958c-bed5a531abda@group-E964BE911FCC-FollowerState was interrupted: java.lang.InterruptedException: sleep interrupted
2019-10-18 14:02:04,462 [92ce6e48-4722-407a-9620-5998c6999257@group-E964BE911FCC-LeaderElection301] INFO  impl.LeaderElection (LeaderElection.java:logAndReturn(56)) - 92ce6e48-4722-407a-9620-5998c6999257@group-E964BE911FCC-LeaderElection301: Election REJECTED; received 2 response(s) [92ce6e48-4722-407a-9620-5998c6999257<-6cbfae60-ea29-4abc-a49d-ef94f4bd513a#0:FAIL-t332, 92ce6e48-4722-407a-9620-5998c6999257<-66f9d00c-1e97-4252-958c-bed5a531abda#0:FAIL-t332] and 0 exception(s); 92ce6e48-4722-407a-9620-5998c6999257@group-E964BE911FCC:t332, leader=null, voted=92ce6e48-4722-407a-9620-5998c6999257, raftlog=92ce6e48-4722-407a-9620-5998c6999257@group-E964BE911FCC-SegmentedRaftLog:OPENED:c-1,f-1,i0, conf=-1: [6cbfae60-ea29-4abc-a49d-ef94f4bd513a:192.168.69.85:36685, 66f9d00c-1e97-4252-958c-bed5a531abda:192.168.69.85:45996, 92ce6e48-4722-407a-9620-5998c6999257:192.168.69.85:34971], old=null
2019-10-18 14:02:04,462 [92ce6e48-4722-407a-9620-5998c6999257@group-E964BE911FCC-LeaderElection301] INFO  impl.RaftServerImpl (RaftServerImpl.java:setRole(184)) - 92ce6e48-4722-407a-9620-5998c6999257@group-E964BE911FCC: changes role from CANDIDATE to FOLLOWER at term 332 for DISCOVERED_A_NEW_TERM
2019-10-18 14:02:04,462 [92ce6e48-4722-407a-9620-5998c6999257@group-E964BE911FCC-LeaderElection301] INFO  impl.RoleInfo (RoleInfo.java:shutdownLeaderElection(134)) - 92ce6e48-4722-407a-9620-5998c6999257: shutdown LeaderElection
2019-10-18 14:02:04,462 [92ce6e48-4722-407a-9620-5998c6999257@group-E964BE911FCC-LeaderElection301] INFO  impl.RoleInfo (RoleInfo.java:updateAndGet(143)) - 92ce6e48-4722-407a-9620-5998c6999257: start FollowerState
2019-10-18 14:02:04,515 [Thread-2249] INFO  impl.FollowerState (FollowerState.java:run(108)) - 92ce6e48-4722-407a-9620-5998c6999257@group-E964BE911FCC-FollowerState: change to CANDIDATE, lastRpcTime:53ms, electionTimeout:53ms
2019-10-18 14:02:04,516 [Thread-2249] INFO  impl.RoleInfo (RoleInfo.java:shutdownFollowerState(121)) - 92ce6e48-4722-407a-9620-5998c6999257: shutdown FollowerState
2019-10-18 14:02:04,516 [Thread-2249] INFO  impl.RaftServerImpl (RaftServerImpl.java:setRole(184)) - 92ce6e48-4722-407a-9620-5998c6999257@group-E964BE911FCC: changes role from  FOLLOWER to CANDIDATE at term 332 for changeToCandidate
2019-10-18 14:02:04,516 [Thread-2249] INFO  impl.RoleInfo (RoleInfo.java:updateAndGet(143)) - 92ce6e48-4722-407a-9620-5998c6999257: start LeaderElection
2019-10-18 14:02:04,529 [92ce6e48-4722-407a-9620-5998c6999257@group-E964BE911FCC-LeaderElection302] INFO  impl.LeaderElection (LeaderElection.java:askForVotes(178)) - 92ce6e48-4722-407a-9620-5998c6999257@group-E964BE911FCC-LeaderElection302: begin an election at term 333 for -1: [6cbfae60-ea29-4abc-a49d-ef94f4bd513a:192.168.69.85:36685, 66f9d00c-1e97-4252-958c-bed5a531abda:192.168.69.85:45996, 92ce6e48-4722-407a-9620-5998c6999257:192.168.69.85:34971], old=null
2019-10-18 14:02:04,531 [grpc-default-executor-1] INFO  impl.RaftServerImpl (RaftServerImpl.java:setRole(184)) - 66f9d00c-1e97-4252-958c-bed5a531abda@group-E964BE911FCC: changes role from  FOLLOWER to FOLLOWER at term 333 for recognizeCandidate:92ce6e48-4722-407a-9620-5998c6999257
2019-10-18 14:02:04,531 [grpc-default-executor-0] INFO  impl.RaftServerImpl (RaftServerImpl.java:setRole(184)) - 6cbfae60-ea29-4abc-a49d-ef94f4bd513a@group-E964BE911FCC: changes role from  FOLLOWER to FOLLOWER at term 333 for recognizeCandidate:92ce6e48-4722-407a-9620-5998c6999257
2019-10-18 14:02:04,531 [grpc-default-executor-1] INFO  impl.RoleInfo (RoleInfo.java:shutdownFollowerState(121)) - 66f9d00c-1e97-4252-958c-bed5a531abda: shutdown FollowerState
2019-10-18 14:02:04,531 [grpc-default-executor-0] INFO  impl.RoleInfo (RoleInfo.java:shutdownFollowerState(121)) - 6cbfae60-ea29-4abc-a49d-ef94f4bd513a: shutdown FollowerState
2019-10-18 14:02:04,531 [Thread-2246] INFO  impl.FollowerState (FollowerState.java:run(117)) - 66f9d00c-1e97-4252-958c-bed5a531abda@group-E964BE911FCC-FollowerState was interrupted: java.lang.InterruptedException: sleep interrupted
2019-10-18 14:02:04,531 [Thread-2245] INFO  impl.FollowerState (FollowerState.java:run(117)) - 6cbfae60-ea29-4abc-a49d-ef94f4bd513a@group-E964BE911FCC-FollowerState was interrupted: java.lang.InterruptedException: sleep interrupted
2019-10-18 14:02:04,531 [grpc-default-executor-1] INFO  impl.RoleInfo (RoleInfo.java:updateAndGet(143)) - 66f9d00c-1e97-4252-958c-bed5a531abda: start FollowerState
2019-10-18 14:02:04,531 [grpc-default-executor-0] INFO  impl.RoleInfo (RoleInfo.java:updateAndGet(143)) - 6cbfae60-ea29-4abc-a49d-ef94f4bd513a: start FollowerState
2019-10-18 14:02:04,544 [92ce6e48-4722-407a-9620-5998c6999257@group-E964BE911FCC-LeaderElection302] INFO  impl.LeaderElection (LeaderElection.java:logAndReturn(56)) - 92ce6e48-4722-407a-9620-5998c6999257@group-E964BE911FCC-LeaderElection302: Election REJECTED; received 2 response(s) [92ce6e48-4722-407a-9620-5998c6999257<-6cbfae60-ea29-4abc-a49d-ef94f4bd513a#0:FAIL-t333, 92ce6e48-4722-407a-9620-5998c6999257<-66f9d00c-1e97-4252-958c-bed5a531abda#0:FAIL-t333] and 0 exception(s); 92ce6e48-4722-407a-9620-5998c6999257@group-E964BE911FCC:t333, leader=null, voted=92ce6e48-4722-407a-9620-5998c6999257, raftlog=92ce6e48-4722-407a-9620-5998c6999257@group-E964BE911FCC-SegmentedRaftLog:OPENED:c-1,f-1,i0, conf=-1: [6cbfae60-ea29-4abc-a49d-ef94f4bd513a:192.168.69.85:36685, 66f9d00c-1e97-4252-958c-bed5a531abda:192.168.69.85:45996, 92ce6e48-4722-407a-9620-5998c6999257:192.168.69.85:34971], old=null
2019-10-18 14:02:04,545 [92ce6e48-4722-407a-9620-5998c6999257@group-E964BE911FCC-LeaderElection302] INFO  impl.RaftServerImpl (RaftServerImpl.java:setRole(184)) - 92ce6e48-4722-407a-9620-5998c6999257@group-E964BE911FCC: changes role from CANDIDATE to FOLLOWER at term 333 for DISCOVERED_A_NEW_TERM
2019-10-18 14:02:04,545 [92ce6e48-4722-407a-9620-5998c6999257@group-E964BE911FCC-LeaderElection302] INFO  impl.RoleInfo (RoleInfo.java:shutdownLeaderElection(134)) - 92ce6e48-4722-407a-9620-5998c6999257: shutdown LeaderElection
2019-10-18 14:02:04,545 [92ce6e48-4722-407a-9620-5998c6999257@group-E964BE911FCC-LeaderElection302] INFO  impl.RoleInfo (RoleInfo.java:updateAndGet(143)) - 92ce6e48-4722-407a-9620-5998c6999257: start FollowerState
2019-10-18 14:02:04,631 [Thread-2255] INFO  impl.FollowerState (FollowerState.java:run(108)) - 92ce6e48-4722-407a-9620-5998c6999257@group-E964BE911FCC-FollowerState: change to CANDIDATE, lastRpcTime:86ms, electionTimeout:86ms
2019-10-18 14:02:04,631 [Thread-2255] INFO  impl.RoleInfo (RoleInfo.java:shutdownFollowerState(121)) - 92ce6e48-4722-407a-9620-5998c6999257: shutdown FollowerState
2019-10-18 14:02:04,632 [Thread-2255] INFO  impl.RaftServerImpl (RaftServerImpl.java:setRole(184)) - 92ce6e48-4722-407a-9620-5998c6999257@group-E964BE911FCC: changes role from  FOLLOWER to CANDIDATE at term 333 for changeToCandidate
2019-10-18 14:02:04,632 [Thread-2255] INFO  impl.RoleInfo (RoleInfo.java:updateAndGet(143)) - 92ce6e48-4722-407a-9620-5998c6999257: start LeaderElection
2019-10-18 14:02:04,647 [92ce6e48-4722-407a-9620-5998c6999257@group-E964BE911FCC-LeaderElection303] INFO  impl.LeaderElection (LeaderElection.java:askForVotes(178)) - 92ce6e48-4722-407a-9620-5998c6999257@group-E964BE911FCC-LeaderElection303: begin an election at term 334 for -1: [6cbfae60-ea29-4abc-a49d-ef94f4bd513a:192.168.69.85:36685, 66f9d00c-1e97-4252-958c-bed5a531abda:192.168.69.85:45996, 92ce6e48-4722-407a-9620-5998c6999257:192.168.69.85:34971], old=null
2019-10-18 14:02:04,649 [grpc-default-executor-0] INFO  impl.RaftServerImpl (RaftServerImpl.java:setRole(184)) - 66f9d00c-1e97-4252-958c-bed5a531abda@group-E964BE911FCC: changes role from  FOLLOWER to FOLLOWER at term 334 for recognizeCandidate:92ce6e48-4722-407a-9620-5998c6999257
2019-10-18 14:02:04,650 [grpc-default-executor-1] INFO  impl.RaftServerImpl (RaftServerImpl.java:setRole(184)) - 6cbfae60-ea29-4abc-a49d-ef94f4bd513a@group-E964BE911FCC: changes role from  FOLLOWER to FOLLOWER at term 334 for recognizeCandidate:92ce6e48-4722-407a-9620-5998c6999257
2019-10-18 14:02:04,650 [grpc-default-executor-0] INFO  impl.RoleInfo (RoleInfo.java:shutdownFollowerState(121)) - 66f9d00c-1e97-4252-958c-bed5a531abda: shutdown FollowerState
2019-10-18 14:02:04,650 [grpc-default-executor-1] INFO  impl.RoleInfo (RoleInfo.java:shutdownFollowerState(121)) - 6cbfae60-ea29-4abc-a49d-ef94f4bd513a: shutdown FollowerState
2019-10-18 14:02:04,650 [Thread-2253] INFO  impl.FollowerState (FollowerState.java:run(117)) - 66f9d00c-1e97-4252-958c-bed5a531abda@group-E964BE911FCC-FollowerState was interrupted: java.lang.InterruptedException: sleep interrupted
2019-10-18 14:02:04,650 [grpc-default-executor-0] INFO  impl.RoleInfo (RoleInfo.java:updateAndGet(143)) - 66f9d00c-1e97-4252-958c-bed5a531abda: start FollowerState
2019-10-18 14:02:04,650 [Thread-2254] INFO  impl.FollowerState (FollowerState.java:run(117)) - 6cbfae60-ea29-4abc-a49d-ef94f4bd513a@group-E964BE911FCC-FollowerState was interrupted: java.lang.InterruptedException: sleep interrupted
2019-10-18 14:02:04,650 [grpc-default-executor-1] INFO  impl.RoleInfo (RoleInfo.java:updateAndGet(143)) - 6cbfae60-ea29-4abc-a49d-ef94f4bd513a: start FollowerState
2019-10-18 14:02:04,665 [92ce6e48-4722-407a-9620-5998c6999257@group-E964BE911FCC-LeaderElection303] INFO  impl.LeaderElection (LeaderElection.java:logAndReturn(56)) - 92ce6e48-4722-407a-9620-5998c6999257@group-E964BE911FCC-LeaderElection303: Election REJECTED; received 2 response(s) [92ce6e48-4722-407a-9620-5998c6999257<-6cbfae60-ea29-4abc-a49d-ef94f4bd513a#0:FAIL-t334, 92ce6e48-4722-407a-9620-5998c6999257<-66f9d00c-1e97-4252-958c-bed5a531abda#0:FAIL-t334] and 0 exception(s); 92ce6e48-4722-407a-9620-5998c6999257@group-E964BE911FCC:t334, leader=null, voted=92ce6e48-4722-407a-9620-5998c6999257, raftlog=92ce6e48-4722-407a-9620-5998c6999257@group-E964BE911FCC-SegmentedRaftLog:OPENED:c-1,f-1,i0, conf=-1: [6cbfae60-ea29-4abc-a49d-ef94f4bd513a:192.168.69.85:36685, 66f9d00c-1e97-4252-958c-bed5a531abda:192.168.69.85:45996, 92ce6e48-4722-407a-9620-5998c6999257:192.168.69.85:34971], old=null
2019-10-18 14:02:04,665 [92ce6e48-4722-407a-9620-5998c6999257@group-E964BE911FCC-LeaderElection303] INFO  impl.RaftServerImpl (RaftServerImpl.java:setRole(184)) - 92ce6e48-4722-407a-9620-5998c6999257@group-E964BE911FCC: changes role from CANDIDATE to FOLLOWER at term 334 for DISCOVERED_A_NEW_TERM
2019-10-18 14:02:04,665 [92ce6e48-4722-407a-9620-5998c6999257@group-E964BE911FCC-LeaderElection303] INFO  impl.RoleInfo (RoleInfo.java:shutdownLeaderElection(134)) - 92ce6e48-4722-407a-9620-5998c6999257: shutdown LeaderElection
2019-10-18 14:02:04,665 [92ce6e48-4722-407a-9620-5998c6999257@group-E964BE911FCC-LeaderElection303] INFO  impl.RoleInfo (RoleInfo.java:updateAndGet(143)) - 92ce6e48-4722-407a-9620-5998c6999257: start FollowerState
2019-10-18 14:02:04,756 [Thread-2261] INFO  impl.FollowerState (FollowerState.java:run(108)) - 92ce6e48-4722-407a-9620-5998c6999257@group-E964BE911FCC-FollowerState: change to CANDIDATE, lastRpcTime:90ms, electionTimeout:90ms
2019-10-18 14:02:04,756 [Thread-2261] INFO  impl.RoleInfo (RoleInfo.java:shutdownFollowerState(121)) - 92ce6e48-4722-407a-9620-5998c6999257: shutdown FollowerState
2019-10-18 14:02:04,756 [Thread-2261] INFO  impl.RaftServerImpl (RaftServerImpl.java:setRole(184)) - 92ce6e48-4722-407a-9620-5998c6999257@group-E964BE911FCC: changes role from  FOLLOWER to CANDIDATE at term 334 for changeToCandidate
2019-10-18 14:02:04,756 [Thread-2261] INFO  impl.RoleInfo (RoleInfo.java:updateAndGet(143)) - 92ce6e48-4722-407a-9620-5998c6999257: start LeaderElection
2019-10-18 14:02:04,778 [92ce6e48-4722-407a-9620-5998c6999257@group-E964BE911FCC-LeaderElection304] INFO  impl.LeaderElection (LeaderElection.java:askForVotes(178)) - 92ce6e48-4722-407a-9620-5998c6999257@group-E964BE911FCC-LeaderElection304: begin an election at term 335 for -1: [6cbfae60-ea29-4abc-a49d-ef94f4bd513a:192.168.69.85:36685, 66f9d00c-1e97-4252-958c-bed5a531abda:192.168.69.85:45996, 92ce6e48-4722-407a-9620-5998c6999257:192.168.69.85:34971], old=null
2019-10-18 14:02:04,781 [grpc-default-executor-1] INFO  impl.RaftServerImpl (RaftServerImpl.java:setRole(184)) - 6cbfae60-ea29-4abc-a49d-ef94f4bd513a@group-E964BE911FCC: changes role from  FOLLOWER to FOLLOWER at term 335 for recognizeCandidate:92ce6e48-4722-407a-9620-5998c6999257
2019-10-18 14:02:04,781 [grpc-default-executor-1] INFO  impl.RoleInfo (RoleInfo.java:shutdownFollowerState(121)) - 6cbfae60-ea29-4abc-a49d-ef94f4bd513a: shutdown FollowerState
2019-10-18 14:02:04,781 [grpc-default-executor-0] INFO  impl.RaftServerImpl (RaftServerImpl.java:setRole(184)) - 66f9d00c-1e97-4252-958c-bed5a531abda@group-E964BE911FCC: changes role from  FOLLOWER to FOLLOWER at term 335 for recognizeCandidate:92ce6e48-4722-407a-9620-5998c6999257
2019-10-18 14:02:04,781 [Thread-2260] INFO  impl.FollowerState (FollowerState.java:run(117)) - 6cbfae60-ea29-4abc-a49d-ef94f4bd513a@group-E964BE911FCC-FollowerState was interrupted: java.lang.InterruptedException: sleep interrupted
2019-10-18 14:02:04,781 [grpc-default-executor-1] INFO  impl.RoleInfo (RoleInfo.java:updateAndGet(143)) - 6cbfae60-ea29-4abc-a49d-ef94f4bd513a: start FollowerState
2019-10-18 14:02:04,781 [grpc-default-executor-0] INFO  impl.RoleInfo (RoleInfo.java:shutdownFollowerState(121)) - 66f9d00c-1e97-4252-958c-bed5a531abda: shutdown FollowerState
2019-10-18 14:02:04,782 [grpc-default-executor-0] INFO  impl.RoleInfo (RoleInfo.java:updateAndGet(143)) - 66f9d00c-1e97-4252-958c-bed5a531abda: start FollowerState
2019-10-18 14:02:04,782 [Thread-2259] INFO  impl.FollowerState (FollowerState.java:run(117)) - 66f9d00c-1e97-4252-958c-bed5a531abda@group-E964BE911FCC-FollowerState was interrupted: java.lang.InterruptedException: sleep interrupted
2019-10-18 14:02:04,807 [92ce6e48-4722-407a-9620-5998c6999257@group-E964BE911FCC-LeaderElection304] INFO  impl.LeaderElection (LeaderElection.java:logAndReturn(56)) - 92ce6e48-4722-407a-9620-5998c6999257@group-E964BE911FCC-LeaderElection304: Election REJECTED; received 2 response(s) [92ce6e48-4722-407a-9620-5998c6999257<-6cbfae60-ea29-4abc-a49d-ef94f4bd513a#0:FAIL-t335, 92ce6e48-4722-407a-9620-5998c6999257<-66f9d00c-1e97-4252-958c-bed5a531abda#0:FAIL-t335] and 0 exception(s); 92ce6e48-4722-407a-9620-5998c6999257@group-E964BE911FCC:t335, leader=null, voted=92ce6e48-4722-407a-9620-5998c6999257, raftlog=92ce6e48-4722-407a-9620-5998c6999257@group-E964BE911FCC-SegmentedRaftLog:OPENED:c-1,f-1,i0, conf=-1: [6cbfae60-ea29-4abc-a49d-ef94f4bd513a:192.168.69.85:36685, 66f9d00c-1e97-4252-958c-bed5a531abda:192.168.69.85:45996, 92ce6e48-4722-407a-9620-5998c6999257:192.168.69.85:34971], old=null
2019-10-18 14:02:04,808 [92ce6e48-4722-407a-9620-5998c6999257@group-E964BE911FCC-LeaderElection304] INFO  impl.RaftServerImpl (RaftServerImpl.java:setRole(184)) - 92ce6e48-4722-407a-9620-5998c6999257@group-E964BE911FCC: changes role from CANDIDATE to FOLLOWER at term 335 for DISCOVERED_A_NEW_TERM
2019-10-18 14:02:04,808 [92ce6e48-4722-407a-9620-5998c6999257@group-E964BE911FCC-LeaderElection304] INFO  impl.RoleInfo (RoleInfo.java:shutdownLeaderElection(134)) - 92ce6e48-4722-407a-9620-5998c6999257: shutdown LeaderElection
2019-10-18 14:02:04,808 [92ce6e48-4722-407a-9620-5998c6999257@group-E964BE911FCC-LeaderElection304] INFO  impl.RoleInfo (RoleInfo.java:updateAndGet(143)) - 92ce6e48-4722-407a-9620-5998c6999257: start FollowerState
2019-10-18 14:02:04,976 [Thread-2267] INFO  impl.FollowerState (FollowerState.java:run(108)) - 92ce6e48-4722-407a-9620-5998c6999257@group-E964BE911FCC-FollowerState: change to CANDIDATE, lastRpcTime:168ms, electionTimeout:168ms
2019-10-18 14:02:04,976 [Thread-2267] INFO  impl.RoleInfo (RoleInfo.java:shutdownFollowerState(121)) - 92ce6e48-4722-407a-9620-5998c6999257: shutdown FollowerState
2019-10-18 14:02:04,977 [Thread-2267] INFO  impl.RaftServerImpl (RaftServerImpl.java:setRole(184)) - 92ce6e48-4722-407a-9620-5998c6999257@group-E964BE911FCC: changes role from  FOLLOWER to CANDIDATE at term 335 for changeToCandidate
2019-10-18 14:02:04,977 [Thread-2267] INFO  impl.RoleInfo (RoleInfo.java:updateAndGet(143)) - 92ce6e48-4722-407a-9620-5998c6999257: start LeaderElection
2019-10-18 14:02:05,002 [92ce6e48-4722-407a-9620-5998c6999257@group-E964BE911FCC-LeaderElection305] INFO  impl.LeaderElection (LeaderElection.java:askForVotes(178)) - 92ce6e48-4722-407a-9620-5998c6999257@group-E964BE911FCC-LeaderElection305: begin an election at term 336 for -1: [6cbfae60-ea29-4abc-a49d-ef94f4bd513a:192.168.69.85:36685, 66f9d00c-1e97-4252-958c-bed5a531abda:192.168.69.85:45996, 92ce6e48-4722-407a-9620-5998c6999257:192.168.69.85:34971], old=null
2019-10-18 14:02:05,005 [grpc-default-executor-1] INFO  impl.RaftServerImpl (RaftServerImpl.java:setRole(184)) - 6cbfae60-ea29-4abc-a49d-ef94f4bd513a@group-E964BE911FCC: changes role from  FOLLOWER to FOLLOWER at term 336 for recognizeCandidate:92ce6e48-4722-407a-9620-5998c6999257
2019-10-18 14:02:05,005 [grpc-default-executor-0] INFO  impl.RaftServerImpl (RaftServerImpl.java:setRole(184)) - 66f9d00c-1e97-4252-958c-bed5a531abda@group-E964BE911FCC: changes role from  FOLLOWER to FOLLOWER at term 336 for recognizeCandidate:92ce6e48-4722-407a-9620-5998c6999257
2019-10-18 14:02:05,005 [grpc-default-executor-1] INFO  impl.RoleInfo (RoleInfo.java:shutdownFollowerState(121)) - 6cbfae60-ea29-4abc-a49d-ef94f4bd513a: shutdown FollowerState
2019-10-18 14:02:05,005 [grpc-default-executor-0] INFO  impl.RoleInfo (RoleInfo.java:shutdownFollowerState(121)) - 66f9d00c-1e97-4252-958c-bed5a531abda: shutdown FollowerState
2019-10-18 14:02:05,005 [Thread-2265] INFO  impl.FollowerState (FollowerState.java:run(117)) - 6cbfae60-ea29-4abc-a49d-ef94f4bd513a@group-E964BE911FCC-FollowerState was interrupted: java.lang.InterruptedException: sleep interrupted
2019-10-18 14:02:05,005 [Thread-2266] INFO  impl.FollowerState (FollowerState.java:run(117)) - 66f9d00c-1e97-4252-958c-bed5a531abda@group-E964BE911FCC-FollowerState was interrupted: java.lang.InterruptedException: sleep interrupted
2019-10-18 14:02:05,005 [grpc-default-executor-1] INFO  impl.RoleInfo (RoleInfo.java:updateAndGet(143)) - 6cbfae60-ea29-4abc-a49d-ef94f4bd513a: start FollowerState
2019-10-18 14:02:05,005 [grpc-default-executor-0] INFO  impl.RoleInfo (RoleInfo.java:updateAndGet(143)) - 66f9d00c-1e97-4252-958c-bed5a531abda: start FollowerState
2019-10-18 14:02:05,020 [92ce6e48-4722-407a-9620-5998c6999257@group-E964BE911FCC-LeaderElection305] INFO  impl.LeaderElection (LeaderElection.java:logAndReturn(56)) - 92ce6e48-4722-407a-9620-5998c6999257@group-E964BE911FCC-LeaderElection305: Election REJECTED; received 2 response(s) [92ce6e48-4722-407a-9620-5998c6999257<-6cbfae60-ea29-4abc-a49d-ef94f4bd513a#0:FAIL-t336, 92ce6e48-4722-407a-9620-5998c6999257<-66f9d00c-1e97-4252-958c-bed5a531abda#0:FAIL-t336] and 0 exception(s); 92ce6e48-4722-407a-9620-5998c6999257@group-E964BE911FCC:t336, leader=null, voted=92ce6e48-4722-407a-9620-5998c6999257, raftlog=92ce6e48-4722-407a-9620-5998c6999257@group-E964BE911FCC-SegmentedRaftLog:OPENED:c-1,f-1,i0, conf=-1: [6cbfae60-ea29-4abc-a49d-ef94f4bd513a:192.168.69.85:36685, 66f9d00c-1e97-4252-958c-bed5a531abda:192.168.69.85:45996, 92ce6e48-4722-407a-9620-5998c6999257:192.168.69.85:34971], old=null
2019-10-18 14:02:05,020 [92ce6e48-4722-407a-9620-5998c6999257@group-E964BE911FCC-LeaderElection305] INFO  impl.RaftServerImpl (RaftServerImpl.java:setRole(184)) - 92ce6e48-4722-407a-9620-5998c6999257@group-E964BE911FCC: changes role from CANDIDATE to FOLLOWER at term 336 for DISCOVERED_A_NEW_TERM
2019-10-18 14:02:05,020 [92ce6e48-4722-407a-9620-5998c6999257@group-E964BE911FCC-LeaderElection305] INFO  impl.RoleInfo (RoleInfo.java:shutdownLeaderElection(134)) - 92ce6e48-4722-407a-9620-5998c6999257: shutdown LeaderElection
2019-10-18 14:02:05,020 [92ce6e48-4722-407a-9620-5998c6999257@group-E964BE911FCC-LeaderElection305] INFO  impl.RoleInfo (RoleInfo.java:updateAndGet(143)) - 92ce6e48-4722-407a-9620-5998c6999257: start FollowerState
2019-10-18 14:02:05,023 [Thread-2273] INFO  impl.FollowerState (FollowerState.java:run(108)) - 92ce6e48-4722-407a-9620-5998c6999257@group-E964BE911FCC-FollowerState: change to CANDIDATE, lastRpcTime:3ms, electionTimeout:3ms
2019-10-18 14:02:05,023 [Thread-2273] INFO  impl.RoleInfo (RoleInfo.java:shutdownFollowerState(121)) - 92ce6e48-4722-407a-9620-5998c6999257: shutdown FollowerState
2019-10-18 14:02:05,024 [Thread-2273] INFO  impl.RaftServerImpl (RaftServerImpl.java:setRole(184)) - 92ce6e48-4722-407a-9620-5998c6999257@group-E964BE911FCC: changes role from  FOLLOWER to CANDIDATE at term 336 for changeToCandidate
2019-10-18 14:02:05,024 [Thread-2273] INFO  impl.RoleInfo (RoleInfo.java:updateAndGet(143)) - 92ce6e48-4722-407a-9620-5998c6999257: start LeaderElection
2019-10-18 14:02:05,038 [92ce6e48-4722-407a-9620-5998c6999257@group-E964BE911FCC-LeaderElection306] INFO  impl.LeaderElection (LeaderElection.java:askForVotes(178)) - 92ce6e48-4722-407a-9620-5998c6999257@group-E964BE911FCC-LeaderElection306: begin an election at term 337 for -1: [6cbfae60-ea29-4abc-a49d-ef94f4bd513a:192.168.69.85:36685, 66f9d00c-1e97-4252-958c-bed5a531abda:192.168.69.85:45996, 92ce6e48-4722-407a-9620-5998c6999257:192.168.69.85:34971], old=null
2019-10-18 14:02:05,040 [grpc-default-executor-0] INFO  impl.RaftServerImpl (RaftServerImpl.java:setRole(184)) - 6cbfae60-ea29-4abc-a49d-ef94f4bd513a@group-E964BE911FCC: changes role from  FOLLOWER to FOLLOWER at term 337 for recognizeCandidate:92ce6e48-4722-407a-9620-5998c6999257
2019-10-18 14:02:05,040 [grpc-default-executor-1] INFO  impl.RaftServerImpl (RaftServerImpl.java:setRole(184)) - 66f9d00c-1e97-4252-958c-bed5a531abda@group-E964BE911FCC: changes role from  FOLLOWER to FOLLOWER at term 337 for recognizeCandidate:92ce6e48-4722-407a-9620-5998c6999257
2019-10-18 14:02:05,040 [grpc-default-executor-0] INFO  impl.RoleInfo (RoleInfo.java:shutdownFollowerState(121)) - 6cbfae60-ea29-4abc-a49d-ef94f4bd513a: shutdown FollowerState
2019-10-18 14:02:05,040 [grpc-default-executor-1] INFO  impl.RoleInfo (RoleInfo.java:shutdownFollowerState(121)) - 66f9d00c-1e97-4252-958c-bed5a531abda: shutdown FollowerState
2019-10-18 14:02:05,041 [Thread-2271] INFO  impl.FollowerState (FollowerState.java:run(117)) - 6cbfae60-ea29-4abc-a49d-ef94f4bd513a@group-E964BE911FCC-FollowerState was interrupted: java.lang.InterruptedException: sleep interrupted
2019-10-18 14:02:05,040 [grpc-default-executor-0] INFO  impl.RoleInfo (RoleInfo.java:updateAndGet(143)) - 6cbfae60-ea29-4abc-a49d-ef94f4bd513a: start FollowerState
2019-10-18 14:02:05,041 [Thread-2272] INFO  impl.FollowerState (FollowerState.java:run(117)) - 66f9d00c-1e97-4252-958c-bed5a531abda@group-E964BE911FCC-FollowerState was interrupted: java.lang.InterruptedException: sleep interrupted
2019-10-18 14:02:05,041 [grpc-default-executor-1] INFO  impl.RoleInfo (RoleInfo.java:updateAndGet(143)) - 66f9d00c-1e97-4252-958c-bed5a531abda: start FollowerState
2019-10-18 14:02:05,056 [92ce6e48-4722-407a-9620-5998c6999257@group-E964BE911FCC-LeaderElection306] INFO  impl.LeaderElection (LeaderElection.java:logAndReturn(56)) - 92ce6e48-4722-407a-9620-5998c6999257@group-E964BE911FCC-LeaderElection306: Election REJECTED; received 2 response(s) [92ce6e48-4722-407a-9620-5998c6999257<-6cbfae60-ea29-4abc-a49d-ef94f4bd513a#0:FAIL-t337, 92ce6e48-4722-407a-9620-5998c6999257<-66f9d00c-1e97-4252-958c-bed5a531abda#0:FAIL-t337] and 0 exception(s); 92ce6e48-4722-407a-9620-5998c6999257@group-E964BE911FCC:t337, leader=null, voted=92ce6e48-4722-407a-9620-5998c6999257, raftlog=92ce6e48-4722-407a-9620-5998c6999257@group-E964BE911FCC-SegmentedRaftLog:OPENED:c-1,f-1,i0, conf=-1: [6cbfae60-ea29-4abc-a49d-ef94f4bd513a:192.168.69.85:36685, 66f9d00c-1e97-4252-958c-bed5a531abda:192.168.69.85:45996, 92ce6e48-4722-407a-9620-5998c6999257:192.168.69.85:34971], old=null
2019-10-18 14:02:05,056 [92ce6e48-4722-407a-9620-5998c6999257@group-E964BE911FCC-LeaderElection306] INFO  impl.RaftServerImpl (RaftServerImpl.java:setRole(184)) - 92ce6e48-4722-407a-9620-5998c6999257@group-E964BE911FCC: changes role from CANDIDATE to FOLLOWER at term 337 for DISCOVERED_A_NEW_TERM
2019-10-18 14:02:05,056 [92ce6e48-4722-407a-9620-5998c6999257@group-E964BE911FCC-LeaderElection306] INFO  impl.RoleInfo (RoleInfo.java:shutdownLeaderElection(134)) - 92ce6e48-4722-407a-9620-5998c6999257: shutdown LeaderElection
2019-10-18 14:02:05,056 [92ce6e48-4722-407a-9620-5998c6999257@group-E964BE911FCC-LeaderElection306] INFO  impl.RoleInfo (RoleInfo.java:updateAndGet(143)) - 92ce6e48-4722-407a-9620-5998c6999257: start FollowerState
2019-10-18 14:02:05,233 [Thread-2279] INFO  impl.FollowerState (FollowerState.java:run(108)) - 92ce6e48-4722-407a-9620-5998c6999257@group-E964BE911FCC-FollowerState: change to CANDIDATE, lastRpcTime:176ms, electionTimeout:176ms
2019-10-18 14:02:05,233 [Thread-2279] INFO  impl.RoleInfo (RoleInfo.java:shutdownFollowerState(121)) - 92ce6e48-4722-407a-9620-5998c6999257: shutdown FollowerState
2019-10-18 14:02:05,233 [Thread-2279] INFO  impl.RaftServerImpl (RaftServerImpl.java:setRole(184)) - 92ce6e48-4722-407a-9620-5998c6999257@group-E964BE911FCC: changes role from  FOLLOWER to CANDIDATE at term 337 for changeToCandidate
2019-10-18 14:02:05,233 [Thread-2279] INFO  impl.RoleInfo (RoleInfo.java:updateAndGet(143)) - 92ce6e48-4722-407a-9620-5998c6999257: start LeaderElection
2019-10-18 14:02:05,246 [92ce6e48-4722-407a-9620-5998c6999257@group-E964BE911FCC-LeaderElection307] INFO  impl.LeaderElection (LeaderElection.java:askForVotes(178)) - 92ce6e48-4722-407a-9620-5998c6999257@group-E964BE911FCC-LeaderElection307: begin an election at term 338 for -1: [6cbfae60-ea29-4abc-a49d-ef94f4bd513a:192.168.69.85:36685, 66f9d00c-1e97-4252-958c-bed5a531abda:192.168.69.85:45996, 92ce6e48-4722-407a-9620-5998c6999257:192.168.69.85:34971], old=null
2019-10-18 14:02:05,248 [grpc-default-executor-1] INFO  impl.RaftServerImpl (RaftServerImpl.java:setRole(184)) - 6cbfae60-ea29-4abc-a49d-ef94f4bd513a@group-E964BE911FCC: changes role from  FOLLOWER to FOLLOWER at term 338 for recognizeCandidate:92ce6e48-4722-407a-9620-5998c6999257
2019-10-18 14:02:05,248 [grpc-default-executor-0] INFO  impl.RaftServerImpl (RaftServerImpl.java:setRole(184)) - 66f9d00c-1e97-4252-958c-bed5a531abda@group-E964BE911FCC: changes role from  FOLLOWER to FOLLOWER at term 338 for recognizeCandidate:92ce6e48-4722-407a-9620-5998c6999257
2019-10-18 14:02:05,249 [grpc-default-executor-0] INFO  impl.RoleInfo (RoleInfo.java:shutdownFollowerState(121)) - 66f9d00c-1e97-4252-958c-bed5a531abda: shutdown FollowerState
2019-10-18 14:02:05,248 [grpc-default-executor-1] INFO  impl.RoleInfo (RoleInfo.java:shutdownFollowerState(121)) - 6cbfae60-ea29-4abc-a49d-ef94f4bd513a: shutdown FollowerState
2019-10-18 14:02:05,249 [Thread-2278] INFO  impl.FollowerState (FollowerState.java:run(117)) - 66f9d00c-1e97-4252-958c-bed5a531abda@group-E964BE911FCC-FollowerState was interrupted: java.lang.InterruptedException: sleep interrupted
2019-10-18 14:02:05,249 [grpc-default-executor-0] INFO  impl.RoleInfo (RoleInfo.java:updateAndGet(143)) - 66f9d00c-1e97-4252-958c-bed5a531abda: start FollowerState
2019-10-18 14:02:05,249 [Thread-2277] INFO  impl.FollowerState (FollowerState.java:run(117)) - 6cbfae60-ea29-4abc-a49d-ef94f4bd513a@group-E964BE911FCC-FollowerState was interrupted: java.lang.InterruptedException: sleep interrupted
2019-10-18 14:02:05,249 [grpc-default-executor-1] INFO  impl.RoleInfo (RoleInfo.java:updateAndGet(143)) - 6cbfae60-ea29-4abc-a49d-ef94f4bd513a: start FollowerState
2019-10-18 14:02:05,278 [92ce6e48-4722-407a-9620-5998c6999257@group-E964BE911FCC-LeaderElection307] INFO  impl.LeaderElection (LeaderElection.java:logAndReturn(56)) - 92ce6e48-4722-407a-9620-5998c6999257@group-E964BE911FCC-LeaderElection307: Election REJECTED; received 2 response(s) [92ce6e48-4722-407a-9620-5998c6999257<-6cbfae60-ea29-4abc-a49d-ef94f4bd513a#0:FAIL-t338, 92ce6e48-4722-407a-9620-5998c6999257<-66f9d00c-1e97-4252-958c-bed5a531abda#0:FAIL-t338] and 0 exception(s); 92ce6e48-4722-407a-9620-5998c6999257@group-E964BE911FCC:t338, leader=null, voted=92ce6e48-4722-407a-9620-5998c6999257, raftlog=92ce6e48-4722-407a-9620-5998c6999257@group-E964BE911FCC-SegmentedRaftLog:OPENED:c-1,f-1,i0, conf=-1: [6cbfae60-ea29-4abc-a49d-ef94f4bd513a:192.168.69.85:36685, 66f9d00c-1e97-4252-958c-bed5a531abda:192.168.69.85:45996, 92ce6e48-4722-407a-9620-5998c6999257:192.168.69.85:34971], old=null
2019-10-18 14:02:05,278 [92ce6e48-4722-407a-9620-5998c6999257@group-E964BE911FCC-LeaderElection307] INFO  impl.RaftServerImpl (RaftServerImpl.java:setRole(184)) - 92ce6e48-4722-407a-9620-5998c6999257@group-E964BE911FCC: changes role from CANDIDATE to FOLLOWER at term 338 for DISCOVERED_A_NEW_TERM
2019-10-18 14:02:05,278 [92ce6e48-4722-407a-9620-5998c6999257@group-E964BE911FCC-LeaderElection307] INFO  impl.RoleInfo (RoleInfo.java:shutdownLeaderElection(134)) - 92ce6e48-4722-407a-9620-5998c6999257: shutdown LeaderElection
2019-10-18 14:02:05,278 [92ce6e48-4722-407a-9620-5998c6999257@group-E964BE911FCC-LeaderElection307] INFO  impl.RoleInfo (RoleInfo.java:updateAndGet(143)) - 92ce6e48-4722-407a-9620-5998c6999257: start FollowerState
2019-10-18 14:02:05,350 [Thread-2285] INFO  impl.FollowerState (FollowerState.java:run(108)) - 92ce6e48-4722-407a-9620-5998c6999257@group-E964BE911FCC-FollowerState: change to CANDIDATE, lastRpcTime:71ms, electionTimeout:71ms
2019-10-18 14:02:05,350 [Thread-2285] INFO  impl.RoleInfo (RoleInfo.java:shutdownFollowerState(121)) - 92ce6e48-4722-407a-9620-5998c6999257: shutdown FollowerState
2019-10-18 14:02:05,350 [Thread-2285] INFO  impl.RaftServerImpl (RaftServerImpl.java:setRole(184)) - 92ce6e48-4722-407a-9620-5998c6999257@group-E964BE911FCC: changes role from  FOLLOWER to CANDIDATE at term 338 for changeToCandidate
2019-10-18 14:02:05,350 [Thread-2285] INFO  impl.RoleInfo (RoleInfo.java:updateAndGet(143)) - 92ce6e48-4722-407a-9620-5998c6999257: start LeaderElection
2019-10-18 14:02:05,364 [92ce6e48-4722-407a-9620-5998c6999257@group-E964BE911FCC-LeaderElection308] INFO  impl.LeaderElection (LeaderElection.java:askForVotes(178)) - 92ce6e48-4722-407a-9620-5998c6999257@group-E964BE911FCC-LeaderElection308: begin an election at term 339 for -1: [6cbfae60-ea29-4abc-a49d-ef94f4bd513a:192.168.69.85:36685, 66f9d00c-1e97-4252-958c-bed5a531abda:192.168.69.85:45996, 92ce6e48-4722-407a-9620-5998c6999257:192.168.69.85:34971], old=null
2019-10-18 14:02:05,366 [grpc-default-executor-0] INFO  impl.RaftServerImpl (RaftServerImpl.java:setRole(184)) - 66f9d00c-1e97-4252-958c-bed5a531abda@group-E964BE911FCC: changes role from  FOLLOWER to FOLLOWER at term 339 for recognizeCandidate:92ce6e48-4722-407a-9620-5998c6999257
2019-10-18 14:02:05,366 [grpc-default-executor-1] INFO  impl.RaftServerImpl (RaftServerImpl.java:setRole(184)) - 6cbfae60-ea29-4abc-a49d-ef94f4bd513a@group-E964BE911FCC: changes role from  FOLLOWER to FOLLOWER at term 339 for recognizeCandidate:92ce6e48-4722-407a-9620-5998c6999257
2019-10-18 14:02:05,366 [grpc-default-executor-0] INFO  impl.RoleInfo (RoleInfo.java:shutdownFollowerState(121)) - 66f9d00c-1e97-4252-958c-bed5a531abda: shutdown FollowerState
2019-10-18 14:02:05,366 [grpc-default-executor-1] INFO  impl.RoleInfo (RoleInfo.java:shutdownFollowerState(121)) - 6cbfae60-ea29-4abc-a49d-ef94f4bd513a: shutdown FollowerState
2019-10-18 14:02:05,366 [Thread-2283] INFO  impl.FollowerState (FollowerState.java:run(117)) - 66f9d00c-1e97-4252-958c-bed5a531abda@group-E964BE911FCC-FollowerState was interrupted: java.lang.InterruptedException: sleep interrupted
2019-10-18 14:02:05,366 [grpc-default-executor-0] INFO  impl.RoleInfo (RoleInfo.java:updateAndGet(143)) - 66f9d00c-1e97-4252-958c-bed5a531abda: start FollowerState
2019-10-18 14:02:05,367 [Thread-2284] INFO  impl.FollowerState (FollowerState.java:run(117)) - 6cbfae60-ea29-4abc-a49d-ef94f4bd513a@group-E964BE911FCC-FollowerState was interrupted: java.lang.InterruptedException: sleep interrupted
2019-10-18 14:02:05,367 [grpc-default-executor-1] INFO  impl.RoleInfo (RoleInfo.java:updateAndGet(143)) - 6cbfae60-ea29-4abc-a49d-ef94f4bd513a: start FollowerState
2019-10-18 14:02:05,392 [92ce6e48-4722-407a-9620-5998c6999257@group-E964BE911FCC-LeaderElection308] INFO  impl.LeaderElection (LeaderElection.java:logAndReturn(56)) - 92ce6e48-4722-407a-9620-5998c6999257@group-E964BE911FCC-LeaderElection308: Election REJECTED; received 2 response(s) [92ce6e48-4722-407a-9620-5998c6999257<-6cbfae60-ea29-4abc-a49d-ef94f4bd513a#0:FAIL-t339, 92ce6e48-4722-407a-9620-5998c6999257<-66f9d00c-1e97-4252-958c-bed5a531abda#0:FAIL-t339] and 0 exception(s); 92ce6e48-4722-407a-9620-5998c6999257@group-E964BE911FCC:t339, leader=null, voted=92ce6e48-4722-407a-9620-5998c6999257, raftlog=92ce6e48-4722-407a-9620-5998c6999257@group-E964BE911FCC-SegmentedRaftLog:OPENED:c-1,f-1,i0, conf=-1: [6cbfae60-ea29-4abc-a49d-ef94f4bd513a:192.168.69.85:36685, 66f9d00c-1e97-4252-958c-bed5a531abda:192.168.69.85:45996, 92ce6e48-4722-407a-9620-5998c6999257:192.168.69.85:34971], old=null
2019-10-18 14:02:05,392 [92ce6e48-4722-407a-9620-5998c6999257@group-E964BE911FCC-LeaderElection308] INFO  impl.RaftServerImpl (RaftServerImpl.java:setRole(184)) - 92ce6e48-4722-407a-9620-5998c6999257@group-E964BE911FCC: changes role from CANDIDATE to FOLLOWER at term 339 for DISCOVERED_A_NEW_TERM
2019-10-18 14:02:05,392 [92ce6e48-4722-407a-9620-5998c6999257@group-E964BE911FCC-LeaderElection308] INFO  impl.RoleInfo (RoleInfo.java:shutdownLeaderElection(134)) - 92ce6e48-4722-407a-9620-5998c6999257: shutdown LeaderElection
2019-10-18 14:02:05,392 [92ce6e48-4722-407a-9620-5998c6999257@group-E964BE911FCC-LeaderElection308] INFO  impl.RoleInfo (RoleInfo.java:updateAndGet(143)) - 92ce6e48-4722-407a-9620-5998c6999257: start FollowerState
2019-10-18 14:02:05,453 [Thread-2291] INFO  impl.FollowerState (FollowerState.java:run(108)) - 92ce6e48-4722-407a-9620-5998c6999257@group-E964BE911FCC-FollowerState: change to CANDIDATE, lastRpcTime:60ms, electionTimeout:60ms
2019-10-18 14:02:05,453 [Thread-2291] INFO  impl.RoleInfo (RoleInfo.java:shutdownFollowerState(121)) - 92ce6e48-4722-407a-9620-5998c6999257: shutdown FollowerState
2019-10-18 14:02:05,453 [Thread-2291] INFO  impl.RaftServerImpl (RaftServerImpl.java:setRole(184)) - 92ce6e48-4722-407a-9620-5998c6999257@group-E964BE911FCC: changes role from  FOLLOWER to CANDIDATE at term 339 for changeToCandidate
2019-10-18 14:02:05,453 [Thread-2291] INFO  impl.RoleInfo (RoleInfo.java:updateAndGet(143)) - 92ce6e48-4722-407a-9620-5998c6999257: start LeaderElection
2019-10-18 14:02:05,468 [92ce6e48-4722-407a-9620-5998c6999257@group-E964BE911FCC-LeaderElection309] INFO  impl.LeaderElection (LeaderElection.java:askForVotes(178)) - 92ce6e48-4722-407a-9620-5998c6999257@group-E964BE911FCC-LeaderElection309: begin an election at term 340 for -1: [6cbfae60-ea29-4abc-a49d-ef94f4bd513a:192.168.69.85:36685, 66f9d00c-1e97-4252-958c-bed5a531abda:192.168.69.85:45996, 92ce6e48-4722-407a-9620-5998c6999257:192.168.69.85:34971], old=null
2019-10-18 14:02:05,469 [grpc-default-executor-0] INFO  impl.RaftServerImpl (RaftServerImpl.java:setRole(184)) - 6cbfae60-ea29-4abc-a49d-ef94f4bd513a@group-E964BE911FCC: changes role from  FOLLOWER to FOLLOWER at term 340 for recognizeCandidate:92ce6e48-4722-407a-9620-5998c6999257
2019-10-18 14:02:05,469 [grpc-default-executor-0] INFO  impl.RoleInfo (RoleInfo.java:shutdownFollowerState(121)) - 6cbfae60-ea29-4abc-a49d-ef94f4bd513a: shutdown FollowerState
2019-10-18 14:02:05,469 [grpc-default-executor-0] INFO  impl.RoleInfo (RoleInfo.java:updateAndGet(143)) - 6cbfae60-ea29-4abc-a49d-ef94f4bd513a: start FollowerState
2019-10-18 14:02:05,469 [grpc-default-executor-1] INFO  impl.RaftServerImpl (RaftServerImpl.java:setRole(184)) - 66f9d00c-1e97-4252-958c-bed5a531abda@group-E964BE911FCC: changes role from  FOLLOWER to FOLLOWER at term 340 for recognizeCandidate:92ce6e48-4722-407a-9620-5998c6999257
2019-10-18 14:02:05,470 [grpc-default-executor-1] INFO  impl.RoleInfo (RoleInfo.java:shutdownFollowerState(121)) - 66f9d00c-1e97-4252-958c-bed5a531abda: shutdown FollowerState
2019-10-18 14:02:05,469 [Thread-2290] INFO  impl.FollowerState (FollowerState.java:run(117)) - 6cbfae60-ea29-4abc-a49d-ef94f4bd513a@group-E964BE911FCC-FollowerState was interrupted: java.lang.InterruptedException: sleep interrupted
2019-10-18 14:02:05,470 [Thread-2289] INFO  impl.FollowerState (FollowerState.java:run(117)) - 66f9d00c-1e97-4252-958c-bed5a531abda@group-E964BE911FCC-FollowerState was interrupted: java.lang.InterruptedException: sleep interrupted
2019-10-18 14:02:05,470 [grpc-default-executor-1] INFO  impl.RoleInfo (RoleInfo.java:updateAndGet(143)) - 66f9d00c-1e97-4252-958c-bed5a531abda: start FollowerState
2019-10-18 14:02:05,495 [92ce6e48-4722-407a-9620-5998c6999257@group-E964BE911FCC-LeaderElection309] INFO  impl.LeaderElection (LeaderElection.java:logAndReturn(56)) - 92ce6e48-4722-407a-9620-5998c6999257@group-E964BE911FCC-LeaderElection309: Election REJECTED; received 2 response(s) [92ce6e48-4722-407a-9620-5998c6999257<-6cbfae60-ea29-4abc-a49d-ef94f4bd513a#0:FAIL-t340, 92ce6e48-4722-407a-9620-5998c6999257<-66f9d00c-1e97-4252-958c-bed5a531abda#0:FAIL-t340] and 0 exception(s); 92ce6e48-4722-407a-9620-5998c6999257@group-E964BE911FCC:t340, leader=null, voted=92ce6e48-4722-407a-9620-5998c6999257, raftlog=92ce6e48-4722-407a-9620-5998c6999257@group-E964BE911FCC-SegmentedRaftLog:OPENED:c-1,f-1,i0, conf=-1: [6cbfae60-ea29-4abc-a49d-ef94f4bd513a:192.168.69.85:36685, 66f9d00c-1e97-4252-958c-bed5a531abda:192.168.69.85:45996, 92ce6e48-4722-407a-9620-5998c6999257:192.168.69.85:34971], old=null
2019-10-18 14:02:05,495 [92ce6e48-4722-407a-9620-5998c6999257@group-E964BE911FCC-LeaderElection309] INFO  impl.RaftServerImpl (RaftServerImpl.java:setRole(184)) - 92ce6e48-4722-407a-9620-5998c6999257@group-E964BE911FCC: changes role from CANDIDATE to FOLLOWER at term 340 for DISCOVERED_A_NEW_TERM
2019-10-18 14:02:05,495 [92ce6e48-4722-407a-9620-5998c6999257@group-E964BE911FCC-LeaderElection309] INFO  impl.RoleInfo (RoleInfo.java:shutdownLeaderElection(134)) - 92ce6e48-4722-407a-9620-5998c6999257: shutdown LeaderElection
2019-10-18 14:02:05,495 [92ce6e48-4722-407a-9620-5998c6999257@group-E964BE911FCC-LeaderElection309] INFO  impl.RoleInfo (RoleInfo.java:updateAndGet(143)) - 92ce6e48-4722-407a-9620-5998c6999257: start FollowerState
2019-10-18 14:02:05,546 [Thread-2299] INFO  impl.FollowerState (FollowerState.java:run(108)) - 92ce6e48-4722-407a-9620-5998c6999257@group-E964BE911FCC-FollowerState: change to CANDIDATE, lastRpcTime:50ms, electionTimeout:50ms
2019-10-18 14:02:05,546 [Thread-2299] INFO  impl.RoleInfo (RoleInfo.java:shutdownFollowerState(121)) - 92ce6e48-4722-407a-9620-5998c6999257: shutdown FollowerState
2019-10-18 14:02:05,546 [Thread-2299] INFO  impl.RaftServerImpl (RaftServerImpl.java:setRole(184)) - 92ce6e48-4722-407a-9620-5998c6999257@group-E964BE911FCC: changes role from  FOLLOWER to CANDIDATE at term 340 for changeToCandidate
2019-10-18 14:02:05,546 [Thread-2299] INFO  impl.RoleInfo (RoleInfo.java:updateAndGet(143)) - 92ce6e48-4722-407a-9620-5998c6999257: start LeaderElection
2019-10-18 14:02:05,559 [92ce6e48-4722-407a-9620-5998c6999257@group-E964BE911FCC-LeaderElection310] INFO  impl.LeaderElection (LeaderElection.java:askForVotes(178)) - 92ce6e48-4722-407a-9620-5998c6999257@group-E964BE911FCC-LeaderElection310: begin an election at term 341 for -1: [6cbfae60-ea29-4abc-a49d-ef94f4bd513a:192.168.69.85:36685, 66f9d00c-1e97-4252-958c-bed5a531abda:192.168.69.85:45996, 92ce6e48-4722-407a-9620-5998c6999257:192.168.69.85:34971], old=null
2019-10-18 14:02:05,561 [grpc-default-executor-0] INFO  impl.RaftServerImpl (RaftServerImpl.java:setRole(184)) - 66f9d00c-1e97-4252-958c-bed5a531abda@group-E964BE911FCC: changes role from  FOLLOWER to FOLLOWER at term 341 for recognizeCandidate:92ce6e48-4722-407a-9620-5998c6999257
2019-10-18 14:02:05,561 [grpc-default-executor-0] INFO  impl.RoleInfo (RoleInfo.java:shutdownFollowerState(121)) - 66f9d00c-1e97-4252-958c-bed5a531abda: shutdown FollowerState
2019-10-18 14:02:05,561 [grpc-default-executor-0] INFO  impl.RoleInfo (RoleInfo.java:updateAndGet(143)) - 66f9d00c-1e97-4252-958c-bed5a531abda: start FollowerState
2019-10-18 14:02:05,561 [Thread-2298] INFO  impl.FollowerState (FollowerState.java:run(117)) - 66f9d00c-1e97-4252-958c-bed5a531abda@group-E964BE911FCC-FollowerState was interrupted: java.lang.InterruptedException: sleep interrupted
2019-10-18 14:02:05,561 [grpc-default-executor-1] INFO  impl.RaftServerImpl (RaftServerImpl.java:setRole(184)) - 6cbfae60-ea29-4abc-a49d-ef94f4bd513a@group-E964BE911FCC: changes role from  FOLLOWER to FOLLOWER at term 341 for recognizeCandidate:92ce6e48-4722-407a-9620-5998c6999257
2019-10-18 14:02:05,561 [grpc-default-executor-1] INFO  impl.RoleInfo (RoleInfo.java:shutdownFollowerState(121)) - 6cbfae60-ea29-4abc-a49d-ef94f4bd513a: shutdown FollowerState
2019-10-18 14:02:05,562 [grpc-default-executor-1] INFO  impl.RoleInfo (RoleInfo.java:updateAndGet(143)) - 6cbfae60-ea29-4abc-a49d-ef94f4bd513a: start FollowerState
2019-10-18 14:02:05,562 [Thread-2297] INFO  impl.FollowerState (FollowerState.java:run(117)) - 6cbfae60-ea29-4abc-a49d-ef94f4bd513a@group-E964BE911FCC-FollowerState was interrupted: java.lang.InterruptedException: sleep interrupted
2019-10-18 14:02:05,588 [92ce6e48-4722-407a-9620-5998c6999257@group-E964BE911FCC-LeaderElection310] INFO  impl.LeaderElection (LeaderElection.java:logAndReturn(56)) - 92ce6e48-4722-407a-9620-5998c6999257@group-E964BE911FCC-LeaderElection310: Election REJECTED; received 2 response(s) [92ce6e48-4722-407a-9620-5998c6999257<-6cbfae60-ea29-4abc-a49d-ef94f4bd513a#0:FAIL-t341, 92ce6e48-4722-407a-9620-5998c6999257<-66f9d00c-1e97-4252-958c-bed5a531abda#0:FAIL-t341] and 0 exception(s); 92ce6e48-4722-407a-9620-5998c6999257@group-E964BE911FCC:t341, leader=null, voted=92ce6e48-4722-407a-9620-5998c6999257, raftlog=92ce6e48-4722-407a-9620-5998c6999257@group-E964BE911FCC-SegmentedRaftLog:OPENED:c-1,f-1,i0, conf=-1: [6cbfae60-ea29-4abc-a49d-ef94f4bd513a:192.168.69.85:36685, 66f9d00c-1e97-4252-958c-bed5a531abda:192.168.69.85:45996, 92ce6e48-4722-407a-9620-5998c6999257:192.168.69.85:34971], old=null
2019-10-18 14:02:05,588 [92ce6e48-4722-407a-9620-5998c6999257@group-E964BE911FCC-LeaderElection310] INFO  impl.RaftServerImpl (RaftServerImpl.java:setRole(184)) - 92ce6e48-4722-407a-9620-5998c6999257@group-E964BE911FCC: changes role from CANDIDATE to FOLLOWER at term 341 for DISCOVERED_A_NEW_TERM
2019-10-18 14:02:05,588 [92ce6e48-4722-407a-9620-5998c6999257@group-E964BE911FCC-LeaderElection310] INFO  impl.RoleInfo (RoleInfo.java:shutdownLeaderElection(134)) - 92ce6e48-4722-407a-9620-5998c6999257: shutdown LeaderElection
2019-10-18 14:02:05,589 [92ce6e48-4722-407a-9620-5998c6999257@group-E964BE911FCC-LeaderElection310] INFO  impl.RoleInfo (RoleInfo.java:updateAndGet(143)) - 92ce6e48-4722-407a-9620-5998c6999257: start FollowerState
2019-10-18 14:02:05,779 [Thread-2305] INFO  impl.FollowerState (FollowerState.java:run(108)) - 92ce6e48-4722-407a-9620-5998c6999257@group-E964BE911FCC-FollowerState: change to CANDIDATE, lastRpcTime:190ms, electionTimeout:190ms
2019-10-18 14:02:05,779 [Thread-2305] INFO  impl.RoleInfo (RoleInfo.java:shutdownFollowerState(121)) - 92ce6e48-4722-407a-9620-5998c6999257: shutdown FollowerState
2019-10-18 14:02:05,779 [Thread-2305] INFO  impl.RaftServerImpl (RaftServerImpl.java:setRole(184)) - 92ce6e48-4722-407a-9620-5998c6999257@group-E964BE911FCC: changes role from  FOLLOWER to CANDIDATE at term 341 for changeToCandidate
2019-10-18 14:02:05,779 [Thread-2305] INFO  impl.RoleInfo (RoleInfo.java:updateAndGet(143)) - 92ce6e48-4722-407a-9620-5998c6999257: start LeaderElection
2019-10-18 14:02:05,805 [92ce6e48-4722-407a-9620-5998c6999257@group-E964BE911FCC-LeaderElection311] INFO  impl.LeaderElection (LeaderElection.java:askForVotes(178)) - 92ce6e48-4722-407a-9620-5998c6999257@group-E964BE911FCC-LeaderElection311: begin an election at term 342 for -1: [6cbfae60-ea29-4abc-a49d-ef94f4bd513a:192.168.69.85:36685, 66f9d00c-1e97-4252-958c-bed5a531abda:192.168.69.85:45996, 92ce6e48-4722-407a-9620-5998c6999257:192.168.69.85:34971], old=null
2019-10-18 14:02:05,807 [grpc-default-executor-1] INFO  impl.RaftServerImpl (RaftServerImpl.java:setRole(184)) - 6cbfae60-ea29-4abc-a49d-ef94f4bd513a@group-E964BE911FCC: changes role from  FOLLOWER to FOLLOWER at term 342 for recognizeCandidate:92ce6e48-4722-407a-9620-5998c6999257
2019-10-18 14:02:05,808 [grpc-default-executor-0] INFO  impl.RaftServerImpl (RaftServerImpl.java:setRole(184)) - 66f9d00c-1e97-4252-958c-bed5a531abda@group-E964BE911FCC: changes role from  FOLLOWER to FOLLOWER at term 342 for recognizeCandidate:92ce6e48-4722-407a-9620-5998c6999257
2019-10-18 14:02:05,808 [grpc-default-executor-0] INFO  impl.RoleInfo (RoleInfo.java:shutdownFollowerState(121)) - 66f9d00c-1e97-4252-958c-bed5a531abda: shutdown FollowerState
2019-10-18 14:02:05,808 [grpc-default-executor-1] INFO  impl.RoleInfo (RoleInfo.java:shutdownFollowerState(121)) - 6cbfae60-ea29-4abc-a49d-ef94f4bd513a: shutdown FollowerState
2019-10-18 14:02:05,808 [Thread-2303] INFO  impl.FollowerState (FollowerState.java:run(117)) - 66f9d00c-1e97-4252-958c-bed5a531abda@group-E964BE911FCC-FollowerState was interrupted: java.lang.InterruptedException: sleep interrupted
2019-10-18 14:02:05,808 [grpc-default-executor-0] INFO  impl.RoleInfo (RoleInfo.java:updateAndGet(143)) - 66f9d00c-1e97-4252-958c-bed5a531abda: start FollowerState
2019-10-18 14:02:05,808 [Thread-2304] INFO  impl.FollowerState (FollowerState.java:run(117)) - 6cbfae60-ea29-4abc-a49d-ef94f4bd513a@group-E964BE911FCC-FollowerState was interrupted: java.lang.InterruptedException: sleep interrupted
2019-10-18 14:02:05,808 [grpc-default-executor-1] INFO  impl.RoleInfo (RoleInfo.java:updateAndGet(143)) - 6cbfae60-ea29-4abc-a49d-ef94f4bd513a: start FollowerState
2019-10-18 14:02:05,834 [92ce6e48-4722-407a-9620-5998c6999257@group-E964BE911FCC-LeaderElection311] INFO  impl.LeaderElection (LeaderElection.java:logAndReturn(56)) - 92ce6e48-4722-407a-9620-5998c6999257@group-E964BE911FCC-LeaderElection311: Election REJECTED; received 2 response(s) [92ce6e48-4722-407a-9620-5998c6999257<-6cbfae60-ea29-4abc-a49d-ef94f4bd513a#0:FAIL-t342, 92ce6e48-4722-407a-9620-5998c6999257<-66f9d00c-1e97-4252-958c-bed5a531abda#0:FAIL-t342] and 0 exception(s); 92ce6e48-4722-407a-9620-5998c6999257@group-E964BE911FCC:t342, leader=null, voted=92ce6e48-4722-407a-9620-5998c6999257, raftlog=92ce6e48-4722-407a-9620-5998c6999257@group-E964BE911FCC-SegmentedRaftLog:OPENED:c-1,f-1,i0, conf=-1: [6cbfae60-ea29-4abc-a49d-ef94f4bd513a:192.168.69.85:36685, 66f9d00c-1e97-4252-958c-bed5a531abda:192.168.69.85:45996, 92ce6e48-4722-407a-9620-5998c6999257:192.168.69.85:34971], old=null
2019-10-18 14:02:05,834 [92ce6e48-4722-407a-9620-5998c6999257@group-E964BE911FCC-LeaderElection311] INFO  impl.RaftServerImpl (RaftServerImpl.java:setRole(184)) - 92ce6e48-4722-407a-9620-5998c6999257@group-E964BE911FCC: changes role from CANDIDATE to FOLLOWER at term 342 for DISCOVERED_A_NEW_TERM
2019-10-18 14:02:05,834 [92ce6e48-4722-407a-9620-5998c6999257@group-E964BE911FCC-LeaderElection311] INFO  impl.RoleInfo (RoleInfo.java:shutdownLeaderElection(134)) - 92ce6e48-4722-407a-9620-5998c6999257: shutdown LeaderElection
2019-10-18 14:02:05,835 [92ce6e48-4722-407a-9620-5998c6999257@group-E964BE911FCC-LeaderElection311] INFO  impl.RoleInfo (RoleInfo.java:updateAndGet(143)) - 92ce6e48-4722-407a-9620-5998c6999257: start FollowerState
2019-10-18 14:02:05,882 [Thread-2311] INFO  impl.FollowerState (FollowerState.java:run(108)) - 92ce6e48-4722-407a-9620-5998c6999257@group-E964BE911FCC-FollowerState: change to CANDIDATE, lastRpcTime:47ms, electionTimeout:47ms
2019-10-18 14:02:05,882 [Thread-2311] INFO  impl.RoleInfo (RoleInfo.java:shutdownFollowerState(121)) - 92ce6e48-4722-407a-9620-5998c6999257: shutdown FollowerState
2019-10-18 14:02:05,882 [Thread-2311] INFO  impl.RaftServerImpl (RaftServerImpl.java:setRole(184)) - 92ce6e48-4722-407a-9620-5998c6999257@group-E964BE911FCC: changes role from  FOLLOWER to CANDIDATE at term 342 for changeToCandidate
2019-10-18 14:02:05,882 [Thread-2311] INFO  impl.RoleInfo (RoleInfo.java:updateAndGet(143)) - 92ce6e48-4722-407a-9620-5998c6999257: start LeaderElection
2019-10-18 14:02:05,897 [92ce6e48-4722-407a-9620-5998c6999257@group-E964BE911FCC-LeaderElection312] INFO  impl.LeaderElection (LeaderElection.java:askForVotes(178)) - 92ce6e48-4722-407a-9620-5998c6999257@group-E964BE911FCC-LeaderElection312: begin an election at term 343 for -1: [6cbfae60-ea29-4abc-a49d-ef94f4bd513a:192.168.69.85:36685, 66f9d00c-1e97-4252-958c-bed5a531abda:192.168.69.85:45996, 92ce6e48-4722-407a-9620-5998c6999257:192.168.69.85:34971], old=null
2019-10-18 14:02:05,899 [grpc-default-executor-1] INFO  impl.RaftServerImpl (RaftServerImpl.java:setRole(184)) - 6cbfae60-ea29-4abc-a49d-ef94f4bd513a@group-E964BE911FCC: changes role from  FOLLOWER to FOLLOWER at term 343 for recognizeCandidate:92ce6e48-4722-407a-9620-5998c6999257
2019-10-18 14:02:05,899 [grpc-default-executor-1] INFO  impl.RoleInfo (RoleInfo.java:shutdownFollowerState(121)) - 6cbfae60-ea29-4abc-a49d-ef94f4bd513a: shutdown FollowerState
2019-10-18 14:02:05,899 [grpc-default-executor-0] INFO  impl.RaftServerImpl (RaftServerImpl.java:setRole(184)) - 66f9d00c-1e97-4252-958c-bed5a531abda@group-E964BE911FCC: changes role from  FOLLOWER to FOLLOWER at term 343 for recognizeCandidate:92ce6e48-4722-407a-9620-5998c6999257
2019-10-18 14:02:05,900 [Thread-2310] INFO  impl.FollowerState (FollowerState.java:run(117)) - 6cbfae60-ea29-4abc-a49d-ef94f4bd513a@group-E964BE911FCC-FollowerState was interrupted: java.lang.InterruptedException: sleep interrupted
2019-10-18 14:02:05,900 [grpc-default-executor-1] INFO  impl.RoleInfo (RoleInfo.java:updateAndGet(143)) - 6cbfae60-ea29-4abc-a49d-ef94f4bd513a: start FollowerState
2019-10-18 14:02:05,900 [grpc-default-executor-0] INFO  impl.RoleInfo (RoleInfo.java:shutdownFollowerState(121)) - 66f9d00c-1e97-4252-958c-bed5a531abda: shutdown FollowerState
2019-10-18 14:02:05,900 [grpc-default-executor-0] INFO  impl.RoleInfo (RoleInfo.java:updateAndGet(143)) - 66f9d00c-1e97-4252-958c-bed5a531abda: start FollowerState
2019-10-18 14:02:05,900 [Thread-2309] INFO  impl.FollowerState (FollowerState.java:run(117)) - 66f9d00c-1e97-4252-958c-bed5a531abda@group-E964BE911FCC-FollowerState was interrupted: java.lang.InterruptedException: sleep interrupted
2019-10-18 14:02:06,261 [92ce6e48-4722-407a-9620-5998c6999257@group-E964BE911FCC-LeaderElection312] INFO  impl.LeaderElection (LeaderElection.java:logAndReturn(56)) - 92ce6e48-4722-407a-9620-5998c6999257@group-E964BE911FCC-LeaderElection312: Election REJECTED; received 2 response(s) [92ce6e48-4722-407a-9620-5998c6999257<-6cbfae60-ea29-4abc-a49d-ef94f4bd513a#0:FAIL-t343, 92ce6e48-4722-407a-9620-5998c6999257<-66f9d00c-1e97-4252-958c-bed5a531abda#0:FAIL-t343] and 0 exception(s); 92ce6e48-4722-407a-9620-5998c6999257@group-E964BE911FCC:t343, leader=null, voted=92ce6e48-4722-407a-9620-5998c6999257, raftlog=92ce6e48-4722-407a-9620-5998c6999257@group-E964BE911FCC-SegmentedRaftLog:OPENED:c-1,f-1,i0, conf=-1: [6cbfae60-ea29-4abc-a49d-ef94f4bd513a:192.168.69.85:36685, 66f9d00c-1e97-4252-958c-bed5a531abda:192.168.69.85:45996, 92ce6e48-4722-407a-9620-5998c6999257:192.168.69.85:34971], old=null
2019-10-18 14:02:06,261 [92ce6e48-4722-407a-9620-5998c6999257@group-E964BE911FCC-LeaderElection312] INFO  impl.RaftServerImpl (RaftServerImpl.java:setRole(184)) - 92ce6e48-4722-407a-9620-5998c6999257@group-E964BE911FCC: changes role from CANDIDATE to FOLLOWER at term 343 for DISCOVERED_A_NEW_TERM
2019-10-18 14:02:06,261 [92ce6e48-4722-407a-9620-5998c6999257@group-E964BE911FCC-LeaderElection312] INFO  impl.RoleInfo (RoleInfo.java:shutdownLeaderElection(134)) - 92ce6e48-4722-407a-9620-5998c6999257: shutdown LeaderElection
2019-10-18 14:02:06,262 [92ce6e48-4722-407a-9620-5998c6999257@group-E964BE911FCC-LeaderElection312] INFO  impl.RoleInfo (RoleInfo.java:updateAndGet(143)) - 92ce6e48-4722-407a-9620-5998c6999257: start FollowerState
2019-10-18 14:02:06,348 [Thread-2317] INFO  impl.FollowerState (FollowerState.java:run(108)) - 92ce6e48-4722-407a-9620-5998c6999257@group-E964BE911FCC-FollowerState: change to CANDIDATE, lastRpcTime:86ms, electionTimeout:83ms
2019-10-18 14:02:06,348 [Thread-2317] INFO  impl.RoleInfo (RoleInfo.java:shutdownFollowerState(121)) - 92ce6e48-4722-407a-9620-5998c6999257: shutdown FollowerState
2019-10-18 14:02:06,349 [Thread-2317] INFO  impl.RaftServerImpl (RaftServerImpl.java:setRole(184)) - 92ce6e48-4722-407a-9620-5998c6999257@group-E964BE911FCC: changes role from  FOLLOWER to CANDIDATE at term 343 for changeToCandidate
2019-10-18 14:02:06,349 [Thread-2317] INFO  impl.RoleInfo (RoleInfo.java:updateAndGet(143)) - 92ce6e48-4722-407a-9620-5998c6999257: start LeaderElection
2019-10-18 14:02:06,363 [92ce6e48-4722-407a-9620-5998c6999257@group-E964BE911FCC-LeaderElection313] INFO  impl.LeaderElection (LeaderElection.java:askForVotes(178)) - 92ce6e48-4722-407a-9620-5998c6999257@group-E964BE911FCC-LeaderElection313: begin an election at term 344 for -1: [6cbfae60-ea29-4abc-a49d-ef94f4bd513a:192.168.69.85:36685, 66f9d00c-1e97-4252-958c-bed5a531abda:192.168.69.85:45996, 92ce6e48-4722-407a-9620-5998c6999257:192.168.69.85:34971], old=null
2019-10-18 14:02:06,366 [grpc-default-executor-0] INFO  impl.RaftServerImpl (RaftServerImpl.java:setRole(184)) - 6cbfae60-ea29-4abc-a49d-ef94f4bd513a@group-E964BE911FCC: changes role from  FOLLOWER to FOLLOWER at term 344 for recognizeCandidate:92ce6e48-4722-407a-9620-5998c6999257
2019-10-18 14:02:06,366 [grpc-default-executor-0] INFO  impl.RoleInfo (RoleInfo.java:shutdownFollowerState(121)) - 6cbfae60-ea29-4abc-a49d-ef94f4bd513a: shutdown FollowerState
2019-10-18 14:02:06,366 [grpc-default-executor-1] INFO  impl.RaftServerImpl (RaftServerImpl.java:setRole(184)) - 66f9d00c-1e97-4252-958c-bed5a531abda@group-E964BE911FCC: changes role from  FOLLOWER to FOLLOWER at term 344 for recognizeCandidate:92ce6e48-4722-407a-9620-5998c6999257
2019-10-18 14:02:06,367 [grpc-default-executor-1] INFO  impl.RoleInfo (RoleInfo.java:shutdownFollowerState(121)) - 66f9d00c-1e97-4252-958c-bed5a531abda: shutdown FollowerState
2019-10-18 14:02:06,367 [grpc-default-executor-0] INFO  impl.RoleInfo (RoleInfo.java:updateAndGet(143)) - 6cbfae60-ea29-4abc-a49d-ef94f4bd513a: start FollowerState
2019-10-18 14:02:06,367 [Thread-2315] INFO  impl.FollowerState (FollowerState.java:run(117)) - 6cbfae60-ea29-4abc-a49d-ef94f4bd513a@group-E964BE911FCC-FollowerState was interrupted: java.lang.InterruptedException: sleep interrupted
2019-10-18 14:02:06,367 [Thread-2316] INFO  impl.FollowerState (FollowerState.java:run(117)) - 66f9d00c-1e97-4252-958c-bed5a531abda@group-E964BE911FCC-FollowerState was interrupted: java.lang.InterruptedException: sleep interrupted
2019-10-18 14:02:06,367 [grpc-default-executor-1] INFO  impl.RoleInfo (RoleInfo.java:updateAndGet(143)) - 66f9d00c-1e97-4252-958c-bed5a531abda: start FollowerState
2019-10-18 14:02:06,382 [92ce6e48-4722-407a-9620-5998c6999257@group-E964BE911FCC-LeaderElection313] INFO  impl.LeaderElection (LeaderElection.java:logAndReturn(56)) - 92ce6e48-4722-407a-9620-5998c6999257@group-E964BE911FCC-LeaderElection313: Election REJECTED; received 2 response(s) [92ce6e48-4722-407a-9620-5998c6999257<-6cbfae60-ea29-4abc-a49d-ef94f4bd513a#0:FAIL-t344, 92ce6e48-4722-407a-9620-5998c6999257<-66f9d00c-1e97-4252-958c-bed5a531abda#0:FAIL-t344] and 0 exception(s); 92ce6e48-4722-407a-9620-5998c6999257@group-E964BE911FCC:t344, leader=null, voted=92ce6e48-4722-407a-9620-5998c6999257, raftlog=92ce6e48-4722-407a-9620-5998c6999257@group-E964BE911FCC-SegmentedRaftLog:OPENED:c-1,f-1,i0, conf=-1: [6cbfae60-ea29-4abc-a49d-ef94f4bd513a:192.168.69.85:36685, 66f9d00c-1e97-4252-958c-bed5a531abda:192.168.69.85:45996, 92ce6e48-4722-407a-9620-5998c6999257:192.168.69.85:34971], old=null
2019-10-18 14:02:06,382 [92ce6e48-4722-407a-9620-5998c6999257@group-E964BE911FCC-LeaderElection313] INFO  impl.RaftServerImpl (RaftServerImpl.java:setRole(184)) - 92ce6e48-4722-407a-9620-5998c6999257@group-E964BE911FCC: changes role from CANDIDATE to FOLLOWER at term 344 for DISCOVERED_A_NEW_TERM
2019-10-18 14:02:06,382 [92ce6e48-4722-407a-9620-5998c6999257@group-E964BE911FCC-LeaderElection313] INFO  impl.RoleInfo (RoleInfo.java:shutdownLeaderElection(134)) - 92ce6e48-4722-407a-9620-5998c6999257: shutdown LeaderElection
2019-10-18 14:02:06,382 [92ce6e48-4722-407a-9620-5998c6999257@group-E964BE911FCC-LeaderElection313] INFO  impl.RoleInfo (RoleInfo.java:updateAndGet(143)) - 92ce6e48-4722-407a-9620-5998c6999257: start FollowerState
2019-10-18 14:02:06,532 [Thread-2323] INFO  impl.FollowerState (FollowerState.java:run(108)) - 92ce6e48-4722-407a-9620-5998c6999257@group-E964BE911FCC-FollowerState: change to CANDIDATE, lastRpcTime:149ms, electionTimeout:149ms
2019-10-18 14:02:06,532 [Thread-2323] INFO  impl.RoleInfo (RoleInfo.java:shutdownFollowerState(121)) - 92ce6e48-4722-407a-9620-5998c6999257: shutdown FollowerState
2019-10-18 14:02:06,532 [Thread-2323] INFO  impl.RaftServerImpl (RaftServerImpl.java:setRole(184)) - 92ce6e48-4722-407a-9620-5998c6999257@group-E964BE911FCC: changes role from  FOLLOWER to CANDIDATE at term 344 for changeToCandidate
2019-10-18 14:02:06,532 [Thread-2323] INFO  impl.RoleInfo (RoleInfo.java:updateAndGet(143)) - 92ce6e48-4722-407a-9620-5998c6999257: start LeaderElection
2019-10-18 14:02:06,545 [92ce6e48-4722-407a-9620-5998c6999257@group-E964BE911FCC-LeaderElection314] INFO  impl.LeaderElection (LeaderElection.java:askForVotes(178)) - 92ce6e48-4722-407a-9620-5998c6999257@group-E964BE911FCC-LeaderElection314: begin an election at term 345 for -1: [6cbfae60-ea29-4abc-a49d-ef94f4bd513a:192.168.69.85:36685, 66f9d00c-1e97-4252-958c-bed5a531abda:192.168.69.85:45996, 92ce6e48-4722-407a-9620-5998c6999257:192.168.69.85:34971], old=null
2019-10-18 14:02:06,547 [grpc-default-executor-1] INFO  impl.RaftServerImpl (RaftServerImpl.java:setRole(184)) - 6cbfae60-ea29-4abc-a49d-ef94f4bd513a@group-E964BE911FCC: changes role from  FOLLOWER to FOLLOWER at term 345 for recognizeCandidate:92ce6e48-4722-407a-9620-5998c6999257
2019-10-18 14:02:06,547 [grpc-default-executor-1] INFO  impl.RoleInfo (RoleInfo.java:shutdownFollowerState(121)) - 6cbfae60-ea29-4abc-a49d-ef94f4bd513a: shutdown FollowerState
2019-10-18 14:02:06,547 [grpc-default-executor-0] INFO  impl.RaftServerImpl (RaftServerImpl.java:setRole(184)) - 66f9d00c-1e97-4252-958c-bed5a531abda@group-E964BE911FCC: changes role from  FOLLOWER to FOLLOWER at term 345 for recognizeCandidate:92ce6e48-4722-407a-9620-5998c6999257
2019-10-18 14:02:06,548 [grpc-default-executor-0] INFO  impl.RoleInfo (RoleInfo.java:shutdownFollowerState(121)) - 66f9d00c-1e97-4252-958c-bed5a531abda: shutdown FollowerState
2019-10-18 14:02:06,548 [Thread-2321] INFO  impl.FollowerState (FollowerState.java:run(117)) - 6cbfae60-ea29-4abc-a49d-ef94f4bd513a@group-E964BE911FCC-FollowerState was interrupted: java.lang.InterruptedException: sleep interrupted
2019-10-18 14:02:06,547 [grpc-default-executor-1] INFO  impl.RoleInfo (RoleInfo.java:updateAndGet(143)) - 6cbfae60-ea29-4abc-a49d-ef94f4bd513a: start FollowerState
2019-10-18 14:02:06,548 [Thread-2322] INFO  impl.FollowerState (FollowerState.java:run(117)) - 66f9d00c-1e97-4252-958c-bed5a531abda@group-E964BE911FCC-FollowerState was interrupted: java.lang.InterruptedException: sleep interrupted
2019-10-18 14:02:06,548 [grpc-default-executor-0] INFO  impl.RoleInfo (RoleInfo.java:updateAndGet(143)) - 66f9d00c-1e97-4252-958c-bed5a531abda: start FollowerState
2019-10-18 14:02:06,563 [92ce6e48-4722-407a-9620-5998c6999257@group-E964BE911FCC-LeaderElection314] INFO  impl.LeaderElection (LeaderElection.java:logAndReturn(56)) - 92ce6e48-4722-407a-9620-5998c6999257@group-E964BE911FCC-LeaderElection314: Election REJECTED; received 2 response(s) [92ce6e48-4722-407a-9620-5998c6999257<-6cbfae60-ea29-4abc-a49d-ef94f4bd513a#0:FAIL-t345, 92ce6e48-4722-407a-9620-5998c6999257<-66f9d00c-1e97-4252-958c-bed5a531abda#0:FAIL-t345] and 0 exception(s); 92ce6e48-4722-407a-9620-5998c6999257@group-E964BE911FCC:t345, leader=null, voted=92ce6e48-4722-407a-9620-5998c6999257, raftlog=92ce6e48-4722-407a-9620-5998c6999257@group-E964BE911FCC-SegmentedRaftLog:OPENED:c-1,f-1,i0, conf=-1: [6cbfae60-ea29-4abc-a49d-ef94f4bd513a:192.168.69.85:36685, 66f9d00c-1e97-4252-958c-bed5a531abda:192.168.69.85:45996, 92ce6e48-4722-407a-9620-5998c6999257:192.168.69.85:34971], old=null
2019-10-18 14:02:06,563 [92ce6e48-4722-407a-9620-5998c6999257@group-E964BE911FCC-LeaderElection314] INFO  impl.RaftServerImpl (RaftServerImpl.java:setRole(184)) - 92ce6e48-4722-407a-9620-5998c6999257@group-E964BE911FCC: changes role from CANDIDATE to FOLLOWER at term 345 for DISCOVERED_A_NEW_TERM
2019-10-18 14:02:06,563 [92ce6e48-4722-407a-9620-5998c6999257@group-E964BE911FCC-LeaderElection314] INFO  impl.RoleInfo (RoleInfo.java:shutdownLeaderElection(134)) - 92ce6e48-4722-407a-9620-5998c6999257: shutdown LeaderElection
2019-10-18 14:02:06,563 [92ce6e48-4722-407a-9620-5998c6999257@group-E964BE911FCC-LeaderElection314] INFO  impl.RoleInfo (RoleInfo.java:updateAndGet(143)) - 92ce6e48-4722-407a-9620-5998c6999257: start FollowerState
2019-10-18 14:02:06,752 [Thread-2331] INFO  impl.FollowerState (FollowerState.java:run(108)) - 92ce6e48-4722-407a-9620-5998c6999257@group-E964BE911FCC-FollowerState: change to CANDIDATE, lastRpcTime:188ms, electionTimeout:188ms
2019-10-18 14:02:06,752 [Thread-2331] INFO  impl.RoleInfo (RoleInfo.java:shutdownFollowerState(121)) - 92ce6e48-4722-407a-9620-5998c6999257: shutdown FollowerState
2019-10-18 14:02:06,752 [Thread-2331] INFO  impl.RaftServerImpl (RaftServerImpl.java:setRole(184)) - 92ce6e48-4722-407a-9620-5998c6999257@group-E964BE911FCC: changes role from  FOLLOWER to CANDIDATE at term 345 for changeToCandidate
2019-10-18 14:02:06,752 [Thread-2331] INFO  impl.RoleInfo (RoleInfo.java:updateAndGet(143)) - 92ce6e48-4722-407a-9620-5998c6999257: start LeaderElection
2019-10-18 14:02:06,767 [92ce6e48-4722-407a-9620-5998c6999257@group-E964BE911FCC-LeaderElection315] INFO  impl.LeaderElection (LeaderElection.java:askForVotes(178)) - 92ce6e48-4722-407a-9620-5998c6999257@group-E964BE911FCC-LeaderElection315: begin an election at term 346 for -1: [6cbfae60-ea29-4abc-a49d-ef94f4bd513a:192.168.69.85:36685, 66f9d00c-1e97-4252-958c-bed5a531abda:192.168.69.85:45996, 92ce6e48-4722-407a-9620-5998c6999257:192.168.69.85:34971], old=null
2019-10-18 14:02:06,770 [grpc-default-executor-1] INFO  impl.RaftServerImpl (RaftServerImpl.java:setRole(184)) - 66f9d00c-1e97-4252-958c-bed5a531abda@group-E964BE911FCC: changes role from  FOLLOWER to FOLLOWER at term 346 for recognizeCandidate:92ce6e48-4722-407a-9620-5998c6999257
2019-10-18 14:02:06,770 [grpc-default-executor-0] INFO  impl.RaftServerImpl (RaftServerImpl.java:setRole(184)) - 6cbfae60-ea29-4abc-a49d-ef94f4bd513a@group-E964BE911FCC: changes role from  FOLLOWER to FOLLOWER at term 346 for recognizeCandidate:92ce6e48-4722-407a-9620-5998c6999257
2019-10-18 14:02:06,771 [grpc-default-executor-0] INFO  impl.RoleInfo (RoleInfo.java:shutdownFollowerState(121)) - 6cbfae60-ea29-4abc-a49d-ef94f4bd513a: shutdown FollowerState
2019-10-18 14:02:06,771 [grpc-default-executor-1] INFO  impl.RoleInfo (RoleInfo.java:shutdownFollowerState(121)) - 66f9d00c-1e97-4252-958c-bed5a531abda: shutdown FollowerState
2019-10-18 14:02:06,771 [Thread-2329] INFO  impl.FollowerState (FollowerState.java:run(117)) - 6cbfae60-ea29-4abc-a49d-ef94f4bd513a@group-E964BE911FCC-FollowerState was interrupted: java.lang.InterruptedException: sleep interrupted
2019-10-18 14:02:06,771 [Thread-2330] INFO  impl.FollowerState (FollowerState.java:run(117)) - 66f9d00c-1e97-4252-958c-bed5a531abda@group-E964BE911FCC-FollowerState was interrupted: java.lang.InterruptedException: sleep interrupted
2019-10-18 14:02:06,771 [grpc-default-executor-0] INFO  impl.RoleInfo (RoleInfo.java:updateAndGet(143)) - 6cbfae60-ea29-4abc-a49d-ef94f4bd513a: start FollowerState
2019-10-18 14:02:06,771 [grpc-default-executor-1] INFO  impl.RoleInfo (RoleInfo.java:updateAndGet(143)) - 66f9d00c-1e97-4252-958c-bed5a531abda: start FollowerState
2019-10-18 14:02:06,798 [92ce6e48-4722-407a-9620-5998c6999257@group-E964BE911FCC-LeaderElection315] INFO  impl.LeaderElection (LeaderElection.java:logAndReturn(56)) - 92ce6e48-4722-407a-9620-5998c6999257@group-E964BE911FCC-LeaderElection315: Election REJECTED; received 2 response(s) [92ce6e48-4722-407a-9620-5998c6999257<-6cbfae60-ea29-4abc-a49d-ef94f4bd513a#0:FAIL-t346, 92ce6e48-4722-407a-9620-5998c6999257<-66f9d00c-1e97-4252-958c-bed5a531abda#0:FAIL-t346] and 0 exception(s); 92ce6e48-4722-407a-9620-5998c6999257@group-E964BE911FCC:t346, leader=null, voted=92ce6e48-4722-407a-9620-5998c6999257, raftlog=92ce6e48-4722-407a-9620-5998c6999257@group-E964BE911FCC-SegmentedRaftLog:OPENED:c-1,f-1,i0, conf=-1: [6cbfae60-ea29-4abc-a49d-ef94f4bd513a:192.168.69.85:36685, 66f9d00c-1e97-4252-958c-bed5a531abda:192.168.69.85:45996, 92ce6e48-4722-407a-9620-5998c6999257:192.168.69.85:34971], old=null
2019-10-18 14:02:06,798 [92ce6e48-4722-407a-9620-5998c6999257@group-E964BE911FCC-LeaderElection315] INFO  impl.RaftServerImpl (RaftServerImpl.java:setRole(184)) - 92ce6e48-4722-407a-9620-5998c6999257@group-E964BE911FCC: changes role from CANDIDATE to FOLLOWER at term 346 for DISCOVERED_A_NEW_TERM
2019-10-18 14:02:06,798 [92ce6e48-4722-407a-9620-5998c6999257@group-E964BE911FCC-LeaderElection315] INFO  impl.RoleInfo (RoleInfo.java:shutdownLeaderElection(134)) - 92ce6e48-4722-407a-9620-5998c6999257: shutdown LeaderElection
2019-10-18 14:02:06,798 [92ce6e48-4722-407a-9620-5998c6999257@group-E964BE911FCC-LeaderElection315] INFO  impl.RoleInfo (RoleInfo.java:updateAndGet(143)) - 92ce6e48-4722-407a-9620-5998c6999257: start FollowerState
2019-10-18 14:02:06,863 [Thread-2337] INFO  impl.FollowerState (FollowerState.java:run(108)) - 92ce6e48-4722-407a-9620-5998c6999257@group-E964BE911FCC-FollowerState: change to CANDIDATE, lastRpcTime:64ms, electionTimeout:64ms
2019-10-18 14:02:06,863 [Thread-2337] INFO  impl.RoleInfo (RoleInfo.java:shutdownFollowerState(121)) - 92ce6e48-4722-407a-9620-5998c6999257: shutdown FollowerState
2019-10-18 14:02:06,863 [Thread-2337] INFO  impl.RaftServerImpl (RaftServerImpl.java:setRole(184)) - 92ce6e48-4722-407a-9620-5998c6999257@group-E964BE911FCC: changes role from  FOLLOWER to CANDIDATE at term 346 for changeToCandidate
2019-10-18 14:02:06,863 [Thread-2337] INFO  impl.RoleInfo (RoleInfo.java:updateAndGet(143)) - 92ce6e48-4722-407a-9620-5998c6999257: start LeaderElection
2019-10-18 14:02:06,878 [92ce6e48-4722-407a-9620-5998c6999257@group-E964BE911FCC-LeaderElection316] INFO  impl.LeaderElection (LeaderElection.java:askForVotes(178)) - 92ce6e48-4722-407a-9620-5998c6999257@group-E964BE911FCC-LeaderElection316: begin an election at term 347 for -1: [6cbfae60-ea29-4abc-a49d-ef94f4bd513a:192.168.69.85:36685, 66f9d00c-1e97-4252-958c-bed5a531abda:192.168.69.85:45996, 92ce6e48-4722-407a-9620-5998c6999257:192.168.69.85:34971], old=null
2019-10-18 14:02:06,879 [grpc-default-executor-0] INFO  impl.RaftServerImpl (RaftServerImpl.java:setRole(184)) - 6cbfae60-ea29-4abc-a49d-ef94f4bd513a@group-E964BE911FCC: changes role from  FOLLOWER to FOLLOWER at term 347 for recognizeCandidate:92ce6e48-4722-407a-9620-5998c6999257
2019-10-18 14:02:06,880 [grpc-default-executor-0] INFO  impl.RoleInfo (RoleInfo.java:shutdownFollowerState(121)) - 6cbfae60-ea29-4abc-a49d-ef94f4bd513a: shutdown FollowerState
2019-10-18 14:02:06,880 [grpc-default-executor-1] INFO  impl.RaftServerImpl (RaftServerImpl.java:setRole(184)) - 66f9d00c-1e97-4252-958c-bed5a531abda@group-E964BE911FCC: changes role from  FOLLOWER to FOLLOWER at term 347 for recognizeCandidate:92ce6e48-4722-407a-9620-5998c6999257
2019-10-18 14:02:06,880 [grpc-default-executor-1] INFO  impl.RoleInfo (RoleInfo.java:shutdownFollowerState(121)) - 66f9d00c-1e97-4252-958c-bed5a531abda: shutdown FollowerState
2019-10-18 14:02:06,880 [Thread-2335] INFO  impl.FollowerState (FollowerState.java:run(117)) - 6cbfae60-ea29-4abc-a49d-ef94f4bd513a@group-E964BE911FCC-FollowerState was interrupted: java.lang.InterruptedException: sleep interrupted
2019-10-18 14:02:06,880 [grpc-default-executor-0] INFO  impl.RoleInfo (RoleInfo.java:updateAndGet(143)) - 6cbfae60-ea29-4abc-a49d-ef94f4bd513a: start FollowerState
2019-10-18 14:02:06,880 [Thread-2336] INFO  impl.FollowerState (FollowerState.java:run(117)) - 66f9d00c-1e97-4252-958c-bed5a531abda@group-E964BE911FCC-FollowerState was interrupted: java.lang.InterruptedException: sleep interrupted
2019-10-18 14:02:06,880 [grpc-default-executor-1] INFO  impl.RoleInfo (RoleInfo.java:updateAndGet(143)) - 66f9d00c-1e97-4252-958c-bed5a531abda: start FollowerState
2019-10-18 14:02:06,896 [92ce6e48-4722-407a-9620-5998c6999257@group-E964BE911FCC-LeaderElection316] INFO  impl.LeaderElection (LeaderElection.java:logAndReturn(56)) - 92ce6e48-4722-407a-9620-5998c6999257@group-E964BE911FCC-LeaderElection316: Election REJECTED; received 2 response(s) [92ce6e48-4722-407a-9620-5998c6999257<-6cbfae60-ea29-4abc-a49d-ef94f4bd513a#0:FAIL-t347, 92ce6e48-4722-407a-9620-5998c6999257<-66f9d00c-1e97-4252-958c-bed5a531abda#0:FAIL-t347] and 0 exception(s); 92ce6e48-4722-407a-9620-5998c6999257@group-E964BE911FCC:t347, leader=null, voted=92ce6e48-4722-407a-9620-5998c6999257, raftlog=92ce6e48-4722-407a-9620-5998c6999257@group-E964BE911FCC-SegmentedRaftLog:OPENED:c-1,f-1,i0, conf=-1: [6cbfae60-ea29-4abc-a49d-ef94f4bd513a:192.168.69.85:36685, 66f9d00c-1e97-4252-958c-bed5a531abda:192.168.69.85:45996, 92ce6e48-4722-407a-9620-5998c6999257:192.168.69.85:34971], old=null
2019-10-18 14:02:06,896 [92ce6e48-4722-407a-9620-5998c6999257@group-E964BE911FCC-LeaderElection316] INFO  impl.RaftServerImpl (RaftServerImpl.java:setRole(184)) - 92ce6e48-4722-407a-9620-5998c6999257@group-E964BE911FCC: changes role from CANDIDATE to FOLLOWER at term 347 for DISCOVERED_A_NEW_TERM
2019-10-18 14:02:06,896 [92ce6e48-4722-407a-9620-5998c6999257@group-E964BE911FCC-LeaderElection316] INFO  impl.RoleInfo (RoleInfo.java:shutdownLeaderElection(134)) - 92ce6e48-4722-407a-9620-5998c6999257: shutdown LeaderElection
2019-10-18 14:02:06,896 [92ce6e48-4722-407a-9620-5998c6999257@group-E964BE911FCC-LeaderElection316] INFO  impl.RoleInfo (RoleInfo.java:updateAndGet(143)) - 92ce6e48-4722-407a-9620-5998c6999257: start FollowerState
2019-10-18 14:02:07,001 [Thread-2343] INFO  impl.FollowerState (FollowerState.java:run(108)) - 92ce6e48-4722-407a-9620-5998c6999257@group-E964BE911FCC-FollowerState: change to CANDIDATE, lastRpcTime:105ms, electionTimeout:105ms
2019-10-18 14:02:07,002 [Thread-2343] INFO  impl.RoleInfo (RoleInfo.java:shutdownFollowerState(121)) - 92ce6e48-4722-407a-9620-5998c6999257: shutdown FollowerState
2019-10-18 14:02:07,002 [Thread-2343] INFO  impl.RaftServerImpl (RaftServerImpl.java:setRole(184)) - 92ce6e48-4722-407a-9620-5998c6999257@group-E964BE911FCC: changes role from  FOLLOWER to CANDIDATE at term 347 for changeToCandidate
2019-10-18 14:02:07,002 [Thread-2343] INFO  impl.RoleInfo (RoleInfo.java:updateAndGet(143)) - 92ce6e48-4722-407a-9620-5998c6999257: start LeaderElection
2019-10-18 14:02:07,015 [92ce6e48-4722-407a-9620-5998c6999257@group-E964BE911FCC-LeaderElection317] INFO  impl.LeaderElection (LeaderElection.java:askForVotes(178)) - 92ce6e48-4722-407a-9620-5998c6999257@group-E964BE911FCC-LeaderElection317: begin an election at term 348 for -1: [6cbfae60-ea29-4abc-a49d-ef94f4bd513a:192.168.69.85:36685, 66f9d00c-1e97-4252-958c-bed5a531abda:192.168.69.85:45996, 92ce6e48-4722-407a-9620-5998c6999257:192.168.69.85:34971], old=null
2019-10-18 14:02:07,017 [grpc-default-executor-1] INFO  impl.RaftServerImpl (RaftServerImpl.java:setRole(184)) - 6cbfae60-ea29-4abc-a49d-ef94f4bd513a@group-E964BE911FCC: changes role from  FOLLOWER to FOLLOWER at term 348 for recognizeCandidate:92ce6e48-4722-407a-9620-5998c6999257
2019-10-18 14:02:07,017 [grpc-default-executor-0] INFO  impl.RaftServerImpl (RaftServerImpl.java:setRole(184)) - 66f9d00c-1e97-4252-958c-bed5a531abda@group-E964BE911FCC: changes role from  FOLLOWER to FOLLOWER at term 348 for recognizeCandidate:92ce6e48-4722-407a-9620-5998c6999257
2019-10-18 14:02:07,017 [grpc-default-executor-1] INFO  impl.RoleInfo (RoleInfo.java:shutdownFollowerState(121)) - 6cbfae60-ea29-4abc-a49d-ef94f4bd513a: shutdown FollowerState
2019-10-18 14:02:07,018 [grpc-default-executor-0] INFO  impl.RoleInfo (RoleInfo.java:shutdownFollowerState(121)) - 66f9d00c-1e97-4252-958c-bed5a531abda: shutdown FollowerState
2019-10-18 14:02:07,018 [Thread-2341] INFO  impl.FollowerState (FollowerState.java:run(117)) - 6cbfae60-ea29-4abc-a49d-ef94f4bd513a@group-E964BE911FCC-FollowerState was interrupted: java.lang.InterruptedException: sleep interrupted
2019-10-18 14:02:07,018 [grpc-default-executor-1] INFO  impl.RoleInfo (RoleInfo.java:updateAndGet(143)) - 6cbfae60-ea29-4abc-a49d-ef94f4bd513a: start FollowerState
2019-10-18 14:02:07,018 [grpc-default-executor-0] INFO  impl.RoleInfo (RoleInfo.java:updateAndGet(143)) - 66f9d00c-1e97-4252-958c-bed5a531abda: start FollowerState
2019-10-18 14:02:07,018 [Thread-2342] INFO  impl.FollowerState (FollowerState.java:run(117)) - 66f9d00c-1e97-4252-958c-bed5a531abda@group-E964BE911FCC-FollowerState was interrupted: java.lang.InterruptedException: sleep interrupted
2019-10-18 14:02:07,032 [92ce6e48-4722-407a-9620-5998c6999257@group-E964BE911FCC-LeaderElection317] INFO  impl.LeaderElection (LeaderElection.java:logAndReturn(56)) - 92ce6e48-4722-407a-9620-5998c6999257@group-E964BE911FCC-LeaderElection317: Election REJECTED; received 2 response(s) [92ce6e48-4722-407a-9620-5998c6999257<-6cbfae60-ea29-4abc-a49d-ef94f4bd513a#0:FAIL-t348, 92ce6e48-4722-407a-9620-5998c6999257<-66f9d00c-1e97-4252-958c-bed5a531abda#0:FAIL-t348] and 0 exception(s); 92ce6e48-4722-407a-9620-5998c6999257@group-E964BE911FCC:t348, leader=null, voted=92ce6e48-4722-407a-9620-5998c6999257, raftlog=92ce6e48-4722-407a-9620-5998c6999257@group-E964BE911FCC-SegmentedRaftLog:OPENED:c-1,f-1,i0, conf=-1: [6cbfae60-ea29-4abc-a49d-ef94f4bd513a:192.168.69.85:36685, 66f9d00c-1e97-4252-958c-bed5a531abda:192.168.69.85:45996, 92ce6e48-4722-407a-9620-5998c6999257:192.168.69.85:34971], old=null
2019-10-18 14:02:07,032 [92ce6e48-4722-407a-9620-5998c6999257@group-E964BE911FCC-LeaderElection317] INFO  impl.RaftServerImpl (RaftServerImpl.java:setRole(184)) - 92ce6e48-4722-407a-9620-5998c6999257@group-E964BE911FCC: changes role from CANDIDATE to FOLLOWER at term 348 for DISCOVERED_A_NEW_TERM
2019-10-18 14:02:07,032 [92ce6e48-4722-407a-9620-5998c6999257@group-E964BE911FCC-LeaderElection317] INFO  impl.RoleInfo (RoleInfo.java:shutdownLeaderElection(134)) - 92ce6e48-4722-407a-9620-5998c6999257: shutdown LeaderElection
2019-10-18 14:02:07,032 [92ce6e48-4722-407a-9620-5998c6999257@group-E964BE911FCC-LeaderElection317] INFO  impl.RoleInfo (RoleInfo.java:updateAndGet(143)) - 92ce6e48-4722-407a-9620-5998c6999257: start FollowerState
2019-10-18 14:02:07,173 [Thread-2349] INFO  impl.FollowerState (FollowerState.java:run(108)) - 92ce6e48-4722-407a-9620-5998c6999257@group-E964BE911FCC-FollowerState: change to CANDIDATE, lastRpcTime:140ms, electionTimeout:140ms
2019-10-18 14:02:07,173 [Thread-2349] INFO  impl.RoleInfo (RoleInfo.java:shutdownFollowerState(121)) - 92ce6e48-4722-407a-9620-5998c6999257: shutdown FollowerState
2019-10-18 14:02:07,173 [Thread-2349] INFO  impl.RaftServerImpl (RaftServerImpl.java:setRole(184)) - 92ce6e48-4722-407a-9620-5998c6999257@group-E964BE911FCC: changes role from  FOLLOWER to CANDIDATE at term 348 for changeToCandidate
2019-10-18 14:02:07,173 [Thread-2349] INFO  impl.RoleInfo (RoleInfo.java:updateAndGet(143)) - 92ce6e48-4722-407a-9620-5998c6999257: start LeaderElection
2019-10-18 14:02:07,188 [92ce6e48-4722-407a-9620-5998c6999257@group-E964BE911FCC-LeaderElection318] INFO  impl.LeaderElection (LeaderElection.java:askForVotes(178)) - 92ce6e48-4722-407a-9620-5998c6999257@group-E964BE911FCC-LeaderElection318: begin an election at term 349 for -1: [6cbfae60-ea29-4abc-a49d-ef94f4bd513a:192.168.69.85:36685, 66f9d00c-1e97-4252-958c-bed5a531abda:192.168.69.85:45996, 92ce6e48-4722-407a-9620-5998c6999257:192.168.69.85:34971], old=null
2019-10-18 14:02:07,190 [grpc-default-executor-1] INFO  impl.RaftServerImpl (RaftServerImpl.java:setRole(184)) - 6cbfae60-ea29-4abc-a49d-ef94f4bd513a@group-E964BE911FCC: changes role from  FOLLOWER to FOLLOWER at term 349 for recognizeCandidate:92ce6e48-4722-407a-9620-5998c6999257
2019-10-18 14:02:07,190 [grpc-default-executor-0] INFO  impl.RaftServerImpl (RaftServerImpl.java:setRole(184)) - 66f9d00c-1e97-4252-958c-bed5a531abda@group-E964BE911FCC: changes role from  FOLLOWER to FOLLOWER at term 349 for recognizeCandidate:92ce6e48-4722-407a-9620-5998c6999257
2019-10-18 14:02:07,190 [grpc-default-executor-1] INFO  impl.RoleInfo (RoleInfo.java:shutdownFollowerState(121)) - 6cbfae60-ea29-4abc-a49d-ef94f4bd513a: shutdown FollowerState
2019-10-18 14:02:07,190 [grpc-default-executor-0] INFO  impl.RoleInfo (RoleInfo.java:shutdownFollowerState(121)) - 66f9d00c-1e97-4252-958c-bed5a531abda: shutdown FollowerState
2019-10-18 14:02:07,190 [Thread-2347] INFO  impl.FollowerState (FollowerState.java:run(117)) - 6cbfae60-ea29-4abc-a49d-ef94f4bd513a@group-E964BE911FCC-FollowerState was interrupted: java.lang.InterruptedException: sleep interrupted
2019-10-18 14:02:07,191 [Thread-2348] INFO  impl.FollowerState (FollowerState.java:run(117)) - 66f9d00c-1e97-4252-958c-bed5a531abda@group-E964BE911FCC-FollowerState was interrupted: java.lang.InterruptedException: sleep interrupted
2019-10-18 14:02:07,190 [grpc-default-executor-1] INFO  impl.RoleInfo (RoleInfo.java:updateAndGet(143)) - 6cbfae60-ea29-4abc-a49d-ef94f4bd513a: start FollowerState
2019-10-18 14:02:07,191 [grpc-default-executor-0] INFO  impl.RoleInfo (RoleInfo.java:updateAndGet(143)) - 66f9d00c-1e97-4252-958c-bed5a531abda: start FollowerState
2019-10-18 14:02:07,206 [92ce6e48-4722-407a-9620-5998c6999257@group-E964BE911FCC-LeaderElection318] INFO  impl.LeaderElection (LeaderElection.java:logAndReturn(56)) - 92ce6e48-4722-407a-9620-5998c6999257@group-E964BE911FCC-LeaderElection318: Election REJECTED; received 2 response(s) [92ce6e48-4722-407a-9620-5998c6999257<-6cbfae60-ea29-4abc-a49d-ef94f4bd513a#0:FAIL-t349, 92ce6e48-4722-407a-9620-5998c6999257<-66f9d00c-1e97-4252-958c-bed5a531abda#0:FAIL-t349] and 0 exception(s); 92ce6e48-4722-407a-9620-5998c6999257@group-E964BE911FCC:t349, leader=null, voted=92ce6e48-4722-407a-9620-5998c6999257, raftlog=92ce6e48-4722-407a-9620-5998c6999257@group-E964BE911FCC-SegmentedRaftLog:OPENED:c-1,f-1,i0, conf=-1: [6cbfae60-ea29-4abc-a49d-ef94f4bd513a:192.168.69.85:36685, 66f9d00c-1e97-4252-958c-bed5a531abda:192.168.69.85:45996, 92ce6e48-4722-407a-9620-5998c6999257:192.168.69.85:34971], old=null
2019-10-18 14:02:07,207 [92ce6e48-4722-407a-9620-5998c6999257@group-E964BE911FCC-LeaderElection318] INFO  impl.RaftServerImpl (RaftServerImpl.java:setRole(184)) - 92ce6e48-4722-407a-9620-5998c6999257@group-E964BE911FCC: changes role from CANDIDATE to FOLLOWER at term 349 for DISCOVERED_A_NEW_TERM
2019-10-18 14:02:07,207 [92ce6e48-4722-407a-9620-5998c6999257@group-E964BE911FCC-LeaderElection318] INFO  impl.RoleInfo (RoleInfo.java:shutdownLeaderElection(134)) - 92ce6e48-4722-407a-9620-5998c6999257: shutdown LeaderElection
2019-10-18 14:02:07,207 [92ce6e48-4722-407a-9620-5998c6999257@group-E964BE911FCC-LeaderElection318] INFO  impl.RoleInfo (RoleInfo.java:updateAndGet(143)) - 92ce6e48-4722-407a-9620-5998c6999257: start FollowerState
2019-10-18 14:02:07,352 [Thread-2355] INFO  impl.FollowerState (FollowerState.java:run(108)) - 92ce6e48-4722-407a-9620-5998c6999257@group-E964BE911FCC-FollowerState: change to CANDIDATE, lastRpcTime:145ms, electionTimeout:145ms
2019-10-18 14:02:07,353 [Thread-2355] INFO  impl.RoleInfo (RoleInfo.java:shutdownFollowerState(121)) - 92ce6e48-4722-407a-9620-5998c6999257: shutdown FollowerState
2019-10-18 14:02:07,353 [Thread-2355] INFO  impl.RaftServerImpl (RaftServerImpl.java:setRole(184)) - 92ce6e48-4722-407a-9620-5998c6999257@group-E964BE911FCC: changes role from  FOLLOWER to CANDIDATE at term 349 for changeToCandidate
2019-10-18 14:02:07,353 [Thread-2355] INFO  impl.RoleInfo (RoleInfo.java:updateAndGet(143)) - 92ce6e48-4722-407a-9620-5998c6999257: start LeaderElection
2019-10-18 14:02:07,367 [92ce6e48-4722-407a-9620-5998c6999257@group-E964BE911FCC-LeaderElection319] INFO  impl.LeaderElection (LeaderElection.java:askForVotes(178)) - 92ce6e48-4722-407a-9620-5998c6999257@group-E964BE911FCC-LeaderElection319: begin an election at term 350 for -1: [6cbfae60-ea29-4abc-a49d-ef94f4bd513a:192.168.69.85:36685, 66f9d00c-1e97-4252-958c-bed5a531abda:192.168.69.85:45996, 92ce6e48-4722-407a-9620-5998c6999257:192.168.69.85:34971], old=null
2019-10-18 14:02:07,369 [grpc-default-executor-0] INFO  impl.RaftServerImpl (RaftServerImpl.java:setRole(184)) - 6cbfae60-ea29-4abc-a49d-ef94f4bd513a@group-E964BE911FCC: changes role from  FOLLOWER to FOLLOWER at term 350 for recognizeCandidate:92ce6e48-4722-407a-9620-5998c6999257
2019-10-18 14:02:07,369 [grpc-default-executor-1] INFO  impl.RaftServerImpl (RaftServerImpl.java:setRole(184)) - 66f9d00c-1e97-4252-958c-bed5a531abda@group-E964BE911FCC: changes role from  FOLLOWER to FOLLOWER at term 350 for recognizeCandidate:92ce6e48-4722-407a-9620-5998c6999257
2019-10-18 14:02:07,369 [grpc-default-executor-0] INFO  impl.RoleInfo (RoleInfo.java:shutdownFollowerState(121)) - 6cbfae60-ea29-4abc-a49d-ef94f4bd513a: shutdown FollowerState
2019-10-18 14:02:07,369 [grpc-default-executor-1] INFO  impl.RoleInfo (RoleInfo.java:shutdownFollowerState(121)) - 66f9d00c-1e97-4252-958c-bed5a531abda: shutdown FollowerState
2019-10-18 14:02:07,369 [Thread-2353] INFO  impl.FollowerState (FollowerState.java:run(117)) - 6cbfae60-ea29-4abc-a49d-ef94f4bd513a@group-E964BE911FCC-FollowerState was interrupted: java.lang.InterruptedException: sleep interrupted
2019-10-18 14:02:07,369 [Thread-2354] INFO  impl.FollowerState (FollowerState.java:run(117)) - 66f9d00c-1e97-4252-958c-bed5a531abda@group-E964BE911FCC-FollowerState was interrupted: java.lang.InterruptedException: sleep interrupted
2019-10-18 14:02:07,369 [grpc-default-executor-0] INFO  impl.RoleInfo (RoleInfo.java:updateAndGet(143)) - 6cbfae60-ea29-4abc-a49d-ef94f4bd513a: start FollowerState
2019-10-18 14:02:07,369 [grpc-default-executor-1] INFO  impl.RoleInfo (RoleInfo.java:updateAndGet(143)) - 66f9d00c-1e97-4252-958c-bed5a531abda: start FollowerState
2019-10-18 14:02:07,396 [92ce6e48-4722-407a-9620-5998c6999257@group-E964BE911FCC-LeaderElection319] INFO  impl.LeaderElection (LeaderElection.java:logAndReturn(56)) - 92ce6e48-4722-407a-9620-5998c6999257@group-E964BE911FCC-LeaderElection319: Election REJECTED; received 2 response(s) [92ce6e48-4722-407a-9620-5998c6999257<-6cbfae60-ea29-4abc-a49d-ef94f4bd513a#0:FAIL-t350, 92ce6e48-4722-407a-9620-5998c6999257<-66f9d00c-1e97-4252-958c-bed5a531abda#0:FAIL-t350] and 0 exception(s); 92ce6e48-4722-407a-9620-5998c6999257@group-E964BE911FCC:t350, leader=null, voted=92ce6e48-4722-407a-9620-5998c6999257, raftlog=92ce6e48-4722-407a-9620-5998c6999257@group-E964BE911FCC-SegmentedRaftLog:OPENED:c-1,f-1,i0, conf=-1: [6cbfae60-ea29-4abc-a49d-ef94f4bd513a:192.168.69.85:36685, 66f9d00c-1e97-4252-958c-bed5a531abda:192.168.69.85:45996, 92ce6e48-4722-407a-9620-5998c6999257:192.168.69.85:34971], old=null
2019-10-18 14:02:07,396 [92ce6e48-4722-407a-9620-5998c6999257@group-E964BE911FCC-LeaderElection319] INFO  impl.RaftServerImpl (RaftServerImpl.java:setRole(184)) - 92ce6e48-4722-407a-9620-5998c6999257@group-E964BE911FCC: changes role from CANDIDATE to FOLLOWER at term 350 for DISCOVERED_A_NEW_TERM
2019-10-18 14:02:07,396 [92ce6e48-4722-407a-9620-5998c6999257@group-E964BE911FCC-LeaderElection319] INFO  impl.RoleInfo (RoleInfo.java:shutdownLeaderElection(134)) - 92ce6e48-4722-407a-9620-5998c6999257: shutdown LeaderElection
2019-10-18 14:02:07,396 [92ce6e48-4722-407a-9620-5998c6999257@group-E964BE911FCC-LeaderElection319] INFO  impl.RoleInfo (RoleInfo.java:updateAndGet(143)) - 92ce6e48-4722-407a-9620-5998c6999257: start FollowerState
2019-10-18 14:02:07,483 [Thread-2361] INFO  impl.FollowerState (FollowerState.java:run(108)) - 92ce6e48-4722-407a-9620-5998c6999257@group-E964BE911FCC-FollowerState: change to CANDIDATE, lastRpcTime:86ms, electionTimeout:86ms
2019-10-18 14:02:07,483 [Thread-2361] INFO  impl.RoleInfo (RoleInfo.java:shutdownFollowerState(121)) - 92ce6e48-4722-407a-9620-5998c6999257: shutdown FollowerState
2019-10-18 14:02:07,483 [Thread-2361] INFO  impl.RaftServerImpl (RaftServerImpl.java:setRole(184)) - 92ce6e48-4722-407a-9620-5998c6999257@group-E964BE911FCC: changes role from  FOLLOWER to CANDIDATE at term 350 for changeToCandidate
2019-10-18 14:02:07,483 [Thread-2361] INFO  impl.RoleInfo (RoleInfo.java:updateAndGet(143)) - 92ce6e48-4722-407a-9620-5998c6999257: start LeaderElection
2019-10-18 14:02:07,499 [92ce6e48-4722-407a-9620-5998c6999257@group-E964BE911FCC-LeaderElection320] INFO  impl.LeaderElection (LeaderElection.java:askForVotes(178)) - 92ce6e48-4722-407a-9620-5998c6999257@group-E964BE911FCC-LeaderElection320: begin an election at term 351 for -1: [6cbfae60-ea29-4abc-a49d-ef94f4bd513a:192.168.69.85:36685, 66f9d00c-1e97-4252-958c-bed5a531abda:192.168.69.85:45996, 92ce6e48-4722-407a-9620-5998c6999257:192.168.69.85:34971], old=null
2019-10-18 14:02:07,500 [grpc-default-executor-1] INFO  impl.RaftServerImpl (RaftServerImpl.java:setRole(184)) - 6cbfae60-ea29-4abc-a49d-ef94f4bd513a@group-E964BE911FCC: changes role from  FOLLOWER to FOLLOWER at term 351 for recognizeCandidate:92ce6e48-4722-407a-9620-5998c6999257
2019-10-18 14:02:07,500 [grpc-default-executor-1] INFO  impl.RoleInfo (RoleInfo.java:shutdownFollowerState(121)) - 6cbfae60-ea29-4abc-a49d-ef94f4bd513a: shutdown FollowerState
2019-10-18 14:02:07,500 [grpc-default-executor-0] INFO  impl.RaftServerImpl (RaftServerImpl.java:setRole(184)) - 66f9d00c-1e97-4252-958c-bed5a531abda@group-E964BE911FCC: changes role from  FOLLOWER to FOLLOWER at term 351 for recognizeCandidate:92ce6e48-4722-407a-9620-5998c6999257
2019-10-18 14:02:07,501 [grpc-default-executor-0] INFO  impl.RoleInfo (RoleInfo.java:shutdownFollowerState(121)) - 66f9d00c-1e97-4252-958c-bed5a531abda: shutdown FollowerState
2019-10-18 14:02:07,501 [Thread-2359] INFO  impl.FollowerState (FollowerState.java:run(117)) - 6cbfae60-ea29-4abc-a49d-ef94f4bd513a@group-E964BE911FCC-FollowerState was interrupted: java.lang.InterruptedException: sleep interrupted
2019-10-18 14:02:07,501 [grpc-default-executor-1] INFO  impl.RoleInfo (RoleInfo.java:updateAndGet(143)) - 6cbfae60-ea29-4abc-a49d-ef94f4bd513a: start FollowerState
2019-10-18 14:02:07,501 [Thread-2360] INFO  impl.FollowerState (FollowerState.java:run(117)) - 66f9d00c-1e97-4252-958c-bed5a531abda@group-E964BE911FCC-FollowerState was interrupted: java.lang.InterruptedException: sleep interrupted
2019-10-18 14:02:07,501 [grpc-default-executor-0] INFO  impl.RoleInfo (RoleInfo.java:updateAndGet(143)) - 66f9d00c-1e97-4252-958c-bed5a531abda: start FollowerState
2019-10-18 14:02:07,527 [92ce6e48-4722-407a-9620-5998c6999257@group-E964BE911FCC-LeaderElection320] INFO  impl.LeaderElection (LeaderElection.java:logAndReturn(56)) - 92ce6e48-4722-407a-9620-5998c6999257@group-E964BE911FCC-LeaderElection320: Election REJECTED; received 2 response(s) [92ce6e48-4722-407a-9620-5998c6999257<-6cbfae60-ea29-4abc-a49d-ef94f4bd513a#0:FAIL-t351, 92ce6e48-4722-407a-9620-5998c6999257<-66f9d00c-1e97-4252-958c-bed5a531abda#0:FAIL-t351] and 0 exception(s); 92ce6e48-4722-407a-9620-5998c6999257@group-E964BE911FCC:t351, leader=null, voted=92ce6e48-4722-407a-9620-5998c6999257, raftlog=92ce6e48-4722-407a-9620-5998c6999257@group-E964BE911FCC-SegmentedRaftLog:OPENED:c-1,f-1,i0, conf=-1: [6cbfae60-ea29-4abc-a49d-ef94f4bd513a:192.168.69.85:36685, 66f9d00c-1e97-4252-958c-bed5a531abda:192.168.69.85:45996, 92ce6e48-4722-407a-9620-5998c6999257:192.168.69.85:34971], old=null
2019-10-18 14:02:07,527 [92ce6e48-4722-407a-9620-5998c6999257@group-E964BE911FCC-LeaderElection320] INFO  impl.RaftServerImpl (RaftServerImpl.java:setRole(184)) - 92ce6e48-4722-407a-9620-5998c6999257@group-E964BE911FCC: changes role from CANDIDATE to FOLLOWER at term 351 for DISCOVERED_A_NEW_TERM
2019-10-18 14:02:07,527 [92ce6e48-4722-407a-9620-5998c6999257@group-E964BE911FCC-LeaderElection320] INFO  impl.RoleInfo (RoleInfo.java:shutdownLeaderElection(134)) - 92ce6e48-4722-407a-9620-5998c6999257: shutdown LeaderElection
2019-10-18 14:02:07,527 [92ce6e48-4722-407a-9620-5998c6999257@group-E964BE911FCC-LeaderElection320] INFO  impl.RoleInfo (RoleInfo.java:updateAndGet(143)) - 92ce6e48-4722-407a-9620-5998c6999257: start FollowerState
2019-10-18 14:02:07,625 [Thread-2369] INFO  impl.FollowerState (FollowerState.java:run(108)) - 92ce6e48-4722-407a-9620-5998c6999257@group-E964BE911FCC-FollowerState: change to CANDIDATE, lastRpcTime:97ms, electionTimeout:97ms
2019-10-18 14:02:07,625 [Thread-2369] INFO  impl.RoleInfo (RoleInfo.java:shutdownFollowerState(121)) - 92ce6e48-4722-407a-9620-5998c6999257: shutdown FollowerState
2019-10-18 14:02:07,625 [Thread-2369] INFO  impl.RaftServerImpl (RaftServerImpl.java:setRole(184)) - 92ce6e48-4722-407a-9620-5998c6999257@group-E964BE911FCC: changes role from  FOLLOWER to CANDIDATE at term 351 for changeToCandidate
2019-10-18 14:02:07,625 [Thread-2369] INFO  impl.RoleInfo (RoleInfo.java:updateAndGet(143)) - 92ce6e48-4722-407a-9620-5998c6999257: start LeaderElection
2019-10-18 14:02:07,651 [92ce6e48-4722-407a-9620-5998c6999257@group-E964BE911FCC-LeaderElection321] INFO  impl.LeaderElection (LeaderElection.java:askForVotes(178)) - 92ce6e48-4722-407a-9620-5998c6999257@group-E964BE911FCC-LeaderElection321: begin an election at term 352 for -1: [6cbfae60-ea29-4abc-a49d-ef94f4bd513a:192.168.69.85:36685, 66f9d00c-1e97-4252-958c-bed5a531abda:192.168.69.85:45996, 92ce6e48-4722-407a-9620-5998c6999257:192.168.69.85:34971], old=null
2019-10-18 14:02:07,653 [grpc-default-executor-0] INFO  impl.RaftServerImpl (RaftServerImpl.java:setRole(184)) - 6cbfae60-ea29-4abc-a49d-ef94f4bd513a@group-E964BE911FCC: changes role from  FOLLOWER to FOLLOWER at term 352 for recognizeCandidate:92ce6e48-4722-407a-9620-5998c6999257
2019-10-18 14:02:07,653 [grpc-default-executor-1] INFO  impl.RaftServerImpl (RaftServerImpl.java:setRole(184)) - 66f9d00c-1e97-4252-958c-bed5a531abda@group-E964BE911FCC: changes role from  FOLLOWER to FOLLOWER at term 352 for recognizeCandidate:92ce6e48-4722-407a-9620-5998c6999257
2019-10-18 14:02:07,654 [grpc-default-executor-1] INFO  impl.RoleInfo (RoleInfo.java:shutdownFollowerState(121)) - 66f9d00c-1e97-4252-958c-bed5a531abda: shutdown FollowerState
2019-10-18 14:02:07,653 [grpc-default-executor-0] INFO  impl.RoleInfo (RoleInfo.java:shutdownFollowerState(121)) - 6cbfae60-ea29-4abc-a49d-ef94f4bd513a: shutdown FollowerState
2019-10-18 14:02:07,654 [Thread-2368] INFO  impl.FollowerState (FollowerState.java:run(117)) - 66f9d00c-1e97-4252-958c-bed5a531abda@group-E964BE911FCC-FollowerState was interrupted: java.lang.InterruptedException: sleep interrupted
2019-10-18 14:02:07,654 [grpc-default-executor-1] INFO  impl.RoleInfo (RoleInfo.java:updateAndGet(143)) - 66f9d00c-1e97-4252-958c-bed5a531abda: start FollowerState
2019-10-18 14:02:07,654 [Thread-2367] INFO  impl.FollowerState (FollowerState.java:run(117)) - 6cbfae60-ea29-4abc-a49d-ef94f4bd513a@group-E964BE911FCC-FollowerState was interrupted: java.lang.InterruptedException: sleep interrupted
2019-10-18 14:02:07,654 [grpc-default-executor-0] INFO  impl.RoleInfo (RoleInfo.java:updateAndGet(143)) - 6cbfae60-ea29-4abc-a49d-ef94f4bd513a: start FollowerState
2019-10-18 14:02:07,680 [92ce6e48-4722-407a-9620-5998c6999257@group-E964BE911FCC-LeaderElection321] INFO  impl.LeaderElection (LeaderElection.java:logAndReturn(56)) - 92ce6e48-4722-407a-9620-5998c6999257@group-E964BE911FCC-LeaderElection321: Election REJECTED; received 2 response(s) [92ce6e48-4722-407a-9620-5998c6999257<-6cbfae60-ea29-4abc-a49d-ef94f4bd513a#0:FAIL-t352, 92ce6e48-4722-407a-9620-5998c6999257<-66f9d00c-1e97-4252-958c-bed5a531abda#0:FAIL-t352] and 0 exception(s); 92ce6e48-4722-407a-9620-5998c6999257@group-E964BE911FCC:t352, leader=null, voted=92ce6e48-4722-407a-9620-5998c6999257, raftlog=92ce6e48-4722-407a-9620-5998c6999257@group-E964BE911FCC-SegmentedRaftLog:OPENED:c-1,f-1,i0, conf=-1: [6cbfae60-ea29-4abc-a49d-ef94f4bd513a:192.168.69.85:36685, 66f9d00c-1e97-4252-958c-bed5a531abda:192.168.69.85:45996, 92ce6e48-4722-407a-9620-5998c6999257:192.168.69.85:34971], old=null
2019-10-18 14:02:07,680 [92ce6e48-4722-407a-9620-5998c6999257@group-E964BE911FCC-LeaderElection321] INFO  impl.RaftServerImpl (RaftServerImpl.java:setRole(184)) - 92ce6e48-4722-407a-9620-5998c6999257@group-E964BE911FCC: changes role from CANDIDATE to FOLLOWER at term 352 for DISCOVERED_A_NEW_TERM
2019-10-18 14:02:07,680 [92ce6e48-4722-407a-9620-5998c6999257@group-E964BE911FCC-LeaderElection321] INFO  impl.RoleInfo (RoleInfo.java:shutdownLeaderElection(134)) - 92ce6e48-4722-407a-9620-5998c6999257: shutdown LeaderElection
2019-10-18 14:02:07,680 [92ce6e48-4722-407a-9620-5998c6999257@group-E964BE911FCC-LeaderElection321] INFO  impl.RoleInfo (RoleInfo.java:updateAndGet(143)) - 92ce6e48-4722-407a-9620-5998c6999257: start FollowerState
2019-10-18 14:02:07,861 [Thread-2375] INFO  impl.FollowerState (FollowerState.java:run(108)) - 92ce6e48-4722-407a-9620-5998c6999257@group-E964BE911FCC-FollowerState: change to CANDIDATE, lastRpcTime:180ms, electionTimeout:180ms
2019-10-18 14:02:07,861 [Thread-2375] INFO  impl.RoleInfo (RoleInfo.java:shutdownFollowerState(121)) - 92ce6e48-4722-407a-9620-5998c6999257: shutdown FollowerState
2019-10-18 14:02:07,861 [Thread-2375] INFO  impl.RaftServerImpl (RaftServerImpl.java:setRole(184)) - 92ce6e48-4722-407a-9620-5998c6999257@group-E964BE911FCC: changes role from  FOLLOWER to CANDIDATE at term 352 for changeToCandidate
2019-10-18 14:02:07,861 [Thread-2375] INFO  impl.RoleInfo (RoleInfo.java:updateAndGet(143)) - 92ce6e48-4722-407a-9620-5998c6999257: start LeaderElection
2019-10-18 14:02:07,875 [92ce6e48-4722-407a-9620-5998c6999257@group-E964BE911FCC-LeaderElection322] INFO  impl.LeaderElection (LeaderElection.java:askForVotes(178)) - 92ce6e48-4722-407a-9620-5998c6999257@group-E964BE911FCC-LeaderElection322: begin an election at term 353 for -1: [6cbfae60-ea29-4abc-a49d-ef94f4bd513a:192.168.69.85:36685, 66f9d00c-1e97-4252-958c-bed5a531abda:192.168.69.85:45996, 92ce6e48-4722-407a-9620-5998c6999257:192.168.69.85:34971], old=null
2019-10-18 14:02:07,877 [grpc-default-executor-1] INFO  impl.RaftServerImpl (RaftServerImpl.java:setRole(184)) - 66f9d00c-1e97-4252-958c-bed5a531abda@group-E964BE911FCC: changes role from  FOLLOWER to FOLLOWER at term 353 for recognizeCandidate:92ce6e48-4722-407a-9620-5998c6999257
2019-10-18 14:02:07,877 [grpc-default-executor-0] INFO  impl.RaftServerImpl (RaftServerImpl.java:setRole(184)) - 6cbfae60-ea29-4abc-a49d-ef94f4bd513a@group-E964BE911FCC: changes role from  FOLLOWER to FOLLOWER at term 353 for recognizeCandidate:92ce6e48-4722-407a-9620-5998c6999257
2019-10-18 14:02:07,877 [grpc-default-executor-0] INFO  impl.RoleInfo (RoleInfo.java:shutdownFollowerState(121)) - 6cbfae60-ea29-4abc-a49d-ef94f4bd513a: shutdown FollowerState
2019-10-18 14:02:07,877 [grpc-default-executor-1] INFO  impl.RoleInfo (RoleInfo.java:shutdownFollowerState(121)) - 66f9d00c-1e97-4252-958c-bed5a531abda: shutdown FollowerState
2019-10-18 14:02:07,877 [Thread-2374] INFO  impl.FollowerState (FollowerState.java:run(117)) - 6cbfae60-ea29-4abc-a49d-ef94f4bd513a@group-E964BE911FCC-FollowerState was interrupted: java.lang.InterruptedException: sleep interrupted
2019-10-18 14:02:07,877 [grpc-default-executor-0] INFO  impl.RoleInfo (RoleInfo.java:updateAndGet(143)) - 6cbfae60-ea29-4abc-a49d-ef94f4bd513a: start FollowerState
2019-10-18 14:02:07,878 [Thread-2373] INFO  impl.FollowerState (FollowerState.java:run(117)) - 66f9d00c-1e97-4252-958c-bed5a531abda@group-E964BE911FCC-FollowerState was interrupted: java.lang.InterruptedException: sleep interrupted
2019-10-18 14:02:07,878 [grpc-default-executor-1] INFO  impl.RoleInfo (RoleInfo.java:updateAndGet(143)) - 66f9d00c-1e97-4252-958c-bed5a531abda: start FollowerState
2019-10-18 14:02:07,912 [92ce6e48-4722-407a-9620-5998c6999257@group-E964BE911FCC-LeaderElection322] INFO  impl.LeaderElection (LeaderElection.java:logAndReturn(56)) - 92ce6e48-4722-407a-9620-5998c6999257@group-E964BE911FCC-LeaderElection322: Election REJECTED; received 2 response(s) [92ce6e48-4722-407a-9620-5998c6999257<-6cbfae60-ea29-4abc-a49d-ef94f4bd513a#0:FAIL-t353, 92ce6e48-4722-407a-9620-5998c6999257<-66f9d00c-1e97-4252-958c-bed5a531abda#0:FAIL-t353] and 0 exception(s); 92ce6e48-4722-407a-9620-5998c6999257@group-E964BE911FCC:t353, leader=null, voted=92ce6e48-4722-407a-9620-5998c6999257, raftlog=92ce6e48-4722-407a-9620-5998c6999257@group-E964BE911FCC-SegmentedRaftLog:OPENED:c-1,f-1,i0, conf=-1: [6cbfae60-ea29-4abc-a49d-ef94f4bd513a:192.168.69.85:36685, 66f9d00c-1e97-4252-958c-bed5a531abda:192.168.69.85:45996, 92ce6e48-4722-407a-9620-5998c6999257:192.168.69.85:34971], old=null
2019-10-18 14:02:07,912 [92ce6e48-4722-407a-9620-5998c6999257@group-E964BE911FCC-LeaderElection322] INFO  impl.RaftServerImpl (RaftServerImpl.java:setRole(184)) - 92ce6e48-4722-407a-9620-5998c6999257@group-E964BE911FCC: changes role from CANDIDATE to FOLLOWER at term 353 for DISCOVERED_A_NEW_TERM
2019-10-18 14:02:07,913 [92ce6e48-4722-407a-9620-5998c6999257@group-E964BE911FCC-LeaderElection322] INFO  impl.RoleInfo (RoleInfo.java:shutdownLeaderElection(134)) - 92ce6e48-4722-407a-9620-5998c6999257: shutdown LeaderElection
2019-10-18 14:02:07,913 [92ce6e48-4722-407a-9620-5998c6999257@group-E964BE911FCC-LeaderElection322] INFO  impl.RoleInfo (RoleInfo.java:updateAndGet(143)) - 92ce6e48-4722-407a-9620-5998c6999257: start FollowerState
2019-10-18 14:02:08,062 [Thread-2381] INFO  impl.FollowerState (FollowerState.java:run(108)) - 92ce6e48-4722-407a-9620-5998c6999257@group-E964BE911FCC-FollowerState: change to CANDIDATE, lastRpcTime:149ms, electionTimeout:149ms
2019-10-18 14:02:08,062 [Thread-2381] INFO  impl.RoleInfo (RoleInfo.java:shutdownFollowerState(121)) - 92ce6e48-4722-407a-9620-5998c6999257: shutdown FollowerState
2019-10-18 14:02:08,063 [Thread-2381] INFO  impl.RaftServerImpl (RaftServerImpl.java:setRole(184)) - 92ce6e48-4722-407a-9620-5998c6999257@group-E964BE911FCC: changes role from  FOLLOWER to CANDIDATE at term 353 for changeToCandidate
2019-10-18 14:02:08,063 [Thread-2381] INFO  impl.RoleInfo (RoleInfo.java:updateAndGet(143)) - 92ce6e48-4722-407a-9620-5998c6999257: start LeaderElection
2019-10-18 14:02:08,076 [92ce6e48-4722-407a-9620-5998c6999257@group-E964BE911FCC-LeaderElection323] INFO  impl.LeaderElection (LeaderElection.java:askForVotes(178)) - 92ce6e48-4722-407a-9620-5998c6999257@group-E964BE911FCC-LeaderElection323: begin an election at term 354 for -1: [6cbfae60-ea29-4abc-a49d-ef94f4bd513a:192.168.69.85:36685, 66f9d00c-1e97-4252-958c-bed5a531abda:192.168.69.85:45996, 92ce6e48-4722-407a-9620-5998c6999257:192.168.69.85:34971], old=null
2019-10-18 14:02:08,079 [grpc-default-executor-0] INFO  impl.RaftServerImpl (RaftServerImpl.java:setRole(184)) - 6cbfae60-ea29-4abc-a49d-ef94f4bd513a@group-E964BE911FCC: changes role from  FOLLOWER to FOLLOWER at term 354 for recognizeCandidate:92ce6e48-4722-407a-9620-5998c6999257
2019-10-18 14:02:08,079 [grpc-default-executor-0] INFO  impl.RoleInfo (RoleInfo.java:shutdownFollowerState(121)) - 6cbfae60-ea29-4abc-a49d-ef94f4bd513a: shutdown FollowerState
2019-10-18 14:02:08,079 [grpc-default-executor-1] INFO  impl.RaftServerImpl (RaftServerImpl.java:setRole(184)) - 66f9d00c-1e97-4252-958c-bed5a531abda@group-E964BE911FCC: changes role from  FOLLOWER to FOLLOWER at term 354 for recognizeCandidate:92ce6e48-4722-407a-9620-5998c6999257
2019-10-18 14:02:08,079 [grpc-default-executor-1] INFO  impl.RoleInfo (RoleInfo.java:shutdownFollowerState(121)) - 66f9d00c-1e97-4252-958c-bed5a531abda: shutdown FollowerState
2019-10-18 14:02:08,079 [Thread-2379] INFO  impl.FollowerState (FollowerState.java:run(117)) - 6cbfae60-ea29-4abc-a49d-ef94f4bd513a@group-E964BE911FCC-FollowerState was interrupted: java.lang.InterruptedException: sleep interrupted
2019-10-18 14:02:08,079 [grpc-default-executor-0] INFO  impl.RoleInfo (RoleInfo.java:updateAndGet(143)) - 6cbfae60-ea29-4abc-a49d-ef94f4bd513a: start FollowerState
2019-10-18 14:02:08,079 [Thread-2380] INFO  impl.FollowerState (FollowerState.java:run(117)) - 66f9d00c-1e97-4252-958c-bed5a531abda@group-E964BE911FCC-FollowerState was interrupted: java.lang.InterruptedException: sleep interrupted
2019-10-18 14:02:08,079 [grpc-default-executor-1] INFO  impl.RoleInfo (RoleInfo.java:updateAndGet(143)) - 66f9d00c-1e97-4252-958c-bed5a531abda: start FollowerState
2019-10-18 14:02:08,093 [92ce6e48-4722-407a-9620-5998c6999257@group-E964BE911FCC-LeaderElection323] INFO  impl.LeaderElection (LeaderElection.java:logAndReturn(56)) - 92ce6e48-4722-407a-9620-5998c6999257@group-E964BE911FCC-LeaderElection323: Election REJECTED; received 2 response(s) [92ce6e48-4722-407a-9620-5998c6999257<-6cbfae60-ea29-4abc-a49d-ef94f4bd513a#0:FAIL-t354, 92ce6e48-4722-407a-9620-5998c6999257<-66f9d00c-1e97-4252-958c-bed5a531abda#0:FAIL-t354] and 0 exception(s); 92ce6e48-4722-407a-9620-5998c6999257@group-E964BE911FCC:t354, leader=null, voted=92ce6e48-4722-407a-9620-5998c6999257, raftlog=92ce6e48-4722-407a-9620-5998c6999257@group-E964BE911FCC-SegmentedRaftLog:OPENED:c-1,f-1,i0, conf=-1: [6cbfae60-ea29-4abc-a49d-ef94f4bd513a:192.168.69.85:36685, 66f9d00c-1e97-4252-958c-bed5a531abda:192.168.69.85:45996, 92ce6e48-4722-407a-9620-5998c6999257:192.168.69.85:34971], old=null
2019-10-18 14:02:08,093 [92ce6e48-4722-407a-9620-5998c6999257@group-E964BE911FCC-LeaderElection323] INFO  impl.RaftServerImpl (RaftServerImpl.java:setRole(184)) - 92ce6e48-4722-407a-9620-5998c6999257@group-E964BE911FCC: changes role from CANDIDATE to FOLLOWER at term 354 for DISCOVERED_A_NEW_TERM
2019-10-18 14:02:08,094 [92ce6e48-4722-407a-9620-5998c6999257@group-E964BE911FCC-LeaderElection323] INFO  impl.RoleInfo (RoleInfo.java:shutdownLeaderElection(134)) - 92ce6e48-4722-407a-9620-5998c6999257: shutdown LeaderElection
2019-10-18 14:02:08,094 [92ce6e48-4722-407a-9620-5998c6999257@group-E964BE911FCC-LeaderElection323] INFO  impl.RoleInfo (RoleInfo.java:updateAndGet(143)) - 92ce6e48-4722-407a-9620-5998c6999257: start FollowerState
2019-10-18 14:02:08,095 [Thread-2387] INFO  impl.FollowerState (FollowerState.java:run(108)) - 92ce6e48-4722-407a-9620-5998c6999257@group-E964BE911FCC-FollowerState: change to CANDIDATE, lastRpcTime:1ms, electionTimeout:1ms
2019-10-18 14:02:08,095 [Thread-2387] INFO  impl.RoleInfo (RoleInfo.java:shutdownFollowerState(121)) - 92ce6e48-4722-407a-9620-5998c6999257: shutdown FollowerState
2019-10-18 14:02:08,095 [Thread-2387] INFO  impl.RaftServerImpl (RaftServerImpl.java:setRole(184)) - 92ce6e48-4722-407a-9620-5998c6999257@group-E964BE911FCC: changes role from  FOLLOWER to CANDIDATE at term 354 for changeToCandidate
2019-10-18 14:02:08,095 [Thread-2387] INFO  impl.RoleInfo (RoleInfo.java:updateAndGet(143)) - 92ce6e48-4722-407a-9620-5998c6999257: start LeaderElection
2019-10-18 14:02:08,109 [92ce6e48-4722-407a-9620-5998c6999257@group-E964BE911FCC-LeaderElection324] INFO  impl.LeaderElection (LeaderElection.java:askForVotes(178)) - 92ce6e48-4722-407a-9620-5998c6999257@group-E964BE911FCC-LeaderElection324: begin an election at term 355 for -1: [6cbfae60-ea29-4abc-a49d-ef94f4bd513a:192.168.69.85:36685, 66f9d00c-1e97-4252-958c-bed5a531abda:192.168.69.85:45996, 92ce6e48-4722-407a-9620-5998c6999257:192.168.69.85:34971], old=null
2019-10-18 14:02:08,110 [grpc-default-executor-0] INFO  impl.RaftServerImpl (RaftServerImpl.java:setRole(184)) - 6cbfae60-ea29-4abc-a49d-ef94f4bd513a@group-E964BE911FCC: changes role from  FOLLOWER to FOLLOWER at term 355 for recognizeCandidate:92ce6e48-4722-407a-9620-5998c6999257
2019-10-18 14:02:08,111 [grpc-default-executor-1] INFO  impl.RaftServerImpl (RaftServerImpl.java:setRole(184)) - 66f9d00c-1e97-4252-958c-bed5a531abda@group-E964BE911FCC: changes role from  FOLLOWER to FOLLOWER at term 355 for recognizeCandidate:92ce6e48-4722-407a-9620-5998c6999257
2019-10-18 14:02:08,111 [grpc-default-executor-1] INFO  impl.RoleInfo (RoleInfo.java:shutdownFollowerState(121)) - 66f9d00c-1e97-4252-958c-bed5a531abda: shutdown FollowerState
2019-10-18 14:02:08,111 [grpc-default-executor-0] INFO  impl.RoleInfo (RoleInfo.java:shutdownFollowerState(121)) - 6cbfae60-ea29-4abc-a49d-ef94f4bd513a: shutdown FollowerState
2019-10-18 14:02:08,111 [grpc-default-executor-1] INFO  impl.RoleInfo (RoleInfo.java:updateAndGet(143)) - 66f9d00c-1e97-4252-958c-bed5a531abda: start FollowerState
2019-10-18 14:02:08,111 [Thread-2386] INFO  impl.FollowerState (FollowerState.java:run(117)) - 66f9d00c-1e97-4252-958c-bed5a531abda@group-E964BE911FCC-FollowerState was interrupted: java.lang.InterruptedException: sleep interrupted
2019-10-18 14:02:08,111 [Thread-2385] INFO  impl.FollowerState (FollowerState.java:run(117)) - 6cbfae60-ea29-4abc-a49d-ef94f4bd513a@group-E964BE911FCC-FollowerState was interrupted: java.lang.InterruptedException: sleep interrupted
2019-10-18 14:02:08,111 [grpc-default-executor-0] INFO  impl.RoleInfo (RoleInfo.java:updateAndGet(143)) - 6cbfae60-ea29-4abc-a49d-ef94f4bd513a: start FollowerState
2019-10-18 14:02:08,125 [92ce6e48-4722-407a-9620-5998c6999257@group-E964BE911FCC-LeaderElection324] INFO  impl.LeaderElection (LeaderElection.java:logAndReturn(56)) - 92ce6e48-4722-407a-9620-5998c6999257@group-E964BE911FCC-LeaderElection324: Election REJECTED; received 2 response(s) [92ce6e48-4722-407a-9620-5998c6999257<-6cbfae60-ea29-4abc-a49d-ef94f4bd513a#0:FAIL-t355, 92ce6e48-4722-407a-9620-5998c6999257<-66f9d00c-1e97-4252-958c-bed5a531abda#0:FAIL-t355] and 0 exception(s); 92ce6e48-4722-407a-9620-5998c6999257@group-E964BE911FCC:t355, leader=null, voted=92ce6e48-4722-407a-9620-5998c6999257, raftlog=92ce6e48-4722-407a-9620-5998c6999257@group-E964BE911FCC-SegmentedRaftLog:OPENED:c-1,f-1,i0, conf=-1: [6cbfae60-ea29-4abc-a49d-ef94f4bd513a:192.168.69.85:36685, 66f9d00c-1e97-4252-958c-bed5a531abda:192.168.69.85:45996, 92ce6e48-4722-407a-9620-5998c6999257:192.168.69.85:34971], old=null
2019-10-18 14:02:08,125 [92ce6e48-4722-407a-9620-5998c6999257@group-E964BE911FCC-LeaderElection324] INFO  impl.RaftServerImpl (RaftServerImpl.java:setRole(184)) - 92ce6e48-4722-407a-9620-5998c6999257@group-E964BE911FCC: changes role from CANDIDATE to FOLLOWER at term 355 for DISCOVERED_A_NEW_TERM
2019-10-18 14:02:08,126 [92ce6e48-4722-407a-9620-5998c6999257@group-E964BE911FCC-LeaderElection324] INFO  impl.RoleInfo (RoleInfo.java:shutdownLeaderElection(134)) - 92ce6e48-4722-407a-9620-5998c6999257: shutdown LeaderElection
2019-10-18 14:02:08,126 [92ce6e48-4722-407a-9620-5998c6999257@group-E964BE911FCC-LeaderElection324] INFO  impl.RoleInfo (RoleInfo.java:updateAndGet(143)) - 92ce6e48-4722-407a-9620-5998c6999257: start FollowerState
2019-10-18 14:02:08,278 [Thread-2393] INFO  impl.FollowerState (FollowerState.java:run(108)) - 92ce6e48-4722-407a-9620-5998c6999257@group-E964BE911FCC-FollowerState: change to CANDIDATE, lastRpcTime:152ms, electionTimeout:152ms
2019-10-18 14:02:08,278 [Thread-2393] INFO  impl.RoleInfo (RoleInfo.java:shutdownFollowerState(121)) - 92ce6e48-4722-407a-9620-5998c6999257: shutdown FollowerState
2019-10-18 14:02:08,278 [Thread-2393] INFO  impl.RaftServerImpl (RaftServerImpl.java:setRole(184)) - 92ce6e48-4722-407a-9620-5998c6999257@group-E964BE911FCC: changes role from  FOLLOWER to CANDIDATE at term 355 for changeToCandidate
2019-10-18 14:02:08,279 [Thread-2393] INFO  impl.RoleInfo (RoleInfo.java:updateAndGet(143)) - 92ce6e48-4722-407a-9620-5998c6999257: start LeaderElection
2019-10-18 14:02:08,293 [92ce6e48-4722-407a-9620-5998c6999257@group-E964BE911FCC-LeaderElection325] INFO  impl.LeaderElection (LeaderElection.java:askForVotes(178)) - 92ce6e48-4722-407a-9620-5998c6999257@group-E964BE911FCC-LeaderElection325: begin an election at term 356 for -1: [6cbfae60-ea29-4abc-a49d-ef94f4bd513a:192.168.69.85:36685, 66f9d00c-1e97-4252-958c-bed5a531abda:192.168.69.85:45996, 92ce6e48-4722-407a-9620-5998c6999257:192.168.69.85:34971], old=null
2019-10-18 14:02:08,295 [grpc-default-executor-1] INFO  impl.RaftServerImpl (RaftServerImpl.java:setRole(184)) - 66f9d00c-1e97-4252-958c-bed5a531abda@group-E964BE911FCC: changes role from  FOLLOWER to FOLLOWER at term 356 for recognizeCandidate:92ce6e48-4722-407a-9620-5998c6999257
2019-10-18 14:02:08,295 [grpc-default-executor-0] INFO  impl.RaftServerImpl (RaftServerImpl.java:setRole(184)) - 6cbfae60-ea29-4abc-a49d-ef94f4bd513a@group-E964BE911FCC: changes role from  FOLLOWER to FOLLOWER at term 356 for recognizeCandidate:92ce6e48-4722-407a-9620-5998c6999257
2019-10-18 14:02:08,295 [grpc-default-executor-0] INFO  impl.RoleInfo (RoleInfo.java:shutdownFollowerState(121)) - 6cbfae60-ea29-4abc-a49d-ef94f4bd513a: shutdown FollowerState
2019-10-18 14:02:08,295 [grpc-default-executor-1] INFO  impl.RoleInfo (RoleInfo.java:shutdownFollowerState(121)) - 66f9d00c-1e97-4252-958c-bed5a531abda: shutdown FollowerState
2019-10-18 14:02:08,296 [Thread-2392] INFO  impl.FollowerState (FollowerState.java:run(117)) - 6cbfae60-ea29-4abc-a49d-ef94f4bd513a@group-E964BE911FCC-FollowerState was interrupted: java.lang.InterruptedException: sleep interrupted
2019-10-18 14:02:08,296 [grpc-default-executor-0] INFO  impl.RoleInfo (RoleInfo.java:updateAndGet(143)) - 6cbfae60-ea29-4abc-a49d-ef94f4bd513a: start FollowerState
2019-10-18 14:02:08,296 [Thread-2391] INFO  impl.FollowerState (FollowerState.java:run(117)) - 66f9d00c-1e97-4252-958c-bed5a531abda@group-E964BE911FCC-FollowerState was interrupted: java.lang.InterruptedException: sleep interrupted
2019-10-18 14:02:08,296 [grpc-default-executor-1] INFO  impl.RoleInfo (RoleInfo.java:updateAndGet(143)) - 66f9d00c-1e97-4252-958c-bed5a531abda: start FollowerState
2019-10-18 14:02:08,310 [92ce6e48-4722-407a-9620-5998c6999257@group-E964BE911FCC-LeaderElection325] INFO  impl.LeaderElection (LeaderElection.java:logAndReturn(56)) - 92ce6e48-4722-407a-9620-5998c6999257@group-E964BE911FCC-LeaderElection325: Election REJECTED; received 2 response(s) [92ce6e48-4722-407a-9620-5998c6999257<-6cbfae60-ea29-4abc-a49d-ef94f4bd513a#0:FAIL-t356, 92ce6e48-4722-407a-9620-5998c6999257<-66f9d00c-1e97-4252-958c-bed5a531abda#0:FAIL-t356] and 0 exception(s); 92ce6e48-4722-407a-9620-5998c6999257@group-E964BE911FCC:t356, leader=null, voted=92ce6e48-4722-407a-9620-5998c6999257, raftlog=92ce6e48-4722-407a-9620-5998c6999257@group-E964BE911FCC-SegmentedRaftLog:OPENED:c-1,f-1,i0, conf=-1: [6cbfae60-ea29-4abc-a49d-ef94f4bd513a:192.168.69.85:36685, 66f9d00c-1e97-4252-958c-bed5a531abda:192.168.69.85:45996, 92ce6e48-4722-407a-9620-5998c6999257:192.168.69.85:34971], old=null
2019-10-18 14:02:08,313 [92ce6e48-4722-407a-9620-5998c6999257@group-E964BE911FCC-LeaderElection325] INFO  impl.RaftServerImpl (RaftServerImpl.java:setRole(184)) - 92ce6e48-4722-407a-9620-5998c6999257@group-E964BE911FCC: changes role from CANDIDATE to FOLLOWER at term 356 for DISCOVERED_A_NEW_TERM
2019-10-18 14:02:08,313 [92ce6e48-4722-407a-9620-5998c6999257@group-E964BE911FCC-LeaderElection325] INFO  impl.RoleInfo (RoleInfo.java:shutdownLeaderElection(134)) - 92ce6e48-4722-407a-9620-5998c6999257: shutdown LeaderElection
2019-10-18 14:02:08,313 [92ce6e48-4722-407a-9620-5998c6999257@group-E964BE911FCC-LeaderElection325] INFO  impl.RoleInfo (RoleInfo.java:updateAndGet(143)) - 92ce6e48-4722-407a-9620-5998c6999257: start FollowerState
2019-10-18 14:02:08,385 [Thread-2399] INFO  impl.FollowerState (FollowerState.java:run(108)) - 92ce6e48-4722-407a-9620-5998c6999257@group-E964BE911FCC-FollowerState: change to CANDIDATE, lastRpcTime:71ms, electionTimeout:71ms
2019-10-18 14:02:08,385 [Thread-2399] INFO  impl.RoleInfo (RoleInfo.java:shutdownFollowerState(121)) - 92ce6e48-4722-407a-9620-5998c6999257: shutdown FollowerState
2019-10-18 14:02:08,385 [Thread-2399] INFO  impl.RaftServerImpl (RaftServerImpl.java:setRole(184)) - 92ce6e48-4722-407a-9620-5998c6999257@group-E964BE911FCC: changes role from  FOLLOWER to CANDIDATE at term 356 for changeToCandidate
2019-10-18 14:02:08,385 [Thread-2399] INFO  impl.RoleInfo (RoleInfo.java:updateAndGet(143)) - 92ce6e48-4722-407a-9620-5998c6999257: start LeaderElection
2019-10-18 14:02:08,411 [92ce6e48-4722-407a-9620-5998c6999257@group-E964BE911FCC-LeaderElection326] INFO  impl.LeaderElection (LeaderElection.java:askForVotes(178)) - 92ce6e48-4722-407a-9620-5998c6999257@group-E964BE911FCC-LeaderElection326: begin an election at term 357 for -1: [6cbfae60-ea29-4abc-a49d-ef94f4bd513a:192.168.69.85:36685, 66f9d00c-1e97-4252-958c-bed5a531abda:192.168.69.85:45996, 92ce6e48-4722-407a-9620-5998c6999257:192.168.69.85:34971], old=null
2019-10-18 14:02:08,413 [grpc-default-executor-0] INFO  impl.RaftServerImpl (RaftServerImpl.java:setRole(184)) - 6cbfae60-ea29-4abc-a49d-ef94f4bd513a@group-E964BE911FCC: changes role from  FOLLOWER to FOLLOWER at term 357 for recognizeCandidate:92ce6e48-4722-407a-9620-5998c6999257
2019-10-18 14:02:08,414 [grpc-default-executor-0] INFO  impl.RoleInfo (RoleInfo.java:shutdownFollowerState(121)) - 6cbfae60-ea29-4abc-a49d-ef94f4bd513a: shutdown FollowerState
2019-10-18 14:02:08,414 [grpc-default-executor-0] INFO  impl.RoleInfo (RoleInfo.java:updateAndGet(143)) - 6cbfae60-ea29-4abc-a49d-ef94f4bd513a: start FollowerState
2019-10-18 14:02:08,414 [Thread-2397] INFO  impl.FollowerState (FollowerState.java:run(117)) - 6cbfae60-ea29-4abc-a49d-ef94f4bd513a@group-E964BE911FCC-FollowerState was interrupted: java.lang.InterruptedException: sleep interrupted
2019-10-18 14:02:08,414 [grpc-default-executor-1] INFO  impl.RaftServerImpl (RaftServerImpl.java:setRole(184)) - 66f9d00c-1e97-4252-958c-bed5a531abda@group-E964BE911FCC: changes role from  FOLLOWER to FOLLOWER at term 357 for recognizeCandidate:92ce6e48-4722-407a-9620-5998c6999257
2019-10-18 14:02:08,414 [grpc-default-executor-1] INFO  impl.RoleInfo (RoleInfo.java:shutdownFollowerState(121)) - 66f9d00c-1e97-4252-958c-bed5a531abda: shutdown FollowerState
2019-10-18 14:02:08,414 [Thread-2398] INFO  impl.FollowerState (FollowerState.java:run(117)) - 66f9d00c-1e97-4252-958c-bed5a531abda@group-E964BE911FCC-FollowerState was interrupted: java.lang.InterruptedException: sleep interrupted
2019-10-18 14:02:08,414 [grpc-default-executor-1] INFO  impl.RoleInfo (RoleInfo.java:updateAndGet(143)) - 66f9d00c-1e97-4252-958c-bed5a531abda: start FollowerState
2019-10-18 14:02:08,428 [92ce6e48-4722-407a-9620-5998c6999257@group-E964BE911FCC-LeaderElection326] INFO  impl.LeaderElection (LeaderElection.java:logAndReturn(56)) - 92ce6e48-4722-407a-9620-5998c6999257@group-E964BE911FCC-LeaderElection326: Election REJECTED; received 2 response(s) [92ce6e48-4722-407a-9620-5998c6999257<-6cbfae60-ea29-4abc-a49d-ef94f4bd513a#0:FAIL-t357, 92ce6e48-4722-407a-9620-5998c6999257<-66f9d00c-1e97-4252-958c-bed5a531abda#0:FAIL-t357] and 0 exception(s); 92ce6e48-4722-407a-9620-5998c6999257@group-E964BE911FCC:t357, leader=null, voted=92ce6e48-4722-407a-9620-5998c6999257, raftlog=92ce6e48-4722-407a-9620-5998c6999257@group-E964BE911FCC-SegmentedRaftLog:OPENED:c-1,f-1,i0, conf=-1: [6cbfae60-ea29-4abc-a49d-ef94f4bd513a:192.168.69.85:36685, 66f9d00c-1e97-4252-958c-bed5a531abda:192.168.69.85:45996, 92ce6e48-4722-407a-9620-5998c6999257:192.168.69.85:34971], old=null
2019-10-18 14:02:08,428 [92ce6e48-4722-407a-9620-5998c6999257@group-E964BE911FCC-LeaderElection326] INFO  impl.RaftServerImpl (RaftServerImpl.java:setRole(184)) - 92ce6e48-4722-407a-9620-5998c6999257@group-E964BE911FCC: changes role from CANDIDATE to FOLLOWER at term 357 for DISCOVERED_A_NEW_TERM
2019-10-18 14:02:08,429 [92ce6e48-4722-407a-9620-5998c6999257@group-E964BE911FCC-LeaderElection326] INFO  impl.RoleInfo (RoleInfo.java:shutdownLeaderElection(134)) - 92ce6e48-4722-407a-9620-5998c6999257: shutdown LeaderElection
2019-10-18 14:02:08,429 [92ce6e48-4722-407a-9620-5998c6999257@group-E964BE911FCC-LeaderElection326] INFO  impl.RoleInfo (RoleInfo.java:updateAndGet(143)) - 92ce6e48-4722-407a-9620-5998c6999257: start FollowerState
2019-10-18 14:02:08,608 [Thread-2405] INFO  impl.FollowerState (FollowerState.java:run(108)) - 92ce6e48-4722-407a-9620-5998c6999257@group-E964BE911FCC-FollowerState: change to CANDIDATE, lastRpcTime:179ms, electionTimeout:179ms
2019-10-18 14:02:08,608 [Thread-2405] INFO  impl.RoleInfo (RoleInfo.java:shutdownFollowerState(121)) - 92ce6e48-4722-407a-9620-5998c6999257: shutdown FollowerState
2019-10-18 14:02:08,608 [Thread-2405] INFO  impl.RaftServerImpl (RaftServerImpl.java:setRole(184)) - 92ce6e48-4722-407a-9620-5998c6999257@group-E964BE911FCC: changes role from  FOLLOWER to CANDIDATE at term 357 for changeToCandidate
2019-10-18 14:02:08,608 [Thread-2405] INFO  impl.RoleInfo (RoleInfo.java:updateAndGet(143)) - 92ce6e48-4722-407a-9620-5998c6999257: start LeaderElection
2019-10-18 14:02:08,632 [92ce6e48-4722-407a-9620-5998c6999257@group-E964BE911FCC-LeaderElection327] INFO  impl.LeaderElection (LeaderElection.java:askForVotes(178)) - 92ce6e48-4722-407a-9620-5998c6999257@group-E964BE911FCC-LeaderElection327: begin an election at term 358 for -1: [6cbfae60-ea29-4abc-a49d-ef94f4bd513a:192.168.69.85:36685, 66f9d00c-1e97-4252-958c-bed5a531abda:192.168.69.85:45996, 92ce6e48-4722-407a-9620-5998c6999257:192.168.69.85:34971], old=null
2019-10-18 14:02:08,635 [grpc-default-executor-1] INFO  impl.RaftServerImpl (RaftServerImpl.java:setRole(184)) - 6cbfae60-ea29-4abc-a49d-ef94f4bd513a@group-E964BE911FCC: changes role from  FOLLOWER to FOLLOWER at term 358 for recognizeCandidate:92ce6e48-4722-407a-9620-5998c6999257
2019-10-18 14:02:08,635 [grpc-default-executor-1] INFO  impl.RoleInfo (RoleInfo.java:shutdownFollowerState(121)) - 6cbfae60-ea29-4abc-a49d-ef94f4bd513a: shutdown FollowerState
2019-10-18 14:02:08,635 [grpc-default-executor-1] INFO  impl.RoleInfo (RoleInfo.java:updateAndGet(143)) - 6cbfae60-ea29-4abc-a49d-ef94f4bd513a: start FollowerState
2019-10-18 14:02:08,635 [Thread-2403] INFO  impl.FollowerState (FollowerState.java:run(117)) - 6cbfae60-ea29-4abc-a49d-ef94f4bd513a@group-E964BE911FCC-FollowerState was interrupted: java.lang.InterruptedException: sleep interrupted
2019-10-18 14:02:08,635 [grpc-default-executor-0] INFO  impl.RaftServerImpl (RaftServerImpl.java:setRole(184)) - 66f9d00c-1e97-4252-958c-bed5a531abda@group-E964BE911FCC: changes role from  FOLLOWER to FOLLOWER at term 358 for recognizeCandidate:92ce6e48-4722-407a-9620-5998c6999257
2019-10-18 14:02:08,635 [grpc-default-executor-0] INFO  impl.RoleInfo (RoleInfo.java:shutdownFollowerState(121)) - 66f9d00c-1e97-4252-958c-bed5a531abda: shutdown FollowerState
2019-10-18 14:02:08,636 [grpc-default-executor-0] INFO  impl.RoleInfo (RoleInfo.java:updateAndGet(143)) - 66f9d00c-1e97-4252-958c-bed5a531abda: start FollowerState
2019-10-18 14:02:08,636 [Thread-2404] INFO  impl.FollowerState (FollowerState.java:run(117)) - 66f9d00c-1e97-4252-958c-bed5a531abda@group-E964BE911FCC-FollowerState was interrupted: java.lang.InterruptedException: sleep interrupted
2019-10-18 14:02:08,647 [92ce6e48-4722-407a-9620-5998c6999257@group-E964BE911FCC-LeaderElection327] INFO  impl.LeaderElection (LeaderElection.java:logAndReturn(56)) - 92ce6e48-4722-407a-9620-5998c6999257@group-E964BE911FCC-LeaderElection327: Election TIMEOUT; received 0 response(s) [] and 0 exception(s); 92ce6e48-4722-407a-9620-5998c6999257@group-E964BE911FCC:t358, leader=null, voted=92ce6e48-4722-407a-9620-5998c6999257, raftlog=92ce6e48-4722-407a-9620-5998c6999257@group-E964BE911FCC-SegmentedRaftLog:OPENED:c-1,f-1,i0, conf=-1: [6cbfae60-ea29-4abc-a49d-ef94f4bd513a:192.168.69.85:36685, 66f9d00c-1e97-4252-958c-bed5a531abda:192.168.69.85:45996, 92ce6e48-4722-407a-9620-5998c6999257:192.168.69.85:34971], old=null
2019-10-18 14:02:08,664 [92ce6e48-4722-407a-9620-5998c6999257@group-E964BE911FCC-LeaderElection327] INFO  impl.LeaderElection (LeaderElection.java:askForVotes(178)) - 92ce6e48-4722-407a-9620-5998c6999257@group-E964BE911FCC-LeaderElection327: begin an election at term 359 for -1: [6cbfae60-ea29-4abc-a49d-ef94f4bd513a:192.168.69.85:36685, 66f9d00c-1e97-4252-958c-bed5a531abda:192.168.69.85:45996, 92ce6e48-4722-407a-9620-5998c6999257:192.168.69.85:34971], old=null
2019-10-18 14:02:08,666 [grpc-default-executor-1] INFO  impl.RaftServerImpl (RaftServerImpl.java:setRole(184)) - 6cbfae60-ea29-4abc-a49d-ef94f4bd513a@group-E964BE911FCC: changes role from  FOLLOWER to FOLLOWER at term 359 for recognizeCandidate:92ce6e48-4722-407a-9620-5998c6999257
2019-10-18 14:02:08,666 [grpc-default-executor-1] INFO  impl.RoleInfo (RoleInfo.java:shutdownFollowerState(121)) - 6cbfae60-ea29-4abc-a49d-ef94f4bd513a: shutdown FollowerState
2019-10-18 14:02:08,666 [grpc-default-executor-1] INFO  impl.RoleInfo (RoleInfo.java:updateAndGet(143)) - 6cbfae60-ea29-4abc-a49d-ef94f4bd513a: start FollowerState
2019-10-18 14:02:08,666 [Thread-2411] INFO  impl.FollowerState (FollowerState.java:run(117)) - 6cbfae60-ea29-4abc-a49d-ef94f4bd513a@group-E964BE911FCC-FollowerState was interrupted: java.lang.InterruptedException: sleep interrupted
2019-10-18 14:02:08,667 [grpc-default-executor-0] INFO  impl.RaftServerImpl (RaftServerImpl.java:setRole(184)) - 66f9d00c-1e97-4252-958c-bed5a531abda@group-E964BE911FCC: changes role from  FOLLOWER to FOLLOWER at term 359 for recognizeCandidate:92ce6e48-4722-407a-9620-5998c6999257
2019-10-18 14:02:08,667 [grpc-default-executor-0] INFO  impl.RoleInfo (RoleInfo.java:shutdownFollowerState(121)) - 66f9d00c-1e97-4252-958c-bed5a531abda: shutdown FollowerState
2019-10-18 14:02:08,667 [grpc-default-executor-0] INFO  impl.RoleInfo (RoleInfo.java:updateAndGet(143)) - 66f9d00c-1e97-4252-958c-bed5a531abda: start FollowerState
2019-10-18 14:02:08,667 [Thread-2412] INFO  impl.FollowerState (FollowerState.java:run(117)) - 66f9d00c-1e97-4252-958c-bed5a531abda@group-E964BE911FCC-FollowerState was interrupted: java.lang.InterruptedException: sleep interrupted
2019-10-18 14:02:08,678 [92ce6e48-4722-407a-9620-5998c6999257@group-E964BE911FCC-LeaderElection327] INFO  impl.LeaderElection (LeaderElection.java:logAndReturn(56)) - 92ce6e48-4722-407a-9620-5998c6999257@group-E964BE911FCC-LeaderElection327: Election REJECTED; received 2 response(s) [92ce6e48-4722-407a-9620-5998c6999257<-6cbfae60-ea29-4abc-a49d-ef94f4bd513a#0:FAIL-t359, 92ce6e48-4722-407a-9620-5998c6999257<-66f9d00c-1e97-4252-958c-bed5a531abda#0:FAIL-t359] and 0 exception(s); 92ce6e48-4722-407a-9620-5998c6999257@group-E964BE911FCC:t359, leader=null, voted=92ce6e48-4722-407a-9620-5998c6999257, raftlog=92ce6e48-4722-407a-9620-5998c6999257@group-E964BE911FCC-SegmentedRaftLog:OPENED:c-1,f-1,i0, conf=-1: [6cbfae60-ea29-4abc-a49d-ef94f4bd513a:192.168.69.85:36685, 66f9d00c-1e97-4252-958c-bed5a531abda:192.168.69.85:45996, 92ce6e48-4722-407a-9620-5998c6999257:192.168.69.85:34971], old=null
2019-10-18 14:02:08,678 [92ce6e48-4722-407a-9620-5998c6999257@group-E964BE911FCC-LeaderElection327] INFO  impl.RaftServerImpl (RaftServerImpl.java:setRole(184)) - 92ce6e48-4722-407a-9620-5998c6999257@group-E964BE911FCC: changes role from CANDIDATE to FOLLOWER at term 359 for DISCOVERED_A_NEW_TERM
2019-10-18 14:02:08,678 [92ce6e48-4722-407a-9620-5998c6999257@group-E964BE911FCC-LeaderElection327] INFO  impl.RoleInfo (RoleInfo.java:shutdownLeaderElection(134)) - 92ce6e48-4722-407a-9620-5998c6999257: shutdown LeaderElection
2019-10-18 14:02:08,678 [92ce6e48-4722-407a-9620-5998c6999257@group-E964BE911FCC-LeaderElection327] INFO  impl.RoleInfo (RoleInfo.java:updateAndGet(143)) - 92ce6e48-4722-407a-9620-5998c6999257: start FollowerState
2019-10-18 14:02:08,684 [Thread-2417] INFO  impl.FollowerState (FollowerState.java:run(108)) - 92ce6e48-4722-407a-9620-5998c6999257@group-E964BE911FCC-FollowerState: change to CANDIDATE, lastRpcTime:5ms, electionTimeout:5ms
2019-10-18 14:02:08,684 [Thread-2417] INFO  impl.RoleInfo (RoleInfo.java:shutdownFollowerState(121)) - 92ce6e48-4722-407a-9620-5998c6999257: shutdown FollowerState
2019-10-18 14:02:08,684 [Thread-2417] INFO  impl.RaftServerImpl (RaftServerImpl.java:setRole(184)) - 92ce6e48-4722-407a-9620-5998c6999257@group-E964BE911FCC: changes role from  FOLLOWER to CANDIDATE at term 359 for changeToCandidate
2019-10-18 14:02:08,684 [Thread-2417] INFO  impl.RoleInfo (RoleInfo.java:updateAndGet(143)) - 92ce6e48-4722-407a-9620-5998c6999257: start LeaderElection
2019-10-18 14:02:08,698 [92ce6e48-4722-407a-9620-5998c6999257@group-E964BE911FCC-LeaderElection328] INFO  impl.LeaderElection (LeaderElection.java:askForVotes(178)) - 92ce6e48-4722-407a-9620-5998c6999257@group-E964BE911FCC-LeaderElection328: begin an election at term 360 for -1: [6cbfae60-ea29-4abc-a49d-ef94f4bd513a:192.168.69.85:36685, 66f9d00c-1e97-4252-958c-bed5a531abda:192.168.69.85:45996, 92ce6e48-4722-407a-9620-5998c6999257:192.168.69.85:34971], old=null
2019-10-18 14:02:08,700 [grpc-default-executor-0] INFO  impl.RaftServerImpl (RaftServerImpl.java:setRole(184)) - 66f9d00c-1e97-4252-958c-bed5a531abda@group-E964BE911FCC: changes role from  FOLLOWER to FOLLOWER at term 360 for recognizeCandidate:92ce6e48-4722-407a-9620-5998c6999257
2019-10-18 14:02:08,700 [grpc-default-executor-0] INFO  impl.RoleInfo (RoleInfo.java:shutdownFollowerState(121)) - 66f9d00c-1e97-4252-958c-bed5a531abda: shutdown FollowerState
2019-10-18 14:02:08,700 [grpc-default-executor-0] INFO  impl.RoleInfo (RoleInfo.java:updateAndGet(143)) - 66f9d00c-1e97-4252-958c-bed5a531abda: start FollowerState
2019-10-18 14:02:08,700 [grpc-default-executor-1] INFO  impl.RaftServerImpl (RaftServerImpl.java:setRole(184)) - 6cbfae60-ea29-4abc-a49d-ef94f4bd513a@group-E964BE911FCC: changes role from  FOLLOWER to FOLLOWER at term 360 for recognizeCandidate:92ce6e48-4722-407a-9620-5998c6999257
2019-10-18 14:02:08,700 [grpc-default-executor-1] INFO  impl.RoleInfo (RoleInfo.java:shutdownFollowerState(121)) - 6cbfae60-ea29-4abc-a49d-ef94f4bd513a: shutdown FollowerState
2019-10-18 14:02:08,700 [Thread-2416] INFO  impl.FollowerState (FollowerState.java:run(117)) - 66f9d00c-1e97-4252-958c-bed5a531abda@group-E964BE911FCC-FollowerState was interrupted: java.lang.InterruptedException: sleep interrupted
2019-10-18 14:02:08,701 [Thread-2415] INFO  impl.FollowerState (FollowerState.java:run(117)) - 6cbfae60-ea29-4abc-a49d-ef94f4bd513a@group-E964BE911FCC-FollowerState was interrupted: java.lang.InterruptedException: sleep interrupted
2019-10-18 14:02:08,700 [grpc-default-executor-1] INFO  impl.RoleInfo (RoleInfo.java:updateAndGet(143)) - 6cbfae60-ea29-4abc-a49d-ef94f4bd513a: start FollowerState
2019-10-18 14:02:08,727 [92ce6e48-4722-407a-9620-5998c6999257@group-E964BE911FCC-LeaderElection328] INFO  impl.LeaderElection (LeaderElection.java:logAndReturn(56)) - 92ce6e48-4722-407a-9620-5998c6999257@group-E964BE911FCC-LeaderElection328: Election REJECTED; received 2 response(s) [92ce6e48-4722-407a-9620-5998c6999257<-6cbfae60-ea29-4abc-a49d-ef94f4bd513a#0:FAIL-t360, 92ce6e48-4722-407a-9620-5998c6999257<-66f9d00c-1e97-4252-958c-bed5a531abda#0:FAIL-t360] and 0 exception(s); 92ce6e48-4722-407a-9620-5998c6999257@group-E964BE911FCC:t360, leader=null, voted=92ce6e48-4722-407a-9620-5998c6999257, raftlog=92ce6e48-4722-407a-9620-5998c6999257@group-E964BE911FCC-SegmentedRaftLog:OPENED:c-1,f-1,i0, conf=-1: [6cbfae60-ea29-4abc-a49d-ef94f4bd513a:192.168.69.85:36685, 66f9d00c-1e97-4252-958c-bed5a531abda:192.168.69.85:45996, 92ce6e48-4722-407a-9620-5998c6999257:192.168.69.85:34971], old=null
2019-10-18 14:02:08,727 [92ce6e48-4722-407a-9620-5998c6999257@group-E964BE911FCC-LeaderElection328] INFO  impl.RaftServerImpl (RaftServerImpl.java:setRole(184)) - 92ce6e48-4722-407a-9620-5998c6999257@group-E964BE911FCC: changes role from CANDIDATE to FOLLOWER at term 360 for DISCOVERED_A_NEW_TERM
2019-10-18 14:02:08,727 [92ce6e48-4722-407a-9620-5998c6999257@group-E964BE911FCC-LeaderElection328] INFO  impl.RoleInfo (RoleInfo.java:shutdownLeaderElection(134)) - 92ce6e48-4722-407a-9620-5998c6999257: shutdown LeaderElection
2019-10-18 14:02:08,727 [92ce6e48-4722-407a-9620-5998c6999257@group-E964BE911FCC-LeaderElection328] INFO  impl.RoleInfo (RoleInfo.java:updateAndGet(143)) - 92ce6e48-4722-407a-9620-5998c6999257: start FollowerState
2019-10-18 14:02:08,887 [Thread-2423] INFO  impl.FollowerState (FollowerState.java:run(108)) - 92ce6e48-4722-407a-9620-5998c6999257@group-E964BE911FCC-FollowerState: change to CANDIDATE, lastRpcTime:159ms, electionTimeout:159ms
2019-10-18 14:02:08,887 [Thread-2423] INFO  impl.RoleInfo (RoleInfo.java:shutdownFollowerState(121)) - 92ce6e48-4722-407a-9620-5998c6999257: shutdown FollowerState
2019-10-18 14:02:08,887 [Thread-2423] INFO  impl.RaftServerImpl (RaftServerImpl.java:setRole(184)) - 92ce6e48-4722-407a-9620-5998c6999257@group-E964BE911FCC: changes role from  FOLLOWER to CANDIDATE at term 360 for changeToCandidate
2019-10-18 14:02:08,887 [Thread-2423] INFO  impl.RoleInfo (RoleInfo.java:updateAndGet(143)) - 92ce6e48-4722-407a-9620-5998c6999257: start LeaderElection
2019-10-18 14:02:08,902 [92ce6e48-4722-407a-9620-5998c6999257@group-E964BE911FCC-LeaderElection329] INFO  impl.LeaderElection (LeaderElection.java:askForVotes(178)) - 92ce6e48-4722-407a-9620-5998c6999257@group-E964BE911FCC-LeaderElection329: begin an election at term 361 for -1: [6cbfae60-ea29-4abc-a49d-ef94f4bd513a:192.168.69.85:36685, 66f9d00c-1e97-4252-958c-bed5a531abda:192.168.69.85:45996, 92ce6e48-4722-407a-9620-5998c6999257:192.168.69.85:34971], old=null
2019-10-18 14:02:08,903 [92ce6e48-4722-407a-9620-5998c6999257@group-E964BE911FCC-LeaderElection329] INFO  impl.LeaderElection (LeaderElection.java:logAndReturn(56)) - 92ce6e48-4722-407a-9620-5998c6999257@group-E964BE911FCC-LeaderElection329: Election TIMEOUT; received 0 response(s) [] and 0 exception(s); 92ce6e48-4722-407a-9620-5998c6999257@group-E964BE911FCC:t361, leader=null, voted=92ce6e48-4722-407a-9620-5998c6999257, raftlog=92ce6e48-4722-407a-9620-5998c6999257@group-E964BE911FCC-SegmentedRaftLog:OPENED:c-1,f-1,i0, conf=-1: [6cbfae60-ea29-4abc-a49d-ef94f4bd513a:192.168.69.85:36685, 66f9d00c-1e97-4252-958c-bed5a531abda:192.168.69.85:45996, 92ce6e48-4722-407a-9620-5998c6999257:192.168.69.85:34971], old=null
2019-10-18 14:02:08,904 [grpc-default-executor-1] INFO  impl.RaftServerImpl (RaftServerImpl.java:setRole(184)) - 6cbfae60-ea29-4abc-a49d-ef94f4bd513a@group-E964BE911FCC: changes role from  FOLLOWER to FOLLOWER at term 361 for recognizeCandidate:92ce6e48-4722-407a-9620-5998c6999257
2019-10-18 14:02:08,904 [grpc-default-executor-1] INFO  impl.RoleInfo (RoleInfo.java:shutdownFollowerState(121)) - 6cbfae60-ea29-4abc-a49d-ef94f4bd513a: shutdown FollowerState
2019-10-18 14:02:08,905 [grpc-default-executor-1] INFO  impl.RoleInfo (RoleInfo.java:updateAndGet(143)) - 6cbfae60-ea29-4abc-a49d-ef94f4bd513a: start FollowerState
2019-10-18 14:02:08,905 [grpc-default-executor-0] INFO  impl.RaftServerImpl (RaftServerImpl.java:setRole(184)) - 66f9d00c-1e97-4252-958c-bed5a531abda@group-E964BE911FCC: changes role from  FOLLOWER to FOLLOWER at term 361 for recognizeCandidate:92ce6e48-4722-407a-9620-5998c6999257
2019-10-18 14:02:08,905 [grpc-default-executor-0] INFO  impl.RoleInfo (RoleInfo.java:shutdownFollowerState(121)) - 66f9d00c-1e97-4252-958c-bed5a531abda: shutdown FollowerState
2019-10-18 14:02:08,905 [Thread-2422] INFO  impl.FollowerState (FollowerState.java:run(117)) - 6cbfae60-ea29-4abc-a49d-ef94f4bd513a@group-E964BE911FCC-FollowerState was interrupted: java.lang.InterruptedException: sleep interrupted
2019-10-18 14:02:08,905 [Thread-2421] INFO  impl.FollowerState (FollowerState.java:run(117)) - 66f9d00c-1e97-4252-958c-bed5a531abda@group-E964BE911FCC-FollowerState was interrupted: java.lang.InterruptedException: sleep interrupted
2019-10-18 14:02:08,905 [grpc-default-executor-0] INFO  impl.RoleInfo (RoleInfo.java:updateAndGet(143)) - 66f9d00c-1e97-4252-958c-bed5a531abda: start FollowerState
2019-10-18 14:02:08,917 [92ce6e48-4722-407a-9620-5998c6999257@group-E964BE911FCC-LeaderElection329] INFO  impl.LeaderElection (LeaderElection.java:askForVotes(178)) - 92ce6e48-4722-407a-9620-5998c6999257@group-E964BE911FCC-LeaderElection329: begin an election at term 362 for -1: [6cbfae60-ea29-4abc-a49d-ef94f4bd513a:192.168.69.85:36685, 66f9d00c-1e97-4252-958c-bed5a531abda:192.168.69.85:45996, 92ce6e48-4722-407a-9620-5998c6999257:192.168.69.85:34971], old=null
2019-10-18 14:02:08,918 [grpc-default-executor-0] INFO  impl.RaftServerImpl (RaftServerImpl.java:setRole(184)) - 6cbfae60-ea29-4abc-a49d-ef94f4bd513a@group-E964BE911FCC: changes role from  FOLLOWER to FOLLOWER at term 362 for recognizeCandidate:92ce6e48-4722-407a-9620-5998c6999257
2019-10-18 14:02:08,918 [grpc-default-executor-0] INFO  impl.RoleInfo (RoleInfo.java:shutdownFollowerState(121)) - 6cbfae60-ea29-4abc-a49d-ef94f4bd513a: shutdown FollowerState
2019-10-18 14:02:08,918 [grpc-default-executor-1] INFO  impl.RaftServerImpl (RaftServerImpl.java:setRole(184)) - 66f9d00c-1e97-4252-958c-bed5a531abda@group-E964BE911FCC: changes role from  FOLLOWER to FOLLOWER at term 362 for recognizeCandidate:92ce6e48-4722-407a-9620-5998c6999257
2019-10-18 14:02:08,918 [Thread-2427] INFO  impl.FollowerState (FollowerState.java:run(117)) - 6cbfae60-ea29-4abc-a49d-ef94f4bd513a@group-E964BE911FCC-FollowerState was interrupted: java.lang.InterruptedException: sleep interrupted
2019-10-18 14:02:08,918 [grpc-default-executor-0] INFO  impl.RoleInfo (RoleInfo.java:updateAndGet(143)) - 6cbfae60-ea29-4abc-a49d-ef94f4bd513a: start FollowerState
2019-10-18 14:02:08,918 [grpc-default-executor-1] INFO  impl.RoleInfo (RoleInfo.java:shutdownFollowerState(121)) - 66f9d00c-1e97-4252-958c-bed5a531abda: shutdown FollowerState
2019-10-18 14:02:08,919 [grpc-default-executor-1] INFO  impl.RoleInfo (RoleInfo.java:updateAndGet(143)) - 66f9d00c-1e97-4252-958c-bed5a531abda: start FollowerState
2019-10-18 14:02:08,919 [Thread-2428] INFO  impl.FollowerState (FollowerState.java:run(117)) - 66f9d00c-1e97-4252-958c-bed5a531abda@group-E964BE911FCC-FollowerState was interrupted: java.lang.InterruptedException: sleep interrupted
2019-10-18 14:02:08,931 [92ce6e48-4722-407a-9620-5998c6999257@group-E964BE911FCC-LeaderElection329] INFO  impl.LeaderElection (LeaderElection.java:logAndReturn(56)) - 92ce6e48-4722-407a-9620-5998c6999257@group-E964BE911FCC-LeaderElection329: Election REJECTED; received 2 response(s) [92ce6e48-4722-407a-9620-5998c6999257<-6cbfae60-ea29-4abc-a49d-ef94f4bd513a#0:FAIL-t362, 92ce6e48-4722-407a-9620-5998c6999257<-66f9d00c-1e97-4252-958c-bed5a531abda#0:FAIL-t362] and 0 exception(s); 92ce6e48-4722-407a-9620-5998c6999257@group-E964BE911FCC:t362, leader=null, voted=92ce6e48-4722-407a-9620-5998c6999257, raftlog=92ce6e48-4722-407a-9620-5998c6999257@group-E964BE911FCC-SegmentedRaftLog:OPENED:c-1,f-1,i0, conf=-1: [6cbfae60-ea29-4abc-a49d-ef94f4bd513a:192.168.69.85:36685, 66f9d00c-1e97-4252-958c-bed5a531abda:192.168.69.85:45996, 92ce6e48-4722-407a-9620-5998c6999257:192.168.69.85:34971], old=null
2019-10-18 14:02:08,931 [92ce6e48-4722-407a-9620-5998c6999257@group-E964BE911FCC-LeaderElection329] INFO  impl.RaftServerImpl (RaftServerImpl.java:setRole(184)) - 92ce6e48-4722-407a-9620-5998c6999257@group-E964BE911FCC: changes role from CANDIDATE to FOLLOWER at term 362 for DISCOVERED_A_NEW_TERM
2019-10-18 14:02:08,931 [92ce6e48-4722-407a-9620-5998c6999257@group-E964BE911FCC-LeaderElection329] INFO  impl.RoleInfo (RoleInfo.java:shutdownLeaderElection(134)) - 92ce6e48-4722-407a-9620-5998c6999257: shutdown LeaderElection
2019-10-18 14:02:08,931 [92ce6e48-4722-407a-9620-5998c6999257@group-E964BE911FCC-LeaderElection329] INFO  impl.RoleInfo (RoleInfo.java:updateAndGet(143)) - 92ce6e48-4722-407a-9620-5998c6999257: start FollowerState
2019-10-18 14:02:09,001 [Thread-2433] INFO  impl.FollowerState (FollowerState.java:run(108)) - 92ce6e48-4722-407a-9620-5998c6999257@group-E964BE911FCC-FollowerState: change to CANDIDATE, lastRpcTime:70ms, electionTimeout:70ms
2019-10-18 14:02:09,002 [Thread-2433] INFO  impl.RoleInfo (RoleInfo.java:shutdownFollowerState(121)) - 92ce6e48-4722-407a-9620-5998c6999257: shutdown FollowerState
2019-10-18 14:02:09,002 [Thread-2433] INFO  impl.RaftServerImpl (RaftServerImpl.java:setRole(184)) - 92ce6e48-4722-407a-9620-5998c6999257@group-E964BE911FCC: changes role from  FOLLOWER to CANDIDATE at term 362 for changeToCandidate
2019-10-18 14:02:09,002 [Thread-2433] INFO  impl.RoleInfo (RoleInfo.java:updateAndGet(143)) - 92ce6e48-4722-407a-9620-5998c6999257: start LeaderElection
2019-10-18 14:02:09,015 [92ce6e48-4722-407a-9620-5998c6999257@group-E964BE911FCC-LeaderElection330] INFO  impl.LeaderElection (LeaderElection.java:askForVotes(178)) - 92ce6e48-4722-407a-9620-5998c6999257@group-E964BE911FCC-LeaderElection330: begin an election at term 363 for -1: [6cbfae60-ea29-4abc-a49d-ef94f4bd513a:192.168.69.85:36685, 66f9d00c-1e97-4252-958c-bed5a531abda:192.168.69.85:45996, 92ce6e48-4722-407a-9620-5998c6999257:192.168.69.85:34971], old=null
2019-10-18 14:02:09,017 [grpc-default-executor-1] INFO  impl.RaftServerImpl (RaftServerImpl.java:setRole(184)) - 6cbfae60-ea29-4abc-a49d-ef94f4bd513a@group-E964BE911FCC: changes role from  FOLLOWER to FOLLOWER at term 363 for recognizeCandidate:92ce6e48-4722-407a-9620-5998c6999257
2019-10-18 14:02:09,017 [grpc-default-executor-1] INFO  impl.RoleInfo (RoleInfo.java:shutdownFollowerState(121)) - 6cbfae60-ea29-4abc-a49d-ef94f4bd513a: shutdown FollowerState
2019-10-18 14:02:09,017 [grpc-default-executor-0] INFO  impl.RaftServerImpl (RaftServerImpl.java:setRole(184)) - 66f9d00c-1e97-4252-958c-bed5a531abda@group-E964BE911FCC: changes role from  FOLLOWER to FOLLOWER at term 363 for recognizeCandidate:92ce6e48-4722-407a-9620-5998c6999257
2019-10-18 14:02:09,017 [Thread-2431] INFO  impl.FollowerState (FollowerState.java:run(117)) - 6cbfae60-ea29-4abc-a49d-ef94f4bd513a@group-E964BE911FCC-FollowerState was interrupted: java.lang.InterruptedException: sleep interrupted
2019-10-18 14:02:09,017 [grpc-default-executor-1] INFO  impl.RoleInfo (RoleInfo.java:updateAndGet(143)) - 6cbfae60-ea29-4abc-a49d-ef94f4bd513a: start FollowerState
2019-10-18 14:02:09,017 [grpc-default-executor-0] INFO  impl.RoleInfo (RoleInfo.java:shutdownFollowerState(121)) - 66f9d00c-1e97-4252-958c-bed5a531abda: shutdown FollowerState
2019-10-18 14:02:09,018 [grpc-default-executor-0] INFO  impl.RoleInfo (RoleInfo.java:updateAndGet(143)) - 66f9d00c-1e97-4252-958c-bed5a531abda: start FollowerState
2019-10-18 14:02:09,018 [Thread-2432] INFO  impl.FollowerState (FollowerState.java:run(117)) - 66f9d00c-1e97-4252-958c-bed5a531abda@group-E964BE911FCC-FollowerState was interrupted: java.lang.InterruptedException: sleep interrupted
2019-10-18 14:02:09,032 [92ce6e48-4722-407a-9620-5998c6999257@group-E964BE911FCC-LeaderElection330] INFO  impl.LeaderElection (LeaderElection.java:logAndReturn(56)) - 92ce6e48-4722-407a-9620-5998c6999257@group-E964BE911FCC-LeaderElection330: Election REJECTED; received 2 response(s) [92ce6e48-4722-407a-9620-5998c6999257<-6cbfae60-ea29-4abc-a49d-ef94f4bd513a#0:FAIL-t363, 92ce6e48-4722-407a-9620-5998c6999257<-66f9d00c-1e97-4252-958c-bed5a531abda#0:FAIL-t363] and 0 exception(s); 92ce6e48-4722-407a-9620-5998c6999257@group-E964BE911FCC:t363, leader=null, voted=92ce6e48-4722-407a-9620-5998c6999257, raftlog=92ce6e48-4722-407a-9620-5998c6999257@group-E964BE911FCC-SegmentedRaftLog:OPENED:c-1,f-1,i0, conf=-1: [6cbfae60-ea29-4abc-a49d-ef94f4bd513a:192.168.69.85:36685, 66f9d00c-1e97-4252-958c-bed5a531abda:192.168.69.85:45996, 92ce6e48-4722-407a-9620-5998c6999257:192.168.69.85:34971], old=null
2019-10-18 14:02:09,032 [92ce6e48-4722-407a-9620-5998c6999257@group-E964BE911FCC-LeaderElection330] INFO  impl.RaftServerImpl (RaftServerImpl.java:setRole(184)) - 92ce6e48-4722-407a-9620-5998c6999257@group-E964BE911FCC: changes role from CANDIDATE to FOLLOWER at term 363 for DISCOVERED_A_NEW_TERM
2019-10-18 14:02:09,032 [92ce6e48-4722-407a-9620-5998c6999257@group-E964BE911FCC-LeaderElection330] INFO  impl.RoleInfo (RoleInfo.java:shutdownLeaderElection(134)) - 92ce6e48-4722-407a-9620-5998c6999257: shutdown LeaderElection
2019-10-18 14:02:09,032 [92ce6e48-4722-407a-9620-5998c6999257@group-E964BE911FCC-LeaderElection330] INFO  impl.RoleInfo (RoleInfo.java:updateAndGet(143)) - 92ce6e48-4722-407a-9620-5998c6999257: start FollowerState
2019-10-18 14:02:09,120 [Thread-2439] INFO  impl.FollowerState (FollowerState.java:run(108)) - 92ce6e48-4722-407a-9620-5998c6999257@group-E964BE911FCC-FollowerState: change to CANDIDATE, lastRpcTime:88ms, electionTimeout:88ms
2019-10-18 14:02:09,120 [Thread-2439] INFO  impl.RoleInfo (RoleInfo.java:shutdownFollowerState(121)) - 92ce6e48-4722-407a-9620-5998c6999257: shutdown FollowerState
2019-10-18 14:02:09,120 [Thread-2439] INFO  impl.RaftServerImpl (RaftServerImpl.java:setRole(184)) - 92ce6e48-4722-407a-9620-5998c6999257@group-E964BE911FCC: changes role from  FOLLOWER to CANDIDATE at term 363 for changeToCandidate
2019-10-18 14:02:09,121 [Thread-2439] INFO  impl.RoleInfo (RoleInfo.java:updateAndGet(143)) - 92ce6e48-4722-407a-9620-5998c6999257: start LeaderElection
2019-10-18 14:02:09,135 [92ce6e48-4722-407a-9620-5998c6999257@group-E964BE911FCC-LeaderElection331] INFO  impl.LeaderElection (LeaderElection.java:askForVotes(178)) - 92ce6e48-4722-407a-9620-5998c6999257@group-E964BE911FCC-LeaderElection331: begin an election at term 364 for -1: [6cbfae60-ea29-4abc-a49d-ef94f4bd513a:192.168.69.85:36685, 66f9d00c-1e97-4252-958c-bed5a531abda:192.168.69.85:45996, 92ce6e48-4722-407a-9620-5998c6999257:192.168.69.85:34971], old=null
2019-10-18 14:02:09,137 [grpc-default-executor-0] INFO  impl.RaftServerImpl (RaftServerImpl.java:setRole(184)) - 6cbfae60-ea29-4abc-a49d-ef94f4bd513a@group-E964BE911FCC: changes role from  FOLLOWER to FOLLOWER at term 364 for recognizeCandidate:92ce6e48-4722-407a-9620-5998c6999257
2019-10-18 14:02:09,137 [grpc-default-executor-0] INFO  impl.RoleInfo (RoleInfo.java:shutdownFollowerState(121)) - 6cbfae60-ea29-4abc-a49d-ef94f4bd513a: shutdown FollowerState
2019-10-18 14:02:09,137 [grpc-default-executor-0] INFO  impl.RoleInfo (RoleInfo.java:updateAndGet(143)) - 6cbfae60-ea29-4abc-a49d-ef94f4bd513a: start FollowerState
2019-10-18 14:02:09,137 [Thread-2437] INFO  impl.FollowerState (FollowerState.java:run(117)) - 6cbfae60-ea29-4abc-a49d-ef94f4bd513a@group-E964BE911FCC-FollowerState was interrupted: java.lang.InterruptedException: sleep interrupted
2019-10-18 14:02:09,137 [grpc-default-executor-1] INFO  impl.RaftServerImpl (RaftServerImpl.java:setRole(184)) - 66f9d00c-1e97-4252-958c-bed5a531abda@group-E964BE911FCC: changes role from  FOLLOWER to FOLLOWER at term 364 for recognizeCandidate:92ce6e48-4722-407a-9620-5998c6999257
2019-10-18 14:02:09,138 [grpc-default-executor-1] INFO  impl.RoleInfo (RoleInfo.java:shutdownFollowerState(121)) - 66f9d00c-1e97-4252-958c-bed5a531abda: shutdown FollowerState
2019-10-18 14:02:09,138 [grpc-default-executor-1] INFO  impl.RoleInfo (RoleInfo.java:updateAndGet(143)) - 66f9d00c-1e97-4252-958c-bed5a531abda: start FollowerState
2019-10-18 14:02:09,138 [Thread-2438] INFO  impl.FollowerState (FollowerState.java:run(117)) - 66f9d00c-1e97-4252-958c-bed5a531abda@group-E964BE911FCC-FollowerState was interrupted: java.lang.InterruptedException: sleep interrupted
2019-10-18 14:02:09,154 [92ce6e48-4722-407a-9620-5998c6999257@group-E964BE911FCC-LeaderElection331] INFO  impl.LeaderElection (LeaderElection.java:logAndReturn(56)) - 92ce6e48-4722-407a-9620-5998c6999257@group-E964BE911FCC-LeaderElection331: Election REJECTED; received 2 response(s) [92ce6e48-4722-407a-9620-5998c6999257<-6cbfae60-ea29-4abc-a49d-ef94f4bd513a#0:FAIL-t364, 92ce6e48-4722-407a-9620-5998c6999257<-66f9d00c-1e97-4252-958c-bed5a531abda#0:FAIL-t364] and 0 exception(s); 92ce6e48-4722-407a-9620-5998c6999257@group-E964BE911FCC:t364, leader=null, voted=92ce6e48-4722-407a-9620-5998c6999257, raftlog=92ce6e48-4722-407a-9620-5998c6999257@group-E964BE911FCC-SegmentedRaftLog:OPENED:c-1,f-1,i0, conf=-1: [6cbfae60-ea29-4abc-a49d-ef94f4bd513a:192.168.69.85:36685, 66f9d00c-1e97-4252-958c-bed5a531abda:192.168.69.85:45996, 92ce6e48-4722-407a-9620-5998c6999257:192.168.69.85:34971], old=null
2019-10-18 14:02:09,154 [92ce6e48-4722-407a-9620-5998c6999257@group-E964BE911FCC-LeaderElection331] INFO  impl.RaftServerImpl (RaftServerImpl.java:setRole(184)) - 92ce6e48-4722-407a-9620-5998c6999257@group-E964BE911FCC: changes role from CANDIDATE to FOLLOWER at term 364 for DISCOVERED_A_NEW_TERM
2019-10-18 14:02:09,154 [92ce6e48-4722-407a-9620-5998c6999257@group-E964BE911FCC-LeaderElection331] INFO  impl.RoleInfo (RoleInfo.java:shutdownLeaderElection(134)) - 92ce6e48-4722-407a-9620-5998c6999257: shutdown LeaderElection
2019-10-18 14:02:09,154 [92ce6e48-4722-407a-9620-5998c6999257@group-E964BE911FCC-LeaderElection331] INFO  impl.RoleInfo (RoleInfo.java:updateAndGet(143)) - 92ce6e48-4722-407a-9620-5998c6999257: start FollowerState
2019-10-18 14:02:09,265 [Thread-2445] INFO  impl.FollowerState (FollowerState.java:run(108)) - 92ce6e48-4722-407a-9620-5998c6999257@group-E964BE911FCC-FollowerState: change to CANDIDATE, lastRpcTime:111ms, electionTimeout:111ms
2019-10-18 14:02:09,266 [Thread-2445] INFO  impl.RoleInfo (RoleInfo.java:shutdownFollowerState(121)) - 92ce6e48-4722-407a-9620-5998c6999257: shutdown FollowerState
2019-10-18 14:02:09,266 [Thread-2445] INFO  impl.RaftServerImpl (RaftServerImpl.java:setRole(184)) - 92ce6e48-4722-407a-9620-5998c6999257@group-E964BE911FCC: changes role from  FOLLOWER to CANDIDATE at term 364 for changeToCandidate
2019-10-18 14:02:09,266 [Thread-2445] INFO  impl.RoleInfo (RoleInfo.java:updateAndGet(143)) - 92ce6e48-4722-407a-9620-5998c6999257: start LeaderElection
2019-10-18 14:02:09,293 [92ce6e48-4722-407a-9620-5998c6999257@group-E964BE911FCC-LeaderElection332] INFO  impl.LeaderElection (LeaderElection.java:askForVotes(178)) - 92ce6e48-4722-407a-9620-5998c6999257@group-E964BE911FCC-LeaderElection332: begin an election at term 365 for -1: [6cbfae60-ea29-4abc-a49d-ef94f4bd513a:192.168.69.85:36685, 66f9d00c-1e97-4252-958c-bed5a531abda:192.168.69.85:45996, 92ce6e48-4722-407a-9620-5998c6999257:192.168.69.85:34971], old=null
2019-10-18 14:02:09,295 [grpc-default-executor-1] INFO  impl.RaftServerImpl (RaftServerImpl.java:setRole(184)) - 6cbfae60-ea29-4abc-a49d-ef94f4bd513a@group-E964BE911FCC: changes role from  FOLLOWER to FOLLOWER at term 365 for recognizeCandidate:92ce6e48-4722-407a-9620-5998c6999257
2019-10-18 14:02:09,295 [grpc-default-executor-0] INFO  impl.RaftServerImpl (RaftServerImpl.java:setRole(184)) - 66f9d00c-1e97-4252-958c-bed5a531abda@group-E964BE911FCC: changes role from  FOLLOWER to FOLLOWER at term 365 for recognizeCandidate:92ce6e48-4722-407a-9620-5998c6999257
2019-10-18 14:02:09,296 [grpc-default-executor-0] INFO  impl.RoleInfo (RoleInfo.java:shutdownFollowerState(121)) - 66f9d00c-1e97-4252-958c-bed5a531abda: shutdown FollowerState
2019-10-18 14:02:09,296 [grpc-default-executor-1] INFO  impl.RoleInfo (RoleInfo.java:shutdownFollowerState(121)) - 6cbfae60-ea29-4abc-a49d-ef94f4bd513a: shutdown FollowerState
2019-10-18 14:02:09,296 [Thread-2444] INFO  impl.FollowerState (FollowerState.java:run(117)) - 66f9d00c-1e97-4252-958c-bed5a531abda@group-E964BE911FCC-FollowerState was interrupted: java.lang.InterruptedException: sleep interrupted
2019-10-18 14:02:09,296 [grpc-default-executor-0] INFO  impl.RoleInfo (RoleInfo.java:updateAndGet(143)) - 66f9d00c-1e97-4252-958c-bed5a531abda: start FollowerState
2019-10-18 14:02:09,296 [Thread-2443] INFO  impl.FollowerState (FollowerState.java:run(117)) - 6cbfae60-ea29-4abc-a49d-ef94f4bd513a@group-E964BE911FCC-FollowerState was interrupted: java.lang.InterruptedException: sleep interrupted
2019-10-18 14:02:09,296 [grpc-default-executor-1] INFO  impl.RoleInfo (RoleInfo.java:updateAndGet(143)) - 6cbfae60-ea29-4abc-a49d-ef94f4bd513a: start FollowerState
2019-10-18 14:02:09,321 [92ce6e48-4722-407a-9620-5998c6999257@group-E964BE911FCC-LeaderElection332] INFO  impl.LeaderElection (LeaderElection.java:logAndReturn(56)) - 92ce6e48-4722-407a-9620-5998c6999257@group-E964BE911FCC-LeaderElection332: Election REJECTED; received 2 response(s) [92ce6e48-4722-407a-9620-5998c6999257<-6cbfae60-ea29-4abc-a49d-ef94f4bd513a#0:FAIL-t365, 92ce6e48-4722-407a-9620-5998c6999257<-66f9d00c-1e97-4252-958c-bed5a531abda#0:FAIL-t365] and 0 exception(s); 92ce6e48-4722-407a-9620-5998c6999257@group-E964BE911FCC:t365, leader=null, voted=92ce6e48-4722-407a-9620-5998c6999257, raftlog=92ce6e48-4722-407a-9620-5998c6999257@group-E964BE911FCC-SegmentedRaftLog:OPENED:c-1,f-1,i0, conf=-1: [6cbfae60-ea29-4abc-a49d-ef94f4bd513a:192.168.69.85:36685, 66f9d00c-1e97-4252-958c-bed5a531abda:192.168.69.85:45996, 92ce6e48-4722-407a-9620-5998c6999257:192.168.69.85:34971], old=null
2019-10-18 14:02:09,322 [92ce6e48-4722-407a-9620-5998c6999257@group-E964BE911FCC-LeaderElection332] INFO  impl.RaftServerImpl (RaftServerImpl.java:setRole(184)) - 92ce6e48-4722-407a-9620-5998c6999257@group-E964BE911FCC: changes role from CANDIDATE to FOLLOWER at term 365 for DISCOVERED_A_NEW_TERM
2019-10-18 14:02:09,322 [92ce6e48-4722-407a-9620-5998c6999257@group-E964BE911FCC-LeaderElection332] INFO  impl.RoleInfo (RoleInfo.java:shutdownLeaderElection(134)) - 92ce6e48-4722-407a-9620-5998c6999257: shutdown LeaderElection
2019-10-18 14:02:09,322 [92ce6e48-4722-407a-9620-5998c6999257@group-E964BE911FCC-LeaderElection332] INFO  impl.RoleInfo (RoleInfo.java:updateAndGet(143)) - 92ce6e48-4722-407a-9620-5998c6999257: start FollowerState
2019-10-18 14:02:09,366 [Thread-2451] INFO  impl.FollowerState (FollowerState.java:run(108)) - 92ce6e48-4722-407a-9620-5998c6999257@group-E964BE911FCC-FollowerState: change to CANDIDATE, lastRpcTime:43ms, electionTimeout:43ms
2019-10-18 14:02:09,366 [Thread-2451] INFO  impl.RoleInfo (RoleInfo.java:shutdownFollowerState(121)) - 92ce6e48-4722-407a-9620-5998c6999257: shutdown FollowerState
2019-10-18 14:02:09,366 [Thread-2451] INFO  impl.RaftServerImpl (RaftServerImpl.java:setRole(184)) - 92ce6e48-4722-407a-9620-5998c6999257@group-E964BE911FCC: changes role from  FOLLOWER to CANDIDATE at term 365 for changeToCandidate
2019-10-18 14:02:09,366 [Thread-2451] INFO  impl.RoleInfo (RoleInfo.java:updateAndGet(143)) - 92ce6e48-4722-407a-9620-5998c6999257: start LeaderElection
2019-10-18 14:02:09,380 [92ce6e48-4722-407a-9620-5998c6999257@group-E964BE911FCC-LeaderElection333] INFO  impl.LeaderElection (LeaderElection.java:askForVotes(178)) - 92ce6e48-4722-407a-9620-5998c6999257@group-E964BE911FCC-LeaderElection333: begin an election at term 366 for -1: [6cbfae60-ea29-4abc-a49d-ef94f4bd513a:192.168.69.85:36685, 66f9d00c-1e97-4252-958c-bed5a531abda:192.168.69.85:45996, 92ce6e48-4722-407a-9620-5998c6999257:192.168.69.85:34971], old=null
2019-10-18 14:02:09,381 [grpc-default-executor-0] INFO  impl.RaftServerImpl (RaftServerImpl.java:setRole(184)) - 66f9d00c-1e97-4252-958c-bed5a531abda@group-E964BE911FCC: changes role from  FOLLOWER to FOLLOWER at term 366 for recognizeCandidate:92ce6e48-4722-407a-9620-5998c6999257
2019-10-18 14:02:09,381 [grpc-default-executor-1] INFO  impl.RaftServerImpl (RaftServerImpl.java:setRole(184)) - 6cbfae60-ea29-4abc-a49d-ef94f4bd513a@group-E964BE911FCC: changes role from  FOLLOWER to FOLLOWER at term 366 for recognizeCandidate:92ce6e48-4722-407a-9620-5998c6999257
2019-10-18 14:02:09,382 [grpc-default-executor-1] INFO  impl.RoleInfo (RoleInfo.java:shutdownFollowerState(121)) - 6cbfae60-ea29-4abc-a49d-ef94f4bd513a: shutdown FollowerState
2019-10-18 14:02:09,382 [grpc-default-executor-0] INFO  impl.RoleInfo (RoleInfo.java:shutdownFollowerState(121)) - 66f9d00c-1e97-4252-958c-bed5a531abda: shutdown FollowerState
2019-10-18 14:02:09,382 [grpc-default-executor-1] INFO  impl.RoleInfo (RoleInfo.java:updateAndGet(143)) - 6cbfae60-ea29-4abc-a49d-ef94f4bd513a: start FollowerState
2019-10-18 14:02:09,382 [Thread-2449] INFO  impl.FollowerState (FollowerState.java:run(117)) - 66f9d00c-1e97-4252-958c-bed5a531abda@group-E964BE911FCC-FollowerState was interrupted: java.lang.InterruptedException: sleep interrupted
2019-10-18 14:02:09,382 [grpc-default-executor-0] INFO  impl.RoleInfo (RoleInfo.java:updateAndGet(143)) - 66f9d00c-1e97-4252-958c-bed5a531abda: start FollowerState
2019-10-18 14:02:09,382 [Thread-2450] INFO  impl.FollowerState (FollowerState.java:run(117)) - 6cbfae60-ea29-4abc-a49d-ef94f4bd513a@group-E964BE911FCC-FollowerState was interrupted: java.lang.InterruptedException: sleep interrupted
2019-10-18 14:02:09,395 [92ce6e48-4722-407a-9620-5998c6999257@group-E964BE911FCC-LeaderElection333] INFO  impl.LeaderElection (LeaderElection.java:logAndReturn(56)) - 92ce6e48-4722-407a-9620-5998c6999257@group-E964BE911FCC-LeaderElection333: Election REJECTED; received 2 response(s) [92ce6e48-4722-407a-9620-5998c6999257<-6cbfae60-ea29-4abc-a49d-ef94f4bd513a#0:FAIL-t366, 92ce6e48-4722-407a-9620-5998c6999257<-66f9d00c-1e97-4252-958c-bed5a531abda#0:FAIL-t366] and 0 exception(s); 92ce6e48-4722-407a-9620-5998c6999257@group-E964BE911FCC:t366, leader=null, voted=92ce6e48-4722-407a-9620-5998c6999257, raftlog=92ce6e48-4722-407a-9620-5998c6999257@group-E964BE911FCC-SegmentedRaftLog:OPENED:c-1,f-1,i0, conf=-1: [6cbfae60-ea29-4abc-a49d-ef94f4bd513a:192.168.69.85:36685, 66f9d00c-1e97-4252-958c-bed5a531abda:192.168.69.85:45996, 92ce6e48-4722-407a-9620-5998c6999257:192.168.69.85:34971], old=null
2019-10-18 14:02:09,395 [92ce6e48-4722-407a-9620-5998c6999257@group-E964BE911FCC-LeaderElection333] INFO  impl.RaftServerImpl (RaftServerImpl.java:setRole(184)) - 92ce6e48-4722-407a-9620-5998c6999257@group-E964BE911FCC: changes role from CANDIDATE to FOLLOWER at term 366 for DISCOVERED_A_NEW_TERM
2019-10-18 14:02:09,395 [92ce6e48-4722-407a-9620-5998c6999257@group-E964BE911FCC-LeaderElection333] INFO  impl.RoleInfo (RoleInfo.java:shutdownLeaderElection(134)) - 92ce6e48-4722-407a-9620-5998c6999257: shutdown LeaderElection
2019-10-18 14:02:09,395 [92ce6e48-4722-407a-9620-5998c6999257@group-E964BE911FCC-LeaderElection333] INFO  impl.RoleInfo (RoleInfo.java:updateAndGet(143)) - 92ce6e48-4722-407a-9620-5998c6999257: start FollowerState
2019-10-18 14:02:09,469 [Thread-2457] INFO  impl.FollowerState (FollowerState.java:run(108)) - 92ce6e48-4722-407a-9620-5998c6999257@group-E964BE911FCC-FollowerState: change to CANDIDATE, lastRpcTime:73ms, electionTimeout:73ms
2019-10-18 14:02:09,469 [Thread-2457] INFO  impl.RoleInfo (RoleInfo.java:shutdownFollowerState(121)) - 92ce6e48-4722-407a-9620-5998c6999257: shutdown FollowerState
2019-10-18 14:02:09,469 [Thread-2457] INFO  impl.RaftServerImpl (RaftServerImpl.java:setRole(184)) - 92ce6e48-4722-407a-9620-5998c6999257@group-E964BE911FCC: changes role from  FOLLOWER to CANDIDATE at term 366 for changeToCandidate
2019-10-18 14:02:09,469 [Thread-2457] INFO  impl.RoleInfo (RoleInfo.java:updateAndGet(143)) - 92ce6e48-4722-407a-9620-5998c6999257: start LeaderElection
2019-10-18 14:02:09,483 [92ce6e48-4722-407a-9620-5998c6999257@group-E964BE911FCC-LeaderElection334] INFO  impl.LeaderElection (LeaderElection.java:askForVotes(178)) - 92ce6e48-4722-407a-9620-5998c6999257@group-E964BE911FCC-LeaderElection334: begin an election at term 367 for -1: [6cbfae60-ea29-4abc-a49d-ef94f4bd513a:192.168.69.85:36685, 66f9d00c-1e97-4252-958c-bed5a531abda:192.168.69.85:45996, 92ce6e48-4722-407a-9620-5998c6999257:192.168.69.85:34971], old=null
2019-10-18 14:02:09,486 [grpc-default-executor-1] INFO  impl.RaftServerImpl (RaftServerImpl.java:setRole(184)) - 66f9d00c-1e97-4252-958c-bed5a531abda@group-E964BE911FCC: changes role from  FOLLOWER to FOLLOWER at term 367 for recognizeCandidate:92ce6e48-4722-407a-9620-5998c6999257
2019-10-18 14:02:09,486 [grpc-default-executor-0] INFO  impl.RaftServerImpl (RaftServerImpl.java:setRole(184)) - 6cbfae60-ea29-4abc-a49d-ef94f4bd513a@group-E964BE911FCC: changes role from  FOLLOWER to FOLLOWER at term 367 for recognizeCandidate:92ce6e48-4722-407a-9620-5998c6999257
2019-10-18 14:02:09,487 [grpc-default-executor-0] INFO  impl.RoleInfo (RoleInfo.java:shutdownFollowerState(121)) - 6cbfae60-ea29-4abc-a49d-ef94f4bd513a: shutdown FollowerState
2019-10-18 14:02:09,486 [grpc-default-executor-1] INFO  impl.RoleInfo (RoleInfo.java:shutdownFollowerState(121)) - 66f9d00c-1e97-4252-958c-bed5a531abda: shutdown FollowerState
2019-10-18 14:02:09,487 [Thread-2455] INFO  impl.FollowerState (FollowerState.java:run(117)) - 6cbfae60-ea29-4abc-a49d-ef94f4bd513a@group-E964BE911FCC-FollowerState was interrupted: java.lang.InterruptedException: sleep interrupted
2019-10-18 14:02:09,487 [grpc-default-executor-0] INFO  impl.RoleInfo (RoleInfo.java:updateAndGet(143)) - 6cbfae60-ea29-4abc-a49d-ef94f4bd513a: start FollowerState
2019-10-18 14:02:09,487 [Thread-2456] INFO  impl.FollowerState (FollowerState.java:run(117)) - 66f9d00c-1e97-4252-958c-bed5a531abda@group-E964BE911FCC-FollowerState was interrupted: java.lang.InterruptedException: sleep interrupted
2019-10-18 14:02:09,487 [grpc-default-executor-1] INFO  impl.RoleInfo (RoleInfo.java:updateAndGet(143)) - 66f9d00c-1e97-4252-958c-bed5a531abda: start FollowerState
2019-10-18 14:02:09,501 [92ce6e48-4722-407a-9620-5998c6999257@group-E964BE911FCC-LeaderElection334] INFO  impl.LeaderElection (LeaderElection.java:logAndReturn(56)) - 92ce6e48-4722-407a-9620-5998c6999257@group-E964BE911FCC-LeaderElection334: Election TIMEOUT; received 0 response(s) [] and 0 exception(s); 92ce6e48-4722-407a-9620-5998c6999257@group-E964BE911FCC:t367, leader=null, voted=92ce6e48-4722-407a-9620-5998c6999257, raftlog=92ce6e48-4722-407a-9620-5998c6999257@group-E964BE911FCC-SegmentedRaftLog:OPENED:c-1,f-1,i0, conf=-1: [6cbfae60-ea29-4abc-a49d-ef94f4bd513a:192.168.69.85:36685, 66f9d00c-1e97-4252-958c-bed5a531abda:192.168.69.85:45996, 92ce6e48-4722-407a-9620-5998c6999257:192.168.69.85:34971], old=null
2019-10-18 14:02:09,514 [92ce6e48-4722-407a-9620-5998c6999257@group-E964BE911FCC-LeaderElection334] INFO  impl.LeaderElection (LeaderElection.java:askForVotes(178)) - 92ce6e48-4722-407a-9620-5998c6999257@group-E964BE911FCC-LeaderElection334: begin an election at term 368 for -1: [6cbfae60-ea29-4abc-a49d-ef94f4bd513a:192.168.69.85:36685, 66f9d00c-1e97-4252-958c-bed5a531abda:192.168.69.85:45996, 92ce6e48-4722-407a-9620-5998c6999257:192.168.69.85:34971], old=null
2019-10-18 14:02:09,515 [grpc-default-executor-1] INFO  impl.RaftServerImpl (RaftServerImpl.java:setRole(184)) - 6cbfae60-ea29-4abc-a49d-ef94f4bd513a@group-E964BE911FCC: changes role from  FOLLOWER to FOLLOWER at term 368 for recognizeCandidate:92ce6e48-4722-407a-9620-5998c6999257
2019-10-18 14:02:09,515 [grpc-default-executor-0] INFO  impl.RaftServerImpl (RaftServerImpl.java:setRole(184)) - 66f9d00c-1e97-4252-958c-bed5a531abda@group-E964BE911FCC: changes role from  FOLLOWER to FOLLOWER at term 368 for recognizeCandidate:92ce6e48-4722-407a-9620-5998c6999257
2019-10-18 14:02:09,516 [grpc-default-executor-0] INFO  impl.RoleInfo (RoleInfo.java:shutdownFollowerState(121)) - 66f9d00c-1e97-4252-958c-bed5a531abda: shutdown FollowerState
2019-10-18 14:02:09,515 [grpc-default-executor-1] INFO  impl.RoleInfo (RoleInfo.java:shutdownFollowerState(121)) - 6cbfae60-ea29-4abc-a49d-ef94f4bd513a: shutdown FollowerState
2019-10-18 14:02:09,516 [Thread-2462] INFO  impl.FollowerState (FollowerState.java:run(117)) - 66f9d00c-1e97-4252-958c-bed5a531abda@group-E964BE911FCC-FollowerState was interrupted: java.lang.InterruptedException: sleep interrupted
2019-10-18 14:02:09,516 [grpc-default-executor-0] INFO  impl.RoleInfo (RoleInfo.java:updateAndGet(143)) - 66f9d00c-1e97-4252-958c-bed5a531abda: start FollowerState
2019-10-18 14:02:09,516 [Thread-2461] INFO  impl.FollowerState (FollowerState.java:run(117)) - 6cbfae60-ea29-4abc-a49d-ef94f4bd513a@group-E964BE911FCC-FollowerState was interrupted: java.lang.InterruptedException: sleep interrupted
2019-10-18 14:02:09,516 [grpc-default-executor-1] INFO  impl.RoleInfo (RoleInfo.java:updateAndGet(143)) - 6cbfae60-ea29-4abc-a49d-ef94f4bd513a: start FollowerState
2019-10-18 14:02:09,523 [92ce6e48-4722-407a-9620-5998c6999257@group-E964BE911FCC-LeaderElection334] INFO  impl.LeaderElection (LeaderElection.java:logAndReturn(56)) - 92ce6e48-4722-407a-9620-5998c6999257@group-E964BE911FCC-LeaderElection334: Election TIMEOUT; received 0 response(s) [] and 0 exception(s); 92ce6e48-4722-407a-9620-5998c6999257@group-E964BE911FCC:t368, leader=null, voted=92ce6e48-4722-407a-9620-5998c6999257, raftlog=92ce6e48-4722-407a-9620-5998c6999257@group-E964BE911FCC-SegmentedRaftLog:OPENED:c-1,f-1,i0, conf=-1: [6cbfae60-ea29-4abc-a49d-ef94f4bd513a:192.168.69.85:36685, 66f9d00c-1e97-4252-958c-bed5a531abda:192.168.69.85:45996, 92ce6e48-4722-407a-9620-5998c6999257:192.168.69.85:34971], old=null
2019-10-18 14:02:09,542 [92ce6e48-4722-407a-9620-5998c6999257@group-E964BE911FCC-LeaderElection334] INFO  impl.LeaderElection (LeaderElection.java:askForVotes(178)) - 92ce6e48-4722-407a-9620-5998c6999257@group-E964BE911FCC-LeaderElection334: begin an election at term 369 for -1: [6cbfae60-ea29-4abc-a49d-ef94f4bd513a:192.168.69.85:36685, 66f9d00c-1e97-4252-958c-bed5a531abda:192.168.69.85:45996, 92ce6e48-4722-407a-9620-5998c6999257:192.168.69.85:34971], old=null
2019-10-18 14:02:09,544 [grpc-default-executor-0] INFO  impl.RaftServerImpl (RaftServerImpl.java:setRole(184)) - 66f9d00c-1e97-4252-958c-bed5a531abda@group-E964BE911FCC: changes role from  FOLLOWER to FOLLOWER at term 369 for recognizeCandidate:92ce6e48-4722-407a-9620-5998c6999257
2019-10-18 14:02:09,545 [grpc-default-executor-1] INFO  impl.RaftServerImpl (RaftServerImpl.java:setRole(184)) - 6cbfae60-ea29-4abc-a49d-ef94f4bd513a@group-E964BE911FCC: changes role from  FOLLOWER to FOLLOWER at term 369 for recognizeCandidate:92ce6e48-4722-407a-9620-5998c6999257
2019-10-18 14:02:09,545 [grpc-default-executor-1] INFO  impl.RoleInfo (RoleInfo.java:shutdownFollowerState(121)) - 6cbfae60-ea29-4abc-a49d-ef94f4bd513a: shutdown FollowerState
2019-10-18 14:02:09,545 [grpc-default-executor-0] INFO  impl.RoleInfo (RoleInfo.java:shutdownFollowerState(121)) - 66f9d00c-1e97-4252-958c-bed5a531abda: shutdown FollowerState
2019-10-18 14:02:09,545 [Thread-2468] INFO  impl.FollowerState (FollowerState.java:run(117)) - 6cbfae60-ea29-4abc-a49d-ef94f4bd513a@group-E964BE911FCC-FollowerState was interrupted: java.lang.InterruptedException: sleep interrupted
2019-10-18 14:02:09,545 [grpc-default-executor-1] INFO  impl.RoleInfo (RoleInfo.java:updateAndGet(143)) - 6cbfae60-ea29-4abc-a49d-ef94f4bd513a: start FollowerState
2019-10-18 14:02:09,545 [grpc-default-executor-0] INFO  impl.RoleInfo (RoleInfo.java:updateAndGet(143)) - 66f9d00c-1e97-4252-958c-bed5a531abda: start FollowerState
2019-10-18 14:02:09,545 [Thread-2467] INFO  impl.FollowerState (FollowerState.java:run(117)) - 66f9d00c-1e97-4252-958c-bed5a531abda@group-E964BE911FCC-FollowerState was interrupted: java.lang.InterruptedException: sleep interrupted
2019-10-18 14:02:09,558 [92ce6e48-4722-407a-9620-5998c6999257@group-E964BE911FCC-LeaderElection334] INFO  impl.LeaderElection (LeaderElection.java:logAndReturn(56)) - 92ce6e48-4722-407a-9620-5998c6999257@group-E964BE911FCC-LeaderElection334: Election REJECTED; received 2 response(s) [92ce6e48-4722-407a-9620-5998c6999257<-6cbfae60-ea29-4abc-a49d-ef94f4bd513a#0:FAIL-t369, 92ce6e48-4722-407a-9620-5998c6999257<-66f9d00c-1e97-4252-958c-bed5a531abda#0:FAIL-t369] and 0 exception(s); 92ce6e48-4722-407a-9620-5998c6999257@group-E964BE911FCC:t369, leader=null, voted=92ce6e48-4722-407a-9620-5998c6999257, raftlog=92ce6e48-4722-407a-9620-5998c6999257@group-E964BE911FCC-SegmentedRaftLog:OPENED:c-1,f-1,i0, conf=-1: [6cbfae60-ea29-4abc-a49d-ef94f4bd513a:192.168.69.85:36685, 66f9d00c-1e97-4252-958c-bed5a531abda:192.168.69.85:45996, 92ce6e48-4722-407a-9620-5998c6999257:192.168.69.85:34971], old=null
2019-10-18 14:02:09,558 [92ce6e48-4722-407a-9620-5998c6999257@group-E964BE911FCC-LeaderElection334] INFO  impl.RaftServerImpl (RaftServerImpl.java:setRole(184)) - 92ce6e48-4722-407a-9620-5998c6999257@group-E964BE911FCC: changes role from CANDIDATE to FOLLOWER at term 369 for DISCOVERED_A_NEW_TERM
2019-10-18 14:02:09,558 [92ce6e48-4722-407a-9620-5998c6999257@group-E964BE911FCC-LeaderElection334] INFO  impl.RoleInfo (RoleInfo.java:shutdownLeaderElection(134)) - 92ce6e48-4722-407a-9620-5998c6999257: shutdown LeaderElection
2019-10-18 14:02:09,558 [92ce6e48-4722-407a-9620-5998c6999257@group-E964BE911FCC-LeaderElection334] INFO  impl.RoleInfo (RoleInfo.java:updateAndGet(143)) - 92ce6e48-4722-407a-9620-5998c6999257: start FollowerState
2019-10-18 14:02:09,582 [Thread-2473] INFO  impl.FollowerState (FollowerState.java:run(108)) - 92ce6e48-4722-407a-9620-5998c6999257@group-E964BE911FCC-FollowerState: change to CANDIDATE, lastRpcTime:23ms, electionTimeout:23ms
2019-10-18 14:02:09,582 [Thread-2473] INFO  impl.RoleInfo (RoleInfo.java:shutdownFollowerState(121)) - 92ce6e48-4722-407a-9620-5998c6999257: shutdown FollowerState
2019-10-18 14:02:09,582 [Thread-2473] INFO  impl.RaftServerImpl (RaftServerImpl.java:setRole(184)) - 92ce6e48-4722-407a-9620-5998c6999257@group-E964BE911FCC: changes role from  FOLLOWER to CANDIDATE at term 369 for changeToCandidate
2019-10-18 14:02:09,582 [Thread-2473] INFO  impl.RoleInfo (RoleInfo.java:updateAndGet(143)) - 92ce6e48-4722-407a-9620-5998c6999257: start LeaderElection
2019-10-18 14:02:09,595 [92ce6e48-4722-407a-9620-5998c6999257@group-E964BE911FCC-LeaderElection335] INFO  impl.LeaderElection (LeaderElection.java:askForVotes(178)) - 92ce6e48-4722-407a-9620-5998c6999257@group-E964BE911FCC-LeaderElection335: begin an election at term 370 for -1: [6cbfae60-ea29-4abc-a49d-ef94f4bd513a:192.168.69.85:36685, 66f9d00c-1e97-4252-958c-bed5a531abda:192.168.69.85:45996, 92ce6e48-4722-407a-9620-5998c6999257:192.168.69.85:34971], old=null
2019-10-18 14:02:09,597 [grpc-default-executor-1] INFO  impl.RaftServerImpl (RaftServerImpl.java:setRole(184)) - 66f9d00c-1e97-4252-958c-bed5a531abda@group-E964BE911FCC: changes role from  FOLLOWER to FOLLOWER at term 370 for recognizeCandidate:92ce6e48-4722-407a-9620-5998c6999257
2019-10-18 14:02:09,597 [grpc-default-executor-1] INFO  impl.RoleInfo (RoleInfo.java:shutdownFollowerState(121)) - 66f9d00c-1e97-4252-958c-bed5a531abda: shutdown FollowerState
2019-10-18 14:02:09,597 [grpc-default-executor-0] INFO  impl.RaftServerImpl (RaftServerImpl.java:setRole(184)) - 6cbfae60-ea29-4abc-a49d-ef94f4bd513a@group-E964BE911FCC: changes role from  FOLLOWER to FOLLOWER at term 370 for recognizeCandidate:92ce6e48-4722-407a-9620-5998c6999257
2019-10-18 14:02:09,597 [Thread-2472] INFO  impl.FollowerState (FollowerState.java:run(117)) - 66f9d00c-1e97-4252-958c-bed5a531abda@group-E964BE911FCC-FollowerState was interrupted: java.lang.InterruptedException: sleep interrupted
2019-10-18 14:02:09,597 [grpc-default-executor-1] INFO  impl.RoleInfo (RoleInfo.java:updateAndGet(143)) - 66f9d00c-1e97-4252-958c-bed5a531abda: start FollowerState
2019-10-18 14:02:09,597 [grpc-default-executor-0] INFO  impl.RoleInfo (RoleInfo.java:shutdownFollowerState(121)) - 6cbfae60-ea29-4abc-a49d-ef94f4bd513a: shutdown FollowerState
2019-10-18 14:02:09,597 [grpc-default-executor-0] INFO  impl.RoleInfo (RoleInfo.java:updateAndGet(143)) - 6cbfae60-ea29-4abc-a49d-ef94f4bd513a: start FollowerState
2019-10-18 14:02:09,597 [Thread-2471] INFO  impl.FollowerState (FollowerState.java:run(117)) - 6cbfae60-ea29-4abc-a49d-ef94f4bd513a@group-E964BE911FCC-FollowerState was interrupted: java.lang.InterruptedException: sleep interrupted
2019-10-18 14:02:09,603 [92ce6e48-4722-407a-9620-5998c6999257@group-E964BE911FCC-LeaderElection335] INFO  impl.LeaderElection (LeaderElection.java:logAndReturn(56)) - 92ce6e48-4722-407a-9620-5998c6999257@group-E964BE911FCC-LeaderElection335: Election REJECTED; received 2 response(s) [92ce6e48-4722-407a-9620-5998c6999257<-6cbfae60-ea29-4abc-a49d-ef94f4bd513a#0:FAIL-t370, 92ce6e48-4722-407a-9620-5998c6999257<-66f9d00c-1e97-4252-958c-bed5a531abda#0:FAIL-t370] and 0 exception(s); 92ce6e48-4722-407a-9620-5998c6999257@group-E964BE911FCC:t370, leader=null, voted=92ce6e48-4722-407a-9620-5998c6999257, raftlog=92ce6e48-4722-407a-9620-5998c6999257@group-E964BE911FCC-SegmentedRaftLog:OPENED:c-1,f-1,i0, conf=-1: [6cbfae60-ea29-4abc-a49d-ef94f4bd513a:192.168.69.85:36685, 66f9d00c-1e97-4252-958c-bed5a531abda:192.168.69.85:45996, 92ce6e48-4722-407a-9620-5998c6999257:192.168.69.85:34971], old=null
2019-10-18 14:02:09,603 [92ce6e48-4722-407a-9620-5998c6999257@group-E964BE911FCC-LeaderElection335] INFO  impl.RaftServerImpl (RaftServerImpl.java:setRole(184)) - 92ce6e48-4722-407a-9620-5998c6999257@group-E964BE911FCC: changes role from CANDIDATE to FOLLOWER at term 370 for DISCOVERED_A_NEW_TERM
2019-10-18 14:02:09,603 [92ce6e48-4722-407a-9620-5998c6999257@group-E964BE911FCC-LeaderElection335] INFO  impl.RoleInfo (RoleInfo.java:shutdownLeaderElection(134)) - 92ce6e48-4722-407a-9620-5998c6999257: shutdown LeaderElection
2019-10-18 14:02:09,603 [92ce6e48-4722-407a-9620-5998c6999257@group-E964BE911FCC-LeaderElection335] INFO  impl.RoleInfo (RoleInfo.java:updateAndGet(143)) - 92ce6e48-4722-407a-9620-5998c6999257: start FollowerState
2019-10-18 14:02:09,757 [Thread-2479] INFO  impl.FollowerState (FollowerState.java:run(108)) - 92ce6e48-4722-407a-9620-5998c6999257@group-E964BE911FCC-FollowerState: change to CANDIDATE, lastRpcTime:153ms, electionTimeout:153ms
2019-10-18 14:02:09,757 [Thread-2479] INFO  impl.RoleInfo (RoleInfo.java:shutdownFollowerState(121)) - 92ce6e48-4722-407a-9620-5998c6999257: shutdown FollowerState
2019-10-18 14:02:09,757 [Thread-2479] INFO  impl.RaftServerImpl (RaftServerImpl.java:setRole(184)) - 92ce6e48-4722-407a-9620-5998c6999257@group-E964BE911FCC: changes role from  FOLLOWER to CANDIDATE at term 370 for changeToCandidate
2019-10-18 14:02:09,757 [Thread-2479] INFO  impl.RoleInfo (RoleInfo.java:updateAndGet(143)) - 92ce6e48-4722-407a-9620-5998c6999257: start LeaderElection
2019-10-18 14:02:09,772 [92ce6e48-4722-407a-9620-5998c6999257@group-E964BE911FCC-LeaderElection336] INFO  impl.LeaderElection (LeaderElection.java:askForVotes(178)) - 92ce6e48-4722-407a-9620-5998c6999257@group-E964BE911FCC-LeaderElection336: begin an election at term 371 for -1: [6cbfae60-ea29-4abc-a49d-ef94f4bd513a:192.168.69.85:36685, 66f9d00c-1e97-4252-958c-bed5a531abda:192.168.69.85:45996, 92ce6e48-4722-407a-9620-5998c6999257:192.168.69.85:34971], old=null
2019-10-18 14:02:09,774 [grpc-default-executor-1] INFO  impl.RaftServerImpl (RaftServerImpl.java:setRole(184)) - 66f9d00c-1e97-4252-958c-bed5a531abda@group-E964BE911FCC: changes role from  FOLLOWER to FOLLOWER at term 371 for recognizeCandidate:92ce6e48-4722-407a-9620-5998c6999257
2019-10-18 14:02:09,774 [grpc-default-executor-0] INFO  impl.RaftServerImpl (RaftServerImpl.java:setRole(184)) - 6cbfae60-ea29-4abc-a49d-ef94f4bd513a@group-E964BE911FCC: changes role from  FOLLOWER to FOLLOWER at term 371 for recognizeCandidate:92ce6e48-4722-407a-9620-5998c6999257
2019-10-18 14:02:09,774 [grpc-default-executor-1] INFO  impl.RoleInfo (RoleInfo.java:shutdownFollowerState(121)) - 66f9d00c-1e97-4252-958c-bed5a531abda: shutdown FollowerState
2019-10-18 14:02:09,774 [grpc-default-executor-0] INFO  impl.RoleInfo (RoleInfo.java:shutdownFollowerState(121)) - 6cbfae60-ea29-4abc-a49d-ef94f4bd513a: shutdown FollowerState
2019-10-18 14:02:09,774 [grpc-default-executor-1] INFO  impl.RoleInfo (RoleInfo.java:updateAndGet(143)) - 66f9d00c-1e97-4252-958c-bed5a531abda: start FollowerState
2019-10-18 14:02:09,775 [Thread-2478] INFO  impl.FollowerState (FollowerState.java:run(117)) - 6cbfae60-ea29-4abc-a49d-ef94f4bd513a@group-E964BE911FCC-FollowerState was interrupted: java.lang.InterruptedException: sleep interrupted
2019-10-18 14:02:09,775 [grpc-default-executor-0] INFO  impl.RoleInfo (RoleInfo.java:updateAndGet(143)) - 6cbfae60-ea29-4abc-a49d-ef94f4bd513a: start FollowerState
2019-10-18 14:02:09,775 [Thread-2477] INFO  impl.FollowerState (FollowerState.java:run(117)) - 66f9d00c-1e97-4252-958c-bed5a531abda@group-E964BE911FCC-FollowerState was interrupted: java.lang.InterruptedException: sleep interrupted
2019-10-18 14:02:09,800 [92ce6e48-4722-407a-9620-5998c6999257@group-E964BE911FCC-LeaderElection336] INFO  impl.LeaderElection (LeaderElection.java:logAndReturn(56)) - 92ce6e48-4722-407a-9620-5998c6999257@group-E964BE911FCC-LeaderElection336: Election REJECTED; received 2 response(s) [92ce6e48-4722-407a-9620-5998c6999257<-6cbfae60-ea29-4abc-a49d-ef94f4bd513a#0:FAIL-t371, 92ce6e48-4722-407a-9620-5998c6999257<-66f9d00c-1e97-4252-958c-bed5a531abda#0:FAIL-t371] and 0 exception(s); 92ce6e48-4722-407a-9620-5998c6999257@group-E964BE911FCC:t371, leader=null, voted=92ce6e48-4722-407a-9620-5998c6999257, raftlog=92ce6e48-4722-407a-9620-5998c6999257@group-E964BE911FCC-SegmentedRaftLog:OPENED:c-1,f-1,i0, conf=-1: [6cbfae60-ea29-4abc-a49d-ef94f4bd513a:192.168.69.85:36685, 66f9d00c-1e97-4252-958c-bed5a531abda:192.168.69.85:45996, 92ce6e48-4722-407a-9620-5998c6999257:192.168.69.85:34971], old=null
2019-10-18 14:02:09,800 [92ce6e48-4722-407a-9620-5998c6999257@group-E964BE911FCC-LeaderElection336] INFO  impl.RaftServerImpl (RaftServerImpl.java:setRole(184)) - 92ce6e48-4722-407a-9620-5998c6999257@group-E964BE911FCC: changes role from CANDIDATE to FOLLOWER at term 371 for DISCOVERED_A_NEW_TERM
2019-10-18 14:02:09,801 [92ce6e48-4722-407a-9620-5998c6999257@group-E964BE911FCC-LeaderElection336] INFO  impl.RoleInfo (RoleInfo.java:shutdownLeaderElection(134)) - 92ce6e48-4722-407a-9620-5998c6999257: shutdown LeaderElection
2019-10-18 14:02:09,801 [92ce6e48-4722-407a-9620-5998c6999257@group-E964BE911FCC-LeaderElection336] INFO  impl.RoleInfo (RoleInfo.java:updateAndGet(143)) - 92ce6e48-4722-407a-9620-5998c6999257: start FollowerState
2019-10-18 14:02:09,983 [Thread-2485] INFO  impl.FollowerState (FollowerState.java:run(108)) - 92ce6e48-4722-407a-9620-5998c6999257@group-E964BE911FCC-FollowerState: change to CANDIDATE, lastRpcTime:182ms, electionTimeout:182ms
2019-10-18 14:02:09,983 [Thread-2485] INFO  impl.RoleInfo (RoleInfo.java:shutdownFollowerState(121)) - 92ce6e48-4722-407a-9620-5998c6999257: shutdown FollowerState
2019-10-18 14:02:09,983 [Thread-2485] INFO  impl.RaftServerImpl (RaftServerImpl.java:setRole(184)) - 92ce6e48-4722-407a-9620-5998c6999257@group-E964BE911FCC: changes role from  FOLLOWER to CANDIDATE at term 371 for changeToCandidate
2019-10-18 14:02:09,984 [Thread-2485] INFO  impl.RoleInfo (RoleInfo.java:updateAndGet(143)) - 92ce6e48-4722-407a-9620-5998c6999257: start LeaderElection
2019-10-18 14:02:10,009 [92ce6e48-4722-407a-9620-5998c6999257@group-E964BE911FCC-LeaderElection337] INFO  impl.LeaderElection (LeaderElection.java:askForVotes(178)) - 92ce6e48-4722-407a-9620-5998c6999257@group-E964BE911FCC-LeaderElection337: begin an election at term 372 for -1: [6cbfae60-ea29-4abc-a49d-ef94f4bd513a:192.168.69.85:36685, 66f9d00c-1e97-4252-958c-bed5a531abda:192.168.69.85:45996, 92ce6e48-4722-407a-9620-5998c6999257:192.168.69.85:34971], old=null
2019-10-18 14:02:10,011 [grpc-default-executor-0] INFO  impl.RaftServerImpl (RaftServerImpl.java:setRole(184)) - 6cbfae60-ea29-4abc-a49d-ef94f4bd513a@group-E964BE911FCC: changes role from  FOLLOWER to FOLLOWER at term 372 for recognizeCandidate:92ce6e48-4722-407a-9620-5998c6999257
2019-10-18 14:02:10,011 [grpc-default-executor-1] INFO  impl.RaftServerImpl (RaftServerImpl.java:setRole(184)) - 66f9d00c-1e97-4252-958c-bed5a531abda@group-E964BE911FCC: changes role from  FOLLOWER to FOLLOWER at term 372 for recognizeCandidate:92ce6e48-4722-407a-9620-5998c6999257
2019-10-18 14:02:10,011 [grpc-default-executor-1] INFO  impl.RoleInfo (RoleInfo.java:shutdownFollowerState(121)) - 66f9d00c-1e97-4252-958c-bed5a531abda: shutdown FollowerState
2019-10-18 14:02:10,011 [grpc-default-executor-0] INFO  impl.RoleInfo (RoleInfo.java:shutdownFollowerState(121)) - 6cbfae60-ea29-4abc-a49d-ef94f4bd513a: shutdown FollowerState
2019-10-18 14:02:10,012 [Thread-2483] INFO  impl.FollowerState (FollowerState.java:run(117)) - 66f9d00c-1e97-4252-958c-bed5a531abda@group-E964BE911FCC-FollowerState was interrupted: java.lang.InterruptedException: sleep interrupted
2019-10-18 14:02:10,012 [grpc-default-executor-1] INFO  impl.RoleInfo (RoleInfo.java:updateAndGet(143)) - 66f9d00c-1e97-4252-958c-bed5a531abda: start FollowerState
2019-10-18 14:02:10,012 [Thread-2484] INFO  impl.FollowerState (FollowerState.java:run(117)) - 6cbfae60-ea29-4abc-a49d-ef94f4bd513a@group-E964BE911FCC-FollowerState was interrupted: java.lang.InterruptedException: sleep interrupted
2019-10-18 14:02:10,012 [grpc-default-executor-0] INFO  impl.RoleInfo (RoleInfo.java:updateAndGet(143)) - 6cbfae60-ea29-4abc-a49d-ef94f4bd513a: start FollowerState
2019-10-18 14:02:10,037 [92ce6e48-4722-407a-9620-5998c6999257@group-E964BE911FCC-LeaderElection337] INFO  impl.LeaderElection (LeaderElection.java:logAndReturn(56)) - 92ce6e48-4722-407a-9620-5998c6999257@group-E964BE911FCC-LeaderElection337: Election REJECTED; received 2 response(s) [92ce6e48-4722-407a-9620-5998c6999257<-6cbfae60-ea29-4abc-a49d-ef94f4bd513a#0:FAIL-t372, 92ce6e48-4722-407a-9620-5998c6999257<-66f9d00c-1e97-4252-958c-bed5a531abda#0:FAIL-t372] and 0 exception(s); 92ce6e48-4722-407a-9620-5998c6999257@group-E964BE911FCC:t372, leader=null, voted=92ce6e48-4722-407a-9620-5998c6999257, raftlog=92ce6e48-4722-407a-9620-5998c6999257@group-E964BE911FCC-SegmentedRaftLog:OPENED:c-1,f-1,i0, conf=-1: [6cbfae60-ea29-4abc-a49d-ef94f4bd513a:192.168.69.85:36685, 66f9d00c-1e97-4252-958c-bed5a531abda:192.168.69.85:45996, 92ce6e48-4722-407a-9620-5998c6999257:192.168.69.85:34971], old=null
2019-10-18 14:02:10,037 [92ce6e48-4722-407a-9620-5998c6999257@group-E964BE911FCC-LeaderElection337] INFO  impl.RaftServerImpl (RaftServerImpl.java:setRole(184)) - 92ce6e48-4722-407a-9620-5998c6999257@group-E964BE911FCC: changes role from CANDIDATE to FOLLOWER at term 372 for DISCOVERED_A_NEW_TERM
2019-10-18 14:02:10,037 [92ce6e48-4722-407a-9620-5998c6999257@group-E964BE911FCC-LeaderElection337] INFO  impl.RoleInfo (RoleInfo.java:shutdownLeaderElection(134)) - 92ce6e48-4722-407a-9620-5998c6999257: shutdown LeaderElection
2019-10-18 14:02:10,038 [92ce6e48-4722-407a-9620-5998c6999257@group-E964BE911FCC-LeaderElection337] INFO  impl.RoleInfo (RoleInfo.java:updateAndGet(143)) - 92ce6e48-4722-407a-9620-5998c6999257: start FollowerState
2019-10-18 14:02:10,085 [Thread-2491] INFO  impl.FollowerState (FollowerState.java:run(108)) - 92ce6e48-4722-407a-9620-5998c6999257@group-E964BE911FCC-FollowerState: change to CANDIDATE, lastRpcTime:47ms, electionTimeout:47ms
2019-10-18 14:02:10,085 [Thread-2491] INFO  impl.RoleInfo (RoleInfo.java:shutdownFollowerState(121)) - 92ce6e48-4722-407a-9620-5998c6999257: shutdown FollowerState
2019-10-18 14:02:10,085 [Thread-2491] INFO  impl.RaftServerImpl (RaftServerImpl.java:setRole(184)) - 92ce6e48-4722-407a-9620-5998c6999257@group-E964BE911FCC: changes role from  FOLLOWER to CANDIDATE at term 372 for changeToCandidate
2019-10-18 14:02:10,085 [Thread-2491] INFO  impl.RoleInfo (RoleInfo.java:updateAndGet(143)) - 92ce6e48-4722-407a-9620-5998c6999257: start LeaderElection
2019-10-18 14:02:10,098 [92ce6e48-4722-407a-9620-5998c6999257@group-E964BE911FCC-LeaderElection338] INFO  impl.LeaderElection (LeaderElection.java:askForVotes(178)) - 92ce6e48-4722-407a-9620-5998c6999257@group-E964BE911FCC-LeaderElection338: begin an election at term 373 for -1: [6cbfae60-ea29-4abc-a49d-ef94f4bd513a:192.168.69.85:36685, 66f9d00c-1e97-4252-958c-bed5a531abda:192.168.69.85:45996, 92ce6e48-4722-407a-9620-5998c6999257:192.168.69.85:34971], old=null
2019-10-18 14:02:10,101 [grpc-default-executor-0] INFO  impl.RaftServerImpl (RaftServerImpl.java:setRole(184)) - 6cbfae60-ea29-4abc-a49d-ef94f4bd513a@group-E964BE911FCC: changes role from  FOLLOWER to FOLLOWER at term 373 for recognizeCandidate:92ce6e48-4722-407a-9620-5998c6999257
2019-10-18 14:02:10,101 [grpc-default-executor-0] INFO  impl.RoleInfo (RoleInfo.java:shutdownFollowerState(121)) - 6cbfae60-ea29-4abc-a49d-ef94f4bd513a: shutdown FollowerState
2019-10-18 14:02:10,101 [grpc-default-executor-1] INFO  impl.RaftServerImpl (RaftServerImpl.java:setRole(184)) - 66f9d00c-1e97-4252-958c-bed5a531abda@group-E964BE911FCC: changes role from  FOLLOWER to FOLLOWER at term 373 for recognizeCandidate:92ce6e48-4722-407a-9620-5998c6999257
2019-10-18 14:02:10,101 [grpc-default-executor-1] INFO  impl.RoleInfo (RoleInfo.java:shutdownFollowerState(121)) - 66f9d00c-1e97-4252-958c-bed5a531abda: shutdown FollowerState
2019-10-18 14:02:10,101 [grpc-default-executor-0] INFO  impl.RoleInfo (RoleInfo.java:updateAndGet(143)) - 6cbfae60-ea29-4abc-a49d-ef94f4bd513a: start FollowerState
2019-10-18 14:02:10,101 [Thread-2490] INFO  impl.FollowerState (FollowerState.java:run(117)) - 6cbfae60-ea29-4abc-a49d-ef94f4bd513a@group-E964BE911FCC-FollowerState was interrupted: java.lang.InterruptedException: sleep interrupted
2019-10-18 14:02:10,101 [Thread-2489] INFO  impl.FollowerState (FollowerState.java:run(117)) - 66f9d00c-1e97-4252-958c-bed5a531abda@group-E964BE911FCC-FollowerState was interrupted: java.lang.InterruptedException: sleep interrupted
2019-10-18 14:02:10,101 [grpc-default-executor-1] INFO  impl.RoleInfo (RoleInfo.java:updateAndGet(143)) - 66f9d00c-1e97-4252-958c-bed5a531abda: start FollowerState
2019-10-18 14:02:10,118 [92ce6e48-4722-407a-9620-5998c6999257@group-E964BE911FCC-LeaderElection338] INFO  impl.LeaderElection (LeaderElection.java:logAndReturn(56)) - 92ce6e48-4722-407a-9620-5998c6999257@group-E964BE911FCC-LeaderElection338: Election REJECTED; received 2 response(s) [92ce6e48-4722-407a-9620-5998c6999257<-6cbfae60-ea29-4abc-a49d-ef94f4bd513a#0:FAIL-t373, 92ce6e48-4722-407a-9620-5998c6999257<-66f9d00c-1e97-4252-958c-bed5a531abda#0:FAIL-t373] and 0 exception(s); 92ce6e48-4722-407a-9620-5998c6999257@group-E964BE911FCC:t373, leader=null, voted=92ce6e48-4722-407a-9620-5998c6999257, raftlog=92ce6e48-4722-407a-9620-5998c6999257@group-E964BE911FCC-SegmentedRaftLog:OPENED:c-1,f-1,i0, conf=-1: [6cbfae60-ea29-4abc-a49d-ef94f4bd513a:192.168.69.85:36685, 66f9d00c-1e97-4252-958c-bed5a531abda:192.168.69.85:45996, 92ce6e48-4722-407a-9620-5998c6999257:192.168.69.85:34971], old=null
2019-10-18 14:02:10,118 [92ce6e48-4722-407a-9620-5998c6999257@group-E964BE911FCC-LeaderElection338] INFO  impl.RaftServerImpl (RaftServerImpl.java:setRole(184)) - 92ce6e48-4722-407a-9620-5998c6999257@group-E964BE911FCC: changes role from CANDIDATE to FOLLOWER at term 373 for DISCOVERED_A_NEW_TERM
2019-10-18 14:02:10,118 [92ce6e48-4722-407a-9620-5998c6999257@group-E964BE911FCC-LeaderElection338] INFO  impl.RoleInfo (RoleInfo.java:shutdownLeaderElection(134)) - 92ce6e48-4722-407a-9620-5998c6999257: shutdown LeaderElection
2019-10-18 14:02:10,118 [92ce6e48-4722-407a-9620-5998c6999257@group-E964BE911FCC-LeaderElection338] INFO  impl.RoleInfo (RoleInfo.java:updateAndGet(143)) - 92ce6e48-4722-407a-9620-5998c6999257: start FollowerState
2019-10-18 14:02:10,228 [Thread-2497] INFO  impl.FollowerState (FollowerState.java:run(108)) - 92ce6e48-4722-407a-9620-5998c6999257@group-E964BE911FCC-FollowerState: change to CANDIDATE, lastRpcTime:109ms, electionTimeout:109ms
2019-10-18 14:02:10,228 [Thread-2497] INFO  impl.RoleInfo (RoleInfo.java:shutdownFollowerState(121)) - 92ce6e48-4722-407a-9620-5998c6999257: shutdown FollowerState
2019-10-18 14:02:10,228 [Thread-2497] INFO  impl.RaftServerImpl (RaftServerImpl.java:setRole(184)) - 92ce6e48-4722-407a-9620-5998c6999257@group-E964BE911FCC: changes role from  FOLLOWER to CANDIDATE at term 373 for changeToCandidate
2019-10-18 14:02:10,228 [Thread-2497] INFO  impl.RoleInfo (RoleInfo.java:updateAndGet(143)) - 92ce6e48-4722-407a-9620-5998c6999257: start LeaderElection
2019-10-18 14:02:10,241 [92ce6e48-4722-407a-9620-5998c6999257@group-E964BE911FCC-LeaderElection339] INFO  impl.LeaderElection (LeaderElection.java:askForVotes(178)) - 92ce6e48-4722-407a-9620-5998c6999257@group-E964BE911FCC-LeaderElection339: begin an election at term 374 for -1: [6cbfae60-ea29-4abc-a49d-ef94f4bd513a:192.168.69.85:36685, 66f9d00c-1e97-4252-958c-bed5a531abda:192.168.69.85:45996, 92ce6e48-4722-407a-9620-5998c6999257:192.168.69.85:34971], old=null
2019-10-18 14:02:10,243 [grpc-default-executor-0] INFO  impl.RaftServerImpl (RaftServerImpl.java:setRole(184)) - 6cbfae60-ea29-4abc-a49d-ef94f4bd513a@group-E964BE911FCC: changes role from  FOLLOWER to FOLLOWER at term 374 for recognizeCandidate:92ce6e48-4722-407a-9620-5998c6999257
2019-10-18 14:02:10,243 [grpc-default-executor-0] INFO  impl.RoleInfo (RoleInfo.java:shutdownFollowerState(121)) - 6cbfae60-ea29-4abc-a49d-ef94f4bd513a: shutdown FollowerState
2019-10-18 14:02:10,243 [grpc-default-executor-1] INFO  impl.RaftServerImpl (RaftServerImpl.java:setRole(184)) - 66f9d00c-1e97-4252-958c-bed5a531abda@group-E964BE911FCC: changes role from  FOLLOWER to FOLLOWER at term 374 for recognizeCandidate:92ce6e48-4722-407a-9620-5998c6999257
2019-10-18 14:02:10,243 [grpc-default-executor-1] INFO  impl.RoleInfo (RoleInfo.java:shutdownFollowerState(121)) - 66f9d00c-1e97-4252-958c-bed5a531abda: shutdown FollowerState
2019-10-18 14:02:10,243 [grpc-default-executor-0] INFO  impl.RoleInfo (RoleInfo.java:updateAndGet(143)) - 6cbfae60-ea29-4abc-a49d-ef94f4bd513a: start FollowerState
2019-10-18 14:02:10,243 [Thread-2495] INFO  impl.FollowerState (FollowerState.java:run(117)) - 6cbfae60-ea29-4abc-a49d-ef94f4bd513a@group-E964BE911FCC-FollowerState was interrupted: java.lang.InterruptedException: sleep interrupted
2019-10-18 14:02:10,243 [Thread-2496] INFO  impl.FollowerState (FollowerState.java:run(117)) - 66f9d00c-1e97-4252-958c-bed5a531abda@group-E964BE911FCC-FollowerState was interrupted: java.lang.InterruptedException: sleep interrupted
2019-10-18 14:02:10,243 [grpc-default-executor-1] INFO  impl.RoleInfo (RoleInfo.java:updateAndGet(143)) - 66f9d00c-1e97-4252-958c-bed5a531abda: start FollowerState
2019-10-18 14:02:10,251 [92ce6e48-4722-407a-9620-5998c6999257@group-E964BE911FCC-LeaderElection339] INFO  impl.LeaderElection (LeaderElection.java:logAndReturn(56)) - 92ce6e48-4722-407a-9620-5998c6999257@group-E964BE911FCC-LeaderElection339: Election REJECTED; received 2 response(s) [92ce6e48-4722-407a-9620-5998c6999257<-6cbfae60-ea29-4abc-a49d-ef94f4bd513a#0:FAIL-t374, 92ce6e48-4722-407a-9620-5998c6999257<-66f9d00c-1e97-4252-958c-bed5a531abda#0:FAIL-t374] and 0 exception(s); 92ce6e48-4722-407a-9620-5998c6999257@group-E964BE911FCC:t374, leader=null, voted=92ce6e48-4722-407a-9620-5998c6999257, raftlog=92ce6e48-4722-407a-9620-5998c6999257@group-E964BE911FCC-SegmentedRaftLog:OPENED:c-1,f-1,i0, conf=-1: [6cbfae60-ea29-4abc-a49d-ef94f4bd513a:192.168.69.85:36685, 66f9d00c-1e97-4252-958c-bed5a531abda:192.168.69.85:45996, 92ce6e48-4722-407a-9620-5998c6999257:192.168.69.85:34971], old=null
2019-10-18 14:02:10,251 [92ce6e48-4722-407a-9620-5998c6999257@group-E964BE911FCC-LeaderElection339] INFO  impl.RaftServerImpl (RaftServerImpl.java:setRole(184)) - 92ce6e48-4722-407a-9620-5998c6999257@group-E964BE911FCC: changes role from CANDIDATE to FOLLOWER at term 374 for DISCOVERED_A_NEW_TERM
2019-10-18 14:02:10,251 [92ce6e48-4722-407a-9620-5998c6999257@group-E964BE911FCC-LeaderElection339] INFO  impl.RoleInfo (RoleInfo.java:shutdownLeaderElection(134)) - 92ce6e48-4722-407a-9620-5998c6999257: shutdown LeaderElection
2019-10-18 14:02:10,252 [92ce6e48-4722-407a-9620-5998c6999257@group-E964BE911FCC-LeaderElection339] INFO  impl.RoleInfo (RoleInfo.java:updateAndGet(143)) - 92ce6e48-4722-407a-9620-5998c6999257: start FollowerState
2019-10-18 14:02:10,375 [Thread-2503] INFO  impl.FollowerState (FollowerState.java:run(108)) - 92ce6e48-4722-407a-9620-5998c6999257@group-E964BE911FCC-FollowerState: change to CANDIDATE, lastRpcTime:123ms, electionTimeout:123ms
2019-10-18 14:02:10,375 [Thread-2503] INFO  impl.RoleInfo (RoleInfo.java:shutdownFollowerState(121)) - 92ce6e48-4722-407a-9620-5998c6999257: shutdown FollowerState
2019-10-18 14:02:10,375 [Thread-2503] INFO  impl.RaftServerImpl (RaftServerImpl.java:setRole(184)) - 92ce6e48-4722-407a-9620-5998c6999257@group-E964BE911FCC: changes role from  FOLLOWER to CANDIDATE at term 374 for changeToCandidate
2019-10-18 14:02:10,375 [Thread-2503] INFO  impl.RoleInfo (RoleInfo.java:updateAndGet(143)) - 92ce6e48-4722-407a-9620-5998c6999257: start LeaderElection
2019-10-18 14:02:10,391 [92ce6e48-4722-407a-9620-5998c6999257@group-E964BE911FCC-LeaderElection340] INFO  impl.LeaderElection (LeaderElection.java:askForVotes(178)) - 92ce6e48-4722-407a-9620-5998c6999257@group-E964BE911FCC-LeaderElection340: begin an election at term 375 for -1: [6cbfae60-ea29-4abc-a49d-ef94f4bd513a:192.168.69.85:36685, 66f9d00c-1e97-4252-958c-bed5a531abda:192.168.69.85:45996, 92ce6e48-4722-407a-9620-5998c6999257:192.168.69.85:34971], old=null
2019-10-18 14:02:10,392 [grpc-default-executor-0] INFO  impl.RaftServerImpl (RaftServerImpl.java:setRole(184)) - 6cbfae60-ea29-4abc-a49d-ef94f4bd513a@group-E964BE911FCC: changes role from  FOLLOWER to FOLLOWER at term 375 for recognizeCandidate:92ce6e48-4722-407a-9620-5998c6999257
2019-10-18 14:02:10,393 [grpc-default-executor-0] INFO  impl.RoleInfo (RoleInfo.java:shutdownFollowerState(121)) - 6cbfae60-ea29-4abc-a49d-ef94f4bd513a: shutdown FollowerState
2019-10-18 14:02:10,393 [grpc-default-executor-1] INFO  impl.RaftServerImpl (RaftServerImpl.java:setRole(184)) - 66f9d00c-1e97-4252-958c-bed5a531abda@group-E964BE911FCC: changes role from  FOLLOWER to FOLLOWER at term 375 for recognizeCandidate:92ce6e48-4722-407a-9620-5998c6999257
2019-10-18 14:02:10,393 [Thread-2501] INFO  impl.FollowerState (FollowerState.java:run(117)) - 6cbfae60-ea29-4abc-a49d-ef94f4bd513a@group-E964BE911FCC-FollowerState was interrupted: java.lang.InterruptedException: sleep interrupted
2019-10-18 14:02:10,393 [grpc-default-executor-0] INFO  impl.RoleInfo (RoleInfo.java:updateAndGet(143)) - 6cbfae60-ea29-4abc-a49d-ef94f4bd513a: start FollowerState
2019-10-18 14:02:10,393 [grpc-default-executor-1] INFO  impl.RoleInfo (RoleInfo.java:shutdownFollowerState(121)) - 66f9d00c-1e97-4252-958c-bed5a531abda: shutdown FollowerState
2019-10-18 14:02:10,393 [Thread-2502] INFO  impl.FollowerState (FollowerState.java:run(117)) - 66f9d00c-1e97-4252-958c-bed5a531abda@group-E964BE911FCC-FollowerState was interrupted: java.lang.InterruptedException: sleep interrupted
2019-10-18 14:02:10,393 [grpc-default-executor-1] INFO  impl.RoleInfo (RoleInfo.java:updateAndGet(143)) - 66f9d00c-1e97-4252-958c-bed5a531abda: start FollowerState
2019-10-18 14:02:10,394 [92ce6e48-4722-407a-9620-5998c6999257@group-E964BE911FCC-LeaderElection340] INFO  impl.LeaderElection (LeaderElection.java:logAndReturn(56)) - 92ce6e48-4722-407a-9620-5998c6999257@group-E964BE911FCC-LeaderElection340: Election TIMEOUT; received 0 response(s) [] and 0 exception(s); 92ce6e48-4722-407a-9620-5998c6999257@group-E964BE911FCC:t375, leader=null, voted=92ce6e48-4722-407a-9620-5998c6999257, raftlog=92ce6e48-4722-407a-9620-5998c6999257@group-E964BE911FCC-SegmentedRaftLog:OPENED:c-1,f-1,i0, conf=-1: [6cbfae60-ea29-4abc-a49d-ef94f4bd513a:192.168.69.85:36685, 66f9d00c-1e97-4252-958c-bed5a531abda:192.168.69.85:45996, 92ce6e48-4722-407a-9620-5998c6999257:192.168.69.85:34971], old=null
2019-10-18 14:02:10,418 [92ce6e48-4722-407a-9620-5998c6999257@group-E964BE911FCC-LeaderElection340] INFO  impl.LeaderElection (LeaderElection.java:askForVotes(178)) - 92ce6e48-4722-407a-9620-5998c6999257@group-E964BE911FCC-LeaderElection340: begin an election at term 376 for -1: [6cbfae60-ea29-4abc-a49d-ef94f4bd513a:192.168.69.85:36685, 66f9d00c-1e97-4252-958c-bed5a531abda:192.168.69.85:45996, 92ce6e48-4722-407a-9620-5998c6999257:192.168.69.85:34971], old=null
2019-10-18 14:02:10,419 [grpc-default-executor-0] INFO  impl.RaftServerImpl (RaftServerImpl.java:setRole(184)) - 6cbfae60-ea29-4abc-a49d-ef94f4bd513a@group-E964BE911FCC: changes role from  FOLLOWER to FOLLOWER at term 376 for recognizeCandidate:92ce6e48-4722-407a-9620-5998c6999257
2019-10-18 14:02:10,419 [grpc-default-executor-0] INFO  impl.RoleInfo (RoleInfo.java:shutdownFollowerState(121)) - 6cbfae60-ea29-4abc-a49d-ef94f4bd513a: shutdown FollowerState
2019-10-18 14:02:10,420 [grpc-default-executor-1] INFO  impl.RaftServerImpl (RaftServerImpl.java:setRole(184)) - 66f9d00c-1e97-4252-958c-bed5a531abda@group-E964BE911FCC: changes role from  FOLLOWER to FOLLOWER at term 376 for recognizeCandidate:92ce6e48-4722-407a-9620-5998c6999257
2019-10-18 14:02:10,420 [Thread-2507] INFO  impl.FollowerState (FollowerState.java:run(117)) - 6cbfae60-ea29-4abc-a49d-ef94f4bd513a@group-E964BE911FCC-FollowerState was interrupted: java.lang.InterruptedException: sleep interrupted
2019-10-18 14:02:10,420 [grpc-default-executor-0] INFO  impl.RoleInfo (RoleInfo.java:updateAndGet(143)) - 6cbfae60-ea29-4abc-a49d-ef94f4bd513a: start FollowerState
2019-10-18 14:02:10,420 [grpc-default-executor-1] INFO  impl.RoleInfo (RoleInfo.java:shutdownFollowerState(121)) - 66f9d00c-1e97-4252-958c-bed5a531abda: shutdown FollowerState
2019-10-18 14:02:10,420 [grpc-default-executor-1] INFO  impl.RoleInfo (RoleInfo.java:updateAndGet(143)) - 66f9d00c-1e97-4252-958c-bed5a531abda: start FollowerState
2019-10-18 14:02:10,420 [Thread-2508] INFO  impl.FollowerState (FollowerState.java:run(117)) - 66f9d00c-1e97-4252-958c-bed5a531abda@group-E964BE911FCC-FollowerState was interrupted: java.lang.InterruptedException: sleep interrupted
2019-10-18 14:02:10,446 [92ce6e48-4722-407a-9620-5998c6999257@group-E964BE911FCC-LeaderElection340] INFO  impl.LeaderElection (LeaderElection.java:logAndReturn(56)) - 92ce6e48-4722-407a-9620-5998c6999257@group-E964BE911FCC-LeaderElection340: Election REJECTED; received 2 response(s) [92ce6e48-4722-407a-9620-5998c6999257<-6cbfae60-ea29-4abc-a49d-ef94f4bd513a#0:FAIL-t376, 92ce6e48-4722-407a-9620-5998c6999257<-66f9d00c-1e97-4252-958c-bed5a531abda#0:FAIL-t376] and 0 exception(s); 92ce6e48-4722-407a-9620-5998c6999257@group-E964BE911FCC:t376, leader=null, voted=92ce6e48-4722-407a-9620-5998c6999257, raftlog=92ce6e48-4722-407a-9620-5998c6999257@group-E964BE911FCC-SegmentedRaftLog:OPENED:c-1,f-1,i0, conf=-1: [6cbfae60-ea29-4abc-a49d-ef94f4bd513a:192.168.69.85:36685, 66f9d00c-1e97-4252-958c-bed5a531abda:192.168.69.85:45996, 92ce6e48-4722-407a-9620-5998c6999257:192.168.69.85:34971], old=null
2019-10-18 14:02:10,446 [92ce6e48-4722-407a-9620-5998c6999257@group-E964BE911FCC-LeaderElection340] INFO  impl.RaftServerImpl (RaftServerImpl.java:setRole(184)) - 92ce6e48-4722-407a-9620-5998c6999257@group-E964BE911FCC: changes role from CANDIDATE to FOLLOWER at term 376 for DISCOVERED_A_NEW_TERM
2019-10-18 14:02:10,446 [92ce6e48-4722-407a-9620-5998c6999257@group-E964BE911FCC-LeaderElection340] INFO  impl.RoleInfo (RoleInfo.java:shutdownLeaderElection(134)) - 92ce6e48-4722-407a-9620-5998c6999257: shutdown LeaderElection
2019-10-18 14:02:10,446 [92ce6e48-4722-407a-9620-5998c6999257@group-E964BE911FCC-LeaderElection340] INFO  impl.RoleInfo (RoleInfo.java:updateAndGet(143)) - 92ce6e48-4722-407a-9620-5998c6999257: start FollowerState
2019-10-18 14:02:10,616 [Thread-2513] INFO  impl.FollowerState (FollowerState.java:run(108)) - 92ce6e48-4722-407a-9620-5998c6999257@group-E964BE911FCC-FollowerState: change to CANDIDATE, lastRpcTime:170ms, electionTimeout:170ms
2019-10-18 14:02:10,617 [Thread-2513] INFO  impl.RoleInfo (RoleInfo.java:shutdownFollowerState(121)) - 92ce6e48-4722-407a-9620-5998c6999257: shutdown FollowerState
2019-10-18 14:02:10,617 [Thread-2513] INFO  impl.RaftServerImpl (RaftServerImpl.java:setRole(184)) - 92ce6e48-4722-407a-9620-5998c6999257@group-E964BE911FCC: changes role from  FOLLOWER to CANDIDATE at term 376 for changeToCandidate
2019-10-18 14:02:10,617 [Thread-2513] INFO  impl.RoleInfo (RoleInfo.java:updateAndGet(143)) - 92ce6e48-4722-407a-9620-5998c6999257: start LeaderElection
2019-10-18 14:02:10,657 [92ce6e48-4722-407a-9620-5998c6999257@group-E964BE911FCC-LeaderElection341] INFO  impl.LeaderElection (LeaderElection.java:askForVotes(178)) - 92ce6e48-4722-407a-9620-5998c6999257@group-E964BE911FCC-LeaderElection341: begin an election at term 377 for -1: [6cbfae60-ea29-4abc-a49d-ef94f4bd513a:192.168.69.85:36685, 66f9d00c-1e97-4252-958c-bed5a531abda:192.168.69.85:45996, 92ce6e48-4722-407a-9620-5998c6999257:192.168.69.85:34971], old=null
2019-10-18 14:02:10,659 [grpc-default-executor-1] INFO  impl.RaftServerImpl (RaftServerImpl.java:setRole(184)) - 6cbfae60-ea29-4abc-a49d-ef94f4bd513a@group-E964BE911FCC: changes role from  FOLLOWER to FOLLOWER at term 377 for recognizeCandidate:92ce6e48-4722-407a-9620-5998c6999257
2019-10-18 14:02:10,659 [grpc-default-executor-1] INFO  impl.RoleInfo (RoleInfo.java:shutdownFollowerState(121)) - 6cbfae60-ea29-4abc-a49d-ef94f4bd513a: shutdown FollowerState
2019-10-18 14:02:10,659 [grpc-default-executor-1] INFO  impl.RoleInfo (RoleInfo.java:updateAndGet(143)) - 6cbfae60-ea29-4abc-a49d-ef94f4bd513a: start FollowerState
2019-10-18 14:02:10,659 [Thread-2511] INFO  impl.FollowerState (FollowerState.java:run(117)) - 6cbfae60-ea29-4abc-a49d-ef94f4bd513a@group-E964BE911FCC-FollowerState was interrupted: java.lang.InterruptedException: sleep interrupted
2019-10-18 14:02:10,660 [grpc-default-executor-0] INFO  impl.RaftServerImpl (RaftServerImpl.java:setRole(184)) - 66f9d00c-1e97-4252-958c-bed5a531abda@group-E964BE911FCC: changes role from  FOLLOWER to FOLLOWER at term 377 for recognizeCandidate:92ce6e48-4722-407a-9620-5998c6999257
2019-10-18 14:02:10,660 [grpc-default-executor-0] INFO  impl.RoleInfo (RoleInfo.java:shutdownFollowerState(121)) - 66f9d00c-1e97-4252-958c-bed5a531abda: shutdown FollowerState
2019-10-18 14:02:10,660 [grpc-default-executor-0] INFO  impl.RoleInfo (RoleInfo.java:updateAndGet(143)) - 66f9d00c-1e97-4252-958c-bed5a531abda: start FollowerState
2019-10-18 14:02:10,660 [Thread-2512] INFO  impl.FollowerState (FollowerState.java:run(117)) - 66f9d00c-1e97-4252-958c-bed5a531abda@group-E964BE911FCC-FollowerState was interrupted: java.lang.InterruptedException: sleep interrupted
2019-10-18 14:02:10,674 [92ce6e48-4722-407a-9620-5998c6999257@group-E964BE911FCC-LeaderElection341] INFO  impl.LeaderElection (LeaderElection.java:logAndReturn(56)) - 92ce6e48-4722-407a-9620-5998c6999257@group-E964BE911FCC-LeaderElection341: Election REJECTED; received 2 response(s) [92ce6e48-4722-407a-9620-5998c6999257<-6cbfae60-ea29-4abc-a49d-ef94f4bd513a#0:FAIL-t377, 92ce6e48-4722-407a-9620-5998c6999257<-66f9d00c-1e97-4252-958c-bed5a531abda#0:FAIL-t377] and 0 exception(s); 92ce6e48-4722-407a-9620-5998c6999257@group-E964BE911FCC:t377, leader=null, voted=92ce6e48-4722-407a-9620-5998c6999257, raftlog=92ce6e48-4722-407a-9620-5998c6999257@group-E964BE911FCC-SegmentedRaftLog:OPENED:c-1,f-1,i0, conf=-1: [6cbfae60-ea29-4abc-a49d-ef94f4bd513a:192.168.69.85:36685, 66f9d00c-1e97-4252-958c-bed5a531abda:192.168.69.85:45996, 92ce6e48-4722-407a-9620-5998c6999257:192.168.69.85:34971], old=null
2019-10-18 14:02:10,674 [92ce6e48-4722-407a-9620-5998c6999257@group-E964BE911FCC-LeaderElection341] INFO  impl.RaftServerImpl (RaftServerImpl.java:setRole(184)) - 92ce6e48-4722-407a-9620-5998c6999257@group-E964BE911FCC: changes role from CANDIDATE to FOLLOWER at term 377 for DISCOVERED_A_NEW_TERM
2019-10-18 14:02:10,674 [92ce6e48-4722-407a-9620-5998c6999257@group-E964BE911FCC-LeaderElection341] INFO  impl.RoleInfo (RoleInfo.java:shutdownLeaderElection(134)) - 92ce6e48-4722-407a-9620-5998c6999257: shutdown LeaderElection
2019-10-18 14:02:10,674 [92ce6e48-4722-407a-9620-5998c6999257@group-E964BE911FCC-LeaderElection341] INFO  impl.RoleInfo (RoleInfo.java:updateAndGet(143)) - 92ce6e48-4722-407a-9620-5998c6999257: start FollowerState
2019-10-18 14:02:10,806 [Thread-2521] INFO  impl.FollowerState (FollowerState.java:run(108)) - 92ce6e48-4722-407a-9620-5998c6999257@group-E964BE911FCC-FollowerState: change to CANDIDATE, lastRpcTime:132ms, electionTimeout:132ms
2019-10-18 14:02:10,807 [Thread-2521] INFO  impl.RoleInfo (RoleInfo.java:shutdownFollowerState(121)) - 92ce6e48-4722-407a-9620-5998c6999257: shutdown FollowerState
2019-10-18 14:02:10,807 [Thread-2521] INFO  impl.RaftServerImpl (RaftServerImpl.java:setRole(184)) - 92ce6e48-4722-407a-9620-5998c6999257@group-E964BE911FCC: changes role from  FOLLOWER to CANDIDATE at term 377 for changeToCandidate
2019-10-18 14:02:10,807 [Thread-2521] INFO  impl.RoleInfo (RoleInfo.java:updateAndGet(143)) - 92ce6e48-4722-407a-9620-5998c6999257: start LeaderElection
2019-10-18 14:02:10,822 [92ce6e48-4722-407a-9620-5998c6999257@group-E964BE911FCC-LeaderElection342] INFO  impl.LeaderElection (LeaderElection.java:askForVotes(178)) - 92ce6e48-4722-407a-9620-5998c6999257@group-E964BE911FCC-LeaderElection342: begin an election at term 378 for -1: [6cbfae60-ea29-4abc-a49d-ef94f4bd513a:192.168.69.85:36685, 66f9d00c-1e97-4252-958c-bed5a531abda:192.168.69.85:45996, 92ce6e48-4722-407a-9620-5998c6999257:192.168.69.85:34971], old=null
2019-10-18 14:02:10,824 [grpc-default-executor-1] INFO  impl.RaftServerImpl (RaftServerImpl.java:setRole(184)) - 66f9d00c-1e97-4252-958c-bed5a531abda@group-E964BE911FCC: changes role from  FOLLOWER to FOLLOWER at term 378 for recognizeCandidate:92ce6e48-4722-407a-9620-5998c6999257
2019-10-18 14:02:10,824 [grpc-default-executor-1] INFO  impl.RoleInfo (RoleInfo.java:shutdownFollowerState(121)) - 66f9d00c-1e97-4252-958c-bed5a531abda: shutdown FollowerState
2019-10-18 14:02:10,824 [grpc-default-executor-0] INFO  impl.RaftServerImpl (RaftServerImpl.java:setRole(184)) - 6cbfae60-ea29-4abc-a49d-ef94f4bd513a@group-E964BE911FCC: changes role from  FOLLOWER to FOLLOWER at term 378 for recognizeCandidate:92ce6e48-4722-407a-9620-5998c6999257
2019-10-18 14:02:10,824 [grpc-default-executor-0] INFO  impl.RoleInfo (RoleInfo.java:shutdownFollowerState(121)) - 6cbfae60-ea29-4abc-a49d-ef94f4bd513a: shutdown FollowerState
2019-10-18 14:02:10,824 [Thread-2520] INFO  impl.FollowerState (FollowerState.java:run(117)) - 66f9d00c-1e97-4252-958c-bed5a531abda@group-E964BE911FCC-FollowerState was interrupted: java.lang.InterruptedException: sleep interrupted
2019-10-18 14:02:10,824 [Thread-2519] INFO  impl.FollowerState (FollowerState.java:run(117)) - 6cbfae60-ea29-4abc-a49d-ef94f4bd513a@group-E964BE911FCC-FollowerState was interrupted: java.lang.InterruptedException: sleep interrupted
2019-10-18 14:02:10,824 [grpc-default-executor-1] INFO  impl.RoleInfo (RoleInfo.java:updateAndGet(143)) - 66f9d00c-1e97-4252-958c-bed5a531abda: start FollowerState
2019-10-18 14:02:10,824 [grpc-default-executor-0] INFO  impl.RoleInfo (RoleInfo.java:updateAndGet(143)) - 6cbfae60-ea29-4abc-a49d-ef94f4bd513a: start FollowerState
2019-10-18 14:02:10,841 [92ce6e48-4722-407a-9620-5998c6999257@group-E964BE911FCC-LeaderElection342] INFO  impl.LeaderElection (LeaderElection.java:logAndReturn(56)) - 92ce6e48-4722-407a-9620-5998c6999257@group-E964BE911FCC-LeaderElection342: Election REJECTED; received 2 response(s) [92ce6e48-4722-407a-9620-5998c6999257<-6cbfae60-ea29-4abc-a49d-ef94f4bd513a#0:FAIL-t378, 92ce6e48-4722-407a-9620-5998c6999257<-66f9d00c-1e97-4252-958c-bed5a531abda#0:FAIL-t378] and 0 exception(s); 92ce6e48-4722-407a-9620-5998c6999257@group-E964BE911FCC:t378, leader=null, voted=92ce6e48-4722-407a-9620-5998c6999257, raftlog=92ce6e48-4722-407a-9620-5998c6999257@group-E964BE911FCC-SegmentedRaftLog:OPENED:c-1,f-1,i0, conf=-1: [6cbfae60-ea29-4abc-a49d-ef94f4bd513a:192.168.69.85:36685, 66f9d00c-1e97-4252-958c-bed5a531abda:192.168.69.85:45996, 92ce6e48-4722-407a-9620-5998c6999257:192.168.69.85:34971], old=null
2019-10-18 14:02:10,841 [92ce6e48-4722-407a-9620-5998c6999257@group-E964BE911FCC-LeaderElection342] INFO  impl.RaftServerImpl (RaftServerImpl.java:setRole(184)) - 92ce6e48-4722-407a-9620-5998c6999257@group-E964BE911FCC: changes role from CANDIDATE to FOLLOWER at term 378 for DISCOVERED_A_NEW_TERM
2019-10-18 14:02:10,841 [92ce6e48-4722-407a-9620-5998c6999257@group-E964BE911FCC-LeaderElection342] INFO  impl.RoleInfo (RoleInfo.java:shutdownLeaderElection(134)) - 92ce6e48-4722-407a-9620-5998c6999257: shutdown LeaderElection
2019-10-18 14:02:10,841 [92ce6e48-4722-407a-9620-5998c6999257@group-E964BE911FCC-LeaderElection342] INFO  impl.RoleInfo (RoleInfo.java:updateAndGet(143)) - 92ce6e48-4722-407a-9620-5998c6999257: start FollowerState
2019-10-18 14:02:10,861 [Thread-2527] INFO  impl.FollowerState (FollowerState.java:run(108)) - 92ce6e48-4722-407a-9620-5998c6999257@group-E964BE911FCC-FollowerState: change to CANDIDATE, lastRpcTime:19ms, electionTimeout:19ms
2019-10-18 14:02:10,861 [Thread-2527] INFO  impl.RoleInfo (RoleInfo.java:shutdownFollowerState(121)) - 92ce6e48-4722-407a-9620-5998c6999257: shutdown FollowerState
2019-10-18 14:02:10,861 [Thread-2527] INFO  impl.RaftServerImpl (RaftServerImpl.java:setRole(184)) - 92ce6e48-4722-407a-9620-5998c6999257@group-E964BE911FCC: changes role from  FOLLOWER to CANDIDATE at term 378 for changeToCandidate
2019-10-18 14:02:10,861 [Thread-2527] INFO  impl.RoleInfo (RoleInfo.java:updateAndGet(143)) - 92ce6e48-4722-407a-9620-5998c6999257: start LeaderElection
2019-10-18 14:02:10,876 [92ce6e48-4722-407a-9620-5998c6999257@group-E964BE911FCC-LeaderElection343] INFO  impl.LeaderElection (LeaderElection.java:askForVotes(178)) - 92ce6e48-4722-407a-9620-5998c6999257@group-E964BE911FCC-LeaderElection343: begin an election at term 379 for -1: [6cbfae60-ea29-4abc-a49d-ef94f4bd513a:192.168.69.85:36685, 66f9d00c-1e97-4252-958c-bed5a531abda:192.168.69.85:45996, 92ce6e48-4722-407a-9620-5998c6999257:192.168.69.85:34971], old=null
2019-10-18 14:02:10,877 [92ce6e48-4722-407a-9620-5998c6999257@group-E964BE911FCC-LeaderElection343] INFO  impl.LeaderElection (LeaderElection.java:logAndReturn(56)) - 92ce6e48-4722-407a-9620-5998c6999257@group-E964BE911FCC-LeaderElection343: Election TIMEOUT; received 0 response(s) [] and 0 exception(s); 92ce6e48-4722-407a-9620-5998c6999257@group-E964BE911FCC:t379, leader=null, voted=92ce6e48-4722-407a-9620-5998c6999257, raftlog=92ce6e48-4722-407a-9620-5998c6999257@group-E964BE911FCC-SegmentedRaftLog:OPENED:c-1,f-1,i0, conf=-1: [6cbfae60-ea29-4abc-a49d-ef94f4bd513a:192.168.69.85:36685, 66f9d00c-1e97-4252-958c-bed5a531abda:192.168.69.85:45996, 92ce6e48-4722-407a-9620-5998c6999257:192.168.69.85:34971], old=null
2019-10-18 14:02:10,878 [grpc-default-executor-1] INFO  impl.RaftServerImpl (RaftServerImpl.java:setRole(184)) - 6cbfae60-ea29-4abc-a49d-ef94f4bd513a@group-E964BE911FCC: changes role from  FOLLOWER to FOLLOWER at term 379 for recognizeCandidate:92ce6e48-4722-407a-9620-5998c6999257
2019-10-18 14:02:10,878 [grpc-default-executor-0] INFO  impl.RaftServerImpl (RaftServerImpl.java:setRole(184)) - 66f9d00c-1e97-4252-958c-bed5a531abda@group-E964BE911FCC: changes role from  FOLLOWER to FOLLOWER at term 379 for recognizeCandidate:92ce6e48-4722-407a-9620-5998c6999257
2019-10-18 14:02:10,878 [grpc-default-executor-1] INFO  impl.RoleInfo (RoleInfo.java:shutdownFollowerState(121)) - 6cbfae60-ea29-4abc-a49d-ef94f4bd513a: shutdown FollowerState
2019-10-18 14:02:10,878 [grpc-default-executor-0] INFO  impl.RoleInfo (RoleInfo.java:shutdownFollowerState(121)) - 66f9d00c-1e97-4252-958c-bed5a531abda: shutdown FollowerState
2019-10-18 14:02:10,878 [Thread-2526] INFO  impl.FollowerState (FollowerState.java:run(117)) - 6cbfae60-ea29-4abc-a49d-ef94f4bd513a@group-E964BE911FCC-FollowerState was interrupted: java.lang.InterruptedException: sleep interrupted
2019-10-18 14:02:10,878 [grpc-default-executor-1] INFO  impl.RoleInfo (RoleInfo.java:updateAndGet(143)) - 6cbfae60-ea29-4abc-a49d-ef94f4bd513a: start FollowerState
2019-10-18 14:02:10,878 [Thread-2525] INFO  impl.FollowerState (FollowerState.java:run(117)) - 66f9d00c-1e97-4252-958c-bed5a531abda@group-E964BE911FCC-FollowerState was interrupted: java.lang.InterruptedException: sleep interrupted
2019-10-18 14:02:10,878 [grpc-default-executor-0] INFO  impl.RoleInfo (RoleInfo.java:updateAndGet(143)) - 66f9d00c-1e97-4252-958c-bed5a531abda: start FollowerState
2019-10-18 14:02:10,891 [92ce6e48-4722-407a-9620-5998c6999257@group-E964BE911FCC-LeaderElection343] INFO  impl.LeaderElection (LeaderElection.java:askForVotes(178)) - 92ce6e48-4722-407a-9620-5998c6999257@group-E964BE911FCC-LeaderElection343: begin an election at term 380 for -1: [6cbfae60-ea29-4abc-a49d-ef94f4bd513a:192.168.69.85:36685, 66f9d00c-1e97-4252-958c-bed5a531abda:192.168.69.85:45996, 92ce6e48-4722-407a-9620-5998c6999257:192.168.69.85:34971], old=null
2019-10-18 14:02:10,892 [grpc-default-executor-1] INFO  impl.RaftServerImpl (RaftServerImpl.java:setRole(184)) - 6cbfae60-ea29-4abc-a49d-ef94f4bd513a@group-E964BE911FCC: changes role from  FOLLOWER to FOLLOWER at term 380 for recognizeCandidate:92ce6e48-4722-407a-9620-5998c6999257
2019-10-18 14:02:10,892 [grpc-default-executor-1] INFO  impl.RoleInfo (RoleInfo.java:shutdownFollowerState(121)) - 6cbfae60-ea29-4abc-a49d-ef94f4bd513a: shutdown FollowerState
2019-10-18 14:02:10,892 [grpc-default-executor-1] INFO  impl.RoleInfo (RoleInfo.java:updateAndGet(143)) - 6cbfae60-ea29-4abc-a49d-ef94f4bd513a: start FollowerState
2019-10-18 14:02:10,892 [grpc-default-executor-0] INFO  impl.RaftServerImpl (RaftServerImpl.java:setRole(184)) - 66f9d00c-1e97-4252-958c-bed5a531abda@group-E964BE911FCC: changes role from  FOLLOWER to FOLLOWER at term 380 for recognizeCandidate:92ce6e48-4722-407a-9620-5998c6999257
2019-10-18 14:02:10,892 [Thread-2531] INFO  impl.FollowerState (FollowerState.java:run(117)) - 6cbfae60-ea29-4abc-a49d-ef94f4bd513a@group-E964BE911FCC-FollowerState was interrupted: java.lang.InterruptedException: sleep interrupted
2019-10-18 14:02:10,893 [grpc-default-executor-0] INFO  impl.RoleInfo (RoleInfo.java:shutdownFollowerState(121)) - 66f9d00c-1e97-4252-958c-bed5a531abda: shutdown FollowerState
2019-10-18 14:02:10,893 [grpc-default-executor-0] INFO  impl.RoleInfo (RoleInfo.java:updateAndGet(143)) - 66f9d00c-1e97-4252-958c-bed5a531abda: start FollowerState
2019-10-18 14:02:10,893 [Thread-2532] INFO  impl.FollowerState (FollowerState.java:run(117)) - 66f9d00c-1e97-4252-958c-bed5a531abda@group-E964BE911FCC-FollowerState was interrupted: java.lang.InterruptedException: sleep interrupted
2019-10-18 14:02:10,912 [92ce6e48-4722-407a-9620-5998c6999257@group-E964BE911FCC-LeaderElection343] INFO  impl.LeaderElection (LeaderElection.java:logAndReturn(56)) - 92ce6e48-4722-407a-9620-5998c6999257@group-E964BE911FCC-LeaderElection343: Election REJECTED; received 2 response(s) [92ce6e48-4722-407a-9620-5998c6999257<-6cbfae60-ea29-4abc-a49d-ef94f4bd513a#0:FAIL-t380, 92ce6e48-4722-407a-9620-5998c6999257<-66f9d00c-1e97-4252-958c-bed5a531abda#0:FAIL-t380] and 0 exception(s); 92ce6e48-4722-407a-9620-5998c6999257@group-E964BE911FCC:t380, leader=null, voted=92ce6e48-4722-407a-9620-5998c6999257, raftlog=92ce6e48-4722-407a-9620-5998c6999257@group-E964BE911FCC-SegmentedRaftLog:OPENED:c-1,f-1,i0, conf=-1: [6cbfae60-ea29-4abc-a49d-ef94f4bd513a:192.168.69.85:36685, 66f9d00c-1e97-4252-958c-bed5a531abda:192.168.69.85:45996, 92ce6e48-4722-407a-9620-5998c6999257:192.168.69.85:34971], old=null
2019-10-18 14:02:10,912 [92ce6e48-4722-407a-9620-5998c6999257@group-E964BE911FCC-LeaderElection343] INFO  impl.RaftServerImpl (RaftServerImpl.java:setRole(184)) - 92ce6e48-4722-407a-9620-5998c6999257@group-E964BE911FCC: changes role from CANDIDATE to FOLLOWER at term 380 for DISCOVERED_A_NEW_TERM
2019-10-18 14:02:10,913 [92ce6e48-4722-407a-9620-5998c6999257@group-E964BE911FCC-LeaderElection343] INFO  impl.RoleInfo (RoleInfo.java:shutdownLeaderElection(134)) - 92ce6e48-4722-407a-9620-5998c6999257: shutdown LeaderElection
2019-10-18 14:02:10,913 [92ce6e48-4722-407a-9620-5998c6999257@group-E964BE911FCC-LeaderElection343] INFO  impl.RoleInfo (RoleInfo.java:updateAndGet(143)) - 92ce6e48-4722-407a-9620-5998c6999257: start FollowerState
2019-10-18 14:02:10,914 [Thread-2537] INFO  impl.FollowerState (FollowerState.java:run(108)) - 92ce6e48-4722-407a-9620-5998c6999257@group-E964BE911FCC-FollowerState: change to CANDIDATE, lastRpcTime:1ms, electionTimeout:1ms
2019-10-18 14:02:10,914 [Thread-2537] INFO  impl.RoleInfo (RoleInfo.java:shutdownFollowerState(121)) - 92ce6e48-4722-407a-9620-5998c6999257: shutdown FollowerState
2019-10-18 14:02:10,914 [Thread-2537] INFO  impl.RaftServerImpl (RaftServerImpl.java:setRole(184)) - 92ce6e48-4722-407a-9620-5998c6999257@group-E964BE911FCC: changes role from  FOLLOWER to CANDIDATE at term 380 for changeToCandidate
2019-10-18 14:02:10,914 [Thread-2537] INFO  impl.RoleInfo (RoleInfo.java:updateAndGet(143)) - 92ce6e48-4722-407a-9620-5998c6999257: start LeaderElection
2019-10-18 14:02:10,936 [92ce6e48-4722-407a-9620-5998c6999257@group-E964BE911FCC-LeaderElection344] INFO  impl.LeaderElection (LeaderElection.java:askForVotes(178)) - 92ce6e48-4722-407a-9620-5998c6999257@group-E964BE911FCC-LeaderElection344: begin an election at term 381 for -1: [6cbfae60-ea29-4abc-a49d-ef94f4bd513a:192.168.69.85:36685, 66f9d00c-1e97-4252-958c-bed5a531abda:192.168.69.85:45996, 92ce6e48-4722-407a-9620-5998c6999257:192.168.69.85:34971], old=null
2019-10-18 14:02:10,937 [grpc-default-executor-1] INFO  impl.RaftServerImpl (RaftServerImpl.java:setRole(184)) - 66f9d00c-1e97-4252-958c-bed5a531abda@group-E964BE911FCC: changes role from  FOLLOWER to FOLLOWER at term 381 for recognizeCandidate:92ce6e48-4722-407a-9620-5998c6999257
2019-10-18 14:02:10,937 [grpc-default-executor-1] INFO  impl.RoleInfo (RoleInfo.java:shutdownFollowerState(121)) - 66f9d00c-1e97-4252-958c-bed5a531abda: shutdown FollowerState
2019-10-18 14:02:10,937 [grpc-default-executor-0] INFO  impl.RaftServerImpl (RaftServerImpl.java:setRole(184)) - 6cbfae60-ea29-4abc-a49d-ef94f4bd513a@group-E964BE911FCC: changes role from  FOLLOWER to FOLLOWER at term 381 for recognizeCandidate:92ce6e48-4722-407a-9620-5998c6999257
2019-10-18 14:02:10,937 [Thread-2536] INFO  impl.FollowerState (FollowerState.java:run(117)) - 66f9d00c-1e97-4252-958c-bed5a531abda@group-E964BE911FCC-FollowerState was interrupted: java.lang.InterruptedException: sleep interrupted
2019-10-18 14:02:10,937 [grpc-default-executor-1] INFO  impl.RoleInfo (RoleInfo.java:updateAndGet(143)) - 66f9d00c-1e97-4252-958c-bed5a531abda: start FollowerState
2019-10-18 14:02:10,937 [grpc-default-executor-0] INFO  impl.RoleInfo (RoleInfo.java:shutdownFollowerState(121)) - 6cbfae60-ea29-4abc-a49d-ef94f4bd513a: shutdown FollowerState
2019-10-18 14:02:10,938 [grpc-default-executor-0] INFO  impl.RoleInfo (RoleInfo.java:updateAndGet(143)) - 6cbfae60-ea29-4abc-a49d-ef94f4bd513a: start FollowerState
2019-10-18 14:02:10,938 [Thread-2535] INFO  impl.FollowerState (FollowerState.java:run(117)) - 6cbfae60-ea29-4abc-a49d-ef94f4bd513a@group-E964BE911FCC-FollowerState was interrupted: java.lang.InterruptedException: sleep interrupted
2019-10-18 14:02:10,964 [92ce6e48-4722-407a-9620-5998c6999257@group-E964BE911FCC-LeaderElection344] INFO  impl.LeaderElection (LeaderElection.java:logAndReturn(56)) - 92ce6e48-4722-407a-9620-5998c6999257@group-E964BE911FCC-LeaderElection344: Election REJECTED; received 2 response(s) [92ce6e48-4722-407a-9620-5998c6999257<-6cbfae60-ea29-4abc-a49d-ef94f4bd513a#0:FAIL-t381, 92ce6e48-4722-407a-9620-5998c6999257<-66f9d00c-1e97-4252-958c-bed5a531abda#0:FAIL-t381] and 0 exception(s); 92ce6e48-4722-407a-9620-5998c6999257@group-E964BE911FCC:t381, leader=null, voted=92ce6e48-4722-407a-9620-5998c6999257, raftlog=92ce6e48-4722-407a-9620-5998c6999257@group-E964BE911FCC-SegmentedRaftLog:OPENED:c-1,f-1,i0, conf=-1: [6cbfae60-ea29-4abc-a49d-ef94f4bd513a:192.168.69.85:36685, 66f9d00c-1e97-4252-958c-bed5a531abda:192.168.69.85:45996, 92ce6e48-4722-407a-9620-5998c6999257:192.168.69.85:34971], old=null
2019-10-18 14:02:10,964 [92ce6e48-4722-407a-9620-5998c6999257@group-E964BE911FCC-LeaderElection344] INFO  impl.RaftServerImpl (RaftServerImpl.java:setRole(184)) - 92ce6e48-4722-407a-9620-5998c6999257@group-E964BE911FCC: changes role from CANDIDATE to FOLLOWER at term 381 for DISCOVERED_A_NEW_TERM
2019-10-18 14:02:10,964 [92ce6e48-4722-407a-9620-5998c6999257@group-E964BE911FCC-LeaderElection344] INFO  impl.RoleInfo (RoleInfo.java:shutdownLeaderElection(134)) - 92ce6e48-4722-407a-9620-5998c6999257: shutdown LeaderElection
2019-10-18 14:02:10,964 [92ce6e48-4722-407a-9620-5998c6999257@group-E964BE911FCC-LeaderElection344] INFO  impl.RoleInfo (RoleInfo.java:updateAndGet(143)) - 92ce6e48-4722-407a-9620-5998c6999257: start FollowerState
2019-10-18 14:02:11,133 [Thread-2543] INFO  impl.FollowerState (FollowerState.java:run(108)) - 92ce6e48-4722-407a-9620-5998c6999257@group-E964BE911FCC-FollowerState: change to CANDIDATE, lastRpcTime:169ms, electionTimeout:169ms
2019-10-18 14:02:11,134 [Thread-2543] INFO  impl.RoleInfo (RoleInfo.java:shutdownFollowerState(121)) - 92ce6e48-4722-407a-9620-5998c6999257: shutdown FollowerState
2019-10-18 14:02:11,134 [Thread-2543] INFO  impl.RaftServerImpl (RaftServerImpl.java:setRole(184)) - 92ce6e48-4722-407a-9620-5998c6999257@group-E964BE911FCC: changes role from  FOLLOWER to CANDIDATE at term 381 for changeToCandidate
2019-10-18 14:02:11,134 [Thread-2543] INFO  impl.RoleInfo (RoleInfo.java:updateAndGet(143)) - 92ce6e48-4722-407a-9620-5998c6999257: start LeaderElection
2019-10-18 14:02:11,149 [92ce6e48-4722-407a-9620-5998c6999257@group-E964BE911FCC-LeaderElection345] INFO  impl.LeaderElection (LeaderElection.java:askForVotes(178)) - 92ce6e48-4722-407a-9620-5998c6999257@group-E964BE911FCC-LeaderElection345: begin an election at term 382 for -1: [6cbfae60-ea29-4abc-a49d-ef94f4bd513a:192.168.69.85:36685, 66f9d00c-1e97-4252-958c-bed5a531abda:192.168.69.85:45996, 92ce6e48-4722-407a-9620-5998c6999257:192.168.69.85:34971], old=null
2019-10-18 14:02:11,151 [grpc-default-executor-1] INFO  impl.RaftServerImpl (RaftServerImpl.java:setRole(184)) - 6cbfae60-ea29-4abc-a49d-ef94f4bd513a@group-E964BE911FCC: changes role from  FOLLOWER to FOLLOWER at term 382 for recognizeCandidate:92ce6e48-4722-407a-9620-5998c6999257
2019-10-18 14:02:11,151 [grpc-default-executor-0] INFO  impl.RaftServerImpl (RaftServerImpl.java:setRole(184)) - 66f9d00c-1e97-4252-958c-bed5a531abda@group-E964BE911FCC: changes role from  FOLLOWER to FOLLOWER at term 382 for recognizeCandidate:92ce6e48-4722-407a-9620-5998c6999257
2019-10-18 14:02:11,151 [grpc-default-executor-1] INFO  impl.RoleInfo (RoleInfo.java:shutdownFollowerState(121)) - 6cbfae60-ea29-4abc-a49d-ef94f4bd513a: shutdown FollowerState
2019-10-18 14:02:11,151 [grpc-default-executor-0] INFO  impl.RoleInfo (RoleInfo.java:shutdownFollowerState(121)) - 66f9d00c-1e97-4252-958c-bed5a531abda: shutdown FollowerState
2019-10-18 14:02:11,151 [Thread-2542] INFO  impl.FollowerState (FollowerState.java:run(117)) - 6cbfae60-ea29-4abc-a49d-ef94f4bd513a@group-E964BE911FCC-FollowerState was interrupted: java.lang.InterruptedException: sleep interrupted
2019-10-18 14:02:11,151 [grpc-default-executor-1] INFO  impl.RoleInfo (RoleInfo.java:updateAndGet(143)) - 6cbfae60-ea29-4abc-a49d-ef94f4bd513a: start FollowerState
2019-10-18 14:02:11,152 [Thread-2541] INFO  impl.FollowerState (FollowerState.java:run(117)) - 66f9d00c-1e97-4252-958c-bed5a531abda@group-E964BE911FCC-FollowerState was interrupted: java.lang.InterruptedException: sleep interrupted
2019-10-18 14:02:11,152 [grpc-default-executor-0] INFO  impl.RoleInfo (RoleInfo.java:updateAndGet(143)) - 66f9d00c-1e97-4252-958c-bed5a531abda: start FollowerState
2019-10-18 14:02:11,164 [92ce6e48-4722-407a-9620-5998c6999257@group-E964BE911FCC-LeaderElection345] INFO  impl.LeaderElection (LeaderElection.java:logAndReturn(56)) - 92ce6e48-4722-407a-9620-5998c6999257@group-E964BE911FCC-LeaderElection345: Election TIMEOUT; received 0 response(s) [] and 0 exception(s); 92ce6e48-4722-407a-9620-5998c6999257@group-E964BE911FCC:t382, leader=null, voted=92ce6e48-4722-407a-9620-5998c6999257, raftlog=92ce6e48-4722-407a-9620-5998c6999257@group-E964BE911FCC-SegmentedRaftLog:OPENED:c-1,f-1,i0, conf=-1: [6cbfae60-ea29-4abc-a49d-ef94f4bd513a:192.168.69.85:36685, 66f9d00c-1e97-4252-958c-bed5a531abda:192.168.69.85:45996, 92ce6e48-4722-407a-9620-5998c6999257:192.168.69.85:34971], old=null
2019-10-18 14:02:11,177 [92ce6e48-4722-407a-9620-5998c6999257@group-E964BE911FCC-LeaderElection345] INFO  impl.LeaderElection (LeaderElection.java:askForVotes(178)) - 92ce6e48-4722-407a-9620-5998c6999257@group-E964BE911FCC-LeaderElection345: begin an election at term 383 for -1: [6cbfae60-ea29-4abc-a49d-ef94f4bd513a:192.168.69.85:36685, 66f9d00c-1e97-4252-958c-bed5a531abda:192.168.69.85:45996, 92ce6e48-4722-407a-9620-5998c6999257:192.168.69.85:34971], old=null
2019-10-18 14:02:11,178 [grpc-default-executor-0] INFO  impl.RaftServerImpl (RaftServerImpl.java:setRole(184)) - 6cbfae60-ea29-4abc-a49d-ef94f4bd513a@group-E964BE911FCC: changes role from  FOLLOWER to FOLLOWER at term 383 for recognizeCandidate:92ce6e48-4722-407a-9620-5998c6999257
2019-10-18 14:02:11,178 [grpc-default-executor-1] INFO  impl.RaftServerImpl (RaftServerImpl.java:setRole(184)) - 66f9d00c-1e97-4252-958c-bed5a531abda@group-E964BE911FCC: changes role from  FOLLOWER to FOLLOWER at term 383 for recognizeCandidate:92ce6e48-4722-407a-9620-5998c6999257
2019-10-18 14:02:11,179 [grpc-default-executor-1] INFO  impl.RoleInfo (RoleInfo.java:shutdownFollowerState(121)) - 66f9d00c-1e97-4252-958c-bed5a531abda: shutdown FollowerState
2019-10-18 14:02:11,178 [grpc-default-executor-0] INFO  impl.RoleInfo (RoleInfo.java:shutdownFollowerState(121)) - 6cbfae60-ea29-4abc-a49d-ef94f4bd513a: shutdown FollowerState
2019-10-18 14:02:11,179 [Thread-2548] INFO  impl.FollowerState (FollowerState.java:run(117)) - 66f9d00c-1e97-4252-958c-bed5a531abda@group-E964BE911FCC-FollowerState was interrupted: java.lang.InterruptedException: sleep interrupted
2019-10-18 14:02:11,179 [grpc-default-executor-1] INFO  impl.RoleInfo (RoleInfo.java:updateAndGet(143)) - 66f9d00c-1e97-4252-958c-bed5a531abda: start FollowerState
2019-10-18 14:02:11,179 [Thread-2547] INFO  impl.FollowerState (FollowerState.java:run(117)) - 6cbfae60-ea29-4abc-a49d-ef94f4bd513a@group-E964BE911FCC-FollowerState was interrupted: java.lang.InterruptedException: sleep interrupted
2019-10-18 14:02:11,179 [grpc-default-executor-0] INFO  impl.RoleInfo (RoleInfo.java:updateAndGet(143)) - 6cbfae60-ea29-4abc-a49d-ef94f4bd513a: start FollowerState
2019-10-18 14:02:11,195 [92ce6e48-4722-407a-9620-5998c6999257@group-E964BE911FCC-LeaderElection345] INFO  impl.LeaderElection (LeaderElection.java:logAndReturn(56)) - 92ce6e48-4722-407a-9620-5998c6999257@group-E964BE911FCC-LeaderElection345: Election REJECTED; received 2 response(s) [92ce6e48-4722-407a-9620-5998c6999257<-6cbfae60-ea29-4abc-a49d-ef94f4bd513a#0:FAIL-t383, 92ce6e48-4722-407a-9620-5998c6999257<-66f9d00c-1e97-4252-958c-bed5a531abda#0:FAIL-t383] and 0 exception(s); 92ce6e48-4722-407a-9620-5998c6999257@group-E964BE911FCC:t383, leader=null, voted=92ce6e48-4722-407a-9620-5998c6999257, raftlog=92ce6e48-4722-407a-9620-5998c6999257@group-E964BE911FCC-SegmentedRaftLog:OPENED:c-1,f-1,i0, conf=-1: [6cbfae60-ea29-4abc-a49d-ef94f4bd513a:192.168.69.85:36685, 66f9d00c-1e97-4252-958c-bed5a531abda:192.168.69.85:45996, 92ce6e48-4722-407a-9620-5998c6999257:192.168.69.85:34971], old=null
2019-10-18 14:02:11,195 [92ce6e48-4722-407a-9620-5998c6999257@group-E964BE911FCC-LeaderElection345] INFO  impl.RaftServerImpl (RaftServerImpl.java:setRole(184)) - 92ce6e48-4722-407a-9620-5998c6999257@group-E964BE911FCC: changes role from CANDIDATE to FOLLOWER at term 383 for DISCOVERED_A_NEW_TERM
2019-10-18 14:02:11,195 [92ce6e48-4722-407a-9620-5998c6999257@group-E964BE911FCC-LeaderElection345] INFO  impl.RoleInfo (RoleInfo.java:shutdownLeaderElection(134)) - 92ce6e48-4722-407a-9620-5998c6999257: shutdown LeaderElection
2019-10-18 14:02:11,195 [92ce6e48-4722-407a-9620-5998c6999257@group-E964BE911FCC-LeaderElection345] INFO  impl.RoleInfo (RoleInfo.java:updateAndGet(143)) - 92ce6e48-4722-407a-9620-5998c6999257: start FollowerState
2019-10-18 14:02:11,341 [Thread-2553] INFO  impl.FollowerState (FollowerState.java:run(108)) - 92ce6e48-4722-407a-9620-5998c6999257@group-E964BE911FCC-FollowerState: change to CANDIDATE, lastRpcTime:145ms, electionTimeout:145ms
2019-10-18 14:02:11,341 [Thread-2553] INFO  impl.RoleInfo (RoleInfo.java:shutdownFollowerState(121)) - 92ce6e48-4722-407a-9620-5998c6999257: shutdown FollowerState
2019-10-18 14:02:11,341 [Thread-2553] INFO  impl.RaftServerImpl (RaftServerImpl.java:setRole(184)) - 92ce6e48-4722-407a-9620-5998c6999257@group-E964BE911FCC: changes role from  FOLLOWER to CANDIDATE at term 383 for changeToCandidate
2019-10-18 14:02:11,342 [Thread-2553] INFO  impl.RoleInfo (RoleInfo.java:updateAndGet(143)) - 92ce6e48-4722-407a-9620-5998c6999257: start LeaderElection
2019-10-18 14:02:11,367 [92ce6e48-4722-407a-9620-5998c6999257@group-E964BE911FCC-LeaderElection346] INFO  impl.LeaderElection (LeaderElection.java:askForVotes(178)) - 92ce6e48-4722-407a-9620-5998c6999257@group-E964BE911FCC-LeaderElection346: begin an election at term 384 for -1: [6cbfae60-ea29-4abc-a49d-ef94f4bd513a:192.168.69.85:36685, 66f9d00c-1e97-4252-958c-bed5a531abda:192.168.69.85:45996, 92ce6e48-4722-407a-9620-5998c6999257:192.168.69.85:34971], old=null
2019-10-18 14:02:11,372 [grpc-default-executor-0] INFO  impl.RaftServerImpl (RaftServerImpl.java:setRole(184)) - 6cbfae60-ea29-4abc-a49d-ef94f4bd513a@group-E964BE911FCC: changes role from  FOLLOWER to FOLLOWER at term 384 for recognizeCandidate:92ce6e48-4722-407a-9620-5998c6999257
2019-10-18 14:02:11,372 [grpc-default-executor-1] INFO  impl.RaftServerImpl (RaftServerImpl.java:setRole(184)) - 66f9d00c-1e97-4252-958c-bed5a531abda@group-E964BE911FCC: changes role from  FOLLOWER to FOLLOWER at term 384 for recognizeCandidate:92ce6e48-4722-407a-9620-5998c6999257
2019-10-18 14:02:11,373 [grpc-default-executor-1] INFO  impl.RoleInfo (RoleInfo.java:shutdownFollowerState(121)) - 66f9d00c-1e97-4252-958c-bed5a531abda: shutdown FollowerState
2019-10-18 14:02:11,373 [grpc-default-executor-1] INFO  impl.RoleInfo (RoleInfo.java:updateAndGet(143)) - 66f9d00c-1e97-4252-958c-bed5a531abda: start FollowerState
2019-10-18 14:02:11,373 [grpc-default-executor-0] INFO  impl.RoleInfo (RoleInfo.java:shutdownFollowerState(121)) - 6cbfae60-ea29-4abc-a49d-ef94f4bd513a: shutdown FollowerState
2019-10-18 14:02:11,373 [Thread-2551] INFO  impl.FollowerState (FollowerState.java:run(117)) - 66f9d00c-1e97-4252-958c-bed5a531abda@group-E964BE911FCC-FollowerState was interrupted: java.lang.InterruptedException: sleep interrupted
2019-10-18 14:02:11,373 [grpc-default-executor-0] INFO  impl.RoleInfo (RoleInfo.java:updateAndGet(143)) - 6cbfae60-ea29-4abc-a49d-ef94f4bd513a: start FollowerState
2019-10-18 14:02:11,373 [Thread-2552] INFO  impl.FollowerState (FollowerState.java:run(117)) - 6cbfae60-ea29-4abc-a49d-ef94f4bd513a@group-E964BE911FCC-FollowerState was interrupted: java.lang.InterruptedException: sleep interrupted
2019-10-18 14:02:11,400 [92ce6e48-4722-407a-9620-5998c6999257@group-E964BE911FCC-LeaderElection346] INFO  impl.LeaderElection (LeaderElection.java:logAndReturn(56)) - 92ce6e48-4722-407a-9620-5998c6999257@group-E964BE911FCC-LeaderElection346: Election REJECTED; received 2 response(s) [92ce6e48-4722-407a-9620-5998c6999257<-6cbfae60-ea29-4abc-a49d-ef94f4bd513a#0:FAIL-t384, 92ce6e48-4722-407a-9620-5998c6999257<-66f9d00c-1e97-4252-958c-bed5a531abda#0:FAIL-t384] and 0 exception(s); 92ce6e48-4722-407a-9620-5998c6999257@group-E964BE911FCC:t384, leader=null, voted=92ce6e48-4722-407a-9620-5998c6999257, raftlog=92ce6e48-4722-407a-9620-5998c6999257@group-E964BE911FCC-SegmentedRaftLog:OPENED:c-1,f-1,i0, conf=-1: [6cbfae60-ea29-4abc-a49d-ef94f4bd513a:192.168.69.85:36685, 66f9d00c-1e97-4252-958c-bed5a531abda:192.168.69.85:45996, 92ce6e48-4722-407a-9620-5998c6999257:192.168.69.85:34971], old=null
2019-10-18 14:02:11,400 [92ce6e48-4722-407a-9620-5998c6999257@group-E964BE911FCC-LeaderElection346] INFO  impl.RaftServerImpl (RaftServerImpl.java:setRole(184)) - 92ce6e48-4722-407a-9620-5998c6999257@group-E964BE911FCC: changes role from CANDIDATE to FOLLOWER at term 384 for DISCOVERED_A_NEW_TERM
2019-10-18 14:02:11,400 [92ce6e48-4722-407a-9620-5998c6999257@group-E964BE911FCC-LeaderElection346] INFO  impl.RoleInfo (RoleInfo.java:shutdownLeaderElection(134)) - 92ce6e48-4722-407a-9620-5998c6999257: shutdown LeaderElection
2019-10-18 14:02:11,401 [92ce6e48-4722-407a-9620-5998c6999257@group-E964BE911FCC-LeaderElection346] INFO  impl.RoleInfo (RoleInfo.java:updateAndGet(143)) - 92ce6e48-4722-407a-9620-5998c6999257: start FollowerState
2019-10-18 14:02:11,480 [Thread-2559] INFO  impl.FollowerState (FollowerState.java:run(108)) - 92ce6e48-4722-407a-9620-5998c6999257@group-E964BE911FCC-FollowerState: change to CANDIDATE, lastRpcTime:79ms, electionTimeout:79ms
2019-10-18 14:02:11,480 [Thread-2559] INFO  impl.RoleInfo (RoleInfo.java:shutdownFollowerState(121)) - 92ce6e48-4722-407a-9620-5998c6999257: shutdown FollowerState
2019-10-18 14:02:11,480 [Thread-2559] INFO  impl.RaftServerImpl (RaftServerImpl.java:setRole(184)) - 92ce6e48-4722-407a-9620-5998c6999257@group-E964BE911FCC: changes role from  FOLLOWER to CANDIDATE at term 384 for changeToCandidate
2019-10-18 14:02:11,480 [Thread-2559] INFO  impl.RoleInfo (RoleInfo.java:updateAndGet(143)) - 92ce6e48-4722-407a-9620-5998c6999257: start LeaderElection
2019-10-18 14:02:11,494 [92ce6e48-4722-407a-9620-5998c6999257@group-E964BE911FCC-LeaderElection347] INFO  impl.LeaderElection (LeaderElection.java:askForVotes(178)) - 92ce6e48-4722-407a-9620-5998c6999257@group-E964BE911FCC-LeaderElection347: begin an election at term 385 for -1: [6cbfae60-ea29-4abc-a49d-ef94f4bd513a:192.168.69.85:36685, 66f9d00c-1e97-4252-958c-bed5a531abda:192.168.69.85:45996, 92ce6e48-4722-407a-9620-5998c6999257:192.168.69.85:34971], old=null
2019-10-18 14:02:11,495 [grpc-default-executor-1] INFO  impl.RaftServerImpl (RaftServerImpl.java:setRole(184)) - 66f9d00c-1e97-4252-958c-bed5a531abda@group-E964BE911FCC: changes role from  FOLLOWER to FOLLOWER at term 385 for recognizeCandidate:92ce6e48-4722-407a-9620-5998c6999257
2019-10-18 14:02:11,495 [grpc-default-executor-0] INFO  impl.RaftServerImpl (RaftServerImpl.java:setRole(184)) - 6cbfae60-ea29-4abc-a49d-ef94f4bd513a@group-E964BE911FCC: changes role from  FOLLOWER to FOLLOWER at term 385 for recognizeCandidate:92ce6e48-4722-407a-9620-5998c6999257
2019-10-18 14:02:11,496 [grpc-default-executor-1] INFO  impl.RoleInfo (RoleInfo.java:shutdownFollowerState(121)) - 66f9d00c-1e97-4252-958c-bed5a531abda: shutdown FollowerState
2019-10-18 14:02:11,496 [grpc-default-executor-1] INFO  impl.RoleInfo (RoleInfo.java:updateAndGet(143)) - 66f9d00c-1e97-4252-958c-bed5a531abda: start FollowerState
2019-10-18 14:02:11,496 [grpc-default-executor-0] INFO  impl.RoleInfo (RoleInfo.java:shutdownFollowerState(121)) - 6cbfae60-ea29-4abc-a49d-ef94f4bd513a: shutdown FollowerState
2019-10-18 14:02:11,496 [Thread-2557] INFO  impl.FollowerState (FollowerState.java:run(117)) - 66f9d00c-1e97-4252-958c-bed5a531abda@group-E964BE911FCC-FollowerState was interrupted: java.lang.InterruptedException: sleep interrupted
2019-10-18 14:02:11,496 [Thread-2558] INFO  impl.FollowerState (FollowerState.java:run(117)) - 6cbfae60-ea29-4abc-a49d-ef94f4bd513a@group-E964BE911FCC-FollowerState was interrupted: java.lang.InterruptedException: sleep interrupted
2019-10-18 14:02:11,496 [grpc-default-executor-0] INFO  impl.RoleInfo (RoleInfo.java:updateAndGet(143)) - 6cbfae60-ea29-4abc-a49d-ef94f4bd513a: start FollowerState
2019-10-18 14:02:11,522 [92ce6e48-4722-407a-9620-5998c6999257@group-E964BE911FCC-LeaderElection347] INFO  impl.LeaderElection (LeaderElection.java:logAndReturn(56)) - 92ce6e48-4722-407a-9620-5998c6999257@group-E964BE911FCC-LeaderElection347: Election REJECTED; received 2 response(s) [92ce6e48-4722-407a-9620-5998c6999257<-6cbfae60-ea29-4abc-a49d-ef94f4bd513a#0:FAIL-t385, 92ce6e48-4722-407a-9620-5998c6999257<-66f9d00c-1e97-4252-958c-bed5a531abda#0:FAIL-t385] and 0 exception(s); 92ce6e48-4722-407a-9620-5998c6999257@group-E964BE911FCC:t385, leader=null, voted=92ce6e48-4722-407a-9620-5998c6999257, raftlog=92ce6e48-4722-407a-9620-5998c6999257@group-E964BE911FCC-SegmentedRaftLog:OPENED:c-1,f-1,i0, conf=-1: [6cbfae60-ea29-4abc-a49d-ef94f4bd513a:192.168.69.85:36685, 66f9d00c-1e97-4252-958c-bed5a531abda:192.168.69.85:45996, 92ce6e48-4722-407a-9620-5998c6999257:192.168.69.85:34971], old=null
2019-10-18 14:02:11,522 [92ce6e48-4722-407a-9620-5998c6999257@group-E964BE911FCC-LeaderElection347] INFO  impl.RaftServerImpl (RaftServerImpl.java:setRole(184)) - 92ce6e48-4722-407a-9620-5998c6999257@group-E964BE911FCC: changes role from CANDIDATE to FOLLOWER at term 385 for DISCOVERED_A_NEW_TERM
2019-10-18 14:02:11,522 [92ce6e48-4722-407a-9620-5998c6999257@group-E964BE911FCC-LeaderElection347] INFO  impl.RoleInfo (RoleInfo.java:shutdownLeaderElection(134)) - 92ce6e48-4722-407a-9620-5998c6999257: shutdown LeaderElection
2019-10-18 14:02:11,522 [92ce6e48-4722-407a-9620-5998c6999257@group-E964BE911FCC-LeaderElection347] INFO  impl.RoleInfo (RoleInfo.java:updateAndGet(143)) - 92ce6e48-4722-407a-9620-5998c6999257: start FollowerState
2019-10-18 14:02:11,564 [Thread-2567] INFO  impl.FollowerState (FollowerState.java:run(108)) - 92ce6e48-4722-407a-9620-5998c6999257@group-E964BE911FCC-FollowerState: change to CANDIDATE, lastRpcTime:42ms, electionTimeout:42ms
2019-10-18 14:02:11,565 [Thread-2567] INFO  impl.RoleInfo (RoleInfo.java:shutdownFollowerState(121)) - 92ce6e48-4722-407a-9620-5998c6999257: shutdown FollowerState
2019-10-18 14:02:11,565 [Thread-2567] INFO  impl.RaftServerImpl (RaftServerImpl.java:setRole(184)) - 92ce6e48-4722-407a-9620-5998c6999257@group-E964BE911FCC: changes role from  FOLLOWER to CANDIDATE at term 385 for changeToCandidate
2019-10-18 14:02:11,565 [Thread-2567] INFO  impl.RoleInfo (RoleInfo.java:updateAndGet(143)) - 92ce6e48-4722-407a-9620-5998c6999257: start LeaderElection
2019-10-18 14:02:11,586 [92ce6e48-4722-407a-9620-5998c6999257@group-E964BE911FCC-LeaderElection348] INFO  impl.LeaderElection (LeaderElection.java:askForVotes(178)) - 92ce6e48-4722-407a-9620-5998c6999257@group-E964BE911FCC-LeaderElection348: begin an election at term 386 for -1: [6cbfae60-ea29-4abc-a49d-ef94f4bd513a:192.168.69.85:36685, 66f9d00c-1e97-4252-958c-bed5a531abda:192.168.69.85:45996, 92ce6e48-4722-407a-9620-5998c6999257:192.168.69.85:34971], old=null
2019-10-18 14:02:11,588 [grpc-default-executor-1] INFO  impl.RaftServerImpl (RaftServerImpl.java:setRole(184)) - 66f9d00c-1e97-4252-958c-bed5a531abda@group-E964BE911FCC: changes role from  FOLLOWER to FOLLOWER at term 386 for recognizeCandidate:92ce6e48-4722-407a-9620-5998c6999257
2019-10-18 14:02:11,588 [grpc-default-executor-1] INFO  impl.RoleInfo (RoleInfo.java:shutdownFollowerState(121)) - 66f9d00c-1e97-4252-958c-bed5a531abda: shutdown FollowerState
2019-10-18 14:02:11,588 [grpc-default-executor-0] INFO  impl.RaftServerImpl (RaftServerImpl.java:setRole(184)) - 6cbfae60-ea29-4abc-a49d-ef94f4bd513a@group-E964BE911FCC: changes role from  FOLLOWER to FOLLOWER at term 386 for recognizeCandidate:92ce6e48-4722-407a-9620-5998c6999257
2019-10-18 14:02:11,588 [Thread-2563] INFO  impl.FollowerState (FollowerState.java:run(117)) - 66f9d00c-1e97-4252-958c-bed5a531abda@group-E964BE911FCC-FollowerState was interrupted: java.lang.InterruptedException: sleep interrupted
2019-10-18 14:02:11,588 [grpc-default-executor-1] INFO  impl.RoleInfo (RoleInfo.java:updateAndGet(143)) - 66f9d00c-1e97-4252-958c-bed5a531abda: start FollowerState
2019-10-18 14:02:11,588 [grpc-default-executor-0] INFO  impl.RoleInfo (RoleInfo.java:shutdownFollowerState(121)) - 6cbfae60-ea29-4abc-a49d-ef94f4bd513a: shutdown FollowerState
2019-10-18 14:02:11,589 [grpc-default-executor-0] INFO  impl.RoleInfo (RoleInfo.java:updateAndGet(143)) - 6cbfae60-ea29-4abc-a49d-ef94f4bd513a: start FollowerState
2019-10-18 14:02:11,589 [Thread-2564] INFO  impl.FollowerState (FollowerState.java:run(117)) - 6cbfae60-ea29-4abc-a49d-ef94f4bd513a@group-E964BE911FCC-FollowerState was interrupted: java.lang.InterruptedException: sleep interrupted
2019-10-18 14:02:11,602 [92ce6e48-4722-407a-9620-5998c6999257@group-E964BE911FCC-LeaderElection348] INFO  impl.LeaderElection (LeaderElection.java:logAndReturn(56)) - 92ce6e48-4722-407a-9620-5998c6999257@group-E964BE911FCC-LeaderElection348: Election REJECTED; received 2 response(s) [92ce6e48-4722-407a-9620-5998c6999257<-6cbfae60-ea29-4abc-a49d-ef94f4bd513a#0:FAIL-t386, 92ce6e48-4722-407a-9620-5998c6999257<-66f9d00c-1e97-4252-958c-bed5a531abda#0:FAIL-t386] and 0 exception(s); 92ce6e48-4722-407a-9620-5998c6999257@group-E964BE911FCC:t386, leader=null, voted=92ce6e48-4722-407a-9620-5998c6999257, raftlog=92ce6e48-4722-407a-9620-5998c6999257@group-E964BE911FCC-SegmentedRaftLog:OPENED:c-1,f-1,i0, conf=-1: [6cbfae60-ea29-4abc-a49d-ef94f4bd513a:192.168.69.85:36685, 66f9d00c-1e97-4252-958c-bed5a531abda:192.168.69.85:45996, 92ce6e48-4722-407a-9620-5998c6999257:192.168.69.85:34971], old=null
2019-10-18 14:02:11,602 [92ce6e48-4722-407a-9620-5998c6999257@group-E964BE911FCC-LeaderElection348] INFO  impl.RaftServerImpl (RaftServerImpl.java:setRole(184)) - 92ce6e48-4722-407a-9620-5998c6999257@group-E964BE911FCC: changes role from CANDIDATE to FOLLOWER at term 386 for DISCOVERED_A_NEW_TERM
2019-10-18 14:02:11,602 [92ce6e48-4722-407a-9620-5998c6999257@group-E964BE911FCC-LeaderElection348] INFO  impl.RoleInfo (RoleInfo.java:shutdownLeaderElection(134)) - 92ce6e48-4722-407a-9620-5998c6999257: shutdown LeaderElection
2019-10-18 14:02:11,602 [92ce6e48-4722-407a-9620-5998c6999257@group-E964BE911FCC-LeaderElection348] INFO  impl.RoleInfo (RoleInfo.java:updateAndGet(143)) - 92ce6e48-4722-407a-9620-5998c6999257: start FollowerState
2019-10-18 14:02:11,793 [Thread-2573] INFO  impl.FollowerState (FollowerState.java:run(108)) - 92ce6e48-4722-407a-9620-5998c6999257@group-E964BE911FCC-FollowerState: change to CANDIDATE, lastRpcTime:191ms, electionTimeout:191ms
2019-10-18 14:02:11,793 [Thread-2573] INFO  impl.RoleInfo (RoleInfo.java:shutdownFollowerState(121)) - 92ce6e48-4722-407a-9620-5998c6999257: shutdown FollowerState
2019-10-18 14:02:11,793 [Thread-2573] INFO  impl.RaftServerImpl (RaftServerImpl.java:setRole(184)) - 92ce6e48-4722-407a-9620-5998c6999257@group-E964BE911FCC: changes role from  FOLLOWER to CANDIDATE at term 386 for changeToCandidate
2019-10-18 14:02:11,794 [Thread-2573] INFO  impl.RoleInfo (RoleInfo.java:updateAndGet(143)) - 92ce6e48-4722-407a-9620-5998c6999257: start LeaderElection
2019-10-18 14:02:11,807 [92ce6e48-4722-407a-9620-5998c6999257@group-E964BE911FCC-LeaderElection349] INFO  impl.LeaderElection (LeaderElection.java:askForVotes(178)) - 92ce6e48-4722-407a-9620-5998c6999257@group-E964BE911FCC-LeaderElection349: begin an election at term 387 for -1: [6cbfae60-ea29-4abc-a49d-ef94f4bd513a:192.168.69.85:36685, 66f9d00c-1e97-4252-958c-bed5a531abda:192.168.69.85:45996, 92ce6e48-4722-407a-9620-5998c6999257:192.168.69.85:34971], old=null
2019-10-18 14:02:11,809 [grpc-default-executor-0] INFO  impl.RaftServerImpl (RaftServerImpl.java:setRole(184)) - 66f9d00c-1e97-4252-958c-bed5a531abda@group-E964BE911FCC: changes role from  FOLLOWER to FOLLOWER at term 387 for recognizeCandidate:92ce6e48-4722-407a-9620-5998c6999257
2019-10-18 14:02:11,809 [grpc-default-executor-1] INFO  impl.RaftServerImpl (RaftServerImpl.java:setRole(184)) - 6cbfae60-ea29-4abc-a49d-ef94f4bd513a@group-E964BE911FCC: changes role from  FOLLOWER to FOLLOWER at term 387 for recognizeCandidate:92ce6e48-4722-407a-9620-5998c6999257
2019-10-18 14:02:11,809 [grpc-default-executor-0] INFO  impl.RoleInfo (RoleInfo.java:shutdownFollowerState(121)) - 66f9d00c-1e97-4252-958c-bed5a531abda: shutdown FollowerState
2019-10-18 14:02:11,809 [grpc-default-executor-1] INFO  impl.RoleInfo (RoleInfo.java:shutdownFollowerState(121)) - 6cbfae60-ea29-4abc-a49d-ef94f4bd513a: shutdown FollowerState
2019-10-18 14:02:11,809 [Thread-2571] INFO  impl.FollowerState (FollowerState.java:run(117)) - 66f9d00c-1e97-4252-958c-bed5a531abda@group-E964BE911FCC-FollowerState was interrupted: java.lang.InterruptedException: sleep interrupted
2019-10-18 14:02:11,809 [Thread-2572] INFO  impl.FollowerState (FollowerState.java:run(117)) - 6cbfae60-ea29-4abc-a49d-ef94f4bd513a@group-E964BE911FCC-FollowerState was interrupted: java.lang.InterruptedException: sleep interrupted
2019-10-18 14:02:11,809 [grpc-default-executor-0] INFO  impl.RoleInfo (RoleInfo.java:updateAndGet(143)) - 66f9d00c-1e97-4252-958c-bed5a531abda: start FollowerState
2019-10-18 14:02:11,809 [grpc-default-executor-1] INFO  impl.RoleInfo (RoleInfo.java:updateAndGet(143)) - 6cbfae60-ea29-4abc-a49d-ef94f4bd513a: start FollowerState
2019-10-18 14:02:11,824 [92ce6e48-4722-407a-9620-5998c6999257@group-E964BE911FCC-LeaderElection349] INFO  impl.LeaderElection (LeaderElection.java:logAndReturn(56)) - 92ce6e48-4722-407a-9620-5998c6999257@group-E964BE911FCC-LeaderElection349: Election REJECTED; received 2 response(s) [92ce6e48-4722-407a-9620-5998c6999257<-6cbfae60-ea29-4abc-a49d-ef94f4bd513a#0:FAIL-t387, 92ce6e48-4722-407a-9620-5998c6999257<-66f9d00c-1e97-4252-958c-bed5a531abda#0:FAIL-t387] and 0 exception(s); 92ce6e48-4722-407a-9620-5998c6999257@group-E964BE911FCC:t387, leader=null, voted=92ce6e48-4722-407a-9620-5998c6999257, raftlog=92ce6e48-4722-407a-9620-5998c6999257@group-E964BE911FCC-SegmentedRaftLog:OPENED:c-1,f-1,i0, conf=-1: [6cbfae60-ea29-4abc-a49d-ef94f4bd513a:192.168.69.85:36685, 66f9d00c-1e97-4252-958c-bed5a531abda:192.168.69.85:45996, 92ce6e48-4722-407a-9620-5998c6999257:192.168.69.85:34971], old=null
2019-10-18 14:02:11,824 [92ce6e48-4722-407a-9620-5998c6999257@group-E964BE911FCC-LeaderElection349] INFO  impl.RaftServerImpl (RaftServerImpl.java:setRole(184)) - 92ce6e48-4722-407a-9620-5998c6999257@group-E964BE911FCC: changes role from CANDIDATE to FOLLOWER at term 387 for DISCOVERED_A_NEW_TERM
2019-10-18 14:02:11,824 [92ce6e48-4722-407a-9620-5998c6999257@group-E964BE911FCC-LeaderElection349] INFO  impl.RoleInfo (RoleInfo.java:shutdownLeaderElection(134)) - 92ce6e48-4722-407a-9620-5998c6999257: shutdown LeaderElection
2019-10-18 14:02:11,824 [92ce6e48-4722-407a-9620-5998c6999257@group-E964BE911FCC-LeaderElection349] INFO  impl.RoleInfo (RoleInfo.java:updateAndGet(143)) - 92ce6e48-4722-407a-9620-5998c6999257: start FollowerState
2019-10-18 14:02:11,863 [Thread-2579] INFO  impl.FollowerState (FollowerState.java:run(108)) - 92ce6e48-4722-407a-9620-5998c6999257@group-E964BE911FCC-FollowerState: change to CANDIDATE, lastRpcTime:39ms, electionTimeout:39ms
2019-10-18 14:02:11,863 [Thread-2579] INFO  impl.RoleInfo (RoleInfo.java:shutdownFollowerState(121)) - 92ce6e48-4722-407a-9620-5998c6999257: shutdown FollowerState
2019-10-18 14:02:11,863 [Thread-2579] INFO  impl.RaftServerImpl (RaftServerImpl.java:setRole(184)) - 92ce6e48-4722-407a-9620-5998c6999257@group-E964BE911FCC: changes role from  FOLLOWER to CANDIDATE at term 387 for changeToCandidate
2019-10-18 14:02:11,864 [Thread-2579] INFO  impl.RoleInfo (RoleInfo.java:updateAndGet(143)) - 92ce6e48-4722-407a-9620-5998c6999257: start LeaderElection
2019-10-18 14:02:11,877 [92ce6e48-4722-407a-9620-5998c6999257@group-E964BE911FCC-LeaderElection350] INFO  impl.LeaderElection (LeaderElection.java:askForVotes(178)) - 92ce6e48-4722-407a-9620-5998c6999257@group-E964BE911FCC-LeaderElection350: begin an election at term 388 for -1: [6cbfae60-ea29-4abc-a49d-ef94f4bd513a:192.168.69.85:36685, 66f9d00c-1e97-4252-958c-bed5a531abda:192.168.69.85:45996, 92ce6e48-4722-407a-9620-5998c6999257:192.168.69.85:34971], old=null
2019-10-18 14:02:11,878 [grpc-default-executor-0] INFO  impl.RaftServerImpl (RaftServerImpl.java:setRole(184)) - 6cbfae60-ea29-4abc-a49d-ef94f4bd513a@group-E964BE911FCC: changes role from  FOLLOWER to FOLLOWER at term 388 for recognizeCandidate:92ce6e48-4722-407a-9620-5998c6999257
2019-10-18 14:02:11,878 [grpc-default-executor-0] INFO  impl.RoleInfo (RoleInfo.java:shutdownFollowerState(121)) - 6cbfae60-ea29-4abc-a49d-ef94f4bd513a: shutdown FollowerState
2019-10-18 14:02:11,878 [grpc-default-executor-1] INFO  impl.RaftServerImpl (RaftServerImpl.java:setRole(184)) - 66f9d00c-1e97-4252-958c-bed5a531abda@group-E964BE911FCC: changes role from  FOLLOWER to FOLLOWER at term 388 for recognizeCandidate:92ce6e48-4722-407a-9620-5998c6999257
2019-10-18 14:02:11,878 [Thread-2578] INFO  impl.FollowerState (FollowerState.java:run(117)) - 6cbfae60-ea29-4abc-a49d-ef94f4bd513a@group-E964BE911FCC-FollowerState was interrupted: java.lang.InterruptedException: sleep interrupted
2019-10-18 14:02:11,878 [grpc-default-executor-0] INFO  impl.RoleInfo (RoleInfo.java:updateAndGet(143)) - 6cbfae60-ea29-4abc-a49d-ef94f4bd513a: start FollowerState
2019-10-18 14:02:11,879 [grpc-default-executor-1] INFO  impl.RoleInfo (RoleInfo.java:shutdownFollowerState(121)) - 66f9d00c-1e97-4252-958c-bed5a531abda: shutdown FollowerState
2019-10-18 14:02:11,879 [Thread-2577] INFO  impl.FollowerState (FollowerState.java:run(117)) - 66f9d00c-1e97-4252-958c-bed5a531abda@group-E964BE911FCC-FollowerState was interrupted: java.lang.InterruptedException: sleep interrupted
2019-10-18 14:02:11,879 [grpc-default-executor-1] INFO  impl.RoleInfo (RoleInfo.java:updateAndGet(143)) - 66f9d00c-1e97-4252-958c-bed5a531abda: start FollowerState
2019-10-18 14:02:11,901 [92ce6e48-4722-407a-9620-5998c6999257@group-E964BE911FCC-LeaderElection350] INFO  impl.LeaderElection (LeaderElection.java:logAndReturn(56)) - 92ce6e48-4722-407a-9620-5998c6999257@group-E964BE911FCC-LeaderElection350: Election REJECTED; received 2 response(s) [92ce6e48-4722-407a-9620-5998c6999257<-6cbfae60-ea29-4abc-a49d-ef94f4bd513a#0:FAIL-t388, 92ce6e48-4722-407a-9620-5998c6999257<-66f9d00c-1e97-4252-958c-bed5a531abda#0:FAIL-t388] and 0 exception(s); 92ce6e48-4722-407a-9620-5998c6999257@group-E964BE911FCC:t388, leader=null, voted=92ce6e48-4722-407a-9620-5998c6999257, raftlog=92ce6e48-4722-407a-9620-5998c6999257@group-E964BE911FCC-SegmentedRaftLog:OPENED:c-1,f-1,i0, conf=-1: [6cbfae60-ea29-4abc-a49d-ef94f4bd513a:192.168.69.85:36685, 66f9d00c-1e97-4252-958c-bed5a531abda:192.168.69.85:45996, 92ce6e48-4722-407a-9620-5998c6999257:192.168.69.85:34971], old=null
2019-10-18 14:02:11,901 [92ce6e48-4722-407a-9620-5998c6999257@group-E964BE911FCC-LeaderElection350] INFO  impl.RaftServerImpl (RaftServerImpl.java:setRole(184)) - 92ce6e48-4722-407a-9620-5998c6999257@group-E964BE911FCC: changes role from CANDIDATE to FOLLOWER at term 388 for DISCOVERED_A_NEW_TERM
2019-10-18 14:02:11,901 [92ce6e48-4722-407a-9620-5998c6999257@group-E964BE911FCC-LeaderElection350] INFO  impl.RoleInfo (RoleInfo.java:shutdownLeaderElection(134)) - 92ce6e48-4722-407a-9620-5998c6999257: shutdown LeaderElection
2019-10-18 14:02:11,901 [92ce6e48-4722-407a-9620-5998c6999257@group-E964BE911FCC-LeaderElection350] INFO  impl.RoleInfo (RoleInfo.java:updateAndGet(143)) - 92ce6e48-4722-407a-9620-5998c6999257: start FollowerState
2019-10-18 14:02:11,968 [Thread-2585] INFO  impl.FollowerState (FollowerState.java:run(108)) - 92ce6e48-4722-407a-9620-5998c6999257@group-E964BE911FCC-FollowerState: change to CANDIDATE, lastRpcTime:67ms, electionTimeout:67ms
2019-10-18 14:02:11,968 [Thread-2585] INFO  impl.RoleInfo (RoleInfo.java:shutdownFollowerState(121)) - 92ce6e48-4722-407a-9620-5998c6999257: shutdown FollowerState
2019-10-18 14:02:11,969 [Thread-2585] INFO  impl.RaftServerImpl (RaftServerImpl.java:setRole(184)) - 92ce6e48-4722-407a-9620-5998c6999257@group-E964BE911FCC: changes role from  FOLLOWER to CANDIDATE at term 388 for changeToCandidate
2019-10-18 14:02:11,969 [Thread-2585] INFO  impl.RoleInfo (RoleInfo.java:updateAndGet(143)) - 92ce6e48-4722-407a-9620-5998c6999257: start LeaderElection
2019-10-18 14:02:11,987 [92ce6e48-4722-407a-9620-5998c6999257@group-E964BE911FCC-LeaderElection351] INFO  impl.LeaderElection (LeaderElection.java:askForVotes(178)) - 92ce6e48-4722-407a-9620-5998c6999257@group-E964BE911FCC-LeaderElection351: begin an election at term 389 for -1: [6cbfae60-ea29-4abc-a49d-ef94f4bd513a:192.168.69.85:36685, 66f9d00c-1e97-4252-958c-bed5a531abda:192.168.69.85:45996, 92ce6e48-4722-407a-9620-5998c6999257:192.168.69.85:34971], old=null
2019-10-18 14:02:11,989 [grpc-default-executor-0] INFO  impl.RaftServerImpl (RaftServerImpl.java:setRole(184)) - 6cbfae60-ea29-4abc-a49d-ef94f4bd513a@group-E964BE911FCC: changes role from  FOLLOWER to FOLLOWER at term 389 for recognizeCandidate:92ce6e48-4722-407a-9620-5998c6999257
2019-10-18 14:02:11,989 [grpc-default-executor-1] INFO  impl.RaftServerImpl (RaftServerImpl.java:setRole(184)) - 66f9d00c-1e97-4252-958c-bed5a531abda@group-E964BE911FCC: changes role from  FOLLOWER to FOLLOWER at term 389 for recognizeCandidate:92ce6e48-4722-407a-9620-5998c6999257
2019-10-18 14:02:11,989 [grpc-default-executor-0] INFO  impl.RoleInfo (RoleInfo.java:shutdownFollowerState(121)) - 6cbfae60-ea29-4abc-a49d-ef94f4bd513a: shutdown FollowerState
2019-10-18 14:02:11,990 [grpc-default-executor-1] INFO  impl.RoleInfo (RoleInfo.java:shutdownFollowerState(121)) - 66f9d00c-1e97-4252-958c-bed5a531abda: shutdown FollowerState
2019-10-18 14:02:11,990 [grpc-default-executor-0] INFO  impl.RoleInfo (RoleInfo.java:updateAndGet(143)) - 6cbfae60-ea29-4abc-a49d-ef94f4bd513a: start FollowerState
2019-10-18 14:02:11,990 [grpc-default-executor-1] INFO  impl.RoleInfo (RoleInfo.java:updateAndGet(143)) - 66f9d00c-1e97-4252-958c-bed5a531abda: start FollowerState
2019-10-18 14:02:11,990 [Thread-2583] INFO  impl.FollowerState (FollowerState.java:run(117)) - 6cbfae60-ea29-4abc-a49d-ef94f4bd513a@group-E964BE911FCC-FollowerState was interrupted: java.lang.InterruptedException: sleep interrupted
2019-10-18 14:02:11,990 [Thread-2584] INFO  impl.FollowerState (FollowerState.java:run(117)) - 66f9d00c-1e97-4252-958c-bed5a531abda@group-E964BE911FCC-FollowerState was interrupted: java.lang.InterruptedException: sleep interrupted
2019-10-18 14:02:12,008 [92ce6e48-4722-407a-9620-5998c6999257@group-E964BE911FCC-LeaderElection351] INFO  impl.LeaderElection (LeaderElection.java:logAndReturn(56)) - 92ce6e48-4722-407a-9620-5998c6999257@group-E964BE911FCC-LeaderElection351: Election REJECTED; received 2 response(s) [92ce6e48-4722-407a-9620-5998c6999257<-6cbfae60-ea29-4abc-a49d-ef94f4bd513a#0:FAIL-t389, 92ce6e48-4722-407a-9620-5998c6999257<-66f9d00c-1e97-4252-958c-bed5a531abda#0:FAIL-t389] and 0 exception(s); 92ce6e48-4722-407a-9620-5998c6999257@group-E964BE911FCC:t389, leader=null, voted=92ce6e48-4722-407a-9620-5998c6999257, raftlog=92ce6e48-4722-407a-9620-5998c6999257@group-E964BE911FCC-SegmentedRaftLog:OPENED:c-1,f-1,i0, conf=-1: [6cbfae60-ea29-4abc-a49d-ef94f4bd513a:192.168.69.85:36685, 66f9d00c-1e97-4252-958c-bed5a531abda:192.168.69.85:45996, 92ce6e48-4722-407a-9620-5998c6999257:192.168.69.85:34971], old=null
2019-10-18 14:02:12,008 [92ce6e48-4722-407a-9620-5998c6999257@group-E964BE911FCC-LeaderElection351] INFO  impl.RaftServerImpl (RaftServerImpl.java:setRole(184)) - 92ce6e48-4722-407a-9620-5998c6999257@group-E964BE911FCC: changes role from CANDIDATE to FOLLOWER at term 389 for DISCOVERED_A_NEW_TERM
2019-10-18 14:02:12,008 [92ce6e48-4722-407a-9620-5998c6999257@group-E964BE911FCC-LeaderElection351] INFO  impl.RoleInfo (RoleInfo.java:shutdownLeaderElection(134)) - 92ce6e48-4722-407a-9620-5998c6999257: shutdown LeaderElection
2019-10-18 14:02:12,009 [92ce6e48-4722-407a-9620-5998c6999257@group-E964BE911FCC-LeaderElection351] INFO  impl.RoleInfo (RoleInfo.java:updateAndGet(143)) - 92ce6e48-4722-407a-9620-5998c6999257: start FollowerState
2019-10-18 14:02:12,101 [Thread-2591] INFO  impl.FollowerState (FollowerState.java:run(108)) - 92ce6e48-4722-407a-9620-5998c6999257@group-E964BE911FCC-FollowerState: change to CANDIDATE, lastRpcTime:92ms, electionTimeout:92ms
2019-10-18 14:02:12,101 [Thread-2591] INFO  impl.RoleInfo (RoleInfo.java:shutdownFollowerState(121)) - 92ce6e48-4722-407a-9620-5998c6999257: shutdown FollowerState
2019-10-18 14:02:12,101 [Thread-2591] INFO  impl.RaftServerImpl (RaftServerImpl.java:setRole(184)) - 92ce6e48-4722-407a-9620-5998c6999257@group-E964BE911FCC: changes role from  FOLLOWER to CANDIDATE at term 389 for changeToCandidate
2019-10-18 14:02:12,101 [Thread-2591] INFO  impl.RoleInfo (RoleInfo.java:updateAndGet(143)) - 92ce6e48-4722-407a-9620-5998c6999257: start LeaderElection
2019-10-18 14:02:12,115 [92ce6e48-4722-407a-9620-5998c6999257@group-E964BE911FCC-LeaderElection352] INFO  impl.LeaderElection (LeaderElection.java:askForVotes(178)) - 92ce6e48-4722-407a-9620-5998c6999257@group-E964BE911FCC-LeaderElection352: begin an election at term 390 for -1: [6cbfae60-ea29-4abc-a49d-ef94f4bd513a:192.168.69.85:36685, 66f9d00c-1e97-4252-958c-bed5a531abda:192.168.69.85:45996, 92ce6e48-4722-407a-9620-5998c6999257:192.168.69.85:34971], old=null
2019-10-18 14:02:12,117 [grpc-default-executor-0] INFO  impl.RaftServerImpl (RaftServerImpl.java:setRole(184)) - 66f9d00c-1e97-4252-958c-bed5a531abda@group-E964BE911FCC: changes role from  FOLLOWER to FOLLOWER at term 390 for recognizeCandidate:92ce6e48-4722-407a-9620-5998c6999257
2019-10-18 14:02:12,117 [grpc-default-executor-1] INFO  impl.RaftServerImpl (RaftServerImpl.java:setRole(184)) - 6cbfae60-ea29-4abc-a49d-ef94f4bd513a@group-E964BE911FCC: changes role from  FOLLOWER to FOLLOWER at term 390 for recognizeCandidate:92ce6e48-4722-407a-9620-5998c6999257
2019-10-18 14:02:12,117 [grpc-default-executor-0] INFO  impl.RoleInfo (RoleInfo.java:shutdownFollowerState(121)) - 66f9d00c-1e97-4252-958c-bed5a531abda: shutdown FollowerState
2019-10-18 14:02:12,117 [grpc-default-executor-1] INFO  impl.RoleInfo (RoleInfo.java:shutdownFollowerState(121)) - 6cbfae60-ea29-4abc-a49d-ef94f4bd513a: shutdown FollowerState
2019-10-18 14:02:12,117 [Thread-2590] INFO  impl.FollowerState (FollowerState.java:run(117)) - 66f9d00c-1e97-4252-958c-bed5a531abda@group-E964BE911FCC-FollowerState was interrupted: java.lang.InterruptedException: sleep interrupted
2019-10-18 14:02:12,118 [Thread-2589] INFO  impl.FollowerState (FollowerState.java:run(117)) - 6cbfae60-ea29-4abc-a49d-ef94f4bd513a@group-E964BE911FCC-FollowerState was interrupted: java.lang.InterruptedException: sleep interrupted
2019-10-18 14:02:12,117 [grpc-default-executor-0] INFO  impl.RoleInfo (RoleInfo.java:updateAndGet(143)) - 66f9d00c-1e97-4252-958c-bed5a531abda: start FollowerState
2019-10-18 14:02:12,117 [grpc-default-executor-1] INFO  impl.RoleInfo (RoleInfo.java:updateAndGet(143)) - 6cbfae60-ea29-4abc-a49d-ef94f4bd513a: start FollowerState
2019-10-18 14:02:12,132 [92ce6e48-4722-407a-9620-5998c6999257@group-E964BE911FCC-LeaderElection352] INFO  impl.LeaderElection (LeaderElection.java:logAndReturn(56)) - 92ce6e48-4722-407a-9620-5998c6999257@group-E964BE911FCC-LeaderElection352: Election REJECTED; received 2 response(s) [92ce6e48-4722-407a-9620-5998c6999257<-6cbfae60-ea29-4abc-a49d-ef94f4bd513a#0:FAIL-t390, 92ce6e48-4722-407a-9620-5998c6999257<-66f9d00c-1e97-4252-958c-bed5a531abda#0:FAIL-t390] and 0 exception(s); 92ce6e48-4722-407a-9620-5998c6999257@group-E964BE911FCC:t390, leader=null, voted=92ce6e48-4722-407a-9620-5998c6999257, raftlog=92ce6e48-4722-407a-9620-5998c6999257@group-E964BE911FCC-SegmentedRaftLog:OPENED:c-1,f-1,i0, conf=-1: [6cbfae60-ea29-4abc-a49d-ef94f4bd513a:192.168.69.85:36685, 66f9d00c-1e97-4252-958c-bed5a531abda:192.168.69.85:45996, 92ce6e48-4722-407a-9620-5998c6999257:192.168.69.85:34971], old=null
2019-10-18 14:02:12,132 [92ce6e48-4722-407a-9620-5998c6999257@group-E964BE911FCC-LeaderElection352] INFO  impl.RaftServerImpl (RaftServerImpl.java:setRole(184)) - 92ce6e48-4722-407a-9620-5998c6999257@group-E964BE911FCC: changes role from CANDIDATE to FOLLOWER at term 390 for DISCOVERED_A_NEW_TERM
2019-10-18 14:02:12,132 [92ce6e48-4722-407a-9620-5998c6999257@group-E964BE911FCC-LeaderElection352] INFO  impl.RoleInfo (RoleInfo.java:shutdownLeaderElection(134)) - 92ce6e48-4722-407a-9620-5998c6999257: shutdown LeaderElection
2019-10-18 14:02:12,132 [92ce6e48-4722-407a-9620-5998c6999257@group-E964BE911FCC-LeaderElection352] INFO  impl.RoleInfo (RoleInfo.java:updateAndGet(143)) - 92ce6e48-4722-407a-9620-5998c6999257: start FollowerState
2019-10-18 14:02:12,221 [Thread-2597] INFO  impl.FollowerState (FollowerState.java:run(108)) - 92ce6e48-4722-407a-9620-5998c6999257@group-E964BE911FCC-FollowerState: change to CANDIDATE, lastRpcTime:89ms, electionTimeout:89ms
2019-10-18 14:02:12,222 [Thread-2597] INFO  impl.RoleInfo (RoleInfo.java:shutdownFollowerState(121)) - 92ce6e48-4722-407a-9620-5998c6999257: shutdown FollowerState
2019-10-18 14:02:12,222 [Thread-2597] INFO  impl.RaftServerImpl (RaftServerImpl.java:setRole(184)) - 92ce6e48-4722-407a-9620-5998c6999257@group-E964BE911FCC: changes role from  FOLLOWER to CANDIDATE at term 390 for changeToCandidate
2019-10-18 14:02:12,222 [Thread-2597] INFO  impl.RoleInfo (RoleInfo.java:updateAndGet(143)) - 92ce6e48-4722-407a-9620-5998c6999257: start LeaderElection
2019-10-18 14:02:12,247 [92ce6e48-4722-407a-9620-5998c6999257@group-E964BE911FCC-LeaderElection353] INFO  impl.LeaderElection (LeaderElection.java:askForVotes(178)) - 92ce6e48-4722-407a-9620-5998c6999257@group-E964BE911FCC-LeaderElection353: begin an election at term 391 for -1: [6cbfae60-ea29-4abc-a49d-ef94f4bd513a:192.168.69.85:36685, 66f9d00c-1e97-4252-958c-bed5a531abda:192.168.69.85:45996, 92ce6e48-4722-407a-9620-5998c6999257:192.168.69.85:34971], old=null
2019-10-18 14:02:12,250 [grpc-default-executor-0] INFO  impl.RaftServerImpl (RaftServerImpl.java:setRole(184)) - 6cbfae60-ea29-4abc-a49d-ef94f4bd513a@group-E964BE911FCC: changes role from  FOLLOWER to FOLLOWER at term 391 for recognizeCandidate:92ce6e48-4722-407a-9620-5998c6999257
2019-10-18 14:02:12,250 [grpc-default-executor-0] INFO  impl.RoleInfo (RoleInfo.java:shutdownFollowerState(121)) - 6cbfae60-ea29-4abc-a49d-ef94f4bd513a: shutdown FollowerState
2019-10-18 14:02:12,250 [grpc-default-executor-1] INFO  impl.RaftServerImpl (RaftServerImpl.java:setRole(184)) - 66f9d00c-1e97-4252-958c-bed5a531abda@group-E964BE911FCC: changes role from  FOLLOWER to FOLLOWER at term 391 for recognizeCandidate:92ce6e48-4722-407a-9620-5998c6999257
2019-10-18 14:02:12,250 [Thread-2596] INFO  impl.FollowerState (FollowerState.java:run(117)) - 6cbfae60-ea29-4abc-a49d-ef94f4bd513a@group-E964BE911FCC-FollowerState was interrupted: java.lang.InterruptedException: sleep interrupted
2019-10-18 14:02:12,250 [grpc-default-executor-0] INFO  impl.RoleInfo (RoleInfo.java:updateAndGet(143)) - 6cbfae60-ea29-4abc-a49d-ef94f4bd513a: start FollowerState
2019-10-18 14:02:12,250 [grpc-default-executor-1] INFO  impl.RoleInfo (RoleInfo.java:shutdownFollowerState(121)) - 66f9d00c-1e97-4252-958c-bed5a531abda: shutdown FollowerState
2019-10-18 14:02:12,251 [grpc-default-executor-1] INFO  impl.RoleInfo (RoleInfo.java:updateAndGet(143)) - 66f9d00c-1e97-4252-958c-bed5a531abda: start FollowerState
2019-10-18 14:02:12,251 [Thread-2595] INFO  impl.FollowerState (FollowerState.java:run(117)) - 66f9d00c-1e97-4252-958c-bed5a531abda@group-E964BE911FCC-FollowerState was interrupted: java.lang.InterruptedException: sleep interrupted
2019-10-18 14:02:12,265 [92ce6e48-4722-407a-9620-5998c6999257@group-E964BE911FCC-LeaderElection353] INFO  impl.LeaderElection (LeaderElection.java:logAndReturn(56)) - 92ce6e48-4722-407a-9620-5998c6999257@group-E964BE911FCC-LeaderElection353: Election REJECTED; received 2 response(s) [92ce6e48-4722-407a-9620-5998c6999257<-6cbfae60-ea29-4abc-a49d-ef94f4bd513a#0:FAIL-t391, 92ce6e48-4722-407a-9620-5998c6999257<-66f9d00c-1e97-4252-958c-bed5a531abda#0:FAIL-t391] and 0 exception(s); 92ce6e48-4722-407a-9620-5998c6999257@group-E964BE911FCC:t391, leader=null, voted=92ce6e48-4722-407a-9620-5998c6999257, raftlog=92ce6e48-4722-407a-9620-5998c6999257@group-E964BE911FCC-SegmentedRaftLog:OPENED:c-1,f-1,i0, conf=-1: [6cbfae60-ea29-4abc-a49d-ef94f4bd513a:192.168.69.85:36685, 66f9d00c-1e97-4252-958c-bed5a531abda:192.168.69.85:45996, 92ce6e48-4722-407a-9620-5998c6999257:192.168.69.85:34971], old=null
2019-10-18 14:02:12,266 [92ce6e48-4722-407a-9620-5998c6999257@group-E964BE911FCC-LeaderElection353] INFO  impl.RaftServerImpl (RaftServerImpl.java:setRole(184)) - 92ce6e48-4722-407a-9620-5998c6999257@group-E964BE911FCC: changes role from CANDIDATE to FOLLOWER at term 391 for DISCOVERED_A_NEW_TERM
2019-10-18 14:02:12,266 [92ce6e48-4722-407a-9620-5998c6999257@group-E964BE911FCC-LeaderElection353] INFO  impl.RoleInfo (RoleInfo.java:shutdownLeaderElection(134)) - 92ce6e48-4722-407a-9620-5998c6999257: shutdown LeaderElection
2019-10-18 14:02:12,266 [92ce6e48-4722-407a-9620-5998c6999257@group-E964BE911FCC-LeaderElection353] INFO  impl.RoleInfo (RoleInfo.java:updateAndGet(143)) - 92ce6e48-4722-407a-9620-5998c6999257: start FollowerState
2019-10-18 14:02:12,339 [Thread-2603] INFO  impl.FollowerState (FollowerState.java:run(108)) - 92ce6e48-4722-407a-9620-5998c6999257@group-E964BE911FCC-FollowerState: change to CANDIDATE, lastRpcTime:73ms, electionTimeout:73ms
2019-10-18 14:02:12,339 [Thread-2603] INFO  impl.RoleInfo (RoleInfo.java:shutdownFollowerState(121)) - 92ce6e48-4722-407a-9620-5998c6999257: shutdown FollowerState
2019-10-18 14:02:12,339 [Thread-2603] INFO  impl.RaftServerImpl (RaftServerImpl.java:setRole(184)) - 92ce6e48-4722-407a-9620-5998c6999257@group-E964BE911FCC: changes role from  FOLLOWER to CANDIDATE at term 391 for changeToCandidate
2019-10-18 14:02:12,340 [Thread-2603] INFO  impl.RoleInfo (RoleInfo.java:updateAndGet(143)) - 92ce6e48-4722-407a-9620-5998c6999257: start LeaderElection
2019-10-18 14:02:12,356 [92ce6e48-4722-407a-9620-5998c6999257@group-E964BE911FCC-LeaderElection354] INFO  impl.LeaderElection (LeaderElection.java:askForVotes(178)) - 92ce6e48-4722-407a-9620-5998c6999257@group-E964BE911FCC-LeaderElection354: begin an election at term 392 for -1: [6cbfae60-ea29-4abc-a49d-ef94f4bd513a:192.168.69.85:36685, 66f9d00c-1e97-4252-958c-bed5a531abda:192.168.69.85:45996, 92ce6e48-4722-407a-9620-5998c6999257:192.168.69.85:34971], old=null
2019-10-18 14:02:12,357 [grpc-default-executor-1] INFO  impl.RaftServerImpl (RaftServerImpl.java:setRole(184)) - 6cbfae60-ea29-4abc-a49d-ef94f4bd513a@group-E964BE911FCC: changes role from  FOLLOWER to FOLLOWER at term 392 for recognizeCandidate:92ce6e48-4722-407a-9620-5998c6999257
2019-10-18 14:02:12,357 [grpc-default-executor-1] INFO  impl.RoleInfo (RoleInfo.java:shutdownFollowerState(121)) - 6cbfae60-ea29-4abc-a49d-ef94f4bd513a: shutdown FollowerState
2019-10-18 14:02:12,358 [grpc-default-executor-1] INFO  impl.RoleInfo (RoleInfo.java:updateAndGet(143)) - 6cbfae60-ea29-4abc-a49d-ef94f4bd513a: start FollowerState
2019-10-18 14:02:12,358 [Thread-2601] INFO  impl.FollowerState (FollowerState.java:run(117)) - 6cbfae60-ea29-4abc-a49d-ef94f4bd513a@group-E964BE911FCC-FollowerState was interrupted: java.lang.InterruptedException: sleep interrupted
2019-10-18 14:02:12,358 [grpc-default-executor-0] INFO  impl.RaftServerImpl (RaftServerImpl.java:setRole(184)) - 66f9d00c-1e97-4252-958c-bed5a531abda@group-E964BE911FCC: changes role from  FOLLOWER to FOLLOWER at term 392 for recognizeCandidate:92ce6e48-4722-407a-9620-5998c6999257
2019-10-18 14:02:12,358 [grpc-default-executor-0] INFO  impl.RoleInfo (RoleInfo.java:shutdownFollowerState(121)) - 66f9d00c-1e97-4252-958c-bed5a531abda: shutdown FollowerState
2019-10-18 14:02:12,358 [grpc-default-executor-0] INFO  impl.RoleInfo (RoleInfo.java:updateAndGet(143)) - 66f9d00c-1e97-4252-958c-bed5a531abda: start FollowerState
2019-10-18 14:02:12,358 [Thread-2602] INFO  impl.FollowerState (FollowerState.java:run(117)) - 66f9d00c-1e97-4252-958c-bed5a531abda@group-E964BE911FCC-FollowerState was interrupted: java.lang.InterruptedException: sleep interrupted
2019-10-18 14:02:12,358 [92ce6e48-4722-407a-9620-5998c6999257@group-E964BE911FCC-LeaderElection354] INFO  impl.LeaderElection (LeaderElection.java:logAndReturn(56)) - 92ce6e48-4722-407a-9620-5998c6999257@group-E964BE911FCC-LeaderElection354: Election TIMEOUT; received 0 response(s) [] and 0 exception(s); 92ce6e48-4722-407a-9620-5998c6999257@group-E964BE911FCC:t392, leader=null, voted=92ce6e48-4722-407a-9620-5998c6999257, raftlog=92ce6e48-4722-407a-9620-5998c6999257@group-E964BE911FCC-SegmentedRaftLog:OPENED:c-1,f-1,i0, conf=-1: [6cbfae60-ea29-4abc-a49d-ef94f4bd513a:192.168.69.85:36685, 66f9d00c-1e97-4252-958c-bed5a531abda:192.168.69.85:45996, 92ce6e48-4722-407a-9620-5998c6999257:192.168.69.85:34971], old=null
2019-10-18 14:02:12,372 [92ce6e48-4722-407a-9620-5998c6999257@group-E964BE911FCC-LeaderElection354] INFO  impl.LeaderElection (LeaderElection.java:askForVotes(178)) - 92ce6e48-4722-407a-9620-5998c6999257@group-E964BE911FCC-LeaderElection354: begin an election at term 393 for -1: [6cbfae60-ea29-4abc-a49d-ef94f4bd513a:192.168.69.85:36685, 66f9d00c-1e97-4252-958c-bed5a531abda:192.168.69.85:45996, 92ce6e48-4722-407a-9620-5998c6999257:192.168.69.85:34971], old=null
2019-10-18 14:02:12,373 [grpc-default-executor-0] INFO  impl.RaftServerImpl (RaftServerImpl.java:setRole(184)) - 6cbfae60-ea29-4abc-a49d-ef94f4bd513a@group-E964BE911FCC: changes role from  FOLLOWER to FOLLOWER at term 393 for recognizeCandidate:92ce6e48-4722-407a-9620-5998c6999257
2019-10-18 14:02:12,374 [grpc-default-executor-0] INFO  impl.RoleInfo (RoleInfo.java:shutdownFollowerState(121)) - 6cbfae60-ea29-4abc-a49d-ef94f4bd513a: shutdown FollowerState
2019-10-18 14:02:12,374 [grpc-default-executor-1] INFO  impl.RaftServerImpl (RaftServerImpl.java:setRole(184)) - 66f9d00c-1e97-4252-958c-bed5a531abda@group-E964BE911FCC: changes role from  FOLLOWER to FOLLOWER at term 393 for recognizeCandidate:92ce6e48-4722-407a-9620-5998c6999257
2019-10-18 14:02:12,374 [grpc-default-executor-1] INFO  impl.RoleInfo (RoleInfo.java:shutdownFollowerState(121)) - 66f9d00c-1e97-4252-958c-bed5a531abda: shutdown FollowerState
2019-10-18 14:02:12,374 [grpc-default-executor-0] INFO  impl.RoleInfo (RoleInfo.java:updateAndGet(143)) - 6cbfae60-ea29-4abc-a49d-ef94f4bd513a: start FollowerState
2019-10-18 14:02:12,374 [Thread-2608] INFO  impl.FollowerState (FollowerState.java:run(117)) - 66f9d00c-1e97-4252-958c-bed5a531abda@group-E964BE911FCC-FollowerState was interrupted: java.lang.InterruptedException: sleep interrupted
2019-10-18 14:02:12,374 [grpc-default-executor-1] INFO  impl.RoleInfo (RoleInfo.java:updateAndGet(143)) - 66f9d00c-1e97-4252-958c-bed5a531abda: start FollowerState
2019-10-18 14:02:12,374 [Thread-2607] INFO  impl.FollowerState (FollowerState.java:run(117)) - 6cbfae60-ea29-4abc-a49d-ef94f4bd513a@group-E964BE911FCC-FollowerState was interrupted: java.lang.InterruptedException: sleep interrupted
2019-10-18 14:02:12,396 [92ce6e48-4722-407a-9620-5998c6999257@group-E964BE911FCC-LeaderElection354] INFO  impl.LeaderElection (LeaderElection.java:logAndReturn(56)) - 92ce6e48-4722-407a-9620-5998c6999257@group-E964BE911FCC-LeaderElection354: Election REJECTED; received 2 response(s) [92ce6e48-4722-407a-9620-5998c6999257<-6cbfae60-ea29-4abc-a49d-ef94f4bd513a#0:FAIL-t393, 92ce6e48-4722-407a-9620-5998c6999257<-66f9d00c-1e97-4252-958c-bed5a531abda#0:FAIL-t393] and 0 exception(s); 92ce6e48-4722-407a-9620-5998c6999257@group-E964BE911FCC:t393, leader=null, voted=92ce6e48-4722-407a-9620-5998c6999257, raftlog=92ce6e48-4722-407a-9620-5998c6999257@group-E964BE911FCC-SegmentedRaftLog:OPENED:c-1,f-1,i0, conf=-1: [6cbfae60-ea29-4abc-a49d-ef94f4bd513a:192.168.69.85:36685, 66f9d00c-1e97-4252-958c-bed5a531abda:192.168.69.85:45996, 92ce6e48-4722-407a-9620-5998c6999257:192.168.69.85:34971], old=null
2019-10-18 14:02:12,396 [92ce6e48-4722-407a-9620-5998c6999257@group-E964BE911FCC-LeaderElection354] INFO  impl.RaftServerImpl (RaftServerImpl.java:setRole(184)) - 92ce6e48-4722-407a-9620-5998c6999257@group-E964BE911FCC: changes role from CANDIDATE to FOLLOWER at term 393 for DISCOVERED_A_NEW_TERM
2019-10-18 14:02:12,396 [92ce6e48-4722-407a-9620-5998c6999257@group-E964BE911FCC-LeaderElection354] INFO  impl.RoleInfo (RoleInfo.java:shutdownLeaderElection(134)) - 92ce6e48-4722-407a-9620-5998c6999257: shutdown LeaderElection
2019-10-18 14:02:12,396 [92ce6e48-4722-407a-9620-5998c6999257@group-E964BE911FCC-LeaderElection354] INFO  impl.RoleInfo (RoleInfo.java:updateAndGet(143)) - 92ce6e48-4722-407a-9620-5998c6999257: start FollowerState
2019-10-18 14:02:12,501 [Thread-2613] INFO  impl.FollowerState (FollowerState.java:run(108)) - 92ce6e48-4722-407a-9620-5998c6999257@group-E964BE911FCC-FollowerState: change to CANDIDATE, lastRpcTime:105ms, electionTimeout:105ms
2019-10-18 14:02:12,501 [Thread-2613] INFO  impl.RoleInfo (RoleInfo.java:shutdownFollowerState(121)) - 92ce6e48-4722-407a-9620-5998c6999257: shutdown FollowerState
2019-10-18 14:02:12,501 [Thread-2613] INFO  impl.RaftServerImpl (RaftServerImpl.java:setRole(184)) - 92ce6e48-4722-407a-9620-5998c6999257@group-E964BE911FCC: changes role from  FOLLOWER to CANDIDATE at term 393 for changeToCandidate
2019-10-18 14:02:12,502 [Thread-2613] INFO  impl.RoleInfo (RoleInfo.java:updateAndGet(143)) - 92ce6e48-4722-407a-9620-5998c6999257: start LeaderElection
2019-10-18 14:02:12,539 [92ce6e48-4722-407a-9620-5998c6999257@group-E964BE911FCC-LeaderElection355] INFO  impl.LeaderElection (LeaderElection.java:askForVotes(178)) - 92ce6e48-4722-407a-9620-5998c6999257@group-E964BE911FCC-LeaderElection355: begin an election at term 394 for -1: [6cbfae60-ea29-4abc-a49d-ef94f4bd513a:192.168.69.85:36685, 66f9d00c-1e97-4252-958c-bed5a531abda:192.168.69.85:45996, 92ce6e48-4722-407a-9620-5998c6999257:192.168.69.85:34971], old=null
2019-10-18 14:02:12,540 [grpc-default-executor-0] INFO  impl.RaftServerImpl (RaftServerImpl.java:setRole(184)) - 6cbfae60-ea29-4abc-a49d-ef94f4bd513a@group-E964BE911FCC: changes role from  FOLLOWER to FOLLOWER at term 394 for recognizeCandidate:92ce6e48-4722-407a-9620-5998c6999257
2019-10-18 14:02:12,541 [grpc-default-executor-0] INFO  impl.RoleInfo (RoleInfo.java:shutdownFollowerState(121)) - 6cbfae60-ea29-4abc-a49d-ef94f4bd513a: shutdown FollowerState
2019-10-18 14:02:12,541 [grpc-default-executor-0] INFO  impl.RoleInfo (RoleInfo.java:updateAndGet(143)) - 6cbfae60-ea29-4abc-a49d-ef94f4bd513a: start FollowerState
2019-10-18 14:02:12,541 [grpc-default-executor-1] INFO  impl.RaftServerImpl (RaftServerImpl.java:setRole(184)) - 66f9d00c-1e97-4252-958c-bed5a531abda@group-E964BE911FCC: changes role from  FOLLOWER to FOLLOWER at term 394 for recognizeCandidate:92ce6e48-4722-407a-9620-5998c6999257
2019-10-18 14:02:12,541 [grpc-default-executor-1] INFO  impl.RoleInfo (RoleInfo.java:shutdownFollowerState(121)) - 66f9d00c-1e97-4252-958c-bed5a531abda: shutdown FollowerState
2019-10-18 14:02:12,541 [Thread-2611] INFO  impl.FollowerState (FollowerState.java:run(117)) - 6cbfae60-ea29-4abc-a49d-ef94f4bd513a@group-E964BE911FCC-FollowerState was interrupted: java.lang.InterruptedException: sleep interrupted
2019-10-18 14:02:12,541 [grpc-default-executor-1] INFO  impl.RoleInfo (RoleInfo.java:updateAndGet(143)) - 66f9d00c-1e97-4252-958c-bed5a531abda: start FollowerState
2019-10-18 14:02:12,541 [Thread-2612] INFO  impl.FollowerState (FollowerState.java:run(117)) - 66f9d00c-1e97-4252-958c-bed5a531abda@group-E964BE911FCC-FollowerState was interrupted: java.lang.InterruptedException: sleep interrupted
2019-10-18 14:02:12,555 [92ce6e48-4722-407a-9620-5998c6999257@group-E964BE911FCC-LeaderElection355] INFO  impl.LeaderElection (LeaderElection.java:logAndReturn(56)) - 92ce6e48-4722-407a-9620-5998c6999257@group-E964BE911FCC-LeaderElection355: Election REJECTED; received 2 response(s) [92ce6e48-4722-407a-9620-5998c6999257<-6cbfae60-ea29-4abc-a49d-ef94f4bd513a#0:FAIL-t394, 92ce6e48-4722-407a-9620-5998c6999257<-66f9d00c-1e97-4252-958c-bed5a531abda#0:FAIL-t394] and 0 exception(s); 92ce6e48-4722-407a-9620-5998c6999257@group-E964BE911FCC:t394, leader=null, voted=92ce6e48-4722-407a-9620-5998c6999257, raftlog=92ce6e48-4722-407a-9620-5998c6999257@group-E964BE911FCC-SegmentedRaftLog:OPENED:c-1,f-1,i0, conf=-1: [6cbfae60-ea29-4abc-a49d-ef94f4bd513a:192.168.69.85:36685, 66f9d00c-1e97-4252-958c-bed5a531abda:192.168.69.85:45996, 92ce6e48-4722-407a-9620-5998c6999257:192.168.69.85:34971], old=null
2019-10-18 14:02:12,555 [92ce6e48-4722-407a-9620-5998c6999257@group-E964BE911FCC-LeaderElection355] INFO  impl.RaftServerImpl (RaftServerImpl.java:setRole(184)) - 92ce6e48-4722-407a-9620-5998c6999257@group-E964BE911FCC: changes role from CANDIDATE to FOLLOWER at term 394 for DISCOVERED_A_NEW_TERM
2019-10-18 14:02:12,555 [92ce6e48-4722-407a-9620-5998c6999257@group-E964BE911FCC-LeaderElection355] INFO  impl.RoleInfo (RoleInfo.java:shutdownLeaderElection(134)) - 92ce6e48-4722-407a-9620-5998c6999257: shutdown LeaderElection
2019-10-18 14:02:12,555 [92ce6e48-4722-407a-9620-5998c6999257@group-E964BE911FCC-LeaderElection355] INFO  impl.RoleInfo (RoleInfo.java:updateAndGet(143)) - 92ce6e48-4722-407a-9620-5998c6999257: start FollowerState
2019-10-18 14:02:12,579 [Thread-2621] INFO  impl.FollowerState (FollowerState.java:run(108)) - 92ce6e48-4722-407a-9620-5998c6999257@group-E964BE911FCC-FollowerState: change to CANDIDATE, lastRpcTime:23ms, electionTimeout:23ms
2019-10-18 14:02:12,579 [Thread-2621] INFO  impl.RoleInfo (RoleInfo.java:shutdownFollowerState(121)) - 92ce6e48-4722-407a-9620-5998c6999257: shutdown FollowerState
2019-10-18 14:02:12,579 [Thread-2621] INFO  impl.RaftServerImpl (RaftServerImpl.java:setRole(184)) - 92ce6e48-4722-407a-9620-5998c6999257@group-E964BE911FCC: changes role from  FOLLOWER to CANDIDATE at term 394 for changeToCandidate
2019-10-18 14:02:12,579 [Thread-2621] INFO  impl.RoleInfo (RoleInfo.java:updateAndGet(143)) - 92ce6e48-4722-407a-9620-5998c6999257: start LeaderElection
2019-10-18 14:02:12,602 [92ce6e48-4722-407a-9620-5998c6999257@group-E964BE911FCC-LeaderElection356] INFO  impl.LeaderElection (LeaderElection.java:askForVotes(178)) - 92ce6e48-4722-407a-9620-5998c6999257@group-E964BE911FCC-LeaderElection356: begin an election at term 395 for -1: [6cbfae60-ea29-4abc-a49d-ef94f4bd513a:192.168.69.85:36685, 66f9d00c-1e97-4252-958c-bed5a531abda:192.168.69.85:45996, 92ce6e48-4722-407a-9620-5998c6999257:192.168.69.85:34971], old=null
2019-10-18 14:02:12,604 [grpc-default-executor-0] INFO  impl.RaftServerImpl (RaftServerImpl.java:setRole(184)) - 6cbfae60-ea29-4abc-a49d-ef94f4bd513a@group-E964BE911FCC: changes role from  FOLLOWER to FOLLOWER at term 395 for recognizeCandidate:92ce6e48-4722-407a-9620-5998c6999257
2019-10-18 14:02:12,604 [grpc-default-executor-1] INFO  impl.RaftServerImpl (RaftServerImpl.java:setRole(184)) - 66f9d00c-1e97-4252-958c-bed5a531abda@group-E964BE911FCC: changes role from  FOLLOWER to FOLLOWER at term 395 for recognizeCandidate:92ce6e48-4722-407a-9620-5998c6999257
2019-10-18 14:02:12,604 [grpc-default-executor-1] INFO  impl.RoleInfo (RoleInfo.java:shutdownFollowerState(121)) - 66f9d00c-1e97-4252-958c-bed5a531abda: shutdown FollowerState
2019-10-18 14:02:12,604 [grpc-default-executor-0] INFO  impl.RoleInfo (RoleInfo.java:shutdownFollowerState(121)) - 6cbfae60-ea29-4abc-a49d-ef94f4bd513a: shutdown FollowerState
2019-10-18 14:02:12,604 [Thread-2620] INFO  impl.FollowerState (FollowerState.java:run(117)) - 66f9d00c-1e97-4252-958c-bed5a531abda@group-E964BE911FCC-FollowerState was interrupted: java.lang.InterruptedException: sleep interrupted
2019-10-18 14:02:12,604 [grpc-default-executor-1] INFO  impl.RoleInfo (RoleInfo.java:updateAndGet(143)) - 66f9d00c-1e97-4252-958c-bed5a531abda: start FollowerState
2019-10-18 14:02:12,605 [Thread-2619] INFO  impl.FollowerState (FollowerState.java:run(117)) - 6cbfae60-ea29-4abc-a49d-ef94f4bd513a@group-E964BE911FCC-FollowerState was interrupted: java.lang.InterruptedException: sleep interrupted
2019-10-18 14:02:12,604 [grpc-default-executor-0] INFO  impl.RoleInfo (RoleInfo.java:updateAndGet(143)) - 6cbfae60-ea29-4abc-a49d-ef94f4bd513a: start FollowerState
2019-10-18 14:02:12,618 [92ce6e48-4722-407a-9620-5998c6999257@group-E964BE911FCC-LeaderElection356] INFO  impl.LeaderElection (LeaderElection.java:logAndReturn(56)) - 92ce6e48-4722-407a-9620-5998c6999257@group-E964BE911FCC-LeaderElection356: Election REJECTED; received 2 response(s) [92ce6e48-4722-407a-9620-5998c6999257<-6cbfae60-ea29-4abc-a49d-ef94f4bd513a#0:FAIL-t395, 92ce6e48-4722-407a-9620-5998c6999257<-66f9d00c-1e97-4252-958c-bed5a531abda#0:FAIL-t395] and 0 exception(s); 92ce6e48-4722-407a-9620-5998c6999257@group-E964BE911FCC:t395, leader=null, voted=92ce6e48-4722-407a-9620-5998c6999257, raftlog=92ce6e48-4722-407a-9620-5998c6999257@group-E964BE911FCC-SegmentedRaftLog:OPENED:c-1,f-1,i0, conf=-1: [6cbfae60-ea29-4abc-a49d-ef94f4bd513a:192.168.69.85:36685, 66f9d00c-1e97-4252-958c-bed5a531abda:192.168.69.85:45996, 92ce6e48-4722-407a-9620-5998c6999257:192.168.69.85:34971], old=null
2019-10-18 14:02:12,619 [92ce6e48-4722-407a-9620-5998c6999257@group-E964BE911FCC-LeaderElection356] INFO  impl.RaftServerImpl (RaftServerImpl.java:setRole(184)) - 92ce6e48-4722-407a-9620-5998c6999257@group-E964BE911FCC: changes role from CANDIDATE to FOLLOWER at term 395 for DISCOVERED_A_NEW_TERM
2019-10-18 14:02:12,619 [92ce6e48-4722-407a-9620-5998c6999257@group-E964BE911FCC-LeaderElection356] INFO  impl.RoleInfo (RoleInfo.java:shutdownLeaderElection(134)) - 92ce6e48-4722-407a-9620-5998c6999257: shutdown LeaderElection
2019-10-18 14:02:12,619 [92ce6e48-4722-407a-9620-5998c6999257@group-E964BE911FCC-LeaderElection356] INFO  impl.RoleInfo (RoleInfo.java:updateAndGet(143)) - 92ce6e48-4722-407a-9620-5998c6999257: start FollowerState
2019-10-18 14:02:12,771 [Thread-2627] INFO  impl.FollowerState (FollowerState.java:run(108)) - 92ce6e48-4722-407a-9620-5998c6999257@group-E964BE911FCC-FollowerState: change to CANDIDATE, lastRpcTime:152ms, electionTimeout:152ms
2019-10-18 14:02:12,771 [Thread-2627] INFO  impl.RoleInfo (RoleInfo.java:shutdownFollowerState(121)) - 92ce6e48-4722-407a-9620-5998c6999257: shutdown FollowerState
2019-10-18 14:02:12,772 [Thread-2627] INFO  impl.RaftServerImpl (RaftServerImpl.java:setRole(184)) - 92ce6e48-4722-407a-9620-5998c6999257@group-E964BE911FCC: changes role from  FOLLOWER to CANDIDATE at term 395 for changeToCandidate
2019-10-18 14:02:12,772 [Thread-2627] INFO  impl.RoleInfo (RoleInfo.java:updateAndGet(143)) - 92ce6e48-4722-407a-9620-5998c6999257: start LeaderElection
2019-10-18 14:02:12,798 [92ce6e48-4722-407a-9620-5998c6999257@group-E964BE911FCC-LeaderElection357] INFO  impl.LeaderElection (LeaderElection.java:askForVotes(178)) - 92ce6e48-4722-407a-9620-5998c6999257@group-E964BE911FCC-LeaderElection357: begin an election at term 396 for -1: [6cbfae60-ea29-4abc-a49d-ef94f4bd513a:192.168.69.85:36685, 66f9d00c-1e97-4252-958c-bed5a531abda:192.168.69.85:45996, 92ce6e48-4722-407a-9620-5998c6999257:192.168.69.85:34971], old=null
2019-10-18 14:02:12,800 [grpc-default-executor-0] INFO  impl.RaftServerImpl (RaftServerImpl.java:setRole(184)) - 66f9d00c-1e97-4252-958c-bed5a531abda@group-E964BE911FCC: changes role from  FOLLOWER to FOLLOWER at term 396 for recognizeCandidate:92ce6e48-4722-407a-9620-5998c6999257
2019-10-18 14:02:12,800 [grpc-default-executor-1] INFO  impl.RaftServerImpl (RaftServerImpl.java:setRole(184)) - 6cbfae60-ea29-4abc-a49d-ef94f4bd513a@group-E964BE911FCC: changes role from  FOLLOWER to FOLLOWER at term 396 for recognizeCandidate:92ce6e48-4722-407a-9620-5998c6999257
2019-10-18 14:02:12,800 [grpc-default-executor-0] INFO  impl.RoleInfo (RoleInfo.java:shutdownFollowerState(121)) - 66f9d00c-1e97-4252-958c-bed5a531abda: shutdown FollowerState
2019-10-18 14:02:12,800 [grpc-default-executor-1] INFO  impl.RoleInfo (RoleInfo.java:shutdownFollowerState(121)) - 6cbfae60-ea29-4abc-a49d-ef94f4bd513a: shutdown FollowerState
2019-10-18 14:02:12,800 [Thread-2625] INFO  impl.FollowerState (FollowerState.java:run(117)) - 66f9d00c-1e97-4252-958c-bed5a531abda@group-E964BE911FCC-FollowerState was interrupted: java.lang.InterruptedException: sleep interrupted
2019-10-18 14:02:12,800 [grpc-default-executor-0] INFO  impl.RoleInfo (RoleInfo.java:updateAndGet(143)) - 66f9d00c-1e97-4252-958c-bed5a531abda: start FollowerState
2019-10-18 14:02:12,801 [Thread-2626] INFO  impl.FollowerState (FollowerState.java:run(117)) - 6cbfae60-ea29-4abc-a49d-ef94f4bd513a@group-E964BE911FCC-FollowerState was interrupted: java.lang.InterruptedException: sleep interrupted
2019-10-18 14:02:12,801 [grpc-default-executor-1] INFO  impl.RoleInfo (RoleInfo.java:updateAndGet(143)) - 6cbfae60-ea29-4abc-a49d-ef94f4bd513a: start FollowerState
2019-10-18 14:02:12,814 [92ce6e48-4722-407a-9620-5998c6999257@group-E964BE911FCC-LeaderElection357] INFO  impl.LeaderElection (LeaderElection.java:logAndReturn(56)) - 92ce6e48-4722-407a-9620-5998c6999257@group-E964BE911FCC-LeaderElection357: Election REJECTED; received 2 response(s) [92ce6e48-4722-407a-9620-5998c6999257<-6cbfae60-ea29-4abc-a49d-ef94f4bd513a#0:FAIL-t396, 92ce6e48-4722-407a-9620-5998c6999257<-66f9d00c-1e97-4252-958c-bed5a531abda#0:FAIL-t396] and 0 exception(s); 92ce6e48-4722-407a-9620-5998c6999257@group-E964BE911FCC:t396, leader=null, voted=92ce6e48-4722-407a-9620-5998c6999257, raftlog=92ce6e48-4722-407a-9620-5998c6999257@group-E964BE911FCC-SegmentedRaftLog:OPENED:c-1,f-1,i0, conf=-1: [6cbfae60-ea29-4abc-a49d-ef94f4bd513a:192.168.69.85:36685, 66f9d00c-1e97-4252-958c-bed5a531abda:192.168.69.85:45996, 92ce6e48-4722-407a-9620-5998c6999257:192.168.69.85:34971], old=null
2019-10-18 14:02:12,814 [92ce6e48-4722-407a-9620-5998c6999257@group-E964BE911FCC-LeaderElection357] INFO  impl.RaftServerImpl (RaftServerImpl.java:setRole(184)) - 92ce6e48-4722-407a-9620-5998c6999257@group-E964BE911FCC: changes role from CANDIDATE to FOLLOWER at term 396 for DISCOVERED_A_NEW_TERM
2019-10-18 14:02:12,814 [92ce6e48-4722-407a-9620-5998c6999257@group-E964BE911FCC-LeaderElection357] INFO  impl.RoleInfo (RoleInfo.java:shutdownLeaderElection(134)) - 92ce6e48-4722-407a-9620-5998c6999257: shutdown LeaderElection
2019-10-18 14:02:12,815 [92ce6e48-4722-407a-9620-5998c6999257@group-E964BE911FCC-LeaderElection357] INFO  impl.RoleInfo (RoleInfo.java:updateAndGet(143)) - 92ce6e48-4722-407a-9620-5998c6999257: start FollowerState
2019-10-18 14:02:12,959 [Thread-2633] INFO  impl.FollowerState (FollowerState.java:run(108)) - 92ce6e48-4722-407a-9620-5998c6999257@group-E964BE911FCC-FollowerState: change to CANDIDATE, lastRpcTime:144ms, electionTimeout:144ms
2019-10-18 14:02:12,959 [Thread-2633] INFO  impl.RoleInfo (RoleInfo.java:shutdownFollowerState(121)) - 92ce6e48-4722-407a-9620-5998c6999257: shutdown FollowerState
2019-10-18 14:02:12,959 [Thread-2633] INFO  impl.RaftServerImpl (RaftServerImpl.java:setRole(184)) - 92ce6e48-4722-407a-9620-5998c6999257@group-E964BE911FCC: changes role from  FOLLOWER to CANDIDATE at term 396 for changeToCandidate
2019-10-18 14:02:12,959 [Thread-2633] INFO  impl.RoleInfo (RoleInfo.java:updateAndGet(143)) - 92ce6e48-4722-407a-9620-5998c6999257: start LeaderElection
2019-10-18 14:02:12,973 [92ce6e48-4722-407a-9620-5998c6999257@group-E964BE911FCC-LeaderElection358] INFO  impl.LeaderElection (LeaderElection.java:askForVotes(178)) - 92ce6e48-4722-407a-9620-5998c6999257@group-E964BE911FCC-LeaderElection358: begin an election at term 397 for -1: [6cbfae60-ea29-4abc-a49d-ef94f4bd513a:192.168.69.85:36685, 66f9d00c-1e97-4252-958c-bed5a531abda:192.168.69.85:45996, 92ce6e48-4722-407a-9620-5998c6999257:192.168.69.85:34971], old=null
2019-10-18 14:02:12,975 [grpc-default-executor-1] INFO  impl.RaftServerImpl (RaftServerImpl.java:setRole(184)) - 6cbfae60-ea29-4abc-a49d-ef94f4bd513a@group-E964BE911FCC: changes role from  FOLLOWER to FOLLOWER at term 397 for recognizeCandidate:92ce6e48-4722-407a-9620-5998c6999257
2019-10-18 14:02:12,975 [grpc-default-executor-1] INFO  impl.RoleInfo (RoleInfo.java:shutdownFollowerState(121)) - 6cbfae60-ea29-4abc-a49d-ef94f4bd513a: shutdown FollowerState
2019-10-18 14:02:12,975 [grpc-default-executor-0] INFO  impl.RaftServerImpl (RaftServerImpl.java:setRole(184)) - 66f9d00c-1e97-4252-958c-bed5a531abda@group-E964BE911FCC: changes role from  FOLLOWER to FOLLOWER at term 397 for recognizeCandidate:92ce6e48-4722-407a-9620-5998c6999257
2019-10-18 14:02:12,975 [Thread-2632] INFO  impl.FollowerState (FollowerState.java:run(117)) - 6cbfae60-ea29-4abc-a49d-ef94f4bd513a@group-E964BE911FCC-FollowerState was interrupted: java.lang.InterruptedException: sleep interrupted
2019-10-18 14:02:12,975 [grpc-default-executor-1] INFO  impl.RoleInfo (RoleInfo.java:updateAndGet(143)) - 6cbfae60-ea29-4abc-a49d-ef94f4bd513a: start FollowerState
2019-10-18 14:02:12,975 [grpc-default-executor-0] INFO  impl.RoleInfo (RoleInfo.java:shutdownFollowerState(121)) - 66f9d00c-1e97-4252-958c-bed5a531abda: shutdown FollowerState
2019-10-18 14:02:12,976 [grpc-default-executor-0] INFO  impl.RoleInfo (RoleInfo.java:updateAndGet(143)) - 66f9d00c-1e97-4252-958c-bed5a531abda: start FollowerState
2019-10-18 14:02:12,976 [Thread-2631] INFO  impl.FollowerState (FollowerState.java:run(117)) - 66f9d00c-1e97-4252-958c-bed5a531abda@group-E964BE911FCC-FollowerState was interrupted: java.lang.InterruptedException: sleep interrupted
2019-10-18 14:02:12,990 [92ce6e48-4722-407a-9620-5998c6999257@group-E964BE911FCC-LeaderElection358] INFO  impl.LeaderElection (LeaderElection.java:logAndReturn(56)) - 92ce6e48-4722-407a-9620-5998c6999257@group-E964BE911FCC-LeaderElection358: Election REJECTED; received 2 response(s) [92ce6e48-4722-407a-9620-5998c6999257<-6cbfae60-ea29-4abc-a49d-ef94f4bd513a#0:FAIL-t397, 92ce6e48-4722-407a-9620-5998c6999257<-66f9d00c-1e97-4252-958c-bed5a531abda#0:FAIL-t397] and 0 exception(s); 92ce6e48-4722-407a-9620-5998c6999257@group-E964BE911FCC:t397, leader=null, voted=92ce6e48-4722-407a-9620-5998c6999257, raftlog=92ce6e48-4722-407a-9620-5998c6999257@group-E964BE911FCC-SegmentedRaftLog:OPENED:c-1,f-1,i0, conf=-1: [6cbfae60-ea29-4abc-a49d-ef94f4bd513a:192.168.69.85:36685, 66f9d00c-1e97-4252-958c-bed5a531abda:192.168.69.85:45996, 92ce6e48-4722-407a-9620-5998c6999257:192.168.69.85:34971], old=null
2019-10-18 14:02:12,990 [92ce6e48-4722-407a-9620-5998c6999257@group-E964BE911FCC-LeaderElection358] INFO  impl.RaftServerImpl (RaftServerImpl.java:setRole(184)) - 92ce6e48-4722-407a-9620-5998c6999257@group-E964BE911FCC: changes role from CANDIDATE to FOLLOWER at term 397 for DISCOVERED_A_NEW_TERM
2019-10-18 14:02:12,990 [92ce6e48-4722-407a-9620-5998c6999257@group-E964BE911FCC-LeaderElection358] INFO  impl.RoleInfo (RoleInfo.java:shutdownLeaderElection(134)) - 92ce6e48-4722-407a-9620-5998c6999257: shutdown LeaderElection
2019-10-18 14:02:12,990 [92ce6e48-4722-407a-9620-5998c6999257@group-E964BE911FCC-LeaderElection358] INFO  impl.RoleInfo (RoleInfo.java:updateAndGet(143)) - 92ce6e48-4722-407a-9620-5998c6999257: start FollowerState
2019-10-18 14:02:13,103 [Thread-2639] INFO  impl.FollowerState (FollowerState.java:run(108)) - 92ce6e48-4722-407a-9620-5998c6999257@group-E964BE911FCC-FollowerState: change to CANDIDATE, lastRpcTime:113ms, electionTimeout:113ms
2019-10-18 14:02:13,104 [Thread-2639] INFO  impl.RoleInfo (RoleInfo.java:shutdownFollowerState(121)) - 92ce6e48-4722-407a-9620-5998c6999257: shutdown FollowerState
2019-10-18 14:02:13,104 [Thread-2639] INFO  impl.RaftServerImpl (RaftServerImpl.java:setRole(184)) - 92ce6e48-4722-407a-9620-5998c6999257@group-E964BE911FCC: changes role from  FOLLOWER to CANDIDATE at term 397 for changeToCandidate
2019-10-18 14:02:13,104 [Thread-2639] INFO  impl.RoleInfo (RoleInfo.java:updateAndGet(143)) - 92ce6e48-4722-407a-9620-5998c6999257: start LeaderElection
2019-10-18 14:02:13,118 [92ce6e48-4722-407a-9620-5998c6999257@group-E964BE911FCC-LeaderElection359] INFO  impl.LeaderElection (LeaderElection.java:askForVotes(178)) - 92ce6e48-4722-407a-9620-5998c6999257@group-E964BE911FCC-LeaderElection359: begin an election at term 398 for -1: [6cbfae60-ea29-4abc-a49d-ef94f4bd513a:192.168.69.85:36685, 66f9d00c-1e97-4252-958c-bed5a531abda:192.168.69.85:45996, 92ce6e48-4722-407a-9620-5998c6999257:192.168.69.85:34971], old=null
2019-10-18 14:02:13,120 [grpc-default-executor-1] INFO  impl.RaftServerImpl (RaftServerImpl.java:setRole(184)) - 66f9d00c-1e97-4252-958c-bed5a531abda@group-E964BE911FCC: changes role from  FOLLOWER to FOLLOWER at term 398 for recognizeCandidate:92ce6e48-4722-407a-9620-5998c6999257
2019-10-18 14:02:13,120 [grpc-default-executor-0] INFO  impl.RaftServerImpl (RaftServerImpl.java:setRole(184)) - 6cbfae60-ea29-4abc-a49d-ef94f4bd513a@group-E964BE911FCC: changes role from  FOLLOWER to FOLLOWER at term 398 for recognizeCandidate:92ce6e48-4722-407a-9620-5998c6999257
2019-10-18 14:02:13,120 [grpc-default-executor-0] INFO  impl.RoleInfo (RoleInfo.java:shutdownFollowerState(121)) - 6cbfae60-ea29-4abc-a49d-ef94f4bd513a: shutdown FollowerState
2019-10-18 14:02:13,120 [grpc-default-executor-1] INFO  impl.RoleInfo (RoleInfo.java:shutdownFollowerState(121)) - 66f9d00c-1e97-4252-958c-bed5a531abda: shutdown FollowerState
2019-10-18 14:02:13,120 [Thread-2637] INFO  impl.FollowerState (FollowerState.java:run(117)) - 6cbfae60-ea29-4abc-a49d-ef94f4bd513a@group-E964BE911FCC-FollowerState was interrupted: java.lang.InterruptedException: sleep interrupted
2019-10-18 14:02:13,120 [grpc-default-executor-0] INFO  impl.RoleInfo (RoleInfo.java:updateAndGet(143)) - 6cbfae60-ea29-4abc-a49d-ef94f4bd513a: start FollowerState
2019-10-18 14:02:13,120 [Thread-2638] INFO  impl.FollowerState (FollowerState.java:run(117)) - 66f9d00c-1e97-4252-958c-bed5a531abda@group-E964BE911FCC-FollowerState was interrupted: java.lang.InterruptedException: sleep interrupted
2019-10-18 14:02:13,120 [grpc-default-executor-1] INFO  impl.RoleInfo (RoleInfo.java:updateAndGet(143)) - 66f9d00c-1e97-4252-958c-bed5a531abda: start FollowerState
2019-10-18 14:02:13,147 [92ce6e48-4722-407a-9620-5998c6999257@group-E964BE911FCC-LeaderElection359] INFO  impl.LeaderElection (LeaderElection.java:logAndReturn(56)) - 92ce6e48-4722-407a-9620-5998c6999257@group-E964BE911FCC-LeaderElection359: Election REJECTED; received 2 response(s) [92ce6e48-4722-407a-9620-5998c6999257<-6cbfae60-ea29-4abc-a49d-ef94f4bd513a#0:FAIL-t398, 92ce6e48-4722-407a-9620-5998c6999257<-66f9d00c-1e97-4252-958c-bed5a531abda#0:FAIL-t398] and 0 exception(s); 92ce6e48-4722-407a-9620-5998c6999257@group-E964BE911FCC:t398, leader=null, voted=92ce6e48-4722-407a-9620-5998c6999257, raftlog=92ce6e48-4722-407a-9620-5998c6999257@group-E964BE911FCC-SegmentedRaftLog:OPENED:c-1,f-1,i0, conf=-1: [6cbfae60-ea29-4abc-a49d-ef94f4bd513a:192.168.69.85:36685, 66f9d00c-1e97-4252-958c-bed5a531abda:192.168.69.85:45996, 92ce6e48-4722-407a-9620-5998c6999257:192.168.69.85:34971], old=null
2019-10-18 14:02:13,147 [92ce6e48-4722-407a-9620-5998c6999257@group-E964BE911FCC-LeaderElection359] INFO  impl.RaftServerImpl (RaftServerImpl.java:setRole(184)) - 92ce6e48-4722-407a-9620-5998c6999257@group-E964BE911FCC: changes role from CANDIDATE to FOLLOWER at term 398 for DISCOVERED_A_NEW_TERM
2019-10-18 14:02:13,147 [92ce6e48-4722-407a-9620-5998c6999257@group-E964BE911FCC-LeaderElection359] INFO  impl.RoleInfo (RoleInfo.java:shutdownLeaderElection(134)) - 92ce6e48-4722-407a-9620-5998c6999257: shutdown LeaderElection
2019-10-18 14:02:13,147 [92ce6e48-4722-407a-9620-5998c6999257@group-E964BE911FCC-LeaderElection359] INFO  impl.RoleInfo (RoleInfo.java:updateAndGet(143)) - 92ce6e48-4722-407a-9620-5998c6999257: start FollowerState
2019-10-18 14:02:13,244 [Thread-2645] INFO  impl.FollowerState (FollowerState.java:run(108)) - 92ce6e48-4722-407a-9620-5998c6999257@group-E964BE911FCC-FollowerState: change to CANDIDATE, lastRpcTime:97ms, electionTimeout:97ms
2019-10-18 14:02:13,245 [Thread-2645] INFO  impl.RoleInfo (RoleInfo.java:shutdownFollowerState(121)) - 92ce6e48-4722-407a-9620-5998c6999257: shutdown FollowerState
2019-10-18 14:02:13,245 [Thread-2645] INFO  impl.RaftServerImpl (RaftServerImpl.java:setRole(184)) - 92ce6e48-4722-407a-9620-5998c6999257@group-E964BE911FCC: changes role from  FOLLOWER to CANDIDATE at term 398 for changeToCandidate
2019-10-18 14:02:13,245 [Thread-2645] INFO  impl.RoleInfo (RoleInfo.java:updateAndGet(143)) - 92ce6e48-4722-407a-9620-5998c6999257: start LeaderElection
2019-10-18 14:02:13,260 [92ce6e48-4722-407a-9620-5998c6999257@group-E964BE911FCC-LeaderElection360] INFO  impl.LeaderElection (LeaderElection.java:askForVotes(178)) - 92ce6e48-4722-407a-9620-5998c6999257@group-E964BE911FCC-LeaderElection360: begin an election at term 399 for -1: [6cbfae60-ea29-4abc-a49d-ef94f4bd513a:192.168.69.85:36685, 66f9d00c-1e97-4252-958c-bed5a531abda:192.168.69.85:45996, 92ce6e48-4722-407a-9620-5998c6999257:192.168.69.85:34971], old=null
2019-10-18 14:02:13,264 [grpc-default-executor-1] INFO  impl.RaftServerImpl (RaftServerImpl.java:setRole(184)) - 6cbfae60-ea29-4abc-a49d-ef94f4bd513a@group-E964BE911FCC: changes role from  FOLLOWER to FOLLOWER at term 399 for recognizeCandidate:92ce6e48-4722-407a-9620-5998c6999257
2019-10-18 14:02:13,264 [grpc-default-executor-1] INFO  impl.RoleInfo (RoleInfo.java:shutdownFollowerState(121)) - 6cbfae60-ea29-4abc-a49d-ef94f4bd513a: shutdown FollowerState
2019-10-18 14:02:13,264 [grpc-default-executor-0] INFO  impl.RaftServerImpl (RaftServerImpl.java:setRole(184)) - 66f9d00c-1e97-4252-958c-bed5a531abda@group-E964BE911FCC: changes role from  FOLLOWER to FOLLOWER at term 399 for recognizeCandidate:92ce6e48-4722-407a-9620-5998c6999257
2019-10-18 14:02:13,264 [Thread-2643] INFO  impl.FollowerState (FollowerState.java:run(117)) - 6cbfae60-ea29-4abc-a49d-ef94f4bd513a@group-E964BE911FCC-FollowerState was interrupted: java.lang.InterruptedException: sleep interrupted
2019-10-18 14:02:13,264 [grpc-default-executor-1] INFO  impl.RoleInfo (RoleInfo.java:updateAndGet(143)) - 6cbfae60-ea29-4abc-a49d-ef94f4bd513a: start FollowerState
2019-10-18 14:02:13,264 [grpc-default-executor-0] INFO  impl.RoleInfo (RoleInfo.java:shutdownFollowerState(121)) - 66f9d00c-1e97-4252-958c-bed5a531abda: shutdown FollowerState
2019-10-18 14:02:13,264 [Thread-2644] INFO  impl.FollowerState (FollowerState.java:run(117)) - 66f9d00c-1e97-4252-958c-bed5a531abda@group-E964BE911FCC-FollowerState was interrupted: java.lang.InterruptedException: sleep interrupted
2019-10-18 14:02:13,264 [grpc-default-executor-0] INFO  impl.RoleInfo (RoleInfo.java:updateAndGet(143)) - 66f9d00c-1e97-4252-958c-bed5a531abda: start FollowerState
2019-10-18 14:02:13,279 [92ce6e48-4722-407a-9620-5998c6999257@group-E964BE911FCC-LeaderElection360] INFO  impl.LeaderElection (LeaderElection.java:logAndReturn(56)) - 92ce6e48-4722-407a-9620-5998c6999257@group-E964BE911FCC-LeaderElection360: Election TIMEOUT; received 0 response(s) [] and 0 exception(s); 92ce6e48-4722-407a-9620-5998c6999257@group-E964BE911FCC:t399, leader=null, voted=92ce6e48-4722-407a-9620-5998c6999257, raftlog=92ce6e48-4722-407a-9620-5998c6999257@group-E964BE911FCC-SegmentedRaftLog:OPENED:c-1,f-1,i0, conf=-1: [6cbfae60-ea29-4abc-a49d-ef94f4bd513a:192.168.69.85:36685, 66f9d00c-1e97-4252-958c-bed5a531abda:192.168.69.85:45996, 92ce6e48-4722-407a-9620-5998c6999257:192.168.69.85:34971], old=null
2019-10-18 14:02:13,291 [92ce6e48-4722-407a-9620-5998c6999257@group-E964BE911FCC-LeaderElection360] INFO  impl.LeaderElection (LeaderElection.java:askForVotes(178)) - 92ce6e48-4722-407a-9620-5998c6999257@group-E964BE911FCC-LeaderElection360: begin an election at term 400 for -1: [6cbfae60-ea29-4abc-a49d-ef94f4bd513a:192.168.69.85:36685, 66f9d00c-1e97-4252-958c-bed5a531abda:192.168.69.85:45996, 92ce6e48-4722-407a-9620-5998c6999257:192.168.69.85:34971], old=null
2019-10-18 14:02:13,292 [grpc-default-executor-1] INFO  impl.RaftServerImpl (RaftServerImpl.java:setRole(184)) - 6cbfae60-ea29-4abc-a49d-ef94f4bd513a@group-E964BE911FCC: changes role from  FOLLOWER to FOLLOWER at term 400 for recognizeCandidate:92ce6e48-4722-407a-9620-5998c6999257
2019-10-18 14:02:13,292 [grpc-default-executor-1] INFO  impl.RoleInfo (RoleInfo.java:shutdownFollowerState(121)) - 6cbfae60-ea29-4abc-a49d-ef94f4bd513a: shutdown FollowerState
2019-10-18 14:02:13,292 [Thread-2649] INFO  impl.FollowerState (FollowerState.java:run(117)) - 6cbfae60-ea29-4abc-a49d-ef94f4bd513a@group-E964BE911FCC-FollowerState was interrupted: java.lang.InterruptedException: sleep interrupted
2019-10-18 14:02:13,292 [grpc-default-executor-1] INFO  impl.RoleInfo (RoleInfo.java:updateAndGet(143)) - 6cbfae60-ea29-4abc-a49d-ef94f4bd513a: start FollowerState
2019-10-18 14:02:13,292 [grpc-default-executor-0] INFO  impl.RaftServerImpl (RaftServerImpl.java:setRole(184)) - 66f9d00c-1e97-4252-958c-bed5a531abda@group-E964BE911FCC: changes role from  FOLLOWER to FOLLOWER at term 400 for recognizeCandidate:92ce6e48-4722-407a-9620-5998c6999257
2019-10-18 14:02:13,293 [grpc-default-executor-0] INFO  impl.RoleInfo (RoleInfo.java:shutdownFollowerState(121)) - 66f9d00c-1e97-4252-958c-bed5a531abda: shutdown FollowerState
2019-10-18 14:02:13,293 [grpc-default-executor-0] INFO  impl.RoleInfo (RoleInfo.java:updateAndGet(143)) - 66f9d00c-1e97-4252-958c-bed5a531abda: start FollowerState
2019-10-18 14:02:13,293 [Thread-2650] INFO  impl.FollowerState (FollowerState.java:run(117)) - 66f9d00c-1e97-4252-958c-bed5a531abda@group-E964BE911FCC-FollowerState was interrupted: java.lang.InterruptedException: sleep interrupted
2019-10-18 14:02:13,318 [92ce6e48-4722-407a-9620-5998c6999257@group-E964BE911FCC-LeaderElection360] INFO  impl.LeaderElection (LeaderElection.java:logAndReturn(56)) - 92ce6e48-4722-407a-9620-5998c6999257@group-E964BE911FCC-LeaderElection360: Election REJECTED; received 2 response(s) [92ce6e48-4722-407a-9620-5998c6999257<-6cbfae60-ea29-4abc-a49d-ef94f4bd513a#0:FAIL-t400, 92ce6e48-4722-407a-9620-5998c6999257<-66f9d00c-1e97-4252-958c-bed5a531abda#0:FAIL-t400] and 0 exception(s); 92ce6e48-4722-407a-9620-5998c6999257@group-E964BE911FCC:t400, leader=null, voted=92ce6e48-4722-407a-9620-5998c6999257, raftlog=92ce6e48-4722-407a-9620-5998c6999257@group-E964BE911FCC-SegmentedRaftLog:OPENED:c-1,f-1,i0, conf=-1: [6cbfae60-ea29-4abc-a49d-ef94f4bd513a:192.168.69.85:36685, 66f9d00c-1e97-4252-958c-bed5a531abda:192.168.69.85:45996, 92ce6e48-4722-407a-9620-5998c6999257:192.168.69.85:34971], old=null
2019-10-18 14:02:13,318 [92ce6e48-4722-407a-9620-5998c6999257@group-E964BE911FCC-LeaderElection360] INFO  impl.RaftServerImpl (RaftServerImpl.java:setRole(184)) - 92ce6e48-4722-407a-9620-5998c6999257@group-E964BE911FCC: changes role from CANDIDATE to FOLLOWER at term 400 for DISCOVERED_A_NEW_TERM
2019-10-18 14:02:13,319 [92ce6e48-4722-407a-9620-5998c6999257@group-E964BE911FCC-LeaderElection360] INFO  impl.RoleInfo (RoleInfo.java:shutdownLeaderElection(134)) - 92ce6e48-4722-407a-9620-5998c6999257: shutdown LeaderElection
2019-10-18 14:02:13,319 [92ce6e48-4722-407a-9620-5998c6999257@group-E964BE911FCC-LeaderElection360] INFO  impl.RoleInfo (RoleInfo.java:updateAndGet(143)) - 92ce6e48-4722-407a-9620-5998c6999257: start FollowerState
2019-10-18 14:02:13,461 [Thread-2655] INFO  impl.FollowerState (FollowerState.java:run(108)) - 92ce6e48-4722-407a-9620-5998c6999257@group-E964BE911FCC-FollowerState: change to CANDIDATE, lastRpcTime:142ms, electionTimeout:142ms
2019-10-18 14:02:13,461 [Thread-2655] INFO  impl.RoleInfo (RoleInfo.java:shutdownFollowerState(121)) - 92ce6e48-4722-407a-9620-5998c6999257: shutdown FollowerState
2019-10-18 14:02:13,461 [Thread-2655] INFO  impl.RaftServerImpl (RaftServerImpl.java:setRole(184)) - 92ce6e48-4722-407a-9620-5998c6999257@group-E964BE911FCC: changes role from  FOLLOWER to CANDIDATE at term 400 for changeToCandidate
2019-10-18 14:02:13,462 [Thread-2655] INFO  impl.RoleInfo (RoleInfo.java:updateAndGet(143)) - 92ce6e48-4722-407a-9620-5998c6999257: start LeaderElection
2019-10-18 14:02:13,475 [92ce6e48-4722-407a-9620-5998c6999257@group-E964BE911FCC-LeaderElection361] INFO  impl.LeaderElection (LeaderElection.java:askForVotes(178)) - 92ce6e48-4722-407a-9620-5998c6999257@group-E964BE911FCC-LeaderElection361: begin an election at term 401 for -1: [6cbfae60-ea29-4abc-a49d-ef94f4bd513a:192.168.69.85:36685, 66f9d00c-1e97-4252-958c-bed5a531abda:192.168.69.85:45996, 92ce6e48-4722-407a-9620-5998c6999257:192.168.69.85:34971], old=null
2019-10-18 14:02:13,477 [grpc-default-executor-0] INFO  impl.RaftServerImpl (RaftServerImpl.java:setRole(184)) - 66f9d00c-1e97-4252-958c-bed5a531abda@group-E964BE911FCC: changes role from  FOLLOWER to FOLLOWER at term 401 for recognizeCandidate:92ce6e48-4722-407a-9620-5998c6999257
2019-10-18 14:02:13,477 [grpc-default-executor-0] INFO  impl.RoleInfo (RoleInfo.java:shutdownFollowerState(121)) - 66f9d00c-1e97-4252-958c-bed5a531abda: shutdown FollowerState
2019-10-18 14:02:13,477 [grpc-default-executor-1] INFO  impl.RaftServerImpl (RaftServerImpl.java:setRole(184)) - 6cbfae60-ea29-4abc-a49d-ef94f4bd513a@group-E964BE911FCC: changes role from  FOLLOWER to FOLLOWER at term 401 for recognizeCandidate:92ce6e48-4722-407a-9620-5998c6999257
2019-10-18 14:02:13,477 [Thread-2654] INFO  impl.FollowerState (FollowerState.java:run(117)) - 66f9d00c-1e97-4252-958c-bed5a531abda@group-E964BE911FCC-FollowerState was interrupted: java.lang.InterruptedException: sleep interrupted
2019-10-18 14:02:13,477 [grpc-default-executor-0] INFO  impl.RoleInfo (RoleInfo.java:updateAndGet(143)) - 66f9d00c-1e97-4252-958c-bed5a531abda: start FollowerState
2019-10-18 14:02:13,478 [grpc-default-executor-1] INFO  impl.RoleInfo (RoleInfo.java:shutdownFollowerState(121)) - 6cbfae60-ea29-4abc-a49d-ef94f4bd513a: shutdown FollowerState
2019-10-18 14:02:13,478 [grpc-default-executor-1] INFO  impl.RoleInfo (RoleInfo.java:updateAndGet(143)) - 6cbfae60-ea29-4abc-a49d-ef94f4bd513a: start FollowerState
2019-10-18 14:02:13,478 [Thread-2653] INFO  impl.FollowerState (FollowerState.java:run(117)) - 6cbfae60-ea29-4abc-a49d-ef94f4bd513a@group-E964BE911FCC-FollowerState was interrupted: java.lang.InterruptedException: sleep interrupted
2019-10-18 14:02:13,504 [92ce6e48-4722-407a-9620-5998c6999257@group-E964BE911FCC-LeaderElection361] INFO  impl.LeaderElection (LeaderElection.java:logAndReturn(56)) - 92ce6e48-4722-407a-9620-5998c6999257@group-E964BE911FCC-LeaderElection361: Election REJECTED; received 2 response(s) [92ce6e48-4722-407a-9620-5998c6999257<-6cbfae60-ea29-4abc-a49d-ef94f4bd513a#0:FAIL-t401, 92ce6e48-4722-407a-9620-5998c6999257<-66f9d00c-1e97-4252-958c-bed5a531abda#0:FAIL-t401] and 0 exception(s); 92ce6e48-4722-407a-9620-5998c6999257@group-E964BE911FCC:t401, leader=null, voted=92ce6e48-4722-407a-9620-5998c6999257, raftlog=92ce6e48-4722-407a-9620-5998c6999257@group-E964BE911FCC-SegmentedRaftLog:OPENED:c-1,f-1,i0, conf=-1: [6cbfae60-ea29-4abc-a49d-ef94f4bd513a:192.168.69.85:36685, 66f9d00c-1e97-4252-958c-bed5a531abda:192.168.69.85:45996, 92ce6e48-4722-407a-9620-5998c6999257:192.168.69.85:34971], old=null
2019-10-18 14:02:13,504 [92ce6e48-4722-407a-9620-5998c6999257@group-E964BE911FCC-LeaderElection361] INFO  impl.RaftServerImpl (RaftServerImpl.java:setRole(184)) - 92ce6e48-4722-407a-9620-5998c6999257@group-E964BE911FCC: changes role from CANDIDATE to FOLLOWER at term 401 for DISCOVERED_A_NEW_TERM
2019-10-18 14:02:13,504 [92ce6e48-4722-407a-9620-5998c6999257@group-E964BE911FCC-LeaderElection361] INFO  impl.RoleInfo (RoleInfo.java:shutdownLeaderElection(134)) - 92ce6e48-4722-407a-9620-5998c6999257: shutdown LeaderElection
2019-10-18 14:02:13,504 [92ce6e48-4722-407a-9620-5998c6999257@group-E964BE911FCC-LeaderElection361] INFO  impl.RoleInfo (RoleInfo.java:updateAndGet(143)) - 92ce6e48-4722-407a-9620-5998c6999257: start FollowerState
2019-10-18 14:02:13,559 [Thread-2661] INFO  impl.FollowerState (FollowerState.java:run(108)) - 92ce6e48-4722-407a-9620-5998c6999257@group-E964BE911FCC-FollowerState: change to CANDIDATE, lastRpcTime:55ms, electionTimeout:55ms
2019-10-18 14:02:13,560 [Thread-2661] INFO  impl.RoleInfo (RoleInfo.java:shutdownFollowerState(121)) - 92ce6e48-4722-407a-9620-5998c6999257: shutdown FollowerState
2019-10-18 14:02:13,560 [Thread-2661] INFO  impl.RaftServerImpl (RaftServerImpl.java:setRole(184)) - 92ce6e48-4722-407a-9620-5998c6999257@group-E964BE911FCC: changes role from  FOLLOWER to CANDIDATE at term 401 for changeToCandidate
2019-10-18 14:02:13,560 [Thread-2661] INFO  impl.RoleInfo (RoleInfo.java:updateAndGet(143)) - 92ce6e48-4722-407a-9620-5998c6999257: start LeaderElection
2019-10-18 14:02:13,573 [92ce6e48-4722-407a-9620-5998c6999257@group-E964BE911FCC-LeaderElection362] INFO  impl.LeaderElection (LeaderElection.java:askForVotes(178)) - 92ce6e48-4722-407a-9620-5998c6999257@group-E964BE911FCC-LeaderElection362: begin an election at term 402 for -1: [6cbfae60-ea29-4abc-a49d-ef94f4bd513a:192.168.69.85:36685, 66f9d00c-1e97-4252-958c-bed5a531abda:192.168.69.85:45996, 92ce6e48-4722-407a-9620-5998c6999257:192.168.69.85:34971], old=null
2019-10-18 14:02:13,574 [grpc-default-executor-0] INFO  impl.RaftServerImpl (RaftServerImpl.java:setRole(184)) - 6cbfae60-ea29-4abc-a49d-ef94f4bd513a@group-E964BE911FCC: changes role from  FOLLOWER to FOLLOWER at term 402 for recognizeCandidate:92ce6e48-4722-407a-9620-5998c6999257
2019-10-18 14:02:13,574 [grpc-default-executor-0] INFO  impl.RoleInfo (RoleInfo.java:shutdownFollowerState(121)) - 6cbfae60-ea29-4abc-a49d-ef94f4bd513a: shutdown FollowerState
2019-10-18 14:02:13,574 [grpc-default-executor-0] INFO  impl.RoleInfo (RoleInfo.java:updateAndGet(143)) - 6cbfae60-ea29-4abc-a49d-ef94f4bd513a: start FollowerState
2019-10-18 14:02:13,574 [Thread-2660] INFO  impl.FollowerState (FollowerState.java:run(117)) - 6cbfae60-ea29-4abc-a49d-ef94f4bd513a@group-E964BE911FCC-FollowerState was interrupted: java.lang.InterruptedException: sleep interrupted
2019-10-18 14:02:13,574 [grpc-default-executor-1] INFO  impl.RaftServerImpl (RaftServerImpl.java:setRole(184)) - 66f9d00c-1e97-4252-958c-bed5a531abda@group-E964BE911FCC: changes role from  FOLLOWER to FOLLOWER at term 402 for recognizeCandidate:92ce6e48-4722-407a-9620-5998c6999257
2019-10-18 14:02:13,575 [grpc-default-executor-1] INFO  impl.RoleInfo (RoleInfo.java:shutdownFollowerState(121)) - 66f9d00c-1e97-4252-958c-bed5a531abda: shutdown FollowerState
2019-10-18 14:02:13,575 [grpc-default-executor-1] INFO  impl.RoleInfo (RoleInfo.java:updateAndGet(143)) - 66f9d00c-1e97-4252-958c-bed5a531abda: start FollowerState
2019-10-18 14:02:13,575 [Thread-2659] INFO  impl.FollowerState (FollowerState.java:run(117)) - 66f9d00c-1e97-4252-958c-bed5a531abda@group-E964BE911FCC-FollowerState was interrupted: java.lang.InterruptedException: sleep interrupted
2019-10-18 14:02:13,590 [92ce6e48-4722-407a-9620-5998c6999257@group-E964BE911FCC-LeaderElection362] INFO  impl.LeaderElection (LeaderElection.java:logAndReturn(56)) - 92ce6e48-4722-407a-9620-5998c6999257@group-E964BE911FCC-LeaderElection362: Election REJECTED; received 2 response(s) [92ce6e48-4722-407a-9620-5998c6999257<-6cbfae60-ea29-4abc-a49d-ef94f4bd513a#0:FAIL-t402, 92ce6e48-4722-407a-9620-5998c6999257<-66f9d00c-1e97-4252-958c-bed5a531abda#0:FAIL-t402] and 0 exception(s); 92ce6e48-4722-407a-9620-5998c6999257@group-E964BE911FCC:t402, leader=null, voted=92ce6e48-4722-407a-9620-5998c6999257, raftlog=92ce6e48-4722-407a-9620-5998c6999257@group-E964BE911FCC-SegmentedRaftLog:OPENED:c-1,f-1,i0, conf=-1: [6cbfae60-ea29-4abc-a49d-ef94f4bd513a:192.168.69.85:36685, 66f9d00c-1e97-4252-958c-bed5a531abda:192.168.69.85:45996, 92ce6e48-4722-407a-9620-5998c6999257:192.168.69.85:34971], old=null
2019-10-18 14:02:13,590 [92ce6e48-4722-407a-9620-5998c6999257@group-E964BE911FCC-LeaderElection362] INFO  impl.RaftServerImpl (RaftServerImpl.java:setRole(184)) - 92ce6e48-4722-407a-9620-5998c6999257@group-E964BE911FCC: changes role from CANDIDATE to FOLLOWER at term 402 for DISCOVERED_A_NEW_TERM
2019-10-18 14:02:13,590 [92ce6e48-4722-407a-9620-5998c6999257@group-E964BE911FCC-LeaderElection362] INFO  impl.RoleInfo (RoleInfo.java:shutdownLeaderElection(134)) - 92ce6e48-4722-407a-9620-5998c6999257: shutdown LeaderElection
2019-10-18 14:02:13,590 [92ce6e48-4722-407a-9620-5998c6999257@group-E964BE911FCC-LeaderElection362] INFO  impl.RoleInfo (RoleInfo.java:updateAndGet(143)) - 92ce6e48-4722-407a-9620-5998c6999257: start FollowerState
2019-10-18 14:02:13,738 [Thread-2669] INFO  impl.FollowerState (FollowerState.java:run(108)) - 92ce6e48-4722-407a-9620-5998c6999257@group-E964BE911FCC-FollowerState: change to CANDIDATE, lastRpcTime:148ms, electionTimeout:148ms
2019-10-18 14:02:13,738 [Thread-2669] INFO  impl.RoleInfo (RoleInfo.java:shutdownFollowerState(121)) - 92ce6e48-4722-407a-9620-5998c6999257: shutdown FollowerState
2019-10-18 14:02:13,738 [Thread-2669] INFO  impl.RaftServerImpl (RaftServerImpl.java:setRole(184)) - 92ce6e48-4722-407a-9620-5998c6999257@group-E964BE911FCC: changes role from  FOLLOWER to CANDIDATE at term 402 for changeToCandidate
2019-10-18 14:02:13,739 [Thread-2669] INFO  impl.RoleInfo (RoleInfo.java:updateAndGet(143)) - 92ce6e48-4722-407a-9620-5998c6999257: start LeaderElection
2019-10-18 14:02:13,752 [92ce6e48-4722-407a-9620-5998c6999257@group-E964BE911FCC-LeaderElection363] INFO  impl.LeaderElection (LeaderElection.java:askForVotes(178)) - 92ce6e48-4722-407a-9620-5998c6999257@group-E964BE911FCC-LeaderElection363: begin an election at term 403 for -1: [6cbfae60-ea29-4abc-a49d-ef94f4bd513a:192.168.69.85:36685, 66f9d00c-1e97-4252-958c-bed5a531abda:192.168.69.85:45996, 92ce6e48-4722-407a-9620-5998c6999257:192.168.69.85:34971], old=null
2019-10-18 14:02:13,754 [grpc-default-executor-0] INFO  impl.RaftServerImpl (RaftServerImpl.java:setRole(184)) - 6cbfae60-ea29-4abc-a49d-ef94f4bd513a@group-E964BE911FCC: changes role from  FOLLOWER to FOLLOWER at term 403 for recognizeCandidate:92ce6e48-4722-407a-9620-5998c6999257
2019-10-18 14:02:13,754 [grpc-default-executor-0] INFO  impl.RoleInfo (RoleInfo.java:shutdownFollowerState(121)) - 6cbfae60-ea29-4abc-a49d-ef94f4bd513a: shutdown FollowerState
2019-10-18 14:02:13,754 [grpc-default-executor-0] INFO  impl.RoleInfo (RoleInfo.java:updateAndGet(143)) - 6cbfae60-ea29-4abc-a49d-ef94f4bd513a: start FollowerState
2019-10-18 14:02:13,754 [grpc-default-executor-1] INFO  impl.RaftServerImpl (RaftServerImpl.java:setRole(184)) - 66f9d00c-1e97-4252-958c-bed5a531abda@group-E964BE911FCC: changes role from  FOLLOWER to FOLLOWER at term 403 for recognizeCandidate:92ce6e48-4722-407a-9620-5998c6999257
2019-10-18 14:02:13,754 [grpc-default-executor-1] INFO  impl.RoleInfo (RoleInfo.java:shutdownFollowerState(121)) - 66f9d00c-1e97-4252-958c-bed5a531abda: shutdown FollowerState
2019-10-18 14:02:13,754 [Thread-2667] INFO  impl.FollowerState (FollowerState.java:run(117)) - 6cbfae60-ea29-4abc-a49d-ef94f4bd513a@group-E964BE911FCC-FollowerState was interrupted: java.lang.InterruptedException: sleep interrupted
2019-10-18 14:02:13,754 [Thread-2668] INFO  impl.FollowerState (FollowerState.java:run(117)) - 66f9d00c-1e97-4252-958c-bed5a531abda@group-E964BE911FCC-FollowerState was interrupted: java.lang.InterruptedException: sleep interrupted
2019-10-18 14:02:13,754 [grpc-default-executor-1] INFO  impl.RoleInfo (RoleInfo.java:updateAndGet(143)) - 66f9d00c-1e97-4252-958c-bed5a531abda: start FollowerState
2019-10-18 14:02:13,768 [92ce6e48-4722-407a-9620-5998c6999257@group-E964BE911FCC-LeaderElection363] INFO  impl.LeaderElection (LeaderElection.java:logAndReturn(56)) - 92ce6e48-4722-407a-9620-5998c6999257@group-E964BE911FCC-LeaderElection363: Election REJECTED; received 2 response(s) [92ce6e48-4722-407a-9620-5998c6999257<-6cbfae60-ea29-4abc-a49d-ef94f4bd513a#0:FAIL-t403, 92ce6e48-4722-407a-9620-5998c6999257<-66f9d00c-1e97-4252-958c-bed5a531abda#0:FAIL-t403] and 0 exception(s); 92ce6e48-4722-407a-9620-5998c6999257@group-E964BE911FCC:t403, leader=null, voted=92ce6e48-4722-407a-9620-5998c6999257, raftlog=92ce6e48-4722-407a-9620-5998c6999257@group-E964BE911FCC-SegmentedRaftLog:OPENED:c-1,f-1,i0, conf=-1: [6cbfae60-ea29-4abc-a49d-ef94f4bd513a:192.168.69.85:36685, 66f9d00c-1e97-4252-958c-bed5a531abda:192.168.69.85:45996, 92ce6e48-4722-407a-9620-5998c6999257:192.168.69.85:34971], old=null
2019-10-18 14:02:13,768 [92ce6e48-4722-407a-9620-5998c6999257@group-E964BE911FCC-LeaderElection363] INFO  impl.RaftServerImpl (RaftServerImpl.java:setRole(184)) - 92ce6e48-4722-407a-9620-5998c6999257@group-E964BE911FCC: changes role from CANDIDATE to FOLLOWER at term 403 for DISCOVERED_A_NEW_TERM
2019-10-18 14:02:13,769 [92ce6e48-4722-407a-9620-5998c6999257@group-E964BE911FCC-LeaderElection363] INFO  impl.RoleInfo (RoleInfo.java:shutdownLeaderElection(134)) - 92ce6e48-4722-407a-9620-5998c6999257: shutdown LeaderElection
2019-10-18 14:02:13,769 [92ce6e48-4722-407a-9620-5998c6999257@group-E964BE911FCC-LeaderElection363] INFO  impl.RoleInfo (RoleInfo.java:updateAndGet(143)) - 92ce6e48-4722-407a-9620-5998c6999257: start FollowerState
2019-10-18 14:02:13,799 [Thread-2675] INFO  impl.FollowerState (FollowerState.java:run(108)) - 92ce6e48-4722-407a-9620-5998c6999257@group-E964BE911FCC-FollowerState: change to CANDIDATE, lastRpcTime:30ms, electionTimeout:30ms
2019-10-18 14:02:13,799 [Thread-2675] INFO  impl.RoleInfo (RoleInfo.java:shutdownFollowerState(121)) - 92ce6e48-4722-407a-9620-5998c6999257: shutdown FollowerState
2019-10-18 14:02:13,799 [Thread-2675] INFO  impl.RaftServerImpl (RaftServerImpl.java:setRole(184)) - 92ce6e48-4722-407a-9620-5998c6999257@group-E964BE911FCC: changes role from  FOLLOWER to CANDIDATE at term 403 for changeToCandidate
2019-10-18 14:02:13,799 [Thread-2675] INFO  impl.RoleInfo (RoleInfo.java:updateAndGet(143)) - 92ce6e48-4722-407a-9620-5998c6999257: start LeaderElection
2019-10-18 14:02:13,814 [92ce6e48-4722-407a-9620-5998c6999257@group-E964BE911FCC-LeaderElection364] INFO  impl.LeaderElection (LeaderElection.java:askForVotes(178)) - 92ce6e48-4722-407a-9620-5998c6999257@group-E964BE911FCC-LeaderElection364: begin an election at term 404 for -1: [6cbfae60-ea29-4abc-a49d-ef94f4bd513a:192.168.69.85:36685, 66f9d00c-1e97-4252-958c-bed5a531abda:192.168.69.85:45996, 92ce6e48-4722-407a-9620-5998c6999257:192.168.69.85:34971], old=null
2019-10-18 14:02:13,815 [grpc-default-executor-1] INFO  impl.RaftServerImpl (RaftServerImpl.java:setRole(184)) - 6cbfae60-ea29-4abc-a49d-ef94f4bd513a@group-E964BE911FCC: changes role from  FOLLOWER to FOLLOWER at term 404 for recognizeCandidate:92ce6e48-4722-407a-9620-5998c6999257
2019-10-18 14:02:13,815 [grpc-default-executor-1] INFO  impl.RoleInfo (RoleInfo.java:shutdownFollowerState(121)) - 6cbfae60-ea29-4abc-a49d-ef94f4bd513a: shutdown FollowerState
2019-10-18 14:02:13,815 [grpc-default-executor-0] INFO  impl.RaftServerImpl (RaftServerImpl.java:setRole(184)) - 66f9d00c-1e97-4252-958c-bed5a531abda@group-E964BE911FCC: changes role from  FOLLOWER to FOLLOWER at term 404 for recognizeCandidate:92ce6e48-4722-407a-9620-5998c6999257
2019-10-18 14:02:13,815 [grpc-default-executor-0] INFO  impl.RoleInfo (RoleInfo.java:shutdownFollowerState(121)) - 66f9d00c-1e97-4252-958c-bed5a531abda: shutdown FollowerState
2019-10-18 14:02:13,815 [Thread-2673] INFO  impl.FollowerState (FollowerState.java:run(117)) - 6cbfae60-ea29-4abc-a49d-ef94f4bd513a@group-E964BE911FCC-FollowerState was interrupted: java.lang.InterruptedException: sleep interrupted
2019-10-18 14:02:13,815 [grpc-default-executor-1] INFO  impl.RoleInfo (RoleInfo.java:updateAndGet(143)) - 6cbfae60-ea29-4abc-a49d-ef94f4bd513a: start FollowerState
2019-10-18 14:02:13,816 [Thread-2674] INFO  impl.FollowerState (FollowerState.java:run(117)) - 66f9d00c-1e97-4252-958c-bed5a531abda@group-E964BE911FCC-FollowerState was interrupted: java.lang.InterruptedException: sleep interrupted
2019-10-18 14:02:13,816 [grpc-default-executor-0] INFO  impl.RoleInfo (RoleInfo.java:updateAndGet(143)) - 66f9d00c-1e97-4252-958c-bed5a531abda: start FollowerState
2019-10-18 14:02:13,831 [92ce6e48-4722-407a-9620-5998c6999257@group-E964BE911FCC-LeaderElection364] INFO  impl.LeaderElection (LeaderElection.java:logAndReturn(56)) - 92ce6e48-4722-407a-9620-5998c6999257@group-E964BE911FCC-LeaderElection364: Election REJECTED; received 2 response(s) [92ce6e48-4722-407a-9620-5998c6999257<-6cbfae60-ea29-4abc-a49d-ef94f4bd513a#0:FAIL-t404, 92ce6e48-4722-407a-9620-5998c6999257<-66f9d00c-1e97-4252-958c-bed5a531abda#0:FAIL-t404] and 0 exception(s); 92ce6e48-4722-407a-9620-5998c6999257@group-E964BE911FCC:t404, leader=null, voted=92ce6e48-4722-407a-9620-5998c6999257, raftlog=92ce6e48-4722-407a-9620-5998c6999257@group-E964BE911FCC-SegmentedRaftLog:OPENED:c-1,f-1,i0, conf=-1: [6cbfae60-ea29-4abc-a49d-ef94f4bd513a:192.168.69.85:36685, 66f9d00c-1e97-4252-958c-bed5a531abda:192.168.69.85:45996, 92ce6e48-4722-407a-9620-5998c6999257:192.168.69.85:34971], old=null
2019-10-18 14:02:13,831 [92ce6e48-4722-407a-9620-5998c6999257@group-E964BE911FCC-LeaderElection364] INFO  impl.RaftServerImpl (RaftServerImpl.java:setRole(184)) - 92ce6e48-4722-407a-9620-5998c6999257@group-E964BE911FCC: changes role from CANDIDATE to FOLLOWER at term 404 for DISCOVERED_A_NEW_TERM
2019-10-18 14:02:13,831 [92ce6e48-4722-407a-9620-5998c6999257@group-E964BE911FCC-LeaderElection364] INFO  impl.RoleInfo (RoleInfo.java:shutdownLeaderElection(134)) - 92ce6e48-4722-407a-9620-5998c6999257: shutdown LeaderElection
2019-10-18 14:02:13,831 [92ce6e48-4722-407a-9620-5998c6999257@group-E964BE911FCC-LeaderElection364] INFO  impl.RoleInfo (RoleInfo.java:updateAndGet(143)) - 92ce6e48-4722-407a-9620-5998c6999257: start FollowerState
2019-10-18 14:02:13,858 [Thread-2681] INFO  impl.FollowerState (FollowerState.java:run(108)) - 92ce6e48-4722-407a-9620-5998c6999257@group-E964BE911FCC-FollowerState: change to CANDIDATE, lastRpcTime:26ms, electionTimeout:26ms
2019-10-18 14:02:13,858 [Thread-2681] INFO  impl.RoleInfo (RoleInfo.java:shutdownFollowerState(121)) - 92ce6e48-4722-407a-9620-5998c6999257: shutdown FollowerState
2019-10-18 14:02:13,858 [Thread-2681] INFO  impl.RaftServerImpl (RaftServerImpl.java:setRole(184)) - 92ce6e48-4722-407a-9620-5998c6999257@group-E964BE911FCC: changes role from  FOLLOWER to CANDIDATE at term 404 for changeToCandidate
2019-10-18 14:02:13,858 [Thread-2681] INFO  impl.RoleInfo (RoleInfo.java:updateAndGet(143)) - 92ce6e48-4722-407a-9620-5998c6999257: start LeaderElection
2019-10-18 14:02:13,873 [92ce6e48-4722-407a-9620-5998c6999257@group-E964BE911FCC-LeaderElection365] INFO  impl.LeaderElection (LeaderElection.java:askForVotes(178)) - 92ce6e48-4722-407a-9620-5998c6999257@group-E964BE911FCC-LeaderElection365: begin an election at term 405 for -1: [6cbfae60-ea29-4abc-a49d-ef94f4bd513a:192.168.69.85:36685, 66f9d00c-1e97-4252-958c-bed5a531abda:192.168.69.85:45996, 92ce6e48-4722-407a-9620-5998c6999257:192.168.69.85:34971], old=null
2019-10-18 14:02:13,874 [grpc-default-executor-1] INFO  impl.RaftServerImpl (RaftServerImpl.java:setRole(184)) - 6cbfae60-ea29-4abc-a49d-ef94f4bd513a@group-E964BE911FCC: changes role from  FOLLOWER to FOLLOWER at term 405 for recognizeCandidate:92ce6e48-4722-407a-9620-5998c6999257
2019-10-18 14:02:13,874 [grpc-default-executor-1] INFO  impl.RoleInfo (RoleInfo.java:shutdownFollowerState(121)) - 6cbfae60-ea29-4abc-a49d-ef94f4bd513a: shutdown FollowerState
2019-10-18 14:02:13,874 [grpc-default-executor-1] INFO  impl.RoleInfo (RoleInfo.java:updateAndGet(143)) - 6cbfae60-ea29-4abc-a49d-ef94f4bd513a: start FollowerState
2019-10-18 14:02:13,874 [Thread-2679] INFO  impl.FollowerState (FollowerState.java:run(117)) - 6cbfae60-ea29-4abc-a49d-ef94f4bd513a@group-E964BE911FCC-FollowerState was interrupted: java.lang.InterruptedException: sleep interrupted
2019-10-18 14:02:13,874 [grpc-default-executor-0] INFO  impl.RaftServerImpl (RaftServerImpl.java:setRole(184)) - 66f9d00c-1e97-4252-958c-bed5a531abda@group-E964BE911FCC: changes role from  FOLLOWER to FOLLOWER at term 405 for recognizeCandidate:92ce6e48-4722-407a-9620-5998c6999257
2019-10-18 14:02:13,874 [grpc-default-executor-0] INFO  impl.RoleInfo (RoleInfo.java:shutdownFollowerState(121)) - 66f9d00c-1e97-4252-958c-bed5a531abda: shutdown FollowerState
2019-10-18 14:02:13,874 [grpc-default-executor-0] INFO  impl.RoleInfo (RoleInfo.java:updateAndGet(143)) - 66f9d00c-1e97-4252-958c-bed5a531abda: start FollowerState
2019-10-18 14:02:13,874 [Thread-2680] INFO  impl.FollowerState (FollowerState.java:run(117)) - 66f9d00c-1e97-4252-958c-bed5a531abda@group-E964BE911FCC-FollowerState was interrupted: java.lang.InterruptedException: sleep interrupted
2019-10-18 14:02:13,888 [92ce6e48-4722-407a-9620-5998c6999257@group-E964BE911FCC-LeaderElection365] INFO  impl.LeaderElection (LeaderElection.java:logAndReturn(56)) - 92ce6e48-4722-407a-9620-5998c6999257@group-E964BE911FCC-LeaderElection365: Election REJECTED; received 2 response(s) [92ce6e48-4722-407a-9620-5998c6999257<-6cbfae60-ea29-4abc-a49d-ef94f4bd513a#0:FAIL-t405, 92ce6e48-4722-407a-9620-5998c6999257<-66f9d00c-1e97-4252-958c-bed5a531abda#0:FAIL-t405] and 0 exception(s); 92ce6e48-4722-407a-9620-5998c6999257@group-E964BE911FCC:t405, leader=null, voted=92ce6e48-4722-407a-9620-5998c6999257, raftlog=92ce6e48-4722-407a-9620-5998c6999257@group-E964BE911FCC-SegmentedRaftLog:OPENED:c-1,f-1,i0, conf=-1: [6cbfae60-ea29-4abc-a49d-ef94f4bd513a:192.168.69.85:36685, 66f9d00c-1e97-4252-958c-bed5a531abda:192.168.69.85:45996, 92ce6e48-4722-407a-9620-5998c6999257:192.168.69.85:34971], old=null
2019-10-18 14:02:13,891 [92ce6e48-4722-407a-9620-5998c6999257@group-E964BE911FCC-LeaderElection365] INFO  impl.RaftServerImpl (RaftServerImpl.java:setRole(184)) - 92ce6e48-4722-407a-9620-5998c6999257@group-E964BE911FCC: changes role from CANDIDATE to FOLLOWER at term 405 for DISCOVERED_A_NEW_TERM
2019-10-18 14:02:13,892 [92ce6e48-4722-407a-9620-5998c6999257@group-E964BE911FCC-LeaderElection365] INFO  impl.RoleInfo (RoleInfo.java:shutdownLeaderElection(134)) - 92ce6e48-4722-407a-9620-5998c6999257: shutdown LeaderElection
2019-10-18 14:02:13,893 [92ce6e48-4722-407a-9620-5998c6999257@group-E964BE911FCC-LeaderElection365] INFO  impl.RoleInfo (RoleInfo.java:updateAndGet(143)) - 92ce6e48-4722-407a-9620-5998c6999257: start FollowerState
2019-10-18 14:02:14,016 [Thread-2687] INFO  impl.FollowerState (FollowerState.java:run(108)) - 92ce6e48-4722-407a-9620-5998c6999257@group-E964BE911FCC-FollowerState: change to CANDIDATE, lastRpcTime:123ms, electionTimeout:123ms
2019-10-18 14:02:14,017 [Thread-2687] INFO  impl.RoleInfo (RoleInfo.java:shutdownFollowerState(121)) - 92ce6e48-4722-407a-9620-5998c6999257: shutdown FollowerState
2019-10-18 14:02:14,017 [Thread-2687] INFO  impl.RaftServerImpl (RaftServerImpl.java:setRole(184)) - 92ce6e48-4722-407a-9620-5998c6999257@group-E964BE911FCC: changes role from  FOLLOWER to CANDIDATE at term 405 for changeToCandidate
2019-10-18 14:02:14,018 [Thread-2687] INFO  impl.RoleInfo (RoleInfo.java:updateAndGet(143)) - 92ce6e48-4722-407a-9620-5998c6999257: start LeaderElection
2019-10-18 14:02:14,035 [92ce6e48-4722-407a-9620-5998c6999257@group-E964BE911FCC-LeaderElection366] INFO  impl.LeaderElection (LeaderElection.java:askForVotes(178)) - 92ce6e48-4722-407a-9620-5998c6999257@group-E964BE911FCC-LeaderElection366: begin an election at term 406 for -1: [6cbfae60-ea29-4abc-a49d-ef94f4bd513a:192.168.69.85:36685, 66f9d00c-1e97-4252-958c-bed5a531abda:192.168.69.85:45996, 92ce6e48-4722-407a-9620-5998c6999257:192.168.69.85:34971], old=null
2019-10-18 14:02:14,039 [grpc-default-executor-1] INFO  impl.RaftServerImpl (RaftServerImpl.java:setRole(184)) - 66f9d00c-1e97-4252-958c-bed5a531abda@group-E964BE911FCC: changes role from  FOLLOWER to FOLLOWER at term 406 for recognizeCandidate:92ce6e48-4722-407a-9620-5998c6999257
2019-10-18 14:02:14,040 [grpc-default-executor-1] INFO  impl.RoleInfo (RoleInfo.java:shutdownFollowerState(121)) - 66f9d00c-1e97-4252-958c-bed5a531abda: shutdown FollowerState
2019-10-18 14:02:14,039 [grpc-default-executor-0] INFO  impl.RaftServerImpl (RaftServerImpl.java:setRole(184)) - 6cbfae60-ea29-4abc-a49d-ef94f4bd513a@group-E964BE911FCC: changes role from  FOLLOWER to FOLLOWER at term 406 for recognizeCandidate:92ce6e48-4722-407a-9620-5998c6999257
2019-10-18 14:02:14,040 [grpc-default-executor-1] INFO  impl.RoleInfo (RoleInfo.java:updateAndGet(143)) - 66f9d00c-1e97-4252-958c-bed5a531abda: start FollowerState
2019-10-18 14:02:14,040 [Thread-2686] INFO  impl.FollowerState (FollowerState.java:run(117)) - 66f9d00c-1e97-4252-958c-bed5a531abda@group-E964BE911FCC-FollowerState was interrupted: java.lang.InterruptedException: sleep interrupted
2019-10-18 14:02:14,040 [grpc-default-executor-0] INFO  impl.RoleInfo (RoleInfo.java:shutdownFollowerState(121)) - 6cbfae60-ea29-4abc-a49d-ef94f4bd513a: shutdown FollowerState
2019-10-18 14:02:14,040 [grpc-default-executor-0] INFO  impl.RoleInfo (RoleInfo.java:updateAndGet(143)) - 6cbfae60-ea29-4abc-a49d-ef94f4bd513a: start FollowerState
2019-10-18 14:02:14,040 [Thread-2685] INFO  impl.FollowerState (FollowerState.java:run(117)) - 6cbfae60-ea29-4abc-a49d-ef94f4bd513a@group-E964BE911FCC-FollowerState was interrupted: java.lang.InterruptedException: sleep interrupted
2019-10-18 14:02:14,054 [92ce6e48-4722-407a-9620-5998c6999257@group-E964BE911FCC-LeaderElection366] INFO  impl.LeaderElection (LeaderElection.java:logAndReturn(56)) - 92ce6e48-4722-407a-9620-5998c6999257@group-E964BE911FCC-LeaderElection366: Election REJECTED; received 2 response(s) [92ce6e48-4722-407a-9620-5998c6999257<-6cbfae60-ea29-4abc-a49d-ef94f4bd513a#0:FAIL-t406, 92ce6e48-4722-407a-9620-5998c6999257<-66f9d00c-1e97-4252-958c-bed5a531abda#0:FAIL-t406] and 0 exception(s); 92ce6e48-4722-407a-9620-5998c6999257@group-E964BE911FCC:t406, leader=null, voted=92ce6e48-4722-407a-9620-5998c6999257, raftlog=92ce6e48-4722-407a-9620-5998c6999257@group-E964BE911FCC-SegmentedRaftLog:OPENED:c-1,f-1,i0, conf=-1: [6cbfae60-ea29-4abc-a49d-ef94f4bd513a:192.168.69.85:36685, 66f9d00c-1e97-4252-958c-bed5a531abda:192.168.69.85:45996, 92ce6e48-4722-407a-9620-5998c6999257:192.168.69.85:34971], old=null
2019-10-18 14:02:14,055 [92ce6e48-4722-407a-9620-5998c6999257@group-E964BE911FCC-LeaderElection366] INFO  impl.RaftServerImpl (RaftServerImpl.java:setRole(184)) - 92ce6e48-4722-407a-9620-5998c6999257@group-E964BE911FCC: changes role from CANDIDATE to FOLLOWER at term 406 for DISCOVERED_A_NEW_TERM
2019-10-18 14:02:14,055 [92ce6e48-4722-407a-9620-5998c6999257@group-E964BE911FCC-LeaderElection366] INFO  impl.RoleInfo (RoleInfo.java:shutdownLeaderElection(134)) - 92ce6e48-4722-407a-9620-5998c6999257: shutdown LeaderElection
2019-10-18 14:02:14,055 [92ce6e48-4722-407a-9620-5998c6999257@group-E964BE911FCC-LeaderElection366] INFO  impl.RoleInfo (RoleInfo.java:updateAndGet(143)) - 92ce6e48-4722-407a-9620-5998c6999257: start FollowerState
2019-10-18 14:02:14,217 [Thread-2693] INFO  impl.FollowerState (FollowerState.java:run(108)) - 92ce6e48-4722-407a-9620-5998c6999257@group-E964BE911FCC-FollowerState: change to CANDIDATE, lastRpcTime:162ms, electionTimeout:162ms
2019-10-18 14:02:14,217 [Thread-2693] INFO  impl.RoleInfo (RoleInfo.java:shutdownFollowerState(121)) - 92ce6e48-4722-407a-9620-5998c6999257: shutdown FollowerState
2019-10-18 14:02:14,218 [Thread-2693] INFO  impl.RaftServerImpl (RaftServerImpl.java:setRole(184)) - 92ce6e48-4722-407a-9620-5998c6999257@group-E964BE911FCC: changes role from  FOLLOWER to CANDIDATE at term 406 for changeToCandidate
2019-10-18 14:02:14,218 [Thread-2693] INFO  impl.RoleInfo (RoleInfo.java:updateAndGet(143)) - 92ce6e48-4722-407a-9620-5998c6999257: start LeaderElection
2019-10-18 14:02:14,231 [92ce6e48-4722-407a-9620-5998c6999257@group-E964BE911FCC-LeaderElection367] INFO  impl.LeaderElection (LeaderElection.java:askForVotes(178)) - 92ce6e48-4722-407a-9620-5998c6999257@group-E964BE911FCC-LeaderElection367: begin an election at term 407 for -1: [6cbfae60-ea29-4abc-a49d-ef94f4bd513a:192.168.69.85:36685, 66f9d00c-1e97-4252-958c-bed5a531abda:192.168.69.85:45996, 92ce6e48-4722-407a-9620-5998c6999257:192.168.69.85:34971], old=null
2019-10-18 14:02:14,233 [grpc-default-executor-1] INFO  impl.RaftServerImpl (RaftServerImpl.java:setRole(184)) - 6cbfae60-ea29-4abc-a49d-ef94f4bd513a@group-E964BE911FCC: changes role from  FOLLOWER to FOLLOWER at term 407 for recognizeCandidate:92ce6e48-4722-407a-9620-5998c6999257
2019-10-18 14:02:14,233 [grpc-default-executor-1] INFO  impl.RoleInfo (RoleInfo.java:shutdownFollowerState(121)) - 6cbfae60-ea29-4abc-a49d-ef94f4bd513a: shutdown FollowerState
2019-10-18 14:02:14,233 [grpc-default-executor-0] INFO  impl.RaftServerImpl (RaftServerImpl.java:setRole(184)) - 66f9d00c-1e97-4252-958c-bed5a531abda@group-E964BE911FCC: changes role from  FOLLOWER to FOLLOWER at term 407 for recognizeCandidate:92ce6e48-4722-407a-9620-5998c6999257
2019-10-18 14:02:14,234 [grpc-default-executor-0] INFO  impl.RoleInfo (RoleInfo.java:shutdownFollowerState(121)) - 66f9d00c-1e97-4252-958c-bed5a531abda: shutdown FollowerState
2019-10-18 14:02:14,234 [Thread-2692] INFO  impl.FollowerState (FollowerState.java:run(117)) - 6cbfae60-ea29-4abc-a49d-ef94f4bd513a@group-E964BE911FCC-FollowerState was interrupted: java.lang.InterruptedException: sleep interrupted
2019-10-18 14:02:14,234 [grpc-default-executor-1] INFO  impl.RoleInfo (RoleInfo.java:updateAndGet(143)) - 6cbfae60-ea29-4abc-a49d-ef94f4bd513a: start FollowerState
2019-10-18 14:02:14,234 [Thread-2691] INFO  impl.FollowerState (FollowerState.java:run(117)) - 66f9d00c-1e97-4252-958c-bed5a531abda@group-E964BE911FCC-FollowerState was interrupted: java.lang.InterruptedException: sleep interrupted
2019-10-18 14:02:14,234 [grpc-default-executor-0] INFO  impl.RoleInfo (RoleInfo.java:updateAndGet(143)) - 66f9d00c-1e97-4252-958c-bed5a531abda: start FollowerState
2019-10-18 14:02:14,248 [92ce6e48-4722-407a-9620-5998c6999257@group-E964BE911FCC-LeaderElection367] INFO  impl.LeaderElection (LeaderElection.java:logAndReturn(56)) - 92ce6e48-4722-407a-9620-5998c6999257@group-E964BE911FCC-LeaderElection367: Election REJECTED; received 2 response(s) [92ce6e48-4722-407a-9620-5998c6999257<-6cbfae60-ea29-4abc-a49d-ef94f4bd513a#0:FAIL-t407, 92ce6e48-4722-407a-9620-5998c6999257<-66f9d00c-1e97-4252-958c-bed5a531abda#0:FAIL-t407] and 0 exception(s); 92ce6e48-4722-407a-9620-5998c6999257@group-E964BE911FCC:t407, leader=null, voted=92ce6e48-4722-407a-9620-5998c6999257, raftlog=92ce6e48-4722-407a-9620-5998c6999257@group-E964BE911FCC-SegmentedRaftLog:OPENED:c-1,f-1,i0, conf=-1: [6cbfae60-ea29-4abc-a49d-ef94f4bd513a:192.168.69.85:36685, 66f9d00c-1e97-4252-958c-bed5a531abda:192.168.69.85:45996, 92ce6e48-4722-407a-9620-5998c6999257:192.168.69.85:34971], old=null
2019-10-18 14:02:14,248 [92ce6e48-4722-407a-9620-5998c6999257@group-E964BE911FCC-LeaderElection367] INFO  impl.RaftServerImpl (RaftServerImpl.java:setRole(184)) - 92ce6e48-4722-407a-9620-5998c6999257@group-E964BE911FCC: changes role from CANDIDATE to FOLLOWER at term 407 for DISCOVERED_A_NEW_TERM
2019-10-18 14:02:14,248 [92ce6e48-4722-407a-9620-5998c6999257@group-E964BE911FCC-LeaderElection367] INFO  impl.RoleInfo (RoleInfo.java:shutdownLeaderElection(134)) - 92ce6e48-4722-407a-9620-5998c6999257: shutdown LeaderElection
2019-10-18 14:02:14,248 [92ce6e48-4722-407a-9620-5998c6999257@group-E964BE911FCC-LeaderElection367] INFO  impl.RoleInfo (RoleInfo.java:updateAndGet(143)) - 92ce6e48-4722-407a-9620-5998c6999257: start FollowerState
2019-10-18 14:02:14,416 [Thread-2699] INFO  impl.FollowerState (FollowerState.java:run(108)) - 92ce6e48-4722-407a-9620-5998c6999257@group-E964BE911FCC-FollowerState: change to CANDIDATE, lastRpcTime:167ms, electionTimeout:167ms
2019-10-18 14:02:14,416 [Thread-2699] INFO  impl.RoleInfo (RoleInfo.java:shutdownFollowerState(121)) - 92ce6e48-4722-407a-9620-5998c6999257: shutdown FollowerState
2019-10-18 14:02:14,416 [Thread-2699] INFO  impl.RaftServerImpl (RaftServerImpl.java:setRole(184)) - 92ce6e48-4722-407a-9620-5998c6999257@group-E964BE911FCC: changes role from  FOLLOWER to CANDIDATE at term 407 for changeToCandidate
2019-10-18 14:02:14,416 [Thread-2699] INFO  impl.RoleInfo (RoleInfo.java:updateAndGet(143)) - 92ce6e48-4722-407a-9620-5998c6999257: start LeaderElection
2019-10-18 14:02:14,440 [92ce6e48-4722-407a-9620-5998c6999257@group-E964BE911FCC-LeaderElection368] INFO  impl.LeaderElection (LeaderElection.java:askForVotes(178)) - 92ce6e48-4722-407a-9620-5998c6999257@group-E964BE911FCC-LeaderElection368: begin an election at term 408 for -1: [6cbfae60-ea29-4abc-a49d-ef94f4bd513a:192.168.69.85:36685, 66f9d00c-1e97-4252-958c-bed5a531abda:192.168.69.85:45996, 92ce6e48-4722-407a-9620-5998c6999257:192.168.69.85:34971], old=null
2019-10-18 14:02:14,442 [grpc-default-executor-0] INFO  impl.RaftServerImpl (RaftServerImpl.java:setRole(184)) - 6cbfae60-ea29-4abc-a49d-ef94f4bd513a@group-E964BE911FCC: changes role from  FOLLOWER to FOLLOWER at term 408 for recognizeCandidate:92ce6e48-4722-407a-9620-5998c6999257
2019-10-18 14:02:14,442 [grpc-default-executor-0] INFO  impl.RoleInfo (RoleInfo.java:shutdownFollowerState(121)) - 6cbfae60-ea29-4abc-a49d-ef94f4bd513a: shutdown FollowerState
2019-10-18 14:02:14,442 [grpc-default-executor-1] INFO  impl.RaftServerImpl (RaftServerImpl.java:setRole(184)) - 66f9d00c-1e97-4252-958c-bed5a531abda@group-E964BE911FCC: changes role from  FOLLOWER to FOLLOWER at term 408 for recognizeCandidate:92ce6e48-4722-407a-9620-5998c6999257
2019-10-18 14:02:14,442 [grpc-default-executor-0] INFO  impl.RoleInfo (RoleInfo.java:updateAndGet(143)) - 6cbfae60-ea29-4abc-a49d-ef94f4bd513a: start FollowerState
2019-10-18 14:02:14,442 [Thread-2697] INFO  impl.FollowerState (FollowerState.java:run(117)) - 6cbfae60-ea29-4abc-a49d-ef94f4bd513a@group-E964BE911FCC-FollowerState was interrupted: java.lang.InterruptedException: sleep interrupted
2019-10-18 14:02:14,442 [grpc-default-executor-1] INFO  impl.RoleInfo (RoleInfo.java:shutdownFollowerState(121)) - 66f9d00c-1e97-4252-958c-bed5a531abda: shutdown FollowerState
2019-10-18 14:02:14,443 [grpc-default-executor-1] INFO  impl.RoleInfo (RoleInfo.java:updateAndGet(143)) - 66f9d00c-1e97-4252-958c-bed5a531abda: start FollowerState
2019-10-18 14:02:14,443 [Thread-2698] INFO  impl.FollowerState (FollowerState.java:run(117)) - 66f9d00c-1e97-4252-958c-bed5a531abda@group-E964BE911FCC-FollowerState was interrupted: java.lang.InterruptedException: sleep interrupted
2019-10-18 14:02:14,457 [92ce6e48-4722-407a-9620-5998c6999257@group-E964BE911FCC-LeaderElection368] INFO  impl.LeaderElection (LeaderElection.java:logAndReturn(56)) - 92ce6e48-4722-407a-9620-5998c6999257@group-E964BE911FCC-LeaderElection368: Election REJECTED; received 2 response(s) [92ce6e48-4722-407a-9620-5998c6999257<-6cbfae60-ea29-4abc-a49d-ef94f4bd513a#0:FAIL-t408, 92ce6e48-4722-407a-9620-5998c6999257<-66f9d00c-1e97-4252-958c-bed5a531abda#0:FAIL-t408] and 0 exception(s); 92ce6e48-4722-407a-9620-5998c6999257@group-E964BE911FCC:t408, leader=null, voted=92ce6e48-4722-407a-9620-5998c6999257, raftlog=92ce6e48-4722-407a-9620-5998c6999257@group-E964BE911FCC-SegmentedRaftLog:OPENED:c-1,f-1,i0, conf=-1: [6cbfae60-ea29-4abc-a49d-ef94f4bd513a:192.168.69.85:36685, 66f9d00c-1e97-4252-958c-bed5a531abda:192.168.69.85:45996, 92ce6e48-4722-407a-9620-5998c6999257:192.168.69.85:34971], old=null
2019-10-18 14:02:14,457 [92ce6e48-4722-407a-9620-5998c6999257@group-E964BE911FCC-LeaderElection368] INFO  impl.RaftServerImpl (RaftServerImpl.java:setRole(184)) - 92ce6e48-4722-407a-9620-5998c6999257@group-E964BE911FCC: changes role from CANDIDATE to FOLLOWER at term 408 for DISCOVERED_A_NEW_TERM
2019-10-18 14:02:14,457 [92ce6e48-4722-407a-9620-5998c6999257@group-E964BE911FCC-LeaderElection368] INFO  impl.RoleInfo (RoleInfo.java:shutdownLeaderElection(134)) - 92ce6e48-4722-407a-9620-5998c6999257: shutdown LeaderElection
2019-10-18 14:02:14,457 [92ce6e48-4722-407a-9620-5998c6999257@group-E964BE911FCC-LeaderElection368] INFO  impl.RoleInfo (RoleInfo.java:updateAndGet(143)) - 92ce6e48-4722-407a-9620-5998c6999257: start FollowerState
2019-10-18 14:02:14,603 [Thread-2705] INFO  impl.FollowerState (FollowerState.java:run(108)) - 92ce6e48-4722-407a-9620-5998c6999257@group-E964BE911FCC-FollowerState: change to CANDIDATE, lastRpcTime:146ms, electionTimeout:146ms
2019-10-18 14:02:14,604 [Thread-2705] INFO  impl.RoleInfo (RoleInfo.java:shutdownFollowerState(121)) - 92ce6e48-4722-407a-9620-5998c6999257: shutdown FollowerState
2019-10-18 14:02:14,604 [Thread-2705] INFO  impl.RaftServerImpl (RaftServerImpl.java:setRole(184)) - 92ce6e48-4722-407a-9620-5998c6999257@group-E964BE911FCC: changes role from  FOLLOWER to CANDIDATE at term 408 for changeToCandidate
2019-10-18 14:02:14,604 [Thread-2705] INFO  impl.RoleInfo (RoleInfo.java:updateAndGet(143)) - 92ce6e48-4722-407a-9620-5998c6999257: start LeaderElection
2019-10-18 14:02:14,617 [92ce6e48-4722-407a-9620-5998c6999257@group-E964BE911FCC-LeaderElection369] INFO  impl.LeaderElection (LeaderElection.java:askForVotes(178)) - 92ce6e48-4722-407a-9620-5998c6999257@group-E964BE911FCC-LeaderElection369: begin an election at term 409 for -1: [6cbfae60-ea29-4abc-a49d-ef94f4bd513a:192.168.69.85:36685, 66f9d00c-1e97-4252-958c-bed5a531abda:192.168.69.85:45996, 92ce6e48-4722-407a-9620-5998c6999257:192.168.69.85:34971], old=null
2019-10-18 14:02:14,622 [grpc-default-executor-1] INFO  impl.RaftServerImpl (RaftServerImpl.java:setRole(184)) - 6cbfae60-ea29-4abc-a49d-ef94f4bd513a@group-E964BE911FCC: changes role from  FOLLOWER to FOLLOWER at term 409 for recognizeCandidate:92ce6e48-4722-407a-9620-5998c6999257
2019-10-18 14:02:14,623 [grpc-default-executor-1] INFO  impl.RoleInfo (RoleInfo.java:shutdownFollowerState(121)) - 6cbfae60-ea29-4abc-a49d-ef94f4bd513a: shutdown FollowerState
2019-10-18 14:02:14,623 [grpc-default-executor-0] INFO  impl.RaftServerImpl (RaftServerImpl.java:setRole(184)) - 66f9d00c-1e97-4252-958c-bed5a531abda@group-E964BE911FCC: changes role from  FOLLOWER to FOLLOWER at term 409 for recognizeCandidate:92ce6e48-4722-407a-9620-5998c6999257
2019-10-18 14:02:14,623 [Thread-2703] INFO  impl.FollowerState (FollowerState.java:run(117)) - 6cbfae60-ea29-4abc-a49d-ef94f4bd513a@group-E964BE911FCC-FollowerState was interrupted: java.lang.InterruptedException: sleep interrupted
2019-10-18 14:02:14,623 [grpc-default-executor-1] INFO  impl.RoleInfo (RoleInfo.java:updateAndGet(143)) - 6cbfae60-ea29-4abc-a49d-ef94f4bd513a: start FollowerState
2019-10-18 14:02:14,623 [grpc-default-executor-0] INFO  impl.RoleInfo (RoleInfo.java:shutdownFollowerState(121)) - 66f9d00c-1e97-4252-958c-bed5a531abda: shutdown FollowerState
2019-10-18 14:02:14,623 [grpc-default-executor-0] INFO  impl.RoleInfo (RoleInfo.java:updateAndGet(143)) - 66f9d00c-1e97-4252-958c-bed5a531abda: start FollowerState
2019-10-18 14:02:14,623 [Thread-2704] INFO  impl.FollowerState (FollowerState.java:run(117)) - 66f9d00c-1e97-4252-958c-bed5a531abda@group-E964BE911FCC-FollowerState was interrupted: java.lang.InterruptedException: sleep interrupted
2019-10-18 14:02:14,638 [92ce6e48-4722-407a-9620-5998c6999257@group-E964BE911FCC-LeaderElection369] INFO  impl.LeaderElection (LeaderElection.java:logAndReturn(56)) - 92ce6e48-4722-407a-9620-5998c6999257@group-E964BE911FCC-LeaderElection369: Election REJECTED; received 2 response(s) [92ce6e48-4722-407a-9620-5998c6999257<-6cbfae60-ea29-4abc-a49d-ef94f4bd513a#0:FAIL-t409, 92ce6e48-4722-407a-9620-5998c6999257<-66f9d00c-1e97-4252-958c-bed5a531abda#0:FAIL-t409] and 0 exception(s); 92ce6e48-4722-407a-9620-5998c6999257@group-E964BE911FCC:t409, leader=null, voted=92ce6e48-4722-407a-9620-5998c6999257, raftlog=92ce6e48-4722-407a-9620-5998c6999257@group-E964BE911FCC-SegmentedRaftLog:OPENED:c-1,f-1,i0, conf=-1: [6cbfae60-ea29-4abc-a49d-ef94f4bd513a:192.168.69.85:36685, 66f9d00c-1e97-4252-958c-bed5a531abda:192.168.69.85:45996, 92ce6e48-4722-407a-9620-5998c6999257:192.168.69.85:34971], old=null
2019-10-18 14:02:14,638 [92ce6e48-4722-407a-9620-5998c6999257@group-E964BE911FCC-LeaderElection369] INFO  impl.RaftServerImpl (RaftServerImpl.java:setRole(184)) - 92ce6e48-4722-407a-9620-5998c6999257@group-E964BE911FCC: changes role from CANDIDATE to FOLLOWER at term 409 for DISCOVERED_A_NEW_TERM
2019-10-18 14:02:14,638 [92ce6e48-4722-407a-9620-5998c6999257@group-E964BE911FCC-LeaderElection369] INFO  impl.RoleInfo (RoleInfo.java:shutdownLeaderElection(134)) - 92ce6e48-4722-407a-9620-5998c6999257: shutdown LeaderElection
2019-10-18 14:02:14,638 [92ce6e48-4722-407a-9620-5998c6999257@group-E964BE911FCC-LeaderElection369] INFO  impl.RoleInfo (RoleInfo.java:updateAndGet(143)) - 92ce6e48-4722-407a-9620-5998c6999257: start FollowerState
2019-10-18 14:02:14,755 [Thread-2713] INFO  impl.FollowerState (FollowerState.java:run(108)) - 92ce6e48-4722-407a-9620-5998c6999257@group-E964BE911FCC-FollowerState: change to CANDIDATE, lastRpcTime:116ms, electionTimeout:116ms
2019-10-18 14:02:14,755 [Thread-2713] INFO  impl.RoleInfo (RoleInfo.java:shutdownFollowerState(121)) - 92ce6e48-4722-407a-9620-5998c6999257: shutdown FollowerState
2019-10-18 14:02:14,755 [Thread-2713] INFO  impl.RaftServerImpl (RaftServerImpl.java:setRole(184)) - 92ce6e48-4722-407a-9620-5998c6999257@group-E964BE911FCC: changes role from  FOLLOWER to CANDIDATE at term 409 for changeToCandidate
2019-10-18 14:02:14,755 [Thread-2713] INFO  impl.RoleInfo (RoleInfo.java:updateAndGet(143)) - 92ce6e48-4722-407a-9620-5998c6999257: start LeaderElection
2019-10-18 14:02:14,771 [92ce6e48-4722-407a-9620-5998c6999257@group-E964BE911FCC-LeaderElection370] INFO  impl.LeaderElection (LeaderElection.java:askForVotes(178)) - 92ce6e48-4722-407a-9620-5998c6999257@group-E964BE911FCC-LeaderElection370: begin an election at term 410 for -1: [6cbfae60-ea29-4abc-a49d-ef94f4bd513a:192.168.69.85:36685, 66f9d00c-1e97-4252-958c-bed5a531abda:192.168.69.85:45996, 92ce6e48-4722-407a-9620-5998c6999257:192.168.69.85:34971], old=null
2019-10-18 14:02:14,772 [grpc-default-executor-0] INFO  impl.RaftServerImpl (RaftServerImpl.java:setRole(184)) - 66f9d00c-1e97-4252-958c-bed5a531abda@group-E964BE911FCC: changes role from  FOLLOWER to FOLLOWER at term 410 for recognizeCandidate:92ce6e48-4722-407a-9620-5998c6999257
2019-10-18 14:02:14,772 [grpc-default-executor-1] INFO  impl.RaftServerImpl (RaftServerImpl.java:setRole(184)) - 6cbfae60-ea29-4abc-a49d-ef94f4bd513a@group-E964BE911FCC: changes role from  FOLLOWER to FOLLOWER at term 410 for recognizeCandidate:92ce6e48-4722-407a-9620-5998c6999257
2019-10-18 14:02:14,773 [grpc-default-executor-1] INFO  impl.RoleInfo (RoleInfo.java:shutdownFollowerState(121)) - 6cbfae60-ea29-4abc-a49d-ef94f4bd513a: shutdown FollowerState
2019-10-18 14:02:14,773 [grpc-default-executor-0] INFO  impl.RoleInfo (RoleInfo.java:shutdownFollowerState(121)) - 66f9d00c-1e97-4252-958c-bed5a531abda: shutdown FollowerState
2019-10-18 14:02:14,773 [Thread-2711] INFO  impl.FollowerState (FollowerState.java:run(117)) - 6cbfae60-ea29-4abc-a49d-ef94f4bd513a@group-E964BE911FCC-FollowerState was interrupted: java.lang.InterruptedException: sleep interrupted
2019-10-18 14:02:14,773 [grpc-default-executor-1] INFO  impl.RoleInfo (RoleInfo.java:updateAndGet(143)) - 6cbfae60-ea29-4abc-a49d-ef94f4bd513a: start FollowerState
2019-10-18 14:02:14,773 [grpc-default-executor-0] INFO  impl.RoleInfo (RoleInfo.java:updateAndGet(143)) - 66f9d00c-1e97-4252-958c-bed5a531abda: start FollowerState
2019-10-18 14:02:14,773 [Thread-2712] INFO  impl.FollowerState (FollowerState.java:run(117)) - 66f9d00c-1e97-4252-958c-bed5a531abda@group-E964BE911FCC-FollowerState was interrupted: java.lang.InterruptedException: sleep interrupted
2019-10-18 14:02:14,788 [92ce6e48-4722-407a-9620-5998c6999257@group-E964BE911FCC-LeaderElection370] INFO  impl.LeaderElection (LeaderElection.java:logAndReturn(56)) - 92ce6e48-4722-407a-9620-5998c6999257@group-E964BE911FCC-LeaderElection370: Election REJECTED; received 2 response(s) [92ce6e48-4722-407a-9620-5998c6999257<-6cbfae60-ea29-4abc-a49d-ef94f4bd513a#0:FAIL-t410, 92ce6e48-4722-407a-9620-5998c6999257<-66f9d00c-1e97-4252-958c-bed5a531abda#0:FAIL-t410] and 0 exception(s); 92ce6e48-4722-407a-9620-5998c6999257@group-E964BE911FCC:t410, leader=null, voted=92ce6e48-4722-407a-9620-5998c6999257, raftlog=92ce6e48-4722-407a-9620-5998c6999257@group-E964BE911FCC-SegmentedRaftLog:OPENED:c-1,f-1,i0, conf=-1: [6cbfae60-ea29-4abc-a49d-ef94f4bd513a:192.168.69.85:36685, 66f9d00c-1e97-4252-958c-bed5a531abda:192.168.69.85:45996, 92ce6e48-4722-407a-9620-5998c6999257:192.168.69.85:34971], old=null
2019-10-18 14:02:14,788 [92ce6e48-4722-407a-9620-5998c6999257@group-E964BE911FCC-LeaderElection370] INFO  impl.RaftServerImpl (RaftServerImpl.java:setRole(184)) - 92ce6e48-4722-407a-9620-5998c6999257@group-E964BE911FCC: changes role from CANDIDATE to FOLLOWER at term 410 for DISCOVERED_A_NEW_TERM
2019-10-18 14:02:14,789 [92ce6e48-4722-407a-9620-5998c6999257@group-E964BE911FCC-LeaderElection370] INFO  impl.RoleInfo (RoleInfo.java:shutdownLeaderElection(134)) - 92ce6e48-4722-407a-9620-5998c6999257: shutdown LeaderElection
2019-10-18 14:02:14,789 [92ce6e48-4722-407a-9620-5998c6999257@group-E964BE911FCC-LeaderElection370] INFO  impl.RoleInfo (RoleInfo.java:updateAndGet(143)) - 92ce6e48-4722-407a-9620-5998c6999257: start FollowerState
2019-10-18 14:02:14,802 [Thread-2719] INFO  impl.FollowerState (FollowerState.java:run(108)) - 92ce6e48-4722-407a-9620-5998c6999257@group-E964BE911FCC-FollowerState: change to CANDIDATE, lastRpcTime:13ms, electionTimeout:13ms
2019-10-18 14:02:14,802 [Thread-2719] INFO  impl.RoleInfo (RoleInfo.java:shutdownFollowerState(121)) - 92ce6e48-4722-407a-9620-5998c6999257: shutdown FollowerState
2019-10-18 14:02:14,802 [Thread-2719] INFO  impl.RaftServerImpl (RaftServerImpl.java:setRole(184)) - 92ce6e48-4722-407a-9620-5998c6999257@group-E964BE911FCC: changes role from  FOLLOWER to CANDIDATE at term 410 for changeToCandidate
2019-10-18 14:02:14,802 [Thread-2719] INFO  impl.RoleInfo (RoleInfo.java:updateAndGet(143)) - 92ce6e48-4722-407a-9620-5998c6999257: start LeaderElection
2019-10-18 14:02:14,818 [92ce6e48-4722-407a-9620-5998c6999257@group-E964BE911FCC-LeaderElection371] INFO  impl.LeaderElection (LeaderElection.java:askForVotes(178)) - 92ce6e48-4722-407a-9620-5998c6999257@group-E964BE911FCC-LeaderElection371: begin an election at term 411 for -1: [6cbfae60-ea29-4abc-a49d-ef94f4bd513a:192.168.69.85:36685, 66f9d00c-1e97-4252-958c-bed5a531abda:192.168.69.85:45996, 92ce6e48-4722-407a-9620-5998c6999257:192.168.69.85:34971], old=null
2019-10-18 14:02:14,819 [grpc-default-executor-1] INFO  impl.RaftServerImpl (RaftServerImpl.java:setRole(184)) - 6cbfae60-ea29-4abc-a49d-ef94f4bd513a@group-E964BE911FCC: changes role from  FOLLOWER to FOLLOWER at term 411 for recognizeCandidate:92ce6e48-4722-407a-9620-5998c6999257
2019-10-18 14:02:14,819 [grpc-default-executor-1] INFO  impl.RoleInfo (RoleInfo.java:shutdownFollowerState(121)) - 6cbfae60-ea29-4abc-a49d-ef94f4bd513a: shutdown FollowerState
2019-10-18 14:02:14,819 [grpc-default-executor-1] INFO  impl.RoleInfo (RoleInfo.java:updateAndGet(143)) - 6cbfae60-ea29-4abc-a49d-ef94f4bd513a: start FollowerState
2019-10-18 14:02:14,819 [Thread-2717] INFO  impl.FollowerState (FollowerState.java:run(117)) - 6cbfae60-ea29-4abc-a49d-ef94f4bd513a@group-E964BE911FCC-FollowerState was interrupted: java.lang.InterruptedException: sleep interrupted
2019-10-18 14:02:14,819 [grpc-default-executor-0] INFO  impl.RaftServerImpl (RaftServerImpl.java:setRole(184)) - 66f9d00c-1e97-4252-958c-bed5a531abda@group-E964BE911FCC: changes role from  FOLLOWER to FOLLOWER at term 411 for recognizeCandidate:92ce6e48-4722-407a-9620-5998c6999257
2019-10-18 14:02:14,820 [grpc-default-executor-0] INFO  impl.RoleInfo (RoleInfo.java:shutdownFollowerState(121)) - 66f9d00c-1e97-4252-958c-bed5a531abda: shutdown FollowerState
2019-10-18 14:02:14,820 [grpc-default-executor-0] INFO  impl.RoleInfo (RoleInfo.java:updateAndGet(143)) - 66f9d00c-1e97-4252-958c-bed5a531abda: start FollowerState
2019-10-18 14:02:14,820 [Thread-2718] INFO  impl.FollowerState (FollowerState.java:run(117)) - 66f9d00c-1e97-4252-958c-bed5a531abda@group-E964BE911FCC-FollowerState was interrupted: java.lang.InterruptedException: sleep interrupted
2019-10-18 14:02:14,844 [92ce6e48-4722-407a-9620-5998c6999257@group-E964BE911FCC-LeaderElection371] INFO  impl.LeaderElection (LeaderElection.java:logAndReturn(56)) - 92ce6e48-4722-407a-9620-5998c6999257@group-E964BE911FCC-LeaderElection371: Election REJECTED; received 2 response(s) [92ce6e48-4722-407a-9620-5998c6999257<-6cbfae60-ea29-4abc-a49d-ef94f4bd513a#0:FAIL-t411, 92ce6e48-4722-407a-9620-5998c6999257<-66f9d00c-1e97-4252-958c-bed5a531abda#0:FAIL-t411] and 0 exception(s); 92ce6e48-4722-407a-9620-5998c6999257@group-E964BE911FCC:t411, leader=null, voted=92ce6e48-4722-407a-9620-5998c6999257, raftlog=92ce6e48-4722-407a-9620-5998c6999257@group-E964BE911FCC-SegmentedRaftLog:OPENED:c-1,f-1,i0, conf=-1: [6cbfae60-ea29-4abc-a49d-ef94f4bd513a:192.168.69.85:36685, 66f9d00c-1e97-4252-958c-bed5a531abda:192.168.69.85:45996, 92ce6e48-4722-407a-9620-5998c6999257:192.168.69.85:34971], old=null
2019-10-18 14:02:14,845 [92ce6e48-4722-407a-9620-5998c6999257@group-E964BE911FCC-LeaderElection371] INFO  impl.RaftServerImpl (RaftServerImpl.java:setRole(184)) - 92ce6e48-4722-407a-9620-5998c6999257@group-E964BE911FCC: changes role from CANDIDATE to FOLLOWER at term 411 for DISCOVERED_A_NEW_TERM
2019-10-18 14:02:14,845 [92ce6e48-4722-407a-9620-5998c6999257@group-E964BE911FCC-LeaderElection371] INFO  impl.RoleInfo (RoleInfo.java:shutdownLeaderElection(134)) - 92ce6e48-4722-407a-9620-5998c6999257: shutdown LeaderElection
2019-10-18 14:02:14,845 [92ce6e48-4722-407a-9620-5998c6999257@group-E964BE911FCC-LeaderElection371] INFO  impl.RoleInfo (RoleInfo.java:updateAndGet(143)) - 92ce6e48-4722-407a-9620-5998c6999257: start FollowerState
2019-10-18 14:02:14,929 [Thread-2725] INFO  impl.FollowerState (FollowerState.java:run(108)) - 92ce6e48-4722-407a-9620-5998c6999257@group-E964BE911FCC-FollowerState: change to CANDIDATE, lastRpcTime:84ms, electionTimeout:84ms
2019-10-18 14:02:14,929 [Thread-2725] INFO  impl.RoleInfo (RoleInfo.java:shutdownFollowerState(121)) - 92ce6e48-4722-407a-9620-5998c6999257: shutdown FollowerState
2019-10-18 14:02:14,930 [Thread-2725] INFO  impl.RaftServerImpl (RaftServerImpl.java:setRole(184)) - 92ce6e48-4722-407a-9620-5998c6999257@group-E964BE911FCC: changes role from  FOLLOWER to CANDIDATE at term 411 for changeToCandidate
2019-10-18 14:02:14,930 [Thread-2725] INFO  impl.RoleInfo (RoleInfo.java:updateAndGet(143)) - 92ce6e48-4722-407a-9620-5998c6999257: start LeaderElection
2019-10-18 14:02:14,942 [92ce6e48-4722-407a-9620-5998c6999257@group-E964BE911FCC-LeaderElection372] INFO  impl.LeaderElection (LeaderElection.java:askForVotes(178)) - 92ce6e48-4722-407a-9620-5998c6999257@group-E964BE911FCC-LeaderElection372: begin an election at term 412 for -1: [6cbfae60-ea29-4abc-a49d-ef94f4bd513a:192.168.69.85:36685, 66f9d00c-1e97-4252-958c-bed5a531abda:192.168.69.85:45996, 92ce6e48-4722-407a-9620-5998c6999257:192.168.69.85:34971], old=null
2019-10-18 14:02:14,944 [grpc-default-executor-1] INFO  impl.RaftServerImpl (RaftServerImpl.java:setRole(184)) - 6cbfae60-ea29-4abc-a49d-ef94f4bd513a@group-E964BE911FCC: changes role from  FOLLOWER to FOLLOWER at term 412 for recognizeCandidate:92ce6e48-4722-407a-9620-5998c6999257
2019-10-18 14:02:14,944 [grpc-default-executor-1] INFO  impl.RoleInfo (RoleInfo.java:shutdownFollowerState(121)) - 6cbfae60-ea29-4abc-a49d-ef94f4bd513a: shutdown FollowerState
2019-10-18 14:02:14,944 [grpc-default-executor-0] INFO  impl.RaftServerImpl (RaftServerImpl.java:setRole(184)) - 66f9d00c-1e97-4252-958c-bed5a531abda@group-E964BE911FCC: changes role from  FOLLOWER to FOLLOWER at term 412 for recognizeCandidate:92ce6e48-4722-407a-9620-5998c6999257
2019-10-18 14:02:14,944 [Thread-2723] INFO  impl.FollowerState (FollowerState.java:run(117)) - 6cbfae60-ea29-4abc-a49d-ef94f4bd513a@group-E964BE911FCC-FollowerState was interrupted: java.lang.InterruptedException: sleep interrupted
2019-10-18 14:02:14,944 [grpc-default-executor-1] INFO  impl.RoleInfo (RoleInfo.java:updateAndGet(143)) - 6cbfae60-ea29-4abc-a49d-ef94f4bd513a: start FollowerState
2019-10-18 14:02:14,945 [grpc-default-executor-0] INFO  impl.RoleInfo (RoleInfo.java:shutdownFollowerState(121)) - 66f9d00c-1e97-4252-958c-bed5a531abda: shutdown FollowerState
2019-10-18 14:02:14,945 [grpc-default-executor-0] INFO  impl.RoleInfo (RoleInfo.java:updateAndGet(143)) - 66f9d00c-1e97-4252-958c-bed5a531abda: start FollowerState
2019-10-18 14:02:14,945 [Thread-2724] INFO  impl.FollowerState (FollowerState.java:run(117)) - 66f9d00c-1e97-4252-958c-bed5a531abda@group-E964BE911FCC-FollowerState was interrupted: java.lang.InterruptedException: sleep interrupted
2019-10-18 14:02:14,971 [92ce6e48-4722-407a-9620-5998c6999257@group-E964BE911FCC-LeaderElection372] INFO  impl.LeaderElection (LeaderElection.java:logAndReturn(56)) - 92ce6e48-4722-407a-9620-5998c6999257@group-E964BE911FCC-LeaderElection372: Election REJECTED; received 2 response(s) [92ce6e48-4722-407a-9620-5998c6999257<-6cbfae60-ea29-4abc-a49d-ef94f4bd513a#0:FAIL-t412, 92ce6e48-4722-407a-9620-5998c6999257<-66f9d00c-1e97-4252-958c-bed5a531abda#0:FAIL-t412] and 0 exception(s); 92ce6e48-4722-407a-9620-5998c6999257@group-E964BE911FCC:t412, leader=null, voted=92ce6e48-4722-407a-9620-5998c6999257, raftlog=92ce6e48-4722-407a-9620-5998c6999257@group-E964BE911FCC-SegmentedRaftLog:OPENED:c-1,f-1,i0, conf=-1: [6cbfae60-ea29-4abc-a49d-ef94f4bd513a:192.168.69.85:36685, 66f9d00c-1e97-4252-958c-bed5a531abda:192.168.69.85:45996, 92ce6e48-4722-407a-9620-5998c6999257:192.168.69.85:34971], old=null
2019-10-18 14:02:14,971 [92ce6e48-4722-407a-9620-5998c6999257@group-E964BE911FCC-LeaderElection372] INFO  impl.RaftServerImpl (RaftServerImpl.java:setRole(184)) - 92ce6e48-4722-407a-9620-5998c6999257@group-E964BE911FCC: changes role from CANDIDATE to FOLLOWER at term 412 for DISCOVERED_A_NEW_TERM
2019-10-18 14:02:14,971 [92ce6e48-4722-407a-9620-5998c6999257@group-E964BE911FCC-LeaderElection372] INFO  impl.RoleInfo (RoleInfo.java:shutdownLeaderElection(134)) - 92ce6e48-4722-407a-9620-5998c6999257: shutdown LeaderElection
2019-10-18 14:02:14,971 [92ce6e48-4722-407a-9620-5998c6999257@group-E964BE911FCC-LeaderElection372] INFO  impl.RoleInfo (RoleInfo.java:updateAndGet(143)) - 92ce6e48-4722-407a-9620-5998c6999257: start FollowerState
2019-10-18 14:02:15,015 [Thread-2731] INFO  impl.FollowerState (FollowerState.java:run(108)) - 92ce6e48-4722-407a-9620-5998c6999257@group-E964BE911FCC-FollowerState: change to CANDIDATE, lastRpcTime:43ms, electionTimeout:43ms
2019-10-18 14:02:15,015 [Thread-2731] INFO  impl.RoleInfo (RoleInfo.java:shutdownFollowerState(121)) - 92ce6e48-4722-407a-9620-5998c6999257: shutdown FollowerState
2019-10-18 14:02:15,015 [Thread-2731] INFO  impl.RaftServerImpl (RaftServerImpl.java:setRole(184)) - 92ce6e48-4722-407a-9620-5998c6999257@group-E964BE911FCC: changes role from  FOLLOWER to CANDIDATE at term 412 for changeToCandidate
2019-10-18 14:02:15,015 [Thread-2731] INFO  impl.RoleInfo (RoleInfo.java:updateAndGet(143)) - 92ce6e48-4722-407a-9620-5998c6999257: start LeaderElection
2019-10-18 14:02:15,029 [92ce6e48-4722-407a-9620-5998c6999257@group-E964BE911FCC-LeaderElection373] INFO  impl.LeaderElection (LeaderElection.java:askForVotes(178)) - 92ce6e48-4722-407a-9620-5998c6999257@group-E964BE911FCC-LeaderElection373: begin an election at term 413 for -1: [6cbfae60-ea29-4abc-a49d-ef94f4bd513a:192.168.69.85:36685, 66f9d00c-1e97-4252-958c-bed5a531abda:192.168.69.85:45996, 92ce6e48-4722-407a-9620-5998c6999257:192.168.69.85:34971], old=null
2019-10-18 14:02:15,031 [grpc-default-executor-0] INFO  impl.RaftServerImpl (RaftServerImpl.java:setRole(184)) - 6cbfae60-ea29-4abc-a49d-ef94f4bd513a@group-E964BE911FCC: changes role from  FOLLOWER to FOLLOWER at term 413 for recognizeCandidate:92ce6e48-4722-407a-9620-5998c6999257
2019-10-18 14:02:15,031 [grpc-default-executor-0] INFO  impl.RoleInfo (RoleInfo.java:shutdownFollowerState(121)) - 6cbfae60-ea29-4abc-a49d-ef94f4bd513a: shutdown FollowerState
2019-10-18 14:02:15,031 [grpc-default-executor-0] INFO  impl.RoleInfo (RoleInfo.java:updateAndGet(143)) - 6cbfae60-ea29-4abc-a49d-ef94f4bd513a: start FollowerState
2019-10-18 14:02:15,031 [Thread-2729] INFO  impl.FollowerState (FollowerState.java:run(117)) - 6cbfae60-ea29-4abc-a49d-ef94f4bd513a@group-E964BE911FCC-FollowerState was interrupted: java.lang.InterruptedException: sleep interrupted
2019-10-18 14:02:15,031 [grpc-default-executor-1] INFO  impl.RaftServerImpl (RaftServerImpl.java:setRole(184)) - 66f9d00c-1e97-4252-958c-bed5a531abda@group-E964BE911FCC: changes role from  FOLLOWER to FOLLOWER at term 413 for recognizeCandidate:92ce6e48-4722-407a-9620-5998c6999257
2019-10-18 14:02:15,031 [grpc-default-executor-1] INFO  impl.RoleInfo (RoleInfo.java:shutdownFollowerState(121)) - 66f9d00c-1e97-4252-958c-bed5a531abda: shutdown FollowerState
2019-10-18 14:02:15,032 [grpc-default-executor-1] INFO  impl.RoleInfo (RoleInfo.java:updateAndGet(143)) - 66f9d00c-1e97-4252-958c-bed5a531abda: start FollowerState
2019-10-18 14:02:15,032 [Thread-2730] INFO  impl.FollowerState (FollowerState.java:run(117)) - 66f9d00c-1e97-4252-958c-bed5a531abda@group-E964BE911FCC-FollowerState was interrupted: java.lang.InterruptedException: sleep interrupted
2019-10-18 14:02:15,046 [92ce6e48-4722-407a-9620-5998c6999257@group-E964BE911FCC-LeaderElection373] INFO  impl.LeaderElection (LeaderElection.java:logAndReturn(56)) - 92ce6e48-4722-407a-9620-5998c6999257@group-E964BE911FCC-LeaderElection373: Election REJECTED; received 2 response(s) [92ce6e48-4722-407a-9620-5998c6999257<-6cbfae60-ea29-4abc-a49d-ef94f4bd513a#0:FAIL-t413, 92ce6e48-4722-407a-9620-5998c6999257<-66f9d00c-1e97-4252-958c-bed5a531abda#0:FAIL-t413] and 0 exception(s); 92ce6e48-4722-407a-9620-5998c6999257@group-E964BE911FCC:t413, leader=null, voted=92ce6e48-4722-407a-9620-5998c6999257, raftlog=92ce6e48-4722-407a-9620-5998c6999257@group-E964BE911FCC-SegmentedRaftLog:OPENED:c-1,f-1,i0, conf=-1: [6cbfae60-ea29-4abc-a49d-ef94f4bd513a:192.168.69.85:36685, 66f9d00c-1e97-4252-958c-bed5a531abda:192.168.69.85:45996, 92ce6e48-4722-407a-9620-5998c6999257:192.168.69.85:34971], old=null
2019-10-18 14:02:15,046 [92ce6e48-4722-407a-9620-5998c6999257@group-E964BE911FCC-LeaderElection373] INFO  impl.RaftServerImpl (RaftServerImpl.java:setRole(184)) - 92ce6e48-4722-407a-9620-5998c6999257@group-E964BE911FCC: changes role from CANDIDATE to FOLLOWER at term 413 for DISCOVERED_A_NEW_TERM
2019-10-18 14:02:15,046 [92ce6e48-4722-407a-9620-5998c6999257@group-E964BE911FCC-LeaderElection373] INFO  impl.RoleInfo (RoleInfo.java:shutdownLeaderElection(134)) - 92ce6e48-4722-407a-9620-5998c6999257: shutdown LeaderElection
2019-10-18 14:02:15,046 [92ce6e48-4722-407a-9620-5998c6999257@group-E964BE911FCC-LeaderElection373] INFO  impl.RoleInfo (RoleInfo.java:updateAndGet(143)) - 92ce6e48-4722-407a-9620-5998c6999257: start FollowerState
2019-10-18 14:02:15,118 [Thread-2737] INFO  impl.FollowerState (FollowerState.java:run(108)) - 92ce6e48-4722-407a-9620-5998c6999257@group-E964BE911FCC-FollowerState: change to CANDIDATE, lastRpcTime:72ms, electionTimeout:72ms
2019-10-18 14:02:15,118 [Thread-2737] INFO  impl.RoleInfo (RoleInfo.java:shutdownFollowerState(121)) - 92ce6e48-4722-407a-9620-5998c6999257: shutdown FollowerState
2019-10-18 14:02:15,119 [Thread-2737] INFO  impl.RaftServerImpl (RaftServerImpl.java:setRole(184)) - 92ce6e48-4722-407a-9620-5998c6999257@group-E964BE911FCC: changes role from  FOLLOWER to CANDIDATE at term 413 for changeToCandidate
2019-10-18 14:02:15,119 [Thread-2737] INFO  impl.RoleInfo (RoleInfo.java:updateAndGet(143)) - 92ce6e48-4722-407a-9620-5998c6999257: start LeaderElection
2019-10-18 14:02:15,132 [92ce6e48-4722-407a-9620-5998c6999257@group-E964BE911FCC-LeaderElection374] INFO  impl.LeaderElection (LeaderElection.java:askForVotes(178)) - 92ce6e48-4722-407a-9620-5998c6999257@group-E964BE911FCC-LeaderElection374: begin an election at term 414 for -1: [6cbfae60-ea29-4abc-a49d-ef94f4bd513a:192.168.69.85:36685, 66f9d00c-1e97-4252-958c-bed5a531abda:192.168.69.85:45996, 92ce6e48-4722-407a-9620-5998c6999257:192.168.69.85:34971], old=null
2019-10-18 14:02:15,134 [grpc-default-executor-1] INFO  impl.RaftServerImpl (RaftServerImpl.java:setRole(184)) - 6cbfae60-ea29-4abc-a49d-ef94f4bd513a@group-E964BE911FCC: changes role from  FOLLOWER to FOLLOWER at term 414 for recognizeCandidate:92ce6e48-4722-407a-9620-5998c6999257
2019-10-18 14:02:15,134 [grpc-default-executor-1] INFO  impl.RoleInfo (RoleInfo.java:shutdownFollowerState(121)) - 6cbfae60-ea29-4abc-a49d-ef94f4bd513a: shutdown FollowerState
2019-10-18 14:02:15,134 [grpc-default-executor-0] INFO  impl.RaftServerImpl (RaftServerImpl.java:setRole(184)) - 66f9d00c-1e97-4252-958c-bed5a531abda@group-E964BE911FCC: changes role from  FOLLOWER to FOLLOWER at term 414 for recognizeCandidate:92ce6e48-4722-407a-9620-5998c6999257
2019-10-18 14:02:15,134 [Thread-2735] INFO  impl.FollowerState (FollowerState.java:run(117)) - 6cbfae60-ea29-4abc-a49d-ef94f4bd513a@group-E964BE911FCC-FollowerState was interrupted: java.lang.InterruptedException: sleep interrupted
2019-10-18 14:02:15,134 [grpc-default-executor-1] INFO  impl.RoleInfo (RoleInfo.java:updateAndGet(143)) - 6cbfae60-ea29-4abc-a49d-ef94f4bd513a: start FollowerState
2019-10-18 14:02:15,134 [grpc-default-executor-0] INFO  impl.RoleInfo (RoleInfo.java:shutdownFollowerState(121)) - 66f9d00c-1e97-4252-958c-bed5a531abda: shutdown FollowerState
2019-10-18 14:02:15,134 [grpc-default-executor-0] INFO  impl.RoleInfo (RoleInfo.java:updateAndGet(143)) - 66f9d00c-1e97-4252-958c-bed5a531abda: start FollowerState
2019-10-18 14:02:15,134 [Thread-2736] INFO  impl.FollowerState (FollowerState.java:run(117)) - 66f9d00c-1e97-4252-958c-bed5a531abda@group-E964BE911FCC-FollowerState was interrupted: java.lang.InterruptedException: sleep interrupted
2019-10-18 14:02:15,149 [92ce6e48-4722-407a-9620-5998c6999257@group-E964BE911FCC-LeaderElection374] INFO  impl.LeaderElection (LeaderElection.java:logAndReturn(56)) - 92ce6e48-4722-407a-9620-5998c6999257@group-E964BE911FCC-LeaderElection374: Election REJECTED; received 2 response(s) [92ce6e48-4722-407a-9620-5998c6999257<-6cbfae60-ea29-4abc-a49d-ef94f4bd513a#0:FAIL-t414, 92ce6e48-4722-407a-9620-5998c6999257<-66f9d00c-1e97-4252-958c-bed5a531abda#0:FAIL-t414] and 0 exception(s); 92ce6e48-4722-407a-9620-5998c6999257@group-E964BE911FCC:t414, leader=null, voted=92ce6e48-4722-407a-9620-5998c6999257, raftlog=92ce6e48-4722-407a-9620-5998c6999257@group-E964BE911FCC-SegmentedRaftLog:OPENED:c-1,f-1,i0, conf=-1: [6cbfae60-ea29-4abc-a49d-ef94f4bd513a:192.168.69.85:36685, 66f9d00c-1e97-4252-958c-bed5a531abda:192.168.69.85:45996, 92ce6e48-4722-407a-9620-5998c6999257:192.168.69.85:34971], old=null
2019-10-18 14:02:15,149 [92ce6e48-4722-407a-9620-5998c6999257@group-E964BE911FCC-LeaderElection374] INFO  impl.RaftServerImpl (RaftServerImpl.java:setRole(184)) - 92ce6e48-4722-407a-9620-5998c6999257@group-E964BE911FCC: changes role from CANDIDATE to FOLLOWER at term 414 for DISCOVERED_A_NEW_TERM
2019-10-18 14:02:15,149 [92ce6e48-4722-407a-9620-5998c6999257@group-E964BE911FCC-LeaderElection374] INFO  impl.RoleInfo (RoleInfo.java:shutdownLeaderElection(134)) - 92ce6e48-4722-407a-9620-5998c6999257: shutdown LeaderElection
2019-10-18 14:02:15,149 [92ce6e48-4722-407a-9620-5998c6999257@group-E964BE911FCC-LeaderElection374] INFO  impl.RoleInfo (RoleInfo.java:updateAndGet(143)) - 92ce6e48-4722-407a-9620-5998c6999257: start FollowerState
2019-10-18 14:02:15,160 [Thread-2743] INFO  impl.FollowerState (FollowerState.java:run(108)) - 92ce6e48-4722-407a-9620-5998c6999257@group-E964BE911FCC-FollowerState: change to CANDIDATE, lastRpcTime:10ms, electionTimeout:10ms
2019-10-18 14:02:15,160 [Thread-2743] INFO  impl.RoleInfo (RoleInfo.java:shutdownFollowerState(121)) - 92ce6e48-4722-407a-9620-5998c6999257: shutdown FollowerState
2019-10-18 14:02:15,160 [Thread-2743] INFO  impl.RaftServerImpl (RaftServerImpl.java:setRole(184)) - 92ce6e48-4722-407a-9620-5998c6999257@group-E964BE911FCC: changes role from  FOLLOWER to CANDIDATE at term 414 for changeToCandidate
2019-10-18 14:02:15,160 [Thread-2743] INFO  impl.RoleInfo (RoleInfo.java:updateAndGet(143)) - 92ce6e48-4722-407a-9620-5998c6999257: start LeaderElection
2019-10-18 14:02:15,172 [92ce6e48-4722-407a-9620-5998c6999257@group-E964BE911FCC-LeaderElection375] INFO  impl.LeaderElection (LeaderElection.java:askForVotes(178)) - 92ce6e48-4722-407a-9620-5998c6999257@group-E964BE911FCC-LeaderElection375: begin an election at term 415 for -1: [6cbfae60-ea29-4abc-a49d-ef94f4bd513a:192.168.69.85:36685, 66f9d00c-1e97-4252-958c-bed5a531abda:192.168.69.85:45996, 92ce6e48-4722-407a-9620-5998c6999257:192.168.69.85:34971], old=null
2019-10-18 14:02:15,174 [grpc-default-executor-0] INFO  impl.RaftServerImpl (RaftServerImpl.java:setRole(184)) - 6cbfae60-ea29-4abc-a49d-ef94f4bd513a@group-E964BE911FCC: changes role from  FOLLOWER to FOLLOWER at term 415 for recognizeCandidate:92ce6e48-4722-407a-9620-5998c6999257
2019-10-18 14:02:15,174 [grpc-default-executor-0] INFO  impl.RoleInfo (RoleInfo.java:shutdownFollowerState(121)) - 6cbfae60-ea29-4abc-a49d-ef94f4bd513a: shutdown FollowerState
2019-10-18 14:02:15,174 [grpc-default-executor-0] INFO  impl.RoleInfo (RoleInfo.java:updateAndGet(143)) - 6cbfae60-ea29-4abc-a49d-ef94f4bd513a: start FollowerState
2019-10-18 14:02:15,174 [Thread-2741] INFO  impl.FollowerState (FollowerState.java:run(117)) - 6cbfae60-ea29-4abc-a49d-ef94f4bd513a@group-E964BE911FCC-FollowerState was interrupted: java.lang.InterruptedException: sleep interrupted
2019-10-18 14:02:15,174 [grpc-default-executor-1] INFO  impl.RaftServerImpl (RaftServerImpl.java:setRole(184)) - 66f9d00c-1e97-4252-958c-bed5a531abda@group-E964BE911FCC: changes role from  FOLLOWER to FOLLOWER at term 415 for recognizeCandidate:92ce6e48-4722-407a-9620-5998c6999257
2019-10-18 14:02:15,174 [grpc-default-executor-1] INFO  impl.RoleInfo (RoleInfo.java:shutdownFollowerState(121)) - 66f9d00c-1e97-4252-958c-bed5a531abda: shutdown FollowerState
2019-10-18 14:02:15,174 [Thread-2742] INFO  impl.FollowerState (FollowerState.java:run(117)) - 66f9d00c-1e97-4252-958c-bed5a531abda@group-E964BE911FCC-FollowerState was interrupted: java.lang.InterruptedException: sleep interrupted
2019-10-18 14:02:15,174 [grpc-default-executor-1] INFO  impl.RoleInfo (RoleInfo.java:updateAndGet(143)) - 66f9d00c-1e97-4252-958c-bed5a531abda: start FollowerState
2019-10-18 14:02:15,187 [92ce6e48-4722-407a-9620-5998c6999257@group-E964BE911FCC-LeaderElection375] INFO  impl.LeaderElection (LeaderElection.java:logAndReturn(56)) - 92ce6e48-4722-407a-9620-5998c6999257@group-E964BE911FCC-LeaderElection375: Election REJECTED; received 2 response(s) [92ce6e48-4722-407a-9620-5998c6999257<-6cbfae60-ea29-4abc-a49d-ef94f4bd513a#0:FAIL-t415, 92ce6e48-4722-407a-9620-5998c6999257<-66f9d00c-1e97-4252-958c-bed5a531abda#0:FAIL-t415] and 0 exception(s); 92ce6e48-4722-407a-9620-5998c6999257@group-E964BE911FCC:t415, leader=null, voted=92ce6e48-4722-407a-9620-5998c6999257, raftlog=92ce6e48-4722-407a-9620-5998c6999257@group-E964BE911FCC-SegmentedRaftLog:OPENED:c-1,f-1,i0, conf=-1: [6cbfae60-ea29-4abc-a49d-ef94f4bd513a:192.168.69.85:36685, 66f9d00c-1e97-4252-958c-bed5a531abda:192.168.69.85:45996, 92ce6e48-4722-407a-9620-5998c6999257:192.168.69.85:34971], old=null
2019-10-18 14:02:15,187 [92ce6e48-4722-407a-9620-5998c6999257@group-E964BE911FCC-LeaderElection375] INFO  impl.RaftServerImpl (RaftServerImpl.java:setRole(184)) - 92ce6e48-4722-407a-9620-5998c6999257@group-E964BE911FCC: changes role from CANDIDATE to FOLLOWER at term 415 for DISCOVERED_A_NEW_TERM
2019-10-18 14:02:15,187 [92ce6e48-4722-407a-9620-5998c6999257@group-E964BE911FCC-LeaderElection375] INFO  impl.RoleInfo (RoleInfo.java:shutdownLeaderElection(134)) - 92ce6e48-4722-407a-9620-5998c6999257: shutdown LeaderElection
2019-10-18 14:02:15,188 [92ce6e48-4722-407a-9620-5998c6999257@group-E964BE911FCC-LeaderElection375] INFO  impl.RoleInfo (RoleInfo.java:updateAndGet(143)) - 92ce6e48-4722-407a-9620-5998c6999257: start FollowerState
2019-10-18 14:02:15,376 [Thread-2749] INFO  impl.FollowerState (FollowerState.java:run(108)) - 92ce6e48-4722-407a-9620-5998c6999257@group-E964BE911FCC-FollowerState: change to CANDIDATE, lastRpcTime:188ms, electionTimeout:188ms
2019-10-18 14:02:15,376 [Thread-2749] INFO  impl.RoleInfo (RoleInfo.java:shutdownFollowerState(121)) - 92ce6e48-4722-407a-9620-5998c6999257: shutdown FollowerState
2019-10-18 14:02:15,376 [Thread-2749] INFO  impl.RaftServerImpl (RaftServerImpl.java:setRole(184)) - 92ce6e48-4722-407a-9620-5998c6999257@group-E964BE911FCC: changes role from  FOLLOWER to CANDIDATE at term 415 for changeToCandidate
2019-10-18 14:02:15,376 [Thread-2749] INFO  impl.RoleInfo (RoleInfo.java:updateAndGet(143)) - 92ce6e48-4722-407a-9620-5998c6999257: start LeaderElection
2019-10-18 14:02:15,398 [92ce6e48-4722-407a-9620-5998c6999257@group-E964BE911FCC-LeaderElection376] INFO  impl.LeaderElection (LeaderElection.java:askForVotes(178)) - 92ce6e48-4722-407a-9620-5998c6999257@group-E964BE911FCC-LeaderElection376: begin an election at term 416 for -1: [6cbfae60-ea29-4abc-a49d-ef94f4bd513a:192.168.69.85:36685, 66f9d00c-1e97-4252-958c-bed5a531abda:192.168.69.85:45996, 92ce6e48-4722-407a-9620-5998c6999257:192.168.69.85:34971], old=null
2019-10-18 14:02:15,400 [grpc-default-executor-1] INFO  impl.RaftServerImpl (RaftServerImpl.java:setRole(184)) - 66f9d00c-1e97-4252-958c-bed5a531abda@group-E964BE911FCC: changes role from  FOLLOWER to FOLLOWER at term 416 for recognizeCandidate:92ce6e48-4722-407a-9620-5998c6999257
2019-10-18 14:02:15,400 [grpc-default-executor-1] INFO  impl.RoleInfo (RoleInfo.java:shutdownFollowerState(121)) - 66f9d00c-1e97-4252-958c-bed5a531abda: shutdown FollowerState
2019-10-18 14:02:15,400 [grpc-default-executor-0] INFO  impl.RaftServerImpl (RaftServerImpl.java:setRole(184)) - 6cbfae60-ea29-4abc-a49d-ef94f4bd513a@group-E964BE911FCC: changes role from  FOLLOWER to FOLLOWER at term 416 for recognizeCandidate:92ce6e48-4722-407a-9620-5998c6999257
2019-10-18 14:02:15,400 [grpc-default-executor-1] INFO  impl.RoleInfo (RoleInfo.java:updateAndGet(143)) - 66f9d00c-1e97-4252-958c-bed5a531abda: start FollowerState
2019-10-18 14:02:15,400 [Thread-2748] INFO  impl.FollowerState (FollowerState.java:run(117)) - 66f9d00c-1e97-4252-958c-bed5a531abda@group-E964BE911FCC-FollowerState was interrupted: java.lang.InterruptedException: sleep interrupted
2019-10-18 14:02:15,400 [grpc-default-executor-0] INFO  impl.RoleInfo (RoleInfo.java:shutdownFollowerState(121)) - 6cbfae60-ea29-4abc-a49d-ef94f4bd513a: shutdown FollowerState
2019-10-18 14:02:15,400 [grpc-default-executor-0] INFO  impl.RoleInfo (RoleInfo.java:updateAndGet(143)) - 6cbfae60-ea29-4abc-a49d-ef94f4bd513a: start FollowerState
2019-10-18 14:02:15,400 [Thread-2747] INFO  impl.FollowerState (FollowerState.java:run(117)) - 6cbfae60-ea29-4abc-a49d-ef94f4bd513a@group-E964BE911FCC-FollowerState was interrupted: java.lang.InterruptedException: sleep interrupted
2019-10-18 14:02:15,426 [92ce6e48-4722-407a-9620-5998c6999257@group-E964BE911FCC-LeaderElection376] INFO  impl.LeaderElection (LeaderElection.java:logAndReturn(56)) - 92ce6e48-4722-407a-9620-5998c6999257@group-E964BE911FCC-LeaderElection376: Election REJECTED; received 2 response(s) [92ce6e48-4722-407a-9620-5998c6999257<-6cbfae60-ea29-4abc-a49d-ef94f4bd513a#0:FAIL-t416, 92ce6e48-4722-407a-9620-5998c6999257<-66f9d00c-1e97-4252-958c-bed5a531abda#0:FAIL-t416] and 0 exception(s); 92ce6e48-4722-407a-9620-5998c6999257@group-E964BE911FCC:t416, leader=null, voted=92ce6e48-4722-407a-9620-5998c6999257, raftlog=92ce6e48-4722-407a-9620-5998c6999257@group-E964BE911FCC-SegmentedRaftLog:OPENED:c-1,f-1,i0, conf=-1: [6cbfae60-ea29-4abc-a49d-ef94f4bd513a:192.168.69.85:36685, 66f9d00c-1e97-4252-958c-bed5a531abda:192.168.69.85:45996, 92ce6e48-4722-407a-9620-5998c6999257:192.168.69.85:34971], old=null
2019-10-18 14:02:15,426 [92ce6e48-4722-407a-9620-5998c6999257@group-E964BE911FCC-LeaderElection376] INFO  impl.RaftServerImpl (RaftServerImpl.java:setRole(184)) - 92ce6e48-4722-407a-9620-5998c6999257@group-E964BE911FCC: changes role from CANDIDATE to FOLLOWER at term 416 for DISCOVERED_A_NEW_TERM
2019-10-18 14:02:15,426 [92ce6e48-4722-407a-9620-5998c6999257@group-E964BE911FCC-LeaderElection376] INFO  impl.RoleInfo (RoleInfo.java:shutdownLeaderElection(134)) - 92ce6e48-4722-407a-9620-5998c6999257: shutdown LeaderElection
2019-10-18 14:02:15,426 [92ce6e48-4722-407a-9620-5998c6999257@group-E964BE911FCC-LeaderElection376] INFO  impl.RoleInfo (RoleInfo.java:updateAndGet(143)) - 92ce6e48-4722-407a-9620-5998c6999257: start FollowerState
2019-10-18 14:02:15,616 [Thread-2755] INFO  impl.FollowerState (FollowerState.java:run(108)) - 92ce6e48-4722-407a-9620-5998c6999257@group-E964BE911FCC-FollowerState: change to CANDIDATE, lastRpcTime:189ms, electionTimeout:189ms
2019-10-18 14:02:15,616 [Thread-2755] INFO  impl.RoleInfo (RoleInfo.java:shutdownFollowerState(121)) - 92ce6e48-4722-407a-9620-5998c6999257: shutdown FollowerState
2019-10-18 14:02:15,616 [Thread-2755] INFO  impl.RaftServerImpl (RaftServerImpl.java:setRole(184)) - 92ce6e48-4722-407a-9620-5998c6999257@group-E964BE911FCC: changes role from  FOLLOWER to CANDIDATE at term 416 for changeToCandidate
2019-10-18 14:02:15,616 [Thread-2755] INFO  impl.RoleInfo (RoleInfo.java:updateAndGet(143)) - 92ce6e48-4722-407a-9620-5998c6999257: start LeaderElection
2019-10-18 14:02:15,630 [92ce6e48-4722-407a-9620-5998c6999257@group-E964BE911FCC-LeaderElection377] INFO  impl.LeaderElection (LeaderElection.java:askForVotes(178)) - 92ce6e48-4722-407a-9620-5998c6999257@group-E964BE911FCC-LeaderElection377: begin an election at term 417 for -1: [6cbfae60-ea29-4abc-a49d-ef94f4bd513a:192.168.69.85:36685, 66f9d00c-1e97-4252-958c-bed5a531abda:192.168.69.85:45996, 92ce6e48-4722-407a-9620-5998c6999257:192.168.69.85:34971], old=null
2019-10-18 14:02:15,633 [grpc-default-executor-1] INFO  impl.RaftServerImpl (RaftServerImpl.java:setRole(184)) - 6cbfae60-ea29-4abc-a49d-ef94f4bd513a@group-E964BE911FCC: changes role from  FOLLOWER to FOLLOWER at term 417 for recognizeCandidate:92ce6e48-4722-407a-9620-5998c6999257
2019-10-18 14:02:15,633 [grpc-default-executor-1] INFO  impl.RoleInfo (RoleInfo.java:shutdownFollowerState(121)) - 6cbfae60-ea29-4abc-a49d-ef94f4bd513a: shutdown FollowerState
2019-10-18 14:02:15,633 [grpc-default-executor-0] INFO  impl.RaftServerImpl (RaftServerImpl.java:setRole(184)) - 66f9d00c-1e97-4252-958c-bed5a531abda@group-E964BE911FCC: changes role from  FOLLOWER to FOLLOWER at term 417 for recognizeCandidate:92ce6e48-4722-407a-9620-5998c6999257
2019-10-18 14:02:15,633 [Thread-2754] INFO  impl.FollowerState (FollowerState.java:run(117)) - 6cbfae60-ea29-4abc-a49d-ef94f4bd513a@group-E964BE911FCC-FollowerState was interrupted: java.lang.InterruptedException: sleep interrupted
2019-10-18 14:02:15,633 [grpc-default-executor-1] INFO  impl.RoleInfo (RoleInfo.java:updateAndGet(143)) - 6cbfae60-ea29-4abc-a49d-ef94f4bd513a: start FollowerState
2019-10-18 14:02:15,634 [grpc-default-executor-0] INFO  impl.RoleInfo (RoleInfo.java:shutdownFollowerState(121)) - 66f9d00c-1e97-4252-958c-bed5a531abda: shutdown FollowerState
2019-10-18 14:02:15,634 [grpc-default-executor-0] INFO  impl.RoleInfo (RoleInfo.java:updateAndGet(143)) - 66f9d00c-1e97-4252-958c-bed5a531abda: start FollowerState
2019-10-18 14:02:15,634 [Thread-2753] INFO  impl.FollowerState (FollowerState.java:run(117)) - 66f9d00c-1e97-4252-958c-bed5a531abda@group-E964BE911FCC-FollowerState was interrupted: java.lang.InterruptedException: sleep interrupted
2019-10-18 14:02:15,649 [92ce6e48-4722-407a-9620-5998c6999257@group-E964BE911FCC-LeaderElection377] INFO  impl.LeaderElection (LeaderElection.java:logAndReturn(56)) - 92ce6e48-4722-407a-9620-5998c6999257@group-E964BE911FCC-LeaderElection377: Election REJECTED; received 2 response(s) [92ce6e48-4722-407a-9620-5998c6999257<-6cbfae60-ea29-4abc-a49d-ef94f4bd513a#0:FAIL-t417, 92ce6e48-4722-407a-9620-5998c6999257<-66f9d00c-1e97-4252-958c-bed5a531abda#0:FAIL-t417] and 0 exception(s); 92ce6e48-4722-407a-9620-5998c6999257@group-E964BE911FCC:t417, leader=null, voted=92ce6e48-4722-407a-9620-5998c6999257, raftlog=92ce6e48-4722-407a-9620-5998c6999257@group-E964BE911FCC-SegmentedRaftLog:OPENED:c-1,f-1,i0, conf=-1: [6cbfae60-ea29-4abc-a49d-ef94f4bd513a:192.168.69.85:36685, 66f9d00c-1e97-4252-958c-bed5a531abda:192.168.69.85:45996, 92ce6e48-4722-407a-9620-5998c6999257:192.168.69.85:34971], old=null
2019-10-18 14:02:15,649 [92ce6e48-4722-407a-9620-5998c6999257@group-E964BE911FCC-LeaderElection377] INFO  impl.RaftServerImpl (RaftServerImpl.java:setRole(184)) - 92ce6e48-4722-407a-9620-5998c6999257@group-E964BE911FCC: changes role from CANDIDATE to FOLLOWER at term 417 for DISCOVERED_A_NEW_TERM
2019-10-18 14:02:15,650 [92ce6e48-4722-407a-9620-5998c6999257@group-E964BE911FCC-LeaderElection377] INFO  impl.RoleInfo (RoleInfo.java:shutdownLeaderElection(134)) - 92ce6e48-4722-407a-9620-5998c6999257: shutdown LeaderElection
2019-10-18 14:02:15,650 [92ce6e48-4722-407a-9620-5998c6999257@group-E964BE911FCC-LeaderElection377] INFO  impl.RoleInfo (RoleInfo.java:updateAndGet(143)) - 92ce6e48-4722-407a-9620-5998c6999257: start FollowerState
2019-10-18 14:02:15,706 [Thread-2763] INFO  impl.FollowerState (FollowerState.java:run(108)) - 92ce6e48-4722-407a-9620-5998c6999257@group-E964BE911FCC-FollowerState: change to CANDIDATE, lastRpcTime:56ms, electionTimeout:56ms
2019-10-18 14:02:15,706 [Thread-2763] INFO  impl.RoleInfo (RoleInfo.java:shutdownFollowerState(121)) - 92ce6e48-4722-407a-9620-5998c6999257: shutdown FollowerState
2019-10-18 14:02:15,706 [Thread-2763] INFO  impl.RaftServerImpl (RaftServerImpl.java:setRole(184)) - 92ce6e48-4722-407a-9620-5998c6999257@group-E964BE911FCC: changes role from  FOLLOWER to CANDIDATE at term 417 for changeToCandidate
2019-10-18 14:02:15,706 [Thread-2763] INFO  impl.RoleInfo (RoleInfo.java:updateAndGet(143)) - 92ce6e48-4722-407a-9620-5998c6999257: start LeaderElection
2019-10-18 14:02:15,720 [92ce6e48-4722-407a-9620-5998c6999257@group-E964BE911FCC-LeaderElection378] INFO  impl.LeaderElection (LeaderElection.java:askForVotes(178)) - 92ce6e48-4722-407a-9620-5998c6999257@group-E964BE911FCC-LeaderElection378: begin an election at term 418 for -1: [6cbfae60-ea29-4abc-a49d-ef94f4bd513a:192.168.69.85:36685, 66f9d00c-1e97-4252-958c-bed5a531abda:192.168.69.85:45996, 92ce6e48-4722-407a-9620-5998c6999257:192.168.69.85:34971], old=null
2019-10-18 14:02:15,722 [grpc-default-executor-1] INFO  impl.RaftServerImpl (RaftServerImpl.java:setRole(184)) - 6cbfae60-ea29-4abc-a49d-ef94f4bd513a@group-E964BE911FCC: changes role from  FOLLOWER to FOLLOWER at term 418 for recognizeCandidate:92ce6e48-4722-407a-9620-5998c6999257
2019-10-18 14:02:15,722 [grpc-default-executor-1] INFO  impl.RoleInfo (RoleInfo.java:shutdownFollowerState(121)) - 6cbfae60-ea29-4abc-a49d-ef94f4bd513a: shutdown FollowerState
2019-10-18 14:02:15,722 [grpc-default-executor-0] INFO  impl.RaftServerImpl (RaftServerImpl.java:setRole(184)) - 66f9d00c-1e97-4252-958c-bed5a531abda@group-E964BE911FCC: changes role from  FOLLOWER to FOLLOWER at term 418 for recognizeCandidate:92ce6e48-4722-407a-9620-5998c6999257
2019-10-18 14:02:15,722 [Thread-2761] INFO  impl.FollowerState (FollowerState.java:run(117)) - 6cbfae60-ea29-4abc-a49d-ef94f4bd513a@group-E964BE911FCC-FollowerState was interrupted: java.lang.InterruptedException: sleep interrupted
2019-10-18 14:02:15,722 [grpc-default-executor-1] INFO  impl.RoleInfo (RoleInfo.java:updateAndGet(143)) - 6cbfae60-ea29-4abc-a49d-ef94f4bd513a: start FollowerState
2019-10-18 14:02:15,722 [grpc-default-executor-0] INFO  impl.RoleInfo (RoleInfo.java:shutdownFollowerState(121)) - 66f9d00c-1e97-4252-958c-bed5a531abda: shutdown FollowerState
2019-10-18 14:02:15,722 [grpc-default-executor-0] INFO  impl.RoleInfo (RoleInfo.java:updateAndGet(143)) - 66f9d00c-1e97-4252-958c-bed5a531abda: start FollowerState
2019-10-18 14:02:15,722 [Thread-2762] INFO  impl.FollowerState (FollowerState.java:run(117)) - 66f9d00c-1e97-4252-958c-bed5a531abda@group-E964BE911FCC-FollowerState was interrupted: java.lang.InterruptedException: sleep interrupted
2019-10-18 14:02:15,737 [92ce6e48-4722-407a-9620-5998c6999257@group-E964BE911FCC-LeaderElection378] INFO  impl.LeaderElection (LeaderElection.java:logAndReturn(56)) - 92ce6e48-4722-407a-9620-5998c6999257@group-E964BE911FCC-LeaderElection378: Election REJECTED; received 2 response(s) [92ce6e48-4722-407a-9620-5998c6999257<-6cbfae60-ea29-4abc-a49d-ef94f4bd513a#0:FAIL-t418, 92ce6e48-4722-407a-9620-5998c6999257<-66f9d00c-1e97-4252-958c-bed5a531abda#0:FAIL-t418] and 0 exception(s); 92ce6e48-4722-407a-9620-5998c6999257@group-E964BE911FCC:t418, leader=null, voted=92ce6e48-4722-407a-9620-5998c6999257, raftlog=92ce6e48-4722-407a-9620-5998c6999257@group-E964BE911FCC-SegmentedRaftLog:OPENED:c-1,f-1,i0, conf=-1: [6cbfae60-ea29-4abc-a49d-ef94f4bd513a:192.168.69.85:36685, 66f9d00c-1e97-4252-958c-bed5a531abda:192.168.69.85:45996, 92ce6e48-4722-407a-9620-5998c6999257:192.168.69.85:34971], old=null
2019-10-18 14:02:15,738 [92ce6e48-4722-407a-9620-5998c6999257@group-E964BE911FCC-LeaderElection378] INFO  impl.RaftServerImpl (RaftServerImpl.java:setRole(184)) - 92ce6e48-4722-407a-9620-5998c6999257@group-E964BE911FCC: changes role from CANDIDATE to FOLLOWER at term 418 for DISCOVERED_A_NEW_TERM
2019-10-18 14:02:15,738 [92ce6e48-4722-407a-9620-5998c6999257@group-E964BE911FCC-LeaderElection378] INFO  impl.RoleInfo (RoleInfo.java:shutdownLeaderElection(134)) - 92ce6e48-4722-407a-9620-5998c6999257: shutdown LeaderElection
2019-10-18 14:02:15,738 [92ce6e48-4722-407a-9620-5998c6999257@group-E964BE911FCC-LeaderElection378] INFO  impl.RoleInfo (RoleInfo.java:updateAndGet(143)) - 92ce6e48-4722-407a-9620-5998c6999257: start FollowerState
2019-10-18 14:02:15,808 [Thread-2769] INFO  impl.FollowerState (FollowerState.java:run(108)) - 92ce6e48-4722-407a-9620-5998c6999257@group-E964BE911FCC-FollowerState: change to CANDIDATE, lastRpcTime:69ms, electionTimeout:69ms
2019-10-18 14:02:15,808 [Thread-2769] INFO  impl.RoleInfo (RoleInfo.java:shutdownFollowerState(121)) - 92ce6e48-4722-407a-9620-5998c6999257: shutdown FollowerState
2019-10-18 14:02:15,808 [Thread-2769] INFO  impl.RaftServerImpl (RaftServerImpl.java:setRole(184)) - 92ce6e48-4722-407a-9620-5998c6999257@group-E964BE911FCC: changes role from  FOLLOWER to CANDIDATE at term 418 for changeToCandidate
2019-10-18 14:02:15,808 [Thread-2769] INFO  impl.RoleInfo (RoleInfo.java:updateAndGet(143)) - 92ce6e48-4722-407a-9620-5998c6999257: start LeaderElection
2019-10-18 14:02:15,822 [92ce6e48-4722-407a-9620-5998c6999257@group-E964BE911FCC-LeaderElection379] INFO  impl.LeaderElection (LeaderElection.java:askForVotes(178)) - 92ce6e48-4722-407a-9620-5998c6999257@group-E964BE911FCC-LeaderElection379: begin an election at term 419 for -1: [6cbfae60-ea29-4abc-a49d-ef94f4bd513a:192.168.69.85:36685, 66f9d00c-1e97-4252-958c-bed5a531abda:192.168.69.85:45996, 92ce6e48-4722-407a-9620-5998c6999257:192.168.69.85:34971], old=null
2019-10-18 14:02:15,824 [grpc-default-executor-0] INFO  impl.RaftServerImpl (RaftServerImpl.java:setRole(184)) - 6cbfae60-ea29-4abc-a49d-ef94f4bd513a@group-E964BE911FCC: changes role from  FOLLOWER to FOLLOWER at term 419 for recognizeCandidate:92ce6e48-4722-407a-9620-5998c6999257
2019-10-18 14:02:15,824 [grpc-default-executor-0] INFO  impl.RoleInfo (RoleInfo.java:shutdownFollowerState(121)) - 6cbfae60-ea29-4abc-a49d-ef94f4bd513a: shutdown FollowerState
2019-10-18 14:02:15,824 [grpc-default-executor-4] INFO  impl.RaftServerImpl (RaftServerImpl.java:setRole(184)) - 66f9d00c-1e97-4252-958c-bed5a531abda@group-E964BE911FCC: changes role from  FOLLOWER to FOLLOWER at term 419 for recognizeCandidate:92ce6e48-4722-407a-9620-5998c6999257
2019-10-18 14:02:15,825 [Thread-2767] INFO  impl.FollowerState (FollowerState.java:run(117)) - 6cbfae60-ea29-4abc-a49d-ef94f4bd513a@group-E964BE911FCC-FollowerState was interrupted: java.lang.InterruptedException: sleep interrupted
2019-10-18 14:02:15,824 [grpc-default-executor-0] INFO  impl.RoleInfo (RoleInfo.java:updateAndGet(143)) - 6cbfae60-ea29-4abc-a49d-ef94f4bd513a: start FollowerState
2019-10-18 14:02:15,825 [grpc-default-executor-4] INFO  impl.RoleInfo (RoleInfo.java:shutdownFollowerState(121)) - 66f9d00c-1e97-4252-958c-bed5a531abda: shutdown FollowerState
2019-10-18 14:02:15,825 [grpc-default-executor-4] INFO  impl.RoleInfo (RoleInfo.java:updateAndGet(143)) - 66f9d00c-1e97-4252-958c-bed5a531abda: start FollowerState
2019-10-18 14:02:15,825 [Thread-2768] INFO  impl.FollowerState (FollowerState.java:run(117)) - 66f9d00c-1e97-4252-958c-bed5a531abda@group-E964BE911FCC-FollowerState was interrupted: java.lang.InterruptedException: sleep interrupted
2019-10-18 14:02:15,839 [92ce6e48-4722-407a-9620-5998c6999257@group-E964BE911FCC-LeaderElection379] INFO  impl.LeaderElection (LeaderElection.java:logAndReturn(56)) - 92ce6e48-4722-407a-9620-5998c6999257@group-E964BE911FCC-LeaderElection379: Election REJECTED; received 2 response(s) [92ce6e48-4722-407a-9620-5998c6999257<-6cbfae60-ea29-4abc-a49d-ef94f4bd513a#0:FAIL-t419, 92ce6e48-4722-407a-9620-5998c6999257<-66f9d00c-1e97-4252-958c-bed5a531abda#0:FAIL-t419] and 0 exception(s); 92ce6e48-4722-407a-9620-5998c6999257@group-E964BE911FCC:t419, leader=null, voted=92ce6e48-4722-407a-9620-5998c6999257, raftlog=92ce6e48-4722-407a-9620-5998c6999257@group-E964BE911FCC-SegmentedRaftLog:OPENED:c-1,f-1,i0, conf=-1: [6cbfae60-ea29-4abc-a49d-ef94f4bd513a:192.168.69.85:36685, 66f9d00c-1e97-4252-958c-bed5a531abda:192.168.69.85:45996, 92ce6e48-4722-407a-9620-5998c6999257:192.168.69.85:34971], old=null
2019-10-18 14:02:15,839 [92ce6e48-4722-407a-9620-5998c6999257@group-E964BE911FCC-LeaderElection379] INFO  impl.RaftServerImpl (RaftServerImpl.java:setRole(184)) - 92ce6e48-4722-407a-9620-5998c6999257@group-E964BE911FCC: changes role from CANDIDATE to FOLLOWER at term 419 for DISCOVERED_A_NEW_TERM
2019-10-18 14:02:15,839 [92ce6e48-4722-407a-9620-5998c6999257@group-E964BE911FCC-LeaderElection379] INFO  impl.RoleInfo (RoleInfo.java:shutdownLeaderElection(134)) - 92ce6e48-4722-407a-9620-5998c6999257: shutdown LeaderElection
2019-10-18 14:02:15,839 [92ce6e48-4722-407a-9620-5998c6999257@group-E964BE911FCC-LeaderElection379] INFO  impl.RoleInfo (RoleInfo.java:updateAndGet(143)) - 92ce6e48-4722-407a-9620-5998c6999257: start FollowerState
2019-10-18 14:02:15,947 [Thread-2775] INFO  impl.FollowerState (FollowerState.java:run(108)) - 92ce6e48-4722-407a-9620-5998c6999257@group-E964BE911FCC-FollowerState: change to CANDIDATE, lastRpcTime:107ms, electionTimeout:107ms
2019-10-18 14:02:15,947 [Thread-2775] INFO  impl.RoleInfo (RoleInfo.java:shutdownFollowerState(121)) - 92ce6e48-4722-407a-9620-5998c6999257: shutdown FollowerState
2019-10-18 14:02:15,947 [Thread-2775] INFO  impl.RaftServerImpl (RaftServerImpl.java:setRole(184)) - 92ce6e48-4722-407a-9620-5998c6999257@group-E964BE911FCC: changes role from  FOLLOWER to CANDIDATE at term 419 for changeToCandidate
2019-10-18 14:02:15,947 [Thread-2775] INFO  impl.RoleInfo (RoleInfo.java:updateAndGet(143)) - 92ce6e48-4722-407a-9620-5998c6999257: start LeaderElection
2019-10-18 14:02:15,961 [92ce6e48-4722-407a-9620-5998c6999257@group-E964BE911FCC-LeaderElection380] INFO  impl.LeaderElection (LeaderElection.java:askForVotes(178)) - 92ce6e48-4722-407a-9620-5998c6999257@group-E964BE911FCC-LeaderElection380: begin an election at term 420 for -1: [6cbfae60-ea29-4abc-a49d-ef94f4bd513a:192.168.69.85:36685, 66f9d00c-1e97-4252-958c-bed5a531abda:192.168.69.85:45996, 92ce6e48-4722-407a-9620-5998c6999257:192.168.69.85:34971], old=null
2019-10-18 14:02:15,963 [grpc-default-executor-4] INFO  impl.RaftServerImpl (RaftServerImpl.java:setRole(184)) - 6cbfae60-ea29-4abc-a49d-ef94f4bd513a@group-E964BE911FCC: changes role from  FOLLOWER to FOLLOWER at term 420 for recognizeCandidate:92ce6e48-4722-407a-9620-5998c6999257
2019-10-18 14:02:15,963 [grpc-default-executor-4] INFO  impl.RoleInfo (RoleInfo.java:shutdownFollowerState(121)) - 6cbfae60-ea29-4abc-a49d-ef94f4bd513a: shutdown FollowerState
2019-10-18 14:02:15,963 [grpc-default-executor-4] INFO  impl.RoleInfo (RoleInfo.java:updateAndGet(143)) - 6cbfae60-ea29-4abc-a49d-ef94f4bd513a: start FollowerState
2019-10-18 14:02:15,963 [Thread-2773] INFO  impl.FollowerState (FollowerState.java:run(117)) - 6cbfae60-ea29-4abc-a49d-ef94f4bd513a@group-E964BE911FCC-FollowerState was interrupted: java.lang.InterruptedException: sleep interrupted
2019-10-18 14:02:15,963 [grpc-default-executor-0] INFO  impl.RaftServerImpl (RaftServerImpl.java:setRole(184)) - 66f9d00c-1e97-4252-958c-bed5a531abda@group-E964BE911FCC: changes role from  FOLLOWER to FOLLOWER at term 420 for recognizeCandidate:92ce6e48-4722-407a-9620-5998c6999257
2019-10-18 14:02:15,964 [grpc-default-executor-0] INFO  impl.RoleInfo (RoleInfo.java:shutdownFollowerState(121)) - 66f9d00c-1e97-4252-958c-bed5a531abda: shutdown FollowerState
2019-10-18 14:02:15,964 [grpc-default-executor-0] INFO  impl.RoleInfo (RoleInfo.java:updateAndGet(143)) - 66f9d00c-1e97-4252-958c-bed5a531abda: start FollowerState
2019-10-18 14:02:15,964 [Thread-2774] INFO  impl.FollowerState (FollowerState.java:run(117)) - 66f9d00c-1e97-4252-958c-bed5a531abda@group-E964BE911FCC-FollowerState was interrupted: java.lang.InterruptedException: sleep interrupted
2019-10-18 14:02:15,978 [92ce6e48-4722-407a-9620-5998c6999257@group-E964BE911FCC-LeaderElection380] INFO  impl.LeaderElection (LeaderElection.java:logAndReturn(56)) - 92ce6e48-4722-407a-9620-5998c6999257@group-E964BE911FCC-LeaderElection380: Election REJECTED; received 2 response(s) [92ce6e48-4722-407a-9620-5998c6999257<-6cbfae60-ea29-4abc-a49d-ef94f4bd513a#0:FAIL-t420, 92ce6e48-4722-407a-9620-5998c6999257<-66f9d00c-1e97-4252-958c-bed5a531abda#0:FAIL-t420] and 0 exception(s); 92ce6e48-4722-407a-9620-5998c6999257@group-E964BE911FCC:t420, leader=null, voted=92ce6e48-4722-407a-9620-5998c6999257, raftlog=92ce6e48-4722-407a-9620-5998c6999257@group-E964BE911FCC-SegmentedRaftLog:OPENED:c-1,f-1,i0, conf=-1: [6cbfae60-ea29-4abc-a49d-ef94f4bd513a:192.168.69.85:36685, 66f9d00c-1e97-4252-958c-bed5a531abda:192.168.69.85:45996, 92ce6e48-4722-407a-9620-5998c6999257:192.168.69.85:34971], old=null
2019-10-18 14:02:15,979 [92ce6e48-4722-407a-9620-5998c6999257@group-E964BE911FCC-LeaderElection380] INFO  impl.RaftServerImpl (RaftServerImpl.java:setRole(184)) - 92ce6e48-4722-407a-9620-5998c6999257@group-E964BE911FCC: changes role from CANDIDATE to FOLLOWER at term 420 for DISCOVERED_A_NEW_TERM
2019-10-18 14:02:15,979 [92ce6e48-4722-407a-9620-5998c6999257@group-E964BE911FCC-LeaderElection380] INFO  impl.RoleInfo (RoleInfo.java:shutdownLeaderElection(134)) - 92ce6e48-4722-407a-9620-5998c6999257: shutdown LeaderElection
2019-10-18 14:02:15,979 [92ce6e48-4722-407a-9620-5998c6999257@group-E964BE911FCC-LeaderElection380] INFO  impl.RoleInfo (RoleInfo.java:updateAndGet(143)) - 92ce6e48-4722-407a-9620-5998c6999257: start FollowerState
2019-10-18 14:02:16,156 [Thread-2781] INFO  impl.FollowerState (FollowerState.java:run(108)) - 92ce6e48-4722-407a-9620-5998c6999257@group-E964BE911FCC-FollowerState: change to CANDIDATE, lastRpcTime:177ms, electionTimeout:177ms
2019-10-18 14:02:16,157 [Thread-2781] INFO  impl.RoleInfo (RoleInfo.java:shutdownFollowerState(121)) - 92ce6e48-4722-407a-9620-5998c6999257: shutdown FollowerState
2019-10-18 14:02:16,157 [Thread-2781] INFO  impl.RaftServerImpl (RaftServerImpl.java:setRole(184)) - 92ce6e48-4722-407a-9620-5998c6999257@group-E964BE911FCC: changes role from  FOLLOWER to CANDIDATE at term 420 for changeToCandidate
2019-10-18 14:02:16,157 [Thread-2781] INFO  impl.RoleInfo (RoleInfo.java:updateAndGet(143)) - 92ce6e48-4722-407a-9620-5998c6999257: start LeaderElection
2019-10-18 14:02:16,171 [92ce6e48-4722-407a-9620-5998c6999257@group-E964BE911FCC-LeaderElection381] INFO  impl.LeaderElection (LeaderElection.java:askForVotes(178)) - 92ce6e48-4722-407a-9620-5998c6999257@group-E964BE911FCC-LeaderElection381: begin an election at term 421 for -1: [6cbfae60-ea29-4abc-a49d-ef94f4bd513a:192.168.69.85:36685, 66f9d00c-1e97-4252-958c-bed5a531abda:192.168.69.85:45996, 92ce6e48-4722-407a-9620-5998c6999257:192.168.69.85:34971], old=null
2019-10-18 14:02:16,172 [grpc-default-executor-0] INFO  impl.RaftServerImpl (RaftServerImpl.java:setRole(184)) - 6cbfae60-ea29-4abc-a49d-ef94f4bd513a@group-E964BE911FCC: changes role from  FOLLOWER to FOLLOWER at term 421 for recognizeCandidate:92ce6e48-4722-407a-9620-5998c6999257
2019-10-18 14:02:16,172 [grpc-default-executor-0] INFO  impl.RoleInfo (RoleInfo.java:shutdownFollowerState(121)) - 6cbfae60-ea29-4abc-a49d-ef94f4bd513a: shutdown FollowerState
2019-10-18 14:02:16,172 [grpc-default-executor-4] INFO  impl.RaftServerImpl (RaftServerImpl.java:setRole(184)) - 66f9d00c-1e97-4252-958c-bed5a531abda@group-E964BE911FCC: changes role from  FOLLOWER to FOLLOWER at term 421 for recognizeCandidate:92ce6e48-4722-407a-9620-5998c6999257
2019-10-18 14:02:16,172 [grpc-default-executor-4] INFO  impl.RoleInfo (RoleInfo.java:shutdownFollowerState(121)) - 66f9d00c-1e97-4252-958c-bed5a531abda: shutdown FollowerState
2019-10-18 14:02:16,172 [Thread-2779] INFO  impl.FollowerState (FollowerState.java:run(117)) - 6cbfae60-ea29-4abc-a49d-ef94f4bd513a@group-E964BE911FCC-FollowerState was interrupted: java.lang.InterruptedException: sleep interrupted
2019-10-18 14:02:16,173 [Thread-2780] INFO  impl.FollowerState (FollowerState.java:run(117)) - 66f9d00c-1e97-4252-958c-bed5a531abda@group-E964BE911FCC-FollowerState was interrupted: java.lang.InterruptedException: sleep interrupted
2019-10-18 14:02:16,172 [grpc-default-executor-0] INFO  impl.RoleInfo (RoleInfo.java:updateAndGet(143)) - 6cbfae60-ea29-4abc-a49d-ef94f4bd513a: start FollowerState
2019-10-18 14:02:16,173 [grpc-default-executor-4] INFO  impl.RoleInfo (RoleInfo.java:updateAndGet(143)) - 66f9d00c-1e97-4252-958c-bed5a531abda: start FollowerState
2019-10-18 14:02:16,188 [92ce6e48-4722-407a-9620-5998c6999257@group-E964BE911FCC-LeaderElection381] INFO  impl.LeaderElection (LeaderElection.java:logAndReturn(56)) - 92ce6e48-4722-407a-9620-5998c6999257@group-E964BE911FCC-LeaderElection381: Election REJECTED; received 2 response(s) [92ce6e48-4722-407a-9620-5998c6999257<-6cbfae60-ea29-4abc-a49d-ef94f4bd513a#0:FAIL-t421, 92ce6e48-4722-407a-9620-5998c6999257<-66f9d00c-1e97-4252-958c-bed5a531abda#0:FAIL-t421] and 0 exception(s); 92ce6e48-4722-407a-9620-5998c6999257@group-E964BE911FCC:t421, leader=null, voted=92ce6e48-4722-407a-9620-5998c6999257, raftlog=92ce6e48-4722-407a-9620-5998c6999257@group-E964BE911FCC-SegmentedRaftLog:OPENED:c-1,f-1,i0, conf=-1: [6cbfae60-ea29-4abc-a49d-ef94f4bd513a:192.168.69.85:36685, 66f9d00c-1e97-4252-958c-bed5a531abda:192.168.69.85:45996, 92ce6e48-4722-407a-9620-5998c6999257:192.168.69.85:34971], old=null
2019-10-18 14:02:16,188 [92ce6e48-4722-407a-9620-5998c6999257@group-E964BE911FCC-LeaderElection381] INFO  impl.RaftServerImpl (RaftServerImpl.java:setRole(184)) - 92ce6e48-4722-407a-9620-5998c6999257@group-E964BE911FCC: changes role from CANDIDATE to FOLLOWER at term 421 for DISCOVERED_A_NEW_TERM
2019-10-18 14:02:16,188 [92ce6e48-4722-407a-9620-5998c6999257@group-E964BE911FCC-LeaderElection381] INFO  impl.RoleInfo (RoleInfo.java:shutdownLeaderElection(134)) - 92ce6e48-4722-407a-9620-5998c6999257: shutdown LeaderElection
2019-10-18 14:02:16,188 [92ce6e48-4722-407a-9620-5998c6999257@group-E964BE911FCC-LeaderElection381] INFO  impl.RoleInfo (RoleInfo.java:updateAndGet(143)) - 92ce6e48-4722-407a-9620-5998c6999257: start FollowerState
2019-10-18 14:02:16,283 [Thread-2787] INFO  impl.FollowerState (FollowerState.java:run(108)) - 92ce6e48-4722-407a-9620-5998c6999257@group-E964BE911FCC-FollowerState: change to CANDIDATE, lastRpcTime:94ms, electionTimeout:94ms
2019-10-18 14:02:16,283 [Thread-2787] INFO  impl.RoleInfo (RoleInfo.java:shutdownFollowerState(121)) - 92ce6e48-4722-407a-9620-5998c6999257: shutdown FollowerState
2019-10-18 14:02:16,283 [Thread-2787] INFO  impl.RaftServerImpl (RaftServerImpl.java:setRole(184)) - 92ce6e48-4722-407a-9620-5998c6999257@group-E964BE911FCC: changes role from  FOLLOWER to CANDIDATE at term 421 for changeToCandidate
2019-10-18 14:02:16,283 [Thread-2787] INFO  impl.RoleInfo (RoleInfo.java:updateAndGet(143)) - 92ce6e48-4722-407a-9620-5998c6999257: start LeaderElection
2019-10-18 14:02:16,298 [92ce6e48-4722-407a-9620-5998c6999257@group-E964BE911FCC-LeaderElection382] INFO  impl.LeaderElection (LeaderElection.java:askForVotes(178)) - 92ce6e48-4722-407a-9620-5998c6999257@group-E964BE911FCC-LeaderElection382: begin an election at term 422 for -1: [6cbfae60-ea29-4abc-a49d-ef94f4bd513a:192.168.69.85:36685, 66f9d00c-1e97-4252-958c-bed5a531abda:192.168.69.85:45996, 92ce6e48-4722-407a-9620-5998c6999257:192.168.69.85:34971], old=null
2019-10-18 14:02:16,300 [grpc-default-executor-0] INFO  impl.RaftServerImpl (RaftServerImpl.java:setRole(184)) - 6cbfae60-ea29-4abc-a49d-ef94f4bd513a@group-E964BE911FCC: changes role from  FOLLOWER to FOLLOWER at term 422 for recognizeCandidate:92ce6e48-4722-407a-9620-5998c6999257
2019-10-18 14:02:16,300 [grpc-default-executor-0] INFO  impl.RoleInfo (RoleInfo.java:shutdownFollowerState(121)) - 6cbfae60-ea29-4abc-a49d-ef94f4bd513a: shutdown FollowerState
2019-10-18 14:02:16,300 [grpc-default-executor-0] INFO  impl.RoleInfo (RoleInfo.java:updateAndGet(143)) - 6cbfae60-ea29-4abc-a49d-ef94f4bd513a: start FollowerState
2019-10-18 14:02:16,300 [grpc-default-executor-4] INFO  impl.RaftServerImpl (RaftServerImpl.java:setRole(184)) - 66f9d00c-1e97-4252-958c-bed5a531abda@group-E964BE911FCC: changes role from  FOLLOWER to FOLLOWER at term 422 for recognizeCandidate:92ce6e48-4722-407a-9620-5998c6999257
2019-10-18 14:02:16,300 [grpc-default-executor-4] INFO  impl.RoleInfo (RoleInfo.java:shutdownFollowerState(121)) - 66f9d00c-1e97-4252-958c-bed5a531abda: shutdown FollowerState
2019-10-18 14:02:16,300 [Thread-2785] INFO  impl.FollowerState (FollowerState.java:run(117)) - 6cbfae60-ea29-4abc-a49d-ef94f4bd513a@group-E964BE911FCC-FollowerState was interrupted: java.lang.InterruptedException: sleep interrupted
2019-10-18 14:02:16,300 [Thread-2786] INFO  impl.FollowerState (FollowerState.java:run(117)) - 66f9d00c-1e97-4252-958c-bed5a531abda@group-E964BE911FCC-FollowerState was interrupted: java.lang.InterruptedException: sleep interrupted
2019-10-18 14:02:16,300 [grpc-default-executor-4] INFO  impl.RoleInfo (RoleInfo.java:updateAndGet(143)) - 66f9d00c-1e97-4252-958c-bed5a531abda: start FollowerState
2019-10-18 14:02:16,314 [92ce6e48-4722-407a-9620-5998c6999257@group-E964BE911FCC-LeaderElection382] INFO  impl.LeaderElection (LeaderElection.java:logAndReturn(56)) - 92ce6e48-4722-407a-9620-5998c6999257@group-E964BE911FCC-LeaderElection382: Election REJECTED; received 2 response(s) [92ce6e48-4722-407a-9620-5998c6999257<-6cbfae60-ea29-4abc-a49d-ef94f4bd513a#0:FAIL-t422, 92ce6e48-4722-407a-9620-5998c6999257<-66f9d00c-1e97-4252-958c-bed5a531abda#0:FAIL-t422] and 0 exception(s); 92ce6e48-4722-407a-9620-5998c6999257@group-E964BE911FCC:t422, leader=null, voted=92ce6e48-4722-407a-9620-5998c6999257, raftlog=92ce6e48-4722-407a-9620-5998c6999257@group-E964BE911FCC-SegmentedRaftLog:OPENED:c-1,f-1,i0, conf=-1: [6cbfae60-ea29-4abc-a49d-ef94f4bd513a:192.168.69.85:36685, 66f9d00c-1e97-4252-958c-bed5a531abda:192.168.69.85:45996, 92ce6e48-4722-407a-9620-5998c6999257:192.168.69.85:34971], old=null
2019-10-18 14:02:16,314 [92ce6e48-4722-407a-9620-5998c6999257@group-E964BE911FCC-LeaderElection382] INFO  impl.RaftServerImpl (RaftServerImpl.java:setRole(184)) - 92ce6e48-4722-407a-9620-5998c6999257@group-E964BE911FCC: changes role from CANDIDATE to FOLLOWER at term 422 for DISCOVERED_A_NEW_TERM
2019-10-18 14:02:16,314 [92ce6e48-4722-407a-9620-5998c6999257@group-E964BE911FCC-LeaderElection382] INFO  impl.RoleInfo (RoleInfo.java:shutdownLeaderElection(134)) - 92ce6e48-4722-407a-9620-5998c6999257: shutdown LeaderElection
2019-10-18 14:02:16,314 [92ce6e48-4722-407a-9620-5998c6999257@group-E964BE911FCC-LeaderElection382] INFO  impl.RoleInfo (RoleInfo.java:updateAndGet(143)) - 92ce6e48-4722-407a-9620-5998c6999257: start FollowerState
2019-10-18 14:02:16,503 [Thread-2793] INFO  impl.FollowerState (FollowerState.java:run(108)) - 92ce6e48-4722-407a-9620-5998c6999257@group-E964BE911FCC-FollowerState: change to CANDIDATE, lastRpcTime:188ms, electionTimeout:188ms
2019-10-18 14:02:16,503 [Thread-2793] INFO  impl.RoleInfo (RoleInfo.java:shutdownFollowerState(121)) - 92ce6e48-4722-407a-9620-5998c6999257: shutdown FollowerState
2019-10-18 14:02:16,503 [Thread-2793] INFO  impl.RaftServerImpl (RaftServerImpl.java:setRole(184)) - 92ce6e48-4722-407a-9620-5998c6999257@group-E964BE911FCC: changes role from  FOLLOWER to CANDIDATE at term 422 for changeToCandidate
2019-10-18 14:02:16,503 [Thread-2793] INFO  impl.RoleInfo (RoleInfo.java:updateAndGet(143)) - 92ce6e48-4722-407a-9620-5998c6999257: start LeaderElection
2019-10-18 14:02:16,518 [92ce6e48-4722-407a-9620-5998c6999257@group-E964BE911FCC-LeaderElection383] INFO  impl.LeaderElection (LeaderElection.java:askForVotes(178)) - 92ce6e48-4722-407a-9620-5998c6999257@group-E964BE911FCC-LeaderElection383: begin an election at term 423 for -1: [6cbfae60-ea29-4abc-a49d-ef94f4bd513a:192.168.69.85:36685, 66f9d00c-1e97-4252-958c-bed5a531abda:192.168.69.85:45996, 92ce6e48-4722-407a-9620-5998c6999257:192.168.69.85:34971], old=null
2019-10-18 14:02:16,520 [grpc-default-executor-0] INFO  impl.RaftServerImpl (RaftServerImpl.java:setRole(184)) - 6cbfae60-ea29-4abc-a49d-ef94f4bd513a@group-E964BE911FCC: changes role from  FOLLOWER to FOLLOWER at term 423 for recognizeCandidate:92ce6e48-4722-407a-9620-5998c6999257
2019-10-18 14:02:16,520 [grpc-default-executor-0] INFO  impl.RoleInfo (RoleInfo.java:shutdownFollowerState(121)) - 6cbfae60-ea29-4abc-a49d-ef94f4bd513a: shutdown FollowerState
2019-10-18 14:02:16,520 [grpc-default-executor-4] INFO  impl.RaftServerImpl (RaftServerImpl.java:setRole(184)) - 66f9d00c-1e97-4252-958c-bed5a531abda@group-E964BE911FCC: changes role from  FOLLOWER to FOLLOWER at term 423 for recognizeCandidate:92ce6e48-4722-407a-9620-5998c6999257
2019-10-18 14:02:16,520 [Thread-2791] INFO  impl.FollowerState (FollowerState.java:run(117)) - 6cbfae60-ea29-4abc-a49d-ef94f4bd513a@group-E964BE911FCC-FollowerState was interrupted: java.lang.InterruptedException: sleep interrupted
2019-10-18 14:02:16,520 [grpc-default-executor-0] INFO  impl.RoleInfo (RoleInfo.java:updateAndGet(143)) - 6cbfae60-ea29-4abc-a49d-ef94f4bd513a: start FollowerState
2019-10-18 14:02:16,520 [grpc-default-executor-4] INFO  impl.RoleInfo (RoleInfo.java:shutdownFollowerState(121)) - 66f9d00c-1e97-4252-958c-bed5a531abda: shutdown FollowerState
2019-10-18 14:02:16,521 [grpc-default-executor-4] INFO  impl.RoleInfo (RoleInfo.java:updateAndGet(143)) - 66f9d00c-1e97-4252-958c-bed5a531abda: start FollowerState
2019-10-18 14:02:16,521 [Thread-2792] INFO  impl.FollowerState (FollowerState.java:run(117)) - 66f9d00c-1e97-4252-958c-bed5a531abda@group-E964BE911FCC-FollowerState was interrupted: java.lang.InterruptedException: sleep interrupted
2019-10-18 14:02:16,535 [92ce6e48-4722-407a-9620-5998c6999257@group-E964BE911FCC-LeaderElection383] INFO  impl.LeaderElection (LeaderElection.java:logAndReturn(56)) - 92ce6e48-4722-407a-9620-5998c6999257@group-E964BE911FCC-LeaderElection383: Election REJECTED; received 2 response(s) [92ce6e48-4722-407a-9620-5998c6999257<-6cbfae60-ea29-4abc-a49d-ef94f4bd513a#0:FAIL-t423, 92ce6e48-4722-407a-9620-5998c6999257<-66f9d00c-1e97-4252-958c-bed5a531abda#0:FAIL-t423] and 0 exception(s); 92ce6e48-4722-407a-9620-5998c6999257@group-E964BE911FCC:t423, leader=null, voted=92ce6e48-4722-407a-9620-5998c6999257, raftlog=92ce6e48-4722-407a-9620-5998c6999257@group-E964BE911FCC-SegmentedRaftLog:OPENED:c-1,f-1,i0, conf=-1: [6cbfae60-ea29-4abc-a49d-ef94f4bd513a:192.168.69.85:36685, 66f9d00c-1e97-4252-958c-bed5a531abda:192.168.69.85:45996, 92ce6e48-4722-407a-9620-5998c6999257:192.168.69.85:34971], old=null
2019-10-18 14:02:16,535 [92ce6e48-4722-407a-9620-5998c6999257@group-E964BE911FCC-LeaderElection383] INFO  impl.RaftServerImpl (RaftServerImpl.java:setRole(184)) - 92ce6e48-4722-407a-9620-5998c6999257@group-E964BE911FCC: changes role from CANDIDATE to FOLLOWER at term 423 for DISCOVERED_A_NEW_TERM
2019-10-18 14:02:16,535 [92ce6e48-4722-407a-9620-5998c6999257@group-E964BE911FCC-LeaderElection383] INFO  impl.RoleInfo (RoleInfo.java:shutdownLeaderElection(134)) - 92ce6e48-4722-407a-9620-5998c6999257: shutdown LeaderElection
2019-10-18 14:02:16,535 [92ce6e48-4722-407a-9620-5998c6999257@group-E964BE911FCC-LeaderElection383] INFO  impl.RoleInfo (RoleInfo.java:updateAndGet(143)) - 92ce6e48-4722-407a-9620-5998c6999257: start FollowerState
2019-10-18 14:02:16,720 [Thread-2799] INFO  impl.FollowerState (FollowerState.java:run(108)) - 92ce6e48-4722-407a-9620-5998c6999257@group-E964BE911FCC-FollowerState: change to CANDIDATE, lastRpcTime:184ms, electionTimeout:184ms
2019-10-18 14:02:16,720 [Thread-2799] INFO  impl.RoleInfo (RoleInfo.java:shutdownFollowerState(121)) - 92ce6e48-4722-407a-9620-5998c6999257: shutdown FollowerState
2019-10-18 14:02:16,720 [Thread-2799] INFO  impl.RaftServerImpl (RaftServerImpl.java:setRole(184)) - 92ce6e48-4722-407a-9620-5998c6999257@group-E964BE911FCC: changes role from  FOLLOWER to CANDIDATE at term 423 for changeToCandidate
2019-10-18 14:02:16,720 [Thread-2799] INFO  impl.RoleInfo (RoleInfo.java:updateAndGet(143)) - 92ce6e48-4722-407a-9620-5998c6999257: start LeaderElection
2019-10-18 14:02:16,745 [92ce6e48-4722-407a-9620-5998c6999257@group-E964BE911FCC-LeaderElection384] INFO  impl.LeaderElection (LeaderElection.java:askForVotes(178)) - 92ce6e48-4722-407a-9620-5998c6999257@group-E964BE911FCC-LeaderElection384: begin an election at term 424 for -1: [6cbfae60-ea29-4abc-a49d-ef94f4bd513a:192.168.69.85:36685, 66f9d00c-1e97-4252-958c-bed5a531abda:192.168.69.85:45996, 92ce6e48-4722-407a-9620-5998c6999257:192.168.69.85:34971], old=null
2019-10-18 14:02:16,747 [grpc-default-executor-4] INFO  impl.RaftServerImpl (RaftServerImpl.java:setRole(184)) - 6cbfae60-ea29-4abc-a49d-ef94f4bd513a@group-E964BE911FCC: changes role from  FOLLOWER to FOLLOWER at term 424 for recognizeCandidate:92ce6e48-4722-407a-9620-5998c6999257
2019-10-18 14:02:16,747 [grpc-default-executor-0] INFO  impl.RaftServerImpl (RaftServerImpl.java:setRole(184)) - 66f9d00c-1e97-4252-958c-bed5a531abda@group-E964BE911FCC: changes role from  FOLLOWER to FOLLOWER at term 424 for recognizeCandidate:92ce6e48-4722-407a-9620-5998c6999257
2019-10-18 14:02:16,747 [grpc-default-executor-0] INFO  impl.RoleInfo (RoleInfo.java:shutdownFollowerState(121)) - 66f9d00c-1e97-4252-958c-bed5a531abda: shutdown FollowerState
2019-10-18 14:02:16,747 [grpc-default-executor-4] INFO  impl.RoleInfo (RoleInfo.java:shutdownFollowerState(121)) - 6cbfae60-ea29-4abc-a49d-ef94f4bd513a: shutdown FollowerState
2019-10-18 14:02:16,747 [Thread-2798] INFO  impl.FollowerState (FollowerState.java:run(117)) - 66f9d00c-1e97-4252-958c-bed5a531abda@group-E964BE911FCC-FollowerState was interrupted: java.lang.InterruptedException: sleep interrupted
2019-10-18 14:02:16,747 [Thread-2797] INFO  impl.FollowerState (FollowerState.java:run(117)) - 6cbfae60-ea29-4abc-a49d-ef94f4bd513a@group-E964BE911FCC-FollowerState was interrupted: java.lang.InterruptedException: sleep interrupted
2019-10-18 14:02:16,747 [grpc-default-executor-0] INFO  impl.RoleInfo (RoleInfo.java:updateAndGet(143)) - 66f9d00c-1e97-4252-958c-bed5a531abda: start FollowerState
2019-10-18 14:02:16,747 [grpc-default-executor-4] INFO  impl.RoleInfo (RoleInfo.java:updateAndGet(143)) - 6cbfae60-ea29-4abc-a49d-ef94f4bd513a: start FollowerState
2019-10-18 14:02:16,750 [92ce6e48-4722-407a-9620-5998c6999257@group-E964BE911FCC-LeaderElection384] INFO  impl.LeaderElection (LeaderElection.java:logAndReturn(56)) - 92ce6e48-4722-407a-9620-5998c6999257@group-E964BE911FCC-LeaderElection384: Election TIMEOUT; received 0 response(s) [] and 0 exception(s); 92ce6e48-4722-407a-9620-5998c6999257@group-E964BE911FCC:t424, leader=null, voted=92ce6e48-4722-407a-9620-5998c6999257, raftlog=92ce6e48-4722-407a-9620-5998c6999257@group-E964BE911FCC-SegmentedRaftLog:OPENED:c-1,f-1,i0, conf=-1: [6cbfae60-ea29-4abc-a49d-ef94f4bd513a:192.168.69.85:36685, 66f9d00c-1e97-4252-958c-bed5a531abda:192.168.69.85:45996, 92ce6e48-4722-407a-9620-5998c6999257:192.168.69.85:34971], old=null
2019-10-18 14:02:16,761 [92ce6e48-4722-407a-9620-5998c6999257@group-E964BE911FCC-LeaderElection384] INFO  impl.LeaderElection (LeaderElection.java:askForVotes(178)) - 92ce6e48-4722-407a-9620-5998c6999257@group-E964BE911FCC-LeaderElection384: begin an election at term 425 for -1: [6cbfae60-ea29-4abc-a49d-ef94f4bd513a:192.168.69.85:36685, 66f9d00c-1e97-4252-958c-bed5a531abda:192.168.69.85:45996, 92ce6e48-4722-407a-9620-5998c6999257:192.168.69.85:34971], old=null
2019-10-18 14:02:16,762 [grpc-default-executor-4] INFO  impl.RaftServerImpl (RaftServerImpl.java:setRole(184)) - 6cbfae60-ea29-4abc-a49d-ef94f4bd513a@group-E964BE911FCC: changes role from  FOLLOWER to FOLLOWER at term 425 for recognizeCandidate:92ce6e48-4722-407a-9620-5998c6999257
2019-10-18 14:02:16,763 [grpc-default-executor-4] INFO  impl.RoleInfo (RoleInfo.java:shutdownFollowerState(121)) - 6cbfae60-ea29-4abc-a49d-ef94f4bd513a: shutdown FollowerState
2019-10-18 14:02:16,763 [grpc-default-executor-0] INFO  impl.RaftServerImpl (RaftServerImpl.java:setRole(184)) - 66f9d00c-1e97-4252-958c-bed5a531abda@group-E964BE911FCC: changes role from  FOLLOWER to FOLLOWER at term 425 for recognizeCandidate:92ce6e48-4722-407a-9620-5998c6999257
2019-10-18 14:02:16,763 [grpc-default-executor-0] INFO  impl.RoleInfo (RoleInfo.java:shutdownFollowerState(121)) - 66f9d00c-1e97-4252-958c-bed5a531abda: shutdown FollowerState
2019-10-18 14:02:16,763 [grpc-default-executor-0] INFO  impl.RoleInfo (RoleInfo.java:updateAndGet(143)) - 66f9d00c-1e97-4252-958c-bed5a531abda: start FollowerState
2019-10-18 14:02:16,763 [Thread-2806] INFO  impl.FollowerState (FollowerState.java:run(117)) - 6cbfae60-ea29-4abc-a49d-ef94f4bd513a@group-E964BE911FCC-FollowerState was interrupted: java.lang.InterruptedException: sleep interrupted
2019-10-18 14:02:16,763 [grpc-default-executor-4] INFO  impl.RoleInfo (RoleInfo.java:updateAndGet(143)) - 6cbfae60-ea29-4abc-a49d-ef94f4bd513a: start FollowerState
2019-10-18 14:02:16,763 [Thread-2805] INFO  impl.FollowerState (FollowerState.java:run(117)) - 66f9d00c-1e97-4252-958c-bed5a531abda@group-E964BE911FCC-FollowerState was interrupted: java.lang.InterruptedException: sleep interrupted
2019-10-18 14:02:16,777 [92ce6e48-4722-407a-9620-5998c6999257@group-E964BE911FCC-LeaderElection384] INFO  impl.LeaderElection (LeaderElection.java:logAndReturn(56)) - 92ce6e48-4722-407a-9620-5998c6999257@group-E964BE911FCC-LeaderElection384: Election REJECTED; received 2 response(s) [92ce6e48-4722-407a-9620-5998c6999257<-6cbfae60-ea29-4abc-a49d-ef94f4bd513a#0:FAIL-t425, 92ce6e48-4722-407a-9620-5998c6999257<-66f9d00c-1e97-4252-958c-bed5a531abda#0:FAIL-t425] and 0 exception(s); 92ce6e48-4722-407a-9620-5998c6999257@group-E964BE911FCC:t425, leader=null, voted=92ce6e48-4722-407a-9620-5998c6999257, raftlog=92ce6e48-4722-407a-9620-5998c6999257@group-E964BE911FCC-SegmentedRaftLog:OPENED:c-1,f-1,i0, conf=-1: [6cbfae60-ea29-4abc-a49d-ef94f4bd513a:192.168.69.85:36685, 66f9d00c-1e97-4252-958c-bed5a531abda:192.168.69.85:45996, 92ce6e48-4722-407a-9620-5998c6999257:192.168.69.85:34971], old=null
2019-10-18 14:02:16,777 [92ce6e48-4722-407a-9620-5998c6999257@group-E964BE911FCC-LeaderElection384] INFO  impl.RaftServerImpl (RaftServerImpl.java:setRole(184)) - 92ce6e48-4722-407a-9620-5998c6999257@group-E964BE911FCC: changes role from CANDIDATE to FOLLOWER at term 425 for DISCOVERED_A_NEW_TERM
2019-10-18 14:02:16,778 [92ce6e48-4722-407a-9620-5998c6999257@group-E964BE911FCC-LeaderElection384] INFO  impl.RoleInfo (RoleInfo.java:shutdownLeaderElection(134)) - 92ce6e48-4722-407a-9620-5998c6999257: shutdown LeaderElection
2019-10-18 14:02:16,778 [92ce6e48-4722-407a-9620-5998c6999257@group-E964BE911FCC-LeaderElection384] INFO  impl.RoleInfo (RoleInfo.java:updateAndGet(143)) - 92ce6e48-4722-407a-9620-5998c6999257: start FollowerState
2019-10-18 14:02:16,792 [Thread-2811] INFO  impl.FollowerState (FollowerState.java:run(108)) - 92ce6e48-4722-407a-9620-5998c6999257@group-E964BE911FCC-FollowerState: change to CANDIDATE, lastRpcTime:14ms, electionTimeout:14ms
2019-10-18 14:02:16,792 [Thread-2811] INFO  impl.RoleInfo (RoleInfo.java:shutdownFollowerState(121)) - 92ce6e48-4722-407a-9620-5998c6999257: shutdown FollowerState
2019-10-18 14:02:16,792 [Thread-2811] INFO  impl.RaftServerImpl (RaftServerImpl.java:setRole(184)) - 92ce6e48-4722-407a-9620-5998c6999257@group-E964BE911FCC: changes role from  FOLLOWER to CANDIDATE at term 425 for changeToCandidate
2019-10-18 14:02:16,792 [Thread-2811] INFO  impl.RoleInfo (RoleInfo.java:updateAndGet(143)) - 92ce6e48-4722-407a-9620-5998c6999257: start LeaderElection
2019-10-18 14:02:16,818 [92ce6e48-4722-407a-9620-5998c6999257@group-E964BE911FCC-LeaderElection385] INFO  impl.LeaderElection (LeaderElection.java:askForVotes(178)) - 92ce6e48-4722-407a-9620-5998c6999257@group-E964BE911FCC-LeaderElection385: begin an election at term 426 for -1: [6cbfae60-ea29-4abc-a49d-ef94f4bd513a:192.168.69.85:36685, 66f9d00c-1e97-4252-958c-bed5a531abda:192.168.69.85:45996, 92ce6e48-4722-407a-9620-5998c6999257:192.168.69.85:34971], old=null
2019-10-18 14:02:16,819 [grpc-default-executor-0] INFO  impl.RaftServerImpl (RaftServerImpl.java:setRole(184)) - 6cbfae60-ea29-4abc-a49d-ef94f4bd513a@group-E964BE911FCC: changes role from  FOLLOWER to FOLLOWER at term 426 for recognizeCandidate:92ce6e48-4722-407a-9620-5998c6999257
2019-10-18 14:02:16,819 [grpc-default-executor-0] INFO  impl.RoleInfo (RoleInfo.java:shutdownFollowerState(121)) - 6cbfae60-ea29-4abc-a49d-ef94f4bd513a: shutdown FollowerState
2019-10-18 14:02:16,819 [grpc-default-executor-4] INFO  impl.RaftServerImpl (RaftServerImpl.java:setRole(184)) - 66f9d00c-1e97-4252-958c-bed5a531abda@group-E964BE911FCC: changes role from  FOLLOWER to FOLLOWER at term 426 for recognizeCandidate:92ce6e48-4722-407a-9620-5998c6999257
2019-10-18 14:02:16,820 [grpc-default-executor-4] INFO  impl.RoleInfo (RoleInfo.java:shutdownFollowerState(121)) - 66f9d00c-1e97-4252-958c-bed5a531abda: shutdown FollowerState
2019-10-18 14:02:16,820 [Thread-2809] INFO  impl.FollowerState (FollowerState.java:run(117)) - 6cbfae60-ea29-4abc-a49d-ef94f4bd513a@group-E964BE911FCC-FollowerState was interrupted: java.lang.InterruptedException: sleep interrupted
2019-10-18 14:02:16,820 [grpc-default-executor-0] INFO  impl.RoleInfo (RoleInfo.java:updateAndGet(143)) - 6cbfae60-ea29-4abc-a49d-ef94f4bd513a: start FollowerState
2019-10-18 14:02:16,820 [Thread-2810] INFO  impl.FollowerState (FollowerState.java:run(117)) - 66f9d00c-1e97-4252-958c-bed5a531abda@group-E964BE911FCC-FollowerState was interrupted: java.lang.InterruptedException: sleep interrupted
2019-10-18 14:02:16,820 [grpc-default-executor-4] INFO  impl.RoleInfo (RoleInfo.java:updateAndGet(143)) - 66f9d00c-1e97-4252-958c-bed5a531abda: start FollowerState
2019-10-18 14:02:16,846 [92ce6e48-4722-407a-9620-5998c6999257@group-E964BE911FCC-LeaderElection385] INFO  impl.LeaderElection (LeaderElection.java:logAndReturn(56)) - 92ce6e48-4722-407a-9620-5998c6999257@group-E964BE911FCC-LeaderElection385: Election REJECTED; received 2 response(s) [92ce6e48-4722-407a-9620-5998c6999257<-6cbfae60-ea29-4abc-a49d-ef94f4bd513a#0:FAIL-t426, 92ce6e48-4722-407a-9620-5998c6999257<-66f9d00c-1e97-4252-958c-bed5a531abda#0:FAIL-t426] and 0 exception(s); 92ce6e48-4722-407a-9620-5998c6999257@group-E964BE911FCC:t426, leader=null, voted=92ce6e48-4722-407a-9620-5998c6999257, raftlog=92ce6e48-4722-407a-9620-5998c6999257@group-E964BE911FCC-SegmentedRaftLog:OPENED:c-1,f-1,i0, conf=-1: [6cbfae60-ea29-4abc-a49d-ef94f4bd513a:192.168.69.85:36685, 66f9d00c-1e97-4252-958c-bed5a531abda:192.168.69.85:45996, 92ce6e48-4722-407a-9620-5998c6999257:192.168.69.85:34971], old=null
2019-10-18 14:02:16,846 [92ce6e48-4722-407a-9620-5998c6999257@group-E964BE911FCC-LeaderElection385] INFO  impl.RaftServerImpl (RaftServerImpl.java:setRole(184)) - 92ce6e48-4722-407a-9620-5998c6999257@group-E964BE911FCC: changes role from CANDIDATE to FOLLOWER at term 426 for DISCOVERED_A_NEW_TERM
2019-10-18 14:02:16,846 [92ce6e48-4722-407a-9620-5998c6999257@group-E964BE911FCC-LeaderElection385] INFO  impl.RoleInfo (RoleInfo.java:shutdownLeaderElection(134)) - 92ce6e48-4722-407a-9620-5998c6999257: shutdown LeaderElection
2019-10-18 14:02:16,847 [92ce6e48-4722-407a-9620-5998c6999257@group-E964BE911FCC-LeaderElection385] INFO  impl.RoleInfo (RoleInfo.java:updateAndGet(143)) - 92ce6e48-4722-407a-9620-5998c6999257: start FollowerState
2019-10-18 14:02:16,964 [Thread-2817] INFO  impl.FollowerState (FollowerState.java:run(108)) - 92ce6e48-4722-407a-9620-5998c6999257@group-E964BE911FCC-FollowerState: change to CANDIDATE, lastRpcTime:117ms, electionTimeout:117ms
2019-10-18 14:02:16,964 [Thread-2817] INFO  impl.RoleInfo (RoleInfo.java:shutdownFollowerState(121)) - 92ce6e48-4722-407a-9620-5998c6999257: shutdown FollowerState
2019-10-18 14:02:16,964 [Thread-2817] INFO  impl.RaftServerImpl (RaftServerImpl.java:setRole(184)) - 92ce6e48-4722-407a-9620-5998c6999257@group-E964BE911FCC: changes role from  FOLLOWER to CANDIDATE at term 426 for changeToCandidate
2019-10-18 14:02:16,964 [Thread-2817] INFO  impl.RoleInfo (RoleInfo.java:updateAndGet(143)) - 92ce6e48-4722-407a-9620-5998c6999257: start LeaderElection
2019-10-18 14:02:16,979 [92ce6e48-4722-407a-9620-5998c6999257@group-E964BE911FCC-LeaderElection386] INFO  impl.LeaderElection (LeaderElection.java:askForVotes(178)) - 92ce6e48-4722-407a-9620-5998c6999257@group-E964BE911FCC-LeaderElection386: begin an election at term 427 for -1: [6cbfae60-ea29-4abc-a49d-ef94f4bd513a:192.168.69.85:36685, 66f9d00c-1e97-4252-958c-bed5a531abda:192.168.69.85:45996, 92ce6e48-4722-407a-9620-5998c6999257:192.168.69.85:34971], old=null
2019-10-18 14:02:16,981 [grpc-default-executor-4] INFO  impl.RaftServerImpl (RaftServerImpl.java:setRole(184)) - 66f9d00c-1e97-4252-958c-bed5a531abda@group-E964BE911FCC: changes role from  FOLLOWER to FOLLOWER at term 427 for recognizeCandidate:92ce6e48-4722-407a-9620-5998c6999257
2019-10-18 14:02:16,981 [grpc-default-executor-4] INFO  impl.RoleInfo (RoleInfo.java:shutdownFollowerState(121)) - 66f9d00c-1e97-4252-958c-bed5a531abda: shutdown FollowerState
2019-10-18 14:02:16,981 [grpc-default-executor-0] INFO  impl.RaftServerImpl (RaftServerImpl.java:setRole(184)) - 6cbfae60-ea29-4abc-a49d-ef94f4bd513a@group-E964BE911FCC: changes role from  FOLLOWER to FOLLOWER at term 427 for recognizeCandidate:92ce6e48-4722-407a-9620-5998c6999257
2019-10-18 14:02:16,981 [grpc-default-executor-0] INFO  impl.RoleInfo (RoleInfo.java:shutdownFollowerState(121)) - 6cbfae60-ea29-4abc-a49d-ef94f4bd513a: shutdown FollowerState
2019-10-18 14:02:16,981 [Thread-2816] INFO  impl.FollowerState (FollowerState.java:run(117)) - 66f9d00c-1e97-4252-958c-bed5a531abda@group-E964BE911FCC-FollowerState was interrupted: java.lang.InterruptedException: sleep interrupted
2019-10-18 14:02:16,981 [grpc-default-executor-4] INFO  impl.RoleInfo (RoleInfo.java:updateAndGet(143)) - 66f9d00c-1e97-4252-958c-bed5a531abda: start FollowerState
2019-10-18 14:02:16,982 [Thread-2815] INFO  impl.FollowerState (FollowerState.java:run(117)) - 6cbfae60-ea29-4abc-a49d-ef94f4bd513a@group-E964BE911FCC-FollowerState was interrupted: java.lang.InterruptedException: sleep interrupted
2019-10-18 14:02:16,982 [grpc-default-executor-0] INFO  impl.RoleInfo (RoleInfo.java:updateAndGet(143)) - 6cbfae60-ea29-4abc-a49d-ef94f4bd513a: start FollowerState
2019-10-18 14:02:16,999 [92ce6e48-4722-407a-9620-5998c6999257@group-E964BE911FCC-LeaderElection386] INFO  impl.LeaderElection (LeaderElection.java:logAndReturn(56)) - 92ce6e48-4722-407a-9620-5998c6999257@group-E964BE911FCC-LeaderElection386: Election REJECTED; received 2 response(s) [92ce6e48-4722-407a-9620-5998c6999257<-6cbfae60-ea29-4abc-a49d-ef94f4bd513a#0:FAIL-t427, 92ce6e48-4722-407a-9620-5998c6999257<-66f9d00c-1e97-4252-958c-bed5a531abda#0:FAIL-t427] and 0 exception(s); 92ce6e48-4722-407a-9620-5998c6999257@group-E964BE911FCC:t427, leader=null, voted=92ce6e48-4722-407a-9620-5998c6999257, raftlog=92ce6e48-4722-407a-9620-5998c6999257@group-E964BE911FCC-SegmentedRaftLog:OPENED:c-1,f-1,i0, conf=-1: [6cbfae60-ea29-4abc-a49d-ef94f4bd513a:192.168.69.85:36685, 66f9d00c-1e97-4252-958c-bed5a531abda:192.168.69.85:45996, 92ce6e48-4722-407a-9620-5998c6999257:192.168.69.85:34971], old=null
2019-10-18 14:02:16,999 [92ce6e48-4722-407a-9620-5998c6999257@group-E964BE911FCC-LeaderElection386] INFO  impl.RaftServerImpl (RaftServerImpl.java:setRole(184)) - 92ce6e48-4722-407a-9620-5998c6999257@group-E964BE911FCC: changes role from CANDIDATE to FOLLOWER at term 427 for DISCOVERED_A_NEW_TERM
2019-10-18 14:02:17,000 [92ce6e48-4722-407a-9620-5998c6999257@group-E964BE911FCC-LeaderElection386] INFO  impl.RoleInfo (RoleInfo.java:shutdownLeaderElection(134)) - 92ce6e48-4722-407a-9620-5998c6999257: shutdown LeaderElection
2019-10-18 14:02:17,000 [92ce6e48-4722-407a-9620-5998c6999257@group-E964BE911FCC-LeaderElection386] INFO  impl.RoleInfo (RoleInfo.java:updateAndGet(143)) - 92ce6e48-4722-407a-9620-5998c6999257: start FollowerState
2019-10-18 14:02:17,145 [Thread-2823] INFO  impl.FollowerState (FollowerState.java:run(108)) - 92ce6e48-4722-407a-9620-5998c6999257@group-E964BE911FCC-FollowerState: change to CANDIDATE, lastRpcTime:144ms, electionTimeout:144ms
2019-10-18 14:02:17,145 [Thread-2823] INFO  impl.RoleInfo (RoleInfo.java:shutdownFollowerState(121)) - 92ce6e48-4722-407a-9620-5998c6999257: shutdown FollowerState
2019-10-18 14:02:17,145 [Thread-2823] INFO  impl.RaftServerImpl (RaftServerImpl.java:setRole(184)) - 92ce6e48-4722-407a-9620-5998c6999257@group-E964BE911FCC: changes role from  FOLLOWER to CANDIDATE at term 427 for changeToCandidate
2019-10-18 14:02:17,145 [Thread-2823] INFO  impl.RoleInfo (RoleInfo.java:updateAndGet(143)) - 92ce6e48-4722-407a-9620-5998c6999257: start LeaderElection
2019-10-18 14:02:17,158 [92ce6e48-4722-407a-9620-5998c6999257@group-E964BE911FCC-LeaderElection387] INFO  impl.LeaderElection (LeaderElection.java:askForVotes(178)) - 92ce6e48-4722-407a-9620-5998c6999257@group-E964BE911FCC-LeaderElection387: begin an election at term 428 for -1: [6cbfae60-ea29-4abc-a49d-ef94f4bd513a:192.168.69.85:36685, 66f9d00c-1e97-4252-958c-bed5a531abda:192.168.69.85:45996, 92ce6e48-4722-407a-9620-5998c6999257:192.168.69.85:34971], old=null
2019-10-18 14:02:17,160 [grpc-default-executor-0] INFO  impl.RaftServerImpl (RaftServerImpl.java:setRole(184)) - 6cbfae60-ea29-4abc-a49d-ef94f4bd513a@group-E964BE911FCC: changes role from  FOLLOWER to FOLLOWER at term 428 for recognizeCandidate:92ce6e48-4722-407a-9620-5998c6999257
2019-10-18 14:02:17,160 [grpc-default-executor-0] INFO  impl.RoleInfo (RoleInfo.java:shutdownFollowerState(121)) - 6cbfae60-ea29-4abc-a49d-ef94f4bd513a: shutdown FollowerState
2019-10-18 14:02:17,160 [grpc-default-executor-0] INFO  impl.RoleInfo (RoleInfo.java:updateAndGet(143)) - 6cbfae60-ea29-4abc-a49d-ef94f4bd513a: start FollowerState
2019-10-18 14:02:17,160 [Thread-2822] INFO  impl.FollowerState (FollowerState.java:run(117)) - 6cbfae60-ea29-4abc-a49d-ef94f4bd513a@group-E964BE911FCC-FollowerState was interrupted: java.lang.InterruptedException: sleep interrupted
2019-10-18 14:02:17,160 [grpc-default-executor-4] INFO  impl.RaftServerImpl (RaftServerImpl.java:setRole(184)) - 66f9d00c-1e97-4252-958c-bed5a531abda@group-E964BE911FCC: changes role from  FOLLOWER to FOLLOWER at term 428 for recognizeCandidate:92ce6e48-4722-407a-9620-5998c6999257
2019-10-18 14:02:17,161 [grpc-default-executor-4] INFO  impl.RoleInfo (RoleInfo.java:shutdownFollowerState(121)) - 66f9d00c-1e97-4252-958c-bed5a531abda: shutdown FollowerState
2019-10-18 14:02:17,161 [grpc-default-executor-4] INFO  impl.RoleInfo (RoleInfo.java:updateAndGet(143)) - 66f9d00c-1e97-4252-958c-bed5a531abda: start FollowerState
2019-10-18 14:02:17,161 [Thread-2821] INFO  impl.FollowerState (FollowerState.java:run(117)) - 66f9d00c-1e97-4252-958c-bed5a531abda@group-E964BE911FCC-FollowerState was interrupted: java.lang.InterruptedException: sleep interrupted
2019-10-18 14:02:17,175 [92ce6e48-4722-407a-9620-5998c6999257@group-E964BE911FCC-LeaderElection387] INFO  impl.LeaderElection (LeaderElection.java:logAndReturn(56)) - 92ce6e48-4722-407a-9620-5998c6999257@group-E964BE911FCC-LeaderElection387: Election REJECTED; received 2 response(s) [92ce6e48-4722-407a-9620-5998c6999257<-6cbfae60-ea29-4abc-a49d-ef94f4bd513a#0:FAIL-t428, 92ce6e48-4722-407a-9620-5998c6999257<-66f9d00c-1e97-4252-958c-bed5a531abda#0:FAIL-t428] and 0 exception(s); 92ce6e48-4722-407a-9620-5998c6999257@group-E964BE911FCC:t428, leader=null, voted=92ce6e48-4722-407a-9620-5998c6999257, raftlog=92ce6e48-4722-407a-9620-5998c6999257@group-E964BE911FCC-SegmentedRaftLog:OPENED:c-1,f-1,i0, conf=-1: [6cbfae60-ea29-4abc-a49d-ef94f4bd513a:192.168.69.85:36685, 66f9d00c-1e97-4252-958c-bed5a531abda:192.168.69.85:45996, 92ce6e48-4722-407a-9620-5998c6999257:192.168.69.85:34971], old=null
2019-10-18 14:02:17,175 [92ce6e48-4722-407a-9620-5998c6999257@group-E964BE911FCC-LeaderElection387] INFO  impl.RaftServerImpl (RaftServerImpl.java:setRole(184)) - 92ce6e48-4722-407a-9620-5998c6999257@group-E964BE911FCC: changes role from CANDIDATE to FOLLOWER at term 428 for DISCOVERED_A_NEW_TERM
2019-10-18 14:02:17,175 [92ce6e48-4722-407a-9620-5998c6999257@group-E964BE911FCC-LeaderElection387] INFO  impl.RoleInfo (RoleInfo.java:shutdownLeaderElection(134)) - 92ce6e48-4722-407a-9620-5998c6999257: shutdown LeaderElection
2019-10-18 14:02:17,175 [92ce6e48-4722-407a-9620-5998c6999257@group-E964BE911FCC-LeaderElection387] INFO  impl.RoleInfo (RoleInfo.java:updateAndGet(143)) - 92ce6e48-4722-407a-9620-5998c6999257: start FollowerState
2019-10-18 14:02:17,310 [Thread-2829] INFO  impl.FollowerState (FollowerState.java:run(108)) - 92ce6e48-4722-407a-9620-5998c6999257@group-E964BE911FCC-FollowerState: change to CANDIDATE, lastRpcTime:135ms, electionTimeout:135ms
2019-10-18 14:02:17,310 [Thread-2829] INFO  impl.RoleInfo (RoleInfo.java:shutdownFollowerState(121)) - 92ce6e48-4722-407a-9620-5998c6999257: shutdown FollowerState
2019-10-18 14:02:17,311 [Thread-2829] INFO  impl.RaftServerImpl (RaftServerImpl.java:setRole(184)) - 92ce6e48-4722-407a-9620-5998c6999257@group-E964BE911FCC: changes role from  FOLLOWER to CANDIDATE at term 428 for changeToCandidate
2019-10-18 14:02:17,311 [Thread-2829] INFO  impl.RoleInfo (RoleInfo.java:updateAndGet(143)) - 92ce6e48-4722-407a-9620-5998c6999257: start LeaderElection
2019-10-18 14:02:17,324 [92ce6e48-4722-407a-9620-5998c6999257@group-E964BE911FCC-LeaderElection388] INFO  impl.LeaderElection (LeaderElection.java:askForVotes(178)) - 92ce6e48-4722-407a-9620-5998c6999257@group-E964BE911FCC-LeaderElection388: begin an election at term 429 for -1: [6cbfae60-ea29-4abc-a49d-ef94f4bd513a:192.168.69.85:36685, 66f9d00c-1e97-4252-958c-bed5a531abda:192.168.69.85:45996, 92ce6e48-4722-407a-9620-5998c6999257:192.168.69.85:34971], old=null
2019-10-18 14:02:17,326 [grpc-default-executor-0] INFO  impl.RaftServerImpl (RaftServerImpl.java:setRole(184)) - 6cbfae60-ea29-4abc-a49d-ef94f4bd513a@group-E964BE911FCC: changes role from  FOLLOWER to FOLLOWER at term 429 for recognizeCandidate:92ce6e48-4722-407a-9620-5998c6999257
2019-10-18 14:02:17,326 [grpc-default-executor-0] INFO  impl.RoleInfo (RoleInfo.java:shutdownFollowerState(121)) - 6cbfae60-ea29-4abc-a49d-ef94f4bd513a: shutdown FollowerState
2019-10-18 14:02:17,326 [grpc-default-executor-4] INFO  impl.RaftServerImpl (RaftServerImpl.java:setRole(184)) - 66f9d00c-1e97-4252-958c-bed5a531abda@group-E964BE911FCC: changes role from  FOLLOWER to FOLLOWER at term 429 for recognizeCandidate:92ce6e48-4722-407a-9620-5998c6999257
2019-10-18 14:02:17,327 [grpc-default-executor-4] INFO  impl.RoleInfo (RoleInfo.java:shutdownFollowerState(121)) - 66f9d00c-1e97-4252-958c-bed5a531abda: shutdown FollowerState
2019-10-18 14:02:17,326 [Thread-2827] INFO  impl.FollowerState (FollowerState.java:run(117)) - 6cbfae60-ea29-4abc-a49d-ef94f4bd513a@group-E964BE911FCC-FollowerState was interrupted: java.lang.InterruptedException: sleep interrupted
2019-10-18 14:02:17,326 [grpc-default-executor-0] INFO  impl.RoleInfo (RoleInfo.java:updateAndGet(143)) - 6cbfae60-ea29-4abc-a49d-ef94f4bd513a: start FollowerState
2019-10-18 14:02:17,327 [Thread-2828] INFO  impl.FollowerState (FollowerState.java:run(117)) - 66f9d00c-1e97-4252-958c-bed5a531abda@group-E964BE911FCC-FollowerState was interrupted: java.lang.InterruptedException: sleep interrupted
2019-10-18 14:02:17,327 [grpc-default-executor-4] INFO  impl.RoleInfo (RoleInfo.java:updateAndGet(143)) - 66f9d00c-1e97-4252-958c-bed5a531abda: start FollowerState
2019-10-18 14:02:17,342 [92ce6e48-4722-407a-9620-5998c6999257@group-E964BE911FCC-LeaderElection388] INFO  impl.LeaderElection (LeaderElection.java:logAndReturn(56)) - 92ce6e48-4722-407a-9620-5998c6999257@group-E964BE911FCC-LeaderElection388: Election REJECTED; received 2 response(s) [92ce6e48-4722-407a-9620-5998c6999257<-6cbfae60-ea29-4abc-a49d-ef94f4bd513a#0:FAIL-t429, 92ce6e48-4722-407a-9620-5998c6999257<-66f9d00c-1e97-4252-958c-bed5a531abda#0:FAIL-t429] and 0 exception(s); 92ce6e48-4722-407a-9620-5998c6999257@group-E964BE911FCC:t429, leader=null, voted=92ce6e48-4722-407a-9620-5998c6999257, raftlog=92ce6e48-4722-407a-9620-5998c6999257@group-E964BE911FCC-SegmentedRaftLog:OPENED:c-1,f-1,i0, conf=-1: [6cbfae60-ea29-4abc-a49d-ef94f4bd513a:192.168.69.85:36685, 66f9d00c-1e97-4252-958c-bed5a531abda:192.168.69.85:45996, 92ce6e48-4722-407a-9620-5998c6999257:192.168.69.85:34971], old=null
2019-10-18 14:02:17,342 [92ce6e48-4722-407a-9620-5998c6999257@group-E964BE911FCC-LeaderElection388] INFO  impl.RaftServerImpl (RaftServerImpl.java:setRole(184)) - 92ce6e48-4722-407a-9620-5998c6999257@group-E964BE911FCC: changes role from CANDIDATE to FOLLOWER at term 429 for DISCOVERED_A_NEW_TERM
2019-10-18 14:02:17,342 [92ce6e48-4722-407a-9620-5998c6999257@group-E964BE911FCC-LeaderElection388] INFO  impl.RoleInfo (RoleInfo.java:shutdownLeaderElection(134)) - 92ce6e48-4722-407a-9620-5998c6999257: shutdown LeaderElection
2019-10-18 14:02:17,342 [92ce6e48-4722-407a-9620-5998c6999257@group-E964BE911FCC-LeaderElection388] INFO  impl.RoleInfo (RoleInfo.java:updateAndGet(143)) - 92ce6e48-4722-407a-9620-5998c6999257: start FollowerState
2019-10-18 14:02:17,398 [Thread-2835] INFO  impl.FollowerState (FollowerState.java:run(108)) - 92ce6e48-4722-407a-9620-5998c6999257@group-E964BE911FCC-FollowerState: change to CANDIDATE, lastRpcTime:56ms, electionTimeout:56ms
2019-10-18 14:02:17,399 [Thread-2835] INFO  impl.RoleInfo (RoleInfo.java:shutdownFollowerState(121)) - 92ce6e48-4722-407a-9620-5998c6999257: shutdown FollowerState
2019-10-18 14:02:17,399 [Thread-2835] INFO  impl.RaftServerImpl (RaftServerImpl.java:setRole(184)) - 92ce6e48-4722-407a-9620-5998c6999257@group-E964BE911FCC: changes role from  FOLLOWER to CANDIDATE at term 429 for changeToCandidate
2019-10-18 14:02:17,399 [Thread-2835] INFO  impl.RoleInfo (RoleInfo.java:updateAndGet(143)) - 92ce6e48-4722-407a-9620-5998c6999257: start LeaderElection
2019-10-18 14:02:17,412 [92ce6e48-4722-407a-9620-5998c6999257@group-E964BE911FCC-LeaderElection389] INFO  impl.LeaderElection (LeaderElection.java:askForVotes(178)) - 92ce6e48-4722-407a-9620-5998c6999257@group-E964BE911FCC-LeaderElection389: begin an election at term 430 for -1: [6cbfae60-ea29-4abc-a49d-ef94f4bd513a:192.168.69.85:36685, 66f9d00c-1e97-4252-958c-bed5a531abda:192.168.69.85:45996, 92ce6e48-4722-407a-9620-5998c6999257:192.168.69.85:34971], old=null
2019-10-18 14:02:17,414 [grpc-default-executor-4] INFO  impl.RaftServerImpl (RaftServerImpl.java:setRole(184)) - 6cbfae60-ea29-4abc-a49d-ef94f4bd513a@group-E964BE911FCC: changes role from  FOLLOWER to FOLLOWER at term 430 for recognizeCandidate:92ce6e48-4722-407a-9620-5998c6999257
2019-10-18 14:02:17,414 [grpc-default-executor-4] INFO  impl.RoleInfo (RoleInfo.java:shutdownFollowerState(121)) - 6cbfae60-ea29-4abc-a49d-ef94f4bd513a: shutdown FollowerState
2019-10-18 14:02:17,414 [grpc-default-executor-4] INFO  impl.RoleInfo (RoleInfo.java:updateAndGet(143)) - 6cbfae60-ea29-4abc-a49d-ef94f4bd513a: start FollowerState
2019-10-18 14:02:17,414 [Thread-2833] INFO  impl.FollowerState (FollowerState.java:run(117)) - 6cbfae60-ea29-4abc-a49d-ef94f4bd513a@group-E964BE911FCC-FollowerState was interrupted: java.lang.InterruptedException: sleep interrupted
2019-10-18 14:02:17,414 [grpc-default-executor-0] INFO  impl.RaftServerImpl (RaftServerImpl.java:setRole(184)) - 66f9d00c-1e97-4252-958c-bed5a531abda@group-E964BE911FCC: changes role from  FOLLOWER to FOLLOWER at term 430 for recognizeCandidate:92ce6e48-4722-407a-9620-5998c6999257
2019-10-18 14:02:17,414 [grpc-default-executor-0] INFO  impl.RoleInfo (RoleInfo.java:shutdownFollowerState(121)) - 66f9d00c-1e97-4252-958c-bed5a531abda: shutdown FollowerState
2019-10-18 14:02:17,415 [grpc-default-executor-0] INFO  impl.RoleInfo (RoleInfo.java:updateAndGet(143)) - 66f9d00c-1e97-4252-958c-bed5a531abda: start FollowerState
2019-10-18 14:02:17,415 [Thread-2834] INFO  impl.FollowerState (FollowerState.java:run(117)) - 66f9d00c-1e97-4252-958c-bed5a531abda@group-E964BE911FCC-FollowerState was interrupted: java.lang.InterruptedException: sleep interrupted
2019-10-18 14:02:17,429 [92ce6e48-4722-407a-9620-5998c6999257@group-E964BE911FCC-LeaderElection389] INFO  impl.LeaderElection (LeaderElection.java:logAndReturn(56)) - 92ce6e48-4722-407a-9620-5998c6999257@group-E964BE911FCC-LeaderElection389: Election REJECTED; received 2 response(s) [92ce6e48-4722-407a-9620-5998c6999257<-6cbfae60-ea29-4abc-a49d-ef94f4bd513a#0:FAIL-t430, 92ce6e48-4722-407a-9620-5998c6999257<-66f9d00c-1e97-4252-958c-bed5a531abda#0:FAIL-t430] and 0 exception(s); 92ce6e48-4722-407a-9620-5998c6999257@group-E964BE911FCC:t430, leader=null, voted=92ce6e48-4722-407a-9620-5998c6999257, raftlog=92ce6e48-4722-407a-9620-5998c6999257@group-E964BE911FCC-SegmentedRaftLog:OPENED:c-1,f-1,i0, conf=-1: [6cbfae60-ea29-4abc-a49d-ef94f4bd513a:192.168.69.85:36685, 66f9d00c-1e97-4252-958c-bed5a531abda:192.168.69.85:45996, 92ce6e48-4722-407a-9620-5998c6999257:192.168.69.85:34971], old=null
2019-10-18 14:02:17,429 [92ce6e48-4722-407a-9620-5998c6999257@group-E964BE911FCC-LeaderElection389] INFO  impl.RaftServerImpl (RaftServerImpl.java:setRole(184)) - 92ce6e48-4722-407a-9620-5998c6999257@group-E964BE911FCC: changes role from CANDIDATE to FOLLOWER at term 430 for DISCOVERED_A_NEW_TERM
2019-10-18 14:02:17,429 [92ce6e48-4722-407a-9620-5998c6999257@group-E964BE911FCC-LeaderElection389] INFO  impl.RoleInfo (RoleInfo.java:shutdownLeaderElection(134)) - 92ce6e48-4722-407a-9620-5998c6999257: shutdown LeaderElection
2019-10-18 14:02:17,430 [92ce6e48-4722-407a-9620-5998c6999257@group-E964BE911FCC-LeaderElection389] INFO  impl.RoleInfo (RoleInfo.java:updateAndGet(143)) - 92ce6e48-4722-407a-9620-5998c6999257: start FollowerState
2019-10-18 14:02:17,458 [Thread-2841] INFO  impl.FollowerState (FollowerState.java:run(108)) - 92ce6e48-4722-407a-9620-5998c6999257@group-E964BE911FCC-FollowerState: change to CANDIDATE, lastRpcTime:28ms, electionTimeout:28ms
2019-10-18 14:02:17,458 [Thread-2841] INFO  impl.RoleInfo (RoleInfo.java:shutdownFollowerState(121)) - 92ce6e48-4722-407a-9620-5998c6999257: shutdown FollowerState
2019-10-18 14:02:17,458 [Thread-2841] INFO  impl.RaftServerImpl (RaftServerImpl.java:setRole(184)) - 92ce6e48-4722-407a-9620-5998c6999257@group-E964BE911FCC: changes role from  FOLLOWER to CANDIDATE at term 430 for changeToCandidate
2019-10-18 14:02:17,458 [Thread-2841] INFO  impl.RoleInfo (RoleInfo.java:updateAndGet(143)) - 92ce6e48-4722-407a-9620-5998c6999257: start LeaderElection
2019-10-18 14:02:17,473 [92ce6e48-4722-407a-9620-5998c6999257@group-E964BE911FCC-LeaderElection390] INFO  impl.LeaderElection (LeaderElection.java:askForVotes(178)) - 92ce6e48-4722-407a-9620-5998c6999257@group-E964BE911FCC-LeaderElection390: begin an election at term 431 for -1: [6cbfae60-ea29-4abc-a49d-ef94f4bd513a:192.168.69.85:36685, 66f9d00c-1e97-4252-958c-bed5a531abda:192.168.69.85:45996, 92ce6e48-4722-407a-9620-5998c6999257:192.168.69.85:34971], old=null
2019-10-18 14:02:17,474 [grpc-default-executor-4] INFO  impl.RaftServerImpl (RaftServerImpl.java:setRole(184)) - 6cbfae60-ea29-4abc-a49d-ef94f4bd513a@group-E964BE911FCC: changes role from  FOLLOWER to FOLLOWER at term 431 for recognizeCandidate:92ce6e48-4722-407a-9620-5998c6999257
2019-10-18 14:02:17,474 [grpc-default-executor-4] INFO  impl.RoleInfo (RoleInfo.java:shutdownFollowerState(121)) - 6cbfae60-ea29-4abc-a49d-ef94f4bd513a: shutdown FollowerState
2019-10-18 14:02:17,474 [grpc-default-executor-0] INFO  impl.RaftServerImpl (RaftServerImpl.java:setRole(184)) - 66f9d00c-1e97-4252-958c-bed5a531abda@group-E964BE911FCC: changes role from  FOLLOWER to FOLLOWER at term 431 for recognizeCandidate:92ce6e48-4722-407a-9620-5998c6999257
2019-10-18 14:02:17,474 [grpc-default-executor-4] INFO  impl.RoleInfo (RoleInfo.java:updateAndGet(143)) - 6cbfae60-ea29-4abc-a49d-ef94f4bd513a: start FollowerState
2019-10-18 14:02:17,474 [Thread-2839] INFO  impl.FollowerState (FollowerState.java:run(117)) - 6cbfae60-ea29-4abc-a49d-ef94f4bd513a@group-E964BE911FCC-FollowerState was interrupted: java.lang.InterruptedException: sleep interrupted
2019-10-18 14:02:17,474 [grpc-default-executor-0] INFO  impl.RoleInfo (RoleInfo.java:shutdownFollowerState(121)) - 66f9d00c-1e97-4252-958c-bed5a531abda: shutdown FollowerState
2019-10-18 14:02:17,474 [grpc-default-executor-0] INFO  impl.RoleInfo (RoleInfo.java:updateAndGet(143)) - 66f9d00c-1e97-4252-958c-bed5a531abda: start FollowerState
2019-10-18 14:02:17,475 [Thread-2840] INFO  impl.FollowerState (FollowerState.java:run(117)) - 66f9d00c-1e97-4252-958c-bed5a531abda@group-E964BE911FCC-FollowerState was interrupted: java.lang.InterruptedException: sleep interrupted
2019-10-18 14:02:17,500 [92ce6e48-4722-407a-9620-5998c6999257@group-E964BE911FCC-LeaderElection390] INFO  impl.LeaderElection (LeaderElection.java:logAndReturn(56)) - 92ce6e48-4722-407a-9620-5998c6999257@group-E964BE911FCC-LeaderElection390: Election REJECTED; received 2 response(s) [92ce6e48-4722-407a-9620-5998c6999257<-6cbfae60-ea29-4abc-a49d-ef94f4bd513a#0:FAIL-t431, 92ce6e48-4722-407a-9620-5998c6999257<-66f9d00c-1e97-4252-958c-bed5a531abda#0:FAIL-t431] and 0 exception(s); 92ce6e48-4722-407a-9620-5998c6999257@group-E964BE911FCC:t431, leader=null, voted=92ce6e48-4722-407a-9620-5998c6999257, raftlog=92ce6e48-4722-407a-9620-5998c6999257@group-E964BE911FCC-SegmentedRaftLog:OPENED:c-1,f-1,i0, conf=-1: [6cbfae60-ea29-4abc-a49d-ef94f4bd513a:192.168.69.85:36685, 66f9d00c-1e97-4252-958c-bed5a531abda:192.168.69.85:45996, 92ce6e48-4722-407a-9620-5998c6999257:192.168.69.85:34971], old=null
2019-10-18 14:02:17,500 [92ce6e48-4722-407a-9620-5998c6999257@group-E964BE911FCC-LeaderElection390] INFO  impl.RaftServerImpl (RaftServerImpl.java:setRole(184)) - 92ce6e48-4722-407a-9620-5998c6999257@group-E964BE911FCC: changes role from CANDIDATE to FOLLOWER at term 431 for DISCOVERED_A_NEW_TERM
2019-10-18 14:02:17,500 [92ce6e48-4722-407a-9620-5998c6999257@group-E964BE911FCC-LeaderElection390] INFO  impl.RoleInfo (RoleInfo.java:shutdownLeaderElection(134)) - 92ce6e48-4722-407a-9620-5998c6999257: shutdown LeaderElection
2019-10-18 14:02:17,500 [92ce6e48-4722-407a-9620-5998c6999257@group-E964BE911FCC-LeaderElection390] INFO  impl.RoleInfo (RoleInfo.java:updateAndGet(143)) - 92ce6e48-4722-407a-9620-5998c6999257: start FollowerState
2019-10-18 14:02:17,559 [Thread-2847] INFO  impl.FollowerState (FollowerState.java:run(108)) - 92ce6e48-4722-407a-9620-5998c6999257@group-E964BE911FCC-FollowerState: change to CANDIDATE, lastRpcTime:59ms, electionTimeout:59ms
2019-10-18 14:02:17,560 [Thread-2847] INFO  impl.RoleInfo (RoleInfo.java:shutdownFollowerState(121)) - 92ce6e48-4722-407a-9620-5998c6999257: shutdown FollowerState
2019-10-18 14:02:17,560 [Thread-2847] INFO  impl.RaftServerImpl (RaftServerImpl.java:setRole(184)) - 92ce6e48-4722-407a-9620-5998c6999257@group-E964BE911FCC: changes role from  FOLLOWER to CANDIDATE at term 431 for changeToCandidate
2019-10-18 14:02:17,560 [Thread-2847] INFO  impl.RoleInfo (RoleInfo.java:updateAndGet(143)) - 92ce6e48-4722-407a-9620-5998c6999257: start LeaderElection
2019-10-18 14:02:17,593 [92ce6e48-4722-407a-9620-5998c6999257@group-E964BE911FCC-LeaderElection391] INFO  impl.LeaderElection (LeaderElection.java:askForVotes(178)) - 92ce6e48-4722-407a-9620-5998c6999257@group-E964BE911FCC-LeaderElection391: begin an election at term 432 for -1: [6cbfae60-ea29-4abc-a49d-ef94f4bd513a:192.168.69.85:36685, 66f9d00c-1e97-4252-958c-bed5a531abda:192.168.69.85:45996, 92ce6e48-4722-407a-9620-5998c6999257:192.168.69.85:34971], old=null
2019-10-18 14:02:17,595 [grpc-default-executor-4] INFO  impl.RaftServerImpl (RaftServerImpl.java:setRole(184)) - 6cbfae60-ea29-4abc-a49d-ef94f4bd513a@group-E964BE911FCC: changes role from  FOLLOWER to FOLLOWER at term 432 for recognizeCandidate:92ce6e48-4722-407a-9620-5998c6999257
2019-10-18 14:02:17,596 [grpc-default-executor-4] INFO  impl.RoleInfo (RoleInfo.java:shutdownFollowerState(121)) - 6cbfae60-ea29-4abc-a49d-ef94f4bd513a: shutdown FollowerState
2019-10-18 14:02:17,596 [grpc-default-executor-0] INFO  impl.RaftServerImpl (RaftServerImpl.java:setRole(184)) - 66f9d00c-1e97-4252-958c-bed5a531abda@group-E964BE911FCC: changes role from  FOLLOWER to FOLLOWER at term 432 for recognizeCandidate:92ce6e48-4722-407a-9620-5998c6999257
2019-10-18 14:02:17,596 [grpc-default-executor-0] INFO  impl.RoleInfo (RoleInfo.java:shutdownFollowerState(121)) - 66f9d00c-1e97-4252-958c-bed5a531abda: shutdown FollowerState
2019-10-18 14:02:17,596 [Thread-2845] INFO  impl.FollowerState (FollowerState.java:run(117)) - 6cbfae60-ea29-4abc-a49d-ef94f4bd513a@group-E964BE911FCC-FollowerState was interrupted: java.lang.InterruptedException: sleep interrupted
2019-10-18 14:02:17,596 [grpc-default-executor-4] INFO  impl.RoleInfo (RoleInfo.java:updateAndGet(143)) - 6cbfae60-ea29-4abc-a49d-ef94f4bd513a: start FollowerState
2019-10-18 14:02:17,596 [Thread-2846] INFO  impl.FollowerState (FollowerState.java:run(117)) - 66f9d00c-1e97-4252-958c-bed5a531abda@group-E964BE911FCC-FollowerState was interrupted: java.lang.InterruptedException: sleep interrupted
2019-10-18 14:02:17,596 [grpc-default-executor-0] INFO  impl.RoleInfo (RoleInfo.java:updateAndGet(143)) - 66f9d00c-1e97-4252-958c-bed5a531abda: start FollowerState
2019-10-18 14:02:17,611 [92ce6e48-4722-407a-9620-5998c6999257@group-E964BE911FCC-LeaderElection391] INFO  impl.LeaderElection (LeaderElection.java:logAndReturn(56)) - 92ce6e48-4722-407a-9620-5998c6999257@group-E964BE911FCC-LeaderElection391: Election REJECTED; received 2 response(s) [92ce6e48-4722-407a-9620-5998c6999257<-6cbfae60-ea29-4abc-a49d-ef94f4bd513a#0:FAIL-t432, 92ce6e48-4722-407a-9620-5998c6999257<-66f9d00c-1e97-4252-958c-bed5a531abda#0:FAIL-t432] and 0 exception(s); 92ce6e48-4722-407a-9620-5998c6999257@group-E964BE911FCC:t432, leader=null, voted=92ce6e48-4722-407a-9620-5998c6999257, raftlog=92ce6e48-4722-407a-9620-5998c6999257@group-E964BE911FCC-SegmentedRaftLog:OPENED:c-1,f-1,i0, conf=-1: [6cbfae60-ea29-4abc-a49d-ef94f4bd513a:192.168.69.85:36685, 66f9d00c-1e97-4252-958c-bed5a531abda:192.168.69.85:45996, 92ce6e48-4722-407a-9620-5998c6999257:192.168.69.85:34971], old=null
2019-10-18 14:02:17,611 [92ce6e48-4722-407a-9620-5998c6999257@group-E964BE911FCC-LeaderElection391] INFO  impl.RaftServerImpl (RaftServerImpl.java:setRole(184)) - 92ce6e48-4722-407a-9620-5998c6999257@group-E964BE911FCC: changes role from CANDIDATE to FOLLOWER at term 432 for DISCOVERED_A_NEW_TERM
2019-10-18 14:02:17,611 [92ce6e48-4722-407a-9620-5998c6999257@group-E964BE911FCC-LeaderElection391] INFO  impl.RoleInfo (RoleInfo.java:shutdownLeaderElection(134)) - 92ce6e48-4722-407a-9620-5998c6999257: shutdown LeaderElection
2019-10-18 14:02:17,611 [92ce6e48-4722-407a-9620-5998c6999257@group-E964BE911FCC-LeaderElection391] INFO  impl.RoleInfo (RoleInfo.java:updateAndGet(143)) - 92ce6e48-4722-407a-9620-5998c6999257: start FollowerState
2019-10-18 14:02:17,647 [Thread-2855] INFO  impl.FollowerState (FollowerState.java:run(108)) - 92ce6e48-4722-407a-9620-5998c6999257@group-E964BE911FCC-FollowerState: change to CANDIDATE, lastRpcTime:35ms, electionTimeout:35ms
2019-10-18 14:02:17,647 [Thread-2855] INFO  impl.RoleInfo (RoleInfo.java:shutdownFollowerState(121)) - 92ce6e48-4722-407a-9620-5998c6999257: shutdown FollowerState
2019-10-18 14:02:17,647 [Thread-2855] INFO  impl.RaftServerImpl (RaftServerImpl.java:setRole(184)) - 92ce6e48-4722-407a-9620-5998c6999257@group-E964BE911FCC: changes role from  FOLLOWER to CANDIDATE at term 432 for changeToCandidate
2019-10-18 14:02:17,647 [Thread-2855] INFO  impl.RoleInfo (RoleInfo.java:updateAndGet(143)) - 92ce6e48-4722-407a-9620-5998c6999257: start LeaderElection
2019-10-18 14:02:17,660 [92ce6e48-4722-407a-9620-5998c6999257@group-E964BE911FCC-LeaderElection392] INFO  impl.LeaderElection (LeaderElection.java:askForVotes(178)) - 92ce6e48-4722-407a-9620-5998c6999257@group-E964BE911FCC-LeaderElection392: begin an election at term 433 for -1: [6cbfae60-ea29-4abc-a49d-ef94f4bd513a:192.168.69.85:36685, 66f9d00c-1e97-4252-958c-bed5a531abda:192.168.69.85:45996, 92ce6e48-4722-407a-9620-5998c6999257:192.168.69.85:34971], old=null
2019-10-18 14:02:17,661 [92ce6e48-4722-407a-9620-5998c6999257@group-E964BE911FCC-LeaderElection392] INFO  impl.LeaderElection (LeaderElection.java:logAndReturn(56)) - 92ce6e48-4722-407a-9620-5998c6999257@group-E964BE911FCC-LeaderElection392: Election TIMEOUT; received 0 response(s) [] and 0 exception(s); 92ce6e48-4722-407a-9620-5998c6999257@group-E964BE911FCC:t433, leader=null, voted=92ce6e48-4722-407a-9620-5998c6999257, raftlog=92ce6e48-4722-407a-9620-5998c6999257@group-E964BE911FCC-SegmentedRaftLog:OPENED:c-1,f-1,i0, conf=-1: [6cbfae60-ea29-4abc-a49d-ef94f4bd513a:192.168.69.85:36685, 66f9d00c-1e97-4252-958c-bed5a531abda:192.168.69.85:45996, 92ce6e48-4722-407a-9620-5998c6999257:192.168.69.85:34971], old=null
2019-10-18 14:02:17,662 [grpc-default-executor-4] INFO  impl.RaftServerImpl (RaftServerImpl.java:setRole(184)) - 6cbfae60-ea29-4abc-a49d-ef94f4bd513a@group-E964BE911FCC: changes role from  FOLLOWER to FOLLOWER at term 433 for recognizeCandidate:92ce6e48-4722-407a-9620-5998c6999257
2019-10-18 14:02:17,662 [grpc-default-executor-4] INFO  impl.RoleInfo (RoleInfo.java:shutdownFollowerState(121)) - 6cbfae60-ea29-4abc-a49d-ef94f4bd513a: shutdown FollowerState
2019-10-18 14:02:17,663 [grpc-default-executor-4] INFO  impl.RoleInfo (RoleInfo.java:updateAndGet(143)) - 6cbfae60-ea29-4abc-a49d-ef94f4bd513a: start FollowerState
2019-10-18 14:02:17,663 [Thread-2853] INFO  impl.FollowerState (FollowerState.java:run(117)) - 6cbfae60-ea29-4abc-a49d-ef94f4bd513a@group-E964BE911FCC-FollowerState was interrupted: java.lang.InterruptedException: sleep interrupted
2019-10-18 14:02:17,663 [grpc-default-executor-0] INFO  impl.RaftServerImpl (RaftServerImpl.java:setRole(184)) - 66f9d00c-1e97-4252-958c-bed5a531abda@group-E964BE911FCC: changes role from  FOLLOWER to FOLLOWER at term 433 for recognizeCandidate:92ce6e48-4722-407a-9620-5998c6999257
2019-10-18 14:02:17,663 [grpc-default-executor-0] INFO  impl.RoleInfo (RoleInfo.java:shutdownFollowerState(121)) - 66f9d00c-1e97-4252-958c-bed5a531abda: shutdown FollowerState
2019-10-18 14:02:17,663 [grpc-default-executor-0] INFO  impl.RoleInfo (RoleInfo.java:updateAndGet(143)) - 66f9d00c-1e97-4252-958c-bed5a531abda: start FollowerState
2019-10-18 14:02:17,663 [Thread-2854] INFO  impl.FollowerState (FollowerState.java:run(117)) - 66f9d00c-1e97-4252-958c-bed5a531abda@group-E964BE911FCC-FollowerState was interrupted: java.lang.InterruptedException: sleep interrupted
2019-10-18 14:02:17,675 [92ce6e48-4722-407a-9620-5998c6999257@group-E964BE911FCC-LeaderElection392] INFO  impl.LeaderElection (LeaderElection.java:askForVotes(178)) - 92ce6e48-4722-407a-9620-5998c6999257@group-E964BE911FCC-LeaderElection392: begin an election at term 434 for -1: [6cbfae60-ea29-4abc-a49d-ef94f4bd513a:192.168.69.85:36685, 66f9d00c-1e97-4252-958c-bed5a531abda:192.168.69.85:45996, 92ce6e48-4722-407a-9620-5998c6999257:192.168.69.85:34971], old=null
2019-10-18 14:02:17,677 [grpc-default-executor-4] INFO  impl.RaftServerImpl (RaftServerImpl.java:setRole(184)) - 6cbfae60-ea29-4abc-a49d-ef94f4bd513a@group-E964BE911FCC: changes role from  FOLLOWER to FOLLOWER at term 434 for recognizeCandidate:92ce6e48-4722-407a-9620-5998c6999257
2019-10-18 14:02:17,677 [grpc-default-executor-4] INFO  impl.RoleInfo (RoleInfo.java:shutdownFollowerState(121)) - 6cbfae60-ea29-4abc-a49d-ef94f4bd513a: shutdown FollowerState
2019-10-18 14:02:17,677 [grpc-default-executor-4] INFO  impl.RoleInfo (RoleInfo.java:updateAndGet(143)) - 6cbfae60-ea29-4abc-a49d-ef94f4bd513a: start FollowerState
2019-10-18 14:02:17,677 [Thread-2859] INFO  impl.FollowerState (FollowerState.java:run(117)) - 6cbfae60-ea29-4abc-a49d-ef94f4bd513a@group-E964BE911FCC-FollowerState was interrupted: java.lang.InterruptedException: sleep interrupted
2019-10-18 14:02:17,677 [grpc-default-executor-0] INFO  impl.RaftServerImpl (RaftServerImpl.java:setRole(184)) - 66f9d00c-1e97-4252-958c-bed5a531abda@group-E964BE911FCC: changes role from  FOLLOWER to FOLLOWER at term 434 for recognizeCandidate:92ce6e48-4722-407a-9620-5998c6999257
2019-10-18 14:02:17,677 [grpc-default-executor-0] INFO  impl.RoleInfo (RoleInfo.java:shutdownFollowerState(121)) - 66f9d00c-1e97-4252-958c-bed5a531abda: shutdown FollowerState
2019-10-18 14:02:17,677 [grpc-default-executor-0] INFO  impl.RoleInfo (RoleInfo.java:updateAndGet(143)) - 66f9d00c-1e97-4252-958c-bed5a531abda: start FollowerState
2019-10-18 14:02:17,677 [Thread-2860] INFO  impl.FollowerState (FollowerState.java:run(117)) - 66f9d00c-1e97-4252-958c-bed5a531abda@group-E964BE911FCC-FollowerState was interrupted: java.lang.InterruptedException: sleep interrupted
2019-10-18 14:02:17,704 [92ce6e48-4722-407a-9620-5998c6999257@group-E964BE911FCC-LeaderElection392] INFO  impl.LeaderElection (LeaderElection.java:logAndReturn(56)) - 92ce6e48-4722-407a-9620-5998c6999257@group-E964BE911FCC-LeaderElection392: Election REJECTED; received 2 response(s) [92ce6e48-4722-407a-9620-5998c6999257<-6cbfae60-ea29-4abc-a49d-ef94f4bd513a#0:FAIL-t434, 92ce6e48-4722-407a-9620-5998c6999257<-66f9d00c-1e97-4252-958c-bed5a531abda#0:FAIL-t434] and 0 exception(s); 92ce6e48-4722-407a-9620-5998c6999257@group-E964BE911FCC:t434, leader=null, voted=92ce6e48-4722-407a-9620-5998c6999257, raftlog=92ce6e48-4722-407a-9620-5998c6999257@group-E964BE911FCC-SegmentedRaftLog:OPENED:c-1,f-1,i0, conf=-1: [6cbfae60-ea29-4abc-a49d-ef94f4bd513a:192.168.69.85:36685, 66f9d00c-1e97-4252-958c-bed5a531abda:192.168.69.85:45996, 92ce6e48-4722-407a-9620-5998c6999257:192.168.69.85:34971], old=null
2019-10-18 14:02:17,704 [92ce6e48-4722-407a-9620-5998c6999257@group-E964BE911FCC-LeaderElection392] INFO  impl.RaftServerImpl (RaftServerImpl.java:setRole(184)) - 92ce6e48-4722-407a-9620-5998c6999257@group-E964BE911FCC: changes role from CANDIDATE to FOLLOWER at term 434 for DISCOVERED_A_NEW_TERM
2019-10-18 14:02:17,704 [92ce6e48-4722-407a-9620-5998c6999257@group-E964BE911FCC-LeaderElection392] INFO  impl.RoleInfo (RoleInfo.java:shutdownLeaderElection(134)) - 92ce6e48-4722-407a-9620-5998c6999257: shutdown LeaderElection
2019-10-18 14:02:17,704 [92ce6e48-4722-407a-9620-5998c6999257@group-E964BE911FCC-LeaderElection392] INFO  impl.RoleInfo (RoleInfo.java:updateAndGet(143)) - 92ce6e48-4722-407a-9620-5998c6999257: start FollowerState
2019-10-18 14:02:17,879 [Thread-2865] INFO  impl.FollowerState (FollowerState.java:run(108)) - 92ce6e48-4722-407a-9620-5998c6999257@group-E964BE911FCC-FollowerState: change to CANDIDATE, lastRpcTime:174ms, electionTimeout:174ms
2019-10-18 14:02:17,879 [Thread-2865] INFO  impl.RoleInfo (RoleInfo.java:shutdownFollowerState(121)) - 92ce6e48-4722-407a-9620-5998c6999257: shutdown FollowerState
2019-10-18 14:02:17,879 [Thread-2865] INFO  impl.RaftServerImpl (RaftServerImpl.java:setRole(184)) - 92ce6e48-4722-407a-9620-5998c6999257@group-E964BE911FCC: changes role from  FOLLOWER to CANDIDATE at term 434 for changeToCandidate
2019-10-18 14:02:17,879 [Thread-2865] INFO  impl.RoleInfo (RoleInfo.java:updateAndGet(143)) - 92ce6e48-4722-407a-9620-5998c6999257: start LeaderElection
2019-10-18 14:02:17,906 [92ce6e48-4722-407a-9620-5998c6999257@group-E964BE911FCC-LeaderElection393] INFO  impl.LeaderElection (LeaderElection.java:askForVotes(178)) - 92ce6e48-4722-407a-9620-5998c6999257@group-E964BE911FCC-LeaderElection393: begin an election at term 435 for -1: [6cbfae60-ea29-4abc-a49d-ef94f4bd513a:192.168.69.85:36685, 66f9d00c-1e97-4252-958c-bed5a531abda:192.168.69.85:45996, 92ce6e48-4722-407a-9620-5998c6999257:192.168.69.85:34971], old=null
2019-10-18 14:02:17,908 [grpc-default-executor-0] INFO  impl.RaftServerImpl (RaftServerImpl.java:setRole(184)) - 6cbfae60-ea29-4abc-a49d-ef94f4bd513a@group-E964BE911FCC: changes role from  FOLLOWER to FOLLOWER at term 435 for recognizeCandidate:92ce6e48-4722-407a-9620-5998c6999257
2019-10-18 14:02:17,908 [grpc-default-executor-4] INFO  impl.RaftServerImpl (RaftServerImpl.java:setRole(184)) - 66f9d00c-1e97-4252-958c-bed5a531abda@group-E964BE911FCC: changes role from  FOLLOWER to FOLLOWER at term 435 for recognizeCandidate:92ce6e48-4722-407a-9620-5998c6999257
2019-10-18 14:02:17,908 [grpc-default-executor-0] INFO  impl.RoleInfo (RoleInfo.java:shutdownFollowerState(121)) - 6cbfae60-ea29-4abc-a49d-ef94f4bd513a: shutdown FollowerState
2019-10-18 14:02:17,908 [grpc-default-executor-4] INFO  impl.RoleInfo (RoleInfo.java:shutdownFollowerState(121)) - 66f9d00c-1e97-4252-958c-bed5a531abda: shutdown FollowerState
2019-10-18 14:02:17,909 [grpc-default-executor-0] INFO  impl.RoleInfo (RoleInfo.java:updateAndGet(143)) - 6cbfae60-ea29-4abc-a49d-ef94f4bd513a: start FollowerState
2019-10-18 14:02:17,909 [Thread-2864] INFO  impl.FollowerState (FollowerState.java:run(117)) - 66f9d00c-1e97-4252-958c-bed5a531abda@group-E964BE911FCC-FollowerState was interrupted: java.lang.InterruptedException: sleep interrupted
2019-10-18 14:02:17,909 [Thread-2863] INFO  impl.FollowerState (FollowerState.java:run(117)) - 6cbfae60-ea29-4abc-a49d-ef94f4bd513a@group-E964BE911FCC-FollowerState was interrupted: java.lang.InterruptedException: sleep interrupted
2019-10-18 14:02:17,909 [grpc-default-executor-4] INFO  impl.RoleInfo (RoleInfo.java:updateAndGet(143)) - 66f9d00c-1e97-4252-958c-bed5a531abda: start FollowerState
2019-10-18 14:02:17,910 [92ce6e48-4722-407a-9620-5998c6999257@group-E964BE911FCC-LeaderElection393] INFO  impl.LeaderElection (LeaderElection.java:logAndReturn(56)) - 92ce6e48-4722-407a-9620-5998c6999257@group-E964BE911FCC-LeaderElection393: Election TIMEOUT; received 0 response(s) [] and 0 exception(s); 92ce6e48-4722-407a-9620-5998c6999257@group-E964BE911FCC:t435, leader=null, voted=92ce6e48-4722-407a-9620-5998c6999257, raftlog=92ce6e48-4722-407a-9620-5998c6999257@group-E964BE911FCC-SegmentedRaftLog:OPENED:c-1,f-1,i0, conf=-1: [6cbfae60-ea29-4abc-a49d-ef94f4bd513a:192.168.69.85:36685, 66f9d00c-1e97-4252-958c-bed5a531abda:192.168.69.85:45996, 92ce6e48-4722-407a-9620-5998c6999257:192.168.69.85:34971], old=null
2019-10-18 14:02:17,924 [92ce6e48-4722-407a-9620-5998c6999257@group-E964BE911FCC-LeaderElection393] INFO  impl.LeaderElection (LeaderElection.java:askForVotes(178)) - 92ce6e48-4722-407a-9620-5998c6999257@group-E964BE911FCC-LeaderElection393: begin an election at term 436 for -1: [6cbfae60-ea29-4abc-a49d-ef94f4bd513a:192.168.69.85:36685, 66f9d00c-1e97-4252-958c-bed5a531abda:192.168.69.85:45996, 92ce6e48-4722-407a-9620-5998c6999257:192.168.69.85:34971], old=null
2019-10-18 14:02:17,925 [grpc-default-executor-4] INFO  impl.RaftServerImpl (RaftServerImpl.java:setRole(184)) - 6cbfae60-ea29-4abc-a49d-ef94f4bd513a@group-E964BE911FCC: changes role from  FOLLOWER to FOLLOWER at term 436 for recognizeCandidate:92ce6e48-4722-407a-9620-5998c6999257
2019-10-18 14:02:17,925 [grpc-default-executor-4] INFO  impl.RoleInfo (RoleInfo.java:shutdownFollowerState(121)) - 6cbfae60-ea29-4abc-a49d-ef94f4bd513a: shutdown FollowerState
2019-10-18 14:02:17,925 [grpc-default-executor-0] INFO  impl.RaftServerImpl (RaftServerImpl.java:setRole(184)) - 66f9d00c-1e97-4252-958c-bed5a531abda@group-E964BE911FCC: changes role from  FOLLOWER to FOLLOWER at term 436 for recognizeCandidate:92ce6e48-4722-407a-9620-5998c6999257
2019-10-18 14:02:17,926 [grpc-default-executor-0] INFO  impl.RoleInfo (RoleInfo.java:shutdownFollowerState(121)) - 66f9d00c-1e97-4252-958c-bed5a531abda: shutdown FollowerState
2019-10-18 14:02:17,926 [Thread-2869] INFO  impl.FollowerState (FollowerState.java:run(117)) - 6cbfae60-ea29-4abc-a49d-ef94f4bd513a@group-E964BE911FCC-FollowerState was interrupted: java.lang.InterruptedException: sleep interrupted
2019-10-18 14:02:17,926 [Thread-2870] INFO  impl.FollowerState (FollowerState.java:run(117)) - 66f9d00c-1e97-4252-958c-bed5a531abda@group-E964BE911FCC-FollowerState was interrupted: java.lang.InterruptedException: sleep interrupted
2019-10-18 14:02:17,925 [grpc-default-executor-4] INFO  impl.RoleInfo (RoleInfo.java:updateAndGet(143)) - 6cbfae60-ea29-4abc-a49d-ef94f4bd513a: start FollowerState
2019-10-18 14:02:17,926 [grpc-default-executor-0] INFO  impl.RoleInfo (RoleInfo.java:updateAndGet(143)) - 66f9d00c-1e97-4252-958c-bed5a531abda: start FollowerState
2019-10-18 14:02:17,942 [92ce6e48-4722-407a-9620-5998c6999257@group-E964BE911FCC-LeaderElection393] INFO  impl.LeaderElection (LeaderElection.java:logAndReturn(56)) - 92ce6e48-4722-407a-9620-5998c6999257@group-E964BE911FCC-LeaderElection393: Election REJECTED; received 2 response(s) [92ce6e48-4722-407a-9620-5998c6999257<-6cbfae60-ea29-4abc-a49d-ef94f4bd513a#0:FAIL-t436, 92ce6e48-4722-407a-9620-5998c6999257<-66f9d00c-1e97-4252-958c-bed5a531abda#0:FAIL-t436] and 0 exception(s); 92ce6e48-4722-407a-9620-5998c6999257@group-E964BE911FCC:t436, leader=null, voted=92ce6e48-4722-407a-9620-5998c6999257, raftlog=92ce6e48-4722-407a-9620-5998c6999257@group-E964BE911FCC-SegmentedRaftLog:OPENED:c-1,f-1,i0, conf=-1: [6cbfae60-ea29-4abc-a49d-ef94f4bd513a:192.168.69.85:36685, 66f9d00c-1e97-4252-958c-bed5a531abda:192.168.69.85:45996, 92ce6e48-4722-407a-9620-5998c6999257:192.168.69.85:34971], old=null
2019-10-18 14:02:17,942 [92ce6e48-4722-407a-9620-5998c6999257@group-E964BE911FCC-LeaderElection393] INFO  impl.RaftServerImpl (RaftServerImpl.java:setRole(184)) - 92ce6e48-4722-407a-9620-5998c6999257@group-E964BE911FCC: changes role from CANDIDATE to FOLLOWER at term 436 for DISCOVERED_A_NEW_TERM
2019-10-18 14:02:17,942 [92ce6e48-4722-407a-9620-5998c6999257@group-E964BE911FCC-LeaderElection393] INFO  impl.RoleInfo (RoleInfo.java:shutdownLeaderElection(134)) - 92ce6e48-4722-407a-9620-5998c6999257: shutdown LeaderElection
2019-10-18 14:02:17,942 [92ce6e48-4722-407a-9620-5998c6999257@group-E964BE911FCC-LeaderElection393] INFO  impl.RoleInfo (RoleInfo.java:updateAndGet(143)) - 92ce6e48-4722-407a-9620-5998c6999257: start FollowerState
2019-10-18 14:02:18,085 [Thread-2875] INFO  impl.FollowerState (FollowerState.java:run(108)) - 92ce6e48-4722-407a-9620-5998c6999257@group-E964BE911FCC-FollowerState: change to CANDIDATE, lastRpcTime:142ms, electionTimeout:142ms
2019-10-18 14:02:18,085 [Thread-2875] INFO  impl.RoleInfo (RoleInfo.java:shutdownFollowerState(121)) - 92ce6e48-4722-407a-9620-5998c6999257: shutdown FollowerState
2019-10-18 14:02:18,085 [Thread-2875] INFO  impl.RaftServerImpl (RaftServerImpl.java:setRole(184)) - 92ce6e48-4722-407a-9620-5998c6999257@group-E964BE911FCC: changes role from  FOLLOWER to CANDIDATE at term 436 for changeToCandidate
2019-10-18 14:02:18,085 [Thread-2875] INFO  impl.RoleInfo (RoleInfo.java:updateAndGet(143)) - 92ce6e48-4722-407a-9620-5998c6999257: start LeaderElection
2019-10-18 14:02:18,100 [92ce6e48-4722-407a-9620-5998c6999257@group-E964BE911FCC-LeaderElection394] INFO  impl.LeaderElection (LeaderElection.java:askForVotes(178)) - 92ce6e48-4722-407a-9620-5998c6999257@group-E964BE911FCC-LeaderElection394: begin an election at term 437 for -1: [6cbfae60-ea29-4abc-a49d-ef94f4bd513a:192.168.69.85:36685, 66f9d00c-1e97-4252-958c-bed5a531abda:192.168.69.85:45996, 92ce6e48-4722-407a-9620-5998c6999257:192.168.69.85:34971], old=null
2019-10-18 14:02:18,101 [grpc-default-executor-4] INFO  impl.RaftServerImpl (RaftServerImpl.java:setRole(184)) - 6cbfae60-ea29-4abc-a49d-ef94f4bd513a@group-E964BE911FCC: changes role from  FOLLOWER to FOLLOWER at term 437 for recognizeCandidate:92ce6e48-4722-407a-9620-5998c6999257
2019-10-18 14:02:18,101 [grpc-default-executor-4] INFO  impl.RoleInfo (RoleInfo.java:shutdownFollowerState(121)) - 6cbfae60-ea29-4abc-a49d-ef94f4bd513a: shutdown FollowerState
2019-10-18 14:02:18,101 [grpc-default-executor-0] INFO  impl.RaftServerImpl (RaftServerImpl.java:setRole(184)) - 66f9d00c-1e97-4252-958c-bed5a531abda@group-E964BE911FCC: changes role from  FOLLOWER to FOLLOWER at term 437 for recognizeCandidate:92ce6e48-4722-407a-9620-5998c6999257
2019-10-18 14:02:18,102 [grpc-default-executor-0] INFO  impl.RoleInfo (RoleInfo.java:shutdownFollowerState(121)) - 66f9d00c-1e97-4252-958c-bed5a531abda: shutdown FollowerState
2019-10-18 14:02:18,102 [Thread-2873] INFO  impl.FollowerState (FollowerState.java:run(117)) - 6cbfae60-ea29-4abc-a49d-ef94f4bd513a@group-E964BE911FCC-FollowerState was interrupted: java.lang.InterruptedException: sleep interrupted
2019-10-18 14:02:18,102 [grpc-default-executor-4] INFO  impl.RoleInfo (RoleInfo.java:updateAndGet(143)) - 6cbfae60-ea29-4abc-a49d-ef94f4bd513a: start FollowerState
2019-10-18 14:02:18,102 [Thread-2874] INFO  impl.FollowerState (FollowerState.java:run(117)) - 66f9d00c-1e97-4252-958c-bed5a531abda@group-E964BE911FCC-FollowerState was interrupted: java.lang.InterruptedException: sleep interrupted
2019-10-18 14:02:18,102 [grpc-default-executor-0] INFO  impl.RoleInfo (RoleInfo.java:updateAndGet(143)) - 66f9d00c-1e97-4252-958c-bed5a531abda: start FollowerState
2019-10-18 14:02:18,116 [92ce6e48-4722-407a-9620-5998c6999257@group-E964BE911FCC-LeaderElection394] INFO  impl.LeaderElection (LeaderElection.java:logAndReturn(56)) - 92ce6e48-4722-407a-9620-5998c6999257@group-E964BE911FCC-LeaderElection394: Election REJECTED; received 2 response(s) [92ce6e48-4722-407a-9620-5998c6999257<-6cbfae60-ea29-4abc-a49d-ef94f4bd513a#0:FAIL-t437, 92ce6e48-4722-407a-9620-5998c6999257<-66f9d00c-1e97-4252-958c-bed5a531abda#0:FAIL-t437] and 0 exception(s); 92ce6e48-4722-407a-9620-5998c6999257@group-E964BE911FCC:t437, leader=null, voted=92ce6e48-4722-407a-9620-5998c6999257, raftlog=92ce6e48-4722-407a-9620-5998c6999257@group-E964BE911FCC-SegmentedRaftLog:OPENED:c-1,f-1,i0, conf=-1: [6cbfae60-ea29-4abc-a49d-ef94f4bd513a:192.168.69.85:36685, 66f9d00c-1e97-4252-958c-bed5a531abda:192.168.69.85:45996, 92ce6e48-4722-407a-9620-5998c6999257:192.168.69.85:34971], old=null
2019-10-18 14:02:18,116 [92ce6e48-4722-407a-9620-5998c6999257@group-E964BE911FCC-LeaderElection394] INFO  impl.RaftServerImpl (RaftServerImpl.java:setRole(184)) - 92ce6e48-4722-407a-9620-5998c6999257@group-E964BE911FCC: changes role from CANDIDATE to FOLLOWER at term 437 for DISCOVERED_A_NEW_TERM
2019-10-18 14:02:18,116 [92ce6e48-4722-407a-9620-5998c6999257@group-E964BE911FCC-LeaderElection394] INFO  impl.RoleInfo (RoleInfo.java:shutdownLeaderElection(134)) - 92ce6e48-4722-407a-9620-5998c6999257: shutdown LeaderElection
2019-10-18 14:02:18,116 [92ce6e48-4722-407a-9620-5998c6999257@group-E964BE911FCC-LeaderElection394] INFO  impl.RoleInfo (RoleInfo.java:updateAndGet(143)) - 92ce6e48-4722-407a-9620-5998c6999257: start FollowerState
2019-10-18 14:02:18,211 [Thread-2881] INFO  impl.FollowerState (FollowerState.java:run(108)) - 92ce6e48-4722-407a-9620-5998c6999257@group-E964BE911FCC-FollowerState: change to CANDIDATE, lastRpcTime:95ms, electionTimeout:95ms
2019-10-18 14:02:18,211 [Thread-2881] INFO  impl.RoleInfo (RoleInfo.java:shutdownFollowerState(121)) - 92ce6e48-4722-407a-9620-5998c6999257: shutdown FollowerState
2019-10-18 14:02:18,212 [Thread-2881] INFO  impl.RaftServerImpl (RaftServerImpl.java:setRole(184)) - 92ce6e48-4722-407a-9620-5998c6999257@group-E964BE911FCC: changes role from  FOLLOWER to CANDIDATE at term 437 for changeToCandidate
2019-10-18 14:02:18,212 [Thread-2881] INFO  impl.RoleInfo (RoleInfo.java:updateAndGet(143)) - 92ce6e48-4722-407a-9620-5998c6999257: start LeaderElection
2019-10-18 14:02:18,237 [92ce6e48-4722-407a-9620-5998c6999257@group-E964BE911FCC-LeaderElection395] INFO  impl.LeaderElection (LeaderElection.java:askForVotes(178)) - 92ce6e48-4722-407a-9620-5998c6999257@group-E964BE911FCC-LeaderElection395: begin an election at term 438 for -1: [6cbfae60-ea29-4abc-a49d-ef94f4bd513a:192.168.69.85:36685, 66f9d00c-1e97-4252-958c-bed5a531abda:192.168.69.85:45996, 92ce6e48-4722-407a-9620-5998c6999257:192.168.69.85:34971], old=null
2019-10-18 14:02:18,239 [grpc-default-executor-4] INFO  impl.RaftServerImpl (RaftServerImpl.java:setRole(184)) - 6cbfae60-ea29-4abc-a49d-ef94f4bd513a@group-E964BE911FCC: changes role from  FOLLOWER to FOLLOWER at term 438 for recognizeCandidate:92ce6e48-4722-407a-9620-5998c6999257
2019-10-18 14:02:18,239 [grpc-default-executor-0] INFO  impl.RaftServerImpl (RaftServerImpl.java:setRole(184)) - 66f9d00c-1e97-4252-958c-bed5a531abda@group-E964BE911FCC: changes role from  FOLLOWER to FOLLOWER at term 438 for recognizeCandidate:92ce6e48-4722-407a-9620-5998c6999257
2019-10-18 14:02:18,239 [grpc-default-executor-4] INFO  impl.RoleInfo (RoleInfo.java:shutdownFollowerState(121)) - 6cbfae60-ea29-4abc-a49d-ef94f4bd513a: shutdown FollowerState
2019-10-18 14:02:18,239 [grpc-default-executor-0] INFO  impl.RoleInfo (RoleInfo.java:shutdownFollowerState(121)) - 66f9d00c-1e97-4252-958c-bed5a531abda: shutdown FollowerState
2019-10-18 14:02:18,240 [grpc-default-executor-0] INFO  impl.RoleInfo (RoleInfo.java:updateAndGet(143)) - 66f9d00c-1e97-4252-958c-bed5a531abda: start FollowerState
2019-10-18 14:02:18,240 [Thread-2879] INFO  impl.FollowerState (FollowerState.java:run(117)) - 6cbfae60-ea29-4abc-a49d-ef94f4bd513a@group-E964BE911FCC-FollowerState was interrupted: java.lang.InterruptedException: sleep interrupted
2019-10-18 14:02:18,240 [grpc-default-executor-4] INFO  impl.RoleInfo (RoleInfo.java:updateAndGet(143)) - 6cbfae60-ea29-4abc-a49d-ef94f4bd513a: start FollowerState
2019-10-18 14:02:18,240 [Thread-2880] INFO  impl.FollowerState (FollowerState.java:run(117)) - 66f9d00c-1e97-4252-958c-bed5a531abda@group-E964BE911FCC-FollowerState was interrupted: java.lang.InterruptedException: sleep interrupted
2019-10-18 14:02:18,254 [92ce6e48-4722-407a-9620-5998c6999257@group-E964BE911FCC-LeaderElection395] INFO  impl.LeaderElection (LeaderElection.java:logAndReturn(56)) - 92ce6e48-4722-407a-9620-5998c6999257@group-E964BE911FCC-LeaderElection395: Election REJECTED; received 2 response(s) [92ce6e48-4722-407a-9620-5998c6999257<-6cbfae60-ea29-4abc-a49d-ef94f4bd513a#0:FAIL-t438, 92ce6e48-4722-407a-9620-5998c6999257<-66f9d00c-1e97-4252-958c-bed5a531abda#0:FAIL-t438] and 0 exception(s); 92ce6e48-4722-407a-9620-5998c6999257@group-E964BE911FCC:t438, leader=null, voted=92ce6e48-4722-407a-9620-5998c6999257, raftlog=92ce6e48-4722-407a-9620-5998c6999257@group-E964BE911FCC-SegmentedRaftLog:OPENED:c-1,f-1,i0, conf=-1: [6cbfae60-ea29-4abc-a49d-ef94f4bd513a:192.168.69.85:36685, 66f9d00c-1e97-4252-958c-bed5a531abda:192.168.69.85:45996, 92ce6e48-4722-407a-9620-5998c6999257:192.168.69.85:34971], old=null
2019-10-18 14:02:18,254 [92ce6e48-4722-407a-9620-5998c6999257@group-E964BE911FCC-LeaderElection395] INFO  impl.RaftServerImpl (RaftServerImpl.java:setRole(184)) - 92ce6e48-4722-407a-9620-5998c6999257@group-E964BE911FCC: changes role from CANDIDATE to FOLLOWER at term 438 for DISCOVERED_A_NEW_TERM
2019-10-18 14:02:18,254 [92ce6e48-4722-407a-9620-5998c6999257@group-E964BE911FCC-LeaderElection395] INFO  impl.RoleInfo (RoleInfo.java:shutdownLeaderElection(134)) - 92ce6e48-4722-407a-9620-5998c6999257: shutdown LeaderElection
2019-10-18 14:02:18,254 [92ce6e48-4722-407a-9620-5998c6999257@group-E964BE911FCC-LeaderElection395] INFO  impl.RoleInfo (RoleInfo.java:updateAndGet(143)) - 92ce6e48-4722-407a-9620-5998c6999257: start FollowerState
2019-10-18 14:02:18,275 [Thread-2887] INFO  impl.FollowerState (FollowerState.java:run(108)) - 92ce6e48-4722-407a-9620-5998c6999257@group-E964BE911FCC-FollowerState: change to CANDIDATE, lastRpcTime:20ms, electionTimeout:20ms
2019-10-18 14:02:18,275 [Thread-2887] INFO  impl.RoleInfo (RoleInfo.java:shutdownFollowerState(121)) - 92ce6e48-4722-407a-9620-5998c6999257: shutdown FollowerState
2019-10-18 14:02:18,275 [Thread-2887] INFO  impl.RaftServerImpl (RaftServerImpl.java:setRole(184)) - 92ce6e48-4722-407a-9620-5998c6999257@group-E964BE911FCC: changes role from  FOLLOWER to CANDIDATE at term 438 for changeToCandidate
2019-10-18 14:02:18,275 [Thread-2887] INFO  impl.RoleInfo (RoleInfo.java:updateAndGet(143)) - 92ce6e48-4722-407a-9620-5998c6999257: start LeaderElection
2019-10-18 14:02:18,290 [92ce6e48-4722-407a-9620-5998c6999257@group-E964BE911FCC-LeaderElection396] INFO  impl.LeaderElection (LeaderElection.java:askForVotes(178)) - 92ce6e48-4722-407a-9620-5998c6999257@group-E964BE911FCC-LeaderElection396: begin an election at term 439 for -1: [6cbfae60-ea29-4abc-a49d-ef94f4bd513a:192.168.69.85:36685, 66f9d00c-1e97-4252-958c-bed5a531abda:192.168.69.85:45996, 92ce6e48-4722-407a-9620-5998c6999257:192.168.69.85:34971], old=null
2019-10-18 14:02:18,291 [grpc-default-executor-0] INFO  impl.RaftServerImpl (RaftServerImpl.java:setRole(184)) - 6cbfae60-ea29-4abc-a49d-ef94f4bd513a@group-E964BE911FCC: changes role from  FOLLOWER to FOLLOWER at term 439 for recognizeCandidate:92ce6e48-4722-407a-9620-5998c6999257
2019-10-18 14:02:18,291 [grpc-default-executor-0] INFO  impl.RoleInfo (RoleInfo.java:shutdownFollowerState(121)) - 6cbfae60-ea29-4abc-a49d-ef94f4bd513a: shutdown FollowerState
2019-10-18 14:02:18,291 [grpc-default-executor-0] INFO  impl.RoleInfo (RoleInfo.java:updateAndGet(143)) - 6cbfae60-ea29-4abc-a49d-ef94f4bd513a: start FollowerState
2019-10-18 14:02:18,292 [Thread-2885] INFO  impl.FollowerState (FollowerState.java:run(117)) - 6cbfae60-ea29-4abc-a49d-ef94f4bd513a@group-E964BE911FCC-FollowerState was interrupted: java.lang.InterruptedException: sleep interrupted
2019-10-18 14:02:18,292 [grpc-default-executor-4] INFO  impl.RaftServerImpl (RaftServerImpl.java:setRole(184)) - 66f9d00c-1e97-4252-958c-bed5a531abda@group-E964BE911FCC: changes role from  FOLLOWER to FOLLOWER at term 439 for recognizeCandidate:92ce6e48-4722-407a-9620-5998c6999257
2019-10-18 14:02:18,292 [grpc-default-executor-4] INFO  impl.RoleInfo (RoleInfo.java:shutdownFollowerState(121)) - 66f9d00c-1e97-4252-958c-bed5a531abda: shutdown FollowerState
2019-10-18 14:02:18,292 [grpc-default-executor-4] INFO  impl.RoleInfo (RoleInfo.java:updateAndGet(143)) - 66f9d00c-1e97-4252-958c-bed5a531abda: start FollowerState
2019-10-18 14:02:18,292 [Thread-2886] INFO  impl.FollowerState (FollowerState.java:run(117)) - 66f9d00c-1e97-4252-958c-bed5a531abda@group-E964BE911FCC-FollowerState was interrupted: java.lang.InterruptedException: sleep interrupted
2019-10-18 14:02:18,317 [92ce6e48-4722-407a-9620-5998c6999257@group-E964BE911FCC-LeaderElection396] INFO  impl.LeaderElection (LeaderElection.java:logAndReturn(56)) - 92ce6e48-4722-407a-9620-5998c6999257@group-E964BE911FCC-LeaderElection396: Election REJECTED; received 2 response(s) [92ce6e48-4722-407a-9620-5998c6999257<-6cbfae60-ea29-4abc-a49d-ef94f4bd513a#0:FAIL-t439, 92ce6e48-4722-407a-9620-5998c6999257<-66f9d00c-1e97-4252-958c-bed5a531abda#0:FAIL-t439] and 0 exception(s); 92ce6e48-4722-407a-9620-5998c6999257@group-E964BE911FCC:t439, leader=null, voted=92ce6e48-4722-407a-9620-5998c6999257, raftlog=92ce6e48-4722-407a-9620-5998c6999257@group-E964BE911FCC-SegmentedRaftLog:OPENED:c-1,f-1,i0, conf=-1: [6cbfae60-ea29-4abc-a49d-ef94f4bd513a:192.168.69.85:36685, 66f9d00c-1e97-4252-958c-bed5a531abda:192.168.69.85:45996, 92ce6e48-4722-407a-9620-5998c6999257:192.168.69.85:34971], old=null
2019-10-18 14:02:18,318 [92ce6e48-4722-407a-9620-5998c6999257@group-E964BE911FCC-LeaderElection396] INFO  impl.RaftServerImpl (RaftServerImpl.java:setRole(184)) - 92ce6e48-4722-407a-9620-5998c6999257@group-E964BE911FCC: changes role from CANDIDATE to FOLLOWER at term 439 for DISCOVERED_A_NEW_TERM
2019-10-18 14:02:18,318 [92ce6e48-4722-407a-9620-5998c6999257@group-E964BE911FCC-LeaderElection396] INFO  impl.RoleInfo (RoleInfo.java:shutdownLeaderElection(134)) - 92ce6e48-4722-407a-9620-5998c6999257: shutdown LeaderElection
2019-10-18 14:02:18,318 [92ce6e48-4722-407a-9620-5998c6999257@group-E964BE911FCC-LeaderElection396] INFO  impl.RoleInfo (RoleInfo.java:updateAndGet(143)) - 92ce6e48-4722-407a-9620-5998c6999257: start FollowerState
2019-10-18 14:02:18,425 [Thread-2895] INFO  impl.FollowerState (FollowerState.java:run(108)) - 92ce6e48-4722-407a-9620-5998c6999257@group-E964BE911FCC-FollowerState: change to CANDIDATE, lastRpcTime:107ms, electionTimeout:107ms
2019-10-18 14:02:18,425 [Thread-2895] INFO  impl.RoleInfo (RoleInfo.java:shutdownFollowerState(121)) - 92ce6e48-4722-407a-9620-5998c6999257: shutdown FollowerState
2019-10-18 14:02:18,426 [Thread-2895] INFO  impl.RaftServerImpl (RaftServerImpl.java:setRole(184)) - 92ce6e48-4722-407a-9620-5998c6999257@group-E964BE911FCC: changes role from  FOLLOWER to CANDIDATE at term 439 for changeToCandidate
2019-10-18 14:02:18,426 [Thread-2895] INFO  impl.RoleInfo (RoleInfo.java:updateAndGet(143)) - 92ce6e48-4722-407a-9620-5998c6999257: start LeaderElection
2019-10-18 14:02:18,448 [92ce6e48-4722-407a-9620-5998c6999257@group-E964BE911FCC-LeaderElection397] INFO  impl.LeaderElection (LeaderElection.java:askForVotes(178)) - 92ce6e48-4722-407a-9620-5998c6999257@group-E964BE911FCC-LeaderElection397: begin an election at term 440 for -1: [6cbfae60-ea29-4abc-a49d-ef94f4bd513a:192.168.69.85:36685, 66f9d00c-1e97-4252-958c-bed5a531abda:192.168.69.85:45996, 92ce6e48-4722-407a-9620-5998c6999257:192.168.69.85:34971], old=null
2019-10-18 14:02:18,449 [grpc-default-executor-0] INFO  impl.RaftServerImpl (RaftServerImpl.java:setRole(184)) - 6cbfae60-ea29-4abc-a49d-ef94f4bd513a@group-E964BE911FCC: changes role from  FOLLOWER to FOLLOWER at term 440 for recognizeCandidate:92ce6e48-4722-407a-9620-5998c6999257
2019-10-18 14:02:18,449 [grpc-default-executor-4] INFO  impl.RaftServerImpl (RaftServerImpl.java:setRole(184)) - 66f9d00c-1e97-4252-958c-bed5a531abda@group-E964BE911FCC: changes role from  FOLLOWER to FOLLOWER at term 440 for recognizeCandidate:92ce6e48-4722-407a-9620-5998c6999257
2019-10-18 14:02:18,449 [grpc-default-executor-0] INFO  impl.RoleInfo (RoleInfo.java:shutdownFollowerState(121)) - 6cbfae60-ea29-4abc-a49d-ef94f4bd513a: shutdown FollowerState
2019-10-18 14:02:18,449 [grpc-default-executor-4] INFO  impl.RoleInfo (RoleInfo.java:shutdownFollowerState(121)) - 66f9d00c-1e97-4252-958c-bed5a531abda: shutdown FollowerState
2019-10-18 14:02:18,450 [Thread-2893] INFO  impl.FollowerState (FollowerState.java:run(117)) - 6cbfae60-ea29-4abc-a49d-ef94f4bd513a@group-E964BE911FCC-FollowerState was interrupted: java.lang.InterruptedException: sleep interrupted
2019-10-18 14:02:18,449 [grpc-default-executor-0] INFO  impl.RoleInfo (RoleInfo.java:updateAndGet(143)) - 6cbfae60-ea29-4abc-a49d-ef94f4bd513a: start FollowerState
2019-10-18 14:02:18,450 [Thread-2894] INFO  impl.FollowerState (FollowerState.java:run(117)) - 66f9d00c-1e97-4252-958c-bed5a531abda@group-E964BE911FCC-FollowerState was interrupted: java.lang.InterruptedException: sleep interrupted
2019-10-18 14:02:18,450 [grpc-default-executor-4] INFO  impl.RoleInfo (RoleInfo.java:updateAndGet(143)) - 66f9d00c-1e97-4252-958c-bed5a531abda: start FollowerState
2019-10-18 14:02:18,476 [92ce6e48-4722-407a-9620-5998c6999257@group-E964BE911FCC-LeaderElection397] INFO  impl.LeaderElection (LeaderElection.java:logAndReturn(56)) - 92ce6e48-4722-407a-9620-5998c6999257@group-E964BE911FCC-LeaderElection397: Election REJECTED; received 2 response(s) [92ce6e48-4722-407a-9620-5998c6999257<-6cbfae60-ea29-4abc-a49d-ef94f4bd513a#0:FAIL-t440, 92ce6e48-4722-407a-9620-5998c6999257<-66f9d00c-1e97-4252-958c-bed5a531abda#0:FAIL-t440] and 0 exception(s); 92ce6e48-4722-407a-9620-5998c6999257@group-E964BE911FCC:t440, leader=null, voted=92ce6e48-4722-407a-9620-5998c6999257, raftlog=92ce6e48-4722-407a-9620-5998c6999257@group-E964BE911FCC-SegmentedRaftLog:OPENED:c-1,f-1,i0, conf=-1: [6cbfae60-ea29-4abc-a49d-ef94f4bd513a:192.168.69.85:36685, 66f9d00c-1e97-4252-958c-bed5a531abda:192.168.69.85:45996, 92ce6e48-4722-407a-9620-5998c6999257:192.168.69.85:34971], old=null
2019-10-18 14:02:18,476 [92ce6e48-4722-407a-9620-5998c6999257@group-E964BE911FCC-LeaderElection397] INFO  impl.RaftServerImpl (RaftServerImpl.java:setRole(184)) - 92ce6e48-4722-407a-9620-5998c6999257@group-E964BE911FCC: changes role from CANDIDATE to FOLLOWER at term 440 for DISCOVERED_A_NEW_TERM
2019-10-18 14:02:18,476 [92ce6e48-4722-407a-9620-5998c6999257@group-E964BE911FCC-LeaderElection397] INFO  impl.RoleInfo (RoleInfo.java:shutdownLeaderElection(134)) - 92ce6e48-4722-407a-9620-5998c6999257: shutdown LeaderElection
2019-10-18 14:02:18,476 [92ce6e48-4722-407a-9620-5998c6999257@group-E964BE911FCC-LeaderElection397] INFO  impl.RoleInfo (RoleInfo.java:updateAndGet(143)) - 92ce6e48-4722-407a-9620-5998c6999257: start FollowerState
2019-10-18 14:02:18,594 [Thread-2901] INFO  impl.FollowerState (FollowerState.java:run(108)) - 92ce6e48-4722-407a-9620-5998c6999257@group-E964BE911FCC-FollowerState: change to CANDIDATE, lastRpcTime:117ms, electionTimeout:117ms
2019-10-18 14:02:18,594 [Thread-2901] INFO  impl.RoleInfo (RoleInfo.java:shutdownFollowerState(121)) - 92ce6e48-4722-407a-9620-5998c6999257: shutdown FollowerState
2019-10-18 14:02:18,594 [Thread-2901] INFO  impl.RaftServerImpl (RaftServerImpl.java:setRole(184)) - 92ce6e48-4722-407a-9620-5998c6999257@group-E964BE911FCC: changes role from  FOLLOWER to CANDIDATE at term 440 for changeToCandidate
2019-10-18 14:02:18,594 [Thread-2901] INFO  impl.RoleInfo (RoleInfo.java:updateAndGet(143)) - 92ce6e48-4722-407a-9620-5998c6999257: start LeaderElection
2019-10-18 14:02:18,608 [92ce6e48-4722-407a-9620-5998c6999257@group-E964BE911FCC-LeaderElection398] INFO  impl.LeaderElection (LeaderElection.java:askForVotes(178)) - 92ce6e48-4722-407a-9620-5998c6999257@group-E964BE911FCC-LeaderElection398: begin an election at term 441 for -1: [6cbfae60-ea29-4abc-a49d-ef94f4bd513a:192.168.69.85:36685, 66f9d00c-1e97-4252-958c-bed5a531abda:192.168.69.85:45996, 92ce6e48-4722-407a-9620-5998c6999257:192.168.69.85:34971], old=null
2019-10-18 14:02:18,610 [grpc-default-executor-0] INFO  impl.RaftServerImpl (RaftServerImpl.java:setRole(184)) - 66f9d00c-1e97-4252-958c-bed5a531abda@group-E964BE911FCC: changes role from  FOLLOWER to FOLLOWER at term 441 for recognizeCandidate:92ce6e48-4722-407a-9620-5998c6999257
2019-10-18 14:02:18,610 [grpc-default-executor-0] INFO  impl.RoleInfo (RoleInfo.java:shutdownFollowerState(121)) - 66f9d00c-1e97-4252-958c-bed5a531abda: shutdown FollowerState
2019-10-18 14:02:18,610 [grpc-default-executor-0] INFO  impl.RoleInfo (RoleInfo.java:updateAndGet(143)) - 66f9d00c-1e97-4252-958c-bed5a531abda: start FollowerState
2019-10-18 14:02:18,610 [Thread-2900] INFO  impl.FollowerState (FollowerState.java:run(117)) - 66f9d00c-1e97-4252-958c-bed5a531abda@group-E964BE911FCC-FollowerState was interrupted: java.lang.InterruptedException: sleep interrupted
2019-10-18 14:02:18,610 [grpc-default-executor-4] INFO  impl.RaftServerImpl (RaftServerImpl.java:setRole(184)) - 6cbfae60-ea29-4abc-a49d-ef94f4bd513a@group-E964BE911FCC: changes role from  FOLLOWER to FOLLOWER at term 441 for recognizeCandidate:92ce6e48-4722-407a-9620-5998c6999257
2019-10-18 14:02:18,611 [grpc-default-executor-4] INFO  impl.RoleInfo (RoleInfo.java:shutdownFollowerState(121)) - 6cbfae60-ea29-4abc-a49d-ef94f4bd513a: shutdown FollowerState
2019-10-18 14:02:18,611 [grpc-default-executor-4] INFO  impl.RoleInfo (RoleInfo.java:updateAndGet(143)) - 6cbfae60-ea29-4abc-a49d-ef94f4bd513a: start FollowerState
2019-10-18 14:02:18,611 [Thread-2899] INFO  impl.FollowerState (FollowerState.java:run(117)) - 6cbfae60-ea29-4abc-a49d-ef94f4bd513a@group-E964BE911FCC-FollowerState was interrupted: java.lang.InterruptedException: sleep interrupted
2019-10-18 14:02:18,622 [92ce6e48-4722-407a-9620-5998c6999257@group-E964BE911FCC-LeaderElection398] INFO  impl.LeaderElection (LeaderElection.java:logAndReturn(56)) - 92ce6e48-4722-407a-9620-5998c6999257@group-E964BE911FCC-LeaderElection398: Election REJECTED; received 2 response(s) [92ce6e48-4722-407a-9620-5998c6999257<-6cbfae60-ea29-4abc-a49d-ef94f4bd513a#0:FAIL-t441, 92ce6e48-4722-407a-9620-5998c6999257<-66f9d00c-1e97-4252-958c-bed5a531abda#0:FAIL-t441] and 0 exception(s); 92ce6e48-4722-407a-9620-5998c6999257@group-E964BE911FCC:t441, leader=null, voted=92ce6e48-4722-407a-9620-5998c6999257, raftlog=92ce6e48-4722-407a-9620-5998c6999257@group-E964BE911FCC-SegmentedRaftLog:OPENED:c-1,f-1,i0, conf=-1: [6cbfae60-ea29-4abc-a49d-ef94f4bd513a:192.168.69.85:36685, 66f9d00c-1e97-4252-958c-bed5a531abda:192.168.69.85:45996, 92ce6e48-4722-407a-9620-5998c6999257:192.168.69.85:34971], old=null
2019-10-18 14:02:18,622 [92ce6e48-4722-407a-9620-5998c6999257@group-E964BE911FCC-LeaderElection398] INFO  impl.RaftServerImpl (RaftServerImpl.java:setRole(184)) - 92ce6e48-4722-407a-9620-5998c6999257@group-E964BE911FCC: changes role from CANDIDATE to FOLLOWER at term 441 for DISCOVERED_A_NEW_TERM
2019-10-18 14:02:18,622 [92ce6e48-4722-407a-9620-5998c6999257@group-E964BE911FCC-LeaderElection398] INFO  impl.RoleInfo (RoleInfo.java:shutdownLeaderElection(134)) - 92ce6e48-4722-407a-9620-5998c6999257: shutdown LeaderElection
2019-10-18 14:02:18,622 [92ce6e48-4722-407a-9620-5998c6999257@group-E964BE911FCC-LeaderElection398] INFO  impl.RoleInfo (RoleInfo.java:updateAndGet(143)) - 92ce6e48-4722-407a-9620-5998c6999257: start FollowerState
2019-10-18 14:02:18,790 [Thread-2909] INFO  impl.FollowerState (FollowerState.java:run(108)) - 92ce6e48-4722-407a-9620-5998c6999257@group-E964BE911FCC-FollowerState: change to CANDIDATE, lastRpcTime:168ms, electionTimeout:168ms
2019-10-18 14:02:18,791 [Thread-2909] INFO  impl.RoleInfo (RoleInfo.java:shutdownFollowerState(121)) - 92ce6e48-4722-407a-9620-5998c6999257: shutdown FollowerState
2019-10-18 14:02:18,791 [Thread-2909] INFO  impl.RaftServerImpl (RaftServerImpl.java:setRole(184)) - 92ce6e48-4722-407a-9620-5998c6999257@group-E964BE911FCC: changes role from  FOLLOWER to CANDIDATE at term 441 for changeToCandidate
2019-10-18 14:02:18,791 [Thread-2909] INFO  impl.RoleInfo (RoleInfo.java:updateAndGet(143)) - 92ce6e48-4722-407a-9620-5998c6999257: start LeaderElection
2019-10-18 14:02:18,816 [92ce6e48-4722-407a-9620-5998c6999257@group-E964BE911FCC-LeaderElection399] INFO  impl.LeaderElection (LeaderElection.java:askForVotes(178)) - 92ce6e48-4722-407a-9620-5998c6999257@group-E964BE911FCC-LeaderElection399: begin an election at term 442 for -1: [6cbfae60-ea29-4abc-a49d-ef94f4bd513a:192.168.69.85:36685, 66f9d00c-1e97-4252-958c-bed5a531abda:192.168.69.85:45996, 92ce6e48-4722-407a-9620-5998c6999257:192.168.69.85:34971], old=null
2019-10-18 14:02:18,818 [grpc-default-executor-0] INFO  impl.RaftServerImpl (RaftServerImpl.java:setRole(184)) - 6cbfae60-ea29-4abc-a49d-ef94f4bd513a@group-E964BE911FCC: changes role from  FOLLOWER to FOLLOWER at term 442 for recognizeCandidate:92ce6e48-4722-407a-9620-5998c6999257
2019-10-18 14:02:18,818 [grpc-default-executor-0] INFO  impl.RoleInfo (RoleInfo.java:shutdownFollowerState(121)) - 6cbfae60-ea29-4abc-a49d-ef94f4bd513a: shutdown FollowerState
2019-10-18 14:02:18,818 [grpc-default-executor-4] INFO  impl.RaftServerImpl (RaftServerImpl.java:setRole(184)) - 66f9d00c-1e97-4252-958c-bed5a531abda@group-E964BE911FCC: changes role from  FOLLOWER to FOLLOWER at term 442 for recognizeCandidate:92ce6e48-4722-407a-9620-5998c6999257
2019-10-18 14:02:18,818 [grpc-default-executor-4] INFO  impl.RoleInfo (RoleInfo.java:shutdownFollowerState(121)) - 66f9d00c-1e97-4252-958c-bed5a531abda: shutdown FollowerState
2019-10-18 14:02:18,818 [Thread-2908] INFO  impl.FollowerState (FollowerState.java:run(117)) - 6cbfae60-ea29-4abc-a49d-ef94f4bd513a@group-E964BE911FCC-FollowerState was interrupted: java.lang.InterruptedException: sleep interrupted
2019-10-18 14:02:18,818 [grpc-default-executor-0] INFO  impl.RoleInfo (RoleInfo.java:updateAndGet(143)) - 6cbfae60-ea29-4abc-a49d-ef94f4bd513a: start FollowerState
2019-10-18 14:02:18,818 [Thread-2907] INFO  impl.FollowerState (FollowerState.java:run(117)) - 66f9d00c-1e97-4252-958c-bed5a531abda@group-E964BE911FCC-FollowerState was interrupted: java.lang.InterruptedException: sleep interrupted
2019-10-18 14:02:18,818 [grpc-default-executor-4] INFO  impl.RoleInfo (RoleInfo.java:updateAndGet(143)) - 66f9d00c-1e97-4252-958c-bed5a531abda: start FollowerState
2019-10-18 14:02:18,844 [92ce6e48-4722-407a-9620-5998c6999257@group-E964BE911FCC-LeaderElection399] INFO  impl.LeaderElection (LeaderElection.java:logAndReturn(56)) - 92ce6e48-4722-407a-9620-5998c6999257@group-E964BE911FCC-LeaderElection399: Election REJECTED; received 2 response(s) [92ce6e48-4722-407a-9620-5998c6999257<-6cbfae60-ea29-4abc-a49d-ef94f4bd513a#0:FAIL-t442, 92ce6e48-4722-407a-9620-5998c6999257<-66f9d00c-1e97-4252-958c-bed5a531abda#0:FAIL-t442] and 0 exception(s); 92ce6e48-4722-407a-9620-5998c6999257@group-E964BE911FCC:t442, leader=null, voted=92ce6e48-4722-407a-9620-5998c6999257, raftlog=92ce6e48-4722-407a-9620-5998c6999257@group-E964BE911FCC-SegmentedRaftLog:OPENED:c-1,f-1,i0, conf=-1: [6cbfae60-ea29-4abc-a49d-ef94f4bd513a:192.168.69.85:36685, 66f9d00c-1e97-4252-958c-bed5a531abda:192.168.69.85:45996, 92ce6e48-4722-407a-9620-5998c6999257:192.168.69.85:34971], old=null
2019-10-18 14:02:18,845 [92ce6e48-4722-407a-9620-5998c6999257@group-E964BE911FCC-LeaderElection399] INFO  impl.RaftServerImpl (RaftServerImpl.java:setRole(184)) - 92ce6e48-4722-407a-9620-5998c6999257@group-E964BE911FCC: changes role from CANDIDATE to FOLLOWER at term 442 for DISCOVERED_A_NEW_TERM
2019-10-18 14:02:18,845 [92ce6e48-4722-407a-9620-5998c6999257@group-E964BE911FCC-LeaderElection399] INFO  impl.RoleInfo (RoleInfo.java:shutdownLeaderElection(134)) - 92ce6e48-4722-407a-9620-5998c6999257: shutdown LeaderElection
2019-10-18 14:02:18,845 [92ce6e48-4722-407a-9620-5998c6999257@group-E964BE911FCC-LeaderElection399] INFO  impl.RoleInfo (RoleInfo.java:updateAndGet(143)) - 92ce6e48-4722-407a-9620-5998c6999257: start FollowerState
2019-10-18 14:02:18,946 [Thread-2915] INFO  impl.FollowerState (FollowerState.java:run(108)) - 92ce6e48-4722-407a-9620-5998c6999257@group-E964BE911FCC-FollowerState: change to CANDIDATE, lastRpcTime:101ms, electionTimeout:101ms
2019-10-18 14:02:18,946 [Thread-2915] INFO  impl.RoleInfo (RoleInfo.java:shutdownFollowerState(121)) - 92ce6e48-4722-407a-9620-5998c6999257: shutdown FollowerState
2019-10-18 14:02:18,947 [Thread-2915] INFO  impl.RaftServerImpl (RaftServerImpl.java:setRole(184)) - 92ce6e48-4722-407a-9620-5998c6999257@group-E964BE911FCC: changes role from  FOLLOWER to CANDIDATE at term 442 for changeToCandidate
2019-10-18 14:02:18,947 [Thread-2915] INFO  impl.RoleInfo (RoleInfo.java:updateAndGet(143)) - 92ce6e48-4722-407a-9620-5998c6999257: start LeaderElection
2019-10-18 14:02:18,972 [92ce6e48-4722-407a-9620-5998c6999257@group-E964BE911FCC-LeaderElection400] INFO  impl.LeaderElection (LeaderElection.java:askForVotes(178)) - 92ce6e48-4722-407a-9620-5998c6999257@group-E964BE911FCC-LeaderElection400: begin an election at term 443 for -1: [6cbfae60-ea29-4abc-a49d-ef94f4bd513a:192.168.69.85:36685, 66f9d00c-1e97-4252-958c-bed5a531abda:192.168.69.85:45996, 92ce6e48-4722-407a-9620-5998c6999257:192.168.69.85:34971], old=null
2019-10-18 14:02:18,974 [grpc-default-executor-4] INFO  impl.RaftServerImpl (RaftServerImpl.java:setRole(184)) - 6cbfae60-ea29-4abc-a49d-ef94f4bd513a@group-E964BE911FCC: changes role from  FOLLOWER to FOLLOWER at term 443 for recognizeCandidate:92ce6e48-4722-407a-9620-5998c6999257
2019-10-18 14:02:18,974 [grpc-default-executor-0] INFO  impl.RaftServerImpl (RaftServerImpl.java:setRole(184)) - 66f9d00c-1e97-4252-958c-bed5a531abda@group-E964BE911FCC: changes role from  FOLLOWER to FOLLOWER at term 443 for recognizeCandidate:92ce6e48-4722-407a-9620-5998c6999257
2019-10-18 14:02:18,974 [grpc-default-executor-0] INFO  impl.RoleInfo (RoleInfo.java:shutdownFollowerState(121)) - 66f9d00c-1e97-4252-958c-bed5a531abda: shutdown FollowerState
2019-10-18 14:02:18,974 [grpc-default-executor-4] INFO  impl.RoleInfo (RoleInfo.java:shutdownFollowerState(121)) - 6cbfae60-ea29-4abc-a49d-ef94f4bd513a: shutdown FollowerState
2019-10-18 14:02:18,974 [Thread-2914] INFO  impl.FollowerState (FollowerState.java:run(117)) - 66f9d00c-1e97-4252-958c-bed5a531abda@group-E964BE911FCC-FollowerState was interrupted: java.lang.InterruptedException: sleep interrupted
2019-10-18 14:02:18,974 [grpc-default-executor-0] INFO  impl.RoleInfo (RoleInfo.java:updateAndGet(143)) - 66f9d00c-1e97-4252-958c-bed5a531abda: start FollowerState
2019-10-18 14:02:18,974 [Thread-2913] INFO  impl.FollowerState (FollowerState.java:run(117)) - 6cbfae60-ea29-4abc-a49d-ef94f4bd513a@group-E964BE911FCC-FollowerState was interrupted: java.lang.InterruptedException: sleep interrupted
2019-10-18 14:02:18,974 [grpc-default-executor-4] INFO  impl.RoleInfo (RoleInfo.java:updateAndGet(143)) - 6cbfae60-ea29-4abc-a49d-ef94f4bd513a: start FollowerState
2019-10-18 14:02:19,000 [92ce6e48-4722-407a-9620-5998c6999257@group-E964BE911FCC-LeaderElection400] INFO  impl.LeaderElection (LeaderElection.java:logAndReturn(56)) - 92ce6e48-4722-407a-9620-5998c6999257@group-E964BE911FCC-LeaderElection400: Election REJECTED; received 2 response(s) [92ce6e48-4722-407a-9620-5998c6999257<-6cbfae60-ea29-4abc-a49d-ef94f4bd513a#0:FAIL-t443, 92ce6e48-4722-407a-9620-5998c6999257<-66f9d00c-1e97-4252-958c-bed5a531abda#0:FAIL-t443] and 0 exception(s); 92ce6e48-4722-407a-9620-5998c6999257@group-E964BE911FCC:t443, leader=null, voted=92ce6e48-4722-407a-9620-5998c6999257, raftlog=92ce6e48-4722-407a-9620-5998c6999257@group-E964BE911FCC-SegmentedRaftLog:OPENED:c-1,f-1,i0, conf=-1: [6cbfae60-ea29-4abc-a49d-ef94f4bd513a:192.168.69.85:36685, 66f9d00c-1e97-4252-958c-bed5a531abda:192.168.69.85:45996, 92ce6e48-4722-407a-9620-5998c6999257:192.168.69.85:34971], old=null
2019-10-18 14:02:19,000 [92ce6e48-4722-407a-9620-5998c6999257@group-E964BE911FCC-LeaderElection400] INFO  impl.RaftServerImpl (RaftServerImpl.java:setRole(184)) - 92ce6e48-4722-407a-9620-5998c6999257@group-E964BE911FCC: changes role from CANDIDATE to FOLLOWER at term 443 for DISCOVERED_A_NEW_TERM
2019-10-18 14:02:19,000 [92ce6e48-4722-407a-9620-5998c6999257@group-E964BE911FCC-LeaderElection400] INFO  impl.RoleInfo (RoleInfo.java:shutdownLeaderElection(134)) - 92ce6e48-4722-407a-9620-5998c6999257: shutdown LeaderElection
2019-10-18 14:02:19,000 [92ce6e48-4722-407a-9620-5998c6999257@group-E964BE911FCC-LeaderElection400] INFO  impl.RoleInfo (RoleInfo.java:updateAndGet(143)) - 92ce6e48-4722-407a-9620-5998c6999257: start FollowerState
2019-10-18 14:02:19,154 [Thread-2921] INFO  impl.FollowerState (FollowerState.java:run(108)) - 92ce6e48-4722-407a-9620-5998c6999257@group-E964BE911FCC-FollowerState: change to CANDIDATE, lastRpcTime:154ms, electionTimeout:154ms
2019-10-18 14:02:19,155 [Thread-2921] INFO  impl.RoleInfo (RoleInfo.java:shutdownFollowerState(121)) - 92ce6e48-4722-407a-9620-5998c6999257: shutdown FollowerState
2019-10-18 14:02:19,155 [Thread-2921] INFO  impl.RaftServerImpl (RaftServerImpl.java:setRole(184)) - 92ce6e48-4722-407a-9620-5998c6999257@group-E964BE911FCC: changes role from  FOLLOWER to CANDIDATE at term 443 for changeToCandidate
2019-10-18 14:02:19,155 [Thread-2921] INFO  impl.RoleInfo (RoleInfo.java:updateAndGet(143)) - 92ce6e48-4722-407a-9620-5998c6999257: start LeaderElection
2019-10-18 14:02:19,181 [92ce6e48-4722-407a-9620-5998c6999257@group-E964BE911FCC-LeaderElection401] INFO  impl.LeaderElection (LeaderElection.java:askForVotes(178)) - 92ce6e48-4722-407a-9620-5998c6999257@group-E964BE911FCC-LeaderElection401: begin an election at term 444 for -1: [6cbfae60-ea29-4abc-a49d-ef94f4bd513a:192.168.69.85:36685, 66f9d00c-1e97-4252-958c-bed5a531abda:192.168.69.85:45996, 92ce6e48-4722-407a-9620-5998c6999257:192.168.69.85:34971], old=null
2019-10-18 14:02:19,183 [grpc-default-executor-4] INFO  impl.RaftServerImpl (RaftServerImpl.java:setRole(184)) - 6cbfae60-ea29-4abc-a49d-ef94f4bd513a@group-E964BE911FCC: changes role from  FOLLOWER to FOLLOWER at term 444 for recognizeCandidate:92ce6e48-4722-407a-9620-5998c6999257
2019-10-18 14:02:19,183 [grpc-default-executor-0] INFO  impl.RaftServerImpl (RaftServerImpl.java:setRole(184)) - 66f9d00c-1e97-4252-958c-bed5a531abda@group-E964BE911FCC: changes role from  FOLLOWER to FOLLOWER at term 444 for recognizeCandidate:92ce6e48-4722-407a-9620-5998c6999257
2019-10-18 14:02:19,183 [grpc-default-executor-0] INFO  impl.RoleInfo (RoleInfo.java:shutdownFollowerState(121)) - 66f9d00c-1e97-4252-958c-bed5a531abda: shutdown FollowerState
2019-10-18 14:02:19,183 [grpc-default-executor-4] INFO  impl.RoleInfo (RoleInfo.java:shutdownFollowerState(121)) - 6cbfae60-ea29-4abc-a49d-ef94f4bd513a: shutdown FollowerState
2019-10-18 14:02:19,184 [Thread-2919] INFO  impl.FollowerState (FollowerState.java:run(117)) - 66f9d00c-1e97-4252-958c-bed5a531abda@group-E964BE911FCC-FollowerState was interrupted: java.lang.InterruptedException: sleep interrupted
2019-10-18 14:02:19,184 [Thread-2920] INFO  impl.FollowerState (FollowerState.java:run(117)) - 6cbfae60-ea29-4abc-a49d-ef94f4bd513a@group-E964BE911FCC-FollowerState was interrupted: java.lang.InterruptedException: sleep interrupted
2019-10-18 14:02:19,184 [grpc-default-executor-4] INFO  impl.RoleInfo (RoleInfo.java:updateAndGet(143)) - 6cbfae60-ea29-4abc-a49d-ef94f4bd513a: start FollowerState
2019-10-18 14:02:19,184 [grpc-default-executor-0] INFO  impl.RoleInfo (RoleInfo.java:updateAndGet(143)) - 66f9d00c-1e97-4252-958c-bed5a531abda: start FollowerState
2019-10-18 14:02:19,199 [92ce6e48-4722-407a-9620-5998c6999257@group-E964BE911FCC-LeaderElection401] INFO  impl.LeaderElection (LeaderElection.java:logAndReturn(56)) - 92ce6e48-4722-407a-9620-5998c6999257@group-E964BE911FCC-LeaderElection401: Election REJECTED; received 2 response(s) [92ce6e48-4722-407a-9620-5998c6999257<-6cbfae60-ea29-4abc-a49d-ef94f4bd513a#0:FAIL-t444, 92ce6e48-4722-407a-9620-5998c6999257<-66f9d00c-1e97-4252-958c-bed5a531abda#0:FAIL-t444] and 0 exception(s); 92ce6e48-4722-407a-9620-5998c6999257@group-E964BE911FCC:t444, leader=null, voted=92ce6e48-4722-407a-9620-5998c6999257, raftlog=92ce6e48-4722-407a-9620-5998c6999257@group-E964BE911FCC-SegmentedRaftLog:OPENED:c-1,f-1,i0, conf=-1: [6cbfae60-ea29-4abc-a49d-ef94f4bd513a:192.168.69.85:36685, 66f9d00c-1e97-4252-958c-bed5a531abda:192.168.69.85:45996, 92ce6e48-4722-407a-9620-5998c6999257:192.168.69.85:34971], old=null
2019-10-18 14:02:19,199 [92ce6e48-4722-407a-9620-5998c6999257@group-E964BE911FCC-LeaderElection401] INFO  impl.RaftServerImpl (RaftServerImpl.java:setRole(184)) - 92ce6e48-4722-407a-9620-5998c6999257@group-E964BE911FCC: changes role from CANDIDATE to FOLLOWER at term 444 for DISCOVERED_A_NEW_TERM
2019-10-18 14:02:19,199 [92ce6e48-4722-407a-9620-5998c6999257@group-E964BE911FCC-LeaderElection401] INFO  impl.RoleInfo (RoleInfo.java:shutdownLeaderElection(134)) - 92ce6e48-4722-407a-9620-5998c6999257: shutdown LeaderElection
2019-10-18 14:02:19,199 [92ce6e48-4722-407a-9620-5998c6999257@group-E964BE911FCC-LeaderElection401] INFO  impl.RoleInfo (RoleInfo.java:updateAndGet(143)) - 92ce6e48-4722-407a-9620-5998c6999257: start FollowerState
2019-10-18 14:02:19,395 [Thread-2927] INFO  impl.FollowerState (FollowerState.java:run(108)) - 92ce6e48-4722-407a-9620-5998c6999257@group-E964BE911FCC-FollowerState: change to CANDIDATE, lastRpcTime:196ms, electionTimeout:196ms
2019-10-18 14:02:19,395 [Thread-2927] INFO  impl.RoleInfo (RoleInfo.java:shutdownFollowerState(121)) - 92ce6e48-4722-407a-9620-5998c6999257: shutdown FollowerState
2019-10-18 14:02:19,396 [Thread-2927] INFO  impl.RaftServerImpl (RaftServerImpl.java:setRole(184)) - 92ce6e48-4722-407a-9620-5998c6999257@group-E964BE911FCC: changes role from  FOLLOWER to CANDIDATE at term 444 for changeToCandidate
2019-10-18 14:02:19,396 [Thread-2927] INFO  impl.RoleInfo (RoleInfo.java:updateAndGet(143)) - 92ce6e48-4722-407a-9620-5998c6999257: start LeaderElection
2019-10-18 14:02:19,421 [92ce6e48-4722-407a-9620-5998c6999257@group-E964BE911FCC-LeaderElection402] INFO  impl.LeaderElection (LeaderElection.java:askForVotes(178)) - 92ce6e48-4722-407a-9620-5998c6999257@group-E964BE911FCC-LeaderElection402: begin an election at term 445 for -1: [6cbfae60-ea29-4abc-a49d-ef94f4bd513a:192.168.69.85:36685, 66f9d00c-1e97-4252-958c-bed5a531abda:192.168.69.85:45996, 92ce6e48-4722-407a-9620-5998c6999257:192.168.69.85:34971], old=null
2019-10-18 14:02:19,422 [grpc-default-executor-4] INFO  impl.RaftServerImpl (RaftServerImpl.java:setRole(184)) - 66f9d00c-1e97-4252-958c-bed5a531abda@group-E964BE911FCC: changes role from  FOLLOWER to FOLLOWER at term 445 for recognizeCandidate:92ce6e48-4722-407a-9620-5998c6999257
2019-10-18 14:02:19,422 [grpc-default-executor-0] INFO  impl.RaftServerImpl (RaftServerImpl.java:setRole(184)) - 6cbfae60-ea29-4abc-a49d-ef94f4bd513a@group-E964BE911FCC: changes role from  FOLLOWER to FOLLOWER at term 445 for recognizeCandidate:92ce6e48-4722-407a-9620-5998c6999257
2019-10-18 14:02:19,422 [grpc-default-executor-4] INFO  impl.RoleInfo (RoleInfo.java:shutdownFollowerState(121)) - 66f9d00c-1e97-4252-958c-bed5a531abda: shutdown FollowerState
2019-10-18 14:02:19,422 [grpc-default-executor-0] INFO  impl.RoleInfo (RoleInfo.java:shutdownFollowerState(121)) - 6cbfae60-ea29-4abc-a49d-ef94f4bd513a: shutdown FollowerState
2019-10-18 14:02:19,423 [Thread-2925] INFO  impl.FollowerState (FollowerState.java:run(117)) - 66f9d00c-1e97-4252-958c-bed5a531abda@group-E964BE911FCC-FollowerState was interrupted: java.lang.InterruptedException: sleep interrupted
2019-10-18 14:02:19,423 [Thread-2926] INFO  impl.FollowerState (FollowerState.java:run(117)) - 6cbfae60-ea29-4abc-a49d-ef94f4bd513a@group-E964BE911FCC-FollowerState was interrupted: java.lang.InterruptedException: sleep interrupted
2019-10-18 14:02:19,423 [grpc-default-executor-4] INFO  impl.RoleInfo (RoleInfo.java:updateAndGet(143)) - 66f9d00c-1e97-4252-958c-bed5a531abda: start FollowerState
2019-10-18 14:02:19,423 [grpc-default-executor-0] INFO  impl.RoleInfo (RoleInfo.java:updateAndGet(143)) - 6cbfae60-ea29-4abc-a49d-ef94f4bd513a: start FollowerState
2019-10-18 14:02:19,437 [92ce6e48-4722-407a-9620-5998c6999257@group-E964BE911FCC-LeaderElection402] INFO  impl.LeaderElection (LeaderElection.java:logAndReturn(56)) - 92ce6e48-4722-407a-9620-5998c6999257@group-E964BE911FCC-LeaderElection402: Election REJECTED; received 2 response(s) [92ce6e48-4722-407a-9620-5998c6999257<-6cbfae60-ea29-4abc-a49d-ef94f4bd513a#0:FAIL-t445, 92ce6e48-4722-407a-9620-5998c6999257<-66f9d00c-1e97-4252-958c-bed5a531abda#0:FAIL-t445] and 0 exception(s); 92ce6e48-4722-407a-9620-5998c6999257@group-E964BE911FCC:t445, leader=null, voted=92ce6e48-4722-407a-9620-5998c6999257, raftlog=92ce6e48-4722-407a-9620-5998c6999257@group-E964BE911FCC-SegmentedRaftLog:OPENED:c-1,f-1,i0, conf=-1: [6cbfae60-ea29-4abc-a49d-ef94f4bd513a:192.168.69.85:36685, 66f9d00c-1e97-4252-958c-bed5a531abda:192.168.69.85:45996, 92ce6e48-4722-407a-9620-5998c6999257:192.168.69.85:34971], old=null
2019-10-18 14:02:19,437 [92ce6e48-4722-407a-9620-5998c6999257@group-E964BE911FCC-LeaderElection402] INFO  impl.RaftServerImpl (RaftServerImpl.java:setRole(184)) - 92ce6e48-4722-407a-9620-5998c6999257@group-E964BE911FCC: changes role from CANDIDATE to FOLLOWER at term 445 for DISCOVERED_A_NEW_TERM
2019-10-18 14:02:19,437 [92ce6e48-4722-407a-9620-5998c6999257@group-E964BE911FCC-LeaderElection402] INFO  impl.RoleInfo (RoleInfo.java:shutdownLeaderElection(134)) - 92ce6e48-4722-407a-9620-5998c6999257: shutdown LeaderElection
2019-10-18 14:02:19,437 [92ce6e48-4722-407a-9620-5998c6999257@group-E964BE911FCC-LeaderElection402] INFO  impl.RoleInfo (RoleInfo.java:updateAndGet(143)) - 92ce6e48-4722-407a-9620-5998c6999257: start FollowerState
2019-10-18 14:02:19,466 [Thread-2933] INFO  impl.FollowerState (FollowerState.java:run(108)) - 92ce6e48-4722-407a-9620-5998c6999257@group-E964BE911FCC-FollowerState: change to CANDIDATE, lastRpcTime:28ms, electionTimeout:28ms
2019-10-18 14:02:19,466 [Thread-2933] INFO  impl.RoleInfo (RoleInfo.java:shutdownFollowerState(121)) - 92ce6e48-4722-407a-9620-5998c6999257: shutdown FollowerState
2019-10-18 14:02:19,466 [Thread-2933] INFO  impl.RaftServerImpl (RaftServerImpl.java:setRole(184)) - 92ce6e48-4722-407a-9620-5998c6999257@group-E964BE911FCC: changes role from  FOLLOWER to CANDIDATE at term 445 for changeToCandidate
2019-10-18 14:02:19,466 [Thread-2933] INFO  impl.RoleInfo (RoleInfo.java:updateAndGet(143)) - 92ce6e48-4722-407a-9620-5998c6999257: start LeaderElection
2019-10-18 14:02:19,487 [92ce6e48-4722-407a-9620-5998c6999257@group-E964BE911FCC-LeaderElection403] INFO  impl.LeaderElection (LeaderElection.java:askForVotes(178)) - 92ce6e48-4722-407a-9620-5998c6999257@group-E964BE911FCC-LeaderElection403: begin an election at term 446 for -1: [6cbfae60-ea29-4abc-a49d-ef94f4bd513a:192.168.69.85:36685, 66f9d00c-1e97-4252-958c-bed5a531abda:192.168.69.85:45996, 92ce6e48-4722-407a-9620-5998c6999257:192.168.69.85:34971], old=null
2019-10-18 14:02:19,489 [grpc-default-executor-4] INFO  impl.RaftServerImpl (RaftServerImpl.java:setRole(184)) - 66f9d00c-1e97-4252-958c-bed5a531abda@group-E964BE911FCC: changes role from  FOLLOWER to FOLLOWER at term 446 for recognizeCandidate:92ce6e48-4722-407a-9620-5998c6999257
2019-10-18 14:02:19,489 [grpc-default-executor-0] INFO  impl.RaftServerImpl (RaftServerImpl.java:setRole(184)) - 6cbfae60-ea29-4abc-a49d-ef94f4bd513a@group-E964BE911FCC: changes role from  FOLLOWER to FOLLOWER at term 446 for recognizeCandidate:92ce6e48-4722-407a-9620-5998c6999257
2019-10-18 14:02:19,489 [grpc-default-executor-0] INFO  impl.RoleInfo (RoleInfo.java:shutdownFollowerState(121)) - 6cbfae60-ea29-4abc-a49d-ef94f4bd513a: shutdown FollowerState
2019-10-18 14:02:19,489 [grpc-default-executor-4] INFO  impl.RoleInfo (RoleInfo.java:shutdownFollowerState(121)) - 66f9d00c-1e97-4252-958c-bed5a531abda: shutdown FollowerState
2019-10-18 14:02:19,489 [Thread-2932] INFO  impl.FollowerState (FollowerState.java:run(117)) - 6cbfae60-ea29-4abc-a49d-ef94f4bd513a@group-E964BE911FCC-FollowerState was interrupted: java.lang.InterruptedException: sleep interrupted
2019-10-18 14:02:19,489 [grpc-default-executor-0] INFO  impl.RoleInfo (RoleInfo.java:updateAndGet(143)) - 6cbfae60-ea29-4abc-a49d-ef94f4bd513a: start FollowerState
2019-10-18 14:02:19,489 [Thread-2931] INFO  impl.FollowerState (FollowerState.java:run(117)) - 66f9d00c-1e97-4252-958c-bed5a531abda@group-E964BE911FCC-FollowerState was interrupted: java.lang.InterruptedException: sleep interrupted
2019-10-18 14:02:19,489 [grpc-default-executor-4] INFO  impl.RoleInfo (RoleInfo.java:updateAndGet(143)) - 66f9d00c-1e97-4252-958c-bed5a531abda: start FollowerState
2019-10-18 14:02:19,504 [92ce6e48-4722-407a-9620-5998c6999257@group-E964BE911FCC-LeaderElection403] INFO  impl.LeaderElection (LeaderElection.java:logAndReturn(56)) - 92ce6e48-4722-407a-9620-5998c6999257@group-E964BE911FCC-LeaderElection403: Election REJECTED; received 2 response(s) [92ce6e48-4722-407a-9620-5998c6999257<-6cbfae60-ea29-4abc-a49d-ef94f4bd513a#0:FAIL-t446, 92ce6e48-4722-407a-9620-5998c6999257<-66f9d00c-1e97-4252-958c-bed5a531abda#0:FAIL-t446] and 0 exception(s); 92ce6e48-4722-407a-9620-5998c6999257@group-E964BE911FCC:t446, leader=null, voted=92ce6e48-4722-407a-9620-5998c6999257, raftlog=92ce6e48-4722-407a-9620-5998c6999257@group-E964BE911FCC-SegmentedRaftLog:OPENED:c-1,f-1,i0, conf=-1: [6cbfae60-ea29-4abc-a49d-ef94f4bd513a:192.168.69.85:36685, 66f9d00c-1e97-4252-958c-bed5a531abda:192.168.69.85:45996, 92ce6e48-4722-407a-9620-5998c6999257:192.168.69.85:34971], old=null
2019-10-18 14:02:19,504 [92ce6e48-4722-407a-9620-5998c6999257@group-E964BE911FCC-LeaderElection403] INFO  impl.RaftServerImpl (RaftServerImpl.java:setRole(184)) - 92ce6e48-4722-407a-9620-5998c6999257@group-E964BE911FCC: changes role from CANDIDATE to FOLLOWER at term 446 for DISCOVERED_A_NEW_TERM
2019-10-18 14:02:19,504 [92ce6e48-4722-407a-9620-5998c6999257@group-E964BE911FCC-LeaderElection403] INFO  impl.RoleInfo (RoleInfo.java:shutdownLeaderElection(134)) - 92ce6e48-4722-407a-9620-5998c6999257: shutdown LeaderElection
2019-10-18 14:02:19,504 [92ce6e48-4722-407a-9620-5998c6999257@group-E964BE911FCC-LeaderElection403] INFO  impl.RoleInfo (RoleInfo.java:updateAndGet(143)) - 92ce6e48-4722-407a-9620-5998c6999257: start FollowerState
2019-10-18 14:02:19,604 [Thread-2939] INFO  impl.FollowerState (FollowerState.java:run(108)) - 92ce6e48-4722-407a-9620-5998c6999257@group-E964BE911FCC-FollowerState: change to CANDIDATE, lastRpcTime:100ms, electionTimeout:100ms
2019-10-18 14:02:19,604 [Thread-2939] INFO  impl.RoleInfo (RoleInfo.java:shutdownFollowerState(121)) - 92ce6e48-4722-407a-9620-5998c6999257: shutdown FollowerState
2019-10-18 14:02:19,604 [Thread-2939] INFO  impl.RaftServerImpl (RaftServerImpl.java:setRole(184)) - 92ce6e48-4722-407a-9620-5998c6999257@group-E964BE911FCC: changes role from  FOLLOWER to CANDIDATE at term 446 for changeToCandidate
2019-10-18 14:02:19,605 [Thread-2939] INFO  impl.RoleInfo (RoleInfo.java:updateAndGet(143)) - 92ce6e48-4722-407a-9620-5998c6999257: start LeaderElection
2019-10-18 14:02:19,618 [92ce6e48-4722-407a-9620-5998c6999257@group-E964BE911FCC-LeaderElection404] INFO  impl.LeaderElection (LeaderElection.java:askForVotes(178)) - 92ce6e48-4722-407a-9620-5998c6999257@group-E964BE911FCC-LeaderElection404: begin an election at term 447 for -1: [6cbfae60-ea29-4abc-a49d-ef94f4bd513a:192.168.69.85:36685, 66f9d00c-1e97-4252-958c-bed5a531abda:192.168.69.85:45996, 92ce6e48-4722-407a-9620-5998c6999257:192.168.69.85:34971], old=null
2019-10-18 14:02:19,620 [grpc-default-executor-0] INFO  impl.RaftServerImpl (RaftServerImpl.java:setRole(184)) - 66f9d00c-1e97-4252-958c-bed5a531abda@group-E964BE911FCC: changes role from  FOLLOWER to FOLLOWER at term 447 for recognizeCandidate:92ce6e48-4722-407a-9620-5998c6999257
2019-10-18 14:02:19,620 [grpc-default-executor-0] INFO  impl.RoleInfo (RoleInfo.java:shutdownFollowerState(121)) - 66f9d00c-1e97-4252-958c-bed5a531abda: shutdown FollowerState
2019-10-18 14:02:19,620 [grpc-default-executor-0] INFO  impl.RoleInfo (RoleInfo.java:updateAndGet(143)) - 66f9d00c-1e97-4252-958c-bed5a531abda: start FollowerState
2019-10-18 14:02:19,620 [grpc-default-executor-4] INFO  impl.RaftServerImpl (RaftServerImpl.java:setRole(184)) - 6cbfae60-ea29-4abc-a49d-ef94f4bd513a@group-E964BE911FCC: changes role from  FOLLOWER to FOLLOWER at term 447 for recognizeCandidate:92ce6e48-4722-407a-9620-5998c6999257
2019-10-18 14:02:19,620 [Thread-2938] INFO  impl.FollowerState (FollowerState.java:run(117)) - 66f9d00c-1e97-4252-958c-bed5a531abda@group-E964BE911FCC-FollowerState was interrupted: java.lang.InterruptedException: sleep interrupted
2019-10-18 14:02:19,620 [grpc-default-executor-4] INFO  impl.RoleInfo (RoleInfo.java:shutdownFollowerState(121)) - 6cbfae60-ea29-4abc-a49d-ef94f4bd513a: shutdown FollowerState
2019-10-18 14:02:19,621 [grpc-default-executor-4] INFO  impl.RoleInfo (RoleInfo.java:updateAndGet(143)) - 6cbfae60-ea29-4abc-a49d-ef94f4bd513a: start FollowerState
2019-10-18 14:02:19,621 [Thread-2937] INFO  impl.FollowerState (FollowerState.java:run(117)) - 6cbfae60-ea29-4abc-a49d-ef94f4bd513a@group-E964BE911FCC-FollowerState was interrupted: java.lang.InterruptedException: sleep interrupted
2019-10-18 14:02:19,635 [92ce6e48-4722-407a-9620-5998c6999257@group-E964BE911FCC-LeaderElection404] INFO  impl.LeaderElection (LeaderElection.java:logAndReturn(56)) - 92ce6e48-4722-407a-9620-5998c6999257@group-E964BE911FCC-LeaderElection404: Election REJECTED; received 2 response(s) [92ce6e48-4722-407a-9620-5998c6999257<-6cbfae60-ea29-4abc-a49d-ef94f4bd513a#0:FAIL-t447, 92ce6e48-4722-407a-9620-5998c6999257<-66f9d00c-1e97-4252-958c-bed5a531abda#0:FAIL-t447] and 0 exception(s); 92ce6e48-4722-407a-9620-5998c6999257@group-E964BE911FCC:t447, leader=null, voted=92ce6e48-4722-407a-9620-5998c6999257, raftlog=92ce6e48-4722-407a-9620-5998c6999257@group-E964BE911FCC-SegmentedRaftLog:OPENED:c-1,f-1,i0, conf=-1: [6cbfae60-ea29-4abc-a49d-ef94f4bd513a:192.168.69.85:36685, 66f9d00c-1e97-4252-958c-bed5a531abda:192.168.69.85:45996, 92ce6e48-4722-407a-9620-5998c6999257:192.168.69.85:34971], old=null
2019-10-18 14:02:19,635 [92ce6e48-4722-407a-9620-5998c6999257@group-E964BE911FCC-LeaderElection404] INFO  impl.RaftServerImpl (RaftServerImpl.java:setRole(184)) - 92ce6e48-4722-407a-9620-5998c6999257@group-E964BE911FCC: changes role from CANDIDATE to FOLLOWER at term 447 for DISCOVERED_A_NEW_TERM
2019-10-18 14:02:19,635 [92ce6e48-4722-407a-9620-5998c6999257@group-E964BE911FCC-LeaderElection404] INFO  impl.RoleInfo (RoleInfo.java:shutdownLeaderElection(134)) - 92ce6e48-4722-407a-9620-5998c6999257: shutdown LeaderElection
2019-10-18 14:02:19,635 [92ce6e48-4722-407a-9620-5998c6999257@group-E964BE911FCC-LeaderElection404] INFO  impl.RoleInfo (RoleInfo.java:updateAndGet(143)) - 92ce6e48-4722-407a-9620-5998c6999257: start FollowerState
2019-10-18 14:02:19,696 [Thread-2947] INFO  impl.FollowerState (FollowerState.java:run(108)) - 92ce6e48-4722-407a-9620-5998c6999257@group-E964BE911FCC-FollowerState: change to CANDIDATE, lastRpcTime:60ms, electionTimeout:60ms
2019-10-18 14:02:19,696 [Thread-2947] INFO  impl.RoleInfo (RoleInfo.java:shutdownFollowerState(121)) - 92ce6e48-4722-407a-9620-5998c6999257: shutdown FollowerState
2019-10-18 14:02:19,696 [Thread-2947] INFO  impl.RaftServerImpl (RaftServerImpl.java:setRole(184)) - 92ce6e48-4722-407a-9620-5998c6999257@group-E964BE911FCC: changes role from  FOLLOWER to CANDIDATE at term 447 for changeToCandidate
2019-10-18 14:02:19,696 [Thread-2947] INFO  impl.RoleInfo (RoleInfo.java:updateAndGet(143)) - 92ce6e48-4722-407a-9620-5998c6999257: start LeaderElection
2019-10-18 14:02:19,721 [92ce6e48-4722-407a-9620-5998c6999257@group-E964BE911FCC-LeaderElection405] INFO  impl.LeaderElection (LeaderElection.java:askForVotes(178)) - 92ce6e48-4722-407a-9620-5998c6999257@group-E964BE911FCC-LeaderElection405: begin an election at term 448 for -1: [6cbfae60-ea29-4abc-a49d-ef94f4bd513a:192.168.69.85:36685, 66f9d00c-1e97-4252-958c-bed5a531abda:192.168.69.85:45996, 92ce6e48-4722-407a-9620-5998c6999257:192.168.69.85:34971], old=null
2019-10-18 14:02:19,722 [grpc-default-executor-0] INFO  impl.RaftServerImpl (RaftServerImpl.java:setRole(184)) - 6cbfae60-ea29-4abc-a49d-ef94f4bd513a@group-E964BE911FCC: changes role from  FOLLOWER to FOLLOWER at term 448 for recognizeCandidate:92ce6e48-4722-407a-9620-5998c6999257
2019-10-18 14:02:19,723 [grpc-default-executor-0] INFO  impl.RoleInfo (RoleInfo.java:shutdownFollowerState(121)) - 6cbfae60-ea29-4abc-a49d-ef94f4bd513a: shutdown FollowerState
2019-10-18 14:02:19,722 [grpc-default-executor-4] INFO  impl.RaftServerImpl (RaftServerImpl.java:setRole(184)) - 66f9d00c-1e97-4252-958c-bed5a531abda@group-E964BE911FCC: changes role from  FOLLOWER to FOLLOWER at term 448 for recognizeCandidate:92ce6e48-4722-407a-9620-5998c6999257
2019-10-18 14:02:19,723 [Thread-2946] INFO  impl.FollowerState (FollowerState.java:run(117)) - 6cbfae60-ea29-4abc-a49d-ef94f4bd513a@group-E964BE911FCC-FollowerState was interrupted: java.lang.InterruptedException: sleep interrupted
2019-10-18 14:02:19,723 [grpc-default-executor-0] INFO  impl.RoleInfo (RoleInfo.java:updateAndGet(143)) - 6cbfae60-ea29-4abc-a49d-ef94f4bd513a: start FollowerState
2019-10-18 14:02:19,723 [grpc-default-executor-4] INFO  impl.RoleInfo (RoleInfo.java:shutdownFollowerState(121)) - 66f9d00c-1e97-4252-958c-bed5a531abda: shutdown FollowerState
2019-10-18 14:02:19,723 [Thread-2945] INFO  impl.FollowerState (FollowerState.java:run(117)) - 66f9d00c-1e97-4252-958c-bed5a531abda@group-E964BE911FCC-FollowerState was interrupted: java.lang.InterruptedException: sleep interrupted
2019-10-18 14:02:19,723 [grpc-default-executor-4] INFO  impl.RoleInfo (RoleInfo.java:updateAndGet(143)) - 66f9d00c-1e97-4252-958c-bed5a531abda: start FollowerState
2019-10-18 14:02:19,740 [92ce6e48-4722-407a-9620-5998c6999257@group-E964BE911FCC-LeaderElection405] INFO  impl.LeaderElection (LeaderElection.java:logAndReturn(56)) - 92ce6e48-4722-407a-9620-5998c6999257@group-E964BE911FCC-LeaderElection405: Election REJECTED; received 2 response(s) [92ce6e48-4722-407a-9620-5998c6999257<-6cbfae60-ea29-4abc-a49d-ef94f4bd513a#0:FAIL-t448, 92ce6e48-4722-407a-9620-5998c6999257<-66f9d00c-1e97-4252-958c-bed5a531abda#0:FAIL-t448] and 0 exception(s); 92ce6e48-4722-407a-9620-5998c6999257@group-E964BE911FCC:t448, leader=null, voted=92ce6e48-4722-407a-9620-5998c6999257, raftlog=92ce6e48-4722-407a-9620-5998c6999257@group-E964BE911FCC-SegmentedRaftLog:OPENED:c-1,f-1,i0, conf=-1: [6cbfae60-ea29-4abc-a49d-ef94f4bd513a:192.168.69.85:36685, 66f9d00c-1e97-4252-958c-bed5a531abda:192.168.69.85:45996, 92ce6e48-4722-407a-9620-5998c6999257:192.168.69.85:34971], old=null
2019-10-18 14:02:19,740 [92ce6e48-4722-407a-9620-5998c6999257@group-E964BE911FCC-LeaderElection405] INFO  impl.RaftServerImpl (RaftServerImpl.java:setRole(184)) - 92ce6e48-4722-407a-9620-5998c6999257@group-E964BE911FCC: changes role from CANDIDATE to FOLLOWER at term 448 for DISCOVERED_A_NEW_TERM
2019-10-18 14:02:19,740 [92ce6e48-4722-407a-9620-5998c6999257@group-E964BE911FCC-LeaderElection405] INFO  impl.RoleInfo (RoleInfo.java:shutdownLeaderElection(134)) - 92ce6e48-4722-407a-9620-5998c6999257: shutdown LeaderElection
2019-10-18 14:02:19,740 [92ce6e48-4722-407a-9620-5998c6999257@group-E964BE911FCC-LeaderElection405] INFO  impl.RoleInfo (RoleInfo.java:updateAndGet(143)) - 92ce6e48-4722-407a-9620-5998c6999257: start FollowerState
2019-10-18 14:02:19,877 [Thread-2953] INFO  impl.FollowerState (FollowerState.java:run(108)) - 92ce6e48-4722-407a-9620-5998c6999257@group-E964BE911FCC-FollowerState: change to CANDIDATE, lastRpcTime:136ms, electionTimeout:136ms
2019-10-18 14:02:19,877 [Thread-2953] INFO  impl.RoleInfo (RoleInfo.java:shutdownFollowerState(121)) - 92ce6e48-4722-407a-9620-5998c6999257: shutdown FollowerState
2019-10-18 14:02:19,877 [Thread-2953] INFO  impl.RaftServerImpl (RaftServerImpl.java:setRole(184)) - 92ce6e48-4722-407a-9620-5998c6999257@group-E964BE911FCC: changes role from  FOLLOWER to CANDIDATE at term 448 for changeToCandidate
2019-10-18 14:02:19,877 [Thread-2953] INFO  impl.RoleInfo (RoleInfo.java:updateAndGet(143)) - 92ce6e48-4722-407a-9620-5998c6999257: start LeaderElection
2019-10-18 14:02:19,891 [92ce6e48-4722-407a-9620-5998c6999257@group-E964BE911FCC-LeaderElection406] INFO  impl.LeaderElection (LeaderElection.java:askForVotes(178)) - 92ce6e48-4722-407a-9620-5998c6999257@group-E964BE911FCC-LeaderElection406: begin an election at term 449 for -1: [6cbfae60-ea29-4abc-a49d-ef94f4bd513a:192.168.69.85:36685, 66f9d00c-1e97-4252-958c-bed5a531abda:192.168.69.85:45996, 92ce6e48-4722-407a-9620-5998c6999257:192.168.69.85:34971], old=null
2019-10-18 14:02:19,893 [grpc-default-executor-0] INFO  impl.RaftServerImpl (RaftServerImpl.java:setRole(184)) - 66f9d00c-1e97-4252-958c-bed5a531abda@group-E964BE911FCC: changes role from  FOLLOWER to FOLLOWER at term 449 for recognizeCandidate:92ce6e48-4722-407a-9620-5998c6999257
2019-10-18 14:02:19,893 [grpc-default-executor-0] INFO  impl.RoleInfo (RoleInfo.java:shutdownFollowerState(121)) - 66f9d00c-1e97-4252-958c-bed5a531abda: shutdown FollowerState
2019-10-18 14:02:19,893 [grpc-default-executor-4] INFO  impl.RaftServerImpl (RaftServerImpl.java:setRole(184)) - 6cbfae60-ea29-4abc-a49d-ef94f4bd513a@group-E964BE911FCC: changes role from  FOLLOWER to FOLLOWER at term 449 for recognizeCandidate:92ce6e48-4722-407a-9620-5998c6999257
2019-10-18 14:02:19,893 [grpc-default-executor-4] INFO  impl.RoleInfo (RoleInfo.java:shutdownFollowerState(121)) - 6cbfae60-ea29-4abc-a49d-ef94f4bd513a: shutdown FollowerState
2019-10-18 14:02:19,893 [Thread-2952] INFO  impl.FollowerState (FollowerState.java:run(117)) - 66f9d00c-1e97-4252-958c-bed5a531abda@group-E964BE911FCC-FollowerState was interrupted: java.lang.InterruptedException: sleep interrupted
2019-10-18 14:02:19,893 [grpc-default-executor-0] INFO  impl.RoleInfo (RoleInfo.java:updateAndGet(143)) - 66f9d00c-1e97-4252-958c-bed5a531abda: start FollowerState
2019-10-18 14:02:19,893 [Thread-2951] INFO  impl.FollowerState (FollowerState.java:run(117)) - 6cbfae60-ea29-4abc-a49d-ef94f4bd513a@group-E964BE911FCC-FollowerState was interrupted: java.lang.InterruptedException: sleep interrupted
2019-10-18 14:02:19,893 [grpc-default-executor-4] INFO  impl.RoleInfo (RoleInfo.java:updateAndGet(143)) - 6cbfae60-ea29-4abc-a49d-ef94f4bd513a: start FollowerState
2019-10-18 14:02:19,909 [92ce6e48-4722-407a-9620-5998c6999257@group-E964BE911FCC-LeaderElection406] INFO  impl.LeaderElection (LeaderElection.java:logAndReturn(56)) - 92ce6e48-4722-407a-9620-5998c6999257@group-E964BE911FCC-LeaderElection406: Election REJECTED; received 2 response(s) [92ce6e48-4722-407a-9620-5998c6999257<-6cbfae60-ea29-4abc-a49d-ef94f4bd513a#0:FAIL-t449, 92ce6e48-4722-407a-9620-5998c6999257<-66f9d00c-1e97-4252-958c-bed5a531abda#0:FAIL-t449] and 0 exception(s); 92ce6e48-4722-407a-9620-5998c6999257@group-E964BE911FCC:t449, leader=null, voted=92ce6e48-4722-407a-9620-5998c6999257, raftlog=92ce6e48-4722-407a-9620-5998c6999257@group-E964BE911FCC-SegmentedRaftLog:OPENED:c-1,f-1,i0, conf=-1: [6cbfae60-ea29-4abc-a49d-ef94f4bd513a:192.168.69.85:36685, 66f9d00c-1e97-4252-958c-bed5a531abda:192.168.69.85:45996, 92ce6e48-4722-407a-9620-5998c6999257:192.168.69.85:34971], old=null
2019-10-18 14:02:19,909 [92ce6e48-4722-407a-9620-5998c6999257@group-E964BE911FCC-LeaderElection406] INFO  impl.RaftServerImpl (RaftServerImpl.java:setRole(184)) - 92ce6e48-4722-407a-9620-5998c6999257@group-E964BE911FCC: changes role from CANDIDATE to FOLLOWER at term 449 for DISCOVERED_A_NEW_TERM
2019-10-18 14:02:19,910 [92ce6e48-4722-407a-9620-5998c6999257@group-E964BE911FCC-LeaderElection406] INFO  impl.RoleInfo (RoleInfo.java:shutdownLeaderElection(134)) - 92ce6e48-4722-407a-9620-5998c6999257: shutdown LeaderElection
2019-10-18 14:02:19,910 [92ce6e48-4722-407a-9620-5998c6999257@group-E964BE911FCC-LeaderElection406] INFO  impl.RoleInfo (RoleInfo.java:updateAndGet(143)) - 92ce6e48-4722-407a-9620-5998c6999257: start FollowerState
2019-10-18 14:02:19,981 [Thread-2959] INFO  impl.FollowerState (FollowerState.java:run(108)) - 92ce6e48-4722-407a-9620-5998c6999257@group-E964BE911FCC-FollowerState: change to CANDIDATE, lastRpcTime:71ms, electionTimeout:71ms
2019-10-18 14:02:19,981 [Thread-2959] INFO  impl.RoleInfo (RoleInfo.java:shutdownFollowerState(121)) - 92ce6e48-4722-407a-9620-5998c6999257: shutdown FollowerState
2019-10-18 14:02:19,981 [Thread-2959] INFO  impl.RaftServerImpl (RaftServerImpl.java:setRole(184)) - 92ce6e48-4722-407a-9620-5998c6999257@group-E964BE911FCC: changes role from  FOLLOWER to CANDIDATE at term 449 for changeToCandidate
2019-10-18 14:02:19,981 [Thread-2959] INFO  impl.RoleInfo (RoleInfo.java:updateAndGet(143)) - 92ce6e48-4722-407a-9620-5998c6999257: start LeaderElection
2019-10-18 14:02:19,996 [92ce6e48-4722-407a-9620-5998c6999257@group-E964BE911FCC-LeaderElection407] INFO  impl.LeaderElection (LeaderElection.java:askForVotes(178)) - 92ce6e48-4722-407a-9620-5998c6999257@group-E964BE911FCC-LeaderElection407: begin an election at term 450 for -1: [6cbfae60-ea29-4abc-a49d-ef94f4bd513a:192.168.69.85:36685, 66f9d00c-1e97-4252-958c-bed5a531abda:192.168.69.85:45996, 92ce6e48-4722-407a-9620-5998c6999257:192.168.69.85:34971], old=null
2019-10-18 14:02:19,998 [grpc-default-executor-4] INFO  impl.RaftServerImpl (RaftServerImpl.java:setRole(184)) - 66f9d00c-1e97-4252-958c-bed5a531abda@group-E964BE911FCC: changes role from  FOLLOWER to FOLLOWER at term 450 for recognizeCandidate:92ce6e48-4722-407a-9620-5998c6999257
2019-10-18 14:02:19,998 [grpc-default-executor-4] INFO  impl.RoleInfo (RoleInfo.java:shutdownFollowerState(121)) - 66f9d00c-1e97-4252-958c-bed5a531abda: shutdown FollowerState
2019-10-18 14:02:19,998 [grpc-default-executor-4] INFO  impl.RoleInfo (RoleInfo.java:updateAndGet(143)) - 66f9d00c-1e97-4252-958c-bed5a531abda: start FollowerState
2019-10-18 14:02:19,998 [Thread-2957] INFO  impl.FollowerState (FollowerState.java:run(117)) - 66f9d00c-1e97-4252-958c-bed5a531abda@group-E964BE911FCC-FollowerState was interrupted: java.lang.InterruptedException: sleep interrupted
2019-10-18 14:02:19,998 [grpc-default-executor-0] INFO  impl.RaftServerImpl (RaftServerImpl.java:setRole(184)) - 6cbfae60-ea29-4abc-a49d-ef94f4bd513a@group-E964BE911FCC: changes role from  FOLLOWER to FOLLOWER at term 450 for recognizeCandidate:92ce6e48-4722-407a-9620-5998c6999257
2019-10-18 14:02:19,999 [grpc-default-executor-0] INFO  impl.RoleInfo (RoleInfo.java:shutdownFollowerState(121)) - 6cbfae60-ea29-4abc-a49d-ef94f4bd513a: shutdown FollowerState
2019-10-18 14:02:19,999 [Thread-2958] INFO  impl.FollowerState (FollowerState.java:run(117)) - 6cbfae60-ea29-4abc-a49d-ef94f4bd513a@group-E964BE911FCC-FollowerState was interrupted: java.lang.InterruptedException: sleep interrupted
2019-10-18 14:02:19,999 [grpc-default-executor-0] INFO  impl.RoleInfo (RoleInfo.java:updateAndGet(143)) - 6cbfae60-ea29-4abc-a49d-ef94f4bd513a: start FollowerState
2019-10-18 14:02:20,010 [92ce6e48-4722-407a-9620-5998c6999257@group-E964BE911FCC-LeaderElection407] INFO  impl.LeaderElection (LeaderElection.java:logAndReturn(56)) - 92ce6e48-4722-407a-9620-5998c6999257@group-E964BE911FCC-LeaderElection407: Election REJECTED; received 2 response(s) [92ce6e48-4722-407a-9620-5998c6999257<-6cbfae60-ea29-4abc-a49d-ef94f4bd513a#0:FAIL-t450, 92ce6e48-4722-407a-9620-5998c6999257<-66f9d00c-1e97-4252-958c-bed5a531abda#0:FAIL-t450] and 0 exception(s); 92ce6e48-4722-407a-9620-5998c6999257@group-E964BE911FCC:t450, leader=null, voted=92ce6e48-4722-407a-9620-5998c6999257, raftlog=92ce6e48-4722-407a-9620-5998c6999257@group-E964BE911FCC-SegmentedRaftLog:OPENED:c-1,f-1,i0, conf=-1: [6cbfae60-ea29-4abc-a49d-ef94f4bd513a:192.168.69.85:36685, 66f9d00c-1e97-4252-958c-bed5a531abda:192.168.69.85:45996, 92ce6e48-4722-407a-9620-5998c6999257:192.168.69.85:34971], old=null
2019-10-18 14:02:20,010 [92ce6e48-4722-407a-9620-5998c6999257@group-E964BE911FCC-LeaderElection407] INFO  impl.RaftServerImpl (RaftServerImpl.java:setRole(184)) - 92ce6e48-4722-407a-9620-5998c6999257@group-E964BE911FCC: changes role from CANDIDATE to FOLLOWER at term 450 for DISCOVERED_A_NEW_TERM
2019-10-18 14:02:20,010 [92ce6e48-4722-407a-9620-5998c6999257@group-E964BE911FCC-LeaderElection407] INFO  impl.RoleInfo (RoleInfo.java:shutdownLeaderElection(134)) - 92ce6e48-4722-407a-9620-5998c6999257: shutdown LeaderElection
2019-10-18 14:02:20,011 [92ce6e48-4722-407a-9620-5998c6999257@group-E964BE911FCC-LeaderElection407] INFO  impl.RoleInfo (RoleInfo.java:updateAndGet(143)) - 92ce6e48-4722-407a-9620-5998c6999257: start FollowerState
2019-10-18 14:02:20,020 [Thread-2965] INFO  impl.FollowerState (FollowerState.java:run(108)) - 92ce6e48-4722-407a-9620-5998c6999257@group-E964BE911FCC-FollowerState: change to CANDIDATE, lastRpcTime:9ms, electionTimeout:9ms
2019-10-18 14:02:20,020 [Thread-2965] INFO  impl.RoleInfo (RoleInfo.java:shutdownFollowerState(121)) - 92ce6e48-4722-407a-9620-5998c6999257: shutdown FollowerState
2019-10-18 14:02:20,020 [Thread-2965] INFO  impl.RaftServerImpl (RaftServerImpl.java:setRole(184)) - 92ce6e48-4722-407a-9620-5998c6999257@group-E964BE911FCC: changes role from  FOLLOWER to CANDIDATE at term 450 for changeToCandidate
2019-10-18 14:02:20,020 [Thread-2965] INFO  impl.RoleInfo (RoleInfo.java:updateAndGet(143)) - 92ce6e48-4722-407a-9620-5998c6999257: start LeaderElection
2019-10-18 14:02:20,035 [92ce6e48-4722-407a-9620-5998c6999257@group-E964BE911FCC-LeaderElection408] INFO  impl.LeaderElection (LeaderElection.java:askForVotes(178)) - 92ce6e48-4722-407a-9620-5998c6999257@group-E964BE911FCC-LeaderElection408: begin an election at term 451 for -1: [6cbfae60-ea29-4abc-a49d-ef94f4bd513a:192.168.69.85:36685, 66f9d00c-1e97-4252-958c-bed5a531abda:192.168.69.85:45996, 92ce6e48-4722-407a-9620-5998c6999257:192.168.69.85:34971], old=null
2019-10-18 14:02:20,036 [grpc-default-executor-0] INFO  impl.RaftServerImpl (RaftServerImpl.java:setRole(184)) - 6cbfae60-ea29-4abc-a49d-ef94f4bd513a@group-E964BE911FCC: changes role from  FOLLOWER to FOLLOWER at term 451 for recognizeCandidate:92ce6e48-4722-407a-9620-5998c6999257
2019-10-18 14:02:20,036 [grpc-default-executor-0] INFO  impl.RoleInfo (RoleInfo.java:shutdownFollowerState(121)) - 6cbfae60-ea29-4abc-a49d-ef94f4bd513a: shutdown FollowerState
2019-10-18 14:02:20,036 [grpc-default-executor-0] INFO  impl.RoleInfo (RoleInfo.java:updateAndGet(143)) - 6cbfae60-ea29-4abc-a49d-ef94f4bd513a: start FollowerState
2019-10-18 14:02:20,037 [Thread-2964] INFO  impl.FollowerState (FollowerState.java:run(117)) - 6cbfae60-ea29-4abc-a49d-ef94f4bd513a@group-E964BE911FCC-FollowerState was interrupted: java.lang.InterruptedException: sleep interrupted
2019-10-18 14:02:20,037 [grpc-default-executor-4] INFO  impl.RaftServerImpl (RaftServerImpl.java:setRole(184)) - 66f9d00c-1e97-4252-958c-bed5a531abda@group-E964BE911FCC: changes role from  FOLLOWER to FOLLOWER at term 451 for recognizeCandidate:92ce6e48-4722-407a-9620-5998c6999257
2019-10-18 14:02:20,037 [grpc-default-executor-4] INFO  impl.RoleInfo (RoleInfo.java:shutdownFollowerState(121)) - 66f9d00c-1e97-4252-958c-bed5a531abda: shutdown FollowerState
2019-10-18 14:02:20,037 [grpc-default-executor-4] INFO  impl.RoleInfo (RoleInfo.java:updateAndGet(143)) - 66f9d00c-1e97-4252-958c-bed5a531abda: start FollowerState
2019-10-18 14:02:20,037 [Thread-2963] INFO  impl.FollowerState (FollowerState.java:run(117)) - 66f9d00c-1e97-4252-958c-bed5a531abda@group-E964BE911FCC-FollowerState was interrupted: java.lang.InterruptedException: sleep interrupted
2019-10-18 14:02:20,050 [92ce6e48-4722-407a-9620-5998c6999257@group-E964BE911FCC-LeaderElection408] INFO  impl.LeaderElection (LeaderElection.java:logAndReturn(56)) - 92ce6e48-4722-407a-9620-5998c6999257@group-E964BE911FCC-LeaderElection408: Election REJECTED; received 2 response(s) [92ce6e48-4722-407a-9620-5998c6999257<-6cbfae60-ea29-4abc-a49d-ef94f4bd513a#0:FAIL-t451, 92ce6e48-4722-407a-9620-5998c6999257<-66f9d00c-1e97-4252-958c-bed5a531abda#0:FAIL-t451] and 0 exception(s); 92ce6e48-4722-407a-9620-5998c6999257@group-E964BE911FCC:t451, leader=null, voted=92ce6e48-4722-407a-9620-5998c6999257, raftlog=92ce6e48-4722-407a-9620-5998c6999257@group-E964BE911FCC-SegmentedRaftLog:OPENED:c-1,f-1,i0, conf=-1: [6cbfae60-ea29-4abc-a49d-ef94f4bd513a:192.168.69.85:36685, 66f9d00c-1e97-4252-958c-bed5a531abda:192.168.69.85:45996, 92ce6e48-4722-407a-9620-5998c6999257:192.168.69.85:34971], old=null
2019-10-18 14:02:20,051 [92ce6e48-4722-407a-9620-5998c6999257@group-E964BE911FCC-LeaderElection408] INFO  impl.RaftServerImpl (RaftServerImpl.java:setRole(184)) - 92ce6e48-4722-407a-9620-5998c6999257@group-E964BE911FCC: changes role from CANDIDATE to FOLLOWER at term 451 for DISCOVERED_A_NEW_TERM
2019-10-18 14:02:20,051 [92ce6e48-4722-407a-9620-5998c6999257@group-E964BE911FCC-LeaderElection408] INFO  impl.RoleInfo (RoleInfo.java:shutdownLeaderElection(134)) - 92ce6e48-4722-407a-9620-5998c6999257: shutdown LeaderElection
2019-10-18 14:02:20,051 [92ce6e48-4722-407a-9620-5998c6999257@group-E964BE911FCC-LeaderElection408] INFO  impl.RoleInfo (RoleInfo.java:updateAndGet(143)) - 92ce6e48-4722-407a-9620-5998c6999257: start FollowerState
2019-10-18 14:02:20,080 [Thread-2971] INFO  impl.FollowerState (FollowerState.java:run(108)) - 92ce6e48-4722-407a-9620-5998c6999257@group-E964BE911FCC-FollowerState: change to CANDIDATE, lastRpcTime:29ms, electionTimeout:29ms
2019-10-18 14:02:20,080 [Thread-2971] INFO  impl.RoleInfo (RoleInfo.java:shutdownFollowerState(121)) - 92ce6e48-4722-407a-9620-5998c6999257: shutdown FollowerState
2019-10-18 14:02:20,080 [Thread-2971] INFO  impl.RaftServerImpl (RaftServerImpl.java:setRole(184)) - 92ce6e48-4722-407a-9620-5998c6999257@group-E964BE911FCC: changes role from  FOLLOWER to CANDIDATE at term 451 for changeToCandidate
2019-10-18 14:02:20,081 [Thread-2971] INFO  impl.RoleInfo (RoleInfo.java:updateAndGet(143)) - 92ce6e48-4722-407a-9620-5998c6999257: start LeaderElection
2019-10-18 14:02:20,095 [92ce6e48-4722-407a-9620-5998c6999257@group-E964BE911FCC-LeaderElection409] INFO  impl.LeaderElection (LeaderElection.java:askForVotes(178)) - 92ce6e48-4722-407a-9620-5998c6999257@group-E964BE911FCC-LeaderElection409: begin an election at term 452 for -1: [6cbfae60-ea29-4abc-a49d-ef94f4bd513a:192.168.69.85:36685, 66f9d00c-1e97-4252-958c-bed5a531abda:192.168.69.85:45996, 92ce6e48-4722-407a-9620-5998c6999257:192.168.69.85:34971], old=null
2019-10-18 14:02:20,097 [grpc-default-executor-0] INFO  impl.RaftServerImpl (RaftServerImpl.java:setRole(184)) - 6cbfae60-ea29-4abc-a49d-ef94f4bd513a@group-E964BE911FCC: changes role from  FOLLOWER to FOLLOWER at term 452 for recognizeCandidate:92ce6e48-4722-407a-9620-5998c6999257
2019-10-18 14:02:20,097 [grpc-default-executor-0] INFO  impl.RoleInfo (RoleInfo.java:shutdownFollowerState(121)) - 6cbfae60-ea29-4abc-a49d-ef94f4bd513a: shutdown FollowerState
2019-10-18 14:02:20,097 [grpc-default-executor-0] INFO  impl.RoleInfo (RoleInfo.java:updateAndGet(143)) - 6cbfae60-ea29-4abc-a49d-ef94f4bd513a: start FollowerState
2019-10-18 14:02:20,097 [Thread-2969] INFO  impl.FollowerState (FollowerState.java:run(117)) - 6cbfae60-ea29-4abc-a49d-ef94f4bd513a@group-E964BE911FCC-FollowerState was interrupted: java.lang.InterruptedException: sleep interrupted
2019-10-18 14:02:20,097 [grpc-default-executor-4] INFO  impl.RaftServerImpl (RaftServerImpl.java:setRole(184)) - 66f9d00c-1e97-4252-958c-bed5a531abda@group-E964BE911FCC: changes role from  FOLLOWER to FOLLOWER at term 452 for recognizeCandidate:92ce6e48-4722-407a-9620-5998c6999257
2019-10-18 14:02:20,097 [grpc-default-executor-4] INFO  impl.RoleInfo (RoleInfo.java:shutdownFollowerState(121)) - 66f9d00c-1e97-4252-958c-bed5a531abda: shutdown FollowerState
2019-10-18 14:02:20,097 [grpc-default-executor-4] INFO  impl.RoleInfo (RoleInfo.java:updateAndGet(143)) - 66f9d00c-1e97-4252-958c-bed5a531abda: start FollowerState
2019-10-18 14:02:20,097 [Thread-2970] INFO  impl.FollowerState (FollowerState.java:run(117)) - 66f9d00c-1e97-4252-958c-bed5a531abda@group-E964BE911FCC-FollowerState was interrupted: java.lang.InterruptedException: sleep interrupted
2019-10-18 14:02:20,123 [92ce6e48-4722-407a-9620-5998c6999257@group-E964BE911FCC-LeaderElection409] INFO  impl.LeaderElection (LeaderElection.java:logAndReturn(56)) - 92ce6e48-4722-407a-9620-5998c6999257@group-E964BE911FCC-LeaderElection409: Election REJECTED; received 2 response(s) [92ce6e48-4722-407a-9620-5998c6999257<-6cbfae60-ea29-4abc-a49d-ef94f4bd513a#0:FAIL-t452, 92ce6e48-4722-407a-9620-5998c6999257<-66f9d00c-1e97-4252-958c-bed5a531abda#0:FAIL-t452] and 0 exception(s); 92ce6e48-4722-407a-9620-5998c6999257@group-E964BE911FCC:t452, leader=null, voted=92ce6e48-4722-407a-9620-5998c6999257, raftlog=92ce6e48-4722-407a-9620-5998c6999257@group-E964BE911FCC-SegmentedRaftLog:OPENED:c-1,f-1,i0, conf=-1: [6cbfae60-ea29-4abc-a49d-ef94f4bd513a:192.168.69.85:36685, 66f9d00c-1e97-4252-958c-bed5a531abda:192.168.69.85:45996, 92ce6e48-4722-407a-9620-5998c6999257:192.168.69.85:34971], old=null
2019-10-18 14:02:20,124 [92ce6e48-4722-407a-9620-5998c6999257@group-E964BE911FCC-LeaderElection409] INFO  impl.RaftServerImpl (RaftServerImpl.java:setRole(184)) - 92ce6e48-4722-407a-9620-5998c6999257@group-E964BE911FCC: changes role from CANDIDATE to FOLLOWER at term 452 for DISCOVERED_A_NEW_TERM
2019-10-18 14:02:20,124 [92ce6e48-4722-407a-9620-5998c6999257@group-E964BE911FCC-LeaderElection409] INFO  impl.RoleInfo (RoleInfo.java:shutdownLeaderElection(134)) - 92ce6e48-4722-407a-9620-5998c6999257: shutdown LeaderElection
2019-10-18 14:02:20,124 [92ce6e48-4722-407a-9620-5998c6999257@group-E964BE911FCC-LeaderElection409] INFO  impl.RoleInfo (RoleInfo.java:updateAndGet(143)) - 92ce6e48-4722-407a-9620-5998c6999257: start FollowerState
2019-10-18 14:02:20,224 [Thread-2977] INFO  impl.FollowerState (FollowerState.java:run(108)) - 92ce6e48-4722-407a-9620-5998c6999257@group-E964BE911FCC-FollowerState: change to CANDIDATE, lastRpcTime:100ms, electionTimeout:100ms
2019-10-18 14:02:20,224 [Thread-2977] INFO  impl.RoleInfo (RoleInfo.java:shutdownFollowerState(121)) - 92ce6e48-4722-407a-9620-5998c6999257: shutdown FollowerState
2019-10-18 14:02:20,224 [Thread-2977] INFO  impl.RaftServerImpl (RaftServerImpl.java:setRole(184)) - 92ce6e48-4722-407a-9620-5998c6999257@group-E964BE911FCC: changes role from  FOLLOWER to CANDIDATE at term 452 for changeToCandidate
2019-10-18 14:02:20,224 [Thread-2977] INFO  impl.RoleInfo (RoleInfo.java:updateAndGet(143)) - 92ce6e48-4722-407a-9620-5998c6999257: start LeaderElection
2019-10-18 14:02:20,238 [92ce6e48-4722-407a-9620-5998c6999257@group-E964BE911FCC-LeaderElection410] INFO  impl.LeaderElection (LeaderElection.java:askForVotes(178)) - 92ce6e48-4722-407a-9620-5998c6999257@group-E964BE911FCC-LeaderElection410: begin an election at term 453 for -1: [6cbfae60-ea29-4abc-a49d-ef94f4bd513a:192.168.69.85:36685, 66f9d00c-1e97-4252-958c-bed5a531abda:192.168.69.85:45996, 92ce6e48-4722-407a-9620-5998c6999257:192.168.69.85:34971], old=null
2019-10-18 14:02:20,240 [grpc-default-executor-4] INFO  impl.RaftServerImpl (RaftServerImpl.java:setRole(184)) - 66f9d00c-1e97-4252-958c-bed5a531abda@group-E964BE911FCC: changes role from  FOLLOWER to FOLLOWER at term 453 for recognizeCandidate:92ce6e48-4722-407a-9620-5998c6999257
2019-10-18 14:02:20,240 [grpc-default-executor-4] INFO  impl.RoleInfo (RoleInfo.java:shutdownFollowerState(121)) - 66f9d00c-1e97-4252-958c-bed5a531abda: shutdown FollowerState
2019-10-18 14:02:20,240 [grpc-default-executor-1] INFO  impl.RaftServerImpl (RaftServerImpl.java:setRole(184)) - 6cbfae60-ea29-4abc-a49d-ef94f4bd513a@group-E964BE911FCC: changes role from  FOLLOWER to FOLLOWER at term 453 for recognizeCandidate:92ce6e48-4722-407a-9620-5998c6999257
2019-10-18 14:02:20,240 [grpc-default-executor-1] INFO  impl.RoleInfo (RoleInfo.java:shutdownFollowerState(121)) - 6cbfae60-ea29-4abc-a49d-ef94f4bd513a: shutdown FollowerState
2019-10-18 14:02:20,240 [Thread-2976] INFO  impl.FollowerState (FollowerState.java:run(117)) - 66f9d00c-1e97-4252-958c-bed5a531abda@group-E964BE911FCC-FollowerState was interrupted: java.lang.InterruptedException: sleep interrupted
2019-10-18 14:02:20,240 [grpc-default-executor-4] INFO  impl.RoleInfo (RoleInfo.java:updateAndGet(143)) - 66f9d00c-1e97-4252-958c-bed5a531abda: start FollowerState
2019-10-18 14:02:20,240 [Thread-2975] INFO  impl.FollowerState (FollowerState.java:run(117)) - 6cbfae60-ea29-4abc-a49d-ef94f4bd513a@group-E964BE911FCC-FollowerState was interrupted: java.lang.InterruptedException: sleep interrupted
2019-10-18 14:02:20,240 [grpc-default-executor-1] INFO  impl.RoleInfo (RoleInfo.java:updateAndGet(143)) - 6cbfae60-ea29-4abc-a49d-ef94f4bd513a: start FollowerState
2019-10-18 14:02:20,256 [92ce6e48-4722-407a-9620-5998c6999257@group-E964BE911FCC-LeaderElection410] INFO  impl.LeaderElection (LeaderElection.java:logAndReturn(56)) - 92ce6e48-4722-407a-9620-5998c6999257@group-E964BE911FCC-LeaderElection410: Election REJECTED; received 2 response(s) [92ce6e48-4722-407a-9620-5998c6999257<-6cbfae60-ea29-4abc-a49d-ef94f4bd513a#0:FAIL-t453, 92ce6e48-4722-407a-9620-5998c6999257<-66f9d00c-1e97-4252-958c-bed5a531abda#0:FAIL-t453] and 0 exception(s); 92ce6e48-4722-407a-9620-5998c6999257@group-E964BE911FCC:t453, leader=null, voted=92ce6e48-4722-407a-9620-5998c6999257, raftlog=92ce6e48-4722-407a-9620-5998c6999257@group-E964BE911FCC-SegmentedRaftLog:OPENED:c-1,f-1,i0, conf=-1: [6cbfae60-ea29-4abc-a49d-ef94f4bd513a:192.168.69.85:36685, 66f9d00c-1e97-4252-958c-bed5a531abda:192.168.69.85:45996, 92ce6e48-4722-407a-9620-5998c6999257:192.168.69.85:34971], old=null
2019-10-18 14:02:20,256 [92ce6e48-4722-407a-9620-5998c6999257@group-E964BE911FCC-LeaderElection410] INFO  impl.RaftServerImpl (RaftServerImpl.java:setRole(184)) - 92ce6e48-4722-407a-9620-5998c6999257@group-E964BE911FCC: changes role from CANDIDATE to FOLLOWER at term 453 for DISCOVERED_A_NEW_TERM
2019-10-18 14:02:20,256 [92ce6e48-4722-407a-9620-5998c6999257@group-E964BE911FCC-LeaderElection410] INFO  impl.RoleInfo (RoleInfo.java:shutdownLeaderElection(134)) - 92ce6e48-4722-407a-9620-5998c6999257: shutdown LeaderElection
2019-10-18 14:02:20,256 [92ce6e48-4722-407a-9620-5998c6999257@group-E964BE911FCC-LeaderElection410] INFO  impl.RoleInfo (RoleInfo.java:updateAndGet(143)) - 92ce6e48-4722-407a-9620-5998c6999257: start FollowerState
2019-10-18 14:02:20,364 [Thread-2985] INFO  impl.FollowerState (FollowerState.java:run(108)) - 92ce6e48-4722-407a-9620-5998c6999257@group-E964BE911FCC-FollowerState: change to CANDIDATE, lastRpcTime:107ms, electionTimeout:107ms
2019-10-18 14:02:20,364 [Thread-2985] INFO  impl.RoleInfo (RoleInfo.java:shutdownFollowerState(121)) - 92ce6e48-4722-407a-9620-5998c6999257: shutdown FollowerState
2019-10-18 14:02:20,364 [Thread-2985] INFO  impl.RaftServerImpl (RaftServerImpl.java:setRole(184)) - 92ce6e48-4722-407a-9620-5998c6999257@group-E964BE911FCC: changes role from  FOLLOWER to CANDIDATE at term 453 for changeToCandidate
2019-10-18 14:02:20,364 [Thread-2985] INFO  impl.RoleInfo (RoleInfo.java:updateAndGet(143)) - 92ce6e48-4722-407a-9620-5998c6999257: start LeaderElection
2019-10-18 14:02:20,380 [92ce6e48-4722-407a-9620-5998c6999257@group-E964BE911FCC-LeaderElection411] INFO  impl.LeaderElection (LeaderElection.java:askForVotes(178)) - 92ce6e48-4722-407a-9620-5998c6999257@group-E964BE911FCC-LeaderElection411: begin an election at term 454 for -1: [6cbfae60-ea29-4abc-a49d-ef94f4bd513a:192.168.69.85:36685, 66f9d00c-1e97-4252-958c-bed5a531abda:192.168.69.85:45996, 92ce6e48-4722-407a-9620-5998c6999257:192.168.69.85:34971], old=null
2019-10-18 14:02:20,382 [grpc-default-executor-4] INFO  impl.RaftServerImpl (RaftServerImpl.java:setRole(184)) - 6cbfae60-ea29-4abc-a49d-ef94f4bd513a@group-E964BE911FCC: changes role from  FOLLOWER to FOLLOWER at term 454 for recognizeCandidate:92ce6e48-4722-407a-9620-5998c6999257
2019-10-18 14:02:20,382 [grpc-default-executor-4] INFO  impl.RoleInfo (RoleInfo.java:shutdownFollowerState(121)) - 6cbfae60-ea29-4abc-a49d-ef94f4bd513a: shutdown FollowerState
2019-10-18 14:02:20,382 [grpc-default-executor-1] INFO  impl.RaftServerImpl (RaftServerImpl.java:setRole(184)) - 66f9d00c-1e97-4252-958c-bed5a531abda@group-E964BE911FCC: changes role from  FOLLOWER to FOLLOWER at term 454 for recognizeCandidate:92ce6e48-4722-407a-9620-5998c6999257
2019-10-18 14:02:20,382 [grpc-default-executor-1] INFO  impl.RoleInfo (RoleInfo.java:shutdownFollowerState(121)) - 66f9d00c-1e97-4252-958c-bed5a531abda: shutdown FollowerState
2019-10-18 14:02:20,382 [Thread-2983] INFO  impl.FollowerState (FollowerState.java:run(117)) - 6cbfae60-ea29-4abc-a49d-ef94f4bd513a@group-E964BE911FCC-FollowerState was interrupted: java.lang.InterruptedException: sleep interrupted
2019-10-18 14:02:20,382 [Thread-2982] INFO  impl.FollowerState (FollowerState.java:run(117)) - 66f9d00c-1e97-4252-958c-bed5a531abda@group-E964BE911FCC-FollowerState was interrupted: java.lang.InterruptedException: sleep interrupted
2019-10-18 14:02:20,382 [grpc-default-executor-4] INFO  impl.RoleInfo (RoleInfo.java:updateAndGet(143)) - 6cbfae60-ea29-4abc-a49d-ef94f4bd513a: start FollowerState
2019-10-18 14:02:20,382 [grpc-default-executor-1] INFO  impl.RoleInfo (RoleInfo.java:updateAndGet(143)) - 66f9d00c-1e97-4252-958c-bed5a531abda: start FollowerState
2019-10-18 14:02:20,397 [92ce6e48-4722-407a-9620-5998c6999257@group-E964BE911FCC-LeaderElection411] INFO  impl.LeaderElection (LeaderElection.java:logAndReturn(56)) - 92ce6e48-4722-407a-9620-5998c6999257@group-E964BE911FCC-LeaderElection411: Election REJECTED; received 2 response(s) [92ce6e48-4722-407a-9620-5998c6999257<-6cbfae60-ea29-4abc-a49d-ef94f4bd513a#0:FAIL-t454, 92ce6e48-4722-407a-9620-5998c6999257<-66f9d00c-1e97-4252-958c-bed5a531abda#0:FAIL-t454] and 0 exception(s); 92ce6e48-4722-407a-9620-5998c6999257@group-E964BE911FCC:t454, leader=null, voted=92ce6e48-4722-407a-9620-5998c6999257, raftlog=92ce6e48-4722-407a-9620-5998c6999257@group-E964BE911FCC-SegmentedRaftLog:OPENED:c-1,f-1,i0, conf=-1: [6cbfae60-ea29-4abc-a49d-ef94f4bd513a:192.168.69.85:36685, 66f9d00c-1e97-4252-958c-bed5a531abda:192.168.69.85:45996, 92ce6e48-4722-407a-9620-5998c6999257:192.168.69.85:34971], old=null
2019-10-18 14:02:20,397 [92ce6e48-4722-407a-9620-5998c6999257@group-E964BE911FCC-LeaderElection411] INFO  impl.RaftServerImpl (RaftServerImpl.java:setRole(184)) - 92ce6e48-4722-407a-9620-5998c6999257@group-E964BE911FCC: changes role from CANDIDATE to FOLLOWER at term 454 for DISCOVERED_A_NEW_TERM
2019-10-18 14:02:20,397 [92ce6e48-4722-407a-9620-5998c6999257@group-E964BE911FCC-LeaderElection411] INFO  impl.RoleInfo (RoleInfo.java:shutdownLeaderElection(134)) - 92ce6e48-4722-407a-9620-5998c6999257: shutdown LeaderElection
2019-10-18 14:02:20,397 [92ce6e48-4722-407a-9620-5998c6999257@group-E964BE911FCC-LeaderElection411] INFO  impl.RoleInfo (RoleInfo.java:updateAndGet(143)) - 92ce6e48-4722-407a-9620-5998c6999257: start FollowerState
2019-10-18 14:02:20,476 [Thread-2992] INFO  impl.FollowerState (FollowerState.java:run(108)) - 92ce6e48-4722-407a-9620-5998c6999257@group-E964BE911FCC-FollowerState: change to CANDIDATE, lastRpcTime:78ms, electionTimeout:78ms
2019-10-18 14:02:20,476 [Thread-2992] INFO  impl.RoleInfo (RoleInfo.java:shutdownFollowerState(121)) - 92ce6e48-4722-407a-9620-5998c6999257: shutdown FollowerState
2019-10-18 14:02:20,476 [Thread-2992] INFO  impl.RaftServerImpl (RaftServerImpl.java:setRole(184)) - 92ce6e48-4722-407a-9620-5998c6999257@group-E964BE911FCC: changes role from  FOLLOWER to CANDIDATE at term 454 for changeToCandidate
2019-10-18 14:02:20,476 [Thread-2992] INFO  impl.RoleInfo (RoleInfo.java:updateAndGet(143)) - 92ce6e48-4722-407a-9620-5998c6999257: start LeaderElection
2019-10-18 14:02:20,501 [92ce6e48-4722-407a-9620-5998c6999257@group-E964BE911FCC-LeaderElection412] INFO  impl.LeaderElection (LeaderElection.java:askForVotes(178)) - 92ce6e48-4722-407a-9620-5998c6999257@group-E964BE911FCC-LeaderElection412: begin an election at term 455 for -1: [6cbfae60-ea29-4abc-a49d-ef94f4bd513a:192.168.69.85:36685, 66f9d00c-1e97-4252-958c-bed5a531abda:192.168.69.85:45996, 92ce6e48-4722-407a-9620-5998c6999257:192.168.69.85:34971], old=null
2019-10-18 14:02:20,503 [grpc-default-executor-1] INFO  impl.RaftServerImpl (RaftServerImpl.java:setRole(184)) - 6cbfae60-ea29-4abc-a49d-ef94f4bd513a@group-E964BE911FCC: changes role from  FOLLOWER to FOLLOWER at term 455 for recognizeCandidate:92ce6e48-4722-407a-9620-5998c6999257
2019-10-18 14:02:20,503 [grpc-default-executor-4] INFO  impl.RaftServerImpl (RaftServerImpl.java:setRole(184)) - 66f9d00c-1e97-4252-958c-bed5a531abda@group-E964BE911FCC: changes role from  FOLLOWER to FOLLOWER at term 455 for recognizeCandidate:92ce6e48-4722-407a-9620-5998c6999257
2019-10-18 14:02:20,503 [grpc-default-executor-1] INFO  impl.RoleInfo (RoleInfo.java:shutdownFollowerState(121)) - 6cbfae60-ea29-4abc-a49d-ef94f4bd513a: shutdown FollowerState
2019-10-18 14:02:20,503 [grpc-default-executor-4] INFO  impl.RoleInfo (RoleInfo.java:shutdownFollowerState(121)) - 66f9d00c-1e97-4252-958c-bed5a531abda: shutdown FollowerState
2019-10-18 14:02:20,503 [Thread-2990] INFO  impl.FollowerState (FollowerState.java:run(117)) - 6cbfae60-ea29-4abc-a49d-ef94f4bd513a@group-E964BE911FCC-FollowerState was interrupted: java.lang.InterruptedException: sleep interrupted
2019-10-18 14:02:20,503 [grpc-default-executor-1] INFO  impl.RoleInfo (RoleInfo.java:updateAndGet(143)) - 6cbfae60-ea29-4abc-a49d-ef94f4bd513a: start FollowerState
2019-10-18 14:02:20,503 [Thread-2991] INFO  impl.FollowerState (FollowerState.java:run(117)) - 66f9d00c-1e97-4252-958c-bed5a531abda@group-E964BE911FCC-FollowerState was interrupted: java.lang.InterruptedException: sleep interrupted
2019-10-18 14:02:20,503 [grpc-default-executor-4] INFO  impl.RoleInfo (RoleInfo.java:updateAndGet(143)) - 66f9d00c-1e97-4252-958c-bed5a531abda: start FollowerState
2019-10-18 14:02:20,521 [92ce6e48-4722-407a-9620-5998c6999257@group-E964BE911FCC-LeaderElection412] INFO  impl.LeaderElection (LeaderElection.java:logAndReturn(56)) - 92ce6e48-4722-407a-9620-5998c6999257@group-E964BE911FCC-LeaderElection412: Election REJECTED; received 2 response(s) [92ce6e48-4722-407a-9620-5998c6999257<-6cbfae60-ea29-4abc-a49d-ef94f4bd513a#0:FAIL-t455, 92ce6e48-4722-407a-9620-5998c6999257<-66f9d00c-1e97-4252-958c-bed5a531abda#0:FAIL-t455] and 0 exception(s); 92ce6e48-4722-407a-9620-5998c6999257@group-E964BE911FCC:t455, leader=null, voted=92ce6e48-4722-407a-9620-5998c6999257, raftlog=92ce6e48-4722-407a-9620-5998c6999257@group-E964BE911FCC-SegmentedRaftLog:OPENED:c-1,f-1,i0, conf=-1: [6cbfae60-ea29-4abc-a49d-ef94f4bd513a:192.168.69.85:36685, 66f9d00c-1e97-4252-958c-bed5a531abda:192.168.69.85:45996, 92ce6e48-4722-407a-9620-5998c6999257:192.168.69.85:34971], old=null
2019-10-18 14:02:20,521 [92ce6e48-4722-407a-9620-5998c6999257@group-E964BE911FCC-LeaderElection412] INFO  impl.RaftServerImpl (RaftServerImpl.java:setRole(184)) - 92ce6e48-4722-407a-9620-5998c6999257@group-E964BE911FCC: changes role from CANDIDATE to FOLLOWER at term 455 for DISCOVERED_A_NEW_TERM
2019-10-18 14:02:20,521 [92ce6e48-4722-407a-9620-5998c6999257@group-E964BE911FCC-LeaderElection412] INFO  impl.RoleInfo (RoleInfo.java:shutdownLeaderElection(134)) - 92ce6e48-4722-407a-9620-5998c6999257: shutdown LeaderElection
2019-10-18 14:02:20,521 [92ce6e48-4722-407a-9620-5998c6999257@group-E964BE911FCC-LeaderElection412] INFO  impl.RoleInfo (RoleInfo.java:updateAndGet(143)) - 92ce6e48-4722-407a-9620-5998c6999257: start FollowerState
2019-10-18 14:02:20,578 [Thread-2999] INFO  impl.FollowerState (FollowerState.java:run(108)) - 92ce6e48-4722-407a-9620-5998c6999257@group-E964BE911FCC-FollowerState: change to CANDIDATE, lastRpcTime:57ms, electionTimeout:57ms
2019-10-18 14:02:20,578 [Thread-2999] INFO  impl.RoleInfo (RoleInfo.java:shutdownFollowerState(121)) - 92ce6e48-4722-407a-9620-5998c6999257: shutdown FollowerState
2019-10-18 14:02:20,579 [Thread-2999] INFO  impl.RaftServerImpl (RaftServerImpl.java:setRole(184)) - 92ce6e48-4722-407a-9620-5998c6999257@group-E964BE911FCC: changes role from  FOLLOWER to CANDIDATE at term 455 for changeToCandidate
2019-10-18 14:02:20,579 [Thread-2999] INFO  impl.RoleInfo (RoleInfo.java:updateAndGet(143)) - 92ce6e48-4722-407a-9620-5998c6999257: start LeaderElection
2019-10-18 14:02:20,593 [92ce6e48-4722-407a-9620-5998c6999257@group-E964BE911FCC-LeaderElection413] INFO  impl.LeaderElection (LeaderElection.java:askForVotes(178)) - 92ce6e48-4722-407a-9620-5998c6999257@group-E964BE911FCC-LeaderElection413: begin an election at term 456 for -1: [6cbfae60-ea29-4abc-a49d-ef94f4bd513a:192.168.69.85:36685, 66f9d00c-1e97-4252-958c-bed5a531abda:192.168.69.85:45996, 92ce6e48-4722-407a-9620-5998c6999257:192.168.69.85:34971], old=null
2019-10-18 14:02:20,594 [grpc-default-executor-4] INFO  impl.RaftServerImpl (RaftServerImpl.java:setRole(184)) - 6cbfae60-ea29-4abc-a49d-ef94f4bd513a@group-E964BE911FCC: changes role from  FOLLOWER to FOLLOWER at term 456 for recognizeCandidate:92ce6e48-4722-407a-9620-5998c6999257
2019-10-18 14:02:20,594 [grpc-default-executor-4] INFO  impl.RoleInfo (RoleInfo.java:shutdownFollowerState(121)) - 6cbfae60-ea29-4abc-a49d-ef94f4bd513a: shutdown FollowerState
2019-10-18 14:02:20,595 [grpc-default-executor-4] INFO  impl.RoleInfo (RoleInfo.java:updateAndGet(143)) - 6cbfae60-ea29-4abc-a49d-ef94f4bd513a: start FollowerState
2019-10-18 14:02:20,595 [Thread-2997] INFO  impl.FollowerState (FollowerState.java:run(117)) - 6cbfae60-ea29-4abc-a49d-ef94f4bd513a@group-E964BE911FCC-FollowerState was interrupted: java.lang.InterruptedException: sleep interrupted
2019-10-18 14:02:20,595 [grpc-default-executor-1] INFO  impl.RaftServerImpl (RaftServerImpl.java:setRole(184)) - 66f9d00c-1e97-4252-958c-bed5a531abda@group-E964BE911FCC: changes role from  FOLLOWER to FOLLOWER at term 456 for recognizeCandidate:92ce6e48-4722-407a-9620-5998c6999257
2019-10-18 14:02:20,595 [grpc-default-executor-1] INFO  impl.RoleInfo (RoleInfo.java:shutdownFollowerState(121)) - 66f9d00c-1e97-4252-958c-bed5a531abda: shutdown FollowerState
2019-10-18 14:02:20,595 [grpc-default-executor-1] INFO  impl.RoleInfo (RoleInfo.java:updateAndGet(143)) - 66f9d00c-1e97-4252-958c-bed5a531abda: start FollowerState
2019-10-18 14:02:20,595 [Thread-2998] INFO  impl.FollowerState (FollowerState.java:run(117)) - 66f9d00c-1e97-4252-958c-bed5a531abda@group-E964BE911FCC-FollowerState was interrupted: java.lang.InterruptedException: sleep interrupted
2019-10-18 14:02:20,609 [92ce6e48-4722-407a-9620-5998c6999257@group-E964BE911FCC-LeaderElection413] INFO  impl.LeaderElection (LeaderElection.java:logAndReturn(56)) - 92ce6e48-4722-407a-9620-5998c6999257@group-E964BE911FCC-LeaderElection413: Election REJECTED; received 2 response(s) [92ce6e48-4722-407a-9620-5998c6999257<-6cbfae60-ea29-4abc-a49d-ef94f4bd513a#0:FAIL-t456, 92ce6e48-4722-407a-9620-5998c6999257<-66f9d00c-1e97-4252-958c-bed5a531abda#0:FAIL-t456] and 0 exception(s); 92ce6e48-4722-407a-9620-5998c6999257@group-E964BE911FCC:t456, leader=null, voted=92ce6e48-4722-407a-9620-5998c6999257, raftlog=92ce6e48-4722-407a-9620-5998c6999257@group-E964BE911FCC-SegmentedRaftLog:OPENED:c-1,f-1,i0, conf=-1: [6cbfae60-ea29-4abc-a49d-ef94f4bd513a:192.168.69.85:36685, 66f9d00c-1e97-4252-958c-bed5a531abda:192.168.69.85:45996, 92ce6e48-4722-407a-9620-5998c6999257:192.168.69.85:34971], old=null
2019-10-18 14:02:20,609 [92ce6e48-4722-407a-9620-5998c6999257@group-E964BE911FCC-LeaderElection413] INFO  impl.RaftServerImpl (RaftServerImpl.java:setRole(184)) - 92ce6e48-4722-407a-9620-5998c6999257@group-E964BE911FCC: changes role from CANDIDATE to FOLLOWER at term 456 for DISCOVERED_A_NEW_TERM
2019-10-18 14:02:20,609 [92ce6e48-4722-407a-9620-5998c6999257@group-E964BE911FCC-LeaderElection413] INFO  impl.RoleInfo (RoleInfo.java:shutdownLeaderElection(134)) - 92ce6e48-4722-407a-9620-5998c6999257: shutdown LeaderElection
2019-10-18 14:02:20,610 [92ce6e48-4722-407a-9620-5998c6999257@group-E964BE911FCC-LeaderElection413] INFO  impl.RoleInfo (RoleInfo.java:updateAndGet(143)) - 92ce6e48-4722-407a-9620-5998c6999257: start FollowerState
2019-10-18 14:02:20,655 [Thread-3007] INFO  impl.FollowerState (FollowerState.java:run(108)) - 92ce6e48-4722-407a-9620-5998c6999257@group-E964BE911FCC-FollowerState: change to CANDIDATE, lastRpcTime:45ms, electionTimeout:45ms
2019-10-18 14:02:20,655 [Thread-3007] INFO  impl.RoleInfo (RoleInfo.java:shutdownFollowerState(121)) - 92ce6e48-4722-407a-9620-5998c6999257: shutdown FollowerState
2019-10-18 14:02:20,655 [Thread-3007] INFO  impl.RaftServerImpl (RaftServerImpl.java:setRole(184)) - 92ce6e48-4722-407a-9620-5998c6999257@group-E964BE911FCC: changes role from  FOLLOWER to CANDIDATE at term 456 for changeToCandidate
2019-10-18 14:02:20,655 [Thread-3007] INFO  impl.RoleInfo (RoleInfo.java:updateAndGet(143)) - 92ce6e48-4722-407a-9620-5998c6999257: start LeaderElection
2019-10-18 14:02:20,670 [92ce6e48-4722-407a-9620-5998c6999257@group-E964BE911FCC-LeaderElection414] INFO  impl.LeaderElection (LeaderElection.java:askForVotes(178)) - 92ce6e48-4722-407a-9620-5998c6999257@group-E964BE911FCC-LeaderElection414: begin an election at term 457 for -1: [6cbfae60-ea29-4abc-a49d-ef94f4bd513a:192.168.69.85:36685, 66f9d00c-1e97-4252-958c-bed5a531abda:192.168.69.85:45996, 92ce6e48-4722-407a-9620-5998c6999257:192.168.69.85:34971], old=null
2019-10-18 14:02:20,671 [grpc-default-executor-1] INFO  impl.RaftServerImpl (RaftServerImpl.java:setRole(184)) - 6cbfae60-ea29-4abc-a49d-ef94f4bd513a@group-E964BE911FCC: changes role from  FOLLOWER to FOLLOWER at term 457 for recognizeCandidate:92ce6e48-4722-407a-9620-5998c6999257
2019-10-18 14:02:20,671 [grpc-default-executor-1] INFO  impl.RoleInfo (RoleInfo.java:shutdownFollowerState(121)) - 6cbfae60-ea29-4abc-a49d-ef94f4bd513a: shutdown FollowerState
2019-10-18 14:02:20,671 [grpc-default-executor-4] INFO  impl.RaftServerImpl (RaftServerImpl.java:setRole(184)) - 66f9d00c-1e97-4252-958c-bed5a531abda@group-E964BE911FCC: changes role from  FOLLOWER to FOLLOWER at term 457 for recognizeCandidate:92ce6e48-4722-407a-9620-5998c6999257
2019-10-18 14:02:20,672 [grpc-default-executor-4] INFO  impl.RoleInfo (RoleInfo.java:shutdownFollowerState(121)) - 66f9d00c-1e97-4252-958c-bed5a531abda: shutdown FollowerState
2019-10-18 14:02:20,672 [Thread-3005] INFO  impl.FollowerState (FollowerState.java:run(117)) - 6cbfae60-ea29-4abc-a49d-ef94f4bd513a@group-E964BE911FCC-FollowerState was interrupted: java.lang.InterruptedException: sleep interrupted
2019-10-18 14:02:20,672 [Thread-3006] INFO  impl.FollowerState (FollowerState.java:run(117)) - 66f9d00c-1e97-4252-958c-bed5a531abda@group-E964BE911FCC-FollowerState was interrupted: java.lang.InterruptedException: sleep interrupted
2019-10-18 14:02:20,672 [grpc-default-executor-1] INFO  impl.RoleInfo (RoleInfo.java:updateAndGet(143)) - 6cbfae60-ea29-4abc-a49d-ef94f4bd513a: start FollowerState
2019-10-18 14:02:20,672 [grpc-default-executor-4] INFO  impl.RoleInfo (RoleInfo.java:updateAndGet(143)) - 66f9d00c-1e97-4252-958c-bed5a531abda: start FollowerState
2019-10-18 14:02:20,688 [92ce6e48-4722-407a-9620-5998c6999257@group-E964BE911FCC-LeaderElection414] INFO  impl.LeaderElection (LeaderElection.java:logAndReturn(56)) - 92ce6e48-4722-407a-9620-5998c6999257@group-E964BE911FCC-LeaderElection414: Election REJECTED; received 2 response(s) [92ce6e48-4722-407a-9620-5998c6999257<-6cbfae60-ea29-4abc-a49d-ef94f4bd513a#0:FAIL-t457, 92ce6e48-4722-407a-9620-5998c6999257<-66f9d00c-1e97-4252-958c-bed5a531abda#0:FAIL-t457] and 0 exception(s); 92ce6e48-4722-407a-9620-5998c6999257@group-E964BE911FCC:t457, leader=null, voted=92ce6e48-4722-407a-9620-5998c6999257, raftlog=92ce6e48-4722-407a-9620-5998c6999257@group-E964BE911FCC-SegmentedRaftLog:OPENED:c-1,f-1,i0, conf=-1: [6cbfae60-ea29-4abc-a49d-ef94f4bd513a:192.168.69.85:36685, 66f9d00c-1e97-4252-958c-bed5a531abda:192.168.69.85:45996, 92ce6e48-4722-407a-9620-5998c6999257:192.168.69.85:34971], old=null
2019-10-18 14:02:20,688 [92ce6e48-4722-407a-9620-5998c6999257@group-E964BE911FCC-LeaderElection414] INFO  impl.RaftServerImpl (RaftServerImpl.java:setRole(184)) - 92ce6e48-4722-407a-9620-5998c6999257@group-E964BE911FCC: changes role from CANDIDATE to FOLLOWER at term 457 for DISCOVERED_A_NEW_TERM
2019-10-18 14:02:20,688 [92ce6e48-4722-407a-9620-5998c6999257@group-E964BE911FCC-LeaderElection414] INFO  impl.RoleInfo (RoleInfo.java:shutdownLeaderElection(134)) - 92ce6e48-4722-407a-9620-5998c6999257: shutdown LeaderElection
2019-10-18 14:02:20,688 [92ce6e48-4722-407a-9620-5998c6999257@group-E964BE911FCC-LeaderElection414] INFO  impl.RoleInfo (RoleInfo.java:updateAndGet(143)) - 92ce6e48-4722-407a-9620-5998c6999257: start FollowerState
2019-10-18 14:02:20,885 [Thread-3013] INFO  impl.FollowerState (FollowerState.java:run(108)) - 92ce6e48-4722-407a-9620-5998c6999257@group-E964BE911FCC-FollowerState: change to CANDIDATE, lastRpcTime:196ms, electionTimeout:196ms
2019-10-18 14:02:20,885 [Thread-3013] INFO  impl.RoleInfo (RoleInfo.java:shutdownFollowerState(121)) - 92ce6e48-4722-407a-9620-5998c6999257: shutdown FollowerState
2019-10-18 14:02:20,885 [Thread-3013] INFO  impl.RaftServerImpl (RaftServerImpl.java:setRole(184)) - 92ce6e48-4722-407a-9620-5998c6999257@group-E964BE911FCC: changes role from  FOLLOWER to CANDIDATE at term 457 for changeToCandidate
2019-10-18 14:02:20,885 [Thread-3013] INFO  impl.RoleInfo (RoleInfo.java:updateAndGet(143)) - 92ce6e48-4722-407a-9620-5998c6999257: start LeaderElection
2019-10-18 14:02:20,911 [92ce6e48-4722-407a-9620-5998c6999257@group-E964BE911FCC-LeaderElection415] INFO  impl.LeaderElection (LeaderElection.java:askForVotes(178)) - 92ce6e48-4722-407a-9620-5998c6999257@group-E964BE911FCC-LeaderElection415: begin an election at term 458 for -1: [6cbfae60-ea29-4abc-a49d-ef94f4bd513a:192.168.69.85:36685, 66f9d00c-1e97-4252-958c-bed5a531abda:192.168.69.85:45996, 92ce6e48-4722-407a-9620-5998c6999257:192.168.69.85:34971], old=null
2019-10-18 14:02:20,912 [grpc-default-executor-0] INFO  impl.RaftServerImpl (RaftServerImpl.java:setRole(184)) - 66f9d00c-1e97-4252-958c-bed5a531abda@group-E964BE911FCC: changes role from  FOLLOWER to FOLLOWER at term 458 for recognizeCandidate:92ce6e48-4722-407a-9620-5998c6999257
2019-10-18 14:02:20,913 [grpc-default-executor-0] INFO  impl.RoleInfo (RoleInfo.java:shutdownFollowerState(121)) - 66f9d00c-1e97-4252-958c-bed5a531abda: shutdown FollowerState
2019-10-18 14:02:20,912 [grpc-default-executor-1] INFO  impl.RaftServerImpl (RaftServerImpl.java:setRole(184)) - 6cbfae60-ea29-4abc-a49d-ef94f4bd513a@group-E964BE911FCC: changes role from  FOLLOWER to FOLLOWER at term 458 for recognizeCandidate:92ce6e48-4722-407a-9620-5998c6999257
2019-10-18 14:02:20,913 [Thread-3012] INFO  impl.FollowerState (FollowerState.java:run(117)) - 66f9d00c-1e97-4252-958c-bed5a531abda@group-E964BE911FCC-FollowerState was interrupted: java.lang.InterruptedException: sleep interrupted
2019-10-18 14:02:20,913 [grpc-default-executor-0] INFO  impl.RoleInfo (RoleInfo.java:updateAndGet(143)) - 66f9d00c-1e97-4252-958c-bed5a531abda: start FollowerState
2019-10-18 14:02:20,913 [grpc-default-executor-1] INFO  impl.RoleInfo (RoleInfo.java:shutdownFollowerState(121)) - 6cbfae60-ea29-4abc-a49d-ef94f4bd513a: shutdown FollowerState
2019-10-18 14:02:20,913 [grpc-default-executor-1] INFO  impl.RoleInfo (RoleInfo.java:updateAndGet(143)) - 6cbfae60-ea29-4abc-a49d-ef94f4bd513a: start FollowerState
2019-10-18 14:02:20,913 [Thread-3011] INFO  impl.FollowerState (FollowerState.java:run(117)) - 6cbfae60-ea29-4abc-a49d-ef94f4bd513a@group-E964BE911FCC-FollowerState was interrupted: java.lang.InterruptedException: sleep interrupted
2019-10-18 14:02:20,928 [92ce6e48-4722-407a-9620-5998c6999257@group-E964BE911FCC-LeaderElection415] INFO  impl.LeaderElection (LeaderElection.java:logAndReturn(56)) - 92ce6e48-4722-407a-9620-5998c6999257@group-E964BE911FCC-LeaderElection415: Election REJECTED; received 2 response(s) [92ce6e48-4722-407a-9620-5998c6999257<-6cbfae60-ea29-4abc-a49d-ef94f4bd513a#0:FAIL-t458, 92ce6e48-4722-407a-9620-5998c6999257<-66f9d00c-1e97-4252-958c-bed5a531abda#0:FAIL-t458] and 0 exception(s); 92ce6e48-4722-407a-9620-5998c6999257@group-E964BE911FCC:t458, leader=null, voted=92ce6e48-4722-407a-9620-5998c6999257, raftlog=92ce6e48-4722-407a-9620-5998c6999257@group-E964BE911FCC-SegmentedRaftLog:OPENED:c-1,f-1,i0, conf=-1: [6cbfae60-ea29-4abc-a49d-ef94f4bd513a:192.168.69.85:36685, 66f9d00c-1e97-4252-958c-bed5a531abda:192.168.69.85:45996, 92ce6e48-4722-407a-9620-5998c6999257:192.168.69.85:34971], old=null
2019-10-18 14:02:20,928 [92ce6e48-4722-407a-9620-5998c6999257@group-E964BE911FCC-LeaderElection415] INFO  impl.RaftServerImpl (RaftServerImpl.java:setRole(184)) - 92ce6e48-4722-407a-9620-5998c6999257@group-E964BE911FCC: changes role from CANDIDATE to FOLLOWER at term 458 for DISCOVERED_A_NEW_TERM
2019-10-18 14:02:20,928 [92ce6e48-4722-407a-9620-5998c6999257@group-E964BE911FCC-LeaderElection415] INFO  impl.RoleInfo (RoleInfo.java:shutdownLeaderElection(134)) - 92ce6e48-4722-407a-9620-5998c6999257: shutdown LeaderElection
2019-10-18 14:02:20,929 [92ce6e48-4722-407a-9620-5998c6999257@group-E964BE911FCC-LeaderElection415] INFO  impl.RoleInfo (RoleInfo.java:updateAndGet(143)) - 92ce6e48-4722-407a-9620-5998c6999257: start FollowerState
2019-10-18 14:02:20,959 [Thread-3019] INFO  impl.FollowerState (FollowerState.java:run(108)) - 92ce6e48-4722-407a-9620-5998c6999257@group-E964BE911FCC-FollowerState: change to CANDIDATE, lastRpcTime:30ms, electionTimeout:30ms
2019-10-18 14:02:20,959 [Thread-3019] INFO  impl.RoleInfo (RoleInfo.java:shutdownFollowerState(121)) - 92ce6e48-4722-407a-9620-5998c6999257: shutdown FollowerState
2019-10-18 14:02:20,959 [Thread-3019] INFO  impl.RaftServerImpl (RaftServerImpl.java:setRole(184)) - 92ce6e48-4722-407a-9620-5998c6999257@group-E964BE911FCC: changes role from  FOLLOWER to CANDIDATE at term 458 for changeToCandidate
2019-10-18 14:02:20,959 [Thread-3019] INFO  impl.RoleInfo (RoleInfo.java:updateAndGet(143)) - 92ce6e48-4722-407a-9620-5998c6999257: start LeaderElection
2019-10-18 14:02:20,974 [92ce6e48-4722-407a-9620-5998c6999257@group-E964BE911FCC-LeaderElection416] INFO  impl.LeaderElection (LeaderElection.java:askForVotes(178)) - 92ce6e48-4722-407a-9620-5998c6999257@group-E964BE911FCC-LeaderElection416: begin an election at term 459 for -1: [6cbfae60-ea29-4abc-a49d-ef94f4bd513a:192.168.69.85:36685, 66f9d00c-1e97-4252-958c-bed5a531abda:192.168.69.85:45996, 92ce6e48-4722-407a-9620-5998c6999257:192.168.69.85:34971], old=null
2019-10-18 14:02:20,975 [grpc-default-executor-1] INFO  impl.RaftServerImpl (RaftServerImpl.java:setRole(184)) - 6cbfae60-ea29-4abc-a49d-ef94f4bd513a@group-E964BE911FCC: changes role from  FOLLOWER to FOLLOWER at term 459 for recognizeCandidate:92ce6e48-4722-407a-9620-5998c6999257
2019-10-18 14:02:20,975 [grpc-default-executor-1] INFO  impl.RoleInfo (RoleInfo.java:shutdownFollowerState(121)) - 6cbfae60-ea29-4abc-a49d-ef94f4bd513a: shutdown FollowerState
2019-10-18 14:02:20,975 [grpc-default-executor-0] INFO  impl.RaftServerImpl (RaftServerImpl.java:setRole(184)) - 66f9d00c-1e97-4252-958c-bed5a531abda@group-E964BE911FCC: changes role from  FOLLOWER to FOLLOWER at term 459 for recognizeCandidate:92ce6e48-4722-407a-9620-5998c6999257
2019-10-18 14:02:20,975 [grpc-default-executor-0] INFO  impl.RoleInfo (RoleInfo.java:shutdownFollowerState(121)) - 66f9d00c-1e97-4252-958c-bed5a531abda: shutdown FollowerState
2019-10-18 14:02:20,975 [Thread-3018] INFO  impl.FollowerState (FollowerState.java:run(117)) - 6cbfae60-ea29-4abc-a49d-ef94f4bd513a@group-E964BE911FCC-FollowerState was interrupted: java.lang.InterruptedException: sleep interrupted
2019-10-18 14:02:20,975 [grpc-default-executor-1] INFO  impl.RoleInfo (RoleInfo.java:updateAndGet(143)) - 6cbfae60-ea29-4abc-a49d-ef94f4bd513a: start FollowerState
2019-10-18 14:02:20,976 [Thread-3017] INFO  impl.FollowerState (FollowerState.java:run(117)) - 66f9d00c-1e97-4252-958c-bed5a531abda@group-E964BE911FCC-FollowerState was interrupted: java.lang.InterruptedException: sleep interrupted
2019-10-18 14:02:20,976 [grpc-default-executor-0] INFO  impl.RoleInfo (RoleInfo.java:updateAndGet(143)) - 66f9d00c-1e97-4252-958c-bed5a531abda: start FollowerState
2019-10-18 14:02:20,979 [92ce6e48-4722-407a-9620-5998c6999257@group-E964BE911FCC-LeaderElection416] INFO  impl.LeaderElection (LeaderElection.java:logAndReturn(56)) - 92ce6e48-4722-407a-9620-5998c6999257@group-E964BE911FCC-LeaderElection416: Election TIMEOUT; received 0 response(s) [] and 0 exception(s); 92ce6e48-4722-407a-9620-5998c6999257@group-E964BE911FCC:t459, leader=null, voted=92ce6e48-4722-407a-9620-5998c6999257, raftlog=92ce6e48-4722-407a-9620-5998c6999257@group-E964BE911FCC-SegmentedRaftLog:OPENED:c-1,f-1,i0, conf=-1: [6cbfae60-ea29-4abc-a49d-ef94f4bd513a:192.168.69.85:36685, 66f9d00c-1e97-4252-958c-bed5a531abda:192.168.69.85:45996, 92ce6e48-4722-407a-9620-5998c6999257:192.168.69.85:34971], old=null
2019-10-18 14:02:21,001 [92ce6e48-4722-407a-9620-5998c6999257@group-E964BE911FCC-LeaderElection416] INFO  impl.LeaderElection (LeaderElection.java:askForVotes(178)) - 92ce6e48-4722-407a-9620-5998c6999257@group-E964BE911FCC-LeaderElection416: begin an election at term 460 for -1: [6cbfae60-ea29-4abc-a49d-ef94f4bd513a:192.168.69.85:36685, 66f9d00c-1e97-4252-958c-bed5a531abda:192.168.69.85:45996, 92ce6e48-4722-407a-9620-5998c6999257:192.168.69.85:34971], old=null
2019-10-18 14:02:21,003 [grpc-default-executor-0] INFO  impl.RaftServerImpl (RaftServerImpl.java:setRole(184)) - 6cbfae60-ea29-4abc-a49d-ef94f4bd513a@group-E964BE911FCC: changes role from  FOLLOWER to FOLLOWER at term 460 for recognizeCandidate:92ce6e48-4722-407a-9620-5998c6999257
2019-10-18 14:02:21,003 [grpc-default-executor-0] INFO  impl.RoleInfo (RoleInfo.java:shutdownFollowerState(121)) - 6cbfae60-ea29-4abc-a49d-ef94f4bd513a: shutdown FollowerState
2019-10-18 14:02:21,003 [grpc-default-executor-0] INFO  impl.RoleInfo (RoleInfo.java:updateAndGet(143)) - 6cbfae60-ea29-4abc-a49d-ef94f4bd513a: start FollowerState
2019-10-18 14:02:21,003 [Thread-3023] INFO  impl.FollowerState (FollowerState.java:run(117)) - 6cbfae60-ea29-4abc-a49d-ef94f4bd513a@group-E964BE911FCC-FollowerState was interrupted: java.lang.InterruptedException: sleep interrupted
2019-10-18 14:02:21,003 [grpc-default-executor-1] INFO  impl.RaftServerImpl (RaftServerImpl.java:setRole(184)) - 66f9d00c-1e97-4252-958c-bed5a531abda@group-E964BE911FCC: changes role from  FOLLOWER to FOLLOWER at term 460 for recognizeCandidate:92ce6e48-4722-407a-9620-5998c6999257
2019-10-18 14:02:21,003 [grpc-default-executor-1] INFO  impl.RoleInfo (RoleInfo.java:shutdownFollowerState(121)) - 66f9d00c-1e97-4252-958c-bed5a531abda: shutdown FollowerState
2019-10-18 14:02:21,003 [grpc-default-executor-1] INFO  impl.RoleInfo (RoleInfo.java:updateAndGet(143)) - 66f9d00c-1e97-4252-958c-bed5a531abda: start FollowerState
2019-10-18 14:02:21,003 [Thread-3024] INFO  impl.FollowerState (FollowerState.java:run(117)) - 66f9d00c-1e97-4252-958c-bed5a531abda@group-E964BE911FCC-FollowerState was interrupted: java.lang.InterruptedException: sleep interrupted
2019-10-18 14:02:21,018 [92ce6e48-4722-407a-9620-5998c6999257@group-E964BE911FCC-LeaderElection416] INFO  impl.LeaderElection (LeaderElection.java:logAndReturn(56)) - 92ce6e48-4722-407a-9620-5998c6999257@group-E964BE911FCC-LeaderElection416: Election REJECTED; received 2 response(s) [92ce6e48-4722-407a-9620-5998c6999257<-6cbfae60-ea29-4abc-a49d-ef94f4bd513a#0:FAIL-t460, 92ce6e48-4722-407a-9620-5998c6999257<-66f9d00c-1e97-4252-958c-bed5a531abda#0:FAIL-t460] and 0 exception(s); 92ce6e48-4722-407a-9620-5998c6999257@group-E964BE911FCC:t460, leader=null, voted=92ce6e48-4722-407a-9620-5998c6999257, raftlog=92ce6e48-4722-407a-9620-5998c6999257@group-E964BE911FCC-SegmentedRaftLog:OPENED:c-1,f-1,i0, conf=-1: [6cbfae60-ea29-4abc-a49d-ef94f4bd513a:192.168.69.85:36685, 66f9d00c-1e97-4252-958c-bed5a531abda:192.168.69.85:45996, 92ce6e48-4722-407a-9620-5998c6999257:192.168.69.85:34971], old=null
2019-10-18 14:02:21,018 [92ce6e48-4722-407a-9620-5998c6999257@group-E964BE911FCC-LeaderElection416] INFO  impl.RaftServerImpl (RaftServerImpl.java:setRole(184)) - 92ce6e48-4722-407a-9620-5998c6999257@group-E964BE911FCC: changes role from CANDIDATE to FOLLOWER at term 460 for DISCOVERED_A_NEW_TERM
2019-10-18 14:02:21,018 [92ce6e48-4722-407a-9620-5998c6999257@group-E964BE911FCC-LeaderElection416] INFO  impl.RoleInfo (RoleInfo.java:shutdownLeaderElection(134)) - 92ce6e48-4722-407a-9620-5998c6999257: shutdown LeaderElection
2019-10-18 14:02:21,019 [92ce6e48-4722-407a-9620-5998c6999257@group-E964BE911FCC-LeaderElection416] INFO  impl.RoleInfo (RoleInfo.java:updateAndGet(143)) - 92ce6e48-4722-407a-9620-5998c6999257: start FollowerState
2019-10-18 14:02:21,160 [Thread-3029] INFO  impl.FollowerState (FollowerState.java:run(108)) - 92ce6e48-4722-407a-9620-5998c6999257@group-E964BE911FCC-FollowerState: change to CANDIDATE, lastRpcTime:141ms, electionTimeout:141ms
2019-10-18 14:02:21,160 [Thread-3029] INFO  impl.RoleInfo (RoleInfo.java:shutdownFollowerState(121)) - 92ce6e48-4722-407a-9620-5998c6999257: shutdown FollowerState
2019-10-18 14:02:21,160 [Thread-3029] INFO  impl.RaftServerImpl (RaftServerImpl.java:setRole(184)) - 92ce6e48-4722-407a-9620-5998c6999257@group-E964BE911FCC: changes role from  FOLLOWER to CANDIDATE at term 460 for changeToCandidate
2019-10-18 14:02:21,160 [Thread-3029] INFO  impl.RoleInfo (RoleInfo.java:updateAndGet(143)) - 92ce6e48-4722-407a-9620-5998c6999257: start LeaderElection
2019-10-18 14:02:21,175 [92ce6e48-4722-407a-9620-5998c6999257@group-E964BE911FCC-LeaderElection417] INFO  impl.LeaderElection (LeaderElection.java:askForVotes(178)) - 92ce6e48-4722-407a-9620-5998c6999257@group-E964BE911FCC-LeaderElection417: begin an election at term 461 for -1: [6cbfae60-ea29-4abc-a49d-ef94f4bd513a:192.168.69.85:36685, 66f9d00c-1e97-4252-958c-bed5a531abda:192.168.69.85:45996, 92ce6e48-4722-407a-9620-5998c6999257:192.168.69.85:34971], old=null
2019-10-18 14:02:21,177 [grpc-default-executor-1] INFO  impl.RaftServerImpl (RaftServerImpl.java:setRole(184)) - 6cbfae60-ea29-4abc-a49d-ef94f4bd513a@group-E964BE911FCC: changes role from  FOLLOWER to FOLLOWER at term 461 for recognizeCandidate:92ce6e48-4722-407a-9620-5998c6999257
2019-10-18 14:02:21,177 [grpc-default-executor-1] INFO  impl.RoleInfo (RoleInfo.java:shutdownFollowerState(121)) - 6cbfae60-ea29-4abc-a49d-ef94f4bd513a: shutdown FollowerState
2019-10-18 14:02:21,177 [grpc-default-executor-0] INFO  impl.RaftServerImpl (RaftServerImpl.java:setRole(184)) - 66f9d00c-1e97-4252-958c-bed5a531abda@group-E964BE911FCC: changes role from  FOLLOWER to FOLLOWER at term 461 for recognizeCandidate:92ce6e48-4722-407a-9620-5998c6999257
2019-10-18 14:02:21,178 [grpc-default-executor-0] INFO  impl.RoleInfo (RoleInfo.java:shutdownFollowerState(121)) - 66f9d00c-1e97-4252-958c-bed5a531abda: shutdown FollowerState
2019-10-18 14:02:21,178 [Thread-3027] INFO  impl.FollowerState (FollowerState.java:run(117)) - 6cbfae60-ea29-4abc-a49d-ef94f4bd513a@group-E964BE911FCC-FollowerState was interrupted: java.lang.InterruptedException: sleep interrupted
2019-10-18 14:02:21,178 [grpc-default-executor-1] INFO  impl.RoleInfo (RoleInfo.java:updateAndGet(143)) - 6cbfae60-ea29-4abc-a49d-ef94f4bd513a: start FollowerState
2019-10-18 14:02:21,178 [Thread-3028] INFO  impl.FollowerState (FollowerState.java:run(117)) - 66f9d00c-1e97-4252-958c-bed5a531abda@group-E964BE911FCC-FollowerState was interrupted: java.lang.InterruptedException: sleep interrupted
2019-10-18 14:02:21,178 [grpc-default-executor-0] INFO  impl.RoleInfo (RoleInfo.java:updateAndGet(143)) - 66f9d00c-1e97-4252-958c-bed5a531abda: start FollowerState
2019-10-18 14:02:21,194 [92ce6e48-4722-407a-9620-5998c6999257@group-E964BE911FCC-LeaderElection417] INFO  impl.LeaderElection (LeaderElection.java:logAndReturn(56)) - 92ce6e48-4722-407a-9620-5998c6999257@group-E964BE911FCC-LeaderElection417: Election REJECTED; received 2 response(s) [92ce6e48-4722-407a-9620-5998c6999257<-6cbfae60-ea29-4abc-a49d-ef94f4bd513a#0:FAIL-t461, 92ce6e48-4722-407a-9620-5998c6999257<-66f9d00c-1e97-4252-958c-bed5a531abda#0:FAIL-t461] and 0 exception(s); 92ce6e48-4722-407a-9620-5998c6999257@group-E964BE911FCC:t461, leader=null, voted=92ce6e48-4722-407a-9620-5998c6999257, raftlog=92ce6e48-4722-407a-9620-5998c6999257@group-E964BE911FCC-SegmentedRaftLog:OPENED:c-1,f-1,i0, conf=-1: [6cbfae60-ea29-4abc-a49d-ef94f4bd513a:192.168.69.85:36685, 66f9d00c-1e97-4252-958c-bed5a531abda:192.168.69.85:45996, 92ce6e48-4722-407a-9620-5998c6999257:192.168.69.85:34971], old=null
2019-10-18 14:02:21,194 [92ce6e48-4722-407a-9620-5998c6999257@group-E964BE911FCC-LeaderElection417] INFO  impl.RaftServerImpl (RaftServerImpl.java:setRole(184)) - 92ce6e48-4722-407a-9620-5998c6999257@group-E964BE911FCC: changes role from CANDIDATE to FOLLOWER at term 461 for DISCOVERED_A_NEW_TERM
2019-10-18 14:02:21,194 [92ce6e48-4722-407a-9620-5998c6999257@group-E964BE911FCC-LeaderElection417] INFO  impl.RoleInfo (RoleInfo.java:shutdownLeaderElection(134)) - 92ce6e48-4722-407a-9620-5998c6999257: shutdown LeaderElection
2019-10-18 14:02:21,194 [92ce6e48-4722-407a-9620-5998c6999257@group-E964BE911FCC-LeaderElection417] INFO  impl.RoleInfo (RoleInfo.java:updateAndGet(143)) - 92ce6e48-4722-407a-9620-5998c6999257: start FollowerState
2019-10-18 14:02:21,288 [Thread-3035] INFO  impl.FollowerState (FollowerState.java:run(108)) - 92ce6e48-4722-407a-9620-5998c6999257@group-E964BE911FCC-FollowerState: change to CANDIDATE, lastRpcTime:93ms, electionTimeout:93ms
2019-10-18 14:02:21,288 [Thread-3035] INFO  impl.RoleInfo (RoleInfo.java:shutdownFollowerState(121)) - 92ce6e48-4722-407a-9620-5998c6999257: shutdown FollowerState
2019-10-18 14:02:21,288 [Thread-3035] INFO  impl.RaftServerImpl (RaftServerImpl.java:setRole(184)) - 92ce6e48-4722-407a-9620-5998c6999257@group-E964BE911FCC: changes role from  FOLLOWER to CANDIDATE at term 461 for changeToCandidate
2019-10-18 14:02:21,288 [Thread-3035] INFO  impl.RoleInfo (RoleInfo.java:updateAndGet(143)) - 92ce6e48-4722-407a-9620-5998c6999257: start LeaderElection
2019-10-18 14:02:21,303 [92ce6e48-4722-407a-9620-5998c6999257@group-E964BE911FCC-LeaderElection418] INFO  impl.LeaderElection (LeaderElection.java:askForVotes(178)) - 92ce6e48-4722-407a-9620-5998c6999257@group-E964BE911FCC-LeaderElection418: begin an election at term 462 for -1: [6cbfae60-ea29-4abc-a49d-ef94f4bd513a:192.168.69.85:36685, 66f9d00c-1e97-4252-958c-bed5a531abda:192.168.69.85:45996, 92ce6e48-4722-407a-9620-5998c6999257:192.168.69.85:34971], old=null
2019-10-18 14:02:21,305 [grpc-default-executor-0] INFO  impl.RaftServerImpl (RaftServerImpl.java:setRole(184)) - 6cbfae60-ea29-4abc-a49d-ef94f4bd513a@group-E964BE911FCC: changes role from  FOLLOWER to FOLLOWER at term 462 for recognizeCandidate:92ce6e48-4722-407a-9620-5998c6999257
2019-10-18 14:02:21,305 [grpc-default-executor-0] INFO  impl.RoleInfo (RoleInfo.java:shutdownFollowerState(121)) - 6cbfae60-ea29-4abc-a49d-ef94f4bd513a: shutdown FollowerState
2019-10-18 14:02:21,305 [grpc-default-executor-1] INFO  impl.RaftServerImpl (RaftServerImpl.java:setRole(184)) - 66f9d00c-1e97-4252-958c-bed5a531abda@group-E964BE911FCC: changes role from  FOLLOWER to FOLLOWER at term 462 for recognizeCandidate:92ce6e48-4722-407a-9620-5998c6999257
2019-10-18 14:02:21,305 [grpc-default-executor-1] INFO  impl.RoleInfo (RoleInfo.java:shutdownFollowerState(121)) - 66f9d00c-1e97-4252-958c-bed5a531abda: shutdown FollowerState
2019-10-18 14:02:21,305 [Thread-3033] INFO  impl.FollowerState (FollowerState.java:run(117)) - 6cbfae60-ea29-4abc-a49d-ef94f4bd513a@group-E964BE911FCC-FollowerState was interrupted: java.lang.InterruptedException: sleep interrupted
2019-10-18 14:02:21,305 [Thread-3034] INFO  impl.FollowerState (FollowerState.java:run(117)) - 66f9d00c-1e97-4252-958c-bed5a531abda@group-E964BE911FCC-FollowerState was interrupted: java.lang.InterruptedException: sleep interrupted
2019-10-18 14:02:21,305 [grpc-default-executor-0] INFO  impl.RoleInfo (RoleInfo.java:updateAndGet(143)) - 6cbfae60-ea29-4abc-a49d-ef94f4bd513a: start FollowerState
2019-10-18 14:02:21,305 [grpc-default-executor-1] INFO  impl.RoleInfo (RoleInfo.java:updateAndGet(143)) - 66f9d00c-1e97-4252-958c-bed5a531abda: start FollowerState
2019-10-18 14:02:21,319 [92ce6e48-4722-407a-9620-5998c6999257@group-E964BE911FCC-LeaderElection418] INFO  impl.LeaderElection (LeaderElection.java:logAndReturn(56)) - 92ce6e48-4722-407a-9620-5998c6999257@group-E964BE911FCC-LeaderElection418: Election REJECTED; received 2 response(s) [92ce6e48-4722-407a-9620-5998c6999257<-6cbfae60-ea29-4abc-a49d-ef94f4bd513a#0:FAIL-t462, 92ce6e48-4722-407a-9620-5998c6999257<-66f9d00c-1e97-4252-958c-bed5a531abda#0:FAIL-t462] and 0 exception(s); 92ce6e48-4722-407a-9620-5998c6999257@group-E964BE911FCC:t462, leader=null, voted=92ce6e48-4722-407a-9620-5998c6999257, raftlog=92ce6e48-4722-407a-9620-5998c6999257@group-E964BE911FCC-SegmentedRaftLog:OPENED:c-1,f-1,i0, conf=-1: [6cbfae60-ea29-4abc-a49d-ef94f4bd513a:192.168.69.85:36685, 66f9d00c-1e97-4252-958c-bed5a531abda:192.168.69.85:45996, 92ce6e48-4722-407a-9620-5998c6999257:192.168.69.85:34971], old=null
2019-10-18 14:02:21,319 [92ce6e48-4722-407a-9620-5998c6999257@group-E964BE911FCC-LeaderElection418] INFO  impl.RaftServerImpl (RaftServerImpl.java:setRole(184)) - 92ce6e48-4722-407a-9620-5998c6999257@group-E964BE911FCC: changes role from CANDIDATE to FOLLOWER at term 462 for DISCOVERED_A_NEW_TERM
2019-10-18 14:02:21,320 [92ce6e48-4722-407a-9620-5998c6999257@group-E964BE911FCC-LeaderElection418] INFO  impl.RoleInfo (RoleInfo.java:shutdownLeaderElection(134)) - 92ce6e48-4722-407a-9620-5998c6999257: shutdown LeaderElection
2019-10-18 14:02:21,320 [92ce6e48-4722-407a-9620-5998c6999257@group-E964BE911FCC-LeaderElection418] INFO  impl.RoleInfo (RoleInfo.java:updateAndGet(143)) - 92ce6e48-4722-407a-9620-5998c6999257: start FollowerState
2019-10-18 14:02:21,402 [Thread-3041] INFO  impl.FollowerState (FollowerState.java:run(108)) - 92ce6e48-4722-407a-9620-5998c6999257@group-E964BE911FCC-FollowerState: change to CANDIDATE, lastRpcTime:82ms, electionTimeout:82ms
2019-10-18 14:02:21,402 [Thread-3041] INFO  impl.RoleInfo (RoleInfo.java:shutdownFollowerState(121)) - 92ce6e48-4722-407a-9620-5998c6999257: shutdown FollowerState
2019-10-18 14:02:21,402 [Thread-3041] INFO  impl.RaftServerImpl (RaftServerImpl.java:setRole(184)) - 92ce6e48-4722-407a-9620-5998c6999257@group-E964BE911FCC: changes role from  FOLLOWER to CANDIDATE at term 462 for changeToCandidate
2019-10-18 14:02:21,403 [Thread-3041] INFO  impl.RoleInfo (RoleInfo.java:updateAndGet(143)) - 92ce6e48-4722-407a-9620-5998c6999257: start LeaderElection
2019-10-18 14:02:21,417 [92ce6e48-4722-407a-9620-5998c6999257@group-E964BE911FCC-LeaderElection419] INFO  impl.LeaderElection (LeaderElection.java:askForVotes(178)) - 92ce6e48-4722-407a-9620-5998c6999257@group-E964BE911FCC-LeaderElection419: begin an election at term 463 for -1: [6cbfae60-ea29-4abc-a49d-ef94f4bd513a:192.168.69.85:36685, 66f9d00c-1e97-4252-958c-bed5a531abda:192.168.69.85:45996, 92ce6e48-4722-407a-9620-5998c6999257:192.168.69.85:34971], old=null
2019-10-18 14:02:21,418 [grpc-default-executor-1] INFO  impl.RaftServerImpl (RaftServerImpl.java:setRole(184)) - 6cbfae60-ea29-4abc-a49d-ef94f4bd513a@group-E964BE911FCC: changes role from  FOLLOWER to FOLLOWER at term 463 for recognizeCandidate:92ce6e48-4722-407a-9620-5998c6999257
2019-10-18 14:02:21,418 [grpc-default-executor-0] INFO  impl.RaftServerImpl (RaftServerImpl.java:setRole(184)) - 66f9d00c-1e97-4252-958c-bed5a531abda@group-E964BE911FCC: changes role from  FOLLOWER to FOLLOWER at term 463 for recognizeCandidate:92ce6e48-4722-407a-9620-5998c6999257
2019-10-18 14:02:21,418 [grpc-default-executor-1] INFO  impl.RoleInfo (RoleInfo.java:shutdownFollowerState(121)) - 6cbfae60-ea29-4abc-a49d-ef94f4bd513a: shutdown FollowerState
2019-10-18 14:02:21,418 [grpc-default-executor-0] INFO  impl.RoleInfo (RoleInfo.java:shutdownFollowerState(121)) - 66f9d00c-1e97-4252-958c-bed5a531abda: shutdown FollowerState
2019-10-18 14:02:21,419 [Thread-3039] INFO  impl.FollowerState (FollowerState.java:run(117)) - 6cbfae60-ea29-4abc-a49d-ef94f4bd513a@group-E964BE911FCC-FollowerState was interrupted: java.lang.InterruptedException: sleep interrupted
2019-10-18 14:02:21,419 [grpc-default-executor-1] INFO  impl.RoleInfo (RoleInfo.java:updateAndGet(143)) - 6cbfae60-ea29-4abc-a49d-ef94f4bd513a: start FollowerState
2019-10-18 14:02:21,419 [Thread-3040] INFO  impl.FollowerState (FollowerState.java:run(117)) - 66f9d00c-1e97-4252-958c-bed5a531abda@group-E964BE911FCC-FollowerState was interrupted: java.lang.InterruptedException: sleep interrupted
2019-10-18 14:02:21,419 [grpc-default-executor-0] INFO  impl.RoleInfo (RoleInfo.java:updateAndGet(143)) - 66f9d00c-1e97-4252-958c-bed5a531abda: start FollowerState
2019-10-18 14:02:21,434 [92ce6e48-4722-407a-9620-5998c6999257@group-E964BE911FCC-LeaderElection419] INFO  impl.LeaderElection (LeaderElection.java:logAndReturn(56)) - 92ce6e48-4722-407a-9620-5998c6999257@group-E964BE911FCC-LeaderElection419: Election REJECTED; received 2 response(s) [92ce6e48-4722-407a-9620-5998c6999257<-6cbfae60-ea29-4abc-a49d-ef94f4bd513a#0:FAIL-t463, 92ce6e48-4722-407a-9620-5998c6999257<-66f9d00c-1e97-4252-958c-bed5a531abda#0:FAIL-t463] and 0 exception(s); 92ce6e48-4722-407a-9620-5998c6999257@group-E964BE911FCC:t463, leader=null, voted=92ce6e48-4722-407a-9620-5998c6999257, raftlog=92ce6e48-4722-407a-9620-5998c6999257@group-E964BE911FCC-SegmentedRaftLog:OPENED:c-1,f-1,i0, conf=-1: [6cbfae60-ea29-4abc-a49d-ef94f4bd513a:192.168.69.85:36685, 66f9d00c-1e97-4252-958c-bed5a531abda:192.168.69.85:45996, 92ce6e48-4722-407a-9620-5998c6999257:192.168.69.85:34971], old=null
2019-10-18 14:02:21,434 [92ce6e48-4722-407a-9620-5998c6999257@group-E964BE911FCC-LeaderElection419] INFO  impl.RaftServerImpl (RaftServerImpl.java:setRole(184)) - 92ce6e48-4722-407a-9620-5998c6999257@group-E964BE911FCC: changes role from CANDIDATE to FOLLOWER at term 463 for DISCOVERED_A_NEW_TERM
2019-10-18 14:02:21,434 [92ce6e48-4722-407a-9620-5998c6999257@group-E964BE911FCC-LeaderElection419] INFO  impl.RoleInfo (RoleInfo.java:shutdownLeaderElection(134)) - 92ce6e48-4722-407a-9620-5998c6999257: shutdown LeaderElection
2019-10-18 14:02:21,434 [92ce6e48-4722-407a-9620-5998c6999257@group-E964BE911FCC-LeaderElection419] INFO  impl.RoleInfo (RoleInfo.java:updateAndGet(143)) - 92ce6e48-4722-407a-9620-5998c6999257: start FollowerState
2019-10-18 14:02:21,441 [Thread-3047] INFO  impl.FollowerState (FollowerState.java:run(108)) - 92ce6e48-4722-407a-9620-5998c6999257@group-E964BE911FCC-FollowerState: change to CANDIDATE, lastRpcTime:7ms, electionTimeout:7ms
2019-10-18 14:02:21,441 [Thread-3047] INFO  impl.RoleInfo (RoleInfo.java:shutdownFollowerState(121)) - 92ce6e48-4722-407a-9620-5998c6999257: shutdown FollowerState
2019-10-18 14:02:21,441 [Thread-3047] INFO  impl.RaftServerImpl (RaftServerImpl.java:setRole(184)) - 92ce6e48-4722-407a-9620-5998c6999257@group-E964BE911FCC: changes role from  FOLLOWER to CANDIDATE at term 463 for changeToCandidate
2019-10-18 14:02:21,441 [Thread-3047] INFO  impl.RoleInfo (RoleInfo.java:updateAndGet(143)) - 92ce6e48-4722-407a-9620-5998c6999257: start LeaderElection
2019-10-18 14:02:21,454 [92ce6e48-4722-407a-9620-5998c6999257@group-E964BE911FCC-LeaderElection420] INFO  impl.LeaderElection (LeaderElection.java:askForVotes(178)) - 92ce6e48-4722-407a-9620-5998c6999257@group-E964BE911FCC-LeaderElection420: begin an election at term 464 for -1: [6cbfae60-ea29-4abc-a49d-ef94f4bd513a:192.168.69.85:36685, 66f9d00c-1e97-4252-958c-bed5a531abda:192.168.69.85:45996, 92ce6e48-4722-407a-9620-5998c6999257:192.168.69.85:34971], old=null
2019-10-18 14:02:21,456 [grpc-default-executor-0] INFO  impl.RaftServerImpl (RaftServerImpl.java:setRole(184)) - 6cbfae60-ea29-4abc-a49d-ef94f4bd513a@group-E964BE911FCC: changes role from  FOLLOWER to FOLLOWER at term 464 for recognizeCandidate:92ce6e48-4722-407a-9620-5998c6999257
2019-10-18 14:02:21,456 [grpc-default-executor-0] INFO  impl.RoleInfo (RoleInfo.java:shutdownFollowerState(121)) - 6cbfae60-ea29-4abc-a49d-ef94f4bd513a: shutdown FollowerState
2019-10-18 14:02:21,456 [grpc-default-executor-1] INFO  impl.RaftServerImpl (RaftServerImpl.java:setRole(184)) - 66f9d00c-1e97-4252-958c-bed5a531abda@group-E964BE911FCC: changes role from  FOLLOWER to FOLLOWER at term 464 for recognizeCandidate:92ce6e48-4722-407a-9620-5998c6999257
2019-10-18 14:02:21,456 [Thread-3045] INFO  impl.FollowerState (FollowerState.java:run(117)) - 6cbfae60-ea29-4abc-a49d-ef94f4bd513a@group-E964BE911FCC-FollowerState was interrupted: java.lang.InterruptedException: sleep interrupted
2019-10-18 14:02:21,456 [grpc-default-executor-0] INFO  impl.RoleInfo (RoleInfo.java:updateAndGet(143)) - 6cbfae60-ea29-4abc-a49d-ef94f4bd513a: start FollowerState
2019-10-18 14:02:21,456 [grpc-default-executor-1] INFO  impl.RoleInfo (RoleInfo.java:shutdownFollowerState(121)) - 66f9d00c-1e97-4252-958c-bed5a531abda: shutdown FollowerState
2019-10-18 14:02:21,456 [grpc-default-executor-1] INFO  impl.RoleInfo (RoleInfo.java:updateAndGet(143)) - 66f9d00c-1e97-4252-958c-bed5a531abda: start FollowerState
2019-10-18 14:02:21,456 [Thread-3046] INFO  impl.FollowerState (FollowerState.java:run(117)) - 66f9d00c-1e97-4252-958c-bed5a531abda@group-E964BE911FCC-FollowerState was interrupted: java.lang.InterruptedException: sleep interrupted
2019-10-18 14:02:21,481 [92ce6e48-4722-407a-9620-5998c6999257@group-E964BE911FCC-LeaderElection420] INFO  impl.LeaderElection (LeaderElection.java:logAndReturn(56)) - 92ce6e48-4722-407a-9620-5998c6999257@group-E964BE911FCC-LeaderElection420: Election REJECTED; received 2 response(s) [92ce6e48-4722-407a-9620-5998c6999257<-6cbfae60-ea29-4abc-a49d-ef94f4bd513a#0:FAIL-t464, 92ce6e48-4722-407a-9620-5998c6999257<-66f9d00c-1e97-4252-958c-bed5a531abda#0:FAIL-t464] and 0 exception(s); 92ce6e48-4722-407a-9620-5998c6999257@group-E964BE911FCC:t464, leader=null, voted=92ce6e48-4722-407a-9620-5998c6999257, raftlog=92ce6e48-4722-407a-9620-5998c6999257@group-E964BE911FCC-SegmentedRaftLog:OPENED:c-1,f-1,i0, conf=-1: [6cbfae60-ea29-4abc-a49d-ef94f4bd513a:192.168.69.85:36685, 66f9d00c-1e97-4252-958c-bed5a531abda:192.168.69.85:45996, 92ce6e48-4722-407a-9620-5998c6999257:192.168.69.85:34971], old=null
2019-10-18 14:02:21,481 [92ce6e48-4722-407a-9620-5998c6999257@group-E964BE911FCC-LeaderElection420] INFO  impl.RaftServerImpl (RaftServerImpl.java:setRole(184)) - 92ce6e48-4722-407a-9620-5998c6999257@group-E964BE911FCC: changes role from CANDIDATE to FOLLOWER at term 464 for DISCOVERED_A_NEW_TERM
2019-10-18 14:02:21,481 [92ce6e48-4722-407a-9620-5998c6999257@group-E964BE911FCC-LeaderElection420] INFO  impl.RoleInfo (RoleInfo.java:shutdownLeaderElection(134)) - 92ce6e48-4722-407a-9620-5998c6999257: shutdown LeaderElection
2019-10-18 14:02:21,482 [92ce6e48-4722-407a-9620-5998c6999257@group-E964BE911FCC-LeaderElection420] INFO  impl.RoleInfo (RoleInfo.java:updateAndGet(143)) - 92ce6e48-4722-407a-9620-5998c6999257: start FollowerState
2019-10-18 14:02:21,582 [Thread-3053] INFO  impl.FollowerState (FollowerState.java:run(108)) - 92ce6e48-4722-407a-9620-5998c6999257@group-E964BE911FCC-FollowerState: change to CANDIDATE, lastRpcTime:100ms, electionTimeout:100ms
2019-10-18 14:02:21,582 [Thread-3053] INFO  impl.RoleInfo (RoleInfo.java:shutdownFollowerState(121)) - 92ce6e48-4722-407a-9620-5998c6999257: shutdown FollowerState
2019-10-18 14:02:21,582 [Thread-3053] INFO  impl.RaftServerImpl (RaftServerImpl.java:setRole(184)) - 92ce6e48-4722-407a-9620-5998c6999257@group-E964BE911FCC: changes role from  FOLLOWER to CANDIDATE at term 464 for changeToCandidate
2019-10-18 14:02:21,582 [Thread-3053] INFO  impl.RoleInfo (RoleInfo.java:updateAndGet(143)) - 92ce6e48-4722-407a-9620-5998c6999257: start LeaderElection
2019-10-18 14:02:21,607 [92ce6e48-4722-407a-9620-5998c6999257@group-E964BE911FCC-LeaderElection421] INFO  impl.LeaderElection (LeaderElection.java:askForVotes(178)) - 92ce6e48-4722-407a-9620-5998c6999257@group-E964BE911FCC-LeaderElection421: begin an election at term 465 for -1: [6cbfae60-ea29-4abc-a49d-ef94f4bd513a:192.168.69.85:36685, 66f9d00c-1e97-4252-958c-bed5a531abda:192.168.69.85:45996, 92ce6e48-4722-407a-9620-5998c6999257:192.168.69.85:34971], old=null
2019-10-18 14:02:21,609 [grpc-default-executor-1] INFO  impl.RaftServerImpl (RaftServerImpl.java:setRole(184)) - 6cbfae60-ea29-4abc-a49d-ef94f4bd513a@group-E964BE911FCC: changes role from  FOLLOWER to FOLLOWER at term 465 for recognizeCandidate:92ce6e48-4722-407a-9620-5998c6999257
2019-10-18 14:02:21,609 [grpc-default-executor-1] INFO  impl.RoleInfo (RoleInfo.java:shutdownFollowerState(121)) - 6cbfae60-ea29-4abc-a49d-ef94f4bd513a: shutdown FollowerState
2019-10-18 14:02:21,609 [grpc-default-executor-0] INFO  impl.RaftServerImpl (RaftServerImpl.java:setRole(184)) - 66f9d00c-1e97-4252-958c-bed5a531abda@group-E964BE911FCC: changes role from  FOLLOWER to FOLLOWER at term 465 for recognizeCandidate:92ce6e48-4722-407a-9620-5998c6999257
2019-10-18 14:02:21,609 [Thread-3051] INFO  impl.FollowerState (FollowerState.java:run(117)) - 6cbfae60-ea29-4abc-a49d-ef94f4bd513a@group-E964BE911FCC-FollowerState was interrupted: java.lang.InterruptedException: sleep interrupted
2019-10-18 14:02:21,609 [grpc-default-executor-1] INFO  impl.RoleInfo (RoleInfo.java:updateAndGet(143)) - 6cbfae60-ea29-4abc-a49d-ef94f4bd513a: start FollowerState
2019-10-18 14:02:21,609 [grpc-default-executor-0] INFO  impl.RoleInfo (RoleInfo.java:shutdownFollowerState(121)) - 66f9d00c-1e97-4252-958c-bed5a531abda: shutdown FollowerState
2019-10-18 14:02:21,610 [grpc-default-executor-0] INFO  impl.RoleInfo (RoleInfo.java:updateAndGet(143)) - 66f9d00c-1e97-4252-958c-bed5a531abda: start FollowerState
2019-10-18 14:02:21,610 [Thread-3052] INFO  impl.FollowerState (FollowerState.java:run(117)) - 66f9d00c-1e97-4252-958c-bed5a531abda@group-E964BE911FCC-FollowerState was interrupted: java.lang.InterruptedException: sleep interrupted
2019-10-18 14:02:21,636 [92ce6e48-4722-407a-9620-5998c6999257@group-E964BE911FCC-LeaderElection421] INFO  impl.LeaderElection (LeaderElection.java:logAndReturn(56)) - 92ce6e48-4722-407a-9620-5998c6999257@group-E964BE911FCC-LeaderElection421: Election REJECTED; received 2 response(s) [92ce6e48-4722-407a-9620-5998c6999257<-6cbfae60-ea29-4abc-a49d-ef94f4bd513a#0:FAIL-t465, 92ce6e48-4722-407a-9620-5998c6999257<-66f9d00c-1e97-4252-958c-bed5a531abda#0:FAIL-t465] and 0 exception(s); 92ce6e48-4722-407a-9620-5998c6999257@group-E964BE911FCC:t465, leader=null, voted=92ce6e48-4722-407a-9620-5998c6999257, raftlog=92ce6e48-4722-407a-9620-5998c6999257@group-E964BE911FCC-SegmentedRaftLog:OPENED:c-1,f-1,i0, conf=-1: [6cbfae60-ea29-4abc-a49d-ef94f4bd513a:192.168.69.85:36685, 66f9d00c-1e97-4252-958c-bed5a531abda:192.168.69.85:45996, 92ce6e48-4722-407a-9620-5998c6999257:192.168.69.85:34971], old=null
2019-10-18 14:02:21,636 [92ce6e48-4722-407a-9620-5998c6999257@group-E964BE911FCC-LeaderElection421] INFO  impl.RaftServerImpl (RaftServerImpl.java:setRole(184)) - 92ce6e48-4722-407a-9620-5998c6999257@group-E964BE911FCC: changes role from CANDIDATE to FOLLOWER at term 465 for DISCOVERED_A_NEW_TERM
2019-10-18 14:02:21,636 [92ce6e48-4722-407a-9620-5998c6999257@group-E964BE911FCC-LeaderElection421] INFO  impl.RoleInfo (RoleInfo.java:shutdownLeaderElection(134)) - 92ce6e48-4722-407a-9620-5998c6999257: shutdown LeaderElection
2019-10-18 14:02:21,636 [92ce6e48-4722-407a-9620-5998c6999257@group-E964BE911FCC-LeaderElection421] INFO  impl.RoleInfo (RoleInfo.java:updateAndGet(143)) - 92ce6e48-4722-407a-9620-5998c6999257: start FollowerState
2019-10-18 14:02:21,736 [Thread-3061] INFO  impl.FollowerState (FollowerState.java:run(108)) - 92ce6e48-4722-407a-9620-5998c6999257@group-E964BE911FCC-FollowerState: change to CANDIDATE, lastRpcTime:99ms, electionTimeout:99ms
2019-10-18 14:02:21,736 [Thread-3061] INFO  impl.RoleInfo (RoleInfo.java:shutdownFollowerState(121)) - 92ce6e48-4722-407a-9620-5998c6999257: shutdown FollowerState
2019-10-18 14:02:21,736 [Thread-3061] INFO  impl.RaftServerImpl (RaftServerImpl.java:setRole(184)) - 92ce6e48-4722-407a-9620-5998c6999257@group-E964BE911FCC: changes role from  FOLLOWER to CANDIDATE at term 465 for changeToCandidate
2019-10-18 14:02:21,736 [Thread-3061] INFO  impl.RoleInfo (RoleInfo.java:updateAndGet(143)) - 92ce6e48-4722-407a-9620-5998c6999257: start LeaderElection
2019-10-18 14:02:21,751 [92ce6e48-4722-407a-9620-5998c6999257@group-E964BE911FCC-LeaderElection422] INFO  impl.LeaderElection (LeaderElection.java:askForVotes(178)) - 92ce6e48-4722-407a-9620-5998c6999257@group-E964BE911FCC-LeaderElection422: begin an election at term 466 for -1: [6cbfae60-ea29-4abc-a49d-ef94f4bd513a:192.168.69.85:36685, 66f9d00c-1e97-4252-958c-bed5a531abda:192.168.69.85:45996, 92ce6e48-4722-407a-9620-5998c6999257:192.168.69.85:34971], old=null
2019-10-18 14:02:21,754 [grpc-default-executor-0] INFO  impl.RaftServerImpl (RaftServerImpl.java:setRole(184)) - 6cbfae60-ea29-4abc-a49d-ef94f4bd513a@group-E964BE911FCC: changes role from  FOLLOWER to FOLLOWER at term 466 for recognizeCandidate:92ce6e48-4722-407a-9620-5998c6999257
2019-10-18 14:02:21,754 [grpc-default-executor-0] INFO  impl.RoleInfo (RoleInfo.java:shutdownFollowerState(121)) - 6cbfae60-ea29-4abc-a49d-ef94f4bd513a: shutdown FollowerState
2019-10-18 14:02:21,754 [grpc-default-executor-1] INFO  impl.RaftServerImpl (RaftServerImpl.java:setRole(184)) - 66f9d00c-1e97-4252-958c-bed5a531abda@group-E964BE911FCC: changes role from  FOLLOWER to FOLLOWER at term 466 for recognizeCandidate:92ce6e48-4722-407a-9620-5998c6999257
2019-10-18 14:02:21,754 [grpc-default-executor-1] INFO  impl.RoleInfo (RoleInfo.java:shutdownFollowerState(121)) - 66f9d00c-1e97-4252-958c-bed5a531abda: shutdown FollowerState
2019-10-18 14:02:21,754 [Thread-3059] INFO  impl.FollowerState (FollowerState.java:run(117)) - 6cbfae60-ea29-4abc-a49d-ef94f4bd513a@group-E964BE911FCC-FollowerState was interrupted: java.lang.InterruptedException: sleep interrupted
2019-10-18 14:02:21,754 [grpc-default-executor-0] INFO  impl.RoleInfo (RoleInfo.java:updateAndGet(143)) - 6cbfae60-ea29-4abc-a49d-ef94f4bd513a: start FollowerState
2019-10-18 14:02:21,754 [Thread-3060] INFO  impl.FollowerState (FollowerState.java:run(117)) - 66f9d00c-1e97-4252-958c-bed5a531abda@group-E964BE911FCC-FollowerState was interrupted: java.lang.InterruptedException: sleep interrupted
2019-10-18 14:02:21,754 [grpc-default-executor-1] INFO  impl.RoleInfo (RoleInfo.java:updateAndGet(143)) - 66f9d00c-1e97-4252-958c-bed5a531abda: start FollowerState
2019-10-18 14:02:21,769 [92ce6e48-4722-407a-9620-5998c6999257@group-E964BE911FCC-LeaderElection422] INFO  impl.LeaderElection (LeaderElection.java:logAndReturn(56)) - 92ce6e48-4722-407a-9620-5998c6999257@group-E964BE911FCC-LeaderElection422: Election REJECTED; received 2 response(s) [92ce6e48-4722-407a-9620-5998c6999257<-6cbfae60-ea29-4abc-a49d-ef94f4bd513a#0:FAIL-t466, 92ce6e48-4722-407a-9620-5998c6999257<-66f9d00c-1e97-4252-958c-bed5a531abda#0:FAIL-t466] and 0 exception(s); 92ce6e48-4722-407a-9620-5998c6999257@group-E964BE911FCC:t466, leader=null, voted=92ce6e48-4722-407a-9620-5998c6999257, raftlog=92ce6e48-4722-407a-9620-5998c6999257@group-E964BE911FCC-SegmentedRaftLog:OPENED:c-1,f-1,i0, conf=-1: [6cbfae60-ea29-4abc-a49d-ef94f4bd513a:192.168.69.85:36685, 66f9d00c-1e97-4252-958c-bed5a531abda:192.168.69.85:45996, 92ce6e48-4722-407a-9620-5998c6999257:192.168.69.85:34971], old=null
2019-10-18 14:02:21,769 [92ce6e48-4722-407a-9620-5998c6999257@group-E964BE911FCC-LeaderElection422] INFO  impl.RaftServerImpl (RaftServerImpl.java:setRole(184)) - 92ce6e48-4722-407a-9620-5998c6999257@group-E964BE911FCC: changes role from CANDIDATE to FOLLOWER at term 466 for DISCOVERED_A_NEW_TERM
2019-10-18 14:02:21,769 [92ce6e48-4722-407a-9620-5998c6999257@group-E964BE911FCC-LeaderElection422] INFO  impl.RoleInfo (RoleInfo.java:shutdownLeaderElection(134)) - 92ce6e48-4722-407a-9620-5998c6999257: shutdown LeaderElection
2019-10-18 14:02:21,769 [92ce6e48-4722-407a-9620-5998c6999257@group-E964BE911FCC-LeaderElection422] INFO  impl.RoleInfo (RoleInfo.java:updateAndGet(143)) - 92ce6e48-4722-407a-9620-5998c6999257: start FollowerState
2019-10-18 14:02:21,846 [Thread-3067] INFO  impl.FollowerState (FollowerState.java:run(108)) - 92ce6e48-4722-407a-9620-5998c6999257@group-E964BE911FCC-FollowerState: change to CANDIDATE, lastRpcTime:77ms, electionTimeout:77ms
2019-10-18 14:02:21,847 [Thread-3067] INFO  impl.RoleInfo (RoleInfo.java:shutdownFollowerState(121)) - 92ce6e48-4722-407a-9620-5998c6999257: shutdown FollowerState
2019-10-18 14:02:21,847 [Thread-3067] INFO  impl.RaftServerImpl (RaftServerImpl.java:setRole(184)) - 92ce6e48-4722-407a-9620-5998c6999257@group-E964BE911FCC: changes role from  FOLLOWER to CANDIDATE at term 466 for changeToCandidate
2019-10-18 14:02:21,847 [Thread-3067] INFO  impl.RoleInfo (RoleInfo.java:updateAndGet(143)) - 92ce6e48-4722-407a-9620-5998c6999257: start LeaderElection
2019-10-18 14:02:21,860 [92ce6e48-4722-407a-9620-5998c6999257@group-E964BE911FCC-LeaderElection423] INFO  impl.LeaderElection (LeaderElection.java:askForVotes(178)) - 92ce6e48-4722-407a-9620-5998c6999257@group-E964BE911FCC-LeaderElection423: begin an election at term 467 for -1: [6cbfae60-ea29-4abc-a49d-ef94f4bd513a:192.168.69.85:36685, 66f9d00c-1e97-4252-958c-bed5a531abda:192.168.69.85:45996, 92ce6e48-4722-407a-9620-5998c6999257:192.168.69.85:34971], old=null
2019-10-18 14:02:21,862 [grpc-default-executor-1] INFO  impl.RaftServerImpl (RaftServerImpl.java:setRole(184)) - 66f9d00c-1e97-4252-958c-bed5a531abda@group-E964BE911FCC: changes role from  FOLLOWER to FOLLOWER at term 467 for recognizeCandidate:92ce6e48-4722-407a-9620-5998c6999257
2019-10-18 14:02:21,862 [grpc-default-executor-0] INFO  impl.RaftServerImpl (RaftServerImpl.java:setRole(184)) - 6cbfae60-ea29-4abc-a49d-ef94f4bd513a@group-E964BE911FCC: changes role from  FOLLOWER to FOLLOWER at term 467 for recognizeCandidate:92ce6e48-4722-407a-9620-5998c6999257
2019-10-18 14:02:21,862 [grpc-default-executor-1] INFO  impl.RoleInfo (RoleInfo.java:shutdownFollowerState(121)) - 66f9d00c-1e97-4252-958c-bed5a531abda: shutdown FollowerState
2019-10-18 14:02:21,862 [grpc-default-executor-0] INFO  impl.RoleInfo (RoleInfo.java:shutdownFollowerState(121)) - 6cbfae60-ea29-4abc-a49d-ef94f4bd513a: shutdown FollowerState
2019-10-18 14:02:21,863 [Thread-3066] INFO  impl.FollowerState (FollowerState.java:run(117)) - 66f9d00c-1e97-4252-958c-bed5a531abda@group-E964BE911FCC-FollowerState was interrupted: java.lang.InterruptedException: sleep interrupted
2019-10-18 14:02:21,863 [grpc-default-executor-1] INFO  impl.RoleInfo (RoleInfo.java:updateAndGet(143)) - 66f9d00c-1e97-4252-958c-bed5a531abda: start FollowerState
2019-10-18 14:02:21,863 [Thread-3065] INFO  impl.FollowerState (FollowerState.java:run(117)) - 6cbfae60-ea29-4abc-a49d-ef94f4bd513a@group-E964BE911FCC-FollowerState was interrupted: java.lang.InterruptedException: sleep interrupted
2019-10-18 14:02:21,863 [grpc-default-executor-0] INFO  impl.RoleInfo (RoleInfo.java:updateAndGet(143)) - 6cbfae60-ea29-4abc-a49d-ef94f4bd513a: start FollowerState
2019-10-18 14:02:21,893 [92ce6e48-4722-407a-9620-5998c6999257@group-E964BE911FCC-LeaderElection423] INFO  impl.LeaderElection (LeaderElection.java:logAndReturn(56)) - 92ce6e48-4722-407a-9620-5998c6999257@group-E964BE911FCC-LeaderElection423: Election REJECTED; received 2 response(s) [92ce6e48-4722-407a-9620-5998c6999257<-6cbfae60-ea29-4abc-a49d-ef94f4bd513a#0:FAIL-t467, 92ce6e48-4722-407a-9620-5998c6999257<-66f9d00c-1e97-4252-958c-bed5a531abda#0:FAIL-t467] and 0 exception(s); 92ce6e48-4722-407a-9620-5998c6999257@group-E964BE911FCC:t467, leader=null, voted=92ce6e48-4722-407a-9620-5998c6999257, raftlog=92ce6e48-4722-407a-9620-5998c6999257@group-E964BE911FCC-SegmentedRaftLog:OPENED:c-1,f-1,i0, conf=-1: [6cbfae60-ea29-4abc-a49d-ef94f4bd513a:192.168.69.85:36685, 66f9d00c-1e97-4252-958c-bed5a531abda:192.168.69.85:45996, 92ce6e48-4722-407a-9620-5998c6999257:192.168.69.85:34971], old=null
2019-10-18 14:02:21,893 [92ce6e48-4722-407a-9620-5998c6999257@group-E964BE911FCC-LeaderElection423] INFO  impl.RaftServerImpl (RaftServerImpl.java:setRole(184)) - 92ce6e48-4722-407a-9620-5998c6999257@group-E964BE911FCC: changes role from CANDIDATE to FOLLOWER at term 467 for DISCOVERED_A_NEW_TERM
2019-10-18 14:02:21,893 [92ce6e48-4722-407a-9620-5998c6999257@group-E964BE911FCC-LeaderElection423] INFO  impl.RoleInfo (RoleInfo.java:shutdownLeaderElection(134)) - 92ce6e48-4722-407a-9620-5998c6999257: shutdown LeaderElection
2019-10-18 14:02:21,893 [92ce6e48-4722-407a-9620-5998c6999257@group-E964BE911FCC-LeaderElection423] INFO  impl.RoleInfo (RoleInfo.java:updateAndGet(143)) - 92ce6e48-4722-407a-9620-5998c6999257: start FollowerState
2019-10-18 14:02:21,979 [Thread-3073] INFO  impl.FollowerState (FollowerState.java:run(108)) - 92ce6e48-4722-407a-9620-5998c6999257@group-E964BE911FCC-FollowerState: change to CANDIDATE, lastRpcTime:85ms, electionTimeout:85ms
2019-10-18 14:02:21,979 [Thread-3073] INFO  impl.RoleInfo (RoleInfo.java:shutdownFollowerState(121)) - 92ce6e48-4722-407a-9620-5998c6999257: shutdown FollowerState
2019-10-18 14:02:21,979 [Thread-3073] INFO  impl.RaftServerImpl (RaftServerImpl.java:setRole(184)) - 92ce6e48-4722-407a-9620-5998c6999257@group-E964BE911FCC: changes role from  FOLLOWER to CANDIDATE at term 467 for changeToCandidate
2019-10-18 14:02:21,979 [Thread-3073] INFO  impl.RoleInfo (RoleInfo.java:updateAndGet(143)) - 92ce6e48-4722-407a-9620-5998c6999257: start LeaderElection
2019-10-18 14:02:21,994 [92ce6e48-4722-407a-9620-5998c6999257@group-E964BE911FCC-LeaderElection424] INFO  impl.LeaderElection (LeaderElection.java:askForVotes(178)) - 92ce6e48-4722-407a-9620-5998c6999257@group-E964BE911FCC-LeaderElection424: begin an election at term 468 for -1: [6cbfae60-ea29-4abc-a49d-ef94f4bd513a:192.168.69.85:36685, 66f9d00c-1e97-4252-958c-bed5a531abda:192.168.69.85:45996, 92ce6e48-4722-407a-9620-5998c6999257:192.168.69.85:34971], old=null
2019-10-18 14:02:21,996 [grpc-default-executor-1] INFO  impl.RaftServerImpl (RaftServerImpl.java:setRole(184)) - 6cbfae60-ea29-4abc-a49d-ef94f4bd513a@group-E964BE911FCC: changes role from  FOLLOWER to FOLLOWER at term 468 for recognizeCandidate:92ce6e48-4722-407a-9620-5998c6999257
2019-10-18 14:02:21,997 [grpc-default-executor-1] INFO  impl.RoleInfo (RoleInfo.java:shutdownFollowerState(121)) - 6cbfae60-ea29-4abc-a49d-ef94f4bd513a: shutdown FollowerState
2019-10-18 14:02:21,997 [grpc-default-executor-0] INFO  impl.RaftServerImpl (RaftServerImpl.java:setRole(184)) - 66f9d00c-1e97-4252-958c-bed5a531abda@group-E964BE911FCC: changes role from  FOLLOWER to FOLLOWER at term 468 for recognizeCandidate:92ce6e48-4722-407a-9620-5998c6999257
2019-10-18 14:02:21,997 [grpc-default-executor-0] INFO  impl.RoleInfo (RoleInfo.java:shutdownFollowerState(121)) - 66f9d00c-1e97-4252-958c-bed5a531abda: shutdown FollowerState
2019-10-18 14:02:21,997 [Thread-3072] INFO  impl.FollowerState (FollowerState.java:run(117)) - 6cbfae60-ea29-4abc-a49d-ef94f4bd513a@group-E964BE911FCC-FollowerState was interrupted: java.lang.InterruptedException: sleep interrupted
2019-10-18 14:02:21,997 [grpc-default-executor-1] INFO  impl.RoleInfo (RoleInfo.java:updateAndGet(143)) - 6cbfae60-ea29-4abc-a49d-ef94f4bd513a: start FollowerState
2019-10-18 14:02:21,997 [Thread-3071] INFO  impl.FollowerState (FollowerState.java:run(117)) - 66f9d00c-1e97-4252-958c-bed5a531abda@group-E964BE911FCC-FollowerState was interrupted: java.lang.InterruptedException: sleep interrupted
2019-10-18 14:02:21,997 [grpc-default-executor-0] INFO  impl.RoleInfo (RoleInfo.java:updateAndGet(143)) - 66f9d00c-1e97-4252-958c-bed5a531abda: start FollowerState
2019-10-18 14:02:22,012 [92ce6e48-4722-407a-9620-5998c6999257@group-E964BE911FCC-LeaderElection424] INFO  impl.LeaderElection (LeaderElection.java:logAndReturn(56)) - 92ce6e48-4722-407a-9620-5998c6999257@group-E964BE911FCC-LeaderElection424: Election REJECTED; received 2 response(s) [92ce6e48-4722-407a-9620-5998c6999257<-6cbfae60-ea29-4abc-a49d-ef94f4bd513a#0:FAIL-t468, 92ce6e48-4722-407a-9620-5998c6999257<-66f9d00c-1e97-4252-958c-bed5a531abda#0:FAIL-t468] and 0 exception(s); 92ce6e48-4722-407a-9620-5998c6999257@group-E964BE911FCC:t468, leader=null, voted=92ce6e48-4722-407a-9620-5998c6999257, raftlog=92ce6e48-4722-407a-9620-5998c6999257@group-E964BE911FCC-SegmentedRaftLog:OPENED:c-1,f-1,i0, conf=-1: [6cbfae60-ea29-4abc-a49d-ef94f4bd513a:192.168.69.85:36685, 66f9d00c-1e97-4252-958c-bed5a531abda:192.168.69.85:45996, 92ce6e48-4722-407a-9620-5998c6999257:192.168.69.85:34971], old=null
2019-10-18 14:02:22,012 [92ce6e48-4722-407a-9620-5998c6999257@group-E964BE911FCC-LeaderElection424] INFO  impl.RaftServerImpl (RaftServerImpl.java:setRole(184)) - 92ce6e48-4722-407a-9620-5998c6999257@group-E964BE911FCC: changes role from CANDIDATE to FOLLOWER at term 468 for DISCOVERED_A_NEW_TERM
2019-10-18 14:02:22,012 [92ce6e48-4722-407a-9620-5998c6999257@group-E964BE911FCC-LeaderElection424] INFO  impl.RoleInfo (RoleInfo.java:shutdownLeaderElection(134)) - 92ce6e48-4722-407a-9620-5998c6999257: shutdown LeaderElection
2019-10-18 14:02:22,012 [92ce6e48-4722-407a-9620-5998c6999257@group-E964BE911FCC-LeaderElection424] INFO  impl.RoleInfo (RoleInfo.java:updateAndGet(143)) - 92ce6e48-4722-407a-9620-5998c6999257: start FollowerState
2019-10-18 14:02:22,196 [Thread-3079] INFO  impl.FollowerState (FollowerState.java:run(108)) - 92ce6e48-4722-407a-9620-5998c6999257@group-E964BE911FCC-FollowerState: change to CANDIDATE, lastRpcTime:183ms, electionTimeout:183ms
2019-10-18 14:02:22,196 [Thread-3079] INFO  impl.RoleInfo (RoleInfo.java:shutdownFollowerState(121)) - 92ce6e48-4722-407a-9620-5998c6999257: shutdown FollowerState
2019-10-18 14:02:22,196 [Thread-3079] INFO  impl.RaftServerImpl (RaftServerImpl.java:setRole(184)) - 92ce6e48-4722-407a-9620-5998c6999257@group-E964BE911FCC: changes role from  FOLLOWER to CANDIDATE at term 468 for changeToCandidate
2019-10-18 14:02:22,196 [Thread-3079] INFO  impl.RoleInfo (RoleInfo.java:updateAndGet(143)) - 92ce6e48-4722-407a-9620-5998c6999257: start LeaderElection
2019-10-18 14:02:22,242 [92ce6e48-4722-407a-9620-5998c6999257@group-E964BE911FCC-LeaderElection425] INFO  impl.LeaderElection (LeaderElection.java:askForVotes(178)) - 92ce6e48-4722-407a-9620-5998c6999257@group-E964BE911FCC-LeaderElection425: begin an election at term 469 for -1: [6cbfae60-ea29-4abc-a49d-ef94f4bd513a:192.168.69.85:36685, 66f9d00c-1e97-4252-958c-bed5a531abda:192.168.69.85:45996, 92ce6e48-4722-407a-9620-5998c6999257:192.168.69.85:34971], old=null
2019-10-18 14:02:22,244 [grpc-default-executor-1] INFO  impl.RaftServerImpl (RaftServerImpl.java:setRole(184)) - 6cbfae60-ea29-4abc-a49d-ef94f4bd513a@group-E964BE911FCC: changes role from  FOLLOWER to FOLLOWER at term 469 for recognizeCandidate:92ce6e48-4722-407a-9620-5998c6999257
2019-10-18 14:02:22,245 [grpc-default-executor-1] INFO  impl.RoleInfo (RoleInfo.java:shutdownFollowerState(121)) - 6cbfae60-ea29-4abc-a49d-ef94f4bd513a: shutdown FollowerState
2019-10-18 14:02:22,245 [grpc-default-executor-1] INFO  impl.RoleInfo (RoleInfo.java:updateAndGet(143)) - 6cbfae60-ea29-4abc-a49d-ef94f4bd513a: start FollowerState
2019-10-18 14:02:22,245 [Thread-3077] INFO  impl.FollowerState (FollowerState.java:run(117)) - 6cbfae60-ea29-4abc-a49d-ef94f4bd513a@group-E964BE911FCC-FollowerState was interrupted: java.lang.InterruptedException: sleep interrupted
2019-10-18 14:02:22,245 [grpc-default-executor-0] INFO  impl.RaftServerImpl (RaftServerImpl.java:setRole(184)) - 66f9d00c-1e97-4252-958c-bed5a531abda@group-E964BE911FCC: changes role from  FOLLOWER to FOLLOWER at term 469 for recognizeCandidate:92ce6e48-4722-407a-9620-5998c6999257
2019-10-18 14:02:22,245 [grpc-default-executor-0] INFO  impl.RoleInfo (RoleInfo.java:shutdownFollowerState(121)) - 66f9d00c-1e97-4252-958c-bed5a531abda: shutdown FollowerState
2019-10-18 14:02:22,245 [grpc-default-executor-0] INFO  impl.RoleInfo (RoleInfo.java:updateAndGet(143)) - 66f9d00c-1e97-4252-958c-bed5a531abda: start FollowerState
2019-10-18 14:02:22,245 [Thread-3078] INFO  impl.FollowerState (FollowerState.java:run(117)) - 66f9d00c-1e97-4252-958c-bed5a531abda@group-E964BE911FCC-FollowerState was interrupted: java.lang.InterruptedException: sleep interrupted
2019-10-18 14:02:22,270 [92ce6e48-4722-407a-9620-5998c6999257@group-E964BE911FCC-LeaderElection425] INFO  impl.LeaderElection (LeaderElection.java:logAndReturn(56)) - 92ce6e48-4722-407a-9620-5998c6999257@group-E964BE911FCC-LeaderElection425: Election REJECTED; received 2 response(s) [92ce6e48-4722-407a-9620-5998c6999257<-6cbfae60-ea29-4abc-a49d-ef94f4bd513a#0:FAIL-t469, 92ce6e48-4722-407a-9620-5998c6999257<-66f9d00c-1e97-4252-958c-bed5a531abda#0:FAIL-t469] and 0 exception(s); 92ce6e48-4722-407a-9620-5998c6999257@group-E964BE911FCC:t469, leader=null, voted=92ce6e48-4722-407a-9620-5998c6999257, raftlog=92ce6e48-4722-407a-9620-5998c6999257@group-E964BE911FCC-SegmentedRaftLog:OPENED:c-1,f-1,i0, conf=-1: [6cbfae60-ea29-4abc-a49d-ef94f4bd513a:192.168.69.85:36685, 66f9d00c-1e97-4252-958c-bed5a531abda:192.168.69.85:45996, 92ce6e48-4722-407a-9620-5998c6999257:192.168.69.85:34971], old=null
2019-10-18 14:02:22,270 [92ce6e48-4722-407a-9620-5998c6999257@group-E964BE911FCC-LeaderElection425] INFO  impl.RaftServerImpl (RaftServerImpl.java:setRole(184)) - 92ce6e48-4722-407a-9620-5998c6999257@group-E964BE911FCC: changes role from CANDIDATE to FOLLOWER at term 469 for DISCOVERED_A_NEW_TERM
2019-10-18 14:02:22,271 [92ce6e48-4722-407a-9620-5998c6999257@group-E964BE911FCC-LeaderElection425] INFO  impl.RoleInfo (RoleInfo.java:shutdownLeaderElection(134)) - 92ce6e48-4722-407a-9620-5998c6999257: shutdown LeaderElection
2019-10-18 14:02:22,271 [92ce6e48-4722-407a-9620-5998c6999257@group-E964BE911FCC-LeaderElection425] INFO  impl.RoleInfo (RoleInfo.java:updateAndGet(143)) - 92ce6e48-4722-407a-9620-5998c6999257: start FollowerState
2019-10-18 14:02:22,399 [Thread-3085] INFO  impl.FollowerState (FollowerState.java:run(108)) - 92ce6e48-4722-407a-9620-5998c6999257@group-E964BE911FCC-FollowerState: change to CANDIDATE, lastRpcTime:128ms, electionTimeout:128ms
2019-10-18 14:02:22,399 [Thread-3085] INFO  impl.RoleInfo (RoleInfo.java:shutdownFollowerState(121)) - 92ce6e48-4722-407a-9620-5998c6999257: shutdown FollowerState
2019-10-18 14:02:22,399 [Thread-3085] INFO  impl.RaftServerImpl (RaftServerImpl.java:setRole(184)) - 92ce6e48-4722-407a-9620-5998c6999257@group-E964BE911FCC: changes role from  FOLLOWER to CANDIDATE at term 469 for changeToCandidate
2019-10-18 14:02:22,400 [Thread-3085] INFO  impl.RoleInfo (RoleInfo.java:updateAndGet(143)) - 92ce6e48-4722-407a-9620-5998c6999257: start LeaderElection
2019-10-18 14:02:22,412 [92ce6e48-4722-407a-9620-5998c6999257@group-E964BE911FCC-LeaderElection426] INFO  impl.LeaderElection (LeaderElection.java:askForVotes(178)) - 92ce6e48-4722-407a-9620-5998c6999257@group-E964BE911FCC-LeaderElection426: begin an election at term 470 for -1: [6cbfae60-ea29-4abc-a49d-ef94f4bd513a:192.168.69.85:36685, 66f9d00c-1e97-4252-958c-bed5a531abda:192.168.69.85:45996, 92ce6e48-4722-407a-9620-5998c6999257:192.168.69.85:34971], old=null
2019-10-18 14:02:22,414 [grpc-default-executor-0] INFO  impl.RaftServerImpl (RaftServerImpl.java:setRole(184)) - 6cbfae60-ea29-4abc-a49d-ef94f4bd513a@group-E964BE911FCC: changes role from  FOLLOWER to FOLLOWER at term 470 for recognizeCandidate:92ce6e48-4722-407a-9620-5998c6999257
2019-10-18 14:02:22,414 [grpc-default-executor-1] INFO  impl.RaftServerImpl (RaftServerImpl.java:setRole(184)) - 66f9d00c-1e97-4252-958c-bed5a531abda@group-E964BE911FCC: changes role from  FOLLOWER to FOLLOWER at term 470 for recognizeCandidate:92ce6e48-4722-407a-9620-5998c6999257
2019-10-18 14:02:22,414 [grpc-default-executor-1] INFO  impl.RoleInfo (RoleInfo.java:shutdownFollowerState(121)) - 66f9d00c-1e97-4252-958c-bed5a531abda: shutdown FollowerState
2019-10-18 14:02:22,414 [grpc-default-executor-0] INFO  impl.RoleInfo (RoleInfo.java:shutdownFollowerState(121)) - 6cbfae60-ea29-4abc-a49d-ef94f4bd513a: shutdown FollowerState
2019-10-18 14:02:22,415 [Thread-3084] INFO  impl.FollowerState (FollowerState.java:run(117)) - 66f9d00c-1e97-4252-958c-bed5a531abda@group-E964BE911FCC-FollowerState was interrupted: java.lang.InterruptedException: sleep interrupted
2019-10-18 14:02:22,415 [Thread-3083] INFO  impl.FollowerState (FollowerState.java:run(117)) - 6cbfae60-ea29-4abc-a49d-ef94f4bd513a@group-E964BE911FCC-FollowerState was interrupted: java.lang.InterruptedException: sleep interrupted
2019-10-18 14:02:22,415 [grpc-default-executor-1] INFO  impl.RoleInfo (RoleInfo.java:updateAndGet(143)) - 66f9d00c-1e97-4252-958c-bed5a531abda: start FollowerState
2019-10-18 14:02:22,415 [grpc-default-executor-0] INFO  impl.RoleInfo (RoleInfo.java:updateAndGet(143)) - 6cbfae60-ea29-4abc-a49d-ef94f4bd513a: start FollowerState
2019-10-18 14:02:22,437 [92ce6e48-4722-407a-9620-5998c6999257@group-E964BE911FCC-LeaderElection426] INFO  impl.LeaderElection (LeaderElection.java:logAndReturn(56)) - 92ce6e48-4722-407a-9620-5998c6999257@group-E964BE911FCC-LeaderElection426: Election REJECTED; received 2 response(s) [92ce6e48-4722-407a-9620-5998c6999257<-6cbfae60-ea29-4abc-a49d-ef94f4bd513a#0:FAIL-t470, 92ce6e48-4722-407a-9620-5998c6999257<-66f9d00c-1e97-4252-958c-bed5a531abda#0:FAIL-t470] and 0 exception(s); 92ce6e48-4722-407a-9620-5998c6999257@group-E964BE911FCC:t470, leader=null, voted=92ce6e48-4722-407a-9620-5998c6999257, raftlog=92ce6e48-4722-407a-9620-5998c6999257@group-E964BE911FCC-SegmentedRaftLog:OPENED:c-1,f-1,i0, conf=-1: [6cbfae60-ea29-4abc-a49d-ef94f4bd513a:192.168.69.85:36685, 66f9d00c-1e97-4252-958c-bed5a531abda:192.168.69.85:45996, 92ce6e48-4722-407a-9620-5998c6999257:192.168.69.85:34971], old=null
2019-10-18 14:02:22,437 [92ce6e48-4722-407a-9620-5998c6999257@group-E964BE911FCC-LeaderElection426] INFO  impl.RaftServerImpl (RaftServerImpl.java:setRole(184)) - 92ce6e48-4722-407a-9620-5998c6999257@group-E964BE911FCC: changes role from CANDIDATE to FOLLOWER at term 470 for DISCOVERED_A_NEW_TERM
2019-10-18 14:02:22,437 [92ce6e48-4722-407a-9620-5998c6999257@group-E964BE911FCC-LeaderElection426] INFO  impl.RoleInfo (RoleInfo.java:shutdownLeaderElection(134)) - 92ce6e48-4722-407a-9620-5998c6999257: shutdown LeaderElection
2019-10-18 14:02:22,437 [92ce6e48-4722-407a-9620-5998c6999257@group-E964BE911FCC-LeaderElection426] INFO  impl.RoleInfo (RoleInfo.java:updateAndGet(143)) - 92ce6e48-4722-407a-9620-5998c6999257: start FollowerState
2019-10-18 14:02:22,441 [Thread-3091] INFO  impl.FollowerState (FollowerState.java:run(108)) - 92ce6e48-4722-407a-9620-5998c6999257@group-E964BE911FCC-FollowerState: change to CANDIDATE, lastRpcTime:3ms, electionTimeout:3ms
2019-10-18 14:02:22,441 [Thread-3091] INFO  impl.RoleInfo (RoleInfo.java:shutdownFollowerState(121)) - 92ce6e48-4722-407a-9620-5998c6999257: shutdown FollowerState
2019-10-18 14:02:22,441 [Thread-3091] INFO  impl.RaftServerImpl (RaftServerImpl.java:setRole(184)) - 92ce6e48-4722-407a-9620-5998c6999257@group-E964BE911FCC: changes role from  FOLLOWER to CANDIDATE at term 470 for changeToCandidate
2019-10-18 14:02:22,441 [Thread-3091] INFO  impl.RoleInfo (RoleInfo.java:updateAndGet(143)) - 92ce6e48-4722-407a-9620-5998c6999257: start LeaderElection
2019-10-18 14:02:22,454 [92ce6e48-4722-407a-9620-5998c6999257@group-E964BE911FCC-LeaderElection427] INFO  impl.LeaderElection (LeaderElection.java:askForVotes(178)) - 92ce6e48-4722-407a-9620-5998c6999257@group-E964BE911FCC-LeaderElection427: begin an election at term 471 for -1: [6cbfae60-ea29-4abc-a49d-ef94f4bd513a:192.168.69.85:36685, 66f9d00c-1e97-4252-958c-bed5a531abda:192.168.69.85:45996, 92ce6e48-4722-407a-9620-5998c6999257:192.168.69.85:34971], old=null
2019-10-18 14:02:22,456 [grpc-default-executor-1] INFO  impl.RaftServerImpl (RaftServerImpl.java:setRole(184)) - 6cbfae60-ea29-4abc-a49d-ef94f4bd513a@group-E964BE911FCC: changes role from  FOLLOWER to FOLLOWER at term 471 for recognizeCandidate:92ce6e48-4722-407a-9620-5998c6999257
2019-10-18 14:02:22,456 [grpc-default-executor-1] INFO  impl.RoleInfo (RoleInfo.java:shutdownFollowerState(121)) - 6cbfae60-ea29-4abc-a49d-ef94f4bd513a: shutdown FollowerState
2019-10-18 14:02:22,456 [grpc-default-executor-0] INFO  impl.RaftServerImpl (RaftServerImpl.java:setRole(184)) - 66f9d00c-1e97-4252-958c-bed5a531abda@group-E964BE911FCC: changes role from  FOLLOWER to FOLLOWER at term 471 for recognizeCandidate:92ce6e48-4722-407a-9620-5998c6999257
2019-10-18 14:02:22,456 [Thread-3090] INFO  impl.FollowerState (FollowerState.java:run(117)) - 6cbfae60-ea29-4abc-a49d-ef94f4bd513a@group-E964BE911FCC-FollowerState was interrupted: java.lang.InterruptedException: sleep interrupted
2019-10-18 14:02:22,456 [grpc-default-executor-1] INFO  impl.RoleInfo (RoleInfo.java:updateAndGet(143)) - 6cbfae60-ea29-4abc-a49d-ef94f4bd513a: start FollowerState
2019-10-18 14:02:22,456 [grpc-default-executor-0] INFO  impl.RoleInfo (RoleInfo.java:shutdownFollowerState(121)) - 66f9d00c-1e97-4252-958c-bed5a531abda: shutdown FollowerState
2019-10-18 14:02:22,457 [grpc-default-executor-0] INFO  impl.RoleInfo (RoleInfo.java:updateAndGet(143)) - 66f9d00c-1e97-4252-958c-bed5a531abda: start FollowerState
2019-10-18 14:02:22,457 [Thread-3089] INFO  impl.FollowerState (FollowerState.java:run(117)) - 66f9d00c-1e97-4252-958c-bed5a531abda@group-E964BE911FCC-FollowerState was interrupted: java.lang.InterruptedException: sleep interrupted
2019-10-18 14:02:22,471 [92ce6e48-4722-407a-9620-5998c6999257@group-E964BE911FCC-LeaderElection427] INFO  impl.LeaderElection (LeaderElection.java:logAndReturn(56)) - 92ce6e48-4722-407a-9620-5998c6999257@group-E964BE911FCC-LeaderElection427: Election REJECTED; received 2 response(s) [92ce6e48-4722-407a-9620-5998c6999257<-6cbfae60-ea29-4abc-a49d-ef94f4bd513a#0:FAIL-t471, 92ce6e48-4722-407a-9620-5998c6999257<-66f9d00c-1e97-4252-958c-bed5a531abda#0:FAIL-t471] and 0 exception(s); 92ce6e48-4722-407a-9620-5998c6999257@group-E964BE911FCC:t471, leader=null, voted=92ce6e48-4722-407a-9620-5998c6999257, raftlog=92ce6e48-4722-407a-9620-5998c6999257@group-E964BE911FCC-SegmentedRaftLog:OPENED:c-1,f-1,i0, conf=-1: [6cbfae60-ea29-4abc-a49d-ef94f4bd513a:192.168.69.85:36685, 66f9d00c-1e97-4252-958c-bed5a531abda:192.168.69.85:45996, 92ce6e48-4722-407a-9620-5998c6999257:192.168.69.85:34971], old=null
2019-10-18 14:02:22,471 [92ce6e48-4722-407a-9620-5998c6999257@group-E964BE911FCC-LeaderElection427] INFO  impl.RaftServerImpl (RaftServerImpl.java:setRole(184)) - 92ce6e48-4722-407a-9620-5998c6999257@group-E964BE911FCC: changes role from CANDIDATE to FOLLOWER at term 471 for DISCOVERED_A_NEW_TERM
2019-10-18 14:02:22,471 [92ce6e48-4722-407a-9620-5998c6999257@group-E964BE911FCC-LeaderElection427] INFO  impl.RoleInfo (RoleInfo.java:shutdownLeaderElection(134)) - 92ce6e48-4722-407a-9620-5998c6999257: shutdown LeaderElection
2019-10-18 14:02:22,471 [92ce6e48-4722-407a-9620-5998c6999257@group-E964BE911FCC-LeaderElection427] INFO  impl.RoleInfo (RoleInfo.java:updateAndGet(143)) - 92ce6e48-4722-407a-9620-5998c6999257: start FollowerState
2019-10-18 14:02:22,601 [Thread-3097] INFO  impl.FollowerState (FollowerState.java:run(108)) - 92ce6e48-4722-407a-9620-5998c6999257@group-E964BE911FCC-FollowerState: change to CANDIDATE, lastRpcTime:130ms, electionTimeout:130ms
2019-10-18 14:02:22,602 [Thread-3097] INFO  impl.RoleInfo (RoleInfo.java:shutdownFollowerState(121)) - 92ce6e48-4722-407a-9620-5998c6999257: shutdown FollowerState
2019-10-18 14:02:22,602 [Thread-3097] INFO  impl.RaftServerImpl (RaftServerImpl.java:setRole(184)) - 92ce6e48-4722-407a-9620-5998c6999257@group-E964BE911FCC: changes role from  FOLLOWER to CANDIDATE at term 471 for changeToCandidate
2019-10-18 14:02:22,602 [Thread-3097] INFO  impl.RoleInfo (RoleInfo.java:updateAndGet(143)) - 92ce6e48-4722-407a-9620-5998c6999257: start LeaderElection
2019-10-18 14:02:22,615 [92ce6e48-4722-407a-9620-5998c6999257@group-E964BE911FCC-LeaderElection428] INFO  impl.LeaderElection (LeaderElection.java:askForVotes(178)) - 92ce6e48-4722-407a-9620-5998c6999257@group-E964BE911FCC-LeaderElection428: begin an election at term 472 for -1: [6cbfae60-ea29-4abc-a49d-ef94f4bd513a:192.168.69.85:36685, 66f9d00c-1e97-4252-958c-bed5a531abda:192.168.69.85:45996, 92ce6e48-4722-407a-9620-5998c6999257:192.168.69.85:34971], old=null
2019-10-18 14:02:22,618 [grpc-default-executor-0] INFO  impl.RaftServerImpl (RaftServerImpl.java:setRole(184)) - 6cbfae60-ea29-4abc-a49d-ef94f4bd513a@group-E964BE911FCC: changes role from  FOLLOWER to FOLLOWER at term 472 for recognizeCandidate:92ce6e48-4722-407a-9620-5998c6999257
2019-10-18 14:02:22,618 [grpc-default-executor-0] INFO  impl.RoleInfo (RoleInfo.java:shutdownFollowerState(121)) - 6cbfae60-ea29-4abc-a49d-ef94f4bd513a: shutdown FollowerState
2019-10-18 14:02:22,618 [grpc-default-executor-1] INFO  impl.RaftServerImpl (RaftServerImpl.java:setRole(184)) - 66f9d00c-1e97-4252-958c-bed5a531abda@group-E964BE911FCC: changes role from  FOLLOWER to FOLLOWER at term 472 for recognizeCandidate:92ce6e48-4722-407a-9620-5998c6999257
2019-10-18 14:02:22,618 [grpc-default-executor-1] INFO  impl.RoleInfo (RoleInfo.java:shutdownFollowerState(121)) - 66f9d00c-1e97-4252-958c-bed5a531abda: shutdown FollowerState
2019-10-18 14:02:22,618 [Thread-3095] INFO  impl.FollowerState (FollowerState.java:run(117)) - 6cbfae60-ea29-4abc-a49d-ef94f4bd513a@group-E964BE911FCC-FollowerState was interrupted: java.lang.InterruptedException: sleep interrupted
2019-10-18 14:02:22,618 [Thread-3096] INFO  impl.FollowerState (FollowerState.java:run(117)) - 66f9d00c-1e97-4252-958c-bed5a531abda@group-E964BE911FCC-FollowerState was interrupted: java.lang.InterruptedException: sleep interrupted
2019-10-18 14:02:22,618 [grpc-default-executor-0] INFO  impl.RoleInfo (RoleInfo.java:updateAndGet(143)) - 6cbfae60-ea29-4abc-a49d-ef94f4bd513a: start FollowerState
2019-10-18 14:02:22,618 [grpc-default-executor-1] INFO  impl.RoleInfo (RoleInfo.java:updateAndGet(143)) - 66f9d00c-1e97-4252-958c-bed5a531abda: start FollowerState
2019-10-18 14:02:22,633 [92ce6e48-4722-407a-9620-5998c6999257@group-E964BE911FCC-LeaderElection428] INFO  impl.LeaderElection (LeaderElection.java:logAndReturn(56)) - 92ce6e48-4722-407a-9620-5998c6999257@group-E964BE911FCC-LeaderElection428: Election REJECTED; received 2 response(s) [92ce6e48-4722-407a-9620-5998c6999257<-6cbfae60-ea29-4abc-a49d-ef94f4bd513a#0:FAIL-t472, 92ce6e48-4722-407a-9620-5998c6999257<-66f9d00c-1e97-4252-958c-bed5a531abda#0:FAIL-t472] and 0 exception(s); 92ce6e48-4722-407a-9620-5998c6999257@group-E964BE911FCC:t472, leader=null, voted=92ce6e48-4722-407a-9620-5998c6999257, raftlog=92ce6e48-4722-407a-9620-5998c6999257@group-E964BE911FCC-SegmentedRaftLog:OPENED:c-1,f-1,i0, conf=-1: [6cbfae60-ea29-4abc-a49d-ef94f4bd513a:192.168.69.85:36685, 66f9d00c-1e97-4252-958c-bed5a531abda:192.168.69.85:45996, 92ce6e48-4722-407a-9620-5998c6999257:192.168.69.85:34971], old=null
2019-10-18 14:02:22,633 [92ce6e48-4722-407a-9620-5998c6999257@group-E964BE911FCC-LeaderElection428] INFO  impl.RaftServerImpl (RaftServerImpl.java:setRole(184)) - 92ce6e48-4722-407a-9620-5998c6999257@group-E964BE911FCC: changes role from CANDIDATE to FOLLOWER at term 472 for DISCOVERED_A_NEW_TERM
2019-10-18 14:02:22,633 [92ce6e48-4722-407a-9620-5998c6999257@group-E964BE911FCC-LeaderElection428] INFO  impl.RoleInfo (RoleInfo.java:shutdownLeaderElection(134)) - 92ce6e48-4722-407a-9620-5998c6999257: shutdown LeaderElection
2019-10-18 14:02:22,634 [92ce6e48-4722-407a-9620-5998c6999257@group-E964BE911FCC-LeaderElection428] INFO  impl.RoleInfo (RoleInfo.java:updateAndGet(143)) - 92ce6e48-4722-407a-9620-5998c6999257: start FollowerState
2019-10-18 14:02:22,829 [Thread-3105] INFO  impl.FollowerState (FollowerState.java:run(108)) - 92ce6e48-4722-407a-9620-5998c6999257@group-E964BE911FCC-FollowerState: change to CANDIDATE, lastRpcTime:195ms, electionTimeout:195ms
2019-10-18 14:02:22,829 [Thread-3105] INFO  impl.RoleInfo (RoleInfo.java:shutdownFollowerState(121)) - 92ce6e48-4722-407a-9620-5998c6999257: shutdown FollowerState
2019-10-18 14:02:22,829 [Thread-3105] INFO  impl.RaftServerImpl (RaftServerImpl.java:setRole(184)) - 92ce6e48-4722-407a-9620-5998c6999257@group-E964BE911FCC: changes role from  FOLLOWER to CANDIDATE at term 472 for changeToCandidate
2019-10-18 14:02:22,829 [Thread-3105] INFO  impl.RoleInfo (RoleInfo.java:updateAndGet(143)) - 92ce6e48-4722-407a-9620-5998c6999257: start LeaderElection
2019-10-18 14:02:22,843 [92ce6e48-4722-407a-9620-5998c6999257@group-E964BE911FCC-LeaderElection429] INFO  impl.LeaderElection (LeaderElection.java:askForVotes(178)) - 92ce6e48-4722-407a-9620-5998c6999257@group-E964BE911FCC-LeaderElection429: begin an election at term 473 for -1: [6cbfae60-ea29-4abc-a49d-ef94f4bd513a:192.168.69.85:36685, 66f9d00c-1e97-4252-958c-bed5a531abda:192.168.69.85:45996, 92ce6e48-4722-407a-9620-5998c6999257:192.168.69.85:34971], old=null
2019-10-18 14:02:22,844 [grpc-default-executor-0] INFO  impl.RaftServerImpl (RaftServerImpl.java:setRole(184)) - 6cbfae60-ea29-4abc-a49d-ef94f4bd513a@group-E964BE911FCC: changes role from  FOLLOWER to FOLLOWER at term 473 for recognizeCandidate:92ce6e48-4722-407a-9620-5998c6999257
2019-10-18 14:02:22,844 [grpc-default-executor-0] INFO  impl.RoleInfo (RoleInfo.java:shutdownFollowerState(121)) - 6cbfae60-ea29-4abc-a49d-ef94f4bd513a: shutdown FollowerState
2019-10-18 14:02:22,845 [grpc-default-executor-1] INFO  impl.RaftServerImpl (RaftServerImpl.java:setRole(184)) - 66f9d00c-1e97-4252-958c-bed5a531abda@group-E964BE911FCC: changes role from  FOLLOWER to FOLLOWER at term 473 for recognizeCandidate:92ce6e48-4722-407a-9620-5998c6999257
2019-10-18 14:02:22,845 [grpc-default-executor-1] INFO  impl.RoleInfo (RoleInfo.java:shutdownFollowerState(121)) - 66f9d00c-1e97-4252-958c-bed5a531abda: shutdown FollowerState
2019-10-18 14:02:22,845 [grpc-default-executor-0] INFO  impl.RoleInfo (RoleInfo.java:updateAndGet(143)) - 6cbfae60-ea29-4abc-a49d-ef94f4bd513a: start FollowerState
2019-10-18 14:02:22,845 [Thread-3103] INFO  impl.FollowerState (FollowerState.java:run(117)) - 6cbfae60-ea29-4abc-a49d-ef94f4bd513a@group-E964BE911FCC-FollowerState was interrupted: java.lang.InterruptedException: sleep interrupted
2019-10-18 14:02:22,845 [Thread-3104] INFO  impl.FollowerState (FollowerState.java:run(117)) - 66f9d00c-1e97-4252-958c-bed5a531abda@group-E964BE911FCC-FollowerState was interrupted: java.lang.InterruptedException: sleep interrupted
2019-10-18 14:02:22,845 [grpc-default-executor-1] INFO  impl.RoleInfo (RoleInfo.java:updateAndGet(143)) - 66f9d00c-1e97-4252-958c-bed5a531abda: start FollowerState
2019-10-18 14:02:22,860 [92ce6e48-4722-407a-9620-5998c6999257@group-E964BE911FCC-LeaderElection429] INFO  impl.LeaderElection (LeaderElection.java:logAndReturn(56)) - 92ce6e48-4722-407a-9620-5998c6999257@group-E964BE911FCC-LeaderElection429: Election REJECTED; received 2 response(s) [92ce6e48-4722-407a-9620-5998c6999257<-6cbfae60-ea29-4abc-a49d-ef94f4bd513a#0:FAIL-t473, 92ce6e48-4722-407a-9620-5998c6999257<-66f9d00c-1e97-4252-958c-bed5a531abda#0:FAIL-t473] and 0 exception(s); 92ce6e48-4722-407a-9620-5998c6999257@group-E964BE911FCC:t473, leader=null, voted=92ce6e48-4722-407a-9620-5998c6999257, raftlog=92ce6e48-4722-407a-9620-5998c6999257@group-E964BE911FCC-SegmentedRaftLog:OPENED:c-1,f-1,i0, conf=-1: [6cbfae60-ea29-4abc-a49d-ef94f4bd513a:192.168.69.85:36685, 66f9d00c-1e97-4252-958c-bed5a531abda:192.168.69.85:45996, 92ce6e48-4722-407a-9620-5998c6999257:192.168.69.85:34971], old=null
2019-10-18 14:02:22,860 [92ce6e48-4722-407a-9620-5998c6999257@group-E964BE911FCC-LeaderElection429] INFO  impl.RaftServerImpl (RaftServerImpl.java:setRole(184)) - 92ce6e48-4722-407a-9620-5998c6999257@group-E964BE911FCC: changes role from CANDIDATE to FOLLOWER at term 473 for DISCOVERED_A_NEW_TERM
2019-10-18 14:02:22,860 [92ce6e48-4722-407a-9620-5998c6999257@group-E964BE911FCC-LeaderElection429] INFO  impl.RoleInfo (RoleInfo.java:shutdownLeaderElection(134)) - 92ce6e48-4722-407a-9620-5998c6999257: shutdown LeaderElection
2019-10-18 14:02:22,860 [92ce6e48-4722-407a-9620-5998c6999257@group-E964BE911FCC-LeaderElection429] INFO  impl.RoleInfo (RoleInfo.java:updateAndGet(143)) - 92ce6e48-4722-407a-9620-5998c6999257: start FollowerState
2019-10-18 14:02:23,009 [Thread-3111] INFO  impl.FollowerState (FollowerState.java:run(108)) - 92ce6e48-4722-407a-9620-5998c6999257@group-E964BE911FCC-FollowerState: change to CANDIDATE, lastRpcTime:149ms, electionTimeout:149ms
2019-10-18 14:02:23,009 [Thread-3111] INFO  impl.RoleInfo (RoleInfo.java:shutdownFollowerState(121)) - 92ce6e48-4722-407a-9620-5998c6999257: shutdown FollowerState
2019-10-18 14:02:23,010 [Thread-3111] INFO  impl.RaftServerImpl (RaftServerImpl.java:setRole(184)) - 92ce6e48-4722-407a-9620-5998c6999257@group-E964BE911FCC: changes role from  FOLLOWER to CANDIDATE at term 473 for changeToCandidate
2019-10-18 14:02:23,010 [Thread-3111] INFO  impl.RoleInfo (RoleInfo.java:updateAndGet(143)) - 92ce6e48-4722-407a-9620-5998c6999257: start LeaderElection
2019-10-18 14:02:23,036 [92ce6e48-4722-407a-9620-5998c6999257@group-E964BE911FCC-LeaderElection430] INFO  impl.LeaderElection (LeaderElection.java:askForVotes(178)) - 92ce6e48-4722-407a-9620-5998c6999257@group-E964BE911FCC-LeaderElection430: begin an election at term 474 for -1: [6cbfae60-ea29-4abc-a49d-ef94f4bd513a:192.168.69.85:36685, 66f9d00c-1e97-4252-958c-bed5a531abda:192.168.69.85:45996, 92ce6e48-4722-407a-9620-5998c6999257:192.168.69.85:34971], old=null
2019-10-18 14:02:23,038 [grpc-default-executor-0] INFO  impl.RaftServerImpl (RaftServerImpl.java:setRole(184)) - 6cbfae60-ea29-4abc-a49d-ef94f4bd513a@group-E964BE911FCC: changes role from  FOLLOWER to FOLLOWER at term 474 for recognizeCandidate:92ce6e48-4722-407a-9620-5998c6999257
2019-10-18 14:02:23,038 [grpc-default-executor-0] INFO  impl.RoleInfo (RoleInfo.java:shutdownFollowerState(121)) - 6cbfae60-ea29-4abc-a49d-ef94f4bd513a: shutdown FollowerState
2019-10-18 14:02:23,038 [grpc-default-executor-1] INFO  impl.RaftServerImpl (RaftServerImpl.java:setRole(184)) - 66f9d00c-1e97-4252-958c-bed5a531abda@group-E964BE911FCC: changes role from  FOLLOWER to FOLLOWER at term 474 for recognizeCandidate:92ce6e48-4722-407a-9620-5998c6999257
2019-10-18 14:02:23,038 [grpc-default-executor-1] INFO  impl.RoleInfo (RoleInfo.java:shutdownFollowerState(121)) - 66f9d00c-1e97-4252-958c-bed5a531abda: shutdown FollowerState
2019-10-18 14:02:23,038 [Thread-3109] INFO  impl.FollowerState (FollowerState.java:run(117)) - 6cbfae60-ea29-4abc-a49d-ef94f4bd513a@group-E964BE911FCC-FollowerState was interrupted: java.lang.InterruptedException: sleep interrupted
2019-10-18 14:02:23,039 [Thread-3110] INFO  impl.FollowerState (FollowerState.java:run(117)) - 66f9d00c-1e97-4252-958c-bed5a531abda@group-E964BE911FCC-FollowerState was interrupted: java.lang.InterruptedException: sleep interrupted
2019-10-18 14:02:23,038 [grpc-default-executor-0] INFO  impl.RoleInfo (RoleInfo.java:updateAndGet(143)) - 6cbfae60-ea29-4abc-a49d-ef94f4bd513a: start FollowerState
2019-10-18 14:02:23,038 [grpc-default-executor-1] INFO  impl.RoleInfo (RoleInfo.java:updateAndGet(143)) - 66f9d00c-1e97-4252-958c-bed5a531abda: start FollowerState
2019-10-18 14:02:23,053 [92ce6e48-4722-407a-9620-5998c6999257@group-E964BE911FCC-LeaderElection430] INFO  impl.LeaderElection (LeaderElection.java:logAndReturn(56)) - 92ce6e48-4722-407a-9620-5998c6999257@group-E964BE911FCC-LeaderElection430: Election REJECTED; received 2 response(s) [92ce6e48-4722-407a-9620-5998c6999257<-6cbfae60-ea29-4abc-a49d-ef94f4bd513a#0:FAIL-t474, 92ce6e48-4722-407a-9620-5998c6999257<-66f9d00c-1e97-4252-958c-bed5a531abda#0:FAIL-t474] and 0 exception(s); 92ce6e48-4722-407a-9620-5998c6999257@group-E964BE911FCC:t474, leader=null, voted=92ce6e48-4722-407a-9620-5998c6999257, raftlog=92ce6e48-4722-407a-9620-5998c6999257@group-E964BE911FCC-SegmentedRaftLog:OPENED:c-1,f-1,i0, conf=-1: [6cbfae60-ea29-4abc-a49d-ef94f4bd513a:192.168.69.85:36685, 66f9d00c-1e97-4252-958c-bed5a531abda:192.168.69.85:45996, 92ce6e48-4722-407a-9620-5998c6999257:192.168.69.85:34971], old=null
2019-10-18 14:02:23,053 [92ce6e48-4722-407a-9620-5998c6999257@group-E964BE911FCC-LeaderElection430] INFO  impl.RaftServerImpl (RaftServerImpl.java:setRole(184)) - 92ce6e48-4722-407a-9620-5998c6999257@group-E964BE911FCC: changes role from CANDIDATE to FOLLOWER at term 474 for DISCOVERED_A_NEW_TERM
2019-10-18 14:02:23,053 [92ce6e48-4722-407a-9620-5998c6999257@group-E964BE911FCC-LeaderElection430] INFO  impl.RoleInfo (RoleInfo.java:shutdownLeaderElection(134)) - 92ce6e48-4722-407a-9620-5998c6999257: shutdown LeaderElection
2019-10-18 14:02:23,053 [92ce6e48-4722-407a-9620-5998c6999257@group-E964BE911FCC-LeaderElection430] INFO  impl.RoleInfo (RoleInfo.java:updateAndGet(143)) - 92ce6e48-4722-407a-9620-5998c6999257: start FollowerState
2019-10-18 14:02:23,192 [Thread-3117] INFO  impl.FollowerState (FollowerState.java:run(108)) - 92ce6e48-4722-407a-9620-5998c6999257@group-E964BE911FCC-FollowerState: change to CANDIDATE, lastRpcTime:138ms, electionTimeout:138ms
2019-10-18 14:02:23,192 [Thread-3117] INFO  impl.RoleInfo (RoleInfo.java:shutdownFollowerState(121)) - 92ce6e48-4722-407a-9620-5998c6999257: shutdown FollowerState
2019-10-18 14:02:23,192 [Thread-3117] INFO  impl.RaftServerImpl (RaftServerImpl.java:setRole(184)) - 92ce6e48-4722-407a-9620-5998c6999257@group-E964BE911FCC: changes role from  FOLLOWER to CANDIDATE at term 474 for changeToCandidate
2019-10-18 14:02:23,192 [Thread-3117] INFO  impl.RoleInfo (RoleInfo.java:updateAndGet(143)) - 92ce6e48-4722-407a-9620-5998c6999257: start LeaderElection
2019-10-18 14:02:23,217 [92ce6e48-4722-407a-9620-5998c6999257@group-E964BE911FCC-LeaderElection431] INFO  impl.LeaderElection (LeaderElection.java:askForVotes(178)) - 92ce6e48-4722-407a-9620-5998c6999257@group-E964BE911FCC-LeaderElection431: begin an election at term 475 for -1: [6cbfae60-ea29-4abc-a49d-ef94f4bd513a:192.168.69.85:36685, 66f9d00c-1e97-4252-958c-bed5a531abda:192.168.69.85:45996, 92ce6e48-4722-407a-9620-5998c6999257:192.168.69.85:34971], old=null
2019-10-18 14:02:23,219 [grpc-default-executor-1] INFO  impl.RaftServerImpl (RaftServerImpl.java:setRole(184)) - 66f9d00c-1e97-4252-958c-bed5a531abda@group-E964BE911FCC: changes role from  FOLLOWER to FOLLOWER at term 475 for recognizeCandidate:92ce6e48-4722-407a-9620-5998c6999257
2019-10-18 14:02:23,219 [grpc-default-executor-1] INFO  impl.RoleInfo (RoleInfo.java:shutdownFollowerState(121)) - 66f9d00c-1e97-4252-958c-bed5a531abda: shutdown FollowerState
2019-10-18 14:02:23,219 [grpc-default-executor-0] INFO  impl.RaftServerImpl (RaftServerImpl.java:setRole(184)) - 6cbfae60-ea29-4abc-a49d-ef94f4bd513a@group-E964BE911FCC: changes role from  FOLLOWER to FOLLOWER at term 475 for recognizeCandidate:92ce6e48-4722-407a-9620-5998c6999257
2019-10-18 14:02:23,219 [Thread-3116] INFO  impl.FollowerState (FollowerState.java:run(117)) - 66f9d00c-1e97-4252-958c-bed5a531abda@group-E964BE911FCC-FollowerState was interrupted: java.lang.InterruptedException: sleep interrupted
2019-10-18 14:02:23,219 [grpc-default-executor-1] INFO  impl.RoleInfo (RoleInfo.java:updateAndGet(143)) - 66f9d00c-1e97-4252-958c-bed5a531abda: start FollowerState
2019-10-18 14:02:23,219 [grpc-default-executor-0] INFO  impl.RoleInfo (RoleInfo.java:shutdownFollowerState(121)) - 6cbfae60-ea29-4abc-a49d-ef94f4bd513a: shutdown FollowerState
2019-10-18 14:02:23,220 [Thread-3115] INFO  impl.FollowerState (FollowerState.java:run(117)) - 6cbfae60-ea29-4abc-a49d-ef94f4bd513a@group-E964BE911FCC-FollowerState was interrupted: java.lang.InterruptedException: sleep interrupted
2019-10-18 14:02:23,220 [grpc-default-executor-0] INFO  impl.RoleInfo (RoleInfo.java:updateAndGet(143)) - 6cbfae60-ea29-4abc-a49d-ef94f4bd513a: start FollowerState
2019-10-18 14:02:23,237 [92ce6e48-4722-407a-9620-5998c6999257@group-E964BE911FCC-LeaderElection431] INFO  impl.LeaderElection (LeaderElection.java:logAndReturn(56)) - 92ce6e48-4722-407a-9620-5998c6999257@group-E964BE911FCC-LeaderElection431: Election REJECTED; received 2 response(s) [92ce6e48-4722-407a-9620-5998c6999257<-6cbfae60-ea29-4abc-a49d-ef94f4bd513a#0:FAIL-t475, 92ce6e48-4722-407a-9620-5998c6999257<-66f9d00c-1e97-4252-958c-bed5a531abda#0:FAIL-t475] and 0 exception(s); 92ce6e48-4722-407a-9620-5998c6999257@group-E964BE911FCC:t475, leader=null, voted=92ce6e48-4722-407a-9620-5998c6999257, raftlog=92ce6e48-4722-407a-9620-5998c6999257@group-E964BE911FCC-SegmentedRaftLog:OPENED:c-1,f-1,i0, conf=-1: [6cbfae60-ea29-4abc-a49d-ef94f4bd513a:192.168.69.85:36685, 66f9d00c-1e97-4252-958c-bed5a531abda:192.168.69.85:45996, 92ce6e48-4722-407a-9620-5998c6999257:192.168.69.85:34971], old=null
2019-10-18 14:02:23,237 [92ce6e48-4722-407a-9620-5998c6999257@group-E964BE911FCC-LeaderElection431] INFO  impl.RaftServerImpl (RaftServerImpl.java:setRole(184)) - 92ce6e48-4722-407a-9620-5998c6999257@group-E964BE911FCC: changes role from CANDIDATE to FOLLOWER at term 475 for DISCOVERED_A_NEW_TERM
2019-10-18 14:02:23,237 [92ce6e48-4722-407a-9620-5998c6999257@group-E964BE911FCC-LeaderElection431] INFO  impl.RoleInfo (RoleInfo.java:shutdownLeaderElection(134)) - 92ce6e48-4722-407a-9620-5998c6999257: shutdown LeaderElection
2019-10-18 14:02:23,237 [92ce6e48-4722-407a-9620-5998c6999257@group-E964BE911FCC-LeaderElection431] INFO  impl.RoleInfo (RoleInfo.java:updateAndGet(143)) - 92ce6e48-4722-407a-9620-5998c6999257: start FollowerState
2019-10-18 14:02:23,282 [Thread-3123] INFO  impl.FollowerState (FollowerState.java:run(108)) - 92ce6e48-4722-407a-9620-5998c6999257@group-E964BE911FCC-FollowerState: change to CANDIDATE, lastRpcTime:44ms, electionTimeout:44ms
2019-10-18 14:02:23,282 [Thread-3123] INFO  impl.RoleInfo (RoleInfo.java:shutdownFollowerState(121)) - 92ce6e48-4722-407a-9620-5998c6999257: shutdown FollowerState
2019-10-18 14:02:23,282 [Thread-3123] INFO  impl.RaftServerImpl (RaftServerImpl.java:setRole(184)) - 92ce6e48-4722-407a-9620-5998c6999257@group-E964BE911FCC: changes role from  FOLLOWER to CANDIDATE at term 475 for changeToCandidate
2019-10-18 14:02:23,282 [Thread-3123] INFO  impl.RoleInfo (RoleInfo.java:updateAndGet(143)) - 92ce6e48-4722-407a-9620-5998c6999257: start LeaderElection
2019-10-18 14:02:23,304 [92ce6e48-4722-407a-9620-5998c6999257@group-E964BE911FCC-LeaderElection432] INFO  impl.LeaderElection (LeaderElection.java:askForVotes(178)) - 92ce6e48-4722-407a-9620-5998c6999257@group-E964BE911FCC-LeaderElection432: begin an election at term 476 for -1: [6cbfae60-ea29-4abc-a49d-ef94f4bd513a:192.168.69.85:36685, 66f9d00c-1e97-4252-958c-bed5a531abda:192.168.69.85:45996, 92ce6e48-4722-407a-9620-5998c6999257:192.168.69.85:34971], old=null
2019-10-18 14:02:23,306 [grpc-default-executor-0] INFO  impl.RaftServerImpl (RaftServerImpl.java:setRole(184)) - 6cbfae60-ea29-4abc-a49d-ef94f4bd513a@group-E964BE911FCC: changes role from  FOLLOWER to FOLLOWER at term 476 for recognizeCandidate:92ce6e48-4722-407a-9620-5998c6999257
2019-10-18 14:02:23,306 [grpc-default-executor-0] INFO  impl.RoleInfo (RoleInfo.java:shutdownFollowerState(121)) - 6cbfae60-ea29-4abc-a49d-ef94f4bd513a: shutdown FollowerState
2019-10-18 14:02:23,307 [grpc-default-executor-0] INFO  impl.RoleInfo (RoleInfo.java:updateAndGet(143)) - 6cbfae60-ea29-4abc-a49d-ef94f4bd513a: start FollowerState
2019-10-18 14:02:23,307 [Thread-3122] INFO  impl.FollowerState (FollowerState.java:run(117)) - 6cbfae60-ea29-4abc-a49d-ef94f4bd513a@group-E964BE911FCC-FollowerState was interrupted: java.lang.InterruptedException: sleep interrupted
2019-10-18 14:02:23,307 [grpc-default-executor-1] INFO  impl.RaftServerImpl (RaftServerImpl.java:setRole(184)) - 66f9d00c-1e97-4252-958c-bed5a531abda@group-E964BE911FCC: changes role from  FOLLOWER to FOLLOWER at term 476 for recognizeCandidate:92ce6e48-4722-407a-9620-5998c6999257
2019-10-18 14:02:23,307 [grpc-default-executor-1] INFO  impl.RoleInfo (RoleInfo.java:shutdownFollowerState(121)) - 66f9d00c-1e97-4252-958c-bed5a531abda: shutdown FollowerState
2019-10-18 14:02:23,307 [grpc-default-executor-1] INFO  impl.RoleInfo (RoleInfo.java:updateAndGet(143)) - 66f9d00c-1e97-4252-958c-bed5a531abda: start FollowerState
2019-10-18 14:02:23,307 [Thread-3121] INFO  impl.FollowerState (FollowerState.java:run(117)) - 66f9d00c-1e97-4252-958c-bed5a531abda@group-E964BE911FCC-FollowerState was interrupted: java.lang.InterruptedException: sleep interrupted
2019-10-18 14:02:23,322 [92ce6e48-4722-407a-9620-5998c6999257@group-E964BE911FCC-LeaderElection432] INFO  impl.LeaderElection (LeaderElection.java:logAndReturn(56)) - 92ce6e48-4722-407a-9620-5998c6999257@group-E964BE911FCC-LeaderElection432: Election REJECTED; received 2 response(s) [92ce6e48-4722-407a-9620-5998c6999257<-6cbfae60-ea29-4abc-a49d-ef94f4bd513a#0:FAIL-t476, 92ce6e48-4722-407a-9620-5998c6999257<-66f9d00c-1e97-4252-958c-bed5a531abda#0:FAIL-t476] and 0 exception(s); 92ce6e48-4722-407a-9620-5998c6999257@group-E964BE911FCC:t476, leader=null, voted=92ce6e48-4722-407a-9620-5998c6999257, raftlog=92ce6e48-4722-407a-9620-5998c6999257@group-E964BE911FCC-SegmentedRaftLog:OPENED:c-1,f-1,i0, conf=-1: [6cbfae60-ea29-4abc-a49d-ef94f4bd513a:192.168.69.85:36685, 66f9d00c-1e97-4252-958c-bed5a531abda:192.168.69.85:45996, 92ce6e48-4722-407a-9620-5998c6999257:192.168.69.85:34971], old=null
2019-10-18 14:02:23,322 [92ce6e48-4722-407a-9620-5998c6999257@group-E964BE911FCC-LeaderElection432] INFO  impl.RaftServerImpl (RaftServerImpl.java:setRole(184)) - 92ce6e48-4722-407a-9620-5998c6999257@group-E964BE911FCC: changes role from CANDIDATE to FOLLOWER at term 476 for DISCOVERED_A_NEW_TERM
2019-10-18 14:02:23,322 [92ce6e48-4722-407a-9620-5998c6999257@group-E964BE911FCC-LeaderElection432] INFO  impl.RoleInfo (RoleInfo.java:shutdownLeaderElection(134)) - 92ce6e48-4722-407a-9620-5998c6999257: shutdown LeaderElection
2019-10-18 14:02:23,322 [92ce6e48-4722-407a-9620-5998c6999257@group-E964BE911FCC-LeaderElection432] INFO  impl.RoleInfo (RoleInfo.java:updateAndGet(143)) - 92ce6e48-4722-407a-9620-5998c6999257: start FollowerState
2019-10-18 14:02:23,341 [Thread-3129] INFO  impl.FollowerState (FollowerState.java:run(108)) - 92ce6e48-4722-407a-9620-5998c6999257@group-E964BE911FCC-FollowerState: change to CANDIDATE, lastRpcTime:18ms, electionTimeout:18ms
2019-10-18 14:02:23,341 [Thread-3129] INFO  impl.RoleInfo (RoleInfo.java:shutdownFollowerState(121)) - 92ce6e48-4722-407a-9620-5998c6999257: shutdown FollowerState
2019-10-18 14:02:23,341 [Thread-3129] INFO  impl.RaftServerImpl (RaftServerImpl.java:setRole(184)) - 92ce6e48-4722-407a-9620-5998c6999257@group-E964BE911FCC: changes role from  FOLLOWER to CANDIDATE at term 476 for changeToCandidate
2019-10-18 14:02:23,341 [Thread-3129] INFO  impl.RoleInfo (RoleInfo.java:updateAndGet(143)) - 92ce6e48-4722-407a-9620-5998c6999257: start LeaderElection
2019-10-18 14:02:23,355 [92ce6e48-4722-407a-9620-5998c6999257@group-E964BE911FCC-LeaderElection433] INFO  impl.LeaderElection (LeaderElection.java:askForVotes(178)) - 92ce6e48-4722-407a-9620-5998c6999257@group-E964BE911FCC-LeaderElection433: begin an election at term 477 for -1: [6cbfae60-ea29-4abc-a49d-ef94f4bd513a:192.168.69.85:36685, 66f9d00c-1e97-4252-958c-bed5a531abda:192.168.69.85:45996, 92ce6e48-4722-407a-9620-5998c6999257:192.168.69.85:34971], old=null
2019-10-18 14:02:23,356 [grpc-default-executor-1] INFO  impl.RaftServerImpl (RaftServerImpl.java:setRole(184)) - 6cbfae60-ea29-4abc-a49d-ef94f4bd513a@group-E964BE911FCC: changes role from  FOLLOWER to FOLLOWER at term 477 for recognizeCandidate:92ce6e48-4722-407a-9620-5998c6999257
2019-10-18 14:02:23,356 [grpc-default-executor-1] INFO  impl.RoleInfo (RoleInfo.java:shutdownFollowerState(121)) - 6cbfae60-ea29-4abc-a49d-ef94f4bd513a: shutdown FollowerState
2019-10-18 14:02:23,356 [grpc-default-executor-0] INFO  impl.RaftServerImpl (RaftServerImpl.java:setRole(184)) - 66f9d00c-1e97-4252-958c-bed5a531abda@group-E964BE911FCC: changes role from  FOLLOWER to FOLLOWER at term 477 for recognizeCandidate:92ce6e48-4722-407a-9620-5998c6999257
2019-10-18 14:02:23,356 [grpc-default-executor-1] INFO  impl.RoleInfo (RoleInfo.java:updateAndGet(143)) - 6cbfae60-ea29-4abc-a49d-ef94f4bd513a: start FollowerState
2019-10-18 14:02:23,356 [Thread-3127] INFO  impl.FollowerState (FollowerState.java:run(117)) - 6cbfae60-ea29-4abc-a49d-ef94f4bd513a@group-E964BE911FCC-FollowerState was interrupted: java.lang.InterruptedException: sleep interrupted
2019-10-18 14:02:23,356 [grpc-default-executor-0] INFO  impl.RoleInfo (RoleInfo.java:shutdownFollowerState(121)) - 66f9d00c-1e97-4252-958c-bed5a531abda: shutdown FollowerState
2019-10-18 14:02:23,357 [grpc-default-executor-0] INFO  impl.RoleInfo (RoleInfo.java:updateAndGet(143)) - 66f9d00c-1e97-4252-958c-bed5a531abda: start FollowerState
2019-10-18 14:02:23,357 [Thread-3128] INFO  impl.FollowerState (FollowerState.java:run(117)) - 66f9d00c-1e97-4252-958c-bed5a531abda@group-E964BE911FCC-FollowerState was interrupted: java.lang.InterruptedException: sleep interrupted
2019-10-18 14:02:23,383 [92ce6e48-4722-407a-9620-5998c6999257@group-E964BE911FCC-LeaderElection433] INFO  impl.LeaderElection (LeaderElection.java:logAndReturn(56)) - 92ce6e48-4722-407a-9620-5998c6999257@group-E964BE911FCC-LeaderElection433: Election REJECTED; received 2 response(s) [92ce6e48-4722-407a-9620-5998c6999257<-6cbfae60-ea29-4abc-a49d-ef94f4bd513a#0:FAIL-t477, 92ce6e48-4722-407a-9620-5998c6999257<-66f9d00c-1e97-4252-958c-bed5a531abda#0:FAIL-t477] and 0 exception(s); 92ce6e48-4722-407a-9620-5998c6999257@group-E964BE911FCC:t477, leader=null, voted=92ce6e48-4722-407a-9620-5998c6999257, raftlog=92ce6e48-4722-407a-9620-5998c6999257@group-E964BE911FCC-SegmentedRaftLog:OPENED:c-1,f-1,i0, conf=-1: [6cbfae60-ea29-4abc-a49d-ef94f4bd513a:192.168.69.85:36685, 66f9d00c-1e97-4252-958c-bed5a531abda:192.168.69.85:45996, 92ce6e48-4722-407a-9620-5998c6999257:192.168.69.85:34971], old=null
2019-10-18 14:02:23,383 [92ce6e48-4722-407a-9620-5998c6999257@group-E964BE911FCC-LeaderElection433] INFO  impl.RaftServerImpl (RaftServerImpl.java:setRole(184)) - 92ce6e48-4722-407a-9620-5998c6999257@group-E964BE911FCC: changes role from CANDIDATE to FOLLOWER at term 477 for DISCOVERED_A_NEW_TERM
2019-10-18 14:02:23,383 [92ce6e48-4722-407a-9620-5998c6999257@group-E964BE911FCC-LeaderElection433] INFO  impl.RoleInfo (RoleInfo.java:shutdownLeaderElection(134)) - 92ce6e48-4722-407a-9620-5998c6999257: shutdown LeaderElection
2019-10-18 14:02:23,383 [92ce6e48-4722-407a-9620-5998c6999257@group-E964BE911FCC-LeaderElection433] INFO  impl.RoleInfo (RoleInfo.java:updateAndGet(143)) - 92ce6e48-4722-407a-9620-5998c6999257: start FollowerState
2019-10-18 14:02:23,448 [Thread-3135] INFO  impl.FollowerState (FollowerState.java:run(108)) - 92ce6e48-4722-407a-9620-5998c6999257@group-E964BE911FCC-FollowerState: change to CANDIDATE, lastRpcTime:64ms, electionTimeout:63ms
2019-10-18 14:02:23,448 [Thread-3135] INFO  impl.RoleInfo (RoleInfo.java:shutdownFollowerState(121)) - 92ce6e48-4722-407a-9620-5998c6999257: shutdown FollowerState
2019-10-18 14:02:23,448 [Thread-3135] INFO  impl.RaftServerImpl (RaftServerImpl.java:setRole(184)) - 92ce6e48-4722-407a-9620-5998c6999257@group-E964BE911FCC: changes role from  FOLLOWER to CANDIDATE at term 477 for changeToCandidate
2019-10-18 14:02:23,448 [Thread-3135] INFO  impl.RoleInfo (RoleInfo.java:updateAndGet(143)) - 92ce6e48-4722-407a-9620-5998c6999257: start LeaderElection
2019-10-18 14:02:23,472 [92ce6e48-4722-407a-9620-5998c6999257@group-E964BE911FCC-LeaderElection434] INFO  impl.LeaderElection (LeaderElection.java:askForVotes(178)) - 92ce6e48-4722-407a-9620-5998c6999257@group-E964BE911FCC-LeaderElection434: begin an election at term 478 for -1: [6cbfae60-ea29-4abc-a49d-ef94f4bd513a:192.168.69.85:36685, 66f9d00c-1e97-4252-958c-bed5a531abda:192.168.69.85:45996, 92ce6e48-4722-407a-9620-5998c6999257:192.168.69.85:34971], old=null
2019-10-18 14:02:23,474 [grpc-default-executor-0] INFO  impl.RaftServerImpl (RaftServerImpl.java:setRole(184)) - 66f9d00c-1e97-4252-958c-bed5a531abda@group-E964BE911FCC: changes role from  FOLLOWER to FOLLOWER at term 478 for recognizeCandidate:92ce6e48-4722-407a-9620-5998c6999257
2019-10-18 14:02:23,474 [grpc-default-executor-0] INFO  impl.RoleInfo (RoleInfo.java:shutdownFollowerState(121)) - 66f9d00c-1e97-4252-958c-bed5a531abda: shutdown FollowerState
2019-10-18 14:02:23,474 [grpc-default-executor-1] INFO  impl.RaftServerImpl (RaftServerImpl.java:setRole(184)) - 6cbfae60-ea29-4abc-a49d-ef94f4bd513a@group-E964BE911FCC: changes role from  FOLLOWER to FOLLOWER at term 478 for recognizeCandidate:92ce6e48-4722-407a-9620-5998c6999257
2019-10-18 14:02:23,474 [grpc-default-executor-1] INFO  impl.RoleInfo (RoleInfo.java:shutdownFollowerState(121)) - 6cbfae60-ea29-4abc-a49d-ef94f4bd513a: shutdown FollowerState
2019-10-18 14:02:23,474 [Thread-3134] INFO  impl.FollowerState (FollowerState.java:run(117)) - 66f9d00c-1e97-4252-958c-bed5a531abda@group-E964BE911FCC-FollowerState was interrupted: java.lang.InterruptedException: sleep interrupted
2019-10-18 14:02:23,474 [grpc-default-executor-0] INFO  impl.RoleInfo (RoleInfo.java:updateAndGet(143)) - 66f9d00c-1e97-4252-958c-bed5a531abda: start FollowerState
2019-10-18 14:02:23,474 [Thread-3133] INFO  impl.FollowerState (FollowerState.java:run(117)) - 6cbfae60-ea29-4abc-a49d-ef94f4bd513a@group-E964BE911FCC-FollowerState was interrupted: java.lang.InterruptedException: sleep interrupted
2019-10-18 14:02:23,474 [grpc-default-executor-1] INFO  impl.RoleInfo (RoleInfo.java:updateAndGet(143)) - 6cbfae60-ea29-4abc-a49d-ef94f4bd513a: start FollowerState
2019-10-18 14:02:23,500 [92ce6e48-4722-407a-9620-5998c6999257@group-E964BE911FCC-LeaderElection434] INFO  impl.LeaderElection (LeaderElection.java:logAndReturn(56)) - 92ce6e48-4722-407a-9620-5998c6999257@group-E964BE911FCC-LeaderElection434: Election REJECTED; received 2 response(s) [92ce6e48-4722-407a-9620-5998c6999257<-6cbfae60-ea29-4abc-a49d-ef94f4bd513a#0:FAIL-t478, 92ce6e48-4722-407a-9620-5998c6999257<-66f9d00c-1e97-4252-958c-bed5a531abda#0:FAIL-t478] and 0 exception(s); 92ce6e48-4722-407a-9620-5998c6999257@group-E964BE911FCC:t478, leader=null, voted=92ce6e48-4722-407a-9620-5998c6999257, raftlog=92ce6e48-4722-407a-9620-5998c6999257@group-E964BE911FCC-SegmentedRaftLog:OPENED:c-1,f-1,i0, conf=-1: [6cbfae60-ea29-4abc-a49d-ef94f4bd513a:192.168.69.85:36685, 66f9d00c-1e97-4252-958c-bed5a531abda:192.168.69.85:45996, 92ce6e48-4722-407a-9620-5998c6999257:192.168.69.85:34971], old=null
2019-10-18 14:02:23,501 [92ce6e48-4722-407a-9620-5998c6999257@group-E964BE911FCC-LeaderElection434] INFO  impl.RaftServerImpl (RaftServerImpl.java:setRole(184)) - 92ce6e48-4722-407a-9620-5998c6999257@group-E964BE911FCC: changes role from CANDIDATE to FOLLOWER at term 478 for DISCOVERED_A_NEW_TERM
2019-10-18 14:02:23,501 [92ce6e48-4722-407a-9620-5998c6999257@group-E964BE911FCC-LeaderElection434] INFO  impl.RoleInfo (RoleInfo.java:shutdownLeaderElection(134)) - 92ce6e48-4722-407a-9620-5998c6999257: shutdown LeaderElection
2019-10-18 14:02:23,501 [92ce6e48-4722-407a-9620-5998c6999257@group-E964BE911FCC-LeaderElection434] INFO  impl.RoleInfo (RoleInfo.java:updateAndGet(143)) - 92ce6e48-4722-407a-9620-5998c6999257: start FollowerState
2019-10-18 14:02:23,533 [Thread-3141] INFO  impl.FollowerState (FollowerState.java:run(108)) - 92ce6e48-4722-407a-9620-5998c6999257@group-E964BE911FCC-FollowerState: change to CANDIDATE, lastRpcTime:32ms, electionTimeout:32ms
2019-10-18 14:02:23,533 [Thread-3141] INFO  impl.RoleInfo (RoleInfo.java:shutdownFollowerState(121)) - 92ce6e48-4722-407a-9620-5998c6999257: shutdown FollowerState
2019-10-18 14:02:23,533 [Thread-3141] INFO  impl.RaftServerImpl (RaftServerImpl.java:setRole(184)) - 92ce6e48-4722-407a-9620-5998c6999257@group-E964BE911FCC: changes role from  FOLLOWER to CANDIDATE at term 478 for changeToCandidate
2019-10-18 14:02:23,533 [Thread-3141] INFO  impl.RoleInfo (RoleInfo.java:updateAndGet(143)) - 92ce6e48-4722-407a-9620-5998c6999257: start LeaderElection
2019-10-18 14:02:23,546 [92ce6e48-4722-407a-9620-5998c6999257@group-E964BE911FCC-LeaderElection435] INFO  impl.LeaderElection (LeaderElection.java:askForVotes(178)) - 92ce6e48-4722-407a-9620-5998c6999257@group-E964BE911FCC-LeaderElection435: begin an election at term 479 for -1: [6cbfae60-ea29-4abc-a49d-ef94f4bd513a:192.168.69.85:36685, 66f9d00c-1e97-4252-958c-bed5a531abda:192.168.69.85:45996, 92ce6e48-4722-407a-9620-5998c6999257:192.168.69.85:34971], old=null
2019-10-18 14:02:23,548 [grpc-default-executor-0] INFO  impl.RaftServerImpl (RaftServerImpl.java:setRole(184)) - 6cbfae60-ea29-4abc-a49d-ef94f4bd513a@group-E964BE911FCC: changes role from  FOLLOWER to FOLLOWER at term 479 for recognizeCandidate:92ce6e48-4722-407a-9620-5998c6999257
2019-10-18 14:02:23,548 [grpc-default-executor-0] INFO  impl.RoleInfo (RoleInfo.java:shutdownFollowerState(121)) - 6cbfae60-ea29-4abc-a49d-ef94f4bd513a: shutdown FollowerState
2019-10-18 14:02:23,548 [grpc-default-executor-0] INFO  impl.RoleInfo (RoleInfo.java:updateAndGet(143)) - 6cbfae60-ea29-4abc-a49d-ef94f4bd513a: start FollowerState
2019-10-18 14:02:23,548 [Thread-3140] INFO  impl.FollowerState (FollowerState.java:run(117)) - 6cbfae60-ea29-4abc-a49d-ef94f4bd513a@group-E964BE911FCC-FollowerState was interrupted: java.lang.InterruptedException: sleep interrupted
2019-10-18 14:02:23,548 [grpc-default-executor-1] INFO  impl.RaftServerImpl (RaftServerImpl.java:setRole(184)) - 66f9d00c-1e97-4252-958c-bed5a531abda@group-E964BE911FCC: changes role from  FOLLOWER to FOLLOWER at term 479 for recognizeCandidate:92ce6e48-4722-407a-9620-5998c6999257
2019-10-18 14:02:23,548 [grpc-default-executor-1] INFO  impl.RoleInfo (RoleInfo.java:shutdownFollowerState(121)) - 66f9d00c-1e97-4252-958c-bed5a531abda: shutdown FollowerState
2019-10-18 14:02:23,548 [grpc-default-executor-1] INFO  impl.RoleInfo (RoleInfo.java:updateAndGet(143)) - 66f9d00c-1e97-4252-958c-bed5a531abda: start FollowerState
2019-10-18 14:02:23,548 [Thread-3139] INFO  impl.FollowerState (FollowerState.java:run(117)) - 66f9d00c-1e97-4252-958c-bed5a531abda@group-E964BE911FCC-FollowerState was interrupted: java.lang.InterruptedException: sleep interrupted
2019-10-18 14:02:23,562 [92ce6e48-4722-407a-9620-5998c6999257@group-E964BE911FCC-LeaderElection435] INFO  impl.LeaderElection (LeaderElection.java:logAndReturn(56)) - 92ce6e48-4722-407a-9620-5998c6999257@group-E964BE911FCC-LeaderElection435: Election REJECTED; received 2 response(s) [92ce6e48-4722-407a-9620-5998c6999257<-6cbfae60-ea29-4abc-a49d-ef94f4bd513a#0:FAIL-t479, 92ce6e48-4722-407a-9620-5998c6999257<-66f9d00c-1e97-4252-958c-bed5a531abda#0:FAIL-t479] and 0 exception(s); 92ce6e48-4722-407a-9620-5998c6999257@group-E964BE911FCC:t479, leader=null, voted=92ce6e48-4722-407a-9620-5998c6999257, raftlog=92ce6e48-4722-407a-9620-5998c6999257@group-E964BE911FCC-SegmentedRaftLog:OPENED:c-1,f-1,i0, conf=-1: [6cbfae60-ea29-4abc-a49d-ef94f4bd513a:192.168.69.85:36685, 66f9d00c-1e97-4252-958c-bed5a531abda:192.168.69.85:45996, 92ce6e48-4722-407a-9620-5998c6999257:192.168.69.85:34971], old=null
2019-10-18 14:02:23,562 [92ce6e48-4722-407a-9620-5998c6999257@group-E964BE911FCC-LeaderElection435] INFO  impl.RaftServerImpl (RaftServerImpl.java:setRole(184)) - 92ce6e48-4722-407a-9620-5998c6999257@group-E964BE911FCC: changes role from CANDIDATE to FOLLOWER at term 479 for DISCOVERED_A_NEW_TERM
2019-10-18 14:02:23,562 [92ce6e48-4722-407a-9620-5998c6999257@group-E964BE911FCC-LeaderElection435] INFO  impl.RoleInfo (RoleInfo.java:shutdownLeaderElection(134)) - 92ce6e48-4722-407a-9620-5998c6999257: shutdown LeaderElection
2019-10-18 14:02:23,562 [92ce6e48-4722-407a-9620-5998c6999257@group-E964BE911FCC-LeaderElection435] INFO  impl.RoleInfo (RoleInfo.java:updateAndGet(143)) - 92ce6e48-4722-407a-9620-5998c6999257: start FollowerState
2019-10-18 14:02:23,672 [Thread-3147] INFO  impl.FollowerState (FollowerState.java:run(108)) - 92ce6e48-4722-407a-9620-5998c6999257@group-E964BE911FCC-FollowerState: change to CANDIDATE, lastRpcTime:109ms, electionTimeout:109ms
2019-10-18 14:02:23,672 [Thread-3147] INFO  impl.RoleInfo (RoleInfo.java:shutdownFollowerState(121)) - 92ce6e48-4722-407a-9620-5998c6999257: shutdown FollowerState
2019-10-18 14:02:23,672 [Thread-3147] INFO  impl.RaftServerImpl (RaftServerImpl.java:setRole(184)) - 92ce6e48-4722-407a-9620-5998c6999257@group-E964BE911FCC: changes role from  FOLLOWER to CANDIDATE at term 479 for changeToCandidate
2019-10-18 14:02:23,672 [Thread-3147] INFO  impl.RoleInfo (RoleInfo.java:updateAndGet(143)) - 92ce6e48-4722-407a-9620-5998c6999257: start LeaderElection
2019-10-18 14:02:23,688 [92ce6e48-4722-407a-9620-5998c6999257@group-E964BE911FCC-LeaderElection436] INFO  impl.LeaderElection (LeaderElection.java:askForVotes(178)) - 92ce6e48-4722-407a-9620-5998c6999257@group-E964BE911FCC-LeaderElection436: begin an election at term 480 for -1: [6cbfae60-ea29-4abc-a49d-ef94f4bd513a:192.168.69.85:36685, 66f9d00c-1e97-4252-958c-bed5a531abda:192.168.69.85:45996, 92ce6e48-4722-407a-9620-5998c6999257:192.168.69.85:34971], old=null
2019-10-18 14:02:23,690 [grpc-default-executor-1] INFO  impl.RaftServerImpl (RaftServerImpl.java:setRole(184)) - 66f9d00c-1e97-4252-958c-bed5a531abda@group-E964BE911FCC: changes role from  FOLLOWER to FOLLOWER at term 480 for recognizeCandidate:92ce6e48-4722-407a-9620-5998c6999257
2019-10-18 14:02:23,690 [grpc-default-executor-1] INFO  impl.RoleInfo (RoleInfo.java:shutdownFollowerState(121)) - 66f9d00c-1e97-4252-958c-bed5a531abda: shutdown FollowerState
2019-10-18 14:02:23,690 [grpc-default-executor-0] INFO  impl.RaftServerImpl (RaftServerImpl.java:setRole(184)) - 6cbfae60-ea29-4abc-a49d-ef94f4bd513a@group-E964BE911FCC: changes role from  FOLLOWER to FOLLOWER at term 480 for recognizeCandidate:92ce6e48-4722-407a-9620-5998c6999257
2019-10-18 14:02:23,690 [Thread-3146] INFO  impl.FollowerState (FollowerState.java:run(117)) - 66f9d00c-1e97-4252-958c-bed5a531abda@group-E964BE911FCC-FollowerState was interrupted: java.lang.InterruptedException: sleep interrupted
2019-10-18 14:02:23,690 [grpc-default-executor-1] INFO  impl.RoleInfo (RoleInfo.java:updateAndGet(143)) - 66f9d00c-1e97-4252-958c-bed5a531abda: start FollowerState
2019-10-18 14:02:23,690 [grpc-default-executor-0] INFO  impl.RoleInfo (RoleInfo.java:shutdownFollowerState(121)) - 6cbfae60-ea29-4abc-a49d-ef94f4bd513a: shutdown FollowerState
2019-10-18 14:02:23,691 [grpc-default-executor-0] INFO  impl.RoleInfo (RoleInfo.java:updateAndGet(143)) - 6cbfae60-ea29-4abc-a49d-ef94f4bd513a: start FollowerState
2019-10-18 14:02:23,691 [Thread-3145] INFO  impl.FollowerState (FollowerState.java:run(117)) - 6cbfae60-ea29-4abc-a49d-ef94f4bd513a@group-E964BE911FCC-FollowerState was interrupted: java.lang.InterruptedException: sleep interrupted
2019-10-18 14:02:23,704 [92ce6e48-4722-407a-9620-5998c6999257@group-E964BE911FCC-LeaderElection436] INFO  impl.LeaderElection (LeaderElection.java:logAndReturn(56)) - 92ce6e48-4722-407a-9620-5998c6999257@group-E964BE911FCC-LeaderElection436: Election REJECTED; received 2 response(s) [92ce6e48-4722-407a-9620-5998c6999257<-6cbfae60-ea29-4abc-a49d-ef94f4bd513a#0:FAIL-t480, 92ce6e48-4722-407a-9620-5998c6999257<-66f9d00c-1e97-4252-958c-bed5a531abda#0:FAIL-t480] and 0 exception(s); 92ce6e48-4722-407a-9620-5998c6999257@group-E964BE911FCC:t480, leader=null, voted=92ce6e48-4722-407a-9620-5998c6999257, raftlog=92ce6e48-4722-407a-9620-5998c6999257@group-E964BE911FCC-SegmentedRaftLog:OPENED:c-1,f-1,i0, conf=-1: [6cbfae60-ea29-4abc-a49d-ef94f4bd513a:192.168.69.85:36685, 66f9d00c-1e97-4252-958c-bed5a531abda:192.168.69.85:45996, 92ce6e48-4722-407a-9620-5998c6999257:192.168.69.85:34971], old=null
2019-10-18 14:02:23,704 [92ce6e48-4722-407a-9620-5998c6999257@group-E964BE911FCC-LeaderElection436] INFO  impl.RaftServerImpl (RaftServerImpl.java:setRole(184)) - 92ce6e48-4722-407a-9620-5998c6999257@group-E964BE911FCC: changes role from CANDIDATE to FOLLOWER at term 480 for DISCOVERED_A_NEW_TERM
2019-10-18 14:02:23,705 [92ce6e48-4722-407a-9620-5998c6999257@group-E964BE911FCC-LeaderElection436] INFO  impl.RoleInfo (RoleInfo.java:shutdownLeaderElection(134)) - 92ce6e48-4722-407a-9620-5998c6999257: shutdown LeaderElection
2019-10-18 14:02:23,705 [92ce6e48-4722-407a-9620-5998c6999257@group-E964BE911FCC-LeaderElection436] INFO  impl.RoleInfo (RoleInfo.java:updateAndGet(143)) - 92ce6e48-4722-407a-9620-5998c6999257: start FollowerState
2019-10-18 14:02:23,856 [Thread-3155] INFO  impl.FollowerState (FollowerState.java:run(108)) - 92ce6e48-4722-407a-9620-5998c6999257@group-E964BE911FCC-FollowerState: change to CANDIDATE, lastRpcTime:151ms, electionTimeout:151ms
2019-10-18 14:02:23,856 [Thread-3155] INFO  impl.RoleInfo (RoleInfo.java:shutdownFollowerState(121)) - 92ce6e48-4722-407a-9620-5998c6999257: shutdown FollowerState
2019-10-18 14:02:23,856 [Thread-3155] INFO  impl.RaftServerImpl (RaftServerImpl.java:setRole(184)) - 92ce6e48-4722-407a-9620-5998c6999257@group-E964BE911FCC: changes role from  FOLLOWER to CANDIDATE at term 480 for changeToCandidate
2019-10-18 14:02:23,856 [Thread-3155] INFO  impl.RoleInfo (RoleInfo.java:updateAndGet(143)) - 92ce6e48-4722-407a-9620-5998c6999257: start LeaderElection
2019-10-18 14:02:23,872 [92ce6e48-4722-407a-9620-5998c6999257@group-E964BE911FCC-LeaderElection437] INFO  impl.LeaderElection (LeaderElection.java:askForVotes(178)) - 92ce6e48-4722-407a-9620-5998c6999257@group-E964BE911FCC-LeaderElection437: begin an election at term 481 for -1: [6cbfae60-ea29-4abc-a49d-ef94f4bd513a:192.168.69.85:36685, 66f9d00c-1e97-4252-958c-bed5a531abda:192.168.69.85:45996, 92ce6e48-4722-407a-9620-5998c6999257:192.168.69.85:34971], old=null
2019-10-18 14:02:23,874 [grpc-default-executor-0] INFO  impl.RaftServerImpl (RaftServerImpl.java:setRole(184)) - 6cbfae60-ea29-4abc-a49d-ef94f4bd513a@group-E964BE911FCC: changes role from  FOLLOWER to FOLLOWER at term 481 for recognizeCandidate:92ce6e48-4722-407a-9620-5998c6999257
2019-10-18 14:02:23,874 [grpc-default-executor-0] INFO  impl.RoleInfo (RoleInfo.java:shutdownFollowerState(121)) - 6cbfae60-ea29-4abc-a49d-ef94f4bd513a: shutdown FollowerState
2019-10-18 14:02:23,874 [grpc-default-executor-1] INFO  impl.RaftServerImpl (RaftServerImpl.java:setRole(184)) - 66f9d00c-1e97-4252-958c-bed5a531abda@group-E964BE911FCC: changes role from  FOLLOWER to FOLLOWER at term 481 for recognizeCandidate:92ce6e48-4722-407a-9620-5998c6999257
2019-10-18 14:02:23,874 [grpc-default-executor-1] INFO  impl.RoleInfo (RoleInfo.java:shutdownFollowerState(121)) - 66f9d00c-1e97-4252-958c-bed5a531abda: shutdown FollowerState
2019-10-18 14:02:23,874 [grpc-default-executor-0] INFO  impl.RoleInfo (RoleInfo.java:updateAndGet(143)) - 6cbfae60-ea29-4abc-a49d-ef94f4bd513a: start FollowerState
2019-10-18 14:02:23,874 [Thread-3153] INFO  impl.FollowerState (FollowerState.java:run(117)) - 66f9d00c-1e97-4252-958c-bed5a531abda@group-E964BE911FCC-FollowerState was interrupted: java.lang.InterruptedException: sleep interrupted
2019-10-18 14:02:23,874 [grpc-default-executor-1] INFO  impl.RoleInfo (RoleInfo.java:updateAndGet(143)) - 66f9d00c-1e97-4252-958c-bed5a531abda: start FollowerState
2019-10-18 14:02:23,874 [Thread-3154] INFO  impl.FollowerState (FollowerState.java:run(117)) - 6cbfae60-ea29-4abc-a49d-ef94f4bd513a@group-E964BE911FCC-FollowerState was interrupted: java.lang.InterruptedException: sleep interrupted
2019-10-18 14:02:23,889 [92ce6e48-4722-407a-9620-5998c6999257@group-E964BE911FCC-LeaderElection437] INFO  impl.LeaderElection (LeaderElection.java:logAndReturn(56)) - 92ce6e48-4722-407a-9620-5998c6999257@group-E964BE911FCC-LeaderElection437: Election REJECTED; received 2 response(s) [92ce6e48-4722-407a-9620-5998c6999257<-6cbfae60-ea29-4abc-a49d-ef94f4bd513a#0:FAIL-t481, 92ce6e48-4722-407a-9620-5998c6999257<-66f9d00c-1e97-4252-958c-bed5a531abda#0:FAIL-t481] and 0 exception(s); 92ce6e48-4722-407a-9620-5998c6999257@group-E964BE911FCC:t481, leader=null, voted=92ce6e48-4722-407a-9620-5998c6999257, raftlog=92ce6e48-4722-407a-9620-5998c6999257@group-E964BE911FCC-SegmentedRaftLog:OPENED:c-1,f-1,i0, conf=-1: [6cbfae60-ea29-4abc-a49d-ef94f4bd513a:192.168.69.85:36685, 66f9d00c-1e97-4252-958c-bed5a531abda:192.168.69.85:45996, 92ce6e48-4722-407a-9620-5998c6999257:192.168.69.85:34971], old=null
2019-10-18 14:02:23,889 [92ce6e48-4722-407a-9620-5998c6999257@group-E964BE911FCC-LeaderElection437] INFO  impl.RaftServerImpl (RaftServerImpl.java:setRole(184)) - 92ce6e48-4722-407a-9620-5998c6999257@group-E964BE911FCC: changes role from CANDIDATE to FOLLOWER at term 481 for DISCOVERED_A_NEW_TERM
2019-10-18 14:02:23,889 [92ce6e48-4722-407a-9620-5998c6999257@group-E964BE911FCC-LeaderElection437] INFO  impl.RoleInfo (RoleInfo.java:shutdownLeaderElection(134)) - 92ce6e48-4722-407a-9620-5998c6999257: shutdown LeaderElection
2019-10-18 14:02:23,890 [92ce6e48-4722-407a-9620-5998c6999257@group-E964BE911FCC-LeaderElection437] INFO  impl.RoleInfo (RoleInfo.java:updateAndGet(143)) - 92ce6e48-4722-407a-9620-5998c6999257: start FollowerState
2019-10-18 14:02:23,901 [Thread-3161] INFO  impl.FollowerState (FollowerState.java:run(108)) - 92ce6e48-4722-407a-9620-5998c6999257@group-E964BE911FCC-FollowerState: change to CANDIDATE, lastRpcTime:11ms, electionTimeout:11ms
2019-10-18 14:02:23,901 [Thread-3161] INFO  impl.RoleInfo (RoleInfo.java:shutdownFollowerState(121)) - 92ce6e48-4722-407a-9620-5998c6999257: shutdown FollowerState
2019-10-18 14:02:23,901 [Thread-3161] INFO  impl.RaftServerImpl (RaftServerImpl.java:setRole(184)) - 92ce6e48-4722-407a-9620-5998c6999257@group-E964BE911FCC: changes role from  FOLLOWER to CANDIDATE at term 481 for changeToCandidate
2019-10-18 14:02:23,901 [Thread-3161] INFO  impl.RoleInfo (RoleInfo.java:updateAndGet(143)) - 92ce6e48-4722-407a-9620-5998c6999257: start LeaderElection
2019-10-18 14:02:23,922 [92ce6e48-4722-407a-9620-5998c6999257@group-E964BE911FCC-LeaderElection438] INFO  impl.LeaderElection (LeaderElection.java:askForVotes(178)) - 92ce6e48-4722-407a-9620-5998c6999257@group-E964BE911FCC-LeaderElection438: begin an election at term 482 for -1: [6cbfae60-ea29-4abc-a49d-ef94f4bd513a:192.168.69.85:36685, 66f9d00c-1e97-4252-958c-bed5a531abda:192.168.69.85:45996, 92ce6e48-4722-407a-9620-5998c6999257:192.168.69.85:34971], old=null
2019-10-18 14:02:23,924 [grpc-default-executor-0] INFO  impl.RaftServerImpl (RaftServerImpl.java:setRole(184)) - 6cbfae60-ea29-4abc-a49d-ef94f4bd513a@group-E964BE911FCC: changes role from  FOLLOWER to FOLLOWER at term 482 for recognizeCandidate:92ce6e48-4722-407a-9620-5998c6999257
2019-10-18 14:02:23,924 [grpc-default-executor-0] INFO  impl.RoleInfo (RoleInfo.java:shutdownFollowerState(121)) - 6cbfae60-ea29-4abc-a49d-ef94f4bd513a: shutdown FollowerState
2019-10-18 14:02:23,924 [grpc-default-executor-0] INFO  impl.RoleInfo (RoleInfo.java:updateAndGet(143)) - 6cbfae60-ea29-4abc-a49d-ef94f4bd513a: start FollowerState
2019-10-18 14:02:23,924 [grpc-default-executor-1] INFO  impl.RaftServerImpl (RaftServerImpl.java:setRole(184)) - 66f9d00c-1e97-4252-958c-bed5a531abda@group-E964BE911FCC: changes role from  FOLLOWER to FOLLOWER at term 482 for recognizeCandidate:92ce6e48-4722-407a-9620-5998c6999257
2019-10-18 14:02:23,924 [grpc-default-executor-1] INFO  impl.RoleInfo (RoleInfo.java:shutdownFollowerState(121)) - 66f9d00c-1e97-4252-958c-bed5a531abda: shutdown FollowerState
2019-10-18 14:02:23,924 [Thread-3159] INFO  impl.FollowerState (FollowerState.java:run(117)) - 6cbfae60-ea29-4abc-a49d-ef94f4bd513a@group-E964BE911FCC-FollowerState was interrupted: java.lang.InterruptedException: sleep interrupted
2019-10-18 14:02:23,924 [Thread-3160] INFO  impl.FollowerState (FollowerState.java:run(117)) - 66f9d00c-1e97-4252-958c-bed5a531abda@group-E964BE911FCC-FollowerState was interrupted: java.lang.InterruptedException: sleep interrupted
2019-10-18 14:02:23,924 [grpc-default-executor-1] INFO  impl.RoleInfo (RoleInfo.java:updateAndGet(143)) - 66f9d00c-1e97-4252-958c-bed5a531abda: start FollowerState
2019-10-18 14:02:23,940 [92ce6e48-4722-407a-9620-5998c6999257@group-E964BE911FCC-LeaderElection438] INFO  impl.LeaderElection (LeaderElection.java:logAndReturn(56)) - 92ce6e48-4722-407a-9620-5998c6999257@group-E964BE911FCC-LeaderElection438: Election REJECTED; received 2 response(s) [92ce6e48-4722-407a-9620-5998c6999257<-6cbfae60-ea29-4abc-a49d-ef94f4bd513a#0:FAIL-t482, 92ce6e48-4722-407a-9620-5998c6999257<-66f9d00c-1e97-4252-958c-bed5a531abda#0:FAIL-t482] and 0 exception(s); 92ce6e48-4722-407a-9620-5998c6999257@group-E964BE911FCC:t482, leader=null, voted=92ce6e48-4722-407a-9620-5998c6999257, raftlog=92ce6e48-4722-407a-9620-5998c6999257@group-E964BE911FCC-SegmentedRaftLog:OPENED:c-1,f-1,i0, conf=-1: [6cbfae60-ea29-4abc-a49d-ef94f4bd513a:192.168.69.85:36685, 66f9d00c-1e97-4252-958c-bed5a531abda:192.168.69.85:45996, 92ce6e48-4722-407a-9620-5998c6999257:192.168.69.85:34971], old=null
2019-10-18 14:02:23,940 [92ce6e48-4722-407a-9620-5998c6999257@group-E964BE911FCC-LeaderElection438] INFO  impl.RaftServerImpl (RaftServerImpl.java:setRole(184)) - 92ce6e48-4722-407a-9620-5998c6999257@group-E964BE911FCC: changes role from CANDIDATE to FOLLOWER at term 482 for DISCOVERED_A_NEW_TERM
2019-10-18 14:02:23,940 [92ce6e48-4722-407a-9620-5998c6999257@group-E964BE911FCC-LeaderElection438] INFO  impl.RoleInfo (RoleInfo.java:shutdownLeaderElection(134)) - 92ce6e48-4722-407a-9620-5998c6999257: shutdown LeaderElection
2019-10-18 14:02:23,940 [92ce6e48-4722-407a-9620-5998c6999257@group-E964BE911FCC-LeaderElection438] INFO  impl.RoleInfo (RoleInfo.java:updateAndGet(143)) - 92ce6e48-4722-407a-9620-5998c6999257: start FollowerState
2019-10-18 14:02:24,100 [Thread-3167] INFO  impl.FollowerState (FollowerState.java:run(108)) - 92ce6e48-4722-407a-9620-5998c6999257@group-E964BE911FCC-FollowerState: change to CANDIDATE, lastRpcTime:160ms, electionTimeout:160ms
2019-10-18 14:02:24,100 [Thread-3167] INFO  impl.RoleInfo (RoleInfo.java:shutdownFollowerState(121)) - 92ce6e48-4722-407a-9620-5998c6999257: shutdown FollowerState
2019-10-18 14:02:24,101 [Thread-3167] INFO  impl.RaftServerImpl (RaftServerImpl.java:setRole(184)) - 92ce6e48-4722-407a-9620-5998c6999257@group-E964BE911FCC: changes role from  FOLLOWER to CANDIDATE at term 482 for changeToCandidate
2019-10-18 14:02:24,101 [Thread-3167] INFO  impl.RoleInfo (RoleInfo.java:updateAndGet(143)) - 92ce6e48-4722-407a-9620-5998c6999257: start LeaderElection
2019-10-18 14:02:24,115 [92ce6e48-4722-407a-9620-5998c6999257@group-E964BE911FCC-LeaderElection439] INFO  impl.LeaderElection (LeaderElection.java:askForVotes(178)) - 92ce6e48-4722-407a-9620-5998c6999257@group-E964BE911FCC-LeaderElection439: begin an election at term 483 for -1: [6cbfae60-ea29-4abc-a49d-ef94f4bd513a:192.168.69.85:36685, 66f9d00c-1e97-4252-958c-bed5a531abda:192.168.69.85:45996, 92ce6e48-4722-407a-9620-5998c6999257:192.168.69.85:34971], old=null
2019-10-18 14:02:24,116 [grpc-default-executor-1] INFO  impl.RaftServerImpl (RaftServerImpl.java:setRole(184)) - 6cbfae60-ea29-4abc-a49d-ef94f4bd513a@group-E964BE911FCC: changes role from  FOLLOWER to FOLLOWER at term 483 for recognizeCandidate:92ce6e48-4722-407a-9620-5998c6999257
2019-10-18 14:02:24,116 [grpc-default-executor-1] INFO  impl.RoleInfo (RoleInfo.java:shutdownFollowerState(121)) - 6cbfae60-ea29-4abc-a49d-ef94f4bd513a: shutdown FollowerState
2019-10-18 14:02:24,116 [grpc-default-executor-0] INFO  impl.RaftServerImpl (RaftServerImpl.java:setRole(184)) - 66f9d00c-1e97-4252-958c-bed5a531abda@group-E964BE911FCC: changes role from  FOLLOWER to FOLLOWER at term 483 for recognizeCandidate:92ce6e48-4722-407a-9620-5998c6999257
2019-10-18 14:02:24,117 [grpc-default-executor-0] INFO  impl.RoleInfo (RoleInfo.java:shutdownFollowerState(121)) - 66f9d00c-1e97-4252-958c-bed5a531abda: shutdown FollowerState
2019-10-18 14:02:24,117 [Thread-3165] INFO  impl.FollowerState (FollowerState.java:run(117)) - 6cbfae60-ea29-4abc-a49d-ef94f4bd513a@group-E964BE911FCC-FollowerState was interrupted: java.lang.InterruptedException: sleep interrupted
2019-10-18 14:02:24,117 [grpc-default-executor-1] INFO  impl.RoleInfo (RoleInfo.java:updateAndGet(143)) - 6cbfae60-ea29-4abc-a49d-ef94f4bd513a: start FollowerState
2019-10-18 14:02:24,117 [Thread-3166] INFO  impl.FollowerState (FollowerState.java:run(117)) - 66f9d00c-1e97-4252-958c-bed5a531abda@group-E964BE911FCC-FollowerState was interrupted: java.lang.InterruptedException: sleep interrupted
2019-10-18 14:02:24,117 [grpc-default-executor-0] INFO  impl.RoleInfo (RoleInfo.java:updateAndGet(143)) - 66f9d00c-1e97-4252-958c-bed5a531abda: start FollowerState
2019-10-18 14:02:24,131 [92ce6e48-4722-407a-9620-5998c6999257@group-E964BE911FCC-LeaderElection439] INFO  impl.LeaderElection (LeaderElection.java:logAndReturn(56)) - 92ce6e48-4722-407a-9620-5998c6999257@group-E964BE911FCC-LeaderElection439: Election REJECTED; received 2 response(s) [92ce6e48-4722-407a-9620-5998c6999257<-6cbfae60-ea29-4abc-a49d-ef94f4bd513a#0:FAIL-t483, 92ce6e48-4722-407a-9620-5998c6999257<-66f9d00c-1e97-4252-958c-bed5a531abda#0:FAIL-t483] and 0 exception(s); 92ce6e48-4722-407a-9620-5998c6999257@group-E964BE911FCC:t483, leader=null, voted=92ce6e48-4722-407a-9620-5998c6999257, raftlog=92ce6e48-4722-407a-9620-5998c6999257@group-E964BE911FCC-SegmentedRaftLog:OPENED:c-1,f-1,i0, conf=-1: [6cbfae60-ea29-4abc-a49d-ef94f4bd513a:192.168.69.85:36685, 66f9d00c-1e97-4252-958c-bed5a531abda:192.168.69.85:45996, 92ce6e48-4722-407a-9620-5998c6999257:192.168.69.85:34971], old=null
2019-10-18 14:02:24,132 [92ce6e48-4722-407a-9620-5998c6999257@group-E964BE911FCC-LeaderElection439] INFO  impl.RaftServerImpl (RaftServerImpl.java:setRole(184)) - 92ce6e48-4722-407a-9620-5998c6999257@group-E964BE911FCC: changes role from CANDIDATE to FOLLOWER at term 483 for DISCOVERED_A_NEW_TERM
2019-10-18 14:02:24,132 [92ce6e48-4722-407a-9620-5998c6999257@group-E964BE911FCC-LeaderElection439] INFO  impl.RoleInfo (RoleInfo.java:shutdownLeaderElection(134)) - 92ce6e48-4722-407a-9620-5998c6999257: shutdown LeaderElection
2019-10-18 14:02:24,132 [92ce6e48-4722-407a-9620-5998c6999257@group-E964BE911FCC-LeaderElection439] INFO  impl.RoleInfo (RoleInfo.java:updateAndGet(143)) - 92ce6e48-4722-407a-9620-5998c6999257: start FollowerState
2019-10-18 14:02:24,240 [Thread-3173] INFO  impl.FollowerState (FollowerState.java:run(108)) - 92ce6e48-4722-407a-9620-5998c6999257@group-E964BE911FCC-FollowerState: change to CANDIDATE, lastRpcTime:108ms, electionTimeout:108ms
2019-10-18 14:02:24,240 [Thread-3173] INFO  impl.RoleInfo (RoleInfo.java:shutdownFollowerState(121)) - 92ce6e48-4722-407a-9620-5998c6999257: shutdown FollowerState
2019-10-18 14:02:24,241 [Thread-3173] INFO  impl.RaftServerImpl (RaftServerImpl.java:setRole(184)) - 92ce6e48-4722-407a-9620-5998c6999257@group-E964BE911FCC: changes role from  FOLLOWER to CANDIDATE at term 483 for changeToCandidate
2019-10-18 14:02:24,241 [Thread-3173] INFO  impl.RoleInfo (RoleInfo.java:updateAndGet(143)) - 92ce6e48-4722-407a-9620-5998c6999257: start LeaderElection
2019-10-18 14:02:24,256 [92ce6e48-4722-407a-9620-5998c6999257@group-E964BE911FCC-LeaderElection440] INFO  impl.LeaderElection (LeaderElection.java:askForVotes(178)) - 92ce6e48-4722-407a-9620-5998c6999257@group-E964BE911FCC-LeaderElection440: begin an election at term 484 for -1: [6cbfae60-ea29-4abc-a49d-ef94f4bd513a:192.168.69.85:36685, 66f9d00c-1e97-4252-958c-bed5a531abda:192.168.69.85:45996, 92ce6e48-4722-407a-9620-5998c6999257:192.168.69.85:34971], old=null
2019-10-18 14:02:24,257 [grpc-default-executor-0] INFO  impl.RaftServerImpl (RaftServerImpl.java:setRole(184)) - 6cbfae60-ea29-4abc-a49d-ef94f4bd513a@group-E964BE911FCC: changes role from  FOLLOWER to FOLLOWER at term 484 for recognizeCandidate:92ce6e48-4722-407a-9620-5998c6999257
2019-10-18 14:02:24,257 [grpc-default-executor-0] INFO  impl.RoleInfo (RoleInfo.java:shutdownFollowerState(121)) - 6cbfae60-ea29-4abc-a49d-ef94f4bd513a: shutdown FollowerState
2019-10-18 14:02:24,257 [grpc-default-executor-1] INFO  impl.RaftServerImpl (RaftServerImpl.java:setRole(184)) - 66f9d00c-1e97-4252-958c-bed5a531abda@group-E964BE911FCC: changes role from  FOLLOWER to FOLLOWER at term 484 for recognizeCandidate:92ce6e48-4722-407a-9620-5998c6999257
2019-10-18 14:02:24,258 [grpc-default-executor-1] INFO  impl.RoleInfo (RoleInfo.java:shutdownFollowerState(121)) - 66f9d00c-1e97-4252-958c-bed5a531abda: shutdown FollowerState
2019-10-18 14:02:24,258 [Thread-3171] INFO  impl.FollowerState (FollowerState.java:run(117)) - 6cbfae60-ea29-4abc-a49d-ef94f4bd513a@group-E964BE911FCC-FollowerState was interrupted: java.lang.InterruptedException: sleep interrupted
2019-10-18 14:02:24,257 [grpc-default-executor-0] INFO  impl.RoleInfo (RoleInfo.java:updateAndGet(143)) - 6cbfae60-ea29-4abc-a49d-ef94f4bd513a: start FollowerState
2019-10-18 14:02:24,258 [Thread-3172] INFO  impl.FollowerState (FollowerState.java:run(117)) - 66f9d00c-1e97-4252-958c-bed5a531abda@group-E964BE911FCC-FollowerState was interrupted: java.lang.InterruptedException: sleep interrupted
2019-10-18 14:02:24,258 [grpc-default-executor-1] INFO  impl.RoleInfo (RoleInfo.java:updateAndGet(143)) - 66f9d00c-1e97-4252-958c-bed5a531abda: start FollowerState
2019-10-18 14:02:24,272 [92ce6e48-4722-407a-9620-5998c6999257@group-E964BE911FCC-LeaderElection440] INFO  impl.LeaderElection (LeaderElection.java:logAndReturn(56)) - 92ce6e48-4722-407a-9620-5998c6999257@group-E964BE911FCC-LeaderElection440: Election REJECTED; received 2 response(s) [92ce6e48-4722-407a-9620-5998c6999257<-6cbfae60-ea29-4abc-a49d-ef94f4bd513a#0:FAIL-t484, 92ce6e48-4722-407a-9620-5998c6999257<-66f9d00c-1e97-4252-958c-bed5a531abda#0:FAIL-t484] and 0 exception(s); 92ce6e48-4722-407a-9620-5998c6999257@group-E964BE911FCC:t484, leader=null, voted=92ce6e48-4722-407a-9620-5998c6999257, raftlog=92ce6e48-4722-407a-9620-5998c6999257@group-E964BE911FCC-SegmentedRaftLog:OPENED:c-1,f-1,i0, conf=-1: [6cbfae60-ea29-4abc-a49d-ef94f4bd513a:192.168.69.85:36685, 66f9d00c-1e97-4252-958c-bed5a531abda:192.168.69.85:45996, 92ce6e48-4722-407a-9620-5998c6999257:192.168.69.85:34971], old=null
2019-10-18 14:02:24,272 [92ce6e48-4722-407a-9620-5998c6999257@group-E964BE911FCC-LeaderElection440] INFO  impl.RaftServerImpl (RaftServerImpl.java:setRole(184)) - 92ce6e48-4722-407a-9620-5998c6999257@group-E964BE911FCC: changes role from CANDIDATE to FOLLOWER at term 484 for DISCOVERED_A_NEW_TERM
2019-10-18 14:02:24,272 [92ce6e48-4722-407a-9620-5998c6999257@group-E964BE911FCC-LeaderElection440] INFO  impl.RoleInfo (RoleInfo.java:shutdownLeaderElection(134)) - 92ce6e48-4722-407a-9620-5998c6999257: shutdown LeaderElection
2019-10-18 14:02:24,272 [92ce6e48-4722-407a-9620-5998c6999257@group-E964BE911FCC-LeaderElection440] INFO  impl.RoleInfo (RoleInfo.java:updateAndGet(143)) - 92ce6e48-4722-407a-9620-5998c6999257: start FollowerState
2019-10-18 14:02:24,320 [Thread-3179] INFO  impl.FollowerState (FollowerState.java:run(108)) - 92ce6e48-4722-407a-9620-5998c6999257@group-E964BE911FCC-FollowerState: change to CANDIDATE, lastRpcTime:48ms, electionTimeout:48ms
2019-10-18 14:02:24,320 [Thread-3179] INFO  impl.RoleInfo (RoleInfo.java:shutdownFollowerState(121)) - 92ce6e48-4722-407a-9620-5998c6999257: shutdown FollowerState
2019-10-18 14:02:24,320 [Thread-3179] INFO  impl.RaftServerImpl (RaftServerImpl.java:setRole(184)) - 92ce6e48-4722-407a-9620-5998c6999257@group-E964BE911FCC: changes role from  FOLLOWER to CANDIDATE at term 484 for changeToCandidate
2019-10-18 14:02:24,321 [Thread-3179] INFO  impl.RoleInfo (RoleInfo.java:updateAndGet(143)) - 92ce6e48-4722-407a-9620-5998c6999257: start LeaderElection
2019-10-18 14:02:24,335 [92ce6e48-4722-407a-9620-5998c6999257@group-E964BE911FCC-LeaderElection441] INFO  impl.LeaderElection (LeaderElection.java:askForVotes(178)) - 92ce6e48-4722-407a-9620-5998c6999257@group-E964BE911FCC-LeaderElection441: begin an election at term 485 for -1: [6cbfae60-ea29-4abc-a49d-ef94f4bd513a:192.168.69.85:36685, 66f9d00c-1e97-4252-958c-bed5a531abda:192.168.69.85:45996, 92ce6e48-4722-407a-9620-5998c6999257:192.168.69.85:34971], old=null
2019-10-18 14:02:24,336 [grpc-default-executor-1] INFO  impl.RaftServerImpl (RaftServerImpl.java:setRole(184)) - 6cbfae60-ea29-4abc-a49d-ef94f4bd513a@group-E964BE911FCC: changes role from  FOLLOWER to FOLLOWER at term 485 for recognizeCandidate:92ce6e48-4722-407a-9620-5998c6999257
2019-10-18 14:02:24,336 [grpc-default-executor-1] INFO  impl.RoleInfo (RoleInfo.java:shutdownFollowerState(121)) - 6cbfae60-ea29-4abc-a49d-ef94f4bd513a: shutdown FollowerState
2019-10-18 14:02:24,336 [grpc-default-executor-1] INFO  impl.RoleInfo (RoleInfo.java:updateAndGet(143)) - 6cbfae60-ea29-4abc-a49d-ef94f4bd513a: start FollowerState
2019-10-18 14:02:24,336 [grpc-default-executor-0] INFO  impl.RaftServerImpl (RaftServerImpl.java:setRole(184)) - 66f9d00c-1e97-4252-958c-bed5a531abda@group-E964BE911FCC: changes role from  FOLLOWER to FOLLOWER at term 485 for recognizeCandidate:92ce6e48-4722-407a-9620-5998c6999257
2019-10-18 14:02:24,337 [grpc-default-executor-0] INFO  impl.RoleInfo (RoleInfo.java:shutdownFollowerState(121)) - 66f9d00c-1e97-4252-958c-bed5a531abda: shutdown FollowerState
2019-10-18 14:02:24,336 [Thread-3177] INFO  impl.FollowerState (FollowerState.java:run(117)) - 6cbfae60-ea29-4abc-a49d-ef94f4bd513a@group-E964BE911FCC-FollowerState was interrupted: java.lang.InterruptedException: sleep interrupted
2019-10-18 14:02:24,337 [Thread-3178] INFO  impl.FollowerState (FollowerState.java:run(117)) - 66f9d00c-1e97-4252-958c-bed5a531abda@group-E964BE911FCC-FollowerState was interrupted: java.lang.InterruptedException: sleep interrupted
2019-10-18 14:02:24,337 [grpc-default-executor-0] INFO  impl.RoleInfo (RoleInfo.java:updateAndGet(143)) - 66f9d00c-1e97-4252-958c-bed5a531abda: start FollowerState
2019-10-18 14:02:24,354 [92ce6e48-4722-407a-9620-5998c6999257@group-E964BE911FCC-LeaderElection441] INFO  impl.LeaderElection (LeaderElection.java:logAndReturn(56)) - 92ce6e48-4722-407a-9620-5998c6999257@group-E964BE911FCC-LeaderElection441: Election REJECTED; received 2 response(s) [92ce6e48-4722-407a-9620-5998c6999257<-6cbfae60-ea29-4abc-a49d-ef94f4bd513a#0:FAIL-t485, 92ce6e48-4722-407a-9620-5998c6999257<-66f9d00c-1e97-4252-958c-bed5a531abda#0:FAIL-t485] and 0 exception(s); 92ce6e48-4722-407a-9620-5998c6999257@group-E964BE911FCC:t485, leader=null, voted=92ce6e48-4722-407a-9620-5998c6999257, raftlog=92ce6e48-4722-407a-9620-5998c6999257@group-E964BE911FCC-SegmentedRaftLog:OPENED:c-1,f-1,i0, conf=-1: [6cbfae60-ea29-4abc-a49d-ef94f4bd513a:192.168.69.85:36685, 66f9d00c-1e97-4252-958c-bed5a531abda:192.168.69.85:45996, 92ce6e48-4722-407a-9620-5998c6999257:192.168.69.85:34971], old=null
2019-10-18 14:02:24,354 [92ce6e48-4722-407a-9620-5998c6999257@group-E964BE911FCC-LeaderElection441] INFO  impl.RaftServerImpl (RaftServerImpl.java:setRole(184)) - 92ce6e48-4722-407a-9620-5998c6999257@group-E964BE911FCC: changes role from CANDIDATE to FOLLOWER at term 485 for DISCOVERED_A_NEW_TERM
2019-10-18 14:02:24,354 [92ce6e48-4722-407a-9620-5998c6999257@group-E964BE911FCC-LeaderElection441] INFO  impl.RoleInfo (RoleInfo.java:shutdownLeaderElection(134)) - 92ce6e48-4722-407a-9620-5998c6999257: shutdown LeaderElection
2019-10-18 14:02:24,354 [92ce6e48-4722-407a-9620-5998c6999257@group-E964BE911FCC-LeaderElection441] INFO  impl.RoleInfo (RoleInfo.java:updateAndGet(143)) - 92ce6e48-4722-407a-9620-5998c6999257: start FollowerState
2019-10-18 14:02:24,373 [main] INFO  ozone.MiniOzoneClusterImpl (MiniOzoneClusterImpl.java:shutdown(314)) - Shutting down the Mini Ozone Cluster
2019-10-18 14:02:24,373 [main] INFO  ozone.MiniOzoneClusterImpl (MiniOzoneClusterImpl.java:stop(330)) - Stopping the Mini Ozone Cluster
2019-10-18 14:02:24,374 [main] INFO  ozone.MiniOzoneClusterImpl (MiniOzoneClusterImpl.java:stopOM(400)) - Stopping the OzoneManager
2019-10-18 14:02:24,374 [main] INFO  ipc.Server (Server.java:stop(3082)) - Stopping server on 39004
2019-10-18 14:02:24,380 [IPC Server listener on 39004] INFO  ipc.Server (Server.java:run(1185)) - Stopping IPC Server listener on 39004
2019-10-18 14:02:24,382 [IPC Server Responder] INFO  ipc.Server (Server.java:run(1319)) - Stopping IPC Server Responder
2019-10-18 14:02:24,390 [main] INFO  impl.RaftServerProxy (RaftServerProxy.java:lambda$close$4(314)) - 3612f617-3f47-47d4-9ae8-cdb2feda9bf1: close
2019-10-18 14:02:24,401 [main] INFO  impl.RaftServerImpl (RaftServerImpl.java:lambda$shutdown$3(261)) - 3612f617-3f47-47d4-9ae8-cdb2feda9bf1@group-C5BA1605619E: shutdown
2019-10-18 14:02:24,402 [main] INFO  util.JmxRegister (JmxRegister.java:unregister(73)) - Successfully un-registered JMX Bean with object name Ratis:service=RaftServer,group=group-C5BA1605619E,id=3612f617-3f47-47d4-9ae8-cdb2feda9bf1
2019-10-18 14:02:24,403 [main] INFO  impl.RoleInfo (RoleInfo.java:shutdownLeaderState(104)) - 3612f617-3f47-47d4-9ae8-cdb2feda9bf1: shutdown LeaderState
2019-10-18 14:02:24,403 [main] INFO  impl.PendingRequests (PendingRequests.java:sendNotLeaderResponses(202)) - 3612f617-3f47-47d4-9ae8-cdb2feda9bf1@group-C5BA1605619E-PendingRequests: sendNotLeaderResponses
2019-10-18 14:02:24,407 [main] INFO  impl.StateMachineUpdater (StateMachineUpdater.java:stopAndJoin(136)) - 3612f617-3f47-47d4-9ae8-cdb2feda9bf1@group-C5BA1605619E-StateMachineUpdater: set stopIndex = 6
2019-10-18 14:02:24,407 [3612f617-3f47-47d4-9ae8-cdb2feda9bf1@group-C5BA1605619E-StateMachineUpdater] INFO  ratis.OzoneManagerStateMachine (OzoneManagerStateMachine.java:takeSnapshot(254)) - Saving Ratis snapshot on the OM.
2019-10-18 14:02:24,415 [3612f617-3f47-47d4-9ae8-cdb2feda9bf1@group-C5BA1605619E-StateMachineUpdater] INFO  ratis.OMRatisSnapshotInfo (OMRatisSnapshotInfo.java:saveRatisSnapshotToDisk(107)) - Saved Ratis Snapshot on the OM with snapshotIndex 5
2019-10-18 14:02:24,417 [3612f617-3f47-47d4-9ae8-cdb2feda9bf1@group-C5BA1605619E-StateMachineUpdater] INFO  impl.StateMachineUpdater (StateMachineUpdater.java:takeSnapshot(269)) - 3612f617-3f47-47d4-9ae8-cdb2feda9bf1@group-C5BA1605619E-StateMachineUpdater: Took a snapshot at index 5
2019-10-18 14:02:24,418 [3612f617-3f47-47d4-9ae8-cdb2feda9bf1@group-C5BA1605619E-StateMachineUpdater] INFO  impl.StateMachineUpdater (StateMachineUpdater.java:lambda$new$0(84)) - 3612f617-3f47-47d4-9ae8-cdb2feda9bf1@group-C5BA1605619E-StateMachineUpdater: snapshotIndex: updateIncreasingly -1 -> 5
2019-10-18 14:02:24,422 [3612f617-3f47-47d4-9ae8-cdb2feda9bf1@group-C5BA1605619E-StateMachineUpdater] INFO  ratis.OzoneManagerStateMachine (OzoneManagerStateMachine.java:takeSnapshot(254)) - Saving Ratis snapshot on the OM.
2019-10-18 14:02:24,423 [3612f617-3f47-47d4-9ae8-cdb2feda9bf1@group-C5BA1605619E-StateMachineUpdater] INFO  ratis.OMRatisSnapshotInfo (OMRatisSnapshotInfo.java:saveRatisSnapshotToDisk(107)) - Saved Ratis Snapshot on the OM with snapshotIndex 5
2019-10-18 14:02:24,423 [3612f617-3f47-47d4-9ae8-cdb2feda9bf1@group-C5BA1605619E-StateMachineUpdater] INFO  impl.StateMachineUpdater (StateMachineUpdater.java:takeSnapshot(269)) - 3612f617-3f47-47d4-9ae8-cdb2feda9bf1@group-C5BA1605619E-StateMachineUpdater: Took a snapshot at index 5
2019-10-18 14:02:24,423 [3612f617-3f47-47d4-9ae8-cdb2feda9bf1@group-C5BA1605619E-StateMachineUpdater] INFO  impl.StateMachineUpdater (StateMachineUpdater.java:lambda$new$0(84)) - 3612f617-3f47-47d4-9ae8-cdb2feda9bf1@group-C5BA1605619E-StateMachineUpdater: snapshotIndex: updateIncreasingly 5 -> 5
2019-10-18 14:02:24,423 [main] INFO  impl.RaftServerImpl (ServerState.java:close(388)) - 3612f617-3f47-47d4-9ae8-cdb2feda9bf1@group-C5BA1605619E: closes. applyIndex: 6
2019-10-18 14:02:24,426 [3612f617-3f47-47d4-9ae8-cdb2feda9bf1@group-C5BA1605619E-SegmentedRaftLogWorker] INFO  segmented.SegmentedRaftLogWorker (SegmentedRaftLogWorker.java:run(316)) - 3612f617-3f47-47d4-9ae8-cdb2feda9bf1@group-C5BA1605619E-SegmentedRaftLogWorker was interrupted, exiting. There are 0 tasks remaining in the queue.
2019-10-18 14:02:24,427 [main] INFO  segmented.SegmentedRaftLogWorker (SegmentedRaftLogWorker.java:close(224)) - 3612f617-3f47-47d4-9ae8-cdb2feda9bf1@group-C5BA1605619E-SegmentedRaftLogWorker close()
2019-10-18 14:02:24,429 [main] INFO  server.GrpcService (GrpcService.java:closeImpl(164)) - 3612f617-3f47-47d4-9ae8-cdb2feda9bf1: shutdown server with port 9872 now
2019-10-18 14:02:24,431 [main] INFO  server.GrpcService (GrpcService.java:closeImpl(172)) - 3612f617-3f47-47d4-9ae8-cdb2feda9bf1: shutdown server with port 9872 successfully
2019-10-18 14:02:24,431 [main] INFO  ratis.OzoneManagerDoubleBuffer (OzoneManagerDoubleBuffer.java:stop(250)) - Stopping OMDoubleBuffer flush thread
2019-10-18 14:02:24,432 [OMDoubleBufferFlushThread] INFO  ratis.OzoneManagerDoubleBuffer (OzoneManagerDoubleBuffer.java:flushTransactions(193)) - OMDoubleBuffer flush thread OMDoubleBufferFlushThread is interrupted and will exit. OMDoubleBufferFlushThread
2019-10-18 14:02:24,432 [main] INFO  utils.BackgroundService (BackgroundService.java:shutdown(151)) - Shutting down service KeyDeletingService
2019-10-18 14:02:24,437 [main] INFO  handler.ContextHandler (ContextHandler.java:doStop(910)) - Stopped o.e.j.w.WebAppContext@6ba30587{/,null,UNAVAILABLE}{/ozoneManager}
2019-10-18 14:02:24,443 [main] INFO  server.AbstractConnector (AbstractConnector.java:doStop(318)) - Stopped ServerConnector@35764bef{HTTP/1.1,[http/1.1]}{0.0.0.0:0}
2019-10-18 14:02:24,444 [main] INFO  handler.ContextHandler (ContextHandler.java:doStop(910)) - Stopped o.e.j.s.ServletContextHandler@5fe7f967{/static,file:///workdir/hadoop-ozone/integration-test/target/test-classes/webapps/static,UNAVAILABLE}
2019-10-18 14:02:24,444 [main] INFO  handler.ContextHandler (ContextHandler.java:doStop(910)) - Stopped o.e.j.s.ServletContextHandler@4867ab9f{/logs,file:///workdir/hadoop-ozone/integration-test/target/log,UNAVAILABLE}
2019-10-18 14:02:24,449 [main] INFO  ozone.MiniOzoneClusterImpl (MiniOzoneClusterImpl.java:stopDatanodes(377)) - Stopping the HddsDatanodes
2019-10-18 14:02:24,477 [Thread-3185] INFO  impl.FollowerState (FollowerState.java:run(108)) - 92ce6e48-4722-407a-9620-5998c6999257@group-E964BE911FCC-FollowerState: change to CANDIDATE, lastRpcTime:122ms, electionTimeout:122ms
2019-10-18 14:02:24,477 [Thread-3185] INFO  impl.RoleInfo (RoleInfo.java:shutdownFollowerState(121)) - 92ce6e48-4722-407a-9620-5998c6999257: shutdown FollowerState
2019-10-18 14:02:24,477 [Thread-3185] INFO  impl.RaftServerImpl (RaftServerImpl.java:setRole(184)) - 92ce6e48-4722-407a-9620-5998c6999257@group-E964BE911FCC: changes role from  FOLLOWER to CANDIDATE at term 485 for changeToCandidate
2019-10-18 14:02:24,477 [Thread-3185] INFO  impl.RoleInfo (RoleInfo.java:updateAndGet(143)) - 92ce6e48-4722-407a-9620-5998c6999257: start LeaderElection
2019-10-18 14:02:24,511 [92ce6e48-4722-407a-9620-5998c6999257@group-E964BE911FCC-LeaderElection442] INFO  impl.LeaderElection (LeaderElection.java:askForVotes(178)) - 92ce6e48-4722-407a-9620-5998c6999257@group-E964BE911FCC-LeaderElection442: begin an election at term 486 for -1: [6cbfae60-ea29-4abc-a49d-ef94f4bd513a:192.168.69.85:36685, 66f9d00c-1e97-4252-958c-bed5a531abda:192.168.69.85:45996, 92ce6e48-4722-407a-9620-5998c6999257:192.168.69.85:34971], old=null
2019-10-18 14:02:24,513 [grpc-default-executor-1] INFO  impl.RaftServerImpl (RaftServerImpl.java:setRole(184)) - 6cbfae60-ea29-4abc-a49d-ef94f4bd513a@group-E964BE911FCC: changes role from  FOLLOWER to FOLLOWER at term 486 for recognizeCandidate:92ce6e48-4722-407a-9620-5998c6999257
2019-10-18 14:02:24,513 [grpc-default-executor-4] INFO  impl.RaftServerImpl (RaftServerImpl.java:setRole(184)) - 66f9d00c-1e97-4252-958c-bed5a531abda@group-E964BE911FCC: changes role from  FOLLOWER to FOLLOWER at term 486 for recognizeCandidate:92ce6e48-4722-407a-9620-5998c6999257
2019-10-18 14:02:24,513 [grpc-default-executor-4] INFO  impl.RoleInfo (RoleInfo.java:shutdownFollowerState(121)) - 66f9d00c-1e97-4252-958c-bed5a531abda: shutdown FollowerState
2019-10-18 14:02:24,513 [grpc-default-executor-1] INFO  impl.RoleInfo (RoleInfo.java:shutdownFollowerState(121)) - 6cbfae60-ea29-4abc-a49d-ef94f4bd513a: shutdown FollowerState
2019-10-18 14:02:24,513 [Thread-3184] INFO  impl.FollowerState (FollowerState.java:run(117)) - 66f9d00c-1e97-4252-958c-bed5a531abda@group-E964BE911FCC-FollowerState was interrupted: java.lang.InterruptedException: sleep interrupted
2019-10-18 14:02:24,513 [Thread-3183] INFO  impl.FollowerState (FollowerState.java:run(117)) - 6cbfae60-ea29-4abc-a49d-ef94f4bd513a@group-E964BE911FCC-FollowerState was interrupted: java.lang.InterruptedException: sleep interrupted
2019-10-18 14:02:24,513 [grpc-default-executor-4] INFO  impl.RoleInfo (RoleInfo.java:updateAndGet(143)) - 66f9d00c-1e97-4252-958c-bed5a531abda: start FollowerState
2019-10-18 14:02:24,513 [grpc-default-executor-1] INFO  impl.RoleInfo (RoleInfo.java:updateAndGet(143)) - 6cbfae60-ea29-4abc-a49d-ef94f4bd513a: start FollowerState
2019-10-18 14:02:24,528 [92ce6e48-4722-407a-9620-5998c6999257@group-E964BE911FCC-LeaderElection442] INFO  impl.LeaderElection (LeaderElection.java:logAndReturn(56)) - 92ce6e48-4722-407a-9620-5998c6999257@group-E964BE911FCC-LeaderElection442: Election REJECTED; received 2 response(s) [92ce6e48-4722-407a-9620-5998c6999257<-6cbfae60-ea29-4abc-a49d-ef94f4bd513a#0:FAIL-t486, 92ce6e48-4722-407a-9620-5998c6999257<-66f9d00c-1e97-4252-958c-bed5a531abda#0:FAIL-t486] and 0 exception(s); 92ce6e48-4722-407a-9620-5998c6999257@group-E964BE911FCC:t486, leader=null, voted=92ce6e48-4722-407a-9620-5998c6999257, raftlog=92ce6e48-4722-407a-9620-5998c6999257@group-E964BE911FCC-SegmentedRaftLog:OPENED:c-1,f-1,i0, conf=-1: [6cbfae60-ea29-4abc-a49d-ef94f4bd513a:192.168.69.85:36685, 66f9d00c-1e97-4252-958c-bed5a531abda:192.168.69.85:45996, 92ce6e48-4722-407a-9620-5998c6999257:192.168.69.85:34971], old=null
2019-10-18 14:02:24,528 [92ce6e48-4722-407a-9620-5998c6999257@group-E964BE911FCC-LeaderElection442] INFO  impl.RaftServerImpl (RaftServerImpl.java:setRole(184)) - 92ce6e48-4722-407a-9620-5998c6999257@group-E964BE911FCC: changes role from CANDIDATE to FOLLOWER at term 486 for DISCOVERED_A_NEW_TERM
2019-10-18 14:02:24,528 [92ce6e48-4722-407a-9620-5998c6999257@group-E964BE911FCC-LeaderElection442] INFO  impl.RoleInfo (RoleInfo.java:shutdownLeaderElection(134)) - 92ce6e48-4722-407a-9620-5998c6999257: shutdown LeaderElection
2019-10-18 14:02:24,528 [92ce6e48-4722-407a-9620-5998c6999257@group-E964BE911FCC-LeaderElection442] INFO  impl.RoleInfo (RoleInfo.java:updateAndGet(143)) - 92ce6e48-4722-407a-9620-5998c6999257: start FollowerState
2019-10-18 14:02:24,717 [Thread-3192] INFO  impl.FollowerState (FollowerState.java:run(108)) - 92ce6e48-4722-407a-9620-5998c6999257@group-E964BE911FCC-FollowerState: change to CANDIDATE, lastRpcTime:188ms, electionTimeout:188ms
2019-10-18 14:02:24,717 [Thread-3192] INFO  impl.RoleInfo (RoleInfo.java:shutdownFollowerState(121)) - 92ce6e48-4722-407a-9620-5998c6999257: shutdown FollowerState
2019-10-18 14:02:24,717 [Thread-3192] INFO  impl.RaftServerImpl (RaftServerImpl.java:setRole(184)) - 92ce6e48-4722-407a-9620-5998c6999257@group-E964BE911FCC: changes role from  FOLLOWER to CANDIDATE at term 486 for changeToCandidate
2019-10-18 14:02:24,717 [Thread-3192] INFO  impl.RoleInfo (RoleInfo.java:updateAndGet(143)) - 92ce6e48-4722-407a-9620-5998c6999257: start LeaderElection
2019-10-18 14:02:24,731 [92ce6e48-4722-407a-9620-5998c6999257@group-E964BE911FCC-LeaderElection443] INFO  impl.LeaderElection (LeaderElection.java:askForVotes(178)) - 92ce6e48-4722-407a-9620-5998c6999257@group-E964BE911FCC-LeaderElection443: begin an election at term 487 for -1: [6cbfae60-ea29-4abc-a49d-ef94f4bd513a:192.168.69.85:36685, 66f9d00c-1e97-4252-958c-bed5a531abda:192.168.69.85:45996, 92ce6e48-4722-407a-9620-5998c6999257:192.168.69.85:34971], old=null
2019-10-18 14:02:24,733 [grpc-default-executor-4] INFO  impl.RaftServerImpl (RaftServerImpl.java:setRole(184)) - 6cbfae60-ea29-4abc-a49d-ef94f4bd513a@group-E964BE911FCC: changes role from  FOLLOWER to FOLLOWER at term 487 for recognizeCandidate:92ce6e48-4722-407a-9620-5998c6999257
2019-10-18 14:02:24,733 [grpc-default-executor-1] INFO  impl.RaftServerImpl (RaftServerImpl.java:setRole(184)) - 66f9d00c-1e97-4252-958c-bed5a531abda@group-E964BE911FCC: changes role from  FOLLOWER to FOLLOWER at term 487 for recognizeCandidate:92ce6e48-4722-407a-9620-5998c6999257
2019-10-18 14:02:24,733 [grpc-default-executor-4] INFO  impl.RoleInfo (RoleInfo.java:shutdownFollowerState(121)) - 6cbfae60-ea29-4abc-a49d-ef94f4bd513a: shutdown FollowerState
2019-10-18 14:02:24,733 [grpc-default-executor-1] INFO  impl.RoleInfo (RoleInfo.java:shutdownFollowerState(121)) - 66f9d00c-1e97-4252-958c-bed5a531abda: shutdown FollowerState
2019-10-18 14:02:24,733 [grpc-default-executor-4] INFO  impl.RoleInfo (RoleInfo.java:updateAndGet(143)) - 6cbfae60-ea29-4abc-a49d-ef94f4bd513a: start FollowerState
2019-10-18 14:02:24,734 [Thread-3191] INFO  impl.FollowerState (FollowerState.java:run(117)) - 6cbfae60-ea29-4abc-a49d-ef94f4bd513a@group-E964BE911FCC-FollowerState was interrupted: java.lang.InterruptedException: sleep interrupted
2019-10-18 14:02:24,734 [grpc-default-executor-1] INFO  impl.RoleInfo (RoleInfo.java:updateAndGet(143)) - 66f9d00c-1e97-4252-958c-bed5a531abda: start FollowerState
2019-10-18 14:02:24,734 [Thread-3190] INFO  impl.FollowerState (FollowerState.java:run(117)) - 66f9d00c-1e97-4252-958c-bed5a531abda@group-E964BE911FCC-FollowerState was interrupted: java.lang.InterruptedException: sleep interrupted
2019-10-18 14:02:24,750 [92ce6e48-4722-407a-9620-5998c6999257@group-E964BE911FCC-LeaderElection443] INFO  impl.LeaderElection (LeaderElection.java:logAndReturn(56)) - 92ce6e48-4722-407a-9620-5998c6999257@group-E964BE911FCC-LeaderElection443: Election REJECTED; received 2 response(s) [92ce6e48-4722-407a-9620-5998c6999257<-6cbfae60-ea29-4abc-a49d-ef94f4bd513a#0:FAIL-t487, 92ce6e48-4722-407a-9620-5998c6999257<-66f9d00c-1e97-4252-958c-bed5a531abda#0:FAIL-t487] and 0 exception(s); 92ce6e48-4722-407a-9620-5998c6999257@group-E964BE911FCC:t487, leader=null, voted=92ce6e48-4722-407a-9620-5998c6999257, raftlog=92ce6e48-4722-407a-9620-5998c6999257@group-E964BE911FCC-SegmentedRaftLog:OPENED:c-1,f-1,i0, conf=-1: [6cbfae60-ea29-4abc-a49d-ef94f4bd513a:192.168.69.85:36685, 66f9d00c-1e97-4252-958c-bed5a531abda:192.168.69.85:45996, 92ce6e48-4722-407a-9620-5998c6999257:192.168.69.85:34971], old=null
2019-10-18 14:02:24,750 [92ce6e48-4722-407a-9620-5998c6999257@group-E964BE911FCC-LeaderElection443] INFO  impl.RaftServerImpl (RaftServerImpl.java:setRole(184)) - 92ce6e48-4722-407a-9620-5998c6999257@group-E964BE911FCC: changes role from CANDIDATE to FOLLOWER at term 487 for DISCOVERED_A_NEW_TERM
2019-10-18 14:02:24,750 [92ce6e48-4722-407a-9620-5998c6999257@group-E964BE911FCC-LeaderElection443] INFO  impl.RoleInfo (RoleInfo.java:shutdownLeaderElection(134)) - 92ce6e48-4722-407a-9620-5998c6999257: shutdown LeaderElection
2019-10-18 14:02:24,750 [92ce6e48-4722-407a-9620-5998c6999257@group-E964BE911FCC-LeaderElection443] INFO  impl.RoleInfo (RoleInfo.java:updateAndGet(143)) - 92ce6e48-4722-407a-9620-5998c6999257: start FollowerState
2019-10-18 14:02:24,924 [Thread-3200] INFO  impl.FollowerState (FollowerState.java:run(108)) - 92ce6e48-4722-407a-9620-5998c6999257@group-E964BE911FCC-FollowerState: change to CANDIDATE, lastRpcTime:174ms, electionTimeout:174ms
2019-10-18 14:02:24,924 [Thread-3200] INFO  impl.RoleInfo (RoleInfo.java:shutdownFollowerState(121)) - 92ce6e48-4722-407a-9620-5998c6999257: shutdown FollowerState
2019-10-18 14:02:24,925 [Thread-3200] INFO  impl.RaftServerImpl (RaftServerImpl.java:setRole(184)) - 92ce6e48-4722-407a-9620-5998c6999257@group-E964BE911FCC: changes role from  FOLLOWER to CANDIDATE at term 487 for changeToCandidate
2019-10-18 14:02:24,925 [Thread-3200] INFO  impl.RoleInfo (RoleInfo.java:updateAndGet(143)) - 92ce6e48-4722-407a-9620-5998c6999257: start LeaderElection
2019-10-18 14:02:24,938 [92ce6e48-4722-407a-9620-5998c6999257@group-E964BE911FCC-LeaderElection444] INFO  impl.LeaderElection (LeaderElection.java:askForVotes(178)) - 92ce6e48-4722-407a-9620-5998c6999257@group-E964BE911FCC-LeaderElection444: begin an election at term 488 for -1: [6cbfae60-ea29-4abc-a49d-ef94f4bd513a:192.168.69.85:36685, 66f9d00c-1e97-4252-958c-bed5a531abda:192.168.69.85:45996, 92ce6e48-4722-407a-9620-5998c6999257:192.168.69.85:34971], old=null
2019-10-18 14:02:24,940 [grpc-default-executor-1] INFO  impl.RaftServerImpl (RaftServerImpl.java:setRole(184)) - 6cbfae60-ea29-4abc-a49d-ef94f4bd513a@group-E964BE911FCC: changes role from  FOLLOWER to FOLLOWER at term 488 for recognizeCandidate:92ce6e48-4722-407a-9620-5998c6999257
2019-10-18 14:02:24,941 [grpc-default-executor-1] INFO  impl.RoleInfo (RoleInfo.java:shutdownFollowerState(121)) - 6cbfae60-ea29-4abc-a49d-ef94f4bd513a: shutdown FollowerState
2019-10-18 14:02:24,941 [grpc-default-executor-4] INFO  impl.RaftServerImpl (RaftServerImpl.java:setRole(184)) - 66f9d00c-1e97-4252-958c-bed5a531abda@group-E964BE911FCC: changes role from  FOLLOWER to FOLLOWER at term 488 for recognizeCandidate:92ce6e48-4722-407a-9620-5998c6999257
2019-10-18 14:02:24,941 [grpc-default-executor-4] INFO  impl.RoleInfo (RoleInfo.java:shutdownFollowerState(121)) - 66f9d00c-1e97-4252-958c-bed5a531abda: shutdown FollowerState
2019-10-18 14:02:24,941 [Thread-3198] INFO  impl.FollowerState (FollowerState.java:run(117)) - 6cbfae60-ea29-4abc-a49d-ef94f4bd513a@group-E964BE911FCC-FollowerState was interrupted: java.lang.InterruptedException: sleep interrupted
2019-10-18 14:02:24,941 [grpc-default-executor-1] INFO  impl.RoleInfo (RoleInfo.java:updateAndGet(143)) - 6cbfae60-ea29-4abc-a49d-ef94f4bd513a: start FollowerState
2019-10-18 14:02:24,941 [Thread-3199] INFO  impl.FollowerState (FollowerState.java:run(117)) - 66f9d00c-1e97-4252-958c-bed5a531abda@group-E964BE911FCC-FollowerState was interrupted: java.lang.InterruptedException: sleep interrupted
2019-10-18 14:02:24,941 [grpc-default-executor-4] INFO  impl.RoleInfo (RoleInfo.java:updateAndGet(143)) - 66f9d00c-1e97-4252-958c-bed5a531abda: start FollowerState
2019-10-18 14:02:24,957 [92ce6e48-4722-407a-9620-5998c6999257@group-E964BE911FCC-LeaderElection444] INFO  impl.LeaderElection (LeaderElection.java:logAndReturn(56)) - 92ce6e48-4722-407a-9620-5998c6999257@group-E964BE911FCC-LeaderElection444: Election REJECTED; received 2 response(s) [92ce6e48-4722-407a-9620-5998c6999257<-6cbfae60-ea29-4abc-a49d-ef94f4bd513a#0:FAIL-t488, 92ce6e48-4722-407a-9620-5998c6999257<-66f9d00c-1e97-4252-958c-bed5a531abda#0:FAIL-t488] and 0 exception(s); 92ce6e48-4722-407a-9620-5998c6999257@group-E964BE911FCC:t488, leader=null, voted=92ce6e48-4722-407a-9620-5998c6999257, raftlog=92ce6e48-4722-407a-9620-5998c6999257@group-E964BE911FCC-SegmentedRaftLog:OPENED:c-1,f-1,i0, conf=-1: [6cbfae60-ea29-4abc-a49d-ef94f4bd513a:192.168.69.85:36685, 66f9d00c-1e97-4252-958c-bed5a531abda:192.168.69.85:45996, 92ce6e48-4722-407a-9620-5998c6999257:192.168.69.85:34971], old=null
2019-10-18 14:02:24,957 [92ce6e48-4722-407a-9620-5998c6999257@group-E964BE911FCC-LeaderElection444] INFO  impl.RaftServerImpl (RaftServerImpl.java:setRole(184)) - 92ce6e48-4722-407a-9620-5998c6999257@group-E964BE911FCC: changes role from CANDIDATE to FOLLOWER at term 488 for DISCOVERED_A_NEW_TERM
2019-10-18 14:02:24,957 [92ce6e48-4722-407a-9620-5998c6999257@group-E964BE911FCC-LeaderElection444] INFO  impl.RoleInfo (RoleInfo.java:shutdownLeaderElection(134)) - 92ce6e48-4722-407a-9620-5998c6999257: shutdown LeaderElection
2019-10-18 14:02:24,957 [92ce6e48-4722-407a-9620-5998c6999257@group-E964BE911FCC-LeaderElection444] INFO  impl.RoleInfo (RoleInfo.java:updateAndGet(143)) - 92ce6e48-4722-407a-9620-5998c6999257: start FollowerState
2019-10-18 14:02:24,976 [Thread-3206] INFO  impl.FollowerState (FollowerState.java:run(108)) - 92ce6e48-4722-407a-9620-5998c6999257@group-E964BE911FCC-FollowerState: change to CANDIDATE, lastRpcTime:18ms, electionTimeout:18ms
2019-10-18 14:02:24,976 [Thread-3206] INFO  impl.RoleInfo (RoleInfo.java:shutdownFollowerState(121)) - 92ce6e48-4722-407a-9620-5998c6999257: shutdown FollowerState
2019-10-18 14:02:24,976 [Thread-3206] INFO  impl.RaftServerImpl (RaftServerImpl.java:setRole(184)) - 92ce6e48-4722-407a-9620-5998c6999257@group-E964BE911FCC: changes role from  FOLLOWER to CANDIDATE at term 488 for changeToCandidate
2019-10-18 14:02:24,976 [Thread-3206] INFO  impl.RoleInfo (RoleInfo.java:updateAndGet(143)) - 92ce6e48-4722-407a-9620-5998c6999257: start LeaderElection
2019-10-18 14:02:24,990 [92ce6e48-4722-407a-9620-5998c6999257@group-E964BE911FCC-LeaderElection445] INFO  impl.LeaderElection (LeaderElection.java:askForVotes(178)) - 92ce6e48-4722-407a-9620-5998c6999257@group-E964BE911FCC-LeaderElection445: begin an election at term 489 for -1: [6cbfae60-ea29-4abc-a49d-ef94f4bd513a:192.168.69.85:36685, 66f9d00c-1e97-4252-958c-bed5a531abda:192.168.69.85:45996, 92ce6e48-4722-407a-9620-5998c6999257:192.168.69.85:34971], old=null
2019-10-18 14:02:24,992 [grpc-default-executor-1] INFO  impl.RaftServerImpl (RaftServerImpl.java:setRole(184)) - 66f9d00c-1e97-4252-958c-bed5a531abda@group-E964BE911FCC: changes role from  FOLLOWER to FOLLOWER at term 489 for recognizeCandidate:92ce6e48-4722-407a-9620-5998c6999257
2019-10-18 14:02:24,992 [grpc-default-executor-1] INFO  impl.RoleInfo (RoleInfo.java:shutdownFollowerState(121)) - 66f9d00c-1e97-4252-958c-bed5a531abda: shutdown FollowerState
2019-10-18 14:02:24,992 [grpc-default-executor-1] INFO  impl.RoleInfo (RoleInfo.java:updateAndGet(143)) - 66f9d00c-1e97-4252-958c-bed5a531abda: start FollowerState
2019-10-18 14:02:24,992 [grpc-default-executor-4] INFO  impl.RaftServerImpl (RaftServerImpl.java:setRole(184)) - 6cbfae60-ea29-4abc-a49d-ef94f4bd513a@group-E964BE911FCC: changes role from  FOLLOWER to FOLLOWER at term 489 for recognizeCandidate:92ce6e48-4722-407a-9620-5998c6999257
2019-10-18 14:02:24,992 [grpc-default-executor-4] INFO  impl.RoleInfo (RoleInfo.java:shutdownFollowerState(121)) - 6cbfae60-ea29-4abc-a49d-ef94f4bd513a: shutdown FollowerState
2019-10-18 14:02:24,992 [Thread-3205] INFO  impl.FollowerState (FollowerState.java:run(117)) - 66f9d00c-1e97-4252-958c-bed5a531abda@group-E964BE911FCC-FollowerState was interrupted: java.lang.InterruptedException: sleep interrupted
2019-10-18 14:02:24,992 [grpc-default-executor-4] INFO  impl.RoleInfo (RoleInfo.java:updateAndGet(143)) - 6cbfae60-ea29-4abc-a49d-ef94f4bd513a: start FollowerState
2019-10-18 14:02:24,992 [Thread-3204] INFO  impl.FollowerState (FollowerState.java:run(117)) - 6cbfae60-ea29-4abc-a49d-ef94f4bd513a@group-E964BE911FCC-FollowerState was interrupted: java.lang.InterruptedException: sleep interrupted
2019-10-18 14:02:25,018 [92ce6e48-4722-407a-9620-5998c6999257@group-E964BE911FCC-LeaderElection445] INFO  impl.LeaderElection (LeaderElection.java:logAndReturn(56)) - 92ce6e48-4722-407a-9620-5998c6999257@group-E964BE911FCC-LeaderElection445: Election REJECTED; received 2 response(s) [92ce6e48-4722-407a-9620-5998c6999257<-6cbfae60-ea29-4abc-a49d-ef94f4bd513a#0:FAIL-t489, 92ce6e48-4722-407a-9620-5998c6999257<-66f9d00c-1e97-4252-958c-bed5a531abda#0:FAIL-t489] and 0 exception(s); 92ce6e48-4722-407a-9620-5998c6999257@group-E964BE911FCC:t489, leader=null, voted=92ce6e48-4722-407a-9620-5998c6999257, raftlog=92ce6e48-4722-407a-9620-5998c6999257@group-E964BE911FCC-SegmentedRaftLog:OPENED:c-1,f-1,i0, conf=-1: [6cbfae60-ea29-4abc-a49d-ef94f4bd513a:192.168.69.85:36685, 66f9d00c-1e97-4252-958c-bed5a531abda:192.168.69.85:45996, 92ce6e48-4722-407a-9620-5998c6999257:192.168.69.85:34971], old=null
2019-10-18 14:02:25,019 [92ce6e48-4722-407a-9620-5998c6999257@group-E964BE911FCC-LeaderElection445] INFO  impl.RaftServerImpl (RaftServerImpl.java:setRole(184)) - 92ce6e48-4722-407a-9620-5998c6999257@group-E964BE911FCC: changes role from CANDIDATE to FOLLOWER at term 489 for DISCOVERED_A_NEW_TERM
2019-10-18 14:02:25,019 [92ce6e48-4722-407a-9620-5998c6999257@group-E964BE911FCC-LeaderElection445] INFO  impl.RoleInfo (RoleInfo.java:shutdownLeaderElection(134)) - 92ce6e48-4722-407a-9620-5998c6999257: shutdown LeaderElection
2019-10-18 14:02:25,019 [92ce6e48-4722-407a-9620-5998c6999257@group-E964BE911FCC-LeaderElection445] INFO  impl.RoleInfo (RoleInfo.java:updateAndGet(143)) - 92ce6e48-4722-407a-9620-5998c6999257: start FollowerState
2019-10-18 14:02:25,188 [Thread-3212] INFO  impl.FollowerState (FollowerState.java:run(108)) - 92ce6e48-4722-407a-9620-5998c6999257@group-E964BE911FCC-FollowerState: change to CANDIDATE, lastRpcTime:169ms, electionTimeout:169ms
2019-10-18 14:02:25,188 [Thread-3212] INFO  impl.RoleInfo (RoleInfo.java:shutdownFollowerState(121)) - 92ce6e48-4722-407a-9620-5998c6999257: shutdown FollowerState
2019-10-18 14:02:25,188 [Thread-3212] INFO  impl.RaftServerImpl (RaftServerImpl.java:setRole(184)) - 92ce6e48-4722-407a-9620-5998c6999257@group-E964BE911FCC: changes role from  FOLLOWER to CANDIDATE at term 489 for changeToCandidate
2019-10-18 14:02:25,189 [Thread-3212] INFO  impl.RoleInfo (RoleInfo.java:updateAndGet(143)) - 92ce6e48-4722-407a-9620-5998c6999257: start LeaderElection
2019-10-18 14:02:25,202 [92ce6e48-4722-407a-9620-5998c6999257@group-E964BE911FCC-LeaderElection446] INFO  impl.LeaderElection (LeaderElection.java:askForVotes(178)) - 92ce6e48-4722-407a-9620-5998c6999257@group-E964BE911FCC-LeaderElection446: begin an election at term 490 for -1: [6cbfae60-ea29-4abc-a49d-ef94f4bd513a:192.168.69.85:36685, 66f9d00c-1e97-4252-958c-bed5a531abda:192.168.69.85:45996, 92ce6e48-4722-407a-9620-5998c6999257:192.168.69.85:34971], old=null
2019-10-18 14:02:25,204 [grpc-default-executor-1] INFO  impl.RaftServerImpl (RaftServerImpl.java:setRole(184)) - 6cbfae60-ea29-4abc-a49d-ef94f4bd513a@group-E964BE911FCC: changes role from  FOLLOWER to FOLLOWER at term 490 for recognizeCandidate:92ce6e48-4722-407a-9620-5998c6999257
2019-10-18 14:02:25,204 [grpc-default-executor-4] INFO  impl.RaftServerImpl (RaftServerImpl.java:setRole(184)) - 66f9d00c-1e97-4252-958c-bed5a531abda@group-E964BE911FCC: changes role from  FOLLOWER to FOLLOWER at term 490 for recognizeCandidate:92ce6e48-4722-407a-9620-5998c6999257
2019-10-18 14:02:25,204 [grpc-default-executor-4] INFO  impl.RoleInfo (RoleInfo.java:shutdownFollowerState(121)) - 66f9d00c-1e97-4252-958c-bed5a531abda: shutdown FollowerState
2019-10-18 14:02:25,204 [grpc-default-executor-1] INFO  impl.RoleInfo (RoleInfo.java:shutdownFollowerState(121)) - 6cbfae60-ea29-4abc-a49d-ef94f4bd513a: shutdown FollowerState
2019-10-18 14:02:25,204 [grpc-default-executor-4] INFO  impl.RoleInfo (RoleInfo.java:updateAndGet(143)) - 66f9d00c-1e97-4252-958c-bed5a531abda: start FollowerState
2019-10-18 14:02:25,204 [Thread-3210] INFO  impl.FollowerState (FollowerState.java:run(117)) - 66f9d00c-1e97-4252-958c-bed5a531abda@group-E964BE911FCC-FollowerState was interrupted: java.lang.InterruptedException: sleep interrupted
2019-10-18 14:02:25,205 [Thread-3211] INFO  impl.FollowerState (FollowerState.java:run(117)) - 6cbfae60-ea29-4abc-a49d-ef94f4bd513a@group-E964BE911FCC-FollowerState was interrupted: java.lang.InterruptedException: sleep interrupted
2019-10-18 14:02:25,205 [grpc-default-executor-1] INFO  impl.RoleInfo (RoleInfo.java:updateAndGet(143)) - 6cbfae60-ea29-4abc-a49d-ef94f4bd513a: start FollowerState
2019-10-18 14:02:25,239 [92ce6e48-4722-407a-9620-5998c6999257@group-E964BE911FCC-LeaderElection446] INFO  impl.LeaderElection (LeaderElection.java:logAndReturn(56)) - 92ce6e48-4722-407a-9620-5998c6999257@group-E964BE911FCC-LeaderElection446: Election REJECTED; received 2 response(s) [92ce6e48-4722-407a-9620-5998c6999257<-6cbfae60-ea29-4abc-a49d-ef94f4bd513a#0:FAIL-t490, 92ce6e48-4722-407a-9620-5998c6999257<-66f9d00c-1e97-4252-958c-bed5a531abda#0:FAIL-t490] and 0 exception(s); 92ce6e48-4722-407a-9620-5998c6999257@group-E964BE911FCC:t490, leader=null, voted=92ce6e48-4722-407a-9620-5998c6999257, raftlog=92ce6e48-4722-407a-9620-5998c6999257@group-E964BE911FCC-SegmentedRaftLog:OPENED:c-1,f-1,i0, conf=-1: [6cbfae60-ea29-4abc-a49d-ef94f4bd513a:192.168.69.85:36685, 66f9d00c-1e97-4252-958c-bed5a531abda:192.168.69.85:45996, 92ce6e48-4722-407a-9620-5998c6999257:192.168.69.85:34971], old=null
2019-10-18 14:02:25,239 [92ce6e48-4722-407a-9620-5998c6999257@group-E964BE911FCC-LeaderElection446] INFO  impl.RaftServerImpl (RaftServerImpl.java:setRole(184)) - 92ce6e48-4722-407a-9620-5998c6999257@group-E964BE911FCC: changes role from CANDIDATE to FOLLOWER at term 490 for DISCOVERED_A_NEW_TERM
2019-10-18 14:02:25,239 [92ce6e48-4722-407a-9620-5998c6999257@group-E964BE911FCC-LeaderElection446] INFO  impl.RoleInfo (RoleInfo.java:shutdownLeaderElection(134)) - 92ce6e48-4722-407a-9620-5998c6999257: shutdown LeaderElection
2019-10-18 14:02:25,239 [92ce6e48-4722-407a-9620-5998c6999257@group-E964BE911FCC-LeaderElection446] INFO  impl.RoleInfo (RoleInfo.java:updateAndGet(143)) - 92ce6e48-4722-407a-9620-5998c6999257: start FollowerState
2019-10-18 14:02:25,265 [Datanode State Machine Thread - 0] INFO  statemachine.DatanodeStateMachine (DatanodeStateMachine.java:lambda$startDaemon$0(350)) - Ozone container server started.
2019-10-18 14:02:25,305 [Datanode State Machine Thread - 0] INFO  statemachine.DatanodeStateMachine (DatanodeStateMachine.java:lambda$startDaemon$0(350)) - Ozone container server started.
2019-10-18 14:02:25,310 [Thread-3218] INFO  impl.FollowerState (FollowerState.java:run(108)) - 92ce6e48-4722-407a-9620-5998c6999257@group-E964BE911FCC-FollowerState: change to CANDIDATE, lastRpcTime:70ms, electionTimeout:66ms
2019-10-18 14:02:25,310 [Thread-3218] INFO  impl.RoleInfo (RoleInfo.java:shutdownFollowerState(121)) - 92ce6e48-4722-407a-9620-5998c6999257: shutdown FollowerState
2019-10-18 14:02:25,310 [Thread-3218] INFO  impl.RaftServerImpl (RaftServerImpl.java:setRole(184)) - 92ce6e48-4722-407a-9620-5998c6999257@group-E964BE911FCC: changes role from  FOLLOWER to CANDIDATE at term 490 for changeToCandidate
2019-10-18 14:02:25,310 [Thread-3218] INFO  impl.RoleInfo (RoleInfo.java:updateAndGet(143)) - 92ce6e48-4722-407a-9620-5998c6999257: start LeaderElection
2019-10-18 14:02:25,336 [92ce6e48-4722-407a-9620-5998c6999257@group-E964BE911FCC-LeaderElection447] INFO  impl.LeaderElection (LeaderElection.java:askForVotes(178)) - 92ce6e48-4722-407a-9620-5998c6999257@group-E964BE911FCC-LeaderElection447: begin an election at term 491 for -1: [6cbfae60-ea29-4abc-a49d-ef94f4bd513a:192.168.69.85:36685, 66f9d00c-1e97-4252-958c-bed5a531abda:192.168.69.85:45996, 92ce6e48-4722-407a-9620-5998c6999257:192.168.69.85:34971], old=null
2019-10-18 14:02:25,338 [grpc-default-executor-4] INFO  impl.RaftServerImpl (RaftServerImpl.java:setRole(184)) - 6cbfae60-ea29-4abc-a49d-ef94f4bd513a@group-E964BE911FCC: changes role from  FOLLOWER to FOLLOWER at term 491 for recognizeCandidate:92ce6e48-4722-407a-9620-5998c6999257
2019-10-18 14:02:25,338 [grpc-default-executor-1] INFO  impl.RaftServerImpl (RaftServerImpl.java:setRole(184)) - 66f9d00c-1e97-4252-958c-bed5a531abda@group-E964BE911FCC: changes role from  FOLLOWER to FOLLOWER at term 491 for recognizeCandidate:92ce6e48-4722-407a-9620-5998c6999257
2019-10-18 14:02:25,338 [grpc-default-executor-1] INFO  impl.RoleInfo (RoleInfo.java:shutdownFollowerState(121)) - 66f9d00c-1e97-4252-958c-bed5a531abda: shutdown FollowerState
2019-10-18 14:02:25,338 [grpc-default-executor-4] INFO  impl.RoleInfo (RoleInfo.java:shutdownFollowerState(121)) - 6cbfae60-ea29-4abc-a49d-ef94f4bd513a: shutdown FollowerState
2019-10-18 14:02:25,338 [Thread-3216] INFO  impl.FollowerState (FollowerState.java:run(117)) - 66f9d00c-1e97-4252-958c-bed5a531abda@group-E964BE911FCC-FollowerState was interrupted: java.lang.InterruptedException: sleep interrupted
2019-10-18 14:02:25,338 [grpc-default-executor-1] INFO  impl.RoleInfo (RoleInfo.java:updateAndGet(143)) - 66f9d00c-1e97-4252-958c-bed5a531abda: start FollowerState
2019-10-18 14:02:25,338 [grpc-default-executor-4] INFO  impl.RoleInfo (RoleInfo.java:updateAndGet(143)) - 6cbfae60-ea29-4abc-a49d-ef94f4bd513a: start FollowerState
2019-10-18 14:02:25,338 [Thread-3217] INFO  impl.FollowerState (FollowerState.java:run(117)) - 6cbfae60-ea29-4abc-a49d-ef94f4bd513a@group-E964BE911FCC-FollowerState was interrupted: java.lang.InterruptedException: sleep interrupted
2019-10-18 14:02:25,365 [92ce6e48-4722-407a-9620-5998c6999257@group-E964BE911FCC-LeaderElection447] INFO  impl.LeaderElection (LeaderElection.java:logAndReturn(56)) - 92ce6e48-4722-407a-9620-5998c6999257@group-E964BE911FCC-LeaderElection447: Election REJECTED; received 2 response(s) [92ce6e48-4722-407a-9620-5998c6999257<-6cbfae60-ea29-4abc-a49d-ef94f4bd513a#0:FAIL-t491, 92ce6e48-4722-407a-9620-5998c6999257<-66f9d00c-1e97-4252-958c-bed5a531abda#0:FAIL-t491] and 0 exception(s); 92ce6e48-4722-407a-9620-5998c6999257@group-E964BE911FCC:t491, leader=null, voted=92ce6e48-4722-407a-9620-5998c6999257, raftlog=92ce6e48-4722-407a-9620-5998c6999257@group-E964BE911FCC-SegmentedRaftLog:OPENED:c-1,f-1,i0, conf=-1: [6cbfae60-ea29-4abc-a49d-ef94f4bd513a:192.168.69.85:36685, 66f9d00c-1e97-4252-958c-bed5a531abda:192.168.69.85:45996, 92ce6e48-4722-407a-9620-5998c6999257:192.168.69.85:34971], old=null
2019-10-18 14:02:25,365 [92ce6e48-4722-407a-9620-5998c6999257@group-E964BE911FCC-LeaderElection447] INFO  impl.RaftServerImpl (RaftServerImpl.java:setRole(184)) - 92ce6e48-4722-407a-9620-5998c6999257@group-E964BE911FCC: changes role from CANDIDATE to FOLLOWER at term 491 for DISCOVERED_A_NEW_TERM
2019-10-18 14:02:25,365 [92ce6e48-4722-407a-9620-5998c6999257@group-E964BE911FCC-LeaderElection447] INFO  impl.RoleInfo (RoleInfo.java:shutdownLeaderElection(134)) - 92ce6e48-4722-407a-9620-5998c6999257: shutdown LeaderElection
2019-10-18 14:02:25,365 [92ce6e48-4722-407a-9620-5998c6999257@group-E964BE911FCC-LeaderElection447] INFO  impl.RoleInfo (RoleInfo.java:updateAndGet(143)) - 92ce6e48-4722-407a-9620-5998c6999257: start FollowerState
2019-10-18 14:02:25,388 [Thread-3224] INFO  impl.FollowerState (FollowerState.java:run(108)) - 92ce6e48-4722-407a-9620-5998c6999257@group-E964BE911FCC-FollowerState: change to CANDIDATE, lastRpcTime:22ms, electionTimeout:22ms
2019-10-18 14:02:25,388 [Thread-3224] INFO  impl.RoleInfo (RoleInfo.java:shutdownFollowerState(121)) - 92ce6e48-4722-407a-9620-5998c6999257: shutdown FollowerState
2019-10-18 14:02:25,388 [Thread-3224] INFO  impl.RaftServerImpl (RaftServerImpl.java:setRole(184)) - 92ce6e48-4722-407a-9620-5998c6999257@group-E964BE911FCC: changes role from  FOLLOWER to CANDIDATE at term 491 for changeToCandidate
2019-10-18 14:02:25,388 [Thread-3224] INFO  impl.RoleInfo (RoleInfo.java:updateAndGet(143)) - 92ce6e48-4722-407a-9620-5998c6999257: start LeaderElection
2019-10-18 14:02:25,401 [92ce6e48-4722-407a-9620-5998c6999257@group-E964BE911FCC-LeaderElection448] INFO  impl.LeaderElection (LeaderElection.java:askForVotes(178)) - 92ce6e48-4722-407a-9620-5998c6999257@group-E964BE911FCC-LeaderElection448: begin an election at term 492 for -1: [6cbfae60-ea29-4abc-a49d-ef94f4bd513a:192.168.69.85:36685, 66f9d00c-1e97-4252-958c-bed5a531abda:192.168.69.85:45996, 92ce6e48-4722-407a-9620-5998c6999257:192.168.69.85:34971], old=null
2019-10-18 14:02:25,402 [grpc-default-executor-4] INFO  impl.RaftServerImpl (RaftServerImpl.java:setRole(184)) - 6cbfae60-ea29-4abc-a49d-ef94f4bd513a@group-E964BE911FCC: changes role from  FOLLOWER to FOLLOWER at term 492 for recognizeCandidate:92ce6e48-4722-407a-9620-5998c6999257
2019-10-18 14:02:25,402 [grpc-default-executor-4] INFO  impl.RoleInfo (RoleInfo.java:shutdownFollowerState(121)) - 6cbfae60-ea29-4abc-a49d-ef94f4bd513a: shutdown FollowerState
2019-10-18 14:02:25,402 [grpc-default-executor-4] INFO  impl.RoleInfo (RoleInfo.java:updateAndGet(143)) - 6cbfae60-ea29-4abc-a49d-ef94f4bd513a: start FollowerState
2019-10-18 14:02:25,402 [grpc-default-executor-1] INFO  impl.RaftServerImpl (RaftServerImpl.java:setRole(184)) - 66f9d00c-1e97-4252-958c-bed5a531abda@group-E964BE911FCC: changes role from  FOLLOWER to FOLLOWER at term 492 for recognizeCandidate:92ce6e48-4722-407a-9620-5998c6999257
2019-10-18 14:02:25,403 [grpc-default-executor-1] INFO  impl.RoleInfo (RoleInfo.java:shutdownFollowerState(121)) - 66f9d00c-1e97-4252-958c-bed5a531abda: shutdown FollowerState
2019-10-18 14:02:25,402 [Thread-3223] INFO  impl.FollowerState (FollowerState.java:run(117)) - 6cbfae60-ea29-4abc-a49d-ef94f4bd513a@group-E964BE911FCC-FollowerState was interrupted: java.lang.InterruptedException: sleep interrupted
2019-10-18 14:02:25,403 [grpc-default-executor-1] INFO  impl.RoleInfo (RoleInfo.java:updateAndGet(143)) - 66f9d00c-1e97-4252-958c-bed5a531abda: start FollowerState
2019-10-18 14:02:25,403 [Thread-3222] INFO  impl.FollowerState (FollowerState.java:run(117)) - 66f9d00c-1e97-4252-958c-bed5a531abda@group-E964BE911FCC-FollowerState was interrupted: java.lang.InterruptedException: sleep interrupted
2019-10-18 14:02:25,428 [92ce6e48-4722-407a-9620-5998c6999257@group-E964BE911FCC-LeaderElection448] INFO  impl.LeaderElection (LeaderElection.java:logAndReturn(56)) - 92ce6e48-4722-407a-9620-5998c6999257@group-E964BE911FCC-LeaderElection448: Election REJECTED; received 2 response(s) [92ce6e48-4722-407a-9620-5998c6999257<-6cbfae60-ea29-4abc-a49d-ef94f4bd513a#0:FAIL-t492, 92ce6e48-4722-407a-9620-5998c6999257<-66f9d00c-1e97-4252-958c-bed5a531abda#0:FAIL-t492] and 0 exception(s); 92ce6e48-4722-407a-9620-5998c6999257@group-E964BE911FCC:t492, leader=null, voted=92ce6e48-4722-407a-9620-5998c6999257, raftlog=92ce6e48-4722-407a-9620-5998c6999257@group-E964BE911FCC-SegmentedRaftLog:OPENED:c-1,f-1,i0, conf=-1: [6cbfae60-ea29-4abc-a49d-ef94f4bd513a:192.168.69.85:36685, 66f9d00c-1e97-4252-958c-bed5a531abda:192.168.69.85:45996, 92ce6e48-4722-407a-9620-5998c6999257:192.168.69.85:34971], old=null
2019-10-18 14:02:25,428 [92ce6e48-4722-407a-9620-5998c6999257@group-E964BE911FCC-LeaderElection448] INFO  impl.RaftServerImpl (RaftServerImpl.java:setRole(184)) - 92ce6e48-4722-407a-9620-5998c6999257@group-E964BE911FCC: changes role from CANDIDATE to FOLLOWER at term 492 for DISCOVERED_A_NEW_TERM
2019-10-18 14:02:25,428 [92ce6e48-4722-407a-9620-5998c6999257@group-E964BE911FCC-LeaderElection448] INFO  impl.RoleInfo (RoleInfo.java:shutdownLeaderElection(134)) - 92ce6e48-4722-407a-9620-5998c6999257: shutdown LeaderElection
2019-10-18 14:02:25,428 [92ce6e48-4722-407a-9620-5998c6999257@group-E964BE911FCC-LeaderElection448] INFO  impl.RoleInfo (RoleInfo.java:updateAndGet(143)) - 92ce6e48-4722-407a-9620-5998c6999257: start FollowerState
2019-10-18 14:02:25,462 [Thread-3230] INFO  impl.FollowerState (FollowerState.java:run(108)) - 92ce6e48-4722-407a-9620-5998c6999257@group-E964BE911FCC-FollowerState: change to CANDIDATE, lastRpcTime:33ms, electionTimeout:33ms
2019-10-18 14:02:25,462 [Thread-3230] INFO  impl.RoleInfo (RoleInfo.java:shutdownFollowerState(121)) - 92ce6e48-4722-407a-9620-5998c6999257: shutdown FollowerState
2019-10-18 14:02:25,462 [Thread-3230] INFO  impl.RaftServerImpl (RaftServerImpl.java:setRole(184)) - 92ce6e48-4722-407a-9620-5998c6999257@group-E964BE911FCC: changes role from  FOLLOWER to CANDIDATE at term 492 for changeToCandidate
2019-10-18 14:02:25,462 [Thread-3230] INFO  impl.RoleInfo (RoleInfo.java:updateAndGet(143)) - 92ce6e48-4722-407a-9620-5998c6999257: start LeaderElection
2019-10-18 14:02:25,472 [92ce6e48-4722-407a-9620-5998c6999257@group-E964BE911FCC-LeaderElection449] INFO  impl.LeaderElection (LeaderElection.java:askForVotes(178)) - 92ce6e48-4722-407a-9620-5998c6999257@group-E964BE911FCC-LeaderElection449: begin an election at term 493 for -1: [6cbfae60-ea29-4abc-a49d-ef94f4bd513a:192.168.69.85:36685, 66f9d00c-1e97-4252-958c-bed5a531abda:192.168.69.85:45996, 92ce6e48-4722-407a-9620-5998c6999257:192.168.69.85:34971], old=null
2019-10-18 14:02:25,474 [grpc-default-executor-4] INFO  impl.RaftServerImpl (RaftServerImpl.java:setRole(184)) - 6cbfae60-ea29-4abc-a49d-ef94f4bd513a@group-E964BE911FCC: changes role from  FOLLOWER to FOLLOWER at term 493 for recognizeCandidate:92ce6e48-4722-407a-9620-5998c6999257
2019-10-18 14:02:25,474 [grpc-default-executor-0] INFO  impl.RaftServerImpl (RaftServerImpl.java:setRole(184)) - 66f9d00c-1e97-4252-958c-bed5a531abda@group-E964BE911FCC: changes role from  FOLLOWER to FOLLOWER at term 493 for recognizeCandidate:92ce6e48-4722-407a-9620-5998c6999257
2019-10-18 14:02:25,474 [grpc-default-executor-4] INFO  impl.RoleInfo (RoleInfo.java:shutdownFollowerState(121)) - 6cbfae60-ea29-4abc-a49d-ef94f4bd513a: shutdown FollowerState
2019-10-18 14:02:25,474 [grpc-default-executor-0] INFO  impl.RoleInfo (RoleInfo.java:shutdownFollowerState(121)) - 66f9d00c-1e97-4252-958c-bed5a531abda: shutdown FollowerState
2019-10-18 14:02:25,475 [grpc-default-executor-0] INFO  impl.RoleInfo (RoleInfo.java:updateAndGet(143)) - 66f9d00c-1e97-4252-958c-bed5a531abda: start FollowerState
2019-10-18 14:02:25,475 [Thread-3229] INFO  impl.FollowerState (FollowerState.java:run(117)) - 66f9d00c-1e97-4252-958c-bed5a531abda@group-E964BE911FCC-FollowerState was interrupted: java.lang.InterruptedException: sleep interrupted
2019-10-18 14:02:25,475 [grpc-default-executor-4] INFO  impl.RoleInfo (RoleInfo.java:updateAndGet(143)) - 6cbfae60-ea29-4abc-a49d-ef94f4bd513a: start FollowerState
2019-10-18 14:02:25,475 [Thread-3228] INFO  impl.FollowerState (FollowerState.java:run(117)) - 6cbfae60-ea29-4abc-a49d-ef94f4bd513a@group-E964BE911FCC-FollowerState was interrupted: java.lang.InterruptedException: sleep interrupted
2019-10-18 14:02:25,488 [92ce6e48-4722-407a-9620-5998c6999257@group-E964BE911FCC-LeaderElection449] INFO  impl.LeaderElection (LeaderElection.java:logAndReturn(56)) - 92ce6e48-4722-407a-9620-5998c6999257@group-E964BE911FCC-LeaderElection449: Election REJECTED; received 2 response(s) [92ce6e48-4722-407a-9620-5998c6999257<-6cbfae60-ea29-4abc-a49d-ef94f4bd513a#0:FAIL-t493, 92ce6e48-4722-407a-9620-5998c6999257<-66f9d00c-1e97-4252-958c-bed5a531abda#0:FAIL-t493] and 0 exception(s); 92ce6e48-4722-407a-9620-5998c6999257@group-E964BE911FCC:t493, leader=null, voted=92ce6e48-4722-407a-9620-5998c6999257, raftlog=92ce6e48-4722-407a-9620-5998c6999257@group-E964BE911FCC-SegmentedRaftLog:OPENED:c-1,f-1,i0, conf=-1: [6cbfae60-ea29-4abc-a49d-ef94f4bd513a:192.168.69.85:36685, 66f9d00c-1e97-4252-958c-bed5a531abda:192.168.69.85:45996, 92ce6e48-4722-407a-9620-5998c6999257:192.168.69.85:34971], old=null
2019-10-18 14:02:25,489 [92ce6e48-4722-407a-9620-5998c6999257@group-E964BE911FCC-LeaderElection449] INFO  impl.RaftServerImpl (RaftServerImpl.java:setRole(184)) - 92ce6e48-4722-407a-9620-5998c6999257@group-E964BE911FCC: changes role from CANDIDATE to FOLLOWER at term 493 for DISCOVERED_A_NEW_TERM
2019-10-18 14:02:25,489 [92ce6e48-4722-407a-9620-5998c6999257@group-E964BE911FCC-LeaderElection449] INFO  impl.RoleInfo (RoleInfo.java:shutdownLeaderElection(134)) - 92ce6e48-4722-407a-9620-5998c6999257: shutdown LeaderElection
2019-10-18 14:02:25,489 [92ce6e48-4722-407a-9620-5998c6999257@group-E964BE911FCC-LeaderElection449] INFO  impl.RoleInfo (RoleInfo.java:updateAndGet(143)) - 92ce6e48-4722-407a-9620-5998c6999257: start FollowerState
2019-10-18 14:02:25,600 [Thread-3236] INFO  impl.FollowerState (FollowerState.java:run(108)) - 92ce6e48-4722-407a-9620-5998c6999257@group-E964BE911FCC-FollowerState: change to CANDIDATE, lastRpcTime:111ms, electionTimeout:111ms
2019-10-18 14:02:25,600 [Thread-3236] INFO  impl.RoleInfo (RoleInfo.java:shutdownFollowerState(121)) - 92ce6e48-4722-407a-9620-5998c6999257: shutdown FollowerState
2019-10-18 14:02:25,600 [Thread-3236] INFO  impl.RaftServerImpl (RaftServerImpl.java:setRole(184)) - 92ce6e48-4722-407a-9620-5998c6999257@group-E964BE911FCC: changes role from  FOLLOWER to CANDIDATE at term 493 for changeToCandidate
2019-10-18 14:02:25,601 [Thread-3236] INFO  impl.RoleInfo (RoleInfo.java:updateAndGet(143)) - 92ce6e48-4722-407a-9620-5998c6999257: start LeaderElection
2019-10-18 14:02:25,622 [92ce6e48-4722-407a-9620-5998c6999257@group-E964BE911FCC-LeaderElection450] INFO  impl.LeaderElection (LeaderElection.java:askForVotes(178)) - 92ce6e48-4722-407a-9620-5998c6999257@group-E964BE911FCC-LeaderElection450: begin an election at term 494 for -1: [6cbfae60-ea29-4abc-a49d-ef94f4bd513a:192.168.69.85:36685, 66f9d00c-1e97-4252-958c-bed5a531abda:192.168.69.85:45996, 92ce6e48-4722-407a-9620-5998c6999257:192.168.69.85:34971], old=null
2019-10-18 14:02:25,623 [grpc-default-executor-4] INFO  impl.RaftServerImpl (RaftServerImpl.java:setRole(184)) - 6cbfae60-ea29-4abc-a49d-ef94f4bd513a@group-E964BE911FCC: changes role from  FOLLOWER to FOLLOWER at term 494 for recognizeCandidate:92ce6e48-4722-407a-9620-5998c6999257
2019-10-18 14:02:25,624 [grpc-default-executor-4] INFO  impl.RoleInfo (RoleInfo.java:shutdownFollowerState(121)) - 6cbfae60-ea29-4abc-a49d-ef94f4bd513a: shutdown FollowerState
2019-10-18 14:02:25,624 [grpc-default-executor-0] INFO  impl.RaftServerImpl (RaftServerImpl.java:setRole(184)) - 66f9d00c-1e97-4252-958c-bed5a531abda@group-E964BE911FCC: changes role from  FOLLOWER to FOLLOWER at term 494 for recognizeCandidate:92ce6e48-4722-407a-9620-5998c6999257
2019-10-18 14:02:25,624 [grpc-default-executor-0] INFO  impl.RoleInfo (RoleInfo.java:shutdownFollowerState(121)) - 66f9d00c-1e97-4252-958c-bed5a531abda: shutdown FollowerState
2019-10-18 14:02:25,624 [Thread-3235] INFO  impl.FollowerState (FollowerState.java:run(117)) - 6cbfae60-ea29-4abc-a49d-ef94f4bd513a@group-E964BE911FCC-FollowerState was interrupted: java.lang.InterruptedException: sleep interrupted
2019-10-18 14:02:25,624 [grpc-default-executor-4] INFO  impl.RoleInfo (RoleInfo.java:updateAndGet(143)) - 6cbfae60-ea29-4abc-a49d-ef94f4bd513a: start FollowerState
2019-10-18 14:02:25,624 [Thread-3234] INFO  impl.FollowerState (FollowerState.java:run(117)) - 66f9d00c-1e97-4252-958c-bed5a531abda@group-E964BE911FCC-FollowerState was interrupted: java.lang.InterruptedException: sleep interrupted
2019-10-18 14:02:25,624 [grpc-default-executor-0] INFO  impl.RoleInfo (RoleInfo.java:updateAndGet(143)) - 66f9d00c-1e97-4252-958c-bed5a531abda: start FollowerState
2019-10-18 14:02:25,649 [92ce6e48-4722-407a-9620-5998c6999257@group-E964BE911FCC-LeaderElection450] INFO  impl.LeaderElection (LeaderElection.java:logAndReturn(56)) - 92ce6e48-4722-407a-9620-5998c6999257@group-E964BE911FCC-LeaderElection450: Election REJECTED; received 2 response(s) [92ce6e48-4722-407a-9620-5998c6999257<-6cbfae60-ea29-4abc-a49d-ef94f4bd513a#0:FAIL-t494, 92ce6e48-4722-407a-9620-5998c6999257<-66f9d00c-1e97-4252-958c-bed5a531abda#0:FAIL-t494] and 0 exception(s); 92ce6e48-4722-407a-9620-5998c6999257@group-E964BE911FCC:t494, leader=null, voted=92ce6e48-4722-407a-9620-5998c6999257, raftlog=92ce6e48-4722-407a-9620-5998c6999257@group-E964BE911FCC-SegmentedRaftLog:OPENED:c-1,f-1,i0, conf=-1: [6cbfae60-ea29-4abc-a49d-ef94f4bd513a:192.168.69.85:36685, 66f9d00c-1e97-4252-958c-bed5a531abda:192.168.69.85:45996, 92ce6e48-4722-407a-9620-5998c6999257:192.168.69.85:34971], old=null
2019-10-18 14:02:25,650 [92ce6e48-4722-407a-9620-5998c6999257@group-E964BE911FCC-LeaderElection450] INFO  impl.RaftServerImpl (RaftServerImpl.java:setRole(184)) - 92ce6e48-4722-407a-9620-5998c6999257@group-E964BE911FCC: changes role from CANDIDATE to FOLLOWER at term 494 for DISCOVERED_A_NEW_TERM
2019-10-18 14:02:25,650 [92ce6e48-4722-407a-9620-5998c6999257@group-E964BE911FCC-LeaderElection450] INFO  impl.RoleInfo (RoleInfo.java:shutdownLeaderElection(134)) - 92ce6e48-4722-407a-9620-5998c6999257: shutdown LeaderElection
2019-10-18 14:02:25,650 [92ce6e48-4722-407a-9620-5998c6999257@group-E964BE911FCC-LeaderElection450] INFO  impl.RoleInfo (RoleInfo.java:updateAndGet(143)) - 92ce6e48-4722-407a-9620-5998c6999257: start FollowerState
2019-10-18 14:02:25,744 [Thread-3244] INFO  impl.FollowerState (FollowerState.java:run(108)) - 92ce6e48-4722-407a-9620-5998c6999257@group-E964BE911FCC-FollowerState: change to CANDIDATE, lastRpcTime:94ms, electionTimeout:94ms
2019-10-18 14:02:25,744 [Thread-3244] INFO  impl.RoleInfo (RoleInfo.java:shutdownFollowerState(121)) - 92ce6e48-4722-407a-9620-5998c6999257: shutdown FollowerState
2019-10-18 14:02:25,744 [Thread-3244] INFO  impl.RaftServerImpl (RaftServerImpl.java:setRole(184)) - 92ce6e48-4722-407a-9620-5998c6999257@group-E964BE911FCC: changes role from  FOLLOWER to CANDIDATE at term 494 for changeToCandidate
2019-10-18 14:02:25,744 [Thread-3244] INFO  impl.RoleInfo (RoleInfo.java:updateAndGet(143)) - 92ce6e48-4722-407a-9620-5998c6999257: start LeaderElection
2019-10-18 14:02:25,759 [92ce6e48-4722-407a-9620-5998c6999257@group-E964BE911FCC-LeaderElection451] INFO  impl.LeaderElection (LeaderElection.java:askForVotes(178)) - 92ce6e48-4722-407a-9620-5998c6999257@group-E964BE911FCC-LeaderElection451: begin an election at term 495 for -1: [6cbfae60-ea29-4abc-a49d-ef94f4bd513a:192.168.69.85:36685, 66f9d00c-1e97-4252-958c-bed5a531abda:192.168.69.85:45996, 92ce6e48-4722-407a-9620-5998c6999257:192.168.69.85:34971], old=null
2019-10-18 14:02:25,761 [grpc-default-executor-0] INFO  impl.RaftServerImpl (RaftServerImpl.java:setRole(184)) - 66f9d00c-1e97-4252-958c-bed5a531abda@group-E964BE911FCC: changes role from  FOLLOWER to FOLLOWER at term 495 for recognizeCandidate:92ce6e48-4722-407a-9620-5998c6999257
2019-10-18 14:02:25,761 [grpc-default-executor-0] INFO  impl.RoleInfo (RoleInfo.java:shutdownFollowerState(121)) - 66f9d00c-1e97-4252-958c-bed5a531abda: shutdown FollowerState
2019-10-18 14:02:25,762 [grpc-default-executor-4] INFO  impl.RaftServerImpl (RaftServerImpl.java:setRole(184)) - 6cbfae60-ea29-4abc-a49d-ef94f4bd513a@group-E964BE911FCC: changes role from  FOLLOWER to FOLLOWER at term 495 for recognizeCandidate:92ce6e48-4722-407a-9620-5998c6999257
2019-10-18 14:02:25,762 [Thread-3243] INFO  impl.FollowerState (FollowerState.java:run(117)) - 66f9d00c-1e97-4252-958c-bed5a531abda@group-E964BE911FCC-FollowerState was interrupted: java.lang.InterruptedException: sleep interrupted
2019-10-18 14:02:25,762 [grpc-default-executor-0] INFO  impl.RoleInfo (RoleInfo.java:updateAndGet(143)) - 66f9d00c-1e97-4252-958c-bed5a531abda: start FollowerState
2019-10-18 14:02:25,762 [grpc-default-executor-4] INFO  impl.RoleInfo (RoleInfo.java:shutdownFollowerState(121)) - 6cbfae60-ea29-4abc-a49d-ef94f4bd513a: shutdown FollowerState
2019-10-18 14:02:25,762 [grpc-default-executor-4] INFO  impl.RoleInfo (RoleInfo.java:updateAndGet(143)) - 6cbfae60-ea29-4abc-a49d-ef94f4bd513a: start FollowerState
2019-10-18 14:02:25,762 [Thread-3242] INFO  impl.FollowerState (FollowerState.java:run(117)) - 6cbfae60-ea29-4abc-a49d-ef94f4bd513a@group-E964BE911FCC-FollowerState was interrupted: java.lang.InterruptedException: sleep interrupted
2019-10-18 14:02:25,775 [92ce6e48-4722-407a-9620-5998c6999257@group-E964BE911FCC-LeaderElection451] INFO  impl.LeaderElection (LeaderElection.java:logAndReturn(56)) - 92ce6e48-4722-407a-9620-5998c6999257@group-E964BE911FCC-LeaderElection451: Election REJECTED; received 2 response(s) [92ce6e48-4722-407a-9620-5998c6999257<-6cbfae60-ea29-4abc-a49d-ef94f4bd513a#0:FAIL-t495, 92ce6e48-4722-407a-9620-5998c6999257<-66f9d00c-1e97-4252-958c-bed5a531abda#0:FAIL-t495] and 0 exception(s); 92ce6e48-4722-407a-9620-5998c6999257@group-E964BE911FCC:t495, leader=null, voted=92ce6e48-4722-407a-9620-5998c6999257, raftlog=92ce6e48-4722-407a-9620-5998c6999257@group-E964BE911FCC-SegmentedRaftLog:OPENED:c-1,f-1,i0, conf=-1: [6cbfae60-ea29-4abc-a49d-ef94f4bd513a:192.168.69.85:36685, 66f9d00c-1e97-4252-958c-bed5a531abda:192.168.69.85:45996, 92ce6e48-4722-407a-9620-5998c6999257:192.168.69.85:34971], old=null
2019-10-18 14:02:25,776 [92ce6e48-4722-407a-9620-5998c6999257@group-E964BE911FCC-LeaderElection451] INFO  impl.RaftServerImpl (RaftServerImpl.java:setRole(184)) - 92ce6e48-4722-407a-9620-5998c6999257@group-E964BE911FCC: changes role from CANDIDATE to FOLLOWER at term 495 for DISCOVERED_A_NEW_TERM
2019-10-18 14:02:25,776 [92ce6e48-4722-407a-9620-5998c6999257@group-E964BE911FCC-LeaderElection451] INFO  impl.RoleInfo (RoleInfo.java:shutdownLeaderElection(134)) - 92ce6e48-4722-407a-9620-5998c6999257: shutdown LeaderElection
2019-10-18 14:02:25,776 [92ce6e48-4722-407a-9620-5998c6999257@group-E964BE911FCC-LeaderElection451] INFO  impl.RoleInfo (RoleInfo.java:updateAndGet(143)) - 92ce6e48-4722-407a-9620-5998c6999257: start FollowerState
2019-10-18 14:02:25,843 [Thread-3250] INFO  impl.FollowerState (FollowerState.java:run(108)) - 92ce6e48-4722-407a-9620-5998c6999257@group-E964BE911FCC-FollowerState: change to CANDIDATE, lastRpcTime:67ms, electionTimeout:67ms
2019-10-18 14:02:25,843 [Thread-3250] INFO  impl.RoleInfo (RoleInfo.java:shutdownFollowerState(121)) - 92ce6e48-4722-407a-9620-5998c6999257: shutdown FollowerState
2019-10-18 14:02:25,843 [Thread-3250] INFO  impl.RaftServerImpl (RaftServerImpl.java:setRole(184)) - 92ce6e48-4722-407a-9620-5998c6999257@group-E964BE911FCC: changes role from  FOLLOWER to CANDIDATE at term 495 for changeToCandidate
2019-10-18 14:02:25,844 [Thread-3250] INFO  impl.RoleInfo (RoleInfo.java:updateAndGet(143)) - 92ce6e48-4722-407a-9620-5998c6999257: start LeaderElection
2019-10-18 14:02:25,858 [92ce6e48-4722-407a-9620-5998c6999257@group-E964BE911FCC-LeaderElection452] INFO  impl.LeaderElection (LeaderElection.java:askForVotes(178)) - 92ce6e48-4722-407a-9620-5998c6999257@group-E964BE911FCC-LeaderElection452: begin an election at term 496 for -1: [6cbfae60-ea29-4abc-a49d-ef94f4bd513a:192.168.69.85:36685, 66f9d00c-1e97-4252-958c-bed5a531abda:192.168.69.85:45996, 92ce6e48-4722-407a-9620-5998c6999257:192.168.69.85:34971], old=null
2019-10-18 14:02:25,860 [grpc-default-executor-0] INFO  impl.RaftServerImpl (RaftServerImpl.java:setRole(184)) - 6cbfae60-ea29-4abc-a49d-ef94f4bd513a@group-E964BE911FCC: changes role from  FOLLOWER to FOLLOWER at term 496 for recognizeCandidate:92ce6e48-4722-407a-9620-5998c6999257
2019-10-18 14:02:25,860 [grpc-default-executor-0] INFO  impl.RoleInfo (RoleInfo.java:shutdownFollowerState(121)) - 6cbfae60-ea29-4abc-a49d-ef94f4bd513a: shutdown FollowerState
2019-10-18 14:02:25,860 [grpc-default-executor-4] INFO  impl.RaftServerImpl (RaftServerImpl.java:setRole(184)) - 66f9d00c-1e97-4252-958c-bed5a531abda@group-E964BE911FCC: changes role from  FOLLOWER to FOLLOWER at term 496 for recognizeCandidate:92ce6e48-4722-407a-9620-5998c6999257
2019-10-18 14:02:25,860 [grpc-default-executor-4] INFO  impl.RoleInfo (RoleInfo.java:shutdownFollowerState(121)) - 66f9d00c-1e97-4252-958c-bed5a531abda: shutdown FollowerState
2019-10-18 14:02:25,860 [Thread-3249] INFO  impl.FollowerState (FollowerState.java:run(117)) - 6cbfae60-ea29-4abc-a49d-ef94f4bd513a@group-E964BE911FCC-FollowerState was interrupted: java.lang.InterruptedException: sleep interrupted
2019-10-18 14:02:25,860 [grpc-default-executor-0] INFO  impl.RoleInfo (RoleInfo.java:updateAndGet(143)) - 6cbfae60-ea29-4abc-a49d-ef94f4bd513a: start FollowerState
2019-10-18 14:02:25,861 [Thread-3248] INFO  impl.FollowerState (FollowerState.java:run(117)) - 66f9d00c-1e97-4252-958c-bed5a531abda@group-E964BE911FCC-FollowerState was interrupted: java.lang.InterruptedException: sleep interrupted
2019-10-18 14:02:25,861 [grpc-default-executor-4] INFO  impl.RoleInfo (RoleInfo.java:updateAndGet(143)) - 66f9d00c-1e97-4252-958c-bed5a531abda: start FollowerState
2019-10-18 14:02:25,875 [92ce6e48-4722-407a-9620-5998c6999257@group-E964BE911FCC-LeaderElection452] INFO  impl.LeaderElection (LeaderElection.java:logAndReturn(56)) - 92ce6e48-4722-407a-9620-5998c6999257@group-E964BE911FCC-LeaderElection452: Election REJECTED; received 2 response(s) [92ce6e48-4722-407a-9620-5998c6999257<-6cbfae60-ea29-4abc-a49d-ef94f4bd513a#0:FAIL-t496, 92ce6e48-4722-407a-9620-5998c6999257<-66f9d00c-1e97-4252-958c-bed5a531abda#0:FAIL-t496] and 0 exception(s); 92ce6e48-4722-407a-9620-5998c6999257@group-E964BE911FCC:t496, leader=null, voted=92ce6e48-4722-407a-9620-5998c6999257, raftlog=92ce6e48-4722-407a-9620-5998c6999257@group-E964BE911FCC-SegmentedRaftLog:OPENED:c-1,f-1,i0, conf=-1: [6cbfae60-ea29-4abc-a49d-ef94f4bd513a:192.168.69.85:36685, 66f9d00c-1e97-4252-958c-bed5a531abda:192.168.69.85:45996, 92ce6e48-4722-407a-9620-5998c6999257:192.168.69.85:34971], old=null
2019-10-18 14:02:25,876 [92ce6e48-4722-407a-9620-5998c6999257@group-E964BE911FCC-LeaderElection452] INFO  impl.RaftServerImpl (RaftServerImpl.java:setRole(184)) - 92ce6e48-4722-407a-9620-5998c6999257@group-E964BE911FCC: changes role from CANDIDATE to FOLLOWER at term 496 for DISCOVERED_A_NEW_TERM
2019-10-18 14:02:25,876 [92ce6e48-4722-407a-9620-5998c6999257@group-E964BE911FCC-LeaderElection452] INFO  impl.RoleInfo (RoleInfo.java:shutdownLeaderElection(134)) - 92ce6e48-4722-407a-9620-5998c6999257: shutdown LeaderElection
2019-10-18 14:02:25,876 [92ce6e48-4722-407a-9620-5998c6999257@group-E964BE911FCC-LeaderElection452] INFO  impl.RoleInfo (RoleInfo.java:updateAndGet(143)) - 92ce6e48-4722-407a-9620-5998c6999257: start FollowerState
2019-10-18 14:02:26,063 [Thread-3256] INFO  impl.FollowerState (FollowerState.java:run(108)) - 92ce6e48-4722-407a-9620-5998c6999257@group-E964BE911FCC-FollowerState: change to CANDIDATE, lastRpcTime:187ms, electionTimeout:187ms
2019-10-18 14:02:26,064 [Thread-3256] INFO  impl.RoleInfo (RoleInfo.java:shutdownFollowerState(121)) - 92ce6e48-4722-407a-9620-5998c6999257: shutdown FollowerState
2019-10-18 14:02:26,064 [Thread-3256] INFO  impl.RaftServerImpl (RaftServerImpl.java:setRole(184)) - 92ce6e48-4722-407a-9620-5998c6999257@group-E964BE911FCC: changes role from  FOLLOWER to CANDIDATE at term 496 for changeToCandidate
2019-10-18 14:02:26,064 [Thread-3256] INFO  impl.RoleInfo (RoleInfo.java:updateAndGet(143)) - 92ce6e48-4722-407a-9620-5998c6999257: start LeaderElection
2019-10-18 14:02:26,078 [92ce6e48-4722-407a-9620-5998c6999257@group-E964BE911FCC-LeaderElection453] INFO  impl.LeaderElection (LeaderElection.java:askForVotes(178)) - 92ce6e48-4722-407a-9620-5998c6999257@group-E964BE911FCC-LeaderElection453: begin an election at term 497 for -1: [6cbfae60-ea29-4abc-a49d-ef94f4bd513a:192.168.69.85:36685, 66f9d00c-1e97-4252-958c-bed5a531abda:192.168.69.85:45996, 92ce6e48-4722-407a-9620-5998c6999257:192.168.69.85:34971], old=null
2019-10-18 14:02:26,080 [grpc-default-executor-0] INFO  impl.RaftServerImpl (RaftServerImpl.java:setRole(184)) - 6cbfae60-ea29-4abc-a49d-ef94f4bd513a@group-E964BE911FCC: changes role from  FOLLOWER to FOLLOWER at term 497 for recognizeCandidate:92ce6e48-4722-407a-9620-5998c6999257
2019-10-18 14:02:26,080 [grpc-default-executor-0] INFO  impl.RoleInfo (RoleInfo.java:shutdownFollowerState(121)) - 6cbfae60-ea29-4abc-a49d-ef94f4bd513a: shutdown FollowerState
2019-10-18 14:02:26,080 [grpc-default-executor-0] INFO  impl.RoleInfo (RoleInfo.java:updateAndGet(143)) - 6cbfae60-ea29-4abc-a49d-ef94f4bd513a: start FollowerState
2019-10-18 14:02:26,080 [grpc-default-executor-4] INFO  impl.RaftServerImpl (RaftServerImpl.java:setRole(184)) - 66f9d00c-1e97-4252-958c-bed5a531abda@group-E964BE911FCC: changes role from  FOLLOWER to FOLLOWER at term 497 for recognizeCandidate:92ce6e48-4722-407a-9620-5998c6999257
2019-10-18 14:02:26,081 [grpc-default-executor-4] INFO  impl.RoleInfo (RoleInfo.java:shutdownFollowerState(121)) - 66f9d00c-1e97-4252-958c-bed5a531abda: shutdown FollowerState
2019-10-18 14:02:26,080 [Thread-3254] INFO  impl.FollowerState (FollowerState.java:run(117)) - 6cbfae60-ea29-4abc-a49d-ef94f4bd513a@group-E964BE911FCC-FollowerState was interrupted: java.lang.InterruptedException: sleep interrupted
2019-10-18 14:02:26,081 [Thread-3255] INFO  impl.FollowerState (FollowerState.java:run(117)) - 66f9d00c-1e97-4252-958c-bed5a531abda@group-E964BE911FCC-FollowerState was interrupted: java.lang.InterruptedException: sleep interrupted
2019-10-18 14:02:26,081 [grpc-default-executor-4] INFO  impl.RoleInfo (RoleInfo.java:updateAndGet(143)) - 66f9d00c-1e97-4252-958c-bed5a531abda: start FollowerState
2019-10-18 14:02:26,094 [92ce6e48-4722-407a-9620-5998c6999257@group-E964BE911FCC-LeaderElection453] INFO  impl.LeaderElection (LeaderElection.java:logAndReturn(56)) - 92ce6e48-4722-407a-9620-5998c6999257@group-E964BE911FCC-LeaderElection453: Election REJECTED; received 2 response(s) [92ce6e48-4722-407a-9620-5998c6999257<-6cbfae60-ea29-4abc-a49d-ef94f4bd513a#0:FAIL-t497, 92ce6e48-4722-407a-9620-5998c6999257<-66f9d00c-1e97-4252-958c-bed5a531abda#0:FAIL-t497] and 0 exception(s); 92ce6e48-4722-407a-9620-5998c6999257@group-E964BE911FCC:t497, leader=null, voted=92ce6e48-4722-407a-9620-5998c6999257, raftlog=92ce6e48-4722-407a-9620-5998c6999257@group-E964BE911FCC-SegmentedRaftLog:OPENED:c-1,f-1,i0, conf=-1: [6cbfae60-ea29-4abc-a49d-ef94f4bd513a:192.168.69.85:36685, 66f9d00c-1e97-4252-958c-bed5a531abda:192.168.69.85:45996, 92ce6e48-4722-407a-9620-5998c6999257:192.168.69.85:34971], old=null
2019-10-18 14:02:26,094 [92ce6e48-4722-407a-9620-5998c6999257@group-E964BE911FCC-LeaderElection453] INFO  impl.RaftServerImpl (RaftServerImpl.java:setRole(184)) - 92ce6e48-4722-407a-9620-5998c6999257@group-E964BE911FCC: changes role from CANDIDATE to FOLLOWER at term 497 for DISCOVERED_A_NEW_TERM
2019-10-18 14:02:26,094 [92ce6e48-4722-407a-9620-5998c6999257@group-E964BE911FCC-LeaderElection453] INFO  impl.RoleInfo (RoleInfo.java:shutdownLeaderElection(134)) - 92ce6e48-4722-407a-9620-5998c6999257: shutdown LeaderElection
2019-10-18 14:02:26,095 [92ce6e48-4722-407a-9620-5998c6999257@group-E964BE911FCC-LeaderElection453] INFO  impl.RoleInfo (RoleInfo.java:updateAndGet(143)) - 92ce6e48-4722-407a-9620-5998c6999257: start FollowerState
2019-10-18 14:02:26,211 [Thread-3262] INFO  impl.FollowerState (FollowerState.java:run(108)) - 92ce6e48-4722-407a-9620-5998c6999257@group-E964BE911FCC-FollowerState: change to CANDIDATE, lastRpcTime:116ms, electionTimeout:116ms
2019-10-18 14:02:26,211 [Thread-3262] INFO  impl.RoleInfo (RoleInfo.java:shutdownFollowerState(121)) - 92ce6e48-4722-407a-9620-5998c6999257: shutdown FollowerState
2019-10-18 14:02:26,211 [Thread-3262] INFO  impl.RaftServerImpl (RaftServerImpl.java:setRole(184)) - 92ce6e48-4722-407a-9620-5998c6999257@group-E964BE911FCC: changes role from  FOLLOWER to CANDIDATE at term 497 for changeToCandidate
2019-10-18 14:02:26,211 [Thread-3262] INFO  impl.RoleInfo (RoleInfo.java:updateAndGet(143)) - 92ce6e48-4722-407a-9620-5998c6999257: start LeaderElection
2019-10-18 14:02:26,232 [92ce6e48-4722-407a-9620-5998c6999257@group-E964BE911FCC-LeaderElection454] INFO  impl.LeaderElection (LeaderElection.java:askForVotes(178)) - 92ce6e48-4722-407a-9620-5998c6999257@group-E964BE911FCC-LeaderElection454: begin an election at term 498 for -1: [6cbfae60-ea29-4abc-a49d-ef94f4bd513a:192.168.69.85:36685, 66f9d00c-1e97-4252-958c-bed5a531abda:192.168.69.85:45996, 92ce6e48-4722-407a-9620-5998c6999257:192.168.69.85:34971], old=null
2019-10-18 14:02:26,234 [grpc-default-executor-4] INFO  impl.RaftServerImpl (RaftServerImpl.java:setRole(184)) - 6cbfae60-ea29-4abc-a49d-ef94f4bd513a@group-E964BE911FCC: changes role from  FOLLOWER to FOLLOWER at term 498 for recognizeCandidate:92ce6e48-4722-407a-9620-5998c6999257
2019-10-18 14:02:26,234 [grpc-default-executor-4] INFO  impl.RoleInfo (RoleInfo.java:shutdownFollowerState(121)) - 6cbfae60-ea29-4abc-a49d-ef94f4bd513a: shutdown FollowerState
2019-10-18 14:02:26,234 [grpc-default-executor-0] INFO  impl.RaftServerImpl (RaftServerImpl.java:setRole(184)) - 66f9d00c-1e97-4252-958c-bed5a531abda@group-E964BE911FCC: changes role from  FOLLOWER to FOLLOWER at term 498 for recognizeCandidate:92ce6e48-4722-407a-9620-5998c6999257
2019-10-18 14:02:26,234 [grpc-default-executor-0] INFO  impl.RoleInfo (RoleInfo.java:shutdownFollowerState(121)) - 66f9d00c-1e97-4252-958c-bed5a531abda: shutdown FollowerState
2019-10-18 14:02:26,234 [Thread-3260] INFO  impl.FollowerState (FollowerState.java:run(117)) - 6cbfae60-ea29-4abc-a49d-ef94f4bd513a@group-E964BE911FCC-FollowerState was interrupted: java.lang.InterruptedException: sleep interrupted
2019-10-18 14:02:26,235 [Thread-3261] INFO  impl.FollowerState (FollowerState.java:run(117)) - 66f9d00c-1e97-4252-958c-bed5a531abda@group-E964BE911FCC-FollowerState was interrupted: java.lang.InterruptedException: sleep interrupted
2019-10-18 14:02:26,234 [grpc-default-executor-4] INFO  impl.RoleInfo (RoleInfo.java:updateAndGet(143)) - 6cbfae60-ea29-4abc-a49d-ef94f4bd513a: start FollowerState
2019-10-18 14:02:26,235 [grpc-default-executor-0] INFO  impl.RoleInfo (RoleInfo.java:updateAndGet(143)) - 66f9d00c-1e97-4252-958c-bed5a531abda: start FollowerState
2019-10-18 14:02:26,239 [92ce6e48-4722-407a-9620-5998c6999257@group-E964BE911FCC-LeaderElection454] INFO  impl.LeaderElection (LeaderElection.java:logAndReturn(56)) - 92ce6e48-4722-407a-9620-5998c6999257@group-E964BE911FCC-LeaderElection454: Election REJECTED; received 2 response(s) [92ce6e48-4722-407a-9620-5998c6999257<-6cbfae60-ea29-4abc-a49d-ef94f4bd513a#0:FAIL-t498, 92ce6e48-4722-407a-9620-5998c6999257<-66f9d00c-1e97-4252-958c-bed5a531abda#0:FAIL-t498] and 0 exception(s); 92ce6e48-4722-407a-9620-5998c6999257@group-E964BE911FCC:t498, leader=null, voted=92ce6e48-4722-407a-9620-5998c6999257, raftlog=92ce6e48-4722-407a-9620-5998c6999257@group-E964BE911FCC-SegmentedRaftLog:OPENED:c-1,f-1,i0, conf=-1: [6cbfae60-ea29-4abc-a49d-ef94f4bd513a:192.168.69.85:36685, 66f9d00c-1e97-4252-958c-bed5a531abda:192.168.69.85:45996, 92ce6e48-4722-407a-9620-5998c6999257:192.168.69.85:34971], old=null
2019-10-18 14:02:26,240 [92ce6e48-4722-407a-9620-5998c6999257@group-E964BE911FCC-LeaderElection454] INFO  impl.RaftServerImpl (RaftServerImpl.java:setRole(184)) - 92ce6e48-4722-407a-9620-5998c6999257@group-E964BE911FCC: changes role from CANDIDATE to FOLLOWER at term 498 for DISCOVERED_A_NEW_TERM
2019-10-18 14:02:26,240 [92ce6e48-4722-407a-9620-5998c6999257@group-E964BE911FCC-LeaderElection454] INFO  impl.RoleInfo (RoleInfo.java:shutdownLeaderElection(134)) - 92ce6e48-4722-407a-9620-5998c6999257: shutdown LeaderElection
2019-10-18 14:02:26,240 [92ce6e48-4722-407a-9620-5998c6999257@group-E964BE911FCC-LeaderElection454] INFO  impl.RoleInfo (RoleInfo.java:updateAndGet(143)) - 92ce6e48-4722-407a-9620-5998c6999257: start FollowerState
2019-10-18 14:02:26,389 [Thread-3268] INFO  impl.FollowerState (FollowerState.java:run(108)) - 92ce6e48-4722-407a-9620-5998c6999257@group-E964BE911FCC-FollowerState: change to CANDIDATE, lastRpcTime:149ms, electionTimeout:149ms
2019-10-18 14:02:26,389 [Thread-3268] INFO  impl.RoleInfo (RoleInfo.java:shutdownFollowerState(121)) - 92ce6e48-4722-407a-9620-5998c6999257: shutdown FollowerState
2019-10-18 14:02:26,389 [Thread-3268] INFO  impl.RaftServerImpl (RaftServerImpl.java:setRole(184)) - 92ce6e48-4722-407a-9620-5998c6999257@group-E964BE911FCC: changes role from  FOLLOWER to CANDIDATE at term 498 for changeToCandidate
2019-10-18 14:02:26,389 [Thread-3268] INFO  impl.RoleInfo (RoleInfo.java:updateAndGet(143)) - 92ce6e48-4722-407a-9620-5998c6999257: start LeaderElection
2019-10-18 14:02:26,416 [92ce6e48-4722-407a-9620-5998c6999257@group-E964BE911FCC-LeaderElection455] INFO  impl.LeaderElection (LeaderElection.java:askForVotes(178)) - 92ce6e48-4722-407a-9620-5998c6999257@group-E964BE911FCC-LeaderElection455: begin an election at term 499 for -1: [6cbfae60-ea29-4abc-a49d-ef94f4bd513a:192.168.69.85:36685, 66f9d00c-1e97-4252-958c-bed5a531abda:192.168.69.85:45996, 92ce6e48-4722-407a-9620-5998c6999257:192.168.69.85:34971], old=null
2019-10-18 14:02:26,418 [grpc-default-executor-0] INFO  impl.RaftServerImpl (RaftServerImpl.java:setRole(184)) - 6cbfae60-ea29-4abc-a49d-ef94f4bd513a@group-E964BE911FCC: changes role from  FOLLOWER to FOLLOWER at term 499 for recognizeCandidate:92ce6e48-4722-407a-9620-5998c6999257
2019-10-18 14:02:26,419 [grpc-default-executor-0] INFO  impl.RoleInfo (RoleInfo.java:shutdownFollowerState(121)) - 6cbfae60-ea29-4abc-a49d-ef94f4bd513a: shutdown FollowerState
2019-10-18 14:02:26,419 [grpc-default-executor-4] INFO  impl.RaftServerImpl (RaftServerImpl.java:setRole(184)) - 66f9d00c-1e97-4252-958c-bed5a531abda@group-E964BE911FCC: changes role from  FOLLOWER to FOLLOWER at term 499 for recognizeCandidate:92ce6e48-4722-407a-9620-5998c6999257
2019-10-18 14:02:26,419 [Thread-3266] INFO  impl.FollowerState (FollowerState.java:run(117)) - 6cbfae60-ea29-4abc-a49d-ef94f4bd513a@group-E964BE911FCC-FollowerState was interrupted: java.lang.InterruptedException: sleep interrupted
2019-10-18 14:02:26,419 [grpc-default-executor-4] INFO  impl.RoleInfo (RoleInfo.java:shutdownFollowerState(121)) - 66f9d00c-1e97-4252-958c-bed5a531abda: shutdown FollowerState
2019-10-18 14:02:26,419 [grpc-default-executor-0] INFO  impl.RoleInfo (RoleInfo.java:updateAndGet(143)) - 6cbfae60-ea29-4abc-a49d-ef94f4bd513a: start FollowerState
2019-10-18 14:02:26,419 [Thread-3267] INFO  impl.FollowerState (FollowerState.java:run(117)) - 66f9d00c-1e97-4252-958c-bed5a531abda@group-E964BE911FCC-FollowerState was interrupted: java.lang.InterruptedException: sleep interrupted
2019-10-18 14:02:26,419 [grpc-default-executor-4] INFO  impl.RoleInfo (RoleInfo.java:updateAndGet(143)) - 66f9d00c-1e97-4252-958c-bed5a531abda: start FollowerState
2019-10-18 14:02:26,445 [92ce6e48-4722-407a-9620-5998c6999257@group-E964BE911FCC-LeaderElection455] INFO  impl.LeaderElection (LeaderElection.java:logAndReturn(56)) - 92ce6e48-4722-407a-9620-5998c6999257@group-E964BE911FCC-LeaderElection455: Election REJECTED; received 2 response(s) [92ce6e48-4722-407a-9620-5998c6999257<-6cbfae60-ea29-4abc-a49d-ef94f4bd513a#0:FAIL-t499, 92ce6e48-4722-407a-9620-5998c6999257<-66f9d00c-1e97-4252-958c-bed5a531abda#0:FAIL-t499] and 0 exception(s); 92ce6e48-4722-407a-9620-5998c6999257@group-E964BE911FCC:t499, leader=null, voted=92ce6e48-4722-407a-9620-5998c6999257, raftlog=92ce6e48-4722-407a-9620-5998c6999257@group-E964BE911FCC-SegmentedRaftLog:OPENED:c-1,f-1,i0, conf=-1: [6cbfae60-ea29-4abc-a49d-ef94f4bd513a:192.168.69.85:36685, 66f9d00c-1e97-4252-958c-bed5a531abda:192.168.69.85:45996, 92ce6e48-4722-407a-9620-5998c6999257:192.168.69.85:34971], old=null
2019-10-18 14:02:26,445 [92ce6e48-4722-407a-9620-5998c6999257@group-E964BE911FCC-LeaderElection455] INFO  impl.RaftServerImpl (RaftServerImpl.java:setRole(184)) - 92ce6e48-4722-407a-9620-5998c6999257@group-E964BE911FCC: changes role from CANDIDATE to FOLLOWER at term 499 for DISCOVERED_A_NEW_TERM
2019-10-18 14:02:26,445 [92ce6e48-4722-407a-9620-5998c6999257@group-E964BE911FCC-LeaderElection455] INFO  impl.RoleInfo (RoleInfo.java:shutdownLeaderElection(134)) - 92ce6e48-4722-407a-9620-5998c6999257: shutdown LeaderElection
2019-10-18 14:02:26,445 [92ce6e48-4722-407a-9620-5998c6999257@group-E964BE911FCC-LeaderElection455] INFO  impl.RoleInfo (RoleInfo.java:updateAndGet(143)) - 92ce6e48-4722-407a-9620-5998c6999257: start FollowerState
2019-10-18 14:02:26,625 [Thread-3274] INFO  impl.FollowerState (FollowerState.java:run(108)) - 92ce6e48-4722-407a-9620-5998c6999257@group-E964BE911FCC-FollowerState: change to CANDIDATE, lastRpcTime:179ms, electionTimeout:179ms
2019-10-18 14:02:26,625 [Thread-3274] INFO  impl.RoleInfo (RoleInfo.java:shutdownFollowerState(121)) - 92ce6e48-4722-407a-9620-5998c6999257: shutdown FollowerState
2019-10-18 14:02:26,625 [Thread-3274] INFO  impl.RaftServerImpl (RaftServerImpl.java:setRole(184)) - 92ce6e48-4722-407a-9620-5998c6999257@group-E964BE911FCC: changes role from  FOLLOWER to CANDIDATE at term 499 for changeToCandidate
2019-10-18 14:02:26,625 [Thread-3274] INFO  impl.RoleInfo (RoleInfo.java:updateAndGet(143)) - 92ce6e48-4722-407a-9620-5998c6999257: start LeaderElection
2019-10-18 14:02:26,640 [92ce6e48-4722-407a-9620-5998c6999257@group-E964BE911FCC-LeaderElection456] INFO  impl.LeaderElection (LeaderElection.java:askForVotes(178)) - 92ce6e48-4722-407a-9620-5998c6999257@group-E964BE911FCC-LeaderElection456: begin an election at term 500 for -1: [6cbfae60-ea29-4abc-a49d-ef94f4bd513a:192.168.69.85:36685, 66f9d00c-1e97-4252-958c-bed5a531abda:192.168.69.85:45996, 92ce6e48-4722-407a-9620-5998c6999257:192.168.69.85:34971], old=null
2019-10-18 14:02:26,642 [grpc-default-executor-0] INFO  impl.RaftServerImpl (RaftServerImpl.java:setRole(184)) - 6cbfae60-ea29-4abc-a49d-ef94f4bd513a@group-E964BE911FCC: changes role from  FOLLOWER to FOLLOWER at term 500 for recognizeCandidate:92ce6e48-4722-407a-9620-5998c6999257
2019-10-18 14:02:26,642 [grpc-default-executor-0] INFO  impl.RoleInfo (RoleInfo.java:shutdownFollowerState(121)) - 6cbfae60-ea29-4abc-a49d-ef94f4bd513a: shutdown FollowerState
2019-10-18 14:02:26,642 [grpc-default-executor-0] INFO  impl.RoleInfo (RoleInfo.java:updateAndGet(143)) - 6cbfae60-ea29-4abc-a49d-ef94f4bd513a: start FollowerState
2019-10-18 14:02:26,642 [grpc-default-executor-4] INFO  impl.RaftServerImpl (RaftServerImpl.java:setRole(184)) - 66f9d00c-1e97-4252-958c-bed5a531abda@group-E964BE911FCC: changes role from  FOLLOWER to FOLLOWER at term 500 for recognizeCandidate:92ce6e48-4722-407a-9620-5998c6999257
2019-10-18 14:02:26,642 [grpc-default-executor-4] INFO  impl.RoleInfo (RoleInfo.java:shutdownFollowerState(121)) - 66f9d00c-1e97-4252-958c-bed5a531abda: shutdown FollowerState
2019-10-18 14:02:26,642 [Thread-3272] INFO  impl.FollowerState (FollowerState.java:run(117)) - 6cbfae60-ea29-4abc-a49d-ef94f4bd513a@group-E964BE911FCC-FollowerState was interrupted: java.lang.InterruptedException: sleep interrupted
2019-10-18 14:02:26,643 [Thread-3273] INFO  impl.FollowerState (FollowerState.java:run(117)) - 66f9d00c-1e97-4252-958c-bed5a531abda@group-E964BE911FCC-FollowerState was interrupted: java.lang.InterruptedException: sleep interrupted
2019-10-18 14:02:26,643 [grpc-default-executor-4] INFO  impl.RoleInfo (RoleInfo.java:updateAndGet(143)) - 66f9d00c-1e97-4252-958c-bed5a531abda: start FollowerState
2019-10-18 14:02:26,659 [92ce6e48-4722-407a-9620-5998c6999257@group-E964BE911FCC-LeaderElection456] INFO  impl.LeaderElection (LeaderElection.java:logAndReturn(56)) - 92ce6e48-4722-407a-9620-5998c6999257@group-E964BE911FCC-LeaderElection456: Election REJECTED; received 2 response(s) [92ce6e48-4722-407a-9620-5998c6999257<-6cbfae60-ea29-4abc-a49d-ef94f4bd513a#0:FAIL-t500, 92ce6e48-4722-407a-9620-5998c6999257<-66f9d00c-1e97-4252-958c-bed5a531abda#0:FAIL-t500] and 0 exception(s); 92ce6e48-4722-407a-9620-5998c6999257@group-E964BE911FCC:t500, leader=null, voted=92ce6e48-4722-407a-9620-5998c6999257, raftlog=92ce6e48-4722-407a-9620-5998c6999257@group-E964BE911FCC-SegmentedRaftLog:OPENED:c-1,f-1,i0, conf=-1: [6cbfae60-ea29-4abc-a49d-ef94f4bd513a:192.168.69.85:36685, 66f9d00c-1e97-4252-958c-bed5a531abda:192.168.69.85:45996, 92ce6e48-4722-407a-9620-5998c6999257:192.168.69.85:34971], old=null
2019-10-18 14:02:26,659 [92ce6e48-4722-407a-9620-5998c6999257@group-E964BE911FCC-LeaderElection456] INFO  impl.RaftServerImpl (RaftServerImpl.java:setRole(184)) - 92ce6e48-4722-407a-9620-5998c6999257@group-E964BE911FCC: changes role from CANDIDATE to FOLLOWER at term 500 for DISCOVERED_A_NEW_TERM
2019-10-18 14:02:26,659 [92ce6e48-4722-407a-9620-5998c6999257@group-E964BE911FCC-LeaderElection456] INFO  impl.RoleInfo (RoleInfo.java:shutdownLeaderElection(134)) - 92ce6e48-4722-407a-9620-5998c6999257: shutdown LeaderElection
2019-10-18 14:02:26,659 [92ce6e48-4722-407a-9620-5998c6999257@group-E964BE911FCC-LeaderElection456] INFO  impl.RoleInfo (RoleInfo.java:updateAndGet(143)) - 92ce6e48-4722-407a-9620-5998c6999257: start FollowerState
2019-10-18 14:02:26,692 [Thread-3282] INFO  impl.FollowerState (FollowerState.java:run(108)) - 92ce6e48-4722-407a-9620-5998c6999257@group-E964BE911FCC-FollowerState: change to CANDIDATE, lastRpcTime:33ms, electionTimeout:33ms
2019-10-18 14:02:26,692 [Thread-3282] INFO  impl.RoleInfo (RoleInfo.java:shutdownFollowerState(121)) - 92ce6e48-4722-407a-9620-5998c6999257: shutdown FollowerState
2019-10-18 14:02:26,693 [Thread-3282] INFO  impl.RaftServerImpl (RaftServerImpl.java:setRole(184)) - 92ce6e48-4722-407a-9620-5998c6999257@group-E964BE911FCC: changes role from  FOLLOWER to CANDIDATE at term 500 for changeToCandidate
2019-10-18 14:02:26,693 [Thread-3282] INFO  impl.RoleInfo (RoleInfo.java:updateAndGet(143)) - 92ce6e48-4722-407a-9620-5998c6999257: start LeaderElection
2019-10-18 14:02:26,706 [92ce6e48-4722-407a-9620-5998c6999257@group-E964BE911FCC-LeaderElection457] INFO  impl.LeaderElection (LeaderElection.java:askForVotes(178)) - 92ce6e48-4722-407a-9620-5998c6999257@group-E964BE911FCC-LeaderElection457: begin an election at term 501 for -1: [6cbfae60-ea29-4abc-a49d-ef94f4bd513a:192.168.69.85:36685, 66f9d00c-1e97-4252-958c-bed5a531abda:192.168.69.85:45996, 92ce6e48-4722-407a-9620-5998c6999257:192.168.69.85:34971], old=null
2019-10-18 14:02:26,708 [grpc-default-executor-4] INFO  impl.RaftServerImpl (RaftServerImpl.java:setRole(184)) - 6cbfae60-ea29-4abc-a49d-ef94f4bd513a@group-E964BE911FCC: changes role from  FOLLOWER to FOLLOWER at term 501 for recognizeCandidate:92ce6e48-4722-407a-9620-5998c6999257
2019-10-18 14:02:26,708 [grpc-default-executor-4] INFO  impl.RoleInfo (RoleInfo.java:shutdownFollowerState(121)) - 6cbfae60-ea29-4abc-a49d-ef94f4bd513a: shutdown FollowerState
2019-10-18 14:02:26,708 [grpc-default-executor-4] INFO  impl.RoleInfo (RoleInfo.java:updateAndGet(143)) - 6cbfae60-ea29-4abc-a49d-ef94f4bd513a: start FollowerState
2019-10-18 14:02:26,708 [Thread-3280] INFO  impl.FollowerState (FollowerState.java:run(117)) - 6cbfae60-ea29-4abc-a49d-ef94f4bd513a@group-E964BE911FCC-FollowerState was interrupted: java.lang.InterruptedException: sleep interrupted
2019-10-18 14:02:26,708 [grpc-default-executor-0] INFO  impl.RaftServerImpl (RaftServerImpl.java:setRole(184)) - 66f9d00c-1e97-4252-958c-bed5a531abda@group-E964BE911FCC: changes role from  FOLLOWER to FOLLOWER at term 501 for recognizeCandidate:92ce6e48-4722-407a-9620-5998c6999257
2019-10-18 14:02:26,708 [grpc-default-executor-0] INFO  impl.RoleInfo (RoleInfo.java:shutdownFollowerState(121)) - 66f9d00c-1e97-4252-958c-bed5a531abda: shutdown FollowerState
2019-10-18 14:02:26,709 [grpc-default-executor-0] INFO  impl.RoleInfo (RoleInfo.java:updateAndGet(143)) - 66f9d00c-1e97-4252-958c-bed5a531abda: start FollowerState
2019-10-18 14:02:26,709 [Thread-3281] INFO  impl.FollowerState (FollowerState.java:run(117)) - 66f9d00c-1e97-4252-958c-bed5a531abda@group-E964BE911FCC-FollowerState was interrupted: java.lang.InterruptedException: sleep interrupted
2019-10-18 14:02:26,724 [92ce6e48-4722-407a-9620-5998c6999257@group-E964BE911FCC-LeaderElection457] INFO  impl.LeaderElection (LeaderElection.java:logAndReturn(56)) - 92ce6e48-4722-407a-9620-5998c6999257@group-E964BE911FCC-LeaderElection457: Election REJECTED; received 2 response(s) [92ce6e48-4722-407a-9620-5998c6999257<-6cbfae60-ea29-4abc-a49d-ef94f4bd513a#0:FAIL-t501, 92ce6e48-4722-407a-9620-5998c6999257<-66f9d00c-1e97-4252-958c-bed5a531abda#0:FAIL-t501] and 0 exception(s); 92ce6e48-4722-407a-9620-5998c6999257@group-E964BE911FCC:t501, leader=null, voted=92ce6e48-4722-407a-9620-5998c6999257, raftlog=92ce6e48-4722-407a-9620-5998c6999257@group-E964BE911FCC-SegmentedRaftLog:OPENED:c-1,f-1,i0, conf=-1: [6cbfae60-ea29-4abc-a49d-ef94f4bd513a:192.168.69.85:36685, 66f9d00c-1e97-4252-958c-bed5a531abda:192.168.69.85:45996, 92ce6e48-4722-407a-9620-5998c6999257:192.168.69.85:34971], old=null
2019-10-18 14:02:26,724 [92ce6e48-4722-407a-9620-5998c6999257@group-E964BE911FCC-LeaderElection457] INFO  impl.RaftServerImpl (RaftServerImpl.java:setRole(184)) - 92ce6e48-4722-407a-9620-5998c6999257@group-E964BE911FCC: changes role from CANDIDATE to FOLLOWER at term 501 for DISCOVERED_A_NEW_TERM
2019-10-18 14:02:26,724 [92ce6e48-4722-407a-9620-5998c6999257@group-E964BE911FCC-LeaderElection457] INFO  impl.RoleInfo (RoleInfo.java:shutdownLeaderElection(134)) - 92ce6e48-4722-407a-9620-5998c6999257: shutdown LeaderElection
2019-10-18 14:02:26,724 [92ce6e48-4722-407a-9620-5998c6999257@group-E964BE911FCC-LeaderElection457] INFO  impl.RoleInfo (RoleInfo.java:updateAndGet(143)) - 92ce6e48-4722-407a-9620-5998c6999257: start FollowerState
2019-10-18 14:02:26,813 [Thread-3288] INFO  impl.FollowerState (FollowerState.java:run(108)) - 92ce6e48-4722-407a-9620-5998c6999257@group-E964BE911FCC-FollowerState: change to CANDIDATE, lastRpcTime:89ms, electionTimeout:89ms
2019-10-18 14:02:26,813 [Thread-3288] INFO  impl.RoleInfo (RoleInfo.java:shutdownFollowerState(121)) - 92ce6e48-4722-407a-9620-5998c6999257: shutdown FollowerState
2019-10-18 14:02:26,813 [Thread-3288] INFO  impl.RaftServerImpl (RaftServerImpl.java:setRole(184)) - 92ce6e48-4722-407a-9620-5998c6999257@group-E964BE911FCC: changes role from  FOLLOWER to CANDIDATE at term 501 for changeToCandidate
2019-10-18 14:02:26,814 [Thread-3288] INFO  impl.RoleInfo (RoleInfo.java:updateAndGet(143)) - 92ce6e48-4722-407a-9620-5998c6999257: start LeaderElection
2019-10-18 14:02:26,827 [92ce6e48-4722-407a-9620-5998c6999257@group-E964BE911FCC-LeaderElection458] INFO  impl.LeaderElection (LeaderElection.java:askForVotes(178)) - 92ce6e48-4722-407a-9620-5998c6999257@group-E964BE911FCC-LeaderElection458: begin an election at term 502 for -1: [6cbfae60-ea29-4abc-a49d-ef94f4bd513a:192.168.69.85:36685, 66f9d00c-1e97-4252-958c-bed5a531abda:192.168.69.85:45996, 92ce6e48-4722-407a-9620-5998c6999257:192.168.69.85:34971], old=null
2019-10-18 14:02:26,829 [grpc-default-executor-0] INFO  impl.RaftServerImpl (RaftServerImpl.java:setRole(184)) - 6cbfae60-ea29-4abc-a49d-ef94f4bd513a@group-E964BE911FCC: changes role from  FOLLOWER to FOLLOWER at term 502 for recognizeCandidate:92ce6e48-4722-407a-9620-5998c6999257
2019-10-18 14:02:26,829 [grpc-default-executor-0] INFO  impl.RoleInfo (RoleInfo.java:shutdownFollowerState(121)) - 6cbfae60-ea29-4abc-a49d-ef94f4bd513a: shutdown FollowerState
2019-10-18 14:02:26,829 [grpc-default-executor-0] INFO  impl.RoleInfo (RoleInfo.java:updateAndGet(143)) - 6cbfae60-ea29-4abc-a49d-ef94f4bd513a: start FollowerState
2019-10-18 14:02:26,829 [Thread-3286] INFO  impl.FollowerState (FollowerState.java:run(117)) - 6cbfae60-ea29-4abc-a49d-ef94f4bd513a@group-E964BE911FCC-FollowerState was interrupted: java.lang.InterruptedException: sleep interrupted
2019-10-18 14:02:26,829 [grpc-default-executor-4] INFO  impl.RaftServerImpl (RaftServerImpl.java:setRole(184)) - 66f9d00c-1e97-4252-958c-bed5a531abda@group-E964BE911FCC: changes role from  FOLLOWER to FOLLOWER at term 502 for recognizeCandidate:92ce6e48-4722-407a-9620-5998c6999257
2019-10-18 14:02:26,829 [grpc-default-executor-4] INFO  impl.RoleInfo (RoleInfo.java:shutdownFollowerState(121)) - 66f9d00c-1e97-4252-958c-bed5a531abda: shutdown FollowerState
2019-10-18 14:02:26,829 [grpc-default-executor-4] INFO  impl.RoleInfo (RoleInfo.java:updateAndGet(143)) - 66f9d00c-1e97-4252-958c-bed5a531abda: start FollowerState
2019-10-18 14:02:26,830 [Thread-3287] INFO  impl.FollowerState (FollowerState.java:run(117)) - 66f9d00c-1e97-4252-958c-bed5a531abda@group-E964BE911FCC-FollowerState was interrupted: java.lang.InterruptedException: sleep interrupted
2019-10-18 14:02:26,855 [92ce6e48-4722-407a-9620-5998c6999257@group-E964BE911FCC-LeaderElection458] INFO  impl.LeaderElection (LeaderElection.java:logAndReturn(56)) - 92ce6e48-4722-407a-9620-5998c6999257@group-E964BE911FCC-LeaderElection458: Election REJECTED; received 2 response(s) [92ce6e48-4722-407a-9620-5998c6999257<-6cbfae60-ea29-4abc-a49d-ef94f4bd513a#0:FAIL-t502, 92ce6e48-4722-407a-9620-5998c6999257<-66f9d00c-1e97-4252-958c-bed5a531abda#0:FAIL-t502] and 0 exception(s); 92ce6e48-4722-407a-9620-5998c6999257@group-E964BE911FCC:t502, leader=null, voted=92ce6e48-4722-407a-9620-5998c6999257, raftlog=92ce6e48-4722-407a-9620-5998c6999257@group-E964BE911FCC-SegmentedRaftLog:OPENED:c-1,f-1,i0, conf=-1: [6cbfae60-ea29-4abc-a49d-ef94f4bd513a:192.168.69.85:36685, 66f9d00c-1e97-4252-958c-bed5a531abda:192.168.69.85:45996, 92ce6e48-4722-407a-9620-5998c6999257:192.168.69.85:34971], old=null
2019-10-18 14:02:26,855 [92ce6e48-4722-407a-9620-5998c6999257@group-E964BE911FCC-LeaderElection458] INFO  impl.RaftServerImpl (RaftServerImpl.java:setRole(184)) - 92ce6e48-4722-407a-9620-5998c6999257@group-E964BE911FCC: changes role from CANDIDATE to FOLLOWER at term 502 for DISCOVERED_A_NEW_TERM
2019-10-18 14:02:26,855 [92ce6e48-4722-407a-9620-5998c6999257@group-E964BE911FCC-LeaderElection458] INFO  impl.RoleInfo (RoleInfo.java:shutdownLeaderElection(134)) - 92ce6e48-4722-407a-9620-5998c6999257: shutdown LeaderElection
2019-10-18 14:02:26,855 [92ce6e48-4722-407a-9620-5998c6999257@group-E964BE911FCC-LeaderElection458] INFO  impl.RoleInfo (RoleInfo.java:updateAndGet(143)) - 92ce6e48-4722-407a-9620-5998c6999257: start FollowerState
2019-10-18 14:02:26,938 [Thread-3294] INFO  impl.FollowerState (FollowerState.java:run(108)) - 92ce6e48-4722-407a-9620-5998c6999257@group-E964BE911FCC-FollowerState: change to CANDIDATE, lastRpcTime:83ms, electionTimeout:83ms
2019-10-18 14:02:26,938 [Thread-3294] INFO  impl.RoleInfo (RoleInfo.java:shutdownFollowerState(121)) - 92ce6e48-4722-407a-9620-5998c6999257: shutdown FollowerState
2019-10-18 14:02:26,938 [Thread-3294] INFO  impl.RaftServerImpl (RaftServerImpl.java:setRole(184)) - 92ce6e48-4722-407a-9620-5998c6999257@group-E964BE911FCC: changes role from  FOLLOWER to CANDIDATE at term 502 for changeToCandidate
2019-10-18 14:02:26,938 [Thread-3294] INFO  impl.RoleInfo (RoleInfo.java:updateAndGet(143)) - 92ce6e48-4722-407a-9620-5998c6999257: start LeaderElection
2019-10-18 14:02:26,952 [92ce6e48-4722-407a-9620-5998c6999257@group-E964BE911FCC-LeaderElection459] INFO  impl.LeaderElection (LeaderElection.java:askForVotes(178)) - 92ce6e48-4722-407a-9620-5998c6999257@group-E964BE911FCC-LeaderElection459: begin an election at term 503 for -1: [6cbfae60-ea29-4abc-a49d-ef94f4bd513a:192.168.69.85:36685, 66f9d00c-1e97-4252-958c-bed5a531abda:192.168.69.85:45996, 92ce6e48-4722-407a-9620-5998c6999257:192.168.69.85:34971], old=null
2019-10-18 14:02:26,953 [grpc-default-executor-4] INFO  impl.RaftServerImpl (RaftServerImpl.java:setRole(184)) - 6cbfae60-ea29-4abc-a49d-ef94f4bd513a@group-E964BE911FCC: changes role from  FOLLOWER to FOLLOWER at term 503 for recognizeCandidate:92ce6e48-4722-407a-9620-5998c6999257
2019-10-18 14:02:26,953 [grpc-default-executor-4] INFO  impl.RoleInfo (RoleInfo.java:shutdownFollowerState(121)) - 6cbfae60-ea29-4abc-a49d-ef94f4bd513a: shutdown FollowerState
2019-10-18 14:02:26,953 [grpc-default-executor-0] INFO  impl.RaftServerImpl (RaftServerImpl.java:setRole(184)) - 66f9d00c-1e97-4252-958c-bed5a531abda@group-E964BE911FCC: changes role from  FOLLOWER to FOLLOWER at term 503 for recognizeCandidate:92ce6e48-4722-407a-9620-5998c6999257
2019-10-18 14:02:26,953 [grpc-default-executor-0] INFO  impl.RoleInfo (RoleInfo.java:shutdownFollowerState(121)) - 66f9d00c-1e97-4252-958c-bed5a531abda: shutdown FollowerState
2019-10-18 14:02:26,953 [Thread-3292] INFO  impl.FollowerState (FollowerState.java:run(117)) - 6cbfae60-ea29-4abc-a49d-ef94f4bd513a@group-E964BE911FCC-FollowerState was interrupted: java.lang.InterruptedException: sleep interrupted
2019-10-18 14:02:26,953 [grpc-default-executor-4] INFO  impl.RoleInfo (RoleInfo.java:updateAndGet(143)) - 6cbfae60-ea29-4abc-a49d-ef94f4bd513a: start FollowerState
2019-10-18 14:02:26,954 [Thread-3293] INFO  impl.FollowerState (FollowerState.java:run(117)) - 66f9d00c-1e97-4252-958c-bed5a531abda@group-E964BE911FCC-FollowerState was interrupted: java.lang.InterruptedException: sleep interrupted
2019-10-18 14:02:26,954 [grpc-default-executor-0] INFO  impl.RoleInfo (RoleInfo.java:updateAndGet(143)) - 66f9d00c-1e97-4252-958c-bed5a531abda: start FollowerState
2019-10-18 14:02:26,970 [92ce6e48-4722-407a-9620-5998c6999257@group-E964BE911FCC-LeaderElection459] INFO  impl.LeaderElection (LeaderElection.java:logAndReturn(56)) - 92ce6e48-4722-407a-9620-5998c6999257@group-E964BE911FCC-LeaderElection459: Election REJECTED; received 2 response(s) [92ce6e48-4722-407a-9620-5998c6999257<-6cbfae60-ea29-4abc-a49d-ef94f4bd513a#0:FAIL-t503, 92ce6e48-4722-407a-9620-5998c6999257<-66f9d00c-1e97-4252-958c-bed5a531abda#0:FAIL-t503] and 0 exception(s); 92ce6e48-4722-407a-9620-5998c6999257@group-E964BE911FCC:t503, leader=null, voted=92ce6e48-4722-407a-9620-5998c6999257, raftlog=92ce6e48-4722-407a-9620-5998c6999257@group-E964BE911FCC-SegmentedRaftLog:OPENED:c-1,f-1,i0, conf=-1: [6cbfae60-ea29-4abc-a49d-ef94f4bd513a:192.168.69.85:36685, 66f9d00c-1e97-4252-958c-bed5a531abda:192.168.69.85:45996, 92ce6e48-4722-407a-9620-5998c6999257:192.168.69.85:34971], old=null
2019-10-18 14:02:26,970 [92ce6e48-4722-407a-9620-5998c6999257@group-E964BE911FCC-LeaderElection459] INFO  impl.RaftServerImpl (RaftServerImpl.java:setRole(184)) - 92ce6e48-4722-407a-9620-5998c6999257@group-E964BE911FCC: changes role from CANDIDATE to FOLLOWER at term 503 for DISCOVERED_A_NEW_TERM
2019-10-18 14:02:26,971 [92ce6e48-4722-407a-9620-5998c6999257@group-E964BE911FCC-LeaderElection459] INFO  impl.RoleInfo (RoleInfo.java:shutdownLeaderElection(134)) - 92ce6e48-4722-407a-9620-5998c6999257: shutdown LeaderElection
2019-10-18 14:02:26,971 [92ce6e48-4722-407a-9620-5998c6999257@group-E964BE911FCC-LeaderElection459] INFO  impl.RoleInfo (RoleInfo.java:updateAndGet(143)) - 92ce6e48-4722-407a-9620-5998c6999257: start FollowerState
2019-10-18 14:02:27,064 [Thread-3300] INFO  impl.FollowerState (FollowerState.java:run(108)) - 92ce6e48-4722-407a-9620-5998c6999257@group-E964BE911FCC-FollowerState: change to CANDIDATE, lastRpcTime:93ms, electionTimeout:93ms
2019-10-18 14:02:27,064 [Thread-3300] INFO  impl.RoleInfo (RoleInfo.java:shutdownFollowerState(121)) - 92ce6e48-4722-407a-9620-5998c6999257: shutdown FollowerState
2019-10-18 14:02:27,064 [Thread-3300] INFO  impl.RaftServerImpl (RaftServerImpl.java:setRole(184)) - 92ce6e48-4722-407a-9620-5998c6999257@group-E964BE911FCC: changes role from  FOLLOWER to CANDIDATE at term 503 for changeToCandidate
2019-10-18 14:02:27,064 [Thread-3300] INFO  impl.RoleInfo (RoleInfo.java:updateAndGet(143)) - 92ce6e48-4722-407a-9620-5998c6999257: start LeaderElection
2019-10-18 14:02:27,079 [92ce6e48-4722-407a-9620-5998c6999257@group-E964BE911FCC-LeaderElection460] INFO  impl.LeaderElection (LeaderElection.java:askForVotes(178)) - 92ce6e48-4722-407a-9620-5998c6999257@group-E964BE911FCC-LeaderElection460: begin an election at term 504 for -1: [6cbfae60-ea29-4abc-a49d-ef94f4bd513a:192.168.69.85:36685, 66f9d00c-1e97-4252-958c-bed5a531abda:192.168.69.85:45996, 92ce6e48-4722-407a-9620-5998c6999257:192.168.69.85:34971], old=null
2019-10-18 14:02:27,080 [grpc-default-executor-4] INFO  impl.RaftServerImpl (RaftServerImpl.java:setRole(184)) - 6cbfae60-ea29-4abc-a49d-ef94f4bd513a@group-E964BE911FCC: changes role from  FOLLOWER to FOLLOWER at term 504 for recognizeCandidate:92ce6e48-4722-407a-9620-5998c6999257
2019-10-18 14:02:27,080 [grpc-default-executor-4] INFO  impl.RoleInfo (RoleInfo.java:shutdownFollowerState(121)) - 6cbfae60-ea29-4abc-a49d-ef94f4bd513a: shutdown FollowerState
2019-10-18 14:02:27,081 [grpc-default-executor-4] INFO  impl.RoleInfo (RoleInfo.java:updateAndGet(143)) - 6cbfae60-ea29-4abc-a49d-ef94f4bd513a: start FollowerState
2019-10-18 14:02:27,081 [Thread-3298] INFO  impl.FollowerState (FollowerState.java:run(117)) - 6cbfae60-ea29-4abc-a49d-ef94f4bd513a@group-E964BE911FCC-FollowerState was interrupted: java.lang.InterruptedException: sleep interrupted
2019-10-18 14:02:27,081 [grpc-default-executor-0] INFO  impl.RaftServerImpl (RaftServerImpl.java:setRole(184)) - 66f9d00c-1e97-4252-958c-bed5a531abda@group-E964BE911FCC: changes role from  FOLLOWER to FOLLOWER at term 504 for recognizeCandidate:92ce6e48-4722-407a-9620-5998c6999257
2019-10-18 14:02:27,081 [grpc-default-executor-0] INFO  impl.RoleInfo (RoleInfo.java:shutdownFollowerState(121)) - 66f9d00c-1e97-4252-958c-bed5a531abda: shutdown FollowerState
2019-10-18 14:02:27,081 [grpc-default-executor-0] INFO  impl.RoleInfo (RoleInfo.java:updateAndGet(143)) - 66f9d00c-1e97-4252-958c-bed5a531abda: start FollowerState
2019-10-18 14:02:27,081 [Thread-3299] INFO  impl.FollowerState (FollowerState.java:run(117)) - 66f9d00c-1e97-4252-958c-bed5a531abda@group-E964BE911FCC-FollowerState was interrupted: java.lang.InterruptedException: sleep interrupted
2019-10-18 14:02:27,095 [92ce6e48-4722-407a-9620-5998c6999257@group-E964BE911FCC-LeaderElection460] INFO  impl.LeaderElection (LeaderElection.java:logAndReturn(56)) - 92ce6e48-4722-407a-9620-5998c6999257@group-E964BE911FCC-LeaderElection460: Election REJECTED; received 2 response(s) [92ce6e48-4722-407a-9620-5998c6999257<-6cbfae60-ea29-4abc-a49d-ef94f4bd513a#0:FAIL-t504, 92ce6e48-4722-407a-9620-5998c6999257<-66f9d00c-1e97-4252-958c-bed5a531abda#0:FAIL-t504] and 0 exception(s); 92ce6e48-4722-407a-9620-5998c6999257@group-E964BE911FCC:t504, leader=null, voted=92ce6e48-4722-407a-9620-5998c6999257, raftlog=92ce6e48-4722-407a-9620-5998c6999257@group-E964BE911FCC-SegmentedRaftLog:OPENED:c-1,f-1,i0, conf=-1: [6cbfae60-ea29-4abc-a49d-ef94f4bd513a:192.168.69.85:36685, 66f9d00c-1e97-4252-958c-bed5a531abda:192.168.69.85:45996, 92ce6e48-4722-407a-9620-5998c6999257:192.168.69.85:34971], old=null
2019-10-18 14:02:27,095 [92ce6e48-4722-407a-9620-5998c6999257@group-E964BE911FCC-LeaderElection460] INFO  impl.RaftServerImpl (RaftServerImpl.java:setRole(184)) - 92ce6e48-4722-407a-9620-5998c6999257@group-E964BE911FCC: changes role from CANDIDATE to FOLLOWER at term 504 for DISCOVERED_A_NEW_TERM
2019-10-18 14:02:27,095 [92ce6e48-4722-407a-9620-5998c6999257@group-E964BE911FCC-LeaderElection460] INFO  impl.RoleInfo (RoleInfo.java:shutdownLeaderElection(134)) - 92ce6e48-4722-407a-9620-5998c6999257: shutdown LeaderElection
2019-10-18 14:02:27,095 [92ce6e48-4722-407a-9620-5998c6999257@group-E964BE911FCC-LeaderElection460] INFO  impl.RoleInfo (RoleInfo.java:updateAndGet(143)) - 92ce6e48-4722-407a-9620-5998c6999257: start FollowerState
2019-10-18 14:02:27,295 [Thread-3306] INFO  impl.FollowerState (FollowerState.java:run(108)) - 92ce6e48-4722-407a-9620-5998c6999257@group-E964BE911FCC-FollowerState: change to CANDIDATE, lastRpcTime:200ms, electionTimeout:200ms
2019-10-18 14:02:27,295 [Thread-3306] INFO  impl.RoleInfo (RoleInfo.java:shutdownFollowerState(121)) - 92ce6e48-4722-407a-9620-5998c6999257: shutdown FollowerState
2019-10-18 14:02:27,296 [Thread-3306] INFO  impl.RaftServerImpl (RaftServerImpl.java:setRole(184)) - 92ce6e48-4722-407a-9620-5998c6999257@group-E964BE911FCC: changes role from  FOLLOWER to CANDIDATE at term 504 for changeToCandidate
2019-10-18 14:02:27,296 [Thread-3306] INFO  impl.RoleInfo (RoleInfo.java:updateAndGet(143)) - 92ce6e48-4722-407a-9620-5998c6999257: start LeaderElection
2019-10-18 14:02:27,322 [92ce6e48-4722-407a-9620-5998c6999257@group-E964BE911FCC-LeaderElection461] INFO  impl.LeaderElection (LeaderElection.java:askForVotes(178)) - 92ce6e48-4722-407a-9620-5998c6999257@group-E964BE911FCC-LeaderElection461: begin an election at term 505 for -1: [6cbfae60-ea29-4abc-a49d-ef94f4bd513a:192.168.69.85:36685, 66f9d00c-1e97-4252-958c-bed5a531abda:192.168.69.85:45996, 92ce6e48-4722-407a-9620-5998c6999257:192.168.69.85:34971], old=null
2019-10-18 14:02:27,324 [grpc-default-executor-0] INFO  impl.RaftServerImpl (RaftServerImpl.java:setRole(184)) - 6cbfae60-ea29-4abc-a49d-ef94f4bd513a@group-E964BE911FCC: changes role from  FOLLOWER to FOLLOWER at term 505 for recognizeCandidate:92ce6e48-4722-407a-9620-5998c6999257
2019-10-18 14:02:27,324 [grpc-default-executor-4] INFO  impl.RaftServerImpl (RaftServerImpl.java:setRole(184)) - 66f9d00c-1e97-4252-958c-bed5a531abda@group-E964BE911FCC: changes role from  FOLLOWER to FOLLOWER at term 505 for recognizeCandidate:92ce6e48-4722-407a-9620-5998c6999257
2019-10-18 14:02:27,325 [grpc-default-executor-4] INFO  impl.RoleInfo (RoleInfo.java:shutdownFollowerState(121)) - 66f9d00c-1e97-4252-958c-bed5a531abda: shutdown FollowerState
2019-10-18 14:02:27,324 [grpc-default-executor-0] INFO  impl.RoleInfo (RoleInfo.java:shutdownFollowerState(121)) - 6cbfae60-ea29-4abc-a49d-ef94f4bd513a: shutdown FollowerState
2019-10-18 14:02:27,325 [Thread-3305] INFO  impl.FollowerState (FollowerState.java:run(117)) - 66f9d00c-1e97-4252-958c-bed5a531abda@group-E964BE911FCC-FollowerState was interrupted: java.lang.InterruptedException: sleep interrupted
2019-10-18 14:02:27,325 [Thread-3304] INFO  impl.FollowerState (FollowerState.java:run(117)) - 6cbfae60-ea29-4abc-a49d-ef94f4bd513a@group-E964BE911FCC-FollowerState was interrupted: java.lang.InterruptedException: sleep interrupted
2019-10-18 14:02:27,325 [grpc-default-executor-4] INFO  impl.RoleInfo (RoleInfo.java:updateAndGet(143)) - 66f9d00c-1e97-4252-958c-bed5a531abda: start FollowerState
2019-10-18 14:02:27,325 [grpc-default-executor-0] INFO  impl.RoleInfo (RoleInfo.java:updateAndGet(143)) - 6cbfae60-ea29-4abc-a49d-ef94f4bd513a: start FollowerState
2019-10-18 14:02:27,340 [92ce6e48-4722-407a-9620-5998c6999257@group-E964BE911FCC-LeaderElection461] INFO  impl.LeaderElection (LeaderElection.java:logAndReturn(56)) - 92ce6e48-4722-407a-9620-5998c6999257@group-E964BE911FCC-LeaderElection461: Election REJECTED; received 2 response(s) [92ce6e48-4722-407a-9620-5998c6999257<-6cbfae60-ea29-4abc-a49d-ef94f4bd513a#0:FAIL-t505, 92ce6e48-4722-407a-9620-5998c6999257<-66f9d00c-1e97-4252-958c-bed5a531abda#0:FAIL-t505] and 0 exception(s); 92ce6e48-4722-407a-9620-5998c6999257@group-E964BE911FCC:t505, leader=null, voted=92ce6e48-4722-407a-9620-5998c6999257, raftlog=92ce6e48-4722-407a-9620-5998c6999257@group-E964BE911FCC-SegmentedRaftLog:OPENED:c-1,f-1,i0, conf=-1: [6cbfae60-ea29-4abc-a49d-ef94f4bd513a:192.168.69.85:36685, 66f9d00c-1e97-4252-958c-bed5a531abda:192.168.69.85:45996, 92ce6e48-4722-407a-9620-5998c6999257:192.168.69.85:34971], old=null
2019-10-18 14:02:27,341 [92ce6e48-4722-407a-9620-5998c6999257@group-E964BE911FCC-LeaderElection461] INFO  impl.RaftServerImpl (RaftServerImpl.java:setRole(184)) - 92ce6e48-4722-407a-9620-5998c6999257@group-E964BE911FCC: changes role from CANDIDATE to FOLLOWER at term 505 for DISCOVERED_A_NEW_TERM
2019-10-18 14:02:27,341 [92ce6e48-4722-407a-9620-5998c6999257@group-E964BE911FCC-LeaderElection461] INFO  impl.RoleInfo (RoleInfo.java:shutdownLeaderElection(134)) - 92ce6e48-4722-407a-9620-5998c6999257: shutdown LeaderElection
2019-10-18 14:02:27,341 [92ce6e48-4722-407a-9620-5998c6999257@group-E964BE911FCC-LeaderElection461] INFO  impl.RoleInfo (RoleInfo.java:updateAndGet(143)) - 92ce6e48-4722-407a-9620-5998c6999257: start FollowerState
2019-10-18 14:02:27,424 [Thread-3312] INFO  impl.FollowerState (FollowerState.java:run(108)) - 92ce6e48-4722-407a-9620-5998c6999257@group-E964BE911FCC-FollowerState: change to CANDIDATE, lastRpcTime:83ms, electionTimeout:83ms
2019-10-18 14:02:27,425 [Thread-3312] INFO  impl.RoleInfo (RoleInfo.java:shutdownFollowerState(121)) - 92ce6e48-4722-407a-9620-5998c6999257: shutdown FollowerState
2019-10-18 14:02:27,425 [Thread-3312] INFO  impl.RaftServerImpl (RaftServerImpl.java:setRole(184)) - 92ce6e48-4722-407a-9620-5998c6999257@group-E964BE911FCC: changes role from  FOLLOWER to CANDIDATE at term 505 for changeToCandidate
2019-10-18 14:02:27,425 [Thread-3312] INFO  impl.RoleInfo (RoleInfo.java:updateAndGet(143)) - 92ce6e48-4722-407a-9620-5998c6999257: start LeaderElection
2019-10-18 14:02:27,440 [92ce6e48-4722-407a-9620-5998c6999257@group-E964BE911FCC-LeaderElection462] INFO  impl.LeaderElection (LeaderElection.java:askForVotes(178)) - 92ce6e48-4722-407a-9620-5998c6999257@group-E964BE911FCC-LeaderElection462: begin an election at term 506 for -1: [6cbfae60-ea29-4abc-a49d-ef94f4bd513a:192.168.69.85:36685, 66f9d00c-1e97-4252-958c-bed5a531abda:192.168.69.85:45996, 92ce6e48-4722-407a-9620-5998c6999257:192.168.69.85:34971], old=null
2019-10-18 14:02:27,441 [grpc-default-executor-4] INFO  impl.RaftServerImpl (RaftServerImpl.java:setRole(184)) - 66f9d00c-1e97-4252-958c-bed5a531abda@group-E964BE911FCC: changes role from  FOLLOWER to FOLLOWER at term 506 for recognizeCandidate:92ce6e48-4722-407a-9620-5998c6999257
2019-10-18 14:02:27,441 [grpc-default-executor-0] INFO  impl.RaftServerImpl (RaftServerImpl.java:setRole(184)) - 6cbfae60-ea29-4abc-a49d-ef94f4bd513a@group-E964BE911FCC: changes role from  FOLLOWER to FOLLOWER at term 506 for recognizeCandidate:92ce6e48-4722-407a-9620-5998c6999257
2019-10-18 14:02:27,442 [grpc-default-executor-0] INFO  impl.RoleInfo (RoleInfo.java:shutdownFollowerState(121)) - 6cbfae60-ea29-4abc-a49d-ef94f4bd513a: shutdown FollowerState
2019-10-18 14:02:27,442 [grpc-default-executor-4] INFO  impl.RoleInfo (RoleInfo.java:shutdownFollowerState(121)) - 66f9d00c-1e97-4252-958c-bed5a531abda: shutdown FollowerState
2019-10-18 14:02:27,442 [grpc-default-executor-4] INFO  impl.RoleInfo (RoleInfo.java:updateAndGet(143)) - 66f9d00c-1e97-4252-958c-bed5a531abda: start FollowerState
2019-10-18 14:02:27,442 [Thread-3311] INFO  impl.FollowerState (FollowerState.java:run(117)) - 6cbfae60-ea29-4abc-a49d-ef94f4bd513a@group-E964BE911FCC-FollowerState was interrupted: java.lang.InterruptedException: sleep interrupted
2019-10-18 14:02:27,442 [grpc-default-executor-0] INFO  impl.RoleInfo (RoleInfo.java:updateAndGet(143)) - 6cbfae60-ea29-4abc-a49d-ef94f4bd513a: start FollowerState
2019-10-18 14:02:27,442 [Thread-3310] INFO  impl.FollowerState (FollowerState.java:run(117)) - 66f9d00c-1e97-4252-958c-bed5a531abda@group-E964BE911FCC-FollowerState was interrupted: java.lang.InterruptedException: sleep interrupted
2019-10-18 14:02:27,455 [92ce6e48-4722-407a-9620-5998c6999257@group-E964BE911FCC-LeaderElection462] INFO  impl.LeaderElection (LeaderElection.java:logAndReturn(56)) - 92ce6e48-4722-407a-9620-5998c6999257@group-E964BE911FCC-LeaderElection462: Election REJECTED; received 2 response(s) [92ce6e48-4722-407a-9620-5998c6999257<-6cbfae60-ea29-4abc-a49d-ef94f4bd513a#0:FAIL-t506, 92ce6e48-4722-407a-9620-5998c6999257<-66f9d00c-1e97-4252-958c-bed5a531abda#0:FAIL-t506] and 0 exception(s); 92ce6e48-4722-407a-9620-5998c6999257@group-E964BE911FCC:t506, leader=null, voted=92ce6e48-4722-407a-9620-5998c6999257, raftlog=92ce6e48-4722-407a-9620-5998c6999257@group-E964BE911FCC-SegmentedRaftLog:OPENED:c-1,f-1,i0, conf=-1: [6cbfae60-ea29-4abc-a49d-ef94f4bd513a:192.168.69.85:36685, 66f9d00c-1e97-4252-958c-bed5a531abda:192.168.69.85:45996, 92ce6e48-4722-407a-9620-5998c6999257:192.168.69.85:34971], old=null
2019-10-18 14:02:27,455 [92ce6e48-4722-407a-9620-5998c6999257@group-E964BE911FCC-LeaderElection462] INFO  impl.RaftServerImpl (RaftServerImpl.java:setRole(184)) - 92ce6e48-4722-407a-9620-5998c6999257@group-E964BE911FCC: changes role from CANDIDATE to FOLLOWER at term 506 for DISCOVERED_A_NEW_TERM
2019-10-18 14:02:27,455 [92ce6e48-4722-407a-9620-5998c6999257@group-E964BE911FCC-LeaderElection462] INFO  impl.RoleInfo (RoleInfo.java:shutdownLeaderElection(134)) - 92ce6e48-4722-407a-9620-5998c6999257: shutdown LeaderElection
2019-10-18 14:02:27,455 [92ce6e48-4722-407a-9620-5998c6999257@group-E964BE911FCC-LeaderElection462] INFO  impl.RoleInfo (RoleInfo.java:updateAndGet(143)) - 92ce6e48-4722-407a-9620-5998c6999257: start FollowerState
2019-10-18 14:02:27,581 [Thread-3318] INFO  impl.FollowerState (FollowerState.java:run(108)) - 92ce6e48-4722-407a-9620-5998c6999257@group-E964BE911FCC-FollowerState: change to CANDIDATE, lastRpcTime:126ms, electionTimeout:126ms
2019-10-18 14:02:27,581 [Thread-3318] INFO  impl.RoleInfo (RoleInfo.java:shutdownFollowerState(121)) - 92ce6e48-4722-407a-9620-5998c6999257: shutdown FollowerState
2019-10-18 14:02:27,582 [Thread-3318] INFO  impl.RaftServerImpl (RaftServerImpl.java:setRole(184)) - 92ce6e48-4722-407a-9620-5998c6999257@group-E964BE911FCC: changes role from  FOLLOWER to CANDIDATE at term 506 for changeToCandidate
2019-10-18 14:02:27,582 [Thread-3318] INFO  impl.RoleInfo (RoleInfo.java:updateAndGet(143)) - 92ce6e48-4722-407a-9620-5998c6999257: start LeaderElection
2019-10-18 14:02:27,608 [92ce6e48-4722-407a-9620-5998c6999257@group-E964BE911FCC-LeaderElection463] INFO  impl.LeaderElection (LeaderElection.java:askForVotes(178)) - 92ce6e48-4722-407a-9620-5998c6999257@group-E964BE911FCC-LeaderElection463: begin an election at term 507 for -1: [6cbfae60-ea29-4abc-a49d-ef94f4bd513a:192.168.69.85:36685, 66f9d00c-1e97-4252-958c-bed5a531abda:192.168.69.85:45996, 92ce6e48-4722-407a-9620-5998c6999257:192.168.69.85:34971], old=null
2019-10-18 14:02:27,609 [grpc-default-executor-4] INFO  impl.RaftServerImpl (RaftServerImpl.java:setRole(184)) - 6cbfae60-ea29-4abc-a49d-ef94f4bd513a@group-E964BE911FCC: changes role from  FOLLOWER to FOLLOWER at term 507 for recognizeCandidate:92ce6e48-4722-407a-9620-5998c6999257
2019-10-18 14:02:27,609 [grpc-default-executor-1] INFO  impl.RaftServerImpl (RaftServerImpl.java:setRole(184)) - 66f9d00c-1e97-4252-958c-bed5a531abda@group-E964BE911FCC: changes role from  FOLLOWER to FOLLOWER at term 507 for recognizeCandidate:92ce6e48-4722-407a-9620-5998c6999257
2019-10-18 14:02:27,609 [grpc-default-executor-1] INFO  impl.RoleInfo (RoleInfo.java:shutdownFollowerState(121)) - 66f9d00c-1e97-4252-958c-bed5a531abda: shutdown FollowerState
2019-10-18 14:02:27,609 [grpc-default-executor-4] INFO  impl.RoleInfo (RoleInfo.java:shutdownFollowerState(121)) - 6cbfae60-ea29-4abc-a49d-ef94f4bd513a: shutdown FollowerState
2019-10-18 14:02:27,610 [Thread-3317] INFO  impl.FollowerState (FollowerState.java:run(117)) - 66f9d00c-1e97-4252-958c-bed5a531abda@group-E964BE911FCC-FollowerState was interrupted: java.lang.InterruptedException: sleep interrupted
2019-10-18 14:02:27,610 [grpc-default-executor-1] INFO  impl.RoleInfo (RoleInfo.java:updateAndGet(143)) - 66f9d00c-1e97-4252-958c-bed5a531abda: start FollowerState
2019-10-18 14:02:27,610 [Thread-3316] INFO  impl.FollowerState (FollowerState.java:run(117)) - 6cbfae60-ea29-4abc-a49d-ef94f4bd513a@group-E964BE911FCC-FollowerState was interrupted: java.lang.InterruptedException: sleep interrupted
2019-10-18 14:02:27,610 [grpc-default-executor-4] INFO  impl.RoleInfo (RoleInfo.java:updateAndGet(143)) - 6cbfae60-ea29-4abc-a49d-ef94f4bd513a: start FollowerState
2019-10-18 14:02:27,626 [92ce6e48-4722-407a-9620-5998c6999257@group-E964BE911FCC-LeaderElection463] INFO  impl.LeaderElection (LeaderElection.java:logAndReturn(56)) - 92ce6e48-4722-407a-9620-5998c6999257@group-E964BE911FCC-LeaderElection463: Election REJECTED; received 2 response(s) [92ce6e48-4722-407a-9620-5998c6999257<-6cbfae60-ea29-4abc-a49d-ef94f4bd513a#0:FAIL-t507, 92ce6e48-4722-407a-9620-5998c6999257<-66f9d00c-1e97-4252-958c-bed5a531abda#0:FAIL-t507] and 0 exception(s); 92ce6e48-4722-407a-9620-5998c6999257@group-E964BE911FCC:t507, leader=null, voted=92ce6e48-4722-407a-9620-5998c6999257, raftlog=92ce6e48-4722-407a-9620-5998c6999257@group-E964BE911FCC-SegmentedRaftLog:OPENED:c-1,f-1,i0, conf=-1: [6cbfae60-ea29-4abc-a49d-ef94f4bd513a:192.168.69.85:36685, 66f9d00c-1e97-4252-958c-bed5a531abda:192.168.69.85:45996, 92ce6e48-4722-407a-9620-5998c6999257:192.168.69.85:34971], old=null
2019-10-18 14:02:27,626 [92ce6e48-4722-407a-9620-5998c6999257@group-E964BE911FCC-LeaderElection463] INFO  impl.RaftServerImpl (RaftServerImpl.java:setRole(184)) - 92ce6e48-4722-407a-9620-5998c6999257@group-E964BE911FCC: changes role from CANDIDATE to FOLLOWER at term 507 for DISCOVERED_A_NEW_TERM
2019-10-18 14:02:27,626 [92ce6e48-4722-407a-9620-5998c6999257@group-E964BE911FCC-LeaderElection463] INFO  impl.RoleInfo (RoleInfo.java:shutdownLeaderElection(134)) - 92ce6e48-4722-407a-9620-5998c6999257: shutdown LeaderElection
2019-10-18 14:02:27,626 [92ce6e48-4722-407a-9620-5998c6999257@group-E964BE911FCC-LeaderElection463] INFO  impl.RoleInfo (RoleInfo.java:updateAndGet(143)) - 92ce6e48-4722-407a-9620-5998c6999257: start FollowerState
2019-10-18 14:02:27,783 [Thread-3326] INFO  impl.FollowerState (FollowerState.java:run(108)) - 92ce6e48-4722-407a-9620-5998c6999257@group-E964BE911FCC-FollowerState: change to CANDIDATE, lastRpcTime:156ms, electionTimeout:156ms
2019-10-18 14:02:27,783 [Thread-3326] INFO  impl.RoleInfo (RoleInfo.java:shutdownFollowerState(121)) - 92ce6e48-4722-407a-9620-5998c6999257: shutdown FollowerState
2019-10-18 14:02:27,783 [Thread-3326] INFO  impl.RaftServerImpl (RaftServerImpl.java:setRole(184)) - 92ce6e48-4722-407a-9620-5998c6999257@group-E964BE911FCC: changes role from  FOLLOWER to CANDIDATE at term 507 for changeToCandidate
2019-10-18 14:02:27,783 [Thread-3326] INFO  impl.RoleInfo (RoleInfo.java:updateAndGet(143)) - 92ce6e48-4722-407a-9620-5998c6999257: start LeaderElection
2019-10-18 14:02:27,809 [92ce6e48-4722-407a-9620-5998c6999257@group-E964BE911FCC-LeaderElection464] INFO  impl.LeaderElection (LeaderElection.java:askForVotes(178)) - 92ce6e48-4722-407a-9620-5998c6999257@group-E964BE911FCC-LeaderElection464: begin an election at term 508 for -1: [6cbfae60-ea29-4abc-a49d-ef94f4bd513a:192.168.69.85:36685, 66f9d00c-1e97-4252-958c-bed5a531abda:192.168.69.85:45996, 92ce6e48-4722-407a-9620-5998c6999257:192.168.69.85:34971], old=null
2019-10-18 14:02:27,810 [grpc-default-executor-4] INFO  impl.RaftServerImpl (RaftServerImpl.java:setRole(184)) - 6cbfae60-ea29-4abc-a49d-ef94f4bd513a@group-E964BE911FCC: changes role from  FOLLOWER to FOLLOWER at term 508 for recognizeCandidate:92ce6e48-4722-407a-9620-5998c6999257
2019-10-18 14:02:27,811 [grpc-default-executor-4] INFO  impl.RoleInfo (RoleInfo.java:shutdownFollowerState(121)) - 6cbfae60-ea29-4abc-a49d-ef94f4bd513a: shutdown FollowerState
2019-10-18 14:02:27,811 [grpc-default-executor-4] INFO  impl.RoleInfo (RoleInfo.java:updateAndGet(143)) - 6cbfae60-ea29-4abc-a49d-ef94f4bd513a: start FollowerState
2019-10-18 14:02:27,811 [Thread-3325] INFO  impl.FollowerState (FollowerState.java:run(117)) - 6cbfae60-ea29-4abc-a49d-ef94f4bd513a@group-E964BE911FCC-FollowerState was interrupted: java.lang.InterruptedException: sleep interrupted
2019-10-18 14:02:27,811 [grpc-default-executor-1] INFO  impl.RaftServerImpl (RaftServerImpl.java:setRole(184)) - 66f9d00c-1e97-4252-958c-bed5a531abda@group-E964BE911FCC: changes role from  FOLLOWER to FOLLOWER at term 508 for recognizeCandidate:92ce6e48-4722-407a-9620-5998c6999257
2019-10-18 14:02:27,811 [grpc-default-executor-1] INFO  impl.RoleInfo (RoleInfo.java:shutdownFollowerState(121)) - 66f9d00c-1e97-4252-958c-bed5a531abda: shutdown FollowerState
2019-10-18 14:02:27,811 [grpc-default-executor-1] INFO  impl.RoleInfo (RoleInfo.java:updateAndGet(143)) - 66f9d00c-1e97-4252-958c-bed5a531abda: start FollowerState
2019-10-18 14:02:27,811 [Thread-3324] INFO  impl.FollowerState (FollowerState.java:run(117)) - 66f9d00c-1e97-4252-958c-bed5a531abda@group-E964BE911FCC-FollowerState was interrupted: java.lang.InterruptedException: sleep interrupted
2019-10-18 14:02:27,837 [92ce6e48-4722-407a-9620-5998c6999257@group-E964BE911FCC-LeaderElection464] INFO  impl.LeaderElection (LeaderElection.java:logAndReturn(56)) - 92ce6e48-4722-407a-9620-5998c6999257@group-E964BE911FCC-LeaderElection464: Election REJECTED; received 2 response(s) [92ce6e48-4722-407a-9620-5998c6999257<-6cbfae60-ea29-4abc-a49d-ef94f4bd513a#0:FAIL-t508, 92ce6e48-4722-407a-9620-5998c6999257<-66f9d00c-1e97-4252-958c-bed5a531abda#0:FAIL-t508] and 0 exception(s); 92ce6e48-4722-407a-9620-5998c6999257@group-E964BE911FCC:t508, leader=null, voted=92ce6e48-4722-407a-9620-5998c6999257, raftlog=92ce6e48-4722-407a-9620-5998c6999257@group-E964BE911FCC-SegmentedRaftLog:OPENED:c-1,f-1,i0, conf=-1: [6cbfae60-ea29-4abc-a49d-ef94f4bd513a:192.168.69.85:36685, 66f9d00c-1e97-4252-958c-bed5a531abda:192.168.69.85:45996, 92ce6e48-4722-407a-9620-5998c6999257:192.168.69.85:34971], old=null
2019-10-18 14:02:27,837 [92ce6e48-4722-407a-9620-5998c6999257@group-E964BE911FCC-LeaderElection464] INFO  impl.RaftServerImpl (RaftServerImpl.java:setRole(184)) - 92ce6e48-4722-407a-9620-5998c6999257@group-E964BE911FCC: changes role from CANDIDATE to FOLLOWER at term 508 for DISCOVERED_A_NEW_TERM
2019-10-18 14:02:27,837 [92ce6e48-4722-407a-9620-5998c6999257@group-E964BE911FCC-LeaderElection464] INFO  impl.RoleInfo (RoleInfo.java:shutdownLeaderElection(134)) - 92ce6e48-4722-407a-9620-5998c6999257: shutdown LeaderElection
2019-10-18 14:02:27,837 [92ce6e48-4722-407a-9620-5998c6999257@group-E964BE911FCC-LeaderElection464] INFO  impl.RoleInfo (RoleInfo.java:updateAndGet(143)) - 92ce6e48-4722-407a-9620-5998c6999257: start FollowerState
2019-10-18 14:02:27,967 [Thread-3332] INFO  impl.FollowerState (FollowerState.java:run(108)) - 92ce6e48-4722-407a-9620-5998c6999257@group-E964BE911FCC-FollowerState: change to CANDIDATE, lastRpcTime:129ms, electionTimeout:129ms
2019-10-18 14:02:27,967 [Thread-3332] INFO  impl.RoleInfo (RoleInfo.java:shutdownFollowerState(121)) - 92ce6e48-4722-407a-9620-5998c6999257: shutdown FollowerState
2019-10-18 14:02:27,967 [Thread-3332] INFO  impl.RaftServerImpl (RaftServerImpl.java:setRole(184)) - 92ce6e48-4722-407a-9620-5998c6999257@group-E964BE911FCC: changes role from  FOLLOWER to CANDIDATE at term 508 for changeToCandidate
2019-10-18 14:02:27,967 [Thread-3332] INFO  impl.RoleInfo (RoleInfo.java:updateAndGet(143)) - 92ce6e48-4722-407a-9620-5998c6999257: start LeaderElection
2019-10-18 14:02:27,992 [92ce6e48-4722-407a-9620-5998c6999257@group-E964BE911FCC-LeaderElection465] INFO  impl.LeaderElection (LeaderElection.java:askForVotes(178)) - 92ce6e48-4722-407a-9620-5998c6999257@group-E964BE911FCC-LeaderElection465: begin an election at term 509 for -1: [6cbfae60-ea29-4abc-a49d-ef94f4bd513a:192.168.69.85:36685, 66f9d00c-1e97-4252-958c-bed5a531abda:192.168.69.85:45996, 92ce6e48-4722-407a-9620-5998c6999257:192.168.69.85:34971], old=null
2019-10-18 14:02:27,994 [grpc-default-executor-4] INFO  impl.RaftServerImpl (RaftServerImpl.java:setRole(184)) - 6cbfae60-ea29-4abc-a49d-ef94f4bd513a@group-E964BE911FCC: changes role from  FOLLOWER to FOLLOWER at term 509 for recognizeCandidate:92ce6e48-4722-407a-9620-5998c6999257
2019-10-18 14:02:27,994 [grpc-default-executor-4] INFO  impl.RoleInfo (RoleInfo.java:shutdownFollowerState(121)) - 6cbfae60-ea29-4abc-a49d-ef94f4bd513a: shutdown FollowerState
2019-10-18 14:02:27,994 [grpc-default-executor-1] INFO  impl.RaftServerImpl (RaftServerImpl.java:setRole(184)) - 66f9d00c-1e97-4252-958c-bed5a531abda@group-E964BE911FCC: changes role from  FOLLOWER to FOLLOWER at term 509 for recognizeCandidate:92ce6e48-4722-407a-9620-5998c6999257
2019-10-18 14:02:27,994 [Thread-3330] INFO  impl.FollowerState (FollowerState.java:run(117)) - 6cbfae60-ea29-4abc-a49d-ef94f4bd513a@group-E964BE911FCC-FollowerState was interrupted: java.lang.InterruptedException: sleep interrupted
2019-10-18 14:02:27,994 [grpc-default-executor-4] INFO  impl.RoleInfo (RoleInfo.java:updateAndGet(143)) - 6cbfae60-ea29-4abc-a49d-ef94f4bd513a: start FollowerState
2019-10-18 14:02:27,994 [grpc-default-executor-1] INFO  impl.RoleInfo (RoleInfo.java:shutdownFollowerState(121)) - 66f9d00c-1e97-4252-958c-bed5a531abda: shutdown FollowerState
2019-10-18 14:02:27,995 [Thread-3331] INFO  impl.FollowerState (FollowerState.java:run(117)) - 66f9d00c-1e97-4252-958c-bed5a531abda@group-E964BE911FCC-FollowerState was interrupted: java.lang.InterruptedException: sleep interrupted
2019-10-18 14:02:27,995 [grpc-default-executor-1] INFO  impl.RoleInfo (RoleInfo.java:updateAndGet(143)) - 66f9d00c-1e97-4252-958c-bed5a531abda: start FollowerState
2019-10-18 14:02:28,009 [92ce6e48-4722-407a-9620-5998c6999257@group-E964BE911FCC-LeaderElection465] INFO  impl.LeaderElection (LeaderElection.java:logAndReturn(56)) - 92ce6e48-4722-407a-9620-5998c6999257@group-E964BE911FCC-LeaderElection465: Election REJECTED; received 2 response(s) [92ce6e48-4722-407a-9620-5998c6999257<-6cbfae60-ea29-4abc-a49d-ef94f4bd513a#0:FAIL-t509, 92ce6e48-4722-407a-9620-5998c6999257<-66f9d00c-1e97-4252-958c-bed5a531abda#0:FAIL-t509] and 0 exception(s); 92ce6e48-4722-407a-9620-5998c6999257@group-E964BE911FCC:t509, leader=null, voted=92ce6e48-4722-407a-9620-5998c6999257, raftlog=92ce6e48-4722-407a-9620-5998c6999257@group-E964BE911FCC-SegmentedRaftLog:OPENED:c-1,f-1,i0, conf=-1: [6cbfae60-ea29-4abc-a49d-ef94f4bd513a:192.168.69.85:36685, 66f9d00c-1e97-4252-958c-bed5a531abda:192.168.69.85:45996, 92ce6e48-4722-407a-9620-5998c6999257:192.168.69.85:34971], old=null
2019-10-18 14:02:28,009 [92ce6e48-4722-407a-9620-5998c6999257@group-E964BE911FCC-LeaderElection465] INFO  impl.RaftServerImpl (RaftServerImpl.java:setRole(184)) - 92ce6e48-4722-407a-9620-5998c6999257@group-E964BE911FCC: changes role from CANDIDATE to FOLLOWER at term 509 for DISCOVERED_A_NEW_TERM
2019-10-18 14:02:28,010 [92ce6e48-4722-407a-9620-5998c6999257@group-E964BE911FCC-LeaderElection465] INFO  impl.RoleInfo (RoleInfo.java:shutdownLeaderElection(134)) - 92ce6e48-4722-407a-9620-5998c6999257: shutdown LeaderElection
2019-10-18 14:02:28,010 [92ce6e48-4722-407a-9620-5998c6999257@group-E964BE911FCC-LeaderElection465] INFO  impl.RoleInfo (RoleInfo.java:updateAndGet(143)) - 92ce6e48-4722-407a-9620-5998c6999257: start FollowerState
2019-10-18 14:02:28,095 [Thread-3338] INFO  impl.FollowerState (FollowerState.java:run(108)) - 92ce6e48-4722-407a-9620-5998c6999257@group-E964BE911FCC-FollowerState: change to CANDIDATE, lastRpcTime:85ms, electionTimeout:85ms
2019-10-18 14:02:28,095 [Thread-3338] INFO  impl.RoleInfo (RoleInfo.java:shutdownFollowerState(121)) - 92ce6e48-4722-407a-9620-5998c6999257: shutdown FollowerState
2019-10-18 14:02:28,095 [Thread-3338] INFO  impl.RaftServerImpl (RaftServerImpl.java:setRole(184)) - 92ce6e48-4722-407a-9620-5998c6999257@group-E964BE911FCC: changes role from  FOLLOWER to CANDIDATE at term 509 for changeToCandidate
2019-10-18 14:02:28,096 [Thread-3338] INFO  impl.RoleInfo (RoleInfo.java:updateAndGet(143)) - 92ce6e48-4722-407a-9620-5998c6999257: start LeaderElection
2019-10-18 14:02:28,111 [92ce6e48-4722-407a-9620-5998c6999257@group-E964BE911FCC-LeaderElection466] INFO  impl.LeaderElection (LeaderElection.java:askForVotes(178)) - 92ce6e48-4722-407a-9620-5998c6999257@group-E964BE911FCC-LeaderElection466: begin an election at term 510 for -1: [6cbfae60-ea29-4abc-a49d-ef94f4bd513a:192.168.69.85:36685, 66f9d00c-1e97-4252-958c-bed5a531abda:192.168.69.85:45996, 92ce6e48-4722-407a-9620-5998c6999257:192.168.69.85:34971], old=null
2019-10-18 14:02:28,112 [grpc-default-executor-4] INFO  impl.RaftServerImpl (RaftServerImpl.java:setRole(184)) - 6cbfae60-ea29-4abc-a49d-ef94f4bd513a@group-E964BE911FCC: changes role from  FOLLOWER to FOLLOWER at term 510 for recognizeCandidate:92ce6e48-4722-407a-9620-5998c6999257
2019-10-18 14:02:28,113 [grpc-default-executor-4] INFO  impl.RoleInfo (RoleInfo.java:shutdownFollowerState(121)) - 6cbfae60-ea29-4abc-a49d-ef94f4bd513a: shutdown FollowerState
2019-10-18 14:02:28,113 [grpc-default-executor-4] INFO  impl.RoleInfo (RoleInfo.java:updateAndGet(143)) - 6cbfae60-ea29-4abc-a49d-ef94f4bd513a: start FollowerState
2019-10-18 14:02:28,113 [Thread-3336] INFO  impl.FollowerState (FollowerState.java:run(117)) - 6cbfae60-ea29-4abc-a49d-ef94f4bd513a@group-E964BE911FCC-FollowerState was interrupted: java.lang.InterruptedException: sleep interrupted
2019-10-18 14:02:28,113 [grpc-default-executor-1] INFO  impl.RaftServerImpl (RaftServerImpl.java:setRole(184)) - 66f9d00c-1e97-4252-958c-bed5a531abda@group-E964BE911FCC: changes role from  FOLLOWER to FOLLOWER at term 510 for recognizeCandidate:92ce6e48-4722-407a-9620-5998c6999257
2019-10-18 14:02:28,113 [grpc-default-executor-1] INFO  impl.RoleInfo (RoleInfo.java:shutdownFollowerState(121)) - 66f9d00c-1e97-4252-958c-bed5a531abda: shutdown FollowerState
2019-10-18 14:02:28,113 [grpc-default-executor-1] INFO  impl.RoleInfo (RoleInfo.java:updateAndGet(143)) - 66f9d00c-1e97-4252-958c-bed5a531abda: start FollowerState
2019-10-18 14:02:28,113 [Thread-3337] INFO  impl.FollowerState (FollowerState.java:run(117)) - 66f9d00c-1e97-4252-958c-bed5a531abda@group-E964BE911FCC-FollowerState was interrupted: java.lang.InterruptedException: sleep interrupted
2019-10-18 14:02:28,139 [92ce6e48-4722-407a-9620-5998c6999257@group-E964BE911FCC-LeaderElection466] INFO  impl.LeaderElection (LeaderElection.java:logAndReturn(56)) - 92ce6e48-4722-407a-9620-5998c6999257@group-E964BE911FCC-LeaderElection466: Election REJECTED; received 2 response(s) [92ce6e48-4722-407a-9620-5998c6999257<-6cbfae60-ea29-4abc-a49d-ef94f4bd513a#0:FAIL-t510, 92ce6e48-4722-407a-9620-5998c6999257<-66f9d00c-1e97-4252-958c-bed5a531abda#0:FAIL-t510] and 0 exception(s); 92ce6e48-4722-407a-9620-5998c6999257@group-E964BE911FCC:t510, leader=null, voted=92ce6e48-4722-407a-9620-5998c6999257, raftlog=92ce6e48-4722-407a-9620-5998c6999257@group-E964BE911FCC-SegmentedRaftLog:OPENED:c-1,f-1,i0, conf=-1: [6cbfae60-ea29-4abc-a49d-ef94f4bd513a:192.168.69.85:36685, 66f9d00c-1e97-4252-958c-bed5a531abda:192.168.69.85:45996, 92ce6e48-4722-407a-9620-5998c6999257:192.168.69.85:34971], old=null
2019-10-18 14:02:28,140 [92ce6e48-4722-407a-9620-5998c6999257@group-E964BE911FCC-LeaderElection466] INFO  impl.RaftServerImpl (RaftServerImpl.java:setRole(184)) - 92ce6e48-4722-407a-9620-5998c6999257@group-E964BE911FCC: changes role from CANDIDATE to FOLLOWER at term 510 for DISCOVERED_A_NEW_TERM
2019-10-18 14:02:28,140 [92ce6e48-4722-407a-9620-5998c6999257@group-E964BE911FCC-LeaderElection466] INFO  impl.RoleInfo (RoleInfo.java:shutdownLeaderElection(134)) - 92ce6e48-4722-407a-9620-5998c6999257: shutdown LeaderElection
2019-10-18 14:02:28,140 [92ce6e48-4722-407a-9620-5998c6999257@group-E964BE911FCC-LeaderElection466] INFO  impl.RoleInfo (RoleInfo.java:updateAndGet(143)) - 92ce6e48-4722-407a-9620-5998c6999257: start FollowerState
2019-10-18 14:02:28,304 [Thread-3344] INFO  impl.FollowerState (FollowerState.java:run(108)) - 92ce6e48-4722-407a-9620-5998c6999257@group-E964BE911FCC-FollowerState: change to CANDIDATE, lastRpcTime:164ms, electionTimeout:164ms
2019-10-18 14:02:28,304 [Thread-3344] INFO  impl.RoleInfo (RoleInfo.java:shutdownFollowerState(121)) - 92ce6e48-4722-407a-9620-5998c6999257: shutdown FollowerState
2019-10-18 14:02:28,304 [Thread-3344] INFO  impl.RaftServerImpl (RaftServerImpl.java:setRole(184)) - 92ce6e48-4722-407a-9620-5998c6999257@group-E964BE911FCC: changes role from  FOLLOWER to CANDIDATE at term 510 for changeToCandidate
2019-10-18 14:02:28,305 [Thread-3344] INFO  impl.RoleInfo (RoleInfo.java:updateAndGet(143)) - 92ce6e48-4722-407a-9620-5998c6999257: start LeaderElection
2019-10-18 14:02:28,320 [92ce6e48-4722-407a-9620-5998c6999257@group-E964BE911FCC-LeaderElection467] INFO  impl.LeaderElection (LeaderElection.java:askForVotes(178)) - 92ce6e48-4722-407a-9620-5998c6999257@group-E964BE911FCC-LeaderElection467: begin an election at term 511 for -1: [6cbfae60-ea29-4abc-a49d-ef94f4bd513a:192.168.69.85:36685, 66f9d00c-1e97-4252-958c-bed5a531abda:192.168.69.85:45996, 92ce6e48-4722-407a-9620-5998c6999257:192.168.69.85:34971], old=null
2019-10-18 14:02:28,322 [grpc-default-executor-1] INFO  impl.RaftServerImpl (RaftServerImpl.java:setRole(184)) - 6cbfae60-ea29-4abc-a49d-ef94f4bd513a@group-E964BE911FCC: changes role from  FOLLOWER to FOLLOWER at term 511 for recognizeCandidate:92ce6e48-4722-407a-9620-5998c6999257
2019-10-18 14:02:28,322 [grpc-default-executor-1] INFO  impl.RoleInfo (RoleInfo.java:shutdownFollowerState(121)) - 6cbfae60-ea29-4abc-a49d-ef94f4bd513a: shutdown FollowerState
2019-10-18 14:02:28,322 [grpc-default-executor-4] INFO  impl.RaftServerImpl (RaftServerImpl.java:setRole(184)) - 66f9d00c-1e97-4252-958c-bed5a531abda@group-E964BE911FCC: changes role from  FOLLOWER to FOLLOWER at term 511 for recognizeCandidate:92ce6e48-4722-407a-9620-5998c6999257
2019-10-18 14:02:28,322 [Thread-3342] INFO  impl.FollowerState (FollowerState.java:run(117)) - 6cbfae60-ea29-4abc-a49d-ef94f4bd513a@group-E964BE911FCC-FollowerState was interrupted: java.lang.InterruptedException: sleep interrupted
2019-10-18 14:02:28,322 [grpc-default-executor-1] INFO  impl.RoleInfo (RoleInfo.java:updateAndGet(143)) - 6cbfae60-ea29-4abc-a49d-ef94f4bd513a: start FollowerState
2019-10-18 14:02:28,322 [grpc-default-executor-4] INFO  impl.RoleInfo (RoleInfo.java:shutdownFollowerState(121)) - 66f9d00c-1e97-4252-958c-bed5a531abda: shutdown FollowerState
2019-10-18 14:02:28,323 [grpc-default-executor-4] INFO  impl.RoleInfo (RoleInfo.java:updateAndGet(143)) - 66f9d00c-1e97-4252-958c-bed5a531abda: start FollowerState
2019-10-18 14:02:28,323 [Thread-3343] INFO  impl.FollowerState (FollowerState.java:run(117)) - 66f9d00c-1e97-4252-958c-bed5a531abda@group-E964BE911FCC-FollowerState was interrupted: java.lang.InterruptedException: sleep interrupted
2019-10-18 14:02:28,337 [92ce6e48-4722-407a-9620-5998c6999257@group-E964BE911FCC-LeaderElection467] INFO  impl.LeaderElection (LeaderElection.java:logAndReturn(56)) - 92ce6e48-4722-407a-9620-5998c6999257@group-E964BE911FCC-LeaderElection467: Election REJECTED; received 2 response(s) [92ce6e48-4722-407a-9620-5998c6999257<-6cbfae60-ea29-4abc-a49d-ef94f4bd513a#0:FAIL-t511, 92ce6e48-4722-407a-9620-5998c6999257<-66f9d00c-1e97-4252-958c-bed5a531abda#0:FAIL-t511] and 0 exception(s); 92ce6e48-4722-407a-9620-5998c6999257@group-E964BE911FCC:t511, leader=null, voted=92ce6e48-4722-407a-9620-5998c6999257, raftlog=92ce6e48-4722-407a-9620-5998c6999257@group-E964BE911FCC-SegmentedRaftLog:OPENED:c-1,f-1,i0, conf=-1: [6cbfae60-ea29-4abc-a49d-ef94f4bd513a:192.168.69.85:36685, 66f9d00c-1e97-4252-958c-bed5a531abda:192.168.69.85:45996, 92ce6e48-4722-407a-9620-5998c6999257:192.168.69.85:34971], old=null
2019-10-18 14:02:28,337 [92ce6e48-4722-407a-9620-5998c6999257@group-E964BE911FCC-LeaderElection467] INFO  impl.RaftServerImpl (RaftServerImpl.java:setRole(184)) - 92ce6e48-4722-407a-9620-5998c6999257@group-E964BE911FCC: changes role from CANDIDATE to FOLLOWER at term 511 for DISCOVERED_A_NEW_TERM
2019-10-18 14:02:28,337 [92ce6e48-4722-407a-9620-5998c6999257@group-E964BE911FCC-LeaderElection467] INFO  impl.RoleInfo (RoleInfo.java:shutdownLeaderElection(134)) - 92ce6e48-4722-407a-9620-5998c6999257: shutdown LeaderElection
2019-10-18 14:02:28,337 [92ce6e48-4722-407a-9620-5998c6999257@group-E964BE911FCC-LeaderElection467] INFO  impl.RoleInfo (RoleInfo.java:updateAndGet(143)) - 92ce6e48-4722-407a-9620-5998c6999257: start FollowerState
2019-10-18 14:02:28,457 [Thread-3350] INFO  impl.FollowerState (FollowerState.java:run(108)) - 92ce6e48-4722-407a-9620-5998c6999257@group-E964BE911FCC-FollowerState: change to CANDIDATE, lastRpcTime:119ms, electionTimeout:119ms
2019-10-18 14:02:28,457 [Thread-3350] INFO  impl.RoleInfo (RoleInfo.java:shutdownFollowerState(121)) - 92ce6e48-4722-407a-9620-5998c6999257: shutdown FollowerState
2019-10-18 14:02:28,457 [Thread-3350] INFO  impl.RaftServerImpl (RaftServerImpl.java:setRole(184)) - 92ce6e48-4722-407a-9620-5998c6999257@group-E964BE911FCC: changes role from  FOLLOWER to CANDIDATE at term 511 for changeToCandidate
2019-10-18 14:02:28,457 [Thread-3350] INFO  impl.RoleInfo (RoleInfo.java:updateAndGet(143)) - 92ce6e48-4722-407a-9620-5998c6999257: start LeaderElection
2019-10-18 14:02:28,472 [92ce6e48-4722-407a-9620-5998c6999257@group-E964BE911FCC-LeaderElection468] INFO  impl.LeaderElection (LeaderElection.java:askForVotes(178)) - 92ce6e48-4722-407a-9620-5998c6999257@group-E964BE911FCC-LeaderElection468: begin an election at term 512 for -1: [6cbfae60-ea29-4abc-a49d-ef94f4bd513a:192.168.69.85:36685, 66f9d00c-1e97-4252-958c-bed5a531abda:192.168.69.85:45996, 92ce6e48-4722-407a-9620-5998c6999257:192.168.69.85:34971], old=null
2019-10-18 14:02:28,474 [grpc-default-executor-1] INFO  impl.RaftServerImpl (RaftServerImpl.java:setRole(184)) - 6cbfae60-ea29-4abc-a49d-ef94f4bd513a@group-E964BE911FCC: changes role from  FOLLOWER to FOLLOWER at term 512 for recognizeCandidate:92ce6e48-4722-407a-9620-5998c6999257
2019-10-18 14:02:28,474 [grpc-default-executor-1] INFO  impl.RoleInfo (RoleInfo.java:shutdownFollowerState(121)) - 6cbfae60-ea29-4abc-a49d-ef94f4bd513a: shutdown FollowerState
2019-10-18 14:02:28,474 [grpc-default-executor-4] INFO  impl.RaftServerImpl (RaftServerImpl.java:setRole(184)) - 66f9d00c-1e97-4252-958c-bed5a531abda@group-E964BE911FCC: changes role from  FOLLOWER to FOLLOWER at term 512 for recognizeCandidate:92ce6e48-4722-407a-9620-5998c6999257
2019-10-18 14:02:28,474 [grpc-default-executor-4] INFO  impl.RoleInfo (RoleInfo.java:shutdownFollowerState(121)) - 66f9d00c-1e97-4252-958c-bed5a531abda: shutdown FollowerState
2019-10-18 14:02:28,474 [Thread-3348] INFO  impl.FollowerState (FollowerState.java:run(117)) - 6cbfae60-ea29-4abc-a49d-ef94f4bd513a@group-E964BE911FCC-FollowerState was interrupted: java.lang.InterruptedException: sleep interrupted
2019-10-18 14:02:28,474 [Thread-3349] INFO  impl.FollowerState (FollowerState.java:run(117)) - 66f9d00c-1e97-4252-958c-bed5a531abda@group-E964BE911FCC-FollowerState was interrupted: java.lang.InterruptedException: sleep interrupted
2019-10-18 14:02:28,474 [grpc-default-executor-1] INFO  impl.RoleInfo (RoleInfo.java:updateAndGet(143)) - 6cbfae60-ea29-4abc-a49d-ef94f4bd513a: start FollowerState
2019-10-18 14:02:28,474 [grpc-default-executor-4] INFO  impl.RoleInfo (RoleInfo.java:updateAndGet(143)) - 66f9d00c-1e97-4252-958c-bed5a531abda: start FollowerState
2019-10-18 14:02:28,500 [92ce6e48-4722-407a-9620-5998c6999257@group-E964BE911FCC-LeaderElection468] INFO  impl.LeaderElection (LeaderElection.java:logAndReturn(56)) - 92ce6e48-4722-407a-9620-5998c6999257@group-E964BE911FCC-LeaderElection468: Election REJECTED; received 2 response(s) [92ce6e48-4722-407a-9620-5998c6999257<-6cbfae60-ea29-4abc-a49d-ef94f4bd513a#0:FAIL-t512, 92ce6e48-4722-407a-9620-5998c6999257<-66f9d00c-1e97-4252-958c-bed5a531abda#0:FAIL-t512] and 0 exception(s); 92ce6e48-4722-407a-9620-5998c6999257@group-E964BE911FCC:t512, leader=null, voted=92ce6e48-4722-407a-9620-5998c6999257, raftlog=92ce6e48-4722-407a-9620-5998c6999257@group-E964BE911FCC-SegmentedRaftLog:OPENED:c-1,f-1,i0, conf=-1: [6cbfae60-ea29-4abc-a49d-ef94f4bd513a:192.168.69.85:36685, 66f9d00c-1e97-4252-958c-bed5a531abda:192.168.69.85:45996, 92ce6e48-4722-407a-9620-5998c6999257:192.168.69.85:34971], old=null
2019-10-18 14:02:28,501 [92ce6e48-4722-407a-9620-5998c6999257@group-E964BE911FCC-LeaderElection468] INFO  impl.RaftServerImpl (RaftServerImpl.java:setRole(184)) - 92ce6e48-4722-407a-9620-5998c6999257@group-E964BE911FCC: changes role from CANDIDATE to FOLLOWER at term 512 for DISCOVERED_A_NEW_TERM
2019-10-18 14:02:28,501 [92ce6e48-4722-407a-9620-5998c6999257@group-E964BE911FCC-LeaderElection468] INFO  impl.RoleInfo (RoleInfo.java:shutdownLeaderElection(134)) - 92ce6e48-4722-407a-9620-5998c6999257: shutdown LeaderElection
2019-10-18 14:02:28,501 [92ce6e48-4722-407a-9620-5998c6999257@group-E964BE911FCC-LeaderElection468] INFO  impl.RoleInfo (RoleInfo.java:updateAndGet(143)) - 92ce6e48-4722-407a-9620-5998c6999257: start FollowerState
2019-10-18 14:02:28,573 [Thread-3356] INFO  impl.FollowerState (FollowerState.java:run(108)) - 92ce6e48-4722-407a-9620-5998c6999257@group-E964BE911FCC-FollowerState: change to CANDIDATE, lastRpcTime:72ms, electionTimeout:72ms
2019-10-18 14:02:28,573 [Thread-3356] INFO  impl.RoleInfo (RoleInfo.java:shutdownFollowerState(121)) - 92ce6e48-4722-407a-9620-5998c6999257: shutdown FollowerState
2019-10-18 14:02:28,573 [Thread-3356] INFO  impl.RaftServerImpl (RaftServerImpl.java:setRole(184)) - 92ce6e48-4722-407a-9620-5998c6999257@group-E964BE911FCC: changes role from  FOLLOWER to CANDIDATE at term 512 for changeToCandidate
2019-10-18 14:02:28,574 [Thread-3356] INFO  impl.RoleInfo (RoleInfo.java:updateAndGet(143)) - 92ce6e48-4722-407a-9620-5998c6999257: start LeaderElection
2019-10-18 14:02:28,588 [92ce6e48-4722-407a-9620-5998c6999257@group-E964BE911FCC-LeaderElection469] INFO  impl.LeaderElection (LeaderElection.java:askForVotes(178)) - 92ce6e48-4722-407a-9620-5998c6999257@group-E964BE911FCC-LeaderElection469: begin an election at term 513 for -1: [6cbfae60-ea29-4abc-a49d-ef94f4bd513a:192.168.69.85:36685, 66f9d00c-1e97-4252-958c-bed5a531abda:192.168.69.85:45996, 92ce6e48-4722-407a-9620-5998c6999257:192.168.69.85:34971], old=null
2019-10-18 14:02:28,590 [grpc-default-executor-1] INFO  impl.RaftServerImpl (RaftServerImpl.java:setRole(184)) - 6cbfae60-ea29-4abc-a49d-ef94f4bd513a@group-E964BE911FCC: changes role from  FOLLOWER to FOLLOWER at term 513 for recognizeCandidate:92ce6e48-4722-407a-9620-5998c6999257
2019-10-18 14:02:28,590 [grpc-default-executor-4] INFO  impl.RaftServerImpl (RaftServerImpl.java:setRole(184)) - 66f9d00c-1e97-4252-958c-bed5a531abda@group-E964BE911FCC: changes role from  FOLLOWER to FOLLOWER at term 513 for recognizeCandidate:92ce6e48-4722-407a-9620-5998c6999257
2019-10-18 14:02:28,590 [grpc-default-executor-4] INFO  impl.RoleInfo (RoleInfo.java:shutdownFollowerState(121)) - 66f9d00c-1e97-4252-958c-bed5a531abda: shutdown FollowerState
2019-10-18 14:02:28,590 [grpc-default-executor-1] INFO  impl.RoleInfo (RoleInfo.java:shutdownFollowerState(121)) - 6cbfae60-ea29-4abc-a49d-ef94f4bd513a: shutdown FollowerState
2019-10-18 14:02:28,590 [Thread-3355] INFO  impl.FollowerState (FollowerState.java:run(117)) - 66f9d00c-1e97-4252-958c-bed5a531abda@group-E964BE911FCC-FollowerState was interrupted: java.lang.InterruptedException: sleep interrupted
2019-10-18 14:02:28,590 [grpc-default-executor-4] INFO  impl.RoleInfo (RoleInfo.java:updateAndGet(143)) - 66f9d00c-1e97-4252-958c-bed5a531abda: start FollowerState
2019-10-18 14:02:28,590 [Thread-3354] INFO  impl.FollowerState (FollowerState.java:run(117)) - 6cbfae60-ea29-4abc-a49d-ef94f4bd513a@group-E964BE911FCC-FollowerState was interrupted: java.lang.InterruptedException: sleep interrupted
2019-10-18 14:02:28,590 [grpc-default-executor-1] INFO  impl.RoleInfo (RoleInfo.java:updateAndGet(143)) - 6cbfae60-ea29-4abc-a49d-ef94f4bd513a: start FollowerState
2019-10-18 14:02:28,607 [92ce6e48-4722-407a-9620-5998c6999257@group-E964BE911FCC-LeaderElection469] INFO  impl.LeaderElection (LeaderElection.java:logAndReturn(56)) - 92ce6e48-4722-407a-9620-5998c6999257@group-E964BE911FCC-LeaderElection469: Election REJECTED; received 2 response(s) [92ce6e48-4722-407a-9620-5998c6999257<-6cbfae60-ea29-4abc-a49d-ef94f4bd513a#0:FAIL-t513, 92ce6e48-4722-407a-9620-5998c6999257<-66f9d00c-1e97-4252-958c-bed5a531abda#0:FAIL-t513] and 0 exception(s); 92ce6e48-4722-407a-9620-5998c6999257@group-E964BE911FCC:t513, leader=null, voted=92ce6e48-4722-407a-9620-5998c6999257, raftlog=92ce6e48-4722-407a-9620-5998c6999257@group-E964BE911FCC-SegmentedRaftLog:OPENED:c-1,f-1,i0, conf=-1: [6cbfae60-ea29-4abc-a49d-ef94f4bd513a:192.168.69.85:36685, 66f9d00c-1e97-4252-958c-bed5a531abda:192.168.69.85:45996, 92ce6e48-4722-407a-9620-5998c6999257:192.168.69.85:34971], old=null
2019-10-18 14:02:28,607 [92ce6e48-4722-407a-9620-5998c6999257@group-E964BE911FCC-LeaderElection469] INFO  impl.RaftServerImpl (RaftServerImpl.java:setRole(184)) - 92ce6e48-4722-407a-9620-5998c6999257@group-E964BE911FCC: changes role from CANDIDATE to FOLLOWER at term 513 for DISCOVERED_A_NEW_TERM
2019-10-18 14:02:28,607 [92ce6e48-4722-407a-9620-5998c6999257@group-E964BE911FCC-LeaderElection469] INFO  impl.RoleInfo (RoleInfo.java:shutdownLeaderElection(134)) - 92ce6e48-4722-407a-9620-5998c6999257: shutdown LeaderElection
2019-10-18 14:02:28,607 [92ce6e48-4722-407a-9620-5998c6999257@group-E964BE911FCC-LeaderElection469] INFO  impl.RoleInfo (RoleInfo.java:updateAndGet(143)) - 92ce6e48-4722-407a-9620-5998c6999257: start FollowerState
2019-10-18 14:02:28,701 [Thread-3362] INFO  impl.FollowerState (FollowerState.java:run(108)) - 92ce6e48-4722-407a-9620-5998c6999257@group-E964BE911FCC-FollowerState: change to CANDIDATE, lastRpcTime:94ms, electionTimeout:94ms
2019-10-18 14:02:28,702 [Thread-3362] INFO  impl.RoleInfo (RoleInfo.java:shutdownFollowerState(121)) - 92ce6e48-4722-407a-9620-5998c6999257: shutdown FollowerState
2019-10-18 14:02:28,702 [Thread-3362] INFO  impl.RaftServerImpl (RaftServerImpl.java:setRole(184)) - 92ce6e48-4722-407a-9620-5998c6999257@group-E964BE911FCC: changes role from  FOLLOWER to CANDIDATE at term 513 for changeToCandidate
2019-10-18 14:02:28,702 [Thread-3362] INFO  impl.RoleInfo (RoleInfo.java:updateAndGet(143)) - 92ce6e48-4722-407a-9620-5998c6999257: start LeaderElection
2019-10-18 14:02:28,727 [92ce6e48-4722-407a-9620-5998c6999257@group-E964BE911FCC-LeaderElection470] INFO  impl.LeaderElection (LeaderElection.java:askForVotes(178)) - 92ce6e48-4722-407a-9620-5998c6999257@group-E964BE911FCC-LeaderElection470: begin an election at term 514 for -1: [6cbfae60-ea29-4abc-a49d-ef94f4bd513a:192.168.69.85:36685, 66f9d00c-1e97-4252-958c-bed5a531abda:192.168.69.85:45996, 92ce6e48-4722-407a-9620-5998c6999257:192.168.69.85:34971], old=null
2019-10-18 14:02:28,729 [grpc-default-executor-4] INFO  impl.RaftServerImpl (RaftServerImpl.java:setRole(184)) - 6cbfae60-ea29-4abc-a49d-ef94f4bd513a@group-E964BE911FCC: changes role from  FOLLOWER to FOLLOWER at term 514 for recognizeCandidate:92ce6e48-4722-407a-9620-5998c6999257
2019-10-18 14:02:28,729 [grpc-default-executor-4] INFO  impl.RoleInfo (RoleInfo.java:shutdownFollowerState(121)) - 6cbfae60-ea29-4abc-a49d-ef94f4bd513a: shutdown FollowerState
2019-10-18 14:02:28,729 [grpc-default-executor-4] INFO  impl.RoleInfo (RoleInfo.java:updateAndGet(143)) - 6cbfae60-ea29-4abc-a49d-ef94f4bd513a: start FollowerState
2019-10-18 14:02:28,729 [grpc-default-executor-1] INFO  impl.RaftServerImpl (RaftServerImpl.java:setRole(184)) - 66f9d00c-1e97-4252-958c-bed5a531abda@group-E964BE911FCC: changes role from  FOLLOWER to FOLLOWER at term 514 for recognizeCandidate:92ce6e48-4722-407a-9620-5998c6999257
2019-10-18 14:02:28,729 [grpc-default-executor-1] INFO  impl.RoleInfo (RoleInfo.java:shutdownFollowerState(121)) - 66f9d00c-1e97-4252-958c-bed5a531abda: shutdown FollowerState
2019-10-18 14:02:28,729 [Thread-3361] INFO  impl.FollowerState (FollowerState.java:run(117)) - 6cbfae60-ea29-4abc-a49d-ef94f4bd513a@group-E964BE911FCC-FollowerState was interrupted: java.lang.InterruptedException: sleep interrupted
2019-10-18 14:02:28,729 [Thread-3360] INFO  impl.FollowerState (FollowerState.java:run(117)) - 66f9d00c-1e97-4252-958c-bed5a531abda@group-E964BE911FCC-FollowerState was interrupted: java.lang.InterruptedException: sleep interrupted
2019-10-18 14:02:28,729 [grpc-default-executor-1] INFO  impl.RoleInfo (RoleInfo.java:updateAndGet(143)) - 66f9d00c-1e97-4252-958c-bed5a531abda: start FollowerState
2019-10-18 14:02:28,755 [92ce6e48-4722-407a-9620-5998c6999257@group-E964BE911FCC-LeaderElection470] INFO  impl.LeaderElection (LeaderElection.java:logAndReturn(56)) - 92ce6e48-4722-407a-9620-5998c6999257@group-E964BE911FCC-LeaderElection470: Election REJECTED; received 2 response(s) [92ce6e48-4722-407a-9620-5998c6999257<-6cbfae60-ea29-4abc-a49d-ef94f4bd513a#0:FAIL-t514, 92ce6e48-4722-407a-9620-5998c6999257<-66f9d00c-1e97-4252-958c-bed5a531abda#0:FAIL-t514] and 0 exception(s); 92ce6e48-4722-407a-9620-5998c6999257@group-E964BE911FCC:t514, leader=null, voted=92ce6e48-4722-407a-9620-5998c6999257, raftlog=92ce6e48-4722-407a-9620-5998c6999257@group-E964BE911FCC-SegmentedRaftLog:OPENED:c-1,f-1,i0, conf=-1: [6cbfae60-ea29-4abc-a49d-ef94f4bd513a:192.168.69.85:36685, 66f9d00c-1e97-4252-958c-bed5a531abda:192.168.69.85:45996, 92ce6e48-4722-407a-9620-5998c6999257:192.168.69.85:34971], old=null
2019-10-18 14:02:28,756 [92ce6e48-4722-407a-9620-5998c6999257@group-E964BE911FCC-LeaderElection470] INFO  impl.RaftServerImpl (RaftServerImpl.java:setRole(184)) - 92ce6e48-4722-407a-9620-5998c6999257@group-E964BE911FCC: changes role from CANDIDATE to FOLLOWER at term 514 for DISCOVERED_A_NEW_TERM
2019-10-18 14:02:28,756 [92ce6e48-4722-407a-9620-5998c6999257@group-E964BE911FCC-LeaderElection470] INFO  impl.RoleInfo (RoleInfo.java:shutdownLeaderElection(134)) - 92ce6e48-4722-407a-9620-5998c6999257: shutdown LeaderElection
2019-10-18 14:02:28,756 [92ce6e48-4722-407a-9620-5998c6999257@group-E964BE911FCC-LeaderElection470] INFO  impl.RoleInfo (RoleInfo.java:updateAndGet(143)) - 92ce6e48-4722-407a-9620-5998c6999257: start FollowerState
2019-10-18 14:02:28,934 [Thread-3370] INFO  impl.FollowerState (FollowerState.java:run(108)) - 92ce6e48-4722-407a-9620-5998c6999257@group-E964BE911FCC-FollowerState: change to CANDIDATE, lastRpcTime:178ms, electionTimeout:178ms
2019-10-18 14:02:28,934 [Thread-3370] INFO  impl.RoleInfo (RoleInfo.java:shutdownFollowerState(121)) - 92ce6e48-4722-407a-9620-5998c6999257: shutdown FollowerState
2019-10-18 14:02:28,934 [Thread-3370] INFO  impl.RaftServerImpl (RaftServerImpl.java:setRole(184)) - 92ce6e48-4722-407a-9620-5998c6999257@group-E964BE911FCC: changes role from  FOLLOWER to CANDIDATE at term 514 for changeToCandidate
2019-10-18 14:02:28,935 [Thread-3370] INFO  impl.RoleInfo (RoleInfo.java:updateAndGet(143)) - 92ce6e48-4722-407a-9620-5998c6999257: start LeaderElection
2019-10-18 14:02:28,957 [92ce6e48-4722-407a-9620-5998c6999257@group-E964BE911FCC-LeaderElection471] INFO  impl.LeaderElection (LeaderElection.java:askForVotes(178)) - 92ce6e48-4722-407a-9620-5998c6999257@group-E964BE911FCC-LeaderElection471: begin an election at term 515 for -1: [6cbfae60-ea29-4abc-a49d-ef94f4bd513a:192.168.69.85:36685, 66f9d00c-1e97-4252-958c-bed5a531abda:192.168.69.85:45996, 92ce6e48-4722-407a-9620-5998c6999257:192.168.69.85:34971], old=null
2019-10-18 14:02:28,958 [grpc-default-executor-4] INFO  impl.RaftServerImpl (RaftServerImpl.java:setRole(184)) - 6cbfae60-ea29-4abc-a49d-ef94f4bd513a@group-E964BE911FCC: changes role from  FOLLOWER to FOLLOWER at term 515 for recognizeCandidate:92ce6e48-4722-407a-9620-5998c6999257
2019-10-18 14:02:28,958 [grpc-default-executor-4] INFO  impl.RoleInfo (RoleInfo.java:shutdownFollowerState(121)) - 6cbfae60-ea29-4abc-a49d-ef94f4bd513a: shutdown FollowerState
2019-10-18 14:02:28,958 [grpc-default-executor-1] INFO  impl.RaftServerImpl (RaftServerImpl.java:setRole(184)) - 66f9d00c-1e97-4252-958c-bed5a531abda@group-E964BE911FCC: changes role from  FOLLOWER to FOLLOWER at term 515 for recognizeCandidate:92ce6e48-4722-407a-9620-5998c6999257
2019-10-18 14:02:28,959 [grpc-default-executor-1] INFO  impl.RoleInfo (RoleInfo.java:shutdownFollowerState(121)) - 66f9d00c-1e97-4252-958c-bed5a531abda: shutdown FollowerState
2019-10-18 14:02:28,958 [Thread-3368] INFO  impl.FollowerState (FollowerState.java:run(117)) - 6cbfae60-ea29-4abc-a49d-ef94f4bd513a@group-E964BE911FCC-FollowerState was interrupted: java.lang.InterruptedException: sleep interrupted
2019-10-18 14:02:28,958 [grpc-default-executor-4] INFO  impl.RoleInfo (RoleInfo.java:updateAndGet(143)) - 6cbfae60-ea29-4abc-a49d-ef94f4bd513a: start FollowerState
2019-10-18 14:02:28,959 [Thread-3369] INFO  impl.FollowerState (FollowerState.java:run(117)) - 66f9d00c-1e97-4252-958c-bed5a531abda@group-E964BE911FCC-FollowerState was interrupted: java.lang.InterruptedException: sleep interrupted
2019-10-18 14:02:28,959 [grpc-default-executor-1] INFO  impl.RoleInfo (RoleInfo.java:updateAndGet(143)) - 66f9d00c-1e97-4252-958c-bed5a531abda: start FollowerState
2019-10-18 14:02:28,974 [92ce6e48-4722-407a-9620-5998c6999257@group-E964BE911FCC-LeaderElection471] INFO  impl.LeaderElection (LeaderElection.java:logAndReturn(56)) - 92ce6e48-4722-407a-9620-5998c6999257@group-E964BE911FCC-LeaderElection471: Election REJECTED; received 2 response(s) [92ce6e48-4722-407a-9620-5998c6999257<-6cbfae60-ea29-4abc-a49d-ef94f4bd513a#0:FAIL-t515, 92ce6e48-4722-407a-9620-5998c6999257<-66f9d00c-1e97-4252-958c-bed5a531abda#0:FAIL-t515] and 0 exception(s); 92ce6e48-4722-407a-9620-5998c6999257@group-E964BE911FCC:t515, leader=null, voted=92ce6e48-4722-407a-9620-5998c6999257, raftlog=92ce6e48-4722-407a-9620-5998c6999257@group-E964BE911FCC-SegmentedRaftLog:OPENED:c-1,f-1,i0, conf=-1: [6cbfae60-ea29-4abc-a49d-ef94f4bd513a:192.168.69.85:36685, 66f9d00c-1e97-4252-958c-bed5a531abda:192.168.69.85:45996, 92ce6e48-4722-407a-9620-5998c6999257:192.168.69.85:34971], old=null
2019-10-18 14:02:28,974 [92ce6e48-4722-407a-9620-5998c6999257@group-E964BE911FCC-LeaderElection471] INFO  impl.RaftServerImpl (RaftServerImpl.java:setRole(184)) - 92ce6e48-4722-407a-9620-5998c6999257@group-E964BE911FCC: changes role from CANDIDATE to FOLLOWER at term 515 for DISCOVERED_A_NEW_TERM
2019-10-18 14:02:28,974 [92ce6e48-4722-407a-9620-5998c6999257@group-E964BE911FCC-LeaderElection471] INFO  impl.RoleInfo (RoleInfo.java:shutdownLeaderElection(134)) - 92ce6e48-4722-407a-9620-5998c6999257: shutdown LeaderElection
2019-10-18 14:02:28,974 [92ce6e48-4722-407a-9620-5998c6999257@group-E964BE911FCC-LeaderElection471] INFO  impl.RoleInfo (RoleInfo.java:updateAndGet(143)) - 92ce6e48-4722-407a-9620-5998c6999257: start FollowerState
2019-10-18 14:02:29,050 [Thread-3376] INFO  impl.FollowerState (FollowerState.java:run(108)) - 92ce6e48-4722-407a-9620-5998c6999257@group-E964BE911FCC-FollowerState: change to CANDIDATE, lastRpcTime:76ms, electionTimeout:76ms
2019-10-18 14:02:29,051 [Thread-3376] INFO  impl.RoleInfo (RoleInfo.java:shutdownFollowerState(121)) - 92ce6e48-4722-407a-9620-5998c6999257: shutdown FollowerState
2019-10-18 14:02:29,051 [Thread-3376] INFO  impl.RaftServerImpl (RaftServerImpl.java:setRole(184)) - 92ce6e48-4722-407a-9620-5998c6999257@group-E964BE911FCC: changes role from  FOLLOWER to CANDIDATE at term 515 for changeToCandidate
2019-10-18 14:02:29,051 [Thread-3376] INFO  impl.RoleInfo (RoleInfo.java:updateAndGet(143)) - 92ce6e48-4722-407a-9620-5998c6999257: start LeaderElection
2019-10-18 14:02:29,065 [92ce6e48-4722-407a-9620-5998c6999257@group-E964BE911FCC-LeaderElection472] INFO  impl.LeaderElection (LeaderElection.java:askForVotes(178)) - 92ce6e48-4722-407a-9620-5998c6999257@group-E964BE911FCC-LeaderElection472: begin an election at term 516 for -1: [6cbfae60-ea29-4abc-a49d-ef94f4bd513a:192.168.69.85:36685, 66f9d00c-1e97-4252-958c-bed5a531abda:192.168.69.85:45996, 92ce6e48-4722-407a-9620-5998c6999257:192.168.69.85:34971], old=null
2019-10-18 14:02:29,066 [grpc-default-executor-4] INFO  impl.RaftServerImpl (RaftServerImpl.java:setRole(184)) - 6cbfae60-ea29-4abc-a49d-ef94f4bd513a@group-E964BE911FCC: changes role from  FOLLOWER to FOLLOWER at term 516 for recognizeCandidate:92ce6e48-4722-407a-9620-5998c6999257
2019-10-18 14:02:29,066 [grpc-default-executor-4] INFO  impl.RoleInfo (RoleInfo.java:shutdownFollowerState(121)) - 6cbfae60-ea29-4abc-a49d-ef94f4bd513a: shutdown FollowerState
2019-10-18 14:02:29,066 [grpc-default-executor-4] INFO  impl.RoleInfo (RoleInfo.java:updateAndGet(143)) - 6cbfae60-ea29-4abc-a49d-ef94f4bd513a: start FollowerState
2019-10-18 14:02:29,067 [Thread-3374] INFO  impl.FollowerState (FollowerState.java:run(117)) - 6cbfae60-ea29-4abc-a49d-ef94f4bd513a@group-E964BE911FCC-FollowerState was interrupted: java.lang.InterruptedException: sleep interrupted
2019-10-18 14:02:29,067 [grpc-default-executor-1] INFO  impl.RaftServerImpl (RaftServerImpl.java:setRole(184)) - 66f9d00c-1e97-4252-958c-bed5a531abda@group-E964BE911FCC: changes role from  FOLLOWER to FOLLOWER at term 516 for recognizeCandidate:92ce6e48-4722-407a-9620-5998c6999257
2019-10-18 14:02:29,067 [grpc-default-executor-1] INFO  impl.RoleInfo (RoleInfo.java:shutdownFollowerState(121)) - 66f9d00c-1e97-4252-958c-bed5a531abda: shutdown FollowerState
2019-10-18 14:02:29,067 [grpc-default-executor-1] INFO  impl.RoleInfo (RoleInfo.java:updateAndGet(143)) - 66f9d00c-1e97-4252-958c-bed5a531abda: start FollowerState
2019-10-18 14:02:29,067 [Thread-3375] INFO  impl.FollowerState (FollowerState.java:run(117)) - 66f9d00c-1e97-4252-958c-bed5a531abda@group-E964BE911FCC-FollowerState was interrupted: java.lang.InterruptedException: sleep interrupted
2019-10-18 14:02:29,082 [92ce6e48-4722-407a-9620-5998c6999257@group-E964BE911FCC-LeaderElection472] INFO  impl.LeaderElection (LeaderElection.java:logAndReturn(56)) - 92ce6e48-4722-407a-9620-5998c6999257@group-E964BE911FCC-LeaderElection472: Election REJECTED; received 2 response(s) [92ce6e48-4722-407a-9620-5998c6999257<-6cbfae60-ea29-4abc-a49d-ef94f4bd513a#0:FAIL-t516, 92ce6e48-4722-407a-9620-5998c6999257<-66f9d00c-1e97-4252-958c-bed5a531abda#0:FAIL-t516] and 0 exception(s); 92ce6e48-4722-407a-9620-5998c6999257@group-E964BE911FCC:t516, leader=null, voted=92ce6e48-4722-407a-9620-5998c6999257, raftlog=92ce6e48-4722-407a-9620-5998c6999257@group-E964BE911FCC-SegmentedRaftLog:OPENED:c-1,f-1,i0, conf=-1: [6cbfae60-ea29-4abc-a49d-ef94f4bd513a:192.168.69.85:36685, 66f9d00c-1e97-4252-958c-bed5a531abda:192.168.69.85:45996, 92ce6e48-4722-407a-9620-5998c6999257:192.168.69.85:34971], old=null
2019-10-18 14:02:29,082 [92ce6e48-4722-407a-9620-5998c6999257@group-E964BE911FCC-LeaderElection472] INFO  impl.RaftServerImpl (RaftServerImpl.java:setRole(184)) - 92ce6e48-4722-407a-9620-5998c6999257@group-E964BE911FCC: changes role from CANDIDATE to FOLLOWER at term 516 for DISCOVERED_A_NEW_TERM
2019-10-18 14:02:29,082 [92ce6e48-4722-407a-9620-5998c6999257@group-E964BE911FCC-LeaderElection472] INFO  impl.RoleInfo (RoleInfo.java:shutdownLeaderElection(134)) - 92ce6e48-4722-407a-9620-5998c6999257: shutdown LeaderElection
2019-10-18 14:02:29,083 [92ce6e48-4722-407a-9620-5998c6999257@group-E964BE911FCC-LeaderElection472] INFO  impl.RoleInfo (RoleInfo.java:updateAndGet(143)) - 92ce6e48-4722-407a-9620-5998c6999257: start FollowerState
2019-10-18 14:02:29,095 [Thread-3382] INFO  impl.FollowerState (FollowerState.java:run(108)) - 92ce6e48-4722-407a-9620-5998c6999257@group-E964BE911FCC-FollowerState: change to CANDIDATE, lastRpcTime:12ms, electionTimeout:12ms
2019-10-18 14:02:29,095 [Thread-3382] INFO  impl.RoleInfo (RoleInfo.java:shutdownFollowerState(121)) - 92ce6e48-4722-407a-9620-5998c6999257: shutdown FollowerState
2019-10-18 14:02:29,095 [Thread-3382] INFO  impl.RaftServerImpl (RaftServerImpl.java:setRole(184)) - 92ce6e48-4722-407a-9620-5998c6999257@group-E964BE911FCC: changes role from  FOLLOWER to CANDIDATE at term 516 for changeToCandidate
2019-10-18 14:02:29,095 [Thread-3382] INFO  impl.RoleInfo (RoleInfo.java:updateAndGet(143)) - 92ce6e48-4722-407a-9620-5998c6999257: start LeaderElection
2019-10-18 14:02:29,110 [92ce6e48-4722-407a-9620-5998c6999257@group-E964BE911FCC-LeaderElection473] INFO  impl.LeaderElection (LeaderElection.java:askForVotes(178)) - 92ce6e48-4722-407a-9620-5998c6999257@group-E964BE911FCC-LeaderElection473: begin an election at term 517 for -1: [6cbfae60-ea29-4abc-a49d-ef94f4bd513a:192.168.69.85:36685, 66f9d00c-1e97-4252-958c-bed5a531abda:192.168.69.85:45996, 92ce6e48-4722-407a-9620-5998c6999257:192.168.69.85:34971], old=null
2019-10-18 14:02:29,111 [grpc-default-executor-4] INFO  impl.RaftServerImpl (RaftServerImpl.java:setRole(184)) - 6cbfae60-ea29-4abc-a49d-ef94f4bd513a@group-E964BE911FCC: changes role from  FOLLOWER to FOLLOWER at term 517 for recognizeCandidate:92ce6e48-4722-407a-9620-5998c6999257
2019-10-18 14:02:29,111 [grpc-default-executor-1] INFO  impl.RaftServerImpl (RaftServerImpl.java:setRole(184)) - 66f9d00c-1e97-4252-958c-bed5a531abda@group-E964BE911FCC: changes role from  FOLLOWER to FOLLOWER at term 517 for recognizeCandidate:92ce6e48-4722-407a-9620-5998c6999257
2019-10-18 14:02:29,112 [grpc-default-executor-1] INFO  impl.RoleInfo (RoleInfo.java:shutdownFollowerState(121)) - 66f9d00c-1e97-4252-958c-bed5a531abda: shutdown FollowerState
2019-10-18 14:02:29,111 [grpc-default-executor-4] INFO  impl.RoleInfo (RoleInfo.java:shutdownFollowerState(121)) - 6cbfae60-ea29-4abc-a49d-ef94f4bd513a: shutdown FollowerState
2019-10-18 14:02:29,112 [Thread-3381] INFO  impl.FollowerState (FollowerState.java:run(117)) - 66f9d00c-1e97-4252-958c-bed5a531abda@group-E964BE911FCC-FollowerState was interrupted: java.lang.InterruptedException: sleep interrupted
2019-10-18 14:02:29,112 [Thread-3380] INFO  impl.FollowerState (FollowerState.java:run(117)) - 6cbfae60-ea29-4abc-a49d-ef94f4bd513a@group-E964BE911FCC-FollowerState was interrupted: java.lang.InterruptedException: sleep interrupted
2019-10-18 14:02:29,112 [grpc-default-executor-1] INFO  impl.RoleInfo (RoleInfo.java:updateAndGet(143)) - 66f9d00c-1e97-4252-958c-bed5a531abda: start FollowerState
2019-10-18 14:02:29,112 [grpc-default-executor-4] INFO  impl.RoleInfo (RoleInfo.java:updateAndGet(143)) - 6cbfae60-ea29-4abc-a49d-ef94f4bd513a: start FollowerState
2019-10-18 14:02:29,117 [92ce6e48-4722-407a-9620-5998c6999257@group-E964BE911FCC-LeaderElection473] INFO  impl.LeaderElection (LeaderElection.java:logAndReturn(56)) - 92ce6e48-4722-407a-9620-5998c6999257@group-E964BE911FCC-LeaderElection473: Election TIMEOUT; received 0 response(s) [] and 0 exception(s); 92ce6e48-4722-407a-9620-5998c6999257@group-E964BE911FCC:t517, leader=null, voted=92ce6e48-4722-407a-9620-5998c6999257, raftlog=92ce6e48-4722-407a-9620-5998c6999257@group-E964BE911FCC-SegmentedRaftLog:OPENED:c-1,f-1,i0, conf=-1: [6cbfae60-ea29-4abc-a49d-ef94f4bd513a:192.168.69.85:36685, 66f9d00c-1e97-4252-958c-bed5a531abda:192.168.69.85:45996, 92ce6e48-4722-407a-9620-5998c6999257:192.168.69.85:34971], old=null
2019-10-18 14:02:29,130 [92ce6e48-4722-407a-9620-5998c6999257@group-E964BE911FCC-LeaderElection473] INFO  impl.LeaderElection (LeaderElection.java:askForVotes(178)) - 92ce6e48-4722-407a-9620-5998c6999257@group-E964BE911FCC-LeaderElection473: begin an election at term 518 for -1: [6cbfae60-ea29-4abc-a49d-ef94f4bd513a:192.168.69.85:36685, 66f9d00c-1e97-4252-958c-bed5a531abda:192.168.69.85:45996, 92ce6e48-4722-407a-9620-5998c6999257:192.168.69.85:34971], old=null
2019-10-18 14:02:29,131 [grpc-default-executor-1] INFO  impl.RaftServerImpl (RaftServerImpl.java:setRole(184)) - 6cbfae60-ea29-4abc-a49d-ef94f4bd513a@group-E964BE911FCC: changes role from  FOLLOWER to FOLLOWER at term 518 for recognizeCandidate:92ce6e48-4722-407a-9620-5998c6999257
2019-10-18 14:02:29,132 [grpc-default-executor-1] INFO  impl.RoleInfo (RoleInfo.java:shutdownFollowerState(121)) - 6cbfae60-ea29-4abc-a49d-ef94f4bd513a: shutdown FollowerState
2019-10-18 14:02:29,132 [grpc-default-executor-4] INFO  impl.RaftServerImpl (RaftServerImpl.java:setRole(184)) - 66f9d00c-1e97-4252-958c-bed5a531abda@group-E964BE911FCC: changes role from  FOLLOWER to FOLLOWER at term 518 for recognizeCandidate:92ce6e48-4722-407a-9620-5998c6999257
2019-10-18 14:02:29,132 [Thread-3387] INFO  impl.FollowerState (FollowerState.java:run(117)) - 6cbfae60-ea29-4abc-a49d-ef94f4bd513a@group-E964BE911FCC-FollowerState was interrupted: java.lang.InterruptedException: sleep interrupted
2019-10-18 14:02:29,132 [grpc-default-executor-1] INFO  impl.RoleInfo (RoleInfo.java:updateAndGet(143)) - 6cbfae60-ea29-4abc-a49d-ef94f4bd513a: start FollowerState
2019-10-18 14:02:29,132 [grpc-default-executor-4] INFO  impl.RoleInfo (RoleInfo.java:shutdownFollowerState(121)) - 66f9d00c-1e97-4252-958c-bed5a531abda: shutdown FollowerState
2019-10-18 14:02:29,132 [grpc-default-executor-4] INFO  impl.RoleInfo (RoleInfo.java:updateAndGet(143)) - 66f9d00c-1e97-4252-958c-bed5a531abda: start FollowerState
2019-10-18 14:02:29,132 [Thread-3386] INFO  impl.FollowerState (FollowerState.java:run(117)) - 66f9d00c-1e97-4252-958c-bed5a531abda@group-E964BE911FCC-FollowerState was interrupted: java.lang.InterruptedException: sleep interrupted
2019-10-18 14:02:29,144 [92ce6e48-4722-407a-9620-5998c6999257@group-E964BE911FCC-LeaderElection473] INFO  impl.LeaderElection (LeaderElection.java:logAndReturn(56)) - 92ce6e48-4722-407a-9620-5998c6999257@group-E964BE911FCC-LeaderElection473: Election REJECTED; received 2 response(s) [92ce6e48-4722-407a-9620-5998c6999257<-6cbfae60-ea29-4abc-a49d-ef94f4bd513a#0:FAIL-t518, 92ce6e48-4722-407a-9620-5998c6999257<-66f9d00c-1e97-4252-958c-bed5a531abda#0:FAIL-t518] and 0 exception(s); 92ce6e48-4722-407a-9620-5998c6999257@group-E964BE911FCC:t518, leader=null, voted=92ce6e48-4722-407a-9620-5998c6999257, raftlog=92ce6e48-4722-407a-9620-5998c6999257@group-E964BE911FCC-SegmentedRaftLog:OPENED:c-1,f-1,i0, conf=-1: [6cbfae60-ea29-4abc-a49d-ef94f4bd513a:192.168.69.85:36685, 66f9d00c-1e97-4252-958c-bed5a531abda:192.168.69.85:45996, 92ce6e48-4722-407a-9620-5998c6999257:192.168.69.85:34971], old=null
2019-10-18 14:02:29,144 [92ce6e48-4722-407a-9620-5998c6999257@group-E964BE911FCC-LeaderElection473] INFO  impl.RaftServerImpl (RaftServerImpl.java:setRole(184)) - 92ce6e48-4722-407a-9620-5998c6999257@group-E964BE911FCC: changes role from CANDIDATE to FOLLOWER at term 518 for DISCOVERED_A_NEW_TERM
2019-10-18 14:02:29,144 [92ce6e48-4722-407a-9620-5998c6999257@group-E964BE911FCC-LeaderElection473] INFO  impl.RoleInfo (RoleInfo.java:shutdownLeaderElection(134)) - 92ce6e48-4722-407a-9620-5998c6999257: shutdown LeaderElection
2019-10-18 14:02:29,144 [92ce6e48-4722-407a-9620-5998c6999257@group-E964BE911FCC-LeaderElection473] INFO  impl.RoleInfo (RoleInfo.java:updateAndGet(143)) - 92ce6e48-4722-407a-9620-5998c6999257: start FollowerState
2019-10-18 14:02:29,243 [Thread-3392] INFO  impl.FollowerState (FollowerState.java:run(108)) - 92ce6e48-4722-407a-9620-5998c6999257@group-E964BE911FCC-FollowerState: change to CANDIDATE, lastRpcTime:99ms, electionTimeout:99ms
2019-10-18 14:02:29,243 [Thread-3392] INFO  impl.RoleInfo (RoleInfo.java:shutdownFollowerState(121)) - 92ce6e48-4722-407a-9620-5998c6999257: shutdown FollowerState
2019-10-18 14:02:29,243 [Thread-3392] INFO  impl.RaftServerImpl (RaftServerImpl.java:setRole(184)) - 92ce6e48-4722-407a-9620-5998c6999257@group-E964BE911FCC: changes role from  FOLLOWER to CANDIDATE at term 518 for changeToCandidate
2019-10-18 14:02:29,244 [Thread-3392] INFO  impl.RoleInfo (RoleInfo.java:updateAndGet(143)) - 92ce6e48-4722-407a-9620-5998c6999257: start LeaderElection
2019-10-18 14:02:29,269 [92ce6e48-4722-407a-9620-5998c6999257@group-E964BE911FCC-LeaderElection474] INFO  impl.LeaderElection (LeaderElection.java:askForVotes(178)) - 92ce6e48-4722-407a-9620-5998c6999257@group-E964BE911FCC-LeaderElection474: begin an election at term 519 for -1: [6cbfae60-ea29-4abc-a49d-ef94f4bd513a:192.168.69.85:36685, 66f9d00c-1e97-4252-958c-bed5a531abda:192.168.69.85:45996, 92ce6e48-4722-407a-9620-5998c6999257:192.168.69.85:34971], old=null
2019-10-18 14:02:29,270 [grpc-default-executor-1] INFO  impl.RaftServerImpl (RaftServerImpl.java:setRole(184)) - 6cbfae60-ea29-4abc-a49d-ef94f4bd513a@group-E964BE911FCC: changes role from  FOLLOWER to FOLLOWER at term 519 for recognizeCandidate:92ce6e48-4722-407a-9620-5998c6999257
2019-10-18 14:02:29,271 [grpc-default-executor-1] INFO  impl.RoleInfo (RoleInfo.java:shutdownFollowerState(121)) - 6cbfae60-ea29-4abc-a49d-ef94f4bd513a: shutdown FollowerState
2019-10-18 14:02:29,271 [grpc-default-executor-4] INFO  impl.RaftServerImpl (RaftServerImpl.java:setRole(184)) - 66f9d00c-1e97-4252-958c-bed5a531abda@group-E964BE911FCC: changes role from  FOLLOWER to FOLLOWER at term 519 for recognizeCandidate:92ce6e48-4722-407a-9620-5998c6999257
2019-10-18 14:02:29,271 [grpc-default-executor-4] INFO  impl.RoleInfo (RoleInfo.java:shutdownFollowerState(121)) - 66f9d00c-1e97-4252-958c-bed5a531abda: shutdown FollowerState
2019-10-18 14:02:29,271 [Thread-3390] INFO  impl.FollowerState (FollowerState.java:run(117)) - 6cbfae60-ea29-4abc-a49d-ef94f4bd513a@group-E964BE911FCC-FollowerState was interrupted: java.lang.InterruptedException: sleep interrupted
2019-10-18 14:02:29,271 [grpc-default-executor-1] INFO  impl.RoleInfo (RoleInfo.java:updateAndGet(143)) - 6cbfae60-ea29-4abc-a49d-ef94f4bd513a: start FollowerState
2019-10-18 14:02:29,271 [Thread-3391] INFO  impl.FollowerState (FollowerState.java:run(117)) - 66f9d00c-1e97-4252-958c-bed5a531abda@group-E964BE911FCC-FollowerState was interrupted: java.lang.InterruptedException: sleep interrupted
2019-10-18 14:02:29,271 [grpc-default-executor-4] INFO  impl.RoleInfo (RoleInfo.java:updateAndGet(143)) - 66f9d00c-1e97-4252-958c-bed5a531abda: start FollowerState
2019-10-18 14:02:29,297 [92ce6e48-4722-407a-9620-5998c6999257@group-E964BE911FCC-LeaderElection474] INFO  impl.LeaderElection (LeaderElection.java:logAndReturn(56)) - 92ce6e48-4722-407a-9620-5998c6999257@group-E964BE911FCC-LeaderElection474: Election REJECTED; received 2 response(s) [92ce6e48-4722-407a-9620-5998c6999257<-6cbfae60-ea29-4abc-a49d-ef94f4bd513a#0:FAIL-t519, 92ce6e48-4722-407a-9620-5998c6999257<-66f9d00c-1e97-4252-958c-bed5a531abda#0:FAIL-t519] and 0 exception(s); 92ce6e48-4722-407a-9620-5998c6999257@group-E964BE911FCC:t519, leader=null, voted=92ce6e48-4722-407a-9620-5998c6999257, raftlog=92ce6e48-4722-407a-9620-5998c6999257@group-E964BE911FCC-SegmentedRaftLog:OPENED:c-1,f-1,i0, conf=-1: [6cbfae60-ea29-4abc-a49d-ef94f4bd513a:192.168.69.85:36685, 66f9d00c-1e97-4252-958c-bed5a531abda:192.168.69.85:45996, 92ce6e48-4722-407a-9620-5998c6999257:192.168.69.85:34971], old=null
2019-10-18 14:02:29,297 [92ce6e48-4722-407a-9620-5998c6999257@group-E964BE911FCC-LeaderElection474] INFO  impl.RaftServerImpl (RaftServerImpl.java:setRole(184)) - 92ce6e48-4722-407a-9620-5998c6999257@group-E964BE911FCC: changes role from CANDIDATE to FOLLOWER at term 519 for DISCOVERED_A_NEW_TERM
2019-10-18 14:02:29,297 [92ce6e48-4722-407a-9620-5998c6999257@group-E964BE911FCC-LeaderElection474] INFO  impl.RoleInfo (RoleInfo.java:shutdownLeaderElection(134)) - 92ce6e48-4722-407a-9620-5998c6999257: shutdown LeaderElection
2019-10-18 14:02:29,298 [92ce6e48-4722-407a-9620-5998c6999257@group-E964BE911FCC-LeaderElection474] INFO  impl.RoleInfo (RoleInfo.java:updateAndGet(143)) - 92ce6e48-4722-407a-9620-5998c6999257: start FollowerState
2019-10-18 14:02:29,399 [Thread-3398] INFO  impl.FollowerState (FollowerState.java:run(108)) - 92ce6e48-4722-407a-9620-5998c6999257@group-E964BE911FCC-FollowerState: change to CANDIDATE, lastRpcTime:101ms, electionTimeout:101ms
2019-10-18 14:02:29,399 [Thread-3398] INFO  impl.RoleInfo (RoleInfo.java:shutdownFollowerState(121)) - 92ce6e48-4722-407a-9620-5998c6999257: shutdown FollowerState
2019-10-18 14:02:29,399 [Thread-3398] INFO  impl.RaftServerImpl (RaftServerImpl.java:setRole(184)) - 92ce6e48-4722-407a-9620-5998c6999257@group-E964BE911FCC: changes role from  FOLLOWER to CANDIDATE at term 519 for changeToCandidate
2019-10-18 14:02:29,399 [Thread-3398] INFO  impl.RoleInfo (RoleInfo.java:updateAndGet(143)) - 92ce6e48-4722-407a-9620-5998c6999257: start LeaderElection
2019-10-18 14:02:29,415 [92ce6e48-4722-407a-9620-5998c6999257@group-E964BE911FCC-LeaderElection475] INFO  impl.LeaderElection (LeaderElection.java:askForVotes(178)) - 92ce6e48-4722-407a-9620-5998c6999257@group-E964BE911FCC-LeaderElection475: begin an election at term 520 for -1: [6cbfae60-ea29-4abc-a49d-ef94f4bd513a:192.168.69.85:36685, 66f9d00c-1e97-4252-958c-bed5a531abda:192.168.69.85:45996, 92ce6e48-4722-407a-9620-5998c6999257:192.168.69.85:34971], old=null
2019-10-18 14:02:29,417 [grpc-default-executor-4] INFO  impl.RaftServerImpl (RaftServerImpl.java:setRole(184)) - 66f9d00c-1e97-4252-958c-bed5a531abda@group-E964BE911FCC: changes role from  FOLLOWER to FOLLOWER at term 520 for recognizeCandidate:92ce6e48-4722-407a-9620-5998c6999257
2019-10-18 14:02:29,417 [grpc-default-executor-1] INFO  impl.RaftServerImpl (RaftServerImpl.java:setRole(184)) - 6cbfae60-ea29-4abc-a49d-ef94f4bd513a@group-E964BE911FCC: changes role from  FOLLOWER to FOLLOWER at term 520 for recognizeCandidate:92ce6e48-4722-407a-9620-5998c6999257
2019-10-18 14:02:29,417 [grpc-default-executor-1] INFO  impl.RoleInfo (RoleInfo.java:shutdownFollowerState(121)) - 6cbfae60-ea29-4abc-a49d-ef94f4bd513a: shutdown FollowerState
2019-10-18 14:02:29,417 [grpc-default-executor-4] INFO  impl.RoleInfo (RoleInfo.java:shutdownFollowerState(121)) - 66f9d00c-1e97-4252-958c-bed5a531abda: shutdown FollowerState
2019-10-18 14:02:29,418 [Thread-3396] INFO  impl.FollowerState (FollowerState.java:run(117)) - 6cbfae60-ea29-4abc-a49d-ef94f4bd513a@group-E964BE911FCC-FollowerState was interrupted: java.lang.InterruptedException: sleep interrupted
2019-10-18 14:02:29,417 [grpc-default-executor-1] INFO  impl.RoleInfo (RoleInfo.java:updateAndGet(143)) - 6cbfae60-ea29-4abc-a49d-ef94f4bd513a: start FollowerState
2019-10-18 14:02:29,418 [Thread-3397] INFO  impl.FollowerState (FollowerState.java:run(117)) - 66f9d00c-1e97-4252-958c-bed5a531abda@group-E964BE911FCC-FollowerState was interrupted: java.lang.InterruptedException: sleep interrupted
2019-10-18 14:02:29,418 [grpc-default-executor-4] INFO  impl.RoleInfo (RoleInfo.java:updateAndGet(143)) - 66f9d00c-1e97-4252-958c-bed5a531abda: start FollowerState
2019-10-18 14:02:29,429 [92ce6e48-4722-407a-9620-5998c6999257@group-E964BE911FCC-LeaderElection475] INFO  impl.LeaderElection (LeaderElection.java:logAndReturn(56)) - 92ce6e48-4722-407a-9620-5998c6999257@group-E964BE911FCC-LeaderElection475: Election REJECTED; received 2 response(s) [92ce6e48-4722-407a-9620-5998c6999257<-6cbfae60-ea29-4abc-a49d-ef94f4bd513a#0:FAIL-t520, 92ce6e48-4722-407a-9620-5998c6999257<-66f9d00c-1e97-4252-958c-bed5a531abda#0:FAIL-t520] and 0 exception(s); 92ce6e48-4722-407a-9620-5998c6999257@group-E964BE911FCC:t520, leader=null, voted=92ce6e48-4722-407a-9620-5998c6999257, raftlog=92ce6e48-4722-407a-9620-5998c6999257@group-E964BE911FCC-SegmentedRaftLog:OPENED:c-1,f-1,i0, conf=-1: [6cbfae60-ea29-4abc-a49d-ef94f4bd513a:192.168.69.85:36685, 66f9d00c-1e97-4252-958c-bed5a531abda:192.168.69.85:45996, 92ce6e48-4722-407a-9620-5998c6999257:192.168.69.85:34971], old=null
2019-10-18 14:02:29,429 [92ce6e48-4722-407a-9620-5998c6999257@group-E964BE911FCC-LeaderElection475] INFO  impl.RaftServerImpl (RaftServerImpl.java:setRole(184)) - 92ce6e48-4722-407a-9620-5998c6999257@group-E964BE911FCC: changes role from CANDIDATE to FOLLOWER at term 520 for DISCOVERED_A_NEW_TERM
2019-10-18 14:02:29,429 [92ce6e48-4722-407a-9620-5998c6999257@group-E964BE911FCC-LeaderElection475] INFO  impl.RoleInfo (RoleInfo.java:shutdownLeaderElection(134)) - 92ce6e48-4722-407a-9620-5998c6999257: shutdown LeaderElection
2019-10-18 14:02:29,429 [92ce6e48-4722-407a-9620-5998c6999257@group-E964BE911FCC-LeaderElection475] INFO  impl.RoleInfo (RoleInfo.java:updateAndGet(143)) - 92ce6e48-4722-407a-9620-5998c6999257: start FollowerState
2019-10-18 14:02:29,452 [ForkJoinPool.commonPool-worker-0] INFO  ozoneimpl.OzoneContainer (OzoneContainer.java:stop(227)) - Attempting to stop container services.
2019-10-18 14:02:29,452 [main] INFO  ozoneimpl.OzoneContainer (OzoneContainer.java:stop(227)) - Attempting to stop container services.
2019-10-18 14:02:29,452 [ForkJoinPool.commonPool-worker-0] INFO  impl.RaftServerProxy (RaftServerProxy.java:lambda$close$4(314)) - 92ce6e48-4722-407a-9620-5998c6999257: close
2019-10-18 14:02:29,452 [main] INFO  impl.RaftServerProxy (RaftServerProxy.java:lambda$close$4(314)) - 66f9d00c-1e97-4252-958c-bed5a531abda: close
2019-10-18 14:02:29,452 [ForkJoinPool.commonPool-worker-0] INFO  impl.RaftServerImpl (RaftServerImpl.java:lambda$shutdown$3(261)) - 92ce6e48-4722-407a-9620-5998c6999257@group-E964BE911FCC: shutdown
2019-10-18 14:02:29,453 [main] INFO  impl.RaftServerImpl (RaftServerImpl.java:lambda$shutdown$3(261)) - 66f9d00c-1e97-4252-958c-bed5a531abda@group-19029215DF2B: shutdown
2019-10-18 14:02:29,453 [ForkJoinPool.commonPool-worker-0] INFO  util.JmxRegister (JmxRegister.java:unregister(73)) - Successfully un-registered JMX Bean with object name Ratis:service=RaftServer,group=group-E964BE911FCC,id=92ce6e48-4722-407a-9620-5998c6999257
2019-10-18 14:02:29,453 [main] INFO  util.JmxRegister (JmxRegister.java:unregister(73)) - Successfully un-registered JMX Bean with object name Ratis:service=RaftServer,group=group-19029215DF2B,id=66f9d00c-1e97-4252-958c-bed5a531abda
2019-10-18 14:02:29,454 [ForkJoinPool.commonPool-worker-0] INFO  impl.RoleInfo (RoleInfo.java:shutdownFollowerState(121)) - 92ce6e48-4722-407a-9620-5998c6999257: shutdown FollowerState
2019-10-18 14:02:29,454 [main] INFO  impl.RoleInfo (RoleInfo.java:shutdownLeaderState(104)) - 66f9d00c-1e97-4252-958c-bed5a531abda: shutdown LeaderState
2019-10-18 14:02:29,454 [Thread-3404] INFO  impl.FollowerState (FollowerState.java:run(117)) - 92ce6e48-4722-407a-9620-5998c6999257@group-E964BE911FCC-FollowerState was interrupted: java.lang.InterruptedException: sleep interrupted
2019-10-18 14:02:29,455 [main] INFO  impl.PendingRequests (PendingRequests.java:sendNotLeaderResponses(202)) - 66f9d00c-1e97-4252-958c-bed5a531abda@group-19029215DF2B-PendingRequests: sendNotLeaderResponses
2019-10-18 14:02:29,455 [main] INFO  impl.StateMachineUpdater (StateMachineUpdater.java:stopAndJoin(136)) - 66f9d00c-1e97-4252-958c-bed5a531abda@group-19029215DF2B-StateMachineUpdater: set stopIndex = 0
2019-10-18 14:02:29,456 [main] INFO  impl.RaftServerImpl (ServerState.java:close(388)) - 66f9d00c-1e97-4252-958c-bed5a531abda@group-19029215DF2B: closes. applyIndex: 0
2019-10-18 14:02:29,454 [ForkJoinPool.commonPool-worker-0] INFO  impl.StateMachineUpdater (StateMachineUpdater.java:stopAndJoin(136)) - 92ce6e48-4722-407a-9620-5998c6999257@group-E964BE911FCC-StateMachineUpdater: set stopIndex = -1
2019-10-18 14:02:29,456 [66f9d00c-1e97-4252-958c-bed5a531abda@group-19029215DF2B-SegmentedRaftLogWorker] INFO  segmented.SegmentedRaftLogWorker (SegmentedRaftLogWorker.java:run(316)) - 66f9d00c-1e97-4252-958c-bed5a531abda@group-19029215DF2B-SegmentedRaftLogWorker was interrupted, exiting. There are 0 tasks remaining in the queue.
2019-10-18 14:02:29,457 [ForkJoinPool.commonPool-worker-0] INFO  impl.RaftServerImpl (ServerState.java:close(388)) - 92ce6e48-4722-407a-9620-5998c6999257@group-E964BE911FCC: closes. applyIndex: -1
2019-10-18 14:02:29,459 [main] INFO  segmented.SegmentedRaftLogWorker (SegmentedRaftLogWorker.java:close(224)) - 66f9d00c-1e97-4252-958c-bed5a531abda@group-19029215DF2B-SegmentedRaftLogWorker close()
2019-10-18 14:02:29,459 [92ce6e48-4722-407a-9620-5998c6999257@group-E964BE911FCC-SegmentedRaftLogWorker] INFO  segmented.SegmentedRaftLogWorker (SegmentedRaftLogWorker.java:run(316)) - 92ce6e48-4722-407a-9620-5998c6999257@group-E964BE911FCC-SegmentedRaftLogWorker was interrupted, exiting. There are 0 tasks remaining in the queue.
2019-10-18 14:02:29,461 [ForkJoinPool.commonPool-worker-0] INFO  segmented.SegmentedRaftLogWorker (SegmentedRaftLogWorker.java:close(224)) - 92ce6e48-4722-407a-9620-5998c6999257@group-E964BE911FCC-SegmentedRaftLogWorker close()
2019-10-18 14:02:29,464 [ForkJoinPool.commonPool-worker-0] INFO  impl.RaftServerImpl (RaftServerImpl.java:lambda$shutdown$3(261)) - 92ce6e48-4722-407a-9620-5998c6999257@group-F9EEB91A2B31: shutdown
2019-10-18 14:02:29,464 [main] INFO  impl.RaftServerImpl (RaftServerImpl.java:lambda$shutdown$3(261)) - 66f9d00c-1e97-4252-958c-bed5a531abda@group-E964BE911FCC: shutdown
2019-10-18 14:02:29,465 [ForkJoinPool.commonPool-worker-0] INFO  util.JmxRegister (JmxRegister.java:unregister(73)) - Successfully un-registered JMX Bean with object name Ratis:service=RaftServer,group=group-F9EEB91A2B31,id=92ce6e48-4722-407a-9620-5998c6999257
2019-10-18 14:02:29,465 [main] INFO  util.JmxRegister (JmxRegister.java:unregister(73)) - Successfully un-registered JMX Bean with object name Ratis:service=RaftServer,group=group-E964BE911FCC,id=66f9d00c-1e97-4252-958c-bed5a531abda
2019-10-18 14:02:29,465 [ForkJoinPool.commonPool-worker-0] INFO  impl.RoleInfo (RoleInfo.java:shutdownLeaderState(104)) - 92ce6e48-4722-407a-9620-5998c6999257: shutdown LeaderState
2019-10-18 14:02:29,465 [main] INFO  impl.RoleInfo (RoleInfo.java:shutdownFollowerState(121)) - 66f9d00c-1e97-4252-958c-bed5a531abda: shutdown FollowerState
2019-10-18 14:02:29,466 [ForkJoinPool.commonPool-worker-0] INFO  impl.PendingRequests (PendingRequests.java:sendNotLeaderResponses(202)) - 92ce6e48-4722-407a-9620-5998c6999257@group-F9EEB91A2B31-PendingRequests: sendNotLeaderResponses
2019-10-18 14:02:29,466 [Thread-3403] INFO  impl.FollowerState (FollowerState.java:run(117)) - 66f9d00c-1e97-4252-958c-bed5a531abda@group-E964BE911FCC-FollowerState was interrupted: java.lang.InterruptedException: sleep interrupted
2019-10-18 14:02:29,466 [main] INFO  impl.StateMachineUpdater (StateMachineUpdater.java:stopAndJoin(136)) - 66f9d00c-1e97-4252-958c-bed5a531abda@group-E964BE911FCC-StateMachineUpdater: set stopIndex = -1
2019-10-18 14:02:29,466 [ForkJoinPool.commonPool-worker-0] INFO  impl.StateMachineUpdater (StateMachineUpdater.java:stopAndJoin(136)) - 92ce6e48-4722-407a-9620-5998c6999257@group-F9EEB91A2B31-StateMachineUpdater: set stopIndex = 0
2019-10-18 14:02:29,466 [ForkJoinPool.commonPool-worker-0] INFO  impl.RaftServerImpl (ServerState.java:close(388)) - 92ce6e48-4722-407a-9620-5998c6999257@group-F9EEB91A2B31: closes. applyIndex: 0
2019-10-18 14:02:29,466 [main] INFO  impl.RaftServerImpl (ServerState.java:close(388)) - 66f9d00c-1e97-4252-958c-bed5a531abda@group-E964BE911FCC: closes. applyIndex: -1
2019-10-18 14:02:29,467 [92ce6e48-4722-407a-9620-5998c6999257@group-F9EEB91A2B31-SegmentedRaftLogWorker] INFO  segmented.SegmentedRaftLogWorker (SegmentedRaftLogWorker.java:run(316)) - 92ce6e48-4722-407a-9620-5998c6999257@group-F9EEB91A2B31-SegmentedRaftLogWorker was interrupted, exiting. There are 0 tasks remaining in the queue.
2019-10-18 14:02:29,467 [66f9d00c-1e97-4252-958c-bed5a531abda@group-E964BE911FCC-SegmentedRaftLogWorker] INFO  segmented.SegmentedRaftLogWorker (SegmentedRaftLogWorker.java:run(316)) - 66f9d00c-1e97-4252-958c-bed5a531abda@group-E964BE911FCC-SegmentedRaftLogWorker was interrupted, exiting. There are 0 tasks remaining in the queue.
2019-10-18 14:02:29,468 [ForkJoinPool.commonPool-worker-0] INFO  segmented.SegmentedRaftLogWorker (SegmentedRaftLogWorker.java:close(224)) - 92ce6e48-4722-407a-9620-5998c6999257@group-F9EEB91A2B31-SegmentedRaftLogWorker close()
2019-10-18 14:02:29,469 [main] INFO  segmented.SegmentedRaftLogWorker (SegmentedRaftLogWorker.java:close(224)) - 66f9d00c-1e97-4252-958c-bed5a531abda@group-E964BE911FCC-SegmentedRaftLogWorker close()
2019-10-18 14:02:29,471 [ForkJoinPool.commonPool-worker-0] INFO  server.GrpcService (GrpcService.java:closeImpl(164)) - 92ce6e48-4722-407a-9620-5998c6999257: shutdown server with port 34971 now
2019-10-18 14:02:29,473 [main] INFO  server.GrpcService (GrpcService.java:closeImpl(164)) - 66f9d00c-1e97-4252-958c-bed5a531abda: shutdown server with port 45996 now
2019-10-18 14:02:29,474 [ForkJoinPool.commonPool-worker-0] INFO  server.GrpcService (GrpcService.java:closeImpl(172)) - 92ce6e48-4722-407a-9620-5998c6999257: shutdown server with port 34971 successfully
2019-10-18 14:02:29,474 [main] INFO  server.GrpcService (GrpcService.java:closeImpl(172)) - 66f9d00c-1e97-4252-958c-bed5a531abda: shutdown server with port 45996 successfully
2019-10-18 14:02:29,476 [refreshUsed-/workdir/hadoop-ozone/integration-test/target/test-dir/MiniOzoneClusterImpl-2e865a06-22ad-4131-aa5d-0933f5b7f962/datanode-2/data/containers] WARN  fs.CachingGetSpaceUsed (CachingGetSpaceUsed.java:run(183)) - Thread Interrupted waiting to refresh disk information: sleep interrupted
2019-10-18 14:02:29,476 [refreshUsed-/workdir/hadoop-ozone/integration-test/target/test-dir/MiniOzoneClusterImpl-2e865a06-22ad-4131-aa5d-0933f5b7f962/datanode-1/data/containers] WARN  fs.CachingGetSpaceUsed (CachingGetSpaceUsed.java:run(183)) - Thread Interrupted waiting to refresh disk information: sleep interrupted
2019-10-18 14:02:29,499 [main] INFO  utils.BackgroundService (BackgroundService.java:shutdown(151)) - Shutting down service BlockDeletingService
2019-10-18 14:02:29,500 [ForkJoinPool.commonPool-worker-0] INFO  utils.BackgroundService (BackgroundService.java:shutdown(151)) - Shutting down service BlockDeletingService
2019-10-18 14:02:29,502 [main] INFO  statemachine.DatanodeStateMachine (DatanodeStateMachine.java:stopDaemon(395)) - Ozone container server stopped.
2019-10-18 14:02:29,505 [ForkJoinPool.commonPool-worker-0] INFO  statemachine.DatanodeStateMachine (DatanodeStateMachine.java:stopDaemon(395)) - Ozone container server stopped.
2019-10-18 14:02:29,507 [main] INFO  handler.ContextHandler (ContextHandler.java:doStop(910)) - Stopped o.e.j.w.WebAppContext@3722c145{/,null,UNAVAILABLE}{/hddsDatanode}
2019-10-18 14:02:29,507 [ForkJoinPool.commonPool-worker-0] INFO  handler.ContextHandler (ContextHandler.java:doStop(910)) - Stopped o.e.j.w.WebAppContext@7e446d92{/,null,UNAVAILABLE}{/hddsDatanode}
2019-10-18 14:02:29,507 [main] INFO  server.AbstractConnector (AbstractConnector.java:doStop(318)) - Stopped ServerConnector@4cbc2e3b{HTTP/1.1,[http/1.1]}{0.0.0.0:0}
2019-10-18 14:02:29,508 [ForkJoinPool.commonPool-worker-0] INFO  server.AbstractConnector (AbstractConnector.java:doStop(318)) - Stopped ServerConnector@57f9b467{HTTP/1.1,[http/1.1]}{0.0.0.0:0}
2019-10-18 14:02:29,508 [main] INFO  handler.ContextHandler (ContextHandler.java:doStop(910)) - Stopped o.e.j.s.ServletContextHandler@1caa9eb6{/static,jar:file:/home/user/.m2/repository/org/apache/hadoop/hadoop-hdds-container-service/0.5.0-SNAPSHOT/hadoop-hdds-container-service-0.5.0-SNAPSHOT.jar!/webapps/static,UNAVAILABLE}
2019-10-18 14:02:29,508 [ForkJoinPool.commonPool-worker-0] INFO  handler.ContextHandler (ContextHandler.java:doStop(910)) - Stopped o.e.j.s.ServletContextHandler@544e8149{/static,jar:file:/home/user/.m2/repository/org/apache/hadoop/hadoop-hdds-container-service/0.5.0-SNAPSHOT/hadoop-hdds-container-service-0.5.0-SNAPSHOT.jar!/webapps/static,UNAVAILABLE}
2019-10-18 14:02:29,509 [main] INFO  handler.ContextHandler (ContextHandler.java:doStop(910)) - Stopped o.e.j.s.ServletContextHandler@51ec2856{/logs,file:///workdir/hadoop-ozone/integration-test/target/log,UNAVAILABLE}
2019-10-18 14:02:29,509 [ForkJoinPool.commonPool-worker-0] INFO  handler.ContextHandler (ContextHandler.java:doStop(910)) - Stopped o.e.j.s.ServletContextHandler@29a98d9f{/logs,file:///workdir/hadoop-ozone/integration-test/target/log,UNAVAILABLE}
2019-10-18 14:02:30,264 [Datanode State Machine Thread - 0] INFO  statemachine.DatanodeStateMachine (DatanodeStateMachine.java:lambda$startDaemon$0(350)) - Ozone container server started.
2019-10-18 14:02:30,392 [Datanode State Machine Thread - 0] INFO  statemachine.DatanodeStateMachine (DatanodeStateMachine.java:lambda$startDaemon$0(350)) - Ozone container server started.
2019-10-18 14:02:34,511 [main] INFO  ozoneimpl.OzoneContainer (OzoneContainer.java:stop(227)) - Attempting to stop container services.
2019-10-18 14:02:34,511 [ForkJoinPool.commonPool-worker-0] INFO  ozoneimpl.OzoneContainer (OzoneContainer.java:stop(227)) - Attempting to stop container services.
2019-10-18 14:02:34,513 [main] INFO  impl.RaftServerProxy (RaftServerProxy.java:lambda$close$4(314)) - dfc7a80c-cbee-485b-8c95-9eb9c070cdae: close
2019-10-18 14:02:34,513 [ForkJoinPool.commonPool-worker-0] INFO  impl.RaftServerProxy (RaftServerProxy.java:lambda$close$4(314)) - 6cbfae60-ea29-4abc-a49d-ef94f4bd513a: close
2019-10-18 14:02:34,513 [main] INFO  impl.RaftServerImpl (RaftServerImpl.java:lambda$shutdown$3(261)) - dfc7a80c-cbee-485b-8c95-9eb9c070cdae@group-D9ACC5F4111D: shutdown
2019-10-18 14:02:34,513 [ForkJoinPool.commonPool-worker-0] INFO  impl.RaftServerImpl (RaftServerImpl.java:lambda$shutdown$3(261)) - 6cbfae60-ea29-4abc-a49d-ef94f4bd513a@group-E261555C8304: shutdown
2019-10-18 14:02:34,513 [main] INFO  util.JmxRegister (JmxRegister.java:unregister(73)) - Successfully un-registered JMX Bean with object name Ratis:service=RaftServer,group=group-D9ACC5F4111D,id=dfc7a80c-cbee-485b-8c95-9eb9c070cdae
2019-10-18 14:02:34,514 [ForkJoinPool.commonPool-worker-0] INFO  util.JmxRegister (JmxRegister.java:unregister(73)) - Successfully un-registered JMX Bean with object name Ratis:service=RaftServer,group=group-E261555C8304,id=6cbfae60-ea29-4abc-a49d-ef94f4bd513a
2019-10-18 14:02:34,514 [main] INFO  impl.RoleInfo (RoleInfo.java:shutdownLeaderState(104)) - dfc7a80c-cbee-485b-8c95-9eb9c070cdae: shutdown LeaderState
2019-10-18 14:02:34,514 [ForkJoinPool.commonPool-worker-0] INFO  impl.RoleInfo (RoleInfo.java:shutdownLeaderState(104)) - 6cbfae60-ea29-4abc-a49d-ef94f4bd513a: shutdown LeaderState
2019-10-18 14:02:34,514 [main] INFO  impl.PendingRequests (PendingRequests.java:sendNotLeaderResponses(202)) - dfc7a80c-cbee-485b-8c95-9eb9c070cdae@group-D9ACC5F4111D-PendingRequests: sendNotLeaderResponses
2019-10-18 14:02:34,514 [ForkJoinPool.commonPool-worker-0] INFO  impl.PendingRequests (PendingRequests.java:sendNotLeaderResponses(202)) - 6cbfae60-ea29-4abc-a49d-ef94f4bd513a@group-E261555C8304-PendingRequests: sendNotLeaderResponses
2019-10-18 14:02:34,515 [main] INFO  impl.StateMachineUpdater (StateMachineUpdater.java:stopAndJoin(136)) - dfc7a80c-cbee-485b-8c95-9eb9c070cdae@group-D9ACC5F4111D-StateMachineUpdater: set stopIndex = 0
2019-10-18 14:02:34,515 [ForkJoinPool.commonPool-worker-0] INFO  impl.StateMachineUpdater (StateMachineUpdater.java:stopAndJoin(136)) - 6cbfae60-ea29-4abc-a49d-ef94f4bd513a@group-E261555C8304-StateMachineUpdater: set stopIndex = 0
2019-10-18 14:02:34,516 [ForkJoinPool.commonPool-worker-0] INFO  impl.RaftServerImpl (ServerState.java:close(388)) - 6cbfae60-ea29-4abc-a49d-ef94f4bd513a@group-E261555C8304: closes. applyIndex: 0
2019-10-18 14:02:34,516 [main] INFO  impl.RaftServerImpl (ServerState.java:close(388)) - dfc7a80c-cbee-485b-8c95-9eb9c070cdae@group-D9ACC5F4111D: closes. applyIndex: 0
2019-10-18 14:02:34,517 [dfc7a80c-cbee-485b-8c95-9eb9c070cdae@group-D9ACC5F4111D-SegmentedRaftLogWorker] INFO  segmented.SegmentedRaftLogWorker (SegmentedRaftLogWorker.java:run(316)) - dfc7a80c-cbee-485b-8c95-9eb9c070cdae@group-D9ACC5F4111D-SegmentedRaftLogWorker was interrupted, exiting. There are 0 tasks remaining in the queue.
2019-10-18 14:02:34,517 [6cbfae60-ea29-4abc-a49d-ef94f4bd513a@group-E261555C8304-SegmentedRaftLogWorker] INFO  segmented.SegmentedRaftLogWorker (SegmentedRaftLogWorker.java:run(316)) - 6cbfae60-ea29-4abc-a49d-ef94f4bd513a@group-E261555C8304-SegmentedRaftLogWorker was interrupted, exiting. There are 0 tasks remaining in the queue.
2019-10-18 14:02:34,520 [main] INFO  segmented.SegmentedRaftLogWorker (SegmentedRaftLogWorker.java:close(224)) - dfc7a80c-cbee-485b-8c95-9eb9c070cdae@group-D9ACC5F4111D-SegmentedRaftLogWorker close()
2019-10-18 14:02:34,520 [ForkJoinPool.commonPool-worker-0] INFO  segmented.SegmentedRaftLogWorker (SegmentedRaftLogWorker.java:close(224)) - 6cbfae60-ea29-4abc-a49d-ef94f4bd513a@group-E261555C8304-SegmentedRaftLogWorker close()
2019-10-18 14:02:34,521 [main] INFO  server.GrpcService (GrpcService.java:closeImpl(164)) - dfc7a80c-cbee-485b-8c95-9eb9c070cdae: shutdown server with port 41118 now
2019-10-18 14:02:34,522 [ForkJoinPool.commonPool-worker-0] INFO  impl.RaftServerImpl (RaftServerImpl.java:lambda$shutdown$3(261)) - 6cbfae60-ea29-4abc-a49d-ef94f4bd513a@group-E964BE911FCC: shutdown
2019-10-18 14:02:34,523 [main] INFO  server.GrpcService (GrpcService.java:closeImpl(172)) - dfc7a80c-cbee-485b-8c95-9eb9c070cdae: shutdown server with port 41118 successfully
2019-10-18 14:02:34,523 [ForkJoinPool.commonPool-worker-0] INFO  util.JmxRegister (JmxRegister.java:unregister(73)) - Successfully un-registered JMX Bean with object name Ratis:service=RaftServer,group=group-E964BE911FCC,id=6cbfae60-ea29-4abc-a49d-ef94f4bd513a
2019-10-18 14:02:34,524 [ForkJoinPool.commonPool-worker-0] INFO  impl.RoleInfo (RoleInfo.java:shutdownFollowerState(121)) - 6cbfae60-ea29-4abc-a49d-ef94f4bd513a: shutdown FollowerState
2019-10-18 14:02:34,524 [ForkJoinPool.commonPool-worker-0] INFO  impl.StateMachineUpdater (StateMachineUpdater.java:stopAndJoin(136)) - 6cbfae60-ea29-4abc-a49d-ef94f4bd513a@group-E964BE911FCC-StateMachineUpdater: set stopIndex = -1
2019-10-18 14:02:34,525 [ForkJoinPool.commonPool-worker-0] INFO  impl.RaftServerImpl (ServerState.java:close(388)) - 6cbfae60-ea29-4abc-a49d-ef94f4bd513a@group-E964BE911FCC: closes. applyIndex: -1
2019-10-18 14:02:34,524 [Thread-3402] INFO  impl.FollowerState (FollowerState.java:run(117)) - 6cbfae60-ea29-4abc-a49d-ef94f4bd513a@group-E964BE911FCC-FollowerState was interrupted: java.lang.InterruptedException: sleep interrupted
2019-10-18 14:02:34,525 [6cbfae60-ea29-4abc-a49d-ef94f4bd513a@group-E964BE911FCC-SegmentedRaftLogWorker] INFO  segmented.SegmentedRaftLogWorker (SegmentedRaftLogWorker.java:run(316)) - 6cbfae60-ea29-4abc-a49d-ef94f4bd513a@group-E964BE911FCC-SegmentedRaftLogWorker was interrupted, exiting. There are 0 tasks remaining in the queue.
2019-10-18 14:02:34,530 [ForkJoinPool.commonPool-worker-0] INFO  segmented.SegmentedRaftLogWorker (SegmentedRaftLogWorker.java:close(224)) - 6cbfae60-ea29-4abc-a49d-ef94f4bd513a@group-E964BE911FCC-SegmentedRaftLogWorker close()
2019-10-18 14:02:34,532 [ForkJoinPool.commonPool-worker-0] INFO  server.GrpcService (GrpcService.java:closeImpl(164)) - 6cbfae60-ea29-4abc-a49d-ef94f4bd513a: shutdown server with port 36685 now
2019-10-18 14:02:34,532 [refreshUsed-/workdir/hadoop-ozone/integration-test/target/test-dir/MiniOzoneClusterImpl-2e865a06-22ad-4131-aa5d-0933f5b7f962/datanode-3/data/containers] WARN  fs.CachingGetSpaceUsed (CachingGetSpaceUsed.java:run(183)) - Thread Interrupted waiting to refresh disk information: sleep interrupted
2019-10-18 14:02:34,532 [ForkJoinPool.commonPool-worker-0] INFO  server.GrpcService (GrpcService.java:closeImpl(172)) - 6cbfae60-ea29-4abc-a49d-ef94f4bd513a: shutdown server with port 36685 successfully
2019-10-18 14:02:34,536 [refreshUsed-/workdir/hadoop-ozone/integration-test/target/test-dir/MiniOzoneClusterImpl-2e865a06-22ad-4131-aa5d-0933f5b7f962/datanode-0/data/containers] WARN  fs.CachingGetSpaceUsed (CachingGetSpaceUsed.java:run(183)) - Thread Interrupted waiting to refresh disk information: sleep interrupted
2019-10-18 14:02:34,552 [main] INFO  utils.BackgroundService (BackgroundService.java:shutdown(151)) - Shutting down service BlockDeletingService
2019-10-18 14:02:34,552 [ForkJoinPool.commonPool-worker-0] INFO  utils.BackgroundService (BackgroundService.java:shutdown(151)) - Shutting down service BlockDeletingService
2019-10-18 14:02:34,555 [main] INFO  statemachine.DatanodeStateMachine (DatanodeStateMachine.java:stopDaemon(395)) - Ozone container server stopped.
2019-10-18 14:02:34,556 [ForkJoinPool.commonPool-worker-0] INFO  statemachine.DatanodeStateMachine (DatanodeStateMachine.java:stopDaemon(395)) - Ozone container server stopped.
2019-10-18 14:02:34,559 [main] INFO  handler.ContextHandler (ContextHandler.java:doStop(910)) - Stopped o.e.j.w.WebAppContext@71c17a57{/,null,UNAVAILABLE}{/hddsDatanode}
2019-10-18 14:02:34,559 [ForkJoinPool.commonPool-worker-0] INFO  handler.ContextHandler (ContextHandler.java:doStop(910)) - Stopped o.e.j.w.WebAppContext@57272109{/,null,UNAVAILABLE}{/hddsDatanode}
2019-10-18 14:02:34,560 [main] INFO  server.AbstractConnector (AbstractConnector.java:doStop(318)) - Stopped ServerConnector@640ab13c{HTTP/1.1,[http/1.1]}{0.0.0.0:0}
2019-10-18 14:02:34,560 [ForkJoinPool.commonPool-worker-0] INFO  server.AbstractConnector (AbstractConnector.java:doStop(318)) - Stopped ServerConnector@59696551{HTTP/1.1,[http/1.1]}{0.0.0.0:0}
2019-10-18 14:02:34,561 [main] INFO  handler.ContextHandler (ContextHandler.java:doStop(910)) - Stopped o.e.j.s.ServletContextHandler@f88bfbe{/static,jar:file:/home/user/.m2/repository/org/apache/hadoop/hadoop-hdds-container-service/0.5.0-SNAPSHOT/hadoop-hdds-container-service-0.5.0-SNAPSHOT.jar!/webapps/static,UNAVAILABLE}
2019-10-18 14:02:34,561 [ForkJoinPool.commonPool-worker-0] INFO  handler.ContextHandler (ContextHandler.java:doStop(910)) - Stopped o.e.j.s.ServletContextHandler@6edf29c1{/static,jar:file:/home/user/.m2/repository/org/apache/hadoop/hadoop-hdds-container-service/0.5.0-SNAPSHOT/hadoop-hdds-container-service-0.5.0-SNAPSHOT.jar!/webapps/static,UNAVAILABLE}
2019-10-18 14:02:34,562 [main] INFO  handler.ContextHandler (ContextHandler.java:doStop(910)) - Stopped o.e.j.s.ServletContextHandler@3af7d855{/logs,file:///workdir/hadoop-ozone/integration-test/target/log,UNAVAILABLE}
2019-10-18 14:02:34,562 [ForkJoinPool.commonPool-worker-0] INFO  handler.ContextHandler (ContextHandler.java:doStop(910)) - Stopped o.e.j.s.ServletContextHandler@7c8c70d6{/logs,file:///workdir/hadoop-ozone/integration-test/target/log,UNAVAILABLE}
2019-10-18 14:02:34,564 [main] INFO  ozone.MiniOzoneClusterImpl (MiniOzoneClusterImpl.java:stopSCM(392)) - Stopping the StorageContainerManager
2019-10-18 14:02:34,564 [main] INFO  server.StorageContainerManager (StorageContainerManager.java:stop(810)) - Stopping Replication Manager Service.
2019-10-18 14:02:34,564 [main] INFO  container.ReplicationManager (ReplicationManager.java:stop(203)) - Stopping Replication Monitor Thread.
2019-10-18 14:02:34,564 [main] INFO  server.StorageContainerManager (StorageContainerManager.java:stop(817)) - Stopping Lease Manager of the command watchers
2019-10-18 14:02:34,564 [main] INFO  server.StorageContainerManager (StorageContainerManager.java:stop(824)) - Stopping datanode service RPC server
2019-10-18 14:02:34,565 [main] INFO  server.SCMDatanodeProtocolServer (SCMDatanodeProtocolServer.java:stop(346)) - Stopping the RPC server for DataNodes
2019-10-18 14:02:34,565 [main] INFO  ipc.Server (Server.java:stop(3082)) - Stopping server on 44691
2019-10-18 14:02:34,566 [IPC Server listener on 44691] INFO  ipc.Server (Server.java:run(1185)) - Stopping IPC Server listener on 44691
2019-10-18 14:02:34,566 [IPC Server Responder] INFO  ipc.Server (Server.java:run(1319)) - Stopping IPC Server Responder
2019-10-18 14:02:34,606 [SCM Heartbeat Processing Thread - 0] WARN  node.NodeStateManager (NodeStateManager.java:scheduleNextHealthCheck(646)) - Current Thread is interrupted, shutting down HB processing thread for Node Manager.
2019-10-18 14:02:34,607 [main] INFO  server.StorageContainerManager (StorageContainerManager.java:stop(832)) - Stopping block service RPC server
2019-10-18 14:02:34,607 [main] INFO  server.SCMBlockProtocolServer (SCMBlockProtocolServer.java:stop(155)) - Stopping the RPC server for Block Protocol
2019-10-18 14:02:34,607 [main] INFO  ipc.Server (Server.java:stop(3082)) - Stopping server on 36766
2019-10-18 14:02:34,609 [IPC Server listener on 36766] INFO  ipc.Server (Server.java:run(1185)) - Stopping IPC Server listener on 36766
2019-10-18 14:02:34,609 [main] INFO  server.StorageContainerManager (StorageContainerManager.java:stop(839)) - Stopping the StorageContainerLocationProtocol RPC server
2019-10-18 14:02:34,610 [main] INFO  server.SCMClientProtocolServer (SCMClientProtocolServer.java:stop(168)) - Stopping the RPC server for Client Protocol
2019-10-18 14:02:34,610 [IPC Server Responder] INFO  ipc.Server (Server.java:run(1319)) - Stopping IPC Server Responder
2019-10-18 14:02:34,610 [main] INFO  ipc.Server (Server.java:stop(3082)) - Stopping server on 38839
2019-10-18 14:02:34,610 [IPC Server listener on 38839] INFO  ipc.Server (Server.java:run(1185)) - Stopping IPC Server listener on 38839
2019-10-18 14:02:34,610 [main] INFO  server.StorageContainerManager (StorageContainerManager.java:stop(846)) - Stopping Storage Container Manager HTTP server.
2019-10-18 14:02:34,611 [IPC Server Responder] INFO  ipc.Server (Server.java:run(1319)) - Stopping IPC Server Responder
2019-10-18 14:02:34,612 [main] INFO  handler.ContextHandler (ContextHandler.java:doStop(910)) - Stopped o.e.j.w.WebAppContext@7fb9f71f{/,null,UNAVAILABLE}{/scm}
2019-10-18 14:02:34,613 [main] INFO  server.AbstractConnector (AbstractConnector.java:doStop(318)) - Stopped ServerConnector@407cf41{HTTP/1.1,[http/1.1]}{0.0.0.0:0}
2019-10-18 14:02:34,613 [main] INFO  handler.ContextHandler (ContextHandler.java:doStop(910)) - Stopped o.e.j.s.ServletContextHandler@424ebba3{/static,file:///workdir/hadoop-ozone/integration-test/target/test-classes/webapps/static,UNAVAILABLE}
2019-10-18 14:02:34,613 [main] INFO  handler.ContextHandler (ContextHandler.java:doStop(910)) - Stopped o.e.j.s.ServletContextHandler@a43ce46{/logs,file:///workdir/hadoop-ozone/integration-test/target/log,UNAVAILABLE}
2019-10-18 14:02:34,614 [main] INFO  server.StorageContainerManager (StorageContainerManager.java:stop(857)) - Stopping Block Manager Service.
2019-10-18 14:02:34,614 [main] INFO  utils.BackgroundService (BackgroundService.java:shutdown(151)) - Shutting down service SCMBlockDeletingService
2019-10-18 14:02:34,614 [main] INFO  utils.BackgroundService (BackgroundService.java:shutdown(151)) - Shutting down service SCMBlockDeletingService
2019-10-18 14:02:34,615 [main] INFO  server.StorageContainerManager (StorageContainerManager.java:stop(879)) - Stopping SCM Event Queue.
2019-10-18 14:02:34,621 [main] INFO  impl.MetricsSystemImpl (MetricsSystemImpl.java:stop(210)) - Stopping XceiverClientMetrics metrics system...
2019-10-18 14:02:34,628 [prometheus] INFO  impl.MetricsSinkAdapter (MetricsSinkAdapter.java:publishMetricsFromQueue(141)) - prometheus thread interrupted.
2019-10-18 14:02:34,628 [main] INFO  impl.MetricsSystemImpl (MetricsSystemImpl.java:stop(216)) - XceiverClientMetrics metrics system stopped.
]]></system-out>
    <system-err><![CDATA[ERROR StatusLogger No Log4j 2 configuration file found. Using default configuration (logging only errors to the console), or user programmatically provided configurations. Set system property 'log4j2.debug' to show Log4j 2 internal initialization logging. See https://logging.apache.org/log4j/2.x/manual/configuration.html for instructions on how to configure Log4j 2
]]></system-err>
  </testcase>
</testsuite>