<?xml version="1.0" encoding="UTF-8"?>
<testsuite xmlns:xsi="http://www.w3.org/2001/XMLSchema-instance" xsi:noNamespaceSchemaLocation="https://maven.apache.org/surefire/maven-surefire-plugin/xsd/surefire-test-report.xsd" name="org.apache.hadoop.ozone.client.rpc.TestDeleteWithSlowFollower" time="133.251" tests="1" errors="0" skipped="0" failures="1">
  <properties>
    <property name="awt.toolkit" value="sun.awt.X11.XToolkit"/>
    <property name="file.encoding.pkg" value="sun.io"/>
    <property name="java.specification.version" value="1.8"/>
    <property name="sun.cpu.isalist" value=""/>
    <property name="sun.jnu.encoding" value="ANSI_X3.4-1968"/>
    <property name="java.class.path" value="/workdir/hadoop-ozone/integration-test/target/test-classes:/workdir/hadoop-ozone/integration-test/target/classes:/home/user/.m2/repository/org/apache/hadoop/hadoop-ozone-common/0.5.0-SNAPSHOT/hadoop-ozone-common-0.5.0-SNAPSHOT.jar:/home/user/.m2/repository/org/apache/commons/commons-compress/1.4.1/commons-compress-1.4.1.jar:/home/user/.m2/repository/org/tukaani/xz/1.0/xz-1.0.jar:/home/user/.m2/repository/org/apache/hadoop/hadoop-common/3.2.0/hadoop-common-3.2.0.jar:/home/user/.m2/repository/org/apache/hadoop/hadoop-hdfs/3.2.0/hadoop-hdfs-3.2.0.jar:/home/user/.m2/repository/org/apache/hadoop/hadoop-hdfs-client/3.2.0/hadoop-hdfs-client-3.2.0.jar:/home/user/.m2/repository/com/fasterxml/jackson/core/jackson-annotations/2.9.9/jackson-annotations-2.9.9.jar:/home/user/.m2/repository/org/apache/hadoop/hadoop-hdds-common/0.5.0-SNAPSHOT/hadoop-hdds-common-0.5.0-SNAPSHOT.jar:/home/user/.m2/repository/javax/annotation/javax.annotation-api/1.2/javax.annotation-api-1.2.jar:/home/user/.m2/repository/org/apache/ratis/ratis-server/0.5.0-3f446aa-SNAPSHOT/ratis-server-0.5.0-3f446aa-SNAPSHOT.jar:/home/user/.m2/repository/org/apache/ratis/ratis-thirdparty-misc/0.2.0/ratis-thirdparty-misc-0.2.0.jar:/home/user/.m2/repository/org/apache/ratis/ratis-proto/0.5.0-3f446aa-SNAPSHOT/ratis-proto-0.5.0-3f446aa-SNAPSHOT.jar:/home/user/.m2/repository/org/apache/ratis/ratis-common/0.5.0-3f446aa-SNAPSHOT/ratis-common-0.5.0-3f446aa-SNAPSHOT.jar:/home/user/.m2/repository/org/apache/ratis/ratis-client/0.5.0-3f446aa-SNAPSHOT/ratis-client-0.5.0-3f446aa-SNAPSHOT.jar:/home/user/.m2/repository/org/apache/ratis/ratis-metrics/0.5.0-3f446aa-SNAPSHOT/ratis-metrics-0.5.0-3f446aa-SNAPSHOT.jar:/home/user/.m2/repository/com/github/joshelser/dropwizard-metrics-hadoop-metrics2-reporter/0.1.2/dropwizard-metrics-hadoop-metrics2-reporter-0.1.2.jar:/home/user/.m2/repository/io/dropwizard/metrics/metrics-jvm/3.2.5/metrics-jvm-3.2.5.jar:/home/user/.m2/repository/io/dropwizard/metrics/metrics-ganglia/3.2.5/metrics-ganglia-3.2.5.jar:/home/user/.m2/repository/info/ganglia/gmetric4j/gmetric4j/1.0.7/gmetric4j-1.0.7.jar:/home/user/.m2/repository/org/apache/ratis/ratis-netty/0.5.0-3f446aa-SNAPSHOT/ratis-netty-0.5.0-3f446aa-SNAPSHOT.jar:/home/user/.m2/repository/org/apache/ratis/ratis-grpc/0.5.0-3f446aa-SNAPSHOT/ratis-grpc-0.5.0-3f446aa-SNAPSHOT.jar:/home/user/.m2/repository/org/rocksdb/rocksdbjni/6.0.1/rocksdbjni-6.0.1.jar:/home/user/.m2/repository/org/apache/logging/log4j/log4j-api/2.11.0/log4j-api-2.11.0.jar:/home/user/.m2/repository/org/apache/logging/log4j/log4j-core/2.11.0/log4j-core-2.11.0.jar:/home/user/.m2/repository/com/lmax/disruptor/3.4.2/disruptor-3.4.2.jar:/home/user/.m2/repository/org/apache/commons/commons-pool2/2.6.0/commons-pool2-2.6.0.jar:/home/user/.m2/repository/org/bouncycastle/bcpkix-jdk15on/1.60/bcpkix-jdk15on-1.60.jar:/home/user/.m2/repository/commons-validator/commons-validator/1.6/commons-validator-1.6.jar:/home/user/.m2/repository/commons-digester/commons-digester/1.8.1/commons-digester-1.8.1.jar:/home/user/.m2/repository/io/jaegertracing/jaeger-client/0.34.0/jaeger-client-0.34.0.jar:/home/user/.m2/repository/io/jaegertracing/jaeger-thrift/0.34.0/jaeger-thrift-0.34.0.jar:/home/user/.m2/repository/org/apache/thrift/libthrift/0.12.0/libthrift-0.12.0.jar:/home/user/.m2/repository/com/squareup/okhttp3/okhttp/3.9.0/okhttp-3.9.0.jar:/home/user/.m2/repository/com/squareup/okio/okio/1.13.0/okio-1.13.0.jar:/home/user/.m2/repository/io/jaegertracing/jaeger-core/0.34.0/jaeger-core-0.34.0.jar:/home/user/.m2/repository/io/jaegertracing/jaeger-tracerresolver/0.34.0/jaeger-tracerresolver-0.34.0.jar:/home/user/.m2/repository/io/opentracing/contrib/opentracing-tracerresolver/0.1.5/opentracing-tracerresolver-0.1.5.jar:/home/user/.m2/repository/io/opentracing/opentracing-util/0.31.0/opentracing-util-0.31.0.jar:/home/user/.m2/repository/io/opentracing/opentracing-api/0.31.0/opentracing-api-0.31.0.jar:/home/user/.m2/repository/io/opentracing/opentracing-noop/0.31.0/opentracing-noop-0.31.0.jar:/home/user/.m2/repository/org/apache/hadoop/hadoop-hdds-server-framework/0.5.0-SNAPSHOT/hadoop-hdds-server-framework-0.5.0-SNAPSHOT.jar:/home/user/.m2/repository/org/apache/hadoop/hadoop-hdds-container-service/0.5.0-SNAPSHOT/hadoop-hdds-container-service-0.5.0-SNAPSHOT.jar:/home/user/.m2/repository/org/apache/hadoop/hadoop-hdds-client/0.5.0-SNAPSHOT/hadoop-hdds-client-0.5.0-SNAPSHOT.jar:/home/user/.m2/repository/org/apache/hadoop/hadoop-hdds-tools/0.5.0-SNAPSHOT/hadoop-hdds-tools-0.5.0-SNAPSHOT.jar:/home/user/.m2/repository/org/apache/hadoop/hadoop-hdds-server-scm/0.5.0-SNAPSHOT/hadoop-hdds-server-scm-0.5.0-SNAPSHOT.jar:/home/user/.m2/repository/org/apache/hadoop/hadoop-hdds-docs/0.5.0-SNAPSHOT/hadoop-hdds-docs-0.5.0-SNAPSHOT.jar:/home/user/.m2/repository/io/dropwizard/metrics/metrics-core/3.2.4/metrics-core-3.2.4.jar:/home/user/.m2/repository/org/hamcrest/hamcrest-all/1.3/hamcrest-all-1.3.jar:/home/user/.m2/repository/org/bouncycastle/bcprov-jdk15on/1.60/bcprov-jdk15on-1.60.jar:/home/user/.m2/repository/info/picocli/picocli/3.9.6/picocli-3.9.6.jar:/home/user/.m2/repository/com/google/protobuf/protobuf-java/2.5.0/protobuf-java-2.5.0.jar:/home/user/.m2/repository/com/google/guava/guava/11.0.2/guava-11.0.2.jar:/home/user/.m2/repository/org/apache/hadoop/hadoop-ozone-ozone-manager/0.5.0-SNAPSHOT/hadoop-ozone-ozone-manager-0.5.0-SNAPSHOT.jar:/home/user/.m2/repository/org/apache/hadoop/hadoop-minikdc/3.2.0/hadoop-minikdc-3.2.0.jar:/home/user/.m2/repository/commons-io/commons-io/2.5/commons-io-2.5.jar:/home/user/.m2/repository/org/apache/kerby/kerb-simplekdc/1.0.1/kerb-simplekdc-1.0.1.jar:/home/user/.m2/repository/org/apache/kerby/kerb-client/1.0.1/kerb-client-1.0.1.jar:/home/user/.m2/repository/org/apache/kerby/kerby-config/1.0.1/kerby-config-1.0.1.jar:/home/user/.m2/repository/org/apache/kerby/kerb-core/1.0.1/kerb-core-1.0.1.jar:/home/user/.m2/repository/org/apache/kerby/kerby-pkix/1.0.1/kerby-pkix-1.0.1.jar:/home/user/.m2/repository/org/apache/kerby/kerby-asn1/1.0.1/kerby-asn1-1.0.1.jar:/home/user/.m2/repository/org/apache/kerby/kerby-util/1.0.1/kerby-util-1.0.1.jar:/home/user/.m2/repository/org/apache/kerby/kerb-common/1.0.1/kerb-common-1.0.1.jar:/home/user/.m2/repository/org/apache/kerby/kerb-crypto/1.0.1/kerb-crypto-1.0.1.jar:/home/user/.m2/repository/org/apache/kerby/kerb-util/1.0.1/kerb-util-1.0.1.jar:/home/user/.m2/repository/org/apache/kerby/token-provider/1.0.1/token-provider-1.0.1.jar:/home/user/.m2/repository/org/apache/kerby/kerb-admin/1.0.1/kerb-admin-1.0.1.jar:/home/user/.m2/repository/org/apache/kerby/kerb-server/1.0.1/kerb-server-1.0.1.jar:/home/user/.m2/repository/org/apache/kerby/kerb-identity/1.0.1/kerb-identity-1.0.1.jar:/home/user/.m2/repository/org/apache/kerby/kerby-xdr/1.0.1/kerby-xdr-1.0.1.jar:/home/user/.m2/repository/org/slf4j/slf4j-log4j12/1.7.25/slf4j-log4j12-1.7.25.jar:/home/user/.m2/repository/org/apache/hadoop/hadoop-ozone-s3gateway/0.5.0-SNAPSHOT/hadoop-ozone-s3gateway-0.5.0-SNAPSHOT.jar:/home/user/.m2/repository/org/jboss/weld/servlet/weld-servlet/2.4.7.Final/weld-servlet-2.4.7.Final.jar:/home/user/.m2/repository/org/glassfish/jersey/containers/jersey-container-servlet-core/2.27/jersey-container-servlet-core-2.27.jar:/home/user/.m2/repository/org/glassfish/hk2/external/javax.inject/2.5.0-b42/javax.inject-2.5.0-b42.jar:/home/user/.m2/repository/org/glassfish/jersey/core/jersey-common/2.27/jersey-common-2.27.jar:/home/user/.m2/repository/org/glassfish/hk2/osgi-resource-locator/1.0.1/osgi-resource-locator-1.0.1.jar:/home/user/.m2/repository/javax/ws/rs/javax.ws.rs-api/2.1/javax.ws.rs-api-2.1.jar:/home/user/.m2/repository/org/glassfish/jersey/ext/cdi/jersey-cdi1x/2.27/jersey-cdi1x-2.27.jar:/home/user/.m2/repository/org/glassfish/jersey/inject/jersey-hk2/2.27/jersey-hk2-2.27.jar:/home/user/.m2/repository/org/glassfish/hk2/hk2-locator/2.5.0-b42/hk2-locator-2.5.0-b42.jar:/home/user/.m2/repository/org/javassist/javassist/3.22.0-CR2/javassist-3.22.0-CR2.jar:/home/user/.m2/repository/org/glassfish/hk2/hk2-api/2.5.0/hk2-api-2.5.0.jar:/home/user/.m2/repository/org/glassfish/hk2/external/jakarta.inject/2.5.0/jakarta.inject-2.5.0.jar:/home/user/.m2/repository/org/glassfish/hk2/hk2-utils/2.5.0/hk2-utils-2.5.0.jar:/home/user/.m2/repository/jakarta/annotation/jakarta.annotation-api/1.3.4/jakarta.annotation-api-1.3.4.jar:/home/user/.m2/repository/org/glassfish/hk2/external/aopalliance-repackaged/2.5.0/aopalliance-repackaged-2.5.0.jar:/home/user/.m2/repository/com/fasterxml/jackson/dataformat/jackson-dataformat-xml/2.9.0/jackson-dataformat-xml-2.9.0.jar:/home/user/.m2/repository/com/fasterxml/jackson/core/jackson-core/2.9.9/jackson-core-2.9.9.jar:/home/user/.m2/repository/com/fasterxml/jackson/module/jackson-module-jaxb-annotations/2.9.9/jackson-module-jaxb-annotations-2.9.9.jar:/home/user/.m2/repository/javax/enterprise/cdi-api/1.2/cdi-api-1.2.jar:/home/user/.m2/repository/javax/el/javax.el-api/3.0.0/javax.el-api-3.0.0.jar:/home/user/.m2/repository/javax/interceptor/javax.interceptor-api/1.2/javax.interceptor-api-1.2.jar:/home/user/.m2/repository/javax/inject/javax.inject/1/javax.inject-1.jar:/home/user/.m2/repository/com/sun/xml/bind/jaxb-impl/2.3.0.1/jaxb-impl-2.3.0.1.jar:/home/user/.m2/repository/com/sun/xml/bind/jaxb-core/2.3.0.1/jaxb-core-2.3.0.1.jar:/home/user/.m2/repository/javax/xml/bind/jaxb-api/2.3.0/jaxb-api-2.3.0.jar:/home/user/.m2/repository/javax/activation/activation/1.1.1/activation-1.1.1.jar:/home/user/.m2/repository/org/apache/hadoop/hadoop-ozone-csi/0.5.0-SNAPSHOT/hadoop-ozone-csi-0.5.0-SNAPSHOT.jar:/home/user/.m2/repository/com/google/protobuf/protobuf-java-util/3.5.1/protobuf-java-util-3.5.1.jar:/home/user/.m2/repository/org/apache/hadoop/hadoop-hdds-config/0.5.0-SNAPSHOT/hadoop-hdds-config-0.5.0-SNAPSHOT.jar:/home/user/.m2/repository/io/grpc/grpc-netty/1.17.1/grpc-netty-1.17.1.jar:/home/user/.m2/repository/io/grpc/grpc-core/1.17.1/grpc-core-1.17.1.jar:/home/user/.m2/repository/io/grpc/grpc-context/1.17.1/grpc-context-1.17.1.jar:/home/user/.m2/repository/com/google/errorprone/error_prone_annotations/2.2.0/error_prone_annotations-2.2.0.jar:/home/user/.m2/repository/org/codehaus/mojo/animal-sniffer-annotations/1.17/animal-sniffer-annotations-1.17.jar:/home/user/.m2/repository/io/opencensus/opencensus-api/0.17.0/opencensus-api-0.17.0.jar:/home/user/.m2/repository/io/opencensus/opencensus-contrib-grpc-metrics/0.17.0/opencensus-contrib-grpc-metrics-0.17.0.jar:/home/user/.m2/repository/io/netty/netty-codec-http2/4.1.30.Final/netty-codec-http2-4.1.30.Final.jar:/home/user/.m2/repository/io/netty/netty-codec-http/4.1.30.Final/netty-codec-http-4.1.30.Final.jar:/home/user/.m2/repository/io/netty/netty-codec/4.1.30.Final/netty-codec-4.1.30.Final.jar:/home/user/.m2/repository/io/netty/netty-handler/4.1.30.Final/netty-handler-4.1.30.Final.jar:/home/user/.m2/repository/io/netty/netty-handler-proxy/4.1.30.Final/netty-handler-proxy-4.1.30.Final.jar:/home/user/.m2/repository/io/netty/netty-codec-socks/4.1.30.Final/netty-codec-socks-4.1.30.Final.jar:/home/user/.m2/repository/io/netty/netty-transport-native-epoll/4.1.30.Final/netty-transport-native-epoll-4.1.30.Final.jar:/home/user/.m2/repository/io/netty/netty-common/4.1.30.Final/netty-common-4.1.30.Final.jar:/home/user/.m2/repository/io/netty/netty-buffer/4.1.30.Final/netty-buffer-4.1.30.Final.jar:/home/user/.m2/repository/io/netty/netty-transport/4.1.30.Final/netty-transport-4.1.30.Final.jar:/home/user/.m2/repository/io/netty/netty-resolver/4.1.30.Final/netty-resolver-4.1.30.Final.jar:/home/user/.m2/repository/io/netty/netty-transport-native-unix-common/4.1.30.Final/netty-transport-native-unix-common-4.1.30.Final.jar:/home/user/.m2/repository/io/grpc/grpc-protobuf/1.17.1/grpc-protobuf-1.17.1.jar:/home/user/.m2/repository/com/google/api/grpc/proto-google-common-protos/1.0.0/proto-google-common-protos-1.0.0.jar:/home/user/.m2/repository/io/grpc/grpc-protobuf-lite/1.17.1/grpc-protobuf-lite-1.17.1.jar:/home/user/.m2/repository/io/grpc/grpc-stub/1.17.1/grpc-stub-1.17.1.jar:/home/user/.m2/repository/org/apache/hadoop/hadoop-ozone-recon/0.5.0-SNAPSHOT/hadoop-ozone-recon-0.5.0-SNAPSHOT.jar:/home/user/.m2/repository/org/apache/hadoop/hadoop-ozone-reconcodegen/0.5.0-SNAPSHOT/hadoop-ozone-reconcodegen-0.5.0-SNAPSHOT.jar:/home/user/.m2/repository/com/google/inject/extensions/guice-multibindings/4.0/guice-multibindings-4.0.jar:/home/user/.m2/repository/com/google/inject/guice/4.0/guice-4.0.jar:/home/user/.m2/repository/aopalliance/aopalliance/1.0/aopalliance-1.0.jar:/home/user/.m2/repository/com/google/inject/extensions/guice-servlet/4.0/guice-servlet-4.0.jar:/home/user/.m2/repository/org/glassfish/jersey/containers/jersey-container-servlet/2.27/jersey-container-servlet-2.27.jar:/home/user/.m2/repository/org/glassfish/hk2/guice-bridge/2.5.0/guice-bridge-2.5.0.jar:/home/user/.m2/repository/org/glassfish/jersey/core/jersey-server/2.27/jersey-server-2.27.jar:/home/user/.m2/repository/org/glassfish/jersey/core/jersey-client/2.27/jersey-client-2.27.jar:/home/user/.m2/repository/org/glassfish/jersey/media/jersey-media-jaxb/2.27/jersey-media-jaxb-2.27.jar:/home/user/.m2/repository/javax/validation/validation-api/1.1.0.Final/validation-api-1.1.0.Final.jar:/home/user/.m2/repository/org/glassfish/jersey/media/jersey-media-json-jackson/2.27/jersey-media-json-jackson-2.27.jar:/home/user/.m2/repository/org/glassfish/jersey/ext/jersey-entity-filtering/2.27/jersey-entity-filtering-2.27.jar:/home/user/.m2/repository/com/google/inject/extensions/guice-assistedinject/4.0/guice-assistedinject-4.0.jar:/home/user/.m2/repository/org/jooq/jooq/3.11.10/jooq-3.11.10.jar:/home/user/.m2/repository/org/jooq/jooq-meta/3.11.10/jooq-meta-3.11.10.jar:/home/user/.m2/repository/org/jooq/jooq-codegen/3.11.10/jooq-codegen-3.11.10.jar:/home/user/.m2/repository/com/jolbox/bonecp/0.8.0.RELEASE/bonecp-0.8.0.RELEASE.jar:/home/user/.m2/repository/org/xerial/sqlite-jdbc/3.25.2/sqlite-jdbc-3.25.2.jar:/home/user/.m2/repository/org/springframework/spring-jdbc/5.1.3.RELEASE/spring-jdbc-5.1.3.RELEASE.jar:/home/user/.m2/repository/org/springframework/spring-beans/5.1.3.RELEASE/spring-beans-5.1.3.RELEASE.jar:/home/user/.m2/repository/org/springframework/spring-core/5.1.3.RELEASE/spring-core-5.1.3.RELEASE.jar:/home/user/.m2/repository/org/springframework/spring-jcl/5.1.3.RELEASE/spring-jcl-5.1.3.RELEASE.jar:/home/user/.m2/repository/org/springframework/spring-tx/5.1.3.RELEASE/spring-tx-5.1.3.RELEASE.jar:/home/user/.m2/repository/org/apache/hadoop/hadoop-ozone-client/0.5.0-SNAPSHOT/hadoop-ozone-client-0.5.0-SNAPSHOT.jar:/home/user/.m2/repository/commons-lang/commons-lang/2.6/commons-lang-2.6.jar:/home/user/.m2/repository/org/apache/hadoop/hadoop-ozone-ozone-manager/0.5.0-SNAPSHOT/hadoop-ozone-ozone-manager-0.5.0-SNAPSHOT-tests.jar:/home/user/.m2/repository/junit/junit/4.11/junit-4.11.jar:/home/user/.m2/repository/org/hamcrest/hamcrest-core/1.3/hamcrest-core-1.3.jar:/home/user/.m2/repository/org/openjdk/jmh/jmh-core/1.19/jmh-core-1.19.jar:/home/user/.m2/repository/net/sf/jopt-simple/jopt-simple/4.6/jopt-simple-4.6.jar:/home/user/.m2/repository/org/apache/commons/commons-math3/3.1.1/commons-math3-3.1.1.jar:/home/user/.m2/repository/org/openjdk/jmh/jmh-generator-annprocess/1.19/jmh-generator-annprocess-1.19.jar:/home/user/.m2/repository/org/mockito/mockito-all/1.8.5/mockito-all-1.8.5.jar:/home/user/.m2/repository/org/apache/hadoop/hadoop-kms/3.2.0/hadoop-kms-3.2.0.jar:/home/user/.m2/repository/org/apache/hadoop/hadoop-auth/3.2.0/hadoop-auth-3.2.0.jar:/home/user/.m2/repository/com/nimbusds/nimbus-jose-jwt/4.41.1/nimbus-jose-jwt-4.41.1.jar:/home/user/.m2/repository/com/github/stephenc/jcip/jcip-annotations/1.0-1/jcip-annotations-1.0-1.jar:/home/user/.m2/repository/net/minidev/json-smart/2.3/json-smart-2.3.jar:/home/user/.m2/repository/net/minidev/accessors-smart/1.2/accessors-smart-1.2.jar:/home/user/.m2/repository/org/ow2/asm/asm/5.0.4/asm-5.0.4.jar:/home/user/.m2/repository/org/apache/curator/curator-framework/2.12.0/curator-framework-2.12.0.jar:/home/user/.m2/repository/com/sun/jersey/jersey-core/1.19/jersey-core-1.19.jar:/home/user/.m2/repository/javax/ws/rs/jsr311-api/1.1.1/jsr311-api-1.1.1.jar:/home/user/.m2/repository/com/sun/jersey/jersey-server/1.19/jersey-server-1.19.jar:/home/user/.m2/repository/javax/servlet/javax.servlet-api/3.1.0/javax.servlet-api-3.1.0.jar:/home/user/.m2/repository/org/eclipse/jetty/jetty-server/9.3.25.v20180904/jetty-server-9.3.25.v20180904.jar:/home/user/.m2/repository/org/eclipse/jetty/jetty-http/9.3.25.v20180904/jetty-http-9.3.25.v20180904.jar:/home/user/.m2/repository/org/eclipse/jetty/jetty-io/9.3.25.v20180904/jetty-io-9.3.25.v20180904.jar:/home/user/.m2/repository/org/eclipse/jetty/jetty-webapp/9.3.25.v20180904/jetty-webapp-9.3.25.v20180904.jar:/home/user/.m2/repository/org/eclipse/jetty/jetty-xml/9.3.25.v20180904/jetty-xml-9.3.25.v20180904.jar:/home/user/.m2/repository/log4j/log4j/1.2.17/log4j-1.2.17.jar:/home/user/.m2/repository/org/slf4j/slf4j-api/1.7.25/slf4j-api-1.7.25.jar:/home/user/.m2/repository/org/slf4j/jul-to-slf4j/1.7.25/jul-to-slf4j-1.7.25.jar:/home/user/.m2/repository/org/eclipse/jetty/jetty-util/9.3.25.v20180904/jetty-util-9.3.25.v20180904.jar:/home/user/.m2/repository/com/fasterxml/jackson/core/jackson-databind/2.9.9/jackson-databind-2.9.9.jar:/home/user/.m2/repository/org/apache/hadoop/hadoop-kms/3.2.0/hadoop-kms-3.2.0-tests.jar:/home/user/.m2/repository/org/apache/hadoop/hadoop-hdds-server-scm/0.5.0-SNAPSHOT/hadoop-hdds-server-scm-0.5.0-SNAPSHOT-tests.jar:/home/user/.m2/repository/org/apache/hadoop/hadoop-hdds-container-service/0.5.0-SNAPSHOT/hadoop-hdds-container-service-0.5.0-SNAPSHOT-tests.jar:/home/user/.m2/repository/org/yaml/snakeyaml/1.16/snakeyaml-1.16.jar:/home/user/.m2/repository/org/apache/hadoop/hadoop-common/3.2.0/hadoop-common-3.2.0-tests.jar:/home/user/.m2/repository/org/apache/hadoop/hadoop-annotations/3.2.0/hadoop-annotations-3.2.0.jar:/usr/lib/jvm/java-1.8.0-openjdk-1.8.0.222.b10-1.el7_7.x86_64/jre/../lib/tools.jar:/home/user/.m2/repository/commons-cli/commons-cli/1.2/commons-cli-1.2.jar:/home/user/.m2/repository/org/apache/httpcomponents/httpclient/4.5.2/httpclient-4.5.2.jar:/home/user/.m2/repository/org/apache/httpcomponents/httpcore/4.4.4/httpcore-4.4.4.jar:/home/user/.m2/repository/commons-codec/commons-codec/1.11/commons-codec-1.11.jar:/home/user/.m2/repository/commons-net/commons-net/3.6/commons-net-3.6.jar:/home/user/.m2/repository/commons-collections/commons-collections/3.2.2/commons-collections-3.2.2.jar:/home/user/.m2/repository/org/eclipse/jetty/jetty-servlet/9.3.25.v20180904/jetty-servlet-9.3.25.v20180904.jar:/home/user/.m2/repository/org/eclipse/jetty/jetty-security/9.3.25.v20180904/jetty-security-9.3.25.v20180904.jar:/home/user/.m2/repository/javax/servlet/jsp/jsp-api/2.1/jsp-api-2.1.jar:/home/user/.m2/repository/com/sun/jersey/jersey-servlet/1.19/jersey-servlet-1.19.jar:/home/user/.m2/repository/com/sun/jersey/jersey-json/1.19/jersey-json-1.19.jar:/home/user/.m2/repository/org/codehaus/jettison/jettison/1.1/jettison-1.1.jar:/home/user/.m2/repository/org/codehaus/jackson/jackson-core-asl/1.9.13/jackson-core-asl-1.9.13.jar:/home/user/.m2/repository/org/codehaus/jackson/jackson-mapper-asl/1.9.13/jackson-mapper-asl-1.9.13.jar:/home/user/.m2/repository/org/codehaus/jackson/jackson-jaxrs/1.9.13/jackson-jaxrs-1.9.13.jar:/home/user/.m2/repository/org/codehaus/jackson/jackson-xc/1.9.13/jackson-xc-1.9.13.jar:/home/user/.m2/repository/commons-logging/commons-logging/1.1.3/commons-logging-1.1.3.jar:/home/user/.m2/repository/commons-beanutils/commons-beanutils/1.9.4/commons-beanutils-1.9.4.jar:/home/user/.m2/repository/org/apache/commons/commons-configuration2/2.1.1/commons-configuration2-2.1.1.jar:/home/user/.m2/repository/org/apache/commons/commons-lang3/3.7/commons-lang3-3.7.jar:/home/user/.m2/repository/org/apache/commons/commons-text/1.4/commons-text-1.4.jar:/home/user/.m2/repository/org/apache/avro/avro/1.7.7/avro-1.7.7.jar:/home/user/.m2/repository/com/thoughtworks/paranamer/paranamer/2.3/paranamer-2.3.jar:/home/user/.m2/repository/org/xerial/snappy/snappy-java/1.0.5/snappy-java-1.0.5.jar:/home/user/.m2/repository/com/google/re2j/re2j/1.1/re2j-1.1.jar:/home/user/.m2/repository/com/google/code/gson/gson/2.2.4/gson-2.2.4.jar:/home/user/.m2/repository/com/jcraft/jsch/0.1.54/jsch-0.1.54.jar:/home/user/.m2/repository/org/apache/curator/curator-client/2.12.0/curator-client-2.12.0.jar:/home/user/.m2/repository/org/apache/curator/curator-recipes/2.12.0/curator-recipes-2.12.0.jar:/home/user/.m2/repository/com/google/code/findbugs/jsr305/3.0.0/jsr305-3.0.0.jar:/home/user/.m2/repository/org/apache/htrace/htrace-core4/4.1.0-incubating/htrace-core4-4.1.0-incubating.jar:/home/user/.m2/repository/org/apache/zookeeper/zookeeper/3.4.13/zookeeper-3.4.13.jar:/home/user/.m2/repository/jline/jline/0.9.94/jline-0.9.94.jar:/home/user/.m2/repository/org/apache/yetus/audience-annotations/0.5.0/audience-annotations-0.5.0.jar:/home/user/.m2/repository/org/codehaus/woodstox/stax2-api/3.1.4/stax2-api-3.1.4.jar:/home/user/.m2/repository/com/fasterxml/woodstox/woodstox-core/5.0.3/woodstox-core-5.0.3.jar:/home/user/.m2/repository/dnsjava/dnsjava/2.1.7/dnsjava-2.1.7.jar:/home/user/.m2/repository/org/apache/hadoop/hadoop-hdfs/3.2.0/hadoop-hdfs-3.2.0-tests.jar:/home/user/.m2/repository/org/eclipse/jetty/jetty-util-ajax/9.3.25.v20180904/jetty-util-ajax-9.3.25.v20180904.jar:/home/user/.m2/repository/commons-daemon/commons-daemon/1.0.13/commons-daemon-1.0.13.jar:/home/user/.m2/repository/io/netty/netty/3.10.5.Final/netty-3.10.5.Final.jar:/home/user/.m2/repository/io/netty/netty-all/4.0.52.Final/netty-all-4.0.52.Final.jar:/home/user/.m2/repository/org/fusesource/leveldbjni/leveldbjni-all/1.8/leveldbjni-all-1.8.jar:"/>
    <property name="java.vm.vendor" value="Oracle Corporation"/>
    <property name="sun.arch.data.model" value="64"/>
    <property name="test.build.dir" value="/workdir/hadoop-ozone/integration-test/target/test-dir"/>
    <property name="test.cache.data" value=""/>
    <property name="java.vendor.url" value="http://java.oracle.com/"/>
    <property name="user.timezone" value=""/>
    <property name="java.vm.specification.version" value="1.8"/>
    <property name="os.name" value="Linux"/>
    <property name="test.build.data" value="/workdir/hadoop-ozone/integration-test/target/test-dir"/>
    <property name="user.country" value="US"/>
    <property name="sun.java.launcher" value="SUN_STANDARD"/>
    <property name="sun.boot.library.path" value="/usr/lib/jvm/java-1.8.0-openjdk-1.8.0.222.b10-1.el7_7.x86_64/jre/lib/amd64"/>
    <property name="sun.java.command" value="/workdir/hadoop-ozone/integration-test/target/surefire/surefirebooter4126467624927526956.jar /workdir/hadoop-ozone/integration-test/target/surefire 2019-10-18T13-07-13_631-jvmRun1 surefire3584338668136920282tmp surefire_267280976542166889090tmp"/>
    <property name="surefire.test.class.path" value="/workdir/hadoop-ozone/integration-test/target/test-classes:/workdir/hadoop-ozone/integration-test/target/classes:/home/user/.m2/repository/org/apache/hadoop/hadoop-ozone-common/0.5.0-SNAPSHOT/hadoop-ozone-common-0.5.0-SNAPSHOT.jar:/home/user/.m2/repository/org/apache/commons/commons-compress/1.4.1/commons-compress-1.4.1.jar:/home/user/.m2/repository/org/tukaani/xz/1.0/xz-1.0.jar:/home/user/.m2/repository/org/apache/hadoop/hadoop-common/3.2.0/hadoop-common-3.2.0.jar:/home/user/.m2/repository/org/apache/hadoop/hadoop-hdfs/3.2.0/hadoop-hdfs-3.2.0.jar:/home/user/.m2/repository/org/apache/hadoop/hadoop-hdfs-client/3.2.0/hadoop-hdfs-client-3.2.0.jar:/home/user/.m2/repository/com/fasterxml/jackson/core/jackson-annotations/2.9.9/jackson-annotations-2.9.9.jar:/home/user/.m2/repository/org/apache/hadoop/hadoop-hdds-common/0.5.0-SNAPSHOT/hadoop-hdds-common-0.5.0-SNAPSHOT.jar:/home/user/.m2/repository/javax/annotation/javax.annotation-api/1.2/javax.annotation-api-1.2.jar:/home/user/.m2/repository/org/apache/ratis/ratis-server/0.5.0-3f446aa-SNAPSHOT/ratis-server-0.5.0-3f446aa-SNAPSHOT.jar:/home/user/.m2/repository/org/apache/ratis/ratis-thirdparty-misc/0.2.0/ratis-thirdparty-misc-0.2.0.jar:/home/user/.m2/repository/org/apache/ratis/ratis-proto/0.5.0-3f446aa-SNAPSHOT/ratis-proto-0.5.0-3f446aa-SNAPSHOT.jar:/home/user/.m2/repository/org/apache/ratis/ratis-common/0.5.0-3f446aa-SNAPSHOT/ratis-common-0.5.0-3f446aa-SNAPSHOT.jar:/home/user/.m2/repository/org/apache/ratis/ratis-client/0.5.0-3f446aa-SNAPSHOT/ratis-client-0.5.0-3f446aa-SNAPSHOT.jar:/home/user/.m2/repository/org/apache/ratis/ratis-metrics/0.5.0-3f446aa-SNAPSHOT/ratis-metrics-0.5.0-3f446aa-SNAPSHOT.jar:/home/user/.m2/repository/com/github/joshelser/dropwizard-metrics-hadoop-metrics2-reporter/0.1.2/dropwizard-metrics-hadoop-metrics2-reporter-0.1.2.jar:/home/user/.m2/repository/io/dropwizard/metrics/metrics-jvm/3.2.5/metrics-jvm-3.2.5.jar:/home/user/.m2/repository/io/dropwizard/metrics/metrics-ganglia/3.2.5/metrics-ganglia-3.2.5.jar:/home/user/.m2/repository/info/ganglia/gmetric4j/gmetric4j/1.0.7/gmetric4j-1.0.7.jar:/home/user/.m2/repository/org/apache/ratis/ratis-netty/0.5.0-3f446aa-SNAPSHOT/ratis-netty-0.5.0-3f446aa-SNAPSHOT.jar:/home/user/.m2/repository/org/apache/ratis/ratis-grpc/0.5.0-3f446aa-SNAPSHOT/ratis-grpc-0.5.0-3f446aa-SNAPSHOT.jar:/home/user/.m2/repository/org/rocksdb/rocksdbjni/6.0.1/rocksdbjni-6.0.1.jar:/home/user/.m2/repository/org/apache/logging/log4j/log4j-api/2.11.0/log4j-api-2.11.0.jar:/home/user/.m2/repository/org/apache/logging/log4j/log4j-core/2.11.0/log4j-core-2.11.0.jar:/home/user/.m2/repository/com/lmax/disruptor/3.4.2/disruptor-3.4.2.jar:/home/user/.m2/repository/org/apache/commons/commons-pool2/2.6.0/commons-pool2-2.6.0.jar:/home/user/.m2/repository/org/bouncycastle/bcpkix-jdk15on/1.60/bcpkix-jdk15on-1.60.jar:/home/user/.m2/repository/commons-validator/commons-validator/1.6/commons-validator-1.6.jar:/home/user/.m2/repository/commons-digester/commons-digester/1.8.1/commons-digester-1.8.1.jar:/home/user/.m2/repository/io/jaegertracing/jaeger-client/0.34.0/jaeger-client-0.34.0.jar:/home/user/.m2/repository/io/jaegertracing/jaeger-thrift/0.34.0/jaeger-thrift-0.34.0.jar:/home/user/.m2/repository/org/apache/thrift/libthrift/0.12.0/libthrift-0.12.0.jar:/home/user/.m2/repository/com/squareup/okhttp3/okhttp/3.9.0/okhttp-3.9.0.jar:/home/user/.m2/repository/com/squareup/okio/okio/1.13.0/okio-1.13.0.jar:/home/user/.m2/repository/io/jaegertracing/jaeger-core/0.34.0/jaeger-core-0.34.0.jar:/home/user/.m2/repository/io/jaegertracing/jaeger-tracerresolver/0.34.0/jaeger-tracerresolver-0.34.0.jar:/home/user/.m2/repository/io/opentracing/contrib/opentracing-tracerresolver/0.1.5/opentracing-tracerresolver-0.1.5.jar:/home/user/.m2/repository/io/opentracing/opentracing-util/0.31.0/opentracing-util-0.31.0.jar:/home/user/.m2/repository/io/opentracing/opentracing-api/0.31.0/opentracing-api-0.31.0.jar:/home/user/.m2/repository/io/opentracing/opentracing-noop/0.31.0/opentracing-noop-0.31.0.jar:/home/user/.m2/repository/org/apache/hadoop/hadoop-hdds-server-framework/0.5.0-SNAPSHOT/hadoop-hdds-server-framework-0.5.0-SNAPSHOT.jar:/home/user/.m2/repository/org/apache/hadoop/hadoop-hdds-container-service/0.5.0-SNAPSHOT/hadoop-hdds-container-service-0.5.0-SNAPSHOT.jar:/home/user/.m2/repository/org/apache/hadoop/hadoop-hdds-client/0.5.0-SNAPSHOT/hadoop-hdds-client-0.5.0-SNAPSHOT.jar:/home/user/.m2/repository/org/apache/hadoop/hadoop-hdds-tools/0.5.0-SNAPSHOT/hadoop-hdds-tools-0.5.0-SNAPSHOT.jar:/home/user/.m2/repository/org/apache/hadoop/hadoop-hdds-server-scm/0.5.0-SNAPSHOT/hadoop-hdds-server-scm-0.5.0-SNAPSHOT.jar:/home/user/.m2/repository/org/apache/hadoop/hadoop-hdds-docs/0.5.0-SNAPSHOT/hadoop-hdds-docs-0.5.0-SNAPSHOT.jar:/home/user/.m2/repository/io/dropwizard/metrics/metrics-core/3.2.4/metrics-core-3.2.4.jar:/home/user/.m2/repository/org/hamcrest/hamcrest-all/1.3/hamcrest-all-1.3.jar:/home/user/.m2/repository/org/bouncycastle/bcprov-jdk15on/1.60/bcprov-jdk15on-1.60.jar:/home/user/.m2/repository/info/picocli/picocli/3.9.6/picocli-3.9.6.jar:/home/user/.m2/repository/com/google/protobuf/protobuf-java/2.5.0/protobuf-java-2.5.0.jar:/home/user/.m2/repository/com/google/guava/guava/11.0.2/guava-11.0.2.jar:/home/user/.m2/repository/org/apache/hadoop/hadoop-ozone-ozone-manager/0.5.0-SNAPSHOT/hadoop-ozone-ozone-manager-0.5.0-SNAPSHOT.jar:/home/user/.m2/repository/org/apache/hadoop/hadoop-minikdc/3.2.0/hadoop-minikdc-3.2.0.jar:/home/user/.m2/repository/commons-io/commons-io/2.5/commons-io-2.5.jar:/home/user/.m2/repository/org/apache/kerby/kerb-simplekdc/1.0.1/kerb-simplekdc-1.0.1.jar:/home/user/.m2/repository/org/apache/kerby/kerb-client/1.0.1/kerb-client-1.0.1.jar:/home/user/.m2/repository/org/apache/kerby/kerby-config/1.0.1/kerby-config-1.0.1.jar:/home/user/.m2/repository/org/apache/kerby/kerb-core/1.0.1/kerb-core-1.0.1.jar:/home/user/.m2/repository/org/apache/kerby/kerby-pkix/1.0.1/kerby-pkix-1.0.1.jar:/home/user/.m2/repository/org/apache/kerby/kerby-asn1/1.0.1/kerby-asn1-1.0.1.jar:/home/user/.m2/repository/org/apache/kerby/kerby-util/1.0.1/kerby-util-1.0.1.jar:/home/user/.m2/repository/org/apache/kerby/kerb-common/1.0.1/kerb-common-1.0.1.jar:/home/user/.m2/repository/org/apache/kerby/kerb-crypto/1.0.1/kerb-crypto-1.0.1.jar:/home/user/.m2/repository/org/apache/kerby/kerb-util/1.0.1/kerb-util-1.0.1.jar:/home/user/.m2/repository/org/apache/kerby/token-provider/1.0.1/token-provider-1.0.1.jar:/home/user/.m2/repository/org/apache/kerby/kerb-admin/1.0.1/kerb-admin-1.0.1.jar:/home/user/.m2/repository/org/apache/kerby/kerb-server/1.0.1/kerb-server-1.0.1.jar:/home/user/.m2/repository/org/apache/kerby/kerb-identity/1.0.1/kerb-identity-1.0.1.jar:/home/user/.m2/repository/org/apache/kerby/kerby-xdr/1.0.1/kerby-xdr-1.0.1.jar:/home/user/.m2/repository/org/slf4j/slf4j-log4j12/1.7.25/slf4j-log4j12-1.7.25.jar:/home/user/.m2/repository/org/apache/hadoop/hadoop-ozone-s3gateway/0.5.0-SNAPSHOT/hadoop-ozone-s3gateway-0.5.0-SNAPSHOT.jar:/home/user/.m2/repository/org/jboss/weld/servlet/weld-servlet/2.4.7.Final/weld-servlet-2.4.7.Final.jar:/home/user/.m2/repository/org/glassfish/jersey/containers/jersey-container-servlet-core/2.27/jersey-container-servlet-core-2.27.jar:/home/user/.m2/repository/org/glassfish/hk2/external/javax.inject/2.5.0-b42/javax.inject-2.5.0-b42.jar:/home/user/.m2/repository/org/glassfish/jersey/core/jersey-common/2.27/jersey-common-2.27.jar:/home/user/.m2/repository/org/glassfish/hk2/osgi-resource-locator/1.0.1/osgi-resource-locator-1.0.1.jar:/home/user/.m2/repository/javax/ws/rs/javax.ws.rs-api/2.1/javax.ws.rs-api-2.1.jar:/home/user/.m2/repository/org/glassfish/jersey/ext/cdi/jersey-cdi1x/2.27/jersey-cdi1x-2.27.jar:/home/user/.m2/repository/org/glassfish/jersey/inject/jersey-hk2/2.27/jersey-hk2-2.27.jar:/home/user/.m2/repository/org/glassfish/hk2/hk2-locator/2.5.0-b42/hk2-locator-2.5.0-b42.jar:/home/user/.m2/repository/org/javassist/javassist/3.22.0-CR2/javassist-3.22.0-CR2.jar:/home/user/.m2/repository/org/glassfish/hk2/hk2-api/2.5.0/hk2-api-2.5.0.jar:/home/user/.m2/repository/org/glassfish/hk2/external/jakarta.inject/2.5.0/jakarta.inject-2.5.0.jar:/home/user/.m2/repository/org/glassfish/hk2/hk2-utils/2.5.0/hk2-utils-2.5.0.jar:/home/user/.m2/repository/jakarta/annotation/jakarta.annotation-api/1.3.4/jakarta.annotation-api-1.3.4.jar:/home/user/.m2/repository/org/glassfish/hk2/external/aopalliance-repackaged/2.5.0/aopalliance-repackaged-2.5.0.jar:/home/user/.m2/repository/com/fasterxml/jackson/dataformat/jackson-dataformat-xml/2.9.0/jackson-dataformat-xml-2.9.0.jar:/home/user/.m2/repository/com/fasterxml/jackson/core/jackson-core/2.9.9/jackson-core-2.9.9.jar:/home/user/.m2/repository/com/fasterxml/jackson/module/jackson-module-jaxb-annotations/2.9.9/jackson-module-jaxb-annotations-2.9.9.jar:/home/user/.m2/repository/javax/enterprise/cdi-api/1.2/cdi-api-1.2.jar:/home/user/.m2/repository/javax/el/javax.el-api/3.0.0/javax.el-api-3.0.0.jar:/home/user/.m2/repository/javax/interceptor/javax.interceptor-api/1.2/javax.interceptor-api-1.2.jar:/home/user/.m2/repository/javax/inject/javax.inject/1/javax.inject-1.jar:/home/user/.m2/repository/com/sun/xml/bind/jaxb-impl/2.3.0.1/jaxb-impl-2.3.0.1.jar:/home/user/.m2/repository/com/sun/xml/bind/jaxb-core/2.3.0.1/jaxb-core-2.3.0.1.jar:/home/user/.m2/repository/javax/xml/bind/jaxb-api/2.3.0/jaxb-api-2.3.0.jar:/home/user/.m2/repository/javax/activation/activation/1.1.1/activation-1.1.1.jar:/home/user/.m2/repository/org/apache/hadoop/hadoop-ozone-csi/0.5.0-SNAPSHOT/hadoop-ozone-csi-0.5.0-SNAPSHOT.jar:/home/user/.m2/repository/com/google/protobuf/protobuf-java-util/3.5.1/protobuf-java-util-3.5.1.jar:/home/user/.m2/repository/org/apache/hadoop/hadoop-hdds-config/0.5.0-SNAPSHOT/hadoop-hdds-config-0.5.0-SNAPSHOT.jar:/home/user/.m2/repository/io/grpc/grpc-netty/1.17.1/grpc-netty-1.17.1.jar:/home/user/.m2/repository/io/grpc/grpc-core/1.17.1/grpc-core-1.17.1.jar:/home/user/.m2/repository/io/grpc/grpc-context/1.17.1/grpc-context-1.17.1.jar:/home/user/.m2/repository/com/google/errorprone/error_prone_annotations/2.2.0/error_prone_annotations-2.2.0.jar:/home/user/.m2/repository/org/codehaus/mojo/animal-sniffer-annotations/1.17/animal-sniffer-annotations-1.17.jar:/home/user/.m2/repository/io/opencensus/opencensus-api/0.17.0/opencensus-api-0.17.0.jar:/home/user/.m2/repository/io/opencensus/opencensus-contrib-grpc-metrics/0.17.0/opencensus-contrib-grpc-metrics-0.17.0.jar:/home/user/.m2/repository/io/netty/netty-codec-http2/4.1.30.Final/netty-codec-http2-4.1.30.Final.jar:/home/user/.m2/repository/io/netty/netty-codec-http/4.1.30.Final/netty-codec-http-4.1.30.Final.jar:/home/user/.m2/repository/io/netty/netty-codec/4.1.30.Final/netty-codec-4.1.30.Final.jar:/home/user/.m2/repository/io/netty/netty-handler/4.1.30.Final/netty-handler-4.1.30.Final.jar:/home/user/.m2/repository/io/netty/netty-handler-proxy/4.1.30.Final/netty-handler-proxy-4.1.30.Final.jar:/home/user/.m2/repository/io/netty/netty-codec-socks/4.1.30.Final/netty-codec-socks-4.1.30.Final.jar:/home/user/.m2/repository/io/netty/netty-transport-native-epoll/4.1.30.Final/netty-transport-native-epoll-4.1.30.Final.jar:/home/user/.m2/repository/io/netty/netty-common/4.1.30.Final/netty-common-4.1.30.Final.jar:/home/user/.m2/repository/io/netty/netty-buffer/4.1.30.Final/netty-buffer-4.1.30.Final.jar:/home/user/.m2/repository/io/netty/netty-transport/4.1.30.Final/netty-transport-4.1.30.Final.jar:/home/user/.m2/repository/io/netty/netty-resolver/4.1.30.Final/netty-resolver-4.1.30.Final.jar:/home/user/.m2/repository/io/netty/netty-transport-native-unix-common/4.1.30.Final/netty-transport-native-unix-common-4.1.30.Final.jar:/home/user/.m2/repository/io/grpc/grpc-protobuf/1.17.1/grpc-protobuf-1.17.1.jar:/home/user/.m2/repository/com/google/api/grpc/proto-google-common-protos/1.0.0/proto-google-common-protos-1.0.0.jar:/home/user/.m2/repository/io/grpc/grpc-protobuf-lite/1.17.1/grpc-protobuf-lite-1.17.1.jar:/home/user/.m2/repository/io/grpc/grpc-stub/1.17.1/grpc-stub-1.17.1.jar:/home/user/.m2/repository/org/apache/hadoop/hadoop-ozone-recon/0.5.0-SNAPSHOT/hadoop-ozone-recon-0.5.0-SNAPSHOT.jar:/home/user/.m2/repository/org/apache/hadoop/hadoop-ozone-reconcodegen/0.5.0-SNAPSHOT/hadoop-ozone-reconcodegen-0.5.0-SNAPSHOT.jar:/home/user/.m2/repository/com/google/inject/extensions/guice-multibindings/4.0/guice-multibindings-4.0.jar:/home/user/.m2/repository/com/google/inject/guice/4.0/guice-4.0.jar:/home/user/.m2/repository/aopalliance/aopalliance/1.0/aopalliance-1.0.jar:/home/user/.m2/repository/com/google/inject/extensions/guice-servlet/4.0/guice-servlet-4.0.jar:/home/user/.m2/repository/org/glassfish/jersey/containers/jersey-container-servlet/2.27/jersey-container-servlet-2.27.jar:/home/user/.m2/repository/org/glassfish/hk2/guice-bridge/2.5.0/guice-bridge-2.5.0.jar:/home/user/.m2/repository/org/glassfish/jersey/core/jersey-server/2.27/jersey-server-2.27.jar:/home/user/.m2/repository/org/glassfish/jersey/core/jersey-client/2.27/jersey-client-2.27.jar:/home/user/.m2/repository/org/glassfish/jersey/media/jersey-media-jaxb/2.27/jersey-media-jaxb-2.27.jar:/home/user/.m2/repository/javax/validation/validation-api/1.1.0.Final/validation-api-1.1.0.Final.jar:/home/user/.m2/repository/org/glassfish/jersey/media/jersey-media-json-jackson/2.27/jersey-media-json-jackson-2.27.jar:/home/user/.m2/repository/org/glassfish/jersey/ext/jersey-entity-filtering/2.27/jersey-entity-filtering-2.27.jar:/home/user/.m2/repository/com/google/inject/extensions/guice-assistedinject/4.0/guice-assistedinject-4.0.jar:/home/user/.m2/repository/org/jooq/jooq/3.11.10/jooq-3.11.10.jar:/home/user/.m2/repository/org/jooq/jooq-meta/3.11.10/jooq-meta-3.11.10.jar:/home/user/.m2/repository/org/jooq/jooq-codegen/3.11.10/jooq-codegen-3.11.10.jar:/home/user/.m2/repository/com/jolbox/bonecp/0.8.0.RELEASE/bonecp-0.8.0.RELEASE.jar:/home/user/.m2/repository/org/xerial/sqlite-jdbc/3.25.2/sqlite-jdbc-3.25.2.jar:/home/user/.m2/repository/org/springframework/spring-jdbc/5.1.3.RELEASE/spring-jdbc-5.1.3.RELEASE.jar:/home/user/.m2/repository/org/springframework/spring-beans/5.1.3.RELEASE/spring-beans-5.1.3.RELEASE.jar:/home/user/.m2/repository/org/springframework/spring-core/5.1.3.RELEASE/spring-core-5.1.3.RELEASE.jar:/home/user/.m2/repository/org/springframework/spring-jcl/5.1.3.RELEASE/spring-jcl-5.1.3.RELEASE.jar:/home/user/.m2/repository/org/springframework/spring-tx/5.1.3.RELEASE/spring-tx-5.1.3.RELEASE.jar:/home/user/.m2/repository/org/apache/hadoop/hadoop-ozone-client/0.5.0-SNAPSHOT/hadoop-ozone-client-0.5.0-SNAPSHOT.jar:/home/user/.m2/repository/commons-lang/commons-lang/2.6/commons-lang-2.6.jar:/home/user/.m2/repository/org/apache/hadoop/hadoop-ozone-ozone-manager/0.5.0-SNAPSHOT/hadoop-ozone-ozone-manager-0.5.0-SNAPSHOT-tests.jar:/home/user/.m2/repository/junit/junit/4.11/junit-4.11.jar:/home/user/.m2/repository/org/hamcrest/hamcrest-core/1.3/hamcrest-core-1.3.jar:/home/user/.m2/repository/org/openjdk/jmh/jmh-core/1.19/jmh-core-1.19.jar:/home/user/.m2/repository/net/sf/jopt-simple/jopt-simple/4.6/jopt-simple-4.6.jar:/home/user/.m2/repository/org/apache/commons/commons-math3/3.1.1/commons-math3-3.1.1.jar:/home/user/.m2/repository/org/openjdk/jmh/jmh-generator-annprocess/1.19/jmh-generator-annprocess-1.19.jar:/home/user/.m2/repository/org/mockito/mockito-all/1.8.5/mockito-all-1.8.5.jar:/home/user/.m2/repository/org/apache/hadoop/hadoop-kms/3.2.0/hadoop-kms-3.2.0.jar:/home/user/.m2/repository/org/apache/hadoop/hadoop-auth/3.2.0/hadoop-auth-3.2.0.jar:/home/user/.m2/repository/com/nimbusds/nimbus-jose-jwt/4.41.1/nimbus-jose-jwt-4.41.1.jar:/home/user/.m2/repository/com/github/stephenc/jcip/jcip-annotations/1.0-1/jcip-annotations-1.0-1.jar:/home/user/.m2/repository/net/minidev/json-smart/2.3/json-smart-2.3.jar:/home/user/.m2/repository/net/minidev/accessors-smart/1.2/accessors-smart-1.2.jar:/home/user/.m2/repository/org/ow2/asm/asm/5.0.4/asm-5.0.4.jar:/home/user/.m2/repository/org/apache/curator/curator-framework/2.12.0/curator-framework-2.12.0.jar:/home/user/.m2/repository/com/sun/jersey/jersey-core/1.19/jersey-core-1.19.jar:/home/user/.m2/repository/javax/ws/rs/jsr311-api/1.1.1/jsr311-api-1.1.1.jar:/home/user/.m2/repository/com/sun/jersey/jersey-server/1.19/jersey-server-1.19.jar:/home/user/.m2/repository/javax/servlet/javax.servlet-api/3.1.0/javax.servlet-api-3.1.0.jar:/home/user/.m2/repository/org/eclipse/jetty/jetty-server/9.3.25.v20180904/jetty-server-9.3.25.v20180904.jar:/home/user/.m2/repository/org/eclipse/jetty/jetty-http/9.3.25.v20180904/jetty-http-9.3.25.v20180904.jar:/home/user/.m2/repository/org/eclipse/jetty/jetty-io/9.3.25.v20180904/jetty-io-9.3.25.v20180904.jar:/home/user/.m2/repository/org/eclipse/jetty/jetty-webapp/9.3.25.v20180904/jetty-webapp-9.3.25.v20180904.jar:/home/user/.m2/repository/org/eclipse/jetty/jetty-xml/9.3.25.v20180904/jetty-xml-9.3.25.v20180904.jar:/home/user/.m2/repository/log4j/log4j/1.2.17/log4j-1.2.17.jar:/home/user/.m2/repository/org/slf4j/slf4j-api/1.7.25/slf4j-api-1.7.25.jar:/home/user/.m2/repository/org/slf4j/jul-to-slf4j/1.7.25/jul-to-slf4j-1.7.25.jar:/home/user/.m2/repository/org/eclipse/jetty/jetty-util/9.3.25.v20180904/jetty-util-9.3.25.v20180904.jar:/home/user/.m2/repository/com/fasterxml/jackson/core/jackson-databind/2.9.9/jackson-databind-2.9.9.jar:/home/user/.m2/repository/org/apache/hadoop/hadoop-kms/3.2.0/hadoop-kms-3.2.0-tests.jar:/home/user/.m2/repository/org/apache/hadoop/hadoop-hdds-server-scm/0.5.0-SNAPSHOT/hadoop-hdds-server-scm-0.5.0-SNAPSHOT-tests.jar:/home/user/.m2/repository/org/apache/hadoop/hadoop-hdds-container-service/0.5.0-SNAPSHOT/hadoop-hdds-container-service-0.5.0-SNAPSHOT-tests.jar:/home/user/.m2/repository/org/yaml/snakeyaml/1.16/snakeyaml-1.16.jar:/home/user/.m2/repository/org/apache/hadoop/hadoop-common/3.2.0/hadoop-common-3.2.0-tests.jar:/home/user/.m2/repository/org/apache/hadoop/hadoop-annotations/3.2.0/hadoop-annotations-3.2.0.jar:/usr/lib/jvm/java-1.8.0-openjdk-1.8.0.222.b10-1.el7_7.x86_64/jre/../lib/tools.jar:/home/user/.m2/repository/commons-cli/commons-cli/1.2/commons-cli-1.2.jar:/home/user/.m2/repository/org/apache/httpcomponents/httpclient/4.5.2/httpclient-4.5.2.jar:/home/user/.m2/repository/org/apache/httpcomponents/httpcore/4.4.4/httpcore-4.4.4.jar:/home/user/.m2/repository/commons-codec/commons-codec/1.11/commons-codec-1.11.jar:/home/user/.m2/repository/commons-net/commons-net/3.6/commons-net-3.6.jar:/home/user/.m2/repository/commons-collections/commons-collections/3.2.2/commons-collections-3.2.2.jar:/home/user/.m2/repository/org/eclipse/jetty/jetty-servlet/9.3.25.v20180904/jetty-servlet-9.3.25.v20180904.jar:/home/user/.m2/repository/org/eclipse/jetty/jetty-security/9.3.25.v20180904/jetty-security-9.3.25.v20180904.jar:/home/user/.m2/repository/javax/servlet/jsp/jsp-api/2.1/jsp-api-2.1.jar:/home/user/.m2/repository/com/sun/jersey/jersey-servlet/1.19/jersey-servlet-1.19.jar:/home/user/.m2/repository/com/sun/jersey/jersey-json/1.19/jersey-json-1.19.jar:/home/user/.m2/repository/org/codehaus/jettison/jettison/1.1/jettison-1.1.jar:/home/user/.m2/repository/org/codehaus/jackson/jackson-core-asl/1.9.13/jackson-core-asl-1.9.13.jar:/home/user/.m2/repository/org/codehaus/jackson/jackson-mapper-asl/1.9.13/jackson-mapper-asl-1.9.13.jar:/home/user/.m2/repository/org/codehaus/jackson/jackson-jaxrs/1.9.13/jackson-jaxrs-1.9.13.jar:/home/user/.m2/repository/org/codehaus/jackson/jackson-xc/1.9.13/jackson-xc-1.9.13.jar:/home/user/.m2/repository/commons-logging/commons-logging/1.1.3/commons-logging-1.1.3.jar:/home/user/.m2/repository/commons-beanutils/commons-beanutils/1.9.4/commons-beanutils-1.9.4.jar:/home/user/.m2/repository/org/apache/commons/commons-configuration2/2.1.1/commons-configuration2-2.1.1.jar:/home/user/.m2/repository/org/apache/commons/commons-lang3/3.7/commons-lang3-3.7.jar:/home/user/.m2/repository/org/apache/commons/commons-text/1.4/commons-text-1.4.jar:/home/user/.m2/repository/org/apache/avro/avro/1.7.7/avro-1.7.7.jar:/home/user/.m2/repository/com/thoughtworks/paranamer/paranamer/2.3/paranamer-2.3.jar:/home/user/.m2/repository/org/xerial/snappy/snappy-java/1.0.5/snappy-java-1.0.5.jar:/home/user/.m2/repository/com/google/re2j/re2j/1.1/re2j-1.1.jar:/home/user/.m2/repository/com/google/code/gson/gson/2.2.4/gson-2.2.4.jar:/home/user/.m2/repository/com/jcraft/jsch/0.1.54/jsch-0.1.54.jar:/home/user/.m2/repository/org/apache/curator/curator-client/2.12.0/curator-client-2.12.0.jar:/home/user/.m2/repository/org/apache/curator/curator-recipes/2.12.0/curator-recipes-2.12.0.jar:/home/user/.m2/repository/com/google/code/findbugs/jsr305/3.0.0/jsr305-3.0.0.jar:/home/user/.m2/repository/org/apache/htrace/htrace-core4/4.1.0-incubating/htrace-core4-4.1.0-incubating.jar:/home/user/.m2/repository/org/apache/zookeeper/zookeeper/3.4.13/zookeeper-3.4.13.jar:/home/user/.m2/repository/jline/jline/0.9.94/jline-0.9.94.jar:/home/user/.m2/repository/org/apache/yetus/audience-annotations/0.5.0/audience-annotations-0.5.0.jar:/home/user/.m2/repository/org/codehaus/woodstox/stax2-api/3.1.4/stax2-api-3.1.4.jar:/home/user/.m2/repository/com/fasterxml/woodstox/woodstox-core/5.0.3/woodstox-core-5.0.3.jar:/home/user/.m2/repository/dnsjava/dnsjava/2.1.7/dnsjava-2.1.7.jar:/home/user/.m2/repository/org/apache/hadoop/hadoop-hdfs/3.2.0/hadoop-hdfs-3.2.0-tests.jar:/home/user/.m2/repository/org/eclipse/jetty/jetty-util-ajax/9.3.25.v20180904/jetty-util-ajax-9.3.25.v20180904.jar:/home/user/.m2/repository/commons-daemon/commons-daemon/1.0.13/commons-daemon-1.0.13.jar:/home/user/.m2/repository/io/netty/netty/3.10.5.Final/netty-3.10.5.Final.jar:/home/user/.m2/repository/io/netty/netty-all/4.0.52.Final/netty-all-4.0.52.Final.jar:/home/user/.m2/repository/org/fusesource/leveldbjni/leveldbjni-all/1.8/leveldbjni-all-1.8.jar:"/>
    <property name="sun.cpu.endian" value="little"/>
    <property name="user.home" value="/home/user"/>
    <property name="user.language" value="en"/>
    <property name="java.specification.vendor" value="Oracle Corporation"/>
    <property name="java.home" value="/usr/lib/jvm/java-1.8.0-openjdk-1.8.0.222.b10-1.el7_7.x86_64/jre"/>
    <property name="surefire.excludesFile" value="/tools/ozone-bad-unit-tests"/>
    <property name="java.security.krb5.conf" value="/workdir/hadoop-ozone/integration-test/target/test-classes/krb5.conf"/>
    <property name="basedir" value="/workdir/hadoop-ozone/integration-test"/>
    <property name="file.separator" value="/"/>
    <property name="line.separator" value="&#10;"/>
    <property name="java.vm.specification.vendor" value="Oracle Corporation"/>
    <property name="java.specification.name" value="Java Platform API Specification"/>
    <property name="java.awt.graphicsenv" value="sun.awt.X11GraphicsEnvironment"/>
    <property name="surefire.real.class.path" value="/workdir/hadoop-ozone/integration-test/target/surefire/surefirebooter4126467624927526956.jar"/>
    <property name="hadoop.log.dir" value="/workdir/hadoop-ozone/integration-test/target/log"/>
    <property name="sun.boot.class.path" value="/usr/lib/jvm/java-1.8.0-openjdk-1.8.0.222.b10-1.el7_7.x86_64/jre/lib/resources.jar:/usr/lib/jvm/java-1.8.0-openjdk-1.8.0.222.b10-1.el7_7.x86_64/jre/lib/rt.jar:/usr/lib/jvm/java-1.8.0-openjdk-1.8.0.222.b10-1.el7_7.x86_64/jre/lib/sunrsasign.jar:/usr/lib/jvm/java-1.8.0-openjdk-1.8.0.222.b10-1.el7_7.x86_64/jre/lib/jsse.jar:/usr/lib/jvm/java-1.8.0-openjdk-1.8.0.222.b10-1.el7_7.x86_64/jre/lib/jce.jar:/usr/lib/jvm/java-1.8.0-openjdk-1.8.0.222.b10-1.el7_7.x86_64/jre/lib/charsets.jar:/usr/lib/jvm/java-1.8.0-openjdk-1.8.0.222.b10-1.el7_7.x86_64/jre/lib/jfr.jar:/usr/lib/jvm/java-1.8.0-openjdk-1.8.0.222.b10-1.el7_7.x86_64/jre/classes"/>
    <property name="sun.management.compiler" value="HotSpot 64-Bit Tiered Compilers"/>
    <property name="java.runtime.version" value="1.8.0_222-b10"/>
    <property name="java.net.preferIPv4Stack" value="true"/>
    <property name="user.name" value="jenkins1000"/>
    <property name="path.separator" value=":"/>
    <property name="java.security.egd" value="file:///dev/urandom"/>
    <property name="os.version" value="3.10.0-957.12.2.el7.x86_64"/>
    <property name="java.endorsed.dirs" value="/usr/lib/jvm/java-1.8.0-openjdk-1.8.0.222.b10-1.el7_7.x86_64/jre/lib/endorsed"/>
    <property name="java.runtime.name" value="OpenJDK Runtime Environment"/>
    <property name="file.encoding" value="ANSI_X3.4-1968"/>
    <property name="java.vm.name" value="OpenJDK 64-Bit Server VM"/>
    <property name="test.build.webapps" value=""/>
    <property name="localRepository" value="/home/user/.m2/repository"/>
    <property name="java.vendor.url.bug" value="http://bugreport.sun.com/bugreport/"/>
    <property name="java.io.tmpdir" value="/tmp"/>
    <property name="require.test.libhadoop" value=""/>
    <property name="java.version" value="1.8.0_222"/>
    <property name="user.dir" value="/workdir/hadoop-ozone/integration-test"/>
    <property name="os.arch" value="amd64"/>
    <property name="java.vm.specification.name" value="Java Virtual Machine Specification"/>
    <property name="test.build.classes" value="/workdir/hadoop-ozone/integration-test/target/test-classes"/>
    <property name="java.awt.printerjob" value="sun.print.PSPrinterJob"/>
    <property name="sun.os.patch.level" value="unknown"/>
    <property name="hadoop.tmp.dir" value="/workdir/hadoop-ozone/integration-test/target/tmp"/>
    <property name="java.library.path" value="/usr/lib:/workdir/hadoop-ozone/integration-test/target/native/target/usr/local/lib:/workdir/hadoop-ozone/integration-test/../../hadoop-common-project/hadoop-common/target/native/target/usr/local/lib:/usr/java/packages/lib/amd64:/usr/lib64:/lib64:/lib:/usr/lib"/>
    <property name="java.vm.info" value="mixed mode"/>
    <property name="java.vendor" value="Oracle Corporation"/>
    <property name="java.vm.version" value="25.222-b10"/>
    <property name="java.ext.dirs" value="/usr/lib/jvm/java-1.8.0-openjdk-1.8.0.222.b10-1.el7_7.x86_64/jre/lib/ext:/usr/java/packages/lib/ext"/>
    <property name="sun.io.unicode.encoding" value="UnicodeLittle"/>
    <property name="java.class.version" value="52.0"/>
  </properties>
  <testcase name="testDeleteKeyWithSlowFollower" classname="org.apache.hadoop.ozone.client.rpc.TestDeleteWithSlowFollower" time="112.072">
    <failure type="java.lang.AssertionError">java.lang.AssertionError
	at org.junit.Assert.fail(Assert.java:86)
	at org.junit.Assert.assertTrue(Assert.java:41)
	at org.junit.Assert.assertTrue(Assert.java:52)
	at org.apache.hadoop.ozone.client.rpc.TestDeleteWithSlowFollower.testDeleteKeyWithSlowFollower(TestDeleteWithSlowFollower.java:265)
	at sun.reflect.NativeMethodAccessorImpl.invoke0(Native Method)
	at sun.reflect.NativeMethodAccessorImpl.invoke(NativeMethodAccessorImpl.java:62)
	at sun.reflect.DelegatingMethodAccessorImpl.invoke(DelegatingMethodAccessorImpl.java:43)
	at java.lang.reflect.Method.invoke(Method.java:498)
	at org.junit.runners.model.FrameworkMethod$1.runReflectiveCall(FrameworkMethod.java:47)
	at org.junit.internal.runners.model.ReflectiveCallable.run(ReflectiveCallable.java:12)
	at org.junit.runners.model.FrameworkMethod.invokeExplosively(FrameworkMethod.java:44)
	at org.junit.internal.runners.statements.InvokeMethod.evaluate(InvokeMethod.java:17)
	at org.junit.runners.ParentRunner.runLeaf(ParentRunner.java:271)
	at org.junit.runners.BlockJUnit4ClassRunner.runChild(BlockJUnit4ClassRunner.java:70)
	at org.junit.runners.BlockJUnit4ClassRunner.runChild(BlockJUnit4ClassRunner.java:50)
	at org.junit.runners.ParentRunner$3.run(ParentRunner.java:238)
	at org.junit.runners.ParentRunner$1.schedule(ParentRunner.java:63)
	at org.junit.runners.ParentRunner.runChildren(ParentRunner.java:236)
	at org.junit.runners.ParentRunner.access$000(ParentRunner.java:53)
	at org.junit.runners.ParentRunner$2.evaluate(ParentRunner.java:229)
	at org.junit.internal.runners.statements.RunBefores.evaluate(RunBefores.java:26)
	at org.junit.internal.runners.statements.RunAfters.evaluate(RunAfters.java:27)
	at org.junit.runners.ParentRunner.run(ParentRunner.java:309)
	at org.apache.maven.surefire.junit4.JUnit4Provider.execute(JUnit4Provider.java:365)
	at org.apache.maven.surefire.junit4.JUnit4Provider.executeWithRerun(JUnit4Provider.java:273)
	at org.apache.maven.surefire.junit4.JUnit4Provider.executeTestSet(JUnit4Provider.java:238)
	at org.apache.maven.surefire.junit4.JUnit4Provider.invoke(JUnit4Provider.java:159)
	at org.apache.maven.surefire.booter.ForkedBooter.invokeProviderInSameClassLoader(ForkedBooter.java:384)
	at org.apache.maven.surefire.booter.ForkedBooter.runSuitesInProcess(ForkedBooter.java:345)
	at org.apache.maven.surefire.booter.ForkedBooter.execute(ForkedBooter.java:126)
	at org.apache.maven.surefire.booter.ForkedBooter.main(ForkedBooter.java:418)
</failure>
    <system-out><![CDATA[2019-10-18 13:43:52,382 [main] WARN  server.ServerUtils (ServerUtils.java:getScmDbDir(145)) - ozone.scm.db.dirs is not configured. We recommend adding this setting. Falling back to ozone.metadata.dirs instead.
2019-10-18 13:43:52,512 [main] WARN  server.ServerUtils (ServerUtils.java:getScmDbDir(145)) - ozone.scm.db.dirs is not configured. We recommend adding this setting. Falling back to ozone.metadata.dirs instead.
2019-10-18 13:43:52,515 [main] WARN  server.ServerUtils (ServerUtils.java:getScmDbDir(145)) - ozone.scm.db.dirs is not configured. We recommend adding this setting. Falling back to ozone.metadata.dirs instead.
2019-10-18 13:43:52,540 [main] INFO  util.log (Log.java:initialized(192)) - Logging initialized @852ms
2019-10-18 13:43:52,635 [main] INFO  db.DBStoreBuilder (DBStoreBuilder.java:addTable(117)) - using custom profile for table: deletedBlocks
2019-10-18 13:43:52,635 [main] INFO  db.DBStoreBuilder (DBStoreBuilder.java:processTables(168)) - Using default column profile:DBProfile.DISK for Table:deletedBlocks
2019-10-18 13:43:52,636 [main] INFO  db.DBStoreBuilder (DBStoreBuilder.java:addTable(117)) - using custom profile for table: validCerts
2019-10-18 13:43:52,636 [main] INFO  db.DBStoreBuilder (DBStoreBuilder.java:processTables(168)) - Using default column profile:DBProfile.DISK for Table:validCerts
2019-10-18 13:43:52,636 [main] INFO  db.DBStoreBuilder (DBStoreBuilder.java:addTable(117)) - using custom profile for table: revokedCerts
2019-10-18 13:43:52,636 [main] INFO  db.DBStoreBuilder (DBStoreBuilder.java:processTables(168)) - Using default column profile:DBProfile.DISK for Table:revokedCerts
2019-10-18 13:43:52,647 [main] INFO  db.DBStoreBuilder (DBStoreBuilder.java:addTable(117)) - using custom profile for table: default
2019-10-18 13:43:52,648 [main] INFO  db.DBStoreBuilder (DBStoreBuilder.java:processTables(174)) - Using default column profile:DBProfile.DISK for Table:default
2019-10-18 13:43:52,649 [main] INFO  db.DBStoreBuilder (DBStoreBuilder.java:getDbProfile(205)) - Using default options. DBProfile.DISK
2019-10-18 13:43:52,931 [main] INFO  net.NodeSchemaLoader (NodeSchemaLoader.java:loadSchemaFromFile(125)) - Loading file from sun.misc.CompoundEnumeration@74235045
2019-10-18 13:43:52,933 [main] INFO  net.NodeSchemaLoader (NodeSchemaLoader.java:loadSchema(171)) - Loading network topology layer schema file
2019-10-18 13:43:52,990 [main] WARN  server.ServerUtils (ServerUtils.java:sanitizeUserArgs(70)) - ozone.scm.stale.node.interval value = 1000000 is larger than max = 100000 based on the key value of ozone.scm.heartbeat.thread.interval, reset to the max value 100000.
2019-10-18 13:43:52,992 [main] WARN  server.ServerUtils (ServerUtils.java:sanitizeUserArgs(70)) - ozone.scm.stale.node.interval value = 1000000 is larger than max = 100000 based on the key value of ozone.scm.heartbeat.thread.interval, reset to the max value 100000.
2019-10-18 13:43:52,994 [main] INFO  node.SCMNodeManager (SCMNodeManager.java:<init>(116)) - Entering startup safe mode.
2019-10-18 13:43:53,066 [main] INFO  algorithms.ContainerPlacementPolicyFactory (ContainerPlacementPolicyFactory.java:getPolicy(57)) - Create container placement policy of type org.apache.hadoop.hdds.scm.container.placement.algorithms.SCMContainerPlacementRandom
2019-10-18 13:43:53,084 [main] WARN  server.ServerUtils (ServerUtils.java:getScmDbDir(145)) - ozone.scm.db.dirs is not configured. We recommend adding this setting. Falling back to ozone.metadata.dirs instead.
2019-10-18 13:43:53,179 [main] INFO  pipeline.SCMPipelineManager (SCMPipelineManager.java:initializePipelineState(132)) - No pipeline exists in current db
2019-10-18 13:43:53,182 [main] WARN  server.ServerUtils (ServerUtils.java:getScmDbDir(145)) - ozone.scm.db.dirs is not configured. We recommend adding this setting. Falling back to ozone.metadata.dirs instead.
2019-10-18 13:43:53,322 [main] WARN  events.EventQueue (EventQueue.java:fireEvent(183)) - No event handler registered for event TypedEvent{payloadType=SafeModeStatus, name='SafeModeStatus'}
2019-10-18 13:43:53,720 [main] INFO  ipc.CallQueueManager (CallQueueManager.java:<init>(84)) - Using callQueue: class java.util.concurrent.LinkedBlockingQueue, queueCapacity: 2000, scheduler: class org.apache.hadoop.ipc.DefaultRpcScheduler, ipcBackoff: false.
2019-10-18 13:43:53,828 [Socket Reader #1 for port 38015] INFO  ipc.Server (Server.java:run(1074)) - Starting Socket Reader #1 for port 38015
2019-10-18 13:43:53,851 [main] INFO  ipc.CallQueueManager (CallQueueManager.java:<init>(84)) - Using callQueue: class java.util.concurrent.LinkedBlockingQueue, queueCapacity: 2000, scheduler: class org.apache.hadoop.ipc.DefaultRpcScheduler, ipcBackoff: false.
2019-10-18 13:43:53,852 [Socket Reader #1 for port 33159] INFO  ipc.Server (Server.java:run(1074)) - Starting Socket Reader #1 for port 33159
2019-10-18 13:43:53,859 [main] INFO  ipc.CallQueueManager (CallQueueManager.java:<init>(84)) - Using callQueue: class java.util.concurrent.LinkedBlockingQueue, queueCapacity: 2000, scheduler: class org.apache.hadoop.ipc.DefaultRpcScheduler, ipcBackoff: false.
2019-10-18 13:43:53,859 [Socket Reader #1 for port 41643] INFO  ipc.Server (Server.java:run(1074)) - Starting Socket Reader #1 for port 41643
2019-10-18 13:43:53,879 [main] INFO  hdfs.DFSUtil (DFSUtil.java:httpServerTemplateForNNAndJN(1641)) - Starting Web-server for scm at: http://0.0.0.0:0
2019-10-18 13:43:54,038 [main] INFO  server.AuthenticationFilter (AuthenticationFilter.java:constructSecretProvider(240)) - Unable to initialize FileSignerSecretProvider, falling back to use random secrets.
2019-10-18 13:43:54,050 [main] WARN  http.HttpRequestLog (HttpRequestLog.java:getRequestLog(97)) - Jetty request log can only be enabled using Log4j
2019-10-18 13:43:54,060 [main] INFO  http.HttpServer2 (HttpServer2.java:addGlobalFilter(975)) - Added global filter 'safety' (class=org.apache.hadoop.http.HttpServer2$QuotingInputFilter)
2019-10-18 13:43:54,063 [main] INFO  http.HttpServer2 (HttpServer2.java:addFilter(948)) - Added filter static_user_filter (class=org.apache.hadoop.http.lib.StaticUserWebFilter$StaticUserFilter) to context scm
2019-10-18 13:43:54,064 [main] INFO  http.HttpServer2 (HttpServer2.java:addFilter(958)) - Added filter static_user_filter (class=org.apache.hadoop.http.lib.StaticUserWebFilter$StaticUserFilter) to context logs
2019-10-18 13:43:54,064 [main] INFO  http.HttpServer2 (HttpServer2.java:addFilter(958)) - Added filter static_user_filter (class=org.apache.hadoop.http.lib.StaticUserWebFilter$StaticUserFilter) to context static
2019-10-18 13:43:54,100 [main] INFO  server.StorageContainerManager (StorageContainerManager.java:start(772)) - StorageContainerLocationProtocol RPC server is listening at /0.0.0.0:41643
2019-10-18 13:43:54,177 [main] WARN  impl.MetricsConfig (MetricsConfig.java:loadFirst(134)) - Cannot locate configuration: tried hadoop-metrics2-storagecontainermanager.properties,hadoop-metrics2.properties
2019-10-18 13:43:54,195 [main] INFO  impl.MetricsSystemImpl (MetricsSystemImpl.java:startTimer(374)) - Scheduled Metric snapshot period at 10 second(s).
2019-10-18 13:43:54,195 [main] INFO  impl.MetricsSystemImpl (MetricsSystemImpl.java:start(191)) - StorageContainerManager metrics system started
2019-10-18 13:43:54,446 [main] INFO  server.SCMClientProtocolServer (SCMClientProtocolServer.java:start(159)) - RPC server for Client  is listening at /0.0.0.0:41643
2019-10-18 13:43:54,447 [IPC Server listener on 41643] INFO  ipc.Server (Server.java:run(1153)) - IPC Server listener on 41643: starting
2019-10-18 13:43:54,447 [IPC Server Responder] INFO  ipc.Server (Server.java:run(1314)) - IPC Server Responder: starting
2019-10-18 13:43:54,449 [main] INFO  server.StorageContainerManager (StorageContainerManager.java:start(782)) - ScmBlockLocationProtocol RPC server is listening at /0.0.0.0:33159
2019-10-18 13:43:54,450 [main] INFO  server.SCMBlockProtocolServer (SCMBlockProtocolServer.java:start(146)) - RPC server for Block Protocol is listening at /0.0.0.0:33159
2019-10-18 13:43:54,451 [IPC Server Responder] INFO  ipc.Server (Server.java:run(1314)) - IPC Server Responder: starting
2019-10-18 13:43:54,451 [IPC Server listener on 33159] INFO  ipc.Server (Server.java:run(1153)) - IPC Server listener on 33159: starting
2019-10-18 13:43:54,453 [main] INFO  server.StorageContainerManager (StorageContainerManager.java:start(786)) - ScmDatanodeProtocl RPC server is listening at /0.0.0.0:38015
2019-10-18 13:43:54,453 [main] INFO  server.SCMDatanodeProtocolServer (SCMDatanodeProtocolServer.java:start(169)) - RPC server for DataNodes is listening at /0.0.0.0:38015
2019-10-18 13:43:54,455 [IPC Server Responder] INFO  ipc.Server (Server.java:run(1314)) - IPC Server Responder: starting
2019-10-18 13:43:54,455 [IPC Server listener on 38015] INFO  ipc.Server (Server.java:run(1153)) - IPC Server listener on 38015: starting
2019-10-18 13:43:54,458 [main] INFO  http.HttpServer2 (HttpServer2.java:bindListener(1191)) - Jetty bound to port 38746
2019-10-18 13:43:54,461 [main] INFO  server.Server (Server.java:doStart(351)) - jetty-9.3.25.v20180904, build timestamp: 2018-09-04T21:11:46Z, git hash: 3ce520221d0240229c862b122d2b06c12a625732
2019-10-18 13:43:54,506 [main] INFO  handler.ContextHandler (ContextHandler.java:doStart(781)) - Started o.e.j.s.ServletContextHandler@42f8285e{/logs,file:///workdir/hadoop-ozone/integration-test/target/log,AVAILABLE}
2019-10-18 13:43:54,507 [main] INFO  handler.ContextHandler (ContextHandler.java:doStart(781)) - Started o.e.j.s.ServletContextHandler@3724af13{/static,file:///workdir/hadoop-ozone/integration-test/target/test-classes/webapps/static,AVAILABLE}
2019-10-18 13:43:54,538 [main] INFO  handler.ContextHandler (ContextHandler.java:doStart(781)) - Started o.e.j.w.WebAppContext@24a1c17f{/,file:///workdir/hadoop-ozone/integration-test/target/test-classes/webapps/scm/,AVAILABLE}{/scm}
2019-10-18 13:43:54,544 [main] INFO  server.AbstractConnector (AbstractConnector.java:doStart(278)) - Started ServerConnector@4d63b624{HTTP/1.1,[http/1.1]}{0.0.0.0:38746}
2019-10-18 13:43:54,544 [main] INFO  server.Server (Server.java:doStart(419)) - Started @2856ms
2019-10-18 13:43:54,546 [main] INFO  impl.MetricsSinkAdapter (MetricsSinkAdapter.java:start(204)) - Sink prometheus started
2019-10-18 13:43:54,546 [main] INFO  impl.MetricsSystemImpl (MetricsSystemImpl.java:registerSink(301)) - Registered sink prometheus
2019-10-18 13:43:54,547 [main] INFO  server.BaseHttpServer (BaseHttpServer.java:updateConnectorAddress(215)) - HTTP server of SCM is listening at http://0.0.0.0:38746
2019-10-18 13:43:54,555 [org.apache.hadoop.util.JvmPauseMonitor$Monitor@4b629f13] INFO  util.JvmPauseMonitor (JvmPauseMonitor.java:run(188)) - Starting JVM pause monitor
2019-10-18 13:43:54,560 [main] WARN  server.ServerUtils (ServerUtils.java:getDBPath(222)) - ozone.om.db.dirs is not configured. We recommend adding this setting. Falling back to ozone.metadata.dirs instead.
2019-10-18 13:43:54,668 [main] INFO  ha.OMHANodeDetails (OMHANodeDetails.java:loadOMHAConfig(190)) - Configuration either no ozone.om.address set. Falling back to the default OM address /127.0.0.1:0
2019-10-18 13:43:54,668 [main] INFO  ha.OMHANodeDetails (OMHANodeDetails.java:getOMNodeDetails(220)) - OM Service ID is not set. Setting it to the default ID: omServiceIdDefault
2019-10-18 13:43:54,669 [main] WARN  server.ServerUtils (ServerUtils.java:getDBPath(222)) - ozone.om.db.dirs is not configured. We recommend adding this setting. Falling back to ozone.metadata.dirs instead.
2019-10-18 13:43:54,671 [main] WARN  server.ServerUtils (ServerUtils.java:getDBPath(222)) - ozone.om.db.dirs is not configured. We recommend adding this setting. Falling back to ozone.metadata.dirs instead.
2019-10-18 13:43:55,310 [main] WARN  server.ServerUtils (ServerUtils.java:getDBPath(222)) - ozone.om.db.dirs is not configured. We recommend adding this setting. Falling back to ozone.metadata.dirs instead.
2019-10-18 13:43:55,319 [main] INFO  db.DBStoreBuilder (DBStoreBuilder.java:addTable(117)) - using custom profile for table: userTable
2019-10-18 13:43:55,319 [main] INFO  db.DBStoreBuilder (DBStoreBuilder.java:processTables(168)) - Using default column profile:DBProfile.DISK for Table:userTable
2019-10-18 13:43:55,319 [main] INFO  db.DBStoreBuilder (DBStoreBuilder.java:addTable(117)) - using custom profile for table: volumeTable
2019-10-18 13:43:55,320 [main] INFO  db.DBStoreBuilder (DBStoreBuilder.java:processTables(168)) - Using default column profile:DBProfile.DISK for Table:volumeTable
2019-10-18 13:43:55,320 [main] INFO  db.DBStoreBuilder (DBStoreBuilder.java:addTable(117)) - using custom profile for table: bucketTable
2019-10-18 13:43:55,320 [main] INFO  db.DBStoreBuilder (DBStoreBuilder.java:processTables(168)) - Using default column profile:DBProfile.DISK for Table:bucketTable
2019-10-18 13:43:55,320 [main] INFO  db.DBStoreBuilder (DBStoreBuilder.java:addTable(117)) - using custom profile for table: keyTable
2019-10-18 13:43:55,321 [main] INFO  db.DBStoreBuilder (DBStoreBuilder.java:processTables(168)) - Using default column profile:DBProfile.DISK for Table:keyTable
2019-10-18 13:43:55,321 [main] INFO  db.DBStoreBuilder (DBStoreBuilder.java:addTable(117)) - using custom profile for table: deletedTable
2019-10-18 13:43:55,321 [main] INFO  db.DBStoreBuilder (DBStoreBuilder.java:processTables(168)) - Using default column profile:DBProfile.DISK for Table:deletedTable
2019-10-18 13:43:55,321 [main] INFO  db.DBStoreBuilder (DBStoreBuilder.java:addTable(117)) - using custom profile for table: openKeyTable
2019-10-18 13:43:55,322 [main] INFO  db.DBStoreBuilder (DBStoreBuilder.java:processTables(168)) - Using default column profile:DBProfile.DISK for Table:openKeyTable
2019-10-18 13:43:55,322 [main] INFO  db.DBStoreBuilder (DBStoreBuilder.java:addTable(117)) - using custom profile for table: s3Table
2019-10-18 13:43:55,322 [main] INFO  db.DBStoreBuilder (DBStoreBuilder.java:processTables(168)) - Using default column profile:DBProfile.DISK for Table:s3Table
2019-10-18 13:43:55,322 [main] INFO  db.DBStoreBuilder (DBStoreBuilder.java:addTable(117)) - using custom profile for table: multipartInfoTable
2019-10-18 13:43:55,323 [main] INFO  db.DBStoreBuilder (DBStoreBuilder.java:processTables(168)) - Using default column profile:DBProfile.DISK for Table:multipartInfoTable
2019-10-18 13:43:55,323 [main] INFO  db.DBStoreBuilder (DBStoreBuilder.java:addTable(117)) - using custom profile for table: dTokenTable
2019-10-18 13:43:55,323 [main] INFO  db.DBStoreBuilder (DBStoreBuilder.java:processTables(168)) - Using default column profile:DBProfile.DISK for Table:dTokenTable
2019-10-18 13:43:55,323 [main] INFO  db.DBStoreBuilder (DBStoreBuilder.java:addTable(117)) - using custom profile for table: s3SecretTable
2019-10-18 13:43:55,324 [main] INFO  db.DBStoreBuilder (DBStoreBuilder.java:processTables(168)) - Using default column profile:DBProfile.DISK for Table:s3SecretTable
2019-10-18 13:43:55,324 [main] INFO  db.DBStoreBuilder (DBStoreBuilder.java:addTable(117)) - using custom profile for table: prefixTable
2019-10-18 13:43:55,324 [main] INFO  db.DBStoreBuilder (DBStoreBuilder.java:processTables(168)) - Using default column profile:DBProfile.DISK for Table:prefixTable
2019-10-18 13:43:55,325 [main] INFO  db.DBStoreBuilder (DBStoreBuilder.java:addTable(117)) - using custom profile for table: default
2019-10-18 13:43:55,325 [main] INFO  db.DBStoreBuilder (DBStoreBuilder.java:processTables(174)) - Using default column profile:DBProfile.DISK for Table:default
2019-10-18 13:43:55,325 [main] INFO  db.DBStoreBuilder (DBStoreBuilder.java:getDbProfile(205)) - Using default options. DBProfile.DISK
2019-10-18 13:43:55,927 [main] INFO  ipc.CallQueueManager (CallQueueManager.java:<init>(84)) - Using callQueue: class java.util.concurrent.LinkedBlockingQueue, queueCapacity: 2000, scheduler: class org.apache.hadoop.ipc.DefaultRpcScheduler, ipcBackoff: false.
2019-10-18 13:43:55,928 [Socket Reader #1 for port 40446] INFO  ipc.Server (Server.java:run(1074)) - Starting Socket Reader #1 for port 40446
2019-10-18 13:43:55,951 [main] INFO  om.OzoneManager (OzoneManager.java:start(1074)) - OzoneManager RPC server is listening at localhost/127.0.0.1:40446
2019-10-18 13:43:55,951 [main] INFO  impl.MetricsSystemImpl (MetricsSystemImpl.java:init(158)) - OzoneManager metrics system started (again)
2019-10-18 13:43:55,964 [IPC Server Responder] INFO  ipc.Server (Server.java:run(1314)) - IPC Server Responder: starting
2019-10-18 13:43:55,964 [IPC Server listener on 40446] INFO  ipc.Server (Server.java:run(1153)) - IPC Server listener on 40446: starting
2019-10-18 13:43:55,972 [main] INFO  hdfs.DFSUtil (DFSUtil.java:httpServerTemplateForNNAndJN(1641)) - Starting Web-server for ozoneManager at: http://0.0.0.0:0
2019-10-18 13:43:55,975 [main] INFO  server.AuthenticationFilter (AuthenticationFilter.java:constructSecretProvider(240)) - Unable to initialize FileSignerSecretProvider, falling back to use random secrets.
2019-10-18 13:43:55,975 [main] WARN  http.HttpRequestLog (HttpRequestLog.java:getRequestLog(97)) - Jetty request log can only be enabled using Log4j
2019-10-18 13:43:55,978 [main] INFO  http.HttpServer2 (HttpServer2.java:addGlobalFilter(975)) - Added global filter 'safety' (class=org.apache.hadoop.http.HttpServer2$QuotingInputFilter)
2019-10-18 13:43:55,980 [main] INFO  http.HttpServer2 (HttpServer2.java:addFilter(948)) - Added filter static_user_filter (class=org.apache.hadoop.http.lib.StaticUserWebFilter$StaticUserFilter) to context ozoneManager
2019-10-18 13:43:55,980 [main] INFO  http.HttpServer2 (HttpServer2.java:addFilter(958)) - Added filter static_user_filter (class=org.apache.hadoop.http.lib.StaticUserWebFilter$StaticUserFilter) to context static
2019-10-18 13:43:55,980 [main] INFO  http.HttpServer2 (HttpServer2.java:addFilter(958)) - Added filter static_user_filter (class=org.apache.hadoop.http.lib.StaticUserWebFilter$StaticUserFilter) to context logs
2019-10-18 13:43:55,983 [main] INFO  http.HttpServer2 (HttpServer2.java:bindListener(1191)) - Jetty bound to port 40496
2019-10-18 13:43:55,984 [main] INFO  server.Server (Server.java:doStart(351)) - jetty-9.3.25.v20180904, build timestamp: 2018-09-04T21:11:46Z, git hash: 3ce520221d0240229c862b122d2b06c12a625732
2019-10-18 13:43:55,986 [main] INFO  handler.ContextHandler (ContextHandler.java:doStart(781)) - Started o.e.j.s.ServletContextHandler@aa10649{/logs,file:///workdir/hadoop-ozone/integration-test/target/log,AVAILABLE}
2019-10-18 13:43:55,987 [main] INFO  handler.ContextHandler (ContextHandler.java:doStart(781)) - Started o.e.j.s.ServletContextHandler@37095ded{/static,file:///workdir/hadoop-ozone/integration-test/target/test-classes/webapps/static,AVAILABLE}
2019-10-18 13:43:55,994 [main] INFO  handler.ContextHandler (ContextHandler.java:doStart(781)) - Started o.e.j.w.WebAppContext@75b3673{/,file:///workdir/hadoop-ozone/integration-test/target/test-classes/webapps/ozoneManager/,AVAILABLE}{/ozoneManager}
2019-10-18 13:43:55,995 [main] INFO  server.AbstractConnector (AbstractConnector.java:doStart(278)) - Started ServerConnector@1bcb79c2{HTTP/1.1,[http/1.1]}{0.0.0.0:40496}
2019-10-18 13:43:55,996 [main] INFO  server.Server (Server.java:doStart(419)) - Started @4308ms
2019-10-18 13:43:55,996 [main] WARN  impl.MetricsSystemImpl (MetricsSystemImpl.java:register(276)) - Sink prometheus already exists!
2019-10-18 13:43:55,997 [main] INFO  server.BaseHttpServer (BaseHttpServer.java:updateConnectorAddress(215)) - HTTP server of OZONEMANAGER is listening at http://0.0.0.0:40496
2019-10-18 13:43:56,274 [main] INFO  impl.MetricsSystemImpl (MetricsSystemImpl.java:init(158)) - HddsDatanode metrics system started (again)
2019-10-18 13:43:56,325 [main] INFO  ozone.HddsDatanodeService (HddsDatanodeService.java:start(184)) - HddsDatanodeService host:pr-hdds-2292-qcvbb-3996421426 ip:192.168.69.85
2019-10-18 13:43:56,355 [main] INFO  volume.HddsVolume (HddsVolume.java:<init>(176)) - Creating Volume: /workdir/hadoop-ozone/integration-test/target/test-dir/MiniOzoneClusterImpl-9d6dd75e-a22e-4447-b646-8faf5d797e6a/datanode-0/data/containers/hdds of  storage type : DISK and capacity : 1482555576320
2019-10-18 13:43:56,358 [main] INFO  volume.VolumeSet (VolumeSet.java:initializeVolumeSet(170)) - Added Volume : /workdir/hadoop-ozone/integration-test/target/test-dir/MiniOzoneClusterImpl-9d6dd75e-a22e-4447-b646-8faf5d797e6a/datanode-0/data/containers/hdds to VolumeSet
2019-10-18 13:43:56,362 [main] INFO  volume.ThrottledAsyncChecker (ThrottledAsyncChecker.java:schedule(141)) - Scheduling a check for /workdir/hadoop-ozone/integration-test/target/test-dir/MiniOzoneClusterImpl-9d6dd75e-a22e-4447-b646-8faf5d797e6a/datanode-0/data/containers/hdds
2019-10-18 13:43:56,384 [main] INFO  volume.HddsVolumeChecker (HddsVolumeChecker.java:checkAllVolumes(204)) - Scheduled health check for volume /workdir/hadoop-ozone/integration-test/target/test-dir/MiniOzoneClusterImpl-9d6dd75e-a22e-4447-b646-8faf5d797e6a/datanode-0/data/containers/hdds
2019-10-18 13:43:56,492 [main] INFO  impl.RaftServerProxy (ConfUtils.java:logGet(43)) - raft.rpc.type = GRPC (default)
2019-10-18 13:43:56,552 [main] INFO  grpc.GrpcFactory (GrpcFactory.java:checkPooledByteBufAllocatorUseCacheForAllThreads(45)) - PERFORMANCE WARNING: useCacheForAllThreads is true that may cause Netty to create a lot garbage objects and, as a result, trigger GC.
	It is recommended to disable useCacheForAllThreads by setting -Dorg.apache.ratis.thirdparty.io.netty.allocator.useCacheForAllThreads=false in command line.
2019-10-18 13:43:56,557 [main] INFO  grpc.GrpcConfigKeys$Server (ConfUtils.java:logGet(43)) - raft.grpc.server.port = 0 (default)
2019-10-18 13:43:56,558 [main] INFO  server.GrpcService (ConfUtils.java:logGet(43)) - raft.grpc.message.size.max = 33570816 (custom)
2019-10-18 13:43:56,559 [main] INFO  server.RaftServerConfigKeys (ConfUtils.java:logGet(43)) - raft.server.log.appender.buffer.byte-limit = 33554432 (custom)
2019-10-18 13:43:56,560 [main] INFO  server.GrpcService (ConfUtils.java:logGet(43)) - raft.grpc.flow.control.window = 1MB (=1048576) (default)
2019-10-18 13:43:56,560 [main] INFO  server.RaftServerConfigKeys (ConfUtils.java:logGet(43)) - raft.server.rpc.request.timeout = 3000ms (default)
2019-10-18 13:43:56,703 [main] INFO  server.RaftServerConfigKeys (ConfUtils.java:logGet(43)) - raft.server.storage.dir = [/workdir/hadoop-ozone/integration-test/target/test-dir/MiniOzoneClusterImpl-9d6dd75e-a22e-4447-b646-8faf5d797e6a/datanode-0/data/ratis] (custom)
2019-10-18 13:43:56,750 [main] INFO  hdfs.DFSUtil (DFSUtil.java:httpServerTemplateForNNAndJN(1641)) - Starting Web-server for hddsDatanode at: http://0.0.0.0:0
2019-10-18 13:43:56,752 [main] INFO  server.AuthenticationFilter (AuthenticationFilter.java:constructSecretProvider(240)) - Unable to initialize FileSignerSecretProvider, falling back to use random secrets.
2019-10-18 13:43:56,753 [main] WARN  http.HttpRequestLog (HttpRequestLog.java:getRequestLog(97)) - Jetty request log can only be enabled using Log4j
2019-10-18 13:43:56,756 [main] INFO  http.HttpServer2 (HttpServer2.java:addGlobalFilter(975)) - Added global filter 'safety' (class=org.apache.hadoop.http.HttpServer2$QuotingInputFilter)
2019-10-18 13:43:56,756 [main] INFO  http.HttpServer2 (HttpServer2.java:addFilter(948)) - Added filter static_user_filter (class=org.apache.hadoop.http.lib.StaticUserWebFilter$StaticUserFilter) to context hddsDatanode
2019-10-18 13:43:56,757 [main] INFO  http.HttpServer2 (HttpServer2.java:addFilter(958)) - Added filter static_user_filter (class=org.apache.hadoop.http.lib.StaticUserWebFilter$StaticUserFilter) to context logs
2019-10-18 13:43:56,757 [main] INFO  http.HttpServer2 (HttpServer2.java:addFilter(958)) - Added filter static_user_filter (class=org.apache.hadoop.http.lib.StaticUserWebFilter$StaticUserFilter) to context static
2019-10-18 13:43:56,758 [main] INFO  http.HttpServer2 (HttpServer2.java:bindListener(1191)) - Jetty bound to port 39879
2019-10-18 13:43:56,759 [main] INFO  server.Server (Server.java:doStart(351)) - jetty-9.3.25.v20180904, build timestamp: 2018-09-04T21:11:46Z, git hash: 3ce520221d0240229c862b122d2b06c12a625732
2019-10-18 13:43:56,762 [main] INFO  handler.ContextHandler (ContextHandler.java:doStart(781)) - Started o.e.j.s.ServletContextHandler@60cf62ad{/logs,file:///workdir/hadoop-ozone/integration-test/target/log,AVAILABLE}
2019-10-18 13:43:56,763 [main] INFO  handler.ContextHandler (ContextHandler.java:doStart(781)) - Started o.e.j.s.ServletContextHandler@1ac4ccad{/static,jar:file:/home/user/.m2/repository/org/apache/hadoop/hadoop-hdds-container-service/0.5.0-SNAPSHOT/hadoop-hdds-container-service-0.5.0-SNAPSHOT.jar!/webapps/static,AVAILABLE}
2019-10-18 13:43:56,810 [main] INFO  handler.ContextHandler (ContextHandler.java:doStart(781)) - Started o.e.j.w.WebAppContext@de8039f{/,file:///tmp/jetty-0.0.0.0-39879-hddsDatanode-_-any-4887986052846452214.dir/webapp/,AVAILABLE}{/hddsDatanode}
2019-10-18 13:43:56,810 [main] INFO  server.AbstractConnector (AbstractConnector.java:doStart(278)) - Started ServerConnector@1deceb67{HTTP/1.1,[http/1.1]}{0.0.0.0:39879}
2019-10-18 13:43:56,811 [main] INFO  server.Server (Server.java:doStart(419)) - Started @5123ms
2019-10-18 13:43:56,811 [main] WARN  impl.MetricsSystemImpl (MetricsSystemImpl.java:register(276)) - Sink prometheus already exists!
2019-10-18 13:43:56,813 [main] INFO  server.BaseHttpServer (BaseHttpServer.java:updateConnectorAddress(215)) - HTTP server of HDDSDATANODE is listening at http://0.0.0.0:39879
2019-10-18 13:43:56,813 [main] INFO  impl.MetricsSystemImpl (MetricsSystemImpl.java:init(158)) - HddsDatanode metrics system started (again)
2019-10-18 13:43:56,816 [main] INFO  ozone.HddsDatanodeService (HddsDatanodeService.java:start(184)) - HddsDatanodeService host:pr-hdds-2292-qcvbb-3996421426 ip:192.168.69.85
2019-10-18 13:43:56,819 [org.apache.hadoop.util.JvmPauseMonitor$Monitor@3157bc8f] INFO  util.JvmPauseMonitor (JvmPauseMonitor.java:run(188)) - Starting JVM pause monitor
2019-10-18 13:43:56,825 [main] INFO  volume.HddsVolume (HddsVolume.java:<init>(176)) - Creating Volume: /workdir/hadoop-ozone/integration-test/target/test-dir/MiniOzoneClusterImpl-9d6dd75e-a22e-4447-b646-8faf5d797e6a/datanode-1/data/containers/hdds of  storage type : DISK and capacity : 1482555576320
2019-10-18 13:43:56,826 [main] INFO  volume.VolumeSet (VolumeSet.java:initializeVolumeSet(170)) - Added Volume : /workdir/hadoop-ozone/integration-test/target/test-dir/MiniOzoneClusterImpl-9d6dd75e-a22e-4447-b646-8faf5d797e6a/datanode-1/data/containers/hdds to VolumeSet
2019-10-18 13:43:56,826 [main] INFO  volume.ThrottledAsyncChecker (ThrottledAsyncChecker.java:schedule(141)) - Scheduling a check for /workdir/hadoop-ozone/integration-test/target/test-dir/MiniOzoneClusterImpl-9d6dd75e-a22e-4447-b646-8faf5d797e6a/datanode-1/data/containers/hdds
2019-10-18 13:43:56,826 [main] INFO  volume.HddsVolumeChecker (HddsVolumeChecker.java:checkAllVolumes(204)) - Scheduled health check for volume /workdir/hadoop-ozone/integration-test/target/test-dir/MiniOzoneClusterImpl-9d6dd75e-a22e-4447-b646-8faf5d797e6a/datanode-1/data/containers/hdds
2019-10-18 13:43:56,840 [main] INFO  impl.RaftServerProxy (ConfUtils.java:logGet(43)) - raft.rpc.type = GRPC (default)
2019-10-18 13:43:56,841 [main] INFO  grpc.GrpcFactory (GrpcFactory.java:checkPooledByteBufAllocatorUseCacheForAllThreads(45)) - PERFORMANCE WARNING: useCacheForAllThreads is true that may cause Netty to create a lot garbage objects and, as a result, trigger GC.
	It is recommended to disable useCacheForAllThreads by setting -Dorg.apache.ratis.thirdparty.io.netty.allocator.useCacheForAllThreads=false in command line.
2019-10-18 13:43:56,841 [main] INFO  grpc.GrpcConfigKeys$Server (ConfUtils.java:logGet(43)) - raft.grpc.server.port = 0 (default)
2019-10-18 13:43:56,841 [main] INFO  server.GrpcService (ConfUtils.java:logGet(43)) - raft.grpc.message.size.max = 33570816 (custom)
2019-10-18 13:43:56,841 [main] INFO  server.RaftServerConfigKeys (ConfUtils.java:logGet(43)) - raft.server.log.appender.buffer.byte-limit = 33554432 (custom)
2019-10-18 13:43:56,841 [main] INFO  server.GrpcService (ConfUtils.java:logGet(43)) - raft.grpc.flow.control.window = 1MB (=1048576) (default)
2019-10-18 13:43:56,842 [main] INFO  server.RaftServerConfigKeys (ConfUtils.java:logGet(43)) - raft.server.rpc.request.timeout = 3000ms (default)
2019-10-18 13:43:56,842 [main] INFO  server.RaftServerConfigKeys (ConfUtils.java:logGet(43)) - raft.server.storage.dir = [/workdir/hadoop-ozone/integration-test/target/test-dir/MiniOzoneClusterImpl-9d6dd75e-a22e-4447-b646-8faf5d797e6a/datanode-1/data/ratis] (custom)
2019-10-18 13:43:56,844 [main] INFO  hdfs.DFSUtil (DFSUtil.java:httpServerTemplateForNNAndJN(1641)) - Starting Web-server for hddsDatanode at: http://0.0.0.0:0
2019-10-18 13:43:56,845 [main] INFO  server.AuthenticationFilter (AuthenticationFilter.java:constructSecretProvider(240)) - Unable to initialize FileSignerSecretProvider, falling back to use random secrets.
2019-10-18 13:43:56,846 [main] WARN  http.HttpRequestLog (HttpRequestLog.java:getRequestLog(97)) - Jetty request log can only be enabled using Log4j
2019-10-18 13:43:56,847 [main] INFO  http.HttpServer2 (HttpServer2.java:addGlobalFilter(975)) - Added global filter 'safety' (class=org.apache.hadoop.http.HttpServer2$QuotingInputFilter)
2019-10-18 13:43:56,848 [main] INFO  http.HttpServer2 (HttpServer2.java:addFilter(948)) - Added filter static_user_filter (class=org.apache.hadoop.http.lib.StaticUserWebFilter$StaticUserFilter) to context hddsDatanode
2019-10-18 13:43:56,848 [main] INFO  http.HttpServer2 (HttpServer2.java:addFilter(958)) - Added filter static_user_filter (class=org.apache.hadoop.http.lib.StaticUserWebFilter$StaticUserFilter) to context logs
2019-10-18 13:43:56,848 [main] INFO  http.HttpServer2 (HttpServer2.java:addFilter(958)) - Added filter static_user_filter (class=org.apache.hadoop.http.lib.StaticUserWebFilter$StaticUserFilter) to context static
2019-10-18 13:43:56,849 [main] INFO  http.HttpServer2 (HttpServer2.java:bindListener(1191)) - Jetty bound to port 36765
2019-10-18 13:43:56,849 [main] INFO  server.Server (Server.java:doStart(351)) - jetty-9.3.25.v20180904, build timestamp: 2018-09-04T21:11:46Z, git hash: 3ce520221d0240229c862b122d2b06c12a625732
2019-10-18 13:43:56,853 [main] INFO  handler.ContextHandler (ContextHandler.java:doStart(781)) - Started o.e.j.s.ServletContextHandler@1907874b{/logs,file:///workdir/hadoop-ozone/integration-test/target/log,AVAILABLE}
2019-10-18 13:43:56,854 [main] INFO  handler.ContextHandler (ContextHandler.java:doStart(781)) - Started o.e.j.s.ServletContextHandler@5b3a7ef5{/static,jar:file:/home/user/.m2/repository/org/apache/hadoop/hadoop-hdds-container-service/0.5.0-SNAPSHOT/hadoop-hdds-container-service-0.5.0-SNAPSHOT.jar!/webapps/static,AVAILABLE}
2019-10-18 13:43:56,885 [main] INFO  handler.ContextHandler (ContextHandler.java:doStart(781)) - Started o.e.j.w.WebAppContext@660f0c{/,file:///tmp/jetty-0.0.0.0-36765-hddsDatanode-_-any-5686567010306571942.dir/webapp/,AVAILABLE}{/hddsDatanode}
2019-10-18 13:43:56,887 [main] INFO  server.AbstractConnector (AbstractConnector.java:doStart(278)) - Started ServerConnector@7a0ef219{HTTP/1.1,[http/1.1]}{0.0.0.0:36765}
2019-10-18 13:43:56,887 [main] INFO  server.Server (Server.java:doStart(419)) - Started @5200ms
2019-10-18 13:43:56,888 [main] WARN  impl.MetricsSystemImpl (MetricsSystemImpl.java:register(276)) - Sink prometheus already exists!
2019-10-18 13:43:56,889 [main] INFO  server.BaseHttpServer (BaseHttpServer.java:updateConnectorAddress(215)) - HTTP server of HDDSDATANODE is listening at http://0.0.0.0:36765
2019-10-18 13:43:56,890 [main] INFO  impl.MetricsSystemImpl (MetricsSystemImpl.java:init(158)) - HddsDatanode metrics system started (again)
2019-10-18 13:43:56,892 [org.apache.hadoop.util.JvmPauseMonitor$Monitor@6f4e0059] INFO  util.JvmPauseMonitor (JvmPauseMonitor.java:run(188)) - Starting JVM pause monitor
2019-10-18 13:43:56,894 [main] INFO  ozone.HddsDatanodeService (HddsDatanodeService.java:start(184)) - HddsDatanodeService host:pr-hdds-2292-qcvbb-3996421426 ip:192.168.69.85
2019-10-18 13:43:56,903 [main] INFO  volume.HddsVolume (HddsVolume.java:<init>(176)) - Creating Volume: /workdir/hadoop-ozone/integration-test/target/test-dir/MiniOzoneClusterImpl-9d6dd75e-a22e-4447-b646-8faf5d797e6a/datanode-2/data/containers/hdds of  storage type : DISK and capacity : 1482555576320
2019-10-18 13:43:56,904 [main] INFO  volume.VolumeSet (VolumeSet.java:initializeVolumeSet(170)) - Added Volume : /workdir/hadoop-ozone/integration-test/target/test-dir/MiniOzoneClusterImpl-9d6dd75e-a22e-4447-b646-8faf5d797e6a/datanode-2/data/containers/hdds to VolumeSet
2019-10-18 13:43:56,904 [main] INFO  volume.ThrottledAsyncChecker (ThrottledAsyncChecker.java:schedule(141)) - Scheduling a check for /workdir/hadoop-ozone/integration-test/target/test-dir/MiniOzoneClusterImpl-9d6dd75e-a22e-4447-b646-8faf5d797e6a/datanode-2/data/containers/hdds
2019-10-18 13:43:56,905 [main] INFO  volume.HddsVolumeChecker (HddsVolumeChecker.java:checkAllVolumes(204)) - Scheduled health check for volume /workdir/hadoop-ozone/integration-test/target/test-dir/MiniOzoneClusterImpl-9d6dd75e-a22e-4447-b646-8faf5d797e6a/datanode-2/data/containers/hdds
2019-10-18 13:43:56,919 [main] INFO  impl.RaftServerProxy (ConfUtils.java:logGet(43)) - raft.rpc.type = GRPC (default)
2019-10-18 13:43:56,919 [main] INFO  grpc.GrpcFactory (GrpcFactory.java:checkPooledByteBufAllocatorUseCacheForAllThreads(45)) - PERFORMANCE WARNING: useCacheForAllThreads is true that may cause Netty to create a lot garbage objects and, as a result, trigger GC.
	It is recommended to disable useCacheForAllThreads by setting -Dorg.apache.ratis.thirdparty.io.netty.allocator.useCacheForAllThreads=false in command line.
2019-10-18 13:43:56,919 [main] INFO  grpc.GrpcConfigKeys$Server (ConfUtils.java:logGet(43)) - raft.grpc.server.port = 0 (default)
2019-10-18 13:43:56,920 [main] INFO  server.GrpcService (ConfUtils.java:logGet(43)) - raft.grpc.message.size.max = 33570816 (custom)
2019-10-18 13:43:56,920 [main] INFO  server.RaftServerConfigKeys (ConfUtils.java:logGet(43)) - raft.server.log.appender.buffer.byte-limit = 33554432 (custom)
2019-10-18 13:43:56,920 [main] INFO  server.GrpcService (ConfUtils.java:logGet(43)) - raft.grpc.flow.control.window = 1MB (=1048576) (default)
2019-10-18 13:43:56,920 [main] INFO  server.RaftServerConfigKeys (ConfUtils.java:logGet(43)) - raft.server.rpc.request.timeout = 3000ms (default)
2019-10-18 13:43:56,921 [main] INFO  server.RaftServerConfigKeys (ConfUtils.java:logGet(43)) - raft.server.storage.dir = [/workdir/hadoop-ozone/integration-test/target/test-dir/MiniOzoneClusterImpl-9d6dd75e-a22e-4447-b646-8faf5d797e6a/datanode-2/data/ratis] (custom)
2019-10-18 13:43:56,923 [main] INFO  hdfs.DFSUtil (DFSUtil.java:httpServerTemplateForNNAndJN(1641)) - Starting Web-server for hddsDatanode at: http://0.0.0.0:0
2019-10-18 13:43:56,925 [main] INFO  server.AuthenticationFilter (AuthenticationFilter.java:constructSecretProvider(240)) - Unable to initialize FileSignerSecretProvider, falling back to use random secrets.
2019-10-18 13:43:56,926 [main] WARN  http.HttpRequestLog (HttpRequestLog.java:getRequestLog(97)) - Jetty request log can only be enabled using Log4j
2019-10-18 13:43:56,928 [main] INFO  http.HttpServer2 (HttpServer2.java:addGlobalFilter(975)) - Added global filter 'safety' (class=org.apache.hadoop.http.HttpServer2$QuotingInputFilter)
2019-10-18 13:43:56,928 [main] INFO  http.HttpServer2 (HttpServer2.java:addFilter(948)) - Added filter static_user_filter (class=org.apache.hadoop.http.lib.StaticUserWebFilter$StaticUserFilter) to context hddsDatanode
2019-10-18 13:43:56,928 [main] INFO  http.HttpServer2 (HttpServer2.java:addFilter(958)) - Added filter static_user_filter (class=org.apache.hadoop.http.lib.StaticUserWebFilter$StaticUserFilter) to context logs
2019-10-18 13:43:56,929 [main] INFO  http.HttpServer2 (HttpServer2.java:addFilter(958)) - Added filter static_user_filter (class=org.apache.hadoop.http.lib.StaticUserWebFilter$StaticUserFilter) to context static
2019-10-18 13:43:56,929 [main] INFO  http.HttpServer2 (HttpServer2.java:bindListener(1191)) - Jetty bound to port 42434
2019-10-18 13:43:56,929 [main] INFO  server.Server (Server.java:doStart(351)) - jetty-9.3.25.v20180904, build timestamp: 2018-09-04T21:11:46Z, git hash: 3ce520221d0240229c862b122d2b06c12a625732
2019-10-18 13:43:56,932 [main] INFO  handler.ContextHandler (ContextHandler.java:doStart(781)) - Started o.e.j.s.ServletContextHandler@5fa23c{/logs,file:///workdir/hadoop-ozone/integration-test/target/log,AVAILABLE}
2019-10-18 13:43:56,932 [main] INFO  handler.ContextHandler (ContextHandler.java:doStart(781)) - Started o.e.j.s.ServletContextHandler@433348bc{/static,jar:file:/home/user/.m2/repository/org/apache/hadoop/hadoop-hdds-container-service/0.5.0-SNAPSHOT/hadoop-hdds-container-service-0.5.0-SNAPSHOT.jar!/webapps/static,AVAILABLE}
2019-10-18 13:43:56,939 [Datanode State Machine Thread - 0] INFO  datanode.InitDatanodeState (InitDatanodeState.java:persistContainerDatanodeDetails(140)) - DatanodeDetails is persisted to /workdir/hadoop-ozone/integration-test/target/test-dir/MiniOzoneClusterImpl-9d6dd75e-a22e-4447-b646-8faf5d797e6a/datanode-0/meta/datanode.id
2019-10-18 13:43:56,942 [Datanode State Machine Thread - 0] INFO  datanode.InitDatanodeState (InitDatanodeState.java:persistContainerDatanodeDetails(140)) - DatanodeDetails is persisted to /workdir/hadoop-ozone/integration-test/target/test-dir/MiniOzoneClusterImpl-9d6dd75e-a22e-4447-b646-8faf5d797e6a/datanode-1/meta/datanode.id
2019-10-18 13:43:56,967 [main] INFO  handler.ContextHandler (ContextHandler.java:doStart(781)) - Started o.e.j.w.WebAppContext@43e9089{/,file:///tmp/jetty-0.0.0.0-42434-hddsDatanode-_-any-2515221519312156520.dir/webapp/,AVAILABLE}{/hddsDatanode}
2019-10-18 13:43:56,968 [main] INFO  server.AbstractConnector (AbstractConnector.java:doStart(278)) - Started ServerConnector@3c5dbdf8{HTTP/1.1,[http/1.1]}{0.0.0.0:42434}
2019-10-18 13:43:56,968 [main] INFO  server.Server (Server.java:doStart(419)) - Started @5281ms
2019-10-18 13:43:56,968 [main] WARN  impl.MetricsSystemImpl (MetricsSystemImpl.java:register(276)) - Sink prometheus already exists!
2019-10-18 13:43:56,970 [main] INFO  server.BaseHttpServer (BaseHttpServer.java:updateConnectorAddress(215)) - HTTP server of HDDSDATANODE is listening at http://0.0.0.0:42434
2019-10-18 13:43:56,971 [main] INFO  ozone.MiniOzoneClusterImpl (MiniOzoneClusterImpl.java:lambda$waitForClusterToBeReady$0(147)) - Waiting for cluster to be ready. Got 0 of 3 DN Heartbeats.
2019-10-18 13:43:56,972 [org.apache.hadoop.util.JvmPauseMonitor$Monitor@50971806] INFO  util.JvmPauseMonitor (JvmPauseMonitor.java:run(188)) - Starting JVM pause monitor
2019-10-18 13:43:56,974 [Datanode State Machine Thread - 0] INFO  datanode.InitDatanodeState (InitDatanodeState.java:persistContainerDatanodeDetails(140)) - DatanodeDetails is persisted to /workdir/hadoop-ozone/integration-test/target/test-dir/MiniOzoneClusterImpl-9d6dd75e-a22e-4447-b646-8faf5d797e6a/datanode-2/meta/datanode.id
2019-10-18 13:43:57,971 [main] INFO  ozone.MiniOzoneClusterImpl (MiniOzoneClusterImpl.java:lambda$waitForClusterToBeReady$0(147)) - Waiting for cluster to be ready. Got 0 of 3 DN Heartbeats.
2019-10-18 13:43:58,897 [Datanode State Machine Thread - 0] INFO  ozoneimpl.OzoneContainer (OzoneContainer.java:start(213)) - Attempting to start container services.
2019-10-18 13:43:58,899 [Datanode State Machine Thread - 0] INFO  ozoneimpl.OzoneContainer (OzoneContainer.java:start(213)) - Attempting to start container services.
2019-10-18 13:43:58,903 [Datanode State Machine Thread - 0] INFO  ozoneimpl.OzoneContainer (OzoneContainer.java:startContainerScrub(177)) - Background container scanner has been disabled.
2019-10-18 13:43:58,903 [Datanode State Machine Thread - 0] INFO  ozoneimpl.OzoneContainer (OzoneContainer.java:startContainerScrub(177)) - Background container scanner has been disabled.
2019-10-18 13:43:58,903 [Datanode State Machine Thread - 0] INFO  ratis.XceiverServerRatis (XceiverServerRatis.java:start(418)) - Starting XceiverServerRatis 9d0a2f75-ce30-4dbd-af96-5adca13389b4 at port 0
2019-10-18 13:43:58,903 [Datanode State Machine Thread - 0] INFO  ratis.XceiverServerRatis (XceiverServerRatis.java:start(418)) - Starting XceiverServerRatis b7ce392e-07e5-43c4-a049-3141454252ec at port 0
2019-10-18 13:43:58,936 [Datanode State Machine Thread - 0] INFO  impl.RaftServerProxy (RaftServerProxy.java:lambda$start$3(299)) - 9d0a2f75-ce30-4dbd-af96-5adca13389b4: start RPC server
2019-10-18 13:43:58,936 [Datanode State Machine Thread - 0] INFO  impl.RaftServerProxy (RaftServerProxy.java:lambda$start$3(299)) - b7ce392e-07e5-43c4-a049-3141454252ec: start RPC server
2019-10-18 13:43:58,972 [main] INFO  ozone.MiniOzoneClusterImpl (MiniOzoneClusterImpl.java:lambda$waitForClusterToBeReady$0(147)) - Waiting for cluster to be ready. Got 0 of 3 DN Heartbeats.
2019-10-18 13:43:58,987 [Datanode State Machine Thread - 0] INFO  ozoneimpl.OzoneContainer (OzoneContainer.java:start(213)) - Attempting to start container services.
2019-10-18 13:43:58,989 [Datanode State Machine Thread - 0] INFO  ozoneimpl.OzoneContainer (OzoneContainer.java:startContainerScrub(177)) - Background container scanner has been disabled.
2019-10-18 13:43:58,989 [Datanode State Machine Thread - 0] INFO  ratis.XceiverServerRatis (XceiverServerRatis.java:start(418)) - Starting XceiverServerRatis 25bdb850-9456-40e4-9e32-2249eb72d793 at port 0
2019-10-18 13:43:59,000 [Datanode State Machine Thread - 0] INFO  impl.RaftServerProxy (RaftServerProxy.java:lambda$start$3(299)) - 25bdb850-9456-40e4-9e32-2249eb72d793: start RPC server
2019-10-18 13:43:59,053 [Datanode State Machine Thread - 0] INFO  server.GrpcService (GrpcService.java:startImpl(158)) - b7ce392e-07e5-43c4-a049-3141454252ec: GrpcService started, listening on 0.0.0.0/0.0.0.0:43203
2019-10-18 13:43:59,053 [Datanode State Machine Thread - 0] INFO  server.GrpcService (GrpcService.java:startImpl(158)) - 25bdb850-9456-40e4-9e32-2249eb72d793: GrpcService started, listening on 0.0.0.0/0.0.0.0:34143
2019-10-18 13:43:59,053 [Datanode State Machine Thread - 0] INFO  server.GrpcService (GrpcService.java:startImpl(158)) - 9d0a2f75-ce30-4dbd-af96-5adca13389b4: GrpcService started, listening on 0.0.0.0/0.0.0.0:35551
2019-10-18 13:43:59,055 [Datanode State Machine Thread - 0] INFO  ratis.XceiverServerRatis (XceiverServerRatis.java:start(428)) - XceiverServerRatis 25bdb850-9456-40e4-9e32-2249eb72d793 is started using port 34143
2019-10-18 13:43:59,054 [Datanode State Machine Thread - 0] INFO  ratis.XceiverServerRatis (XceiverServerRatis.java:start(428)) - XceiverServerRatis b7ce392e-07e5-43c4-a049-3141454252ec is started using port 43203
2019-10-18 13:43:59,055 [Datanode State Machine Thread - 0] INFO  ratis.XceiverServerRatis (XceiverServerRatis.java:start(428)) - XceiverServerRatis 9d0a2f75-ce30-4dbd-af96-5adca13389b4 is started using port 35551
2019-10-18 13:43:59,061 [Datanode State Machine Thread - 0] INFO  server.XceiverServerGrpc (XceiverServerGrpc.java:start(149)) - XceiverServerGrpc 9d0a2f75-ce30-4dbd-af96-5adca13389b4 is started using port 36025
2019-10-18 13:43:59,061 [Datanode State Machine Thread - 0] INFO  server.XceiverServerGrpc (XceiverServerGrpc.java:start(149)) - XceiverServerGrpc 25bdb850-9456-40e4-9e32-2249eb72d793 is started using port 39631
2019-10-18 13:43:59,061 [Datanode State Machine Thread - 0] INFO  server.XceiverServerGrpc (XceiverServerGrpc.java:start(149)) - XceiverServerGrpc b7ce392e-07e5-43c4-a049-3141454252ec is started using port 42297
2019-10-18 13:43:59,973 [main] INFO  ozone.MiniOzoneClusterImpl (MiniOzoneClusterImpl.java:lambda$waitForClusterToBeReady$0(147)) - Waiting for cluster to be ready. Got 0 of 3 DN Heartbeats.
2019-10-18 13:44:00,846 [IPC Server handler 0 on 38015] INFO  net.NetworkTopology (NetworkTopologyImpl.java:add(111)) - Added a new node: /default-rack/9d0a2f75-ce30-4dbd-af96-5adca13389b4
2019-10-18 13:44:00,847 [IPC Server handler 0 on 38015] INFO  node.SCMNodeManager (SCMNodeManager.java:register(268)) - Registered Data node : 9d0a2f75-ce30-4dbd-af96-5adca13389b4{ip: 192.168.69.85, host: pr-hdds-2292-qcvbb-3996421426, networkLocation: /default-rack, certSerialId: null}
2019-10-18 13:44:00,849 [EventQueue-NodeRegistrationContainerReportForDataNodeSafeModeRule] INFO  safemode.SCMSafeModeManager (DataNodeSafeModeRule.java:process(71)) - SCM in safe mode. 1 DataNodes registered, 1 required.
2019-10-18 13:44:00,849 [EventQueue-NodeRegistrationContainerReportForDataNodeSafeModeRule] INFO  safemode.SCMSafeModeManager (SCMSafeModeManager.java:validateSafeModeExitRules(177)) - ScmSafeModeManager, all rules are successfully validated
2019-10-18 13:44:00,850 [EventQueue-NodeRegistrationContainerReportForDataNodeSafeModeRule] INFO  safemode.SCMSafeModeManager (SCMSafeModeManager.java:exitSafeMode(193)) - SCM exiting safe mode.
2019-10-18 13:44:00,898 [IPC Server handler 3 on 38015] INFO  net.NetworkTopology (NetworkTopologyImpl.java:add(111)) - Added a new node: /default-rack/b7ce392e-07e5-43c4-a049-3141454252ec
2019-10-18 13:44:00,898 [IPC Server handler 3 on 38015] INFO  node.SCMNodeManager (SCMNodeManager.java:register(268)) - Registered Data node : b7ce392e-07e5-43c4-a049-3141454252ec{ip: 192.168.69.85, host: pr-hdds-2292-qcvbb-3996421426, networkLocation: /default-rack, certSerialId: null}
2019-10-18 13:44:00,973 [main] INFO  ozone.MiniOzoneClusterImpl (MiniOzoneClusterImpl.java:lambda$waitForClusterToBeReady$0(147)) - Waiting for cluster to be ready. Got 2 of 3 DN Heartbeats.
2019-10-18 13:44:00,974 [IPC Server handler 5 on 38015] INFO  net.NetworkTopology (NetworkTopologyImpl.java:add(111)) - Added a new node: /default-rack/25bdb850-9456-40e4-9e32-2249eb72d793
2019-10-18 13:44:00,974 [IPC Server handler 5 on 38015] INFO  node.SCMNodeManager (SCMNodeManager.java:register(268)) - Registered Data node : 25bdb850-9456-40e4-9e32-2249eb72d793{ip: 192.168.69.85, host: pr-hdds-2292-qcvbb-3996421426, networkLocation: /default-rack, certSerialId: null}
2019-10-18 13:44:01,294 [grpc-default-executor-0] INFO  impl.RaftServerProxy (RaftServerProxy.java:addNew(89)) - 9d0a2f75-ce30-4dbd-af96-5adca13389b4: addNew group-C092FB9A7431:[9d0a2f75-ce30-4dbd-af96-5adca13389b4:192.168.69.85:35551] returns group-C092FB9A7431:java.util.concurrent.CompletableFuture@7660f28d[Not completed]
2019-10-18 13:44:01,307 [pool-27-thread-1] INFO  impl.RaftServerImpl (RaftServerImpl.java:<init>(104)) - 9d0a2f75-ce30-4dbd-af96-5adca13389b4: new RaftServerImpl for group-C092FB9A7431:[9d0a2f75-ce30-4dbd-af96-5adca13389b4:192.168.69.85:35551] with ContainerStateMachine:uninitialized
2019-10-18 13:44:01,310 [pool-27-thread-1] INFO  server.RaftServerConfigKeys (ConfUtils.java:logGet(43)) - raft.server.rpc.timeout.min = 5s (custom)
2019-10-18 13:44:01,311 [pool-27-thread-1] INFO  server.RaftServerConfigKeys (ConfUtils.java:logGet(43)) - raft.server.rpc.timeout.max = 5200ms (custom)
2019-10-18 13:44:01,311 [pool-27-thread-1] INFO  server.RaftServerConfigKeys (ConfUtils.java:logGet(43)) - raft.server.rpcslowness.timeout = 1000s (custom)
2019-10-18 13:44:01,312 [pool-27-thread-1] INFO  server.RaftServerConfigKeys (ConfUtils.java:logGet(43)) - raft.server.sleep.deviation.threshold = 300 (default)
2019-10-18 13:44:01,313 [pool-27-thread-1] INFO  server.RaftServerConfigKeys (ConfUtils.java:logGet(43)) - raft.server.log.appender.install.snapshot.enabled = false (custom)
2019-10-18 13:44:01,323 [pool-27-thread-1] INFO  impl.RaftServerImpl (ServerState.java:<init>(103)) - 9d0a2f75-ce30-4dbd-af96-5adca13389b4@group-C092FB9A7431: ConfigurationManager, init=-1: [9d0a2f75-ce30-4dbd-af96-5adca13389b4:192.168.69.85:35551], old=null, confs=<EMPTY_MAP>
2019-10-18 13:44:01,323 [pool-27-thread-1] INFO  server.RaftServerConfigKeys (ConfUtils.java:logGet(43)) - raft.server.storage.dir = [/workdir/hadoop-ozone/integration-test/target/test-dir/MiniOzoneClusterImpl-9d6dd75e-a22e-4447-b646-8faf5d797e6a/datanode-0/data/ratis] (custom)
2019-10-18 13:44:01,330 [pool-27-thread-1] INFO  server.RaftServerConfigKeys (ConfUtils.java:logGet(43)) - raft.server.log.corruption.policy = EXCEPTION (default)
2019-10-18 13:44:01,332 [pool-27-thread-1] INFO  storage.RaftStorageDirectory (RaftStorageDirectory.java:analyzeStorage(246)) - The storage directory /workdir/hadoop-ozone/integration-test/target/test-dir/MiniOzoneClusterImpl-9d6dd75e-a22e-4447-b646-8faf5d797e6a/datanode-0/data/ratis/323d032c-d40e-44a1-8f78-c092fb9a7431 does not exist. Creating ...
2019-10-18 13:44:01,357 [pool-27-thread-1] INFO  storage.RaftStorageDirectory (RaftStorageDirectory.java:tryLock(328)) - Lock on /workdir/hadoop-ozone/integration-test/target/test-dir/MiniOzoneClusterImpl-9d6dd75e-a22e-4447-b646-8faf5d797e6a/datanode-0/data/ratis/323d032c-d40e-44a1-8f78-c092fb9a7431/in_use.lock acquired by nodename 3503@pr-hdds-2292-qcvbb-3996421426
2019-10-18 13:44:01,385 [pool-27-thread-1] INFO  storage.RaftStorage (RaftStorage.java:format(84)) - Storage directory /workdir/hadoop-ozone/integration-test/target/test-dir/MiniOzoneClusterImpl-9d6dd75e-a22e-4447-b646-8faf5d797e6a/datanode-0/data/ratis/323d032c-d40e-44a1-8f78-c092fb9a7431 has been successfully formatted.
2019-10-18 13:44:01,388 [pool-27-thread-1] INFO  ratis.ContainerStateMachine (ContainerStateMachine.java:loadSnapshot(231)) - group-C092FB9A7431: The snapshot info is null. Setting the last applied indexto:(t:0, i:~)
2019-10-18 13:44:01,388 [pool-27-thread-1] INFO  server.RaftServerConfigKeys (ConfUtils.java:logGet(43)) - raft.server.notification.no-leader.timeout = 1000s (custom)
2019-10-18 13:44:01,390 [pool-27-thread-1] INFO  server.RaftServerConfigKeys (ConfUtils.java:logGet(43)) - raft.server.log.use.memory = false (default)
2019-10-18 13:44:01,395 [pool-27-thread-1] INFO  server.RaftServerConfigKeys (ConfUtils.java:logGet(43)) - raft.server.log.purge.gap = 1000000 (custom)
2019-10-18 13:44:01,395 [pool-27-thread-1] INFO  server.RaftServerConfigKeys (ConfUtils.java:logGet(43)) - raft.server.log.appender.buffer.byte-limit = 33554432 (custom)
2019-10-18 13:44:01,397 [pool-27-thread-1] INFO  server.RaftServerConfigKeys (ConfUtils.java:logGet(43)) - raft.server.log.segment.size.max = 1048576 (custom)
2019-10-18 13:44:01,398 [pool-27-thread-1] INFO  impl.MetricsSystemImpl (MetricsSystemImpl.java:init(158)) - ratis metrics system started (again)
2019-10-18 13:44:01,401 [pool-27-thread-1] INFO  metrics.MetricRegistries (MetricRegistriesLoader.java:load(64)) - Loaded MetricRegistries class org.apache.ratis.metrics.impl.MetricRegistriesImpl
2019-10-18 13:44:01,433 [pool-27-thread-1] INFO  server.RaftServerConfigKeys (ConfUtils.java:logGet(43)) - raft.server.log.segment.cache.num.max = 2 (custom)
2019-10-18 13:44:01,437 [pool-27-thread-1] INFO  segmented.SegmentedRaftLogWorker (SegmentedRaftLogWorker.java:<init>(173)) - new 9d0a2f75-ce30-4dbd-af96-5adca13389b4@group-C092FB9A7431-SegmentedRaftLogWorker for RaftStorage:Storage Directory /workdir/hadoop-ozone/integration-test/target/test-dir/MiniOzoneClusterImpl-9d6dd75e-a22e-4447-b646-8faf5d797e6a/datanode-0/data/ratis/323d032c-d40e-44a1-8f78-c092fb9a7431
2019-10-18 13:44:01,438 [pool-27-thread-1] INFO  server.RaftServerConfigKeys (ConfUtils.java:logGet(43)) - raft.server.log.queue.byte-limit = 2147483647 (custom)
2019-10-18 13:44:01,438 [pool-27-thread-1] INFO  server.RaftServerConfigKeys (ConfUtils.java:logGet(43)) - raft.server.log.queue.element-limit = 1024 (custom)
2019-10-18 13:44:01,439 [pool-27-thread-1] INFO  server.RaftServerConfigKeys (ConfUtils.java:logGet(43)) - raft.server.log.segment.size.max = 1048576 (custom)
2019-10-18 13:44:01,440 [pool-27-thread-1] INFO  server.RaftServerConfigKeys (ConfUtils.java:logGet(43)) - raft.server.log.preallocated.size = 16384 (custom)
2019-10-18 13:44:01,440 [pool-27-thread-1] INFO  server.RaftServerConfigKeys (ConfUtils.java:logGet(43)) - raft.server.log.write.buffer.size = 33554432 (custom)
2019-10-18 13:44:01,440 [pool-27-thread-1] INFO  server.RaftServerConfigKeys (ConfUtils.java:logGet(43)) - raft.server.log.force.sync.num = 128 (default)
2019-10-18 13:44:01,441 [pool-27-thread-1] INFO  server.RaftServerConfigKeys (ConfUtils.java:logGet(43)) - raft.server.log.statemachine.data.sync = true (default)
2019-10-18 13:44:01,441 [pool-27-thread-1] INFO  server.RaftServerConfigKeys (ConfUtils.java:logGet(43)) - raft.server.log.statemachine.data.sync.timeout = 10s (default)
2019-10-18 13:44:01,442 [pool-27-thread-1] INFO  server.RaftServerConfigKeys (ConfUtils.java:logGet(43)) - raft.server.log.statemachine.data.sync.timeout.retry = -1 (default)
2019-10-18 13:44:01,452 [pool-27-thread-1] INFO  server.RaftServerConfigKeys (ConfUtils.java:logGet(43)) - raft.server.log.statemachine.data.caching.enabled = true (custom)
2019-10-18 13:44:01,457 [pool-27-thread-1] INFO  segmented.SegmentedRaftLogWorker (SegmentedRaftLogWorker.java:lambda$new$0(128)) - 9d0a2f75-ce30-4dbd-af96-5adca13389b4@group-C092FB9A7431-SegmentedRaftLogWorker: flushIndex: setUnconditionally 0 -> -1
2019-10-18 13:44:01,460 [pool-27-thread-1] INFO  server.RaftServerConfigKeys (ConfUtils.java:logGet(43)) - raft.server.snapshot.auto.trigger.enabled = true (custom)
2019-10-18 13:44:01,461 [pool-27-thread-1] INFO  server.RaftServerConfigKeys (ConfUtils.java:logGet(43)) - raft.server.snapshot.auto.trigger.threshold = 10000 (custom)
2019-10-18 13:44:01,462 [pool-27-thread-1] INFO  server.RaftServerConfigKeys (ConfUtils.java:logGet(43)) - raft.server.snapshot.retention.file.num = 5 (custom)
2019-10-18 13:44:01,462 [pool-27-thread-1] INFO  server.RaftServerConfigKeys (ConfUtils.java:logGet(43)) - raft.server.retrycache.expirytime = 600000ms (custom)
2019-10-18 13:44:01,490 [pool-27-thread-1] INFO  impl.RaftServerImpl (RaftServerImpl.java:start(195)) - 9d0a2f75-ce30-4dbd-af96-5adca13389b4@group-C092FB9A7431: start as a follower, conf=-1: [9d0a2f75-ce30-4dbd-af96-5adca13389b4:192.168.69.85:35551], old=null
2019-10-18 13:44:01,491 [pool-27-thread-1] INFO  impl.RaftServerImpl (RaftServerImpl.java:setRole(184)) - 9d0a2f75-ce30-4dbd-af96-5adca13389b4@group-C092FB9A7431: changes role from      null to FOLLOWER at term 0 for startAsFollower
2019-10-18 13:44:01,492 [pool-27-thread-1] INFO  impl.RoleInfo (RoleInfo.java:updateAndGet(143)) - 9d0a2f75-ce30-4dbd-af96-5adca13389b4: start FollowerState
2019-10-18 13:44:01,493 [pool-27-thread-1] INFO  util.JmxRegister (JmxRegister.java:tryRegister(44)) - Successfully registered JMX Bean with object name Ratis:service=RaftServer,group=group-C092FB9A7431,id=9d0a2f75-ce30-4dbd-af96-5adca13389b4
2019-10-18 13:44:01,551 [RatisPipelineUtilsThread] INFO  pipeline.PipelineStateManager (PipelineStateManager.java:addPipeline(56)) - Created pipeline Pipeline[ Id: 323d032c-d40e-44a1-8f78-c092fb9a7431, Nodes: 9d0a2f75-ce30-4dbd-af96-5adca13389b4{ip: 192.168.69.85, host: pr-hdds-2292-qcvbb-3996421426, networkLocation: /default-rack, certSerialId: null}, Type:RATIS, Factor:ONE, State:OPEN]
2019-10-18 13:44:01,551 [Thread-186] INFO  impl.FollowerState (FollowerState.java:run(108)) - 9d0a2f75-ce30-4dbd-af96-5adca13389b4@group-C092FB9A7431-FollowerState: change to CANDIDATE, lastRpcTime:59ms, electionTimeout:59ms
2019-10-18 13:44:01,555 [Thread-186] INFO  impl.RoleInfo (RoleInfo.java:shutdownFollowerState(121)) - 9d0a2f75-ce30-4dbd-af96-5adca13389b4: shutdown FollowerState
2019-10-18 13:44:01,555 [Thread-186] INFO  impl.RaftServerImpl (RaftServerImpl.java:setRole(184)) - 9d0a2f75-ce30-4dbd-af96-5adca13389b4@group-C092FB9A7431: changes role from  FOLLOWER to CANDIDATE at term 0 for changeToCandidate
2019-10-18 13:44:01,560 [Thread-186] INFO  impl.RoleInfo (RoleInfo.java:updateAndGet(143)) - 9d0a2f75-ce30-4dbd-af96-5adca13389b4: start LeaderElection
2019-10-18 13:44:01,573 [grpc-default-executor-0] INFO  impl.RaftServerProxy (RaftServerProxy.java:addNew(89)) - 25bdb850-9456-40e4-9e32-2249eb72d793: addNew group-CCA166F66943:[25bdb850-9456-40e4-9e32-2249eb72d793:192.168.69.85:34143] returns group-CCA166F66943:java.util.concurrent.CompletableFuture@4ed7872c[Not completed]
2019-10-18 13:44:01,579 [9d0a2f75-ce30-4dbd-af96-5adca13389b4@group-C092FB9A7431-LeaderElection1] INFO  impl.LeaderElection (LeaderElection.java:askForVotes(178)) - 9d0a2f75-ce30-4dbd-af96-5adca13389b4@group-C092FB9A7431-LeaderElection1: begin an election at term 1 for -1: [9d0a2f75-ce30-4dbd-af96-5adca13389b4:192.168.69.85:35551], old=null
2019-10-18 13:44:01,595 [9d0a2f75-ce30-4dbd-af96-5adca13389b4@group-C092FB9A7431-LeaderElection1] INFO  impl.RoleInfo (RoleInfo.java:shutdownLeaderElection(134)) - 9d0a2f75-ce30-4dbd-af96-5adca13389b4: shutdown LeaderElection
2019-10-18 13:44:01,596 [pool-47-thread-1] INFO  impl.RaftServerImpl (RaftServerImpl.java:<init>(104)) - 25bdb850-9456-40e4-9e32-2249eb72d793: new RaftServerImpl for group-CCA166F66943:[25bdb850-9456-40e4-9e32-2249eb72d793:192.168.69.85:34143] with ContainerStateMachine:uninitialized
2019-10-18 13:44:01,596 [9d0a2f75-ce30-4dbd-af96-5adca13389b4@group-C092FB9A7431-LeaderElection1] INFO  impl.RaftServerImpl (RaftServerImpl.java:setRole(184)) - 9d0a2f75-ce30-4dbd-af96-5adca13389b4@group-C092FB9A7431: changes role from CANDIDATE to LEADER at term 1 for changeToLeader
2019-10-18 13:44:01,596 [pool-47-thread-1] INFO  server.RaftServerConfigKeys (ConfUtils.java:logGet(43)) - raft.server.rpc.timeout.min = 5s (custom)
2019-10-18 13:44:01,597 [9d0a2f75-ce30-4dbd-af96-5adca13389b4@group-C092FB9A7431-LeaderElection1] INFO  impl.RaftServerImpl (ServerState.java:setLeader(256)) - 9d0a2f75-ce30-4dbd-af96-5adca13389b4@group-C092FB9A7431: change Leader from null to 9d0a2f75-ce30-4dbd-af96-5adca13389b4 at term 1 for becomeLeader, leader elected after 208ms
2019-10-18 13:44:01,597 [pool-47-thread-1] INFO  server.RaftServerConfigKeys (ConfUtils.java:logGet(43)) - raft.server.rpc.timeout.max = 5200ms (custom)
2019-10-18 13:44:01,597 [pool-47-thread-1] INFO  server.RaftServerConfigKeys (ConfUtils.java:logGet(43)) - raft.server.rpcslowness.timeout = 1000s (custom)
2019-10-18 13:44:01,597 [pool-47-thread-1] INFO  server.RaftServerConfigKeys (ConfUtils.java:logGet(43)) - raft.server.sleep.deviation.threshold = 300 (default)
2019-10-18 13:44:01,597 [pool-47-thread-1] INFO  server.RaftServerConfigKeys (ConfUtils.java:logGet(43)) - raft.server.log.appender.install.snapshot.enabled = false (custom)
2019-10-18 13:44:01,597 [pool-47-thread-1] INFO  impl.RaftServerImpl (ServerState.java:<init>(103)) - 25bdb850-9456-40e4-9e32-2249eb72d793@group-CCA166F66943: ConfigurationManager, init=-1: [25bdb850-9456-40e4-9e32-2249eb72d793:192.168.69.85:34143], old=null, confs=<EMPTY_MAP>
2019-10-18 13:44:01,598 [pool-47-thread-1] INFO  server.RaftServerConfigKeys (ConfUtils.java:logGet(43)) - raft.server.storage.dir = [/workdir/hadoop-ozone/integration-test/target/test-dir/MiniOzoneClusterImpl-9d6dd75e-a22e-4447-b646-8faf5d797e6a/datanode-2/data/ratis] (custom)
2019-10-18 13:44:01,598 [pool-47-thread-1] INFO  server.RaftServerConfigKeys (ConfUtils.java:logGet(43)) - raft.server.log.corruption.policy = EXCEPTION (default)
2019-10-18 13:44:01,598 [pool-47-thread-1] INFO  storage.RaftStorageDirectory (RaftStorageDirectory.java:analyzeStorage(246)) - The storage directory /workdir/hadoop-ozone/integration-test/target/test-dir/MiniOzoneClusterImpl-9d6dd75e-a22e-4447-b646-8faf5d797e6a/datanode-2/data/ratis/063ecc6a-25c1-44c7-a837-cca166f66943 does not exist. Creating ...
2019-10-18 13:44:01,601 [9d0a2f75-ce30-4dbd-af96-5adca13389b4@group-C092FB9A7431-LeaderElection1] INFO  server.RaftServerConfigKeys (ConfUtils.java:logGet(43)) - raft.server.staging.catchup.gap = 1000 (default)
2019-10-18 13:44:01,601 [9d0a2f75-ce30-4dbd-af96-5adca13389b4@group-C092FB9A7431-LeaderElection1] INFO  server.RaftServerConfigKeys (ConfUtils.java:logGet(43)) - raft.server.rpc.sleep.time = 25ms (default)
2019-10-18 13:44:01,605 [9d0a2f75-ce30-4dbd-af96-5adca13389b4@group-C092FB9A7431-LeaderElection1] INFO  server.RaftServerConfigKeys (ConfUtils.java:logGet(43)) - raft.server.write.element-limit = 4096 (default)
2019-10-18 13:44:01,607 [9d0a2f75-ce30-4dbd-af96-5adca13389b4@group-C092FB9A7431-LeaderElection1] INFO  server.RaftServerConfigKeys (ConfUtils.java:logGet(43)) - raft.server.watch.timeout = 10s (default)
2019-10-18 13:44:01,607 [9d0a2f75-ce30-4dbd-af96-5adca13389b4@group-C092FB9A7431-LeaderElection1] INFO  server.RaftServerConfigKeys (ConfUtils.java:logGet(43)) - raft.server.watch.timeout.denomination = 1s (default)
2019-10-18 13:44:01,607 [9d0a2f75-ce30-4dbd-af96-5adca13389b4@group-C092FB9A7431-LeaderElection1] INFO  server.RaftServerConfigKeys (ConfUtils.java:logGet(43)) - raft.server.watch.element-limit = 65536 (default)
2019-10-18 13:44:01,612 [pool-47-thread-1] INFO  storage.RaftStorageDirectory (RaftStorageDirectory.java:tryLock(328)) - Lock on /workdir/hadoop-ozone/integration-test/target/test-dir/MiniOzoneClusterImpl-9d6dd75e-a22e-4447-b646-8faf5d797e6a/datanode-2/data/ratis/063ecc6a-25c1-44c7-a837-cca166f66943/in_use.lock acquired by nodename 3503@pr-hdds-2292-qcvbb-3996421426
2019-10-18 13:44:01,619 [9d0a2f75-ce30-4dbd-af96-5adca13389b4@group-C092FB9A7431-LeaderElection1] INFO  impl.RoleInfo (RoleInfo.java:updateAndGet(143)) - 9d0a2f75-ce30-4dbd-af96-5adca13389b4: start LeaderState
2019-10-18 13:44:01,625 [pool-47-thread-1] INFO  storage.RaftStorage (RaftStorage.java:format(84)) - Storage directory /workdir/hadoop-ozone/integration-test/target/test-dir/MiniOzoneClusterImpl-9d6dd75e-a22e-4447-b646-8faf5d797e6a/datanode-2/data/ratis/063ecc6a-25c1-44c7-a837-cca166f66943 has been successfully formatted.
2019-10-18 13:44:01,627 [pool-47-thread-1] INFO  ratis.ContainerStateMachine (ContainerStateMachine.java:loadSnapshot(231)) - group-CCA166F66943: The snapshot info is null. Setting the last applied indexto:(t:0, i:~)
2019-10-18 13:44:01,628 [pool-47-thread-1] INFO  server.RaftServerConfigKeys (ConfUtils.java:logGet(43)) - raft.server.notification.no-leader.timeout = 1000s (custom)
2019-10-18 13:44:01,628 [pool-47-thread-1] INFO  server.RaftServerConfigKeys (ConfUtils.java:logGet(43)) - raft.server.log.use.memory = false (default)
2019-10-18 13:44:01,628 [pool-47-thread-1] INFO  server.RaftServerConfigKeys (ConfUtils.java:logGet(43)) - raft.server.log.purge.gap = 1000000 (custom)
2019-10-18 13:44:01,628 [pool-47-thread-1] INFO  server.RaftServerConfigKeys (ConfUtils.java:logGet(43)) - raft.server.log.appender.buffer.byte-limit = 33554432 (custom)
2019-10-18 13:44:01,628 [pool-47-thread-1] INFO  server.RaftServerConfigKeys (ConfUtils.java:logGet(43)) - raft.server.log.segment.size.max = 1048576 (custom)
2019-10-18 13:44:01,652 [pool-47-thread-1] INFO  server.RaftServerConfigKeys (ConfUtils.java:logGet(43)) - raft.server.log.segment.cache.num.max = 2 (custom)
2019-10-18 13:44:01,652 [pool-47-thread-1] INFO  segmented.SegmentedRaftLogWorker (SegmentedRaftLogWorker.java:<init>(173)) - new 25bdb850-9456-40e4-9e32-2249eb72d793@group-CCA166F66943-SegmentedRaftLogWorker for RaftStorage:Storage Directory /workdir/hadoop-ozone/integration-test/target/test-dir/MiniOzoneClusterImpl-9d6dd75e-a22e-4447-b646-8faf5d797e6a/datanode-2/data/ratis/063ecc6a-25c1-44c7-a837-cca166f66943
2019-10-18 13:44:01,654 [pool-47-thread-1] INFO  server.RaftServerConfigKeys (ConfUtils.java:logGet(43)) - raft.server.log.queue.byte-limit = 2147483647 (custom)
2019-10-18 13:44:01,654 [pool-47-thread-1] INFO  server.RaftServerConfigKeys (ConfUtils.java:logGet(43)) - raft.server.log.queue.element-limit = 1024 (custom)
2019-10-18 13:44:01,654 [pool-47-thread-1] INFO  server.RaftServerConfigKeys (ConfUtils.java:logGet(43)) - raft.server.log.segment.size.max = 1048576 (custom)
2019-10-18 13:44:01,654 [pool-47-thread-1] INFO  server.RaftServerConfigKeys (ConfUtils.java:logGet(43)) - raft.server.log.preallocated.size = 16384 (custom)
2019-10-18 13:44:01,654 [pool-47-thread-1] INFO  server.RaftServerConfigKeys (ConfUtils.java:logGet(43)) - raft.server.log.write.buffer.size = 33554432 (custom)
2019-10-18 13:44:01,654 [pool-47-thread-1] INFO  server.RaftServerConfigKeys (ConfUtils.java:logGet(43)) - raft.server.log.force.sync.num = 128 (default)
2019-10-18 13:44:01,654 [pool-47-thread-1] INFO  server.RaftServerConfigKeys (ConfUtils.java:logGet(43)) - raft.server.log.statemachine.data.sync = true (default)
2019-10-18 13:44:01,655 [pool-47-thread-1] INFO  server.RaftServerConfigKeys (ConfUtils.java:logGet(43)) - raft.server.log.statemachine.data.sync.timeout = 10s (default)
2019-10-18 13:44:01,655 [pool-47-thread-1] INFO  server.RaftServerConfigKeys (ConfUtils.java:logGet(43)) - raft.server.log.statemachine.data.sync.timeout.retry = -1 (default)
2019-10-18 13:44:01,655 [pool-47-thread-1] INFO  server.RaftServerConfigKeys (ConfUtils.java:logGet(43)) - raft.server.log.statemachine.data.caching.enabled = true (custom)
2019-10-18 13:44:01,656 [pool-47-thread-1] INFO  segmented.SegmentedRaftLogWorker (SegmentedRaftLogWorker.java:lambda$new$0(128)) - 25bdb850-9456-40e4-9e32-2249eb72d793@group-CCA166F66943-SegmentedRaftLogWorker: flushIndex: setUnconditionally 0 -> -1
2019-10-18 13:44:01,656 [pool-47-thread-1] INFO  server.RaftServerConfigKeys (ConfUtils.java:logGet(43)) - raft.server.snapshot.auto.trigger.enabled = true (custom)
2019-10-18 13:44:01,656 [pool-47-thread-1] INFO  server.RaftServerConfigKeys (ConfUtils.java:logGet(43)) - raft.server.snapshot.auto.trigger.threshold = 10000 (custom)
2019-10-18 13:44:01,656 [pool-47-thread-1] INFO  server.RaftServerConfigKeys (ConfUtils.java:logGet(43)) - raft.server.snapshot.retention.file.num = 5 (custom)
2019-10-18 13:44:01,656 [9d0a2f75-ce30-4dbd-af96-5adca13389b4@group-C092FB9A7431-LeaderElection1] INFO  segmented.SegmentedRaftLogWorker (SegmentedRaftLogWorker.java:startLogSegment(385)) - 9d0a2f75-ce30-4dbd-af96-5adca13389b4@group-C092FB9A7431-SegmentedRaftLogWorker: Starting segment from index:0
2019-10-18 13:44:01,656 [pool-47-thread-1] INFO  server.RaftServerConfigKeys (ConfUtils.java:logGet(43)) - raft.server.retrycache.expirytime = 600000ms (custom)
2019-10-18 13:44:01,663 [pool-47-thread-1] INFO  impl.RaftServerImpl (RaftServerImpl.java:start(195)) - 25bdb850-9456-40e4-9e32-2249eb72d793@group-CCA166F66943: start as a follower, conf=-1: [25bdb850-9456-40e4-9e32-2249eb72d793:192.168.69.85:34143], old=null
2019-10-18 13:44:01,663 [pool-47-thread-1] INFO  impl.RaftServerImpl (RaftServerImpl.java:setRole(184)) - 25bdb850-9456-40e4-9e32-2249eb72d793@group-CCA166F66943: changes role from      null to FOLLOWER at term 0 for startAsFollower
2019-10-18 13:44:01,663 [pool-47-thread-1] INFO  impl.RoleInfo (RoleInfo.java:updateAndGet(143)) - 25bdb850-9456-40e4-9e32-2249eb72d793: start FollowerState
2019-10-18 13:44:01,664 [pool-47-thread-1] INFO  util.JmxRegister (JmxRegister.java:tryRegister(44)) - Successfully registered JMX Bean with object name Ratis:service=RaftServer,group=group-CCA166F66943,id=25bdb850-9456-40e4-9e32-2249eb72d793
2019-10-18 13:44:01,669 [9d0a2f75-ce30-4dbd-af96-5adca13389b4@group-C092FB9A7431-LeaderElection1] INFO  impl.RaftServerImpl (ServerState.java:setRaftConf(357)) - 9d0a2f75-ce30-4dbd-af96-5adca13389b4@group-C092FB9A7431: set configuration 0: [9d0a2f75-ce30-4dbd-af96-5adca13389b4:192.168.69.85:35551], old=null at 0
2019-10-18 13:44:01,675 [RatisPipelineUtilsThread] INFO  pipeline.PipelineStateManager (PipelineStateManager.java:addPipeline(56)) - Created pipeline Pipeline[ Id: 063ecc6a-25c1-44c7-a837-cca166f66943, Nodes: 25bdb850-9456-40e4-9e32-2249eb72d793{ip: 192.168.69.85, host: pr-hdds-2292-qcvbb-3996421426, networkLocation: /default-rack, certSerialId: null}, Type:RATIS, Factor:ONE, State:OPEN]
2019-10-18 13:44:01,688 [grpc-default-executor-0] INFO  impl.RaftServerProxy (RaftServerProxy.java:addNew(89)) - b7ce392e-07e5-43c4-a049-3141454252ec: addNew group-2BE19B46B106:[b7ce392e-07e5-43c4-a049-3141454252ec:192.168.69.85:43203] returns group-2BE19B46B106:java.util.concurrent.CompletableFuture@299fce43[Not completed]
2019-10-18 13:44:01,690 [pool-37-thread-1] INFO  impl.RaftServerImpl (RaftServerImpl.java:<init>(104)) - b7ce392e-07e5-43c4-a049-3141454252ec: new RaftServerImpl for group-2BE19B46B106:[b7ce392e-07e5-43c4-a049-3141454252ec:192.168.69.85:43203] with ContainerStateMachine:uninitialized
2019-10-18 13:44:01,690 [pool-37-thread-1] INFO  server.RaftServerConfigKeys (ConfUtils.java:logGet(43)) - raft.server.rpc.timeout.min = 5s (custom)
2019-10-18 13:44:01,691 [pool-37-thread-1] INFO  server.RaftServerConfigKeys (ConfUtils.java:logGet(43)) - raft.server.rpc.timeout.max = 5200ms (custom)
2019-10-18 13:44:01,691 [pool-37-thread-1] INFO  server.RaftServerConfigKeys (ConfUtils.java:logGet(43)) - raft.server.rpcslowness.timeout = 1000s (custom)
2019-10-18 13:44:01,691 [pool-37-thread-1] INFO  server.RaftServerConfigKeys (ConfUtils.java:logGet(43)) - raft.server.sleep.deviation.threshold = 300 (default)
2019-10-18 13:44:01,691 [pool-37-thread-1] INFO  server.RaftServerConfigKeys (ConfUtils.java:logGet(43)) - raft.server.log.appender.install.snapshot.enabled = false (custom)
2019-10-18 13:44:01,691 [pool-37-thread-1] INFO  impl.RaftServerImpl (ServerState.java:<init>(103)) - b7ce392e-07e5-43c4-a049-3141454252ec@group-2BE19B46B106: ConfigurationManager, init=-1: [b7ce392e-07e5-43c4-a049-3141454252ec:192.168.69.85:43203], old=null, confs=<EMPTY_MAP>
2019-10-18 13:44:01,691 [pool-37-thread-1] INFO  server.RaftServerConfigKeys (ConfUtils.java:logGet(43)) - raft.server.storage.dir = [/workdir/hadoop-ozone/integration-test/target/test-dir/MiniOzoneClusterImpl-9d6dd75e-a22e-4447-b646-8faf5d797e6a/datanode-1/data/ratis] (custom)
2019-10-18 13:44:01,692 [pool-37-thread-1] INFO  server.RaftServerConfigKeys (ConfUtils.java:logGet(43)) - raft.server.log.corruption.policy = EXCEPTION (default)
2019-10-18 13:44:01,692 [pool-37-thread-1] INFO  storage.RaftStorageDirectory (RaftStorageDirectory.java:analyzeStorage(246)) - The storage directory /workdir/hadoop-ozone/integration-test/target/test-dir/MiniOzoneClusterImpl-9d6dd75e-a22e-4447-b646-8faf5d797e6a/datanode-1/data/ratis/e873a63f-78d7-4acf-8d75-2be19b46b106 does not exist. Creating ...
2019-10-18 13:44:01,705 [pool-37-thread-1] INFO  storage.RaftStorageDirectory (RaftStorageDirectory.java:tryLock(328)) - Lock on /workdir/hadoop-ozone/integration-test/target/test-dir/MiniOzoneClusterImpl-9d6dd75e-a22e-4447-b646-8faf5d797e6a/datanode-1/data/ratis/e873a63f-78d7-4acf-8d75-2be19b46b106/in_use.lock acquired by nodename 3503@pr-hdds-2292-qcvbb-3996421426
2019-10-18 13:44:01,727 [pool-37-thread-1] INFO  storage.RaftStorage (RaftStorage.java:format(84)) - Storage directory /workdir/hadoop-ozone/integration-test/target/test-dir/MiniOzoneClusterImpl-9d6dd75e-a22e-4447-b646-8faf5d797e6a/datanode-1/data/ratis/e873a63f-78d7-4acf-8d75-2be19b46b106 has been successfully formatted.
2019-10-18 13:44:01,727 [pool-37-thread-1] INFO  ratis.ContainerStateMachine (ContainerStateMachine.java:loadSnapshot(231)) - group-2BE19B46B106: The snapshot info is null. Setting the last applied indexto:(t:0, i:~)
2019-10-18 13:44:01,728 [pool-37-thread-1] INFO  server.RaftServerConfigKeys (ConfUtils.java:logGet(43)) - raft.server.notification.no-leader.timeout = 1000s (custom)
2019-10-18 13:44:01,728 [pool-37-thread-1] INFO  server.RaftServerConfigKeys (ConfUtils.java:logGet(43)) - raft.server.log.use.memory = false (default)
2019-10-18 13:44:01,728 [pool-37-thread-1] INFO  server.RaftServerConfigKeys (ConfUtils.java:logGet(43)) - raft.server.log.purge.gap = 1000000 (custom)
2019-10-18 13:44:01,728 [pool-37-thread-1] INFO  server.RaftServerConfigKeys (ConfUtils.java:logGet(43)) - raft.server.log.appender.buffer.byte-limit = 33554432 (custom)
2019-10-18 13:44:01,729 [pool-37-thread-1] INFO  server.RaftServerConfigKeys (ConfUtils.java:logGet(43)) - raft.server.log.segment.size.max = 1048576 (custom)
2019-10-18 13:44:01,733 [pool-37-thread-1] INFO  server.RaftServerConfigKeys (ConfUtils.java:logGet(43)) - raft.server.log.segment.cache.num.max = 2 (custom)
2019-10-18 13:44:01,733 [pool-37-thread-1] INFO  segmented.SegmentedRaftLogWorker (SegmentedRaftLogWorker.java:<init>(173)) - new b7ce392e-07e5-43c4-a049-3141454252ec@group-2BE19B46B106-SegmentedRaftLogWorker for RaftStorage:Storage Directory /workdir/hadoop-ozone/integration-test/target/test-dir/MiniOzoneClusterImpl-9d6dd75e-a22e-4447-b646-8faf5d797e6a/datanode-1/data/ratis/e873a63f-78d7-4acf-8d75-2be19b46b106
2019-10-18 13:44:01,733 [pool-37-thread-1] INFO  server.RaftServerConfigKeys (ConfUtils.java:logGet(43)) - raft.server.log.queue.byte-limit = 2147483647 (custom)
2019-10-18 13:44:01,733 [pool-37-thread-1] INFO  server.RaftServerConfigKeys (ConfUtils.java:logGet(43)) - raft.server.log.queue.element-limit = 1024 (custom)
2019-10-18 13:44:01,733 [pool-37-thread-1] INFO  server.RaftServerConfigKeys (ConfUtils.java:logGet(43)) - raft.server.log.segment.size.max = 1048576 (custom)
2019-10-18 13:44:01,734 [pool-37-thread-1] INFO  server.RaftServerConfigKeys (ConfUtils.java:logGet(43)) - raft.server.log.preallocated.size = 16384 (custom)
2019-10-18 13:44:01,734 [pool-37-thread-1] INFO  server.RaftServerConfigKeys (ConfUtils.java:logGet(43)) - raft.server.log.write.buffer.size = 33554432 (custom)
2019-10-18 13:44:01,734 [pool-37-thread-1] INFO  server.RaftServerConfigKeys (ConfUtils.java:logGet(43)) - raft.server.log.force.sync.num = 128 (default)
2019-10-18 13:44:01,734 [pool-37-thread-1] INFO  server.RaftServerConfigKeys (ConfUtils.java:logGet(43)) - raft.server.log.statemachine.data.sync = true (default)
2019-10-18 13:44:01,734 [pool-37-thread-1] INFO  server.RaftServerConfigKeys (ConfUtils.java:logGet(43)) - raft.server.log.statemachine.data.sync.timeout = 10s (default)
2019-10-18 13:44:01,734 [pool-37-thread-1] INFO  server.RaftServerConfigKeys (ConfUtils.java:logGet(43)) - raft.server.log.statemachine.data.sync.timeout.retry = -1 (default)
2019-10-18 13:44:01,735 [pool-37-thread-1] INFO  server.RaftServerConfigKeys (ConfUtils.java:logGet(43)) - raft.server.log.statemachine.data.caching.enabled = true (custom)
2019-10-18 13:44:01,735 [pool-37-thread-1] INFO  segmented.SegmentedRaftLogWorker (SegmentedRaftLogWorker.java:lambda$new$0(128)) - b7ce392e-07e5-43c4-a049-3141454252ec@group-2BE19B46B106-SegmentedRaftLogWorker: flushIndex: setUnconditionally 0 -> -1
2019-10-18 13:44:01,736 [pool-37-thread-1] INFO  server.RaftServerConfigKeys (ConfUtils.java:logGet(43)) - raft.server.snapshot.auto.trigger.enabled = true (custom)
2019-10-18 13:44:01,736 [pool-37-thread-1] INFO  server.RaftServerConfigKeys (ConfUtils.java:logGet(43)) - raft.server.snapshot.auto.trigger.threshold = 10000 (custom)
2019-10-18 13:44:01,736 [pool-37-thread-1] INFO  server.RaftServerConfigKeys (ConfUtils.java:logGet(43)) - raft.server.snapshot.retention.file.num = 5 (custom)
2019-10-18 13:44:01,736 [pool-37-thread-1] INFO  server.RaftServerConfigKeys (ConfUtils.java:logGet(43)) - raft.server.retrycache.expirytime = 600000ms (custom)
2019-10-18 13:44:01,742 [pool-37-thread-1] INFO  impl.RaftServerImpl (RaftServerImpl.java:start(195)) - b7ce392e-07e5-43c4-a049-3141454252ec@group-2BE19B46B106: start as a follower, conf=-1: [b7ce392e-07e5-43c4-a049-3141454252ec:192.168.69.85:43203], old=null
2019-10-18 13:44:01,742 [pool-37-thread-1] INFO  impl.RaftServerImpl (RaftServerImpl.java:setRole(184)) - b7ce392e-07e5-43c4-a049-3141454252ec@group-2BE19B46B106: changes role from      null to FOLLOWER at term 0 for startAsFollower
2019-10-18 13:44:01,743 [pool-37-thread-1] INFO  impl.RoleInfo (RoleInfo.java:updateAndGet(143)) - b7ce392e-07e5-43c4-a049-3141454252ec: start FollowerState
2019-10-18 13:44:01,743 [pool-37-thread-1] INFO  util.JmxRegister (JmxRegister.java:tryRegister(44)) - Successfully registered JMX Bean with object name Ratis:service=RaftServer,group=group-2BE19B46B106,id=b7ce392e-07e5-43c4-a049-3141454252ec
2019-10-18 13:44:01,754 [RatisPipelineUtilsThread] INFO  pipeline.PipelineStateManager (PipelineStateManager.java:addPipeline(56)) - Created pipeline Pipeline[ Id: e873a63f-78d7-4acf-8d75-2be19b46b106, Nodes: b7ce392e-07e5-43c4-a049-3141454252ec{ip: 192.168.69.85, host: pr-hdds-2292-qcvbb-3996421426, networkLocation: /default-rack, certSerialId: null}, Type:RATIS, Factor:ONE, State:OPEN]
2019-10-18 13:44:01,775 [grpc-default-executor-1] INFO  impl.RaftServerProxy (RaftServerProxy.java:addNew(89)) - 9d0a2f75-ce30-4dbd-af96-5adca13389b4: addNew group-58B787E4CA93:[9d0a2f75-ce30-4dbd-af96-5adca13389b4:192.168.69.85:35551, b7ce392e-07e5-43c4-a049-3141454252ec:192.168.69.85:43203, 25bdb850-9456-40e4-9e32-2249eb72d793:192.168.69.85:34143] returns group-58B787E4CA93:java.util.concurrent.CompletableFuture@368d75d[Not completed]
2019-10-18 13:44:01,775 [grpc-default-executor-2] INFO  impl.RaftServerProxy (RaftServerProxy.java:addNew(89)) - b7ce392e-07e5-43c4-a049-3141454252ec: addNew group-58B787E4CA93:[9d0a2f75-ce30-4dbd-af96-5adca13389b4:192.168.69.85:35551, b7ce392e-07e5-43c4-a049-3141454252ec:192.168.69.85:43203, 25bdb850-9456-40e4-9e32-2249eb72d793:192.168.69.85:34143] returns group-58B787E4CA93:java.util.concurrent.CompletableFuture@3038a61d[Not completed]
2019-10-18 13:44:01,776 [Thread-191] INFO  impl.FollowerState (FollowerState.java:run(108)) - 25bdb850-9456-40e4-9e32-2249eb72d793@group-CCA166F66943-FollowerState: change to CANDIDATE, lastRpcTime:112ms, electionTimeout:112ms
2019-10-18 13:44:01,776 [Thread-191] INFO  impl.RoleInfo (RoleInfo.java:shutdownFollowerState(121)) - 25bdb850-9456-40e4-9e32-2249eb72d793: shutdown FollowerState
2019-10-18 13:44:01,777 [Thread-191] INFO  impl.RaftServerImpl (RaftServerImpl.java:setRole(184)) - 25bdb850-9456-40e4-9e32-2249eb72d793@group-CCA166F66943: changes role from  FOLLOWER to CANDIDATE at term 0 for changeToCandidate
2019-10-18 13:44:01,777 [Thread-191] INFO  impl.RoleInfo (RoleInfo.java:updateAndGet(143)) - 25bdb850-9456-40e4-9e32-2249eb72d793: start LeaderElection
2019-10-18 13:44:01,781 [pool-27-thread-1] INFO  impl.RaftServerImpl (RaftServerImpl.java:<init>(104)) - 9d0a2f75-ce30-4dbd-af96-5adca13389b4: new RaftServerImpl for group-58B787E4CA93:[9d0a2f75-ce30-4dbd-af96-5adca13389b4:192.168.69.85:35551, b7ce392e-07e5-43c4-a049-3141454252ec:192.168.69.85:43203, 25bdb850-9456-40e4-9e32-2249eb72d793:192.168.69.85:34143] with ContainerStateMachine:uninitialized
2019-10-18 13:44:01,781 [pool-27-thread-1] INFO  server.RaftServerConfigKeys (ConfUtils.java:logGet(43)) - raft.server.rpc.timeout.min = 5s (custom)
2019-10-18 13:44:01,782 [pool-27-thread-1] INFO  server.RaftServerConfigKeys (ConfUtils.java:logGet(43)) - raft.server.rpc.timeout.max = 5200ms (custom)
2019-10-18 13:44:01,782 [pool-27-thread-1] INFO  server.RaftServerConfigKeys (ConfUtils.java:logGet(43)) - raft.server.rpcslowness.timeout = 1000s (custom)
2019-10-18 13:44:01,782 [pool-27-thread-1] INFO  server.RaftServerConfigKeys (ConfUtils.java:logGet(43)) - raft.server.sleep.deviation.threshold = 300 (default)
2019-10-18 13:44:01,782 [pool-27-thread-1] INFO  server.RaftServerConfigKeys (ConfUtils.java:logGet(43)) - raft.server.log.appender.install.snapshot.enabled = false (custom)
2019-10-18 13:44:01,782 [pool-27-thread-1] INFO  impl.RaftServerImpl (ServerState.java:<init>(103)) - 9d0a2f75-ce30-4dbd-af96-5adca13389b4@group-58B787E4CA93: ConfigurationManager, init=-1: [9d0a2f75-ce30-4dbd-af96-5adca13389b4:192.168.69.85:35551, b7ce392e-07e5-43c4-a049-3141454252ec:192.168.69.85:43203, 25bdb850-9456-40e4-9e32-2249eb72d793:192.168.69.85:34143], old=null, confs=<EMPTY_MAP>
2019-10-18 13:44:01,783 [grpc-default-executor-2] INFO  impl.RaftServerProxy (RaftServerProxy.java:addNew(89)) - 25bdb850-9456-40e4-9e32-2249eb72d793: addNew group-58B787E4CA93:[9d0a2f75-ce30-4dbd-af96-5adca13389b4:192.168.69.85:35551, b7ce392e-07e5-43c4-a049-3141454252ec:192.168.69.85:43203, 25bdb850-9456-40e4-9e32-2249eb72d793:192.168.69.85:34143] returns group-58B787E4CA93:java.util.concurrent.CompletableFuture@753a2e7e[Not completed]
2019-10-18 13:44:01,783 [pool-27-thread-1] INFO  server.RaftServerConfigKeys (ConfUtils.java:logGet(43)) - raft.server.storage.dir = [/workdir/hadoop-ozone/integration-test/target/test-dir/MiniOzoneClusterImpl-9d6dd75e-a22e-4447-b646-8faf5d797e6a/datanode-0/data/ratis] (custom)
2019-10-18 13:44:01,783 [pool-37-thread-1] INFO  impl.RaftServerImpl (RaftServerImpl.java:<init>(104)) - b7ce392e-07e5-43c4-a049-3141454252ec: new RaftServerImpl for group-58B787E4CA93:[9d0a2f75-ce30-4dbd-af96-5adca13389b4:192.168.69.85:35551, b7ce392e-07e5-43c4-a049-3141454252ec:192.168.69.85:43203, 25bdb850-9456-40e4-9e32-2249eb72d793:192.168.69.85:34143] with ContainerStateMachine:uninitialized
2019-10-18 13:44:01,783 [pool-37-thread-1] INFO  server.RaftServerConfigKeys (ConfUtils.java:logGet(43)) - raft.server.rpc.timeout.min = 5s (custom)
2019-10-18 13:44:01,783 [pool-27-thread-1] INFO  server.RaftServerConfigKeys (ConfUtils.java:logGet(43)) - raft.server.log.corruption.policy = EXCEPTION (default)
2019-10-18 13:44:01,783 [pool-37-thread-1] INFO  server.RaftServerConfigKeys (ConfUtils.java:logGet(43)) - raft.server.rpc.timeout.max = 5200ms (custom)
2019-10-18 13:44:01,783 [pool-37-thread-1] INFO  server.RaftServerConfigKeys (ConfUtils.java:logGet(43)) - raft.server.rpcslowness.timeout = 1000s (custom)
2019-10-18 13:44:01,783 [pool-27-thread-1] INFO  storage.RaftStorageDirectory (RaftStorageDirectory.java:analyzeStorage(246)) - The storage directory /workdir/hadoop-ozone/integration-test/target/test-dir/MiniOzoneClusterImpl-9d6dd75e-a22e-4447-b646-8faf5d797e6a/datanode-0/data/ratis/959e288b-eace-4bc0-b5b0-58b787e4ca93 does not exist. Creating ...
2019-10-18 13:44:01,783 [pool-37-thread-1] INFO  server.RaftServerConfigKeys (ConfUtils.java:logGet(43)) - raft.server.sleep.deviation.threshold = 300 (default)
2019-10-18 13:44:01,784 [pool-37-thread-1] INFO  server.RaftServerConfigKeys (ConfUtils.java:logGet(43)) - raft.server.log.appender.install.snapshot.enabled = false (custom)
2019-10-18 13:44:01,784 [pool-37-thread-1] INFO  impl.RaftServerImpl (ServerState.java:<init>(103)) - b7ce392e-07e5-43c4-a049-3141454252ec@group-58B787E4CA93: ConfigurationManager, init=-1: [9d0a2f75-ce30-4dbd-af96-5adca13389b4:192.168.69.85:35551, b7ce392e-07e5-43c4-a049-3141454252ec:192.168.69.85:43203, 25bdb850-9456-40e4-9e32-2249eb72d793:192.168.69.85:34143], old=null, confs=<EMPTY_MAP>
2019-10-18 13:44:01,784 [pool-37-thread-1] INFO  server.RaftServerConfigKeys (ConfUtils.java:logGet(43)) - raft.server.storage.dir = [/workdir/hadoop-ozone/integration-test/target/test-dir/MiniOzoneClusterImpl-9d6dd75e-a22e-4447-b646-8faf5d797e6a/datanode-1/data/ratis] (custom)
2019-10-18 13:44:01,784 [pool-37-thread-1] INFO  server.RaftServerConfigKeys (ConfUtils.java:logGet(43)) - raft.server.log.corruption.policy = EXCEPTION (default)
2019-10-18 13:44:01,784 [pool-37-thread-1] INFO  storage.RaftStorageDirectory (RaftStorageDirectory.java:analyzeStorage(246)) - The storage directory /workdir/hadoop-ozone/integration-test/target/test-dir/MiniOzoneClusterImpl-9d6dd75e-a22e-4447-b646-8faf5d797e6a/datanode-1/data/ratis/959e288b-eace-4bc0-b5b0-58b787e4ca93 does not exist. Creating ...
2019-10-18 13:44:01,784 [pool-47-thread-1] INFO  impl.RaftServerImpl (RaftServerImpl.java:<init>(104)) - 25bdb850-9456-40e4-9e32-2249eb72d793: new RaftServerImpl for group-58B787E4CA93:[9d0a2f75-ce30-4dbd-af96-5adca13389b4:192.168.69.85:35551, b7ce392e-07e5-43c4-a049-3141454252ec:192.168.69.85:43203, 25bdb850-9456-40e4-9e32-2249eb72d793:192.168.69.85:34143] with ContainerStateMachine:uninitialized
2019-10-18 13:44:01,785 [pool-47-thread-1] INFO  server.RaftServerConfigKeys (ConfUtils.java:logGet(43)) - raft.server.rpc.timeout.min = 5s (custom)
2019-10-18 13:44:01,785 [pool-47-thread-1] INFO  server.RaftServerConfigKeys (ConfUtils.java:logGet(43)) - raft.server.rpc.timeout.max = 5200ms (custom)
2019-10-18 13:44:01,785 [pool-47-thread-1] INFO  server.RaftServerConfigKeys (ConfUtils.java:logGet(43)) - raft.server.rpcslowness.timeout = 1000s (custom)
2019-10-18 13:44:01,785 [pool-47-thread-1] INFO  server.RaftServerConfigKeys (ConfUtils.java:logGet(43)) - raft.server.sleep.deviation.threshold = 300 (default)
2019-10-18 13:44:01,785 [pool-47-thread-1] INFO  server.RaftServerConfigKeys (ConfUtils.java:logGet(43)) - raft.server.log.appender.install.snapshot.enabled = false (custom)
2019-10-18 13:44:01,785 [pool-47-thread-1] INFO  impl.RaftServerImpl (ServerState.java:<init>(103)) - 25bdb850-9456-40e4-9e32-2249eb72d793@group-58B787E4CA93: ConfigurationManager, init=-1: [9d0a2f75-ce30-4dbd-af96-5adca13389b4:192.168.69.85:35551, b7ce392e-07e5-43c4-a049-3141454252ec:192.168.69.85:43203, 25bdb850-9456-40e4-9e32-2249eb72d793:192.168.69.85:34143], old=null, confs=<EMPTY_MAP>
2019-10-18 13:44:01,786 [pool-47-thread-1] INFO  server.RaftServerConfigKeys (ConfUtils.java:logGet(43)) - raft.server.storage.dir = [/workdir/hadoop-ozone/integration-test/target/test-dir/MiniOzoneClusterImpl-9d6dd75e-a22e-4447-b646-8faf5d797e6a/datanode-2/data/ratis] (custom)
2019-10-18 13:44:01,786 [pool-47-thread-1] INFO  server.RaftServerConfigKeys (ConfUtils.java:logGet(43)) - raft.server.log.corruption.policy = EXCEPTION (default)
2019-10-18 13:44:01,786 [pool-47-thread-1] INFO  storage.RaftStorageDirectory (RaftStorageDirectory.java:analyzeStorage(246)) - The storage directory /workdir/hadoop-ozone/integration-test/target/test-dir/MiniOzoneClusterImpl-9d6dd75e-a22e-4447-b646-8faf5d797e6a/datanode-2/data/ratis/959e288b-eace-4bc0-b5b0-58b787e4ca93 does not exist. Creating ...
2019-10-18 13:44:01,793 [pool-27-thread-1] INFO  storage.RaftStorageDirectory (RaftStorageDirectory.java:tryLock(328)) - Lock on /workdir/hadoop-ozone/integration-test/target/test-dir/MiniOzoneClusterImpl-9d6dd75e-a22e-4447-b646-8faf5d797e6a/datanode-0/data/ratis/959e288b-eace-4bc0-b5b0-58b787e4ca93/in_use.lock acquired by nodename 3503@pr-hdds-2292-qcvbb-3996421426
2019-10-18 13:44:01,793 [pool-47-thread-1] INFO  storage.RaftStorageDirectory (RaftStorageDirectory.java:tryLock(328)) - Lock on /workdir/hadoop-ozone/integration-test/target/test-dir/MiniOzoneClusterImpl-9d6dd75e-a22e-4447-b646-8faf5d797e6a/datanode-2/data/ratis/959e288b-eace-4bc0-b5b0-58b787e4ca93/in_use.lock acquired by nodename 3503@pr-hdds-2292-qcvbb-3996421426
2019-10-18 13:44:01,793 [pool-37-thread-1] INFO  storage.RaftStorageDirectory (RaftStorageDirectory.java:tryLock(328)) - Lock on /workdir/hadoop-ozone/integration-test/target/test-dir/MiniOzoneClusterImpl-9d6dd75e-a22e-4447-b646-8faf5d797e6a/datanode-1/data/ratis/959e288b-eace-4bc0-b5b0-58b787e4ca93/in_use.lock acquired by nodename 3503@pr-hdds-2292-qcvbb-3996421426
2019-10-18 13:44:01,794 [25bdb850-9456-40e4-9e32-2249eb72d793@group-CCA166F66943-LeaderElection2] INFO  impl.LeaderElection (LeaderElection.java:askForVotes(178)) - 25bdb850-9456-40e4-9e32-2249eb72d793@group-CCA166F66943-LeaderElection2: begin an election at term 1 for -1: [25bdb850-9456-40e4-9e32-2249eb72d793:192.168.69.85:34143], old=null
2019-10-18 13:44:01,795 [25bdb850-9456-40e4-9e32-2249eb72d793@group-CCA166F66943-LeaderElection2] INFO  impl.RoleInfo (RoleInfo.java:shutdownLeaderElection(134)) - 25bdb850-9456-40e4-9e32-2249eb72d793: shutdown LeaderElection
2019-10-18 13:44:01,795 [25bdb850-9456-40e4-9e32-2249eb72d793@group-CCA166F66943-LeaderElection2] INFO  impl.RaftServerImpl (RaftServerImpl.java:setRole(184)) - 25bdb850-9456-40e4-9e32-2249eb72d793@group-CCA166F66943: changes role from CANDIDATE to LEADER at term 1 for changeToLeader
2019-10-18 13:44:01,795 [25bdb850-9456-40e4-9e32-2249eb72d793@group-CCA166F66943-LeaderElection2] INFO  impl.RaftServerImpl (ServerState.java:setLeader(256)) - 25bdb850-9456-40e4-9e32-2249eb72d793@group-CCA166F66943: change Leader from null to 25bdb850-9456-40e4-9e32-2249eb72d793 at term 1 for becomeLeader, leader elected after 167ms
2019-10-18 13:44:01,795 [25bdb850-9456-40e4-9e32-2249eb72d793@group-CCA166F66943-LeaderElection2] INFO  server.RaftServerConfigKeys (ConfUtils.java:logGet(43)) - raft.server.staging.catchup.gap = 1000 (default)
2019-10-18 13:44:01,796 [25bdb850-9456-40e4-9e32-2249eb72d793@group-CCA166F66943-LeaderElection2] INFO  server.RaftServerConfigKeys (ConfUtils.java:logGet(43)) - raft.server.rpc.sleep.time = 25ms (default)
2019-10-18 13:44:01,796 [25bdb850-9456-40e4-9e32-2249eb72d793@group-CCA166F66943-LeaderElection2] INFO  server.RaftServerConfigKeys (ConfUtils.java:logGet(43)) - raft.server.write.element-limit = 4096 (default)
2019-10-18 13:44:01,796 [25bdb850-9456-40e4-9e32-2249eb72d793@group-CCA166F66943-LeaderElection2] INFO  server.RaftServerConfigKeys (ConfUtils.java:logGet(43)) - raft.server.watch.timeout = 10s (default)
2019-10-18 13:44:01,796 [25bdb850-9456-40e4-9e32-2249eb72d793@group-CCA166F66943-LeaderElection2] INFO  server.RaftServerConfigKeys (ConfUtils.java:logGet(43)) - raft.server.watch.timeout.denomination = 1s (default)
2019-10-18 13:44:01,796 [25bdb850-9456-40e4-9e32-2249eb72d793@group-CCA166F66943-LeaderElection2] INFO  server.RaftServerConfigKeys (ConfUtils.java:logGet(43)) - raft.server.watch.element-limit = 65536 (default)
2019-10-18 13:44:01,798 [25bdb850-9456-40e4-9e32-2249eb72d793@group-CCA166F66943-LeaderElection2] INFO  impl.RoleInfo (RoleInfo.java:updateAndGet(143)) - 25bdb850-9456-40e4-9e32-2249eb72d793: start LeaderState
2019-10-18 13:44:01,799 [25bdb850-9456-40e4-9e32-2249eb72d793@group-CCA166F66943-LeaderElection2] INFO  segmented.SegmentedRaftLogWorker (SegmentedRaftLogWorker.java:startLogSegment(385)) - 25bdb850-9456-40e4-9e32-2249eb72d793@group-CCA166F66943-SegmentedRaftLogWorker: Starting segment from index:0
2019-10-18 13:44:01,799 [25bdb850-9456-40e4-9e32-2249eb72d793@group-CCA166F66943-LeaderElection2] INFO  impl.RaftServerImpl (ServerState.java:setRaftConf(357)) - 25bdb850-9456-40e4-9e32-2249eb72d793@group-CCA166F66943: set configuration 0: [25bdb850-9456-40e4-9e32-2249eb72d793:192.168.69.85:34143], old=null at 0
2019-10-18 13:44:01,828 [pool-27-thread-1] INFO  storage.RaftStorage (RaftStorage.java:format(84)) - Storage directory /workdir/hadoop-ozone/integration-test/target/test-dir/MiniOzoneClusterImpl-9d6dd75e-a22e-4447-b646-8faf5d797e6a/datanode-0/data/ratis/959e288b-eace-4bc0-b5b0-58b787e4ca93 has been successfully formatted.
2019-10-18 13:44:01,828 [pool-47-thread-1] INFO  storage.RaftStorage (RaftStorage.java:format(84)) - Storage directory /workdir/hadoop-ozone/integration-test/target/test-dir/MiniOzoneClusterImpl-9d6dd75e-a22e-4447-b646-8faf5d797e6a/datanode-2/data/ratis/959e288b-eace-4bc0-b5b0-58b787e4ca93 has been successfully formatted.
2019-10-18 13:44:01,828 [pool-37-thread-1] INFO  storage.RaftStorage (RaftStorage.java:format(84)) - Storage directory /workdir/hadoop-ozone/integration-test/target/test-dir/MiniOzoneClusterImpl-9d6dd75e-a22e-4447-b646-8faf5d797e6a/datanode-1/data/ratis/959e288b-eace-4bc0-b5b0-58b787e4ca93 has been successfully formatted.
2019-10-18 13:44:01,828 [pool-27-thread-1] INFO  ratis.ContainerStateMachine (ContainerStateMachine.java:loadSnapshot(231)) - group-58B787E4CA93: The snapshot info is null. Setting the last applied indexto:(t:0, i:~)
2019-10-18 13:44:01,828 [pool-47-thread-1] INFO  ratis.ContainerStateMachine (ContainerStateMachine.java:loadSnapshot(231)) - group-58B787E4CA93: The snapshot info is null. Setting the last applied indexto:(t:0, i:~)
2019-10-18 13:44:01,828 [pool-27-thread-1] INFO  server.RaftServerConfigKeys (ConfUtils.java:logGet(43)) - raft.server.notification.no-leader.timeout = 1000s (custom)
2019-10-18 13:44:01,828 [pool-37-thread-1] INFO  ratis.ContainerStateMachine (ContainerStateMachine.java:loadSnapshot(231)) - group-58B787E4CA93: The snapshot info is null. Setting the last applied indexto:(t:0, i:~)
2019-10-18 13:44:01,828 [pool-27-thread-1] INFO  server.RaftServerConfigKeys (ConfUtils.java:logGet(43)) - raft.server.log.use.memory = false (default)
2019-10-18 13:44:01,828 [pool-47-thread-1] INFO  server.RaftServerConfigKeys (ConfUtils.java:logGet(43)) - raft.server.notification.no-leader.timeout = 1000s (custom)
2019-10-18 13:44:01,828 [pool-27-thread-1] INFO  server.RaftServerConfigKeys (ConfUtils.java:logGet(43)) - raft.server.log.purge.gap = 1000000 (custom)
2019-10-18 13:44:01,828 [pool-37-thread-1] INFO  server.RaftServerConfigKeys (ConfUtils.java:logGet(43)) - raft.server.notification.no-leader.timeout = 1000s (custom)
2019-10-18 13:44:01,829 [pool-27-thread-1] INFO  server.RaftServerConfigKeys (ConfUtils.java:logGet(43)) - raft.server.log.appender.buffer.byte-limit = 33554432 (custom)
2019-10-18 13:44:01,829 [pool-47-thread-1] INFO  server.RaftServerConfigKeys (ConfUtils.java:logGet(43)) - raft.server.log.use.memory = false (default)
2019-10-18 13:44:01,829 [pool-27-thread-1] INFO  server.RaftServerConfigKeys (ConfUtils.java:logGet(43)) - raft.server.log.segment.size.max = 1048576 (custom)
2019-10-18 13:44:01,829 [pool-37-thread-1] INFO  server.RaftServerConfigKeys (ConfUtils.java:logGet(43)) - raft.server.log.use.memory = false (default)
2019-10-18 13:44:01,829 [pool-27-thread-1] INFO  server.RaftServerConfigKeys (ConfUtils.java:logGet(43)) - raft.server.log.segment.cache.num.max = 2 (custom)
2019-10-18 13:44:01,829 [pool-47-thread-1] INFO  server.RaftServerConfigKeys (ConfUtils.java:logGet(43)) - raft.server.log.purge.gap = 1000000 (custom)
2019-10-18 13:44:01,829 [pool-27-thread-1] INFO  segmented.SegmentedRaftLogWorker (SegmentedRaftLogWorker.java:<init>(173)) - new 9d0a2f75-ce30-4dbd-af96-5adca13389b4@group-58B787E4CA93-SegmentedRaftLogWorker for RaftStorage:Storage Directory /workdir/hadoop-ozone/integration-test/target/test-dir/MiniOzoneClusterImpl-9d6dd75e-a22e-4447-b646-8faf5d797e6a/datanode-0/data/ratis/959e288b-eace-4bc0-b5b0-58b787e4ca93
2019-10-18 13:44:01,829 [pool-37-thread-1] INFO  server.RaftServerConfigKeys (ConfUtils.java:logGet(43)) - raft.server.log.purge.gap = 1000000 (custom)
2019-10-18 13:44:01,829 [pool-27-thread-1] INFO  server.RaftServerConfigKeys (ConfUtils.java:logGet(43)) - raft.server.log.queue.byte-limit = 2147483647 (custom)
2019-10-18 13:44:01,829 [pool-47-thread-1] INFO  server.RaftServerConfigKeys (ConfUtils.java:logGet(43)) - raft.server.log.appender.buffer.byte-limit = 33554432 (custom)
2019-10-18 13:44:01,829 [pool-27-thread-1] INFO  server.RaftServerConfigKeys (ConfUtils.java:logGet(43)) - raft.server.log.queue.element-limit = 1024 (custom)
2019-10-18 13:44:01,829 [pool-37-thread-1] INFO  server.RaftServerConfigKeys (ConfUtils.java:logGet(43)) - raft.server.log.appender.buffer.byte-limit = 33554432 (custom)
2019-10-18 13:44:01,830 [pool-27-thread-1] INFO  server.RaftServerConfigKeys (ConfUtils.java:logGet(43)) - raft.server.log.segment.size.max = 1048576 (custom)
2019-10-18 13:44:01,830 [pool-47-thread-1] INFO  server.RaftServerConfigKeys (ConfUtils.java:logGet(43)) - raft.server.log.segment.size.max = 1048576 (custom)
2019-10-18 13:44:01,830 [pool-27-thread-1] INFO  server.RaftServerConfigKeys (ConfUtils.java:logGet(43)) - raft.server.log.preallocated.size = 16384 (custom)
2019-10-18 13:44:01,830 [pool-37-thread-1] INFO  server.RaftServerConfigKeys (ConfUtils.java:logGet(43)) - raft.server.log.segment.size.max = 1048576 (custom)
2019-10-18 13:44:01,830 [pool-27-thread-1] INFO  server.RaftServerConfigKeys (ConfUtils.java:logGet(43)) - raft.server.log.write.buffer.size = 33554432 (custom)
2019-10-18 13:44:01,830 [pool-47-thread-1] INFO  server.RaftServerConfigKeys (ConfUtils.java:logGet(43)) - raft.server.log.segment.cache.num.max = 2 (custom)
2019-10-18 13:44:01,830 [pool-27-thread-1] INFO  server.RaftServerConfigKeys (ConfUtils.java:logGet(43)) - raft.server.log.force.sync.num = 128 (default)
2019-10-18 13:44:01,830 [pool-37-thread-1] INFO  server.RaftServerConfigKeys (ConfUtils.java:logGet(43)) - raft.server.log.segment.cache.num.max = 2 (custom)
2019-10-18 13:44:01,830 [pool-27-thread-1] INFO  server.RaftServerConfigKeys (ConfUtils.java:logGet(43)) - raft.server.log.statemachine.data.sync = true (default)
2019-10-18 13:44:01,830 [pool-47-thread-1] INFO  segmented.SegmentedRaftLogWorker (SegmentedRaftLogWorker.java:<init>(173)) - new 25bdb850-9456-40e4-9e32-2249eb72d793@group-58B787E4CA93-SegmentedRaftLogWorker for RaftStorage:Storage Directory /workdir/hadoop-ozone/integration-test/target/test-dir/MiniOzoneClusterImpl-9d6dd75e-a22e-4447-b646-8faf5d797e6a/datanode-2/data/ratis/959e288b-eace-4bc0-b5b0-58b787e4ca93
2019-10-18 13:44:01,831 [pool-27-thread-1] INFO  server.RaftServerConfigKeys (ConfUtils.java:logGet(43)) - raft.server.log.statemachine.data.sync.timeout = 10s (default)
2019-10-18 13:44:01,830 [pool-37-thread-1] INFO  segmented.SegmentedRaftLogWorker (SegmentedRaftLogWorker.java:<init>(173)) - new b7ce392e-07e5-43c4-a049-3141454252ec@group-58B787E4CA93-SegmentedRaftLogWorker for RaftStorage:Storage Directory /workdir/hadoop-ozone/integration-test/target/test-dir/MiniOzoneClusterImpl-9d6dd75e-a22e-4447-b646-8faf5d797e6a/datanode-1/data/ratis/959e288b-eace-4bc0-b5b0-58b787e4ca93
2019-10-18 13:44:01,831 [pool-27-thread-1] INFO  server.RaftServerConfigKeys (ConfUtils.java:logGet(43)) - raft.server.log.statemachine.data.sync.timeout.retry = -1 (default)
2019-10-18 13:44:01,831 [pool-47-thread-1] INFO  server.RaftServerConfigKeys (ConfUtils.java:logGet(43)) - raft.server.log.queue.byte-limit = 2147483647 (custom)
2019-10-18 13:44:01,831 [pool-37-thread-1] INFO  server.RaftServerConfigKeys (ConfUtils.java:logGet(43)) - raft.server.log.queue.byte-limit = 2147483647 (custom)
2019-10-18 13:44:01,831 [pool-27-thread-1] INFO  server.RaftServerConfigKeys (ConfUtils.java:logGet(43)) - raft.server.log.statemachine.data.caching.enabled = true (custom)
2019-10-18 13:44:01,831 [pool-47-thread-1] INFO  server.RaftServerConfigKeys (ConfUtils.java:logGet(43)) - raft.server.log.queue.element-limit = 1024 (custom)
2019-10-18 13:44:01,831 [pool-37-thread-1] INFO  server.RaftServerConfigKeys (ConfUtils.java:logGet(43)) - raft.server.log.queue.element-limit = 1024 (custom)
2019-10-18 13:44:01,831 [pool-47-thread-1] INFO  server.RaftServerConfigKeys (ConfUtils.java:logGet(43)) - raft.server.log.segment.size.max = 1048576 (custom)
2019-10-18 13:44:01,831 [pool-37-thread-1] INFO  server.RaftServerConfigKeys (ConfUtils.java:logGet(43)) - raft.server.log.segment.size.max = 1048576 (custom)
2019-10-18 13:44:01,831 [pool-27-thread-1] INFO  segmented.SegmentedRaftLogWorker (SegmentedRaftLogWorker.java:lambda$new$0(128)) - 9d0a2f75-ce30-4dbd-af96-5adca13389b4@group-58B787E4CA93-SegmentedRaftLogWorker: flushIndex: setUnconditionally 0 -> -1
2019-10-18 13:44:01,832 [pool-37-thread-1] INFO  server.RaftServerConfigKeys (ConfUtils.java:logGet(43)) - raft.server.log.preallocated.size = 16384 (custom)
2019-10-18 13:44:01,832 [pool-47-thread-1] INFO  server.RaftServerConfigKeys (ConfUtils.java:logGet(43)) - raft.server.log.preallocated.size = 16384 (custom)
2019-10-18 13:44:01,832 [pool-37-thread-1] INFO  server.RaftServerConfigKeys (ConfUtils.java:logGet(43)) - raft.server.log.write.buffer.size = 33554432 (custom)
2019-10-18 13:44:01,832 [pool-27-thread-1] INFO  server.RaftServerConfigKeys (ConfUtils.java:logGet(43)) - raft.server.snapshot.auto.trigger.enabled = true (custom)
2019-10-18 13:44:01,832 [pool-37-thread-1] INFO  server.RaftServerConfigKeys (ConfUtils.java:logGet(43)) - raft.server.log.force.sync.num = 128 (default)
2019-10-18 13:44:01,832 [pool-47-thread-1] INFO  server.RaftServerConfigKeys (ConfUtils.java:logGet(43)) - raft.server.log.write.buffer.size = 33554432 (custom)
2019-10-18 13:44:01,832 [pool-37-thread-1] INFO  server.RaftServerConfigKeys (ConfUtils.java:logGet(43)) - raft.server.log.statemachine.data.sync = true (default)
2019-10-18 13:44:01,832 [pool-27-thread-1] INFO  server.RaftServerConfigKeys (ConfUtils.java:logGet(43)) - raft.server.snapshot.auto.trigger.threshold = 10000 (custom)
2019-10-18 13:44:01,833 [pool-37-thread-1] INFO  server.RaftServerConfigKeys (ConfUtils.java:logGet(43)) - raft.server.log.statemachine.data.sync.timeout = 10s (default)
2019-10-18 13:44:01,832 [pool-47-thread-1] INFO  server.RaftServerConfigKeys (ConfUtils.java:logGet(43)) - raft.server.log.force.sync.num = 128 (default)
2019-10-18 13:44:01,833 [pool-37-thread-1] INFO  server.RaftServerConfigKeys (ConfUtils.java:logGet(43)) - raft.server.log.statemachine.data.sync.timeout.retry = -1 (default)
2019-10-18 13:44:01,833 [pool-27-thread-1] INFO  server.RaftServerConfigKeys (ConfUtils.java:logGet(43)) - raft.server.snapshot.retention.file.num = 5 (custom)
2019-10-18 13:44:01,833 [pool-47-thread-1] INFO  server.RaftServerConfigKeys (ConfUtils.java:logGet(43)) - raft.server.log.statemachine.data.sync = true (default)
2019-10-18 13:44:01,833 [pool-27-thread-1] INFO  server.RaftServerConfigKeys (ConfUtils.java:logGet(43)) - raft.server.retrycache.expirytime = 600000ms (custom)
2019-10-18 13:44:01,833 [pool-47-thread-1] INFO  server.RaftServerConfigKeys (ConfUtils.java:logGet(43)) - raft.server.log.statemachine.data.sync.timeout = 10s (default)
2019-10-18 13:44:01,833 [pool-37-thread-1] INFO  server.RaftServerConfigKeys (ConfUtils.java:logGet(43)) - raft.server.log.statemachine.data.caching.enabled = true (custom)
2019-10-18 13:44:01,833 [pool-47-thread-1] INFO  server.RaftServerConfigKeys (ConfUtils.java:logGet(43)) - raft.server.log.statemachine.data.sync.timeout.retry = -1 (default)
2019-10-18 13:44:01,834 [pool-47-thread-1] INFO  server.RaftServerConfigKeys (ConfUtils.java:logGet(43)) - raft.server.log.statemachine.data.caching.enabled = true (custom)
2019-10-18 13:44:01,834 [pool-37-thread-1] INFO  segmented.SegmentedRaftLogWorker (SegmentedRaftLogWorker.java:lambda$new$0(128)) - b7ce392e-07e5-43c4-a049-3141454252ec@group-58B787E4CA93-SegmentedRaftLogWorker: flushIndex: setUnconditionally 0 -> -1
2019-10-18 13:44:01,834 [pool-47-thread-1] INFO  segmented.SegmentedRaftLogWorker (SegmentedRaftLogWorker.java:lambda$new$0(128)) - 25bdb850-9456-40e4-9e32-2249eb72d793@group-58B787E4CA93-SegmentedRaftLogWorker: flushIndex: setUnconditionally 0 -> -1
2019-10-18 13:44:01,834 [pool-37-thread-1] INFO  server.RaftServerConfigKeys (ConfUtils.java:logGet(43)) - raft.server.snapshot.auto.trigger.enabled = true (custom)
2019-10-18 13:44:01,834 [pool-37-thread-1] INFO  server.RaftServerConfigKeys (ConfUtils.java:logGet(43)) - raft.server.snapshot.auto.trigger.threshold = 10000 (custom)
2019-10-18 13:44:01,834 [pool-37-thread-1] INFO  server.RaftServerConfigKeys (ConfUtils.java:logGet(43)) - raft.server.snapshot.retention.file.num = 5 (custom)
2019-10-18 13:44:01,834 [pool-47-thread-1] INFO  server.RaftServerConfigKeys (ConfUtils.java:logGet(43)) - raft.server.snapshot.auto.trigger.enabled = true (custom)
2019-10-18 13:44:01,834 [pool-37-thread-1] INFO  server.RaftServerConfigKeys (ConfUtils.java:logGet(43)) - raft.server.retrycache.expirytime = 600000ms (custom)
2019-10-18 13:44:01,835 [pool-47-thread-1] INFO  server.RaftServerConfigKeys (ConfUtils.java:logGet(43)) - raft.server.snapshot.auto.trigger.threshold = 10000 (custom)
2019-10-18 13:44:01,835 [pool-47-thread-1] INFO  server.RaftServerConfigKeys (ConfUtils.java:logGet(43)) - raft.server.snapshot.retention.file.num = 5 (custom)
2019-10-18 13:44:01,835 [pool-47-thread-1] INFO  server.RaftServerConfigKeys (ConfUtils.java:logGet(43)) - raft.server.retrycache.expirytime = 600000ms (custom)
2019-10-18 13:44:01,835 [pool-27-thread-1] INFO  impl.RaftServerImpl (RaftServerImpl.java:start(195)) - 9d0a2f75-ce30-4dbd-af96-5adca13389b4@group-58B787E4CA93: start as a follower, conf=-1: [9d0a2f75-ce30-4dbd-af96-5adca13389b4:192.168.69.85:35551, b7ce392e-07e5-43c4-a049-3141454252ec:192.168.69.85:43203, 25bdb850-9456-40e4-9e32-2249eb72d793:192.168.69.85:34143], old=null
2019-10-18 13:44:01,835 [pool-27-thread-1] INFO  impl.RaftServerImpl (RaftServerImpl.java:setRole(184)) - 9d0a2f75-ce30-4dbd-af96-5adca13389b4@group-58B787E4CA93: changes role from      null to FOLLOWER at term 0 for startAsFollower
2019-10-18 13:44:01,836 [pool-27-thread-1] INFO  impl.RoleInfo (RoleInfo.java:updateAndGet(143)) - 9d0a2f75-ce30-4dbd-af96-5adca13389b4: start FollowerState
2019-10-18 13:44:01,836 [pool-27-thread-1] INFO  util.JmxRegister (JmxRegister.java:tryRegister(44)) - Successfully registered JMX Bean with object name Ratis:service=RaftServer,group=group-58B787E4CA93,id=9d0a2f75-ce30-4dbd-af96-5adca13389b4
2019-10-18 13:44:01,836 [pool-37-thread-1] INFO  impl.RaftServerImpl (RaftServerImpl.java:start(195)) - b7ce392e-07e5-43c4-a049-3141454252ec@group-58B787E4CA93: start as a follower, conf=-1: [9d0a2f75-ce30-4dbd-af96-5adca13389b4:192.168.69.85:35551, b7ce392e-07e5-43c4-a049-3141454252ec:192.168.69.85:43203, 25bdb850-9456-40e4-9e32-2249eb72d793:192.168.69.85:34143], old=null
2019-10-18 13:44:01,837 [pool-37-thread-1] INFO  impl.RaftServerImpl (RaftServerImpl.java:setRole(184)) - b7ce392e-07e5-43c4-a049-3141454252ec@group-58B787E4CA93: changes role from      null to FOLLOWER at term 0 for startAsFollower
2019-10-18 13:44:01,837 [pool-37-thread-1] INFO  impl.RoleInfo (RoleInfo.java:updateAndGet(143)) - b7ce392e-07e5-43c4-a049-3141454252ec: start FollowerState
2019-10-18 13:44:01,837 [pool-47-thread-1] INFO  impl.RaftServerImpl (RaftServerImpl.java:start(195)) - 25bdb850-9456-40e4-9e32-2249eb72d793@group-58B787E4CA93: start as a follower, conf=-1: [9d0a2f75-ce30-4dbd-af96-5adca13389b4:192.168.69.85:35551, b7ce392e-07e5-43c4-a049-3141454252ec:192.168.69.85:43203, 25bdb850-9456-40e4-9e32-2249eb72d793:192.168.69.85:34143], old=null
2019-10-18 13:44:01,837 [pool-37-thread-1] INFO  util.JmxRegister (JmxRegister.java:tryRegister(44)) - Successfully registered JMX Bean with object name Ratis:service=RaftServer,group=group-58B787E4CA93,id=b7ce392e-07e5-43c4-a049-3141454252ec
2019-10-18 13:44:01,837 [pool-47-thread-1] INFO  impl.RaftServerImpl (RaftServerImpl.java:setRole(184)) - 25bdb850-9456-40e4-9e32-2249eb72d793@group-58B787E4CA93: changes role from      null to FOLLOWER at term 0 for startAsFollower
2019-10-18 13:44:01,837 [pool-47-thread-1] INFO  impl.RoleInfo (RoleInfo.java:updateAndGet(143)) - 25bdb850-9456-40e4-9e32-2249eb72d793: start FollowerState
2019-10-18 13:44:01,838 [pool-47-thread-1] INFO  util.JmxRegister (JmxRegister.java:tryRegister(44)) - Successfully registered JMX Bean with object name Ratis:service=RaftServer,group=group-58B787E4CA93,id=25bdb850-9456-40e4-9e32-2249eb72d793
2019-10-18 13:44:01,845 [25bdb850-9456-40e4-9e32-2249eb72d793@group-CCA166F66943-SegmentedRaftLogWorker] INFO  segmented.SegmentedRaftLogWorker (SegmentedRaftLogWorker.java:execute(576)) - 25bdb850-9456-40e4-9e32-2249eb72d793@group-CCA166F66943-SegmentedRaftLogWorker: created new log segment /workdir/hadoop-ozone/integration-test/target/test-dir/MiniOzoneClusterImpl-9d6dd75e-a22e-4447-b646-8faf5d797e6a/datanode-2/data/ratis/063ecc6a-25c1-44c7-a837-cca166f66943/current/log_inprogress_0
2019-10-18 13:44:01,845 [9d0a2f75-ce30-4dbd-af96-5adca13389b4@group-C092FB9A7431-SegmentedRaftLogWorker] INFO  segmented.SegmentedRaftLogWorker (SegmentedRaftLogWorker.java:execute(576)) - 9d0a2f75-ce30-4dbd-af96-5adca13389b4@group-C092FB9A7431-SegmentedRaftLogWorker: created new log segment /workdir/hadoop-ozone/integration-test/target/test-dir/MiniOzoneClusterImpl-9d6dd75e-a22e-4447-b646-8faf5d797e6a/datanode-0/data/ratis/323d032c-d40e-44a1-8f78-c092fb9a7431/current/log_inprogress_0
2019-10-18 13:44:01,856 [RatisPipelineUtilsThread] INFO  pipeline.PipelineStateManager (PipelineStateManager.java:addPipeline(56)) - Created pipeline Pipeline[ Id: 959e288b-eace-4bc0-b5b0-58b787e4ca93, Nodes: 25bdb850-9456-40e4-9e32-2249eb72d793{ip: 192.168.69.85, host: pr-hdds-2292-qcvbb-3996421426, networkLocation: /default-rack, certSerialId: null}b7ce392e-07e5-43c4-a049-3141454252ec{ip: 192.168.69.85, host: pr-hdds-2292-qcvbb-3996421426, networkLocation: /default-rack, certSerialId: null}9d0a2f75-ce30-4dbd-af96-5adca13389b4{ip: 192.168.69.85, host: pr-hdds-2292-qcvbb-3996421426, networkLocation: /default-rack, certSerialId: null}, Type:RATIS, Factor:THREE, State:OPEN]
2019-10-18 13:44:01,869 [Thread-194] INFO  impl.FollowerState (FollowerState.java:run(108)) - b7ce392e-07e5-43c4-a049-3141454252ec@group-2BE19B46B106-FollowerState: change to CANDIDATE, lastRpcTime:126ms, electionTimeout:126ms
2019-10-18 13:44:01,869 [Thread-194] INFO  impl.RoleInfo (RoleInfo.java:shutdownFollowerState(121)) - b7ce392e-07e5-43c4-a049-3141454252ec: shutdown FollowerState
2019-10-18 13:44:01,869 [Thread-194] INFO  impl.RaftServerImpl (RaftServerImpl.java:setRole(184)) - b7ce392e-07e5-43c4-a049-3141454252ec@group-2BE19B46B106: changes role from  FOLLOWER to CANDIDATE at term 0 for changeToCandidate
2019-10-18 13:44:01,870 [Thread-194] INFO  impl.RoleInfo (RoleInfo.java:updateAndGet(143)) - b7ce392e-07e5-43c4-a049-3141454252ec: start LeaderElection
2019-10-18 13:44:01,884 [b7ce392e-07e5-43c4-a049-3141454252ec@group-2BE19B46B106-LeaderElection3] INFO  impl.LeaderElection (LeaderElection.java:askForVotes(178)) - b7ce392e-07e5-43c4-a049-3141454252ec@group-2BE19B46B106-LeaderElection3: begin an election at term 1 for -1: [b7ce392e-07e5-43c4-a049-3141454252ec:192.168.69.85:43203], old=null
2019-10-18 13:44:01,885 [b7ce392e-07e5-43c4-a049-3141454252ec@group-2BE19B46B106-LeaderElection3] INFO  impl.RoleInfo (RoleInfo.java:shutdownLeaderElection(134)) - b7ce392e-07e5-43c4-a049-3141454252ec: shutdown LeaderElection
2019-10-18 13:44:01,885 [b7ce392e-07e5-43c4-a049-3141454252ec@group-2BE19B46B106-LeaderElection3] INFO  impl.RaftServerImpl (RaftServerImpl.java:setRole(184)) - b7ce392e-07e5-43c4-a049-3141454252ec@group-2BE19B46B106: changes role from CANDIDATE to LEADER at term 1 for changeToLeader
2019-10-18 13:44:01,885 [b7ce392e-07e5-43c4-a049-3141454252ec@group-2BE19B46B106-LeaderElection3] INFO  impl.RaftServerImpl (ServerState.java:setLeader(256)) - b7ce392e-07e5-43c4-a049-3141454252ec@group-2BE19B46B106: change Leader from null to b7ce392e-07e5-43c4-a049-3141454252ec at term 1 for becomeLeader, leader elected after 157ms
2019-10-18 13:44:01,885 [b7ce392e-07e5-43c4-a049-3141454252ec@group-2BE19B46B106-LeaderElection3] INFO  server.RaftServerConfigKeys (ConfUtils.java:logGet(43)) - raft.server.staging.catchup.gap = 1000 (default)
2019-10-18 13:44:01,885 [b7ce392e-07e5-43c4-a049-3141454252ec@group-2BE19B46B106-LeaderElection3] INFO  server.RaftServerConfigKeys (ConfUtils.java:logGet(43)) - raft.server.rpc.sleep.time = 25ms (default)
2019-10-18 13:44:01,885 [b7ce392e-07e5-43c4-a049-3141454252ec@group-2BE19B46B106-LeaderElection3] INFO  server.RaftServerConfigKeys (ConfUtils.java:logGet(43)) - raft.server.write.element-limit = 4096 (default)
2019-10-18 13:44:01,885 [b7ce392e-07e5-43c4-a049-3141454252ec@group-2BE19B46B106-LeaderElection3] INFO  server.RaftServerConfigKeys (ConfUtils.java:logGet(43)) - raft.server.watch.timeout = 10s (default)
2019-10-18 13:44:01,885 [b7ce392e-07e5-43c4-a049-3141454252ec@group-2BE19B46B106-LeaderElection3] INFO  server.RaftServerConfigKeys (ConfUtils.java:logGet(43)) - raft.server.watch.timeout.denomination = 1s (default)
2019-10-18 13:44:01,886 [b7ce392e-07e5-43c4-a049-3141454252ec@group-2BE19B46B106-LeaderElection3] INFO  server.RaftServerConfigKeys (ConfUtils.java:logGet(43)) - raft.server.watch.element-limit = 65536 (default)
2019-10-18 13:44:01,887 [b7ce392e-07e5-43c4-a049-3141454252ec@group-2BE19B46B106-LeaderElection3] INFO  impl.RoleInfo (RoleInfo.java:updateAndGet(143)) - b7ce392e-07e5-43c4-a049-3141454252ec: start LeaderState
2019-10-18 13:44:01,888 [b7ce392e-07e5-43c4-a049-3141454252ec@group-2BE19B46B106-LeaderElection3] INFO  segmented.SegmentedRaftLogWorker (SegmentedRaftLogWorker.java:startLogSegment(385)) - b7ce392e-07e5-43c4-a049-3141454252ec@group-2BE19B46B106-SegmentedRaftLogWorker: Starting segment from index:0
2019-10-18 13:44:01,888 [b7ce392e-07e5-43c4-a049-3141454252ec@group-2BE19B46B106-LeaderElection3] INFO  impl.RaftServerImpl (ServerState.java:setRaftConf(357)) - b7ce392e-07e5-43c4-a049-3141454252ec@group-2BE19B46B106: set configuration 0: [b7ce392e-07e5-43c4-a049-3141454252ec:192.168.69.85:43203], old=null at 0
2019-10-18 13:44:01,932 [b7ce392e-07e5-43c4-a049-3141454252ec@group-2BE19B46B106-SegmentedRaftLogWorker] INFO  segmented.SegmentedRaftLogWorker (SegmentedRaftLogWorker.java:execute(576)) - b7ce392e-07e5-43c4-a049-3141454252ec@group-2BE19B46B106-SegmentedRaftLogWorker: created new log segment /workdir/hadoop-ozone/integration-test/target/test-dir/MiniOzoneClusterImpl-9d6dd75e-a22e-4447-b646-8faf5d797e6a/datanode-1/data/ratis/e873a63f-78d7-4acf-8d75-2be19b46b106/current/log_inprogress_0
2019-10-18 13:44:01,965 [Thread-203] INFO  impl.FollowerState (FollowerState.java:run(108)) - 25bdb850-9456-40e4-9e32-2249eb72d793@group-58B787E4CA93-FollowerState: change to CANDIDATE, lastRpcTime:127ms, electionTimeout:127ms
2019-10-18 13:44:01,965 [Thread-203] INFO  impl.RoleInfo (RoleInfo.java:shutdownFollowerState(121)) - 25bdb850-9456-40e4-9e32-2249eb72d793: shutdown FollowerState
2019-10-18 13:44:01,965 [Thread-203] INFO  impl.RaftServerImpl (RaftServerImpl.java:setRole(184)) - 25bdb850-9456-40e4-9e32-2249eb72d793@group-58B787E4CA93: changes role from  FOLLOWER to CANDIDATE at term 0 for changeToCandidate
2019-10-18 13:44:01,965 [Thread-203] INFO  impl.RoleInfo (RoleInfo.java:updateAndGet(143)) - 25bdb850-9456-40e4-9e32-2249eb72d793: start LeaderElection
2019-10-18 13:44:01,974 [main] INFO  ozone.MiniOzoneClusterImpl (MiniOzoneClusterImpl.java:lambda$waitForClusterToBeReady$0(147)) - Cluster is ready. Got 3 of 3 DN Heartbeats.
2019-10-18 13:44:01,985 [25bdb850-9456-40e4-9e32-2249eb72d793@group-58B787E4CA93-LeaderElection4] INFO  impl.LeaderElection (LeaderElection.java:askForVotes(178)) - 25bdb850-9456-40e4-9e32-2249eb72d793@group-58B787E4CA93-LeaderElection4: begin an election at term 1 for -1: [9d0a2f75-ce30-4dbd-af96-5adca13389b4:192.168.69.85:35551, b7ce392e-07e5-43c4-a049-3141454252ec:192.168.69.85:43203, 25bdb850-9456-40e4-9e32-2249eb72d793:192.168.69.85:34143], old=null
2019-10-18 13:44:01,995 [Thread-201] INFO  impl.FollowerState (FollowerState.java:run(108)) - 9d0a2f75-ce30-4dbd-af96-5adca13389b4@group-58B787E4CA93-FollowerState: change to CANDIDATE, lastRpcTime:159ms, electionTimeout:159ms
2019-10-18 13:44:01,996 [Thread-201] INFO  impl.RoleInfo (RoleInfo.java:shutdownFollowerState(121)) - 9d0a2f75-ce30-4dbd-af96-5adca13389b4: shutdown FollowerState
2019-10-18 13:44:01,997 [Thread-201] INFO  impl.RaftServerImpl (RaftServerImpl.java:setRole(184)) - 9d0a2f75-ce30-4dbd-af96-5adca13389b4@group-58B787E4CA93: changes role from  FOLLOWER to CANDIDATE at term 0 for changeToCandidate
2019-10-18 13:44:01,997 [Thread-201] INFO  impl.RoleInfo (RoleInfo.java:updateAndGet(143)) - 9d0a2f75-ce30-4dbd-af96-5adca13389b4: start LeaderElection
2019-10-18 13:44:01,998 [Thread-202] INFO  impl.FollowerState (FollowerState.java:run(108)) - b7ce392e-07e5-43c4-a049-3141454252ec@group-58B787E4CA93-FollowerState: change to CANDIDATE, lastRpcTime:160ms, electionTimeout:160ms
2019-10-18 13:44:02,001 [Thread-202] INFO  impl.RoleInfo (RoleInfo.java:shutdownFollowerState(121)) - b7ce392e-07e5-43c4-a049-3141454252ec: shutdown FollowerState
2019-10-18 13:44:02,002 [Thread-202] INFO  impl.RaftServerImpl (RaftServerImpl.java:setRole(184)) - b7ce392e-07e5-43c4-a049-3141454252ec@group-58B787E4CA93: changes role from  FOLLOWER to CANDIDATE at term 0 for changeToCandidate
2019-10-18 13:44:02,003 [Thread-202] INFO  impl.RoleInfo (RoleInfo.java:updateAndGet(143)) - b7ce392e-07e5-43c4-a049-3141454252ec: start LeaderElection
2019-10-18 13:44:02,019 [b7ce392e-07e5-43c4-a049-3141454252ec@group-58B787E4CA93-LeaderElection6] INFO  impl.LeaderElection (LeaderElection.java:askForVotes(178)) - b7ce392e-07e5-43c4-a049-3141454252ec@group-58B787E4CA93-LeaderElection6: begin an election at term 1 for -1: [9d0a2f75-ce30-4dbd-af96-5adca13389b4:192.168.69.85:35551, b7ce392e-07e5-43c4-a049-3141454252ec:192.168.69.85:43203, 25bdb850-9456-40e4-9e32-2249eb72d793:192.168.69.85:34143], old=null
2019-10-18 13:44:02,019 [9d0a2f75-ce30-4dbd-af96-5adca13389b4@group-58B787E4CA93-LeaderElection5] INFO  impl.LeaderElection (LeaderElection.java:askForVotes(178)) - 9d0a2f75-ce30-4dbd-af96-5adca13389b4@group-58B787E4CA93-LeaderElection5: begin an election at term 1 for -1: [9d0a2f75-ce30-4dbd-af96-5adca13389b4:192.168.69.85:35551, b7ce392e-07e5-43c4-a049-3141454252ec:192.168.69.85:43203, 25bdb850-9456-40e4-9e32-2249eb72d793:192.168.69.85:34143], old=null
2019-10-18 13:44:02,038 [25bdb850-9456-40e4-9e32-2249eb72d793@group-58B787E4CA93-LeaderElection4] INFO  impl.LeaderElection (LeaderElection.java:logAndReturn(56)) - 25bdb850-9456-40e4-9e32-2249eb72d793@group-58B787E4CA93-LeaderElection4: Election REJECTED; received 2 response(s) [25bdb850-9456-40e4-9e32-2249eb72d793<-9d0a2f75-ce30-4dbd-af96-5adca13389b4#0:FAIL-t1, 25bdb850-9456-40e4-9e32-2249eb72d793<-b7ce392e-07e5-43c4-a049-3141454252ec#0:FAIL-t1] and 0 exception(s); 25bdb850-9456-40e4-9e32-2249eb72d793@group-58B787E4CA93:t1, leader=null, voted=25bdb850-9456-40e4-9e32-2249eb72d793, raftlog=25bdb850-9456-40e4-9e32-2249eb72d793@group-58B787E4CA93-SegmentedRaftLog:OPENED:c-1,f-1,i0, conf=-1: [9d0a2f75-ce30-4dbd-af96-5adca13389b4:192.168.69.85:35551, b7ce392e-07e5-43c4-a049-3141454252ec:192.168.69.85:43203, 25bdb850-9456-40e4-9e32-2249eb72d793:192.168.69.85:34143], old=null
2019-10-18 13:44:02,040 [25bdb850-9456-40e4-9e32-2249eb72d793@group-58B787E4CA93-LeaderElection4] INFO  impl.RaftServerImpl (RaftServerImpl.java:setRole(184)) - 25bdb850-9456-40e4-9e32-2249eb72d793@group-58B787E4CA93: changes role from CANDIDATE to FOLLOWER at term 1 for DISCOVERED_A_NEW_TERM
2019-10-18 13:44:02,040 [25bdb850-9456-40e4-9e32-2249eb72d793@group-58B787E4CA93-LeaderElection4] INFO  impl.RoleInfo (RoleInfo.java:shutdownLeaderElection(134)) - 25bdb850-9456-40e4-9e32-2249eb72d793: shutdown LeaderElection
2019-10-18 13:44:02,040 [25bdb850-9456-40e4-9e32-2249eb72d793@group-58B787E4CA93-LeaderElection4] INFO  impl.RoleInfo (RoleInfo.java:updateAndGet(143)) - 25bdb850-9456-40e4-9e32-2249eb72d793: start FollowerState
2019-10-18 13:44:02,054 [Thread-218] INFO  impl.FollowerState (FollowerState.java:run(108)) - 25bdb850-9456-40e4-9e32-2249eb72d793@group-58B787E4CA93-FollowerState: change to CANDIDATE, lastRpcTime:13ms, electionTimeout:13ms
2019-10-18 13:44:02,054 [Thread-218] INFO  impl.RoleInfo (RoleInfo.java:shutdownFollowerState(121)) - 25bdb850-9456-40e4-9e32-2249eb72d793: shutdown FollowerState
2019-10-18 13:44:02,055 [Thread-218] INFO  impl.RaftServerImpl (RaftServerImpl.java:setRole(184)) - 25bdb850-9456-40e4-9e32-2249eb72d793@group-58B787E4CA93: changes role from  FOLLOWER to CANDIDATE at term 1 for changeToCandidate
2019-10-18 13:44:02,057 [Thread-218] INFO  impl.RoleInfo (RoleInfo.java:updateAndGet(143)) - 25bdb850-9456-40e4-9e32-2249eb72d793: start LeaderElection
2019-10-18 13:44:02,057 [9d0a2f75-ce30-4dbd-af96-5adca13389b4@group-58B787E4CA93-LeaderElection5] INFO  impl.LeaderElection (LeaderElection.java:logAndReturn(56)) - 9d0a2f75-ce30-4dbd-af96-5adca13389b4@group-58B787E4CA93-LeaderElection5: Election REJECTED; received 2 response(s) [9d0a2f75-ce30-4dbd-af96-5adca13389b4<-b7ce392e-07e5-43c4-a049-3141454252ec#0:FAIL-t1, 9d0a2f75-ce30-4dbd-af96-5adca13389b4<-25bdb850-9456-40e4-9e32-2249eb72d793#0:FAIL-t1] and 0 exception(s); 9d0a2f75-ce30-4dbd-af96-5adca13389b4@group-58B787E4CA93:t1, leader=null, voted=9d0a2f75-ce30-4dbd-af96-5adca13389b4, raftlog=9d0a2f75-ce30-4dbd-af96-5adca13389b4@group-58B787E4CA93-SegmentedRaftLog:OPENED:c-1,f-1,i0, conf=-1: [9d0a2f75-ce30-4dbd-af96-5adca13389b4:192.168.69.85:35551, b7ce392e-07e5-43c4-a049-3141454252ec:192.168.69.85:43203, 25bdb850-9456-40e4-9e32-2249eb72d793:192.168.69.85:34143], old=null
2019-10-18 13:44:02,057 [9d0a2f75-ce30-4dbd-af96-5adca13389b4@group-58B787E4CA93-LeaderElection5] INFO  impl.RaftServerImpl (RaftServerImpl.java:setRole(184)) - 9d0a2f75-ce30-4dbd-af96-5adca13389b4@group-58B787E4CA93: changes role from CANDIDATE to FOLLOWER at term 1 for DISCOVERED_A_NEW_TERM
2019-10-18 13:44:02,058 [9d0a2f75-ce30-4dbd-af96-5adca13389b4@group-58B787E4CA93-LeaderElection5] INFO  impl.RoleInfo (RoleInfo.java:shutdownLeaderElection(134)) - 9d0a2f75-ce30-4dbd-af96-5adca13389b4: shutdown LeaderElection
2019-10-18 13:44:02,058 [9d0a2f75-ce30-4dbd-af96-5adca13389b4@group-58B787E4CA93-LeaderElection5] INFO  impl.RoleInfo (RoleInfo.java:updateAndGet(143)) - 9d0a2f75-ce30-4dbd-af96-5adca13389b4: start FollowerState
2019-10-18 13:44:02,059 [b7ce392e-07e5-43c4-a049-3141454252ec@group-58B787E4CA93-LeaderElection6] INFO  impl.LeaderElection (LeaderElection.java:logAndReturn(56)) - b7ce392e-07e5-43c4-a049-3141454252ec@group-58B787E4CA93-LeaderElection6: Election REJECTED; received 2 response(s) [b7ce392e-07e5-43c4-a049-3141454252ec<-9d0a2f75-ce30-4dbd-af96-5adca13389b4#0:FAIL-t1, b7ce392e-07e5-43c4-a049-3141454252ec<-25bdb850-9456-40e4-9e32-2249eb72d793#0:FAIL-t1] and 0 exception(s); b7ce392e-07e5-43c4-a049-3141454252ec@group-58B787E4CA93:t1, leader=null, voted=b7ce392e-07e5-43c4-a049-3141454252ec, raftlog=b7ce392e-07e5-43c4-a049-3141454252ec@group-58B787E4CA93-SegmentedRaftLog:OPENED:c-1,f-1,i0, conf=-1: [9d0a2f75-ce30-4dbd-af96-5adca13389b4:192.168.69.85:35551, b7ce392e-07e5-43c4-a049-3141454252ec:192.168.69.85:43203, 25bdb850-9456-40e4-9e32-2249eb72d793:192.168.69.85:34143], old=null
2019-10-18 13:44:02,060 [b7ce392e-07e5-43c4-a049-3141454252ec@group-58B787E4CA93-LeaderElection6] INFO  impl.RaftServerImpl (RaftServerImpl.java:setRole(184)) - b7ce392e-07e5-43c4-a049-3141454252ec@group-58B787E4CA93: changes role from CANDIDATE to FOLLOWER at term 1 for DISCOVERED_A_NEW_TERM
2019-10-18 13:44:02,061 [b7ce392e-07e5-43c4-a049-3141454252ec@group-58B787E4CA93-LeaderElection6] INFO  impl.RoleInfo (RoleInfo.java:shutdownLeaderElection(134)) - b7ce392e-07e5-43c4-a049-3141454252ec: shutdown LeaderElection
2019-10-18 13:44:02,061 [b7ce392e-07e5-43c4-a049-3141454252ec@group-58B787E4CA93-LeaderElection6] INFO  impl.RoleInfo (RoleInfo.java:updateAndGet(143)) - b7ce392e-07e5-43c4-a049-3141454252ec: start FollowerState
2019-10-18 13:44:02,071 [25bdb850-9456-40e4-9e32-2249eb72d793@group-58B787E4CA93-LeaderElection7] INFO  impl.LeaderElection (LeaderElection.java:askForVotes(178)) - 25bdb850-9456-40e4-9e32-2249eb72d793@group-58B787E4CA93-LeaderElection7: begin an election at term 2 for -1: [9d0a2f75-ce30-4dbd-af96-5adca13389b4:192.168.69.85:35551, b7ce392e-07e5-43c4-a049-3141454252ec:192.168.69.85:43203, 25bdb850-9456-40e4-9e32-2249eb72d793:192.168.69.85:34143], old=null
2019-10-18 13:44:02,076 [grpc-default-executor-3] INFO  impl.RaftServerImpl (RaftServerImpl.java:setRole(184)) - 9d0a2f75-ce30-4dbd-af96-5adca13389b4@group-58B787E4CA93: changes role from  FOLLOWER to FOLLOWER at term 2 for recognizeCandidate:25bdb850-9456-40e4-9e32-2249eb72d793
2019-10-18 13:44:02,076 [grpc-default-executor-3] INFO  impl.RoleInfo (RoleInfo.java:shutdownFollowerState(121)) - 9d0a2f75-ce30-4dbd-af96-5adca13389b4: shutdown FollowerState
2019-10-18 13:44:02,076 [grpc-default-executor-3] INFO  impl.RoleInfo (RoleInfo.java:updateAndGet(143)) - 9d0a2f75-ce30-4dbd-af96-5adca13389b4: start FollowerState
2019-10-18 13:44:02,076 [Thread-220] INFO  impl.FollowerState (FollowerState.java:run(117)) - 9d0a2f75-ce30-4dbd-af96-5adca13389b4@group-58B787E4CA93-FollowerState was interrupted: java.lang.InterruptedException: sleep interrupted
2019-10-18 13:44:02,078 [grpc-default-executor-1] INFO  impl.RaftServerImpl (RaftServerImpl.java:setRole(184)) - b7ce392e-07e5-43c4-a049-3141454252ec@group-58B787E4CA93: changes role from  FOLLOWER to FOLLOWER at term 2 for recognizeCandidate:25bdb850-9456-40e4-9e32-2249eb72d793
2019-10-18 13:44:02,078 [grpc-default-executor-1] INFO  impl.RoleInfo (RoleInfo.java:shutdownFollowerState(121)) - b7ce392e-07e5-43c4-a049-3141454252ec: shutdown FollowerState
2019-10-18 13:44:02,078 [Thread-221] INFO  impl.FollowerState (FollowerState.java:run(117)) - b7ce392e-07e5-43c4-a049-3141454252ec@group-58B787E4CA93-FollowerState was interrupted: java.lang.InterruptedException: sleep interrupted
2019-10-18 13:44:02,078 [grpc-default-executor-1] INFO  impl.RoleInfo (RoleInfo.java:updateAndGet(143)) - b7ce392e-07e5-43c4-a049-3141454252ec: start FollowerState
2019-10-18 13:44:02,096 [25bdb850-9456-40e4-9e32-2249eb72d793@group-58B787E4CA93-LeaderElection7] INFO  impl.LeaderElection (LeaderElection.java:logAndReturn(56)) - 25bdb850-9456-40e4-9e32-2249eb72d793@group-58B787E4CA93-LeaderElection7: Election PASSED; received 1 response(s) [25bdb850-9456-40e4-9e32-2249eb72d793<-9d0a2f75-ce30-4dbd-af96-5adca13389b4#0:OK-t2] and 0 exception(s); 25bdb850-9456-40e4-9e32-2249eb72d793@group-58B787E4CA93:t2, leader=null, voted=25bdb850-9456-40e4-9e32-2249eb72d793, raftlog=25bdb850-9456-40e4-9e32-2249eb72d793@group-58B787E4CA93-SegmentedRaftLog:OPENED:c-1,f-1,i0, conf=-1: [9d0a2f75-ce30-4dbd-af96-5adca13389b4:192.168.69.85:35551, b7ce392e-07e5-43c4-a049-3141454252ec:192.168.69.85:43203, 25bdb850-9456-40e4-9e32-2249eb72d793:192.168.69.85:34143], old=null
2019-10-18 13:44:02,097 [25bdb850-9456-40e4-9e32-2249eb72d793@group-58B787E4CA93-LeaderElection7] INFO  impl.RoleInfo (RoleInfo.java:shutdownLeaderElection(134)) - 25bdb850-9456-40e4-9e32-2249eb72d793: shutdown LeaderElection
2019-10-18 13:44:02,097 [25bdb850-9456-40e4-9e32-2249eb72d793@group-58B787E4CA93-LeaderElection7] INFO  impl.RaftServerImpl (RaftServerImpl.java:setRole(184)) - 25bdb850-9456-40e4-9e32-2249eb72d793@group-58B787E4CA93: changes role from CANDIDATE to LEADER at term 2 for changeToLeader
2019-10-18 13:44:02,097 [25bdb850-9456-40e4-9e32-2249eb72d793@group-58B787E4CA93-LeaderElection7] INFO  impl.RaftServerImpl (ServerState.java:setLeader(256)) - 25bdb850-9456-40e4-9e32-2249eb72d793@group-58B787E4CA93: change Leader from null to 25bdb850-9456-40e4-9e32-2249eb72d793 at term 2 for becomeLeader, leader elected after 269ms
2019-10-18 13:44:02,098 [25bdb850-9456-40e4-9e32-2249eb72d793@group-58B787E4CA93-LeaderElection7] INFO  server.RaftServerConfigKeys (ConfUtils.java:logGet(43)) - raft.server.staging.catchup.gap = 1000 (default)
2019-10-18 13:44:02,099 [25bdb850-9456-40e4-9e32-2249eb72d793@group-58B787E4CA93-LeaderElection7] INFO  server.RaftServerConfigKeys (ConfUtils.java:logGet(43)) - raft.server.rpc.sleep.time = 25ms (default)
2019-10-18 13:44:02,099 [25bdb850-9456-40e4-9e32-2249eb72d793@group-58B787E4CA93-LeaderElection7] INFO  server.RaftServerConfigKeys (ConfUtils.java:logGet(43)) - raft.server.write.element-limit = 4096 (default)
2019-10-18 13:44:02,099 [25bdb850-9456-40e4-9e32-2249eb72d793@group-58B787E4CA93-LeaderElection7] INFO  server.RaftServerConfigKeys (ConfUtils.java:logGet(43)) - raft.server.watch.timeout = 10s (default)
2019-10-18 13:44:02,099 [25bdb850-9456-40e4-9e32-2249eb72d793@group-58B787E4CA93-LeaderElection7] INFO  server.RaftServerConfigKeys (ConfUtils.java:logGet(43)) - raft.server.watch.timeout.denomination = 1s (default)
2019-10-18 13:44:02,099 [25bdb850-9456-40e4-9e32-2249eb72d793@group-58B787E4CA93-LeaderElection7] INFO  server.RaftServerConfigKeys (ConfUtils.java:logGet(43)) - raft.server.watch.element-limit = 65536 (default)
2019-10-18 13:44:02,103 [25bdb850-9456-40e4-9e32-2249eb72d793@group-58B787E4CA93-LeaderElection7] INFO  server.RaftServerConfigKeys (ConfUtils.java:logGet(43)) - raft.server.log.appender.snapshot.chunk.size.max = 16MB (=16777216) (default)
2019-10-18 13:44:02,104 [25bdb850-9456-40e4-9e32-2249eb72d793@group-58B787E4CA93-LeaderElection7] INFO  server.RaftServerConfigKeys (ConfUtils.java:logGet(43)) - raft.server.log.appender.buffer.byte-limit = 33554432 (custom)
2019-10-18 13:44:02,104 [25bdb850-9456-40e4-9e32-2249eb72d793@group-58B787E4CA93-LeaderElection7] INFO  server.RaftServerConfigKeys (ConfUtils.java:logGet(43)) - raft.server.log.appender.buffer.element-limit = 1 (custom)
2019-10-18 13:44:02,107 [25bdb850-9456-40e4-9e32-2249eb72d793@group-58B787E4CA93-LeaderElection7] INFO  grpc.GrpcConfigKeys$Server (ConfUtils.java:logGet(43)) - raft.grpc.server.leader.outstanding.appends.max = 128 (default)
2019-10-18 13:44:02,109 [25bdb850-9456-40e4-9e32-2249eb72d793@group-58B787E4CA93-LeaderElection7] INFO  server.RaftServerConfigKeys (ConfUtils.java:logGet(43)) - raft.server.rpc.request.timeout = 3000ms (default)
2019-10-18 13:44:02,109 [25bdb850-9456-40e4-9e32-2249eb72d793@group-58B787E4CA93-LeaderElection7] INFO  server.RaftServerConfigKeys (ConfUtils.java:logGet(43)) - raft.server.log.appender.install.snapshot.enabled = false (custom)
2019-10-18 13:44:02,114 [25bdb850-9456-40e4-9e32-2249eb72d793@group-58B787E4CA93-LeaderElection7] INFO  server.RaftServerConfigKeys (ConfUtils.java:logGet(43)) - raft.server.log.appender.snapshot.chunk.size.max = 16MB (=16777216) (default)
2019-10-18 13:44:02,114 [25bdb850-9456-40e4-9e32-2249eb72d793@group-58B787E4CA93-LeaderElection7] INFO  server.RaftServerConfigKeys (ConfUtils.java:logGet(43)) - raft.server.log.appender.buffer.byte-limit = 33554432 (custom)
2019-10-18 13:44:02,114 [25bdb850-9456-40e4-9e32-2249eb72d793@group-58B787E4CA93-LeaderElection7] INFO  server.RaftServerConfigKeys (ConfUtils.java:logGet(43)) - raft.server.log.appender.buffer.element-limit = 1 (custom)
2019-10-18 13:44:02,114 [25bdb850-9456-40e4-9e32-2249eb72d793@group-58B787E4CA93-LeaderElection7] INFO  grpc.GrpcConfigKeys$Server (ConfUtils.java:logGet(43)) - raft.grpc.server.leader.outstanding.appends.max = 128 (default)
2019-10-18 13:44:02,114 [25bdb850-9456-40e4-9e32-2249eb72d793@group-58B787E4CA93-LeaderElection7] INFO  server.RaftServerConfigKeys (ConfUtils.java:logGet(43)) - raft.server.rpc.request.timeout = 3000ms (default)
2019-10-18 13:44:02,114 [25bdb850-9456-40e4-9e32-2249eb72d793@group-58B787E4CA93-LeaderElection7] INFO  server.RaftServerConfigKeys (ConfUtils.java:logGet(43)) - raft.server.log.appender.install.snapshot.enabled = false (custom)
2019-10-18 13:44:02,119 [25bdb850-9456-40e4-9e32-2249eb72d793@group-58B787E4CA93-LeaderElection7] INFO  impl.RoleInfo (RoleInfo.java:updateAndGet(143)) - 25bdb850-9456-40e4-9e32-2249eb72d793: start LeaderState
2019-10-18 13:44:02,119 [25bdb850-9456-40e4-9e32-2249eb72d793@group-58B787E4CA93-LeaderElection7] INFO  segmented.SegmentedRaftLogWorker (SegmentedRaftLogWorker.java:startLogSegment(385)) - 25bdb850-9456-40e4-9e32-2249eb72d793@group-58B787E4CA93-SegmentedRaftLogWorker: Starting segment from index:0
2019-10-18 13:44:02,120 [25bdb850-9456-40e4-9e32-2249eb72d793@group-58B787E4CA93-LeaderElection7] INFO  impl.RaftServerImpl (ServerState.java:setRaftConf(357)) - 25bdb850-9456-40e4-9e32-2249eb72d793@group-58B787E4CA93: set configuration 0: [9d0a2f75-ce30-4dbd-af96-5adca13389b4:192.168.69.85:35551, b7ce392e-07e5-43c4-a049-3141454252ec:192.168.69.85:43203, 25bdb850-9456-40e4-9e32-2249eb72d793:192.168.69.85:34143], old=null at 0
2019-10-18 13:44:02,153 [25bdb850-9456-40e4-9e32-2249eb72d793@group-58B787E4CA93-SegmentedRaftLogWorker] INFO  segmented.SegmentedRaftLogWorker (SegmentedRaftLogWorker.java:execute(576)) - 25bdb850-9456-40e4-9e32-2249eb72d793@group-58B787E4CA93-SegmentedRaftLogWorker: created new log segment /workdir/hadoop-ozone/integration-test/target/test-dir/MiniOzoneClusterImpl-9d6dd75e-a22e-4447-b646-8faf5d797e6a/datanode-2/data/ratis/959e288b-eace-4bc0-b5b0-58b787e4ca93/current/log_inprogress_0
2019-10-18 13:44:02,153 [Thread-228] INFO  impl.FollowerState (FollowerState.java:run(108)) - b7ce392e-07e5-43c4-a049-3141454252ec@group-58B787E4CA93-FollowerState: change to CANDIDATE, lastRpcTime:75ms, electionTimeout:74ms
2019-10-18 13:44:02,153 [Thread-228] INFO  impl.RoleInfo (RoleInfo.java:shutdownFollowerState(121)) - b7ce392e-07e5-43c4-a049-3141454252ec: shutdown FollowerState
2019-10-18 13:44:02,154 [Thread-228] INFO  impl.RaftServerImpl (RaftServerImpl.java:setRole(184)) - b7ce392e-07e5-43c4-a049-3141454252ec@group-58B787E4CA93: changes role from  FOLLOWER to CANDIDATE at term 2 for changeToCandidate
2019-10-18 13:44:02,154 [Thread-228] INFO  impl.RoleInfo (RoleInfo.java:updateAndGet(143)) - b7ce392e-07e5-43c4-a049-3141454252ec: start LeaderElection
2019-10-18 13:44:02,164 [grpc-default-executor-1] INFO  impl.RaftServerImpl (ServerState.java:setLeader(256)) - 9d0a2f75-ce30-4dbd-af96-5adca13389b4@group-58B787E4CA93: change Leader from null to 25bdb850-9456-40e4-9e32-2249eb72d793 at term 2 for appendEntries, leader elected after 335ms
2019-10-18 13:44:02,167 [b7ce392e-07e5-43c4-a049-3141454252ec@group-58B787E4CA93-LeaderElection8] INFO  impl.LeaderElection (LeaderElection.java:askForVotes(178)) - b7ce392e-07e5-43c4-a049-3141454252ec@group-58B787E4CA93-LeaderElection8: begin an election at term 3 for -1: [9d0a2f75-ce30-4dbd-af96-5adca13389b4:192.168.69.85:35551, b7ce392e-07e5-43c4-a049-3141454252ec:192.168.69.85:43203, 25bdb850-9456-40e4-9e32-2249eb72d793:192.168.69.85:34143], old=null
2019-10-18 13:44:02,172 [grpc-default-executor-2] INFO  impl.RaftServerImpl (ServerState.java:setLeader(256)) - 9d0a2f75-ce30-4dbd-af96-5adca13389b4@group-58B787E4CA93: change Leader from 25bdb850-9456-40e4-9e32-2249eb72d793 to null at term 3 for updateCurrentTerm
2019-10-18 13:44:02,172 [grpc-default-executor-2] INFO  impl.RaftServerImpl (RaftServerImpl.java:setRole(184)) - 9d0a2f75-ce30-4dbd-af96-5adca13389b4@group-58B787E4CA93: changes role from  FOLLOWER to FOLLOWER at term 3 for recognizeCandidate:b7ce392e-07e5-43c4-a049-3141454252ec
2019-10-18 13:44:02,173 [grpc-default-executor-2] INFO  impl.RoleInfo (RoleInfo.java:shutdownFollowerState(121)) - 9d0a2f75-ce30-4dbd-af96-5adca13389b4: shutdown FollowerState
2019-10-18 13:44:02,173 [Thread-227] INFO  impl.FollowerState (FollowerState.java:run(117)) - 9d0a2f75-ce30-4dbd-af96-5adca13389b4@group-58B787E4CA93-FollowerState was interrupted: java.lang.InterruptedException: sleep interrupted
2019-10-18 13:44:02,174 [grpc-default-executor-0] INFO  impl.RaftServerImpl (ServerState.java:setLeader(256)) - 25bdb850-9456-40e4-9e32-2249eb72d793@group-58B787E4CA93: change Leader from 25bdb850-9456-40e4-9e32-2249eb72d793 to null at term 3 for updateCurrentTerm
2019-10-18 13:44:02,173 [grpc-default-executor-2] INFO  impl.RoleInfo (RoleInfo.java:updateAndGet(143)) - 9d0a2f75-ce30-4dbd-af96-5adca13389b4: start FollowerState
2019-10-18 13:44:02,174 [grpc-default-executor-0] INFO  impl.RaftServerImpl (RaftServerImpl.java:setRole(184)) - 25bdb850-9456-40e4-9e32-2249eb72d793@group-58B787E4CA93: changes role from    LEADER to FOLLOWER at term 3 for recognizeCandidate:b7ce392e-07e5-43c4-a049-3141454252ec
2019-10-18 13:44:02,175 [grpc-default-executor-0] INFO  impl.RoleInfo (RoleInfo.java:shutdownLeaderState(104)) - 25bdb850-9456-40e4-9e32-2249eb72d793: shutdown LeaderState
2019-10-18 13:44:02,176 [org.apache.ratis.server.impl.LogAppender$AppenderDaemon$$Lambda$415/1452762493@44738c81] WARN  server.GrpcLogAppender (GrpcLogAppender.java:mayWait(149)) - 25bdb850-9456-40e4-9e32-2249eb72d793@group-58B787E4CA93->b7ce392e-07e5-43c4-a049-3141454252ec-GrpcLogAppender: Wait interrupted by java.lang.InterruptedException
2019-10-18 13:44:02,176 [org.apache.ratis.server.impl.LogAppender$AppenderDaemon$$Lambda$415/1452762493@78c68393] WARN  server.GrpcLogAppender (GrpcLogAppender.java:mayWait(149)) - 25bdb850-9456-40e4-9e32-2249eb72d793@group-58B787E4CA93->9d0a2f75-ce30-4dbd-af96-5adca13389b4-GrpcLogAppender: Wait interrupted by java.lang.InterruptedException
2019-10-18 13:44:02,178 [grpc-default-executor-0] INFO  impl.PendingRequests (PendingRequests.java:sendNotLeaderResponses(202)) - 25bdb850-9456-40e4-9e32-2249eb72d793@group-58B787E4CA93-PendingRequests: sendNotLeaderResponses
2019-10-18 13:44:02,180 [grpc-default-executor-0] INFO  impl.RoleInfo (RoleInfo.java:updateAndGet(143)) - 25bdb850-9456-40e4-9e32-2249eb72d793: start FollowerState
2019-10-18 13:44:02,181 [grpc-default-executor-4] INFO  server.GrpcServerProtocolService (GrpcServerProtocolService.java:onCompleted(113)) - 9d0a2f75-ce30-4dbd-af96-5adca13389b4: Completed APPEND_ENTRIES, lastRequest: 25bdb850-9456-40e4-9e32-2249eb72d793->9d0a2f75-ce30-4dbd-af96-5adca13389b4#0-t2, previous=(t:0, i:0), leaderCommit=-1, initializing? false, entries: <empty>
2019-10-18 13:44:02,181 [grpc-default-executor-5] INFO  server.GrpcServerProtocolService (GrpcServerProtocolService.java:onCompleted(113)) - b7ce392e-07e5-43c4-a049-3141454252ec: Completed APPEND_ENTRIES, lastRequest: 25bdb850-9456-40e4-9e32-2249eb72d793->b7ce392e-07e5-43c4-a049-3141454252ec#0-t2, previous=(t:0, i:0), leaderCommit=-1, initializing? false, entries: <empty>
2019-10-18 13:44:02,184 [grpc-default-executor-4] INFO  server.GrpcLogAppender (GrpcLogAppender.java:onCompleted(308)) - 25bdb850-9456-40e4-9e32-2249eb72d793@group-58B787E4CA93->9d0a2f75-ce30-4dbd-af96-5adca13389b4-AppendLogResponseHandler: follower responses appendEntries COMPLETED
2019-10-18 13:44:02,186 [grpc-default-executor-4] INFO  impl.FollowerInfo (FollowerInfo.java:lambda$new$0(51)) - 25bdb850-9456-40e4-9e32-2249eb72d793@group-58B787E4CA93->9d0a2f75-ce30-4dbd-af96-5adca13389b4: nextIndex: updateUnconditionally 0 -> 0
2019-10-18 13:44:02,190 [grpc-default-executor-1] INFO  server.GrpcLogAppender (GrpcLogAppender.java:onCompleted(308)) - 25bdb850-9456-40e4-9e32-2249eb72d793@group-58B787E4CA93->b7ce392e-07e5-43c4-a049-3141454252ec-AppendLogResponseHandler: follower responses appendEntries COMPLETED
2019-10-18 13:44:02,192 [grpc-default-executor-1] INFO  impl.FollowerInfo (FollowerInfo.java:lambda$new$0(51)) - 25bdb850-9456-40e4-9e32-2249eb72d793@group-58B787E4CA93->b7ce392e-07e5-43c4-a049-3141454252ec: nextIndex: updateUnconditionally 0 -> 0
2019-10-18 13:44:02,198 [b7ce392e-07e5-43c4-a049-3141454252ec@group-58B787E4CA93-LeaderElection8] INFO  impl.LeaderElection (LeaderElection.java:logAndReturn(56)) - b7ce392e-07e5-43c4-a049-3141454252ec@group-58B787E4CA93-LeaderElection8: Election PASSED; received 2 response(s) [b7ce392e-07e5-43c4-a049-3141454252ec<-9d0a2f75-ce30-4dbd-af96-5adca13389b4#0:OK-t3, b7ce392e-07e5-43c4-a049-3141454252ec<-25bdb850-9456-40e4-9e32-2249eb72d793#0:FAIL-t3] and 0 exception(s); b7ce392e-07e5-43c4-a049-3141454252ec@group-58B787E4CA93:t3, leader=null, voted=b7ce392e-07e5-43c4-a049-3141454252ec, raftlog=b7ce392e-07e5-43c4-a049-3141454252ec@group-58B787E4CA93-SegmentedRaftLog:OPENED:c-1,f-1,i0, conf=-1: [9d0a2f75-ce30-4dbd-af96-5adca13389b4:192.168.69.85:35551, b7ce392e-07e5-43c4-a049-3141454252ec:192.168.69.85:43203, 25bdb850-9456-40e4-9e32-2249eb72d793:192.168.69.85:34143], old=null
2019-10-18 13:44:02,198 [b7ce392e-07e5-43c4-a049-3141454252ec@group-58B787E4CA93-LeaderElection8] INFO  impl.RoleInfo (RoleInfo.java:shutdownLeaderElection(134)) - b7ce392e-07e5-43c4-a049-3141454252ec: shutdown LeaderElection
2019-10-18 13:44:02,198 [b7ce392e-07e5-43c4-a049-3141454252ec@group-58B787E4CA93-LeaderElection8] INFO  impl.RaftServerImpl (RaftServerImpl.java:setRole(184)) - b7ce392e-07e5-43c4-a049-3141454252ec@group-58B787E4CA93: changes role from CANDIDATE to LEADER at term 3 for changeToLeader
2019-10-18 13:44:02,199 [b7ce392e-07e5-43c4-a049-3141454252ec@group-58B787E4CA93-LeaderElection8] INFO  impl.RaftServerImpl (ServerState.java:setLeader(256)) - b7ce392e-07e5-43c4-a049-3141454252ec@group-58B787E4CA93: change Leader from null to b7ce392e-07e5-43c4-a049-3141454252ec at term 3 for becomeLeader, leader elected after 371ms
2019-10-18 13:44:02,200 [b7ce392e-07e5-43c4-a049-3141454252ec@group-58B787E4CA93-LeaderElection8] INFO  server.RaftServerConfigKeys (ConfUtils.java:logGet(43)) - raft.server.staging.catchup.gap = 1000 (default)
2019-10-18 13:44:02,200 [b7ce392e-07e5-43c4-a049-3141454252ec@group-58B787E4CA93-LeaderElection8] INFO  server.RaftServerConfigKeys (ConfUtils.java:logGet(43)) - raft.server.rpc.sleep.time = 25ms (default)
2019-10-18 13:44:02,200 [b7ce392e-07e5-43c4-a049-3141454252ec@group-58B787E4CA93-LeaderElection8] INFO  server.RaftServerConfigKeys (ConfUtils.java:logGet(43)) - raft.server.write.element-limit = 4096 (default)
2019-10-18 13:44:02,200 [b7ce392e-07e5-43c4-a049-3141454252ec@group-58B787E4CA93-LeaderElection8] INFO  server.RaftServerConfigKeys (ConfUtils.java:logGet(43)) - raft.server.watch.timeout = 10s (default)
2019-10-18 13:44:02,200 [b7ce392e-07e5-43c4-a049-3141454252ec@group-58B787E4CA93-LeaderElection8] INFO  server.RaftServerConfigKeys (ConfUtils.java:logGet(43)) - raft.server.watch.timeout.denomination = 1s (default)
2019-10-18 13:44:02,200 [b7ce392e-07e5-43c4-a049-3141454252ec@group-58B787E4CA93-LeaderElection8] INFO  server.RaftServerConfigKeys (ConfUtils.java:logGet(43)) - raft.server.watch.element-limit = 65536 (default)
2019-10-18 13:44:02,202 [b7ce392e-07e5-43c4-a049-3141454252ec@group-58B787E4CA93-LeaderElection8] INFO  server.RaftServerConfigKeys (ConfUtils.java:logGet(43)) - raft.server.log.appender.snapshot.chunk.size.max = 16MB (=16777216) (default)
2019-10-18 13:44:02,203 [b7ce392e-07e5-43c4-a049-3141454252ec@group-58B787E4CA93-LeaderElection8] INFO  server.RaftServerConfigKeys (ConfUtils.java:logGet(43)) - raft.server.log.appender.buffer.byte-limit = 33554432 (custom)
2019-10-18 13:44:02,203 [b7ce392e-07e5-43c4-a049-3141454252ec@group-58B787E4CA93-LeaderElection8] INFO  server.RaftServerConfigKeys (ConfUtils.java:logGet(43)) - raft.server.log.appender.buffer.element-limit = 1 (custom)
2019-10-18 13:44:02,203 [b7ce392e-07e5-43c4-a049-3141454252ec@group-58B787E4CA93-LeaderElection8] INFO  grpc.GrpcConfigKeys$Server (ConfUtils.java:logGet(43)) - raft.grpc.server.leader.outstanding.appends.max = 128 (default)
2019-10-18 13:44:02,204 [b7ce392e-07e5-43c4-a049-3141454252ec@group-58B787E4CA93-LeaderElection8] INFO  server.RaftServerConfigKeys (ConfUtils.java:logGet(43)) - raft.server.rpc.request.timeout = 3000ms (default)
2019-10-18 13:44:02,204 [b7ce392e-07e5-43c4-a049-3141454252ec@group-58B787E4CA93-LeaderElection8] INFO  server.RaftServerConfigKeys (ConfUtils.java:logGet(43)) - raft.server.log.appender.install.snapshot.enabled = false (custom)
2019-10-18 13:44:02,205 [b7ce392e-07e5-43c4-a049-3141454252ec@group-58B787E4CA93-LeaderElection8] INFO  server.RaftServerConfigKeys (ConfUtils.java:logGet(43)) - raft.server.log.appender.snapshot.chunk.size.max = 16MB (=16777216) (default)
2019-10-18 13:44:02,206 [b7ce392e-07e5-43c4-a049-3141454252ec@group-58B787E4CA93-LeaderElection8] INFO  server.RaftServerConfigKeys (ConfUtils.java:logGet(43)) - raft.server.log.appender.buffer.byte-limit = 33554432 (custom)
2019-10-18 13:44:02,206 [b7ce392e-07e5-43c4-a049-3141454252ec@group-58B787E4CA93-LeaderElection8] INFO  server.RaftServerConfigKeys (ConfUtils.java:logGet(43)) - raft.server.log.appender.buffer.element-limit = 1 (custom)
2019-10-18 13:44:02,206 [b7ce392e-07e5-43c4-a049-3141454252ec@group-58B787E4CA93-LeaderElection8] INFO  grpc.GrpcConfigKeys$Server (ConfUtils.java:logGet(43)) - raft.grpc.server.leader.outstanding.appends.max = 128 (default)
2019-10-18 13:44:02,206 [b7ce392e-07e5-43c4-a049-3141454252ec@group-58B787E4CA93-LeaderElection8] INFO  server.RaftServerConfigKeys (ConfUtils.java:logGet(43)) - raft.server.rpc.request.timeout = 3000ms (default)
2019-10-18 13:44:02,206 [b7ce392e-07e5-43c4-a049-3141454252ec@group-58B787E4CA93-LeaderElection8] INFO  server.RaftServerConfigKeys (ConfUtils.java:logGet(43)) - raft.server.log.appender.install.snapshot.enabled = false (custom)
2019-10-18 13:44:02,208 [b7ce392e-07e5-43c4-a049-3141454252ec@group-58B787E4CA93-LeaderElection8] INFO  impl.RoleInfo (RoleInfo.java:updateAndGet(143)) - b7ce392e-07e5-43c4-a049-3141454252ec: start LeaderState
2019-10-18 13:44:02,208 [b7ce392e-07e5-43c4-a049-3141454252ec@group-58B787E4CA93-LeaderElection8] INFO  segmented.SegmentedRaftLogWorker (SegmentedRaftLogWorker.java:startLogSegment(385)) - b7ce392e-07e5-43c4-a049-3141454252ec@group-58B787E4CA93-SegmentedRaftLogWorker: Starting segment from index:0
2019-10-18 13:44:02,209 [b7ce392e-07e5-43c4-a049-3141454252ec@group-58B787E4CA93-LeaderElection8] INFO  impl.RaftServerImpl (ServerState.java:setRaftConf(357)) - b7ce392e-07e5-43c4-a049-3141454252ec@group-58B787E4CA93: set configuration 0: [9d0a2f75-ce30-4dbd-af96-5adca13389b4:192.168.69.85:35551, b7ce392e-07e5-43c4-a049-3141454252ec:192.168.69.85:43203, 25bdb850-9456-40e4-9e32-2249eb72d793:192.168.69.85:34143], old=null at 0
2019-10-18 13:44:02,239 [grpc-default-executor-1] INFO  impl.RaftServerImpl (ServerState.java:setLeader(256)) - 9d0a2f75-ce30-4dbd-af96-5adca13389b4@group-58B787E4CA93: change Leader from null to b7ce392e-07e5-43c4-a049-3141454252ec at term 3 for appendEntries, leader elected after 67ms
2019-10-18 13:44:02,241 [grpc-default-executor-0] INFO  impl.RaftServerImpl (ServerState.java:setLeader(256)) - 25bdb850-9456-40e4-9e32-2249eb72d793@group-58B787E4CA93: change Leader from null to b7ce392e-07e5-43c4-a049-3141454252ec at term 3 for appendEntries, leader elected after 67ms
2019-10-18 13:44:02,250 [b7ce392e-07e5-43c4-a049-3141454252ec@group-58B787E4CA93-SegmentedRaftLogWorker] INFO  segmented.SegmentedRaftLogWorker (SegmentedRaftLogWorker.java:execute(576)) - b7ce392e-07e5-43c4-a049-3141454252ec@group-58B787E4CA93-SegmentedRaftLogWorker: created new log segment /workdir/hadoop-ozone/integration-test/target/test-dir/MiniOzoneClusterImpl-9d6dd75e-a22e-4447-b646-8faf5d797e6a/datanode-1/data/ratis/959e288b-eace-4bc0-b5b0-58b787e4ca93/current/log_inprogress_0
2019-10-18 13:44:02,254 [grpc-default-executor-0] INFO  impl.RaftServerImpl (ServerState.java:setRaftConf(357)) - 25bdb850-9456-40e4-9e32-2249eb72d793@group-58B787E4CA93: set configuration 0: [9d0a2f75-ce30-4dbd-af96-5adca13389b4:192.168.69.85:35551, b7ce392e-07e5-43c4-a049-3141454252ec:192.168.69.85:43203, 25bdb850-9456-40e4-9e32-2249eb72d793:192.168.69.85:34143], old=null at 0
2019-10-18 13:44:02,254 [grpc-default-executor-1] INFO  impl.RaftServerImpl (ServerState.java:setRaftConf(357)) - 9d0a2f75-ce30-4dbd-af96-5adca13389b4@group-58B787E4CA93: set configuration 0: [9d0a2f75-ce30-4dbd-af96-5adca13389b4:192.168.69.85:35551, b7ce392e-07e5-43c4-a049-3141454252ec:192.168.69.85:43203, 25bdb850-9456-40e4-9e32-2249eb72d793:192.168.69.85:34143], old=null at 0
2019-10-18 13:44:02,254 [grpc-default-executor-1] INFO  segmented.SegmentedRaftLogWorker (SegmentedRaftLogWorker.java:startLogSegment(385)) - 9d0a2f75-ce30-4dbd-af96-5adca13389b4@group-58B787E4CA93-SegmentedRaftLogWorker: Starting segment from index:0
2019-10-18 13:44:02,256 [grpc-default-executor-0] INFO  segmented.SegmentedRaftLogWorker (SegmentedRaftLogWorker.java:truncate(401)) - 25bdb850-9456-40e4-9e32-2249eb72d793@group-58B787E4CA93-SegmentedRaftLogWorker: Truncating segments toTruncate: null
  toDelete: [(0, 0) isOpen? true, length=0, newEndIndex=-1], start index 0
2019-10-18 13:44:02,256 [grpc-default-executor-0] INFO  segmented.SegmentedRaftLogWorker (SegmentedRaftLogWorker.java:startLogSegment(385)) - 25bdb850-9456-40e4-9e32-2249eb72d793@group-58B787E4CA93-SegmentedRaftLogWorker: Starting segment from index:0
2019-10-18 13:44:02,257 [25bdb850-9456-40e4-9e32-2249eb72d793@group-58B787E4CA93-SegmentedRaftLogWorker] INFO  segmented.SegmentedRaftLogWorker (SegmentedRaftLogWorker.java:execute(640)) - 25bdb850-9456-40e4-9e32-2249eb72d793@group-58B787E4CA93-SegmentedRaftLogWorker: Deleted log file /workdir/hadoop-ozone/integration-test/target/test-dir/MiniOzoneClusterImpl-9d6dd75e-a22e-4447-b646-8faf5d797e6a/datanode-2/data/ratis/959e288b-eace-4bc0-b5b0-58b787e4ca93/current/log_inprogress_0
2019-10-18 13:44:02,258 [25bdb850-9456-40e4-9e32-2249eb72d793@group-58B787E4CA93-SegmentedRaftLogWorker] INFO  segmented.SegmentedRaftLogWorker (SegmentedRaftLogWorker.java:lambda$new$0(128)) - 25bdb850-9456-40e4-9e32-2249eb72d793@group-58B787E4CA93-SegmentedRaftLogWorker: flushIndex: setUnconditionally 0 -> -1
2019-10-18 13:44:02,302 [25bdb850-9456-40e4-9e32-2249eb72d793@group-58B787E4CA93-SegmentedRaftLogWorker] INFO  segmented.SegmentedRaftLogWorker (SegmentedRaftLogWorker.java:execute(576)) - 25bdb850-9456-40e4-9e32-2249eb72d793@group-58B787E4CA93-SegmentedRaftLogWorker: created new log segment /workdir/hadoop-ozone/integration-test/target/test-dir/MiniOzoneClusterImpl-9d6dd75e-a22e-4447-b646-8faf5d797e6a/datanode-2/data/ratis/959e288b-eace-4bc0-b5b0-58b787e4ca93/current/log_inprogress_0
2019-10-18 13:44:02,302 [9d0a2f75-ce30-4dbd-af96-5adca13389b4@group-58B787E4CA93-SegmentedRaftLogWorker] INFO  segmented.SegmentedRaftLogWorker (SegmentedRaftLogWorker.java:execute(576)) - 9d0a2f75-ce30-4dbd-af96-5adca13389b4@group-58B787E4CA93-SegmentedRaftLogWorker: created new log segment /workdir/hadoop-ozone/integration-test/target/test-dir/MiniOzoneClusterImpl-9d6dd75e-a22e-4447-b646-8faf5d797e6a/datanode-0/data/ratis/959e288b-eace-4bc0-b5b0-58b787e4ca93/current/log_inprogress_0
2019-10-18 13:44:02,796 [main] INFO  rpc.RpcClient (RpcClient.java:createVolume(272)) - Creating Volume: testcontainerstatemachinefailures, with jenkins1000 as owner.
2019-10-18 13:44:02,878 [IPC Server handler 1 on 40446] INFO  volume.OMVolumeCreateRequest (OMVolumeCreateRequest.java:validateAndUpdateCache(193)) - created volume:testcontainerstatemachinefailures for user:jenkins1000
2019-10-18 13:44:02,895 [main] INFO  rpc.RpcClient (RpcClient.java:createBucket(411)) - Creating Bucket: testcontainerstatemachinefailures/testcontainerstatemachinefailures, with Versioning false and Storage Type set to DISK and Encryption set to false 
2019-10-18 13:44:03,012 [main] INFO  impl.MetricsSystemImpl (MetricsSystemImpl.java:init(158)) - XceiverClientMetrics metrics system started (again)
2019-10-18 13:44:03,469 [Datanode State Machine Thread - 0] INFO  statemachine.DatanodeStateMachine (DatanodeStateMachine.java:lambda$startDaemon$0(350)) - Ozone container server started.
2019-10-18 13:44:03,855 [Thread-181] INFO  container.ReplicationManager (ReplicationManager.java:start(162)) - Starting Replication Monitor Thread.
2019-10-18 13:44:03,858 [ReplicationMonitor] INFO  container.ReplicationManager (ReplicationManager.java:run(225)) - Replication Monitor Thread took 3 milliseconds for processing 1 containers.
2019-10-18 13:44:08,441 [main] INFO  ozoneimpl.OzoneContainer (OzoneContainer.java:stop(227)) - Attempting to stop container services.
2019-10-18 13:44:08,442 [main] INFO  impl.RaftServerProxy (RaftServerProxy.java:lambda$close$4(314)) - 25bdb850-9456-40e4-9e32-2249eb72d793: close
2019-10-18 13:44:08,443 [main] INFO  impl.RaftServerImpl (RaftServerImpl.java:lambda$shutdown$3(261)) - 25bdb850-9456-40e4-9e32-2249eb72d793@group-CCA166F66943: shutdown
2019-10-18 13:44:08,444 [main] INFO  util.JmxRegister (JmxRegister.java:unregister(73)) - Successfully un-registered JMX Bean with object name Ratis:service=RaftServer,group=group-CCA166F66943,id=25bdb850-9456-40e4-9e32-2249eb72d793
2019-10-18 13:44:08,444 [ForkJoinPool.commonPool-worker-0] INFO  impl.RaftServerImpl (RaftServerImpl.java:lambda$shutdown$3(261)) - 25bdb850-9456-40e4-9e32-2249eb72d793@group-58B787E4CA93: shutdown
2019-10-18 13:44:08,444 [main] INFO  impl.RoleInfo (RoleInfo.java:shutdownLeaderState(104)) - 25bdb850-9456-40e4-9e32-2249eb72d793: shutdown LeaderState
2019-10-18 13:44:08,444 [ForkJoinPool.commonPool-worker-0] INFO  util.JmxRegister (JmxRegister.java:unregister(73)) - Successfully un-registered JMX Bean with object name Ratis:service=RaftServer,group=group-58B787E4CA93,id=25bdb850-9456-40e4-9e32-2249eb72d793
2019-10-18 13:44:08,444 [main] INFO  impl.PendingRequests (PendingRequests.java:sendNotLeaderResponses(202)) - 25bdb850-9456-40e4-9e32-2249eb72d793@group-CCA166F66943-PendingRequests: sendNotLeaderResponses
2019-10-18 13:44:08,446 [ForkJoinPool.commonPool-worker-0] INFO  impl.RoleInfo (RoleInfo.java:shutdownFollowerState(121)) - 25bdb850-9456-40e4-9e32-2249eb72d793: shutdown FollowerState
2019-10-18 13:44:08,446 [main] INFO  impl.StateMachineUpdater (StateMachineUpdater.java:stopAndJoin(136)) - 25bdb850-9456-40e4-9e32-2249eb72d793@group-CCA166F66943-StateMachineUpdater: set stopIndex = 0
2019-10-18 13:44:08,447 [25bdb850-9456-40e4-9e32-2249eb72d793@group-58B787E4CA93-StateMachineUpdater] INFO  ratis.ContainerStateMachine (ContainerStateMachine.java:takeSnapshot(294)) - group-58B787E4CA93: Taking a snapshot at:(t:3, i:3) file /workdir/hadoop-ozone/integration-test/target/test-dir/MiniOzoneClusterImpl-9d6dd75e-a22e-4447-b646-8faf5d797e6a/datanode-2/data/ratis/959e288b-eace-4bc0-b5b0-58b787e4ca93/sm/snapshot.3_3
2019-10-18 13:44:08,446 [ForkJoinPool.commonPool-worker-0] INFO  impl.StateMachineUpdater (StateMachineUpdater.java:stopAndJoin(136)) - 25bdb850-9456-40e4-9e32-2249eb72d793@group-58B787E4CA93-StateMachineUpdater: set stopIndex = 4
2019-10-18 13:44:08,447 [Thread-239] INFO  impl.FollowerState (FollowerState.java:run(117)) - 25bdb850-9456-40e4-9e32-2249eb72d793@group-58B787E4CA93-FollowerState was interrupted: java.lang.InterruptedException: sleep interrupted
2019-10-18 13:44:08,447 [main] INFO  impl.RaftServerImpl (ServerState.java:close(388)) - 25bdb850-9456-40e4-9e32-2249eb72d793@group-CCA166F66943: closes. applyIndex: 0
2019-10-18 13:44:08,450 [25bdb850-9456-40e4-9e32-2249eb72d793@group-CCA166F66943-SegmentedRaftLogWorker] INFO  segmented.SegmentedRaftLogWorker (SegmentedRaftLogWorker.java:run(316)) - 25bdb850-9456-40e4-9e32-2249eb72d793@group-CCA166F66943-SegmentedRaftLogWorker was interrupted, exiting. There are 0 tasks remaining in the queue.
2019-10-18 13:44:08,451 [main] INFO  segmented.SegmentedRaftLogWorker (SegmentedRaftLogWorker.java:close(224)) - 25bdb850-9456-40e4-9e32-2249eb72d793@group-CCA166F66943-SegmentedRaftLogWorker close()
2019-10-18 13:44:08,534 [25bdb850-9456-40e4-9e32-2249eb72d793@group-58B787E4CA93-StateMachineUpdater] INFO  ratis.ContainerStateMachine (ContainerStateMachine.java:takeSnapshot(305)) - group-58B787E4CA93: Finished taking a snapshot at:(t:3, i:3) file:/workdir/hadoop-ozone/integration-test/target/test-dir/MiniOzoneClusterImpl-9d6dd75e-a22e-4447-b646-8faf5d797e6a/datanode-2/data/ratis/959e288b-eace-4bc0-b5b0-58b787e4ca93/sm/snapshot.3_3 time:87
2019-10-18 13:44:08,535 [25bdb850-9456-40e4-9e32-2249eb72d793@group-58B787E4CA93-StateMachineUpdater] INFO  impl.StateMachineUpdater (StateMachineUpdater.java:takeSnapshot(269)) - 25bdb850-9456-40e4-9e32-2249eb72d793@group-58B787E4CA93-StateMachineUpdater: Took a snapshot at index 3
2019-10-18 13:44:08,535 [25bdb850-9456-40e4-9e32-2249eb72d793@group-58B787E4CA93-StateMachineUpdater] INFO  impl.StateMachineUpdater (StateMachineUpdater.java:lambda$new$0(84)) - 25bdb850-9456-40e4-9e32-2249eb72d793@group-58B787E4CA93-StateMachineUpdater: snapshotIndex: updateIncreasingly -1 -> 3
2019-10-18 13:44:08,539 [25bdb850-9456-40e4-9e32-2249eb72d793@group-58B787E4CA93-StateMachineUpdater] INFO  ratis.ContainerStateMachine (ContainerStateMachine.java:takeSnapshot(294)) - group-58B787E4CA93: Taking a snapshot at:(t:3, i:3) file /workdir/hadoop-ozone/integration-test/target/test-dir/MiniOzoneClusterImpl-9d6dd75e-a22e-4447-b646-8faf5d797e6a/datanode-2/data/ratis/959e288b-eace-4bc0-b5b0-58b787e4ca93/sm/snapshot.3_3
2019-10-18 13:44:08,551 [25bdb850-9456-40e4-9e32-2249eb72d793@group-58B787E4CA93-StateMachineUpdater] INFO  ratis.ContainerStateMachine (ContainerStateMachine.java:takeSnapshot(305)) - group-58B787E4CA93: Finished taking a snapshot at:(t:3, i:3) file:/workdir/hadoop-ozone/integration-test/target/test-dir/MiniOzoneClusterImpl-9d6dd75e-a22e-4447-b646-8faf5d797e6a/datanode-2/data/ratis/959e288b-eace-4bc0-b5b0-58b787e4ca93/sm/snapshot.3_3 time:12
2019-10-18 13:44:08,551 [25bdb850-9456-40e4-9e32-2249eb72d793@group-58B787E4CA93-StateMachineUpdater] INFO  impl.StateMachineUpdater (StateMachineUpdater.java:takeSnapshot(269)) - 25bdb850-9456-40e4-9e32-2249eb72d793@group-58B787E4CA93-StateMachineUpdater: Took a snapshot at index 3
2019-10-18 13:44:08,551 [25bdb850-9456-40e4-9e32-2249eb72d793@group-58B787E4CA93-StateMachineUpdater] INFO  impl.StateMachineUpdater (StateMachineUpdater.java:lambda$new$0(84)) - 25bdb850-9456-40e4-9e32-2249eb72d793@group-58B787E4CA93-StateMachineUpdater: snapshotIndex: updateIncreasingly 3 -> 3
2019-10-18 13:44:08,552 [ForkJoinPool.commonPool-worker-0] INFO  impl.RaftServerImpl (ServerState.java:close(388)) - 25bdb850-9456-40e4-9e32-2249eb72d793@group-58B787E4CA93: closes. applyIndex: 4
2019-10-18 13:44:08,552 [25bdb850-9456-40e4-9e32-2249eb72d793@group-58B787E4CA93-SegmentedRaftLogWorker] INFO  segmented.SegmentedRaftLogWorker (SegmentedRaftLogWorker.java:run(316)) - 25bdb850-9456-40e4-9e32-2249eb72d793@group-58B787E4CA93-SegmentedRaftLogWorker was interrupted, exiting. There are 0 tasks remaining in the queue.
2019-10-18 13:44:08,553 [ForkJoinPool.commonPool-worker-0] INFO  segmented.SegmentedRaftLogWorker (SegmentedRaftLogWorker.java:close(224)) - 25bdb850-9456-40e4-9e32-2249eb72d793@group-58B787E4CA93-SegmentedRaftLogWorker close()
2019-10-18 13:44:08,555 [main] INFO  server.GrpcService (GrpcService.java:closeImpl(164)) - 25bdb850-9456-40e4-9e32-2249eb72d793: shutdown server with port 34143 now
2019-10-18 13:44:08,563 [main] INFO  server.GrpcService (GrpcService.java:closeImpl(172)) - 25bdb850-9456-40e4-9e32-2249eb72d793: shutdown server with port 34143 successfully
2019-10-18 13:44:08,563 [grpc-default-executor-2] WARN  server.GrpcServerProtocolService (LogUtils.java:warn(134)) - 25bdb850-9456-40e4-9e32-2249eb72d793: installSnapshot onError, lastRequest: b7ce392e-07e5-43c4-a049-3141454252ec->25bdb850-9456-40e4-9e32-2249eb72d793#7-t3, previous=(t:3, i:4), leaderCommit=4, initializing? false, entries: <empty>: org.apache.ratis.thirdparty.io.grpc.StatusRuntimeException: CANCELLED: cancelled before receiving half close
2019-10-18 13:44:08,565 [grpc-default-executor-0] WARN  server.GrpcLogAppender (LogUtils.java:warn(134)) - b7ce392e-07e5-43c4-a049-3141454252ec@group-58B787E4CA93->25bdb850-9456-40e4-9e32-2249eb72d793-AppendLogResponseHandler: Failed appendEntries: org.apache.ratis.thirdparty.io.grpc.StatusRuntimeException: CANCELLED: HTTP/2 error code: CANCEL
Received Rst Stream
2019-10-18 13:44:08,567 [refreshUsed-/workdir/hadoop-ozone/integration-test/target/test-dir/MiniOzoneClusterImpl-9d6dd75e-a22e-4447-b646-8faf5d797e6a/datanode-2/data/containers] WARN  fs.CachingGetSpaceUsed (CachingGetSpaceUsed.java:run(183)) - Thread Interrupted waiting to refresh disk information: sleep interrupted
2019-10-18 13:44:08,583 [main] INFO  utils.BackgroundService (BackgroundService.java:shutdown(151)) - Shutting down service BlockDeletingService
2019-10-18 13:44:08,586 [main] INFO  statemachine.DatanodeStateMachine (DatanodeStateMachine.java:stopDaemon(395)) - Ozone container server stopped.
2019-10-18 13:44:08,590 [main] INFO  handler.ContextHandler (ContextHandler.java:doStop(910)) - Stopped o.e.j.w.WebAppContext@43e9089{/,null,UNAVAILABLE}{/hddsDatanode}
2019-10-18 13:44:08,595 [main] INFO  server.AbstractConnector (AbstractConnector.java:doStop(318)) - Stopped ServerConnector@3c5dbdf8{HTTP/1.1,[http/1.1]}{0.0.0.0:0}
2019-10-18 13:44:08,595 [main] INFO  handler.ContextHandler (ContextHandler.java:doStop(910)) - Stopped o.e.j.s.ServletContextHandler@433348bc{/static,jar:file:/home/user/.m2/repository/org/apache/hadoop/hadoop-hdds-container-service/0.5.0-SNAPSHOT/hadoop-hdds-container-service-0.5.0-SNAPSHOT.jar!/webapps/static,UNAVAILABLE}
2019-10-18 13:44:08,595 [main] INFO  handler.ContextHandler (ContextHandler.java:doStop(910)) - Stopped o.e.j.s.ServletContextHandler@5fa23c{/logs,file:///workdir/hadoop-ozone/integration-test/target/log,UNAVAILABLE}
2019-10-18 13:44:11,603 [java.util.concurrent.ThreadPoolExecutor$Worker@5eab71ed[State = -1, empty queue]] WARN  server.GrpcLogAppender (GrpcLogAppender.java:timeoutAppendRequest(209)) - b7ce392e-07e5-43c4-a049-3141454252ec@group-58B787E4CA93->25bdb850-9456-40e4-9e32-2249eb72d793-GrpcLogAppender: appendEntries Timeout, request=b7ce392e-07e5-43c4-a049-3141454252ec->25bdb850-9456-40e4-9e32-2249eb72d793#8-t3, previous=(t:3, i:4), leaderCommit=4, initializing? false, entries: size=1, first=(t:3, i:5), STATEMACHINELOGENTRY, client-B7AACEF92521, cid=8
2019-10-18 13:44:11,603 [java.util.concurrent.ThreadPoolExecutor$Worker@5eab71ed[State = -1, empty queue]] WARN  server.GrpcLogAppender (GrpcLogAppender.java:timeoutAppendRequest(209)) - b7ce392e-07e5-43c4-a049-3141454252ec@group-58B787E4CA93->25bdb850-9456-40e4-9e32-2249eb72d793-GrpcLogAppender: appendEntries Timeout, request=b7ce392e-07e5-43c4-a049-3141454252ec->25bdb850-9456-40e4-9e32-2249eb72d793#9-t3, previous=(t:3, i:5), leaderCommit=4, initializing? false, entries: size=1, first=(t:3, i:6), STATEMACHINELOGENTRY, client-B7AACEF92521, cid=9
2019-10-18 13:44:11,608 [java.util.concurrent.ThreadPoolExecutor$Worker@5eab71ed[State = -1, empty queue]] WARN  server.GrpcLogAppender (GrpcLogAppender.java:timeoutAppendRequest(209)) - b7ce392e-07e5-43c4-a049-3141454252ec@group-58B787E4CA93->25bdb850-9456-40e4-9e32-2249eb72d793-GrpcLogAppender: appendEntries Timeout, request=b7ce392e-07e5-43c4-a049-3141454252ec->25bdb850-9456-40e4-9e32-2249eb72d793#10-t3, previous=(t:3, i:6), leaderCommit=6, initializing? false, entries: size=1, first=(t:3, i:7), METADATAENTRY(c5)
2019-10-18 13:44:11,609 [java.util.concurrent.ThreadPoolExecutor$Worker@5eab71ed[State = -1, empty queue]] WARN  server.GrpcLogAppender (GrpcLogAppender.java:timeoutAppendRequest(209)) - b7ce392e-07e5-43c4-a049-3141454252ec@group-58B787E4CA93->25bdb850-9456-40e4-9e32-2249eb72d793-GrpcLogAppender: appendEntries Timeout, request=b7ce392e-07e5-43c4-a049-3141454252ec->25bdb850-9456-40e4-9e32-2249eb72d793#11-t3, previous=(t:3, i:7), leaderCommit=6, initializing? false, entries: size=1, first=(t:3, i:8), METADATAENTRY(c6)
2019-10-18 13:44:14,112 [java.util.concurrent.ThreadPoolExecutor$Worker@5eab71ed[State = -1, empty queue]] WARN  server.GrpcLogAppender (GrpcLogAppender.java:timeoutAppendRequest(209)) - b7ce392e-07e5-43c4-a049-3141454252ec@group-58B787E4CA93->25bdb850-9456-40e4-9e32-2249eb72d793-GrpcLogAppender: appendEntries Timeout, request=b7ce392e-07e5-43c4-a049-3141454252ec->25bdb850-9456-40e4-9e32-2249eb72d793#12-t3, previous=(t:3, i:8), leaderCommit=8, initializing? false, entries: <empty>
2019-10-18 13:44:16,613 [java.util.concurrent.ThreadPoolExecutor$Worker@5eab71ed[State = -1, empty queue]] WARN  server.GrpcLogAppender (GrpcLogAppender.java:timeoutAppendRequest(209)) - b7ce392e-07e5-43c4-a049-3141454252ec@group-58B787E4CA93->25bdb850-9456-40e4-9e32-2249eb72d793-GrpcLogAppender: appendEntries Timeout, request=b7ce392e-07e5-43c4-a049-3141454252ec->25bdb850-9456-40e4-9e32-2249eb72d793#13-t3, previous=(t:3, i:8), leaderCommit=8, initializing? false, entries: <empty>
2019-10-18 13:44:18,652 [Thread-305] INFO  client.GrpcClientProtocolService (GrpcClientProtocolService.java:lambda$processClientRequest$0(278)) - Failed RaftClientRequest:client-B7AACEF92521->9d0a2f75-ce30-4dbd-af96-5adca13389b4@group-58B787E4CA93, cid=10, seq=0, Watch-ALL_COMMITTED(6), Message:<EMPTY>, reply=RaftClientReply:client-B7AACEF92521->9d0a2f75-ce30-4dbd-af96-5adca13389b4@group-58B787E4CA93, cid=10, FAILED org.apache.ratis.protocol.NotLeaderException: Server 9d0a2f75-ce30-4dbd-af96-5adca13389b4@group-58B787E4CA93 is not the leader b7ce392e-07e5-43c4-a049-3141454252ec:192.168.69.85:43203, logIndex=0, commits[9d0a2f75-ce30-4dbd-af96-5adca13389b4:c8, b7ce392e-07e5-43c4-a049-3141454252ec:c8, 25bdb850-9456-40e4-9e32-2249eb72d793:c4]
2019-10-18 13:44:18,888 [Thread-308] INFO  client.GrpcClientProtocolService (GrpcClientProtocolService.java:lambda$processClientRequest$0(278)) - Failed RaftClientRequest:client-B7AACEF92521->b7ce392e-07e5-43c4-a049-3141454252ec@group-58B787E4CA93, cid=10, seq=0, Watch-ALL_COMMITTED(6), Message:<EMPTY>, reply=RaftClientReply:client-B7AACEF92521->b7ce392e-07e5-43c4-a049-3141454252ec@group-58B787E4CA93, cid=10, FAILED org.apache.ratis.protocol.NotReplicatedException: Request with call Id 10 and log index 6 is not yet replicated to ALL_COMMITTED, logIndex=6, commits[b7ce392e-07e5-43c4-a049-3141454252ec:c8, 9d0a2f75-ce30-4dbd-af96-5adca13389b4:c8, 25bdb850-9456-40e4-9e32-2249eb72d793:c4]
2019-10-18 13:44:19,114 [java.util.concurrent.ThreadPoolExecutor$Worker@5eab71ed[State = -1, empty queue]] WARN  server.GrpcLogAppender (GrpcLogAppender.java:timeoutAppendRequest(209)) - b7ce392e-07e5-43c4-a049-3141454252ec@group-58B787E4CA93->25bdb850-9456-40e4-9e32-2249eb72d793-GrpcLogAppender: appendEntries Timeout, request=b7ce392e-07e5-43c4-a049-3141454252ec->25bdb850-9456-40e4-9e32-2249eb72d793#14-t3, previous=(t:3, i:8), leaderCommit=8, initializing? false, entries: <empty>
2019-10-18 13:44:21,615 [java.util.concurrent.ThreadPoolExecutor$Worker@5eab71ed[State = -1, empty queue]] WARN  server.GrpcLogAppender (GrpcLogAppender.java:timeoutAppendRequest(209)) - b7ce392e-07e5-43c4-a049-3141454252ec@group-58B787E4CA93->25bdb850-9456-40e4-9e32-2249eb72d793-GrpcLogAppender: appendEntries Timeout, request=b7ce392e-07e5-43c4-a049-3141454252ec->25bdb850-9456-40e4-9e32-2249eb72d793#15-t3, previous=(t:3, i:8), leaderCommit=8, initializing? false, entries: <empty>
2019-10-18 13:44:24,115 [java.util.concurrent.ThreadPoolExecutor$Worker@5eab71ed[State = -1, empty queue]] WARN  server.GrpcLogAppender (GrpcLogAppender.java:timeoutAppendRequest(209)) - b7ce392e-07e5-43c4-a049-3141454252ec@group-58B787E4CA93->25bdb850-9456-40e4-9e32-2249eb72d793-GrpcLogAppender: appendEntries Timeout, request=b7ce392e-07e5-43c4-a049-3141454252ec->25bdb850-9456-40e4-9e32-2249eb72d793#16-t3, previous=(t:3, i:8), leaderCommit=8, initializing? false, entries: <empty>
2019-10-18 13:44:26,621 [java.util.concurrent.ThreadPoolExecutor$Worker@5eab71ed[State = -1, empty queue]] WARN  server.GrpcLogAppender (GrpcLogAppender.java:timeoutAppendRequest(209)) - b7ce392e-07e5-43c4-a049-3141454252ec@group-58B787E4CA93->25bdb850-9456-40e4-9e32-2249eb72d793-GrpcLogAppender: appendEntries Timeout, request=b7ce392e-07e5-43c4-a049-3141454252ec->25bdb850-9456-40e4-9e32-2249eb72d793#17-t3, previous=(t:3, i:8), leaderCommit=8, initializing? false, entries: <empty>
2019-10-18 13:44:27,679 [Thread-314] INFO  client.GrpcClientProtocolService (GrpcClientProtocolService.java:lambda$processClientRequest$0(278)) - Failed RaftClientRequest:client-B7AACEF92521->9d0a2f75-ce30-4dbd-af96-5adca13389b4@group-58B787E4CA93, cid=10, seq=0, Watch-ALL_COMMITTED(6), Message:<EMPTY>, reply=RaftClientReply:client-B7AACEF92521->9d0a2f75-ce30-4dbd-af96-5adca13389b4@group-58B787E4CA93, cid=10, FAILED org.apache.ratis.protocol.NotLeaderException: Server 9d0a2f75-ce30-4dbd-af96-5adca13389b4@group-58B787E4CA93 is not the leader b7ce392e-07e5-43c4-a049-3141454252ec:192.168.69.85:43203, logIndex=0, commits[9d0a2f75-ce30-4dbd-af96-5adca13389b4:c8, b7ce392e-07e5-43c4-a049-3141454252ec:c8, 25bdb850-9456-40e4-9e32-2249eb72d793:c4]
2019-10-18 13:44:28,884 [Thread-318] INFO  client.GrpcClientProtocolService (GrpcClientProtocolService.java:lambda$processClientRequest$0(278)) - Failed RaftClientRequest:client-B7AACEF92521->b7ce392e-07e5-43c4-a049-3141454252ec@group-58B787E4CA93, cid=10, seq=0, Watch-ALL_COMMITTED(6), Message:<EMPTY>, reply=RaftClientReply:client-B7AACEF92521->b7ce392e-07e5-43c4-a049-3141454252ec@group-58B787E4CA93, cid=10, FAILED org.apache.ratis.protocol.NotReplicatedException: Request with call Id 10 and log index 6 is not yet replicated to ALL_COMMITTED, logIndex=6, commits[b7ce392e-07e5-43c4-a049-3141454252ec:c8, 9d0a2f75-ce30-4dbd-af96-5adca13389b4:c8, 25bdb850-9456-40e4-9e32-2249eb72d793:c4]
2019-10-18 13:44:29,122 [java.util.concurrent.ThreadPoolExecutor$Worker@5eab71ed[State = -1, empty queue]] WARN  server.GrpcLogAppender (GrpcLogAppender.java:timeoutAppendRequest(209)) - b7ce392e-07e5-43c4-a049-3141454252ec@group-58B787E4CA93->25bdb850-9456-40e4-9e32-2249eb72d793-GrpcLogAppender: appendEntries Timeout, request=b7ce392e-07e5-43c4-a049-3141454252ec->25bdb850-9456-40e4-9e32-2249eb72d793#18-t3, previous=(t:3, i:8), leaderCommit=8, initializing? false, entries: <empty>
2019-10-18 13:44:31,622 [java.util.concurrent.ThreadPoolExecutor$Worker@5eab71ed[State = -1, empty queue]] WARN  server.GrpcLogAppender (GrpcLogAppender.java:timeoutAppendRequest(209)) - b7ce392e-07e5-43c4-a049-3141454252ec@group-58B787E4CA93->25bdb850-9456-40e4-9e32-2249eb72d793-GrpcLogAppender: appendEntries Timeout, request=b7ce392e-07e5-43c4-a049-3141454252ec->25bdb850-9456-40e4-9e32-2249eb72d793#19-t3, previous=(t:3, i:8), leaderCommit=8, initializing? false, entries: <empty>
2019-10-18 13:44:34,124 [java.util.concurrent.ThreadPoolExecutor$Worker@5eab71ed[State = -1, empty queue]] WARN  server.GrpcLogAppender (GrpcLogAppender.java:timeoutAppendRequest(209)) - b7ce392e-07e5-43c4-a049-3141454252ec@group-58B787E4CA93->25bdb850-9456-40e4-9e32-2249eb72d793-GrpcLogAppender: appendEntries Timeout, request=b7ce392e-07e5-43c4-a049-3141454252ec->25bdb850-9456-40e4-9e32-2249eb72d793#20-t3, previous=(t:3, i:8), leaderCommit=8, initializing? false, entries: <empty>
2019-10-18 13:44:36,625 [java.util.concurrent.ThreadPoolExecutor$Worker@5eab71ed[State = -1, empty queue]] WARN  server.GrpcLogAppender (GrpcLogAppender.java:timeoutAppendRequest(209)) - b7ce392e-07e5-43c4-a049-3141454252ec@group-58B787E4CA93->25bdb850-9456-40e4-9e32-2249eb72d793-GrpcLogAppender: appendEntries Timeout, request=b7ce392e-07e5-43c4-a049-3141454252ec->25bdb850-9456-40e4-9e32-2249eb72d793#21-t3, previous=(t:3, i:8), leaderCommit=8, initializing? false, entries: <empty>
2019-10-18 13:44:36,715 [Thread-324] INFO  client.GrpcClientProtocolService (GrpcClientProtocolService.java:lambda$processClientRequest$0(278)) - Failed RaftClientRequest:client-B7AACEF92521->9d0a2f75-ce30-4dbd-af96-5adca13389b4@group-58B787E4CA93, cid=10, seq=0, Watch-ALL_COMMITTED(6), Message:<EMPTY>, reply=RaftClientReply:client-B7AACEF92521->9d0a2f75-ce30-4dbd-af96-5adca13389b4@group-58B787E4CA93, cid=10, FAILED org.apache.ratis.protocol.NotLeaderException: Server 9d0a2f75-ce30-4dbd-af96-5adca13389b4@group-58B787E4CA93 is not the leader b7ce392e-07e5-43c4-a049-3141454252ec:192.168.69.85:43203, logIndex=0, commits[9d0a2f75-ce30-4dbd-af96-5adca13389b4:c8, b7ce392e-07e5-43c4-a049-3141454252ec:c8, 25bdb850-9456-40e4-9e32-2249eb72d793:c4]
2019-10-18 13:44:37,884 [Thread-327] INFO  client.GrpcClientProtocolService (GrpcClientProtocolService.java:lambda$processClientRequest$0(278)) - Failed RaftClientRequest:client-B7AACEF92521->b7ce392e-07e5-43c4-a049-3141454252ec@group-58B787E4CA93, cid=10, seq=0, Watch-ALL_COMMITTED(6), Message:<EMPTY>, reply=RaftClientReply:client-B7AACEF92521->b7ce392e-07e5-43c4-a049-3141454252ec@group-58B787E4CA93, cid=10, FAILED org.apache.ratis.protocol.NotReplicatedException: Request with call Id 10 and log index 6 is not yet replicated to ALL_COMMITTED, logIndex=6, commits[b7ce392e-07e5-43c4-a049-3141454252ec:c8, 9d0a2f75-ce30-4dbd-af96-5adca13389b4:c8, 25bdb850-9456-40e4-9e32-2249eb72d793:c4]
2019-10-18 13:44:38,625 [main] WARN  scm.XceiverClientRatis (XceiverClientRatis.java:watchForCommit(277)) - 3 way commit failed on pipeline Pipeline[ Id: 959e288b-eace-4bc0-b5b0-58b787e4ca93, Nodes: 25bdb850-9456-40e4-9e32-2249eb72d793{ip: 192.168.69.85, host: pr-hdds-2292-qcvbb-3996421426, networkLocation: /default-rack, certSerialId: null}b7ce392e-07e5-43c4-a049-3141454252ec{ip: 192.168.69.85, host: pr-hdds-2292-qcvbb-3996421426, networkLocation: /default-rack, certSerialId: null}9d0a2f75-ce30-4dbd-af96-5adca13389b4{ip: 192.168.69.85, host: pr-hdds-2292-qcvbb-3996421426, networkLocation: /default-rack, certSerialId: null}, Type:RATIS, Factor:THREE, State:OPEN]
java.util.concurrent.TimeoutException
	at java.util.concurrent.CompletableFuture.timedGet(CompletableFuture.java:1771)
	at java.util.concurrent.CompletableFuture.get(CompletableFuture.java:1915)
	at org.apache.hadoop.hdds.scm.XceiverClientRatis.watchForCommit(XceiverClientRatis.java:274)
	at org.apache.hadoop.hdds.scm.storage.CommitWatcher.watchForCommit(CommitWatcher.java:198)
	at org.apache.hadoop.hdds.scm.storage.CommitWatcher.watchOnLastIndex(CommitWatcher.java:161)
	at org.apache.hadoop.hdds.scm.storage.BlockOutputStream.watchForCommit(BlockOutputStream.java:346)
	at org.apache.hadoop.hdds.scm.storage.BlockOutputStream.handleFlush(BlockOutputStream.java:482)
	at org.apache.hadoop.hdds.scm.storage.BlockOutputStream.close(BlockOutputStream.java:496)
	at org.apache.hadoop.ozone.client.io.BlockOutputStreamEntry.close(BlockOutputStreamEntry.java:143)
	at org.apache.hadoop.ozone.client.io.KeyOutputStream.handleFlushOrClose(KeyOutputStream.java:435)
	at org.apache.hadoop.ozone.client.io.KeyOutputStream.close(KeyOutputStream.java:473)
	at org.apache.hadoop.ozone.client.io.OzoneOutputStream.close(OzoneOutputStream.java:60)
	at org.apache.hadoop.ozone.client.rpc.TestDeleteWithSlowFollower.testDeleteKeyWithSlowFollower(TestDeleteWithSlowFollower.java:193)
	at sun.reflect.NativeMethodAccessorImpl.invoke0(Native Method)
	at sun.reflect.NativeMethodAccessorImpl.invoke(NativeMethodAccessorImpl.java:62)
	at sun.reflect.DelegatingMethodAccessorImpl.invoke(DelegatingMethodAccessorImpl.java:43)
	at java.lang.reflect.Method.invoke(Method.java:498)
	at org.junit.runners.model.FrameworkMethod$1.runReflectiveCall(FrameworkMethod.java:47)
	at org.junit.internal.runners.model.ReflectiveCallable.run(ReflectiveCallable.java:12)
	at org.junit.runners.model.FrameworkMethod.invokeExplosively(FrameworkMethod.java:44)
	at org.junit.internal.runners.statements.InvokeMethod.evaluate(InvokeMethod.java:17)
	at org.junit.runners.ParentRunner.runLeaf(ParentRunner.java:271)
	at org.junit.runners.BlockJUnit4ClassRunner.runChild(BlockJUnit4ClassRunner.java:70)
	at org.junit.runners.BlockJUnit4ClassRunner.runChild(BlockJUnit4ClassRunner.java:50)
	at org.junit.runners.ParentRunner$3.run(ParentRunner.java:238)
	at org.junit.runners.ParentRunner$1.schedule(ParentRunner.java:63)
	at org.junit.runners.ParentRunner.runChildren(ParentRunner.java:236)
	at org.junit.runners.ParentRunner.access$000(ParentRunner.java:53)
	at org.junit.runners.ParentRunner$2.evaluate(ParentRunner.java:229)
	at org.junit.internal.runners.statements.RunBefores.evaluate(RunBefores.java:26)
	at org.junit.internal.runners.statements.RunAfters.evaluate(RunAfters.java:27)
	at org.junit.runners.ParentRunner.run(ParentRunner.java:309)
	at org.apache.maven.surefire.junit4.JUnit4Provider.execute(JUnit4Provider.java:365)
	at org.apache.maven.surefire.junit4.JUnit4Provider.executeWithRerun(JUnit4Provider.java:273)
	at org.apache.maven.surefire.junit4.JUnit4Provider.executeTestSet(JUnit4Provider.java:238)
	at org.apache.maven.surefire.junit4.JUnit4Provider.invoke(JUnit4Provider.java:159)
	at org.apache.maven.surefire.booter.ForkedBooter.invokeProviderInSameClassLoader(ForkedBooter.java:384)
	at org.apache.maven.surefire.booter.ForkedBooter.runSuitesInProcess(ForkedBooter.java:345)
	at org.apache.maven.surefire.booter.ForkedBooter.execute(ForkedBooter.java:126)
	at org.apache.maven.surefire.booter.ForkedBooter.main(ForkedBooter.java:418)
2019-10-18 13:44:38,647 [main] INFO  scm.XceiverClientRatis (XceiverClientRatis.java:lambda$watchForCommit$5(295)) - Could not commit index 6 on pipeline Pipeline[ Id: 959e288b-eace-4bc0-b5b0-58b787e4ca93, Nodes: 25bdb850-9456-40e4-9e32-2249eb72d793{ip: 192.168.69.85, host: pr-hdds-2292-qcvbb-3996421426, networkLocation: /default-rack, certSerialId: null}b7ce392e-07e5-43c4-a049-3141454252ec{ip: 192.168.69.85, host: pr-hdds-2292-qcvbb-3996421426, networkLocation: /default-rack, certSerialId: null}9d0a2f75-ce30-4dbd-af96-5adca13389b4{ip: 192.168.69.85, host: pr-hdds-2292-qcvbb-3996421426, networkLocation: /default-rack, certSerialId: null}, Type:RATIS, Factor:THREE, State:OPEN] to all the nodes. Server 25bdb850-9456-40e4-9e32-2249eb72d793 has failed. Committed by majority.
2019-10-18 13:44:38,647 [main] WARN  storage.BlockOutputStream (BlockOutputStream.java:watchForCommit(352)) - Failed to commit BlockId conID: 1 locID: 102983679538167808 bcsId: 6 on Pipeline[ Id: 959e288b-eace-4bc0-b5b0-58b787e4ca93, Nodes: 25bdb850-9456-40e4-9e32-2249eb72d793{ip: 192.168.69.85, host: pr-hdds-2292-qcvbb-3996421426, networkLocation: /default-rack, certSerialId: null}b7ce392e-07e5-43c4-a049-3141454252ec{ip: 192.168.69.85, host: pr-hdds-2292-qcvbb-3996421426, networkLocation: /default-rack, certSerialId: null}9d0a2f75-ce30-4dbd-af96-5adca13389b4{ip: 192.168.69.85, host: pr-hdds-2292-qcvbb-3996421426, networkLocation: /default-rack, certSerialId: null}, Type:RATIS, Factor:THREE, State:OPEN]. Failed nodes: [25bdb850-9456-40e4-9e32-2249eb72d793{ip: null, host: null, networkLocation: /default-rack, certSerialId: null}]
2019-10-18 13:44:39,128 [java.util.concurrent.ThreadPoolExecutor$Worker@5eab71ed[State = -1, empty queue]] WARN  server.GrpcLogAppender (GrpcLogAppender.java:timeoutAppendRequest(209)) - b7ce392e-07e5-43c4-a049-3141454252ec@group-58B787E4CA93->25bdb850-9456-40e4-9e32-2249eb72d793-GrpcLogAppender: appendEntries Timeout, request=b7ce392e-07e5-43c4-a049-3141454252ec->25bdb850-9456-40e4-9e32-2249eb72d793#22-t3, previous=(t:3, i:8), leaderCommit=8, initializing? false, entries: <empty>
2019-10-18 13:44:39,727 [EventQueue-IncrementalContainerReportForIncrementalContainerReportHandler] WARN  container.IncrementalContainerReportHandler (AbstractContainerReportHandler.java:updateContainerState(145)) - Container #1 is in OPEN state, but the datanode b7ce392e-07e5-43c4-a049-3141454252ec{ip: 192.168.69.85, host: pr-hdds-2292-qcvbb-3996421426, networkLocation: /default-rack, certSerialId: null} reports an CLOSING replica.
2019-10-18 13:44:39,742 [RatisApplyTransactionExecutor 1] INFO  interfaces.Container (KeyValueContainer.java:flushAndSyncDB(386)) - Container 1 is synced with bcsId 6.
2019-10-18 13:44:39,743 [RatisApplyTransactionExecutor 1] INFO  interfaces.Container (KeyValueContainer.java:flushAndSyncDB(386)) - Container 1 is synced with bcsId 6.
2019-10-18 13:44:39,743 [EventQueue-IncrementalContainerReportForIncrementalContainerReportHandler] WARN  container.IncrementalContainerReportHandler (AbstractContainerReportHandler.java:updateContainerState(145)) - Container #1 is in OPEN state, but the datanode 9d0a2f75-ce30-4dbd-af96-5adca13389b4{ip: 192.168.69.85, host: pr-hdds-2292-qcvbb-3996421426, networkLocation: /default-rack, certSerialId: null} reports an CLOSING replica.
2019-10-18 13:44:39,757 [RatisApplyTransactionExecutor 1] INFO  interfaces.Container (KeyValueContainer.java:flushAndSyncDB(386)) - Container 1 is synced with bcsId 6.
2019-10-18 13:44:39,758 [RatisApplyTransactionExecutor 1] INFO  interfaces.Container (KeyValueContainer.java:close(335)) - Container 1 is closed with bcsId 6.
2019-10-18 13:44:39,758 [RatisApplyTransactionExecutor 1] INFO  interfaces.Container (KeyValueContainer.java:flushAndSyncDB(386)) - Container 1 is synced with bcsId 6.
2019-10-18 13:44:39,761 [EventQueue-IncrementalContainerReportForIncrementalContainerReportHandler] WARN  container.IncrementalContainerReportHandler (AbstractContainerReportHandler.java:updateContainerState(145)) - Container #1 is in OPEN state, but the datanode b7ce392e-07e5-43c4-a049-3141454252ec{ip: 192.168.69.85, host: pr-hdds-2292-qcvbb-3996421426, networkLocation: /default-rack, certSerialId: null} reports an CLOSED replica.
2019-10-18 13:44:39,772 [RatisApplyTransactionExecutor 1] INFO  interfaces.Container (KeyValueContainer.java:close(335)) - Container 1 is closed with bcsId 6.
2019-10-18 13:44:39,773 [EventQueue-IncrementalContainerReportForIncrementalContainerReportHandler] WARN  container.IncrementalContainerReportHandler (AbstractContainerReportHandler.java:updateContainerState(145)) - Container #1 is in OPEN state, but the datanode 9d0a2f75-ce30-4dbd-af96-5adca13389b4{ip: 192.168.69.85, host: pr-hdds-2292-qcvbb-3996421426, networkLocation: /default-rack, certSerialId: null} reports an CLOSED replica.
2019-10-18 13:44:39,773 [EventQueue-ContainerReportForContainerReportHandler] WARN  container.ContainerReportHandler (AbstractContainerReportHandler.java:updateContainerState(145)) - Container #1 is in OPEN state, but the datanode 9d0a2f75-ce30-4dbd-af96-5adca13389b4{ip: 192.168.69.85, host: pr-hdds-2292-qcvbb-3996421426, networkLocation: /default-rack, certSerialId: null} reports an CLOSING replica.
2019-10-18 13:44:39,959 [EventQueue-ContainerReportForContainerReportHandler] WARN  container.ContainerReportHandler (AbstractContainerReportHandler.java:updateContainerState(145)) - Container #1 is in OPEN state, but the datanode b7ce392e-07e5-43c4-a049-3141454252ec{ip: 192.168.69.85, host: pr-hdds-2292-qcvbb-3996421426, networkLocation: /default-rack, certSerialId: null} reports an CLOSED replica.
2019-10-18 13:44:39,998 [IPC Server handler 11 on 33159] INFO  server.SCMBlockProtocolServer (SCMBlockProtocolServer.java:deleteKeyBlocks(212)) - SCM is informed by OM to delete 1 blocks
2019-10-18 13:44:39,998 [IPC Server handler 11 on 33159] INFO  block.BlockManagerImpl (BlockManagerImpl.java:deleteBlocks(285)) - Deleting blocks conID: 1 locID: 102983679538167808 bcsId: 0
2019-10-18 13:44:40,072 [EventQueue-ContainerReportForContainerReportHandler] WARN  container.ContainerReportHandler (AbstractContainerReportHandler.java:updateContainerState(145)) - Container #1 is in OPEN state, but the datanode 9d0a2f75-ce30-4dbd-af96-5adca13389b4{ip: 192.168.69.85, host: pr-hdds-2292-qcvbb-3996421426, networkLocation: /default-rack, certSerialId: null} reports an CLOSED replica.
2019-10-18 13:44:40,101 [BlockDeletingService#2] WARN  background.BlockDeletingService (BlockDeletingService.java:isDeletionAllowed(187)) - Close Container log Index 6 is not replicated across allthe servers in the pipeline 959e288b-eace-4bc0-b5b0-58b787e4ca93 as the min replicated index is 4. Deletion is not allowed in this container yet.
2019-10-18 13:44:40,103 [BlockDeletingService#2] WARN  background.BlockDeletingService (BlockDeletingService.java:isDeletionAllowed(187)) - Close Container log Index 6 is not replicated across allthe servers in the pipeline 959e288b-eace-4bc0-b5b0-58b787e4ca93 as the min replicated index is 4. Deletion is not allowed in this container yet.
2019-10-18 13:44:40,259 [EventQueue-ContainerReportForContainerReportHandler] WARN  container.ContainerReportHandler (AbstractContainerReportHandler.java:updateContainerState(145)) - Container #1 is in OPEN state, but the datanode b7ce392e-07e5-43c4-a049-3141454252ec{ip: 192.168.69.85, host: pr-hdds-2292-qcvbb-3996421426, networkLocation: /default-rack, certSerialId: null} reports an CLOSED replica.
2019-10-18 13:44:40,473 [EventQueue-ContainerReportForContainerReportHandler] WARN  container.ContainerReportHandler (AbstractContainerReportHandler.java:updateContainerState(145)) - Container #1 is in OPEN state, but the datanode 9d0a2f75-ce30-4dbd-af96-5adca13389b4{ip: 192.168.69.85, host: pr-hdds-2292-qcvbb-3996421426, networkLocation: /default-rack, certSerialId: null} reports an CLOSED replica.
2019-10-18 13:44:40,560 [EventQueue-ContainerReportForContainerReportHandler] WARN  container.ContainerReportHandler (AbstractContainerReportHandler.java:updateContainerState(145)) - Container #1 is in OPEN state, but the datanode b7ce392e-07e5-43c4-a049-3141454252ec{ip: 192.168.69.85, host: pr-hdds-2292-qcvbb-3996421426, networkLocation: /default-rack, certSerialId: null} reports an CLOSED replica.
2019-10-18 13:44:40,774 [EventQueue-ContainerReportForContainerReportHandler] WARN  container.ContainerReportHandler (AbstractContainerReportHandler.java:updateContainerState(145)) - Container #1 is in OPEN state, but the datanode 9d0a2f75-ce30-4dbd-af96-5adca13389b4{ip: 192.168.69.85, host: pr-hdds-2292-qcvbb-3996421426, networkLocation: /default-rack, certSerialId: null} reports an CLOSED replica.
2019-10-18 13:44:40,960 [EventQueue-ContainerReportForContainerReportHandler] WARN  container.ContainerReportHandler (AbstractContainerReportHandler.java:updateContainerState(145)) - Container #1 is in OPEN state, but the datanode b7ce392e-07e5-43c4-a049-3141454252ec{ip: 192.168.69.85, host: pr-hdds-2292-qcvbb-3996421426, networkLocation: /default-rack, certSerialId: null} reports an CLOSED replica.
2019-10-18 13:44:41,102 [BlockDeletingService#2] WARN  background.BlockDeletingService (BlockDeletingService.java:isDeletionAllowed(187)) - Close Container log Index 6 is not replicated across allthe servers in the pipeline 959e288b-eace-4bc0-b5b0-58b787e4ca93 as the min replicated index is 4. Deletion is not allowed in this container yet.
2019-10-18 13:44:41,106 [BlockDeletingService#2] WARN  background.BlockDeletingService (BlockDeletingService.java:isDeletionAllowed(187)) - Close Container log Index 6 is not replicated across allthe servers in the pipeline 959e288b-eace-4bc0-b5b0-58b787e4ca93 as the min replicated index is 4. Deletion is not allowed in this container yet.
2019-10-18 13:44:41,160 [EventQueue-ContainerReportForContainerReportHandler] WARN  container.ContainerReportHandler (AbstractContainerReportHandler.java:updateContainerState(145)) - Container #1 is in OPEN state, but the datanode b7ce392e-07e5-43c4-a049-3141454252ec{ip: 192.168.69.85, host: pr-hdds-2292-qcvbb-3996421426, networkLocation: /default-rack, certSerialId: null} reports an CLOSED replica.
2019-10-18 13:44:41,175 [EventQueue-ContainerReportForContainerReportHandler] WARN  container.ContainerReportHandler (AbstractContainerReportHandler.java:updateContainerState(145)) - Container #1 is in OPEN state, but the datanode 9d0a2f75-ce30-4dbd-af96-5adca13389b4{ip: 192.168.69.85, host: pr-hdds-2292-qcvbb-3996421426, networkLocation: /default-rack, certSerialId: null} reports an CLOSED replica.
2019-10-18 13:44:41,375 [EventQueue-ContainerReportForContainerReportHandler] WARN  container.ContainerReportHandler (AbstractContainerReportHandler.java:updateContainerState(145)) - Container #1 is in OPEN state, but the datanode 9d0a2f75-ce30-4dbd-af96-5adca13389b4{ip: 192.168.69.85, host: pr-hdds-2292-qcvbb-3996421426, networkLocation: /default-rack, certSerialId: null} reports an CLOSED replica.
2019-10-18 13:44:41,560 [EventQueue-ContainerReportForContainerReportHandler] WARN  container.ContainerReportHandler (AbstractContainerReportHandler.java:updateContainerState(145)) - Container #1 is in OPEN state, but the datanode b7ce392e-07e5-43c4-a049-3141454252ec{ip: 192.168.69.85, host: pr-hdds-2292-qcvbb-3996421426, networkLocation: /default-rack, certSerialId: null} reports an CLOSED replica.
2019-10-18 13:44:41,630 [java.util.concurrent.ThreadPoolExecutor$Worker@5eab71ed[State = -1, empty queue]] WARN  server.GrpcLogAppender (GrpcLogAppender.java:timeoutAppendRequest(209)) - b7ce392e-07e5-43c4-a049-3141454252ec@group-58B787E4CA93->25bdb850-9456-40e4-9e32-2249eb72d793-GrpcLogAppender: appendEntries Timeout, request=b7ce392e-07e5-43c4-a049-3141454252ec->25bdb850-9456-40e4-9e32-2249eb72d793#23-t3, previous=(t:3, i:8), leaderCommit=8, initializing? false, entries: <empty>
2019-10-18 13:44:41,675 [EventQueue-ContainerReportForContainerReportHandler] WARN  container.ContainerReportHandler (AbstractContainerReportHandler.java:updateContainerState(145)) - Container #1 is in OPEN state, but the datanode 9d0a2f75-ce30-4dbd-af96-5adca13389b4{ip: 192.168.69.85, host: pr-hdds-2292-qcvbb-3996421426, networkLocation: /default-rack, certSerialId: null} reports an CLOSED replica.
2019-10-18 13:44:41,861 [EventQueue-ContainerReportForContainerReportHandler] WARN  container.ContainerReportHandler (AbstractContainerReportHandler.java:updateContainerState(145)) - Container #1 is in OPEN state, but the datanode b7ce392e-07e5-43c4-a049-3141454252ec{ip: 192.168.69.85, host: pr-hdds-2292-qcvbb-3996421426, networkLocation: /default-rack, certSerialId: null} reports an CLOSED replica.
2019-10-18 13:44:41,975 [EventQueue-ContainerReportForContainerReportHandler] WARN  container.ContainerReportHandler (AbstractContainerReportHandler.java:updateContainerState(145)) - Container #1 is in OPEN state, but the datanode 9d0a2f75-ce30-4dbd-af96-5adca13389b4{ip: 192.168.69.85, host: pr-hdds-2292-qcvbb-3996421426, networkLocation: /default-rack, certSerialId: null} reports an CLOSED replica.
2019-10-18 13:44:42,104 [BlockDeletingService#2] WARN  background.BlockDeletingService (BlockDeletingService.java:isDeletionAllowed(187)) - Close Container log Index 6 is not replicated across allthe servers in the pipeline 959e288b-eace-4bc0-b5b0-58b787e4ca93 as the min replicated index is 4. Deletion is not allowed in this container yet.
2019-10-18 13:44:42,107 [BlockDeletingService#2] WARN  background.BlockDeletingService (BlockDeletingService.java:isDeletionAllowed(187)) - Close Container log Index 6 is not replicated across allthe servers in the pipeline 959e288b-eace-4bc0-b5b0-58b787e4ca93 as the min replicated index is 4. Deletion is not allowed in this container yet.
2019-10-18 13:44:42,175 [EventQueue-ContainerReportForContainerReportHandler] WARN  container.ContainerReportHandler (AbstractContainerReportHandler.java:updateContainerState(145)) - Container #1 is in OPEN state, but the datanode 9d0a2f75-ce30-4dbd-af96-5adca13389b4{ip: 192.168.69.85, host: pr-hdds-2292-qcvbb-3996421426, networkLocation: /default-rack, certSerialId: null} reports an CLOSED replica.
2019-10-18 13:44:42,261 [EventQueue-ContainerReportForContainerReportHandler] WARN  container.ContainerReportHandler (AbstractContainerReportHandler.java:updateContainerState(145)) - Container #1 is in OPEN state, but the datanode b7ce392e-07e5-43c4-a049-3141454252ec{ip: 192.168.69.85, host: pr-hdds-2292-qcvbb-3996421426, networkLocation: /default-rack, certSerialId: null} reports an CLOSED replica.
2019-10-18 13:44:42,375 [EventQueue-ContainerReportForContainerReportHandler] WARN  container.ContainerReportHandler (AbstractContainerReportHandler.java:updateContainerState(145)) - Container #1 is in OPEN state, but the datanode 9d0a2f75-ce30-4dbd-af96-5adca13389b4{ip: 192.168.69.85, host: pr-hdds-2292-qcvbb-3996421426, networkLocation: /default-rack, certSerialId: null} reports an CLOSED replica.
2019-10-18 13:44:42,461 [EventQueue-ContainerReportForContainerReportHandler] WARN  container.ContainerReportHandler (AbstractContainerReportHandler.java:updateContainerState(145)) - Container #1 is in OPEN state, but the datanode b7ce392e-07e5-43c4-a049-3141454252ec{ip: 192.168.69.85, host: pr-hdds-2292-qcvbb-3996421426, networkLocation: /default-rack, certSerialId: null} reports an CLOSED replica.
2019-10-18 13:44:42,675 [EventQueue-ContainerReportForContainerReportHandler] WARN  container.ContainerReportHandler (AbstractContainerReportHandler.java:updateContainerState(145)) - Container #1 is in OPEN state, but the datanode 9d0a2f75-ce30-4dbd-af96-5adca13389b4{ip: 192.168.69.85, host: pr-hdds-2292-qcvbb-3996421426, networkLocation: /default-rack, certSerialId: null} reports an CLOSED replica.
2019-10-18 13:44:42,697 [java.util.concurrent.ThreadPoolExecutor$Worker@5eab71ed[State = -1, empty queue]] WARN  server.GrpcLogAppender (GrpcLogAppender.java:timeoutAppendRequest(209)) - b7ce392e-07e5-43c4-a049-3141454252ec@group-58B787E4CA93->25bdb850-9456-40e4-9e32-2249eb72d793-GrpcLogAppender: appendEntries Timeout, request=b7ce392e-07e5-43c4-a049-3141454252ec->25bdb850-9456-40e4-9e32-2249eb72d793#24-t3, previous=(t:3, i:8), leaderCommit=8, initializing? false, entries: size=1, first=(t:3, i:9), STATEMACHINELOGENTRY, client-AC7EE01F1944, cid=12
2019-10-18 13:44:42,711 [java.util.concurrent.ThreadPoolExecutor$Worker@5eab71ed[State = -1, empty queue]] WARN  server.GrpcLogAppender (GrpcLogAppender.java:timeoutAppendRequest(209)) - b7ce392e-07e5-43c4-a049-3141454252ec@group-58B787E4CA93->25bdb850-9456-40e4-9e32-2249eb72d793-GrpcLogAppender: appendEntries Timeout, request=b7ce392e-07e5-43c4-a049-3141454252ec->25bdb850-9456-40e4-9e32-2249eb72d793#25-t3, previous=(t:3, i:9), leaderCommit=9, initializing? false, entries: size=1, first=(t:3, i:10), METADATAENTRY(c9)
2019-10-18 13:44:42,761 [EventQueue-ContainerReportForContainerReportHandler] WARN  container.ContainerReportHandler (AbstractContainerReportHandler.java:updateContainerState(145)) - Container #1 is in OPEN state, but the datanode b7ce392e-07e5-43c4-a049-3141454252ec{ip: 192.168.69.85, host: pr-hdds-2292-qcvbb-3996421426, networkLocation: /default-rack, certSerialId: null} reports an CLOSED replica.
2019-10-18 13:44:42,875 [EventQueue-ContainerReportForContainerReportHandler] WARN  container.ContainerReportHandler (AbstractContainerReportHandler.java:updateContainerState(145)) - Container #1 is in OPEN state, but the datanode 9d0a2f75-ce30-4dbd-af96-5adca13389b4{ip: 192.168.69.85, host: pr-hdds-2292-qcvbb-3996421426, networkLocation: /default-rack, certSerialId: null} reports an CLOSED replica.
2019-10-18 13:44:43,061 [EventQueue-ContainerReportForContainerReportHandler] WARN  container.ContainerReportHandler (AbstractContainerReportHandler.java:updateContainerState(145)) - Container #1 is in OPEN state, but the datanode b7ce392e-07e5-43c4-a049-3141454252ec{ip: 192.168.69.85, host: pr-hdds-2292-qcvbb-3996421426, networkLocation: /default-rack, certSerialId: null} reports an CLOSED replica.
2019-10-18 13:44:43,106 [BlockDeletingService#2] WARN  background.BlockDeletingService (BlockDeletingService.java:isDeletionAllowed(187)) - Close Container log Index 6 is not replicated across allthe servers in the pipeline 959e288b-eace-4bc0-b5b0-58b787e4ca93 as the min replicated index is 4. Deletion is not allowed in this container yet.
2019-10-18 13:44:43,108 [BlockDeletingService#2] WARN  background.BlockDeletingService (BlockDeletingService.java:isDeletionAllowed(187)) - Close Container log Index 6 is not replicated across allthe servers in the pipeline 959e288b-eace-4bc0-b5b0-58b787e4ca93 as the min replicated index is 4. Deletion is not allowed in this container yet.
2019-10-18 13:44:43,276 [EventQueue-ContainerReportForContainerReportHandler] WARN  container.ContainerReportHandler (AbstractContainerReportHandler.java:updateContainerState(145)) - Container #1 is in OPEN state, but the datanode 9d0a2f75-ce30-4dbd-af96-5adca13389b4{ip: 192.168.69.85, host: pr-hdds-2292-qcvbb-3996421426, networkLocation: /default-rack, certSerialId: null} reports an CLOSED replica.
2019-10-18 13:44:43,361 [EventQueue-ContainerReportForContainerReportHandler] WARN  container.ContainerReportHandler (AbstractContainerReportHandler.java:updateContainerState(145)) - Container #1 is in OPEN state, but the datanode b7ce392e-07e5-43c4-a049-3141454252ec{ip: 192.168.69.85, host: pr-hdds-2292-qcvbb-3996421426, networkLocation: /default-rack, certSerialId: null} reports an CLOSED replica.
2019-10-18 13:44:43,561 [EventQueue-ContainerReportForContainerReportHandler] WARN  container.ContainerReportHandler (AbstractContainerReportHandler.java:updateContainerState(145)) - Container #1 is in OPEN state, but the datanode b7ce392e-07e5-43c4-a049-3141454252ec{ip: 192.168.69.85, host: pr-hdds-2292-qcvbb-3996421426, networkLocation: /default-rack, certSerialId: null} reports an CLOSED replica.
2019-10-18 13:44:43,577 [EventQueue-ContainerReportForContainerReportHandler] WARN  container.ContainerReportHandler (AbstractContainerReportHandler.java:updateContainerState(145)) - Container #1 is in OPEN state, but the datanode 9d0a2f75-ce30-4dbd-af96-5adca13389b4{ip: 192.168.69.85, host: pr-hdds-2292-qcvbb-3996421426, networkLocation: /default-rack, certSerialId: null} reports an CLOSED replica.
2019-10-18 13:44:43,862 [EventQueue-ContainerReportForContainerReportHandler] WARN  container.ContainerReportHandler (AbstractContainerReportHandler.java:updateContainerState(145)) - Container #1 is in OPEN state, but the datanode b7ce392e-07e5-43c4-a049-3141454252ec{ip: 192.168.69.85, host: pr-hdds-2292-qcvbb-3996421426, networkLocation: /default-rack, certSerialId: null} reports an CLOSED replica.
2019-10-18 13:44:43,876 [EventQueue-ContainerReportForContainerReportHandler] WARN  container.ContainerReportHandler (AbstractContainerReportHandler.java:updateContainerState(145)) - Container #1 is in OPEN state, but the datanode 9d0a2f75-ce30-4dbd-af96-5adca13389b4{ip: 192.168.69.85, host: pr-hdds-2292-qcvbb-3996421426, networkLocation: /default-rack, certSerialId: null} reports an CLOSED replica.
2019-10-18 13:44:44,061 [EventQueue-ContainerReportForContainerReportHandler] WARN  container.ContainerReportHandler (AbstractContainerReportHandler.java:updateContainerState(145)) - Container #1 is in OPEN state, but the datanode b7ce392e-07e5-43c4-a049-3141454252ec{ip: 192.168.69.85, host: pr-hdds-2292-qcvbb-3996421426, networkLocation: /default-rack, certSerialId: null} reports an CLOSED replica.
2019-10-18 13:44:44,109 [BlockDeletingService#2] WARN  background.BlockDeletingService (BlockDeletingService.java:isDeletionAllowed(187)) - Close Container log Index 6 is not replicated across allthe servers in the pipeline 959e288b-eace-4bc0-b5b0-58b787e4ca93 as the min replicated index is 4. Deletion is not allowed in this container yet.
2019-10-18 13:44:44,109 [BlockDeletingService#2] WARN  background.BlockDeletingService (BlockDeletingService.java:isDeletionAllowed(187)) - Close Container log Index 6 is not replicated across allthe servers in the pipeline 959e288b-eace-4bc0-b5b0-58b787e4ca93 as the min replicated index is 4. Deletion is not allowed in this container yet.
2019-10-18 13:44:44,176 [EventQueue-ContainerReportForContainerReportHandler] WARN  container.ContainerReportHandler (AbstractContainerReportHandler.java:updateContainerState(145)) - Container #1 is in OPEN state, but the datanode 9d0a2f75-ce30-4dbd-af96-5adca13389b4{ip: 192.168.69.85, host: pr-hdds-2292-qcvbb-3996421426, networkLocation: /default-rack, certSerialId: null} reports an CLOSED replica.
2019-10-18 13:44:44,361 [EventQueue-ContainerReportForContainerReportHandler] WARN  container.ContainerReportHandler (AbstractContainerReportHandler.java:updateContainerState(145)) - Container #1 is in OPEN state, but the datanode b7ce392e-07e5-43c4-a049-3141454252ec{ip: 192.168.69.85, host: pr-hdds-2292-qcvbb-3996421426, networkLocation: /default-rack, certSerialId: null} reports an CLOSED replica.
2019-10-18 13:44:44,476 [EventQueue-ContainerReportForContainerReportHandler] WARN  container.ContainerReportHandler (AbstractContainerReportHandler.java:updateContainerState(145)) - Container #1 is in OPEN state, but the datanode 9d0a2f75-ce30-4dbd-af96-5adca13389b4{ip: 192.168.69.85, host: pr-hdds-2292-qcvbb-3996421426, networkLocation: /default-rack, certSerialId: null} reports an CLOSED replica.
2019-10-18 13:44:44,661 [EventQueue-ContainerReportForContainerReportHandler] WARN  container.ContainerReportHandler (AbstractContainerReportHandler.java:updateContainerState(145)) - Container #1 is in OPEN state, but the datanode b7ce392e-07e5-43c4-a049-3141454252ec{ip: 192.168.69.85, host: pr-hdds-2292-qcvbb-3996421426, networkLocation: /default-rack, certSerialId: null} reports an CLOSED replica.
2019-10-18 13:44:44,777 [EventQueue-ContainerReportForContainerReportHandler] WARN  container.ContainerReportHandler (AbstractContainerReportHandler.java:updateContainerState(145)) - Container #1 is in OPEN state, but the datanode 9d0a2f75-ce30-4dbd-af96-5adca13389b4{ip: 192.168.69.85, host: pr-hdds-2292-qcvbb-3996421426, networkLocation: /default-rack, certSerialId: null} reports an CLOSED replica.
2019-10-18 13:44:44,961 [EventQueue-ContainerReportForContainerReportHandler] WARN  container.ContainerReportHandler (AbstractContainerReportHandler.java:updateContainerState(145)) - Container #1 is in OPEN state, but the datanode b7ce392e-07e5-43c4-a049-3141454252ec{ip: 192.168.69.85, host: pr-hdds-2292-qcvbb-3996421426, networkLocation: /default-rack, certSerialId: null} reports an CLOSED replica.
2019-10-18 13:44:44,976 [EventQueue-ContainerReportForContainerReportHandler] WARN  container.ContainerReportHandler (AbstractContainerReportHandler.java:updateContainerState(145)) - Container #1 is in OPEN state, but the datanode 9d0a2f75-ce30-4dbd-af96-5adca13389b4{ip: 192.168.69.85, host: pr-hdds-2292-qcvbb-3996421426, networkLocation: /default-rack, certSerialId: null} reports an CLOSED replica.
2019-10-18 13:44:45,111 [BlockDeletingService#2] WARN  background.BlockDeletingService (BlockDeletingService.java:isDeletionAllowed(187)) - Close Container log Index 6 is not replicated across allthe servers in the pipeline 959e288b-eace-4bc0-b5b0-58b787e4ca93 as the min replicated index is 4. Deletion is not allowed in this container yet.
2019-10-18 13:44:45,111 [BlockDeletingService#2] WARN  background.BlockDeletingService (BlockDeletingService.java:isDeletionAllowed(187)) - Close Container log Index 6 is not replicated across allthe servers in the pipeline 959e288b-eace-4bc0-b5b0-58b787e4ca93 as the min replicated index is 4. Deletion is not allowed in this container yet.
2019-10-18 13:44:45,213 [java.util.concurrent.ThreadPoolExecutor$Worker@5eab71ed[State = -1, empty queue]] WARN  server.GrpcLogAppender (GrpcLogAppender.java:timeoutAppendRequest(209)) - b7ce392e-07e5-43c4-a049-3141454252ec@group-58B787E4CA93->25bdb850-9456-40e4-9e32-2249eb72d793-GrpcLogAppender: appendEntries Timeout, request=b7ce392e-07e5-43c4-a049-3141454252ec->25bdb850-9456-40e4-9e32-2249eb72d793#26-t3, previous=(t:3, i:10), leaderCommit=10, initializing? false, entries: <empty>
2019-10-18 13:44:45,261 [EventQueue-ContainerReportForContainerReportHandler] WARN  container.ContainerReportHandler (AbstractContainerReportHandler.java:updateContainerState(145)) - Container #1 is in OPEN state, but the datanode b7ce392e-07e5-43c4-a049-3141454252ec{ip: 192.168.69.85, host: pr-hdds-2292-qcvbb-3996421426, networkLocation: /default-rack, certSerialId: null} reports an CLOSED replica.
2019-10-18 13:44:45,378 [EventQueue-ContainerReportForContainerReportHandler] WARN  container.ContainerReportHandler (AbstractContainerReportHandler.java:updateContainerState(145)) - Container #1 is in OPEN state, but the datanode 9d0a2f75-ce30-4dbd-af96-5adca13389b4{ip: 192.168.69.85, host: pr-hdds-2292-qcvbb-3996421426, networkLocation: /default-rack, certSerialId: null} reports an CLOSED replica.
2019-10-18 13:44:45,661 [EventQueue-ContainerReportForContainerReportHandler] WARN  container.ContainerReportHandler (AbstractContainerReportHandler.java:updateContainerState(145)) - Container #1 is in OPEN state, but the datanode b7ce392e-07e5-43c4-a049-3141454252ec{ip: 192.168.69.85, host: pr-hdds-2292-qcvbb-3996421426, networkLocation: /default-rack, certSerialId: null} reports an CLOSED replica.
2019-10-18 13:44:45,738 [Thread-355] INFO  client.GrpcClientProtocolService (GrpcClientProtocolService.java:lambda$processClientRequest$0(278)) - Failed RaftClientRequest:client-B7AACEF92521->9d0a2f75-ce30-4dbd-af96-5adca13389b4@group-58B787E4CA93, cid=10, seq=0, Watch-ALL_COMMITTED(6), Message:<EMPTY>, reply=RaftClientReply:client-B7AACEF92521->9d0a2f75-ce30-4dbd-af96-5adca13389b4@group-58B787E4CA93, cid=10, FAILED org.apache.ratis.protocol.NotLeaderException: Server 9d0a2f75-ce30-4dbd-af96-5adca13389b4@group-58B787E4CA93 is not the leader b7ce392e-07e5-43c4-a049-3141454252ec:192.168.69.85:43203, logIndex=0, commits[9d0a2f75-ce30-4dbd-af96-5adca13389b4:c10, b7ce392e-07e5-43c4-a049-3141454252ec:c10, 25bdb850-9456-40e4-9e32-2249eb72d793:c4]
2019-10-18 13:44:45,778 [EventQueue-ContainerReportForContainerReportHandler] WARN  container.ContainerReportHandler (AbstractContainerReportHandler.java:updateContainerState(145)) - Container #1 is in OPEN state, but the datanode 9d0a2f75-ce30-4dbd-af96-5adca13389b4{ip: 192.168.69.85, host: pr-hdds-2292-qcvbb-3996421426, networkLocation: /default-rack, certSerialId: null} reports an CLOSED replica.
2019-10-18 13:44:45,978 [EventQueue-ContainerReportForContainerReportHandler] WARN  container.ContainerReportHandler (AbstractContainerReportHandler.java:updateContainerState(145)) - Container #1 is in OPEN state, but the datanode 9d0a2f75-ce30-4dbd-af96-5adca13389b4{ip: 192.168.69.85, host: pr-hdds-2292-qcvbb-3996421426, networkLocation: /default-rack, certSerialId: null} reports an CLOSED replica.
2019-10-18 13:44:46,061 [EventQueue-ContainerReportForContainerReportHandler] WARN  container.ContainerReportHandler (AbstractContainerReportHandler.java:updateContainerState(145)) - Container #1 is in OPEN state, but the datanode b7ce392e-07e5-43c4-a049-3141454252ec{ip: 192.168.69.85, host: pr-hdds-2292-qcvbb-3996421426, networkLocation: /default-rack, certSerialId: null} reports an CLOSED replica.
2019-10-18 13:44:46,112 [BlockDeletingService#2] WARN  background.BlockDeletingService (BlockDeletingService.java:isDeletionAllowed(187)) - Close Container log Index 6 is not replicated across allthe servers in the pipeline 959e288b-eace-4bc0-b5b0-58b787e4ca93 as the min replicated index is 4. Deletion is not allowed in this container yet.
2019-10-18 13:44:46,113 [BlockDeletingService#2] WARN  background.BlockDeletingService (BlockDeletingService.java:isDeletionAllowed(187)) - Close Container log Index 6 is not replicated across allthe servers in the pipeline 959e288b-eace-4bc0-b5b0-58b787e4ca93 as the min replicated index is 4. Deletion is not allowed in this container yet.
2019-10-18 13:44:46,261 [EventQueue-ContainerReportForContainerReportHandler] WARN  container.ContainerReportHandler (AbstractContainerReportHandler.java:updateContainerState(145)) - Container #1 is in OPEN state, but the datanode b7ce392e-07e5-43c4-a049-3141454252ec{ip: 192.168.69.85, host: pr-hdds-2292-qcvbb-3996421426, networkLocation: /default-rack, certSerialId: null} reports an CLOSED replica.
2019-10-18 13:44:46,279 [EventQueue-ContainerReportForContainerReportHandler] WARN  container.ContainerReportHandler (AbstractContainerReportHandler.java:updateContainerState(145)) - Container #1 is in OPEN state, but the datanode 9d0a2f75-ce30-4dbd-af96-5adca13389b4{ip: 192.168.69.85, host: pr-hdds-2292-qcvbb-3996421426, networkLocation: /default-rack, certSerialId: null} reports an CLOSED replica.
2019-10-18 13:44:46,461 [EventQueue-ContainerReportForContainerReportHandler] WARN  container.ContainerReportHandler (AbstractContainerReportHandler.java:updateContainerState(145)) - Container #1 is in OPEN state, but the datanode b7ce392e-07e5-43c4-a049-3141454252ec{ip: 192.168.69.85, host: pr-hdds-2292-qcvbb-3996421426, networkLocation: /default-rack, certSerialId: null} reports an CLOSED replica.
2019-10-18 13:44:46,579 [EventQueue-ContainerReportForContainerReportHandler] WARN  container.ContainerReportHandler (AbstractContainerReportHandler.java:updateContainerState(145)) - Container #1 is in OPEN state, but the datanode 9d0a2f75-ce30-4dbd-af96-5adca13389b4{ip: 192.168.69.85, host: pr-hdds-2292-qcvbb-3996421426, networkLocation: /default-rack, certSerialId: null} reports an CLOSED replica.
2019-10-18 13:44:46,661 [EventQueue-ContainerReportForContainerReportHandler] WARN  container.ContainerReportHandler (AbstractContainerReportHandler.java:updateContainerState(145)) - Container #1 is in OPEN state, but the datanode b7ce392e-07e5-43c4-a049-3141454252ec{ip: 192.168.69.85, host: pr-hdds-2292-qcvbb-3996421426, networkLocation: /default-rack, certSerialId: null} reports an CLOSED replica.
2019-10-18 13:44:46,884 [Thread-360] INFO  client.GrpcClientProtocolService (GrpcClientProtocolService.java:lambda$processClientRequest$0(278)) - Failed RaftClientRequest:client-B7AACEF92521->b7ce392e-07e5-43c4-a049-3141454252ec@group-58B787E4CA93, cid=10, seq=0, Watch-ALL_COMMITTED(6), Message:<EMPTY>, reply=RaftClientReply:client-B7AACEF92521->b7ce392e-07e5-43c4-a049-3141454252ec@group-58B787E4CA93, cid=10, FAILED org.apache.ratis.protocol.NotReplicatedException: Request with call Id 10 and log index 6 is not yet replicated to ALL_COMMITTED, logIndex=6, commits[b7ce392e-07e5-43c4-a049-3141454252ec:c10, 9d0a2f75-ce30-4dbd-af96-5adca13389b4:c10, 25bdb850-9456-40e4-9e32-2249eb72d793:c4]
2019-10-18 13:44:46,963 [EventQueue-ContainerReportForContainerReportHandler] WARN  container.ContainerReportHandler (AbstractContainerReportHandler.java:updateContainerState(145)) - Container #1 is in OPEN state, but the datanode b7ce392e-07e5-43c4-a049-3141454252ec{ip: 192.168.69.85, host: pr-hdds-2292-qcvbb-3996421426, networkLocation: /default-rack, certSerialId: null} reports an CLOSED replica.
2019-10-18 13:44:46,979 [EventQueue-ContainerReportForContainerReportHandler] WARN  container.ContainerReportHandler (AbstractContainerReportHandler.java:updateContainerState(145)) - Container #1 is in OPEN state, but the datanode 9d0a2f75-ce30-4dbd-af96-5adca13389b4{ip: 192.168.69.85, host: pr-hdds-2292-qcvbb-3996421426, networkLocation: /default-rack, certSerialId: null} reports an CLOSED replica.
2019-10-18 13:44:47,115 [BlockDeletingService#2] WARN  background.BlockDeletingService (BlockDeletingService.java:isDeletionAllowed(187)) - Close Container log Index 6 is not replicated across allthe servers in the pipeline 959e288b-eace-4bc0-b5b0-58b787e4ca93 as the min replicated index is 4. Deletion is not allowed in this container yet.
2019-10-18 13:44:47,115 [BlockDeletingService#2] WARN  background.BlockDeletingService (BlockDeletingService.java:isDeletionAllowed(187)) - Close Container log Index 6 is not replicated across allthe servers in the pipeline 959e288b-eace-4bc0-b5b0-58b787e4ca93 as the min replicated index is 4. Deletion is not allowed in this container yet.
2019-10-18 13:44:47,162 [EventQueue-ContainerReportForContainerReportHandler] WARN  container.ContainerReportHandler (AbstractContainerReportHandler.java:updateContainerState(145)) - Container #1 is in OPEN state, but the datanode b7ce392e-07e5-43c4-a049-3141454252ec{ip: 192.168.69.85, host: pr-hdds-2292-qcvbb-3996421426, networkLocation: /default-rack, certSerialId: null} reports an CLOSED replica.
2019-10-18 13:44:47,280 [EventQueue-ContainerReportForContainerReportHandler] WARN  container.ContainerReportHandler (AbstractContainerReportHandler.java:updateContainerState(145)) - Container #1 is in OPEN state, but the datanode 9d0a2f75-ce30-4dbd-af96-5adca13389b4{ip: 192.168.69.85, host: pr-hdds-2292-qcvbb-3996421426, networkLocation: /default-rack, certSerialId: null} reports an CLOSED replica.
2019-10-18 13:44:47,462 [EventQueue-ContainerReportForContainerReportHandler] WARN  container.ContainerReportHandler (AbstractContainerReportHandler.java:updateContainerState(145)) - Container #1 is in OPEN state, but the datanode b7ce392e-07e5-43c4-a049-3141454252ec{ip: 192.168.69.85, host: pr-hdds-2292-qcvbb-3996421426, networkLocation: /default-rack, certSerialId: null} reports an CLOSED replica.
2019-10-18 13:44:47,580 [EventQueue-ContainerReportForContainerReportHandler] WARN  container.ContainerReportHandler (AbstractContainerReportHandler.java:updateContainerState(145)) - Container #1 is in OPEN state, but the datanode 9d0a2f75-ce30-4dbd-af96-5adca13389b4{ip: 192.168.69.85, host: pr-hdds-2292-qcvbb-3996421426, networkLocation: /default-rack, certSerialId: null} reports an CLOSED replica.
2019-10-18 13:44:47,713 [java.util.concurrent.ThreadPoolExecutor$Worker@5eab71ed[State = -1, empty queue]] WARN  server.GrpcLogAppender (GrpcLogAppender.java:timeoutAppendRequest(209)) - b7ce392e-07e5-43c4-a049-3141454252ec@group-58B787E4CA93->25bdb850-9456-40e4-9e32-2249eb72d793-GrpcLogAppender: appendEntries Timeout, request=b7ce392e-07e5-43c4-a049-3141454252ec->25bdb850-9456-40e4-9e32-2249eb72d793#27-t3, previous=(t:3, i:10), leaderCommit=10, initializing? false, entries: <empty>
2019-10-18 13:44:47,763 [EventQueue-ContainerReportForContainerReportHandler] WARN  container.ContainerReportHandler (AbstractContainerReportHandler.java:updateContainerState(145)) - Container #1 is in OPEN state, but the datanode b7ce392e-07e5-43c4-a049-3141454252ec{ip: 192.168.69.85, host: pr-hdds-2292-qcvbb-3996421426, networkLocation: /default-rack, certSerialId: null} reports an CLOSED replica.
2019-10-18 13:44:47,782 [EventQueue-ContainerReportForContainerReportHandler] WARN  container.ContainerReportHandler (AbstractContainerReportHandler.java:updateContainerState(145)) - Container #1 is in OPEN state, but the datanode 9d0a2f75-ce30-4dbd-af96-5adca13389b4{ip: 192.168.69.85, host: pr-hdds-2292-qcvbb-3996421426, networkLocation: /default-rack, certSerialId: null} reports an CLOSED replica.
2019-10-18 13:44:47,963 [EventQueue-ContainerReportForContainerReportHandler] WARN  container.ContainerReportHandler (AbstractContainerReportHandler.java:updateContainerState(145)) - Container #1 is in OPEN state, but the datanode b7ce392e-07e5-43c4-a049-3141454252ec{ip: 192.168.69.85, host: pr-hdds-2292-qcvbb-3996421426, networkLocation: /default-rack, certSerialId: null} reports an CLOSED replica.
2019-10-18 13:44:48,120 [BlockDeletingService#2] WARN  background.BlockDeletingService (BlockDeletingService.java:isDeletionAllowed(187)) - Close Container log Index 6 is not replicated across allthe servers in the pipeline 959e288b-eace-4bc0-b5b0-58b787e4ca93 as the min replicated index is 4. Deletion is not allowed in this container yet.
2019-10-18 13:44:48,120 [BlockDeletingService#2] WARN  background.BlockDeletingService (BlockDeletingService.java:isDeletionAllowed(187)) - Close Container log Index 6 is not replicated across allthe servers in the pipeline 959e288b-eace-4bc0-b5b0-58b787e4ca93 as the min replicated index is 4. Deletion is not allowed in this container yet.
2019-10-18 13:44:48,180 [EventQueue-ContainerReportForContainerReportHandler] WARN  container.ContainerReportHandler (AbstractContainerReportHandler.java:updateContainerState(145)) - Container #1 is in OPEN state, but the datanode 9d0a2f75-ce30-4dbd-af96-5adca13389b4{ip: 192.168.69.85, host: pr-hdds-2292-qcvbb-3996421426, networkLocation: /default-rack, certSerialId: null} reports an CLOSED replica.
2019-10-18 13:44:48,263 [EventQueue-ContainerReportForContainerReportHandler] WARN  container.ContainerReportHandler (AbstractContainerReportHandler.java:updateContainerState(145)) - Container #1 is in OPEN state, but the datanode b7ce392e-07e5-43c4-a049-3141454252ec{ip: 192.168.69.85, host: pr-hdds-2292-qcvbb-3996421426, networkLocation: /default-rack, certSerialId: null} reports an CLOSED replica.
2019-10-18 13:44:48,481 [EventQueue-ContainerReportForContainerReportHandler] WARN  container.ContainerReportHandler (AbstractContainerReportHandler.java:updateContainerState(145)) - Container #1 is in OPEN state, but the datanode 9d0a2f75-ce30-4dbd-af96-5adca13389b4{ip: 192.168.69.85, host: pr-hdds-2292-qcvbb-3996421426, networkLocation: /default-rack, certSerialId: null} reports an CLOSED replica.
2019-10-18 13:44:48,564 [EventQueue-ContainerReportForContainerReportHandler] WARN  container.ContainerReportHandler (AbstractContainerReportHandler.java:updateContainerState(145)) - Container #1 is in OPEN state, but the datanode b7ce392e-07e5-43c4-a049-3141454252ec{ip: 192.168.69.85, host: pr-hdds-2292-qcvbb-3996421426, networkLocation: /default-rack, certSerialId: null} reports an CLOSED replica.
2019-10-18 13:44:48,780 [EventQueue-ContainerReportForContainerReportHandler] WARN  container.ContainerReportHandler (AbstractContainerReportHandler.java:updateContainerState(145)) - Container #1 is in OPEN state, but the datanode 9d0a2f75-ce30-4dbd-af96-5adca13389b4{ip: 192.168.69.85, host: pr-hdds-2292-qcvbb-3996421426, networkLocation: /default-rack, certSerialId: null} reports an CLOSED replica.
2019-10-18 13:44:48,864 [EventQueue-ContainerReportForContainerReportHandler] WARN  container.ContainerReportHandler (AbstractContainerReportHandler.java:updateContainerState(145)) - Container #1 is in OPEN state, but the datanode b7ce392e-07e5-43c4-a049-3141454252ec{ip: 192.168.69.85, host: pr-hdds-2292-qcvbb-3996421426, networkLocation: /default-rack, certSerialId: null} reports an CLOSED replica.
2019-10-18 13:44:49,122 [BlockDeletingService#2] WARN  background.BlockDeletingService (BlockDeletingService.java:isDeletionAllowed(187)) - Close Container log Index 6 is not replicated across allthe servers in the pipeline 959e288b-eace-4bc0-b5b0-58b787e4ca93 as the min replicated index is 4. Deletion is not allowed in this container yet.
2019-10-18 13:44:49,122 [BlockDeletingService#2] WARN  background.BlockDeletingService (BlockDeletingService.java:isDeletionAllowed(187)) - Close Container log Index 6 is not replicated across allthe servers in the pipeline 959e288b-eace-4bc0-b5b0-58b787e4ca93 as the min replicated index is 4. Deletion is not allowed in this container yet.
2019-10-18 13:44:49,165 [EventQueue-ContainerReportForContainerReportHandler] WARN  container.ContainerReportHandler (AbstractContainerReportHandler.java:updateContainerState(145)) - Container #1 is in OPEN state, but the datanode b7ce392e-07e5-43c4-a049-3141454252ec{ip: 192.168.69.85, host: pr-hdds-2292-qcvbb-3996421426, networkLocation: /default-rack, certSerialId: null} reports an CLOSED replica.
2019-10-18 13:44:49,180 [EventQueue-ContainerReportForContainerReportHandler] WARN  container.ContainerReportHandler (AbstractContainerReportHandler.java:updateContainerState(145)) - Container #1 is in OPEN state, but the datanode 9d0a2f75-ce30-4dbd-af96-5adca13389b4{ip: 192.168.69.85, host: pr-hdds-2292-qcvbb-3996421426, networkLocation: /default-rack, certSerialId: null} reports an CLOSED replica.
2019-10-18 13:44:49,480 [EventQueue-ContainerReportForContainerReportHandler] WARN  container.ContainerReportHandler (AbstractContainerReportHandler.java:updateContainerState(145)) - Container #1 is in OPEN state, but the datanode 9d0a2f75-ce30-4dbd-af96-5adca13389b4{ip: 192.168.69.85, host: pr-hdds-2292-qcvbb-3996421426, networkLocation: /default-rack, certSerialId: null} reports an CLOSED replica.
2019-10-18 13:44:49,565 [EventQueue-ContainerReportForContainerReportHandler] WARN  container.ContainerReportHandler (AbstractContainerReportHandler.java:updateContainerState(145)) - Container #1 is in OPEN state, but the datanode b7ce392e-07e5-43c4-a049-3141454252ec{ip: 192.168.69.85, host: pr-hdds-2292-qcvbb-3996421426, networkLocation: /default-rack, certSerialId: null} reports an CLOSED replica.
2019-10-18 13:44:49,780 [EventQueue-ContainerReportForContainerReportHandler] WARN  container.ContainerReportHandler (AbstractContainerReportHandler.java:updateContainerState(145)) - Container #1 is in OPEN state, but the datanode 9d0a2f75-ce30-4dbd-af96-5adca13389b4{ip: 192.168.69.85, host: pr-hdds-2292-qcvbb-3996421426, networkLocation: /default-rack, certSerialId: null} reports an CLOSED replica.
2019-10-18 13:44:49,865 [EventQueue-ContainerReportForContainerReportHandler] WARN  container.ContainerReportHandler (AbstractContainerReportHandler.java:updateContainerState(145)) - Container #1 is in OPEN state, but the datanode b7ce392e-07e5-43c4-a049-3141454252ec{ip: 192.168.69.85, host: pr-hdds-2292-qcvbb-3996421426, networkLocation: /default-rack, certSerialId: null} reports an CLOSED replica.
2019-10-18 13:44:50,081 [EventQueue-ContainerReportForContainerReportHandler] WARN  container.ContainerReportHandler (AbstractContainerReportHandler.java:updateContainerState(145)) - Container #1 is in OPEN state, but the datanode 9d0a2f75-ce30-4dbd-af96-5adca13389b4{ip: 192.168.69.85, host: pr-hdds-2292-qcvbb-3996421426, networkLocation: /default-rack, certSerialId: null} reports an CLOSED replica.
2019-10-18 13:44:50,124 [BlockDeletingService#2] WARN  background.BlockDeletingService (BlockDeletingService.java:isDeletionAllowed(187)) - Close Container log Index 6 is not replicated across allthe servers in the pipeline 959e288b-eace-4bc0-b5b0-58b787e4ca93 as the min replicated index is 4. Deletion is not allowed in this container yet.
2019-10-18 13:44:50,124 [BlockDeletingService#2] WARN  background.BlockDeletingService (BlockDeletingService.java:isDeletionAllowed(187)) - Close Container log Index 6 is not replicated across allthe servers in the pipeline 959e288b-eace-4bc0-b5b0-58b787e4ca93 as the min replicated index is 4. Deletion is not allowed in this container yet.
2019-10-18 13:44:50,165 [EventQueue-ContainerReportForContainerReportHandler] WARN  container.ContainerReportHandler (AbstractContainerReportHandler.java:updateContainerState(145)) - Container #1 is in OPEN state, but the datanode b7ce392e-07e5-43c4-a049-3141454252ec{ip: 192.168.69.85, host: pr-hdds-2292-qcvbb-3996421426, networkLocation: /default-rack, certSerialId: null} reports an CLOSED replica.
2019-10-18 13:44:50,215 [java.util.concurrent.ThreadPoolExecutor$Worker@5eab71ed[State = -1, empty queue]] WARN  server.GrpcLogAppender (GrpcLogAppender.java:timeoutAppendRequest(209)) - b7ce392e-07e5-43c4-a049-3141454252ec@group-58B787E4CA93->25bdb850-9456-40e4-9e32-2249eb72d793-GrpcLogAppender: appendEntries Timeout, request=b7ce392e-07e5-43c4-a049-3141454252ec->25bdb850-9456-40e4-9e32-2249eb72d793#28-t3, previous=(t:3, i:10), leaderCommit=10, initializing? false, entries: <empty>
2019-10-18 13:44:50,280 [EventQueue-ContainerReportForContainerReportHandler] WARN  container.ContainerReportHandler (AbstractContainerReportHandler.java:updateContainerState(145)) - Container #1 is in OPEN state, but the datanode 9d0a2f75-ce30-4dbd-af96-5adca13389b4{ip: 192.168.69.85, host: pr-hdds-2292-qcvbb-3996421426, networkLocation: /default-rack, certSerialId: null} reports an CLOSED replica.
2019-10-18 13:44:50,465 [EventQueue-ContainerReportForContainerReportHandler] WARN  container.ContainerReportHandler (AbstractContainerReportHandler.java:updateContainerState(145)) - Container #1 is in OPEN state, but the datanode b7ce392e-07e5-43c4-a049-3141454252ec{ip: 192.168.69.85, host: pr-hdds-2292-qcvbb-3996421426, networkLocation: /default-rack, certSerialId: null} reports an CLOSED replica.
2019-10-18 13:44:50,580 [EventQueue-ContainerReportForContainerReportHandler] WARN  container.ContainerReportHandler (AbstractContainerReportHandler.java:updateContainerState(145)) - Container #1 is in OPEN state, but the datanode 9d0a2f75-ce30-4dbd-af96-5adca13389b4{ip: 192.168.69.85, host: pr-hdds-2292-qcvbb-3996421426, networkLocation: /default-rack, certSerialId: null} reports an CLOSED replica.
2019-10-18 13:44:50,665 [EventQueue-ContainerReportForContainerReportHandler] WARN  container.ContainerReportHandler (AbstractContainerReportHandler.java:updateContainerState(145)) - Container #1 is in OPEN state, but the datanode b7ce392e-07e5-43c4-a049-3141454252ec{ip: 192.168.69.85, host: pr-hdds-2292-qcvbb-3996421426, networkLocation: /default-rack, certSerialId: null} reports an CLOSED replica.
2019-10-18 13:44:50,880 [EventQueue-ContainerReportForContainerReportHandler] WARN  container.ContainerReportHandler (AbstractContainerReportHandler.java:updateContainerState(145)) - Container #1 is in OPEN state, but the datanode 9d0a2f75-ce30-4dbd-af96-5adca13389b4{ip: 192.168.69.85, host: pr-hdds-2292-qcvbb-3996421426, networkLocation: /default-rack, certSerialId: null} reports an CLOSED replica.
2019-10-18 13:44:51,065 [EventQueue-ContainerReportForContainerReportHandler] WARN  container.ContainerReportHandler (AbstractContainerReportHandler.java:updateContainerState(145)) - Container #1 is in OPEN state, but the datanode b7ce392e-07e5-43c4-a049-3141454252ec{ip: 192.168.69.85, host: pr-hdds-2292-qcvbb-3996421426, networkLocation: /default-rack, certSerialId: null} reports an CLOSED replica.
2019-10-18 13:44:51,126 [BlockDeletingService#2] WARN  background.BlockDeletingService (BlockDeletingService.java:isDeletionAllowed(187)) - Close Container log Index 6 is not replicated across allthe servers in the pipeline 959e288b-eace-4bc0-b5b0-58b787e4ca93 as the min replicated index is 4. Deletion is not allowed in this container yet.
2019-10-18 13:44:51,126 [BlockDeletingService#2] WARN  background.BlockDeletingService (BlockDeletingService.java:isDeletionAllowed(187)) - Close Container log Index 6 is not replicated across allthe servers in the pipeline 959e288b-eace-4bc0-b5b0-58b787e4ca93 as the min replicated index is 4. Deletion is not allowed in this container yet.
2019-10-18 13:44:51,265 [EventQueue-ContainerReportForContainerReportHandler] WARN  container.ContainerReportHandler (AbstractContainerReportHandler.java:updateContainerState(145)) - Container #1 is in OPEN state, but the datanode b7ce392e-07e5-43c4-a049-3141454252ec{ip: 192.168.69.85, host: pr-hdds-2292-qcvbb-3996421426, networkLocation: /default-rack, certSerialId: null} reports an CLOSED replica.
2019-10-18 13:44:51,281 [EventQueue-ContainerReportForContainerReportHandler] WARN  container.ContainerReportHandler (AbstractContainerReportHandler.java:updateContainerState(145)) - Container #1 is in OPEN state, but the datanode 9d0a2f75-ce30-4dbd-af96-5adca13389b4{ip: 192.168.69.85, host: pr-hdds-2292-qcvbb-3996421426, networkLocation: /default-rack, certSerialId: null} reports an CLOSED replica.
2019-10-18 13:44:51,565 [EventQueue-ContainerReportForContainerReportHandler] WARN  container.ContainerReportHandler (AbstractContainerReportHandler.java:updateContainerState(145)) - Container #1 is in OPEN state, but the datanode b7ce392e-07e5-43c4-a049-3141454252ec{ip: 192.168.69.85, host: pr-hdds-2292-qcvbb-3996421426, networkLocation: /default-rack, certSerialId: null} reports an CLOSED replica.
2019-10-18 13:44:51,581 [EventQueue-ContainerReportForContainerReportHandler] WARN  container.ContainerReportHandler (AbstractContainerReportHandler.java:updateContainerState(145)) - Container #1 is in OPEN state, but the datanode 9d0a2f75-ce30-4dbd-af96-5adca13389b4{ip: 192.168.69.85, host: pr-hdds-2292-qcvbb-3996421426, networkLocation: /default-rack, certSerialId: null} reports an CLOSED replica.
2019-10-18 13:44:51,882 [EventQueue-ContainerReportForContainerReportHandler] WARN  container.ContainerReportHandler (AbstractContainerReportHandler.java:updateContainerState(145)) - Container #1 is in OPEN state, but the datanode 9d0a2f75-ce30-4dbd-af96-5adca13389b4{ip: 192.168.69.85, host: pr-hdds-2292-qcvbb-3996421426, networkLocation: /default-rack, certSerialId: null} reports an CLOSED replica.
2019-10-18 13:44:51,965 [EventQueue-ContainerReportForContainerReportHandler] WARN  container.ContainerReportHandler (AbstractContainerReportHandler.java:updateContainerState(145)) - Container #1 is in OPEN state, but the datanode b7ce392e-07e5-43c4-a049-3141454252ec{ip: 192.168.69.85, host: pr-hdds-2292-qcvbb-3996421426, networkLocation: /default-rack, certSerialId: null} reports an CLOSED replica.
2019-10-18 13:44:52,128 [BlockDeletingService#2] WARN  background.BlockDeletingService (BlockDeletingService.java:isDeletionAllowed(187)) - Close Container log Index 6 is not replicated across allthe servers in the pipeline 959e288b-eace-4bc0-b5b0-58b787e4ca93 as the min replicated index is 4. Deletion is not allowed in this container yet.
2019-10-18 13:44:52,128 [BlockDeletingService#2] WARN  background.BlockDeletingService (BlockDeletingService.java:isDeletionAllowed(187)) - Close Container log Index 6 is not replicated across allthe servers in the pipeline 959e288b-eace-4bc0-b5b0-58b787e4ca93 as the min replicated index is 4. Deletion is not allowed in this container yet.
2019-10-18 13:44:52,267 [EventQueue-ContainerReportForContainerReportHandler] WARN  container.ContainerReportHandler (AbstractContainerReportHandler.java:updateContainerState(145)) - Container #1 is in OPEN state, but the datanode b7ce392e-07e5-43c4-a049-3141454252ec{ip: 192.168.69.85, host: pr-hdds-2292-qcvbb-3996421426, networkLocation: /default-rack, certSerialId: null} reports an CLOSED replica.
2019-10-18 13:44:52,282 [EventQueue-ContainerReportForContainerReportHandler] WARN  container.ContainerReportHandler (AbstractContainerReportHandler.java:updateContainerState(145)) - Container #1 is in OPEN state, but the datanode 9d0a2f75-ce30-4dbd-af96-5adca13389b4{ip: 192.168.69.85, host: pr-hdds-2292-qcvbb-3996421426, networkLocation: /default-rack, certSerialId: null} reports an CLOSED replica.
2019-10-18 13:44:52,584 [EventQueue-ContainerReportForContainerReportHandler] WARN  container.ContainerReportHandler (AbstractContainerReportHandler.java:updateContainerState(145)) - Container #1 is in OPEN state, but the datanode 9d0a2f75-ce30-4dbd-af96-5adca13389b4{ip: 192.168.69.85, host: pr-hdds-2292-qcvbb-3996421426, networkLocation: /default-rack, certSerialId: null} reports an CLOSED replica.
2019-10-18 13:44:52,666 [EventQueue-ContainerReportForContainerReportHandler] WARN  container.ContainerReportHandler (AbstractContainerReportHandler.java:updateContainerState(145)) - Container #1 is in OPEN state, but the datanode b7ce392e-07e5-43c4-a049-3141454252ec{ip: 192.168.69.85, host: pr-hdds-2292-qcvbb-3996421426, networkLocation: /default-rack, certSerialId: null} reports an CLOSED replica.
2019-10-18 13:44:52,718 [java.util.concurrent.ThreadPoolExecutor$Worker@5eab71ed[State = -1, empty queue]] WARN  server.GrpcLogAppender (GrpcLogAppender.java:timeoutAppendRequest(209)) - b7ce392e-07e5-43c4-a049-3141454252ec@group-58B787E4CA93->25bdb850-9456-40e4-9e32-2249eb72d793-GrpcLogAppender: appendEntries Timeout, request=b7ce392e-07e5-43c4-a049-3141454252ec->25bdb850-9456-40e4-9e32-2249eb72d793#29-t3, previous=(t:3, i:10), leaderCommit=10, initializing? false, entries: <empty>
2019-10-18 13:44:52,885 [EventQueue-ContainerReportForContainerReportHandler] WARN  container.ContainerReportHandler (AbstractContainerReportHandler.java:updateContainerState(145)) - Container #1 is in OPEN state, but the datanode 9d0a2f75-ce30-4dbd-af96-5adca13389b4{ip: 192.168.69.85, host: pr-hdds-2292-qcvbb-3996421426, networkLocation: /default-rack, certSerialId: null} reports an CLOSED replica.
2019-10-18 13:44:53,067 [EventQueue-ContainerReportForContainerReportHandler] WARN  container.ContainerReportHandler (AbstractContainerReportHandler.java:updateContainerState(145)) - Container #1 is in OPEN state, but the datanode b7ce392e-07e5-43c4-a049-3141454252ec{ip: 192.168.69.85, host: pr-hdds-2292-qcvbb-3996421426, networkLocation: /default-rack, certSerialId: null} reports an CLOSED replica.
2019-10-18 13:44:53,085 [EventQueue-ContainerReportForContainerReportHandler] WARN  container.ContainerReportHandler (AbstractContainerReportHandler.java:updateContainerState(145)) - Container #1 is in OPEN state, but the datanode 9d0a2f75-ce30-4dbd-af96-5adca13389b4{ip: 192.168.69.85, host: pr-hdds-2292-qcvbb-3996421426, networkLocation: /default-rack, certSerialId: null} reports an CLOSED replica.
2019-10-18 13:44:53,130 [BlockDeletingService#2] WARN  background.BlockDeletingService (BlockDeletingService.java:isDeletionAllowed(187)) - Close Container log Index 6 is not replicated across allthe servers in the pipeline 959e288b-eace-4bc0-b5b0-58b787e4ca93 as the min replicated index is 4. Deletion is not allowed in this container yet.
2019-10-18 13:44:53,130 [BlockDeletingService#2] WARN  background.BlockDeletingService (BlockDeletingService.java:isDeletionAllowed(187)) - Close Container log Index 6 is not replicated across allthe servers in the pipeline 959e288b-eace-4bc0-b5b0-58b787e4ca93 as the min replicated index is 4. Deletion is not allowed in this container yet.
2019-10-18 13:44:53,367 [EventQueue-ContainerReportForContainerReportHandler] WARN  container.ContainerReportHandler (AbstractContainerReportHandler.java:updateContainerState(145)) - Container #1 is in OPEN state, but the datanode b7ce392e-07e5-43c4-a049-3141454252ec{ip: 192.168.69.85, host: pr-hdds-2292-qcvbb-3996421426, networkLocation: /default-rack, certSerialId: null} reports an CLOSED replica.
2019-10-18 13:44:53,485 [EventQueue-ContainerReportForContainerReportHandler] WARN  container.ContainerReportHandler (AbstractContainerReportHandler.java:updateContainerState(145)) - Container #1 is in OPEN state, but the datanode 9d0a2f75-ce30-4dbd-af96-5adca13389b4{ip: 192.168.69.85, host: pr-hdds-2292-qcvbb-3996421426, networkLocation: /default-rack, certSerialId: null} reports an CLOSED replica.
2019-10-18 13:44:53,685 [EventQueue-ContainerReportForContainerReportHandler] WARN  container.ContainerReportHandler (AbstractContainerReportHandler.java:updateContainerState(145)) - Container #1 is in OPEN state, but the datanode 9d0a2f75-ce30-4dbd-af96-5adca13389b4{ip: 192.168.69.85, host: pr-hdds-2292-qcvbb-3996421426, networkLocation: /default-rack, certSerialId: null} reports an CLOSED replica.
2019-10-18 13:44:53,768 [EventQueue-ContainerReportForContainerReportHandler] WARN  container.ContainerReportHandler (AbstractContainerReportHandler.java:updateContainerState(145)) - Container #1 is in OPEN state, but the datanode b7ce392e-07e5-43c4-a049-3141454252ec{ip: 192.168.69.85, host: pr-hdds-2292-qcvbb-3996421426, networkLocation: /default-rack, certSerialId: null} reports an CLOSED replica.
2019-10-18 13:44:53,968 [EventQueue-ContainerReportForContainerReportHandler] WARN  container.ContainerReportHandler (AbstractContainerReportHandler.java:updateContainerState(145)) - Container #1 is in OPEN state, but the datanode b7ce392e-07e5-43c4-a049-3141454252ec{ip: 192.168.69.85, host: pr-hdds-2292-qcvbb-3996421426, networkLocation: /default-rack, certSerialId: null} reports an CLOSED replica.
2019-10-18 13:44:53,985 [EventQueue-ContainerReportForContainerReportHandler] WARN  container.ContainerReportHandler (AbstractContainerReportHandler.java:updateContainerState(145)) - Container #1 is in OPEN state, but the datanode 9d0a2f75-ce30-4dbd-af96-5adca13389b4{ip: 192.168.69.85, host: pr-hdds-2292-qcvbb-3996421426, networkLocation: /default-rack, certSerialId: null} reports an CLOSED replica.
2019-10-18 13:44:54,132 [BlockDeletingService#2] WARN  background.BlockDeletingService (BlockDeletingService.java:isDeletionAllowed(187)) - Close Container log Index 6 is not replicated across allthe servers in the pipeline 959e288b-eace-4bc0-b5b0-58b787e4ca93 as the min replicated index is 4. Deletion is not allowed in this container yet.
2019-10-18 13:44:54,132 [BlockDeletingService#2] WARN  background.BlockDeletingService (BlockDeletingService.java:isDeletionAllowed(187)) - Close Container log Index 6 is not replicated across allthe servers in the pipeline 959e288b-eace-4bc0-b5b0-58b787e4ca93 as the min replicated index is 4. Deletion is not allowed in this container yet.
2019-10-18 13:44:54,185 [EventQueue-ContainerReportForContainerReportHandler] WARN  container.ContainerReportHandler (AbstractContainerReportHandler.java:updateContainerState(145)) - Container #1 is in OPEN state, but the datanode 9d0a2f75-ce30-4dbd-af96-5adca13389b4{ip: 192.168.69.85, host: pr-hdds-2292-qcvbb-3996421426, networkLocation: /default-rack, certSerialId: null} reports an CLOSED replica.
2019-10-18 13:44:54,268 [EventQueue-ContainerReportForContainerReportHandler] WARN  container.ContainerReportHandler (AbstractContainerReportHandler.java:updateContainerState(145)) - Container #1 is in OPEN state, but the datanode b7ce392e-07e5-43c4-a049-3141454252ec{ip: 192.168.69.85, host: pr-hdds-2292-qcvbb-3996421426, networkLocation: /default-rack, certSerialId: null} reports an CLOSED replica.
2019-10-18 13:44:54,385 [EventQueue-ContainerReportForContainerReportHandler] WARN  container.ContainerReportHandler (AbstractContainerReportHandler.java:updateContainerState(145)) - Container #1 is in OPEN state, but the datanode 9d0a2f75-ce30-4dbd-af96-5adca13389b4{ip: 192.168.69.85, host: pr-hdds-2292-qcvbb-3996421426, networkLocation: /default-rack, certSerialId: null} reports an CLOSED replica.
2019-10-18 13:44:54,568 [EventQueue-ContainerReportForContainerReportHandler] WARN  container.ContainerReportHandler (AbstractContainerReportHandler.java:updateContainerState(145)) - Container #1 is in OPEN state, but the datanode b7ce392e-07e5-43c4-a049-3141454252ec{ip: 192.168.69.85, host: pr-hdds-2292-qcvbb-3996421426, networkLocation: /default-rack, certSerialId: null} reports an CLOSED replica.
2019-10-18 13:44:54,585 [EventQueue-ContainerReportForContainerReportHandler] WARN  container.ContainerReportHandler (AbstractContainerReportHandler.java:updateContainerState(145)) - Container #1 is in OPEN state, but the datanode 9d0a2f75-ce30-4dbd-af96-5adca13389b4{ip: 192.168.69.85, host: pr-hdds-2292-qcvbb-3996421426, networkLocation: /default-rack, certSerialId: null} reports an CLOSED replica.
2019-10-18 13:44:54,771 [Thread-383] INFO  client.GrpcClientProtocolService (GrpcClientProtocolService.java:lambda$processClientRequest$0(278)) - Failed RaftClientRequest:client-B7AACEF92521->9d0a2f75-ce30-4dbd-af96-5adca13389b4@group-58B787E4CA93, cid=10, seq=0, Watch-ALL_COMMITTED(6), Message:<EMPTY>, reply=RaftClientReply:client-B7AACEF92521->9d0a2f75-ce30-4dbd-af96-5adca13389b4@group-58B787E4CA93, cid=10, FAILED org.apache.ratis.protocol.NotLeaderException: Server 9d0a2f75-ce30-4dbd-af96-5adca13389b4@group-58B787E4CA93 is not the leader b7ce392e-07e5-43c4-a049-3141454252ec:192.168.69.85:43203, logIndex=0, commits[9d0a2f75-ce30-4dbd-af96-5adca13389b4:c10, b7ce392e-07e5-43c4-a049-3141454252ec:c10, 25bdb850-9456-40e4-9e32-2249eb72d793:c4]
2019-10-18 13:44:54,869 [EventQueue-ContainerReportForContainerReportHandler] WARN  container.ContainerReportHandler (AbstractContainerReportHandler.java:updateContainerState(145)) - Container #1 is in OPEN state, but the datanode b7ce392e-07e5-43c4-a049-3141454252ec{ip: 192.168.69.85, host: pr-hdds-2292-qcvbb-3996421426, networkLocation: /default-rack, certSerialId: null} reports an CLOSED replica.
2019-10-18 13:44:54,885 [EventQueue-ContainerReportForContainerReportHandler] WARN  container.ContainerReportHandler (AbstractContainerReportHandler.java:updateContainerState(145)) - Container #1 is in OPEN state, but the datanode 9d0a2f75-ce30-4dbd-af96-5adca13389b4{ip: 192.168.69.85, host: pr-hdds-2292-qcvbb-3996421426, networkLocation: /default-rack, certSerialId: null} reports an CLOSED replica.
2019-10-18 13:44:55,133 [BlockDeletingService#2] WARN  background.BlockDeletingService (BlockDeletingService.java:isDeletionAllowed(187)) - Close Container log Index 6 is not replicated across allthe servers in the pipeline 959e288b-eace-4bc0-b5b0-58b787e4ca93 as the min replicated index is 4. Deletion is not allowed in this container yet.
2019-10-18 13:44:55,134 [BlockDeletingService#2] WARN  background.BlockDeletingService (BlockDeletingService.java:isDeletionAllowed(187)) - Close Container log Index 6 is not replicated across allthe servers in the pipeline 959e288b-eace-4bc0-b5b0-58b787e4ca93 as the min replicated index is 4. Deletion is not allowed in this container yet.
2019-10-18 13:44:55,223 [java.util.concurrent.ThreadPoolExecutor$Worker@5eab71ed[State = -1, empty queue]] WARN  server.GrpcLogAppender (GrpcLogAppender.java:timeoutAppendRequest(209)) - b7ce392e-07e5-43c4-a049-3141454252ec@group-58B787E4CA93->25bdb850-9456-40e4-9e32-2249eb72d793-GrpcLogAppender: appendEntries Timeout, request=b7ce392e-07e5-43c4-a049-3141454252ec->25bdb850-9456-40e4-9e32-2249eb72d793#30-t3, previous=(t:3, i:10), leaderCommit=10, initializing? false, entries: <empty>
2019-10-18 13:44:55,269 [EventQueue-ContainerReportForContainerReportHandler] WARN  container.ContainerReportHandler (AbstractContainerReportHandler.java:updateContainerState(145)) - Container #1 is in OPEN state, but the datanode b7ce392e-07e5-43c4-a049-3141454252ec{ip: 192.168.69.85, host: pr-hdds-2292-qcvbb-3996421426, networkLocation: /default-rack, certSerialId: null} reports an CLOSED replica.
2019-10-18 13:44:55,285 [EventQueue-ContainerReportForContainerReportHandler] WARN  container.ContainerReportHandler (AbstractContainerReportHandler.java:updateContainerState(145)) - Container #1 is in OPEN state, but the datanode 9d0a2f75-ce30-4dbd-af96-5adca13389b4{ip: 192.168.69.85, host: pr-hdds-2292-qcvbb-3996421426, networkLocation: /default-rack, certSerialId: null} reports an CLOSED replica.
2019-10-18 13:44:55,569 [EventQueue-ContainerReportForContainerReportHandler] WARN  container.ContainerReportHandler (AbstractContainerReportHandler.java:updateContainerState(145)) - Container #1 is in OPEN state, but the datanode b7ce392e-07e5-43c4-a049-3141454252ec{ip: 192.168.69.85, host: pr-hdds-2292-qcvbb-3996421426, networkLocation: /default-rack, certSerialId: null} reports an CLOSED replica.
2019-10-18 13:44:55,585 [EventQueue-ContainerReportForContainerReportHandler] WARN  container.ContainerReportHandler (AbstractContainerReportHandler.java:updateContainerState(145)) - Container #1 is in OPEN state, but the datanode 9d0a2f75-ce30-4dbd-af96-5adca13389b4{ip: 192.168.69.85, host: pr-hdds-2292-qcvbb-3996421426, networkLocation: /default-rack, certSerialId: null} reports an CLOSED replica.
2019-10-18 13:44:55,884 [Thread-388] INFO  client.GrpcClientProtocolService (GrpcClientProtocolService.java:lambda$processClientRequest$0(278)) - Failed RaftClientRequest:client-B7AACEF92521->b7ce392e-07e5-43c4-a049-3141454252ec@group-58B787E4CA93, cid=10, seq=0, Watch-ALL_COMMITTED(6), Message:<EMPTY>, reply=RaftClientReply:client-B7AACEF92521->b7ce392e-07e5-43c4-a049-3141454252ec@group-58B787E4CA93, cid=10, FAILED org.apache.ratis.protocol.NotReplicatedException: Request with call Id 10 and log index 6 is not yet replicated to ALL_COMMITTED, logIndex=6, commits[b7ce392e-07e5-43c4-a049-3141454252ec:c10, 9d0a2f75-ce30-4dbd-af96-5adca13389b4:c10, 25bdb850-9456-40e4-9e32-2249eb72d793:c4]
2019-10-18 13:44:55,969 [EventQueue-ContainerReportForContainerReportHandler] WARN  container.ContainerReportHandler (AbstractContainerReportHandler.java:updateContainerState(145)) - Container #1 is in OPEN state, but the datanode b7ce392e-07e5-43c4-a049-3141454252ec{ip: 192.168.69.85, host: pr-hdds-2292-qcvbb-3996421426, networkLocation: /default-rack, certSerialId: null} reports an CLOSED replica.
2019-10-18 13:44:55,986 [EventQueue-ContainerReportForContainerReportHandler] WARN  container.ContainerReportHandler (AbstractContainerReportHandler.java:updateContainerState(145)) - Container #1 is in OPEN state, but the datanode 9d0a2f75-ce30-4dbd-af96-5adca13389b4{ip: 192.168.69.85, host: pr-hdds-2292-qcvbb-3996421426, networkLocation: /default-rack, certSerialId: null} reports an CLOSED replica.
2019-10-18 13:44:56,135 [BlockDeletingService#2] WARN  background.BlockDeletingService (BlockDeletingService.java:isDeletionAllowed(187)) - Close Container log Index 6 is not replicated across allthe servers in the pipeline 959e288b-eace-4bc0-b5b0-58b787e4ca93 as the min replicated index is 4. Deletion is not allowed in this container yet.
2019-10-18 13:44:56,139 [BlockDeletingService#2] WARN  background.BlockDeletingService (BlockDeletingService.java:isDeletionAllowed(187)) - Close Container log Index 6 is not replicated across allthe servers in the pipeline 959e288b-eace-4bc0-b5b0-58b787e4ca93 as the min replicated index is 4. Deletion is not allowed in this container yet.
2019-10-18 13:44:56,169 [EventQueue-ContainerReportForContainerReportHandler] WARN  container.ContainerReportHandler (AbstractContainerReportHandler.java:updateContainerState(145)) - Container #1 is in OPEN state, but the datanode b7ce392e-07e5-43c4-a049-3141454252ec{ip: 192.168.69.85, host: pr-hdds-2292-qcvbb-3996421426, networkLocation: /default-rack, certSerialId: null} reports an CLOSED replica.
2019-10-18 13:44:56,186 [EventQueue-ContainerReportForContainerReportHandler] WARN  container.ContainerReportHandler (AbstractContainerReportHandler.java:updateContainerState(145)) - Container #1 is in OPEN state, but the datanode 9d0a2f75-ce30-4dbd-af96-5adca13389b4{ip: 192.168.69.85, host: pr-hdds-2292-qcvbb-3996421426, networkLocation: /default-rack, certSerialId: null} reports an CLOSED replica.
2019-10-18 13:44:56,486 [EventQueue-ContainerReportForContainerReportHandler] WARN  container.ContainerReportHandler (AbstractContainerReportHandler.java:updateContainerState(145)) - Container #1 is in OPEN state, but the datanode 9d0a2f75-ce30-4dbd-af96-5adca13389b4{ip: 192.168.69.85, host: pr-hdds-2292-qcvbb-3996421426, networkLocation: /default-rack, certSerialId: null} reports an CLOSED replica.
2019-10-18 13:44:56,569 [EventQueue-ContainerReportForContainerReportHandler] WARN  container.ContainerReportHandler (AbstractContainerReportHandler.java:updateContainerState(145)) - Container #1 is in OPEN state, but the datanode b7ce392e-07e5-43c4-a049-3141454252ec{ip: 192.168.69.85, host: pr-hdds-2292-qcvbb-3996421426, networkLocation: /default-rack, certSerialId: null} reports an CLOSED replica.
2019-10-18 13:44:56,870 [EventQueue-ContainerReportForContainerReportHandler] WARN  container.ContainerReportHandler (AbstractContainerReportHandler.java:updateContainerState(145)) - Container #1 is in OPEN state, but the datanode b7ce392e-07e5-43c4-a049-3141454252ec{ip: 192.168.69.85, host: pr-hdds-2292-qcvbb-3996421426, networkLocation: /default-rack, certSerialId: null} reports an CLOSED replica.
2019-10-18 13:44:56,888 [EventQueue-ContainerReportForContainerReportHandler] WARN  container.ContainerReportHandler (AbstractContainerReportHandler.java:updateContainerState(145)) - Container #1 is in OPEN state, but the datanode 9d0a2f75-ce30-4dbd-af96-5adca13389b4{ip: 192.168.69.85, host: pr-hdds-2292-qcvbb-3996421426, networkLocation: /default-rack, certSerialId: null} reports an CLOSED replica.
2019-10-18 13:44:57,141 [BlockDeletingService#2] WARN  background.BlockDeletingService (BlockDeletingService.java:isDeletionAllowed(187)) - Close Container log Index 6 is not replicated across allthe servers in the pipeline 959e288b-eace-4bc0-b5b0-58b787e4ca93 as the min replicated index is 4. Deletion is not allowed in this container yet.
2019-10-18 13:44:57,141 [BlockDeletingService#2] WARN  background.BlockDeletingService (BlockDeletingService.java:isDeletionAllowed(187)) - Close Container log Index 6 is not replicated across allthe servers in the pipeline 959e288b-eace-4bc0-b5b0-58b787e4ca93 as the min replicated index is 4. Deletion is not allowed in this container yet.
2019-10-18 13:44:57,170 [EventQueue-ContainerReportForContainerReportHandler] WARN  container.ContainerReportHandler (AbstractContainerReportHandler.java:updateContainerState(145)) - Container #1 is in OPEN state, but the datanode b7ce392e-07e5-43c4-a049-3141454252ec{ip: 192.168.69.85, host: pr-hdds-2292-qcvbb-3996421426, networkLocation: /default-rack, certSerialId: null} reports an CLOSED replica.
2019-10-18 13:44:57,287 [EventQueue-ContainerReportForContainerReportHandler] WARN  container.ContainerReportHandler (AbstractContainerReportHandler.java:updateContainerState(145)) - Container #1 is in OPEN state, but the datanode 9d0a2f75-ce30-4dbd-af96-5adca13389b4{ip: 192.168.69.85, host: pr-hdds-2292-qcvbb-3996421426, networkLocation: /default-rack, certSerialId: null} reports an CLOSED replica.
2019-10-18 13:44:57,570 [EventQueue-ContainerReportForContainerReportHandler] WARN  container.ContainerReportHandler (AbstractContainerReportHandler.java:updateContainerState(145)) - Container #1 is in OPEN state, but the datanode b7ce392e-07e5-43c4-a049-3141454252ec{ip: 192.168.69.85, host: pr-hdds-2292-qcvbb-3996421426, networkLocation: /default-rack, certSerialId: null} reports an CLOSED replica.
2019-10-18 13:44:57,587 [EventQueue-ContainerReportForContainerReportHandler] WARN  container.ContainerReportHandler (AbstractContainerReportHandler.java:updateContainerState(145)) - Container #1 is in OPEN state, but the datanode 9d0a2f75-ce30-4dbd-af96-5adca13389b4{ip: 192.168.69.85, host: pr-hdds-2292-qcvbb-3996421426, networkLocation: /default-rack, certSerialId: null} reports an CLOSED replica.
2019-10-18 13:44:57,724 [java.util.concurrent.ThreadPoolExecutor$Worker@5eab71ed[State = -1, empty queue]] WARN  server.GrpcLogAppender (GrpcLogAppender.java:timeoutAppendRequest(209)) - b7ce392e-07e5-43c4-a049-3141454252ec@group-58B787E4CA93->25bdb850-9456-40e4-9e32-2249eb72d793-GrpcLogAppender: appendEntries Timeout, request=b7ce392e-07e5-43c4-a049-3141454252ec->25bdb850-9456-40e4-9e32-2249eb72d793#31-t3, previous=(t:3, i:10), leaderCommit=10, initializing? false, entries: <empty>
2019-10-18 13:44:57,870 [EventQueue-ContainerReportForContainerReportHandler] WARN  container.ContainerReportHandler (AbstractContainerReportHandler.java:updateContainerState(145)) - Container #1 is in OPEN state, but the datanode b7ce392e-07e5-43c4-a049-3141454252ec{ip: 192.168.69.85, host: pr-hdds-2292-qcvbb-3996421426, networkLocation: /default-rack, certSerialId: null} reports an CLOSED replica.
2019-10-18 13:44:57,888 [EventQueue-ContainerReportForContainerReportHandler] WARN  container.ContainerReportHandler (AbstractContainerReportHandler.java:updateContainerState(145)) - Container #1 is in OPEN state, but the datanode 9d0a2f75-ce30-4dbd-af96-5adca13389b4{ip: 192.168.69.85, host: pr-hdds-2292-qcvbb-3996421426, networkLocation: /default-rack, certSerialId: null} reports an CLOSED replica.
2019-10-18 13:44:58,070 [EventQueue-ContainerReportForContainerReportHandler] WARN  container.ContainerReportHandler (AbstractContainerReportHandler.java:updateContainerState(145)) - Container #1 is in OPEN state, but the datanode b7ce392e-07e5-43c4-a049-3141454252ec{ip: 192.168.69.85, host: pr-hdds-2292-qcvbb-3996421426, networkLocation: /default-rack, certSerialId: null} reports an CLOSED replica.
2019-10-18 13:44:58,142 [BlockDeletingService#2] WARN  background.BlockDeletingService (BlockDeletingService.java:isDeletionAllowed(187)) - Close Container log Index 6 is not replicated across allthe servers in the pipeline 959e288b-eace-4bc0-b5b0-58b787e4ca93 as the min replicated index is 4. Deletion is not allowed in this container yet.
2019-10-18 13:44:58,142 [BlockDeletingService#2] WARN  background.BlockDeletingService (BlockDeletingService.java:isDeletionAllowed(187)) - Close Container log Index 6 is not replicated across allthe servers in the pipeline 959e288b-eace-4bc0-b5b0-58b787e4ca93 as the min replicated index is 4. Deletion is not allowed in this container yet.
2019-10-18 13:44:58,188 [EventQueue-ContainerReportForContainerReportHandler] WARN  container.ContainerReportHandler (AbstractContainerReportHandler.java:updateContainerState(145)) - Container #1 is in OPEN state, but the datanode 9d0a2f75-ce30-4dbd-af96-5adca13389b4{ip: 192.168.69.85, host: pr-hdds-2292-qcvbb-3996421426, networkLocation: /default-rack, certSerialId: null} reports an CLOSED replica.
2019-10-18 13:44:58,371 [EventQueue-ContainerReportForContainerReportHandler] WARN  container.ContainerReportHandler (AbstractContainerReportHandler.java:updateContainerState(145)) - Container #1 is in OPEN state, but the datanode b7ce392e-07e5-43c4-a049-3141454252ec{ip: 192.168.69.85, host: pr-hdds-2292-qcvbb-3996421426, networkLocation: /default-rack, certSerialId: null} reports an CLOSED replica.
2019-10-18 13:44:58,488 [EventQueue-ContainerReportForContainerReportHandler] WARN  container.ContainerReportHandler (AbstractContainerReportHandler.java:updateContainerState(145)) - Container #1 is in OPEN state, but the datanode 9d0a2f75-ce30-4dbd-af96-5adca13389b4{ip: 192.168.69.85, host: pr-hdds-2292-qcvbb-3996421426, networkLocation: /default-rack, certSerialId: null} reports an CLOSED replica.
2019-10-18 13:44:58,571 [EventQueue-ContainerReportForContainerReportHandler] WARN  container.ContainerReportHandler (AbstractContainerReportHandler.java:updateContainerState(145)) - Container #1 is in OPEN state, but the datanode b7ce392e-07e5-43c4-a049-3141454252ec{ip: 192.168.69.85, host: pr-hdds-2292-qcvbb-3996421426, networkLocation: /default-rack, certSerialId: null} reports an CLOSED replica.
2019-10-18 13:44:58,788 [EventQueue-ContainerReportForContainerReportHandler] WARN  container.ContainerReportHandler (AbstractContainerReportHandler.java:updateContainerState(145)) - Container #1 is in OPEN state, but the datanode 9d0a2f75-ce30-4dbd-af96-5adca13389b4{ip: 192.168.69.85, host: pr-hdds-2292-qcvbb-3996421426, networkLocation: /default-rack, certSerialId: null} reports an CLOSED replica.
2019-10-18 13:44:58,871 [EventQueue-ContainerReportForContainerReportHandler] WARN  container.ContainerReportHandler (AbstractContainerReportHandler.java:updateContainerState(145)) - Container #1 is in OPEN state, but the datanode b7ce392e-07e5-43c4-a049-3141454252ec{ip: 192.168.69.85, host: pr-hdds-2292-qcvbb-3996421426, networkLocation: /default-rack, certSerialId: null} reports an CLOSED replica.
2019-10-18 13:44:59,088 [EventQueue-ContainerReportForContainerReportHandler] WARN  container.ContainerReportHandler (AbstractContainerReportHandler.java:updateContainerState(145)) - Container #1 is in OPEN state, but the datanode 9d0a2f75-ce30-4dbd-af96-5adca13389b4{ip: 192.168.69.85, host: pr-hdds-2292-qcvbb-3996421426, networkLocation: /default-rack, certSerialId: null} reports an CLOSED replica.
2019-10-18 13:44:59,144 [BlockDeletingService#2] WARN  background.BlockDeletingService (BlockDeletingService.java:isDeletionAllowed(187)) - Close Container log Index 6 is not replicated across allthe servers in the pipeline 959e288b-eace-4bc0-b5b0-58b787e4ca93 as the min replicated index is 4. Deletion is not allowed in this container yet.
2019-10-18 13:44:59,144 [BlockDeletingService#2] WARN  background.BlockDeletingService (BlockDeletingService.java:isDeletionAllowed(187)) - Close Container log Index 6 is not replicated across allthe servers in the pipeline 959e288b-eace-4bc0-b5b0-58b787e4ca93 as the min replicated index is 4. Deletion is not allowed in this container yet.
2019-10-18 13:44:59,271 [EventQueue-ContainerReportForContainerReportHandler] WARN  container.ContainerReportHandler (AbstractContainerReportHandler.java:updateContainerState(145)) - Container #1 is in OPEN state, but the datanode b7ce392e-07e5-43c4-a049-3141454252ec{ip: 192.168.69.85, host: pr-hdds-2292-qcvbb-3996421426, networkLocation: /default-rack, certSerialId: null} reports an CLOSED replica.
2019-10-18 13:44:59,471 [EventQueue-ContainerReportForContainerReportHandler] WARN  container.ContainerReportHandler (AbstractContainerReportHandler.java:updateContainerState(145)) - Container #1 is in OPEN state, but the datanode b7ce392e-07e5-43c4-a049-3141454252ec{ip: 192.168.69.85, host: pr-hdds-2292-qcvbb-3996421426, networkLocation: /default-rack, certSerialId: null} reports an CLOSED replica.
2019-10-18 13:44:59,488 [EventQueue-ContainerReportForContainerReportHandler] WARN  container.ContainerReportHandler (AbstractContainerReportHandler.java:updateContainerState(145)) - Container #1 is in OPEN state, but the datanode 9d0a2f75-ce30-4dbd-af96-5adca13389b4{ip: 192.168.69.85, host: pr-hdds-2292-qcvbb-3996421426, networkLocation: /default-rack, certSerialId: null} reports an CLOSED replica.
2019-10-18 13:44:59,671 [EventQueue-ContainerReportForContainerReportHandler] WARN  container.ContainerReportHandler (AbstractContainerReportHandler.java:updateContainerState(145)) - Container #1 is in OPEN state, but the datanode b7ce392e-07e5-43c4-a049-3141454252ec{ip: 192.168.69.85, host: pr-hdds-2292-qcvbb-3996421426, networkLocation: /default-rack, certSerialId: null} reports an CLOSED replica.
2019-10-18 13:44:59,688 [EventQueue-ContainerReportForContainerReportHandler] WARN  container.ContainerReportHandler (AbstractContainerReportHandler.java:updateContainerState(145)) - Container #1 is in OPEN state, but the datanode 9d0a2f75-ce30-4dbd-af96-5adca13389b4{ip: 192.168.69.85, host: pr-hdds-2292-qcvbb-3996421426, networkLocation: /default-rack, certSerialId: null} reports an CLOSED replica.
2019-10-18 13:44:59,974 [EventQueue-ContainerReportForContainerReportHandler] WARN  container.ContainerReportHandler (AbstractContainerReportHandler.java:updateContainerState(145)) - Container #1 is in OPEN state, but the datanode b7ce392e-07e5-43c4-a049-3141454252ec{ip: 192.168.69.85, host: pr-hdds-2292-qcvbb-3996421426, networkLocation: /default-rack, certSerialId: null} reports an CLOSED replica.
2019-10-18 13:45:00,089 [EventQueue-ContainerReportForContainerReportHandler] WARN  container.ContainerReportHandler (AbstractContainerReportHandler.java:updateContainerState(145)) - Container #1 is in OPEN state, but the datanode 9d0a2f75-ce30-4dbd-af96-5adca13389b4{ip: 192.168.69.85, host: pr-hdds-2292-qcvbb-3996421426, networkLocation: /default-rack, certSerialId: null} reports an CLOSED replica.
2019-10-18 13:45:00,146 [BlockDeletingService#2] WARN  background.BlockDeletingService (BlockDeletingService.java:isDeletionAllowed(187)) - Close Container log Index 6 is not replicated across allthe servers in the pipeline 959e288b-eace-4bc0-b5b0-58b787e4ca93 as the min replicated index is 4. Deletion is not allowed in this container yet.
2019-10-18 13:45:00,146 [BlockDeletingService#2] WARN  background.BlockDeletingService (BlockDeletingService.java:isDeletionAllowed(187)) - Close Container log Index 6 is not replicated across allthe servers in the pipeline 959e288b-eace-4bc0-b5b0-58b787e4ca93 as the min replicated index is 4. Deletion is not allowed in this container yet.
2019-10-18 13:45:00,225 [java.util.concurrent.ThreadPoolExecutor$Worker@5eab71ed[State = -1, empty queue]] WARN  server.GrpcLogAppender (GrpcLogAppender.java:timeoutAppendRequest(209)) - b7ce392e-07e5-43c4-a049-3141454252ec@group-58B787E4CA93->25bdb850-9456-40e4-9e32-2249eb72d793-GrpcLogAppender: appendEntries Timeout, request=b7ce392e-07e5-43c4-a049-3141454252ec->25bdb850-9456-40e4-9e32-2249eb72d793#32-t3, previous=(t:3, i:10), leaderCommit=10, initializing? false, entries: <empty>
2019-10-18 13:45:00,372 [EventQueue-ContainerReportForContainerReportHandler] WARN  container.ContainerReportHandler (AbstractContainerReportHandler.java:updateContainerState(145)) - Container #1 is in OPEN state, but the datanode b7ce392e-07e5-43c4-a049-3141454252ec{ip: 192.168.69.85, host: pr-hdds-2292-qcvbb-3996421426, networkLocation: /default-rack, certSerialId: null} reports an CLOSED replica.
2019-10-18 13:45:00,389 [EventQueue-ContainerReportForContainerReportHandler] WARN  container.ContainerReportHandler (AbstractContainerReportHandler.java:updateContainerState(145)) - Container #1 is in OPEN state, but the datanode 9d0a2f75-ce30-4dbd-af96-5adca13389b4{ip: 192.168.69.85, host: pr-hdds-2292-qcvbb-3996421426, networkLocation: /default-rack, certSerialId: null} reports an CLOSED replica.
2019-10-18 13:45:00,589 [EventQueue-ContainerReportForContainerReportHandler] WARN  container.ContainerReportHandler (AbstractContainerReportHandler.java:updateContainerState(145)) - Container #1 is in OPEN state, but the datanode 9d0a2f75-ce30-4dbd-af96-5adca13389b4{ip: 192.168.69.85, host: pr-hdds-2292-qcvbb-3996421426, networkLocation: /default-rack, certSerialId: null} reports an CLOSED replica.
2019-10-18 13:45:00,672 [EventQueue-ContainerReportForContainerReportHandler] WARN  container.ContainerReportHandler (AbstractContainerReportHandler.java:updateContainerState(145)) - Container #1 is in OPEN state, but the datanode b7ce392e-07e5-43c4-a049-3141454252ec{ip: 192.168.69.85, host: pr-hdds-2292-qcvbb-3996421426, networkLocation: /default-rack, certSerialId: null} reports an CLOSED replica.
2019-10-18 13:45:00,789 [EventQueue-ContainerReportForContainerReportHandler] WARN  container.ContainerReportHandler (AbstractContainerReportHandler.java:updateContainerState(145)) - Container #1 is in OPEN state, but the datanode 9d0a2f75-ce30-4dbd-af96-5adca13389b4{ip: 192.168.69.85, host: pr-hdds-2292-qcvbb-3996421426, networkLocation: /default-rack, certSerialId: null} reports an CLOSED replica.
2019-10-18 13:45:01,072 [EventQueue-ContainerReportForContainerReportHandler] WARN  container.ContainerReportHandler (AbstractContainerReportHandler.java:updateContainerState(145)) - Container #1 is in OPEN state, but the datanode b7ce392e-07e5-43c4-a049-3141454252ec{ip: 192.168.69.85, host: pr-hdds-2292-qcvbb-3996421426, networkLocation: /default-rack, certSerialId: null} reports an CLOSED replica.
2019-10-18 13:45:01,089 [EventQueue-ContainerReportForContainerReportHandler] WARN  container.ContainerReportHandler (AbstractContainerReportHandler.java:updateContainerState(145)) - Container #1 is in OPEN state, but the datanode 9d0a2f75-ce30-4dbd-af96-5adca13389b4{ip: 192.168.69.85, host: pr-hdds-2292-qcvbb-3996421426, networkLocation: /default-rack, certSerialId: null} reports an CLOSED replica.
2019-10-18 13:45:01,147 [BlockDeletingService#2] WARN  background.BlockDeletingService (BlockDeletingService.java:isDeletionAllowed(187)) - Close Container log Index 6 is not replicated across allthe servers in the pipeline 959e288b-eace-4bc0-b5b0-58b787e4ca93 as the min replicated index is 4. Deletion is not allowed in this container yet.
2019-10-18 13:45:01,147 [BlockDeletingService#2] WARN  background.BlockDeletingService (BlockDeletingService.java:isDeletionAllowed(187)) - Close Container log Index 6 is not replicated across allthe servers in the pipeline 959e288b-eace-4bc0-b5b0-58b787e4ca93 as the min replicated index is 4. Deletion is not allowed in this container yet.
2019-10-18 13:45:01,472 [EventQueue-ContainerReportForContainerReportHandler] WARN  container.ContainerReportHandler (AbstractContainerReportHandler.java:updateContainerState(145)) - Container #1 is in OPEN state, but the datanode b7ce392e-07e5-43c4-a049-3141454252ec{ip: 192.168.69.85, host: pr-hdds-2292-qcvbb-3996421426, networkLocation: /default-rack, certSerialId: null} reports an CLOSED replica.
2019-10-18 13:45:01,489 [EventQueue-ContainerReportForContainerReportHandler] WARN  container.ContainerReportHandler (AbstractContainerReportHandler.java:updateContainerState(145)) - Container #1 is in OPEN state, but the datanode 9d0a2f75-ce30-4dbd-af96-5adca13389b4{ip: 192.168.69.85, host: pr-hdds-2292-qcvbb-3996421426, networkLocation: /default-rack, certSerialId: null} reports an CLOSED replica.
2019-10-18 13:45:01,772 [EventQueue-ContainerReportForContainerReportHandler] WARN  container.ContainerReportHandler (AbstractContainerReportHandler.java:updateContainerState(145)) - Container #1 is in OPEN state, but the datanode b7ce392e-07e5-43c4-a049-3141454252ec{ip: 192.168.69.85, host: pr-hdds-2292-qcvbb-3996421426, networkLocation: /default-rack, certSerialId: null} reports an CLOSED replica.
2019-10-18 13:45:01,790 [EventQueue-ContainerReportForContainerReportHandler] WARN  container.ContainerReportHandler (AbstractContainerReportHandler.java:updateContainerState(145)) - Container #1 is in OPEN state, but the datanode 9d0a2f75-ce30-4dbd-af96-5adca13389b4{ip: 192.168.69.85, host: pr-hdds-2292-qcvbb-3996421426, networkLocation: /default-rack, certSerialId: null} reports an CLOSED replica.
2019-10-18 13:45:02,090 [EventQueue-ContainerReportForContainerReportHandler] WARN  container.ContainerReportHandler (AbstractContainerReportHandler.java:updateContainerState(145)) - Container #1 is in OPEN state, but the datanode 9d0a2f75-ce30-4dbd-af96-5adca13389b4{ip: 192.168.69.85, host: pr-hdds-2292-qcvbb-3996421426, networkLocation: /default-rack, certSerialId: null} reports an CLOSED replica.
2019-10-18 13:45:02,149 [BlockDeletingService#2] WARN  background.BlockDeletingService (BlockDeletingService.java:isDeletionAllowed(187)) - Close Container log Index 6 is not replicated across allthe servers in the pipeline 959e288b-eace-4bc0-b5b0-58b787e4ca93 as the min replicated index is 4. Deletion is not allowed in this container yet.
2019-10-18 13:45:02,149 [BlockDeletingService#2] WARN  background.BlockDeletingService (BlockDeletingService.java:isDeletionAllowed(187)) - Close Container log Index 6 is not replicated across allthe servers in the pipeline 959e288b-eace-4bc0-b5b0-58b787e4ca93 as the min replicated index is 4. Deletion is not allowed in this container yet.
2019-10-18 13:45:02,172 [EventQueue-ContainerReportForContainerReportHandler] WARN  container.ContainerReportHandler (AbstractContainerReportHandler.java:updateContainerState(145)) - Container #1 is in OPEN state, but the datanode b7ce392e-07e5-43c4-a049-3141454252ec{ip: 192.168.69.85, host: pr-hdds-2292-qcvbb-3996421426, networkLocation: /default-rack, certSerialId: null} reports an CLOSED replica.
2019-10-18 13:45:02,290 [EventQueue-ContainerReportForContainerReportHandler] WARN  container.ContainerReportHandler (AbstractContainerReportHandler.java:updateContainerState(145)) - Container #1 is in OPEN state, but the datanode 9d0a2f75-ce30-4dbd-af96-5adca13389b4{ip: 192.168.69.85, host: pr-hdds-2292-qcvbb-3996421426, networkLocation: /default-rack, certSerialId: null} reports an CLOSED replica.
2019-10-18 13:45:02,472 [EventQueue-ContainerReportForContainerReportHandler] WARN  container.ContainerReportHandler (AbstractContainerReportHandler.java:updateContainerState(145)) - Container #1 is in OPEN state, but the datanode b7ce392e-07e5-43c4-a049-3141454252ec{ip: 192.168.69.85, host: pr-hdds-2292-qcvbb-3996421426, networkLocation: /default-rack, certSerialId: null} reports an CLOSED replica.
2019-10-18 13:45:02,590 [EventQueue-ContainerReportForContainerReportHandler] WARN  container.ContainerReportHandler (AbstractContainerReportHandler.java:updateContainerState(145)) - Container #1 is in OPEN state, but the datanode 9d0a2f75-ce30-4dbd-af96-5adca13389b4{ip: 192.168.69.85, host: pr-hdds-2292-qcvbb-3996421426, networkLocation: /default-rack, certSerialId: null} reports an CLOSED replica.
2019-10-18 13:45:02,727 [java.util.concurrent.ThreadPoolExecutor$Worker@5eab71ed[State = -1, empty queue]] WARN  server.GrpcLogAppender (GrpcLogAppender.java:timeoutAppendRequest(209)) - b7ce392e-07e5-43c4-a049-3141454252ec@group-58B787E4CA93->25bdb850-9456-40e4-9e32-2249eb72d793-GrpcLogAppender: appendEntries Timeout, request=b7ce392e-07e5-43c4-a049-3141454252ec->25bdb850-9456-40e4-9e32-2249eb72d793#33-t3, previous=(t:3, i:10), leaderCommit=10, initializing? false, entries: <empty>
2019-10-18 13:45:02,773 [EventQueue-ContainerReportForContainerReportHandler] WARN  container.ContainerReportHandler (AbstractContainerReportHandler.java:updateContainerState(145)) - Container #1 is in OPEN state, but the datanode b7ce392e-07e5-43c4-a049-3141454252ec{ip: 192.168.69.85, host: pr-hdds-2292-qcvbb-3996421426, networkLocation: /default-rack, certSerialId: null} reports an CLOSED replica.
2019-10-18 13:45:02,890 [EventQueue-ContainerReportForContainerReportHandler] WARN  container.ContainerReportHandler (AbstractContainerReportHandler.java:updateContainerState(145)) - Container #1 is in OPEN state, but the datanode 9d0a2f75-ce30-4dbd-af96-5adca13389b4{ip: 192.168.69.85, host: pr-hdds-2292-qcvbb-3996421426, networkLocation: /default-rack, certSerialId: null} reports an CLOSED replica.
2019-10-18 13:45:03,073 [EventQueue-ContainerReportForContainerReportHandler] WARN  container.ContainerReportHandler (AbstractContainerReportHandler.java:updateContainerState(145)) - Container #1 is in OPEN state, but the datanode b7ce392e-07e5-43c4-a049-3141454252ec{ip: 192.168.69.85, host: pr-hdds-2292-qcvbb-3996421426, networkLocation: /default-rack, certSerialId: null} reports an CLOSED replica.
2019-10-18 13:45:03,150 [BlockDeletingService#2] WARN  background.BlockDeletingService (BlockDeletingService.java:isDeletionAllowed(187)) - Close Container log Index 6 is not replicated across allthe servers in the pipeline 959e288b-eace-4bc0-b5b0-58b787e4ca93 as the min replicated index is 4. Deletion is not allowed in this container yet.
2019-10-18 13:45:03,150 [BlockDeletingService#2] WARN  background.BlockDeletingService (BlockDeletingService.java:isDeletionAllowed(187)) - Close Container log Index 6 is not replicated across allthe servers in the pipeline 959e288b-eace-4bc0-b5b0-58b787e4ca93 as the min replicated index is 4. Deletion is not allowed in this container yet.
2019-10-18 13:45:03,290 [EventQueue-ContainerReportForContainerReportHandler] WARN  container.ContainerReportHandler (AbstractContainerReportHandler.java:updateContainerState(145)) - Container #1 is in OPEN state, but the datanode 9d0a2f75-ce30-4dbd-af96-5adca13389b4{ip: 192.168.69.85, host: pr-hdds-2292-qcvbb-3996421426, networkLocation: /default-rack, certSerialId: null} reports an CLOSED replica.
2019-10-18 13:45:03,373 [EventQueue-ContainerReportForContainerReportHandler] WARN  container.ContainerReportHandler (AbstractContainerReportHandler.java:updateContainerState(145)) - Container #1 is in OPEN state, but the datanode b7ce392e-07e5-43c4-a049-3141454252ec{ip: 192.168.69.85, host: pr-hdds-2292-qcvbb-3996421426, networkLocation: /default-rack, certSerialId: null} reports an CLOSED replica.
2019-10-18 13:45:03,573 [EventQueue-ContainerReportForContainerReportHandler] WARN  container.ContainerReportHandler (AbstractContainerReportHandler.java:updateContainerState(145)) - Container #1 is in OPEN state, but the datanode b7ce392e-07e5-43c4-a049-3141454252ec{ip: 192.168.69.85, host: pr-hdds-2292-qcvbb-3996421426, networkLocation: /default-rack, certSerialId: null} reports an CLOSED replica.
2019-10-18 13:45:03,690 [EventQueue-ContainerReportForContainerReportHandler] WARN  container.ContainerReportHandler (AbstractContainerReportHandler.java:updateContainerState(145)) - Container #1 is in OPEN state, but the datanode 9d0a2f75-ce30-4dbd-af96-5adca13389b4{ip: 192.168.69.85, host: pr-hdds-2292-qcvbb-3996421426, networkLocation: /default-rack, certSerialId: null} reports an CLOSED replica.
2019-10-18 13:45:03,773 [EventQueue-ContainerReportForContainerReportHandler] WARN  container.ContainerReportHandler (AbstractContainerReportHandler.java:updateContainerState(145)) - Container #1 is in OPEN state, but the datanode b7ce392e-07e5-43c4-a049-3141454252ec{ip: 192.168.69.85, host: pr-hdds-2292-qcvbb-3996421426, networkLocation: /default-rack, certSerialId: null} reports an CLOSED replica.
2019-10-18 13:45:03,797 [Thread-411] INFO  client.GrpcClientProtocolService (GrpcClientProtocolService.java:lambda$processClientRequest$0(278)) - Failed RaftClientRequest:client-B7AACEF92521->9d0a2f75-ce30-4dbd-af96-5adca13389b4@group-58B787E4CA93, cid=10, seq=0, Watch-ALL_COMMITTED(6), Message:<EMPTY>, reply=RaftClientReply:client-B7AACEF92521->9d0a2f75-ce30-4dbd-af96-5adca13389b4@group-58B787E4CA93, cid=10, FAILED org.apache.ratis.protocol.NotLeaderException: Server 9d0a2f75-ce30-4dbd-af96-5adca13389b4@group-58B787E4CA93 is not the leader b7ce392e-07e5-43c4-a049-3141454252ec:192.168.69.85:43203, logIndex=0, commits[9d0a2f75-ce30-4dbd-af96-5adca13389b4:c10, b7ce392e-07e5-43c4-a049-3141454252ec:c10, 25bdb850-9456-40e4-9e32-2249eb72d793:c4]
2019-10-18 13:45:03,993 [EventQueue-ContainerReportForContainerReportHandler] WARN  container.ContainerReportHandler (AbstractContainerReportHandler.java:updateContainerState(145)) - Container #1 is in OPEN state, but the datanode 9d0a2f75-ce30-4dbd-af96-5adca13389b4{ip: 192.168.69.85, host: pr-hdds-2292-qcvbb-3996421426, networkLocation: /default-rack, certSerialId: null} reports an CLOSED replica.
2019-10-18 13:45:04,074 [EventQueue-ContainerReportForContainerReportHandler] WARN  container.ContainerReportHandler (AbstractContainerReportHandler.java:updateContainerState(145)) - Container #1 is in OPEN state, but the datanode b7ce392e-07e5-43c4-a049-3141454252ec{ip: 192.168.69.85, host: pr-hdds-2292-qcvbb-3996421426, networkLocation: /default-rack, certSerialId: null} reports an CLOSED replica.
2019-10-18 13:45:04,152 [BlockDeletingService#2] WARN  background.BlockDeletingService (BlockDeletingService.java:isDeletionAllowed(187)) - Close Container log Index 6 is not replicated across allthe servers in the pipeline 959e288b-eace-4bc0-b5b0-58b787e4ca93 as the min replicated index is 4. Deletion is not allowed in this container yet.
2019-10-18 13:45:04,152 [BlockDeletingService#2] WARN  background.BlockDeletingService (BlockDeletingService.java:isDeletionAllowed(187)) - Close Container log Index 6 is not replicated across allthe servers in the pipeline 959e288b-eace-4bc0-b5b0-58b787e4ca93 as the min replicated index is 4. Deletion is not allowed in this container yet.
2019-10-18 13:45:04,193 [EventQueue-ContainerReportForContainerReportHandler] WARN  container.ContainerReportHandler (AbstractContainerReportHandler.java:updateContainerState(145)) - Container #1 is in OPEN state, but the datanode 9d0a2f75-ce30-4dbd-af96-5adca13389b4{ip: 192.168.69.85, host: pr-hdds-2292-qcvbb-3996421426, networkLocation: /default-rack, certSerialId: null} reports an CLOSED replica.
2019-10-18 13:45:04,375 [EventQueue-ContainerReportForContainerReportHandler] WARN  container.ContainerReportHandler (AbstractContainerReportHandler.java:updateContainerState(145)) - Container #1 is in OPEN state, but the datanode b7ce392e-07e5-43c4-a049-3141454252ec{ip: 192.168.69.85, host: pr-hdds-2292-qcvbb-3996421426, networkLocation: /default-rack, certSerialId: null} reports an CLOSED replica.
2019-10-18 13:45:04,494 [EventQueue-ContainerReportForContainerReportHandler] WARN  container.ContainerReportHandler (AbstractContainerReportHandler.java:updateContainerState(145)) - Container #1 is in OPEN state, but the datanode 9d0a2f75-ce30-4dbd-af96-5adca13389b4{ip: 192.168.69.85, host: pr-hdds-2292-qcvbb-3996421426, networkLocation: /default-rack, certSerialId: null} reports an CLOSED replica.
2019-10-18 13:45:04,675 [EventQueue-ContainerReportForContainerReportHandler] WARN  container.ContainerReportHandler (AbstractContainerReportHandler.java:updateContainerState(145)) - Container #1 is in OPEN state, but the datanode b7ce392e-07e5-43c4-a049-3141454252ec{ip: 192.168.69.85, host: pr-hdds-2292-qcvbb-3996421426, networkLocation: /default-rack, certSerialId: null} reports an CLOSED replica.
2019-10-18 13:45:04,793 [EventQueue-ContainerReportForContainerReportHandler] WARN  container.ContainerReportHandler (AbstractContainerReportHandler.java:updateContainerState(145)) - Container #1 is in OPEN state, but the datanode 9d0a2f75-ce30-4dbd-af96-5adca13389b4{ip: 192.168.69.85, host: pr-hdds-2292-qcvbb-3996421426, networkLocation: /default-rack, certSerialId: null} reports an CLOSED replica.
2019-10-18 13:45:04,884 [Thread-417] INFO  client.GrpcClientProtocolService (GrpcClientProtocolService.java:lambda$processClientRequest$0(278)) - Failed RaftClientRequest:client-B7AACEF92521->b7ce392e-07e5-43c4-a049-3141454252ec@group-58B787E4CA93, cid=10, seq=0, Watch-ALL_COMMITTED(6), Message:<EMPTY>, reply=RaftClientReply:client-B7AACEF92521->b7ce392e-07e5-43c4-a049-3141454252ec@group-58B787E4CA93, cid=10, FAILED org.apache.ratis.protocol.NotReplicatedException: Request with call Id 10 and log index 6 is not yet replicated to ALL_COMMITTED, logIndex=6, commits[b7ce392e-07e5-43c4-a049-3141454252ec:c10, 9d0a2f75-ce30-4dbd-af96-5adca13389b4:c10, 25bdb850-9456-40e4-9e32-2249eb72d793:c4]
2019-10-18 13:45:04,974 [EventQueue-ContainerReportForContainerReportHandler] WARN  container.ContainerReportHandler (AbstractContainerReportHandler.java:updateContainerState(145)) - Container #1 is in OPEN state, but the datanode b7ce392e-07e5-43c4-a049-3141454252ec{ip: 192.168.69.85, host: pr-hdds-2292-qcvbb-3996421426, networkLocation: /default-rack, certSerialId: null} reports an CLOSED replica.
2019-10-18 13:45:05,093 [EventQueue-ContainerReportForContainerReportHandler] WARN  container.ContainerReportHandler (AbstractContainerReportHandler.java:updateContainerState(145)) - Container #1 is in OPEN state, but the datanode 9d0a2f75-ce30-4dbd-af96-5adca13389b4{ip: 192.168.69.85, host: pr-hdds-2292-qcvbb-3996421426, networkLocation: /default-rack, certSerialId: null} reports an CLOSED replica.
2019-10-18 13:45:05,155 [BlockDeletingService#2] WARN  background.BlockDeletingService (BlockDeletingService.java:isDeletionAllowed(187)) - Close Container log Index 6 is not replicated across allthe servers in the pipeline 959e288b-eace-4bc0-b5b0-58b787e4ca93 as the min replicated index is 4. Deletion is not allowed in this container yet.
2019-10-18 13:45:05,155 [BlockDeletingService#2] WARN  background.BlockDeletingService (BlockDeletingService.java:isDeletionAllowed(187)) - Close Container log Index 6 is not replicated across allthe servers in the pipeline 959e288b-eace-4bc0-b5b0-58b787e4ca93 as the min replicated index is 4. Deletion is not allowed in this container yet.
2019-10-18 13:45:05,228 [java.util.concurrent.ThreadPoolExecutor$Worker@5eab71ed[State = -1, empty queue]] WARN  server.GrpcLogAppender (GrpcLogAppender.java:timeoutAppendRequest(209)) - b7ce392e-07e5-43c4-a049-3141454252ec@group-58B787E4CA93->25bdb850-9456-40e4-9e32-2249eb72d793-GrpcLogAppender: appendEntries Timeout, request=b7ce392e-07e5-43c4-a049-3141454252ec->25bdb850-9456-40e4-9e32-2249eb72d793#34-t3, previous=(t:3, i:10), leaderCommit=10, initializing? false, entries: <empty>
2019-10-18 13:45:05,274 [EventQueue-ContainerReportForContainerReportHandler] WARN  container.ContainerReportHandler (AbstractContainerReportHandler.java:updateContainerState(145)) - Container #1 is in OPEN state, but the datanode b7ce392e-07e5-43c4-a049-3141454252ec{ip: 192.168.69.85, host: pr-hdds-2292-qcvbb-3996421426, networkLocation: /default-rack, certSerialId: null} reports an CLOSED replica.
2019-10-18 13:45:05,393 [EventQueue-ContainerReportForContainerReportHandler] WARN  container.ContainerReportHandler (AbstractContainerReportHandler.java:updateContainerState(145)) - Container #1 is in OPEN state, but the datanode 9d0a2f75-ce30-4dbd-af96-5adca13389b4{ip: 192.168.69.85, host: pr-hdds-2292-qcvbb-3996421426, networkLocation: /default-rack, certSerialId: null} reports an CLOSED replica.
2019-10-18 13:45:05,574 [EventQueue-ContainerReportForContainerReportHandler] WARN  container.ContainerReportHandler (AbstractContainerReportHandler.java:updateContainerState(145)) - Container #1 is in OPEN state, but the datanode b7ce392e-07e5-43c4-a049-3141454252ec{ip: 192.168.69.85, host: pr-hdds-2292-qcvbb-3996421426, networkLocation: /default-rack, certSerialId: null} reports an CLOSED replica.
2019-10-18 13:45:05,774 [EventQueue-ContainerReportForContainerReportHandler] WARN  container.ContainerReportHandler (AbstractContainerReportHandler.java:updateContainerState(145)) - Container #1 is in OPEN state, but the datanode b7ce392e-07e5-43c4-a049-3141454252ec{ip: 192.168.69.85, host: pr-hdds-2292-qcvbb-3996421426, networkLocation: /default-rack, certSerialId: null} reports an CLOSED replica.
2019-10-18 13:45:05,794 [EventQueue-ContainerReportForContainerReportHandler] WARN  container.ContainerReportHandler (AbstractContainerReportHandler.java:updateContainerState(145)) - Container #1 is in OPEN state, but the datanode 9d0a2f75-ce30-4dbd-af96-5adca13389b4{ip: 192.168.69.85, host: pr-hdds-2292-qcvbb-3996421426, networkLocation: /default-rack, certSerialId: null} reports an CLOSED replica.
2019-10-18 13:45:06,075 [EventQueue-ContainerReportForContainerReportHandler] WARN  container.ContainerReportHandler (AbstractContainerReportHandler.java:updateContainerState(145)) - Container #1 is in OPEN state, but the datanode b7ce392e-07e5-43c4-a049-3141454252ec{ip: 192.168.69.85, host: pr-hdds-2292-qcvbb-3996421426, networkLocation: /default-rack, certSerialId: null} reports an CLOSED replica.
2019-10-18 13:45:06,094 [EventQueue-ContainerReportForContainerReportHandler] WARN  container.ContainerReportHandler (AbstractContainerReportHandler.java:updateContainerState(145)) - Container #1 is in OPEN state, but the datanode 9d0a2f75-ce30-4dbd-af96-5adca13389b4{ip: 192.168.69.85, host: pr-hdds-2292-qcvbb-3996421426, networkLocation: /default-rack, certSerialId: null} reports an CLOSED replica.
2019-10-18 13:45:06,158 [BlockDeletingService#2] WARN  background.BlockDeletingService (BlockDeletingService.java:isDeletionAllowed(187)) - Close Container log Index 6 is not replicated across allthe servers in the pipeline 959e288b-eace-4bc0-b5b0-58b787e4ca93 as the min replicated index is 4. Deletion is not allowed in this container yet.
2019-10-18 13:45:06,158 [BlockDeletingService#2] WARN  background.BlockDeletingService (BlockDeletingService.java:isDeletionAllowed(187)) - Close Container log Index 6 is not replicated across allthe servers in the pipeline 959e288b-eace-4bc0-b5b0-58b787e4ca93 as the min replicated index is 4. Deletion is not allowed in this container yet.
2019-10-18 13:45:06,375 [EventQueue-ContainerReportForContainerReportHandler] WARN  container.ContainerReportHandler (AbstractContainerReportHandler.java:updateContainerState(145)) - Container #1 is in OPEN state, but the datanode b7ce392e-07e5-43c4-a049-3141454252ec{ip: 192.168.69.85, host: pr-hdds-2292-qcvbb-3996421426, networkLocation: /default-rack, certSerialId: null} reports an CLOSED replica.
2019-10-18 13:45:06,494 [EventQueue-ContainerReportForContainerReportHandler] WARN  container.ContainerReportHandler (AbstractContainerReportHandler.java:updateContainerState(145)) - Container #1 is in OPEN state, but the datanode 9d0a2f75-ce30-4dbd-af96-5adca13389b4{ip: 192.168.69.85, host: pr-hdds-2292-qcvbb-3996421426, networkLocation: /default-rack, certSerialId: null} reports an CLOSED replica.
2019-10-18 13:45:06,676 [EventQueue-ContainerReportForContainerReportHandler] WARN  container.ContainerReportHandler (AbstractContainerReportHandler.java:updateContainerState(145)) - Container #1 is in OPEN state, but the datanode b7ce392e-07e5-43c4-a049-3141454252ec{ip: 192.168.69.85, host: pr-hdds-2292-qcvbb-3996421426, networkLocation: /default-rack, certSerialId: null} reports an CLOSED replica.
2019-10-18 13:45:06,794 [EventQueue-ContainerReportForContainerReportHandler] WARN  container.ContainerReportHandler (AbstractContainerReportHandler.java:updateContainerState(145)) - Container #1 is in OPEN state, but the datanode 9d0a2f75-ce30-4dbd-af96-5adca13389b4{ip: 192.168.69.85, host: pr-hdds-2292-qcvbb-3996421426, networkLocation: /default-rack, certSerialId: null} reports an CLOSED replica.
2019-10-18 13:45:07,075 [EventQueue-ContainerReportForContainerReportHandler] WARN  container.ContainerReportHandler (AbstractContainerReportHandler.java:updateContainerState(145)) - Container #1 is in OPEN state, but the datanode b7ce392e-07e5-43c4-a049-3141454252ec{ip: 192.168.69.85, host: pr-hdds-2292-qcvbb-3996421426, networkLocation: /default-rack, certSerialId: null} reports an CLOSED replica.
2019-10-18 13:45:07,094 [EventQueue-ContainerReportForContainerReportHandler] WARN  container.ContainerReportHandler (AbstractContainerReportHandler.java:updateContainerState(145)) - Container #1 is in OPEN state, but the datanode 9d0a2f75-ce30-4dbd-af96-5adca13389b4{ip: 192.168.69.85, host: pr-hdds-2292-qcvbb-3996421426, networkLocation: /default-rack, certSerialId: null} reports an CLOSED replica.
2019-10-18 13:45:07,160 [BlockDeletingService#2] WARN  background.BlockDeletingService (BlockDeletingService.java:isDeletionAllowed(187)) - Close Container log Index 6 is not replicated across allthe servers in the pipeline 959e288b-eace-4bc0-b5b0-58b787e4ca93 as the min replicated index is 4. Deletion is not allowed in this container yet.
2019-10-18 13:45:07,160 [BlockDeletingService#2] WARN  background.BlockDeletingService (BlockDeletingService.java:isDeletionAllowed(187)) - Close Container log Index 6 is not replicated across allthe servers in the pipeline 959e288b-eace-4bc0-b5b0-58b787e4ca93 as the min replicated index is 4. Deletion is not allowed in this container yet.
2019-10-18 13:45:07,275 [EventQueue-ContainerReportForContainerReportHandler] WARN  container.ContainerReportHandler (AbstractContainerReportHandler.java:updateContainerState(145)) - Container #1 is in OPEN state, but the datanode b7ce392e-07e5-43c4-a049-3141454252ec{ip: 192.168.69.85, host: pr-hdds-2292-qcvbb-3996421426, networkLocation: /default-rack, certSerialId: null} reports an CLOSED replica.
2019-10-18 13:45:07,294 [EventQueue-ContainerReportForContainerReportHandler] WARN  container.ContainerReportHandler (AbstractContainerReportHandler.java:updateContainerState(145)) - Container #1 is in OPEN state, but the datanode 9d0a2f75-ce30-4dbd-af96-5adca13389b4{ip: 192.168.69.85, host: pr-hdds-2292-qcvbb-3996421426, networkLocation: /default-rack, certSerialId: null} reports an CLOSED replica.
2019-10-18 13:45:07,594 [EventQueue-ContainerReportForContainerReportHandler] WARN  container.ContainerReportHandler (AbstractContainerReportHandler.java:updateContainerState(145)) - Container #1 is in OPEN state, but the datanode 9d0a2f75-ce30-4dbd-af96-5adca13389b4{ip: 192.168.69.85, host: pr-hdds-2292-qcvbb-3996421426, networkLocation: /default-rack, certSerialId: null} reports an CLOSED replica.
2019-10-18 13:45:07,676 [EventQueue-ContainerReportForContainerReportHandler] WARN  container.ContainerReportHandler (AbstractContainerReportHandler.java:updateContainerState(145)) - Container #1 is in OPEN state, but the datanode b7ce392e-07e5-43c4-a049-3141454252ec{ip: 192.168.69.85, host: pr-hdds-2292-qcvbb-3996421426, networkLocation: /default-rack, certSerialId: null} reports an CLOSED replica.
2019-10-18 13:45:07,730 [java.util.concurrent.ThreadPoolExecutor$Worker@5eab71ed[State = -1, empty queue]] WARN  server.GrpcLogAppender (GrpcLogAppender.java:timeoutAppendRequest(209)) - b7ce392e-07e5-43c4-a049-3141454252ec@group-58B787E4CA93->25bdb850-9456-40e4-9e32-2249eb72d793-GrpcLogAppender: appendEntries Timeout, request=b7ce392e-07e5-43c4-a049-3141454252ec->25bdb850-9456-40e4-9e32-2249eb72d793#35-t3, previous=(t:3, i:10), leaderCommit=10, initializing? false, entries: <empty>
2019-10-18 13:45:07,894 [EventQueue-ContainerReportForContainerReportHandler] WARN  container.ContainerReportHandler (AbstractContainerReportHandler.java:updateContainerState(145)) - Container #1 is in OPEN state, but the datanode 9d0a2f75-ce30-4dbd-af96-5adca13389b4{ip: 192.168.69.85, host: pr-hdds-2292-qcvbb-3996421426, networkLocation: /default-rack, certSerialId: null} reports an CLOSED replica.
2019-10-18 13:45:08,077 [EventQueue-ContainerReportForContainerReportHandler] WARN  container.ContainerReportHandler (AbstractContainerReportHandler.java:updateContainerState(145)) - Container #1 is in OPEN state, but the datanode b7ce392e-07e5-43c4-a049-3141454252ec{ip: 192.168.69.85, host: pr-hdds-2292-qcvbb-3996421426, networkLocation: /default-rack, certSerialId: null} reports an CLOSED replica.
2019-10-18 13:45:08,161 [BlockDeletingService#2] WARN  background.BlockDeletingService (BlockDeletingService.java:isDeletionAllowed(187)) - Close Container log Index 6 is not replicated across allthe servers in the pipeline 959e288b-eace-4bc0-b5b0-58b787e4ca93 as the min replicated index is 4. Deletion is not allowed in this container yet.
2019-10-18 13:45:08,161 [BlockDeletingService#2] WARN  background.BlockDeletingService (BlockDeletingService.java:isDeletionAllowed(187)) - Close Container log Index 6 is not replicated across allthe servers in the pipeline 959e288b-eace-4bc0-b5b0-58b787e4ca93 as the min replicated index is 4. Deletion is not allowed in this container yet.
2019-10-18 13:45:08,194 [EventQueue-ContainerReportForContainerReportHandler] WARN  container.ContainerReportHandler (AbstractContainerReportHandler.java:updateContainerState(145)) - Container #1 is in OPEN state, but the datanode 9d0a2f75-ce30-4dbd-af96-5adca13389b4{ip: 192.168.69.85, host: pr-hdds-2292-qcvbb-3996421426, networkLocation: /default-rack, certSerialId: null} reports an CLOSED replica.
2019-10-18 13:45:08,278 [EventQueue-ContainerReportForContainerReportHandler] WARN  container.ContainerReportHandler (AbstractContainerReportHandler.java:updateContainerState(145)) - Container #1 is in OPEN state, but the datanode b7ce392e-07e5-43c4-a049-3141454252ec{ip: 192.168.69.85, host: pr-hdds-2292-qcvbb-3996421426, networkLocation: /default-rack, certSerialId: null} reports an CLOSED replica.
2019-10-18 13:45:08,394 [EventQueue-ContainerReportForContainerReportHandler] WARN  container.ContainerReportHandler (AbstractContainerReportHandler.java:updateContainerState(145)) - Container #1 is in OPEN state, but the datanode 9d0a2f75-ce30-4dbd-af96-5adca13389b4{ip: 192.168.69.85, host: pr-hdds-2292-qcvbb-3996421426, networkLocation: /default-rack, certSerialId: null} reports an CLOSED replica.
2019-10-18 13:45:08,678 [EventQueue-ContainerReportForContainerReportHandler] WARN  container.ContainerReportHandler (AbstractContainerReportHandler.java:updateContainerState(145)) - Container #1 is in OPEN state, but the datanode b7ce392e-07e5-43c4-a049-3141454252ec{ip: 192.168.69.85, host: pr-hdds-2292-qcvbb-3996421426, networkLocation: /default-rack, certSerialId: null} reports an CLOSED replica.
2019-10-18 13:45:08,694 [EventQueue-ContainerReportForContainerReportHandler] WARN  container.ContainerReportHandler (AbstractContainerReportHandler.java:updateContainerState(145)) - Container #1 is in OPEN state, but the datanode 9d0a2f75-ce30-4dbd-af96-5adca13389b4{ip: 192.168.69.85, host: pr-hdds-2292-qcvbb-3996421426, networkLocation: /default-rack, certSerialId: null} reports an CLOSED replica.
2019-10-18 13:45:08,979 [EventQueue-ContainerReportForContainerReportHandler] WARN  container.ContainerReportHandler (AbstractContainerReportHandler.java:updateContainerState(145)) - Container #1 is in OPEN state, but the datanode b7ce392e-07e5-43c4-a049-3141454252ec{ip: 192.168.69.85, host: pr-hdds-2292-qcvbb-3996421426, networkLocation: /default-rack, certSerialId: null} reports an CLOSED replica.
2019-10-18 13:45:09,094 [EventQueue-ContainerReportForContainerReportHandler] WARN  container.ContainerReportHandler (AbstractContainerReportHandler.java:updateContainerState(145)) - Container #1 is in OPEN state, but the datanode 9d0a2f75-ce30-4dbd-af96-5adca13389b4{ip: 192.168.69.85, host: pr-hdds-2292-qcvbb-3996421426, networkLocation: /default-rack, certSerialId: null} reports an CLOSED replica.
2019-10-18 13:45:09,162 [BlockDeletingService#2] WARN  background.BlockDeletingService (BlockDeletingService.java:isDeletionAllowed(187)) - Close Container log Index 6 is not replicated across allthe servers in the pipeline 959e288b-eace-4bc0-b5b0-58b787e4ca93 as the min replicated index is 4. Deletion is not allowed in this container yet.
2019-10-18 13:45:09,163 [BlockDeletingService#2] WARN  background.BlockDeletingService (BlockDeletingService.java:isDeletionAllowed(187)) - Close Container log Index 6 is not replicated across allthe servers in the pipeline 959e288b-eace-4bc0-b5b0-58b787e4ca93 as the min replicated index is 4. Deletion is not allowed in this container yet.
2019-10-18 13:45:09,281 [EventQueue-ContainerReportForContainerReportHandler] WARN  container.ContainerReportHandler (AbstractContainerReportHandler.java:updateContainerState(145)) - Container #1 is in OPEN state, but the datanode b7ce392e-07e5-43c4-a049-3141454252ec{ip: 192.168.69.85, host: pr-hdds-2292-qcvbb-3996421426, networkLocation: /default-rack, certSerialId: null} reports an CLOSED replica.
2019-10-18 13:45:09,294 [EventQueue-ContainerReportForContainerReportHandler] WARN  container.ContainerReportHandler (AbstractContainerReportHandler.java:updateContainerState(145)) - Container #1 is in OPEN state, but the datanode 9d0a2f75-ce30-4dbd-af96-5adca13389b4{ip: 192.168.69.85, host: pr-hdds-2292-qcvbb-3996421426, networkLocation: /default-rack, certSerialId: null} reports an CLOSED replica.
2019-10-18 13:45:09,594 [EventQueue-ContainerReportForContainerReportHandler] WARN  container.ContainerReportHandler (AbstractContainerReportHandler.java:updateContainerState(145)) - Container #1 is in OPEN state, but the datanode 9d0a2f75-ce30-4dbd-af96-5adca13389b4{ip: 192.168.69.85, host: pr-hdds-2292-qcvbb-3996421426, networkLocation: /default-rack, certSerialId: null} reports an CLOSED replica.
2019-10-18 13:45:09,679 [EventQueue-ContainerReportForContainerReportHandler] WARN  container.ContainerReportHandler (AbstractContainerReportHandler.java:updateContainerState(145)) - Container #1 is in OPEN state, but the datanode b7ce392e-07e5-43c4-a049-3141454252ec{ip: 192.168.69.85, host: pr-hdds-2292-qcvbb-3996421426, networkLocation: /default-rack, certSerialId: null} reports an CLOSED replica.
2019-10-18 13:45:09,895 [EventQueue-ContainerReportForContainerReportHandler] WARN  container.ContainerReportHandler (AbstractContainerReportHandler.java:updateContainerState(145)) - Container #1 is in OPEN state, but the datanode 9d0a2f75-ce30-4dbd-af96-5adca13389b4{ip: 192.168.69.85, host: pr-hdds-2292-qcvbb-3996421426, networkLocation: /default-rack, certSerialId: null} reports an CLOSED replica.
2019-10-18 13:45:09,979 [EventQueue-ContainerReportForContainerReportHandler] WARN  container.ContainerReportHandler (AbstractContainerReportHandler.java:updateContainerState(145)) - Container #1 is in OPEN state, but the datanode b7ce392e-07e5-43c4-a049-3141454252ec{ip: 192.168.69.85, host: pr-hdds-2292-qcvbb-3996421426, networkLocation: /default-rack, certSerialId: null} reports an CLOSED replica.
2019-10-18 13:45:10,163 [BlockDeletingService#2] WARN  background.BlockDeletingService (BlockDeletingService.java:isDeletionAllowed(187)) - Close Container log Index 6 is not replicated across allthe servers in the pipeline 959e288b-eace-4bc0-b5b0-58b787e4ca93 as the min replicated index is 4. Deletion is not allowed in this container yet.
2019-10-18 13:45:10,164 [BlockDeletingService#2] WARN  background.BlockDeletingService (BlockDeletingService.java:isDeletionAllowed(187)) - Close Container log Index 6 is not replicated across allthe servers in the pipeline 959e288b-eace-4bc0-b5b0-58b787e4ca93 as the min replicated index is 4. Deletion is not allowed in this container yet.
2019-10-18 13:45:10,179 [EventQueue-ContainerReportForContainerReportHandler] WARN  container.ContainerReportHandler (AbstractContainerReportHandler.java:updateContainerState(145)) - Container #1 is in OPEN state, but the datanode b7ce392e-07e5-43c4-a049-3141454252ec{ip: 192.168.69.85, host: pr-hdds-2292-qcvbb-3996421426, networkLocation: /default-rack, certSerialId: null} reports an CLOSED replica.
2019-10-18 13:45:10,195 [EventQueue-ContainerReportForContainerReportHandler] WARN  container.ContainerReportHandler (AbstractContainerReportHandler.java:updateContainerState(145)) - Container #1 is in OPEN state, but the datanode 9d0a2f75-ce30-4dbd-af96-5adca13389b4{ip: 192.168.69.85, host: pr-hdds-2292-qcvbb-3996421426, networkLocation: /default-rack, certSerialId: null} reports an CLOSED replica.
2019-10-18 13:45:10,230 [java.util.concurrent.ThreadPoolExecutor$Worker@5eab71ed[State = -1, empty queue]] WARN  server.GrpcLogAppender (GrpcLogAppender.java:timeoutAppendRequest(209)) - b7ce392e-07e5-43c4-a049-3141454252ec@group-58B787E4CA93->25bdb850-9456-40e4-9e32-2249eb72d793-GrpcLogAppender: appendEntries Timeout, request=b7ce392e-07e5-43c4-a049-3141454252ec->25bdb850-9456-40e4-9e32-2249eb72d793#36-t3, previous=(t:3, i:10), leaderCommit=10, initializing? false, entries: <empty>
2019-10-18 13:45:10,479 [EventQueue-ContainerReportForContainerReportHandler] WARN  container.ContainerReportHandler (AbstractContainerReportHandler.java:updateContainerState(145)) - Container #1 is in OPEN state, but the datanode b7ce392e-07e5-43c4-a049-3141454252ec{ip: 192.168.69.85, host: pr-hdds-2292-qcvbb-3996421426, networkLocation: /default-rack, certSerialId: null} reports an CLOSED replica.
2019-10-18 13:45:10,595 [EventQueue-ContainerReportForContainerReportHandler] WARN  container.ContainerReportHandler (AbstractContainerReportHandler.java:updateContainerState(145)) - Container #1 is in OPEN state, but the datanode 9d0a2f75-ce30-4dbd-af96-5adca13389b4{ip: 192.168.69.85, host: pr-hdds-2292-qcvbb-3996421426, networkLocation: /default-rack, certSerialId: null} reports an CLOSED replica.
2019-10-18 13:45:10,679 [EventQueue-ContainerReportForContainerReportHandler] WARN  container.ContainerReportHandler (AbstractContainerReportHandler.java:updateContainerState(145)) - Container #1 is in OPEN state, but the datanode b7ce392e-07e5-43c4-a049-3141454252ec{ip: 192.168.69.85, host: pr-hdds-2292-qcvbb-3996421426, networkLocation: /default-rack, certSerialId: null} reports an CLOSED replica.
2019-10-18 13:45:10,795 [EventQueue-ContainerReportForContainerReportHandler] WARN  container.ContainerReportHandler (AbstractContainerReportHandler.java:updateContainerState(145)) - Container #1 is in OPEN state, but the datanode 9d0a2f75-ce30-4dbd-af96-5adca13389b4{ip: 192.168.69.85, host: pr-hdds-2292-qcvbb-3996421426, networkLocation: /default-rack, certSerialId: null} reports an CLOSED replica.
2019-10-18 13:45:10,879 [EventQueue-ContainerReportForContainerReportHandler] WARN  container.ContainerReportHandler (AbstractContainerReportHandler.java:updateContainerState(145)) - Container #1 is in OPEN state, but the datanode b7ce392e-07e5-43c4-a049-3141454252ec{ip: 192.168.69.85, host: pr-hdds-2292-qcvbb-3996421426, networkLocation: /default-rack, certSerialId: null} reports an CLOSED replica.
2019-10-18 13:45:11,096 [EventQueue-ContainerReportForContainerReportHandler] WARN  container.ContainerReportHandler (AbstractContainerReportHandler.java:updateContainerState(145)) - Container #1 is in OPEN state, but the datanode 9d0a2f75-ce30-4dbd-af96-5adca13389b4{ip: 192.168.69.85, host: pr-hdds-2292-qcvbb-3996421426, networkLocation: /default-rack, certSerialId: null} reports an CLOSED replica.
2019-10-18 13:45:11,166 [BlockDeletingService#2] WARN  background.BlockDeletingService (BlockDeletingService.java:isDeletionAllowed(187)) - Close Container log Index 6 is not replicated across allthe servers in the pipeline 959e288b-eace-4bc0-b5b0-58b787e4ca93 as the min replicated index is 4. Deletion is not allowed in this container yet.
2019-10-18 13:45:11,166 [BlockDeletingService#2] WARN  background.BlockDeletingService (BlockDeletingService.java:isDeletionAllowed(187)) - Close Container log Index 6 is not replicated across allthe servers in the pipeline 959e288b-eace-4bc0-b5b0-58b787e4ca93 as the min replicated index is 4. Deletion is not allowed in this container yet.
2019-10-18 13:45:11,279 [EventQueue-ContainerReportForContainerReportHandler] WARN  container.ContainerReportHandler (AbstractContainerReportHandler.java:updateContainerState(145)) - Container #1 is in OPEN state, but the datanode b7ce392e-07e5-43c4-a049-3141454252ec{ip: 192.168.69.85, host: pr-hdds-2292-qcvbb-3996421426, networkLocation: /default-rack, certSerialId: null} reports an CLOSED replica.
2019-10-18 13:45:11,396 [EventQueue-ContainerReportForContainerReportHandler] WARN  container.ContainerReportHandler (AbstractContainerReportHandler.java:updateContainerState(145)) - Container #1 is in OPEN state, but the datanode 9d0a2f75-ce30-4dbd-af96-5adca13389b4{ip: 192.168.69.85, host: pr-hdds-2292-qcvbb-3996421426, networkLocation: /default-rack, certSerialId: null} reports an CLOSED replica.
2019-10-18 13:45:11,581 [EventQueue-ContainerReportForContainerReportHandler] WARN  container.ContainerReportHandler (AbstractContainerReportHandler.java:updateContainerState(145)) - Container #1 is in OPEN state, but the datanode b7ce392e-07e5-43c4-a049-3141454252ec{ip: 192.168.69.85, host: pr-hdds-2292-qcvbb-3996421426, networkLocation: /default-rack, certSerialId: null} reports an CLOSED replica.
2019-10-18 13:45:11,596 [EventQueue-ContainerReportForContainerReportHandler] WARN  container.ContainerReportHandler (AbstractContainerReportHandler.java:updateContainerState(145)) - Container #1 is in OPEN state, but the datanode 9d0a2f75-ce30-4dbd-af96-5adca13389b4{ip: 192.168.69.85, host: pr-hdds-2292-qcvbb-3996421426, networkLocation: /default-rack, certSerialId: null} reports an CLOSED replica.
2019-10-18 13:45:11,897 [EventQueue-ContainerReportForContainerReportHandler] WARN  container.ContainerReportHandler (AbstractContainerReportHandler.java:updateContainerState(145)) - Container #1 is in OPEN state, but the datanode 9d0a2f75-ce30-4dbd-af96-5adca13389b4{ip: 192.168.69.85, host: pr-hdds-2292-qcvbb-3996421426, networkLocation: /default-rack, certSerialId: null} reports an CLOSED replica.
2019-10-18 13:45:11,981 [EventQueue-ContainerReportForContainerReportHandler] WARN  container.ContainerReportHandler (AbstractContainerReportHandler.java:updateContainerState(145)) - Container #1 is in OPEN state, but the datanode b7ce392e-07e5-43c4-a049-3141454252ec{ip: 192.168.69.85, host: pr-hdds-2292-qcvbb-3996421426, networkLocation: /default-rack, certSerialId: null} reports an CLOSED replica.
2019-10-18 13:45:12,168 [BlockDeletingService#2] WARN  background.BlockDeletingService (BlockDeletingService.java:isDeletionAllowed(187)) - Close Container log Index 6 is not replicated across allthe servers in the pipeline 959e288b-eace-4bc0-b5b0-58b787e4ca93 as the min replicated index is 4. Deletion is not allowed in this container yet.
2019-10-18 13:45:12,168 [BlockDeletingService#2] WARN  background.BlockDeletingService (BlockDeletingService.java:isDeletionAllowed(187)) - Close Container log Index 6 is not replicated across allthe servers in the pipeline 959e288b-eace-4bc0-b5b0-58b787e4ca93 as the min replicated index is 4. Deletion is not allowed in this container yet.
2019-10-18 13:45:12,281 [EventQueue-ContainerReportForContainerReportHandler] WARN  container.ContainerReportHandler (AbstractContainerReportHandler.java:updateContainerState(145)) - Container #1 is in OPEN state, but the datanode b7ce392e-07e5-43c4-a049-3141454252ec{ip: 192.168.69.85, host: pr-hdds-2292-qcvbb-3996421426, networkLocation: /default-rack, certSerialId: null} reports an CLOSED replica.
2019-10-18 13:45:12,297 [EventQueue-ContainerReportForContainerReportHandler] WARN  container.ContainerReportHandler (AbstractContainerReportHandler.java:updateContainerState(145)) - Container #1 is in OPEN state, but the datanode 9d0a2f75-ce30-4dbd-af96-5adca13389b4{ip: 192.168.69.85, host: pr-hdds-2292-qcvbb-3996421426, networkLocation: /default-rack, certSerialId: null} reports an CLOSED replica.
2019-10-18 13:45:12,481 [EventQueue-ContainerReportForContainerReportHandler] WARN  container.ContainerReportHandler (AbstractContainerReportHandler.java:updateContainerState(145)) - Container #1 is in OPEN state, but the datanode b7ce392e-07e5-43c4-a049-3141454252ec{ip: 192.168.69.85, host: pr-hdds-2292-qcvbb-3996421426, networkLocation: /default-rack, certSerialId: null} reports an CLOSED replica.
2019-10-18 13:45:12,598 [EventQueue-ContainerReportForContainerReportHandler] WARN  container.ContainerReportHandler (AbstractContainerReportHandler.java:updateContainerState(145)) - Container #1 is in OPEN state, but the datanode 9d0a2f75-ce30-4dbd-af96-5adca13389b4{ip: 192.168.69.85, host: pr-hdds-2292-qcvbb-3996421426, networkLocation: /default-rack, certSerialId: null} reports an CLOSED replica.
2019-10-18 13:45:12,681 [EventQueue-ContainerReportForContainerReportHandler] WARN  container.ContainerReportHandler (AbstractContainerReportHandler.java:updateContainerState(145)) - Container #1 is in OPEN state, but the datanode b7ce392e-07e5-43c4-a049-3141454252ec{ip: 192.168.69.85, host: pr-hdds-2292-qcvbb-3996421426, networkLocation: /default-rack, certSerialId: null} reports an CLOSED replica.
2019-10-18 13:45:12,732 [java.util.concurrent.ThreadPoolExecutor$Worker@5eab71ed[State = -1, empty queue]] WARN  server.GrpcLogAppender (GrpcLogAppender.java:timeoutAppendRequest(209)) - b7ce392e-07e5-43c4-a049-3141454252ec@group-58B787E4CA93->25bdb850-9456-40e4-9e32-2249eb72d793-GrpcLogAppender: appendEntries Timeout, request=b7ce392e-07e5-43c4-a049-3141454252ec->25bdb850-9456-40e4-9e32-2249eb72d793#37-t3, previous=(t:3, i:10), leaderCommit=10, initializing? false, entries: <empty>
2019-10-18 13:45:12,827 [Thread-439] INFO  client.GrpcClientProtocolService (GrpcClientProtocolService.java:lambda$processClientRequest$0(278)) - Failed RaftClientRequest:client-B7AACEF92521->9d0a2f75-ce30-4dbd-af96-5adca13389b4@group-58B787E4CA93, cid=10, seq=0, Watch-ALL_COMMITTED(6), Message:<EMPTY>, reply=RaftClientReply:client-B7AACEF92521->9d0a2f75-ce30-4dbd-af96-5adca13389b4@group-58B787E4CA93, cid=10, FAILED org.apache.ratis.protocol.NotLeaderException: Server 9d0a2f75-ce30-4dbd-af96-5adca13389b4@group-58B787E4CA93 is not the leader b7ce392e-07e5-43c4-a049-3141454252ec:192.168.69.85:43203, logIndex=0, commits[9d0a2f75-ce30-4dbd-af96-5adca13389b4:c10, b7ce392e-07e5-43c4-a049-3141454252ec:c10, 25bdb850-9456-40e4-9e32-2249eb72d793:c4]
2019-10-18 13:45:12,898 [EventQueue-ContainerReportForContainerReportHandler] WARN  container.ContainerReportHandler (AbstractContainerReportHandler.java:updateContainerState(145)) - Container #1 is in OPEN state, but the datanode 9d0a2f75-ce30-4dbd-af96-5adca13389b4{ip: 192.168.69.85, host: pr-hdds-2292-qcvbb-3996421426, networkLocation: /default-rack, certSerialId: null} reports an CLOSED replica.
2019-10-18 13:45:13,081 [EventQueue-ContainerReportForContainerReportHandler] WARN  container.ContainerReportHandler (AbstractContainerReportHandler.java:updateContainerState(145)) - Container #1 is in OPEN state, but the datanode b7ce392e-07e5-43c4-a049-3141454252ec{ip: 192.168.69.85, host: pr-hdds-2292-qcvbb-3996421426, networkLocation: /default-rack, certSerialId: null} reports an CLOSED replica.
2019-10-18 13:45:13,170 [BlockDeletingService#2] WARN  background.BlockDeletingService (BlockDeletingService.java:isDeletionAllowed(187)) - Close Container log Index 6 is not replicated across allthe servers in the pipeline 959e288b-eace-4bc0-b5b0-58b787e4ca93 as the min replicated index is 4. Deletion is not allowed in this container yet.
2019-10-18 13:45:13,170 [BlockDeletingService#2] WARN  background.BlockDeletingService (BlockDeletingService.java:isDeletionAllowed(187)) - Close Container log Index 6 is not replicated across allthe servers in the pipeline 959e288b-eace-4bc0-b5b0-58b787e4ca93 as the min replicated index is 4. Deletion is not allowed in this container yet.
2019-10-18 13:45:13,299 [EventQueue-ContainerReportForContainerReportHandler] WARN  container.ContainerReportHandler (AbstractContainerReportHandler.java:updateContainerState(145)) - Container #1 is in OPEN state, but the datanode 9d0a2f75-ce30-4dbd-af96-5adca13389b4{ip: 192.168.69.85, host: pr-hdds-2292-qcvbb-3996421426, networkLocation: /default-rack, certSerialId: null} reports an CLOSED replica.
2019-10-18 13:45:13,381 [EventQueue-ContainerReportForContainerReportHandler] WARN  container.ContainerReportHandler (AbstractContainerReportHandler.java:updateContainerState(145)) - Container #1 is in OPEN state, but the datanode b7ce392e-07e5-43c4-a049-3141454252ec{ip: 192.168.69.85, host: pr-hdds-2292-qcvbb-3996421426, networkLocation: /default-rack, certSerialId: null} reports an CLOSED replica.
2019-10-18 13:45:13,499 [EventQueue-ContainerReportForContainerReportHandler] WARN  container.ContainerReportHandler (AbstractContainerReportHandler.java:updateContainerState(145)) - Container #1 is in OPEN state, but the datanode 9d0a2f75-ce30-4dbd-af96-5adca13389b4{ip: 192.168.69.85, host: pr-hdds-2292-qcvbb-3996421426, networkLocation: /default-rack, certSerialId: null} reports an CLOSED replica.
2019-10-18 13:45:13,782 [EventQueue-ContainerReportForContainerReportHandler] WARN  container.ContainerReportHandler (AbstractContainerReportHandler.java:updateContainerState(145)) - Container #1 is in OPEN state, but the datanode b7ce392e-07e5-43c4-a049-3141454252ec{ip: 192.168.69.85, host: pr-hdds-2292-qcvbb-3996421426, networkLocation: /default-rack, certSerialId: null} reports an CLOSED replica.
2019-10-18 13:45:13,799 [EventQueue-ContainerReportForContainerReportHandler] WARN  container.ContainerReportHandler (AbstractContainerReportHandler.java:updateContainerState(145)) - Container #1 is in OPEN state, but the datanode 9d0a2f75-ce30-4dbd-af96-5adca13389b4{ip: 192.168.69.85, host: pr-hdds-2292-qcvbb-3996421426, networkLocation: /default-rack, certSerialId: null} reports an CLOSED replica.
2019-10-18 13:45:13,884 [Thread-444] INFO  client.GrpcClientProtocolService (GrpcClientProtocolService.java:lambda$processClientRequest$0(278)) - Failed RaftClientRequest:client-B7AACEF92521->b7ce392e-07e5-43c4-a049-3141454252ec@group-58B787E4CA93, cid=10, seq=0, Watch-ALL_COMMITTED(6), Message:<EMPTY>, reply=RaftClientReply:client-B7AACEF92521->b7ce392e-07e5-43c4-a049-3141454252ec@group-58B787E4CA93, cid=10, FAILED org.apache.ratis.protocol.NotReplicatedException: Request with call Id 10 and log index 6 is not yet replicated to ALL_COMMITTED, logIndex=6, commits[b7ce392e-07e5-43c4-a049-3141454252ec:c10, 9d0a2f75-ce30-4dbd-af96-5adca13389b4:c10, 25bdb850-9456-40e4-9e32-2249eb72d793:c4]
2019-10-18 13:45:13,982 [EventQueue-ContainerReportForContainerReportHandler] WARN  container.ContainerReportHandler (AbstractContainerReportHandler.java:updateContainerState(145)) - Container #1 is in OPEN state, but the datanode b7ce392e-07e5-43c4-a049-3141454252ec{ip: 192.168.69.85, host: pr-hdds-2292-qcvbb-3996421426, networkLocation: /default-rack, certSerialId: null} reports an CLOSED replica.
2019-10-18 13:45:14,100 [EventQueue-ContainerReportForContainerReportHandler] WARN  container.ContainerReportHandler (AbstractContainerReportHandler.java:updateContainerState(145)) - Container #1 is in OPEN state, but the datanode 9d0a2f75-ce30-4dbd-af96-5adca13389b4{ip: 192.168.69.85, host: pr-hdds-2292-qcvbb-3996421426, networkLocation: /default-rack, certSerialId: null} reports an CLOSED replica.
2019-10-18 13:45:14,172 [BlockDeletingService#2] WARN  background.BlockDeletingService (BlockDeletingService.java:isDeletionAllowed(187)) - Close Container log Index 6 is not replicated across allthe servers in the pipeline 959e288b-eace-4bc0-b5b0-58b787e4ca93 as the min replicated index is 4. Deletion is not allowed in this container yet.
2019-10-18 13:45:14,172 [BlockDeletingService#2] WARN  background.BlockDeletingService (BlockDeletingService.java:isDeletionAllowed(187)) - Close Container log Index 6 is not replicated across allthe servers in the pipeline 959e288b-eace-4bc0-b5b0-58b787e4ca93 as the min replicated index is 4. Deletion is not allowed in this container yet.
2019-10-18 13:45:14,382 [EventQueue-ContainerReportForContainerReportHandler] WARN  container.ContainerReportHandler (AbstractContainerReportHandler.java:updateContainerState(145)) - Container #1 is in OPEN state, but the datanode b7ce392e-07e5-43c4-a049-3141454252ec{ip: 192.168.69.85, host: pr-hdds-2292-qcvbb-3996421426, networkLocation: /default-rack, certSerialId: null} reports an CLOSED replica.
2019-10-18 13:45:14,400 [EventQueue-ContainerReportForContainerReportHandler] WARN  container.ContainerReportHandler (AbstractContainerReportHandler.java:updateContainerState(145)) - Container #1 is in OPEN state, but the datanode 9d0a2f75-ce30-4dbd-af96-5adca13389b4{ip: 192.168.69.85, host: pr-hdds-2292-qcvbb-3996421426, networkLocation: /default-rack, certSerialId: null} reports an CLOSED replica.
2019-10-18 13:45:14,782 [EventQueue-ContainerReportForContainerReportHandler] WARN  container.ContainerReportHandler (AbstractContainerReportHandler.java:updateContainerState(145)) - Container #1 is in OPEN state, but the datanode b7ce392e-07e5-43c4-a049-3141454252ec{ip: 192.168.69.85, host: pr-hdds-2292-qcvbb-3996421426, networkLocation: /default-rack, certSerialId: null} reports an CLOSED replica.
2019-10-18 13:45:14,800 [EventQueue-ContainerReportForContainerReportHandler] WARN  container.ContainerReportHandler (AbstractContainerReportHandler.java:updateContainerState(145)) - Container #1 is in OPEN state, but the datanode 9d0a2f75-ce30-4dbd-af96-5adca13389b4{ip: 192.168.69.85, host: pr-hdds-2292-qcvbb-3996421426, networkLocation: /default-rack, certSerialId: null} reports an CLOSED replica.
2019-10-18 13:45:14,983 [EventQueue-ContainerReportForContainerReportHandler] WARN  container.ContainerReportHandler (AbstractContainerReportHandler.java:updateContainerState(145)) - Container #1 is in OPEN state, but the datanode b7ce392e-07e5-43c4-a049-3141454252ec{ip: 192.168.69.85, host: pr-hdds-2292-qcvbb-3996421426, networkLocation: /default-rack, certSerialId: null} reports an CLOSED replica.
2019-10-18 13:45:15,100 [EventQueue-ContainerReportForContainerReportHandler] WARN  container.ContainerReportHandler (AbstractContainerReportHandler.java:updateContainerState(145)) - Container #1 is in OPEN state, but the datanode 9d0a2f75-ce30-4dbd-af96-5adca13389b4{ip: 192.168.69.85, host: pr-hdds-2292-qcvbb-3996421426, networkLocation: /default-rack, certSerialId: null} reports an CLOSED replica.
2019-10-18 13:45:15,175 [BlockDeletingService#2] WARN  background.BlockDeletingService (BlockDeletingService.java:isDeletionAllowed(187)) - Close Container log Index 6 is not replicated across allthe servers in the pipeline 959e288b-eace-4bc0-b5b0-58b787e4ca93 as the min replicated index is 4. Deletion is not allowed in this container yet.
2019-10-18 13:45:15,175 [BlockDeletingService#2] WARN  background.BlockDeletingService (BlockDeletingService.java:isDeletionAllowed(187)) - Close Container log Index 6 is not replicated across allthe servers in the pipeline 959e288b-eace-4bc0-b5b0-58b787e4ca93 as the min replicated index is 4. Deletion is not allowed in this container yet.
2019-10-18 13:45:15,235 [java.util.concurrent.ThreadPoolExecutor$Worker@5eab71ed[State = -1, empty queue]] WARN  server.GrpcLogAppender (GrpcLogAppender.java:timeoutAppendRequest(209)) - b7ce392e-07e5-43c4-a049-3141454252ec@group-58B787E4CA93->25bdb850-9456-40e4-9e32-2249eb72d793-GrpcLogAppender: appendEntries Timeout, request=b7ce392e-07e5-43c4-a049-3141454252ec->25bdb850-9456-40e4-9e32-2249eb72d793#38-t3, previous=(t:3, i:10), leaderCommit=10, initializing? false, entries: <empty>
2019-10-18 13:45:15,284 [EventQueue-ContainerReportForContainerReportHandler] WARN  container.ContainerReportHandler (AbstractContainerReportHandler.java:updateContainerState(145)) - Container #1 is in OPEN state, but the datanode b7ce392e-07e5-43c4-a049-3141454252ec{ip: 192.168.69.85, host: pr-hdds-2292-qcvbb-3996421426, networkLocation: /default-rack, certSerialId: null} reports an CLOSED replica.
2019-10-18 13:45:15,501 [EventQueue-ContainerReportForContainerReportHandler] WARN  container.ContainerReportHandler (AbstractContainerReportHandler.java:updateContainerState(145)) - Container #1 is in OPEN state, but the datanode 9d0a2f75-ce30-4dbd-af96-5adca13389b4{ip: 192.168.69.85, host: pr-hdds-2292-qcvbb-3996421426, networkLocation: /default-rack, certSerialId: null} reports an CLOSED replica.
2019-10-18 13:45:15,583 [EventQueue-ContainerReportForContainerReportHandler] WARN  container.ContainerReportHandler (AbstractContainerReportHandler.java:updateContainerState(145)) - Container #1 is in OPEN state, but the datanode b7ce392e-07e5-43c4-a049-3141454252ec{ip: 192.168.69.85, host: pr-hdds-2292-qcvbb-3996421426, networkLocation: /default-rack, certSerialId: null} reports an CLOSED replica.
2019-10-18 13:45:15,701 [EventQueue-ContainerReportForContainerReportHandler] WARN  container.ContainerReportHandler (AbstractContainerReportHandler.java:updateContainerState(145)) - Container #1 is in OPEN state, but the datanode 9d0a2f75-ce30-4dbd-af96-5adca13389b4{ip: 192.168.69.85, host: pr-hdds-2292-qcvbb-3996421426, networkLocation: /default-rack, certSerialId: null} reports an CLOSED replica.
2019-10-18 13:45:15,785 [EventQueue-ContainerReportForContainerReportHandler] WARN  container.ContainerReportHandler (AbstractContainerReportHandler.java:updateContainerState(145)) - Container #1 is in OPEN state, but the datanode b7ce392e-07e5-43c4-a049-3141454252ec{ip: 192.168.69.85, host: pr-hdds-2292-qcvbb-3996421426, networkLocation: /default-rack, certSerialId: null} reports an CLOSED replica.
2019-10-18 13:45:15,986 [EventQueue-ContainerReportForContainerReportHandler] WARN  container.ContainerReportHandler (AbstractContainerReportHandler.java:updateContainerState(145)) - Container #1 is in OPEN state, but the datanode b7ce392e-07e5-43c4-a049-3141454252ec{ip: 192.168.69.85, host: pr-hdds-2292-qcvbb-3996421426, networkLocation: /default-rack, certSerialId: null} reports an CLOSED replica.
2019-10-18 13:45:16,002 [EventQueue-ContainerReportForContainerReportHandler] WARN  container.ContainerReportHandler (AbstractContainerReportHandler.java:updateContainerState(145)) - Container #1 is in OPEN state, but the datanode 9d0a2f75-ce30-4dbd-af96-5adca13389b4{ip: 192.168.69.85, host: pr-hdds-2292-qcvbb-3996421426, networkLocation: /default-rack, certSerialId: null} reports an CLOSED replica.
2019-10-18 13:45:16,176 [BlockDeletingService#2] WARN  background.BlockDeletingService (BlockDeletingService.java:isDeletionAllowed(187)) - Close Container log Index 6 is not replicated across allthe servers in the pipeline 959e288b-eace-4bc0-b5b0-58b787e4ca93 as the min replicated index is 4. Deletion is not allowed in this container yet.
2019-10-18 13:45:16,176 [BlockDeletingService#2] WARN  background.BlockDeletingService (BlockDeletingService.java:isDeletionAllowed(187)) - Close Container log Index 6 is not replicated across allthe servers in the pipeline 959e288b-eace-4bc0-b5b0-58b787e4ca93 as the min replicated index is 4. Deletion is not allowed in this container yet.
2019-10-18 13:45:16,302 [EventQueue-ContainerReportForContainerReportHandler] WARN  container.ContainerReportHandler (AbstractContainerReportHandler.java:updateContainerState(145)) - Container #1 is in OPEN state, but the datanode 9d0a2f75-ce30-4dbd-af96-5adca13389b4{ip: 192.168.69.85, host: pr-hdds-2292-qcvbb-3996421426, networkLocation: /default-rack, certSerialId: null} reports an CLOSED replica.
2019-10-18 13:45:16,385 [EventQueue-ContainerReportForContainerReportHandler] WARN  container.ContainerReportHandler (AbstractContainerReportHandler.java:updateContainerState(145)) - Container #1 is in OPEN state, but the datanode b7ce392e-07e5-43c4-a049-3141454252ec{ip: 192.168.69.85, host: pr-hdds-2292-qcvbb-3996421426, networkLocation: /default-rack, certSerialId: null} reports an CLOSED replica.
2019-10-18 13:45:16,502 [EventQueue-ContainerReportForContainerReportHandler] WARN  container.ContainerReportHandler (AbstractContainerReportHandler.java:updateContainerState(145)) - Container #1 is in OPEN state, but the datanode 9d0a2f75-ce30-4dbd-af96-5adca13389b4{ip: 192.168.69.85, host: pr-hdds-2292-qcvbb-3996421426, networkLocation: /default-rack, certSerialId: null} reports an CLOSED replica.
2019-10-18 13:45:16,685 [EventQueue-ContainerReportForContainerReportHandler] WARN  container.ContainerReportHandler (AbstractContainerReportHandler.java:updateContainerState(145)) - Container #1 is in OPEN state, but the datanode b7ce392e-07e5-43c4-a049-3141454252ec{ip: 192.168.69.85, host: pr-hdds-2292-qcvbb-3996421426, networkLocation: /default-rack, certSerialId: null} reports an CLOSED replica.
2019-10-18 13:45:16,802 [EventQueue-ContainerReportForContainerReportHandler] WARN  container.ContainerReportHandler (AbstractContainerReportHandler.java:updateContainerState(145)) - Container #1 is in OPEN state, but the datanode 9d0a2f75-ce30-4dbd-af96-5adca13389b4{ip: 192.168.69.85, host: pr-hdds-2292-qcvbb-3996421426, networkLocation: /default-rack, certSerialId: null} reports an CLOSED replica.
2019-10-18 13:45:17,086 [EventQueue-ContainerReportForContainerReportHandler] WARN  container.ContainerReportHandler (AbstractContainerReportHandler.java:updateContainerState(145)) - Container #1 is in OPEN state, but the datanode b7ce392e-07e5-43c4-a049-3141454252ec{ip: 192.168.69.85, host: pr-hdds-2292-qcvbb-3996421426, networkLocation: /default-rack, certSerialId: null} reports an CLOSED replica.
2019-10-18 13:45:17,178 [BlockDeletingService#2] WARN  background.BlockDeletingService (BlockDeletingService.java:isDeletionAllowed(187)) - Close Container log Index 6 is not replicated across allthe servers in the pipeline 959e288b-eace-4bc0-b5b0-58b787e4ca93 as the min replicated index is 4. Deletion is not allowed in this container yet.
2019-10-18 13:45:17,178 [BlockDeletingService#2] WARN  background.BlockDeletingService (BlockDeletingService.java:isDeletionAllowed(187)) - Close Container log Index 6 is not replicated across allthe servers in the pipeline 959e288b-eace-4bc0-b5b0-58b787e4ca93 as the min replicated index is 4. Deletion is not allowed in this container yet.
2019-10-18 13:45:17,203 [EventQueue-ContainerReportForContainerReportHandler] WARN  container.ContainerReportHandler (AbstractContainerReportHandler.java:updateContainerState(145)) - Container #1 is in OPEN state, but the datanode 9d0a2f75-ce30-4dbd-af96-5adca13389b4{ip: 192.168.69.85, host: pr-hdds-2292-qcvbb-3996421426, networkLocation: /default-rack, certSerialId: null} reports an CLOSED replica.
2019-10-18 13:45:17,388 [EventQueue-ContainerReportForContainerReportHandler] WARN  container.ContainerReportHandler (AbstractContainerReportHandler.java:updateContainerState(145)) - Container #1 is in OPEN state, but the datanode b7ce392e-07e5-43c4-a049-3141454252ec{ip: 192.168.69.85, host: pr-hdds-2292-qcvbb-3996421426, networkLocation: /default-rack, certSerialId: null} reports an CLOSED replica.
2019-10-18 13:45:17,403 [EventQueue-ContainerReportForContainerReportHandler] WARN  container.ContainerReportHandler (AbstractContainerReportHandler.java:updateContainerState(145)) - Container #1 is in OPEN state, but the datanode 9d0a2f75-ce30-4dbd-af96-5adca13389b4{ip: 192.168.69.85, host: pr-hdds-2292-qcvbb-3996421426, networkLocation: /default-rack, certSerialId: null} reports an CLOSED replica.
2019-10-18 13:45:17,604 [EventQueue-ContainerReportForContainerReportHandler] WARN  container.ContainerReportHandler (AbstractContainerReportHandler.java:updateContainerState(145)) - Container #1 is in OPEN state, but the datanode 9d0a2f75-ce30-4dbd-af96-5adca13389b4{ip: 192.168.69.85, host: pr-hdds-2292-qcvbb-3996421426, networkLocation: /default-rack, certSerialId: null} reports an CLOSED replica.
2019-10-18 13:45:17,687 [EventQueue-ContainerReportForContainerReportHandler] WARN  container.ContainerReportHandler (AbstractContainerReportHandler.java:updateContainerState(145)) - Container #1 is in OPEN state, but the datanode b7ce392e-07e5-43c4-a049-3141454252ec{ip: 192.168.69.85, host: pr-hdds-2292-qcvbb-3996421426, networkLocation: /default-rack, certSerialId: null} reports an CLOSED replica.
2019-10-18 13:45:17,735 [java.util.concurrent.ThreadPoolExecutor$Worker@5eab71ed[State = -1, empty queue]] WARN  server.GrpcLogAppender (GrpcLogAppender.java:timeoutAppendRequest(209)) - b7ce392e-07e5-43c4-a049-3141454252ec@group-58B787E4CA93->25bdb850-9456-40e4-9e32-2249eb72d793-GrpcLogAppender: appendEntries Timeout, request=b7ce392e-07e5-43c4-a049-3141454252ec->25bdb850-9456-40e4-9e32-2249eb72d793#39-t3, previous=(t:3, i:10), leaderCommit=10, initializing? false, entries: <empty>
2019-10-18 13:45:17,904 [EventQueue-ContainerReportForContainerReportHandler] WARN  container.ContainerReportHandler (AbstractContainerReportHandler.java:updateContainerState(145)) - Container #1 is in OPEN state, but the datanode 9d0a2f75-ce30-4dbd-af96-5adca13389b4{ip: 192.168.69.85, host: pr-hdds-2292-qcvbb-3996421426, networkLocation: /default-rack, certSerialId: null} reports an CLOSED replica.
2019-10-18 13:45:17,987 [EventQueue-ContainerReportForContainerReportHandler] WARN  container.ContainerReportHandler (AbstractContainerReportHandler.java:updateContainerState(145)) - Container #1 is in OPEN state, but the datanode b7ce392e-07e5-43c4-a049-3141454252ec{ip: 192.168.69.85, host: pr-hdds-2292-qcvbb-3996421426, networkLocation: /default-rack, certSerialId: null} reports an CLOSED replica.
2019-10-18 13:45:18,104 [EventQueue-ContainerReportForContainerReportHandler] WARN  container.ContainerReportHandler (AbstractContainerReportHandler.java:updateContainerState(145)) - Container #1 is in OPEN state, but the datanode 9d0a2f75-ce30-4dbd-af96-5adca13389b4{ip: 192.168.69.85, host: pr-hdds-2292-qcvbb-3996421426, networkLocation: /default-rack, certSerialId: null} reports an CLOSED replica.
2019-10-18 13:45:18,179 [BlockDeletingService#2] WARN  background.BlockDeletingService (BlockDeletingService.java:isDeletionAllowed(187)) - Close Container log Index 6 is not replicated across allthe servers in the pipeline 959e288b-eace-4bc0-b5b0-58b787e4ca93 as the min replicated index is 4. Deletion is not allowed in this container yet.
2019-10-18 13:45:18,179 [BlockDeletingService#2] WARN  background.BlockDeletingService (BlockDeletingService.java:isDeletionAllowed(187)) - Close Container log Index 6 is not replicated across allthe servers in the pipeline 959e288b-eace-4bc0-b5b0-58b787e4ca93 as the min replicated index is 4. Deletion is not allowed in this container yet.
2019-10-18 13:45:18,387 [EventQueue-ContainerReportForContainerReportHandler] WARN  container.ContainerReportHandler (AbstractContainerReportHandler.java:updateContainerState(145)) - Container #1 is in OPEN state, but the datanode b7ce392e-07e5-43c4-a049-3141454252ec{ip: 192.168.69.85, host: pr-hdds-2292-qcvbb-3996421426, networkLocation: /default-rack, certSerialId: null} reports an CLOSED replica.
2019-10-18 13:45:18,504 [EventQueue-ContainerReportForContainerReportHandler] WARN  container.ContainerReportHandler (AbstractContainerReportHandler.java:updateContainerState(145)) - Container #1 is in OPEN state, but the datanode 9d0a2f75-ce30-4dbd-af96-5adca13389b4{ip: 192.168.69.85, host: pr-hdds-2292-qcvbb-3996421426, networkLocation: /default-rack, certSerialId: null} reports an CLOSED replica.
2019-10-18 13:45:18,687 [EventQueue-ContainerReportForContainerReportHandler] WARN  container.ContainerReportHandler (AbstractContainerReportHandler.java:updateContainerState(145)) - Container #1 is in OPEN state, but the datanode b7ce392e-07e5-43c4-a049-3141454252ec{ip: 192.168.69.85, host: pr-hdds-2292-qcvbb-3996421426, networkLocation: /default-rack, certSerialId: null} reports an CLOSED replica.
2019-10-18 13:45:18,804 [EventQueue-ContainerReportForContainerReportHandler] WARN  container.ContainerReportHandler (AbstractContainerReportHandler.java:updateContainerState(145)) - Container #1 is in OPEN state, but the datanode 9d0a2f75-ce30-4dbd-af96-5adca13389b4{ip: 192.168.69.85, host: pr-hdds-2292-qcvbb-3996421426, networkLocation: /default-rack, certSerialId: null} reports an CLOSED replica.
2019-10-18 13:45:18,887 [EventQueue-ContainerReportForContainerReportHandler] WARN  container.ContainerReportHandler (AbstractContainerReportHandler.java:updateContainerState(145)) - Container #1 is in OPEN state, but the datanode b7ce392e-07e5-43c4-a049-3141454252ec{ip: 192.168.69.85, host: pr-hdds-2292-qcvbb-3996421426, networkLocation: /default-rack, certSerialId: null} reports an CLOSED replica.
2019-10-18 13:45:19,104 [EventQueue-ContainerReportForContainerReportHandler] WARN  container.ContainerReportHandler (AbstractContainerReportHandler.java:updateContainerState(145)) - Container #1 is in OPEN state, but the datanode 9d0a2f75-ce30-4dbd-af96-5adca13389b4{ip: 192.168.69.85, host: pr-hdds-2292-qcvbb-3996421426, networkLocation: /default-rack, certSerialId: null} reports an CLOSED replica.
2019-10-18 13:45:19,181 [BlockDeletingService#2] WARN  background.BlockDeletingService (BlockDeletingService.java:isDeletionAllowed(187)) - Close Container log Index 6 is not replicated across allthe servers in the pipeline 959e288b-eace-4bc0-b5b0-58b787e4ca93 as the min replicated index is 4. Deletion is not allowed in this container yet.
2019-10-18 13:45:19,181 [BlockDeletingService#2] WARN  background.BlockDeletingService (BlockDeletingService.java:isDeletionAllowed(187)) - Close Container log Index 6 is not replicated across allthe servers in the pipeline 959e288b-eace-4bc0-b5b0-58b787e4ca93 as the min replicated index is 4. Deletion is not allowed in this container yet.
2019-10-18 13:45:19,187 [EventQueue-ContainerReportForContainerReportHandler] WARN  container.ContainerReportHandler (AbstractContainerReportHandler.java:updateContainerState(145)) - Container #1 is in OPEN state, but the datanode b7ce392e-07e5-43c4-a049-3141454252ec{ip: 192.168.69.85, host: pr-hdds-2292-qcvbb-3996421426, networkLocation: /default-rack, certSerialId: null} reports an CLOSED replica.
2019-10-18 13:45:19,389 [EventQueue-ContainerReportForContainerReportHandler] WARN  container.ContainerReportHandler (AbstractContainerReportHandler.java:updateContainerState(145)) - Container #1 is in OPEN state, but the datanode b7ce392e-07e5-43c4-a049-3141454252ec{ip: 192.168.69.85, host: pr-hdds-2292-qcvbb-3996421426, networkLocation: /default-rack, certSerialId: null} reports an CLOSED replica.
2019-10-18 13:45:19,404 [EventQueue-ContainerReportForContainerReportHandler] WARN  container.ContainerReportHandler (AbstractContainerReportHandler.java:updateContainerState(145)) - Container #1 is in OPEN state, but the datanode 9d0a2f75-ce30-4dbd-af96-5adca13389b4{ip: 192.168.69.85, host: pr-hdds-2292-qcvbb-3996421426, networkLocation: /default-rack, certSerialId: null} reports an CLOSED replica.
2019-10-18 13:45:19,588 [EventQueue-ContainerReportForContainerReportHandler] WARN  container.ContainerReportHandler (AbstractContainerReportHandler.java:updateContainerState(145)) - Container #1 is in OPEN state, but the datanode b7ce392e-07e5-43c4-a049-3141454252ec{ip: 192.168.69.85, host: pr-hdds-2292-qcvbb-3996421426, networkLocation: /default-rack, certSerialId: null} reports an CLOSED replica.
2019-10-18 13:45:19,705 [EventQueue-ContainerReportForContainerReportHandler] WARN  container.ContainerReportHandler (AbstractContainerReportHandler.java:updateContainerState(145)) - Container #1 is in OPEN state, but the datanode 9d0a2f75-ce30-4dbd-af96-5adca13389b4{ip: 192.168.69.85, host: pr-hdds-2292-qcvbb-3996421426, networkLocation: /default-rack, certSerialId: null} reports an CLOSED replica.
2019-10-18 13:45:19,887 [EventQueue-ContainerReportForContainerReportHandler] WARN  container.ContainerReportHandler (AbstractContainerReportHandler.java:updateContainerState(145)) - Container #1 is in OPEN state, but the datanode b7ce392e-07e5-43c4-a049-3141454252ec{ip: 192.168.69.85, host: pr-hdds-2292-qcvbb-3996421426, networkLocation: /default-rack, certSerialId: null} reports an CLOSED replica.
2019-10-18 13:45:20,005 [EventQueue-ContainerReportForContainerReportHandler] WARN  container.ContainerReportHandler (AbstractContainerReportHandler.java:updateContainerState(145)) - Container #1 is in OPEN state, but the datanode 9d0a2f75-ce30-4dbd-af96-5adca13389b4{ip: 192.168.69.85, host: pr-hdds-2292-qcvbb-3996421426, networkLocation: /default-rack, certSerialId: null} reports an CLOSED replica.
2019-10-18 13:45:20,183 [BlockDeletingService#2] WARN  background.BlockDeletingService (BlockDeletingService.java:isDeletionAllowed(187)) - Close Container log Index 6 is not replicated across allthe servers in the pipeline 959e288b-eace-4bc0-b5b0-58b787e4ca93 as the min replicated index is 4. Deletion is not allowed in this container yet.
2019-10-18 13:45:20,183 [BlockDeletingService#2] WARN  background.BlockDeletingService (BlockDeletingService.java:isDeletionAllowed(187)) - Close Container log Index 6 is not replicated across allthe servers in the pipeline 959e288b-eace-4bc0-b5b0-58b787e4ca93 as the min replicated index is 4. Deletion is not allowed in this container yet.
2019-10-18 13:45:20,237 [java.util.concurrent.ThreadPoolExecutor$Worker@5eab71ed[State = -1, empty queue]] WARN  server.GrpcLogAppender (GrpcLogAppender.java:timeoutAppendRequest(209)) - b7ce392e-07e5-43c4-a049-3141454252ec@group-58B787E4CA93->25bdb850-9456-40e4-9e32-2249eb72d793-GrpcLogAppender: appendEntries Timeout, request=b7ce392e-07e5-43c4-a049-3141454252ec->25bdb850-9456-40e4-9e32-2249eb72d793#40-t3, previous=(t:3, i:10), leaderCommit=10, initializing? false, entries: <empty>
2019-10-18 13:45:20,287 [EventQueue-ContainerReportForContainerReportHandler] WARN  container.ContainerReportHandler (AbstractContainerReportHandler.java:updateContainerState(145)) - Container #1 is in OPEN state, but the datanode b7ce392e-07e5-43c4-a049-3141454252ec{ip: 192.168.69.85, host: pr-hdds-2292-qcvbb-3996421426, networkLocation: /default-rack, certSerialId: null} reports an CLOSED replica.
2019-10-18 13:45:20,305 [EventQueue-ContainerReportForContainerReportHandler] WARN  container.ContainerReportHandler (AbstractContainerReportHandler.java:updateContainerState(145)) - Container #1 is in OPEN state, but the datanode 9d0a2f75-ce30-4dbd-af96-5adca13389b4{ip: 192.168.69.85, host: pr-hdds-2292-qcvbb-3996421426, networkLocation: /default-rack, certSerialId: null} reports an CLOSED replica.
2019-10-18 13:45:20,487 [EventQueue-ContainerReportForContainerReportHandler] WARN  container.ContainerReportHandler (AbstractContainerReportHandler.java:updateContainerState(145)) - Container #1 is in OPEN state, but the datanode b7ce392e-07e5-43c4-a049-3141454252ec{ip: 192.168.69.85, host: pr-hdds-2292-qcvbb-3996421426, networkLocation: /default-rack, certSerialId: null} reports an CLOSED replica.
2019-10-18 13:45:20,505 [EventQueue-ContainerReportForContainerReportHandler] WARN  container.ContainerReportHandler (AbstractContainerReportHandler.java:updateContainerState(145)) - Container #1 is in OPEN state, but the datanode 9d0a2f75-ce30-4dbd-af96-5adca13389b4{ip: 192.168.69.85, host: pr-hdds-2292-qcvbb-3996421426, networkLocation: /default-rack, certSerialId: null} reports an CLOSED replica.
2019-10-18 13:45:20,789 [EventQueue-ContainerReportForContainerReportHandler] WARN  container.ContainerReportHandler (AbstractContainerReportHandler.java:updateContainerState(145)) - Container #1 is in OPEN state, but the datanode b7ce392e-07e5-43c4-a049-3141454252ec{ip: 192.168.69.85, host: pr-hdds-2292-qcvbb-3996421426, networkLocation: /default-rack, certSerialId: null} reports an CLOSED replica.
2019-10-18 13:45:20,806 [EventQueue-ContainerReportForContainerReportHandler] WARN  container.ContainerReportHandler (AbstractContainerReportHandler.java:updateContainerState(145)) - Container #1 is in OPEN state, but the datanode 9d0a2f75-ce30-4dbd-af96-5adca13389b4{ip: 192.168.69.85, host: pr-hdds-2292-qcvbb-3996421426, networkLocation: /default-rack, certSerialId: null} reports an CLOSED replica.
2019-10-18 13:45:20,988 [EventQueue-ContainerReportForContainerReportHandler] WARN  container.ContainerReportHandler (AbstractContainerReportHandler.java:updateContainerState(145)) - Container #1 is in OPEN state, but the datanode b7ce392e-07e5-43c4-a049-3141454252ec{ip: 192.168.69.85, host: pr-hdds-2292-qcvbb-3996421426, networkLocation: /default-rack, certSerialId: null} reports an CLOSED replica.
2019-10-18 13:45:21,185 [BlockDeletingService#2] WARN  background.BlockDeletingService (BlockDeletingService.java:isDeletionAllowed(187)) - Close Container log Index 6 is not replicated across allthe servers in the pipeline 959e288b-eace-4bc0-b5b0-58b787e4ca93 as the min replicated index is 4. Deletion is not allowed in this container yet.
2019-10-18 13:45:21,185 [BlockDeletingService#2] WARN  background.BlockDeletingService (BlockDeletingService.java:isDeletionAllowed(187)) - Close Container log Index 6 is not replicated across allthe servers in the pipeline 959e288b-eace-4bc0-b5b0-58b787e4ca93 as the min replicated index is 4. Deletion is not allowed in this container yet.
2019-10-18 13:45:21,206 [EventQueue-ContainerReportForContainerReportHandler] WARN  container.ContainerReportHandler (AbstractContainerReportHandler.java:updateContainerState(145)) - Container #1 is in OPEN state, but the datanode 9d0a2f75-ce30-4dbd-af96-5adca13389b4{ip: 192.168.69.85, host: pr-hdds-2292-qcvbb-3996421426, networkLocation: /default-rack, certSerialId: null} reports an CLOSED replica.
2019-10-18 13:45:21,288 [EventQueue-ContainerReportForContainerReportHandler] WARN  container.ContainerReportHandler (AbstractContainerReportHandler.java:updateContainerState(145)) - Container #1 is in OPEN state, but the datanode b7ce392e-07e5-43c4-a049-3141454252ec{ip: 192.168.69.85, host: pr-hdds-2292-qcvbb-3996421426, networkLocation: /default-rack, certSerialId: null} reports an CLOSED replica.
2019-10-18 13:45:21,488 [EventQueue-ContainerReportForContainerReportHandler] WARN  container.ContainerReportHandler (AbstractContainerReportHandler.java:updateContainerState(145)) - Container #1 is in OPEN state, but the datanode b7ce392e-07e5-43c4-a049-3141454252ec{ip: 192.168.69.85, host: pr-hdds-2292-qcvbb-3996421426, networkLocation: /default-rack, certSerialId: null} reports an CLOSED replica.
2019-10-18 13:45:21,507 [EventQueue-ContainerReportForContainerReportHandler] WARN  container.ContainerReportHandler (AbstractContainerReportHandler.java:updateContainerState(145)) - Container #1 is in OPEN state, but the datanode 9d0a2f75-ce30-4dbd-af96-5adca13389b4{ip: 192.168.69.85, host: pr-hdds-2292-qcvbb-3996421426, networkLocation: /default-rack, certSerialId: null} reports an CLOSED replica.
2019-10-18 13:45:21,789 [EventQueue-ContainerReportForContainerReportHandler] WARN  container.ContainerReportHandler (AbstractContainerReportHandler.java:updateContainerState(145)) - Container #1 is in OPEN state, but the datanode b7ce392e-07e5-43c4-a049-3141454252ec{ip: 192.168.69.85, host: pr-hdds-2292-qcvbb-3996421426, networkLocation: /default-rack, certSerialId: null} reports an CLOSED replica.
2019-10-18 13:45:21,808 [EventQueue-ContainerReportForContainerReportHandler] WARN  container.ContainerReportHandler (AbstractContainerReportHandler.java:updateContainerState(145)) - Container #1 is in OPEN state, but the datanode 9d0a2f75-ce30-4dbd-af96-5adca13389b4{ip: 192.168.69.85, host: pr-hdds-2292-qcvbb-3996421426, networkLocation: /default-rack, certSerialId: null} reports an CLOSED replica.
2019-10-18 13:45:21,860 [Thread-466] INFO  client.GrpcClientProtocolService (GrpcClientProtocolService.java:lambda$processClientRequest$0(278)) - Failed RaftClientRequest:client-B7AACEF92521->9d0a2f75-ce30-4dbd-af96-5adca13389b4@group-58B787E4CA93, cid=10, seq=0, Watch-ALL_COMMITTED(6), Message:<EMPTY>, reply=RaftClientReply:client-B7AACEF92521->9d0a2f75-ce30-4dbd-af96-5adca13389b4@group-58B787E4CA93, cid=10, FAILED org.apache.ratis.protocol.NotLeaderException: Server 9d0a2f75-ce30-4dbd-af96-5adca13389b4@group-58B787E4CA93 is not the leader b7ce392e-07e5-43c4-a049-3141454252ec:192.168.69.85:43203, logIndex=0, commits[9d0a2f75-ce30-4dbd-af96-5adca13389b4:c10, b7ce392e-07e5-43c4-a049-3141454252ec:c10, 25bdb850-9456-40e4-9e32-2249eb72d793:c4]
2019-10-18 13:45:21,989 [EventQueue-ContainerReportForContainerReportHandler] WARN  container.ContainerReportHandler (AbstractContainerReportHandler.java:updateContainerState(145)) - Container #1 is in OPEN state, but the datanode b7ce392e-07e5-43c4-a049-3141454252ec{ip: 192.168.69.85, host: pr-hdds-2292-qcvbb-3996421426, networkLocation: /default-rack, certSerialId: null} reports an CLOSED replica.
2019-10-18 13:45:22,187 [BlockDeletingService#2] WARN  background.BlockDeletingService (BlockDeletingService.java:isDeletionAllowed(187)) - Close Container log Index 6 is not replicated across allthe servers in the pipeline 959e288b-eace-4bc0-b5b0-58b787e4ca93 as the min replicated index is 4. Deletion is not allowed in this container yet.
2019-10-18 13:45:22,187 [BlockDeletingService#2] WARN  background.BlockDeletingService (BlockDeletingService.java:isDeletionAllowed(187)) - Close Container log Index 6 is not replicated across allthe servers in the pipeline 959e288b-eace-4bc0-b5b0-58b787e4ca93 as the min replicated index is 4. Deletion is not allowed in this container yet.
2019-10-18 13:45:22,209 [EventQueue-ContainerReportForContainerReportHandler] WARN  container.ContainerReportHandler (AbstractContainerReportHandler.java:updateContainerState(145)) - Container #1 is in OPEN state, but the datanode 9d0a2f75-ce30-4dbd-af96-5adca13389b4{ip: 192.168.69.85, host: pr-hdds-2292-qcvbb-3996421426, networkLocation: /default-rack, certSerialId: null} reports an CLOSED replica.
2019-10-18 13:45:22,390 [EventQueue-ContainerReportForContainerReportHandler] WARN  container.ContainerReportHandler (AbstractContainerReportHandler.java:updateContainerState(145)) - Container #1 is in OPEN state, but the datanode b7ce392e-07e5-43c4-a049-3141454252ec{ip: 192.168.69.85, host: pr-hdds-2292-qcvbb-3996421426, networkLocation: /default-rack, certSerialId: null} reports an CLOSED replica.
2019-10-18 13:45:22,510 [EventQueue-ContainerReportForContainerReportHandler] WARN  container.ContainerReportHandler (AbstractContainerReportHandler.java:updateContainerState(145)) - Container #1 is in OPEN state, but the datanode 9d0a2f75-ce30-4dbd-af96-5adca13389b4{ip: 192.168.69.85, host: pr-hdds-2292-qcvbb-3996421426, networkLocation: /default-rack, certSerialId: null} reports an CLOSED replica.
2019-10-18 13:45:22,738 [java.util.concurrent.ThreadPoolExecutor$Worker@5eab71ed[State = -1, empty queue]] WARN  server.GrpcLogAppender (GrpcLogAppender.java:timeoutAppendRequest(209)) - b7ce392e-07e5-43c4-a049-3141454252ec@group-58B787E4CA93->25bdb850-9456-40e4-9e32-2249eb72d793-GrpcLogAppender: appendEntries Timeout, request=b7ce392e-07e5-43c4-a049-3141454252ec->25bdb850-9456-40e4-9e32-2249eb72d793#41-t3, previous=(t:3, i:10), leaderCommit=10, initializing? false, entries: <empty>
2019-10-18 13:45:22,790 [EventQueue-ContainerReportForContainerReportHandler] WARN  container.ContainerReportHandler (AbstractContainerReportHandler.java:updateContainerState(145)) - Container #1 is in OPEN state, but the datanode b7ce392e-07e5-43c4-a049-3141454252ec{ip: 192.168.69.85, host: pr-hdds-2292-qcvbb-3996421426, networkLocation: /default-rack, certSerialId: null} reports an CLOSED replica.
2019-10-18 13:45:22,810 [EventQueue-ContainerReportForContainerReportHandler] WARN  container.ContainerReportHandler (AbstractContainerReportHandler.java:updateContainerState(145)) - Container #1 is in OPEN state, but the datanode 9d0a2f75-ce30-4dbd-af96-5adca13389b4{ip: 192.168.69.85, host: pr-hdds-2292-qcvbb-3996421426, networkLocation: /default-rack, certSerialId: null} reports an CLOSED replica.
2019-10-18 13:45:22,884 [Thread-472] INFO  client.GrpcClientProtocolService (GrpcClientProtocolService.java:lambda$processClientRequest$0(278)) - Failed RaftClientRequest:client-B7AACEF92521->b7ce392e-07e5-43c4-a049-3141454252ec@group-58B787E4CA93, cid=10, seq=0, Watch-ALL_COMMITTED(6), Message:<EMPTY>, reply=RaftClientReply:client-B7AACEF92521->b7ce392e-07e5-43c4-a049-3141454252ec@group-58B787E4CA93, cid=10, FAILED org.apache.ratis.protocol.NotReplicatedException: Request with call Id 10 and log index 6 is not yet replicated to ALL_COMMITTED, logIndex=6, commits[b7ce392e-07e5-43c4-a049-3141454252ec:c10, 9d0a2f75-ce30-4dbd-af96-5adca13389b4:c10, 25bdb850-9456-40e4-9e32-2249eb72d793:c4]
2019-10-18 13:45:23,010 [EventQueue-ContainerReportForContainerReportHandler] WARN  container.ContainerReportHandler (AbstractContainerReportHandler.java:updateContainerState(145)) - Container #1 is in OPEN state, but the datanode 9d0a2f75-ce30-4dbd-af96-5adca13389b4{ip: 192.168.69.85, host: pr-hdds-2292-qcvbb-3996421426, networkLocation: /default-rack, certSerialId: null} reports an CLOSED replica.
2019-10-18 13:45:23,090 [EventQueue-ContainerReportForContainerReportHandler] WARN  container.ContainerReportHandler (AbstractContainerReportHandler.java:updateContainerState(145)) - Container #1 is in OPEN state, but the datanode b7ce392e-07e5-43c4-a049-3141454252ec{ip: 192.168.69.85, host: pr-hdds-2292-qcvbb-3996421426, networkLocation: /default-rack, certSerialId: null} reports an CLOSED replica.
2019-10-18 13:45:23,189 [BlockDeletingService#2] WARN  background.BlockDeletingService (BlockDeletingService.java:isDeletionAllowed(187)) - Close Container log Index 6 is not replicated across allthe servers in the pipeline 959e288b-eace-4bc0-b5b0-58b787e4ca93 as the min replicated index is 4. Deletion is not allowed in this container yet.
2019-10-18 13:45:23,190 [BlockDeletingService#2] WARN  background.BlockDeletingService (BlockDeletingService.java:isDeletionAllowed(187)) - Close Container log Index 6 is not replicated across allthe servers in the pipeline 959e288b-eace-4bc0-b5b0-58b787e4ca93 as the min replicated index is 4. Deletion is not allowed in this container yet.
2019-10-18 13:45:23,292 [EventQueue-ContainerReportForContainerReportHandler] WARN  container.ContainerReportHandler (AbstractContainerReportHandler.java:updateContainerState(145)) - Container #1 is in OPEN state, but the datanode b7ce392e-07e5-43c4-a049-3141454252ec{ip: 192.168.69.85, host: pr-hdds-2292-qcvbb-3996421426, networkLocation: /default-rack, certSerialId: null} reports an CLOSED replica.
2019-10-18 13:45:23,310 [EventQueue-ContainerReportForContainerReportHandler] WARN  container.ContainerReportHandler (AbstractContainerReportHandler.java:updateContainerState(145)) - Container #1 is in OPEN state, but the datanode 9d0a2f75-ce30-4dbd-af96-5adca13389b4{ip: 192.168.69.85, host: pr-hdds-2292-qcvbb-3996421426, networkLocation: /default-rack, certSerialId: null} reports an CLOSED replica.
2019-10-18 13:45:23,511 [EventQueue-ContainerReportForContainerReportHandler] WARN  container.ContainerReportHandler (AbstractContainerReportHandler.java:updateContainerState(145)) - Container #1 is in OPEN state, but the datanode 9d0a2f75-ce30-4dbd-af96-5adca13389b4{ip: 192.168.69.85, host: pr-hdds-2292-qcvbb-3996421426, networkLocation: /default-rack, certSerialId: null} reports an CLOSED replica.
2019-10-18 13:45:23,592 [EventQueue-ContainerReportForContainerReportHandler] WARN  container.ContainerReportHandler (AbstractContainerReportHandler.java:updateContainerState(145)) - Container #1 is in OPEN state, but the datanode b7ce392e-07e5-43c4-a049-3141454252ec{ip: 192.168.69.85, host: pr-hdds-2292-qcvbb-3996421426, networkLocation: /default-rack, certSerialId: null} reports an CLOSED replica.
2019-10-18 13:45:23,792 [EventQueue-ContainerReportForContainerReportHandler] WARN  container.ContainerReportHandler (AbstractContainerReportHandler.java:updateContainerState(145)) - Container #1 is in OPEN state, but the datanode b7ce392e-07e5-43c4-a049-3141454252ec{ip: 192.168.69.85, host: pr-hdds-2292-qcvbb-3996421426, networkLocation: /default-rack, certSerialId: null} reports an CLOSED replica.
2019-10-18 13:45:23,911 [EventQueue-ContainerReportForContainerReportHandler] WARN  container.ContainerReportHandler (AbstractContainerReportHandler.java:updateContainerState(145)) - Container #1 is in OPEN state, but the datanode 9d0a2f75-ce30-4dbd-af96-5adca13389b4{ip: 192.168.69.85, host: pr-hdds-2292-qcvbb-3996421426, networkLocation: /default-rack, certSerialId: null} reports an CLOSED replica.
2019-10-18 13:45:24,093 [EventQueue-ContainerReportForContainerReportHandler] WARN  container.ContainerReportHandler (AbstractContainerReportHandler.java:updateContainerState(145)) - Container #1 is in OPEN state, but the datanode b7ce392e-07e5-43c4-a049-3141454252ec{ip: 192.168.69.85, host: pr-hdds-2292-qcvbb-3996421426, networkLocation: /default-rack, certSerialId: null} reports an CLOSED replica.
2019-10-18 13:45:24,112 [EventQueue-ContainerReportForContainerReportHandler] WARN  container.ContainerReportHandler (AbstractContainerReportHandler.java:updateContainerState(145)) - Container #1 is in OPEN state, but the datanode 9d0a2f75-ce30-4dbd-af96-5adca13389b4{ip: 192.168.69.85, host: pr-hdds-2292-qcvbb-3996421426, networkLocation: /default-rack, certSerialId: null} reports an CLOSED replica.
2019-10-18 13:45:24,192 [BlockDeletingService#2] WARN  background.BlockDeletingService (BlockDeletingService.java:isDeletionAllowed(187)) - Close Container log Index 6 is not replicated across allthe servers in the pipeline 959e288b-eace-4bc0-b5b0-58b787e4ca93 as the min replicated index is 4. Deletion is not allowed in this container yet.
2019-10-18 13:45:24,192 [BlockDeletingService#2] WARN  background.BlockDeletingService (BlockDeletingService.java:isDeletionAllowed(187)) - Close Container log Index 6 is not replicated across allthe servers in the pipeline 959e288b-eace-4bc0-b5b0-58b787e4ca93 as the min replicated index is 4. Deletion is not allowed in this container yet.
2019-10-18 13:45:24,394 [EventQueue-ContainerReportForContainerReportHandler] WARN  container.ContainerReportHandler (AbstractContainerReportHandler.java:updateContainerState(145)) - Container #1 is in OPEN state, but the datanode b7ce392e-07e5-43c4-a049-3141454252ec{ip: 192.168.69.85, host: pr-hdds-2292-qcvbb-3996421426, networkLocation: /default-rack, certSerialId: null} reports an CLOSED replica.
2019-10-18 13:45:24,412 [EventQueue-ContainerReportForContainerReportHandler] WARN  container.ContainerReportHandler (AbstractContainerReportHandler.java:updateContainerState(145)) - Container #1 is in OPEN state, but the datanode 9d0a2f75-ce30-4dbd-af96-5adca13389b4{ip: 192.168.69.85, host: pr-hdds-2292-qcvbb-3996421426, networkLocation: /default-rack, certSerialId: null} reports an CLOSED replica.
2019-10-18 13:45:24,612 [EventQueue-ContainerReportForContainerReportHandler] WARN  container.ContainerReportHandler (AbstractContainerReportHandler.java:updateContainerState(145)) - Container #1 is in OPEN state, but the datanode 9d0a2f75-ce30-4dbd-af96-5adca13389b4{ip: 192.168.69.85, host: pr-hdds-2292-qcvbb-3996421426, networkLocation: /default-rack, certSerialId: null} reports an CLOSED replica.
2019-10-18 13:45:24,693 [EventQueue-ContainerReportForContainerReportHandler] WARN  container.ContainerReportHandler (AbstractContainerReportHandler.java:updateContainerState(145)) - Container #1 is in OPEN state, but the datanode b7ce392e-07e5-43c4-a049-3141454252ec{ip: 192.168.69.85, host: pr-hdds-2292-qcvbb-3996421426, networkLocation: /default-rack, certSerialId: null} reports an CLOSED replica.
2019-10-18 13:45:24,993 [EventQueue-ContainerReportForContainerReportHandler] WARN  container.ContainerReportHandler (AbstractContainerReportHandler.java:updateContainerState(145)) - Container #1 is in OPEN state, but the datanode b7ce392e-07e5-43c4-a049-3141454252ec{ip: 192.168.69.85, host: pr-hdds-2292-qcvbb-3996421426, networkLocation: /default-rack, certSerialId: null} reports an CLOSED replica.
2019-10-18 13:45:25,012 [EventQueue-ContainerReportForContainerReportHandler] WARN  container.ContainerReportHandler (AbstractContainerReportHandler.java:updateContainerState(145)) - Container #1 is in OPEN state, but the datanode 9d0a2f75-ce30-4dbd-af96-5adca13389b4{ip: 192.168.69.85, host: pr-hdds-2292-qcvbb-3996421426, networkLocation: /default-rack, certSerialId: null} reports an CLOSED replica.
2019-10-18 13:45:25,193 [BlockDeletingService#2] WARN  background.BlockDeletingService (BlockDeletingService.java:isDeletionAllowed(187)) - Close Container log Index 6 is not replicated across allthe servers in the pipeline 959e288b-eace-4bc0-b5b0-58b787e4ca93 as the min replicated index is 4. Deletion is not allowed in this container yet.
2019-10-18 13:45:25,193 [BlockDeletingService#2] WARN  background.BlockDeletingService (BlockDeletingService.java:isDeletionAllowed(187)) - Close Container log Index 6 is not replicated across allthe servers in the pipeline 959e288b-eace-4bc0-b5b0-58b787e4ca93 as the min replicated index is 4. Deletion is not allowed in this container yet.
2019-10-18 13:45:25,239 [java.util.concurrent.ThreadPoolExecutor$Worker@5eab71ed[State = -1, empty queue]] WARN  server.GrpcLogAppender (GrpcLogAppender.java:timeoutAppendRequest(209)) - b7ce392e-07e5-43c4-a049-3141454252ec@group-58B787E4CA93->25bdb850-9456-40e4-9e32-2249eb72d793-GrpcLogAppender: appendEntries Timeout, request=b7ce392e-07e5-43c4-a049-3141454252ec->25bdb850-9456-40e4-9e32-2249eb72d793#42-t3, previous=(t:3, i:10), leaderCommit=10, initializing? false, entries: <empty>
2019-10-18 13:45:25,312 [EventQueue-ContainerReportForContainerReportHandler] WARN  container.ContainerReportHandler (AbstractContainerReportHandler.java:updateContainerState(145)) - Container #1 is in OPEN state, but the datanode 9d0a2f75-ce30-4dbd-af96-5adca13389b4{ip: 192.168.69.85, host: pr-hdds-2292-qcvbb-3996421426, networkLocation: /default-rack, certSerialId: null} reports an CLOSED replica.
2019-10-18 13:45:25,394 [EventQueue-ContainerReportForContainerReportHandler] WARN  container.ContainerReportHandler (AbstractContainerReportHandler.java:updateContainerState(145)) - Container #1 is in OPEN state, but the datanode b7ce392e-07e5-43c4-a049-3141454252ec{ip: 192.168.69.85, host: pr-hdds-2292-qcvbb-3996421426, networkLocation: /default-rack, certSerialId: null} reports an CLOSED replica.
2019-10-18 13:45:25,612 [EventQueue-ContainerReportForContainerReportHandler] WARN  container.ContainerReportHandler (AbstractContainerReportHandler.java:updateContainerState(145)) - Container #1 is in OPEN state, but the datanode 9d0a2f75-ce30-4dbd-af96-5adca13389b4{ip: 192.168.69.85, host: pr-hdds-2292-qcvbb-3996421426, networkLocation: /default-rack, certSerialId: null} reports an CLOSED replica.
2019-10-18 13:45:25,694 [EventQueue-ContainerReportForContainerReportHandler] WARN  container.ContainerReportHandler (AbstractContainerReportHandler.java:updateContainerState(145)) - Container #1 is in OPEN state, but the datanode b7ce392e-07e5-43c4-a049-3141454252ec{ip: 192.168.69.85, host: pr-hdds-2292-qcvbb-3996421426, networkLocation: /default-rack, certSerialId: null} reports an CLOSED replica.
2019-10-18 13:45:25,813 [EventQueue-ContainerReportForContainerReportHandler] WARN  container.ContainerReportHandler (AbstractContainerReportHandler.java:updateContainerState(145)) - Container #1 is in OPEN state, but the datanode 9d0a2f75-ce30-4dbd-af96-5adca13389b4{ip: 192.168.69.85, host: pr-hdds-2292-qcvbb-3996421426, networkLocation: /default-rack, certSerialId: null} reports an CLOSED replica.
2019-10-18 13:45:25,994 [EventQueue-ContainerReportForContainerReportHandler] WARN  container.ContainerReportHandler (AbstractContainerReportHandler.java:updateContainerState(145)) - Container #1 is in OPEN state, but the datanode b7ce392e-07e5-43c4-a049-3141454252ec{ip: 192.168.69.85, host: pr-hdds-2292-qcvbb-3996421426, networkLocation: /default-rack, certSerialId: null} reports an CLOSED replica.
2019-10-18 13:45:26,113 [EventQueue-ContainerReportForContainerReportHandler] WARN  container.ContainerReportHandler (AbstractContainerReportHandler.java:updateContainerState(145)) - Container #1 is in OPEN state, but the datanode 9d0a2f75-ce30-4dbd-af96-5adca13389b4{ip: 192.168.69.85, host: pr-hdds-2292-qcvbb-3996421426, networkLocation: /default-rack, certSerialId: null} reports an CLOSED replica.
2019-10-18 13:45:26,195 [BlockDeletingService#2] WARN  background.BlockDeletingService (BlockDeletingService.java:isDeletionAllowed(187)) - Close Container log Index 6 is not replicated across allthe servers in the pipeline 959e288b-eace-4bc0-b5b0-58b787e4ca93 as the min replicated index is 4. Deletion is not allowed in this container yet.
2019-10-18 13:45:26,195 [BlockDeletingService#2] WARN  background.BlockDeletingService (BlockDeletingService.java:isDeletionAllowed(187)) - Close Container log Index 6 is not replicated across allthe servers in the pipeline 959e288b-eace-4bc0-b5b0-58b787e4ca93 as the min replicated index is 4. Deletion is not allowed in this container yet.
2019-10-18 13:45:26,294 [EventQueue-ContainerReportForContainerReportHandler] WARN  container.ContainerReportHandler (AbstractContainerReportHandler.java:updateContainerState(145)) - Container #1 is in OPEN state, but the datanode b7ce392e-07e5-43c4-a049-3141454252ec{ip: 192.168.69.85, host: pr-hdds-2292-qcvbb-3996421426, networkLocation: /default-rack, certSerialId: null} reports an CLOSED replica.
2019-10-18 13:45:26,413 [EventQueue-ContainerReportForContainerReportHandler] WARN  container.ContainerReportHandler (AbstractContainerReportHandler.java:updateContainerState(145)) - Container #1 is in OPEN state, but the datanode 9d0a2f75-ce30-4dbd-af96-5adca13389b4{ip: 192.168.69.85, host: pr-hdds-2292-qcvbb-3996421426, networkLocation: /default-rack, certSerialId: null} reports an CLOSED replica.
2019-10-18 13:45:26,494 [EventQueue-ContainerReportForContainerReportHandler] WARN  container.ContainerReportHandler (AbstractContainerReportHandler.java:updateContainerState(145)) - Container #1 is in OPEN state, but the datanode b7ce392e-07e5-43c4-a049-3141454252ec{ip: 192.168.69.85, host: pr-hdds-2292-qcvbb-3996421426, networkLocation: /default-rack, certSerialId: null} reports an CLOSED replica.
2019-10-18 13:45:26,695 [EventQueue-ContainerReportForContainerReportHandler] WARN  container.ContainerReportHandler (AbstractContainerReportHandler.java:updateContainerState(145)) - Container #1 is in OPEN state, but the datanode b7ce392e-07e5-43c4-a049-3141454252ec{ip: 192.168.69.85, host: pr-hdds-2292-qcvbb-3996421426, networkLocation: /default-rack, certSerialId: null} reports an CLOSED replica.
2019-10-18 13:45:26,713 [EventQueue-ContainerReportForContainerReportHandler] WARN  container.ContainerReportHandler (AbstractContainerReportHandler.java:updateContainerState(145)) - Container #1 is in OPEN state, but the datanode 9d0a2f75-ce30-4dbd-af96-5adca13389b4{ip: 192.168.69.85, host: pr-hdds-2292-qcvbb-3996421426, networkLocation: /default-rack, certSerialId: null} reports an CLOSED replica.
2019-10-18 13:45:27,014 [EventQueue-ContainerReportForContainerReportHandler] WARN  container.ContainerReportHandler (AbstractContainerReportHandler.java:updateContainerState(145)) - Container #1 is in OPEN state, but the datanode 9d0a2f75-ce30-4dbd-af96-5adca13389b4{ip: 192.168.69.85, host: pr-hdds-2292-qcvbb-3996421426, networkLocation: /default-rack, certSerialId: null} reports an CLOSED replica.
2019-10-18 13:45:27,096 [EventQueue-ContainerReportForContainerReportHandler] WARN  container.ContainerReportHandler (AbstractContainerReportHandler.java:updateContainerState(145)) - Container #1 is in OPEN state, but the datanode b7ce392e-07e5-43c4-a049-3141454252ec{ip: 192.168.69.85, host: pr-hdds-2292-qcvbb-3996421426, networkLocation: /default-rack, certSerialId: null} reports an CLOSED replica.
2019-10-18 13:45:27,197 [BlockDeletingService#2] WARN  background.BlockDeletingService (BlockDeletingService.java:isDeletionAllowed(187)) - Close Container log Index 6 is not replicated across allthe servers in the pipeline 959e288b-eace-4bc0-b5b0-58b787e4ca93 as the min replicated index is 4. Deletion is not allowed in this container yet.
2019-10-18 13:45:27,197 [BlockDeletingService#2] WARN  background.BlockDeletingService (BlockDeletingService.java:isDeletionAllowed(187)) - Close Container log Index 6 is not replicated across allthe servers in the pipeline 959e288b-eace-4bc0-b5b0-58b787e4ca93 as the min replicated index is 4. Deletion is not allowed in this container yet.
2019-10-18 13:45:27,214 [EventQueue-ContainerReportForContainerReportHandler] WARN  container.ContainerReportHandler (AbstractContainerReportHandler.java:updateContainerState(145)) - Container #1 is in OPEN state, but the datanode 9d0a2f75-ce30-4dbd-af96-5adca13389b4{ip: 192.168.69.85, host: pr-hdds-2292-qcvbb-3996421426, networkLocation: /default-rack, certSerialId: null} reports an CLOSED replica.
2019-10-18 13:45:27,396 [EventQueue-ContainerReportForContainerReportHandler] WARN  container.ContainerReportHandler (AbstractContainerReportHandler.java:updateContainerState(145)) - Container #1 is in OPEN state, but the datanode b7ce392e-07e5-43c4-a049-3141454252ec{ip: 192.168.69.85, host: pr-hdds-2292-qcvbb-3996421426, networkLocation: /default-rack, certSerialId: null} reports an CLOSED replica.
2019-10-18 13:45:27,596 [EventQueue-ContainerReportForContainerReportHandler] WARN  container.ContainerReportHandler (AbstractContainerReportHandler.java:updateContainerState(145)) - Container #1 is in OPEN state, but the datanode b7ce392e-07e5-43c4-a049-3141454252ec{ip: 192.168.69.85, host: pr-hdds-2292-qcvbb-3996421426, networkLocation: /default-rack, certSerialId: null} reports an CLOSED replica.
2019-10-18 13:45:27,614 [EventQueue-ContainerReportForContainerReportHandler] WARN  container.ContainerReportHandler (AbstractContainerReportHandler.java:updateContainerState(145)) - Container #1 is in OPEN state, but the datanode 9d0a2f75-ce30-4dbd-af96-5adca13389b4{ip: 192.168.69.85, host: pr-hdds-2292-qcvbb-3996421426, networkLocation: /default-rack, certSerialId: null} reports an CLOSED replica.
2019-10-18 13:45:27,740 [java.util.concurrent.ThreadPoolExecutor$Worker@5eab71ed[State = -1, empty queue]] WARN  server.GrpcLogAppender (GrpcLogAppender.java:timeoutAppendRequest(209)) - b7ce392e-07e5-43c4-a049-3141454252ec@group-58B787E4CA93->25bdb850-9456-40e4-9e32-2249eb72d793-GrpcLogAppender: appendEntries Timeout, request=b7ce392e-07e5-43c4-a049-3141454252ec->25bdb850-9456-40e4-9e32-2249eb72d793#43-t3, previous=(t:3, i:10), leaderCommit=10, initializing? false, entries: <empty>
2019-10-18 13:45:27,914 [EventQueue-ContainerReportForContainerReportHandler] WARN  container.ContainerReportHandler (AbstractContainerReportHandler.java:updateContainerState(145)) - Container #1 is in OPEN state, but the datanode 9d0a2f75-ce30-4dbd-af96-5adca13389b4{ip: 192.168.69.85, host: pr-hdds-2292-qcvbb-3996421426, networkLocation: /default-rack, certSerialId: null} reports an CLOSED replica.
2019-10-18 13:45:27,996 [EventQueue-ContainerReportForContainerReportHandler] WARN  container.ContainerReportHandler (AbstractContainerReportHandler.java:updateContainerState(145)) - Container #1 is in OPEN state, but the datanode b7ce392e-07e5-43c4-a049-3141454252ec{ip: 192.168.69.85, host: pr-hdds-2292-qcvbb-3996421426, networkLocation: /default-rack, certSerialId: null} reports an CLOSED replica.
2019-10-18 13:45:28,117 [EventQueue-ContainerReportForContainerReportHandler] WARN  container.ContainerReportHandler (AbstractContainerReportHandler.java:updateContainerState(145)) - Container #1 is in OPEN state, but the datanode 9d0a2f75-ce30-4dbd-af96-5adca13389b4{ip: 192.168.69.85, host: pr-hdds-2292-qcvbb-3996421426, networkLocation: /default-rack, certSerialId: null} reports an CLOSED replica.
2019-10-18 13:45:28,199 [BlockDeletingService#2] WARN  background.BlockDeletingService (BlockDeletingService.java:isDeletionAllowed(187)) - Close Container log Index 6 is not replicated across allthe servers in the pipeline 959e288b-eace-4bc0-b5b0-58b787e4ca93 as the min replicated index is 4. Deletion is not allowed in this container yet.
2019-10-18 13:45:28,199 [BlockDeletingService#2] WARN  background.BlockDeletingService (BlockDeletingService.java:isDeletionAllowed(187)) - Close Container log Index 6 is not replicated across allthe servers in the pipeline 959e288b-eace-4bc0-b5b0-58b787e4ca93 as the min replicated index is 4. Deletion is not allowed in this container yet.
2019-10-18 13:45:28,297 [EventQueue-ContainerReportForContainerReportHandler] WARN  container.ContainerReportHandler (AbstractContainerReportHandler.java:updateContainerState(145)) - Container #1 is in OPEN state, but the datanode b7ce392e-07e5-43c4-a049-3141454252ec{ip: 192.168.69.85, host: pr-hdds-2292-qcvbb-3996421426, networkLocation: /default-rack, certSerialId: null} reports an CLOSED replica.
2019-10-18 13:45:28,417 [EventQueue-ContainerReportForContainerReportHandler] WARN  container.ContainerReportHandler (AbstractContainerReportHandler.java:updateContainerState(145)) - Container #1 is in OPEN state, but the datanode 9d0a2f75-ce30-4dbd-af96-5adca13389b4{ip: 192.168.69.85, host: pr-hdds-2292-qcvbb-3996421426, networkLocation: /default-rack, certSerialId: null} reports an CLOSED replica.
2019-10-18 13:45:28,497 [EventQueue-ContainerReportForContainerReportHandler] WARN  container.ContainerReportHandler (AbstractContainerReportHandler.java:updateContainerState(145)) - Container #1 is in OPEN state, but the datanode b7ce392e-07e5-43c4-a049-3141454252ec{ip: 192.168.69.85, host: pr-hdds-2292-qcvbb-3996421426, networkLocation: /default-rack, certSerialId: null} reports an CLOSED replica.
2019-10-18 13:45:28,697 [EventQueue-ContainerReportForContainerReportHandler] WARN  container.ContainerReportHandler (AbstractContainerReportHandler.java:updateContainerState(145)) - Container #1 is in OPEN state, but the datanode b7ce392e-07e5-43c4-a049-3141454252ec{ip: 192.168.69.85, host: pr-hdds-2292-qcvbb-3996421426, networkLocation: /default-rack, certSerialId: null} reports an CLOSED replica.
2019-10-18 13:45:28,717 [EventQueue-ContainerReportForContainerReportHandler] WARN  container.ContainerReportHandler (AbstractContainerReportHandler.java:updateContainerState(145)) - Container #1 is in OPEN state, but the datanode 9d0a2f75-ce30-4dbd-af96-5adca13389b4{ip: 192.168.69.85, host: pr-hdds-2292-qcvbb-3996421426, networkLocation: /default-rack, certSerialId: null} reports an CLOSED replica.
2019-10-18 13:45:28,997 [EventQueue-ContainerReportForContainerReportHandler] WARN  container.ContainerReportHandler (AbstractContainerReportHandler.java:updateContainerState(145)) - Container #1 is in OPEN state, but the datanode b7ce392e-07e5-43c4-a049-3141454252ec{ip: 192.168.69.85, host: pr-hdds-2292-qcvbb-3996421426, networkLocation: /default-rack, certSerialId: null} reports an CLOSED replica.
2019-10-18 13:45:29,017 [EventQueue-ContainerReportForContainerReportHandler] WARN  container.ContainerReportHandler (AbstractContainerReportHandler.java:updateContainerState(145)) - Container #1 is in OPEN state, but the datanode 9d0a2f75-ce30-4dbd-af96-5adca13389b4{ip: 192.168.69.85, host: pr-hdds-2292-qcvbb-3996421426, networkLocation: /default-rack, certSerialId: null} reports an CLOSED replica.
2019-10-18 13:45:29,197 [EventQueue-ContainerReportForContainerReportHandler] WARN  container.ContainerReportHandler (AbstractContainerReportHandler.java:updateContainerState(145)) - Container #1 is in OPEN state, but the datanode b7ce392e-07e5-43c4-a049-3141454252ec{ip: 192.168.69.85, host: pr-hdds-2292-qcvbb-3996421426, networkLocation: /default-rack, certSerialId: null} reports an CLOSED replica.
2019-10-18 13:45:29,201 [BlockDeletingService#2] WARN  background.BlockDeletingService (BlockDeletingService.java:isDeletionAllowed(187)) - Close Container log Index 6 is not replicated across allthe servers in the pipeline 959e288b-eace-4bc0-b5b0-58b787e4ca93 as the min replicated index is 4. Deletion is not allowed in this container yet.
2019-10-18 13:45:29,201 [BlockDeletingService#2] WARN  background.BlockDeletingService (BlockDeletingService.java:isDeletionAllowed(187)) - Close Container log Index 6 is not replicated across allthe servers in the pipeline 959e288b-eace-4bc0-b5b0-58b787e4ca93 as the min replicated index is 4. Deletion is not allowed in this container yet.
2019-10-18 13:45:29,318 [EventQueue-ContainerReportForContainerReportHandler] WARN  container.ContainerReportHandler (AbstractContainerReportHandler.java:updateContainerState(145)) - Container #1 is in OPEN state, but the datanode 9d0a2f75-ce30-4dbd-af96-5adca13389b4{ip: 192.168.69.85, host: pr-hdds-2292-qcvbb-3996421426, networkLocation: /default-rack, certSerialId: null} reports an CLOSED replica.
2019-10-18 13:45:29,397 [EventQueue-ContainerReportForContainerReportHandler] WARN  container.ContainerReportHandler (AbstractContainerReportHandler.java:updateContainerState(145)) - Container #1 is in OPEN state, but the datanode b7ce392e-07e5-43c4-a049-3141454252ec{ip: 192.168.69.85, host: pr-hdds-2292-qcvbb-3996421426, networkLocation: /default-rack, certSerialId: null} reports an CLOSED replica.
2019-10-18 13:45:29,619 [EventQueue-ContainerReportForContainerReportHandler] WARN  container.ContainerReportHandler (AbstractContainerReportHandler.java:updateContainerState(145)) - Container #1 is in OPEN state, but the datanode 9d0a2f75-ce30-4dbd-af96-5adca13389b4{ip: 192.168.69.85, host: pr-hdds-2292-qcvbb-3996421426, networkLocation: /default-rack, certSerialId: null} reports an CLOSED replica.
2019-10-18 13:45:29,798 [EventQueue-ContainerReportForContainerReportHandler] WARN  container.ContainerReportHandler (AbstractContainerReportHandler.java:updateContainerState(145)) - Container #1 is in OPEN state, but the datanode b7ce392e-07e5-43c4-a049-3141454252ec{ip: 192.168.69.85, host: pr-hdds-2292-qcvbb-3996421426, networkLocation: /default-rack, certSerialId: null} reports an CLOSED replica.
2019-10-18 13:45:29,919 [EventQueue-ContainerReportForContainerReportHandler] WARN  container.ContainerReportHandler (AbstractContainerReportHandler.java:updateContainerState(145)) - Container #1 is in OPEN state, but the datanode 9d0a2f75-ce30-4dbd-af96-5adca13389b4{ip: 192.168.69.85, host: pr-hdds-2292-qcvbb-3996421426, networkLocation: /default-rack, certSerialId: null} reports an CLOSED replica.
2019-10-18 13:45:30,098 [EventQueue-ContainerReportForContainerReportHandler] WARN  container.ContainerReportHandler (AbstractContainerReportHandler.java:updateContainerState(145)) - Container #1 is in OPEN state, but the datanode b7ce392e-07e5-43c4-a049-3141454252ec{ip: 192.168.69.85, host: pr-hdds-2292-qcvbb-3996421426, networkLocation: /default-rack, certSerialId: null} reports an CLOSED replica.
2019-10-18 13:45:30,203 [BlockDeletingService#2] WARN  background.BlockDeletingService (BlockDeletingService.java:isDeletionAllowed(187)) - Close Container log Index 6 is not replicated across allthe servers in the pipeline 959e288b-eace-4bc0-b5b0-58b787e4ca93 as the min replicated index is 4. Deletion is not allowed in this container yet.
2019-10-18 13:45:30,203 [BlockDeletingService#2] WARN  background.BlockDeletingService (BlockDeletingService.java:isDeletionAllowed(187)) - Close Container log Index 6 is not replicated across allthe servers in the pipeline 959e288b-eace-4bc0-b5b0-58b787e4ca93 as the min replicated index is 4. Deletion is not allowed in this container yet.
2019-10-18 13:45:30,242 [java.util.concurrent.ThreadPoolExecutor$Worker@5eab71ed[State = -1, empty queue]] WARN  server.GrpcLogAppender (GrpcLogAppender.java:timeoutAppendRequest(209)) - b7ce392e-07e5-43c4-a049-3141454252ec@group-58B787E4CA93->25bdb850-9456-40e4-9e32-2249eb72d793-GrpcLogAppender: appendEntries Timeout, request=b7ce392e-07e5-43c4-a049-3141454252ec->25bdb850-9456-40e4-9e32-2249eb72d793#44-t3, previous=(t:3, i:10), leaderCommit=10, initializing? false, entries: <empty>
2019-10-18 13:45:30,299 [EventQueue-ContainerReportForContainerReportHandler] WARN  container.ContainerReportHandler (AbstractContainerReportHandler.java:updateContainerState(145)) - Container #1 is in OPEN state, but the datanode b7ce392e-07e5-43c4-a049-3141454252ec{ip: 192.168.69.85, host: pr-hdds-2292-qcvbb-3996421426, networkLocation: /default-rack, certSerialId: null} reports an CLOSED replica.
2019-10-18 13:45:30,319 [EventQueue-ContainerReportForContainerReportHandler] WARN  container.ContainerReportHandler (AbstractContainerReportHandler.java:updateContainerState(145)) - Container #1 is in OPEN state, but the datanode 9d0a2f75-ce30-4dbd-af96-5adca13389b4{ip: 192.168.69.85, host: pr-hdds-2292-qcvbb-3996421426, networkLocation: /default-rack, certSerialId: null} reports an CLOSED replica.
2019-10-18 13:45:30,598 [EventQueue-ContainerReportForContainerReportHandler] WARN  container.ContainerReportHandler (AbstractContainerReportHandler.java:updateContainerState(145)) - Container #1 is in OPEN state, but the datanode b7ce392e-07e5-43c4-a049-3141454252ec{ip: 192.168.69.85, host: pr-hdds-2292-qcvbb-3996421426, networkLocation: /default-rack, certSerialId: null} reports an CLOSED replica.
2019-10-18 13:45:30,619 [EventQueue-ContainerReportForContainerReportHandler] WARN  container.ContainerReportHandler (AbstractContainerReportHandler.java:updateContainerState(145)) - Container #1 is in OPEN state, but the datanode 9d0a2f75-ce30-4dbd-af96-5adca13389b4{ip: 192.168.69.85, host: pr-hdds-2292-qcvbb-3996421426, networkLocation: /default-rack, certSerialId: null} reports an CLOSED replica.
2019-10-18 13:45:30,899 [EventQueue-ContainerReportForContainerReportHandler] WARN  container.ContainerReportHandler (AbstractContainerReportHandler.java:updateContainerState(145)) - Container #1 is in OPEN state, but the datanode b7ce392e-07e5-43c4-a049-3141454252ec{ip: 192.168.69.85, host: pr-hdds-2292-qcvbb-3996421426, networkLocation: /default-rack, certSerialId: null} reports an CLOSED replica.
2019-10-18 13:45:30,919 [EventQueue-ContainerReportForContainerReportHandler] WARN  container.ContainerReportHandler (AbstractContainerReportHandler.java:updateContainerState(145)) - Container #1 is in OPEN state, but the datanode 9d0a2f75-ce30-4dbd-af96-5adca13389b4{ip: 192.168.69.85, host: pr-hdds-2292-qcvbb-3996421426, networkLocation: /default-rack, certSerialId: null} reports an CLOSED replica.
2019-10-18 13:45:31,205 [BlockDeletingService#2] WARN  background.BlockDeletingService (BlockDeletingService.java:isDeletionAllowed(187)) - Close Container log Index 6 is not replicated across allthe servers in the pipeline 959e288b-eace-4bc0-b5b0-58b787e4ca93 as the min replicated index is 4. Deletion is not allowed in this container yet.
2019-10-18 13:45:31,205 [BlockDeletingService#2] WARN  background.BlockDeletingService (BlockDeletingService.java:isDeletionAllowed(187)) - Close Container log Index 6 is not replicated across allthe servers in the pipeline 959e288b-eace-4bc0-b5b0-58b787e4ca93 as the min replicated index is 4. Deletion is not allowed in this container yet.
2019-10-18 13:45:31,219 [EventQueue-ContainerReportForContainerReportHandler] WARN  container.ContainerReportHandler (AbstractContainerReportHandler.java:updateContainerState(145)) - Container #1 is in OPEN state, but the datanode 9d0a2f75-ce30-4dbd-af96-5adca13389b4{ip: 192.168.69.85, host: pr-hdds-2292-qcvbb-3996421426, networkLocation: /default-rack, certSerialId: null} reports an CLOSED replica.
2019-10-18 13:45:31,299 [EventQueue-ContainerReportForContainerReportHandler] WARN  container.ContainerReportHandler (AbstractContainerReportHandler.java:updateContainerState(145)) - Container #1 is in OPEN state, but the datanode b7ce392e-07e5-43c4-a049-3141454252ec{ip: 192.168.69.85, host: pr-hdds-2292-qcvbb-3996421426, networkLocation: /default-rack, certSerialId: null} reports an CLOSED replica.
2019-10-18 13:45:31,520 [EventQueue-ContainerReportForContainerReportHandler] WARN  container.ContainerReportHandler (AbstractContainerReportHandler.java:updateContainerState(145)) - Container #1 is in OPEN state, but the datanode 9d0a2f75-ce30-4dbd-af96-5adca13389b4{ip: 192.168.69.85, host: pr-hdds-2292-qcvbb-3996421426, networkLocation: /default-rack, certSerialId: null} reports an CLOSED replica.
2019-10-18 13:45:31,600 [EventQueue-ContainerReportForContainerReportHandler] WARN  container.ContainerReportHandler (AbstractContainerReportHandler.java:updateContainerState(145)) - Container #1 is in OPEN state, but the datanode b7ce392e-07e5-43c4-a049-3141454252ec{ip: 192.168.69.85, host: pr-hdds-2292-qcvbb-3996421426, networkLocation: /default-rack, certSerialId: null} reports an CLOSED replica.
2019-10-18 13:45:31,720 [EventQueue-ContainerReportForContainerReportHandler] WARN  container.ContainerReportHandler (AbstractContainerReportHandler.java:updateContainerState(145)) - Container #1 is in OPEN state, but the datanode 9d0a2f75-ce30-4dbd-af96-5adca13389b4{ip: 192.168.69.85, host: pr-hdds-2292-qcvbb-3996421426, networkLocation: /default-rack, certSerialId: null} reports an CLOSED replica.
2019-10-18 13:45:31,884 [Thread-497] INFO  client.GrpcClientProtocolService (GrpcClientProtocolService.java:lambda$processClientRequest$0(278)) - Failed RaftClientRequest:client-B7AACEF92521->b7ce392e-07e5-43c4-a049-3141454252ec@group-58B787E4CA93, cid=10, seq=0, Watch-ALL_COMMITTED(6), Message:<EMPTY>, reply=RaftClientReply:client-B7AACEF92521->b7ce392e-07e5-43c4-a049-3141454252ec@group-58B787E4CA93, cid=10, FAILED org.apache.ratis.protocol.NotReplicatedException: Request with call Id 10 and log index 6 is not yet replicated to ALL_COMMITTED, logIndex=6, commits[b7ce392e-07e5-43c4-a049-3141454252ec:c10, 9d0a2f75-ce30-4dbd-af96-5adca13389b4:c10, 25bdb850-9456-40e4-9e32-2249eb72d793:c4]
2019-10-18 13:45:31,999 [EventQueue-ContainerReportForContainerReportHandler] WARN  container.ContainerReportHandler (AbstractContainerReportHandler.java:updateContainerState(145)) - Container #1 is in OPEN state, but the datanode b7ce392e-07e5-43c4-a049-3141454252ec{ip: 192.168.69.85, host: pr-hdds-2292-qcvbb-3996421426, networkLocation: /default-rack, certSerialId: null} reports an CLOSED replica.
2019-10-18 13:45:32,020 [EventQueue-ContainerReportForContainerReportHandler] WARN  container.ContainerReportHandler (AbstractContainerReportHandler.java:updateContainerState(145)) - Container #1 is in OPEN state, but the datanode 9d0a2f75-ce30-4dbd-af96-5adca13389b4{ip: 192.168.69.85, host: pr-hdds-2292-qcvbb-3996421426, networkLocation: /default-rack, certSerialId: null} reports an CLOSED replica.
2019-10-18 13:45:32,206 [BlockDeletingService#2] WARN  background.BlockDeletingService (BlockDeletingService.java:isDeletionAllowed(187)) - Close Container log Index 6 is not replicated across allthe servers in the pipeline 959e288b-eace-4bc0-b5b0-58b787e4ca93 as the min replicated index is 4. Deletion is not allowed in this container yet.
2019-10-18 13:45:32,206 [BlockDeletingService#2] WARN  background.BlockDeletingService (BlockDeletingService.java:isDeletionAllowed(187)) - Close Container log Index 6 is not replicated across allthe servers in the pipeline 959e288b-eace-4bc0-b5b0-58b787e4ca93 as the min replicated index is 4. Deletion is not allowed in this container yet.
2019-10-18 13:45:32,300 [EventQueue-ContainerReportForContainerReportHandler] WARN  container.ContainerReportHandler (AbstractContainerReportHandler.java:updateContainerState(145)) - Container #1 is in OPEN state, but the datanode b7ce392e-07e5-43c4-a049-3141454252ec{ip: 192.168.69.85, host: pr-hdds-2292-qcvbb-3996421426, networkLocation: /default-rack, certSerialId: null} reports an CLOSED replica.
2019-10-18 13:45:32,420 [EventQueue-ContainerReportForContainerReportHandler] WARN  container.ContainerReportHandler (AbstractContainerReportHandler.java:updateContainerState(145)) - Container #1 is in OPEN state, but the datanode 9d0a2f75-ce30-4dbd-af96-5adca13389b4{ip: 192.168.69.85, host: pr-hdds-2292-qcvbb-3996421426, networkLocation: /default-rack, certSerialId: null} reports an CLOSED replica.
2019-10-18 13:45:32,600 [EventQueue-ContainerReportForContainerReportHandler] WARN  container.ContainerReportHandler (AbstractContainerReportHandler.java:updateContainerState(145)) - Container #1 is in OPEN state, but the datanode b7ce392e-07e5-43c4-a049-3141454252ec{ip: 192.168.69.85, host: pr-hdds-2292-qcvbb-3996421426, networkLocation: /default-rack, certSerialId: null} reports an CLOSED replica.
2019-10-18 13:45:32,720 [EventQueue-ContainerReportForContainerReportHandler] WARN  container.ContainerReportHandler (AbstractContainerReportHandler.java:updateContainerState(145)) - Container #1 is in OPEN state, but the datanode 9d0a2f75-ce30-4dbd-af96-5adca13389b4{ip: 192.168.69.85, host: pr-hdds-2292-qcvbb-3996421426, networkLocation: /default-rack, certSerialId: null} reports an CLOSED replica.
2019-10-18 13:45:32,744 [java.util.concurrent.ThreadPoolExecutor$Worker@5eab71ed[State = -1, empty queue]] WARN  server.GrpcLogAppender (GrpcLogAppender.java:timeoutAppendRequest(209)) - b7ce392e-07e5-43c4-a049-3141454252ec@group-58B787E4CA93->25bdb850-9456-40e4-9e32-2249eb72d793-GrpcLogAppender: appendEntries Timeout, request=b7ce392e-07e5-43c4-a049-3141454252ec->25bdb850-9456-40e4-9e32-2249eb72d793#45-t3, previous=(t:3, i:10), leaderCommit=10, initializing? false, entries: <empty>
2019-10-18 13:45:32,901 [EventQueue-ContainerReportForContainerReportHandler] WARN  container.ContainerReportHandler (AbstractContainerReportHandler.java:updateContainerState(145)) - Container #1 is in OPEN state, but the datanode b7ce392e-07e5-43c4-a049-3141454252ec{ip: 192.168.69.85, host: pr-hdds-2292-qcvbb-3996421426, networkLocation: /default-rack, certSerialId: null} reports an CLOSED replica.
2019-10-18 13:45:33,020 [EventQueue-ContainerReportForContainerReportHandler] WARN  container.ContainerReportHandler (AbstractContainerReportHandler.java:updateContainerState(145)) - Container #1 is in OPEN state, but the datanode 9d0a2f75-ce30-4dbd-af96-5adca13389b4{ip: 192.168.69.85, host: pr-hdds-2292-qcvbb-3996421426, networkLocation: /default-rack, certSerialId: null} reports an CLOSED replica.
2019-10-18 13:45:33,201 [EventQueue-ContainerReportForContainerReportHandler] WARN  container.ContainerReportHandler (AbstractContainerReportHandler.java:updateContainerState(145)) - Container #1 is in OPEN state, but the datanode b7ce392e-07e5-43c4-a049-3141454252ec{ip: 192.168.69.85, host: pr-hdds-2292-qcvbb-3996421426, networkLocation: /default-rack, certSerialId: null} reports an CLOSED replica.
2019-10-18 13:45:33,209 [BlockDeletingService#2] WARN  background.BlockDeletingService (BlockDeletingService.java:isDeletionAllowed(187)) - Close Container log Index 6 is not replicated across allthe servers in the pipeline 959e288b-eace-4bc0-b5b0-58b787e4ca93 as the min replicated index is 4. Deletion is not allowed in this container yet.
2019-10-18 13:45:33,209 [BlockDeletingService#2] WARN  background.BlockDeletingService (BlockDeletingService.java:isDeletionAllowed(187)) - Close Container log Index 6 is not replicated across allthe servers in the pipeline 959e288b-eace-4bc0-b5b0-58b787e4ca93 as the min replicated index is 4. Deletion is not allowed in this container yet.
2019-10-18 13:45:33,220 [EventQueue-ContainerReportForContainerReportHandler] WARN  container.ContainerReportHandler (AbstractContainerReportHandler.java:updateContainerState(145)) - Container #1 is in OPEN state, but the datanode 9d0a2f75-ce30-4dbd-af96-5adca13389b4{ip: 192.168.69.85, host: pr-hdds-2292-qcvbb-3996421426, networkLocation: /default-rack, certSerialId: null} reports an CLOSED replica.
2019-10-18 13:45:33,420 [EventQueue-ContainerReportForContainerReportHandler] WARN  container.ContainerReportHandler (AbstractContainerReportHandler.java:updateContainerState(145)) - Container #1 is in OPEN state, but the datanode 9d0a2f75-ce30-4dbd-af96-5adca13389b4{ip: 192.168.69.85, host: pr-hdds-2292-qcvbb-3996421426, networkLocation: /default-rack, certSerialId: null} reports an CLOSED replica.
2019-10-18 13:45:33,501 [EventQueue-ContainerReportForContainerReportHandler] WARN  container.ContainerReportHandler (AbstractContainerReportHandler.java:updateContainerState(145)) - Container #1 is in OPEN state, but the datanode b7ce392e-07e5-43c4-a049-3141454252ec{ip: 192.168.69.85, host: pr-hdds-2292-qcvbb-3996421426, networkLocation: /default-rack, certSerialId: null} reports an CLOSED replica.
2019-10-18 13:45:33,720 [EventQueue-ContainerReportForContainerReportHandler] WARN  container.ContainerReportHandler (AbstractContainerReportHandler.java:updateContainerState(145)) - Container #1 is in OPEN state, but the datanode 9d0a2f75-ce30-4dbd-af96-5adca13389b4{ip: 192.168.69.85, host: pr-hdds-2292-qcvbb-3996421426, networkLocation: /default-rack, certSerialId: null} reports an CLOSED replica.
2019-10-18 13:45:33,801 [EventQueue-ContainerReportForContainerReportHandler] WARN  container.ContainerReportHandler (AbstractContainerReportHandler.java:updateContainerState(145)) - Container #1 is in OPEN state, but the datanode b7ce392e-07e5-43c4-a049-3141454252ec{ip: 192.168.69.85, host: pr-hdds-2292-qcvbb-3996421426, networkLocation: /default-rack, certSerialId: null} reports an CLOSED replica.
2019-10-18 13:45:34,021 [EventQueue-ContainerReportForContainerReportHandler] WARN  container.ContainerReportHandler (AbstractContainerReportHandler.java:updateContainerState(145)) - Container #1 is in OPEN state, but the datanode 9d0a2f75-ce30-4dbd-af96-5adca13389b4{ip: 192.168.69.85, host: pr-hdds-2292-qcvbb-3996421426, networkLocation: /default-rack, certSerialId: null} reports an CLOSED replica.
2019-10-18 13:45:34,201 [EventQueue-ContainerReportForContainerReportHandler] WARN  container.ContainerReportHandler (AbstractContainerReportHandler.java:updateContainerState(145)) - Container #1 is in OPEN state, but the datanode b7ce392e-07e5-43c4-a049-3141454252ec{ip: 192.168.69.85, host: pr-hdds-2292-qcvbb-3996421426, networkLocation: /default-rack, certSerialId: null} reports an CLOSED replica.
2019-10-18 13:45:34,213 [BlockDeletingService#2] WARN  background.BlockDeletingService (BlockDeletingService.java:isDeletionAllowed(187)) - Close Container log Index 6 is not replicated across allthe servers in the pipeline 959e288b-eace-4bc0-b5b0-58b787e4ca93 as the min replicated index is 4. Deletion is not allowed in this container yet.
2019-10-18 13:45:34,213 [BlockDeletingService#2] WARN  background.BlockDeletingService (BlockDeletingService.java:isDeletionAllowed(187)) - Close Container log Index 6 is not replicated across allthe servers in the pipeline 959e288b-eace-4bc0-b5b0-58b787e4ca93 as the min replicated index is 4. Deletion is not allowed in this container yet.
2019-10-18 13:45:34,321 [EventQueue-ContainerReportForContainerReportHandler] WARN  container.ContainerReportHandler (AbstractContainerReportHandler.java:updateContainerState(145)) - Container #1 is in OPEN state, but the datanode 9d0a2f75-ce30-4dbd-af96-5adca13389b4{ip: 192.168.69.85, host: pr-hdds-2292-qcvbb-3996421426, networkLocation: /default-rack, certSerialId: null} reports an CLOSED replica.
2019-10-18 13:45:34,501 [EventQueue-ContainerReportForContainerReportHandler] WARN  container.ContainerReportHandler (AbstractContainerReportHandler.java:updateContainerState(145)) - Container #1 is in OPEN state, but the datanode b7ce392e-07e5-43c4-a049-3141454252ec{ip: 192.168.69.85, host: pr-hdds-2292-qcvbb-3996421426, networkLocation: /default-rack, certSerialId: null} reports an CLOSED replica.
2019-10-18 13:45:34,701 [EventQueue-ContainerReportForContainerReportHandler] WARN  container.ContainerReportHandler (AbstractContainerReportHandler.java:updateContainerState(145)) - Container #1 is in OPEN state, but the datanode b7ce392e-07e5-43c4-a049-3141454252ec{ip: 192.168.69.85, host: pr-hdds-2292-qcvbb-3996421426, networkLocation: /default-rack, certSerialId: null} reports an CLOSED replica.
2019-10-18 13:45:34,722 [EventQueue-ContainerReportForContainerReportHandler] WARN  container.ContainerReportHandler (AbstractContainerReportHandler.java:updateContainerState(145)) - Container #1 is in OPEN state, but the datanode 9d0a2f75-ce30-4dbd-af96-5adca13389b4{ip: 192.168.69.85, host: pr-hdds-2292-qcvbb-3996421426, networkLocation: /default-rack, certSerialId: null} reports an CLOSED replica.
2019-10-18 13:45:34,901 [EventQueue-ContainerReportForContainerReportHandler] WARN  container.ContainerReportHandler (AbstractContainerReportHandler.java:updateContainerState(145)) - Container #1 is in OPEN state, but the datanode b7ce392e-07e5-43c4-a049-3141454252ec{ip: 192.168.69.85, host: pr-hdds-2292-qcvbb-3996421426, networkLocation: /default-rack, certSerialId: null} reports an CLOSED replica.
2019-10-18 13:45:35,022 [EventQueue-ContainerReportForContainerReportHandler] WARN  container.ContainerReportHandler (AbstractContainerReportHandler.java:updateContainerState(145)) - Container #1 is in OPEN state, but the datanode 9d0a2f75-ce30-4dbd-af96-5adca13389b4{ip: 192.168.69.85, host: pr-hdds-2292-qcvbb-3996421426, networkLocation: /default-rack, certSerialId: null} reports an CLOSED replica.
2019-10-18 13:45:35,202 [EventQueue-ContainerReportForContainerReportHandler] WARN  container.ContainerReportHandler (AbstractContainerReportHandler.java:updateContainerState(145)) - Container #1 is in OPEN state, but the datanode b7ce392e-07e5-43c4-a049-3141454252ec{ip: 192.168.69.85, host: pr-hdds-2292-qcvbb-3996421426, networkLocation: /default-rack, certSerialId: null} reports an CLOSED replica.
2019-10-18 13:45:35,215 [BlockDeletingService#2] WARN  background.BlockDeletingService (BlockDeletingService.java:isDeletionAllowed(187)) - Close Container log Index 6 is not replicated across allthe servers in the pipeline 959e288b-eace-4bc0-b5b0-58b787e4ca93 as the min replicated index is 4. Deletion is not allowed in this container yet.
2019-10-18 13:45:35,215 [BlockDeletingService#2] WARN  background.BlockDeletingService (BlockDeletingService.java:isDeletionAllowed(187)) - Close Container log Index 6 is not replicated across allthe servers in the pipeline 959e288b-eace-4bc0-b5b0-58b787e4ca93 as the min replicated index is 4. Deletion is not allowed in this container yet.
2019-10-18 13:45:35,245 [java.util.concurrent.ThreadPoolExecutor$Worker@5eab71ed[State = -1, empty queue]] WARN  server.GrpcLogAppender (GrpcLogAppender.java:timeoutAppendRequest(209)) - b7ce392e-07e5-43c4-a049-3141454252ec@group-58B787E4CA93->25bdb850-9456-40e4-9e32-2249eb72d793-GrpcLogAppender: appendEntries Timeout, request=b7ce392e-07e5-43c4-a049-3141454252ec->25bdb850-9456-40e4-9e32-2249eb72d793#46-t3, previous=(t:3, i:10), leaderCommit=10, initializing? false, entries: <empty>
2019-10-18 13:45:35,322 [EventQueue-ContainerReportForContainerReportHandler] WARN  container.ContainerReportHandler (AbstractContainerReportHandler.java:updateContainerState(145)) - Container #1 is in OPEN state, but the datanode 9d0a2f75-ce30-4dbd-af96-5adca13389b4{ip: 192.168.69.85, host: pr-hdds-2292-qcvbb-3996421426, networkLocation: /default-rack, certSerialId: null} reports an CLOSED replica.
2019-10-18 13:45:35,503 [EventQueue-ContainerReportForContainerReportHandler] WARN  container.ContainerReportHandler (AbstractContainerReportHandler.java:updateContainerState(145)) - Container #1 is in OPEN state, but the datanode b7ce392e-07e5-43c4-a049-3141454252ec{ip: 192.168.69.85, host: pr-hdds-2292-qcvbb-3996421426, networkLocation: /default-rack, certSerialId: null} reports an CLOSED replica.
2019-10-18 13:45:35,522 [EventQueue-ContainerReportForContainerReportHandler] WARN  container.ContainerReportHandler (AbstractContainerReportHandler.java:updateContainerState(145)) - Container #1 is in OPEN state, but the datanode 9d0a2f75-ce30-4dbd-af96-5adca13389b4{ip: 192.168.69.85, host: pr-hdds-2292-qcvbb-3996421426, networkLocation: /default-rack, certSerialId: null} reports an CLOSED replica.
2019-10-18 13:45:35,803 [EventQueue-ContainerReportForContainerReportHandler] WARN  container.ContainerReportHandler (AbstractContainerReportHandler.java:updateContainerState(145)) - Container #1 is in OPEN state, but the datanode b7ce392e-07e5-43c4-a049-3141454252ec{ip: 192.168.69.85, host: pr-hdds-2292-qcvbb-3996421426, networkLocation: /default-rack, certSerialId: null} reports an CLOSED replica.
2019-10-18 13:45:35,922 [EventQueue-ContainerReportForContainerReportHandler] WARN  container.ContainerReportHandler (AbstractContainerReportHandler.java:updateContainerState(145)) - Container #1 is in OPEN state, but the datanode 9d0a2f75-ce30-4dbd-af96-5adca13389b4{ip: 192.168.69.85, host: pr-hdds-2292-qcvbb-3996421426, networkLocation: /default-rack, certSerialId: null} reports an CLOSED replica.
2019-10-18 13:45:36,103 [EventQueue-ContainerReportForContainerReportHandler] WARN  container.ContainerReportHandler (AbstractContainerReportHandler.java:updateContainerState(145)) - Container #1 is in OPEN state, but the datanode b7ce392e-07e5-43c4-a049-3141454252ec{ip: 192.168.69.85, host: pr-hdds-2292-qcvbb-3996421426, networkLocation: /default-rack, certSerialId: null} reports an CLOSED replica.
2019-10-18 13:45:36,122 [EventQueue-ContainerReportForContainerReportHandler] WARN  container.ContainerReportHandler (AbstractContainerReportHandler.java:updateContainerState(145)) - Container #1 is in OPEN state, but the datanode 9d0a2f75-ce30-4dbd-af96-5adca13389b4{ip: 192.168.69.85, host: pr-hdds-2292-qcvbb-3996421426, networkLocation: /default-rack, certSerialId: null} reports an CLOSED replica.
2019-10-18 13:45:36,217 [BlockDeletingService#2] WARN  background.BlockDeletingService (BlockDeletingService.java:isDeletionAllowed(187)) - Close Container log Index 6 is not replicated across allthe servers in the pipeline 959e288b-eace-4bc0-b5b0-58b787e4ca93 as the min replicated index is 4. Deletion is not allowed in this container yet.
2019-10-18 13:45:36,217 [BlockDeletingService#2] WARN  background.BlockDeletingService (BlockDeletingService.java:isDeletionAllowed(187)) - Close Container log Index 6 is not replicated across allthe servers in the pipeline 959e288b-eace-4bc0-b5b0-58b787e4ca93 as the min replicated index is 4. Deletion is not allowed in this container yet.
2019-10-18 13:45:36,403 [EventQueue-ContainerReportForContainerReportHandler] WARN  container.ContainerReportHandler (AbstractContainerReportHandler.java:updateContainerState(145)) - Container #1 is in OPEN state, but the datanode b7ce392e-07e5-43c4-a049-3141454252ec{ip: 192.168.69.85, host: pr-hdds-2292-qcvbb-3996421426, networkLocation: /default-rack, certSerialId: null} reports an CLOSED replica.
2019-10-18 13:45:36,522 [EventQueue-ContainerReportForContainerReportHandler] WARN  container.ContainerReportHandler (AbstractContainerReportHandler.java:updateContainerState(145)) - Container #1 is in OPEN state, but the datanode 9d0a2f75-ce30-4dbd-af96-5adca13389b4{ip: 192.168.69.85, host: pr-hdds-2292-qcvbb-3996421426, networkLocation: /default-rack, certSerialId: null} reports an CLOSED replica.
2019-10-18 13:45:36,803 [EventQueue-ContainerReportForContainerReportHandler] WARN  container.ContainerReportHandler (AbstractContainerReportHandler.java:updateContainerState(145)) - Container #1 is in OPEN state, but the datanode b7ce392e-07e5-43c4-a049-3141454252ec{ip: 192.168.69.85, host: pr-hdds-2292-qcvbb-3996421426, networkLocation: /default-rack, certSerialId: null} reports an CLOSED replica.
2019-10-18 13:45:36,822 [EventQueue-ContainerReportForContainerReportHandler] WARN  container.ContainerReportHandler (AbstractContainerReportHandler.java:updateContainerState(145)) - Container #1 is in OPEN state, but the datanode 9d0a2f75-ce30-4dbd-af96-5adca13389b4{ip: 192.168.69.85, host: pr-hdds-2292-qcvbb-3996421426, networkLocation: /default-rack, certSerialId: null} reports an CLOSED replica.
2019-10-18 13:45:37,003 [EventQueue-ContainerReportForContainerReportHandler] WARN  container.ContainerReportHandler (AbstractContainerReportHandler.java:updateContainerState(145)) - Container #1 is in OPEN state, but the datanode b7ce392e-07e5-43c4-a049-3141454252ec{ip: 192.168.69.85, host: pr-hdds-2292-qcvbb-3996421426, networkLocation: /default-rack, certSerialId: null} reports an CLOSED replica.
2019-10-18 13:45:37,123 [EventQueue-ContainerReportForContainerReportHandler] WARN  container.ContainerReportHandler (AbstractContainerReportHandler.java:updateContainerState(145)) - Container #1 is in OPEN state, but the datanode 9d0a2f75-ce30-4dbd-af96-5adca13389b4{ip: 192.168.69.85, host: pr-hdds-2292-qcvbb-3996421426, networkLocation: /default-rack, certSerialId: null} reports an CLOSED replica.
2019-10-18 13:45:37,219 [BlockDeletingService#2] WARN  background.BlockDeletingService (BlockDeletingService.java:isDeletionAllowed(187)) - Close Container log Index 6 is not replicated across allthe servers in the pipeline 959e288b-eace-4bc0-b5b0-58b787e4ca93 as the min replicated index is 4. Deletion is not allowed in this container yet.
2019-10-18 13:45:37,219 [BlockDeletingService#2] WARN  background.BlockDeletingService (BlockDeletingService.java:isDeletionAllowed(187)) - Close Container log Index 6 is not replicated across allthe servers in the pipeline 959e288b-eace-4bc0-b5b0-58b787e4ca93 as the min replicated index is 4. Deletion is not allowed in this container yet.
2019-10-18 13:45:37,304 [EventQueue-ContainerReportForContainerReportHandler] WARN  container.ContainerReportHandler (AbstractContainerReportHandler.java:updateContainerState(145)) - Container #1 is in OPEN state, but the datanode b7ce392e-07e5-43c4-a049-3141454252ec{ip: 192.168.69.85, host: pr-hdds-2292-qcvbb-3996421426, networkLocation: /default-rack, certSerialId: null} reports an CLOSED replica.
2019-10-18 13:45:37,423 [EventQueue-ContainerReportForContainerReportHandler] WARN  container.ContainerReportHandler (AbstractContainerReportHandler.java:updateContainerState(145)) - Container #1 is in OPEN state, but the datanode 9d0a2f75-ce30-4dbd-af96-5adca13389b4{ip: 192.168.69.85, host: pr-hdds-2292-qcvbb-3996421426, networkLocation: /default-rack, certSerialId: null} reports an CLOSED replica.
2019-10-18 13:45:37,605 [EventQueue-ContainerReportForContainerReportHandler] WARN  container.ContainerReportHandler (AbstractContainerReportHandler.java:updateContainerState(145)) - Container #1 is in OPEN state, but the datanode b7ce392e-07e5-43c4-a049-3141454252ec{ip: 192.168.69.85, host: pr-hdds-2292-qcvbb-3996421426, networkLocation: /default-rack, certSerialId: null} reports an CLOSED replica.
2019-10-18 13:45:37,746 [java.util.concurrent.ThreadPoolExecutor$Worker@5eab71ed[State = -1, empty queue]] WARN  server.GrpcLogAppender (GrpcLogAppender.java:timeoutAppendRequest(209)) - b7ce392e-07e5-43c4-a049-3141454252ec@group-58B787E4CA93->25bdb850-9456-40e4-9e32-2249eb72d793-GrpcLogAppender: appendEntries Timeout, request=b7ce392e-07e5-43c4-a049-3141454252ec->25bdb850-9456-40e4-9e32-2249eb72d793#47-t3, previous=(t:3, i:10), leaderCommit=10, initializing? false, entries: <empty>
2019-10-18 13:45:37,823 [EventQueue-ContainerReportForContainerReportHandler] WARN  container.ContainerReportHandler (AbstractContainerReportHandler.java:updateContainerState(145)) - Container #1 is in OPEN state, but the datanode 9d0a2f75-ce30-4dbd-af96-5adca13389b4{ip: 192.168.69.85, host: pr-hdds-2292-qcvbb-3996421426, networkLocation: /default-rack, certSerialId: null} reports an CLOSED replica.
2019-10-18 13:45:37,904 [EventQueue-ContainerReportForContainerReportHandler] WARN  container.ContainerReportHandler (AbstractContainerReportHandler.java:updateContainerState(145)) - Container #1 is in OPEN state, but the datanode b7ce392e-07e5-43c4-a049-3141454252ec{ip: 192.168.69.85, host: pr-hdds-2292-qcvbb-3996421426, networkLocation: /default-rack, certSerialId: null} reports an CLOSED replica.
2019-10-18 13:45:38,126 [EventQueue-ContainerReportForContainerReportHandler] WARN  container.ContainerReportHandler (AbstractContainerReportHandler.java:updateContainerState(145)) - Container #1 is in OPEN state, but the datanode 9d0a2f75-ce30-4dbd-af96-5adca13389b4{ip: 192.168.69.85, host: pr-hdds-2292-qcvbb-3996421426, networkLocation: /default-rack, certSerialId: null} reports an CLOSED replica.
2019-10-18 13:45:38,221 [BlockDeletingService#2] WARN  background.BlockDeletingService (BlockDeletingService.java:isDeletionAllowed(187)) - Close Container log Index 6 is not replicated across allthe servers in the pipeline 959e288b-eace-4bc0-b5b0-58b787e4ca93 as the min replicated index is 4. Deletion is not allowed in this container yet.
2019-10-18 13:45:38,221 [BlockDeletingService#2] WARN  background.BlockDeletingService (BlockDeletingService.java:isDeletionAllowed(187)) - Close Container log Index 6 is not replicated across allthe servers in the pipeline 959e288b-eace-4bc0-b5b0-58b787e4ca93 as the min replicated index is 4. Deletion is not allowed in this container yet.
2019-10-18 13:45:38,305 [EventQueue-ContainerReportForContainerReportHandler] WARN  container.ContainerReportHandler (AbstractContainerReportHandler.java:updateContainerState(145)) - Container #1 is in OPEN state, but the datanode b7ce392e-07e5-43c4-a049-3141454252ec{ip: 192.168.69.85, host: pr-hdds-2292-qcvbb-3996421426, networkLocation: /default-rack, certSerialId: null} reports an CLOSED replica.
2019-10-18 13:45:38,324 [EventQueue-ContainerReportForContainerReportHandler] WARN  container.ContainerReportHandler (AbstractContainerReportHandler.java:updateContainerState(145)) - Container #1 is in OPEN state, but the datanode 9d0a2f75-ce30-4dbd-af96-5adca13389b4{ip: 192.168.69.85, host: pr-hdds-2292-qcvbb-3996421426, networkLocation: /default-rack, certSerialId: null} reports an CLOSED replica.
2019-10-18 13:45:38,605 [EventQueue-ContainerReportForContainerReportHandler] WARN  container.ContainerReportHandler (AbstractContainerReportHandler.java:updateContainerState(145)) - Container #1 is in OPEN state, but the datanode b7ce392e-07e5-43c4-a049-3141454252ec{ip: 192.168.69.85, host: pr-hdds-2292-qcvbb-3996421426, networkLocation: /default-rack, certSerialId: null} reports an CLOSED replica.
2019-10-18 13:45:38,625 [EventQueue-ContainerReportForContainerReportHandler] WARN  container.ContainerReportHandler (AbstractContainerReportHandler.java:updateContainerState(145)) - Container #1 is in OPEN state, but the datanode 9d0a2f75-ce30-4dbd-af96-5adca13389b4{ip: 192.168.69.85, host: pr-hdds-2292-qcvbb-3996421426, networkLocation: /default-rack, certSerialId: null} reports an CLOSED replica.
2019-10-18 13:45:38,905 [EventQueue-ContainerReportForContainerReportHandler] WARN  container.ContainerReportHandler (AbstractContainerReportHandler.java:updateContainerState(145)) - Container #1 is in OPEN state, but the datanode b7ce392e-07e5-43c4-a049-3141454252ec{ip: 192.168.69.85, host: pr-hdds-2292-qcvbb-3996421426, networkLocation: /default-rack, certSerialId: null} reports an CLOSED replica.
2019-10-18 13:45:39,025 [EventQueue-ContainerReportForContainerReportHandler] WARN  container.ContainerReportHandler (AbstractContainerReportHandler.java:updateContainerState(145)) - Container #1 is in OPEN state, but the datanode 9d0a2f75-ce30-4dbd-af96-5adca13389b4{ip: 192.168.69.85, host: pr-hdds-2292-qcvbb-3996421426, networkLocation: /default-rack, certSerialId: null} reports an CLOSED replica.
2019-10-18 13:45:39,105 [EventQueue-ContainerReportForContainerReportHandler] WARN  container.ContainerReportHandler (AbstractContainerReportHandler.java:updateContainerState(145)) - Container #1 is in OPEN state, but the datanode b7ce392e-07e5-43c4-a049-3141454252ec{ip: 192.168.69.85, host: pr-hdds-2292-qcvbb-3996421426, networkLocation: /default-rack, certSerialId: null} reports an CLOSED replica.
2019-10-18 13:45:39,222 [BlockDeletingService#2] WARN  background.BlockDeletingService (BlockDeletingService.java:isDeletionAllowed(187)) - Close Container log Index 6 is not replicated across allthe servers in the pipeline 959e288b-eace-4bc0-b5b0-58b787e4ca93 as the min replicated index is 4. Deletion is not allowed in this container yet.
2019-10-18 13:45:39,223 [BlockDeletingService#2] WARN  background.BlockDeletingService (BlockDeletingService.java:isDeletionAllowed(187)) - Close Container log Index 6 is not replicated across allthe servers in the pipeline 959e288b-eace-4bc0-b5b0-58b787e4ca93 as the min replicated index is 4. Deletion is not allowed in this container yet.
2019-10-18 13:45:39,305 [EventQueue-ContainerReportForContainerReportHandler] WARN  container.ContainerReportHandler (AbstractContainerReportHandler.java:updateContainerState(145)) - Container #1 is in OPEN state, but the datanode b7ce392e-07e5-43c4-a049-3141454252ec{ip: 192.168.69.85, host: pr-hdds-2292-qcvbb-3996421426, networkLocation: /default-rack, certSerialId: null} reports an CLOSED replica.
2019-10-18 13:45:39,426 [EventQueue-ContainerReportForContainerReportHandler] WARN  container.ContainerReportHandler (AbstractContainerReportHandler.java:updateContainerState(145)) - Container #1 is in OPEN state, but the datanode 9d0a2f75-ce30-4dbd-af96-5adca13389b4{ip: 192.168.69.85, host: pr-hdds-2292-qcvbb-3996421426, networkLocation: /default-rack, certSerialId: null} reports an CLOSED replica.
2019-10-18 13:45:39,504 [EventQueue-ContainerReportForContainerReportHandler] WARN  container.ContainerReportHandler (AbstractContainerReportHandler.java:updateContainerState(145)) - Container #1 is in OPEN state, but the datanode b7ce392e-07e5-43c4-a049-3141454252ec{ip: 192.168.69.85, host: pr-hdds-2292-qcvbb-3996421426, networkLocation: /default-rack, certSerialId: null} reports an CLOSED replica.
2019-10-18 13:45:39,727 [EventQueue-ContainerReportForContainerReportHandler] WARN  container.ContainerReportHandler (AbstractContainerReportHandler.java:updateContainerState(145)) - Container #1 is in OPEN state, but the datanode 9d0a2f75-ce30-4dbd-af96-5adca13389b4{ip: 192.168.69.85, host: pr-hdds-2292-qcvbb-3996421426, networkLocation: /default-rack, certSerialId: null} reports an CLOSED replica.
2019-10-18 13:45:39,905 [EventQueue-ContainerReportForContainerReportHandler] WARN  container.ContainerReportHandler (AbstractContainerReportHandler.java:updateContainerState(145)) - Container #1 is in OPEN state, but the datanode b7ce392e-07e5-43c4-a049-3141454252ec{ip: 192.168.69.85, host: pr-hdds-2292-qcvbb-3996421426, networkLocation: /default-rack, certSerialId: null} reports an CLOSED replica.
2019-10-18 13:45:40,027 [EventQueue-ContainerReportForContainerReportHandler] WARN  container.ContainerReportHandler (AbstractContainerReportHandler.java:updateContainerState(145)) - Container #1 is in OPEN state, but the datanode 9d0a2f75-ce30-4dbd-af96-5adca13389b4{ip: 192.168.69.85, host: pr-hdds-2292-qcvbb-3996421426, networkLocation: /default-rack, certSerialId: null} reports an CLOSED replica.
2019-10-18 13:45:40,206 [EventQueue-ContainerReportForContainerReportHandler] WARN  container.ContainerReportHandler (AbstractContainerReportHandler.java:updateContainerState(145)) - Container #1 is in OPEN state, but the datanode b7ce392e-07e5-43c4-a049-3141454252ec{ip: 192.168.69.85, host: pr-hdds-2292-qcvbb-3996421426, networkLocation: /default-rack, certSerialId: null} reports an CLOSED replica.
2019-10-18 13:45:40,224 [BlockDeletingService#2] WARN  background.BlockDeletingService (BlockDeletingService.java:isDeletionAllowed(187)) - Close Container log Index 6 is not replicated across allthe servers in the pipeline 959e288b-eace-4bc0-b5b0-58b787e4ca93 as the min replicated index is 4. Deletion is not allowed in this container yet.
2019-10-18 13:45:40,224 [BlockDeletingService#2] WARN  background.BlockDeletingService (BlockDeletingService.java:isDeletionAllowed(187)) - Close Container log Index 6 is not replicated across allthe servers in the pipeline 959e288b-eace-4bc0-b5b0-58b787e4ca93 as the min replicated index is 4. Deletion is not allowed in this container yet.
2019-10-18 13:45:40,251 [java.util.concurrent.ThreadPoolExecutor$Worker@5eab71ed[State = -1, empty queue]] WARN  server.GrpcLogAppender (GrpcLogAppender.java:timeoutAppendRequest(209)) - b7ce392e-07e5-43c4-a049-3141454252ec@group-58B787E4CA93->25bdb850-9456-40e4-9e32-2249eb72d793-GrpcLogAppender: appendEntries Timeout, request=b7ce392e-07e5-43c4-a049-3141454252ec->25bdb850-9456-40e4-9e32-2249eb72d793#48-t3, previous=(t:3, i:10), leaderCommit=10, initializing? false, entries: <empty>
2019-10-18 13:45:40,427 [EventQueue-ContainerReportForContainerReportHandler] WARN  container.ContainerReportHandler (AbstractContainerReportHandler.java:updateContainerState(145)) - Container #1 is in OPEN state, but the datanode 9d0a2f75-ce30-4dbd-af96-5adca13389b4{ip: 192.168.69.85, host: pr-hdds-2292-qcvbb-3996421426, networkLocation: /default-rack, certSerialId: null} reports an CLOSED replica.
2019-10-18 13:45:40,505 [EventQueue-ContainerReportForContainerReportHandler] WARN  container.ContainerReportHandler (AbstractContainerReportHandler.java:updateContainerState(145)) - Container #1 is in OPEN state, but the datanode b7ce392e-07e5-43c4-a049-3141454252ec{ip: 192.168.69.85, host: pr-hdds-2292-qcvbb-3996421426, networkLocation: /default-rack, certSerialId: null} reports an CLOSED replica.
2019-10-18 13:45:40,727 [EventQueue-ContainerReportForContainerReportHandler] WARN  container.ContainerReportHandler (AbstractContainerReportHandler.java:updateContainerState(145)) - Container #1 is in OPEN state, but the datanode 9d0a2f75-ce30-4dbd-af96-5adca13389b4{ip: 192.168.69.85, host: pr-hdds-2292-qcvbb-3996421426, networkLocation: /default-rack, certSerialId: null} reports an CLOSED replica.
2019-10-18 13:45:40,805 [EventQueue-ContainerReportForContainerReportHandler] WARN  container.ContainerReportHandler (AbstractContainerReportHandler.java:updateContainerState(145)) - Container #1 is in OPEN state, but the datanode b7ce392e-07e5-43c4-a049-3141454252ec{ip: 192.168.69.85, host: pr-hdds-2292-qcvbb-3996421426, networkLocation: /default-rack, certSerialId: null} reports an CLOSED replica.
2019-10-18 13:45:41,027 [EventQueue-ContainerReportForContainerReportHandler] WARN  container.ContainerReportHandler (AbstractContainerReportHandler.java:updateContainerState(145)) - Container #1 is in OPEN state, but the datanode 9d0a2f75-ce30-4dbd-af96-5adca13389b4{ip: 192.168.69.85, host: pr-hdds-2292-qcvbb-3996421426, networkLocation: /default-rack, certSerialId: null} reports an CLOSED replica.
2019-10-18 13:45:41,105 [EventQueue-ContainerReportForContainerReportHandler] WARN  container.ContainerReportHandler (AbstractContainerReportHandler.java:updateContainerState(145)) - Container #1 is in OPEN state, but the datanode b7ce392e-07e5-43c4-a049-3141454252ec{ip: 192.168.69.85, host: pr-hdds-2292-qcvbb-3996421426, networkLocation: /default-rack, certSerialId: null} reports an CLOSED replica.
2019-10-18 13:45:41,226 [BlockDeletingService#2] WARN  background.BlockDeletingService (BlockDeletingService.java:isDeletionAllowed(187)) - Close Container log Index 6 is not replicated across allthe servers in the pipeline 959e288b-eace-4bc0-b5b0-58b787e4ca93 as the min replicated index is 4. Deletion is not allowed in this container yet.
2019-10-18 13:45:41,226 [BlockDeletingService#2] WARN  background.BlockDeletingService (BlockDeletingService.java:isDeletionAllowed(187)) - Close Container log Index 6 is not replicated across allthe servers in the pipeline 959e288b-eace-4bc0-b5b0-58b787e4ca93 as the min replicated index is 4. Deletion is not allowed in this container yet.
2019-10-18 13:45:41,328 [EventQueue-ContainerReportForContainerReportHandler] WARN  container.ContainerReportHandler (AbstractContainerReportHandler.java:updateContainerState(145)) - Container #1 is in OPEN state, but the datanode 9d0a2f75-ce30-4dbd-af96-5adca13389b4{ip: 192.168.69.85, host: pr-hdds-2292-qcvbb-3996421426, networkLocation: /default-rack, certSerialId: null} reports an CLOSED replica.
2019-10-18 13:45:41,505 [EventQueue-ContainerReportForContainerReportHandler] WARN  container.ContainerReportHandler (AbstractContainerReportHandler.java:updateContainerState(145)) - Container #1 is in OPEN state, but the datanode b7ce392e-07e5-43c4-a049-3141454252ec{ip: 192.168.69.85, host: pr-hdds-2292-qcvbb-3996421426, networkLocation: /default-rack, certSerialId: null} reports an CLOSED replica.
2019-10-18 13:45:41,628 [EventQueue-ContainerReportForContainerReportHandler] WARN  container.ContainerReportHandler (AbstractContainerReportHandler.java:updateContainerState(145)) - Container #1 is in OPEN state, but the datanode 9d0a2f75-ce30-4dbd-af96-5adca13389b4{ip: 192.168.69.85, host: pr-hdds-2292-qcvbb-3996421426, networkLocation: /default-rack, certSerialId: null} reports an CLOSED replica.
2019-10-18 13:45:41,805 [EventQueue-ContainerReportForContainerReportHandler] WARN  container.ContainerReportHandler (AbstractContainerReportHandler.java:updateContainerState(145)) - Container #1 is in OPEN state, but the datanode b7ce392e-07e5-43c4-a049-3141454252ec{ip: 192.168.69.85, host: pr-hdds-2292-qcvbb-3996421426, networkLocation: /default-rack, certSerialId: null} reports an CLOSED replica.
2019-10-18 13:45:41,918 [Thread-527] INFO  client.GrpcClientProtocolService (GrpcClientProtocolService.java:lambda$processClientRequest$0(278)) - Failed RaftClientRequest:client-B7AACEF92521->9d0a2f75-ce30-4dbd-af96-5adca13389b4@group-58B787E4CA93, cid=10, seq=0, Watch-ALL_COMMITTED(6), Message:<EMPTY>, reply=RaftClientReply:client-B7AACEF92521->9d0a2f75-ce30-4dbd-af96-5adca13389b4@group-58B787E4CA93, cid=10, FAILED org.apache.ratis.protocol.NotLeaderException: Server 9d0a2f75-ce30-4dbd-af96-5adca13389b4@group-58B787E4CA93 is not the leader b7ce392e-07e5-43c4-a049-3141454252ec:192.168.69.85:43203, logIndex=0, commits[9d0a2f75-ce30-4dbd-af96-5adca13389b4:c10, b7ce392e-07e5-43c4-a049-3141454252ec:c10, 25bdb850-9456-40e4-9e32-2249eb72d793:c4]
2019-10-18 13:45:41,929 [EventQueue-ContainerReportForContainerReportHandler] WARN  container.ContainerReportHandler (AbstractContainerReportHandler.java:updateContainerState(145)) - Container #1 is in OPEN state, but the datanode 9d0a2f75-ce30-4dbd-af96-5adca13389b4{ip: 192.168.69.85, host: pr-hdds-2292-qcvbb-3996421426, networkLocation: /default-rack, certSerialId: null} reports an CLOSED replica.
2019-10-18 13:45:42,106 [EventQueue-ContainerReportForContainerReportHandler] WARN  container.ContainerReportHandler (AbstractContainerReportHandler.java:updateContainerState(145)) - Container #1 is in OPEN state, but the datanode b7ce392e-07e5-43c4-a049-3141454252ec{ip: 192.168.69.85, host: pr-hdds-2292-qcvbb-3996421426, networkLocation: /default-rack, certSerialId: null} reports an CLOSED replica.
2019-10-18 13:45:42,227 [BlockDeletingService#2] WARN  background.BlockDeletingService (BlockDeletingService.java:isDeletionAllowed(187)) - Close Container log Index 6 is not replicated across allthe servers in the pipeline 959e288b-eace-4bc0-b5b0-58b787e4ca93 as the min replicated index is 4. Deletion is not allowed in this container yet.
2019-10-18 13:45:42,227 [BlockDeletingService#2] WARN  background.BlockDeletingService (BlockDeletingService.java:isDeletionAllowed(187)) - Close Container log Index 6 is not replicated across allthe servers in the pipeline 959e288b-eace-4bc0-b5b0-58b787e4ca93 as the min replicated index is 4. Deletion is not allowed in this container yet.
2019-10-18 13:45:42,229 [EventQueue-ContainerReportForContainerReportHandler] WARN  container.ContainerReportHandler (AbstractContainerReportHandler.java:updateContainerState(145)) - Container #1 is in OPEN state, but the datanode 9d0a2f75-ce30-4dbd-af96-5adca13389b4{ip: 192.168.69.85, host: pr-hdds-2292-qcvbb-3996421426, networkLocation: /default-rack, certSerialId: null} reports an CLOSED replica.
2019-10-18 13:45:42,506 [EventQueue-ContainerReportForContainerReportHandler] WARN  container.ContainerReportHandler (AbstractContainerReportHandler.java:updateContainerState(145)) - Container #1 is in OPEN state, but the datanode b7ce392e-07e5-43c4-a049-3141454252ec{ip: 192.168.69.85, host: pr-hdds-2292-qcvbb-3996421426, networkLocation: /default-rack, certSerialId: null} reports an CLOSED replica.
2019-10-18 13:45:42,529 [EventQueue-ContainerReportForContainerReportHandler] WARN  container.ContainerReportHandler (AbstractContainerReportHandler.java:updateContainerState(145)) - Container #1 is in OPEN state, but the datanode 9d0a2f75-ce30-4dbd-af96-5adca13389b4{ip: 192.168.69.85, host: pr-hdds-2292-qcvbb-3996421426, networkLocation: /default-rack, certSerialId: null} reports an CLOSED replica.
2019-10-18 13:45:42,706 [EventQueue-ContainerReportForContainerReportHandler] WARN  container.ContainerReportHandler (AbstractContainerReportHandler.java:updateContainerState(145)) - Container #1 is in OPEN state, but the datanode b7ce392e-07e5-43c4-a049-3141454252ec{ip: 192.168.69.85, host: pr-hdds-2292-qcvbb-3996421426, networkLocation: /default-rack, certSerialId: null} reports an CLOSED replica.
2019-10-18 13:45:42,753 [java.util.concurrent.ThreadPoolExecutor$Worker@5eab71ed[State = -1, empty queue]] WARN  server.GrpcLogAppender (GrpcLogAppender.java:timeoutAppendRequest(209)) - b7ce392e-07e5-43c4-a049-3141454252ec@group-58B787E4CA93->25bdb850-9456-40e4-9e32-2249eb72d793-GrpcLogAppender: appendEntries Timeout, request=b7ce392e-07e5-43c4-a049-3141454252ec->25bdb850-9456-40e4-9e32-2249eb72d793#49-t3, previous=(t:3, i:10), leaderCommit=10, initializing? false, entries: <empty>
2019-10-18 13:45:42,830 [EventQueue-ContainerReportForContainerReportHandler] WARN  container.ContainerReportHandler (AbstractContainerReportHandler.java:updateContainerState(145)) - Container #1 is in OPEN state, but the datanode 9d0a2f75-ce30-4dbd-af96-5adca13389b4{ip: 192.168.69.85, host: pr-hdds-2292-qcvbb-3996421426, networkLocation: /default-rack, certSerialId: null} reports an CLOSED replica.
2019-10-18 13:45:42,884 [Thread-533] INFO  client.GrpcClientProtocolService (GrpcClientProtocolService.java:lambda$processClientRequest$0(278)) - Failed RaftClientRequest:client-B7AACEF92521->b7ce392e-07e5-43c4-a049-3141454252ec@group-58B787E4CA93, cid=10, seq=0, Watch-ALL_COMMITTED(6), Message:<EMPTY>, reply=RaftClientReply:client-B7AACEF92521->b7ce392e-07e5-43c4-a049-3141454252ec@group-58B787E4CA93, cid=10, FAILED org.apache.ratis.protocol.NotReplicatedException: Request with call Id 10 and log index 6 is not yet replicated to ALL_COMMITTED, logIndex=6, commits[b7ce392e-07e5-43c4-a049-3141454252ec:c10, 9d0a2f75-ce30-4dbd-af96-5adca13389b4:c10, 25bdb850-9456-40e4-9e32-2249eb72d793:c4]
2019-10-18 13:45:43,107 [EventQueue-ContainerReportForContainerReportHandler] WARN  container.ContainerReportHandler (AbstractContainerReportHandler.java:updateContainerState(145)) - Container #1 is in OPEN state, but the datanode b7ce392e-07e5-43c4-a049-3141454252ec{ip: 192.168.69.85, host: pr-hdds-2292-qcvbb-3996421426, networkLocation: /default-rack, certSerialId: null} reports an CLOSED replica.
2019-10-18 13:45:43,130 [EventQueue-ContainerReportForContainerReportHandler] WARN  container.ContainerReportHandler (AbstractContainerReportHandler.java:updateContainerState(145)) - Container #1 is in OPEN state, but the datanode 9d0a2f75-ce30-4dbd-af96-5adca13389b4{ip: 192.168.69.85, host: pr-hdds-2292-qcvbb-3996421426, networkLocation: /default-rack, certSerialId: null} reports an CLOSED replica.
2019-10-18 13:45:43,230 [BlockDeletingService#2] WARN  background.BlockDeletingService (BlockDeletingService.java:isDeletionAllowed(187)) - Close Container log Index 6 is not replicated across allthe servers in the pipeline 959e288b-eace-4bc0-b5b0-58b787e4ca93 as the min replicated index is 4. Deletion is not allowed in this container yet.
2019-10-18 13:45:43,230 [BlockDeletingService#2] WARN  background.BlockDeletingService (BlockDeletingService.java:isDeletionAllowed(187)) - Close Container log Index 6 is not replicated across allthe servers in the pipeline 959e288b-eace-4bc0-b5b0-58b787e4ca93 as the min replicated index is 4. Deletion is not allowed in this container yet.
2019-10-18 13:45:43,409 [EventQueue-ContainerReportForContainerReportHandler] WARN  container.ContainerReportHandler (AbstractContainerReportHandler.java:updateContainerState(145)) - Container #1 is in OPEN state, but the datanode b7ce392e-07e5-43c4-a049-3141454252ec{ip: 192.168.69.85, host: pr-hdds-2292-qcvbb-3996421426, networkLocation: /default-rack, certSerialId: null} reports an CLOSED replica.
2019-10-18 13:45:43,430 [EventQueue-ContainerReportForContainerReportHandler] WARN  container.ContainerReportHandler (AbstractContainerReportHandler.java:updateContainerState(145)) - Container #1 is in OPEN state, but the datanode 9d0a2f75-ce30-4dbd-af96-5adca13389b4{ip: 192.168.69.85, host: pr-hdds-2292-qcvbb-3996421426, networkLocation: /default-rack, certSerialId: null} reports an CLOSED replica.
2019-10-18 13:45:43,451 [EventQueue-StaleNodeForStaleNodeHandler] INFO  node.StaleNodeHandler (StaleNodeHandler.java:onMessage(58)) - Datanode 25bdb850-9456-40e4-9e32-2249eb72d793{ip: 192.168.69.85, host: pr-hdds-2292-qcvbb-3996421426, networkLocation: /default-rack, certSerialId: null} moved to stale state. Finalizing its pipelines [PipelineID=063ecc6a-25c1-44c7-a837-cca166f66943, PipelineID=959e288b-eace-4bc0-b5b0-58b787e4ca93]
2019-10-18 13:45:43,451 [EventQueue-StaleNodeForStaleNodeHandler] INFO  pipeline.SCMPipelineManager (SCMPipelineManager.java:finalizeAndDestroyPipeline(315)) - destroying pipeline:Pipeline[ Id: 063ecc6a-25c1-44c7-a837-cca166f66943, Nodes: 25bdb850-9456-40e4-9e32-2249eb72d793{ip: 192.168.69.85, host: pr-hdds-2292-qcvbb-3996421426, networkLocation: /default-rack, certSerialId: null}, Type:RATIS, Factor:ONE, State:OPEN]
2019-10-18 13:45:43,453 [EventQueue-StaleNodeForStaleNodeHandler] INFO  pipeline.PipelineStateManager (PipelineStateManager.java:finalizePipeline(123)) - Pipeline Pipeline[ Id: 063ecc6a-25c1-44c7-a837-cca166f66943, Nodes: 25bdb850-9456-40e4-9e32-2249eb72d793{ip: 192.168.69.85, host: pr-hdds-2292-qcvbb-3996421426, networkLocation: /default-rack, certSerialId: null}, Type:RATIS, Factor:ONE, State:CLOSED] moved to CLOSED state
2019-10-18 13:45:43,454 [EventQueue-StaleNodeForStaleNodeHandler] INFO  pipeline.SCMPipelineManager (SCMPipelineManager.java:finalizeAndDestroyPipeline(315)) - destroying pipeline:Pipeline[ Id: 959e288b-eace-4bc0-b5b0-58b787e4ca93, Nodes: 25bdb850-9456-40e4-9e32-2249eb72d793{ip: 192.168.69.85, host: pr-hdds-2292-qcvbb-3996421426, networkLocation: /default-rack, certSerialId: null}b7ce392e-07e5-43c4-a049-3141454252ec{ip: 192.168.69.85, host: pr-hdds-2292-qcvbb-3996421426, networkLocation: /default-rack, certSerialId: null}9d0a2f75-ce30-4dbd-af96-5adca13389b4{ip: 192.168.69.85, host: pr-hdds-2292-qcvbb-3996421426, networkLocation: /default-rack, certSerialId: null}, Type:RATIS, Factor:THREE, State:OPEN]
2019-10-18 13:45:43,454 [EventQueue-StaleNodeForStaleNodeHandler] INFO  pipeline.PipelineStateManager (PipelineStateManager.java:finalizePipeline(123)) - Pipeline Pipeline[ Id: 959e288b-eace-4bc0-b5b0-58b787e4ca93, Nodes: 25bdb850-9456-40e4-9e32-2249eb72d793{ip: 192.168.69.85, host: pr-hdds-2292-qcvbb-3996421426, networkLocation: /default-rack, certSerialId: null}b7ce392e-07e5-43c4-a049-3141454252ec{ip: 192.168.69.85, host: pr-hdds-2292-qcvbb-3996421426, networkLocation: /default-rack, certSerialId: null}9d0a2f75-ce30-4dbd-af96-5adca13389b4{ip: 192.168.69.85, host: pr-hdds-2292-qcvbb-3996421426, networkLocation: /default-rack, certSerialId: null}, Type:RATIS, Factor:THREE, State:CLOSED] moved to CLOSED state
2019-10-18 13:45:43,455 [EventQueue-CloseContainerForCloseContainerEventHandler] INFO  container.CloseContainerEventHandler (CloseContainerEventHandler.java:onMessage(61)) - Close container Event triggered for container : #1
2019-10-18 13:45:43,630 [EventQueue-ContainerReportForContainerReportHandler] INFO  container.ContainerReportHandler (AbstractContainerReportHandler.java:updateContainerState(178)) - Moving container #1 to CLOSED state, datanode 9d0a2f75-ce30-4dbd-af96-5adca13389b4{ip: 192.168.69.85, host: pr-hdds-2292-qcvbb-3996421426, networkLocation: /default-rack, certSerialId: null} reported CLOSED replica.
2019-10-18 13:45:43,791 [SCMBlockDeletingService#1] INFO  block.SCMBlockDeletingService (SCMBlockDeletingService.java:call(184)) - Totally added 3 delete blocks command for 3 datanodes, task elapsed time: 7ms
2019-10-18 13:45:43,932 [Command processor thread] INFO  commandhandler.DeleteBlocksCommandHandler (DeleteBlocksCommandHandler.java:handle(106)) - Start to delete container blocks, TXIDs=[1(0)], numOfContainers=1, numOfBlocks=1
2019-10-18 13:45:43,932 [EventQueue-PendingDeleteStatusForPendingDeleteHandler] INFO  block.SCMBlockDeletingService (SCMBlockDeletingService.java:handlePendingDeletes(115)) - Block deletion txnID mismatch in datanode 9d0a2f75-ce30-4dbd-af96-5adca13389b4 for containerID 1. Datanode delete txnID: 0, SCM txnID: 1
2019-10-18 13:45:44,008 [EventQueue-PendingDeleteStatusForPendingDeleteHandler] INFO  block.SCMBlockDeletingService (SCMBlockDeletingService.java:handlePendingDeletes(115)) - Block deletion txnID mismatch in datanode b7ce392e-07e5-43c4-a049-3141454252ec for containerID 1. Datanode delete txnID: 0, SCM txnID: 1
2019-10-18 13:45:44,208 [EventQueue-PendingDeleteStatusForPendingDeleteHandler] INFO  block.SCMBlockDeletingService (SCMBlockDeletingService.java:handlePendingDeletes(115)) - Block deletion txnID mismatch in datanode b7ce392e-07e5-43c4-a049-3141454252ec for containerID 1. Datanode delete txnID: 0, SCM txnID: 1
2019-10-18 13:45:44,233 [BlockDeletingService#2] WARN  background.BlockDeletingService (BlockDeletingService.java:isDeletionAllowed(187)) - Close Container log Index 6 is not replicated across allthe servers in the pipeline 959e288b-eace-4bc0-b5b0-58b787e4ca93 as the min replicated index is 4. Deletion is not allowed in this container yet.
2019-10-18 13:45:44,233 [BlockDeletingService#2] WARN  background.BlockDeletingService (BlockDeletingService.java:isDeletionAllowed(187)) - Close Container log Index 6 is not replicated across allthe servers in the pipeline 959e288b-eace-4bc0-b5b0-58b787e4ca93 as the min replicated index is 4. Deletion is not allowed in this container yet.
2019-10-18 13:45:44,508 [EventQueue-PendingDeleteStatusForPendingDeleteHandler] INFO  block.SCMBlockDeletingService (SCMBlockDeletingService.java:handlePendingDeletes(115)) - Block deletion txnID mismatch in datanode b7ce392e-07e5-43c4-a049-3141454252ec for containerID 1. Datanode delete txnID: 0, SCM txnID: 1
2019-10-18 13:45:44,608 [Command processor thread] INFO  commandhandler.DeleteBlocksCommandHandler (DeleteBlocksCommandHandler.java:handle(106)) - Start to delete container blocks, TXIDs=[1(0)], numOfContainers=1, numOfBlocks=1
2019-10-18 13:45:44,792 [pool-7-thread-1] INFO  commands.RetriableDatanodeEventWatcher (RetriableDatanodeEventWatcher.java:onTimeout(47)) - RetriableDatanodeCommand type=deleteBlocksCommand with id=1571406343789 timed out. Retrying.
2019-10-18 13:45:44,792 [SCMBlockDeletingService#1] INFO  block.SCMBlockDeletingService (SCMBlockDeletingService.java:call(184)) - Totally added 2 delete blocks command for 2 datanodes, task elapsed time: 1ms
2019-10-18 13:45:44,793 [pool-7-thread-2] INFO  commands.RetriableDatanodeEventWatcher (RetriableDatanodeEventWatcher.java:onTimeout(47)) - RetriableDatanodeCommand type=deleteBlocksCommand with id=1571406343790 timed out. Retrying.
2019-10-18 13:45:44,797 [main] INFO  impl.MetricsSystemImpl (MetricsSystemImpl.java:init(158)) - HddsDatanode metrics system started (again)
2019-10-18 13:45:44,847 [main] INFO  ozone.HddsDatanodeService (HddsDatanodeService.java:start(184)) - HddsDatanodeService host:pr-hdds-2292-qcvbb-3996421426 ip:192.168.69.85
2019-10-18 13:45:44,851 [main] INFO  volume.VolumeUsage (VolumeUsage.java:loadScmUsed(144)) - Cached ScmUsed found for /workdir/hadoop-ozone/integration-test/target/test-dir/MiniOzoneClusterImpl-9d6dd75e-a22e-4447-b646-8faf5d797e6a/datanode-2/data/containers : 4096 
2019-10-18 13:45:44,852 [main] INFO  volume.HddsVolume (HddsVolume.java:<init>(176)) - Creating Volume: /workdir/hadoop-ozone/integration-test/target/test-dir/MiniOzoneClusterImpl-9d6dd75e-a22e-4447-b646-8faf5d797e6a/datanode-2/data/containers/hdds of  storage type : DISK and capacity : 1482555576320
2019-10-18 13:45:44,852 [main] INFO  volume.VolumeSet (VolumeSet.java:initializeVolumeSet(170)) - Added Volume : /workdir/hadoop-ozone/integration-test/target/test-dir/MiniOzoneClusterImpl-9d6dd75e-a22e-4447-b646-8faf5d797e6a/datanode-2/data/containers/hdds to VolumeSet
2019-10-18 13:45:44,853 [main] INFO  volume.ThrottledAsyncChecker (ThrottledAsyncChecker.java:schedule(141)) - Scheduling a check for /workdir/hadoop-ozone/integration-test/target/test-dir/MiniOzoneClusterImpl-9d6dd75e-a22e-4447-b646-8faf5d797e6a/datanode-2/data/containers/hdds
2019-10-18 13:45:44,853 [main] INFO  volume.HddsVolumeChecker (HddsVolumeChecker.java:checkAllVolumes(204)) - Scheduled health check for volume /workdir/hadoop-ozone/integration-test/target/test-dir/MiniOzoneClusterImpl-9d6dd75e-a22e-4447-b646-8faf5d797e6a/datanode-2/data/containers/hdds
2019-10-18 13:45:44,898 [main] INFO  impl.RaftServerProxy (ConfUtils.java:logGet(43)) - raft.rpc.type = GRPC (default)
2019-10-18 13:45:44,899 [main] INFO  grpc.GrpcFactory (GrpcFactory.java:checkPooledByteBufAllocatorUseCacheForAllThreads(45)) - PERFORMANCE WARNING: useCacheForAllThreads is true that may cause Netty to create a lot garbage objects and, as a result, trigger GC.
	It is recommended to disable useCacheForAllThreads by setting -Dorg.apache.ratis.thirdparty.io.netty.allocator.useCacheForAllThreads=false in command line.
2019-10-18 13:45:44,899 [main] INFO  grpc.GrpcConfigKeys$Server (ConfUtils.java:logGet(43)) - raft.grpc.server.port = 34143 (custom)
2019-10-18 13:45:44,899 [main] INFO  server.GrpcService (ConfUtils.java:logGet(43)) - raft.grpc.message.size.max = 33570816 (custom)
2019-10-18 13:45:44,900 [main] INFO  server.RaftServerConfigKeys (ConfUtils.java:logGet(43)) - raft.server.log.appender.buffer.byte-limit = 33554432 (custom)
2019-10-18 13:45:44,900 [main] INFO  server.GrpcService (ConfUtils.java:logGet(43)) - raft.grpc.flow.control.window = 1MB (=1048576) (default)
2019-10-18 13:45:44,900 [main] INFO  server.RaftServerConfigKeys (ConfUtils.java:logGet(43)) - raft.server.rpc.request.timeout = 3000ms (default)
2019-10-18 13:45:44,901 [main] INFO  server.RaftServerConfigKeys (ConfUtils.java:logGet(43)) - raft.server.storage.dir = [/workdir/hadoop-ozone/integration-test/target/test-dir/MiniOzoneClusterImpl-9d6dd75e-a22e-4447-b646-8faf5d797e6a/datanode-2/data/ratis] (custom)
2019-10-18 13:45:44,901 [main] INFO  impl.RaftServerProxy (RaftServerProxy.java:lambda$null$0(191)) - 25bdb850-9456-40e4-9e32-2249eb72d793: found a subdirectory /workdir/hadoop-ozone/integration-test/target/test-dir/MiniOzoneClusterImpl-9d6dd75e-a22e-4447-b646-8faf5d797e6a/datanode-2/data/ratis/959e288b-eace-4bc0-b5b0-58b787e4ca93
2019-10-18 13:45:44,902 [main] INFO  impl.RaftServerProxy (RaftServerProxy.java:addNew(89)) - 25bdb850-9456-40e4-9e32-2249eb72d793: addNew group-58B787E4CA93:[] returns group-58B787E4CA93:java.util.concurrent.CompletableFuture@3d1f558a[Not completed]
2019-10-18 13:45:44,902 [main] INFO  impl.RaftServerProxy (RaftServerProxy.java:lambda$null$0(191)) - 25bdb850-9456-40e4-9e32-2249eb72d793: found a subdirectory /workdir/hadoop-ozone/integration-test/target/test-dir/MiniOzoneClusterImpl-9d6dd75e-a22e-4447-b646-8faf5d797e6a/datanode-2/data/ratis/063ecc6a-25c1-44c7-a837-cca166f66943
2019-10-18 13:45:44,903 [main] INFO  impl.RaftServerProxy (RaftServerProxy.java:addNew(89)) - 25bdb850-9456-40e4-9e32-2249eb72d793: addNew group-CCA166F66943:[] returns group-CCA166F66943:java.util.concurrent.CompletableFuture@6abdec0e[Not completed]
2019-10-18 13:45:44,909 [pool-59-thread-1] INFO  impl.RaftServerImpl (RaftServerImpl.java:<init>(104)) - 25bdb850-9456-40e4-9e32-2249eb72d793: new RaftServerImpl for group-58B787E4CA93:[] with ContainerStateMachine:uninitialized
2019-10-18 13:45:44,909 [pool-59-thread-1] INFO  server.RaftServerConfigKeys (ConfUtils.java:logGet(43)) - raft.server.rpc.timeout.min = 5s (custom)
2019-10-18 13:45:44,910 [pool-59-thread-1] INFO  server.RaftServerConfigKeys (ConfUtils.java:logGet(43)) - raft.server.rpc.timeout.max = 5200ms (custom)
2019-10-18 13:45:44,910 [pool-59-thread-1] INFO  server.RaftServerConfigKeys (ConfUtils.java:logGet(43)) - raft.server.rpcslowness.timeout = 1000s (custom)
2019-10-18 13:45:44,910 [pool-59-thread-1] INFO  server.RaftServerConfigKeys (ConfUtils.java:logGet(43)) - raft.server.sleep.deviation.threshold = 300 (default)
2019-10-18 13:45:44,910 [pool-59-thread-1] INFO  server.RaftServerConfigKeys (ConfUtils.java:logGet(43)) - raft.server.log.appender.install.snapshot.enabled = false (custom)
2019-10-18 13:45:44,910 [pool-59-thread-1] INFO  impl.RaftServerImpl (ServerState.java:<init>(103)) - 25bdb850-9456-40e4-9e32-2249eb72d793@group-58B787E4CA93: ConfigurationManager, init=-1: [], old=null, confs=<EMPTY_MAP>
2019-10-18 13:45:44,910 [pool-59-thread-1] INFO  server.RaftServerConfigKeys (ConfUtils.java:logGet(43)) - raft.server.storage.dir = [/workdir/hadoop-ozone/integration-test/target/test-dir/MiniOzoneClusterImpl-9d6dd75e-a22e-4447-b646-8faf5d797e6a/datanode-2/data/ratis] (custom)
2019-10-18 13:45:44,911 [pool-59-thread-1] INFO  server.RaftServerConfigKeys (ConfUtils.java:logGet(43)) - raft.server.log.corruption.policy = EXCEPTION (default)
2019-10-18 13:45:44,911 [main] INFO  hdfs.DFSUtil (DFSUtil.java:httpServerTemplateForNNAndJN(1641)) - Starting Web-server for hddsDatanode at: http://0.0.0.0:42434
2019-10-18 13:45:44,913 [main] INFO  server.AuthenticationFilter (AuthenticationFilter.java:constructSecretProvider(240)) - Unable to initialize FileSignerSecretProvider, falling back to use random secrets.
2019-10-18 13:45:44,913 [main] WARN  http.HttpRequestLog (HttpRequestLog.java:getRequestLog(97)) - Jetty request log can only be enabled using Log4j
2019-10-18 13:45:44,915 [main] INFO  http.HttpServer2 (HttpServer2.java:addGlobalFilter(975)) - Added global filter 'safety' (class=org.apache.hadoop.http.HttpServer2$QuotingInputFilter)
2019-10-18 13:45:44,916 [main] INFO  http.HttpServer2 (HttpServer2.java:addFilter(948)) - Added filter static_user_filter (class=org.apache.hadoop.http.lib.StaticUserWebFilter$StaticUserFilter) to context hddsDatanode
2019-10-18 13:45:44,916 [main] INFO  http.HttpServer2 (HttpServer2.java:addFilter(958)) - Added filter static_user_filter (class=org.apache.hadoop.http.lib.StaticUserWebFilter$StaticUserFilter) to context logs
2019-10-18 13:45:44,916 [main] INFO  http.HttpServer2 (HttpServer2.java:addFilter(958)) - Added filter static_user_filter (class=org.apache.hadoop.http.lib.StaticUserWebFilter$StaticUserFilter) to context static
2019-10-18 13:45:44,918 [main] INFO  http.HttpServer2 (HttpServer2.java:bindListener(1191)) - Jetty bound to port 42434
2019-10-18 13:45:44,918 [main] INFO  server.Server (Server.java:doStart(351)) - jetty-9.3.25.v20180904, build timestamp: 2018-09-04T21:11:46Z, git hash: 3ce520221d0240229c862b122d2b06c12a625732
2019-10-18 13:45:44,920 [main] INFO  handler.ContextHandler (ContextHandler.java:doStart(781)) - Started o.e.j.s.ServletContextHandler@2f7efd0b{/logs,file:///workdir/hadoop-ozone/integration-test/target/log,AVAILABLE}
2019-10-18 13:45:44,920 [main] INFO  handler.ContextHandler (ContextHandler.java:doStart(781)) - Started o.e.j.s.ServletContextHandler@6801b414{/static,jar:file:/home/user/.m2/repository/org/apache/hadoop/hadoop-hdds-container-service/0.5.0-SNAPSHOT/hadoop-hdds-container-service-0.5.0-SNAPSHOT.jar!/webapps/static,AVAILABLE}
2019-10-18 13:45:44,924 [pool-59-thread-1] INFO  storage.RaftStorageDirectory (RaftStorageDirectory.java:tryLock(328)) - Lock on /workdir/hadoop-ozone/integration-test/target/test-dir/MiniOzoneClusterImpl-9d6dd75e-a22e-4447-b646-8faf5d797e6a/datanode-2/data/ratis/959e288b-eace-4bc0-b5b0-58b787e4ca93/in_use.lock acquired by nodename 3503@pr-hdds-2292-qcvbb-3996421426
2019-10-18 13:45:44,926 [pool-59-thread-1] INFO  ratis.ContainerStateMachine (ContainerStateMachine.java:loadSnapshot(240)) - group-58B787E4CA93: Setting the last applied index to (t:3, i:3)
2019-10-18 13:45:44,934 [pool-59-thread-1] INFO  impl.RaftServerImpl (ServerState.java:setRaftConf(357)) - 25bdb850-9456-40e4-9e32-2249eb72d793@group-58B787E4CA93: set configuration 0: [9d0a2f75-ce30-4dbd-af96-5adca13389b4:192.168.69.85:35551, b7ce392e-07e5-43c4-a049-3141454252ec:192.168.69.85:43203, 25bdb850-9456-40e4-9e32-2249eb72d793:192.168.69.85:34143], old=null at 0
2019-10-18 13:45:44,934 [pool-59-thread-1] INFO  server.RaftServerConfigKeys (ConfUtils.java:logGet(43)) - raft.server.notification.no-leader.timeout = 1000s (custom)
2019-10-18 13:45:44,934 [pool-59-thread-1] INFO  server.RaftServerConfigKeys (ConfUtils.java:logGet(43)) - raft.server.log.use.memory = false (default)
2019-10-18 13:45:44,934 [pool-59-thread-1] INFO  server.RaftServerConfigKeys (ConfUtils.java:logGet(43)) - raft.server.log.purge.gap = 1000000 (custom)
2019-10-18 13:45:44,934 [pool-59-thread-1] INFO  server.RaftServerConfigKeys (ConfUtils.java:logGet(43)) - raft.server.log.appender.buffer.byte-limit = 33554432 (custom)
2019-10-18 13:45:44,934 [pool-59-thread-1] INFO  server.RaftServerConfigKeys (ConfUtils.java:logGet(43)) - raft.server.log.segment.size.max = 1048576 (custom)
2019-10-18 13:45:44,934 [pool-59-thread-1] INFO  server.RaftServerConfigKeys (ConfUtils.java:logGet(43)) - raft.server.log.segment.cache.num.max = 2 (custom)
2019-10-18 13:45:44,935 [pool-59-thread-1] INFO  segmented.SegmentedRaftLogWorker (SegmentedRaftLogWorker.java:<init>(173)) - new 25bdb850-9456-40e4-9e32-2249eb72d793@group-58B787E4CA93-SegmentedRaftLogWorker for RaftStorage:Storage Directory /workdir/hadoop-ozone/integration-test/target/test-dir/MiniOzoneClusterImpl-9d6dd75e-a22e-4447-b646-8faf5d797e6a/datanode-2/data/ratis/959e288b-eace-4bc0-b5b0-58b787e4ca93
2019-10-18 13:45:44,935 [pool-59-thread-1] INFO  server.RaftServerConfigKeys (ConfUtils.java:logGet(43)) - raft.server.log.queue.byte-limit = 2147483647 (custom)
2019-10-18 13:45:44,935 [pool-59-thread-1] INFO  server.RaftServerConfigKeys (ConfUtils.java:logGet(43)) - raft.server.log.queue.element-limit = 1024 (custom)
2019-10-18 13:45:44,935 [pool-59-thread-1] INFO  server.RaftServerConfigKeys (ConfUtils.java:logGet(43)) - raft.server.log.segment.size.max = 1048576 (custom)
2019-10-18 13:45:44,935 [pool-59-thread-1] INFO  server.RaftServerConfigKeys (ConfUtils.java:logGet(43)) - raft.server.log.preallocated.size = 16384 (custom)
2019-10-18 13:45:44,935 [pool-59-thread-1] INFO  server.RaftServerConfigKeys (ConfUtils.java:logGet(43)) - raft.server.log.write.buffer.size = 33554432 (custom)
2019-10-18 13:45:44,935 [pool-59-thread-1] INFO  server.RaftServerConfigKeys (ConfUtils.java:logGet(43)) - raft.server.log.force.sync.num = 128 (default)
2019-10-18 13:45:44,935 [pool-59-thread-1] INFO  server.RaftServerConfigKeys (ConfUtils.java:logGet(43)) - raft.server.log.statemachine.data.sync = true (default)
2019-10-18 13:45:44,935 [pool-59-thread-1] INFO  server.RaftServerConfigKeys (ConfUtils.java:logGet(43)) - raft.server.log.statemachine.data.sync.timeout = 10s (default)
2019-10-18 13:45:44,935 [pool-59-thread-1] INFO  server.RaftServerConfigKeys (ConfUtils.java:logGet(43)) - raft.server.log.statemachine.data.sync.timeout.retry = -1 (default)
2019-10-18 13:45:44,936 [pool-59-thread-1] INFO  server.RaftServerConfigKeys (ConfUtils.java:logGet(43)) - raft.server.log.statemachine.data.caching.enabled = true (custom)
2019-10-18 13:45:44,941 [pool-59-thread-1] INFO  impl.RaftServerImpl (ServerState.java:setRaftConf(357)) - 25bdb850-9456-40e4-9e32-2249eb72d793@group-58B787E4CA93: set configuration 0: [9d0a2f75-ce30-4dbd-af96-5adca13389b4:192.168.69.85:35551, b7ce392e-07e5-43c4-a049-3141454252ec:192.168.69.85:43203, 25bdb850-9456-40e4-9e32-2249eb72d793:192.168.69.85:34143], old=null at 0
2019-10-18 13:45:44,942 [pool-59-thread-1] INFO  segmented.LogSegment (LogSegment.java:loadSegment(140)) - Successfully read 5 entries from segment file /workdir/hadoop-ozone/integration-test/target/test-dir/MiniOzoneClusterImpl-9d6dd75e-a22e-4447-b646-8faf5d797e6a/datanode-2/data/ratis/959e288b-eace-4bc0-b5b0-58b787e4ca93/current/log_inprogress_0
2019-10-18 13:45:44,942 [pool-59-thread-1] INFO  segmented.SegmentedRaftLogWorker (SegmentedRaftLogWorker.java:lambda$new$0(128)) - 25bdb850-9456-40e4-9e32-2249eb72d793@group-58B787E4CA93-SegmentedRaftLogWorker: flushIndex: setUnconditionally 0 -> 4
2019-10-18 13:45:44,966 [pool-59-thread-1] INFO  raftlog.RaftLog (RaftLog.java:lambda$new$0(61)) - 25bdb850-9456-40e4-9e32-2249eb72d793@group-58B787E4CA93-SegmentedRaftLog: commitIndex: updateToMax old=3, new=3, updated? false
2019-10-18 13:45:44,967 [pool-59-thread-1] INFO  server.RaftServerConfigKeys (ConfUtils.java:logGet(43)) - raft.server.snapshot.auto.trigger.enabled = true (custom)
2019-10-18 13:45:44,967 [pool-59-thread-1] INFO  server.RaftServerConfigKeys (ConfUtils.java:logGet(43)) - raft.server.snapshot.auto.trigger.threshold = 10000 (custom)
2019-10-18 13:45:44,967 [pool-59-thread-1] INFO  server.RaftServerConfigKeys (ConfUtils.java:logGet(43)) - raft.server.snapshot.retention.file.num = 5 (custom)
2019-10-18 13:45:44,967 [pool-59-thread-1] INFO  server.RaftServerConfigKeys (ConfUtils.java:logGet(43)) - raft.server.retrycache.expirytime = 600000ms (custom)
2019-10-18 13:45:44,969 [pool-59-thread-1] INFO  impl.RaftServerImpl (RaftServerImpl.java:<init>(104)) - 25bdb850-9456-40e4-9e32-2249eb72d793: new RaftServerImpl for group-CCA166F66943:[] with ContainerStateMachine:uninitialized
2019-10-18 13:45:44,969 [main] INFO  handler.ContextHandler (ContextHandler.java:doStart(781)) - Started o.e.j.w.WebAppContext@17ba57f0{/,file:///tmp/jetty-0.0.0.0-42434-hddsDatanode-_-any-2509536446547451285.dir/webapp/,AVAILABLE}{/hddsDatanode}
2019-10-18 13:45:44,969 [pool-59-thread-1] INFO  server.RaftServerConfigKeys (ConfUtils.java:logGet(43)) - raft.server.rpc.timeout.min = 5s (custom)
2019-10-18 13:45:44,969 [pool-59-thread-1] INFO  server.RaftServerConfigKeys (ConfUtils.java:logGet(43)) - raft.server.rpc.timeout.max = 5200ms (custom)
2019-10-18 13:45:44,969 [pool-59-thread-1] INFO  server.RaftServerConfigKeys (ConfUtils.java:logGet(43)) - raft.server.rpcslowness.timeout = 1000s (custom)
2019-10-18 13:45:44,969 [pool-59-thread-1] INFO  server.RaftServerConfigKeys (ConfUtils.java:logGet(43)) - raft.server.sleep.deviation.threshold = 300 (default)
2019-10-18 13:45:44,970 [main] INFO  server.AbstractConnector (AbstractConnector.java:doStart(278)) - Started ServerConnector@3481ff98{HTTP/1.1,[http/1.1]}{0.0.0.0:42434}
2019-10-18 13:45:44,970 [pool-59-thread-1] INFO  server.RaftServerConfigKeys (ConfUtils.java:logGet(43)) - raft.server.log.appender.install.snapshot.enabled = false (custom)
2019-10-18 13:45:44,971 [main] INFO  server.Server (Server.java:doStart(419)) - Started @113283ms
2019-10-18 13:45:44,971 [pool-59-thread-1] INFO  impl.RaftServerImpl (ServerState.java:<init>(103)) - 25bdb850-9456-40e4-9e32-2249eb72d793@group-CCA166F66943: ConfigurationManager, init=-1: [], old=null, confs=<EMPTY_MAP>
2019-10-18 13:45:44,971 [main] WARN  impl.MetricsSystemImpl (MetricsSystemImpl.java:register(276)) - Sink prometheus already exists!
2019-10-18 13:45:44,971 [pool-59-thread-1] INFO  server.RaftServerConfigKeys (ConfUtils.java:logGet(43)) - raft.server.storage.dir = [/workdir/hadoop-ozone/integration-test/target/test-dir/MiniOzoneClusterImpl-9d6dd75e-a22e-4447-b646-8faf5d797e6a/datanode-2/data/ratis] (custom)
2019-10-18 13:45:44,972 [pool-59-thread-1] INFO  server.RaftServerConfigKeys (ConfUtils.java:logGet(43)) - raft.server.log.corruption.policy = EXCEPTION (default)
2019-10-18 13:45:44,973 [main] INFO  server.BaseHttpServer (BaseHttpServer.java:updateConnectorAddress(215)) - HTTP server of HDDSDATANODE is listening at http://0.0.0.0:42434
2019-10-18 13:45:44,974 [org.apache.hadoop.util.JvmPauseMonitor$Monitor@6f7c52f1] INFO  util.JvmPauseMonitor (JvmPauseMonitor.java:run(188)) - Starting JVM pause monitor
2019-10-18 13:45:44,984 [pool-59-thread-1] INFO  storage.RaftStorageDirectory (RaftStorageDirectory.java:tryLock(328)) - Lock on /workdir/hadoop-ozone/integration-test/target/test-dir/MiniOzoneClusterImpl-9d6dd75e-a22e-4447-b646-8faf5d797e6a/datanode-2/data/ratis/063ecc6a-25c1-44c7-a837-cca166f66943/in_use.lock acquired by nodename 3503@pr-hdds-2292-qcvbb-3996421426
2019-10-18 13:45:44,985 [pool-59-thread-1] INFO  ratis.ContainerStateMachine (ContainerStateMachine.java:loadSnapshot(231)) - group-CCA166F66943: The snapshot info is null. Setting the last applied indexto:(t:0, i:~)
2019-10-18 13:45:44,985 [pool-59-thread-1] INFO  server.RaftServerConfigKeys (ConfUtils.java:logGet(43)) - raft.server.notification.no-leader.timeout = 1000s (custom)
2019-10-18 13:45:44,985 [pool-59-thread-1] INFO  server.RaftServerConfigKeys (ConfUtils.java:logGet(43)) - raft.server.log.use.memory = false (default)
2019-10-18 13:45:44,985 [pool-59-thread-1] INFO  server.RaftServerConfigKeys (ConfUtils.java:logGet(43)) - raft.server.log.purge.gap = 1000000 (custom)
2019-10-18 13:45:44,986 [pool-59-thread-1] INFO  server.RaftServerConfigKeys (ConfUtils.java:logGet(43)) - raft.server.log.appender.buffer.byte-limit = 33554432 (custom)
2019-10-18 13:45:44,986 [pool-59-thread-1] INFO  server.RaftServerConfigKeys (ConfUtils.java:logGet(43)) - raft.server.log.segment.size.max = 1048576 (custom)
2019-10-18 13:45:44,986 [pool-59-thread-1] INFO  server.RaftServerConfigKeys (ConfUtils.java:logGet(43)) - raft.server.log.segment.cache.num.max = 2 (custom)
2019-10-18 13:45:44,986 [pool-59-thread-1] INFO  segmented.SegmentedRaftLogWorker (SegmentedRaftLogWorker.java:<init>(173)) - new 25bdb850-9456-40e4-9e32-2249eb72d793@group-CCA166F66943-SegmentedRaftLogWorker for RaftStorage:Storage Directory /workdir/hadoop-ozone/integration-test/target/test-dir/MiniOzoneClusterImpl-9d6dd75e-a22e-4447-b646-8faf5d797e6a/datanode-2/data/ratis/063ecc6a-25c1-44c7-a837-cca166f66943
2019-10-18 13:45:44,986 [pool-59-thread-1] INFO  server.RaftServerConfigKeys (ConfUtils.java:logGet(43)) - raft.server.log.queue.byte-limit = 2147483647 (custom)
2019-10-18 13:45:44,986 [pool-59-thread-1] INFO  server.RaftServerConfigKeys (ConfUtils.java:logGet(43)) - raft.server.log.queue.element-limit = 1024 (custom)
2019-10-18 13:45:44,986 [pool-59-thread-1] INFO  server.RaftServerConfigKeys (ConfUtils.java:logGet(43)) - raft.server.log.segment.size.max = 1048576 (custom)
2019-10-18 13:45:44,986 [pool-59-thread-1] INFO  server.RaftServerConfigKeys (ConfUtils.java:logGet(43)) - raft.server.log.preallocated.size = 16384 (custom)
2019-10-18 13:45:44,986 [pool-59-thread-1] INFO  server.RaftServerConfigKeys (ConfUtils.java:logGet(43)) - raft.server.log.write.buffer.size = 33554432 (custom)
2019-10-18 13:45:44,986 [pool-59-thread-1] INFO  server.RaftServerConfigKeys (ConfUtils.java:logGet(43)) - raft.server.log.force.sync.num = 128 (default)
2019-10-18 13:45:44,986 [pool-59-thread-1] INFO  server.RaftServerConfigKeys (ConfUtils.java:logGet(43)) - raft.server.log.statemachine.data.sync = true (default)
2019-10-18 13:45:44,987 [pool-59-thread-1] INFO  server.RaftServerConfigKeys (ConfUtils.java:logGet(43)) - raft.server.log.statemachine.data.sync.timeout = 10s (default)
2019-10-18 13:45:44,987 [pool-59-thread-1] INFO  server.RaftServerConfigKeys (ConfUtils.java:logGet(43)) - raft.server.log.statemachine.data.sync.timeout.retry = -1 (default)
2019-10-18 13:45:44,987 [pool-59-thread-1] INFO  server.RaftServerConfigKeys (ConfUtils.java:logGet(43)) - raft.server.log.statemachine.data.caching.enabled = true (custom)
2019-10-18 13:45:44,987 [pool-59-thread-1] INFO  impl.RaftServerImpl (ServerState.java:setRaftConf(357)) - 25bdb850-9456-40e4-9e32-2249eb72d793@group-CCA166F66943: set configuration 0: [25bdb850-9456-40e4-9e32-2249eb72d793:192.168.69.85:34143], old=null at 0
2019-10-18 13:45:44,988 [pool-59-thread-1] INFO  segmented.LogSegment (LogSegment.java:loadSegment(140)) - Successfully read 1 entries from segment file /workdir/hadoop-ozone/integration-test/target/test-dir/MiniOzoneClusterImpl-9d6dd75e-a22e-4447-b646-8faf5d797e6a/datanode-2/data/ratis/063ecc6a-25c1-44c7-a837-cca166f66943/current/log_inprogress_0
2019-10-18 13:45:44,988 [pool-59-thread-1] INFO  segmented.SegmentedRaftLogWorker (SegmentedRaftLogWorker.java:lambda$new$0(128)) - 25bdb850-9456-40e4-9e32-2249eb72d793@group-CCA166F66943-SegmentedRaftLogWorker: flushIndex: setUnconditionally 0 -> 0
2019-10-18 13:45:45,014 [pool-59-thread-1] INFO  server.RaftServerConfigKeys (ConfUtils.java:logGet(43)) - raft.server.snapshot.auto.trigger.enabled = true (custom)
2019-10-18 13:45:45,014 [pool-59-thread-1] INFO  server.RaftServerConfigKeys (ConfUtils.java:logGet(43)) - raft.server.snapshot.auto.trigger.threshold = 10000 (custom)
2019-10-18 13:45:45,014 [pool-59-thread-1] INFO  server.RaftServerConfigKeys (ConfUtils.java:logGet(43)) - raft.server.snapshot.retention.file.num = 5 (custom)
2019-10-18 13:45:45,014 [pool-59-thread-1] INFO  server.RaftServerConfigKeys (ConfUtils.java:logGet(43)) - raft.server.retrycache.expirytime = 600000ms (custom)
2019-10-18 13:45:45,235 [BlockDeletingService#2] WARN  background.BlockDeletingService (BlockDeletingService.java:isDeletionAllowed(187)) - Close Container log Index 6 is not replicated across allthe servers in the pipeline 959e288b-eace-4bc0-b5b0-58b787e4ca93 as the min replicated index is 4. Deletion is not allowed in this container yet.
2019-10-18 13:45:45,235 [BlockDeletingService#2] WARN  background.BlockDeletingService (BlockDeletingService.java:isDeletionAllowed(187)) - Close Container log Index 6 is not replicated across allthe servers in the pipeline 959e288b-eace-4bc0-b5b0-58b787e4ca93 as the min replicated index is 4. Deletion is not allowed in this container yet.
2019-10-18 13:45:45,253 [java.util.concurrent.ThreadPoolExecutor$Worker@5eab71ed[State = -1, empty queue]] WARN  server.GrpcLogAppender (GrpcLogAppender.java:timeoutAppendRequest(209)) - b7ce392e-07e5-43c4-a049-3141454252ec@group-58B787E4CA93->25bdb850-9456-40e4-9e32-2249eb72d793-GrpcLogAppender: appendEntries Timeout, request=b7ce392e-07e5-43c4-a049-3141454252ec->25bdb850-9456-40e4-9e32-2249eb72d793#50-t3, previous=(t:3, i:10), leaderCommit=10, initializing? false, entries: <empty>
2019-10-18 13:45:45,708 [Command processor thread] INFO  commandhandler.DeleteBlocksCommandHandler (DeleteBlocksCommandHandler.java:handle(106)) - Start to delete container blocks, TXIDs=[1(2)], numOfContainers=1, numOfBlocks=1
2019-10-18 13:45:45,708 [Command processor thread] INFO  commandhandler.DeleteBlocksCommandHandler (DeleteBlocksCommandHandler.java:handle(106)) - Start to delete container blocks, TXIDs=[1(0)], numOfContainers=1, numOfBlocks=1
2019-10-18 13:45:45,792 [pool-7-thread-2] INFO  commands.RetriableDatanodeEventWatcher (RetriableDatanodeEventWatcher.java:onTimeout(47)) - RetriableDatanodeCommand type=deleteBlocksCommand with id=1571406343792 timed out. Retrying.
2019-10-18 13:45:45,793 [pool-7-thread-1] INFO  commands.RetriableDatanodeEventWatcher (RetriableDatanodeEventWatcher.java:onTimeout(47)) - RetriableDatanodeCommand type=deleteBlocksCommand with id=1571406343793 timed out. Retrying.
2019-10-18 13:45:45,793 [pool-7-thread-3] INFO  commands.RetriableDatanodeEventWatcher (RetriableDatanodeEventWatcher.java:onTimeout(47)) - RetriableDatanodeCommand type=deleteBlocksCommand with id=1571406343789 timed out. Retrying.
2019-10-18 13:45:45,794 [SCMBlockDeletingService#1] INFO  block.SCMBlockDeletingService (SCMBlockDeletingService.java:call(184)) - Totally added 1 delete blocks command for 1 datanodes, task elapsed time: 0ms
2019-10-18 13:45:45,810 [EventQueue-DeleteBlockStatusForEventWatcher$$Lambda$30/637241618] WARN  events.EventWatcher (EventWatcher.java:lambda$start$0(110)) - Completion event without active lease. Id=1571406343790
2019-10-18 13:45:46,237 [BlockDeletingService#2] WARN  background.BlockDeletingService (BlockDeletingService.java:isDeletionAllowed(187)) - Close Container log Index 6 is not replicated across allthe servers in the pipeline 959e288b-eace-4bc0-b5b0-58b787e4ca93 as the min replicated index is 4. Deletion is not allowed in this container yet.
2019-10-18 13:45:46,237 [BlockDeletingService#2] WARN  background.BlockDeletingService (BlockDeletingService.java:isDeletionAllowed(187)) - Close Container log Index 6 is not replicated across allthe servers in the pipeline 959e288b-eace-4bc0-b5b0-58b787e4ca93 as the min replicated index is 4. Deletion is not allowed in this container yet.
2019-10-18 13:45:46,710 [Command processor thread] INFO  commandhandler.DeleteBlocksCommandHandler (DeleteBlocksCommandHandler.java:handle(106)) - Start to delete container blocks, TXIDs=[1(2)], numOfContainers=1, numOfBlocks=1
2019-10-18 13:45:46,794 [pool-7-thread-2] INFO  commands.RetriableDatanodeEventWatcher (RetriableDatanodeEventWatcher.java:onTimeout(47)) - RetriableDatanodeCommand type=deleteBlocksCommand with id=1571406343789 timed out. Retrying.
2019-10-18 13:45:46,794 [pool-7-thread-1] INFO  commands.RetriableDatanodeEventWatcher (RetriableDatanodeEventWatcher.java:onTimeout(47)) - RetriableDatanodeCommand type=deleteBlocksCommand with id=1571406343794 timed out. Retrying.
2019-10-18 13:45:46,794 [pool-7-thread-3] INFO  commands.RetriableDatanodeEventWatcher (RetriableDatanodeEventWatcher.java:onTimeout(47)) - RetriableDatanodeCommand type=deleteBlocksCommand with id=1571406343792 timed out. Retrying.
2019-10-18 13:45:46,795 [SCMBlockDeletingService#1] INFO  block.SCMBlockDeletingService (SCMBlockDeletingService.java:call(184)) - Totally added 1 delete blocks command for 1 datanodes, task elapsed time: 1ms
2019-10-18 13:45:46,814 [EventQueue-DeleteBlockStatusForEventWatcher$$Lambda$30/637241618] WARN  events.EventWatcher (EventWatcher.java:lambda$start$0(110)) - Completion event without active lease. Id=1571406343793
2019-10-18 13:45:46,978 [Datanode State Machine Thread - 0] INFO  ozoneimpl.OzoneContainer (OzoneContainer.java:start(213)) - Attempting to start container services.
2019-10-18 13:45:46,980 [Datanode State Machine Thread - 0] INFO  ozoneimpl.OzoneContainer (OzoneContainer.java:startContainerScrub(177)) - Background container scanner has been disabled.
2019-10-18 13:45:46,981 [Datanode State Machine Thread - 0] INFO  ratis.XceiverServerRatis (XceiverServerRatis.java:start(418)) - Starting XceiverServerRatis 25bdb850-9456-40e4-9e32-2249eb72d793 at port 34143
2019-10-18 13:45:46,994 [ForkJoinPool.commonPool-worker-0] INFO  impl.RaftServerImpl (RaftServerImpl.java:start(195)) - 25bdb850-9456-40e4-9e32-2249eb72d793@group-CCA166F66943: start as a follower, conf=0: [25bdb850-9456-40e4-9e32-2249eb72d793:192.168.69.85:34143], old=null
2019-10-18 13:45:46,994 [Datanode State Machine Thread - 0] INFO  impl.RaftServerImpl (RaftServerImpl.java:start(195)) - 25bdb850-9456-40e4-9e32-2249eb72d793@group-58B787E4CA93: start as a follower, conf=0: [9d0a2f75-ce30-4dbd-af96-5adca13389b4:192.168.69.85:35551, b7ce392e-07e5-43c4-a049-3141454252ec:192.168.69.85:43203, 25bdb850-9456-40e4-9e32-2249eb72d793:192.168.69.85:34143], old=null
2019-10-18 13:45:46,995 [ForkJoinPool.commonPool-worker-0] INFO  impl.RaftServerImpl (RaftServerImpl.java:setRole(184)) - 25bdb850-9456-40e4-9e32-2249eb72d793@group-CCA166F66943: changes role from      null to FOLLOWER at term 1 for startAsFollower
2019-10-18 13:45:46,995 [Datanode State Machine Thread - 0] INFO  impl.RaftServerImpl (RaftServerImpl.java:setRole(184)) - 25bdb850-9456-40e4-9e32-2249eb72d793@group-58B787E4CA93: changes role from      null to FOLLOWER at term 3 for startAsFollower
2019-10-18 13:45:46,995 [ForkJoinPool.commonPool-worker-0] INFO  impl.RoleInfo (RoleInfo.java:updateAndGet(143)) - 25bdb850-9456-40e4-9e32-2249eb72d793: start FollowerState
2019-10-18 13:45:46,995 [Datanode State Machine Thread - 0] INFO  impl.RoleInfo (RoleInfo.java:updateAndGet(143)) - 25bdb850-9456-40e4-9e32-2249eb72d793: start FollowerState
2019-10-18 13:45:46,997 [ForkJoinPool.commonPool-worker-0] INFO  util.JmxRegister (JmxRegister.java:tryRegister(44)) - Successfully registered JMX Bean with object name Ratis:service=RaftServer,group=group-CCA166F66943,id=25bdb850-9456-40e4-9e32-2249eb72d793
2019-10-18 13:45:46,997 [Datanode State Machine Thread - 0] INFO  util.JmxRegister (JmxRegister.java:tryRegister(44)) - Successfully registered JMX Bean with object name Ratis:service=RaftServer,group=group-58B787E4CA93,id=25bdb850-9456-40e4-9e32-2249eb72d793
2019-10-18 13:45:46,999 [Datanode State Machine Thread - 0] INFO  impl.RaftServerProxy (RaftServerProxy.java:lambda$start$3(299)) - 25bdb850-9456-40e4-9e32-2249eb72d793: start RPC server
2019-10-18 13:45:47,003 [Datanode State Machine Thread - 0] INFO  server.GrpcService (GrpcService.java:startImpl(158)) - 25bdb850-9456-40e4-9e32-2249eb72d793: GrpcService started, listening on 0.0.0.0/0.0.0.0:34143
2019-10-18 13:45:47,026 [Thread-567] INFO  impl.FollowerState (FollowerState.java:run(108)) - 25bdb850-9456-40e4-9e32-2249eb72d793@group-CCA166F66943-FollowerState: change to CANDIDATE, lastRpcTime:30ms, electionTimeout:30ms
2019-10-18 13:45:47,026 [Thread-567] INFO  impl.RoleInfo (RoleInfo.java:shutdownFollowerState(121)) - 25bdb850-9456-40e4-9e32-2249eb72d793: shutdown FollowerState
2019-10-18 13:45:47,026 [Thread-567] INFO  impl.RaftServerImpl (RaftServerImpl.java:setRole(184)) - 25bdb850-9456-40e4-9e32-2249eb72d793@group-CCA166F66943: changes role from  FOLLOWER to CANDIDATE at term 1 for changeToCandidate
2019-10-18 13:45:47,027 [Thread-567] INFO  impl.RoleInfo (RoleInfo.java:updateAndGet(143)) - 25bdb850-9456-40e4-9e32-2249eb72d793: start LeaderElection
2019-10-18 13:45:47,159 [25bdb850-9456-40e4-9e32-2249eb72d793@group-CCA166F66943-LeaderElection9] INFO  impl.LeaderElection (LeaderElection.java:askForVotes(178)) - 25bdb850-9456-40e4-9e32-2249eb72d793@group-CCA166F66943-LeaderElection9: begin an election at term 2 for 0: [25bdb850-9456-40e4-9e32-2249eb72d793:192.168.69.85:34143], old=null
2019-10-18 13:45:47,159 [25bdb850-9456-40e4-9e32-2249eb72d793@group-CCA166F66943-LeaderElection9] INFO  impl.RoleInfo (RoleInfo.java:shutdownLeaderElection(134)) - 25bdb850-9456-40e4-9e32-2249eb72d793: shutdown LeaderElection
2019-10-18 13:45:47,160 [25bdb850-9456-40e4-9e32-2249eb72d793@group-CCA166F66943-LeaderElection9] INFO  impl.RaftServerImpl (RaftServerImpl.java:setRole(184)) - 25bdb850-9456-40e4-9e32-2249eb72d793@group-CCA166F66943: changes role from CANDIDATE to LEADER at term 2 for changeToLeader
2019-10-18 13:45:47,160 [25bdb850-9456-40e4-9e32-2249eb72d793@group-CCA166F66943-LeaderElection9] INFO  impl.RaftServerImpl (ServerState.java:setLeader(256)) - 25bdb850-9456-40e4-9e32-2249eb72d793@group-CCA166F66943: change Leader from null to 25bdb850-9456-40e4-9e32-2249eb72d793 at term 2 for becomeLeader, leader elected after 2174ms
2019-10-18 13:45:47,161 [25bdb850-9456-40e4-9e32-2249eb72d793@group-CCA166F66943-LeaderElection9] INFO  server.RaftServerConfigKeys (ConfUtils.java:logGet(43)) - raft.server.staging.catchup.gap = 1000 (default)
2019-10-18 13:45:47,161 [25bdb850-9456-40e4-9e32-2249eb72d793@group-CCA166F66943-LeaderElection9] INFO  server.RaftServerConfigKeys (ConfUtils.java:logGet(43)) - raft.server.rpc.sleep.time = 25ms (default)
2019-10-18 13:45:47,161 [25bdb850-9456-40e4-9e32-2249eb72d793@group-CCA166F66943-LeaderElection9] INFO  server.RaftServerConfigKeys (ConfUtils.java:logGet(43)) - raft.server.write.element-limit = 4096 (default)
2019-10-18 13:45:47,162 [25bdb850-9456-40e4-9e32-2249eb72d793@group-CCA166F66943-LeaderElection9] INFO  server.RaftServerConfigKeys (ConfUtils.java:logGet(43)) - raft.server.watch.timeout = 10s (default)
2019-10-18 13:45:47,162 [25bdb850-9456-40e4-9e32-2249eb72d793@group-CCA166F66943-LeaderElection9] INFO  server.RaftServerConfigKeys (ConfUtils.java:logGet(43)) - raft.server.watch.timeout.denomination = 1s (default)
2019-10-18 13:45:47,162 [25bdb850-9456-40e4-9e32-2249eb72d793@group-CCA166F66943-LeaderElection9] INFO  server.RaftServerConfigKeys (ConfUtils.java:logGet(43)) - raft.server.watch.element-limit = 65536 (default)
2019-10-18 13:45:47,162 [25bdb850-9456-40e4-9e32-2249eb72d793@group-CCA166F66943-LeaderElection9] INFO  impl.RoleInfo (RoleInfo.java:updateAndGet(143)) - 25bdb850-9456-40e4-9e32-2249eb72d793: start LeaderState
2019-10-18 13:45:47,163 [25bdb850-9456-40e4-9e32-2249eb72d793@group-CCA166F66943-LeaderElection9] INFO  segmented.SegmentedRaftLogWorker (SegmentedRaftLogWorker.java:rollLogSegment(390)) - 25bdb850-9456-40e4-9e32-2249eb72d793@group-CCA166F66943-SegmentedRaftLogWorker: Rolling segment log-0_0 to index:0
2019-10-18 13:45:47,167 [25bdb850-9456-40e4-9e32-2249eb72d793@group-CCA166F66943-LeaderElection9] INFO  impl.RaftServerImpl (ServerState.java:setRaftConf(357)) - 25bdb850-9456-40e4-9e32-2249eb72d793@group-CCA166F66943: set configuration 1: [25bdb850-9456-40e4-9e32-2249eb72d793:192.168.69.85:34143], old=null at 1
2019-10-18 13:45:47,169 [25bdb850-9456-40e4-9e32-2249eb72d793@group-CCA166F66943-SegmentedRaftLogWorker] INFO  segmented.SegmentedRaftLogWorker (SegmentedRaftLogWorker.java:execute(533)) - 25bdb850-9456-40e4-9e32-2249eb72d793@group-CCA166F66943-SegmentedRaftLogWorker: Rolled log segment from /workdir/hadoop-ozone/integration-test/target/test-dir/MiniOzoneClusterImpl-9d6dd75e-a22e-4447-b646-8faf5d797e6a/datanode-2/data/ratis/063ecc6a-25c1-44c7-a837-cca166f66943/current/log_inprogress_0 to /workdir/hadoop-ozone/integration-test/target/test-dir/MiniOzoneClusterImpl-9d6dd75e-a22e-4447-b646-8faf5d797e6a/datanode-2/data/ratis/063ecc6a-25c1-44c7-a837-cca166f66943/current/log_0-0
2019-10-18 13:45:47,177 [Thread-568] INFO  impl.FollowerState (FollowerState.java:run(108)) - 25bdb850-9456-40e4-9e32-2249eb72d793@group-58B787E4CA93-FollowerState: change to CANDIDATE, lastRpcTime:181ms, electionTimeout:181ms
2019-10-18 13:45:47,177 [Thread-568] INFO  impl.RoleInfo (RoleInfo.java:shutdownFollowerState(121)) - 25bdb850-9456-40e4-9e32-2249eb72d793: shutdown FollowerState
2019-10-18 13:45:47,177 [Thread-568] INFO  impl.RaftServerImpl (RaftServerImpl.java:setRole(184)) - 25bdb850-9456-40e4-9e32-2249eb72d793@group-58B787E4CA93: changes role from  FOLLOWER to CANDIDATE at term 3 for changeToCandidate
2019-10-18 13:45:47,178 [Thread-568] INFO  impl.RoleInfo (RoleInfo.java:updateAndGet(143)) - 25bdb850-9456-40e4-9e32-2249eb72d793: start LeaderElection
2019-10-18 13:45:47,226 [25bdb850-9456-40e4-9e32-2249eb72d793@group-CCA166F66943-SegmentedRaftLogWorker] INFO  segmented.SegmentedRaftLogWorker (SegmentedRaftLogWorker.java:execute(576)) - 25bdb850-9456-40e4-9e32-2249eb72d793@group-CCA166F66943-SegmentedRaftLogWorker: created new log segment /workdir/hadoop-ozone/integration-test/target/test-dir/MiniOzoneClusterImpl-9d6dd75e-a22e-4447-b646-8faf5d797e6a/datanode-2/data/ratis/063ecc6a-25c1-44c7-a837-cca166f66943/current/log_inprogress_1
2019-10-18 13:45:47,227 [25bdb850-9456-40e4-9e32-2249eb72d793@group-58B787E4CA93-LeaderElection10] INFO  impl.LeaderElection (LeaderElection.java:askForVotes(178)) - 25bdb850-9456-40e4-9e32-2249eb72d793@group-58B787E4CA93-LeaderElection10: begin an election at term 4 for 0: [9d0a2f75-ce30-4dbd-af96-5adca13389b4:192.168.69.85:35551, b7ce392e-07e5-43c4-a049-3141454252ec:192.168.69.85:43203, 25bdb850-9456-40e4-9e32-2249eb72d793:192.168.69.85:34143], old=null
2019-10-18 13:45:47,310 [BlockDeletingService#2] WARN  background.BlockDeletingService (BlockDeletingService.java:isDeletionAllowed(187)) - Close Container log Index 6 is not replicated across allthe servers in the pipeline 959e288b-eace-4bc0-b5b0-58b787e4ca93 as the min replicated index is 4. Deletion is not allowed in this container yet.
2019-10-18 13:45:47,310 [BlockDeletingService#2] WARN  background.BlockDeletingService (BlockDeletingService.java:isDeletionAllowed(187)) - Close Container log Index 6 is not replicated across allthe servers in the pipeline 959e288b-eace-4bc0-b5b0-58b787e4ca93 as the min replicated index is 4. Deletion is not allowed in this container yet.
2019-10-18 13:45:47,312 [grpc-default-executor-0] INFO  impl.RaftServerImpl (ServerState.java:setLeader(256)) - b7ce392e-07e5-43c4-a049-3141454252ec@group-58B787E4CA93: change Leader from b7ce392e-07e5-43c4-a049-3141454252ec to null at term 4 for updateCurrentTerm
2019-10-18 13:45:47,312 [grpc-default-executor-6] INFO  impl.RaftServerImpl (ServerState.java:setLeader(256)) - 9d0a2f75-ce30-4dbd-af96-5adca13389b4@group-58B787E4CA93: change Leader from b7ce392e-07e5-43c4-a049-3141454252ec to null at term 4 for updateCurrentTerm
2019-10-18 13:45:47,312 [grpc-default-executor-0] INFO  impl.RaftServerImpl (RaftServerImpl.java:setRole(184)) - b7ce392e-07e5-43c4-a049-3141454252ec@group-58B787E4CA93: changes role from    LEADER to FOLLOWER at term 4 for recognizeCandidate:25bdb850-9456-40e4-9e32-2249eb72d793
2019-10-18 13:45:47,312 [grpc-default-executor-6] INFO  impl.RaftServerImpl (RaftServerImpl.java:setRole(184)) - 9d0a2f75-ce30-4dbd-af96-5adca13389b4@group-58B787E4CA93: changes role from  FOLLOWER to FOLLOWER at term 4 for recognizeCandidate:25bdb850-9456-40e4-9e32-2249eb72d793
2019-10-18 13:45:47,313 [grpc-default-executor-0] INFO  impl.RoleInfo (RoleInfo.java:shutdownLeaderState(104)) - b7ce392e-07e5-43c4-a049-3141454252ec: shutdown LeaderState
2019-10-18 13:45:47,313 [grpc-default-executor-6] INFO  impl.RoleInfo (RoleInfo.java:shutdownFollowerState(121)) - 9d0a2f75-ce30-4dbd-af96-5adca13389b4: shutdown FollowerState
2019-10-18 13:45:47,314 [org.apache.ratis.server.impl.LogAppender$AppenderDaemon$$Lambda$415/1452762493@44a15118] WARN  server.GrpcLogAppender (GrpcLogAppender.java:mayWait(149)) - b7ce392e-07e5-43c4-a049-3141454252ec@group-58B787E4CA93->25bdb850-9456-40e4-9e32-2249eb72d793-GrpcLogAppender: Wait interrupted by java.lang.InterruptedException
2019-10-18 13:45:47,314 [grpc-default-executor-6] INFO  impl.RoleInfo (RoleInfo.java:updateAndGet(143)) - 9d0a2f75-ce30-4dbd-af96-5adca13389b4: start FollowerState
2019-10-18 13:45:47,314 [grpc-default-executor-0] INFO  impl.PendingRequests (PendingRequests.java:sendNotLeaderResponses(202)) - b7ce392e-07e5-43c4-a049-3141454252ec@group-58B787E4CA93-PendingRequests: sendNotLeaderResponses
2019-10-18 13:45:47,314 [org.apache.ratis.server.impl.LogAppender$AppenderDaemon$$Lambda$415/1452762493@751ec5c4] WARN  server.GrpcLogAppender (GrpcLogAppender.java:mayWait(149)) - b7ce392e-07e5-43c4-a049-3141454252ec@group-58B787E4CA93->9d0a2f75-ce30-4dbd-af96-5adca13389b4-GrpcLogAppender: Wait interrupted by java.lang.InterruptedException
2019-10-18 13:45:47,314 [Thread-238] INFO  impl.FollowerState (FollowerState.java:run(117)) - 9d0a2f75-ce30-4dbd-af96-5adca13389b4@group-58B787E4CA93-FollowerState was interrupted: java.lang.InterruptedException: sleep interrupted
2019-10-18 13:45:47,317 [grpc-default-executor-0] INFO  impl.RoleInfo (RoleInfo.java:updateAndGet(143)) - b7ce392e-07e5-43c4-a049-3141454252ec: start FollowerState
2019-10-18 13:45:47,317 [Thread-579] INFO  client.GrpcClientProtocolService (GrpcClientProtocolService.java:lambda$processClientRequest$0(278)) - Failed RaftClientRequest:client-B7AACEF92521->b7ce392e-07e5-43c4-a049-3141454252ec@group-58B787E4CA93, cid=10, seq=0, Watch-ALL_COMMITTED(6), Message:<EMPTY>, reply=RaftClientReply:client-B7AACEF92521->b7ce392e-07e5-43c4-a049-3141454252ec@group-58B787E4CA93, cid=10, FAILED org.apache.ratis.protocol.NotLeaderException: Server b7ce392e-07e5-43c4-a049-3141454252ec@group-58B787E4CA93 is not the leader, logIndex=0, commits[b7ce392e-07e5-43c4-a049-3141454252ec:c10, 9d0a2f75-ce30-4dbd-af96-5adca13389b4:c10, 25bdb850-9456-40e4-9e32-2249eb72d793:c4]
2019-10-18 13:45:47,319 [grpc-default-executor-1] INFO  server.GrpcServerProtocolService (GrpcServerProtocolService.java:onCompleted(113)) - 9d0a2f75-ce30-4dbd-af96-5adca13389b4: Completed APPEND_ENTRIES, lastRequest: b7ce392e-07e5-43c4-a049-3141454252ec->9d0a2f75-ce30-4dbd-af96-5adca13389b4#51-t3, previous=(t:3, i:10), leaderCommit=10, initializing? false, entries: <empty>
2019-10-18 13:45:47,325 [grpc-default-executor-7] INFO  server.GrpcLogAppender (GrpcLogAppender.java:onCompleted(308)) - b7ce392e-07e5-43c4-a049-3141454252ec@group-58B787E4CA93->9d0a2f75-ce30-4dbd-af96-5adca13389b4-AppendLogResponseHandler: follower responses appendEntries COMPLETED
2019-10-18 13:45:47,329 [grpc-default-executor-7] INFO  impl.FollowerInfo (FollowerInfo.java:lambda$new$0(51)) - b7ce392e-07e5-43c4-a049-3141454252ec@group-58B787E4CA93->9d0a2f75-ce30-4dbd-af96-5adca13389b4: nextIndex: updateUnconditionally 11 -> 10
2019-10-18 13:45:47,341 [25bdb850-9456-40e4-9e32-2249eb72d793@group-58B787E4CA93-LeaderElection10] INFO  impl.LeaderElection (LeaderElection.java:logAndReturn(56)) - 25bdb850-9456-40e4-9e32-2249eb72d793@group-58B787E4CA93-LeaderElection10: Election TIMEOUT; received 0 response(s) [] and 0 exception(s); 25bdb850-9456-40e4-9e32-2249eb72d793@group-58B787E4CA93:t4, leader=null, voted=25bdb850-9456-40e4-9e32-2249eb72d793, raftlog=25bdb850-9456-40e4-9e32-2249eb72d793@group-58B787E4CA93-SegmentedRaftLog:OPENED:c3,f4,i4, conf=0: [9d0a2f75-ce30-4dbd-af96-5adca13389b4:192.168.69.85:35551, b7ce392e-07e5-43c4-a049-3141454252ec:192.168.69.85:43203, 25bdb850-9456-40e4-9e32-2249eb72d793:192.168.69.85:34143], old=null
2019-10-18 13:45:47,353 [25bdb850-9456-40e4-9e32-2249eb72d793@group-58B787E4CA93-LeaderElection10] INFO  impl.LeaderElection (LeaderElection.java:askForVotes(178)) - 25bdb850-9456-40e4-9e32-2249eb72d793@group-58B787E4CA93-LeaderElection10: begin an election at term 5 for 0: [9d0a2f75-ce30-4dbd-af96-5adca13389b4:192.168.69.85:35551, b7ce392e-07e5-43c4-a049-3141454252ec:192.168.69.85:43203, 25bdb850-9456-40e4-9e32-2249eb72d793:192.168.69.85:34143], old=null
2019-10-18 13:45:47,358 [grpc-default-executor-6] INFO  impl.RaftServerImpl (RaftServerImpl.java:setRole(184)) - 9d0a2f75-ce30-4dbd-af96-5adca13389b4@group-58B787E4CA93: changes role from  FOLLOWER to FOLLOWER at term 5 for recognizeCandidate:25bdb850-9456-40e4-9e32-2249eb72d793
2019-10-18 13:45:47,358 [grpc-default-executor-0] INFO  impl.RaftServerImpl (RaftServerImpl.java:setRole(184)) - b7ce392e-07e5-43c4-a049-3141454252ec@group-58B787E4CA93: changes role from  FOLLOWER to FOLLOWER at term 5 for recognizeCandidate:25bdb850-9456-40e4-9e32-2249eb72d793
2019-10-18 13:45:47,359 [grpc-default-executor-6] INFO  impl.RoleInfo (RoleInfo.java:shutdownFollowerState(121)) - 9d0a2f75-ce30-4dbd-af96-5adca13389b4: shutdown FollowerState
2019-10-18 13:45:47,359 [grpc-default-executor-0] INFO  impl.RoleInfo (RoleInfo.java:shutdownFollowerState(121)) - b7ce392e-07e5-43c4-a049-3141454252ec: shutdown FollowerState
2019-10-18 13:45:47,359 [Thread-578] INFO  impl.FollowerState (FollowerState.java:run(117)) - 9d0a2f75-ce30-4dbd-af96-5adca13389b4@group-58B787E4CA93-FollowerState was interrupted: java.lang.InterruptedException: sleep interrupted
2019-10-18 13:45:47,359 [grpc-default-executor-6] INFO  impl.RoleInfo (RoleInfo.java:updateAndGet(143)) - 9d0a2f75-ce30-4dbd-af96-5adca13389b4: start FollowerState
2019-10-18 13:45:47,359 [Thread-580] INFO  impl.FollowerState (FollowerState.java:run(117)) - b7ce392e-07e5-43c4-a049-3141454252ec@group-58B787E4CA93-FollowerState was interrupted: java.lang.InterruptedException: sleep interrupted
2019-10-18 13:45:47,359 [grpc-default-executor-0] INFO  impl.RoleInfo (RoleInfo.java:updateAndGet(143)) - b7ce392e-07e5-43c4-a049-3141454252ec: start FollowerState
2019-10-18 13:45:47,376 [25bdb850-9456-40e4-9e32-2249eb72d793@group-58B787E4CA93-LeaderElection10] INFO  impl.LeaderElection (LeaderElection.java:logAndReturn(56)) - 25bdb850-9456-40e4-9e32-2249eb72d793@group-58B787E4CA93-LeaderElection10: Election REJECTED; received 2 response(s) [25bdb850-9456-40e4-9e32-2249eb72d793<-9d0a2f75-ce30-4dbd-af96-5adca13389b4#0:FAIL-t5, 25bdb850-9456-40e4-9e32-2249eb72d793<-b7ce392e-07e5-43c4-a049-3141454252ec#0:FAIL-t5] and 0 exception(s); 25bdb850-9456-40e4-9e32-2249eb72d793@group-58B787E4CA93:t5, leader=null, voted=25bdb850-9456-40e4-9e32-2249eb72d793, raftlog=25bdb850-9456-40e4-9e32-2249eb72d793@group-58B787E4CA93-SegmentedRaftLog:OPENED:c3,f4,i4, conf=0: [9d0a2f75-ce30-4dbd-af96-5adca13389b4:192.168.69.85:35551, b7ce392e-07e5-43c4-a049-3141454252ec:192.168.69.85:43203, 25bdb850-9456-40e4-9e32-2249eb72d793:192.168.69.85:34143], old=null
2019-10-18 13:45:47,377 [25bdb850-9456-40e4-9e32-2249eb72d793@group-58B787E4CA93-LeaderElection10] INFO  impl.RaftServerImpl (RaftServerImpl.java:setRole(184)) - 25bdb850-9456-40e4-9e32-2249eb72d793@group-58B787E4CA93: changes role from CANDIDATE to FOLLOWER at term 5 for DISCOVERED_A_NEW_TERM
2019-10-18 13:45:47,378 [25bdb850-9456-40e4-9e32-2249eb72d793@group-58B787E4CA93-LeaderElection10] INFO  impl.RoleInfo (RoleInfo.java:shutdownLeaderElection(134)) - 25bdb850-9456-40e4-9e32-2249eb72d793: shutdown LeaderElection
2019-10-18 13:45:47,378 [25bdb850-9456-40e4-9e32-2249eb72d793@group-58B787E4CA93-LeaderElection10] INFO  impl.RoleInfo (RoleInfo.java:updateAndGet(143)) - 25bdb850-9456-40e4-9e32-2249eb72d793: start FollowerState
2019-10-18 13:45:47,409 [Thread-585] INFO  impl.FollowerState (FollowerState.java:run(108)) - 25bdb850-9456-40e4-9e32-2249eb72d793@group-58B787E4CA93-FollowerState: change to CANDIDATE, lastRpcTime:30ms, electionTimeout:30ms
2019-10-18 13:45:47,410 [Thread-585] INFO  impl.RoleInfo (RoleInfo.java:shutdownFollowerState(121)) - 25bdb850-9456-40e4-9e32-2249eb72d793: shutdown FollowerState
2019-10-18 13:45:47,410 [Thread-585] INFO  impl.RaftServerImpl (RaftServerImpl.java:setRole(184)) - 25bdb850-9456-40e4-9e32-2249eb72d793@group-58B787E4CA93: changes role from  FOLLOWER to CANDIDATE at term 5 for changeToCandidate
2019-10-18 13:45:47,410 [Thread-585] INFO  impl.RoleInfo (RoleInfo.java:updateAndGet(143)) - 25bdb850-9456-40e4-9e32-2249eb72d793: start LeaderElection
2019-10-18 13:45:47,426 [25bdb850-9456-40e4-9e32-2249eb72d793@group-58B787E4CA93-LeaderElection11] INFO  impl.LeaderElection (LeaderElection.java:askForVotes(178)) - 25bdb850-9456-40e4-9e32-2249eb72d793@group-58B787E4CA93-LeaderElection11: begin an election at term 6 for 0: [9d0a2f75-ce30-4dbd-af96-5adca13389b4:192.168.69.85:35551, b7ce392e-07e5-43c4-a049-3141454252ec:192.168.69.85:43203, 25bdb850-9456-40e4-9e32-2249eb72d793:192.168.69.85:34143], old=null
2019-10-18 13:45:47,429 [grpc-default-executor-0] INFO  impl.RaftServerImpl (RaftServerImpl.java:setRole(184)) - 9d0a2f75-ce30-4dbd-af96-5adca13389b4@group-58B787E4CA93: changes role from  FOLLOWER to FOLLOWER at term 6 for recognizeCandidate:25bdb850-9456-40e4-9e32-2249eb72d793
2019-10-18 13:45:47,430 [grpc-default-executor-6] INFO  impl.RaftServerImpl (RaftServerImpl.java:setRole(184)) - b7ce392e-07e5-43c4-a049-3141454252ec@group-58B787E4CA93: changes role from  FOLLOWER to FOLLOWER at term 6 for recognizeCandidate:25bdb850-9456-40e4-9e32-2249eb72d793
2019-10-18 13:45:47,430 [grpc-default-executor-0] INFO  impl.RoleInfo (RoleInfo.java:shutdownFollowerState(121)) - 9d0a2f75-ce30-4dbd-af96-5adca13389b4: shutdown FollowerState
2019-10-18 13:45:47,430 [grpc-default-executor-6] INFO  impl.RoleInfo (RoleInfo.java:shutdownFollowerState(121)) - b7ce392e-07e5-43c4-a049-3141454252ec: shutdown FollowerState
2019-10-18 13:45:47,430 [Thread-583] INFO  impl.FollowerState (FollowerState.java:run(117)) - 9d0a2f75-ce30-4dbd-af96-5adca13389b4@group-58B787E4CA93-FollowerState was interrupted: java.lang.InterruptedException: sleep interrupted
2019-10-18 13:45:47,430 [grpc-default-executor-0] INFO  impl.RoleInfo (RoleInfo.java:updateAndGet(143)) - 9d0a2f75-ce30-4dbd-af96-5adca13389b4: start FollowerState
2019-10-18 13:45:47,430 [grpc-default-executor-6] INFO  impl.RoleInfo (RoleInfo.java:updateAndGet(143)) - b7ce392e-07e5-43c4-a049-3141454252ec: start FollowerState
2019-10-18 13:45:47,430 [Thread-584] INFO  impl.FollowerState (FollowerState.java:run(117)) - b7ce392e-07e5-43c4-a049-3141454252ec@group-58B787E4CA93-FollowerState was interrupted: java.lang.InterruptedException: sleep interrupted
2019-10-18 13:45:47,451 [25bdb850-9456-40e4-9e32-2249eb72d793@group-58B787E4CA93-LeaderElection11] INFO  impl.LeaderElection (LeaderElection.java:logAndReturn(56)) - 25bdb850-9456-40e4-9e32-2249eb72d793@group-58B787E4CA93-LeaderElection11: Election REJECTED; received 2 response(s) [25bdb850-9456-40e4-9e32-2249eb72d793<-9d0a2f75-ce30-4dbd-af96-5adca13389b4#0:FAIL-t6, 25bdb850-9456-40e4-9e32-2249eb72d793<-b7ce392e-07e5-43c4-a049-3141454252ec#0:FAIL-t6] and 0 exception(s); 25bdb850-9456-40e4-9e32-2249eb72d793@group-58B787E4CA93:t6, leader=null, voted=25bdb850-9456-40e4-9e32-2249eb72d793, raftlog=25bdb850-9456-40e4-9e32-2249eb72d793@group-58B787E4CA93-SegmentedRaftLog:OPENED:c3,f4,i4, conf=0: [9d0a2f75-ce30-4dbd-af96-5adca13389b4:192.168.69.85:35551, b7ce392e-07e5-43c4-a049-3141454252ec:192.168.69.85:43203, 25bdb850-9456-40e4-9e32-2249eb72d793:192.168.69.85:34143], old=null
2019-10-18 13:45:47,452 [25bdb850-9456-40e4-9e32-2249eb72d793@group-58B787E4CA93-LeaderElection11] INFO  impl.RaftServerImpl (RaftServerImpl.java:setRole(184)) - 25bdb850-9456-40e4-9e32-2249eb72d793@group-58B787E4CA93: changes role from CANDIDATE to FOLLOWER at term 6 for DISCOVERED_A_NEW_TERM
2019-10-18 13:45:47,453 [25bdb850-9456-40e4-9e32-2249eb72d793@group-58B787E4CA93-LeaderElection11] INFO  impl.RoleInfo (RoleInfo.java:shutdownLeaderElection(134)) - 25bdb850-9456-40e4-9e32-2249eb72d793: shutdown LeaderElection
2019-10-18 13:45:47,453 [25bdb850-9456-40e4-9e32-2249eb72d793@group-58B787E4CA93-LeaderElection11] INFO  impl.RoleInfo (RoleInfo.java:updateAndGet(143)) - 25bdb850-9456-40e4-9e32-2249eb72d793: start FollowerState
2019-10-18 13:45:47,464 [Thread-591] INFO  impl.FollowerState (FollowerState.java:run(108)) - 25bdb850-9456-40e4-9e32-2249eb72d793@group-58B787E4CA93-FollowerState: change to CANDIDATE, lastRpcTime:11ms, electionTimeout:10ms
2019-10-18 13:45:47,465 [Thread-591] INFO  impl.RoleInfo (RoleInfo.java:shutdownFollowerState(121)) - 25bdb850-9456-40e4-9e32-2249eb72d793: shutdown FollowerState
2019-10-18 13:45:47,465 [Thread-591] INFO  impl.RaftServerImpl (RaftServerImpl.java:setRole(184)) - 25bdb850-9456-40e4-9e32-2249eb72d793@group-58B787E4CA93: changes role from  FOLLOWER to CANDIDATE at term 6 for changeToCandidate
2019-10-18 13:45:47,465 [Thread-591] INFO  impl.RoleInfo (RoleInfo.java:updateAndGet(143)) - 25bdb850-9456-40e4-9e32-2249eb72d793: start LeaderElection
2019-10-18 13:45:47,479 [25bdb850-9456-40e4-9e32-2249eb72d793@group-58B787E4CA93-LeaderElection12] INFO  impl.LeaderElection (LeaderElection.java:askForVotes(178)) - 25bdb850-9456-40e4-9e32-2249eb72d793@group-58B787E4CA93-LeaderElection12: begin an election at term 7 for 0: [9d0a2f75-ce30-4dbd-af96-5adca13389b4:192.168.69.85:35551, b7ce392e-07e5-43c4-a049-3141454252ec:192.168.69.85:43203, 25bdb850-9456-40e4-9e32-2249eb72d793:192.168.69.85:34143], old=null
2019-10-18 13:45:47,482 [grpc-default-executor-6] INFO  impl.RaftServerImpl (RaftServerImpl.java:setRole(184)) - b7ce392e-07e5-43c4-a049-3141454252ec@group-58B787E4CA93: changes role from  FOLLOWER to FOLLOWER at term 7 for recognizeCandidate:25bdb850-9456-40e4-9e32-2249eb72d793
2019-10-18 13:45:47,482 [grpc-default-executor-0] INFO  impl.RaftServerImpl (RaftServerImpl.java:setRole(184)) - 9d0a2f75-ce30-4dbd-af96-5adca13389b4@group-58B787E4CA93: changes role from  FOLLOWER to FOLLOWER at term 7 for recognizeCandidate:25bdb850-9456-40e4-9e32-2249eb72d793
2019-10-18 13:45:47,483 [grpc-default-executor-0] INFO  impl.RoleInfo (RoleInfo.java:shutdownFollowerState(121)) - 9d0a2f75-ce30-4dbd-af96-5adca13389b4: shutdown FollowerState
2019-10-18 13:45:47,482 [grpc-default-executor-6] INFO  impl.RoleInfo (RoleInfo.java:shutdownFollowerState(121)) - b7ce392e-07e5-43c4-a049-3141454252ec: shutdown FollowerState
2019-10-18 13:45:47,483 [Thread-589] INFO  impl.FollowerState (FollowerState.java:run(117)) - 9d0a2f75-ce30-4dbd-af96-5adca13389b4@group-58B787E4CA93-FollowerState was interrupted: java.lang.InterruptedException: sleep interrupted
2019-10-18 13:45:47,483 [grpc-default-executor-0] INFO  impl.RoleInfo (RoleInfo.java:updateAndGet(143)) - 9d0a2f75-ce30-4dbd-af96-5adca13389b4: start FollowerState
2019-10-18 13:45:47,483 [Thread-590] INFO  impl.FollowerState (FollowerState.java:run(117)) - b7ce392e-07e5-43c4-a049-3141454252ec@group-58B787E4CA93-FollowerState was interrupted: java.lang.InterruptedException: sleep interrupted
2019-10-18 13:45:47,483 [grpc-default-executor-6] INFO  impl.RoleInfo (RoleInfo.java:updateAndGet(143)) - b7ce392e-07e5-43c4-a049-3141454252ec: start FollowerState
2019-10-18 13:45:47,499 [25bdb850-9456-40e4-9e32-2249eb72d793@group-58B787E4CA93-LeaderElection12] INFO  impl.LeaderElection (LeaderElection.java:logAndReturn(56)) - 25bdb850-9456-40e4-9e32-2249eb72d793@group-58B787E4CA93-LeaderElection12: Election REJECTED; received 2 response(s) [25bdb850-9456-40e4-9e32-2249eb72d793<-9d0a2f75-ce30-4dbd-af96-5adca13389b4#0:FAIL-t7, 25bdb850-9456-40e4-9e32-2249eb72d793<-b7ce392e-07e5-43c4-a049-3141454252ec#0:FAIL-t7] and 0 exception(s); 25bdb850-9456-40e4-9e32-2249eb72d793@group-58B787E4CA93:t7, leader=null, voted=25bdb850-9456-40e4-9e32-2249eb72d793, raftlog=25bdb850-9456-40e4-9e32-2249eb72d793@group-58B787E4CA93-SegmentedRaftLog:OPENED:c3,f4,i4, conf=0: [9d0a2f75-ce30-4dbd-af96-5adca13389b4:192.168.69.85:35551, b7ce392e-07e5-43c4-a049-3141454252ec:192.168.69.85:43203, 25bdb850-9456-40e4-9e32-2249eb72d793:192.168.69.85:34143], old=null
2019-10-18 13:45:47,499 [25bdb850-9456-40e4-9e32-2249eb72d793@group-58B787E4CA93-LeaderElection12] INFO  impl.RaftServerImpl (RaftServerImpl.java:setRole(184)) - 25bdb850-9456-40e4-9e32-2249eb72d793@group-58B787E4CA93: changes role from CANDIDATE to FOLLOWER at term 7 for DISCOVERED_A_NEW_TERM
2019-10-18 13:45:47,500 [25bdb850-9456-40e4-9e32-2249eb72d793@group-58B787E4CA93-LeaderElection12] INFO  impl.RoleInfo (RoleInfo.java:shutdownLeaderElection(134)) - 25bdb850-9456-40e4-9e32-2249eb72d793: shutdown LeaderElection
2019-10-18 13:45:47,501 [25bdb850-9456-40e4-9e32-2249eb72d793@group-58B787E4CA93-LeaderElection12] INFO  impl.RoleInfo (RoleInfo.java:updateAndGet(143)) - 25bdb850-9456-40e4-9e32-2249eb72d793: start FollowerState
2019-10-18 13:45:47,530 [Thread-597] INFO  impl.FollowerState (FollowerState.java:run(108)) - 25bdb850-9456-40e4-9e32-2249eb72d793@group-58B787E4CA93-FollowerState: change to CANDIDATE, lastRpcTime:28ms, electionTimeout:28ms
2019-10-18 13:45:47,531 [Thread-597] INFO  impl.RoleInfo (RoleInfo.java:shutdownFollowerState(121)) - 25bdb850-9456-40e4-9e32-2249eb72d793: shutdown FollowerState
2019-10-18 13:45:47,531 [Thread-597] INFO  impl.RaftServerImpl (RaftServerImpl.java:setRole(184)) - 25bdb850-9456-40e4-9e32-2249eb72d793@group-58B787E4CA93: changes role from  FOLLOWER to CANDIDATE at term 7 for changeToCandidate
2019-10-18 13:45:47,531 [Thread-597] INFO  impl.RoleInfo (RoleInfo.java:updateAndGet(143)) - 25bdb850-9456-40e4-9e32-2249eb72d793: start LeaderElection
2019-10-18 13:45:47,535 [25bdb850-9456-40e4-9e32-2249eb72d793@group-58B787E4CA93-LeaderElection13] INFO  impl.LeaderElection (LeaderElection.java:askForVotes(178)) - 25bdb850-9456-40e4-9e32-2249eb72d793@group-58B787E4CA93-LeaderElection13: begin an election at term 8 for 0: [9d0a2f75-ce30-4dbd-af96-5adca13389b4:192.168.69.85:35551, b7ce392e-07e5-43c4-a049-3141454252ec:192.168.69.85:43203, 25bdb850-9456-40e4-9e32-2249eb72d793:192.168.69.85:34143], old=null
2019-10-18 13:45:47,538 [grpc-default-executor-6] INFO  impl.RaftServerImpl (RaftServerImpl.java:setRole(184)) - b7ce392e-07e5-43c4-a049-3141454252ec@group-58B787E4CA93: changes role from  FOLLOWER to FOLLOWER at term 8 for recognizeCandidate:25bdb850-9456-40e4-9e32-2249eb72d793
2019-10-18 13:45:47,538 [grpc-default-executor-6] INFO  impl.RoleInfo (RoleInfo.java:shutdownFollowerState(121)) - b7ce392e-07e5-43c4-a049-3141454252ec: shutdown FollowerState
2019-10-18 13:45:47,538 [grpc-default-executor-6] INFO  impl.RoleInfo (RoleInfo.java:updateAndGet(143)) - b7ce392e-07e5-43c4-a049-3141454252ec: start FollowerState
2019-10-18 13:45:47,538 [grpc-default-executor-0] INFO  impl.RaftServerImpl (RaftServerImpl.java:setRole(184)) - 9d0a2f75-ce30-4dbd-af96-5adca13389b4@group-58B787E4CA93: changes role from  FOLLOWER to FOLLOWER at term 8 for recognizeCandidate:25bdb850-9456-40e4-9e32-2249eb72d793
2019-10-18 13:45:47,538 [Thread-596] INFO  impl.FollowerState (FollowerState.java:run(117)) - b7ce392e-07e5-43c4-a049-3141454252ec@group-58B787E4CA93-FollowerState was interrupted: java.lang.InterruptedException: sleep interrupted
2019-10-18 13:45:47,539 [grpc-default-executor-0] INFO  impl.RoleInfo (RoleInfo.java:shutdownFollowerState(121)) - 9d0a2f75-ce30-4dbd-af96-5adca13389b4: shutdown FollowerState
2019-10-18 13:45:47,539 [grpc-default-executor-0] INFO  impl.RoleInfo (RoleInfo.java:updateAndGet(143)) - 9d0a2f75-ce30-4dbd-af96-5adca13389b4: start FollowerState
2019-10-18 13:45:47,539 [Thread-595] INFO  impl.FollowerState (FollowerState.java:run(117)) - 9d0a2f75-ce30-4dbd-af96-5adca13389b4@group-58B787E4CA93-FollowerState was interrupted: java.lang.InterruptedException: sleep interrupted
2019-10-18 13:45:47,548 [25bdb850-9456-40e4-9e32-2249eb72d793@group-58B787E4CA93-LeaderElection13] INFO  impl.LeaderElection (LeaderElection.java:logAndReturn(56)) - 25bdb850-9456-40e4-9e32-2249eb72d793@group-58B787E4CA93-LeaderElection13: Election REJECTED; received 2 response(s) [25bdb850-9456-40e4-9e32-2249eb72d793<-9d0a2f75-ce30-4dbd-af96-5adca13389b4#0:FAIL-t8, 25bdb850-9456-40e4-9e32-2249eb72d793<-b7ce392e-07e5-43c4-a049-3141454252ec#0:FAIL-t8] and 0 exception(s); 25bdb850-9456-40e4-9e32-2249eb72d793@group-58B787E4CA93:t8, leader=null, voted=25bdb850-9456-40e4-9e32-2249eb72d793, raftlog=25bdb850-9456-40e4-9e32-2249eb72d793@group-58B787E4CA93-SegmentedRaftLog:OPENED:c3,f4,i4, conf=0: [9d0a2f75-ce30-4dbd-af96-5adca13389b4:192.168.69.85:35551, b7ce392e-07e5-43c4-a049-3141454252ec:192.168.69.85:43203, 25bdb850-9456-40e4-9e32-2249eb72d793:192.168.69.85:34143], old=null
2019-10-18 13:45:47,548 [25bdb850-9456-40e4-9e32-2249eb72d793@group-58B787E4CA93-LeaderElection13] INFO  impl.RaftServerImpl (RaftServerImpl.java:setRole(184)) - 25bdb850-9456-40e4-9e32-2249eb72d793@group-58B787E4CA93: changes role from CANDIDATE to FOLLOWER at term 8 for DISCOVERED_A_NEW_TERM
2019-10-18 13:45:47,549 [25bdb850-9456-40e4-9e32-2249eb72d793@group-58B787E4CA93-LeaderElection13] INFO  impl.RoleInfo (RoleInfo.java:shutdownLeaderElection(134)) - 25bdb850-9456-40e4-9e32-2249eb72d793: shutdown LeaderElection
2019-10-18 13:45:47,549 [25bdb850-9456-40e4-9e32-2249eb72d793@group-58B787E4CA93-LeaderElection13] INFO  impl.RoleInfo (RoleInfo.java:updateAndGet(143)) - 25bdb850-9456-40e4-9e32-2249eb72d793: start FollowerState
2019-10-18 13:45:47,609 [Thread-603] INFO  impl.FollowerState (FollowerState.java:run(108)) - 25bdb850-9456-40e4-9e32-2249eb72d793@group-58B787E4CA93-FollowerState: change to CANDIDATE, lastRpcTime:59ms, electionTimeout:59ms
2019-10-18 13:45:47,610 [Thread-603] INFO  impl.RoleInfo (RoleInfo.java:shutdownFollowerState(121)) - 25bdb850-9456-40e4-9e32-2249eb72d793: shutdown FollowerState
2019-10-18 13:45:47,610 [Thread-603] INFO  impl.RaftServerImpl (RaftServerImpl.java:setRole(184)) - 25bdb850-9456-40e4-9e32-2249eb72d793@group-58B787E4CA93: changes role from  FOLLOWER to CANDIDATE at term 8 for changeToCandidate
2019-10-18 13:45:47,610 [Thread-603] INFO  impl.RoleInfo (RoleInfo.java:updateAndGet(143)) - 25bdb850-9456-40e4-9e32-2249eb72d793: start LeaderElection
2019-10-18 13:45:47,624 [25bdb850-9456-40e4-9e32-2249eb72d793@group-58B787E4CA93-LeaderElection14] INFO  impl.LeaderElection (LeaderElection.java:askForVotes(178)) - 25bdb850-9456-40e4-9e32-2249eb72d793@group-58B787E4CA93-LeaderElection14: begin an election at term 9 for 0: [9d0a2f75-ce30-4dbd-af96-5adca13389b4:192.168.69.85:35551, b7ce392e-07e5-43c4-a049-3141454252ec:192.168.69.85:43203, 25bdb850-9456-40e4-9e32-2249eb72d793:192.168.69.85:34143], old=null
2019-10-18 13:45:47,628 [grpc-default-executor-6] INFO  impl.RaftServerImpl (RaftServerImpl.java:setRole(184)) - b7ce392e-07e5-43c4-a049-3141454252ec@group-58B787E4CA93: changes role from  FOLLOWER to FOLLOWER at term 9 for recognizeCandidate:25bdb850-9456-40e4-9e32-2249eb72d793
2019-10-18 13:45:47,629 [grpc-default-executor-6] INFO  impl.RoleInfo (RoleInfo.java:shutdownFollowerState(121)) - b7ce392e-07e5-43c4-a049-3141454252ec: shutdown FollowerState
2019-10-18 13:45:47,629 [grpc-default-executor-6] INFO  impl.RoleInfo (RoleInfo.java:updateAndGet(143)) - b7ce392e-07e5-43c4-a049-3141454252ec: start FollowerState
2019-10-18 13:45:47,629 [grpc-default-executor-0] INFO  impl.RaftServerImpl (RaftServerImpl.java:setRole(184)) - 9d0a2f75-ce30-4dbd-af96-5adca13389b4@group-58B787E4CA93: changes role from  FOLLOWER to FOLLOWER at term 9 for recognizeCandidate:25bdb850-9456-40e4-9e32-2249eb72d793
2019-10-18 13:45:47,629 [Thread-601] INFO  impl.FollowerState (FollowerState.java:run(117)) - b7ce392e-07e5-43c4-a049-3141454252ec@group-58B787E4CA93-FollowerState was interrupted: java.lang.InterruptedException: sleep interrupted
2019-10-18 13:45:47,629 [grpc-default-executor-0] INFO  impl.RoleInfo (RoleInfo.java:shutdownFollowerState(121)) - 9d0a2f75-ce30-4dbd-af96-5adca13389b4: shutdown FollowerState
2019-10-18 13:45:47,630 [grpc-default-executor-0] INFO  impl.RoleInfo (RoleInfo.java:updateAndGet(143)) - 9d0a2f75-ce30-4dbd-af96-5adca13389b4: start FollowerState
2019-10-18 13:45:47,630 [Thread-602] INFO  impl.FollowerState (FollowerState.java:run(117)) - 9d0a2f75-ce30-4dbd-af96-5adca13389b4@group-58B787E4CA93-FollowerState was interrupted: java.lang.InterruptedException: sleep interrupted
2019-10-18 13:45:47,645 [25bdb850-9456-40e4-9e32-2249eb72d793@group-58B787E4CA93-LeaderElection14] INFO  impl.LeaderElection (LeaderElection.java:logAndReturn(56)) - 25bdb850-9456-40e4-9e32-2249eb72d793@group-58B787E4CA93-LeaderElection14: Election REJECTED; received 2 response(s) [25bdb850-9456-40e4-9e32-2249eb72d793<-9d0a2f75-ce30-4dbd-af96-5adca13389b4#0:FAIL-t9, 25bdb850-9456-40e4-9e32-2249eb72d793<-b7ce392e-07e5-43c4-a049-3141454252ec#0:FAIL-t9] and 0 exception(s); 25bdb850-9456-40e4-9e32-2249eb72d793@group-58B787E4CA93:t9, leader=null, voted=25bdb850-9456-40e4-9e32-2249eb72d793, raftlog=25bdb850-9456-40e4-9e32-2249eb72d793@group-58B787E4CA93-SegmentedRaftLog:OPENED:c3,f4,i4, conf=0: [9d0a2f75-ce30-4dbd-af96-5adca13389b4:192.168.69.85:35551, b7ce392e-07e5-43c4-a049-3141454252ec:192.168.69.85:43203, 25bdb850-9456-40e4-9e32-2249eb72d793:192.168.69.85:34143], old=null
2019-10-18 13:45:47,645 [25bdb850-9456-40e4-9e32-2249eb72d793@group-58B787E4CA93-LeaderElection14] INFO  impl.RaftServerImpl (RaftServerImpl.java:setRole(184)) - 25bdb850-9456-40e4-9e32-2249eb72d793@group-58B787E4CA93: changes role from CANDIDATE to FOLLOWER at term 9 for DISCOVERED_A_NEW_TERM
2019-10-18 13:45:47,646 [25bdb850-9456-40e4-9e32-2249eb72d793@group-58B787E4CA93-LeaderElection14] INFO  impl.RoleInfo (RoleInfo.java:shutdownLeaderElection(134)) - 25bdb850-9456-40e4-9e32-2249eb72d793: shutdown LeaderElection
2019-10-18 13:45:47,649 [25bdb850-9456-40e4-9e32-2249eb72d793@group-58B787E4CA93-LeaderElection14] INFO  impl.RoleInfo (RoleInfo.java:updateAndGet(143)) - 25bdb850-9456-40e4-9e32-2249eb72d793: start FollowerState
2019-10-18 13:45:47,755 [java.util.concurrent.ThreadPoolExecutor$Worker@5eab71ed[State = -1, empty queue]] WARN  server.GrpcLogAppender (GrpcLogAppender.java:timeoutAppendRequest(209)) - b7ce392e-07e5-43c4-a049-3141454252ec@group-58B787E4CA93->25bdb850-9456-40e4-9e32-2249eb72d793-GrpcLogAppender: appendEntries Timeout, request=b7ce392e-07e5-43c4-a049-3141454252ec->25bdb850-9456-40e4-9e32-2249eb72d793#51-t3, previous=(t:3, i:10), leaderCommit=10, initializing? false, entries: <empty>
2019-10-18 13:45:47,794 [pool-7-thread-3] INFO  commands.RetriableDatanodeEventWatcher (RetriableDatanodeEventWatcher.java:onTimeout(47)) - RetriableDatanodeCommand type=deleteBlocksCommand with id=1571406343792 timed out. Retrying.
2019-10-18 13:45:47,794 [pool-7-thread-1] INFO  commands.RetriableDatanodeEventWatcher (RetriableDatanodeEventWatcher.java:onTimeout(47)) - RetriableDatanodeCommand type=deleteBlocksCommand with id=1571406343794 timed out. Retrying.
2019-10-18 13:45:47,794 [pool-7-thread-2] INFO  commands.RetriableDatanodeEventWatcher (RetriableDatanodeEventWatcher.java:onTimeout(47)) - RetriableDatanodeCommand type=deleteBlocksCommand with id=1571406343795 timed out. Retrying.
2019-10-18 13:45:47,795 [pool-7-thread-4] INFO  commands.RetriableDatanodeEventWatcher (RetriableDatanodeEventWatcher.java:onTimeout(47)) - RetriableDatanodeCommand type=deleteBlocksCommand with id=1571406343789 timed out. Retrying.
2019-10-18 13:45:47,796 [SCMBlockDeletingService#1] INFO  block.SCMBlockDeletingService (SCMBlockDeletingService.java:call(184)) - Totally added 1 delete blocks command for 1 datanodes, task elapsed time: 1ms
2019-10-18 13:45:47,842 [Thread-609] INFO  impl.FollowerState (FollowerState.java:run(108)) - 25bdb850-9456-40e4-9e32-2249eb72d793@group-58B787E4CA93-FollowerState: change to CANDIDATE, lastRpcTime:192ms, electionTimeout:192ms
2019-10-18 13:45:47,842 [Thread-609] INFO  impl.RoleInfo (RoleInfo.java:shutdownFollowerState(121)) - 25bdb850-9456-40e4-9e32-2249eb72d793: shutdown FollowerState
2019-10-18 13:45:47,842 [Thread-609] INFO  impl.RaftServerImpl (RaftServerImpl.java:setRole(184)) - 25bdb850-9456-40e4-9e32-2249eb72d793@group-58B787E4CA93: changes role from  FOLLOWER to CANDIDATE at term 9 for changeToCandidate
2019-10-18 13:45:47,843 [Thread-609] INFO  impl.RoleInfo (RoleInfo.java:updateAndGet(143)) - 25bdb850-9456-40e4-9e32-2249eb72d793: start LeaderElection
2019-10-18 13:45:47,860 [25bdb850-9456-40e4-9e32-2249eb72d793@group-58B787E4CA93-LeaderElection15] INFO  impl.LeaderElection (LeaderElection.java:askForVotes(178)) - 25bdb850-9456-40e4-9e32-2249eb72d793@group-58B787E4CA93-LeaderElection15: begin an election at term 10 for 0: [9d0a2f75-ce30-4dbd-af96-5adca13389b4:192.168.69.85:35551, b7ce392e-07e5-43c4-a049-3141454252ec:192.168.69.85:43203, 25bdb850-9456-40e4-9e32-2249eb72d793:192.168.69.85:34143], old=null
2019-10-18 13:45:47,865 [grpc-default-executor-0] INFO  impl.RaftServerImpl (RaftServerImpl.java:setRole(184)) - b7ce392e-07e5-43c4-a049-3141454252ec@group-58B787E4CA93: changes role from  FOLLOWER to FOLLOWER at term 10 for recognizeCandidate:25bdb850-9456-40e4-9e32-2249eb72d793
2019-10-18 13:45:47,865 [grpc-default-executor-6] INFO  impl.RaftServerImpl (RaftServerImpl.java:setRole(184)) - 9d0a2f75-ce30-4dbd-af96-5adca13389b4@group-58B787E4CA93: changes role from  FOLLOWER to FOLLOWER at term 10 for recognizeCandidate:25bdb850-9456-40e4-9e32-2249eb72d793
2019-10-18 13:45:47,865 [grpc-default-executor-0] INFO  impl.RoleInfo (RoleInfo.java:shutdownFollowerState(121)) - b7ce392e-07e5-43c4-a049-3141454252ec: shutdown FollowerState
2019-10-18 13:45:47,865 [grpc-default-executor-6] INFO  impl.RoleInfo (RoleInfo.java:shutdownFollowerState(121)) - 9d0a2f75-ce30-4dbd-af96-5adca13389b4: shutdown FollowerState
2019-10-18 13:45:47,865 [Thread-607] INFO  impl.FollowerState (FollowerState.java:run(117)) - b7ce392e-07e5-43c4-a049-3141454252ec@group-58B787E4CA93-FollowerState was interrupted: java.lang.InterruptedException: sleep interrupted
2019-10-18 13:45:47,865 [grpc-default-executor-0] INFO  impl.RoleInfo (RoleInfo.java:updateAndGet(143)) - b7ce392e-07e5-43c4-a049-3141454252ec: start FollowerState
2019-10-18 13:45:47,865 [Thread-608] INFO  impl.FollowerState (FollowerState.java:run(117)) - 9d0a2f75-ce30-4dbd-af96-5adca13389b4@group-58B787E4CA93-FollowerState was interrupted: java.lang.InterruptedException: sleep interrupted
2019-10-18 13:45:47,865 [grpc-default-executor-6] INFO  impl.RoleInfo (RoleInfo.java:updateAndGet(143)) - 9d0a2f75-ce30-4dbd-af96-5adca13389b4: start FollowerState
2019-10-18 13:45:47,882 [25bdb850-9456-40e4-9e32-2249eb72d793@group-58B787E4CA93-LeaderElection15] INFO  impl.LeaderElection (LeaderElection.java:logAndReturn(56)) - 25bdb850-9456-40e4-9e32-2249eb72d793@group-58B787E4CA93-LeaderElection15: Election REJECTED; received 2 response(s) [25bdb850-9456-40e4-9e32-2249eb72d793<-9d0a2f75-ce30-4dbd-af96-5adca13389b4#0:FAIL-t10, 25bdb850-9456-40e4-9e32-2249eb72d793<-b7ce392e-07e5-43c4-a049-3141454252ec#0:FAIL-t10] and 0 exception(s); 25bdb850-9456-40e4-9e32-2249eb72d793@group-58B787E4CA93:t10, leader=null, voted=25bdb850-9456-40e4-9e32-2249eb72d793, raftlog=25bdb850-9456-40e4-9e32-2249eb72d793@group-58B787E4CA93-SegmentedRaftLog:OPENED:c3,f4,i4, conf=0: [9d0a2f75-ce30-4dbd-af96-5adca13389b4:192.168.69.85:35551, b7ce392e-07e5-43c4-a049-3141454252ec:192.168.69.85:43203, 25bdb850-9456-40e4-9e32-2249eb72d793:192.168.69.85:34143], old=null
2019-10-18 13:45:47,882 [25bdb850-9456-40e4-9e32-2249eb72d793@group-58B787E4CA93-LeaderElection15] INFO  impl.RaftServerImpl (RaftServerImpl.java:setRole(184)) - 25bdb850-9456-40e4-9e32-2249eb72d793@group-58B787E4CA93: changes role from CANDIDATE to FOLLOWER at term 10 for DISCOVERED_A_NEW_TERM
2019-10-18 13:45:47,882 [25bdb850-9456-40e4-9e32-2249eb72d793@group-58B787E4CA93-LeaderElection15] INFO  impl.RoleInfo (RoleInfo.java:shutdownLeaderElection(134)) - 25bdb850-9456-40e4-9e32-2249eb72d793: shutdown LeaderElection
2019-10-18 13:45:47,882 [25bdb850-9456-40e4-9e32-2249eb72d793@group-58B787E4CA93-LeaderElection15] INFO  impl.RoleInfo (RoleInfo.java:updateAndGet(143)) - 25bdb850-9456-40e4-9e32-2249eb72d793: start FollowerState
2019-10-18 13:45:47,988 [Thread-615] INFO  impl.FollowerState (FollowerState.java:run(108)) - 25bdb850-9456-40e4-9e32-2249eb72d793@group-58B787E4CA93-FollowerState: change to CANDIDATE, lastRpcTime:105ms, electionTimeout:105ms
2019-10-18 13:45:47,989 [Thread-615] INFO  impl.RoleInfo (RoleInfo.java:shutdownFollowerState(121)) - 25bdb850-9456-40e4-9e32-2249eb72d793: shutdown FollowerState
2019-10-18 13:45:47,989 [Thread-615] INFO  impl.RaftServerImpl (RaftServerImpl.java:setRole(184)) - 25bdb850-9456-40e4-9e32-2249eb72d793@group-58B787E4CA93: changes role from  FOLLOWER to CANDIDATE at term 10 for changeToCandidate
2019-10-18 13:45:47,989 [Thread-615] INFO  impl.RoleInfo (RoleInfo.java:updateAndGet(143)) - 25bdb850-9456-40e4-9e32-2249eb72d793: start LeaderElection
2019-10-18 13:45:48,004 [25bdb850-9456-40e4-9e32-2249eb72d793@group-58B787E4CA93-LeaderElection16] INFO  impl.LeaderElection (LeaderElection.java:askForVotes(178)) - 25bdb850-9456-40e4-9e32-2249eb72d793@group-58B787E4CA93-LeaderElection16: begin an election at term 11 for 0: [9d0a2f75-ce30-4dbd-af96-5adca13389b4:192.168.69.85:35551, b7ce392e-07e5-43c4-a049-3141454252ec:192.168.69.85:43203, 25bdb850-9456-40e4-9e32-2249eb72d793:192.168.69.85:34143], old=null
2019-10-18 13:45:48,010 [grpc-default-executor-0] INFO  impl.RaftServerImpl (RaftServerImpl.java:setRole(184)) - 9d0a2f75-ce30-4dbd-af96-5adca13389b4@group-58B787E4CA93: changes role from  FOLLOWER to FOLLOWER at term 11 for recognizeCandidate:25bdb850-9456-40e4-9e32-2249eb72d793
2019-10-18 13:45:48,010 [grpc-default-executor-6] INFO  impl.RaftServerImpl (RaftServerImpl.java:setRole(184)) - b7ce392e-07e5-43c4-a049-3141454252ec@group-58B787E4CA93: changes role from  FOLLOWER to FOLLOWER at term 11 for recognizeCandidate:25bdb850-9456-40e4-9e32-2249eb72d793
2019-10-18 13:45:48,010 [grpc-default-executor-0] INFO  impl.RoleInfo (RoleInfo.java:shutdownFollowerState(121)) - 9d0a2f75-ce30-4dbd-af96-5adca13389b4: shutdown FollowerState
2019-10-18 13:45:48,010 [grpc-default-executor-6] INFO  impl.RoleInfo (RoleInfo.java:shutdownFollowerState(121)) - b7ce392e-07e5-43c4-a049-3141454252ec: shutdown FollowerState
2019-10-18 13:45:48,010 [Thread-614] INFO  impl.FollowerState (FollowerState.java:run(117)) - 9d0a2f75-ce30-4dbd-af96-5adca13389b4@group-58B787E4CA93-FollowerState was interrupted: java.lang.InterruptedException: sleep interrupted
2019-10-18 13:45:48,010 [grpc-default-executor-0] INFO  impl.RoleInfo (RoleInfo.java:updateAndGet(143)) - 9d0a2f75-ce30-4dbd-af96-5adca13389b4: start FollowerState
2019-10-18 13:45:48,010 [grpc-default-executor-6] INFO  impl.RoleInfo (RoleInfo.java:updateAndGet(143)) - b7ce392e-07e5-43c4-a049-3141454252ec: start FollowerState
2019-10-18 13:45:48,010 [Thread-613] INFO  impl.FollowerState (FollowerState.java:run(117)) - b7ce392e-07e5-43c4-a049-3141454252ec@group-58B787E4CA93-FollowerState was interrupted: java.lang.InterruptedException: sleep interrupted
2019-10-18 13:45:48,029 [25bdb850-9456-40e4-9e32-2249eb72d793@group-58B787E4CA93-LeaderElection16] INFO  impl.LeaderElection (LeaderElection.java:logAndReturn(56)) - 25bdb850-9456-40e4-9e32-2249eb72d793@group-58B787E4CA93-LeaderElection16: Election REJECTED; received 2 response(s) [25bdb850-9456-40e4-9e32-2249eb72d793<-9d0a2f75-ce30-4dbd-af96-5adca13389b4#0:FAIL-t11, 25bdb850-9456-40e4-9e32-2249eb72d793<-b7ce392e-07e5-43c4-a049-3141454252ec#0:FAIL-t11] and 0 exception(s); 25bdb850-9456-40e4-9e32-2249eb72d793@group-58B787E4CA93:t11, leader=null, voted=25bdb850-9456-40e4-9e32-2249eb72d793, raftlog=25bdb850-9456-40e4-9e32-2249eb72d793@group-58B787E4CA93-SegmentedRaftLog:OPENED:c3,f4,i4, conf=0: [9d0a2f75-ce30-4dbd-af96-5adca13389b4:192.168.69.85:35551, b7ce392e-07e5-43c4-a049-3141454252ec:192.168.69.85:43203, 25bdb850-9456-40e4-9e32-2249eb72d793:192.168.69.85:34143], old=null
2019-10-18 13:45:48,029 [25bdb850-9456-40e4-9e32-2249eb72d793@group-58B787E4CA93-LeaderElection16] INFO  impl.RaftServerImpl (RaftServerImpl.java:setRole(184)) - 25bdb850-9456-40e4-9e32-2249eb72d793@group-58B787E4CA93: changes role from CANDIDATE to FOLLOWER at term 11 for DISCOVERED_A_NEW_TERM
2019-10-18 13:45:48,029 [25bdb850-9456-40e4-9e32-2249eb72d793@group-58B787E4CA93-LeaderElection16] INFO  impl.RoleInfo (RoleInfo.java:shutdownLeaderElection(134)) - 25bdb850-9456-40e4-9e32-2249eb72d793: shutdown LeaderElection
2019-10-18 13:45:48,029 [25bdb850-9456-40e4-9e32-2249eb72d793@group-58B787E4CA93-LeaderElection16] INFO  impl.RoleInfo (RoleInfo.java:updateAndGet(143)) - 25bdb850-9456-40e4-9e32-2249eb72d793: start FollowerState
2019-10-18 13:45:48,107 [Thread-622] INFO  impl.FollowerState (FollowerState.java:run(108)) - 25bdb850-9456-40e4-9e32-2249eb72d793@group-58B787E4CA93-FollowerState: change to CANDIDATE, lastRpcTime:77ms, electionTimeout:77ms
2019-10-18 13:45:48,108 [Thread-622] INFO  impl.RoleInfo (RoleInfo.java:shutdownFollowerState(121)) - 25bdb850-9456-40e4-9e32-2249eb72d793: shutdown FollowerState
2019-10-18 13:45:48,108 [Thread-622] INFO  impl.RaftServerImpl (RaftServerImpl.java:setRole(184)) - 25bdb850-9456-40e4-9e32-2249eb72d793@group-58B787E4CA93: changes role from  FOLLOWER to CANDIDATE at term 11 for changeToCandidate
2019-10-18 13:45:48,108 [Thread-622] INFO  impl.RoleInfo (RoleInfo.java:updateAndGet(143)) - 25bdb850-9456-40e4-9e32-2249eb72d793: start LeaderElection
2019-10-18 13:45:48,122 [25bdb850-9456-40e4-9e32-2249eb72d793@group-58B787E4CA93-LeaderElection17] INFO  impl.LeaderElection (LeaderElection.java:askForVotes(178)) - 25bdb850-9456-40e4-9e32-2249eb72d793@group-58B787E4CA93-LeaderElection17: begin an election at term 12 for 0: [9d0a2f75-ce30-4dbd-af96-5adca13389b4:192.168.69.85:35551, b7ce392e-07e5-43c4-a049-3141454252ec:192.168.69.85:43203, 25bdb850-9456-40e4-9e32-2249eb72d793:192.168.69.85:34143], old=null
2019-10-18 13:45:48,126 [grpc-default-executor-0] INFO  impl.RaftServerImpl (RaftServerImpl.java:setRole(184)) - b7ce392e-07e5-43c4-a049-3141454252ec@group-58B787E4CA93: changes role from  FOLLOWER to FOLLOWER at term 12 for recognizeCandidate:25bdb850-9456-40e4-9e32-2249eb72d793
2019-10-18 13:45:48,126 [grpc-default-executor-6] INFO  impl.RaftServerImpl (RaftServerImpl.java:setRole(184)) - 9d0a2f75-ce30-4dbd-af96-5adca13389b4@group-58B787E4CA93: changes role from  FOLLOWER to FOLLOWER at term 12 for recognizeCandidate:25bdb850-9456-40e4-9e32-2249eb72d793
2019-10-18 13:45:48,126 [grpc-default-executor-0] INFO  impl.RoleInfo (RoleInfo.java:shutdownFollowerState(121)) - b7ce392e-07e5-43c4-a049-3141454252ec: shutdown FollowerState
2019-10-18 13:45:48,126 [grpc-default-executor-6] INFO  impl.RoleInfo (RoleInfo.java:shutdownFollowerState(121)) - 9d0a2f75-ce30-4dbd-af96-5adca13389b4: shutdown FollowerState
2019-10-18 13:45:48,126 [grpc-default-executor-0] INFO  impl.RoleInfo (RoleInfo.java:updateAndGet(143)) - b7ce392e-07e5-43c4-a049-3141454252ec: start FollowerState
2019-10-18 13:45:48,126 [Thread-620] INFO  impl.FollowerState (FollowerState.java:run(117)) - 9d0a2f75-ce30-4dbd-af96-5adca13389b4@group-58B787E4CA93-FollowerState was interrupted: java.lang.InterruptedException: sleep interrupted
2019-10-18 13:45:48,126 [grpc-default-executor-6] INFO  impl.RoleInfo (RoleInfo.java:updateAndGet(143)) - 9d0a2f75-ce30-4dbd-af96-5adca13389b4: start FollowerState
2019-10-18 13:45:48,126 [Thread-621] INFO  impl.FollowerState (FollowerState.java:run(117)) - b7ce392e-07e5-43c4-a049-3141454252ec@group-58B787E4CA93-FollowerState was interrupted: java.lang.InterruptedException: sleep interrupted
2019-10-18 13:45:48,145 [25bdb850-9456-40e4-9e32-2249eb72d793@group-58B787E4CA93-LeaderElection17] INFO  impl.LeaderElection (LeaderElection.java:logAndReturn(56)) - 25bdb850-9456-40e4-9e32-2249eb72d793@group-58B787E4CA93-LeaderElection17: Election REJECTED; received 2 response(s) [25bdb850-9456-40e4-9e32-2249eb72d793<-9d0a2f75-ce30-4dbd-af96-5adca13389b4#0:FAIL-t12, 25bdb850-9456-40e4-9e32-2249eb72d793<-b7ce392e-07e5-43c4-a049-3141454252ec#0:FAIL-t12] and 0 exception(s); 25bdb850-9456-40e4-9e32-2249eb72d793@group-58B787E4CA93:t12, leader=null, voted=25bdb850-9456-40e4-9e32-2249eb72d793, raftlog=25bdb850-9456-40e4-9e32-2249eb72d793@group-58B787E4CA93-SegmentedRaftLog:OPENED:c3,f4,i4, conf=0: [9d0a2f75-ce30-4dbd-af96-5adca13389b4:192.168.69.85:35551, b7ce392e-07e5-43c4-a049-3141454252ec:192.168.69.85:43203, 25bdb850-9456-40e4-9e32-2249eb72d793:192.168.69.85:34143], old=null
2019-10-18 13:45:48,145 [25bdb850-9456-40e4-9e32-2249eb72d793@group-58B787E4CA93-LeaderElection17] INFO  impl.RaftServerImpl (RaftServerImpl.java:setRole(184)) - 25bdb850-9456-40e4-9e32-2249eb72d793@group-58B787E4CA93: changes role from CANDIDATE to FOLLOWER at term 12 for DISCOVERED_A_NEW_TERM
2019-10-18 13:45:48,145 [25bdb850-9456-40e4-9e32-2249eb72d793@group-58B787E4CA93-LeaderElection17] INFO  impl.RoleInfo (RoleInfo.java:shutdownLeaderElection(134)) - 25bdb850-9456-40e4-9e32-2249eb72d793: shutdown LeaderElection
2019-10-18 13:45:48,145 [25bdb850-9456-40e4-9e32-2249eb72d793@group-58B787E4CA93-LeaderElection17] INFO  impl.RoleInfo (RoleInfo.java:updateAndGet(143)) - 25bdb850-9456-40e4-9e32-2249eb72d793: start FollowerState
2019-10-18 13:45:48,310 [Thread-628] INFO  impl.FollowerState (FollowerState.java:run(108)) - 25bdb850-9456-40e4-9e32-2249eb72d793@group-58B787E4CA93-FollowerState: change to CANDIDATE, lastRpcTime:164ms, electionTimeout:164ms
2019-10-18 13:45:48,311 [Thread-628] INFO  impl.RoleInfo (RoleInfo.java:shutdownFollowerState(121)) - 25bdb850-9456-40e4-9e32-2249eb72d793: shutdown FollowerState
2019-10-18 13:45:48,311 [Thread-628] INFO  impl.RaftServerImpl (RaftServerImpl.java:setRole(184)) - 25bdb850-9456-40e4-9e32-2249eb72d793@group-58B787E4CA93: changes role from  FOLLOWER to CANDIDATE at term 12 for changeToCandidate
2019-10-18 13:45:48,312 [Thread-628] INFO  impl.RoleInfo (RoleInfo.java:updateAndGet(143)) - 25bdb850-9456-40e4-9e32-2249eb72d793: start LeaderElection
2019-10-18 13:45:48,313 [BlockDeletingService#2] WARN  background.BlockDeletingService (BlockDeletingService.java:isDeletionAllowed(187)) - Close Container log Index 6 is not replicated across allthe servers in the pipeline 959e288b-eace-4bc0-b5b0-58b787e4ca93 as the min replicated index is 4. Deletion is not allowed in this container yet.
2019-10-18 13:45:48,313 [BlockDeletingService#2] WARN  background.BlockDeletingService (BlockDeletingService.java:isDeletionAllowed(187)) - Close Container log Index 6 is not replicated across allthe servers in the pipeline 959e288b-eace-4bc0-b5b0-58b787e4ca93 as the min replicated index is 4. Deletion is not allowed in this container yet.
2019-10-18 13:45:48,326 [25bdb850-9456-40e4-9e32-2249eb72d793@group-58B787E4CA93-LeaderElection18] INFO  impl.LeaderElection (LeaderElection.java:askForVotes(178)) - 25bdb850-9456-40e4-9e32-2249eb72d793@group-58B787E4CA93-LeaderElection18: begin an election at term 13 for 0: [9d0a2f75-ce30-4dbd-af96-5adca13389b4:192.168.69.85:35551, b7ce392e-07e5-43c4-a049-3141454252ec:192.168.69.85:43203, 25bdb850-9456-40e4-9e32-2249eb72d793:192.168.69.85:34143], old=null
2019-10-18 13:45:48,330 [grpc-default-executor-6] INFO  impl.RaftServerImpl (RaftServerImpl.java:setRole(184)) - 9d0a2f75-ce30-4dbd-af96-5adca13389b4@group-58B787E4CA93: changes role from  FOLLOWER to FOLLOWER at term 13 for recognizeCandidate:25bdb850-9456-40e4-9e32-2249eb72d793
2019-10-18 13:45:48,330 [grpc-default-executor-0] INFO  impl.RaftServerImpl (RaftServerImpl.java:setRole(184)) - b7ce392e-07e5-43c4-a049-3141454252ec@group-58B787E4CA93: changes role from  FOLLOWER to FOLLOWER at term 13 for recognizeCandidate:25bdb850-9456-40e4-9e32-2249eb72d793
2019-10-18 13:45:48,330 [grpc-default-executor-6] INFO  impl.RoleInfo (RoleInfo.java:shutdownFollowerState(121)) - 9d0a2f75-ce30-4dbd-af96-5adca13389b4: shutdown FollowerState
2019-10-18 13:45:48,330 [grpc-default-executor-0] INFO  impl.RoleInfo (RoleInfo.java:shutdownFollowerState(121)) - b7ce392e-07e5-43c4-a049-3141454252ec: shutdown FollowerState
2019-10-18 13:45:48,331 [Thread-627] INFO  impl.FollowerState (FollowerState.java:run(117)) - 9d0a2f75-ce30-4dbd-af96-5adca13389b4@group-58B787E4CA93-FollowerState was interrupted: java.lang.InterruptedException: sleep interrupted
2019-10-18 13:45:48,331 [grpc-default-executor-6] INFO  impl.RoleInfo (RoleInfo.java:updateAndGet(143)) - 9d0a2f75-ce30-4dbd-af96-5adca13389b4: start FollowerState
2019-10-18 13:45:48,331 [Thread-626] INFO  impl.FollowerState (FollowerState.java:run(117)) - b7ce392e-07e5-43c4-a049-3141454252ec@group-58B787E4CA93-FollowerState was interrupted: java.lang.InterruptedException: sleep interrupted
2019-10-18 13:45:48,331 [grpc-default-executor-0] INFO  impl.RoleInfo (RoleInfo.java:updateAndGet(143)) - b7ce392e-07e5-43c4-a049-3141454252ec: start FollowerState
2019-10-18 13:45:48,339 [Thread-637] INFO  client.GrpcClientProtocolService (GrpcClientProtocolService.java:lambda$processClientRequest$0(278)) - Failed RaftClientRequest:client-B7AACEF92521->25bdb850-9456-40e4-9e32-2249eb72d793@group-58B787E4CA93, cid=10, seq=0, Watch-ALL_COMMITTED(6), Message:<EMPTY>, reply=RaftClientReply:client-B7AACEF92521->25bdb850-9456-40e4-9e32-2249eb72d793@group-58B787E4CA93, cid=10, FAILED org.apache.ratis.protocol.NotLeaderException: Server 25bdb850-9456-40e4-9e32-2249eb72d793@group-58B787E4CA93 is not the leader, logIndex=0, commits[25bdb850-9456-40e4-9e32-2249eb72d793:c3]
2019-10-18 13:45:48,341 [25bdb850-9456-40e4-9e32-2249eb72d793@group-58B787E4CA93-LeaderElection18] INFO  impl.LeaderElection (LeaderElection.java:logAndReturn(56)) - 25bdb850-9456-40e4-9e32-2249eb72d793@group-58B787E4CA93-LeaderElection18: Election TIMEOUT; received 0 response(s) [] and 0 exception(s); 25bdb850-9456-40e4-9e32-2249eb72d793@group-58B787E4CA93:t13, leader=null, voted=25bdb850-9456-40e4-9e32-2249eb72d793, raftlog=25bdb850-9456-40e4-9e32-2249eb72d793@group-58B787E4CA93-SegmentedRaftLog:OPENED:c3,f4,i4, conf=0: [9d0a2f75-ce30-4dbd-af96-5adca13389b4:192.168.69.85:35551, b7ce392e-07e5-43c4-a049-3141454252ec:192.168.69.85:43203, 25bdb850-9456-40e4-9e32-2249eb72d793:192.168.69.85:34143], old=null
2019-10-18 13:45:48,347 [25bdb850-9456-40e4-9e32-2249eb72d793@group-58B787E4CA93-LeaderElection18] INFO  impl.LeaderElection (LeaderElection.java:askForVotes(178)) - 25bdb850-9456-40e4-9e32-2249eb72d793@group-58B787E4CA93-LeaderElection18: begin an election at term 14 for 0: [9d0a2f75-ce30-4dbd-af96-5adca13389b4:192.168.69.85:35551, b7ce392e-07e5-43c4-a049-3141454252ec:192.168.69.85:43203, 25bdb850-9456-40e4-9e32-2249eb72d793:192.168.69.85:34143], old=null
2019-10-18 13:45:48,350 [grpc-default-executor-6] INFO  impl.RaftServerImpl (RaftServerImpl.java:setRole(184)) - b7ce392e-07e5-43c4-a049-3141454252ec@group-58B787E4CA93: changes role from  FOLLOWER to FOLLOWER at term 14 for recognizeCandidate:25bdb850-9456-40e4-9e32-2249eb72d793
2019-10-18 13:45:48,351 [grpc-default-executor-0] INFO  impl.RaftServerImpl (RaftServerImpl.java:setRole(184)) - 9d0a2f75-ce30-4dbd-af96-5adca13389b4@group-58B787E4CA93: changes role from  FOLLOWER to FOLLOWER at term 14 for recognizeCandidate:25bdb850-9456-40e4-9e32-2249eb72d793
2019-10-18 13:45:48,351 [grpc-default-executor-6] INFO  impl.RoleInfo (RoleInfo.java:shutdownFollowerState(121)) - b7ce392e-07e5-43c4-a049-3141454252ec: shutdown FollowerState
2019-10-18 13:45:48,351 [grpc-default-executor-0] INFO  impl.RoleInfo (RoleInfo.java:shutdownFollowerState(121)) - 9d0a2f75-ce30-4dbd-af96-5adca13389b4: shutdown FollowerState
2019-10-18 13:45:48,351 [Thread-635] INFO  impl.FollowerState (FollowerState.java:run(117)) - b7ce392e-07e5-43c4-a049-3141454252ec@group-58B787E4CA93-FollowerState was interrupted: java.lang.InterruptedException: sleep interrupted
2019-10-18 13:45:48,351 [grpc-default-executor-6] INFO  impl.RoleInfo (RoleInfo.java:updateAndGet(143)) - b7ce392e-07e5-43c4-a049-3141454252ec: start FollowerState
2019-10-18 13:45:48,351 [Thread-634] INFO  impl.FollowerState (FollowerState.java:run(117)) - 9d0a2f75-ce30-4dbd-af96-5adca13389b4@group-58B787E4CA93-FollowerState was interrupted: java.lang.InterruptedException: sleep interrupted
2019-10-18 13:45:48,351 [grpc-default-executor-0] INFO  impl.RoleInfo (RoleInfo.java:updateAndGet(143)) - 9d0a2f75-ce30-4dbd-af96-5adca13389b4: start FollowerState
2019-10-18 13:45:48,370 [25bdb850-9456-40e4-9e32-2249eb72d793@group-58B787E4CA93-LeaderElection18] INFO  impl.LeaderElection (LeaderElection.java:logAndReturn(56)) - 25bdb850-9456-40e4-9e32-2249eb72d793@group-58B787E4CA93-LeaderElection18: Election REJECTED; received 2 response(s) [25bdb850-9456-40e4-9e32-2249eb72d793<-9d0a2f75-ce30-4dbd-af96-5adca13389b4#0:FAIL-t14, 25bdb850-9456-40e4-9e32-2249eb72d793<-b7ce392e-07e5-43c4-a049-3141454252ec#0:FAIL-t14] and 0 exception(s); 25bdb850-9456-40e4-9e32-2249eb72d793@group-58B787E4CA93:t14, leader=null, voted=25bdb850-9456-40e4-9e32-2249eb72d793, raftlog=25bdb850-9456-40e4-9e32-2249eb72d793@group-58B787E4CA93-SegmentedRaftLog:OPENED:c3,f4,i4, conf=0: [9d0a2f75-ce30-4dbd-af96-5adca13389b4:192.168.69.85:35551, b7ce392e-07e5-43c4-a049-3141454252ec:192.168.69.85:43203, 25bdb850-9456-40e4-9e32-2249eb72d793:192.168.69.85:34143], old=null
2019-10-18 13:45:48,371 [25bdb850-9456-40e4-9e32-2249eb72d793@group-58B787E4CA93-LeaderElection18] INFO  impl.RaftServerImpl (RaftServerImpl.java:setRole(184)) - 25bdb850-9456-40e4-9e32-2249eb72d793@group-58B787E4CA93: changes role from CANDIDATE to FOLLOWER at term 14 for DISCOVERED_A_NEW_TERM
2019-10-18 13:45:48,371 [25bdb850-9456-40e4-9e32-2249eb72d793@group-58B787E4CA93-LeaderElection18] INFO  impl.RoleInfo (RoleInfo.java:shutdownLeaderElection(134)) - 25bdb850-9456-40e4-9e32-2249eb72d793: shutdown LeaderElection
2019-10-18 13:45:48,371 [25bdb850-9456-40e4-9e32-2249eb72d793@group-58B787E4CA93-LeaderElection18] INFO  impl.RoleInfo (RoleInfo.java:updateAndGet(143)) - 25bdb850-9456-40e4-9e32-2249eb72d793: start FollowerState
2019-10-18 13:45:48,390 [Thread-643] INFO  impl.FollowerState (FollowerState.java:run(108)) - 25bdb850-9456-40e4-9e32-2249eb72d793@group-58B787E4CA93-FollowerState: change to CANDIDATE, lastRpcTime:19ms, electionTimeout:19ms
2019-10-18 13:45:48,394 [Thread-643] INFO  impl.RoleInfo (RoleInfo.java:shutdownFollowerState(121)) - 25bdb850-9456-40e4-9e32-2249eb72d793: shutdown FollowerState
2019-10-18 13:45:48,394 [Thread-643] INFO  impl.RaftServerImpl (RaftServerImpl.java:setRole(184)) - 25bdb850-9456-40e4-9e32-2249eb72d793@group-58B787E4CA93: changes role from  FOLLOWER to CANDIDATE at term 14 for changeToCandidate
2019-10-18 13:45:48,394 [Thread-643] INFO  impl.RoleInfo (RoleInfo.java:updateAndGet(143)) - 25bdb850-9456-40e4-9e32-2249eb72d793: start LeaderElection
2019-10-18 13:45:48,408 [25bdb850-9456-40e4-9e32-2249eb72d793@group-58B787E4CA93-LeaderElection19] INFO  impl.LeaderElection (LeaderElection.java:askForVotes(178)) - 25bdb850-9456-40e4-9e32-2249eb72d793@group-58B787E4CA93-LeaderElection19: begin an election at term 15 for 0: [9d0a2f75-ce30-4dbd-af96-5adca13389b4:192.168.69.85:35551, b7ce392e-07e5-43c4-a049-3141454252ec:192.168.69.85:43203, 25bdb850-9456-40e4-9e32-2249eb72d793:192.168.69.85:34143], old=null
2019-10-18 13:45:48,412 [grpc-default-executor-6] INFO  impl.RaftServerImpl (RaftServerImpl.java:setRole(184)) - 9d0a2f75-ce30-4dbd-af96-5adca13389b4@group-58B787E4CA93: changes role from  FOLLOWER to FOLLOWER at term 15 for recognizeCandidate:25bdb850-9456-40e4-9e32-2249eb72d793
2019-10-18 13:45:48,412 [grpc-default-executor-6] INFO  impl.RoleInfo (RoleInfo.java:shutdownFollowerState(121)) - 9d0a2f75-ce30-4dbd-af96-5adca13389b4: shutdown FollowerState
2019-10-18 13:45:48,412 [grpc-default-executor-0] INFO  impl.RaftServerImpl (RaftServerImpl.java:setRole(184)) - b7ce392e-07e5-43c4-a049-3141454252ec@group-58B787E4CA93: changes role from  FOLLOWER to FOLLOWER at term 15 for recognizeCandidate:25bdb850-9456-40e4-9e32-2249eb72d793
2019-10-18 13:45:48,412 [Thread-642] INFO  impl.FollowerState (FollowerState.java:run(117)) - 9d0a2f75-ce30-4dbd-af96-5adca13389b4@group-58B787E4CA93-FollowerState was interrupted: java.lang.InterruptedException: sleep interrupted
2019-10-18 13:45:48,412 [grpc-default-executor-6] INFO  impl.RoleInfo (RoleInfo.java:updateAndGet(143)) - 9d0a2f75-ce30-4dbd-af96-5adca13389b4: start FollowerState
2019-10-18 13:45:48,412 [grpc-default-executor-0] INFO  impl.RoleInfo (RoleInfo.java:shutdownFollowerState(121)) - b7ce392e-07e5-43c4-a049-3141454252ec: shutdown FollowerState
2019-10-18 13:45:48,413 [Thread-641] INFO  impl.FollowerState (FollowerState.java:run(117)) - b7ce392e-07e5-43c4-a049-3141454252ec@group-58B787E4CA93-FollowerState was interrupted: java.lang.InterruptedException: sleep interrupted
2019-10-18 13:45:48,413 [grpc-default-executor-0] INFO  impl.RoleInfo (RoleInfo.java:updateAndGet(143)) - b7ce392e-07e5-43c4-a049-3141454252ec: start FollowerState
2019-10-18 13:45:48,439 [25bdb850-9456-40e4-9e32-2249eb72d793@group-58B787E4CA93-LeaderElection19] INFO  impl.LeaderElection (LeaderElection.java:logAndReturn(56)) - 25bdb850-9456-40e4-9e32-2249eb72d793@group-58B787E4CA93-LeaderElection19: Election REJECTED; received 2 response(s) [25bdb850-9456-40e4-9e32-2249eb72d793<-9d0a2f75-ce30-4dbd-af96-5adca13389b4#0:FAIL-t15, 25bdb850-9456-40e4-9e32-2249eb72d793<-b7ce392e-07e5-43c4-a049-3141454252ec#0:FAIL-t15] and 0 exception(s); 25bdb850-9456-40e4-9e32-2249eb72d793@group-58B787E4CA93:t15, leader=null, voted=25bdb850-9456-40e4-9e32-2249eb72d793, raftlog=25bdb850-9456-40e4-9e32-2249eb72d793@group-58B787E4CA93-SegmentedRaftLog:OPENED:c3,f4,i4, conf=0: [9d0a2f75-ce30-4dbd-af96-5adca13389b4:192.168.69.85:35551, b7ce392e-07e5-43c4-a049-3141454252ec:192.168.69.85:43203, 25bdb850-9456-40e4-9e32-2249eb72d793:192.168.69.85:34143], old=null
2019-10-18 13:45:48,440 [25bdb850-9456-40e4-9e32-2249eb72d793@group-58B787E4CA93-LeaderElection19] INFO  impl.RaftServerImpl (RaftServerImpl.java:setRole(184)) - 25bdb850-9456-40e4-9e32-2249eb72d793@group-58B787E4CA93: changes role from CANDIDATE to FOLLOWER at term 15 for DISCOVERED_A_NEW_TERM
2019-10-18 13:45:48,440 [25bdb850-9456-40e4-9e32-2249eb72d793@group-58B787E4CA93-LeaderElection19] INFO  impl.RoleInfo (RoleInfo.java:shutdownLeaderElection(134)) - 25bdb850-9456-40e4-9e32-2249eb72d793: shutdown LeaderElection
2019-10-18 13:45:48,440 [25bdb850-9456-40e4-9e32-2249eb72d793@group-58B787E4CA93-LeaderElection19] INFO  impl.RoleInfo (RoleInfo.java:updateAndGet(143)) - 25bdb850-9456-40e4-9e32-2249eb72d793: start FollowerState
2019-10-18 13:45:48,613 [Thread-649] INFO  impl.FollowerState (FollowerState.java:run(108)) - 25bdb850-9456-40e4-9e32-2249eb72d793@group-58B787E4CA93-FollowerState: change to CANDIDATE, lastRpcTime:173ms, electionTimeout:173ms
2019-10-18 13:45:48,615 [Thread-649] INFO  impl.RoleInfo (RoleInfo.java:shutdownFollowerState(121)) - 25bdb850-9456-40e4-9e32-2249eb72d793: shutdown FollowerState
2019-10-18 13:45:48,615 [Thread-649] INFO  impl.RaftServerImpl (RaftServerImpl.java:setRole(184)) - 25bdb850-9456-40e4-9e32-2249eb72d793@group-58B787E4CA93: changes role from  FOLLOWER to CANDIDATE at term 15 for changeToCandidate
2019-10-18 13:45:48,615 [Thread-649] INFO  impl.RoleInfo (RoleInfo.java:updateAndGet(143)) - 25bdb850-9456-40e4-9e32-2249eb72d793: start LeaderElection
2019-10-18 13:45:48,629 [25bdb850-9456-40e4-9e32-2249eb72d793@group-58B787E4CA93-LeaderElection20] INFO  impl.LeaderElection (LeaderElection.java:askForVotes(178)) - 25bdb850-9456-40e4-9e32-2249eb72d793@group-58B787E4CA93-LeaderElection20: begin an election at term 16 for 0: [9d0a2f75-ce30-4dbd-af96-5adca13389b4:192.168.69.85:35551, b7ce392e-07e5-43c4-a049-3141454252ec:192.168.69.85:43203, 25bdb850-9456-40e4-9e32-2249eb72d793:192.168.69.85:34143], old=null
2019-10-18 13:45:48,632 [grpc-default-executor-6] INFO  impl.RaftServerImpl (RaftServerImpl.java:setRole(184)) - b7ce392e-07e5-43c4-a049-3141454252ec@group-58B787E4CA93: changes role from  FOLLOWER to FOLLOWER at term 16 for recognizeCandidate:25bdb850-9456-40e4-9e32-2249eb72d793
2019-10-18 13:45:48,632 [grpc-default-executor-6] INFO  impl.RoleInfo (RoleInfo.java:shutdownFollowerState(121)) - b7ce392e-07e5-43c4-a049-3141454252ec: shutdown FollowerState
2019-10-18 13:45:48,632 [grpc-default-executor-6] INFO  impl.RoleInfo (RoleInfo.java:updateAndGet(143)) - b7ce392e-07e5-43c4-a049-3141454252ec: start FollowerState
2019-10-18 13:45:48,632 [Thread-648] INFO  impl.FollowerState (FollowerState.java:run(117)) - b7ce392e-07e5-43c4-a049-3141454252ec@group-58B787E4CA93-FollowerState was interrupted: java.lang.InterruptedException: sleep interrupted
2019-10-18 13:45:48,634 [grpc-default-executor-0] INFO  impl.RaftServerImpl (RaftServerImpl.java:setRole(184)) - 9d0a2f75-ce30-4dbd-af96-5adca13389b4@group-58B787E4CA93: changes role from  FOLLOWER to FOLLOWER at term 16 for recognizeCandidate:25bdb850-9456-40e4-9e32-2249eb72d793
2019-10-18 13:45:48,634 [grpc-default-executor-0] INFO  impl.RoleInfo (RoleInfo.java:shutdownFollowerState(121)) - 9d0a2f75-ce30-4dbd-af96-5adca13389b4: shutdown FollowerState
2019-10-18 13:45:48,634 [grpc-default-executor-0] INFO  impl.RoleInfo (RoleInfo.java:updateAndGet(143)) - 9d0a2f75-ce30-4dbd-af96-5adca13389b4: start FollowerState
2019-10-18 13:45:48,634 [Thread-647] INFO  impl.FollowerState (FollowerState.java:run(117)) - 9d0a2f75-ce30-4dbd-af96-5adca13389b4@group-58B787E4CA93-FollowerState was interrupted: java.lang.InterruptedException: sleep interrupted
2019-10-18 13:45:48,647 [25bdb850-9456-40e4-9e32-2249eb72d793@group-58B787E4CA93-LeaderElection20] INFO  impl.LeaderElection (LeaderElection.java:logAndReturn(56)) - 25bdb850-9456-40e4-9e32-2249eb72d793@group-58B787E4CA93-LeaderElection20: Election REJECTED; received 2 response(s) [25bdb850-9456-40e4-9e32-2249eb72d793<-9d0a2f75-ce30-4dbd-af96-5adca13389b4#0:FAIL-t16, 25bdb850-9456-40e4-9e32-2249eb72d793<-b7ce392e-07e5-43c4-a049-3141454252ec#0:FAIL-t16] and 0 exception(s); 25bdb850-9456-40e4-9e32-2249eb72d793@group-58B787E4CA93:t16, leader=null, voted=25bdb850-9456-40e4-9e32-2249eb72d793, raftlog=25bdb850-9456-40e4-9e32-2249eb72d793@group-58B787E4CA93-SegmentedRaftLog:OPENED:c3,f4,i4, conf=0: [9d0a2f75-ce30-4dbd-af96-5adca13389b4:192.168.69.85:35551, b7ce392e-07e5-43c4-a049-3141454252ec:192.168.69.85:43203, 25bdb850-9456-40e4-9e32-2249eb72d793:192.168.69.85:34143], old=null
2019-10-18 13:45:48,647 [25bdb850-9456-40e4-9e32-2249eb72d793@group-58B787E4CA93-LeaderElection20] INFO  impl.RaftServerImpl (RaftServerImpl.java:setRole(184)) - 25bdb850-9456-40e4-9e32-2249eb72d793@group-58B787E4CA93: changes role from CANDIDATE to FOLLOWER at term 16 for DISCOVERED_A_NEW_TERM
2019-10-18 13:45:48,647 [25bdb850-9456-40e4-9e32-2249eb72d793@group-58B787E4CA93-LeaderElection20] INFO  impl.RoleInfo (RoleInfo.java:shutdownLeaderElection(134)) - 25bdb850-9456-40e4-9e32-2249eb72d793: shutdown LeaderElection
2019-10-18 13:45:48,648 [25bdb850-9456-40e4-9e32-2249eb72d793@group-58B787E4CA93-LeaderElection20] INFO  impl.RoleInfo (RoleInfo.java:updateAndGet(143)) - 25bdb850-9456-40e4-9e32-2249eb72d793: start FollowerState
2019-10-18 13:45:48,794 [pool-7-thread-1] INFO  commands.RetriableDatanodeEventWatcher (RetriableDatanodeEventWatcher.java:onTimeout(47)) - RetriableDatanodeCommand type=deleteBlocksCommand with id=1571406343795 timed out. Retrying.
2019-10-18 13:45:48,796 [pool-7-thread-3] INFO  commands.RetriableDatanodeEventWatcher (RetriableDatanodeEventWatcher.java:onTimeout(47)) - RetriableDatanodeCommand type=deleteBlocksCommand with id=1571406343789 timed out. Retrying.
2019-10-18 13:45:48,796 [pool-7-thread-4] INFO  commands.RetriableDatanodeEventWatcher (RetriableDatanodeEventWatcher.java:onTimeout(47)) - RetriableDatanodeCommand type=deleteBlocksCommand with id=1571406343792 timed out. Retrying.
2019-10-18 13:45:48,796 [pool-7-thread-2] INFO  commands.RetriableDatanodeEventWatcher (RetriableDatanodeEventWatcher.java:onTimeout(47)) - RetriableDatanodeCommand type=deleteBlocksCommand with id=1571406343794 timed out. Retrying.
2019-10-18 13:45:48,797 [pool-7-thread-2] INFO  commands.RetriableDatanodeEventWatcher (RetriableDatanodeEventWatcher.java:onTimeout(47)) - RetriableDatanodeCommand type=deleteBlocksCommand with id=1571406343796 timed out. Retrying.
2019-10-18 13:45:48,797 [SCMBlockDeletingService#1] INFO  block.SCMBlockDeletingService (SCMBlockDeletingService.java:call(184)) - Totally added 1 delete blocks command for 1 datanodes, task elapsed time: 1ms
2019-10-18 13:45:48,798 [Thread-655] INFO  impl.FollowerState (FollowerState.java:run(108)) - 25bdb850-9456-40e4-9e32-2249eb72d793@group-58B787E4CA93-FollowerState: change to CANDIDATE, lastRpcTime:150ms, electionTimeout:150ms
2019-10-18 13:45:48,798 [Thread-655] INFO  impl.RoleInfo (RoleInfo.java:shutdownFollowerState(121)) - 25bdb850-9456-40e4-9e32-2249eb72d793: shutdown FollowerState
2019-10-18 13:45:48,798 [Thread-655] INFO  impl.RaftServerImpl (RaftServerImpl.java:setRole(184)) - 25bdb850-9456-40e4-9e32-2249eb72d793@group-58B787E4CA93: changes role from  FOLLOWER to CANDIDATE at term 16 for changeToCandidate
2019-10-18 13:45:48,798 [Thread-655] INFO  impl.RoleInfo (RoleInfo.java:updateAndGet(143)) - 25bdb850-9456-40e4-9e32-2249eb72d793: start LeaderElection
2019-10-18 13:45:48,825 [25bdb850-9456-40e4-9e32-2249eb72d793@group-58B787E4CA93-LeaderElection21] INFO  impl.LeaderElection (LeaderElection.java:askForVotes(178)) - 25bdb850-9456-40e4-9e32-2249eb72d793@group-58B787E4CA93-LeaderElection21: begin an election at term 17 for 0: [9d0a2f75-ce30-4dbd-af96-5adca13389b4:192.168.69.85:35551, b7ce392e-07e5-43c4-a049-3141454252ec:192.168.69.85:43203, 25bdb850-9456-40e4-9e32-2249eb72d793:192.168.69.85:34143], old=null
2019-10-18 13:45:48,830 [grpc-default-executor-0] INFO  impl.RaftServerImpl (RaftServerImpl.java:setRole(184)) - 9d0a2f75-ce30-4dbd-af96-5adca13389b4@group-58B787E4CA93: changes role from  FOLLOWER to FOLLOWER at term 17 for recognizeCandidate:25bdb850-9456-40e4-9e32-2249eb72d793
2019-10-18 13:45:48,830 [grpc-default-executor-0] INFO  impl.RoleInfo (RoleInfo.java:shutdownFollowerState(121)) - 9d0a2f75-ce30-4dbd-af96-5adca13389b4: shutdown FollowerState
2019-10-18 13:45:48,830 [grpc-default-executor-6] INFO  impl.RaftServerImpl (RaftServerImpl.java:setRole(184)) - b7ce392e-07e5-43c4-a049-3141454252ec@group-58B787E4CA93: changes role from  FOLLOWER to FOLLOWER at term 17 for recognizeCandidate:25bdb850-9456-40e4-9e32-2249eb72d793
2019-10-18 13:45:48,830 [grpc-default-executor-0] INFO  impl.RoleInfo (RoleInfo.java:updateAndGet(143)) - 9d0a2f75-ce30-4dbd-af96-5adca13389b4: start FollowerState
2019-10-18 13:45:48,830 [Thread-654] INFO  impl.FollowerState (FollowerState.java:run(117)) - 9d0a2f75-ce30-4dbd-af96-5adca13389b4@group-58B787E4CA93-FollowerState was interrupted: java.lang.InterruptedException: sleep interrupted
2019-10-18 13:45:48,830 [grpc-default-executor-6] INFO  impl.RoleInfo (RoleInfo.java:shutdownFollowerState(121)) - b7ce392e-07e5-43c4-a049-3141454252ec: shutdown FollowerState
2019-10-18 13:45:48,831 [grpc-default-executor-6] INFO  impl.RoleInfo (RoleInfo.java:updateAndGet(143)) - b7ce392e-07e5-43c4-a049-3141454252ec: start FollowerState
2019-10-18 13:45:48,831 [Thread-653] INFO  impl.FollowerState (FollowerState.java:run(117)) - b7ce392e-07e5-43c4-a049-3141454252ec@group-58B787E4CA93-FollowerState was interrupted: java.lang.InterruptedException: sleep interrupted
2019-10-18 13:45:48,831 [25bdb850-9456-40e4-9e32-2249eb72d793@group-58B787E4CA93-LeaderElection21] INFO  impl.LeaderElection (LeaderElection.java:logAndReturn(56)) - 25bdb850-9456-40e4-9e32-2249eb72d793@group-58B787E4CA93-LeaderElection21: Election TIMEOUT; received 0 response(s) [] and 0 exception(s); 25bdb850-9456-40e4-9e32-2249eb72d793@group-58B787E4CA93:t17, leader=null, voted=25bdb850-9456-40e4-9e32-2249eb72d793, raftlog=25bdb850-9456-40e4-9e32-2249eb72d793@group-58B787E4CA93-SegmentedRaftLog:OPENED:c3,f4,i4, conf=0: [9d0a2f75-ce30-4dbd-af96-5adca13389b4:192.168.69.85:35551, b7ce392e-07e5-43c4-a049-3141454252ec:192.168.69.85:43203, 25bdb850-9456-40e4-9e32-2249eb72d793:192.168.69.85:34143], old=null
2019-10-18 13:45:48,856 [25bdb850-9456-40e4-9e32-2249eb72d793@group-58B787E4CA93-LeaderElection21] INFO  impl.LeaderElection (LeaderElection.java:askForVotes(178)) - 25bdb850-9456-40e4-9e32-2249eb72d793@group-58B787E4CA93-LeaderElection21: begin an election at term 18 for 0: [9d0a2f75-ce30-4dbd-af96-5adca13389b4:192.168.69.85:35551, b7ce392e-07e5-43c4-a049-3141454252ec:192.168.69.85:43203, 25bdb850-9456-40e4-9e32-2249eb72d793:192.168.69.85:34143], old=null
2019-10-18 13:45:48,859 [grpc-default-executor-0] INFO  impl.RaftServerImpl (RaftServerImpl.java:setRole(184)) - 9d0a2f75-ce30-4dbd-af96-5adca13389b4@group-58B787E4CA93: changes role from  FOLLOWER to FOLLOWER at term 18 for recognizeCandidate:25bdb850-9456-40e4-9e32-2249eb72d793
2019-10-18 13:45:48,860 [grpc-default-executor-6] INFO  impl.RaftServerImpl (RaftServerImpl.java:setRole(184)) - b7ce392e-07e5-43c4-a049-3141454252ec@group-58B787E4CA93: changes role from  FOLLOWER to FOLLOWER at term 18 for recognizeCandidate:25bdb850-9456-40e4-9e32-2249eb72d793
2019-10-18 13:45:48,860 [grpc-default-executor-0] INFO  impl.RoleInfo (RoleInfo.java:shutdownFollowerState(121)) - 9d0a2f75-ce30-4dbd-af96-5adca13389b4: shutdown FollowerState
2019-10-18 13:45:48,861 [grpc-default-executor-6] INFO  impl.RoleInfo (RoleInfo.java:shutdownFollowerState(121)) - b7ce392e-07e5-43c4-a049-3141454252ec: shutdown FollowerState
2019-10-18 13:45:48,861 [Thread-659] INFO  impl.FollowerState (FollowerState.java:run(117)) - 9d0a2f75-ce30-4dbd-af96-5adca13389b4@group-58B787E4CA93-FollowerState was interrupted: java.lang.InterruptedException: sleep interrupted
2019-10-18 13:45:48,861 [grpc-default-executor-0] INFO  impl.RoleInfo (RoleInfo.java:updateAndGet(143)) - 9d0a2f75-ce30-4dbd-af96-5adca13389b4: start FollowerState
2019-10-18 13:45:48,861 [Thread-660] INFO  impl.FollowerState (FollowerState.java:run(117)) - b7ce392e-07e5-43c4-a049-3141454252ec@group-58B787E4CA93-FollowerState was interrupted: java.lang.InterruptedException: sleep interrupted
2019-10-18 13:45:48,861 [grpc-default-executor-6] INFO  impl.RoleInfo (RoleInfo.java:updateAndGet(143)) - b7ce392e-07e5-43c4-a049-3141454252ec: start FollowerState
2019-10-18 13:45:48,887 [25bdb850-9456-40e4-9e32-2249eb72d793@group-58B787E4CA93-LeaderElection21] INFO  impl.LeaderElection (LeaderElection.java:logAndReturn(56)) - 25bdb850-9456-40e4-9e32-2249eb72d793@group-58B787E4CA93-LeaderElection21: Election REJECTED; received 2 response(s) [25bdb850-9456-40e4-9e32-2249eb72d793<-9d0a2f75-ce30-4dbd-af96-5adca13389b4#0:FAIL-t18, 25bdb850-9456-40e4-9e32-2249eb72d793<-b7ce392e-07e5-43c4-a049-3141454252ec#0:FAIL-t18] and 0 exception(s); 25bdb850-9456-40e4-9e32-2249eb72d793@group-58B787E4CA93:t18, leader=null, voted=25bdb850-9456-40e4-9e32-2249eb72d793, raftlog=25bdb850-9456-40e4-9e32-2249eb72d793@group-58B787E4CA93-SegmentedRaftLog:OPENED:c3,f4,i4, conf=0: [9d0a2f75-ce30-4dbd-af96-5adca13389b4:192.168.69.85:35551, b7ce392e-07e5-43c4-a049-3141454252ec:192.168.69.85:43203, 25bdb850-9456-40e4-9e32-2249eb72d793:192.168.69.85:34143], old=null
2019-10-18 13:45:48,887 [25bdb850-9456-40e4-9e32-2249eb72d793@group-58B787E4CA93-LeaderElection21] INFO  impl.RaftServerImpl (RaftServerImpl.java:setRole(184)) - 25bdb850-9456-40e4-9e32-2249eb72d793@group-58B787E4CA93: changes role from CANDIDATE to FOLLOWER at term 18 for DISCOVERED_A_NEW_TERM
2019-10-18 13:45:48,887 [25bdb850-9456-40e4-9e32-2249eb72d793@group-58B787E4CA93-LeaderElection21] INFO  impl.RoleInfo (RoleInfo.java:shutdownLeaderElection(134)) - 25bdb850-9456-40e4-9e32-2249eb72d793: shutdown LeaderElection
2019-10-18 13:45:48,887 [25bdb850-9456-40e4-9e32-2249eb72d793@group-58B787E4CA93-LeaderElection21] INFO  impl.RoleInfo (RoleInfo.java:updateAndGet(143)) - 25bdb850-9456-40e4-9e32-2249eb72d793: start FollowerState
2019-10-18 13:45:48,977 [EventQueue-PendingDeleteStatusForPendingDeleteHandler] INFO  block.SCMBlockDeletingService (SCMBlockDeletingService.java:handlePendingDeletes(115)) - Block deletion txnID mismatch in datanode 25bdb850-9456-40e4-9e32-2249eb72d793 for containerID 1. Datanode delete txnID: 0, SCM txnID: 1
2019-10-18 13:45:48,984 [Thread-665] INFO  impl.FollowerState (FollowerState.java:run(108)) - 25bdb850-9456-40e4-9e32-2249eb72d793@group-58B787E4CA93-FollowerState: change to CANDIDATE, lastRpcTime:96ms, electionTimeout:96ms
2019-10-18 13:45:48,984 [Thread-665] INFO  impl.RoleInfo (RoleInfo.java:shutdownFollowerState(121)) - 25bdb850-9456-40e4-9e32-2249eb72d793: shutdown FollowerState
2019-10-18 13:45:48,984 [Thread-665] INFO  impl.RaftServerImpl (RaftServerImpl.java:setRole(184)) - 25bdb850-9456-40e4-9e32-2249eb72d793@group-58B787E4CA93: changes role from  FOLLOWER to CANDIDATE at term 18 for changeToCandidate
2019-10-18 13:45:48,984 [Thread-665] INFO  impl.RoleInfo (RoleInfo.java:updateAndGet(143)) - 25bdb850-9456-40e4-9e32-2249eb72d793: start LeaderElection
2019-10-18 13:45:48,999 [25bdb850-9456-40e4-9e32-2249eb72d793@group-58B787E4CA93-LeaderElection22] INFO  impl.LeaderElection (LeaderElection.java:askForVotes(178)) - 25bdb850-9456-40e4-9e32-2249eb72d793@group-58B787E4CA93-LeaderElection22: begin an election at term 19 for 0: [9d0a2f75-ce30-4dbd-af96-5adca13389b4:192.168.69.85:35551, b7ce392e-07e5-43c4-a049-3141454252ec:192.168.69.85:43203, 25bdb850-9456-40e4-9e32-2249eb72d793:192.168.69.85:34143], old=null
2019-10-18 13:45:49,003 [grpc-default-executor-6] INFO  impl.RaftServerImpl (RaftServerImpl.java:setRole(184)) - b7ce392e-07e5-43c4-a049-3141454252ec@group-58B787E4CA93: changes role from  FOLLOWER to FOLLOWER at term 19 for recognizeCandidate:25bdb850-9456-40e4-9e32-2249eb72d793
2019-10-18 13:45:49,003 [grpc-default-executor-0] INFO  impl.RaftServerImpl (RaftServerImpl.java:setRole(184)) - 9d0a2f75-ce30-4dbd-af96-5adca13389b4@group-58B787E4CA93: changes role from  FOLLOWER to FOLLOWER at term 19 for recognizeCandidate:25bdb850-9456-40e4-9e32-2249eb72d793
2019-10-18 13:45:49,003 [grpc-default-executor-6] INFO  impl.RoleInfo (RoleInfo.java:shutdownFollowerState(121)) - b7ce392e-07e5-43c4-a049-3141454252ec: shutdown FollowerState
2019-10-18 13:45:49,003 [grpc-default-executor-0] INFO  impl.RoleInfo (RoleInfo.java:shutdownFollowerState(121)) - 9d0a2f75-ce30-4dbd-af96-5adca13389b4: shutdown FollowerState
2019-10-18 13:45:49,004 [Thread-664] INFO  impl.FollowerState (FollowerState.java:run(117)) - b7ce392e-07e5-43c4-a049-3141454252ec@group-58B787E4CA93-FollowerState was interrupted: java.lang.InterruptedException: sleep interrupted
2019-10-18 13:45:49,004 [Thread-663] INFO  impl.FollowerState (FollowerState.java:run(117)) - 9d0a2f75-ce30-4dbd-af96-5adca13389b4@group-58B787E4CA93-FollowerState was interrupted: java.lang.InterruptedException: sleep interrupted
2019-10-18 13:45:49,004 [grpc-default-executor-0] INFO  impl.RoleInfo (RoleInfo.java:updateAndGet(143)) - 9d0a2f75-ce30-4dbd-af96-5adca13389b4: start FollowerState
2019-10-18 13:45:49,004 [grpc-default-executor-6] INFO  impl.RoleInfo (RoleInfo.java:updateAndGet(143)) - b7ce392e-07e5-43c4-a049-3141454252ec: start FollowerState
2019-10-18 13:45:49,019 [25bdb850-9456-40e4-9e32-2249eb72d793@group-58B787E4CA93-LeaderElection22] INFO  impl.LeaderElection (LeaderElection.java:logAndReturn(56)) - 25bdb850-9456-40e4-9e32-2249eb72d793@group-58B787E4CA93-LeaderElection22: Election REJECTED; received 2 response(s) [25bdb850-9456-40e4-9e32-2249eb72d793<-9d0a2f75-ce30-4dbd-af96-5adca13389b4#0:FAIL-t19, 25bdb850-9456-40e4-9e32-2249eb72d793<-b7ce392e-07e5-43c4-a049-3141454252ec#0:FAIL-t19] and 0 exception(s); 25bdb850-9456-40e4-9e32-2249eb72d793@group-58B787E4CA93:t19, leader=null, voted=25bdb850-9456-40e4-9e32-2249eb72d793, raftlog=25bdb850-9456-40e4-9e32-2249eb72d793@group-58B787E4CA93-SegmentedRaftLog:OPENED:c3,f4,i4, conf=0: [9d0a2f75-ce30-4dbd-af96-5adca13389b4:192.168.69.85:35551, b7ce392e-07e5-43c4-a049-3141454252ec:192.168.69.85:43203, 25bdb850-9456-40e4-9e32-2249eb72d793:192.168.69.85:34143], old=null
2019-10-18 13:45:49,019 [25bdb850-9456-40e4-9e32-2249eb72d793@group-58B787E4CA93-LeaderElection22] INFO  impl.RaftServerImpl (RaftServerImpl.java:setRole(184)) - 25bdb850-9456-40e4-9e32-2249eb72d793@group-58B787E4CA93: changes role from CANDIDATE to FOLLOWER at term 19 for DISCOVERED_A_NEW_TERM
2019-10-18 13:45:49,019 [25bdb850-9456-40e4-9e32-2249eb72d793@group-58B787E4CA93-LeaderElection22] INFO  impl.RoleInfo (RoleInfo.java:shutdownLeaderElection(134)) - 25bdb850-9456-40e4-9e32-2249eb72d793: shutdown LeaderElection
2019-10-18 13:45:49,019 [25bdb850-9456-40e4-9e32-2249eb72d793@group-58B787E4CA93-LeaderElection22] INFO  impl.RoleInfo (RoleInfo.java:updateAndGet(143)) - 25bdb850-9456-40e4-9e32-2249eb72d793: start FollowerState
2019-10-18 13:45:49,085 [Thread-672] INFO  impl.FollowerState (FollowerState.java:run(108)) - 25bdb850-9456-40e4-9e32-2249eb72d793@group-58B787E4CA93-FollowerState: change to CANDIDATE, lastRpcTime:65ms, electionTimeout:65ms
2019-10-18 13:45:49,086 [Thread-672] INFO  impl.RoleInfo (RoleInfo.java:shutdownFollowerState(121)) - 25bdb850-9456-40e4-9e32-2249eb72d793: shutdown FollowerState
2019-10-18 13:45:49,087 [Thread-672] INFO  impl.RaftServerImpl (RaftServerImpl.java:setRole(184)) - 25bdb850-9456-40e4-9e32-2249eb72d793@group-58B787E4CA93: changes role from  FOLLOWER to CANDIDATE at term 19 for changeToCandidate
2019-10-18 13:45:49,087 [Thread-672] INFO  impl.RoleInfo (RoleInfo.java:updateAndGet(143)) - 25bdb850-9456-40e4-9e32-2249eb72d793: start LeaderElection
2019-10-18 13:45:49,100 [25bdb850-9456-40e4-9e32-2249eb72d793@group-58B787E4CA93-LeaderElection23] INFO  impl.LeaderElection (LeaderElection.java:askForVotes(178)) - 25bdb850-9456-40e4-9e32-2249eb72d793@group-58B787E4CA93-LeaderElection23: begin an election at term 20 for 0: [9d0a2f75-ce30-4dbd-af96-5adca13389b4:192.168.69.85:35551, b7ce392e-07e5-43c4-a049-3141454252ec:192.168.69.85:43203, 25bdb850-9456-40e4-9e32-2249eb72d793:192.168.69.85:34143], old=null
2019-10-18 13:45:49,104 [grpc-default-executor-6] INFO  impl.RaftServerImpl (RaftServerImpl.java:setRole(184)) - b7ce392e-07e5-43c4-a049-3141454252ec@group-58B787E4CA93: changes role from  FOLLOWER to FOLLOWER at term 20 for recognizeCandidate:25bdb850-9456-40e4-9e32-2249eb72d793
2019-10-18 13:45:49,104 [grpc-default-executor-0] INFO  impl.RaftServerImpl (RaftServerImpl.java:setRole(184)) - 9d0a2f75-ce30-4dbd-af96-5adca13389b4@group-58B787E4CA93: changes role from  FOLLOWER to FOLLOWER at term 20 for recognizeCandidate:25bdb850-9456-40e4-9e32-2249eb72d793
2019-10-18 13:45:49,104 [grpc-default-executor-6] INFO  impl.RoleInfo (RoleInfo.java:shutdownFollowerState(121)) - b7ce392e-07e5-43c4-a049-3141454252ec: shutdown FollowerState
2019-10-18 13:45:49,104 [grpc-default-executor-0] INFO  impl.RoleInfo (RoleInfo.java:shutdownFollowerState(121)) - 9d0a2f75-ce30-4dbd-af96-5adca13389b4: shutdown FollowerState
2019-10-18 13:45:49,104 [Thread-669] INFO  impl.FollowerState (FollowerState.java:run(117)) - b7ce392e-07e5-43c4-a049-3141454252ec@group-58B787E4CA93-FollowerState was interrupted: java.lang.InterruptedException: sleep interrupted
2019-10-18 13:45:49,104 [grpc-default-executor-6] INFO  impl.RoleInfo (RoleInfo.java:updateAndGet(143)) - b7ce392e-07e5-43c4-a049-3141454252ec: start FollowerState
2019-10-18 13:45:49,104 [Thread-670] INFO  impl.FollowerState (FollowerState.java:run(117)) - 9d0a2f75-ce30-4dbd-af96-5adca13389b4@group-58B787E4CA93-FollowerState was interrupted: java.lang.InterruptedException: sleep interrupted
2019-10-18 13:45:49,104 [grpc-default-executor-0] INFO  impl.RoleInfo (RoleInfo.java:updateAndGet(143)) - 9d0a2f75-ce30-4dbd-af96-5adca13389b4: start FollowerState
2019-10-18 13:45:49,119 [25bdb850-9456-40e4-9e32-2249eb72d793@group-58B787E4CA93-LeaderElection23] INFO  impl.LeaderElection (LeaderElection.java:logAndReturn(56)) - 25bdb850-9456-40e4-9e32-2249eb72d793@group-58B787E4CA93-LeaderElection23: Election REJECTED; received 2 response(s) [25bdb850-9456-40e4-9e32-2249eb72d793<-9d0a2f75-ce30-4dbd-af96-5adca13389b4#0:FAIL-t20, 25bdb850-9456-40e4-9e32-2249eb72d793<-b7ce392e-07e5-43c4-a049-3141454252ec#0:FAIL-t20] and 0 exception(s); 25bdb850-9456-40e4-9e32-2249eb72d793@group-58B787E4CA93:t20, leader=null, voted=25bdb850-9456-40e4-9e32-2249eb72d793, raftlog=25bdb850-9456-40e4-9e32-2249eb72d793@group-58B787E4CA93-SegmentedRaftLog:OPENED:c3,f4,i4, conf=0: [9d0a2f75-ce30-4dbd-af96-5adca13389b4:192.168.69.85:35551, b7ce392e-07e5-43c4-a049-3141454252ec:192.168.69.85:43203, 25bdb850-9456-40e4-9e32-2249eb72d793:192.168.69.85:34143], old=null
2019-10-18 13:45:49,119 [25bdb850-9456-40e4-9e32-2249eb72d793@group-58B787E4CA93-LeaderElection23] INFO  impl.RaftServerImpl (RaftServerImpl.java:setRole(184)) - 25bdb850-9456-40e4-9e32-2249eb72d793@group-58B787E4CA93: changes role from CANDIDATE to FOLLOWER at term 20 for DISCOVERED_A_NEW_TERM
2019-10-18 13:45:49,119 [25bdb850-9456-40e4-9e32-2249eb72d793@group-58B787E4CA93-LeaderElection23] INFO  impl.RoleInfo (RoleInfo.java:shutdownLeaderElection(134)) - 25bdb850-9456-40e4-9e32-2249eb72d793: shutdown LeaderElection
2019-10-18 13:45:49,119 [25bdb850-9456-40e4-9e32-2249eb72d793@group-58B787E4CA93-LeaderElection23] INFO  impl.RoleInfo (RoleInfo.java:updateAndGet(143)) - 25bdb850-9456-40e4-9e32-2249eb72d793: start FollowerState
2019-10-18 13:45:49,130 [Thread-678] INFO  impl.FollowerState (FollowerState.java:run(108)) - 25bdb850-9456-40e4-9e32-2249eb72d793@group-58B787E4CA93-FollowerState: change to CANDIDATE, lastRpcTime:10ms, electionTimeout:10ms
2019-10-18 13:45:49,131 [Thread-678] INFO  impl.RoleInfo (RoleInfo.java:shutdownFollowerState(121)) - 25bdb850-9456-40e4-9e32-2249eb72d793: shutdown FollowerState
2019-10-18 13:45:49,131 [Thread-678] INFO  impl.RaftServerImpl (RaftServerImpl.java:setRole(184)) - 25bdb850-9456-40e4-9e32-2249eb72d793@group-58B787E4CA93: changes role from  FOLLOWER to CANDIDATE at term 20 for changeToCandidate
2019-10-18 13:45:49,131 [Thread-678] INFO  impl.RoleInfo (RoleInfo.java:updateAndGet(143)) - 25bdb850-9456-40e4-9e32-2249eb72d793: start LeaderElection
2019-10-18 13:45:49,144 [25bdb850-9456-40e4-9e32-2249eb72d793@group-58B787E4CA93-LeaderElection24] INFO  impl.LeaderElection (LeaderElection.java:askForVotes(178)) - 25bdb850-9456-40e4-9e32-2249eb72d793@group-58B787E4CA93-LeaderElection24: begin an election at term 21 for 0: [9d0a2f75-ce30-4dbd-af96-5adca13389b4:192.168.69.85:35551, b7ce392e-07e5-43c4-a049-3141454252ec:192.168.69.85:43203, 25bdb850-9456-40e4-9e32-2249eb72d793:192.168.69.85:34143], old=null
2019-10-18 13:45:49,149 [grpc-default-executor-0] INFO  impl.RaftServerImpl (RaftServerImpl.java:setRole(184)) - b7ce392e-07e5-43c4-a049-3141454252ec@group-58B787E4CA93: changes role from  FOLLOWER to FOLLOWER at term 21 for recognizeCandidate:25bdb850-9456-40e4-9e32-2249eb72d793
2019-10-18 13:45:49,150 [grpc-default-executor-0] INFO  impl.RoleInfo (RoleInfo.java:shutdownFollowerState(121)) - b7ce392e-07e5-43c4-a049-3141454252ec: shutdown FollowerState
2019-10-18 13:45:49,150 [grpc-default-executor-6] INFO  impl.RaftServerImpl (RaftServerImpl.java:setRole(184)) - 9d0a2f75-ce30-4dbd-af96-5adca13389b4@group-58B787E4CA93: changes role from  FOLLOWER to FOLLOWER at term 21 for recognizeCandidate:25bdb850-9456-40e4-9e32-2249eb72d793
2019-10-18 13:45:49,150 [Thread-676] INFO  impl.FollowerState (FollowerState.java:run(117)) - b7ce392e-07e5-43c4-a049-3141454252ec@group-58B787E4CA93-FollowerState was interrupted: java.lang.InterruptedException: sleep interrupted
2019-10-18 13:45:49,150 [grpc-default-executor-0] INFO  impl.RoleInfo (RoleInfo.java:updateAndGet(143)) - b7ce392e-07e5-43c4-a049-3141454252ec: start FollowerState
2019-10-18 13:45:49,150 [grpc-default-executor-6] INFO  impl.RoleInfo (RoleInfo.java:shutdownFollowerState(121)) - 9d0a2f75-ce30-4dbd-af96-5adca13389b4: shutdown FollowerState
2019-10-18 13:45:49,151 [grpc-default-executor-6] INFO  impl.RoleInfo (RoleInfo.java:updateAndGet(143)) - 9d0a2f75-ce30-4dbd-af96-5adca13389b4: start FollowerState
2019-10-18 13:45:49,151 [Thread-677] INFO  impl.FollowerState (FollowerState.java:run(117)) - 9d0a2f75-ce30-4dbd-af96-5adca13389b4@group-58B787E4CA93-FollowerState was interrupted: java.lang.InterruptedException: sleep interrupted
2019-10-18 13:45:49,161 [25bdb850-9456-40e4-9e32-2249eb72d793@group-58B787E4CA93-LeaderElection24] INFO  impl.LeaderElection (LeaderElection.java:logAndReturn(56)) - 25bdb850-9456-40e4-9e32-2249eb72d793@group-58B787E4CA93-LeaderElection24: Election REJECTED; received 2 response(s) [25bdb850-9456-40e4-9e32-2249eb72d793<-9d0a2f75-ce30-4dbd-af96-5adca13389b4#0:FAIL-t21, 25bdb850-9456-40e4-9e32-2249eb72d793<-b7ce392e-07e5-43c4-a049-3141454252ec#0:FAIL-t21] and 0 exception(s); 25bdb850-9456-40e4-9e32-2249eb72d793@group-58B787E4CA93:t21, leader=null, voted=25bdb850-9456-40e4-9e32-2249eb72d793, raftlog=25bdb850-9456-40e4-9e32-2249eb72d793@group-58B787E4CA93-SegmentedRaftLog:OPENED:c3,f4,i4, conf=0: [9d0a2f75-ce30-4dbd-af96-5adca13389b4:192.168.69.85:35551, b7ce392e-07e5-43c4-a049-3141454252ec:192.168.69.85:43203, 25bdb850-9456-40e4-9e32-2249eb72d793:192.168.69.85:34143], old=null
2019-10-18 13:45:49,161 [25bdb850-9456-40e4-9e32-2249eb72d793@group-58B787E4CA93-LeaderElection24] INFO  impl.RaftServerImpl (RaftServerImpl.java:setRole(184)) - 25bdb850-9456-40e4-9e32-2249eb72d793@group-58B787E4CA93: changes role from CANDIDATE to FOLLOWER at term 21 for DISCOVERED_A_NEW_TERM
2019-10-18 13:45:49,161 [25bdb850-9456-40e4-9e32-2249eb72d793@group-58B787E4CA93-LeaderElection24] INFO  impl.RoleInfo (RoleInfo.java:shutdownLeaderElection(134)) - 25bdb850-9456-40e4-9e32-2249eb72d793: shutdown LeaderElection
2019-10-18 13:45:49,161 [25bdb850-9456-40e4-9e32-2249eb72d793@group-58B787E4CA93-LeaderElection24] INFO  impl.RoleInfo (RoleInfo.java:updateAndGet(143)) - 25bdb850-9456-40e4-9e32-2249eb72d793: start FollowerState
2019-10-18 13:45:49,314 [BlockDeletingService#2] WARN  background.BlockDeletingService (BlockDeletingService.java:isDeletionAllowed(187)) - Close Container log Index 6 is not replicated across allthe servers in the pipeline 959e288b-eace-4bc0-b5b0-58b787e4ca93 as the min replicated index is 4. Deletion is not allowed in this container yet.
2019-10-18 13:45:49,315 [BlockDeletingService#2] WARN  background.BlockDeletingService (BlockDeletingService.java:isDeletionAllowed(187)) - Close Container log Index 6 is not replicated across allthe servers in the pipeline 959e288b-eace-4bc0-b5b0-58b787e4ca93 as the min replicated index is 4. Deletion is not allowed in this container yet.
2019-10-18 13:45:49,317 [Thread-684] INFO  impl.FollowerState (FollowerState.java:run(108)) - 25bdb850-9456-40e4-9e32-2249eb72d793@group-58B787E4CA93-FollowerState: change to CANDIDATE, lastRpcTime:155ms, electionTimeout:155ms
2019-10-18 13:45:49,317 [Thread-684] INFO  impl.RoleInfo (RoleInfo.java:shutdownFollowerState(121)) - 25bdb850-9456-40e4-9e32-2249eb72d793: shutdown FollowerState
2019-10-18 13:45:49,317 [Thread-684] INFO  impl.RaftServerImpl (RaftServerImpl.java:setRole(184)) - 25bdb850-9456-40e4-9e32-2249eb72d793@group-58B787E4CA93: changes role from  FOLLOWER to CANDIDATE at term 21 for changeToCandidate
2019-10-18 13:45:49,317 [Thread-684] INFO  impl.RoleInfo (RoleInfo.java:updateAndGet(143)) - 25bdb850-9456-40e4-9e32-2249eb72d793: start LeaderElection
2019-10-18 13:45:49,331 [25bdb850-9456-40e4-9e32-2249eb72d793@group-58B787E4CA93-LeaderElection25] INFO  impl.LeaderElection (LeaderElection.java:askForVotes(178)) - 25bdb850-9456-40e4-9e32-2249eb72d793@group-58B787E4CA93-LeaderElection25: begin an election at term 22 for 0: [9d0a2f75-ce30-4dbd-af96-5adca13389b4:192.168.69.85:35551, b7ce392e-07e5-43c4-a049-3141454252ec:192.168.69.85:43203, 25bdb850-9456-40e4-9e32-2249eb72d793:192.168.69.85:34143], old=null
2019-10-18 13:45:49,335 [grpc-default-executor-6] INFO  impl.RaftServerImpl (RaftServerImpl.java:setRole(184)) - b7ce392e-07e5-43c4-a049-3141454252ec@group-58B787E4CA93: changes role from  FOLLOWER to FOLLOWER at term 22 for recognizeCandidate:25bdb850-9456-40e4-9e32-2249eb72d793
2019-10-18 13:45:49,335 [grpc-default-executor-0] INFO  impl.RaftServerImpl (RaftServerImpl.java:setRole(184)) - 9d0a2f75-ce30-4dbd-af96-5adca13389b4@group-58B787E4CA93: changes role from  FOLLOWER to FOLLOWER at term 22 for recognizeCandidate:25bdb850-9456-40e4-9e32-2249eb72d793
2019-10-18 13:45:49,335 [grpc-default-executor-6] INFO  impl.RoleInfo (RoleInfo.java:shutdownFollowerState(121)) - b7ce392e-07e5-43c4-a049-3141454252ec: shutdown FollowerState
2019-10-18 13:45:49,335 [grpc-default-executor-0] INFO  impl.RoleInfo (RoleInfo.java:shutdownFollowerState(121)) - 9d0a2f75-ce30-4dbd-af96-5adca13389b4: shutdown FollowerState
2019-10-18 13:45:49,335 [Thread-682] INFO  impl.FollowerState (FollowerState.java:run(117)) - b7ce392e-07e5-43c4-a049-3141454252ec@group-58B787E4CA93-FollowerState was interrupted: java.lang.InterruptedException: sleep interrupted
2019-10-18 13:45:49,335 [grpc-default-executor-6] INFO  impl.RoleInfo (RoleInfo.java:updateAndGet(143)) - b7ce392e-07e5-43c4-a049-3141454252ec: start FollowerState
2019-10-18 13:45:49,335 [Thread-683] INFO  impl.FollowerState (FollowerState.java:run(117)) - 9d0a2f75-ce30-4dbd-af96-5adca13389b4@group-58B787E4CA93-FollowerState was interrupted: java.lang.InterruptedException: sleep interrupted
2019-10-18 13:45:49,335 [grpc-default-executor-0] INFO  impl.RoleInfo (RoleInfo.java:updateAndGet(143)) - 9d0a2f75-ce30-4dbd-af96-5adca13389b4: start FollowerState
2019-10-18 13:45:49,352 [25bdb850-9456-40e4-9e32-2249eb72d793@group-58B787E4CA93-LeaderElection25] INFO  impl.LeaderElection (LeaderElection.java:logAndReturn(56)) - 25bdb850-9456-40e4-9e32-2249eb72d793@group-58B787E4CA93-LeaderElection25: Election REJECTED; received 2 response(s) [25bdb850-9456-40e4-9e32-2249eb72d793<-9d0a2f75-ce30-4dbd-af96-5adca13389b4#0:FAIL-t22, 25bdb850-9456-40e4-9e32-2249eb72d793<-b7ce392e-07e5-43c4-a049-3141454252ec#0:FAIL-t22] and 0 exception(s); 25bdb850-9456-40e4-9e32-2249eb72d793@group-58B787E4CA93:t22, leader=null, voted=25bdb850-9456-40e4-9e32-2249eb72d793, raftlog=25bdb850-9456-40e4-9e32-2249eb72d793@group-58B787E4CA93-SegmentedRaftLog:OPENED:c3,f4,i4, conf=0: [9d0a2f75-ce30-4dbd-af96-5adca13389b4:192.168.69.85:35551, b7ce392e-07e5-43c4-a049-3141454252ec:192.168.69.85:43203, 25bdb850-9456-40e4-9e32-2249eb72d793:192.168.69.85:34143], old=null
2019-10-18 13:45:49,352 [25bdb850-9456-40e4-9e32-2249eb72d793@group-58B787E4CA93-LeaderElection25] INFO  impl.RaftServerImpl (RaftServerImpl.java:setRole(184)) - 25bdb850-9456-40e4-9e32-2249eb72d793@group-58B787E4CA93: changes role from CANDIDATE to FOLLOWER at term 22 for DISCOVERED_A_NEW_TERM
2019-10-18 13:45:49,352 [25bdb850-9456-40e4-9e32-2249eb72d793@group-58B787E4CA93-LeaderElection25] INFO  impl.RoleInfo (RoleInfo.java:shutdownLeaderElection(134)) - 25bdb850-9456-40e4-9e32-2249eb72d793: shutdown LeaderElection
2019-10-18 13:45:49,353 [25bdb850-9456-40e4-9e32-2249eb72d793@group-58B787E4CA93-LeaderElection25] INFO  impl.RoleInfo (RoleInfo.java:updateAndGet(143)) - 25bdb850-9456-40e4-9e32-2249eb72d793: start FollowerState
2019-10-18 13:45:49,353 [Thread-694] INFO  client.GrpcClientProtocolService (GrpcClientProtocolService.java:lambda$processClientRequest$0(278)) - Failed RaftClientRequest:client-B7AACEF92521->b7ce392e-07e5-43c4-a049-3141454252ec@group-58B787E4CA93, cid=10, seq=0, Watch-ALL_COMMITTED(6), Message:<EMPTY>, reply=RaftClientReply:client-B7AACEF92521->b7ce392e-07e5-43c4-a049-3141454252ec@group-58B787E4CA93, cid=10, FAILED org.apache.ratis.protocol.NotLeaderException: Server b7ce392e-07e5-43c4-a049-3141454252ec@group-58B787E4CA93 is not the leader, logIndex=0, commits[b7ce392e-07e5-43c4-a049-3141454252ec:c10, 9d0a2f75-ce30-4dbd-af96-5adca13389b4:c10, 25bdb850-9456-40e4-9e32-2249eb72d793:c4]
2019-10-18 13:45:49,458 [Thread-693] INFO  impl.FollowerState (FollowerState.java:run(108)) - 25bdb850-9456-40e4-9e32-2249eb72d793@group-58B787E4CA93-FollowerState: change to CANDIDATE, lastRpcTime:105ms, electionTimeout:105ms
2019-10-18 13:45:49,458 [Thread-693] INFO  impl.RoleInfo (RoleInfo.java:shutdownFollowerState(121)) - 25bdb850-9456-40e4-9e32-2249eb72d793: shutdown FollowerState
2019-10-18 13:45:49,458 [Thread-693] INFO  impl.RaftServerImpl (RaftServerImpl.java:setRole(184)) - 25bdb850-9456-40e4-9e32-2249eb72d793@group-58B787E4CA93: changes role from  FOLLOWER to CANDIDATE at term 22 for changeToCandidate
2019-10-18 13:45:49,458 [Thread-693] INFO  impl.RoleInfo (RoleInfo.java:updateAndGet(143)) - 25bdb850-9456-40e4-9e32-2249eb72d793: start LeaderElection
2019-10-18 13:45:49,493 [25bdb850-9456-40e4-9e32-2249eb72d793@group-58B787E4CA93-LeaderElection26] INFO  impl.LeaderElection (LeaderElection.java:askForVotes(178)) - 25bdb850-9456-40e4-9e32-2249eb72d793@group-58B787E4CA93-LeaderElection26: begin an election at term 23 for 0: [9d0a2f75-ce30-4dbd-af96-5adca13389b4:192.168.69.85:35551, b7ce392e-07e5-43c4-a049-3141454252ec:192.168.69.85:43203, 25bdb850-9456-40e4-9e32-2249eb72d793:192.168.69.85:34143], old=null
2019-10-18 13:45:49,498 [grpc-default-executor-0] INFO  impl.RaftServerImpl (RaftServerImpl.java:setRole(184)) - b7ce392e-07e5-43c4-a049-3141454252ec@group-58B787E4CA93: changes role from  FOLLOWER to FOLLOWER at term 23 for recognizeCandidate:25bdb850-9456-40e4-9e32-2249eb72d793
2019-10-18 13:45:49,498 [grpc-default-executor-1] INFO  impl.RaftServerImpl (RaftServerImpl.java:setRole(184)) - 9d0a2f75-ce30-4dbd-af96-5adca13389b4@group-58B787E4CA93: changes role from  FOLLOWER to FOLLOWER at term 23 for recognizeCandidate:25bdb850-9456-40e4-9e32-2249eb72d793
2019-10-18 13:45:49,498 [grpc-default-executor-0] INFO  impl.RoleInfo (RoleInfo.java:shutdownFollowerState(121)) - b7ce392e-07e5-43c4-a049-3141454252ec: shutdown FollowerState
2019-10-18 13:45:49,498 [grpc-default-executor-1] INFO  impl.RoleInfo (RoleInfo.java:shutdownFollowerState(121)) - 9d0a2f75-ce30-4dbd-af96-5adca13389b4: shutdown FollowerState
2019-10-18 13:45:49,499 [Thread-690] INFO  impl.FollowerState (FollowerState.java:run(117)) - b7ce392e-07e5-43c4-a049-3141454252ec@group-58B787E4CA93-FollowerState was interrupted: java.lang.InterruptedException: sleep interrupted
2019-10-18 13:45:49,499 [grpc-default-executor-0] INFO  impl.RoleInfo (RoleInfo.java:updateAndGet(143)) - b7ce392e-07e5-43c4-a049-3141454252ec: start FollowerState
2019-10-18 13:45:49,499 [Thread-691] INFO  impl.FollowerState (FollowerState.java:run(117)) - 9d0a2f75-ce30-4dbd-af96-5adca13389b4@group-58B787E4CA93-FollowerState was interrupted: java.lang.InterruptedException: sleep interrupted
2019-10-18 13:45:49,499 [grpc-default-executor-1] INFO  impl.RoleInfo (RoleInfo.java:updateAndGet(143)) - 9d0a2f75-ce30-4dbd-af96-5adca13389b4: start FollowerState
2019-10-18 13:45:49,513 [25bdb850-9456-40e4-9e32-2249eb72d793@group-58B787E4CA93-LeaderElection26] INFO  impl.LeaderElection (LeaderElection.java:logAndReturn(56)) - 25bdb850-9456-40e4-9e32-2249eb72d793@group-58B787E4CA93-LeaderElection26: Election REJECTED; received 2 response(s) [25bdb850-9456-40e4-9e32-2249eb72d793<-9d0a2f75-ce30-4dbd-af96-5adca13389b4#0:FAIL-t23, 25bdb850-9456-40e4-9e32-2249eb72d793<-b7ce392e-07e5-43c4-a049-3141454252ec#0:FAIL-t23] and 0 exception(s); 25bdb850-9456-40e4-9e32-2249eb72d793@group-58B787E4CA93:t23, leader=null, voted=25bdb850-9456-40e4-9e32-2249eb72d793, raftlog=25bdb850-9456-40e4-9e32-2249eb72d793@group-58B787E4CA93-SegmentedRaftLog:OPENED:c3,f4,i4, conf=0: [9d0a2f75-ce30-4dbd-af96-5adca13389b4:192.168.69.85:35551, b7ce392e-07e5-43c4-a049-3141454252ec:192.168.69.85:43203, 25bdb850-9456-40e4-9e32-2249eb72d793:192.168.69.85:34143], old=null
2019-10-18 13:45:49,513 [25bdb850-9456-40e4-9e32-2249eb72d793@group-58B787E4CA93-LeaderElection26] INFO  impl.RaftServerImpl (RaftServerImpl.java:setRole(184)) - 25bdb850-9456-40e4-9e32-2249eb72d793@group-58B787E4CA93: changes role from CANDIDATE to FOLLOWER at term 23 for DISCOVERED_A_NEW_TERM
2019-10-18 13:45:49,513 [25bdb850-9456-40e4-9e32-2249eb72d793@group-58B787E4CA93-LeaderElection26] INFO  impl.RoleInfo (RoleInfo.java:shutdownLeaderElection(134)) - 25bdb850-9456-40e4-9e32-2249eb72d793: shutdown LeaderElection
2019-10-18 13:45:49,514 [25bdb850-9456-40e4-9e32-2249eb72d793@group-58B787E4CA93-LeaderElection26] INFO  impl.RoleInfo (RoleInfo.java:updateAndGet(143)) - 25bdb850-9456-40e4-9e32-2249eb72d793: start FollowerState
2019-10-18 13:45:49,630 [Thread-701] INFO  impl.FollowerState (FollowerState.java:run(108)) - 25bdb850-9456-40e4-9e32-2249eb72d793@group-58B787E4CA93-FollowerState: change to CANDIDATE, lastRpcTime:116ms, electionTimeout:116ms
2019-10-18 13:45:49,631 [Thread-701] INFO  impl.RoleInfo (RoleInfo.java:shutdownFollowerState(121)) - 25bdb850-9456-40e4-9e32-2249eb72d793: shutdown FollowerState
2019-10-18 13:45:49,632 [Thread-701] INFO  impl.RaftServerImpl (RaftServerImpl.java:setRole(184)) - 25bdb850-9456-40e4-9e32-2249eb72d793@group-58B787E4CA93: changes role from  FOLLOWER to CANDIDATE at term 23 for changeToCandidate
2019-10-18 13:45:49,632 [Thread-701] INFO  impl.RoleInfo (RoleInfo.java:updateAndGet(143)) - 25bdb850-9456-40e4-9e32-2249eb72d793: start LeaderElection
2019-10-18 13:45:49,658 [25bdb850-9456-40e4-9e32-2249eb72d793@group-58B787E4CA93-LeaderElection27] INFO  impl.LeaderElection (LeaderElection.java:askForVotes(178)) - 25bdb850-9456-40e4-9e32-2249eb72d793@group-58B787E4CA93-LeaderElection27: begin an election at term 24 for 0: [9d0a2f75-ce30-4dbd-af96-5adca13389b4:192.168.69.85:35551, b7ce392e-07e5-43c4-a049-3141454252ec:192.168.69.85:43203, 25bdb850-9456-40e4-9e32-2249eb72d793:192.168.69.85:34143], old=null
2019-10-18 13:45:49,661 [grpc-default-executor-1] INFO  impl.RaftServerImpl (RaftServerImpl.java:setRole(184)) - 9d0a2f75-ce30-4dbd-af96-5adca13389b4@group-58B787E4CA93: changes role from  FOLLOWER to FOLLOWER at term 24 for recognizeCandidate:25bdb850-9456-40e4-9e32-2249eb72d793
2019-10-18 13:45:49,662 [grpc-default-executor-1] INFO  impl.RoleInfo (RoleInfo.java:shutdownFollowerState(121)) - 9d0a2f75-ce30-4dbd-af96-5adca13389b4: shutdown FollowerState
2019-10-18 13:45:49,662 [grpc-default-executor-1] INFO  impl.RoleInfo (RoleInfo.java:updateAndGet(143)) - 9d0a2f75-ce30-4dbd-af96-5adca13389b4: start FollowerState
2019-10-18 13:45:49,662 [Thread-700] INFO  impl.FollowerState (FollowerState.java:run(117)) - 9d0a2f75-ce30-4dbd-af96-5adca13389b4@group-58B787E4CA93-FollowerState was interrupted: java.lang.InterruptedException: sleep interrupted
2019-10-18 13:45:49,663 [grpc-default-executor-0] INFO  impl.RaftServerImpl (RaftServerImpl.java:setRole(184)) - b7ce392e-07e5-43c4-a049-3141454252ec@group-58B787E4CA93: changes role from  FOLLOWER to FOLLOWER at term 24 for recognizeCandidate:25bdb850-9456-40e4-9e32-2249eb72d793
2019-10-18 13:45:49,663 [grpc-default-executor-0] INFO  impl.RoleInfo (RoleInfo.java:shutdownFollowerState(121)) - b7ce392e-07e5-43c4-a049-3141454252ec: shutdown FollowerState
2019-10-18 13:45:49,663 [grpc-default-executor-0] INFO  impl.RoleInfo (RoleInfo.java:updateAndGet(143)) - b7ce392e-07e5-43c4-a049-3141454252ec: start FollowerState
2019-10-18 13:45:49,663 [Thread-699] INFO  impl.FollowerState (FollowerState.java:run(117)) - b7ce392e-07e5-43c4-a049-3141454252ec@group-58B787E4CA93-FollowerState was interrupted: java.lang.InterruptedException: sleep interrupted
2019-10-18 13:45:49,671 [25bdb850-9456-40e4-9e32-2249eb72d793@group-58B787E4CA93-LeaderElection27] INFO  impl.LeaderElection (LeaderElection.java:logAndReturn(56)) - 25bdb850-9456-40e4-9e32-2249eb72d793@group-58B787E4CA93-LeaderElection27: Election TIMEOUT; received 0 response(s) [] and 0 exception(s); 25bdb850-9456-40e4-9e32-2249eb72d793@group-58B787E4CA93:t24, leader=null, voted=25bdb850-9456-40e4-9e32-2249eb72d793, raftlog=25bdb850-9456-40e4-9e32-2249eb72d793@group-58B787E4CA93-SegmentedRaftLog:OPENED:c3,f4,i4, conf=0: [9d0a2f75-ce30-4dbd-af96-5adca13389b4:192.168.69.85:35551, b7ce392e-07e5-43c4-a049-3141454252ec:192.168.69.85:43203, 25bdb850-9456-40e4-9e32-2249eb72d793:192.168.69.85:34143], old=null
2019-10-18 13:45:49,688 [25bdb850-9456-40e4-9e32-2249eb72d793@group-58B787E4CA93-LeaderElection27] INFO  impl.LeaderElection (LeaderElection.java:askForVotes(178)) - 25bdb850-9456-40e4-9e32-2249eb72d793@group-58B787E4CA93-LeaderElection27: begin an election at term 25 for 0: [9d0a2f75-ce30-4dbd-af96-5adca13389b4:192.168.69.85:35551, b7ce392e-07e5-43c4-a049-3141454252ec:192.168.69.85:43203, 25bdb850-9456-40e4-9e32-2249eb72d793:192.168.69.85:34143], old=null
2019-10-18 13:45:49,692 [grpc-default-executor-1] INFO  impl.RaftServerImpl (RaftServerImpl.java:setRole(184)) - 9d0a2f75-ce30-4dbd-af96-5adca13389b4@group-58B787E4CA93: changes role from  FOLLOWER to FOLLOWER at term 25 for recognizeCandidate:25bdb850-9456-40e4-9e32-2249eb72d793
2019-10-18 13:45:49,692 [grpc-default-executor-1] INFO  impl.RoleInfo (RoleInfo.java:shutdownFollowerState(121)) - 9d0a2f75-ce30-4dbd-af96-5adca13389b4: shutdown FollowerState
2019-10-18 13:45:49,692 [grpc-default-executor-0] INFO  impl.RaftServerImpl (RaftServerImpl.java:setRole(184)) - b7ce392e-07e5-43c4-a049-3141454252ec@group-58B787E4CA93: changes role from  FOLLOWER to FOLLOWER at term 25 for recognizeCandidate:25bdb850-9456-40e4-9e32-2249eb72d793
2019-10-18 13:45:49,693 [Thread-705] INFO  impl.FollowerState (FollowerState.java:run(117)) - 9d0a2f75-ce30-4dbd-af96-5adca13389b4@group-58B787E4CA93-FollowerState was interrupted: java.lang.InterruptedException: sleep interrupted
2019-10-18 13:45:49,692 [grpc-default-executor-1] INFO  impl.RoleInfo (RoleInfo.java:updateAndGet(143)) - 9d0a2f75-ce30-4dbd-af96-5adca13389b4: start FollowerState
2019-10-18 13:45:49,693 [grpc-default-executor-0] INFO  impl.RoleInfo (RoleInfo.java:shutdownFollowerState(121)) - b7ce392e-07e5-43c4-a049-3141454252ec: shutdown FollowerState
2019-10-18 13:45:49,693 [grpc-default-executor-0] INFO  impl.RoleInfo (RoleInfo.java:updateAndGet(143)) - b7ce392e-07e5-43c4-a049-3141454252ec: start FollowerState
2019-10-18 13:45:49,693 [Thread-706] INFO  impl.FollowerState (FollowerState.java:run(117)) - b7ce392e-07e5-43c4-a049-3141454252ec@group-58B787E4CA93-FollowerState was interrupted: java.lang.InterruptedException: sleep interrupted
2019-10-18 13:45:49,708 [25bdb850-9456-40e4-9e32-2249eb72d793@group-58B787E4CA93-LeaderElection27] INFO  impl.LeaderElection (LeaderElection.java:logAndReturn(56)) - 25bdb850-9456-40e4-9e32-2249eb72d793@group-58B787E4CA93-LeaderElection27: Election REJECTED; received 2 response(s) [25bdb850-9456-40e4-9e32-2249eb72d793<-9d0a2f75-ce30-4dbd-af96-5adca13389b4#0:FAIL-t25, 25bdb850-9456-40e4-9e32-2249eb72d793<-b7ce392e-07e5-43c4-a049-3141454252ec#0:FAIL-t25] and 0 exception(s); 25bdb850-9456-40e4-9e32-2249eb72d793@group-58B787E4CA93:t25, leader=null, voted=25bdb850-9456-40e4-9e32-2249eb72d793, raftlog=25bdb850-9456-40e4-9e32-2249eb72d793@group-58B787E4CA93-SegmentedRaftLog:OPENED:c3,f4,i4, conf=0: [9d0a2f75-ce30-4dbd-af96-5adca13389b4:192.168.69.85:35551, b7ce392e-07e5-43c4-a049-3141454252ec:192.168.69.85:43203, 25bdb850-9456-40e4-9e32-2249eb72d793:192.168.69.85:34143], old=null
2019-10-18 13:45:49,708 [25bdb850-9456-40e4-9e32-2249eb72d793@group-58B787E4CA93-LeaderElection27] INFO  impl.RaftServerImpl (RaftServerImpl.java:setRole(184)) - 25bdb850-9456-40e4-9e32-2249eb72d793@group-58B787E4CA93: changes role from CANDIDATE to FOLLOWER at term 25 for DISCOVERED_A_NEW_TERM
2019-10-18 13:45:49,708 [25bdb850-9456-40e4-9e32-2249eb72d793@group-58B787E4CA93-LeaderElection27] INFO  impl.RoleInfo (RoleInfo.java:shutdownLeaderElection(134)) - 25bdb850-9456-40e4-9e32-2249eb72d793: shutdown LeaderElection
2019-10-18 13:45:49,708 [25bdb850-9456-40e4-9e32-2249eb72d793@group-58B787E4CA93-LeaderElection27] INFO  impl.RoleInfo (RoleInfo.java:updateAndGet(143)) - 25bdb850-9456-40e4-9e32-2249eb72d793: start FollowerState
2019-10-18 13:45:49,796 [pool-7-thread-2] INFO  commands.RetriableDatanodeEventWatcher (RetriableDatanodeEventWatcher.java:onTimeout(47)) - RetriableDatanodeCommand type=deleteBlocksCommand with id=1571406343792 timed out. Retrying.
2019-10-18 13:45:49,797 [pool-7-thread-5] INFO  commands.RetriableDatanodeEventWatcher (RetriableDatanodeEventWatcher.java:onTimeout(47)) - RetriableDatanodeCommand type=deleteBlocksCommand with id=1571406343789 timed out. Retrying.
2019-10-18 13:45:49,798 [pool-7-thread-1] INFO  commands.RetriableDatanodeEventWatcher (RetriableDatanodeEventWatcher.java:onTimeout(47)) - RetriableDatanodeCommand type=deleteBlocksCommand with id=1571406343796 timed out. Retrying.
2019-10-18 13:45:49,798 [SCMBlockDeletingService#1] INFO  block.SCMBlockDeletingService (SCMBlockDeletingService.java:call(184)) - Totally added 1 delete blocks command for 1 datanodes, task elapsed time: 1ms
2019-10-18 13:45:49,798 [pool-7-thread-4] INFO  commands.RetriableDatanodeEventWatcher (RetriableDatanodeEventWatcher.java:onTimeout(47)) - RetriableDatanodeCommand type=deleteBlocksCommand with id=1571406343794 timed out. Retrying.
2019-10-18 13:45:49,798 [pool-7-thread-3] INFO  commands.RetriableDatanodeEventWatcher (RetriableDatanodeEventWatcher.java:onTimeout(47)) - RetriableDatanodeCommand type=deleteBlocksCommand with id=1571406343795 timed out. Retrying.
2019-10-18 13:45:49,798 [pool-7-thread-5] INFO  commands.RetriableDatanodeEventWatcher (RetriableDatanodeEventWatcher.java:onTimeout(47)) - RetriableDatanodeCommand type=deleteBlocksCommand with id=1571406343797 timed out. Retrying.
2019-10-18 13:45:49,902 [Thread-711] INFO  impl.FollowerState (FollowerState.java:run(108)) - 25bdb850-9456-40e4-9e32-2249eb72d793@group-58B787E4CA93-FollowerState: change to CANDIDATE, lastRpcTime:193ms, electionTimeout:193ms
2019-10-18 13:45:49,902 [Thread-711] INFO  impl.RoleInfo (RoleInfo.java:shutdownFollowerState(121)) - 25bdb850-9456-40e4-9e32-2249eb72d793: shutdown FollowerState
2019-10-18 13:45:49,902 [Thread-711] INFO  impl.RaftServerImpl (RaftServerImpl.java:setRole(184)) - 25bdb850-9456-40e4-9e32-2249eb72d793@group-58B787E4CA93: changes role from  FOLLOWER to CANDIDATE at term 25 for changeToCandidate
2019-10-18 13:45:49,902 [Thread-711] INFO  impl.RoleInfo (RoleInfo.java:updateAndGet(143)) - 25bdb850-9456-40e4-9e32-2249eb72d793: start LeaderElection
2019-10-18 13:45:49,929 [25bdb850-9456-40e4-9e32-2249eb72d793@group-58B787E4CA93-LeaderElection28] INFO  impl.LeaderElection (LeaderElection.java:askForVotes(178)) - 25bdb850-9456-40e4-9e32-2249eb72d793@group-58B787E4CA93-LeaderElection28: begin an election at term 26 for 0: [9d0a2f75-ce30-4dbd-af96-5adca13389b4:192.168.69.85:35551, b7ce392e-07e5-43c4-a049-3141454252ec:192.168.69.85:43203, 25bdb850-9456-40e4-9e32-2249eb72d793:192.168.69.85:34143], old=null
2019-10-18 13:45:49,934 [grpc-default-executor-0] INFO  impl.RaftServerImpl (RaftServerImpl.java:setRole(184)) - 9d0a2f75-ce30-4dbd-af96-5adca13389b4@group-58B787E4CA93: changes role from  FOLLOWER to FOLLOWER at term 26 for recognizeCandidate:25bdb850-9456-40e4-9e32-2249eb72d793
2019-10-18 13:45:49,934 [grpc-default-executor-1] INFO  impl.RaftServerImpl (RaftServerImpl.java:setRole(184)) - b7ce392e-07e5-43c4-a049-3141454252ec@group-58B787E4CA93: changes role from  FOLLOWER to FOLLOWER at term 26 for recognizeCandidate:25bdb850-9456-40e4-9e32-2249eb72d793
2019-10-18 13:45:49,934 [grpc-default-executor-0] INFO  impl.RoleInfo (RoleInfo.java:shutdownFollowerState(121)) - 9d0a2f75-ce30-4dbd-af96-5adca13389b4: shutdown FollowerState
2019-10-18 13:45:49,934 [grpc-default-executor-1] INFO  impl.RoleInfo (RoleInfo.java:shutdownFollowerState(121)) - b7ce392e-07e5-43c4-a049-3141454252ec: shutdown FollowerState
2019-10-18 13:45:49,935 [Thread-709] INFO  impl.FollowerState (FollowerState.java:run(117)) - 9d0a2f75-ce30-4dbd-af96-5adca13389b4@group-58B787E4CA93-FollowerState was interrupted: java.lang.InterruptedException: sleep interrupted
2019-10-18 13:45:49,935 [grpc-default-executor-0] INFO  impl.RoleInfo (RoleInfo.java:updateAndGet(143)) - 9d0a2f75-ce30-4dbd-af96-5adca13389b4: start FollowerState
2019-10-18 13:45:49,935 [Thread-710] INFO  impl.FollowerState (FollowerState.java:run(117)) - b7ce392e-07e5-43c4-a049-3141454252ec@group-58B787E4CA93-FollowerState was interrupted: java.lang.InterruptedException: sleep interrupted
2019-10-18 13:45:49,935 [grpc-default-executor-1] INFO  impl.RoleInfo (RoleInfo.java:updateAndGet(143)) - b7ce392e-07e5-43c4-a049-3141454252ec: start FollowerState
2019-10-18 13:45:49,961 [25bdb850-9456-40e4-9e32-2249eb72d793@group-58B787E4CA93-LeaderElection28] INFO  impl.LeaderElection (LeaderElection.java:logAndReturn(56)) - 25bdb850-9456-40e4-9e32-2249eb72d793@group-58B787E4CA93-LeaderElection28: Election REJECTED; received 2 response(s) [25bdb850-9456-40e4-9e32-2249eb72d793<-9d0a2f75-ce30-4dbd-af96-5adca13389b4#0:FAIL-t26, 25bdb850-9456-40e4-9e32-2249eb72d793<-b7ce392e-07e5-43c4-a049-3141454252ec#0:FAIL-t26] and 0 exception(s); 25bdb850-9456-40e4-9e32-2249eb72d793@group-58B787E4CA93:t26, leader=null, voted=25bdb850-9456-40e4-9e32-2249eb72d793, raftlog=25bdb850-9456-40e4-9e32-2249eb72d793@group-58B787E4CA93-SegmentedRaftLog:OPENED:c3,f4,i4, conf=0: [9d0a2f75-ce30-4dbd-af96-5adca13389b4:192.168.69.85:35551, b7ce392e-07e5-43c4-a049-3141454252ec:192.168.69.85:43203, 25bdb850-9456-40e4-9e32-2249eb72d793:192.168.69.85:34143], old=null
2019-10-18 13:45:49,962 [25bdb850-9456-40e4-9e32-2249eb72d793@group-58B787E4CA93-LeaderElection28] INFO  impl.RaftServerImpl (RaftServerImpl.java:setRole(184)) - 25bdb850-9456-40e4-9e32-2249eb72d793@group-58B787E4CA93: changes role from CANDIDATE to FOLLOWER at term 26 for DISCOVERED_A_NEW_TERM
2019-10-18 13:45:49,962 [25bdb850-9456-40e4-9e32-2249eb72d793@group-58B787E4CA93-LeaderElection28] INFO  impl.RoleInfo (RoleInfo.java:shutdownLeaderElection(134)) - 25bdb850-9456-40e4-9e32-2249eb72d793: shutdown LeaderElection
2019-10-18 13:45:49,962 [25bdb850-9456-40e4-9e32-2249eb72d793@group-58B787E4CA93-LeaderElection28] INFO  impl.RoleInfo (RoleInfo.java:updateAndGet(143)) - 25bdb850-9456-40e4-9e32-2249eb72d793: start FollowerState
2019-10-18 13:45:50,130 [Thread-717] INFO  impl.FollowerState (FollowerState.java:run(108)) - 25bdb850-9456-40e4-9e32-2249eb72d793@group-58B787E4CA93-FollowerState: change to CANDIDATE, lastRpcTime:167ms, electionTimeout:167ms
2019-10-18 13:45:50,131 [Thread-717] INFO  impl.RoleInfo (RoleInfo.java:shutdownFollowerState(121)) - 25bdb850-9456-40e4-9e32-2249eb72d793: shutdown FollowerState
2019-10-18 13:45:50,131 [Thread-717] INFO  impl.RaftServerImpl (RaftServerImpl.java:setRole(184)) - 25bdb850-9456-40e4-9e32-2249eb72d793@group-58B787E4CA93: changes role from  FOLLOWER to CANDIDATE at term 26 for changeToCandidate
2019-10-18 13:45:50,131 [Thread-717] INFO  impl.RoleInfo (RoleInfo.java:updateAndGet(143)) - 25bdb850-9456-40e4-9e32-2249eb72d793: start LeaderElection
2019-10-18 13:45:50,153 [25bdb850-9456-40e4-9e32-2249eb72d793@group-58B787E4CA93-LeaderElection29] INFO  impl.LeaderElection (LeaderElection.java:askForVotes(178)) - 25bdb850-9456-40e4-9e32-2249eb72d793@group-58B787E4CA93-LeaderElection29: begin an election at term 27 for 0: [9d0a2f75-ce30-4dbd-af96-5adca13389b4:192.168.69.85:35551, b7ce392e-07e5-43c4-a049-3141454252ec:192.168.69.85:43203, 25bdb850-9456-40e4-9e32-2249eb72d793:192.168.69.85:34143], old=null
2019-10-18 13:45:50,157 [grpc-default-executor-0] INFO  impl.RaftServerImpl (RaftServerImpl.java:setRole(184)) - 9d0a2f75-ce30-4dbd-af96-5adca13389b4@group-58B787E4CA93: changes role from  FOLLOWER to FOLLOWER at term 27 for recognizeCandidate:25bdb850-9456-40e4-9e32-2249eb72d793
2019-10-18 13:45:50,157 [grpc-default-executor-1] INFO  impl.RaftServerImpl (RaftServerImpl.java:setRole(184)) - b7ce392e-07e5-43c4-a049-3141454252ec@group-58B787E4CA93: changes role from  FOLLOWER to FOLLOWER at term 27 for recognizeCandidate:25bdb850-9456-40e4-9e32-2249eb72d793
2019-10-18 13:45:50,157 [grpc-default-executor-0] INFO  impl.RoleInfo (RoleInfo.java:shutdownFollowerState(121)) - 9d0a2f75-ce30-4dbd-af96-5adca13389b4: shutdown FollowerState
2019-10-18 13:45:50,157 [grpc-default-executor-1] INFO  impl.RoleInfo (RoleInfo.java:shutdownFollowerState(121)) - b7ce392e-07e5-43c4-a049-3141454252ec: shutdown FollowerState
2019-10-18 13:45:50,158 [grpc-default-executor-0] INFO  impl.RoleInfo (RoleInfo.java:updateAndGet(143)) - 9d0a2f75-ce30-4dbd-af96-5adca13389b4: start FollowerState
2019-10-18 13:45:50,158 [Thread-716] INFO  impl.FollowerState (FollowerState.java:run(117)) - b7ce392e-07e5-43c4-a049-3141454252ec@group-58B787E4CA93-FollowerState was interrupted: java.lang.InterruptedException: sleep interrupted
2019-10-18 13:45:50,158 [grpc-default-executor-1] INFO  impl.RoleInfo (RoleInfo.java:updateAndGet(143)) - b7ce392e-07e5-43c4-a049-3141454252ec: start FollowerState
2019-10-18 13:45:50,158 [Thread-715] INFO  impl.FollowerState (FollowerState.java:run(117)) - 9d0a2f75-ce30-4dbd-af96-5adca13389b4@group-58B787E4CA93-FollowerState was interrupted: java.lang.InterruptedException: sleep interrupted
2019-10-18 13:45:50,173 [25bdb850-9456-40e4-9e32-2249eb72d793@group-58B787E4CA93-LeaderElection29] INFO  impl.LeaderElection (LeaderElection.java:logAndReturn(56)) - 25bdb850-9456-40e4-9e32-2249eb72d793@group-58B787E4CA93-LeaderElection29: Election REJECTED; received 2 response(s) [25bdb850-9456-40e4-9e32-2249eb72d793<-9d0a2f75-ce30-4dbd-af96-5adca13389b4#0:FAIL-t27, 25bdb850-9456-40e4-9e32-2249eb72d793<-b7ce392e-07e5-43c4-a049-3141454252ec#0:FAIL-t27] and 0 exception(s); 25bdb850-9456-40e4-9e32-2249eb72d793@group-58B787E4CA93:t27, leader=null, voted=25bdb850-9456-40e4-9e32-2249eb72d793, raftlog=25bdb850-9456-40e4-9e32-2249eb72d793@group-58B787E4CA93-SegmentedRaftLog:OPENED:c3,f4,i4, conf=0: [9d0a2f75-ce30-4dbd-af96-5adca13389b4:192.168.69.85:35551, b7ce392e-07e5-43c4-a049-3141454252ec:192.168.69.85:43203, 25bdb850-9456-40e4-9e32-2249eb72d793:192.168.69.85:34143], old=null
2019-10-18 13:45:50,173 [25bdb850-9456-40e4-9e32-2249eb72d793@group-58B787E4CA93-LeaderElection29] INFO  impl.RaftServerImpl (RaftServerImpl.java:setRole(184)) - 25bdb850-9456-40e4-9e32-2249eb72d793@group-58B787E4CA93: changes role from CANDIDATE to FOLLOWER at term 27 for DISCOVERED_A_NEW_TERM
2019-10-18 13:45:50,173 [25bdb850-9456-40e4-9e32-2249eb72d793@group-58B787E4CA93-LeaderElection29] INFO  impl.RoleInfo (RoleInfo.java:shutdownLeaderElection(134)) - 25bdb850-9456-40e4-9e32-2249eb72d793: shutdown LeaderElection
2019-10-18 13:45:50,173 [25bdb850-9456-40e4-9e32-2249eb72d793@group-58B787E4CA93-LeaderElection29] INFO  impl.RoleInfo (RoleInfo.java:updateAndGet(143)) - 25bdb850-9456-40e4-9e32-2249eb72d793: start FollowerState
2019-10-18 13:45:50,259 [Thread-724] INFO  impl.FollowerState (FollowerState.java:run(108)) - 25bdb850-9456-40e4-9e32-2249eb72d793@group-58B787E4CA93-FollowerState: change to CANDIDATE, lastRpcTime:85ms, electionTimeout:85ms
2019-10-18 13:45:50,260 [Thread-724] INFO  impl.RoleInfo (RoleInfo.java:shutdownFollowerState(121)) - 25bdb850-9456-40e4-9e32-2249eb72d793: shutdown FollowerState
2019-10-18 13:45:50,260 [Thread-724] INFO  impl.RaftServerImpl (RaftServerImpl.java:setRole(184)) - 25bdb850-9456-40e4-9e32-2249eb72d793@group-58B787E4CA93: changes role from  FOLLOWER to CANDIDATE at term 27 for changeToCandidate
2019-10-18 13:45:50,260 [Thread-724] INFO  impl.RoleInfo (RoleInfo.java:updateAndGet(143)) - 25bdb850-9456-40e4-9e32-2249eb72d793: start LeaderElection
2019-10-18 13:45:50,275 [25bdb850-9456-40e4-9e32-2249eb72d793@group-58B787E4CA93-LeaderElection30] INFO  impl.LeaderElection (LeaderElection.java:askForVotes(178)) - 25bdb850-9456-40e4-9e32-2249eb72d793@group-58B787E4CA93-LeaderElection30: begin an election at term 28 for 0: [9d0a2f75-ce30-4dbd-af96-5adca13389b4:192.168.69.85:35551, b7ce392e-07e5-43c4-a049-3141454252ec:192.168.69.85:43203, 25bdb850-9456-40e4-9e32-2249eb72d793:192.168.69.85:34143], old=null
2019-10-18 13:45:50,279 [grpc-default-executor-1] INFO  impl.RaftServerImpl (RaftServerImpl.java:setRole(184)) - b7ce392e-07e5-43c4-a049-3141454252ec@group-58B787E4CA93: changes role from  FOLLOWER to FOLLOWER at term 28 for recognizeCandidate:25bdb850-9456-40e4-9e32-2249eb72d793
2019-10-18 13:45:50,279 [grpc-default-executor-0] INFO  impl.RaftServerImpl (RaftServerImpl.java:setRole(184)) - 9d0a2f75-ce30-4dbd-af96-5adca13389b4@group-58B787E4CA93: changes role from  FOLLOWER to FOLLOWER at term 28 for recognizeCandidate:25bdb850-9456-40e4-9e32-2249eb72d793
2019-10-18 13:45:50,279 [grpc-default-executor-1] INFO  impl.RoleInfo (RoleInfo.java:shutdownFollowerState(121)) - b7ce392e-07e5-43c4-a049-3141454252ec: shutdown FollowerState
2019-10-18 13:45:50,279 [grpc-default-executor-0] INFO  impl.RoleInfo (RoleInfo.java:shutdownFollowerState(121)) - 9d0a2f75-ce30-4dbd-af96-5adca13389b4: shutdown FollowerState
2019-10-18 13:45:50,279 [Thread-723] INFO  impl.FollowerState (FollowerState.java:run(117)) - b7ce392e-07e5-43c4-a049-3141454252ec@group-58B787E4CA93-FollowerState was interrupted: java.lang.InterruptedException: sleep interrupted
2019-10-18 13:45:50,279 [grpc-default-executor-1] INFO  impl.RoleInfo (RoleInfo.java:updateAndGet(143)) - b7ce392e-07e5-43c4-a049-3141454252ec: start FollowerState
2019-10-18 13:45:50,280 [grpc-default-executor-0] INFO  impl.RoleInfo (RoleInfo.java:updateAndGet(143)) - 9d0a2f75-ce30-4dbd-af96-5adca13389b4: start FollowerState
2019-10-18 13:45:50,280 [Thread-722] INFO  impl.FollowerState (FollowerState.java:run(117)) - 9d0a2f75-ce30-4dbd-af96-5adca13389b4@group-58B787E4CA93-FollowerState was interrupted: java.lang.InterruptedException: sleep interrupted
2019-10-18 13:45:50,295 [25bdb850-9456-40e4-9e32-2249eb72d793@group-58B787E4CA93-LeaderElection30] INFO  impl.LeaderElection (LeaderElection.java:logAndReturn(56)) - 25bdb850-9456-40e4-9e32-2249eb72d793@group-58B787E4CA93-LeaderElection30: Election REJECTED; received 2 response(s) [25bdb850-9456-40e4-9e32-2249eb72d793<-9d0a2f75-ce30-4dbd-af96-5adca13389b4#0:FAIL-t28, 25bdb850-9456-40e4-9e32-2249eb72d793<-b7ce392e-07e5-43c4-a049-3141454252ec#0:FAIL-t28] and 0 exception(s); 25bdb850-9456-40e4-9e32-2249eb72d793@group-58B787E4CA93:t28, leader=null, voted=25bdb850-9456-40e4-9e32-2249eb72d793, raftlog=25bdb850-9456-40e4-9e32-2249eb72d793@group-58B787E4CA93-SegmentedRaftLog:OPENED:c3,f4,i4, conf=0: [9d0a2f75-ce30-4dbd-af96-5adca13389b4:192.168.69.85:35551, b7ce392e-07e5-43c4-a049-3141454252ec:192.168.69.85:43203, 25bdb850-9456-40e4-9e32-2249eb72d793:192.168.69.85:34143], old=null
2019-10-18 13:45:50,296 [25bdb850-9456-40e4-9e32-2249eb72d793@group-58B787E4CA93-LeaderElection30] INFO  impl.RaftServerImpl (RaftServerImpl.java:setRole(184)) - 25bdb850-9456-40e4-9e32-2249eb72d793@group-58B787E4CA93: changes role from CANDIDATE to FOLLOWER at term 28 for DISCOVERED_A_NEW_TERM
2019-10-18 13:45:50,296 [25bdb850-9456-40e4-9e32-2249eb72d793@group-58B787E4CA93-LeaderElection30] INFO  impl.RoleInfo (RoleInfo.java:shutdownLeaderElection(134)) - 25bdb850-9456-40e4-9e32-2249eb72d793: shutdown LeaderElection
2019-10-18 13:45:50,296 [25bdb850-9456-40e4-9e32-2249eb72d793@group-58B787E4CA93-LeaderElection30] INFO  impl.RoleInfo (RoleInfo.java:updateAndGet(143)) - 25bdb850-9456-40e4-9e32-2249eb72d793: start FollowerState
2019-10-18 13:45:50,304 [java.util.concurrent.ThreadPoolExecutor$Worker@5eab71ed[State = -1, empty queue]] WARN  server.GrpcLogAppender (GrpcLogAppender.java:timeoutAppendRequest(209)) - b7ce392e-07e5-43c4-a049-3141454252ec@group-58B787E4CA93->25bdb850-9456-40e4-9e32-2249eb72d793-GrpcLogAppender: appendEntries Timeout, request=b7ce392e-07e5-43c4-a049-3141454252ec->25bdb850-9456-40e4-9e32-2249eb72d793#52-t3, previous=(t:3, i:10), leaderCommit=10, initializing? false, entries: <empty>
2019-10-18 13:45:50,317 [BlockDeletingService#2] WARN  background.BlockDeletingService (BlockDeletingService.java:isDeletionAllowed(187)) - Close Container log Index 6 is not replicated across allthe servers in the pipeline 959e288b-eace-4bc0-b5b0-58b787e4ca93 as the min replicated index is 4. Deletion is not allowed in this container yet.
2019-10-18 13:45:50,317 [BlockDeletingService#2] WARN  background.BlockDeletingService (BlockDeletingService.java:isDeletionAllowed(187)) - Close Container log Index 6 is not replicated across allthe servers in the pipeline 959e288b-eace-4bc0-b5b0-58b787e4ca93 as the min replicated index is 4. Deletion is not allowed in this container yet.
2019-10-18 13:45:50,350 [Thread-730] INFO  impl.FollowerState (FollowerState.java:run(108)) - 25bdb850-9456-40e4-9e32-2249eb72d793@group-58B787E4CA93-FollowerState: change to CANDIDATE, lastRpcTime:54ms, electionTimeout:54ms
2019-10-18 13:45:50,350 [Thread-730] INFO  impl.RoleInfo (RoleInfo.java:shutdownFollowerState(121)) - 25bdb850-9456-40e4-9e32-2249eb72d793: shutdown FollowerState
2019-10-18 13:45:50,351 [Thread-730] INFO  impl.RaftServerImpl (RaftServerImpl.java:setRole(184)) - 25bdb850-9456-40e4-9e32-2249eb72d793@group-58B787E4CA93: changes role from  FOLLOWER to CANDIDATE at term 28 for changeToCandidate
2019-10-18 13:45:50,351 [Thread-730] INFO  impl.RoleInfo (RoleInfo.java:updateAndGet(143)) - 25bdb850-9456-40e4-9e32-2249eb72d793: start LeaderElection
2019-10-18 13:45:50,365 [25bdb850-9456-40e4-9e32-2249eb72d793@group-58B787E4CA93-LeaderElection31] INFO  impl.LeaderElection (LeaderElection.java:askForVotes(178)) - 25bdb850-9456-40e4-9e32-2249eb72d793@group-58B787E4CA93-LeaderElection31: begin an election at term 29 for 0: [9d0a2f75-ce30-4dbd-af96-5adca13389b4:192.168.69.85:35551, b7ce392e-07e5-43c4-a049-3141454252ec:192.168.69.85:43203, 25bdb850-9456-40e4-9e32-2249eb72d793:192.168.69.85:34143], old=null
2019-10-18 13:45:50,372 [grpc-default-executor-0] INFO  impl.RaftServerImpl (RaftServerImpl.java:setRole(184)) - 9d0a2f75-ce30-4dbd-af96-5adca13389b4@group-58B787E4CA93: changes role from  FOLLOWER to FOLLOWER at term 29 for recognizeCandidate:25bdb850-9456-40e4-9e32-2249eb72d793
2019-10-18 13:45:50,373 [grpc-default-executor-0] INFO  impl.RoleInfo (RoleInfo.java:shutdownFollowerState(121)) - 9d0a2f75-ce30-4dbd-af96-5adca13389b4: shutdown FollowerState
2019-10-18 13:45:50,373 [grpc-default-executor-6] INFO  impl.RaftServerImpl (RaftServerImpl.java:setRole(184)) - b7ce392e-07e5-43c4-a049-3141454252ec@group-58B787E4CA93: changes role from  FOLLOWER to FOLLOWER at term 29 for recognizeCandidate:25bdb850-9456-40e4-9e32-2249eb72d793
2019-10-18 13:45:50,373 [Thread-729] INFO  impl.FollowerState (FollowerState.java:run(117)) - 9d0a2f75-ce30-4dbd-af96-5adca13389b4@group-58B787E4CA93-FollowerState was interrupted: java.lang.InterruptedException: sleep interrupted
2019-10-18 13:45:50,373 [grpc-default-executor-6] INFO  impl.RoleInfo (RoleInfo.java:shutdownFollowerState(121)) - b7ce392e-07e5-43c4-a049-3141454252ec: shutdown FollowerState
2019-10-18 13:45:50,373 [Thread-737] INFO  client.GrpcClientProtocolService (GrpcClientProtocolService.java:lambda$processClientRequest$0(278)) - Failed RaftClientRequest:client-B7AACEF92521->25bdb850-9456-40e4-9e32-2249eb72d793@group-58B787E4CA93, cid=10, seq=0, Watch-ALL_COMMITTED(6), Message:<EMPTY>, reply=RaftClientReply:client-B7AACEF92521->25bdb850-9456-40e4-9e32-2249eb72d793@group-58B787E4CA93, cid=10, FAILED org.apache.ratis.protocol.NotLeaderException: Server 25bdb850-9456-40e4-9e32-2249eb72d793@group-58B787E4CA93 is not the leader, logIndex=0, commits[25bdb850-9456-40e4-9e32-2249eb72d793:c3]
2019-10-18 13:45:50,373 [grpc-default-executor-0] INFO  impl.RoleInfo (RoleInfo.java:updateAndGet(143)) - 9d0a2f75-ce30-4dbd-af96-5adca13389b4: start FollowerState
2019-10-18 13:45:50,373 [Thread-728] INFO  impl.FollowerState (FollowerState.java:run(117)) - b7ce392e-07e5-43c4-a049-3141454252ec@group-58B787E4CA93-FollowerState was interrupted: java.lang.InterruptedException: sleep interrupted
2019-10-18 13:45:50,373 [grpc-default-executor-6] INFO  impl.RoleInfo (RoleInfo.java:updateAndGet(143)) - b7ce392e-07e5-43c4-a049-3141454252ec: start FollowerState
2019-10-18 13:45:50,389 [25bdb850-9456-40e4-9e32-2249eb72d793@group-58B787E4CA93-LeaderElection31] INFO  impl.LeaderElection (LeaderElection.java:logAndReturn(56)) - 25bdb850-9456-40e4-9e32-2249eb72d793@group-58B787E4CA93-LeaderElection31: Election REJECTED; received 2 response(s) [25bdb850-9456-40e4-9e32-2249eb72d793<-9d0a2f75-ce30-4dbd-af96-5adca13389b4#0:FAIL-t29, 25bdb850-9456-40e4-9e32-2249eb72d793<-b7ce392e-07e5-43c4-a049-3141454252ec#0:FAIL-t29] and 0 exception(s); 25bdb850-9456-40e4-9e32-2249eb72d793@group-58B787E4CA93:t29, leader=null, voted=25bdb850-9456-40e4-9e32-2249eb72d793, raftlog=25bdb850-9456-40e4-9e32-2249eb72d793@group-58B787E4CA93-SegmentedRaftLog:OPENED:c3,f4,i4, conf=0: [9d0a2f75-ce30-4dbd-af96-5adca13389b4:192.168.69.85:35551, b7ce392e-07e5-43c4-a049-3141454252ec:192.168.69.85:43203, 25bdb850-9456-40e4-9e32-2249eb72d793:192.168.69.85:34143], old=null
2019-10-18 13:45:50,389 [25bdb850-9456-40e4-9e32-2249eb72d793@group-58B787E4CA93-LeaderElection31] INFO  impl.RaftServerImpl (RaftServerImpl.java:setRole(184)) - 25bdb850-9456-40e4-9e32-2249eb72d793@group-58B787E4CA93: changes role from CANDIDATE to FOLLOWER at term 29 for DISCOVERED_A_NEW_TERM
2019-10-18 13:45:50,389 [25bdb850-9456-40e4-9e32-2249eb72d793@group-58B787E4CA93-LeaderElection31] INFO  impl.RoleInfo (RoleInfo.java:shutdownLeaderElection(134)) - 25bdb850-9456-40e4-9e32-2249eb72d793: shutdown LeaderElection
2019-10-18 13:45:50,390 [25bdb850-9456-40e4-9e32-2249eb72d793@group-58B787E4CA93-LeaderElection31] INFO  impl.RoleInfo (RoleInfo.java:updateAndGet(143)) - 25bdb850-9456-40e4-9e32-2249eb72d793: start FollowerState
2019-10-18 13:45:50,428 [Thread-741] INFO  impl.FollowerState (FollowerState.java:run(108)) - 25bdb850-9456-40e4-9e32-2249eb72d793@group-58B787E4CA93-FollowerState: change to CANDIDATE, lastRpcTime:38ms, electionTimeout:38ms
2019-10-18 13:45:50,429 [Thread-741] INFO  impl.RoleInfo (RoleInfo.java:shutdownFollowerState(121)) - 25bdb850-9456-40e4-9e32-2249eb72d793: shutdown FollowerState
2019-10-18 13:45:50,429 [Thread-741] INFO  impl.RaftServerImpl (RaftServerImpl.java:setRole(184)) - 25bdb850-9456-40e4-9e32-2249eb72d793@group-58B787E4CA93: changes role from  FOLLOWER to CANDIDATE at term 29 for changeToCandidate
2019-10-18 13:45:50,429 [Thread-741] INFO  impl.RoleInfo (RoleInfo.java:updateAndGet(143)) - 25bdb850-9456-40e4-9e32-2249eb72d793: start LeaderElection
2019-10-18 13:45:50,444 [25bdb850-9456-40e4-9e32-2249eb72d793@group-58B787E4CA93-LeaderElection32] INFO  impl.LeaderElection (LeaderElection.java:askForVotes(178)) - 25bdb850-9456-40e4-9e32-2249eb72d793@group-58B787E4CA93-LeaderElection32: begin an election at term 30 for 0: [9d0a2f75-ce30-4dbd-af96-5adca13389b4:192.168.69.85:35551, b7ce392e-07e5-43c4-a049-3141454252ec:192.168.69.85:43203, 25bdb850-9456-40e4-9e32-2249eb72d793:192.168.69.85:34143], old=null
2019-10-18 13:45:50,450 [25bdb850-9456-40e4-9e32-2249eb72d793@group-58B787E4CA93-LeaderElection32] INFO  impl.LeaderElection (LeaderElection.java:logAndReturn(56)) - 25bdb850-9456-40e4-9e32-2249eb72d793@group-58B787E4CA93-LeaderElection32: Election TIMEOUT; received 0 response(s) [] and 0 exception(s); 25bdb850-9456-40e4-9e32-2249eb72d793@group-58B787E4CA93:t30, leader=null, voted=25bdb850-9456-40e4-9e32-2249eb72d793, raftlog=25bdb850-9456-40e4-9e32-2249eb72d793@group-58B787E4CA93-SegmentedRaftLog:OPENED:c3,f4,i4, conf=0: [9d0a2f75-ce30-4dbd-af96-5adca13389b4:192.168.69.85:35551, b7ce392e-07e5-43c4-a049-3141454252ec:192.168.69.85:43203, 25bdb850-9456-40e4-9e32-2249eb72d793:192.168.69.85:34143], old=null
2019-10-18 13:45:50,451 [grpc-default-executor-6] INFO  impl.RaftServerImpl (RaftServerImpl.java:setRole(184)) - 9d0a2f75-ce30-4dbd-af96-5adca13389b4@group-58B787E4CA93: changes role from  FOLLOWER to FOLLOWER at term 30 for recognizeCandidate:25bdb850-9456-40e4-9e32-2249eb72d793
2019-10-18 13:45:50,451 [grpc-default-executor-0] INFO  impl.RaftServerImpl (RaftServerImpl.java:setRole(184)) - b7ce392e-07e5-43c4-a049-3141454252ec@group-58B787E4CA93: changes role from  FOLLOWER to FOLLOWER at term 30 for recognizeCandidate:25bdb850-9456-40e4-9e32-2249eb72d793
2019-10-18 13:45:50,451 [grpc-default-executor-6] INFO  impl.RoleInfo (RoleInfo.java:shutdownFollowerState(121)) - 9d0a2f75-ce30-4dbd-af96-5adca13389b4: shutdown FollowerState
2019-10-18 13:45:50,452 [grpc-default-executor-0] INFO  impl.RoleInfo (RoleInfo.java:shutdownFollowerState(121)) - b7ce392e-07e5-43c4-a049-3141454252ec: shutdown FollowerState
2019-10-18 13:45:50,452 [grpc-default-executor-6] INFO  impl.RoleInfo (RoleInfo.java:updateAndGet(143)) - 9d0a2f75-ce30-4dbd-af96-5adca13389b4: start FollowerState
2019-10-18 13:45:50,452 [Thread-739] INFO  impl.FollowerState (FollowerState.java:run(117)) - b7ce392e-07e5-43c4-a049-3141454252ec@group-58B787E4CA93-FollowerState was interrupted: java.lang.InterruptedException: sleep interrupted
2019-10-18 13:45:50,452 [Thread-738] INFO  impl.FollowerState (FollowerState.java:run(117)) - 9d0a2f75-ce30-4dbd-af96-5adca13389b4@group-58B787E4CA93-FollowerState was interrupted: java.lang.InterruptedException: sleep interrupted
2019-10-18 13:45:50,452 [grpc-default-executor-0] INFO  impl.RoleInfo (RoleInfo.java:updateAndGet(143)) - b7ce392e-07e5-43c4-a049-3141454252ec: start FollowerState
2019-10-18 13:45:50,465 [25bdb850-9456-40e4-9e32-2249eb72d793@group-58B787E4CA93-LeaderElection32] INFO  impl.LeaderElection (LeaderElection.java:askForVotes(178)) - 25bdb850-9456-40e4-9e32-2249eb72d793@group-58B787E4CA93-LeaderElection32: begin an election at term 31 for 0: [9d0a2f75-ce30-4dbd-af96-5adca13389b4:192.168.69.85:35551, b7ce392e-07e5-43c4-a049-3141454252ec:192.168.69.85:43203, 25bdb850-9456-40e4-9e32-2249eb72d793:192.168.69.85:34143], old=null
2019-10-18 13:45:50,467 [grpc-default-executor-0] INFO  impl.RaftServerImpl (RaftServerImpl.java:setRole(184)) - 9d0a2f75-ce30-4dbd-af96-5adca13389b4@group-58B787E4CA93: changes role from  FOLLOWER to FOLLOWER at term 31 for recognizeCandidate:25bdb850-9456-40e4-9e32-2249eb72d793
2019-10-18 13:45:50,467 [grpc-default-executor-0] INFO  impl.RoleInfo (RoleInfo.java:shutdownFollowerState(121)) - 9d0a2f75-ce30-4dbd-af96-5adca13389b4: shutdown FollowerState
2019-10-18 13:45:50,467 [grpc-default-executor-0] INFO  impl.RoleInfo (RoleInfo.java:updateAndGet(143)) - 9d0a2f75-ce30-4dbd-af96-5adca13389b4: start FollowerState
2019-10-18 13:45:50,467 [Thread-745] INFO  impl.FollowerState (FollowerState.java:run(117)) - 9d0a2f75-ce30-4dbd-af96-5adca13389b4@group-58B787E4CA93-FollowerState was interrupted: java.lang.InterruptedException: sleep interrupted
2019-10-18 13:45:50,467 [grpc-default-executor-6] INFO  impl.RaftServerImpl (RaftServerImpl.java:setRole(184)) - b7ce392e-07e5-43c4-a049-3141454252ec@group-58B787E4CA93: changes role from  FOLLOWER to FOLLOWER at term 31 for recognizeCandidate:25bdb850-9456-40e4-9e32-2249eb72d793
2019-10-18 13:45:50,467 [grpc-default-executor-6] INFO  impl.RoleInfo (RoleInfo.java:shutdownFollowerState(121)) - b7ce392e-07e5-43c4-a049-3141454252ec: shutdown FollowerState
2019-10-18 13:45:50,468 [Thread-746] INFO  impl.FollowerState (FollowerState.java:run(117)) - b7ce392e-07e5-43c4-a049-3141454252ec@group-58B787E4CA93-FollowerState was interrupted: java.lang.InterruptedException: sleep interrupted
2019-10-18 13:45:50,468 [grpc-default-executor-6] INFO  impl.RoleInfo (RoleInfo.java:updateAndGet(143)) - b7ce392e-07e5-43c4-a049-3141454252ec: start FollowerState
2019-10-18 13:45:50,481 [25bdb850-9456-40e4-9e32-2249eb72d793@group-58B787E4CA93-LeaderElection32] INFO  impl.LeaderElection (LeaderElection.java:logAndReturn(56)) - 25bdb850-9456-40e4-9e32-2249eb72d793@group-58B787E4CA93-LeaderElection32: Election REJECTED; received 2 response(s) [25bdb850-9456-40e4-9e32-2249eb72d793<-9d0a2f75-ce30-4dbd-af96-5adca13389b4#0:FAIL-t31, 25bdb850-9456-40e4-9e32-2249eb72d793<-b7ce392e-07e5-43c4-a049-3141454252ec#0:FAIL-t31] and 0 exception(s); 25bdb850-9456-40e4-9e32-2249eb72d793@group-58B787E4CA93:t31, leader=null, voted=25bdb850-9456-40e4-9e32-2249eb72d793, raftlog=25bdb850-9456-40e4-9e32-2249eb72d793@group-58B787E4CA93-SegmentedRaftLog:OPENED:c3,f4,i4, conf=0: [9d0a2f75-ce30-4dbd-af96-5adca13389b4:192.168.69.85:35551, b7ce392e-07e5-43c4-a049-3141454252ec:192.168.69.85:43203, 25bdb850-9456-40e4-9e32-2249eb72d793:192.168.69.85:34143], old=null
2019-10-18 13:45:50,482 [25bdb850-9456-40e4-9e32-2249eb72d793@group-58B787E4CA93-LeaderElection32] INFO  impl.RaftServerImpl (RaftServerImpl.java:setRole(184)) - 25bdb850-9456-40e4-9e32-2249eb72d793@group-58B787E4CA93: changes role from CANDIDATE to FOLLOWER at term 31 for DISCOVERED_A_NEW_TERM
2019-10-18 13:45:50,482 [25bdb850-9456-40e4-9e32-2249eb72d793@group-58B787E4CA93-LeaderElection32] INFO  impl.RoleInfo (RoleInfo.java:shutdownLeaderElection(134)) - 25bdb850-9456-40e4-9e32-2249eb72d793: shutdown LeaderElection
2019-10-18 13:45:50,482 [25bdb850-9456-40e4-9e32-2249eb72d793@group-58B787E4CA93-LeaderElection32] INFO  impl.RoleInfo (RoleInfo.java:updateAndGet(143)) - 25bdb850-9456-40e4-9e32-2249eb72d793: start FollowerState
2019-10-18 13:45:50,602 [Thread-751] INFO  impl.FollowerState (FollowerState.java:run(108)) - 25bdb850-9456-40e4-9e32-2249eb72d793@group-58B787E4CA93-FollowerState: change to CANDIDATE, lastRpcTime:120ms, electionTimeout:120ms
2019-10-18 13:45:50,606 [Thread-751] INFO  impl.RoleInfo (RoleInfo.java:shutdownFollowerState(121)) - 25bdb850-9456-40e4-9e32-2249eb72d793: shutdown FollowerState
2019-10-18 13:45:50,606 [Thread-751] INFO  impl.RaftServerImpl (RaftServerImpl.java:setRole(184)) - 25bdb850-9456-40e4-9e32-2249eb72d793@group-58B787E4CA93: changes role from  FOLLOWER to CANDIDATE at term 31 for changeToCandidate
2019-10-18 13:45:50,606 [Thread-751] INFO  impl.RoleInfo (RoleInfo.java:updateAndGet(143)) - 25bdb850-9456-40e4-9e32-2249eb72d793: start LeaderElection
2019-10-18 13:45:50,619 [25bdb850-9456-40e4-9e32-2249eb72d793@group-58B787E4CA93-LeaderElection33] INFO  impl.LeaderElection (LeaderElection.java:askForVotes(178)) - 25bdb850-9456-40e4-9e32-2249eb72d793@group-58B787E4CA93-LeaderElection33: begin an election at term 32 for 0: [9d0a2f75-ce30-4dbd-af96-5adca13389b4:192.168.69.85:35551, b7ce392e-07e5-43c4-a049-3141454252ec:192.168.69.85:43203, 25bdb850-9456-40e4-9e32-2249eb72d793:192.168.69.85:34143], old=null
2019-10-18 13:45:50,622 [grpc-default-executor-6] INFO  impl.RaftServerImpl (RaftServerImpl.java:setRole(184)) - 9d0a2f75-ce30-4dbd-af96-5adca13389b4@group-58B787E4CA93: changes role from  FOLLOWER to FOLLOWER at term 32 for recognizeCandidate:25bdb850-9456-40e4-9e32-2249eb72d793
2019-10-18 13:45:50,622 [grpc-default-executor-0] INFO  impl.RaftServerImpl (RaftServerImpl.java:setRole(184)) - b7ce392e-07e5-43c4-a049-3141454252ec@group-58B787E4CA93: changes role from  FOLLOWER to FOLLOWER at term 32 for recognizeCandidate:25bdb850-9456-40e4-9e32-2249eb72d793
2019-10-18 13:45:50,622 [grpc-default-executor-6] INFO  impl.RoleInfo (RoleInfo.java:shutdownFollowerState(121)) - 9d0a2f75-ce30-4dbd-af96-5adca13389b4: shutdown FollowerState
2019-10-18 13:45:50,622 [grpc-default-executor-0] INFO  impl.RoleInfo (RoleInfo.java:shutdownFollowerState(121)) - b7ce392e-07e5-43c4-a049-3141454252ec: shutdown FollowerState
2019-10-18 13:45:50,622 [Thread-749] INFO  impl.FollowerState (FollowerState.java:run(117)) - 9d0a2f75-ce30-4dbd-af96-5adca13389b4@group-58B787E4CA93-FollowerState was interrupted: java.lang.InterruptedException: sleep interrupted
2019-10-18 13:45:50,622 [Thread-750] INFO  impl.FollowerState (FollowerState.java:run(117)) - b7ce392e-07e5-43c4-a049-3141454252ec@group-58B787E4CA93-FollowerState was interrupted: java.lang.InterruptedException: sleep interrupted
2019-10-18 13:45:50,622 [grpc-default-executor-0] INFO  impl.RoleInfo (RoleInfo.java:updateAndGet(143)) - b7ce392e-07e5-43c4-a049-3141454252ec: start FollowerState
2019-10-18 13:45:50,622 [grpc-default-executor-6] INFO  impl.RoleInfo (RoleInfo.java:updateAndGet(143)) - 9d0a2f75-ce30-4dbd-af96-5adca13389b4: start FollowerState
2019-10-18 13:45:50,637 [25bdb850-9456-40e4-9e32-2249eb72d793@group-58B787E4CA93-LeaderElection33] INFO  impl.LeaderElection (LeaderElection.java:logAndReturn(56)) - 25bdb850-9456-40e4-9e32-2249eb72d793@group-58B787E4CA93-LeaderElection33: Election REJECTED; received 2 response(s) [25bdb850-9456-40e4-9e32-2249eb72d793<-9d0a2f75-ce30-4dbd-af96-5adca13389b4#0:FAIL-t32, 25bdb850-9456-40e4-9e32-2249eb72d793<-b7ce392e-07e5-43c4-a049-3141454252ec#0:FAIL-t32] and 0 exception(s); 25bdb850-9456-40e4-9e32-2249eb72d793@group-58B787E4CA93:t32, leader=null, voted=25bdb850-9456-40e4-9e32-2249eb72d793, raftlog=25bdb850-9456-40e4-9e32-2249eb72d793@group-58B787E4CA93-SegmentedRaftLog:OPENED:c3,f4,i4, conf=0: [9d0a2f75-ce30-4dbd-af96-5adca13389b4:192.168.69.85:35551, b7ce392e-07e5-43c4-a049-3141454252ec:192.168.69.85:43203, 25bdb850-9456-40e4-9e32-2249eb72d793:192.168.69.85:34143], old=null
2019-10-18 13:45:50,638 [25bdb850-9456-40e4-9e32-2249eb72d793@group-58B787E4CA93-LeaderElection33] INFO  impl.RaftServerImpl (RaftServerImpl.java:setRole(184)) - 25bdb850-9456-40e4-9e32-2249eb72d793@group-58B787E4CA93: changes role from CANDIDATE to FOLLOWER at term 32 for DISCOVERED_A_NEW_TERM
2019-10-18 13:45:50,638 [25bdb850-9456-40e4-9e32-2249eb72d793@group-58B787E4CA93-LeaderElection33] INFO  impl.RoleInfo (RoleInfo.java:shutdownLeaderElection(134)) - 25bdb850-9456-40e4-9e32-2249eb72d793: shutdown LeaderElection
2019-10-18 13:45:50,638 [25bdb850-9456-40e4-9e32-2249eb72d793@group-58B787E4CA93-LeaderElection33] INFO  impl.RoleInfo (RoleInfo.java:updateAndGet(143)) - 25bdb850-9456-40e4-9e32-2249eb72d793: start FollowerState
2019-10-18 13:45:50,639 [Thread-757] INFO  impl.FollowerState (FollowerState.java:run(108)) - 25bdb850-9456-40e4-9e32-2249eb72d793@group-58B787E4CA93-FollowerState: change to CANDIDATE, lastRpcTime:1ms, electionTimeout:1ms
2019-10-18 13:45:50,639 [Thread-757] INFO  impl.RoleInfo (RoleInfo.java:shutdownFollowerState(121)) - 25bdb850-9456-40e4-9e32-2249eb72d793: shutdown FollowerState
2019-10-18 13:45:50,639 [Thread-757] INFO  impl.RaftServerImpl (RaftServerImpl.java:setRole(184)) - 25bdb850-9456-40e4-9e32-2249eb72d793@group-58B787E4CA93: changes role from  FOLLOWER to CANDIDATE at term 32 for changeToCandidate
2019-10-18 13:45:50,640 [Thread-757] INFO  impl.RoleInfo (RoleInfo.java:updateAndGet(143)) - 25bdb850-9456-40e4-9e32-2249eb72d793: start LeaderElection
2019-10-18 13:45:50,653 [25bdb850-9456-40e4-9e32-2249eb72d793@group-58B787E4CA93-LeaderElection34] INFO  impl.LeaderElection (LeaderElection.java:askForVotes(178)) - 25bdb850-9456-40e4-9e32-2249eb72d793@group-58B787E4CA93-LeaderElection34: begin an election at term 33 for 0: [9d0a2f75-ce30-4dbd-af96-5adca13389b4:192.168.69.85:35551, b7ce392e-07e5-43c4-a049-3141454252ec:192.168.69.85:43203, 25bdb850-9456-40e4-9e32-2249eb72d793:192.168.69.85:34143], old=null
2019-10-18 13:45:50,655 [grpc-default-executor-0] INFO  impl.RaftServerImpl (RaftServerImpl.java:setRole(184)) - 9d0a2f75-ce30-4dbd-af96-5adca13389b4@group-58B787E4CA93: changes role from  FOLLOWER to FOLLOWER at term 33 for recognizeCandidate:25bdb850-9456-40e4-9e32-2249eb72d793
2019-10-18 13:45:50,655 [grpc-default-executor-0] INFO  impl.RoleInfo (RoleInfo.java:shutdownFollowerState(121)) - 9d0a2f75-ce30-4dbd-af96-5adca13389b4: shutdown FollowerState
2019-10-18 13:45:50,655 [grpc-default-executor-6] INFO  impl.RaftServerImpl (RaftServerImpl.java:setRole(184)) - b7ce392e-07e5-43c4-a049-3141454252ec@group-58B787E4CA93: changes role from  FOLLOWER to FOLLOWER at term 33 for recognizeCandidate:25bdb850-9456-40e4-9e32-2249eb72d793
2019-10-18 13:45:50,655 [grpc-default-executor-6] INFO  impl.RoleInfo (RoleInfo.java:shutdownFollowerState(121)) - b7ce392e-07e5-43c4-a049-3141454252ec: shutdown FollowerState
2019-10-18 13:45:50,655 [Thread-755] INFO  impl.FollowerState (FollowerState.java:run(117)) - 9d0a2f75-ce30-4dbd-af96-5adca13389b4@group-58B787E4CA93-FollowerState was interrupted: java.lang.InterruptedException: sleep interrupted
2019-10-18 13:45:50,655 [grpc-default-executor-0] INFO  impl.RoleInfo (RoleInfo.java:updateAndGet(143)) - 9d0a2f75-ce30-4dbd-af96-5adca13389b4: start FollowerState
2019-10-18 13:45:50,655 [grpc-default-executor-6] INFO  impl.RoleInfo (RoleInfo.java:updateAndGet(143)) - b7ce392e-07e5-43c4-a049-3141454252ec: start FollowerState
2019-10-18 13:45:50,655 [Thread-756] INFO  impl.FollowerState (FollowerState.java:run(117)) - b7ce392e-07e5-43c4-a049-3141454252ec@group-58B787E4CA93-FollowerState was interrupted: java.lang.InterruptedException: sleep interrupted
2019-10-18 13:45:50,682 [25bdb850-9456-40e4-9e32-2249eb72d793@group-58B787E4CA93-LeaderElection34] INFO  impl.LeaderElection (LeaderElection.java:logAndReturn(56)) - 25bdb850-9456-40e4-9e32-2249eb72d793@group-58B787E4CA93-LeaderElection34: Election REJECTED; received 2 response(s) [25bdb850-9456-40e4-9e32-2249eb72d793<-9d0a2f75-ce30-4dbd-af96-5adca13389b4#0:FAIL-t33, 25bdb850-9456-40e4-9e32-2249eb72d793<-b7ce392e-07e5-43c4-a049-3141454252ec#0:FAIL-t33] and 0 exception(s); 25bdb850-9456-40e4-9e32-2249eb72d793@group-58B787E4CA93:t33, leader=null, voted=25bdb850-9456-40e4-9e32-2249eb72d793, raftlog=25bdb850-9456-40e4-9e32-2249eb72d793@group-58B787E4CA93-SegmentedRaftLog:OPENED:c3,f4,i4, conf=0: [9d0a2f75-ce30-4dbd-af96-5adca13389b4:192.168.69.85:35551, b7ce392e-07e5-43c4-a049-3141454252ec:192.168.69.85:43203, 25bdb850-9456-40e4-9e32-2249eb72d793:192.168.69.85:34143], old=null
2019-10-18 13:45:50,682 [25bdb850-9456-40e4-9e32-2249eb72d793@group-58B787E4CA93-LeaderElection34] INFO  impl.RaftServerImpl (RaftServerImpl.java:setRole(184)) - 25bdb850-9456-40e4-9e32-2249eb72d793@group-58B787E4CA93: changes role from CANDIDATE to FOLLOWER at term 33 for DISCOVERED_A_NEW_TERM
2019-10-18 13:45:50,682 [25bdb850-9456-40e4-9e32-2249eb72d793@group-58B787E4CA93-LeaderElection34] INFO  impl.RoleInfo (RoleInfo.java:shutdownLeaderElection(134)) - 25bdb850-9456-40e4-9e32-2249eb72d793: shutdown LeaderElection
2019-10-18 13:45:50,683 [25bdb850-9456-40e4-9e32-2249eb72d793@group-58B787E4CA93-LeaderElection34] INFO  impl.RoleInfo (RoleInfo.java:updateAndGet(143)) - 25bdb850-9456-40e4-9e32-2249eb72d793: start FollowerState
2019-10-18 13:45:50,798 [pool-7-thread-5] INFO  commands.RetriableDatanodeEventWatcher (RetriableDatanodeEventWatcher.java:onTimeout(47)) - RetriableDatanodeCommand type=deleteBlocksCommand with id=1571406343792 timed out. Retrying.
2019-10-18 13:45:50,798 [pool-7-thread-3] INFO  commands.RetriableDatanodeEventWatcher (RetriableDatanodeEventWatcher.java:onTimeout(47)) - RetriableDatanodeCommand type=deleteBlocksCommand with id=1571406343789 timed out. Retrying.
2019-10-18 13:45:50,799 [pool-7-thread-2] INFO  commands.RetriableDatanodeEventWatcher (RetriableDatanodeEventWatcher.java:onTimeout(47)) - RetriableDatanodeCommand type=deleteBlocksCommand with id=1571406343797 timed out. Retrying.
2019-10-18 13:45:50,799 [pool-7-thread-1] INFO  commands.RetriableDatanodeEventWatcher (RetriableDatanodeEventWatcher.java:onTimeout(47)) - RetriableDatanodeCommand type=deleteBlocksCommand with id=1571406343796 timed out. Retrying.
2019-10-18 13:45:50,799 [SCMBlockDeletingService#1] INFO  block.SCMBlockDeletingService (SCMBlockDeletingService.java:call(184)) - Totally added 1 delete blocks command for 1 datanodes, task elapsed time: 0ms
2019-10-18 13:45:50,799 [pool-7-thread-4] INFO  commands.RetriableDatanodeEventWatcher (RetriableDatanodeEventWatcher.java:onTimeout(47)) - RetriableDatanodeCommand type=deleteBlocksCommand with id=1571406343795 timed out. Retrying.
2019-10-18 13:45:50,799 [pool-7-thread-5] INFO  commands.RetriableDatanodeEventWatcher (RetriableDatanodeEventWatcher.java:onTimeout(47)) - RetriableDatanodeCommand type=deleteBlocksCommand with id=1571406343794 timed out. Retrying.
2019-10-18 13:45:50,799 [pool-7-thread-6] INFO  commands.RetriableDatanodeEventWatcher (RetriableDatanodeEventWatcher.java:onTimeout(47)) - RetriableDatanodeCommand type=deleteBlocksCommand with id=1571406343798 timed out. Retrying.
2019-10-18 13:45:50,803 [Thread-763] INFO  impl.FollowerState (FollowerState.java:run(108)) - 25bdb850-9456-40e4-9e32-2249eb72d793@group-58B787E4CA93-FollowerState: change to CANDIDATE, lastRpcTime:120ms, electionTimeout:120ms
2019-10-18 13:45:50,803 [Thread-763] INFO  impl.RoleInfo (RoleInfo.java:shutdownFollowerState(121)) - 25bdb850-9456-40e4-9e32-2249eb72d793: shutdown FollowerState
2019-10-18 13:45:50,803 [Thread-763] INFO  impl.RaftServerImpl (RaftServerImpl.java:setRole(184)) - 25bdb850-9456-40e4-9e32-2249eb72d793@group-58B787E4CA93: changes role from  FOLLOWER to CANDIDATE at term 33 for changeToCandidate
2019-10-18 13:45:50,804 [Thread-763] INFO  impl.RoleInfo (RoleInfo.java:updateAndGet(143)) - 25bdb850-9456-40e4-9e32-2249eb72d793: start LeaderElection
2019-10-18 13:45:50,817 [25bdb850-9456-40e4-9e32-2249eb72d793@group-58B787E4CA93-LeaderElection35] INFO  impl.LeaderElection (LeaderElection.java:askForVotes(178)) - 25bdb850-9456-40e4-9e32-2249eb72d793@group-58B787E4CA93-LeaderElection35: begin an election at term 34 for 0: [9d0a2f75-ce30-4dbd-af96-5adca13389b4:192.168.69.85:35551, b7ce392e-07e5-43c4-a049-3141454252ec:192.168.69.85:43203, 25bdb850-9456-40e4-9e32-2249eb72d793:192.168.69.85:34143], old=null
2019-10-18 13:45:50,819 [grpc-default-executor-6] INFO  impl.RaftServerImpl (RaftServerImpl.java:setRole(184)) - b7ce392e-07e5-43c4-a049-3141454252ec@group-58B787E4CA93: changes role from  FOLLOWER to FOLLOWER at term 34 for recognizeCandidate:25bdb850-9456-40e4-9e32-2249eb72d793
2019-10-18 13:45:50,819 [grpc-default-executor-0] INFO  impl.RaftServerImpl (RaftServerImpl.java:setRole(184)) - 9d0a2f75-ce30-4dbd-af96-5adca13389b4@group-58B787E4CA93: changes role from  FOLLOWER to FOLLOWER at term 34 for recognizeCandidate:25bdb850-9456-40e4-9e32-2249eb72d793
2019-10-18 13:45:50,820 [grpc-default-executor-6] INFO  impl.RoleInfo (RoleInfo.java:shutdownFollowerState(121)) - b7ce392e-07e5-43c4-a049-3141454252ec: shutdown FollowerState
2019-10-18 13:45:50,820 [grpc-default-executor-0] INFO  impl.RoleInfo (RoleInfo.java:shutdownFollowerState(121)) - 9d0a2f75-ce30-4dbd-af96-5adca13389b4: shutdown FollowerState
2019-10-18 13:45:50,820 [grpc-default-executor-6] INFO  impl.RoleInfo (RoleInfo.java:updateAndGet(143)) - b7ce392e-07e5-43c4-a049-3141454252ec: start FollowerState
2019-10-18 13:45:50,820 [Thread-762] INFO  impl.FollowerState (FollowerState.java:run(117)) - b7ce392e-07e5-43c4-a049-3141454252ec@group-58B787E4CA93-FollowerState was interrupted: java.lang.InterruptedException: sleep interrupted
2019-10-18 13:45:50,820 [Thread-761] INFO  impl.FollowerState (FollowerState.java:run(117)) - 9d0a2f75-ce30-4dbd-af96-5adca13389b4@group-58B787E4CA93-FollowerState was interrupted: java.lang.InterruptedException: sleep interrupted
2019-10-18 13:45:50,820 [grpc-default-executor-0] INFO  impl.RoleInfo (RoleInfo.java:updateAndGet(143)) - 9d0a2f75-ce30-4dbd-af96-5adca13389b4: start FollowerState
2019-10-18 13:45:50,836 [25bdb850-9456-40e4-9e32-2249eb72d793@group-58B787E4CA93-LeaderElection35] INFO  impl.LeaderElection (LeaderElection.java:logAndReturn(56)) - 25bdb850-9456-40e4-9e32-2249eb72d793@group-58B787E4CA93-LeaderElection35: Election REJECTED; received 2 response(s) [25bdb850-9456-40e4-9e32-2249eb72d793<-9d0a2f75-ce30-4dbd-af96-5adca13389b4#0:FAIL-t34, 25bdb850-9456-40e4-9e32-2249eb72d793<-b7ce392e-07e5-43c4-a049-3141454252ec#0:FAIL-t34] and 0 exception(s); 25bdb850-9456-40e4-9e32-2249eb72d793@group-58B787E4CA93:t34, leader=null, voted=25bdb850-9456-40e4-9e32-2249eb72d793, raftlog=25bdb850-9456-40e4-9e32-2249eb72d793@group-58B787E4CA93-SegmentedRaftLog:OPENED:c3,f4,i4, conf=0: [9d0a2f75-ce30-4dbd-af96-5adca13389b4:192.168.69.85:35551, b7ce392e-07e5-43c4-a049-3141454252ec:192.168.69.85:43203, 25bdb850-9456-40e4-9e32-2249eb72d793:192.168.69.85:34143], old=null
2019-10-18 13:45:50,836 [25bdb850-9456-40e4-9e32-2249eb72d793@group-58B787E4CA93-LeaderElection35] INFO  impl.RaftServerImpl (RaftServerImpl.java:setRole(184)) - 25bdb850-9456-40e4-9e32-2249eb72d793@group-58B787E4CA93: changes role from CANDIDATE to FOLLOWER at term 34 for DISCOVERED_A_NEW_TERM
2019-10-18 13:45:50,836 [25bdb850-9456-40e4-9e32-2249eb72d793@group-58B787E4CA93-LeaderElection35] INFO  impl.RoleInfo (RoleInfo.java:shutdownLeaderElection(134)) - 25bdb850-9456-40e4-9e32-2249eb72d793: shutdown LeaderElection
2019-10-18 13:45:50,836 [25bdb850-9456-40e4-9e32-2249eb72d793@group-58B787E4CA93-LeaderElection35] INFO  impl.RoleInfo (RoleInfo.java:updateAndGet(143)) - 25bdb850-9456-40e4-9e32-2249eb72d793: start FollowerState
2019-10-18 13:45:50,880 [Thread-769] INFO  impl.FollowerState (FollowerState.java:run(108)) - 25bdb850-9456-40e4-9e32-2249eb72d793@group-58B787E4CA93-FollowerState: change to CANDIDATE, lastRpcTime:43ms, electionTimeout:43ms
2019-10-18 13:45:50,880 [Thread-769] INFO  impl.RoleInfo (RoleInfo.java:shutdownFollowerState(121)) - 25bdb850-9456-40e4-9e32-2249eb72d793: shutdown FollowerState
2019-10-18 13:45:50,880 [Thread-769] INFO  impl.RaftServerImpl (RaftServerImpl.java:setRole(184)) - 25bdb850-9456-40e4-9e32-2249eb72d793@group-58B787E4CA93: changes role from  FOLLOWER to CANDIDATE at term 34 for changeToCandidate
2019-10-18 13:45:50,880 [Thread-769] INFO  impl.RoleInfo (RoleInfo.java:updateAndGet(143)) - 25bdb850-9456-40e4-9e32-2249eb72d793: start LeaderElection
2019-10-18 13:45:50,894 [25bdb850-9456-40e4-9e32-2249eb72d793@group-58B787E4CA93-LeaderElection36] INFO  impl.LeaderElection (LeaderElection.java:askForVotes(178)) - 25bdb850-9456-40e4-9e32-2249eb72d793@group-58B787E4CA93-LeaderElection36: begin an election at term 35 for 0: [9d0a2f75-ce30-4dbd-af96-5adca13389b4:192.168.69.85:35551, b7ce392e-07e5-43c4-a049-3141454252ec:192.168.69.85:43203, 25bdb850-9456-40e4-9e32-2249eb72d793:192.168.69.85:34143], old=null
2019-10-18 13:45:50,896 [grpc-default-executor-0] INFO  impl.RaftServerImpl (RaftServerImpl.java:setRole(184)) - b7ce392e-07e5-43c4-a049-3141454252ec@group-58B787E4CA93: changes role from  FOLLOWER to FOLLOWER at term 35 for recognizeCandidate:25bdb850-9456-40e4-9e32-2249eb72d793
2019-10-18 13:45:50,897 [grpc-default-executor-0] INFO  impl.RoleInfo (RoleInfo.java:shutdownFollowerState(121)) - b7ce392e-07e5-43c4-a049-3141454252ec: shutdown FollowerState
2019-10-18 13:45:50,897 [grpc-default-executor-6] INFO  impl.RaftServerImpl (RaftServerImpl.java:setRole(184)) - 9d0a2f75-ce30-4dbd-af96-5adca13389b4@group-58B787E4CA93: changes role from  FOLLOWER to FOLLOWER at term 35 for recognizeCandidate:25bdb850-9456-40e4-9e32-2249eb72d793
2019-10-18 13:45:50,897 [Thread-767] INFO  impl.FollowerState (FollowerState.java:run(117)) - b7ce392e-07e5-43c4-a049-3141454252ec@group-58B787E4CA93-FollowerState was interrupted: java.lang.InterruptedException: sleep interrupted
2019-10-18 13:45:50,897 [grpc-default-executor-0] INFO  impl.RoleInfo (RoleInfo.java:updateAndGet(143)) - b7ce392e-07e5-43c4-a049-3141454252ec: start FollowerState
2019-10-18 13:45:50,897 [grpc-default-executor-6] INFO  impl.RoleInfo (RoleInfo.java:shutdownFollowerState(121)) - 9d0a2f75-ce30-4dbd-af96-5adca13389b4: shutdown FollowerState
2019-10-18 13:45:50,897 [grpc-default-executor-6] INFO  impl.RoleInfo (RoleInfo.java:updateAndGet(143)) - 9d0a2f75-ce30-4dbd-af96-5adca13389b4: start FollowerState
2019-10-18 13:45:50,897 [Thread-768] INFO  impl.FollowerState (FollowerState.java:run(117)) - 9d0a2f75-ce30-4dbd-af96-5adca13389b4@group-58B787E4CA93-FollowerState was interrupted: java.lang.InterruptedException: sleep interrupted
2019-10-18 13:45:50,912 [25bdb850-9456-40e4-9e32-2249eb72d793@group-58B787E4CA93-LeaderElection36] INFO  impl.LeaderElection (LeaderElection.java:logAndReturn(56)) - 25bdb850-9456-40e4-9e32-2249eb72d793@group-58B787E4CA93-LeaderElection36: Election REJECTED; received 2 response(s) [25bdb850-9456-40e4-9e32-2249eb72d793<-9d0a2f75-ce30-4dbd-af96-5adca13389b4#0:FAIL-t35, 25bdb850-9456-40e4-9e32-2249eb72d793<-b7ce392e-07e5-43c4-a049-3141454252ec#0:FAIL-t35] and 0 exception(s); 25bdb850-9456-40e4-9e32-2249eb72d793@group-58B787E4CA93:t35, leader=null, voted=25bdb850-9456-40e4-9e32-2249eb72d793, raftlog=25bdb850-9456-40e4-9e32-2249eb72d793@group-58B787E4CA93-SegmentedRaftLog:OPENED:c3,f4,i4, conf=0: [9d0a2f75-ce30-4dbd-af96-5adca13389b4:192.168.69.85:35551, b7ce392e-07e5-43c4-a049-3141454252ec:192.168.69.85:43203, 25bdb850-9456-40e4-9e32-2249eb72d793:192.168.69.85:34143], old=null
2019-10-18 13:45:50,912 [25bdb850-9456-40e4-9e32-2249eb72d793@group-58B787E4CA93-LeaderElection36] INFO  impl.RaftServerImpl (RaftServerImpl.java:setRole(184)) - 25bdb850-9456-40e4-9e32-2249eb72d793@group-58B787E4CA93: changes role from CANDIDATE to FOLLOWER at term 35 for DISCOVERED_A_NEW_TERM
2019-10-18 13:45:50,912 [25bdb850-9456-40e4-9e32-2249eb72d793@group-58B787E4CA93-LeaderElection36] INFO  impl.RoleInfo (RoleInfo.java:shutdownLeaderElection(134)) - 25bdb850-9456-40e4-9e32-2249eb72d793: shutdown LeaderElection
2019-10-18 13:45:50,912 [25bdb850-9456-40e4-9e32-2249eb72d793@group-58B787E4CA93-LeaderElection36] INFO  impl.RoleInfo (RoleInfo.java:updateAndGet(143)) - 25bdb850-9456-40e4-9e32-2249eb72d793: start FollowerState
2019-10-18 13:45:50,975 [EventQueue-PendingDeleteStatusForPendingDeleteHandler] INFO  block.SCMBlockDeletingService (SCMBlockDeletingService.java:handlePendingDeletes(115)) - Block deletion txnID mismatch in datanode 25bdb850-9456-40e4-9e32-2249eb72d793 for containerID 1. Datanode delete txnID: 0, SCM txnID: 1
2019-10-18 13:45:51,013 [grpc-default-executor-6] INFO  impl.RaftServerProxy (RaftServerProxy.java:addNew(89)) - 25bdb850-9456-40e4-9e32-2249eb72d793: addNew group-3AB4D89885F8:[25bdb850-9456-40e4-9e32-2249eb72d793:192.168.69.85:34143] returns group-3AB4D89885F8:java.util.concurrent.CompletableFuture@79cdc10a[Not completed]
2019-10-18 13:45:51,014 [pool-59-thread-1] INFO  impl.RaftServerImpl (RaftServerImpl.java:<init>(104)) - 25bdb850-9456-40e4-9e32-2249eb72d793: new RaftServerImpl for group-3AB4D89885F8:[25bdb850-9456-40e4-9e32-2249eb72d793:192.168.69.85:34143] with ContainerStateMachine:uninitialized
2019-10-18 13:45:51,015 [pool-59-thread-1] INFO  server.RaftServerConfigKeys (ConfUtils.java:logGet(43)) - raft.server.rpc.timeout.min = 5s (custom)
2019-10-18 13:45:51,015 [pool-59-thread-1] INFO  server.RaftServerConfigKeys (ConfUtils.java:logGet(43)) - raft.server.rpc.timeout.max = 5200ms (custom)
2019-10-18 13:45:51,015 [pool-59-thread-1] INFO  server.RaftServerConfigKeys (ConfUtils.java:logGet(43)) - raft.server.rpcslowness.timeout = 1000s (custom)
2019-10-18 13:45:51,015 [pool-59-thread-1] INFO  server.RaftServerConfigKeys (ConfUtils.java:logGet(43)) - raft.server.sleep.deviation.threshold = 300 (default)
2019-10-18 13:45:51,015 [pool-59-thread-1] INFO  server.RaftServerConfigKeys (ConfUtils.java:logGet(43)) - raft.server.log.appender.install.snapshot.enabled = false (custom)
2019-10-18 13:45:51,015 [pool-59-thread-1] INFO  impl.RaftServerImpl (ServerState.java:<init>(103)) - 25bdb850-9456-40e4-9e32-2249eb72d793@group-3AB4D89885F8: ConfigurationManager, init=-1: [25bdb850-9456-40e4-9e32-2249eb72d793:192.168.69.85:34143], old=null, confs=<EMPTY_MAP>
2019-10-18 13:45:51,015 [pool-59-thread-1] INFO  server.RaftServerConfigKeys (ConfUtils.java:logGet(43)) - raft.server.storage.dir = [/workdir/hadoop-ozone/integration-test/target/test-dir/MiniOzoneClusterImpl-9d6dd75e-a22e-4447-b646-8faf5d797e6a/datanode-2/data/ratis] (custom)
2019-10-18 13:45:51,015 [pool-59-thread-1] INFO  server.RaftServerConfigKeys (ConfUtils.java:logGet(43)) - raft.server.log.corruption.policy = EXCEPTION (default)
2019-10-18 13:45:51,016 [pool-59-thread-1] INFO  storage.RaftStorageDirectory (RaftStorageDirectory.java:analyzeStorage(246)) - The storage directory /workdir/hadoop-ozone/integration-test/target/test-dir/MiniOzoneClusterImpl-9d6dd75e-a22e-4447-b646-8faf5d797e6a/datanode-2/data/ratis/6fc3adef-1466-4b25-be24-3ab4d89885f8 does not exist. Creating ...
2019-10-18 13:45:51,029 [pool-59-thread-1] INFO  storage.RaftStorageDirectory (RaftStorageDirectory.java:tryLock(328)) - Lock on /workdir/hadoop-ozone/integration-test/target/test-dir/MiniOzoneClusterImpl-9d6dd75e-a22e-4447-b646-8faf5d797e6a/datanode-2/data/ratis/6fc3adef-1466-4b25-be24-3ab4d89885f8/in_use.lock acquired by nodename 3503@pr-hdds-2292-qcvbb-3996421426
2019-10-18 13:45:51,043 [pool-59-thread-1] INFO  storage.RaftStorage (RaftStorage.java:format(84)) - Storage directory /workdir/hadoop-ozone/integration-test/target/test-dir/MiniOzoneClusterImpl-9d6dd75e-a22e-4447-b646-8faf5d797e6a/datanode-2/data/ratis/6fc3adef-1466-4b25-be24-3ab4d89885f8 has been successfully formatted.
2019-10-18 13:45:51,043 [pool-59-thread-1] INFO  ratis.ContainerStateMachine (ContainerStateMachine.java:loadSnapshot(231)) - group-3AB4D89885F8: The snapshot info is null. Setting the last applied indexto:(t:0, i:~)
2019-10-18 13:45:51,043 [pool-59-thread-1] INFO  server.RaftServerConfigKeys (ConfUtils.java:logGet(43)) - raft.server.notification.no-leader.timeout = 1000s (custom)
2019-10-18 13:45:51,044 [pool-59-thread-1] INFO  server.RaftServerConfigKeys (ConfUtils.java:logGet(43)) - raft.server.log.use.memory = false (default)
2019-10-18 13:45:51,044 [pool-59-thread-1] INFO  server.RaftServerConfigKeys (ConfUtils.java:logGet(43)) - raft.server.log.purge.gap = 1000000 (custom)
2019-10-18 13:45:51,044 [pool-59-thread-1] INFO  server.RaftServerConfigKeys (ConfUtils.java:logGet(43)) - raft.server.log.appender.buffer.byte-limit = 33554432 (custom)
2019-10-18 13:45:51,044 [pool-59-thread-1] INFO  server.RaftServerConfigKeys (ConfUtils.java:logGet(43)) - raft.server.log.segment.size.max = 1048576 (custom)
2019-10-18 13:45:51,044 [pool-59-thread-1] INFO  server.RaftServerConfigKeys (ConfUtils.java:logGet(43)) - raft.server.log.segment.cache.num.max = 2 (custom)
2019-10-18 13:45:51,044 [pool-59-thread-1] INFO  segmented.SegmentedRaftLogWorker (SegmentedRaftLogWorker.java:<init>(173)) - new 25bdb850-9456-40e4-9e32-2249eb72d793@group-3AB4D89885F8-SegmentedRaftLogWorker for RaftStorage:Storage Directory /workdir/hadoop-ozone/integration-test/target/test-dir/MiniOzoneClusterImpl-9d6dd75e-a22e-4447-b646-8faf5d797e6a/datanode-2/data/ratis/6fc3adef-1466-4b25-be24-3ab4d89885f8
2019-10-18 13:45:51,044 [pool-59-thread-1] INFO  server.RaftServerConfigKeys (ConfUtils.java:logGet(43)) - raft.server.log.queue.byte-limit = 2147483647 (custom)
2019-10-18 13:45:51,044 [pool-59-thread-1] INFO  server.RaftServerConfigKeys (ConfUtils.java:logGet(43)) - raft.server.log.queue.element-limit = 1024 (custom)
2019-10-18 13:45:51,044 [pool-59-thread-1] INFO  server.RaftServerConfigKeys (ConfUtils.java:logGet(43)) - raft.server.log.segment.size.max = 1048576 (custom)
2019-10-18 13:45:51,044 [pool-59-thread-1] INFO  server.RaftServerConfigKeys (ConfUtils.java:logGet(43)) - raft.server.log.preallocated.size = 16384 (custom)
2019-10-18 13:45:51,045 [pool-59-thread-1] INFO  server.RaftServerConfigKeys (ConfUtils.java:logGet(43)) - raft.server.log.write.buffer.size = 33554432 (custom)
2019-10-18 13:45:51,045 [pool-59-thread-1] INFO  server.RaftServerConfigKeys (ConfUtils.java:logGet(43)) - raft.server.log.force.sync.num = 128 (default)
2019-10-18 13:45:51,045 [pool-59-thread-1] INFO  server.RaftServerConfigKeys (ConfUtils.java:logGet(43)) - raft.server.log.statemachine.data.sync = true (default)
2019-10-18 13:45:51,045 [pool-59-thread-1] INFO  server.RaftServerConfigKeys (ConfUtils.java:logGet(43)) - raft.server.log.statemachine.data.sync.timeout = 10s (default)
2019-10-18 13:45:51,045 [pool-59-thread-1] INFO  server.RaftServerConfigKeys (ConfUtils.java:logGet(43)) - raft.server.log.statemachine.data.sync.timeout.retry = -1 (default)
2019-10-18 13:45:51,045 [pool-59-thread-1] INFO  server.RaftServerConfigKeys (ConfUtils.java:logGet(43)) - raft.server.log.statemachine.data.caching.enabled = true (custom)
2019-10-18 13:45:51,045 [pool-59-thread-1] INFO  segmented.SegmentedRaftLogWorker (SegmentedRaftLogWorker.java:lambda$new$0(128)) - 25bdb850-9456-40e4-9e32-2249eb72d793@group-3AB4D89885F8-SegmentedRaftLogWorker: flushIndex: setUnconditionally 0 -> -1
2019-10-18 13:45:51,046 [pool-59-thread-1] INFO  server.RaftServerConfigKeys (ConfUtils.java:logGet(43)) - raft.server.snapshot.auto.trigger.enabled = true (custom)
2019-10-18 13:45:51,046 [pool-59-thread-1] INFO  server.RaftServerConfigKeys (ConfUtils.java:logGet(43)) - raft.server.snapshot.auto.trigger.threshold = 10000 (custom)
2019-10-18 13:45:51,046 [pool-59-thread-1] INFO  server.RaftServerConfigKeys (ConfUtils.java:logGet(43)) - raft.server.snapshot.retention.file.num = 5 (custom)
2019-10-18 13:45:51,046 [pool-59-thread-1] INFO  server.RaftServerConfigKeys (ConfUtils.java:logGet(43)) - raft.server.retrycache.expirytime = 600000ms (custom)
2019-10-18 13:45:51,048 [pool-59-thread-1] INFO  impl.RaftServerImpl (RaftServerImpl.java:start(195)) - 25bdb850-9456-40e4-9e32-2249eb72d793@group-3AB4D89885F8: start as a follower, conf=-1: [25bdb850-9456-40e4-9e32-2249eb72d793:192.168.69.85:34143], old=null
2019-10-18 13:45:51,048 [pool-59-thread-1] INFO  impl.RaftServerImpl (RaftServerImpl.java:setRole(184)) - 25bdb850-9456-40e4-9e32-2249eb72d793@group-3AB4D89885F8: changes role from      null to FOLLOWER at term 0 for startAsFollower
2019-10-18 13:45:51,048 [pool-59-thread-1] INFO  impl.RoleInfo (RoleInfo.java:updateAndGet(143)) - 25bdb850-9456-40e4-9e32-2249eb72d793: start FollowerState
2019-10-18 13:45:51,049 [pool-59-thread-1] INFO  util.JmxRegister (JmxRegister.java:tryRegister(44)) - Successfully registered JMX Bean with object name Ratis:service=RaftServer,group=group-3AB4D89885F8,id=25bdb850-9456-40e4-9e32-2249eb72d793
2019-10-18 13:45:51,055 [RatisPipelineUtilsThread] INFO  pipeline.PipelineStateManager (PipelineStateManager.java:addPipeline(56)) - Created pipeline Pipeline[ Id: 6fc3adef-1466-4b25-be24-3ab4d89885f8, Nodes: 25bdb850-9456-40e4-9e32-2249eb72d793{ip: 192.168.69.85, host: pr-hdds-2292-qcvbb-3996421426, networkLocation: /default-rack, certSerialId: null}, Type:RATIS, Factor:ONE, State:OPEN]
2019-10-18 13:45:51,069 [grpc-default-executor-6] INFO  impl.RaftServerProxy (RaftServerProxy.java:addNew(89)) - b7ce392e-07e5-43c4-a049-3141454252ec: addNew group-BAB8B816A852:[9d0a2f75-ce30-4dbd-af96-5adca13389b4:192.168.69.85:35551, b7ce392e-07e5-43c4-a049-3141454252ec:192.168.69.85:43203, 25bdb850-9456-40e4-9e32-2249eb72d793:192.168.69.85:34143] returns group-BAB8B816A852:java.util.concurrent.CompletableFuture@1c23db37[Not completed]
2019-10-18 13:45:51,069 [Thread-775] INFO  impl.FollowerState (FollowerState.java:run(108)) - 25bdb850-9456-40e4-9e32-2249eb72d793@group-58B787E4CA93-FollowerState: change to CANDIDATE, lastRpcTime:156ms, electionTimeout:156ms
2019-10-18 13:45:51,069 [grpc-default-executor-0] INFO  impl.RaftServerProxy (RaftServerProxy.java:addNew(89)) - 25bdb850-9456-40e4-9e32-2249eb72d793: addNew group-BAB8B816A852:[9d0a2f75-ce30-4dbd-af96-5adca13389b4:192.168.69.85:35551, b7ce392e-07e5-43c4-a049-3141454252ec:192.168.69.85:43203, 25bdb850-9456-40e4-9e32-2249eb72d793:192.168.69.85:34143] returns group-BAB8B816A852:java.util.concurrent.CompletableFuture@f10ab4d[Not completed]
2019-10-18 13:45:51,069 [Thread-775] INFO  impl.RoleInfo (RoleInfo.java:shutdownFollowerState(121)) - 25bdb850-9456-40e4-9e32-2249eb72d793: shutdown FollowerState
2019-10-18 13:45:51,069 [grpc-default-executor-1] INFO  impl.RaftServerProxy (RaftServerProxy.java:addNew(89)) - 9d0a2f75-ce30-4dbd-af96-5adca13389b4: addNew group-BAB8B816A852:[9d0a2f75-ce30-4dbd-af96-5adca13389b4:192.168.69.85:35551, b7ce392e-07e5-43c4-a049-3141454252ec:192.168.69.85:43203, 25bdb850-9456-40e4-9e32-2249eb72d793:192.168.69.85:34143] returns group-BAB8B816A852:java.util.concurrent.CompletableFuture@66143b03[Not completed]
2019-10-18 13:45:51,069 [Thread-775] INFO  impl.RaftServerImpl (RaftServerImpl.java:setRole(184)) - 25bdb850-9456-40e4-9e32-2249eb72d793@group-58B787E4CA93: changes role from  FOLLOWER to CANDIDATE at term 35 for changeToCandidate
2019-10-18 13:45:51,070 [Thread-775] INFO  impl.RoleInfo (RoleInfo.java:updateAndGet(143)) - 25bdb850-9456-40e4-9e32-2249eb72d793: start LeaderElection
2019-10-18 13:45:51,070 [pool-27-thread-1] INFO  impl.RaftServerImpl (RaftServerImpl.java:<init>(104)) - 9d0a2f75-ce30-4dbd-af96-5adca13389b4: new RaftServerImpl for group-BAB8B816A852:[9d0a2f75-ce30-4dbd-af96-5adca13389b4:192.168.69.85:35551, b7ce392e-07e5-43c4-a049-3141454252ec:192.168.69.85:43203, 25bdb850-9456-40e4-9e32-2249eb72d793:192.168.69.85:34143] with ContainerStateMachine:uninitialized
2019-10-18 13:45:51,070 [pool-27-thread-1] INFO  server.RaftServerConfigKeys (ConfUtils.java:logGet(43)) - raft.server.rpc.timeout.min = 5s (custom)
2019-10-18 13:45:51,071 [pool-27-thread-1] INFO  server.RaftServerConfigKeys (ConfUtils.java:logGet(43)) - raft.server.rpc.timeout.max = 5200ms (custom)
2019-10-18 13:45:51,071 [pool-27-thread-1] INFO  server.RaftServerConfigKeys (ConfUtils.java:logGet(43)) - raft.server.rpcslowness.timeout = 1000s (custom)
2019-10-18 13:45:51,071 [pool-27-thread-1] INFO  server.RaftServerConfigKeys (ConfUtils.java:logGet(43)) - raft.server.sleep.deviation.threshold = 300 (default)
2019-10-18 13:45:51,071 [pool-27-thread-1] INFO  server.RaftServerConfigKeys (ConfUtils.java:logGet(43)) - raft.server.log.appender.install.snapshot.enabled = false (custom)
2019-10-18 13:45:51,071 [pool-27-thread-1] INFO  impl.RaftServerImpl (ServerState.java:<init>(103)) - 9d0a2f75-ce30-4dbd-af96-5adca13389b4@group-BAB8B816A852: ConfigurationManager, init=-1: [9d0a2f75-ce30-4dbd-af96-5adca13389b4:192.168.69.85:35551, b7ce392e-07e5-43c4-a049-3141454252ec:192.168.69.85:43203, 25bdb850-9456-40e4-9e32-2249eb72d793:192.168.69.85:34143], old=null, confs=<EMPTY_MAP>
2019-10-18 13:45:51,071 [pool-59-thread-1] INFO  impl.RaftServerImpl (RaftServerImpl.java:<init>(104)) - 25bdb850-9456-40e4-9e32-2249eb72d793: new RaftServerImpl for group-BAB8B816A852:[9d0a2f75-ce30-4dbd-af96-5adca13389b4:192.168.69.85:35551, b7ce392e-07e5-43c4-a049-3141454252ec:192.168.69.85:43203, 25bdb850-9456-40e4-9e32-2249eb72d793:192.168.69.85:34143] with ContainerStateMachine:uninitialized
2019-10-18 13:45:51,071 [pool-27-thread-1] INFO  server.RaftServerConfigKeys (ConfUtils.java:logGet(43)) - raft.server.storage.dir = [/workdir/hadoop-ozone/integration-test/target/test-dir/MiniOzoneClusterImpl-9d6dd75e-a22e-4447-b646-8faf5d797e6a/datanode-0/data/ratis] (custom)
2019-10-18 13:45:51,071 [pool-59-thread-1] INFO  server.RaftServerConfigKeys (ConfUtils.java:logGet(43)) - raft.server.rpc.timeout.min = 5s (custom)
2019-10-18 13:45:51,071 [pool-59-thread-1] INFO  server.RaftServerConfigKeys (ConfUtils.java:logGet(43)) - raft.server.rpc.timeout.max = 5200ms (custom)
2019-10-18 13:45:51,071 [pool-27-thread-1] INFO  server.RaftServerConfigKeys (ConfUtils.java:logGet(43)) - raft.server.log.corruption.policy = EXCEPTION (default)
2019-10-18 13:45:51,071 [pool-59-thread-1] INFO  server.RaftServerConfigKeys (ConfUtils.java:logGet(43)) - raft.server.rpcslowness.timeout = 1000s (custom)
2019-10-18 13:45:51,072 [pool-27-thread-1] INFO  storage.RaftStorageDirectory (RaftStorageDirectory.java:analyzeStorage(246)) - The storage directory /workdir/hadoop-ozone/integration-test/target/test-dir/MiniOzoneClusterImpl-9d6dd75e-a22e-4447-b646-8faf5d797e6a/datanode-0/data/ratis/76ef71cf-3dfe-4e81-a64b-bab8b816a852 does not exist. Creating ...
2019-10-18 13:45:51,072 [pool-37-thread-1] INFO  impl.RaftServerImpl (RaftServerImpl.java:<init>(104)) - b7ce392e-07e5-43c4-a049-3141454252ec: new RaftServerImpl for group-BAB8B816A852:[9d0a2f75-ce30-4dbd-af96-5adca13389b4:192.168.69.85:35551, b7ce392e-07e5-43c4-a049-3141454252ec:192.168.69.85:43203, 25bdb850-9456-40e4-9e32-2249eb72d793:192.168.69.85:34143] with ContainerStateMachine:uninitialized
2019-10-18 13:45:51,072 [pool-59-thread-1] INFO  server.RaftServerConfigKeys (ConfUtils.java:logGet(43)) - raft.server.sleep.deviation.threshold = 300 (default)
2019-10-18 13:45:51,072 [pool-37-thread-1] INFO  server.RaftServerConfigKeys (ConfUtils.java:logGet(43)) - raft.server.rpc.timeout.min = 5s (custom)
2019-10-18 13:45:51,072 [pool-59-thread-1] INFO  server.RaftServerConfigKeys (ConfUtils.java:logGet(43)) - raft.server.log.appender.install.snapshot.enabled = false (custom)
2019-10-18 13:45:51,072 [pool-37-thread-1] INFO  server.RaftServerConfigKeys (ConfUtils.java:logGet(43)) - raft.server.rpc.timeout.max = 5200ms (custom)
2019-10-18 13:45:51,072 [pool-59-thread-1] INFO  impl.RaftServerImpl (ServerState.java:<init>(103)) - 25bdb850-9456-40e4-9e32-2249eb72d793@group-BAB8B816A852: ConfigurationManager, init=-1: [9d0a2f75-ce30-4dbd-af96-5adca13389b4:192.168.69.85:35551, b7ce392e-07e5-43c4-a049-3141454252ec:192.168.69.85:43203, 25bdb850-9456-40e4-9e32-2249eb72d793:192.168.69.85:34143], old=null, confs=<EMPTY_MAP>
2019-10-18 13:45:51,072 [pool-37-thread-1] INFO  server.RaftServerConfigKeys (ConfUtils.java:logGet(43)) - raft.server.rpcslowness.timeout = 1000s (custom)
2019-10-18 13:45:51,072 [pool-59-thread-1] INFO  server.RaftServerConfigKeys (ConfUtils.java:logGet(43)) - raft.server.storage.dir = [/workdir/hadoop-ozone/integration-test/target/test-dir/MiniOzoneClusterImpl-9d6dd75e-a22e-4447-b646-8faf5d797e6a/datanode-2/data/ratis] (custom)
2019-10-18 13:45:51,072 [pool-37-thread-1] INFO  server.RaftServerConfigKeys (ConfUtils.java:logGet(43)) - raft.server.sleep.deviation.threshold = 300 (default)
2019-10-18 13:45:51,073 [pool-37-thread-1] INFO  server.RaftServerConfigKeys (ConfUtils.java:logGet(43)) - raft.server.log.appender.install.snapshot.enabled = false (custom)
2019-10-18 13:45:51,073 [pool-59-thread-1] INFO  server.RaftServerConfigKeys (ConfUtils.java:logGet(43)) - raft.server.log.corruption.policy = EXCEPTION (default)
2019-10-18 13:45:51,073 [pool-37-thread-1] INFO  impl.RaftServerImpl (ServerState.java:<init>(103)) - b7ce392e-07e5-43c4-a049-3141454252ec@group-BAB8B816A852: ConfigurationManager, init=-1: [9d0a2f75-ce30-4dbd-af96-5adca13389b4:192.168.69.85:35551, b7ce392e-07e5-43c4-a049-3141454252ec:192.168.69.85:43203, 25bdb850-9456-40e4-9e32-2249eb72d793:192.168.69.85:34143], old=null, confs=<EMPTY_MAP>
2019-10-18 13:45:51,073 [pool-59-thread-1] INFO  storage.RaftStorageDirectory (RaftStorageDirectory.java:analyzeStorage(246)) - The storage directory /workdir/hadoop-ozone/integration-test/target/test-dir/MiniOzoneClusterImpl-9d6dd75e-a22e-4447-b646-8faf5d797e6a/datanode-2/data/ratis/76ef71cf-3dfe-4e81-a64b-bab8b816a852 does not exist. Creating ...
2019-10-18 13:45:51,073 [pool-37-thread-1] INFO  server.RaftServerConfigKeys (ConfUtils.java:logGet(43)) - raft.server.storage.dir = [/workdir/hadoop-ozone/integration-test/target/test-dir/MiniOzoneClusterImpl-9d6dd75e-a22e-4447-b646-8faf5d797e6a/datanode-1/data/ratis] (custom)
2019-10-18 13:45:51,073 [pool-37-thread-1] INFO  server.RaftServerConfigKeys (ConfUtils.java:logGet(43)) - raft.server.log.corruption.policy = EXCEPTION (default)
2019-10-18 13:45:51,074 [pool-37-thread-1] INFO  storage.RaftStorageDirectory (RaftStorageDirectory.java:analyzeStorage(246)) - The storage directory /workdir/hadoop-ozone/integration-test/target/test-dir/MiniOzoneClusterImpl-9d6dd75e-a22e-4447-b646-8faf5d797e6a/datanode-1/data/ratis/76ef71cf-3dfe-4e81-a64b-bab8b816a852 does not exist. Creating ...
2019-10-18 13:45:51,084 [pool-27-thread-1] INFO  storage.RaftStorageDirectory (RaftStorageDirectory.java:tryLock(328)) - Lock on /workdir/hadoop-ozone/integration-test/target/test-dir/MiniOzoneClusterImpl-9d6dd75e-a22e-4447-b646-8faf5d797e6a/datanode-0/data/ratis/76ef71cf-3dfe-4e81-a64b-bab8b816a852/in_use.lock acquired by nodename 3503@pr-hdds-2292-qcvbb-3996421426
2019-10-18 13:45:51,084 [pool-59-thread-1] INFO  storage.RaftStorageDirectory (RaftStorageDirectory.java:tryLock(328)) - Lock on /workdir/hadoop-ozone/integration-test/target/test-dir/MiniOzoneClusterImpl-9d6dd75e-a22e-4447-b646-8faf5d797e6a/datanode-2/data/ratis/76ef71cf-3dfe-4e81-a64b-bab8b816a852/in_use.lock acquired by nodename 3503@pr-hdds-2292-qcvbb-3996421426
2019-10-18 13:45:51,084 [pool-37-thread-1] INFO  storage.RaftStorageDirectory (RaftStorageDirectory.java:tryLock(328)) - Lock on /workdir/hadoop-ozone/integration-test/target/test-dir/MiniOzoneClusterImpl-9d6dd75e-a22e-4447-b646-8faf5d797e6a/datanode-1/data/ratis/76ef71cf-3dfe-4e81-a64b-bab8b816a852/in_use.lock acquired by nodename 3503@pr-hdds-2292-qcvbb-3996421426
2019-10-18 13:45:51,084 [25bdb850-9456-40e4-9e32-2249eb72d793@group-58B787E4CA93-LeaderElection37] INFO  impl.LeaderElection (LeaderElection.java:askForVotes(178)) - 25bdb850-9456-40e4-9e32-2249eb72d793@group-58B787E4CA93-LeaderElection37: begin an election at term 36 for 0: [9d0a2f75-ce30-4dbd-af96-5adca13389b4:192.168.69.85:35551, b7ce392e-07e5-43c4-a049-3141454252ec:192.168.69.85:43203, 25bdb850-9456-40e4-9e32-2249eb72d793:192.168.69.85:34143], old=null
2019-10-18 13:45:51,086 [grpc-default-executor-1] INFO  impl.RaftServerImpl (RaftServerImpl.java:setRole(184)) - 9d0a2f75-ce30-4dbd-af96-5adca13389b4@group-58B787E4CA93: changes role from  FOLLOWER to FOLLOWER at term 36 for recognizeCandidate:25bdb850-9456-40e4-9e32-2249eb72d793
2019-10-18 13:45:51,086 [grpc-default-executor-1] INFO  impl.RoleInfo (RoleInfo.java:shutdownFollowerState(121)) - 9d0a2f75-ce30-4dbd-af96-5adca13389b4: shutdown FollowerState
2019-10-18 13:45:51,087 [grpc-default-executor-1] INFO  impl.RoleInfo (RoleInfo.java:updateAndGet(143)) - 9d0a2f75-ce30-4dbd-af96-5adca13389b4: start FollowerState
2019-10-18 13:45:51,087 [Thread-774] INFO  impl.FollowerState (FollowerState.java:run(117)) - 9d0a2f75-ce30-4dbd-af96-5adca13389b4@group-58B787E4CA93-FollowerState was interrupted: java.lang.InterruptedException: sleep interrupted
2019-10-18 13:45:51,087 [grpc-default-executor-0] INFO  impl.RaftServerImpl (RaftServerImpl.java:setRole(184)) - b7ce392e-07e5-43c4-a049-3141454252ec@group-58B787E4CA93: changes role from  FOLLOWER to FOLLOWER at term 36 for recognizeCandidate:25bdb850-9456-40e4-9e32-2249eb72d793
2019-10-18 13:45:51,087 [grpc-default-executor-0] INFO  impl.RoleInfo (RoleInfo.java:shutdownFollowerState(121)) - b7ce392e-07e5-43c4-a049-3141454252ec: shutdown FollowerState
2019-10-18 13:45:51,087 [Thread-773] INFO  impl.FollowerState (FollowerState.java:run(117)) - b7ce392e-07e5-43c4-a049-3141454252ec@group-58B787E4CA93-FollowerState was interrupted: java.lang.InterruptedException: sleep interrupted
2019-10-18 13:45:51,087 [grpc-default-executor-0] INFO  impl.RoleInfo (RoleInfo.java:updateAndGet(143)) - b7ce392e-07e5-43c4-a049-3141454252ec: start FollowerState
2019-10-18 13:45:51,097 [pool-37-thread-1] INFO  storage.RaftStorage (RaftStorage.java:format(84)) - Storage directory /workdir/hadoop-ozone/integration-test/target/test-dir/MiniOzoneClusterImpl-9d6dd75e-a22e-4447-b646-8faf5d797e6a/datanode-1/data/ratis/76ef71cf-3dfe-4e81-a64b-bab8b816a852 has been successfully formatted.
2019-10-18 13:45:51,097 [pool-59-thread-1] INFO  storage.RaftStorage (RaftStorage.java:format(84)) - Storage directory /workdir/hadoop-ozone/integration-test/target/test-dir/MiniOzoneClusterImpl-9d6dd75e-a22e-4447-b646-8faf5d797e6a/datanode-2/data/ratis/76ef71cf-3dfe-4e81-a64b-bab8b816a852 has been successfully formatted.
2019-10-18 13:45:51,097 [pool-27-thread-1] INFO  storage.RaftStorage (RaftStorage.java:format(84)) - Storage directory /workdir/hadoop-ozone/integration-test/target/test-dir/MiniOzoneClusterImpl-9d6dd75e-a22e-4447-b646-8faf5d797e6a/datanode-0/data/ratis/76ef71cf-3dfe-4e81-a64b-bab8b816a852 has been successfully formatted.
2019-10-18 13:45:51,097 [pool-37-thread-1] INFO  ratis.ContainerStateMachine (ContainerStateMachine.java:loadSnapshot(231)) - group-BAB8B816A852: The snapshot info is null. Setting the last applied indexto:(t:0, i:~)
2019-10-18 13:45:51,098 [pool-59-thread-1] INFO  ratis.ContainerStateMachine (ContainerStateMachine.java:loadSnapshot(231)) - group-BAB8B816A852: The snapshot info is null. Setting the last applied indexto:(t:0, i:~)
2019-10-18 13:45:51,098 [pool-37-thread-1] INFO  server.RaftServerConfigKeys (ConfUtils.java:logGet(43)) - raft.server.notification.no-leader.timeout = 1000s (custom)
2019-10-18 13:45:51,098 [pool-27-thread-1] INFO  ratis.ContainerStateMachine (ContainerStateMachine.java:loadSnapshot(231)) - group-BAB8B816A852: The snapshot info is null. Setting the last applied indexto:(t:0, i:~)
2019-10-18 13:45:51,098 [pool-37-thread-1] INFO  server.RaftServerConfigKeys (ConfUtils.java:logGet(43)) - raft.server.log.use.memory = false (default)
2019-10-18 13:45:51,098 [pool-59-thread-1] INFO  server.RaftServerConfigKeys (ConfUtils.java:logGet(43)) - raft.server.notification.no-leader.timeout = 1000s (custom)
2019-10-18 13:45:51,098 [pool-37-thread-1] INFO  server.RaftServerConfigKeys (ConfUtils.java:logGet(43)) - raft.server.log.purge.gap = 1000000 (custom)
2019-10-18 13:45:51,098 [pool-27-thread-1] INFO  server.RaftServerConfigKeys (ConfUtils.java:logGet(43)) - raft.server.notification.no-leader.timeout = 1000s (custom)
2019-10-18 13:45:51,098 [pool-37-thread-1] INFO  server.RaftServerConfigKeys (ConfUtils.java:logGet(43)) - raft.server.log.appender.buffer.byte-limit = 33554432 (custom)
2019-10-18 13:45:51,098 [pool-59-thread-1] INFO  server.RaftServerConfigKeys (ConfUtils.java:logGet(43)) - raft.server.log.use.memory = false (default)
2019-10-18 13:45:51,098 [pool-37-thread-1] INFO  server.RaftServerConfigKeys (ConfUtils.java:logGet(43)) - raft.server.log.segment.size.max = 1048576 (custom)
2019-10-18 13:45:51,098 [25bdb850-9456-40e4-9e32-2249eb72d793@group-58B787E4CA93-LeaderElection37] INFO  impl.LeaderElection (LeaderElection.java:logAndReturn(56)) - 25bdb850-9456-40e4-9e32-2249eb72d793@group-58B787E4CA93-LeaderElection37: Election REJECTED; received 2 response(s) [25bdb850-9456-40e4-9e32-2249eb72d793<-9d0a2f75-ce30-4dbd-af96-5adca13389b4#0:FAIL-t36, 25bdb850-9456-40e4-9e32-2249eb72d793<-b7ce392e-07e5-43c4-a049-3141454252ec#0:FAIL-t36] and 0 exception(s); 25bdb850-9456-40e4-9e32-2249eb72d793@group-58B787E4CA93:t36, leader=null, voted=25bdb850-9456-40e4-9e32-2249eb72d793, raftlog=25bdb850-9456-40e4-9e32-2249eb72d793@group-58B787E4CA93-SegmentedRaftLog:OPENED:c3,f4,i4, conf=0: [9d0a2f75-ce30-4dbd-af96-5adca13389b4:192.168.69.85:35551, b7ce392e-07e5-43c4-a049-3141454252ec:192.168.69.85:43203, 25bdb850-9456-40e4-9e32-2249eb72d793:192.168.69.85:34143], old=null
2019-10-18 13:45:51,098 [pool-27-thread-1] INFO  server.RaftServerConfigKeys (ConfUtils.java:logGet(43)) - raft.server.log.use.memory = false (default)
2019-10-18 13:45:51,099 [25bdb850-9456-40e4-9e32-2249eb72d793@group-58B787E4CA93-LeaderElection37] INFO  impl.RaftServerImpl (RaftServerImpl.java:setRole(184)) - 25bdb850-9456-40e4-9e32-2249eb72d793@group-58B787E4CA93: changes role from CANDIDATE to FOLLOWER at term 36 for DISCOVERED_A_NEW_TERM
2019-10-18 13:45:51,099 [pool-37-thread-1] INFO  server.RaftServerConfigKeys (ConfUtils.java:logGet(43)) - raft.server.log.segment.cache.num.max = 2 (custom)
2019-10-18 13:45:51,099 [pool-59-thread-1] INFO  server.RaftServerConfigKeys (ConfUtils.java:logGet(43)) - raft.server.log.purge.gap = 1000000 (custom)
2019-10-18 13:45:51,099 [pool-37-thread-1] INFO  segmented.SegmentedRaftLogWorker (SegmentedRaftLogWorker.java:<init>(173)) - new b7ce392e-07e5-43c4-a049-3141454252ec@group-BAB8B816A852-SegmentedRaftLogWorker for RaftStorage:Storage Directory /workdir/hadoop-ozone/integration-test/target/test-dir/MiniOzoneClusterImpl-9d6dd75e-a22e-4447-b646-8faf5d797e6a/datanode-1/data/ratis/76ef71cf-3dfe-4e81-a64b-bab8b816a852
2019-10-18 13:45:51,099 [25bdb850-9456-40e4-9e32-2249eb72d793@group-58B787E4CA93-LeaderElection37] INFO  impl.RoleInfo (RoleInfo.java:shutdownLeaderElection(134)) - 25bdb850-9456-40e4-9e32-2249eb72d793: shutdown LeaderElection
2019-10-18 13:45:51,099 [pool-27-thread-1] INFO  server.RaftServerConfigKeys (ConfUtils.java:logGet(43)) - raft.server.log.purge.gap = 1000000 (custom)
2019-10-18 13:45:51,099 [25bdb850-9456-40e4-9e32-2249eb72d793@group-58B787E4CA93-LeaderElection37] INFO  impl.RoleInfo (RoleInfo.java:updateAndGet(143)) - 25bdb850-9456-40e4-9e32-2249eb72d793: start FollowerState
2019-10-18 13:45:51,099 [pool-37-thread-1] INFO  server.RaftServerConfigKeys (ConfUtils.java:logGet(43)) - raft.server.log.queue.byte-limit = 2147483647 (custom)
2019-10-18 13:45:51,099 [pool-59-thread-1] INFO  server.RaftServerConfigKeys (ConfUtils.java:logGet(43)) - raft.server.log.appender.buffer.byte-limit = 33554432 (custom)
2019-10-18 13:45:51,100 [pool-37-thread-1] INFO  server.RaftServerConfigKeys (ConfUtils.java:logGet(43)) - raft.server.log.queue.element-limit = 1024 (custom)
2019-10-18 13:45:51,099 [pool-27-thread-1] INFO  server.RaftServerConfigKeys (ConfUtils.java:logGet(43)) - raft.server.log.appender.buffer.byte-limit = 33554432 (custom)
2019-10-18 13:45:51,100 [pool-37-thread-1] INFO  server.RaftServerConfigKeys (ConfUtils.java:logGet(43)) - raft.server.log.segment.size.max = 1048576 (custom)
2019-10-18 13:45:51,100 [pool-59-thread-1] INFO  server.RaftServerConfigKeys (ConfUtils.java:logGet(43)) - raft.server.log.segment.size.max = 1048576 (custom)
2019-10-18 13:45:51,100 [pool-37-thread-1] INFO  server.RaftServerConfigKeys (ConfUtils.java:logGet(43)) - raft.server.log.preallocated.size = 16384 (custom)
2019-10-18 13:45:51,100 [pool-27-thread-1] INFO  server.RaftServerConfigKeys (ConfUtils.java:logGet(43)) - raft.server.log.segment.size.max = 1048576 (custom)
2019-10-18 13:45:51,100 [pool-37-thread-1] INFO  server.RaftServerConfigKeys (ConfUtils.java:logGet(43)) - raft.server.log.write.buffer.size = 33554432 (custom)
2019-10-18 13:45:51,100 [pool-59-thread-1] INFO  server.RaftServerConfigKeys (ConfUtils.java:logGet(43)) - raft.server.log.segment.cache.num.max = 2 (custom)
2019-10-18 13:45:51,100 [pool-37-thread-1] INFO  server.RaftServerConfigKeys (ConfUtils.java:logGet(43)) - raft.server.log.force.sync.num = 128 (default)
2019-10-18 13:45:51,100 [pool-27-thread-1] INFO  server.RaftServerConfigKeys (ConfUtils.java:logGet(43)) - raft.server.log.segment.cache.num.max = 2 (custom)
2019-10-18 13:45:51,100 [pool-37-thread-1] INFO  server.RaftServerConfigKeys (ConfUtils.java:logGet(43)) - raft.server.log.statemachine.data.sync = true (default)
2019-10-18 13:45:51,100 [pool-59-thread-1] INFO  segmented.SegmentedRaftLogWorker (SegmentedRaftLogWorker.java:<init>(173)) - new 25bdb850-9456-40e4-9e32-2249eb72d793@group-BAB8B816A852-SegmentedRaftLogWorker for RaftStorage:Storage Directory /workdir/hadoop-ozone/integration-test/target/test-dir/MiniOzoneClusterImpl-9d6dd75e-a22e-4447-b646-8faf5d797e6a/datanode-2/data/ratis/76ef71cf-3dfe-4e81-a64b-bab8b816a852
2019-10-18 13:45:51,100 [pool-37-thread-1] INFO  server.RaftServerConfigKeys (ConfUtils.java:logGet(43)) - raft.server.log.statemachine.data.sync.timeout = 10s (default)
2019-10-18 13:45:51,100 [pool-27-thread-1] INFO  segmented.SegmentedRaftLogWorker (SegmentedRaftLogWorker.java:<init>(173)) - new 9d0a2f75-ce30-4dbd-af96-5adca13389b4@group-BAB8B816A852-SegmentedRaftLogWorker for RaftStorage:Storage Directory /workdir/hadoop-ozone/integration-test/target/test-dir/MiniOzoneClusterImpl-9d6dd75e-a22e-4447-b646-8faf5d797e6a/datanode-0/data/ratis/76ef71cf-3dfe-4e81-a64b-bab8b816a852
2019-10-18 13:45:51,101 [pool-37-thread-1] INFO  server.RaftServerConfigKeys (ConfUtils.java:logGet(43)) - raft.server.log.statemachine.data.sync.timeout.retry = -1 (default)
2019-10-18 13:45:51,101 [pool-59-thread-1] INFO  server.RaftServerConfigKeys (ConfUtils.java:logGet(43)) - raft.server.log.queue.byte-limit = 2147483647 (custom)
2019-10-18 13:45:51,101 [pool-37-thread-1] INFO  server.RaftServerConfigKeys (ConfUtils.java:logGet(43)) - raft.server.log.statemachine.data.caching.enabled = true (custom)
2019-10-18 13:45:51,101 [pool-27-thread-1] INFO  server.RaftServerConfigKeys (ConfUtils.java:logGet(43)) - raft.server.log.queue.byte-limit = 2147483647 (custom)
2019-10-18 13:45:51,101 [pool-59-thread-1] INFO  server.RaftServerConfigKeys (ConfUtils.java:logGet(43)) - raft.server.log.queue.element-limit = 1024 (custom)
2019-10-18 13:45:51,101 [pool-37-thread-1] INFO  segmented.SegmentedRaftLogWorker (SegmentedRaftLogWorker.java:lambda$new$0(128)) - b7ce392e-07e5-43c4-a049-3141454252ec@group-BAB8B816A852-SegmentedRaftLogWorker: flushIndex: setUnconditionally 0 -> -1
2019-10-18 13:45:51,101 [pool-27-thread-1] INFO  server.RaftServerConfigKeys (ConfUtils.java:logGet(43)) - raft.server.log.queue.element-limit = 1024 (custom)
2019-10-18 13:45:51,101 [pool-59-thread-1] INFO  server.RaftServerConfigKeys (ConfUtils.java:logGet(43)) - raft.server.log.segment.size.max = 1048576 (custom)
2019-10-18 13:45:51,101 [pool-27-thread-1] INFO  server.RaftServerConfigKeys (ConfUtils.java:logGet(43)) - raft.server.log.segment.size.max = 1048576 (custom)
2019-10-18 13:45:51,101 [pool-37-thread-1] INFO  server.RaftServerConfigKeys (ConfUtils.java:logGet(43)) - raft.server.snapshot.auto.trigger.enabled = true (custom)
2019-10-18 13:45:51,101 [pool-27-thread-1] INFO  server.RaftServerConfigKeys (ConfUtils.java:logGet(43)) - raft.server.log.preallocated.size = 16384 (custom)
2019-10-18 13:45:51,101 [pool-59-thread-1] INFO  server.RaftServerConfigKeys (ConfUtils.java:logGet(43)) - raft.server.log.preallocated.size = 16384 (custom)
2019-10-18 13:45:51,102 [pool-27-thread-1] INFO  server.RaftServerConfigKeys (ConfUtils.java:logGet(43)) - raft.server.log.write.buffer.size = 33554432 (custom)
2019-10-18 13:45:51,102 [pool-37-thread-1] INFO  server.RaftServerConfigKeys (ConfUtils.java:logGet(43)) - raft.server.snapshot.auto.trigger.threshold = 10000 (custom)
2019-10-18 13:45:51,102 [pool-27-thread-1] INFO  server.RaftServerConfigKeys (ConfUtils.java:logGet(43)) - raft.server.log.force.sync.num = 128 (default)
2019-10-18 13:45:51,102 [pool-59-thread-1] INFO  server.RaftServerConfigKeys (ConfUtils.java:logGet(43)) - raft.server.log.write.buffer.size = 33554432 (custom)
2019-10-18 13:45:51,102 [pool-27-thread-1] INFO  server.RaftServerConfigKeys (ConfUtils.java:logGet(43)) - raft.server.log.statemachine.data.sync = true (default)
2019-10-18 13:45:51,102 [pool-37-thread-1] INFO  server.RaftServerConfigKeys (ConfUtils.java:logGet(43)) - raft.server.snapshot.retention.file.num = 5 (custom)
2019-10-18 13:45:51,102 [pool-27-thread-1] INFO  server.RaftServerConfigKeys (ConfUtils.java:logGet(43)) - raft.server.log.statemachine.data.sync.timeout = 10s (default)
2019-10-18 13:45:51,102 [pool-59-thread-1] INFO  server.RaftServerConfigKeys (ConfUtils.java:logGet(43)) - raft.server.log.force.sync.num = 128 (default)
2019-10-18 13:45:51,102 [pool-27-thread-1] INFO  server.RaftServerConfigKeys (ConfUtils.java:logGet(43)) - raft.server.log.statemachine.data.sync.timeout.retry = -1 (default)
2019-10-18 13:45:51,102 [pool-37-thread-1] INFO  server.RaftServerConfigKeys (ConfUtils.java:logGet(43)) - raft.server.retrycache.expirytime = 600000ms (custom)
2019-10-18 13:45:51,102 [pool-27-thread-1] INFO  server.RaftServerConfigKeys (ConfUtils.java:logGet(43)) - raft.server.log.statemachine.data.caching.enabled = true (custom)
2019-10-18 13:45:51,102 [pool-59-thread-1] INFO  server.RaftServerConfigKeys (ConfUtils.java:logGet(43)) - raft.server.log.statemachine.data.sync = true (default)
2019-10-18 13:45:51,103 [pool-59-thread-1] INFO  server.RaftServerConfigKeys (ConfUtils.java:logGet(43)) - raft.server.log.statemachine.data.sync.timeout = 10s (default)
2019-10-18 13:45:51,103 [pool-27-thread-1] INFO  segmented.SegmentedRaftLogWorker (SegmentedRaftLogWorker.java:lambda$new$0(128)) - 9d0a2f75-ce30-4dbd-af96-5adca13389b4@group-BAB8B816A852-SegmentedRaftLogWorker: flushIndex: setUnconditionally 0 -> -1
2019-10-18 13:45:51,103 [pool-59-thread-1] INFO  server.RaftServerConfigKeys (ConfUtils.java:logGet(43)) - raft.server.log.statemachine.data.sync.timeout.retry = -1 (default)
2019-10-18 13:45:51,103 [pool-27-thread-1] INFO  server.RaftServerConfigKeys (ConfUtils.java:logGet(43)) - raft.server.snapshot.auto.trigger.enabled = true (custom)
2019-10-18 13:45:51,103 [pool-59-thread-1] INFO  server.RaftServerConfigKeys (ConfUtils.java:logGet(43)) - raft.server.log.statemachine.data.caching.enabled = true (custom)
2019-10-18 13:45:51,103 [pool-27-thread-1] INFO  server.RaftServerConfigKeys (ConfUtils.java:logGet(43)) - raft.server.snapshot.auto.trigger.threshold = 10000 (custom)
2019-10-18 13:45:51,103 [pool-27-thread-1] INFO  server.RaftServerConfigKeys (ConfUtils.java:logGet(43)) - raft.server.snapshot.retention.file.num = 5 (custom)
2019-10-18 13:45:51,103 [pool-59-thread-1] INFO  segmented.SegmentedRaftLogWorker (SegmentedRaftLogWorker.java:lambda$new$0(128)) - 25bdb850-9456-40e4-9e32-2249eb72d793@group-BAB8B816A852-SegmentedRaftLogWorker: flushIndex: setUnconditionally 0 -> -1
2019-10-18 13:45:51,103 [pool-27-thread-1] INFO  server.RaftServerConfigKeys (ConfUtils.java:logGet(43)) - raft.server.retrycache.expirytime = 600000ms (custom)
2019-10-18 13:45:51,104 [pool-59-thread-1] INFO  server.RaftServerConfigKeys (ConfUtils.java:logGet(43)) - raft.server.snapshot.auto.trigger.enabled = true (custom)
2019-10-18 13:45:51,104 [pool-59-thread-1] INFO  server.RaftServerConfigKeys (ConfUtils.java:logGet(43)) - raft.server.snapshot.auto.trigger.threshold = 10000 (custom)
2019-10-18 13:45:51,104 [pool-59-thread-1] INFO  server.RaftServerConfigKeys (ConfUtils.java:logGet(43)) - raft.server.snapshot.retention.file.num = 5 (custom)
2019-10-18 13:45:51,104 [pool-59-thread-1] INFO  server.RaftServerConfigKeys (ConfUtils.java:logGet(43)) - raft.server.retrycache.expirytime = 600000ms (custom)
2019-10-18 13:45:51,104 [pool-37-thread-1] INFO  impl.RaftServerImpl (RaftServerImpl.java:start(195)) - b7ce392e-07e5-43c4-a049-3141454252ec@group-BAB8B816A852: start as a follower, conf=-1: [9d0a2f75-ce30-4dbd-af96-5adca13389b4:192.168.69.85:35551, b7ce392e-07e5-43c4-a049-3141454252ec:192.168.69.85:43203, 25bdb850-9456-40e4-9e32-2249eb72d793:192.168.69.85:34143], old=null
2019-10-18 13:45:51,104 [pool-37-thread-1] INFO  impl.RaftServerImpl (RaftServerImpl.java:setRole(184)) - b7ce392e-07e5-43c4-a049-3141454252ec@group-BAB8B816A852: changes role from      null to FOLLOWER at term 0 for startAsFollower
2019-10-18 13:45:51,104 [pool-37-thread-1] INFO  impl.RoleInfo (RoleInfo.java:updateAndGet(143)) - b7ce392e-07e5-43c4-a049-3141454252ec: start FollowerState
2019-10-18 13:45:51,105 [pool-37-thread-1] INFO  util.JmxRegister (JmxRegister.java:tryRegister(44)) - Successfully registered JMX Bean with object name Ratis:service=RaftServer,group=group-BAB8B816A852,id=b7ce392e-07e5-43c4-a049-3141454252ec
2019-10-18 13:45:51,106 [pool-27-thread-1] INFO  impl.RaftServerImpl (RaftServerImpl.java:start(195)) - 9d0a2f75-ce30-4dbd-af96-5adca13389b4@group-BAB8B816A852: start as a follower, conf=-1: [9d0a2f75-ce30-4dbd-af96-5adca13389b4:192.168.69.85:35551, b7ce392e-07e5-43c4-a049-3141454252ec:192.168.69.85:43203, 25bdb850-9456-40e4-9e32-2249eb72d793:192.168.69.85:34143], old=null
2019-10-18 13:45:51,106 [pool-27-thread-1] INFO  impl.RaftServerImpl (RaftServerImpl.java:setRole(184)) - 9d0a2f75-ce30-4dbd-af96-5adca13389b4@group-BAB8B816A852: changes role from      null to FOLLOWER at term 0 for startAsFollower
2019-10-18 13:45:51,106 [pool-27-thread-1] INFO  impl.RoleInfo (RoleInfo.java:updateAndGet(143)) - 9d0a2f75-ce30-4dbd-af96-5adca13389b4: start FollowerState
2019-10-18 13:45:51,106 [pool-27-thread-1] INFO  util.JmxRegister (JmxRegister.java:tryRegister(44)) - Successfully registered JMX Bean with object name Ratis:service=RaftServer,group=group-BAB8B816A852,id=9d0a2f75-ce30-4dbd-af96-5adca13389b4
2019-10-18 13:45:51,107 [pool-59-thread-1] INFO  impl.RaftServerImpl (RaftServerImpl.java:start(195)) - 25bdb850-9456-40e4-9e32-2249eb72d793@group-BAB8B816A852: start as a follower, conf=-1: [9d0a2f75-ce30-4dbd-af96-5adca13389b4:192.168.69.85:35551, b7ce392e-07e5-43c4-a049-3141454252ec:192.168.69.85:43203, 25bdb850-9456-40e4-9e32-2249eb72d793:192.168.69.85:34143], old=null
2019-10-18 13:45:51,107 [pool-59-thread-1] INFO  impl.RaftServerImpl (RaftServerImpl.java:setRole(184)) - 25bdb850-9456-40e4-9e32-2249eb72d793@group-BAB8B816A852: changes role from      null to FOLLOWER at term 0 for startAsFollower
2019-10-18 13:45:51,107 [pool-59-thread-1] INFO  impl.RoleInfo (RoleInfo.java:updateAndGet(143)) - 25bdb850-9456-40e4-9e32-2249eb72d793: start FollowerState
2019-10-18 13:45:51,107 [pool-59-thread-1] INFO  util.JmxRegister (JmxRegister.java:tryRegister(44)) - Successfully registered JMX Bean with object name Ratis:service=RaftServer,group=group-BAB8B816A852,id=25bdb850-9456-40e4-9e32-2249eb72d793
2019-10-18 13:45:51,114 [RatisPipelineUtilsThread] INFO  pipeline.PipelineStateManager (PipelineStateManager.java:addPipeline(56)) - Created pipeline Pipeline[ Id: 76ef71cf-3dfe-4e81-a64b-bab8b816a852, Nodes: 25bdb850-9456-40e4-9e32-2249eb72d793{ip: 192.168.69.85, host: pr-hdds-2292-qcvbb-3996421426, networkLocation: /default-rack, certSerialId: null}b7ce392e-07e5-43c4-a049-3141454252ec{ip: 192.168.69.85, host: pr-hdds-2292-qcvbb-3996421426, networkLocation: /default-rack, certSerialId: null}9d0a2f75-ce30-4dbd-af96-5adca13389b4{ip: 192.168.69.85, host: pr-hdds-2292-qcvbb-3996421426, networkLocation: /default-rack, certSerialId: null}, Type:RATIS, Factor:THREE, State:OPEN]
2019-10-18 13:45:51,132 [Thread-779] INFO  impl.FollowerState (FollowerState.java:run(108)) - 25bdb850-9456-40e4-9e32-2249eb72d793@group-3AB4D89885F8-FollowerState: change to CANDIDATE, lastRpcTime:83ms, electionTimeout:83ms
2019-10-18 13:45:51,132 [Thread-779] INFO  impl.RoleInfo (RoleInfo.java:shutdownFollowerState(121)) - 25bdb850-9456-40e4-9e32-2249eb72d793: shutdown FollowerState
2019-10-18 13:45:51,132 [Thread-779] INFO  impl.RaftServerImpl (RaftServerImpl.java:setRole(184)) - 25bdb850-9456-40e4-9e32-2249eb72d793@group-3AB4D89885F8: changes role from  FOLLOWER to CANDIDATE at term 0 for changeToCandidate
2019-10-18 13:45:51,132 [Thread-779] INFO  impl.RoleInfo (RoleInfo.java:updateAndGet(143)) - 25bdb850-9456-40e4-9e32-2249eb72d793: start LeaderElection
2019-10-18 13:45:51,148 [25bdb850-9456-40e4-9e32-2249eb72d793@group-3AB4D89885F8-LeaderElection38] INFO  impl.LeaderElection (LeaderElection.java:askForVotes(178)) - 25bdb850-9456-40e4-9e32-2249eb72d793@group-3AB4D89885F8-LeaderElection38: begin an election at term 1 for -1: [25bdb850-9456-40e4-9e32-2249eb72d793:192.168.69.85:34143], old=null
2019-10-18 13:45:51,148 [25bdb850-9456-40e4-9e32-2249eb72d793@group-3AB4D89885F8-LeaderElection38] INFO  impl.RoleInfo (RoleInfo.java:shutdownLeaderElection(134)) - 25bdb850-9456-40e4-9e32-2249eb72d793: shutdown LeaderElection
2019-10-18 13:45:51,148 [25bdb850-9456-40e4-9e32-2249eb72d793@group-3AB4D89885F8-LeaderElection38] INFO  impl.RaftServerImpl (RaftServerImpl.java:setRole(184)) - 25bdb850-9456-40e4-9e32-2249eb72d793@group-3AB4D89885F8: changes role from CANDIDATE to LEADER at term 1 for changeToLeader
2019-10-18 13:45:51,148 [25bdb850-9456-40e4-9e32-2249eb72d793@group-3AB4D89885F8-LeaderElection38] INFO  impl.RaftServerImpl (ServerState.java:setLeader(256)) - 25bdb850-9456-40e4-9e32-2249eb72d793@group-3AB4D89885F8: change Leader from null to 25bdb850-9456-40e4-9e32-2249eb72d793 at term 1 for becomeLeader, leader elected after 105ms
2019-10-18 13:45:51,149 [25bdb850-9456-40e4-9e32-2249eb72d793@group-3AB4D89885F8-LeaderElection38] INFO  server.RaftServerConfigKeys (ConfUtils.java:logGet(43)) - raft.server.staging.catchup.gap = 1000 (default)
2019-10-18 13:45:51,149 [25bdb850-9456-40e4-9e32-2249eb72d793@group-3AB4D89885F8-LeaderElection38] INFO  server.RaftServerConfigKeys (ConfUtils.java:logGet(43)) - raft.server.rpc.sleep.time = 25ms (default)
2019-10-18 13:45:51,149 [25bdb850-9456-40e4-9e32-2249eb72d793@group-3AB4D89885F8-LeaderElection38] INFO  server.RaftServerConfigKeys (ConfUtils.java:logGet(43)) - raft.server.write.element-limit = 4096 (default)
2019-10-18 13:45:51,149 [25bdb850-9456-40e4-9e32-2249eb72d793@group-3AB4D89885F8-LeaderElection38] INFO  server.RaftServerConfigKeys (ConfUtils.java:logGet(43)) - raft.server.watch.timeout = 10s (default)
2019-10-18 13:45:51,149 [25bdb850-9456-40e4-9e32-2249eb72d793@group-3AB4D89885F8-LeaderElection38] INFO  server.RaftServerConfigKeys (ConfUtils.java:logGet(43)) - raft.server.watch.timeout.denomination = 1s (default)
2019-10-18 13:45:51,149 [25bdb850-9456-40e4-9e32-2249eb72d793@group-3AB4D89885F8-LeaderElection38] INFO  server.RaftServerConfigKeys (ConfUtils.java:logGet(43)) - raft.server.watch.element-limit = 65536 (default)
2019-10-18 13:45:51,151 [25bdb850-9456-40e4-9e32-2249eb72d793@group-3AB4D89885F8-LeaderElection38] INFO  impl.RoleInfo (RoleInfo.java:updateAndGet(143)) - 25bdb850-9456-40e4-9e32-2249eb72d793: start LeaderState
2019-10-18 13:45:51,151 [25bdb850-9456-40e4-9e32-2249eb72d793@group-3AB4D89885F8-LeaderElection38] INFO  segmented.SegmentedRaftLogWorker (SegmentedRaftLogWorker.java:startLogSegment(385)) - 25bdb850-9456-40e4-9e32-2249eb72d793@group-3AB4D89885F8-SegmentedRaftLogWorker: Starting segment from index:0
2019-10-18 13:45:51,151 [25bdb850-9456-40e4-9e32-2249eb72d793@group-3AB4D89885F8-LeaderElection38] INFO  impl.RaftServerImpl (ServerState.java:setRaftConf(357)) - 25bdb850-9456-40e4-9e32-2249eb72d793@group-3AB4D89885F8: set configuration 0: [25bdb850-9456-40e4-9e32-2249eb72d793:192.168.69.85:34143], old=null at 0
2019-10-18 13:45:51,171 [Thread-792] INFO  impl.FollowerState (FollowerState.java:run(108)) - 25bdb850-9456-40e4-9e32-2249eb72d793@group-BAB8B816A852-FollowerState: change to CANDIDATE, lastRpcTime:64ms, electionTimeout:64ms
2019-10-18 13:45:51,171 [Thread-792] INFO  impl.RoleInfo (RoleInfo.java:shutdownFollowerState(121)) - 25bdb850-9456-40e4-9e32-2249eb72d793: shutdown FollowerState
2019-10-18 13:45:51,172 [Thread-792] INFO  impl.RaftServerImpl (RaftServerImpl.java:setRole(184)) - 25bdb850-9456-40e4-9e32-2249eb72d793@group-BAB8B816A852: changes role from  FOLLOWER to CANDIDATE at term 0 for changeToCandidate
2019-10-18 13:45:51,172 [Thread-792] INFO  impl.RoleInfo (RoleInfo.java:updateAndGet(143)) - 25bdb850-9456-40e4-9e32-2249eb72d793: start LeaderElection
2019-10-18 13:45:51,178 [EventQueue-PendingDeleteStatusForPendingDeleteHandler] INFO  block.SCMBlockDeletingService (SCMBlockDeletingService.java:handlePendingDeletes(115)) - Block deletion txnID mismatch in datanode 25bdb850-9456-40e4-9e32-2249eb72d793 for containerID 1. Datanode delete txnID: 0, SCM txnID: 1
2019-10-18 13:45:51,191 [25bdb850-9456-40e4-9e32-2249eb72d793@group-3AB4D89885F8-SegmentedRaftLogWorker] INFO  segmented.SegmentedRaftLogWorker (SegmentedRaftLogWorker.java:execute(576)) - 25bdb850-9456-40e4-9e32-2249eb72d793@group-3AB4D89885F8-SegmentedRaftLogWorker: created new log segment /workdir/hadoop-ozone/integration-test/target/test-dir/MiniOzoneClusterImpl-9d6dd75e-a22e-4447-b646-8faf5d797e6a/datanode-2/data/ratis/6fc3adef-1466-4b25-be24-3ab4d89885f8/current/log_inprogress_0
2019-10-18 13:45:51,191 [25bdb850-9456-40e4-9e32-2249eb72d793@group-BAB8B816A852-LeaderElection39] INFO  impl.LeaderElection (LeaderElection.java:askForVotes(178)) - 25bdb850-9456-40e4-9e32-2249eb72d793@group-BAB8B816A852-LeaderElection39: begin an election at term 1 for -1: [9d0a2f75-ce30-4dbd-af96-5adca13389b4:192.168.69.85:35551, b7ce392e-07e5-43c4-a049-3141454252ec:192.168.69.85:43203, 25bdb850-9456-40e4-9e32-2249eb72d793:192.168.69.85:34143], old=null
2019-10-18 13:45:51,194 [grpc-default-executor-0] INFO  impl.RaftServerImpl (RaftServerImpl.java:setRole(184)) - b7ce392e-07e5-43c4-a049-3141454252ec@group-BAB8B816A852: changes role from  FOLLOWER to FOLLOWER at term 1 for recognizeCandidate:25bdb850-9456-40e4-9e32-2249eb72d793
2019-10-18 13:45:51,194 [grpc-default-executor-1] INFO  impl.RaftServerImpl (RaftServerImpl.java:setRole(184)) - 9d0a2f75-ce30-4dbd-af96-5adca13389b4@group-BAB8B816A852: changes role from  FOLLOWER to FOLLOWER at term 1 for recognizeCandidate:25bdb850-9456-40e4-9e32-2249eb72d793
2019-10-18 13:45:51,194 [grpc-default-executor-0] INFO  impl.RoleInfo (RoleInfo.java:shutdownFollowerState(121)) - b7ce392e-07e5-43c4-a049-3141454252ec: shutdown FollowerState
2019-10-18 13:45:51,194 [grpc-default-executor-1] INFO  impl.RoleInfo (RoleInfo.java:shutdownFollowerState(121)) - 9d0a2f75-ce30-4dbd-af96-5adca13389b4: shutdown FollowerState
2019-10-18 13:45:51,194 [grpc-default-executor-0] INFO  impl.RoleInfo (RoleInfo.java:updateAndGet(143)) - b7ce392e-07e5-43c4-a049-3141454252ec: start FollowerState
2019-10-18 13:45:51,194 [Thread-791] INFO  impl.FollowerState (FollowerState.java:run(117)) - 9d0a2f75-ce30-4dbd-af96-5adca13389b4@group-BAB8B816A852-FollowerState was interrupted: java.lang.InterruptedException: sleep interrupted
2019-10-18 13:45:51,194 [grpc-default-executor-1] INFO  impl.RoleInfo (RoleInfo.java:updateAndGet(143)) - 9d0a2f75-ce30-4dbd-af96-5adca13389b4: start FollowerState
2019-10-18 13:45:51,194 [Thread-790] INFO  impl.FollowerState (FollowerState.java:run(117)) - b7ce392e-07e5-43c4-a049-3141454252ec@group-BAB8B816A852-FollowerState was interrupted: java.lang.InterruptedException: sleep interrupted
2019-10-18 13:45:51,205 [25bdb850-9456-40e4-9e32-2249eb72d793@group-BAB8B816A852-LeaderElection39] INFO  impl.LeaderElection (LeaderElection.java:logAndReturn(56)) - 25bdb850-9456-40e4-9e32-2249eb72d793@group-BAB8B816A852-LeaderElection39: Election PASSED; received 1 response(s) [25bdb850-9456-40e4-9e32-2249eb72d793<-9d0a2f75-ce30-4dbd-af96-5adca13389b4#0:OK-t1] and 0 exception(s); 25bdb850-9456-40e4-9e32-2249eb72d793@group-BAB8B816A852:t1, leader=null, voted=25bdb850-9456-40e4-9e32-2249eb72d793, raftlog=25bdb850-9456-40e4-9e32-2249eb72d793@group-BAB8B816A852-SegmentedRaftLog:OPENED:c-1,f-1,i0, conf=-1: [9d0a2f75-ce30-4dbd-af96-5adca13389b4:192.168.69.85:35551, b7ce392e-07e5-43c4-a049-3141454252ec:192.168.69.85:43203, 25bdb850-9456-40e4-9e32-2249eb72d793:192.168.69.85:34143], old=null
2019-10-18 13:45:51,206 [25bdb850-9456-40e4-9e32-2249eb72d793@group-BAB8B816A852-LeaderElection39] INFO  impl.RoleInfo (RoleInfo.java:shutdownLeaderElection(134)) - 25bdb850-9456-40e4-9e32-2249eb72d793: shutdown LeaderElection
2019-10-18 13:45:51,206 [25bdb850-9456-40e4-9e32-2249eb72d793@group-BAB8B816A852-LeaderElection39] INFO  impl.RaftServerImpl (RaftServerImpl.java:setRole(184)) - 25bdb850-9456-40e4-9e32-2249eb72d793@group-BAB8B816A852: changes role from CANDIDATE to LEADER at term 1 for changeToLeader
2019-10-18 13:45:51,206 [25bdb850-9456-40e4-9e32-2249eb72d793@group-BAB8B816A852-LeaderElection39] INFO  impl.RaftServerImpl (ServerState.java:setLeader(256)) - 25bdb850-9456-40e4-9e32-2249eb72d793@group-BAB8B816A852: change Leader from null to 25bdb850-9456-40e4-9e32-2249eb72d793 at term 1 for becomeLeader, leader elected after 107ms
2019-10-18 13:45:51,206 [25bdb850-9456-40e4-9e32-2249eb72d793@group-BAB8B816A852-LeaderElection39] INFO  server.RaftServerConfigKeys (ConfUtils.java:logGet(43)) - raft.server.staging.catchup.gap = 1000 (default)
2019-10-18 13:45:51,206 [25bdb850-9456-40e4-9e32-2249eb72d793@group-BAB8B816A852-LeaderElection39] INFO  server.RaftServerConfigKeys (ConfUtils.java:logGet(43)) - raft.server.rpc.sleep.time = 25ms (default)
2019-10-18 13:45:51,206 [25bdb850-9456-40e4-9e32-2249eb72d793@group-BAB8B816A852-LeaderElection39] INFO  server.RaftServerConfigKeys (ConfUtils.java:logGet(43)) - raft.server.write.element-limit = 4096 (default)
2019-10-18 13:45:51,206 [25bdb850-9456-40e4-9e32-2249eb72d793@group-BAB8B816A852-LeaderElection39] INFO  server.RaftServerConfigKeys (ConfUtils.java:logGet(43)) - raft.server.watch.timeout = 10s (default)
2019-10-18 13:45:51,206 [25bdb850-9456-40e4-9e32-2249eb72d793@group-BAB8B816A852-LeaderElection39] INFO  server.RaftServerConfigKeys (ConfUtils.java:logGet(43)) - raft.server.watch.timeout.denomination = 1s (default)
2019-10-18 13:45:51,206 [25bdb850-9456-40e4-9e32-2249eb72d793@group-BAB8B816A852-LeaderElection39] INFO  server.RaftServerConfigKeys (ConfUtils.java:logGet(43)) - raft.server.watch.element-limit = 65536 (default)
2019-10-18 13:45:51,208 [25bdb850-9456-40e4-9e32-2249eb72d793@group-BAB8B816A852-LeaderElection39] INFO  server.RaftServerConfigKeys (ConfUtils.java:logGet(43)) - raft.server.log.appender.snapshot.chunk.size.max = 16MB (=16777216) (default)
2019-10-18 13:45:51,208 [25bdb850-9456-40e4-9e32-2249eb72d793@group-BAB8B816A852-LeaderElection39] INFO  server.RaftServerConfigKeys (ConfUtils.java:logGet(43)) - raft.server.log.appender.buffer.byte-limit = 33554432 (custom)
2019-10-18 13:45:51,208 [25bdb850-9456-40e4-9e32-2249eb72d793@group-BAB8B816A852-LeaderElection39] INFO  server.RaftServerConfigKeys (ConfUtils.java:logGet(43)) - raft.server.log.appender.buffer.element-limit = 1 (custom)
2019-10-18 13:45:51,209 [25bdb850-9456-40e4-9e32-2249eb72d793@group-BAB8B816A852-LeaderElection39] INFO  grpc.GrpcConfigKeys$Server (ConfUtils.java:logGet(43)) - raft.grpc.server.leader.outstanding.appends.max = 128 (default)
2019-10-18 13:45:51,209 [25bdb850-9456-40e4-9e32-2249eb72d793@group-BAB8B816A852-LeaderElection39] INFO  server.RaftServerConfigKeys (ConfUtils.java:logGet(43)) - raft.server.rpc.request.timeout = 3000ms (default)
2019-10-18 13:45:51,209 [25bdb850-9456-40e4-9e32-2249eb72d793@group-BAB8B816A852-LeaderElection39] INFO  server.RaftServerConfigKeys (ConfUtils.java:logGet(43)) - raft.server.log.appender.install.snapshot.enabled = false (custom)
2019-10-18 13:45:51,210 [25bdb850-9456-40e4-9e32-2249eb72d793@group-BAB8B816A852-LeaderElection39] INFO  server.RaftServerConfigKeys (ConfUtils.java:logGet(43)) - raft.server.log.appender.snapshot.chunk.size.max = 16MB (=16777216) (default)
2019-10-18 13:45:51,210 [25bdb850-9456-40e4-9e32-2249eb72d793@group-BAB8B816A852-LeaderElection39] INFO  server.RaftServerConfigKeys (ConfUtils.java:logGet(43)) - raft.server.log.appender.buffer.byte-limit = 33554432 (custom)
2019-10-18 13:45:51,211 [25bdb850-9456-40e4-9e32-2249eb72d793@group-BAB8B816A852-LeaderElection39] INFO  server.RaftServerConfigKeys (ConfUtils.java:logGet(43)) - raft.server.log.appender.buffer.element-limit = 1 (custom)
2019-10-18 13:45:51,211 [25bdb850-9456-40e4-9e32-2249eb72d793@group-BAB8B816A852-LeaderElection39] INFO  grpc.GrpcConfigKeys$Server (ConfUtils.java:logGet(43)) - raft.grpc.server.leader.outstanding.appends.max = 128 (default)
2019-10-18 13:45:51,211 [25bdb850-9456-40e4-9e32-2249eb72d793@group-BAB8B816A852-LeaderElection39] INFO  server.RaftServerConfigKeys (ConfUtils.java:logGet(43)) - raft.server.rpc.request.timeout = 3000ms (default)
2019-10-18 13:45:51,211 [25bdb850-9456-40e4-9e32-2249eb72d793@group-BAB8B816A852-LeaderElection39] INFO  server.RaftServerConfigKeys (ConfUtils.java:logGet(43)) - raft.server.log.appender.install.snapshot.enabled = false (custom)
2019-10-18 13:45:51,212 [25bdb850-9456-40e4-9e32-2249eb72d793@group-BAB8B816A852-LeaderElection39] INFO  impl.RoleInfo (RoleInfo.java:updateAndGet(143)) - 25bdb850-9456-40e4-9e32-2249eb72d793: start LeaderState
2019-10-18 13:45:51,213 [25bdb850-9456-40e4-9e32-2249eb72d793@group-BAB8B816A852-LeaderElection39] INFO  segmented.SegmentedRaftLogWorker (SegmentedRaftLogWorker.java:startLogSegment(385)) - 25bdb850-9456-40e4-9e32-2249eb72d793@group-BAB8B816A852-SegmentedRaftLogWorker: Starting segment from index:0
2019-10-18 13:45:51,213 [25bdb850-9456-40e4-9e32-2249eb72d793@group-BAB8B816A852-LeaderElection39] INFO  impl.RaftServerImpl (ServerState.java:setRaftConf(357)) - 25bdb850-9456-40e4-9e32-2249eb72d793@group-BAB8B816A852: set configuration 0: [9d0a2f75-ce30-4dbd-af96-5adca13389b4:192.168.69.85:35551, b7ce392e-07e5-43c4-a049-3141454252ec:192.168.69.85:43203, 25bdb850-9456-40e4-9e32-2249eb72d793:192.168.69.85:34143], old=null at 0
2019-10-18 13:45:51,214 [grpc-default-executor-1] INFO  impl.RaftServerImpl (ServerState.java:setLeader(256)) - 9d0a2f75-ce30-4dbd-af96-5adca13389b4@group-BAB8B816A852: change Leader from null to 25bdb850-9456-40e4-9e32-2249eb72d793 at term 1 for appendEntries, leader elected after 116ms
2019-10-18 13:45:51,214 [grpc-default-executor-0] INFO  impl.RaftServerImpl (ServerState.java:setLeader(256)) - b7ce392e-07e5-43c4-a049-3141454252ec@group-BAB8B816A852: change Leader from null to 25bdb850-9456-40e4-9e32-2249eb72d793 at term 1 for appendEntries, leader elected after 116ms
2019-10-18 13:45:51,244 [Thread-786] INFO  impl.FollowerState (FollowerState.java:run(108)) - 25bdb850-9456-40e4-9e32-2249eb72d793@group-58B787E4CA93-FollowerState: change to CANDIDATE, lastRpcTime:144ms, electionTimeout:122ms
2019-10-18 13:45:51,245 [Thread-786] INFO  impl.RoleInfo (RoleInfo.java:shutdownFollowerState(121)) - 25bdb850-9456-40e4-9e32-2249eb72d793: shutdown FollowerState
2019-10-18 13:45:51,245 [Thread-786] INFO  impl.RaftServerImpl (RaftServerImpl.java:setRole(184)) - 25bdb850-9456-40e4-9e32-2249eb72d793@group-58B787E4CA93: changes role from  FOLLOWER to CANDIDATE at term 36 for changeToCandidate
2019-10-18 13:45:51,245 [Thread-786] INFO  impl.RoleInfo (RoleInfo.java:updateAndGet(143)) - 25bdb850-9456-40e4-9e32-2249eb72d793: start LeaderElection
2019-10-18 13:45:51,246 [grpc-default-executor-0] INFO  impl.RaftServerImpl (ServerState.java:setRaftConf(357)) - b7ce392e-07e5-43c4-a049-3141454252ec@group-BAB8B816A852: set configuration 0: [9d0a2f75-ce30-4dbd-af96-5adca13389b4:192.168.69.85:35551, b7ce392e-07e5-43c4-a049-3141454252ec:192.168.69.85:43203, 25bdb850-9456-40e4-9e32-2249eb72d793:192.168.69.85:34143], old=null at 0
2019-10-18 13:45:51,246 [grpc-default-executor-1] INFO  impl.RaftServerImpl (ServerState.java:setRaftConf(357)) - 9d0a2f75-ce30-4dbd-af96-5adca13389b4@group-BAB8B816A852: set configuration 0: [9d0a2f75-ce30-4dbd-af96-5adca13389b4:192.168.69.85:35551, b7ce392e-07e5-43c4-a049-3141454252ec:192.168.69.85:43203, 25bdb850-9456-40e4-9e32-2249eb72d793:192.168.69.85:34143], old=null at 0
2019-10-18 13:45:51,246 [grpc-default-executor-0] INFO  segmented.SegmentedRaftLogWorker (SegmentedRaftLogWorker.java:startLogSegment(385)) - b7ce392e-07e5-43c4-a049-3141454252ec@group-BAB8B816A852-SegmentedRaftLogWorker: Starting segment from index:0
2019-10-18 13:45:51,246 [grpc-default-executor-1] INFO  segmented.SegmentedRaftLogWorker (SegmentedRaftLogWorker.java:startLogSegment(385)) - 9d0a2f75-ce30-4dbd-af96-5adca13389b4@group-BAB8B816A852-SegmentedRaftLogWorker: Starting segment from index:0
2019-10-18 13:45:51,269 [25bdb850-9456-40e4-9e32-2249eb72d793@group-58B787E4CA93-LeaderElection40] INFO  impl.LeaderElection (LeaderElection.java:askForVotes(178)) - 25bdb850-9456-40e4-9e32-2249eb72d793@group-58B787E4CA93-LeaderElection40: begin an election at term 37 for 0: [9d0a2f75-ce30-4dbd-af96-5adca13389b4:192.168.69.85:35551, b7ce392e-07e5-43c4-a049-3141454252ec:192.168.69.85:43203, 25bdb850-9456-40e4-9e32-2249eb72d793:192.168.69.85:34143], old=null
2019-10-18 13:45:51,269 [25bdb850-9456-40e4-9e32-2249eb72d793@group-BAB8B816A852-SegmentedRaftLogWorker] INFO  segmented.SegmentedRaftLogWorker (SegmentedRaftLogWorker.java:execute(576)) - 25bdb850-9456-40e4-9e32-2249eb72d793@group-BAB8B816A852-SegmentedRaftLogWorker: created new log segment /workdir/hadoop-ozone/integration-test/target/test-dir/MiniOzoneClusterImpl-9d6dd75e-a22e-4447-b646-8faf5d797e6a/datanode-2/data/ratis/76ef71cf-3dfe-4e81-a64b-bab8b816a852/current/log_inprogress_0
2019-10-18 13:45:51,271 [grpc-default-executor-1] INFO  impl.RaftServerImpl (RaftServerImpl.java:setRole(184)) - 9d0a2f75-ce30-4dbd-af96-5adca13389b4@group-58B787E4CA93: changes role from  FOLLOWER to FOLLOWER at term 37 for recognizeCandidate:25bdb850-9456-40e4-9e32-2249eb72d793
2019-10-18 13:45:51,271 [grpc-default-executor-1] INFO  impl.RoleInfo (RoleInfo.java:shutdownFollowerState(121)) - 9d0a2f75-ce30-4dbd-af96-5adca13389b4: shutdown FollowerState
2019-10-18 13:45:51,271 [grpc-default-executor-0] INFO  impl.RaftServerImpl (RaftServerImpl.java:setRole(184)) - b7ce392e-07e5-43c4-a049-3141454252ec@group-58B787E4CA93: changes role from  FOLLOWER to FOLLOWER at term 37 for recognizeCandidate:25bdb850-9456-40e4-9e32-2249eb72d793
2019-10-18 13:45:51,271 [grpc-default-executor-1] INFO  impl.RoleInfo (RoleInfo.java:updateAndGet(143)) - 9d0a2f75-ce30-4dbd-af96-5adca13389b4: start FollowerState
2019-10-18 13:45:51,271 [Thread-784] INFO  impl.FollowerState (FollowerState.java:run(117)) - 9d0a2f75-ce30-4dbd-af96-5adca13389b4@group-58B787E4CA93-FollowerState was interrupted: java.lang.InterruptedException: sleep interrupted
2019-10-18 13:45:51,271 [grpc-default-executor-0] INFO  impl.RoleInfo (RoleInfo.java:shutdownFollowerState(121)) - b7ce392e-07e5-43c4-a049-3141454252ec: shutdown FollowerState
2019-10-18 13:45:51,272 [grpc-default-executor-0] INFO  impl.RoleInfo (RoleInfo.java:updateAndGet(143)) - b7ce392e-07e5-43c4-a049-3141454252ec: start FollowerState
2019-10-18 13:45:51,272 [Thread-785] INFO  impl.FollowerState (FollowerState.java:run(117)) - b7ce392e-07e5-43c4-a049-3141454252ec@group-58B787E4CA93-FollowerState was interrupted: java.lang.InterruptedException: sleep interrupted
2019-10-18 13:45:51,283 [b7ce392e-07e5-43c4-a049-3141454252ec@group-BAB8B816A852-SegmentedRaftLogWorker] INFO  segmented.SegmentedRaftLogWorker (SegmentedRaftLogWorker.java:execute(576)) - b7ce392e-07e5-43c4-a049-3141454252ec@group-BAB8B816A852-SegmentedRaftLogWorker: created new log segment /workdir/hadoop-ozone/integration-test/target/test-dir/MiniOzoneClusterImpl-9d6dd75e-a22e-4447-b646-8faf5d797e6a/datanode-1/data/ratis/76ef71cf-3dfe-4e81-a64b-bab8b816a852/current/log_inprogress_0
2019-10-18 13:45:51,283 [9d0a2f75-ce30-4dbd-af96-5adca13389b4@group-BAB8B816A852-SegmentedRaftLogWorker] INFO  segmented.SegmentedRaftLogWorker (SegmentedRaftLogWorker.java:execute(576)) - 9d0a2f75-ce30-4dbd-af96-5adca13389b4@group-BAB8B816A852-SegmentedRaftLogWorker: created new log segment /workdir/hadoop-ozone/integration-test/target/test-dir/MiniOzoneClusterImpl-9d6dd75e-a22e-4447-b646-8faf5d797e6a/datanode-0/data/ratis/76ef71cf-3dfe-4e81-a64b-bab8b816a852/current/log_inprogress_0
2019-10-18 13:45:51,283 [25bdb850-9456-40e4-9e32-2249eb72d793@group-58B787E4CA93-LeaderElection40] INFO  impl.LeaderElection (LeaderElection.java:logAndReturn(56)) - 25bdb850-9456-40e4-9e32-2249eb72d793@group-58B787E4CA93-LeaderElection40: Election REJECTED; received 2 response(s) [25bdb850-9456-40e4-9e32-2249eb72d793<-9d0a2f75-ce30-4dbd-af96-5adca13389b4#0:FAIL-t37, 25bdb850-9456-40e4-9e32-2249eb72d793<-b7ce392e-07e5-43c4-a049-3141454252ec#0:FAIL-t37] and 0 exception(s); 25bdb850-9456-40e4-9e32-2249eb72d793@group-58B787E4CA93:t37, leader=null, voted=25bdb850-9456-40e4-9e32-2249eb72d793, raftlog=25bdb850-9456-40e4-9e32-2249eb72d793@group-58B787E4CA93-SegmentedRaftLog:OPENED:c3,f4,i4, conf=0: [9d0a2f75-ce30-4dbd-af96-5adca13389b4:192.168.69.85:35551, b7ce392e-07e5-43c4-a049-3141454252ec:192.168.69.85:43203, 25bdb850-9456-40e4-9e32-2249eb72d793:192.168.69.85:34143], old=null
2019-10-18 13:45:51,284 [25bdb850-9456-40e4-9e32-2249eb72d793@group-58B787E4CA93-LeaderElection40] INFO  impl.RaftServerImpl (RaftServerImpl.java:setRole(184)) - 25bdb850-9456-40e4-9e32-2249eb72d793@group-58B787E4CA93: changes role from CANDIDATE to FOLLOWER at term 37 for DISCOVERED_A_NEW_TERM
2019-10-18 13:45:51,284 [25bdb850-9456-40e4-9e32-2249eb72d793@group-58B787E4CA93-LeaderElection40] INFO  impl.RoleInfo (RoleInfo.java:shutdownLeaderElection(134)) - 25bdb850-9456-40e4-9e32-2249eb72d793: shutdown LeaderElection
2019-10-18 13:45:51,284 [25bdb850-9456-40e4-9e32-2249eb72d793@group-58B787E4CA93-LeaderElection40] INFO  impl.RoleInfo (RoleInfo.java:updateAndGet(143)) - 25bdb850-9456-40e4-9e32-2249eb72d793: start FollowerState
2019-10-18 13:45:51,304 [Thread-816] INFO  impl.FollowerState (FollowerState.java:run(108)) - 25bdb850-9456-40e4-9e32-2249eb72d793@group-58B787E4CA93-FollowerState: change to CANDIDATE, lastRpcTime:20ms, electionTimeout:20ms
2019-10-18 13:45:51,304 [Thread-816] INFO  impl.RoleInfo (RoleInfo.java:shutdownFollowerState(121)) - 25bdb850-9456-40e4-9e32-2249eb72d793: shutdown FollowerState
2019-10-18 13:45:51,304 [Thread-816] INFO  impl.RaftServerImpl (RaftServerImpl.java:setRole(184)) - 25bdb850-9456-40e4-9e32-2249eb72d793@group-58B787E4CA93: changes role from  FOLLOWER to CANDIDATE at term 37 for changeToCandidate
2019-10-18 13:45:51,304 [Thread-816] INFO  impl.RoleInfo (RoleInfo.java:updateAndGet(143)) - 25bdb850-9456-40e4-9e32-2249eb72d793: start LeaderElection
2019-10-18 13:45:51,317 [BlockDeletingService#2] WARN  background.BlockDeletingService (BlockDeletingService.java:isDeletionAllowed(187)) - Close Container log Index 6 is not replicated across allthe servers in the pipeline 959e288b-eace-4bc0-b5b0-58b787e4ca93 as the min replicated index is 4. Deletion is not allowed in this container yet.
2019-10-18 13:45:51,317 [25bdb850-9456-40e4-9e32-2249eb72d793@group-58B787E4CA93-LeaderElection41] INFO  impl.LeaderElection (LeaderElection.java:askForVotes(178)) - 25bdb850-9456-40e4-9e32-2249eb72d793@group-58B787E4CA93-LeaderElection41: begin an election at term 38 for 0: [9d0a2f75-ce30-4dbd-af96-5adca13389b4:192.168.69.85:35551, b7ce392e-07e5-43c4-a049-3141454252ec:192.168.69.85:43203, 25bdb850-9456-40e4-9e32-2249eb72d793:192.168.69.85:34143], old=null
2019-10-18 13:45:51,318 [BlockDeletingService#2] WARN  background.BlockDeletingService (BlockDeletingService.java:isDeletionAllowed(187)) - Close Container log Index 6 is not replicated across allthe servers in the pipeline 959e288b-eace-4bc0-b5b0-58b787e4ca93 as the min replicated index is 4. Deletion is not allowed in this container yet.
2019-10-18 13:45:51,319 [grpc-default-executor-0] INFO  impl.RaftServerImpl (RaftServerImpl.java:setRole(184)) - b7ce392e-07e5-43c4-a049-3141454252ec@group-58B787E4CA93: changes role from  FOLLOWER to FOLLOWER at term 38 for recognizeCandidate:25bdb850-9456-40e4-9e32-2249eb72d793
2019-10-18 13:45:51,319 [grpc-default-executor-0] INFO  impl.RoleInfo (RoleInfo.java:shutdownFollowerState(121)) - b7ce392e-07e5-43c4-a049-3141454252ec: shutdown FollowerState
2019-10-18 13:45:51,320 [grpc-default-executor-0] INFO  impl.RoleInfo (RoleInfo.java:updateAndGet(143)) - b7ce392e-07e5-43c4-a049-3141454252ec: start FollowerState
2019-10-18 13:45:51,320 [Thread-814] INFO  impl.FollowerState (FollowerState.java:run(117)) - b7ce392e-07e5-43c4-a049-3141454252ec@group-58B787E4CA93-FollowerState was interrupted: java.lang.InterruptedException: sleep interrupted
2019-10-18 13:45:51,320 [grpc-default-executor-1] INFO  impl.RaftServerImpl (RaftServerImpl.java:setRole(184)) - 9d0a2f75-ce30-4dbd-af96-5adca13389b4@group-58B787E4CA93: changes role from  FOLLOWER to FOLLOWER at term 38 for recognizeCandidate:25bdb850-9456-40e4-9e32-2249eb72d793
2019-10-18 13:45:51,320 [grpc-default-executor-1] INFO  impl.RoleInfo (RoleInfo.java:shutdownFollowerState(121)) - 9d0a2f75-ce30-4dbd-af96-5adca13389b4: shutdown FollowerState
2019-10-18 13:45:51,321 [grpc-default-executor-1] INFO  impl.RoleInfo (RoleInfo.java:updateAndGet(143)) - 9d0a2f75-ce30-4dbd-af96-5adca13389b4: start FollowerState
2019-10-18 13:45:51,321 [Thread-813] INFO  impl.FollowerState (FollowerState.java:run(117)) - 9d0a2f75-ce30-4dbd-af96-5adca13389b4@group-58B787E4CA93-FollowerState was interrupted: java.lang.InterruptedException: sleep interrupted
2019-10-18 13:45:51,347 [25bdb850-9456-40e4-9e32-2249eb72d793@group-58B787E4CA93-LeaderElection41] INFO  impl.LeaderElection (LeaderElection.java:logAndReturn(56)) - 25bdb850-9456-40e4-9e32-2249eb72d793@group-58B787E4CA93-LeaderElection41: Election REJECTED; received 2 response(s) [25bdb850-9456-40e4-9e32-2249eb72d793<-9d0a2f75-ce30-4dbd-af96-5adca13389b4#0:FAIL-t38, 25bdb850-9456-40e4-9e32-2249eb72d793<-b7ce392e-07e5-43c4-a049-3141454252ec#0:FAIL-t38] and 0 exception(s); 25bdb850-9456-40e4-9e32-2249eb72d793@group-58B787E4CA93:t38, leader=null, voted=25bdb850-9456-40e4-9e32-2249eb72d793, raftlog=25bdb850-9456-40e4-9e32-2249eb72d793@group-58B787E4CA93-SegmentedRaftLog:OPENED:c3,f4,i4, conf=0: [9d0a2f75-ce30-4dbd-af96-5adca13389b4:192.168.69.85:35551, b7ce392e-07e5-43c4-a049-3141454252ec:192.168.69.85:43203, 25bdb850-9456-40e4-9e32-2249eb72d793:192.168.69.85:34143], old=null
2019-10-18 13:45:51,347 [25bdb850-9456-40e4-9e32-2249eb72d793@group-58B787E4CA93-LeaderElection41] INFO  impl.RaftServerImpl (RaftServerImpl.java:setRole(184)) - 25bdb850-9456-40e4-9e32-2249eb72d793@group-58B787E4CA93: changes role from CANDIDATE to FOLLOWER at term 38 for DISCOVERED_A_NEW_TERM
2019-10-18 13:45:51,347 [25bdb850-9456-40e4-9e32-2249eb72d793@group-58B787E4CA93-LeaderElection41] INFO  impl.RoleInfo (RoleInfo.java:shutdownLeaderElection(134)) - 25bdb850-9456-40e4-9e32-2249eb72d793: shutdown LeaderElection
2019-10-18 13:45:51,347 [25bdb850-9456-40e4-9e32-2249eb72d793@group-58B787E4CA93-LeaderElection41] INFO  impl.RoleInfo (RoleInfo.java:updateAndGet(143)) - 25bdb850-9456-40e4-9e32-2249eb72d793: start FollowerState
2019-10-18 13:45:51,378 [EventQueue-PendingDeleteStatusForPendingDeleteHandler] INFO  block.SCMBlockDeletingService (SCMBlockDeletingService.java:handlePendingDeletes(115)) - Block deletion txnID mismatch in datanode 25bdb850-9456-40e4-9e32-2249eb72d793 for containerID 1. Datanode delete txnID: 0, SCM txnID: 1
2019-10-18 13:45:51,386 [Thread-827] INFO  client.GrpcClientProtocolService (GrpcClientProtocolService.java:lambda$processClientRequest$0(278)) - Failed RaftClientRequest:client-B7AACEF92521->b7ce392e-07e5-43c4-a049-3141454252ec@group-58B787E4CA93, cid=10, seq=0, Watch-ALL_COMMITTED(6), Message:<EMPTY>, reply=RaftClientReply:client-B7AACEF92521->b7ce392e-07e5-43c4-a049-3141454252ec@group-58B787E4CA93, cid=10, FAILED org.apache.ratis.protocol.NotLeaderException: Server b7ce392e-07e5-43c4-a049-3141454252ec@group-58B787E4CA93 is not the leader, logIndex=0, commits[b7ce392e-07e5-43c4-a049-3141454252ec:c10, 9d0a2f75-ce30-4dbd-af96-5adca13389b4:c10, 25bdb850-9456-40e4-9e32-2249eb72d793:c4]
2019-10-18 13:45:51,522 [Thread-825] INFO  impl.FollowerState (FollowerState.java:run(108)) - 25bdb850-9456-40e4-9e32-2249eb72d793@group-58B787E4CA93-FollowerState: change to CANDIDATE, lastRpcTime:174ms, electionTimeout:174ms
2019-10-18 13:45:51,522 [Thread-825] INFO  impl.RoleInfo (RoleInfo.java:shutdownFollowerState(121)) - 25bdb850-9456-40e4-9e32-2249eb72d793: shutdown FollowerState
2019-10-18 13:45:51,522 [Thread-825] INFO  impl.RaftServerImpl (RaftServerImpl.java:setRole(184)) - 25bdb850-9456-40e4-9e32-2249eb72d793@group-58B787E4CA93: changes role from  FOLLOWER to CANDIDATE at term 38 for changeToCandidate
2019-10-18 13:45:51,522 [Thread-825] INFO  impl.RoleInfo (RoleInfo.java:updateAndGet(143)) - 25bdb850-9456-40e4-9e32-2249eb72d793: start LeaderElection
2019-10-18 13:45:51,536 [25bdb850-9456-40e4-9e32-2249eb72d793@group-58B787E4CA93-LeaderElection42] INFO  impl.LeaderElection (LeaderElection.java:askForVotes(178)) - 25bdb850-9456-40e4-9e32-2249eb72d793@group-58B787E4CA93-LeaderElection42: begin an election at term 39 for 0: [9d0a2f75-ce30-4dbd-af96-5adca13389b4:192.168.69.85:35551, b7ce392e-07e5-43c4-a049-3141454252ec:192.168.69.85:43203, 25bdb850-9456-40e4-9e32-2249eb72d793:192.168.69.85:34143], old=null
2019-10-18 13:45:51,539 [grpc-default-executor-1] INFO  impl.RaftServerImpl (RaftServerImpl.java:setRole(184)) - 9d0a2f75-ce30-4dbd-af96-5adca13389b4@group-58B787E4CA93: changes role from  FOLLOWER to FOLLOWER at term 39 for recognizeCandidate:25bdb850-9456-40e4-9e32-2249eb72d793
2019-10-18 13:45:51,539 [grpc-default-executor-0] INFO  impl.RaftServerImpl (RaftServerImpl.java:setRole(184)) - b7ce392e-07e5-43c4-a049-3141454252ec@group-58B787E4CA93: changes role from  FOLLOWER to FOLLOWER at term 39 for recognizeCandidate:25bdb850-9456-40e4-9e32-2249eb72d793
2019-10-18 13:45:51,539 [grpc-default-executor-1] INFO  impl.RoleInfo (RoleInfo.java:shutdownFollowerState(121)) - 9d0a2f75-ce30-4dbd-af96-5adca13389b4: shutdown FollowerState
2019-10-18 13:45:51,539 [grpc-default-executor-0] INFO  impl.RoleInfo (RoleInfo.java:shutdownFollowerState(121)) - b7ce392e-07e5-43c4-a049-3141454252ec: shutdown FollowerState
2019-10-18 13:45:51,540 [grpc-default-executor-1] INFO  impl.RoleInfo (RoleInfo.java:updateAndGet(143)) - 9d0a2f75-ce30-4dbd-af96-5adca13389b4: start FollowerState
2019-10-18 13:45:51,540 [Thread-824] INFO  impl.FollowerState (FollowerState.java:run(117)) - 9d0a2f75-ce30-4dbd-af96-5adca13389b4@group-58B787E4CA93-FollowerState was interrupted: java.lang.InterruptedException: sleep interrupted
2019-10-18 13:45:51,540 [grpc-default-executor-0] INFO  impl.RoleInfo (RoleInfo.java:updateAndGet(143)) - b7ce392e-07e5-43c4-a049-3141454252ec: start FollowerState
2019-10-18 13:45:51,540 [Thread-823] INFO  impl.FollowerState (FollowerState.java:run(117)) - b7ce392e-07e5-43c4-a049-3141454252ec@group-58B787E4CA93-FollowerState was interrupted: java.lang.InterruptedException: sleep interrupted
2019-10-18 13:45:51,554 [25bdb850-9456-40e4-9e32-2249eb72d793@group-58B787E4CA93-LeaderElection42] INFO  impl.LeaderElection (LeaderElection.java:logAndReturn(56)) - 25bdb850-9456-40e4-9e32-2249eb72d793@group-58B787E4CA93-LeaderElection42: Election REJECTED; received 2 response(s) [25bdb850-9456-40e4-9e32-2249eb72d793<-9d0a2f75-ce30-4dbd-af96-5adca13389b4#0:FAIL-t39, 25bdb850-9456-40e4-9e32-2249eb72d793<-b7ce392e-07e5-43c4-a049-3141454252ec#0:FAIL-t39] and 0 exception(s); 25bdb850-9456-40e4-9e32-2249eb72d793@group-58B787E4CA93:t39, leader=null, voted=25bdb850-9456-40e4-9e32-2249eb72d793, raftlog=25bdb850-9456-40e4-9e32-2249eb72d793@group-58B787E4CA93-SegmentedRaftLog:OPENED:c3,f4,i4, conf=0: [9d0a2f75-ce30-4dbd-af96-5adca13389b4:192.168.69.85:35551, b7ce392e-07e5-43c4-a049-3141454252ec:192.168.69.85:43203, 25bdb850-9456-40e4-9e32-2249eb72d793:192.168.69.85:34143], old=null
2019-10-18 13:45:51,554 [25bdb850-9456-40e4-9e32-2249eb72d793@group-58B787E4CA93-LeaderElection42] INFO  impl.RaftServerImpl (RaftServerImpl.java:setRole(184)) - 25bdb850-9456-40e4-9e32-2249eb72d793@group-58B787E4CA93: changes role from CANDIDATE to FOLLOWER at term 39 for DISCOVERED_A_NEW_TERM
2019-10-18 13:45:51,554 [25bdb850-9456-40e4-9e32-2249eb72d793@group-58B787E4CA93-LeaderElection42] INFO  impl.RoleInfo (RoleInfo.java:shutdownLeaderElection(134)) - 25bdb850-9456-40e4-9e32-2249eb72d793: shutdown LeaderElection
2019-10-18 13:45:51,554 [25bdb850-9456-40e4-9e32-2249eb72d793@group-58B787E4CA93-LeaderElection42] INFO  impl.RoleInfo (RoleInfo.java:updateAndGet(143)) - 25bdb850-9456-40e4-9e32-2249eb72d793: start FollowerState
2019-10-18 13:45:51,677 [Thread-834] INFO  impl.FollowerState (FollowerState.java:run(108)) - 25bdb850-9456-40e4-9e32-2249eb72d793@group-58B787E4CA93-FollowerState: change to CANDIDATE, lastRpcTime:122ms, electionTimeout:122ms
2019-10-18 13:45:51,677 [Thread-834] INFO  impl.RoleInfo (RoleInfo.java:shutdownFollowerState(121)) - 25bdb850-9456-40e4-9e32-2249eb72d793: shutdown FollowerState
2019-10-18 13:45:51,677 [Thread-834] INFO  impl.RaftServerImpl (RaftServerImpl.java:setRole(184)) - 25bdb850-9456-40e4-9e32-2249eb72d793@group-58B787E4CA93: changes role from  FOLLOWER to CANDIDATE at term 39 for changeToCandidate
2019-10-18 13:45:51,677 [Thread-834] INFO  impl.RoleInfo (RoleInfo.java:updateAndGet(143)) - 25bdb850-9456-40e4-9e32-2249eb72d793: start LeaderElection
2019-10-18 13:45:51,699 [25bdb850-9456-40e4-9e32-2249eb72d793@group-58B787E4CA93-LeaderElection43] INFO  impl.LeaderElection (LeaderElection.java:askForVotes(178)) - 25bdb850-9456-40e4-9e32-2249eb72d793@group-58B787E4CA93-LeaderElection43: begin an election at term 40 for 0: [9d0a2f75-ce30-4dbd-af96-5adca13389b4:192.168.69.85:35551, b7ce392e-07e5-43c4-a049-3141454252ec:192.168.69.85:43203, 25bdb850-9456-40e4-9e32-2249eb72d793:192.168.69.85:34143], old=null
2019-10-18 13:45:51,702 [grpc-default-executor-1] INFO  impl.RaftServerImpl (RaftServerImpl.java:setRole(184)) - 9d0a2f75-ce30-4dbd-af96-5adca13389b4@group-58B787E4CA93: changes role from  FOLLOWER to FOLLOWER at term 40 for recognizeCandidate:25bdb850-9456-40e4-9e32-2249eb72d793
2019-10-18 13:45:51,702 [grpc-default-executor-0] INFO  impl.RaftServerImpl (RaftServerImpl.java:setRole(184)) - b7ce392e-07e5-43c4-a049-3141454252ec@group-58B787E4CA93: changes role from  FOLLOWER to FOLLOWER at term 40 for recognizeCandidate:25bdb850-9456-40e4-9e32-2249eb72d793
2019-10-18 13:45:51,703 [grpc-default-executor-1] INFO  impl.RoleInfo (RoleInfo.java:shutdownFollowerState(121)) - 9d0a2f75-ce30-4dbd-af96-5adca13389b4: shutdown FollowerState
2019-10-18 13:45:51,703 [grpc-default-executor-0] INFO  impl.RoleInfo (RoleInfo.java:shutdownFollowerState(121)) - b7ce392e-07e5-43c4-a049-3141454252ec: shutdown FollowerState
2019-10-18 13:45:51,703 [grpc-default-executor-1] INFO  impl.RoleInfo (RoleInfo.java:updateAndGet(143)) - 9d0a2f75-ce30-4dbd-af96-5adca13389b4: start FollowerState
2019-10-18 13:45:51,703 [Thread-832] INFO  impl.FollowerState (FollowerState.java:run(117)) - 9d0a2f75-ce30-4dbd-af96-5adca13389b4@group-58B787E4CA93-FollowerState was interrupted: java.lang.InterruptedException: sleep interrupted
2019-10-18 13:45:51,703 [Thread-833] INFO  impl.FollowerState (FollowerState.java:run(117)) - b7ce392e-07e5-43c4-a049-3141454252ec@group-58B787E4CA93-FollowerState was interrupted: java.lang.InterruptedException: sleep interrupted
2019-10-18 13:45:51,703 [grpc-default-executor-0] INFO  impl.RoleInfo (RoleInfo.java:updateAndGet(143)) - b7ce392e-07e5-43c4-a049-3141454252ec: start FollowerState
2019-10-18 13:45:51,719 [25bdb850-9456-40e4-9e32-2249eb72d793@group-58B787E4CA93-LeaderElection43] INFO  impl.LeaderElection (LeaderElection.java:logAndReturn(56)) - 25bdb850-9456-40e4-9e32-2249eb72d793@group-58B787E4CA93-LeaderElection43: Election REJECTED; received 2 response(s) [25bdb850-9456-40e4-9e32-2249eb72d793<-9d0a2f75-ce30-4dbd-af96-5adca13389b4#0:FAIL-t40, 25bdb850-9456-40e4-9e32-2249eb72d793<-b7ce392e-07e5-43c4-a049-3141454252ec#0:FAIL-t40] and 0 exception(s); 25bdb850-9456-40e4-9e32-2249eb72d793@group-58B787E4CA93:t40, leader=null, voted=25bdb850-9456-40e4-9e32-2249eb72d793, raftlog=25bdb850-9456-40e4-9e32-2249eb72d793@group-58B787E4CA93-SegmentedRaftLog:OPENED:c3,f4,i4, conf=0: [9d0a2f75-ce30-4dbd-af96-5adca13389b4:192.168.69.85:35551, b7ce392e-07e5-43c4-a049-3141454252ec:192.168.69.85:43203, 25bdb850-9456-40e4-9e32-2249eb72d793:192.168.69.85:34143], old=null
2019-10-18 13:45:51,719 [25bdb850-9456-40e4-9e32-2249eb72d793@group-58B787E4CA93-LeaderElection43] INFO  impl.RaftServerImpl (RaftServerImpl.java:setRole(184)) - 25bdb850-9456-40e4-9e32-2249eb72d793@group-58B787E4CA93: changes role from CANDIDATE to FOLLOWER at term 40 for DISCOVERED_A_NEW_TERM
2019-10-18 13:45:51,719 [25bdb850-9456-40e4-9e32-2249eb72d793@group-58B787E4CA93-LeaderElection43] INFO  impl.RoleInfo (RoleInfo.java:shutdownLeaderElection(134)) - 25bdb850-9456-40e4-9e32-2249eb72d793: shutdown LeaderElection
2019-10-18 13:45:51,719 [25bdb850-9456-40e4-9e32-2249eb72d793@group-58B787E4CA93-LeaderElection43] INFO  impl.RoleInfo (RoleInfo.java:updateAndGet(143)) - 25bdb850-9456-40e4-9e32-2249eb72d793: start FollowerState
2019-10-18 13:45:51,748 [Thread-840] INFO  impl.FollowerState (FollowerState.java:run(108)) - 25bdb850-9456-40e4-9e32-2249eb72d793@group-58B787E4CA93-FollowerState: change to CANDIDATE, lastRpcTime:29ms, electionTimeout:29ms
2019-10-18 13:45:51,749 [Thread-840] INFO  impl.RoleInfo (RoleInfo.java:shutdownFollowerState(121)) - 25bdb850-9456-40e4-9e32-2249eb72d793: shutdown FollowerState
2019-10-18 13:45:51,749 [Thread-840] INFO  impl.RaftServerImpl (RaftServerImpl.java:setRole(184)) - 25bdb850-9456-40e4-9e32-2249eb72d793@group-58B787E4CA93: changes role from  FOLLOWER to CANDIDATE at term 40 for changeToCandidate
2019-10-18 13:45:51,749 [Thread-840] INFO  impl.RoleInfo (RoleInfo.java:updateAndGet(143)) - 25bdb850-9456-40e4-9e32-2249eb72d793: start LeaderElection
2019-10-18 13:45:51,763 [25bdb850-9456-40e4-9e32-2249eb72d793@group-58B787E4CA93-LeaderElection44] INFO  impl.LeaderElection (LeaderElection.java:askForVotes(178)) - 25bdb850-9456-40e4-9e32-2249eb72d793@group-58B787E4CA93-LeaderElection44: begin an election at term 41 for 0: [9d0a2f75-ce30-4dbd-af96-5adca13389b4:192.168.69.85:35551, b7ce392e-07e5-43c4-a049-3141454252ec:192.168.69.85:43203, 25bdb850-9456-40e4-9e32-2249eb72d793:192.168.69.85:34143], old=null
2019-10-18 13:45:51,766 [grpc-default-executor-1] INFO  impl.RaftServerImpl (RaftServerImpl.java:setRole(184)) - 9d0a2f75-ce30-4dbd-af96-5adca13389b4@group-58B787E4CA93: changes role from  FOLLOWER to FOLLOWER at term 41 for recognizeCandidate:25bdb850-9456-40e4-9e32-2249eb72d793
2019-10-18 13:45:51,766 [grpc-default-executor-1] INFO  impl.RoleInfo (RoleInfo.java:shutdownFollowerState(121)) - 9d0a2f75-ce30-4dbd-af96-5adca13389b4: shutdown FollowerState
2019-10-18 13:45:51,766 [grpc-default-executor-0] INFO  impl.RaftServerImpl (RaftServerImpl.java:setRole(184)) - b7ce392e-07e5-43c4-a049-3141454252ec@group-58B787E4CA93: changes role from  FOLLOWER to FOLLOWER at term 41 for recognizeCandidate:25bdb850-9456-40e4-9e32-2249eb72d793
2019-10-18 13:45:51,766 [Thread-838] INFO  impl.FollowerState (FollowerState.java:run(117)) - 9d0a2f75-ce30-4dbd-af96-5adca13389b4@group-58B787E4CA93-FollowerState was interrupted: java.lang.InterruptedException: sleep interrupted
2019-10-18 13:45:51,766 [grpc-default-executor-1] INFO  impl.RoleInfo (RoleInfo.java:updateAndGet(143)) - 9d0a2f75-ce30-4dbd-af96-5adca13389b4: start FollowerState
2019-10-18 13:45:51,766 [grpc-default-executor-0] INFO  impl.RoleInfo (RoleInfo.java:shutdownFollowerState(121)) - b7ce392e-07e5-43c4-a049-3141454252ec: shutdown FollowerState
2019-10-18 13:45:51,767 [grpc-default-executor-0] INFO  impl.RoleInfo (RoleInfo.java:updateAndGet(143)) - b7ce392e-07e5-43c4-a049-3141454252ec: start FollowerState
2019-10-18 13:45:51,767 [Thread-839] INFO  impl.FollowerState (FollowerState.java:run(117)) - b7ce392e-07e5-43c4-a049-3141454252ec@group-58B787E4CA93-FollowerState was interrupted: java.lang.InterruptedException: sleep interrupted
2019-10-18 13:45:51,778 [EventQueue-PendingDeleteStatusForPendingDeleteHandler] INFO  block.SCMBlockDeletingService (SCMBlockDeletingService.java:handlePendingDeletes(115)) - Block deletion txnID mismatch in datanode 25bdb850-9456-40e4-9e32-2249eb72d793 for containerID 1. Datanode delete txnID: 0, SCM txnID: 1
2019-10-18 13:45:51,781 [25bdb850-9456-40e4-9e32-2249eb72d793@group-58B787E4CA93-LeaderElection44] INFO  impl.LeaderElection (LeaderElection.java:logAndReturn(56)) - 25bdb850-9456-40e4-9e32-2249eb72d793@group-58B787E4CA93-LeaderElection44: Election REJECTED; received 2 response(s) [25bdb850-9456-40e4-9e32-2249eb72d793<-9d0a2f75-ce30-4dbd-af96-5adca13389b4#0:FAIL-t41, 25bdb850-9456-40e4-9e32-2249eb72d793<-b7ce392e-07e5-43c4-a049-3141454252ec#0:FAIL-t41] and 0 exception(s); 25bdb850-9456-40e4-9e32-2249eb72d793@group-58B787E4CA93:t41, leader=null, voted=25bdb850-9456-40e4-9e32-2249eb72d793, raftlog=25bdb850-9456-40e4-9e32-2249eb72d793@group-58B787E4CA93-SegmentedRaftLog:OPENED:c3,f4,i4, conf=0: [9d0a2f75-ce30-4dbd-af96-5adca13389b4:192.168.69.85:35551, b7ce392e-07e5-43c4-a049-3141454252ec:192.168.69.85:43203, 25bdb850-9456-40e4-9e32-2249eb72d793:192.168.69.85:34143], old=null
2019-10-18 13:45:51,782 [25bdb850-9456-40e4-9e32-2249eb72d793@group-58B787E4CA93-LeaderElection44] INFO  impl.RaftServerImpl (RaftServerImpl.java:setRole(184)) - 25bdb850-9456-40e4-9e32-2249eb72d793@group-58B787E4CA93: changes role from CANDIDATE to FOLLOWER at term 41 for DISCOVERED_A_NEW_TERM
2019-10-18 13:45:51,782 [25bdb850-9456-40e4-9e32-2249eb72d793@group-58B787E4CA93-LeaderElection44] INFO  impl.RoleInfo (RoleInfo.java:shutdownLeaderElection(134)) - 25bdb850-9456-40e4-9e32-2249eb72d793: shutdown LeaderElection
2019-10-18 13:45:51,782 [25bdb850-9456-40e4-9e32-2249eb72d793@group-58B787E4CA93-LeaderElection44] INFO  impl.RoleInfo (RoleInfo.java:updateAndGet(143)) - 25bdb850-9456-40e4-9e32-2249eb72d793: start FollowerState
2019-10-18 13:45:51,799 [pool-7-thread-6] INFO  commands.RetriableDatanodeEventWatcher (RetriableDatanodeEventWatcher.java:onTimeout(47)) - RetriableDatanodeCommand type=deleteBlocksCommand with id=1571406343792 timed out. Retrying.
2019-10-18 13:45:51,799 [pool-7-thread-5] INFO  commands.RetriableDatanodeEventWatcher (RetriableDatanodeEventWatcher.java:onTimeout(47)) - RetriableDatanodeCommand type=deleteBlocksCommand with id=1571406343789 timed out. Retrying.
2019-10-18 13:45:51,799 [pool-7-thread-4] INFO  commands.RetriableDatanodeEventWatcher (RetriableDatanodeEventWatcher.java:onTimeout(47)) - RetriableDatanodeCommand type=deleteBlocksCommand with id=1571406343795 timed out. Retrying.
2019-10-18 13:45:51,800 [pool-7-thread-2] INFO  commands.RetriableDatanodeEventWatcher (RetriableDatanodeEventWatcher.java:onTimeout(47)) - RetriableDatanodeCommand type=deleteBlocksCommand with id=1571406343797 timed out. Retrying.
2019-10-18 13:45:51,800 [pool-7-thread-3] INFO  commands.RetriableDatanodeEventWatcher (RetriableDatanodeEventWatcher.java:onTimeout(47)) - RetriableDatanodeCommand type=deleteBlocksCommand with id=1571406343798 timed out. Retrying.
2019-10-18 13:45:51,800 [pool-7-thread-5] INFO  commands.RetriableDatanodeEventWatcher (RetriableDatanodeEventWatcher.java:onTimeout(47)) - RetriableDatanodeCommand type=deleteBlocksCommand with id=1571406343799 timed out. Retrying.
2019-10-18 13:45:51,800 [SCMBlockDeletingService#1] INFO  block.SCMBlockDeletingService (SCMBlockDeletingService.java:call(184)) - Totally added 1 delete blocks command for 1 datanodes, task elapsed time: 1ms
2019-10-18 13:45:51,800 [pool-7-thread-1] INFO  commands.RetriableDatanodeEventWatcher (RetriableDatanodeEventWatcher.java:onTimeout(47)) - RetriableDatanodeCommand type=deleteBlocksCommand with id=1571406343796 timed out. Retrying.
2019-10-18 13:45:51,800 [pool-7-thread-6] INFO  commands.RetriableDatanodeEventWatcher (RetriableDatanodeEventWatcher.java:onTimeout(47)) - RetriableDatanodeCommand type=deleteBlocksCommand with id=1571406343794 timed out. Retrying.
2019-10-18 13:45:51,935 [Thread-846] INFO  impl.FollowerState (FollowerState.java:run(108)) - 25bdb850-9456-40e4-9e32-2249eb72d793@group-58B787E4CA93-FollowerState: change to CANDIDATE, lastRpcTime:153ms, electionTimeout:153ms
2019-10-18 13:45:51,936 [Thread-846] INFO  impl.RoleInfo (RoleInfo.java:shutdownFollowerState(121)) - 25bdb850-9456-40e4-9e32-2249eb72d793: shutdown FollowerState
2019-10-18 13:45:51,936 [Thread-846] INFO  impl.RaftServerImpl (RaftServerImpl.java:setRole(184)) - 25bdb850-9456-40e4-9e32-2249eb72d793@group-58B787E4CA93: changes role from  FOLLOWER to CANDIDATE at term 41 for changeToCandidate
2019-10-18 13:45:51,936 [Thread-846] INFO  impl.RoleInfo (RoleInfo.java:updateAndGet(143)) - 25bdb850-9456-40e4-9e32-2249eb72d793: start LeaderElection
2019-10-18 13:45:51,963 [25bdb850-9456-40e4-9e32-2249eb72d793@group-58B787E4CA93-LeaderElection45] INFO  impl.LeaderElection (LeaderElection.java:askForVotes(178)) - 25bdb850-9456-40e4-9e32-2249eb72d793@group-58B787E4CA93-LeaderElection45: begin an election at term 42 for 0: [9d0a2f75-ce30-4dbd-af96-5adca13389b4:192.168.69.85:35551, b7ce392e-07e5-43c4-a049-3141454252ec:192.168.69.85:43203, 25bdb850-9456-40e4-9e32-2249eb72d793:192.168.69.85:34143], old=null
2019-10-18 13:45:51,966 [grpc-default-executor-0] INFO  impl.RaftServerImpl (RaftServerImpl.java:setRole(184)) - b7ce392e-07e5-43c4-a049-3141454252ec@group-58B787E4CA93: changes role from  FOLLOWER to FOLLOWER at term 42 for recognizeCandidate:25bdb850-9456-40e4-9e32-2249eb72d793
2019-10-18 13:45:51,966 [grpc-default-executor-1] INFO  impl.RaftServerImpl (RaftServerImpl.java:setRole(184)) - 9d0a2f75-ce30-4dbd-af96-5adca13389b4@group-58B787E4CA93: changes role from  FOLLOWER to FOLLOWER at term 42 for recognizeCandidate:25bdb850-9456-40e4-9e32-2249eb72d793
2019-10-18 13:45:51,966 [grpc-default-executor-0] INFO  impl.RoleInfo (RoleInfo.java:shutdownFollowerState(121)) - b7ce392e-07e5-43c4-a049-3141454252ec: shutdown FollowerState
2019-10-18 13:45:51,966 [grpc-default-executor-1] INFO  impl.RoleInfo (RoleInfo.java:shutdownFollowerState(121)) - 9d0a2f75-ce30-4dbd-af96-5adca13389b4: shutdown FollowerState
2019-10-18 13:45:51,967 [grpc-default-executor-0] INFO  impl.RoleInfo (RoleInfo.java:updateAndGet(143)) - b7ce392e-07e5-43c4-a049-3141454252ec: start FollowerState
2019-10-18 13:45:51,967 [Thread-844] INFO  impl.FollowerState (FollowerState.java:run(117)) - 9d0a2f75-ce30-4dbd-af96-5adca13389b4@group-58B787E4CA93-FollowerState was interrupted: java.lang.InterruptedException: sleep interrupted
2019-10-18 13:45:51,967 [grpc-default-executor-1] INFO  impl.RoleInfo (RoleInfo.java:updateAndGet(143)) - 9d0a2f75-ce30-4dbd-af96-5adca13389b4: start FollowerState
2019-10-18 13:45:51,967 [Thread-845] INFO  impl.FollowerState (FollowerState.java:run(117)) - b7ce392e-07e5-43c4-a049-3141454252ec@group-58B787E4CA93-FollowerState was interrupted: java.lang.InterruptedException: sleep interrupted
2019-10-18 13:45:51,979 [EventQueue-PendingDeleteStatusForPendingDeleteHandler] INFO  block.SCMBlockDeletingService (SCMBlockDeletingService.java:handlePendingDeletes(115)) - Block deletion txnID mismatch in datanode 25bdb850-9456-40e4-9e32-2249eb72d793 for containerID 1. Datanode delete txnID: 0, SCM txnID: 1
2019-10-18 13:45:51,982 [25bdb850-9456-40e4-9e32-2249eb72d793@group-58B787E4CA93-LeaderElection45] INFO  impl.LeaderElection (LeaderElection.java:logAndReturn(56)) - 25bdb850-9456-40e4-9e32-2249eb72d793@group-58B787E4CA93-LeaderElection45: Election REJECTED; received 2 response(s) [25bdb850-9456-40e4-9e32-2249eb72d793<-9d0a2f75-ce30-4dbd-af96-5adca13389b4#0:FAIL-t42, 25bdb850-9456-40e4-9e32-2249eb72d793<-b7ce392e-07e5-43c4-a049-3141454252ec#0:FAIL-t42] and 0 exception(s); 25bdb850-9456-40e4-9e32-2249eb72d793@group-58B787E4CA93:t42, leader=null, voted=25bdb850-9456-40e4-9e32-2249eb72d793, raftlog=25bdb850-9456-40e4-9e32-2249eb72d793@group-58B787E4CA93-SegmentedRaftLog:OPENED:c3,f4,i4, conf=0: [9d0a2f75-ce30-4dbd-af96-5adca13389b4:192.168.69.85:35551, b7ce392e-07e5-43c4-a049-3141454252ec:192.168.69.85:43203, 25bdb850-9456-40e4-9e32-2249eb72d793:192.168.69.85:34143], old=null
2019-10-18 13:45:51,982 [Command processor thread] INFO  commandhandler.DeleteBlocksCommandHandler (DeleteBlocksCommandHandler.java:handle(106)) - Start to delete container blocks, TXIDs=[1(0)], numOfContainers=1, numOfBlocks=1
2019-10-18 13:45:51,982 [25bdb850-9456-40e4-9e32-2249eb72d793@group-58B787E4CA93-LeaderElection45] INFO  impl.RaftServerImpl (RaftServerImpl.java:setRole(184)) - 25bdb850-9456-40e4-9e32-2249eb72d793@group-58B787E4CA93: changes role from CANDIDATE to FOLLOWER at term 42 for DISCOVERED_A_NEW_TERM
2019-10-18 13:45:51,983 [25bdb850-9456-40e4-9e32-2249eb72d793@group-58B787E4CA93-LeaderElection45] INFO  impl.RoleInfo (RoleInfo.java:shutdownLeaderElection(134)) - 25bdb850-9456-40e4-9e32-2249eb72d793: shutdown LeaderElection
2019-10-18 13:45:51,983 [25bdb850-9456-40e4-9e32-2249eb72d793@group-58B787E4CA93-LeaderElection45] INFO  impl.RoleInfo (RoleInfo.java:updateAndGet(143)) - 25bdb850-9456-40e4-9e32-2249eb72d793: start FollowerState
2019-10-18 13:45:51,983 [Command processor thread] INFO  commandhandler.DeleteBlocksCommandHandler (DeleteBlocksCommandHandler.java:handle(106)) - Start to delete container blocks, TXIDs=[1(2)], numOfContainers=1, numOfBlocks=1
2019-10-18 13:45:51,983 [Command processor thread] INFO  commandhandler.DeleteBlocksCommandHandler (DeleteBlocksCommandHandler.java:handle(106)) - Start to delete container blocks, TXIDs=[1(0)], numOfContainers=1, numOfBlocks=1
2019-10-18 13:45:51,983 [Command processor thread] INFO  commandhandler.DeleteBlocksCommandHandler (DeleteBlocksCommandHandler.java:handle(106)) - Start to delete container blocks, TXIDs=[1(2)], numOfContainers=1, numOfBlocks=1
2019-10-18 13:45:51,984 [Command processor thread] INFO  commandhandler.DeleteBlocksCommandHandler (DeleteBlocksCommandHandler.java:handle(106)) - Start to delete container blocks, TXIDs=[1(0)], numOfContainers=1, numOfBlocks=1
2019-10-18 13:45:51,984 [Command processor thread] INFO  commandhandler.DeleteBlocksCommandHandler (DeleteBlocksCommandHandler.java:handle(106)) - Start to delete container blocks, TXIDs=[1(4)], numOfContainers=1, numOfBlocks=1
2019-10-18 13:45:51,984 [Command processor thread] INFO  commandhandler.DeleteBlocksCommandHandler (DeleteBlocksCommandHandler.java:handle(106)) - Start to delete container blocks, TXIDs=[1(0)], numOfContainers=1, numOfBlocks=1
2019-10-18 13:45:51,984 [Command processor thread] INFO  commandhandler.DeleteBlocksCommandHandler (DeleteBlocksCommandHandler.java:handle(106)) - Start to delete container blocks, TXIDs=[1(4)], numOfContainers=1, numOfBlocks=1
2019-10-18 13:45:51,985 [Command processor thread] INFO  commandhandler.DeleteBlocksCommandHandler (DeleteBlocksCommandHandler.java:handle(106)) - Start to delete container blocks, TXIDs=[1(2)], numOfContainers=1, numOfBlocks=1
2019-10-18 13:45:51,985 [Command processor thread] INFO  commandhandler.DeleteBlocksCommandHandler (DeleteBlocksCommandHandler.java:handle(106)) - Start to delete container blocks, TXIDs=[1(5)], numOfContainers=1, numOfBlocks=1
2019-10-18 13:45:51,985 [Command processor thread] INFO  commandhandler.DeleteBlocksCommandHandler (DeleteBlocksCommandHandler.java:handle(106)) - Start to delete container blocks, TXIDs=[1(2)], numOfContainers=1, numOfBlocks=1
2019-10-18 13:45:51,985 [Command processor thread] INFO  commandhandler.DeleteBlocksCommandHandler (DeleteBlocksCommandHandler.java:handle(106)) - Start to delete container blocks, TXIDs=[1(4)], numOfContainers=1, numOfBlocks=1
2019-10-18 13:45:51,986 [Command processor thread] INFO  commandhandler.DeleteBlocksCommandHandler (DeleteBlocksCommandHandler.java:handle(106)) - Start to delete container blocks, TXIDs=[1(5)], numOfContainers=1, numOfBlocks=1
2019-10-18 13:45:51,986 [Command processor thread] INFO  commandhandler.DeleteBlocksCommandHandler (DeleteBlocksCommandHandler.java:handle(106)) - Start to delete container blocks, TXIDs=[1(0)], numOfContainers=1, numOfBlocks=1
2019-10-18 13:45:51,986 [Command processor thread] INFO  commandhandler.DeleteBlocksCommandHandler (DeleteBlocksCommandHandler.java:handle(106)) - Start to delete container blocks, TXIDs=[1(5)], numOfContainers=1, numOfBlocks=1
2019-10-18 13:45:51,987 [Command processor thread] INFO  commandhandler.DeleteBlocksCommandHandler (DeleteBlocksCommandHandler.java:handle(106)) - Start to delete container blocks, TXIDs=[1(5)], numOfContainers=1, numOfBlocks=1
2019-10-18 13:45:51,987 [Command processor thread] INFO  commandhandler.DeleteBlocksCommandHandler (DeleteBlocksCommandHandler.java:handle(106)) - Start to delete container blocks, TXIDs=[1(0)], numOfContainers=1, numOfBlocks=1
2019-10-18 13:45:51,987 [Command processor thread] INFO  commandhandler.DeleteBlocksCommandHandler (DeleteBlocksCommandHandler.java:handle(106)) - Start to delete container blocks, TXIDs=[1(2)], numOfContainers=1, numOfBlocks=1
2019-10-18 13:45:51,987 [Command processor thread] INFO  commandhandler.DeleteBlocksCommandHandler (DeleteBlocksCommandHandler.java:handle(106)) - Start to delete container blocks, TXIDs=[1(4)], numOfContainers=1, numOfBlocks=1
2019-10-18 13:45:51,988 [Command processor thread] INFO  commandhandler.DeleteBlocksCommandHandler (DeleteBlocksCommandHandler.java:handle(106)) - Start to delete container blocks, TXIDs=[1(5)], numOfContainers=1, numOfBlocks=1
2019-10-18 13:45:51,988 [Command processor thread] INFO  commandhandler.DeleteBlocksCommandHandler (DeleteBlocksCommandHandler.java:handle(106)) - Start to delete container blocks, TXIDs=[1(5)], numOfContainers=1, numOfBlocks=1
2019-10-18 13:45:51,988 [Command processor thread] INFO  commandhandler.DeleteBlocksCommandHandler (DeleteBlocksCommandHandler.java:handle(106)) - Start to delete container blocks, TXIDs=[1(2)], numOfContainers=1, numOfBlocks=1
2019-10-18 13:45:51,988 [Command processor thread] INFO  commandhandler.DeleteBlocksCommandHandler (DeleteBlocksCommandHandler.java:handle(106)) - Start to delete container blocks, TXIDs=[1(0)], numOfContainers=1, numOfBlocks=1
2019-10-18 13:45:51,989 [Command processor thread] INFO  commandhandler.DeleteBlocksCommandHandler (DeleteBlocksCommandHandler.java:handle(106)) - Start to delete container blocks, TXIDs=[1(5)], numOfContainers=1, numOfBlocks=1
2019-10-18 13:45:51,989 [Command processor thread] INFO  commandhandler.DeleteBlocksCommandHandler (DeleteBlocksCommandHandler.java:handle(106)) - Start to delete container blocks, TXIDs=[1(5)], numOfContainers=1, numOfBlocks=1
2019-10-18 13:45:51,989 [Command processor thread] INFO  commandhandler.DeleteBlocksCommandHandler (DeleteBlocksCommandHandler.java:handle(106)) - Start to delete container blocks, TXIDs=[1(4)], numOfContainers=1, numOfBlocks=1
2019-10-18 13:45:51,989 [Command processor thread] INFO  commandhandler.DeleteBlocksCommandHandler (DeleteBlocksCommandHandler.java:handle(106)) - Start to delete container blocks, TXIDs=[1(5)], numOfContainers=1, numOfBlocks=1
2019-10-18 13:45:51,990 [Command processor thread] INFO  commandhandler.DeleteBlocksCommandHandler (DeleteBlocksCommandHandler.java:handle(106)) - Start to delete container blocks, TXIDs=[1(5)], numOfContainers=1, numOfBlocks=1
2019-10-18 13:45:51,990 [Command processor thread] INFO  commandhandler.DeleteBlocksCommandHandler (DeleteBlocksCommandHandler.java:handle(106)) - Start to delete container blocks, TXIDs=[1(2)], numOfContainers=1, numOfBlocks=1
2019-10-18 13:45:51,990 [Command processor thread] INFO  commandhandler.DeleteBlocksCommandHandler (DeleteBlocksCommandHandler.java:handle(106)) - Start to delete container blocks, TXIDs=[1(0)], numOfContainers=1, numOfBlocks=1
2019-10-18 13:45:51,990 [Command processor thread] INFO  commandhandler.DeleteBlocksCommandHandler (DeleteBlocksCommandHandler.java:handle(106)) - Start to delete container blocks, TXIDs=[1(5)], numOfContainers=1, numOfBlocks=1
2019-10-18 13:45:51,991 [Command processor thread] INFO  commandhandler.DeleteBlocksCommandHandler (DeleteBlocksCommandHandler.java:handle(106)) - Start to delete container blocks, TXIDs=[1(5)], numOfContainers=1, numOfBlocks=1
2019-10-18 13:45:51,991 [Command processor thread] INFO  commandhandler.DeleteBlocksCommandHandler (DeleteBlocksCommandHandler.java:handle(106)) - Start to delete container blocks, TXIDs=[1(5)], numOfContainers=1, numOfBlocks=1
2019-10-18 13:45:51,991 [Command processor thread] INFO  commandhandler.DeleteBlocksCommandHandler (DeleteBlocksCommandHandler.java:handle(106)) - Start to delete container blocks, TXIDs=[1(5)], numOfContainers=1, numOfBlocks=1
2019-10-18 13:45:51,991 [Command processor thread] INFO  commandhandler.DeleteBlocksCommandHandler (DeleteBlocksCommandHandler.java:handle(106)) - Start to delete container blocks, TXIDs=[1(4)], numOfContainers=1, numOfBlocks=1
2019-10-18 13:45:51,992 [Command processor thread] INFO  commandhandler.DeleteBlocksCommandHandler (DeleteBlocksCommandHandler.java:handle(106)) - Start to delete container blocks, TXIDs=[1(5)], numOfContainers=1, numOfBlocks=1
2019-10-18 13:45:51,992 [Command processor thread] INFO  commandhandler.DeleteBlocksCommandHandler (DeleteBlocksCommandHandler.java:handle(106)) - Start to delete container blocks, TXIDs=[1(2)], numOfContainers=1, numOfBlocks=1
2019-10-18 13:45:51,992 [Command processor thread] INFO  commandhandler.DeleteBlocksCommandHandler (DeleteBlocksCommandHandler.java:handle(106)) - Start to delete container blocks, TXIDs=[1(0)], numOfContainers=1, numOfBlocks=1
2019-10-18 13:45:51,992 [Command processor thread] INFO  commandhandler.DeleteBlocksCommandHandler (DeleteBlocksCommandHandler.java:handle(106)) - Start to delete container blocks, TXIDs=[1(5)], numOfContainers=1, numOfBlocks=1
2019-10-18 13:45:51,992 [Command processor thread] INFO  commandhandler.DeleteBlocksCommandHandler (DeleteBlocksCommandHandler.java:handle(106)) - Start to delete container blocks, TXIDs=[1(41)], numOfContainers=1, numOfBlocks=1
2019-10-18 13:45:51,993 [Command processor thread] INFO  commandhandler.DeleteBlocksCommandHandler (DeleteBlocksCommandHandler.java:handle(106)) - Start to delete container blocks, TXIDs=[1(5)], numOfContainers=1, numOfBlocks=1
2019-10-18 13:45:51,993 [Command processor thread] INFO  commandhandler.DeleteBlocksCommandHandler (DeleteBlocksCommandHandler.java:handle(106)) - Start to delete container blocks, TXIDs=[1(5)], numOfContainers=1, numOfBlocks=1
2019-10-18 13:45:51,993 [Command processor thread] INFO  commandhandler.DeleteBlocksCommandHandler (DeleteBlocksCommandHandler.java:handle(106)) - Start to delete container blocks, TXIDs=[1(5)], numOfContainers=1, numOfBlocks=1
2019-10-18 13:45:51,993 [Command processor thread] INFO  commandhandler.DeleteBlocksCommandHandler (DeleteBlocksCommandHandler.java:handle(106)) - Start to delete container blocks, TXIDs=[1(5)], numOfContainers=1, numOfBlocks=1
2019-10-18 13:45:51,994 [Command processor thread] INFO  commandhandler.DeleteBlocksCommandHandler (DeleteBlocksCommandHandler.java:handle(106)) - Start to delete container blocks, TXIDs=[1(4)], numOfContainers=1, numOfBlocks=1
2019-10-18 13:45:52,008 [Thread-852] INFO  impl.FollowerState (FollowerState.java:run(108)) - 25bdb850-9456-40e4-9e32-2249eb72d793@group-58B787E4CA93-FollowerState: change to CANDIDATE, lastRpcTime:25ms, electionTimeout:25ms
2019-10-18 13:45:52,008 [Thread-852] INFO  impl.RoleInfo (RoleInfo.java:shutdownFollowerState(121)) - 25bdb850-9456-40e4-9e32-2249eb72d793: shutdown FollowerState
2019-10-18 13:45:52,008 [Thread-852] INFO  impl.RaftServerImpl (RaftServerImpl.java:setRole(184)) - 25bdb850-9456-40e4-9e32-2249eb72d793@group-58B787E4CA93: changes role from  FOLLOWER to CANDIDATE at term 42 for changeToCandidate
2019-10-18 13:45:52,009 [Thread-852] INFO  impl.RoleInfo (RoleInfo.java:updateAndGet(143)) - 25bdb850-9456-40e4-9e32-2249eb72d793: start LeaderElection
2019-10-18 13:45:52,022 [25bdb850-9456-40e4-9e32-2249eb72d793@group-58B787E4CA93-LeaderElection46] INFO  impl.LeaderElection (LeaderElection.java:askForVotes(178)) - 25bdb850-9456-40e4-9e32-2249eb72d793@group-58B787E4CA93-LeaderElection46: begin an election at term 43 for 0: [9d0a2f75-ce30-4dbd-af96-5adca13389b4:192.168.69.85:35551, b7ce392e-07e5-43c4-a049-3141454252ec:192.168.69.85:43203, 25bdb850-9456-40e4-9e32-2249eb72d793:192.168.69.85:34143], old=null
2019-10-18 13:45:52,025 [grpc-default-executor-0] INFO  impl.RaftServerImpl (RaftServerImpl.java:setRole(184)) - 9d0a2f75-ce30-4dbd-af96-5adca13389b4@group-58B787E4CA93: changes role from  FOLLOWER to FOLLOWER at term 43 for recognizeCandidate:25bdb850-9456-40e4-9e32-2249eb72d793
2019-10-18 13:45:52,025 [grpc-default-executor-1] INFO  impl.RaftServerImpl (RaftServerImpl.java:setRole(184)) - b7ce392e-07e5-43c4-a049-3141454252ec@group-58B787E4CA93: changes role from  FOLLOWER to FOLLOWER at term 43 for recognizeCandidate:25bdb850-9456-40e4-9e32-2249eb72d793
2019-10-18 13:45:52,025 [grpc-default-executor-0] INFO  impl.RoleInfo (RoleInfo.java:shutdownFollowerState(121)) - 9d0a2f75-ce30-4dbd-af96-5adca13389b4: shutdown FollowerState
2019-10-18 13:45:52,025 [grpc-default-executor-1] INFO  impl.RoleInfo (RoleInfo.java:shutdownFollowerState(121)) - b7ce392e-07e5-43c4-a049-3141454252ec: shutdown FollowerState
2019-10-18 13:45:52,025 [Thread-851] INFO  impl.FollowerState (FollowerState.java:run(117)) - 9d0a2f75-ce30-4dbd-af96-5adca13389b4@group-58B787E4CA93-FollowerState was interrupted: java.lang.InterruptedException: sleep interrupted
2019-10-18 13:45:52,025 [grpc-default-executor-0] INFO  impl.RoleInfo (RoleInfo.java:updateAndGet(143)) - 9d0a2f75-ce30-4dbd-af96-5adca13389b4: start FollowerState
2019-10-18 13:45:52,025 [Thread-850] INFO  impl.FollowerState (FollowerState.java:run(117)) - b7ce392e-07e5-43c4-a049-3141454252ec@group-58B787E4CA93-FollowerState was interrupted: java.lang.InterruptedException: sleep interrupted
2019-10-18 13:45:52,025 [grpc-default-executor-1] INFO  impl.RoleInfo (RoleInfo.java:updateAndGet(143)) - b7ce392e-07e5-43c4-a049-3141454252ec: start FollowerState
2019-10-18 13:45:52,040 [25bdb850-9456-40e4-9e32-2249eb72d793@group-58B787E4CA93-LeaderElection46] INFO  impl.LeaderElection (LeaderElection.java:logAndReturn(56)) - 25bdb850-9456-40e4-9e32-2249eb72d793@group-58B787E4CA93-LeaderElection46: Election REJECTED; received 2 response(s) [25bdb850-9456-40e4-9e32-2249eb72d793<-9d0a2f75-ce30-4dbd-af96-5adca13389b4#0:FAIL-t43, 25bdb850-9456-40e4-9e32-2249eb72d793<-b7ce392e-07e5-43c4-a049-3141454252ec#0:FAIL-t43] and 0 exception(s); 25bdb850-9456-40e4-9e32-2249eb72d793@group-58B787E4CA93:t43, leader=null, voted=25bdb850-9456-40e4-9e32-2249eb72d793, raftlog=25bdb850-9456-40e4-9e32-2249eb72d793@group-58B787E4CA93-SegmentedRaftLog:OPENED:c3,f4,i4, conf=0: [9d0a2f75-ce30-4dbd-af96-5adca13389b4:192.168.69.85:35551, b7ce392e-07e5-43c4-a049-3141454252ec:192.168.69.85:43203, 25bdb850-9456-40e4-9e32-2249eb72d793:192.168.69.85:34143], old=null
2019-10-18 13:45:52,040 [25bdb850-9456-40e4-9e32-2249eb72d793@group-58B787E4CA93-LeaderElection46] INFO  impl.RaftServerImpl (RaftServerImpl.java:setRole(184)) - 25bdb850-9456-40e4-9e32-2249eb72d793@group-58B787E4CA93: changes role from CANDIDATE to FOLLOWER at term 43 for DISCOVERED_A_NEW_TERM
2019-10-18 13:45:52,040 [25bdb850-9456-40e4-9e32-2249eb72d793@group-58B787E4CA93-LeaderElection46] INFO  impl.RoleInfo (RoleInfo.java:shutdownLeaderElection(134)) - 25bdb850-9456-40e4-9e32-2249eb72d793: shutdown LeaderElection
2019-10-18 13:45:52,040 [25bdb850-9456-40e4-9e32-2249eb72d793@group-58B787E4CA93-LeaderElection46] INFO  impl.RoleInfo (RoleInfo.java:updateAndGet(143)) - 25bdb850-9456-40e4-9e32-2249eb72d793: start FollowerState
2019-10-18 13:45:52,141 [Thread-859] INFO  impl.FollowerState (FollowerState.java:run(108)) - 25bdb850-9456-40e4-9e32-2249eb72d793@group-58B787E4CA93-FollowerState: change to CANDIDATE, lastRpcTime:100ms, electionTimeout:100ms
2019-10-18 13:45:52,141 [Thread-859] INFO  impl.RoleInfo (RoleInfo.java:shutdownFollowerState(121)) - 25bdb850-9456-40e4-9e32-2249eb72d793: shutdown FollowerState
2019-10-18 13:45:52,141 [Thread-859] INFO  impl.RaftServerImpl (RaftServerImpl.java:setRole(184)) - 25bdb850-9456-40e4-9e32-2249eb72d793@group-58B787E4CA93: changes role from  FOLLOWER to CANDIDATE at term 43 for changeToCandidate
2019-10-18 13:45:52,141 [Thread-859] INFO  impl.RoleInfo (RoleInfo.java:updateAndGet(143)) - 25bdb850-9456-40e4-9e32-2249eb72d793: start LeaderElection
2019-10-18 13:45:52,155 [25bdb850-9456-40e4-9e32-2249eb72d793@group-58B787E4CA93-LeaderElection47] INFO  impl.LeaderElection (LeaderElection.java:askForVotes(178)) - 25bdb850-9456-40e4-9e32-2249eb72d793@group-58B787E4CA93-LeaderElection47: begin an election at term 44 for 0: [9d0a2f75-ce30-4dbd-af96-5adca13389b4:192.168.69.85:35551, b7ce392e-07e5-43c4-a049-3141454252ec:192.168.69.85:43203, 25bdb850-9456-40e4-9e32-2249eb72d793:192.168.69.85:34143], old=null
2019-10-18 13:45:52,158 [grpc-default-executor-0] INFO  impl.RaftServerImpl (RaftServerImpl.java:setRole(184)) - 9d0a2f75-ce30-4dbd-af96-5adca13389b4@group-58B787E4CA93: changes role from  FOLLOWER to FOLLOWER at term 44 for recognizeCandidate:25bdb850-9456-40e4-9e32-2249eb72d793
2019-10-18 13:45:52,158 [grpc-default-executor-1] INFO  impl.RaftServerImpl (RaftServerImpl.java:setRole(184)) - b7ce392e-07e5-43c4-a049-3141454252ec@group-58B787E4CA93: changes role from  FOLLOWER to FOLLOWER at term 44 for recognizeCandidate:25bdb850-9456-40e4-9e32-2249eb72d793
2019-10-18 13:45:52,158 [grpc-default-executor-0] INFO  impl.RoleInfo (RoleInfo.java:shutdownFollowerState(121)) - 9d0a2f75-ce30-4dbd-af96-5adca13389b4: shutdown FollowerState
2019-10-18 13:45:52,158 [grpc-default-executor-1] INFO  impl.RoleInfo (RoleInfo.java:shutdownFollowerState(121)) - b7ce392e-07e5-43c4-a049-3141454252ec: shutdown FollowerState
2019-10-18 13:45:52,158 [grpc-default-executor-0] INFO  impl.RoleInfo (RoleInfo.java:updateAndGet(143)) - 9d0a2f75-ce30-4dbd-af96-5adca13389b4: start FollowerState
2019-10-18 13:45:52,158 [Thread-857] INFO  impl.FollowerState (FollowerState.java:run(117)) - 9d0a2f75-ce30-4dbd-af96-5adca13389b4@group-58B787E4CA93-FollowerState was interrupted: java.lang.InterruptedException: sleep interrupted
2019-10-18 13:45:52,158 [Thread-858] INFO  impl.FollowerState (FollowerState.java:run(117)) - b7ce392e-07e5-43c4-a049-3141454252ec@group-58B787E4CA93-FollowerState was interrupted: java.lang.InterruptedException: sleep interrupted
2019-10-18 13:45:52,159 [grpc-default-executor-1] INFO  impl.RoleInfo (RoleInfo.java:updateAndGet(143)) - b7ce392e-07e5-43c4-a049-3141454252ec: start FollowerState
2019-10-18 13:45:52,172 [25bdb850-9456-40e4-9e32-2249eb72d793@group-58B787E4CA93-LeaderElection47] INFO  impl.LeaderElection (LeaderElection.java:logAndReturn(56)) - 25bdb850-9456-40e4-9e32-2249eb72d793@group-58B787E4CA93-LeaderElection47: Election REJECTED; received 2 response(s) [25bdb850-9456-40e4-9e32-2249eb72d793<-9d0a2f75-ce30-4dbd-af96-5adca13389b4#0:FAIL-t44, 25bdb850-9456-40e4-9e32-2249eb72d793<-b7ce392e-07e5-43c4-a049-3141454252ec#0:FAIL-t44] and 0 exception(s); 25bdb850-9456-40e4-9e32-2249eb72d793@group-58B787E4CA93:t44, leader=null, voted=25bdb850-9456-40e4-9e32-2249eb72d793, raftlog=25bdb850-9456-40e4-9e32-2249eb72d793@group-58B787E4CA93-SegmentedRaftLog:OPENED:c3,f4,i4, conf=0: [9d0a2f75-ce30-4dbd-af96-5adca13389b4:192.168.69.85:35551, b7ce392e-07e5-43c4-a049-3141454252ec:192.168.69.85:43203, 25bdb850-9456-40e4-9e32-2249eb72d793:192.168.69.85:34143], old=null
2019-10-18 13:45:52,172 [25bdb850-9456-40e4-9e32-2249eb72d793@group-58B787E4CA93-LeaderElection47] INFO  impl.RaftServerImpl (RaftServerImpl.java:setRole(184)) - 25bdb850-9456-40e4-9e32-2249eb72d793@group-58B787E4CA93: changes role from CANDIDATE to FOLLOWER at term 44 for DISCOVERED_A_NEW_TERM
2019-10-18 13:45:52,172 [25bdb850-9456-40e4-9e32-2249eb72d793@group-58B787E4CA93-LeaderElection47] INFO  impl.RoleInfo (RoleInfo.java:shutdownLeaderElection(134)) - 25bdb850-9456-40e4-9e32-2249eb72d793: shutdown LeaderElection
2019-10-18 13:45:52,172 [25bdb850-9456-40e4-9e32-2249eb72d793@group-58B787E4CA93-LeaderElection47] INFO  impl.RoleInfo (RoleInfo.java:updateAndGet(143)) - 25bdb850-9456-40e4-9e32-2249eb72d793: start FollowerState
2019-10-18 13:45:52,184 [EventQueue-DeleteBlockStatusForDeletedBlockLogImpl] WARN  block.DeletedBlockLogImpl (DeletedBlockLogImpl.java:commitTransactions(205)) - Transaction txId=1 commit by dnId=25bdb850-9456-40e4-9e32-2249eb72d793 for containerID=#1 failed. Corresponding entry not found.
2019-10-18 13:45:52,184 [EventQueue-DeleteBlockStatusForDeletedBlockLogImpl] WARN  block.DeletedBlockLogImpl (DeletedBlockLogImpl.java:commitTransactions(205)) - Transaction txId=1 commit by dnId=25bdb850-9456-40e4-9e32-2249eb72d793 for containerID=#1 failed. Corresponding entry not found.
2019-10-18 13:45:52,184 [EventQueue-DeleteBlockStatusForDeletedBlockLogImpl] WARN  block.DeletedBlockLogImpl (DeletedBlockLogImpl.java:commitTransactions(205)) - Transaction txId=1 commit by dnId=25bdb850-9456-40e4-9e32-2249eb72d793 for containerID=#1 failed. Corresponding entry not found.
2019-10-18 13:45:52,184 [EventQueue-DeleteBlockStatusForDeletedBlockLogImpl] WARN  block.DeletedBlockLogImpl (DeletedBlockLogImpl.java:commitTransactions(205)) - Transaction txId=1 commit by dnId=25bdb850-9456-40e4-9e32-2249eb72d793 for containerID=#1 failed. Corresponding entry not found.
2019-10-18 13:45:52,184 [EventQueue-DeleteBlockStatusForDeletedBlockLogImpl] WARN  block.DeletedBlockLogImpl (DeletedBlockLogImpl.java:commitTransactions(205)) - Transaction txId=1 commit by dnId=25bdb850-9456-40e4-9e32-2249eb72d793 for containerID=#1 failed. Corresponding entry not found.
2019-10-18 13:45:52,184 [EventQueue-DeleteBlockStatusForDeletedBlockLogImpl] WARN  block.DeletedBlockLogImpl (DeletedBlockLogImpl.java:commitTransactions(205)) - Transaction txId=1 commit by dnId=25bdb850-9456-40e4-9e32-2249eb72d793 for containerID=#1 failed. Corresponding entry not found.
2019-10-18 13:45:52,185 [EventQueue-DeleteBlockStatusForDeletedBlockLogImpl] WARN  block.DeletedBlockLogImpl (DeletedBlockLogImpl.java:commitTransactions(205)) - Transaction txId=1 commit by dnId=25bdb850-9456-40e4-9e32-2249eb72d793 for containerID=#1 failed. Corresponding entry not found.
2019-10-18 13:45:52,185 [EventQueue-DeleteBlockStatusForDeletedBlockLogImpl] WARN  block.DeletedBlockLogImpl (DeletedBlockLogImpl.java:commitTransactions(205)) - Transaction txId=1 commit by dnId=25bdb850-9456-40e4-9e32-2249eb72d793 for containerID=#1 failed. Corresponding entry not found.
2019-10-18 13:45:52,314 [Thread-865] INFO  impl.FollowerState (FollowerState.java:run(108)) - 25bdb850-9456-40e4-9e32-2249eb72d793@group-58B787E4CA93-FollowerState: change to CANDIDATE, lastRpcTime:141ms, electionTimeout:141ms
2019-10-18 13:45:52,314 [Thread-865] INFO  impl.RoleInfo (RoleInfo.java:shutdownFollowerState(121)) - 25bdb850-9456-40e4-9e32-2249eb72d793: shutdown FollowerState
2019-10-18 13:45:52,314 [Thread-865] INFO  impl.RaftServerImpl (RaftServerImpl.java:setRole(184)) - 25bdb850-9456-40e4-9e32-2249eb72d793@group-58B787E4CA93: changes role from  FOLLOWER to CANDIDATE at term 44 for changeToCandidate
2019-10-18 13:45:52,314 [Thread-865] INFO  impl.RoleInfo (RoleInfo.java:updateAndGet(143)) - 25bdb850-9456-40e4-9e32-2249eb72d793: start LeaderElection
2019-10-18 13:45:52,319 [BlockDeletingService#2] WARN  background.BlockDeletingService (BlockDeletingService.java:isDeletionAllowed(187)) - Close Container log Index 6 is not replicated across allthe servers in the pipeline 959e288b-eace-4bc0-b5b0-58b787e4ca93 as the min replicated index is 4. Deletion is not allowed in this container yet.
2019-10-18 13:45:52,319 [BlockDeletingService#2] WARN  background.BlockDeletingService (BlockDeletingService.java:isDeletionAllowed(187)) - Close Container log Index 6 is not replicated across allthe servers in the pipeline 959e288b-eace-4bc0-b5b0-58b787e4ca93 as the min replicated index is 4. Deletion is not allowed in this container yet.
2019-10-18 13:45:52,329 [25bdb850-9456-40e4-9e32-2249eb72d793@group-58B787E4CA93-LeaderElection48] INFO  impl.LeaderElection (LeaderElection.java:askForVotes(178)) - 25bdb850-9456-40e4-9e32-2249eb72d793@group-58B787E4CA93-LeaderElection48: begin an election at term 45 for 0: [9d0a2f75-ce30-4dbd-af96-5adca13389b4:192.168.69.85:35551, b7ce392e-07e5-43c4-a049-3141454252ec:192.168.69.85:43203, 25bdb850-9456-40e4-9e32-2249eb72d793:192.168.69.85:34143], old=null
2019-10-18 13:45:52,331 [grpc-default-executor-0] INFO  impl.RaftServerImpl (RaftServerImpl.java:setRole(184)) - 9d0a2f75-ce30-4dbd-af96-5adca13389b4@group-58B787E4CA93: changes role from  FOLLOWER to FOLLOWER at term 45 for recognizeCandidate:25bdb850-9456-40e4-9e32-2249eb72d793
2019-10-18 13:45:52,332 [grpc-default-executor-1] INFO  impl.RaftServerImpl (RaftServerImpl.java:setRole(184)) - b7ce392e-07e5-43c4-a049-3141454252ec@group-58B787E4CA93: changes role from  FOLLOWER to FOLLOWER at term 45 for recognizeCandidate:25bdb850-9456-40e4-9e32-2249eb72d793
2019-10-18 13:45:52,332 [grpc-default-executor-0] INFO  impl.RoleInfo (RoleInfo.java:shutdownFollowerState(121)) - 9d0a2f75-ce30-4dbd-af96-5adca13389b4: shutdown FollowerState
2019-10-18 13:45:52,332 [grpc-default-executor-1] INFO  impl.RoleInfo (RoleInfo.java:shutdownFollowerState(121)) - b7ce392e-07e5-43c4-a049-3141454252ec: shutdown FollowerState
2019-10-18 13:45:52,332 [grpc-default-executor-0] INFO  impl.RoleInfo (RoleInfo.java:updateAndGet(143)) - 9d0a2f75-ce30-4dbd-af96-5adca13389b4: start FollowerState
2019-10-18 13:45:52,332 [Thread-863] INFO  impl.FollowerState (FollowerState.java:run(117)) - 9d0a2f75-ce30-4dbd-af96-5adca13389b4@group-58B787E4CA93-FollowerState was interrupted: java.lang.InterruptedException: sleep interrupted
2019-10-18 13:45:52,332 [Thread-864] INFO  impl.FollowerState (FollowerState.java:run(117)) - b7ce392e-07e5-43c4-a049-3141454252ec@group-58B787E4CA93-FollowerState was interrupted: java.lang.InterruptedException: sleep interrupted
2019-10-18 13:45:52,332 [grpc-default-executor-1] INFO  impl.RoleInfo (RoleInfo.java:updateAndGet(143)) - b7ce392e-07e5-43c4-a049-3141454252ec: start FollowerState
2019-10-18 13:45:52,359 [25bdb850-9456-40e4-9e32-2249eb72d793@group-58B787E4CA93-LeaderElection48] INFO  impl.LeaderElection (LeaderElection.java:logAndReturn(56)) - 25bdb850-9456-40e4-9e32-2249eb72d793@group-58B787E4CA93-LeaderElection48: Election REJECTED; received 2 response(s) [25bdb850-9456-40e4-9e32-2249eb72d793<-9d0a2f75-ce30-4dbd-af96-5adca13389b4#0:FAIL-t45, 25bdb850-9456-40e4-9e32-2249eb72d793<-b7ce392e-07e5-43c4-a049-3141454252ec#0:FAIL-t45] and 0 exception(s); 25bdb850-9456-40e4-9e32-2249eb72d793@group-58B787E4CA93:t45, leader=null, voted=25bdb850-9456-40e4-9e32-2249eb72d793, raftlog=25bdb850-9456-40e4-9e32-2249eb72d793@group-58B787E4CA93-SegmentedRaftLog:OPENED:c3,f4,i4, conf=0: [9d0a2f75-ce30-4dbd-af96-5adca13389b4:192.168.69.85:35551, b7ce392e-07e5-43c4-a049-3141454252ec:192.168.69.85:43203, 25bdb850-9456-40e4-9e32-2249eb72d793:192.168.69.85:34143], old=null
2019-10-18 13:45:52,359 [25bdb850-9456-40e4-9e32-2249eb72d793@group-58B787E4CA93-LeaderElection48] INFO  impl.RaftServerImpl (RaftServerImpl.java:setRole(184)) - 25bdb850-9456-40e4-9e32-2249eb72d793@group-58B787E4CA93: changes role from CANDIDATE to FOLLOWER at term 45 for DISCOVERED_A_NEW_TERM
2019-10-18 13:45:52,359 [25bdb850-9456-40e4-9e32-2249eb72d793@group-58B787E4CA93-LeaderElection48] INFO  impl.RoleInfo (RoleInfo.java:shutdownLeaderElection(134)) - 25bdb850-9456-40e4-9e32-2249eb72d793: shutdown LeaderElection
2019-10-18 13:45:52,359 [25bdb850-9456-40e4-9e32-2249eb72d793@group-58B787E4CA93-LeaderElection48] INFO  impl.RoleInfo (RoleInfo.java:updateAndGet(143)) - 25bdb850-9456-40e4-9e32-2249eb72d793: start FollowerState
2019-10-18 13:45:52,402 [Thread-875] INFO  client.GrpcClientProtocolService (GrpcClientProtocolService.java:lambda$processClientRequest$0(278)) - Failed RaftClientRequest:client-B7AACEF92521->25bdb850-9456-40e4-9e32-2249eb72d793@group-58B787E4CA93, cid=10, seq=0, Watch-ALL_COMMITTED(6), Message:<EMPTY>, reply=RaftClientReply:client-B7AACEF92521->25bdb850-9456-40e4-9e32-2249eb72d793@group-58B787E4CA93, cid=10, FAILED org.apache.ratis.protocol.NotLeaderException: Server 25bdb850-9456-40e4-9e32-2249eb72d793@group-58B787E4CA93 is not the leader, logIndex=0, commits[25bdb850-9456-40e4-9e32-2249eb72d793:c3]
2019-10-18 13:45:52,423 [Thread-873] INFO  impl.FollowerState (FollowerState.java:run(108)) - 25bdb850-9456-40e4-9e32-2249eb72d793@group-58B787E4CA93-FollowerState: change to CANDIDATE, lastRpcTime:63ms, electionTimeout:63ms
2019-10-18 13:45:52,423 [Thread-873] INFO  impl.RoleInfo (RoleInfo.java:shutdownFollowerState(121)) - 25bdb850-9456-40e4-9e32-2249eb72d793: shutdown FollowerState
2019-10-18 13:45:52,423 [Thread-873] INFO  impl.RaftServerImpl (RaftServerImpl.java:setRole(184)) - 25bdb850-9456-40e4-9e32-2249eb72d793@group-58B787E4CA93: changes role from  FOLLOWER to CANDIDATE at term 45 for changeToCandidate
2019-10-18 13:45:52,423 [Thread-873] INFO  impl.RoleInfo (RoleInfo.java:updateAndGet(143)) - 25bdb850-9456-40e4-9e32-2249eb72d793: start LeaderElection
2019-10-18 13:45:52,436 [25bdb850-9456-40e4-9e32-2249eb72d793@group-58B787E4CA93-LeaderElection49] INFO  impl.LeaderElection (LeaderElection.java:askForVotes(178)) - 25bdb850-9456-40e4-9e32-2249eb72d793@group-58B787E4CA93-LeaderElection49: begin an election at term 46 for 0: [9d0a2f75-ce30-4dbd-af96-5adca13389b4:192.168.69.85:35551, b7ce392e-07e5-43c4-a049-3141454252ec:192.168.69.85:43203, 25bdb850-9456-40e4-9e32-2249eb72d793:192.168.69.85:34143], old=null
2019-10-18 13:45:52,438 [grpc-default-executor-1] INFO  impl.RaftServerImpl (RaftServerImpl.java:setRole(184)) - b7ce392e-07e5-43c4-a049-3141454252ec@group-58B787E4CA93: changes role from  FOLLOWER to FOLLOWER at term 46 for recognizeCandidate:25bdb850-9456-40e4-9e32-2249eb72d793
2019-10-18 13:45:52,438 [grpc-default-executor-0] INFO  impl.RaftServerImpl (RaftServerImpl.java:setRole(184)) - 9d0a2f75-ce30-4dbd-af96-5adca13389b4@group-58B787E4CA93: changes role from  FOLLOWER to FOLLOWER at term 46 for recognizeCandidate:25bdb850-9456-40e4-9e32-2249eb72d793
2019-10-18 13:45:52,438 [grpc-default-executor-0] INFO  impl.RoleInfo (RoleInfo.java:shutdownFollowerState(121)) - 9d0a2f75-ce30-4dbd-af96-5adca13389b4: shutdown FollowerState
2019-10-18 13:45:52,438 [grpc-default-executor-1] INFO  impl.RoleInfo (RoleInfo.java:shutdownFollowerState(121)) - b7ce392e-07e5-43c4-a049-3141454252ec: shutdown FollowerState
2019-10-18 13:45:52,439 [Thread-871] INFO  impl.FollowerState (FollowerState.java:run(117)) - 9d0a2f75-ce30-4dbd-af96-5adca13389b4@group-58B787E4CA93-FollowerState was interrupted: java.lang.InterruptedException: sleep interrupted
2019-10-18 13:45:52,439 [grpc-default-executor-0] INFO  impl.RoleInfo (RoleInfo.java:updateAndGet(143)) - 9d0a2f75-ce30-4dbd-af96-5adca13389b4: start FollowerState
2019-10-18 13:45:52,439 [Thread-872] INFO  impl.FollowerState (FollowerState.java:run(117)) - b7ce392e-07e5-43c4-a049-3141454252ec@group-58B787E4CA93-FollowerState was interrupted: java.lang.InterruptedException: sleep interrupted
2019-10-18 13:45:52,439 [grpc-default-executor-1] INFO  impl.RoleInfo (RoleInfo.java:updateAndGet(143)) - b7ce392e-07e5-43c4-a049-3141454252ec: start FollowerState
2019-10-18 13:45:52,464 [25bdb850-9456-40e4-9e32-2249eb72d793@group-58B787E4CA93-LeaderElection49] INFO  impl.LeaderElection (LeaderElection.java:logAndReturn(56)) - 25bdb850-9456-40e4-9e32-2249eb72d793@group-58B787E4CA93-LeaderElection49: Election REJECTED; received 2 response(s) [25bdb850-9456-40e4-9e32-2249eb72d793<-9d0a2f75-ce30-4dbd-af96-5adca13389b4#0:FAIL-t46, 25bdb850-9456-40e4-9e32-2249eb72d793<-b7ce392e-07e5-43c4-a049-3141454252ec#0:FAIL-t46] and 0 exception(s); 25bdb850-9456-40e4-9e32-2249eb72d793@group-58B787E4CA93:t46, leader=null, voted=25bdb850-9456-40e4-9e32-2249eb72d793, raftlog=25bdb850-9456-40e4-9e32-2249eb72d793@group-58B787E4CA93-SegmentedRaftLog:OPENED:c3,f4,i4, conf=0: [9d0a2f75-ce30-4dbd-af96-5adca13389b4:192.168.69.85:35551, b7ce392e-07e5-43c4-a049-3141454252ec:192.168.69.85:43203, 25bdb850-9456-40e4-9e32-2249eb72d793:192.168.69.85:34143], old=null
2019-10-18 13:45:52,465 [25bdb850-9456-40e4-9e32-2249eb72d793@group-58B787E4CA93-LeaderElection49] INFO  impl.RaftServerImpl (RaftServerImpl.java:setRole(184)) - 25bdb850-9456-40e4-9e32-2249eb72d793@group-58B787E4CA93: changes role from CANDIDATE to FOLLOWER at term 46 for DISCOVERED_A_NEW_TERM
2019-10-18 13:45:52,465 [25bdb850-9456-40e4-9e32-2249eb72d793@group-58B787E4CA93-LeaderElection49] INFO  impl.RoleInfo (RoleInfo.java:shutdownLeaderElection(134)) - 25bdb850-9456-40e4-9e32-2249eb72d793: shutdown LeaderElection
2019-10-18 13:45:52,465 [25bdb850-9456-40e4-9e32-2249eb72d793@group-58B787E4CA93-LeaderElection49] INFO  impl.RoleInfo (RoleInfo.java:updateAndGet(143)) - 25bdb850-9456-40e4-9e32-2249eb72d793: start FollowerState
2019-10-18 13:45:52,566 [Thread-882] INFO  impl.FollowerState (FollowerState.java:run(108)) - 25bdb850-9456-40e4-9e32-2249eb72d793@group-58B787E4CA93-FollowerState: change to CANDIDATE, lastRpcTime:101ms, electionTimeout:101ms
2019-10-18 13:45:52,567 [Thread-882] INFO  impl.RoleInfo (RoleInfo.java:shutdownFollowerState(121)) - 25bdb850-9456-40e4-9e32-2249eb72d793: shutdown FollowerState
2019-10-18 13:45:52,567 [Thread-882] INFO  impl.RaftServerImpl (RaftServerImpl.java:setRole(184)) - 25bdb850-9456-40e4-9e32-2249eb72d793@group-58B787E4CA93: changes role from  FOLLOWER to CANDIDATE at term 46 for changeToCandidate
2019-10-18 13:45:52,567 [Thread-882] INFO  impl.RoleInfo (RoleInfo.java:updateAndGet(143)) - 25bdb850-9456-40e4-9e32-2249eb72d793: start LeaderElection
2019-10-18 13:45:52,581 [25bdb850-9456-40e4-9e32-2249eb72d793@group-58B787E4CA93-LeaderElection50] INFO  impl.LeaderElection (LeaderElection.java:askForVotes(178)) - 25bdb850-9456-40e4-9e32-2249eb72d793@group-58B787E4CA93-LeaderElection50: begin an election at term 47 for 0: [9d0a2f75-ce30-4dbd-af96-5adca13389b4:192.168.69.85:35551, b7ce392e-07e5-43c4-a049-3141454252ec:192.168.69.85:43203, 25bdb850-9456-40e4-9e32-2249eb72d793:192.168.69.85:34143], old=null
2019-10-18 13:45:52,583 [grpc-default-executor-1] INFO  impl.RaftServerImpl (RaftServerImpl.java:setRole(184)) - b7ce392e-07e5-43c4-a049-3141454252ec@group-58B787E4CA93: changes role from  FOLLOWER to FOLLOWER at term 47 for recognizeCandidate:25bdb850-9456-40e4-9e32-2249eb72d793
2019-10-18 13:45:52,583 [grpc-default-executor-0] INFO  impl.RaftServerImpl (RaftServerImpl.java:setRole(184)) - 9d0a2f75-ce30-4dbd-af96-5adca13389b4@group-58B787E4CA93: changes role from  FOLLOWER to FOLLOWER at term 47 for recognizeCandidate:25bdb850-9456-40e4-9e32-2249eb72d793
2019-10-18 13:45:52,584 [grpc-default-executor-1] INFO  impl.RoleInfo (RoleInfo.java:shutdownFollowerState(121)) - b7ce392e-07e5-43c4-a049-3141454252ec: shutdown FollowerState
2019-10-18 13:45:52,584 [grpc-default-executor-0] INFO  impl.RoleInfo (RoleInfo.java:shutdownFollowerState(121)) - 9d0a2f75-ce30-4dbd-af96-5adca13389b4: shutdown FollowerState
2019-10-18 13:45:52,584 [Thread-881] INFO  impl.FollowerState (FollowerState.java:run(117)) - b7ce392e-07e5-43c4-a049-3141454252ec@group-58B787E4CA93-FollowerState was interrupted: java.lang.InterruptedException: sleep interrupted
2019-10-18 13:45:52,584 [Thread-880] INFO  impl.FollowerState (FollowerState.java:run(117)) - 9d0a2f75-ce30-4dbd-af96-5adca13389b4@group-58B787E4CA93-FollowerState was interrupted: java.lang.InterruptedException: sleep interrupted
2019-10-18 13:45:52,584 [grpc-default-executor-1] INFO  impl.RoleInfo (RoleInfo.java:updateAndGet(143)) - b7ce392e-07e5-43c4-a049-3141454252ec: start FollowerState
2019-10-18 13:45:52,584 [grpc-default-executor-0] INFO  impl.RoleInfo (RoleInfo.java:updateAndGet(143)) - 9d0a2f75-ce30-4dbd-af96-5adca13389b4: start FollowerState
2019-10-18 13:45:52,600 [25bdb850-9456-40e4-9e32-2249eb72d793@group-58B787E4CA93-LeaderElection50] INFO  impl.LeaderElection (LeaderElection.java:logAndReturn(56)) - 25bdb850-9456-40e4-9e32-2249eb72d793@group-58B787E4CA93-LeaderElection50: Election REJECTED; received 2 response(s) [25bdb850-9456-40e4-9e32-2249eb72d793<-9d0a2f75-ce30-4dbd-af96-5adca13389b4#0:FAIL-t47, 25bdb850-9456-40e4-9e32-2249eb72d793<-b7ce392e-07e5-43c4-a049-3141454252ec#0:FAIL-t47] and 0 exception(s); 25bdb850-9456-40e4-9e32-2249eb72d793@group-58B787E4CA93:t47, leader=null, voted=25bdb850-9456-40e4-9e32-2249eb72d793, raftlog=25bdb850-9456-40e4-9e32-2249eb72d793@group-58B787E4CA93-SegmentedRaftLog:OPENED:c3,f4,i4, conf=0: [9d0a2f75-ce30-4dbd-af96-5adca13389b4:192.168.69.85:35551, b7ce392e-07e5-43c4-a049-3141454252ec:192.168.69.85:43203, 25bdb850-9456-40e4-9e32-2249eb72d793:192.168.69.85:34143], old=null
2019-10-18 13:45:52,600 [25bdb850-9456-40e4-9e32-2249eb72d793@group-58B787E4CA93-LeaderElection50] INFO  impl.RaftServerImpl (RaftServerImpl.java:setRole(184)) - 25bdb850-9456-40e4-9e32-2249eb72d793@group-58B787E4CA93: changes role from CANDIDATE to FOLLOWER at term 47 for DISCOVERED_A_NEW_TERM
2019-10-18 13:45:52,600 [25bdb850-9456-40e4-9e32-2249eb72d793@group-58B787E4CA93-LeaderElection50] INFO  impl.RoleInfo (RoleInfo.java:shutdownLeaderElection(134)) - 25bdb850-9456-40e4-9e32-2249eb72d793: shutdown LeaderElection
2019-10-18 13:45:52,600 [25bdb850-9456-40e4-9e32-2249eb72d793@group-58B787E4CA93-LeaderElection50] INFO  impl.RoleInfo (RoleInfo.java:updateAndGet(143)) - 25bdb850-9456-40e4-9e32-2249eb72d793: start FollowerState
2019-10-18 13:45:52,739 [Thread-888] INFO  impl.FollowerState (FollowerState.java:run(108)) - 25bdb850-9456-40e4-9e32-2249eb72d793@group-58B787E4CA93-FollowerState: change to CANDIDATE, lastRpcTime:138ms, electionTimeout:138ms
2019-10-18 13:45:52,739 [Thread-888] INFO  impl.RoleInfo (RoleInfo.java:shutdownFollowerState(121)) - 25bdb850-9456-40e4-9e32-2249eb72d793: shutdown FollowerState
2019-10-18 13:45:52,739 [Thread-888] INFO  impl.RaftServerImpl (RaftServerImpl.java:setRole(184)) - 25bdb850-9456-40e4-9e32-2249eb72d793@group-58B787E4CA93: changes role from  FOLLOWER to CANDIDATE at term 47 for changeToCandidate
2019-10-18 13:45:52,739 [Thread-888] INFO  impl.RoleInfo (RoleInfo.java:updateAndGet(143)) - 25bdb850-9456-40e4-9e32-2249eb72d793: start LeaderElection
2019-10-18 13:45:52,753 [25bdb850-9456-40e4-9e32-2249eb72d793@group-58B787E4CA93-LeaderElection51] INFO  impl.LeaderElection (LeaderElection.java:askForVotes(178)) - 25bdb850-9456-40e4-9e32-2249eb72d793@group-58B787E4CA93-LeaderElection51: begin an election at term 48 for 0: [9d0a2f75-ce30-4dbd-af96-5adca13389b4:192.168.69.85:35551, b7ce392e-07e5-43c4-a049-3141454252ec:192.168.69.85:43203, 25bdb850-9456-40e4-9e32-2249eb72d793:192.168.69.85:34143], old=null
2019-10-18 13:45:52,756 [grpc-default-executor-1] INFO  impl.RaftServerImpl (RaftServerImpl.java:setRole(184)) - 9d0a2f75-ce30-4dbd-af96-5adca13389b4@group-58B787E4CA93: changes role from  FOLLOWER to FOLLOWER at term 48 for recognizeCandidate:25bdb850-9456-40e4-9e32-2249eb72d793
2019-10-18 13:45:52,756 [grpc-default-executor-0] INFO  impl.RaftServerImpl (RaftServerImpl.java:setRole(184)) - b7ce392e-07e5-43c4-a049-3141454252ec@group-58B787E4CA93: changes role from  FOLLOWER to FOLLOWER at term 48 for recognizeCandidate:25bdb850-9456-40e4-9e32-2249eb72d793
2019-10-18 13:45:52,756 [grpc-default-executor-1] INFO  impl.RoleInfo (RoleInfo.java:shutdownFollowerState(121)) - 9d0a2f75-ce30-4dbd-af96-5adca13389b4: shutdown FollowerState
2019-10-18 13:45:52,756 [grpc-default-executor-0] INFO  impl.RoleInfo (RoleInfo.java:shutdownFollowerState(121)) - b7ce392e-07e5-43c4-a049-3141454252ec: shutdown FollowerState
2019-10-18 13:45:52,757 [Thread-887] INFO  impl.FollowerState (FollowerState.java:run(117)) - 9d0a2f75-ce30-4dbd-af96-5adca13389b4@group-58B787E4CA93-FollowerState was interrupted: java.lang.InterruptedException: sleep interrupted
2019-10-18 13:45:52,756 [grpc-default-executor-1] INFO  impl.RoleInfo (RoleInfo.java:updateAndGet(143)) - 9d0a2f75-ce30-4dbd-af96-5adca13389b4: start FollowerState
2019-10-18 13:45:52,757 [Thread-886] INFO  impl.FollowerState (FollowerState.java:run(117)) - b7ce392e-07e5-43c4-a049-3141454252ec@group-58B787E4CA93-FollowerState was interrupted: java.lang.InterruptedException: sleep interrupted
2019-10-18 13:45:52,757 [grpc-default-executor-0] INFO  impl.RoleInfo (RoleInfo.java:updateAndGet(143)) - b7ce392e-07e5-43c4-a049-3141454252ec: start FollowerState
2019-10-18 13:45:52,771 [25bdb850-9456-40e4-9e32-2249eb72d793@group-58B787E4CA93-LeaderElection51] INFO  impl.LeaderElection (LeaderElection.java:logAndReturn(56)) - 25bdb850-9456-40e4-9e32-2249eb72d793@group-58B787E4CA93-LeaderElection51: Election REJECTED; received 2 response(s) [25bdb850-9456-40e4-9e32-2249eb72d793<-9d0a2f75-ce30-4dbd-af96-5adca13389b4#0:FAIL-t48, 25bdb850-9456-40e4-9e32-2249eb72d793<-b7ce392e-07e5-43c4-a049-3141454252ec#0:FAIL-t48] and 0 exception(s); 25bdb850-9456-40e4-9e32-2249eb72d793@group-58B787E4CA93:t48, leader=null, voted=25bdb850-9456-40e4-9e32-2249eb72d793, raftlog=25bdb850-9456-40e4-9e32-2249eb72d793@group-58B787E4CA93-SegmentedRaftLog:OPENED:c3,f4,i4, conf=0: [9d0a2f75-ce30-4dbd-af96-5adca13389b4:192.168.69.85:35551, b7ce392e-07e5-43c4-a049-3141454252ec:192.168.69.85:43203, 25bdb850-9456-40e4-9e32-2249eb72d793:192.168.69.85:34143], old=null
2019-10-18 13:45:52,772 [25bdb850-9456-40e4-9e32-2249eb72d793@group-58B787E4CA93-LeaderElection51] INFO  impl.RaftServerImpl (RaftServerImpl.java:setRole(184)) - 25bdb850-9456-40e4-9e32-2249eb72d793@group-58B787E4CA93: changes role from CANDIDATE to FOLLOWER at term 48 for DISCOVERED_A_NEW_TERM
2019-10-18 13:45:52,772 [25bdb850-9456-40e4-9e32-2249eb72d793@group-58B787E4CA93-LeaderElection51] INFO  impl.RoleInfo (RoleInfo.java:shutdownLeaderElection(134)) - 25bdb850-9456-40e4-9e32-2249eb72d793: shutdown LeaderElection
2019-10-18 13:45:52,772 [25bdb850-9456-40e4-9e32-2249eb72d793@group-58B787E4CA93-LeaderElection51] INFO  impl.RoleInfo (RoleInfo.java:updateAndGet(143)) - 25bdb850-9456-40e4-9e32-2249eb72d793: start FollowerState
2019-10-18 13:45:52,780 [Thread-894] INFO  impl.FollowerState (FollowerState.java:run(108)) - 25bdb850-9456-40e4-9e32-2249eb72d793@group-58B787E4CA93-FollowerState: change to CANDIDATE, lastRpcTime:8ms, electionTimeout:8ms
2019-10-18 13:45:52,781 [Thread-894] INFO  impl.RoleInfo (RoleInfo.java:shutdownFollowerState(121)) - 25bdb850-9456-40e4-9e32-2249eb72d793: shutdown FollowerState
2019-10-18 13:45:52,781 [Thread-894] INFO  impl.RaftServerImpl (RaftServerImpl.java:setRole(184)) - 25bdb850-9456-40e4-9e32-2249eb72d793@group-58B787E4CA93: changes role from  FOLLOWER to CANDIDATE at term 48 for changeToCandidate
2019-10-18 13:45:52,781 [Thread-894] INFO  impl.RoleInfo (RoleInfo.java:updateAndGet(143)) - 25bdb850-9456-40e4-9e32-2249eb72d793: start LeaderElection
2019-10-18 13:45:52,803 [25bdb850-9456-40e4-9e32-2249eb72d793@group-58B787E4CA93-LeaderElection52] INFO  impl.LeaderElection (LeaderElection.java:askForVotes(178)) - 25bdb850-9456-40e4-9e32-2249eb72d793@group-58B787E4CA93-LeaderElection52: begin an election at term 49 for 0: [9d0a2f75-ce30-4dbd-af96-5adca13389b4:192.168.69.85:35551, b7ce392e-07e5-43c4-a049-3141454252ec:192.168.69.85:43203, 25bdb850-9456-40e4-9e32-2249eb72d793:192.168.69.85:34143], old=null
2019-10-18 13:45:52,805 [grpc-default-executor-0] INFO  impl.RaftServerImpl (RaftServerImpl.java:setRole(184)) - b7ce392e-07e5-43c4-a049-3141454252ec@group-58B787E4CA93: changes role from  FOLLOWER to FOLLOWER at term 49 for recognizeCandidate:25bdb850-9456-40e4-9e32-2249eb72d793
2019-10-18 13:45:52,805 [grpc-default-executor-0] INFO  impl.RoleInfo (RoleInfo.java:shutdownFollowerState(121)) - b7ce392e-07e5-43c4-a049-3141454252ec: shutdown FollowerState
2019-10-18 13:45:52,805 [grpc-default-executor-1] INFO  impl.RaftServerImpl (RaftServerImpl.java:setRole(184)) - 9d0a2f75-ce30-4dbd-af96-5adca13389b4@group-58B787E4CA93: changes role from  FOLLOWER to FOLLOWER at term 49 for recognizeCandidate:25bdb850-9456-40e4-9e32-2249eb72d793
2019-10-18 13:45:52,805 [Thread-893] INFO  impl.FollowerState (FollowerState.java:run(117)) - b7ce392e-07e5-43c4-a049-3141454252ec@group-58B787E4CA93-FollowerState was interrupted: java.lang.InterruptedException: sleep interrupted
2019-10-18 13:45:52,805 [grpc-default-executor-0] INFO  impl.RoleInfo (RoleInfo.java:updateAndGet(143)) - b7ce392e-07e5-43c4-a049-3141454252ec: start FollowerState
2019-10-18 13:45:52,805 [grpc-default-executor-1] INFO  impl.RoleInfo (RoleInfo.java:shutdownFollowerState(121)) - 9d0a2f75-ce30-4dbd-af96-5adca13389b4: shutdown FollowerState
2019-10-18 13:45:52,806 [grpc-default-executor-1] INFO  impl.RoleInfo (RoleInfo.java:updateAndGet(143)) - 9d0a2f75-ce30-4dbd-af96-5adca13389b4: start FollowerState
2019-10-18 13:45:52,806 [Thread-892] INFO  impl.FollowerState (FollowerState.java:run(117)) - 9d0a2f75-ce30-4dbd-af96-5adca13389b4@group-58B787E4CA93-FollowerState was interrupted: java.lang.InterruptedException: sleep interrupted
2019-10-18 13:45:52,821 [25bdb850-9456-40e4-9e32-2249eb72d793@group-58B787E4CA93-LeaderElection52] INFO  impl.LeaderElection (LeaderElection.java:logAndReturn(56)) - 25bdb850-9456-40e4-9e32-2249eb72d793@group-58B787E4CA93-LeaderElection52: Election REJECTED; received 2 response(s) [25bdb850-9456-40e4-9e32-2249eb72d793<-9d0a2f75-ce30-4dbd-af96-5adca13389b4#0:FAIL-t49, 25bdb850-9456-40e4-9e32-2249eb72d793<-b7ce392e-07e5-43c4-a049-3141454252ec#0:FAIL-t49] and 0 exception(s); 25bdb850-9456-40e4-9e32-2249eb72d793@group-58B787E4CA93:t49, leader=null, voted=25bdb850-9456-40e4-9e32-2249eb72d793, raftlog=25bdb850-9456-40e4-9e32-2249eb72d793@group-58B787E4CA93-SegmentedRaftLog:OPENED:c3,f4,i4, conf=0: [9d0a2f75-ce30-4dbd-af96-5adca13389b4:192.168.69.85:35551, b7ce392e-07e5-43c4-a049-3141454252ec:192.168.69.85:43203, 25bdb850-9456-40e4-9e32-2249eb72d793:192.168.69.85:34143], old=null
2019-10-18 13:45:52,821 [25bdb850-9456-40e4-9e32-2249eb72d793@group-58B787E4CA93-LeaderElection52] INFO  impl.RaftServerImpl (RaftServerImpl.java:setRole(184)) - 25bdb850-9456-40e4-9e32-2249eb72d793@group-58B787E4CA93: changes role from CANDIDATE to FOLLOWER at term 49 for DISCOVERED_A_NEW_TERM
2019-10-18 13:45:52,821 [25bdb850-9456-40e4-9e32-2249eb72d793@group-58B787E4CA93-LeaderElection52] INFO  impl.RoleInfo (RoleInfo.java:shutdownLeaderElection(134)) - 25bdb850-9456-40e4-9e32-2249eb72d793: shutdown LeaderElection
2019-10-18 13:45:52,821 [25bdb850-9456-40e4-9e32-2249eb72d793@group-58B787E4CA93-LeaderElection52] INFO  impl.RoleInfo (RoleInfo.java:updateAndGet(143)) - 25bdb850-9456-40e4-9e32-2249eb72d793: start FollowerState
2019-10-18 13:45:52,887 [Thread-900] INFO  impl.FollowerState (FollowerState.java:run(108)) - 25bdb850-9456-40e4-9e32-2249eb72d793@group-58B787E4CA93-FollowerState: change to CANDIDATE, lastRpcTime:66ms, electionTimeout:66ms
2019-10-18 13:45:52,888 [Thread-900] INFO  impl.RoleInfo (RoleInfo.java:shutdownFollowerState(121)) - 25bdb850-9456-40e4-9e32-2249eb72d793: shutdown FollowerState
2019-10-18 13:45:52,888 [Thread-900] INFO  impl.RaftServerImpl (RaftServerImpl.java:setRole(184)) - 25bdb850-9456-40e4-9e32-2249eb72d793@group-58B787E4CA93: changes role from  FOLLOWER to CANDIDATE at term 49 for changeToCandidate
2019-10-18 13:45:52,888 [Thread-900] INFO  impl.RoleInfo (RoleInfo.java:updateAndGet(143)) - 25bdb850-9456-40e4-9e32-2249eb72d793: start LeaderElection
2019-10-18 13:45:52,913 [25bdb850-9456-40e4-9e32-2249eb72d793@group-58B787E4CA93-LeaderElection53] INFO  impl.LeaderElection (LeaderElection.java:askForVotes(178)) - 25bdb850-9456-40e4-9e32-2249eb72d793@group-58B787E4CA93-LeaderElection53: begin an election at term 50 for 0: [9d0a2f75-ce30-4dbd-af96-5adca13389b4:192.168.69.85:35551, b7ce392e-07e5-43c4-a049-3141454252ec:192.168.69.85:43203, 25bdb850-9456-40e4-9e32-2249eb72d793:192.168.69.85:34143], old=null
2019-10-18 13:45:52,915 [grpc-default-executor-0] INFO  impl.RaftServerImpl (RaftServerImpl.java:setRole(184)) - 9d0a2f75-ce30-4dbd-af96-5adca13389b4@group-58B787E4CA93: changes role from  FOLLOWER to FOLLOWER at term 50 for recognizeCandidate:25bdb850-9456-40e4-9e32-2249eb72d793
2019-10-18 13:45:52,915 [grpc-default-executor-0] INFO  impl.RoleInfo (RoleInfo.java:shutdownFollowerState(121)) - 9d0a2f75-ce30-4dbd-af96-5adca13389b4: shutdown FollowerState
2019-10-18 13:45:52,915 [grpc-default-executor-1] INFO  impl.RaftServerImpl (RaftServerImpl.java:setRole(184)) - b7ce392e-07e5-43c4-a049-3141454252ec@group-58B787E4CA93: changes role from  FOLLOWER to FOLLOWER at term 50 for recognizeCandidate:25bdb850-9456-40e4-9e32-2249eb72d793
2019-10-18 13:45:52,915 [Thread-899] INFO  impl.FollowerState (FollowerState.java:run(117)) - 9d0a2f75-ce30-4dbd-af96-5adca13389b4@group-58B787E4CA93-FollowerState was interrupted: java.lang.InterruptedException: sleep interrupted
2019-10-18 13:45:52,915 [grpc-default-executor-0] INFO  impl.RoleInfo (RoleInfo.java:updateAndGet(143)) - 9d0a2f75-ce30-4dbd-af96-5adca13389b4: start FollowerState
2019-10-18 13:45:52,916 [grpc-default-executor-1] INFO  impl.RoleInfo (RoleInfo.java:shutdownFollowerState(121)) - b7ce392e-07e5-43c4-a049-3141454252ec: shutdown FollowerState
2019-10-18 13:45:52,916 [grpc-default-executor-1] INFO  impl.RoleInfo (RoleInfo.java:updateAndGet(143)) - b7ce392e-07e5-43c4-a049-3141454252ec: start FollowerState
2019-10-18 13:45:52,916 [Thread-898] INFO  impl.FollowerState (FollowerState.java:run(117)) - b7ce392e-07e5-43c4-a049-3141454252ec@group-58B787E4CA93-FollowerState was interrupted: java.lang.InterruptedException: sleep interrupted
2019-10-18 13:45:52,943 [25bdb850-9456-40e4-9e32-2249eb72d793@group-58B787E4CA93-LeaderElection53] INFO  impl.LeaderElection (LeaderElection.java:logAndReturn(56)) - 25bdb850-9456-40e4-9e32-2249eb72d793@group-58B787E4CA93-LeaderElection53: Election REJECTED; received 2 response(s) [25bdb850-9456-40e4-9e32-2249eb72d793<-9d0a2f75-ce30-4dbd-af96-5adca13389b4#0:FAIL-t50, 25bdb850-9456-40e4-9e32-2249eb72d793<-b7ce392e-07e5-43c4-a049-3141454252ec#0:FAIL-t50] and 0 exception(s); 25bdb850-9456-40e4-9e32-2249eb72d793@group-58B787E4CA93:t50, leader=null, voted=25bdb850-9456-40e4-9e32-2249eb72d793, raftlog=25bdb850-9456-40e4-9e32-2249eb72d793@group-58B787E4CA93-SegmentedRaftLog:OPENED:c3,f4,i4, conf=0: [9d0a2f75-ce30-4dbd-af96-5adca13389b4:192.168.69.85:35551, b7ce392e-07e5-43c4-a049-3141454252ec:192.168.69.85:43203, 25bdb850-9456-40e4-9e32-2249eb72d793:192.168.69.85:34143], old=null
2019-10-18 13:45:52,943 [25bdb850-9456-40e4-9e32-2249eb72d793@group-58B787E4CA93-LeaderElection53] INFO  impl.RaftServerImpl (RaftServerImpl.java:setRole(184)) - 25bdb850-9456-40e4-9e32-2249eb72d793@group-58B787E4CA93: changes role from CANDIDATE to FOLLOWER at term 50 for DISCOVERED_A_NEW_TERM
2019-10-18 13:45:52,943 [25bdb850-9456-40e4-9e32-2249eb72d793@group-58B787E4CA93-LeaderElection53] INFO  impl.RoleInfo (RoleInfo.java:shutdownLeaderElection(134)) - 25bdb850-9456-40e4-9e32-2249eb72d793: shutdown LeaderElection
2019-10-18 13:45:52,943 [25bdb850-9456-40e4-9e32-2249eb72d793@group-58B787E4CA93-LeaderElection53] INFO  impl.RoleInfo (RoleInfo.java:updateAndGet(143)) - 25bdb850-9456-40e4-9e32-2249eb72d793: start FollowerState
2019-10-18 13:45:52,970 [Thread-906] INFO  impl.FollowerState (FollowerState.java:run(108)) - 25bdb850-9456-40e4-9e32-2249eb72d793@group-58B787E4CA93-FollowerState: change to CANDIDATE, lastRpcTime:27ms, electionTimeout:27ms
2019-10-18 13:45:52,971 [Thread-906] INFO  impl.RoleInfo (RoleInfo.java:shutdownFollowerState(121)) - 25bdb850-9456-40e4-9e32-2249eb72d793: shutdown FollowerState
2019-10-18 13:45:52,971 [Thread-906] INFO  impl.RaftServerImpl (RaftServerImpl.java:setRole(184)) - 25bdb850-9456-40e4-9e32-2249eb72d793@group-58B787E4CA93: changes role from  FOLLOWER to CANDIDATE at term 50 for changeToCandidate
2019-10-18 13:45:52,971 [Thread-906] INFO  impl.RoleInfo (RoleInfo.java:updateAndGet(143)) - 25bdb850-9456-40e4-9e32-2249eb72d793: start LeaderElection
2019-10-18 13:45:52,985 [25bdb850-9456-40e4-9e32-2249eb72d793@group-58B787E4CA93-LeaderElection54] INFO  impl.LeaderElection (LeaderElection.java:askForVotes(178)) - 25bdb850-9456-40e4-9e32-2249eb72d793@group-58B787E4CA93-LeaderElection54: begin an election at term 51 for 0: [9d0a2f75-ce30-4dbd-af96-5adca13389b4:192.168.69.85:35551, b7ce392e-07e5-43c4-a049-3141454252ec:192.168.69.85:43203, 25bdb850-9456-40e4-9e32-2249eb72d793:192.168.69.85:34143], old=null
2019-10-18 13:45:52,987 [grpc-default-executor-1] INFO  impl.RaftServerImpl (RaftServerImpl.java:setRole(184)) - b7ce392e-07e5-43c4-a049-3141454252ec@group-58B787E4CA93: changes role from  FOLLOWER to FOLLOWER at term 51 for recognizeCandidate:25bdb850-9456-40e4-9e32-2249eb72d793
2019-10-18 13:45:52,987 [grpc-default-executor-1] INFO  impl.RoleInfo (RoleInfo.java:shutdownFollowerState(121)) - b7ce392e-07e5-43c4-a049-3141454252ec: shutdown FollowerState
2019-10-18 13:45:52,987 [grpc-default-executor-1] INFO  impl.RoleInfo (RoleInfo.java:updateAndGet(143)) - b7ce392e-07e5-43c4-a049-3141454252ec: start FollowerState
2019-10-18 13:45:52,987 [grpc-default-executor-0] INFO  impl.RaftServerImpl (RaftServerImpl.java:setRole(184)) - 9d0a2f75-ce30-4dbd-af96-5adca13389b4@group-58B787E4CA93: changes role from  FOLLOWER to FOLLOWER at term 51 for recognizeCandidate:25bdb850-9456-40e4-9e32-2249eb72d793
2019-10-18 13:45:52,987 [Thread-905] INFO  impl.FollowerState (FollowerState.java:run(117)) - b7ce392e-07e5-43c4-a049-3141454252ec@group-58B787E4CA93-FollowerState was interrupted: java.lang.InterruptedException: sleep interrupted
2019-10-18 13:45:52,988 [grpc-default-executor-0] INFO  impl.RoleInfo (RoleInfo.java:shutdownFollowerState(121)) - 9d0a2f75-ce30-4dbd-af96-5adca13389b4: shutdown FollowerState
2019-10-18 13:45:52,988 [Thread-904] INFO  impl.FollowerState (FollowerState.java:run(117)) - 9d0a2f75-ce30-4dbd-af96-5adca13389b4@group-58B787E4CA93-FollowerState was interrupted: java.lang.InterruptedException: sleep interrupted
2019-10-18 13:45:52,988 [grpc-default-executor-0] INFO  impl.RoleInfo (RoleInfo.java:updateAndGet(143)) - 9d0a2f75-ce30-4dbd-af96-5adca13389b4: start FollowerState
2019-10-18 13:45:53,002 [25bdb850-9456-40e4-9e32-2249eb72d793@group-58B787E4CA93-LeaderElection54] INFO  impl.LeaderElection (LeaderElection.java:logAndReturn(56)) - 25bdb850-9456-40e4-9e32-2249eb72d793@group-58B787E4CA93-LeaderElection54: Election REJECTED; received 2 response(s) [25bdb850-9456-40e4-9e32-2249eb72d793<-9d0a2f75-ce30-4dbd-af96-5adca13389b4#0:FAIL-t51, 25bdb850-9456-40e4-9e32-2249eb72d793<-b7ce392e-07e5-43c4-a049-3141454252ec#0:FAIL-t51] and 0 exception(s); 25bdb850-9456-40e4-9e32-2249eb72d793@group-58B787E4CA93:t51, leader=null, voted=25bdb850-9456-40e4-9e32-2249eb72d793, raftlog=25bdb850-9456-40e4-9e32-2249eb72d793@group-58B787E4CA93-SegmentedRaftLog:OPENED:c3,f4,i4, conf=0: [9d0a2f75-ce30-4dbd-af96-5adca13389b4:192.168.69.85:35551, b7ce392e-07e5-43c4-a049-3141454252ec:192.168.69.85:43203, 25bdb850-9456-40e4-9e32-2249eb72d793:192.168.69.85:34143], old=null
2019-10-18 13:45:53,002 [25bdb850-9456-40e4-9e32-2249eb72d793@group-58B787E4CA93-LeaderElection54] INFO  impl.RaftServerImpl (RaftServerImpl.java:setRole(184)) - 25bdb850-9456-40e4-9e32-2249eb72d793@group-58B787E4CA93: changes role from CANDIDATE to FOLLOWER at term 51 for DISCOVERED_A_NEW_TERM
2019-10-18 13:45:53,002 [25bdb850-9456-40e4-9e32-2249eb72d793@group-58B787E4CA93-LeaderElection54] INFO  impl.RoleInfo (RoleInfo.java:shutdownLeaderElection(134)) - 25bdb850-9456-40e4-9e32-2249eb72d793: shutdown LeaderElection
2019-10-18 13:45:53,002 [25bdb850-9456-40e4-9e32-2249eb72d793@group-58B787E4CA93-LeaderElection54] INFO  impl.RoleInfo (RoleInfo.java:updateAndGet(143)) - 25bdb850-9456-40e4-9e32-2249eb72d793: start FollowerState
2019-10-18 13:45:53,161 [Thread-912] INFO  impl.FollowerState (FollowerState.java:run(108)) - 25bdb850-9456-40e4-9e32-2249eb72d793@group-58B787E4CA93-FollowerState: change to CANDIDATE, lastRpcTime:158ms, electionTimeout:158ms
2019-10-18 13:45:53,161 [Thread-912] INFO  impl.RoleInfo (RoleInfo.java:shutdownFollowerState(121)) - 25bdb850-9456-40e4-9e32-2249eb72d793: shutdown FollowerState
2019-10-18 13:45:53,161 [Thread-912] INFO  impl.RaftServerImpl (RaftServerImpl.java:setRole(184)) - 25bdb850-9456-40e4-9e32-2249eb72d793@group-58B787E4CA93: changes role from  FOLLOWER to CANDIDATE at term 51 for changeToCandidate
2019-10-18 13:45:53,161 [Thread-912] INFO  impl.RoleInfo (RoleInfo.java:updateAndGet(143)) - 25bdb850-9456-40e4-9e32-2249eb72d793: start LeaderElection
2019-10-18 13:45:53,175 [25bdb850-9456-40e4-9e32-2249eb72d793@group-58B787E4CA93-LeaderElection55] INFO  impl.LeaderElection (LeaderElection.java:askForVotes(178)) - 25bdb850-9456-40e4-9e32-2249eb72d793@group-58B787E4CA93-LeaderElection55: begin an election at term 52 for 0: [9d0a2f75-ce30-4dbd-af96-5adca13389b4:192.168.69.85:35551, b7ce392e-07e5-43c4-a049-3141454252ec:192.168.69.85:43203, 25bdb850-9456-40e4-9e32-2249eb72d793:192.168.69.85:34143], old=null
2019-10-18 13:45:53,178 [grpc-default-executor-1] INFO  impl.RaftServerImpl (RaftServerImpl.java:setRole(184)) - 9d0a2f75-ce30-4dbd-af96-5adca13389b4@group-58B787E4CA93: changes role from  FOLLOWER to FOLLOWER at term 52 for recognizeCandidate:25bdb850-9456-40e4-9e32-2249eb72d793
2019-10-18 13:45:53,178 [grpc-default-executor-0] INFO  impl.RaftServerImpl (RaftServerImpl.java:setRole(184)) - b7ce392e-07e5-43c4-a049-3141454252ec@group-58B787E4CA93: changes role from  FOLLOWER to FOLLOWER at term 52 for recognizeCandidate:25bdb850-9456-40e4-9e32-2249eb72d793
2019-10-18 13:45:53,179 [grpc-default-executor-1] INFO  impl.RoleInfo (RoleInfo.java:shutdownFollowerState(121)) - 9d0a2f75-ce30-4dbd-af96-5adca13389b4: shutdown FollowerState
2019-10-18 13:45:53,179 [grpc-default-executor-0] INFO  impl.RoleInfo (RoleInfo.java:shutdownFollowerState(121)) - b7ce392e-07e5-43c4-a049-3141454252ec: shutdown FollowerState
2019-10-18 13:45:53,179 [grpc-default-executor-1] INFO  impl.RoleInfo (RoleInfo.java:updateAndGet(143)) - 9d0a2f75-ce30-4dbd-af96-5adca13389b4: start FollowerState
2019-10-18 13:45:53,179 [Thread-911] INFO  impl.FollowerState (FollowerState.java:run(117)) - 9d0a2f75-ce30-4dbd-af96-5adca13389b4@group-58B787E4CA93-FollowerState was interrupted: java.lang.InterruptedException: sleep interrupted
2019-10-18 13:45:53,179 [Thread-910] INFO  impl.FollowerState (FollowerState.java:run(117)) - b7ce392e-07e5-43c4-a049-3141454252ec@group-58B787E4CA93-FollowerState was interrupted: java.lang.InterruptedException: sleep interrupted
2019-10-18 13:45:53,179 [grpc-default-executor-0] INFO  impl.RoleInfo (RoleInfo.java:updateAndGet(143)) - b7ce392e-07e5-43c4-a049-3141454252ec: start FollowerState
2019-10-18 13:45:53,194 [25bdb850-9456-40e4-9e32-2249eb72d793@group-58B787E4CA93-LeaderElection55] INFO  impl.LeaderElection (LeaderElection.java:logAndReturn(56)) - 25bdb850-9456-40e4-9e32-2249eb72d793@group-58B787E4CA93-LeaderElection55: Election REJECTED; received 2 response(s) [25bdb850-9456-40e4-9e32-2249eb72d793<-9d0a2f75-ce30-4dbd-af96-5adca13389b4#0:FAIL-t52, 25bdb850-9456-40e4-9e32-2249eb72d793<-b7ce392e-07e5-43c4-a049-3141454252ec#0:FAIL-t52] and 0 exception(s); 25bdb850-9456-40e4-9e32-2249eb72d793@group-58B787E4CA93:t52, leader=null, voted=25bdb850-9456-40e4-9e32-2249eb72d793, raftlog=25bdb850-9456-40e4-9e32-2249eb72d793@group-58B787E4CA93-SegmentedRaftLog:OPENED:c3,f4,i4, conf=0: [9d0a2f75-ce30-4dbd-af96-5adca13389b4:192.168.69.85:35551, b7ce392e-07e5-43c4-a049-3141454252ec:192.168.69.85:43203, 25bdb850-9456-40e4-9e32-2249eb72d793:192.168.69.85:34143], old=null
2019-10-18 13:45:53,194 [25bdb850-9456-40e4-9e32-2249eb72d793@group-58B787E4CA93-LeaderElection55] INFO  impl.RaftServerImpl (RaftServerImpl.java:setRole(184)) - 25bdb850-9456-40e4-9e32-2249eb72d793@group-58B787E4CA93: changes role from CANDIDATE to FOLLOWER at term 52 for DISCOVERED_A_NEW_TERM
2019-10-18 13:45:53,194 [25bdb850-9456-40e4-9e32-2249eb72d793@group-58B787E4CA93-LeaderElection55] INFO  impl.RoleInfo (RoleInfo.java:shutdownLeaderElection(134)) - 25bdb850-9456-40e4-9e32-2249eb72d793: shutdown LeaderElection
2019-10-18 13:45:53,194 [25bdb850-9456-40e4-9e32-2249eb72d793@group-58B787E4CA93-LeaderElection55] INFO  impl.RoleInfo (RoleInfo.java:updateAndGet(143)) - 25bdb850-9456-40e4-9e32-2249eb72d793: start FollowerState
2019-10-18 13:45:53,320 [BlockDeletingService#2] WARN  background.BlockDeletingService (BlockDeletingService.java:isDeletionAllowed(187)) - Close Container log Index 6 is not replicated across allthe servers in the pipeline 959e288b-eace-4bc0-b5b0-58b787e4ca93 as the min replicated index is 4. Deletion is not allowed in this container yet.
2019-10-18 13:45:53,320 [BlockDeletingService#2] WARN  background.BlockDeletingService (BlockDeletingService.java:isDeletionAllowed(187)) - Close Container log Index 6 is not replicated across allthe servers in the pipeline 959e288b-eace-4bc0-b5b0-58b787e4ca93 as the min replicated index is 4. Deletion is not allowed in this container yet.
2019-10-18 13:45:53,367 [Thread-919] INFO  impl.FollowerState (FollowerState.java:run(108)) - 25bdb850-9456-40e4-9e32-2249eb72d793@group-58B787E4CA93-FollowerState: change to CANDIDATE, lastRpcTime:172ms, electionTimeout:172ms
2019-10-18 13:45:53,367 [Thread-919] INFO  impl.RoleInfo (RoleInfo.java:shutdownFollowerState(121)) - 25bdb850-9456-40e4-9e32-2249eb72d793: shutdown FollowerState
2019-10-18 13:45:53,367 [Thread-919] INFO  impl.RaftServerImpl (RaftServerImpl.java:setRole(184)) - 25bdb850-9456-40e4-9e32-2249eb72d793@group-58B787E4CA93: changes role from  FOLLOWER to CANDIDATE at term 52 for changeToCandidate
2019-10-18 13:45:53,368 [Thread-919] INFO  impl.RoleInfo (RoleInfo.java:updateAndGet(143)) - 25bdb850-9456-40e4-9e32-2249eb72d793: start LeaderElection
2019-10-18 13:45:53,392 [25bdb850-9456-40e4-9e32-2249eb72d793@group-58B787E4CA93-LeaderElection56] INFO  impl.LeaderElection (LeaderElection.java:askForVotes(178)) - 25bdb850-9456-40e4-9e32-2249eb72d793@group-58B787E4CA93-LeaderElection56: begin an election at term 53 for 0: [9d0a2f75-ce30-4dbd-af96-5adca13389b4:192.168.69.85:35551, b7ce392e-07e5-43c4-a049-3141454252ec:192.168.69.85:43203, 25bdb850-9456-40e4-9e32-2249eb72d793:192.168.69.85:34143], old=null
2019-10-18 13:45:53,394 [grpc-default-executor-0] INFO  impl.RaftServerImpl (RaftServerImpl.java:setRole(184)) - 9d0a2f75-ce30-4dbd-af96-5adca13389b4@group-58B787E4CA93: changes role from  FOLLOWER to FOLLOWER at term 53 for recognizeCandidate:25bdb850-9456-40e4-9e32-2249eb72d793
2019-10-18 13:45:53,394 [grpc-default-executor-1] INFO  impl.RaftServerImpl (RaftServerImpl.java:setRole(184)) - b7ce392e-07e5-43c4-a049-3141454252ec@group-58B787E4CA93: changes role from  FOLLOWER to FOLLOWER at term 53 for recognizeCandidate:25bdb850-9456-40e4-9e32-2249eb72d793
2019-10-18 13:45:53,394 [grpc-default-executor-0] INFO  impl.RoleInfo (RoleInfo.java:shutdownFollowerState(121)) - 9d0a2f75-ce30-4dbd-af96-5adca13389b4: shutdown FollowerState
2019-10-18 13:45:53,394 [grpc-default-executor-1] INFO  impl.RoleInfo (RoleInfo.java:shutdownFollowerState(121)) - b7ce392e-07e5-43c4-a049-3141454252ec: shutdown FollowerState
2019-10-18 13:45:53,395 [Thread-917] INFO  impl.FollowerState (FollowerState.java:run(117)) - 9d0a2f75-ce30-4dbd-af96-5adca13389b4@group-58B787E4CA93-FollowerState was interrupted: java.lang.InterruptedException: sleep interrupted
2019-10-18 13:45:53,394 [grpc-default-executor-0] INFO  impl.RoleInfo (RoleInfo.java:updateAndGet(143)) - 9d0a2f75-ce30-4dbd-af96-5adca13389b4: start FollowerState
2019-10-18 13:45:53,395 [Thread-918] INFO  impl.FollowerState (FollowerState.java:run(117)) - b7ce392e-07e5-43c4-a049-3141454252ec@group-58B787E4CA93-FollowerState was interrupted: java.lang.InterruptedException: sleep interrupted
2019-10-18 13:45:53,395 [grpc-default-executor-1] INFO  impl.RoleInfo (RoleInfo.java:updateAndGet(143)) - b7ce392e-07e5-43c4-a049-3141454252ec: start FollowerState
2019-10-18 13:45:53,409 [25bdb850-9456-40e4-9e32-2249eb72d793@group-58B787E4CA93-LeaderElection56] INFO  impl.LeaderElection (LeaderElection.java:logAndReturn(56)) - 25bdb850-9456-40e4-9e32-2249eb72d793@group-58B787E4CA93-LeaderElection56: Election REJECTED; received 2 response(s) [25bdb850-9456-40e4-9e32-2249eb72d793<-9d0a2f75-ce30-4dbd-af96-5adca13389b4#0:FAIL-t53, 25bdb850-9456-40e4-9e32-2249eb72d793<-b7ce392e-07e5-43c4-a049-3141454252ec#0:FAIL-t53] and 0 exception(s); 25bdb850-9456-40e4-9e32-2249eb72d793@group-58B787E4CA93:t53, leader=null, voted=25bdb850-9456-40e4-9e32-2249eb72d793, raftlog=25bdb850-9456-40e4-9e32-2249eb72d793@group-58B787E4CA93-SegmentedRaftLog:OPENED:c3,f4,i4, conf=0: [9d0a2f75-ce30-4dbd-af96-5adca13389b4:192.168.69.85:35551, b7ce392e-07e5-43c4-a049-3141454252ec:192.168.69.85:43203, 25bdb850-9456-40e4-9e32-2249eb72d793:192.168.69.85:34143], old=null
2019-10-18 13:45:53,410 [25bdb850-9456-40e4-9e32-2249eb72d793@group-58B787E4CA93-LeaderElection56] INFO  impl.RaftServerImpl (RaftServerImpl.java:setRole(184)) - 25bdb850-9456-40e4-9e32-2249eb72d793@group-58B787E4CA93: changes role from CANDIDATE to FOLLOWER at term 53 for DISCOVERED_A_NEW_TERM
2019-10-18 13:45:53,410 [25bdb850-9456-40e4-9e32-2249eb72d793@group-58B787E4CA93-LeaderElection56] INFO  impl.RoleInfo (RoleInfo.java:shutdownLeaderElection(134)) - 25bdb850-9456-40e4-9e32-2249eb72d793: shutdown LeaderElection
2019-10-18 13:45:53,410 [25bdb850-9456-40e4-9e32-2249eb72d793@group-58B787E4CA93-LeaderElection56] INFO  impl.RoleInfo (RoleInfo.java:updateAndGet(143)) - 25bdb850-9456-40e4-9e32-2249eb72d793: start FollowerState
2019-10-18 13:45:53,417 [Thread-929] INFO  client.GrpcClientProtocolService (GrpcClientProtocolService.java:lambda$processClientRequest$0(278)) - Failed RaftClientRequest:client-B7AACEF92521->9d0a2f75-ce30-4dbd-af96-5adca13389b4@group-58B787E4CA93, cid=10, seq=0, Watch-ALL_COMMITTED(6), Message:<EMPTY>, reply=RaftClientReply:client-B7AACEF92521->9d0a2f75-ce30-4dbd-af96-5adca13389b4@group-58B787E4CA93, cid=10, FAILED org.apache.ratis.protocol.NotLeaderException: Server 9d0a2f75-ce30-4dbd-af96-5adca13389b4@group-58B787E4CA93 is not the leader, logIndex=0, commits[9d0a2f75-ce30-4dbd-af96-5adca13389b4:c10, b7ce392e-07e5-43c4-a049-3141454252ec:c10, 25bdb850-9456-40e4-9e32-2249eb72d793:c4]
2019-10-18 13:45:53,538 [Thread-927] INFO  impl.FollowerState (FollowerState.java:run(108)) - 25bdb850-9456-40e4-9e32-2249eb72d793@group-58B787E4CA93-FollowerState: change to CANDIDATE, lastRpcTime:128ms, electionTimeout:128ms
2019-10-18 13:45:53,538 [Thread-927] INFO  impl.RoleInfo (RoleInfo.java:shutdownFollowerState(121)) - 25bdb850-9456-40e4-9e32-2249eb72d793: shutdown FollowerState
2019-10-18 13:45:53,539 [Thread-927] INFO  impl.RaftServerImpl (RaftServerImpl.java:setRole(184)) - 25bdb850-9456-40e4-9e32-2249eb72d793@group-58B787E4CA93: changes role from  FOLLOWER to CANDIDATE at term 53 for changeToCandidate
2019-10-18 13:45:53,539 [Thread-927] INFO  impl.RoleInfo (RoleInfo.java:updateAndGet(143)) - 25bdb850-9456-40e4-9e32-2249eb72d793: start LeaderElection
2019-10-18 13:45:53,555 [25bdb850-9456-40e4-9e32-2249eb72d793@group-58B787E4CA93-LeaderElection57] INFO  impl.LeaderElection (LeaderElection.java:askForVotes(178)) - 25bdb850-9456-40e4-9e32-2249eb72d793@group-58B787E4CA93-LeaderElection57: begin an election at term 54 for 0: [9d0a2f75-ce30-4dbd-af96-5adca13389b4:192.168.69.85:35551, b7ce392e-07e5-43c4-a049-3141454252ec:192.168.69.85:43203, 25bdb850-9456-40e4-9e32-2249eb72d793:192.168.69.85:34143], old=null
2019-10-18 13:45:53,558 [grpc-default-executor-0] INFO  impl.RaftServerImpl (RaftServerImpl.java:setRole(184)) - b7ce392e-07e5-43c4-a049-3141454252ec@group-58B787E4CA93: changes role from  FOLLOWER to FOLLOWER at term 54 for recognizeCandidate:25bdb850-9456-40e4-9e32-2249eb72d793
2019-10-18 13:45:53,558 [grpc-default-executor-1] INFO  impl.RaftServerImpl (RaftServerImpl.java:setRole(184)) - 9d0a2f75-ce30-4dbd-af96-5adca13389b4@group-58B787E4CA93: changes role from  FOLLOWER to FOLLOWER at term 54 for recognizeCandidate:25bdb850-9456-40e4-9e32-2249eb72d793
2019-10-18 13:45:53,558 [grpc-default-executor-0] INFO  impl.RoleInfo (RoleInfo.java:shutdownFollowerState(121)) - b7ce392e-07e5-43c4-a049-3141454252ec: shutdown FollowerState
2019-10-18 13:45:53,558 [grpc-default-executor-1] INFO  impl.RoleInfo (RoleInfo.java:shutdownFollowerState(121)) - 9d0a2f75-ce30-4dbd-af96-5adca13389b4: shutdown FollowerState
2019-10-18 13:45:53,558 [Thread-926] INFO  impl.FollowerState (FollowerState.java:run(117)) - b7ce392e-07e5-43c4-a049-3141454252ec@group-58B787E4CA93-FollowerState was interrupted: java.lang.InterruptedException: sleep interrupted
2019-10-18 13:45:53,558 [grpc-default-executor-0] INFO  impl.RoleInfo (RoleInfo.java:updateAndGet(143)) - b7ce392e-07e5-43c4-a049-3141454252ec: start FollowerState
2019-10-18 13:45:53,558 [Thread-925] INFO  impl.FollowerState (FollowerState.java:run(117)) - 9d0a2f75-ce30-4dbd-af96-5adca13389b4@group-58B787E4CA93-FollowerState was interrupted: java.lang.InterruptedException: sleep interrupted
2019-10-18 13:45:53,558 [grpc-default-executor-1] INFO  impl.RoleInfo (RoleInfo.java:updateAndGet(143)) - 9d0a2f75-ce30-4dbd-af96-5adca13389b4: start FollowerState
2019-10-18 13:45:53,574 [25bdb850-9456-40e4-9e32-2249eb72d793@group-58B787E4CA93-LeaderElection57] INFO  impl.LeaderElection (LeaderElection.java:logAndReturn(56)) - 25bdb850-9456-40e4-9e32-2249eb72d793@group-58B787E4CA93-LeaderElection57: Election REJECTED; received 2 response(s) [25bdb850-9456-40e4-9e32-2249eb72d793<-9d0a2f75-ce30-4dbd-af96-5adca13389b4#0:FAIL-t54, 25bdb850-9456-40e4-9e32-2249eb72d793<-b7ce392e-07e5-43c4-a049-3141454252ec#0:FAIL-t54] and 0 exception(s); 25bdb850-9456-40e4-9e32-2249eb72d793@group-58B787E4CA93:t54, leader=null, voted=25bdb850-9456-40e4-9e32-2249eb72d793, raftlog=25bdb850-9456-40e4-9e32-2249eb72d793@group-58B787E4CA93-SegmentedRaftLog:OPENED:c3,f4,i4, conf=0: [9d0a2f75-ce30-4dbd-af96-5adca13389b4:192.168.69.85:35551, b7ce392e-07e5-43c4-a049-3141454252ec:192.168.69.85:43203, 25bdb850-9456-40e4-9e32-2249eb72d793:192.168.69.85:34143], old=null
2019-10-18 13:45:53,574 [25bdb850-9456-40e4-9e32-2249eb72d793@group-58B787E4CA93-LeaderElection57] INFO  impl.RaftServerImpl (RaftServerImpl.java:setRole(184)) - 25bdb850-9456-40e4-9e32-2249eb72d793@group-58B787E4CA93: changes role from CANDIDATE to FOLLOWER at term 54 for DISCOVERED_A_NEW_TERM
2019-10-18 13:45:53,574 [25bdb850-9456-40e4-9e32-2249eb72d793@group-58B787E4CA93-LeaderElection57] INFO  impl.RoleInfo (RoleInfo.java:shutdownLeaderElection(134)) - 25bdb850-9456-40e4-9e32-2249eb72d793: shutdown LeaderElection
2019-10-18 13:45:53,575 [25bdb850-9456-40e4-9e32-2249eb72d793@group-58B787E4CA93-LeaderElection57] INFO  impl.RoleInfo (RoleInfo.java:updateAndGet(143)) - 25bdb850-9456-40e4-9e32-2249eb72d793: start FollowerState
2019-10-18 13:45:53,736 [Thread-936] INFO  impl.FollowerState (FollowerState.java:run(108)) - 25bdb850-9456-40e4-9e32-2249eb72d793@group-58B787E4CA93-FollowerState: change to CANDIDATE, lastRpcTime:161ms, electionTimeout:161ms
2019-10-18 13:45:53,736 [Thread-936] INFO  impl.RoleInfo (RoleInfo.java:shutdownFollowerState(121)) - 25bdb850-9456-40e4-9e32-2249eb72d793: shutdown FollowerState
2019-10-18 13:45:53,736 [Thread-936] INFO  impl.RaftServerImpl (RaftServerImpl.java:setRole(184)) - 25bdb850-9456-40e4-9e32-2249eb72d793@group-58B787E4CA93: changes role from  FOLLOWER to CANDIDATE at term 54 for changeToCandidate
2019-10-18 13:45:53,736 [Thread-936] INFO  impl.RoleInfo (RoleInfo.java:updateAndGet(143)) - 25bdb850-9456-40e4-9e32-2249eb72d793: start LeaderElection
2019-10-18 13:45:53,751 [25bdb850-9456-40e4-9e32-2249eb72d793@group-58B787E4CA93-LeaderElection58] INFO  impl.LeaderElection (LeaderElection.java:askForVotes(178)) - 25bdb850-9456-40e4-9e32-2249eb72d793@group-58B787E4CA93-LeaderElection58: begin an election at term 55 for 0: [9d0a2f75-ce30-4dbd-af96-5adca13389b4:192.168.69.85:35551, b7ce392e-07e5-43c4-a049-3141454252ec:192.168.69.85:43203, 25bdb850-9456-40e4-9e32-2249eb72d793:192.168.69.85:34143], old=null
2019-10-18 13:45:53,754 [grpc-default-executor-1] INFO  impl.RaftServerImpl (RaftServerImpl.java:setRole(184)) - b7ce392e-07e5-43c4-a049-3141454252ec@group-58B787E4CA93: changes role from  FOLLOWER to FOLLOWER at term 55 for recognizeCandidate:25bdb850-9456-40e4-9e32-2249eb72d793
2019-10-18 13:45:53,754 [grpc-default-executor-0] INFO  impl.RaftServerImpl (RaftServerImpl.java:setRole(184)) - 9d0a2f75-ce30-4dbd-af96-5adca13389b4@group-58B787E4CA93: changes role from  FOLLOWER to FOLLOWER at term 55 for recognizeCandidate:25bdb850-9456-40e4-9e32-2249eb72d793
2019-10-18 13:45:53,754 [grpc-default-executor-1] INFO  impl.RoleInfo (RoleInfo.java:shutdownFollowerState(121)) - b7ce392e-07e5-43c4-a049-3141454252ec: shutdown FollowerState
2019-10-18 13:45:53,755 [grpc-default-executor-0] INFO  impl.RoleInfo (RoleInfo.java:shutdownFollowerState(121)) - 9d0a2f75-ce30-4dbd-af96-5adca13389b4: shutdown FollowerState
2019-10-18 13:45:53,755 [Thread-934] INFO  impl.FollowerState (FollowerState.java:run(117)) - b7ce392e-07e5-43c4-a049-3141454252ec@group-58B787E4CA93-FollowerState was interrupted: java.lang.InterruptedException: sleep interrupted
2019-10-18 13:45:53,755 [grpc-default-executor-1] INFO  impl.RoleInfo (RoleInfo.java:updateAndGet(143)) - b7ce392e-07e5-43c4-a049-3141454252ec: start FollowerState
2019-10-18 13:45:53,755 [Thread-935] INFO  impl.FollowerState (FollowerState.java:run(117)) - 9d0a2f75-ce30-4dbd-af96-5adca13389b4@group-58B787E4CA93-FollowerState was interrupted: java.lang.InterruptedException: sleep interrupted
2019-10-18 13:45:53,755 [grpc-default-executor-0] INFO  impl.RoleInfo (RoleInfo.java:updateAndGet(143)) - 9d0a2f75-ce30-4dbd-af96-5adca13389b4: start FollowerState
2019-10-18 13:45:53,770 [25bdb850-9456-40e4-9e32-2249eb72d793@group-58B787E4CA93-LeaderElection58] INFO  impl.LeaderElection (LeaderElection.java:logAndReturn(56)) - 25bdb850-9456-40e4-9e32-2249eb72d793@group-58B787E4CA93-LeaderElection58: Election REJECTED; received 2 response(s) [25bdb850-9456-40e4-9e32-2249eb72d793<-9d0a2f75-ce30-4dbd-af96-5adca13389b4#0:FAIL-t55, 25bdb850-9456-40e4-9e32-2249eb72d793<-b7ce392e-07e5-43c4-a049-3141454252ec#0:FAIL-t55] and 0 exception(s); 25bdb850-9456-40e4-9e32-2249eb72d793@group-58B787E4CA93:t55, leader=null, voted=25bdb850-9456-40e4-9e32-2249eb72d793, raftlog=25bdb850-9456-40e4-9e32-2249eb72d793@group-58B787E4CA93-SegmentedRaftLog:OPENED:c3,f4,i4, conf=0: [9d0a2f75-ce30-4dbd-af96-5adca13389b4:192.168.69.85:35551, b7ce392e-07e5-43c4-a049-3141454252ec:192.168.69.85:43203, 25bdb850-9456-40e4-9e32-2249eb72d793:192.168.69.85:34143], old=null
2019-10-18 13:45:53,770 [25bdb850-9456-40e4-9e32-2249eb72d793@group-58B787E4CA93-LeaderElection58] INFO  impl.RaftServerImpl (RaftServerImpl.java:setRole(184)) - 25bdb850-9456-40e4-9e32-2249eb72d793@group-58B787E4CA93: changes role from CANDIDATE to FOLLOWER at term 55 for DISCOVERED_A_NEW_TERM
2019-10-18 13:45:53,770 [25bdb850-9456-40e4-9e32-2249eb72d793@group-58B787E4CA93-LeaderElection58] INFO  impl.RoleInfo (RoleInfo.java:shutdownLeaderElection(134)) - 25bdb850-9456-40e4-9e32-2249eb72d793: shutdown LeaderElection
2019-10-18 13:45:53,770 [25bdb850-9456-40e4-9e32-2249eb72d793@group-58B787E4CA93-LeaderElection58] INFO  impl.RoleInfo (RoleInfo.java:updateAndGet(143)) - 25bdb850-9456-40e4-9e32-2249eb72d793: start FollowerState
2019-10-18 13:45:53,924 [Thread-942] INFO  impl.FollowerState (FollowerState.java:run(108)) - 25bdb850-9456-40e4-9e32-2249eb72d793@group-58B787E4CA93-FollowerState: change to CANDIDATE, lastRpcTime:154ms, electionTimeout:154ms
2019-10-18 13:45:53,925 [Thread-942] INFO  impl.RoleInfo (RoleInfo.java:shutdownFollowerState(121)) - 25bdb850-9456-40e4-9e32-2249eb72d793: shutdown FollowerState
2019-10-18 13:45:53,925 [Thread-942] INFO  impl.RaftServerImpl (RaftServerImpl.java:setRole(184)) - 25bdb850-9456-40e4-9e32-2249eb72d793@group-58B787E4CA93: changes role from  FOLLOWER to CANDIDATE at term 55 for changeToCandidate
2019-10-18 13:45:53,925 [Thread-942] INFO  impl.RoleInfo (RoleInfo.java:updateAndGet(143)) - 25bdb850-9456-40e4-9e32-2249eb72d793: start LeaderElection
2019-10-18 13:45:53,940 [25bdb850-9456-40e4-9e32-2249eb72d793@group-58B787E4CA93-LeaderElection59] INFO  impl.LeaderElection (LeaderElection.java:askForVotes(178)) - 25bdb850-9456-40e4-9e32-2249eb72d793@group-58B787E4CA93-LeaderElection59: begin an election at term 56 for 0: [9d0a2f75-ce30-4dbd-af96-5adca13389b4:192.168.69.85:35551, b7ce392e-07e5-43c4-a049-3141454252ec:192.168.69.85:43203, 25bdb850-9456-40e4-9e32-2249eb72d793:192.168.69.85:34143], old=null
2019-10-18 13:45:53,942 [grpc-default-executor-0] INFO  impl.RaftServerImpl (RaftServerImpl.java:setRole(184)) - 9d0a2f75-ce30-4dbd-af96-5adca13389b4@group-58B787E4CA93: changes role from  FOLLOWER to FOLLOWER at term 56 for recognizeCandidate:25bdb850-9456-40e4-9e32-2249eb72d793
2019-10-18 13:45:53,942 [grpc-default-executor-0] INFO  impl.RoleInfo (RoleInfo.java:shutdownFollowerState(121)) - 9d0a2f75-ce30-4dbd-af96-5adca13389b4: shutdown FollowerState
2019-10-18 13:45:53,943 [grpc-default-executor-0] INFO  impl.RoleInfo (RoleInfo.java:updateAndGet(143)) - 9d0a2f75-ce30-4dbd-af96-5adca13389b4: start FollowerState
2019-10-18 13:45:53,943 [grpc-default-executor-1] INFO  impl.RaftServerImpl (RaftServerImpl.java:setRole(184)) - b7ce392e-07e5-43c4-a049-3141454252ec@group-58B787E4CA93: changes role from  FOLLOWER to FOLLOWER at term 56 for recognizeCandidate:25bdb850-9456-40e4-9e32-2249eb72d793
2019-10-18 13:45:53,943 [Thread-941] INFO  impl.FollowerState (FollowerState.java:run(117)) - 9d0a2f75-ce30-4dbd-af96-5adca13389b4@group-58B787E4CA93-FollowerState was interrupted: java.lang.InterruptedException: sleep interrupted
2019-10-18 13:45:53,943 [grpc-default-executor-1] INFO  impl.RoleInfo (RoleInfo.java:shutdownFollowerState(121)) - b7ce392e-07e5-43c4-a049-3141454252ec: shutdown FollowerState
2019-10-18 13:45:53,943 [grpc-default-executor-1] INFO  impl.RoleInfo (RoleInfo.java:updateAndGet(143)) - b7ce392e-07e5-43c4-a049-3141454252ec: start FollowerState
2019-10-18 13:45:53,943 [Thread-940] INFO  impl.FollowerState (FollowerState.java:run(117)) - b7ce392e-07e5-43c4-a049-3141454252ec@group-58B787E4CA93-FollowerState was interrupted: java.lang.InterruptedException: sleep interrupted
2019-10-18 13:45:53,958 [25bdb850-9456-40e4-9e32-2249eb72d793@group-58B787E4CA93-LeaderElection59] INFO  impl.LeaderElection (LeaderElection.java:logAndReturn(56)) - 25bdb850-9456-40e4-9e32-2249eb72d793@group-58B787E4CA93-LeaderElection59: Election REJECTED; received 2 response(s) [25bdb850-9456-40e4-9e32-2249eb72d793<-9d0a2f75-ce30-4dbd-af96-5adca13389b4#0:FAIL-t56, 25bdb850-9456-40e4-9e32-2249eb72d793<-b7ce392e-07e5-43c4-a049-3141454252ec#0:FAIL-t56] and 0 exception(s); 25bdb850-9456-40e4-9e32-2249eb72d793@group-58B787E4CA93:t56, leader=null, voted=25bdb850-9456-40e4-9e32-2249eb72d793, raftlog=25bdb850-9456-40e4-9e32-2249eb72d793@group-58B787E4CA93-SegmentedRaftLog:OPENED:c3,f4,i4, conf=0: [9d0a2f75-ce30-4dbd-af96-5adca13389b4:192.168.69.85:35551, b7ce392e-07e5-43c4-a049-3141454252ec:192.168.69.85:43203, 25bdb850-9456-40e4-9e32-2249eb72d793:192.168.69.85:34143], old=null
2019-10-18 13:45:53,958 [25bdb850-9456-40e4-9e32-2249eb72d793@group-58B787E4CA93-LeaderElection59] INFO  impl.RaftServerImpl (RaftServerImpl.java:setRole(184)) - 25bdb850-9456-40e4-9e32-2249eb72d793@group-58B787E4CA93: changes role from CANDIDATE to FOLLOWER at term 56 for DISCOVERED_A_NEW_TERM
2019-10-18 13:45:53,958 [25bdb850-9456-40e4-9e32-2249eb72d793@group-58B787E4CA93-LeaderElection59] INFO  impl.RoleInfo (RoleInfo.java:shutdownLeaderElection(134)) - 25bdb850-9456-40e4-9e32-2249eb72d793: shutdown LeaderElection
2019-10-18 13:45:53,958 [25bdb850-9456-40e4-9e32-2249eb72d793@group-58B787E4CA93-LeaderElection59] INFO  impl.RoleInfo (RoleInfo.java:updateAndGet(143)) - 25bdb850-9456-40e4-9e32-2249eb72d793: start FollowerState
2019-10-18 13:45:54,142 [Thread-950] INFO  impl.FollowerState (FollowerState.java:run(108)) - 25bdb850-9456-40e4-9e32-2249eb72d793@group-58B787E4CA93-FollowerState: change to CANDIDATE, lastRpcTime:183ms, electionTimeout:183ms
2019-10-18 13:45:54,142 [Thread-950] INFO  impl.RoleInfo (RoleInfo.java:shutdownFollowerState(121)) - 25bdb850-9456-40e4-9e32-2249eb72d793: shutdown FollowerState
2019-10-18 13:45:54,142 [Thread-950] INFO  impl.RaftServerImpl (RaftServerImpl.java:setRole(184)) - 25bdb850-9456-40e4-9e32-2249eb72d793@group-58B787E4CA93: changes role from  FOLLOWER to CANDIDATE at term 56 for changeToCandidate
2019-10-18 13:45:54,142 [Thread-950] INFO  impl.RoleInfo (RoleInfo.java:updateAndGet(143)) - 25bdb850-9456-40e4-9e32-2249eb72d793: start LeaderElection
2019-10-18 13:45:54,156 [25bdb850-9456-40e4-9e32-2249eb72d793@group-58B787E4CA93-LeaderElection60] INFO  impl.LeaderElection (LeaderElection.java:askForVotes(178)) - 25bdb850-9456-40e4-9e32-2249eb72d793@group-58B787E4CA93-LeaderElection60: begin an election at term 57 for 0: [9d0a2f75-ce30-4dbd-af96-5adca13389b4:192.168.69.85:35551, b7ce392e-07e5-43c4-a049-3141454252ec:192.168.69.85:43203, 25bdb850-9456-40e4-9e32-2249eb72d793:192.168.69.85:34143], old=null
2019-10-18 13:45:54,159 [grpc-default-executor-1] INFO  impl.RaftServerImpl (RaftServerImpl.java:setRole(184)) - 9d0a2f75-ce30-4dbd-af96-5adca13389b4@group-58B787E4CA93: changes role from  FOLLOWER to FOLLOWER at term 57 for recognizeCandidate:25bdb850-9456-40e4-9e32-2249eb72d793
2019-10-18 13:45:54,159 [grpc-default-executor-0] INFO  impl.RaftServerImpl (RaftServerImpl.java:setRole(184)) - b7ce392e-07e5-43c4-a049-3141454252ec@group-58B787E4CA93: changes role from  FOLLOWER to FOLLOWER at term 57 for recognizeCandidate:25bdb850-9456-40e4-9e32-2249eb72d793
2019-10-18 13:45:54,159 [grpc-default-executor-1] INFO  impl.RoleInfo (RoleInfo.java:shutdownFollowerState(121)) - 9d0a2f75-ce30-4dbd-af96-5adca13389b4: shutdown FollowerState
2019-10-18 13:45:54,159 [grpc-default-executor-0] INFO  impl.RoleInfo (RoleInfo.java:shutdownFollowerState(121)) - b7ce392e-07e5-43c4-a049-3141454252ec: shutdown FollowerState
2019-10-18 13:45:54,160 [Thread-948] INFO  impl.FollowerState (FollowerState.java:run(117)) - 9d0a2f75-ce30-4dbd-af96-5adca13389b4@group-58B787E4CA93-FollowerState was interrupted: java.lang.InterruptedException: sleep interrupted
2019-10-18 13:45:54,160 [grpc-default-executor-1] INFO  impl.RoleInfo (RoleInfo.java:updateAndGet(143)) - 9d0a2f75-ce30-4dbd-af96-5adca13389b4: start FollowerState
2019-10-18 13:45:54,160 [Thread-949] INFO  impl.FollowerState (FollowerState.java:run(117)) - b7ce392e-07e5-43c4-a049-3141454252ec@group-58B787E4CA93-FollowerState was interrupted: java.lang.InterruptedException: sleep interrupted
2019-10-18 13:45:54,160 [grpc-default-executor-0] INFO  impl.RoleInfo (RoleInfo.java:updateAndGet(143)) - b7ce392e-07e5-43c4-a049-3141454252ec: start FollowerState
2019-10-18 13:45:54,174 [25bdb850-9456-40e4-9e32-2249eb72d793@group-58B787E4CA93-LeaderElection60] INFO  impl.LeaderElection (LeaderElection.java:logAndReturn(56)) - 25bdb850-9456-40e4-9e32-2249eb72d793@group-58B787E4CA93-LeaderElection60: Election REJECTED; received 2 response(s) [25bdb850-9456-40e4-9e32-2249eb72d793<-9d0a2f75-ce30-4dbd-af96-5adca13389b4#0:FAIL-t57, 25bdb850-9456-40e4-9e32-2249eb72d793<-b7ce392e-07e5-43c4-a049-3141454252ec#0:FAIL-t57] and 0 exception(s); 25bdb850-9456-40e4-9e32-2249eb72d793@group-58B787E4CA93:t57, leader=null, voted=25bdb850-9456-40e4-9e32-2249eb72d793, raftlog=25bdb850-9456-40e4-9e32-2249eb72d793@group-58B787E4CA93-SegmentedRaftLog:OPENED:c3,f4,i4, conf=0: [9d0a2f75-ce30-4dbd-af96-5adca13389b4:192.168.69.85:35551, b7ce392e-07e5-43c4-a049-3141454252ec:192.168.69.85:43203, 25bdb850-9456-40e4-9e32-2249eb72d793:192.168.69.85:34143], old=null
2019-10-18 13:45:54,175 [25bdb850-9456-40e4-9e32-2249eb72d793@group-58B787E4CA93-LeaderElection60] INFO  impl.RaftServerImpl (RaftServerImpl.java:setRole(184)) - 25bdb850-9456-40e4-9e32-2249eb72d793@group-58B787E4CA93: changes role from CANDIDATE to FOLLOWER at term 57 for DISCOVERED_A_NEW_TERM
2019-10-18 13:45:54,175 [25bdb850-9456-40e4-9e32-2249eb72d793@group-58B787E4CA93-LeaderElection60] INFO  impl.RoleInfo (RoleInfo.java:shutdownLeaderElection(134)) - 25bdb850-9456-40e4-9e32-2249eb72d793: shutdown LeaderElection
2019-10-18 13:45:54,175 [25bdb850-9456-40e4-9e32-2249eb72d793@group-58B787E4CA93-LeaderElection60] INFO  impl.RoleInfo (RoleInfo.java:updateAndGet(143)) - 25bdb850-9456-40e4-9e32-2249eb72d793: start FollowerState
2019-10-18 13:45:54,218 [Thread-957] INFO  impl.FollowerState (FollowerState.java:run(108)) - 25bdb850-9456-40e4-9e32-2249eb72d793@group-58B787E4CA93-FollowerState: change to CANDIDATE, lastRpcTime:43ms, electionTimeout:43ms
2019-10-18 13:45:54,218 [Thread-957] INFO  impl.RoleInfo (RoleInfo.java:shutdownFollowerState(121)) - 25bdb850-9456-40e4-9e32-2249eb72d793: shutdown FollowerState
2019-10-18 13:45:54,219 [Thread-957] INFO  impl.RaftServerImpl (RaftServerImpl.java:setRole(184)) - 25bdb850-9456-40e4-9e32-2249eb72d793@group-58B787E4CA93: changes role from  FOLLOWER to CANDIDATE at term 57 for changeToCandidate
2019-10-18 13:45:54,219 [Thread-957] INFO  impl.RoleInfo (RoleInfo.java:updateAndGet(143)) - 25bdb850-9456-40e4-9e32-2249eb72d793: start LeaderElection
2019-10-18 13:45:54,240 [25bdb850-9456-40e4-9e32-2249eb72d793@group-58B787E4CA93-LeaderElection61] INFO  impl.LeaderElection (LeaderElection.java:askForVotes(178)) - 25bdb850-9456-40e4-9e32-2249eb72d793@group-58B787E4CA93-LeaderElection61: begin an election at term 58 for 0: [9d0a2f75-ce30-4dbd-af96-5adca13389b4:192.168.69.85:35551, b7ce392e-07e5-43c4-a049-3141454252ec:192.168.69.85:43203, 25bdb850-9456-40e4-9e32-2249eb72d793:192.168.69.85:34143], old=null
2019-10-18 13:45:54,264 [grpc-default-executor-1] INFO  impl.RaftServerImpl (RaftServerImpl.java:setRole(184)) - b7ce392e-07e5-43c4-a049-3141454252ec@group-58B787E4CA93: changes role from  FOLLOWER to FOLLOWER at term 58 for recognizeCandidate:25bdb850-9456-40e4-9e32-2249eb72d793
2019-10-18 13:45:54,264 [grpc-default-executor-0] INFO  impl.RaftServerImpl (RaftServerImpl.java:setRole(184)) - 9d0a2f75-ce30-4dbd-af96-5adca13389b4@group-58B787E4CA93: changes role from  FOLLOWER to FOLLOWER at term 58 for recognizeCandidate:25bdb850-9456-40e4-9e32-2249eb72d793
2019-10-18 13:45:54,265 [grpc-default-executor-1] INFO  impl.RoleInfo (RoleInfo.java:shutdownFollowerState(121)) - b7ce392e-07e5-43c4-a049-3141454252ec: shutdown FollowerState
2019-10-18 13:45:54,265 [grpc-default-executor-0] INFO  impl.RoleInfo (RoleInfo.java:shutdownFollowerState(121)) - 9d0a2f75-ce30-4dbd-af96-5adca13389b4: shutdown FollowerState
2019-10-18 13:45:54,265 [Thread-956] INFO  impl.FollowerState (FollowerState.java:run(117)) - b7ce392e-07e5-43c4-a049-3141454252ec@group-58B787E4CA93-FollowerState was interrupted: java.lang.InterruptedException: sleep interrupted
2019-10-18 13:45:54,265 [Thread-955] INFO  impl.FollowerState (FollowerState.java:run(117)) - 9d0a2f75-ce30-4dbd-af96-5adca13389b4@group-58B787E4CA93-FollowerState was interrupted: java.lang.InterruptedException: sleep interrupted
2019-10-18 13:45:54,265 [grpc-default-executor-1] INFO  impl.RoleInfo (RoleInfo.java:updateAndGet(143)) - b7ce392e-07e5-43c4-a049-3141454252ec: start FollowerState
2019-10-18 13:45:54,265 [grpc-default-executor-0] INFO  impl.RoleInfo (RoleInfo.java:updateAndGet(143)) - 9d0a2f75-ce30-4dbd-af96-5adca13389b4: start FollowerState
2019-10-18 13:45:54,280 [25bdb850-9456-40e4-9e32-2249eb72d793@group-58B787E4CA93-LeaderElection61] INFO  impl.LeaderElection (LeaderElection.java:logAndReturn(56)) - 25bdb850-9456-40e4-9e32-2249eb72d793@group-58B787E4CA93-LeaderElection61: Election REJECTED; received 2 response(s) [25bdb850-9456-40e4-9e32-2249eb72d793<-9d0a2f75-ce30-4dbd-af96-5adca13389b4#0:FAIL-t58, 25bdb850-9456-40e4-9e32-2249eb72d793<-b7ce392e-07e5-43c4-a049-3141454252ec#0:FAIL-t58] and 0 exception(s); 25bdb850-9456-40e4-9e32-2249eb72d793@group-58B787E4CA93:t58, leader=null, voted=25bdb850-9456-40e4-9e32-2249eb72d793, raftlog=25bdb850-9456-40e4-9e32-2249eb72d793@group-58B787E4CA93-SegmentedRaftLog:OPENED:c3,f4,i4, conf=0: [9d0a2f75-ce30-4dbd-af96-5adca13389b4:192.168.69.85:35551, b7ce392e-07e5-43c4-a049-3141454252ec:192.168.69.85:43203, 25bdb850-9456-40e4-9e32-2249eb72d793:192.168.69.85:34143], old=null
2019-10-18 13:45:54,280 [25bdb850-9456-40e4-9e32-2249eb72d793@group-58B787E4CA93-LeaderElection61] INFO  impl.RaftServerImpl (RaftServerImpl.java:setRole(184)) - 25bdb850-9456-40e4-9e32-2249eb72d793@group-58B787E4CA93: changes role from CANDIDATE to FOLLOWER at term 58 for DISCOVERED_A_NEW_TERM
2019-10-18 13:45:54,280 [25bdb850-9456-40e4-9e32-2249eb72d793@group-58B787E4CA93-LeaderElection61] INFO  impl.RoleInfo (RoleInfo.java:shutdownLeaderElection(134)) - 25bdb850-9456-40e4-9e32-2249eb72d793: shutdown LeaderElection
2019-10-18 13:45:54,280 [25bdb850-9456-40e4-9e32-2249eb72d793@group-58B787E4CA93-LeaderElection61] INFO  impl.RoleInfo (RoleInfo.java:updateAndGet(143)) - 25bdb850-9456-40e4-9e32-2249eb72d793: start FollowerState
2019-10-18 13:45:54,321 [BlockDeletingService#2] WARN  background.BlockDeletingService (BlockDeletingService.java:isDeletionAllowed(187)) - Close Container log Index 6 is not replicated across allthe servers in the pipeline 959e288b-eace-4bc0-b5b0-58b787e4ca93 as the min replicated index is 4. Deletion is not allowed in this container yet.
2019-10-18 13:45:54,322 [BlockDeletingService#2] WARN  background.BlockDeletingService (BlockDeletingService.java:isDeletionAllowed(187)) - Close Container log Index 6 is not replicated across allthe servers in the pipeline 959e288b-eace-4bc0-b5b0-58b787e4ca93 as the min replicated index is 4. Deletion is not allowed in this container yet.
2019-10-18 13:45:54,398 [Thread-963] INFO  impl.FollowerState (FollowerState.java:run(108)) - 25bdb850-9456-40e4-9e32-2249eb72d793@group-58B787E4CA93-FollowerState: change to CANDIDATE, lastRpcTime:117ms, electionTimeout:117ms
2019-10-18 13:45:54,398 [Thread-963] INFO  impl.RoleInfo (RoleInfo.java:shutdownFollowerState(121)) - 25bdb850-9456-40e4-9e32-2249eb72d793: shutdown FollowerState
2019-10-18 13:45:54,398 [Thread-963] INFO  impl.RaftServerImpl (RaftServerImpl.java:setRole(184)) - 25bdb850-9456-40e4-9e32-2249eb72d793@group-58B787E4CA93: changes role from  FOLLOWER to CANDIDATE at term 58 for changeToCandidate
2019-10-18 13:45:54,398 [Thread-963] INFO  impl.RoleInfo (RoleInfo.java:updateAndGet(143)) - 25bdb850-9456-40e4-9e32-2249eb72d793: start LeaderElection
2019-10-18 13:45:54,413 [25bdb850-9456-40e4-9e32-2249eb72d793@group-58B787E4CA93-LeaderElection62] INFO  impl.LeaderElection (LeaderElection.java:askForVotes(178)) - 25bdb850-9456-40e4-9e32-2249eb72d793@group-58B787E4CA93-LeaderElection62: begin an election at term 59 for 0: [9d0a2f75-ce30-4dbd-af96-5adca13389b4:192.168.69.85:35551, b7ce392e-07e5-43c4-a049-3141454252ec:192.168.69.85:43203, 25bdb850-9456-40e4-9e32-2249eb72d793:192.168.69.85:34143], old=null
2019-10-18 13:45:54,416 [grpc-default-executor-1] INFO  impl.RaftServerImpl (RaftServerImpl.java:setRole(184)) - 9d0a2f75-ce30-4dbd-af96-5adca13389b4@group-58B787E4CA93: changes role from  FOLLOWER to FOLLOWER at term 59 for recognizeCandidate:25bdb850-9456-40e4-9e32-2249eb72d793
2019-10-18 13:45:54,416 [grpc-default-executor-0] INFO  impl.RaftServerImpl (RaftServerImpl.java:setRole(184)) - b7ce392e-07e5-43c4-a049-3141454252ec@group-58B787E4CA93: changes role from  FOLLOWER to FOLLOWER at term 59 for recognizeCandidate:25bdb850-9456-40e4-9e32-2249eb72d793
2019-10-18 13:45:54,416 [grpc-default-executor-1] INFO  impl.RoleInfo (RoleInfo.java:shutdownFollowerState(121)) - 9d0a2f75-ce30-4dbd-af96-5adca13389b4: shutdown FollowerState
2019-10-18 13:45:54,416 [grpc-default-executor-0] INFO  impl.RoleInfo (RoleInfo.java:shutdownFollowerState(121)) - b7ce392e-07e5-43c4-a049-3141454252ec: shutdown FollowerState
2019-10-18 13:45:54,416 [Thread-962] INFO  impl.FollowerState (FollowerState.java:run(117)) - 9d0a2f75-ce30-4dbd-af96-5adca13389b4@group-58B787E4CA93-FollowerState was interrupted: java.lang.InterruptedException: sleep interrupted
2019-10-18 13:45:54,416 [25bdb850-9456-40e4-9e32-2249eb72d793@group-58B787E4CA93-LeaderElection62] INFO  impl.LeaderElection (LeaderElection.java:logAndReturn(56)) - 25bdb850-9456-40e4-9e32-2249eb72d793@group-58B787E4CA93-LeaderElection62: Election TIMEOUT; received 0 response(s) [] and 0 exception(s); 25bdb850-9456-40e4-9e32-2249eb72d793@group-58B787E4CA93:t59, leader=null, voted=25bdb850-9456-40e4-9e32-2249eb72d793, raftlog=25bdb850-9456-40e4-9e32-2249eb72d793@group-58B787E4CA93-SegmentedRaftLog:OPENED:c3,f4,i4, conf=0: [9d0a2f75-ce30-4dbd-af96-5adca13389b4:192.168.69.85:35551, b7ce392e-07e5-43c4-a049-3141454252ec:192.168.69.85:43203, 25bdb850-9456-40e4-9e32-2249eb72d793:192.168.69.85:34143], old=null
2019-10-18 13:45:54,416 [grpc-default-executor-1] INFO  impl.RoleInfo (RoleInfo.java:updateAndGet(143)) - 9d0a2f75-ce30-4dbd-af96-5adca13389b4: start FollowerState
2019-10-18 13:45:54,416 [Thread-961] INFO  impl.FollowerState (FollowerState.java:run(117)) - b7ce392e-07e5-43c4-a049-3141454252ec@group-58B787E4CA93-FollowerState was interrupted: java.lang.InterruptedException: sleep interrupted
2019-10-18 13:45:54,416 [grpc-default-executor-0] INFO  impl.RoleInfo (RoleInfo.java:updateAndGet(143)) - b7ce392e-07e5-43c4-a049-3141454252ec: start FollowerState
2019-10-18 13:45:54,430 [25bdb850-9456-40e4-9e32-2249eb72d793@group-58B787E4CA93-LeaderElection62] INFO  impl.LeaderElection (LeaderElection.java:askForVotes(178)) - 25bdb850-9456-40e4-9e32-2249eb72d793@group-58B787E4CA93-LeaderElection62: begin an election at term 60 for 0: [9d0a2f75-ce30-4dbd-af96-5adca13389b4:192.168.69.85:35551, b7ce392e-07e5-43c4-a049-3141454252ec:192.168.69.85:43203, 25bdb850-9456-40e4-9e32-2249eb72d793:192.168.69.85:34143], old=null
2019-10-18 13:45:54,433 [Thread-974] INFO  client.GrpcClientProtocolService (GrpcClientProtocolService.java:lambda$processClientRequest$0(278)) - Failed RaftClientRequest:client-B7AACEF92521->25bdb850-9456-40e4-9e32-2249eb72d793@group-58B787E4CA93, cid=10, seq=0, Watch-ALL_COMMITTED(6), Message:<EMPTY>, reply=RaftClientReply:client-B7AACEF92521->25bdb850-9456-40e4-9e32-2249eb72d793@group-58B787E4CA93, cid=10, FAILED org.apache.ratis.protocol.NotLeaderException: Server 25bdb850-9456-40e4-9e32-2249eb72d793@group-58B787E4CA93 is not the leader, logIndex=0, commits[25bdb850-9456-40e4-9e32-2249eb72d793:c3]
2019-10-18 13:45:54,434 [grpc-default-executor-1] INFO  impl.RaftServerImpl (RaftServerImpl.java:setRole(184)) - 9d0a2f75-ce30-4dbd-af96-5adca13389b4@group-58B787E4CA93: changes role from  FOLLOWER to FOLLOWER at term 60 for recognizeCandidate:25bdb850-9456-40e4-9e32-2249eb72d793
2019-10-18 13:45:54,435 [grpc-default-executor-1] INFO  impl.RoleInfo (RoleInfo.java:shutdownFollowerState(121)) - 9d0a2f75-ce30-4dbd-af96-5adca13389b4: shutdown FollowerState
2019-10-18 13:45:54,435 [grpc-default-executor-1] INFO  impl.RoleInfo (RoleInfo.java:updateAndGet(143)) - 9d0a2f75-ce30-4dbd-af96-5adca13389b4: start FollowerState
2019-10-18 13:45:54,435 [Thread-969] INFO  impl.FollowerState (FollowerState.java:run(117)) - 9d0a2f75-ce30-4dbd-af96-5adca13389b4@group-58B787E4CA93-FollowerState was interrupted: java.lang.InterruptedException: sleep interrupted
2019-10-18 13:45:54,438 [grpc-default-executor-6] INFO  impl.RaftServerImpl (RaftServerImpl.java:setRole(184)) - b7ce392e-07e5-43c4-a049-3141454252ec@group-58B787E4CA93: changes role from  FOLLOWER to FOLLOWER at term 60 for recognizeCandidate:25bdb850-9456-40e4-9e32-2249eb72d793
2019-10-18 13:45:54,438 [grpc-default-executor-6] INFO  impl.RoleInfo (RoleInfo.java:shutdownFollowerState(121)) - b7ce392e-07e5-43c4-a049-3141454252ec: shutdown FollowerState
2019-10-18 13:45:54,439 [Thread-970] INFO  impl.FollowerState (FollowerState.java:run(117)) - b7ce392e-07e5-43c4-a049-3141454252ec@group-58B787E4CA93-FollowerState was interrupted: java.lang.InterruptedException: sleep interrupted
2019-10-18 13:45:54,439 [grpc-default-executor-6] INFO  impl.RoleInfo (RoleInfo.java:updateAndGet(143)) - b7ce392e-07e5-43c4-a049-3141454252ec: start FollowerState
2019-10-18 13:45:54,450 [25bdb850-9456-40e4-9e32-2249eb72d793@group-58B787E4CA93-LeaderElection62] INFO  impl.LeaderElection (LeaderElection.java:logAndReturn(56)) - 25bdb850-9456-40e4-9e32-2249eb72d793@group-58B787E4CA93-LeaderElection62: Election REJECTED; received 2 response(s) [25bdb850-9456-40e4-9e32-2249eb72d793<-9d0a2f75-ce30-4dbd-af96-5adca13389b4#0:FAIL-t60, 25bdb850-9456-40e4-9e32-2249eb72d793<-b7ce392e-07e5-43c4-a049-3141454252ec#0:FAIL-t60] and 0 exception(s); 25bdb850-9456-40e4-9e32-2249eb72d793@group-58B787E4CA93:t60, leader=null, voted=25bdb850-9456-40e4-9e32-2249eb72d793, raftlog=25bdb850-9456-40e4-9e32-2249eb72d793@group-58B787E4CA93-SegmentedRaftLog:OPENED:c3,f4,i4, conf=0: [9d0a2f75-ce30-4dbd-af96-5adca13389b4:192.168.69.85:35551, b7ce392e-07e5-43c4-a049-3141454252ec:192.168.69.85:43203, 25bdb850-9456-40e4-9e32-2249eb72d793:192.168.69.85:34143], old=null
2019-10-18 13:45:54,451 [25bdb850-9456-40e4-9e32-2249eb72d793@group-58B787E4CA93-LeaderElection62] INFO  impl.RaftServerImpl (RaftServerImpl.java:setRole(184)) - 25bdb850-9456-40e4-9e32-2249eb72d793@group-58B787E4CA93: changes role from CANDIDATE to FOLLOWER at term 60 for DISCOVERED_A_NEW_TERM
2019-10-18 13:45:54,451 [25bdb850-9456-40e4-9e32-2249eb72d793@group-58B787E4CA93-LeaderElection62] INFO  impl.RoleInfo (RoleInfo.java:shutdownLeaderElection(134)) - 25bdb850-9456-40e4-9e32-2249eb72d793: shutdown LeaderElection
2019-10-18 13:45:54,451 [25bdb850-9456-40e4-9e32-2249eb72d793@group-58B787E4CA93-LeaderElection62] INFO  impl.RoleInfo (RoleInfo.java:updateAndGet(143)) - 25bdb850-9456-40e4-9e32-2249eb72d793: start FollowerState
2019-10-18 13:45:54,527 [Thread-978] INFO  impl.FollowerState (FollowerState.java:run(108)) - 25bdb850-9456-40e4-9e32-2249eb72d793@group-58B787E4CA93-FollowerState: change to CANDIDATE, lastRpcTime:76ms, electionTimeout:76ms
2019-10-18 13:45:54,528 [Thread-978] INFO  impl.RoleInfo (RoleInfo.java:shutdownFollowerState(121)) - 25bdb850-9456-40e4-9e32-2249eb72d793: shutdown FollowerState
2019-10-18 13:45:54,528 [Thread-978] INFO  impl.RaftServerImpl (RaftServerImpl.java:setRole(184)) - 25bdb850-9456-40e4-9e32-2249eb72d793@group-58B787E4CA93: changes role from  FOLLOWER to CANDIDATE at term 60 for changeToCandidate
2019-10-18 13:45:54,528 [Thread-978] INFO  impl.RoleInfo (RoleInfo.java:updateAndGet(143)) - 25bdb850-9456-40e4-9e32-2249eb72d793: start LeaderElection
2019-10-18 13:45:54,553 [25bdb850-9456-40e4-9e32-2249eb72d793@group-58B787E4CA93-LeaderElection63] INFO  impl.LeaderElection (LeaderElection.java:askForVotes(178)) - 25bdb850-9456-40e4-9e32-2249eb72d793@group-58B787E4CA93-LeaderElection63: begin an election at term 61 for 0: [9d0a2f75-ce30-4dbd-af96-5adca13389b4:192.168.69.85:35551, b7ce392e-07e5-43c4-a049-3141454252ec:192.168.69.85:43203, 25bdb850-9456-40e4-9e32-2249eb72d793:192.168.69.85:34143], old=null
2019-10-18 13:45:54,556 [grpc-default-executor-1] INFO  impl.RaftServerImpl (RaftServerImpl.java:setRole(184)) - b7ce392e-07e5-43c4-a049-3141454252ec@group-58B787E4CA93: changes role from  FOLLOWER to FOLLOWER at term 61 for recognizeCandidate:25bdb850-9456-40e4-9e32-2249eb72d793
2019-10-18 13:45:54,556 [grpc-default-executor-6] INFO  impl.RaftServerImpl (RaftServerImpl.java:setRole(184)) - 9d0a2f75-ce30-4dbd-af96-5adca13389b4@group-58B787E4CA93: changes role from  FOLLOWER to FOLLOWER at term 61 for recognizeCandidate:25bdb850-9456-40e4-9e32-2249eb72d793
2019-10-18 13:45:54,556 [grpc-default-executor-1] INFO  impl.RoleInfo (RoleInfo.java:shutdownFollowerState(121)) - b7ce392e-07e5-43c4-a049-3141454252ec: shutdown FollowerState
2019-10-18 13:45:54,556 [grpc-default-executor-6] INFO  impl.RoleInfo (RoleInfo.java:shutdownFollowerState(121)) - 9d0a2f75-ce30-4dbd-af96-5adca13389b4: shutdown FollowerState
2019-10-18 13:45:54,556 [Thread-977] INFO  impl.FollowerState (FollowerState.java:run(117)) - b7ce392e-07e5-43c4-a049-3141454252ec@group-58B787E4CA93-FollowerState was interrupted: java.lang.InterruptedException: sleep interrupted
2019-10-18 13:45:54,556 [grpc-default-executor-1] INFO  impl.RoleInfo (RoleInfo.java:updateAndGet(143)) - b7ce392e-07e5-43c4-a049-3141454252ec: start FollowerState
2019-10-18 13:45:54,556 [Thread-975] INFO  impl.FollowerState (FollowerState.java:run(117)) - 9d0a2f75-ce30-4dbd-af96-5adca13389b4@group-58B787E4CA93-FollowerState was interrupted: java.lang.InterruptedException: sleep interrupted
2019-10-18 13:45:54,556 [grpc-default-executor-6] INFO  impl.RoleInfo (RoleInfo.java:updateAndGet(143)) - 9d0a2f75-ce30-4dbd-af96-5adca13389b4: start FollowerState
2019-10-18 13:45:54,571 [25bdb850-9456-40e4-9e32-2249eb72d793@group-58B787E4CA93-LeaderElection63] INFO  impl.LeaderElection (LeaderElection.java:logAndReturn(56)) - 25bdb850-9456-40e4-9e32-2249eb72d793@group-58B787E4CA93-LeaderElection63: Election REJECTED; received 2 response(s) [25bdb850-9456-40e4-9e32-2249eb72d793<-9d0a2f75-ce30-4dbd-af96-5adca13389b4#0:FAIL-t61, 25bdb850-9456-40e4-9e32-2249eb72d793<-b7ce392e-07e5-43c4-a049-3141454252ec#0:FAIL-t61] and 0 exception(s); 25bdb850-9456-40e4-9e32-2249eb72d793@group-58B787E4CA93:t61, leader=null, voted=25bdb850-9456-40e4-9e32-2249eb72d793, raftlog=25bdb850-9456-40e4-9e32-2249eb72d793@group-58B787E4CA93-SegmentedRaftLog:OPENED:c3,f4,i4, conf=0: [9d0a2f75-ce30-4dbd-af96-5adca13389b4:192.168.69.85:35551, b7ce392e-07e5-43c4-a049-3141454252ec:192.168.69.85:43203, 25bdb850-9456-40e4-9e32-2249eb72d793:192.168.69.85:34143], old=null
2019-10-18 13:45:54,571 [25bdb850-9456-40e4-9e32-2249eb72d793@group-58B787E4CA93-LeaderElection63] INFO  impl.RaftServerImpl (RaftServerImpl.java:setRole(184)) - 25bdb850-9456-40e4-9e32-2249eb72d793@group-58B787E4CA93: changes role from CANDIDATE to FOLLOWER at term 61 for DISCOVERED_A_NEW_TERM
2019-10-18 13:45:54,571 [25bdb850-9456-40e4-9e32-2249eb72d793@group-58B787E4CA93-LeaderElection63] INFO  impl.RoleInfo (RoleInfo.java:shutdownLeaderElection(134)) - 25bdb850-9456-40e4-9e32-2249eb72d793: shutdown LeaderElection
2019-10-18 13:45:54,571 [25bdb850-9456-40e4-9e32-2249eb72d793@group-58B787E4CA93-LeaderElection63] INFO  impl.RoleInfo (RoleInfo.java:updateAndGet(143)) - 25bdb850-9456-40e4-9e32-2249eb72d793: start FollowerState
2019-10-18 13:45:54,769 [Thread-984] INFO  impl.FollowerState (FollowerState.java:run(108)) - 25bdb850-9456-40e4-9e32-2249eb72d793@group-58B787E4CA93-FollowerState: change to CANDIDATE, lastRpcTime:197ms, electionTimeout:197ms
2019-10-18 13:45:54,769 [Thread-984] INFO  impl.RoleInfo (RoleInfo.java:shutdownFollowerState(121)) - 25bdb850-9456-40e4-9e32-2249eb72d793: shutdown FollowerState
2019-10-18 13:45:54,769 [Thread-984] INFO  impl.RaftServerImpl (RaftServerImpl.java:setRole(184)) - 25bdb850-9456-40e4-9e32-2249eb72d793@group-58B787E4CA93: changes role from  FOLLOWER to CANDIDATE at term 61 for changeToCandidate
2019-10-18 13:45:54,769 [Thread-984] INFO  impl.RoleInfo (RoleInfo.java:updateAndGet(143)) - 25bdb850-9456-40e4-9e32-2249eb72d793: start LeaderElection
2019-10-18 13:45:54,796 [25bdb850-9456-40e4-9e32-2249eb72d793@group-58B787E4CA93-LeaderElection64] INFO  impl.LeaderElection (LeaderElection.java:askForVotes(178)) - 25bdb850-9456-40e4-9e32-2249eb72d793@group-58B787E4CA93-LeaderElection64: begin an election at term 62 for 0: [9d0a2f75-ce30-4dbd-af96-5adca13389b4:192.168.69.85:35551, b7ce392e-07e5-43c4-a049-3141454252ec:192.168.69.85:43203, 25bdb850-9456-40e4-9e32-2249eb72d793:192.168.69.85:34143], old=null
2019-10-18 13:45:54,799 [grpc-default-executor-6] INFO  impl.RaftServerImpl (RaftServerImpl.java:setRole(184)) - b7ce392e-07e5-43c4-a049-3141454252ec@group-58B787E4CA93: changes role from  FOLLOWER to FOLLOWER at term 62 for recognizeCandidate:25bdb850-9456-40e4-9e32-2249eb72d793
2019-10-18 13:45:54,799 [grpc-default-executor-1] INFO  impl.RaftServerImpl (RaftServerImpl.java:setRole(184)) - 9d0a2f75-ce30-4dbd-af96-5adca13389b4@group-58B787E4CA93: changes role from  FOLLOWER to FOLLOWER at term 62 for recognizeCandidate:25bdb850-9456-40e4-9e32-2249eb72d793
2019-10-18 13:45:54,799 [grpc-default-executor-6] INFO  impl.RoleInfo (RoleInfo.java:shutdownFollowerState(121)) - b7ce392e-07e5-43c4-a049-3141454252ec: shutdown FollowerState
2019-10-18 13:45:54,799 [grpc-default-executor-1] INFO  impl.RoleInfo (RoleInfo.java:shutdownFollowerState(121)) - 9d0a2f75-ce30-4dbd-af96-5adca13389b4: shutdown FollowerState
2019-10-18 13:45:54,799 [Thread-982] INFO  impl.FollowerState (FollowerState.java:run(117)) - b7ce392e-07e5-43c4-a049-3141454252ec@group-58B787E4CA93-FollowerState was interrupted: java.lang.InterruptedException: sleep interrupted
2019-10-18 13:45:54,799 [grpc-default-executor-6] INFO  impl.RoleInfo (RoleInfo.java:updateAndGet(143)) - b7ce392e-07e5-43c4-a049-3141454252ec: start FollowerState
2019-10-18 13:45:54,800 [Thread-983] INFO  impl.FollowerState (FollowerState.java:run(117)) - 9d0a2f75-ce30-4dbd-af96-5adca13389b4@group-58B787E4CA93-FollowerState was interrupted: java.lang.InterruptedException: sleep interrupted
2019-10-18 13:45:54,800 [grpc-default-executor-1] INFO  impl.RoleInfo (RoleInfo.java:updateAndGet(143)) - 9d0a2f75-ce30-4dbd-af96-5adca13389b4: start FollowerState
2019-10-18 13:45:54,826 [25bdb850-9456-40e4-9e32-2249eb72d793@group-58B787E4CA93-LeaderElection64] INFO  impl.LeaderElection (LeaderElection.java:logAndReturn(56)) - 25bdb850-9456-40e4-9e32-2249eb72d793@group-58B787E4CA93-LeaderElection64: Election REJECTED; received 2 response(s) [25bdb850-9456-40e4-9e32-2249eb72d793<-9d0a2f75-ce30-4dbd-af96-5adca13389b4#0:FAIL-t62, 25bdb850-9456-40e4-9e32-2249eb72d793<-b7ce392e-07e5-43c4-a049-3141454252ec#0:FAIL-t62] and 0 exception(s); 25bdb850-9456-40e4-9e32-2249eb72d793@group-58B787E4CA93:t62, leader=null, voted=25bdb850-9456-40e4-9e32-2249eb72d793, raftlog=25bdb850-9456-40e4-9e32-2249eb72d793@group-58B787E4CA93-SegmentedRaftLog:OPENED:c3,f4,i4, conf=0: [9d0a2f75-ce30-4dbd-af96-5adca13389b4:192.168.69.85:35551, b7ce392e-07e5-43c4-a049-3141454252ec:192.168.69.85:43203, 25bdb850-9456-40e4-9e32-2249eb72d793:192.168.69.85:34143], old=null
2019-10-18 13:45:54,827 [25bdb850-9456-40e4-9e32-2249eb72d793@group-58B787E4CA93-LeaderElection64] INFO  impl.RaftServerImpl (RaftServerImpl.java:setRole(184)) - 25bdb850-9456-40e4-9e32-2249eb72d793@group-58B787E4CA93: changes role from CANDIDATE to FOLLOWER at term 62 for DISCOVERED_A_NEW_TERM
2019-10-18 13:45:54,827 [25bdb850-9456-40e4-9e32-2249eb72d793@group-58B787E4CA93-LeaderElection64] INFO  impl.RoleInfo (RoleInfo.java:shutdownLeaderElection(134)) - 25bdb850-9456-40e4-9e32-2249eb72d793: shutdown LeaderElection
2019-10-18 13:45:54,827 [25bdb850-9456-40e4-9e32-2249eb72d793@group-58B787E4CA93-LeaderElection64] INFO  impl.RoleInfo (RoleInfo.java:updateAndGet(143)) - 25bdb850-9456-40e4-9e32-2249eb72d793: start FollowerState
2019-10-18 13:45:54,913 [Thread-990] INFO  impl.FollowerState (FollowerState.java:run(108)) - 25bdb850-9456-40e4-9e32-2249eb72d793@group-58B787E4CA93-FollowerState: change to CANDIDATE, lastRpcTime:86ms, electionTimeout:86ms
2019-10-18 13:45:54,914 [Thread-990] INFO  impl.RoleInfo (RoleInfo.java:shutdownFollowerState(121)) - 25bdb850-9456-40e4-9e32-2249eb72d793: shutdown FollowerState
2019-10-18 13:45:54,914 [Thread-990] INFO  impl.RaftServerImpl (RaftServerImpl.java:setRole(184)) - 25bdb850-9456-40e4-9e32-2249eb72d793@group-58B787E4CA93: changes role from  FOLLOWER to CANDIDATE at term 62 for changeToCandidate
2019-10-18 13:45:54,914 [Thread-990] INFO  impl.RoleInfo (RoleInfo.java:updateAndGet(143)) - 25bdb850-9456-40e4-9e32-2249eb72d793: start LeaderElection
2019-10-18 13:45:54,940 [25bdb850-9456-40e4-9e32-2249eb72d793@group-58B787E4CA93-LeaderElection65] INFO  impl.LeaderElection (LeaderElection.java:askForVotes(178)) - 25bdb850-9456-40e4-9e32-2249eb72d793@group-58B787E4CA93-LeaderElection65: begin an election at term 63 for 0: [9d0a2f75-ce30-4dbd-af96-5adca13389b4:192.168.69.85:35551, b7ce392e-07e5-43c4-a049-3141454252ec:192.168.69.85:43203, 25bdb850-9456-40e4-9e32-2249eb72d793:192.168.69.85:34143], old=null
2019-10-18 13:45:54,944 [grpc-default-executor-1] INFO  impl.RaftServerImpl (RaftServerImpl.java:setRole(184)) - 9d0a2f75-ce30-4dbd-af96-5adca13389b4@group-58B787E4CA93: changes role from  FOLLOWER to FOLLOWER at term 63 for recognizeCandidate:25bdb850-9456-40e4-9e32-2249eb72d793
2019-10-18 13:45:54,944 [grpc-default-executor-6] INFO  impl.RaftServerImpl (RaftServerImpl.java:setRole(184)) - b7ce392e-07e5-43c4-a049-3141454252ec@group-58B787E4CA93: changes role from  FOLLOWER to FOLLOWER at term 63 for recognizeCandidate:25bdb850-9456-40e4-9e32-2249eb72d793
2019-10-18 13:45:54,944 [grpc-default-executor-1] INFO  impl.RoleInfo (RoleInfo.java:shutdownFollowerState(121)) - 9d0a2f75-ce30-4dbd-af96-5adca13389b4: shutdown FollowerState
2019-10-18 13:45:54,944 [grpc-default-executor-6] INFO  impl.RoleInfo (RoleInfo.java:shutdownFollowerState(121)) - b7ce392e-07e5-43c4-a049-3141454252ec: shutdown FollowerState
2019-10-18 13:45:54,944 [Thread-989] INFO  impl.FollowerState (FollowerState.java:run(117)) - 9d0a2f75-ce30-4dbd-af96-5adca13389b4@group-58B787E4CA93-FollowerState was interrupted: java.lang.InterruptedException: sleep interrupted
2019-10-18 13:45:54,944 [grpc-default-executor-1] INFO  impl.RoleInfo (RoleInfo.java:updateAndGet(143)) - 9d0a2f75-ce30-4dbd-af96-5adca13389b4: start FollowerState
2019-10-18 13:45:54,944 [grpc-default-executor-6] INFO  impl.RoleInfo (RoleInfo.java:updateAndGet(143)) - b7ce392e-07e5-43c4-a049-3141454252ec: start FollowerState
2019-10-18 13:45:54,944 [Thread-988] INFO  impl.FollowerState (FollowerState.java:run(117)) - b7ce392e-07e5-43c4-a049-3141454252ec@group-58B787E4CA93-FollowerState was interrupted: java.lang.InterruptedException: sleep interrupted
2019-10-18 13:45:54,952 [25bdb850-9456-40e4-9e32-2249eb72d793@group-58B787E4CA93-LeaderElection65] INFO  impl.LeaderElection (LeaderElection.java:logAndReturn(56)) - 25bdb850-9456-40e4-9e32-2249eb72d793@group-58B787E4CA93-LeaderElection65: Election TIMEOUT; received 0 response(s) [] and 0 exception(s); 25bdb850-9456-40e4-9e32-2249eb72d793@group-58B787E4CA93:t63, leader=null, voted=25bdb850-9456-40e4-9e32-2249eb72d793, raftlog=25bdb850-9456-40e4-9e32-2249eb72d793@group-58B787E4CA93-SegmentedRaftLog:OPENED:c3,f4,i4, conf=0: [9d0a2f75-ce30-4dbd-af96-5adca13389b4:192.168.69.85:35551, b7ce392e-07e5-43c4-a049-3141454252ec:192.168.69.85:43203, 25bdb850-9456-40e4-9e32-2249eb72d793:192.168.69.85:34143], old=null
2019-10-18 13:45:54,967 [25bdb850-9456-40e4-9e32-2249eb72d793@group-58B787E4CA93-LeaderElection65] INFO  impl.LeaderElection (LeaderElection.java:askForVotes(178)) - 25bdb850-9456-40e4-9e32-2249eb72d793@group-58B787E4CA93-LeaderElection65: begin an election at term 64 for 0: [9d0a2f75-ce30-4dbd-af96-5adca13389b4:192.168.69.85:35551, b7ce392e-07e5-43c4-a049-3141454252ec:192.168.69.85:43203, 25bdb850-9456-40e4-9e32-2249eb72d793:192.168.69.85:34143], old=null
2019-10-18 13:45:54,969 [grpc-default-executor-6] INFO  impl.RaftServerImpl (RaftServerImpl.java:setRole(184)) - 9d0a2f75-ce30-4dbd-af96-5adca13389b4@group-58B787E4CA93: changes role from  FOLLOWER to FOLLOWER at term 64 for recognizeCandidate:25bdb850-9456-40e4-9e32-2249eb72d793
2019-10-18 13:45:54,969 [grpc-default-executor-6] INFO  impl.RoleInfo (RoleInfo.java:shutdownFollowerState(121)) - 9d0a2f75-ce30-4dbd-af96-5adca13389b4: shutdown FollowerState
2019-10-18 13:45:54,969 [grpc-default-executor-6] INFO  impl.RoleInfo (RoleInfo.java:updateAndGet(143)) - 9d0a2f75-ce30-4dbd-af96-5adca13389b4: start FollowerState
2019-10-18 13:45:54,969 [Thread-994] INFO  impl.FollowerState (FollowerState.java:run(117)) - 9d0a2f75-ce30-4dbd-af96-5adca13389b4@group-58B787E4CA93-FollowerState was interrupted: java.lang.InterruptedException: sleep interrupted
2019-10-18 13:45:54,970 [grpc-default-executor-1] INFO  impl.RaftServerImpl (RaftServerImpl.java:setRole(184)) - b7ce392e-07e5-43c4-a049-3141454252ec@group-58B787E4CA93: changes role from  FOLLOWER to FOLLOWER at term 64 for recognizeCandidate:25bdb850-9456-40e4-9e32-2249eb72d793
2019-10-18 13:45:54,970 [grpc-default-executor-1] INFO  impl.RoleInfo (RoleInfo.java:shutdownFollowerState(121)) - b7ce392e-07e5-43c4-a049-3141454252ec: shutdown FollowerState
2019-10-18 13:45:54,970 [grpc-default-executor-1] INFO  impl.RoleInfo (RoleInfo.java:updateAndGet(143)) - b7ce392e-07e5-43c4-a049-3141454252ec: start FollowerState
2019-10-18 13:45:54,970 [Thread-995] INFO  impl.FollowerState (FollowerState.java:run(117)) - b7ce392e-07e5-43c4-a049-3141454252ec@group-58B787E4CA93-FollowerState was interrupted: java.lang.InterruptedException: sleep interrupted
2019-10-18 13:45:54,981 [25bdb850-9456-40e4-9e32-2249eb72d793@group-58B787E4CA93-LeaderElection65] INFO  impl.LeaderElection (LeaderElection.java:logAndReturn(56)) - 25bdb850-9456-40e4-9e32-2249eb72d793@group-58B787E4CA93-LeaderElection65: Election REJECTED; received 2 response(s) [25bdb850-9456-40e4-9e32-2249eb72d793<-9d0a2f75-ce30-4dbd-af96-5adca13389b4#0:FAIL-t64, 25bdb850-9456-40e4-9e32-2249eb72d793<-b7ce392e-07e5-43c4-a049-3141454252ec#0:FAIL-t64] and 0 exception(s); 25bdb850-9456-40e4-9e32-2249eb72d793@group-58B787E4CA93:t64, leader=null, voted=25bdb850-9456-40e4-9e32-2249eb72d793, raftlog=25bdb850-9456-40e4-9e32-2249eb72d793@group-58B787E4CA93-SegmentedRaftLog:OPENED:c3,f4,i4, conf=0: [9d0a2f75-ce30-4dbd-af96-5adca13389b4:192.168.69.85:35551, b7ce392e-07e5-43c4-a049-3141454252ec:192.168.69.85:43203, 25bdb850-9456-40e4-9e32-2249eb72d793:192.168.69.85:34143], old=null
2019-10-18 13:45:54,981 [25bdb850-9456-40e4-9e32-2249eb72d793@group-58B787E4CA93-LeaderElection65] INFO  impl.RaftServerImpl (RaftServerImpl.java:setRole(184)) - 25bdb850-9456-40e4-9e32-2249eb72d793@group-58B787E4CA93: changes role from CANDIDATE to FOLLOWER at term 64 for DISCOVERED_A_NEW_TERM
2019-10-18 13:45:54,981 [25bdb850-9456-40e4-9e32-2249eb72d793@group-58B787E4CA93-LeaderElection65] INFO  impl.RoleInfo (RoleInfo.java:shutdownLeaderElection(134)) - 25bdb850-9456-40e4-9e32-2249eb72d793: shutdown LeaderElection
2019-10-18 13:45:54,981 [25bdb850-9456-40e4-9e32-2249eb72d793@group-58B787E4CA93-LeaderElection65] INFO  impl.RoleInfo (RoleInfo.java:updateAndGet(143)) - 25bdb850-9456-40e4-9e32-2249eb72d793: start FollowerState
]]></system-out>
    <system-err><![CDATA[ERROR StatusLogger No Log4j 2 configuration file found. Using default configuration (logging only errors to the console), or user programmatically provided configurations. Set system property 'log4j2.debug' to show Log4j 2 internal initialization logging. See https://logging.apache.org/log4j/2.x/manual/configuration.html for instructions on how to configure Log4j 2
Oct 18, 2019 1:44:08 PM org.apache.ratis.thirdparty.io.grpc.internal.SerializingExecutor run
SEVERE: Exception while executing runnable org.apache.ratis.thirdparty.io.grpc.internal.ServerImpl$JumpToApplicationThreadServerStreamListener$1Closed@115b2885
org.apache.ratis.thirdparty.io.grpc.StatusRuntimeException: CANCELLED: call already cancelled
	at org.apache.ratis.thirdparty.io.grpc.Status.asRuntimeException(Status.java:517)
	at org.apache.ratis.thirdparty.io.grpc.stub.ServerCalls$ServerCallStreamObserverImpl.onCompleted(ServerCalls.java:356)
	at org.apache.ratis.grpc.server.GrpcServerProtocolService$ServerRequestStreamObserver.onError(GrpcServerProtocolService.java:121)
	at org.apache.ratis.thirdparty.io.grpc.stub.ServerCalls$StreamingServerCallHandler$StreamingServerCallListener.onCancel(ServerCalls.java:269)
	at org.apache.ratis.thirdparty.io.grpc.internal.ServerCallImpl$ServerStreamListenerImpl.closed(ServerCallImpl.java:293)
	at org.apache.ratis.thirdparty.io.grpc.internal.ServerImpl$JumpToApplicationThreadServerStreamListener$1Closed.runInContext(ServerImpl.java:741)
	at org.apache.ratis.thirdparty.io.grpc.internal.ContextRunnable.run(ContextRunnable.java:37)
	at org.apache.ratis.thirdparty.io.grpc.internal.SerializingExecutor.run(SerializingExecutor.java:123)
	at java.util.concurrent.ThreadPoolExecutor.runWorker(ThreadPoolExecutor.java:1149)
	at java.util.concurrent.ThreadPoolExecutor$Worker.run(ThreadPoolExecutor.java:624)
	at java.lang.Thread.run(Thread.java:748)

Oct 18, 2019 1:44:08 PM org.apache.ratis.thirdparty.io.grpc.internal.SerializingExecutor run
SEVERE: Exception while executing runnable org.apache.ratis.thirdparty.io.grpc.internal.ClientCallImpl$ClientStreamListenerImpl$1StreamClosed@2d42b98a
java.lang.NullPointerException
	at org.apache.ratis.grpc.server.GrpcLogAppender$AppendLogResponseHandler.onError(GrpcLogAppender.java:303)
	at org.apache.ratis.thirdparty.io.grpc.stub.ClientCalls$StreamObserverToCallListenerAdapter.onClose(ClientCalls.java:434)
	at org.apache.ratis.thirdparty.io.grpc.PartialForwardingClientCallListener.onClose(PartialForwardingClientCallListener.java:39)
	at org.apache.ratis.thirdparty.io.grpc.ForwardingClientCallListener.onClose(ForwardingClientCallListener.java:23)
	at org.apache.ratis.thirdparty.io.grpc.ForwardingClientCallListener$SimpleForwardingClientCallListener.onClose(ForwardingClientCallListener.java:40)
	at org.apache.ratis.thirdparty.io.grpc.internal.CensusStatsModule$StatsClientInterceptor$1$1.onClose(CensusStatsModule.java:678)
	at org.apache.ratis.thirdparty.io.grpc.PartialForwardingClientCallListener.onClose(PartialForwardingClientCallListener.java:39)
	at org.apache.ratis.thirdparty.io.grpc.ForwardingClientCallListener.onClose(ForwardingClientCallListener.java:23)
	at org.apache.ratis.thirdparty.io.grpc.ForwardingClientCallListener$SimpleForwardingClientCallListener.onClose(ForwardingClientCallListener.java:40)
	at org.apache.ratis.thirdparty.io.grpc.internal.CensusTracingModule$TracingClientInterceptor$1$1.onClose(CensusTracingModule.java:397)
	at org.apache.ratis.thirdparty.io.grpc.internal.ClientCallImpl.closeObserver(ClientCallImpl.java:459)
	at org.apache.ratis.thirdparty.io.grpc.internal.ClientCallImpl.access$300(ClientCallImpl.java:63)
	at org.apache.ratis.thirdparty.io.grpc.internal.ClientCallImpl$ClientStreamListenerImpl.close(ClientCallImpl.java:546)
	at org.apache.ratis.thirdparty.io.grpc.internal.ClientCallImpl$ClientStreamListenerImpl.access$600(ClientCallImpl.java:467)
	at org.apache.ratis.thirdparty.io.grpc.internal.ClientCallImpl$ClientStreamListenerImpl$1StreamClosed.runInContext(ClientCallImpl.java:584)
	at org.apache.ratis.thirdparty.io.grpc.internal.ContextRunnable.run(ContextRunnable.java:37)
	at org.apache.ratis.thirdparty.io.grpc.internal.SerializingExecutor.run(SerializingExecutor.java:123)
	at java.util.concurrent.ThreadPoolExecutor.runWorker(ThreadPoolExecutor.java:1149)
	at java.util.concurrent.ThreadPoolExecutor$Worker.run(ThreadPoolExecutor.java:624)
	at java.lang.Thread.run(Thread.java:748)

]]></system-err>
  </testcase>
</testsuite>