<?xml version="1.0" encoding="UTF-8"?>
<testsuite xmlns:xsi="http://www.w3.org/2001/XMLSchema-instance" xsi:noNamespaceSchemaLocation="https://maven.apache.org/surefire/maven-surefire-plugin/xsd/surefire-test-report.xsd" name="org.apache.hadoop.ozone.client.rpc.TestFailureHandlingByClient" time="270.501" tests="5" errors="1" skipped="0" failures="0">
  <properties>
    <property name="awt.toolkit" value="sun.awt.X11.XToolkit"/>
    <property name="file.encoding.pkg" value="sun.io"/>
    <property name="java.specification.version" value="1.8"/>
    <property name="sun.cpu.isalist" value=""/>
    <property name="sun.jnu.encoding" value="UTF-8"/>
    <property name="java.class.path" value="/workdir/hadoop-ozone/integration-test/target/test-classes:/workdir/hadoop-ozone/integration-test/target/classes:/home/user/.m2/repository/org/apache/hadoop/hadoop-ozone-common/0.5.0-SNAPSHOT/hadoop-ozone-common-0.5.0-SNAPSHOT.jar:/home/user/.m2/repository/org/apache/commons/commons-compress/1.4.1/commons-compress-1.4.1.jar:/home/user/.m2/repository/org/tukaani/xz/1.0/xz-1.0.jar:/home/user/.m2/repository/org/apache/hadoop/hadoop-common/3.2.0/hadoop-common-3.2.0.jar:/home/user/.m2/repository/org/apache/hadoop/hadoop-hdfs/3.2.0/hadoop-hdfs-3.2.0.jar:/home/user/.m2/repository/org/apache/hadoop/hadoop-hdfs-client/3.2.0/hadoop-hdfs-client-3.2.0.jar:/home/user/.m2/repository/com/fasterxml/jackson/core/jackson-annotations/2.9.9/jackson-annotations-2.9.9.jar:/home/user/.m2/repository/org/apache/hadoop/hadoop-hdds-common/0.5.0-SNAPSHOT/hadoop-hdds-common-0.5.0-SNAPSHOT.jar:/home/user/.m2/repository/javax/annotation/javax.annotation-api/1.2/javax.annotation-api-1.2.jar:/home/user/.m2/repository/org/apache/ratis/ratis-server/0.5.0-201fc85-SNAPSHOT/ratis-server-0.5.0-201fc85-SNAPSHOT.jar:/home/user/.m2/repository/org/apache/ratis/ratis-thirdparty-misc/0.2.0/ratis-thirdparty-misc-0.2.0.jar:/home/user/.m2/repository/org/apache/ratis/ratis-proto/0.5.0-201fc85-SNAPSHOT/ratis-proto-0.5.0-201fc85-SNAPSHOT.jar:/home/user/.m2/repository/org/apache/ratis/ratis-common/0.5.0-201fc85-SNAPSHOT/ratis-common-0.5.0-201fc85-SNAPSHOT.jar:/home/user/.m2/repository/org/apache/ratis/ratis-client/0.5.0-201fc85-SNAPSHOT/ratis-client-0.5.0-201fc85-SNAPSHOT.jar:/home/user/.m2/repository/org/apache/ratis/ratis-metrics/0.5.0-201fc85-SNAPSHOT/ratis-metrics-0.5.0-201fc85-SNAPSHOT.jar:/home/user/.m2/repository/com/github/joshelser/dropwizard-metrics-hadoop-metrics2-reporter/0.1.2/dropwizard-metrics-hadoop-metrics2-reporter-0.1.2.jar:/home/user/.m2/repository/io/dropwizard/metrics/metrics-jvm/3.2.5/metrics-jvm-3.2.5.jar:/home/user/.m2/repository/io/dropwizard/metrics/metrics-ganglia/3.2.5/metrics-ganglia-3.2.5.jar:/home/user/.m2/repository/info/ganglia/gmetric4j/gmetric4j/1.0.7/gmetric4j-1.0.7.jar:/home/user/.m2/repository/org/apache/ratis/ratis-netty/0.5.0-201fc85-SNAPSHOT/ratis-netty-0.5.0-201fc85-SNAPSHOT.jar:/home/user/.m2/repository/org/apache/ratis/ratis-grpc/0.5.0-201fc85-SNAPSHOT/ratis-grpc-0.5.0-201fc85-SNAPSHOT.jar:/home/user/.m2/repository/org/rocksdb/rocksdbjni/6.0.1/rocksdbjni-6.0.1.jar:/home/user/.m2/repository/org/apache/logging/log4j/log4j-api/2.11.0/log4j-api-2.11.0.jar:/home/user/.m2/repository/org/apache/logging/log4j/log4j-core/2.11.0/log4j-core-2.11.0.jar:/home/user/.m2/repository/com/lmax/disruptor/3.4.2/disruptor-3.4.2.jar:/home/user/.m2/repository/org/apache/commons/commons-pool2/2.6.0/commons-pool2-2.6.0.jar:/home/user/.m2/repository/org/bouncycastle/bcpkix-jdk15on/1.60/bcpkix-jdk15on-1.60.jar:/home/user/.m2/repository/commons-validator/commons-validator/1.6/commons-validator-1.6.jar:/home/user/.m2/repository/commons-digester/commons-digester/1.8.1/commons-digester-1.8.1.jar:/home/user/.m2/repository/io/jaegertracing/jaeger-client/0.34.0/jaeger-client-0.34.0.jar:/home/user/.m2/repository/io/jaegertracing/jaeger-thrift/0.34.0/jaeger-thrift-0.34.0.jar:/home/user/.m2/repository/org/apache/thrift/libthrift/0.12.0/libthrift-0.12.0.jar:/home/user/.m2/repository/com/squareup/okhttp3/okhttp/3.9.0/okhttp-3.9.0.jar:/home/user/.m2/repository/com/squareup/okio/okio/1.13.0/okio-1.13.0.jar:/home/user/.m2/repository/io/jaegertracing/jaeger-core/0.34.0/jaeger-core-0.34.0.jar:/home/user/.m2/repository/io/jaegertracing/jaeger-tracerresolver/0.34.0/jaeger-tracerresolver-0.34.0.jar:/home/user/.m2/repository/io/opentracing/contrib/opentracing-tracerresolver/0.1.5/opentracing-tracerresolver-0.1.5.jar:/home/user/.m2/repository/io/opentracing/opentracing-util/0.31.0/opentracing-util-0.31.0.jar:/home/user/.m2/repository/io/opentracing/opentracing-api/0.31.0/opentracing-api-0.31.0.jar:/home/user/.m2/repository/io/opentracing/opentracing-noop/0.31.0/opentracing-noop-0.31.0.jar:/home/user/.m2/repository/org/apache/hadoop/hadoop-hdds-server-framework/0.5.0-SNAPSHOT/hadoop-hdds-server-framework-0.5.0-SNAPSHOT.jar:/home/user/.m2/repository/org/apache/hadoop/hadoop-hdds-container-service/0.5.0-SNAPSHOT/hadoop-hdds-container-service-0.5.0-SNAPSHOT.jar:/home/user/.m2/repository/org/apache/hadoop/hadoop-hdds-client/0.5.0-SNAPSHOT/hadoop-hdds-client-0.5.0-SNAPSHOT.jar:/home/user/.m2/repository/org/apache/hadoop/hadoop-hdds-tools/0.5.0-SNAPSHOT/hadoop-hdds-tools-0.5.0-SNAPSHOT.jar:/home/user/.m2/repository/org/apache/hadoop/hadoop-hdds-server-scm/0.5.0-SNAPSHOT/hadoop-hdds-server-scm-0.5.0-SNAPSHOT.jar:/home/user/.m2/repository/org/apache/hadoop/hadoop-hdds-docs/0.5.0-SNAPSHOT/hadoop-hdds-docs-0.5.0-SNAPSHOT.jar:/home/user/.m2/repository/io/dropwizard/metrics/metrics-core/3.2.4/metrics-core-3.2.4.jar:/home/user/.m2/repository/org/hamcrest/hamcrest-all/1.3/hamcrest-all-1.3.jar:/home/user/.m2/repository/org/bouncycastle/bcprov-jdk15on/1.60/bcprov-jdk15on-1.60.jar:/home/user/.m2/repository/info/picocli/picocli/3.9.6/picocli-3.9.6.jar:/home/user/.m2/repository/com/google/protobuf/protobuf-java/2.5.0/protobuf-java-2.5.0.jar:/home/user/.m2/repository/com/google/guava/guava/11.0.2/guava-11.0.2.jar:/home/user/.m2/repository/org/apache/hadoop/hadoop-ozone-ozone-manager/0.5.0-SNAPSHOT/hadoop-ozone-ozone-manager-0.5.0-SNAPSHOT.jar:/home/user/.m2/repository/org/apache/hadoop/hadoop-minikdc/3.2.0/hadoop-minikdc-3.2.0.jar:/home/user/.m2/repository/commons-io/commons-io/2.5/commons-io-2.5.jar:/home/user/.m2/repository/org/apache/kerby/kerb-simplekdc/1.0.1/kerb-simplekdc-1.0.1.jar:/home/user/.m2/repository/org/apache/kerby/kerb-client/1.0.1/kerb-client-1.0.1.jar:/home/user/.m2/repository/org/apache/kerby/kerby-config/1.0.1/kerby-config-1.0.1.jar:/home/user/.m2/repository/org/apache/kerby/kerb-core/1.0.1/kerb-core-1.0.1.jar:/home/user/.m2/repository/org/apache/kerby/kerby-pkix/1.0.1/kerby-pkix-1.0.1.jar:/home/user/.m2/repository/org/apache/kerby/kerby-asn1/1.0.1/kerby-asn1-1.0.1.jar:/home/user/.m2/repository/org/apache/kerby/kerby-util/1.0.1/kerby-util-1.0.1.jar:/home/user/.m2/repository/org/apache/kerby/kerb-common/1.0.1/kerb-common-1.0.1.jar:/home/user/.m2/repository/org/apache/kerby/kerb-crypto/1.0.1/kerb-crypto-1.0.1.jar:/home/user/.m2/repository/org/apache/kerby/kerb-util/1.0.1/kerb-util-1.0.1.jar:/home/user/.m2/repository/org/apache/kerby/token-provider/1.0.1/token-provider-1.0.1.jar:/home/user/.m2/repository/org/apache/kerby/kerb-admin/1.0.1/kerb-admin-1.0.1.jar:/home/user/.m2/repository/org/apache/kerby/kerb-server/1.0.1/kerb-server-1.0.1.jar:/home/user/.m2/repository/org/apache/kerby/kerb-identity/1.0.1/kerb-identity-1.0.1.jar:/home/user/.m2/repository/org/apache/kerby/kerby-xdr/1.0.1/kerby-xdr-1.0.1.jar:/home/user/.m2/repository/org/slf4j/slf4j-log4j12/1.7.25/slf4j-log4j12-1.7.25.jar:/home/user/.m2/repository/org/apache/hadoop/hadoop-ozone-s3gateway/0.5.0-SNAPSHOT/hadoop-ozone-s3gateway-0.5.0-SNAPSHOT.jar:/home/user/.m2/repository/org/jboss/weld/servlet/weld-servlet/2.4.7.Final/weld-servlet-2.4.7.Final.jar:/home/user/.m2/repository/org/glassfish/jersey/containers/jersey-container-servlet-core/2.27/jersey-container-servlet-core-2.27.jar:/home/user/.m2/repository/org/glassfish/hk2/external/javax.inject/2.5.0-b42/javax.inject-2.5.0-b42.jar:/home/user/.m2/repository/org/glassfish/jersey/core/jersey-common/2.27/jersey-common-2.27.jar:/home/user/.m2/repository/org/glassfish/hk2/osgi-resource-locator/1.0.1/osgi-resource-locator-1.0.1.jar:/home/user/.m2/repository/javax/ws/rs/javax.ws.rs-api/2.1/javax.ws.rs-api-2.1.jar:/home/user/.m2/repository/org/glassfish/jersey/ext/cdi/jersey-cdi1x/2.27/jersey-cdi1x-2.27.jar:/home/user/.m2/repository/org/glassfish/jersey/inject/jersey-hk2/2.27/jersey-hk2-2.27.jar:/home/user/.m2/repository/org/glassfish/hk2/hk2-locator/2.5.0-b42/hk2-locator-2.5.0-b42.jar:/home/user/.m2/repository/org/javassist/javassist/3.22.0-CR2/javassist-3.22.0-CR2.jar:/home/user/.m2/repository/org/glassfish/hk2/hk2-api/2.5.0/hk2-api-2.5.0.jar:/home/user/.m2/repository/org/glassfish/hk2/external/jakarta.inject/2.5.0/jakarta.inject-2.5.0.jar:/home/user/.m2/repository/org/glassfish/hk2/hk2-utils/2.5.0/hk2-utils-2.5.0.jar:/home/user/.m2/repository/jakarta/annotation/jakarta.annotation-api/1.3.4/jakarta.annotation-api-1.3.4.jar:/home/user/.m2/repository/org/glassfish/hk2/external/aopalliance-repackaged/2.5.0/aopalliance-repackaged-2.5.0.jar:/home/user/.m2/repository/com/fasterxml/jackson/dataformat/jackson-dataformat-xml/2.9.0/jackson-dataformat-xml-2.9.0.jar:/home/user/.m2/repository/com/fasterxml/jackson/core/jackson-core/2.9.9/jackson-core-2.9.9.jar:/home/user/.m2/repository/com/fasterxml/jackson/module/jackson-module-jaxb-annotations/2.9.9/jackson-module-jaxb-annotations-2.9.9.jar:/home/user/.m2/repository/javax/enterprise/cdi-api/1.2/cdi-api-1.2.jar:/home/user/.m2/repository/javax/el/javax.el-api/3.0.0/javax.el-api-3.0.0.jar:/home/user/.m2/repository/javax/interceptor/javax.interceptor-api/1.2/javax.interceptor-api-1.2.jar:/home/user/.m2/repository/javax/inject/javax.inject/1/javax.inject-1.jar:/home/user/.m2/repository/com/sun/xml/bind/jaxb-impl/2.3.0.1/jaxb-impl-2.3.0.1.jar:/home/user/.m2/repository/com/sun/xml/bind/jaxb-core/2.3.0.1/jaxb-core-2.3.0.1.jar:/home/user/.m2/repository/javax/xml/bind/jaxb-api/2.3.0/jaxb-api-2.3.0.jar:/home/user/.m2/repository/javax/activation/activation/1.1.1/activation-1.1.1.jar:/home/user/.m2/repository/org/apache/hadoop/hadoop-ozone-csi/0.5.0-SNAPSHOT/hadoop-ozone-csi-0.5.0-SNAPSHOT.jar:/home/user/.m2/repository/com/google/protobuf/protobuf-java-util/3.5.1/protobuf-java-util-3.5.1.jar:/home/user/.m2/repository/org/apache/hadoop/hadoop-hdds-config/0.5.0-SNAPSHOT/hadoop-hdds-config-0.5.0-SNAPSHOT.jar:/home/user/.m2/repository/io/grpc/grpc-netty/1.17.1/grpc-netty-1.17.1.jar:/home/user/.m2/repository/io/grpc/grpc-core/1.17.1/grpc-core-1.17.1.jar:/home/user/.m2/repository/io/grpc/grpc-context/1.17.1/grpc-context-1.17.1.jar:/home/user/.m2/repository/com/google/errorprone/error_prone_annotations/2.2.0/error_prone_annotations-2.2.0.jar:/home/user/.m2/repository/org/codehaus/mojo/animal-sniffer-annotations/1.17/animal-sniffer-annotations-1.17.jar:/home/user/.m2/repository/io/opencensus/opencensus-api/0.17.0/opencensus-api-0.17.0.jar:/home/user/.m2/repository/io/opencensus/opencensus-contrib-grpc-metrics/0.17.0/opencensus-contrib-grpc-metrics-0.17.0.jar:/home/user/.m2/repository/io/netty/netty-codec-http2/4.1.30.Final/netty-codec-http2-4.1.30.Final.jar:/home/user/.m2/repository/io/netty/netty-codec-http/4.1.30.Final/netty-codec-http-4.1.30.Final.jar:/home/user/.m2/repository/io/netty/netty-codec/4.1.30.Final/netty-codec-4.1.30.Final.jar:/home/user/.m2/repository/io/netty/netty-handler/4.1.30.Final/netty-handler-4.1.30.Final.jar:/home/user/.m2/repository/io/netty/netty-handler-proxy/4.1.30.Final/netty-handler-proxy-4.1.30.Final.jar:/home/user/.m2/repository/io/netty/netty-codec-socks/4.1.30.Final/netty-codec-socks-4.1.30.Final.jar:/home/user/.m2/repository/io/netty/netty-transport-native-epoll/4.1.30.Final/netty-transport-native-epoll-4.1.30.Final.jar:/home/user/.m2/repository/io/netty/netty-common/4.1.30.Final/netty-common-4.1.30.Final.jar:/home/user/.m2/repository/io/netty/netty-buffer/4.1.30.Final/netty-buffer-4.1.30.Final.jar:/home/user/.m2/repository/io/netty/netty-transport/4.1.30.Final/netty-transport-4.1.30.Final.jar:/home/user/.m2/repository/io/netty/netty-resolver/4.1.30.Final/netty-resolver-4.1.30.Final.jar:/home/user/.m2/repository/io/netty/netty-transport-native-unix-common/4.1.30.Final/netty-transport-native-unix-common-4.1.30.Final.jar:/home/user/.m2/repository/io/grpc/grpc-protobuf/1.17.1/grpc-protobuf-1.17.1.jar:/home/user/.m2/repository/com/google/api/grpc/proto-google-common-protos/1.0.0/proto-google-common-protos-1.0.0.jar:/home/user/.m2/repository/io/grpc/grpc-protobuf-lite/1.17.1/grpc-protobuf-lite-1.17.1.jar:/home/user/.m2/repository/io/grpc/grpc-stub/1.17.1/grpc-stub-1.17.1.jar:/home/user/.m2/repository/org/apache/hadoop/hadoop-ozone-recon/0.5.0-SNAPSHOT/hadoop-ozone-recon-0.5.0-SNAPSHOT.jar:/home/user/.m2/repository/org/apache/hadoop/hadoop-ozone-reconcodegen/0.5.0-SNAPSHOT/hadoop-ozone-reconcodegen-0.5.0-SNAPSHOT.jar:/home/user/.m2/repository/com/google/inject/extensions/guice-multibindings/4.0/guice-multibindings-4.0.jar:/home/user/.m2/repository/com/google/inject/guice/4.0/guice-4.0.jar:/home/user/.m2/repository/aopalliance/aopalliance/1.0/aopalliance-1.0.jar:/home/user/.m2/repository/com/google/inject/extensions/guice-servlet/4.0/guice-servlet-4.0.jar:/home/user/.m2/repository/org/glassfish/jersey/containers/jersey-container-servlet/2.27/jersey-container-servlet-2.27.jar:/home/user/.m2/repository/org/glassfish/hk2/guice-bridge/2.5.0/guice-bridge-2.5.0.jar:/home/user/.m2/repository/org/glassfish/jersey/core/jersey-server/2.27/jersey-server-2.27.jar:/home/user/.m2/repository/org/glassfish/jersey/core/jersey-client/2.27/jersey-client-2.27.jar:/home/user/.m2/repository/org/glassfish/jersey/media/jersey-media-jaxb/2.27/jersey-media-jaxb-2.27.jar:/home/user/.m2/repository/javax/validation/validation-api/1.1.0.Final/validation-api-1.1.0.Final.jar:/home/user/.m2/repository/org/glassfish/jersey/media/jersey-media-json-jackson/2.27/jersey-media-json-jackson-2.27.jar:/home/user/.m2/repository/org/glassfish/jersey/ext/jersey-entity-filtering/2.27/jersey-entity-filtering-2.27.jar:/home/user/.m2/repository/com/google/inject/extensions/guice-assistedinject/4.0/guice-assistedinject-4.0.jar:/home/user/.m2/repository/org/jooq/jooq/3.11.10/jooq-3.11.10.jar:/home/user/.m2/repository/org/jooq/jooq-meta/3.11.10/jooq-meta-3.11.10.jar:/home/user/.m2/repository/org/jooq/jooq-codegen/3.11.10/jooq-codegen-3.11.10.jar:/home/user/.m2/repository/com/jolbox/bonecp/0.8.0.RELEASE/bonecp-0.8.0.RELEASE.jar:/home/user/.m2/repository/org/xerial/sqlite-jdbc/3.25.2/sqlite-jdbc-3.25.2.jar:/home/user/.m2/repository/org/springframework/spring-jdbc/5.1.3.RELEASE/spring-jdbc-5.1.3.RELEASE.jar:/home/user/.m2/repository/org/springframework/spring-beans/5.1.3.RELEASE/spring-beans-5.1.3.RELEASE.jar:/home/user/.m2/repository/org/springframework/spring-core/5.1.3.RELEASE/spring-core-5.1.3.RELEASE.jar:/home/user/.m2/repository/org/springframework/spring-jcl/5.1.3.RELEASE/spring-jcl-5.1.3.RELEASE.jar:/home/user/.m2/repository/org/springframework/spring-tx/5.1.3.RELEASE/spring-tx-5.1.3.RELEASE.jar:/home/user/.m2/repository/org/apache/hadoop/hadoop-ozone-client/0.5.0-SNAPSHOT/hadoop-ozone-client-0.5.0-SNAPSHOT.jar:/home/user/.m2/repository/commons-lang/commons-lang/2.6/commons-lang-2.6.jar:/home/user/.m2/repository/org/apache/hadoop/hadoop-ozone-ozone-manager/0.5.0-SNAPSHOT/hadoop-ozone-ozone-manager-0.5.0-SNAPSHOT-tests.jar:/home/user/.m2/repository/junit/junit/4.11/junit-4.11.jar:/home/user/.m2/repository/org/hamcrest/hamcrest-core/1.3/hamcrest-core-1.3.jar:/home/user/.m2/repository/org/openjdk/jmh/jmh-core/1.19/jmh-core-1.19.jar:/home/user/.m2/repository/net/sf/jopt-simple/jopt-simple/4.6/jopt-simple-4.6.jar:/home/user/.m2/repository/org/apache/commons/commons-math3/3.1.1/commons-math3-3.1.1.jar:/home/user/.m2/repository/org/openjdk/jmh/jmh-generator-annprocess/1.19/jmh-generator-annprocess-1.19.jar:/home/user/.m2/repository/org/mockito/mockito-all/1.8.5/mockito-all-1.8.5.jar:/home/user/.m2/repository/org/apache/hadoop/hadoop-kms/3.2.0/hadoop-kms-3.2.0.jar:/home/user/.m2/repository/org/apache/hadoop/hadoop-auth/3.2.0/hadoop-auth-3.2.0.jar:/home/user/.m2/repository/com/nimbusds/nimbus-jose-jwt/4.41.1/nimbus-jose-jwt-4.41.1.jar:/home/user/.m2/repository/com/github/stephenc/jcip/jcip-annotations/1.0-1/jcip-annotations-1.0-1.jar:/home/user/.m2/repository/net/minidev/json-smart/2.3/json-smart-2.3.jar:/home/user/.m2/repository/net/minidev/accessors-smart/1.2/accessors-smart-1.2.jar:/home/user/.m2/repository/org/ow2/asm/asm/5.0.4/asm-5.0.4.jar:/home/user/.m2/repository/org/apache/curator/curator-framework/2.12.0/curator-framework-2.12.0.jar:/home/user/.m2/repository/com/sun/jersey/jersey-core/1.19/jersey-core-1.19.jar:/home/user/.m2/repository/javax/ws/rs/jsr311-api/1.1.1/jsr311-api-1.1.1.jar:/home/user/.m2/repository/com/sun/jersey/jersey-server/1.19/jersey-server-1.19.jar:/home/user/.m2/repository/javax/servlet/javax.servlet-api/3.1.0/javax.servlet-api-3.1.0.jar:/home/user/.m2/repository/org/eclipse/jetty/jetty-server/9.3.25.v20180904/jetty-server-9.3.25.v20180904.jar:/home/user/.m2/repository/org/eclipse/jetty/jetty-http/9.3.25.v20180904/jetty-http-9.3.25.v20180904.jar:/home/user/.m2/repository/org/eclipse/jetty/jetty-io/9.3.25.v20180904/jetty-io-9.3.25.v20180904.jar:/home/user/.m2/repository/org/eclipse/jetty/jetty-webapp/9.3.25.v20180904/jetty-webapp-9.3.25.v20180904.jar:/home/user/.m2/repository/org/eclipse/jetty/jetty-xml/9.3.25.v20180904/jetty-xml-9.3.25.v20180904.jar:/home/user/.m2/repository/log4j/log4j/1.2.17/log4j-1.2.17.jar:/home/user/.m2/repository/org/slf4j/slf4j-api/1.7.25/slf4j-api-1.7.25.jar:/home/user/.m2/repository/org/slf4j/jul-to-slf4j/1.7.25/jul-to-slf4j-1.7.25.jar:/home/user/.m2/repository/org/eclipse/jetty/jetty-util/9.3.25.v20180904/jetty-util-9.3.25.v20180904.jar:/home/user/.m2/repository/com/fasterxml/jackson/core/jackson-databind/2.9.9/jackson-databind-2.9.9.jar:/home/user/.m2/repository/org/apache/hadoop/hadoop-kms/3.2.0/hadoop-kms-3.2.0-tests.jar:/home/user/.m2/repository/org/apache/hadoop/hadoop-hdds-server-scm/0.5.0-SNAPSHOT/hadoop-hdds-server-scm-0.5.0-SNAPSHOT-tests.jar:/home/user/.m2/repository/org/apache/hadoop/hadoop-hdds-container-service/0.5.0-SNAPSHOT/hadoop-hdds-container-service-0.5.0-SNAPSHOT-tests.jar:/home/user/.m2/repository/org/yaml/snakeyaml/1.16/snakeyaml-1.16.jar:/home/user/.m2/repository/org/apache/hadoop/hadoop-common/3.2.0/hadoop-common-3.2.0-tests.jar:/home/user/.m2/repository/org/apache/hadoop/hadoop-annotations/3.2.0/hadoop-annotations-3.2.0.jar:/usr/lib/jvm/java-1.8-openjdk/jre/../lib/tools.jar:/home/user/.m2/repository/commons-cli/commons-cli/1.2/commons-cli-1.2.jar:/home/user/.m2/repository/org/apache/httpcomponents/httpclient/4.5.2/httpclient-4.5.2.jar:/home/user/.m2/repository/org/apache/httpcomponents/httpcore/4.4.4/httpcore-4.4.4.jar:/home/user/.m2/repository/commons-codec/commons-codec/1.11/commons-codec-1.11.jar:/home/user/.m2/repository/commons-net/commons-net/3.6/commons-net-3.6.jar:/home/user/.m2/repository/commons-collections/commons-collections/3.2.2/commons-collections-3.2.2.jar:/home/user/.m2/repository/org/eclipse/jetty/jetty-servlet/9.3.25.v20180904/jetty-servlet-9.3.25.v20180904.jar:/home/user/.m2/repository/org/eclipse/jetty/jetty-security/9.3.25.v20180904/jetty-security-9.3.25.v20180904.jar:/home/user/.m2/repository/javax/servlet/jsp/jsp-api/2.1/jsp-api-2.1.jar:/home/user/.m2/repository/com/sun/jersey/jersey-servlet/1.19/jersey-servlet-1.19.jar:/home/user/.m2/repository/com/sun/jersey/jersey-json/1.19/jersey-json-1.19.jar:/home/user/.m2/repository/org/codehaus/jettison/jettison/1.1/jettison-1.1.jar:/home/user/.m2/repository/org/codehaus/jackson/jackson-core-asl/1.9.13/jackson-core-asl-1.9.13.jar:/home/user/.m2/repository/org/codehaus/jackson/jackson-mapper-asl/1.9.13/jackson-mapper-asl-1.9.13.jar:/home/user/.m2/repository/org/codehaus/jackson/jackson-jaxrs/1.9.13/jackson-jaxrs-1.9.13.jar:/home/user/.m2/repository/org/codehaus/jackson/jackson-xc/1.9.13/jackson-xc-1.9.13.jar:/home/user/.m2/repository/commons-logging/commons-logging/1.1.3/commons-logging-1.1.3.jar:/home/user/.m2/repository/commons-beanutils/commons-beanutils/1.9.4/commons-beanutils-1.9.4.jar:/home/user/.m2/repository/org/apache/commons/commons-configuration2/2.1.1/commons-configuration2-2.1.1.jar:/home/user/.m2/repository/org/apache/commons/commons-lang3/3.7/commons-lang3-3.7.jar:/home/user/.m2/repository/org/apache/commons/commons-text/1.4/commons-text-1.4.jar:/home/user/.m2/repository/org/apache/avro/avro/1.7.7/avro-1.7.7.jar:/home/user/.m2/repository/com/thoughtworks/paranamer/paranamer/2.3/paranamer-2.3.jar:/home/user/.m2/repository/org/xerial/snappy/snappy-java/1.0.5/snappy-java-1.0.5.jar:/home/user/.m2/repository/com/google/re2j/re2j/1.1/re2j-1.1.jar:/home/user/.m2/repository/com/google/code/gson/gson/2.2.4/gson-2.2.4.jar:/home/user/.m2/repository/com/jcraft/jsch/0.1.54/jsch-0.1.54.jar:/home/user/.m2/repository/org/apache/curator/curator-client/2.12.0/curator-client-2.12.0.jar:/home/user/.m2/repository/org/apache/curator/curator-recipes/2.12.0/curator-recipes-2.12.0.jar:/home/user/.m2/repository/com/google/code/findbugs/jsr305/3.0.0/jsr305-3.0.0.jar:/home/user/.m2/repository/org/apache/htrace/htrace-core4/4.1.0-incubating/htrace-core4-4.1.0-incubating.jar:/home/user/.m2/repository/org/apache/zookeeper/zookeeper/3.4.13/zookeeper-3.4.13.jar:/home/user/.m2/repository/jline/jline/0.9.94/jline-0.9.94.jar:/home/user/.m2/repository/org/apache/yetus/audience-annotations/0.5.0/audience-annotations-0.5.0.jar:/home/user/.m2/repository/org/codehaus/woodstox/stax2-api/3.1.4/stax2-api-3.1.4.jar:/home/user/.m2/repository/com/fasterxml/woodstox/woodstox-core/5.0.3/woodstox-core-5.0.3.jar:/home/user/.m2/repository/dnsjava/dnsjava/2.1.7/dnsjava-2.1.7.jar:/home/user/.m2/repository/org/apache/hadoop/hadoop-hdfs/3.2.0/hadoop-hdfs-3.2.0-tests.jar:/home/user/.m2/repository/org/eclipse/jetty/jetty-util-ajax/9.3.25.v20180904/jetty-util-ajax-9.3.25.v20180904.jar:/home/user/.m2/repository/commons-daemon/commons-daemon/1.0.13/commons-daemon-1.0.13.jar:/home/user/.m2/repository/io/netty/netty/3.10.5.Final/netty-3.10.5.Final.jar:/home/user/.m2/repository/io/netty/netty-all/4.0.52.Final/netty-all-4.0.52.Final.jar:/home/user/.m2/repository/org/fusesource/leveldbjni/leveldbjni-all/1.8/leveldbjni-all-1.8.jar:"/>
    <property name="java.vm.vendor" value="IcedTea"/>
    <property name="sun.arch.data.model" value="64"/>
    <property name="test.build.dir" value="/workdir/hadoop-ozone/integration-test/target/test-dir"/>
    <property name="test.cache.data" value=""/>
    <property name="java.vendor.url" value="https://icedtea.classpath.org"/>
    <property name="user.timezone" value=""/>
    <property name="java.vm.specification.version" value="1.8"/>
    <property name="os.name" value="Linux"/>
    <property name="test.build.data" value="/workdir/hadoop-ozone/integration-test/target/test-dir"/>
    <property name="user.country" value="US"/>
    <property name="sun.java.launcher" value="SUN_STANDARD"/>
    <property name="sun.boot.library.path" value="/usr/lib/jvm/java-1.8-openjdk/jre/lib/amd64"/>
    <property name="sun.java.command" value="/workdir/hadoop-ozone/integration-test/target/surefire/surefirebooter8713191783520721733.jar /workdir/hadoop-ozone/integration-test/target/surefire 2019-10-01T02-26-25_468-jvmRun1 surefire3400543996265798879tmp surefire_581711647090049474958tmp"/>
    <property name="test" value="!TestMiniChaosOzoneCluster"/>
    <property name="surefire.test.class.path" value="/workdir/hadoop-ozone/integration-test/target/test-classes:/workdir/hadoop-ozone/integration-test/target/classes:/home/user/.m2/repository/org/apache/hadoop/hadoop-ozone-common/0.5.0-SNAPSHOT/hadoop-ozone-common-0.5.0-SNAPSHOT.jar:/home/user/.m2/repository/org/apache/commons/commons-compress/1.4.1/commons-compress-1.4.1.jar:/home/user/.m2/repository/org/tukaani/xz/1.0/xz-1.0.jar:/home/user/.m2/repository/org/apache/hadoop/hadoop-common/3.2.0/hadoop-common-3.2.0.jar:/home/user/.m2/repository/org/apache/hadoop/hadoop-hdfs/3.2.0/hadoop-hdfs-3.2.0.jar:/home/user/.m2/repository/org/apache/hadoop/hadoop-hdfs-client/3.2.0/hadoop-hdfs-client-3.2.0.jar:/home/user/.m2/repository/com/fasterxml/jackson/core/jackson-annotations/2.9.9/jackson-annotations-2.9.9.jar:/home/user/.m2/repository/org/apache/hadoop/hadoop-hdds-common/0.5.0-SNAPSHOT/hadoop-hdds-common-0.5.0-SNAPSHOT.jar:/home/user/.m2/repository/javax/annotation/javax.annotation-api/1.2/javax.annotation-api-1.2.jar:/home/user/.m2/repository/org/apache/ratis/ratis-server/0.5.0-201fc85-SNAPSHOT/ratis-server-0.5.0-201fc85-SNAPSHOT.jar:/home/user/.m2/repository/org/apache/ratis/ratis-thirdparty-misc/0.2.0/ratis-thirdparty-misc-0.2.0.jar:/home/user/.m2/repository/org/apache/ratis/ratis-proto/0.5.0-201fc85-SNAPSHOT/ratis-proto-0.5.0-201fc85-SNAPSHOT.jar:/home/user/.m2/repository/org/apache/ratis/ratis-common/0.5.0-201fc85-SNAPSHOT/ratis-common-0.5.0-201fc85-SNAPSHOT.jar:/home/user/.m2/repository/org/apache/ratis/ratis-client/0.5.0-201fc85-SNAPSHOT/ratis-client-0.5.0-201fc85-SNAPSHOT.jar:/home/user/.m2/repository/org/apache/ratis/ratis-metrics/0.5.0-201fc85-SNAPSHOT/ratis-metrics-0.5.0-201fc85-SNAPSHOT.jar:/home/user/.m2/repository/com/github/joshelser/dropwizard-metrics-hadoop-metrics2-reporter/0.1.2/dropwizard-metrics-hadoop-metrics2-reporter-0.1.2.jar:/home/user/.m2/repository/io/dropwizard/metrics/metrics-jvm/3.2.5/metrics-jvm-3.2.5.jar:/home/user/.m2/repository/io/dropwizard/metrics/metrics-ganglia/3.2.5/metrics-ganglia-3.2.5.jar:/home/user/.m2/repository/info/ganglia/gmetric4j/gmetric4j/1.0.7/gmetric4j-1.0.7.jar:/home/user/.m2/repository/org/apache/ratis/ratis-netty/0.5.0-201fc85-SNAPSHOT/ratis-netty-0.5.0-201fc85-SNAPSHOT.jar:/home/user/.m2/repository/org/apache/ratis/ratis-grpc/0.5.0-201fc85-SNAPSHOT/ratis-grpc-0.5.0-201fc85-SNAPSHOT.jar:/home/user/.m2/repository/org/rocksdb/rocksdbjni/6.0.1/rocksdbjni-6.0.1.jar:/home/user/.m2/repository/org/apache/logging/log4j/log4j-api/2.11.0/log4j-api-2.11.0.jar:/home/user/.m2/repository/org/apache/logging/log4j/log4j-core/2.11.0/log4j-core-2.11.0.jar:/home/user/.m2/repository/com/lmax/disruptor/3.4.2/disruptor-3.4.2.jar:/home/user/.m2/repository/org/apache/commons/commons-pool2/2.6.0/commons-pool2-2.6.0.jar:/home/user/.m2/repository/org/bouncycastle/bcpkix-jdk15on/1.60/bcpkix-jdk15on-1.60.jar:/home/user/.m2/repository/commons-validator/commons-validator/1.6/commons-validator-1.6.jar:/home/user/.m2/repository/commons-digester/commons-digester/1.8.1/commons-digester-1.8.1.jar:/home/user/.m2/repository/io/jaegertracing/jaeger-client/0.34.0/jaeger-client-0.34.0.jar:/home/user/.m2/repository/io/jaegertracing/jaeger-thrift/0.34.0/jaeger-thrift-0.34.0.jar:/home/user/.m2/repository/org/apache/thrift/libthrift/0.12.0/libthrift-0.12.0.jar:/home/user/.m2/repository/com/squareup/okhttp3/okhttp/3.9.0/okhttp-3.9.0.jar:/home/user/.m2/repository/com/squareup/okio/okio/1.13.0/okio-1.13.0.jar:/home/user/.m2/repository/io/jaegertracing/jaeger-core/0.34.0/jaeger-core-0.34.0.jar:/home/user/.m2/repository/io/jaegertracing/jaeger-tracerresolver/0.34.0/jaeger-tracerresolver-0.34.0.jar:/home/user/.m2/repository/io/opentracing/contrib/opentracing-tracerresolver/0.1.5/opentracing-tracerresolver-0.1.5.jar:/home/user/.m2/repository/io/opentracing/opentracing-util/0.31.0/opentracing-util-0.31.0.jar:/home/user/.m2/repository/io/opentracing/opentracing-api/0.31.0/opentracing-api-0.31.0.jar:/home/user/.m2/repository/io/opentracing/opentracing-noop/0.31.0/opentracing-noop-0.31.0.jar:/home/user/.m2/repository/org/apache/hadoop/hadoop-hdds-server-framework/0.5.0-SNAPSHOT/hadoop-hdds-server-framework-0.5.0-SNAPSHOT.jar:/home/user/.m2/repository/org/apache/hadoop/hadoop-hdds-container-service/0.5.0-SNAPSHOT/hadoop-hdds-container-service-0.5.0-SNAPSHOT.jar:/home/user/.m2/repository/org/apache/hadoop/hadoop-hdds-client/0.5.0-SNAPSHOT/hadoop-hdds-client-0.5.0-SNAPSHOT.jar:/home/user/.m2/repository/org/apache/hadoop/hadoop-hdds-tools/0.5.0-SNAPSHOT/hadoop-hdds-tools-0.5.0-SNAPSHOT.jar:/home/user/.m2/repository/org/apache/hadoop/hadoop-hdds-server-scm/0.5.0-SNAPSHOT/hadoop-hdds-server-scm-0.5.0-SNAPSHOT.jar:/home/user/.m2/repository/org/apache/hadoop/hadoop-hdds-docs/0.5.0-SNAPSHOT/hadoop-hdds-docs-0.5.0-SNAPSHOT.jar:/home/user/.m2/repository/io/dropwizard/metrics/metrics-core/3.2.4/metrics-core-3.2.4.jar:/home/user/.m2/repository/org/hamcrest/hamcrest-all/1.3/hamcrest-all-1.3.jar:/home/user/.m2/repository/org/bouncycastle/bcprov-jdk15on/1.60/bcprov-jdk15on-1.60.jar:/home/user/.m2/repository/info/picocli/picocli/3.9.6/picocli-3.9.6.jar:/home/user/.m2/repository/com/google/protobuf/protobuf-java/2.5.0/protobuf-java-2.5.0.jar:/home/user/.m2/repository/com/google/guava/guava/11.0.2/guava-11.0.2.jar:/home/user/.m2/repository/org/apache/hadoop/hadoop-ozone-ozone-manager/0.5.0-SNAPSHOT/hadoop-ozone-ozone-manager-0.5.0-SNAPSHOT.jar:/home/user/.m2/repository/org/apache/hadoop/hadoop-minikdc/3.2.0/hadoop-minikdc-3.2.0.jar:/home/user/.m2/repository/commons-io/commons-io/2.5/commons-io-2.5.jar:/home/user/.m2/repository/org/apache/kerby/kerb-simplekdc/1.0.1/kerb-simplekdc-1.0.1.jar:/home/user/.m2/repository/org/apache/kerby/kerb-client/1.0.1/kerb-client-1.0.1.jar:/home/user/.m2/repository/org/apache/kerby/kerby-config/1.0.1/kerby-config-1.0.1.jar:/home/user/.m2/repository/org/apache/kerby/kerb-core/1.0.1/kerb-core-1.0.1.jar:/home/user/.m2/repository/org/apache/kerby/kerby-pkix/1.0.1/kerby-pkix-1.0.1.jar:/home/user/.m2/repository/org/apache/kerby/kerby-asn1/1.0.1/kerby-asn1-1.0.1.jar:/home/user/.m2/repository/org/apache/kerby/kerby-util/1.0.1/kerby-util-1.0.1.jar:/home/user/.m2/repository/org/apache/kerby/kerb-common/1.0.1/kerb-common-1.0.1.jar:/home/user/.m2/repository/org/apache/kerby/kerb-crypto/1.0.1/kerb-crypto-1.0.1.jar:/home/user/.m2/repository/org/apache/kerby/kerb-util/1.0.1/kerb-util-1.0.1.jar:/home/user/.m2/repository/org/apache/kerby/token-provider/1.0.1/token-provider-1.0.1.jar:/home/user/.m2/repository/org/apache/kerby/kerb-admin/1.0.1/kerb-admin-1.0.1.jar:/home/user/.m2/repository/org/apache/kerby/kerb-server/1.0.1/kerb-server-1.0.1.jar:/home/user/.m2/repository/org/apache/kerby/kerb-identity/1.0.1/kerb-identity-1.0.1.jar:/home/user/.m2/repository/org/apache/kerby/kerby-xdr/1.0.1/kerby-xdr-1.0.1.jar:/home/user/.m2/repository/org/slf4j/slf4j-log4j12/1.7.25/slf4j-log4j12-1.7.25.jar:/home/user/.m2/repository/org/apache/hadoop/hadoop-ozone-s3gateway/0.5.0-SNAPSHOT/hadoop-ozone-s3gateway-0.5.0-SNAPSHOT.jar:/home/user/.m2/repository/org/jboss/weld/servlet/weld-servlet/2.4.7.Final/weld-servlet-2.4.7.Final.jar:/home/user/.m2/repository/org/glassfish/jersey/containers/jersey-container-servlet-core/2.27/jersey-container-servlet-core-2.27.jar:/home/user/.m2/repository/org/glassfish/hk2/external/javax.inject/2.5.0-b42/javax.inject-2.5.0-b42.jar:/home/user/.m2/repository/org/glassfish/jersey/core/jersey-common/2.27/jersey-common-2.27.jar:/home/user/.m2/repository/org/glassfish/hk2/osgi-resource-locator/1.0.1/osgi-resource-locator-1.0.1.jar:/home/user/.m2/repository/javax/ws/rs/javax.ws.rs-api/2.1/javax.ws.rs-api-2.1.jar:/home/user/.m2/repository/org/glassfish/jersey/ext/cdi/jersey-cdi1x/2.27/jersey-cdi1x-2.27.jar:/home/user/.m2/repository/org/glassfish/jersey/inject/jersey-hk2/2.27/jersey-hk2-2.27.jar:/home/user/.m2/repository/org/glassfish/hk2/hk2-locator/2.5.0-b42/hk2-locator-2.5.0-b42.jar:/home/user/.m2/repository/org/javassist/javassist/3.22.0-CR2/javassist-3.22.0-CR2.jar:/home/user/.m2/repository/org/glassfish/hk2/hk2-api/2.5.0/hk2-api-2.5.0.jar:/home/user/.m2/repository/org/glassfish/hk2/external/jakarta.inject/2.5.0/jakarta.inject-2.5.0.jar:/home/user/.m2/repository/org/glassfish/hk2/hk2-utils/2.5.0/hk2-utils-2.5.0.jar:/home/user/.m2/repository/jakarta/annotation/jakarta.annotation-api/1.3.4/jakarta.annotation-api-1.3.4.jar:/home/user/.m2/repository/org/glassfish/hk2/external/aopalliance-repackaged/2.5.0/aopalliance-repackaged-2.5.0.jar:/home/user/.m2/repository/com/fasterxml/jackson/dataformat/jackson-dataformat-xml/2.9.0/jackson-dataformat-xml-2.9.0.jar:/home/user/.m2/repository/com/fasterxml/jackson/core/jackson-core/2.9.9/jackson-core-2.9.9.jar:/home/user/.m2/repository/com/fasterxml/jackson/module/jackson-module-jaxb-annotations/2.9.9/jackson-module-jaxb-annotations-2.9.9.jar:/home/user/.m2/repository/javax/enterprise/cdi-api/1.2/cdi-api-1.2.jar:/home/user/.m2/repository/javax/el/javax.el-api/3.0.0/javax.el-api-3.0.0.jar:/home/user/.m2/repository/javax/interceptor/javax.interceptor-api/1.2/javax.interceptor-api-1.2.jar:/home/user/.m2/repository/javax/inject/javax.inject/1/javax.inject-1.jar:/home/user/.m2/repository/com/sun/xml/bind/jaxb-impl/2.3.0.1/jaxb-impl-2.3.0.1.jar:/home/user/.m2/repository/com/sun/xml/bind/jaxb-core/2.3.0.1/jaxb-core-2.3.0.1.jar:/home/user/.m2/repository/javax/xml/bind/jaxb-api/2.3.0/jaxb-api-2.3.0.jar:/home/user/.m2/repository/javax/activation/activation/1.1.1/activation-1.1.1.jar:/home/user/.m2/repository/org/apache/hadoop/hadoop-ozone-csi/0.5.0-SNAPSHOT/hadoop-ozone-csi-0.5.0-SNAPSHOT.jar:/home/user/.m2/repository/com/google/protobuf/protobuf-java-util/3.5.1/protobuf-java-util-3.5.1.jar:/home/user/.m2/repository/org/apache/hadoop/hadoop-hdds-config/0.5.0-SNAPSHOT/hadoop-hdds-config-0.5.0-SNAPSHOT.jar:/home/user/.m2/repository/io/grpc/grpc-netty/1.17.1/grpc-netty-1.17.1.jar:/home/user/.m2/repository/io/grpc/grpc-core/1.17.1/grpc-core-1.17.1.jar:/home/user/.m2/repository/io/grpc/grpc-context/1.17.1/grpc-context-1.17.1.jar:/home/user/.m2/repository/com/google/errorprone/error_prone_annotations/2.2.0/error_prone_annotations-2.2.0.jar:/home/user/.m2/repository/org/codehaus/mojo/animal-sniffer-annotations/1.17/animal-sniffer-annotations-1.17.jar:/home/user/.m2/repository/io/opencensus/opencensus-api/0.17.0/opencensus-api-0.17.0.jar:/home/user/.m2/repository/io/opencensus/opencensus-contrib-grpc-metrics/0.17.0/opencensus-contrib-grpc-metrics-0.17.0.jar:/home/user/.m2/repository/io/netty/netty-codec-http2/4.1.30.Final/netty-codec-http2-4.1.30.Final.jar:/home/user/.m2/repository/io/netty/netty-codec-http/4.1.30.Final/netty-codec-http-4.1.30.Final.jar:/home/user/.m2/repository/io/netty/netty-codec/4.1.30.Final/netty-codec-4.1.30.Final.jar:/home/user/.m2/repository/io/netty/netty-handler/4.1.30.Final/netty-handler-4.1.30.Final.jar:/home/user/.m2/repository/io/netty/netty-handler-proxy/4.1.30.Final/netty-handler-proxy-4.1.30.Final.jar:/home/user/.m2/repository/io/netty/netty-codec-socks/4.1.30.Final/netty-codec-socks-4.1.30.Final.jar:/home/user/.m2/repository/io/netty/netty-transport-native-epoll/4.1.30.Final/netty-transport-native-epoll-4.1.30.Final.jar:/home/user/.m2/repository/io/netty/netty-common/4.1.30.Final/netty-common-4.1.30.Final.jar:/home/user/.m2/repository/io/netty/netty-buffer/4.1.30.Final/netty-buffer-4.1.30.Final.jar:/home/user/.m2/repository/io/netty/netty-transport/4.1.30.Final/netty-transport-4.1.30.Final.jar:/home/user/.m2/repository/io/netty/netty-resolver/4.1.30.Final/netty-resolver-4.1.30.Final.jar:/home/user/.m2/repository/io/netty/netty-transport-native-unix-common/4.1.30.Final/netty-transport-native-unix-common-4.1.30.Final.jar:/home/user/.m2/repository/io/grpc/grpc-protobuf/1.17.1/grpc-protobuf-1.17.1.jar:/home/user/.m2/repository/com/google/api/grpc/proto-google-common-protos/1.0.0/proto-google-common-protos-1.0.0.jar:/home/user/.m2/repository/io/grpc/grpc-protobuf-lite/1.17.1/grpc-protobuf-lite-1.17.1.jar:/home/user/.m2/repository/io/grpc/grpc-stub/1.17.1/grpc-stub-1.17.1.jar:/home/user/.m2/repository/org/apache/hadoop/hadoop-ozone-recon/0.5.0-SNAPSHOT/hadoop-ozone-recon-0.5.0-SNAPSHOT.jar:/home/user/.m2/repository/org/apache/hadoop/hadoop-ozone-reconcodegen/0.5.0-SNAPSHOT/hadoop-ozone-reconcodegen-0.5.0-SNAPSHOT.jar:/home/user/.m2/repository/com/google/inject/extensions/guice-multibindings/4.0/guice-multibindings-4.0.jar:/home/user/.m2/repository/com/google/inject/guice/4.0/guice-4.0.jar:/home/user/.m2/repository/aopalliance/aopalliance/1.0/aopalliance-1.0.jar:/home/user/.m2/repository/com/google/inject/extensions/guice-servlet/4.0/guice-servlet-4.0.jar:/home/user/.m2/repository/org/glassfish/jersey/containers/jersey-container-servlet/2.27/jersey-container-servlet-2.27.jar:/home/user/.m2/repository/org/glassfish/hk2/guice-bridge/2.5.0/guice-bridge-2.5.0.jar:/home/user/.m2/repository/org/glassfish/jersey/core/jersey-server/2.27/jersey-server-2.27.jar:/home/user/.m2/repository/org/glassfish/jersey/core/jersey-client/2.27/jersey-client-2.27.jar:/home/user/.m2/repository/org/glassfish/jersey/media/jersey-media-jaxb/2.27/jersey-media-jaxb-2.27.jar:/home/user/.m2/repository/javax/validation/validation-api/1.1.0.Final/validation-api-1.1.0.Final.jar:/home/user/.m2/repository/org/glassfish/jersey/media/jersey-media-json-jackson/2.27/jersey-media-json-jackson-2.27.jar:/home/user/.m2/repository/org/glassfish/jersey/ext/jersey-entity-filtering/2.27/jersey-entity-filtering-2.27.jar:/home/user/.m2/repository/com/google/inject/extensions/guice-assistedinject/4.0/guice-assistedinject-4.0.jar:/home/user/.m2/repository/org/jooq/jooq/3.11.10/jooq-3.11.10.jar:/home/user/.m2/repository/org/jooq/jooq-meta/3.11.10/jooq-meta-3.11.10.jar:/home/user/.m2/repository/org/jooq/jooq-codegen/3.11.10/jooq-codegen-3.11.10.jar:/home/user/.m2/repository/com/jolbox/bonecp/0.8.0.RELEASE/bonecp-0.8.0.RELEASE.jar:/home/user/.m2/repository/org/xerial/sqlite-jdbc/3.25.2/sqlite-jdbc-3.25.2.jar:/home/user/.m2/repository/org/springframework/spring-jdbc/5.1.3.RELEASE/spring-jdbc-5.1.3.RELEASE.jar:/home/user/.m2/repository/org/springframework/spring-beans/5.1.3.RELEASE/spring-beans-5.1.3.RELEASE.jar:/home/user/.m2/repository/org/springframework/spring-core/5.1.3.RELEASE/spring-core-5.1.3.RELEASE.jar:/home/user/.m2/repository/org/springframework/spring-jcl/5.1.3.RELEASE/spring-jcl-5.1.3.RELEASE.jar:/home/user/.m2/repository/org/springframework/spring-tx/5.1.3.RELEASE/spring-tx-5.1.3.RELEASE.jar:/home/user/.m2/repository/org/apache/hadoop/hadoop-ozone-client/0.5.0-SNAPSHOT/hadoop-ozone-client-0.5.0-SNAPSHOT.jar:/home/user/.m2/repository/commons-lang/commons-lang/2.6/commons-lang-2.6.jar:/home/user/.m2/repository/org/apache/hadoop/hadoop-ozone-ozone-manager/0.5.0-SNAPSHOT/hadoop-ozone-ozone-manager-0.5.0-SNAPSHOT-tests.jar:/home/user/.m2/repository/junit/junit/4.11/junit-4.11.jar:/home/user/.m2/repository/org/hamcrest/hamcrest-core/1.3/hamcrest-core-1.3.jar:/home/user/.m2/repository/org/openjdk/jmh/jmh-core/1.19/jmh-core-1.19.jar:/home/user/.m2/repository/net/sf/jopt-simple/jopt-simple/4.6/jopt-simple-4.6.jar:/home/user/.m2/repository/org/apache/commons/commons-math3/3.1.1/commons-math3-3.1.1.jar:/home/user/.m2/repository/org/openjdk/jmh/jmh-generator-annprocess/1.19/jmh-generator-annprocess-1.19.jar:/home/user/.m2/repository/org/mockito/mockito-all/1.8.5/mockito-all-1.8.5.jar:/home/user/.m2/repository/org/apache/hadoop/hadoop-kms/3.2.0/hadoop-kms-3.2.0.jar:/home/user/.m2/repository/org/apache/hadoop/hadoop-auth/3.2.0/hadoop-auth-3.2.0.jar:/home/user/.m2/repository/com/nimbusds/nimbus-jose-jwt/4.41.1/nimbus-jose-jwt-4.41.1.jar:/home/user/.m2/repository/com/github/stephenc/jcip/jcip-annotations/1.0-1/jcip-annotations-1.0-1.jar:/home/user/.m2/repository/net/minidev/json-smart/2.3/json-smart-2.3.jar:/home/user/.m2/repository/net/minidev/accessors-smart/1.2/accessors-smart-1.2.jar:/home/user/.m2/repository/org/ow2/asm/asm/5.0.4/asm-5.0.4.jar:/home/user/.m2/repository/org/apache/curator/curator-framework/2.12.0/curator-framework-2.12.0.jar:/home/user/.m2/repository/com/sun/jersey/jersey-core/1.19/jersey-core-1.19.jar:/home/user/.m2/repository/javax/ws/rs/jsr311-api/1.1.1/jsr311-api-1.1.1.jar:/home/user/.m2/repository/com/sun/jersey/jersey-server/1.19/jersey-server-1.19.jar:/home/user/.m2/repository/javax/servlet/javax.servlet-api/3.1.0/javax.servlet-api-3.1.0.jar:/home/user/.m2/repository/org/eclipse/jetty/jetty-server/9.3.25.v20180904/jetty-server-9.3.25.v20180904.jar:/home/user/.m2/repository/org/eclipse/jetty/jetty-http/9.3.25.v20180904/jetty-http-9.3.25.v20180904.jar:/home/user/.m2/repository/org/eclipse/jetty/jetty-io/9.3.25.v20180904/jetty-io-9.3.25.v20180904.jar:/home/user/.m2/repository/org/eclipse/jetty/jetty-webapp/9.3.25.v20180904/jetty-webapp-9.3.25.v20180904.jar:/home/user/.m2/repository/org/eclipse/jetty/jetty-xml/9.3.25.v20180904/jetty-xml-9.3.25.v20180904.jar:/home/user/.m2/repository/log4j/log4j/1.2.17/log4j-1.2.17.jar:/home/user/.m2/repository/org/slf4j/slf4j-api/1.7.25/slf4j-api-1.7.25.jar:/home/user/.m2/repository/org/slf4j/jul-to-slf4j/1.7.25/jul-to-slf4j-1.7.25.jar:/home/user/.m2/repository/org/eclipse/jetty/jetty-util/9.3.25.v20180904/jetty-util-9.3.25.v20180904.jar:/home/user/.m2/repository/com/fasterxml/jackson/core/jackson-databind/2.9.9/jackson-databind-2.9.9.jar:/home/user/.m2/repository/org/apache/hadoop/hadoop-kms/3.2.0/hadoop-kms-3.2.0-tests.jar:/home/user/.m2/repository/org/apache/hadoop/hadoop-hdds-server-scm/0.5.0-SNAPSHOT/hadoop-hdds-server-scm-0.5.0-SNAPSHOT-tests.jar:/home/user/.m2/repository/org/apache/hadoop/hadoop-hdds-container-service/0.5.0-SNAPSHOT/hadoop-hdds-container-service-0.5.0-SNAPSHOT-tests.jar:/home/user/.m2/repository/org/yaml/snakeyaml/1.16/snakeyaml-1.16.jar:/home/user/.m2/repository/org/apache/hadoop/hadoop-common/3.2.0/hadoop-common-3.2.0-tests.jar:/home/user/.m2/repository/org/apache/hadoop/hadoop-annotations/3.2.0/hadoop-annotations-3.2.0.jar:/usr/lib/jvm/java-1.8-openjdk/jre/../lib/tools.jar:/home/user/.m2/repository/commons-cli/commons-cli/1.2/commons-cli-1.2.jar:/home/user/.m2/repository/org/apache/httpcomponents/httpclient/4.5.2/httpclient-4.5.2.jar:/home/user/.m2/repository/org/apache/httpcomponents/httpcore/4.4.4/httpcore-4.4.4.jar:/home/user/.m2/repository/commons-codec/commons-codec/1.11/commons-codec-1.11.jar:/home/user/.m2/repository/commons-net/commons-net/3.6/commons-net-3.6.jar:/home/user/.m2/repository/commons-collections/commons-collections/3.2.2/commons-collections-3.2.2.jar:/home/user/.m2/repository/org/eclipse/jetty/jetty-servlet/9.3.25.v20180904/jetty-servlet-9.3.25.v20180904.jar:/home/user/.m2/repository/org/eclipse/jetty/jetty-security/9.3.25.v20180904/jetty-security-9.3.25.v20180904.jar:/home/user/.m2/repository/javax/servlet/jsp/jsp-api/2.1/jsp-api-2.1.jar:/home/user/.m2/repository/com/sun/jersey/jersey-servlet/1.19/jersey-servlet-1.19.jar:/home/user/.m2/repository/com/sun/jersey/jersey-json/1.19/jersey-json-1.19.jar:/home/user/.m2/repository/org/codehaus/jettison/jettison/1.1/jettison-1.1.jar:/home/user/.m2/repository/org/codehaus/jackson/jackson-core-asl/1.9.13/jackson-core-asl-1.9.13.jar:/home/user/.m2/repository/org/codehaus/jackson/jackson-mapper-asl/1.9.13/jackson-mapper-asl-1.9.13.jar:/home/user/.m2/repository/org/codehaus/jackson/jackson-jaxrs/1.9.13/jackson-jaxrs-1.9.13.jar:/home/user/.m2/repository/org/codehaus/jackson/jackson-xc/1.9.13/jackson-xc-1.9.13.jar:/home/user/.m2/repository/commons-logging/commons-logging/1.1.3/commons-logging-1.1.3.jar:/home/user/.m2/repository/commons-beanutils/commons-beanutils/1.9.4/commons-beanutils-1.9.4.jar:/home/user/.m2/repository/org/apache/commons/commons-configuration2/2.1.1/commons-configuration2-2.1.1.jar:/home/user/.m2/repository/org/apache/commons/commons-lang3/3.7/commons-lang3-3.7.jar:/home/user/.m2/repository/org/apache/commons/commons-text/1.4/commons-text-1.4.jar:/home/user/.m2/repository/org/apache/avro/avro/1.7.7/avro-1.7.7.jar:/home/user/.m2/repository/com/thoughtworks/paranamer/paranamer/2.3/paranamer-2.3.jar:/home/user/.m2/repository/org/xerial/snappy/snappy-java/1.0.5/snappy-java-1.0.5.jar:/home/user/.m2/repository/com/google/re2j/re2j/1.1/re2j-1.1.jar:/home/user/.m2/repository/com/google/code/gson/gson/2.2.4/gson-2.2.4.jar:/home/user/.m2/repository/com/jcraft/jsch/0.1.54/jsch-0.1.54.jar:/home/user/.m2/repository/org/apache/curator/curator-client/2.12.0/curator-client-2.12.0.jar:/home/user/.m2/repository/org/apache/curator/curator-recipes/2.12.0/curator-recipes-2.12.0.jar:/home/user/.m2/repository/com/google/code/findbugs/jsr305/3.0.0/jsr305-3.0.0.jar:/home/user/.m2/repository/org/apache/htrace/htrace-core4/4.1.0-incubating/htrace-core4-4.1.0-incubating.jar:/home/user/.m2/repository/org/apache/zookeeper/zookeeper/3.4.13/zookeeper-3.4.13.jar:/home/user/.m2/repository/jline/jline/0.9.94/jline-0.9.94.jar:/home/user/.m2/repository/org/apache/yetus/audience-annotations/0.5.0/audience-annotations-0.5.0.jar:/home/user/.m2/repository/org/codehaus/woodstox/stax2-api/3.1.4/stax2-api-3.1.4.jar:/home/user/.m2/repository/com/fasterxml/woodstox/woodstox-core/5.0.3/woodstox-core-5.0.3.jar:/home/user/.m2/repository/dnsjava/dnsjava/2.1.7/dnsjava-2.1.7.jar:/home/user/.m2/repository/org/apache/hadoop/hadoop-hdfs/3.2.0/hadoop-hdfs-3.2.0-tests.jar:/home/user/.m2/repository/org/eclipse/jetty/jetty-util-ajax/9.3.25.v20180904/jetty-util-ajax-9.3.25.v20180904.jar:/home/user/.m2/repository/commons-daemon/commons-daemon/1.0.13/commons-daemon-1.0.13.jar:/home/user/.m2/repository/io/netty/netty/3.10.5.Final/netty-3.10.5.Final.jar:/home/user/.m2/repository/io/netty/netty-all/4.0.52.Final/netty-all-4.0.52.Final.jar:/home/user/.m2/repository/org/fusesource/leveldbjni/leveldbjni-all/1.8/leveldbjni-all-1.8.jar:"/>
    <property name="sun.cpu.endian" value="little"/>
    <property name="user.home" value="/home/user"/>
    <property name="user.language" value="en"/>
    <property name="java.specification.vendor" value="Oracle Corporation"/>
    <property name="java.home" value="/usr/lib/jvm/java-1.8-openjdk/jre"/>
    <property name="java.security.krb5.conf" value="/workdir/hadoop-ozone/integration-test/target/test-classes/krb5.conf"/>
    <property name="basedir" value="/workdir/hadoop-ozone/integration-test"/>
    <property name="file.separator" value="/"/>
    <property name="line.separator" value="&#10;"/>
    <property name="java.vm.specification.vendor" value="Oracle Corporation"/>
    <property name="java.specification.name" value="Java Platform API Specification"/>
    <property name="java.awt.graphicsenv" value="sun.awt.X11GraphicsEnvironment"/>
    <property name="surefire.real.class.path" value="/workdir/hadoop-ozone/integration-test/target/surefire/surefirebooter8713191783520721733.jar"/>
    <property name="hadoop.log.dir" value="/workdir/hadoop-ozone/integration-test/target/log"/>
    <property name="sun.boot.class.path" value="/usr/lib/jvm/java-1.8-openjdk/jre/lib/resources.jar:/usr/lib/jvm/java-1.8-openjdk/jre/lib/rt.jar:/usr/lib/jvm/java-1.8-openjdk/jre/lib/sunrsasign.jar:/usr/lib/jvm/java-1.8-openjdk/jre/lib/jsse.jar:/usr/lib/jvm/java-1.8-openjdk/jre/lib/jce.jar:/usr/lib/jvm/java-1.8-openjdk/jre/lib/charsets.jar:/usr/lib/jvm/java-1.8-openjdk/jre/lib/jfr.jar:/usr/lib/jvm/java-1.8-openjdk/jre/classes"/>
    <property name="sun.management.compiler" value="HotSpot 64-Bit Tiered Compilers"/>
    <property name="java.runtime.version" value="1.8.0_212-b04"/>
    <property name="java.net.preferIPv4Stack" value="true"/>
    <property name="user.name" value="jenkins1000"/>
    <property name="path.separator" value=":"/>
    <property name="java.security.egd" value="file:///dev/urandom"/>
    <property name="os.version" value="3.10.0-957.12.2.el7.x86_64"/>
    <property name="java.endorsed.dirs" value="/usr/lib/jvm/java-1.8-openjdk/jre/lib/endorsed"/>
    <property name="java.runtime.name" value="OpenJDK Runtime Environment"/>
    <property name="file.encoding" value="UTF-8"/>
    <property name="java.vm.name" value="OpenJDK 64-Bit Server VM"/>
    <property name="test.build.webapps" value=""/>
    <property name="localRepository" value="/home/user/.m2/repository"/>
    <property name="java.vendor.url.bug" value="https://icedtea.classpath.org/bugzilla"/>
    <property name="java.io.tmpdir" value="/tmp"/>
    <property name="require.test.libhadoop" value=""/>
    <property name="java.version" value="1.8.0_212"/>
    <property name="user.dir" value="/workdir/hadoop-ozone/integration-test"/>
    <property name="os.arch" value="amd64"/>
    <property name="java.vm.specification.name" value="Java Virtual Machine Specification"/>
    <property name="test.build.classes" value="/workdir/hadoop-ozone/integration-test/target/test-classes"/>
    <property name="java.awt.printerjob" value="sun.print.PSPrinterJob"/>
    <property name="sun.os.patch.level" value="unknown"/>
    <property name="hadoop.tmp.dir" value="/workdir/hadoop-ozone/integration-test/target/tmp"/>
    <property name="java.library.path" value="/usr/lib/jvm/java-1.8-openjdk/jre/lib/amd64/server:/usr/lib/jvm/java-1.8-openjdk/jre/lib/amd64:/usr/lib/jvm/java-1.8-openjdk/jre/../lib/amd64:/workdir/hadoop-ozone/integration-test/target/native/target/usr/local/lib:/workdir/hadoop-ozone/integration-test/../../hadoop-common-project/hadoop-common/target/native/target/usr/local/lib:/usr/java/packages/lib/amd64:/usr/lib64:/lib64:/lib:/usr/lib"/>
    <property name="java.vm.info" value="mixed mode"/>
    <property name="java.vendor" value="IcedTea"/>
    <property name="java.vm.version" value="25.212-b04"/>
    <property name="java.ext.dirs" value="/usr/lib/jvm/java-1.8-openjdk/jre/lib/ext:/usr/java/packages/lib/ext"/>
    <property name="sun.io.unicode.encoding" value="UnicodeLittle"/>
    <property name="java.class.version" value="52.0"/>
  </properties>
  <testcase name="testPipelineExclusionWithPipelineFailure" classname="org.apache.hadoop.ozone.client.rpc.TestFailureHandlingByClient" time="71.218"/>
  <testcase name="testContainerExclusionWithClosedContainerException" classname="org.apache.hadoop.ozone.client.rpc.TestFailureHandlingByClient" time="37.072"/>
  <testcase name="testWriteSmallFile" classname="org.apache.hadoop.ozone.client.rpc.TestFailureHandlingByClient" time="52.26"/>
  <testcase name="testBlockWritesWithDnFailures" classname="org.apache.hadoop.ozone.client.rpc.TestFailureHandlingByClient" time="46.308">
    <error message="Allocated 0 blocks. Requested 1 blocks" type="INTERNAL_ERROR org.apache.hadoop.ozone.om.exceptions.OMException">INTERNAL_ERROR org.apache.hadoop.ozone.om.exceptions.OMException: Allocated 0 blocks. Requested 1 blocks
	at org.apache.hadoop.ozone.om.protocolPB.OzoneManagerProtocolClientSideTranslatorPB.handleError(OzoneManagerProtocolClientSideTranslatorPB.java:732)
	at org.apache.hadoop.ozone.om.protocolPB.OzoneManagerProtocolClientSideTranslatorPB.openKey(OzoneManagerProtocolClientSideTranslatorPB.java:723)
	at sun.reflect.NativeMethodAccessorImpl.invoke0(Native Method)
	at sun.reflect.NativeMethodAccessorImpl.invoke(NativeMethodAccessorImpl.java:62)
	at sun.reflect.DelegatingMethodAccessorImpl.invoke(DelegatingMethodAccessorImpl.java:43)
	at java.lang.reflect.Method.invoke(Method.java:498)
	at org.apache.hadoop.hdds.tracing.TraceAllMethod.invoke(TraceAllMethod.java:66)
	at com.sun.proxy.$Proxy36.openKey(Unknown Source)
	at org.apache.hadoop.ozone.client.rpc.RpcClient.createKey(RpcClient.java:614)
	at org.apache.hadoop.ozone.client.OzoneBucket.createKey(OzoneBucket.java:325)
	at org.apache.hadoop.ozone.container.ContainerTestHelper.createKey(ContainerTestHelper.java:695)
	at org.apache.hadoop.ozone.client.rpc.TestFailureHandlingByClient.createKey(TestFailureHandlingByClient.java:408)
	at org.apache.hadoop.ozone.client.rpc.TestFailureHandlingByClient.testBlockWritesWithDnFailures(TestFailureHandlingByClient.java:138)
	at sun.reflect.NativeMethodAccessorImpl.invoke0(Native Method)
	at sun.reflect.NativeMethodAccessorImpl.invoke(NativeMethodAccessorImpl.java:62)
	at sun.reflect.DelegatingMethodAccessorImpl.invoke(DelegatingMethodAccessorImpl.java:43)
	at java.lang.reflect.Method.invoke(Method.java:498)
	at org.junit.runners.model.FrameworkMethod$1.runReflectiveCall(FrameworkMethod.java:47)
	at org.junit.internal.runners.model.ReflectiveCallable.run(ReflectiveCallable.java:12)
	at org.junit.runners.model.FrameworkMethod.invokeExplosively(FrameworkMethod.java:44)
	at org.junit.internal.runners.statements.InvokeMethod.evaluate(InvokeMethod.java:17)
	at org.junit.internal.runners.statements.RunAfters.evaluate(RunAfters.java:27)
	at org.junit.runners.ParentRunner.runLeaf(ParentRunner.java:271)
	at org.junit.runners.BlockJUnit4ClassRunner.runChild(BlockJUnit4ClassRunner.java:70)
	at org.junit.runners.BlockJUnit4ClassRunner.runChild(BlockJUnit4ClassRunner.java:50)
	at org.junit.runners.ParentRunner$3.run(ParentRunner.java:238)
	at org.junit.runners.ParentRunner$1.schedule(ParentRunner.java:63)
	at org.junit.runners.ParentRunner.runChildren(ParentRunner.java:236)
	at org.junit.runners.ParentRunner.access$000(ParentRunner.java:53)
	at org.junit.runners.ParentRunner$2.evaluate(ParentRunner.java:229)
	at org.junit.runners.ParentRunner.run(ParentRunner.java:309)
	at org.apache.maven.surefire.junit4.JUnit4Provider.execute(JUnit4Provider.java:365)
	at org.apache.maven.surefire.junit4.JUnit4Provider.executeWithRerun(JUnit4Provider.java:273)
	at org.apache.maven.surefire.junit4.JUnit4Provider.executeTestSet(JUnit4Provider.java:238)
	at org.apache.maven.surefire.junit4.JUnit4Provider.invoke(JUnit4Provider.java:159)
	at org.apache.maven.surefire.booter.ForkedBooter.invokeProviderInSameClassLoader(ForkedBooter.java:384)
	at org.apache.maven.surefire.booter.ForkedBooter.runSuitesInProcess(ForkedBooter.java:345)
	at org.apache.maven.surefire.booter.ForkedBooter.execute(ForkedBooter.java:126)
	at org.apache.maven.surefire.booter.ForkedBooter.main(ForkedBooter.java:418)
</error>
    <system-out><![CDATA[2019-10-01 03:06:59,637 [main] WARN  server.ServerUtils (ServerUtils.java:getScmDbDir(145)) - ozone.scm.db.dirs is not configured. We recommend adding this setting. Falling back to ozone.metadata.dirs instead.
2019-10-01 03:06:59,653 [main] WARN  server.ServerUtils (ServerUtils.java:getScmDbDir(145)) - ozone.scm.db.dirs is not configured. We recommend adding this setting. Falling back to ozone.metadata.dirs instead.
2019-10-01 03:06:59,653 [main] WARN  server.ServerUtils (ServerUtils.java:getScmDbDir(145)) - ozone.scm.db.dirs is not configured. We recommend adding this setting. Falling back to ozone.metadata.dirs instead.
2019-10-01 03:06:59,654 [main] INFO  db.DBStoreBuilder (DBStoreBuilder.java:addTable(110)) - using custom profile for table: deletedBlocks
2019-10-01 03:06:59,654 [main] INFO  db.DBStoreBuilder (DBStoreBuilder.java:processTables(161)) - Using default column profile:DBProfile.DISK for Table:deletedBlocks
2019-10-01 03:06:59,655 [main] INFO  db.DBStoreBuilder (DBStoreBuilder.java:addTable(110)) - using custom profile for table: validCerts
2019-10-01 03:06:59,655 [main] INFO  db.DBStoreBuilder (DBStoreBuilder.java:processTables(161)) - Using default column profile:DBProfile.DISK for Table:validCerts
2019-10-01 03:06:59,655 [main] INFO  db.DBStoreBuilder (DBStoreBuilder.java:addTable(110)) - using custom profile for table: revokedCerts
2019-10-01 03:06:59,655 [main] INFO  db.DBStoreBuilder (DBStoreBuilder.java:processTables(161)) - Using default column profile:DBProfile.DISK for Table:revokedCerts
2019-10-01 03:06:59,656 [main] INFO  db.DBStoreBuilder (DBStoreBuilder.java:addTable(110)) - using custom profile for table: default
2019-10-01 03:06:59,656 [main] INFO  db.DBStoreBuilder (DBStoreBuilder.java:processTables(167)) - Using default column profile:DBProfile.DISK for Table:default
2019-10-01 03:06:59,656 [main] INFO  db.DBStoreBuilder (DBStoreBuilder.java:getDbProfile(198)) - Using default options. DBProfile.DISK
2019-10-01 03:06:59,811 [main] INFO  net.NodeSchemaLoader (NodeSchemaLoader.java:loadSchemaFromFile(125)) - Loading file from sun.misc.CompoundEnumeration@634ca3e7
2019-10-01 03:06:59,811 [main] INFO  net.NodeSchemaLoader (NodeSchemaLoader.java:loadSchema(171)) - Loading network topology layer schema file
2019-10-01 03:06:59,815 [main] INFO  node.SCMNodeManager (SCMNodeManager.java:<init>(114)) - Entering startup safe mode.
2019-10-01 03:06:59,816 [main] INFO  algorithms.ContainerPlacementPolicyFactory (ContainerPlacementPolicyFactory.java:getPolicy(57)) - Create container placement policy of type org.apache.hadoop.hdds.scm.container.placement.algorithms.SCMContainerPlacementRandom
2019-10-01 03:06:59,817 [main] WARN  server.ServerUtils (ServerUtils.java:getScmDbDir(145)) - ozone.scm.db.dirs is not configured. We recommend adding this setting. Falling back to ozone.metadata.dirs instead.
2019-10-01 03:06:59,866 [main] INFO  pipeline.SCMPipelineManager (SCMPipelineManager.java:initializePipelineState(132)) - No pipeline exists in current db
2019-10-01 03:06:59,866 [main] WARN  server.ServerUtils (ServerUtils.java:getScmDbDir(145)) - ozone.scm.db.dirs is not configured. We recommend adding this setting. Falling back to ozone.metadata.dirs instead.
2019-10-01 03:06:59,916 [main] WARN  events.EventQueue (EventQueue.java:fireEvent(183)) - No event handler registered for event TypedEvent{payloadType=SafeModeStatus, name='SafeModeStatus'}
2019-10-01 03:06:59,917 [main] INFO  ipc.CallQueueManager (CallQueueManager.java:<init>(84)) - Using callQueue: class java.util.concurrent.LinkedBlockingQueue, queueCapacity: 2000, scheduler: class org.apache.hadoop.ipc.DefaultRpcScheduler, ipcBackoff: false.
2019-10-01 03:06:59,918 [Socket Reader #1 for port 35324] INFO  ipc.Server (Server.java:run(1074)) - Starting Socket Reader #1 for port 35324
2019-10-01 03:06:59,921 [main] INFO  ipc.CallQueueManager (CallQueueManager.java:<init>(84)) - Using callQueue: class java.util.concurrent.LinkedBlockingQueue, queueCapacity: 2000, scheduler: class org.apache.hadoop.ipc.DefaultRpcScheduler, ipcBackoff: false.
2019-10-01 03:06:59,922 [Socket Reader #1 for port 40588] INFO  ipc.Server (Server.java:run(1074)) - Starting Socket Reader #1 for port 40588
2019-10-01 03:06:59,923 [main] INFO  ipc.CallQueueManager (CallQueueManager.java:<init>(84)) - Using callQueue: class java.util.concurrent.LinkedBlockingQueue, queueCapacity: 2000, scheduler: class org.apache.hadoop.ipc.DefaultRpcScheduler, ipcBackoff: false.
2019-10-01 03:06:59,924 [Socket Reader #1 for port 38526] INFO  ipc.Server (Server.java:run(1074)) - Starting Socket Reader #1 for port 38526
2019-10-01 03:06:59,929 [main] INFO  hdfs.DFSUtil (DFSUtil.java:httpServerTemplateForNNAndJN(1641)) - Starting Web-server for scm at: http://0.0.0.0:0
2019-10-01 03:06:59,931 [main] INFO  server.AuthenticationFilter (AuthenticationFilter.java:constructSecretProvider(240)) - Unable to initialize FileSignerSecretProvider, falling back to use random secrets.
2019-10-01 03:06:59,932 [main] WARN  http.HttpRequestLog (HttpRequestLog.java:getRequestLog(97)) - Jetty request log can only be enabled using Log4j
2019-10-01 03:06:59,934 [main] INFO  http.HttpServer2 (HttpServer2.java:addGlobalFilter(975)) - Added global filter 'safety' (class=org.apache.hadoop.http.HttpServer2$QuotingInputFilter)
2019-10-01 03:06:59,934 [main] INFO  http.HttpServer2 (HttpServer2.java:addFilter(948)) - Added filter static_user_filter (class=org.apache.hadoop.http.lib.StaticUserWebFilter$StaticUserFilter) to context scm
2019-10-01 03:06:59,934 [main] INFO  http.HttpServer2 (HttpServer2.java:addFilter(958)) - Added filter static_user_filter (class=org.apache.hadoop.http.lib.StaticUserWebFilter$StaticUserFilter) to context logs
2019-10-01 03:06:59,935 [main] INFO  http.HttpServer2 (HttpServer2.java:addFilter(958)) - Added filter static_user_filter (class=org.apache.hadoop.http.lib.StaticUserWebFilter$StaticUserFilter) to context static
2019-10-01 03:06:59,936 [main] INFO  server.StorageContainerManager (StorageContainerManager.java:start(770)) - StorageContainerLocationProtocol RPC server is listening at /0.0.0.0:38526
2019-10-01 03:06:59,939 [main] WARN  impl.MetricsConfig (MetricsConfig.java:loadFirst(134)) - Cannot locate configuration: tried hadoop-metrics2-storagecontainermanager.properties,hadoop-metrics2.properties
2019-10-01 03:06:59,940 [main] INFO  impl.MetricsSystemImpl (MetricsSystemImpl.java:startTimer(374)) - Scheduled Metric snapshot period at 10 second(s).
2019-10-01 03:06:59,940 [main] INFO  impl.MetricsSystemImpl (MetricsSystemImpl.java:start(191)) - StorageContainerManager metrics system started
2019-10-01 03:07:00,027 [main] WARN  impl.MetricsSystemImpl (MetricsSystemImpl.java:register(276)) - Sink prometheus already exists!
2019-10-01 03:07:00,661 [main] INFO  server.SCMClientProtocolServer (SCMClientProtocolServer.java:start(150)) - RPC server for Client  is listening at /0.0.0.0:38526
2019-10-01 03:07:00,662 [IPC Server Responder] INFO  ipc.Server (Server.java:run(1314)) - IPC Server Responder: starting
2019-10-01 03:07:00,662 [IPC Server listener on 38526] INFO  ipc.Server (Server.java:run(1153)) - IPC Server listener on 38526: starting
2019-10-01 03:07:00,667 [main] INFO  server.StorageContainerManager (StorageContainerManager.java:start(780)) - ScmBlockLocationProtocol RPC server is listening at /0.0.0.0:40588
2019-10-01 03:07:00,667 [main] INFO  server.SCMBlockProtocolServer (SCMBlockProtocolServer.java:start(146)) - RPC server for Block Protocol is listening at /0.0.0.0:40588
2019-10-01 03:07:00,667 [IPC Server Responder] INFO  ipc.Server (Server.java:run(1314)) - IPC Server Responder: starting
2019-10-01 03:07:00,669 [IPC Server listener on 40588] INFO  ipc.Server (Server.java:run(1153)) - IPC Server listener on 40588: starting
2019-10-01 03:07:00,672 [main] INFO  server.StorageContainerManager (StorageContainerManager.java:start(784)) - ScmDatanodeProtocl RPC server is listening at /0.0.0.0:35324
2019-10-01 03:07:00,673 [main] INFO  server.SCMDatanodeProtocolServer (SCMDatanodeProtocolServer.java:start(191)) - RPC server for DataNodes is listening at /0.0.0.0:35324
2019-10-01 03:07:00,673 [IPC Server listener on 35324] INFO  ipc.Server (Server.java:run(1153)) - IPC Server listener on 35324: starting
2019-10-01 03:07:00,673 [IPC Server Responder] INFO  ipc.Server (Server.java:run(1314)) - IPC Server Responder: starting
2019-10-01 03:07:00,677 [main] INFO  http.HttpServer2 (HttpServer2.java:bindListener(1191)) - Jetty bound to port 46814
2019-10-01 03:07:00,677 [main] INFO  server.Server (Server.java:doStart(351)) - jetty-9.3.25.v20180904, build timestamp: 2018-09-04T21:11:46Z, git hash: 3ce520221d0240229c862b122d2b06c12a625732
2019-10-01 03:07:00,679 [main] INFO  handler.ContextHandler (ContextHandler.java:doStart(781)) - Started o.e.j.s.ServletContextHandler@446e7065{/logs,file:///workdir/hadoop-ozone/integration-test/target/log,AVAILABLE}
2019-10-01 03:07:00,679 [main] INFO  handler.ContextHandler (ContextHandler.java:doStart(781)) - Started o.e.j.s.ServletContextHandler@3b78c683{/static,file:///workdir/hadoop-ozone/integration-test/target/test-classes/webapps/static,AVAILABLE}
2019-10-01 03:07:00,683 [main] INFO  handler.ContextHandler (ContextHandler.java:doStart(781)) - Started o.e.j.w.WebAppContext@14fc9bd{/,file:///workdir/hadoop-ozone/integration-test/target/test-classes/webapps/scm/,AVAILABLE}{/scm}
2019-10-01 03:07:00,684 [main] INFO  server.AbstractConnector (AbstractConnector.java:doStart(278)) - Started ServerConnector@7ed49a7f{HTTP/1.1,[http/1.1]}{0.0.0.0:46814}
2019-10-01 03:07:00,685 [main] INFO  server.Server (Server.java:doStart(419)) - Started @161949ms
2019-10-01 03:07:00,685 [main] WARN  impl.MetricsSystemImpl (MetricsSystemImpl.java:register(276)) - Sink prometheus already exists!
2019-10-01 03:07:00,686 [main] INFO  server.BaseHttpServer (BaseHttpServer.java:updateConnectorAddress(215)) - HTTP server of SCM is listening at http://0.0.0.0:46814
2019-10-01 03:07:00,686 [main] WARN  server.ServerUtils (ServerUtils.java:getDBPath(222)) - ozone.om.db.dirs is not configured. We recommend adding this setting. Falling back to ozone.metadata.dirs instead.
2019-10-01 03:07:00,687 [org.apache.hadoop.util.JvmPauseMonitor$Monitor@443cdaa4] INFO  util.JvmPauseMonitor (JvmPauseMonitor.java:run(188)) - Starting JVM pause monitor
2019-10-01 03:07:00,701 [main] WARN  server.ServerUtils (ServerUtils.java:getDBPath(222)) - ozone.om.db.dirs is not configured. We recommend adding this setting. Falling back to ozone.metadata.dirs instead.
2019-10-01 03:07:00,701 [main] WARN  server.ServerUtils (ServerUtils.java:getDBPath(222)) - ozone.om.db.dirs is not configured. We recommend adding this setting. Falling back to ozone.metadata.dirs instead.
2019-10-01 03:07:00,701 [main] INFO  om.OzoneManager (OzoneManager.java:setOMNodeDetails(652)) - OM Service ID is not set. Setting it to the default ID: omServiceIdDefault
2019-10-01 03:07:00,701 [main] INFO  om.OzoneManager (OzoneManager.java:setOMNodeDetails(658)) - OM Node ID is not set. Setting it to the OmStorage's OmID: 4fef1088-e7d2-40d3-92f9-adc63f138a32
2019-10-01 03:07:00,702 [main] INFO  om.OzoneManager (OzoneManager.java:loadOMHAConfigs(609)) - Found matching OM address with OMServiceId: null, OMNodeId: null, RPC Address: localhost:0 and Ratis port: 9872
2019-10-01 03:07:00,708 [main] WARN  server.ServerUtils (ServerUtils.java:getDBPath(222)) - ozone.om.db.dirs is not configured. We recommend adding this setting. Falling back to ozone.metadata.dirs instead.
2019-10-01 03:07:00,709 [main] INFO  db.DBStoreBuilder (DBStoreBuilder.java:addTable(110)) - using custom profile for table: userTable
2019-10-01 03:07:00,709 [main] INFO  db.DBStoreBuilder (DBStoreBuilder.java:processTables(161)) - Using default column profile:DBProfile.DISK for Table:userTable
2019-10-01 03:07:00,709 [main] INFO  db.DBStoreBuilder (DBStoreBuilder.java:addTable(110)) - using custom profile for table: volumeTable
2019-10-01 03:07:00,709 [main] INFO  db.DBStoreBuilder (DBStoreBuilder.java:processTables(161)) - Using default column profile:DBProfile.DISK for Table:volumeTable
2019-10-01 03:07:00,709 [main] INFO  db.DBStoreBuilder (DBStoreBuilder.java:addTable(110)) - using custom profile for table: bucketTable
2019-10-01 03:07:00,710 [main] INFO  db.DBStoreBuilder (DBStoreBuilder.java:processTables(161)) - Using default column profile:DBProfile.DISK for Table:bucketTable
2019-10-01 03:07:00,710 [main] INFO  db.DBStoreBuilder (DBStoreBuilder.java:addTable(110)) - using custom profile for table: keyTable
2019-10-01 03:07:00,710 [main] INFO  db.DBStoreBuilder (DBStoreBuilder.java:processTables(161)) - Using default column profile:DBProfile.DISK for Table:keyTable
2019-10-01 03:07:00,710 [main] INFO  db.DBStoreBuilder (DBStoreBuilder.java:addTable(110)) - using custom profile for table: deletedTable
2019-10-01 03:07:00,710 [main] INFO  db.DBStoreBuilder (DBStoreBuilder.java:processTables(161)) - Using default column profile:DBProfile.DISK for Table:deletedTable
2019-10-01 03:07:00,711 [main] INFO  db.DBStoreBuilder (DBStoreBuilder.java:addTable(110)) - using custom profile for table: openKeyTable
2019-10-01 03:07:00,711 [main] INFO  db.DBStoreBuilder (DBStoreBuilder.java:processTables(161)) - Using default column profile:DBProfile.DISK for Table:openKeyTable
2019-10-01 03:07:00,711 [main] INFO  db.DBStoreBuilder (DBStoreBuilder.java:addTable(110)) - using custom profile for table: s3Table
2019-10-01 03:07:00,711 [main] INFO  db.DBStoreBuilder (DBStoreBuilder.java:processTables(161)) - Using default column profile:DBProfile.DISK for Table:s3Table
2019-10-01 03:07:00,711 [main] INFO  db.DBStoreBuilder (DBStoreBuilder.java:addTable(110)) - using custom profile for table: multipartInfoTable
2019-10-01 03:07:00,711 [main] INFO  db.DBStoreBuilder (DBStoreBuilder.java:processTables(161)) - Using default column profile:DBProfile.DISK for Table:multipartInfoTable
2019-10-01 03:07:00,712 [main] INFO  db.DBStoreBuilder (DBStoreBuilder.java:addTable(110)) - using custom profile for table: dTokenTable
2019-10-01 03:07:00,712 [main] INFO  db.DBStoreBuilder (DBStoreBuilder.java:processTables(161)) - Using default column profile:DBProfile.DISK for Table:dTokenTable
2019-10-01 03:07:00,712 [main] INFO  db.DBStoreBuilder (DBStoreBuilder.java:addTable(110)) - using custom profile for table: s3SecretTable
2019-10-01 03:07:00,712 [main] INFO  db.DBStoreBuilder (DBStoreBuilder.java:processTables(161)) - Using default column profile:DBProfile.DISK for Table:s3SecretTable
2019-10-01 03:07:00,712 [main] INFO  db.DBStoreBuilder (DBStoreBuilder.java:addTable(110)) - using custom profile for table: prefixTable
2019-10-01 03:07:00,713 [main] INFO  db.DBStoreBuilder (DBStoreBuilder.java:processTables(161)) - Using default column profile:DBProfile.DISK for Table:prefixTable
2019-10-01 03:07:00,713 [main] INFO  db.DBStoreBuilder (DBStoreBuilder.java:addTable(110)) - using custom profile for table: default
2019-10-01 03:07:00,713 [main] INFO  db.DBStoreBuilder (DBStoreBuilder.java:processTables(167)) - Using default column profile:DBProfile.DISK for Table:default
2019-10-01 03:07:00,713 [main] INFO  db.DBStoreBuilder (DBStoreBuilder.java:getDbProfile(198)) - Using default options. DBProfile.DISK
2019-10-01 03:07:01,115 [main] INFO  ipc.CallQueueManager (CallQueueManager.java:<init>(84)) - Using callQueue: class java.util.concurrent.LinkedBlockingQueue, queueCapacity: 2000, scheduler: class org.apache.hadoop.ipc.DefaultRpcScheduler, ipcBackoff: false.
2019-10-01 03:07:01,116 [Socket Reader #1 for port 43026] INFO  ipc.Server (Server.java:run(1074)) - Starting Socket Reader #1 for port 43026
2019-10-01 03:07:01,132 [main] INFO  om.OzoneManager (OzoneManager.java:start(1243)) - OzoneManager RPC server is listening at localhost/127.0.0.1:43026
2019-10-01 03:07:01,133 [main] INFO  impl.MetricsSystemImpl (MetricsSystemImpl.java:init(158)) - OzoneManager metrics system started (again)
2019-10-01 03:07:01,136 [IPC Server Responder] INFO  ipc.Server (Server.java:run(1314)) - IPC Server Responder: starting
2019-10-01 03:07:01,136 [IPC Server listener on 43026] INFO  ipc.Server (Server.java:run(1153)) - IPC Server listener on 43026: starting
2019-10-01 03:07:01,142 [main] INFO  hdfs.DFSUtil (DFSUtil.java:httpServerTemplateForNNAndJN(1641)) - Starting Web-server for ozoneManager at: http://0.0.0.0:0
2019-10-01 03:07:01,143 [main] INFO  server.AuthenticationFilter (AuthenticationFilter.java:constructSecretProvider(240)) - Unable to initialize FileSignerSecretProvider, falling back to use random secrets.
2019-10-01 03:07:01,143 [main] WARN  http.HttpRequestLog (HttpRequestLog.java:getRequestLog(97)) - Jetty request log can only be enabled using Log4j
2019-10-01 03:07:01,145 [main] INFO  http.HttpServer2 (HttpServer2.java:addGlobalFilter(975)) - Added global filter 'safety' (class=org.apache.hadoop.http.HttpServer2$QuotingInputFilter)
2019-10-01 03:07:01,146 [main] INFO  http.HttpServer2 (HttpServer2.java:addFilter(948)) - Added filter static_user_filter (class=org.apache.hadoop.http.lib.StaticUserWebFilter$StaticUserFilter) to context ozoneManager
2019-10-01 03:07:01,146 [main] INFO  http.HttpServer2 (HttpServer2.java:addFilter(958)) - Added filter static_user_filter (class=org.apache.hadoop.http.lib.StaticUserWebFilter$StaticUserFilter) to context static
2019-10-01 03:07:01,146 [main] INFO  http.HttpServer2 (HttpServer2.java:addFilter(958)) - Added filter static_user_filter (class=org.apache.hadoop.http.lib.StaticUserWebFilter$StaticUserFilter) to context logs
2019-10-01 03:07:01,146 [main] INFO  http.HttpServer2 (HttpServer2.java:bindListener(1191)) - Jetty bound to port 32864
2019-10-01 03:07:01,147 [main] INFO  server.Server (Server.java:doStart(351)) - jetty-9.3.25.v20180904, build timestamp: 2018-09-04T21:11:46Z, git hash: 3ce520221d0240229c862b122d2b06c12a625732
2019-10-01 03:07:01,148 [main] INFO  handler.ContextHandler (ContextHandler.java:doStart(781)) - Started o.e.j.s.ServletContextHandler@30922f8d{/logs,file:///workdir/hadoop-ozone/integration-test/target/log,AVAILABLE}
2019-10-01 03:07:01,149 [main] INFO  handler.ContextHandler (ContextHandler.java:doStart(781)) - Started o.e.j.s.ServletContextHandler@51ff3c4b{/static,file:///workdir/hadoop-ozone/integration-test/target/test-classes/webapps/static,AVAILABLE}
2019-10-01 03:07:01,153 [main] INFO  handler.ContextHandler (ContextHandler.java:doStart(781)) - Started o.e.j.w.WebAppContext@5f395ce1{/,file:///workdir/hadoop-ozone/integration-test/target/test-classes/webapps/ozoneManager/,AVAILABLE}{/ozoneManager}
2019-10-01 03:07:01,153 [main] INFO  server.AbstractConnector (AbstractConnector.java:doStart(278)) - Started ServerConnector@19f02280{HTTP/1.1,[http/1.1]}{0.0.0.0:32864}
2019-10-01 03:07:01,154 [main] INFO  server.Server (Server.java:doStart(419)) - Started @162418ms
2019-10-01 03:07:01,154 [main] WARN  impl.MetricsSystemImpl (MetricsSystemImpl.java:register(276)) - Sink prometheus already exists!
2019-10-01 03:07:01,155 [main] INFO  server.BaseHttpServer (BaseHttpServer.java:updateConnectorAddress(215)) - HTTP server of OZONEMANAGER is listening at http://0.0.0.0:32864
2019-10-01 03:07:01,176 [main] INFO  impl.MetricsSystemImpl (MetricsSystemImpl.java:init(158)) - HddsDatanode metrics system started (again)
2019-10-01 03:07:01,181 [main] INFO  ozone.HddsDatanodeService (HddsDatanodeService.java:start(184)) - HddsDatanodeService host:pr-hdds-1984-zmhd5-2369693365 ip:192.168.151.109
2019-10-01 03:07:01,188 [main] INFO  volume.HddsVolume (HddsVolume.java:<init>(176)) - Creating Volume: /workdir/hadoop-ozone/integration-test/target/test-dir/MiniOzoneClusterImpl-6e28ac15-3a1e-4d59-8f42-f38d89fb0b8d/datanode-0/data/containers/hdds of  storage type : DISK and capacity : 1482555576320
2019-10-01 03:07:01,188 [main] INFO  volume.VolumeSet (VolumeSet.java:initializeVolumeSet(170)) - Added Volume : /workdir/hadoop-ozone/integration-test/target/test-dir/MiniOzoneClusterImpl-6e28ac15-3a1e-4d59-8f42-f38d89fb0b8d/datanode-0/data/containers/hdds to VolumeSet
2019-10-01 03:07:01,189 [main] INFO  volume.ThrottledAsyncChecker (ThrottledAsyncChecker.java:schedule(139)) - Scheduling a check for org.apache.hadoop.ozone.container.common.volume.HddsVolume@15214920
2019-10-01 03:07:01,189 [main] INFO  volume.HddsVolumeChecker (HddsVolumeChecker.java:checkAllVolumes(202)) - Scheduled health check for volume org.apache.hadoop.ozone.container.common.volume.HddsVolume@15214920
2019-10-01 03:07:01,206 [main] INFO  impl.RaftServerProxy (ConfUtils.java:logGet(43)) - raft.rpc.type = GRPC (default)
2019-10-01 03:07:01,207 [main] INFO  grpc.GrpcFactory (GrpcFactory.java:checkPooledByteBufAllocatorUseCacheForAllThreads(45)) - PERFORMANCE WARNING: useCacheForAllThreads is true that may cause Netty to create a lot garbage objects and, as a result, trigger GC.
	It is recommended to disable useCacheForAllThreads by setting -Dorg.apache.ratis.thirdparty.io.netty.allocator.useCacheForAllThreads=false in command line.
2019-10-01 03:07:01,207 [main] INFO  grpc.GrpcConfigKeys$Server (ConfUtils.java:logGet(43)) - raft.grpc.server.port = 0 (default)
2019-10-01 03:07:01,207 [main] INFO  server.GrpcService (ConfUtils.java:logGet(43)) - raft.grpc.message.size.max = 33570816 (custom)
2019-10-01 03:07:01,207 [main] INFO  server.RaftServerConfigKeys (ConfUtils.java:logGet(43)) - raft.server.log.appender.buffer.byte-limit = 33554432 (custom)
2019-10-01 03:07:01,208 [main] INFO  server.GrpcService (ConfUtils.java:logGet(43)) - raft.grpc.flow.control.window = 1MB (=1048576) (default)
2019-10-01 03:07:01,208 [main] INFO  server.RaftServerConfigKeys (ConfUtils.java:logGet(43)) - raft.server.rpc.request.timeout = 3000ms (default)
2019-10-01 03:07:01,209 [main] INFO  server.RaftServerConfigKeys (ConfUtils.java:logGet(43)) - raft.server.storage.dir = [/workdir/hadoop-ozone/integration-test/target/test-dir/MiniOzoneClusterImpl-6e28ac15-3a1e-4d59-8f42-f38d89fb0b8d/datanode-0/data/ratis] (custom)
2019-10-01 03:07:01,210 [main] INFO  hdfs.DFSUtil (DFSUtil.java:httpServerTemplateForNNAndJN(1641)) - Starting Web-server for hddsDatanode at: http://0.0.0.0:0
2019-10-01 03:07:01,211 [main] INFO  server.AuthenticationFilter (AuthenticationFilter.java:constructSecretProvider(240)) - Unable to initialize FileSignerSecretProvider, falling back to use random secrets.
2019-10-01 03:07:01,212 [main] WARN  http.HttpRequestLog (HttpRequestLog.java:getRequestLog(97)) - Jetty request log can only be enabled using Log4j
2019-10-01 03:07:01,213 [main] INFO  http.HttpServer2 (HttpServer2.java:addGlobalFilter(975)) - Added global filter 'safety' (class=org.apache.hadoop.http.HttpServer2$QuotingInputFilter)
2019-10-01 03:07:01,214 [main] INFO  http.HttpServer2 (HttpServer2.java:addFilter(948)) - Added filter static_user_filter (class=org.apache.hadoop.http.lib.StaticUserWebFilter$StaticUserFilter) to context hddsDatanode
2019-10-01 03:07:01,214 [main] INFO  http.HttpServer2 (HttpServer2.java:addFilter(958)) - Added filter static_user_filter (class=org.apache.hadoop.http.lib.StaticUserWebFilter$StaticUserFilter) to context logs
2019-10-01 03:07:01,214 [main] INFO  http.HttpServer2 (HttpServer2.java:addFilter(958)) - Added filter static_user_filter (class=org.apache.hadoop.http.lib.StaticUserWebFilter$StaticUserFilter) to context static
2019-10-01 03:07:01,215 [main] INFO  http.HttpServer2 (HttpServer2.java:bindListener(1191)) - Jetty bound to port 46268
2019-10-01 03:07:01,215 [main] INFO  server.Server (Server.java:doStart(351)) - jetty-9.3.25.v20180904, build timestamp: 2018-09-04T21:11:46Z, git hash: 3ce520221d0240229c862b122d2b06c12a625732
2019-10-01 03:07:01,216 [main] INFO  handler.ContextHandler (ContextHandler.java:doStart(781)) - Started o.e.j.s.ServletContextHandler@35145874{/logs,file:///workdir/hadoop-ozone/integration-test/target/log,AVAILABLE}
2019-10-01 03:07:01,217 [main] INFO  handler.ContextHandler (ContextHandler.java:doStart(781)) - Started o.e.j.s.ServletContextHandler@11df2829{/static,jar:file:/home/user/.m2/repository/org/apache/hadoop/hadoop-hdds-container-service/0.5.0-SNAPSHOT/hadoop-hdds-container-service-0.5.0-SNAPSHOT.jar!/webapps/static,AVAILABLE}
2019-10-01 03:07:01,249 [main] INFO  handler.ContextHandler (ContextHandler.java:doStart(781)) - Started o.e.j.w.WebAppContext@8fcc534{/,file:///tmp/jetty-0.0.0.0-46268-hddsDatanode-_-any-7141378775973022486.dir/webapp/,AVAILABLE}{/hddsDatanode}
2019-10-01 03:07:01,250 [main] INFO  server.AbstractConnector (AbstractConnector.java:doStart(278)) - Started ServerConnector@5e599100{HTTP/1.1,[http/1.1]}{0.0.0.0:46268}
2019-10-01 03:07:01,251 [main] INFO  server.Server (Server.java:doStart(419)) - Started @162516ms
2019-10-01 03:07:01,252 [main] WARN  impl.MetricsSystemImpl (MetricsSystemImpl.java:register(276)) - Sink prometheus already exists!
2019-10-01 03:07:01,252 [main] INFO  server.BaseHttpServer (BaseHttpServer.java:updateConnectorAddress(215)) - HTTP server of HDDSDATANODE is listening at http://0.0.0.0:46268
2019-10-01 03:07:01,252 [main] INFO  impl.MetricsSystemImpl (MetricsSystemImpl.java:init(158)) - HddsDatanode metrics system started (again)
2019-10-01 03:07:01,257 [org.apache.hadoop.util.JvmPauseMonitor$Monitor@687ea299] INFO  util.JvmPauseMonitor (JvmPauseMonitor.java:run(188)) - Starting JVM pause monitor
2019-10-01 03:07:01,257 [main] INFO  ozone.HddsDatanodeService (HddsDatanodeService.java:start(184)) - HddsDatanodeService host:pr-hdds-1984-zmhd5-2369693365 ip:192.168.151.109
2019-10-01 03:07:01,260 [Datanode State Machine Thread - 0] INFO  datanode.InitDatanodeState (InitDatanodeState.java:persistContainerDatanodeDetails(140)) - DatanodeDetails is persisted to /workdir/hadoop-ozone/integration-test/target/test-dir/MiniOzoneClusterImpl-6e28ac15-3a1e-4d59-8f42-f38d89fb0b8d/datanode-0/meta/datanode.id
2019-10-01 03:07:01,264 [main] INFO  volume.HddsVolume (HddsVolume.java:<init>(176)) - Creating Volume: /workdir/hadoop-ozone/integration-test/target/test-dir/MiniOzoneClusterImpl-6e28ac15-3a1e-4d59-8f42-f38d89fb0b8d/datanode-1/data/containers/hdds of  storage type : DISK and capacity : 1482555576320
2019-10-01 03:07:01,264 [main] INFO  volume.VolumeSet (VolumeSet.java:initializeVolumeSet(170)) - Added Volume : /workdir/hadoop-ozone/integration-test/target/test-dir/MiniOzoneClusterImpl-6e28ac15-3a1e-4d59-8f42-f38d89fb0b8d/datanode-1/data/containers/hdds to VolumeSet
2019-10-01 03:07:01,265 [main] INFO  volume.ThrottledAsyncChecker (ThrottledAsyncChecker.java:schedule(139)) - Scheduling a check for org.apache.hadoop.ozone.container.common.volume.HddsVolume@13250132
2019-10-01 03:07:01,265 [main] INFO  volume.HddsVolumeChecker (HddsVolumeChecker.java:checkAllVolumes(202)) - Scheduled health check for volume org.apache.hadoop.ozone.container.common.volume.HddsVolume@13250132
2019-10-01 03:07:01,280 [main] INFO  impl.RaftServerProxy (ConfUtils.java:logGet(43)) - raft.rpc.type = GRPC (default)
2019-10-01 03:07:01,280 [main] INFO  grpc.GrpcFactory (GrpcFactory.java:checkPooledByteBufAllocatorUseCacheForAllThreads(45)) - PERFORMANCE WARNING: useCacheForAllThreads is true that may cause Netty to create a lot garbage objects and, as a result, trigger GC.
	It is recommended to disable useCacheForAllThreads by setting -Dorg.apache.ratis.thirdparty.io.netty.allocator.useCacheForAllThreads=false in command line.
2019-10-01 03:07:01,280 [main] INFO  grpc.GrpcConfigKeys$Server (ConfUtils.java:logGet(43)) - raft.grpc.server.port = 0 (default)
2019-10-01 03:07:01,281 [main] INFO  server.GrpcService (ConfUtils.java:logGet(43)) - raft.grpc.message.size.max = 33570816 (custom)
2019-10-01 03:07:01,281 [main] INFO  server.RaftServerConfigKeys (ConfUtils.java:logGet(43)) - raft.server.log.appender.buffer.byte-limit = 33554432 (custom)
2019-10-01 03:07:01,281 [main] INFO  server.GrpcService (ConfUtils.java:logGet(43)) - raft.grpc.flow.control.window = 1MB (=1048576) (default)
2019-10-01 03:07:01,281 [main] INFO  server.RaftServerConfigKeys (ConfUtils.java:logGet(43)) - raft.server.rpc.request.timeout = 3000ms (default)
2019-10-01 03:07:01,282 [main] INFO  server.RaftServerConfigKeys (ConfUtils.java:logGet(43)) - raft.server.storage.dir = [/workdir/hadoop-ozone/integration-test/target/test-dir/MiniOzoneClusterImpl-6e28ac15-3a1e-4d59-8f42-f38d89fb0b8d/datanode-1/data/ratis] (custom)
2019-10-01 03:07:01,283 [main] INFO  hdfs.DFSUtil (DFSUtil.java:httpServerTemplateForNNAndJN(1641)) - Starting Web-server for hddsDatanode at: http://0.0.0.0:0
2019-10-01 03:07:01,285 [main] INFO  server.AuthenticationFilter (AuthenticationFilter.java:constructSecretProvider(240)) - Unable to initialize FileSignerSecretProvider, falling back to use random secrets.
2019-10-01 03:07:01,285 [main] WARN  http.HttpRequestLog (HttpRequestLog.java:getRequestLog(97)) - Jetty request log can only be enabled using Log4j
2019-10-01 03:07:01,286 [main] INFO  http.HttpServer2 (HttpServer2.java:addGlobalFilter(975)) - Added global filter 'safety' (class=org.apache.hadoop.http.HttpServer2$QuotingInputFilter)
2019-10-01 03:07:01,287 [main] INFO  http.HttpServer2 (HttpServer2.java:addFilter(948)) - Added filter static_user_filter (class=org.apache.hadoop.http.lib.StaticUserWebFilter$StaticUserFilter) to context hddsDatanode
2019-10-01 03:07:01,287 [main] INFO  http.HttpServer2 (HttpServer2.java:addFilter(958)) - Added filter static_user_filter (class=org.apache.hadoop.http.lib.StaticUserWebFilter$StaticUserFilter) to context logs
2019-10-01 03:07:01,287 [main] INFO  http.HttpServer2 (HttpServer2.java:addFilter(958)) - Added filter static_user_filter (class=org.apache.hadoop.http.lib.StaticUserWebFilter$StaticUserFilter) to context static
2019-10-01 03:07:01,288 [main] INFO  http.HttpServer2 (HttpServer2.java:bindListener(1191)) - Jetty bound to port 37788
2019-10-01 03:07:01,288 [main] INFO  server.Server (Server.java:doStart(351)) - jetty-9.3.25.v20180904, build timestamp: 2018-09-04T21:11:46Z, git hash: 3ce520221d0240229c862b122d2b06c12a625732
2019-10-01 03:07:01,290 [main] INFO  handler.ContextHandler (ContextHandler.java:doStart(781)) - Started o.e.j.s.ServletContextHandler@5db3d57c{/logs,file:///workdir/hadoop-ozone/integration-test/target/log,AVAILABLE}
2019-10-01 03:07:01,290 [main] INFO  handler.ContextHandler (ContextHandler.java:doStart(781)) - Started o.e.j.s.ServletContextHandler@74ba6ff5{/static,jar:file:/home/user/.m2/repository/org/apache/hadoop/hadoop-hdds-container-service/0.5.0-SNAPSHOT/hadoop-hdds-container-service-0.5.0-SNAPSHOT.jar!/webapps/static,AVAILABLE}
2019-10-01 03:07:01,326 [main] INFO  handler.ContextHandler (ContextHandler.java:doStart(781)) - Started o.e.j.w.WebAppContext@25791d40{/,file:///tmp/jetty-0.0.0.0-37788-hddsDatanode-_-any-3825431651972996756.dir/webapp/,AVAILABLE}{/hddsDatanode}
2019-10-01 03:07:01,327 [main] INFO  server.AbstractConnector (AbstractConnector.java:doStart(278)) - Started ServerConnector@448c92fc{HTTP/1.1,[http/1.1]}{0.0.0.0:37788}
2019-10-01 03:07:01,329 [main] INFO  server.Server (Server.java:doStart(419)) - Started @162594ms
2019-10-01 03:07:01,330 [main] WARN  impl.MetricsSystemImpl (MetricsSystemImpl.java:register(276)) - Sink prometheus already exists!
2019-10-01 03:07:01,331 [main] INFO  server.BaseHttpServer (BaseHttpServer.java:updateConnectorAddress(215)) - HTTP server of HDDSDATANODE is listening at http://0.0.0.0:37788
2019-10-01 03:07:01,331 [main] INFO  impl.MetricsSystemImpl (MetricsSystemImpl.java:init(158)) - HddsDatanode metrics system started (again)
2019-10-01 03:07:01,336 [org.apache.hadoop.util.JvmPauseMonitor$Monitor@5c69248a] INFO  util.JvmPauseMonitor (JvmPauseMonitor.java:run(188)) - Starting JVM pause monitor
2019-10-01 03:07:01,336 [main] INFO  ozone.HddsDatanodeService (HddsDatanodeService.java:start(184)) - HddsDatanodeService host:pr-hdds-1984-zmhd5-2369693365 ip:192.168.151.109
2019-10-01 03:07:01,337 [Datanode State Machine Thread - 0] INFO  datanode.InitDatanodeState (InitDatanodeState.java:persistContainerDatanodeDetails(140)) - DatanodeDetails is persisted to /workdir/hadoop-ozone/integration-test/target/test-dir/MiniOzoneClusterImpl-6e28ac15-3a1e-4d59-8f42-f38d89fb0b8d/datanode-1/meta/datanode.id
2019-10-01 03:07:01,343 [main] INFO  volume.HddsVolume (HddsVolume.java:<init>(176)) - Creating Volume: /workdir/hadoop-ozone/integration-test/target/test-dir/MiniOzoneClusterImpl-6e28ac15-3a1e-4d59-8f42-f38d89fb0b8d/datanode-2/data/containers/hdds of  storage type : DISK and capacity : 1482555576320
2019-10-01 03:07:01,343 [main] INFO  volume.VolumeSet (VolumeSet.java:initializeVolumeSet(170)) - Added Volume : /workdir/hadoop-ozone/integration-test/target/test-dir/MiniOzoneClusterImpl-6e28ac15-3a1e-4d59-8f42-f38d89fb0b8d/datanode-2/data/containers/hdds to VolumeSet
2019-10-01 03:07:01,343 [main] INFO  volume.ThrottledAsyncChecker (ThrottledAsyncChecker.java:schedule(139)) - Scheduling a check for org.apache.hadoop.ozone.container.common.volume.HddsVolume@1efac5b9
2019-10-01 03:07:01,344 [main] INFO  volume.HddsVolumeChecker (HddsVolumeChecker.java:checkAllVolumes(202)) - Scheduled health check for volume org.apache.hadoop.ozone.container.common.volume.HddsVolume@1efac5b9
2019-10-01 03:07:01,360 [main] INFO  impl.RaftServerProxy (ConfUtils.java:logGet(43)) - raft.rpc.type = GRPC (default)
2019-10-01 03:07:01,360 [main] INFO  grpc.GrpcFactory (GrpcFactory.java:checkPooledByteBufAllocatorUseCacheForAllThreads(45)) - PERFORMANCE WARNING: useCacheForAllThreads is true that may cause Netty to create a lot garbage objects and, as a result, trigger GC.
	It is recommended to disable useCacheForAllThreads by setting -Dorg.apache.ratis.thirdparty.io.netty.allocator.useCacheForAllThreads=false in command line.
2019-10-01 03:07:01,360 [main] INFO  grpc.GrpcConfigKeys$Server (ConfUtils.java:logGet(43)) - raft.grpc.server.port = 0 (default)
2019-10-01 03:07:01,361 [main] INFO  server.GrpcService (ConfUtils.java:logGet(43)) - raft.grpc.message.size.max = 33570816 (custom)
2019-10-01 03:07:01,361 [main] INFO  server.RaftServerConfigKeys (ConfUtils.java:logGet(43)) - raft.server.log.appender.buffer.byte-limit = 33554432 (custom)
2019-10-01 03:07:01,361 [main] INFO  server.GrpcService (ConfUtils.java:logGet(43)) - raft.grpc.flow.control.window = 1MB (=1048576) (default)
2019-10-01 03:07:01,361 [main] INFO  server.RaftServerConfigKeys (ConfUtils.java:logGet(43)) - raft.server.rpc.request.timeout = 3000ms (default)
2019-10-01 03:07:01,362 [main] INFO  server.RaftServerConfigKeys (ConfUtils.java:logGet(43)) - raft.server.storage.dir = [/workdir/hadoop-ozone/integration-test/target/test-dir/MiniOzoneClusterImpl-6e28ac15-3a1e-4d59-8f42-f38d89fb0b8d/datanode-2/data/ratis] (custom)
2019-10-01 03:07:01,363 [main] INFO  hdfs.DFSUtil (DFSUtil.java:httpServerTemplateForNNAndJN(1641)) - Starting Web-server for hddsDatanode at: http://0.0.0.0:0
2019-10-01 03:07:01,365 [main] INFO  server.AuthenticationFilter (AuthenticationFilter.java:constructSecretProvider(240)) - Unable to initialize FileSignerSecretProvider, falling back to use random secrets.
2019-10-01 03:07:01,365 [main] WARN  http.HttpRequestLog (HttpRequestLog.java:getRequestLog(97)) - Jetty request log can only be enabled using Log4j
2019-10-01 03:07:01,366 [main] INFO  http.HttpServer2 (HttpServer2.java:addGlobalFilter(975)) - Added global filter 'safety' (class=org.apache.hadoop.http.HttpServer2$QuotingInputFilter)
2019-10-01 03:07:01,367 [main] INFO  http.HttpServer2 (HttpServer2.java:addFilter(948)) - Added filter static_user_filter (class=org.apache.hadoop.http.lib.StaticUserWebFilter$StaticUserFilter) to context hddsDatanode
2019-10-01 03:07:01,367 [main] INFO  http.HttpServer2 (HttpServer2.java:addFilter(958)) - Added filter static_user_filter (class=org.apache.hadoop.http.lib.StaticUserWebFilter$StaticUserFilter) to context logs
2019-10-01 03:07:01,367 [main] INFO  http.HttpServer2 (HttpServer2.java:addFilter(958)) - Added filter static_user_filter (class=org.apache.hadoop.http.lib.StaticUserWebFilter$StaticUserFilter) to context static
2019-10-01 03:07:01,368 [main] INFO  http.HttpServer2 (HttpServer2.java:bindListener(1191)) - Jetty bound to port 36147
2019-10-01 03:07:01,368 [main] INFO  server.Server (Server.java:doStart(351)) - jetty-9.3.25.v20180904, build timestamp: 2018-09-04T21:11:46Z, git hash: 3ce520221d0240229c862b122d2b06c12a625732
2019-10-01 03:07:01,370 [main] INFO  handler.ContextHandler (ContextHandler.java:doStart(781)) - Started o.e.j.s.ServletContextHandler@1b37fbec{/logs,file:///workdir/hadoop-ozone/integration-test/target/log,AVAILABLE}
2019-10-01 03:07:01,370 [main] INFO  handler.ContextHandler (ContextHandler.java:doStart(781)) - Started o.e.j.s.ServletContextHandler@bb3ecfe{/static,jar:file:/home/user/.m2/repository/org/apache/hadoop/hadoop-hdds-container-service/0.5.0-SNAPSHOT/hadoop-hdds-container-service-0.5.0-SNAPSHOT.jar!/webapps/static,AVAILABLE}
2019-10-01 03:07:01,413 [main] INFO  handler.ContextHandler (ContextHandler.java:doStart(781)) - Started o.e.j.w.WebAppContext@76cdafa3{/,file:///tmp/jetty-0.0.0.0-36147-hddsDatanode-_-any-692753930578222902.dir/webapp/,AVAILABLE}{/hddsDatanode}
2019-10-01 03:07:01,414 [main] INFO  server.AbstractConnector (AbstractConnector.java:doStart(278)) - Started ServerConnector@6b27b2d0{HTTP/1.1,[http/1.1]}{0.0.0.0:36147}
2019-10-01 03:07:01,416 [main] INFO  server.Server (Server.java:doStart(419)) - Started @162680ms
2019-10-01 03:07:01,416 [main] WARN  impl.MetricsSystemImpl (MetricsSystemImpl.java:register(276)) - Sink prometheus already exists!
2019-10-01 03:07:01,417 [main] INFO  server.BaseHttpServer (BaseHttpServer.java:updateConnectorAddress(215)) - HTTP server of HDDSDATANODE is listening at http://0.0.0.0:36147
2019-10-01 03:07:01,417 [main] INFO  impl.MetricsSystemImpl (MetricsSystemImpl.java:init(158)) - HddsDatanode metrics system started (again)
2019-10-01 03:07:01,422 [org.apache.hadoop.util.JvmPauseMonitor$Monitor@7d1e230b] INFO  util.JvmPauseMonitor (JvmPauseMonitor.java:run(188)) - Starting JVM pause monitor
2019-10-01 03:07:01,423 [main] INFO  ozone.HddsDatanodeService (HddsDatanodeService.java:start(184)) - HddsDatanodeService host:pr-hdds-1984-zmhd5-2369693365 ip:192.168.151.109
2019-10-01 03:07:01,423 [Datanode State Machine Thread - 0] INFO  datanode.InitDatanodeState (InitDatanodeState.java:persistContainerDatanodeDetails(140)) - DatanodeDetails is persisted to /workdir/hadoop-ozone/integration-test/target/test-dir/MiniOzoneClusterImpl-6e28ac15-3a1e-4d59-8f42-f38d89fb0b8d/datanode-2/meta/datanode.id
2019-10-01 03:07:01,430 [main] INFO  volume.HddsVolume (HddsVolume.java:<init>(176)) - Creating Volume: /workdir/hadoop-ozone/integration-test/target/test-dir/MiniOzoneClusterImpl-6e28ac15-3a1e-4d59-8f42-f38d89fb0b8d/datanode-3/data/containers/hdds of  storage type : DISK and capacity : 1482555576320
2019-10-01 03:07:01,430 [main] INFO  volume.VolumeSet (VolumeSet.java:initializeVolumeSet(170)) - Added Volume : /workdir/hadoop-ozone/integration-test/target/test-dir/MiniOzoneClusterImpl-6e28ac15-3a1e-4d59-8f42-f38d89fb0b8d/datanode-3/data/containers/hdds to VolumeSet
2019-10-01 03:07:01,430 [main] INFO  volume.ThrottledAsyncChecker (ThrottledAsyncChecker.java:schedule(139)) - Scheduling a check for org.apache.hadoop.ozone.container.common.volume.HddsVolume@111c229c
2019-10-01 03:07:01,431 [main] INFO  volume.HddsVolumeChecker (HddsVolumeChecker.java:checkAllVolumes(202)) - Scheduled health check for volume org.apache.hadoop.ozone.container.common.volume.HddsVolume@111c229c
2019-10-01 03:07:01,446 [main] INFO  impl.RaftServerProxy (ConfUtils.java:logGet(43)) - raft.rpc.type = GRPC (default)
2019-10-01 03:07:01,446 [main] INFO  grpc.GrpcFactory (GrpcFactory.java:checkPooledByteBufAllocatorUseCacheForAllThreads(45)) - PERFORMANCE WARNING: useCacheForAllThreads is true that may cause Netty to create a lot garbage objects and, as a result, trigger GC.
	It is recommended to disable useCacheForAllThreads by setting -Dorg.apache.ratis.thirdparty.io.netty.allocator.useCacheForAllThreads=false in command line.
2019-10-01 03:07:01,446 [main] INFO  grpc.GrpcConfigKeys$Server (ConfUtils.java:logGet(43)) - raft.grpc.server.port = 0 (default)
2019-10-01 03:07:01,446 [main] INFO  server.GrpcService (ConfUtils.java:logGet(43)) - raft.grpc.message.size.max = 33570816 (custom)
2019-10-01 03:07:01,447 [main] INFO  server.RaftServerConfigKeys (ConfUtils.java:logGet(43)) - raft.server.log.appender.buffer.byte-limit = 33554432 (custom)
2019-10-01 03:07:01,447 [main] INFO  server.GrpcService (ConfUtils.java:logGet(43)) - raft.grpc.flow.control.window = 1MB (=1048576) (default)
2019-10-01 03:07:01,447 [main] INFO  server.RaftServerConfigKeys (ConfUtils.java:logGet(43)) - raft.server.rpc.request.timeout = 3000ms (default)
2019-10-01 03:07:01,448 [main] INFO  server.RaftServerConfigKeys (ConfUtils.java:logGet(43)) - raft.server.storage.dir = [/workdir/hadoop-ozone/integration-test/target/test-dir/MiniOzoneClusterImpl-6e28ac15-3a1e-4d59-8f42-f38d89fb0b8d/datanode-3/data/ratis] (custom)
2019-10-01 03:07:01,449 [main] INFO  hdfs.DFSUtil (DFSUtil.java:httpServerTemplateForNNAndJN(1641)) - Starting Web-server for hddsDatanode at: http://0.0.0.0:0
2019-10-01 03:07:01,450 [main] INFO  server.AuthenticationFilter (AuthenticationFilter.java:constructSecretProvider(240)) - Unable to initialize FileSignerSecretProvider, falling back to use random secrets.
2019-10-01 03:07:01,451 [main] WARN  http.HttpRequestLog (HttpRequestLog.java:getRequestLog(97)) - Jetty request log can only be enabled using Log4j
2019-10-01 03:07:01,452 [main] INFO  http.HttpServer2 (HttpServer2.java:addGlobalFilter(975)) - Added global filter 'safety' (class=org.apache.hadoop.http.HttpServer2$QuotingInputFilter)
2019-10-01 03:07:01,453 [main] INFO  http.HttpServer2 (HttpServer2.java:addFilter(948)) - Added filter static_user_filter (class=org.apache.hadoop.http.lib.StaticUserWebFilter$StaticUserFilter) to context hddsDatanode
2019-10-01 03:07:01,453 [main] INFO  http.HttpServer2 (HttpServer2.java:addFilter(958)) - Added filter static_user_filter (class=org.apache.hadoop.http.lib.StaticUserWebFilter$StaticUserFilter) to context static
2019-10-01 03:07:01,453 [main] INFO  http.HttpServer2 (HttpServer2.java:addFilter(958)) - Added filter static_user_filter (class=org.apache.hadoop.http.lib.StaticUserWebFilter$StaticUserFilter) to context logs
2019-10-01 03:07:01,454 [main] INFO  http.HttpServer2 (HttpServer2.java:bindListener(1191)) - Jetty bound to port 34188
2019-10-01 03:07:01,454 [main] INFO  server.Server (Server.java:doStart(351)) - jetty-9.3.25.v20180904, build timestamp: 2018-09-04T21:11:46Z, git hash: 3ce520221d0240229c862b122d2b06c12a625732
2019-10-01 03:07:01,456 [main] INFO  handler.ContextHandler (ContextHandler.java:doStart(781)) - Started o.e.j.s.ServletContextHandler@20440c6c{/logs,file:///workdir/hadoop-ozone/integration-test/target/log,AVAILABLE}
2019-10-01 03:07:01,456 [main] INFO  handler.ContextHandler (ContextHandler.java:doStart(781)) - Started o.e.j.s.ServletContextHandler@560271a1{/static,jar:file:/home/user/.m2/repository/org/apache/hadoop/hadoop-hdds-container-service/0.5.0-SNAPSHOT/hadoop-hdds-container-service-0.5.0-SNAPSHOT.jar!/webapps/static,AVAILABLE}
2019-10-01 03:07:01,486 [main] INFO  handler.ContextHandler (ContextHandler.java:doStart(781)) - Started o.e.j.w.WebAppContext@e62319f{/,file:///tmp/jetty-0.0.0.0-34188-hddsDatanode-_-any-202671346816853944.dir/webapp/,AVAILABLE}{/hddsDatanode}
2019-10-01 03:07:01,486 [main] INFO  server.AbstractConnector (AbstractConnector.java:doStart(278)) - Started ServerConnector@4d354a3e{HTTP/1.1,[http/1.1]}{0.0.0.0:34188}
2019-10-01 03:07:01,488 [main] INFO  server.Server (Server.java:doStart(419)) - Started @162752ms
2019-10-01 03:07:01,488 [main] WARN  impl.MetricsSystemImpl (MetricsSystemImpl.java:register(276)) - Sink prometheus already exists!
2019-10-01 03:07:01,489 [main] INFO  server.BaseHttpServer (BaseHttpServer.java:updateConnectorAddress(215)) - HTTP server of HDDSDATANODE is listening at http://0.0.0.0:34188
2019-10-01 03:07:01,489 [main] INFO  impl.MetricsSystemImpl (MetricsSystemImpl.java:init(158)) - HddsDatanode metrics system started (again)
2019-10-01 03:07:01,494 [org.apache.hadoop.util.JvmPauseMonitor$Monitor@1975680c] INFO  util.JvmPauseMonitor (JvmPauseMonitor.java:run(188)) - Starting JVM pause monitor
2019-10-01 03:07:01,495 [main] INFO  ozone.HddsDatanodeService (HddsDatanodeService.java:start(184)) - HddsDatanodeService host:pr-hdds-1984-zmhd5-2369693365 ip:192.168.151.109
2019-10-01 03:07:01,496 [Datanode State Machine Thread - 0] INFO  datanode.InitDatanodeState (InitDatanodeState.java:persistContainerDatanodeDetails(140)) - DatanodeDetails is persisted to /workdir/hadoop-ozone/integration-test/target/test-dir/MiniOzoneClusterImpl-6e28ac15-3a1e-4d59-8f42-f38d89fb0b8d/datanode-3/meta/datanode.id
2019-10-01 03:07:01,502 [main] INFO  volume.HddsVolume (HddsVolume.java:<init>(176)) - Creating Volume: /workdir/hadoop-ozone/integration-test/target/test-dir/MiniOzoneClusterImpl-6e28ac15-3a1e-4d59-8f42-f38d89fb0b8d/datanode-4/data/containers/hdds of  storage type : DISK and capacity : 1482555576320
2019-10-01 03:07:01,502 [main] INFO  volume.VolumeSet (VolumeSet.java:initializeVolumeSet(170)) - Added Volume : /workdir/hadoop-ozone/integration-test/target/test-dir/MiniOzoneClusterImpl-6e28ac15-3a1e-4d59-8f42-f38d89fb0b8d/datanode-4/data/containers/hdds to VolumeSet
2019-10-01 03:07:01,503 [main] INFO  volume.ThrottledAsyncChecker (ThrottledAsyncChecker.java:schedule(139)) - Scheduling a check for org.apache.hadoop.ozone.container.common.volume.HddsVolume@1511d157
2019-10-01 03:07:01,503 [main] INFO  volume.HddsVolumeChecker (HddsVolumeChecker.java:checkAllVolumes(202)) - Scheduled health check for volume org.apache.hadoop.ozone.container.common.volume.HddsVolume@1511d157
2019-10-01 03:07:01,517 [main] INFO  impl.RaftServerProxy (ConfUtils.java:logGet(43)) - raft.rpc.type = GRPC (default)
2019-10-01 03:07:01,518 [main] INFO  grpc.GrpcFactory (GrpcFactory.java:checkPooledByteBufAllocatorUseCacheForAllThreads(45)) - PERFORMANCE WARNING: useCacheForAllThreads is true that may cause Netty to create a lot garbage objects and, as a result, trigger GC.
	It is recommended to disable useCacheForAllThreads by setting -Dorg.apache.ratis.thirdparty.io.netty.allocator.useCacheForAllThreads=false in command line.
2019-10-01 03:07:01,518 [main] INFO  grpc.GrpcConfigKeys$Server (ConfUtils.java:logGet(43)) - raft.grpc.server.port = 0 (default)
2019-10-01 03:07:01,518 [main] INFO  server.GrpcService (ConfUtils.java:logGet(43)) - raft.grpc.message.size.max = 33570816 (custom)
2019-10-01 03:07:01,518 [main] INFO  server.RaftServerConfigKeys (ConfUtils.java:logGet(43)) - raft.server.log.appender.buffer.byte-limit = 33554432 (custom)
2019-10-01 03:07:01,519 [main] INFO  server.GrpcService (ConfUtils.java:logGet(43)) - raft.grpc.flow.control.window = 1MB (=1048576) (default)
2019-10-01 03:07:01,519 [main] INFO  server.RaftServerConfigKeys (ConfUtils.java:logGet(43)) - raft.server.rpc.request.timeout = 3000ms (default)
2019-10-01 03:07:01,519 [main] INFO  server.RaftServerConfigKeys (ConfUtils.java:logGet(43)) - raft.server.storage.dir = [/workdir/hadoop-ozone/integration-test/target/test-dir/MiniOzoneClusterImpl-6e28ac15-3a1e-4d59-8f42-f38d89fb0b8d/datanode-4/data/ratis] (custom)
2019-10-01 03:07:01,521 [main] INFO  hdfs.DFSUtil (DFSUtil.java:httpServerTemplateForNNAndJN(1641)) - Starting Web-server for hddsDatanode at: http://0.0.0.0:0
2019-10-01 03:07:01,522 [main] INFO  server.AuthenticationFilter (AuthenticationFilter.java:constructSecretProvider(240)) - Unable to initialize FileSignerSecretProvider, falling back to use random secrets.
2019-10-01 03:07:01,522 [main] WARN  http.HttpRequestLog (HttpRequestLog.java:getRequestLog(97)) - Jetty request log can only be enabled using Log4j
2019-10-01 03:07:01,524 [main] INFO  http.HttpServer2 (HttpServer2.java:addGlobalFilter(975)) - Added global filter 'safety' (class=org.apache.hadoop.http.HttpServer2$QuotingInputFilter)
2019-10-01 03:07:01,524 [main] INFO  http.HttpServer2 (HttpServer2.java:addFilter(948)) - Added filter static_user_filter (class=org.apache.hadoop.http.lib.StaticUserWebFilter$StaticUserFilter) to context hddsDatanode
2019-10-01 03:07:01,525 [main] INFO  http.HttpServer2 (HttpServer2.java:addFilter(958)) - Added filter static_user_filter (class=org.apache.hadoop.http.lib.StaticUserWebFilter$StaticUserFilter) to context logs
2019-10-01 03:07:01,525 [main] INFO  http.HttpServer2 (HttpServer2.java:addFilter(958)) - Added filter static_user_filter (class=org.apache.hadoop.http.lib.StaticUserWebFilter$StaticUserFilter) to context static
2019-10-01 03:07:01,525 [main] INFO  http.HttpServer2 (HttpServer2.java:bindListener(1191)) - Jetty bound to port 41051
2019-10-01 03:07:01,526 [main] INFO  server.Server (Server.java:doStart(351)) - jetty-9.3.25.v20180904, build timestamp: 2018-09-04T21:11:46Z, git hash: 3ce520221d0240229c862b122d2b06c12a625732
2019-10-01 03:07:01,527 [main] INFO  handler.ContextHandler (ContextHandler.java:doStart(781)) - Started o.e.j.s.ServletContextHandler@1e40fbb3{/logs,file:///workdir/hadoop-ozone/integration-test/target/log,AVAILABLE}
2019-10-01 03:07:01,528 [main] INFO  handler.ContextHandler (ContextHandler.java:doStart(781)) - Started o.e.j.s.ServletContextHandler@9e02f84{/static,jar:file:/home/user/.m2/repository/org/apache/hadoop/hadoop-hdds-container-service/0.5.0-SNAPSHOT/hadoop-hdds-container-service-0.5.0-SNAPSHOT.jar!/webapps/static,AVAILABLE}
2019-10-01 03:07:01,569 [main] INFO  handler.ContextHandler (ContextHandler.java:doStart(781)) - Started o.e.j.w.WebAppContext@7aded903{/,file:///tmp/jetty-0.0.0.0-41051-hddsDatanode-_-any-2278679967067938142.dir/webapp/,AVAILABLE}{/hddsDatanode}
2019-10-01 03:07:01,570 [main] INFO  server.AbstractConnector (AbstractConnector.java:doStart(278)) - Started ServerConnector@2db86a7c{HTTP/1.1,[http/1.1]}{0.0.0.0:41051}
2019-10-01 03:07:01,579 [main] INFO  server.Server (Server.java:doStart(419)) - Started @162843ms
2019-10-01 03:07:01,579 [main] WARN  impl.MetricsSystemImpl (MetricsSystemImpl.java:register(276)) - Sink prometheus already exists!
2019-10-01 03:07:01,580 [main] INFO  server.BaseHttpServer (BaseHttpServer.java:updateConnectorAddress(215)) - HTTP server of HDDSDATANODE is listening at http://0.0.0.0:41051
2019-10-01 03:07:01,580 [main] INFO  impl.MetricsSystemImpl (MetricsSystemImpl.java:init(158)) - HddsDatanode metrics system started (again)
2019-10-01 03:07:01,585 [org.apache.hadoop.util.JvmPauseMonitor$Monitor@604623f7] INFO  util.JvmPauseMonitor (JvmPauseMonitor.java:run(188)) - Starting JVM pause monitor
2019-10-01 03:07:01,586 [main] INFO  ozone.HddsDatanodeService (HddsDatanodeService.java:start(184)) - HddsDatanodeService host:pr-hdds-1984-zmhd5-2369693365 ip:192.168.151.109
2019-10-01 03:07:01,587 [Datanode State Machine Thread - 0] INFO  datanode.InitDatanodeState (InitDatanodeState.java:persistContainerDatanodeDetails(140)) - DatanodeDetails is persisted to /workdir/hadoop-ozone/integration-test/target/test-dir/MiniOzoneClusterImpl-6e28ac15-3a1e-4d59-8f42-f38d89fb0b8d/datanode-4/meta/datanode.id
2019-10-01 03:07:01,593 [main] INFO  volume.HddsVolume (HddsVolume.java:<init>(176)) - Creating Volume: /workdir/hadoop-ozone/integration-test/target/test-dir/MiniOzoneClusterImpl-6e28ac15-3a1e-4d59-8f42-f38d89fb0b8d/datanode-5/data/containers/hdds of  storage type : DISK and capacity : 1482555576320
2019-10-01 03:07:01,593 [main] INFO  volume.VolumeSet (VolumeSet.java:initializeVolumeSet(170)) - Added Volume : /workdir/hadoop-ozone/integration-test/target/test-dir/MiniOzoneClusterImpl-6e28ac15-3a1e-4d59-8f42-f38d89fb0b8d/datanode-5/data/containers/hdds to VolumeSet
2019-10-01 03:07:01,594 [main] INFO  volume.ThrottledAsyncChecker (ThrottledAsyncChecker.java:schedule(139)) - Scheduling a check for org.apache.hadoop.ozone.container.common.volume.HddsVolume@611d0763
2019-10-01 03:07:01,594 [main] INFO  volume.HddsVolumeChecker (HddsVolumeChecker.java:checkAllVolumes(202)) - Scheduled health check for volume org.apache.hadoop.ozone.container.common.volume.HddsVolume@611d0763
2019-10-01 03:07:01,609 [main] INFO  impl.RaftServerProxy (ConfUtils.java:logGet(43)) - raft.rpc.type = GRPC (default)
2019-10-01 03:07:01,609 [main] INFO  grpc.GrpcFactory (GrpcFactory.java:checkPooledByteBufAllocatorUseCacheForAllThreads(45)) - PERFORMANCE WARNING: useCacheForAllThreads is true that may cause Netty to create a lot garbage objects and, as a result, trigger GC.
	It is recommended to disable useCacheForAllThreads by setting -Dorg.apache.ratis.thirdparty.io.netty.allocator.useCacheForAllThreads=false in command line.
2019-10-01 03:07:01,609 [main] INFO  grpc.GrpcConfigKeys$Server (ConfUtils.java:logGet(43)) - raft.grpc.server.port = 0 (default)
2019-10-01 03:07:01,610 [main] INFO  server.GrpcService (ConfUtils.java:logGet(43)) - raft.grpc.message.size.max = 33570816 (custom)
2019-10-01 03:07:01,610 [main] INFO  server.RaftServerConfigKeys (ConfUtils.java:logGet(43)) - raft.server.log.appender.buffer.byte-limit = 33554432 (custom)
2019-10-01 03:07:01,610 [main] INFO  server.GrpcService (ConfUtils.java:logGet(43)) - raft.grpc.flow.control.window = 1MB (=1048576) (default)
2019-10-01 03:07:01,610 [main] INFO  server.RaftServerConfigKeys (ConfUtils.java:logGet(43)) - raft.server.rpc.request.timeout = 3000ms (default)
2019-10-01 03:07:01,611 [main] INFO  server.RaftServerConfigKeys (ConfUtils.java:logGet(43)) - raft.server.storage.dir = [/workdir/hadoop-ozone/integration-test/target/test-dir/MiniOzoneClusterImpl-6e28ac15-3a1e-4d59-8f42-f38d89fb0b8d/datanode-5/data/ratis] (custom)
2019-10-01 03:07:01,612 [main] INFO  hdfs.DFSUtil (DFSUtil.java:httpServerTemplateForNNAndJN(1641)) - Starting Web-server for hddsDatanode at: http://0.0.0.0:0
2019-10-01 03:07:01,618 [main] INFO  server.AuthenticationFilter (AuthenticationFilter.java:constructSecretProvider(240)) - Unable to initialize FileSignerSecretProvider, falling back to use random secrets.
2019-10-01 03:07:01,618 [main] WARN  http.HttpRequestLog (HttpRequestLog.java:getRequestLog(97)) - Jetty request log can only be enabled using Log4j
2019-10-01 03:07:01,620 [main] INFO  http.HttpServer2 (HttpServer2.java:addGlobalFilter(975)) - Added global filter 'safety' (class=org.apache.hadoop.http.HttpServer2$QuotingInputFilter)
2019-10-01 03:07:01,620 [main] INFO  http.HttpServer2 (HttpServer2.java:addFilter(948)) - Added filter static_user_filter (class=org.apache.hadoop.http.lib.StaticUserWebFilter$StaticUserFilter) to context hddsDatanode
2019-10-01 03:07:01,621 [main] INFO  http.HttpServer2 (HttpServer2.java:addFilter(958)) - Added filter static_user_filter (class=org.apache.hadoop.http.lib.StaticUserWebFilter$StaticUserFilter) to context logs
2019-10-01 03:07:01,621 [main] INFO  http.HttpServer2 (HttpServer2.java:addFilter(958)) - Added filter static_user_filter (class=org.apache.hadoop.http.lib.StaticUserWebFilter$StaticUserFilter) to context static
2019-10-01 03:07:01,621 [main] INFO  http.HttpServer2 (HttpServer2.java:bindListener(1191)) - Jetty bound to port 41010
2019-10-01 03:07:01,622 [main] INFO  server.Server (Server.java:doStart(351)) - jetty-9.3.25.v20180904, build timestamp: 2018-09-04T21:11:46Z, git hash: 3ce520221d0240229c862b122d2b06c12a625732
2019-10-01 03:07:01,623 [main] INFO  handler.ContextHandler (ContextHandler.java:doStart(781)) - Started o.e.j.s.ServletContextHandler@4f1afe8f{/logs,file:///workdir/hadoop-ozone/integration-test/target/log,AVAILABLE}
2019-10-01 03:07:01,624 [main] INFO  handler.ContextHandler (ContextHandler.java:doStart(781)) - Started o.e.j.s.ServletContextHandler@443a06ad{/static,jar:file:/home/user/.m2/repository/org/apache/hadoop/hadoop-hdds-container-service/0.5.0-SNAPSHOT/hadoop-hdds-container-service-0.5.0-SNAPSHOT.jar!/webapps/static,AVAILABLE}
2019-10-01 03:07:01,657 [main] INFO  handler.ContextHandler (ContextHandler.java:doStart(781)) - Started o.e.j.w.WebAppContext@640d604{/,file:///tmp/jetty-0.0.0.0-41010-hddsDatanode-_-any-3774752360343338181.dir/webapp/,AVAILABLE}{/hddsDatanode}
2019-10-01 03:07:01,657 [main] INFO  server.AbstractConnector (AbstractConnector.java:doStart(278)) - Started ServerConnector@62cbc478{HTTP/1.1,[http/1.1]}{0.0.0.0:41010}
2019-10-01 03:07:01,659 [main] INFO  server.Server (Server.java:doStart(419)) - Started @162923ms
2019-10-01 03:07:01,659 [main] WARN  impl.MetricsSystemImpl (MetricsSystemImpl.java:register(276)) - Sink prometheus already exists!
2019-10-01 03:07:01,659 [main] INFO  server.BaseHttpServer (BaseHttpServer.java:updateConnectorAddress(215)) - HTTP server of HDDSDATANODE is listening at http://0.0.0.0:41010
2019-10-01 03:07:01,660 [main] INFO  impl.MetricsSystemImpl (MetricsSystemImpl.java:init(158)) - HddsDatanode metrics system started (again)
2019-10-01 03:07:01,666 [org.apache.hadoop.util.JvmPauseMonitor$Monitor@33044398] INFO  util.JvmPauseMonitor (JvmPauseMonitor.java:run(188)) - Starting JVM pause monitor
2019-10-01 03:07:01,667 [main] INFO  ozone.HddsDatanodeService (HddsDatanodeService.java:start(184)) - HddsDatanodeService host:pr-hdds-1984-zmhd5-2369693365 ip:192.168.151.109
2019-10-01 03:07:01,667 [Datanode State Machine Thread - 0] INFO  datanode.InitDatanodeState (InitDatanodeState.java:persistContainerDatanodeDetails(140)) - DatanodeDetails is persisted to /workdir/hadoop-ozone/integration-test/target/test-dir/MiniOzoneClusterImpl-6e28ac15-3a1e-4d59-8f42-f38d89fb0b8d/datanode-5/meta/datanode.id
2019-10-01 03:07:01,674 [main] INFO  volume.HddsVolume (HddsVolume.java:<init>(176)) - Creating Volume: /workdir/hadoop-ozone/integration-test/target/test-dir/MiniOzoneClusterImpl-6e28ac15-3a1e-4d59-8f42-f38d89fb0b8d/datanode-6/data/containers/hdds of  storage type : DISK and capacity : 1482555576320
2019-10-01 03:07:01,674 [main] INFO  volume.VolumeSet (VolumeSet.java:initializeVolumeSet(170)) - Added Volume : /workdir/hadoop-ozone/integration-test/target/test-dir/MiniOzoneClusterImpl-6e28ac15-3a1e-4d59-8f42-f38d89fb0b8d/datanode-6/data/containers/hdds to VolumeSet
2019-10-01 03:07:01,675 [main] INFO  volume.ThrottledAsyncChecker (ThrottledAsyncChecker.java:schedule(139)) - Scheduling a check for org.apache.hadoop.ozone.container.common.volume.HddsVolume@2ca54da9
2019-10-01 03:07:01,675 [main] INFO  volume.HddsVolumeChecker (HddsVolumeChecker.java:checkAllVolumes(202)) - Scheduled health check for volume org.apache.hadoop.ozone.container.common.volume.HddsVolume@2ca54da9
2019-10-01 03:07:01,690 [main] INFO  impl.RaftServerProxy (ConfUtils.java:logGet(43)) - raft.rpc.type = GRPC (default)
2019-10-01 03:07:01,690 [main] INFO  grpc.GrpcFactory (GrpcFactory.java:checkPooledByteBufAllocatorUseCacheForAllThreads(45)) - PERFORMANCE WARNING: useCacheForAllThreads is true that may cause Netty to create a lot garbage objects and, as a result, trigger GC.
	It is recommended to disable useCacheForAllThreads by setting -Dorg.apache.ratis.thirdparty.io.netty.allocator.useCacheForAllThreads=false in command line.
2019-10-01 03:07:01,690 [main] INFO  grpc.GrpcConfigKeys$Server (ConfUtils.java:logGet(43)) - raft.grpc.server.port = 0 (default)
2019-10-01 03:07:01,690 [main] INFO  server.GrpcService (ConfUtils.java:logGet(43)) - raft.grpc.message.size.max = 33570816 (custom)
2019-10-01 03:07:01,691 [main] INFO  server.RaftServerConfigKeys (ConfUtils.java:logGet(43)) - raft.server.log.appender.buffer.byte-limit = 33554432 (custom)
2019-10-01 03:07:01,691 [main] INFO  server.GrpcService (ConfUtils.java:logGet(43)) - raft.grpc.flow.control.window = 1MB (=1048576) (default)
2019-10-01 03:07:01,691 [main] INFO  server.RaftServerConfigKeys (ConfUtils.java:logGet(43)) - raft.server.rpc.request.timeout = 3000ms (default)
2019-10-01 03:07:01,691 [main] INFO  server.RaftServerConfigKeys (ConfUtils.java:logGet(43)) - raft.server.storage.dir = [/workdir/hadoop-ozone/integration-test/target/test-dir/MiniOzoneClusterImpl-6e28ac15-3a1e-4d59-8f42-f38d89fb0b8d/datanode-6/data/ratis] (custom)
2019-10-01 03:07:01,693 [main] INFO  hdfs.DFSUtil (DFSUtil.java:httpServerTemplateForNNAndJN(1641)) - Starting Web-server for hddsDatanode at: http://0.0.0.0:0
2019-10-01 03:07:01,694 [main] INFO  server.AuthenticationFilter (AuthenticationFilter.java:constructSecretProvider(240)) - Unable to initialize FileSignerSecretProvider, falling back to use random secrets.
2019-10-01 03:07:01,694 [main] WARN  http.HttpRequestLog (HttpRequestLog.java:getRequestLog(97)) - Jetty request log can only be enabled using Log4j
2019-10-01 03:07:01,696 [main] INFO  http.HttpServer2 (HttpServer2.java:addGlobalFilter(975)) - Added global filter 'safety' (class=org.apache.hadoop.http.HttpServer2$QuotingInputFilter)
2019-10-01 03:07:01,696 [main] INFO  http.HttpServer2 (HttpServer2.java:addFilter(948)) - Added filter static_user_filter (class=org.apache.hadoop.http.lib.StaticUserWebFilter$StaticUserFilter) to context hddsDatanode
2019-10-01 03:07:01,696 [main] INFO  http.HttpServer2 (HttpServer2.java:addFilter(958)) - Added filter static_user_filter (class=org.apache.hadoop.http.lib.StaticUserWebFilter$StaticUserFilter) to context static
2019-10-01 03:07:01,697 [main] INFO  http.HttpServer2 (HttpServer2.java:addFilter(958)) - Added filter static_user_filter (class=org.apache.hadoop.http.lib.StaticUserWebFilter$StaticUserFilter) to context logs
2019-10-01 03:07:01,697 [main] INFO  http.HttpServer2 (HttpServer2.java:bindListener(1191)) - Jetty bound to port 36535
2019-10-01 03:07:01,697 [main] INFO  server.Server (Server.java:doStart(351)) - jetty-9.3.25.v20180904, build timestamp: 2018-09-04T21:11:46Z, git hash: 3ce520221d0240229c862b122d2b06c12a625732
2019-10-01 03:07:01,699 [main] INFO  handler.ContextHandler (ContextHandler.java:doStart(781)) - Started o.e.j.s.ServletContextHandler@26f0141{/logs,file:///workdir/hadoop-ozone/integration-test/target/log,AVAILABLE}
2019-10-01 03:07:01,700 [main] INFO  handler.ContextHandler (ContextHandler.java:doStart(781)) - Started o.e.j.s.ServletContextHandler@6de7778f{/static,jar:file:/home/user/.m2/repository/org/apache/hadoop/hadoop-hdds-container-service/0.5.0-SNAPSHOT/hadoop-hdds-container-service-0.5.0-SNAPSHOT.jar!/webapps/static,AVAILABLE}
2019-10-01 03:07:01,735 [main] INFO  handler.ContextHandler (ContextHandler.java:doStart(781)) - Started o.e.j.w.WebAppContext@538a2f0e{/,file:///tmp/jetty-0.0.0.0-36535-hddsDatanode-_-any-1202281668888859375.dir/webapp/,AVAILABLE}{/hddsDatanode}
2019-10-01 03:07:01,736 [main] INFO  server.AbstractConnector (AbstractConnector.java:doStart(278)) - Started ServerConnector@d2708a7{HTTP/1.1,[http/1.1]}{0.0.0.0:36535}
2019-10-01 03:07:01,738 [main] INFO  server.Server (Server.java:doStart(419)) - Started @163002ms
2019-10-01 03:07:01,738 [main] WARN  impl.MetricsSystemImpl (MetricsSystemImpl.java:register(276)) - Sink prometheus already exists!
2019-10-01 03:07:01,739 [main] INFO  server.BaseHttpServer (BaseHttpServer.java:updateConnectorAddress(215)) - HTTP server of HDDSDATANODE is listening at http://0.0.0.0:36535
2019-10-01 03:07:01,739 [main] INFO  impl.MetricsSystemImpl (MetricsSystemImpl.java:init(158)) - HddsDatanode metrics system started (again)
2019-10-01 03:07:01,745 [org.apache.hadoop.util.JvmPauseMonitor$Monitor@3f730a98] INFO  util.JvmPauseMonitor (JvmPauseMonitor.java:run(188)) - Starting JVM pause monitor
2019-10-01 03:07:01,747 [main] INFO  ozone.HddsDatanodeService (HddsDatanodeService.java:start(184)) - HddsDatanodeService host:pr-hdds-1984-zmhd5-2369693365 ip:192.168.151.109
2019-10-01 03:07:01,747 [Datanode State Machine Thread - 0] INFO  datanode.InitDatanodeState (InitDatanodeState.java:persistContainerDatanodeDetails(140)) - DatanodeDetails is persisted to /workdir/hadoop-ozone/integration-test/target/test-dir/MiniOzoneClusterImpl-6e28ac15-3a1e-4d59-8f42-f38d89fb0b8d/datanode-6/meta/datanode.id
2019-10-01 03:07:01,754 [main] INFO  volume.HddsVolume (HddsVolume.java:<init>(176)) - Creating Volume: /workdir/hadoop-ozone/integration-test/target/test-dir/MiniOzoneClusterImpl-6e28ac15-3a1e-4d59-8f42-f38d89fb0b8d/datanode-7/data/containers/hdds of  storage type : DISK and capacity : 1482555576320
2019-10-01 03:07:01,754 [main] INFO  volume.VolumeSet (VolumeSet.java:initializeVolumeSet(170)) - Added Volume : /workdir/hadoop-ozone/integration-test/target/test-dir/MiniOzoneClusterImpl-6e28ac15-3a1e-4d59-8f42-f38d89fb0b8d/datanode-7/data/containers/hdds to VolumeSet
2019-10-01 03:07:01,754 [main] INFO  volume.ThrottledAsyncChecker (ThrottledAsyncChecker.java:schedule(139)) - Scheduling a check for org.apache.hadoop.ozone.container.common.volume.HddsVolume@42c12b3e
2019-10-01 03:07:01,755 [main] INFO  volume.HddsVolumeChecker (HddsVolumeChecker.java:checkAllVolumes(202)) - Scheduled health check for volume org.apache.hadoop.ozone.container.common.volume.HddsVolume@42c12b3e
2019-10-01 03:07:01,769 [main] INFO  impl.RaftServerProxy (ConfUtils.java:logGet(43)) - raft.rpc.type = GRPC (default)
2019-10-01 03:07:01,769 [main] INFO  grpc.GrpcFactory (GrpcFactory.java:checkPooledByteBufAllocatorUseCacheForAllThreads(45)) - PERFORMANCE WARNING: useCacheForAllThreads is true that may cause Netty to create a lot garbage objects and, as a result, trigger GC.
	It is recommended to disable useCacheForAllThreads by setting -Dorg.apache.ratis.thirdparty.io.netty.allocator.useCacheForAllThreads=false in command line.
2019-10-01 03:07:01,770 [main] INFO  grpc.GrpcConfigKeys$Server (ConfUtils.java:logGet(43)) - raft.grpc.server.port = 0 (default)
2019-10-01 03:07:01,770 [main] INFO  server.GrpcService (ConfUtils.java:logGet(43)) - raft.grpc.message.size.max = 33570816 (custom)
2019-10-01 03:07:01,770 [main] INFO  server.RaftServerConfigKeys (ConfUtils.java:logGet(43)) - raft.server.log.appender.buffer.byte-limit = 33554432 (custom)
2019-10-01 03:07:01,770 [main] INFO  server.GrpcService (ConfUtils.java:logGet(43)) - raft.grpc.flow.control.window = 1MB (=1048576) (default)
2019-10-01 03:07:01,770 [main] INFO  server.RaftServerConfigKeys (ConfUtils.java:logGet(43)) - raft.server.rpc.request.timeout = 3000ms (default)
2019-10-01 03:07:01,771 [main] INFO  server.RaftServerConfigKeys (ConfUtils.java:logGet(43)) - raft.server.storage.dir = [/workdir/hadoop-ozone/integration-test/target/test-dir/MiniOzoneClusterImpl-6e28ac15-3a1e-4d59-8f42-f38d89fb0b8d/datanode-7/data/ratis] (custom)
2019-10-01 03:07:01,772 [main] INFO  hdfs.DFSUtil (DFSUtil.java:httpServerTemplateForNNAndJN(1641)) - Starting Web-server for hddsDatanode at: http://0.0.0.0:0
2019-10-01 03:07:01,773 [main] INFO  server.AuthenticationFilter (AuthenticationFilter.java:constructSecretProvider(240)) - Unable to initialize FileSignerSecretProvider, falling back to use random secrets.
2019-10-01 03:07:01,774 [main] WARN  http.HttpRequestLog (HttpRequestLog.java:getRequestLog(97)) - Jetty request log can only be enabled using Log4j
2019-10-01 03:07:01,775 [main] INFO  http.HttpServer2 (HttpServer2.java:addGlobalFilter(975)) - Added global filter 'safety' (class=org.apache.hadoop.http.HttpServer2$QuotingInputFilter)
2019-10-01 03:07:01,776 [main] INFO  http.HttpServer2 (HttpServer2.java:addFilter(948)) - Added filter static_user_filter (class=org.apache.hadoop.http.lib.StaticUserWebFilter$StaticUserFilter) to context hddsDatanode
2019-10-01 03:07:01,776 [main] INFO  http.HttpServer2 (HttpServer2.java:addFilter(958)) - Added filter static_user_filter (class=org.apache.hadoop.http.lib.StaticUserWebFilter$StaticUserFilter) to context static
2019-10-01 03:07:01,776 [main] INFO  http.HttpServer2 (HttpServer2.java:addFilter(958)) - Added filter static_user_filter (class=org.apache.hadoop.http.lib.StaticUserWebFilter$StaticUserFilter) to context logs
2019-10-01 03:07:01,777 [main] INFO  http.HttpServer2 (HttpServer2.java:bindListener(1191)) - Jetty bound to port 43342
2019-10-01 03:07:01,777 [main] INFO  server.Server (Server.java:doStart(351)) - jetty-9.3.25.v20180904, build timestamp: 2018-09-04T21:11:46Z, git hash: 3ce520221d0240229c862b122d2b06c12a625732
2019-10-01 03:07:01,779 [main] INFO  handler.ContextHandler (ContextHandler.java:doStart(781)) - Started o.e.j.s.ServletContextHandler@6094de13{/logs,file:///workdir/hadoop-ozone/integration-test/target/log,AVAILABLE}
2019-10-01 03:07:01,779 [main] INFO  handler.ContextHandler (ContextHandler.java:doStart(781)) - Started o.e.j.s.ServletContextHandler@3e6ec74{/static,jar:file:/home/user/.m2/repository/org/apache/hadoop/hadoop-hdds-container-service/0.5.0-SNAPSHOT/hadoop-hdds-container-service-0.5.0-SNAPSHOT.jar!/webapps/static,AVAILABLE}
2019-10-01 03:07:01,812 [main] INFO  handler.ContextHandler (ContextHandler.java:doStart(781)) - Started o.e.j.w.WebAppContext@17c4dc5b{/,file:///tmp/jetty-0.0.0.0-43342-hddsDatanode-_-any-608092522656028875.dir/webapp/,AVAILABLE}{/hddsDatanode}
2019-10-01 03:07:01,812 [main] INFO  server.AbstractConnector (AbstractConnector.java:doStart(278)) - Started ServerConnector@6b0f266e{HTTP/1.1,[http/1.1]}{0.0.0.0:43342}
2019-10-01 03:07:01,814 [main] INFO  server.Server (Server.java:doStart(419)) - Started @163079ms
2019-10-01 03:07:01,815 [main] WARN  impl.MetricsSystemImpl (MetricsSystemImpl.java:register(276)) - Sink prometheus already exists!
2019-10-01 03:07:01,815 [main] INFO  server.BaseHttpServer (BaseHttpServer.java:updateConnectorAddress(215)) - HTTP server of HDDSDATANODE is listening at http://0.0.0.0:43342
2019-10-01 03:07:01,816 [main] INFO  impl.MetricsSystemImpl (MetricsSystemImpl.java:init(158)) - HddsDatanode metrics system started (again)
2019-10-01 03:07:01,825 [org.apache.hadoop.util.JvmPauseMonitor$Monitor@733d0ab4] INFO  util.JvmPauseMonitor (JvmPauseMonitor.java:run(188)) - Starting JVM pause monitor
2019-10-01 03:07:01,826 [main] INFO  ozone.HddsDatanodeService (HddsDatanodeService.java:start(184)) - HddsDatanodeService host:pr-hdds-1984-zmhd5-2369693365 ip:192.168.151.109
2019-10-01 03:07:01,827 [Datanode State Machine Thread - 0] INFO  datanode.InitDatanodeState (InitDatanodeState.java:persistContainerDatanodeDetails(140)) - DatanodeDetails is persisted to /workdir/hadoop-ozone/integration-test/target/test-dir/MiniOzoneClusterImpl-6e28ac15-3a1e-4d59-8f42-f38d89fb0b8d/datanode-7/meta/datanode.id
2019-10-01 03:07:01,838 [main] INFO  volume.HddsVolume (HddsVolume.java:<init>(176)) - Creating Volume: /workdir/hadoop-ozone/integration-test/target/test-dir/MiniOzoneClusterImpl-6e28ac15-3a1e-4d59-8f42-f38d89fb0b8d/datanode-8/data/containers/hdds of  storage type : DISK and capacity : 1482555576320
2019-10-01 03:07:01,839 [main] INFO  volume.VolumeSet (VolumeSet.java:initializeVolumeSet(170)) - Added Volume : /workdir/hadoop-ozone/integration-test/target/test-dir/MiniOzoneClusterImpl-6e28ac15-3a1e-4d59-8f42-f38d89fb0b8d/datanode-8/data/containers/hdds to VolumeSet
2019-10-01 03:07:01,840 [main] INFO  volume.ThrottledAsyncChecker (ThrottledAsyncChecker.java:schedule(139)) - Scheduling a check for org.apache.hadoop.ozone.container.common.volume.HddsVolume@5d7dd549
2019-10-01 03:07:01,841 [main] INFO  volume.HddsVolumeChecker (HddsVolumeChecker.java:checkAllVolumes(202)) - Scheduled health check for volume org.apache.hadoop.ozone.container.common.volume.HddsVolume@5d7dd549
2019-10-01 03:07:01,860 [main] INFO  impl.RaftServerProxy (ConfUtils.java:logGet(43)) - raft.rpc.type = GRPC (default)
2019-10-01 03:07:01,860 [main] INFO  grpc.GrpcFactory (GrpcFactory.java:checkPooledByteBufAllocatorUseCacheForAllThreads(45)) - PERFORMANCE WARNING: useCacheForAllThreads is true that may cause Netty to create a lot garbage objects and, as a result, trigger GC.
	It is recommended to disable useCacheForAllThreads by setting -Dorg.apache.ratis.thirdparty.io.netty.allocator.useCacheForAllThreads=false in command line.
2019-10-01 03:07:01,860 [main] INFO  grpc.GrpcConfigKeys$Server (ConfUtils.java:logGet(43)) - raft.grpc.server.port = 0 (default)
2019-10-01 03:07:01,860 [main] INFO  server.GrpcService (ConfUtils.java:logGet(43)) - raft.grpc.message.size.max = 33570816 (custom)
2019-10-01 03:07:01,861 [main] INFO  server.RaftServerConfigKeys (ConfUtils.java:logGet(43)) - raft.server.log.appender.buffer.byte-limit = 33554432 (custom)
2019-10-01 03:07:01,861 [main] INFO  server.GrpcService (ConfUtils.java:logGet(43)) - raft.grpc.flow.control.window = 1MB (=1048576) (default)
2019-10-01 03:07:01,861 [main] INFO  server.RaftServerConfigKeys (ConfUtils.java:logGet(43)) - raft.server.rpc.request.timeout = 3000ms (default)
2019-10-01 03:07:01,862 [main] INFO  server.RaftServerConfigKeys (ConfUtils.java:logGet(43)) - raft.server.storage.dir = [/workdir/hadoop-ozone/integration-test/target/test-dir/MiniOzoneClusterImpl-6e28ac15-3a1e-4d59-8f42-f38d89fb0b8d/datanode-8/data/ratis] (custom)
2019-10-01 03:07:01,863 [main] INFO  hdfs.DFSUtil (DFSUtil.java:httpServerTemplateForNNAndJN(1641)) - Starting Web-server for hddsDatanode at: http://0.0.0.0:0
2019-10-01 03:07:01,865 [main] INFO  server.AuthenticationFilter (AuthenticationFilter.java:constructSecretProvider(240)) - Unable to initialize FileSignerSecretProvider, falling back to use random secrets.
2019-10-01 03:07:01,866 [main] WARN  http.HttpRequestLog (HttpRequestLog.java:getRequestLog(97)) - Jetty request log can only be enabled using Log4j
2019-10-01 03:07:01,867 [main] INFO  http.HttpServer2 (HttpServer2.java:addGlobalFilter(975)) - Added global filter 'safety' (class=org.apache.hadoop.http.HttpServer2$QuotingInputFilter)
2019-10-01 03:07:01,868 [main] INFO  http.HttpServer2 (HttpServer2.java:addFilter(948)) - Added filter static_user_filter (class=org.apache.hadoop.http.lib.StaticUserWebFilter$StaticUserFilter) to context hddsDatanode
2019-10-01 03:07:01,868 [main] INFO  http.HttpServer2 (HttpServer2.java:addFilter(958)) - Added filter static_user_filter (class=org.apache.hadoop.http.lib.StaticUserWebFilter$StaticUserFilter) to context static
2019-10-01 03:07:01,868 [main] INFO  http.HttpServer2 (HttpServer2.java:addFilter(958)) - Added filter static_user_filter (class=org.apache.hadoop.http.lib.StaticUserWebFilter$StaticUserFilter) to context logs
2019-10-01 03:07:01,869 [main] INFO  http.HttpServer2 (HttpServer2.java:bindListener(1191)) - Jetty bound to port 44190
2019-10-01 03:07:01,869 [main] INFO  server.Server (Server.java:doStart(351)) - jetty-9.3.25.v20180904, build timestamp: 2018-09-04T21:11:46Z, git hash: 3ce520221d0240229c862b122d2b06c12a625732
2019-10-01 03:07:01,871 [main] INFO  handler.ContextHandler (ContextHandler.java:doStart(781)) - Started o.e.j.s.ServletContextHandler@6d4a82{/logs,file:///workdir/hadoop-ozone/integration-test/target/log,AVAILABLE}
2019-10-01 03:07:01,872 [main] INFO  handler.ContextHandler (ContextHandler.java:doStart(781)) - Started o.e.j.s.ServletContextHandler@7a0ab480{/static,jar:file:/home/user/.m2/repository/org/apache/hadoop/hadoop-hdds-container-service/0.5.0-SNAPSHOT/hadoop-hdds-container-service-0.5.0-SNAPSHOT.jar!/webapps/static,AVAILABLE}
2019-10-01 03:07:01,907 [main] INFO  handler.ContextHandler (ContextHandler.java:doStart(781)) - Started o.e.j.w.WebAppContext@4aaecabd{/,file:///tmp/jetty-0.0.0.0-44190-hddsDatanode-_-any-996988655973840921.dir/webapp/,AVAILABLE}{/hddsDatanode}
2019-10-01 03:07:01,907 [main] INFO  server.AbstractConnector (AbstractConnector.java:doStart(278)) - Started ServerConnector@23bd0c81{HTTP/1.1,[http/1.1]}{0.0.0.0:44190}
2019-10-01 03:07:01,909 [main] INFO  server.Server (Server.java:doStart(419)) - Started @163174ms
2019-10-01 03:07:01,909 [main] WARN  impl.MetricsSystemImpl (MetricsSystemImpl.java:register(276)) - Sink prometheus already exists!
2019-10-01 03:07:01,910 [main] INFO  server.BaseHttpServer (BaseHttpServer.java:updateConnectorAddress(215)) - HTTP server of HDDSDATANODE is listening at http://0.0.0.0:44190
2019-10-01 03:07:01,910 [main] INFO  impl.MetricsSystemImpl (MetricsSystemImpl.java:init(158)) - HddsDatanode metrics system started (again)
2019-10-01 03:07:01,918 [org.apache.hadoop.util.JvmPauseMonitor$Monitor@4cbaabdc] INFO  util.JvmPauseMonitor (JvmPauseMonitor.java:run(188)) - Starting JVM pause monitor
2019-10-01 03:07:01,918 [main] INFO  ozone.HddsDatanodeService (HddsDatanodeService.java:start(184)) - HddsDatanodeService host:pr-hdds-1984-zmhd5-2369693365 ip:192.168.151.109
2019-10-01 03:07:01,919 [Datanode State Machine Thread - 0] INFO  datanode.InitDatanodeState (InitDatanodeState.java:persistContainerDatanodeDetails(140)) - DatanodeDetails is persisted to /workdir/hadoop-ozone/integration-test/target/test-dir/MiniOzoneClusterImpl-6e28ac15-3a1e-4d59-8f42-f38d89fb0b8d/datanode-8/meta/datanode.id
2019-10-01 03:07:01,933 [main] INFO  volume.HddsVolume (HddsVolume.java:<init>(176)) - Creating Volume: /workdir/hadoop-ozone/integration-test/target/test-dir/MiniOzoneClusterImpl-6e28ac15-3a1e-4d59-8f42-f38d89fb0b8d/datanode-9/data/containers/hdds of  storage type : DISK and capacity : 1482555576320
2019-10-01 03:07:01,934 [main] INFO  volume.VolumeSet (VolumeSet.java:initializeVolumeSet(170)) - Added Volume : /workdir/hadoop-ozone/integration-test/target/test-dir/MiniOzoneClusterImpl-6e28ac15-3a1e-4d59-8f42-f38d89fb0b8d/datanode-9/data/containers/hdds to VolumeSet
2019-10-01 03:07:01,934 [main] INFO  volume.ThrottledAsyncChecker (ThrottledAsyncChecker.java:schedule(139)) - Scheduling a check for org.apache.hadoop.ozone.container.common.volume.HddsVolume@7d37ee0c
2019-10-01 03:07:01,934 [main] INFO  volume.HddsVolumeChecker (HddsVolumeChecker.java:checkAllVolumes(202)) - Scheduled health check for volume org.apache.hadoop.ozone.container.common.volume.HddsVolume@7d37ee0c
2019-10-01 03:07:01,949 [main] INFO  impl.RaftServerProxy (ConfUtils.java:logGet(43)) - raft.rpc.type = GRPC (default)
2019-10-01 03:07:01,949 [main] INFO  grpc.GrpcFactory (GrpcFactory.java:checkPooledByteBufAllocatorUseCacheForAllThreads(45)) - PERFORMANCE WARNING: useCacheForAllThreads is true that may cause Netty to create a lot garbage objects and, as a result, trigger GC.
	It is recommended to disable useCacheForAllThreads by setting -Dorg.apache.ratis.thirdparty.io.netty.allocator.useCacheForAllThreads=false in command line.
2019-10-01 03:07:01,949 [main] INFO  grpc.GrpcConfigKeys$Server (ConfUtils.java:logGet(43)) - raft.grpc.server.port = 0 (default)
2019-10-01 03:07:01,949 [main] INFO  server.GrpcService (ConfUtils.java:logGet(43)) - raft.grpc.message.size.max = 33570816 (custom)
2019-10-01 03:07:01,950 [main] INFO  server.RaftServerConfigKeys (ConfUtils.java:logGet(43)) - raft.server.log.appender.buffer.byte-limit = 33554432 (custom)
2019-10-01 03:07:01,950 [main] INFO  server.GrpcService (ConfUtils.java:logGet(43)) - raft.grpc.flow.control.window = 1MB (=1048576) (default)
2019-10-01 03:07:01,950 [main] INFO  server.RaftServerConfigKeys (ConfUtils.java:logGet(43)) - raft.server.rpc.request.timeout = 3000ms (default)
2019-10-01 03:07:01,950 [main] INFO  server.RaftServerConfigKeys (ConfUtils.java:logGet(43)) - raft.server.storage.dir = [/workdir/hadoop-ozone/integration-test/target/test-dir/MiniOzoneClusterImpl-6e28ac15-3a1e-4d59-8f42-f38d89fb0b8d/datanode-9/data/ratis] (custom)
2019-10-01 03:07:01,952 [main] INFO  hdfs.DFSUtil (DFSUtil.java:httpServerTemplateForNNAndJN(1641)) - Starting Web-server for hddsDatanode at: http://0.0.0.0:0
2019-10-01 03:07:01,953 [main] INFO  server.AuthenticationFilter (AuthenticationFilter.java:constructSecretProvider(240)) - Unable to initialize FileSignerSecretProvider, falling back to use random secrets.
2019-10-01 03:07:01,953 [main] WARN  http.HttpRequestLog (HttpRequestLog.java:getRequestLog(97)) - Jetty request log can only be enabled using Log4j
2019-10-01 03:07:01,954 [main] INFO  http.HttpServer2 (HttpServer2.java:addGlobalFilter(975)) - Added global filter 'safety' (class=org.apache.hadoop.http.HttpServer2$QuotingInputFilter)
2019-10-01 03:07:01,955 [main] INFO  http.HttpServer2 (HttpServer2.java:addFilter(948)) - Added filter static_user_filter (class=org.apache.hadoop.http.lib.StaticUserWebFilter$StaticUserFilter) to context hddsDatanode
2019-10-01 03:07:01,955 [main] INFO  http.HttpServer2 (HttpServer2.java:addFilter(958)) - Added filter static_user_filter (class=org.apache.hadoop.http.lib.StaticUserWebFilter$StaticUserFilter) to context static
2019-10-01 03:07:01,955 [main] INFO  http.HttpServer2 (HttpServer2.java:addFilter(958)) - Added filter static_user_filter (class=org.apache.hadoop.http.lib.StaticUserWebFilter$StaticUserFilter) to context logs
2019-10-01 03:07:01,956 [main] INFO  http.HttpServer2 (HttpServer2.java:bindListener(1191)) - Jetty bound to port 42350
2019-10-01 03:07:01,956 [main] INFO  server.Server (Server.java:doStart(351)) - jetty-9.3.25.v20180904, build timestamp: 2018-09-04T21:11:46Z, git hash: 3ce520221d0240229c862b122d2b06c12a625732
2019-10-01 03:07:01,957 [main] INFO  handler.ContextHandler (ContextHandler.java:doStart(781)) - Started o.e.j.s.ServletContextHandler@21b51e59{/logs,file:///workdir/hadoop-ozone/integration-test/target/log,AVAILABLE}
2019-10-01 03:07:01,958 [main] INFO  handler.ContextHandler (ContextHandler.java:doStart(781)) - Started o.e.j.s.ServletContextHandler@6b4a4e40{/static,jar:file:/home/user/.m2/repository/org/apache/hadoop/hadoop-hdds-container-service/0.5.0-SNAPSHOT/hadoop-hdds-container-service-0.5.0-SNAPSHOT.jar!/webapps/static,AVAILABLE}
2019-10-01 03:07:01,990 [main] INFO  handler.ContextHandler (ContextHandler.java:doStart(781)) - Started o.e.j.w.WebAppContext@3bbf1c0d{/,file:///tmp/jetty-0.0.0.0-42350-hddsDatanode-_-any-5052920633734336108.dir/webapp/,AVAILABLE}{/hddsDatanode}
2019-10-01 03:07:01,990 [main] INFO  server.AbstractConnector (AbstractConnector.java:doStart(278)) - Started ServerConnector@19662208{HTTP/1.1,[http/1.1]}{0.0.0.0:42350}
2019-10-01 03:07:01,994 [main] INFO  server.Server (Server.java:doStart(419)) - Started @163259ms
2019-10-01 03:07:01,995 [main] WARN  impl.MetricsSystemImpl (MetricsSystemImpl.java:register(276)) - Sink prometheus already exists!
2019-10-01 03:07:01,996 [main] INFO  server.BaseHttpServer (BaseHttpServer.java:updateConnectorAddress(215)) - HTTP server of HDDSDATANODE is listening at http://0.0.0.0:42350
2019-10-01 03:07:01,996 [main] INFO  ozone.MiniOzoneClusterImpl (MiniOzoneClusterImpl.java:lambda$waitForClusterToBeReady$0(147)) - Waiting for cluster to be ready. Got 0 of 10 DN Heartbeats.
2019-10-01 03:07:01,997 [org.apache.hadoop.util.JvmPauseMonitor$Monitor@1be26d2] INFO  util.JvmPauseMonitor (JvmPauseMonitor.java:run(188)) - Starting JVM pause monitor
2019-10-01 03:07:01,998 [Datanode State Machine Thread - 0] INFO  datanode.InitDatanodeState (InitDatanodeState.java:persistContainerDatanodeDetails(140)) - DatanodeDetails is persisted to /workdir/hadoop-ozone/integration-test/target/test-dir/MiniOzoneClusterImpl-6e28ac15-3a1e-4d59-8f42-f38d89fb0b8d/datanode-9/meta/datanode.id
2019-10-01 03:07:02,996 [main] INFO  ozone.MiniOzoneClusterImpl (MiniOzoneClusterImpl.java:lambda$waitForClusterToBeReady$0(147)) - Waiting for cluster to be ready. Got 0 of 10 DN Heartbeats.
2019-10-01 03:07:03,997 [main] INFO  ozone.MiniOzoneClusterImpl (MiniOzoneClusterImpl.java:lambda$waitForClusterToBeReady$0(147)) - Waiting for cluster to be ready. Got 0 of 10 DN Heartbeats.
2019-10-01 03:07:04,695 [Datanode State Machine Thread - 0] INFO  ozoneimpl.OzoneContainer (OzoneContainer.java:start(217)) - Attempting to start container services.
2019-10-01 03:07:04,695 [Datanode State Machine Thread - 0] INFO  ozoneimpl.OzoneContainer (OzoneContainer.java:start(217)) - Attempting to start container services.
2019-10-01 03:07:04,695 [Datanode State Machine Thread - 0] INFO  ozoneimpl.OzoneContainer (OzoneContainer.java:start(217)) - Attempting to start container services.
2019-10-01 03:07:04,695 [Datanode State Machine Thread - 0] INFO  ozoneimpl.OzoneContainer (OzoneContainer.java:start(217)) - Attempting to start container services.
2019-10-01 03:07:04,695 [Datanode State Machine Thread - 0] INFO  ozoneimpl.OzoneContainer (OzoneContainer.java:start(217)) - Attempting to start container services.
2019-10-01 03:07:04,695 [Datanode State Machine Thread - 0] INFO  ozoneimpl.OzoneContainer (OzoneContainer.java:start(217)) - Attempting to start container services.
2019-10-01 03:07:04,696 [Datanode State Machine Thread - 0] INFO  ozoneimpl.OzoneContainer (OzoneContainer.java:startContainerScrub(179)) - Background container scanner has been disabled.
2019-10-01 03:07:04,695 [Datanode State Machine Thread - 0] INFO  ozoneimpl.OzoneContainer (OzoneContainer.java:start(217)) - Attempting to start container services.
2019-10-01 03:07:04,696 [Datanode State Machine Thread - 0] INFO  ratis.XceiverServerRatis (XceiverServerRatis.java:start(417)) - Starting XceiverServerRatis 9bc8a72b-4314-4431-b6ae-d0ce471f6d5e at port 0
2019-10-01 03:07:04,695 [Datanode State Machine Thread - 0] INFO  ozoneimpl.OzoneContainer (OzoneContainer.java:start(217)) - Attempting to start container services.
2019-10-01 03:07:04,696 [Datanode State Machine Thread - 0] INFO  ozoneimpl.OzoneContainer (OzoneContainer.java:startContainerScrub(179)) - Background container scanner has been disabled.
2019-10-01 03:07:04,697 [Datanode State Machine Thread - 0] INFO  ozoneimpl.OzoneContainer (OzoneContainer.java:startContainerScrub(179)) - Background container scanner has been disabled.
2019-10-01 03:07:04,696 [Datanode State Machine Thread - 0] INFO  ozoneimpl.OzoneContainer (OzoneContainer.java:startContainerScrub(179)) - Background container scanner has been disabled.
2019-10-01 03:07:04,696 [Datanode State Machine Thread - 0] INFO  ozoneimpl.OzoneContainer (OzoneContainer.java:startContainerScrub(179)) - Background container scanner has been disabled.
2019-10-01 03:07:04,696 [Datanode State Machine Thread - 0] INFO  ozoneimpl.OzoneContainer (OzoneContainer.java:startContainerScrub(179)) - Background container scanner has been disabled.
2019-10-01 03:07:04,695 [Datanode State Machine Thread - 0] INFO  ozoneimpl.OzoneContainer (OzoneContainer.java:startContainerScrub(179)) - Background container scanner has been disabled.
2019-10-01 03:07:04,695 [Datanode State Machine Thread - 0] INFO  ozoneimpl.OzoneContainer (OzoneContainer.java:startContainerScrub(179)) - Background container scanner has been disabled.
2019-10-01 03:07:04,698 [Datanode State Machine Thread - 0] INFO  ratis.XceiverServerRatis (XceiverServerRatis.java:start(417)) - Starting XceiverServerRatis 6ec1b0ff-44e9-4731-a9f0-71b705a1a7ce at port 0
2019-10-01 03:07:04,698 [Datanode State Machine Thread - 0] INFO  ratis.XceiverServerRatis (XceiverServerRatis.java:start(417)) - Starting XceiverServerRatis ea2cd4f8-b5dd-413e-a1f4-cb1e8a114cd8 at port 0
2019-10-01 03:07:04,697 [Datanode State Machine Thread - 0] INFO  ratis.XceiverServerRatis (XceiverServerRatis.java:start(417)) - Starting XceiverServerRatis 38d40372-6165-4f1a-84c5-44b0c879ef88 at port 0
2019-10-01 03:07:04,697 [Datanode State Machine Thread - 0] INFO  ratis.XceiverServerRatis (XceiverServerRatis.java:start(417)) - Starting XceiverServerRatis 3a5c29d1-b1e0-430c-9cbd-8c0e2fd6f5a8 at port 0
2019-10-01 03:07:04,697 [Datanode State Machine Thread - 0] INFO  ratis.XceiverServerRatis (XceiverServerRatis.java:start(417)) - Starting XceiverServerRatis b196b4cf-2a11-4bec-9940-77997cc467ef at port 0
2019-10-01 03:07:04,697 [Datanode State Machine Thread - 0] INFO  ratis.XceiverServerRatis (XceiverServerRatis.java:start(417)) - Starting XceiverServerRatis b5a046a5-2db3-4af9-b125-9e68b51cfdaa at port 0
2019-10-01 03:07:04,698 [Datanode State Machine Thread - 0] INFO  ratis.XceiverServerRatis (XceiverServerRatis.java:start(417)) - Starting XceiverServerRatis aa50838b-9bca-41ae-9019-de087e69da85 at port 0
2019-10-01 03:07:04,744 [Datanode State Machine Thread - 0] INFO  impl.RaftServerProxy (RaftServerProxy.java:lambda$start$3(299)) - b196b4cf-2a11-4bec-9940-77997cc467ef: start RPC server
2019-10-01 03:07:04,744 [Datanode State Machine Thread - 0] INFO  impl.RaftServerProxy (RaftServerProxy.java:lambda$start$3(299)) - 38d40372-6165-4f1a-84c5-44b0c879ef88: start RPC server
2019-10-01 03:07:04,750 [Datanode State Machine Thread - 0] INFO  server.GrpcService (GrpcService.java:startImpl(158)) - 38d40372-6165-4f1a-84c5-44b0c879ef88: GrpcService started, listening on 0.0.0.0/0.0.0.0:34058
2019-10-01 03:07:04,750 [Datanode State Machine Thread - 0] INFO  server.GrpcService (GrpcService.java:startImpl(158)) - b196b4cf-2a11-4bec-9940-77997cc467ef: GrpcService started, listening on 0.0.0.0/0.0.0.0:42301
2019-10-01 03:07:04,750 [Datanode State Machine Thread - 0] INFO  ratis.XceiverServerRatis (XceiverServerRatis.java:start(427)) - XceiverServerRatis 38d40372-6165-4f1a-84c5-44b0c879ef88 is started using port 34058
2019-10-01 03:07:04,750 [Datanode State Machine Thread - 0] INFO  ratis.XceiverServerRatis (XceiverServerRatis.java:start(427)) - XceiverServerRatis b196b4cf-2a11-4bec-9940-77997cc467ef is started using port 42301
2019-10-01 03:07:04,751 [Datanode State Machine Thread - 0] INFO  impl.RaftServerProxy (RaftServerProxy.java:lambda$start$3(299)) - 9bc8a72b-4314-4431-b6ae-d0ce471f6d5e: start RPC server
2019-10-01 03:07:04,751 [Datanode State Machine Thread - 0] INFO  server.XceiverServerGrpc (XceiverServerGrpc.java:start(149)) - XceiverServerGrpc 38d40372-6165-4f1a-84c5-44b0c879ef88 is started using port 38451
2019-10-01 03:07:04,751 [Datanode State Machine Thread - 0] INFO  impl.RaftServerProxy (RaftServerProxy.java:lambda$start$3(299)) - 6ec1b0ff-44e9-4731-a9f0-71b705a1a7ce: start RPC server
2019-10-01 03:07:04,755 [Datanode State Machine Thread - 0] INFO  server.XceiverServerGrpc (XceiverServerGrpc.java:start(149)) - XceiverServerGrpc b196b4cf-2a11-4bec-9940-77997cc467ef is started using port 34191
2019-10-01 03:07:04,757 [Datanode State Machine Thread - 0] INFO  impl.RaftServerProxy (RaftServerProxy.java:lambda$start$3(299)) - aa50838b-9bca-41ae-9019-de087e69da85: start RPC server
2019-10-01 03:07:04,759 [Datanode State Machine Thread - 0] INFO  server.GrpcService (GrpcService.java:startImpl(158)) - 9bc8a72b-4314-4431-b6ae-d0ce471f6d5e: GrpcService started, listening on 0.0.0.0/0.0.0.0:39954
2019-10-01 03:07:04,759 [Datanode State Machine Thread - 0] INFO  impl.RaftServerProxy (RaftServerProxy.java:lambda$start$3(299)) - b5a046a5-2db3-4af9-b125-9e68b51cfdaa: start RPC server
2019-10-01 03:07:04,759 [Datanode State Machine Thread - 0] INFO  ratis.XceiverServerRatis (XceiverServerRatis.java:start(427)) - XceiverServerRatis 9bc8a72b-4314-4431-b6ae-d0ce471f6d5e is started using port 39954
2019-10-01 03:07:04,759 [Datanode State Machine Thread - 0] INFO  server.GrpcService (GrpcService.java:startImpl(158)) - aa50838b-9bca-41ae-9019-de087e69da85: GrpcService started, listening on 0.0.0.0/0.0.0.0:39705
2019-10-01 03:07:04,759 [Datanode State Machine Thread - 0] INFO  server.GrpcService (GrpcService.java:startImpl(158)) - 6ec1b0ff-44e9-4731-a9f0-71b705a1a7ce: GrpcService started, listening on 0.0.0.0/0.0.0.0:46239
2019-10-01 03:07:04,761 [Datanode State Machine Thread - 0] INFO  server.XceiverServerGrpc (XceiverServerGrpc.java:start(149)) - XceiverServerGrpc 9bc8a72b-4314-4431-b6ae-d0ce471f6d5e is started using port 42926
2019-10-01 03:07:04,760 [Datanode State Machine Thread - 0] INFO  ratis.XceiverServerRatis (XceiverServerRatis.java:start(427)) - XceiverServerRatis aa50838b-9bca-41ae-9019-de087e69da85 is started using port 39705
2019-10-01 03:07:04,760 [Datanode State Machine Thread - 0] INFO  server.GrpcService (GrpcService.java:startImpl(158)) - b5a046a5-2db3-4af9-b125-9e68b51cfdaa: GrpcService started, listening on 0.0.0.0/0.0.0.0:35125
2019-10-01 03:07:04,761 [Datanode State Machine Thread - 0] INFO  ratis.XceiverServerRatis (XceiverServerRatis.java:start(427)) - XceiverServerRatis 6ec1b0ff-44e9-4731-a9f0-71b705a1a7ce is started using port 46239
2019-10-01 03:07:04,762 [Datanode State Machine Thread - 0] INFO  ratis.XceiverServerRatis (XceiverServerRatis.java:start(427)) - XceiverServerRatis b5a046a5-2db3-4af9-b125-9e68b51cfdaa is started using port 35125
2019-10-01 03:07:04,762 [Datanode State Machine Thread - 0] INFO  server.XceiverServerGrpc (XceiverServerGrpc.java:start(149)) - XceiverServerGrpc aa50838b-9bca-41ae-9019-de087e69da85 is started using port 40377
2019-10-01 03:07:04,762 [Datanode State Machine Thread - 0] INFO  server.XceiverServerGrpc (XceiverServerGrpc.java:start(149)) - XceiverServerGrpc 6ec1b0ff-44e9-4731-a9f0-71b705a1a7ce is started using port 35498
2019-10-01 03:07:04,762 [Datanode State Machine Thread - 0] INFO  impl.RaftServerProxy (RaftServerProxy.java:lambda$start$3(299)) - ea2cd4f8-b5dd-413e-a1f4-cb1e8a114cd8: start RPC server
2019-10-01 03:07:04,762 [Datanode State Machine Thread - 0] INFO  server.XceiverServerGrpc (XceiverServerGrpc.java:start(149)) - XceiverServerGrpc b5a046a5-2db3-4af9-b125-9e68b51cfdaa is started using port 40445
2019-10-01 03:07:04,779 [Datanode State Machine Thread - 0] INFO  server.GrpcService (GrpcService.java:startImpl(158)) - ea2cd4f8-b5dd-413e-a1f4-cb1e8a114cd8: GrpcService started, listening on 0.0.0.0/0.0.0.0:33875
2019-10-01 03:07:04,779 [Datanode State Machine Thread - 0] INFO  ratis.XceiverServerRatis (XceiverServerRatis.java:start(427)) - XceiverServerRatis ea2cd4f8-b5dd-413e-a1f4-cb1e8a114cd8 is started using port 33875
2019-10-01 03:07:04,782 [Datanode State Machine Thread - 0] INFO  server.XceiverServerGrpc (XceiverServerGrpc.java:start(149)) - XceiverServerGrpc ea2cd4f8-b5dd-413e-a1f4-cb1e8a114cd8 is started using port 42662
2019-10-01 03:07:04,782 [Datanode State Machine Thread - 0] INFO  impl.RaftServerProxy (RaftServerProxy.java:lambda$start$3(299)) - 3a5c29d1-b1e0-430c-9cbd-8c0e2fd6f5a8: start RPC server
2019-10-01 03:07:04,791 [Datanode State Machine Thread - 0] INFO  server.GrpcService (GrpcService.java:startImpl(158)) - 3a5c29d1-b1e0-430c-9cbd-8c0e2fd6f5a8: GrpcService started, listening on 0.0.0.0/0.0.0.0:33042
2019-10-01 03:07:04,791 [Datanode State Machine Thread - 0] INFO  ratis.XceiverServerRatis (XceiverServerRatis.java:start(427)) - XceiverServerRatis 3a5c29d1-b1e0-430c-9cbd-8c0e2fd6f5a8 is started using port 33042
2019-10-01 03:07:04,792 [Datanode State Machine Thread - 0] INFO  server.XceiverServerGrpc (XceiverServerGrpc.java:start(149)) - XceiverServerGrpc 3a5c29d1-b1e0-430c-9cbd-8c0e2fd6f5a8 is started using port 44954
2019-10-01 03:07:04,998 [main] INFO  ozone.MiniOzoneClusterImpl (MiniOzoneClusterImpl.java:lambda$waitForClusterToBeReady$0(147)) - Waiting for cluster to be ready. Got 0 of 10 DN Heartbeats.
2019-10-01 03:07:05,262 [IPC Server handler 10 on 35324] INFO  net.NetworkTopology (NetworkTopologyImpl.java:add(111)) - Added a new node: /rack1/9bc8a72b-4314-4431-b6ae-d0ce471f6d5e
2019-10-01 03:07:05,264 [IPC Server handler 10 on 35324] INFO  node.SCMNodeManager (SCMNodeManager.java:register(266)) - Registered Data node : 9bc8a72b-4314-4431-b6ae-d0ce471f6d5e{ip: 192.168.151.109, host: pr-hdds-1984-zmhd5-2369693365, networkLocation: /rack1, certSerialId: null}
2019-10-01 03:07:05,266 [EventQueue-NodeRegistrationContainerReportForDataNodeSafeModeRule] INFO  safemode.SCMSafeModeManager (DataNodeSafeModeRule.java:process(71)) - SCM in safe mode. 1 DataNodes registered, 1 required.
2019-10-01 03:07:05,269 [EventQueue-NodeRegistrationContainerReportForDataNodeSafeModeRule] INFO  safemode.SCMSafeModeManager (SCMSafeModeManager.java:validateSafeModeExitRules(177)) - ScmSafeModeManager, all rules are successfully validated
2019-10-01 03:07:05,269 [EventQueue-NodeRegistrationContainerReportForDataNodeSafeModeRule] INFO  safemode.SCMSafeModeManager (SCMSafeModeManager.java:exitSafeMode(193)) - SCM exiting safe mode.
2019-10-01 03:07:05,322 [grpc-default-executor-0] INFO  impl.RaftServerProxy (RaftServerProxy.java:addNew(89)) - 9bc8a72b-4314-4431-b6ae-d0ce471f6d5e: addNew group-D2E11834BA1D:[9bc8a72b-4314-4431-b6ae-d0ce471f6d5e:192.168.151.109:39954] returns group-D2E11834BA1D:java.util.concurrent.CompletableFuture@7f2e5b47[Not completed]
2019-10-01 03:07:05,325 [pool-389-thread-1] INFO  impl.RaftServerImpl (RaftServerImpl.java:<init>(95)) - 9bc8a72b-4314-4431-b6ae-d0ce471f6d5e: new RaftServerImpl for group-D2E11834BA1D:[9bc8a72b-4314-4431-b6ae-d0ce471f6d5e:192.168.151.109:39954] with ContainerStateMachine:uninitialized
2019-10-01 03:07:05,325 [pool-389-thread-1] INFO  server.RaftServerConfigKeys (ConfUtils.java:logGet(43)) - raft.server.rpc.timeout.min = 1s (custom)
2019-10-01 03:07:05,325 [pool-389-thread-1] INFO  server.RaftServerConfigKeys (ConfUtils.java:logGet(43)) - raft.server.rpc.timeout.max = 1200ms (custom)
2019-10-01 03:07:05,325 [pool-389-thread-1] INFO  server.RaftServerConfigKeys (ConfUtils.java:logGet(43)) - raft.server.rpcslowness.timeout = 120s (custom)
2019-10-01 03:07:05,326 [pool-389-thread-1] INFO  server.RaftServerConfigKeys (ConfUtils.java:logGet(43)) - raft.server.sleep.deviation.threshold = 300 (default)
2019-10-01 03:07:05,326 [pool-389-thread-1] INFO  server.RaftServerConfigKeys (ConfUtils.java:logGet(43)) - raft.server.log.appender.install.snapshot.enabled = false (custom)
2019-10-01 03:07:05,326 [pool-389-thread-1] INFO  impl.RaftServerImpl (ServerState.java:<init>(103)) - 9bc8a72b-4314-4431-b6ae-d0ce471f6d5e@group-D2E11834BA1D: ConfigurationManager, init=-1: [9bc8a72b-4314-4431-b6ae-d0ce471f6d5e:192.168.151.109:39954], old=null, confs=<EMPTY_MAP>
2019-10-01 03:07:05,326 [pool-389-thread-1] INFO  server.RaftServerConfigKeys (ConfUtils.java:logGet(43)) - raft.server.storage.dir = [/workdir/hadoop-ozone/integration-test/target/test-dir/MiniOzoneClusterImpl-6e28ac15-3a1e-4d59-8f42-f38d89fb0b8d/datanode-0/data/ratis] (custom)
2019-10-01 03:07:05,327 [pool-389-thread-1] INFO  server.RaftServerConfigKeys (ConfUtils.java:logGet(43)) - raft.server.log.corruption.policy = EXCEPTION (default)
2019-10-01 03:07:05,327 [pool-389-thread-1] INFO  storage.RaftStorageDirectory (RaftStorageDirectory.java:analyzeStorage(246)) - The storage directory /workdir/hadoop-ozone/integration-test/target/test-dir/MiniOzoneClusterImpl-6e28ac15-3a1e-4d59-8f42-f38d89fb0b8d/datanode-0/data/ratis/c408d948-6f30-4e11-b492-d2e11834ba1d does not exist. Creating ...
2019-10-01 03:07:05,336 [IPC Server handler 9 on 35324] INFO  net.NetworkTopology (NetworkTopologyImpl.java:add(111)) - Added a new node: /rack1/b196b4cf-2a11-4bec-9940-77997cc467ef
2019-10-01 03:07:05,336 [IPC Server handler 9 on 35324] INFO  node.SCMNodeManager (SCMNodeManager.java:register(266)) - Registered Data node : b196b4cf-2a11-4bec-9940-77997cc467ef{ip: 192.168.151.109, host: pr-hdds-1984-zmhd5-2369693365, networkLocation: /rack1, certSerialId: null}
2019-10-01 03:07:05,422 [IPC Server handler 3 on 35324] INFO  net.NetworkTopology (NetworkTopologyImpl.java:add(111)) - Added a new node: /rack1/3a5c29d1-b1e0-430c-9cbd-8c0e2fd6f5a8
2019-10-01 03:07:05,422 [IPC Server handler 3 on 35324] INFO  node.SCMNodeManager (SCMNodeManager.java:register(266)) - Registered Data node : 3a5c29d1-b1e0-430c-9cbd-8c0e2fd6f5a8{ip: 192.168.151.109, host: pr-hdds-1984-zmhd5-2369693365, networkLocation: /rack1, certSerialId: null}
2019-10-01 03:07:05,477 [Datanode State Machine Thread - 0] INFO  ozoneimpl.OzoneContainer (OzoneContainer.java:start(217)) - Attempting to start container services.
2019-10-01 03:07:05,477 [Datanode State Machine Thread - 0] INFO  ozoneimpl.OzoneContainer (OzoneContainer.java:start(217)) - Attempting to start container services.
2019-10-01 03:07:05,477 [Datanode State Machine Thread - 0] INFO  ozoneimpl.OzoneContainer (OzoneContainer.java:startContainerScrub(179)) - Background container scanner has been disabled.
2019-10-01 03:07:05,477 [Datanode State Machine Thread - 0] INFO  ozoneimpl.OzoneContainer (OzoneContainer.java:startContainerScrub(179)) - Background container scanner has been disabled.
2019-10-01 03:07:05,477 [Datanode State Machine Thread - 0] INFO  ratis.XceiverServerRatis (XceiverServerRatis.java:start(417)) - Starting XceiverServerRatis f56bbf36-021a-4531-8ada-dba823737717 at port 0
2019-10-01 03:07:05,477 [Datanode State Machine Thread - 0] INFO  ratis.XceiverServerRatis (XceiverServerRatis.java:start(417)) - Starting XceiverServerRatis 7404321f-209f-457d-9de5-d648d2bc600a at port 0
2019-10-01 03:07:05,491 [Datanode State Machine Thread - 0] INFO  impl.RaftServerProxy (RaftServerProxy.java:lambda$start$3(299)) - f56bbf36-021a-4531-8ada-dba823737717: start RPC server
2019-10-01 03:07:05,491 [Datanode State Machine Thread - 0] INFO  impl.RaftServerProxy (RaftServerProxy.java:lambda$start$3(299)) - 7404321f-209f-457d-9de5-d648d2bc600a: start RPC server
2019-10-01 03:07:05,492 [Datanode State Machine Thread - 0] INFO  server.GrpcService (GrpcService.java:startImpl(158)) - f56bbf36-021a-4531-8ada-dba823737717: GrpcService started, listening on 0.0.0.0/0.0.0.0:34767
2019-10-01 03:07:05,492 [Datanode State Machine Thread - 0] INFO  server.GrpcService (GrpcService.java:startImpl(158)) - 7404321f-209f-457d-9de5-d648d2bc600a: GrpcService started, listening on 0.0.0.0/0.0.0.0:46370
2019-10-01 03:07:05,492 [Datanode State Machine Thread - 0] INFO  ratis.XceiverServerRatis (XceiverServerRatis.java:start(427)) - XceiverServerRatis f56bbf36-021a-4531-8ada-dba823737717 is started using port 34767
2019-10-01 03:07:05,492 [Datanode State Machine Thread - 0] INFO  ratis.XceiverServerRatis (XceiverServerRatis.java:start(427)) - XceiverServerRatis 7404321f-209f-457d-9de5-d648d2bc600a is started using port 46370
2019-10-01 03:07:05,505 [Datanode State Machine Thread - 0] INFO  server.XceiverServerGrpc (XceiverServerGrpc.java:start(149)) - XceiverServerGrpc f56bbf36-021a-4531-8ada-dba823737717 is started using port 43602
2019-10-01 03:07:05,509 [Datanode State Machine Thread - 0] INFO  server.XceiverServerGrpc (XceiverServerGrpc.java:start(149)) - XceiverServerGrpc 7404321f-209f-457d-9de5-d648d2bc600a is started using port 35493
2019-10-01 03:07:05,512 [IPC Server handler 11 on 35324] INFO  net.NetworkTopology (NetworkTopologyImpl.java:add(111)) - Added a new node: /rack1/ea2cd4f8-b5dd-413e-a1f4-cb1e8a114cd8
2019-10-01 03:07:05,513 [IPC Server handler 11 on 35324] INFO  node.SCMNodeManager (SCMNodeManager.java:register(266)) - Registered Data node : ea2cd4f8-b5dd-413e-a1f4-cb1e8a114cd8{ip: 192.168.151.109, host: pr-hdds-1984-zmhd5-2369693365, networkLocation: /rack1, certSerialId: null}
2019-10-01 03:07:05,588 [IPC Server handler 13 on 35324] INFO  net.NetworkTopology (NetworkTopologyImpl.java:add(111)) - Added a new node: /rack1/b5a046a5-2db3-4af9-b125-9e68b51cfdaa
2019-10-01 03:07:05,588 [IPC Server handler 13 on 35324] INFO  node.SCMNodeManager (SCMNodeManager.java:register(266)) - Registered Data node : b5a046a5-2db3-4af9-b125-9e68b51cfdaa{ip: 192.168.151.109, host: pr-hdds-1984-zmhd5-2369693365, networkLocation: /rack1, certSerialId: null}
2019-10-01 03:07:05,666 [IPC Server handler 7 on 35324] INFO  net.NetworkTopology (NetworkTopologyImpl.java:add(111)) - Added a new node: /rack1/38d40372-6165-4f1a-84c5-44b0c879ef88
2019-10-01 03:07:05,666 [IPC Server handler 7 on 35324] INFO  node.SCMNodeManager (SCMNodeManager.java:register(266)) - Registered Data node : 38d40372-6165-4f1a-84c5-44b0c879ef88{ip: 192.168.151.109, host: pr-hdds-1984-zmhd5-2369693365, networkLocation: /rack1, certSerialId: null}
2019-10-01 03:07:05,747 [IPC Server handler 1 on 35324] INFO  net.NetworkTopology (NetworkTopologyImpl.java:add(111)) - Added a new node: /rack1/6ec1b0ff-44e9-4731-a9f0-71b705a1a7ce
2019-10-01 03:07:05,747 [IPC Server handler 1 on 35324] INFO  node.SCMNodeManager (SCMNodeManager.java:register(266)) - Registered Data node : 6ec1b0ff-44e9-4731-a9f0-71b705a1a7ce{ip: 192.168.151.109, host: pr-hdds-1984-zmhd5-2369693365, networkLocation: /rack1, certSerialId: null}
2019-10-01 03:07:05,826 [IPC Server handler 2 on 35324] INFO  net.NetworkTopology (NetworkTopologyImpl.java:add(111)) - Added a new node: /rack1/aa50838b-9bca-41ae-9019-de087e69da85
2019-10-01 03:07:05,826 [IPC Server handler 2 on 35324] INFO  node.SCMNodeManager (SCMNodeManager.java:register(266)) - Registered Data node : aa50838b-9bca-41ae-9019-de087e69da85{ip: 192.168.151.109, host: pr-hdds-1984-zmhd5-2369693365, networkLocation: /rack1, certSerialId: null}
2019-10-01 03:07:05,920 [IPC Server handler 12 on 35324] INFO  net.NetworkTopology (NetworkTopologyImpl.java:add(111)) - Added a new node: /rack1/7404321f-209f-457d-9de5-d648d2bc600a
2019-10-01 03:07:05,920 [IPC Server handler 12 on 35324] INFO  node.SCMNodeManager (SCMNodeManager.java:register(266)) - Registered Data node : 7404321f-209f-457d-9de5-d648d2bc600a{ip: 192.168.151.109, host: pr-hdds-1984-zmhd5-2369693365, networkLocation: /rack1, certSerialId: null}
2019-10-01 03:07:05,999 [IPC Server handler 10 on 35324] INFO  net.NetworkTopology (NetworkTopologyImpl.java:add(111)) - Added a new node: /rack1/f56bbf36-021a-4531-8ada-dba823737717
2019-10-01 03:07:05,999 [IPC Server handler 10 on 35324] INFO  node.SCMNodeManager (SCMNodeManager.java:register(266)) - Registered Data node : f56bbf36-021a-4531-8ada-dba823737717{ip: 192.168.151.109, host: pr-hdds-1984-zmhd5-2369693365, networkLocation: /rack1, certSerialId: null}
2019-10-01 03:07:05,999 [main] INFO  ozone.MiniOzoneClusterImpl (MiniOzoneClusterImpl.java:lambda$waitForClusterToBeReady$0(147)) - Cluster is ready. Got 10 of 10 DN Heartbeats.
2019-10-01 03:07:06,074 [main] INFO  rpc.RpcClient (RpcClient.java:createVolume(276)) - Creating Volume: datanodefailurehandlingtest, with jenkins1000 as owner.
2019-10-01 03:07:06,099 [IPC Server handler 2 on 43026] INFO  volume.OMVolumeCreateRequest (OMVolumeCreateRequest.java:validateAndUpdateCache(194)) - created volume:datanodefailurehandlingtest for user:jenkins1000
2019-10-01 03:07:06,327 [main] INFO  rpc.RpcClient (RpcClient.java:createBucket(415)) - Creating Bucket: datanodefailurehandlingtest/datanodefailurehandlingtest, with Versioning false and Storage Type set to DISK and Encryption set to false 
2019-10-01 03:07:06,810 [pool-389-thread-1] INFO  storage.RaftStorageDirectory (RaftStorageDirectory.java:tryLock(328)) - Lock on /workdir/hadoop-ozone/integration-test/target/test-dir/MiniOzoneClusterImpl-6e28ac15-3a1e-4d59-8f42-f38d89fb0b8d/datanode-0/data/ratis/c408d948-6f30-4e11-b492-d2e11834ba1d/in_use.lock acquired by nodename 5860@pr-hdds-1984-zmhd5-2369693365
2019-10-01 03:07:08,271 [Thread-2701] INFO  container.ReplicationManager (ReplicationManager.java:start(162)) - Starting Replication Monitor Thread.
2019-10-01 03:07:08,277 [ReplicationMonitor] INFO  container.ReplicationManager (ReplicationManager.java:run(225)) - Replication Monitor Thread took 0 milliseconds for processing 0 containers.
2019-10-01 03:07:08,318 [RATISCREATEPIPELINE1] ERROR pipeline.RatisPipelineProvider (RatisPipelineProvider.java:lambda$null$5(235)) - Failed invoke Ratis rpc org.apache.hadoop.hdds.scm.pipeline.RatisPipelineProvider$$Lambda$193/945171117@12b8c70e for 9bc8a72b-4314-4431-b6ae-d0ce471f6d5e
org.apache.ratis.protocol.TimeoutIOException: deadline exceeded after 2999344368ns
	at org.apache.ratis.grpc.GrpcUtil.tryUnwrapException(GrpcUtil.java:82)
	at org.apache.ratis.grpc.GrpcUtil.unwrapException(GrpcUtil.java:75)
	at org.apache.ratis.grpc.client.GrpcClientProtocolClient.blockingCall(GrpcClientProtocolClient.java:184)
	at org.apache.ratis.grpc.client.GrpcClientProtocolClient.groupAdd(GrpcClientProtocolClient.java:153)
	at org.apache.ratis.grpc.client.GrpcClientRpc.sendRequest(GrpcClientRpc.java:94)
	at org.apache.ratis.client.impl.RaftClientImpl.sendRequest(RaftClientImpl.java:278)
	at org.apache.ratis.client.impl.RaftClientImpl.groupAdd(RaftClientImpl.java:205)
	at org.apache.hadoop.hdds.scm.pipeline.RatisPipelineProvider.lambda$initializePipeline$4(RatisPipelineProvider.java:196)
	at org.apache.hadoop.hdds.scm.pipeline.RatisPipelineProvider.lambda$null$5(RatisPipelineProvider.java:231)
	at java.util.stream.ForEachOps$ForEachOp$OfRef.accept(ForEachOps.java:184)
	at java.util.ArrayList$ArrayListSpliterator.forEachRemaining(ArrayList.java:1382)
	at java.util.stream.AbstractPipeline.copyInto(AbstractPipeline.java:482)
	at java.util.stream.ForEachOps$ForEachTask.compute(ForEachOps.java:291)
	at java.util.concurrent.CountedCompleter.exec(CountedCompleter.java:731)
	at java.util.concurrent.ForkJoinTask.doExec(ForkJoinTask.java:289)
	at java.util.concurrent.ForkJoinTask.doInvoke(ForkJoinTask.java:401)
	at java.util.concurrent.ForkJoinTask.invoke(ForkJoinTask.java:734)
	at java.util.stream.ForEachOps$ForEachOp.evaluateParallel(ForEachOps.java:160)
	at java.util.stream.ForEachOps$ForEachOp$OfRef.evaluateParallel(ForEachOps.java:174)
	at java.util.stream.AbstractPipeline.evaluate(AbstractPipeline.java:233)
	at java.util.stream.ReferencePipeline.forEach(ReferencePipeline.java:418)
	at java.util.stream.ReferencePipeline$Head.forEach(ReferencePipeline.java:583)
	at org.apache.hadoop.hdds.scm.pipeline.RatisPipelineProvider.lambda$callRatisRpc$6(RatisPipelineProvider.java:225)
	at java.util.concurrent.ForkJoinTask$AdaptedRunnableAction.exec(ForkJoinTask.java:1386)
	at java.util.concurrent.ForkJoinTask.doExec(ForkJoinTask.java:289)
	at java.util.concurrent.ForkJoinPool$WorkQueue.runTask(ForkJoinPool.java:1056)
	at java.util.concurrent.ForkJoinPool.runWorker(ForkJoinPool.java:1692)
	at java.util.concurrent.ForkJoinWorkerThread.run(ForkJoinWorkerThread.java:157)
Caused by: org.apache.ratis.thirdparty.io.grpc.StatusRuntimeException: DEADLINE_EXCEEDED: deadline exceeded after 2999344368ns
	at org.apache.ratis.thirdparty.io.grpc.stub.ClientCalls.toStatusRuntimeException(ClientCalls.java:233)
	at org.apache.ratis.thirdparty.io.grpc.stub.ClientCalls.getUnchecked(ClientCalls.java:214)
	at org.apache.ratis.thirdparty.io.grpc.stub.ClientCalls.blockingUnaryCall(ClientCalls.java:139)
	at org.apache.ratis.proto.grpc.AdminProtocolServiceGrpc$AdminProtocolServiceBlockingStub.groupManagement(AdminProtocolServiceGrpc.java:274)
	at org.apache.ratis.grpc.client.GrpcClientProtocolClient.lambda$groupAdd$3(GrpcClientProtocolClient.java:155)
	at org.apache.ratis.grpc.client.GrpcClientProtocolClient.blockingCall(GrpcClientProtocolClient.java:182)
	... 25 more
2019-10-01 03:07:08,354 [grpc-default-executor-1] INFO  impl.RaftServerProxy (RaftServerProxy.java:addNew(89)) - aa50838b-9bca-41ae-9019-de087e69da85: addNew group-2964750D5D22:[aa50838b-9bca-41ae-9019-de087e69da85:192.168.151.109:39705, f56bbf36-021a-4531-8ada-dba823737717:192.168.151.109:34767, 7404321f-209f-457d-9de5-d648d2bc600a:192.168.151.109:46370] returns group-2964750D5D22:java.util.concurrent.CompletableFuture@5f71cf77[Not completed]
2019-10-01 03:07:08,355 [grpc-default-executor-3] INFO  impl.RaftServerProxy (RaftServerProxy.java:addNew(89)) - f56bbf36-021a-4531-8ada-dba823737717: addNew group-2964750D5D22:[aa50838b-9bca-41ae-9019-de087e69da85:192.168.151.109:39705, f56bbf36-021a-4531-8ada-dba823737717:192.168.151.109:34767, 7404321f-209f-457d-9de5-d648d2bc600a:192.168.151.109:46370] returns group-2964750D5D22:java.util.concurrent.CompletableFuture@25f5161a[Not completed]
2019-10-01 03:07:08,355 [grpc-default-executor-0] INFO  impl.RaftServerProxy (RaftServerProxy.java:addNew(89)) - 7404321f-209f-457d-9de5-d648d2bc600a: addNew group-2964750D5D22:[aa50838b-9bca-41ae-9019-de087e69da85:192.168.151.109:39705, f56bbf36-021a-4531-8ada-dba823737717:192.168.151.109:34767, 7404321f-209f-457d-9de5-d648d2bc600a:192.168.151.109:46370] returns group-2964750D5D22:java.util.concurrent.CompletableFuture@6b959002[Not completed]
2019-10-01 03:07:08,356 [pool-459-thread-1] INFO  impl.RaftServerImpl (RaftServerImpl.java:<init>(95)) - aa50838b-9bca-41ae-9019-de087e69da85: new RaftServerImpl for group-2964750D5D22:[aa50838b-9bca-41ae-9019-de087e69da85:192.168.151.109:39705, f56bbf36-021a-4531-8ada-dba823737717:192.168.151.109:34767, 7404321f-209f-457d-9de5-d648d2bc600a:192.168.151.109:46370] with ContainerStateMachine:uninitialized
2019-10-01 03:07:08,356 [pool-459-thread-1] INFO  server.RaftServerConfigKeys (ConfUtils.java:logGet(43)) - raft.server.rpc.timeout.min = 1s (custom)
2019-10-01 03:07:08,356 [pool-459-thread-1] INFO  server.RaftServerConfigKeys (ConfUtils.java:logGet(43)) - raft.server.rpc.timeout.max = 1200ms (custom)
2019-10-01 03:07:08,356 [pool-459-thread-1] INFO  server.RaftServerConfigKeys (ConfUtils.java:logGet(43)) - raft.server.rpcslowness.timeout = 120s (custom)
2019-10-01 03:07:08,356 [pool-459-thread-1] INFO  server.RaftServerConfigKeys (ConfUtils.java:logGet(43)) - raft.server.sleep.deviation.threshold = 300 (default)
2019-10-01 03:07:08,356 [pool-469-thread-1] INFO  impl.RaftServerImpl (RaftServerImpl.java:<init>(95)) - 7404321f-209f-457d-9de5-d648d2bc600a: new RaftServerImpl for group-2964750D5D22:[aa50838b-9bca-41ae-9019-de087e69da85:192.168.151.109:39705, f56bbf36-021a-4531-8ada-dba823737717:192.168.151.109:34767, 7404321f-209f-457d-9de5-d648d2bc600a:192.168.151.109:46370] with ContainerStateMachine:uninitialized
2019-10-01 03:07:08,356 [pool-459-thread-1] INFO  server.RaftServerConfigKeys (ConfUtils.java:logGet(43)) - raft.server.log.appender.install.snapshot.enabled = false (custom)
2019-10-01 03:07:08,357 [pool-469-thread-1] INFO  server.RaftServerConfigKeys (ConfUtils.java:logGet(43)) - raft.server.rpc.timeout.min = 1s (custom)
2019-10-01 03:07:08,357 [pool-459-thread-1] INFO  impl.RaftServerImpl (ServerState.java:<init>(103)) - aa50838b-9bca-41ae-9019-de087e69da85@group-2964750D5D22: ConfigurationManager, init=-1: [aa50838b-9bca-41ae-9019-de087e69da85:192.168.151.109:39705, f56bbf36-021a-4531-8ada-dba823737717:192.168.151.109:34767, 7404321f-209f-457d-9de5-d648d2bc600a:192.168.151.109:46370], old=null, confs=<EMPTY_MAP>
2019-10-01 03:07:08,357 [pool-469-thread-1] INFO  server.RaftServerConfigKeys (ConfUtils.java:logGet(43)) - raft.server.rpc.timeout.max = 1200ms (custom)
2019-10-01 03:07:08,357 [pool-479-thread-1] INFO  impl.RaftServerImpl (RaftServerImpl.java:<init>(95)) - f56bbf36-021a-4531-8ada-dba823737717: new RaftServerImpl for group-2964750D5D22:[aa50838b-9bca-41ae-9019-de087e69da85:192.168.151.109:39705, f56bbf36-021a-4531-8ada-dba823737717:192.168.151.109:34767, 7404321f-209f-457d-9de5-d648d2bc600a:192.168.151.109:46370] with ContainerStateMachine:uninitialized
2019-10-01 03:07:08,357 [pool-469-thread-1] INFO  server.RaftServerConfigKeys (ConfUtils.java:logGet(43)) - raft.server.rpcslowness.timeout = 120s (custom)
2019-10-01 03:07:08,357 [pool-459-thread-1] INFO  server.RaftServerConfigKeys (ConfUtils.java:logGet(43)) - raft.server.storage.dir = [/workdir/hadoop-ozone/integration-test/target/test-dir/MiniOzoneClusterImpl-6e28ac15-3a1e-4d59-8f42-f38d89fb0b8d/datanode-7/data/ratis] (custom)
2019-10-01 03:07:08,357 [pool-469-thread-1] INFO  server.RaftServerConfigKeys (ConfUtils.java:logGet(43)) - raft.server.sleep.deviation.threshold = 300 (default)
2019-10-01 03:07:08,357 [pool-479-thread-1] INFO  server.RaftServerConfigKeys (ConfUtils.java:logGet(43)) - raft.server.rpc.timeout.min = 1s (custom)
2019-10-01 03:07:08,358 [pool-469-thread-1] INFO  server.RaftServerConfigKeys (ConfUtils.java:logGet(43)) - raft.server.log.appender.install.snapshot.enabled = false (custom)
2019-10-01 03:07:08,358 [pool-459-thread-1] INFO  server.RaftServerConfigKeys (ConfUtils.java:logGet(43)) - raft.server.log.corruption.policy = EXCEPTION (default)
2019-10-01 03:07:08,358 [pool-469-thread-1] INFO  impl.RaftServerImpl (ServerState.java:<init>(103)) - 7404321f-209f-457d-9de5-d648d2bc600a@group-2964750D5D22: ConfigurationManager, init=-1: [aa50838b-9bca-41ae-9019-de087e69da85:192.168.151.109:39705, f56bbf36-021a-4531-8ada-dba823737717:192.168.151.109:34767, 7404321f-209f-457d-9de5-d648d2bc600a:192.168.151.109:46370], old=null, confs=<EMPTY_MAP>
2019-10-01 03:07:08,358 [pool-479-thread-1] INFO  server.RaftServerConfigKeys (ConfUtils.java:logGet(43)) - raft.server.rpc.timeout.max = 1200ms (custom)
2019-10-01 03:07:08,358 [pool-459-thread-1] INFO  storage.RaftStorageDirectory (RaftStorageDirectory.java:analyzeStorage(246)) - The storage directory /workdir/hadoop-ozone/integration-test/target/test-dir/MiniOzoneClusterImpl-6e28ac15-3a1e-4d59-8f42-f38d89fb0b8d/datanode-7/data/ratis/3853665a-0c64-46a0-b0d9-2964750d5d22 does not exist. Creating ...
2019-10-01 03:07:08,358 [pool-479-thread-1] INFO  server.RaftServerConfigKeys (ConfUtils.java:logGet(43)) - raft.server.rpcslowness.timeout = 120s (custom)
2019-10-01 03:07:08,358 [pool-469-thread-1] INFO  server.RaftServerConfigKeys (ConfUtils.java:logGet(43)) - raft.server.storage.dir = [/workdir/hadoop-ozone/integration-test/target/test-dir/MiniOzoneClusterImpl-6e28ac15-3a1e-4d59-8f42-f38d89fb0b8d/datanode-8/data/ratis] (custom)
2019-10-01 03:07:08,358 [pool-479-thread-1] INFO  server.RaftServerConfigKeys (ConfUtils.java:logGet(43)) - raft.server.sleep.deviation.threshold = 300 (default)
2019-10-01 03:07:08,359 [pool-479-thread-1] INFO  server.RaftServerConfigKeys (ConfUtils.java:logGet(43)) - raft.server.log.appender.install.snapshot.enabled = false (custom)
2019-10-01 03:07:08,359 [pool-469-thread-1] INFO  server.RaftServerConfigKeys (ConfUtils.java:logGet(43)) - raft.server.log.corruption.policy = EXCEPTION (default)
2019-10-01 03:07:08,359 [pool-479-thread-1] INFO  impl.RaftServerImpl (ServerState.java:<init>(103)) - f56bbf36-021a-4531-8ada-dba823737717@group-2964750D5D22: ConfigurationManager, init=-1: [aa50838b-9bca-41ae-9019-de087e69da85:192.168.151.109:39705, f56bbf36-021a-4531-8ada-dba823737717:192.168.151.109:34767, 7404321f-209f-457d-9de5-d648d2bc600a:192.168.151.109:46370], old=null, confs=<EMPTY_MAP>
2019-10-01 03:07:08,359 [pool-469-thread-1] INFO  storage.RaftStorageDirectory (RaftStorageDirectory.java:analyzeStorage(246)) - The storage directory /workdir/hadoop-ozone/integration-test/target/test-dir/MiniOzoneClusterImpl-6e28ac15-3a1e-4d59-8f42-f38d89fb0b8d/datanode-8/data/ratis/3853665a-0c64-46a0-b0d9-2964750d5d22 does not exist. Creating ...
2019-10-01 03:07:08,359 [pool-479-thread-1] INFO  server.RaftServerConfigKeys (ConfUtils.java:logGet(43)) - raft.server.storage.dir = [/workdir/hadoop-ozone/integration-test/target/test-dir/MiniOzoneClusterImpl-6e28ac15-3a1e-4d59-8f42-f38d89fb0b8d/datanode-9/data/ratis] (custom)
2019-10-01 03:07:08,360 [pool-479-thread-1] INFO  server.RaftServerConfigKeys (ConfUtils.java:logGet(43)) - raft.server.log.corruption.policy = EXCEPTION (default)
2019-10-01 03:07:08,360 [pool-479-thread-1] INFO  storage.RaftStorageDirectory (RaftStorageDirectory.java:analyzeStorage(246)) - The storage directory /workdir/hadoop-ozone/integration-test/target/test-dir/MiniOzoneClusterImpl-6e28ac15-3a1e-4d59-8f42-f38d89fb0b8d/datanode-9/data/ratis/3853665a-0c64-46a0-b0d9-2964750d5d22 does not exist. Creating ...
2019-10-01 03:07:11,336 [pool-389-thread-1] INFO  storage.RaftStorage (RaftStorage.java:format(84)) - Storage directory /workdir/hadoop-ozone/integration-test/target/test-dir/MiniOzoneClusterImpl-6e28ac15-3a1e-4d59-8f42-f38d89fb0b8d/datanode-0/data/ratis/c408d948-6f30-4e11-b492-d2e11834ba1d has been successfully formatted.
2019-10-01 03:07:11,336 [pool-389-thread-1] INFO  ratis.ContainerStateMachine (ContainerStateMachine.java:loadSnapshot(230)) - group-D2E11834BA1D: The snapshot info is null. Setting the last applied indexto:(t:0, i:~)
2019-10-01 03:07:11,336 [pool-389-thread-1] INFO  server.RaftServerConfigKeys (ConfUtils.java:logGet(43)) - raft.server.notification.no-leader.timeout = 120s (custom)
2019-10-01 03:07:11,336 [pool-389-thread-1] INFO  server.RaftServerConfigKeys (ConfUtils.java:logGet(43)) - raft.server.log.use.memory = false (default)
2019-10-01 03:07:11,337 [pool-389-thread-1] INFO  server.RaftServerConfigKeys (ConfUtils.java:logGet(43)) - raft.server.log.purge.gap = 1000000 (custom)
2019-10-01 03:07:11,337 [pool-389-thread-1] INFO  server.RaftServerConfigKeys (ConfUtils.java:logGet(43)) - raft.server.log.appender.buffer.byte-limit = 33554432 (custom)
2019-10-01 03:07:11,337 [pool-389-thread-1] INFO  server.RaftServerConfigKeys (ConfUtils.java:logGet(43)) - raft.server.log.segment.size.max = 1048576 (custom)
2019-10-01 03:07:11,339 [pool-389-thread-1] INFO  server.RaftServerConfigKeys (ConfUtils.java:logGet(43)) - raft.server.log.segment.cache.num.max = 2 (custom)
2019-10-01 03:07:11,340 [pool-389-thread-1] INFO  segmented.SegmentedRaftLogWorker (SegmentedRaftLogWorker.java:<init>(173)) - new 9bc8a72b-4314-4431-b6ae-d0ce471f6d5e@group-D2E11834BA1D-SegmentedRaftLogWorker for RaftStorage:Storage Directory /workdir/hadoop-ozone/integration-test/target/test-dir/MiniOzoneClusterImpl-6e28ac15-3a1e-4d59-8f42-f38d89fb0b8d/datanode-0/data/ratis/c408d948-6f30-4e11-b492-d2e11834ba1d
2019-10-01 03:07:11,340 [pool-389-thread-1] INFO  server.RaftServerConfigKeys (ConfUtils.java:logGet(43)) - raft.server.log.queue.byte-limit = 2147483647 (custom)
2019-10-01 03:07:11,340 [pool-389-thread-1] INFO  server.RaftServerConfigKeys (ConfUtils.java:logGet(43)) - raft.server.log.queue.element-limit = 1024 (custom)
2019-10-01 03:07:11,340 [pool-389-thread-1] INFO  server.RaftServerConfigKeys (ConfUtils.java:logGet(43)) - raft.server.log.segment.size.max = 1048576 (custom)
2019-10-01 03:07:11,340 [pool-389-thread-1] INFO  server.RaftServerConfigKeys (ConfUtils.java:logGet(43)) - raft.server.log.preallocated.size = 16384 (custom)
2019-10-01 03:07:11,340 [pool-389-thread-1] INFO  server.RaftServerConfigKeys (ConfUtils.java:logGet(43)) - raft.server.log.write.buffer.size = 33554432 (custom)
2019-10-01 03:07:11,340 [pool-389-thread-1] INFO  server.RaftServerConfigKeys (ConfUtils.java:logGet(43)) - raft.server.log.force.sync.num = 128 (default)
2019-10-01 03:07:11,341 [pool-389-thread-1] INFO  server.RaftServerConfigKeys (ConfUtils.java:logGet(43)) - raft.server.log.statemachine.data.sync = true (default)
2019-10-01 03:07:11,341 [pool-389-thread-1] INFO  server.RaftServerConfigKeys (ConfUtils.java:logGet(43)) - raft.server.log.statemachine.data.sync.timeout = 10s (default)
2019-10-01 03:07:11,341 [pool-389-thread-1] INFO  server.RaftServerConfigKeys (ConfUtils.java:logGet(43)) - raft.server.log.statemachine.data.sync.timeout.retry = -1 (default)
2019-10-01 03:07:11,341 [pool-389-thread-1] INFO  server.RaftServerConfigKeys (ConfUtils.java:logGet(43)) - raft.server.log.statemachine.data.caching.enabled = true (custom)
2019-10-01 03:07:11,342 [pool-389-thread-1] INFO  segmented.SegmentedRaftLogWorker (SegmentedRaftLogWorker.java:lambda$new$0(128)) - 9bc8a72b-4314-4431-b6ae-d0ce471f6d5e@group-D2E11834BA1D-SegmentedRaftLogWorker: flushIndex: setUnconditionally 0 -> -1
2019-10-01 03:07:11,343 [pool-389-thread-1] INFO  server.RaftServerConfigKeys (ConfUtils.java:logGet(43)) - raft.server.snapshot.auto.trigger.enabled = true (custom)
2019-10-01 03:07:11,343 [pool-389-thread-1] INFO  server.RaftServerConfigKeys (ConfUtils.java:logGet(43)) - raft.server.snapshot.auto.trigger.threshold = 10000 (custom)
2019-10-01 03:07:11,343 [pool-389-thread-1] INFO  server.RaftServerConfigKeys (ConfUtils.java:logGet(43)) - raft.server.snapshot.retention.file.num = 5 (custom)
2019-10-01 03:07:11,343 [pool-389-thread-1] INFO  server.RaftServerConfigKeys (ConfUtils.java:logGet(43)) - raft.server.retrycache.expirytime = 600000ms (custom)
2019-10-01 03:07:11,345 [pool-389-thread-1] INFO  impl.RaftServerImpl (RaftServerImpl.java:start(181)) - 9bc8a72b-4314-4431-b6ae-d0ce471f6d5e@group-D2E11834BA1D: start as a follower, conf=-1: [9bc8a72b-4314-4431-b6ae-d0ce471f6d5e:192.168.151.109:39954], old=null
2019-10-01 03:07:11,345 [pool-389-thread-1] INFO  impl.RaftServerImpl (RaftServerImpl.java:setRole(170)) - 9bc8a72b-4314-4431-b6ae-d0ce471f6d5e@group-D2E11834BA1D: changes role from      null to FOLLOWER at term 0 for startAsFollower
2019-10-01 03:07:11,346 [pool-389-thread-1] INFO  impl.RoleInfo (RoleInfo.java:updateAndGet(143)) - 9bc8a72b-4314-4431-b6ae-d0ce471f6d5e: start FollowerState
2019-10-01 03:07:11,360 [pool-389-thread-1] INFO  util.JmxRegister (JmxRegister.java:tryRegister(44)) - Successfully registered JMX Bean with object name Ratis:service=RaftServer,group=group-D2E11834BA1D,id=9bc8a72b-4314-4431-b6ae-d0ce471f6d5e
2019-10-01 03:07:11,361 [RATISCREATEPIPELINE1] ERROR pipeline.RatisPipelineProvider (RatisPipelineProvider.java:lambda$null$5(235)) - Failed invoke Ratis rpc org.apache.hadoop.hdds.scm.pipeline.RatisPipelineProvider$$Lambda$193/945171117@1bb4162a for aa50838b-9bca-41ae-9019-de087e69da85
org.apache.ratis.protocol.TimeoutIOException: deadline exceeded after 2999775465ns
	at org.apache.ratis.grpc.GrpcUtil.tryUnwrapException(GrpcUtil.java:82)
	at org.apache.ratis.grpc.GrpcUtil.unwrapException(GrpcUtil.java:75)
	at org.apache.ratis.grpc.client.GrpcClientProtocolClient.blockingCall(GrpcClientProtocolClient.java:184)
	at org.apache.ratis.grpc.client.GrpcClientProtocolClient.groupAdd(GrpcClientProtocolClient.java:153)
	at org.apache.ratis.grpc.client.GrpcClientRpc.sendRequest(GrpcClientRpc.java:94)
	at org.apache.ratis.client.impl.RaftClientImpl.sendRequest(RaftClientImpl.java:278)
	at org.apache.ratis.client.impl.RaftClientImpl.groupAdd(RaftClientImpl.java:205)
	at org.apache.hadoop.hdds.scm.pipeline.RatisPipelineProvider.lambda$initializePipeline$4(RatisPipelineProvider.java:196)
	at org.apache.hadoop.hdds.scm.pipeline.RatisPipelineProvider.lambda$null$5(RatisPipelineProvider.java:231)
	at java.util.stream.ForEachOps$ForEachOp$OfRef.accept(ForEachOps.java:184)
	at java.util.ArrayList$ArrayListSpliterator.forEachRemaining(ArrayList.java:1382)
	at java.util.stream.AbstractPipeline.copyInto(AbstractPipeline.java:482)
	at java.util.stream.ForEachOps$ForEachTask.compute(ForEachOps.java:291)
	at java.util.concurrent.CountedCompleter.exec(CountedCompleter.java:731)
	at java.util.concurrent.ForkJoinTask.doExec(ForkJoinTask.java:289)
	at java.util.concurrent.ForkJoinTask.doInvoke(ForkJoinTask.java:401)
	at java.util.concurrent.ForkJoinTask.invoke(ForkJoinTask.java:734)
	at java.util.stream.ForEachOps$ForEachOp.evaluateParallel(ForEachOps.java:160)
	at java.util.stream.ForEachOps$ForEachOp$OfRef.evaluateParallel(ForEachOps.java:174)
	at java.util.stream.AbstractPipeline.evaluate(AbstractPipeline.java:233)
	at java.util.stream.ReferencePipeline.forEach(ReferencePipeline.java:418)
	at java.util.stream.ReferencePipeline$Head.forEach(ReferencePipeline.java:583)
	at org.apache.hadoop.hdds.scm.pipeline.RatisPipelineProvider.lambda$callRatisRpc$6(RatisPipelineProvider.java:225)
	at java.util.concurrent.ForkJoinTask$AdaptedRunnableAction.exec(ForkJoinTask.java:1386)
	at java.util.concurrent.ForkJoinTask.doExec(ForkJoinTask.java:289)
	at java.util.concurrent.ForkJoinPool$WorkQueue.runTask(ForkJoinPool.java:1056)
	at java.util.concurrent.ForkJoinPool.runWorker(ForkJoinPool.java:1692)
	at java.util.concurrent.ForkJoinWorkerThread.run(ForkJoinWorkerThread.java:157)
Caused by: org.apache.ratis.thirdparty.io.grpc.StatusRuntimeException: DEADLINE_EXCEEDED: deadline exceeded after 2999775465ns
	at org.apache.ratis.thirdparty.io.grpc.stub.ClientCalls.toStatusRuntimeException(ClientCalls.java:233)
	at org.apache.ratis.thirdparty.io.grpc.stub.ClientCalls.getUnchecked(ClientCalls.java:214)
	at org.apache.ratis.thirdparty.io.grpc.stub.ClientCalls.blockingUnaryCall(ClientCalls.java:139)
	at org.apache.ratis.proto.grpc.AdminProtocolServiceGrpc$AdminProtocolServiceBlockingStub.groupManagement(AdminProtocolServiceGrpc.java:274)
	at org.apache.ratis.grpc.client.GrpcClientProtocolClient.lambda$groupAdd$3(GrpcClientProtocolClient.java:155)
	at org.apache.ratis.grpc.client.GrpcClientProtocolClient.blockingCall(GrpcClientProtocolClient.java:182)
	... 25 more
2019-10-01 03:07:11,361 [RATISCREATEPIPELINE2] ERROR pipeline.RatisPipelineProvider (RatisPipelineProvider.java:lambda$null$5(235)) - Failed invoke Ratis rpc org.apache.hadoop.hdds.scm.pipeline.RatisPipelineProvider$$Lambda$193/945171117@1bb4162a for f56bbf36-021a-4531-8ada-dba823737717
org.apache.ratis.protocol.TimeoutIOException: deadline exceeded after 2999884172ns
	at org.apache.ratis.grpc.GrpcUtil.tryUnwrapException(GrpcUtil.java:82)
	at org.apache.ratis.grpc.GrpcUtil.unwrapException(GrpcUtil.java:75)
	at org.apache.ratis.grpc.client.GrpcClientProtocolClient.blockingCall(GrpcClientProtocolClient.java:184)
	at org.apache.ratis.grpc.client.GrpcClientProtocolClient.groupAdd(GrpcClientProtocolClient.java:153)
	at org.apache.ratis.grpc.client.GrpcClientRpc.sendRequest(GrpcClientRpc.java:94)
	at org.apache.ratis.client.impl.RaftClientImpl.sendRequest(RaftClientImpl.java:278)
	at org.apache.ratis.client.impl.RaftClientImpl.groupAdd(RaftClientImpl.java:205)
	at org.apache.hadoop.hdds.scm.pipeline.RatisPipelineProvider.lambda$initializePipeline$4(RatisPipelineProvider.java:196)
	at org.apache.hadoop.hdds.scm.pipeline.RatisPipelineProvider.lambda$null$5(RatisPipelineProvider.java:231)
	at java.util.stream.ForEachOps$ForEachOp$OfRef.accept(ForEachOps.java:184)
	at java.util.ArrayList$ArrayListSpliterator.forEachRemaining(ArrayList.java:1382)
	at java.util.stream.AbstractPipeline.copyInto(AbstractPipeline.java:482)
	at java.util.stream.ForEachOps$ForEachTask.compute(ForEachOps.java:291)
	at java.util.concurrent.CountedCompleter.exec(CountedCompleter.java:731)
	at java.util.concurrent.ForkJoinTask.doExec(ForkJoinTask.java:289)
	at java.util.concurrent.ForkJoinPool$WorkQueue.runTask(ForkJoinPool.java:1056)
	at java.util.concurrent.ForkJoinPool.runWorker(ForkJoinPool.java:1692)
	at java.util.concurrent.ForkJoinWorkerThread.run(ForkJoinWorkerThread.java:157)
Caused by: org.apache.ratis.thirdparty.io.grpc.StatusRuntimeException: DEADLINE_EXCEEDED: deadline exceeded after 2999884172ns
	at org.apache.ratis.thirdparty.io.grpc.stub.ClientCalls.toStatusRuntimeException(ClientCalls.java:233)
	at org.apache.ratis.thirdparty.io.grpc.stub.ClientCalls.getUnchecked(ClientCalls.java:214)
	at org.apache.ratis.thirdparty.io.grpc.stub.ClientCalls.blockingUnaryCall(ClientCalls.java:139)
	at org.apache.ratis.proto.grpc.AdminProtocolServiceGrpc$AdminProtocolServiceBlockingStub.groupManagement(AdminProtocolServiceGrpc.java:274)
	at org.apache.ratis.grpc.client.GrpcClientProtocolClient.lambda$groupAdd$3(GrpcClientProtocolClient.java:155)
	at org.apache.ratis.grpc.client.GrpcClientProtocolClient.blockingCall(GrpcClientProtocolClient.java:182)
	... 15 more
2019-10-01 03:07:11,361 [RATISCREATEPIPELINE3] ERROR pipeline.RatisPipelineProvider (RatisPipelineProvider.java:lambda$null$5(235)) - Failed invoke Ratis rpc org.apache.hadoop.hdds.scm.pipeline.RatisPipelineProvider$$Lambda$193/945171117@1bb4162a for 7404321f-209f-457d-9de5-d648d2bc600a
org.apache.ratis.protocol.TimeoutIOException: deadline exceeded after 2999775385ns
	at org.apache.ratis.grpc.GrpcUtil.tryUnwrapException(GrpcUtil.java:82)
	at org.apache.ratis.grpc.GrpcUtil.unwrapException(GrpcUtil.java:75)
	at org.apache.ratis.grpc.client.GrpcClientProtocolClient.blockingCall(GrpcClientProtocolClient.java:184)
	at org.apache.ratis.grpc.client.GrpcClientProtocolClient.groupAdd(GrpcClientProtocolClient.java:153)
	at org.apache.ratis.grpc.client.GrpcClientRpc.sendRequest(GrpcClientRpc.java:94)
	at org.apache.ratis.client.impl.RaftClientImpl.sendRequest(RaftClientImpl.java:278)
	at org.apache.ratis.client.impl.RaftClientImpl.groupAdd(RaftClientImpl.java:205)
	at org.apache.hadoop.hdds.scm.pipeline.RatisPipelineProvider.lambda$initializePipeline$4(RatisPipelineProvider.java:196)
	at org.apache.hadoop.hdds.scm.pipeline.RatisPipelineProvider.lambda$null$5(RatisPipelineProvider.java:231)
	at java.util.stream.ForEachOps$ForEachOp$OfRef.accept(ForEachOps.java:184)
	at java.util.ArrayList$ArrayListSpliterator.forEachRemaining(ArrayList.java:1382)
	at java.util.stream.AbstractPipeline.copyInto(AbstractPipeline.java:482)
	at java.util.stream.ForEachOps$ForEachTask.compute(ForEachOps.java:291)
	at java.util.concurrent.CountedCompleter.exec(CountedCompleter.java:731)
	at java.util.concurrent.ForkJoinTask.doExec(ForkJoinTask.java:289)
	at java.util.concurrent.ForkJoinPool$WorkQueue.runTask(ForkJoinPool.java:1056)
	at java.util.concurrent.ForkJoinPool.runWorker(ForkJoinPool.java:1692)
	at java.util.concurrent.ForkJoinWorkerThread.run(ForkJoinWorkerThread.java:157)
Caused by: org.apache.ratis.thirdparty.io.grpc.StatusRuntimeException: DEADLINE_EXCEEDED: deadline exceeded after 2999775385ns
	at org.apache.ratis.thirdparty.io.grpc.stub.ClientCalls.toStatusRuntimeException(ClientCalls.java:233)
	at org.apache.ratis.thirdparty.io.grpc.stub.ClientCalls.getUnchecked(ClientCalls.java:214)
	at org.apache.ratis.thirdparty.io.grpc.stub.ClientCalls.blockingUnaryCall(ClientCalls.java:139)
	at org.apache.ratis.proto.grpc.AdminProtocolServiceGrpc$AdminProtocolServiceBlockingStub.groupManagement(AdminProtocolServiceGrpc.java:274)
	at org.apache.ratis.grpc.client.GrpcClientProtocolClient.lambda$groupAdd$3(GrpcClientProtocolClient.java:155)
	at org.apache.ratis.grpc.client.GrpcClientProtocolClient.blockingCall(GrpcClientProtocolClient.java:182)
	... 15 more
2019-10-01 03:07:11,380 [grpc-default-executor-5] INFO  impl.RaftServerProxy (RaftServerProxy.java:addNew(89)) - f56bbf36-021a-4531-8ada-dba823737717: addNew group-024A971E79D6:[f56bbf36-021a-4531-8ada-dba823737717:192.168.151.109:34767] returns group-024A971E79D6:java.util.concurrent.CompletableFuture@62f40c9b[Not completed]
2019-10-01 03:07:12,136 [pool-459-thread-1] INFO  storage.RaftStorageDirectory (RaftStorageDirectory.java:tryLock(328)) - Lock on /workdir/hadoop-ozone/integration-test/target/test-dir/MiniOzoneClusterImpl-6e28ac15-3a1e-4d59-8f42-f38d89fb0b8d/datanode-7/data/ratis/3853665a-0c64-46a0-b0d9-2964750d5d22/in_use.lock acquired by nodename 5860@pr-hdds-1984-zmhd5-2369693365
2019-10-01 03:07:12,136 [pool-479-thread-1] INFO  storage.RaftStorageDirectory (RaftStorageDirectory.java:tryLock(328)) - Lock on /workdir/hadoop-ozone/integration-test/target/test-dir/MiniOzoneClusterImpl-6e28ac15-3a1e-4d59-8f42-f38d89fb0b8d/datanode-9/data/ratis/3853665a-0c64-46a0-b0d9-2964750d5d22/in_use.lock acquired by nodename 5860@pr-hdds-1984-zmhd5-2369693365
2019-10-01 03:07:12,136 [pool-469-thread-1] INFO  storage.RaftStorageDirectory (RaftStorageDirectory.java:tryLock(328)) - Lock on /workdir/hadoop-ozone/integration-test/target/test-dir/MiniOzoneClusterImpl-6e28ac15-3a1e-4d59-8f42-f38d89fb0b8d/datanode-8/data/ratis/3853665a-0c64-46a0-b0d9-2964750d5d22/in_use.lock acquired by nodename 5860@pr-hdds-1984-zmhd5-2369693365
2019-10-01 03:07:12,490 [Thread-2710] INFO  impl.FollowerState (FollowerState.java:run(108)) - 9bc8a72b-4314-4431-b6ae-d0ce471f6d5e@group-D2E11834BA1D-FollowerState: change to CANDIDATE, lastRpcTime:1144ms, electionTimeout:1144ms
2019-10-01 03:07:12,491 [Thread-2710] INFO  impl.RoleInfo (RoleInfo.java:shutdownFollowerState(121)) - 9bc8a72b-4314-4431-b6ae-d0ce471f6d5e: shutdown FollowerState
2019-10-01 03:07:12,491 [Thread-2710] INFO  impl.RaftServerImpl (RaftServerImpl.java:setRole(170)) - 9bc8a72b-4314-4431-b6ae-d0ce471f6d5e@group-D2E11834BA1D: changes role from  FOLLOWER to CANDIDATE at term 0 for changeToCandidate
2019-10-01 03:07:12,491 [Thread-2710] INFO  impl.RoleInfo (RoleInfo.java:updateAndGet(143)) - 9bc8a72b-4314-4431-b6ae-d0ce471f6d5e: start LeaderElection
2019-10-01 03:07:14,382 [RATISCREATEPIPELINE1] ERROR pipeline.RatisPipelineProvider (RatisPipelineProvider.java:lambda$null$5(235)) - Failed invoke Ratis rpc org.apache.hadoop.hdds.scm.pipeline.RatisPipelineProvider$$Lambda$193/945171117@5949354d for f56bbf36-021a-4531-8ada-dba823737717
org.apache.ratis.protocol.TimeoutIOException: deadline exceeded after 2999860294ns
	at org.apache.ratis.grpc.GrpcUtil.tryUnwrapException(GrpcUtil.java:82)
	at org.apache.ratis.grpc.GrpcUtil.unwrapException(GrpcUtil.java:75)
	at org.apache.ratis.grpc.client.GrpcClientProtocolClient.blockingCall(GrpcClientProtocolClient.java:184)
	at org.apache.ratis.grpc.client.GrpcClientProtocolClient.groupAdd(GrpcClientProtocolClient.java:153)
	at org.apache.ratis.grpc.client.GrpcClientRpc.sendRequest(GrpcClientRpc.java:94)
	at org.apache.ratis.client.impl.RaftClientImpl.sendRequest(RaftClientImpl.java:278)
	at org.apache.ratis.client.impl.RaftClientImpl.groupAdd(RaftClientImpl.java:205)
	at org.apache.hadoop.hdds.scm.pipeline.RatisPipelineProvider.lambda$initializePipeline$4(RatisPipelineProvider.java:196)
	at org.apache.hadoop.hdds.scm.pipeline.RatisPipelineProvider.lambda$null$5(RatisPipelineProvider.java:231)
	at java.util.stream.ForEachOps$ForEachOp$OfRef.accept(ForEachOps.java:184)
	at java.util.ArrayList$ArrayListSpliterator.forEachRemaining(ArrayList.java:1382)
	at java.util.stream.AbstractPipeline.copyInto(AbstractPipeline.java:482)
	at java.util.stream.ForEachOps$ForEachTask.compute(ForEachOps.java:291)
	at java.util.concurrent.CountedCompleter.exec(CountedCompleter.java:731)
	at java.util.concurrent.ForkJoinTask.doExec(ForkJoinTask.java:289)
	at java.util.concurrent.ForkJoinTask.doInvoke(ForkJoinTask.java:401)
	at java.util.concurrent.ForkJoinTask.invoke(ForkJoinTask.java:734)
	at java.util.stream.ForEachOps$ForEachOp.evaluateParallel(ForEachOps.java:160)
	at java.util.stream.ForEachOps$ForEachOp$OfRef.evaluateParallel(ForEachOps.java:174)
	at java.util.stream.AbstractPipeline.evaluate(AbstractPipeline.java:233)
	at java.util.stream.ReferencePipeline.forEach(ReferencePipeline.java:418)
	at java.util.stream.ReferencePipeline$Head.forEach(ReferencePipeline.java:583)
	at org.apache.hadoop.hdds.scm.pipeline.RatisPipelineProvider.lambda$callRatisRpc$6(RatisPipelineProvider.java:225)
	at java.util.concurrent.ForkJoinTask$AdaptedRunnableAction.exec(ForkJoinTask.java:1386)
	at java.util.concurrent.ForkJoinTask.doExec(ForkJoinTask.java:289)
	at java.util.concurrent.ForkJoinPool$WorkQueue.runTask(ForkJoinPool.java:1056)
	at java.util.concurrent.ForkJoinPool.runWorker(ForkJoinPool.java:1692)
	at java.util.concurrent.ForkJoinWorkerThread.run(ForkJoinWorkerThread.java:157)
Caused by: org.apache.ratis.thirdparty.io.grpc.StatusRuntimeException: DEADLINE_EXCEEDED: deadline exceeded after 2999860294ns
	at org.apache.ratis.thirdparty.io.grpc.stub.ClientCalls.toStatusRuntimeException(ClientCalls.java:233)
	at org.apache.ratis.thirdparty.io.grpc.stub.ClientCalls.getUnchecked(ClientCalls.java:214)
	at org.apache.ratis.thirdparty.io.grpc.stub.ClientCalls.blockingUnaryCall(ClientCalls.java:139)
	at org.apache.ratis.proto.grpc.AdminProtocolServiceGrpc$AdminProtocolServiceBlockingStub.groupManagement(AdminProtocolServiceGrpc.java:274)
	at org.apache.ratis.grpc.client.GrpcClientProtocolClient.lambda$groupAdd$3(GrpcClientProtocolClient.java:155)
	at org.apache.ratis.grpc.client.GrpcClientProtocolClient.blockingCall(GrpcClientProtocolClient.java:182)
	... 25 more
2019-10-01 03:07:14,411 [grpc-default-executor-5] INFO  impl.RaftServerProxy (RaftServerProxy.java:addNew(89)) - 7404321f-209f-457d-9de5-d648d2bc600a: addNew group-3D44A98526F1:[aa50838b-9bca-41ae-9019-de087e69da85:192.168.151.109:39705, f56bbf36-021a-4531-8ada-dba823737717:192.168.151.109:34767, 7404321f-209f-457d-9de5-d648d2bc600a:192.168.151.109:46370] returns group-3D44A98526F1:java.util.concurrent.CompletableFuture@2b8c7e26[Not completed]
2019-10-01 03:07:14,411 [grpc-default-executor-0] INFO  impl.RaftServerProxy (RaftServerProxy.java:addNew(89)) - aa50838b-9bca-41ae-9019-de087e69da85: addNew group-3D44A98526F1:[aa50838b-9bca-41ae-9019-de087e69da85:192.168.151.109:39705, f56bbf36-021a-4531-8ada-dba823737717:192.168.151.109:34767, 7404321f-209f-457d-9de5-d648d2bc600a:192.168.151.109:46370] returns group-3D44A98526F1:java.util.concurrent.CompletableFuture@53018266[Not completed]
2019-10-01 03:07:14,411 [grpc-default-executor-1] INFO  impl.RaftServerProxy (RaftServerProxy.java:addNew(89)) - f56bbf36-021a-4531-8ada-dba823737717: addNew group-3D44A98526F1:[aa50838b-9bca-41ae-9019-de087e69da85:192.168.151.109:39705, f56bbf36-021a-4531-8ada-dba823737717:192.168.151.109:34767, 7404321f-209f-457d-9de5-d648d2bc600a:192.168.151.109:46370] returns group-3D44A98526F1:java.util.concurrent.CompletableFuture@539c5e5a[Not completed]
2019-10-01 03:07:14,661 [pool-459-thread-1] INFO  storage.RaftStorage (RaftStorage.java:format(84)) - Storage directory /workdir/hadoop-ozone/integration-test/target/test-dir/MiniOzoneClusterImpl-6e28ac15-3a1e-4d59-8f42-f38d89fb0b8d/datanode-7/data/ratis/3853665a-0c64-46a0-b0d9-2964750d5d22 has been successfully formatted.
2019-10-01 03:07:14,661 [pool-479-thread-1] INFO  storage.RaftStorage (RaftStorage.java:format(84)) - Storage directory /workdir/hadoop-ozone/integration-test/target/test-dir/MiniOzoneClusterImpl-6e28ac15-3a1e-4d59-8f42-f38d89fb0b8d/datanode-9/data/ratis/3853665a-0c64-46a0-b0d9-2964750d5d22 has been successfully formatted.
2019-10-01 03:07:14,661 [pool-469-thread-1] INFO  storage.RaftStorage (RaftStorage.java:format(84)) - Storage directory /workdir/hadoop-ozone/integration-test/target/test-dir/MiniOzoneClusterImpl-6e28ac15-3a1e-4d59-8f42-f38d89fb0b8d/datanode-8/data/ratis/3853665a-0c64-46a0-b0d9-2964750d5d22 has been successfully formatted.
2019-10-01 03:07:14,662 [pool-459-thread-1] INFO  ratis.ContainerStateMachine (ContainerStateMachine.java:loadSnapshot(230)) - group-2964750D5D22: The snapshot info is null. Setting the last applied indexto:(t:0, i:~)
2019-10-01 03:07:14,662 [pool-479-thread-1] INFO  ratis.ContainerStateMachine (ContainerStateMachine.java:loadSnapshot(230)) - group-2964750D5D22: The snapshot info is null. Setting the last applied indexto:(t:0, i:~)
2019-10-01 03:07:14,662 [pool-459-thread-1] INFO  server.RaftServerConfigKeys (ConfUtils.java:logGet(43)) - raft.server.notification.no-leader.timeout = 120s (custom)
2019-10-01 03:07:14,662 [pool-469-thread-1] INFO  ratis.ContainerStateMachine (ContainerStateMachine.java:loadSnapshot(230)) - group-2964750D5D22: The snapshot info is null. Setting the last applied indexto:(t:0, i:~)
2019-10-01 03:07:14,662 [pool-459-thread-1] INFO  server.RaftServerConfigKeys (ConfUtils.java:logGet(43)) - raft.server.log.use.memory = false (default)
2019-10-01 03:07:14,662 [pool-479-thread-1] INFO  server.RaftServerConfigKeys (ConfUtils.java:logGet(43)) - raft.server.notification.no-leader.timeout = 120s (custom)
2019-10-01 03:07:14,663 [pool-459-thread-1] INFO  server.RaftServerConfigKeys (ConfUtils.java:logGet(43)) - raft.server.log.purge.gap = 1000000 (custom)
2019-10-01 03:07:14,662 [pool-469-thread-1] INFO  server.RaftServerConfigKeys (ConfUtils.java:logGet(43)) - raft.server.notification.no-leader.timeout = 120s (custom)
2019-10-01 03:07:14,663 [pool-459-thread-1] INFO  server.RaftServerConfigKeys (ConfUtils.java:logGet(43)) - raft.server.log.appender.buffer.byte-limit = 33554432 (custom)
2019-10-01 03:07:14,663 [pool-479-thread-1] INFO  server.RaftServerConfigKeys (ConfUtils.java:logGet(43)) - raft.server.log.use.memory = false (default)
2019-10-01 03:07:14,663 [pool-459-thread-1] INFO  server.RaftServerConfigKeys (ConfUtils.java:logGet(43)) - raft.server.log.segment.size.max = 1048576 (custom)
2019-10-01 03:07:14,663 [pool-469-thread-1] INFO  server.RaftServerConfigKeys (ConfUtils.java:logGet(43)) - raft.server.log.use.memory = false (default)
2019-10-01 03:07:14,664 [pool-479-thread-1] INFO  server.RaftServerConfigKeys (ConfUtils.java:logGet(43)) - raft.server.log.purge.gap = 1000000 (custom)
2019-10-01 03:07:14,664 [pool-469-thread-1] INFO  server.RaftServerConfigKeys (ConfUtils.java:logGet(43)) - raft.server.log.purge.gap = 1000000 (custom)
2019-10-01 03:07:14,664 [pool-479-thread-1] INFO  server.RaftServerConfigKeys (ConfUtils.java:logGet(43)) - raft.server.log.appender.buffer.byte-limit = 33554432 (custom)
2019-10-01 03:07:14,664 [pool-469-thread-1] INFO  server.RaftServerConfigKeys (ConfUtils.java:logGet(43)) - raft.server.log.appender.buffer.byte-limit = 33554432 (custom)
2019-10-01 03:07:14,664 [pool-479-thread-1] INFO  server.RaftServerConfigKeys (ConfUtils.java:logGet(43)) - raft.server.log.segment.size.max = 1048576 (custom)
2019-10-01 03:07:14,665 [pool-469-thread-1] INFO  server.RaftServerConfigKeys (ConfUtils.java:logGet(43)) - raft.server.log.segment.size.max = 1048576 (custom)
2019-10-01 03:07:14,669 [pool-459-thread-1] INFO  server.RaftServerConfigKeys (ConfUtils.java:logGet(43)) - raft.server.log.segment.cache.num.max = 2 (custom)
2019-10-01 03:07:14,669 [pool-479-thread-1] INFO  server.RaftServerConfigKeys (ConfUtils.java:logGet(43)) - raft.server.log.segment.cache.num.max = 2 (custom)
2019-10-01 03:07:14,669 [pool-469-thread-1] INFO  server.RaftServerConfigKeys (ConfUtils.java:logGet(43)) - raft.server.log.segment.cache.num.max = 2 (custom)
2019-10-01 03:07:14,670 [pool-479-thread-1] INFO  segmented.SegmentedRaftLogWorker (SegmentedRaftLogWorker.java:<init>(173)) - new f56bbf36-021a-4531-8ada-dba823737717@group-2964750D5D22-SegmentedRaftLogWorker for RaftStorage:Storage Directory /workdir/hadoop-ozone/integration-test/target/test-dir/MiniOzoneClusterImpl-6e28ac15-3a1e-4d59-8f42-f38d89fb0b8d/datanode-9/data/ratis/3853665a-0c64-46a0-b0d9-2964750d5d22
2019-10-01 03:07:14,670 [pool-459-thread-1] INFO  segmented.SegmentedRaftLogWorker (SegmentedRaftLogWorker.java:<init>(173)) - new aa50838b-9bca-41ae-9019-de087e69da85@group-2964750D5D22-SegmentedRaftLogWorker for RaftStorage:Storage Directory /workdir/hadoop-ozone/integration-test/target/test-dir/MiniOzoneClusterImpl-6e28ac15-3a1e-4d59-8f42-f38d89fb0b8d/datanode-7/data/ratis/3853665a-0c64-46a0-b0d9-2964750d5d22
2019-10-01 03:07:14,670 [pool-479-thread-1] INFO  server.RaftServerConfigKeys (ConfUtils.java:logGet(43)) - raft.server.log.queue.byte-limit = 2147483647 (custom)
2019-10-01 03:07:14,670 [pool-469-thread-1] INFO  segmented.SegmentedRaftLogWorker (SegmentedRaftLogWorker.java:<init>(173)) - new 7404321f-209f-457d-9de5-d648d2bc600a@group-2964750D5D22-SegmentedRaftLogWorker for RaftStorage:Storage Directory /workdir/hadoop-ozone/integration-test/target/test-dir/MiniOzoneClusterImpl-6e28ac15-3a1e-4d59-8f42-f38d89fb0b8d/datanode-8/data/ratis/3853665a-0c64-46a0-b0d9-2964750d5d22
2019-10-01 03:07:14,670 [pool-479-thread-1] INFO  server.RaftServerConfigKeys (ConfUtils.java:logGet(43)) - raft.server.log.queue.element-limit = 1024 (custom)
2019-10-01 03:07:14,670 [pool-459-thread-1] INFO  server.RaftServerConfigKeys (ConfUtils.java:logGet(43)) - raft.server.log.queue.byte-limit = 2147483647 (custom)
2019-10-01 03:07:14,671 [pool-479-thread-1] INFO  server.RaftServerConfigKeys (ConfUtils.java:logGet(43)) - raft.server.log.segment.size.max = 1048576 (custom)
2019-10-01 03:07:14,671 [pool-469-thread-1] INFO  server.RaftServerConfigKeys (ConfUtils.java:logGet(43)) - raft.server.log.queue.byte-limit = 2147483647 (custom)
2019-10-01 03:07:14,671 [pool-479-thread-1] INFO  server.RaftServerConfigKeys (ConfUtils.java:logGet(43)) - raft.server.log.preallocated.size = 16384 (custom)
2019-10-01 03:07:14,671 [pool-459-thread-1] INFO  server.RaftServerConfigKeys (ConfUtils.java:logGet(43)) - raft.server.log.queue.element-limit = 1024 (custom)
2019-10-01 03:07:14,671 [pool-479-thread-1] INFO  server.RaftServerConfigKeys (ConfUtils.java:logGet(43)) - raft.server.log.write.buffer.size = 33554432 (custom)
2019-10-01 03:07:14,671 [pool-469-thread-1] INFO  server.RaftServerConfigKeys (ConfUtils.java:logGet(43)) - raft.server.log.queue.element-limit = 1024 (custom)
2019-10-01 03:07:14,672 [pool-479-thread-1] INFO  server.RaftServerConfigKeys (ConfUtils.java:logGet(43)) - raft.server.log.force.sync.num = 128 (default)
2019-10-01 03:07:14,671 [pool-459-thread-1] INFO  server.RaftServerConfigKeys (ConfUtils.java:logGet(43)) - raft.server.log.segment.size.max = 1048576 (custom)
2019-10-01 03:07:14,672 [pool-479-thread-1] INFO  server.RaftServerConfigKeys (ConfUtils.java:logGet(43)) - raft.server.log.statemachine.data.sync = true (default)
2019-10-01 03:07:14,672 [pool-469-thread-1] INFO  server.RaftServerConfigKeys (ConfUtils.java:logGet(43)) - raft.server.log.segment.size.max = 1048576 (custom)
2019-10-01 03:07:14,672 [pool-479-thread-1] INFO  server.RaftServerConfigKeys (ConfUtils.java:logGet(43)) - raft.server.log.statemachine.data.sync.timeout = 10s (default)
2019-10-01 03:07:14,672 [pool-459-thread-1] INFO  server.RaftServerConfigKeys (ConfUtils.java:logGet(43)) - raft.server.log.preallocated.size = 16384 (custom)
2019-10-01 03:07:14,673 [pool-479-thread-1] INFO  server.RaftServerConfigKeys (ConfUtils.java:logGet(43)) - raft.server.log.statemachine.data.sync.timeout.retry = -1 (default)
2019-10-01 03:07:14,672 [pool-469-thread-1] INFO  server.RaftServerConfigKeys (ConfUtils.java:logGet(43)) - raft.server.log.preallocated.size = 16384 (custom)
2019-10-01 03:07:14,673 [pool-469-thread-1] INFO  server.RaftServerConfigKeys (ConfUtils.java:logGet(43)) - raft.server.log.write.buffer.size = 33554432 (custom)
2019-10-01 03:07:14,673 [pool-479-thread-1] INFO  server.RaftServerConfigKeys (ConfUtils.java:logGet(43)) - raft.server.log.statemachine.data.caching.enabled = true (custom)
2019-10-01 03:07:14,673 [pool-459-thread-1] INFO  server.RaftServerConfigKeys (ConfUtils.java:logGet(43)) - raft.server.log.write.buffer.size = 33554432 (custom)
2019-10-01 03:07:14,673 [pool-469-thread-1] INFO  server.RaftServerConfigKeys (ConfUtils.java:logGet(43)) - raft.server.log.force.sync.num = 128 (default)
2019-10-01 03:07:14,674 [pool-479-thread-1] INFO  segmented.SegmentedRaftLogWorker (SegmentedRaftLogWorker.java:lambda$new$0(128)) - f56bbf36-021a-4531-8ada-dba823737717@group-2964750D5D22-SegmentedRaftLogWorker: flushIndex: setUnconditionally 0 -> -1
2019-10-01 03:07:14,674 [pool-469-thread-1] INFO  server.RaftServerConfigKeys (ConfUtils.java:logGet(43)) - raft.server.log.statemachine.data.sync = true (default)
2019-10-01 03:07:14,674 [pool-459-thread-1] INFO  server.RaftServerConfigKeys (ConfUtils.java:logGet(43)) - raft.server.log.force.sync.num = 128 (default)
2019-10-01 03:07:14,674 [pool-479-thread-1] INFO  server.RaftServerConfigKeys (ConfUtils.java:logGet(43)) - raft.server.snapshot.auto.trigger.enabled = true (custom)
2019-10-01 03:07:14,674 [pool-469-thread-1] INFO  server.RaftServerConfigKeys (ConfUtils.java:logGet(43)) - raft.server.log.statemachine.data.sync.timeout = 10s (default)
2019-10-01 03:07:14,674 [pool-479-thread-1] INFO  server.RaftServerConfigKeys (ConfUtils.java:logGet(43)) - raft.server.snapshot.auto.trigger.threshold = 10000 (custom)
2019-10-01 03:07:14,674 [pool-459-thread-1] INFO  server.RaftServerConfigKeys (ConfUtils.java:logGet(43)) - raft.server.log.statemachine.data.sync = true (default)
2019-10-01 03:07:14,675 [pool-479-thread-1] INFO  server.RaftServerConfigKeys (ConfUtils.java:logGet(43)) - raft.server.snapshot.retention.file.num = 5 (custom)
2019-10-01 03:07:14,675 [pool-469-thread-1] INFO  server.RaftServerConfigKeys (ConfUtils.java:logGet(43)) - raft.server.log.statemachine.data.sync.timeout.retry = -1 (default)
2019-10-01 03:07:14,675 [pool-479-thread-1] INFO  server.RaftServerConfigKeys (ConfUtils.java:logGet(43)) - raft.server.retrycache.expirytime = 600000ms (custom)
2019-10-01 03:07:14,675 [pool-459-thread-1] INFO  server.RaftServerConfigKeys (ConfUtils.java:logGet(43)) - raft.server.log.statemachine.data.sync.timeout = 10s (default)
2019-10-01 03:07:14,675 [pool-469-thread-1] INFO  server.RaftServerConfigKeys (ConfUtils.java:logGet(43)) - raft.server.log.statemachine.data.caching.enabled = true (custom)
2019-10-01 03:07:14,675 [pool-459-thread-1] INFO  server.RaftServerConfigKeys (ConfUtils.java:logGet(43)) - raft.server.log.statemachine.data.sync.timeout.retry = -1 (default)
2019-10-01 03:07:14,676 [pool-469-thread-1] INFO  segmented.SegmentedRaftLogWorker (SegmentedRaftLogWorker.java:lambda$new$0(128)) - 7404321f-209f-457d-9de5-d648d2bc600a@group-2964750D5D22-SegmentedRaftLogWorker: flushIndex: setUnconditionally 0 -> -1
2019-10-01 03:07:14,676 [pool-459-thread-1] INFO  server.RaftServerConfigKeys (ConfUtils.java:logGet(43)) - raft.server.log.statemachine.data.caching.enabled = true (custom)
2019-10-01 03:07:14,676 [pool-469-thread-1] INFO  server.RaftServerConfigKeys (ConfUtils.java:logGet(43)) - raft.server.snapshot.auto.trigger.enabled = true (custom)
2019-10-01 03:07:14,676 [pool-459-thread-1] INFO  segmented.SegmentedRaftLogWorker (SegmentedRaftLogWorker.java:lambda$new$0(128)) - aa50838b-9bca-41ae-9019-de087e69da85@group-2964750D5D22-SegmentedRaftLogWorker: flushIndex: setUnconditionally 0 -> -1
2019-10-01 03:07:14,676 [pool-469-thread-1] INFO  server.RaftServerConfigKeys (ConfUtils.java:logGet(43)) - raft.server.snapshot.auto.trigger.threshold = 10000 (custom)
2019-10-01 03:07:14,677 [pool-459-thread-1] INFO  server.RaftServerConfigKeys (ConfUtils.java:logGet(43)) - raft.server.snapshot.auto.trigger.enabled = true (custom)
2019-10-01 03:07:14,677 [pool-469-thread-1] INFO  server.RaftServerConfigKeys (ConfUtils.java:logGet(43)) - raft.server.snapshot.retention.file.num = 5 (custom)
2019-10-01 03:07:14,677 [pool-459-thread-1] INFO  server.RaftServerConfigKeys (ConfUtils.java:logGet(43)) - raft.server.snapshot.auto.trigger.threshold = 10000 (custom)
2019-10-01 03:07:14,677 [pool-469-thread-1] INFO  server.RaftServerConfigKeys (ConfUtils.java:logGet(43)) - raft.server.retrycache.expirytime = 600000ms (custom)
2019-10-01 03:07:14,677 [pool-459-thread-1] INFO  server.RaftServerConfigKeys (ConfUtils.java:logGet(43)) - raft.server.snapshot.retention.file.num = 5 (custom)
2019-10-01 03:07:14,677 [pool-459-thread-1] INFO  server.RaftServerConfigKeys (ConfUtils.java:logGet(43)) - raft.server.retrycache.expirytime = 600000ms (custom)
2019-10-01 03:07:14,679 [pool-479-thread-1] INFO  impl.RaftServerImpl (RaftServerImpl.java:<init>(95)) - f56bbf36-021a-4531-8ada-dba823737717: new RaftServerImpl for group-024A971E79D6:[f56bbf36-021a-4531-8ada-dba823737717:192.168.151.109:34767] with ContainerStateMachine:uninitialized
2019-10-01 03:07:14,679 [pool-479-thread-1] INFO  server.RaftServerConfigKeys (ConfUtils.java:logGet(43)) - raft.server.rpc.timeout.min = 1s (custom)
2019-10-01 03:07:14,679 [pool-479-thread-1] INFO  server.RaftServerConfigKeys (ConfUtils.java:logGet(43)) - raft.server.rpc.timeout.max = 1200ms (custom)
2019-10-01 03:07:14,679 [pool-479-thread-1] INFO  server.RaftServerConfigKeys (ConfUtils.java:logGet(43)) - raft.server.rpcslowness.timeout = 120s (custom)
2019-10-01 03:07:14,679 [pool-479-thread-1] INFO  server.RaftServerConfigKeys (ConfUtils.java:logGet(43)) - raft.server.sleep.deviation.threshold = 300 (default)
2019-10-01 03:07:14,680 [pool-479-thread-1] INFO  server.RaftServerConfigKeys (ConfUtils.java:logGet(43)) - raft.server.log.appender.install.snapshot.enabled = false (custom)
2019-10-01 03:07:14,680 [pool-479-thread-1] INFO  impl.RaftServerImpl (ServerState.java:<init>(103)) - f56bbf36-021a-4531-8ada-dba823737717@group-024A971E79D6: ConfigurationManager, init=-1: [f56bbf36-021a-4531-8ada-dba823737717:192.168.151.109:34767], old=null, confs=<EMPTY_MAP>
2019-10-01 03:07:14,680 [pool-479-thread-1] INFO  server.RaftServerConfigKeys (ConfUtils.java:logGet(43)) - raft.server.storage.dir = [/workdir/hadoop-ozone/integration-test/target/test-dir/MiniOzoneClusterImpl-6e28ac15-3a1e-4d59-8f42-f38d89fb0b8d/datanode-9/data/ratis] (custom)
2019-10-01 03:07:14,680 [pool-479-thread-1] INFO  server.RaftServerConfigKeys (ConfUtils.java:logGet(43)) - raft.server.log.corruption.policy = EXCEPTION (default)
2019-10-01 03:07:14,681 [pool-479-thread-1] INFO  storage.RaftStorageDirectory (RaftStorageDirectory.java:analyzeStorage(246)) - The storage directory /workdir/hadoop-ozone/integration-test/target/test-dir/MiniOzoneClusterImpl-6e28ac15-3a1e-4d59-8f42-f38d89fb0b8d/datanode-9/data/ratis/587d302b-502b-4256-952f-024a971e79d6 does not exist. Creating ...
2019-10-01 03:07:14,681 [pool-469-thread-1] INFO  impl.RaftServerImpl (RaftServerImpl.java:<init>(95)) - 7404321f-209f-457d-9de5-d648d2bc600a: new RaftServerImpl for group-3D44A98526F1:[aa50838b-9bca-41ae-9019-de087e69da85:192.168.151.109:39705, f56bbf36-021a-4531-8ada-dba823737717:192.168.151.109:34767, 7404321f-209f-457d-9de5-d648d2bc600a:192.168.151.109:46370] with ContainerStateMachine:uninitialized
2019-10-01 03:07:14,681 [pool-469-thread-1] INFO  server.RaftServerConfigKeys (ConfUtils.java:logGet(43)) - raft.server.rpc.timeout.min = 1s (custom)
2019-10-01 03:07:14,681 [pool-469-thread-1] INFO  server.RaftServerConfigKeys (ConfUtils.java:logGet(43)) - raft.server.rpc.timeout.max = 1200ms (custom)
2019-10-01 03:07:14,682 [pool-469-thread-1] INFO  server.RaftServerConfigKeys (ConfUtils.java:logGet(43)) - raft.server.rpcslowness.timeout = 120s (custom)
2019-10-01 03:07:14,682 [pool-459-thread-1] INFO  impl.RaftServerImpl (RaftServerImpl.java:<init>(95)) - aa50838b-9bca-41ae-9019-de087e69da85: new RaftServerImpl for group-3D44A98526F1:[aa50838b-9bca-41ae-9019-de087e69da85:192.168.151.109:39705, f56bbf36-021a-4531-8ada-dba823737717:192.168.151.109:34767, 7404321f-209f-457d-9de5-d648d2bc600a:192.168.151.109:46370] with ContainerStateMachine:uninitialized
2019-10-01 03:07:14,682 [pool-469-thread-1] INFO  server.RaftServerConfigKeys (ConfUtils.java:logGet(43)) - raft.server.sleep.deviation.threshold = 300 (default)
2019-10-01 03:07:14,682 [pool-459-thread-1] INFO  server.RaftServerConfigKeys (ConfUtils.java:logGet(43)) - raft.server.rpc.timeout.min = 1s (custom)
2019-10-01 03:07:14,682 [pool-469-thread-1] INFO  server.RaftServerConfigKeys (ConfUtils.java:logGet(43)) - raft.server.log.appender.install.snapshot.enabled = false (custom)
2019-10-01 03:07:14,682 [pool-459-thread-1] INFO  server.RaftServerConfigKeys (ConfUtils.java:logGet(43)) - raft.server.rpc.timeout.max = 1200ms (custom)
2019-10-01 03:07:14,682 [pool-469-thread-1] INFO  impl.RaftServerImpl (ServerState.java:<init>(103)) - 7404321f-209f-457d-9de5-d648d2bc600a@group-3D44A98526F1: ConfigurationManager, init=-1: [aa50838b-9bca-41ae-9019-de087e69da85:192.168.151.109:39705, f56bbf36-021a-4531-8ada-dba823737717:192.168.151.109:34767, 7404321f-209f-457d-9de5-d648d2bc600a:192.168.151.109:46370], old=null, confs=<EMPTY_MAP>
2019-10-01 03:07:14,682 [pool-459-thread-1] INFO  server.RaftServerConfigKeys (ConfUtils.java:logGet(43)) - raft.server.rpcslowness.timeout = 120s (custom)
2019-10-01 03:07:14,683 [pool-469-thread-1] INFO  server.RaftServerConfigKeys (ConfUtils.java:logGet(43)) - raft.server.storage.dir = [/workdir/hadoop-ozone/integration-test/target/test-dir/MiniOzoneClusterImpl-6e28ac15-3a1e-4d59-8f42-f38d89fb0b8d/datanode-8/data/ratis] (custom)
2019-10-01 03:07:14,683 [pool-459-thread-1] INFO  server.RaftServerConfigKeys (ConfUtils.java:logGet(43)) - raft.server.sleep.deviation.threshold = 300 (default)
2019-10-01 03:07:14,683 [pool-459-thread-1] INFO  server.RaftServerConfigKeys (ConfUtils.java:logGet(43)) - raft.server.log.appender.install.snapshot.enabled = false (custom)
2019-10-01 03:07:14,683 [pool-469-thread-1] INFO  server.RaftServerConfigKeys (ConfUtils.java:logGet(43)) - raft.server.log.corruption.policy = EXCEPTION (default)
2019-10-01 03:07:14,683 [pool-459-thread-1] INFO  impl.RaftServerImpl (ServerState.java:<init>(103)) - aa50838b-9bca-41ae-9019-de087e69da85@group-3D44A98526F1: ConfigurationManager, init=-1: [aa50838b-9bca-41ae-9019-de087e69da85:192.168.151.109:39705, f56bbf36-021a-4531-8ada-dba823737717:192.168.151.109:34767, 7404321f-209f-457d-9de5-d648d2bc600a:192.168.151.109:46370], old=null, confs=<EMPTY_MAP>
2019-10-01 03:07:14,683 [pool-469-thread-1] INFO  storage.RaftStorageDirectory (RaftStorageDirectory.java:analyzeStorage(246)) - The storage directory /workdir/hadoop-ozone/integration-test/target/test-dir/MiniOzoneClusterImpl-6e28ac15-3a1e-4d59-8f42-f38d89fb0b8d/datanode-8/data/ratis/be3ec8f7-6e4a-44e1-a628-3d44a98526f1 does not exist. Creating ...
2019-10-01 03:07:14,683 [pool-459-thread-1] INFO  server.RaftServerConfigKeys (ConfUtils.java:logGet(43)) - raft.server.storage.dir = [/workdir/hadoop-ozone/integration-test/target/test-dir/MiniOzoneClusterImpl-6e28ac15-3a1e-4d59-8f42-f38d89fb0b8d/datanode-7/data/ratis] (custom)
2019-10-01 03:07:14,684 [pool-459-thread-1] INFO  server.RaftServerConfigKeys (ConfUtils.java:logGet(43)) - raft.server.log.corruption.policy = EXCEPTION (default)
2019-10-01 03:07:14,684 [pool-459-thread-1] INFO  storage.RaftStorageDirectory (RaftStorageDirectory.java:analyzeStorage(246)) - The storage directory /workdir/hadoop-ozone/integration-test/target/test-dir/MiniOzoneClusterImpl-6e28ac15-3a1e-4d59-8f42-f38d89fb0b8d/datanode-7/data/ratis/be3ec8f7-6e4a-44e1-a628-3d44a98526f1 does not exist. Creating ...
2019-10-01 03:07:15,051 [9bc8a72b-4314-4431-b6ae-d0ce471f6d5e@group-D2E11834BA1D-LeaderElection102] INFO  impl.LeaderElection (LeaderElection.java:askForVotes(178)) - 9bc8a72b-4314-4431-b6ae-d0ce471f6d5e@group-D2E11834BA1D-LeaderElection102: begin an election at term 1 for -1: [9bc8a72b-4314-4431-b6ae-d0ce471f6d5e:192.168.151.109:39954], old=null
2019-10-01 03:07:15,051 [9bc8a72b-4314-4431-b6ae-d0ce471f6d5e@group-D2E11834BA1D-LeaderElection102] INFO  impl.RoleInfo (RoleInfo.java:shutdownLeaderElection(134)) - 9bc8a72b-4314-4431-b6ae-d0ce471f6d5e: shutdown LeaderElection
2019-10-01 03:07:15,051 [9bc8a72b-4314-4431-b6ae-d0ce471f6d5e@group-D2E11834BA1D-LeaderElection102] INFO  impl.RaftServerImpl (RaftServerImpl.java:setRole(170)) - 9bc8a72b-4314-4431-b6ae-d0ce471f6d5e@group-D2E11834BA1D: changes role from CANDIDATE to LEADER at term 1 for changeToLeader
2019-10-01 03:07:15,051 [9bc8a72b-4314-4431-b6ae-d0ce471f6d5e@group-D2E11834BA1D-LeaderElection102] INFO  impl.RaftServerImpl (ServerState.java:setLeader(255)) - 9bc8a72b-4314-4431-b6ae-d0ce471f6d5e@group-D2E11834BA1D: change Leader from null to 9bc8a72b-4314-4431-b6ae-d0ce471f6d5e at term 1 for becomeLeader, leader elected after 3714ms
2019-10-01 03:07:15,051 [9bc8a72b-4314-4431-b6ae-d0ce471f6d5e@group-D2E11834BA1D-LeaderElection102] INFO  server.RaftServerConfigKeys (ConfUtils.java:logGet(43)) - raft.server.staging.catchup.gap = 1000 (default)
2019-10-01 03:07:15,051 [9bc8a72b-4314-4431-b6ae-d0ce471f6d5e@group-D2E11834BA1D-LeaderElection102] INFO  server.RaftServerConfigKeys (ConfUtils.java:logGet(43)) - raft.server.rpc.sleep.time = 25ms (default)
2019-10-01 03:07:15,051 [9bc8a72b-4314-4431-b6ae-d0ce471f6d5e@group-D2E11834BA1D-LeaderElection102] INFO  server.RaftServerConfigKeys (ConfUtils.java:logGet(43)) - raft.server.write.element-limit = 4096 (default)
2019-10-01 03:07:15,052 [9bc8a72b-4314-4431-b6ae-d0ce471f6d5e@group-D2E11834BA1D-LeaderElection102] INFO  server.RaftServerConfigKeys (ConfUtils.java:logGet(43)) - raft.server.watch.timeout = 10s (default)
2019-10-01 03:07:15,052 [9bc8a72b-4314-4431-b6ae-d0ce471f6d5e@group-D2E11834BA1D-LeaderElection102] INFO  server.RaftServerConfigKeys (ConfUtils.java:logGet(43)) - raft.server.watch.timeout.denomination = 1s (default)
2019-10-01 03:07:15,052 [9bc8a72b-4314-4431-b6ae-d0ce471f6d5e@group-D2E11834BA1D-LeaderElection102] INFO  server.RaftServerConfigKeys (ConfUtils.java:logGet(43)) - raft.server.watch.element-limit = 65536 (default)
2019-10-01 03:07:15,053 [9bc8a72b-4314-4431-b6ae-d0ce471f6d5e@group-D2E11834BA1D-LeaderElection102] INFO  impl.RoleInfo (RoleInfo.java:updateAndGet(143)) - 9bc8a72b-4314-4431-b6ae-d0ce471f6d5e: start LeaderState
2019-10-01 03:07:15,054 [9bc8a72b-4314-4431-b6ae-d0ce471f6d5e@group-D2E11834BA1D-LeaderElection102] INFO  segmented.SegmentedRaftLogWorker (SegmentedRaftLogWorker.java:startLogSegment(385)) - 9bc8a72b-4314-4431-b6ae-d0ce471f6d5e@group-D2E11834BA1D-SegmentedRaftLogWorker: Starting segment from index:0
2019-10-01 03:07:15,054 [9bc8a72b-4314-4431-b6ae-d0ce471f6d5e@group-D2E11834BA1D-LeaderElection102] INFO  impl.RaftServerImpl (ServerState.java:setRaftConf(356)) - 9bc8a72b-4314-4431-b6ae-d0ce471f6d5e@group-D2E11834BA1D: set configuration 0: [9bc8a72b-4314-4431-b6ae-d0ce471f6d5e:192.168.151.109:39954], old=null at 0
2019-10-01 03:07:15,971 [pool-469-thread-1] INFO  storage.RaftStorageDirectory (RaftStorageDirectory.java:tryLock(328)) - Lock on /workdir/hadoop-ozone/integration-test/target/test-dir/MiniOzoneClusterImpl-6e28ac15-3a1e-4d59-8f42-f38d89fb0b8d/datanode-8/data/ratis/be3ec8f7-6e4a-44e1-a628-3d44a98526f1/in_use.lock acquired by nodename 5860@pr-hdds-1984-zmhd5-2369693365
2019-10-01 03:07:15,971 [pool-459-thread-1] INFO  storage.RaftStorageDirectory (RaftStorageDirectory.java:tryLock(328)) - Lock on /workdir/hadoop-ozone/integration-test/target/test-dir/MiniOzoneClusterImpl-6e28ac15-3a1e-4d59-8f42-f38d89fb0b8d/datanode-7/data/ratis/be3ec8f7-6e4a-44e1-a628-3d44a98526f1/in_use.lock acquired by nodename 5860@pr-hdds-1984-zmhd5-2369693365
2019-10-01 03:07:15,971 [pool-479-thread-1] INFO  storage.RaftStorageDirectory (RaftStorageDirectory.java:tryLock(328)) - Lock on /workdir/hadoop-ozone/integration-test/target/test-dir/MiniOzoneClusterImpl-6e28ac15-3a1e-4d59-8f42-f38d89fb0b8d/datanode-9/data/ratis/587d302b-502b-4256-952f-024a971e79d6/in_use.lock acquired by nodename 5860@pr-hdds-1984-zmhd5-2369693365
2019-10-01 03:07:16,454 [9bc8a72b-4314-4431-b6ae-d0ce471f6d5e@group-D2E11834BA1D-SegmentedRaftLogWorker] INFO  segmented.SegmentedRaftLogWorker (SegmentedRaftLogWorker.java:execute(574)) - 9bc8a72b-4314-4431-b6ae-d0ce471f6d5e@group-D2E11834BA1D-SegmentedRaftLogWorker: created new log segment /workdir/hadoop-ozone/integration-test/target/test-dir/MiniOzoneClusterImpl-6e28ac15-3a1e-4d59-8f42-f38d89fb0b8d/datanode-0/data/ratis/c408d948-6f30-4e11-b492-d2e11834ba1d/current/log_inprogress_0
2019-10-01 03:07:17,094 [pool-479-thread-1] INFO  storage.RaftStorage (RaftStorage.java:format(84)) - Storage directory /workdir/hadoop-ozone/integration-test/target/test-dir/MiniOzoneClusterImpl-6e28ac15-3a1e-4d59-8f42-f38d89fb0b8d/datanode-9/data/ratis/587d302b-502b-4256-952f-024a971e79d6 has been successfully formatted.
2019-10-01 03:07:17,094 [pool-469-thread-1] INFO  storage.RaftStorage (RaftStorage.java:format(84)) - Storage directory /workdir/hadoop-ozone/integration-test/target/test-dir/MiniOzoneClusterImpl-6e28ac15-3a1e-4d59-8f42-f38d89fb0b8d/datanode-8/data/ratis/be3ec8f7-6e4a-44e1-a628-3d44a98526f1 has been successfully formatted.
2019-10-01 03:07:17,094 [pool-459-thread-1] INFO  storage.RaftStorage (RaftStorage.java:format(84)) - Storage directory /workdir/hadoop-ozone/integration-test/target/test-dir/MiniOzoneClusterImpl-6e28ac15-3a1e-4d59-8f42-f38d89fb0b8d/datanode-7/data/ratis/be3ec8f7-6e4a-44e1-a628-3d44a98526f1 has been successfully formatted.
2019-10-01 03:07:17,095 [pool-479-thread-1] INFO  ratis.ContainerStateMachine (ContainerStateMachine.java:loadSnapshot(230)) - group-024A971E79D6: The snapshot info is null. Setting the last applied indexto:(t:0, i:~)
2019-10-01 03:07:17,095 [pool-459-thread-1] INFO  ratis.ContainerStateMachine (ContainerStateMachine.java:loadSnapshot(230)) - group-3D44A98526F1: The snapshot info is null. Setting the last applied indexto:(t:0, i:~)
2019-10-01 03:07:17,095 [pool-469-thread-1] INFO  ratis.ContainerStateMachine (ContainerStateMachine.java:loadSnapshot(230)) - group-3D44A98526F1: The snapshot info is null. Setting the last applied indexto:(t:0, i:~)
2019-10-01 03:07:17,095 [pool-459-thread-1] INFO  server.RaftServerConfigKeys (ConfUtils.java:logGet(43)) - raft.server.notification.no-leader.timeout = 120s (custom)
2019-10-01 03:07:17,095 [pool-479-thread-1] INFO  server.RaftServerConfigKeys (ConfUtils.java:logGet(43)) - raft.server.notification.no-leader.timeout = 120s (custom)
2019-10-01 03:07:17,096 [pool-459-thread-1] INFO  server.RaftServerConfigKeys (ConfUtils.java:logGet(43)) - raft.server.log.use.memory = false (default)
2019-10-01 03:07:17,096 [pool-469-thread-1] INFO  server.RaftServerConfigKeys (ConfUtils.java:logGet(43)) - raft.server.notification.no-leader.timeout = 120s (custom)
2019-10-01 03:07:17,096 [pool-459-thread-1] INFO  server.RaftServerConfigKeys (ConfUtils.java:logGet(43)) - raft.server.log.purge.gap = 1000000 (custom)
2019-10-01 03:07:17,096 [pool-479-thread-1] INFO  server.RaftServerConfigKeys (ConfUtils.java:logGet(43)) - raft.server.log.use.memory = false (default)
2019-10-01 03:07:17,097 [pool-459-thread-1] INFO  server.RaftServerConfigKeys (ConfUtils.java:logGet(43)) - raft.server.log.appender.buffer.byte-limit = 33554432 (custom)
2019-10-01 03:07:17,096 [pool-469-thread-1] INFO  server.RaftServerConfigKeys (ConfUtils.java:logGet(43)) - raft.server.log.use.memory = false (default)
2019-10-01 03:07:17,097 [pool-459-thread-1] INFO  server.RaftServerConfigKeys (ConfUtils.java:logGet(43)) - raft.server.log.segment.size.max = 1048576 (custom)
2019-10-01 03:07:17,097 [pool-479-thread-1] INFO  server.RaftServerConfigKeys (ConfUtils.java:logGet(43)) - raft.server.log.purge.gap = 1000000 (custom)
2019-10-01 03:07:17,097 [pool-459-thread-1] INFO  server.RaftServerConfigKeys (ConfUtils.java:logGet(43)) - raft.server.log.segment.cache.num.max = 2 (custom)
2019-10-01 03:07:17,097 [pool-469-thread-1] INFO  server.RaftServerConfigKeys (ConfUtils.java:logGet(43)) - raft.server.log.purge.gap = 1000000 (custom)
2019-10-01 03:07:17,097 [pool-459-thread-1] INFO  segmented.SegmentedRaftLogWorker (SegmentedRaftLogWorker.java:<init>(173)) - new aa50838b-9bca-41ae-9019-de087e69da85@group-3D44A98526F1-SegmentedRaftLogWorker for RaftStorage:Storage Directory /workdir/hadoop-ozone/integration-test/target/test-dir/MiniOzoneClusterImpl-6e28ac15-3a1e-4d59-8f42-f38d89fb0b8d/datanode-7/data/ratis/be3ec8f7-6e4a-44e1-a628-3d44a98526f1
2019-10-01 03:07:17,097 [pool-479-thread-1] INFO  server.RaftServerConfigKeys (ConfUtils.java:logGet(43)) - raft.server.log.appender.buffer.byte-limit = 33554432 (custom)
2019-10-01 03:07:17,098 [pool-459-thread-1] INFO  server.RaftServerConfigKeys (ConfUtils.java:logGet(43)) - raft.server.log.queue.byte-limit = 2147483647 (custom)
2019-10-01 03:07:17,098 [pool-469-thread-1] INFO  server.RaftServerConfigKeys (ConfUtils.java:logGet(43)) - raft.server.log.appender.buffer.byte-limit = 33554432 (custom)
2019-10-01 03:07:17,098 [pool-459-thread-1] INFO  server.RaftServerConfigKeys (ConfUtils.java:logGet(43)) - raft.server.log.queue.element-limit = 1024 (custom)
2019-10-01 03:07:17,098 [pool-479-thread-1] INFO  server.RaftServerConfigKeys (ConfUtils.java:logGet(43)) - raft.server.log.segment.size.max = 1048576 (custom)
2019-10-01 03:07:17,098 [pool-459-thread-1] INFO  server.RaftServerConfigKeys (ConfUtils.java:logGet(43)) - raft.server.log.segment.size.max = 1048576 (custom)
2019-10-01 03:07:17,098 [pool-469-thread-1] INFO  server.RaftServerConfigKeys (ConfUtils.java:logGet(43)) - raft.server.log.segment.size.max = 1048576 (custom)
2019-10-01 03:07:17,099 [pool-459-thread-1] INFO  server.RaftServerConfigKeys (ConfUtils.java:logGet(43)) - raft.server.log.preallocated.size = 16384 (custom)
2019-10-01 03:07:17,099 [pool-479-thread-1] INFO  server.RaftServerConfigKeys (ConfUtils.java:logGet(43)) - raft.server.log.segment.cache.num.max = 2 (custom)
2019-10-01 03:07:17,099 [pool-459-thread-1] INFO  server.RaftServerConfigKeys (ConfUtils.java:logGet(43)) - raft.server.log.write.buffer.size = 33554432 (custom)
2019-10-01 03:07:17,099 [pool-469-thread-1] INFO  server.RaftServerConfigKeys (ConfUtils.java:logGet(43)) - raft.server.log.segment.cache.num.max = 2 (custom)
2019-10-01 03:07:17,099 [pool-459-thread-1] INFO  server.RaftServerConfigKeys (ConfUtils.java:logGet(43)) - raft.server.log.force.sync.num = 128 (default)
2019-10-01 03:07:17,099 [pool-479-thread-1] INFO  segmented.SegmentedRaftLogWorker (SegmentedRaftLogWorker.java:<init>(173)) - new f56bbf36-021a-4531-8ada-dba823737717@group-024A971E79D6-SegmentedRaftLogWorker for RaftStorage:Storage Directory /workdir/hadoop-ozone/integration-test/target/test-dir/MiniOzoneClusterImpl-6e28ac15-3a1e-4d59-8f42-f38d89fb0b8d/datanode-9/data/ratis/587d302b-502b-4256-952f-024a971e79d6
2019-10-01 03:07:17,100 [pool-459-thread-1] INFO  server.RaftServerConfigKeys (ConfUtils.java:logGet(43)) - raft.server.log.statemachine.data.sync = true (default)
2019-10-01 03:07:17,099 [pool-469-thread-1] INFO  segmented.SegmentedRaftLogWorker (SegmentedRaftLogWorker.java:<init>(173)) - new 7404321f-209f-457d-9de5-d648d2bc600a@group-3D44A98526F1-SegmentedRaftLogWorker for RaftStorage:Storage Directory /workdir/hadoop-ozone/integration-test/target/test-dir/MiniOzoneClusterImpl-6e28ac15-3a1e-4d59-8f42-f38d89fb0b8d/datanode-8/data/ratis/be3ec8f7-6e4a-44e1-a628-3d44a98526f1
2019-10-01 03:07:17,100 [pool-459-thread-1] INFO  server.RaftServerConfigKeys (ConfUtils.java:logGet(43)) - raft.server.log.statemachine.data.sync.timeout = 10s (default)
2019-10-01 03:07:17,100 [pool-479-thread-1] INFO  server.RaftServerConfigKeys (ConfUtils.java:logGet(43)) - raft.server.log.queue.byte-limit = 2147483647 (custom)
2019-10-01 03:07:17,100 [pool-459-thread-1] INFO  server.RaftServerConfigKeys (ConfUtils.java:logGet(43)) - raft.server.log.statemachine.data.sync.timeout.retry = -1 (default)
2019-10-01 03:07:17,100 [pool-469-thread-1] INFO  server.RaftServerConfigKeys (ConfUtils.java:logGet(43)) - raft.server.log.queue.byte-limit = 2147483647 (custom)
2019-10-01 03:07:17,101 [pool-459-thread-1] INFO  server.RaftServerConfigKeys (ConfUtils.java:logGet(43)) - raft.server.log.statemachine.data.caching.enabled = true (custom)
2019-10-01 03:07:17,100 [pool-479-thread-1] INFO  server.RaftServerConfigKeys (ConfUtils.java:logGet(43)) - raft.server.log.queue.element-limit = 1024 (custom)
2019-10-01 03:07:17,101 [pool-469-thread-1] INFO  server.RaftServerConfigKeys (ConfUtils.java:logGet(43)) - raft.server.log.queue.element-limit = 1024 (custom)
2019-10-01 03:07:17,101 [pool-459-thread-1] INFO  segmented.SegmentedRaftLogWorker (SegmentedRaftLogWorker.java:lambda$new$0(128)) - aa50838b-9bca-41ae-9019-de087e69da85@group-3D44A98526F1-SegmentedRaftLogWorker: flushIndex: setUnconditionally 0 -> -1
2019-10-01 03:07:17,101 [pool-479-thread-1] INFO  server.RaftServerConfigKeys (ConfUtils.java:logGet(43)) - raft.server.log.segment.size.max = 1048576 (custom)
2019-10-01 03:07:17,101 [pool-469-thread-1] INFO  server.RaftServerConfigKeys (ConfUtils.java:logGet(43)) - raft.server.log.segment.size.max = 1048576 (custom)
2019-10-01 03:07:17,102 [pool-459-thread-1] INFO  server.RaftServerConfigKeys (ConfUtils.java:logGet(43)) - raft.server.snapshot.auto.trigger.enabled = true (custom)
2019-10-01 03:07:17,102 [pool-479-thread-1] INFO  server.RaftServerConfigKeys (ConfUtils.java:logGet(43)) - raft.server.log.preallocated.size = 16384 (custom)
2019-10-01 03:07:17,102 [pool-459-thread-1] INFO  server.RaftServerConfigKeys (ConfUtils.java:logGet(43)) - raft.server.snapshot.auto.trigger.threshold = 10000 (custom)
2019-10-01 03:07:17,102 [pool-469-thread-1] INFO  server.RaftServerConfigKeys (ConfUtils.java:logGet(43)) - raft.server.log.preallocated.size = 16384 (custom)
2019-10-01 03:07:17,102 [pool-459-thread-1] INFO  server.RaftServerConfigKeys (ConfUtils.java:logGet(43)) - raft.server.snapshot.retention.file.num = 5 (custom)
2019-10-01 03:07:17,102 [pool-479-thread-1] INFO  server.RaftServerConfigKeys (ConfUtils.java:logGet(43)) - raft.server.log.write.buffer.size = 33554432 (custom)
2019-10-01 03:07:17,103 [pool-459-thread-1] INFO  server.RaftServerConfigKeys (ConfUtils.java:logGet(43)) - raft.server.retrycache.expirytime = 600000ms (custom)
2019-10-01 03:07:17,102 [pool-469-thread-1] INFO  server.RaftServerConfigKeys (ConfUtils.java:logGet(43)) - raft.server.log.write.buffer.size = 33554432 (custom)
2019-10-01 03:07:17,103 [pool-479-thread-1] INFO  server.RaftServerConfigKeys (ConfUtils.java:logGet(43)) - raft.server.log.force.sync.num = 128 (default)
2019-10-01 03:07:17,103 [pool-469-thread-1] INFO  server.RaftServerConfigKeys (ConfUtils.java:logGet(43)) - raft.server.log.force.sync.num = 128 (default)
2019-10-01 03:07:17,103 [pool-479-thread-1] INFO  server.RaftServerConfigKeys (ConfUtils.java:logGet(43)) - raft.server.log.statemachine.data.sync = true (default)
2019-10-01 03:07:17,103 [pool-469-thread-1] INFO  server.RaftServerConfigKeys (ConfUtils.java:logGet(43)) - raft.server.log.statemachine.data.sync = true (default)
2019-10-01 03:07:17,103 [pool-479-thread-1] INFO  server.RaftServerConfigKeys (ConfUtils.java:logGet(43)) - raft.server.log.statemachine.data.sync.timeout = 10s (default)
2019-10-01 03:07:17,104 [pool-469-thread-1] INFO  server.RaftServerConfigKeys (ConfUtils.java:logGet(43)) - raft.server.log.statemachine.data.sync.timeout = 10s (default)
2019-10-01 03:07:17,104 [pool-479-thread-1] INFO  server.RaftServerConfigKeys (ConfUtils.java:logGet(43)) - raft.server.log.statemachine.data.sync.timeout.retry = -1 (default)
2019-10-01 03:07:17,104 [pool-469-thread-1] INFO  server.RaftServerConfigKeys (ConfUtils.java:logGet(43)) - raft.server.log.statemachine.data.sync.timeout.retry = -1 (default)
2019-10-01 03:07:17,104 [pool-479-thread-1] INFO  server.RaftServerConfigKeys (ConfUtils.java:logGet(43)) - raft.server.log.statemachine.data.caching.enabled = true (custom)
2019-10-01 03:07:17,104 [pool-469-thread-1] INFO  server.RaftServerConfigKeys (ConfUtils.java:logGet(43)) - raft.server.log.statemachine.data.caching.enabled = true (custom)
2019-10-01 03:07:17,105 [pool-479-thread-1] INFO  segmented.SegmentedRaftLogWorker (SegmentedRaftLogWorker.java:lambda$new$0(128)) - f56bbf36-021a-4531-8ada-dba823737717@group-024A971E79D6-SegmentedRaftLogWorker: flushIndex: setUnconditionally 0 -> -1
2019-10-01 03:07:17,105 [pool-469-thread-1] INFO  segmented.SegmentedRaftLogWorker (SegmentedRaftLogWorker.java:lambda$new$0(128)) - 7404321f-209f-457d-9de5-d648d2bc600a@group-3D44A98526F1-SegmentedRaftLogWorker: flushIndex: setUnconditionally 0 -> -1
2019-10-01 03:07:17,105 [pool-479-thread-1] INFO  server.RaftServerConfigKeys (ConfUtils.java:logGet(43)) - raft.server.snapshot.auto.trigger.enabled = true (custom)
2019-10-01 03:07:17,105 [pool-479-thread-1] INFO  server.RaftServerConfigKeys (ConfUtils.java:logGet(43)) - raft.server.snapshot.auto.trigger.threshold = 10000 (custom)
2019-10-01 03:07:17,105 [pool-469-thread-1] INFO  server.RaftServerConfigKeys (ConfUtils.java:logGet(43)) - raft.server.snapshot.auto.trigger.enabled = true (custom)
2019-10-01 03:07:17,105 [pool-479-thread-1] INFO  server.RaftServerConfigKeys (ConfUtils.java:logGet(43)) - raft.server.snapshot.retention.file.num = 5 (custom)
2019-10-01 03:07:17,105 [pool-469-thread-1] INFO  server.RaftServerConfigKeys (ConfUtils.java:logGet(43)) - raft.server.snapshot.auto.trigger.threshold = 10000 (custom)
2019-10-01 03:07:17,106 [pool-479-thread-1] INFO  server.RaftServerConfigKeys (ConfUtils.java:logGet(43)) - raft.server.retrycache.expirytime = 600000ms (custom)
2019-10-01 03:07:17,106 [pool-469-thread-1] INFO  server.RaftServerConfigKeys (ConfUtils.java:logGet(43)) - raft.server.snapshot.retention.file.num = 5 (custom)
2019-10-01 03:07:17,106 [pool-459-thread-1] INFO  impl.RaftServerImpl (RaftServerImpl.java:start(181)) - aa50838b-9bca-41ae-9019-de087e69da85@group-2964750D5D22: start as a follower, conf=-1: [aa50838b-9bca-41ae-9019-de087e69da85:192.168.151.109:39705, f56bbf36-021a-4531-8ada-dba823737717:192.168.151.109:34767, 7404321f-209f-457d-9de5-d648d2bc600a:192.168.151.109:46370], old=null
2019-10-01 03:07:17,106 [pool-469-thread-1] INFO  server.RaftServerConfigKeys (ConfUtils.java:logGet(43)) - raft.server.retrycache.expirytime = 600000ms (custom)
2019-10-01 03:07:17,106 [pool-459-thread-1] INFO  impl.RaftServerImpl (RaftServerImpl.java:setRole(170)) - aa50838b-9bca-41ae-9019-de087e69da85@group-2964750D5D22: changes role from      null to FOLLOWER at term 0 for startAsFollower
2019-10-01 03:07:17,106 [pool-459-thread-1] INFO  impl.RoleInfo (RoleInfo.java:updateAndGet(143)) - aa50838b-9bca-41ae-9019-de087e69da85: start FollowerState
2019-10-01 03:07:17,107 [pool-459-thread-1] INFO  util.JmxRegister (JmxRegister.java:tryRegister(44)) - Successfully registered JMX Bean with object name Ratis:service=RaftServer,group=group-2964750D5D22,id=aa50838b-9bca-41ae-9019-de087e69da85
2019-10-01 03:07:17,109 [pool-469-thread-1] INFO  impl.RaftServerImpl (RaftServerImpl.java:start(181)) - 7404321f-209f-457d-9de5-d648d2bc600a@group-2964750D5D22: start as a follower, conf=-1: [aa50838b-9bca-41ae-9019-de087e69da85:192.168.151.109:39705, f56bbf36-021a-4531-8ada-dba823737717:192.168.151.109:34767, 7404321f-209f-457d-9de5-d648d2bc600a:192.168.151.109:46370], old=null
2019-10-01 03:07:17,109 [pool-469-thread-1] INFO  impl.RaftServerImpl (RaftServerImpl.java:setRole(170)) - 7404321f-209f-457d-9de5-d648d2bc600a@group-2964750D5D22: changes role from      null to FOLLOWER at term 0 for startAsFollower
2019-10-01 03:07:17,110 [pool-479-thread-1] INFO  impl.RaftServerImpl (RaftServerImpl.java:<init>(95)) - f56bbf36-021a-4531-8ada-dba823737717: new RaftServerImpl for group-3D44A98526F1:[aa50838b-9bca-41ae-9019-de087e69da85:192.168.151.109:39705, f56bbf36-021a-4531-8ada-dba823737717:192.168.151.109:34767, 7404321f-209f-457d-9de5-d648d2bc600a:192.168.151.109:46370] with ContainerStateMachine:uninitialized
2019-10-01 03:07:17,110 [pool-469-thread-1] INFO  impl.RoleInfo (RoleInfo.java:updateAndGet(143)) - 7404321f-209f-457d-9de5-d648d2bc600a: start FollowerState
2019-10-01 03:07:17,110 [pool-479-thread-1] INFO  server.RaftServerConfigKeys (ConfUtils.java:logGet(43)) - raft.server.rpc.timeout.min = 1s (custom)
2019-10-01 03:07:17,110 [pool-479-thread-1] INFO  server.RaftServerConfigKeys (ConfUtils.java:logGet(43)) - raft.server.rpc.timeout.max = 1200ms (custom)
2019-10-01 03:07:17,110 [pool-469-thread-1] INFO  util.JmxRegister (JmxRegister.java:tryRegister(44)) - Successfully registered JMX Bean with object name Ratis:service=RaftServer,group=group-2964750D5D22,id=7404321f-209f-457d-9de5-d648d2bc600a
2019-10-01 03:07:17,110 [pool-479-thread-1] INFO  server.RaftServerConfigKeys (ConfUtils.java:logGet(43)) - raft.server.rpcslowness.timeout = 120s (custom)
2019-10-01 03:07:17,111 [pool-479-thread-1] INFO  server.RaftServerConfigKeys (ConfUtils.java:logGet(43)) - raft.server.sleep.deviation.threshold = 300 (default)
2019-10-01 03:07:17,111 [pool-479-thread-1] INFO  server.RaftServerConfigKeys (ConfUtils.java:logGet(43)) - raft.server.log.appender.install.snapshot.enabled = false (custom)
2019-10-01 03:07:17,111 [pool-479-thread-1] INFO  impl.RaftServerImpl (ServerState.java:<init>(103)) - f56bbf36-021a-4531-8ada-dba823737717@group-3D44A98526F1: ConfigurationManager, init=-1: [aa50838b-9bca-41ae-9019-de087e69da85:192.168.151.109:39705, f56bbf36-021a-4531-8ada-dba823737717:192.168.151.109:34767, 7404321f-209f-457d-9de5-d648d2bc600a:192.168.151.109:46370], old=null, confs=<EMPTY_MAP>
2019-10-01 03:07:17,111 [pool-459-thread-1] INFO  impl.RaftServerImpl (RaftServerImpl.java:start(181)) - aa50838b-9bca-41ae-9019-de087e69da85@group-3D44A98526F1: start as a follower, conf=-1: [aa50838b-9bca-41ae-9019-de087e69da85:192.168.151.109:39705, f56bbf36-021a-4531-8ada-dba823737717:192.168.151.109:34767, 7404321f-209f-457d-9de5-d648d2bc600a:192.168.151.109:46370], old=null
2019-10-01 03:07:17,111 [pool-459-thread-1] INFO  impl.RaftServerImpl (RaftServerImpl.java:setRole(170)) - aa50838b-9bca-41ae-9019-de087e69da85@group-3D44A98526F1: changes role from      null to FOLLOWER at term 0 for startAsFollower
2019-10-01 03:07:17,111 [pool-479-thread-1] INFO  server.RaftServerConfigKeys (ConfUtils.java:logGet(43)) - raft.server.storage.dir = [/workdir/hadoop-ozone/integration-test/target/test-dir/MiniOzoneClusterImpl-6e28ac15-3a1e-4d59-8f42-f38d89fb0b8d/datanode-9/data/ratis] (custom)
2019-10-01 03:07:17,111 [pool-459-thread-1] INFO  impl.RoleInfo (RoleInfo.java:updateAndGet(143)) - aa50838b-9bca-41ae-9019-de087e69da85: start FollowerState
2019-10-01 03:07:17,112 [pool-479-thread-1] INFO  server.RaftServerConfigKeys (ConfUtils.java:logGet(43)) - raft.server.log.corruption.policy = EXCEPTION (default)
2019-10-01 03:07:17,112 [pool-459-thread-1] INFO  util.JmxRegister (JmxRegister.java:tryRegister(44)) - Successfully registered JMX Bean with object name Ratis:service=RaftServer,group=group-3D44A98526F1,id=aa50838b-9bca-41ae-9019-de087e69da85
2019-10-01 03:07:17,112 [pool-479-thread-1] INFO  storage.RaftStorageDirectory (RaftStorageDirectory.java:analyzeStorage(246)) - The storage directory /workdir/hadoop-ozone/integration-test/target/test-dir/MiniOzoneClusterImpl-6e28ac15-3a1e-4d59-8f42-f38d89fb0b8d/datanode-9/data/ratis/be3ec8f7-6e4a-44e1-a628-3d44a98526f1 does not exist. Creating ...
2019-10-01 03:07:17,112 [pool-469-thread-1] INFO  impl.RaftServerImpl (RaftServerImpl.java:start(181)) - 7404321f-209f-457d-9de5-d648d2bc600a@group-3D44A98526F1: start as a follower, conf=-1: [aa50838b-9bca-41ae-9019-de087e69da85:192.168.151.109:39705, f56bbf36-021a-4531-8ada-dba823737717:192.168.151.109:34767, 7404321f-209f-457d-9de5-d648d2bc600a:192.168.151.109:46370], old=null
2019-10-01 03:07:17,113 [pool-469-thread-1] INFO  impl.RaftServerImpl (RaftServerImpl.java:setRole(170)) - 7404321f-209f-457d-9de5-d648d2bc600a@group-3D44A98526F1: changes role from      null to FOLLOWER at term 0 for startAsFollower
2019-10-01 03:07:17,113 [pool-469-thread-1] INFO  impl.RoleInfo (RoleInfo.java:updateAndGet(143)) - 7404321f-209f-457d-9de5-d648d2bc600a: start FollowerState
2019-10-01 03:07:17,113 [pool-469-thread-1] INFO  util.JmxRegister (JmxRegister.java:tryRegister(44)) - Successfully registered JMX Bean with object name Ratis:service=RaftServer,group=group-3D44A98526F1,id=7404321f-209f-457d-9de5-d648d2bc600a
2019-10-01 03:07:17,405 [RATISCREATEPIPELINE2] ERROR pipeline.RatisPipelineProvider (RatisPipelineProvider.java:lambda$null$5(235)) - Failed invoke Ratis rpc org.apache.hadoop.hdds.scm.pipeline.RatisPipelineProvider$$Lambda$193/945171117@796176f0 for f56bbf36-021a-4531-8ada-dba823737717
org.apache.ratis.protocol.TimeoutIOException: deadline exceeded after 2999713001ns
	at org.apache.ratis.grpc.GrpcUtil.tryUnwrapException(GrpcUtil.java:82)
	at org.apache.ratis.grpc.GrpcUtil.unwrapException(GrpcUtil.java:75)
	at org.apache.ratis.grpc.client.GrpcClientProtocolClient.blockingCall(GrpcClientProtocolClient.java:184)
	at org.apache.ratis.grpc.client.GrpcClientProtocolClient.groupAdd(GrpcClientProtocolClient.java:153)
	at org.apache.ratis.grpc.client.GrpcClientRpc.sendRequest(GrpcClientRpc.java:94)
	at org.apache.ratis.client.impl.RaftClientImpl.sendRequest(RaftClientImpl.java:278)
	at org.apache.ratis.client.impl.RaftClientImpl.groupAdd(RaftClientImpl.java:205)
	at org.apache.hadoop.hdds.scm.pipeline.RatisPipelineProvider.lambda$initializePipeline$4(RatisPipelineProvider.java:196)
	at org.apache.hadoop.hdds.scm.pipeline.RatisPipelineProvider.lambda$null$5(RatisPipelineProvider.java:231)
	at java.util.stream.ForEachOps$ForEachOp$OfRef.accept(ForEachOps.java:184)
	at java.util.ArrayList$ArrayListSpliterator.forEachRemaining(ArrayList.java:1382)
	at java.util.stream.AbstractPipeline.copyInto(AbstractPipeline.java:482)
	at java.util.stream.ForEachOps$ForEachTask.compute(ForEachOps.java:291)
	at java.util.concurrent.CountedCompleter.exec(CountedCompleter.java:731)
	at java.util.concurrent.ForkJoinTask.doExec(ForkJoinTask.java:289)
	at java.util.concurrent.ForkJoinPool$WorkQueue.runTask(ForkJoinPool.java:1056)
	at java.util.concurrent.ForkJoinPool.runWorker(ForkJoinPool.java:1692)
	at java.util.concurrent.ForkJoinWorkerThread.run(ForkJoinWorkerThread.java:157)
Caused by: org.apache.ratis.thirdparty.io.grpc.StatusRuntimeException: DEADLINE_EXCEEDED: deadline exceeded after 2999713001ns
	at org.apache.ratis.thirdparty.io.grpc.stub.ClientCalls.toStatusRuntimeException(ClientCalls.java:233)
	at org.apache.ratis.thirdparty.io.grpc.stub.ClientCalls.getUnchecked(ClientCalls.java:214)
	at org.apache.ratis.thirdparty.io.grpc.stub.ClientCalls.blockingUnaryCall(ClientCalls.java:139)
	at org.apache.ratis.proto.grpc.AdminProtocolServiceGrpc$AdminProtocolServiceBlockingStub.groupManagement(AdminProtocolServiceGrpc.java:274)
	at org.apache.ratis.grpc.client.GrpcClientProtocolClient.lambda$groupAdd$3(GrpcClientProtocolClient.java:155)
	at org.apache.ratis.grpc.client.GrpcClientProtocolClient.blockingCall(GrpcClientProtocolClient.java:182)
	... 15 more
2019-10-01 03:07:17,432 [grpc-default-executor-1] INFO  impl.RaftServerProxy (RaftServerProxy.java:addNew(89)) - 7404321f-209f-457d-9de5-d648d2bc600a: addNew group-CC18AB24BB58:[aa50838b-9bca-41ae-9019-de087e69da85:192.168.151.109:39705, f56bbf36-021a-4531-8ada-dba823737717:192.168.151.109:34767, 7404321f-209f-457d-9de5-d648d2bc600a:192.168.151.109:46370] returns group-CC18AB24BB58:java.util.concurrent.CompletableFuture@14b0a368[Not completed]
2019-10-01 03:07:17,432 [grpc-default-executor-5] INFO  impl.RaftServerProxy (RaftServerProxy.java:addNew(89)) - aa50838b-9bca-41ae-9019-de087e69da85: addNew group-CC18AB24BB58:[aa50838b-9bca-41ae-9019-de087e69da85:192.168.151.109:39705, f56bbf36-021a-4531-8ada-dba823737717:192.168.151.109:34767, 7404321f-209f-457d-9de5-d648d2bc600a:192.168.151.109:46370] returns group-CC18AB24BB58:java.util.concurrent.CompletableFuture@416926d7[Not completed]
2019-10-01 03:07:17,432 [grpc-default-executor-0] INFO  impl.RaftServerProxy (RaftServerProxy.java:addNew(89)) - f56bbf36-021a-4531-8ada-dba823737717: addNew group-CC18AB24BB58:[aa50838b-9bca-41ae-9019-de087e69da85:192.168.151.109:39705, f56bbf36-021a-4531-8ada-dba823737717:192.168.151.109:34767, 7404321f-209f-457d-9de5-d648d2bc600a:192.168.151.109:46370] returns group-CC18AB24BB58:java.util.concurrent.CompletableFuture@3f6b1376[Not completed]
2019-10-01 03:07:17,434 [pool-469-thread-1] INFO  impl.RaftServerImpl (RaftServerImpl.java:<init>(95)) - 7404321f-209f-457d-9de5-d648d2bc600a: new RaftServerImpl for group-CC18AB24BB58:[aa50838b-9bca-41ae-9019-de087e69da85:192.168.151.109:39705, f56bbf36-021a-4531-8ada-dba823737717:192.168.151.109:34767, 7404321f-209f-457d-9de5-d648d2bc600a:192.168.151.109:46370] with ContainerStateMachine:uninitialized
2019-10-01 03:07:17,434 [pool-469-thread-1] INFO  server.RaftServerConfigKeys (ConfUtils.java:logGet(43)) - raft.server.rpc.timeout.min = 1s (custom)
2019-10-01 03:07:17,434 [pool-469-thread-1] INFO  server.RaftServerConfigKeys (ConfUtils.java:logGet(43)) - raft.server.rpc.timeout.max = 1200ms (custom)
2019-10-01 03:07:17,434 [pool-469-thread-1] INFO  server.RaftServerConfigKeys (ConfUtils.java:logGet(43)) - raft.server.rpcslowness.timeout = 120s (custom)
2019-10-01 03:07:17,434 [pool-469-thread-1] INFO  server.RaftServerConfigKeys (ConfUtils.java:logGet(43)) - raft.server.sleep.deviation.threshold = 300 (default)
2019-10-01 03:07:17,434 [pool-459-thread-1] INFO  impl.RaftServerImpl (RaftServerImpl.java:<init>(95)) - aa50838b-9bca-41ae-9019-de087e69da85: new RaftServerImpl for group-CC18AB24BB58:[aa50838b-9bca-41ae-9019-de087e69da85:192.168.151.109:39705, f56bbf36-021a-4531-8ada-dba823737717:192.168.151.109:34767, 7404321f-209f-457d-9de5-d648d2bc600a:192.168.151.109:46370] with ContainerStateMachine:uninitialized
2019-10-01 03:07:17,434 [pool-469-thread-1] INFO  server.RaftServerConfigKeys (ConfUtils.java:logGet(43)) - raft.server.log.appender.install.snapshot.enabled = false (custom)
2019-10-01 03:07:17,434 [pool-459-thread-1] INFO  server.RaftServerConfigKeys (ConfUtils.java:logGet(43)) - raft.server.rpc.timeout.min = 1s (custom)
2019-10-01 03:07:17,434 [pool-469-thread-1] INFO  impl.RaftServerImpl (ServerState.java:<init>(103)) - 7404321f-209f-457d-9de5-d648d2bc600a@group-CC18AB24BB58: ConfigurationManager, init=-1: [aa50838b-9bca-41ae-9019-de087e69da85:192.168.151.109:39705, f56bbf36-021a-4531-8ada-dba823737717:192.168.151.109:34767, 7404321f-209f-457d-9de5-d648d2bc600a:192.168.151.109:46370], old=null, confs=<EMPTY_MAP>
2019-10-01 03:07:17,434 [pool-459-thread-1] INFO  server.RaftServerConfigKeys (ConfUtils.java:logGet(43)) - raft.server.rpc.timeout.max = 1200ms (custom)
2019-10-01 03:07:17,434 [pool-459-thread-1] INFO  server.RaftServerConfigKeys (ConfUtils.java:logGet(43)) - raft.server.rpcslowness.timeout = 120s (custom)
2019-10-01 03:07:17,434 [pool-469-thread-1] INFO  server.RaftServerConfigKeys (ConfUtils.java:logGet(43)) - raft.server.storage.dir = [/workdir/hadoop-ozone/integration-test/target/test-dir/MiniOzoneClusterImpl-6e28ac15-3a1e-4d59-8f42-f38d89fb0b8d/datanode-8/data/ratis] (custom)
2019-10-01 03:07:17,435 [pool-459-thread-1] INFO  server.RaftServerConfigKeys (ConfUtils.java:logGet(43)) - raft.server.sleep.deviation.threshold = 300 (default)
2019-10-01 03:07:17,435 [pool-459-thread-1] INFO  server.RaftServerConfigKeys (ConfUtils.java:logGet(43)) - raft.server.log.appender.install.snapshot.enabled = false (custom)
2019-10-01 03:07:17,435 [pool-469-thread-1] INFO  server.RaftServerConfigKeys (ConfUtils.java:logGet(43)) - raft.server.log.corruption.policy = EXCEPTION (default)
2019-10-01 03:07:17,435 [pool-459-thread-1] INFO  impl.RaftServerImpl (ServerState.java:<init>(103)) - aa50838b-9bca-41ae-9019-de087e69da85@group-CC18AB24BB58: ConfigurationManager, init=-1: [aa50838b-9bca-41ae-9019-de087e69da85:192.168.151.109:39705, f56bbf36-021a-4531-8ada-dba823737717:192.168.151.109:34767, 7404321f-209f-457d-9de5-d648d2bc600a:192.168.151.109:46370], old=null, confs=<EMPTY_MAP>
2019-10-01 03:07:17,435 [pool-469-thread-1] INFO  storage.RaftStorageDirectory (RaftStorageDirectory.java:analyzeStorage(246)) - The storage directory /workdir/hadoop-ozone/integration-test/target/test-dir/MiniOzoneClusterImpl-6e28ac15-3a1e-4d59-8f42-f38d89fb0b8d/datanode-8/data/ratis/34fd0b4a-1ade-4911-b10e-cc18ab24bb58 does not exist. Creating ...
2019-10-01 03:07:17,435 [pool-459-thread-1] INFO  server.RaftServerConfigKeys (ConfUtils.java:logGet(43)) - raft.server.storage.dir = [/workdir/hadoop-ozone/integration-test/target/test-dir/MiniOzoneClusterImpl-6e28ac15-3a1e-4d59-8f42-f38d89fb0b8d/datanode-7/data/ratis] (custom)
2019-10-01 03:07:17,435 [pool-459-thread-1] INFO  server.RaftServerConfigKeys (ConfUtils.java:logGet(43)) - raft.server.log.corruption.policy = EXCEPTION (default)
2019-10-01 03:07:17,436 [pool-459-thread-1] INFO  storage.RaftStorageDirectory (RaftStorageDirectory.java:analyzeStorage(246)) - The storage directory /workdir/hadoop-ozone/integration-test/target/test-dir/MiniOzoneClusterImpl-6e28ac15-3a1e-4d59-8f42-f38d89fb0b8d/datanode-7/data/ratis/34fd0b4a-1ade-4911-b10e-cc18ab24bb58 does not exist. Creating ...
2019-10-01 03:07:18,139 [Thread-2723] INFO  impl.FollowerState (FollowerState.java:run(108)) - aa50838b-9bca-41ae-9019-de087e69da85@group-3D44A98526F1-FollowerState: change to CANDIDATE, lastRpcTime:1027ms, electionTimeout:1027ms
2019-10-01 03:07:18,139 [Thread-2723] INFO  impl.RoleInfo (RoleInfo.java:shutdownFollowerState(121)) - aa50838b-9bca-41ae-9019-de087e69da85: shutdown FollowerState
2019-10-01 03:07:18,140 [Thread-2723] INFO  impl.RaftServerImpl (RaftServerImpl.java:setRole(170)) - aa50838b-9bca-41ae-9019-de087e69da85@group-3D44A98526F1: changes role from  FOLLOWER to CANDIDATE at term 0 for changeToCandidate
2019-10-01 03:07:18,140 [Thread-2723] INFO  impl.RoleInfo (RoleInfo.java:updateAndGet(143)) - aa50838b-9bca-41ae-9019-de087e69da85: start LeaderElection
2019-10-01 03:07:18,153 [Thread-2721] INFO  impl.FollowerState (FollowerState.java:run(108)) - 7404321f-209f-457d-9de5-d648d2bc600a@group-2964750D5D22-FollowerState: change to CANDIDATE, lastRpcTime:1043ms, electionTimeout:1043ms
2019-10-01 03:07:18,154 [Thread-2721] INFO  impl.RoleInfo (RoleInfo.java:shutdownFollowerState(121)) - 7404321f-209f-457d-9de5-d648d2bc600a: shutdown FollowerState
2019-10-01 03:07:18,154 [Thread-2721] INFO  impl.RaftServerImpl (RaftServerImpl.java:setRole(170)) - 7404321f-209f-457d-9de5-d648d2bc600a@group-2964750D5D22: changes role from  FOLLOWER to CANDIDATE at term 0 for changeToCandidate
2019-10-01 03:07:18,154 [Thread-2721] INFO  impl.RoleInfo (RoleInfo.java:updateAndGet(143)) - 7404321f-209f-457d-9de5-d648d2bc600a: start LeaderElection
2019-10-01 03:07:18,211 [Thread-2725] INFO  impl.FollowerState (FollowerState.java:run(108)) - 7404321f-209f-457d-9de5-d648d2bc600a@group-3D44A98526F1-FollowerState: change to CANDIDATE, lastRpcTime:1098ms, electionTimeout:1098ms
2019-10-01 03:07:18,211 [Thread-2725] INFO  impl.RoleInfo (RoleInfo.java:shutdownFollowerState(121)) - 7404321f-209f-457d-9de5-d648d2bc600a: shutdown FollowerState
2019-10-01 03:07:18,211 [Thread-2725] INFO  impl.RaftServerImpl (RaftServerImpl.java:setRole(170)) - 7404321f-209f-457d-9de5-d648d2bc600a@group-3D44A98526F1: changes role from  FOLLOWER to CANDIDATE at term 0 for changeToCandidate
2019-10-01 03:07:18,212 [Thread-2725] INFO  impl.RoleInfo (RoleInfo.java:updateAndGet(143)) - 7404321f-209f-457d-9de5-d648d2bc600a: start LeaderElection
2019-10-01 03:07:18,248 [Thread-2720] INFO  impl.FollowerState (FollowerState.java:run(108)) - aa50838b-9bca-41ae-9019-de087e69da85@group-2964750D5D22-FollowerState: change to CANDIDATE, lastRpcTime:1141ms, electionTimeout:1141ms
2019-10-01 03:07:18,248 [Thread-2720] INFO  impl.RoleInfo (RoleInfo.java:shutdownFollowerState(121)) - aa50838b-9bca-41ae-9019-de087e69da85: shutdown FollowerState
2019-10-01 03:07:18,249 [Thread-2720] INFO  impl.RaftServerImpl (RaftServerImpl.java:setRole(170)) - aa50838b-9bca-41ae-9019-de087e69da85@group-2964750D5D22: changes role from  FOLLOWER to CANDIDATE at term 0 for changeToCandidate
2019-10-01 03:07:18,249 [Thread-2720] INFO  impl.RoleInfo (RoleInfo.java:updateAndGet(143)) - aa50838b-9bca-41ae-9019-de087e69da85: start LeaderElection
2019-10-01 03:07:18,485 [pool-459-thread-1] INFO  storage.RaftStorageDirectory (RaftStorageDirectory.java:tryLock(328)) - Lock on /workdir/hadoop-ozone/integration-test/target/test-dir/MiniOzoneClusterImpl-6e28ac15-3a1e-4d59-8f42-f38d89fb0b8d/datanode-7/data/ratis/34fd0b4a-1ade-4911-b10e-cc18ab24bb58/in_use.lock acquired by nodename 5860@pr-hdds-1984-zmhd5-2369693365
2019-10-01 03:07:18,485 [pool-479-thread-1] INFO  storage.RaftStorageDirectory (RaftStorageDirectory.java:tryLock(328)) - Lock on /workdir/hadoop-ozone/integration-test/target/test-dir/MiniOzoneClusterImpl-6e28ac15-3a1e-4d59-8f42-f38d89fb0b8d/datanode-9/data/ratis/be3ec8f7-6e4a-44e1-a628-3d44a98526f1/in_use.lock acquired by nodename 5860@pr-hdds-1984-zmhd5-2369693365
2019-10-01 03:07:18,485 [pool-469-thread-1] INFO  storage.RaftStorageDirectory (RaftStorageDirectory.java:tryLock(328)) - Lock on /workdir/hadoop-ozone/integration-test/target/test-dir/MiniOzoneClusterImpl-6e28ac15-3a1e-4d59-8f42-f38d89fb0b8d/datanode-8/data/ratis/34fd0b4a-1ade-4911-b10e-cc18ab24bb58/in_use.lock acquired by nodename 5860@pr-hdds-1984-zmhd5-2369693365
2019-10-01 03:07:20,427 [RATISCREATEPIPELINE3] ERROR pipeline.RatisPipelineProvider (RatisPipelineProvider.java:lambda$null$5(235)) - Failed invoke Ratis rpc org.apache.hadoop.hdds.scm.pipeline.RatisPipelineProvider$$Lambda$193/945171117@1d224238 for 7404321f-209f-457d-9de5-d648d2bc600a
org.apache.ratis.protocol.TimeoutIOException: deadline exceeded after 2999777485ns
	at org.apache.ratis.grpc.GrpcUtil.tryUnwrapException(GrpcUtil.java:82)
	at org.apache.ratis.grpc.GrpcUtil.unwrapException(GrpcUtil.java:75)
	at org.apache.ratis.grpc.client.GrpcClientProtocolClient.blockingCall(GrpcClientProtocolClient.java:184)
	at org.apache.ratis.grpc.client.GrpcClientProtocolClient.groupAdd(GrpcClientProtocolClient.java:153)
	at org.apache.ratis.grpc.client.GrpcClientRpc.sendRequest(GrpcClientRpc.java:94)
	at org.apache.ratis.client.impl.RaftClientImpl.sendRequest(RaftClientImpl.java:278)
	at org.apache.ratis.client.impl.RaftClientImpl.groupAdd(RaftClientImpl.java:205)
	at org.apache.hadoop.hdds.scm.pipeline.RatisPipelineProvider.lambda$initializePipeline$4(RatisPipelineProvider.java:196)
	at org.apache.hadoop.hdds.scm.pipeline.RatisPipelineProvider.lambda$null$5(RatisPipelineProvider.java:231)
	at java.util.stream.ForEachOps$ForEachOp$OfRef.accept(ForEachOps.java:184)
	at java.util.ArrayList$ArrayListSpliterator.forEachRemaining(ArrayList.java:1382)
	at java.util.stream.AbstractPipeline.copyInto(AbstractPipeline.java:482)
	at java.util.stream.ForEachOps$ForEachTask.compute(ForEachOps.java:291)
	at java.util.concurrent.CountedCompleter.exec(CountedCompleter.java:731)
	at java.util.concurrent.ForkJoinTask.doExec(ForkJoinTask.java:289)
	at java.util.concurrent.ForkJoinPool$WorkQueue.runTask(ForkJoinPool.java:1056)
	at java.util.concurrent.ForkJoinPool.runWorker(ForkJoinPool.java:1692)
	at java.util.concurrent.ForkJoinWorkerThread.run(ForkJoinWorkerThread.java:157)
Caused by: org.apache.ratis.thirdparty.io.grpc.StatusRuntimeException: DEADLINE_EXCEEDED: deadline exceeded after 2999777485ns
	at org.apache.ratis.thirdparty.io.grpc.stub.ClientCalls.toStatusRuntimeException(ClientCalls.java:233)
	at org.apache.ratis.thirdparty.io.grpc.stub.ClientCalls.getUnchecked(ClientCalls.java:214)
	at org.apache.ratis.thirdparty.io.grpc.stub.ClientCalls.blockingUnaryCall(ClientCalls.java:139)
	at org.apache.ratis.proto.grpc.AdminProtocolServiceGrpc$AdminProtocolServiceBlockingStub.groupManagement(AdminProtocolServiceGrpc.java:274)
	at org.apache.ratis.grpc.client.GrpcClientProtocolClient.lambda$groupAdd$3(GrpcClientProtocolClient.java:155)
	at org.apache.ratis.grpc.client.GrpcClientProtocolClient.blockingCall(GrpcClientProtocolClient.java:182)
	... 15 more
2019-10-01 03:07:20,428 [RATISCREATEPIPELINE2] ERROR pipeline.RatisPipelineProvider (RatisPipelineProvider.java:lambda$null$5(235)) - Failed invoke Ratis rpc org.apache.hadoop.hdds.scm.pipeline.RatisPipelineProvider$$Lambda$193/945171117@1d224238 for f56bbf36-021a-4531-8ada-dba823737717
org.apache.ratis.protocol.TimeoutIOException: deadline exceeded after 2999693743ns
	at org.apache.ratis.grpc.GrpcUtil.tryUnwrapException(GrpcUtil.java:82)
	at org.apache.ratis.grpc.GrpcUtil.unwrapException(GrpcUtil.java:75)
	at org.apache.ratis.grpc.client.GrpcClientProtocolClient.blockingCall(GrpcClientProtocolClient.java:184)
	at org.apache.ratis.grpc.client.GrpcClientProtocolClient.groupAdd(GrpcClientProtocolClient.java:153)
	at org.apache.ratis.grpc.client.GrpcClientRpc.sendRequest(GrpcClientRpc.java:94)
	at org.apache.ratis.client.impl.RaftClientImpl.sendRequest(RaftClientImpl.java:278)
	at org.apache.ratis.client.impl.RaftClientImpl.groupAdd(RaftClientImpl.java:205)
	at org.apache.hadoop.hdds.scm.pipeline.RatisPipelineProvider.lambda$initializePipeline$4(RatisPipelineProvider.java:196)
	at org.apache.hadoop.hdds.scm.pipeline.RatisPipelineProvider.lambda$null$5(RatisPipelineProvider.java:231)
	at java.util.stream.ForEachOps$ForEachOp$OfRef.accept(ForEachOps.java:184)
	at java.util.ArrayList$ArrayListSpliterator.forEachRemaining(ArrayList.java:1382)
	at java.util.stream.AbstractPipeline.copyInto(AbstractPipeline.java:482)
	at java.util.stream.ForEachOps$ForEachTask.compute(ForEachOps.java:291)
	at java.util.concurrent.CountedCompleter.exec(CountedCompleter.java:731)
	at java.util.concurrent.ForkJoinTask.doExec(ForkJoinTask.java:289)
	at java.util.concurrent.ForkJoinPool$WorkQueue.runTask(ForkJoinPool.java:1056)
	at java.util.concurrent.ForkJoinPool.runWorker(ForkJoinPool.java:1692)
	at java.util.concurrent.ForkJoinWorkerThread.run(ForkJoinWorkerThread.java:157)
Caused by: org.apache.ratis.thirdparty.io.grpc.StatusRuntimeException: DEADLINE_EXCEEDED: deadline exceeded after 2999693743ns
	at org.apache.ratis.thirdparty.io.grpc.stub.ClientCalls.toStatusRuntimeException(ClientCalls.java:233)
	at org.apache.ratis.thirdparty.io.grpc.stub.ClientCalls.getUnchecked(ClientCalls.java:214)
	at org.apache.ratis.thirdparty.io.grpc.stub.ClientCalls.blockingUnaryCall(ClientCalls.java:139)
	at org.apache.ratis.proto.grpc.AdminProtocolServiceGrpc$AdminProtocolServiceBlockingStub.groupManagement(AdminProtocolServiceGrpc.java:274)
	at org.apache.ratis.grpc.client.GrpcClientProtocolClient.lambda$groupAdd$3(GrpcClientProtocolClient.java:155)
	at org.apache.ratis.grpc.client.GrpcClientProtocolClient.blockingCall(GrpcClientProtocolClient.java:182)
	... 15 more
2019-10-01 03:07:20,427 [RATISCREATEPIPELINE1] ERROR pipeline.RatisPipelineProvider (RatisPipelineProvider.java:lambda$null$5(235)) - Failed invoke Ratis rpc org.apache.hadoop.hdds.scm.pipeline.RatisPipelineProvider$$Lambda$193/945171117@1d224238 for aa50838b-9bca-41ae-9019-de087e69da85
org.apache.ratis.protocol.TimeoutIOException: deadline exceeded after 2999696100ns
	at org.apache.ratis.grpc.GrpcUtil.tryUnwrapException(GrpcUtil.java:82)
	at org.apache.ratis.grpc.GrpcUtil.unwrapException(GrpcUtil.java:75)
	at org.apache.ratis.grpc.client.GrpcClientProtocolClient.blockingCall(GrpcClientProtocolClient.java:184)
	at org.apache.ratis.grpc.client.GrpcClientProtocolClient.groupAdd(GrpcClientProtocolClient.java:153)
	at org.apache.ratis.grpc.client.GrpcClientRpc.sendRequest(GrpcClientRpc.java:94)
	at org.apache.ratis.client.impl.RaftClientImpl.sendRequest(RaftClientImpl.java:278)
	at org.apache.ratis.client.impl.RaftClientImpl.groupAdd(RaftClientImpl.java:205)
	at org.apache.hadoop.hdds.scm.pipeline.RatisPipelineProvider.lambda$initializePipeline$4(RatisPipelineProvider.java:196)
	at org.apache.hadoop.hdds.scm.pipeline.RatisPipelineProvider.lambda$null$5(RatisPipelineProvider.java:231)
	at java.util.stream.ForEachOps$ForEachOp$OfRef.accept(ForEachOps.java:184)
	at java.util.ArrayList$ArrayListSpliterator.forEachRemaining(ArrayList.java:1382)
	at java.util.stream.AbstractPipeline.copyInto(AbstractPipeline.java:482)
	at java.util.stream.ForEachOps$ForEachTask.compute(ForEachOps.java:291)
	at java.util.concurrent.CountedCompleter.exec(CountedCompleter.java:731)
	at java.util.concurrent.ForkJoinTask.doExec(ForkJoinTask.java:289)
	at java.util.concurrent.ForkJoinTask.doInvoke(ForkJoinTask.java:401)
	at java.util.concurrent.ForkJoinTask.invoke(ForkJoinTask.java:734)
	at java.util.stream.ForEachOps$ForEachOp.evaluateParallel(ForEachOps.java:160)
	at java.util.stream.ForEachOps$ForEachOp$OfRef.evaluateParallel(ForEachOps.java:174)
	at java.util.stream.AbstractPipeline.evaluate(AbstractPipeline.java:233)
	at java.util.stream.ReferencePipeline.forEach(ReferencePipeline.java:418)
	at java.util.stream.ReferencePipeline$Head.forEach(ReferencePipeline.java:583)
	at org.apache.hadoop.hdds.scm.pipeline.RatisPipelineProvider.lambda$callRatisRpc$6(RatisPipelineProvider.java:225)
	at java.util.concurrent.ForkJoinTask$AdaptedRunnableAction.exec(ForkJoinTask.java:1386)
	at java.util.concurrent.ForkJoinTask.doExec(ForkJoinTask.java:289)
	at java.util.concurrent.ForkJoinPool$WorkQueue.runTask(ForkJoinPool.java:1056)
	at java.util.concurrent.ForkJoinPool.runWorker(ForkJoinPool.java:1692)
	at java.util.concurrent.ForkJoinWorkerThread.run(ForkJoinWorkerThread.java:157)
Caused by: org.apache.ratis.thirdparty.io.grpc.StatusRuntimeException: DEADLINE_EXCEEDED: deadline exceeded after 2999696100ns
	at org.apache.ratis.thirdparty.io.grpc.stub.ClientCalls.toStatusRuntimeException(ClientCalls.java:233)
	at org.apache.ratis.thirdparty.io.grpc.stub.ClientCalls.getUnchecked(ClientCalls.java:214)
	at org.apache.ratis.thirdparty.io.grpc.stub.ClientCalls.blockingUnaryCall(ClientCalls.java:139)
	at org.apache.ratis.proto.grpc.AdminProtocolServiceGrpc$AdminProtocolServiceBlockingStub.groupManagement(AdminProtocolServiceGrpc.java:274)
	at org.apache.ratis.grpc.client.GrpcClientProtocolClient.lambda$groupAdd$3(GrpcClientProtocolClient.java:155)
	at org.apache.ratis.grpc.client.GrpcClientProtocolClient.blockingCall(GrpcClientProtocolClient.java:182)
	... 25 more
2019-10-01 03:07:20,433 [IPC Server handler 16 on 40588] WARN  block.BlockManagerImpl (BlockManagerImpl.java:allocateBlock(192)) - Pipeline creation failed for type:RATIS factor:THREE. Retrying get pipelines call once.
org.apache.hadoop.io.MultipleIOException: 3 exceptions [java.io.IOException: Failed invoke Ratis rpc org.apache.hadoop.hdds.scm.pipeline.RatisPipelineProvider$$Lambda$193/945171117@1d224238 for 7404321f-209f-457d-9de5-d648d2bc600a, java.io.IOException: Failed invoke Ratis rpc org.apache.hadoop.hdds.scm.pipeline.RatisPipelineProvider$$Lambda$193/945171117@1d224238 for f56bbf36-021a-4531-8ada-dba823737717, java.io.IOException: Failed invoke Ratis rpc org.apache.hadoop.hdds.scm.pipeline.RatisPipelineProvider$$Lambda$193/945171117@1d224238 for aa50838b-9bca-41ae-9019-de087e69da85]
	at org.apache.hadoop.io.MultipleIOException.createIOException(MultipleIOException.java:53)
	at org.apache.hadoop.hdds.scm.pipeline.RatisPipelineProvider.callRatisRpc(RatisPipelineProvider.java:251)
	at org.apache.hadoop.hdds.scm.pipeline.RatisPipelineProvider.initializePipeline(RatisPipelineProvider.java:194)
	at org.apache.hadoop.hdds.scm.pipeline.RatisPipelineProvider.create(RatisPipelineProvider.java:163)
	at org.apache.hadoop.hdds.scm.pipeline.PipelineFactory.create(PipelineFactory.java:58)
	at org.apache.hadoop.hdds.scm.pipeline.SCMPipelineManager.createPipeline(SCMPipelineManager.java:155)
	at org.apache.hadoop.hdds.scm.block.BlockManagerImpl.allocateBlock(BlockManagerImpl.java:190)
	at org.apache.hadoop.hdds.scm.server.SCMBlockProtocolServer.allocateBlock(SCMBlockProtocolServer.java:182)
	at org.apache.hadoop.hdds.scm.protocol.ScmBlockLocationProtocolServerSideTranslatorPB.allocateScmBlock(ScmBlockLocationProtocolServerSideTranslatorPB.java:159)
	at org.apache.hadoop.hdds.scm.protocol.ScmBlockLocationProtocolServerSideTranslatorPB.processMessage(ScmBlockLocationProtocolServerSideTranslatorPB.java:117)
	at org.apache.hadoop.hdds.server.OzoneProtocolMessageDispatcher.processRequest(OzoneProtocolMessageDispatcher.java:72)
	at org.apache.hadoop.hdds.scm.protocol.ScmBlockLocationProtocolServerSideTranslatorPB.send(ScmBlockLocationProtocolServerSideTranslatorPB.java:98)
	at org.apache.hadoop.hdds.protocol.proto.ScmBlockLocationProtocolProtos$ScmBlockLocationProtocolService$2.callBlockingMethod(ScmBlockLocationProtocolProtos.java:13157)
	at org.apache.hadoop.ipc.ProtobufRpcEngine$Server$ProtoBufRpcInvoker.call(ProtobufRpcEngine.java:524)
	at org.apache.hadoop.ipc.RPC$Server.call(RPC.java:1025)
	at org.apache.hadoop.ipc.Server$RpcCall.run(Server.java:876)
	at org.apache.hadoop.ipc.Server$RpcCall.run(Server.java:822)
	at java.security.AccessController.doPrivileged(Native Method)
	at javax.security.auth.Subject.doAs(Subject.java:422)
	at org.apache.hadoop.security.UserGroupInformation.doAs(UserGroupInformation.java:1730)
	at org.apache.hadoop.ipc.Server$Handler.run(Server.java:2682)
2019-10-01 03:07:20,434 [IPC Server handler 16 on 40588] INFO  block.BlockManagerImpl (BlockManagerImpl.java:allocateBlock(198)) - Could not find available pipeline of type:RATIS and factor:THREE even after retrying
2019-10-01 03:07:20,434 [IPC Server handler 16 on 40588] ERROR block.BlockManagerImpl (BlockManagerImpl.java:allocateBlock(222)) - Unable to allocate a block for the size: 4194304, type: RATIS, factor: THREE
2019-10-01 03:07:20,443 [main] INFO  ozone.MiniOzoneClusterImpl (MiniOzoneClusterImpl.java:shutdown(314)) - Shutting down the Mini Ozone Cluster
2019-10-01 03:07:20,443 [main] INFO  ozone.MiniOzoneClusterImpl (MiniOzoneClusterImpl.java:stop(330)) - Stopping the Mini Ozone Cluster
2019-10-01 03:07:20,443 [main] INFO  ozone.MiniOzoneClusterImpl (MiniOzoneClusterImpl.java:stopOM(400)) - Stopping the OzoneManager
2019-10-01 03:07:20,443 [main] INFO  ipc.Server (Server.java:stop(3082)) - Stopping server on 43026
2019-10-01 03:07:20,450 [IPC Server listener on 43026] INFO  ipc.Server (Server.java:run(1185)) - Stopping IPC Server listener on 43026
2019-10-01 03:07:20,450 [main] INFO  ratis.OzoneManagerDoubleBuffer (OzoneManagerDoubleBuffer.java:stop(248)) - Stopping OMDoubleBuffer flush thread
2019-10-01 03:07:20,459 [IPC Server Responder] INFO  ipc.Server (Server.java:run(1319)) - Stopping IPC Server Responder
2019-10-01 03:07:20,472 [OMDoubleBufferFlushThread] INFO  ratis.OzoneManagerDoubleBuffer (OzoneManagerDoubleBuffer.java:flushTransactions(191)) - OMDoubleBuffer flush thread OMDoubleBufferFlushThread is interrupted and will exit. OMDoubleBufferFlushThread
2019-10-01 03:07:20,478 [main] INFO  utils.BackgroundService (BackgroundService.java:shutdown(148)) - Shutting down service KeyDeletingService
2019-10-01 03:07:20,506 [main] INFO  handler.ContextHandler (ContextHandler.java:doStop(910)) - Stopped o.e.j.w.WebAppContext@5f395ce1{/,null,UNAVAILABLE}{/ozoneManager}
2019-10-01 03:07:20,507 [main] INFO  server.AbstractConnector (AbstractConnector.java:doStop(318)) - Stopped ServerConnector@19f02280{HTTP/1.1,[http/1.1]}{0.0.0.0:0}
2019-10-01 03:07:20,507 [main] INFO  handler.ContextHandler (ContextHandler.java:doStop(910)) - Stopped o.e.j.s.ServletContextHandler@51ff3c4b{/static,file:///workdir/hadoop-ozone/integration-test/target/test-classes/webapps/static,UNAVAILABLE}
2019-10-01 03:07:20,507 [main] INFO  handler.ContextHandler (ContextHandler.java:doStop(910)) - Stopped o.e.j.s.ServletContextHandler@30922f8d{/logs,file:///workdir/hadoop-ozone/integration-test/target/log,UNAVAILABLE}
2019-10-01 03:07:20,510 [main] INFO  ozone.MiniOzoneClusterImpl (MiniOzoneClusterImpl.java:stopDatanodes(377)) - Stopping the HddsDatanodes
2019-10-01 03:07:20,666 [Datanode State Machine Thread - 0] INFO  statemachine.DatanodeStateMachine (DatanodeStateMachine.java:lambda$startDaemon$0(350)) - Ozone container server started.
2019-10-01 03:07:20,709 [pool-479-thread-1] INFO  storage.RaftStorage (RaftStorage.java:format(84)) - Storage directory /workdir/hadoop-ozone/integration-test/target/test-dir/MiniOzoneClusterImpl-6e28ac15-3a1e-4d59-8f42-f38d89fb0b8d/datanode-9/data/ratis/be3ec8f7-6e4a-44e1-a628-3d44a98526f1 has been successfully formatted.
2019-10-01 03:07:20,709 [pool-469-thread-1] INFO  storage.RaftStorage (RaftStorage.java:format(84)) - Storage directory /workdir/hadoop-ozone/integration-test/target/test-dir/MiniOzoneClusterImpl-6e28ac15-3a1e-4d59-8f42-f38d89fb0b8d/datanode-8/data/ratis/34fd0b4a-1ade-4911-b10e-cc18ab24bb58 has been successfully formatted.
2019-10-01 03:07:20,709 [aa50838b-9bca-41ae-9019-de087e69da85@group-3D44A98526F1-LeaderElection103] INFO  impl.LeaderElection (LeaderElection.java:askForVotes(178)) - aa50838b-9bca-41ae-9019-de087e69da85@group-3D44A98526F1-LeaderElection103: begin an election at term 1 for -1: [aa50838b-9bca-41ae-9019-de087e69da85:192.168.151.109:39705, f56bbf36-021a-4531-8ada-dba823737717:192.168.151.109:34767, 7404321f-209f-457d-9de5-d648d2bc600a:192.168.151.109:46370], old=null
2019-10-01 03:07:20,710 [pool-469-thread-1] INFO  ratis.ContainerStateMachine (ContainerStateMachine.java:loadSnapshot(230)) - group-CC18AB24BB58: The snapshot info is null. Setting the last applied indexto:(t:0, i:~)
2019-10-01 03:07:20,709 [7404321f-209f-457d-9de5-d648d2bc600a@group-3D44A98526F1-LeaderElection105] INFO  impl.LeaderElection (LeaderElection.java:askForVotes(178)) - 7404321f-209f-457d-9de5-d648d2bc600a@group-3D44A98526F1-LeaderElection105: begin an election at term 1 for -1: [aa50838b-9bca-41ae-9019-de087e69da85:192.168.151.109:39705, f56bbf36-021a-4531-8ada-dba823737717:192.168.151.109:34767, 7404321f-209f-457d-9de5-d648d2bc600a:192.168.151.109:46370], old=null
2019-10-01 03:07:20,709 [7404321f-209f-457d-9de5-d648d2bc600a@group-2964750D5D22-LeaderElection104] INFO  impl.LeaderElection (LeaderElection.java:askForVotes(178)) - 7404321f-209f-457d-9de5-d648d2bc600a@group-2964750D5D22-LeaderElection104: begin an election at term 1 for -1: [aa50838b-9bca-41ae-9019-de087e69da85:192.168.151.109:39705, f56bbf36-021a-4531-8ada-dba823737717:192.168.151.109:34767, 7404321f-209f-457d-9de5-d648d2bc600a:192.168.151.109:46370], old=null
2019-10-01 03:07:20,709 [pool-459-thread-1] INFO  storage.RaftStorage (RaftStorage.java:format(84)) - Storage directory /workdir/hadoop-ozone/integration-test/target/test-dir/MiniOzoneClusterImpl-6e28ac15-3a1e-4d59-8f42-f38d89fb0b8d/datanode-7/data/ratis/34fd0b4a-1ade-4911-b10e-cc18ab24bb58 has been successfully formatted.
2019-10-01 03:07:20,710 [pool-469-thread-1] INFO  server.RaftServerConfigKeys (ConfUtils.java:logGet(43)) - raft.server.notification.no-leader.timeout = 120s (custom)
2019-10-01 03:07:20,710 [aa50838b-9bca-41ae-9019-de087e69da85@group-2964750D5D22-LeaderElection106] INFO  impl.LeaderElection (LeaderElection.java:askForVotes(178)) - aa50838b-9bca-41ae-9019-de087e69da85@group-2964750D5D22-LeaderElection106: begin an election at term 1 for -1: [aa50838b-9bca-41ae-9019-de087e69da85:192.168.151.109:39705, f56bbf36-021a-4531-8ada-dba823737717:192.168.151.109:34767, 7404321f-209f-457d-9de5-d648d2bc600a:192.168.151.109:46370], old=null
2019-10-01 03:07:20,710 [pool-479-thread-1] INFO  ratis.ContainerStateMachine (ContainerStateMachine.java:loadSnapshot(230)) - group-3D44A98526F1: The snapshot info is null. Setting the last applied indexto:(t:0, i:~)
2019-10-01 03:07:20,711 [pool-469-thread-1] INFO  server.RaftServerConfigKeys (ConfUtils.java:logGet(43)) - raft.server.log.use.memory = false (default)
2019-10-01 03:07:20,711 [pool-459-thread-1] INFO  ratis.ContainerStateMachine (ContainerStateMachine.java:loadSnapshot(230)) - group-CC18AB24BB58: The snapshot info is null. Setting the last applied indexto:(t:0, i:~)
2019-10-01 03:07:20,711 [pool-479-thread-1] INFO  server.RaftServerConfigKeys (ConfUtils.java:logGet(43)) - raft.server.notification.no-leader.timeout = 120s (custom)
2019-10-01 03:07:20,711 [pool-469-thread-1] INFO  server.RaftServerConfigKeys (ConfUtils.java:logGet(43)) - raft.server.log.purge.gap = 1000000 (custom)
2019-10-01 03:07:20,711 [pool-459-thread-1] INFO  server.RaftServerConfigKeys (ConfUtils.java:logGet(43)) - raft.server.notification.no-leader.timeout = 120s (custom)
2019-10-01 03:07:20,711 [pool-469-thread-1] INFO  server.RaftServerConfigKeys (ConfUtils.java:logGet(43)) - raft.server.log.appender.buffer.byte-limit = 33554432 (custom)
2019-10-01 03:07:20,711 [pool-479-thread-1] INFO  server.RaftServerConfigKeys (ConfUtils.java:logGet(43)) - raft.server.log.use.memory = false (default)
2019-10-01 03:07:20,711 [pool-469-thread-1] INFO  server.RaftServerConfigKeys (ConfUtils.java:logGet(43)) - raft.server.log.segment.size.max = 1048576 (custom)
2019-10-01 03:07:20,711 [pool-459-thread-1] INFO  server.RaftServerConfigKeys (ConfUtils.java:logGet(43)) - raft.server.log.use.memory = false (default)
2019-10-01 03:07:20,712 [pool-469-thread-1] INFO  server.RaftServerConfigKeys (ConfUtils.java:logGet(43)) - raft.server.log.segment.cache.num.max = 2 (custom)
2019-10-01 03:07:20,712 [pool-469-thread-1] INFO  segmented.SegmentedRaftLogWorker (SegmentedRaftLogWorker.java:<init>(173)) - new 7404321f-209f-457d-9de5-d648d2bc600a@group-CC18AB24BB58-SegmentedRaftLogWorker for RaftStorage:Storage Directory /workdir/hadoop-ozone/integration-test/target/test-dir/MiniOzoneClusterImpl-6e28ac15-3a1e-4d59-8f42-f38d89fb0b8d/datanode-8/data/ratis/34fd0b4a-1ade-4911-b10e-cc18ab24bb58
2019-10-01 03:07:20,712 [pool-469-thread-1] INFO  server.RaftServerConfigKeys (ConfUtils.java:logGet(43)) - raft.server.log.queue.byte-limit = 2147483647 (custom)
2019-10-01 03:07:20,712 [pool-469-thread-1] INFO  server.RaftServerConfigKeys (ConfUtils.java:logGet(43)) - raft.server.log.queue.element-limit = 1024 (custom)
2019-10-01 03:07:20,712 [pool-469-thread-1] INFO  server.RaftServerConfigKeys (ConfUtils.java:logGet(43)) - raft.server.log.segment.size.max = 1048576 (custom)
2019-10-01 03:07:20,712 [pool-479-thread-1] INFO  server.RaftServerConfigKeys (ConfUtils.java:logGet(43)) - raft.server.log.purge.gap = 1000000 (custom)
2019-10-01 03:07:20,713 [pool-479-thread-1] INFO  server.RaftServerConfigKeys (ConfUtils.java:logGet(43)) - raft.server.log.appender.buffer.byte-limit = 33554432 (custom)
2019-10-01 03:07:20,713 [pool-479-thread-1] INFO  server.RaftServerConfigKeys (ConfUtils.java:logGet(43)) - raft.server.log.segment.size.max = 1048576 (custom)
2019-10-01 03:07:20,713 [pool-479-thread-1] INFO  server.RaftServerConfigKeys (ConfUtils.java:logGet(43)) - raft.server.log.segment.cache.num.max = 2 (custom)
2019-10-01 03:07:20,713 [pool-479-thread-1] INFO  segmented.SegmentedRaftLogWorker (SegmentedRaftLogWorker.java:<init>(173)) - new f56bbf36-021a-4531-8ada-dba823737717@group-3D44A98526F1-SegmentedRaftLogWorker for RaftStorage:Storage Directory /workdir/hadoop-ozone/integration-test/target/test-dir/MiniOzoneClusterImpl-6e28ac15-3a1e-4d59-8f42-f38d89fb0b8d/datanode-9/data/ratis/be3ec8f7-6e4a-44e1-a628-3d44a98526f1
2019-10-01 03:07:20,713 [pool-479-thread-1] INFO  server.RaftServerConfigKeys (ConfUtils.java:logGet(43)) - raft.server.log.queue.byte-limit = 2147483647 (custom)
2019-10-01 03:07:20,713 [pool-469-thread-1] INFO  server.RaftServerConfigKeys (ConfUtils.java:logGet(43)) - raft.server.log.preallocated.size = 16384 (custom)
2019-10-01 03:07:20,712 [pool-459-thread-1] INFO  server.RaftServerConfigKeys (ConfUtils.java:logGet(43)) - raft.server.log.purge.gap = 1000000 (custom)
2019-10-01 03:07:20,713 [pool-469-thread-1] INFO  server.RaftServerConfigKeys (ConfUtils.java:logGet(43)) - raft.server.log.write.buffer.size = 33554432 (custom)
2019-10-01 03:07:20,713 [pool-479-thread-1] INFO  server.RaftServerConfigKeys (ConfUtils.java:logGet(43)) - raft.server.log.queue.element-limit = 1024 (custom)
2019-10-01 03:07:20,714 [pool-469-thread-1] INFO  server.RaftServerConfigKeys (ConfUtils.java:logGet(43)) - raft.server.log.force.sync.num = 128 (default)
2019-10-01 03:07:20,714 [pool-459-thread-1] INFO  server.RaftServerConfigKeys (ConfUtils.java:logGet(43)) - raft.server.log.appender.buffer.byte-limit = 33554432 (custom)
2019-10-01 03:07:20,714 [pool-469-thread-1] INFO  server.RaftServerConfigKeys (ConfUtils.java:logGet(43)) - raft.server.log.statemachine.data.sync = true (default)
2019-10-01 03:07:20,714 [pool-479-thread-1] INFO  server.RaftServerConfigKeys (ConfUtils.java:logGet(43)) - raft.server.log.segment.size.max = 1048576 (custom)
2019-10-01 03:07:20,715 [pool-479-thread-1] INFO  server.RaftServerConfigKeys (ConfUtils.java:logGet(43)) - raft.server.log.preallocated.size = 16384 (custom)
2019-10-01 03:07:20,715 [pool-479-thread-1] INFO  server.RaftServerConfigKeys (ConfUtils.java:logGet(43)) - raft.server.log.write.buffer.size = 33554432 (custom)
2019-10-01 03:07:20,714 [pool-469-thread-1] INFO  server.RaftServerConfigKeys (ConfUtils.java:logGet(43)) - raft.server.log.statemachine.data.sync.timeout = 10s (default)
2019-10-01 03:07:20,714 [pool-459-thread-1] INFO  server.RaftServerConfigKeys (ConfUtils.java:logGet(43)) - raft.server.log.segment.size.max = 1048576 (custom)
2019-10-01 03:07:20,715 [pool-459-thread-1] INFO  server.RaftServerConfigKeys (ConfUtils.java:logGet(43)) - raft.server.log.segment.cache.num.max = 2 (custom)
2019-10-01 03:07:20,715 [pool-469-thread-1] INFO  server.RaftServerConfigKeys (ConfUtils.java:logGet(43)) - raft.server.log.statemachine.data.sync.timeout.retry = -1 (default)
2019-10-01 03:07:20,715 [pool-479-thread-1] INFO  server.RaftServerConfigKeys (ConfUtils.java:logGet(43)) - raft.server.log.force.sync.num = 128 (default)
2019-10-01 03:07:20,715 [pool-459-thread-1] INFO  segmented.SegmentedRaftLogWorker (SegmentedRaftLogWorker.java:<init>(173)) - new aa50838b-9bca-41ae-9019-de087e69da85@group-CC18AB24BB58-SegmentedRaftLogWorker for RaftStorage:Storage Directory /workdir/hadoop-ozone/integration-test/target/test-dir/MiniOzoneClusterImpl-6e28ac15-3a1e-4d59-8f42-f38d89fb0b8d/datanode-7/data/ratis/34fd0b4a-1ade-4911-b10e-cc18ab24bb58
2019-10-01 03:07:20,716 [pool-469-thread-1] INFO  server.RaftServerConfigKeys (ConfUtils.java:logGet(43)) - raft.server.log.statemachine.data.caching.enabled = true (custom)
2019-10-01 03:07:20,716 [pool-479-thread-1] INFO  server.RaftServerConfigKeys (ConfUtils.java:logGet(43)) - raft.server.log.statemachine.data.sync = true (default)
2019-10-01 03:07:20,716 [pool-459-thread-1] INFO  server.RaftServerConfigKeys (ConfUtils.java:logGet(43)) - raft.server.log.queue.byte-limit = 2147483647 (custom)
2019-10-01 03:07:20,716 [grpc-default-executor-5] WARN  server.GrpcServerProtocolService (LogUtils.java:warn(134)) - f56bbf36-021a-4531-8ada-dba823737717: Failed requestVote aa50838b-9bca-41ae-9019-de087e69da85->f56bbf36-021a-4531-8ada-dba823737717#0: org.apache.ratis.protocol.ServerNotReadyException: f56bbf36-021a-4531-8ada-dba823737717@group-2964750D5D22 is not in [RUNNING]: current state is NEW
2019-10-01 03:07:20,716 [pool-469-thread-1] INFO  segmented.SegmentedRaftLogWorker (SegmentedRaftLogWorker.java:lambda$new$0(128)) - 7404321f-209f-457d-9de5-d648d2bc600a@group-CC18AB24BB58-SegmentedRaftLogWorker: flushIndex: setUnconditionally 0 -> -1
2019-10-01 03:07:20,716 [pool-479-thread-1] INFO  server.RaftServerConfigKeys (ConfUtils.java:logGet(43)) - raft.server.log.statemachine.data.sync.timeout = 10s (default)
2019-10-01 03:07:20,717 [pool-459-thread-1] INFO  server.RaftServerConfigKeys (ConfUtils.java:logGet(43)) - raft.server.log.queue.element-limit = 1024 (custom)
2019-10-01 03:07:20,717 [pool-469-thread-1] INFO  server.RaftServerConfigKeys (ConfUtils.java:logGet(43)) - raft.server.snapshot.auto.trigger.enabled = true (custom)
2019-10-01 03:07:20,716 [grpc-default-executor-6] WARN  server.GrpcServerProtocolService (LogUtils.java:warn(134)) - f56bbf36-021a-4531-8ada-dba823737717: Failed requestVote 7404321f-209f-457d-9de5-d648d2bc600a->f56bbf36-021a-4531-8ada-dba823737717#0: org.apache.ratis.protocol.ServerNotReadyException: f56bbf36-021a-4531-8ada-dba823737717@group-2964750D5D22 is not in [RUNNING]: current state is NEW
2019-10-01 03:07:20,717 [pool-469-thread-1] INFO  server.RaftServerConfigKeys (ConfUtils.java:logGet(43)) - raft.server.snapshot.auto.trigger.threshold = 10000 (custom)
2019-10-01 03:07:20,717 [pool-459-thread-1] INFO  server.RaftServerConfigKeys (ConfUtils.java:logGet(43)) - raft.server.log.segment.size.max = 1048576 (custom)
2019-10-01 03:07:20,717 [pool-479-thread-1] INFO  server.RaftServerConfigKeys (ConfUtils.java:logGet(43)) - raft.server.log.statemachine.data.sync.timeout.retry = -1 (default)
2019-10-01 03:07:20,718 [pool-459-thread-1] INFO  server.RaftServerConfigKeys (ConfUtils.java:logGet(43)) - raft.server.log.preallocated.size = 16384 (custom)
2019-10-01 03:07:20,718 [pool-469-thread-1] INFO  server.RaftServerConfigKeys (ConfUtils.java:logGet(43)) - raft.server.snapshot.retention.file.num = 5 (custom)
2019-10-01 03:07:20,718 [pool-479-thread-1] INFO  server.RaftServerConfigKeys (ConfUtils.java:logGet(43)) - raft.server.log.statemachine.data.caching.enabled = true (custom)
2019-10-01 03:07:20,718 [pool-459-thread-1] INFO  server.RaftServerConfigKeys (ConfUtils.java:logGet(43)) - raft.server.log.write.buffer.size = 33554432 (custom)
2019-10-01 03:07:20,718 [pool-469-thread-1] INFO  server.RaftServerConfigKeys (ConfUtils.java:logGet(43)) - raft.server.retrycache.expirytime = 600000ms (custom)
2019-10-01 03:07:20,718 [pool-479-thread-1] INFO  segmented.SegmentedRaftLogWorker (SegmentedRaftLogWorker.java:lambda$new$0(128)) - f56bbf36-021a-4531-8ada-dba823737717@group-3D44A98526F1-SegmentedRaftLogWorker: flushIndex: setUnconditionally 0 -> -1
2019-10-01 03:07:20,718 [pool-459-thread-1] INFO  server.RaftServerConfigKeys (ConfUtils.java:logGet(43)) - raft.server.log.force.sync.num = 128 (default)
2019-10-01 03:07:20,719 [pool-459-thread-1] INFO  server.RaftServerConfigKeys (ConfUtils.java:logGet(43)) - raft.server.log.statemachine.data.sync = true (default)
2019-10-01 03:07:20,719 [pool-479-thread-1] INFO  server.RaftServerConfigKeys (ConfUtils.java:logGet(43)) - raft.server.snapshot.auto.trigger.enabled = true (custom)
2019-10-01 03:07:20,719 [pool-459-thread-1] INFO  server.RaftServerConfigKeys (ConfUtils.java:logGet(43)) - raft.server.log.statemachine.data.sync.timeout = 10s (default)
2019-10-01 03:07:20,719 [pool-479-thread-1] INFO  server.RaftServerConfigKeys (ConfUtils.java:logGet(43)) - raft.server.snapshot.auto.trigger.threshold = 10000 (custom)
2019-10-01 03:07:20,719 [pool-459-thread-1] INFO  server.RaftServerConfigKeys (ConfUtils.java:logGet(43)) - raft.server.log.statemachine.data.sync.timeout.retry = -1 (default)
2019-10-01 03:07:20,719 [pool-479-thread-1] INFO  server.RaftServerConfigKeys (ConfUtils.java:logGet(43)) - raft.server.snapshot.retention.file.num = 5 (custom)
2019-10-01 03:07:20,719 [pool-459-thread-1] INFO  server.RaftServerConfigKeys (ConfUtils.java:logGet(43)) - raft.server.log.statemachine.data.caching.enabled = true (custom)
2019-10-01 03:07:20,719 [pool-479-thread-1] INFO  server.RaftServerConfigKeys (ConfUtils.java:logGet(43)) - raft.server.retrycache.expirytime = 600000ms (custom)
2019-10-01 03:07:20,720 [pool-459-thread-1] INFO  segmented.SegmentedRaftLogWorker (SegmentedRaftLogWorker.java:lambda$new$0(128)) - aa50838b-9bca-41ae-9019-de087e69da85@group-CC18AB24BB58-SegmentedRaftLogWorker: flushIndex: setUnconditionally 0 -> -1
2019-10-01 03:07:20,720 [pool-459-thread-1] INFO  server.RaftServerConfigKeys (ConfUtils.java:logGet(43)) - raft.server.snapshot.auto.trigger.enabled = true (custom)
2019-10-01 03:07:20,720 [pool-459-thread-1] INFO  server.RaftServerConfigKeys (ConfUtils.java:logGet(43)) - raft.server.snapshot.auto.trigger.threshold = 10000 (custom)
2019-10-01 03:07:20,720 [pool-459-thread-1] INFO  server.RaftServerConfigKeys (ConfUtils.java:logGet(43)) - raft.server.snapshot.retention.file.num = 5 (custom)
2019-10-01 03:07:20,720 [pool-459-thread-1] INFO  server.RaftServerConfigKeys (ConfUtils.java:logGet(43)) - raft.server.retrycache.expirytime = 600000ms (custom)
2019-10-01 03:07:20,722 [pool-469-thread-1] INFO  impl.RaftServerImpl (RaftServerImpl.java:start(181)) - 7404321f-209f-457d-9de5-d648d2bc600a@group-CC18AB24BB58: start as a follower, conf=-1: [aa50838b-9bca-41ae-9019-de087e69da85:192.168.151.109:39705, f56bbf36-021a-4531-8ada-dba823737717:192.168.151.109:34767, 7404321f-209f-457d-9de5-d648d2bc600a:192.168.151.109:46370], old=null
2019-10-01 03:07:20,722 [pool-469-thread-1] INFO  impl.RaftServerImpl (RaftServerImpl.java:setRole(170)) - 7404321f-209f-457d-9de5-d648d2bc600a@group-CC18AB24BB58: changes role from      null to FOLLOWER at term 0 for startAsFollower
2019-10-01 03:07:20,722 [pool-469-thread-1] INFO  impl.RoleInfo (RoleInfo.java:updateAndGet(143)) - 7404321f-209f-457d-9de5-d648d2bc600a: start FollowerState
2019-10-01 03:07:20,723 [pool-479-thread-1] INFO  impl.RaftServerImpl (RaftServerImpl.java:start(181)) - f56bbf36-021a-4531-8ada-dba823737717@group-2964750D5D22: start as a follower, conf=-1: [aa50838b-9bca-41ae-9019-de087e69da85:192.168.151.109:39705, f56bbf36-021a-4531-8ada-dba823737717:192.168.151.109:34767, 7404321f-209f-457d-9de5-d648d2bc600a:192.168.151.109:46370], old=null
2019-10-01 03:07:20,723 [grpc-default-executor-3] WARN  server.GrpcServerProtocolService (LogUtils.java:warn(134)) - f56bbf36-021a-4531-8ada-dba823737717: Failed requestVote aa50838b-9bca-41ae-9019-de087e69da85->f56bbf36-021a-4531-8ada-dba823737717#0: org.apache.ratis.protocol.ServerNotReadyException: f56bbf36-021a-4531-8ada-dba823737717@group-3D44A98526F1 is not in [RUNNING]: current state is NEW
2019-10-01 03:07:20,723 [grpc-default-executor-1] WARN  server.GrpcServerProtocolService (LogUtils.java:warn(134)) - f56bbf36-021a-4531-8ada-dba823737717: Failed requestVote 7404321f-209f-457d-9de5-d648d2bc600a->f56bbf36-021a-4531-8ada-dba823737717#0: org.apache.ratis.protocol.ServerNotReadyException: f56bbf36-021a-4531-8ada-dba823737717@group-3D44A98526F1 is not in [RUNNING]: current state is NEW
2019-10-01 03:07:20,723 [pool-469-thread-1] INFO  util.JmxRegister (JmxRegister.java:tryRegister(44)) - Successfully registered JMX Bean with object name Ratis:service=RaftServer,group=group-CC18AB24BB58,id=7404321f-209f-457d-9de5-d648d2bc600a
2019-10-01 03:07:20,723 [pool-459-thread-1] INFO  impl.RaftServerImpl (RaftServerImpl.java:start(181)) - aa50838b-9bca-41ae-9019-de087e69da85@group-CC18AB24BB58: start as a follower, conf=-1: [aa50838b-9bca-41ae-9019-de087e69da85:192.168.151.109:39705, f56bbf36-021a-4531-8ada-dba823737717:192.168.151.109:34767, 7404321f-209f-457d-9de5-d648d2bc600a:192.168.151.109:46370], old=null
2019-10-01 03:07:20,723 [pool-479-thread-1] INFO  impl.RaftServerImpl (RaftServerImpl.java:setRole(170)) - f56bbf36-021a-4531-8ada-dba823737717@group-2964750D5D22: changes role from      null to FOLLOWER at term 0 for startAsFollower
2019-10-01 03:07:20,723 [pool-459-thread-1] INFO  impl.RaftServerImpl (RaftServerImpl.java:setRole(170)) - aa50838b-9bca-41ae-9019-de087e69da85@group-CC18AB24BB58: changes role from      null to FOLLOWER at term 0 for startAsFollower
2019-10-01 03:07:20,724 [pool-459-thread-1] INFO  impl.RoleInfo (RoleInfo.java:updateAndGet(143)) - aa50838b-9bca-41ae-9019-de087e69da85: start FollowerState
2019-10-01 03:07:20,724 [pool-479-thread-1] INFO  impl.RoleInfo (RoleInfo.java:updateAndGet(143)) - f56bbf36-021a-4531-8ada-dba823737717: start FollowerState
2019-10-01 03:07:20,724 [pool-459-thread-1] INFO  util.JmxRegister (JmxRegister.java:tryRegister(44)) - Successfully registered JMX Bean with object name Ratis:service=RaftServer,group=group-CC18AB24BB58,id=aa50838b-9bca-41ae-9019-de087e69da85
2019-10-01 03:07:20,724 [pool-479-thread-1] INFO  util.JmxRegister (JmxRegister.java:tryRegister(44)) - Successfully registered JMX Bean with object name Ratis:service=RaftServer,group=group-2964750D5D22,id=f56bbf36-021a-4531-8ada-dba823737717
2019-10-01 03:07:20,727 [pool-479-thread-1] INFO  impl.RaftServerImpl (RaftServerImpl.java:start(181)) - f56bbf36-021a-4531-8ada-dba823737717@group-024A971E79D6: start as a follower, conf=-1: [f56bbf36-021a-4531-8ada-dba823737717:192.168.151.109:34767], old=null
2019-10-01 03:07:20,728 [pool-479-thread-1] INFO  impl.RaftServerImpl (RaftServerImpl.java:setRole(170)) - f56bbf36-021a-4531-8ada-dba823737717@group-024A971E79D6: changes role from      null to FOLLOWER at term 0 for startAsFollower
2019-10-01 03:07:20,728 [pool-479-thread-1] INFO  impl.RoleInfo (RoleInfo.java:updateAndGet(143)) - f56bbf36-021a-4531-8ada-dba823737717: start FollowerState
2019-10-01 03:07:20,728 [pool-479-thread-1] INFO  util.JmxRegister (JmxRegister.java:tryRegister(44)) - Successfully registered JMX Bean with object name Ratis:service=RaftServer,group=group-024A971E79D6,id=f56bbf36-021a-4531-8ada-dba823737717
2019-10-01 03:07:20,732 [pool-479-thread-1] INFO  impl.RaftServerImpl (RaftServerImpl.java:<init>(95)) - f56bbf36-021a-4531-8ada-dba823737717: new RaftServerImpl for group-CC18AB24BB58:[aa50838b-9bca-41ae-9019-de087e69da85:192.168.151.109:39705, f56bbf36-021a-4531-8ada-dba823737717:192.168.151.109:34767, 7404321f-209f-457d-9de5-d648d2bc600a:192.168.151.109:46370] with ContainerStateMachine:uninitialized
2019-10-01 03:07:20,732 [pool-479-thread-1] INFO  server.RaftServerConfigKeys (ConfUtils.java:logGet(43)) - raft.server.rpc.timeout.min = 1s (custom)
2019-10-01 03:07:20,732 [pool-479-thread-1] INFO  server.RaftServerConfigKeys (ConfUtils.java:logGet(43)) - raft.server.rpc.timeout.max = 1200ms (custom)
2019-10-01 03:07:20,732 [pool-479-thread-1] INFO  server.RaftServerConfigKeys (ConfUtils.java:logGet(43)) - raft.server.rpcslowness.timeout = 120s (custom)
2019-10-01 03:07:20,732 [pool-479-thread-1] INFO  server.RaftServerConfigKeys (ConfUtils.java:logGet(43)) - raft.server.sleep.deviation.threshold = 300 (default)
2019-10-01 03:07:20,732 [pool-479-thread-1] INFO  server.RaftServerConfigKeys (ConfUtils.java:logGet(43)) - raft.server.log.appender.install.snapshot.enabled = false (custom)
2019-10-01 03:07:20,733 [pool-479-thread-1] INFO  impl.RaftServerImpl (ServerState.java:<init>(103)) - f56bbf36-021a-4531-8ada-dba823737717@group-CC18AB24BB58: ConfigurationManager, init=-1: [aa50838b-9bca-41ae-9019-de087e69da85:192.168.151.109:39705, f56bbf36-021a-4531-8ada-dba823737717:192.168.151.109:34767, 7404321f-209f-457d-9de5-d648d2bc600a:192.168.151.109:46370], old=null, confs=<EMPTY_MAP>
2019-10-01 03:07:20,733 [pool-479-thread-1] INFO  server.RaftServerConfigKeys (ConfUtils.java:logGet(43)) - raft.server.storage.dir = [/workdir/hadoop-ozone/integration-test/target/test-dir/MiniOzoneClusterImpl-6e28ac15-3a1e-4d59-8f42-f38d89fb0b8d/datanode-9/data/ratis] (custom)
2019-10-01 03:07:20,733 [pool-479-thread-1] INFO  server.RaftServerConfigKeys (ConfUtils.java:logGet(43)) - raft.server.log.corruption.policy = EXCEPTION (default)
2019-10-01 03:07:20,733 [pool-479-thread-1] INFO  storage.RaftStorageDirectory (RaftStorageDirectory.java:analyzeStorage(246)) - The storage directory /workdir/hadoop-ozone/integration-test/target/test-dir/MiniOzoneClusterImpl-6e28ac15-3a1e-4d59-8f42-f38d89fb0b8d/datanode-9/data/ratis/34fd0b4a-1ade-4911-b10e-cc18ab24bb58 does not exist. Creating ...
2019-10-01 03:07:20,742 [aa50838b-9bca-41ae-9019-de087e69da85@group-2964750D5D22-LeaderElection106] INFO  impl.LeaderElection (LogUtils.java:infoOrTrace(149)) - aa50838b-9bca-41ae-9019-de087e69da85@group-2964750D5D22-LeaderElection106 got exception when requesting votes: {}
java.util.concurrent.ExecutionException: org.apache.ratis.thirdparty.io.grpc.StatusRuntimeException: INTERNAL: f56bbf36-021a-4531-8ada-dba823737717@group-2964750D5D22 is not in [RUNNING]: current state is NEW
	at java.util.concurrent.FutureTask.report(FutureTask.java:122)
	at java.util.concurrent.FutureTask.get(FutureTask.java:192)
	at org.apache.ratis.server.impl.LeaderElection.waitForResults(LeaderElection.java:259)
	at org.apache.ratis.server.impl.LeaderElection.askForVotes(LeaderElection.java:197)
	at org.apache.ratis.server.impl.LeaderElection.run(LeaderElection.java:133)
	at java.lang.Thread.run(Thread.java:748)
Caused by: org.apache.ratis.thirdparty.io.grpc.StatusRuntimeException: INTERNAL: f56bbf36-021a-4531-8ada-dba823737717@group-2964750D5D22 is not in [RUNNING]: current state is NEW
	at org.apache.ratis.thirdparty.io.grpc.stub.ClientCalls.toStatusRuntimeException(ClientCalls.java:233)
	at org.apache.ratis.thirdparty.io.grpc.stub.ClientCalls.getUnchecked(ClientCalls.java:214)
	at org.apache.ratis.thirdparty.io.grpc.stub.ClientCalls.blockingUnaryCall(ClientCalls.java:139)
	at org.apache.ratis.proto.grpc.RaftServerProtocolServiceGrpc$RaftServerProtocolServiceBlockingStub.requestVote(RaftServerProtocolServiceGrpc.java:265)
	at org.apache.ratis.grpc.server.GrpcServerProtocolClient.requestVote(GrpcServerProtocolClient.java:99)
	at org.apache.ratis.grpc.server.GrpcService.requestVote(GrpcService.java:204)
	at org.apache.ratis.server.impl.LeaderElection.lambda$submitRequests$1(LeaderElection.java:234)
	at java.util.concurrent.FutureTask.run(FutureTask.java:266)
	at java.util.concurrent.Executors$RunnableAdapter.call(Executors.java:511)
	at java.util.concurrent.FutureTask.run(FutureTask.java:266)
	at java.util.concurrent.ThreadPoolExecutor.runWorker(ThreadPoolExecutor.java:1149)
	at java.util.concurrent.ThreadPoolExecutor$Worker.run(ThreadPoolExecutor.java:624)
	... 1 more
2019-10-01 03:07:20,742 [7404321f-209f-457d-9de5-d648d2bc600a@group-3D44A98526F1-LeaderElection105] INFO  impl.LeaderElection (LogUtils.java:infoOrTrace(149)) - 7404321f-209f-457d-9de5-d648d2bc600a@group-3D44A98526F1-LeaderElection105 got exception when requesting votes: {}
java.util.concurrent.ExecutionException: org.apache.ratis.thirdparty.io.grpc.StatusRuntimeException: INTERNAL: f56bbf36-021a-4531-8ada-dba823737717@group-3D44A98526F1 is not in [RUNNING]: current state is NEW
	at java.util.concurrent.FutureTask.report(FutureTask.java:122)
	at java.util.concurrent.FutureTask.get(FutureTask.java:192)
	at org.apache.ratis.server.impl.LeaderElection.waitForResults(LeaderElection.java:259)
	at org.apache.ratis.server.impl.LeaderElection.askForVotes(LeaderElection.java:197)
	at org.apache.ratis.server.impl.LeaderElection.run(LeaderElection.java:133)
	at java.lang.Thread.run(Thread.java:748)
Caused by: org.apache.ratis.thirdparty.io.grpc.StatusRuntimeException: INTERNAL: f56bbf36-021a-4531-8ada-dba823737717@group-3D44A98526F1 is not in [RUNNING]: current state is NEW
	at org.apache.ratis.thirdparty.io.grpc.stub.ClientCalls.toStatusRuntimeException(ClientCalls.java:233)
	at org.apache.ratis.thirdparty.io.grpc.stub.ClientCalls.getUnchecked(ClientCalls.java:214)
	at org.apache.ratis.thirdparty.io.grpc.stub.ClientCalls.blockingUnaryCall(ClientCalls.java:139)
	at org.apache.ratis.proto.grpc.RaftServerProtocolServiceGrpc$RaftServerProtocolServiceBlockingStub.requestVote(RaftServerProtocolServiceGrpc.java:265)
	at org.apache.ratis.grpc.server.GrpcServerProtocolClient.requestVote(GrpcServerProtocolClient.java:99)
	at org.apache.ratis.grpc.server.GrpcService.requestVote(GrpcService.java:204)
	at org.apache.ratis.server.impl.LeaderElection.lambda$submitRequests$1(LeaderElection.java:234)
	at java.util.concurrent.FutureTask.run(FutureTask.java:266)
	at java.util.concurrent.Executors$RunnableAdapter.call(Executors.java:511)
	at java.util.concurrent.FutureTask.run(FutureTask.java:266)
	at java.util.concurrent.ThreadPoolExecutor.runWorker(ThreadPoolExecutor.java:1149)
	at java.util.concurrent.ThreadPoolExecutor$Worker.run(ThreadPoolExecutor.java:624)
	... 1 more
2019-10-01 03:07:20,743 [7404321f-209f-457d-9de5-d648d2bc600a@group-3D44A98526F1-LeaderElection105] INFO  impl.LeaderElection (LeaderElection.java:logAndReturn(56)) - 7404321f-209f-457d-9de5-d648d2bc600a@group-3D44A98526F1-LeaderElection105: Election REJECTED; received 1 response(s) [7404321f-209f-457d-9de5-d648d2bc600a<-aa50838b-9bca-41ae-9019-de087e69da85#0:FAIL-t1] and 1 exception(s); 7404321f-209f-457d-9de5-d648d2bc600a@group-3D44A98526F1:t1, leader=null, voted=7404321f-209f-457d-9de5-d648d2bc600a, raftlog=7404321f-209f-457d-9de5-d648d2bc600a@group-3D44A98526F1-SegmentedRaftLog:OPENED:c-1,f-1,i0, conf=-1: [aa50838b-9bca-41ae-9019-de087e69da85:192.168.151.109:39705, f56bbf36-021a-4531-8ada-dba823737717:192.168.151.109:34767, 7404321f-209f-457d-9de5-d648d2bc600a:192.168.151.109:46370], old=null
2019-10-01 03:07:20,743 [7404321f-209f-457d-9de5-d648d2bc600a@group-3D44A98526F1-LeaderElection105] INFO  impl.LeaderElection (LogUtils.java:infoOrTrace(149)) -   Exception 0: {}
java.util.concurrent.ExecutionException: org.apache.ratis.thirdparty.io.grpc.StatusRuntimeException: INTERNAL: f56bbf36-021a-4531-8ada-dba823737717@group-3D44A98526F1 is not in [RUNNING]: current state is NEW
	at java.util.concurrent.FutureTask.report(FutureTask.java:122)
	at java.util.concurrent.FutureTask.get(FutureTask.java:192)
	at org.apache.ratis.server.impl.LeaderElection.waitForResults(LeaderElection.java:259)
	at org.apache.ratis.server.impl.LeaderElection.askForVotes(LeaderElection.java:197)
	at org.apache.ratis.server.impl.LeaderElection.run(LeaderElection.java:133)
	at java.lang.Thread.run(Thread.java:748)
Caused by: org.apache.ratis.thirdparty.io.grpc.StatusRuntimeException: INTERNAL: f56bbf36-021a-4531-8ada-dba823737717@group-3D44A98526F1 is not in [RUNNING]: current state is NEW
	at org.apache.ratis.thirdparty.io.grpc.stub.ClientCalls.toStatusRuntimeException(ClientCalls.java:233)
	at org.apache.ratis.thirdparty.io.grpc.stub.ClientCalls.getUnchecked(ClientCalls.java:214)
	at org.apache.ratis.thirdparty.io.grpc.stub.ClientCalls.blockingUnaryCall(ClientCalls.java:139)
	at org.apache.ratis.proto.grpc.RaftServerProtocolServiceGrpc$RaftServerProtocolServiceBlockingStub.requestVote(RaftServerProtocolServiceGrpc.java:265)
	at org.apache.ratis.grpc.server.GrpcServerProtocolClient.requestVote(GrpcServerProtocolClient.java:99)
	at org.apache.ratis.grpc.server.GrpcService.requestVote(GrpcService.java:204)
	at org.apache.ratis.server.impl.LeaderElection.lambda$submitRequests$1(LeaderElection.java:234)
	at java.util.concurrent.FutureTask.run(FutureTask.java:266)
	at java.util.concurrent.Executors$RunnableAdapter.call(Executors.java:511)
	at java.util.concurrent.FutureTask.run(FutureTask.java:266)
	at java.util.concurrent.ThreadPoolExecutor.runWorker(ThreadPoolExecutor.java:1149)
	at java.util.concurrent.ThreadPoolExecutor$Worker.run(ThreadPoolExecutor.java:624)
	... 1 more
2019-10-01 03:07:20,742 [aa50838b-9bca-41ae-9019-de087e69da85@group-2964750D5D22-LeaderElection106] INFO  impl.LeaderElection (LeaderElection.java:logAndReturn(56)) - aa50838b-9bca-41ae-9019-de087e69da85@group-2964750D5D22-LeaderElection106: Election REJECTED; received 1 response(s) [aa50838b-9bca-41ae-9019-de087e69da85<-7404321f-209f-457d-9de5-d648d2bc600a#0:FAIL-t1] and 1 exception(s); aa50838b-9bca-41ae-9019-de087e69da85@group-2964750D5D22:t1, leader=null, voted=aa50838b-9bca-41ae-9019-de087e69da85, raftlog=aa50838b-9bca-41ae-9019-de087e69da85@group-2964750D5D22-SegmentedRaftLog:OPENED:c-1,f-1,i0, conf=-1: [aa50838b-9bca-41ae-9019-de087e69da85:192.168.151.109:39705, f56bbf36-021a-4531-8ada-dba823737717:192.168.151.109:34767, 7404321f-209f-457d-9de5-d648d2bc600a:192.168.151.109:46370], old=null
2019-10-01 03:07:20,743 [aa50838b-9bca-41ae-9019-de087e69da85@group-2964750D5D22-LeaderElection106] INFO  impl.LeaderElection (LogUtils.java:infoOrTrace(149)) -   Exception 0: {}
java.util.concurrent.ExecutionException: org.apache.ratis.thirdparty.io.grpc.StatusRuntimeException: INTERNAL: f56bbf36-021a-4531-8ada-dba823737717@group-2964750D5D22 is not in [RUNNING]: current state is NEW
	at java.util.concurrent.FutureTask.report(FutureTask.java:122)
	at java.util.concurrent.FutureTask.get(FutureTask.java:192)
	at org.apache.ratis.server.impl.LeaderElection.waitForResults(LeaderElection.java:259)
	at org.apache.ratis.server.impl.LeaderElection.askForVotes(LeaderElection.java:197)
	at org.apache.ratis.server.impl.LeaderElection.run(LeaderElection.java:133)
	at java.lang.Thread.run(Thread.java:748)
Caused by: org.apache.ratis.thirdparty.io.grpc.StatusRuntimeException: INTERNAL: f56bbf36-021a-4531-8ada-dba823737717@group-2964750D5D22 is not in [RUNNING]: current state is NEW
	at org.apache.ratis.thirdparty.io.grpc.stub.ClientCalls.toStatusRuntimeException(ClientCalls.java:233)
	at org.apache.ratis.thirdparty.io.grpc.stub.ClientCalls.getUnchecked(ClientCalls.java:214)
	at org.apache.ratis.thirdparty.io.grpc.stub.ClientCalls.blockingUnaryCall(ClientCalls.java:139)
	at org.apache.ratis.proto.grpc.RaftServerProtocolServiceGrpc$RaftServerProtocolServiceBlockingStub.requestVote(RaftServerProtocolServiceGrpc.java:265)
	at org.apache.ratis.grpc.server.GrpcServerProtocolClient.requestVote(GrpcServerProtocolClient.java:99)
	at org.apache.ratis.grpc.server.GrpcService.requestVote(GrpcService.java:204)
	at org.apache.ratis.server.impl.LeaderElection.lambda$submitRequests$1(LeaderElection.java:234)
	at java.util.concurrent.FutureTask.run(FutureTask.java:266)
	at java.util.concurrent.Executors$RunnableAdapter.call(Executors.java:511)
	at java.util.concurrent.FutureTask.run(FutureTask.java:266)
	at java.util.concurrent.ThreadPoolExecutor.runWorker(ThreadPoolExecutor.java:1149)
	at java.util.concurrent.ThreadPoolExecutor$Worker.run(ThreadPoolExecutor.java:624)
	... 1 more
2019-10-01 03:07:20,743 [7404321f-209f-457d-9de5-d648d2bc600a@group-3D44A98526F1-LeaderElection105] INFO  impl.RaftServerImpl (RaftServerImpl.java:setRole(170)) - 7404321f-209f-457d-9de5-d648d2bc600a@group-3D44A98526F1: changes role from CANDIDATE to FOLLOWER at term 1 for DISCOVERED_A_NEW_TERM
2019-10-01 03:07:20,743 [7404321f-209f-457d-9de5-d648d2bc600a@group-3D44A98526F1-LeaderElection105] INFO  impl.RoleInfo (RoleInfo.java:shutdownLeaderElection(134)) - 7404321f-209f-457d-9de5-d648d2bc600a: shutdown LeaderElection
2019-10-01 03:07:20,743 [aa50838b-9bca-41ae-9019-de087e69da85@group-2964750D5D22-LeaderElection106] INFO  impl.RaftServerImpl (RaftServerImpl.java:setRole(170)) - aa50838b-9bca-41ae-9019-de087e69da85@group-2964750D5D22: changes role from CANDIDATE to FOLLOWER at term 1 for DISCOVERED_A_NEW_TERM
2019-10-01 03:07:20,744 [aa50838b-9bca-41ae-9019-de087e69da85@group-2964750D5D22-LeaderElection106] INFO  impl.RoleInfo (RoleInfo.java:shutdownLeaderElection(134)) - aa50838b-9bca-41ae-9019-de087e69da85: shutdown LeaderElection
2019-10-01 03:07:20,744 [7404321f-209f-457d-9de5-d648d2bc600a@group-3D44A98526F1-LeaderElection105] INFO  impl.RoleInfo (RoleInfo.java:updateAndGet(143)) - 7404321f-209f-457d-9de5-d648d2bc600a: start FollowerState
2019-10-01 03:07:20,744 [aa50838b-9bca-41ae-9019-de087e69da85@group-2964750D5D22-LeaderElection106] INFO  impl.RoleInfo (RoleInfo.java:updateAndGet(143)) - aa50838b-9bca-41ae-9019-de087e69da85: start FollowerState
2019-10-01 03:07:20,744 [7404321f-209f-457d-9de5-d648d2bc600a@group-2964750D5D22-LeaderElection104] INFO  impl.LeaderElection (LogUtils.java:infoOrTrace(149)) - 7404321f-209f-457d-9de5-d648d2bc600a@group-2964750D5D22-LeaderElection104 got exception when requesting votes: {}
java.util.concurrent.ExecutionException: org.apache.ratis.thirdparty.io.grpc.StatusRuntimeException: INTERNAL: f56bbf36-021a-4531-8ada-dba823737717@group-2964750D5D22 is not in [RUNNING]: current state is NEW
	at java.util.concurrent.FutureTask.report(FutureTask.java:122)
	at java.util.concurrent.FutureTask.get(FutureTask.java:192)
	at org.apache.ratis.server.impl.LeaderElection.waitForResults(LeaderElection.java:259)
	at org.apache.ratis.server.impl.LeaderElection.askForVotes(LeaderElection.java:197)
	at org.apache.ratis.server.impl.LeaderElection.run(LeaderElection.java:133)
	at java.lang.Thread.run(Thread.java:748)
Caused by: org.apache.ratis.thirdparty.io.grpc.StatusRuntimeException: INTERNAL: f56bbf36-021a-4531-8ada-dba823737717@group-2964750D5D22 is not in [RUNNING]: current state is NEW
	at org.apache.ratis.thirdparty.io.grpc.stub.ClientCalls.toStatusRuntimeException(ClientCalls.java:233)
	at org.apache.ratis.thirdparty.io.grpc.stub.ClientCalls.getUnchecked(ClientCalls.java:214)
	at org.apache.ratis.thirdparty.io.grpc.stub.ClientCalls.blockingUnaryCall(ClientCalls.java:139)
	at org.apache.ratis.proto.grpc.RaftServerProtocolServiceGrpc$RaftServerProtocolServiceBlockingStub.requestVote(RaftServerProtocolServiceGrpc.java:265)
	at org.apache.ratis.grpc.server.GrpcServerProtocolClient.requestVote(GrpcServerProtocolClient.java:99)
	at org.apache.ratis.grpc.server.GrpcService.requestVote(GrpcService.java:204)
	at org.apache.ratis.server.impl.LeaderElection.lambda$submitRequests$1(LeaderElection.java:234)
	at java.util.concurrent.FutureTask.run(FutureTask.java:266)
	at java.util.concurrent.Executors$RunnableAdapter.call(Executors.java:511)
	at java.util.concurrent.FutureTask.run(FutureTask.java:266)
	at java.util.concurrent.ThreadPoolExecutor.runWorker(ThreadPoolExecutor.java:1149)
	at java.util.concurrent.ThreadPoolExecutor$Worker.run(ThreadPoolExecutor.java:624)
	... 1 more
2019-10-01 03:07:20,744 [aa50838b-9bca-41ae-9019-de087e69da85@group-3D44A98526F1-LeaderElection103] INFO  impl.LeaderElection (LogUtils.java:infoOrTrace(149)) - aa50838b-9bca-41ae-9019-de087e69da85@group-3D44A98526F1-LeaderElection103 got exception when requesting votes: {}
java.util.concurrent.ExecutionException: org.apache.ratis.thirdparty.io.grpc.StatusRuntimeException: INTERNAL: f56bbf36-021a-4531-8ada-dba823737717@group-3D44A98526F1 is not in [RUNNING]: current state is NEW
	at java.util.concurrent.FutureTask.report(FutureTask.java:122)
	at java.util.concurrent.FutureTask.get(FutureTask.java:192)
	at org.apache.ratis.server.impl.LeaderElection.waitForResults(LeaderElection.java:259)
	at org.apache.ratis.server.impl.LeaderElection.askForVotes(LeaderElection.java:197)
	at org.apache.ratis.server.impl.LeaderElection.run(LeaderElection.java:133)
	at java.lang.Thread.run(Thread.java:748)
Caused by: org.apache.ratis.thirdparty.io.grpc.StatusRuntimeException: INTERNAL: f56bbf36-021a-4531-8ada-dba823737717@group-3D44A98526F1 is not in [RUNNING]: current state is NEW
	at org.apache.ratis.thirdparty.io.grpc.stub.ClientCalls.toStatusRuntimeException(ClientCalls.java:233)
	at org.apache.ratis.thirdparty.io.grpc.stub.ClientCalls.getUnchecked(ClientCalls.java:214)
	at org.apache.ratis.thirdparty.io.grpc.stub.ClientCalls.blockingUnaryCall(ClientCalls.java:139)
	at org.apache.ratis.proto.grpc.RaftServerProtocolServiceGrpc$RaftServerProtocolServiceBlockingStub.requestVote(RaftServerProtocolServiceGrpc.java:265)
	at org.apache.ratis.grpc.server.GrpcServerProtocolClient.requestVote(GrpcServerProtocolClient.java:99)
	at org.apache.ratis.grpc.server.GrpcService.requestVote(GrpcService.java:204)
	at org.apache.ratis.server.impl.LeaderElection.lambda$submitRequests$1(LeaderElection.java:234)
	at java.util.concurrent.FutureTask.run(FutureTask.java:266)
	at java.util.concurrent.Executors$RunnableAdapter.call(Executors.java:511)
	at java.util.concurrent.FutureTask.run(FutureTask.java:266)
	at java.util.concurrent.ThreadPoolExecutor.runWorker(ThreadPoolExecutor.java:1149)
	at java.util.concurrent.ThreadPoolExecutor$Worker.run(ThreadPoolExecutor.java:624)
	... 1 more
2019-10-01 03:07:20,745 [7404321f-209f-457d-9de5-d648d2bc600a@group-2964750D5D22-LeaderElection104] INFO  impl.LeaderElection (LeaderElection.java:logAndReturn(56)) - 7404321f-209f-457d-9de5-d648d2bc600a@group-2964750D5D22-LeaderElection104: Election REJECTED; received 1 response(s) [7404321f-209f-457d-9de5-d648d2bc600a<-aa50838b-9bca-41ae-9019-de087e69da85#0:FAIL-t1] and 1 exception(s); 7404321f-209f-457d-9de5-d648d2bc600a@group-2964750D5D22:t1, leader=null, voted=7404321f-209f-457d-9de5-d648d2bc600a, raftlog=7404321f-209f-457d-9de5-d648d2bc600a@group-2964750D5D22-SegmentedRaftLog:OPENED:c-1,f-1,i0, conf=-1: [aa50838b-9bca-41ae-9019-de087e69da85:192.168.151.109:39705, f56bbf36-021a-4531-8ada-dba823737717:192.168.151.109:34767, 7404321f-209f-457d-9de5-d648d2bc600a:192.168.151.109:46370], old=null
2019-10-01 03:07:20,745 [aa50838b-9bca-41ae-9019-de087e69da85@group-3D44A98526F1-LeaderElection103] INFO  impl.LeaderElection (LeaderElection.java:logAndReturn(56)) - aa50838b-9bca-41ae-9019-de087e69da85@group-3D44A98526F1-LeaderElection103: Election REJECTED; received 1 response(s) [aa50838b-9bca-41ae-9019-de087e69da85<-7404321f-209f-457d-9de5-d648d2bc600a#0:FAIL-t1] and 1 exception(s); aa50838b-9bca-41ae-9019-de087e69da85@group-3D44A98526F1:t1, leader=null, voted=aa50838b-9bca-41ae-9019-de087e69da85, raftlog=aa50838b-9bca-41ae-9019-de087e69da85@group-3D44A98526F1-SegmentedRaftLog:OPENED:c-1,f-1,i0, conf=-1: [aa50838b-9bca-41ae-9019-de087e69da85:192.168.151.109:39705, f56bbf36-021a-4531-8ada-dba823737717:192.168.151.109:34767, 7404321f-209f-457d-9de5-d648d2bc600a:192.168.151.109:46370], old=null
2019-10-01 03:07:20,745 [7404321f-209f-457d-9de5-d648d2bc600a@group-2964750D5D22-LeaderElection104] INFO  impl.LeaderElection (LogUtils.java:infoOrTrace(149)) -   Exception 0: {}
java.util.concurrent.ExecutionException: org.apache.ratis.thirdparty.io.grpc.StatusRuntimeException: INTERNAL: f56bbf36-021a-4531-8ada-dba823737717@group-2964750D5D22 is not in [RUNNING]: current state is NEW
	at java.util.concurrent.FutureTask.report(FutureTask.java:122)
	at java.util.concurrent.FutureTask.get(FutureTask.java:192)
	at org.apache.ratis.server.impl.LeaderElection.waitForResults(LeaderElection.java:259)
	at org.apache.ratis.server.impl.LeaderElection.askForVotes(LeaderElection.java:197)
	at org.apache.ratis.server.impl.LeaderElection.run(LeaderElection.java:133)
	at java.lang.Thread.run(Thread.java:748)
Caused by: org.apache.ratis.thirdparty.io.grpc.StatusRuntimeException: INTERNAL: f56bbf36-021a-4531-8ada-dba823737717@group-2964750D5D22 is not in [RUNNING]: current state is NEW
	at org.apache.ratis.thirdparty.io.grpc.stub.ClientCalls.toStatusRuntimeException(ClientCalls.java:233)
	at org.apache.ratis.thirdparty.io.grpc.stub.ClientCalls.getUnchecked(ClientCalls.java:214)
	at org.apache.ratis.thirdparty.io.grpc.stub.ClientCalls.blockingUnaryCall(ClientCalls.java:139)
	at org.apache.ratis.proto.grpc.RaftServerProtocolServiceGrpc$RaftServerProtocolServiceBlockingStub.requestVote(RaftServerProtocolServiceGrpc.java:265)
	at org.apache.ratis.grpc.server.GrpcServerProtocolClient.requestVote(GrpcServerProtocolClient.java:99)
	at org.apache.ratis.grpc.server.GrpcService.requestVote(GrpcService.java:204)
	at org.apache.ratis.server.impl.LeaderElection.lambda$submitRequests$1(LeaderElection.java:234)
	at java.util.concurrent.FutureTask.run(FutureTask.java:266)
	at java.util.concurrent.Executors$RunnableAdapter.call(Executors.java:511)
	at java.util.concurrent.FutureTask.run(FutureTask.java:266)
	at java.util.concurrent.ThreadPoolExecutor.runWorker(ThreadPoolExecutor.java:1149)
	at java.util.concurrent.ThreadPoolExecutor$Worker.run(ThreadPoolExecutor.java:624)
	... 1 more
2019-10-01 03:07:20,745 [aa50838b-9bca-41ae-9019-de087e69da85@group-3D44A98526F1-LeaderElection103] INFO  impl.LeaderElection (LogUtils.java:infoOrTrace(149)) -   Exception 0: {}
java.util.concurrent.ExecutionException: org.apache.ratis.thirdparty.io.grpc.StatusRuntimeException: INTERNAL: f56bbf36-021a-4531-8ada-dba823737717@group-3D44A98526F1 is not in [RUNNING]: current state is NEW
	at java.util.concurrent.FutureTask.report(FutureTask.java:122)
	at java.util.concurrent.FutureTask.get(FutureTask.java:192)
	at org.apache.ratis.server.impl.LeaderElection.waitForResults(LeaderElection.java:259)
	at org.apache.ratis.server.impl.LeaderElection.askForVotes(LeaderElection.java:197)
	at org.apache.ratis.server.impl.LeaderElection.run(LeaderElection.java:133)
	at java.lang.Thread.run(Thread.java:748)
Caused by: org.apache.ratis.thirdparty.io.grpc.StatusRuntimeException: INTERNAL: f56bbf36-021a-4531-8ada-dba823737717@group-3D44A98526F1 is not in [RUNNING]: current state is NEW
	at org.apache.ratis.thirdparty.io.grpc.stub.ClientCalls.toStatusRuntimeException(ClientCalls.java:233)
	at org.apache.ratis.thirdparty.io.grpc.stub.ClientCalls.getUnchecked(ClientCalls.java:214)
	at org.apache.ratis.thirdparty.io.grpc.stub.ClientCalls.blockingUnaryCall(ClientCalls.java:139)
	at org.apache.ratis.proto.grpc.RaftServerProtocolServiceGrpc$RaftServerProtocolServiceBlockingStub.requestVote(RaftServerProtocolServiceGrpc.java:265)
	at org.apache.ratis.grpc.server.GrpcServerProtocolClient.requestVote(GrpcServerProtocolClient.java:99)
	at org.apache.ratis.grpc.server.GrpcService.requestVote(GrpcService.java:204)
	at org.apache.ratis.server.impl.LeaderElection.lambda$submitRequests$1(LeaderElection.java:234)
	at java.util.concurrent.FutureTask.run(FutureTask.java:266)
	at java.util.concurrent.Executors$RunnableAdapter.call(Executors.java:511)
	at java.util.concurrent.FutureTask.run(FutureTask.java:266)
	at java.util.concurrent.ThreadPoolExecutor.runWorker(ThreadPoolExecutor.java:1149)
	at java.util.concurrent.ThreadPoolExecutor$Worker.run(ThreadPoolExecutor.java:624)
	... 1 more
2019-10-01 03:07:20,745 [7404321f-209f-457d-9de5-d648d2bc600a@group-2964750D5D22-LeaderElection104] INFO  impl.RaftServerImpl (RaftServerImpl.java:setRole(170)) - 7404321f-209f-457d-9de5-d648d2bc600a@group-2964750D5D22: changes role from CANDIDATE to FOLLOWER at term 1 for DISCOVERED_A_NEW_TERM
2019-10-01 03:07:20,746 [aa50838b-9bca-41ae-9019-de087e69da85@group-3D44A98526F1-LeaderElection103] INFO  impl.RaftServerImpl (RaftServerImpl.java:setRole(170)) - aa50838b-9bca-41ae-9019-de087e69da85@group-3D44A98526F1: changes role from CANDIDATE to FOLLOWER at term 1 for DISCOVERED_A_NEW_TERM
2019-10-01 03:07:20,746 [7404321f-209f-457d-9de5-d648d2bc600a@group-2964750D5D22-LeaderElection104] INFO  impl.RoleInfo (RoleInfo.java:shutdownLeaderElection(134)) - 7404321f-209f-457d-9de5-d648d2bc600a: shutdown LeaderElection
2019-10-01 03:07:20,746 [aa50838b-9bca-41ae-9019-de087e69da85@group-3D44A98526F1-LeaderElection103] INFO  impl.RoleInfo (RoleInfo.java:shutdownLeaderElection(134)) - aa50838b-9bca-41ae-9019-de087e69da85: shutdown LeaderElection
2019-10-01 03:07:20,746 [7404321f-209f-457d-9de5-d648d2bc600a@group-2964750D5D22-LeaderElection104] INFO  impl.RoleInfo (RoleInfo.java:updateAndGet(143)) - 7404321f-209f-457d-9de5-d648d2bc600a: start FollowerState
2019-10-01 03:07:20,746 [aa50838b-9bca-41ae-9019-de087e69da85@group-3D44A98526F1-LeaderElection103] INFO  impl.RoleInfo (RoleInfo.java:updateAndGet(143)) - aa50838b-9bca-41ae-9019-de087e69da85: start FollowerState
2019-10-01 03:07:20,765 [pool-479-thread-1] INFO  storage.RaftStorageDirectory (RaftStorageDirectory.java:tryLock(328)) - Lock on /workdir/hadoop-ozone/integration-test/target/test-dir/MiniOzoneClusterImpl-6e28ac15-3a1e-4d59-8f42-f38d89fb0b8d/datanode-9/data/ratis/34fd0b4a-1ade-4911-b10e-cc18ab24bb58/in_use.lock acquired by nodename 5860@pr-hdds-1984-zmhd5-2369693365
2019-10-01 03:07:20,775 [pool-479-thread-1] INFO  storage.RaftStorage (RaftStorage.java:format(84)) - Storage directory /workdir/hadoop-ozone/integration-test/target/test-dir/MiniOzoneClusterImpl-6e28ac15-3a1e-4d59-8f42-f38d89fb0b8d/datanode-9/data/ratis/34fd0b4a-1ade-4911-b10e-cc18ab24bb58 has been successfully formatted.
2019-10-01 03:07:20,776 [pool-479-thread-1] INFO  ratis.ContainerStateMachine (ContainerStateMachine.java:loadSnapshot(230)) - group-CC18AB24BB58: The snapshot info is null. Setting the last applied indexto:(t:0, i:~)
2019-10-01 03:07:20,776 [pool-479-thread-1] INFO  server.RaftServerConfigKeys (ConfUtils.java:logGet(43)) - raft.server.notification.no-leader.timeout = 120s (custom)
2019-10-01 03:07:20,776 [pool-479-thread-1] INFO  server.RaftServerConfigKeys (ConfUtils.java:logGet(43)) - raft.server.log.use.memory = false (default)
2019-10-01 03:07:20,776 [pool-479-thread-1] INFO  server.RaftServerConfigKeys (ConfUtils.java:logGet(43)) - raft.server.log.purge.gap = 1000000 (custom)
2019-10-01 03:07:20,776 [pool-479-thread-1] INFO  server.RaftServerConfigKeys (ConfUtils.java:logGet(43)) - raft.server.log.appender.buffer.byte-limit = 33554432 (custom)
2019-10-01 03:07:20,776 [pool-479-thread-1] INFO  server.RaftServerConfigKeys (ConfUtils.java:logGet(43)) - raft.server.log.segment.size.max = 1048576 (custom)
2019-10-01 03:07:20,776 [pool-479-thread-1] INFO  server.RaftServerConfigKeys (ConfUtils.java:logGet(43)) - raft.server.log.segment.cache.num.max = 2 (custom)
2019-10-01 03:07:20,776 [pool-479-thread-1] INFO  segmented.SegmentedRaftLogWorker (SegmentedRaftLogWorker.java:<init>(173)) - new f56bbf36-021a-4531-8ada-dba823737717@group-CC18AB24BB58-SegmentedRaftLogWorker for RaftStorage:Storage Directory /workdir/hadoop-ozone/integration-test/target/test-dir/MiniOzoneClusterImpl-6e28ac15-3a1e-4d59-8f42-f38d89fb0b8d/datanode-9/data/ratis/34fd0b4a-1ade-4911-b10e-cc18ab24bb58
2019-10-01 03:07:20,776 [pool-479-thread-1] INFO  server.RaftServerConfigKeys (ConfUtils.java:logGet(43)) - raft.server.log.queue.byte-limit = 2147483647 (custom)
2019-10-01 03:07:20,776 [pool-479-thread-1] INFO  server.RaftServerConfigKeys (ConfUtils.java:logGet(43)) - raft.server.log.queue.element-limit = 1024 (custom)
2019-10-01 03:07:20,776 [pool-479-thread-1] INFO  server.RaftServerConfigKeys (ConfUtils.java:logGet(43)) - raft.server.log.segment.size.max = 1048576 (custom)
2019-10-01 03:07:20,776 [pool-479-thread-1] INFO  server.RaftServerConfigKeys (ConfUtils.java:logGet(43)) - raft.server.log.preallocated.size = 16384 (custom)
2019-10-01 03:07:20,777 [pool-479-thread-1] INFO  server.RaftServerConfigKeys (ConfUtils.java:logGet(43)) - raft.server.log.write.buffer.size = 33554432 (custom)
2019-10-01 03:07:20,777 [pool-479-thread-1] INFO  server.RaftServerConfigKeys (ConfUtils.java:logGet(43)) - raft.server.log.force.sync.num = 128 (default)
2019-10-01 03:07:20,777 [pool-479-thread-1] INFO  server.RaftServerConfigKeys (ConfUtils.java:logGet(43)) - raft.server.log.statemachine.data.sync = true (default)
2019-10-01 03:07:20,777 [pool-479-thread-1] INFO  server.RaftServerConfigKeys (ConfUtils.java:logGet(43)) - raft.server.log.statemachine.data.sync.timeout = 10s (default)
2019-10-01 03:07:20,777 [pool-479-thread-1] INFO  server.RaftServerConfigKeys (ConfUtils.java:logGet(43)) - raft.server.log.statemachine.data.sync.timeout.retry = -1 (default)
2019-10-01 03:07:20,777 [pool-479-thread-1] INFO  server.RaftServerConfigKeys (ConfUtils.java:logGet(43)) - raft.server.log.statemachine.data.caching.enabled = true (custom)
2019-10-01 03:07:20,777 [pool-479-thread-1] INFO  segmented.SegmentedRaftLogWorker (SegmentedRaftLogWorker.java:lambda$new$0(128)) - f56bbf36-021a-4531-8ada-dba823737717@group-CC18AB24BB58-SegmentedRaftLogWorker: flushIndex: setUnconditionally 0 -> -1
2019-10-01 03:07:20,777 [pool-479-thread-1] INFO  server.RaftServerConfigKeys (ConfUtils.java:logGet(43)) - raft.server.snapshot.auto.trigger.enabled = true (custom)
2019-10-01 03:07:20,777 [pool-479-thread-1] INFO  server.RaftServerConfigKeys (ConfUtils.java:logGet(43)) - raft.server.snapshot.auto.trigger.threshold = 10000 (custom)
2019-10-01 03:07:20,777 [pool-479-thread-1] INFO  server.RaftServerConfigKeys (ConfUtils.java:logGet(43)) - raft.server.snapshot.retention.file.num = 5 (custom)
2019-10-01 03:07:20,778 [pool-479-thread-1] INFO  server.RaftServerConfigKeys (ConfUtils.java:logGet(43)) - raft.server.retrycache.expirytime = 600000ms (custom)
2019-10-01 03:07:20,779 [pool-479-thread-1] INFO  impl.RaftServerImpl (RaftServerImpl.java:start(181)) - f56bbf36-021a-4531-8ada-dba823737717@group-3D44A98526F1: start as a follower, conf=-1: [aa50838b-9bca-41ae-9019-de087e69da85:192.168.151.109:39705, f56bbf36-021a-4531-8ada-dba823737717:192.168.151.109:34767, 7404321f-209f-457d-9de5-d648d2bc600a:192.168.151.109:46370], old=null
2019-10-01 03:07:20,779 [pool-479-thread-1] INFO  impl.RaftServerImpl (RaftServerImpl.java:setRole(170)) - f56bbf36-021a-4531-8ada-dba823737717@group-3D44A98526F1: changes role from      null to FOLLOWER at term 0 for startAsFollower
2019-10-01 03:07:20,779 [pool-479-thread-1] INFO  impl.RoleInfo (RoleInfo.java:updateAndGet(143)) - f56bbf36-021a-4531-8ada-dba823737717: start FollowerState
2019-10-01 03:07:20,779 [pool-479-thread-1] INFO  util.JmxRegister (JmxRegister.java:tryRegister(44)) - Successfully registered JMX Bean with object name Ratis:service=RaftServer,group=group-3D44A98526F1,id=f56bbf36-021a-4531-8ada-dba823737717
2019-10-01 03:07:20,780 [pool-479-thread-1] INFO  impl.RaftServerImpl (RaftServerImpl.java:start(181)) - f56bbf36-021a-4531-8ada-dba823737717@group-CC18AB24BB58: start as a follower, conf=-1: [aa50838b-9bca-41ae-9019-de087e69da85:192.168.151.109:39705, f56bbf36-021a-4531-8ada-dba823737717:192.168.151.109:34767, 7404321f-209f-457d-9de5-d648d2bc600a:192.168.151.109:46370], old=null
2019-10-01 03:07:20,781 [pool-479-thread-1] INFO  impl.RaftServerImpl (RaftServerImpl.java:setRole(170)) - f56bbf36-021a-4531-8ada-dba823737717@group-CC18AB24BB58: changes role from      null to FOLLOWER at term 0 for startAsFollower
2019-10-01 03:07:20,781 [pool-479-thread-1] INFO  impl.RoleInfo (RoleInfo.java:updateAndGet(143)) - f56bbf36-021a-4531-8ada-dba823737717: start FollowerState
2019-10-01 03:07:20,781 [pool-479-thread-1] INFO  util.JmxRegister (JmxRegister.java:tryRegister(44)) - Successfully registered JMX Bean with object name Ratis:service=RaftServer,group=group-CC18AB24BB58,id=f56bbf36-021a-4531-8ada-dba823737717
2019-10-01 03:07:21,425 [Datanode State Machine Thread - 0] INFO  statemachine.DatanodeStateMachine (DatanodeStateMachine.java:lambda$startDaemon$0(350)) - Ozone container server started.
2019-10-01 03:07:21,738 [Thread-2743] INFO  impl.FollowerState (FollowerState.java:run(108)) - 7404321f-209f-457d-9de5-d648d2bc600a@group-CC18AB24BB58-FollowerState: change to CANDIDATE, lastRpcTime:1015ms, electionTimeout:1015ms
2019-10-01 03:07:21,739 [Thread-2743] INFO  impl.RoleInfo (RoleInfo.java:shutdownFollowerState(121)) - 7404321f-209f-457d-9de5-d648d2bc600a: shutdown FollowerState
2019-10-01 03:07:21,739 [Thread-2743] INFO  impl.RaftServerImpl (RaftServerImpl.java:setRole(170)) - 7404321f-209f-457d-9de5-d648d2bc600a@group-CC18AB24BB58: changes role from  FOLLOWER to CANDIDATE at term 0 for changeToCandidate
2019-10-01 03:07:21,739 [Thread-2743] INFO  impl.RoleInfo (RoleInfo.java:updateAndGet(143)) - 7404321f-209f-457d-9de5-d648d2bc600a: start LeaderElection
2019-10-01 03:07:21,761 [7404321f-209f-457d-9de5-d648d2bc600a@group-CC18AB24BB58-LeaderElection107] INFO  impl.LeaderElection (LeaderElection.java:askForVotes(178)) - 7404321f-209f-457d-9de5-d648d2bc600a@group-CC18AB24BB58-LeaderElection107: begin an election at term 1 for -1: [aa50838b-9bca-41ae-9019-de087e69da85:192.168.151.109:39705, f56bbf36-021a-4531-8ada-dba823737717:192.168.151.109:34767, 7404321f-209f-457d-9de5-d648d2bc600a:192.168.151.109:46370], old=null
2019-10-01 03:07:21,767 [grpc-default-executor-5] INFO  impl.RaftServerImpl (RaftServerImpl.java:setRole(170)) - aa50838b-9bca-41ae-9019-de087e69da85@group-CC18AB24BB58: changes role from  FOLLOWER to FOLLOWER at term 1 for recognizeCandidate:7404321f-209f-457d-9de5-d648d2bc600a
2019-10-01 03:07:21,767 [grpc-default-executor-3] INFO  impl.RaftServerImpl (RaftServerImpl.java:setRole(170)) - f56bbf36-021a-4531-8ada-dba823737717@group-CC18AB24BB58: changes role from  FOLLOWER to FOLLOWER at term 1 for recognizeCandidate:7404321f-209f-457d-9de5-d648d2bc600a
2019-10-01 03:07:21,768 [grpc-default-executor-5] INFO  impl.RoleInfo (RoleInfo.java:shutdownFollowerState(121)) - aa50838b-9bca-41ae-9019-de087e69da85: shutdown FollowerState
2019-10-01 03:07:21,768 [grpc-default-executor-3] INFO  impl.RoleInfo (RoleInfo.java:shutdownFollowerState(121)) - f56bbf36-021a-4531-8ada-dba823737717: shutdown FollowerState
2019-10-01 03:07:21,768 [Thread-2745] INFO  impl.FollowerState (FollowerState.java:run(117)) - aa50838b-9bca-41ae-9019-de087e69da85@group-CC18AB24BB58-FollowerState was interrupted: java.lang.InterruptedException: sleep interrupted
2019-10-01 03:07:21,768 [grpc-default-executor-5] INFO  impl.RoleInfo (RoleInfo.java:updateAndGet(143)) - aa50838b-9bca-41ae-9019-de087e69da85: start FollowerState
2019-10-01 03:07:21,768 [Thread-2758] INFO  impl.FollowerState (FollowerState.java:run(117)) - f56bbf36-021a-4531-8ada-dba823737717@group-CC18AB24BB58-FollowerState was interrupted: java.lang.InterruptedException: sleep interrupted
2019-10-01 03:07:21,768 [grpc-default-executor-3] INFO  impl.RoleInfo (RoleInfo.java:updateAndGet(143)) - f56bbf36-021a-4531-8ada-dba823737717: start FollowerState
2019-10-01 03:07:21,783 [7404321f-209f-457d-9de5-d648d2bc600a@group-CC18AB24BB58-LeaderElection107] INFO  impl.LeaderElection (LeaderElection.java:logAndReturn(56)) - 7404321f-209f-457d-9de5-d648d2bc600a@group-CC18AB24BB58-LeaderElection107: Election PASSED; received 1 response(s) [7404321f-209f-457d-9de5-d648d2bc600a<-aa50838b-9bca-41ae-9019-de087e69da85#0:OK-t1] and 0 exception(s); 7404321f-209f-457d-9de5-d648d2bc600a@group-CC18AB24BB58:t1, leader=null, voted=7404321f-209f-457d-9de5-d648d2bc600a, raftlog=7404321f-209f-457d-9de5-d648d2bc600a@group-CC18AB24BB58-SegmentedRaftLog:OPENED:c-1,f-1,i0, conf=-1: [aa50838b-9bca-41ae-9019-de087e69da85:192.168.151.109:39705, f56bbf36-021a-4531-8ada-dba823737717:192.168.151.109:34767, 7404321f-209f-457d-9de5-d648d2bc600a:192.168.151.109:46370], old=null
2019-10-01 03:07:21,783 [7404321f-209f-457d-9de5-d648d2bc600a@group-CC18AB24BB58-LeaderElection107] INFO  impl.RoleInfo (RoleInfo.java:shutdownLeaderElection(134)) - 7404321f-209f-457d-9de5-d648d2bc600a: shutdown LeaderElection
2019-10-01 03:07:21,783 [7404321f-209f-457d-9de5-d648d2bc600a@group-CC18AB24BB58-LeaderElection107] INFO  impl.RaftServerImpl (RaftServerImpl.java:setRole(170)) - 7404321f-209f-457d-9de5-d648d2bc600a@group-CC18AB24BB58: changes role from CANDIDATE to LEADER at term 1 for changeToLeader
2019-10-01 03:07:21,784 [7404321f-209f-457d-9de5-d648d2bc600a@group-CC18AB24BB58-LeaderElection107] INFO  impl.RaftServerImpl (ServerState.java:setLeader(255)) - 7404321f-209f-457d-9de5-d648d2bc600a@group-CC18AB24BB58: change Leader from null to 7404321f-209f-457d-9de5-d648d2bc600a at term 1 for becomeLeader, leader elected after 1073ms
2019-10-01 03:07:21,784 [7404321f-209f-457d-9de5-d648d2bc600a@group-CC18AB24BB58-LeaderElection107] INFO  server.RaftServerConfigKeys (ConfUtils.java:logGet(43)) - raft.server.staging.catchup.gap = 1000 (default)
2019-10-01 03:07:21,784 [7404321f-209f-457d-9de5-d648d2bc600a@group-CC18AB24BB58-LeaderElection107] INFO  server.RaftServerConfigKeys (ConfUtils.java:logGet(43)) - raft.server.rpc.sleep.time = 25ms (default)
2019-10-01 03:07:21,784 [7404321f-209f-457d-9de5-d648d2bc600a@group-CC18AB24BB58-LeaderElection107] INFO  server.RaftServerConfigKeys (ConfUtils.java:logGet(43)) - raft.server.write.element-limit = 4096 (default)
2019-10-01 03:07:21,784 [7404321f-209f-457d-9de5-d648d2bc600a@group-CC18AB24BB58-LeaderElection107] INFO  server.RaftServerConfigKeys (ConfUtils.java:logGet(43)) - raft.server.watch.timeout = 10s (default)
2019-10-01 03:07:21,785 [7404321f-209f-457d-9de5-d648d2bc600a@group-CC18AB24BB58-LeaderElection107] INFO  server.RaftServerConfigKeys (ConfUtils.java:logGet(43)) - raft.server.watch.timeout.denomination = 1s (default)
2019-10-01 03:07:21,785 [7404321f-209f-457d-9de5-d648d2bc600a@group-CC18AB24BB58-LeaderElection107] INFO  server.RaftServerConfigKeys (ConfUtils.java:logGet(43)) - raft.server.watch.element-limit = 65536 (default)
2019-10-01 03:07:21,787 [7404321f-209f-457d-9de5-d648d2bc600a@group-CC18AB24BB58-LeaderElection107] INFO  server.RaftServerConfigKeys (ConfUtils.java:logGet(43)) - raft.server.log.appender.snapshot.chunk.size.max = 16MB (=16777216) (default)
2019-10-01 03:07:21,787 [7404321f-209f-457d-9de5-d648d2bc600a@group-CC18AB24BB58-LeaderElection107] INFO  server.RaftServerConfigKeys (ConfUtils.java:logGet(43)) - raft.server.log.appender.buffer.byte-limit = 33554432 (custom)
2019-10-01 03:07:21,787 [7404321f-209f-457d-9de5-d648d2bc600a@group-CC18AB24BB58-LeaderElection107] INFO  server.RaftServerConfigKeys (ConfUtils.java:logGet(43)) - raft.server.log.appender.buffer.element-limit = 1 (custom)
2019-10-01 03:07:21,788 [7404321f-209f-457d-9de5-d648d2bc600a@group-CC18AB24BB58-LeaderElection107] INFO  grpc.GrpcConfigKeys$Server (ConfUtils.java:logGet(43)) - raft.grpc.server.leader.outstanding.appends.max = 128 (default)
2019-10-01 03:07:21,788 [7404321f-209f-457d-9de5-d648d2bc600a@group-CC18AB24BB58-LeaderElection107] INFO  server.RaftServerConfigKeys (ConfUtils.java:logGet(43)) - raft.server.rpc.request.timeout = 3000ms (default)
2019-10-01 03:07:21,788 [7404321f-209f-457d-9de5-d648d2bc600a@group-CC18AB24BB58-LeaderElection107] INFO  server.RaftServerConfigKeys (ConfUtils.java:logGet(43)) - raft.server.log.appender.install.snapshot.enabled = false (custom)
2019-10-01 03:07:21,788 [7404321f-209f-457d-9de5-d648d2bc600a@group-CC18AB24BB58-LeaderElection107] INFO  server.RaftServerConfigKeys (ConfUtils.java:logGet(43)) - raft.server.log.appender.snapshot.chunk.size.max = 16MB (=16777216) (default)
2019-10-01 03:07:21,788 [7404321f-209f-457d-9de5-d648d2bc600a@group-CC18AB24BB58-LeaderElection107] INFO  server.RaftServerConfigKeys (ConfUtils.java:logGet(43)) - raft.server.log.appender.buffer.byte-limit = 33554432 (custom)
2019-10-01 03:07:21,789 [7404321f-209f-457d-9de5-d648d2bc600a@group-CC18AB24BB58-LeaderElection107] INFO  server.RaftServerConfigKeys (ConfUtils.java:logGet(43)) - raft.server.log.appender.buffer.element-limit = 1 (custom)
2019-10-01 03:07:21,789 [7404321f-209f-457d-9de5-d648d2bc600a@group-CC18AB24BB58-LeaderElection107] INFO  grpc.GrpcConfigKeys$Server (ConfUtils.java:logGet(43)) - raft.grpc.server.leader.outstanding.appends.max = 128 (default)
2019-10-01 03:07:21,789 [7404321f-209f-457d-9de5-d648d2bc600a@group-CC18AB24BB58-LeaderElection107] INFO  server.RaftServerConfigKeys (ConfUtils.java:logGet(43)) - raft.server.rpc.request.timeout = 3000ms (default)
2019-10-01 03:07:21,789 [7404321f-209f-457d-9de5-d648d2bc600a@group-CC18AB24BB58-LeaderElection107] INFO  server.RaftServerConfigKeys (ConfUtils.java:logGet(43)) - raft.server.log.appender.install.snapshot.enabled = false (custom)
2019-10-01 03:07:21,789 [7404321f-209f-457d-9de5-d648d2bc600a@group-CC18AB24BB58-LeaderElection107] INFO  impl.RoleInfo (RoleInfo.java:updateAndGet(143)) - 7404321f-209f-457d-9de5-d648d2bc600a: start LeaderState
2019-10-01 03:07:21,790 [7404321f-209f-457d-9de5-d648d2bc600a@group-CC18AB24BB58-LeaderElection107] INFO  segmented.SegmentedRaftLogWorker (SegmentedRaftLogWorker.java:startLogSegment(385)) - 7404321f-209f-457d-9de5-d648d2bc600a@group-CC18AB24BB58-SegmentedRaftLogWorker: Starting segment from index:0
2019-10-01 03:07:21,791 [7404321f-209f-457d-9de5-d648d2bc600a@group-CC18AB24BB58-LeaderElection107] INFO  impl.RaftServerImpl (ServerState.java:setRaftConf(356)) - 7404321f-209f-457d-9de5-d648d2bc600a@group-CC18AB24BB58: set configuration 0: [aa50838b-9bca-41ae-9019-de087e69da85:192.168.151.109:39705, f56bbf36-021a-4531-8ada-dba823737717:192.168.151.109:34767, 7404321f-209f-457d-9de5-d648d2bc600a:192.168.151.109:46370], old=null at 0
2019-10-01 03:07:21,792 [grpc-default-executor-5] INFO  impl.RaftServerImpl (ServerState.java:setLeader(255)) - aa50838b-9bca-41ae-9019-de087e69da85@group-CC18AB24BB58: change Leader from null to 7404321f-209f-457d-9de5-d648d2bc600a at term 1 for appendEntries, leader elected after 1080ms
2019-10-01 03:07:21,792 [grpc-default-executor-3] INFO  impl.RaftServerImpl (ServerState.java:setLeader(255)) - f56bbf36-021a-4531-8ada-dba823737717@group-CC18AB24BB58: change Leader from null to 7404321f-209f-457d-9de5-d648d2bc600a at term 1 for appendEntries, leader elected after 1016ms
2019-10-01 03:07:21,830 [Thread-2744] INFO  impl.FollowerState (FollowerState.java:run(108)) - f56bbf36-021a-4531-8ada-dba823737717@group-2964750D5D22-FollowerState: change to CANDIDATE, lastRpcTime:1106ms, electionTimeout:1089ms
2019-10-01 03:07:21,830 [Thread-2749] INFO  impl.FollowerState (FollowerState.java:run(108)) - f56bbf36-021a-4531-8ada-dba823737717@group-024A971E79D6-FollowerState: change to CANDIDATE, lastRpcTime:1102ms, electionTimeout:1074ms
2019-10-01 03:07:21,834 [Thread-2744] INFO  impl.RoleInfo (RoleInfo.java:shutdownFollowerState(121)) - f56bbf36-021a-4531-8ada-dba823737717: shutdown FollowerState
2019-10-01 03:07:21,834 [Thread-2749] INFO  impl.RoleInfo (RoleInfo.java:shutdownFollowerState(121)) - f56bbf36-021a-4531-8ada-dba823737717: shutdown FollowerState
2019-10-01 03:07:21,834 [Thread-2744] INFO  impl.RaftServerImpl (RaftServerImpl.java:setRole(170)) - f56bbf36-021a-4531-8ada-dba823737717@group-2964750D5D22: changes role from  FOLLOWER to CANDIDATE at term 0 for changeToCandidate
2019-10-01 03:07:21,834 [Thread-2749] INFO  impl.RaftServerImpl (RaftServerImpl.java:setRole(170)) - f56bbf36-021a-4531-8ada-dba823737717@group-024A971E79D6: changes role from  FOLLOWER to CANDIDATE at term 0 for changeToCandidate
2019-10-01 03:07:21,834 [Thread-2744] INFO  impl.RoleInfo (RoleInfo.java:updateAndGet(143)) - f56bbf36-021a-4531-8ada-dba823737717: start LeaderElection
2019-10-01 03:07:21,835 [Thread-2749] INFO  impl.RoleInfo (RoleInfo.java:updateAndGet(143)) - f56bbf36-021a-4531-8ada-dba823737717: start LeaderElection
2019-10-01 03:07:21,835 [grpc-default-executor-5] INFO  impl.RaftServerImpl (ServerState.java:setRaftConf(356)) - aa50838b-9bca-41ae-9019-de087e69da85@group-CC18AB24BB58: set configuration 0: [aa50838b-9bca-41ae-9019-de087e69da85:192.168.151.109:39705, f56bbf36-021a-4531-8ada-dba823737717:192.168.151.109:34767, 7404321f-209f-457d-9de5-d648d2bc600a:192.168.151.109:46370], old=null at 0
2019-10-01 03:07:21,835 [grpc-default-executor-3] INFO  impl.RaftServerImpl (ServerState.java:setRaftConf(356)) - f56bbf36-021a-4531-8ada-dba823737717@group-CC18AB24BB58: set configuration 0: [aa50838b-9bca-41ae-9019-de087e69da85:192.168.151.109:39705, f56bbf36-021a-4531-8ada-dba823737717:192.168.151.109:34767, 7404321f-209f-457d-9de5-d648d2bc600a:192.168.151.109:46370], old=null at 0
2019-10-01 03:07:21,847 [grpc-default-executor-5] INFO  segmented.SegmentedRaftLogWorker (SegmentedRaftLogWorker.java:startLogSegment(385)) - aa50838b-9bca-41ae-9019-de087e69da85@group-CC18AB24BB58-SegmentedRaftLogWorker: Starting segment from index:0
2019-10-01 03:07:21,847 [Thread-2754] INFO  impl.FollowerState (FollowerState.java:run(108)) - aa50838b-9bca-41ae-9019-de087e69da85@group-3D44A98526F1-FollowerState: change to CANDIDATE, lastRpcTime:1101ms, electionTimeout:1094ms
2019-10-01 03:07:21,847 [7404321f-209f-457d-9de5-d648d2bc600a@group-CC18AB24BB58-SegmentedRaftLogWorker] INFO  segmented.SegmentedRaftLogWorker (SegmentedRaftLogWorker.java:execute(574)) - 7404321f-209f-457d-9de5-d648d2bc600a@group-CC18AB24BB58-SegmentedRaftLogWorker: created new log segment /workdir/hadoop-ozone/integration-test/target/test-dir/MiniOzoneClusterImpl-6e28ac15-3a1e-4d59-8f42-f38d89fb0b8d/datanode-8/data/ratis/34fd0b4a-1ade-4911-b10e-cc18ab24bb58/current/log_inprogress_0
2019-10-01 03:07:21,848 [Thread-2754] INFO  impl.RoleInfo (RoleInfo.java:shutdownFollowerState(121)) - aa50838b-9bca-41ae-9019-de087e69da85: shutdown FollowerState
2019-10-01 03:07:21,848 [grpc-default-executor-3] INFO  segmented.SegmentedRaftLogWorker (SegmentedRaftLogWorker.java:startLogSegment(385)) - f56bbf36-021a-4531-8ada-dba823737717@group-CC18AB24BB58-SegmentedRaftLogWorker: Starting segment from index:0
2019-10-01 03:07:21,848 [Thread-2754] INFO  impl.RaftServerImpl (RaftServerImpl.java:setRole(170)) - aa50838b-9bca-41ae-9019-de087e69da85@group-3D44A98526F1: changes role from  FOLLOWER to CANDIDATE at term 1 for changeToCandidate
2019-10-01 03:07:21,848 [Thread-2754] INFO  impl.RoleInfo (RoleInfo.java:updateAndGet(143)) - aa50838b-9bca-41ae-9019-de087e69da85: start LeaderElection
2019-10-01 03:07:21,860 [f56bbf36-021a-4531-8ada-dba823737717@group-2964750D5D22-LeaderElection108] INFO  impl.LeaderElection (LeaderElection.java:askForVotes(178)) - f56bbf36-021a-4531-8ada-dba823737717@group-2964750D5D22-LeaderElection108: begin an election at term 1 for -1: [aa50838b-9bca-41ae-9019-de087e69da85:192.168.151.109:39705, f56bbf36-021a-4531-8ada-dba823737717:192.168.151.109:34767, 7404321f-209f-457d-9de5-d648d2bc600a:192.168.151.109:46370], old=null
2019-10-01 03:07:21,860 [aa50838b-9bca-41ae-9019-de087e69da85@group-3D44A98526F1-LeaderElection110] INFO  impl.LeaderElection (LeaderElection.java:askForVotes(178)) - aa50838b-9bca-41ae-9019-de087e69da85@group-3D44A98526F1-LeaderElection110: begin an election at term 2 for -1: [aa50838b-9bca-41ae-9019-de087e69da85:192.168.151.109:39705, f56bbf36-021a-4531-8ada-dba823737717:192.168.151.109:34767, 7404321f-209f-457d-9de5-d648d2bc600a:192.168.151.109:46370], old=null
2019-10-01 03:07:21,860 [f56bbf36-021a-4531-8ada-dba823737717@group-024A971E79D6-LeaderElection109] INFO  impl.LeaderElection (LeaderElection.java:askForVotes(178)) - f56bbf36-021a-4531-8ada-dba823737717@group-024A971E79D6-LeaderElection109: begin an election at term 1 for -1: [f56bbf36-021a-4531-8ada-dba823737717:192.168.151.109:34767], old=null
2019-10-01 03:07:21,861 [f56bbf36-021a-4531-8ada-dba823737717@group-024A971E79D6-LeaderElection109] INFO  impl.RoleInfo (RoleInfo.java:shutdownLeaderElection(134)) - f56bbf36-021a-4531-8ada-dba823737717: shutdown LeaderElection
2019-10-01 03:07:21,861 [f56bbf36-021a-4531-8ada-dba823737717@group-024A971E79D6-LeaderElection109] INFO  impl.RaftServerImpl (RaftServerImpl.java:setRole(170)) - f56bbf36-021a-4531-8ada-dba823737717@group-024A971E79D6: changes role from CANDIDATE to LEADER at term 1 for changeToLeader
2019-10-01 03:07:21,861 [f56bbf36-021a-4531-8ada-dba823737717@group-024A971E79D6-LeaderElection109] INFO  impl.RaftServerImpl (ServerState.java:setLeader(255)) - f56bbf36-021a-4531-8ada-dba823737717@group-024A971E79D6: change Leader from null to f56bbf36-021a-4531-8ada-dba823737717 at term 1 for becomeLeader, leader elected after 4765ms
2019-10-01 03:07:21,861 [f56bbf36-021a-4531-8ada-dba823737717@group-024A971E79D6-LeaderElection109] INFO  server.RaftServerConfigKeys (ConfUtils.java:logGet(43)) - raft.server.staging.catchup.gap = 1000 (default)
2019-10-01 03:07:21,861 [f56bbf36-021a-4531-8ada-dba823737717@group-024A971E79D6-LeaderElection109] INFO  server.RaftServerConfigKeys (ConfUtils.java:logGet(43)) - raft.server.rpc.sleep.time = 25ms (default)
2019-10-01 03:07:21,861 [f56bbf36-021a-4531-8ada-dba823737717@group-024A971E79D6-LeaderElection109] INFO  server.RaftServerConfigKeys (ConfUtils.java:logGet(43)) - raft.server.write.element-limit = 4096 (default)
2019-10-01 03:07:21,861 [f56bbf36-021a-4531-8ada-dba823737717@group-024A971E79D6-LeaderElection109] INFO  server.RaftServerConfigKeys (ConfUtils.java:logGet(43)) - raft.server.watch.timeout = 10s (default)
2019-10-01 03:07:21,861 [f56bbf36-021a-4531-8ada-dba823737717@group-024A971E79D6-LeaderElection109] INFO  server.RaftServerConfigKeys (ConfUtils.java:logGet(43)) - raft.server.watch.timeout.denomination = 1s (default)
2019-10-01 03:07:21,862 [f56bbf36-021a-4531-8ada-dba823737717@group-024A971E79D6-LeaderElection109] INFO  server.RaftServerConfigKeys (ConfUtils.java:logGet(43)) - raft.server.watch.element-limit = 65536 (default)
2019-10-01 03:07:21,862 [grpc-default-executor-3] INFO  impl.RaftServerImpl (RaftServerImpl.java:setRole(170)) - 7404321f-209f-457d-9de5-d648d2bc600a@group-3D44A98526F1: changes role from  FOLLOWER to FOLLOWER at term 2 for recognizeCandidate:aa50838b-9bca-41ae-9019-de087e69da85
2019-10-01 03:07:21,863 [grpc-default-executor-3] INFO  impl.RoleInfo (RoleInfo.java:shutdownFollowerState(121)) - 7404321f-209f-457d-9de5-d648d2bc600a: shutdown FollowerState
2019-10-01 03:07:21,863 [grpc-default-executor-3] INFO  impl.RoleInfo (RoleInfo.java:updateAndGet(143)) - 7404321f-209f-457d-9de5-d648d2bc600a: start FollowerState
2019-10-01 03:07:21,863 [Thread-2751] INFO  impl.FollowerState (FollowerState.java:run(117)) - 7404321f-209f-457d-9de5-d648d2bc600a@group-3D44A98526F1-FollowerState was interrupted: java.lang.InterruptedException: sleep interrupted
2019-10-01 03:07:21,863 [f56bbf36-021a-4531-8ada-dba823737717@group-024A971E79D6-LeaderElection109] INFO  impl.RoleInfo (RoleInfo.java:updateAndGet(143)) - f56bbf36-021a-4531-8ada-dba823737717: start LeaderState
2019-10-01 03:07:21,863 [f56bbf36-021a-4531-8ada-dba823737717@group-024A971E79D6-LeaderElection109] INFO  segmented.SegmentedRaftLogWorker (SegmentedRaftLogWorker.java:startLogSegment(385)) - f56bbf36-021a-4531-8ada-dba823737717@group-024A971E79D6-SegmentedRaftLogWorker: Starting segment from index:0
2019-10-01 03:07:21,887 [Thread-2752] INFO  impl.FollowerState (FollowerState.java:run(108)) - aa50838b-9bca-41ae-9019-de087e69da85@group-2964750D5D22-FollowerState: change to CANDIDATE, lastRpcTime:1143ms, electionTimeout:1123ms
2019-10-01 03:07:21,887 [grpc-default-executor-6] INFO  impl.RaftServerImpl (RaftServerImpl.java:setRole(170)) - f56bbf36-021a-4531-8ada-dba823737717@group-3D44A98526F1: changes role from  FOLLOWER to FOLLOWER at term 2 for recognizeCandidate:aa50838b-9bca-41ae-9019-de087e69da85
2019-10-01 03:07:21,888 [Thread-2752] INFO  impl.RoleInfo (RoleInfo.java:shutdownFollowerState(121)) - aa50838b-9bca-41ae-9019-de087e69da85: shutdown FollowerState
2019-10-01 03:07:21,888 [f56bbf36-021a-4531-8ada-dba823737717@group-024A971E79D6-LeaderElection109] INFO  impl.RaftServerImpl (ServerState.java:setRaftConf(356)) - f56bbf36-021a-4531-8ada-dba823737717@group-024A971E79D6: set configuration 0: [f56bbf36-021a-4531-8ada-dba823737717:192.168.151.109:34767], old=null at 0
2019-10-01 03:07:21,888 [grpc-default-executor-6] INFO  impl.RoleInfo (RoleInfo.java:shutdownFollowerState(121)) - f56bbf36-021a-4531-8ada-dba823737717: shutdown FollowerState
2019-10-01 03:07:21,888 [Thread-2752] INFO  impl.RaftServerImpl (RaftServerImpl.java:setRole(170)) - aa50838b-9bca-41ae-9019-de087e69da85@group-2964750D5D22: changes role from  FOLLOWER to CANDIDATE at term 1 for changeToCandidate
2019-10-01 03:07:21,888 [grpc-default-executor-6] INFO  impl.RoleInfo (RoleInfo.java:updateAndGet(143)) - f56bbf36-021a-4531-8ada-dba823737717: start FollowerState
2019-10-01 03:07:21,889 [Thread-2752] INFO  impl.RoleInfo (RoleInfo.java:updateAndGet(143)) - aa50838b-9bca-41ae-9019-de087e69da85: start LeaderElection
2019-10-01 03:07:21,888 [Thread-2756] INFO  impl.FollowerState (FollowerState.java:run(117)) - f56bbf36-021a-4531-8ada-dba823737717@group-3D44A98526F1-FollowerState was interrupted: java.lang.InterruptedException: sleep interrupted
2019-10-01 03:07:21,889 [f56bbf36-021a-4531-8ada-dba823737717@group-2964750D5D22-LeaderElection108] INFO  impl.LeaderElection (LeaderElection.java:logAndReturn(56)) - f56bbf36-021a-4531-8ada-dba823737717@group-2964750D5D22-LeaderElection108: Election REJECTED; received 2 response(s) [f56bbf36-021a-4531-8ada-dba823737717<-aa50838b-9bca-41ae-9019-de087e69da85#0:FAIL-t1, f56bbf36-021a-4531-8ada-dba823737717<-7404321f-209f-457d-9de5-d648d2bc600a#0:FAIL-t1] and 0 exception(s); f56bbf36-021a-4531-8ada-dba823737717@group-2964750D5D22:t1, leader=null, voted=f56bbf36-021a-4531-8ada-dba823737717, raftlog=f56bbf36-021a-4531-8ada-dba823737717@group-2964750D5D22-SegmentedRaftLog:OPENED:c-1,f-1,i0, conf=-1: [aa50838b-9bca-41ae-9019-de087e69da85:192.168.151.109:39705, f56bbf36-021a-4531-8ada-dba823737717:192.168.151.109:34767, 7404321f-209f-457d-9de5-d648d2bc600a:192.168.151.109:46370], old=null
2019-10-01 03:07:21,889 [f56bbf36-021a-4531-8ada-dba823737717@group-2964750D5D22-LeaderElection108] INFO  impl.RaftServerImpl (RaftServerImpl.java:setRole(170)) - f56bbf36-021a-4531-8ada-dba823737717@group-2964750D5D22: changes role from CANDIDATE to FOLLOWER at term 1 for DISCOVERED_A_NEW_TERM
2019-10-01 03:07:21,889 [f56bbf36-021a-4531-8ada-dba823737717@group-2964750D5D22-LeaderElection108] INFO  impl.RoleInfo (RoleInfo.java:shutdownLeaderElection(134)) - f56bbf36-021a-4531-8ada-dba823737717: shutdown LeaderElection
2019-10-01 03:07:21,889 [f56bbf36-021a-4531-8ada-dba823737717@group-2964750D5D22-LeaderElection108] INFO  impl.RoleInfo (RoleInfo.java:updateAndGet(143)) - f56bbf36-021a-4531-8ada-dba823737717: start FollowerState
2019-10-01 03:07:21,900 [f56bbf36-021a-4531-8ada-dba823737717@group-CC18AB24BB58-SegmentedRaftLogWorker] INFO  segmented.SegmentedRaftLogWorker (SegmentedRaftLogWorker.java:execute(574)) - f56bbf36-021a-4531-8ada-dba823737717@group-CC18AB24BB58-SegmentedRaftLogWorker: created new log segment /workdir/hadoop-ozone/integration-test/target/test-dir/MiniOzoneClusterImpl-6e28ac15-3a1e-4d59-8f42-f38d89fb0b8d/datanode-9/data/ratis/34fd0b4a-1ade-4911-b10e-cc18ab24bb58/current/log_inprogress_0
2019-10-01 03:07:21,901 [aa50838b-9bca-41ae-9019-de087e69da85@group-2964750D5D22-LeaderElection111] INFO  impl.LeaderElection (LeaderElection.java:askForVotes(178)) - aa50838b-9bca-41ae-9019-de087e69da85@group-2964750D5D22-LeaderElection111: begin an election at term 2 for -1: [aa50838b-9bca-41ae-9019-de087e69da85:192.168.151.109:39705, f56bbf36-021a-4531-8ada-dba823737717:192.168.151.109:34767, 7404321f-209f-457d-9de5-d648d2bc600a:192.168.151.109:46370], old=null
2019-10-01 03:07:21,900 [aa50838b-9bca-41ae-9019-de087e69da85@group-CC18AB24BB58-SegmentedRaftLogWorker] INFO  segmented.SegmentedRaftLogWorker (SegmentedRaftLogWorker.java:execute(574)) - aa50838b-9bca-41ae-9019-de087e69da85@group-CC18AB24BB58-SegmentedRaftLogWorker: created new log segment /workdir/hadoop-ozone/integration-test/target/test-dir/MiniOzoneClusterImpl-6e28ac15-3a1e-4d59-8f42-f38d89fb0b8d/datanode-7/data/ratis/34fd0b4a-1ade-4911-b10e-cc18ab24bb58/current/log_inprogress_0
2019-10-01 03:07:21,901 [aa50838b-9bca-41ae-9019-de087e69da85@group-3D44A98526F1-LeaderElection110] INFO  impl.LeaderElection (LeaderElection.java:logAndReturn(56)) - aa50838b-9bca-41ae-9019-de087e69da85@group-3D44A98526F1-LeaderElection110: Election PASSED; received 1 response(s) [aa50838b-9bca-41ae-9019-de087e69da85<-7404321f-209f-457d-9de5-d648d2bc600a#0:OK-t2] and 0 exception(s); aa50838b-9bca-41ae-9019-de087e69da85@group-3D44A98526F1:t2, leader=null, voted=aa50838b-9bca-41ae-9019-de087e69da85, raftlog=aa50838b-9bca-41ae-9019-de087e69da85@group-3D44A98526F1-SegmentedRaftLog:OPENED:c-1,f-1,i0, conf=-1: [aa50838b-9bca-41ae-9019-de087e69da85:192.168.151.109:39705, f56bbf36-021a-4531-8ada-dba823737717:192.168.151.109:34767, 7404321f-209f-457d-9de5-d648d2bc600a:192.168.151.109:46370], old=null
2019-10-01 03:07:21,901 [aa50838b-9bca-41ae-9019-de087e69da85@group-3D44A98526F1-LeaderElection110] INFO  impl.RoleInfo (RoleInfo.java:shutdownLeaderElection(134)) - aa50838b-9bca-41ae-9019-de087e69da85: shutdown LeaderElection
2019-10-01 03:07:21,902 [aa50838b-9bca-41ae-9019-de087e69da85@group-3D44A98526F1-LeaderElection110] INFO  impl.RaftServerImpl (RaftServerImpl.java:setRole(170)) - aa50838b-9bca-41ae-9019-de087e69da85@group-3D44A98526F1: changes role from CANDIDATE to LEADER at term 2 for changeToLeader
2019-10-01 03:07:21,902 [aa50838b-9bca-41ae-9019-de087e69da85@group-3D44A98526F1-LeaderElection110] INFO  impl.RaftServerImpl (ServerState.java:setLeader(255)) - aa50838b-9bca-41ae-9019-de087e69da85@group-3D44A98526F1: change Leader from null to aa50838b-9bca-41ae-9019-de087e69da85 at term 2 for becomeLeader, leader elected after 4806ms
2019-10-01 03:07:21,902 [aa50838b-9bca-41ae-9019-de087e69da85@group-3D44A98526F1-LeaderElection110] INFO  server.RaftServerConfigKeys (ConfUtils.java:logGet(43)) - raft.server.staging.catchup.gap = 1000 (default)
2019-10-01 03:07:21,902 [aa50838b-9bca-41ae-9019-de087e69da85@group-3D44A98526F1-LeaderElection110] INFO  server.RaftServerConfigKeys (ConfUtils.java:logGet(43)) - raft.server.rpc.sleep.time = 25ms (default)
2019-10-01 03:07:21,902 [aa50838b-9bca-41ae-9019-de087e69da85@group-3D44A98526F1-LeaderElection110] INFO  server.RaftServerConfigKeys (ConfUtils.java:logGet(43)) - raft.server.write.element-limit = 4096 (default)
2019-10-01 03:07:21,902 [aa50838b-9bca-41ae-9019-de087e69da85@group-3D44A98526F1-LeaderElection110] INFO  server.RaftServerConfigKeys (ConfUtils.java:logGet(43)) - raft.server.watch.timeout = 10s (default)
2019-10-01 03:07:21,902 [aa50838b-9bca-41ae-9019-de087e69da85@group-3D44A98526F1-LeaderElection110] INFO  server.RaftServerConfigKeys (ConfUtils.java:logGet(43)) - raft.server.watch.timeout.denomination = 1s (default)
2019-10-01 03:07:21,902 [aa50838b-9bca-41ae-9019-de087e69da85@group-3D44A98526F1-LeaderElection110] INFO  server.RaftServerConfigKeys (ConfUtils.java:logGet(43)) - raft.server.watch.element-limit = 65536 (default)
2019-10-01 03:07:21,903 [grpc-default-executor-6] INFO  impl.RaftServerImpl (RaftServerImpl.java:setRole(170)) - f56bbf36-021a-4531-8ada-dba823737717@group-2964750D5D22: changes role from  FOLLOWER to FOLLOWER at term 2 for recognizeCandidate:aa50838b-9bca-41ae-9019-de087e69da85
2019-10-01 03:07:21,903 [grpc-default-executor-6] INFO  impl.RoleInfo (RoleInfo.java:shutdownFollowerState(121)) - f56bbf36-021a-4531-8ada-dba823737717: shutdown FollowerState
2019-10-01 03:07:21,903 [grpc-default-executor-3] INFO  impl.RaftServerImpl (RaftServerImpl.java:setRole(170)) - 7404321f-209f-457d-9de5-d648d2bc600a@group-2964750D5D22: changes role from  FOLLOWER to FOLLOWER at term 2 for recognizeCandidate:aa50838b-9bca-41ae-9019-de087e69da85
2019-10-01 03:07:21,903 [Thread-2783] INFO  impl.FollowerState (FollowerState.java:run(117)) - f56bbf36-021a-4531-8ada-dba823737717@group-2964750D5D22-FollowerState was interrupted: java.lang.InterruptedException: sleep interrupted
2019-10-01 03:07:21,903 [grpc-default-executor-6] INFO  impl.RoleInfo (RoleInfo.java:updateAndGet(143)) - f56bbf36-021a-4531-8ada-dba823737717: start FollowerState
2019-10-01 03:07:21,903 [grpc-default-executor-3] INFO  impl.RoleInfo (RoleInfo.java:shutdownFollowerState(121)) - 7404321f-209f-457d-9de5-d648d2bc600a: shutdown FollowerState
2019-10-01 03:07:21,904 [aa50838b-9bca-41ae-9019-de087e69da85@group-3D44A98526F1-LeaderElection110] INFO  server.RaftServerConfigKeys (ConfUtils.java:logGet(43)) - raft.server.log.appender.snapshot.chunk.size.max = 16MB (=16777216) (default)
2019-10-01 03:07:21,904 [Thread-2753] INFO  impl.FollowerState (FollowerState.java:run(117)) - 7404321f-209f-457d-9de5-d648d2bc600a@group-2964750D5D22-FollowerState was interrupted: java.lang.InterruptedException: sleep interrupted
2019-10-01 03:07:21,904 [grpc-default-executor-3] INFO  impl.RoleInfo (RoleInfo.java:updateAndGet(143)) - 7404321f-209f-457d-9de5-d648d2bc600a: start FollowerState
2019-10-01 03:07:21,904 [aa50838b-9bca-41ae-9019-de087e69da85@group-3D44A98526F1-LeaderElection110] INFO  server.RaftServerConfigKeys (ConfUtils.java:logGet(43)) - raft.server.log.appender.buffer.byte-limit = 33554432 (custom)
2019-10-01 03:07:21,904 [aa50838b-9bca-41ae-9019-de087e69da85@group-3D44A98526F1-LeaderElection110] INFO  server.RaftServerConfigKeys (ConfUtils.java:logGet(43)) - raft.server.log.appender.buffer.element-limit = 1 (custom)
2019-10-01 03:07:21,904 [aa50838b-9bca-41ae-9019-de087e69da85@group-3D44A98526F1-LeaderElection110] INFO  grpc.GrpcConfigKeys$Server (ConfUtils.java:logGet(43)) - raft.grpc.server.leader.outstanding.appends.max = 128 (default)
2019-10-01 03:07:21,905 [aa50838b-9bca-41ae-9019-de087e69da85@group-3D44A98526F1-LeaderElection110] INFO  server.RaftServerConfigKeys (ConfUtils.java:logGet(43)) - raft.server.rpc.request.timeout = 3000ms (default)
2019-10-01 03:07:21,905 [aa50838b-9bca-41ae-9019-de087e69da85@group-3D44A98526F1-LeaderElection110] INFO  server.RaftServerConfigKeys (ConfUtils.java:logGet(43)) - raft.server.log.appender.install.snapshot.enabled = false (custom)
2019-10-01 03:07:21,905 [aa50838b-9bca-41ae-9019-de087e69da85@group-3D44A98526F1-LeaderElection110] INFO  server.RaftServerConfigKeys (ConfUtils.java:logGet(43)) - raft.server.log.appender.snapshot.chunk.size.max = 16MB (=16777216) (default)
2019-10-01 03:07:21,905 [aa50838b-9bca-41ae-9019-de087e69da85@group-3D44A98526F1-LeaderElection110] INFO  server.RaftServerConfigKeys (ConfUtils.java:logGet(43)) - raft.server.log.appender.buffer.byte-limit = 33554432 (custom)
2019-10-01 03:07:21,905 [aa50838b-9bca-41ae-9019-de087e69da85@group-3D44A98526F1-LeaderElection110] INFO  server.RaftServerConfigKeys (ConfUtils.java:logGet(43)) - raft.server.log.appender.buffer.element-limit = 1 (custom)
2019-10-01 03:07:21,905 [aa50838b-9bca-41ae-9019-de087e69da85@group-3D44A98526F1-LeaderElection110] INFO  grpc.GrpcConfigKeys$Server (ConfUtils.java:logGet(43)) - raft.grpc.server.leader.outstanding.appends.max = 128 (default)
2019-10-01 03:07:21,905 [aa50838b-9bca-41ae-9019-de087e69da85@group-3D44A98526F1-LeaderElection110] INFO  server.RaftServerConfigKeys (ConfUtils.java:logGet(43)) - raft.server.rpc.request.timeout = 3000ms (default)
2019-10-01 03:07:21,905 [aa50838b-9bca-41ae-9019-de087e69da85@group-3D44A98526F1-LeaderElection110] INFO  server.RaftServerConfigKeys (ConfUtils.java:logGet(43)) - raft.server.log.appender.install.snapshot.enabled = false (custom)
2019-10-01 03:07:21,905 [aa50838b-9bca-41ae-9019-de087e69da85@group-3D44A98526F1-LeaderElection110] INFO  impl.RoleInfo (RoleInfo.java:updateAndGet(143)) - aa50838b-9bca-41ae-9019-de087e69da85: start LeaderState
2019-10-01 03:07:21,906 [aa50838b-9bca-41ae-9019-de087e69da85@group-3D44A98526F1-LeaderElection110] INFO  segmented.SegmentedRaftLogWorker (SegmentedRaftLogWorker.java:startLogSegment(385)) - aa50838b-9bca-41ae-9019-de087e69da85@group-3D44A98526F1-SegmentedRaftLogWorker: Starting segment from index:0
2019-10-01 03:07:21,906 [aa50838b-9bca-41ae-9019-de087e69da85@group-3D44A98526F1-LeaderElection110] INFO  impl.RaftServerImpl (ServerState.java:setRaftConf(356)) - aa50838b-9bca-41ae-9019-de087e69da85@group-3D44A98526F1: set configuration 0: [aa50838b-9bca-41ae-9019-de087e69da85:192.168.151.109:39705, f56bbf36-021a-4531-8ada-dba823737717:192.168.151.109:34767, 7404321f-209f-457d-9de5-d648d2bc600a:192.168.151.109:46370], old=null at 0
2019-10-01 03:07:21,907 [grpc-default-executor-1] INFO  impl.RaftServerImpl (ServerState.java:setLeader(255)) - 7404321f-209f-457d-9de5-d648d2bc600a@group-3D44A98526F1: change Leader from null to aa50838b-9bca-41ae-9019-de087e69da85 at term 2 for appendEntries, leader elected after 4811ms
2019-10-01 03:07:21,933 [grpc-default-executor-5] INFO  impl.RaftServerImpl (ServerState.java:setLeader(255)) - f56bbf36-021a-4531-8ada-dba823737717@group-3D44A98526F1: change Leader from null to aa50838b-9bca-41ae-9019-de087e69da85 at term 2 for appendEntries, leader elected after 1222ms
2019-10-01 03:07:21,934 [aa50838b-9bca-41ae-9019-de087e69da85@group-2964750D5D22-LeaderElection111] INFO  impl.LeaderElection (LeaderElection.java:logAndReturn(56)) - aa50838b-9bca-41ae-9019-de087e69da85@group-2964750D5D22-LeaderElection111: Election PASSED; received 1 response(s) [aa50838b-9bca-41ae-9019-de087e69da85<-f56bbf36-021a-4531-8ada-dba823737717#0:OK-t2] and 0 exception(s); aa50838b-9bca-41ae-9019-de087e69da85@group-2964750D5D22:t2, leader=null, voted=aa50838b-9bca-41ae-9019-de087e69da85, raftlog=aa50838b-9bca-41ae-9019-de087e69da85@group-2964750D5D22-SegmentedRaftLog:OPENED:c-1,f-1,i0, conf=-1: [aa50838b-9bca-41ae-9019-de087e69da85:192.168.151.109:39705, f56bbf36-021a-4531-8ada-dba823737717:192.168.151.109:34767, 7404321f-209f-457d-9de5-d648d2bc600a:192.168.151.109:46370], old=null
2019-10-01 03:07:21,935 [aa50838b-9bca-41ae-9019-de087e69da85@group-2964750D5D22-LeaderElection111] INFO  impl.RoleInfo (RoleInfo.java:shutdownLeaderElection(134)) - aa50838b-9bca-41ae-9019-de087e69da85: shutdown LeaderElection
2019-10-01 03:07:21,935 [aa50838b-9bca-41ae-9019-de087e69da85@group-2964750D5D22-LeaderElection111] INFO  impl.RaftServerImpl (RaftServerImpl.java:setRole(170)) - aa50838b-9bca-41ae-9019-de087e69da85@group-2964750D5D22: changes role from CANDIDATE to LEADER at term 2 for changeToLeader
2019-10-01 03:07:21,935 [aa50838b-9bca-41ae-9019-de087e69da85@group-2964750D5D22-LeaderElection111] INFO  impl.RaftServerImpl (ServerState.java:setLeader(255)) - aa50838b-9bca-41ae-9019-de087e69da85@group-2964750D5D22: change Leader from null to aa50838b-9bca-41ae-9019-de087e69da85 at term 2 for becomeLeader, leader elected after 7273ms
2019-10-01 03:07:21,935 [aa50838b-9bca-41ae-9019-de087e69da85@group-2964750D5D22-LeaderElection111] INFO  server.RaftServerConfigKeys (ConfUtils.java:logGet(43)) - raft.server.staging.catchup.gap = 1000 (default)
2019-10-01 03:07:21,935 [aa50838b-9bca-41ae-9019-de087e69da85@group-2964750D5D22-LeaderElection111] INFO  server.RaftServerConfigKeys (ConfUtils.java:logGet(43)) - raft.server.rpc.sleep.time = 25ms (default)
2019-10-01 03:07:21,936 [aa50838b-9bca-41ae-9019-de087e69da85@group-2964750D5D22-LeaderElection111] INFO  server.RaftServerConfigKeys (ConfUtils.java:logGet(43)) - raft.server.write.element-limit = 4096 (default)
2019-10-01 03:07:21,936 [aa50838b-9bca-41ae-9019-de087e69da85@group-2964750D5D22-LeaderElection111] INFO  server.RaftServerConfigKeys (ConfUtils.java:logGet(43)) - raft.server.watch.timeout = 10s (default)
2019-10-01 03:07:21,936 [aa50838b-9bca-41ae-9019-de087e69da85@group-2964750D5D22-LeaderElection111] INFO  server.RaftServerConfigKeys (ConfUtils.java:logGet(43)) - raft.server.watch.timeout.denomination = 1s (default)
2019-10-01 03:07:21,936 [grpc-default-executor-1] INFO  impl.RaftServerImpl (ServerState.java:setRaftConf(356)) - 7404321f-209f-457d-9de5-d648d2bc600a@group-3D44A98526F1: set configuration 0: [aa50838b-9bca-41ae-9019-de087e69da85:192.168.151.109:39705, f56bbf36-021a-4531-8ada-dba823737717:192.168.151.109:34767, 7404321f-209f-457d-9de5-d648d2bc600a:192.168.151.109:46370], old=null at 0
2019-10-01 03:07:21,936 [grpc-default-executor-5] INFO  impl.RaftServerImpl (ServerState.java:setRaftConf(356)) - f56bbf36-021a-4531-8ada-dba823737717@group-3D44A98526F1: set configuration 0: [aa50838b-9bca-41ae-9019-de087e69da85:192.168.151.109:39705, f56bbf36-021a-4531-8ada-dba823737717:192.168.151.109:34767, 7404321f-209f-457d-9de5-d648d2bc600a:192.168.151.109:46370], old=null at 0
2019-10-01 03:07:21,936 [grpc-default-executor-1] INFO  segmented.SegmentedRaftLogWorker (SegmentedRaftLogWorker.java:startLogSegment(385)) - 7404321f-209f-457d-9de5-d648d2bc600a@group-3D44A98526F1-SegmentedRaftLogWorker: Starting segment from index:0
2019-10-01 03:07:21,936 [aa50838b-9bca-41ae-9019-de087e69da85@group-2964750D5D22-LeaderElection111] INFO  server.RaftServerConfigKeys (ConfUtils.java:logGet(43)) - raft.server.watch.element-limit = 65536 (default)
2019-10-01 03:07:21,936 [grpc-default-executor-5] INFO  segmented.SegmentedRaftLogWorker (SegmentedRaftLogWorker.java:startLogSegment(385)) - f56bbf36-021a-4531-8ada-dba823737717@group-3D44A98526F1-SegmentedRaftLogWorker: Starting segment from index:0
2019-10-01 03:07:21,938 [aa50838b-9bca-41ae-9019-de087e69da85@group-2964750D5D22-LeaderElection111] INFO  server.RaftServerConfigKeys (ConfUtils.java:logGet(43)) - raft.server.log.appender.snapshot.chunk.size.max = 16MB (=16777216) (default)
2019-10-01 03:07:21,938 [aa50838b-9bca-41ae-9019-de087e69da85@group-2964750D5D22-LeaderElection111] INFO  server.RaftServerConfigKeys (ConfUtils.java:logGet(43)) - raft.server.log.appender.buffer.byte-limit = 33554432 (custom)
2019-10-01 03:07:21,939 [aa50838b-9bca-41ae-9019-de087e69da85@group-2964750D5D22-LeaderElection111] INFO  server.RaftServerConfigKeys (ConfUtils.java:logGet(43)) - raft.server.log.appender.buffer.element-limit = 1 (custom)
2019-10-01 03:07:21,939 [aa50838b-9bca-41ae-9019-de087e69da85@group-2964750D5D22-LeaderElection111] INFO  grpc.GrpcConfigKeys$Server (ConfUtils.java:logGet(43)) - raft.grpc.server.leader.outstanding.appends.max = 128 (default)
2019-10-01 03:07:21,939 [aa50838b-9bca-41ae-9019-de087e69da85@group-2964750D5D22-LeaderElection111] INFO  server.RaftServerConfigKeys (ConfUtils.java:logGet(43)) - raft.server.rpc.request.timeout = 3000ms (default)
2019-10-01 03:07:21,939 [aa50838b-9bca-41ae-9019-de087e69da85@group-2964750D5D22-LeaderElection111] INFO  server.RaftServerConfigKeys (ConfUtils.java:logGet(43)) - raft.server.log.appender.install.snapshot.enabled = false (custom)
2019-10-01 03:07:21,939 [aa50838b-9bca-41ae-9019-de087e69da85@group-2964750D5D22-LeaderElection111] INFO  server.RaftServerConfigKeys (ConfUtils.java:logGet(43)) - raft.server.log.appender.snapshot.chunk.size.max = 16MB (=16777216) (default)
2019-10-01 03:07:21,940 [aa50838b-9bca-41ae-9019-de087e69da85@group-2964750D5D22-LeaderElection111] INFO  server.RaftServerConfigKeys (ConfUtils.java:logGet(43)) - raft.server.log.appender.buffer.byte-limit = 33554432 (custom)
2019-10-01 03:07:21,940 [aa50838b-9bca-41ae-9019-de087e69da85@group-2964750D5D22-LeaderElection111] INFO  server.RaftServerConfigKeys (ConfUtils.java:logGet(43)) - raft.server.log.appender.buffer.element-limit = 1 (custom)
2019-10-01 03:07:21,940 [aa50838b-9bca-41ae-9019-de087e69da85@group-2964750D5D22-LeaderElection111] INFO  grpc.GrpcConfigKeys$Server (ConfUtils.java:logGet(43)) - raft.grpc.server.leader.outstanding.appends.max = 128 (default)
2019-10-01 03:07:21,940 [aa50838b-9bca-41ae-9019-de087e69da85@group-2964750D5D22-LeaderElection111] INFO  server.RaftServerConfigKeys (ConfUtils.java:logGet(43)) - raft.server.rpc.request.timeout = 3000ms (default)
2019-10-01 03:07:21,940 [aa50838b-9bca-41ae-9019-de087e69da85@group-2964750D5D22-LeaderElection111] INFO  server.RaftServerConfigKeys (ConfUtils.java:logGet(43)) - raft.server.log.appender.install.snapshot.enabled = false (custom)
2019-10-01 03:07:21,940 [aa50838b-9bca-41ae-9019-de087e69da85@group-2964750D5D22-LeaderElection111] INFO  impl.RoleInfo (RoleInfo.java:updateAndGet(143)) - aa50838b-9bca-41ae-9019-de087e69da85: start LeaderState
2019-10-01 03:07:21,941 [aa50838b-9bca-41ae-9019-de087e69da85@group-2964750D5D22-LeaderElection111] INFO  segmented.SegmentedRaftLogWorker (SegmentedRaftLogWorker.java:startLogSegment(385)) - aa50838b-9bca-41ae-9019-de087e69da85@group-2964750D5D22-SegmentedRaftLogWorker: Starting segment from index:0
2019-10-01 03:07:21,942 [aa50838b-9bca-41ae-9019-de087e69da85@group-2964750D5D22-LeaderElection111] INFO  impl.RaftServerImpl (ServerState.java:setRaftConf(356)) - aa50838b-9bca-41ae-9019-de087e69da85@group-2964750D5D22: set configuration 0: [aa50838b-9bca-41ae-9019-de087e69da85:192.168.151.109:39705, f56bbf36-021a-4531-8ada-dba823737717:192.168.151.109:34767, 7404321f-209f-457d-9de5-d648d2bc600a:192.168.151.109:46370], old=null at 0
2019-10-01 03:07:21,942 [grpc-default-executor-5] INFO  impl.RaftServerImpl (ServerState.java:setLeader(255)) - f56bbf36-021a-4531-8ada-dba823737717@group-2964750D5D22: change Leader from null to aa50838b-9bca-41ae-9019-de087e69da85 at term 2 for appendEntries, leader elected after 7280ms
2019-10-01 03:07:21,943 [grpc-default-executor-5] INFO  impl.RaftServerImpl (ServerState.java:setLeader(255)) - 7404321f-209f-457d-9de5-d648d2bc600a@group-2964750D5D22: change Leader from null to aa50838b-9bca-41ae-9019-de087e69da85 at term 2 for appendEntries, leader elected after 7280ms
2019-10-01 03:07:21,944 [grpc-default-executor-5] INFO  impl.RaftServerImpl (ServerState.java:setRaftConf(356)) - f56bbf36-021a-4531-8ada-dba823737717@group-2964750D5D22: set configuration 0: [aa50838b-9bca-41ae-9019-de087e69da85:192.168.151.109:39705, f56bbf36-021a-4531-8ada-dba823737717:192.168.151.109:34767, 7404321f-209f-457d-9de5-d648d2bc600a:192.168.151.109:46370], old=null at 0
2019-10-01 03:07:21,944 [grpc-default-executor-1] INFO  impl.RaftServerImpl (ServerState.java:setRaftConf(356)) - 7404321f-209f-457d-9de5-d648d2bc600a@group-2964750D5D22: set configuration 0: [aa50838b-9bca-41ae-9019-de087e69da85:192.168.151.109:39705, f56bbf36-021a-4531-8ada-dba823737717:192.168.151.109:34767, 7404321f-209f-457d-9de5-d648d2bc600a:192.168.151.109:46370], old=null at 0
2019-10-01 03:07:21,944 [grpc-default-executor-5] INFO  segmented.SegmentedRaftLogWorker (SegmentedRaftLogWorker.java:startLogSegment(385)) - f56bbf36-021a-4531-8ada-dba823737717@group-2964750D5D22-SegmentedRaftLogWorker: Starting segment from index:0
2019-10-01 03:07:21,944 [grpc-default-executor-1] INFO  segmented.SegmentedRaftLogWorker (SegmentedRaftLogWorker.java:startLogSegment(385)) - 7404321f-209f-457d-9de5-d648d2bc600a@group-2964750D5D22-SegmentedRaftLogWorker: Starting segment from index:0
2019-10-01 03:07:21,946 [aa50838b-9bca-41ae-9019-de087e69da85@group-3D44A98526F1-SegmentedRaftLogWorker] INFO  segmented.SegmentedRaftLogWorker (SegmentedRaftLogWorker.java:execute(574)) - aa50838b-9bca-41ae-9019-de087e69da85@group-3D44A98526F1-SegmentedRaftLogWorker: created new log segment /workdir/hadoop-ozone/integration-test/target/test-dir/MiniOzoneClusterImpl-6e28ac15-3a1e-4d59-8f42-f38d89fb0b8d/datanode-7/data/ratis/be3ec8f7-6e4a-44e1-a628-3d44a98526f1/current/log_inprogress_0
2019-10-01 03:07:21,946 [f56bbf36-021a-4531-8ada-dba823737717@group-024A971E79D6-SegmentedRaftLogWorker] INFO  segmented.SegmentedRaftLogWorker (SegmentedRaftLogWorker.java:execute(574)) - f56bbf36-021a-4531-8ada-dba823737717@group-024A971E79D6-SegmentedRaftLogWorker: created new log segment /workdir/hadoop-ozone/integration-test/target/test-dir/MiniOzoneClusterImpl-6e28ac15-3a1e-4d59-8f42-f38d89fb0b8d/datanode-9/data/ratis/587d302b-502b-4256-952f-024a971e79d6/current/log_inprogress_0
2019-10-01 03:07:21,981 [f56bbf36-021a-4531-8ada-dba823737717@group-2964750D5D22-SegmentedRaftLogWorker] INFO  segmented.SegmentedRaftLogWorker (SegmentedRaftLogWorker.java:execute(574)) - f56bbf36-021a-4531-8ada-dba823737717@group-2964750D5D22-SegmentedRaftLogWorker: created new log segment /workdir/hadoop-ozone/integration-test/target/test-dir/MiniOzoneClusterImpl-6e28ac15-3a1e-4d59-8f42-f38d89fb0b8d/datanode-9/data/ratis/3853665a-0c64-46a0-b0d9-2964750d5d22/current/log_inprogress_0
2019-10-01 03:07:21,981 [aa50838b-9bca-41ae-9019-de087e69da85@group-2964750D5D22-SegmentedRaftLogWorker] INFO  segmented.SegmentedRaftLogWorker (SegmentedRaftLogWorker.java:execute(574)) - aa50838b-9bca-41ae-9019-de087e69da85@group-2964750D5D22-SegmentedRaftLogWorker: created new log segment /workdir/hadoop-ozone/integration-test/target/test-dir/MiniOzoneClusterImpl-6e28ac15-3a1e-4d59-8f42-f38d89fb0b8d/datanode-7/data/ratis/3853665a-0c64-46a0-b0d9-2964750d5d22/current/log_inprogress_0
2019-10-01 03:07:21,981 [7404321f-209f-457d-9de5-d648d2bc600a@group-3D44A98526F1-SegmentedRaftLogWorker] INFO  segmented.SegmentedRaftLogWorker (SegmentedRaftLogWorker.java:execute(574)) - 7404321f-209f-457d-9de5-d648d2bc600a@group-3D44A98526F1-SegmentedRaftLogWorker: created new log segment /workdir/hadoop-ozone/integration-test/target/test-dir/MiniOzoneClusterImpl-6e28ac15-3a1e-4d59-8f42-f38d89fb0b8d/datanode-8/data/ratis/be3ec8f7-6e4a-44e1-a628-3d44a98526f1/current/log_inprogress_0
2019-10-01 03:07:21,981 [7404321f-209f-457d-9de5-d648d2bc600a@group-2964750D5D22-SegmentedRaftLogWorker] INFO  segmented.SegmentedRaftLogWorker (SegmentedRaftLogWorker.java:execute(574)) - 7404321f-209f-457d-9de5-d648d2bc600a@group-2964750D5D22-SegmentedRaftLogWorker: created new log segment /workdir/hadoop-ozone/integration-test/target/test-dir/MiniOzoneClusterImpl-6e28ac15-3a1e-4d59-8f42-f38d89fb0b8d/datanode-8/data/ratis/3853665a-0c64-46a0-b0d9-2964750d5d22/current/log_inprogress_0
2019-10-01 03:07:21,981 [f56bbf36-021a-4531-8ada-dba823737717@group-3D44A98526F1-SegmentedRaftLogWorker] INFO  segmented.SegmentedRaftLogWorker (SegmentedRaftLogWorker.java:execute(574)) - f56bbf36-021a-4531-8ada-dba823737717@group-3D44A98526F1-SegmentedRaftLogWorker: created new log segment /workdir/hadoop-ozone/integration-test/target/test-dir/MiniOzoneClusterImpl-6e28ac15-3a1e-4d59-8f42-f38d89fb0b8d/datanode-9/data/ratis/be3ec8f7-6e4a-44e1-a628-3d44a98526f1/current/log_inprogress_0
2019-10-01 03:07:25,511 [main] INFO  ozoneimpl.OzoneContainer (OzoneContainer.java:stop(231)) - Attempting to stop container services.
2019-10-01 03:07:25,511 [ForkJoinPool.commonPool-worker-1] INFO  ozoneimpl.OzoneContainer (OzoneContainer.java:stop(231)) - Attempting to stop container services.
2019-10-01 03:07:25,511 [main] INFO  impl.RaftServerProxy (RaftServerProxy.java:lambda$close$4(314)) - 38d40372-6165-4f1a-84c5-44b0c879ef88: close
2019-10-01 03:07:25,511 [ForkJoinPool.commonPool-worker-1] INFO  impl.RaftServerProxy (RaftServerProxy.java:lambda$close$4(314)) - 3a5c29d1-b1e0-430c-9cbd-8c0e2fd6f5a8: close
2019-10-01 03:07:25,516 [main] INFO  server.GrpcService (GrpcService.java:closeImpl(164)) - 38d40372-6165-4f1a-84c5-44b0c879ef88: shutdown server with port 34058 now
2019-10-01 03:07:25,519 [ForkJoinPool.commonPool-worker-1] INFO  server.GrpcService (GrpcService.java:closeImpl(164)) - 3a5c29d1-b1e0-430c-9cbd-8c0e2fd6f5a8: shutdown server with port 33042 now
2019-10-01 03:07:25,519 [main] INFO  server.GrpcService (GrpcService.java:closeImpl(172)) - 38d40372-6165-4f1a-84c5-44b0c879ef88: shutdown server with port 34058 successfully
2019-10-01 03:07:25,520 [ForkJoinPool.commonPool-worker-1] INFO  server.GrpcService (GrpcService.java:closeImpl(172)) - 3a5c29d1-b1e0-430c-9cbd-8c0e2fd6f5a8: shutdown server with port 33042 successfully
2019-10-01 03:07:25,522 [refreshUsed-/workdir/hadoop-ozone/integration-test/target/test-dir/MiniOzoneClusterImpl-6e28ac15-3a1e-4d59-8f42-f38d89fb0b8d/datanode-5/data/containers] WARN  fs.CachingGetSpaceUsed (CachingGetSpaceUsed.java:run(183)) - Thread Interrupted waiting to refresh disk information: sleep interrupted
2019-10-01 03:07:25,526 [refreshUsed-/workdir/hadoop-ozone/integration-test/target/test-dir/MiniOzoneClusterImpl-6e28ac15-3a1e-4d59-8f42-f38d89fb0b8d/datanode-2/data/containers] WARN  fs.CachingGetSpaceUsed (CachingGetSpaceUsed.java:run(183)) - Thread Interrupted waiting to refresh disk information: sleep interrupted
2019-10-01 03:07:25,544 [ForkJoinPool.commonPool-worker-1] INFO  utils.BackgroundService (BackgroundService.java:shutdown(148)) - Shutting down service BlockDeletingService
2019-10-01 03:07:25,552 [ForkJoinPool.commonPool-worker-1] INFO  statemachine.DatanodeStateMachine (DatanodeStateMachine.java:stopDaemon(395)) - Ozone container server stopped.
2019-10-01 03:07:25,558 [ForkJoinPool.commonPool-worker-1] INFO  handler.ContextHandler (ContextHandler.java:doStop(910)) - Stopped o.e.j.w.WebAppContext@76cdafa3{/,null,UNAVAILABLE}{/hddsDatanode}
2019-10-01 03:07:25,558 [ForkJoinPool.commonPool-worker-1] INFO  server.AbstractConnector (AbstractConnector.java:doStop(318)) - Stopped ServerConnector@6b27b2d0{HTTP/1.1,[http/1.1]}{0.0.0.0:0}
2019-10-01 03:07:25,560 [ForkJoinPool.commonPool-worker-1] INFO  handler.ContextHandler (ContextHandler.java:doStop(910)) - Stopped o.e.j.s.ServletContextHandler@bb3ecfe{/static,jar:file:/home/user/.m2/repository/org/apache/hadoop/hadoop-hdds-container-service/0.5.0-SNAPSHOT/hadoop-hdds-container-service-0.5.0-SNAPSHOT.jar!/webapps/static,UNAVAILABLE}
2019-10-01 03:07:25,562 [ForkJoinPool.commonPool-worker-1] INFO  handler.ContextHandler (ContextHandler.java:doStop(910)) - Stopped o.e.j.s.ServletContextHandler@1b37fbec{/logs,file:///workdir/hadoop-ozone/integration-test/target/log,UNAVAILABLE}
2019-10-01 03:07:25,566 [main] INFO  utils.BackgroundService (BackgroundService.java:shutdown(148)) - Shutting down service BlockDeletingService
2019-10-01 03:07:25,571 [main] INFO  statemachine.DatanodeStateMachine (DatanodeStateMachine.java:stopDaemon(395)) - Ozone container server stopped.
2019-10-01 03:07:25,572 [main] INFO  handler.ContextHandler (ContextHandler.java:doStop(910)) - Stopped o.e.j.w.WebAppContext@640d604{/,null,UNAVAILABLE}{/hddsDatanode}
2019-10-01 03:07:25,572 [main] INFO  server.AbstractConnector (AbstractConnector.java:doStop(318)) - Stopped ServerConnector@62cbc478{HTTP/1.1,[http/1.1]}{0.0.0.0:0}
2019-10-01 03:07:25,573 [main] INFO  handler.ContextHandler (ContextHandler.java:doStop(910)) - Stopped o.e.j.s.ServletContextHandler@443a06ad{/static,jar:file:/home/user/.m2/repository/org/apache/hadoop/hadoop-hdds-container-service/0.5.0-SNAPSHOT/hadoop-hdds-container-service-0.5.0-SNAPSHOT.jar!/webapps/static,UNAVAILABLE}
2019-10-01 03:07:25,573 [main] INFO  handler.ContextHandler (ContextHandler.java:doStop(910)) - Stopped o.e.j.s.ServletContextHandler@4f1afe8f{/logs,file:///workdir/hadoop-ozone/integration-test/target/log,UNAVAILABLE}
2019-10-01 03:07:25,748 [Datanode State Machine Thread - 0] INFO  statemachine.DatanodeStateMachine (DatanodeStateMachine.java:lambda$startDaemon$0(350)) - Ozone container server started.
2019-10-01 03:07:26,520 [Datanode State Machine Thread - 0] INFO  statemachine.DatanodeStateMachine (DatanodeStateMachine.java:lambda$startDaemon$0(350)) - Ozone container server started.
2019-10-01 03:07:30,564 [ForkJoinPool.commonPool-worker-1] INFO  ozoneimpl.OzoneContainer (OzoneContainer.java:stop(231)) - Attempting to stop container services.
2019-10-01 03:07:30,565 [ForkJoinPool.commonPool-worker-1] INFO  impl.RaftServerProxy (RaftServerProxy.java:lambda$close$4(314)) - ea2cd4f8-b5dd-413e-a1f4-cb1e8a114cd8: close
2019-10-01 03:07:30,567 [ForkJoinPool.commonPool-worker-1] INFO  server.GrpcService (GrpcService.java:closeImpl(164)) - ea2cd4f8-b5dd-413e-a1f4-cb1e8a114cd8: shutdown server with port 33875 now
2019-10-01 03:07:30,568 [ForkJoinPool.commonPool-worker-1] INFO  server.GrpcService (GrpcService.java:closeImpl(172)) - ea2cd4f8-b5dd-413e-a1f4-cb1e8a114cd8: shutdown server with port 33875 successfully
2019-10-01 03:07:30,573 [refreshUsed-/workdir/hadoop-ozone/integration-test/target/test-dir/MiniOzoneClusterImpl-6e28ac15-3a1e-4d59-8f42-f38d89fb0b8d/datanode-3/data/containers] WARN  fs.CachingGetSpaceUsed (CachingGetSpaceUsed.java:run(183)) - Thread Interrupted waiting to refresh disk information: sleep interrupted
2019-10-01 03:07:30,575 [main] INFO  ozoneimpl.OzoneContainer (OzoneContainer.java:stop(231)) - Attempting to stop container services.
2019-10-01 03:07:30,575 [main] INFO  impl.RaftServerProxy (RaftServerProxy.java:lambda$close$4(314)) - 6ec1b0ff-44e9-4731-a9f0-71b705a1a7ce: close
2019-10-01 03:07:30,577 [main] INFO  server.GrpcService (GrpcService.java:closeImpl(164)) - 6ec1b0ff-44e9-4731-a9f0-71b705a1a7ce: shutdown server with port 46239 now
2019-10-01 03:07:30,578 [main] INFO  server.GrpcService (GrpcService.java:closeImpl(172)) - 6ec1b0ff-44e9-4731-a9f0-71b705a1a7ce: shutdown server with port 46239 successfully
2019-10-01 03:07:30,580 [refreshUsed-/workdir/hadoop-ozone/integration-test/target/test-dir/MiniOzoneClusterImpl-6e28ac15-3a1e-4d59-8f42-f38d89fb0b8d/datanode-6/data/containers] WARN  fs.CachingGetSpaceUsed (CachingGetSpaceUsed.java:run(183)) - Thread Interrupted waiting to refresh disk information: sleep interrupted
2019-10-01 03:07:30,589 [ForkJoinPool.commonPool-worker-1] INFO  utils.BackgroundService (BackgroundService.java:shutdown(148)) - Shutting down service BlockDeletingService
2019-10-01 03:07:30,594 [ForkJoinPool.commonPool-worker-1] INFO  statemachine.DatanodeStateMachine (DatanodeStateMachine.java:stopDaemon(395)) - Ozone container server stopped.
2019-10-01 03:07:30,600 [ForkJoinPool.commonPool-worker-1] INFO  handler.ContextHandler (ContextHandler.java:doStop(910)) - Stopped o.e.j.w.WebAppContext@e62319f{/,null,UNAVAILABLE}{/hddsDatanode}
2019-10-01 03:07:30,601 [ForkJoinPool.commonPool-worker-1] INFO  server.AbstractConnector (AbstractConnector.java:doStop(318)) - Stopped ServerConnector@4d354a3e{HTTP/1.1,[http/1.1]}{0.0.0.0:0}
2019-10-01 03:07:30,612 [ForkJoinPool.commonPool-worker-1] INFO  handler.ContextHandler (ContextHandler.java:doStop(910)) - Stopped o.e.j.s.ServletContextHandler@560271a1{/static,jar:file:/home/user/.m2/repository/org/apache/hadoop/hadoop-hdds-container-service/0.5.0-SNAPSHOT/hadoop-hdds-container-service-0.5.0-SNAPSHOT.jar!/webapps/static,UNAVAILABLE}
2019-10-01 03:07:30,612 [ForkJoinPool.commonPool-worker-1] INFO  handler.ContextHandler (ContextHandler.java:doStop(910)) - Stopped o.e.j.s.ServletContextHandler@20440c6c{/logs,file:///workdir/hadoop-ozone/integration-test/target/log,UNAVAILABLE}
2019-10-01 03:07:30,617 [main] INFO  utils.BackgroundService (BackgroundService.java:shutdown(148)) - Shutting down service BlockDeletingService
2019-10-01 03:07:30,624 [main] INFO  statemachine.DatanodeStateMachine (DatanodeStateMachine.java:stopDaemon(395)) - Ozone container server stopped.
2019-10-01 03:07:30,625 [main] INFO  handler.ContextHandler (ContextHandler.java:doStop(910)) - Stopped o.e.j.w.WebAppContext@538a2f0e{/,null,UNAVAILABLE}{/hddsDatanode}
2019-10-01 03:07:30,625 [main] INFO  server.AbstractConnector (AbstractConnector.java:doStop(318)) - Stopped ServerConnector@d2708a7{HTTP/1.1,[http/1.1]}{0.0.0.0:0}
2019-10-01 03:07:30,626 [main] INFO  handler.ContextHandler (ContextHandler.java:doStop(910)) - Stopped o.e.j.s.ServletContextHandler@6de7778f{/static,jar:file:/home/user/.m2/repository/org/apache/hadoop/hadoop-hdds-container-service/0.5.0-SNAPSHOT/hadoop-hdds-container-service-0.5.0-SNAPSHOT.jar!/webapps/static,UNAVAILABLE}
2019-10-01 03:07:30,626 [main] INFO  handler.ContextHandler (ContextHandler.java:doStop(910)) - Stopped o.e.j.s.ServletContextHandler@26f0141{/logs,file:///workdir/hadoop-ozone/integration-test/target/log,UNAVAILABLE}
2019-10-01 03:07:30,934 [Datanode State Machine Thread - 0] INFO  statemachine.DatanodeStateMachine (DatanodeStateMachine.java:lambda$startDaemon$0(350)) - Ozone container server started.
2019-10-01 03:07:31,589 [Datanode State Machine Thread - 0] INFO  statemachine.DatanodeStateMachine (DatanodeStateMachine.java:lambda$startDaemon$0(350)) - Ozone container server started.
2019-10-01 03:07:35,615 [ForkJoinPool.commonPool-worker-1] INFO  ozoneimpl.OzoneContainer (OzoneContainer.java:stop(231)) - Attempting to stop container services.
2019-10-01 03:07:35,616 [ForkJoinPool.commonPool-worker-1] INFO  impl.RaftServerProxy (RaftServerProxy.java:lambda$close$4(314)) - b5a046a5-2db3-4af9-b125-9e68b51cfdaa: close
2019-10-01 03:07:35,642 [ForkJoinPool.commonPool-worker-1] INFO  server.GrpcService (GrpcService.java:closeImpl(164)) - b5a046a5-2db3-4af9-b125-9e68b51cfdaa: shutdown server with port 35125 now
2019-10-01 03:07:35,643 [main] INFO  ozoneimpl.OzoneContainer (OzoneContainer.java:stop(231)) - Attempting to stop container services.
2019-10-01 03:07:35,643 [ForkJoinPool.commonPool-worker-1] INFO  server.GrpcService (GrpcService.java:closeImpl(172)) - b5a046a5-2db3-4af9-b125-9e68b51cfdaa: shutdown server with port 35125 successfully
2019-10-01 03:07:35,644 [main] INFO  impl.RaftServerProxy (RaftServerProxy.java:lambda$close$4(314)) - 7404321f-209f-457d-9de5-d648d2bc600a: close
2019-10-01 03:07:35,644 [main] INFO  impl.RaftServerImpl (RaftServerImpl.java:lambda$shutdown$3(247)) - 7404321f-209f-457d-9de5-d648d2bc600a@group-CC18AB24BB58: shutdown
2019-10-01 03:07:35,645 [main] INFO  util.JmxRegister (JmxRegister.java:unregister(73)) - Successfully un-registered JMX Bean with object name Ratis:service=RaftServer,group=group-CC18AB24BB58,id=7404321f-209f-457d-9de5-d648d2bc600a
2019-10-01 03:07:35,646 [main] INFO  impl.RoleInfo (RoleInfo.java:shutdownLeaderState(104)) - 7404321f-209f-457d-9de5-d648d2bc600a: shutdown LeaderState
2019-10-01 03:07:35,652 [org.apache.ratis.server.impl.LogAppender$AppenderDaemon$$Lambda$489/1153833993@1ccfd4df] WARN  server.GrpcLogAppender (GrpcLogAppender.java:mayWait(143)) - 7404321f-209f-457d-9de5-d648d2bc600a@group-CC18AB24BB58->f56bbf36-021a-4531-8ada-dba823737717-GrpcLogAppender: Wait interrupted by java.lang.InterruptedException
2019-10-01 03:07:35,652 [org.apache.ratis.server.impl.LogAppender$AppenderDaemon$$Lambda$489/1153833993@32d0988f] WARN  server.GrpcLogAppender (GrpcLogAppender.java:mayWait(143)) - 7404321f-209f-457d-9de5-d648d2bc600a@group-CC18AB24BB58->aa50838b-9bca-41ae-9019-de087e69da85-GrpcLogAppender: Wait interrupted by java.lang.InterruptedException
2019-10-01 03:07:35,652 [main] INFO  impl.PendingRequests (PendingRequests.java:sendNotLeaderResponses(202)) - 7404321f-209f-457d-9de5-d648d2bc600a@group-CC18AB24BB58-PendingRequests: sendNotLeaderResponses
2019-10-01 03:07:35,654 [refreshUsed-/workdir/hadoop-ozone/integration-test/target/test-dir/MiniOzoneClusterImpl-6e28ac15-3a1e-4d59-8f42-f38d89fb0b8d/datanode-4/data/containers] WARN  fs.CachingGetSpaceUsed (CachingGetSpaceUsed.java:run(183)) - Thread Interrupted waiting to refresh disk information: sleep interrupted
2019-10-01 03:07:35,657 [main] INFO  impl.StateMachineUpdater (StateMachineUpdater.java:stopAndJoin(136)) - 7404321f-209f-457d-9de5-d648d2bc600a@group-CC18AB24BB58-StateMachineUpdater: set stopIndex = 0
2019-10-01 03:07:35,657 [grpc-default-executor-1] INFO  server.GrpcServerProtocolService (GrpcServerProtocolService.java:onCompleted(113)) - aa50838b-9bca-41ae-9019-de087e69da85: Completed APPEND_ENTRIES, lastRequest: 7404321f-209f-457d-9de5-d648d2bc600a->aa50838b-9bca-41ae-9019-de087e69da85#28-t1, previous=(t:1, i:0), leaderCommit=0, initializing? false, entries: <empty>
2019-10-01 03:07:35,657 [grpc-default-executor-5] INFO  server.GrpcServerProtocolService (GrpcServerProtocolService.java:onCompleted(113)) - f56bbf36-021a-4531-8ada-dba823737717: Completed APPEND_ENTRIES, lastRequest: 7404321f-209f-457d-9de5-d648d2bc600a->f56bbf36-021a-4531-8ada-dba823737717#28-t1, previous=(t:1, i:0), leaderCommit=0, initializing? false, entries: <empty>
2019-10-01 03:07:35,658 [main] INFO  impl.RaftServerImpl (ServerState.java:close(387)) - 7404321f-209f-457d-9de5-d648d2bc600a@group-CC18AB24BB58: closes. applyIndex: 0
2019-10-01 03:07:35,659 [7404321f-209f-457d-9de5-d648d2bc600a@group-CC18AB24BB58-SegmentedRaftLogWorker] INFO  segmented.SegmentedRaftLogWorker (SegmentedRaftLogWorker.java:run(316)) - 7404321f-209f-457d-9de5-d648d2bc600a@group-CC18AB24BB58-SegmentedRaftLogWorker was interrupted, exiting. There are 0 tasks remaining in the queue.
2019-10-01 03:07:35,661 [main] INFO  segmented.SegmentedRaftLogWorker (SegmentedRaftLogWorker.java:close(224)) - 7404321f-209f-457d-9de5-d648d2bc600a@group-CC18AB24BB58-SegmentedRaftLogWorker close()
2019-10-01 03:07:35,661 [grpc-default-executor-5] INFO  server.GrpcLogAppender (GrpcLogAppender.java:onCompleted(293)) - 7404321f-209f-457d-9de5-d648d2bc600a@group-CC18AB24BB58->f56bbf36-021a-4531-8ada-dba823737717-AppendLogResponseHandler: follower responses appendEntries COMPLETED
2019-10-01 03:07:35,661 [grpc-default-executor-1] INFO  server.GrpcLogAppender (GrpcLogAppender.java:onCompleted(293)) - 7404321f-209f-457d-9de5-d648d2bc600a@group-CC18AB24BB58->aa50838b-9bca-41ae-9019-de087e69da85-AppendLogResponseHandler: follower responses appendEntries COMPLETED
2019-10-01 03:07:35,667 [main] INFO  impl.RaftServerImpl (RaftServerImpl.java:lambda$shutdown$3(247)) - 7404321f-209f-457d-9de5-d648d2bc600a@group-3D44A98526F1: shutdown
2019-10-01 03:07:35,668 [main] INFO  util.JmxRegister (JmxRegister.java:unregister(73)) - Successfully un-registered JMX Bean with object name Ratis:service=RaftServer,group=group-3D44A98526F1,id=7404321f-209f-457d-9de5-d648d2bc600a
2019-10-01 03:07:35,668 [main] INFO  impl.RoleInfo (RoleInfo.java:shutdownFollowerState(121)) - 7404321f-209f-457d-9de5-d648d2bc600a: shutdown FollowerState
2019-10-01 03:07:35,668 [grpc-default-executor-5] INFO  impl.FollowerInfo (FollowerInfo.java:lambda$new$0(51)) - 7404321f-209f-457d-9de5-d648d2bc600a@group-CC18AB24BB58->f56bbf36-021a-4531-8ada-dba823737717: nextIndex: updateUnconditionally 1 -> 0
2019-10-01 03:07:35,669 [Thread-2780] INFO  impl.FollowerState (FollowerState.java:run(117)) - 7404321f-209f-457d-9de5-d648d2bc600a@group-3D44A98526F1-FollowerState was interrupted: java.lang.InterruptedException: sleep interrupted
2019-10-01 03:07:35,669 [main] INFO  impl.StateMachineUpdater (StateMachineUpdater.java:stopAndJoin(136)) - 7404321f-209f-457d-9de5-d648d2bc600a@group-3D44A98526F1-StateMachineUpdater: set stopIndex = 0
2019-10-01 03:07:35,669 [grpc-default-executor-1] INFO  impl.FollowerInfo (FollowerInfo.java:lambda$new$0(51)) - 7404321f-209f-457d-9de5-d648d2bc600a@group-CC18AB24BB58->aa50838b-9bca-41ae-9019-de087e69da85: nextIndex: updateUnconditionally 1 -> 0
2019-10-01 03:07:35,669 [main] INFO  impl.RaftServerImpl (ServerState.java:close(387)) - 7404321f-209f-457d-9de5-d648d2bc600a@group-3D44A98526F1: closes. applyIndex: 0
2019-10-01 03:07:35,670 [7404321f-209f-457d-9de5-d648d2bc600a@group-3D44A98526F1-SegmentedRaftLogWorker] INFO  segmented.SegmentedRaftLogWorker (SegmentedRaftLogWorker.java:run(316)) - 7404321f-209f-457d-9de5-d648d2bc600a@group-3D44A98526F1-SegmentedRaftLogWorker was interrupted, exiting. There are 0 tasks remaining in the queue.
2019-10-01 03:07:35,672 [main] INFO  segmented.SegmentedRaftLogWorker (SegmentedRaftLogWorker.java:close(224)) - 7404321f-209f-457d-9de5-d648d2bc600a@group-3D44A98526F1-SegmentedRaftLogWorker close()
2019-10-01 03:07:35,673 [main] INFO  impl.RaftServerImpl (RaftServerImpl.java:lambda$shutdown$3(247)) - 7404321f-209f-457d-9de5-d648d2bc600a@group-2964750D5D22: shutdown
2019-10-01 03:07:35,674 [main] INFO  util.JmxRegister (JmxRegister.java:unregister(73)) - Successfully un-registered JMX Bean with object name Ratis:service=RaftServer,group=group-2964750D5D22,id=7404321f-209f-457d-9de5-d648d2bc600a
2019-10-01 03:07:35,674 [main] INFO  impl.RoleInfo (RoleInfo.java:shutdownFollowerState(121)) - 7404321f-209f-457d-9de5-d648d2bc600a: shutdown FollowerState
2019-10-01 03:07:35,675 [main] INFO  impl.StateMachineUpdater (StateMachineUpdater.java:stopAndJoin(136)) - 7404321f-209f-457d-9de5-d648d2bc600a@group-2964750D5D22-StateMachineUpdater: set stopIndex = 0
2019-10-01 03:07:35,675 [Thread-2788] INFO  impl.FollowerState (FollowerState.java:run(117)) - 7404321f-209f-457d-9de5-d648d2bc600a@group-2964750D5D22-FollowerState was interrupted: java.lang.InterruptedException: sleep interrupted
2019-10-01 03:07:35,675 [main] INFO  impl.RaftServerImpl (ServerState.java:close(387)) - 7404321f-209f-457d-9de5-d648d2bc600a@group-2964750D5D22: closes. applyIndex: 0
2019-10-01 03:07:35,676 [7404321f-209f-457d-9de5-d648d2bc600a@group-2964750D5D22-SegmentedRaftLogWorker] INFO  segmented.SegmentedRaftLogWorker (SegmentedRaftLogWorker.java:run(316)) - 7404321f-209f-457d-9de5-d648d2bc600a@group-2964750D5D22-SegmentedRaftLogWorker was interrupted, exiting. There are 0 tasks remaining in the queue.
2019-10-01 03:07:35,678 [main] INFO  segmented.SegmentedRaftLogWorker (SegmentedRaftLogWorker.java:close(224)) - 7404321f-209f-457d-9de5-d648d2bc600a@group-2964750D5D22-SegmentedRaftLogWorker close()
2019-10-01 03:07:35,680 [main] INFO  server.GrpcService (GrpcService.java:closeImpl(164)) - 7404321f-209f-457d-9de5-d648d2bc600a: shutdown server with port 46370 now
2019-10-01 03:07:35,681 [grpc-default-executor-5] WARN  server.GrpcServerProtocolService (LogUtils.java:warn(134)) - 7404321f-209f-457d-9de5-d648d2bc600a: installSnapshot onError, lastRequest: aa50838b-9bca-41ae-9019-de087e69da85->7404321f-209f-457d-9de5-d648d2bc600a#28-t2, previous=(t:2, i:0), leaderCommit=0, initializing? false, entries: <empty>: org.apache.ratis.thirdparty.io.grpc.StatusRuntimeException: CANCELLED: cancelled before receiving half close
2019-10-01 03:07:35,681 [grpc-default-executor-6] WARN  server.GrpcServerProtocolService (LogUtils.java:warn(134)) - 7404321f-209f-457d-9de5-d648d2bc600a: installSnapshot onError, lastRequest: aa50838b-9bca-41ae-9019-de087e69da85->7404321f-209f-457d-9de5-d648d2bc600a#28-t2, previous=(t:2, i:0), leaderCommit=0, initializing? false, entries: <empty>: org.apache.ratis.thirdparty.io.grpc.StatusRuntimeException: CANCELLED: cancelled before receiving half close
2019-10-01 03:07:35,682 [main] INFO  server.GrpcService (GrpcService.java:closeImpl(172)) - 7404321f-209f-457d-9de5-d648d2bc600a: shutdown server with port 46370 successfully
2019-10-01 03:07:35,682 [grpc-default-executor-3] WARN  server.GrpcLogAppender (LogUtils.java:warn(134)) - aa50838b-9bca-41ae-9019-de087e69da85@group-3D44A98526F1->7404321f-209f-457d-9de5-d648d2bc600a-AppendLogResponseHandler: Failed appendEntries: org.apache.ratis.thirdparty.io.grpc.StatusRuntimeException: CANCELLED: HTTP/2 error code: CANCEL
Received Rst Stream
2019-10-01 03:07:35,682 [ForkJoinPool.commonPool-worker-1] INFO  utils.BackgroundService (BackgroundService.java:shutdown(148)) - Shutting down service BlockDeletingService
2019-10-01 03:07:35,682 [grpc-default-executor-1] WARN  server.GrpcLogAppender (LogUtils.java:warn(134)) - aa50838b-9bca-41ae-9019-de087e69da85@group-2964750D5D22->7404321f-209f-457d-9de5-d648d2bc600a-AppendLogResponseHandler: Failed appendEntries: org.apache.ratis.thirdparty.io.grpc.StatusRuntimeException: CANCELLED: HTTP/2 error code: CANCEL
Received Rst Stream
2019-10-01 03:07:35,683 [grpc-default-executor-3] INFO  impl.FollowerInfo (FollowerInfo.java:lambda$new$0(51)) - aa50838b-9bca-41ae-9019-de087e69da85@group-3D44A98526F1->7404321f-209f-457d-9de5-d648d2bc600a: nextIndex: updateUnconditionally 1 -> 0
2019-10-01 03:07:35,683 [grpc-default-executor-1] INFO  impl.FollowerInfo (FollowerInfo.java:lambda$new$0(51)) - aa50838b-9bca-41ae-9019-de087e69da85@group-2964750D5D22->7404321f-209f-457d-9de5-d648d2bc600a: nextIndex: updateUnconditionally 1 -> 0
2019-10-01 03:07:35,686 [refreshUsed-/workdir/hadoop-ozone/integration-test/target/test-dir/MiniOzoneClusterImpl-6e28ac15-3a1e-4d59-8f42-f38d89fb0b8d/datanode-8/data/containers] WARN  fs.CachingGetSpaceUsed (CachingGetSpaceUsed.java:run(183)) - Thread Interrupted waiting to refresh disk information: sleep interrupted
2019-10-01 03:07:35,693 [ForkJoinPool.commonPool-worker-1] INFO  statemachine.DatanodeStateMachine (DatanodeStateMachine.java:stopDaemon(395)) - Ozone container server stopped.
2019-10-01 03:07:35,700 [ForkJoinPool.commonPool-worker-1] INFO  handler.ContextHandler (ContextHandler.java:doStop(910)) - Stopped o.e.j.w.WebAppContext@7aded903{/,null,UNAVAILABLE}{/hddsDatanode}
2019-10-01 03:07:35,702 [ForkJoinPool.commonPool-worker-1] INFO  server.AbstractConnector (AbstractConnector.java:doStop(318)) - Stopped ServerConnector@2db86a7c{HTTP/1.1,[http/1.1]}{0.0.0.0:0}
2019-10-01 03:07:35,702 [ForkJoinPool.commonPool-worker-1] INFO  handler.ContextHandler (ContextHandler.java:doStop(910)) - Stopped o.e.j.s.ServletContextHandler@9e02f84{/static,jar:file:/home/user/.m2/repository/org/apache/hadoop/hadoop-hdds-container-service/0.5.0-SNAPSHOT/hadoop-hdds-container-service-0.5.0-SNAPSHOT.jar!/webapps/static,UNAVAILABLE}
2019-10-01 03:07:35,703 [ForkJoinPool.commonPool-worker-1] INFO  handler.ContextHandler (ContextHandler.java:doStop(910)) - Stopped o.e.j.s.ServletContextHandler@1e40fbb3{/logs,file:///workdir/hadoop-ozone/integration-test/target/log,UNAVAILABLE}
2019-10-01 03:07:35,714 [main] INFO  utils.BackgroundService (BackgroundService.java:shutdown(148)) - Shutting down service BlockDeletingService
2019-10-01 03:07:35,720 [main] INFO  statemachine.DatanodeStateMachine (DatanodeStateMachine.java:stopDaemon(395)) - Ozone container server stopped.
2019-10-01 03:07:35,721 [main] INFO  handler.ContextHandler (ContextHandler.java:doStop(910)) - Stopped o.e.j.w.WebAppContext@4aaecabd{/,null,UNAVAILABLE}{/hddsDatanode}
2019-10-01 03:07:35,721 [main] INFO  server.AbstractConnector (AbstractConnector.java:doStop(318)) - Stopped ServerConnector@23bd0c81{HTTP/1.1,[http/1.1]}{0.0.0.0:0}
2019-10-01 03:07:35,722 [main] INFO  handler.ContextHandler (ContextHandler.java:doStop(910)) - Stopped o.e.j.s.ServletContextHandler@7a0ab480{/static,jar:file:/home/user/.m2/repository/org/apache/hadoop/hadoop-hdds-container-service/0.5.0-SNAPSHOT/hadoop-hdds-container-service-0.5.0-SNAPSHOT.jar!/webapps/static,UNAVAILABLE}
2019-10-01 03:07:35,722 [main] INFO  handler.ContextHandler (ContextHandler.java:doStop(910)) - Stopped o.e.j.s.ServletContextHandler@6d4a82{/logs,file:///workdir/hadoop-ozone/integration-test/target/log,UNAVAILABLE}
2019-10-01 03:07:36,003 [Datanode State Machine Thread - 0] INFO  statemachine.DatanodeStateMachine (DatanodeStateMachine.java:lambda$startDaemon$0(350)) - Ozone container server started.
2019-10-01 03:07:36,032 [grpc-default-executor-5] WARN  server.GrpcLogAppender (LogUtils.java:warn(134)) - aa50838b-9bca-41ae-9019-de087e69da85@group-3D44A98526F1->7404321f-209f-457d-9de5-d648d2bc600a-AppendLogResponseHandler: Failed appendEntries: org.apache.ratis.thirdparty.io.grpc.StatusRuntimeException: UNAVAILABLE: io exception
2019-10-01 03:07:36,032 [grpc-default-executor-7] WARN  server.GrpcLogAppender (LogUtils.java:warn(134)) - aa50838b-9bca-41ae-9019-de087e69da85@group-2964750D5D22->7404321f-209f-457d-9de5-d648d2bc600a-AppendLogResponseHandler: Failed appendEntries: org.apache.ratis.thirdparty.io.grpc.StatusRuntimeException: UNAVAILABLE: io exception
2019-10-01 03:07:36,033 [grpc-default-executor-5] INFO  impl.FollowerInfo (FollowerInfo.java:lambda$new$0(51)) - aa50838b-9bca-41ae-9019-de087e69da85@group-3D44A98526F1->7404321f-209f-457d-9de5-d648d2bc600a: nextIndex: updateUnconditionally 0 -> 0
2019-10-01 03:07:36,033 [grpc-default-executor-7] INFO  impl.FollowerInfo (FollowerInfo.java:lambda$new$0(51)) - aa50838b-9bca-41ae-9019-de087e69da85@group-2964750D5D22->7404321f-209f-457d-9de5-d648d2bc600a: nextIndex: updateUnconditionally 0 -> 0
2019-10-01 03:07:36,260 [Datanode State Machine Thread - 0] INFO  statemachine.DatanodeStateMachine (DatanodeStateMachine.java:lambda$startDaemon$0(350)) - Ozone container server started.
2019-10-01 03:07:36,533 [grpc-default-executor-5] WARN  server.GrpcLogAppender (LogUtils.java:warn(134)) - aa50838b-9bca-41ae-9019-de087e69da85@group-3D44A98526F1->7404321f-209f-457d-9de5-d648d2bc600a-AppendLogResponseHandler: Failed appendEntries: org.apache.ratis.thirdparty.io.grpc.StatusRuntimeException: UNAVAILABLE: io exception
2019-10-01 03:07:36,533 [grpc-default-executor-1] WARN  server.GrpcLogAppender (LogUtils.java:warn(134)) - aa50838b-9bca-41ae-9019-de087e69da85@group-2964750D5D22->7404321f-209f-457d-9de5-d648d2bc600a-AppendLogResponseHandler: Failed appendEntries: org.apache.ratis.thirdparty.io.grpc.StatusRuntimeException: UNAVAILABLE: io exception
2019-10-01 03:07:36,533 [grpc-default-executor-5] INFO  impl.FollowerInfo (FollowerInfo.java:lambda$new$0(51)) - aa50838b-9bca-41ae-9019-de087e69da85@group-3D44A98526F1->7404321f-209f-457d-9de5-d648d2bc600a: nextIndex: updateUnconditionally 0 -> 0
2019-10-01 03:07:36,533 [grpc-default-executor-1] INFO  impl.FollowerInfo (FollowerInfo.java:lambda$new$0(51)) - aa50838b-9bca-41ae-9019-de087e69da85@group-2964750D5D22->7404321f-209f-457d-9de5-d648d2bc600a: nextIndex: updateUnconditionally 0 -> 0
2019-10-01 03:07:37,033 [grpc-default-executor-5] WARN  server.GrpcLogAppender (LogUtils.java:warn(134)) - aa50838b-9bca-41ae-9019-de087e69da85@group-3D44A98526F1->7404321f-209f-457d-9de5-d648d2bc600a-AppendLogResponseHandler: Failed appendEntries: org.apache.ratis.thirdparty.io.grpc.StatusRuntimeException: UNAVAILABLE: io exception
2019-10-01 03:07:37,033 [grpc-default-executor-7] WARN  server.GrpcLogAppender (LogUtils.java:warn(134)) - aa50838b-9bca-41ae-9019-de087e69da85@group-2964750D5D22->7404321f-209f-457d-9de5-d648d2bc600a-AppendLogResponseHandler: Failed appendEntries: org.apache.ratis.thirdparty.io.grpc.StatusRuntimeException: UNAVAILABLE: io exception
2019-10-01 03:07:37,033 [grpc-default-executor-5] INFO  impl.FollowerInfo (FollowerInfo.java:lambda$new$0(51)) - aa50838b-9bca-41ae-9019-de087e69da85@group-3D44A98526F1->7404321f-209f-457d-9de5-d648d2bc600a: nextIndex: updateUnconditionally 0 -> 0
2019-10-01 03:07:37,033 [grpc-default-executor-7] INFO  impl.FollowerInfo (FollowerInfo.java:lambda$new$0(51)) - aa50838b-9bca-41ae-9019-de087e69da85@group-2964750D5D22->7404321f-209f-457d-9de5-d648d2bc600a: nextIndex: updateUnconditionally 0 -> 0
2019-10-01 03:07:37,298 [Thread-2764] INFO  impl.FollowerState (FollowerState.java:run(108)) - f56bbf36-021a-4531-8ada-dba823737717@group-CC18AB24BB58-FollowerState: change to CANDIDATE, lastRpcTime:1807ms, electionTimeout:1000ms
2019-10-01 03:07:37,299 [Thread-2764] INFO  impl.RoleInfo (RoleInfo.java:shutdownFollowerState(121)) - f56bbf36-021a-4531-8ada-dba823737717: shutdown FollowerState
2019-10-01 03:07:37,299 [Thread-2764] INFO  impl.RaftServerImpl (RaftServerImpl.java:setRole(170)) - f56bbf36-021a-4531-8ada-dba823737717@group-CC18AB24BB58: changes role from  FOLLOWER to CANDIDATE at term 1 for changeToCandidate
2019-10-01 03:07:37,299 [Thread-2764] INFO  impl.RoleInfo (RoleInfo.java:updateAndGet(143)) - f56bbf36-021a-4531-8ada-dba823737717: start LeaderElection
2019-10-01 03:07:37,300 [f56bbf36-021a-4531-8ada-dba823737717@group-CC18AB24BB58-LeaderElection112] INFO  impl.RaftServerImpl (ServerState.java:setLeader(255)) - f56bbf36-021a-4531-8ada-dba823737717@group-CC18AB24BB58: change Leader from 7404321f-209f-457d-9de5-d648d2bc600a to null at term 1 for initElection
2019-10-01 03:07:37,315 [f56bbf36-021a-4531-8ada-dba823737717@group-CC18AB24BB58-LeaderElection112] INFO  impl.LeaderElection (LeaderElection.java:askForVotes(178)) - f56bbf36-021a-4531-8ada-dba823737717@group-CC18AB24BB58-LeaderElection112: begin an election at term 2 for 0: [aa50838b-9bca-41ae-9019-de087e69da85:192.168.151.109:39705, f56bbf36-021a-4531-8ada-dba823737717:192.168.151.109:34767, 7404321f-209f-457d-9de5-d648d2bc600a:192.168.151.109:46370], old=null
2019-10-01 03:07:37,317 [f56bbf36-021a-4531-8ada-dba823737717@group-CC18AB24BB58-LeaderElection112] INFO  impl.LeaderElection (LogUtils.java:infoOrTrace(149)) - f56bbf36-021a-4531-8ada-dba823737717@group-CC18AB24BB58-LeaderElection112 got exception when requesting votes: {}
java.util.concurrent.ExecutionException: org.apache.ratis.thirdparty.io.grpc.StatusRuntimeException: UNAVAILABLE: io exception
	at java.util.concurrent.FutureTask.report(FutureTask.java:122)
	at java.util.concurrent.FutureTask.get(FutureTask.java:192)
	at org.apache.ratis.server.impl.LeaderElection.waitForResults(LeaderElection.java:259)
	at org.apache.ratis.server.impl.LeaderElection.askForVotes(LeaderElection.java:197)
	at org.apache.ratis.server.impl.LeaderElection.run(LeaderElection.java:133)
	at java.lang.Thread.run(Thread.java:748)
Caused by: org.apache.ratis.thirdparty.io.grpc.StatusRuntimeException: UNAVAILABLE: io exception
	at org.apache.ratis.thirdparty.io.grpc.stub.ClientCalls.toStatusRuntimeException(ClientCalls.java:233)
	at org.apache.ratis.thirdparty.io.grpc.stub.ClientCalls.getUnchecked(ClientCalls.java:214)
	at org.apache.ratis.thirdparty.io.grpc.stub.ClientCalls.blockingUnaryCall(ClientCalls.java:139)
	at org.apache.ratis.proto.grpc.RaftServerProtocolServiceGrpc$RaftServerProtocolServiceBlockingStub.requestVote(RaftServerProtocolServiceGrpc.java:265)
	at org.apache.ratis.grpc.server.GrpcServerProtocolClient.requestVote(GrpcServerProtocolClient.java:99)
	at org.apache.ratis.grpc.server.GrpcService.requestVote(GrpcService.java:204)
	at org.apache.ratis.server.impl.LeaderElection.lambda$submitRequests$1(LeaderElection.java:234)
	at java.util.concurrent.FutureTask.run(FutureTask.java:266)
	at java.util.concurrent.Executors$RunnableAdapter.call(Executors.java:511)
	at java.util.concurrent.FutureTask.run(FutureTask.java:266)
	at java.util.concurrent.ThreadPoolExecutor.runWorker(ThreadPoolExecutor.java:1149)
	at java.util.concurrent.ThreadPoolExecutor$Worker.run(ThreadPoolExecutor.java:624)
	... 1 more
Caused by: org.apache.ratis.thirdparty.io.netty.channel.AbstractChannel$AnnotatedConnectException: Connection refused: /192.168.151.109:46370
	at sun.nio.ch.SocketChannelImpl.checkConnect(Native Method)
	at sun.nio.ch.SocketChannelImpl.finishConnect(SocketChannelImpl.java:717)
	at org.apache.ratis.thirdparty.io.netty.channel.socket.nio.NioSocketChannel.doFinishConnect(NioSocketChannel.java:327)
	at org.apache.ratis.thirdparty.io.netty.channel.nio.AbstractNioChannel$AbstractNioUnsafe.finishConnect(AbstractNioChannel.java:340)
	at org.apache.ratis.thirdparty.io.netty.channel.nio.NioEventLoop.processSelectedKey(NioEventLoop.java:632)
	at org.apache.ratis.thirdparty.io.netty.channel.nio.NioEventLoop.processSelectedKeysOptimized(NioEventLoop.java:579)
	at org.apache.ratis.thirdparty.io.netty.channel.nio.NioEventLoop.processSelectedKeys(NioEventLoop.java:496)
	at org.apache.ratis.thirdparty.io.netty.channel.nio.NioEventLoop.run(NioEventLoop.java:458)
	at org.apache.ratis.thirdparty.io.netty.util.concurrent.SingleThreadEventExecutor$5.run(SingleThreadEventExecutor.java:897)
	at org.apache.ratis.thirdparty.io.netty.util.concurrent.FastThreadLocalRunnable.run(FastThreadLocalRunnable.java:30)
	... 1 more
Caused by: java.net.ConnectException: Connection refused
	... 11 more
2019-10-01 03:07:37,319 [grpc-default-executor-5] INFO  impl.RaftServerImpl (ServerState.java:setLeader(255)) - aa50838b-9bca-41ae-9019-de087e69da85@group-CC18AB24BB58: change Leader from 7404321f-209f-457d-9de5-d648d2bc600a to null at term 2 for updateCurrentTerm
2019-10-01 03:07:37,319 [grpc-default-executor-5] INFO  impl.RaftServerImpl (RaftServerImpl.java:setRole(170)) - aa50838b-9bca-41ae-9019-de087e69da85@group-CC18AB24BB58: changes role from  FOLLOWER to FOLLOWER at term 2 for recognizeCandidate:f56bbf36-021a-4531-8ada-dba823737717
2019-10-01 03:07:37,319 [grpc-default-executor-5] INFO  impl.RoleInfo (RoleInfo.java:shutdownFollowerState(121)) - aa50838b-9bca-41ae-9019-de087e69da85: shutdown FollowerState
2019-10-01 03:07:37,319 [grpc-default-executor-5] INFO  impl.RoleInfo (RoleInfo.java:updateAndGet(143)) - aa50838b-9bca-41ae-9019-de087e69da85: start FollowerState
2019-10-01 03:07:37,319 [Thread-2763] INFO  impl.FollowerState (FollowerState.java:run(117)) - aa50838b-9bca-41ae-9019-de087e69da85@group-CC18AB24BB58-FollowerState was interrupted: java.lang.InterruptedException: sleep interrupted
2019-10-01 03:07:37,334 [f56bbf36-021a-4531-8ada-dba823737717@group-CC18AB24BB58-LeaderElection112] INFO  impl.LeaderElection (LeaderElection.java:logAndReturn(56)) - f56bbf36-021a-4531-8ada-dba823737717@group-CC18AB24BB58-LeaderElection112: Election PASSED; received 1 response(s) [f56bbf36-021a-4531-8ada-dba823737717<-aa50838b-9bca-41ae-9019-de087e69da85#0:OK-t2] and 1 exception(s); f56bbf36-021a-4531-8ada-dba823737717@group-CC18AB24BB58:t2, leader=null, voted=f56bbf36-021a-4531-8ada-dba823737717, raftlog=f56bbf36-021a-4531-8ada-dba823737717@group-CC18AB24BB58-SegmentedRaftLog:OPENED:c0,f0,i0, conf=0: [aa50838b-9bca-41ae-9019-de087e69da85:192.168.151.109:39705, f56bbf36-021a-4531-8ada-dba823737717:192.168.151.109:34767, 7404321f-209f-457d-9de5-d648d2bc600a:192.168.151.109:46370], old=null
2019-10-01 03:07:37,334 [f56bbf36-021a-4531-8ada-dba823737717@group-CC18AB24BB58-LeaderElection112] INFO  impl.LeaderElection (LogUtils.java:infoOrTrace(149)) -   Exception 0: {}
java.util.concurrent.ExecutionException: org.apache.ratis.thirdparty.io.grpc.StatusRuntimeException: UNAVAILABLE: io exception
	at java.util.concurrent.FutureTask.report(FutureTask.java:122)
	at java.util.concurrent.FutureTask.get(FutureTask.java:192)
	at org.apache.ratis.server.impl.LeaderElection.waitForResults(LeaderElection.java:259)
	at org.apache.ratis.server.impl.LeaderElection.askForVotes(LeaderElection.java:197)
	at org.apache.ratis.server.impl.LeaderElection.run(LeaderElection.java:133)
	at java.lang.Thread.run(Thread.java:748)
Caused by: org.apache.ratis.thirdparty.io.grpc.StatusRuntimeException: UNAVAILABLE: io exception
	at org.apache.ratis.thirdparty.io.grpc.stub.ClientCalls.toStatusRuntimeException(ClientCalls.java:233)
	at org.apache.ratis.thirdparty.io.grpc.stub.ClientCalls.getUnchecked(ClientCalls.java:214)
	at org.apache.ratis.thirdparty.io.grpc.stub.ClientCalls.blockingUnaryCall(ClientCalls.java:139)
	at org.apache.ratis.proto.grpc.RaftServerProtocolServiceGrpc$RaftServerProtocolServiceBlockingStub.requestVote(RaftServerProtocolServiceGrpc.java:265)
	at org.apache.ratis.grpc.server.GrpcServerProtocolClient.requestVote(GrpcServerProtocolClient.java:99)
	at org.apache.ratis.grpc.server.GrpcService.requestVote(GrpcService.java:204)
	at org.apache.ratis.server.impl.LeaderElection.lambda$submitRequests$1(LeaderElection.java:234)
	at java.util.concurrent.FutureTask.run(FutureTask.java:266)
	at java.util.concurrent.Executors$RunnableAdapter.call(Executors.java:511)
	at java.util.concurrent.FutureTask.run(FutureTask.java:266)
	at java.util.concurrent.ThreadPoolExecutor.runWorker(ThreadPoolExecutor.java:1149)
	at java.util.concurrent.ThreadPoolExecutor$Worker.run(ThreadPoolExecutor.java:624)
	... 1 more
Caused by: org.apache.ratis.thirdparty.io.netty.channel.AbstractChannel$AnnotatedConnectException: Connection refused: /192.168.151.109:46370
	at sun.nio.ch.SocketChannelImpl.checkConnect(Native Method)
	at sun.nio.ch.SocketChannelImpl.finishConnect(SocketChannelImpl.java:717)
	at org.apache.ratis.thirdparty.io.netty.channel.socket.nio.NioSocketChannel.doFinishConnect(NioSocketChannel.java:327)
	at org.apache.ratis.thirdparty.io.netty.channel.nio.AbstractNioChannel$AbstractNioUnsafe.finishConnect(AbstractNioChannel.java:340)
	at org.apache.ratis.thirdparty.io.netty.channel.nio.NioEventLoop.processSelectedKey(NioEventLoop.java:632)
	at org.apache.ratis.thirdparty.io.netty.channel.nio.NioEventLoop.processSelectedKeysOptimized(NioEventLoop.java:579)
	at org.apache.ratis.thirdparty.io.netty.channel.nio.NioEventLoop.processSelectedKeys(NioEventLoop.java:496)
	at org.apache.ratis.thirdparty.io.netty.channel.nio.NioEventLoop.run(NioEventLoop.java:458)
	at org.apache.ratis.thirdparty.io.netty.util.concurrent.SingleThreadEventExecutor$5.run(SingleThreadEventExecutor.java:897)
	at org.apache.ratis.thirdparty.io.netty.util.concurrent.FastThreadLocalRunnable.run(FastThreadLocalRunnable.java:30)
	... 1 more
Caused by: java.net.ConnectException: Connection refused
	... 11 more
2019-10-01 03:07:37,335 [f56bbf36-021a-4531-8ada-dba823737717@group-CC18AB24BB58-LeaderElection112] INFO  impl.RoleInfo (RoleInfo.java:shutdownLeaderElection(134)) - f56bbf36-021a-4531-8ada-dba823737717: shutdown LeaderElection
2019-10-01 03:07:37,335 [f56bbf36-021a-4531-8ada-dba823737717@group-CC18AB24BB58-LeaderElection112] INFO  impl.RaftServerImpl (RaftServerImpl.java:setRole(170)) - f56bbf36-021a-4531-8ada-dba823737717@group-CC18AB24BB58: changes role from CANDIDATE to LEADER at term 2 for changeToLeader
2019-10-01 03:07:37,335 [f56bbf36-021a-4531-8ada-dba823737717@group-CC18AB24BB58-LeaderElection112] INFO  impl.RaftServerImpl (ServerState.java:setLeader(255)) - f56bbf36-021a-4531-8ada-dba823737717@group-CC18AB24BB58: change Leader from null to f56bbf36-021a-4531-8ada-dba823737717 at term 2 for becomeLeader, leader elected after 35ms
2019-10-01 03:07:37,335 [f56bbf36-021a-4531-8ada-dba823737717@group-CC18AB24BB58-LeaderElection112] INFO  server.RaftServerConfigKeys (ConfUtils.java:logGet(43)) - raft.server.staging.catchup.gap = 1000 (default)
2019-10-01 03:07:37,336 [f56bbf36-021a-4531-8ada-dba823737717@group-CC18AB24BB58-LeaderElection112] INFO  server.RaftServerConfigKeys (ConfUtils.java:logGet(43)) - raft.server.rpc.sleep.time = 25ms (default)
2019-10-01 03:07:37,336 [f56bbf36-021a-4531-8ada-dba823737717@group-CC18AB24BB58-LeaderElection112] INFO  server.RaftServerConfigKeys (ConfUtils.java:logGet(43)) - raft.server.write.element-limit = 4096 (default)
2019-10-01 03:07:37,336 [f56bbf36-021a-4531-8ada-dba823737717@group-CC18AB24BB58-LeaderElection112] INFO  server.RaftServerConfigKeys (ConfUtils.java:logGet(43)) - raft.server.watch.timeout = 10s (default)
2019-10-01 03:07:37,336 [f56bbf36-021a-4531-8ada-dba823737717@group-CC18AB24BB58-LeaderElection112] INFO  server.RaftServerConfigKeys (ConfUtils.java:logGet(43)) - raft.server.watch.timeout.denomination = 1s (default)
2019-10-01 03:07:37,336 [f56bbf36-021a-4531-8ada-dba823737717@group-CC18AB24BB58-LeaderElection112] INFO  server.RaftServerConfigKeys (ConfUtils.java:logGet(43)) - raft.server.watch.element-limit = 65536 (default)
2019-10-01 03:07:37,339 [f56bbf36-021a-4531-8ada-dba823737717@group-CC18AB24BB58-LeaderElection112] INFO  server.RaftServerConfigKeys (ConfUtils.java:logGet(43)) - raft.server.log.appender.snapshot.chunk.size.max = 16MB (=16777216) (default)
2019-10-01 03:07:37,339 [f56bbf36-021a-4531-8ada-dba823737717@group-CC18AB24BB58-LeaderElection112] INFO  server.RaftServerConfigKeys (ConfUtils.java:logGet(43)) - raft.server.log.appender.buffer.byte-limit = 33554432 (custom)
2019-10-01 03:07:37,339 [f56bbf36-021a-4531-8ada-dba823737717@group-CC18AB24BB58-LeaderElection112] INFO  server.RaftServerConfigKeys (ConfUtils.java:logGet(43)) - raft.server.log.appender.buffer.element-limit = 1 (custom)
2019-10-01 03:07:37,340 [f56bbf36-021a-4531-8ada-dba823737717@group-CC18AB24BB58-LeaderElection112] INFO  grpc.GrpcConfigKeys$Server (ConfUtils.java:logGet(43)) - raft.grpc.server.leader.outstanding.appends.max = 128 (default)
2019-10-01 03:07:37,340 [f56bbf36-021a-4531-8ada-dba823737717@group-CC18AB24BB58-LeaderElection112] INFO  server.RaftServerConfigKeys (ConfUtils.java:logGet(43)) - raft.server.rpc.request.timeout = 3000ms (default)
2019-10-01 03:07:37,340 [f56bbf36-021a-4531-8ada-dba823737717@group-CC18AB24BB58-LeaderElection112] INFO  server.RaftServerConfigKeys (ConfUtils.java:logGet(43)) - raft.server.log.appender.install.snapshot.enabled = false (custom)
2019-10-01 03:07:37,340 [f56bbf36-021a-4531-8ada-dba823737717@group-CC18AB24BB58-LeaderElection112] INFO  server.RaftServerConfigKeys (ConfUtils.java:logGet(43)) - raft.server.log.appender.snapshot.chunk.size.max = 16MB (=16777216) (default)
2019-10-01 03:07:37,340 [f56bbf36-021a-4531-8ada-dba823737717@group-CC18AB24BB58-LeaderElection112] INFO  server.RaftServerConfigKeys (ConfUtils.java:logGet(43)) - raft.server.log.appender.buffer.byte-limit = 33554432 (custom)
2019-10-01 03:07:37,341 [f56bbf36-021a-4531-8ada-dba823737717@group-CC18AB24BB58-LeaderElection112] INFO  server.RaftServerConfigKeys (ConfUtils.java:logGet(43)) - raft.server.log.appender.buffer.element-limit = 1 (custom)
2019-10-01 03:07:37,341 [f56bbf36-021a-4531-8ada-dba823737717@group-CC18AB24BB58-LeaderElection112] INFO  grpc.GrpcConfigKeys$Server (ConfUtils.java:logGet(43)) - raft.grpc.server.leader.outstanding.appends.max = 128 (default)
2019-10-01 03:07:37,341 [f56bbf36-021a-4531-8ada-dba823737717@group-CC18AB24BB58-LeaderElection112] INFO  server.RaftServerConfigKeys (ConfUtils.java:logGet(43)) - raft.server.rpc.request.timeout = 3000ms (default)
2019-10-01 03:07:37,341 [f56bbf36-021a-4531-8ada-dba823737717@group-CC18AB24BB58-LeaderElection112] INFO  server.RaftServerConfigKeys (ConfUtils.java:logGet(43)) - raft.server.log.appender.install.snapshot.enabled = false (custom)
2019-10-01 03:07:37,341 [f56bbf36-021a-4531-8ada-dba823737717@group-CC18AB24BB58-LeaderElection112] INFO  impl.RoleInfo (RoleInfo.java:updateAndGet(143)) - f56bbf36-021a-4531-8ada-dba823737717: start LeaderState
2019-10-01 03:07:37,342 [f56bbf36-021a-4531-8ada-dba823737717@group-CC18AB24BB58-LeaderElection112] INFO  segmented.SegmentedRaftLogWorker (SegmentedRaftLogWorker.java:rollLogSegment(390)) - f56bbf36-021a-4531-8ada-dba823737717@group-CC18AB24BB58-SegmentedRaftLogWorker: Rolling segment log-0_0 to index:0
2019-10-01 03:07:37,343 [f56bbf36-021a-4531-8ada-dba823737717@group-CC18AB24BB58-SegmentedRaftLogWorker] INFO  segmented.SegmentedRaftLogWorker (SegmentedRaftLogWorker.java:execute(531)) - f56bbf36-021a-4531-8ada-dba823737717@group-CC18AB24BB58-SegmentedRaftLogWorker: Rolled log segment from /workdir/hadoop-ozone/integration-test/target/test-dir/MiniOzoneClusterImpl-6e28ac15-3a1e-4d59-8f42-f38d89fb0b8d/datanode-9/data/ratis/34fd0b4a-1ade-4911-b10e-cc18ab24bb58/current/log_inprogress_0 to /workdir/hadoop-ozone/integration-test/target/test-dir/MiniOzoneClusterImpl-6e28ac15-3a1e-4d59-8f42-f38d89fb0b8d/datanode-9/data/ratis/34fd0b4a-1ade-4911-b10e-cc18ab24bb58/current/log_0-0
2019-10-01 03:07:37,344 [f56bbf36-021a-4531-8ada-dba823737717@group-CC18AB24BB58-LeaderElection112] INFO  impl.RaftServerImpl (ServerState.java:setRaftConf(356)) - f56bbf36-021a-4531-8ada-dba823737717@group-CC18AB24BB58: set configuration 1: [aa50838b-9bca-41ae-9019-de087e69da85:192.168.151.109:39705, f56bbf36-021a-4531-8ada-dba823737717:192.168.151.109:34767, 7404321f-209f-457d-9de5-d648d2bc600a:192.168.151.109:46370], old=null at 1
2019-10-01 03:07:37,344 [grpc-default-executor-5] INFO  impl.RaftServerImpl (ServerState.java:setLeader(255)) - aa50838b-9bca-41ae-9019-de087e69da85@group-CC18AB24BB58: change Leader from null to f56bbf36-021a-4531-8ada-dba823737717 at term 2 for appendEntries, leader elected after 25ms
2019-10-01 03:07:37,344 [grpc-default-executor-1] WARN  server.GrpcLogAppender (LogUtils.java:warn(134)) - f56bbf36-021a-4531-8ada-dba823737717@group-CC18AB24BB58->7404321f-209f-457d-9de5-d648d2bc600a-AppendLogResponseHandler: Failed appendEntries: org.apache.ratis.thirdparty.io.grpc.StatusRuntimeException: UNAVAILABLE: io exception
2019-10-01 03:07:37,345 [grpc-default-executor-1] INFO  impl.FollowerInfo (FollowerInfo.java:lambda$new$0(51)) - f56bbf36-021a-4531-8ada-dba823737717@group-CC18AB24BB58->7404321f-209f-457d-9de5-d648d2bc600a: nextIndex: updateUnconditionally 1 -> 0
2019-10-01 03:07:37,347 [grpc-default-executor-1] INFO  impl.RaftServerImpl (ServerState.java:setRaftConf(356)) - aa50838b-9bca-41ae-9019-de087e69da85@group-CC18AB24BB58: set configuration 1: [aa50838b-9bca-41ae-9019-de087e69da85:192.168.151.109:39705, f56bbf36-021a-4531-8ada-dba823737717:192.168.151.109:34767, 7404321f-209f-457d-9de5-d648d2bc600a:192.168.151.109:46370], old=null at 1
2019-10-01 03:07:37,347 [grpc-default-executor-1] INFO  segmented.SegmentedRaftLogWorker (SegmentedRaftLogWorker.java:rollLogSegment(390)) - aa50838b-9bca-41ae-9019-de087e69da85@group-CC18AB24BB58-SegmentedRaftLogWorker: Rolling segment log-0_0 to index:0
2019-10-01 03:07:37,348 [aa50838b-9bca-41ae-9019-de087e69da85@group-CC18AB24BB58-SegmentedRaftLogWorker] INFO  segmented.SegmentedRaftLogWorker (SegmentedRaftLogWorker.java:execute(531)) - aa50838b-9bca-41ae-9019-de087e69da85@group-CC18AB24BB58-SegmentedRaftLogWorker: Rolled log segment from /workdir/hadoop-ozone/integration-test/target/test-dir/MiniOzoneClusterImpl-6e28ac15-3a1e-4d59-8f42-f38d89fb0b8d/datanode-7/data/ratis/34fd0b4a-1ade-4911-b10e-cc18ab24bb58/current/log_inprogress_0 to /workdir/hadoop-ozone/integration-test/target/test-dir/MiniOzoneClusterImpl-6e28ac15-3a1e-4d59-8f42-f38d89fb0b8d/datanode-7/data/ratis/34fd0b4a-1ade-4911-b10e-cc18ab24bb58/current/log_0-0
2019-10-01 03:07:37,393 [aa50838b-9bca-41ae-9019-de087e69da85@group-CC18AB24BB58-SegmentedRaftLogWorker] INFO  segmented.SegmentedRaftLogWorker (SegmentedRaftLogWorker.java:execute(574)) - aa50838b-9bca-41ae-9019-de087e69da85@group-CC18AB24BB58-SegmentedRaftLogWorker: created new log segment /workdir/hadoop-ozone/integration-test/target/test-dir/MiniOzoneClusterImpl-6e28ac15-3a1e-4d59-8f42-f38d89fb0b8d/datanode-7/data/ratis/34fd0b4a-1ade-4911-b10e-cc18ab24bb58/current/log_inprogress_1
2019-10-01 03:07:37,393 [f56bbf36-021a-4531-8ada-dba823737717@group-CC18AB24BB58-SegmentedRaftLogWorker] INFO  segmented.SegmentedRaftLogWorker (SegmentedRaftLogWorker.java:execute(574)) - f56bbf36-021a-4531-8ada-dba823737717@group-CC18AB24BB58-SegmentedRaftLogWorker: created new log segment /workdir/hadoop-ozone/integration-test/target/test-dir/MiniOzoneClusterImpl-6e28ac15-3a1e-4d59-8f42-f38d89fb0b8d/datanode-9/data/ratis/34fd0b4a-1ade-4911-b10e-cc18ab24bb58/current/log_inprogress_1
2019-10-01 03:07:37,408 [grpc-default-executor-1] WARN  server.GrpcLogAppender (LogUtils.java:warn(134)) - f56bbf36-021a-4531-8ada-dba823737717@group-CC18AB24BB58->7404321f-209f-457d-9de5-d648d2bc600a-AppendLogResponseHandler: Failed appendEntries: org.apache.ratis.thirdparty.io.grpc.StatusRuntimeException: UNAVAILABLE: io exception
2019-10-01 03:07:37,408 [grpc-default-executor-1] INFO  impl.FollowerInfo (FollowerInfo.java:lambda$new$0(51)) - f56bbf36-021a-4531-8ada-dba823737717@group-CC18AB24BB58->7404321f-209f-457d-9de5-d648d2bc600a: nextIndex: updateUnconditionally 1 -> 0
2019-10-01 03:07:37,420 [grpc-default-executor-7] WARN  server.GrpcLogAppender (LogUtils.java:warn(134)) - f56bbf36-021a-4531-8ada-dba823737717@group-CC18AB24BB58->7404321f-209f-457d-9de5-d648d2bc600a-AppendLogResponseHandler: Failed appendEntries: org.apache.ratis.thirdparty.io.grpc.StatusRuntimeException: UNAVAILABLE: io exception
2019-10-01 03:07:37,420 [grpc-default-executor-7] INFO  impl.FollowerInfo (FollowerInfo.java:lambda$new$0(51)) - f56bbf36-021a-4531-8ada-dba823737717@group-CC18AB24BB58->7404321f-209f-457d-9de5-d648d2bc600a: nextIndex: updateUnconditionally 1 -> 0
2019-10-01 03:07:37,533 [grpc-default-executor-6] WARN  server.GrpcLogAppender (LogUtils.java:warn(134)) - aa50838b-9bca-41ae-9019-de087e69da85@group-3D44A98526F1->7404321f-209f-457d-9de5-d648d2bc600a-AppendLogResponseHandler: Failed appendEntries: org.apache.ratis.thirdparty.io.grpc.StatusRuntimeException: UNAVAILABLE: io exception
2019-10-01 03:07:37,533 [grpc-default-executor-1] WARN  server.GrpcLogAppender (LogUtils.java:warn(134)) - aa50838b-9bca-41ae-9019-de087e69da85@group-2964750D5D22->7404321f-209f-457d-9de5-d648d2bc600a-AppendLogResponseHandler: Failed appendEntries: org.apache.ratis.thirdparty.io.grpc.StatusRuntimeException: UNAVAILABLE: io exception
2019-10-01 03:07:37,533 [grpc-default-executor-6] INFO  impl.FollowerInfo (FollowerInfo.java:lambda$new$0(51)) - aa50838b-9bca-41ae-9019-de087e69da85@group-3D44A98526F1->7404321f-209f-457d-9de5-d648d2bc600a: nextIndex: updateUnconditionally 0 -> 0
2019-10-01 03:07:37,533 [grpc-default-executor-1] INFO  impl.FollowerInfo (FollowerInfo.java:lambda$new$0(51)) - aa50838b-9bca-41ae-9019-de087e69da85@group-2964750D5D22->7404321f-209f-457d-9de5-d648d2bc600a: nextIndex: updateUnconditionally 0 -> 0
2019-10-01 03:07:37,921 [grpc-default-executor-6] WARN  server.GrpcLogAppender (LogUtils.java:warn(134)) - f56bbf36-021a-4531-8ada-dba823737717@group-CC18AB24BB58->7404321f-209f-457d-9de5-d648d2bc600a-AppendLogResponseHandler: Failed appendEntries: org.apache.ratis.thirdparty.io.grpc.StatusRuntimeException: UNAVAILABLE: io exception
2019-10-01 03:07:37,921 [grpc-default-executor-6] INFO  impl.FollowerInfo (FollowerInfo.java:lambda$new$0(51)) - f56bbf36-021a-4531-8ada-dba823737717@group-CC18AB24BB58->7404321f-209f-457d-9de5-d648d2bc600a: nextIndex: updateUnconditionally 0 -> 0
2019-10-01 03:07:38,034 [grpc-default-executor-7] WARN  server.GrpcLogAppender (LogUtils.java:warn(134)) - aa50838b-9bca-41ae-9019-de087e69da85@group-3D44A98526F1->7404321f-209f-457d-9de5-d648d2bc600a-AppendLogResponseHandler: Failed appendEntries: org.apache.ratis.thirdparty.io.grpc.StatusRuntimeException: UNAVAILABLE: io exception
2019-10-01 03:07:38,034 [grpc-default-executor-3] WARN  server.GrpcLogAppender (LogUtils.java:warn(134)) - aa50838b-9bca-41ae-9019-de087e69da85@group-2964750D5D22->7404321f-209f-457d-9de5-d648d2bc600a-AppendLogResponseHandler: Failed appendEntries: org.apache.ratis.thirdparty.io.grpc.StatusRuntimeException: UNAVAILABLE: io exception
2019-10-01 03:07:38,034 [grpc-default-executor-7] INFO  impl.FollowerInfo (FollowerInfo.java:lambda$new$0(51)) - aa50838b-9bca-41ae-9019-de087e69da85@group-3D44A98526F1->7404321f-209f-457d-9de5-d648d2bc600a: nextIndex: updateUnconditionally 0 -> 0
2019-10-01 03:07:38,034 [grpc-default-executor-3] INFO  impl.FollowerInfo (FollowerInfo.java:lambda$new$0(51)) - aa50838b-9bca-41ae-9019-de087e69da85@group-2964750D5D22->7404321f-209f-457d-9de5-d648d2bc600a: nextIndex: updateUnconditionally 0 -> 0
2019-10-01 03:07:38,421 [grpc-default-executor-6] WARN  server.GrpcLogAppender (LogUtils.java:warn(134)) - f56bbf36-021a-4531-8ada-dba823737717@group-CC18AB24BB58->7404321f-209f-457d-9de5-d648d2bc600a-AppendLogResponseHandler: Failed appendEntries: org.apache.ratis.thirdparty.io.grpc.StatusRuntimeException: UNAVAILABLE: io exception
2019-10-01 03:07:38,422 [grpc-default-executor-6] INFO  impl.FollowerInfo (FollowerInfo.java:lambda$new$0(51)) - f56bbf36-021a-4531-8ada-dba823737717@group-CC18AB24BB58->7404321f-209f-457d-9de5-d648d2bc600a: nextIndex: updateUnconditionally 0 -> 0
2019-10-01 03:07:38,534 [grpc-default-executor-5] WARN  server.GrpcLogAppender (LogUtils.java:warn(134)) - aa50838b-9bca-41ae-9019-de087e69da85@group-2964750D5D22->7404321f-209f-457d-9de5-d648d2bc600a-AppendLogResponseHandler: Failed appendEntries: org.apache.ratis.thirdparty.io.grpc.StatusRuntimeException: UNAVAILABLE: io exception
2019-10-01 03:07:38,534 [grpc-default-executor-1] WARN  server.GrpcLogAppender (LogUtils.java:warn(134)) - aa50838b-9bca-41ae-9019-de087e69da85@group-3D44A98526F1->7404321f-209f-457d-9de5-d648d2bc600a-AppendLogResponseHandler: Failed appendEntries: org.apache.ratis.thirdparty.io.grpc.StatusRuntimeException: UNAVAILABLE: io exception
2019-10-01 03:07:38,534 [grpc-default-executor-5] INFO  impl.FollowerInfo (FollowerInfo.java:lambda$new$0(51)) - aa50838b-9bca-41ae-9019-de087e69da85@group-2964750D5D22->7404321f-209f-457d-9de5-d648d2bc600a: nextIndex: updateUnconditionally 0 -> 0
2019-10-01 03:07:38,534 [grpc-default-executor-1] INFO  impl.FollowerInfo (FollowerInfo.java:lambda$new$0(51)) - aa50838b-9bca-41ae-9019-de087e69da85@group-3D44A98526F1->7404321f-209f-457d-9de5-d648d2bc600a: nextIndex: updateUnconditionally 0 -> 0
2019-10-01 03:07:38,921 [grpc-default-executor-7] WARN  server.GrpcLogAppender (LogUtils.java:warn(134)) - f56bbf36-021a-4531-8ada-dba823737717@group-CC18AB24BB58->7404321f-209f-457d-9de5-d648d2bc600a-AppendLogResponseHandler: Failed appendEntries: org.apache.ratis.thirdparty.io.grpc.StatusRuntimeException: UNAVAILABLE: io exception
2019-10-01 03:07:38,922 [grpc-default-executor-7] INFO  impl.FollowerInfo (FollowerInfo.java:lambda$new$0(51)) - f56bbf36-021a-4531-8ada-dba823737717@group-CC18AB24BB58->7404321f-209f-457d-9de5-d648d2bc600a: nextIndex: updateUnconditionally 0 -> 0
2019-10-01 03:07:39,034 [grpc-default-executor-3] WARN  server.GrpcLogAppender (LogUtils.java:warn(134)) - aa50838b-9bca-41ae-9019-de087e69da85@group-2964750D5D22->7404321f-209f-457d-9de5-d648d2bc600a-AppendLogResponseHandler: Failed appendEntries: org.apache.ratis.thirdparty.io.grpc.StatusRuntimeException: UNAVAILABLE: io exception
2019-10-01 03:07:39,034 [grpc-default-executor-7] WARN  server.GrpcLogAppender (LogUtils.java:warn(134)) - aa50838b-9bca-41ae-9019-de087e69da85@group-3D44A98526F1->7404321f-209f-457d-9de5-d648d2bc600a-AppendLogResponseHandler: Failed appendEntries: org.apache.ratis.thirdparty.io.grpc.StatusRuntimeException: UNAVAILABLE: io exception
2019-10-01 03:07:39,035 [grpc-default-executor-3] INFO  impl.FollowerInfo (FollowerInfo.java:lambda$new$0(51)) - aa50838b-9bca-41ae-9019-de087e69da85@group-2964750D5D22->7404321f-209f-457d-9de5-d648d2bc600a: nextIndex: updateUnconditionally 0 -> 0
2019-10-01 03:07:39,035 [grpc-default-executor-7] INFO  impl.FollowerInfo (FollowerInfo.java:lambda$new$0(51)) - aa50838b-9bca-41ae-9019-de087e69da85@group-3D44A98526F1->7404321f-209f-457d-9de5-d648d2bc600a: nextIndex: updateUnconditionally 0 -> 0
2019-10-01 03:07:39,422 [grpc-default-executor-1] WARN  server.GrpcLogAppender (LogUtils.java:warn(134)) - f56bbf36-021a-4531-8ada-dba823737717@group-CC18AB24BB58->7404321f-209f-457d-9de5-d648d2bc600a-AppendLogResponseHandler: Failed appendEntries: org.apache.ratis.thirdparty.io.grpc.StatusRuntimeException: UNAVAILABLE: io exception
2019-10-01 03:07:39,423 [grpc-default-executor-1] INFO  impl.FollowerInfo (FollowerInfo.java:lambda$new$0(51)) - f56bbf36-021a-4531-8ada-dba823737717@group-CC18AB24BB58->7404321f-209f-457d-9de5-d648d2bc600a: nextIndex: updateUnconditionally 0 -> 0
2019-10-01 03:07:39,537 [grpc-default-executor-1] WARN  server.GrpcLogAppender (LogUtils.java:warn(134)) - aa50838b-9bca-41ae-9019-de087e69da85@group-2964750D5D22->7404321f-209f-457d-9de5-d648d2bc600a-AppendLogResponseHandler: Failed appendEntries: org.apache.ratis.thirdparty.io.grpc.StatusRuntimeException: UNAVAILABLE: io exception
2019-10-01 03:07:39,537 [grpc-default-executor-5] WARN  server.GrpcLogAppender (LogUtils.java:warn(134)) - aa50838b-9bca-41ae-9019-de087e69da85@group-3D44A98526F1->7404321f-209f-457d-9de5-d648d2bc600a-AppendLogResponseHandler: Failed appendEntries: org.apache.ratis.thirdparty.io.grpc.StatusRuntimeException: UNAVAILABLE: io exception
2019-10-01 03:07:39,537 [grpc-default-executor-1] INFO  impl.FollowerInfo (FollowerInfo.java:lambda$new$0(51)) - aa50838b-9bca-41ae-9019-de087e69da85@group-2964750D5D22->7404321f-209f-457d-9de5-d648d2bc600a: nextIndex: updateUnconditionally 0 -> 0
2019-10-01 03:07:39,537 [grpc-default-executor-5] INFO  impl.FollowerInfo (FollowerInfo.java:lambda$new$0(51)) - aa50838b-9bca-41ae-9019-de087e69da85@group-3D44A98526F1->7404321f-209f-457d-9de5-d648d2bc600a: nextIndex: updateUnconditionally 0 -> 0
2019-10-01 03:07:39,923 [grpc-default-executor-3] WARN  server.GrpcLogAppender (LogUtils.java:warn(134)) - f56bbf36-021a-4531-8ada-dba823737717@group-CC18AB24BB58->7404321f-209f-457d-9de5-d648d2bc600a-AppendLogResponseHandler: Failed appendEntries: org.apache.ratis.thirdparty.io.grpc.StatusRuntimeException: UNAVAILABLE: io exception
2019-10-01 03:07:39,924 [grpc-default-executor-3] INFO  impl.FollowerInfo (FollowerInfo.java:lambda$new$0(51)) - f56bbf36-021a-4531-8ada-dba823737717@group-CC18AB24BB58->7404321f-209f-457d-9de5-d648d2bc600a: nextIndex: updateUnconditionally 0 -> 0
2019-10-01 03:07:40,035 [grpc-default-executor-6] WARN  server.GrpcLogAppender (LogUtils.java:warn(134)) - aa50838b-9bca-41ae-9019-de087e69da85@group-3D44A98526F1->7404321f-209f-457d-9de5-d648d2bc600a-AppendLogResponseHandler: Failed appendEntries: org.apache.ratis.thirdparty.io.grpc.StatusRuntimeException: UNAVAILABLE: io exception
2019-10-01 03:07:40,035 [grpc-default-executor-7] WARN  server.GrpcLogAppender (LogUtils.java:warn(134)) - aa50838b-9bca-41ae-9019-de087e69da85@group-2964750D5D22->7404321f-209f-457d-9de5-d648d2bc600a-AppendLogResponseHandler: Failed appendEntries: org.apache.ratis.thirdparty.io.grpc.StatusRuntimeException: UNAVAILABLE: io exception
2019-10-01 03:07:40,036 [grpc-default-executor-6] INFO  impl.FollowerInfo (FollowerInfo.java:lambda$new$0(51)) - aa50838b-9bca-41ae-9019-de087e69da85@group-3D44A98526F1->7404321f-209f-457d-9de5-d648d2bc600a: nextIndex: updateUnconditionally 0 -> 0
2019-10-01 03:07:40,036 [grpc-default-executor-7] INFO  impl.FollowerInfo (FollowerInfo.java:lambda$new$0(51)) - aa50838b-9bca-41ae-9019-de087e69da85@group-2964750D5D22->7404321f-209f-457d-9de5-d648d2bc600a: nextIndex: updateUnconditionally 0 -> 0
2019-10-01 03:07:40,423 [grpc-default-executor-5] WARN  server.GrpcLogAppender (LogUtils.java:warn(134)) - f56bbf36-021a-4531-8ada-dba823737717@group-CC18AB24BB58->7404321f-209f-457d-9de5-d648d2bc600a-AppendLogResponseHandler: Failed appendEntries: org.apache.ratis.thirdparty.io.grpc.StatusRuntimeException: UNAVAILABLE: io exception
2019-10-01 03:07:40,424 [grpc-default-executor-5] INFO  impl.FollowerInfo (FollowerInfo.java:lambda$new$0(51)) - f56bbf36-021a-4531-8ada-dba823737717@group-CC18AB24BB58->7404321f-209f-457d-9de5-d648d2bc600a: nextIndex: updateUnconditionally 0 -> 0
2019-10-01 03:07:40,536 [grpc-default-executor-6] WARN  server.GrpcLogAppender (LogUtils.java:warn(134)) - aa50838b-9bca-41ae-9019-de087e69da85@group-2964750D5D22->7404321f-209f-457d-9de5-d648d2bc600a-AppendLogResponseHandler: Failed appendEntries: org.apache.ratis.thirdparty.io.grpc.StatusRuntimeException: UNAVAILABLE: io exception
2019-10-01 03:07:40,536 [grpc-default-executor-1] WARN  server.GrpcLogAppender (LogUtils.java:warn(134)) - aa50838b-9bca-41ae-9019-de087e69da85@group-3D44A98526F1->7404321f-209f-457d-9de5-d648d2bc600a-AppendLogResponseHandler: Failed appendEntries: org.apache.ratis.thirdparty.io.grpc.StatusRuntimeException: UNAVAILABLE: io exception
2019-10-01 03:07:40,536 [grpc-default-executor-6] INFO  impl.FollowerInfo (FollowerInfo.java:lambda$new$0(51)) - aa50838b-9bca-41ae-9019-de087e69da85@group-2964750D5D22->7404321f-209f-457d-9de5-d648d2bc600a: nextIndex: updateUnconditionally 0 -> 0
2019-10-01 03:07:40,536 [grpc-default-executor-1] INFO  impl.FollowerInfo (FollowerInfo.java:lambda$new$0(51)) - aa50838b-9bca-41ae-9019-de087e69da85@group-3D44A98526F1->7404321f-209f-457d-9de5-d648d2bc600a: nextIndex: updateUnconditionally 0 -> 0
2019-10-01 03:07:40,704 [ForkJoinPool.commonPool-worker-1] INFO  ozoneimpl.OzoneContainer (OzoneContainer.java:stop(231)) - Attempting to stop container services.
2019-10-01 03:07:40,705 [ForkJoinPool.commonPool-worker-1] INFO  impl.RaftServerProxy (RaftServerProxy.java:lambda$close$4(314)) - 9bc8a72b-4314-4431-b6ae-d0ce471f6d5e: close
2019-10-01 03:07:40,705 [ForkJoinPool.commonPool-worker-1] INFO  impl.RaftServerImpl (RaftServerImpl.java:lambda$shutdown$3(247)) - 9bc8a72b-4314-4431-b6ae-d0ce471f6d5e@group-D2E11834BA1D: shutdown
2019-10-01 03:07:40,706 [ForkJoinPool.commonPool-worker-1] INFO  util.JmxRegister (JmxRegister.java:unregister(73)) - Successfully un-registered JMX Bean with object name Ratis:service=RaftServer,group=group-D2E11834BA1D,id=9bc8a72b-4314-4431-b6ae-d0ce471f6d5e
2019-10-01 03:07:40,706 [ForkJoinPool.commonPool-worker-1] INFO  impl.RoleInfo (RoleInfo.java:shutdownLeaderState(104)) - 9bc8a72b-4314-4431-b6ae-d0ce471f6d5e: shutdown LeaderState
2019-10-01 03:07:40,706 [ForkJoinPool.commonPool-worker-1] INFO  impl.PendingRequests (PendingRequests.java:sendNotLeaderResponses(202)) - 9bc8a72b-4314-4431-b6ae-d0ce471f6d5e@group-D2E11834BA1D-PendingRequests: sendNotLeaderResponses
2019-10-01 03:07:40,707 [ForkJoinPool.commonPool-worker-1] INFO  impl.StateMachineUpdater (StateMachineUpdater.java:stopAndJoin(136)) - 9bc8a72b-4314-4431-b6ae-d0ce471f6d5e@group-D2E11834BA1D-StateMachineUpdater: set stopIndex = 0
2019-10-01 03:07:40,707 [ForkJoinPool.commonPool-worker-1] INFO  impl.RaftServerImpl (ServerState.java:close(387)) - 9bc8a72b-4314-4431-b6ae-d0ce471f6d5e@group-D2E11834BA1D: closes. applyIndex: 0
2019-10-01 03:07:40,708 [9bc8a72b-4314-4431-b6ae-d0ce471f6d5e@group-D2E11834BA1D-SegmentedRaftLogWorker] INFO  segmented.SegmentedRaftLogWorker (SegmentedRaftLogWorker.java:run(316)) - 9bc8a72b-4314-4431-b6ae-d0ce471f6d5e@group-D2E11834BA1D-SegmentedRaftLogWorker was interrupted, exiting. There are 0 tasks remaining in the queue.
2019-10-01 03:07:40,711 [ForkJoinPool.commonPool-worker-1] INFO  segmented.SegmentedRaftLogWorker (SegmentedRaftLogWorker.java:close(224)) - 9bc8a72b-4314-4431-b6ae-d0ce471f6d5e@group-D2E11834BA1D-SegmentedRaftLogWorker close()
2019-10-01 03:07:40,714 [ForkJoinPool.commonPool-worker-1] INFO  server.GrpcService (GrpcService.java:closeImpl(164)) - 9bc8a72b-4314-4431-b6ae-d0ce471f6d5e: shutdown server with port 39954 now
2019-10-01 03:07:40,716 [ForkJoinPool.commonPool-worker-1] INFO  server.GrpcService (GrpcService.java:closeImpl(172)) - 9bc8a72b-4314-4431-b6ae-d0ce471f6d5e: shutdown server with port 39954 successfully
2019-10-01 03:07:40,719 [refreshUsed-/workdir/hadoop-ozone/integration-test/target/test-dir/MiniOzoneClusterImpl-6e28ac15-3a1e-4d59-8f42-f38d89fb0b8d/datanode-0/data/containers] WARN  fs.CachingGetSpaceUsed (CachingGetSpaceUsed.java:run(183)) - Thread Interrupted waiting to refresh disk information: sleep interrupted
2019-10-01 03:07:40,724 [main] INFO  ozoneimpl.OzoneContainer (OzoneContainer.java:stop(231)) - Attempting to stop container services.
2019-10-01 03:07:40,724 [main] INFO  impl.RaftServerProxy (RaftServerProxy.java:lambda$close$4(314)) - f56bbf36-021a-4531-8ada-dba823737717: close
2019-10-01 03:07:40,725 [main] INFO  impl.RaftServerImpl (RaftServerImpl.java:lambda$shutdown$3(247)) - f56bbf36-021a-4531-8ada-dba823737717@group-024A971E79D6: shutdown
2019-10-01 03:07:40,725 [main] INFO  util.JmxRegister (JmxRegister.java:unregister(73)) - Successfully un-registered JMX Bean with object name Ratis:service=RaftServer,group=group-024A971E79D6,id=f56bbf36-021a-4531-8ada-dba823737717
2019-10-01 03:07:40,726 [main] INFO  impl.RoleInfo (RoleInfo.java:shutdownLeaderState(104)) - f56bbf36-021a-4531-8ada-dba823737717: shutdown LeaderState
2019-10-01 03:07:40,726 [main] INFO  impl.PendingRequests (PendingRequests.java:sendNotLeaderResponses(202)) - f56bbf36-021a-4531-8ada-dba823737717@group-024A971E79D6-PendingRequests: sendNotLeaderResponses
2019-10-01 03:07:40,727 [main] INFO  impl.StateMachineUpdater (StateMachineUpdater.java:stopAndJoin(136)) - f56bbf36-021a-4531-8ada-dba823737717@group-024A971E79D6-StateMachineUpdater: set stopIndex = 0
2019-10-01 03:07:40,727 [main] INFO  impl.RaftServerImpl (ServerState.java:close(387)) - f56bbf36-021a-4531-8ada-dba823737717@group-024A971E79D6: closes. applyIndex: 0
2019-10-01 03:07:40,728 [f56bbf36-021a-4531-8ada-dba823737717@group-024A971E79D6-SegmentedRaftLogWorker] INFO  segmented.SegmentedRaftLogWorker (SegmentedRaftLogWorker.java:run(316)) - f56bbf36-021a-4531-8ada-dba823737717@group-024A971E79D6-SegmentedRaftLogWorker was interrupted, exiting. There are 0 tasks remaining in the queue.
2019-10-01 03:07:40,730 [main] INFO  segmented.SegmentedRaftLogWorker (SegmentedRaftLogWorker.java:close(224)) - f56bbf36-021a-4531-8ada-dba823737717@group-024A971E79D6-SegmentedRaftLogWorker close()
2019-10-01 03:07:40,732 [main] INFO  impl.RaftServerImpl (RaftServerImpl.java:lambda$shutdown$3(247)) - f56bbf36-021a-4531-8ada-dba823737717@group-CC18AB24BB58: shutdown
2019-10-01 03:07:40,733 [main] INFO  util.JmxRegister (JmxRegister.java:unregister(73)) - Successfully un-registered JMX Bean with object name Ratis:service=RaftServer,group=group-CC18AB24BB58,id=f56bbf36-021a-4531-8ada-dba823737717
2019-10-01 03:07:40,733 [main] INFO  impl.RoleInfo (RoleInfo.java:shutdownLeaderState(104)) - f56bbf36-021a-4531-8ada-dba823737717: shutdown LeaderState
2019-10-01 03:07:40,737 [main] INFO  impl.PendingRequests (PendingRequests.java:sendNotLeaderResponses(202)) - f56bbf36-021a-4531-8ada-dba823737717@group-CC18AB24BB58-PendingRequests: sendNotLeaderResponses
2019-10-01 03:07:40,737 [org.apache.ratis.server.impl.LogAppender$AppenderDaemon$$Lambda$489/1153833993@612a0c06] WARN  server.GrpcLogAppender (GrpcLogAppender.java:mayWait(143)) - f56bbf36-021a-4531-8ada-dba823737717@group-CC18AB24BB58->aa50838b-9bca-41ae-9019-de087e69da85-GrpcLogAppender: Wait interrupted by java.lang.InterruptedException
2019-10-01 03:07:40,737 [org.apache.ratis.server.impl.LogAppender$AppenderDaemon$$Lambda$489/1153833993@60a2ae70] WARN  server.GrpcLogAppender (GrpcLogAppender.java:mayWait(143)) - f56bbf36-021a-4531-8ada-dba823737717@group-CC18AB24BB58->7404321f-209f-457d-9de5-d648d2bc600a-GrpcLogAppender: Wait interrupted by java.lang.InterruptedException
2019-10-01 03:07:40,742 [main] INFO  impl.StateMachineUpdater (StateMachineUpdater.java:stopAndJoin(136)) - f56bbf36-021a-4531-8ada-dba823737717@group-CC18AB24BB58-StateMachineUpdater: set stopIndex = 2
2019-10-01 03:07:40,742 [main] INFO  impl.RaftServerImpl (ServerState.java:close(387)) - f56bbf36-021a-4531-8ada-dba823737717@group-CC18AB24BB58: closes. applyIndex: 2
2019-10-01 03:07:40,742 [grpc-default-executor-6] INFO  server.GrpcServerProtocolService (GrpcServerProtocolService.java:onCompleted(113)) - aa50838b-9bca-41ae-9019-de087e69da85: Completed APPEND_ENTRIES, lastRequest: f56bbf36-021a-4531-8ada-dba823737717->aa50838b-9bca-41ae-9019-de087e69da85#8-t2, previous=(t:2, i:2), leaderCommit=2, initializing? false, entries: <empty>
2019-10-01 03:07:40,743 [f56bbf36-021a-4531-8ada-dba823737717@group-CC18AB24BB58-SegmentedRaftLogWorker] INFO  segmented.SegmentedRaftLogWorker (SegmentedRaftLogWorker.java:run(316)) - f56bbf36-021a-4531-8ada-dba823737717@group-CC18AB24BB58-SegmentedRaftLogWorker was interrupted, exiting. There are 0 tasks remaining in the queue.
2019-10-01 03:07:40,745 [main] INFO  segmented.SegmentedRaftLogWorker (SegmentedRaftLogWorker.java:close(224)) - f56bbf36-021a-4531-8ada-dba823737717@group-CC18AB24BB58-SegmentedRaftLogWorker close()
2019-10-01 03:07:40,745 [grpc-default-executor-6] INFO  server.GrpcLogAppender (GrpcLogAppender.java:onCompleted(293)) - f56bbf36-021a-4531-8ada-dba823737717@group-CC18AB24BB58->aa50838b-9bca-41ae-9019-de087e69da85-AppendLogResponseHandler: follower responses appendEntries COMPLETED
2019-10-01 03:07:40,747 [main] INFO  impl.RaftServerImpl (RaftServerImpl.java:lambda$shutdown$3(247)) - f56bbf36-021a-4531-8ada-dba823737717@group-3D44A98526F1: shutdown
2019-10-01 03:07:40,748 [grpc-default-executor-6] INFO  impl.FollowerInfo (FollowerInfo.java:lambda$new$0(51)) - f56bbf36-021a-4531-8ada-dba823737717@group-CC18AB24BB58->aa50838b-9bca-41ae-9019-de087e69da85: nextIndex: updateUnconditionally 3 -> 2
2019-10-01 03:07:40,748 [main] INFO  util.JmxRegister (JmxRegister.java:unregister(73)) - Successfully un-registered JMX Bean with object name Ratis:service=RaftServer,group=group-3D44A98526F1,id=f56bbf36-021a-4531-8ada-dba823737717
2019-10-01 03:07:40,748 [main] INFO  impl.RoleInfo (RoleInfo.java:shutdownFollowerState(121)) - f56bbf36-021a-4531-8ada-dba823737717: shutdown FollowerState
2019-10-01 03:07:40,749 [main] INFO  impl.StateMachineUpdater (StateMachineUpdater.java:stopAndJoin(136)) - f56bbf36-021a-4531-8ada-dba823737717@group-3D44A98526F1-StateMachineUpdater: set stopIndex = 0
2019-10-01 03:07:40,749 [Thread-2781] INFO  impl.FollowerState (FollowerState.java:run(117)) - f56bbf36-021a-4531-8ada-dba823737717@group-3D44A98526F1-FollowerState was interrupted: java.lang.InterruptedException: sleep interrupted
2019-10-01 03:07:40,749 [main] INFO  impl.RaftServerImpl (ServerState.java:close(387)) - f56bbf36-021a-4531-8ada-dba823737717@group-3D44A98526F1: closes. applyIndex: 0
2019-10-01 03:07:40,750 [f56bbf36-021a-4531-8ada-dba823737717@group-3D44A98526F1-SegmentedRaftLogWorker] INFO  segmented.SegmentedRaftLogWorker (SegmentedRaftLogWorker.java:run(316)) - f56bbf36-021a-4531-8ada-dba823737717@group-3D44A98526F1-SegmentedRaftLogWorker was interrupted, exiting. There are 0 tasks remaining in the queue.
2019-10-01 03:07:40,752 [main] INFO  segmented.SegmentedRaftLogWorker (SegmentedRaftLogWorker.java:close(224)) - f56bbf36-021a-4531-8ada-dba823737717@group-3D44A98526F1-SegmentedRaftLogWorker close()
2019-10-01 03:07:40,754 [main] INFO  impl.RaftServerImpl (RaftServerImpl.java:lambda$shutdown$3(247)) - f56bbf36-021a-4531-8ada-dba823737717@group-2964750D5D22: shutdown
2019-10-01 03:07:40,755 [main] INFO  util.JmxRegister (JmxRegister.java:unregister(73)) - Successfully un-registered JMX Bean with object name Ratis:service=RaftServer,group=group-2964750D5D22,id=f56bbf36-021a-4531-8ada-dba823737717
2019-10-01 03:07:40,755 [main] INFO  impl.RoleInfo (RoleInfo.java:shutdownFollowerState(121)) - f56bbf36-021a-4531-8ada-dba823737717: shutdown FollowerState
2019-10-01 03:07:40,756 [main] INFO  impl.StateMachineUpdater (StateMachineUpdater.java:stopAndJoin(136)) - f56bbf36-021a-4531-8ada-dba823737717@group-2964750D5D22-StateMachineUpdater: set stopIndex = 0
2019-10-01 03:07:40,756 [Thread-2787] INFO  impl.FollowerState (FollowerState.java:run(117)) - f56bbf36-021a-4531-8ada-dba823737717@group-2964750D5D22-FollowerState was interrupted: java.lang.InterruptedException: sleep interrupted
2019-10-01 03:07:40,756 [main] INFO  impl.RaftServerImpl (ServerState.java:close(387)) - f56bbf36-021a-4531-8ada-dba823737717@group-2964750D5D22: closes. applyIndex: 0
2019-10-01 03:07:40,757 [f56bbf36-021a-4531-8ada-dba823737717@group-2964750D5D22-SegmentedRaftLogWorker] INFO  segmented.SegmentedRaftLogWorker (SegmentedRaftLogWorker.java:run(316)) - f56bbf36-021a-4531-8ada-dba823737717@group-2964750D5D22-SegmentedRaftLogWorker was interrupted, exiting. There are 0 tasks remaining in the queue.
2019-10-01 03:07:40,759 [ForkJoinPool.commonPool-worker-1] INFO  utils.BackgroundService (BackgroundService.java:shutdown(148)) - Shutting down service BlockDeletingService
2019-10-01 03:07:40,759 [main] INFO  segmented.SegmentedRaftLogWorker (SegmentedRaftLogWorker.java:close(224)) - f56bbf36-021a-4531-8ada-dba823737717@group-2964750D5D22-SegmentedRaftLogWorker close()
2019-10-01 03:07:40,765 [main] INFO  server.GrpcService (GrpcService.java:closeImpl(164)) - f56bbf36-021a-4531-8ada-dba823737717: shutdown server with port 34767 now
2019-10-01 03:07:40,767 [ForkJoinPool.commonPool-worker-1] INFO  statemachine.DatanodeStateMachine (DatanodeStateMachine.java:stopDaemon(395)) - Ozone container server stopped.
2019-10-01 03:07:40,770 [grpc-default-executor-1] WARN  server.GrpcServerProtocolService (LogUtils.java:warn(134)) - f56bbf36-021a-4531-8ada-dba823737717: installSnapshot onError, lastRequest: aa50838b-9bca-41ae-9019-de087e69da85->f56bbf36-021a-4531-8ada-dba823737717#38-t2, previous=(t:2, i:0), leaderCommit=0, initializing? false, entries: <empty>: org.apache.ratis.thirdparty.io.grpc.StatusRuntimeException: CANCELLED: cancelled before receiving half close
2019-10-01 03:07:40,770 [main] INFO  server.GrpcService (GrpcService.java:closeImpl(172)) - f56bbf36-021a-4531-8ada-dba823737717: shutdown server with port 34767 successfully
2019-10-01 03:07:40,770 [grpc-default-executor-5] WARN  server.GrpcServerProtocolService (LogUtils.java:warn(134)) - f56bbf36-021a-4531-8ada-dba823737717: installSnapshot onError, lastRequest: aa50838b-9bca-41ae-9019-de087e69da85->f56bbf36-021a-4531-8ada-dba823737717#38-t2, previous=(t:2, i:0), leaderCommit=0, initializing? false, entries: <empty>: org.apache.ratis.thirdparty.io.grpc.StatusRuntimeException: CANCELLED: cancelled before receiving half close
2019-10-01 03:07:40,773 [ForkJoinPool.commonPool-worker-1] INFO  handler.ContextHandler (ContextHandler.java:doStop(910)) - Stopped o.e.j.w.WebAppContext@8fcc534{/,null,UNAVAILABLE}{/hddsDatanode}
2019-10-01 03:07:40,770 [grpc-default-executor-6] WARN  server.GrpcLogAppender (LogUtils.java:warn(134)) - aa50838b-9bca-41ae-9019-de087e69da85@group-2964750D5D22->f56bbf36-021a-4531-8ada-dba823737717-AppendLogResponseHandler: Failed appendEntries: org.apache.ratis.thirdparty.io.grpc.StatusRuntimeException: CANCELLED: HTTP/2 error code: CANCEL
Received Rst Stream
2019-10-01 03:07:40,770 [grpc-default-executor-7] WARN  server.GrpcLogAppender (LogUtils.java:warn(134)) - aa50838b-9bca-41ae-9019-de087e69da85@group-3D44A98526F1->f56bbf36-021a-4531-8ada-dba823737717-AppendLogResponseHandler: Failed appendEntries: org.apache.ratis.thirdparty.io.grpc.StatusRuntimeException: CANCELLED: HTTP/2 error code: CANCEL
Received Rst Stream
2019-10-01 03:07:40,774 [grpc-default-executor-6] INFO  impl.FollowerInfo (FollowerInfo.java:lambda$new$0(51)) - aa50838b-9bca-41ae-9019-de087e69da85@group-2964750D5D22->f56bbf36-021a-4531-8ada-dba823737717: nextIndex: updateUnconditionally 1 -> 0
2019-10-01 03:07:40,774 [ForkJoinPool.commonPool-worker-1] INFO  server.AbstractConnector (AbstractConnector.java:doStop(318)) - Stopped ServerConnector@5e599100{HTTP/1.1,[http/1.1]}{0.0.0.0:0}
2019-10-01 03:07:40,774 [grpc-default-executor-7] INFO  impl.FollowerInfo (FollowerInfo.java:lambda$new$0(51)) - aa50838b-9bca-41ae-9019-de087e69da85@group-3D44A98526F1->f56bbf36-021a-4531-8ada-dba823737717: nextIndex: updateUnconditionally 1 -> 0
2019-10-01 03:07:40,775 [ForkJoinPool.commonPool-worker-1] INFO  handler.ContextHandler (ContextHandler.java:doStop(910)) - Stopped o.e.j.s.ServletContextHandler@11df2829{/static,jar:file:/home/user/.m2/repository/org/apache/hadoop/hadoop-hdds-container-service/0.5.0-SNAPSHOT/hadoop-hdds-container-service-0.5.0-SNAPSHOT.jar!/webapps/static,UNAVAILABLE}
2019-10-01 03:07:40,776 [refreshUsed-/workdir/hadoop-ozone/integration-test/target/test-dir/MiniOzoneClusterImpl-6e28ac15-3a1e-4d59-8f42-f38d89fb0b8d/datanode-9/data/containers] WARN  fs.CachingGetSpaceUsed (CachingGetSpaceUsed.java:run(183)) - Thread Interrupted waiting to refresh disk information: sleep interrupted
2019-10-01 03:07:40,776 [ForkJoinPool.commonPool-worker-1] INFO  handler.ContextHandler (ContextHandler.java:doStop(910)) - Stopped o.e.j.s.ServletContextHandler@35145874{/logs,file:///workdir/hadoop-ozone/integration-test/target/log,UNAVAILABLE}
2019-10-01 03:07:40,791 [main] INFO  utils.BackgroundService (BackgroundService.java:shutdown(148)) - Shutting down service BlockDeletingService
2019-10-01 03:07:40,796 [main] INFO  statemachine.DatanodeStateMachine (DatanodeStateMachine.java:stopDaemon(395)) - Ozone container server stopped.
2019-10-01 03:07:40,797 [main] INFO  handler.ContextHandler (ContextHandler.java:doStop(910)) - Stopped o.e.j.w.WebAppContext@3bbf1c0d{/,null,UNAVAILABLE}{/hddsDatanode}
2019-10-01 03:07:40,798 [main] INFO  server.AbstractConnector (AbstractConnector.java:doStop(318)) - Stopped ServerConnector@19662208{HTTP/1.1,[http/1.1]}{0.0.0.0:0}
2019-10-01 03:07:40,798 [main] INFO  handler.ContextHandler (ContextHandler.java:doStop(910)) - Stopped o.e.j.s.ServletContextHandler@6b4a4e40{/static,jar:file:/home/user/.m2/repository/org/apache/hadoop/hadoop-hdds-container-service/0.5.0-SNAPSHOT/hadoop-hdds-container-service-0.5.0-SNAPSHOT.jar!/webapps/static,UNAVAILABLE}
2019-10-01 03:07:40,799 [main] INFO  handler.ContextHandler (ContextHandler.java:doStop(910)) - Stopped o.e.j.s.ServletContextHandler@21b51e59{/logs,file:///workdir/hadoop-ozone/integration-test/target/log,UNAVAILABLE}
2019-10-01 03:07:40,831 [Datanode State Machine Thread - 0] INFO  statemachine.DatanodeStateMachine (DatanodeStateMachine.java:lambda$startDaemon$0(350)) - Ozone container server started.
2019-10-01 03:07:41,036 [grpc-default-executor-7] WARN  server.GrpcLogAppender (LogUtils.java:warn(134)) - aa50838b-9bca-41ae-9019-de087e69da85@group-3D44A98526F1->7404321f-209f-457d-9de5-d648d2bc600a-AppendLogResponseHandler: Failed appendEntries: org.apache.ratis.thirdparty.io.grpc.StatusRuntimeException: UNAVAILABLE: io exception
2019-10-01 03:07:41,036 [grpc-default-executor-6] WARN  server.GrpcLogAppender (LogUtils.java:warn(134)) - aa50838b-9bca-41ae-9019-de087e69da85@group-2964750D5D22->7404321f-209f-457d-9de5-d648d2bc600a-AppendLogResponseHandler: Failed appendEntries: org.apache.ratis.thirdparty.io.grpc.StatusRuntimeException: UNAVAILABLE: io exception
2019-10-01 03:07:41,037 [grpc-default-executor-7] INFO  impl.FollowerInfo (FollowerInfo.java:lambda$new$0(51)) - aa50838b-9bca-41ae-9019-de087e69da85@group-3D44A98526F1->7404321f-209f-457d-9de5-d648d2bc600a: nextIndex: updateUnconditionally 0 -> 0
2019-10-01 03:07:41,037 [grpc-default-executor-6] INFO  impl.FollowerInfo (FollowerInfo.java:lambda$new$0(51)) - aa50838b-9bca-41ae-9019-de087e69da85@group-2964750D5D22->7404321f-209f-457d-9de5-d648d2bc600a: nextIndex: updateUnconditionally 0 -> 0
2019-10-01 03:07:41,048 [grpc-default-executor-7] WARN  server.GrpcLogAppender (LogUtils.java:warn(134)) - aa50838b-9bca-41ae-9019-de087e69da85@group-3D44A98526F1->f56bbf36-021a-4531-8ada-dba823737717-AppendLogResponseHandler: Failed appendEntries: org.apache.ratis.thirdparty.io.grpc.StatusRuntimeException: UNAVAILABLE: io exception
2019-10-01 03:07:41,048 [grpc-default-executor-5] WARN  server.GrpcLogAppender (LogUtils.java:warn(134)) - aa50838b-9bca-41ae-9019-de087e69da85@group-2964750D5D22->f56bbf36-021a-4531-8ada-dba823737717-AppendLogResponseHandler: Failed appendEntries: org.apache.ratis.thirdparty.io.grpc.StatusRuntimeException: UNAVAILABLE: io exception
2019-10-01 03:07:41,049 [grpc-default-executor-7] INFO  impl.FollowerInfo (FollowerInfo.java:lambda$new$0(51)) - aa50838b-9bca-41ae-9019-de087e69da85@group-3D44A98526F1->f56bbf36-021a-4531-8ada-dba823737717: nextIndex: updateUnconditionally 0 -> 0
2019-10-01 03:07:41,049 [grpc-default-executor-5] INFO  impl.FollowerInfo (FollowerInfo.java:lambda$new$0(51)) - aa50838b-9bca-41ae-9019-de087e69da85@group-2964750D5D22->f56bbf36-021a-4531-8ada-dba823737717: nextIndex: updateUnconditionally 0 -> 0
2019-10-01 03:07:41,365 [Datanode State Machine Thread - 0] INFO  statemachine.DatanodeStateMachine (DatanodeStateMachine.java:lambda$startDaemon$0(350)) - Ozone container server started.
2019-10-01 03:07:41,537 [grpc-default-executor-5] WARN  server.GrpcLogAppender (LogUtils.java:warn(134)) - aa50838b-9bca-41ae-9019-de087e69da85@group-3D44A98526F1->7404321f-209f-457d-9de5-d648d2bc600a-AppendLogResponseHandler: Failed appendEntries: org.apache.ratis.thirdparty.io.grpc.StatusRuntimeException: UNAVAILABLE: io exception
2019-10-01 03:07:41,537 [grpc-default-executor-1] WARN  server.GrpcLogAppender (LogUtils.java:warn(134)) - aa50838b-9bca-41ae-9019-de087e69da85@group-2964750D5D22->7404321f-209f-457d-9de5-d648d2bc600a-AppendLogResponseHandler: Failed appendEntries: org.apache.ratis.thirdparty.io.grpc.StatusRuntimeException: UNAVAILABLE: io exception
2019-10-01 03:07:41,537 [grpc-default-executor-5] INFO  impl.FollowerInfo (FollowerInfo.java:lambda$new$0(51)) - aa50838b-9bca-41ae-9019-de087e69da85@group-3D44A98526F1->7404321f-209f-457d-9de5-d648d2bc600a: nextIndex: updateUnconditionally 0 -> 0
2019-10-01 03:07:41,537 [grpc-default-executor-1] INFO  impl.FollowerInfo (FollowerInfo.java:lambda$new$0(51)) - aa50838b-9bca-41ae-9019-de087e69da85@group-2964750D5D22->7404321f-209f-457d-9de5-d648d2bc600a: nextIndex: updateUnconditionally 0 -> 0
2019-10-01 03:07:41,549 [grpc-default-executor-7] WARN  server.GrpcLogAppender (LogUtils.java:warn(134)) - aa50838b-9bca-41ae-9019-de087e69da85@group-2964750D5D22->f56bbf36-021a-4531-8ada-dba823737717-AppendLogResponseHandler: Failed appendEntries: org.apache.ratis.thirdparty.io.grpc.StatusRuntimeException: UNAVAILABLE: io exception
2019-10-01 03:07:41,549 [grpc-default-executor-3] WARN  server.GrpcLogAppender (LogUtils.java:warn(134)) - aa50838b-9bca-41ae-9019-de087e69da85@group-3D44A98526F1->f56bbf36-021a-4531-8ada-dba823737717-AppendLogResponseHandler: Failed appendEntries: org.apache.ratis.thirdparty.io.grpc.StatusRuntimeException: UNAVAILABLE: io exception
2019-10-01 03:07:41,549 [grpc-default-executor-7] INFO  impl.FollowerInfo (FollowerInfo.java:lambda$new$0(51)) - aa50838b-9bca-41ae-9019-de087e69da85@group-2964750D5D22->f56bbf36-021a-4531-8ada-dba823737717: nextIndex: updateUnconditionally 0 -> 0
2019-10-01 03:07:41,549 [grpc-default-executor-3] INFO  impl.FollowerInfo (FollowerInfo.java:lambda$new$0(51)) - aa50838b-9bca-41ae-9019-de087e69da85@group-3D44A98526F1->f56bbf36-021a-4531-8ada-dba823737717: nextIndex: updateUnconditionally 0 -> 0
2019-10-01 03:07:41,616 [Thread-2979] INFO  impl.FollowerState (FollowerState.java:run(108)) - aa50838b-9bca-41ae-9019-de087e69da85@group-CC18AB24BB58-FollowerState: change to CANDIDATE, lastRpcTime:1184ms, electionTimeout:1011ms
2019-10-01 03:07:41,617 [Thread-2979] INFO  impl.RoleInfo (RoleInfo.java:shutdownFollowerState(121)) - aa50838b-9bca-41ae-9019-de087e69da85: shutdown FollowerState
2019-10-01 03:07:41,617 [Thread-2979] INFO  impl.RaftServerImpl (RaftServerImpl.java:setRole(170)) - aa50838b-9bca-41ae-9019-de087e69da85@group-CC18AB24BB58: changes role from  FOLLOWER to CANDIDATE at term 2 for changeToCandidate
2019-10-01 03:07:41,617 [Thread-2979] INFO  impl.RoleInfo (RoleInfo.java:updateAndGet(143)) - aa50838b-9bca-41ae-9019-de087e69da85: start LeaderElection
2019-10-01 03:07:41,617 [aa50838b-9bca-41ae-9019-de087e69da85@group-CC18AB24BB58-LeaderElection113] INFO  impl.RaftServerImpl (ServerState.java:setLeader(255)) - aa50838b-9bca-41ae-9019-de087e69da85@group-CC18AB24BB58: change Leader from f56bbf36-021a-4531-8ada-dba823737717 to null at term 2 for initElection
2019-10-01 03:07:41,633 [aa50838b-9bca-41ae-9019-de087e69da85@group-CC18AB24BB58-LeaderElection113] INFO  impl.LeaderElection (LeaderElection.java:askForVotes(178)) - aa50838b-9bca-41ae-9019-de087e69da85@group-CC18AB24BB58-LeaderElection113: begin an election at term 3 for 1: [aa50838b-9bca-41ae-9019-de087e69da85:192.168.151.109:39705, f56bbf36-021a-4531-8ada-dba823737717:192.168.151.109:34767, 7404321f-209f-457d-9de5-d648d2bc600a:192.168.151.109:46370], old=null
2019-10-01 03:07:41,636 [aa50838b-9bca-41ae-9019-de087e69da85@group-CC18AB24BB58-LeaderElection113] INFO  impl.LeaderElection (LogUtils.java:infoOrTrace(149)) - aa50838b-9bca-41ae-9019-de087e69da85@group-CC18AB24BB58-LeaderElection113 got exception when requesting votes: {}
java.util.concurrent.ExecutionException: org.apache.ratis.thirdparty.io.grpc.StatusRuntimeException: UNAVAILABLE: io exception
	at java.util.concurrent.FutureTask.report(FutureTask.java:122)
	at java.util.concurrent.FutureTask.get(FutureTask.java:192)
	at org.apache.ratis.server.impl.LeaderElection.waitForResults(LeaderElection.java:259)
	at org.apache.ratis.server.impl.LeaderElection.askForVotes(LeaderElection.java:197)
	at org.apache.ratis.server.impl.LeaderElection.run(LeaderElection.java:133)
	at java.lang.Thread.run(Thread.java:748)
Caused by: org.apache.ratis.thirdparty.io.grpc.StatusRuntimeException: UNAVAILABLE: io exception
	at org.apache.ratis.thirdparty.io.grpc.stub.ClientCalls.toStatusRuntimeException(ClientCalls.java:233)
	at org.apache.ratis.thirdparty.io.grpc.stub.ClientCalls.getUnchecked(ClientCalls.java:214)
	at org.apache.ratis.thirdparty.io.grpc.stub.ClientCalls.blockingUnaryCall(ClientCalls.java:139)
	at org.apache.ratis.proto.grpc.RaftServerProtocolServiceGrpc$RaftServerProtocolServiceBlockingStub.requestVote(RaftServerProtocolServiceGrpc.java:265)
	at org.apache.ratis.grpc.server.GrpcServerProtocolClient.requestVote(GrpcServerProtocolClient.java:99)
	at org.apache.ratis.grpc.server.GrpcService.requestVote(GrpcService.java:204)
	at org.apache.ratis.server.impl.LeaderElection.lambda$submitRequests$1(LeaderElection.java:234)
	at java.util.concurrent.FutureTask.run(FutureTask.java:266)
	at java.util.concurrent.Executors$RunnableAdapter.call(Executors.java:511)
	at java.util.concurrent.FutureTask.run(FutureTask.java:266)
	at java.util.concurrent.ThreadPoolExecutor.runWorker(ThreadPoolExecutor.java:1149)
	at java.util.concurrent.ThreadPoolExecutor$Worker.run(ThreadPoolExecutor.java:624)
	... 1 more
Caused by: org.apache.ratis.thirdparty.io.netty.channel.AbstractChannel$AnnotatedConnectException: Connection refused: /192.168.151.109:34767
	at sun.nio.ch.SocketChannelImpl.checkConnect(Native Method)
	at sun.nio.ch.SocketChannelImpl.finishConnect(SocketChannelImpl.java:717)
	at org.apache.ratis.thirdparty.io.netty.channel.socket.nio.NioSocketChannel.doFinishConnect(NioSocketChannel.java:327)
	at org.apache.ratis.thirdparty.io.netty.channel.nio.AbstractNioChannel$AbstractNioUnsafe.finishConnect(AbstractNioChannel.java:340)
	at org.apache.ratis.thirdparty.io.netty.channel.nio.NioEventLoop.processSelectedKey(NioEventLoop.java:632)
	at org.apache.ratis.thirdparty.io.netty.channel.nio.NioEventLoop.processSelectedKeysOptimized(NioEventLoop.java:579)
	at org.apache.ratis.thirdparty.io.netty.channel.nio.NioEventLoop.processSelectedKeys(NioEventLoop.java:496)
	at org.apache.ratis.thirdparty.io.netty.channel.nio.NioEventLoop.run(NioEventLoop.java:458)
	at org.apache.ratis.thirdparty.io.netty.util.concurrent.SingleThreadEventExecutor$5.run(SingleThreadEventExecutor.java:897)
	at org.apache.ratis.thirdparty.io.netty.util.concurrent.FastThreadLocalRunnable.run(FastThreadLocalRunnable.java:30)
	... 1 more
Caused by: java.net.ConnectException: Connection refused
	... 11 more
2019-10-01 03:07:41,636 [aa50838b-9bca-41ae-9019-de087e69da85@group-CC18AB24BB58-LeaderElection113] INFO  impl.LeaderElection (LogUtils.java:infoOrTrace(149)) - aa50838b-9bca-41ae-9019-de087e69da85@group-CC18AB24BB58-LeaderElection113 got exception when requesting votes: {}
java.util.concurrent.ExecutionException: org.apache.ratis.thirdparty.io.grpc.StatusRuntimeException: UNAVAILABLE: io exception
	at java.util.concurrent.FutureTask.report(FutureTask.java:122)
	at java.util.concurrent.FutureTask.get(FutureTask.java:192)
	at org.apache.ratis.server.impl.LeaderElection.waitForResults(LeaderElection.java:259)
	at org.apache.ratis.server.impl.LeaderElection.askForVotes(LeaderElection.java:197)
	at org.apache.ratis.server.impl.LeaderElection.run(LeaderElection.java:133)
	at java.lang.Thread.run(Thread.java:748)
Caused by: org.apache.ratis.thirdparty.io.grpc.StatusRuntimeException: UNAVAILABLE: io exception
	at org.apache.ratis.thirdparty.io.grpc.stub.ClientCalls.toStatusRuntimeException(ClientCalls.java:233)
	at org.apache.ratis.thirdparty.io.grpc.stub.ClientCalls.getUnchecked(ClientCalls.java:214)
	at org.apache.ratis.thirdparty.io.grpc.stub.ClientCalls.blockingUnaryCall(ClientCalls.java:139)
	at org.apache.ratis.proto.grpc.RaftServerProtocolServiceGrpc$RaftServerProtocolServiceBlockingStub.requestVote(RaftServerProtocolServiceGrpc.java:265)
	at org.apache.ratis.grpc.server.GrpcServerProtocolClient.requestVote(GrpcServerProtocolClient.java:99)
	at org.apache.ratis.grpc.server.GrpcService.requestVote(GrpcService.java:204)
	at org.apache.ratis.server.impl.LeaderElection.lambda$submitRequests$1(LeaderElection.java:234)
	at java.util.concurrent.FutureTask.run(FutureTask.java:266)
	at java.util.concurrent.Executors$RunnableAdapter.call(Executors.java:511)
	at java.util.concurrent.FutureTask.run(FutureTask.java:266)
	at java.util.concurrent.ThreadPoolExecutor.runWorker(ThreadPoolExecutor.java:1149)
	at java.util.concurrent.ThreadPoolExecutor$Worker.run(ThreadPoolExecutor.java:624)
	... 1 more
Caused by: org.apache.ratis.thirdparty.io.netty.channel.AbstractChannel$AnnotatedConnectException: Connection refused: /192.168.151.109:46370
	at sun.nio.ch.SocketChannelImpl.checkConnect(Native Method)
	at sun.nio.ch.SocketChannelImpl.finishConnect(SocketChannelImpl.java:717)
	at org.apache.ratis.thirdparty.io.netty.channel.socket.nio.NioSocketChannel.doFinishConnect(NioSocketChannel.java:327)
	at org.apache.ratis.thirdparty.io.netty.channel.nio.AbstractNioChannel$AbstractNioUnsafe.finishConnect(AbstractNioChannel.java:340)
	at org.apache.ratis.thirdparty.io.netty.channel.nio.NioEventLoop.processSelectedKey(NioEventLoop.java:632)
	at org.apache.ratis.thirdparty.io.netty.channel.nio.NioEventLoop.processSelectedKeysOptimized(NioEventLoop.java:579)
	at org.apache.ratis.thirdparty.io.netty.channel.nio.NioEventLoop.processSelectedKeys(NioEventLoop.java:496)
	at org.apache.ratis.thirdparty.io.netty.channel.nio.NioEventLoop.run(NioEventLoop.java:458)
	at org.apache.ratis.thirdparty.io.netty.util.concurrent.SingleThreadEventExecutor$5.run(SingleThreadEventExecutor.java:897)
	at org.apache.ratis.thirdparty.io.netty.util.concurrent.FastThreadLocalRunnable.run(FastThreadLocalRunnable.java:30)
	... 1 more
Caused by: java.net.ConnectException: Connection refused
	... 11 more
2019-10-01 03:07:41,637 [aa50838b-9bca-41ae-9019-de087e69da85@group-CC18AB24BB58-LeaderElection113] INFO  impl.LeaderElection (LeaderElection.java:logAndReturn(56)) - aa50838b-9bca-41ae-9019-de087e69da85@group-CC18AB24BB58-LeaderElection113: Election REJECTED; received 0 response(s) [] and 2 exception(s); aa50838b-9bca-41ae-9019-de087e69da85@group-CC18AB24BB58:t3, leader=null, voted=aa50838b-9bca-41ae-9019-de087e69da85, raftlog=aa50838b-9bca-41ae-9019-de087e69da85@group-CC18AB24BB58-SegmentedRaftLog:OPENED:c2,f2,i2, conf=1: [aa50838b-9bca-41ae-9019-de087e69da85:192.168.151.109:39705, f56bbf36-021a-4531-8ada-dba823737717:192.168.151.109:34767, 7404321f-209f-457d-9de5-d648d2bc600a:192.168.151.109:46370], old=null
2019-10-01 03:07:41,637 [aa50838b-9bca-41ae-9019-de087e69da85@group-CC18AB24BB58-LeaderElection113] INFO  impl.LeaderElection (LogUtils.java:infoOrTrace(149)) -   Exception 0: {}
java.util.concurrent.ExecutionException: org.apache.ratis.thirdparty.io.grpc.StatusRuntimeException: UNAVAILABLE: io exception
	at java.util.concurrent.FutureTask.report(FutureTask.java:122)
	at java.util.concurrent.FutureTask.get(FutureTask.java:192)
	at org.apache.ratis.server.impl.LeaderElection.waitForResults(LeaderElection.java:259)
	at org.apache.ratis.server.impl.LeaderElection.askForVotes(LeaderElection.java:197)
	at org.apache.ratis.server.impl.LeaderElection.run(LeaderElection.java:133)
	at java.lang.Thread.run(Thread.java:748)
Caused by: org.apache.ratis.thirdparty.io.grpc.StatusRuntimeException: UNAVAILABLE: io exception
	at org.apache.ratis.thirdparty.io.grpc.stub.ClientCalls.toStatusRuntimeException(ClientCalls.java:233)
	at org.apache.ratis.thirdparty.io.grpc.stub.ClientCalls.getUnchecked(ClientCalls.java:214)
	at org.apache.ratis.thirdparty.io.grpc.stub.ClientCalls.blockingUnaryCall(ClientCalls.java:139)
	at org.apache.ratis.proto.grpc.RaftServerProtocolServiceGrpc$RaftServerProtocolServiceBlockingStub.requestVote(RaftServerProtocolServiceGrpc.java:265)
	at org.apache.ratis.grpc.server.GrpcServerProtocolClient.requestVote(GrpcServerProtocolClient.java:99)
	at org.apache.ratis.grpc.server.GrpcService.requestVote(GrpcService.java:204)
	at org.apache.ratis.server.impl.LeaderElection.lambda$submitRequests$1(LeaderElection.java:234)
	at java.util.concurrent.FutureTask.run(FutureTask.java:266)
	at java.util.concurrent.Executors$RunnableAdapter.call(Executors.java:511)
	at java.util.concurrent.FutureTask.run(FutureTask.java:266)
	at java.util.concurrent.ThreadPoolExecutor.runWorker(ThreadPoolExecutor.java:1149)
	at java.util.concurrent.ThreadPoolExecutor$Worker.run(ThreadPoolExecutor.java:624)
	... 1 more
Caused by: org.apache.ratis.thirdparty.io.netty.channel.AbstractChannel$AnnotatedConnectException: Connection refused: /192.168.151.109:34767
	at sun.nio.ch.SocketChannelImpl.checkConnect(Native Method)
	at sun.nio.ch.SocketChannelImpl.finishConnect(SocketChannelImpl.java:717)
	at org.apache.ratis.thirdparty.io.netty.channel.socket.nio.NioSocketChannel.doFinishConnect(NioSocketChannel.java:327)
	at org.apache.ratis.thirdparty.io.netty.channel.nio.AbstractNioChannel$AbstractNioUnsafe.finishConnect(AbstractNioChannel.java:340)
	at org.apache.ratis.thirdparty.io.netty.channel.nio.NioEventLoop.processSelectedKey(NioEventLoop.java:632)
	at org.apache.ratis.thirdparty.io.netty.channel.nio.NioEventLoop.processSelectedKeysOptimized(NioEventLoop.java:579)
	at org.apache.ratis.thirdparty.io.netty.channel.nio.NioEventLoop.processSelectedKeys(NioEventLoop.java:496)
	at org.apache.ratis.thirdparty.io.netty.channel.nio.NioEventLoop.run(NioEventLoop.java:458)
	at org.apache.ratis.thirdparty.io.netty.util.concurrent.SingleThreadEventExecutor$5.run(SingleThreadEventExecutor.java:897)
	at org.apache.ratis.thirdparty.io.netty.util.concurrent.FastThreadLocalRunnable.run(FastThreadLocalRunnable.java:30)
	... 1 more
Caused by: java.net.ConnectException: Connection refused
	... 11 more
2019-10-01 03:07:41,637 [aa50838b-9bca-41ae-9019-de087e69da85@group-CC18AB24BB58-LeaderElection113] INFO  impl.LeaderElection (LogUtils.java:infoOrTrace(149)) -   Exception 1: {}
java.util.concurrent.ExecutionException: org.apache.ratis.thirdparty.io.grpc.StatusRuntimeException: UNAVAILABLE: io exception
	at java.util.concurrent.FutureTask.report(FutureTask.java:122)
	at java.util.concurrent.FutureTask.get(FutureTask.java:192)
	at org.apache.ratis.server.impl.LeaderElection.waitForResults(LeaderElection.java:259)
	at org.apache.ratis.server.impl.LeaderElection.askForVotes(LeaderElection.java:197)
	at org.apache.ratis.server.impl.LeaderElection.run(LeaderElection.java:133)
	at java.lang.Thread.run(Thread.java:748)
Caused by: org.apache.ratis.thirdparty.io.grpc.StatusRuntimeException: UNAVAILABLE: io exception
	at org.apache.ratis.thirdparty.io.grpc.stub.ClientCalls.toStatusRuntimeException(ClientCalls.java:233)
	at org.apache.ratis.thirdparty.io.grpc.stub.ClientCalls.getUnchecked(ClientCalls.java:214)
	at org.apache.ratis.thirdparty.io.grpc.stub.ClientCalls.blockingUnaryCall(ClientCalls.java:139)
	at org.apache.ratis.proto.grpc.RaftServerProtocolServiceGrpc$RaftServerProtocolServiceBlockingStub.requestVote(RaftServerProtocolServiceGrpc.java:265)
	at org.apache.ratis.grpc.server.GrpcServerProtocolClient.requestVote(GrpcServerProtocolClient.java:99)
	at org.apache.ratis.grpc.server.GrpcService.requestVote(GrpcService.java:204)
	at org.apache.ratis.server.impl.LeaderElection.lambda$submitRequests$1(LeaderElection.java:234)
	at java.util.concurrent.FutureTask.run(FutureTask.java:266)
	at java.util.concurrent.Executors$RunnableAdapter.call(Executors.java:511)
	at java.util.concurrent.FutureTask.run(FutureTask.java:266)
	at java.util.concurrent.ThreadPoolExecutor.runWorker(ThreadPoolExecutor.java:1149)
	at java.util.concurrent.ThreadPoolExecutor$Worker.run(ThreadPoolExecutor.java:624)
	... 1 more
Caused by: org.apache.ratis.thirdparty.io.netty.channel.AbstractChannel$AnnotatedConnectException: Connection refused: /192.168.151.109:46370
	at sun.nio.ch.SocketChannelImpl.checkConnect(Native Method)
	at sun.nio.ch.SocketChannelImpl.finishConnect(SocketChannelImpl.java:717)
	at org.apache.ratis.thirdparty.io.netty.channel.socket.nio.NioSocketChannel.doFinishConnect(NioSocketChannel.java:327)
	at org.apache.ratis.thirdparty.io.netty.channel.nio.AbstractNioChannel$AbstractNioUnsafe.finishConnect(AbstractNioChannel.java:340)
	at org.apache.ratis.thirdparty.io.netty.channel.nio.NioEventLoop.processSelectedKey(NioEventLoop.java:632)
	at org.apache.ratis.thirdparty.io.netty.channel.nio.NioEventLoop.processSelectedKeysOptimized(NioEventLoop.java:579)
	at org.apache.ratis.thirdparty.io.netty.channel.nio.NioEventLoop.processSelectedKeys(NioEventLoop.java:496)
	at org.apache.ratis.thirdparty.io.netty.channel.nio.NioEventLoop.run(NioEventLoop.java:458)
	at org.apache.ratis.thirdparty.io.netty.util.concurrent.SingleThreadEventExecutor$5.run(SingleThreadEventExecutor.java:897)
	at org.apache.ratis.thirdparty.io.netty.util.concurrent.FastThreadLocalRunnable.run(FastThreadLocalRunnable.java:30)
	... 1 more
Caused by: java.net.ConnectException: Connection refused
	... 11 more
2019-10-01 03:07:41,637 [aa50838b-9bca-41ae-9019-de087e69da85@group-CC18AB24BB58-LeaderElection113] INFO  impl.RaftServerImpl (RaftServerImpl.java:setRole(170)) - aa50838b-9bca-41ae-9019-de087e69da85@group-CC18AB24BB58: changes role from CANDIDATE to FOLLOWER at term 3 for DISCOVERED_A_NEW_TERM
2019-10-01 03:07:41,638 [aa50838b-9bca-41ae-9019-de087e69da85@group-CC18AB24BB58-LeaderElection113] INFO  impl.RoleInfo (RoleInfo.java:shutdownLeaderElection(134)) - aa50838b-9bca-41ae-9019-de087e69da85: shutdown LeaderElection
2019-10-01 03:07:41,638 [aa50838b-9bca-41ae-9019-de087e69da85@group-CC18AB24BB58-LeaderElection113] INFO  impl.RoleInfo (RoleInfo.java:updateAndGet(143)) - aa50838b-9bca-41ae-9019-de087e69da85: start FollowerState
2019-10-01 03:07:42,036 [grpc-default-executor-7] WARN  server.GrpcLogAppender (LogUtils.java:warn(134)) - aa50838b-9bca-41ae-9019-de087e69da85@group-2964750D5D22->7404321f-209f-457d-9de5-d648d2bc600a-AppendLogResponseHandler: Failed appendEntries: org.apache.ratis.thirdparty.io.grpc.StatusRuntimeException: UNAVAILABLE: io exception
2019-10-01 03:07:42,036 [grpc-default-executor-3] WARN  server.GrpcLogAppender (LogUtils.java:warn(134)) - aa50838b-9bca-41ae-9019-de087e69da85@group-3D44A98526F1->7404321f-209f-457d-9de5-d648d2bc600a-AppendLogResponseHandler: Failed appendEntries: org.apache.ratis.thirdparty.io.grpc.StatusRuntimeException: UNAVAILABLE: io exception
2019-10-01 03:07:42,036 [grpc-default-executor-7] INFO  impl.FollowerInfo (FollowerInfo.java:lambda$new$0(51)) - aa50838b-9bca-41ae-9019-de087e69da85@group-2964750D5D22->7404321f-209f-457d-9de5-d648d2bc600a: nextIndex: updateUnconditionally 0 -> 0
2019-10-01 03:07:42,036 [grpc-default-executor-3] INFO  impl.FollowerInfo (FollowerInfo.java:lambda$new$0(51)) - aa50838b-9bca-41ae-9019-de087e69da85@group-3D44A98526F1->7404321f-209f-457d-9de5-d648d2bc600a: nextIndex: updateUnconditionally 0 -> 0
2019-10-01 03:07:42,048 [grpc-default-executor-3] WARN  server.GrpcLogAppender (LogUtils.java:warn(134)) - aa50838b-9bca-41ae-9019-de087e69da85@group-2964750D5D22->f56bbf36-021a-4531-8ada-dba823737717-AppendLogResponseHandler: Failed appendEntries: org.apache.ratis.thirdparty.io.grpc.StatusRuntimeException: UNAVAILABLE: io exception
2019-10-01 03:07:42,048 [grpc-default-executor-7] WARN  server.GrpcLogAppender (LogUtils.java:warn(134)) - aa50838b-9bca-41ae-9019-de087e69da85@group-3D44A98526F1->f56bbf36-021a-4531-8ada-dba823737717-AppendLogResponseHandler: Failed appendEntries: org.apache.ratis.thirdparty.io.grpc.StatusRuntimeException: UNAVAILABLE: io exception
2019-10-01 03:07:42,049 [grpc-default-executor-3] INFO  impl.FollowerInfo (FollowerInfo.java:lambda$new$0(51)) - aa50838b-9bca-41ae-9019-de087e69da85@group-2964750D5D22->f56bbf36-021a-4531-8ada-dba823737717: nextIndex: updateUnconditionally 0 -> 0
2019-10-01 03:07:42,049 [grpc-default-executor-7] INFO  impl.FollowerInfo (FollowerInfo.java:lambda$new$0(51)) - aa50838b-9bca-41ae-9019-de087e69da85@group-3D44A98526F1->f56bbf36-021a-4531-8ada-dba823737717: nextIndex: updateUnconditionally 0 -> 0
2019-10-01 03:07:42,538 [grpc-default-executor-6] WARN  server.GrpcLogAppender (LogUtils.java:warn(134)) - aa50838b-9bca-41ae-9019-de087e69da85@group-2964750D5D22->7404321f-209f-457d-9de5-d648d2bc600a-AppendLogResponseHandler: Failed appendEntries: org.apache.ratis.thirdparty.io.grpc.StatusRuntimeException: UNAVAILABLE: io exception
2019-10-01 03:07:42,538 [grpc-default-executor-6] INFO  impl.FollowerInfo (FollowerInfo.java:lambda$new$0(51)) - aa50838b-9bca-41ae-9019-de087e69da85@group-2964750D5D22->7404321f-209f-457d-9de5-d648d2bc600a: nextIndex: updateUnconditionally 0 -> 0
2019-10-01 03:07:42,539 [grpc-default-executor-7] WARN  server.GrpcLogAppender (LogUtils.java:warn(134)) - aa50838b-9bca-41ae-9019-de087e69da85@group-3D44A98526F1->7404321f-209f-457d-9de5-d648d2bc600a-AppendLogResponseHandler: Failed appendEntries: org.apache.ratis.thirdparty.io.grpc.StatusRuntimeException: UNAVAILABLE: io exception
2019-10-01 03:07:42,539 [grpc-default-executor-7] INFO  impl.FollowerInfo (FollowerInfo.java:lambda$new$0(51)) - aa50838b-9bca-41ae-9019-de087e69da85@group-3D44A98526F1->7404321f-209f-457d-9de5-d648d2bc600a: nextIndex: updateUnconditionally 0 -> 0
2019-10-01 03:07:42,550 [grpc-default-executor-5] WARN  server.GrpcLogAppender (LogUtils.java:warn(134)) - aa50838b-9bca-41ae-9019-de087e69da85@group-3D44A98526F1->f56bbf36-021a-4531-8ada-dba823737717-AppendLogResponseHandler: Failed appendEntries: org.apache.ratis.thirdparty.io.grpc.StatusRuntimeException: UNAVAILABLE: io exception
2019-10-01 03:07:42,550 [grpc-default-executor-1] WARN  server.GrpcLogAppender (LogUtils.java:warn(134)) - aa50838b-9bca-41ae-9019-de087e69da85@group-2964750D5D22->f56bbf36-021a-4531-8ada-dba823737717-AppendLogResponseHandler: Failed appendEntries: org.apache.ratis.thirdparty.io.grpc.StatusRuntimeException: UNAVAILABLE: io exception
2019-10-01 03:07:42,550 [grpc-default-executor-5] INFO  impl.FollowerInfo (FollowerInfo.java:lambda$new$0(51)) - aa50838b-9bca-41ae-9019-de087e69da85@group-3D44A98526F1->f56bbf36-021a-4531-8ada-dba823737717: nextIndex: updateUnconditionally 0 -> 0
2019-10-01 03:07:42,550 [grpc-default-executor-1] INFO  impl.FollowerInfo (FollowerInfo.java:lambda$new$0(51)) - aa50838b-9bca-41ae-9019-de087e69da85@group-2964750D5D22->f56bbf36-021a-4531-8ada-dba823737717: nextIndex: updateUnconditionally 0 -> 0
2019-10-01 03:07:42,820 [Thread-3011] INFO  impl.FollowerState (FollowerState.java:run(108)) - aa50838b-9bca-41ae-9019-de087e69da85@group-CC18AB24BB58-FollowerState: change to CANDIDATE, lastRpcTime:1182ms, electionTimeout:1182ms
2019-10-01 03:07:42,821 [Thread-3011] INFO  impl.RoleInfo (RoleInfo.java:shutdownFollowerState(121)) - aa50838b-9bca-41ae-9019-de087e69da85: shutdown FollowerState
2019-10-01 03:07:42,821 [Thread-3011] INFO  impl.RaftServerImpl (RaftServerImpl.java:setRole(170)) - aa50838b-9bca-41ae-9019-de087e69da85@group-CC18AB24BB58: changes role from  FOLLOWER to CANDIDATE at term 3 for changeToCandidate
2019-10-01 03:07:42,821 [Thread-3011] INFO  impl.RoleInfo (RoleInfo.java:updateAndGet(143)) - aa50838b-9bca-41ae-9019-de087e69da85: start LeaderElection
2019-10-01 03:07:42,880 [aa50838b-9bca-41ae-9019-de087e69da85@group-CC18AB24BB58-LeaderElection114] INFO  impl.LeaderElection (LeaderElection.java:askForVotes(178)) - aa50838b-9bca-41ae-9019-de087e69da85@group-CC18AB24BB58-LeaderElection114: begin an election at term 4 for 1: [aa50838b-9bca-41ae-9019-de087e69da85:192.168.151.109:39705, f56bbf36-021a-4531-8ada-dba823737717:192.168.151.109:34767, 7404321f-209f-457d-9de5-d648d2bc600a:192.168.151.109:46370], old=null
2019-10-01 03:07:42,882 [aa50838b-9bca-41ae-9019-de087e69da85@group-CC18AB24BB58-LeaderElection114] INFO  impl.LeaderElection (LogUtils.java:infoOrTrace(149)) - aa50838b-9bca-41ae-9019-de087e69da85@group-CC18AB24BB58-LeaderElection114 got exception when requesting votes: {}
java.util.concurrent.ExecutionException: org.apache.ratis.thirdparty.io.grpc.StatusRuntimeException: UNAVAILABLE: io exception
	at java.util.concurrent.FutureTask.report(FutureTask.java:122)
	at java.util.concurrent.FutureTask.get(FutureTask.java:192)
	at org.apache.ratis.server.impl.LeaderElection.waitForResults(LeaderElection.java:259)
	at org.apache.ratis.server.impl.LeaderElection.askForVotes(LeaderElection.java:197)
	at org.apache.ratis.server.impl.LeaderElection.run(LeaderElection.java:133)
	at java.lang.Thread.run(Thread.java:748)
Caused by: org.apache.ratis.thirdparty.io.grpc.StatusRuntimeException: UNAVAILABLE: io exception
	at org.apache.ratis.thirdparty.io.grpc.stub.ClientCalls.toStatusRuntimeException(ClientCalls.java:233)
	at org.apache.ratis.thirdparty.io.grpc.stub.ClientCalls.getUnchecked(ClientCalls.java:214)
	at org.apache.ratis.thirdparty.io.grpc.stub.ClientCalls.blockingUnaryCall(ClientCalls.java:139)
	at org.apache.ratis.proto.grpc.RaftServerProtocolServiceGrpc$RaftServerProtocolServiceBlockingStub.requestVote(RaftServerProtocolServiceGrpc.java:265)
	at org.apache.ratis.grpc.server.GrpcServerProtocolClient.requestVote(GrpcServerProtocolClient.java:99)
	at org.apache.ratis.grpc.server.GrpcService.requestVote(GrpcService.java:204)
	at org.apache.ratis.server.impl.LeaderElection.lambda$submitRequests$1(LeaderElection.java:234)
	at java.util.concurrent.FutureTask.run(FutureTask.java:266)
	at java.util.concurrent.Executors$RunnableAdapter.call(Executors.java:511)
	at java.util.concurrent.FutureTask.run(FutureTask.java:266)
	at java.util.concurrent.ThreadPoolExecutor.runWorker(ThreadPoolExecutor.java:1149)
	at java.util.concurrent.ThreadPoolExecutor$Worker.run(ThreadPoolExecutor.java:624)
	... 1 more
Caused by: org.apache.ratis.thirdparty.io.netty.channel.AbstractChannel$AnnotatedConnectException: Connection refused: /192.168.151.109:34767
	at sun.nio.ch.SocketChannelImpl.checkConnect(Native Method)
	at sun.nio.ch.SocketChannelImpl.finishConnect(SocketChannelImpl.java:717)
	at org.apache.ratis.thirdparty.io.netty.channel.socket.nio.NioSocketChannel.doFinishConnect(NioSocketChannel.java:327)
	at org.apache.ratis.thirdparty.io.netty.channel.nio.AbstractNioChannel$AbstractNioUnsafe.finishConnect(AbstractNioChannel.java:340)
	at org.apache.ratis.thirdparty.io.netty.channel.nio.NioEventLoop.processSelectedKey(NioEventLoop.java:632)
	at org.apache.ratis.thirdparty.io.netty.channel.nio.NioEventLoop.processSelectedKeysOptimized(NioEventLoop.java:579)
	at org.apache.ratis.thirdparty.io.netty.channel.nio.NioEventLoop.processSelectedKeys(NioEventLoop.java:496)
	at org.apache.ratis.thirdparty.io.netty.channel.nio.NioEventLoop.run(NioEventLoop.java:458)
	at org.apache.ratis.thirdparty.io.netty.util.concurrent.SingleThreadEventExecutor$5.run(SingleThreadEventExecutor.java:897)
	at org.apache.ratis.thirdparty.io.netty.util.concurrent.FastThreadLocalRunnable.run(FastThreadLocalRunnable.java:30)
	... 1 more
Caused by: java.net.ConnectException: Connection refused
	... 11 more
2019-10-01 03:07:42,883 [aa50838b-9bca-41ae-9019-de087e69da85@group-CC18AB24BB58-LeaderElection114] INFO  impl.LeaderElection (LogUtils.java:infoOrTrace(149)) - aa50838b-9bca-41ae-9019-de087e69da85@group-CC18AB24BB58-LeaderElection114 got exception when requesting votes: {}
java.util.concurrent.ExecutionException: org.apache.ratis.thirdparty.io.grpc.StatusRuntimeException: UNAVAILABLE: io exception
	at java.util.concurrent.FutureTask.report(FutureTask.java:122)
	at java.util.concurrent.FutureTask.get(FutureTask.java:192)
	at org.apache.ratis.server.impl.LeaderElection.waitForResults(LeaderElection.java:259)
	at org.apache.ratis.server.impl.LeaderElection.askForVotes(LeaderElection.java:197)
	at org.apache.ratis.server.impl.LeaderElection.run(LeaderElection.java:133)
	at java.lang.Thread.run(Thread.java:748)
Caused by: org.apache.ratis.thirdparty.io.grpc.StatusRuntimeException: UNAVAILABLE: io exception
	at org.apache.ratis.thirdparty.io.grpc.stub.ClientCalls.toStatusRuntimeException(ClientCalls.java:233)
	at org.apache.ratis.thirdparty.io.grpc.stub.ClientCalls.getUnchecked(ClientCalls.java:214)
	at org.apache.ratis.thirdparty.io.grpc.stub.ClientCalls.blockingUnaryCall(ClientCalls.java:139)
	at org.apache.ratis.proto.grpc.RaftServerProtocolServiceGrpc$RaftServerProtocolServiceBlockingStub.requestVote(RaftServerProtocolServiceGrpc.java:265)
	at org.apache.ratis.grpc.server.GrpcServerProtocolClient.requestVote(GrpcServerProtocolClient.java:99)
	at org.apache.ratis.grpc.server.GrpcService.requestVote(GrpcService.java:204)
	at org.apache.ratis.server.impl.LeaderElection.lambda$submitRequests$1(LeaderElection.java:234)
	at java.util.concurrent.FutureTask.run(FutureTask.java:266)
	at java.util.concurrent.Executors$RunnableAdapter.call(Executors.java:511)
	at java.util.concurrent.FutureTask.run(FutureTask.java:266)
	at java.util.concurrent.ThreadPoolExecutor.runWorker(ThreadPoolExecutor.java:1149)
	at java.util.concurrent.ThreadPoolExecutor$Worker.run(ThreadPoolExecutor.java:624)
	... 1 more
Caused by: org.apache.ratis.thirdparty.io.netty.channel.AbstractChannel$AnnotatedConnectException: Connection refused: /192.168.151.109:46370
	at sun.nio.ch.SocketChannelImpl.checkConnect(Native Method)
	at sun.nio.ch.SocketChannelImpl.finishConnect(SocketChannelImpl.java:717)
	at org.apache.ratis.thirdparty.io.netty.channel.socket.nio.NioSocketChannel.doFinishConnect(NioSocketChannel.java:327)
	at org.apache.ratis.thirdparty.io.netty.channel.nio.AbstractNioChannel$AbstractNioUnsafe.finishConnect(AbstractNioChannel.java:340)
	at org.apache.ratis.thirdparty.io.netty.channel.nio.NioEventLoop.processSelectedKey(NioEventLoop.java:632)
	at org.apache.ratis.thirdparty.io.netty.channel.nio.NioEventLoop.processSelectedKeysOptimized(NioEventLoop.java:579)
	at org.apache.ratis.thirdparty.io.netty.channel.nio.NioEventLoop.processSelectedKeys(NioEventLoop.java:496)
	at org.apache.ratis.thirdparty.io.netty.channel.nio.NioEventLoop.run(NioEventLoop.java:458)
	at org.apache.ratis.thirdparty.io.netty.util.concurrent.SingleThreadEventExecutor$5.run(SingleThreadEventExecutor.java:897)
	at org.apache.ratis.thirdparty.io.netty.util.concurrent.FastThreadLocalRunnable.run(FastThreadLocalRunnable.java:30)
	... 1 more
Caused by: java.net.ConnectException: Connection refused
	... 11 more
2019-10-01 03:07:42,883 [aa50838b-9bca-41ae-9019-de087e69da85@group-CC18AB24BB58-LeaderElection114] INFO  impl.LeaderElection (LeaderElection.java:logAndReturn(56)) - aa50838b-9bca-41ae-9019-de087e69da85@group-CC18AB24BB58-LeaderElection114: Election REJECTED; received 0 response(s) [] and 2 exception(s); aa50838b-9bca-41ae-9019-de087e69da85@group-CC18AB24BB58:t4, leader=null, voted=aa50838b-9bca-41ae-9019-de087e69da85, raftlog=aa50838b-9bca-41ae-9019-de087e69da85@group-CC18AB24BB58-SegmentedRaftLog:OPENED:c2,f2,i2, conf=1: [aa50838b-9bca-41ae-9019-de087e69da85:192.168.151.109:39705, f56bbf36-021a-4531-8ada-dba823737717:192.168.151.109:34767, 7404321f-209f-457d-9de5-d648d2bc600a:192.168.151.109:46370], old=null
2019-10-01 03:07:42,884 [aa50838b-9bca-41ae-9019-de087e69da85@group-CC18AB24BB58-LeaderElection114] INFO  impl.LeaderElection (LogUtils.java:infoOrTrace(149)) -   Exception 0: {}
java.util.concurrent.ExecutionException: org.apache.ratis.thirdparty.io.grpc.StatusRuntimeException: UNAVAILABLE: io exception
	at java.util.concurrent.FutureTask.report(FutureTask.java:122)
	at java.util.concurrent.FutureTask.get(FutureTask.java:192)
	at org.apache.ratis.server.impl.LeaderElection.waitForResults(LeaderElection.java:259)
	at org.apache.ratis.server.impl.LeaderElection.askForVotes(LeaderElection.java:197)
	at org.apache.ratis.server.impl.LeaderElection.run(LeaderElection.java:133)
	at java.lang.Thread.run(Thread.java:748)
Caused by: org.apache.ratis.thirdparty.io.grpc.StatusRuntimeException: UNAVAILABLE: io exception
	at org.apache.ratis.thirdparty.io.grpc.stub.ClientCalls.toStatusRuntimeException(ClientCalls.java:233)
	at org.apache.ratis.thirdparty.io.grpc.stub.ClientCalls.getUnchecked(ClientCalls.java:214)
	at org.apache.ratis.thirdparty.io.grpc.stub.ClientCalls.blockingUnaryCall(ClientCalls.java:139)
	at org.apache.ratis.proto.grpc.RaftServerProtocolServiceGrpc$RaftServerProtocolServiceBlockingStub.requestVote(RaftServerProtocolServiceGrpc.java:265)
	at org.apache.ratis.grpc.server.GrpcServerProtocolClient.requestVote(GrpcServerProtocolClient.java:99)
	at org.apache.ratis.grpc.server.GrpcService.requestVote(GrpcService.java:204)
	at org.apache.ratis.server.impl.LeaderElection.lambda$submitRequests$1(LeaderElection.java:234)
	at java.util.concurrent.FutureTask.run(FutureTask.java:266)
	at java.util.concurrent.Executors$RunnableAdapter.call(Executors.java:511)
	at java.util.concurrent.FutureTask.run(FutureTask.java:266)
	at java.util.concurrent.ThreadPoolExecutor.runWorker(ThreadPoolExecutor.java:1149)
	at java.util.concurrent.ThreadPoolExecutor$Worker.run(ThreadPoolExecutor.java:624)
	... 1 more
Caused by: org.apache.ratis.thirdparty.io.netty.channel.AbstractChannel$AnnotatedConnectException: Connection refused: /192.168.151.109:34767
	at sun.nio.ch.SocketChannelImpl.checkConnect(Native Method)
	at sun.nio.ch.SocketChannelImpl.finishConnect(SocketChannelImpl.java:717)
	at org.apache.ratis.thirdparty.io.netty.channel.socket.nio.NioSocketChannel.doFinishConnect(NioSocketChannel.java:327)
	at org.apache.ratis.thirdparty.io.netty.channel.nio.AbstractNioChannel$AbstractNioUnsafe.finishConnect(AbstractNioChannel.java:340)
	at org.apache.ratis.thirdparty.io.netty.channel.nio.NioEventLoop.processSelectedKey(NioEventLoop.java:632)
	at org.apache.ratis.thirdparty.io.netty.channel.nio.NioEventLoop.processSelectedKeysOptimized(NioEventLoop.java:579)
	at org.apache.ratis.thirdparty.io.netty.channel.nio.NioEventLoop.processSelectedKeys(NioEventLoop.java:496)
	at org.apache.ratis.thirdparty.io.netty.channel.nio.NioEventLoop.run(NioEventLoop.java:458)
	at org.apache.ratis.thirdparty.io.netty.util.concurrent.SingleThreadEventExecutor$5.run(SingleThreadEventExecutor.java:897)
	at org.apache.ratis.thirdparty.io.netty.util.concurrent.FastThreadLocalRunnable.run(FastThreadLocalRunnable.java:30)
	... 1 more
Caused by: java.net.ConnectException: Connection refused
	... 11 more
2019-10-01 03:07:42,884 [aa50838b-9bca-41ae-9019-de087e69da85@group-CC18AB24BB58-LeaderElection114] INFO  impl.LeaderElection (LogUtils.java:infoOrTrace(149)) -   Exception 1: {}
java.util.concurrent.ExecutionException: org.apache.ratis.thirdparty.io.grpc.StatusRuntimeException: UNAVAILABLE: io exception
	at java.util.concurrent.FutureTask.report(FutureTask.java:122)
	at java.util.concurrent.FutureTask.get(FutureTask.java:192)
	at org.apache.ratis.server.impl.LeaderElection.waitForResults(LeaderElection.java:259)
	at org.apache.ratis.server.impl.LeaderElection.askForVotes(LeaderElection.java:197)
	at org.apache.ratis.server.impl.LeaderElection.run(LeaderElection.java:133)
	at java.lang.Thread.run(Thread.java:748)
Caused by: org.apache.ratis.thirdparty.io.grpc.StatusRuntimeException: UNAVAILABLE: io exception
	at org.apache.ratis.thirdparty.io.grpc.stub.ClientCalls.toStatusRuntimeException(ClientCalls.java:233)
	at org.apache.ratis.thirdparty.io.grpc.stub.ClientCalls.getUnchecked(ClientCalls.java:214)
	at org.apache.ratis.thirdparty.io.grpc.stub.ClientCalls.blockingUnaryCall(ClientCalls.java:139)
	at org.apache.ratis.proto.grpc.RaftServerProtocolServiceGrpc$RaftServerProtocolServiceBlockingStub.requestVote(RaftServerProtocolServiceGrpc.java:265)
	at org.apache.ratis.grpc.server.GrpcServerProtocolClient.requestVote(GrpcServerProtocolClient.java:99)
	at org.apache.ratis.grpc.server.GrpcService.requestVote(GrpcService.java:204)
	at org.apache.ratis.server.impl.LeaderElection.lambda$submitRequests$1(LeaderElection.java:234)
	at java.util.concurrent.FutureTask.run(FutureTask.java:266)
	at java.util.concurrent.Executors$RunnableAdapter.call(Executors.java:511)
	at java.util.concurrent.FutureTask.run(FutureTask.java:266)
	at java.util.concurrent.ThreadPoolExecutor.runWorker(ThreadPoolExecutor.java:1149)
	at java.util.concurrent.ThreadPoolExecutor$Worker.run(ThreadPoolExecutor.java:624)
	... 1 more
Caused by: org.apache.ratis.thirdparty.io.netty.channel.AbstractChannel$AnnotatedConnectException: Connection refused: /192.168.151.109:46370
	at sun.nio.ch.SocketChannelImpl.checkConnect(Native Method)
	at sun.nio.ch.SocketChannelImpl.finishConnect(SocketChannelImpl.java:717)
	at org.apache.ratis.thirdparty.io.netty.channel.socket.nio.NioSocketChannel.doFinishConnect(NioSocketChannel.java:327)
	at org.apache.ratis.thirdparty.io.netty.channel.nio.AbstractNioChannel$AbstractNioUnsafe.finishConnect(AbstractNioChannel.java:340)
	at org.apache.ratis.thirdparty.io.netty.channel.nio.NioEventLoop.processSelectedKey(NioEventLoop.java:632)
	at org.apache.ratis.thirdparty.io.netty.channel.nio.NioEventLoop.processSelectedKeysOptimized(NioEventLoop.java:579)
	at org.apache.ratis.thirdparty.io.netty.channel.nio.NioEventLoop.processSelectedKeys(NioEventLoop.java:496)
	at org.apache.ratis.thirdparty.io.netty.channel.nio.NioEventLoop.run(NioEventLoop.java:458)
	at org.apache.ratis.thirdparty.io.netty.util.concurrent.SingleThreadEventExecutor$5.run(SingleThreadEventExecutor.java:897)
	at org.apache.ratis.thirdparty.io.netty.util.concurrent.FastThreadLocalRunnable.run(FastThreadLocalRunnable.java:30)
	... 1 more
Caused by: java.net.ConnectException: Connection refused
	... 11 more
2019-10-01 03:07:42,884 [aa50838b-9bca-41ae-9019-de087e69da85@group-CC18AB24BB58-LeaderElection114] INFO  impl.RaftServerImpl (RaftServerImpl.java:setRole(170)) - aa50838b-9bca-41ae-9019-de087e69da85@group-CC18AB24BB58: changes role from CANDIDATE to FOLLOWER at term 4 for DISCOVERED_A_NEW_TERM
2019-10-01 03:07:42,884 [aa50838b-9bca-41ae-9019-de087e69da85@group-CC18AB24BB58-LeaderElection114] INFO  impl.RoleInfo (RoleInfo.java:shutdownLeaderElection(134)) - aa50838b-9bca-41ae-9019-de087e69da85: shutdown LeaderElection
2019-10-01 03:07:42,885 [aa50838b-9bca-41ae-9019-de087e69da85@group-CC18AB24BB58-LeaderElection114] INFO  impl.RoleInfo (RoleInfo.java:updateAndGet(143)) - aa50838b-9bca-41ae-9019-de087e69da85: start FollowerState
2019-10-01 03:07:43,037 [grpc-default-executor-5] WARN  server.GrpcLogAppender (LogUtils.java:warn(134)) - aa50838b-9bca-41ae-9019-de087e69da85@group-3D44A98526F1->7404321f-209f-457d-9de5-d648d2bc600a-AppendLogResponseHandler: Failed appendEntries: org.apache.ratis.thirdparty.io.grpc.StatusRuntimeException: UNAVAILABLE: io exception
2019-10-01 03:07:43,037 [grpc-default-executor-1] WARN  server.GrpcLogAppender (LogUtils.java:warn(134)) - aa50838b-9bca-41ae-9019-de087e69da85@group-2964750D5D22->7404321f-209f-457d-9de5-d648d2bc600a-AppendLogResponseHandler: Failed appendEntries: org.apache.ratis.thirdparty.io.grpc.StatusRuntimeException: UNAVAILABLE: io exception
2019-10-01 03:07:43,037 [grpc-default-executor-5] INFO  impl.FollowerInfo (FollowerInfo.java:lambda$new$0(51)) - aa50838b-9bca-41ae-9019-de087e69da85@group-3D44A98526F1->7404321f-209f-457d-9de5-d648d2bc600a: nextIndex: updateUnconditionally 0 -> 0
2019-10-01 03:07:43,038 [grpc-default-executor-1] INFO  impl.FollowerInfo (FollowerInfo.java:lambda$new$0(51)) - aa50838b-9bca-41ae-9019-de087e69da85@group-2964750D5D22->7404321f-209f-457d-9de5-d648d2bc600a: nextIndex: updateUnconditionally 0 -> 0
2019-10-01 03:07:43,049 [grpc-default-executor-1] WARN  server.GrpcLogAppender (LogUtils.java:warn(134)) - aa50838b-9bca-41ae-9019-de087e69da85@group-2964750D5D22->f56bbf36-021a-4531-8ada-dba823737717-AppendLogResponseHandler: Failed appendEntries: org.apache.ratis.thirdparty.io.grpc.StatusRuntimeException: UNAVAILABLE: io exception
2019-10-01 03:07:43,049 [grpc-default-executor-5] WARN  server.GrpcLogAppender (LogUtils.java:warn(134)) - aa50838b-9bca-41ae-9019-de087e69da85@group-3D44A98526F1->f56bbf36-021a-4531-8ada-dba823737717-AppendLogResponseHandler: Failed appendEntries: org.apache.ratis.thirdparty.io.grpc.StatusRuntimeException: UNAVAILABLE: io exception
2019-10-01 03:07:43,049 [grpc-default-executor-1] INFO  impl.FollowerInfo (FollowerInfo.java:lambda$new$0(51)) - aa50838b-9bca-41ae-9019-de087e69da85@group-2964750D5D22->f56bbf36-021a-4531-8ada-dba823737717: nextIndex: updateUnconditionally 0 -> 0
2019-10-01 03:07:43,049 [grpc-default-executor-5] INFO  impl.FollowerInfo (FollowerInfo.java:lambda$new$0(51)) - aa50838b-9bca-41ae-9019-de087e69da85@group-3D44A98526F1->f56bbf36-021a-4531-8ada-dba823737717: nextIndex: updateUnconditionally 0 -> 0
2019-10-01 03:07:43,539 [grpc-default-executor-3] WARN  server.GrpcLogAppender (LogUtils.java:warn(134)) - aa50838b-9bca-41ae-9019-de087e69da85@group-2964750D5D22->7404321f-209f-457d-9de5-d648d2bc600a-AppendLogResponseHandler: Failed appendEntries: org.apache.ratis.thirdparty.io.grpc.StatusRuntimeException: UNAVAILABLE: io exception
2019-10-01 03:07:43,539 [grpc-default-executor-6] WARN  server.GrpcLogAppender (LogUtils.java:warn(134)) - aa50838b-9bca-41ae-9019-de087e69da85@group-3D44A98526F1->7404321f-209f-457d-9de5-d648d2bc600a-AppendLogResponseHandler: Failed appendEntries: org.apache.ratis.thirdparty.io.grpc.StatusRuntimeException: UNAVAILABLE: io exception
2019-10-01 03:07:43,539 [grpc-default-executor-3] INFO  impl.FollowerInfo (FollowerInfo.java:lambda$new$0(51)) - aa50838b-9bca-41ae-9019-de087e69da85@group-2964750D5D22->7404321f-209f-457d-9de5-d648d2bc600a: nextIndex: updateUnconditionally 0 -> 0
2019-10-01 03:07:43,539 [grpc-default-executor-6] INFO  impl.FollowerInfo (FollowerInfo.java:lambda$new$0(51)) - aa50838b-9bca-41ae-9019-de087e69da85@group-3D44A98526F1->7404321f-209f-457d-9de5-d648d2bc600a: nextIndex: updateUnconditionally 0 -> 0
2019-10-01 03:07:43,550 [grpc-default-executor-3] WARN  server.GrpcLogAppender (LogUtils.java:warn(134)) - aa50838b-9bca-41ae-9019-de087e69da85@group-2964750D5D22->f56bbf36-021a-4531-8ada-dba823737717-AppendLogResponseHandler: Failed appendEntries: org.apache.ratis.thirdparty.io.grpc.StatusRuntimeException: UNAVAILABLE: io exception
2019-10-01 03:07:43,550 [grpc-default-executor-7] WARN  server.GrpcLogAppender (LogUtils.java:warn(134)) - aa50838b-9bca-41ae-9019-de087e69da85@group-3D44A98526F1->f56bbf36-021a-4531-8ada-dba823737717-AppendLogResponseHandler: Failed appendEntries: org.apache.ratis.thirdparty.io.grpc.StatusRuntimeException: UNAVAILABLE: io exception
2019-10-01 03:07:43,550 [grpc-default-executor-3] INFO  impl.FollowerInfo (FollowerInfo.java:lambda$new$0(51)) - aa50838b-9bca-41ae-9019-de087e69da85@group-2964750D5D22->f56bbf36-021a-4531-8ada-dba823737717: nextIndex: updateUnconditionally 0 -> 0
2019-10-01 03:07:43,550 [grpc-default-executor-7] INFO  impl.FollowerInfo (FollowerInfo.java:lambda$new$0(51)) - aa50838b-9bca-41ae-9019-de087e69da85@group-3D44A98526F1->f56bbf36-021a-4531-8ada-dba823737717: nextIndex: updateUnconditionally 0 -> 0
2019-10-01 03:07:44,039 [grpc-default-executor-7] WARN  server.GrpcLogAppender (LogUtils.java:warn(134)) - aa50838b-9bca-41ae-9019-de087e69da85@group-2964750D5D22->7404321f-209f-457d-9de5-d648d2bc600a-AppendLogResponseHandler: Failed appendEntries: org.apache.ratis.thirdparty.io.grpc.StatusRuntimeException: UNAVAILABLE: io exception
2019-10-01 03:07:44,039 [grpc-default-executor-5] WARN  server.GrpcLogAppender (LogUtils.java:warn(134)) - aa50838b-9bca-41ae-9019-de087e69da85@group-3D44A98526F1->7404321f-209f-457d-9de5-d648d2bc600a-AppendLogResponseHandler: Failed appendEntries: org.apache.ratis.thirdparty.io.grpc.StatusRuntimeException: UNAVAILABLE: io exception
2019-10-01 03:07:44,040 [grpc-default-executor-7] INFO  impl.FollowerInfo (FollowerInfo.java:lambda$new$0(51)) - aa50838b-9bca-41ae-9019-de087e69da85@group-2964750D5D22->7404321f-209f-457d-9de5-d648d2bc600a: nextIndex: updateUnconditionally 0 -> 0
2019-10-01 03:07:44,040 [grpc-default-executor-5] INFO  impl.FollowerInfo (FollowerInfo.java:lambda$new$0(51)) - aa50838b-9bca-41ae-9019-de087e69da85@group-3D44A98526F1->7404321f-209f-457d-9de5-d648d2bc600a: nextIndex: updateUnconditionally 0 -> 0
2019-10-01 03:07:44,050 [grpc-default-executor-6] WARN  server.GrpcLogAppender (LogUtils.java:warn(134)) - aa50838b-9bca-41ae-9019-de087e69da85@group-2964750D5D22->f56bbf36-021a-4531-8ada-dba823737717-AppendLogResponseHandler: Failed appendEntries: org.apache.ratis.thirdparty.io.grpc.StatusRuntimeException: UNAVAILABLE: io exception
2019-10-01 03:07:44,050 [grpc-default-executor-3] WARN  server.GrpcLogAppender (LogUtils.java:warn(134)) - aa50838b-9bca-41ae-9019-de087e69da85@group-3D44A98526F1->f56bbf36-021a-4531-8ada-dba823737717-AppendLogResponseHandler: Failed appendEntries: org.apache.ratis.thirdparty.io.grpc.StatusRuntimeException: UNAVAILABLE: io exception
2019-10-01 03:07:44,051 [grpc-default-executor-6] INFO  impl.FollowerInfo (FollowerInfo.java:lambda$new$0(51)) - aa50838b-9bca-41ae-9019-de087e69da85@group-2964750D5D22->f56bbf36-021a-4531-8ada-dba823737717: nextIndex: updateUnconditionally 0 -> 0
2019-10-01 03:07:44,051 [grpc-default-executor-3] INFO  impl.FollowerInfo (FollowerInfo.java:lambda$new$0(51)) - aa50838b-9bca-41ae-9019-de087e69da85@group-3D44A98526F1->f56bbf36-021a-4531-8ada-dba823737717: nextIndex: updateUnconditionally 0 -> 0
2019-10-01 03:07:44,052 [Thread-3015] INFO  impl.FollowerState (FollowerState.java:run(108)) - aa50838b-9bca-41ae-9019-de087e69da85@group-CC18AB24BB58-FollowerState: change to CANDIDATE, lastRpcTime:1167ms, electionTimeout:1167ms
2019-10-01 03:07:44,052 [Thread-3015] INFO  impl.RoleInfo (RoleInfo.java:shutdownFollowerState(121)) - aa50838b-9bca-41ae-9019-de087e69da85: shutdown FollowerState
2019-10-01 03:07:44,052 [Thread-3015] INFO  impl.RaftServerImpl (RaftServerImpl.java:setRole(170)) - aa50838b-9bca-41ae-9019-de087e69da85@group-CC18AB24BB58: changes role from  FOLLOWER to CANDIDATE at term 4 for changeToCandidate
2019-10-01 03:07:44,053 [Thread-3015] INFO  impl.RoleInfo (RoleInfo.java:updateAndGet(143)) - aa50838b-9bca-41ae-9019-de087e69da85: start LeaderElection
2019-10-01 03:07:44,121 [aa50838b-9bca-41ae-9019-de087e69da85@group-CC18AB24BB58-LeaderElection115] INFO  impl.LeaderElection (LeaderElection.java:askForVotes(178)) - aa50838b-9bca-41ae-9019-de087e69da85@group-CC18AB24BB58-LeaderElection115: begin an election at term 5 for 1: [aa50838b-9bca-41ae-9019-de087e69da85:192.168.151.109:39705, f56bbf36-021a-4531-8ada-dba823737717:192.168.151.109:34767, 7404321f-209f-457d-9de5-d648d2bc600a:192.168.151.109:46370], old=null
2019-10-01 03:07:44,124 [aa50838b-9bca-41ae-9019-de087e69da85@group-CC18AB24BB58-LeaderElection115] INFO  impl.LeaderElection (LogUtils.java:infoOrTrace(149)) - aa50838b-9bca-41ae-9019-de087e69da85@group-CC18AB24BB58-LeaderElection115 got exception when requesting votes: {}
java.util.concurrent.ExecutionException: org.apache.ratis.thirdparty.io.grpc.StatusRuntimeException: UNAVAILABLE: io exception
	at java.util.concurrent.FutureTask.report(FutureTask.java:122)
	at java.util.concurrent.FutureTask.get(FutureTask.java:192)
	at org.apache.ratis.server.impl.LeaderElection.waitForResults(LeaderElection.java:259)
	at org.apache.ratis.server.impl.LeaderElection.askForVotes(LeaderElection.java:197)
	at org.apache.ratis.server.impl.LeaderElection.run(LeaderElection.java:133)
	at java.lang.Thread.run(Thread.java:748)
Caused by: org.apache.ratis.thirdparty.io.grpc.StatusRuntimeException: UNAVAILABLE: io exception
	at org.apache.ratis.thirdparty.io.grpc.stub.ClientCalls.toStatusRuntimeException(ClientCalls.java:233)
	at org.apache.ratis.thirdparty.io.grpc.stub.ClientCalls.getUnchecked(ClientCalls.java:214)
	at org.apache.ratis.thirdparty.io.grpc.stub.ClientCalls.blockingUnaryCall(ClientCalls.java:139)
	at org.apache.ratis.proto.grpc.RaftServerProtocolServiceGrpc$RaftServerProtocolServiceBlockingStub.requestVote(RaftServerProtocolServiceGrpc.java:265)
	at org.apache.ratis.grpc.server.GrpcServerProtocolClient.requestVote(GrpcServerProtocolClient.java:99)
	at org.apache.ratis.grpc.server.GrpcService.requestVote(GrpcService.java:204)
	at org.apache.ratis.server.impl.LeaderElection.lambda$submitRequests$1(LeaderElection.java:234)
	at java.util.concurrent.FutureTask.run(FutureTask.java:266)
	at java.util.concurrent.Executors$RunnableAdapter.call(Executors.java:511)
	at java.util.concurrent.FutureTask.run(FutureTask.java:266)
	at java.util.concurrent.ThreadPoolExecutor.runWorker(ThreadPoolExecutor.java:1149)
	at java.util.concurrent.ThreadPoolExecutor$Worker.run(ThreadPoolExecutor.java:624)
	... 1 more
Caused by: org.apache.ratis.thirdparty.io.netty.channel.AbstractChannel$AnnotatedConnectException: Connection refused: /192.168.151.109:46370
	at sun.nio.ch.SocketChannelImpl.checkConnect(Native Method)
	at sun.nio.ch.SocketChannelImpl.finishConnect(SocketChannelImpl.java:717)
	at org.apache.ratis.thirdparty.io.netty.channel.socket.nio.NioSocketChannel.doFinishConnect(NioSocketChannel.java:327)
	at org.apache.ratis.thirdparty.io.netty.channel.nio.AbstractNioChannel$AbstractNioUnsafe.finishConnect(AbstractNioChannel.java:340)
	at org.apache.ratis.thirdparty.io.netty.channel.nio.NioEventLoop.processSelectedKey(NioEventLoop.java:632)
	at org.apache.ratis.thirdparty.io.netty.channel.nio.NioEventLoop.processSelectedKeysOptimized(NioEventLoop.java:579)
	at org.apache.ratis.thirdparty.io.netty.channel.nio.NioEventLoop.processSelectedKeys(NioEventLoop.java:496)
	at org.apache.ratis.thirdparty.io.netty.channel.nio.NioEventLoop.run(NioEventLoop.java:458)
	at org.apache.ratis.thirdparty.io.netty.util.concurrent.SingleThreadEventExecutor$5.run(SingleThreadEventExecutor.java:897)
	at org.apache.ratis.thirdparty.io.netty.util.concurrent.FastThreadLocalRunnable.run(FastThreadLocalRunnable.java:30)
	... 1 more
Caused by: java.net.ConnectException: Connection refused
	... 11 more
2019-10-01 03:07:44,124 [aa50838b-9bca-41ae-9019-de087e69da85@group-CC18AB24BB58-LeaderElection115] INFO  impl.LeaderElection (LogUtils.java:infoOrTrace(149)) - aa50838b-9bca-41ae-9019-de087e69da85@group-CC18AB24BB58-LeaderElection115 got exception when requesting votes: {}
java.util.concurrent.ExecutionException: org.apache.ratis.thirdparty.io.grpc.StatusRuntimeException: UNAVAILABLE: io exception
	at java.util.concurrent.FutureTask.report(FutureTask.java:122)
	at java.util.concurrent.FutureTask.get(FutureTask.java:192)
	at org.apache.ratis.server.impl.LeaderElection.waitForResults(LeaderElection.java:259)
	at org.apache.ratis.server.impl.LeaderElection.askForVotes(LeaderElection.java:197)
	at org.apache.ratis.server.impl.LeaderElection.run(LeaderElection.java:133)
	at java.lang.Thread.run(Thread.java:748)
Caused by: org.apache.ratis.thirdparty.io.grpc.StatusRuntimeException: UNAVAILABLE: io exception
	at org.apache.ratis.thirdparty.io.grpc.stub.ClientCalls.toStatusRuntimeException(ClientCalls.java:233)
	at org.apache.ratis.thirdparty.io.grpc.stub.ClientCalls.getUnchecked(ClientCalls.java:214)
	at org.apache.ratis.thirdparty.io.grpc.stub.ClientCalls.blockingUnaryCall(ClientCalls.java:139)
	at org.apache.ratis.proto.grpc.RaftServerProtocolServiceGrpc$RaftServerProtocolServiceBlockingStub.requestVote(RaftServerProtocolServiceGrpc.java:265)
	at org.apache.ratis.grpc.server.GrpcServerProtocolClient.requestVote(GrpcServerProtocolClient.java:99)
	at org.apache.ratis.grpc.server.GrpcService.requestVote(GrpcService.java:204)
	at org.apache.ratis.server.impl.LeaderElection.lambda$submitRequests$1(LeaderElection.java:234)
	at java.util.concurrent.FutureTask.run(FutureTask.java:266)
	at java.util.concurrent.Executors$RunnableAdapter.call(Executors.java:511)
	at java.util.concurrent.FutureTask.run(FutureTask.java:266)
	at java.util.concurrent.ThreadPoolExecutor.runWorker(ThreadPoolExecutor.java:1149)
	at java.util.concurrent.ThreadPoolExecutor$Worker.run(ThreadPoolExecutor.java:624)
	... 1 more
Caused by: org.apache.ratis.thirdparty.io.netty.channel.AbstractChannel$AnnotatedConnectException: Connection refused: /192.168.151.109:34767
	at sun.nio.ch.SocketChannelImpl.checkConnect(Native Method)
	at sun.nio.ch.SocketChannelImpl.finishConnect(SocketChannelImpl.java:717)
	at org.apache.ratis.thirdparty.io.netty.channel.socket.nio.NioSocketChannel.doFinishConnect(NioSocketChannel.java:327)
	at org.apache.ratis.thirdparty.io.netty.channel.nio.AbstractNioChannel$AbstractNioUnsafe.finishConnect(AbstractNioChannel.java:340)
	at org.apache.ratis.thirdparty.io.netty.channel.nio.NioEventLoop.processSelectedKey(NioEventLoop.java:632)
	at org.apache.ratis.thirdparty.io.netty.channel.nio.NioEventLoop.processSelectedKeysOptimized(NioEventLoop.java:579)
	at org.apache.ratis.thirdparty.io.netty.channel.nio.NioEventLoop.processSelectedKeys(NioEventLoop.java:496)
	at org.apache.ratis.thirdparty.io.netty.channel.nio.NioEventLoop.run(NioEventLoop.java:458)
	at org.apache.ratis.thirdparty.io.netty.util.concurrent.SingleThreadEventExecutor$5.run(SingleThreadEventExecutor.java:897)
	at org.apache.ratis.thirdparty.io.netty.util.concurrent.FastThreadLocalRunnable.run(FastThreadLocalRunnable.java:30)
	... 1 more
Caused by: java.net.ConnectException: Connection refused
	... 11 more
2019-10-01 03:07:44,125 [aa50838b-9bca-41ae-9019-de087e69da85@group-CC18AB24BB58-LeaderElection115] INFO  impl.LeaderElection (LeaderElection.java:logAndReturn(56)) - aa50838b-9bca-41ae-9019-de087e69da85@group-CC18AB24BB58-LeaderElection115: Election REJECTED; received 0 response(s) [] and 2 exception(s); aa50838b-9bca-41ae-9019-de087e69da85@group-CC18AB24BB58:t5, leader=null, voted=aa50838b-9bca-41ae-9019-de087e69da85, raftlog=aa50838b-9bca-41ae-9019-de087e69da85@group-CC18AB24BB58-SegmentedRaftLog:OPENED:c2,f2,i2, conf=1: [aa50838b-9bca-41ae-9019-de087e69da85:192.168.151.109:39705, f56bbf36-021a-4531-8ada-dba823737717:192.168.151.109:34767, 7404321f-209f-457d-9de5-d648d2bc600a:192.168.151.109:46370], old=null
2019-10-01 03:07:44,125 [aa50838b-9bca-41ae-9019-de087e69da85@group-CC18AB24BB58-LeaderElection115] INFO  impl.LeaderElection (LogUtils.java:infoOrTrace(149)) -   Exception 0: {}
java.util.concurrent.ExecutionException: org.apache.ratis.thirdparty.io.grpc.StatusRuntimeException: UNAVAILABLE: io exception
	at java.util.concurrent.FutureTask.report(FutureTask.java:122)
	at java.util.concurrent.FutureTask.get(FutureTask.java:192)
	at org.apache.ratis.server.impl.LeaderElection.waitForResults(LeaderElection.java:259)
	at org.apache.ratis.server.impl.LeaderElection.askForVotes(LeaderElection.java:197)
	at org.apache.ratis.server.impl.LeaderElection.run(LeaderElection.java:133)
	at java.lang.Thread.run(Thread.java:748)
Caused by: org.apache.ratis.thirdparty.io.grpc.StatusRuntimeException: UNAVAILABLE: io exception
	at org.apache.ratis.thirdparty.io.grpc.stub.ClientCalls.toStatusRuntimeException(ClientCalls.java:233)
	at org.apache.ratis.thirdparty.io.grpc.stub.ClientCalls.getUnchecked(ClientCalls.java:214)
	at org.apache.ratis.thirdparty.io.grpc.stub.ClientCalls.blockingUnaryCall(ClientCalls.java:139)
	at org.apache.ratis.proto.grpc.RaftServerProtocolServiceGrpc$RaftServerProtocolServiceBlockingStub.requestVote(RaftServerProtocolServiceGrpc.java:265)
	at org.apache.ratis.grpc.server.GrpcServerProtocolClient.requestVote(GrpcServerProtocolClient.java:99)
	at org.apache.ratis.grpc.server.GrpcService.requestVote(GrpcService.java:204)
	at org.apache.ratis.server.impl.LeaderElection.lambda$submitRequests$1(LeaderElection.java:234)
	at java.util.concurrent.FutureTask.run(FutureTask.java:266)
	at java.util.concurrent.Executors$RunnableAdapter.call(Executors.java:511)
	at java.util.concurrent.FutureTask.run(FutureTask.java:266)
	at java.util.concurrent.ThreadPoolExecutor.runWorker(ThreadPoolExecutor.java:1149)
	at java.util.concurrent.ThreadPoolExecutor$Worker.run(ThreadPoolExecutor.java:624)
	... 1 more
Caused by: org.apache.ratis.thirdparty.io.netty.channel.AbstractChannel$AnnotatedConnectException: Connection refused: /192.168.151.109:46370
	at sun.nio.ch.SocketChannelImpl.checkConnect(Native Method)
	at sun.nio.ch.SocketChannelImpl.finishConnect(SocketChannelImpl.java:717)
	at org.apache.ratis.thirdparty.io.netty.channel.socket.nio.NioSocketChannel.doFinishConnect(NioSocketChannel.java:327)
	at org.apache.ratis.thirdparty.io.netty.channel.nio.AbstractNioChannel$AbstractNioUnsafe.finishConnect(AbstractNioChannel.java:340)
	at org.apache.ratis.thirdparty.io.netty.channel.nio.NioEventLoop.processSelectedKey(NioEventLoop.java:632)
	at org.apache.ratis.thirdparty.io.netty.channel.nio.NioEventLoop.processSelectedKeysOptimized(NioEventLoop.java:579)
	at org.apache.ratis.thirdparty.io.netty.channel.nio.NioEventLoop.processSelectedKeys(NioEventLoop.java:496)
	at org.apache.ratis.thirdparty.io.netty.channel.nio.NioEventLoop.run(NioEventLoop.java:458)
	at org.apache.ratis.thirdparty.io.netty.util.concurrent.SingleThreadEventExecutor$5.run(SingleThreadEventExecutor.java:897)
	at org.apache.ratis.thirdparty.io.netty.util.concurrent.FastThreadLocalRunnable.run(FastThreadLocalRunnable.java:30)
	... 1 more
Caused by: java.net.ConnectException: Connection refused
	... 11 more
2019-10-01 03:07:44,125 [aa50838b-9bca-41ae-9019-de087e69da85@group-CC18AB24BB58-LeaderElection115] INFO  impl.LeaderElection (LogUtils.java:infoOrTrace(149)) -   Exception 1: {}
java.util.concurrent.ExecutionException: org.apache.ratis.thirdparty.io.grpc.StatusRuntimeException: UNAVAILABLE: io exception
	at java.util.concurrent.FutureTask.report(FutureTask.java:122)
	at java.util.concurrent.FutureTask.get(FutureTask.java:192)
	at org.apache.ratis.server.impl.LeaderElection.waitForResults(LeaderElection.java:259)
	at org.apache.ratis.server.impl.LeaderElection.askForVotes(LeaderElection.java:197)
	at org.apache.ratis.server.impl.LeaderElection.run(LeaderElection.java:133)
	at java.lang.Thread.run(Thread.java:748)
Caused by: org.apache.ratis.thirdparty.io.grpc.StatusRuntimeException: UNAVAILABLE: io exception
	at org.apache.ratis.thirdparty.io.grpc.stub.ClientCalls.toStatusRuntimeException(ClientCalls.java:233)
	at org.apache.ratis.thirdparty.io.grpc.stub.ClientCalls.getUnchecked(ClientCalls.java:214)
	at org.apache.ratis.thirdparty.io.grpc.stub.ClientCalls.blockingUnaryCall(ClientCalls.java:139)
	at org.apache.ratis.proto.grpc.RaftServerProtocolServiceGrpc$RaftServerProtocolServiceBlockingStub.requestVote(RaftServerProtocolServiceGrpc.java:265)
	at org.apache.ratis.grpc.server.GrpcServerProtocolClient.requestVote(GrpcServerProtocolClient.java:99)
	at org.apache.ratis.grpc.server.GrpcService.requestVote(GrpcService.java:204)
	at org.apache.ratis.server.impl.LeaderElection.lambda$submitRequests$1(LeaderElection.java:234)
	at java.util.concurrent.FutureTask.run(FutureTask.java:266)
	at java.util.concurrent.Executors$RunnableAdapter.call(Executors.java:511)
	at java.util.concurrent.FutureTask.run(FutureTask.java:266)
	at java.util.concurrent.ThreadPoolExecutor.runWorker(ThreadPoolExecutor.java:1149)
	at java.util.concurrent.ThreadPoolExecutor$Worker.run(ThreadPoolExecutor.java:624)
	... 1 more
Caused by: org.apache.ratis.thirdparty.io.netty.channel.AbstractChannel$AnnotatedConnectException: Connection refused: /192.168.151.109:34767
	at sun.nio.ch.SocketChannelImpl.checkConnect(Native Method)
	at sun.nio.ch.SocketChannelImpl.finishConnect(SocketChannelImpl.java:717)
	at org.apache.ratis.thirdparty.io.netty.channel.socket.nio.NioSocketChannel.doFinishConnect(NioSocketChannel.java:327)
	at org.apache.ratis.thirdparty.io.netty.channel.nio.AbstractNioChannel$AbstractNioUnsafe.finishConnect(AbstractNioChannel.java:340)
	at org.apache.ratis.thirdparty.io.netty.channel.nio.NioEventLoop.processSelectedKey(NioEventLoop.java:632)
	at org.apache.ratis.thirdparty.io.netty.channel.nio.NioEventLoop.processSelectedKeysOptimized(NioEventLoop.java:579)
	at org.apache.ratis.thirdparty.io.netty.channel.nio.NioEventLoop.processSelectedKeys(NioEventLoop.java:496)
	at org.apache.ratis.thirdparty.io.netty.channel.nio.NioEventLoop.run(NioEventLoop.java:458)
	at org.apache.ratis.thirdparty.io.netty.util.concurrent.SingleThreadEventExecutor$5.run(SingleThreadEventExecutor.java:897)
	at org.apache.ratis.thirdparty.io.netty.util.concurrent.FastThreadLocalRunnable.run(FastThreadLocalRunnable.java:30)
	... 1 more
Caused by: java.net.ConnectException: Connection refused
	... 11 more
2019-10-01 03:07:44,126 [aa50838b-9bca-41ae-9019-de087e69da85@group-CC18AB24BB58-LeaderElection115] INFO  impl.RaftServerImpl (RaftServerImpl.java:setRole(170)) - aa50838b-9bca-41ae-9019-de087e69da85@group-CC18AB24BB58: changes role from CANDIDATE to FOLLOWER at term 5 for DISCOVERED_A_NEW_TERM
2019-10-01 03:07:44,126 [aa50838b-9bca-41ae-9019-de087e69da85@group-CC18AB24BB58-LeaderElection115] INFO  impl.RoleInfo (RoleInfo.java:shutdownLeaderElection(134)) - aa50838b-9bca-41ae-9019-de087e69da85: shutdown LeaderElection
2019-10-01 03:07:44,126 [aa50838b-9bca-41ae-9019-de087e69da85@group-CC18AB24BB58-LeaderElection115] INFO  impl.RoleInfo (RoleInfo.java:updateAndGet(143)) - aa50838b-9bca-41ae-9019-de087e69da85: start FollowerState
2019-10-01 03:07:44,538 [grpc-default-executor-3] WARN  server.GrpcLogAppender (LogUtils.java:warn(134)) - aa50838b-9bca-41ae-9019-de087e69da85@group-2964750D5D22->7404321f-209f-457d-9de5-d648d2bc600a-AppendLogResponseHandler: Failed appendEntries: org.apache.ratis.thirdparty.io.grpc.StatusRuntimeException: UNAVAILABLE: io exception
2019-10-01 03:07:44,538 [grpc-default-executor-6] WARN  server.GrpcLogAppender (LogUtils.java:warn(134)) - aa50838b-9bca-41ae-9019-de087e69da85@group-3D44A98526F1->7404321f-209f-457d-9de5-d648d2bc600a-AppendLogResponseHandler: Failed appendEntries: org.apache.ratis.thirdparty.io.grpc.StatusRuntimeException: UNAVAILABLE: io exception
2019-10-01 03:07:44,539 [grpc-default-executor-3] INFO  impl.FollowerInfo (FollowerInfo.java:lambda$new$0(51)) - aa50838b-9bca-41ae-9019-de087e69da85@group-2964750D5D22->7404321f-209f-457d-9de5-d648d2bc600a: nextIndex: updateUnconditionally 0 -> 0
2019-10-01 03:07:44,539 [grpc-default-executor-6] INFO  impl.FollowerInfo (FollowerInfo.java:lambda$new$0(51)) - aa50838b-9bca-41ae-9019-de087e69da85@group-3D44A98526F1->7404321f-209f-457d-9de5-d648d2bc600a: nextIndex: updateUnconditionally 0 -> 0
2019-10-01 03:07:44,550 [grpc-default-executor-3] WARN  server.GrpcLogAppender (LogUtils.java:warn(134)) - aa50838b-9bca-41ae-9019-de087e69da85@group-3D44A98526F1->f56bbf36-021a-4531-8ada-dba823737717-AppendLogResponseHandler: Failed appendEntries: org.apache.ratis.thirdparty.io.grpc.StatusRuntimeException: UNAVAILABLE: io exception
2019-10-01 03:07:44,550 [grpc-default-executor-6] WARN  server.GrpcLogAppender (LogUtils.java:warn(134)) - aa50838b-9bca-41ae-9019-de087e69da85@group-2964750D5D22->f56bbf36-021a-4531-8ada-dba823737717-AppendLogResponseHandler: Failed appendEntries: org.apache.ratis.thirdparty.io.grpc.StatusRuntimeException: UNAVAILABLE: io exception
2019-10-01 03:07:44,550 [grpc-default-executor-3] INFO  impl.FollowerInfo (FollowerInfo.java:lambda$new$0(51)) - aa50838b-9bca-41ae-9019-de087e69da85@group-3D44A98526F1->f56bbf36-021a-4531-8ada-dba823737717: nextIndex: updateUnconditionally 0 -> 0
2019-10-01 03:07:44,550 [grpc-default-executor-6] INFO  impl.FollowerInfo (FollowerInfo.java:lambda$new$0(51)) - aa50838b-9bca-41ae-9019-de087e69da85@group-2964750D5D22->f56bbf36-021a-4531-8ada-dba823737717: nextIndex: updateUnconditionally 0 -> 0
2019-10-01 03:07:45,040 [grpc-default-executor-6] WARN  server.GrpcLogAppender (LogUtils.java:warn(134)) - aa50838b-9bca-41ae-9019-de087e69da85@group-2964750D5D22->7404321f-209f-457d-9de5-d648d2bc600a-AppendLogResponseHandler: Failed appendEntries: org.apache.ratis.thirdparty.io.grpc.StatusRuntimeException: UNAVAILABLE: io exception
2019-10-01 03:07:45,040 [grpc-default-executor-7] WARN  server.GrpcLogAppender (LogUtils.java:warn(134)) - aa50838b-9bca-41ae-9019-de087e69da85@group-3D44A98526F1->7404321f-209f-457d-9de5-d648d2bc600a-AppendLogResponseHandler: Failed appendEntries: org.apache.ratis.thirdparty.io.grpc.StatusRuntimeException: UNAVAILABLE: io exception
2019-10-01 03:07:45,040 [grpc-default-executor-6] INFO  impl.FollowerInfo (FollowerInfo.java:lambda$new$0(51)) - aa50838b-9bca-41ae-9019-de087e69da85@group-2964750D5D22->7404321f-209f-457d-9de5-d648d2bc600a: nextIndex: updateUnconditionally 0 -> 0
2019-10-01 03:07:45,041 [grpc-default-executor-7] INFO  impl.FollowerInfo (FollowerInfo.java:lambda$new$0(51)) - aa50838b-9bca-41ae-9019-de087e69da85@group-3D44A98526F1->7404321f-209f-457d-9de5-d648d2bc600a: nextIndex: updateUnconditionally 0 -> 0
2019-10-01 03:07:45,051 [grpc-default-executor-3] WARN  server.GrpcLogAppender (LogUtils.java:warn(134)) - aa50838b-9bca-41ae-9019-de087e69da85@group-3D44A98526F1->f56bbf36-021a-4531-8ada-dba823737717-AppendLogResponseHandler: Failed appendEntries: org.apache.ratis.thirdparty.io.grpc.StatusRuntimeException: UNAVAILABLE: io exception
2019-10-01 03:07:45,051 [grpc-default-executor-5] WARN  server.GrpcLogAppender (LogUtils.java:warn(134)) - aa50838b-9bca-41ae-9019-de087e69da85@group-2964750D5D22->f56bbf36-021a-4531-8ada-dba823737717-AppendLogResponseHandler: Failed appendEntries: org.apache.ratis.thirdparty.io.grpc.StatusRuntimeException: UNAVAILABLE: io exception
2019-10-01 03:07:45,051 [grpc-default-executor-3] INFO  impl.FollowerInfo (FollowerInfo.java:lambda$new$0(51)) - aa50838b-9bca-41ae-9019-de087e69da85@group-3D44A98526F1->f56bbf36-021a-4531-8ada-dba823737717: nextIndex: updateUnconditionally 0 -> 0
2019-10-01 03:07:45,051 [grpc-default-executor-5] INFO  impl.FollowerInfo (FollowerInfo.java:lambda$new$0(51)) - aa50838b-9bca-41ae-9019-de087e69da85@group-2964750D5D22->f56bbf36-021a-4531-8ada-dba823737717: nextIndex: updateUnconditionally 0 -> 0
2019-10-01 03:07:45,228 [Thread-3019] INFO  impl.FollowerState (FollowerState.java:run(108)) - aa50838b-9bca-41ae-9019-de087e69da85@group-CC18AB24BB58-FollowerState: change to CANDIDATE, lastRpcTime:1102ms, electionTimeout:1102ms
2019-10-01 03:07:45,229 [Thread-3019] INFO  impl.RoleInfo (RoleInfo.java:shutdownFollowerState(121)) - aa50838b-9bca-41ae-9019-de087e69da85: shutdown FollowerState
2019-10-01 03:07:45,229 [Thread-3019] INFO  impl.RaftServerImpl (RaftServerImpl.java:setRole(170)) - aa50838b-9bca-41ae-9019-de087e69da85@group-CC18AB24BB58: changes role from  FOLLOWER to CANDIDATE at term 5 for changeToCandidate
2019-10-01 03:07:45,229 [Thread-3019] INFO  impl.RoleInfo (RoleInfo.java:updateAndGet(143)) - aa50838b-9bca-41ae-9019-de087e69da85: start LeaderElection
2019-10-01 03:07:45,310 [aa50838b-9bca-41ae-9019-de087e69da85@group-CC18AB24BB58-LeaderElection116] INFO  impl.LeaderElection (LeaderElection.java:askForVotes(178)) - aa50838b-9bca-41ae-9019-de087e69da85@group-CC18AB24BB58-LeaderElection116: begin an election at term 6 for 1: [aa50838b-9bca-41ae-9019-de087e69da85:192.168.151.109:39705, f56bbf36-021a-4531-8ada-dba823737717:192.168.151.109:34767, 7404321f-209f-457d-9de5-d648d2bc600a:192.168.151.109:46370], old=null
2019-10-01 03:07:45,312 [aa50838b-9bca-41ae-9019-de087e69da85@group-CC18AB24BB58-LeaderElection116] INFO  impl.LeaderElection (LogUtils.java:infoOrTrace(149)) - aa50838b-9bca-41ae-9019-de087e69da85@group-CC18AB24BB58-LeaderElection116 got exception when requesting votes: {}
java.util.concurrent.ExecutionException: org.apache.ratis.thirdparty.io.grpc.StatusRuntimeException: UNAVAILABLE: io exception
	at java.util.concurrent.FutureTask.report(FutureTask.java:122)
	at java.util.concurrent.FutureTask.get(FutureTask.java:192)
	at org.apache.ratis.server.impl.LeaderElection.waitForResults(LeaderElection.java:259)
	at org.apache.ratis.server.impl.LeaderElection.askForVotes(LeaderElection.java:197)
	at org.apache.ratis.server.impl.LeaderElection.run(LeaderElection.java:133)
	at java.lang.Thread.run(Thread.java:748)
Caused by: org.apache.ratis.thirdparty.io.grpc.StatusRuntimeException: UNAVAILABLE: io exception
	at org.apache.ratis.thirdparty.io.grpc.stub.ClientCalls.toStatusRuntimeException(ClientCalls.java:233)
	at org.apache.ratis.thirdparty.io.grpc.stub.ClientCalls.getUnchecked(ClientCalls.java:214)
	at org.apache.ratis.thirdparty.io.grpc.stub.ClientCalls.blockingUnaryCall(ClientCalls.java:139)
	at org.apache.ratis.proto.grpc.RaftServerProtocolServiceGrpc$RaftServerProtocolServiceBlockingStub.requestVote(RaftServerProtocolServiceGrpc.java:265)
	at org.apache.ratis.grpc.server.GrpcServerProtocolClient.requestVote(GrpcServerProtocolClient.java:99)
	at org.apache.ratis.grpc.server.GrpcService.requestVote(GrpcService.java:204)
	at org.apache.ratis.server.impl.LeaderElection.lambda$submitRequests$1(LeaderElection.java:234)
	at java.util.concurrent.FutureTask.run(FutureTask.java:266)
	at java.util.concurrent.Executors$RunnableAdapter.call(Executors.java:511)
	at java.util.concurrent.FutureTask.run(FutureTask.java:266)
	at java.util.concurrent.ThreadPoolExecutor.runWorker(ThreadPoolExecutor.java:1149)
	at java.util.concurrent.ThreadPoolExecutor$Worker.run(ThreadPoolExecutor.java:624)
	... 1 more
Caused by: org.apache.ratis.thirdparty.io.netty.channel.AbstractChannel$AnnotatedConnectException: Connection refused: /192.168.151.109:46370
	at sun.nio.ch.SocketChannelImpl.checkConnect(Native Method)
	at sun.nio.ch.SocketChannelImpl.finishConnect(SocketChannelImpl.java:717)
	at org.apache.ratis.thirdparty.io.netty.channel.socket.nio.NioSocketChannel.doFinishConnect(NioSocketChannel.java:327)
	at org.apache.ratis.thirdparty.io.netty.channel.nio.AbstractNioChannel$AbstractNioUnsafe.finishConnect(AbstractNioChannel.java:340)
	at org.apache.ratis.thirdparty.io.netty.channel.nio.NioEventLoop.processSelectedKey(NioEventLoop.java:632)
	at org.apache.ratis.thirdparty.io.netty.channel.nio.NioEventLoop.processSelectedKeysOptimized(NioEventLoop.java:579)
	at org.apache.ratis.thirdparty.io.netty.channel.nio.NioEventLoop.processSelectedKeys(NioEventLoop.java:496)
	at org.apache.ratis.thirdparty.io.netty.channel.nio.NioEventLoop.run(NioEventLoop.java:458)
	at org.apache.ratis.thirdparty.io.netty.util.concurrent.SingleThreadEventExecutor$5.run(SingleThreadEventExecutor.java:897)
	at org.apache.ratis.thirdparty.io.netty.util.concurrent.FastThreadLocalRunnable.run(FastThreadLocalRunnable.java:30)
	... 1 more
Caused by: java.net.ConnectException: Connection refused
	... 11 more
2019-10-01 03:07:45,313 [aa50838b-9bca-41ae-9019-de087e69da85@group-CC18AB24BB58-LeaderElection116] INFO  impl.LeaderElection (LogUtils.java:infoOrTrace(149)) - aa50838b-9bca-41ae-9019-de087e69da85@group-CC18AB24BB58-LeaderElection116 got exception when requesting votes: {}
java.util.concurrent.ExecutionException: org.apache.ratis.thirdparty.io.grpc.StatusRuntimeException: UNAVAILABLE: io exception
	at java.util.concurrent.FutureTask.report(FutureTask.java:122)
	at java.util.concurrent.FutureTask.get(FutureTask.java:192)
	at org.apache.ratis.server.impl.LeaderElection.waitForResults(LeaderElection.java:259)
	at org.apache.ratis.server.impl.LeaderElection.askForVotes(LeaderElection.java:197)
	at org.apache.ratis.server.impl.LeaderElection.run(LeaderElection.java:133)
	at java.lang.Thread.run(Thread.java:748)
Caused by: org.apache.ratis.thirdparty.io.grpc.StatusRuntimeException: UNAVAILABLE: io exception
	at org.apache.ratis.thirdparty.io.grpc.stub.ClientCalls.toStatusRuntimeException(ClientCalls.java:233)
	at org.apache.ratis.thirdparty.io.grpc.stub.ClientCalls.getUnchecked(ClientCalls.java:214)
	at org.apache.ratis.thirdparty.io.grpc.stub.ClientCalls.blockingUnaryCall(ClientCalls.java:139)
	at org.apache.ratis.proto.grpc.RaftServerProtocolServiceGrpc$RaftServerProtocolServiceBlockingStub.requestVote(RaftServerProtocolServiceGrpc.java:265)
	at org.apache.ratis.grpc.server.GrpcServerProtocolClient.requestVote(GrpcServerProtocolClient.java:99)
	at org.apache.ratis.grpc.server.GrpcService.requestVote(GrpcService.java:204)
	at org.apache.ratis.server.impl.LeaderElection.lambda$submitRequests$1(LeaderElection.java:234)
	at java.util.concurrent.FutureTask.run(FutureTask.java:266)
	at java.util.concurrent.Executors$RunnableAdapter.call(Executors.java:511)
	at java.util.concurrent.FutureTask.run(FutureTask.java:266)
	at java.util.concurrent.ThreadPoolExecutor.runWorker(ThreadPoolExecutor.java:1149)
	at java.util.concurrent.ThreadPoolExecutor$Worker.run(ThreadPoolExecutor.java:624)
	... 1 more
Caused by: org.apache.ratis.thirdparty.io.netty.channel.AbstractChannel$AnnotatedConnectException: Connection refused: /192.168.151.109:34767
	at sun.nio.ch.SocketChannelImpl.checkConnect(Native Method)
	at sun.nio.ch.SocketChannelImpl.finishConnect(SocketChannelImpl.java:717)
	at org.apache.ratis.thirdparty.io.netty.channel.socket.nio.NioSocketChannel.doFinishConnect(NioSocketChannel.java:327)
	at org.apache.ratis.thirdparty.io.netty.channel.nio.AbstractNioChannel$AbstractNioUnsafe.finishConnect(AbstractNioChannel.java:340)
	at org.apache.ratis.thirdparty.io.netty.channel.nio.NioEventLoop.processSelectedKey(NioEventLoop.java:632)
	at org.apache.ratis.thirdparty.io.netty.channel.nio.NioEventLoop.processSelectedKeysOptimized(NioEventLoop.java:579)
	at org.apache.ratis.thirdparty.io.netty.channel.nio.NioEventLoop.processSelectedKeys(NioEventLoop.java:496)
	at org.apache.ratis.thirdparty.io.netty.channel.nio.NioEventLoop.run(NioEventLoop.java:458)
	at org.apache.ratis.thirdparty.io.netty.util.concurrent.SingleThreadEventExecutor$5.run(SingleThreadEventExecutor.java:897)
	at org.apache.ratis.thirdparty.io.netty.util.concurrent.FastThreadLocalRunnable.run(FastThreadLocalRunnable.java:30)
	... 1 more
Caused by: java.net.ConnectException: Connection refused
	... 11 more
2019-10-01 03:07:45,313 [aa50838b-9bca-41ae-9019-de087e69da85@group-CC18AB24BB58-LeaderElection116] INFO  impl.LeaderElection (LeaderElection.java:logAndReturn(56)) - aa50838b-9bca-41ae-9019-de087e69da85@group-CC18AB24BB58-LeaderElection116: Election REJECTED; received 0 response(s) [] and 2 exception(s); aa50838b-9bca-41ae-9019-de087e69da85@group-CC18AB24BB58:t6, leader=null, voted=aa50838b-9bca-41ae-9019-de087e69da85, raftlog=aa50838b-9bca-41ae-9019-de087e69da85@group-CC18AB24BB58-SegmentedRaftLog:OPENED:c2,f2,i2, conf=1: [aa50838b-9bca-41ae-9019-de087e69da85:192.168.151.109:39705, f56bbf36-021a-4531-8ada-dba823737717:192.168.151.109:34767, 7404321f-209f-457d-9de5-d648d2bc600a:192.168.151.109:46370], old=null
2019-10-01 03:07:45,313 [aa50838b-9bca-41ae-9019-de087e69da85@group-CC18AB24BB58-LeaderElection116] INFO  impl.LeaderElection (LogUtils.java:infoOrTrace(149)) -   Exception 0: {}
java.util.concurrent.ExecutionException: org.apache.ratis.thirdparty.io.grpc.StatusRuntimeException: UNAVAILABLE: io exception
	at java.util.concurrent.FutureTask.report(FutureTask.java:122)
	at java.util.concurrent.FutureTask.get(FutureTask.java:192)
	at org.apache.ratis.server.impl.LeaderElection.waitForResults(LeaderElection.java:259)
	at org.apache.ratis.server.impl.LeaderElection.askForVotes(LeaderElection.java:197)
	at org.apache.ratis.server.impl.LeaderElection.run(LeaderElection.java:133)
	at java.lang.Thread.run(Thread.java:748)
Caused by: org.apache.ratis.thirdparty.io.grpc.StatusRuntimeException: UNAVAILABLE: io exception
	at org.apache.ratis.thirdparty.io.grpc.stub.ClientCalls.toStatusRuntimeException(ClientCalls.java:233)
	at org.apache.ratis.thirdparty.io.grpc.stub.ClientCalls.getUnchecked(ClientCalls.java:214)
	at org.apache.ratis.thirdparty.io.grpc.stub.ClientCalls.blockingUnaryCall(ClientCalls.java:139)
	at org.apache.ratis.proto.grpc.RaftServerProtocolServiceGrpc$RaftServerProtocolServiceBlockingStub.requestVote(RaftServerProtocolServiceGrpc.java:265)
	at org.apache.ratis.grpc.server.GrpcServerProtocolClient.requestVote(GrpcServerProtocolClient.java:99)
	at org.apache.ratis.grpc.server.GrpcService.requestVote(GrpcService.java:204)
	at org.apache.ratis.server.impl.LeaderElection.lambda$submitRequests$1(LeaderElection.java:234)
	at java.util.concurrent.FutureTask.run(FutureTask.java:266)
	at java.util.concurrent.Executors$RunnableAdapter.call(Executors.java:511)
	at java.util.concurrent.FutureTask.run(FutureTask.java:266)
	at java.util.concurrent.ThreadPoolExecutor.runWorker(ThreadPoolExecutor.java:1149)
	at java.util.concurrent.ThreadPoolExecutor$Worker.run(ThreadPoolExecutor.java:624)
	... 1 more
Caused by: org.apache.ratis.thirdparty.io.netty.channel.AbstractChannel$AnnotatedConnectException: Connection refused: /192.168.151.109:46370
	at sun.nio.ch.SocketChannelImpl.checkConnect(Native Method)
	at sun.nio.ch.SocketChannelImpl.finishConnect(SocketChannelImpl.java:717)
	at org.apache.ratis.thirdparty.io.netty.channel.socket.nio.NioSocketChannel.doFinishConnect(NioSocketChannel.java:327)
	at org.apache.ratis.thirdparty.io.netty.channel.nio.AbstractNioChannel$AbstractNioUnsafe.finishConnect(AbstractNioChannel.java:340)
	at org.apache.ratis.thirdparty.io.netty.channel.nio.NioEventLoop.processSelectedKey(NioEventLoop.java:632)
	at org.apache.ratis.thirdparty.io.netty.channel.nio.NioEventLoop.processSelectedKeysOptimized(NioEventLoop.java:579)
	at org.apache.ratis.thirdparty.io.netty.channel.nio.NioEventLoop.processSelectedKeys(NioEventLoop.java:496)
	at org.apache.ratis.thirdparty.io.netty.channel.nio.NioEventLoop.run(NioEventLoop.java:458)
	at org.apache.ratis.thirdparty.io.netty.util.concurrent.SingleThreadEventExecutor$5.run(SingleThreadEventExecutor.java:897)
	at org.apache.ratis.thirdparty.io.netty.util.concurrent.FastThreadLocalRunnable.run(FastThreadLocalRunnable.java:30)
	... 1 more
Caused by: java.net.ConnectException: Connection refused
	... 11 more
2019-10-01 03:07:45,314 [aa50838b-9bca-41ae-9019-de087e69da85@group-CC18AB24BB58-LeaderElection116] INFO  impl.LeaderElection (LogUtils.java:infoOrTrace(149)) -   Exception 1: {}
java.util.concurrent.ExecutionException: org.apache.ratis.thirdparty.io.grpc.StatusRuntimeException: UNAVAILABLE: io exception
	at java.util.concurrent.FutureTask.report(FutureTask.java:122)
	at java.util.concurrent.FutureTask.get(FutureTask.java:192)
	at org.apache.ratis.server.impl.LeaderElection.waitForResults(LeaderElection.java:259)
	at org.apache.ratis.server.impl.LeaderElection.askForVotes(LeaderElection.java:197)
	at org.apache.ratis.server.impl.LeaderElection.run(LeaderElection.java:133)
	at java.lang.Thread.run(Thread.java:748)
Caused by: org.apache.ratis.thirdparty.io.grpc.StatusRuntimeException: UNAVAILABLE: io exception
	at org.apache.ratis.thirdparty.io.grpc.stub.ClientCalls.toStatusRuntimeException(ClientCalls.java:233)
	at org.apache.ratis.thirdparty.io.grpc.stub.ClientCalls.getUnchecked(ClientCalls.java:214)
	at org.apache.ratis.thirdparty.io.grpc.stub.ClientCalls.blockingUnaryCall(ClientCalls.java:139)
	at org.apache.ratis.proto.grpc.RaftServerProtocolServiceGrpc$RaftServerProtocolServiceBlockingStub.requestVote(RaftServerProtocolServiceGrpc.java:265)
	at org.apache.ratis.grpc.server.GrpcServerProtocolClient.requestVote(GrpcServerProtocolClient.java:99)
	at org.apache.ratis.grpc.server.GrpcService.requestVote(GrpcService.java:204)
	at org.apache.ratis.server.impl.LeaderElection.lambda$submitRequests$1(LeaderElection.java:234)
	at java.util.concurrent.FutureTask.run(FutureTask.java:266)
	at java.util.concurrent.Executors$RunnableAdapter.call(Executors.java:511)
	at java.util.concurrent.FutureTask.run(FutureTask.java:266)
	at java.util.concurrent.ThreadPoolExecutor.runWorker(ThreadPoolExecutor.java:1149)
	at java.util.concurrent.ThreadPoolExecutor$Worker.run(ThreadPoolExecutor.java:624)
	... 1 more
Caused by: org.apache.ratis.thirdparty.io.netty.channel.AbstractChannel$AnnotatedConnectException: Connection refused: /192.168.151.109:34767
	at sun.nio.ch.SocketChannelImpl.checkConnect(Native Method)
	at sun.nio.ch.SocketChannelImpl.finishConnect(SocketChannelImpl.java:717)
	at org.apache.ratis.thirdparty.io.netty.channel.socket.nio.NioSocketChannel.doFinishConnect(NioSocketChannel.java:327)
	at org.apache.ratis.thirdparty.io.netty.channel.nio.AbstractNioChannel$AbstractNioUnsafe.finishConnect(AbstractNioChannel.java:340)
	at org.apache.ratis.thirdparty.io.netty.channel.nio.NioEventLoop.processSelectedKey(NioEventLoop.java:632)
	at org.apache.ratis.thirdparty.io.netty.channel.nio.NioEventLoop.processSelectedKeysOptimized(NioEventLoop.java:579)
	at org.apache.ratis.thirdparty.io.netty.channel.nio.NioEventLoop.processSelectedKeys(NioEventLoop.java:496)
	at org.apache.ratis.thirdparty.io.netty.channel.nio.NioEventLoop.run(NioEventLoop.java:458)
	at org.apache.ratis.thirdparty.io.netty.util.concurrent.SingleThreadEventExecutor$5.run(SingleThreadEventExecutor.java:897)
	at org.apache.ratis.thirdparty.io.netty.util.concurrent.FastThreadLocalRunnable.run(FastThreadLocalRunnable.java:30)
	... 1 more
Caused by: java.net.ConnectException: Connection refused
	... 11 more
2019-10-01 03:07:45,314 [aa50838b-9bca-41ae-9019-de087e69da85@group-CC18AB24BB58-LeaderElection116] INFO  impl.RaftServerImpl (RaftServerImpl.java:setRole(170)) - aa50838b-9bca-41ae-9019-de087e69da85@group-CC18AB24BB58: changes role from CANDIDATE to FOLLOWER at term 6 for DISCOVERED_A_NEW_TERM
2019-10-01 03:07:45,314 [aa50838b-9bca-41ae-9019-de087e69da85@group-CC18AB24BB58-LeaderElection116] INFO  impl.RoleInfo (RoleInfo.java:shutdownLeaderElection(134)) - aa50838b-9bca-41ae-9019-de087e69da85: shutdown LeaderElection
2019-10-01 03:07:45,314 [aa50838b-9bca-41ae-9019-de087e69da85@group-CC18AB24BB58-LeaderElection116] INFO  impl.RoleInfo (RoleInfo.java:updateAndGet(143)) - aa50838b-9bca-41ae-9019-de087e69da85: start FollowerState
2019-10-01 03:07:45,539 [grpc-default-executor-3] WARN  server.GrpcLogAppender (LogUtils.java:warn(134)) - aa50838b-9bca-41ae-9019-de087e69da85@group-3D44A98526F1->7404321f-209f-457d-9de5-d648d2bc600a-AppendLogResponseHandler: Failed appendEntries: org.apache.ratis.thirdparty.io.grpc.StatusRuntimeException: UNAVAILABLE: io exception
2019-10-01 03:07:45,539 [grpc-default-executor-5] WARN  server.GrpcLogAppender (LogUtils.java:warn(134)) - aa50838b-9bca-41ae-9019-de087e69da85@group-2964750D5D22->7404321f-209f-457d-9de5-d648d2bc600a-AppendLogResponseHandler: Failed appendEntries: org.apache.ratis.thirdparty.io.grpc.StatusRuntimeException: UNAVAILABLE: io exception
2019-10-01 03:07:45,540 [grpc-default-executor-3] INFO  impl.FollowerInfo (FollowerInfo.java:lambda$new$0(51)) - aa50838b-9bca-41ae-9019-de087e69da85@group-3D44A98526F1->7404321f-209f-457d-9de5-d648d2bc600a: nextIndex: updateUnconditionally 0 -> 0
2019-10-01 03:07:45,540 [grpc-default-executor-5] INFO  impl.FollowerInfo (FollowerInfo.java:lambda$new$0(51)) - aa50838b-9bca-41ae-9019-de087e69da85@group-2964750D5D22->7404321f-209f-457d-9de5-d648d2bc600a: nextIndex: updateUnconditionally 0 -> 0
2019-10-01 03:07:45,550 [grpc-default-executor-3] WARN  server.GrpcLogAppender (LogUtils.java:warn(134)) - aa50838b-9bca-41ae-9019-de087e69da85@group-3D44A98526F1->f56bbf36-021a-4531-8ada-dba823737717-AppendLogResponseHandler: Failed appendEntries: org.apache.ratis.thirdparty.io.grpc.StatusRuntimeException: UNAVAILABLE: io exception
2019-10-01 03:07:45,550 [grpc-default-executor-5] WARN  server.GrpcLogAppender (LogUtils.java:warn(134)) - aa50838b-9bca-41ae-9019-de087e69da85@group-2964750D5D22->f56bbf36-021a-4531-8ada-dba823737717-AppendLogResponseHandler: Failed appendEntries: org.apache.ratis.thirdparty.io.grpc.StatusRuntimeException: UNAVAILABLE: io exception
2019-10-01 03:07:45,551 [grpc-default-executor-3] INFO  impl.FollowerInfo (FollowerInfo.java:lambda$new$0(51)) - aa50838b-9bca-41ae-9019-de087e69da85@group-3D44A98526F1->f56bbf36-021a-4531-8ada-dba823737717: nextIndex: updateUnconditionally 0 -> 0
2019-10-01 03:07:45,551 [grpc-default-executor-5] INFO  impl.FollowerInfo (FollowerInfo.java:lambda$new$0(51)) - aa50838b-9bca-41ae-9019-de087e69da85@group-2964750D5D22->f56bbf36-021a-4531-8ada-dba823737717: nextIndex: updateUnconditionally 0 -> 0
2019-10-01 03:07:45,779 [ForkJoinPool.commonPool-worker-1] INFO  ozoneimpl.OzoneContainer (OzoneContainer.java:stop(231)) - Attempting to stop container services.
2019-10-01 03:07:45,780 [ForkJoinPool.commonPool-worker-1] INFO  impl.RaftServerProxy (RaftServerProxy.java:lambda$close$4(314)) - b196b4cf-2a11-4bec-9940-77997cc467ef: close
2019-10-01 03:07:45,780 [ForkJoinPool.commonPool-worker-1] INFO  server.GrpcService (GrpcService.java:closeImpl(164)) - b196b4cf-2a11-4bec-9940-77997cc467ef: shutdown server with port 42301 now
2019-10-01 03:07:45,780 [ForkJoinPool.commonPool-worker-1] INFO  server.GrpcService (GrpcService.java:closeImpl(172)) - b196b4cf-2a11-4bec-9940-77997cc467ef: shutdown server with port 42301 successfully
2019-10-01 03:07:45,782 [refreshUsed-/workdir/hadoop-ozone/integration-test/target/test-dir/MiniOzoneClusterImpl-6e28ac15-3a1e-4d59-8f42-f38d89fb0b8d/datanode-1/data/containers] WARN  fs.CachingGetSpaceUsed (CachingGetSpaceUsed.java:run(183)) - Thread Interrupted waiting to refresh disk information: sleep interrupted
2019-10-01 03:07:45,793 [ForkJoinPool.commonPool-worker-1] INFO  utils.BackgroundService (BackgroundService.java:shutdown(148)) - Shutting down service BlockDeletingService
2019-10-01 03:07:45,801 [ForkJoinPool.commonPool-worker-1] INFO  statemachine.DatanodeStateMachine (DatanodeStateMachine.java:stopDaemon(395)) - Ozone container server stopped.
2019-10-01 03:07:45,801 [main] INFO  ozoneimpl.OzoneContainer (OzoneContainer.java:stop(231)) - Attempting to stop container services.
2019-10-01 03:07:45,802 [main] INFO  impl.RaftServerProxy (RaftServerProxy.java:lambda$close$4(314)) - aa50838b-9bca-41ae-9019-de087e69da85: close
2019-10-01 03:07:45,803 [ForkJoinPool.commonPool-worker-1] INFO  handler.ContextHandler (ContextHandler.java:doStop(910)) - Stopped o.e.j.w.WebAppContext@25791d40{/,null,UNAVAILABLE}{/hddsDatanode}
2019-10-01 03:07:45,804 [main] INFO  impl.RaftServerImpl (RaftServerImpl.java:lambda$shutdown$3(247)) - aa50838b-9bca-41ae-9019-de087e69da85@group-CC18AB24BB58: shutdown
2019-10-01 03:07:45,804 [main] INFO  util.JmxRegister (JmxRegister.java:unregister(73)) - Successfully un-registered JMX Bean with object name Ratis:service=RaftServer,group=group-CC18AB24BB58,id=aa50838b-9bca-41ae-9019-de087e69da85
2019-10-01 03:07:45,804 [ForkJoinPool.commonPool-worker-1] INFO  server.AbstractConnector (AbstractConnector.java:doStop(318)) - Stopped ServerConnector@448c92fc{HTTP/1.1,[http/1.1]}{0.0.0.0:0}
2019-10-01 03:07:45,804 [main] INFO  impl.RoleInfo (RoleInfo.java:shutdownFollowerState(121)) - aa50838b-9bca-41ae-9019-de087e69da85: shutdown FollowerState
2019-10-01 03:07:45,804 [ForkJoinPool.commonPool-worker-1] INFO  handler.ContextHandler (ContextHandler.java:doStop(910)) - Stopped o.e.j.s.ServletContextHandler@74ba6ff5{/static,jar:file:/home/user/.m2/repository/org/apache/hadoop/hadoop-hdds-container-service/0.5.0-SNAPSHOT/hadoop-hdds-container-service-0.5.0-SNAPSHOT.jar!/webapps/static,UNAVAILABLE}
2019-10-01 03:07:45,805 [Thread-3023] INFO  impl.FollowerState (FollowerState.java:run(117)) - aa50838b-9bca-41ae-9019-de087e69da85@group-CC18AB24BB58-FollowerState was interrupted: java.lang.InterruptedException: sleep interrupted
2019-10-01 03:07:45,805 [main] INFO  impl.StateMachineUpdater (StateMachineUpdater.java:stopAndJoin(136)) - aa50838b-9bca-41ae-9019-de087e69da85@group-CC18AB24BB58-StateMachineUpdater: set stopIndex = 2
2019-10-01 03:07:45,805 [ForkJoinPool.commonPool-worker-1] INFO  handler.ContextHandler (ContextHandler.java:doStop(910)) - Stopped o.e.j.s.ServletContextHandler@5db3d57c{/logs,file:///workdir/hadoop-ozone/integration-test/target/log,UNAVAILABLE}
2019-10-01 03:07:45,805 [main] INFO  impl.RaftServerImpl (ServerState.java:close(387)) - aa50838b-9bca-41ae-9019-de087e69da85@group-CC18AB24BB58: closes. applyIndex: 2
2019-10-01 03:07:45,806 [aa50838b-9bca-41ae-9019-de087e69da85@group-CC18AB24BB58-SegmentedRaftLogWorker] INFO  segmented.SegmentedRaftLogWorker (SegmentedRaftLogWorker.java:run(316)) - aa50838b-9bca-41ae-9019-de087e69da85@group-CC18AB24BB58-SegmentedRaftLogWorker was interrupted, exiting. There are 0 tasks remaining in the queue.
2019-10-01 03:07:45,806 [ForkJoinPool.commonPool-worker-1] INFO  impl.RaftServerImpl (RaftServerImpl.java:lambda$shutdown$3(247)) - aa50838b-9bca-41ae-9019-de087e69da85@group-3D44A98526F1: shutdown
2019-10-01 03:07:45,808 [main] INFO  segmented.SegmentedRaftLogWorker (SegmentedRaftLogWorker.java:close(224)) - aa50838b-9bca-41ae-9019-de087e69da85@group-CC18AB24BB58-SegmentedRaftLogWorker close()
2019-10-01 03:07:45,808 [ForkJoinPool.commonPool-worker-1] INFO  util.JmxRegister (JmxRegister.java:unregister(73)) - Successfully un-registered JMX Bean with object name Ratis:service=RaftServer,group=group-3D44A98526F1,id=aa50838b-9bca-41ae-9019-de087e69da85
2019-10-01 03:07:45,810 [ForkJoinPool.commonPool-worker-1] INFO  impl.RoleInfo (RoleInfo.java:shutdownLeaderState(104)) - aa50838b-9bca-41ae-9019-de087e69da85: shutdown LeaderState
2019-10-01 03:07:45,812 [org.apache.ratis.server.impl.LogAppender$AppenderDaemon$$Lambda$489/1153833993@bb65d77] WARN  server.GrpcLogAppender (GrpcLogAppender.java:mayWait(143)) - aa50838b-9bca-41ae-9019-de087e69da85@group-3D44A98526F1->f56bbf36-021a-4531-8ada-dba823737717-GrpcLogAppender: Wait interrupted by java.lang.InterruptedException
2019-10-01 03:07:45,812 [ForkJoinPool.commonPool-worker-1] INFO  impl.PendingRequests (PendingRequests.java:sendNotLeaderResponses(202)) - aa50838b-9bca-41ae-9019-de087e69da85@group-3D44A98526F1-PendingRequests: sendNotLeaderResponses
2019-10-01 03:07:45,812 [org.apache.ratis.server.impl.LogAppender$AppenderDaemon$$Lambda$489/1153833993@2ad684ad] WARN  server.GrpcLogAppender (GrpcLogAppender.java:mayWait(143)) - aa50838b-9bca-41ae-9019-de087e69da85@group-3D44A98526F1->7404321f-209f-457d-9de5-d648d2bc600a-GrpcLogAppender: Wait interrupted by java.lang.InterruptedException
2019-10-01 03:07:45,813 [ForkJoinPool.commonPool-worker-1] INFO  impl.StateMachineUpdater (StateMachineUpdater.java:stopAndJoin(136)) - aa50838b-9bca-41ae-9019-de087e69da85@group-3D44A98526F1-StateMachineUpdater: set stopIndex = 0
2019-10-01 03:07:45,813 [ForkJoinPool.commonPool-worker-1] INFO  impl.RaftServerImpl (ServerState.java:close(387)) - aa50838b-9bca-41ae-9019-de087e69da85@group-3D44A98526F1: closes. applyIndex: 0
2019-10-01 03:07:45,813 [aa50838b-9bca-41ae-9019-de087e69da85@group-3D44A98526F1-SegmentedRaftLogWorker] INFO  segmented.SegmentedRaftLogWorker (SegmentedRaftLogWorker.java:run(316)) - aa50838b-9bca-41ae-9019-de087e69da85@group-3D44A98526F1-SegmentedRaftLogWorker was interrupted, exiting. There are 0 tasks remaining in the queue.
2019-10-01 03:07:45,814 [ForkJoinPool.commonPool-worker-1] INFO  segmented.SegmentedRaftLogWorker (SegmentedRaftLogWorker.java:close(224)) - aa50838b-9bca-41ae-9019-de087e69da85@group-3D44A98526F1-SegmentedRaftLogWorker close()
2019-10-01 03:07:45,820 [ForkJoinPool.commonPool-worker-1] INFO  impl.RaftServerImpl (RaftServerImpl.java:lambda$shutdown$3(247)) - aa50838b-9bca-41ae-9019-de087e69da85@group-2964750D5D22: shutdown
2019-10-01 03:07:45,820 [ForkJoinPool.commonPool-worker-1] INFO  util.JmxRegister (JmxRegister.java:unregister(73)) - Successfully un-registered JMX Bean with object name Ratis:service=RaftServer,group=group-2964750D5D22,id=aa50838b-9bca-41ae-9019-de087e69da85
2019-10-01 03:07:45,820 [ForkJoinPool.commonPool-worker-1] INFO  impl.RoleInfo (RoleInfo.java:shutdownLeaderState(104)) - aa50838b-9bca-41ae-9019-de087e69da85: shutdown LeaderState
2019-10-01 03:07:45,822 [org.apache.ratis.server.impl.LogAppender$AppenderDaemon$$Lambda$489/1153833993@1d121c96] WARN  server.GrpcLogAppender (GrpcLogAppender.java:mayWait(143)) - aa50838b-9bca-41ae-9019-de087e69da85@group-2964750D5D22->f56bbf36-021a-4531-8ada-dba823737717-GrpcLogAppender: Wait interrupted by java.lang.InterruptedException
2019-10-01 03:07:45,822 [ForkJoinPool.commonPool-worker-1] INFO  impl.PendingRequests (PendingRequests.java:sendNotLeaderResponses(202)) - aa50838b-9bca-41ae-9019-de087e69da85@group-2964750D5D22-PendingRequests: sendNotLeaderResponses
2019-10-01 03:07:45,822 [org.apache.ratis.server.impl.LogAppender$AppenderDaemon$$Lambda$489/1153833993@8fb1156] WARN  server.GrpcLogAppender (GrpcLogAppender.java:mayWait(143)) - aa50838b-9bca-41ae-9019-de087e69da85@group-2964750D5D22->7404321f-209f-457d-9de5-d648d2bc600a-GrpcLogAppender: Wait interrupted by java.lang.InterruptedException
2019-10-01 03:07:45,823 [ForkJoinPool.commonPool-worker-1] INFO  impl.StateMachineUpdater (StateMachineUpdater.java:stopAndJoin(136)) - aa50838b-9bca-41ae-9019-de087e69da85@group-2964750D5D22-StateMachineUpdater: set stopIndex = 0
2019-10-01 03:07:45,823 [ForkJoinPool.commonPool-worker-1] INFO  impl.RaftServerImpl (ServerState.java:close(387)) - aa50838b-9bca-41ae-9019-de087e69da85@group-2964750D5D22: closes. applyIndex: 0
2019-10-01 03:07:45,823 [aa50838b-9bca-41ae-9019-de087e69da85@group-2964750D5D22-SegmentedRaftLogWorker] INFO  segmented.SegmentedRaftLogWorker (SegmentedRaftLogWorker.java:run(316)) - aa50838b-9bca-41ae-9019-de087e69da85@group-2964750D5D22-SegmentedRaftLogWorker was interrupted, exiting. There are 0 tasks remaining in the queue.
2019-10-01 03:07:45,823 [ForkJoinPool.commonPool-worker-1] INFO  segmented.SegmentedRaftLogWorker (SegmentedRaftLogWorker.java:close(224)) - aa50838b-9bca-41ae-9019-de087e69da85@group-2964750D5D22-SegmentedRaftLogWorker close()
2019-10-01 03:07:45,823 [main] INFO  server.GrpcService (GrpcService.java:closeImpl(164)) - aa50838b-9bca-41ae-9019-de087e69da85: shutdown server with port 39705 now
2019-10-01 03:07:45,824 [main] INFO  server.GrpcService (GrpcService.java:closeImpl(172)) - aa50838b-9bca-41ae-9019-de087e69da85: shutdown server with port 39705 successfully
2019-10-01 03:07:45,826 [refreshUsed-/workdir/hadoop-ozone/integration-test/target/test-dir/MiniOzoneClusterImpl-6e28ac15-3a1e-4d59-8f42-f38d89fb0b8d/datanode-7/data/containers] WARN  fs.CachingGetSpaceUsed (CachingGetSpaceUsed.java:run(183)) - Thread Interrupted waiting to refresh disk information: sleep interrupted
2019-10-01 03:07:45,837 [main] INFO  utils.BackgroundService (BackgroundService.java:shutdown(148)) - Shutting down service BlockDeletingService
2019-10-01 03:07:45,841 [main] INFO  statemachine.DatanodeStateMachine (DatanodeStateMachine.java:stopDaemon(395)) - Ozone container server stopped.
2019-10-01 03:07:45,842 [main] INFO  handler.ContextHandler (ContextHandler.java:doStop(910)) - Stopped o.e.j.w.WebAppContext@17c4dc5b{/,null,UNAVAILABLE}{/hddsDatanode}
2019-10-01 03:07:45,843 [main] INFO  server.AbstractConnector (AbstractConnector.java:doStop(318)) - Stopped ServerConnector@6b0f266e{HTTP/1.1,[http/1.1]}{0.0.0.0:0}
2019-10-01 03:07:45,843 [main] INFO  handler.ContextHandler (ContextHandler.java:doStop(910)) - Stopped o.e.j.s.ServletContextHandler@3e6ec74{/static,jar:file:/home/user/.m2/repository/org/apache/hadoop/hadoop-hdds-container-service/0.5.0-SNAPSHOT/hadoop-hdds-container-service-0.5.0-SNAPSHOT.jar!/webapps/static,UNAVAILABLE}
2019-10-01 03:07:45,843 [main] INFO  handler.ContextHandler (ContextHandler.java:doStop(910)) - Stopped o.e.j.s.ServletContextHandler@6094de13{/logs,file:///workdir/hadoop-ozone/integration-test/target/log,UNAVAILABLE}
2019-10-01 03:07:45,844 [main] INFO  ozone.MiniOzoneClusterImpl (MiniOzoneClusterImpl.java:stopSCM(392)) - Stopping the StorageContainerManager
2019-10-01 03:07:45,844 [main] INFO  server.StorageContainerManager (StorageContainerManager.java:stop(808)) - Stopping Replication Manager Service.
2019-10-01 03:07:45,844 [main] INFO  container.ReplicationManager (ReplicationManager.java:stop(203)) - Stopping Replication Monitor Thread.
2019-10-01 03:07:45,844 [main] INFO  server.StorageContainerManager (StorageContainerManager.java:stop(815)) - Stopping Lease Manager of the command watchers
2019-10-01 03:07:45,845 [main] INFO  server.StorageContainerManager (StorageContainerManager.java:stop(822)) - Stopping datanode service RPC server
2019-10-01 03:07:45,845 [main] INFO  server.SCMDatanodeProtocolServer (SCMDatanodeProtocolServer.java:stop(367)) - Stopping the RPC server for DataNodes
2019-10-01 03:07:45,845 [main] INFO  ipc.Server (Server.java:stop(3082)) - Stopping server on 35324
2019-10-01 03:07:45,847 [IPC Server listener on 35324] INFO  ipc.Server (Server.java:run(1185)) - Stopping IPC Server listener on 35324
2019-10-01 03:07:45,847 [IPC Server Responder] INFO  ipc.Server (Server.java:run(1319)) - Stopping IPC Server Responder
2019-10-01 03:07:45,865 [SCM Heartbeat Processing Thread - 0] WARN  node.NodeStateManager (NodeStateManager.java:scheduleNextHealthCheck(646)) - Current Thread is interrupted, shutting down HB processing thread for Node Manager.
2019-10-01 03:07:45,866 [main] INFO  server.StorageContainerManager (StorageContainerManager.java:stop(830)) - Stopping block service RPC server
2019-10-01 03:07:45,866 [main] INFO  server.SCMBlockProtocolServer (SCMBlockProtocolServer.java:stop(155)) - Stopping the RPC server for Block Protocol
2019-10-01 03:07:45,866 [main] INFO  ipc.Server (Server.java:stop(3082)) - Stopping server on 40588
2019-10-01 03:07:45,868 [IPC Server listener on 40588] INFO  ipc.Server (Server.java:run(1185)) - Stopping IPC Server listener on 40588
2019-10-01 03:07:45,868 [main] INFO  server.StorageContainerManager (StorageContainerManager.java:stop(837)) - Stopping the StorageContainerLocationProtocol RPC server
2019-10-01 03:07:45,870 [IPC Server Responder] INFO  ipc.Server (Server.java:run(1319)) - Stopping IPC Server Responder
2019-10-01 03:07:45,870 [main] INFO  server.SCMClientProtocolServer (SCMClientProtocolServer.java:stop(158)) - Stopping the RPC server for Client Protocol
2019-10-01 03:07:45,870 [main] INFO  ipc.Server (Server.java:stop(3082)) - Stopping server on 38526
2019-10-01 03:07:45,872 [IPC Server listener on 38526] INFO  ipc.Server (Server.java:run(1185)) - Stopping IPC Server listener on 38526
2019-10-01 03:07:45,872 [main] INFO  server.StorageContainerManager (StorageContainerManager.java:stop(844)) - Stopping Storage Container Manager HTTP server.
2019-10-01 03:07:45,874 [IPC Server Responder] INFO  ipc.Server (Server.java:run(1319)) - Stopping IPC Server Responder
2019-10-01 03:07:45,874 [main] INFO  handler.ContextHandler (ContextHandler.java:doStop(910)) - Stopped o.e.j.w.WebAppContext@14fc9bd{/,null,UNAVAILABLE}{/scm}
2019-10-01 03:07:45,875 [main] INFO  server.AbstractConnector (AbstractConnector.java:doStop(318)) - Stopped ServerConnector@7ed49a7f{HTTP/1.1,[http/1.1]}{0.0.0.0:0}
2019-10-01 03:07:45,875 [main] INFO  handler.ContextHandler (ContextHandler.java:doStop(910)) - Stopped o.e.j.s.ServletContextHandler@3b78c683{/static,file:///workdir/hadoop-ozone/integration-test/target/test-classes/webapps/static,UNAVAILABLE}
2019-10-01 03:07:45,875 [main] INFO  handler.ContextHandler (ContextHandler.java:doStop(910)) - Stopped o.e.j.s.ServletContextHandler@446e7065{/logs,file:///workdir/hadoop-ozone/integration-test/target/log,UNAVAILABLE}
2019-10-01 03:07:45,876 [main] INFO  server.StorageContainerManager (StorageContainerManager.java:stop(855)) - Stopping Block Manager Service.
2019-10-01 03:07:45,876 [main] INFO  utils.BackgroundService (BackgroundService.java:shutdown(148)) - Shutting down service SCMBlockDeletingService
2019-10-01 03:07:45,876 [main] INFO  utils.BackgroundService (BackgroundService.java:shutdown(148)) - Shutting down service SCMBlockDeletingService
2019-10-01 03:07:45,877 [main] INFO  server.StorageContainerManager (StorageContainerManager.java:stop(877)) - Stopping SCM Event Queue.
2019-10-01 03:07:45,882 [main] INFO  impl.MetricsSystemImpl (MetricsSystemImpl.java:stop(210)) - Stopping HddsDatanode metrics system...
2019-10-01 03:07:45,901 [main] INFO  impl.MetricsSystemImpl (MetricsSystemImpl.java:stop(216)) - HddsDatanode metrics system stopped.
]]></system-out>
    <system-err><![CDATA[Oct 01, 2019 3:07:05 AM org.apache.ratis.thirdparty.io.grpc.internal.ManagedChannelOrphanWrapper$ManagedChannelReference cleanQueue
SEVERE: *~*~*~ Channel ManagedChannelImpl{logId=1450, target=192.168.151.109:39331} was not shutdown properly!!! ~*~*~*
    Make sure to call shutdown()/shutdownNow() and wait until awaitTermination() returns true.
java.lang.RuntimeException: ManagedChannel allocation site
	at org.apache.ratis.thirdparty.io.grpc.internal.ManagedChannelOrphanWrapper$ManagedChannelReference.<init>(ManagedChannelOrphanWrapper.java:103)
	at org.apache.ratis.thirdparty.io.grpc.internal.ManagedChannelOrphanWrapper.<init>(ManagedChannelOrphanWrapper.java:53)
	at org.apache.ratis.thirdparty.io.grpc.internal.ManagedChannelOrphanWrapper.<init>(ManagedChannelOrphanWrapper.java:44)
	at org.apache.ratis.thirdparty.io.grpc.internal.AbstractManagedChannelImplBuilder.build(AbstractManagedChannelImplBuilder.java:411)
	at org.apache.hadoop.hdds.scm.XceiverClientGrpc.connectToDatanode(XceiverClientGrpc.java:181)
	at org.apache.hadoop.hdds.scm.XceiverClientGrpc.reconnect(XceiverClientGrpc.java:429)
	at org.apache.hadoop.hdds.scm.XceiverClientGrpc.sendCommandAsync(XceiverClientGrpc.java:378)
	at org.apache.hadoop.hdds.scm.XceiverClientGrpc.sendCommandWithRetry(XceiverClientGrpc.java:291)
	at org.apache.hadoop.hdds.scm.XceiverClientGrpc.sendCommandWithTraceIDAndRetry(XceiverClientGrpc.java:257)
	at org.apache.hadoop.hdds.scm.XceiverClientGrpc.sendCommand(XceiverClientGrpc.java:240)
	at org.apache.hadoop.hdds.scm.storage.ContainerProtocolCalls.readChunk(ContainerProtocolCalls.java:245)
	at org.apache.hadoop.hdds.scm.storage.ChunkInputStream.readChunk(ChunkInputStream.java:335)
	at org.apache.hadoop.hdds.scm.storage.ChunkInputStream.readChunkFromContainer(ChunkInputStream.java:307)
	at org.apache.hadoop.hdds.scm.storage.ChunkInputStream.prepareRead(ChunkInputStream.java:259)
	at org.apache.hadoop.hdds.scm.storage.ChunkInputStream.read(ChunkInputStream.java:144)
	at org.apache.hadoop.hdds.scm.storage.BlockInputStream.read(BlockInputStream.java:239)
	at org.apache.hadoop.ozone.client.io.KeyInputStream.read(KeyInputStream.java:171)
	at org.apache.hadoop.ozone.client.io.OzoneInputStream.read(OzoneInputStream.java:47)
	at java.io.InputStream.read(InputStream.java:101)
	at org.apache.hadoop.ozone.container.ContainerTestHelper.validateData(ContainerTestHelper.java:714)
	at org.apache.hadoop.ozone.client.rpc.TestFailureHandlingByClient.validateData(TestFailureHandlingByClient.java:413)
	at org.apache.hadoop.ozone.client.rpc.TestFailureHandlingByClient.testContainerExclusionWithClosedContainerException(TestFailureHandlingByClient.java:277)
	at sun.reflect.NativeMethodAccessorImpl.invoke0(Native Method)
	at sun.reflect.NativeMethodAccessorImpl.invoke(NativeMethodAccessorImpl.java:62)
	at sun.reflect.DelegatingMethodAccessorImpl.invoke(DelegatingMethodAccessorImpl.java:43)
	at java.lang.reflect.Method.invoke(Method.java:498)
	at org.junit.runners.model.FrameworkMethod$1.runReflectiveCall(FrameworkMethod.java:47)
	at org.junit.internal.runners.model.ReflectiveCallable.run(ReflectiveCallable.java:12)
	at org.junit.runners.model.FrameworkMethod.invokeExplosively(FrameworkMethod.java:44)
	at org.junit.internal.runners.statements.InvokeMethod.evaluate(InvokeMethod.java:17)
	at org.junit.internal.runners.statements.RunAfters.evaluate(RunAfters.java:27)
	at org.junit.runners.ParentRunner.runLeaf(ParentRunner.java:271)
	at org.junit.runners.BlockJUnit4ClassRunner.runChild(BlockJUnit4ClassRunner.java:70)
	at org.junit.runners.BlockJUnit4ClassRunner.runChild(BlockJUnit4ClassRunner.java:50)
	at org.junit.runners.ParentRunner$3.run(ParentRunner.java:238)
	at org.junit.runners.ParentRunner$1.schedule(ParentRunner.java:63)
	at org.junit.runners.ParentRunner.runChildren(ParentRunner.java:236)
	at org.junit.runners.ParentRunner.access$000(ParentRunner.java:53)
	at org.junit.runners.ParentRunner$2.evaluate(ParentRunner.java:229)
	at org.junit.runners.ParentRunner.run(ParentRunner.java:309)
	at org.apache.maven.surefire.junit4.JUnit4Provider.execute(JUnit4Provider.java:365)
	at org.apache.maven.surefire.junit4.JUnit4Provider.executeWithRerun(JUnit4Provider.java:273)
	at org.apache.maven.surefire.junit4.JUnit4Provider.executeTestSet(JUnit4Provider.java:238)
	at org.apache.maven.surefire.junit4.JUnit4Provider.invoke(JUnit4Provider.java:159)
	at org.apache.maven.surefire.booter.ForkedBooter.invokeProviderInSameClassLoader(ForkedBooter.java:384)
	at org.apache.maven.surefire.booter.ForkedBooter.runSuitesInProcess(ForkedBooter.java:345)
	at org.apache.maven.surefire.booter.ForkedBooter.execute(ForkedBooter.java:126)
	at org.apache.maven.surefire.booter.ForkedBooter.main(ForkedBooter.java:418)

Oct 01, 2019 3:07:05 AM org.apache.ratis.thirdparty.io.grpc.internal.ManagedChannelOrphanWrapper$ManagedChannelReference cleanQueue
SEVERE: *~*~*~ Channel ManagedChannelImpl{logId=1914, target=192.168.151.109:40461} was not shutdown properly!!! ~*~*~*
    Make sure to call shutdown()/shutdownNow() and wait until awaitTermination() returns true.
java.lang.RuntimeException: ManagedChannel allocation site
	at org.apache.ratis.thirdparty.io.grpc.internal.ManagedChannelOrphanWrapper$ManagedChannelReference.<init>(ManagedChannelOrphanWrapper.java:103)
	at org.apache.ratis.thirdparty.io.grpc.internal.ManagedChannelOrphanWrapper.<init>(ManagedChannelOrphanWrapper.java:53)
	at org.apache.ratis.thirdparty.io.grpc.internal.ManagedChannelOrphanWrapper.<init>(ManagedChannelOrphanWrapper.java:44)
	at org.apache.ratis.thirdparty.io.grpc.internal.AbstractManagedChannelImplBuilder.build(AbstractManagedChannelImplBuilder.java:411)
	at org.apache.hadoop.hdds.scm.XceiverClientGrpc.connectToDatanode(XceiverClientGrpc.java:181)
	at org.apache.hadoop.hdds.scm.XceiverClientGrpc.reconnect(XceiverClientGrpc.java:429)
	at org.apache.hadoop.hdds.scm.XceiverClientGrpc.sendCommandAsync(XceiverClientGrpc.java:378)
	at org.apache.hadoop.hdds.scm.XceiverClientGrpc.sendCommandWithRetry(XceiverClientGrpc.java:291)
	at org.apache.hadoop.hdds.scm.XceiverClientGrpc.sendCommandWithTraceIDAndRetry(XceiverClientGrpc.java:257)
	at org.apache.hadoop.hdds.scm.XceiverClientGrpc.sendCommand(XceiverClientGrpc.java:240)
	at org.apache.hadoop.hdds.scm.storage.ContainerProtocolCalls.readChunk(ContainerProtocolCalls.java:245)
	at org.apache.hadoop.hdds.scm.storage.ChunkInputStream.readChunk(ChunkInputStream.java:335)
	at org.apache.hadoop.hdds.scm.storage.ChunkInputStream.readChunkFromContainer(ChunkInputStream.java:307)
	at org.apache.hadoop.hdds.scm.storage.ChunkInputStream.prepareRead(ChunkInputStream.java:259)
	at org.apache.hadoop.hdds.scm.storage.ChunkInputStream.read(ChunkInputStream.java:144)
	at org.apache.hadoop.hdds.scm.storage.BlockInputStream.read(BlockInputStream.java:239)
	at org.apache.hadoop.ozone.client.io.KeyInputStream.read(KeyInputStream.java:171)
	at org.apache.hadoop.ozone.client.io.OzoneInputStream.read(OzoneInputStream.java:47)
	at java.io.InputStream.read(InputStream.java:101)
	at org.apache.hadoop.ozone.container.ContainerTestHelper.validateData(ContainerTestHelper.java:714)
	at org.apache.hadoop.ozone.client.rpc.TestFailureHandlingByClient.validateData(TestFailureHandlingByClient.java:413)
	at org.apache.hadoop.ozone.client.rpc.TestFailureHandlingByClient.testWriteSmallFile(TestFailureHandlingByClient.java:217)
	at sun.reflect.NativeMethodAccessorImpl.invoke0(Native Method)
	at sun.reflect.NativeMethodAccessorImpl.invoke(NativeMethodAccessorImpl.java:62)
	at sun.reflect.DelegatingMethodAccessorImpl.invoke(DelegatingMethodAccessorImpl.java:43)
	at java.lang.reflect.Method.invoke(Method.java:498)
	at org.junit.runners.model.FrameworkMethod$1.runReflectiveCall(FrameworkMethod.java:47)
	at org.junit.internal.runners.model.ReflectiveCallable.run(ReflectiveCallable.java:12)
	at org.junit.runners.model.FrameworkMethod.invokeExplosively(FrameworkMethod.java:44)
	at org.junit.internal.runners.statements.InvokeMethod.evaluate(InvokeMethod.java:17)
	at org.junit.internal.runners.statements.RunAfters.evaluate(RunAfters.java:27)
	at org.junit.runners.ParentRunner.runLeaf(ParentRunner.java:271)
	at org.junit.runners.BlockJUnit4ClassRunner.runChild(BlockJUnit4ClassRunner.java:70)
	at org.junit.runners.BlockJUnit4ClassRunner.runChild(BlockJUnit4ClassRunner.java:50)
	at org.junit.runners.ParentRunner$3.run(ParentRunner.java:238)
	at org.junit.runners.ParentRunner$1.schedule(ParentRunner.java:63)
	at org.junit.runners.ParentRunner.runChildren(ParentRunner.java:236)
	at org.junit.runners.ParentRunner.access$000(ParentRunner.java:53)
	at org.junit.runners.ParentRunner$2.evaluate(ParentRunner.java:229)
	at org.junit.runners.ParentRunner.run(ParentRunner.java:309)
	at org.apache.maven.surefire.junit4.JUnit4Provider.execute(JUnit4Provider.java:365)
	at org.apache.maven.surefire.junit4.JUnit4Provider.executeWithRerun(JUnit4Provider.java:273)
	at org.apache.maven.surefire.junit4.JUnit4Provider.executeTestSet(JUnit4Provider.java:238)
	at org.apache.maven.surefire.junit4.JUnit4Provider.invoke(JUnit4Provider.java:159)
	at org.apache.maven.surefire.booter.ForkedBooter.invokeProviderInSameClassLoader(ForkedBooter.java:384)
	at org.apache.maven.surefire.booter.ForkedBooter.runSuitesInProcess(ForkedBooter.java:345)
	at org.apache.maven.surefire.booter.ForkedBooter.execute(ForkedBooter.java:126)
	at org.apache.maven.surefire.booter.ForkedBooter.main(ForkedBooter.java:418)

Oct 01, 2019 3:07:05 AM org.apache.ratis.thirdparty.io.grpc.internal.ManagedChannelOrphanWrapper$ManagedChannelReference cleanQueue
SEVERE: *~*~*~ Channel ManagedChannelImpl{logId=1445, target=192.168.151.109:39885} was not shutdown properly!!! ~*~*~*
    Make sure to call shutdown()/shutdownNow() and wait until awaitTermination() returns true.
java.lang.RuntimeException: ManagedChannel allocation site
	at org.apache.ratis.thirdparty.io.grpc.internal.ManagedChannelOrphanWrapper$ManagedChannelReference.<init>(ManagedChannelOrphanWrapper.java:103)
	at org.apache.ratis.thirdparty.io.grpc.internal.ManagedChannelOrphanWrapper.<init>(ManagedChannelOrphanWrapper.java:53)
	at org.apache.ratis.thirdparty.io.grpc.internal.ManagedChannelOrphanWrapper.<init>(ManagedChannelOrphanWrapper.java:44)
	at org.apache.ratis.thirdparty.io.grpc.internal.AbstractManagedChannelImplBuilder.build(AbstractManagedChannelImplBuilder.java:411)
	at org.apache.hadoop.hdds.scm.XceiverClientGrpc.connectToDatanode(XceiverClientGrpc.java:181)
	at org.apache.hadoop.hdds.scm.XceiverClientGrpc.reconnect(XceiverClientGrpc.java:429)
	at org.apache.hadoop.hdds.scm.XceiverClientGrpc.sendCommandAsync(XceiverClientGrpc.java:378)
	at org.apache.hadoop.hdds.scm.XceiverClientGrpc.sendCommandWithRetry(XceiverClientGrpc.java:291)
	at org.apache.hadoop.hdds.scm.XceiverClientGrpc.sendCommandWithTraceIDAndRetry(XceiverClientGrpc.java:257)
	at org.apache.hadoop.hdds.scm.XceiverClientGrpc.sendCommand(XceiverClientGrpc.java:240)
	at org.apache.hadoop.hdds.scm.storage.ContainerProtocolCalls.getBlock(ContainerProtocolCalls.java:118)
	at org.apache.hadoop.hdds.scm.storage.BlockInputStream.getChunkInfos(BlockInputStream.java:167)
	at org.apache.hadoop.hdds.scm.storage.BlockInputStream.initialize(BlockInputStream.java:118)
	at org.apache.hadoop.hdds.scm.storage.BlockInputStream.read(BlockInputStream.java:222)
	at org.apache.hadoop.ozone.client.io.KeyInputStream.read(KeyInputStream.java:171)
	at org.apache.hadoop.ozone.client.io.OzoneInputStream.read(OzoneInputStream.java:47)
	at java.io.InputStream.read(InputStream.java:101)
	at org.apache.hadoop.ozone.container.ContainerTestHelper.validateData(ContainerTestHelper.java:714)
	at org.apache.hadoop.ozone.client.rpc.TestFailureHandlingByClient.validateData(TestFailureHandlingByClient.java:413)
	at org.apache.hadoop.ozone.client.rpc.TestFailureHandlingByClient.testContainerExclusionWithClosedContainerException(TestFailureHandlingByClient.java:277)
	at sun.reflect.NativeMethodAccessorImpl.invoke0(Native Method)
	at sun.reflect.NativeMethodAccessorImpl.invoke(NativeMethodAccessorImpl.java:62)
	at sun.reflect.DelegatingMethodAccessorImpl.invoke(DelegatingMethodAccessorImpl.java:43)
	at java.lang.reflect.Method.invoke(Method.java:498)
	at org.junit.runners.model.FrameworkMethod$1.runReflectiveCall(FrameworkMethod.java:47)
	at org.junit.internal.runners.model.ReflectiveCallable.run(ReflectiveCallable.java:12)
	at org.junit.runners.model.FrameworkMethod.invokeExplosively(FrameworkMethod.java:44)
	at org.junit.internal.runners.statements.InvokeMethod.evaluate(InvokeMethod.java:17)
	at org.junit.internal.runners.statements.RunAfters.evaluate(RunAfters.java:27)
	at org.junit.runners.ParentRunner.runLeaf(ParentRunner.java:271)
	at org.junit.runners.BlockJUnit4ClassRunner.runChild(BlockJUnit4ClassRunner.java:70)
	at org.junit.runners.BlockJUnit4ClassRunner.runChild(BlockJUnit4ClassRunner.java:50)
	at org.junit.runners.ParentRunner$3.run(ParentRunner.java:238)
	at org.junit.runners.ParentRunner$1.schedule(ParentRunner.java:63)
	at org.junit.runners.ParentRunner.runChildren(ParentRunner.java:236)
	at org.junit.runners.ParentRunner.access$000(ParentRunner.java:53)
	at org.junit.runners.ParentRunner$2.evaluate(ParentRunner.java:229)
	at org.junit.runners.ParentRunner.run(ParentRunner.java:309)
	at org.apache.maven.surefire.junit4.JUnit4Provider.execute(JUnit4Provider.java:365)
	at org.apache.maven.surefire.junit4.JUnit4Provider.executeWithRerun(JUnit4Provider.java:273)
	at org.apache.maven.surefire.junit4.JUnit4Provider.executeTestSet(JUnit4Provider.java:238)
	at org.apache.maven.surefire.junit4.JUnit4Provider.invoke(JUnit4Provider.java:159)
	at org.apache.maven.surefire.booter.ForkedBooter.invokeProviderInSameClassLoader(ForkedBooter.java:384)
	at org.apache.maven.surefire.booter.ForkedBooter.runSuitesInProcess(ForkedBooter.java:345)
	at org.apache.maven.surefire.booter.ForkedBooter.execute(ForkedBooter.java:126)
	at org.apache.maven.surefire.booter.ForkedBooter.main(ForkedBooter.java:418)

Oct 01, 2019 3:07:05 AM org.apache.ratis.thirdparty.io.grpc.internal.ManagedChannelOrphanWrapper$ManagedChannelReference cleanQueue
SEVERE: *~*~*~ Channel ManagedChannelImpl{logId=1895, target=192.168.151.109:38992} was not shutdown properly!!! ~*~*~*
    Make sure to call shutdown()/shutdownNow() and wait until awaitTermination() returns true.
java.lang.RuntimeException: ManagedChannel allocation site
	at org.apache.ratis.thirdparty.io.grpc.internal.ManagedChannelOrphanWrapper$ManagedChannelReference.<init>(ManagedChannelOrphanWrapper.java:103)
	at org.apache.ratis.thirdparty.io.grpc.internal.ManagedChannelOrphanWrapper.<init>(ManagedChannelOrphanWrapper.java:53)
	at org.apache.ratis.thirdparty.io.grpc.internal.ManagedChannelOrphanWrapper.<init>(ManagedChannelOrphanWrapper.java:44)
	at org.apache.ratis.thirdparty.io.grpc.internal.AbstractManagedChannelImplBuilder.build(AbstractManagedChannelImplBuilder.java:411)
	at org.apache.ratis.grpc.client.GrpcClientProtocolClient.<init>(GrpcClientProtocolClient.java:128)
	at org.apache.ratis.grpc.client.GrpcClientRpc.lambda$new$0(GrpcClientRpc.java:55)
	at org.apache.ratis.util.PeerProxyMap$PeerAndProxy.lambda$getProxy$0(PeerProxyMap.java:61)
	at org.apache.ratis.util.LifeCycle.startAndTransition(LifeCycle.java:202)
	at org.apache.ratis.util.PeerProxyMap$PeerAndProxy.getProxy(PeerProxyMap.java:60)
	at org.apache.ratis.util.PeerProxyMap.getProxy(PeerProxyMap.java:108)
	at org.apache.ratis.grpc.client.GrpcClientRpc.sendRequestAsync(GrpcClientRpc.java:66)
	at org.apache.ratis.client.impl.OrderedAsync.sendRequest(OrderedAsync.java:208)
	at org.apache.ratis.client.impl.OrderedAsync.sendRequestWithRetry(OrderedAsync.java:169)
	at org.apache.ratis.util.SlidingWindow$Client.sendOrDelayRequest(SlidingWindow.java:278)
	at org.apache.ratis.util.SlidingWindow$Client.retry(SlidingWindow.java:294)
	at org.apache.ratis.client.impl.OrderedAsync.lambda$scheduleWithTimeout$7(OrderedAsync.java:195)
	at org.apache.ratis.util.TimeoutScheduler.lambda$onTimeout$0(TimeoutScheduler.java:113)
	at org.apache.ratis.util.TimeoutScheduler.lambda$onTimeout$1(TimeoutScheduler.java:133)
	at org.apache.ratis.util.LogUtils.runAndLog(LogUtils.java:50)
	at org.apache.ratis.util.LogUtils$1.run(LogUtils.java:91)
	at java.util.concurrent.Executors$RunnableAdapter.call(Executors.java:511)
	at java.util.concurrent.FutureTask.run(FutureTask.java:266)
	at java.util.concurrent.ScheduledThreadPoolExecutor$ScheduledFutureTask.access$201(ScheduledThreadPoolExecutor.java:180)
	at java.util.concurrent.ScheduledThreadPoolExecutor$ScheduledFutureTask.run(ScheduledThreadPoolExecutor.java:293)
	at java.util.concurrent.ThreadPoolExecutor.runWorker(ThreadPoolExecutor.java:1149)
	at java.util.concurrent.ThreadPoolExecutor$Worker.run(ThreadPoolExecutor.java:624)
	at java.lang.Thread.run(Thread.java:748)

Oct 01, 2019 3:07:05 AM org.apache.ratis.thirdparty.io.grpc.internal.ManagedChannelOrphanWrapper$ManagedChannelReference cleanQueue
SEVERE: *~*~*~ Channel ManagedChannelImpl{logId=1909, target=192.168.151.109:34020} was not shutdown properly!!! ~*~*~*
    Make sure to call shutdown()/shutdownNow() and wait until awaitTermination() returns true.
java.lang.RuntimeException: ManagedChannel allocation site
	at org.apache.ratis.thirdparty.io.grpc.internal.ManagedChannelOrphanWrapper$ManagedChannelReference.<init>(ManagedChannelOrphanWrapper.java:103)
	at org.apache.ratis.thirdparty.io.grpc.internal.ManagedChannelOrphanWrapper.<init>(ManagedChannelOrphanWrapper.java:53)
	at org.apache.ratis.thirdparty.io.grpc.internal.ManagedChannelOrphanWrapper.<init>(ManagedChannelOrphanWrapper.java:44)
	at org.apache.ratis.thirdparty.io.grpc.internal.AbstractManagedChannelImplBuilder.build(AbstractManagedChannelImplBuilder.java:411)
	at org.apache.hadoop.hdds.scm.XceiverClientGrpc.connectToDatanode(XceiverClientGrpc.java:181)
	at org.apache.hadoop.hdds.scm.XceiverClientGrpc.reconnect(XceiverClientGrpc.java:429)
	at org.apache.hadoop.hdds.scm.XceiverClientGrpc.sendCommandAsync(XceiverClientGrpc.java:378)
	at org.apache.hadoop.hdds.scm.XceiverClientGrpc.sendCommandWithRetry(XceiverClientGrpc.java:291)
	at org.apache.hadoop.hdds.scm.XceiverClientGrpc.sendCommandWithTraceIDAndRetry(XceiverClientGrpc.java:257)
	at org.apache.hadoop.hdds.scm.XceiverClientGrpc.sendCommand(XceiverClientGrpc.java:240)
	at org.apache.hadoop.hdds.scm.storage.ContainerProtocolCalls.getBlock(ContainerProtocolCalls.java:118)
	at org.apache.hadoop.hdds.scm.storage.BlockInputStream.getChunkInfos(BlockInputStream.java:167)
	at org.apache.hadoop.hdds.scm.storage.BlockInputStream.initialize(BlockInputStream.java:118)
	at org.apache.hadoop.hdds.scm.storage.BlockInputStream.read(BlockInputStream.java:222)
	at org.apache.hadoop.ozone.client.io.KeyInputStream.read(KeyInputStream.java:171)
	at org.apache.hadoop.ozone.client.io.OzoneInputStream.read(OzoneInputStream.java:47)
	at java.io.InputStream.read(InputStream.java:101)
	at org.apache.hadoop.ozone.container.ContainerTestHelper.validateData(ContainerTestHelper.java:714)
	at org.apache.hadoop.ozone.client.rpc.TestFailureHandlingByClient.validateData(TestFailureHandlingByClient.java:413)
	at org.apache.hadoop.ozone.client.rpc.TestFailureHandlingByClient.testWriteSmallFile(TestFailureHandlingByClient.java:217)
	at sun.reflect.NativeMethodAccessorImpl.invoke0(Native Method)
	at sun.reflect.NativeMethodAccessorImpl.invoke(NativeMethodAccessorImpl.java:62)
	at sun.reflect.DelegatingMethodAccessorImpl.invoke(DelegatingMethodAccessorImpl.java:43)
	at java.lang.reflect.Method.invoke(Method.java:498)
	at org.junit.runners.model.FrameworkMethod$1.runReflectiveCall(FrameworkMethod.java:47)
	at org.junit.internal.runners.model.ReflectiveCallable.run(ReflectiveCallable.java:12)
	at org.junit.runners.model.FrameworkMethod.invokeExplosively(FrameworkMethod.java:44)
	at org.junit.internal.runners.statements.InvokeMethod.evaluate(InvokeMethod.java:17)
	at org.junit.internal.runners.statements.RunAfters.evaluate(RunAfters.java:27)
	at org.junit.runners.ParentRunner.runLeaf(ParentRunner.java:271)
	at org.junit.runners.BlockJUnit4ClassRunner.runChild(BlockJUnit4ClassRunner.java:70)
	at org.junit.runners.BlockJUnit4ClassRunner.runChild(BlockJUnit4ClassRunner.java:50)
	at org.junit.runners.ParentRunner$3.run(ParentRunner.java:238)
	at org.junit.runners.ParentRunner$1.schedule(ParentRunner.java:63)
	at org.junit.runners.ParentRunner.runChildren(ParentRunner.java:236)
	at org.junit.runners.ParentRunner.access$000(ParentRunner.java:53)
	at org.junit.runners.ParentRunner$2.evaluate(ParentRunner.java:229)
	at org.junit.runners.ParentRunner.run(ParentRunner.java:309)
	at org.apache.maven.surefire.junit4.JUnit4Provider.execute(JUnit4Provider.java:365)
	at org.apache.maven.surefire.junit4.JUnit4Provider.executeWithRerun(JUnit4Provider.java:273)
	at org.apache.maven.surefire.junit4.JUnit4Provider.executeTestSet(JUnit4Provider.java:238)
	at org.apache.maven.surefire.junit4.JUnit4Provider.invoke(JUnit4Provider.java:159)
	at org.apache.maven.surefire.booter.ForkedBooter.invokeProviderInSameClassLoader(ForkedBooter.java:384)
	at org.apache.maven.surefire.booter.ForkedBooter.runSuitesInProcess(ForkedBooter.java:345)
	at org.apache.maven.surefire.booter.ForkedBooter.execute(ForkedBooter.java:126)
	at org.apache.maven.surefire.booter.ForkedBooter.main(ForkedBooter.java:418)

Oct 01, 2019 3:07:05 AM org.apache.ratis.thirdparty.io.grpc.internal.ManagedChannelOrphanWrapper$ManagedChannelReference cleanQueue
SEVERE: *~*~*~ Channel ManagedChannelImpl{logId=1440, target=192.168.151.109:41860} was not shutdown properly!!! ~*~*~*
    Make sure to call shutdown()/shutdownNow() and wait until awaitTermination() returns true.
java.lang.RuntimeException: ManagedChannel allocation site
	at org.apache.ratis.thirdparty.io.grpc.internal.ManagedChannelOrphanWrapper$ManagedChannelReference.<init>(ManagedChannelOrphanWrapper.java:103)
	at org.apache.ratis.thirdparty.io.grpc.internal.ManagedChannelOrphanWrapper.<init>(ManagedChannelOrphanWrapper.java:53)
	at org.apache.ratis.thirdparty.io.grpc.internal.ManagedChannelOrphanWrapper.<init>(ManagedChannelOrphanWrapper.java:44)
	at org.apache.ratis.thirdparty.io.grpc.internal.AbstractManagedChannelImplBuilder.build(AbstractManagedChannelImplBuilder.java:411)
	at org.apache.ratis.grpc.client.GrpcClientProtocolClient.<init>(GrpcClientProtocolClient.java:128)
	at org.apache.ratis.grpc.client.GrpcClientRpc.lambda$new$0(GrpcClientRpc.java:55)
	at org.apache.ratis.util.PeerProxyMap$PeerAndProxy.lambda$getProxy$0(PeerProxyMap.java:61)
	at org.apache.ratis.util.LifeCycle.startAndTransition(LifeCycle.java:202)
	at org.apache.ratis.util.PeerProxyMap$PeerAndProxy.getProxy(PeerProxyMap.java:60)
	at org.apache.ratis.util.PeerProxyMap.getProxy(PeerProxyMap.java:108)
	at org.apache.ratis.grpc.client.GrpcClientRpc.sendRequestAsync(GrpcClientRpc.java:66)
	at org.apache.ratis.client.impl.OrderedAsync.sendRequest(OrderedAsync.java:208)
	at org.apache.ratis.client.impl.OrderedAsync.sendRequestWithRetry(OrderedAsync.java:169)
	at org.apache.ratis.util.SlidingWindow$Client.sendOrDelayRequest(SlidingWindow.java:278)
	at org.apache.ratis.util.SlidingWindow$Client.retry(SlidingWindow.java:294)
	at org.apache.ratis.client.impl.OrderedAsync.lambda$scheduleWithTimeout$7(OrderedAsync.java:195)
	at org.apache.ratis.util.TimeoutScheduler.lambda$onTimeout$0(TimeoutScheduler.java:113)
	at org.apache.ratis.util.TimeoutScheduler.lambda$onTimeout$1(TimeoutScheduler.java:133)
	at org.apache.ratis.util.LogUtils.runAndLog(LogUtils.java:50)
	at org.apache.ratis.util.LogUtils$1.run(LogUtils.java:91)
	at java.util.concurrent.Executors$RunnableAdapter.call(Executors.java:511)
	at java.util.concurrent.FutureTask.run(FutureTask.java:266)
	at java.util.concurrent.ScheduledThreadPoolExecutor$ScheduledFutureTask.access$201(ScheduledThreadPoolExecutor.java:180)
	at java.util.concurrent.ScheduledThreadPoolExecutor$ScheduledFutureTask.run(ScheduledThreadPoolExecutor.java:293)
	at java.util.concurrent.ThreadPoolExecutor.runWorker(ThreadPoolExecutor.java:1149)
	at java.util.concurrent.ThreadPoolExecutor$Worker.run(ThreadPoolExecutor.java:624)
	at java.lang.Thread.run(Thread.java:748)

Oct 01, 2019 3:07:05 AM org.apache.ratis.thirdparty.io.grpc.internal.ManagedChannelOrphanWrapper$ManagedChannelReference cleanQueue
SEVERE: *~*~*~ Channel ManagedChannelImpl{logId=1430, target=192.168.151.109:46813} was not shutdown properly!!! ~*~*~*
    Make sure to call shutdown()/shutdownNow() and wait until awaitTermination() returns true.
java.lang.RuntimeException: ManagedChannel allocation site
	at org.apache.ratis.thirdparty.io.grpc.internal.ManagedChannelOrphanWrapper$ManagedChannelReference.<init>(ManagedChannelOrphanWrapper.java:103)
	at org.apache.ratis.thirdparty.io.grpc.internal.ManagedChannelOrphanWrapper.<init>(ManagedChannelOrphanWrapper.java:53)
	at org.apache.ratis.thirdparty.io.grpc.internal.ManagedChannelOrphanWrapper.<init>(ManagedChannelOrphanWrapper.java:44)
	at org.apache.ratis.thirdparty.io.grpc.internal.AbstractManagedChannelImplBuilder.build(AbstractManagedChannelImplBuilder.java:411)
	at org.apache.ratis.grpc.client.GrpcClientProtocolClient.<init>(GrpcClientProtocolClient.java:128)
	at org.apache.ratis.grpc.client.GrpcClientRpc.lambda$new$0(GrpcClientRpc.java:55)
	at org.apache.ratis.util.PeerProxyMap$PeerAndProxy.lambda$getProxy$0(PeerProxyMap.java:61)
	at org.apache.ratis.util.LifeCycle.startAndTransition(LifeCycle.java:202)
	at org.apache.ratis.util.PeerProxyMap$PeerAndProxy.getProxy(PeerProxyMap.java:60)
	at org.apache.ratis.util.PeerProxyMap.getProxy(PeerProxyMap.java:108)
	at org.apache.ratis.grpc.client.GrpcClientRpc.sendRequestAsync(GrpcClientRpc.java:66)
	at org.apache.ratis.client.impl.OrderedAsync.sendRequest(OrderedAsync.java:208)
	at org.apache.ratis.client.impl.OrderedAsync.sendRequestWithRetry(OrderedAsync.java:169)
	at org.apache.ratis.util.SlidingWindow$Client.sendOrDelayRequest(SlidingWindow.java:278)
	at org.apache.ratis.util.SlidingWindow$Client.retry(SlidingWindow.java:294)
	at org.apache.ratis.client.impl.OrderedAsync.lambda$scheduleWithTimeout$7(OrderedAsync.java:195)
	at org.apache.ratis.util.TimeoutScheduler.lambda$onTimeout$0(TimeoutScheduler.java:113)
	at org.apache.ratis.util.TimeoutScheduler.lambda$onTimeout$1(TimeoutScheduler.java:133)
	at org.apache.ratis.util.LogUtils.runAndLog(LogUtils.java:50)
	at org.apache.ratis.util.LogUtils$1.run(LogUtils.java:91)
	at java.util.concurrent.Executors$RunnableAdapter.call(Executors.java:511)
	at java.util.concurrent.FutureTask.run(FutureTask.java:266)
	at java.util.concurrent.ScheduledThreadPoolExecutor$ScheduledFutureTask.access$201(ScheduledThreadPoolExecutor.java:180)
	at java.util.concurrent.ScheduledThreadPoolExecutor$ScheduledFutureTask.run(ScheduledThreadPoolExecutor.java:293)
	at java.util.concurrent.ThreadPoolExecutor.runWorker(ThreadPoolExecutor.java:1149)
	at java.util.concurrent.ThreadPoolExecutor$Worker.run(ThreadPoolExecutor.java:624)
	at java.lang.Thread.run(Thread.java:748)

Oct 01, 2019 3:07:05 AM org.apache.ratis.thirdparty.io.grpc.internal.ManagedChannelOrphanWrapper$ManagedChannelReference cleanQueue
SEVERE: *~*~*~ Channel ManagedChannelImpl{logId=1455, target=192.168.151.109:40912} was not shutdown properly!!! ~*~*~*
    Make sure to call shutdown()/shutdownNow() and wait until awaitTermination() returns true.
java.lang.RuntimeException: ManagedChannel allocation site
	at org.apache.ratis.thirdparty.io.grpc.internal.ManagedChannelOrphanWrapper$ManagedChannelReference.<init>(ManagedChannelOrphanWrapper.java:103)
	at org.apache.ratis.thirdparty.io.grpc.internal.ManagedChannelOrphanWrapper.<init>(ManagedChannelOrphanWrapper.java:53)
	at org.apache.ratis.thirdparty.io.grpc.internal.ManagedChannelOrphanWrapper.<init>(ManagedChannelOrphanWrapper.java:44)
	at org.apache.ratis.thirdparty.io.grpc.internal.AbstractManagedChannelImplBuilder.build(AbstractManagedChannelImplBuilder.java:411)
	at org.apache.hadoop.hdds.scm.XceiverClientGrpc.connectToDatanode(XceiverClientGrpc.java:181)
	at org.apache.hadoop.hdds.scm.XceiverClientGrpc.reconnect(XceiverClientGrpc.java:429)
	at org.apache.hadoop.hdds.scm.XceiverClientGrpc.sendCommandAsync(XceiverClientGrpc.java:378)
	at org.apache.hadoop.hdds.scm.XceiverClientGrpc.sendCommandWithRetry(XceiverClientGrpc.java:291)
	at org.apache.hadoop.hdds.scm.XceiverClientGrpc.sendCommandWithTraceIDAndRetry(XceiverClientGrpc.java:257)
	at org.apache.hadoop.hdds.scm.XceiverClientGrpc.sendCommand(XceiverClientGrpc.java:240)
	at org.apache.hadoop.hdds.scm.storage.ContainerProtocolCalls.getBlock(ContainerProtocolCalls.java:118)
	at org.apache.hadoop.hdds.scm.storage.BlockInputStream.getChunkInfos(BlockInputStream.java:167)
	at org.apache.hadoop.hdds.scm.storage.BlockInputStream.initialize(BlockInputStream.java:118)
	at org.apache.hadoop.hdds.scm.storage.BlockInputStream.read(BlockInputStream.java:222)
	at org.apache.hadoop.ozone.client.io.KeyInputStream.read(KeyInputStream.java:171)
	at org.apache.hadoop.ozone.client.io.OzoneInputStream.read(OzoneInputStream.java:47)
	at java.io.InputStream.read(InputStream.java:101)
	at org.apache.hadoop.ozone.container.ContainerTestHelper.validateData(ContainerTestHelper.java:714)
	at org.apache.hadoop.ozone.client.rpc.TestFailureHandlingByClient.validateData(TestFailureHandlingByClient.java:413)
	at org.apache.hadoop.ozone.client.rpc.TestFailureHandlingByClient.testContainerExclusionWithClosedContainerException(TestFailureHandlingByClient.java:277)
	at sun.reflect.NativeMethodAccessorImpl.invoke0(Native Method)
	at sun.reflect.NativeMethodAccessorImpl.invoke(NativeMethodAccessorImpl.java:62)
	at sun.reflect.DelegatingMethodAccessorImpl.invoke(DelegatingMethodAccessorImpl.java:43)
	at java.lang.reflect.Method.invoke(Method.java:498)
	at org.junit.runners.model.FrameworkMethod$1.runReflectiveCall(FrameworkMethod.java:47)
	at org.junit.internal.runners.model.ReflectiveCallable.run(ReflectiveCallable.java:12)
	at org.junit.runners.model.FrameworkMethod.invokeExplosively(FrameworkMethod.java:44)
	at org.junit.internal.runners.statements.InvokeMethod.evaluate(InvokeMethod.java:17)
	at org.junit.internal.runners.statements.RunAfters.evaluate(RunAfters.java:27)
	at org.junit.runners.ParentRunner.runLeaf(ParentRunner.java:271)
	at org.junit.runners.BlockJUnit4ClassRunner.runChild(BlockJUnit4ClassRunner.java:70)
	at org.junit.runners.BlockJUnit4ClassRunner.runChild(BlockJUnit4ClassRunner.java:50)
	at org.junit.runners.ParentRunner$3.run(ParentRunner.java:238)
	at org.junit.runners.ParentRunner$1.schedule(ParentRunner.java:63)
	at org.junit.runners.ParentRunner.runChildren(ParentRunner.java:236)
	at org.junit.runners.ParentRunner.access$000(ParentRunner.java:53)
	at org.junit.runners.ParentRunner$2.evaluate(ParentRunner.java:229)
	at org.junit.runners.ParentRunner.run(ParentRunner.java:309)
	at org.apache.maven.surefire.junit4.JUnit4Provider.execute(JUnit4Provider.java:365)
	at org.apache.maven.surefire.junit4.JUnit4Provider.executeWithRerun(JUnit4Provider.java:273)
	at org.apache.maven.surefire.junit4.JUnit4Provider.executeTestSet(JUnit4Provider.java:238)
	at org.apache.maven.surefire.junit4.JUnit4Provider.invoke(JUnit4Provider.java:159)
	at org.apache.maven.surefire.booter.ForkedBooter.invokeProviderInSameClassLoader(ForkedBooter.java:384)
	at org.apache.maven.surefire.booter.ForkedBooter.runSuitesInProcess(ForkedBooter.java:345)
	at org.apache.maven.surefire.booter.ForkedBooter.execute(ForkedBooter.java:126)
	at org.apache.maven.surefire.booter.ForkedBooter.main(ForkedBooter.java:418)

Oct 01, 2019 3:07:05 AM org.apache.ratis.thirdparty.io.grpc.internal.ManagedChannelOrphanWrapper$ManagedChannelReference cleanQueue
SEVERE: *~*~*~ Channel ManagedChannelImpl{logId=1904, target=192.168.151.109:34072} was not shutdown properly!!! ~*~*~*
    Make sure to call shutdown()/shutdownNow() and wait until awaitTermination() returns true.
java.lang.RuntimeException: ManagedChannel allocation site
	at org.apache.ratis.thirdparty.io.grpc.internal.ManagedChannelOrphanWrapper$ManagedChannelReference.<init>(ManagedChannelOrphanWrapper.java:103)
	at org.apache.ratis.thirdparty.io.grpc.internal.ManagedChannelOrphanWrapper.<init>(ManagedChannelOrphanWrapper.java:53)
	at org.apache.ratis.thirdparty.io.grpc.internal.ManagedChannelOrphanWrapper.<init>(ManagedChannelOrphanWrapper.java:44)
	at org.apache.ratis.thirdparty.io.grpc.internal.AbstractManagedChannelImplBuilder.build(AbstractManagedChannelImplBuilder.java:411)
	at org.apache.ratis.grpc.client.GrpcClientProtocolClient.<init>(GrpcClientProtocolClient.java:128)
	at org.apache.ratis.grpc.client.GrpcClientRpc.lambda$new$0(GrpcClientRpc.java:55)
	at org.apache.ratis.util.PeerProxyMap$PeerAndProxy.lambda$getProxy$0(PeerProxyMap.java:61)
	at org.apache.ratis.util.LifeCycle.startAndTransition(LifeCycle.java:202)
	at org.apache.ratis.util.PeerProxyMap$PeerAndProxy.getProxy(PeerProxyMap.java:60)
	at org.apache.ratis.util.PeerProxyMap.getProxy(PeerProxyMap.java:108)
	at org.apache.ratis.grpc.client.GrpcClientRpc.sendRequestAsync(GrpcClientRpc.java:66)
	at org.apache.ratis.client.impl.OrderedAsync.sendRequest(OrderedAsync.java:208)
	at org.apache.ratis.client.impl.OrderedAsync.sendRequestWithRetry(OrderedAsync.java:169)
	at org.apache.ratis.util.SlidingWindow$Client.sendOrDelayRequest(SlidingWindow.java:278)
	at org.apache.ratis.util.SlidingWindow$Client.retry(SlidingWindow.java:294)
	at org.apache.ratis.client.impl.OrderedAsync.lambda$scheduleWithTimeout$7(OrderedAsync.java:195)
	at org.apache.ratis.util.TimeoutScheduler.lambda$onTimeout$0(TimeoutScheduler.java:113)
	at org.apache.ratis.util.TimeoutScheduler.lambda$onTimeout$1(TimeoutScheduler.java:133)
	at org.apache.ratis.util.LogUtils.runAndLog(LogUtils.java:50)
	at org.apache.ratis.util.LogUtils$1.run(LogUtils.java:91)
	at java.util.concurrent.Executors$RunnableAdapter.call(Executors.java:511)
	at java.util.concurrent.FutureTask.run(FutureTask.java:266)
	at java.util.concurrent.ScheduledThreadPoolExecutor$ScheduledFutureTask.access$201(ScheduledThreadPoolExecutor.java:180)
	at java.util.concurrent.ScheduledThreadPoolExecutor$ScheduledFutureTask.run(ScheduledThreadPoolExecutor.java:293)
	at java.util.concurrent.ThreadPoolExecutor.runWorker(ThreadPoolExecutor.java:1149)
	at java.util.concurrent.ThreadPoolExecutor$Worker.run(ThreadPoolExecutor.java:624)
	at java.lang.Thread.run(Thread.java:748)

Oct 01, 2019 3:07:35 AM org.apache.ratis.thirdparty.io.grpc.internal.SerializingExecutor run
SEVERE: Exception while executing runnable org.apache.ratis.thirdparty.io.grpc.internal.ServerImpl$JumpToApplicationThreadServerStreamListener$1Closed@d0c3b38
org.apache.ratis.thirdparty.io.grpc.StatusRuntimeException: CANCELLED: call already cancelled
	at org.apache.ratis.thirdparty.io.grpc.Status.asRuntimeException(Status.java:517)
	at org.apache.ratis.thirdparty.io.grpc.stub.ServerCalls$ServerCallStreamObserverImpl.onCompleted(ServerCalls.java:356)
	at org.apache.ratis.grpc.server.GrpcServerProtocolService$ServerRequestStreamObserver.onError(GrpcServerProtocolService.java:121)
	at org.apache.ratis.thirdparty.io.grpc.stub.ServerCalls$StreamingServerCallHandler$StreamingServerCallListener.onCancel(ServerCalls.java:269)
	at org.apache.ratis.thirdparty.io.grpc.internal.ServerCallImpl$ServerStreamListenerImpl.closed(ServerCallImpl.java:293)
	at org.apache.ratis.thirdparty.io.grpc.internal.ServerImpl$JumpToApplicationThreadServerStreamListener$1Closed.runInContext(ServerImpl.java:741)
	at org.apache.ratis.thirdparty.io.grpc.internal.ContextRunnable.run(ContextRunnable.java:37)
	at org.apache.ratis.thirdparty.io.grpc.internal.SerializingExecutor.run(SerializingExecutor.java:123)
	at java.util.concurrent.ThreadPoolExecutor.runWorker(ThreadPoolExecutor.java:1149)
	at java.util.concurrent.ThreadPoolExecutor$Worker.run(ThreadPoolExecutor.java:624)
	at java.lang.Thread.run(Thread.java:748)

Oct 01, 2019 3:07:35 AM org.apache.ratis.thirdparty.io.grpc.internal.SerializingExecutor run
SEVERE: Exception while executing runnable org.apache.ratis.thirdparty.io.grpc.internal.ServerImpl$JumpToApplicationThreadServerStreamListener$1Closed@17e0fdcd
org.apache.ratis.thirdparty.io.grpc.StatusRuntimeException: CANCELLED: call already cancelled
	at org.apache.ratis.thirdparty.io.grpc.Status.asRuntimeException(Status.java:517)
	at org.apache.ratis.thirdparty.io.grpc.stub.ServerCalls$ServerCallStreamObserverImpl.onCompleted(ServerCalls.java:356)
	at org.apache.ratis.grpc.server.GrpcServerProtocolService$ServerRequestStreamObserver.onError(GrpcServerProtocolService.java:121)
	at org.apache.ratis.thirdparty.io.grpc.stub.ServerCalls$StreamingServerCallHandler$StreamingServerCallListener.onCancel(ServerCalls.java:269)
	at org.apache.ratis.thirdparty.io.grpc.internal.ServerCallImpl$ServerStreamListenerImpl.closed(ServerCallImpl.java:293)
	at org.apache.ratis.thirdparty.io.grpc.internal.ServerImpl$JumpToApplicationThreadServerStreamListener$1Closed.runInContext(ServerImpl.java:741)
	at org.apache.ratis.thirdparty.io.grpc.internal.ContextRunnable.run(ContextRunnable.java:37)
	at org.apache.ratis.thirdparty.io.grpc.internal.SerializingExecutor.run(SerializingExecutor.java:123)
	at java.util.concurrent.ThreadPoolExecutor.runWorker(ThreadPoolExecutor.java:1149)
	at java.util.concurrent.ThreadPoolExecutor$Worker.run(ThreadPoolExecutor.java:624)
	at java.lang.Thread.run(Thread.java:748)

Oct 01, 2019 3:07:40 AM org.apache.ratis.thirdparty.io.grpc.internal.SerializingExecutor run
SEVERE: Exception while executing runnable org.apache.ratis.thirdparty.io.grpc.internal.ServerImpl$JumpToApplicationThreadServerStreamListener$1Closed@73875
org.apache.ratis.thirdparty.io.grpc.StatusRuntimeException: CANCELLED: call already cancelled
	at org.apache.ratis.thirdparty.io.grpc.Status.asRuntimeException(Status.java:517)
	at org.apache.ratis.thirdparty.io.grpc.stub.ServerCalls$ServerCallStreamObserverImpl.onCompleted(ServerCalls.java:356)
	at org.apache.ratis.grpc.server.GrpcServerProtocolService$ServerRequestStreamObserver.onError(GrpcServerProtocolService.java:121)
	at org.apache.ratis.thirdparty.io.grpc.stub.ServerCalls$StreamingServerCallHandler$StreamingServerCallListener.onCancel(ServerCalls.java:269)
	at org.apache.ratis.thirdparty.io.grpc.internal.ServerCallImpl$ServerStreamListenerImpl.closed(ServerCallImpl.java:293)
	at org.apache.ratis.thirdparty.io.grpc.internal.ServerImpl$JumpToApplicationThreadServerStreamListener$1Closed.runInContext(ServerImpl.java:741)
	at org.apache.ratis.thirdparty.io.grpc.internal.ContextRunnable.run(ContextRunnable.java:37)
	at org.apache.ratis.thirdparty.io.grpc.internal.SerializingExecutor.run(SerializingExecutor.java:123)
	at java.util.concurrent.ThreadPoolExecutor.runWorker(ThreadPoolExecutor.java:1149)
	at java.util.concurrent.ThreadPoolExecutor$Worker.run(ThreadPoolExecutor.java:624)
	at java.lang.Thread.run(Thread.java:748)

Oct 01, 2019 3:07:40 AM org.apache.ratis.thirdparty.io.grpc.internal.SerializingExecutor run
SEVERE: Exception while executing runnable org.apache.ratis.thirdparty.io.grpc.internal.ServerImpl$JumpToApplicationThreadServerStreamListener$1Closed@2682f64a
org.apache.ratis.thirdparty.io.grpc.StatusRuntimeException: CANCELLED: call already cancelled
	at org.apache.ratis.thirdparty.io.grpc.Status.asRuntimeException(Status.java:517)
	at org.apache.ratis.thirdparty.io.grpc.stub.ServerCalls$ServerCallStreamObserverImpl.onCompleted(ServerCalls.java:356)
	at org.apache.ratis.grpc.server.GrpcServerProtocolService$ServerRequestStreamObserver.onError(GrpcServerProtocolService.java:121)
	at org.apache.ratis.thirdparty.io.grpc.stub.ServerCalls$StreamingServerCallHandler$StreamingServerCallListener.onCancel(ServerCalls.java:269)
	at org.apache.ratis.thirdparty.io.grpc.internal.ServerCallImpl$ServerStreamListenerImpl.closed(ServerCallImpl.java:293)
	at org.apache.ratis.thirdparty.io.grpc.internal.ServerImpl$JumpToApplicationThreadServerStreamListener$1Closed.runInContext(ServerImpl.java:741)
	at org.apache.ratis.thirdparty.io.grpc.internal.ContextRunnable.run(ContextRunnable.java:37)
	at org.apache.ratis.thirdparty.io.grpc.internal.SerializingExecutor.run(SerializingExecutor.java:123)
	at java.util.concurrent.ThreadPoolExecutor.runWorker(ThreadPoolExecutor.java:1149)
	at java.util.concurrent.ThreadPoolExecutor$Worker.run(ThreadPoolExecutor.java:624)
	at java.lang.Thread.run(Thread.java:748)

]]></system-err>
  </testcase>
  <testcase name="testDatanodeExclusionWithMajorityCommit" classname="org.apache.hadoop.ozone.client.rpc.TestFailureHandlingByClient" time="63.585"/>
</testsuite>