<?xml version="1.0" encoding="UTF-8"?>
<testsuite xmlns:xsi="http://www.w3.org/2001/XMLSchema-instance" xsi:noNamespaceSchemaLocation="https://maven.apache.org/surefire/maven-surefire-plugin/xsd/surefire-test-report.xsd" name="org.apache.hadoop.ozone.client.rpc.TestWatchForCommit" time="242.808" tests="5" errors="1" skipped="0" failures="1">
  <properties>
    <property name="awt.toolkit" value="sun.awt.X11.XToolkit"/>
    <property name="file.encoding.pkg" value="sun.io"/>
    <property name="java.specification.version" value="1.8"/>
    <property name="sun.cpu.isalist" value=""/>
    <property name="sun.jnu.encoding" value="UTF-8"/>
    <property name="java.class.path" value="/workdir/hadoop-ozone/integration-test/target/test-classes:/workdir/hadoop-ozone/integration-test/target/classes:/home/user/.m2/repository/org/apache/hadoop/hadoop-ozone-common/0.5.0-SNAPSHOT/hadoop-ozone-common-0.5.0-SNAPSHOT.jar:/home/user/.m2/repository/org/apache/commons/commons-compress/1.4.1/commons-compress-1.4.1.jar:/home/user/.m2/repository/org/tukaani/xz/1.0/xz-1.0.jar:/home/user/.m2/repository/org/apache/hadoop/hadoop-common/3.2.0/hadoop-common-3.2.0.jar:/home/user/.m2/repository/org/apache/hadoop/hadoop-hdfs/3.2.0/hadoop-hdfs-3.2.0.jar:/home/user/.m2/repository/org/apache/hadoop/hadoop-hdfs-client/3.2.0/hadoop-hdfs-client-3.2.0.jar:/home/user/.m2/repository/com/fasterxml/jackson/core/jackson-annotations/2.9.9/jackson-annotations-2.9.9.jar:/home/user/.m2/repository/org/apache/hadoop/hadoop-hdds-common/0.5.0-SNAPSHOT/hadoop-hdds-common-0.5.0-SNAPSHOT.jar:/home/user/.m2/repository/javax/annotation/javax.annotation-api/1.2/javax.annotation-api-1.2.jar:/home/user/.m2/repository/org/apache/ratis/ratis-server/0.5.0-201fc85-SNAPSHOT/ratis-server-0.5.0-201fc85-SNAPSHOT.jar:/home/user/.m2/repository/org/apache/ratis/ratis-thirdparty-misc/0.2.0/ratis-thirdparty-misc-0.2.0.jar:/home/user/.m2/repository/org/apache/ratis/ratis-proto/0.5.0-201fc85-SNAPSHOT/ratis-proto-0.5.0-201fc85-SNAPSHOT.jar:/home/user/.m2/repository/org/apache/ratis/ratis-common/0.5.0-201fc85-SNAPSHOT/ratis-common-0.5.0-201fc85-SNAPSHOT.jar:/home/user/.m2/repository/org/apache/ratis/ratis-client/0.5.0-201fc85-SNAPSHOT/ratis-client-0.5.0-201fc85-SNAPSHOT.jar:/home/user/.m2/repository/org/apache/ratis/ratis-metrics/0.5.0-201fc85-SNAPSHOT/ratis-metrics-0.5.0-201fc85-SNAPSHOT.jar:/home/user/.m2/repository/com/github/joshelser/dropwizard-metrics-hadoop-metrics2-reporter/0.1.2/dropwizard-metrics-hadoop-metrics2-reporter-0.1.2.jar:/home/user/.m2/repository/io/dropwizard/metrics/metrics-jvm/3.2.5/metrics-jvm-3.2.5.jar:/home/user/.m2/repository/io/dropwizard/metrics/metrics-ganglia/3.2.5/metrics-ganglia-3.2.5.jar:/home/user/.m2/repository/info/ganglia/gmetric4j/gmetric4j/1.0.7/gmetric4j-1.0.7.jar:/home/user/.m2/repository/org/apache/ratis/ratis-netty/0.5.0-201fc85-SNAPSHOT/ratis-netty-0.5.0-201fc85-SNAPSHOT.jar:/home/user/.m2/repository/org/apache/ratis/ratis-grpc/0.5.0-201fc85-SNAPSHOT/ratis-grpc-0.5.0-201fc85-SNAPSHOT.jar:/home/user/.m2/repository/org/rocksdb/rocksdbjni/6.0.1/rocksdbjni-6.0.1.jar:/home/user/.m2/repository/org/apache/logging/log4j/log4j-api/2.11.0/log4j-api-2.11.0.jar:/home/user/.m2/repository/org/apache/logging/log4j/log4j-core/2.11.0/log4j-core-2.11.0.jar:/home/user/.m2/repository/com/lmax/disruptor/3.4.2/disruptor-3.4.2.jar:/home/user/.m2/repository/org/apache/commons/commons-pool2/2.6.0/commons-pool2-2.6.0.jar:/home/user/.m2/repository/org/bouncycastle/bcpkix-jdk15on/1.60/bcpkix-jdk15on-1.60.jar:/home/user/.m2/repository/commons-validator/commons-validator/1.6/commons-validator-1.6.jar:/home/user/.m2/repository/commons-digester/commons-digester/1.8.1/commons-digester-1.8.1.jar:/home/user/.m2/repository/io/jaegertracing/jaeger-client/0.34.0/jaeger-client-0.34.0.jar:/home/user/.m2/repository/io/jaegertracing/jaeger-thrift/0.34.0/jaeger-thrift-0.34.0.jar:/home/user/.m2/repository/org/apache/thrift/libthrift/0.12.0/libthrift-0.12.0.jar:/home/user/.m2/repository/com/squareup/okhttp3/okhttp/3.9.0/okhttp-3.9.0.jar:/home/user/.m2/repository/com/squareup/okio/okio/1.13.0/okio-1.13.0.jar:/home/user/.m2/repository/io/jaegertracing/jaeger-core/0.34.0/jaeger-core-0.34.0.jar:/home/user/.m2/repository/io/jaegertracing/jaeger-tracerresolver/0.34.0/jaeger-tracerresolver-0.34.0.jar:/home/user/.m2/repository/io/opentracing/contrib/opentracing-tracerresolver/0.1.5/opentracing-tracerresolver-0.1.5.jar:/home/user/.m2/repository/io/opentracing/opentracing-util/0.31.0/opentracing-util-0.31.0.jar:/home/user/.m2/repository/io/opentracing/opentracing-api/0.31.0/opentracing-api-0.31.0.jar:/home/user/.m2/repository/io/opentracing/opentracing-noop/0.31.0/opentracing-noop-0.31.0.jar:/home/user/.m2/repository/org/apache/hadoop/hadoop-hdds-server-framework/0.5.0-SNAPSHOT/hadoop-hdds-server-framework-0.5.0-SNAPSHOT.jar:/home/user/.m2/repository/org/apache/hadoop/hadoop-hdds-container-service/0.5.0-SNAPSHOT/hadoop-hdds-container-service-0.5.0-SNAPSHOT.jar:/home/user/.m2/repository/org/apache/hadoop/hadoop-hdds-client/0.5.0-SNAPSHOT/hadoop-hdds-client-0.5.0-SNAPSHOT.jar:/home/user/.m2/repository/org/apache/hadoop/hadoop-hdds-tools/0.5.0-SNAPSHOT/hadoop-hdds-tools-0.5.0-SNAPSHOT.jar:/home/user/.m2/repository/org/apache/hadoop/hadoop-hdds-server-scm/0.5.0-SNAPSHOT/hadoop-hdds-server-scm-0.5.0-SNAPSHOT.jar:/home/user/.m2/repository/org/apache/hadoop/hadoop-hdds-docs/0.5.0-SNAPSHOT/hadoop-hdds-docs-0.5.0-SNAPSHOT.jar:/home/user/.m2/repository/io/dropwizard/metrics/metrics-core/3.2.4/metrics-core-3.2.4.jar:/home/user/.m2/repository/org/hamcrest/hamcrest-all/1.3/hamcrest-all-1.3.jar:/home/user/.m2/repository/org/bouncycastle/bcprov-jdk15on/1.60/bcprov-jdk15on-1.60.jar:/home/user/.m2/repository/info/picocli/picocli/3.9.6/picocli-3.9.6.jar:/home/user/.m2/repository/com/google/protobuf/protobuf-java/2.5.0/protobuf-java-2.5.0.jar:/home/user/.m2/repository/com/google/guava/guava/11.0.2/guava-11.0.2.jar:/home/user/.m2/repository/org/apache/hadoop/hadoop-ozone-ozone-manager/0.5.0-SNAPSHOT/hadoop-ozone-ozone-manager-0.5.0-SNAPSHOT.jar:/home/user/.m2/repository/org/apache/hadoop/hadoop-minikdc/3.2.0/hadoop-minikdc-3.2.0.jar:/home/user/.m2/repository/commons-io/commons-io/2.5/commons-io-2.5.jar:/home/user/.m2/repository/org/apache/kerby/kerb-simplekdc/1.0.1/kerb-simplekdc-1.0.1.jar:/home/user/.m2/repository/org/apache/kerby/kerb-client/1.0.1/kerb-client-1.0.1.jar:/home/user/.m2/repository/org/apache/kerby/kerby-config/1.0.1/kerby-config-1.0.1.jar:/home/user/.m2/repository/org/apache/kerby/kerb-core/1.0.1/kerb-core-1.0.1.jar:/home/user/.m2/repository/org/apache/kerby/kerby-pkix/1.0.1/kerby-pkix-1.0.1.jar:/home/user/.m2/repository/org/apache/kerby/kerby-asn1/1.0.1/kerby-asn1-1.0.1.jar:/home/user/.m2/repository/org/apache/kerby/kerby-util/1.0.1/kerby-util-1.0.1.jar:/home/user/.m2/repository/org/apache/kerby/kerb-common/1.0.1/kerb-common-1.0.1.jar:/home/user/.m2/repository/org/apache/kerby/kerb-crypto/1.0.1/kerb-crypto-1.0.1.jar:/home/user/.m2/repository/org/apache/kerby/kerb-util/1.0.1/kerb-util-1.0.1.jar:/home/user/.m2/repository/org/apache/kerby/token-provider/1.0.1/token-provider-1.0.1.jar:/home/user/.m2/repository/org/apache/kerby/kerb-admin/1.0.1/kerb-admin-1.0.1.jar:/home/user/.m2/repository/org/apache/kerby/kerb-server/1.0.1/kerb-server-1.0.1.jar:/home/user/.m2/repository/org/apache/kerby/kerb-identity/1.0.1/kerb-identity-1.0.1.jar:/home/user/.m2/repository/org/apache/kerby/kerby-xdr/1.0.1/kerby-xdr-1.0.1.jar:/home/user/.m2/repository/org/slf4j/slf4j-log4j12/1.7.25/slf4j-log4j12-1.7.25.jar:/home/user/.m2/repository/org/apache/hadoop/hadoop-ozone-s3gateway/0.5.0-SNAPSHOT/hadoop-ozone-s3gateway-0.5.0-SNAPSHOT.jar:/home/user/.m2/repository/org/jboss/weld/servlet/weld-servlet/2.4.7.Final/weld-servlet-2.4.7.Final.jar:/home/user/.m2/repository/org/glassfish/jersey/containers/jersey-container-servlet-core/2.27/jersey-container-servlet-core-2.27.jar:/home/user/.m2/repository/org/glassfish/hk2/external/javax.inject/2.5.0-b42/javax.inject-2.5.0-b42.jar:/home/user/.m2/repository/org/glassfish/jersey/core/jersey-common/2.27/jersey-common-2.27.jar:/home/user/.m2/repository/org/glassfish/hk2/osgi-resource-locator/1.0.1/osgi-resource-locator-1.0.1.jar:/home/user/.m2/repository/javax/ws/rs/javax.ws.rs-api/2.1/javax.ws.rs-api-2.1.jar:/home/user/.m2/repository/org/glassfish/jersey/ext/cdi/jersey-cdi1x/2.27/jersey-cdi1x-2.27.jar:/home/user/.m2/repository/org/glassfish/jersey/inject/jersey-hk2/2.27/jersey-hk2-2.27.jar:/home/user/.m2/repository/org/glassfish/hk2/hk2-locator/2.5.0-b42/hk2-locator-2.5.0-b42.jar:/home/user/.m2/repository/org/javassist/javassist/3.22.0-CR2/javassist-3.22.0-CR2.jar:/home/user/.m2/repository/org/glassfish/hk2/hk2-api/2.5.0/hk2-api-2.5.0.jar:/home/user/.m2/repository/org/glassfish/hk2/external/jakarta.inject/2.5.0/jakarta.inject-2.5.0.jar:/home/user/.m2/repository/org/glassfish/hk2/hk2-utils/2.5.0/hk2-utils-2.5.0.jar:/home/user/.m2/repository/jakarta/annotation/jakarta.annotation-api/1.3.4/jakarta.annotation-api-1.3.4.jar:/home/user/.m2/repository/org/glassfish/hk2/external/aopalliance-repackaged/2.5.0/aopalliance-repackaged-2.5.0.jar:/home/user/.m2/repository/com/fasterxml/jackson/dataformat/jackson-dataformat-xml/2.9.0/jackson-dataformat-xml-2.9.0.jar:/home/user/.m2/repository/com/fasterxml/jackson/core/jackson-core/2.9.9/jackson-core-2.9.9.jar:/home/user/.m2/repository/com/fasterxml/jackson/module/jackson-module-jaxb-annotations/2.9.9/jackson-module-jaxb-annotations-2.9.9.jar:/home/user/.m2/repository/javax/enterprise/cdi-api/1.2/cdi-api-1.2.jar:/home/user/.m2/repository/javax/el/javax.el-api/3.0.0/javax.el-api-3.0.0.jar:/home/user/.m2/repository/javax/interceptor/javax.interceptor-api/1.2/javax.interceptor-api-1.2.jar:/home/user/.m2/repository/javax/inject/javax.inject/1/javax.inject-1.jar:/home/user/.m2/repository/com/sun/xml/bind/jaxb-impl/2.3.0.1/jaxb-impl-2.3.0.1.jar:/home/user/.m2/repository/com/sun/xml/bind/jaxb-core/2.3.0.1/jaxb-core-2.3.0.1.jar:/home/user/.m2/repository/javax/xml/bind/jaxb-api/2.3.0/jaxb-api-2.3.0.jar:/home/user/.m2/repository/javax/activation/activation/1.1.1/activation-1.1.1.jar:/home/user/.m2/repository/org/apache/hadoop/hadoop-ozone-csi/0.5.0-SNAPSHOT/hadoop-ozone-csi-0.5.0-SNAPSHOT.jar:/home/user/.m2/repository/com/google/protobuf/protobuf-java-util/3.5.1/protobuf-java-util-3.5.1.jar:/home/user/.m2/repository/org/apache/hadoop/hadoop-hdds-config/0.5.0-SNAPSHOT/hadoop-hdds-config-0.5.0-SNAPSHOT.jar:/home/user/.m2/repository/io/grpc/grpc-netty/1.17.1/grpc-netty-1.17.1.jar:/home/user/.m2/repository/io/grpc/grpc-core/1.17.1/grpc-core-1.17.1.jar:/home/user/.m2/repository/io/grpc/grpc-context/1.17.1/grpc-context-1.17.1.jar:/home/user/.m2/repository/com/google/errorprone/error_prone_annotations/2.2.0/error_prone_annotations-2.2.0.jar:/home/user/.m2/repository/org/codehaus/mojo/animal-sniffer-annotations/1.17/animal-sniffer-annotations-1.17.jar:/home/user/.m2/repository/io/opencensus/opencensus-api/0.17.0/opencensus-api-0.17.0.jar:/home/user/.m2/repository/io/opencensus/opencensus-contrib-grpc-metrics/0.17.0/opencensus-contrib-grpc-metrics-0.17.0.jar:/home/user/.m2/repository/io/netty/netty-codec-http2/4.1.30.Final/netty-codec-http2-4.1.30.Final.jar:/home/user/.m2/repository/io/netty/netty-codec-http/4.1.30.Final/netty-codec-http-4.1.30.Final.jar:/home/user/.m2/repository/io/netty/netty-codec/4.1.30.Final/netty-codec-4.1.30.Final.jar:/home/user/.m2/repository/io/netty/netty-handler/4.1.30.Final/netty-handler-4.1.30.Final.jar:/home/user/.m2/repository/io/netty/netty-handler-proxy/4.1.30.Final/netty-handler-proxy-4.1.30.Final.jar:/home/user/.m2/repository/io/netty/netty-codec-socks/4.1.30.Final/netty-codec-socks-4.1.30.Final.jar:/home/user/.m2/repository/io/netty/netty-transport-native-epoll/4.1.30.Final/netty-transport-native-epoll-4.1.30.Final.jar:/home/user/.m2/repository/io/netty/netty-common/4.1.30.Final/netty-common-4.1.30.Final.jar:/home/user/.m2/repository/io/netty/netty-buffer/4.1.30.Final/netty-buffer-4.1.30.Final.jar:/home/user/.m2/repository/io/netty/netty-transport/4.1.30.Final/netty-transport-4.1.30.Final.jar:/home/user/.m2/repository/io/netty/netty-resolver/4.1.30.Final/netty-resolver-4.1.30.Final.jar:/home/user/.m2/repository/io/netty/netty-transport-native-unix-common/4.1.30.Final/netty-transport-native-unix-common-4.1.30.Final.jar:/home/user/.m2/repository/io/grpc/grpc-protobuf/1.17.1/grpc-protobuf-1.17.1.jar:/home/user/.m2/repository/com/google/api/grpc/proto-google-common-protos/1.0.0/proto-google-common-protos-1.0.0.jar:/home/user/.m2/repository/io/grpc/grpc-protobuf-lite/1.17.1/grpc-protobuf-lite-1.17.1.jar:/home/user/.m2/repository/io/grpc/grpc-stub/1.17.1/grpc-stub-1.17.1.jar:/home/user/.m2/repository/org/apache/hadoop/hadoop-ozone-recon/0.5.0-SNAPSHOT/hadoop-ozone-recon-0.5.0-SNAPSHOT.jar:/home/user/.m2/repository/org/apache/hadoop/hadoop-ozone-reconcodegen/0.5.0-SNAPSHOT/hadoop-ozone-reconcodegen-0.5.0-SNAPSHOT.jar:/home/user/.m2/repository/com/google/inject/extensions/guice-multibindings/4.0/guice-multibindings-4.0.jar:/home/user/.m2/repository/com/google/inject/guice/4.0/guice-4.0.jar:/home/user/.m2/repository/aopalliance/aopalliance/1.0/aopalliance-1.0.jar:/home/user/.m2/repository/com/google/inject/extensions/guice-servlet/4.0/guice-servlet-4.0.jar:/home/user/.m2/repository/org/glassfish/jersey/containers/jersey-container-servlet/2.27/jersey-container-servlet-2.27.jar:/home/user/.m2/repository/org/glassfish/hk2/guice-bridge/2.5.0/guice-bridge-2.5.0.jar:/home/user/.m2/repository/org/glassfish/jersey/core/jersey-server/2.27/jersey-server-2.27.jar:/home/user/.m2/repository/org/glassfish/jersey/core/jersey-client/2.27/jersey-client-2.27.jar:/home/user/.m2/repository/org/glassfish/jersey/media/jersey-media-jaxb/2.27/jersey-media-jaxb-2.27.jar:/home/user/.m2/repository/javax/validation/validation-api/1.1.0.Final/validation-api-1.1.0.Final.jar:/home/user/.m2/repository/org/glassfish/jersey/media/jersey-media-json-jackson/2.27/jersey-media-json-jackson-2.27.jar:/home/user/.m2/repository/org/glassfish/jersey/ext/jersey-entity-filtering/2.27/jersey-entity-filtering-2.27.jar:/home/user/.m2/repository/com/google/inject/extensions/guice-assistedinject/4.0/guice-assistedinject-4.0.jar:/home/user/.m2/repository/org/jooq/jooq/3.11.10/jooq-3.11.10.jar:/home/user/.m2/repository/org/jooq/jooq-meta/3.11.10/jooq-meta-3.11.10.jar:/home/user/.m2/repository/org/jooq/jooq-codegen/3.11.10/jooq-codegen-3.11.10.jar:/home/user/.m2/repository/com/jolbox/bonecp/0.8.0.RELEASE/bonecp-0.8.0.RELEASE.jar:/home/user/.m2/repository/org/xerial/sqlite-jdbc/3.25.2/sqlite-jdbc-3.25.2.jar:/home/user/.m2/repository/org/springframework/spring-jdbc/5.1.3.RELEASE/spring-jdbc-5.1.3.RELEASE.jar:/home/user/.m2/repository/org/springframework/spring-beans/5.1.3.RELEASE/spring-beans-5.1.3.RELEASE.jar:/home/user/.m2/repository/org/springframework/spring-core/5.1.3.RELEASE/spring-core-5.1.3.RELEASE.jar:/home/user/.m2/repository/org/springframework/spring-jcl/5.1.3.RELEASE/spring-jcl-5.1.3.RELEASE.jar:/home/user/.m2/repository/org/springframework/spring-tx/5.1.3.RELEASE/spring-tx-5.1.3.RELEASE.jar:/home/user/.m2/repository/org/apache/hadoop/hadoop-ozone-client/0.5.0-SNAPSHOT/hadoop-ozone-client-0.5.0-SNAPSHOT.jar:/home/user/.m2/repository/commons-lang/commons-lang/2.6/commons-lang-2.6.jar:/home/user/.m2/repository/org/apache/hadoop/hadoop-ozone-ozone-manager/0.5.0-SNAPSHOT/hadoop-ozone-ozone-manager-0.5.0-SNAPSHOT-tests.jar:/home/user/.m2/repository/junit/junit/4.11/junit-4.11.jar:/home/user/.m2/repository/org/hamcrest/hamcrest-core/1.3/hamcrest-core-1.3.jar:/home/user/.m2/repository/org/openjdk/jmh/jmh-core/1.19/jmh-core-1.19.jar:/home/user/.m2/repository/net/sf/jopt-simple/jopt-simple/4.6/jopt-simple-4.6.jar:/home/user/.m2/repository/org/apache/commons/commons-math3/3.1.1/commons-math3-3.1.1.jar:/home/user/.m2/repository/org/openjdk/jmh/jmh-generator-annprocess/1.19/jmh-generator-annprocess-1.19.jar:/home/user/.m2/repository/org/mockito/mockito-all/1.8.5/mockito-all-1.8.5.jar:/home/user/.m2/repository/org/apache/hadoop/hadoop-kms/3.2.0/hadoop-kms-3.2.0.jar:/home/user/.m2/repository/org/apache/hadoop/hadoop-auth/3.2.0/hadoop-auth-3.2.0.jar:/home/user/.m2/repository/com/nimbusds/nimbus-jose-jwt/4.41.1/nimbus-jose-jwt-4.41.1.jar:/home/user/.m2/repository/com/github/stephenc/jcip/jcip-annotations/1.0-1/jcip-annotations-1.0-1.jar:/home/user/.m2/repository/net/minidev/json-smart/2.3/json-smart-2.3.jar:/home/user/.m2/repository/net/minidev/accessors-smart/1.2/accessors-smart-1.2.jar:/home/user/.m2/repository/org/ow2/asm/asm/5.0.4/asm-5.0.4.jar:/home/user/.m2/repository/org/apache/curator/curator-framework/2.12.0/curator-framework-2.12.0.jar:/home/user/.m2/repository/com/sun/jersey/jersey-core/1.19/jersey-core-1.19.jar:/home/user/.m2/repository/javax/ws/rs/jsr311-api/1.1.1/jsr311-api-1.1.1.jar:/home/user/.m2/repository/com/sun/jersey/jersey-server/1.19/jersey-server-1.19.jar:/home/user/.m2/repository/javax/servlet/javax.servlet-api/3.1.0/javax.servlet-api-3.1.0.jar:/home/user/.m2/repository/org/eclipse/jetty/jetty-server/9.3.25.v20180904/jetty-server-9.3.25.v20180904.jar:/home/user/.m2/repository/org/eclipse/jetty/jetty-http/9.3.25.v20180904/jetty-http-9.3.25.v20180904.jar:/home/user/.m2/repository/org/eclipse/jetty/jetty-io/9.3.25.v20180904/jetty-io-9.3.25.v20180904.jar:/home/user/.m2/repository/org/eclipse/jetty/jetty-webapp/9.3.25.v20180904/jetty-webapp-9.3.25.v20180904.jar:/home/user/.m2/repository/org/eclipse/jetty/jetty-xml/9.3.25.v20180904/jetty-xml-9.3.25.v20180904.jar:/home/user/.m2/repository/log4j/log4j/1.2.17/log4j-1.2.17.jar:/home/user/.m2/repository/org/slf4j/slf4j-api/1.7.25/slf4j-api-1.7.25.jar:/home/user/.m2/repository/org/slf4j/jul-to-slf4j/1.7.25/jul-to-slf4j-1.7.25.jar:/home/user/.m2/repository/org/eclipse/jetty/jetty-util/9.3.25.v20180904/jetty-util-9.3.25.v20180904.jar:/home/user/.m2/repository/com/fasterxml/jackson/core/jackson-databind/2.9.9/jackson-databind-2.9.9.jar:/home/user/.m2/repository/org/apache/hadoop/hadoop-kms/3.2.0/hadoop-kms-3.2.0-tests.jar:/home/user/.m2/repository/org/apache/hadoop/hadoop-hdds-server-scm/0.5.0-SNAPSHOT/hadoop-hdds-server-scm-0.5.0-SNAPSHOT-tests.jar:/home/user/.m2/repository/org/apache/hadoop/hadoop-hdds-container-service/0.5.0-SNAPSHOT/hadoop-hdds-container-service-0.5.0-SNAPSHOT-tests.jar:/home/user/.m2/repository/org/yaml/snakeyaml/1.16/snakeyaml-1.16.jar:/home/user/.m2/repository/org/apache/hadoop/hadoop-common/3.2.0/hadoop-common-3.2.0-tests.jar:/home/user/.m2/repository/org/apache/hadoop/hadoop-annotations/3.2.0/hadoop-annotations-3.2.0.jar:/usr/lib/jvm/java-1.8-openjdk/jre/../lib/tools.jar:/home/user/.m2/repository/commons-cli/commons-cli/1.2/commons-cli-1.2.jar:/home/user/.m2/repository/org/apache/httpcomponents/httpclient/4.5.2/httpclient-4.5.2.jar:/home/user/.m2/repository/org/apache/httpcomponents/httpcore/4.4.4/httpcore-4.4.4.jar:/home/user/.m2/repository/commons-codec/commons-codec/1.11/commons-codec-1.11.jar:/home/user/.m2/repository/commons-net/commons-net/3.6/commons-net-3.6.jar:/home/user/.m2/repository/commons-collections/commons-collections/3.2.2/commons-collections-3.2.2.jar:/home/user/.m2/repository/org/eclipse/jetty/jetty-servlet/9.3.25.v20180904/jetty-servlet-9.3.25.v20180904.jar:/home/user/.m2/repository/org/eclipse/jetty/jetty-security/9.3.25.v20180904/jetty-security-9.3.25.v20180904.jar:/home/user/.m2/repository/javax/servlet/jsp/jsp-api/2.1/jsp-api-2.1.jar:/home/user/.m2/repository/com/sun/jersey/jersey-servlet/1.19/jersey-servlet-1.19.jar:/home/user/.m2/repository/com/sun/jersey/jersey-json/1.19/jersey-json-1.19.jar:/home/user/.m2/repository/org/codehaus/jettison/jettison/1.1/jettison-1.1.jar:/home/user/.m2/repository/org/codehaus/jackson/jackson-core-asl/1.9.13/jackson-core-asl-1.9.13.jar:/home/user/.m2/repository/org/codehaus/jackson/jackson-mapper-asl/1.9.13/jackson-mapper-asl-1.9.13.jar:/home/user/.m2/repository/org/codehaus/jackson/jackson-jaxrs/1.9.13/jackson-jaxrs-1.9.13.jar:/home/user/.m2/repository/org/codehaus/jackson/jackson-xc/1.9.13/jackson-xc-1.9.13.jar:/home/user/.m2/repository/commons-logging/commons-logging/1.1.3/commons-logging-1.1.3.jar:/home/user/.m2/repository/commons-beanutils/commons-beanutils/1.9.4/commons-beanutils-1.9.4.jar:/home/user/.m2/repository/org/apache/commons/commons-configuration2/2.1.1/commons-configuration2-2.1.1.jar:/home/user/.m2/repository/org/apache/commons/commons-lang3/3.7/commons-lang3-3.7.jar:/home/user/.m2/repository/org/apache/commons/commons-text/1.4/commons-text-1.4.jar:/home/user/.m2/repository/org/apache/avro/avro/1.7.7/avro-1.7.7.jar:/home/user/.m2/repository/com/thoughtworks/paranamer/paranamer/2.3/paranamer-2.3.jar:/home/user/.m2/repository/org/xerial/snappy/snappy-java/1.0.5/snappy-java-1.0.5.jar:/home/user/.m2/repository/com/google/re2j/re2j/1.1/re2j-1.1.jar:/home/user/.m2/repository/com/google/code/gson/gson/2.2.4/gson-2.2.4.jar:/home/user/.m2/repository/com/jcraft/jsch/0.1.54/jsch-0.1.54.jar:/home/user/.m2/repository/org/apache/curator/curator-client/2.12.0/curator-client-2.12.0.jar:/home/user/.m2/repository/org/apache/curator/curator-recipes/2.12.0/curator-recipes-2.12.0.jar:/home/user/.m2/repository/com/google/code/findbugs/jsr305/3.0.0/jsr305-3.0.0.jar:/home/user/.m2/repository/org/apache/htrace/htrace-core4/4.1.0-incubating/htrace-core4-4.1.0-incubating.jar:/home/user/.m2/repository/org/apache/zookeeper/zookeeper/3.4.13/zookeeper-3.4.13.jar:/home/user/.m2/repository/jline/jline/0.9.94/jline-0.9.94.jar:/home/user/.m2/repository/org/apache/yetus/audience-annotations/0.5.0/audience-annotations-0.5.0.jar:/home/user/.m2/repository/org/codehaus/woodstox/stax2-api/3.1.4/stax2-api-3.1.4.jar:/home/user/.m2/repository/com/fasterxml/woodstox/woodstox-core/5.0.3/woodstox-core-5.0.3.jar:/home/user/.m2/repository/dnsjava/dnsjava/2.1.7/dnsjava-2.1.7.jar:/home/user/.m2/repository/org/apache/hadoop/hadoop-hdfs/3.2.0/hadoop-hdfs-3.2.0-tests.jar:/home/user/.m2/repository/org/eclipse/jetty/jetty-util-ajax/9.3.25.v20180904/jetty-util-ajax-9.3.25.v20180904.jar:/home/user/.m2/repository/commons-daemon/commons-daemon/1.0.13/commons-daemon-1.0.13.jar:/home/user/.m2/repository/io/netty/netty/3.10.5.Final/netty-3.10.5.Final.jar:/home/user/.m2/repository/io/netty/netty-all/4.0.52.Final/netty-all-4.0.52.Final.jar:/home/user/.m2/repository/org/fusesource/leveldbjni/leveldbjni-all/1.8/leveldbjni-all-1.8.jar:"/>
    <property name="java.vm.vendor" value="IcedTea"/>
    <property name="sun.arch.data.model" value="64"/>
    <property name="test.build.dir" value="/workdir/hadoop-ozone/integration-test/target/test-dir"/>
    <property name="test.cache.data" value=""/>
    <property name="java.vendor.url" value="https://icedtea.classpath.org"/>
    <property name="user.timezone" value=""/>
    <property name="java.vm.specification.version" value="1.8"/>
    <property name="os.name" value="Linux"/>
    <property name="test.build.data" value="/workdir/hadoop-ozone/integration-test/target/test-dir"/>
    <property name="user.country" value="US"/>
    <property name="sun.java.launcher" value="SUN_STANDARD"/>
    <property name="sun.boot.library.path" value="/usr/lib/jvm/java-1.8-openjdk/jre/lib/amd64"/>
    <property name="sun.java.command" value="/workdir/hadoop-ozone/integration-test/target/surefire/surefirebooter6797572351930751297.jar /workdir/hadoop-ozone/integration-test/target/surefire 2019-10-01T02-26-25_468-jvmRun1 surefire6368022871595987544tmp surefire_752577403787650950209tmp"/>
    <property name="test" value="!TestMiniChaosOzoneCluster"/>
    <property name="surefire.test.class.path" value="/workdir/hadoop-ozone/integration-test/target/test-classes:/workdir/hadoop-ozone/integration-test/target/classes:/home/user/.m2/repository/org/apache/hadoop/hadoop-ozone-common/0.5.0-SNAPSHOT/hadoop-ozone-common-0.5.0-SNAPSHOT.jar:/home/user/.m2/repository/org/apache/commons/commons-compress/1.4.1/commons-compress-1.4.1.jar:/home/user/.m2/repository/org/tukaani/xz/1.0/xz-1.0.jar:/home/user/.m2/repository/org/apache/hadoop/hadoop-common/3.2.0/hadoop-common-3.2.0.jar:/home/user/.m2/repository/org/apache/hadoop/hadoop-hdfs/3.2.0/hadoop-hdfs-3.2.0.jar:/home/user/.m2/repository/org/apache/hadoop/hadoop-hdfs-client/3.2.0/hadoop-hdfs-client-3.2.0.jar:/home/user/.m2/repository/com/fasterxml/jackson/core/jackson-annotations/2.9.9/jackson-annotations-2.9.9.jar:/home/user/.m2/repository/org/apache/hadoop/hadoop-hdds-common/0.5.0-SNAPSHOT/hadoop-hdds-common-0.5.0-SNAPSHOT.jar:/home/user/.m2/repository/javax/annotation/javax.annotation-api/1.2/javax.annotation-api-1.2.jar:/home/user/.m2/repository/org/apache/ratis/ratis-server/0.5.0-201fc85-SNAPSHOT/ratis-server-0.5.0-201fc85-SNAPSHOT.jar:/home/user/.m2/repository/org/apache/ratis/ratis-thirdparty-misc/0.2.0/ratis-thirdparty-misc-0.2.0.jar:/home/user/.m2/repository/org/apache/ratis/ratis-proto/0.5.0-201fc85-SNAPSHOT/ratis-proto-0.5.0-201fc85-SNAPSHOT.jar:/home/user/.m2/repository/org/apache/ratis/ratis-common/0.5.0-201fc85-SNAPSHOT/ratis-common-0.5.0-201fc85-SNAPSHOT.jar:/home/user/.m2/repository/org/apache/ratis/ratis-client/0.5.0-201fc85-SNAPSHOT/ratis-client-0.5.0-201fc85-SNAPSHOT.jar:/home/user/.m2/repository/org/apache/ratis/ratis-metrics/0.5.0-201fc85-SNAPSHOT/ratis-metrics-0.5.0-201fc85-SNAPSHOT.jar:/home/user/.m2/repository/com/github/joshelser/dropwizard-metrics-hadoop-metrics2-reporter/0.1.2/dropwizard-metrics-hadoop-metrics2-reporter-0.1.2.jar:/home/user/.m2/repository/io/dropwizard/metrics/metrics-jvm/3.2.5/metrics-jvm-3.2.5.jar:/home/user/.m2/repository/io/dropwizard/metrics/metrics-ganglia/3.2.5/metrics-ganglia-3.2.5.jar:/home/user/.m2/repository/info/ganglia/gmetric4j/gmetric4j/1.0.7/gmetric4j-1.0.7.jar:/home/user/.m2/repository/org/apache/ratis/ratis-netty/0.5.0-201fc85-SNAPSHOT/ratis-netty-0.5.0-201fc85-SNAPSHOT.jar:/home/user/.m2/repository/org/apache/ratis/ratis-grpc/0.5.0-201fc85-SNAPSHOT/ratis-grpc-0.5.0-201fc85-SNAPSHOT.jar:/home/user/.m2/repository/org/rocksdb/rocksdbjni/6.0.1/rocksdbjni-6.0.1.jar:/home/user/.m2/repository/org/apache/logging/log4j/log4j-api/2.11.0/log4j-api-2.11.0.jar:/home/user/.m2/repository/org/apache/logging/log4j/log4j-core/2.11.0/log4j-core-2.11.0.jar:/home/user/.m2/repository/com/lmax/disruptor/3.4.2/disruptor-3.4.2.jar:/home/user/.m2/repository/org/apache/commons/commons-pool2/2.6.0/commons-pool2-2.6.0.jar:/home/user/.m2/repository/org/bouncycastle/bcpkix-jdk15on/1.60/bcpkix-jdk15on-1.60.jar:/home/user/.m2/repository/commons-validator/commons-validator/1.6/commons-validator-1.6.jar:/home/user/.m2/repository/commons-digester/commons-digester/1.8.1/commons-digester-1.8.1.jar:/home/user/.m2/repository/io/jaegertracing/jaeger-client/0.34.0/jaeger-client-0.34.0.jar:/home/user/.m2/repository/io/jaegertracing/jaeger-thrift/0.34.0/jaeger-thrift-0.34.0.jar:/home/user/.m2/repository/org/apache/thrift/libthrift/0.12.0/libthrift-0.12.0.jar:/home/user/.m2/repository/com/squareup/okhttp3/okhttp/3.9.0/okhttp-3.9.0.jar:/home/user/.m2/repository/com/squareup/okio/okio/1.13.0/okio-1.13.0.jar:/home/user/.m2/repository/io/jaegertracing/jaeger-core/0.34.0/jaeger-core-0.34.0.jar:/home/user/.m2/repository/io/jaegertracing/jaeger-tracerresolver/0.34.0/jaeger-tracerresolver-0.34.0.jar:/home/user/.m2/repository/io/opentracing/contrib/opentracing-tracerresolver/0.1.5/opentracing-tracerresolver-0.1.5.jar:/home/user/.m2/repository/io/opentracing/opentracing-util/0.31.0/opentracing-util-0.31.0.jar:/home/user/.m2/repository/io/opentracing/opentracing-api/0.31.0/opentracing-api-0.31.0.jar:/home/user/.m2/repository/io/opentracing/opentracing-noop/0.31.0/opentracing-noop-0.31.0.jar:/home/user/.m2/repository/org/apache/hadoop/hadoop-hdds-server-framework/0.5.0-SNAPSHOT/hadoop-hdds-server-framework-0.5.0-SNAPSHOT.jar:/home/user/.m2/repository/org/apache/hadoop/hadoop-hdds-container-service/0.5.0-SNAPSHOT/hadoop-hdds-container-service-0.5.0-SNAPSHOT.jar:/home/user/.m2/repository/org/apache/hadoop/hadoop-hdds-client/0.5.0-SNAPSHOT/hadoop-hdds-client-0.5.0-SNAPSHOT.jar:/home/user/.m2/repository/org/apache/hadoop/hadoop-hdds-tools/0.5.0-SNAPSHOT/hadoop-hdds-tools-0.5.0-SNAPSHOT.jar:/home/user/.m2/repository/org/apache/hadoop/hadoop-hdds-server-scm/0.5.0-SNAPSHOT/hadoop-hdds-server-scm-0.5.0-SNAPSHOT.jar:/home/user/.m2/repository/org/apache/hadoop/hadoop-hdds-docs/0.5.0-SNAPSHOT/hadoop-hdds-docs-0.5.0-SNAPSHOT.jar:/home/user/.m2/repository/io/dropwizard/metrics/metrics-core/3.2.4/metrics-core-3.2.4.jar:/home/user/.m2/repository/org/hamcrest/hamcrest-all/1.3/hamcrest-all-1.3.jar:/home/user/.m2/repository/org/bouncycastle/bcprov-jdk15on/1.60/bcprov-jdk15on-1.60.jar:/home/user/.m2/repository/info/picocli/picocli/3.9.6/picocli-3.9.6.jar:/home/user/.m2/repository/com/google/protobuf/protobuf-java/2.5.0/protobuf-java-2.5.0.jar:/home/user/.m2/repository/com/google/guava/guava/11.0.2/guava-11.0.2.jar:/home/user/.m2/repository/org/apache/hadoop/hadoop-ozone-ozone-manager/0.5.0-SNAPSHOT/hadoop-ozone-ozone-manager-0.5.0-SNAPSHOT.jar:/home/user/.m2/repository/org/apache/hadoop/hadoop-minikdc/3.2.0/hadoop-minikdc-3.2.0.jar:/home/user/.m2/repository/commons-io/commons-io/2.5/commons-io-2.5.jar:/home/user/.m2/repository/org/apache/kerby/kerb-simplekdc/1.0.1/kerb-simplekdc-1.0.1.jar:/home/user/.m2/repository/org/apache/kerby/kerb-client/1.0.1/kerb-client-1.0.1.jar:/home/user/.m2/repository/org/apache/kerby/kerby-config/1.0.1/kerby-config-1.0.1.jar:/home/user/.m2/repository/org/apache/kerby/kerb-core/1.0.1/kerb-core-1.0.1.jar:/home/user/.m2/repository/org/apache/kerby/kerby-pkix/1.0.1/kerby-pkix-1.0.1.jar:/home/user/.m2/repository/org/apache/kerby/kerby-asn1/1.0.1/kerby-asn1-1.0.1.jar:/home/user/.m2/repository/org/apache/kerby/kerby-util/1.0.1/kerby-util-1.0.1.jar:/home/user/.m2/repository/org/apache/kerby/kerb-common/1.0.1/kerb-common-1.0.1.jar:/home/user/.m2/repository/org/apache/kerby/kerb-crypto/1.0.1/kerb-crypto-1.0.1.jar:/home/user/.m2/repository/org/apache/kerby/kerb-util/1.0.1/kerb-util-1.0.1.jar:/home/user/.m2/repository/org/apache/kerby/token-provider/1.0.1/token-provider-1.0.1.jar:/home/user/.m2/repository/org/apache/kerby/kerb-admin/1.0.1/kerb-admin-1.0.1.jar:/home/user/.m2/repository/org/apache/kerby/kerb-server/1.0.1/kerb-server-1.0.1.jar:/home/user/.m2/repository/org/apache/kerby/kerb-identity/1.0.1/kerb-identity-1.0.1.jar:/home/user/.m2/repository/org/apache/kerby/kerby-xdr/1.0.1/kerby-xdr-1.0.1.jar:/home/user/.m2/repository/org/slf4j/slf4j-log4j12/1.7.25/slf4j-log4j12-1.7.25.jar:/home/user/.m2/repository/org/apache/hadoop/hadoop-ozone-s3gateway/0.5.0-SNAPSHOT/hadoop-ozone-s3gateway-0.5.0-SNAPSHOT.jar:/home/user/.m2/repository/org/jboss/weld/servlet/weld-servlet/2.4.7.Final/weld-servlet-2.4.7.Final.jar:/home/user/.m2/repository/org/glassfish/jersey/containers/jersey-container-servlet-core/2.27/jersey-container-servlet-core-2.27.jar:/home/user/.m2/repository/org/glassfish/hk2/external/javax.inject/2.5.0-b42/javax.inject-2.5.0-b42.jar:/home/user/.m2/repository/org/glassfish/jersey/core/jersey-common/2.27/jersey-common-2.27.jar:/home/user/.m2/repository/org/glassfish/hk2/osgi-resource-locator/1.0.1/osgi-resource-locator-1.0.1.jar:/home/user/.m2/repository/javax/ws/rs/javax.ws.rs-api/2.1/javax.ws.rs-api-2.1.jar:/home/user/.m2/repository/org/glassfish/jersey/ext/cdi/jersey-cdi1x/2.27/jersey-cdi1x-2.27.jar:/home/user/.m2/repository/org/glassfish/jersey/inject/jersey-hk2/2.27/jersey-hk2-2.27.jar:/home/user/.m2/repository/org/glassfish/hk2/hk2-locator/2.5.0-b42/hk2-locator-2.5.0-b42.jar:/home/user/.m2/repository/org/javassist/javassist/3.22.0-CR2/javassist-3.22.0-CR2.jar:/home/user/.m2/repository/org/glassfish/hk2/hk2-api/2.5.0/hk2-api-2.5.0.jar:/home/user/.m2/repository/org/glassfish/hk2/external/jakarta.inject/2.5.0/jakarta.inject-2.5.0.jar:/home/user/.m2/repository/org/glassfish/hk2/hk2-utils/2.5.0/hk2-utils-2.5.0.jar:/home/user/.m2/repository/jakarta/annotation/jakarta.annotation-api/1.3.4/jakarta.annotation-api-1.3.4.jar:/home/user/.m2/repository/org/glassfish/hk2/external/aopalliance-repackaged/2.5.0/aopalliance-repackaged-2.5.0.jar:/home/user/.m2/repository/com/fasterxml/jackson/dataformat/jackson-dataformat-xml/2.9.0/jackson-dataformat-xml-2.9.0.jar:/home/user/.m2/repository/com/fasterxml/jackson/core/jackson-core/2.9.9/jackson-core-2.9.9.jar:/home/user/.m2/repository/com/fasterxml/jackson/module/jackson-module-jaxb-annotations/2.9.9/jackson-module-jaxb-annotations-2.9.9.jar:/home/user/.m2/repository/javax/enterprise/cdi-api/1.2/cdi-api-1.2.jar:/home/user/.m2/repository/javax/el/javax.el-api/3.0.0/javax.el-api-3.0.0.jar:/home/user/.m2/repository/javax/interceptor/javax.interceptor-api/1.2/javax.interceptor-api-1.2.jar:/home/user/.m2/repository/javax/inject/javax.inject/1/javax.inject-1.jar:/home/user/.m2/repository/com/sun/xml/bind/jaxb-impl/2.3.0.1/jaxb-impl-2.3.0.1.jar:/home/user/.m2/repository/com/sun/xml/bind/jaxb-core/2.3.0.1/jaxb-core-2.3.0.1.jar:/home/user/.m2/repository/javax/xml/bind/jaxb-api/2.3.0/jaxb-api-2.3.0.jar:/home/user/.m2/repository/javax/activation/activation/1.1.1/activation-1.1.1.jar:/home/user/.m2/repository/org/apache/hadoop/hadoop-ozone-csi/0.5.0-SNAPSHOT/hadoop-ozone-csi-0.5.0-SNAPSHOT.jar:/home/user/.m2/repository/com/google/protobuf/protobuf-java-util/3.5.1/protobuf-java-util-3.5.1.jar:/home/user/.m2/repository/org/apache/hadoop/hadoop-hdds-config/0.5.0-SNAPSHOT/hadoop-hdds-config-0.5.0-SNAPSHOT.jar:/home/user/.m2/repository/io/grpc/grpc-netty/1.17.1/grpc-netty-1.17.1.jar:/home/user/.m2/repository/io/grpc/grpc-core/1.17.1/grpc-core-1.17.1.jar:/home/user/.m2/repository/io/grpc/grpc-context/1.17.1/grpc-context-1.17.1.jar:/home/user/.m2/repository/com/google/errorprone/error_prone_annotations/2.2.0/error_prone_annotations-2.2.0.jar:/home/user/.m2/repository/org/codehaus/mojo/animal-sniffer-annotations/1.17/animal-sniffer-annotations-1.17.jar:/home/user/.m2/repository/io/opencensus/opencensus-api/0.17.0/opencensus-api-0.17.0.jar:/home/user/.m2/repository/io/opencensus/opencensus-contrib-grpc-metrics/0.17.0/opencensus-contrib-grpc-metrics-0.17.0.jar:/home/user/.m2/repository/io/netty/netty-codec-http2/4.1.30.Final/netty-codec-http2-4.1.30.Final.jar:/home/user/.m2/repository/io/netty/netty-codec-http/4.1.30.Final/netty-codec-http-4.1.30.Final.jar:/home/user/.m2/repository/io/netty/netty-codec/4.1.30.Final/netty-codec-4.1.30.Final.jar:/home/user/.m2/repository/io/netty/netty-handler/4.1.30.Final/netty-handler-4.1.30.Final.jar:/home/user/.m2/repository/io/netty/netty-handler-proxy/4.1.30.Final/netty-handler-proxy-4.1.30.Final.jar:/home/user/.m2/repository/io/netty/netty-codec-socks/4.1.30.Final/netty-codec-socks-4.1.30.Final.jar:/home/user/.m2/repository/io/netty/netty-transport-native-epoll/4.1.30.Final/netty-transport-native-epoll-4.1.30.Final.jar:/home/user/.m2/repository/io/netty/netty-common/4.1.30.Final/netty-common-4.1.30.Final.jar:/home/user/.m2/repository/io/netty/netty-buffer/4.1.30.Final/netty-buffer-4.1.30.Final.jar:/home/user/.m2/repository/io/netty/netty-transport/4.1.30.Final/netty-transport-4.1.30.Final.jar:/home/user/.m2/repository/io/netty/netty-resolver/4.1.30.Final/netty-resolver-4.1.30.Final.jar:/home/user/.m2/repository/io/netty/netty-transport-native-unix-common/4.1.30.Final/netty-transport-native-unix-common-4.1.30.Final.jar:/home/user/.m2/repository/io/grpc/grpc-protobuf/1.17.1/grpc-protobuf-1.17.1.jar:/home/user/.m2/repository/com/google/api/grpc/proto-google-common-protos/1.0.0/proto-google-common-protos-1.0.0.jar:/home/user/.m2/repository/io/grpc/grpc-protobuf-lite/1.17.1/grpc-protobuf-lite-1.17.1.jar:/home/user/.m2/repository/io/grpc/grpc-stub/1.17.1/grpc-stub-1.17.1.jar:/home/user/.m2/repository/org/apache/hadoop/hadoop-ozone-recon/0.5.0-SNAPSHOT/hadoop-ozone-recon-0.5.0-SNAPSHOT.jar:/home/user/.m2/repository/org/apache/hadoop/hadoop-ozone-reconcodegen/0.5.0-SNAPSHOT/hadoop-ozone-reconcodegen-0.5.0-SNAPSHOT.jar:/home/user/.m2/repository/com/google/inject/extensions/guice-multibindings/4.0/guice-multibindings-4.0.jar:/home/user/.m2/repository/com/google/inject/guice/4.0/guice-4.0.jar:/home/user/.m2/repository/aopalliance/aopalliance/1.0/aopalliance-1.0.jar:/home/user/.m2/repository/com/google/inject/extensions/guice-servlet/4.0/guice-servlet-4.0.jar:/home/user/.m2/repository/org/glassfish/jersey/containers/jersey-container-servlet/2.27/jersey-container-servlet-2.27.jar:/home/user/.m2/repository/org/glassfish/hk2/guice-bridge/2.5.0/guice-bridge-2.5.0.jar:/home/user/.m2/repository/org/glassfish/jersey/core/jersey-server/2.27/jersey-server-2.27.jar:/home/user/.m2/repository/org/glassfish/jersey/core/jersey-client/2.27/jersey-client-2.27.jar:/home/user/.m2/repository/org/glassfish/jersey/media/jersey-media-jaxb/2.27/jersey-media-jaxb-2.27.jar:/home/user/.m2/repository/javax/validation/validation-api/1.1.0.Final/validation-api-1.1.0.Final.jar:/home/user/.m2/repository/org/glassfish/jersey/media/jersey-media-json-jackson/2.27/jersey-media-json-jackson-2.27.jar:/home/user/.m2/repository/org/glassfish/jersey/ext/jersey-entity-filtering/2.27/jersey-entity-filtering-2.27.jar:/home/user/.m2/repository/com/google/inject/extensions/guice-assistedinject/4.0/guice-assistedinject-4.0.jar:/home/user/.m2/repository/org/jooq/jooq/3.11.10/jooq-3.11.10.jar:/home/user/.m2/repository/org/jooq/jooq-meta/3.11.10/jooq-meta-3.11.10.jar:/home/user/.m2/repository/org/jooq/jooq-codegen/3.11.10/jooq-codegen-3.11.10.jar:/home/user/.m2/repository/com/jolbox/bonecp/0.8.0.RELEASE/bonecp-0.8.0.RELEASE.jar:/home/user/.m2/repository/org/xerial/sqlite-jdbc/3.25.2/sqlite-jdbc-3.25.2.jar:/home/user/.m2/repository/org/springframework/spring-jdbc/5.1.3.RELEASE/spring-jdbc-5.1.3.RELEASE.jar:/home/user/.m2/repository/org/springframework/spring-beans/5.1.3.RELEASE/spring-beans-5.1.3.RELEASE.jar:/home/user/.m2/repository/org/springframework/spring-core/5.1.3.RELEASE/spring-core-5.1.3.RELEASE.jar:/home/user/.m2/repository/org/springframework/spring-jcl/5.1.3.RELEASE/spring-jcl-5.1.3.RELEASE.jar:/home/user/.m2/repository/org/springframework/spring-tx/5.1.3.RELEASE/spring-tx-5.1.3.RELEASE.jar:/home/user/.m2/repository/org/apache/hadoop/hadoop-ozone-client/0.5.0-SNAPSHOT/hadoop-ozone-client-0.5.0-SNAPSHOT.jar:/home/user/.m2/repository/commons-lang/commons-lang/2.6/commons-lang-2.6.jar:/home/user/.m2/repository/org/apache/hadoop/hadoop-ozone-ozone-manager/0.5.0-SNAPSHOT/hadoop-ozone-ozone-manager-0.5.0-SNAPSHOT-tests.jar:/home/user/.m2/repository/junit/junit/4.11/junit-4.11.jar:/home/user/.m2/repository/org/hamcrest/hamcrest-core/1.3/hamcrest-core-1.3.jar:/home/user/.m2/repository/org/openjdk/jmh/jmh-core/1.19/jmh-core-1.19.jar:/home/user/.m2/repository/net/sf/jopt-simple/jopt-simple/4.6/jopt-simple-4.6.jar:/home/user/.m2/repository/org/apache/commons/commons-math3/3.1.1/commons-math3-3.1.1.jar:/home/user/.m2/repository/org/openjdk/jmh/jmh-generator-annprocess/1.19/jmh-generator-annprocess-1.19.jar:/home/user/.m2/repository/org/mockito/mockito-all/1.8.5/mockito-all-1.8.5.jar:/home/user/.m2/repository/org/apache/hadoop/hadoop-kms/3.2.0/hadoop-kms-3.2.0.jar:/home/user/.m2/repository/org/apache/hadoop/hadoop-auth/3.2.0/hadoop-auth-3.2.0.jar:/home/user/.m2/repository/com/nimbusds/nimbus-jose-jwt/4.41.1/nimbus-jose-jwt-4.41.1.jar:/home/user/.m2/repository/com/github/stephenc/jcip/jcip-annotations/1.0-1/jcip-annotations-1.0-1.jar:/home/user/.m2/repository/net/minidev/json-smart/2.3/json-smart-2.3.jar:/home/user/.m2/repository/net/minidev/accessors-smart/1.2/accessors-smart-1.2.jar:/home/user/.m2/repository/org/ow2/asm/asm/5.0.4/asm-5.0.4.jar:/home/user/.m2/repository/org/apache/curator/curator-framework/2.12.0/curator-framework-2.12.0.jar:/home/user/.m2/repository/com/sun/jersey/jersey-core/1.19/jersey-core-1.19.jar:/home/user/.m2/repository/javax/ws/rs/jsr311-api/1.1.1/jsr311-api-1.1.1.jar:/home/user/.m2/repository/com/sun/jersey/jersey-server/1.19/jersey-server-1.19.jar:/home/user/.m2/repository/javax/servlet/javax.servlet-api/3.1.0/javax.servlet-api-3.1.0.jar:/home/user/.m2/repository/org/eclipse/jetty/jetty-server/9.3.25.v20180904/jetty-server-9.3.25.v20180904.jar:/home/user/.m2/repository/org/eclipse/jetty/jetty-http/9.3.25.v20180904/jetty-http-9.3.25.v20180904.jar:/home/user/.m2/repository/org/eclipse/jetty/jetty-io/9.3.25.v20180904/jetty-io-9.3.25.v20180904.jar:/home/user/.m2/repository/org/eclipse/jetty/jetty-webapp/9.3.25.v20180904/jetty-webapp-9.3.25.v20180904.jar:/home/user/.m2/repository/org/eclipse/jetty/jetty-xml/9.3.25.v20180904/jetty-xml-9.3.25.v20180904.jar:/home/user/.m2/repository/log4j/log4j/1.2.17/log4j-1.2.17.jar:/home/user/.m2/repository/org/slf4j/slf4j-api/1.7.25/slf4j-api-1.7.25.jar:/home/user/.m2/repository/org/slf4j/jul-to-slf4j/1.7.25/jul-to-slf4j-1.7.25.jar:/home/user/.m2/repository/org/eclipse/jetty/jetty-util/9.3.25.v20180904/jetty-util-9.3.25.v20180904.jar:/home/user/.m2/repository/com/fasterxml/jackson/core/jackson-databind/2.9.9/jackson-databind-2.9.9.jar:/home/user/.m2/repository/org/apache/hadoop/hadoop-kms/3.2.0/hadoop-kms-3.2.0-tests.jar:/home/user/.m2/repository/org/apache/hadoop/hadoop-hdds-server-scm/0.5.0-SNAPSHOT/hadoop-hdds-server-scm-0.5.0-SNAPSHOT-tests.jar:/home/user/.m2/repository/org/apache/hadoop/hadoop-hdds-container-service/0.5.0-SNAPSHOT/hadoop-hdds-container-service-0.5.0-SNAPSHOT-tests.jar:/home/user/.m2/repository/org/yaml/snakeyaml/1.16/snakeyaml-1.16.jar:/home/user/.m2/repository/org/apache/hadoop/hadoop-common/3.2.0/hadoop-common-3.2.0-tests.jar:/home/user/.m2/repository/org/apache/hadoop/hadoop-annotations/3.2.0/hadoop-annotations-3.2.0.jar:/usr/lib/jvm/java-1.8-openjdk/jre/../lib/tools.jar:/home/user/.m2/repository/commons-cli/commons-cli/1.2/commons-cli-1.2.jar:/home/user/.m2/repository/org/apache/httpcomponents/httpclient/4.5.2/httpclient-4.5.2.jar:/home/user/.m2/repository/org/apache/httpcomponents/httpcore/4.4.4/httpcore-4.4.4.jar:/home/user/.m2/repository/commons-codec/commons-codec/1.11/commons-codec-1.11.jar:/home/user/.m2/repository/commons-net/commons-net/3.6/commons-net-3.6.jar:/home/user/.m2/repository/commons-collections/commons-collections/3.2.2/commons-collections-3.2.2.jar:/home/user/.m2/repository/org/eclipse/jetty/jetty-servlet/9.3.25.v20180904/jetty-servlet-9.3.25.v20180904.jar:/home/user/.m2/repository/org/eclipse/jetty/jetty-security/9.3.25.v20180904/jetty-security-9.3.25.v20180904.jar:/home/user/.m2/repository/javax/servlet/jsp/jsp-api/2.1/jsp-api-2.1.jar:/home/user/.m2/repository/com/sun/jersey/jersey-servlet/1.19/jersey-servlet-1.19.jar:/home/user/.m2/repository/com/sun/jersey/jersey-json/1.19/jersey-json-1.19.jar:/home/user/.m2/repository/org/codehaus/jettison/jettison/1.1/jettison-1.1.jar:/home/user/.m2/repository/org/codehaus/jackson/jackson-core-asl/1.9.13/jackson-core-asl-1.9.13.jar:/home/user/.m2/repository/org/codehaus/jackson/jackson-mapper-asl/1.9.13/jackson-mapper-asl-1.9.13.jar:/home/user/.m2/repository/org/codehaus/jackson/jackson-jaxrs/1.9.13/jackson-jaxrs-1.9.13.jar:/home/user/.m2/repository/org/codehaus/jackson/jackson-xc/1.9.13/jackson-xc-1.9.13.jar:/home/user/.m2/repository/commons-logging/commons-logging/1.1.3/commons-logging-1.1.3.jar:/home/user/.m2/repository/commons-beanutils/commons-beanutils/1.9.4/commons-beanutils-1.9.4.jar:/home/user/.m2/repository/org/apache/commons/commons-configuration2/2.1.1/commons-configuration2-2.1.1.jar:/home/user/.m2/repository/org/apache/commons/commons-lang3/3.7/commons-lang3-3.7.jar:/home/user/.m2/repository/org/apache/commons/commons-text/1.4/commons-text-1.4.jar:/home/user/.m2/repository/org/apache/avro/avro/1.7.7/avro-1.7.7.jar:/home/user/.m2/repository/com/thoughtworks/paranamer/paranamer/2.3/paranamer-2.3.jar:/home/user/.m2/repository/org/xerial/snappy/snappy-java/1.0.5/snappy-java-1.0.5.jar:/home/user/.m2/repository/com/google/re2j/re2j/1.1/re2j-1.1.jar:/home/user/.m2/repository/com/google/code/gson/gson/2.2.4/gson-2.2.4.jar:/home/user/.m2/repository/com/jcraft/jsch/0.1.54/jsch-0.1.54.jar:/home/user/.m2/repository/org/apache/curator/curator-client/2.12.0/curator-client-2.12.0.jar:/home/user/.m2/repository/org/apache/curator/curator-recipes/2.12.0/curator-recipes-2.12.0.jar:/home/user/.m2/repository/com/google/code/findbugs/jsr305/3.0.0/jsr305-3.0.0.jar:/home/user/.m2/repository/org/apache/htrace/htrace-core4/4.1.0-incubating/htrace-core4-4.1.0-incubating.jar:/home/user/.m2/repository/org/apache/zookeeper/zookeeper/3.4.13/zookeeper-3.4.13.jar:/home/user/.m2/repository/jline/jline/0.9.94/jline-0.9.94.jar:/home/user/.m2/repository/org/apache/yetus/audience-annotations/0.5.0/audience-annotations-0.5.0.jar:/home/user/.m2/repository/org/codehaus/woodstox/stax2-api/3.1.4/stax2-api-3.1.4.jar:/home/user/.m2/repository/com/fasterxml/woodstox/woodstox-core/5.0.3/woodstox-core-5.0.3.jar:/home/user/.m2/repository/dnsjava/dnsjava/2.1.7/dnsjava-2.1.7.jar:/home/user/.m2/repository/org/apache/hadoop/hadoop-hdfs/3.2.0/hadoop-hdfs-3.2.0-tests.jar:/home/user/.m2/repository/org/eclipse/jetty/jetty-util-ajax/9.3.25.v20180904/jetty-util-ajax-9.3.25.v20180904.jar:/home/user/.m2/repository/commons-daemon/commons-daemon/1.0.13/commons-daemon-1.0.13.jar:/home/user/.m2/repository/io/netty/netty/3.10.5.Final/netty-3.10.5.Final.jar:/home/user/.m2/repository/io/netty/netty-all/4.0.52.Final/netty-all-4.0.52.Final.jar:/home/user/.m2/repository/org/fusesource/leveldbjni/leveldbjni-all/1.8/leveldbjni-all-1.8.jar:"/>
    <property name="sun.cpu.endian" value="little"/>
    <property name="user.home" value="/home/user"/>
    <property name="user.language" value="en"/>
    <property name="java.specification.vendor" value="Oracle Corporation"/>
    <property name="java.home" value="/usr/lib/jvm/java-1.8-openjdk/jre"/>
    <property name="java.security.krb5.conf" value="/workdir/hadoop-ozone/integration-test/target/test-classes/krb5.conf"/>
    <property name="basedir" value="/workdir/hadoop-ozone/integration-test"/>
    <property name="file.separator" value="/"/>
    <property name="line.separator" value="&#10;"/>
    <property name="java.vm.specification.vendor" value="Oracle Corporation"/>
    <property name="java.specification.name" value="Java Platform API Specification"/>
    <property name="java.awt.graphicsenv" value="sun.awt.X11GraphicsEnvironment"/>
    <property name="surefire.real.class.path" value="/workdir/hadoop-ozone/integration-test/target/surefire/surefirebooter6797572351930751297.jar"/>
    <property name="hadoop.log.dir" value="/workdir/hadoop-ozone/integration-test/target/log"/>
    <property name="sun.boot.class.path" value="/usr/lib/jvm/java-1.8-openjdk/jre/lib/resources.jar:/usr/lib/jvm/java-1.8-openjdk/jre/lib/rt.jar:/usr/lib/jvm/java-1.8-openjdk/jre/lib/sunrsasign.jar:/usr/lib/jvm/java-1.8-openjdk/jre/lib/jsse.jar:/usr/lib/jvm/java-1.8-openjdk/jre/lib/jce.jar:/usr/lib/jvm/java-1.8-openjdk/jre/lib/charsets.jar:/usr/lib/jvm/java-1.8-openjdk/jre/lib/jfr.jar:/usr/lib/jvm/java-1.8-openjdk/jre/classes"/>
    <property name="sun.management.compiler" value="HotSpot 64-Bit Tiered Compilers"/>
    <property name="java.runtime.version" value="1.8.0_212-b04"/>
    <property name="java.net.preferIPv4Stack" value="true"/>
    <property name="user.name" value="jenkins1000"/>
    <property name="path.separator" value=":"/>
    <property name="java.security.egd" value="file:///dev/urandom"/>
    <property name="os.version" value="3.10.0-957.12.2.el7.x86_64"/>
    <property name="java.endorsed.dirs" value="/usr/lib/jvm/java-1.8-openjdk/jre/lib/endorsed"/>
    <property name="java.runtime.name" value="OpenJDK Runtime Environment"/>
    <property name="file.encoding" value="UTF-8"/>
    <property name="java.vm.name" value="OpenJDK 64-Bit Server VM"/>
    <property name="test.build.webapps" value=""/>
    <property name="localRepository" value="/home/user/.m2/repository"/>
    <property name="java.vendor.url.bug" value="https://icedtea.classpath.org/bugzilla"/>
    <property name="java.io.tmpdir" value="/tmp"/>
    <property name="require.test.libhadoop" value=""/>
    <property name="java.version" value="1.8.0_212"/>
    <property name="user.dir" value="/workdir/hadoop-ozone/integration-test"/>
    <property name="os.arch" value="amd64"/>
    <property name="java.vm.specification.name" value="Java Virtual Machine Specification"/>
    <property name="test.build.classes" value="/workdir/hadoop-ozone/integration-test/target/test-classes"/>
    <property name="java.awt.printerjob" value="sun.print.PSPrinterJob"/>
    <property name="sun.os.patch.level" value="unknown"/>
    <property name="hadoop.tmp.dir" value="/workdir/hadoop-ozone/integration-test/target/tmp"/>
    <property name="java.library.path" value="/usr/lib/jvm/java-1.8-openjdk/jre/lib/amd64/server:/usr/lib/jvm/java-1.8-openjdk/jre/lib/amd64:/usr/lib/jvm/java-1.8-openjdk/jre/../lib/amd64:/workdir/hadoop-ozone/integration-test/target/native/target/usr/local/lib:/workdir/hadoop-ozone/integration-test/../../hadoop-common-project/hadoop-common/target/native/target/usr/local/lib:/usr/java/packages/lib/amd64:/usr/lib64:/lib64:/lib:/usr/lib"/>
    <property name="java.vm.info" value="mixed mode"/>
    <property name="java.vendor" value="IcedTea"/>
    <property name="java.vm.version" value="25.212-b04"/>
    <property name="java.ext.dirs" value="/usr/lib/jvm/java-1.8-openjdk/jre/lib/ext:/usr/java/packages/lib/ext"/>
    <property name="sun.io.unicode.encoding" value="UnicodeLittle"/>
    <property name="java.class.version" value="52.0"/>
  </properties>
  <testcase name="testWatchForCommitWithKeyWrite" classname="org.apache.hadoop.ozone.client.rpc.TestWatchForCommit" time="79.039"/>
  <testcase name="testWatchForCommitWithSmallerTimeoutValue" classname="org.apache.hadoop.ozone.client.rpc.TestWatchForCommit" time="42.414"/>
  <testcase name="testWatchForCommitForRetryfailure" classname="org.apache.hadoop.ozone.client.rpc.TestWatchForCommit" time="61.012">
    <failure type="java.lang.AssertionError">java.lang.AssertionError
	at org.junit.Assert.fail(Assert.java:86)
	at org.junit.Assert.assertTrue(Assert.java:41)
	at org.junit.Assert.assertTrue(Assert.java:52)
	at org.apache.hadoop.ozone.client.rpc.TestWatchForCommit.testWatchForCommitForRetryfailure(TestWatchForCommit.java:348)
	at sun.reflect.NativeMethodAccessorImpl.invoke0(Native Method)
	at sun.reflect.NativeMethodAccessorImpl.invoke(NativeMethodAccessorImpl.java:62)
	at sun.reflect.DelegatingMethodAccessorImpl.invoke(DelegatingMethodAccessorImpl.java:43)
	at java.lang.reflect.Method.invoke(Method.java:498)
	at org.junit.runners.model.FrameworkMethod$1.runReflectiveCall(FrameworkMethod.java:47)
	at org.junit.internal.runners.model.ReflectiveCallable.run(ReflectiveCallable.java:12)
	at org.junit.runners.model.FrameworkMethod.invokeExplosively(FrameworkMethod.java:44)
	at org.junit.internal.runners.statements.InvokeMethod.evaluate(InvokeMethod.java:17)
	at org.junit.runners.ParentRunner.runLeaf(ParentRunner.java:271)
	at org.junit.runners.BlockJUnit4ClassRunner.runChild(BlockJUnit4ClassRunner.java:70)
	at org.junit.runners.BlockJUnit4ClassRunner.runChild(BlockJUnit4ClassRunner.java:50)
	at org.junit.runners.ParentRunner$3.run(ParentRunner.java:238)
	at org.junit.runners.ParentRunner$1.schedule(ParentRunner.java:63)
	at org.junit.runners.ParentRunner.runChildren(ParentRunner.java:236)
	at org.junit.runners.ParentRunner.access$000(ParentRunner.java:53)
	at org.junit.runners.ParentRunner$2.evaluate(ParentRunner.java:229)
	at org.junit.runners.ParentRunner.run(ParentRunner.java:309)
	at org.apache.maven.surefire.junit4.JUnit4Provider.execute(JUnit4Provider.java:365)
	at org.apache.maven.surefire.junit4.JUnit4Provider.executeWithRerun(JUnit4Provider.java:273)
	at org.apache.maven.surefire.junit4.JUnit4Provider.executeTestSet(JUnit4Provider.java:238)
	at org.apache.maven.surefire.junit4.JUnit4Provider.invoke(JUnit4Provider.java:159)
	at org.apache.maven.surefire.booter.ForkedBooter.invokeProviderInSameClassLoader(ForkedBooter.java:384)
	at org.apache.maven.surefire.booter.ForkedBooter.runSuitesInProcess(ForkedBooter.java:345)
	at org.apache.maven.surefire.booter.ForkedBooter.execute(ForkedBooter.java:126)
	at org.apache.maven.surefire.booter.ForkedBooter.main(ForkedBooter.java:418)
</failure>
    <system-out><![CDATA[2019-10-01 03:37:25,671 [main] WARN  server.ServerUtils (ServerUtils.java:getScmDbDir(145)) - ozone.scm.db.dirs is not configured. We recommend adding this setting. Falling back to ozone.metadata.dirs instead.
2019-10-01 03:37:25,687 [main] WARN  server.ServerUtils (ServerUtils.java:getScmDbDir(145)) - ozone.scm.db.dirs is not configured. We recommend adding this setting. Falling back to ozone.metadata.dirs instead.
2019-10-01 03:37:25,687 [main] WARN  server.ServerUtils (ServerUtils.java:getScmDbDir(145)) - ozone.scm.db.dirs is not configured. We recommend adding this setting. Falling back to ozone.metadata.dirs instead.
2019-10-01 03:37:25,688 [main] INFO  db.DBStoreBuilder (DBStoreBuilder.java:addTable(110)) - using custom profile for table: deletedBlocks
2019-10-01 03:37:25,688 [main] INFO  db.DBStoreBuilder (DBStoreBuilder.java:processTables(161)) - Using default column profile:DBProfile.DISK for Table:deletedBlocks
2019-10-01 03:37:25,688 [main] INFO  db.DBStoreBuilder (DBStoreBuilder.java:addTable(110)) - using custom profile for table: validCerts
2019-10-01 03:37:25,688 [main] INFO  db.DBStoreBuilder (DBStoreBuilder.java:processTables(161)) - Using default column profile:DBProfile.DISK for Table:validCerts
2019-10-01 03:37:25,688 [main] INFO  db.DBStoreBuilder (DBStoreBuilder.java:addTable(110)) - using custom profile for table: revokedCerts
2019-10-01 03:37:25,688 [main] INFO  db.DBStoreBuilder (DBStoreBuilder.java:processTables(161)) - Using default column profile:DBProfile.DISK for Table:revokedCerts
2019-10-01 03:37:25,689 [main] INFO  db.DBStoreBuilder (DBStoreBuilder.java:addTable(110)) - using custom profile for table: default
2019-10-01 03:37:25,689 [main] INFO  db.DBStoreBuilder (DBStoreBuilder.java:processTables(167)) - Using default column profile:DBProfile.DISK for Table:default
2019-10-01 03:37:25,689 [main] INFO  db.DBStoreBuilder (DBStoreBuilder.java:getDbProfile(198)) - Using default options. DBProfile.DISK
2019-10-01 03:37:25,860 [main] INFO  net.NodeSchemaLoader (NodeSchemaLoader.java:loadSchemaFromFile(125)) - Loading file from sun.misc.CompoundEnumeration@f0a66bd
2019-10-01 03:37:25,861 [main] INFO  net.NodeSchemaLoader (NodeSchemaLoader.java:loadSchema(171)) - Loading network topology layer schema file
2019-10-01 03:37:25,867 [main] WARN  server.ServerUtils (ServerUtils.java:sanitizeUserArgs(70)) - ozone.scm.stale.node.interval value = 300000 is larger than max = 100000 based on the key value of ozone.scm.heartbeat.thread.interval, reset to the max value 100000.
2019-10-01 03:37:25,868 [main] WARN  server.ServerUtils (ServerUtils.java:sanitizeUserArgs(70)) - ozone.scm.stale.node.interval value = 300000 is larger than max = 100000 based on the key value of ozone.scm.heartbeat.thread.interval, reset to the max value 100000.
2019-10-01 03:37:25,868 [main] INFO  node.SCMNodeManager (SCMNodeManager.java:<init>(114)) - Entering startup safe mode.
2019-10-01 03:37:25,869 [main] INFO  algorithms.ContainerPlacementPolicyFactory (ContainerPlacementPolicyFactory.java:getPolicy(57)) - Create container placement policy of type org.apache.hadoop.hdds.scm.container.placement.algorithms.SCMContainerPlacementRandom
2019-10-01 03:37:25,870 [main] WARN  server.ServerUtils (ServerUtils.java:getScmDbDir(145)) - ozone.scm.db.dirs is not configured. We recommend adding this setting. Falling back to ozone.metadata.dirs instead.
2019-10-01 03:37:25,917 [main] INFO  pipeline.SCMPipelineManager (SCMPipelineManager.java:initializePipelineState(132)) - No pipeline exists in current db
2019-10-01 03:37:25,917 [main] WARN  server.ServerUtils (ServerUtils.java:getScmDbDir(145)) - ozone.scm.db.dirs is not configured. We recommend adding this setting. Falling back to ozone.metadata.dirs instead.
2019-10-01 03:37:25,942 [main] WARN  events.EventQueue (EventQueue.java:fireEvent(183)) - No event handler registered for event TypedEvent{payloadType=SafeModeStatus, name='SafeModeStatus'}
2019-10-01 03:37:25,942 [main] INFO  ipc.CallQueueManager (CallQueueManager.java:<init>(84)) - Using callQueue: class java.util.concurrent.LinkedBlockingQueue, queueCapacity: 2000, scheduler: class org.apache.hadoop.ipc.DefaultRpcScheduler, ipcBackoff: false.
2019-10-01 03:37:25,944 [Socket Reader #1 for port 43031] INFO  ipc.Server (Server.java:run(1074)) - Starting Socket Reader #1 for port 43031
2019-10-01 03:37:25,946 [main] INFO  ipc.CallQueueManager (CallQueueManager.java:<init>(84)) - Using callQueue: class java.util.concurrent.LinkedBlockingQueue, queueCapacity: 2000, scheduler: class org.apache.hadoop.ipc.DefaultRpcScheduler, ipcBackoff: false.
2019-10-01 03:37:25,947 [Socket Reader #1 for port 39624] INFO  ipc.Server (Server.java:run(1074)) - Starting Socket Reader #1 for port 39624
2019-10-01 03:37:25,948 [main] INFO  ipc.CallQueueManager (CallQueueManager.java:<init>(84)) - Using callQueue: class java.util.concurrent.LinkedBlockingQueue, queueCapacity: 2000, scheduler: class org.apache.hadoop.ipc.DefaultRpcScheduler, ipcBackoff: false.
2019-10-01 03:37:25,949 [Socket Reader #1 for port 41348] INFO  ipc.Server (Server.java:run(1074)) - Starting Socket Reader #1 for port 41348
2019-10-01 03:37:25,951 [main] INFO  hdfs.DFSUtil (DFSUtil.java:httpServerTemplateForNNAndJN(1641)) - Starting Web-server for scm at: http://0.0.0.0:0
2019-10-01 03:37:25,953 [main] INFO  server.AuthenticationFilter (AuthenticationFilter.java:constructSecretProvider(240)) - Unable to initialize FileSignerSecretProvider, falling back to use random secrets.
2019-10-01 03:37:25,954 [main] WARN  http.HttpRequestLog (HttpRequestLog.java:getRequestLog(97)) - Jetty request log can only be enabled using Log4j
2019-10-01 03:37:25,956 [main] INFO  http.HttpServer2 (HttpServer2.java:addGlobalFilter(975)) - Added global filter 'safety' (class=org.apache.hadoop.http.HttpServer2$QuotingInputFilter)
2019-10-01 03:37:25,956 [main] INFO  http.HttpServer2 (HttpServer2.java:addFilter(948)) - Added filter static_user_filter (class=org.apache.hadoop.http.lib.StaticUserWebFilter$StaticUserFilter) to context scm
2019-10-01 03:37:25,957 [main] INFO  http.HttpServer2 (HttpServer2.java:addFilter(958)) - Added filter static_user_filter (class=org.apache.hadoop.http.lib.StaticUserWebFilter$StaticUserFilter) to context logs
2019-10-01 03:37:25,957 [main] INFO  http.HttpServer2 (HttpServer2.java:addFilter(958)) - Added filter static_user_filter (class=org.apache.hadoop.http.lib.StaticUserWebFilter$StaticUserFilter) to context static
2019-10-01 03:37:25,959 [main] INFO  server.StorageContainerManager (StorageContainerManager.java:start(770)) - StorageContainerLocationProtocol RPC server is listening at /0.0.0.0:41348
2019-10-01 03:37:25,961 [main] WARN  impl.MetricsConfig (MetricsConfig.java:loadFirst(134)) - Cannot locate configuration: tried hadoop-metrics2-storagecontainermanager.properties,hadoop-metrics2.properties
2019-10-01 03:37:25,962 [main] INFO  impl.MetricsSystemImpl (MetricsSystemImpl.java:startTimer(374)) - Scheduled Metric snapshot period at 10 second(s).
2019-10-01 03:37:25,962 [main] INFO  impl.MetricsSystemImpl (MetricsSystemImpl.java:start(191)) - StorageContainerManager metrics system started
2019-10-01 03:37:25,967 [main] INFO  lib.Interns (Interns.java:removeEldestEntry(50)) - Metrics intern cache overflow at 2011 for MetricsSystem={MetricsSystem=MetricsInfoImpl{name=MetricsSystem, description=MetricsSystem}, MetricsSystem record=MetricsInfoImpl{name=MetricsSystem, description=MetricsSystem record}}
2019-10-01 03:37:26,021 [main] WARN  impl.MetricsSystemImpl (MetricsSystemImpl.java:register(276)) - Sink prometheus already exists!
2019-10-01 03:37:26,072 [main] INFO  server.SCMClientProtocolServer (SCMClientProtocolServer.java:start(150)) - RPC server for Client  is listening at /0.0.0.0:41348
2019-10-01 03:37:26,072 [IPC Server Responder] INFO  ipc.Server (Server.java:run(1314)) - IPC Server Responder: starting
2019-10-01 03:37:26,072 [IPC Server listener on 41348] INFO  ipc.Server (Server.java:run(1153)) - IPC Server listener on 41348: starting
2019-10-01 03:37:26,077 [main] INFO  server.StorageContainerManager (StorageContainerManager.java:start(780)) - ScmBlockLocationProtocol RPC server is listening at /0.0.0.0:39624
2019-10-01 03:37:26,077 [main] INFO  server.SCMBlockProtocolServer (SCMBlockProtocolServer.java:start(146)) - RPC server for Block Protocol is listening at /0.0.0.0:39624
2019-10-01 03:37:26,078 [IPC Server Responder] INFO  ipc.Server (Server.java:run(1314)) - IPC Server Responder: starting
2019-10-01 03:37:26,078 [IPC Server listener on 39624] INFO  ipc.Server (Server.java:run(1153)) - IPC Server listener on 39624: starting
2019-10-01 03:37:26,082 [main] INFO  server.StorageContainerManager (StorageContainerManager.java:start(784)) - ScmDatanodeProtocl RPC server is listening at /0.0.0.0:43031
2019-10-01 03:37:26,082 [main] INFO  server.SCMDatanodeProtocolServer (SCMDatanodeProtocolServer.java:start(191)) - RPC server for DataNodes is listening at /0.0.0.0:43031
2019-10-01 03:37:26,082 [IPC Server Responder] INFO  ipc.Server (Server.java:run(1314)) - IPC Server Responder: starting
2019-10-01 03:37:26,083 [IPC Server listener on 43031] INFO  ipc.Server (Server.java:run(1153)) - IPC Server listener on 43031: starting
2019-10-01 03:37:26,086 [main] INFO  http.HttpServer2 (HttpServer2.java:bindListener(1191)) - Jetty bound to port 37517
2019-10-01 03:37:26,087 [main] INFO  server.Server (Server.java:doStart(351)) - jetty-9.3.25.v20180904, build timestamp: 2018-09-04T21:11:46Z, git hash: 3ce520221d0240229c862b122d2b06c12a625732
2019-10-01 03:37:26,088 [main] INFO  handler.ContextHandler (ContextHandler.java:doStart(781)) - Started o.e.j.s.ServletContextHandler@164642a4{/logs,file:///workdir/hadoop-ozone/integration-test/target/log,AVAILABLE}
2019-10-01 03:37:26,088 [main] INFO  handler.ContextHandler (ContextHandler.java:doStart(781)) - Started o.e.j.s.ServletContextHandler@50b0afd7{/static,file:///workdir/hadoop-ozone/integration-test/target/test-classes/webapps/static,AVAILABLE}
2019-10-01 03:37:26,092 [main] INFO  handler.ContextHandler (ContextHandler.java:doStart(781)) - Started o.e.j.w.WebAppContext@511f5b1d{/,file:///workdir/hadoop-ozone/integration-test/target/test-classes/webapps/scm/,AVAILABLE}{/scm}
2019-10-01 03:37:26,092 [main] INFO  server.AbstractConnector (AbstractConnector.java:doStart(278)) - Started ServerConnector@31f295b6{HTTP/1.1,[http/1.1]}{0.0.0.0:37517}
2019-10-01 03:37:26,093 [main] INFO  server.Server (Server.java:doStart(419)) - Started @122274ms
2019-10-01 03:37:26,094 [main] WARN  impl.MetricsSystemImpl (MetricsSystemImpl.java:register(276)) - Sink prometheus already exists!
2019-10-01 03:37:26,094 [main] INFO  server.BaseHttpServer (BaseHttpServer.java:updateConnectorAddress(215)) - HTTP server of SCM is listening at http://0.0.0.0:37517
2019-10-01 03:37:26,095 [main] WARN  server.ServerUtils (ServerUtils.java:getDBPath(222)) - ozone.om.db.dirs is not configured. We recommend adding this setting. Falling back to ozone.metadata.dirs instead.
2019-10-01 03:37:26,096 [org.apache.hadoop.util.JvmPauseMonitor$Monitor@4c82b5df] INFO  util.JvmPauseMonitor (JvmPauseMonitor.java:run(188)) - Starting JVM pause monitor
2019-10-01 03:37:26,109 [main] WARN  server.ServerUtils (ServerUtils.java:getDBPath(222)) - ozone.om.db.dirs is not configured. We recommend adding this setting. Falling back to ozone.metadata.dirs instead.
2019-10-01 03:37:26,110 [main] WARN  server.ServerUtils (ServerUtils.java:getDBPath(222)) - ozone.om.db.dirs is not configured. We recommend adding this setting. Falling back to ozone.metadata.dirs instead.
2019-10-01 03:37:26,110 [main] INFO  om.OzoneManager (OzoneManager.java:setOMNodeDetails(652)) - OM Service ID is not set. Setting it to the default ID: omServiceIdDefault
2019-10-01 03:37:26,110 [main] INFO  om.OzoneManager (OzoneManager.java:setOMNodeDetails(658)) - OM Node ID is not set. Setting it to the OmStorage's OmID: f657ef22-2ab2-4497-a42c-ff4d92033c2f
2019-10-01 03:37:26,110 [main] INFO  om.OzoneManager (OzoneManager.java:loadOMHAConfigs(609)) - Found matching OM address with OMServiceId: null, OMNodeId: null, RPC Address: localhost:0 and Ratis port: 9872
2019-10-01 03:37:26,117 [main] WARN  server.ServerUtils (ServerUtils.java:getDBPath(222)) - ozone.om.db.dirs is not configured. We recommend adding this setting. Falling back to ozone.metadata.dirs instead.
2019-10-01 03:37:26,118 [main] INFO  db.DBStoreBuilder (DBStoreBuilder.java:addTable(110)) - using custom profile for table: userTable
2019-10-01 03:37:26,118 [main] INFO  db.DBStoreBuilder (DBStoreBuilder.java:processTables(161)) - Using default column profile:DBProfile.DISK for Table:userTable
2019-10-01 03:37:26,118 [main] INFO  db.DBStoreBuilder (DBStoreBuilder.java:addTable(110)) - using custom profile for table: volumeTable
2019-10-01 03:37:26,118 [main] INFO  db.DBStoreBuilder (DBStoreBuilder.java:processTables(161)) - Using default column profile:DBProfile.DISK for Table:volumeTable
2019-10-01 03:37:26,118 [main] INFO  db.DBStoreBuilder (DBStoreBuilder.java:addTable(110)) - using custom profile for table: bucketTable
2019-10-01 03:37:26,119 [main] INFO  db.DBStoreBuilder (DBStoreBuilder.java:processTables(161)) - Using default column profile:DBProfile.DISK for Table:bucketTable
2019-10-01 03:37:26,119 [main] INFO  db.DBStoreBuilder (DBStoreBuilder.java:addTable(110)) - using custom profile for table: keyTable
2019-10-01 03:37:26,119 [main] INFO  db.DBStoreBuilder (DBStoreBuilder.java:processTables(161)) - Using default column profile:DBProfile.DISK for Table:keyTable
2019-10-01 03:37:26,119 [main] INFO  db.DBStoreBuilder (DBStoreBuilder.java:addTable(110)) - using custom profile for table: deletedTable
2019-10-01 03:37:26,119 [main] INFO  db.DBStoreBuilder (DBStoreBuilder.java:processTables(161)) - Using default column profile:DBProfile.DISK for Table:deletedTable
2019-10-01 03:37:26,119 [main] INFO  db.DBStoreBuilder (DBStoreBuilder.java:addTable(110)) - using custom profile for table: openKeyTable
2019-10-01 03:37:26,119 [main] INFO  db.DBStoreBuilder (DBStoreBuilder.java:processTables(161)) - Using default column profile:DBProfile.DISK for Table:openKeyTable
2019-10-01 03:37:26,120 [main] INFO  db.DBStoreBuilder (DBStoreBuilder.java:addTable(110)) - using custom profile for table: s3Table
2019-10-01 03:37:26,120 [main] INFO  db.DBStoreBuilder (DBStoreBuilder.java:processTables(161)) - Using default column profile:DBProfile.DISK for Table:s3Table
2019-10-01 03:37:26,120 [main] INFO  db.DBStoreBuilder (DBStoreBuilder.java:addTable(110)) - using custom profile for table: multipartInfoTable
2019-10-01 03:37:26,120 [main] INFO  db.DBStoreBuilder (DBStoreBuilder.java:processTables(161)) - Using default column profile:DBProfile.DISK for Table:multipartInfoTable
2019-10-01 03:37:26,120 [main] INFO  db.DBStoreBuilder (DBStoreBuilder.java:addTable(110)) - using custom profile for table: dTokenTable
2019-10-01 03:37:26,120 [main] INFO  db.DBStoreBuilder (DBStoreBuilder.java:processTables(161)) - Using default column profile:DBProfile.DISK for Table:dTokenTable
2019-10-01 03:37:26,121 [main] INFO  db.DBStoreBuilder (DBStoreBuilder.java:addTable(110)) - using custom profile for table: s3SecretTable
2019-10-01 03:37:26,121 [main] INFO  db.DBStoreBuilder (DBStoreBuilder.java:processTables(161)) - Using default column profile:DBProfile.DISK for Table:s3SecretTable
2019-10-01 03:37:26,121 [main] INFO  db.DBStoreBuilder (DBStoreBuilder.java:addTable(110)) - using custom profile for table: prefixTable
2019-10-01 03:37:26,121 [main] INFO  db.DBStoreBuilder (DBStoreBuilder.java:processTables(161)) - Using default column profile:DBProfile.DISK for Table:prefixTable
2019-10-01 03:37:26,121 [main] INFO  db.DBStoreBuilder (DBStoreBuilder.java:addTable(110)) - using custom profile for table: default
2019-10-01 03:37:26,121 [main] INFO  db.DBStoreBuilder (DBStoreBuilder.java:processTables(167)) - Using default column profile:DBProfile.DISK for Table:default
2019-10-01 03:37:26,122 [main] INFO  db.DBStoreBuilder (DBStoreBuilder.java:getDbProfile(198)) - Using default options. DBProfile.DISK
2019-10-01 03:37:26,506 [main] INFO  ipc.CallQueueManager (CallQueueManager.java:<init>(84)) - Using callQueue: class java.util.concurrent.LinkedBlockingQueue, queueCapacity: 2000, scheduler: class org.apache.hadoop.ipc.DefaultRpcScheduler, ipcBackoff: false.
2019-10-01 03:37:26,506 [Socket Reader #1 for port 44401] INFO  ipc.Server (Server.java:run(1074)) - Starting Socket Reader #1 for port 44401
2019-10-01 03:37:26,523 [main] INFO  om.OzoneManager (OzoneManager.java:start(1243)) - OzoneManager RPC server is listening at localhost/127.0.0.1:44401
2019-10-01 03:37:26,523 [main] INFO  impl.MetricsSystemImpl (MetricsSystemImpl.java:init(158)) - OzoneManager metrics system started (again)
2019-10-01 03:37:26,523 [IPC Server Responder] INFO  ipc.Server (Server.java:run(1314)) - IPC Server Responder: starting
2019-10-01 03:37:26,524 [IPC Server listener on 44401] INFO  ipc.Server (Server.java:run(1153)) - IPC Server listener on 44401: starting
2019-10-01 03:37:26,529 [main] INFO  hdfs.DFSUtil (DFSUtil.java:httpServerTemplateForNNAndJN(1641)) - Starting Web-server for ozoneManager at: http://0.0.0.0:0
2019-10-01 03:37:26,531 [main] INFO  server.AuthenticationFilter (AuthenticationFilter.java:constructSecretProvider(240)) - Unable to initialize FileSignerSecretProvider, falling back to use random secrets.
2019-10-01 03:37:26,532 [main] WARN  http.HttpRequestLog (HttpRequestLog.java:getRequestLog(97)) - Jetty request log can only be enabled using Log4j
2019-10-01 03:37:26,533 [main] INFO  http.HttpServer2 (HttpServer2.java:addGlobalFilter(975)) - Added global filter 'safety' (class=org.apache.hadoop.http.HttpServer2$QuotingInputFilter)
2019-10-01 03:37:26,533 [main] INFO  http.HttpServer2 (HttpServer2.java:addFilter(948)) - Added filter static_user_filter (class=org.apache.hadoop.http.lib.StaticUserWebFilter$StaticUserFilter) to context ozoneManager
2019-10-01 03:37:26,533 [main] INFO  http.HttpServer2 (HttpServer2.java:addFilter(958)) - Added filter static_user_filter (class=org.apache.hadoop.http.lib.StaticUserWebFilter$StaticUserFilter) to context static
2019-10-01 03:37:26,534 [main] INFO  http.HttpServer2 (HttpServer2.java:addFilter(958)) - Added filter static_user_filter (class=org.apache.hadoop.http.lib.StaticUserWebFilter$StaticUserFilter) to context logs
2019-10-01 03:37:26,534 [main] INFO  http.HttpServer2 (HttpServer2.java:bindListener(1191)) - Jetty bound to port 44949
2019-10-01 03:37:26,534 [main] INFO  server.Server (Server.java:doStart(351)) - jetty-9.3.25.v20180904, build timestamp: 2018-09-04T21:11:46Z, git hash: 3ce520221d0240229c862b122d2b06c12a625732
2019-10-01 03:37:26,535 [main] INFO  handler.ContextHandler (ContextHandler.java:doStart(781)) - Started o.e.j.s.ServletContextHandler@234c5e41{/logs,file:///workdir/hadoop-ozone/integration-test/target/log,AVAILABLE}
2019-10-01 03:37:26,536 [main] INFO  handler.ContextHandler (ContextHandler.java:doStart(781)) - Started o.e.j.s.ServletContextHandler@36790bec{/static,file:///workdir/hadoop-ozone/integration-test/target/test-classes/webapps/static,AVAILABLE}
2019-10-01 03:37:26,539 [main] INFO  handler.ContextHandler (ContextHandler.java:doStart(781)) - Started o.e.j.w.WebAppContext@5974b7e8{/,file:///workdir/hadoop-ozone/integration-test/target/test-classes/webapps/ozoneManager/,AVAILABLE}{/ozoneManager}
2019-10-01 03:37:26,539 [main] INFO  server.AbstractConnector (AbstractConnector.java:doStart(278)) - Started ServerConnector@2839e3c8{HTTP/1.1,[http/1.1]}{0.0.0.0:44949}
2019-10-01 03:37:26,540 [main] INFO  server.Server (Server.java:doStart(419)) - Started @122720ms
2019-10-01 03:37:26,540 [main] WARN  impl.MetricsSystemImpl (MetricsSystemImpl.java:register(276)) - Sink prometheus already exists!
2019-10-01 03:37:26,541 [main] INFO  server.BaseHttpServer (BaseHttpServer.java:updateConnectorAddress(215)) - HTTP server of OZONEMANAGER is listening at http://0.0.0.0:44949
2019-10-01 03:37:26,556 [main] INFO  impl.MetricsSystemImpl (MetricsSystemImpl.java:init(158)) - HddsDatanode metrics system started (again)
2019-10-01 03:37:26,558 [main] INFO  ozone.HddsDatanodeService (HddsDatanodeService.java:start(184)) - HddsDatanodeService host:pr-hdds-1984-zmhd5-2369693365 ip:192.168.151.109
2019-10-01 03:37:26,563 [main] INFO  volume.HddsVolume (HddsVolume.java:<init>(176)) - Creating Volume: /workdir/hadoop-ozone/integration-test/target/test-dir/MiniOzoneClusterImpl-36867613-8ee7-4520-b00b-3b3d201fc0d0/datanode-0/data/containers/hdds of  storage type : DISK and capacity : 1482555576320
2019-10-01 03:37:26,563 [main] INFO  volume.VolumeSet (VolumeSet.java:initializeVolumeSet(170)) - Added Volume : /workdir/hadoop-ozone/integration-test/target/test-dir/MiniOzoneClusterImpl-36867613-8ee7-4520-b00b-3b3d201fc0d0/datanode-0/data/containers/hdds to VolumeSet
2019-10-01 03:37:26,563 [main] INFO  volume.ThrottledAsyncChecker (ThrottledAsyncChecker.java:schedule(139)) - Scheduling a check for org.apache.hadoop.ozone.container.common.volume.HddsVolume@3e377967
2019-10-01 03:37:26,564 [main] INFO  volume.HddsVolumeChecker (HddsVolumeChecker.java:checkAllVolumes(202)) - Scheduled health check for volume org.apache.hadoop.ozone.container.common.volume.HddsVolume@3e377967
2019-10-01 03:37:26,576 [main] INFO  impl.RaftServerProxy (ConfUtils.java:logGet(43)) - raft.rpc.type = GRPC (default)
2019-10-01 03:37:26,577 [main] INFO  grpc.GrpcFactory (GrpcFactory.java:checkPooledByteBufAllocatorUseCacheForAllThreads(45)) - PERFORMANCE WARNING: useCacheForAllThreads is true that may cause Netty to create a lot garbage objects and, as a result, trigger GC.
	It is recommended to disable useCacheForAllThreads by setting -Dorg.apache.ratis.thirdparty.io.netty.allocator.useCacheForAllThreads=false in command line.
2019-10-01 03:37:26,577 [main] INFO  grpc.GrpcConfigKeys$Server (ConfUtils.java:logGet(43)) - raft.grpc.server.port = 0 (default)
2019-10-01 03:37:26,577 [main] INFO  server.GrpcService (ConfUtils.java:logGet(43)) - raft.grpc.message.size.max = 33570816 (custom)
2019-10-01 03:37:26,577 [main] INFO  server.RaftServerConfigKeys (ConfUtils.java:logGet(43)) - raft.server.log.appender.buffer.byte-limit = 33554432 (custom)
2019-10-01 03:37:26,577 [main] INFO  server.GrpcService (ConfUtils.java:logGet(43)) - raft.grpc.flow.control.window = 1MB (=1048576) (default)
2019-10-01 03:37:26,577 [main] INFO  server.RaftServerConfigKeys (ConfUtils.java:logGet(43)) - raft.server.rpc.request.timeout = 3000ms (default)
2019-10-01 03:37:26,578 [main] INFO  server.RaftServerConfigKeys (ConfUtils.java:logGet(43)) - raft.server.storage.dir = [/workdir/hadoop-ozone/integration-test/target/test-dir/MiniOzoneClusterImpl-36867613-8ee7-4520-b00b-3b3d201fc0d0/datanode-0/data/ratis] (custom)
2019-10-01 03:37:26,579 [main] INFO  hdfs.DFSUtil (DFSUtil.java:httpServerTemplateForNNAndJN(1641)) - Starting Web-server for hddsDatanode at: http://0.0.0.0:0
2019-10-01 03:37:26,580 [main] INFO  server.AuthenticationFilter (AuthenticationFilter.java:constructSecretProvider(240)) - Unable to initialize FileSignerSecretProvider, falling back to use random secrets.
2019-10-01 03:37:26,581 [main] WARN  http.HttpRequestLog (HttpRequestLog.java:getRequestLog(97)) - Jetty request log can only be enabled using Log4j
2019-10-01 03:37:26,582 [main] INFO  http.HttpServer2 (HttpServer2.java:addGlobalFilter(975)) - Added global filter 'safety' (class=org.apache.hadoop.http.HttpServer2$QuotingInputFilter)
2019-10-01 03:37:26,582 [main] INFO  http.HttpServer2 (HttpServer2.java:addFilter(948)) - Added filter static_user_filter (class=org.apache.hadoop.http.lib.StaticUserWebFilter$StaticUserFilter) to context hddsDatanode
2019-10-01 03:37:26,582 [main] INFO  http.HttpServer2 (HttpServer2.java:addFilter(958)) - Added filter static_user_filter (class=org.apache.hadoop.http.lib.StaticUserWebFilter$StaticUserFilter) to context static
2019-10-01 03:37:26,582 [main] INFO  http.HttpServer2 (HttpServer2.java:addFilter(958)) - Added filter static_user_filter (class=org.apache.hadoop.http.lib.StaticUserWebFilter$StaticUserFilter) to context logs
2019-10-01 03:37:26,583 [main] INFO  http.HttpServer2 (HttpServer2.java:bindListener(1191)) - Jetty bound to port 40633
2019-10-01 03:37:26,583 [main] INFO  server.Server (Server.java:doStart(351)) - jetty-9.3.25.v20180904, build timestamp: 2018-09-04T21:11:46Z, git hash: 3ce520221d0240229c862b122d2b06c12a625732
2019-10-01 03:37:26,585 [main] INFO  handler.ContextHandler (ContextHandler.java:doStart(781)) - Started o.e.j.s.ServletContextHandler@4b515eab{/logs,file:///workdir/hadoop-ozone/integration-test/target/log,AVAILABLE}
2019-10-01 03:37:26,585 [main] INFO  handler.ContextHandler (ContextHandler.java:doStart(781)) - Started o.e.j.s.ServletContextHandler@1536ea40{/static,jar:file:/home/user/.m2/repository/org/apache/hadoop/hadoop-hdds-container-service/0.5.0-SNAPSHOT/hadoop-hdds-container-service-0.5.0-SNAPSHOT.jar!/webapps/static,AVAILABLE}
2019-10-01 03:37:26,610 [main] INFO  handler.ContextHandler (ContextHandler.java:doStart(781)) - Started o.e.j.w.WebAppContext@1da1380b{/,file:///tmp/jetty-0.0.0.0-40633-hddsDatanode-_-any-8945328675570741079.dir/webapp/,AVAILABLE}{/hddsDatanode}
2019-10-01 03:37:26,611 [main] INFO  server.AbstractConnector (AbstractConnector.java:doStart(278)) - Started ServerConnector@1095d23a{HTTP/1.1,[http/1.1]}{0.0.0.0:40633}
2019-10-01 03:37:26,612 [main] INFO  server.Server (Server.java:doStart(419)) - Started @122793ms
2019-10-01 03:37:26,612 [main] WARN  impl.MetricsSystemImpl (MetricsSystemImpl.java:register(276)) - Sink prometheus already exists!
2019-10-01 03:37:26,613 [main] INFO  server.BaseHttpServer (BaseHttpServer.java:updateConnectorAddress(215)) - HTTP server of HDDSDATANODE is listening at http://0.0.0.0:40633
2019-10-01 03:37:26,613 [main] INFO  impl.MetricsSystemImpl (MetricsSystemImpl.java:init(158)) - HddsDatanode metrics system started (again)
2019-10-01 03:37:26,616 [org.apache.hadoop.util.JvmPauseMonitor$Monitor@425bd95a] INFO  util.JvmPauseMonitor (JvmPauseMonitor.java:run(188)) - Starting JVM pause monitor
2019-10-01 03:37:26,616 [main] INFO  ozone.HddsDatanodeService (HddsDatanodeService.java:start(184)) - HddsDatanodeService host:pr-hdds-1984-zmhd5-2369693365 ip:192.168.151.109
2019-10-01 03:37:26,618 [Datanode State Machine Thread - 0] INFO  datanode.InitDatanodeState (InitDatanodeState.java:persistContainerDatanodeDetails(140)) - DatanodeDetails is persisted to /workdir/hadoop-ozone/integration-test/target/test-dir/MiniOzoneClusterImpl-36867613-8ee7-4520-b00b-3b3d201fc0d0/datanode-0/meta/datanode.id
2019-10-01 03:37:26,623 [main] INFO  volume.HddsVolume (HddsVolume.java:<init>(176)) - Creating Volume: /workdir/hadoop-ozone/integration-test/target/test-dir/MiniOzoneClusterImpl-36867613-8ee7-4520-b00b-3b3d201fc0d0/datanode-1/data/containers/hdds of  storage type : DISK and capacity : 1482555576320
2019-10-01 03:37:26,623 [main] INFO  volume.VolumeSet (VolumeSet.java:initializeVolumeSet(170)) - Added Volume : /workdir/hadoop-ozone/integration-test/target/test-dir/MiniOzoneClusterImpl-36867613-8ee7-4520-b00b-3b3d201fc0d0/datanode-1/data/containers/hdds to VolumeSet
2019-10-01 03:37:26,623 [main] INFO  volume.ThrottledAsyncChecker (ThrottledAsyncChecker.java:schedule(139)) - Scheduling a check for org.apache.hadoop.ozone.container.common.volume.HddsVolume@1f87607c
2019-10-01 03:37:26,624 [main] INFO  volume.HddsVolumeChecker (HddsVolumeChecker.java:checkAllVolumes(202)) - Scheduled health check for volume org.apache.hadoop.ozone.container.common.volume.HddsVolume@1f87607c
2019-10-01 03:37:26,638 [main] INFO  impl.RaftServerProxy (ConfUtils.java:logGet(43)) - raft.rpc.type = GRPC (default)
2019-10-01 03:37:26,638 [main] INFO  grpc.GrpcFactory (GrpcFactory.java:checkPooledByteBufAllocatorUseCacheForAllThreads(45)) - PERFORMANCE WARNING: useCacheForAllThreads is true that may cause Netty to create a lot garbage objects and, as a result, trigger GC.
	It is recommended to disable useCacheForAllThreads by setting -Dorg.apache.ratis.thirdparty.io.netty.allocator.useCacheForAllThreads=false in command line.
2019-10-01 03:37:26,639 [main] INFO  grpc.GrpcConfigKeys$Server (ConfUtils.java:logGet(43)) - raft.grpc.server.port = 0 (default)
2019-10-01 03:37:26,639 [main] INFO  server.GrpcService (ConfUtils.java:logGet(43)) - raft.grpc.message.size.max = 33570816 (custom)
2019-10-01 03:37:26,639 [main] INFO  server.RaftServerConfigKeys (ConfUtils.java:logGet(43)) - raft.server.log.appender.buffer.byte-limit = 33554432 (custom)
2019-10-01 03:37:26,639 [main] INFO  server.GrpcService (ConfUtils.java:logGet(43)) - raft.grpc.flow.control.window = 1MB (=1048576) (default)
2019-10-01 03:37:26,639 [main] INFO  server.RaftServerConfigKeys (ConfUtils.java:logGet(43)) - raft.server.rpc.request.timeout = 3000ms (default)
2019-10-01 03:37:26,640 [main] INFO  server.RaftServerConfigKeys (ConfUtils.java:logGet(43)) - raft.server.storage.dir = [/workdir/hadoop-ozone/integration-test/target/test-dir/MiniOzoneClusterImpl-36867613-8ee7-4520-b00b-3b3d201fc0d0/datanode-1/data/ratis] (custom)
2019-10-01 03:37:26,642 [main] INFO  hdfs.DFSUtil (DFSUtil.java:httpServerTemplateForNNAndJN(1641)) - Starting Web-server for hddsDatanode at: http://0.0.0.0:0
2019-10-01 03:37:26,646 [main] INFO  server.AuthenticationFilter (AuthenticationFilter.java:constructSecretProvider(240)) - Unable to initialize FileSignerSecretProvider, falling back to use random secrets.
2019-10-01 03:37:26,646 [main] WARN  http.HttpRequestLog (HttpRequestLog.java:getRequestLog(97)) - Jetty request log can only be enabled using Log4j
2019-10-01 03:37:26,647 [main] INFO  http.HttpServer2 (HttpServer2.java:addGlobalFilter(975)) - Added global filter 'safety' (class=org.apache.hadoop.http.HttpServer2$QuotingInputFilter)
2019-10-01 03:37:26,648 [main] INFO  http.HttpServer2 (HttpServer2.java:addFilter(948)) - Added filter static_user_filter (class=org.apache.hadoop.http.lib.StaticUserWebFilter$StaticUserFilter) to context hddsDatanode
2019-10-01 03:37:26,648 [main] INFO  http.HttpServer2 (HttpServer2.java:addFilter(958)) - Added filter static_user_filter (class=org.apache.hadoop.http.lib.StaticUserWebFilter$StaticUserFilter) to context static
2019-10-01 03:37:26,648 [main] INFO  http.HttpServer2 (HttpServer2.java:addFilter(958)) - Added filter static_user_filter (class=org.apache.hadoop.http.lib.StaticUserWebFilter$StaticUserFilter) to context logs
2019-10-01 03:37:26,649 [main] INFO  http.HttpServer2 (HttpServer2.java:bindListener(1191)) - Jetty bound to port 34636
2019-10-01 03:37:26,649 [main] INFO  server.Server (Server.java:doStart(351)) - jetty-9.3.25.v20180904, build timestamp: 2018-09-04T21:11:46Z, git hash: 3ce520221d0240229c862b122d2b06c12a625732
2019-10-01 03:37:26,651 [main] INFO  handler.ContextHandler (ContextHandler.java:doStart(781)) - Started o.e.j.s.ServletContextHandler@16a5c7e4{/logs,file:///workdir/hadoop-ozone/integration-test/target/log,AVAILABLE}
2019-10-01 03:37:26,651 [main] INFO  handler.ContextHandler (ContextHandler.java:doStart(781)) - Started o.e.j.s.ServletContextHandler@8aeab9e{/static,jar:file:/home/user/.m2/repository/org/apache/hadoop/hadoop-hdds-container-service/0.5.0-SNAPSHOT/hadoop-hdds-container-service-0.5.0-SNAPSHOT.jar!/webapps/static,AVAILABLE}
2019-10-01 03:37:26,677 [main] INFO  handler.ContextHandler (ContextHandler.java:doStart(781)) - Started o.e.j.w.WebAppContext@5a90265a{/,file:///tmp/jetty-0.0.0.0-34636-hddsDatanode-_-any-3498295900082435137.dir/webapp/,AVAILABLE}{/hddsDatanode}
2019-10-01 03:37:26,677 [main] INFO  server.AbstractConnector (AbstractConnector.java:doStart(278)) - Started ServerConnector@6a32191e{HTTP/1.1,[http/1.1]}{0.0.0.0:34636}
2019-10-01 03:37:26,680 [main] INFO  server.Server (Server.java:doStart(419)) - Started @122861ms
2019-10-01 03:37:26,680 [main] WARN  impl.MetricsSystemImpl (MetricsSystemImpl.java:register(276)) - Sink prometheus already exists!
2019-10-01 03:37:26,681 [main] INFO  server.BaseHttpServer (BaseHttpServer.java:updateConnectorAddress(215)) - HTTP server of HDDSDATANODE is listening at http://0.0.0.0:34636
2019-10-01 03:37:26,681 [main] INFO  impl.MetricsSystemImpl (MetricsSystemImpl.java:init(158)) - HddsDatanode metrics system started (again)
2019-10-01 03:37:26,684 [org.apache.hadoop.util.JvmPauseMonitor$Monitor@74dad16a] INFO  util.JvmPauseMonitor (JvmPauseMonitor.java:run(188)) - Starting JVM pause monitor
2019-10-01 03:37:26,684 [main] INFO  ozone.HddsDatanodeService (HddsDatanodeService.java:start(184)) - HddsDatanodeService host:pr-hdds-1984-zmhd5-2369693365 ip:192.168.151.109
2019-10-01 03:37:26,686 [Datanode State Machine Thread - 0] INFO  datanode.InitDatanodeState (InitDatanodeState.java:persistContainerDatanodeDetails(140)) - DatanodeDetails is persisted to /workdir/hadoop-ozone/integration-test/target/test-dir/MiniOzoneClusterImpl-36867613-8ee7-4520-b00b-3b3d201fc0d0/datanode-1/meta/datanode.id
2019-10-01 03:37:26,689 [main] INFO  volume.HddsVolume (HddsVolume.java:<init>(176)) - Creating Volume: /workdir/hadoop-ozone/integration-test/target/test-dir/MiniOzoneClusterImpl-36867613-8ee7-4520-b00b-3b3d201fc0d0/datanode-2/data/containers/hdds of  storage type : DISK and capacity : 1482555576320
2019-10-01 03:37:26,689 [main] INFO  volume.VolumeSet (VolumeSet.java:initializeVolumeSet(170)) - Added Volume : /workdir/hadoop-ozone/integration-test/target/test-dir/MiniOzoneClusterImpl-36867613-8ee7-4520-b00b-3b3d201fc0d0/datanode-2/data/containers/hdds to VolumeSet
2019-10-01 03:37:26,689 [main] INFO  volume.ThrottledAsyncChecker (ThrottledAsyncChecker.java:schedule(139)) - Scheduling a check for org.apache.hadoop.ozone.container.common.volume.HddsVolume@72543547
2019-10-01 03:37:26,690 [main] INFO  volume.HddsVolumeChecker (HddsVolumeChecker.java:checkAllVolumes(202)) - Scheduled health check for volume org.apache.hadoop.ozone.container.common.volume.HddsVolume@72543547
2019-10-01 03:37:26,704 [main] INFO  impl.RaftServerProxy (ConfUtils.java:logGet(43)) - raft.rpc.type = GRPC (default)
2019-10-01 03:37:26,704 [main] INFO  grpc.GrpcFactory (GrpcFactory.java:checkPooledByteBufAllocatorUseCacheForAllThreads(45)) - PERFORMANCE WARNING: useCacheForAllThreads is true that may cause Netty to create a lot garbage objects and, as a result, trigger GC.
	It is recommended to disable useCacheForAllThreads by setting -Dorg.apache.ratis.thirdparty.io.netty.allocator.useCacheForAllThreads=false in command line.
2019-10-01 03:37:26,704 [main] INFO  grpc.GrpcConfigKeys$Server (ConfUtils.java:logGet(43)) - raft.grpc.server.port = 0 (default)
2019-10-01 03:37:26,705 [main] INFO  server.GrpcService (ConfUtils.java:logGet(43)) - raft.grpc.message.size.max = 33570816 (custom)
2019-10-01 03:37:26,705 [main] INFO  server.RaftServerConfigKeys (ConfUtils.java:logGet(43)) - raft.server.log.appender.buffer.byte-limit = 33554432 (custom)
2019-10-01 03:37:26,705 [main] INFO  server.GrpcService (ConfUtils.java:logGet(43)) - raft.grpc.flow.control.window = 1MB (=1048576) (default)
2019-10-01 03:37:26,705 [main] INFO  server.RaftServerConfigKeys (ConfUtils.java:logGet(43)) - raft.server.rpc.request.timeout = 3000ms (default)
2019-10-01 03:37:26,706 [main] INFO  server.RaftServerConfigKeys (ConfUtils.java:logGet(43)) - raft.server.storage.dir = [/workdir/hadoop-ozone/integration-test/target/test-dir/MiniOzoneClusterImpl-36867613-8ee7-4520-b00b-3b3d201fc0d0/datanode-2/data/ratis] (custom)
2019-10-01 03:37:26,707 [main] INFO  hdfs.DFSUtil (DFSUtil.java:httpServerTemplateForNNAndJN(1641)) - Starting Web-server for hddsDatanode at: http://0.0.0.0:0
2019-10-01 03:37:26,708 [main] INFO  server.AuthenticationFilter (AuthenticationFilter.java:constructSecretProvider(240)) - Unable to initialize FileSignerSecretProvider, falling back to use random secrets.
2019-10-01 03:37:26,708 [main] WARN  http.HttpRequestLog (HttpRequestLog.java:getRequestLog(97)) - Jetty request log can only be enabled using Log4j
2019-10-01 03:37:26,710 [main] INFO  http.HttpServer2 (HttpServer2.java:addGlobalFilter(975)) - Added global filter 'safety' (class=org.apache.hadoop.http.HttpServer2$QuotingInputFilter)
2019-10-01 03:37:26,710 [main] INFO  http.HttpServer2 (HttpServer2.java:addFilter(948)) - Added filter static_user_filter (class=org.apache.hadoop.http.lib.StaticUserWebFilter$StaticUserFilter) to context hddsDatanode
2019-10-01 03:37:26,711 [main] INFO  http.HttpServer2 (HttpServer2.java:addFilter(958)) - Added filter static_user_filter (class=org.apache.hadoop.http.lib.StaticUserWebFilter$StaticUserFilter) to context static
2019-10-01 03:37:26,711 [main] INFO  http.HttpServer2 (HttpServer2.java:addFilter(958)) - Added filter static_user_filter (class=org.apache.hadoop.http.lib.StaticUserWebFilter$StaticUserFilter) to context logs
2019-10-01 03:37:26,711 [main] INFO  http.HttpServer2 (HttpServer2.java:bindListener(1191)) - Jetty bound to port 35310
2019-10-01 03:37:26,712 [main] INFO  server.Server (Server.java:doStart(351)) - jetty-9.3.25.v20180904, build timestamp: 2018-09-04T21:11:46Z, git hash: 3ce520221d0240229c862b122d2b06c12a625732
2019-10-01 03:37:26,713 [main] INFO  handler.ContextHandler (ContextHandler.java:doStart(781)) - Started o.e.j.s.ServletContextHandler@e29f4f6{/logs,file:///workdir/hadoop-ozone/integration-test/target/log,AVAILABLE}
2019-10-01 03:37:26,714 [main] INFO  handler.ContextHandler (ContextHandler.java:doStart(781)) - Started o.e.j.s.ServletContextHandler@1a538ed8{/static,jar:file:/home/user/.m2/repository/org/apache/hadoop/hadoop-hdds-container-service/0.5.0-SNAPSHOT/hadoop-hdds-container-service-0.5.0-SNAPSHOT.jar!/webapps/static,AVAILABLE}
2019-10-01 03:37:26,740 [main] INFO  handler.ContextHandler (ContextHandler.java:doStart(781)) - Started o.e.j.w.WebAppContext@67fa5045{/,file:///tmp/jetty-0.0.0.0-35310-hddsDatanode-_-any-9190137421706130795.dir/webapp/,AVAILABLE}{/hddsDatanode}
2019-10-01 03:37:26,740 [main] INFO  server.AbstractConnector (AbstractConnector.java:doStart(278)) - Started ServerConnector@6f347d7{HTTP/1.1,[http/1.1]}{0.0.0.0:35310}
2019-10-01 03:37:26,742 [main] INFO  server.Server (Server.java:doStart(419)) - Started @122922ms
2019-10-01 03:37:26,742 [main] WARN  impl.MetricsSystemImpl (MetricsSystemImpl.java:register(276)) - Sink prometheus already exists!
2019-10-01 03:37:26,742 [main] INFO  server.BaseHttpServer (BaseHttpServer.java:updateConnectorAddress(215)) - HTTP server of HDDSDATANODE is listening at http://0.0.0.0:35310
2019-10-01 03:37:26,743 [main] INFO  impl.MetricsSystemImpl (MetricsSystemImpl.java:init(158)) - HddsDatanode metrics system started (again)
2019-10-01 03:37:26,746 [org.apache.hadoop.util.JvmPauseMonitor$Monitor@435cffb3] INFO  util.JvmPauseMonitor (JvmPauseMonitor.java:run(188)) - Starting JVM pause monitor
2019-10-01 03:37:26,746 [main] INFO  ozone.HddsDatanodeService (HddsDatanodeService.java:start(184)) - HddsDatanodeService host:pr-hdds-1984-zmhd5-2369693365 ip:192.168.151.109
2019-10-01 03:37:26,747 [Datanode State Machine Thread - 0] INFO  datanode.InitDatanodeState (InitDatanodeState.java:persistContainerDatanodeDetails(140)) - DatanodeDetails is persisted to /workdir/hadoop-ozone/integration-test/target/test-dir/MiniOzoneClusterImpl-36867613-8ee7-4520-b00b-3b3d201fc0d0/datanode-2/meta/datanode.id
2019-10-01 03:37:26,753 [main] INFO  volume.HddsVolume (HddsVolume.java:<init>(176)) - Creating Volume: /workdir/hadoop-ozone/integration-test/target/test-dir/MiniOzoneClusterImpl-36867613-8ee7-4520-b00b-3b3d201fc0d0/datanode-3/data/containers/hdds of  storage type : DISK and capacity : 1482555576320
2019-10-01 03:37:26,753 [main] INFO  volume.VolumeSet (VolumeSet.java:initializeVolumeSet(170)) - Added Volume : /workdir/hadoop-ozone/integration-test/target/test-dir/MiniOzoneClusterImpl-36867613-8ee7-4520-b00b-3b3d201fc0d0/datanode-3/data/containers/hdds to VolumeSet
2019-10-01 03:37:26,753 [main] INFO  volume.ThrottledAsyncChecker (ThrottledAsyncChecker.java:schedule(139)) - Scheduling a check for org.apache.hadoop.ozone.container.common.volume.HddsVolume@7741771e
2019-10-01 03:37:26,754 [main] INFO  volume.HddsVolumeChecker (HddsVolumeChecker.java:checkAllVolumes(202)) - Scheduled health check for volume org.apache.hadoop.ozone.container.common.volume.HddsVolume@7741771e
2019-10-01 03:37:26,771 [main] INFO  impl.RaftServerProxy (ConfUtils.java:logGet(43)) - raft.rpc.type = GRPC (default)
2019-10-01 03:37:26,771 [main] INFO  grpc.GrpcFactory (GrpcFactory.java:checkPooledByteBufAllocatorUseCacheForAllThreads(45)) - PERFORMANCE WARNING: useCacheForAllThreads is true that may cause Netty to create a lot garbage objects and, as a result, trigger GC.
	It is recommended to disable useCacheForAllThreads by setting -Dorg.apache.ratis.thirdparty.io.netty.allocator.useCacheForAllThreads=false in command line.
2019-10-01 03:37:26,772 [main] INFO  grpc.GrpcConfigKeys$Server (ConfUtils.java:logGet(43)) - raft.grpc.server.port = 0 (default)
2019-10-01 03:37:26,772 [main] INFO  server.GrpcService (ConfUtils.java:logGet(43)) - raft.grpc.message.size.max = 33570816 (custom)
2019-10-01 03:37:26,772 [main] INFO  server.RaftServerConfigKeys (ConfUtils.java:logGet(43)) - raft.server.log.appender.buffer.byte-limit = 33554432 (custom)
2019-10-01 03:37:26,772 [main] INFO  server.GrpcService (ConfUtils.java:logGet(43)) - raft.grpc.flow.control.window = 1MB (=1048576) (default)
2019-10-01 03:37:26,773 [main] INFO  server.RaftServerConfigKeys (ConfUtils.java:logGet(43)) - raft.server.rpc.request.timeout = 3000ms (default)
2019-10-01 03:37:26,773 [main] INFO  server.RaftServerConfigKeys (ConfUtils.java:logGet(43)) - raft.server.storage.dir = [/workdir/hadoop-ozone/integration-test/target/test-dir/MiniOzoneClusterImpl-36867613-8ee7-4520-b00b-3b3d201fc0d0/datanode-3/data/ratis] (custom)
2019-10-01 03:37:26,774 [main] INFO  hdfs.DFSUtil (DFSUtil.java:httpServerTemplateForNNAndJN(1641)) - Starting Web-server for hddsDatanode at: http://0.0.0.0:0
2019-10-01 03:37:26,776 [main] INFO  server.AuthenticationFilter (AuthenticationFilter.java:constructSecretProvider(240)) - Unable to initialize FileSignerSecretProvider, falling back to use random secrets.
2019-10-01 03:37:26,776 [main] WARN  http.HttpRequestLog (HttpRequestLog.java:getRequestLog(97)) - Jetty request log can only be enabled using Log4j
2019-10-01 03:37:26,778 [main] INFO  http.HttpServer2 (HttpServer2.java:addGlobalFilter(975)) - Added global filter 'safety' (class=org.apache.hadoop.http.HttpServer2$QuotingInputFilter)
2019-10-01 03:37:26,779 [main] INFO  http.HttpServer2 (HttpServer2.java:addFilter(948)) - Added filter static_user_filter (class=org.apache.hadoop.http.lib.StaticUserWebFilter$StaticUserFilter) to context hddsDatanode
2019-10-01 03:37:26,779 [main] INFO  http.HttpServer2 (HttpServer2.java:addFilter(958)) - Added filter static_user_filter (class=org.apache.hadoop.http.lib.StaticUserWebFilter$StaticUserFilter) to context logs
2019-10-01 03:37:26,779 [main] INFO  http.HttpServer2 (HttpServer2.java:addFilter(958)) - Added filter static_user_filter (class=org.apache.hadoop.http.lib.StaticUserWebFilter$StaticUserFilter) to context static
2019-10-01 03:37:26,780 [main] INFO  http.HttpServer2 (HttpServer2.java:bindListener(1191)) - Jetty bound to port 34995
2019-10-01 03:37:26,780 [main] INFO  server.Server (Server.java:doStart(351)) - jetty-9.3.25.v20180904, build timestamp: 2018-09-04T21:11:46Z, git hash: 3ce520221d0240229c862b122d2b06c12a625732
2019-10-01 03:37:26,782 [main] INFO  handler.ContextHandler (ContextHandler.java:doStart(781)) - Started o.e.j.s.ServletContextHandler@4dfe8b37{/logs,file:///workdir/hadoop-ozone/integration-test/target/log,AVAILABLE}
2019-10-01 03:37:26,782 [main] INFO  handler.ContextHandler (ContextHandler.java:doStart(781)) - Started o.e.j.s.ServletContextHandler@d13baac{/static,jar:file:/home/user/.m2/repository/org/apache/hadoop/hadoop-hdds-container-service/0.5.0-SNAPSHOT/hadoop-hdds-container-service-0.5.0-SNAPSHOT.jar!/webapps/static,AVAILABLE}
2019-10-01 03:37:26,817 [main] INFO  handler.ContextHandler (ContextHandler.java:doStart(781)) - Started o.e.j.w.WebAppContext@24043ec5{/,file:///tmp/jetty-0.0.0.0-34995-hddsDatanode-_-any-1844211436737729201.dir/webapp/,AVAILABLE}{/hddsDatanode}
2019-10-01 03:37:26,818 [main] INFO  server.AbstractConnector (AbstractConnector.java:doStart(278)) - Started ServerConnector@3e33b52e{HTTP/1.1,[http/1.1]}{0.0.0.0:34995}
2019-10-01 03:37:26,819 [main] INFO  server.Server (Server.java:doStart(419)) - Started @122999ms
2019-10-01 03:37:26,820 [main] WARN  impl.MetricsSystemImpl (MetricsSystemImpl.java:register(276)) - Sink prometheus already exists!
2019-10-01 03:37:26,820 [main] INFO  server.BaseHttpServer (BaseHttpServer.java:updateConnectorAddress(215)) - HTTP server of HDDSDATANODE is listening at http://0.0.0.0:34995
2019-10-01 03:37:26,821 [main] INFO  impl.MetricsSystemImpl (MetricsSystemImpl.java:init(158)) - HddsDatanode metrics system started (again)
2019-10-01 03:37:26,824 [org.apache.hadoop.util.JvmPauseMonitor$Monitor@10911432] INFO  util.JvmPauseMonitor (JvmPauseMonitor.java:run(188)) - Starting JVM pause monitor
2019-10-01 03:37:26,825 [main] INFO  ozone.HddsDatanodeService (HddsDatanodeService.java:start(184)) - HddsDatanodeService host:pr-hdds-1984-zmhd5-2369693365 ip:192.168.151.109
2019-10-01 03:37:26,825 [Datanode State Machine Thread - 0] INFO  datanode.InitDatanodeState (InitDatanodeState.java:persistContainerDatanodeDetails(140)) - DatanodeDetails is persisted to /workdir/hadoop-ozone/integration-test/target/test-dir/MiniOzoneClusterImpl-36867613-8ee7-4520-b00b-3b3d201fc0d0/datanode-3/meta/datanode.id
2019-10-01 03:37:26,834 [main] INFO  volume.HddsVolume (HddsVolume.java:<init>(176)) - Creating Volume: /workdir/hadoop-ozone/integration-test/target/test-dir/MiniOzoneClusterImpl-36867613-8ee7-4520-b00b-3b3d201fc0d0/datanode-4/data/containers/hdds of  storage type : DISK and capacity : 1482555576320
2019-10-01 03:37:26,834 [main] INFO  volume.VolumeSet (VolumeSet.java:initializeVolumeSet(170)) - Added Volume : /workdir/hadoop-ozone/integration-test/target/test-dir/MiniOzoneClusterImpl-36867613-8ee7-4520-b00b-3b3d201fc0d0/datanode-4/data/containers/hdds to VolumeSet
2019-10-01 03:37:26,835 [main] INFO  volume.ThrottledAsyncChecker (ThrottledAsyncChecker.java:schedule(139)) - Scheduling a check for org.apache.hadoop.ozone.container.common.volume.HddsVolume@62b09715
2019-10-01 03:37:26,835 [main] INFO  volume.HddsVolumeChecker (HddsVolumeChecker.java:checkAllVolumes(202)) - Scheduled health check for volume org.apache.hadoop.ozone.container.common.volume.HddsVolume@62b09715
2019-10-01 03:37:26,847 [main] INFO  impl.RaftServerProxy (ConfUtils.java:logGet(43)) - raft.rpc.type = GRPC (default)
2019-10-01 03:37:26,847 [main] INFO  grpc.GrpcFactory (GrpcFactory.java:checkPooledByteBufAllocatorUseCacheForAllThreads(45)) - PERFORMANCE WARNING: useCacheForAllThreads is true that may cause Netty to create a lot garbage objects and, as a result, trigger GC.
	It is recommended to disable useCacheForAllThreads by setting -Dorg.apache.ratis.thirdparty.io.netty.allocator.useCacheForAllThreads=false in command line.
2019-10-01 03:37:26,848 [main] INFO  grpc.GrpcConfigKeys$Server (ConfUtils.java:logGet(43)) - raft.grpc.server.port = 0 (default)
2019-10-01 03:37:26,848 [main] INFO  server.GrpcService (ConfUtils.java:logGet(43)) - raft.grpc.message.size.max = 33570816 (custom)
2019-10-01 03:37:26,848 [main] INFO  server.RaftServerConfigKeys (ConfUtils.java:logGet(43)) - raft.server.log.appender.buffer.byte-limit = 33554432 (custom)
2019-10-01 03:37:26,848 [main] INFO  server.GrpcService (ConfUtils.java:logGet(43)) - raft.grpc.flow.control.window = 1MB (=1048576) (default)
2019-10-01 03:37:26,848 [main] INFO  server.RaftServerConfigKeys (ConfUtils.java:logGet(43)) - raft.server.rpc.request.timeout = 3000ms (default)
2019-10-01 03:37:26,849 [main] INFO  server.RaftServerConfigKeys (ConfUtils.java:logGet(43)) - raft.server.storage.dir = [/workdir/hadoop-ozone/integration-test/target/test-dir/MiniOzoneClusterImpl-36867613-8ee7-4520-b00b-3b3d201fc0d0/datanode-4/data/ratis] (custom)
2019-10-01 03:37:26,850 [main] INFO  hdfs.DFSUtil (DFSUtil.java:httpServerTemplateForNNAndJN(1641)) - Starting Web-server for hddsDatanode at: http://0.0.0.0:0
2019-10-01 03:37:26,851 [main] INFO  server.AuthenticationFilter (AuthenticationFilter.java:constructSecretProvider(240)) - Unable to initialize FileSignerSecretProvider, falling back to use random secrets.
2019-10-01 03:37:26,851 [main] WARN  http.HttpRequestLog (HttpRequestLog.java:getRequestLog(97)) - Jetty request log can only be enabled using Log4j
2019-10-01 03:37:26,852 [main] INFO  http.HttpServer2 (HttpServer2.java:addGlobalFilter(975)) - Added global filter 'safety' (class=org.apache.hadoop.http.HttpServer2$QuotingInputFilter)
2019-10-01 03:37:26,853 [main] INFO  http.HttpServer2 (HttpServer2.java:addFilter(948)) - Added filter static_user_filter (class=org.apache.hadoop.http.lib.StaticUserWebFilter$StaticUserFilter) to context hddsDatanode
2019-10-01 03:37:26,853 [main] INFO  http.HttpServer2 (HttpServer2.java:addFilter(958)) - Added filter static_user_filter (class=org.apache.hadoop.http.lib.StaticUserWebFilter$StaticUserFilter) to context static
2019-10-01 03:37:26,853 [main] INFO  http.HttpServer2 (HttpServer2.java:addFilter(958)) - Added filter static_user_filter (class=org.apache.hadoop.http.lib.StaticUserWebFilter$StaticUserFilter) to context logs
2019-10-01 03:37:26,854 [main] INFO  http.HttpServer2 (HttpServer2.java:bindListener(1191)) - Jetty bound to port 38634
2019-10-01 03:37:26,854 [main] INFO  server.Server (Server.java:doStart(351)) - jetty-9.3.25.v20180904, build timestamp: 2018-09-04T21:11:46Z, git hash: 3ce520221d0240229c862b122d2b06c12a625732
2019-10-01 03:37:26,855 [main] INFO  handler.ContextHandler (ContextHandler.java:doStart(781)) - Started o.e.j.s.ServletContextHandler@ac91282{/logs,file:///workdir/hadoop-ozone/integration-test/target/log,AVAILABLE}
2019-10-01 03:37:26,856 [main] INFO  handler.ContextHandler (ContextHandler.java:doStart(781)) - Started o.e.j.s.ServletContextHandler@1ca610a0{/static,jar:file:/home/user/.m2/repository/org/apache/hadoop/hadoop-hdds-container-service/0.5.0-SNAPSHOT/hadoop-hdds-container-service-0.5.0-SNAPSHOT.jar!/webapps/static,AVAILABLE}
2019-10-01 03:37:26,881 [main] INFO  handler.ContextHandler (ContextHandler.java:doStart(781)) - Started o.e.j.w.WebAppContext@6f6efa4f{/,file:///tmp/jetty-0.0.0.0-38634-hddsDatanode-_-any-7434933236966609659.dir/webapp/,AVAILABLE}{/hddsDatanode}
2019-10-01 03:37:26,881 [main] INFO  server.AbstractConnector (AbstractConnector.java:doStart(278)) - Started ServerConnector@4451f60c{HTTP/1.1,[http/1.1]}{0.0.0.0:38634}
2019-10-01 03:37:26,882 [main] INFO  server.Server (Server.java:doStart(419)) - Started @123063ms
2019-10-01 03:37:26,882 [main] WARN  impl.MetricsSystemImpl (MetricsSystemImpl.java:register(276)) - Sink prometheus already exists!
2019-10-01 03:37:26,883 [main] INFO  server.BaseHttpServer (BaseHttpServer.java:updateConnectorAddress(215)) - HTTP server of HDDSDATANODE is listening at http://0.0.0.0:38634
2019-10-01 03:37:26,883 [main] INFO  impl.MetricsSystemImpl (MetricsSystemImpl.java:init(158)) - HddsDatanode metrics system started (again)
2019-10-01 03:37:26,886 [org.apache.hadoop.util.JvmPauseMonitor$Monitor@7414e5a9] INFO  util.JvmPauseMonitor (JvmPauseMonitor.java:run(188)) - Starting JVM pause monitor
2019-10-01 03:37:26,886 [main] INFO  ozone.HddsDatanodeService (HddsDatanodeService.java:start(184)) - HddsDatanodeService host:pr-hdds-1984-zmhd5-2369693365 ip:192.168.151.109
2019-10-01 03:37:26,887 [Datanode State Machine Thread - 0] INFO  datanode.InitDatanodeState (InitDatanodeState.java:persistContainerDatanodeDetails(140)) - DatanodeDetails is persisted to /workdir/hadoop-ozone/integration-test/target/test-dir/MiniOzoneClusterImpl-36867613-8ee7-4520-b00b-3b3d201fc0d0/datanode-4/meta/datanode.id
2019-10-01 03:37:26,891 [main] INFO  volume.HddsVolume (HddsVolume.java:<init>(176)) - Creating Volume: /workdir/hadoop-ozone/integration-test/target/test-dir/MiniOzoneClusterImpl-36867613-8ee7-4520-b00b-3b3d201fc0d0/datanode-5/data/containers/hdds of  storage type : DISK and capacity : 1482555576320
2019-10-01 03:37:26,891 [main] INFO  volume.VolumeSet (VolumeSet.java:initializeVolumeSet(170)) - Added Volume : /workdir/hadoop-ozone/integration-test/target/test-dir/MiniOzoneClusterImpl-36867613-8ee7-4520-b00b-3b3d201fc0d0/datanode-5/data/containers/hdds to VolumeSet
2019-10-01 03:37:26,892 [main] INFO  volume.ThrottledAsyncChecker (ThrottledAsyncChecker.java:schedule(139)) - Scheduling a check for org.apache.hadoop.ozone.container.common.volume.HddsVolume@17207f5b
2019-10-01 03:37:26,892 [main] INFO  volume.HddsVolumeChecker (HddsVolumeChecker.java:checkAllVolumes(202)) - Scheduled health check for volume org.apache.hadoop.ozone.container.common.volume.HddsVolume@17207f5b
2019-10-01 03:37:26,903 [main] INFO  impl.RaftServerProxy (ConfUtils.java:logGet(43)) - raft.rpc.type = GRPC (default)
2019-10-01 03:37:26,903 [main] INFO  grpc.GrpcFactory (GrpcFactory.java:checkPooledByteBufAllocatorUseCacheForAllThreads(45)) - PERFORMANCE WARNING: useCacheForAllThreads is true that may cause Netty to create a lot garbage objects and, as a result, trigger GC.
	It is recommended to disable useCacheForAllThreads by setting -Dorg.apache.ratis.thirdparty.io.netty.allocator.useCacheForAllThreads=false in command line.
2019-10-01 03:37:26,903 [main] INFO  grpc.GrpcConfigKeys$Server (ConfUtils.java:logGet(43)) - raft.grpc.server.port = 0 (default)
2019-10-01 03:37:26,904 [main] INFO  server.GrpcService (ConfUtils.java:logGet(43)) - raft.grpc.message.size.max = 33570816 (custom)
2019-10-01 03:37:26,904 [main] INFO  server.RaftServerConfigKeys (ConfUtils.java:logGet(43)) - raft.server.log.appender.buffer.byte-limit = 33554432 (custom)
2019-10-01 03:37:26,904 [main] INFO  server.GrpcService (ConfUtils.java:logGet(43)) - raft.grpc.flow.control.window = 1MB (=1048576) (default)
2019-10-01 03:37:26,904 [main] INFO  server.RaftServerConfigKeys (ConfUtils.java:logGet(43)) - raft.server.rpc.request.timeout = 3000ms (default)
2019-10-01 03:37:26,904 [main] INFO  server.RaftServerConfigKeys (ConfUtils.java:logGet(43)) - raft.server.storage.dir = [/workdir/hadoop-ozone/integration-test/target/test-dir/MiniOzoneClusterImpl-36867613-8ee7-4520-b00b-3b3d201fc0d0/datanode-5/data/ratis] (custom)
2019-10-01 03:37:26,906 [main] INFO  hdfs.DFSUtil (DFSUtil.java:httpServerTemplateForNNAndJN(1641)) - Starting Web-server for hddsDatanode at: http://0.0.0.0:0
2019-10-01 03:37:26,906 [main] INFO  server.AuthenticationFilter (AuthenticationFilter.java:constructSecretProvider(240)) - Unable to initialize FileSignerSecretProvider, falling back to use random secrets.
2019-10-01 03:37:26,907 [main] WARN  http.HttpRequestLog (HttpRequestLog.java:getRequestLog(97)) - Jetty request log can only be enabled using Log4j
2019-10-01 03:37:26,908 [main] INFO  http.HttpServer2 (HttpServer2.java:addGlobalFilter(975)) - Added global filter 'safety' (class=org.apache.hadoop.http.HttpServer2$QuotingInputFilter)
2019-10-01 03:37:26,908 [main] INFO  http.HttpServer2 (HttpServer2.java:addFilter(948)) - Added filter static_user_filter (class=org.apache.hadoop.http.lib.StaticUserWebFilter$StaticUserFilter) to context hddsDatanode
2019-10-01 03:37:26,909 [main] INFO  http.HttpServer2 (HttpServer2.java:addFilter(958)) - Added filter static_user_filter (class=org.apache.hadoop.http.lib.StaticUserWebFilter$StaticUserFilter) to context static
2019-10-01 03:37:26,909 [main] INFO  http.HttpServer2 (HttpServer2.java:addFilter(958)) - Added filter static_user_filter (class=org.apache.hadoop.http.lib.StaticUserWebFilter$StaticUserFilter) to context logs
2019-10-01 03:37:26,909 [main] INFO  http.HttpServer2 (HttpServer2.java:bindListener(1191)) - Jetty bound to port 41135
2019-10-01 03:37:26,909 [main] INFO  server.Server (Server.java:doStart(351)) - jetty-9.3.25.v20180904, build timestamp: 2018-09-04T21:11:46Z, git hash: 3ce520221d0240229c862b122d2b06c12a625732
2019-10-01 03:37:26,911 [main] INFO  handler.ContextHandler (ContextHandler.java:doStart(781)) - Started o.e.j.s.ServletContextHandler@337a6d30{/logs,file:///workdir/hadoop-ozone/integration-test/target/log,AVAILABLE}
2019-10-01 03:37:26,911 [main] INFO  handler.ContextHandler (ContextHandler.java:doStart(781)) - Started o.e.j.s.ServletContextHandler@2b73bd6b{/static,jar:file:/home/user/.m2/repository/org/apache/hadoop/hadoop-hdds-container-service/0.5.0-SNAPSHOT/hadoop-hdds-container-service-0.5.0-SNAPSHOT.jar!/webapps/static,AVAILABLE}
2019-10-01 03:37:26,936 [main] INFO  handler.ContextHandler (ContextHandler.java:doStart(781)) - Started o.e.j.w.WebAppContext@29bcf51d{/,file:///tmp/jetty-0.0.0.0-41135-hddsDatanode-_-any-7402220444041003026.dir/webapp/,AVAILABLE}{/hddsDatanode}
2019-10-01 03:37:26,936 [main] INFO  server.AbstractConnector (AbstractConnector.java:doStart(278)) - Started ServerConnector@1e54a6b1{HTTP/1.1,[http/1.1]}{0.0.0.0:41135}
2019-10-01 03:37:26,937 [main] INFO  server.Server (Server.java:doStart(419)) - Started @123118ms
2019-10-01 03:37:26,937 [main] WARN  impl.MetricsSystemImpl (MetricsSystemImpl.java:register(276)) - Sink prometheus already exists!
2019-10-01 03:37:26,938 [main] INFO  server.BaseHttpServer (BaseHttpServer.java:updateConnectorAddress(215)) - HTTP server of HDDSDATANODE is listening at http://0.0.0.0:41135
2019-10-01 03:37:26,938 [main] INFO  impl.MetricsSystemImpl (MetricsSystemImpl.java:init(158)) - HddsDatanode metrics system started (again)
2019-10-01 03:37:26,941 [org.apache.hadoop.util.JvmPauseMonitor$Monitor@19c00872] INFO  util.JvmPauseMonitor (JvmPauseMonitor.java:run(188)) - Starting JVM pause monitor
2019-10-01 03:37:26,942 [main] INFO  ozone.HddsDatanodeService (HddsDatanodeService.java:start(184)) - HddsDatanodeService host:pr-hdds-1984-zmhd5-2369693365 ip:192.168.151.109
2019-10-01 03:37:26,942 [Datanode State Machine Thread - 0] INFO  datanode.InitDatanodeState (InitDatanodeState.java:persistContainerDatanodeDetails(140)) - DatanodeDetails is persisted to /workdir/hadoop-ozone/integration-test/target/test-dir/MiniOzoneClusterImpl-36867613-8ee7-4520-b00b-3b3d201fc0d0/datanode-5/meta/datanode.id
2019-10-01 03:37:26,947 [main] INFO  volume.HddsVolume (HddsVolume.java:<init>(176)) - Creating Volume: /workdir/hadoop-ozone/integration-test/target/test-dir/MiniOzoneClusterImpl-36867613-8ee7-4520-b00b-3b3d201fc0d0/datanode-6/data/containers/hdds of  storage type : DISK and capacity : 1482555576320
2019-10-01 03:37:26,947 [main] INFO  volume.VolumeSet (VolumeSet.java:initializeVolumeSet(170)) - Added Volume : /workdir/hadoop-ozone/integration-test/target/test-dir/MiniOzoneClusterImpl-36867613-8ee7-4520-b00b-3b3d201fc0d0/datanode-6/data/containers/hdds to VolumeSet
2019-10-01 03:37:26,948 [main] INFO  volume.ThrottledAsyncChecker (ThrottledAsyncChecker.java:schedule(139)) - Scheduling a check for org.apache.hadoop.ozone.container.common.volume.HddsVolume@60f77af
2019-10-01 03:37:26,948 [main] INFO  volume.HddsVolumeChecker (HddsVolumeChecker.java:checkAllVolumes(202)) - Scheduled health check for volume org.apache.hadoop.ozone.container.common.volume.HddsVolume@60f77af
2019-10-01 03:37:26,964 [main] INFO  impl.RaftServerProxy (ConfUtils.java:logGet(43)) - raft.rpc.type = GRPC (default)
2019-10-01 03:37:26,964 [main] INFO  grpc.GrpcFactory (GrpcFactory.java:checkPooledByteBufAllocatorUseCacheForAllThreads(45)) - PERFORMANCE WARNING: useCacheForAllThreads is true that may cause Netty to create a lot garbage objects and, as a result, trigger GC.
	It is recommended to disable useCacheForAllThreads by setting -Dorg.apache.ratis.thirdparty.io.netty.allocator.useCacheForAllThreads=false in command line.
2019-10-01 03:37:26,964 [main] INFO  grpc.GrpcConfigKeys$Server (ConfUtils.java:logGet(43)) - raft.grpc.server.port = 0 (default)
2019-10-01 03:37:26,965 [main] INFO  server.GrpcService (ConfUtils.java:logGet(43)) - raft.grpc.message.size.max = 33570816 (custom)
2019-10-01 03:37:26,965 [main] INFO  server.RaftServerConfigKeys (ConfUtils.java:logGet(43)) - raft.server.log.appender.buffer.byte-limit = 33554432 (custom)
2019-10-01 03:37:26,965 [main] INFO  server.GrpcService (ConfUtils.java:logGet(43)) - raft.grpc.flow.control.window = 1MB (=1048576) (default)
2019-10-01 03:37:26,965 [main] INFO  server.RaftServerConfigKeys (ConfUtils.java:logGet(43)) - raft.server.rpc.request.timeout = 3000ms (default)
2019-10-01 03:37:26,966 [main] INFO  server.RaftServerConfigKeys (ConfUtils.java:logGet(43)) - raft.server.storage.dir = [/workdir/hadoop-ozone/integration-test/target/test-dir/MiniOzoneClusterImpl-36867613-8ee7-4520-b00b-3b3d201fc0d0/datanode-6/data/ratis] (custom)
2019-10-01 03:37:26,967 [main] INFO  hdfs.DFSUtil (DFSUtil.java:httpServerTemplateForNNAndJN(1641)) - Starting Web-server for hddsDatanode at: http://0.0.0.0:0
2019-10-01 03:37:26,969 [main] INFO  server.AuthenticationFilter (AuthenticationFilter.java:constructSecretProvider(240)) - Unable to initialize FileSignerSecretProvider, falling back to use random secrets.
2019-10-01 03:37:26,969 [main] WARN  http.HttpRequestLog (HttpRequestLog.java:getRequestLog(97)) - Jetty request log can only be enabled using Log4j
2019-10-01 03:37:26,971 [main] INFO  http.HttpServer2 (HttpServer2.java:addGlobalFilter(975)) - Added global filter 'safety' (class=org.apache.hadoop.http.HttpServer2$QuotingInputFilter)
2019-10-01 03:37:26,971 [main] INFO  http.HttpServer2 (HttpServer2.java:addFilter(948)) - Added filter static_user_filter (class=org.apache.hadoop.http.lib.StaticUserWebFilter$StaticUserFilter) to context hddsDatanode
2019-10-01 03:37:26,971 [main] INFO  http.HttpServer2 (HttpServer2.java:addFilter(958)) - Added filter static_user_filter (class=org.apache.hadoop.http.lib.StaticUserWebFilter$StaticUserFilter) to context logs
2019-10-01 03:37:26,972 [main] INFO  http.HttpServer2 (HttpServer2.java:addFilter(958)) - Added filter static_user_filter (class=org.apache.hadoop.http.lib.StaticUserWebFilter$StaticUserFilter) to context static
2019-10-01 03:37:26,972 [main] INFO  http.HttpServer2 (HttpServer2.java:bindListener(1191)) - Jetty bound to port 44535
2019-10-01 03:37:26,973 [main] INFO  server.Server (Server.java:doStart(351)) - jetty-9.3.25.v20180904, build timestamp: 2018-09-04T21:11:46Z, git hash: 3ce520221d0240229c862b122d2b06c12a625732
2019-10-01 03:37:26,974 [main] INFO  handler.ContextHandler (ContextHandler.java:doStart(781)) - Started o.e.j.s.ServletContextHandler@3946075{/logs,file:///workdir/hadoop-ozone/integration-test/target/log,AVAILABLE}
2019-10-01 03:37:26,975 [main] INFO  handler.ContextHandler (ContextHandler.java:doStart(781)) - Started o.e.j.s.ServletContextHandler@2ac519dc{/static,jar:file:/home/user/.m2/repository/org/apache/hadoop/hadoop-hdds-container-service/0.5.0-SNAPSHOT/hadoop-hdds-container-service-0.5.0-SNAPSHOT.jar!/webapps/static,AVAILABLE}
2019-10-01 03:37:27,009 [main] INFO  handler.ContextHandler (ContextHandler.java:doStart(781)) - Started o.e.j.w.WebAppContext@648c5fb3{/,file:///tmp/jetty-0.0.0.0-44535-hddsDatanode-_-any-8422097671374471954.dir/webapp/,AVAILABLE}{/hddsDatanode}
2019-10-01 03:37:27,009 [main] INFO  server.AbstractConnector (AbstractConnector.java:doStart(278)) - Started ServerConnector@47b33e07{HTTP/1.1,[http/1.1]}{0.0.0.0:44535}
2019-10-01 03:37:27,011 [main] INFO  server.Server (Server.java:doStart(419)) - Started @123192ms
2019-10-01 03:37:27,011 [main] WARN  impl.MetricsSystemImpl (MetricsSystemImpl.java:register(276)) - Sink prometheus already exists!
2019-10-01 03:37:27,012 [main] INFO  server.BaseHttpServer (BaseHttpServer.java:updateConnectorAddress(215)) - HTTP server of HDDSDATANODE is listening at http://0.0.0.0:44535
2019-10-01 03:37:27,013 [main] INFO  ozone.MiniOzoneClusterImpl (MiniOzoneClusterImpl.java:lambda$waitForClusterToBeReady$0(147)) - Waiting for cluster to be ready. Got 0 of 7 DN Heartbeats.
2019-10-01 03:37:27,014 [org.apache.hadoop.util.JvmPauseMonitor$Monitor@1cffbe06] INFO  util.JvmPauseMonitor (JvmPauseMonitor.java:run(188)) - Starting JVM pause monitor
2019-10-01 03:37:27,016 [Datanode State Machine Thread - 0] INFO  datanode.InitDatanodeState (InitDatanodeState.java:persistContainerDatanodeDetails(140)) - DatanodeDetails is persisted to /workdir/hadoop-ozone/integration-test/target/test-dir/MiniOzoneClusterImpl-36867613-8ee7-4520-b00b-3b3d201fc0d0/datanode-6/meta/datanode.id
2019-10-01 03:37:28,013 [main] INFO  ozone.MiniOzoneClusterImpl (MiniOzoneClusterImpl.java:lambda$waitForClusterToBeReady$0(147)) - Waiting for cluster to be ready. Got 0 of 7 DN Heartbeats.
2019-10-01 03:37:28,640 [Datanode State Machine Thread - 0] INFO  ozoneimpl.OzoneContainer (OzoneContainer.java:start(217)) - Attempting to start container services.
2019-10-01 03:37:28,640 [Datanode State Machine Thread - 0] INFO  ozoneimpl.OzoneContainer (OzoneContainer.java:startContainerScrub(179)) - Background container scanner has been disabled.
2019-10-01 03:37:28,640 [Datanode State Machine Thread - 0] INFO  ratis.XceiverServerRatis (XceiverServerRatis.java:start(417)) - Starting XceiverServerRatis 337eeeca-189e-484a-8ae8-9f26fc3b75ba at port 0
2019-10-01 03:37:28,644 [Datanode State Machine Thread - 0] INFO  impl.RaftServerProxy (RaftServerProxy.java:lambda$start$3(299)) - 337eeeca-189e-484a-8ae8-9f26fc3b75ba: start RPC server
2019-10-01 03:37:28,646 [Datanode State Machine Thread - 0] INFO  server.GrpcService (GrpcService.java:startImpl(158)) - 337eeeca-189e-484a-8ae8-9f26fc3b75ba: GrpcService started, listening on 0.0.0.0/0.0.0.0:33920
2019-10-01 03:37:28,646 [Datanode State Machine Thread - 0] INFO  ratis.XceiverServerRatis (XceiverServerRatis.java:start(427)) - XceiverServerRatis 337eeeca-189e-484a-8ae8-9f26fc3b75ba is started using port 33920
2019-10-01 03:37:28,646 [Datanode State Machine Thread - 0] INFO  server.XceiverServerGrpc (XceiverServerGrpc.java:start(149)) - XceiverServerGrpc 337eeeca-189e-484a-8ae8-9f26fc3b75ba is started using port 35577
2019-10-01 03:37:28,700 [Datanode State Machine Thread - 0] INFO  ozoneimpl.OzoneContainer (OzoneContainer.java:start(217)) - Attempting to start container services.
2019-10-01 03:37:28,701 [Datanode State Machine Thread - 0] INFO  ozoneimpl.OzoneContainer (OzoneContainer.java:startContainerScrub(179)) - Background container scanner has been disabled.
2019-10-01 03:37:28,701 [Datanode State Machine Thread - 0] INFO  ratis.XceiverServerRatis (XceiverServerRatis.java:start(417)) - Starting XceiverServerRatis 1e85a46c-0611-47c1-8e7b-e152e7434ac8 at port 0
2019-10-01 03:37:28,706 [Datanode State Machine Thread - 0] INFO  impl.RaftServerProxy (RaftServerProxy.java:lambda$start$3(299)) - 1e85a46c-0611-47c1-8e7b-e152e7434ac8: start RPC server
2019-10-01 03:37:28,706 [Datanode State Machine Thread - 0] INFO  server.GrpcService (GrpcService.java:startImpl(158)) - 1e85a46c-0611-47c1-8e7b-e152e7434ac8: GrpcService started, listening on 0.0.0.0/0.0.0.0:36294
2019-10-01 03:37:28,706 [Datanode State Machine Thread - 0] INFO  ratis.XceiverServerRatis (XceiverServerRatis.java:start(427)) - XceiverServerRatis 1e85a46c-0611-47c1-8e7b-e152e7434ac8 is started using port 36294
2019-10-01 03:37:28,707 [Datanode State Machine Thread - 0] INFO  server.XceiverServerGrpc (XceiverServerGrpc.java:start(149)) - XceiverServerGrpc 1e85a46c-0611-47c1-8e7b-e152e7434ac8 is started using port 38192
2019-10-01 03:37:28,760 [Datanode State Machine Thread - 0] INFO  ozoneimpl.OzoneContainer (OzoneContainer.java:start(217)) - Attempting to start container services.
2019-10-01 03:37:28,760 [Datanode State Machine Thread - 0] INFO  ozoneimpl.OzoneContainer (OzoneContainer.java:startContainerScrub(179)) - Background container scanner has been disabled.
2019-10-01 03:37:28,761 [Datanode State Machine Thread - 0] INFO  ratis.XceiverServerRatis (XceiverServerRatis.java:start(417)) - Starting XceiverServerRatis 9df5af2a-73e5-4e4a-9c0b-ccd89ab155b9 at port 0
2019-10-01 03:37:28,766 [Datanode State Machine Thread - 0] INFO  impl.RaftServerProxy (RaftServerProxy.java:lambda$start$3(299)) - 9df5af2a-73e5-4e4a-9c0b-ccd89ab155b9: start RPC server
2019-10-01 03:37:28,767 [Datanode State Machine Thread - 0] INFO  server.GrpcService (GrpcService.java:startImpl(158)) - 9df5af2a-73e5-4e4a-9c0b-ccd89ab155b9: GrpcService started, listening on 0.0.0.0/0.0.0.0:44053
2019-10-01 03:37:28,767 [Datanode State Machine Thread - 0] INFO  ratis.XceiverServerRatis (XceiverServerRatis.java:start(427)) - XceiverServerRatis 9df5af2a-73e5-4e4a-9c0b-ccd89ab155b9 is started using port 44053
2019-10-01 03:37:28,768 [Datanode State Machine Thread - 0] INFO  server.XceiverServerGrpc (XceiverServerGrpc.java:start(149)) - XceiverServerGrpc 9df5af2a-73e5-4e4a-9c0b-ccd89ab155b9 is started using port 34265
2019-10-01 03:37:28,838 [Datanode State Machine Thread - 0] INFO  ozoneimpl.OzoneContainer (OzoneContainer.java:start(217)) - Attempting to start container services.
2019-10-01 03:37:28,839 [Datanode State Machine Thread - 0] INFO  ozoneimpl.OzoneContainer (OzoneContainer.java:startContainerScrub(179)) - Background container scanner has been disabled.
2019-10-01 03:37:28,839 [Datanode State Machine Thread - 0] INFO  ratis.XceiverServerRatis (XceiverServerRatis.java:start(417)) - Starting XceiverServerRatis 28aaf889-d1e2-47f9-961b-1305f40e494b at port 0
2019-10-01 03:37:28,845 [Datanode State Machine Thread - 0] INFO  impl.RaftServerProxy (RaftServerProxy.java:lambda$start$3(299)) - 28aaf889-d1e2-47f9-961b-1305f40e494b: start RPC server
2019-10-01 03:37:28,848 [Datanode State Machine Thread - 0] INFO  server.GrpcService (GrpcService.java:startImpl(158)) - 28aaf889-d1e2-47f9-961b-1305f40e494b: GrpcService started, listening on 0.0.0.0/0.0.0.0:34408
2019-10-01 03:37:28,848 [Datanode State Machine Thread - 0] INFO  ratis.XceiverServerRatis (XceiverServerRatis.java:start(427)) - XceiverServerRatis 28aaf889-d1e2-47f9-961b-1305f40e494b is started using port 34408
2019-10-01 03:37:28,849 [Datanode State Machine Thread - 0] INFO  server.XceiverServerGrpc (XceiverServerGrpc.java:start(149)) - XceiverServerGrpc 28aaf889-d1e2-47f9-961b-1305f40e494b is started using port 45552
2019-10-01 03:37:28,899 [Datanode State Machine Thread - 0] INFO  ozoneimpl.OzoneContainer (OzoneContainer.java:start(217)) - Attempting to start container services.
2019-10-01 03:37:28,899 [Datanode State Machine Thread - 0] INFO  ozoneimpl.OzoneContainer (OzoneContainer.java:startContainerScrub(179)) - Background container scanner has been disabled.
2019-10-01 03:37:28,899 [Datanode State Machine Thread - 0] INFO  ratis.XceiverServerRatis (XceiverServerRatis.java:start(417)) - Starting XceiverServerRatis c5c3ee98-126e-4756-b6c5-4783d77f7866 at port 0
2019-10-01 03:37:28,904 [Datanode State Machine Thread - 0] INFO  impl.RaftServerProxy (RaftServerProxy.java:lambda$start$3(299)) - c5c3ee98-126e-4756-b6c5-4783d77f7866: start RPC server
2019-10-01 03:37:28,904 [Datanode State Machine Thread - 0] INFO  server.GrpcService (GrpcService.java:startImpl(158)) - c5c3ee98-126e-4756-b6c5-4783d77f7866: GrpcService started, listening on 0.0.0.0/0.0.0.0:36754
2019-10-01 03:37:28,904 [Datanode State Machine Thread - 0] INFO  ratis.XceiverServerRatis (XceiverServerRatis.java:start(427)) - XceiverServerRatis c5c3ee98-126e-4756-b6c5-4783d77f7866 is started using port 36754
2019-10-01 03:37:28,905 [Datanode State Machine Thread - 0] INFO  server.XceiverServerGrpc (XceiverServerGrpc.java:start(149)) - XceiverServerGrpc c5c3ee98-126e-4756-b6c5-4783d77f7866 is started using port 36204
2019-10-01 03:37:28,955 [Datanode State Machine Thread - 0] INFO  ozoneimpl.OzoneContainer (OzoneContainer.java:start(217)) - Attempting to start container services.
2019-10-01 03:37:28,955 [Datanode State Machine Thread - 0] INFO  ozoneimpl.OzoneContainer (OzoneContainer.java:startContainerScrub(179)) - Background container scanner has been disabled.
2019-10-01 03:37:28,956 [Datanode State Machine Thread - 0] INFO  ratis.XceiverServerRatis (XceiverServerRatis.java:start(417)) - Starting XceiverServerRatis dde6dfee-c234-49d8-8ff6-60b9a3571463 at port 0
2019-10-01 03:37:28,960 [Datanode State Machine Thread - 0] INFO  impl.RaftServerProxy (RaftServerProxy.java:lambda$start$3(299)) - dde6dfee-c234-49d8-8ff6-60b9a3571463: start RPC server
2019-10-01 03:37:28,960 [Datanode State Machine Thread - 0] INFO  server.GrpcService (GrpcService.java:startImpl(158)) - dde6dfee-c234-49d8-8ff6-60b9a3571463: GrpcService started, listening on 0.0.0.0/0.0.0.0:45910
2019-10-01 03:37:28,960 [Datanode State Machine Thread - 0] INFO  ratis.XceiverServerRatis (XceiverServerRatis.java:start(427)) - XceiverServerRatis dde6dfee-c234-49d8-8ff6-60b9a3571463 is started using port 45910
2019-10-01 03:37:28,961 [Datanode State Machine Thread - 0] INFO  server.XceiverServerGrpc (XceiverServerGrpc.java:start(149)) - XceiverServerGrpc dde6dfee-c234-49d8-8ff6-60b9a3571463 is started using port 42132
2019-10-01 03:37:29,014 [main] INFO  ozone.MiniOzoneClusterImpl (MiniOzoneClusterImpl.java:lambda$waitForClusterToBeReady$0(147)) - Waiting for cluster to be ready. Got 0 of 7 DN Heartbeats.
2019-10-01 03:37:29,028 [Datanode State Machine Thread - 0] INFO  ozoneimpl.OzoneContainer (OzoneContainer.java:start(217)) - Attempting to start container services.
2019-10-01 03:37:29,028 [Datanode State Machine Thread - 0] INFO  ozoneimpl.OzoneContainer (OzoneContainer.java:startContainerScrub(179)) - Background container scanner has been disabled.
2019-10-01 03:37:29,028 [Datanode State Machine Thread - 0] INFO  ratis.XceiverServerRatis (XceiverServerRatis.java:start(417)) - Starting XceiverServerRatis 38045bdc-efe1-41de-b10f-282aa371af62 at port 0
2019-10-01 03:37:29,036 [Datanode State Machine Thread - 0] INFO  impl.RaftServerProxy (RaftServerProxy.java:lambda$start$3(299)) - 38045bdc-efe1-41de-b10f-282aa371af62: start RPC server
2019-10-01 03:37:29,040 [Datanode State Machine Thread - 0] INFO  server.GrpcService (GrpcService.java:startImpl(158)) - 38045bdc-efe1-41de-b10f-282aa371af62: GrpcService started, listening on 0.0.0.0/0.0.0.0:33776
2019-10-01 03:37:29,040 [Datanode State Machine Thread - 0] INFO  ratis.XceiverServerRatis (XceiverServerRatis.java:start(427)) - XceiverServerRatis 38045bdc-efe1-41de-b10f-282aa371af62 is started using port 33776
2019-10-01 03:37:29,052 [Datanode State Machine Thread - 0] INFO  server.XceiverServerGrpc (XceiverServerGrpc.java:start(149)) - XceiverServerGrpc 38045bdc-efe1-41de-b10f-282aa371af62 is started using port 35730
2019-10-01 03:37:30,014 [main] INFO  ozone.MiniOzoneClusterImpl (MiniOzoneClusterImpl.java:lambda$waitForClusterToBeReady$0(147)) - Waiting for cluster to be ready. Got 0 of 7 DN Heartbeats.
2019-10-01 03:37:30,620 [IPC Server handler 1 on 43031] INFO  net.NetworkTopology (NetworkTopologyImpl.java:add(111)) - Added a new node: /default-rack/337eeeca-189e-484a-8ae8-9f26fc3b75ba
2019-10-01 03:37:30,623 [IPC Server handler 1 on 43031] INFO  node.SCMNodeManager (SCMNodeManager.java:register(266)) - Registered Data node : 337eeeca-189e-484a-8ae8-9f26fc3b75ba{ip: 192.168.151.109, host: pr-hdds-1984-zmhd5-2369693365, networkLocation: /default-rack, certSerialId: null}
2019-10-01 03:37:30,624 [EventQueue-NodeRegistrationContainerReportForDataNodeSafeModeRule] INFO  safemode.SCMSafeModeManager (DataNodeSafeModeRule.java:process(71)) - SCM in safe mode. 1 DataNodes registered, 1 required.
2019-10-01 03:37:30,626 [EventQueue-NodeRegistrationContainerReportForDataNodeSafeModeRule] INFO  safemode.SCMSafeModeManager (SCMSafeModeManager.java:validateSafeModeExitRules(177)) - ScmSafeModeManager, all rules are successfully validated
2019-10-01 03:37:30,626 [EventQueue-NodeRegistrationContainerReportForDataNodeSafeModeRule] INFO  safemode.SCMSafeModeManager (SCMSafeModeManager.java:exitSafeMode(193)) - SCM exiting safe mode.
2019-10-01 03:37:30,638 [grpc-default-executor-2] INFO  impl.RaftServerProxy (RaftServerProxy.java:addNew(89)) - 337eeeca-189e-484a-8ae8-9f26fc3b75ba: addNew group-14EC6C235245:[337eeeca-189e-484a-8ae8-9f26fc3b75ba:192.168.151.109:33920] returns group-14EC6C235245:java.util.concurrent.CompletableFuture@52186cc1[Not completed]
2019-10-01 03:37:30,640 [pool-207-thread-1] INFO  impl.RaftServerImpl (RaftServerImpl.java:<init>(95)) - 337eeeca-189e-484a-8ae8-9f26fc3b75ba: new RaftServerImpl for group-14EC6C235245:[337eeeca-189e-484a-8ae8-9f26fc3b75ba:192.168.151.109:33920] with ContainerStateMachine:uninitialized
2019-10-01 03:37:30,641 [pool-207-thread-1] INFO  server.RaftServerConfigKeys (ConfUtils.java:logGet(43)) - raft.server.rpc.timeout.min = 5s (custom)
2019-10-01 03:37:30,641 [pool-207-thread-1] INFO  server.RaftServerConfigKeys (ConfUtils.java:logGet(43)) - raft.server.rpc.timeout.max = 5200ms (custom)
2019-10-01 03:37:30,641 [pool-207-thread-1] INFO  server.RaftServerConfigKeys (ConfUtils.java:logGet(43)) - raft.server.rpcslowness.timeout = 120s (custom)
2019-10-01 03:37:30,641 [pool-207-thread-1] INFO  server.RaftServerConfigKeys (ConfUtils.java:logGet(43)) - raft.server.sleep.deviation.threshold = 300 (default)
2019-10-01 03:37:30,641 [pool-207-thread-1] INFO  server.RaftServerConfigKeys (ConfUtils.java:logGet(43)) - raft.server.log.appender.install.snapshot.enabled = false (custom)
2019-10-01 03:37:30,642 [pool-207-thread-1] INFO  impl.RaftServerImpl (ServerState.java:<init>(103)) - 337eeeca-189e-484a-8ae8-9f26fc3b75ba@group-14EC6C235245: ConfigurationManager, init=-1: [337eeeca-189e-484a-8ae8-9f26fc3b75ba:192.168.151.109:33920], old=null, confs=<EMPTY_MAP>
2019-10-01 03:37:30,642 [pool-207-thread-1] INFO  server.RaftServerConfigKeys (ConfUtils.java:logGet(43)) - raft.server.storage.dir = [/workdir/hadoop-ozone/integration-test/target/test-dir/MiniOzoneClusterImpl-36867613-8ee7-4520-b00b-3b3d201fc0d0/datanode-0/data/ratis] (custom)
2019-10-01 03:37:30,642 [pool-207-thread-1] INFO  server.RaftServerConfigKeys (ConfUtils.java:logGet(43)) - raft.server.log.corruption.policy = EXCEPTION (default)
2019-10-01 03:37:30,642 [pool-207-thread-1] INFO  storage.RaftStorageDirectory (RaftStorageDirectory.java:analyzeStorage(246)) - The storage directory /workdir/hadoop-ozone/integration-test/target/test-dir/MiniOzoneClusterImpl-36867613-8ee7-4520-b00b-3b3d201fc0d0/datanode-0/data/ratis/12c1f3ee-8f45-40d8-80ec-14ec6c235245 does not exist. Creating ...
2019-10-01 03:37:30,656 [pool-207-thread-1] INFO  storage.RaftStorageDirectory (RaftStorageDirectory.java:tryLock(328)) - Lock on /workdir/hadoop-ozone/integration-test/target/test-dir/MiniOzoneClusterImpl-36867613-8ee7-4520-b00b-3b3d201fc0d0/datanode-0/data/ratis/12c1f3ee-8f45-40d8-80ec-14ec6c235245/in_use.lock acquired by nodename 20914@pr-hdds-1984-zmhd5-2369693365
2019-10-01 03:37:30,669 [pool-207-thread-1] INFO  storage.RaftStorage (RaftStorage.java:format(84)) - Storage directory /workdir/hadoop-ozone/integration-test/target/test-dir/MiniOzoneClusterImpl-36867613-8ee7-4520-b00b-3b3d201fc0d0/datanode-0/data/ratis/12c1f3ee-8f45-40d8-80ec-14ec6c235245 has been successfully formatted.
2019-10-01 03:37:30,670 [pool-207-thread-1] INFO  ratis.ContainerStateMachine (ContainerStateMachine.java:loadSnapshot(230)) - group-14EC6C235245: The snapshot info is null. Setting the last applied indexto:(t:0, i:~)
2019-10-01 03:37:30,670 [pool-207-thread-1] INFO  server.RaftServerConfigKeys (ConfUtils.java:logGet(43)) - raft.server.notification.no-leader.timeout = 120s (custom)
2019-10-01 03:37:30,670 [pool-207-thread-1] INFO  server.RaftServerConfigKeys (ConfUtils.java:logGet(43)) - raft.server.log.use.memory = false (default)
2019-10-01 03:37:30,670 [pool-207-thread-1] INFO  server.RaftServerConfigKeys (ConfUtils.java:logGet(43)) - raft.server.log.purge.gap = 1000000 (custom)
2019-10-01 03:37:30,671 [pool-207-thread-1] INFO  server.RaftServerConfigKeys (ConfUtils.java:logGet(43)) - raft.server.log.appender.buffer.byte-limit = 33554432 (custom)
2019-10-01 03:37:30,671 [pool-207-thread-1] INFO  server.RaftServerConfigKeys (ConfUtils.java:logGet(43)) - raft.server.log.segment.size.max = 1048576 (custom)
2019-10-01 03:37:30,673 [pool-207-thread-1] INFO  server.RaftServerConfigKeys (ConfUtils.java:logGet(43)) - raft.server.log.segment.cache.num.max = 2 (custom)
2019-10-01 03:37:30,674 [pool-207-thread-1] INFO  segmented.SegmentedRaftLogWorker (SegmentedRaftLogWorker.java:<init>(173)) - new 337eeeca-189e-484a-8ae8-9f26fc3b75ba@group-14EC6C235245-SegmentedRaftLogWorker for RaftStorage:Storage Directory /workdir/hadoop-ozone/integration-test/target/test-dir/MiniOzoneClusterImpl-36867613-8ee7-4520-b00b-3b3d201fc0d0/datanode-0/data/ratis/12c1f3ee-8f45-40d8-80ec-14ec6c235245
2019-10-01 03:37:30,674 [pool-207-thread-1] INFO  server.RaftServerConfigKeys (ConfUtils.java:logGet(43)) - raft.server.log.queue.byte-limit = 2147483647 (custom)
2019-10-01 03:37:30,674 [pool-207-thread-1] INFO  server.RaftServerConfigKeys (ConfUtils.java:logGet(43)) - raft.server.log.queue.element-limit = 1024 (custom)
2019-10-01 03:37:30,674 [pool-207-thread-1] INFO  server.RaftServerConfigKeys (ConfUtils.java:logGet(43)) - raft.server.log.segment.size.max = 1048576 (custom)
2019-10-01 03:37:30,674 [pool-207-thread-1] INFO  server.RaftServerConfigKeys (ConfUtils.java:logGet(43)) - raft.server.log.preallocated.size = 16384 (custom)
2019-10-01 03:37:30,674 [pool-207-thread-1] INFO  server.RaftServerConfigKeys (ConfUtils.java:logGet(43)) - raft.server.log.write.buffer.size = 33554432 (custom)
2019-10-01 03:37:30,674 [pool-207-thread-1] INFO  server.RaftServerConfigKeys (ConfUtils.java:logGet(43)) - raft.server.log.force.sync.num = 128 (default)
2019-10-01 03:37:30,675 [pool-207-thread-1] INFO  server.RaftServerConfigKeys (ConfUtils.java:logGet(43)) - raft.server.log.statemachine.data.sync = true (default)
2019-10-01 03:37:30,675 [pool-207-thread-1] INFO  server.RaftServerConfigKeys (ConfUtils.java:logGet(43)) - raft.server.log.statemachine.data.sync.timeout = 10s (default)
2019-10-01 03:37:30,675 [pool-207-thread-1] INFO  server.RaftServerConfigKeys (ConfUtils.java:logGet(43)) - raft.server.log.statemachine.data.sync.timeout.retry = -1 (default)
2019-10-01 03:37:30,676 [pool-207-thread-1] INFO  server.RaftServerConfigKeys (ConfUtils.java:logGet(43)) - raft.server.log.statemachine.data.caching.enabled = true (custom)
2019-10-01 03:37:30,676 [pool-207-thread-1] INFO  segmented.SegmentedRaftLogWorker (SegmentedRaftLogWorker.java:lambda$new$0(128)) - 337eeeca-189e-484a-8ae8-9f26fc3b75ba@group-14EC6C235245-SegmentedRaftLogWorker: flushIndex: setUnconditionally 0 -> -1
2019-10-01 03:37:30,676 [pool-207-thread-1] INFO  server.RaftServerConfigKeys (ConfUtils.java:logGet(43)) - raft.server.snapshot.auto.trigger.enabled = true (custom)
2019-10-01 03:37:30,677 [pool-207-thread-1] INFO  server.RaftServerConfigKeys (ConfUtils.java:logGet(43)) - raft.server.snapshot.auto.trigger.threshold = 10000 (custom)
2019-10-01 03:37:30,677 [pool-207-thread-1] INFO  server.RaftServerConfigKeys (ConfUtils.java:logGet(43)) - raft.server.snapshot.retention.file.num = 5 (custom)
2019-10-01 03:37:30,677 [pool-207-thread-1] INFO  server.RaftServerConfigKeys (ConfUtils.java:logGet(43)) - raft.server.retrycache.expirytime = 600000ms (custom)
2019-10-01 03:37:30,679 [pool-207-thread-1] INFO  impl.RaftServerImpl (RaftServerImpl.java:start(181)) - 337eeeca-189e-484a-8ae8-9f26fc3b75ba@group-14EC6C235245: start as a follower, conf=-1: [337eeeca-189e-484a-8ae8-9f26fc3b75ba:192.168.151.109:33920], old=null
2019-10-01 03:37:30,679 [pool-207-thread-1] INFO  impl.RaftServerImpl (RaftServerImpl.java:setRole(170)) - 337eeeca-189e-484a-8ae8-9f26fc3b75ba@group-14EC6C235245: changes role from      null to FOLLOWER at term 0 for startAsFollower
2019-10-01 03:37:30,679 [pool-207-thread-1] INFO  impl.RoleInfo (RoleInfo.java:updateAndGet(143)) - 337eeeca-189e-484a-8ae8-9f26fc3b75ba: start FollowerState
2019-10-01 03:37:30,680 [pool-207-thread-1] INFO  util.JmxRegister (JmxRegister.java:tryRegister(44)) - Successfully registered JMX Bean with object name Ratis:service=RaftServer,group=group-14EC6C235245,id=337eeeca-189e-484a-8ae8-9f26fc3b75ba
2019-10-01 03:37:30,687 [IPC Server handler 0 on 43031] INFO  net.NetworkTopology (NetworkTopologyImpl.java:add(111)) - Added a new node: /default-rack/1e85a46c-0611-47c1-8e7b-e152e7434ac8
2019-10-01 03:37:30,687 [IPC Server handler 0 on 43031] INFO  node.SCMNodeManager (SCMNodeManager.java:register(266)) - Registered Data node : 1e85a46c-0611-47c1-8e7b-e152e7434ac8{ip: 192.168.151.109, host: pr-hdds-1984-zmhd5-2369693365, networkLocation: /default-rack, certSerialId: null}
2019-10-01 03:37:30,688 [RatisPipelineUtilsThread] INFO  pipeline.PipelineStateManager (PipelineStateManager.java:addPipeline(56)) - Created pipeline Pipeline[ Id: 12c1f3ee-8f45-40d8-80ec-14ec6c235245, Nodes: 337eeeca-189e-484a-8ae8-9f26fc3b75ba{ip: 192.168.151.109, host: pr-hdds-1984-zmhd5-2369693365, networkLocation: /default-rack, certSerialId: null}, Type:RATIS, Factor:ONE, State:OPEN]
2019-10-01 03:37:30,705 [grpc-default-executor-2] INFO  impl.RaftServerProxy (RaftServerProxy.java:addNew(89)) - 1e85a46c-0611-47c1-8e7b-e152e7434ac8: addNew group-CD32142F8E6D:[1e85a46c-0611-47c1-8e7b-e152e7434ac8:192.168.151.109:36294] returns group-CD32142F8E6D:java.util.concurrent.CompletableFuture@66ef0a69[Not completed]
2019-10-01 03:37:30,705 [pool-217-thread-1] INFO  impl.RaftServerImpl (RaftServerImpl.java:<init>(95)) - 1e85a46c-0611-47c1-8e7b-e152e7434ac8: new RaftServerImpl for group-CD32142F8E6D:[1e85a46c-0611-47c1-8e7b-e152e7434ac8:192.168.151.109:36294] with ContainerStateMachine:uninitialized
2019-10-01 03:37:30,705 [pool-217-thread-1] INFO  server.RaftServerConfigKeys (ConfUtils.java:logGet(43)) - raft.server.rpc.timeout.min = 5s (custom)
2019-10-01 03:37:30,706 [pool-217-thread-1] INFO  server.RaftServerConfigKeys (ConfUtils.java:logGet(43)) - raft.server.rpc.timeout.max = 5200ms (custom)
2019-10-01 03:37:30,706 [pool-217-thread-1] INFO  server.RaftServerConfigKeys (ConfUtils.java:logGet(43)) - raft.server.rpcslowness.timeout = 120s (custom)
2019-10-01 03:37:30,706 [pool-217-thread-1] INFO  server.RaftServerConfigKeys (ConfUtils.java:logGet(43)) - raft.server.sleep.deviation.threshold = 300 (default)
2019-10-01 03:37:30,706 [pool-217-thread-1] INFO  server.RaftServerConfigKeys (ConfUtils.java:logGet(43)) - raft.server.log.appender.install.snapshot.enabled = false (custom)
2019-10-01 03:37:30,706 [pool-217-thread-1] INFO  impl.RaftServerImpl (ServerState.java:<init>(103)) - 1e85a46c-0611-47c1-8e7b-e152e7434ac8@group-CD32142F8E6D: ConfigurationManager, init=-1: [1e85a46c-0611-47c1-8e7b-e152e7434ac8:192.168.151.109:36294], old=null, confs=<EMPTY_MAP>
2019-10-01 03:37:30,706 [pool-217-thread-1] INFO  server.RaftServerConfigKeys (ConfUtils.java:logGet(43)) - raft.server.storage.dir = [/workdir/hadoop-ozone/integration-test/target/test-dir/MiniOzoneClusterImpl-36867613-8ee7-4520-b00b-3b3d201fc0d0/datanode-1/data/ratis] (custom)
2019-10-01 03:37:30,706 [pool-217-thread-1] INFO  server.RaftServerConfigKeys (ConfUtils.java:logGet(43)) - raft.server.log.corruption.policy = EXCEPTION (default)
2019-10-01 03:37:30,706 [pool-217-thread-1] INFO  storage.RaftStorageDirectory (RaftStorageDirectory.java:analyzeStorage(246)) - The storage directory /workdir/hadoop-ozone/integration-test/target/test-dir/MiniOzoneClusterImpl-36867613-8ee7-4520-b00b-3b3d201fc0d0/datanode-1/data/ratis/5dbe6f54-2e17-429f-bc4e-cd32142f8e6d does not exist. Creating ...
2019-10-01 03:37:30,719 [pool-217-thread-1] INFO  storage.RaftStorageDirectory (RaftStorageDirectory.java:tryLock(328)) - Lock on /workdir/hadoop-ozone/integration-test/target/test-dir/MiniOzoneClusterImpl-36867613-8ee7-4520-b00b-3b3d201fc0d0/datanode-1/data/ratis/5dbe6f54-2e17-429f-bc4e-cd32142f8e6d/in_use.lock acquired by nodename 20914@pr-hdds-1984-zmhd5-2369693365
2019-10-01 03:37:30,731 [pool-217-thread-1] INFO  storage.RaftStorage (RaftStorage.java:format(84)) - Storage directory /workdir/hadoop-ozone/integration-test/target/test-dir/MiniOzoneClusterImpl-36867613-8ee7-4520-b00b-3b3d201fc0d0/datanode-1/data/ratis/5dbe6f54-2e17-429f-bc4e-cd32142f8e6d has been successfully formatted.
2019-10-01 03:37:30,732 [pool-217-thread-1] INFO  ratis.ContainerStateMachine (ContainerStateMachine.java:loadSnapshot(230)) - group-CD32142F8E6D: The snapshot info is null. Setting the last applied indexto:(t:0, i:~)
2019-10-01 03:37:30,732 [pool-217-thread-1] INFO  server.RaftServerConfigKeys (ConfUtils.java:logGet(43)) - raft.server.notification.no-leader.timeout = 120s (custom)
2019-10-01 03:37:30,732 [pool-217-thread-1] INFO  server.RaftServerConfigKeys (ConfUtils.java:logGet(43)) - raft.server.log.use.memory = false (default)
2019-10-01 03:37:30,732 [pool-217-thread-1] INFO  server.RaftServerConfigKeys (ConfUtils.java:logGet(43)) - raft.server.log.purge.gap = 1000000 (custom)
2019-10-01 03:37:30,732 [pool-217-thread-1] INFO  server.RaftServerConfigKeys (ConfUtils.java:logGet(43)) - raft.server.log.appender.buffer.byte-limit = 33554432 (custom)
2019-10-01 03:37:30,732 [pool-217-thread-1] INFO  server.RaftServerConfigKeys (ConfUtils.java:logGet(43)) - raft.server.log.segment.size.max = 1048576 (custom)
2019-10-01 03:37:30,733 [pool-217-thread-1] INFO  server.RaftServerConfigKeys (ConfUtils.java:logGet(43)) - raft.server.log.segment.cache.num.max = 2 (custom)
2019-10-01 03:37:30,733 [pool-217-thread-1] INFO  segmented.SegmentedRaftLogWorker (SegmentedRaftLogWorker.java:<init>(173)) - new 1e85a46c-0611-47c1-8e7b-e152e7434ac8@group-CD32142F8E6D-SegmentedRaftLogWorker for RaftStorage:Storage Directory /workdir/hadoop-ozone/integration-test/target/test-dir/MiniOzoneClusterImpl-36867613-8ee7-4520-b00b-3b3d201fc0d0/datanode-1/data/ratis/5dbe6f54-2e17-429f-bc4e-cd32142f8e6d
2019-10-01 03:37:30,733 [pool-217-thread-1] INFO  server.RaftServerConfigKeys (ConfUtils.java:logGet(43)) - raft.server.log.queue.byte-limit = 2147483647 (custom)
2019-10-01 03:37:30,734 [pool-217-thread-1] INFO  server.RaftServerConfigKeys (ConfUtils.java:logGet(43)) - raft.server.log.queue.element-limit = 1024 (custom)
2019-10-01 03:37:30,734 [pool-217-thread-1] INFO  server.RaftServerConfigKeys (ConfUtils.java:logGet(43)) - raft.server.log.segment.size.max = 1048576 (custom)
2019-10-01 03:37:30,734 [pool-217-thread-1] INFO  server.RaftServerConfigKeys (ConfUtils.java:logGet(43)) - raft.server.log.preallocated.size = 16384 (custom)
2019-10-01 03:37:30,734 [pool-217-thread-1] INFO  server.RaftServerConfigKeys (ConfUtils.java:logGet(43)) - raft.server.log.write.buffer.size = 33554432 (custom)
2019-10-01 03:37:30,734 [pool-217-thread-1] INFO  server.RaftServerConfigKeys (ConfUtils.java:logGet(43)) - raft.server.log.force.sync.num = 128 (default)
2019-10-01 03:37:30,734 [pool-217-thread-1] INFO  server.RaftServerConfigKeys (ConfUtils.java:logGet(43)) - raft.server.log.statemachine.data.sync = true (default)
2019-10-01 03:37:30,734 [pool-217-thread-1] INFO  server.RaftServerConfigKeys (ConfUtils.java:logGet(43)) - raft.server.log.statemachine.data.sync.timeout = 10s (default)
2019-10-01 03:37:30,734 [pool-217-thread-1] INFO  server.RaftServerConfigKeys (ConfUtils.java:logGet(43)) - raft.server.log.statemachine.data.sync.timeout.retry = -1 (default)
2019-10-01 03:37:30,734 [pool-217-thread-1] INFO  server.RaftServerConfigKeys (ConfUtils.java:logGet(43)) - raft.server.log.statemachine.data.caching.enabled = true (custom)
2019-10-01 03:37:30,735 [pool-217-thread-1] INFO  segmented.SegmentedRaftLogWorker (SegmentedRaftLogWorker.java:lambda$new$0(128)) - 1e85a46c-0611-47c1-8e7b-e152e7434ac8@group-CD32142F8E6D-SegmentedRaftLogWorker: flushIndex: setUnconditionally 0 -> -1
2019-10-01 03:37:30,735 [pool-217-thread-1] INFO  server.RaftServerConfigKeys (ConfUtils.java:logGet(43)) - raft.server.snapshot.auto.trigger.enabled = true (custom)
2019-10-01 03:37:30,735 [pool-217-thread-1] INFO  server.RaftServerConfigKeys (ConfUtils.java:logGet(43)) - raft.server.snapshot.auto.trigger.threshold = 10000 (custom)
2019-10-01 03:37:30,735 [pool-217-thread-1] INFO  server.RaftServerConfigKeys (ConfUtils.java:logGet(43)) - raft.server.snapshot.retention.file.num = 5 (custom)
2019-10-01 03:37:30,735 [pool-217-thread-1] INFO  server.RaftServerConfigKeys (ConfUtils.java:logGet(43)) - raft.server.retrycache.expirytime = 600000ms (custom)
2019-10-01 03:37:30,736 [pool-217-thread-1] INFO  impl.RaftServerImpl (RaftServerImpl.java:start(181)) - 1e85a46c-0611-47c1-8e7b-e152e7434ac8@group-CD32142F8E6D: start as a follower, conf=-1: [1e85a46c-0611-47c1-8e7b-e152e7434ac8:192.168.151.109:36294], old=null
2019-10-01 03:37:30,736 [pool-217-thread-1] INFO  impl.RaftServerImpl (RaftServerImpl.java:setRole(170)) - 1e85a46c-0611-47c1-8e7b-e152e7434ac8@group-CD32142F8E6D: changes role from      null to FOLLOWER at term 0 for startAsFollower
2019-10-01 03:37:30,736 [pool-217-thread-1] INFO  impl.RoleInfo (RoleInfo.java:updateAndGet(143)) - 1e85a46c-0611-47c1-8e7b-e152e7434ac8: start FollowerState
2019-10-01 03:37:30,737 [pool-217-thread-1] INFO  util.JmxRegister (JmxRegister.java:tryRegister(44)) - Successfully registered JMX Bean with object name Ratis:service=RaftServer,group=group-CD32142F8E6D,id=1e85a46c-0611-47c1-8e7b-e152e7434ac8
2019-10-01 03:37:30,742 [RatisPipelineUtilsThread] INFO  pipeline.PipelineStateManager (PipelineStateManager.java:addPipeline(56)) - Created pipeline Pipeline[ Id: 5dbe6f54-2e17-429f-bc4e-cd32142f8e6d, Nodes: 1e85a46c-0611-47c1-8e7b-e152e7434ac8{ip: 192.168.151.109, host: pr-hdds-1984-zmhd5-2369693365, networkLocation: /default-rack, certSerialId: null}, Type:RATIS, Factor:ONE, State:OPEN]
2019-10-01 03:37:30,752 [IPC Server handler 2 on 43031] INFO  net.NetworkTopology (NetworkTopologyImpl.java:add(111)) - Added a new node: /default-rack/9df5af2a-73e5-4e4a-9c0b-ccd89ab155b9
2019-10-01 03:37:30,752 [IPC Server handler 2 on 43031] INFO  node.SCMNodeManager (SCMNodeManager.java:register(266)) - Registered Data node : 9df5af2a-73e5-4e4a-9c0b-ccd89ab155b9{ip: 192.168.151.109, host: pr-hdds-1984-zmhd5-2369693365, networkLocation: /default-rack, certSerialId: null}
2019-10-01 03:37:30,759 [grpc-default-executor-2] INFO  impl.RaftServerProxy (RaftServerProxy.java:addNew(89)) - 9df5af2a-73e5-4e4a-9c0b-ccd89ab155b9: addNew group-B3DADD874BD2:[9df5af2a-73e5-4e4a-9c0b-ccd89ab155b9:192.168.151.109:44053] returns group-B3DADD874BD2:java.util.concurrent.CompletableFuture@155724d4[Not completed]
2019-10-01 03:37:30,761 [pool-227-thread-1] INFO  impl.RaftServerImpl (RaftServerImpl.java:<init>(95)) - 9df5af2a-73e5-4e4a-9c0b-ccd89ab155b9: new RaftServerImpl for group-B3DADD874BD2:[9df5af2a-73e5-4e4a-9c0b-ccd89ab155b9:192.168.151.109:44053] with ContainerStateMachine:uninitialized
2019-10-01 03:37:30,761 [pool-227-thread-1] INFO  server.RaftServerConfigKeys (ConfUtils.java:logGet(43)) - raft.server.rpc.timeout.min = 5s (custom)
2019-10-01 03:37:30,761 [pool-227-thread-1] INFO  server.RaftServerConfigKeys (ConfUtils.java:logGet(43)) - raft.server.rpc.timeout.max = 5200ms (custom)
2019-10-01 03:37:30,761 [pool-227-thread-1] INFO  server.RaftServerConfigKeys (ConfUtils.java:logGet(43)) - raft.server.rpcslowness.timeout = 120s (custom)
2019-10-01 03:37:30,761 [pool-227-thread-1] INFO  server.RaftServerConfigKeys (ConfUtils.java:logGet(43)) - raft.server.sleep.deviation.threshold = 300 (default)
2019-10-01 03:37:30,761 [pool-227-thread-1] INFO  server.RaftServerConfigKeys (ConfUtils.java:logGet(43)) - raft.server.log.appender.install.snapshot.enabled = false (custom)
2019-10-01 03:37:30,762 [pool-227-thread-1] INFO  impl.RaftServerImpl (ServerState.java:<init>(103)) - 9df5af2a-73e5-4e4a-9c0b-ccd89ab155b9@group-B3DADD874BD2: ConfigurationManager, init=-1: [9df5af2a-73e5-4e4a-9c0b-ccd89ab155b9:192.168.151.109:44053], old=null, confs=<EMPTY_MAP>
2019-10-01 03:37:30,762 [pool-227-thread-1] INFO  server.RaftServerConfigKeys (ConfUtils.java:logGet(43)) - raft.server.storage.dir = [/workdir/hadoop-ozone/integration-test/target/test-dir/MiniOzoneClusterImpl-36867613-8ee7-4520-b00b-3b3d201fc0d0/datanode-2/data/ratis] (custom)
2019-10-01 03:37:30,762 [pool-227-thread-1] INFO  server.RaftServerConfigKeys (ConfUtils.java:logGet(43)) - raft.server.log.corruption.policy = EXCEPTION (default)
2019-10-01 03:37:30,763 [pool-227-thread-1] INFO  storage.RaftStorageDirectory (RaftStorageDirectory.java:analyzeStorage(246)) - The storage directory /workdir/hadoop-ozone/integration-test/target/test-dir/MiniOzoneClusterImpl-36867613-8ee7-4520-b00b-3b3d201fc0d0/datanode-2/data/ratis/68f86c7c-1b59-4488-8b0f-b3dadd874bd2 does not exist. Creating ...
2019-10-01 03:37:30,776 [pool-227-thread-1] INFO  storage.RaftStorageDirectory (RaftStorageDirectory.java:tryLock(328)) - Lock on /workdir/hadoop-ozone/integration-test/target/test-dir/MiniOzoneClusterImpl-36867613-8ee7-4520-b00b-3b3d201fc0d0/datanode-2/data/ratis/68f86c7c-1b59-4488-8b0f-b3dadd874bd2/in_use.lock acquired by nodename 20914@pr-hdds-1984-zmhd5-2369693365
2019-10-01 03:37:30,789 [pool-227-thread-1] INFO  storage.RaftStorage (RaftStorage.java:format(84)) - Storage directory /workdir/hadoop-ozone/integration-test/target/test-dir/MiniOzoneClusterImpl-36867613-8ee7-4520-b00b-3b3d201fc0d0/datanode-2/data/ratis/68f86c7c-1b59-4488-8b0f-b3dadd874bd2 has been successfully formatted.
2019-10-01 03:37:30,789 [pool-227-thread-1] INFO  ratis.ContainerStateMachine (ContainerStateMachine.java:loadSnapshot(230)) - group-B3DADD874BD2: The snapshot info is null. Setting the last applied indexto:(t:0, i:~)
2019-10-01 03:37:30,789 [pool-227-thread-1] INFO  server.RaftServerConfigKeys (ConfUtils.java:logGet(43)) - raft.server.notification.no-leader.timeout = 120s (custom)
2019-10-01 03:37:30,790 [pool-227-thread-1] INFO  server.RaftServerConfigKeys (ConfUtils.java:logGet(43)) - raft.server.log.use.memory = false (default)
2019-10-01 03:37:30,790 [pool-227-thread-1] INFO  server.RaftServerConfigKeys (ConfUtils.java:logGet(43)) - raft.server.log.purge.gap = 1000000 (custom)
2019-10-01 03:37:30,790 [pool-227-thread-1] INFO  server.RaftServerConfigKeys (ConfUtils.java:logGet(43)) - raft.server.log.appender.buffer.byte-limit = 33554432 (custom)
2019-10-01 03:37:30,790 [pool-227-thread-1] INFO  server.RaftServerConfigKeys (ConfUtils.java:logGet(43)) - raft.server.log.segment.size.max = 1048576 (custom)
2019-10-01 03:37:30,792 [pool-227-thread-1] INFO  server.RaftServerConfigKeys (ConfUtils.java:logGet(43)) - raft.server.log.segment.cache.num.max = 2 (custom)
2019-10-01 03:37:30,792 [pool-227-thread-1] INFO  segmented.SegmentedRaftLogWorker (SegmentedRaftLogWorker.java:<init>(173)) - new 9df5af2a-73e5-4e4a-9c0b-ccd89ab155b9@group-B3DADD874BD2-SegmentedRaftLogWorker for RaftStorage:Storage Directory /workdir/hadoop-ozone/integration-test/target/test-dir/MiniOzoneClusterImpl-36867613-8ee7-4520-b00b-3b3d201fc0d0/datanode-2/data/ratis/68f86c7c-1b59-4488-8b0f-b3dadd874bd2
2019-10-01 03:37:30,793 [pool-227-thread-1] INFO  server.RaftServerConfigKeys (ConfUtils.java:logGet(43)) - raft.server.log.queue.byte-limit = 2147483647 (custom)
2019-10-01 03:37:30,793 [pool-227-thread-1] INFO  server.RaftServerConfigKeys (ConfUtils.java:logGet(43)) - raft.server.log.queue.element-limit = 1024 (custom)
2019-10-01 03:37:30,793 [pool-227-thread-1] INFO  server.RaftServerConfigKeys (ConfUtils.java:logGet(43)) - raft.server.log.segment.size.max = 1048576 (custom)
2019-10-01 03:37:30,793 [pool-227-thread-1] INFO  server.RaftServerConfigKeys (ConfUtils.java:logGet(43)) - raft.server.log.preallocated.size = 16384 (custom)
2019-10-01 03:37:30,793 [pool-227-thread-1] INFO  server.RaftServerConfigKeys (ConfUtils.java:logGet(43)) - raft.server.log.write.buffer.size = 33554432 (custom)
2019-10-01 03:37:30,793 [pool-227-thread-1] INFO  server.RaftServerConfigKeys (ConfUtils.java:logGet(43)) - raft.server.log.force.sync.num = 128 (default)
2019-10-01 03:37:30,793 [pool-227-thread-1] INFO  server.RaftServerConfigKeys (ConfUtils.java:logGet(43)) - raft.server.log.statemachine.data.sync = true (default)
2019-10-01 03:37:30,794 [pool-227-thread-1] INFO  server.RaftServerConfigKeys (ConfUtils.java:logGet(43)) - raft.server.log.statemachine.data.sync.timeout = 10s (default)
2019-10-01 03:37:30,794 [pool-227-thread-1] INFO  server.RaftServerConfigKeys (ConfUtils.java:logGet(43)) - raft.server.log.statemachine.data.sync.timeout.retry = -1 (default)
2019-10-01 03:37:30,794 [pool-227-thread-1] INFO  server.RaftServerConfigKeys (ConfUtils.java:logGet(43)) - raft.server.log.statemachine.data.caching.enabled = true (custom)
2019-10-01 03:37:30,795 [pool-227-thread-1] INFO  segmented.SegmentedRaftLogWorker (SegmentedRaftLogWorker.java:lambda$new$0(128)) - 9df5af2a-73e5-4e4a-9c0b-ccd89ab155b9@group-B3DADD874BD2-SegmentedRaftLogWorker: flushIndex: setUnconditionally 0 -> -1
2019-10-01 03:37:30,795 [pool-227-thread-1] INFO  server.RaftServerConfigKeys (ConfUtils.java:logGet(43)) - raft.server.snapshot.auto.trigger.enabled = true (custom)
2019-10-01 03:37:30,795 [pool-227-thread-1] INFO  server.RaftServerConfigKeys (ConfUtils.java:logGet(43)) - raft.server.snapshot.auto.trigger.threshold = 10000 (custom)
2019-10-01 03:37:30,795 [pool-227-thread-1] INFO  server.RaftServerConfigKeys (ConfUtils.java:logGet(43)) - raft.server.snapshot.retention.file.num = 5 (custom)
2019-10-01 03:37:30,796 [pool-227-thread-1] INFO  server.RaftServerConfigKeys (ConfUtils.java:logGet(43)) - raft.server.retrycache.expirytime = 600000ms (custom)
2019-10-01 03:37:30,798 [pool-227-thread-1] INFO  impl.RaftServerImpl (RaftServerImpl.java:start(181)) - 9df5af2a-73e5-4e4a-9c0b-ccd89ab155b9@group-B3DADD874BD2: start as a follower, conf=-1: [9df5af2a-73e5-4e4a-9c0b-ccd89ab155b9:192.168.151.109:44053], old=null
2019-10-01 03:37:30,798 [pool-227-thread-1] INFO  impl.RaftServerImpl (RaftServerImpl.java:setRole(170)) - 9df5af2a-73e5-4e4a-9c0b-ccd89ab155b9@group-B3DADD874BD2: changes role from      null to FOLLOWER at term 0 for startAsFollower
2019-10-01 03:37:30,798 [pool-227-thread-1] INFO  impl.RoleInfo (RoleInfo.java:updateAndGet(143)) - 9df5af2a-73e5-4e4a-9c0b-ccd89ab155b9: start FollowerState
2019-10-01 03:37:30,798 [pool-227-thread-1] INFO  util.JmxRegister (JmxRegister.java:tryRegister(44)) - Successfully registered JMX Bean with object name Ratis:service=RaftServer,group=group-B3DADD874BD2,id=9df5af2a-73e5-4e4a-9c0b-ccd89ab155b9
2019-10-01 03:37:30,805 [RatisPipelineUtilsThread] INFO  pipeline.PipelineStateManager (PipelineStateManager.java:addPipeline(56)) - Created pipeline Pipeline[ Id: 68f86c7c-1b59-4488-8b0f-b3dadd874bd2, Nodes: 9df5af2a-73e5-4e4a-9c0b-ccd89ab155b9{ip: 192.168.151.109, host: pr-hdds-1984-zmhd5-2369693365, networkLocation: /default-rack, certSerialId: null}, Type:RATIS, Factor:ONE, State:OPEN]
2019-10-01 03:37:30,815 [grpc-default-executor-2] INFO  impl.RaftServerProxy (RaftServerProxy.java:addNew(89)) - 9df5af2a-73e5-4e4a-9c0b-ccd89ab155b9: addNew group-403EB97D77B2:[337eeeca-189e-484a-8ae8-9f26fc3b75ba:192.168.151.109:33920, 9df5af2a-73e5-4e4a-9c0b-ccd89ab155b9:192.168.151.109:44053, 1e85a46c-0611-47c1-8e7b-e152e7434ac8:192.168.151.109:36294] returns group-403EB97D77B2:java.util.concurrent.CompletableFuture@7c622dae[Not completed]
2019-10-01 03:37:30,817 [grpc-default-executor-0] INFO  impl.RaftServerProxy (RaftServerProxy.java:addNew(89)) - 1e85a46c-0611-47c1-8e7b-e152e7434ac8: addNew group-403EB97D77B2:[337eeeca-189e-484a-8ae8-9f26fc3b75ba:192.168.151.109:33920, 9df5af2a-73e5-4e4a-9c0b-ccd89ab155b9:192.168.151.109:44053, 1e85a46c-0611-47c1-8e7b-e152e7434ac8:192.168.151.109:36294] returns group-403EB97D77B2:java.util.concurrent.CompletableFuture@d66744e[Not completed]
2019-10-01 03:37:30,815 [grpc-default-executor-1] INFO  impl.RaftServerProxy (RaftServerProxy.java:addNew(89)) - 337eeeca-189e-484a-8ae8-9f26fc3b75ba: addNew group-403EB97D77B2:[337eeeca-189e-484a-8ae8-9f26fc3b75ba:192.168.151.109:33920, 9df5af2a-73e5-4e4a-9c0b-ccd89ab155b9:192.168.151.109:44053, 1e85a46c-0611-47c1-8e7b-e152e7434ac8:192.168.151.109:36294] returns group-403EB97D77B2:java.util.concurrent.CompletableFuture@11ed0b8f[Not completed]
2019-10-01 03:37:30,819 [pool-207-thread-1] INFO  impl.RaftServerImpl (RaftServerImpl.java:<init>(95)) - 337eeeca-189e-484a-8ae8-9f26fc3b75ba: new RaftServerImpl for group-403EB97D77B2:[337eeeca-189e-484a-8ae8-9f26fc3b75ba:192.168.151.109:33920, 9df5af2a-73e5-4e4a-9c0b-ccd89ab155b9:192.168.151.109:44053, 1e85a46c-0611-47c1-8e7b-e152e7434ac8:192.168.151.109:36294] with ContainerStateMachine:uninitialized
2019-10-01 03:37:30,819 [pool-207-thread-1] INFO  server.RaftServerConfigKeys (ConfUtils.java:logGet(43)) - raft.server.rpc.timeout.min = 5s (custom)
2019-10-01 03:37:30,819 [pool-207-thread-1] INFO  server.RaftServerConfigKeys (ConfUtils.java:logGet(43)) - raft.server.rpc.timeout.max = 5200ms (custom)
2019-10-01 03:37:30,819 [pool-207-thread-1] INFO  server.RaftServerConfigKeys (ConfUtils.java:logGet(43)) - raft.server.rpcslowness.timeout = 120s (custom)
2019-10-01 03:37:30,819 [pool-217-thread-1] INFO  impl.RaftServerImpl (RaftServerImpl.java:<init>(95)) - 1e85a46c-0611-47c1-8e7b-e152e7434ac8: new RaftServerImpl for group-403EB97D77B2:[337eeeca-189e-484a-8ae8-9f26fc3b75ba:192.168.151.109:33920, 9df5af2a-73e5-4e4a-9c0b-ccd89ab155b9:192.168.151.109:44053, 1e85a46c-0611-47c1-8e7b-e152e7434ac8:192.168.151.109:36294] with ContainerStateMachine:uninitialized
2019-10-01 03:37:30,819 [pool-207-thread-1] INFO  server.RaftServerConfigKeys (ConfUtils.java:logGet(43)) - raft.server.sleep.deviation.threshold = 300 (default)
2019-10-01 03:37:30,820 [pool-217-thread-1] INFO  server.RaftServerConfigKeys (ConfUtils.java:logGet(43)) - raft.server.rpc.timeout.min = 5s (custom)
2019-10-01 03:37:30,820 [pool-207-thread-1] INFO  server.RaftServerConfigKeys (ConfUtils.java:logGet(43)) - raft.server.log.appender.install.snapshot.enabled = false (custom)
2019-10-01 03:37:30,820 [pool-227-thread-1] INFO  impl.RaftServerImpl (RaftServerImpl.java:<init>(95)) - 9df5af2a-73e5-4e4a-9c0b-ccd89ab155b9: new RaftServerImpl for group-403EB97D77B2:[337eeeca-189e-484a-8ae8-9f26fc3b75ba:192.168.151.109:33920, 9df5af2a-73e5-4e4a-9c0b-ccd89ab155b9:192.168.151.109:44053, 1e85a46c-0611-47c1-8e7b-e152e7434ac8:192.168.151.109:36294] with ContainerStateMachine:uninitialized
2019-10-01 03:37:30,820 [pool-217-thread-1] INFO  server.RaftServerConfigKeys (ConfUtils.java:logGet(43)) - raft.server.rpc.timeout.max = 5200ms (custom)
2019-10-01 03:37:30,820 [pool-227-thread-1] INFO  server.RaftServerConfigKeys (ConfUtils.java:logGet(43)) - raft.server.rpc.timeout.min = 5s (custom)
2019-10-01 03:37:30,820 [pool-227-thread-1] INFO  server.RaftServerConfigKeys (ConfUtils.java:logGet(43)) - raft.server.rpc.timeout.max = 5200ms (custom)
2019-10-01 03:37:30,820 [pool-207-thread-1] INFO  impl.RaftServerImpl (ServerState.java:<init>(103)) - 337eeeca-189e-484a-8ae8-9f26fc3b75ba@group-403EB97D77B2: ConfigurationManager, init=-1: [337eeeca-189e-484a-8ae8-9f26fc3b75ba:192.168.151.109:33920, 9df5af2a-73e5-4e4a-9c0b-ccd89ab155b9:192.168.151.109:44053, 1e85a46c-0611-47c1-8e7b-e152e7434ac8:192.168.151.109:36294], old=null, confs=<EMPTY_MAP>
2019-10-01 03:37:30,821 [pool-227-thread-1] INFO  server.RaftServerConfigKeys (ConfUtils.java:logGet(43)) - raft.server.rpcslowness.timeout = 120s (custom)
2019-10-01 03:37:30,821 [pool-207-thread-1] INFO  server.RaftServerConfigKeys (ConfUtils.java:logGet(43)) - raft.server.storage.dir = [/workdir/hadoop-ozone/integration-test/target/test-dir/MiniOzoneClusterImpl-36867613-8ee7-4520-b00b-3b3d201fc0d0/datanode-0/data/ratis] (custom)
2019-10-01 03:37:30,820 [pool-217-thread-1] INFO  server.RaftServerConfigKeys (ConfUtils.java:logGet(43)) - raft.server.rpcslowness.timeout = 120s (custom)
2019-10-01 03:37:30,821 [pool-227-thread-1] INFO  server.RaftServerConfigKeys (ConfUtils.java:logGet(43)) - raft.server.sleep.deviation.threshold = 300 (default)
2019-10-01 03:37:30,821 [pool-207-thread-1] INFO  server.RaftServerConfigKeys (ConfUtils.java:logGet(43)) - raft.server.log.corruption.policy = EXCEPTION (default)
2019-10-01 03:37:30,821 [pool-217-thread-1] INFO  server.RaftServerConfigKeys (ConfUtils.java:logGet(43)) - raft.server.sleep.deviation.threshold = 300 (default)
2019-10-01 03:37:30,821 [pool-207-thread-1] INFO  storage.RaftStorageDirectory (RaftStorageDirectory.java:analyzeStorage(246)) - The storage directory /workdir/hadoop-ozone/integration-test/target/test-dir/MiniOzoneClusterImpl-36867613-8ee7-4520-b00b-3b3d201fc0d0/datanode-0/data/ratis/fd79f393-8fec-4590-8f18-403eb97d77b2 does not exist. Creating ...
2019-10-01 03:37:30,821 [pool-227-thread-1] INFO  server.RaftServerConfigKeys (ConfUtils.java:logGet(43)) - raft.server.log.appender.install.snapshot.enabled = false (custom)
2019-10-01 03:37:30,822 [pool-217-thread-1] INFO  server.RaftServerConfigKeys (ConfUtils.java:logGet(43)) - raft.server.log.appender.install.snapshot.enabled = false (custom)
2019-10-01 03:37:30,822 [pool-227-thread-1] INFO  impl.RaftServerImpl (ServerState.java:<init>(103)) - 9df5af2a-73e5-4e4a-9c0b-ccd89ab155b9@group-403EB97D77B2: ConfigurationManager, init=-1: [337eeeca-189e-484a-8ae8-9f26fc3b75ba:192.168.151.109:33920, 9df5af2a-73e5-4e4a-9c0b-ccd89ab155b9:192.168.151.109:44053, 1e85a46c-0611-47c1-8e7b-e152e7434ac8:192.168.151.109:36294], old=null, confs=<EMPTY_MAP>
2019-10-01 03:37:30,822 [pool-217-thread-1] INFO  impl.RaftServerImpl (ServerState.java:<init>(103)) - 1e85a46c-0611-47c1-8e7b-e152e7434ac8@group-403EB97D77B2: ConfigurationManager, init=-1: [337eeeca-189e-484a-8ae8-9f26fc3b75ba:192.168.151.109:33920, 9df5af2a-73e5-4e4a-9c0b-ccd89ab155b9:192.168.151.109:44053, 1e85a46c-0611-47c1-8e7b-e152e7434ac8:192.168.151.109:36294], old=null, confs=<EMPTY_MAP>
2019-10-01 03:37:30,822 [pool-227-thread-1] INFO  server.RaftServerConfigKeys (ConfUtils.java:logGet(43)) - raft.server.storage.dir = [/workdir/hadoop-ozone/integration-test/target/test-dir/MiniOzoneClusterImpl-36867613-8ee7-4520-b00b-3b3d201fc0d0/datanode-2/data/ratis] (custom)
2019-10-01 03:37:30,822 [pool-217-thread-1] INFO  server.RaftServerConfigKeys (ConfUtils.java:logGet(43)) - raft.server.storage.dir = [/workdir/hadoop-ozone/integration-test/target/test-dir/MiniOzoneClusterImpl-36867613-8ee7-4520-b00b-3b3d201fc0d0/datanode-1/data/ratis] (custom)
2019-10-01 03:37:30,822 [pool-227-thread-1] INFO  server.RaftServerConfigKeys (ConfUtils.java:logGet(43)) - raft.server.log.corruption.policy = EXCEPTION (default)
2019-10-01 03:37:30,823 [pool-217-thread-1] INFO  server.RaftServerConfigKeys (ConfUtils.java:logGet(43)) - raft.server.log.corruption.policy = EXCEPTION (default)
2019-10-01 03:37:30,823 [pool-227-thread-1] INFO  storage.RaftStorageDirectory (RaftStorageDirectory.java:analyzeStorage(246)) - The storage directory /workdir/hadoop-ozone/integration-test/target/test-dir/MiniOzoneClusterImpl-36867613-8ee7-4520-b00b-3b3d201fc0d0/datanode-2/data/ratis/fd79f393-8fec-4590-8f18-403eb97d77b2 does not exist. Creating ...
2019-10-01 03:37:30,823 [pool-217-thread-1] INFO  storage.RaftStorageDirectory (RaftStorageDirectory.java:analyzeStorage(246)) - The storage directory /workdir/hadoop-ozone/integration-test/target/test-dir/MiniOzoneClusterImpl-36867613-8ee7-4520-b00b-3b3d201fc0d0/datanode-1/data/ratis/fd79f393-8fec-4590-8f18-403eb97d77b2 does not exist. Creating ...
2019-10-01 03:37:30,825 [IPC Server handler 4 on 43031] INFO  net.NetworkTopology (NetworkTopologyImpl.java:add(111)) - Added a new node: /default-rack/28aaf889-d1e2-47f9-961b-1305f40e494b
2019-10-01 03:37:30,826 [IPC Server handler 4 on 43031] INFO  node.SCMNodeManager (SCMNodeManager.java:register(266)) - Registered Data node : 28aaf889-d1e2-47f9-961b-1305f40e494b{ip: 192.168.151.109, host: pr-hdds-1984-zmhd5-2369693365, networkLocation: /default-rack, certSerialId: null}
2019-10-01 03:37:30,835 [pool-227-thread-1] INFO  storage.RaftStorageDirectory (RaftStorageDirectory.java:tryLock(328)) - Lock on /workdir/hadoop-ozone/integration-test/target/test-dir/MiniOzoneClusterImpl-36867613-8ee7-4520-b00b-3b3d201fc0d0/datanode-2/data/ratis/fd79f393-8fec-4590-8f18-403eb97d77b2/in_use.lock acquired by nodename 20914@pr-hdds-1984-zmhd5-2369693365
2019-10-01 03:37:30,835 [pool-207-thread-1] INFO  storage.RaftStorageDirectory (RaftStorageDirectory.java:tryLock(328)) - Lock on /workdir/hadoop-ozone/integration-test/target/test-dir/MiniOzoneClusterImpl-36867613-8ee7-4520-b00b-3b3d201fc0d0/datanode-0/data/ratis/fd79f393-8fec-4590-8f18-403eb97d77b2/in_use.lock acquired by nodename 20914@pr-hdds-1984-zmhd5-2369693365
2019-10-01 03:37:30,835 [pool-217-thread-1] INFO  storage.RaftStorageDirectory (RaftStorageDirectory.java:tryLock(328)) - Lock on /workdir/hadoop-ozone/integration-test/target/test-dir/MiniOzoneClusterImpl-36867613-8ee7-4520-b00b-3b3d201fc0d0/datanode-1/data/ratis/fd79f393-8fec-4590-8f18-403eb97d77b2/in_use.lock acquired by nodename 20914@pr-hdds-1984-zmhd5-2369693365
2019-10-01 03:37:30,849 [pool-217-thread-1] INFO  storage.RaftStorage (RaftStorage.java:format(84)) - Storage directory /workdir/hadoop-ozone/integration-test/target/test-dir/MiniOzoneClusterImpl-36867613-8ee7-4520-b00b-3b3d201fc0d0/datanode-1/data/ratis/fd79f393-8fec-4590-8f18-403eb97d77b2 has been successfully formatted.
2019-10-01 03:37:30,849 [pool-207-thread-1] INFO  storage.RaftStorage (RaftStorage.java:format(84)) - Storage directory /workdir/hadoop-ozone/integration-test/target/test-dir/MiniOzoneClusterImpl-36867613-8ee7-4520-b00b-3b3d201fc0d0/datanode-0/data/ratis/fd79f393-8fec-4590-8f18-403eb97d77b2 has been successfully formatted.
2019-10-01 03:37:30,849 [pool-227-thread-1] INFO  storage.RaftStorage (RaftStorage.java:format(84)) - Storage directory /workdir/hadoop-ozone/integration-test/target/test-dir/MiniOzoneClusterImpl-36867613-8ee7-4520-b00b-3b3d201fc0d0/datanode-2/data/ratis/fd79f393-8fec-4590-8f18-403eb97d77b2 has been successfully formatted.
2019-10-01 03:37:30,849 [pool-217-thread-1] INFO  ratis.ContainerStateMachine (ContainerStateMachine.java:loadSnapshot(230)) - group-403EB97D77B2: The snapshot info is null. Setting the last applied indexto:(t:0, i:~)
2019-10-01 03:37:30,850 [pool-207-thread-1] INFO  ratis.ContainerStateMachine (ContainerStateMachine.java:loadSnapshot(230)) - group-403EB97D77B2: The snapshot info is null. Setting the last applied indexto:(t:0, i:~)
2019-10-01 03:37:30,850 [pool-217-thread-1] INFO  server.RaftServerConfigKeys (ConfUtils.java:logGet(43)) - raft.server.notification.no-leader.timeout = 120s (custom)
2019-10-01 03:37:30,850 [pool-227-thread-1] INFO  ratis.ContainerStateMachine (ContainerStateMachine.java:loadSnapshot(230)) - group-403EB97D77B2: The snapshot info is null. Setting the last applied indexto:(t:0, i:~)
2019-10-01 03:37:30,850 [pool-217-thread-1] INFO  server.RaftServerConfigKeys (ConfUtils.java:logGet(43)) - raft.server.log.use.memory = false (default)
2019-10-01 03:37:30,850 [pool-207-thread-1] INFO  server.RaftServerConfigKeys (ConfUtils.java:logGet(43)) - raft.server.notification.no-leader.timeout = 120s (custom)
2019-10-01 03:37:30,850 [pool-217-thread-1] INFO  server.RaftServerConfigKeys (ConfUtils.java:logGet(43)) - raft.server.log.purge.gap = 1000000 (custom)
2019-10-01 03:37:30,850 [pool-227-thread-1] INFO  server.RaftServerConfigKeys (ConfUtils.java:logGet(43)) - raft.server.notification.no-leader.timeout = 120s (custom)
2019-10-01 03:37:30,850 [pool-217-thread-1] INFO  server.RaftServerConfigKeys (ConfUtils.java:logGet(43)) - raft.server.log.appender.buffer.byte-limit = 33554432 (custom)
2019-10-01 03:37:30,850 [pool-207-thread-1] INFO  server.RaftServerConfigKeys (ConfUtils.java:logGet(43)) - raft.server.log.use.memory = false (default)
2019-10-01 03:37:30,851 [pool-217-thread-1] INFO  server.RaftServerConfigKeys (ConfUtils.java:logGet(43)) - raft.server.log.segment.size.max = 1048576 (custom)
2019-10-01 03:37:30,851 [pool-227-thread-1] INFO  server.RaftServerConfigKeys (ConfUtils.java:logGet(43)) - raft.server.log.use.memory = false (default)
2019-10-01 03:37:30,851 [pool-217-thread-1] INFO  server.RaftServerConfigKeys (ConfUtils.java:logGet(43)) - raft.server.log.segment.cache.num.max = 2 (custom)
2019-10-01 03:37:30,851 [pool-207-thread-1] INFO  server.RaftServerConfigKeys (ConfUtils.java:logGet(43)) - raft.server.log.purge.gap = 1000000 (custom)
2019-10-01 03:37:30,851 [pool-217-thread-1] INFO  segmented.SegmentedRaftLogWorker (SegmentedRaftLogWorker.java:<init>(173)) - new 1e85a46c-0611-47c1-8e7b-e152e7434ac8@group-403EB97D77B2-SegmentedRaftLogWorker for RaftStorage:Storage Directory /workdir/hadoop-ozone/integration-test/target/test-dir/MiniOzoneClusterImpl-36867613-8ee7-4520-b00b-3b3d201fc0d0/datanode-1/data/ratis/fd79f393-8fec-4590-8f18-403eb97d77b2
2019-10-01 03:37:30,851 [pool-227-thread-1] INFO  server.RaftServerConfigKeys (ConfUtils.java:logGet(43)) - raft.server.log.purge.gap = 1000000 (custom)
2019-10-01 03:37:30,851 [pool-217-thread-1] INFO  server.RaftServerConfigKeys (ConfUtils.java:logGet(43)) - raft.server.log.queue.byte-limit = 2147483647 (custom)
2019-10-01 03:37:30,851 [pool-207-thread-1] INFO  server.RaftServerConfigKeys (ConfUtils.java:logGet(43)) - raft.server.log.appender.buffer.byte-limit = 33554432 (custom)
2019-10-01 03:37:30,852 [pool-217-thread-1] INFO  server.RaftServerConfigKeys (ConfUtils.java:logGet(43)) - raft.server.log.queue.element-limit = 1024 (custom)
2019-10-01 03:37:30,852 [pool-227-thread-1] INFO  server.RaftServerConfigKeys (ConfUtils.java:logGet(43)) - raft.server.log.appender.buffer.byte-limit = 33554432 (custom)
2019-10-01 03:37:30,852 [pool-217-thread-1] INFO  server.RaftServerConfigKeys (ConfUtils.java:logGet(43)) - raft.server.log.segment.size.max = 1048576 (custom)
2019-10-01 03:37:30,852 [pool-207-thread-1] INFO  server.RaftServerConfigKeys (ConfUtils.java:logGet(43)) - raft.server.log.segment.size.max = 1048576 (custom)
2019-10-01 03:37:30,852 [pool-217-thread-1] INFO  server.RaftServerConfigKeys (ConfUtils.java:logGet(43)) - raft.server.log.preallocated.size = 16384 (custom)
2019-10-01 03:37:30,852 [pool-227-thread-1] INFO  server.RaftServerConfigKeys (ConfUtils.java:logGet(43)) - raft.server.log.segment.size.max = 1048576 (custom)
2019-10-01 03:37:30,852 [pool-217-thread-1] INFO  server.RaftServerConfigKeys (ConfUtils.java:logGet(43)) - raft.server.log.write.buffer.size = 33554432 (custom)
2019-10-01 03:37:30,852 [pool-207-thread-1] INFO  server.RaftServerConfigKeys (ConfUtils.java:logGet(43)) - raft.server.log.segment.cache.num.max = 2 (custom)
2019-10-01 03:37:30,853 [pool-217-thread-1] INFO  server.RaftServerConfigKeys (ConfUtils.java:logGet(43)) - raft.server.log.force.sync.num = 128 (default)
2019-10-01 03:37:30,853 [pool-227-thread-1] INFO  server.RaftServerConfigKeys (ConfUtils.java:logGet(43)) - raft.server.log.segment.cache.num.max = 2 (custom)
2019-10-01 03:37:30,853 [pool-217-thread-1] INFO  server.RaftServerConfigKeys (ConfUtils.java:logGet(43)) - raft.server.log.statemachine.data.sync = true (default)
2019-10-01 03:37:30,853 [pool-207-thread-1] INFO  segmented.SegmentedRaftLogWorker (SegmentedRaftLogWorker.java:<init>(173)) - new 337eeeca-189e-484a-8ae8-9f26fc3b75ba@group-403EB97D77B2-SegmentedRaftLogWorker for RaftStorage:Storage Directory /workdir/hadoop-ozone/integration-test/target/test-dir/MiniOzoneClusterImpl-36867613-8ee7-4520-b00b-3b3d201fc0d0/datanode-0/data/ratis/fd79f393-8fec-4590-8f18-403eb97d77b2
2019-10-01 03:37:30,853 [pool-217-thread-1] INFO  server.RaftServerConfigKeys (ConfUtils.java:logGet(43)) - raft.server.log.statemachine.data.sync.timeout = 10s (default)
2019-10-01 03:37:30,853 [pool-227-thread-1] INFO  segmented.SegmentedRaftLogWorker (SegmentedRaftLogWorker.java:<init>(173)) - new 9df5af2a-73e5-4e4a-9c0b-ccd89ab155b9@group-403EB97D77B2-SegmentedRaftLogWorker for RaftStorage:Storage Directory /workdir/hadoop-ozone/integration-test/target/test-dir/MiniOzoneClusterImpl-36867613-8ee7-4520-b00b-3b3d201fc0d0/datanode-2/data/ratis/fd79f393-8fec-4590-8f18-403eb97d77b2
2019-10-01 03:37:30,854 [pool-217-thread-1] INFO  server.RaftServerConfigKeys (ConfUtils.java:logGet(43)) - raft.server.log.statemachine.data.sync.timeout.retry = -1 (default)
2019-10-01 03:37:30,853 [pool-207-thread-1] INFO  server.RaftServerConfigKeys (ConfUtils.java:logGet(43)) - raft.server.log.queue.byte-limit = 2147483647 (custom)
2019-10-01 03:37:30,854 [pool-217-thread-1] INFO  server.RaftServerConfigKeys (ConfUtils.java:logGet(43)) - raft.server.log.statemachine.data.caching.enabled = true (custom)
2019-10-01 03:37:30,854 [pool-227-thread-1] INFO  server.RaftServerConfigKeys (ConfUtils.java:logGet(43)) - raft.server.log.queue.byte-limit = 2147483647 (custom)
2019-10-01 03:37:30,854 [pool-227-thread-1] INFO  server.RaftServerConfigKeys (ConfUtils.java:logGet(43)) - raft.server.log.queue.element-limit = 1024 (custom)
2019-10-01 03:37:30,854 [pool-207-thread-1] INFO  server.RaftServerConfigKeys (ConfUtils.java:logGet(43)) - raft.server.log.queue.element-limit = 1024 (custom)
2019-10-01 03:37:30,854 [pool-227-thread-1] INFO  server.RaftServerConfigKeys (ConfUtils.java:logGet(43)) - raft.server.log.segment.size.max = 1048576 (custom)
2019-10-01 03:37:30,854 [pool-217-thread-1] INFO  segmented.SegmentedRaftLogWorker (SegmentedRaftLogWorker.java:lambda$new$0(128)) - 1e85a46c-0611-47c1-8e7b-e152e7434ac8@group-403EB97D77B2-SegmentedRaftLogWorker: flushIndex: setUnconditionally 0 -> -1
2019-10-01 03:37:30,855 [pool-227-thread-1] INFO  server.RaftServerConfigKeys (ConfUtils.java:logGet(43)) - raft.server.log.preallocated.size = 16384 (custom)
2019-10-01 03:37:30,855 [pool-207-thread-1] INFO  server.RaftServerConfigKeys (ConfUtils.java:logGet(43)) - raft.server.log.segment.size.max = 1048576 (custom)
2019-10-01 03:37:30,855 [pool-217-thread-1] INFO  server.RaftServerConfigKeys (ConfUtils.java:logGet(43)) - raft.server.snapshot.auto.trigger.enabled = true (custom)
2019-10-01 03:37:30,855 [pool-227-thread-1] INFO  server.RaftServerConfigKeys (ConfUtils.java:logGet(43)) - raft.server.log.write.buffer.size = 33554432 (custom)
2019-10-01 03:37:30,855 [pool-217-thread-1] INFO  server.RaftServerConfigKeys (ConfUtils.java:logGet(43)) - raft.server.snapshot.auto.trigger.threshold = 10000 (custom)
2019-10-01 03:37:30,855 [pool-207-thread-1] INFO  server.RaftServerConfigKeys (ConfUtils.java:logGet(43)) - raft.server.log.preallocated.size = 16384 (custom)
2019-10-01 03:37:30,856 [pool-217-thread-1] INFO  server.RaftServerConfigKeys (ConfUtils.java:logGet(43)) - raft.server.snapshot.retention.file.num = 5 (custom)
2019-10-01 03:37:30,855 [pool-227-thread-1] INFO  server.RaftServerConfigKeys (ConfUtils.java:logGet(43)) - raft.server.log.force.sync.num = 128 (default)
2019-10-01 03:37:30,856 [pool-217-thread-1] INFO  server.RaftServerConfigKeys (ConfUtils.java:logGet(43)) - raft.server.retrycache.expirytime = 600000ms (custom)
2019-10-01 03:37:30,856 [pool-207-thread-1] INFO  server.RaftServerConfigKeys (ConfUtils.java:logGet(43)) - raft.server.log.write.buffer.size = 33554432 (custom)
2019-10-01 03:37:30,856 [pool-227-thread-1] INFO  server.RaftServerConfigKeys (ConfUtils.java:logGet(43)) - raft.server.log.statemachine.data.sync = true (default)
2019-10-01 03:37:30,856 [pool-207-thread-1] INFO  server.RaftServerConfigKeys (ConfUtils.java:logGet(43)) - raft.server.log.force.sync.num = 128 (default)
2019-10-01 03:37:30,857 [pool-227-thread-1] INFO  server.RaftServerConfigKeys (ConfUtils.java:logGet(43)) - raft.server.log.statemachine.data.sync.timeout = 10s (default)
2019-10-01 03:37:30,857 [pool-207-thread-1] INFO  server.RaftServerConfigKeys (ConfUtils.java:logGet(43)) - raft.server.log.statemachine.data.sync = true (default)
2019-10-01 03:37:30,857 [pool-227-thread-1] INFO  server.RaftServerConfigKeys (ConfUtils.java:logGet(43)) - raft.server.log.statemachine.data.sync.timeout.retry = -1 (default)
2019-10-01 03:37:30,857 [pool-207-thread-1] INFO  server.RaftServerConfigKeys (ConfUtils.java:logGet(43)) - raft.server.log.statemachine.data.sync.timeout = 10s (default)
2019-10-01 03:37:30,857 [pool-227-thread-1] INFO  server.RaftServerConfigKeys (ConfUtils.java:logGet(43)) - raft.server.log.statemachine.data.caching.enabled = true (custom)
2019-10-01 03:37:30,857 [pool-207-thread-1] INFO  server.RaftServerConfigKeys (ConfUtils.java:logGet(43)) - raft.server.log.statemachine.data.sync.timeout.retry = -1 (default)
2019-10-01 03:37:30,858 [pool-227-thread-1] INFO  segmented.SegmentedRaftLogWorker (SegmentedRaftLogWorker.java:lambda$new$0(128)) - 9df5af2a-73e5-4e4a-9c0b-ccd89ab155b9@group-403EB97D77B2-SegmentedRaftLogWorker: flushIndex: setUnconditionally 0 -> -1
2019-10-01 03:37:30,858 [pool-207-thread-1] INFO  server.RaftServerConfigKeys (ConfUtils.java:logGet(43)) - raft.server.log.statemachine.data.caching.enabled = true (custom)
2019-10-01 03:37:30,858 [pool-227-thread-1] INFO  server.RaftServerConfigKeys (ConfUtils.java:logGet(43)) - raft.server.snapshot.auto.trigger.enabled = true (custom)
2019-10-01 03:37:30,858 [pool-217-thread-1] INFO  impl.RaftServerImpl (RaftServerImpl.java:start(181)) - 1e85a46c-0611-47c1-8e7b-e152e7434ac8@group-403EB97D77B2: start as a follower, conf=-1: [337eeeca-189e-484a-8ae8-9f26fc3b75ba:192.168.151.109:33920, 9df5af2a-73e5-4e4a-9c0b-ccd89ab155b9:192.168.151.109:44053, 1e85a46c-0611-47c1-8e7b-e152e7434ac8:192.168.151.109:36294], old=null
2019-10-01 03:37:30,858 [pool-207-thread-1] INFO  segmented.SegmentedRaftLogWorker (SegmentedRaftLogWorker.java:lambda$new$0(128)) - 337eeeca-189e-484a-8ae8-9f26fc3b75ba@group-403EB97D77B2-SegmentedRaftLogWorker: flushIndex: setUnconditionally 0 -> -1
2019-10-01 03:37:30,858 [pool-217-thread-1] INFO  impl.RaftServerImpl (RaftServerImpl.java:setRole(170)) - 1e85a46c-0611-47c1-8e7b-e152e7434ac8@group-403EB97D77B2: changes role from      null to FOLLOWER at term 0 for startAsFollower
2019-10-01 03:37:30,858 [pool-227-thread-1] INFO  server.RaftServerConfigKeys (ConfUtils.java:logGet(43)) - raft.server.snapshot.auto.trigger.threshold = 10000 (custom)
2019-10-01 03:37:30,859 [pool-227-thread-1] INFO  server.RaftServerConfigKeys (ConfUtils.java:logGet(43)) - raft.server.snapshot.retention.file.num = 5 (custom)
2019-10-01 03:37:30,858 [pool-217-thread-1] INFO  impl.RoleInfo (RoleInfo.java:updateAndGet(143)) - 1e85a46c-0611-47c1-8e7b-e152e7434ac8: start FollowerState
2019-10-01 03:37:30,858 [pool-207-thread-1] INFO  server.RaftServerConfigKeys (ConfUtils.java:logGet(43)) - raft.server.snapshot.auto.trigger.enabled = true (custom)
2019-10-01 03:37:30,859 [pool-227-thread-1] INFO  server.RaftServerConfigKeys (ConfUtils.java:logGet(43)) - raft.server.retrycache.expirytime = 600000ms (custom)
2019-10-01 03:37:30,859 [pool-207-thread-1] INFO  server.RaftServerConfigKeys (ConfUtils.java:logGet(43)) - raft.server.snapshot.auto.trigger.threshold = 10000 (custom)
2019-10-01 03:37:30,859 [pool-217-thread-1] INFO  util.JmxRegister (JmxRegister.java:tryRegister(44)) - Successfully registered JMX Bean with object name Ratis:service=RaftServer,group=group-403EB97D77B2,id=1e85a46c-0611-47c1-8e7b-e152e7434ac8
2019-10-01 03:37:30,859 [pool-207-thread-1] INFO  server.RaftServerConfigKeys (ConfUtils.java:logGet(43)) - raft.server.snapshot.retention.file.num = 5 (custom)
2019-10-01 03:37:30,859 [pool-207-thread-1] INFO  server.RaftServerConfigKeys (ConfUtils.java:logGet(43)) - raft.server.retrycache.expirytime = 600000ms (custom)
2019-10-01 03:37:30,862 [pool-227-thread-1] INFO  impl.RaftServerImpl (RaftServerImpl.java:start(181)) - 9df5af2a-73e5-4e4a-9c0b-ccd89ab155b9@group-403EB97D77B2: start as a follower, conf=-1: [337eeeca-189e-484a-8ae8-9f26fc3b75ba:192.168.151.109:33920, 9df5af2a-73e5-4e4a-9c0b-ccd89ab155b9:192.168.151.109:44053, 1e85a46c-0611-47c1-8e7b-e152e7434ac8:192.168.151.109:36294], old=null
2019-10-01 03:37:30,863 [pool-227-thread-1] INFO  impl.RaftServerImpl (RaftServerImpl.java:setRole(170)) - 9df5af2a-73e5-4e4a-9c0b-ccd89ab155b9@group-403EB97D77B2: changes role from      null to FOLLOWER at term 0 for startAsFollower
2019-10-01 03:37:30,863 [pool-227-thread-1] INFO  impl.RoleInfo (RoleInfo.java:updateAndGet(143)) - 9df5af2a-73e5-4e4a-9c0b-ccd89ab155b9: start FollowerState
2019-10-01 03:37:30,863 [pool-207-thread-1] INFO  impl.RaftServerImpl (RaftServerImpl.java:start(181)) - 337eeeca-189e-484a-8ae8-9f26fc3b75ba@group-403EB97D77B2: start as a follower, conf=-1: [337eeeca-189e-484a-8ae8-9f26fc3b75ba:192.168.151.109:33920, 9df5af2a-73e5-4e4a-9c0b-ccd89ab155b9:192.168.151.109:44053, 1e85a46c-0611-47c1-8e7b-e152e7434ac8:192.168.151.109:36294], old=null
2019-10-01 03:37:30,863 [pool-207-thread-1] INFO  impl.RaftServerImpl (RaftServerImpl.java:setRole(170)) - 337eeeca-189e-484a-8ae8-9f26fc3b75ba@group-403EB97D77B2: changes role from      null to FOLLOWER at term 0 for startAsFollower
2019-10-01 03:37:30,863 [pool-207-thread-1] INFO  impl.RoleInfo (RoleInfo.java:updateAndGet(143)) - 337eeeca-189e-484a-8ae8-9f26fc3b75ba: start FollowerState
2019-10-01 03:37:30,863 [pool-227-thread-1] INFO  util.JmxRegister (JmxRegister.java:tryRegister(44)) - Successfully registered JMX Bean with object name Ratis:service=RaftServer,group=group-403EB97D77B2,id=9df5af2a-73e5-4e4a-9c0b-ccd89ab155b9
2019-10-01 03:37:30,863 [pool-207-thread-1] INFO  util.JmxRegister (JmxRegister.java:tryRegister(44)) - Successfully registered JMX Bean with object name Ratis:service=RaftServer,group=group-403EB97D77B2,id=337eeeca-189e-484a-8ae8-9f26fc3b75ba
2019-10-01 03:37:30,872 [RatisPipelineUtilsThread] INFO  pipeline.PipelineStateManager (PipelineStateManager.java:addPipeline(56)) - Created pipeline Pipeline[ Id: fd79f393-8fec-4590-8f18-403eb97d77b2, Nodes: 1e85a46c-0611-47c1-8e7b-e152e7434ac8{ip: 192.168.151.109, host: pr-hdds-1984-zmhd5-2369693365, networkLocation: /default-rack, certSerialId: null}9df5af2a-73e5-4e4a-9c0b-ccd89ab155b9{ip: 192.168.151.109, host: pr-hdds-1984-zmhd5-2369693365, networkLocation: /default-rack, certSerialId: null}337eeeca-189e-484a-8ae8-9f26fc3b75ba{ip: 192.168.151.109, host: pr-hdds-1984-zmhd5-2369693365, networkLocation: /default-rack, certSerialId: null}, Type:RATIS, Factor:THREE, State:OPEN]
2019-10-01 03:37:30,886 [IPC Server handler 5 on 43031] INFO  net.NetworkTopology (NetworkTopologyImpl.java:add(111)) - Added a new node: /default-rack/c5c3ee98-126e-4756-b6c5-4783d77f7866
2019-10-01 03:37:30,886 [IPC Server handler 5 on 43031] INFO  node.SCMNodeManager (SCMNodeManager.java:register(266)) - Registered Data node : c5c3ee98-126e-4756-b6c5-4783d77f7866{ip: 192.168.151.109, host: pr-hdds-1984-zmhd5-2369693365, networkLocation: /default-rack, certSerialId: null}
2019-10-01 03:37:30,894 [grpc-default-executor-1] INFO  impl.RaftServerProxy (RaftServerProxy.java:addNew(89)) - 28aaf889-d1e2-47f9-961b-1305f40e494b: addNew group-6543FDC63F5D:[28aaf889-d1e2-47f9-961b-1305f40e494b:192.168.151.109:34408] returns group-6543FDC63F5D:java.util.concurrent.CompletableFuture@2a7e415f[Not completed]
2019-10-01 03:37:30,897 [pool-237-thread-1] INFO  impl.RaftServerImpl (RaftServerImpl.java:<init>(95)) - 28aaf889-d1e2-47f9-961b-1305f40e494b: new RaftServerImpl for group-6543FDC63F5D:[28aaf889-d1e2-47f9-961b-1305f40e494b:192.168.151.109:34408] with ContainerStateMachine:uninitialized
2019-10-01 03:37:30,897 [pool-237-thread-1] INFO  server.RaftServerConfigKeys (ConfUtils.java:logGet(43)) - raft.server.rpc.timeout.min = 5s (custom)
2019-10-01 03:37:30,897 [pool-237-thread-1] INFO  server.RaftServerConfigKeys (ConfUtils.java:logGet(43)) - raft.server.rpc.timeout.max = 5200ms (custom)
2019-10-01 03:37:30,897 [pool-237-thread-1] INFO  server.RaftServerConfigKeys (ConfUtils.java:logGet(43)) - raft.server.rpcslowness.timeout = 120s (custom)
2019-10-01 03:37:30,897 [pool-237-thread-1] INFO  server.RaftServerConfigKeys (ConfUtils.java:logGet(43)) - raft.server.sleep.deviation.threshold = 300 (default)
2019-10-01 03:37:30,897 [pool-237-thread-1] INFO  server.RaftServerConfigKeys (ConfUtils.java:logGet(43)) - raft.server.log.appender.install.snapshot.enabled = false (custom)
2019-10-01 03:37:30,897 [pool-237-thread-1] INFO  impl.RaftServerImpl (ServerState.java:<init>(103)) - 28aaf889-d1e2-47f9-961b-1305f40e494b@group-6543FDC63F5D: ConfigurationManager, init=-1: [28aaf889-d1e2-47f9-961b-1305f40e494b:192.168.151.109:34408], old=null, confs=<EMPTY_MAP>
2019-10-01 03:37:30,898 [pool-237-thread-1] INFO  server.RaftServerConfigKeys (ConfUtils.java:logGet(43)) - raft.server.storage.dir = [/workdir/hadoop-ozone/integration-test/target/test-dir/MiniOzoneClusterImpl-36867613-8ee7-4520-b00b-3b3d201fc0d0/datanode-3/data/ratis] (custom)
2019-10-01 03:37:30,898 [pool-237-thread-1] INFO  server.RaftServerConfigKeys (ConfUtils.java:logGet(43)) - raft.server.log.corruption.policy = EXCEPTION (default)
2019-10-01 03:37:30,898 [pool-237-thread-1] INFO  storage.RaftStorageDirectory (RaftStorageDirectory.java:analyzeStorage(246)) - The storage directory /workdir/hadoop-ozone/integration-test/target/test-dir/MiniOzoneClusterImpl-36867613-8ee7-4520-b00b-3b3d201fc0d0/datanode-3/data/ratis/2705ac2a-073a-4299-a487-6543fdc63f5d does not exist. Creating ...
2019-10-01 03:37:30,910 [pool-237-thread-1] INFO  storage.RaftStorageDirectory (RaftStorageDirectory.java:tryLock(328)) - Lock on /workdir/hadoop-ozone/integration-test/target/test-dir/MiniOzoneClusterImpl-36867613-8ee7-4520-b00b-3b3d201fc0d0/datanode-3/data/ratis/2705ac2a-073a-4299-a487-6543fdc63f5d/in_use.lock acquired by nodename 20914@pr-hdds-1984-zmhd5-2369693365
2019-10-01 03:37:30,923 [pool-237-thread-1] INFO  storage.RaftStorage (RaftStorage.java:format(84)) - Storage directory /workdir/hadoop-ozone/integration-test/target/test-dir/MiniOzoneClusterImpl-36867613-8ee7-4520-b00b-3b3d201fc0d0/datanode-3/data/ratis/2705ac2a-073a-4299-a487-6543fdc63f5d has been successfully formatted.
2019-10-01 03:37:30,923 [pool-237-thread-1] INFO  ratis.ContainerStateMachine (ContainerStateMachine.java:loadSnapshot(230)) - group-6543FDC63F5D: The snapshot info is null. Setting the last applied indexto:(t:0, i:~)
2019-10-01 03:37:30,923 [pool-237-thread-1] INFO  server.RaftServerConfigKeys (ConfUtils.java:logGet(43)) - raft.server.notification.no-leader.timeout = 120s (custom)
2019-10-01 03:37:30,923 [pool-237-thread-1] INFO  server.RaftServerConfigKeys (ConfUtils.java:logGet(43)) - raft.server.log.use.memory = false (default)
2019-10-01 03:37:30,923 [pool-237-thread-1] INFO  server.RaftServerConfigKeys (ConfUtils.java:logGet(43)) - raft.server.log.purge.gap = 1000000 (custom)
2019-10-01 03:37:30,923 [pool-237-thread-1] INFO  server.RaftServerConfigKeys (ConfUtils.java:logGet(43)) - raft.server.log.appender.buffer.byte-limit = 33554432 (custom)
2019-10-01 03:37:30,923 [pool-237-thread-1] INFO  server.RaftServerConfigKeys (ConfUtils.java:logGet(43)) - raft.server.log.segment.size.max = 1048576 (custom)
2019-10-01 03:37:30,925 [pool-237-thread-1] INFO  server.RaftServerConfigKeys (ConfUtils.java:logGet(43)) - raft.server.log.segment.cache.num.max = 2 (custom)
2019-10-01 03:37:30,925 [pool-237-thread-1] INFO  segmented.SegmentedRaftLogWorker (SegmentedRaftLogWorker.java:<init>(173)) - new 28aaf889-d1e2-47f9-961b-1305f40e494b@group-6543FDC63F5D-SegmentedRaftLogWorker for RaftStorage:Storage Directory /workdir/hadoop-ozone/integration-test/target/test-dir/MiniOzoneClusterImpl-36867613-8ee7-4520-b00b-3b3d201fc0d0/datanode-3/data/ratis/2705ac2a-073a-4299-a487-6543fdc63f5d
2019-10-01 03:37:30,925 [pool-237-thread-1] INFO  server.RaftServerConfigKeys (ConfUtils.java:logGet(43)) - raft.server.log.queue.byte-limit = 2147483647 (custom)
2019-10-01 03:37:30,925 [pool-237-thread-1] INFO  server.RaftServerConfigKeys (ConfUtils.java:logGet(43)) - raft.server.log.queue.element-limit = 1024 (custom)
2019-10-01 03:37:30,925 [pool-237-thread-1] INFO  server.RaftServerConfigKeys (ConfUtils.java:logGet(43)) - raft.server.log.segment.size.max = 1048576 (custom)
2019-10-01 03:37:30,925 [pool-237-thread-1] INFO  server.RaftServerConfigKeys (ConfUtils.java:logGet(43)) - raft.server.log.preallocated.size = 16384 (custom)
2019-10-01 03:37:30,925 [pool-237-thread-1] INFO  server.RaftServerConfigKeys (ConfUtils.java:logGet(43)) - raft.server.log.write.buffer.size = 33554432 (custom)
2019-10-01 03:37:30,925 [pool-237-thread-1] INFO  server.RaftServerConfigKeys (ConfUtils.java:logGet(43)) - raft.server.log.force.sync.num = 128 (default)
2019-10-01 03:37:30,925 [pool-237-thread-1] INFO  server.RaftServerConfigKeys (ConfUtils.java:logGet(43)) - raft.server.log.statemachine.data.sync = true (default)
2019-10-01 03:37:30,925 [pool-237-thread-1] INFO  server.RaftServerConfigKeys (ConfUtils.java:logGet(43)) - raft.server.log.statemachine.data.sync.timeout = 10s (default)
2019-10-01 03:37:30,925 [pool-237-thread-1] INFO  server.RaftServerConfigKeys (ConfUtils.java:logGet(43)) - raft.server.log.statemachine.data.sync.timeout.retry = -1 (default)
2019-10-01 03:37:30,926 [pool-237-thread-1] INFO  server.RaftServerConfigKeys (ConfUtils.java:logGet(43)) - raft.server.log.statemachine.data.caching.enabled = true (custom)
2019-10-01 03:37:30,926 [pool-237-thread-1] INFO  segmented.SegmentedRaftLogWorker (SegmentedRaftLogWorker.java:lambda$new$0(128)) - 28aaf889-d1e2-47f9-961b-1305f40e494b@group-6543FDC63F5D-SegmentedRaftLogWorker: flushIndex: setUnconditionally 0 -> -1
2019-10-01 03:37:30,926 [pool-237-thread-1] INFO  server.RaftServerConfigKeys (ConfUtils.java:logGet(43)) - raft.server.snapshot.auto.trigger.enabled = true (custom)
2019-10-01 03:37:30,926 [pool-237-thread-1] INFO  server.RaftServerConfigKeys (ConfUtils.java:logGet(43)) - raft.server.snapshot.auto.trigger.threshold = 10000 (custom)
2019-10-01 03:37:30,926 [pool-237-thread-1] INFO  server.RaftServerConfigKeys (ConfUtils.java:logGet(43)) - raft.server.snapshot.retention.file.num = 5 (custom)
2019-10-01 03:37:30,926 [pool-237-thread-1] INFO  server.RaftServerConfigKeys (ConfUtils.java:logGet(43)) - raft.server.retrycache.expirytime = 600000ms (custom)
2019-10-01 03:37:30,928 [pool-237-thread-1] INFO  impl.RaftServerImpl (RaftServerImpl.java:start(181)) - 28aaf889-d1e2-47f9-961b-1305f40e494b@group-6543FDC63F5D: start as a follower, conf=-1: [28aaf889-d1e2-47f9-961b-1305f40e494b:192.168.151.109:34408], old=null
2019-10-01 03:37:30,928 [pool-237-thread-1] INFO  impl.RaftServerImpl (RaftServerImpl.java:setRole(170)) - 28aaf889-d1e2-47f9-961b-1305f40e494b@group-6543FDC63F5D: changes role from      null to FOLLOWER at term 0 for startAsFollower
2019-10-01 03:37:30,928 [pool-237-thread-1] INFO  impl.RoleInfo (RoleInfo.java:updateAndGet(143)) - 28aaf889-d1e2-47f9-961b-1305f40e494b: start FollowerState
2019-10-01 03:37:30,929 [pool-237-thread-1] INFO  util.JmxRegister (JmxRegister.java:tryRegister(44)) - Successfully registered JMX Bean with object name Ratis:service=RaftServer,group=group-6543FDC63F5D,id=28aaf889-d1e2-47f9-961b-1305f40e494b
2019-10-01 03:37:30,934 [RatisPipelineUtilsThread] INFO  pipeline.PipelineStateManager (PipelineStateManager.java:addPipeline(56)) - Created pipeline Pipeline[ Id: 2705ac2a-073a-4299-a487-6543fdc63f5d, Nodes: 28aaf889-d1e2-47f9-961b-1305f40e494b{ip: 192.168.151.109, host: pr-hdds-1984-zmhd5-2369693365, networkLocation: /default-rack, certSerialId: null}, Type:RATIS, Factor:ONE, State:OPEN]
2019-10-01 03:37:30,942 [grpc-default-executor-1] INFO  impl.RaftServerProxy (RaftServerProxy.java:addNew(89)) - c5c3ee98-126e-4756-b6c5-4783d77f7866: addNew group-2233BCB1675A:[c5c3ee98-126e-4756-b6c5-4783d77f7866:192.168.151.109:36754] returns group-2233BCB1675A:java.util.concurrent.CompletableFuture@50b89689[Not completed]
2019-10-01 03:37:30,943 [IPC Server handler 6 on 43031] INFO  net.NetworkTopology (NetworkTopologyImpl.java:add(111)) - Added a new node: /default-rack/dde6dfee-c234-49d8-8ff6-60b9a3571463
2019-10-01 03:37:30,943 [IPC Server handler 6 on 43031] INFO  node.SCMNodeManager (SCMNodeManager.java:register(266)) - Registered Data node : dde6dfee-c234-49d8-8ff6-60b9a3571463{ip: 192.168.151.109, host: pr-hdds-1984-zmhd5-2369693365, networkLocation: /default-rack, certSerialId: null}
2019-10-01 03:37:30,943 [pool-247-thread-1] INFO  impl.RaftServerImpl (RaftServerImpl.java:<init>(95)) - c5c3ee98-126e-4756-b6c5-4783d77f7866: new RaftServerImpl for group-2233BCB1675A:[c5c3ee98-126e-4756-b6c5-4783d77f7866:192.168.151.109:36754] with ContainerStateMachine:uninitialized
2019-10-01 03:37:30,943 [pool-247-thread-1] INFO  server.RaftServerConfigKeys (ConfUtils.java:logGet(43)) - raft.server.rpc.timeout.min = 5s (custom)
2019-10-01 03:37:30,943 [pool-247-thread-1] INFO  server.RaftServerConfigKeys (ConfUtils.java:logGet(43)) - raft.server.rpc.timeout.max = 5200ms (custom)
2019-10-01 03:37:30,944 [pool-247-thread-1] INFO  server.RaftServerConfigKeys (ConfUtils.java:logGet(43)) - raft.server.rpcslowness.timeout = 120s (custom)
2019-10-01 03:37:30,944 [pool-247-thread-1] INFO  server.RaftServerConfigKeys (ConfUtils.java:logGet(43)) - raft.server.sleep.deviation.threshold = 300 (default)
2019-10-01 03:37:30,944 [pool-247-thread-1] INFO  server.RaftServerConfigKeys (ConfUtils.java:logGet(43)) - raft.server.log.appender.install.snapshot.enabled = false (custom)
2019-10-01 03:37:30,944 [pool-247-thread-1] INFO  impl.RaftServerImpl (ServerState.java:<init>(103)) - c5c3ee98-126e-4756-b6c5-4783d77f7866@group-2233BCB1675A: ConfigurationManager, init=-1: [c5c3ee98-126e-4756-b6c5-4783d77f7866:192.168.151.109:36754], old=null, confs=<EMPTY_MAP>
2019-10-01 03:37:30,944 [pool-247-thread-1] INFO  server.RaftServerConfigKeys (ConfUtils.java:logGet(43)) - raft.server.storage.dir = [/workdir/hadoop-ozone/integration-test/target/test-dir/MiniOzoneClusterImpl-36867613-8ee7-4520-b00b-3b3d201fc0d0/datanode-4/data/ratis] (custom)
2019-10-01 03:37:30,944 [pool-247-thread-1] INFO  server.RaftServerConfigKeys (ConfUtils.java:logGet(43)) - raft.server.log.corruption.policy = EXCEPTION (default)
2019-10-01 03:37:30,944 [pool-247-thread-1] INFO  storage.RaftStorageDirectory (RaftStorageDirectory.java:analyzeStorage(246)) - The storage directory /workdir/hadoop-ozone/integration-test/target/test-dir/MiniOzoneClusterImpl-36867613-8ee7-4520-b00b-3b3d201fc0d0/datanode-4/data/ratis/7a4458df-7526-4415-a06c-2233bcb1675a does not exist. Creating ...
2019-10-01 03:37:30,952 [pool-247-thread-1] INFO  storage.RaftStorageDirectory (RaftStorageDirectory.java:tryLock(328)) - Lock on /workdir/hadoop-ozone/integration-test/target/test-dir/MiniOzoneClusterImpl-36867613-8ee7-4520-b00b-3b3d201fc0d0/datanode-4/data/ratis/7a4458df-7526-4415-a06c-2233bcb1675a/in_use.lock acquired by nodename 20914@pr-hdds-1984-zmhd5-2369693365
2019-10-01 03:37:30,965 [pool-247-thread-1] INFO  storage.RaftStorage (RaftStorage.java:format(84)) - Storage directory /workdir/hadoop-ozone/integration-test/target/test-dir/MiniOzoneClusterImpl-36867613-8ee7-4520-b00b-3b3d201fc0d0/datanode-4/data/ratis/7a4458df-7526-4415-a06c-2233bcb1675a has been successfully formatted.
2019-10-01 03:37:30,965 [pool-247-thread-1] INFO  ratis.ContainerStateMachine (ContainerStateMachine.java:loadSnapshot(230)) - group-2233BCB1675A: The snapshot info is null. Setting the last applied indexto:(t:0, i:~)
2019-10-01 03:37:30,965 [pool-247-thread-1] INFO  server.RaftServerConfigKeys (ConfUtils.java:logGet(43)) - raft.server.notification.no-leader.timeout = 120s (custom)
2019-10-01 03:37:30,965 [pool-247-thread-1] INFO  server.RaftServerConfigKeys (ConfUtils.java:logGet(43)) - raft.server.log.use.memory = false (default)
2019-10-01 03:37:30,965 [pool-247-thread-1] INFO  server.RaftServerConfigKeys (ConfUtils.java:logGet(43)) - raft.server.log.purge.gap = 1000000 (custom)
2019-10-01 03:37:30,965 [pool-247-thread-1] INFO  server.RaftServerConfigKeys (ConfUtils.java:logGet(43)) - raft.server.log.appender.buffer.byte-limit = 33554432 (custom)
2019-10-01 03:37:30,966 [pool-247-thread-1] INFO  server.RaftServerConfigKeys (ConfUtils.java:logGet(43)) - raft.server.log.segment.size.max = 1048576 (custom)
2019-10-01 03:37:30,967 [pool-247-thread-1] INFO  server.RaftServerConfigKeys (ConfUtils.java:logGet(43)) - raft.server.log.segment.cache.num.max = 2 (custom)
2019-10-01 03:37:30,968 [pool-247-thread-1] INFO  segmented.SegmentedRaftLogWorker (SegmentedRaftLogWorker.java:<init>(173)) - new c5c3ee98-126e-4756-b6c5-4783d77f7866@group-2233BCB1675A-SegmentedRaftLogWorker for RaftStorage:Storage Directory /workdir/hadoop-ozone/integration-test/target/test-dir/MiniOzoneClusterImpl-36867613-8ee7-4520-b00b-3b3d201fc0d0/datanode-4/data/ratis/7a4458df-7526-4415-a06c-2233bcb1675a
2019-10-01 03:37:30,968 [pool-247-thread-1] INFO  server.RaftServerConfigKeys (ConfUtils.java:logGet(43)) - raft.server.log.queue.byte-limit = 2147483647 (custom)
2019-10-01 03:37:30,968 [pool-247-thread-1] INFO  server.RaftServerConfigKeys (ConfUtils.java:logGet(43)) - raft.server.log.queue.element-limit = 1024 (custom)
2019-10-01 03:37:30,968 [pool-247-thread-1] INFO  server.RaftServerConfigKeys (ConfUtils.java:logGet(43)) - raft.server.log.segment.size.max = 1048576 (custom)
2019-10-01 03:37:30,968 [pool-247-thread-1] INFO  server.RaftServerConfigKeys (ConfUtils.java:logGet(43)) - raft.server.log.preallocated.size = 16384 (custom)
2019-10-01 03:37:30,968 [pool-247-thread-1] INFO  server.RaftServerConfigKeys (ConfUtils.java:logGet(43)) - raft.server.log.write.buffer.size = 33554432 (custom)
2019-10-01 03:37:30,968 [pool-247-thread-1] INFO  server.RaftServerConfigKeys (ConfUtils.java:logGet(43)) - raft.server.log.force.sync.num = 128 (default)
2019-10-01 03:37:30,968 [pool-247-thread-1] INFO  server.RaftServerConfigKeys (ConfUtils.java:logGet(43)) - raft.server.log.statemachine.data.sync = true (default)
2019-10-01 03:37:30,969 [pool-247-thread-1] INFO  server.RaftServerConfigKeys (ConfUtils.java:logGet(43)) - raft.server.log.statemachine.data.sync.timeout = 10s (default)
2019-10-01 03:37:30,969 [pool-247-thread-1] INFO  server.RaftServerConfigKeys (ConfUtils.java:logGet(43)) - raft.server.log.statemachine.data.sync.timeout.retry = -1 (default)
2019-10-01 03:37:30,969 [pool-247-thread-1] INFO  server.RaftServerConfigKeys (ConfUtils.java:logGet(43)) - raft.server.log.statemachine.data.caching.enabled = true (custom)
2019-10-01 03:37:30,969 [pool-247-thread-1] INFO  segmented.SegmentedRaftLogWorker (SegmentedRaftLogWorker.java:lambda$new$0(128)) - c5c3ee98-126e-4756-b6c5-4783d77f7866@group-2233BCB1675A-SegmentedRaftLogWorker: flushIndex: setUnconditionally 0 -> -1
2019-10-01 03:37:30,970 [pool-247-thread-1] INFO  server.RaftServerConfigKeys (ConfUtils.java:logGet(43)) - raft.server.snapshot.auto.trigger.enabled = true (custom)
2019-10-01 03:37:30,970 [pool-247-thread-1] INFO  server.RaftServerConfigKeys (ConfUtils.java:logGet(43)) - raft.server.snapshot.auto.trigger.threshold = 10000 (custom)
2019-10-01 03:37:30,970 [pool-247-thread-1] INFO  server.RaftServerConfigKeys (ConfUtils.java:logGet(43)) - raft.server.snapshot.retention.file.num = 5 (custom)
2019-10-01 03:37:30,970 [pool-247-thread-1] INFO  server.RaftServerConfigKeys (ConfUtils.java:logGet(43)) - raft.server.retrycache.expirytime = 600000ms (custom)
2019-10-01 03:37:30,972 [pool-247-thread-1] INFO  impl.RaftServerImpl (RaftServerImpl.java:start(181)) - c5c3ee98-126e-4756-b6c5-4783d77f7866@group-2233BCB1675A: start as a follower, conf=-1: [c5c3ee98-126e-4756-b6c5-4783d77f7866:192.168.151.109:36754], old=null
2019-10-01 03:37:30,973 [pool-247-thread-1] INFO  impl.RaftServerImpl (RaftServerImpl.java:setRole(170)) - c5c3ee98-126e-4756-b6c5-4783d77f7866@group-2233BCB1675A: changes role from      null to FOLLOWER at term 0 for startAsFollower
2019-10-01 03:37:30,973 [pool-247-thread-1] INFO  impl.RoleInfo (RoleInfo.java:updateAndGet(143)) - c5c3ee98-126e-4756-b6c5-4783d77f7866: start FollowerState
2019-10-01 03:37:30,973 [pool-247-thread-1] INFO  util.JmxRegister (JmxRegister.java:tryRegister(44)) - Successfully registered JMX Bean with object name Ratis:service=RaftServer,group=group-2233BCB1675A,id=c5c3ee98-126e-4756-b6c5-4783d77f7866
2019-10-01 03:37:30,981 [RatisPipelineUtilsThread] INFO  pipeline.PipelineStateManager (PipelineStateManager.java:addPipeline(56)) - Created pipeline Pipeline[ Id: 7a4458df-7526-4415-a06c-2233bcb1675a, Nodes: c5c3ee98-126e-4756-b6c5-4783d77f7866{ip: 192.168.151.109, host: pr-hdds-1984-zmhd5-2369693365, networkLocation: /default-rack, certSerialId: null}, Type:RATIS, Factor:ONE, State:OPEN]
2019-10-01 03:37:30,995 [grpc-default-executor-1] INFO  impl.RaftServerProxy (RaftServerProxy.java:addNew(89)) - dde6dfee-c234-49d8-8ff6-60b9a3571463: addNew group-9B2D0244CEF2:[dde6dfee-c234-49d8-8ff6-60b9a3571463:192.168.151.109:45910] returns group-9B2D0244CEF2:java.util.concurrent.CompletableFuture@6e474161[Not completed]
2019-10-01 03:37:30,997 [pool-257-thread-1] INFO  impl.RaftServerImpl (RaftServerImpl.java:<init>(95)) - dde6dfee-c234-49d8-8ff6-60b9a3571463: new RaftServerImpl for group-9B2D0244CEF2:[dde6dfee-c234-49d8-8ff6-60b9a3571463:192.168.151.109:45910] with ContainerStateMachine:uninitialized
2019-10-01 03:37:30,997 [pool-257-thread-1] INFO  server.RaftServerConfigKeys (ConfUtils.java:logGet(43)) - raft.server.rpc.timeout.min = 5s (custom)
2019-10-01 03:37:30,997 [pool-257-thread-1] INFO  server.RaftServerConfigKeys (ConfUtils.java:logGet(43)) - raft.server.rpc.timeout.max = 5200ms (custom)
2019-10-01 03:37:30,997 [pool-257-thread-1] INFO  server.RaftServerConfigKeys (ConfUtils.java:logGet(43)) - raft.server.rpcslowness.timeout = 120s (custom)
2019-10-01 03:37:30,997 [pool-257-thread-1] INFO  server.RaftServerConfigKeys (ConfUtils.java:logGet(43)) - raft.server.sleep.deviation.threshold = 300 (default)
2019-10-01 03:37:30,998 [pool-257-thread-1] INFO  server.RaftServerConfigKeys (ConfUtils.java:logGet(43)) - raft.server.log.appender.install.snapshot.enabled = false (custom)
2019-10-01 03:37:30,998 [pool-257-thread-1] INFO  impl.RaftServerImpl (ServerState.java:<init>(103)) - dde6dfee-c234-49d8-8ff6-60b9a3571463@group-9B2D0244CEF2: ConfigurationManager, init=-1: [dde6dfee-c234-49d8-8ff6-60b9a3571463:192.168.151.109:45910], old=null, confs=<EMPTY_MAP>
2019-10-01 03:37:30,998 [pool-257-thread-1] INFO  server.RaftServerConfigKeys (ConfUtils.java:logGet(43)) - raft.server.storage.dir = [/workdir/hadoop-ozone/integration-test/target/test-dir/MiniOzoneClusterImpl-36867613-8ee7-4520-b00b-3b3d201fc0d0/datanode-5/data/ratis] (custom)
2019-10-01 03:37:30,998 [pool-257-thread-1] INFO  server.RaftServerConfigKeys (ConfUtils.java:logGet(43)) - raft.server.log.corruption.policy = EXCEPTION (default)
2019-10-01 03:37:30,999 [pool-257-thread-1] INFO  storage.RaftStorageDirectory (RaftStorageDirectory.java:analyzeStorage(246)) - The storage directory /workdir/hadoop-ozone/integration-test/target/test-dir/MiniOzoneClusterImpl-36867613-8ee7-4520-b00b-3b3d201fc0d0/datanode-5/data/ratis/3f94e1ad-faf2-479e-9db6-9b2d0244cef2 does not exist. Creating ...
2019-10-01 03:37:31,012 [pool-257-thread-1] INFO  storage.RaftStorageDirectory (RaftStorageDirectory.java:tryLock(328)) - Lock on /workdir/hadoop-ozone/integration-test/target/test-dir/MiniOzoneClusterImpl-36867613-8ee7-4520-b00b-3b3d201fc0d0/datanode-5/data/ratis/3f94e1ad-faf2-479e-9db6-9b2d0244cef2/in_use.lock acquired by nodename 20914@pr-hdds-1984-zmhd5-2369693365
2019-10-01 03:37:31,015 [main] INFO  ozone.MiniOzoneClusterImpl (MiniOzoneClusterImpl.java:lambda$waitForClusterToBeReady$0(147)) - Waiting for cluster to be ready. Got 6 of 7 DN Heartbeats.
2019-10-01 03:37:31,016 [IPC Server handler 7 on 43031] INFO  net.NetworkTopology (NetworkTopologyImpl.java:add(111)) - Added a new node: /default-rack/38045bdc-efe1-41de-b10f-282aa371af62
2019-10-01 03:37:31,016 [IPC Server handler 7 on 43031] INFO  node.SCMNodeManager (SCMNodeManager.java:register(266)) - Registered Data node : 38045bdc-efe1-41de-b10f-282aa371af62{ip: 192.168.151.109, host: pr-hdds-1984-zmhd5-2369693365, networkLocation: /default-rack, certSerialId: null}
2019-10-01 03:37:31,026 [pool-257-thread-1] INFO  storage.RaftStorage (RaftStorage.java:format(84)) - Storage directory /workdir/hadoop-ozone/integration-test/target/test-dir/MiniOzoneClusterImpl-36867613-8ee7-4520-b00b-3b3d201fc0d0/datanode-5/data/ratis/3f94e1ad-faf2-479e-9db6-9b2d0244cef2 has been successfully formatted.
2019-10-01 03:37:31,027 [pool-257-thread-1] INFO  ratis.ContainerStateMachine (ContainerStateMachine.java:loadSnapshot(230)) - group-9B2D0244CEF2: The snapshot info is null. Setting the last applied indexto:(t:0, i:~)
2019-10-01 03:37:31,027 [pool-257-thread-1] INFO  server.RaftServerConfigKeys (ConfUtils.java:logGet(43)) - raft.server.notification.no-leader.timeout = 120s (custom)
2019-10-01 03:37:31,027 [pool-257-thread-1] INFO  server.RaftServerConfigKeys (ConfUtils.java:logGet(43)) - raft.server.log.use.memory = false (default)
2019-10-01 03:37:31,027 [pool-257-thread-1] INFO  server.RaftServerConfigKeys (ConfUtils.java:logGet(43)) - raft.server.log.purge.gap = 1000000 (custom)
2019-10-01 03:37:31,028 [pool-257-thread-1] INFO  server.RaftServerConfigKeys (ConfUtils.java:logGet(43)) - raft.server.log.appender.buffer.byte-limit = 33554432 (custom)
2019-10-01 03:37:31,028 [pool-257-thread-1] INFO  server.RaftServerConfigKeys (ConfUtils.java:logGet(43)) - raft.server.log.segment.size.max = 1048576 (custom)
2019-10-01 03:37:31,030 [pool-257-thread-1] INFO  server.RaftServerConfigKeys (ConfUtils.java:logGet(43)) - raft.server.log.segment.cache.num.max = 2 (custom)
2019-10-01 03:37:31,030 [pool-257-thread-1] INFO  segmented.SegmentedRaftLogWorker (SegmentedRaftLogWorker.java:<init>(173)) - new dde6dfee-c234-49d8-8ff6-60b9a3571463@group-9B2D0244CEF2-SegmentedRaftLogWorker for RaftStorage:Storage Directory /workdir/hadoop-ozone/integration-test/target/test-dir/MiniOzoneClusterImpl-36867613-8ee7-4520-b00b-3b3d201fc0d0/datanode-5/data/ratis/3f94e1ad-faf2-479e-9db6-9b2d0244cef2
2019-10-01 03:37:31,030 [pool-257-thread-1] INFO  server.RaftServerConfigKeys (ConfUtils.java:logGet(43)) - raft.server.log.queue.byte-limit = 2147483647 (custom)
2019-10-01 03:37:31,031 [pool-257-thread-1] INFO  server.RaftServerConfigKeys (ConfUtils.java:logGet(43)) - raft.server.log.queue.element-limit = 1024 (custom)
2019-10-01 03:37:31,031 [pool-257-thread-1] INFO  server.RaftServerConfigKeys (ConfUtils.java:logGet(43)) - raft.server.log.segment.size.max = 1048576 (custom)
2019-10-01 03:37:31,031 [pool-257-thread-1] INFO  server.RaftServerConfigKeys (ConfUtils.java:logGet(43)) - raft.server.log.preallocated.size = 16384 (custom)
2019-10-01 03:37:31,031 [pool-257-thread-1] INFO  server.RaftServerConfigKeys (ConfUtils.java:logGet(43)) - raft.server.log.write.buffer.size = 33554432 (custom)
2019-10-01 03:37:31,031 [pool-257-thread-1] INFO  server.RaftServerConfigKeys (ConfUtils.java:logGet(43)) - raft.server.log.force.sync.num = 128 (default)
2019-10-01 03:37:31,031 [pool-257-thread-1] INFO  server.RaftServerConfigKeys (ConfUtils.java:logGet(43)) - raft.server.log.statemachine.data.sync = true (default)
2019-10-01 03:37:31,032 [pool-257-thread-1] INFO  server.RaftServerConfigKeys (ConfUtils.java:logGet(43)) - raft.server.log.statemachine.data.sync.timeout = 10s (default)
2019-10-01 03:37:31,032 [pool-257-thread-1] INFO  server.RaftServerConfigKeys (ConfUtils.java:logGet(43)) - raft.server.log.statemachine.data.sync.timeout.retry = -1 (default)
2019-10-01 03:37:31,032 [pool-257-thread-1] INFO  server.RaftServerConfigKeys (ConfUtils.java:logGet(43)) - raft.server.log.statemachine.data.caching.enabled = true (custom)
2019-10-01 03:37:31,033 [pool-257-thread-1] INFO  segmented.SegmentedRaftLogWorker (SegmentedRaftLogWorker.java:lambda$new$0(128)) - dde6dfee-c234-49d8-8ff6-60b9a3571463@group-9B2D0244CEF2-SegmentedRaftLogWorker: flushIndex: setUnconditionally 0 -> -1
2019-10-01 03:37:31,033 [pool-257-thread-1] INFO  server.RaftServerConfigKeys (ConfUtils.java:logGet(43)) - raft.server.snapshot.auto.trigger.enabled = true (custom)
2019-10-01 03:37:31,033 [pool-257-thread-1] INFO  server.RaftServerConfigKeys (ConfUtils.java:logGet(43)) - raft.server.snapshot.auto.trigger.threshold = 10000 (custom)
2019-10-01 03:37:31,033 [pool-257-thread-1] INFO  server.RaftServerConfigKeys (ConfUtils.java:logGet(43)) - raft.server.snapshot.retention.file.num = 5 (custom)
2019-10-01 03:37:31,034 [pool-257-thread-1] INFO  server.RaftServerConfigKeys (ConfUtils.java:logGet(43)) - raft.server.retrycache.expirytime = 600000ms (custom)
2019-10-01 03:37:31,036 [pool-257-thread-1] INFO  impl.RaftServerImpl (RaftServerImpl.java:start(181)) - dde6dfee-c234-49d8-8ff6-60b9a3571463@group-9B2D0244CEF2: start as a follower, conf=-1: [dde6dfee-c234-49d8-8ff6-60b9a3571463:192.168.151.109:45910], old=null
2019-10-01 03:37:31,036 [pool-257-thread-1] INFO  impl.RaftServerImpl (RaftServerImpl.java:setRole(170)) - dde6dfee-c234-49d8-8ff6-60b9a3571463@group-9B2D0244CEF2: changes role from      null to FOLLOWER at term 0 for startAsFollower
2019-10-01 03:37:31,036 [pool-257-thread-1] INFO  impl.RoleInfo (RoleInfo.java:updateAndGet(143)) - dde6dfee-c234-49d8-8ff6-60b9a3571463: start FollowerState
2019-10-01 03:37:31,037 [pool-257-thread-1] INFO  util.JmxRegister (JmxRegister.java:tryRegister(44)) - Successfully registered JMX Bean with object name Ratis:service=RaftServer,group=group-9B2D0244CEF2,id=dde6dfee-c234-49d8-8ff6-60b9a3571463
2019-10-01 03:37:31,045 [RatisPipelineUtilsThread] INFO  pipeline.PipelineStateManager (PipelineStateManager.java:addPipeline(56)) - Created pipeline Pipeline[ Id: 3f94e1ad-faf2-479e-9db6-9b2d0244cef2, Nodes: dde6dfee-c234-49d8-8ff6-60b9a3571463{ip: 192.168.151.109, host: pr-hdds-1984-zmhd5-2369693365, networkLocation: /default-rack, certSerialId: null}, Type:RATIS, Factor:ONE, State:OPEN]
2019-10-01 03:37:31,054 [grpc-default-executor-1] INFO  impl.RaftServerProxy (RaftServerProxy.java:addNew(89)) - 38045bdc-efe1-41de-b10f-282aa371af62: addNew group-74BC1E1D43C8:[38045bdc-efe1-41de-b10f-282aa371af62:192.168.151.109:33776] returns group-74BC1E1D43C8:java.util.concurrent.CompletableFuture@2eddfb86[Not completed]
2019-10-01 03:37:31,055 [pool-267-thread-1] INFO  impl.RaftServerImpl (RaftServerImpl.java:<init>(95)) - 38045bdc-efe1-41de-b10f-282aa371af62: new RaftServerImpl for group-74BC1E1D43C8:[38045bdc-efe1-41de-b10f-282aa371af62:192.168.151.109:33776] with ContainerStateMachine:uninitialized
2019-10-01 03:37:31,056 [pool-267-thread-1] INFO  server.RaftServerConfigKeys (ConfUtils.java:logGet(43)) - raft.server.rpc.timeout.min = 5s (custom)
2019-10-01 03:37:31,056 [pool-267-thread-1] INFO  server.RaftServerConfigKeys (ConfUtils.java:logGet(43)) - raft.server.rpc.timeout.max = 5200ms (custom)
2019-10-01 03:37:31,056 [pool-267-thread-1] INFO  server.RaftServerConfigKeys (ConfUtils.java:logGet(43)) - raft.server.rpcslowness.timeout = 120s (custom)
2019-10-01 03:37:31,056 [pool-267-thread-1] INFO  server.RaftServerConfigKeys (ConfUtils.java:logGet(43)) - raft.server.sleep.deviation.threshold = 300 (default)
2019-10-01 03:37:31,056 [pool-267-thread-1] INFO  server.RaftServerConfigKeys (ConfUtils.java:logGet(43)) - raft.server.log.appender.install.snapshot.enabled = false (custom)
2019-10-01 03:37:31,056 [pool-267-thread-1] INFO  impl.RaftServerImpl (ServerState.java:<init>(103)) - 38045bdc-efe1-41de-b10f-282aa371af62@group-74BC1E1D43C8: ConfigurationManager, init=-1: [38045bdc-efe1-41de-b10f-282aa371af62:192.168.151.109:33776], old=null, confs=<EMPTY_MAP>
2019-10-01 03:37:31,056 [pool-267-thread-1] INFO  server.RaftServerConfigKeys (ConfUtils.java:logGet(43)) - raft.server.storage.dir = [/workdir/hadoop-ozone/integration-test/target/test-dir/MiniOzoneClusterImpl-36867613-8ee7-4520-b00b-3b3d201fc0d0/datanode-6/data/ratis] (custom)
2019-10-01 03:37:31,057 [pool-267-thread-1] INFO  server.RaftServerConfigKeys (ConfUtils.java:logGet(43)) - raft.server.log.corruption.policy = EXCEPTION (default)
2019-10-01 03:37:31,057 [pool-267-thread-1] INFO  storage.RaftStorageDirectory (RaftStorageDirectory.java:analyzeStorage(246)) - The storage directory /workdir/hadoop-ozone/integration-test/target/test-dir/MiniOzoneClusterImpl-36867613-8ee7-4520-b00b-3b3d201fc0d0/datanode-6/data/ratis/3e893802-18ca-4c2b-a97f-74bc1e1d43c8 does not exist. Creating ...
2019-10-01 03:37:31,068 [pool-267-thread-1] INFO  storage.RaftStorageDirectory (RaftStorageDirectory.java:tryLock(328)) - Lock on /workdir/hadoop-ozone/integration-test/target/test-dir/MiniOzoneClusterImpl-36867613-8ee7-4520-b00b-3b3d201fc0d0/datanode-6/data/ratis/3e893802-18ca-4c2b-a97f-74bc1e1d43c8/in_use.lock acquired by nodename 20914@pr-hdds-1984-zmhd5-2369693365
2019-10-01 03:37:31,081 [pool-267-thread-1] INFO  storage.RaftStorage (RaftStorage.java:format(84)) - Storage directory /workdir/hadoop-ozone/integration-test/target/test-dir/MiniOzoneClusterImpl-36867613-8ee7-4520-b00b-3b3d201fc0d0/datanode-6/data/ratis/3e893802-18ca-4c2b-a97f-74bc1e1d43c8 has been successfully formatted.
2019-10-01 03:37:31,082 [pool-267-thread-1] INFO  ratis.ContainerStateMachine (ContainerStateMachine.java:loadSnapshot(230)) - group-74BC1E1D43C8: The snapshot info is null. Setting the last applied indexto:(t:0, i:~)
2019-10-01 03:37:31,082 [pool-267-thread-1] INFO  server.RaftServerConfigKeys (ConfUtils.java:logGet(43)) - raft.server.notification.no-leader.timeout = 120s (custom)
2019-10-01 03:37:31,082 [pool-267-thread-1] INFO  server.RaftServerConfigKeys (ConfUtils.java:logGet(43)) - raft.server.log.use.memory = false (default)
2019-10-01 03:37:31,082 [pool-267-thread-1] INFO  server.RaftServerConfigKeys (ConfUtils.java:logGet(43)) - raft.server.log.purge.gap = 1000000 (custom)
2019-10-01 03:37:31,082 [pool-267-thread-1] INFO  server.RaftServerConfigKeys (ConfUtils.java:logGet(43)) - raft.server.log.appender.buffer.byte-limit = 33554432 (custom)
2019-10-01 03:37:31,082 [pool-267-thread-1] INFO  server.RaftServerConfigKeys (ConfUtils.java:logGet(43)) - raft.server.log.segment.size.max = 1048576 (custom)
2019-10-01 03:37:31,084 [pool-267-thread-1] INFO  server.RaftServerConfigKeys (ConfUtils.java:logGet(43)) - raft.server.log.segment.cache.num.max = 2 (custom)
2019-10-01 03:37:31,084 [pool-267-thread-1] INFO  segmented.SegmentedRaftLogWorker (SegmentedRaftLogWorker.java:<init>(173)) - new 38045bdc-efe1-41de-b10f-282aa371af62@group-74BC1E1D43C8-SegmentedRaftLogWorker for RaftStorage:Storage Directory /workdir/hadoop-ozone/integration-test/target/test-dir/MiniOzoneClusterImpl-36867613-8ee7-4520-b00b-3b3d201fc0d0/datanode-6/data/ratis/3e893802-18ca-4c2b-a97f-74bc1e1d43c8
2019-10-01 03:37:31,084 [pool-267-thread-1] INFO  server.RaftServerConfigKeys (ConfUtils.java:logGet(43)) - raft.server.log.queue.byte-limit = 2147483647 (custom)
2019-10-01 03:37:31,084 [pool-267-thread-1] INFO  server.RaftServerConfigKeys (ConfUtils.java:logGet(43)) - raft.server.log.queue.element-limit = 1024 (custom)
2019-10-01 03:37:31,084 [pool-267-thread-1] INFO  server.RaftServerConfigKeys (ConfUtils.java:logGet(43)) - raft.server.log.segment.size.max = 1048576 (custom)
2019-10-01 03:37:31,084 [pool-267-thread-1] INFO  server.RaftServerConfigKeys (ConfUtils.java:logGet(43)) - raft.server.log.preallocated.size = 16384 (custom)
2019-10-01 03:37:31,085 [pool-267-thread-1] INFO  server.RaftServerConfigKeys (ConfUtils.java:logGet(43)) - raft.server.log.write.buffer.size = 33554432 (custom)
2019-10-01 03:37:31,085 [pool-267-thread-1] INFO  server.RaftServerConfigKeys (ConfUtils.java:logGet(43)) - raft.server.log.force.sync.num = 128 (default)
2019-10-01 03:37:31,085 [pool-267-thread-1] INFO  server.RaftServerConfigKeys (ConfUtils.java:logGet(43)) - raft.server.log.statemachine.data.sync = true (default)
2019-10-01 03:37:31,085 [pool-267-thread-1] INFO  server.RaftServerConfigKeys (ConfUtils.java:logGet(43)) - raft.server.log.statemachine.data.sync.timeout = 10s (default)
2019-10-01 03:37:31,085 [pool-267-thread-1] INFO  server.RaftServerConfigKeys (ConfUtils.java:logGet(43)) - raft.server.log.statemachine.data.sync.timeout.retry = -1 (default)
2019-10-01 03:37:31,085 [pool-267-thread-1] INFO  server.RaftServerConfigKeys (ConfUtils.java:logGet(43)) - raft.server.log.statemachine.data.caching.enabled = true (custom)
2019-10-01 03:37:31,086 [pool-267-thread-1] INFO  segmented.SegmentedRaftLogWorker (SegmentedRaftLogWorker.java:lambda$new$0(128)) - 38045bdc-efe1-41de-b10f-282aa371af62@group-74BC1E1D43C8-SegmentedRaftLogWorker: flushIndex: setUnconditionally 0 -> -1
2019-10-01 03:37:31,086 [pool-267-thread-1] INFO  server.RaftServerConfigKeys (ConfUtils.java:logGet(43)) - raft.server.snapshot.auto.trigger.enabled = true (custom)
2019-10-01 03:37:31,086 [pool-267-thread-1] INFO  server.RaftServerConfigKeys (ConfUtils.java:logGet(43)) - raft.server.snapshot.auto.trigger.threshold = 10000 (custom)
2019-10-01 03:37:31,086 [pool-267-thread-1] INFO  server.RaftServerConfigKeys (ConfUtils.java:logGet(43)) - raft.server.snapshot.retention.file.num = 5 (custom)
2019-10-01 03:37:31,086 [pool-267-thread-1] INFO  server.RaftServerConfigKeys (ConfUtils.java:logGet(43)) - raft.server.retrycache.expirytime = 600000ms (custom)
2019-10-01 03:37:31,088 [pool-267-thread-1] INFO  impl.RaftServerImpl (RaftServerImpl.java:start(181)) - 38045bdc-efe1-41de-b10f-282aa371af62@group-74BC1E1D43C8: start as a follower, conf=-1: [38045bdc-efe1-41de-b10f-282aa371af62:192.168.151.109:33776], old=null
2019-10-01 03:37:31,088 [pool-267-thread-1] INFO  impl.RaftServerImpl (RaftServerImpl.java:setRole(170)) - 38045bdc-efe1-41de-b10f-282aa371af62@group-74BC1E1D43C8: changes role from      null to FOLLOWER at term 0 for startAsFollower
2019-10-01 03:37:31,088 [pool-267-thread-1] INFO  impl.RoleInfo (RoleInfo.java:updateAndGet(143)) - 38045bdc-efe1-41de-b10f-282aa371af62: start FollowerState
2019-10-01 03:37:31,088 [pool-267-thread-1] INFO  util.JmxRegister (JmxRegister.java:tryRegister(44)) - Successfully registered JMX Bean with object name Ratis:service=RaftServer,group=group-74BC1E1D43C8,id=38045bdc-efe1-41de-b10f-282aa371af62
2019-10-01 03:37:31,094 [RatisPipelineUtilsThread] INFO  pipeline.PipelineStateManager (PipelineStateManager.java:addPipeline(56)) - Created pipeline Pipeline[ Id: 3e893802-18ca-4c2b-a97f-74bc1e1d43c8, Nodes: 38045bdc-efe1-41de-b10f-282aa371af62{ip: 192.168.151.109, host: pr-hdds-1984-zmhd5-2369693365, networkLocation: /default-rack, certSerialId: null}, Type:RATIS, Factor:ONE, State:OPEN]
2019-10-01 03:37:31,110 [grpc-default-executor-2] INFO  impl.RaftServerProxy (RaftServerProxy.java:addNew(89)) - 38045bdc-efe1-41de-b10f-282aa371af62: addNew group-6D2CCA170B3E:[38045bdc-efe1-41de-b10f-282aa371af62:192.168.151.109:33776, 28aaf889-d1e2-47f9-961b-1305f40e494b:192.168.151.109:34408, c5c3ee98-126e-4756-b6c5-4783d77f7866:192.168.151.109:36754] returns group-6D2CCA170B3E:java.util.concurrent.CompletableFuture@79e69591[Not completed]
2019-10-01 03:37:31,110 [grpc-default-executor-0] INFO  impl.RaftServerProxy (RaftServerProxy.java:addNew(89)) - 28aaf889-d1e2-47f9-961b-1305f40e494b: addNew group-6D2CCA170B3E:[38045bdc-efe1-41de-b10f-282aa371af62:192.168.151.109:33776, 28aaf889-d1e2-47f9-961b-1305f40e494b:192.168.151.109:34408, c5c3ee98-126e-4756-b6c5-4783d77f7866:192.168.151.109:36754] returns group-6D2CCA170B3E:java.util.concurrent.CompletableFuture@cb303f[Not completed]
2019-10-01 03:37:31,110 [grpc-default-executor-1] INFO  impl.RaftServerProxy (RaftServerProxy.java:addNew(89)) - c5c3ee98-126e-4756-b6c5-4783d77f7866: addNew group-6D2CCA170B3E:[38045bdc-efe1-41de-b10f-282aa371af62:192.168.151.109:33776, 28aaf889-d1e2-47f9-961b-1305f40e494b:192.168.151.109:34408, c5c3ee98-126e-4756-b6c5-4783d77f7866:192.168.151.109:36754] returns group-6D2CCA170B3E:java.util.concurrent.CompletableFuture@7ceb32bd[Not completed]
2019-10-01 03:37:31,112 [pool-267-thread-1] INFO  impl.RaftServerImpl (RaftServerImpl.java:<init>(95)) - 38045bdc-efe1-41de-b10f-282aa371af62: new RaftServerImpl for group-6D2CCA170B3E:[38045bdc-efe1-41de-b10f-282aa371af62:192.168.151.109:33776, 28aaf889-d1e2-47f9-961b-1305f40e494b:192.168.151.109:34408, c5c3ee98-126e-4756-b6c5-4783d77f7866:192.168.151.109:36754] with ContainerStateMachine:uninitialized
2019-10-01 03:37:31,112 [pool-267-thread-1] INFO  server.RaftServerConfigKeys (ConfUtils.java:logGet(43)) - raft.server.rpc.timeout.min = 5s (custom)
2019-10-01 03:37:31,112 [pool-267-thread-1] INFO  server.RaftServerConfigKeys (ConfUtils.java:logGet(43)) - raft.server.rpc.timeout.max = 5200ms (custom)
2019-10-01 03:37:31,113 [pool-267-thread-1] INFO  server.RaftServerConfigKeys (ConfUtils.java:logGet(43)) - raft.server.rpcslowness.timeout = 120s (custom)
2019-10-01 03:37:31,113 [pool-267-thread-1] INFO  server.RaftServerConfigKeys (ConfUtils.java:logGet(43)) - raft.server.sleep.deviation.threshold = 300 (default)
2019-10-01 03:37:31,113 [pool-237-thread-1] INFO  impl.RaftServerImpl (RaftServerImpl.java:<init>(95)) - 28aaf889-d1e2-47f9-961b-1305f40e494b: new RaftServerImpl for group-6D2CCA170B3E:[38045bdc-efe1-41de-b10f-282aa371af62:192.168.151.109:33776, 28aaf889-d1e2-47f9-961b-1305f40e494b:192.168.151.109:34408, c5c3ee98-126e-4756-b6c5-4783d77f7866:192.168.151.109:36754] with ContainerStateMachine:uninitialized
2019-10-01 03:37:31,113 [pool-267-thread-1] INFO  server.RaftServerConfigKeys (ConfUtils.java:logGet(43)) - raft.server.log.appender.install.snapshot.enabled = false (custom)
2019-10-01 03:37:31,113 [pool-237-thread-1] INFO  server.RaftServerConfigKeys (ConfUtils.java:logGet(43)) - raft.server.rpc.timeout.min = 5s (custom)
2019-10-01 03:37:31,113 [pool-267-thread-1] INFO  impl.RaftServerImpl (ServerState.java:<init>(103)) - 38045bdc-efe1-41de-b10f-282aa371af62@group-6D2CCA170B3E: ConfigurationManager, init=-1: [38045bdc-efe1-41de-b10f-282aa371af62:192.168.151.109:33776, 28aaf889-d1e2-47f9-961b-1305f40e494b:192.168.151.109:34408, c5c3ee98-126e-4756-b6c5-4783d77f7866:192.168.151.109:36754], old=null, confs=<EMPTY_MAP>
2019-10-01 03:37:31,113 [pool-237-thread-1] INFO  server.RaftServerConfigKeys (ConfUtils.java:logGet(43)) - raft.server.rpc.timeout.max = 5200ms (custom)
2019-10-01 03:37:31,113 [pool-267-thread-1] INFO  server.RaftServerConfigKeys (ConfUtils.java:logGet(43)) - raft.server.storage.dir = [/workdir/hadoop-ozone/integration-test/target/test-dir/MiniOzoneClusterImpl-36867613-8ee7-4520-b00b-3b3d201fc0d0/datanode-6/data/ratis] (custom)
2019-10-01 03:37:31,114 [pool-237-thread-1] INFO  server.RaftServerConfigKeys (ConfUtils.java:logGet(43)) - raft.server.rpcslowness.timeout = 120s (custom)
2019-10-01 03:37:31,114 [pool-237-thread-1] INFO  server.RaftServerConfigKeys (ConfUtils.java:logGet(43)) - raft.server.sleep.deviation.threshold = 300 (default)
2019-10-01 03:37:31,114 [pool-247-thread-1] INFO  impl.RaftServerImpl (RaftServerImpl.java:<init>(95)) - c5c3ee98-126e-4756-b6c5-4783d77f7866: new RaftServerImpl for group-6D2CCA170B3E:[38045bdc-efe1-41de-b10f-282aa371af62:192.168.151.109:33776, 28aaf889-d1e2-47f9-961b-1305f40e494b:192.168.151.109:34408, c5c3ee98-126e-4756-b6c5-4783d77f7866:192.168.151.109:36754] with ContainerStateMachine:uninitialized
2019-10-01 03:37:31,114 [pool-267-thread-1] INFO  server.RaftServerConfigKeys (ConfUtils.java:logGet(43)) - raft.server.log.corruption.policy = EXCEPTION (default)
2019-10-01 03:37:31,114 [pool-247-thread-1] INFO  server.RaftServerConfigKeys (ConfUtils.java:logGet(43)) - raft.server.rpc.timeout.min = 5s (custom)
2019-10-01 03:37:31,114 [pool-237-thread-1] INFO  server.RaftServerConfigKeys (ConfUtils.java:logGet(43)) - raft.server.log.appender.install.snapshot.enabled = false (custom)
2019-10-01 03:37:31,114 [pool-247-thread-1] INFO  server.RaftServerConfigKeys (ConfUtils.java:logGet(43)) - raft.server.rpc.timeout.max = 5200ms (custom)
2019-10-01 03:37:31,114 [pool-267-thread-1] INFO  storage.RaftStorageDirectory (RaftStorageDirectory.java:analyzeStorage(246)) - The storage directory /workdir/hadoop-ozone/integration-test/target/test-dir/MiniOzoneClusterImpl-36867613-8ee7-4520-b00b-3b3d201fc0d0/datanode-6/data/ratis/e748ded5-8cbe-407d-85d5-6d2cca170b3e does not exist. Creating ...
2019-10-01 03:37:31,115 [pool-247-thread-1] INFO  server.RaftServerConfigKeys (ConfUtils.java:logGet(43)) - raft.server.rpcslowness.timeout = 120s (custom)
2019-10-01 03:37:31,115 [pool-237-thread-1] INFO  impl.RaftServerImpl (ServerState.java:<init>(103)) - 28aaf889-d1e2-47f9-961b-1305f40e494b@group-6D2CCA170B3E: ConfigurationManager, init=-1: [38045bdc-efe1-41de-b10f-282aa371af62:192.168.151.109:33776, 28aaf889-d1e2-47f9-961b-1305f40e494b:192.168.151.109:34408, c5c3ee98-126e-4756-b6c5-4783d77f7866:192.168.151.109:36754], old=null, confs=<EMPTY_MAP>
2019-10-01 03:37:31,115 [pool-247-thread-1] INFO  server.RaftServerConfigKeys (ConfUtils.java:logGet(43)) - raft.server.sleep.deviation.threshold = 300 (default)
2019-10-01 03:37:31,115 [pool-237-thread-1] INFO  server.RaftServerConfigKeys (ConfUtils.java:logGet(43)) - raft.server.storage.dir = [/workdir/hadoop-ozone/integration-test/target/test-dir/MiniOzoneClusterImpl-36867613-8ee7-4520-b00b-3b3d201fc0d0/datanode-3/data/ratis] (custom)
2019-10-01 03:37:31,115 [pool-247-thread-1] INFO  server.RaftServerConfigKeys (ConfUtils.java:logGet(43)) - raft.server.log.appender.install.snapshot.enabled = false (custom)
2019-10-01 03:37:31,116 [pool-237-thread-1] INFO  server.RaftServerConfigKeys (ConfUtils.java:logGet(43)) - raft.server.log.corruption.policy = EXCEPTION (default)
2019-10-01 03:37:31,116 [pool-247-thread-1] INFO  impl.RaftServerImpl (ServerState.java:<init>(103)) - c5c3ee98-126e-4756-b6c5-4783d77f7866@group-6D2CCA170B3E: ConfigurationManager, init=-1: [38045bdc-efe1-41de-b10f-282aa371af62:192.168.151.109:33776, 28aaf889-d1e2-47f9-961b-1305f40e494b:192.168.151.109:34408, c5c3ee98-126e-4756-b6c5-4783d77f7866:192.168.151.109:36754], old=null, confs=<EMPTY_MAP>
2019-10-01 03:37:31,116 [pool-237-thread-1] INFO  storage.RaftStorageDirectory (RaftStorageDirectory.java:analyzeStorage(246)) - The storage directory /workdir/hadoop-ozone/integration-test/target/test-dir/MiniOzoneClusterImpl-36867613-8ee7-4520-b00b-3b3d201fc0d0/datanode-3/data/ratis/e748ded5-8cbe-407d-85d5-6d2cca170b3e does not exist. Creating ...
2019-10-01 03:37:31,116 [pool-247-thread-1] INFO  server.RaftServerConfigKeys (ConfUtils.java:logGet(43)) - raft.server.storage.dir = [/workdir/hadoop-ozone/integration-test/target/test-dir/MiniOzoneClusterImpl-36867613-8ee7-4520-b00b-3b3d201fc0d0/datanode-4/data/ratis] (custom)
2019-10-01 03:37:31,116 [pool-247-thread-1] INFO  server.RaftServerConfigKeys (ConfUtils.java:logGet(43)) - raft.server.log.corruption.policy = EXCEPTION (default)
2019-10-01 03:37:31,117 [pool-247-thread-1] INFO  storage.RaftStorageDirectory (RaftStorageDirectory.java:analyzeStorage(246)) - The storage directory /workdir/hadoop-ozone/integration-test/target/test-dir/MiniOzoneClusterImpl-36867613-8ee7-4520-b00b-3b3d201fc0d0/datanode-4/data/ratis/e748ded5-8cbe-407d-85d5-6d2cca170b3e does not exist. Creating ...
2019-10-01 03:37:31,128 [pool-237-thread-1] INFO  storage.RaftStorageDirectory (RaftStorageDirectory.java:tryLock(328)) - Lock on /workdir/hadoop-ozone/integration-test/target/test-dir/MiniOzoneClusterImpl-36867613-8ee7-4520-b00b-3b3d201fc0d0/datanode-3/data/ratis/e748ded5-8cbe-407d-85d5-6d2cca170b3e/in_use.lock acquired by nodename 20914@pr-hdds-1984-zmhd5-2369693365
2019-10-01 03:37:31,128 [pool-247-thread-1] INFO  storage.RaftStorageDirectory (RaftStorageDirectory.java:tryLock(328)) - Lock on /workdir/hadoop-ozone/integration-test/target/test-dir/MiniOzoneClusterImpl-36867613-8ee7-4520-b00b-3b3d201fc0d0/datanode-4/data/ratis/e748ded5-8cbe-407d-85d5-6d2cca170b3e/in_use.lock acquired by nodename 20914@pr-hdds-1984-zmhd5-2369693365
2019-10-01 03:37:31,128 [pool-267-thread-1] INFO  storage.RaftStorageDirectory (RaftStorageDirectory.java:tryLock(328)) - Lock on /workdir/hadoop-ozone/integration-test/target/test-dir/MiniOzoneClusterImpl-36867613-8ee7-4520-b00b-3b3d201fc0d0/datanode-6/data/ratis/e748ded5-8cbe-407d-85d5-6d2cca170b3e/in_use.lock acquired by nodename 20914@pr-hdds-1984-zmhd5-2369693365
2019-10-01 03:37:31,142 [pool-237-thread-1] INFO  storage.RaftStorage (RaftStorage.java:format(84)) - Storage directory /workdir/hadoop-ozone/integration-test/target/test-dir/MiniOzoneClusterImpl-36867613-8ee7-4520-b00b-3b3d201fc0d0/datanode-3/data/ratis/e748ded5-8cbe-407d-85d5-6d2cca170b3e has been successfully formatted.
2019-10-01 03:37:31,142 [pool-267-thread-1] INFO  storage.RaftStorage (RaftStorage.java:format(84)) - Storage directory /workdir/hadoop-ozone/integration-test/target/test-dir/MiniOzoneClusterImpl-36867613-8ee7-4520-b00b-3b3d201fc0d0/datanode-6/data/ratis/e748ded5-8cbe-407d-85d5-6d2cca170b3e has been successfully formatted.
2019-10-01 03:37:31,142 [pool-247-thread-1] INFO  storage.RaftStorage (RaftStorage.java:format(84)) - Storage directory /workdir/hadoop-ozone/integration-test/target/test-dir/MiniOzoneClusterImpl-36867613-8ee7-4520-b00b-3b3d201fc0d0/datanode-4/data/ratis/e748ded5-8cbe-407d-85d5-6d2cca170b3e has been successfully formatted.
2019-10-01 03:37:31,142 [pool-267-thread-1] INFO  ratis.ContainerStateMachine (ContainerStateMachine.java:loadSnapshot(230)) - group-6D2CCA170B3E: The snapshot info is null. Setting the last applied indexto:(t:0, i:~)
2019-10-01 03:37:31,142 [pool-237-thread-1] INFO  ratis.ContainerStateMachine (ContainerStateMachine.java:loadSnapshot(230)) - group-6D2CCA170B3E: The snapshot info is null. Setting the last applied indexto:(t:0, i:~)
2019-10-01 03:37:31,143 [pool-267-thread-1] INFO  server.RaftServerConfigKeys (ConfUtils.java:logGet(43)) - raft.server.notification.no-leader.timeout = 120s (custom)
2019-10-01 03:37:31,143 [pool-247-thread-1] INFO  ratis.ContainerStateMachine (ContainerStateMachine.java:loadSnapshot(230)) - group-6D2CCA170B3E: The snapshot info is null. Setting the last applied indexto:(t:0, i:~)
2019-10-01 03:37:31,143 [pool-267-thread-1] INFO  server.RaftServerConfigKeys (ConfUtils.java:logGet(43)) - raft.server.log.use.memory = false (default)
2019-10-01 03:37:31,143 [pool-237-thread-1] INFO  server.RaftServerConfigKeys (ConfUtils.java:logGet(43)) - raft.server.notification.no-leader.timeout = 120s (custom)
2019-10-01 03:37:31,143 [pool-267-thread-1] INFO  server.RaftServerConfigKeys (ConfUtils.java:logGet(43)) - raft.server.log.purge.gap = 1000000 (custom)
2019-10-01 03:37:31,143 [pool-247-thread-1] INFO  server.RaftServerConfigKeys (ConfUtils.java:logGet(43)) - raft.server.notification.no-leader.timeout = 120s (custom)
2019-10-01 03:37:31,143 [pool-267-thread-1] INFO  server.RaftServerConfigKeys (ConfUtils.java:logGet(43)) - raft.server.log.appender.buffer.byte-limit = 33554432 (custom)
2019-10-01 03:37:31,143 [pool-237-thread-1] INFO  server.RaftServerConfigKeys (ConfUtils.java:logGet(43)) - raft.server.log.use.memory = false (default)
2019-10-01 03:37:31,144 [pool-267-thread-1] INFO  server.RaftServerConfigKeys (ConfUtils.java:logGet(43)) - raft.server.log.segment.size.max = 1048576 (custom)
2019-10-01 03:37:31,143 [pool-247-thread-1] INFO  server.RaftServerConfigKeys (ConfUtils.java:logGet(43)) - raft.server.log.use.memory = false (default)
2019-10-01 03:37:31,144 [pool-267-thread-1] INFO  server.RaftServerConfigKeys (ConfUtils.java:logGet(43)) - raft.server.log.segment.cache.num.max = 2 (custom)
2019-10-01 03:37:31,144 [pool-237-thread-1] INFO  server.RaftServerConfigKeys (ConfUtils.java:logGet(43)) - raft.server.log.purge.gap = 1000000 (custom)
2019-10-01 03:37:31,144 [pool-267-thread-1] INFO  segmented.SegmentedRaftLogWorker (SegmentedRaftLogWorker.java:<init>(173)) - new 38045bdc-efe1-41de-b10f-282aa371af62@group-6D2CCA170B3E-SegmentedRaftLogWorker for RaftStorage:Storage Directory /workdir/hadoop-ozone/integration-test/target/test-dir/MiniOzoneClusterImpl-36867613-8ee7-4520-b00b-3b3d201fc0d0/datanode-6/data/ratis/e748ded5-8cbe-407d-85d5-6d2cca170b3e
2019-10-01 03:37:31,144 [pool-267-thread-1] INFO  server.RaftServerConfigKeys (ConfUtils.java:logGet(43)) - raft.server.log.queue.byte-limit = 2147483647 (custom)
2019-10-01 03:37:31,144 [pool-247-thread-1] INFO  server.RaftServerConfigKeys (ConfUtils.java:logGet(43)) - raft.server.log.purge.gap = 1000000 (custom)
2019-10-01 03:37:31,144 [pool-267-thread-1] INFO  server.RaftServerConfigKeys (ConfUtils.java:logGet(43)) - raft.server.log.queue.element-limit = 1024 (custom)
2019-10-01 03:37:31,144 [pool-237-thread-1] INFO  server.RaftServerConfigKeys (ConfUtils.java:logGet(43)) - raft.server.log.appender.buffer.byte-limit = 33554432 (custom)
2019-10-01 03:37:31,145 [pool-267-thread-1] INFO  server.RaftServerConfigKeys (ConfUtils.java:logGet(43)) - raft.server.log.segment.size.max = 1048576 (custom)
2019-10-01 03:37:31,145 [pool-247-thread-1] INFO  server.RaftServerConfigKeys (ConfUtils.java:logGet(43)) - raft.server.log.appender.buffer.byte-limit = 33554432 (custom)
2019-10-01 03:37:31,145 [pool-267-thread-1] INFO  server.RaftServerConfigKeys (ConfUtils.java:logGet(43)) - raft.server.log.preallocated.size = 16384 (custom)
2019-10-01 03:37:31,145 [pool-237-thread-1] INFO  server.RaftServerConfigKeys (ConfUtils.java:logGet(43)) - raft.server.log.segment.size.max = 1048576 (custom)
2019-10-01 03:37:31,145 [pool-267-thread-1] INFO  server.RaftServerConfigKeys (ConfUtils.java:logGet(43)) - raft.server.log.write.buffer.size = 33554432 (custom)
2019-10-01 03:37:31,146 [pool-267-thread-1] INFO  server.RaftServerConfigKeys (ConfUtils.java:logGet(43)) - raft.server.log.force.sync.num = 128 (default)
2019-10-01 03:37:31,145 [pool-247-thread-1] INFO  server.RaftServerConfigKeys (ConfUtils.java:logGet(43)) - raft.server.log.segment.size.max = 1048576 (custom)
2019-10-01 03:37:31,146 [pool-267-thread-1] INFO  server.RaftServerConfigKeys (ConfUtils.java:logGet(43)) - raft.server.log.statemachine.data.sync = true (default)
2019-10-01 03:37:31,145 [pool-237-thread-1] INFO  server.RaftServerConfigKeys (ConfUtils.java:logGet(43)) - raft.server.log.segment.cache.num.max = 2 (custom)
2019-10-01 03:37:31,146 [pool-267-thread-1] INFO  server.RaftServerConfigKeys (ConfUtils.java:logGet(43)) - raft.server.log.statemachine.data.sync.timeout = 10s (default)
2019-10-01 03:37:31,146 [pool-247-thread-1] INFO  server.RaftServerConfigKeys (ConfUtils.java:logGet(43)) - raft.server.log.segment.cache.num.max = 2 (custom)
2019-10-01 03:37:31,146 [pool-267-thread-1] INFO  server.RaftServerConfigKeys (ConfUtils.java:logGet(43)) - raft.server.log.statemachine.data.sync.timeout.retry = -1 (default)
2019-10-01 03:37:31,146 [pool-237-thread-1] INFO  segmented.SegmentedRaftLogWorker (SegmentedRaftLogWorker.java:<init>(173)) - new 28aaf889-d1e2-47f9-961b-1305f40e494b@group-6D2CCA170B3E-SegmentedRaftLogWorker for RaftStorage:Storage Directory /workdir/hadoop-ozone/integration-test/target/test-dir/MiniOzoneClusterImpl-36867613-8ee7-4520-b00b-3b3d201fc0d0/datanode-3/data/ratis/e748ded5-8cbe-407d-85d5-6d2cca170b3e
2019-10-01 03:37:31,147 [pool-267-thread-1] INFO  server.RaftServerConfigKeys (ConfUtils.java:logGet(43)) - raft.server.log.statemachine.data.caching.enabled = true (custom)
2019-10-01 03:37:31,146 [pool-247-thread-1] INFO  segmented.SegmentedRaftLogWorker (SegmentedRaftLogWorker.java:<init>(173)) - new c5c3ee98-126e-4756-b6c5-4783d77f7866@group-6D2CCA170B3E-SegmentedRaftLogWorker for RaftStorage:Storage Directory /workdir/hadoop-ozone/integration-test/target/test-dir/MiniOzoneClusterImpl-36867613-8ee7-4520-b00b-3b3d201fc0d0/datanode-4/data/ratis/e748ded5-8cbe-407d-85d5-6d2cca170b3e
2019-10-01 03:37:31,147 [pool-237-thread-1] INFO  server.RaftServerConfigKeys (ConfUtils.java:logGet(43)) - raft.server.log.queue.byte-limit = 2147483647 (custom)
2019-10-01 03:37:31,147 [pool-267-thread-1] INFO  segmented.SegmentedRaftLogWorker (SegmentedRaftLogWorker.java:lambda$new$0(128)) - 38045bdc-efe1-41de-b10f-282aa371af62@group-6D2CCA170B3E-SegmentedRaftLogWorker: flushIndex: setUnconditionally 0 -> -1
2019-10-01 03:37:31,147 [pool-247-thread-1] INFO  server.RaftServerConfigKeys (ConfUtils.java:logGet(43)) - raft.server.log.queue.byte-limit = 2147483647 (custom)
2019-10-01 03:37:31,147 [pool-237-thread-1] INFO  server.RaftServerConfigKeys (ConfUtils.java:logGet(43)) - raft.server.log.queue.element-limit = 1024 (custom)
2019-10-01 03:37:31,147 [pool-247-thread-1] INFO  server.RaftServerConfigKeys (ConfUtils.java:logGet(43)) - raft.server.log.queue.element-limit = 1024 (custom)
2019-10-01 03:37:31,147 [pool-267-thread-1] INFO  server.RaftServerConfigKeys (ConfUtils.java:logGet(43)) - raft.server.snapshot.auto.trigger.enabled = true (custom)
2019-10-01 03:37:31,148 [pool-247-thread-1] INFO  server.RaftServerConfigKeys (ConfUtils.java:logGet(43)) - raft.server.log.segment.size.max = 1048576 (custom)
2019-10-01 03:37:31,147 [pool-237-thread-1] INFO  server.RaftServerConfigKeys (ConfUtils.java:logGet(43)) - raft.server.log.segment.size.max = 1048576 (custom)
2019-10-01 03:37:31,148 [pool-247-thread-1] INFO  server.RaftServerConfigKeys (ConfUtils.java:logGet(43)) - raft.server.log.preallocated.size = 16384 (custom)
2019-10-01 03:37:31,148 [pool-247-thread-1] INFO  server.RaftServerConfigKeys (ConfUtils.java:logGet(43)) - raft.server.log.write.buffer.size = 33554432 (custom)
2019-10-01 03:37:31,148 [pool-267-thread-1] INFO  server.RaftServerConfigKeys (ConfUtils.java:logGet(43)) - raft.server.snapshot.auto.trigger.threshold = 10000 (custom)
2019-10-01 03:37:31,148 [pool-247-thread-1] INFO  server.RaftServerConfigKeys (ConfUtils.java:logGet(43)) - raft.server.log.force.sync.num = 128 (default)
2019-10-01 03:37:31,148 [pool-237-thread-1] INFO  server.RaftServerConfigKeys (ConfUtils.java:logGet(43)) - raft.server.log.preallocated.size = 16384 (custom)
2019-10-01 03:37:31,149 [pool-247-thread-1] INFO  server.RaftServerConfigKeys (ConfUtils.java:logGet(43)) - raft.server.log.statemachine.data.sync = true (default)
2019-10-01 03:37:31,148 [pool-267-thread-1] INFO  server.RaftServerConfigKeys (ConfUtils.java:logGet(43)) - raft.server.snapshot.retention.file.num = 5 (custom)
2019-10-01 03:37:31,149 [pool-247-thread-1] INFO  server.RaftServerConfigKeys (ConfUtils.java:logGet(43)) - raft.server.log.statemachine.data.sync.timeout = 10s (default)
2019-10-01 03:37:31,149 [pool-237-thread-1] INFO  server.RaftServerConfigKeys (ConfUtils.java:logGet(43)) - raft.server.log.write.buffer.size = 33554432 (custom)
2019-10-01 03:37:31,149 [pool-247-thread-1] INFO  server.RaftServerConfigKeys (ConfUtils.java:logGet(43)) - raft.server.log.statemachine.data.sync.timeout.retry = -1 (default)
2019-10-01 03:37:31,149 [pool-267-thread-1] INFO  server.RaftServerConfigKeys (ConfUtils.java:logGet(43)) - raft.server.retrycache.expirytime = 600000ms (custom)
2019-10-01 03:37:31,150 [pool-247-thread-1] INFO  server.RaftServerConfigKeys (ConfUtils.java:logGet(43)) - raft.server.log.statemachine.data.caching.enabled = true (custom)
2019-10-01 03:37:31,149 [pool-237-thread-1] INFO  server.RaftServerConfigKeys (ConfUtils.java:logGet(43)) - raft.server.log.force.sync.num = 128 (default)
2019-10-01 03:37:31,150 [pool-237-thread-1] INFO  server.RaftServerConfigKeys (ConfUtils.java:logGet(43)) - raft.server.log.statemachine.data.sync = true (default)
2019-10-01 03:37:31,150 [pool-247-thread-1] INFO  segmented.SegmentedRaftLogWorker (SegmentedRaftLogWorker.java:lambda$new$0(128)) - c5c3ee98-126e-4756-b6c5-4783d77f7866@group-6D2CCA170B3E-SegmentedRaftLogWorker: flushIndex: setUnconditionally 0 -> -1
2019-10-01 03:37:31,150 [pool-237-thread-1] INFO  server.RaftServerConfigKeys (ConfUtils.java:logGet(43)) - raft.server.log.statemachine.data.sync.timeout = 10s (default)
2019-10-01 03:37:31,150 [pool-237-thread-1] INFO  server.RaftServerConfigKeys (ConfUtils.java:logGet(43)) - raft.server.log.statemachine.data.sync.timeout.retry = -1 (default)
2019-10-01 03:37:31,150 [pool-247-thread-1] INFO  server.RaftServerConfigKeys (ConfUtils.java:logGet(43)) - raft.server.snapshot.auto.trigger.enabled = true (custom)
2019-10-01 03:37:31,151 [pool-237-thread-1] INFO  server.RaftServerConfigKeys (ConfUtils.java:logGet(43)) - raft.server.log.statemachine.data.caching.enabled = true (custom)
2019-10-01 03:37:31,151 [pool-247-thread-1] INFO  server.RaftServerConfigKeys (ConfUtils.java:logGet(43)) - raft.server.snapshot.auto.trigger.threshold = 10000 (custom)
2019-10-01 03:37:31,151 [pool-237-thread-1] INFO  segmented.SegmentedRaftLogWorker (SegmentedRaftLogWorker.java:lambda$new$0(128)) - 28aaf889-d1e2-47f9-961b-1305f40e494b@group-6D2CCA170B3E-SegmentedRaftLogWorker: flushIndex: setUnconditionally 0 -> -1
2019-10-01 03:37:31,151 [pool-247-thread-1] INFO  server.RaftServerConfigKeys (ConfUtils.java:logGet(43)) - raft.server.snapshot.retention.file.num = 5 (custom)
2019-10-01 03:37:31,151 [pool-237-thread-1] INFO  server.RaftServerConfigKeys (ConfUtils.java:logGet(43)) - raft.server.snapshot.auto.trigger.enabled = true (custom)
2019-10-01 03:37:31,151 [pool-247-thread-1] INFO  server.RaftServerConfigKeys (ConfUtils.java:logGet(43)) - raft.server.retrycache.expirytime = 600000ms (custom)
2019-10-01 03:37:31,152 [pool-237-thread-1] INFO  server.RaftServerConfigKeys (ConfUtils.java:logGet(43)) - raft.server.snapshot.auto.trigger.threshold = 10000 (custom)
2019-10-01 03:37:31,152 [pool-237-thread-1] INFO  server.RaftServerConfigKeys (ConfUtils.java:logGet(43)) - raft.server.snapshot.retention.file.num = 5 (custom)
2019-10-01 03:37:31,152 [pool-237-thread-1] INFO  server.RaftServerConfigKeys (ConfUtils.java:logGet(43)) - raft.server.retrycache.expirytime = 600000ms (custom)
2019-10-01 03:37:31,154 [pool-267-thread-1] INFO  impl.RaftServerImpl (RaftServerImpl.java:start(181)) - 38045bdc-efe1-41de-b10f-282aa371af62@group-6D2CCA170B3E: start as a follower, conf=-1: [38045bdc-efe1-41de-b10f-282aa371af62:192.168.151.109:33776, 28aaf889-d1e2-47f9-961b-1305f40e494b:192.168.151.109:34408, c5c3ee98-126e-4756-b6c5-4783d77f7866:192.168.151.109:36754], old=null
2019-10-01 03:37:31,154 [pool-267-thread-1] INFO  impl.RaftServerImpl (RaftServerImpl.java:setRole(170)) - 38045bdc-efe1-41de-b10f-282aa371af62@group-6D2CCA170B3E: changes role from      null to FOLLOWER at term 0 for startAsFollower
2019-10-01 03:37:31,155 [pool-267-thread-1] INFO  impl.RoleInfo (RoleInfo.java:updateAndGet(143)) - 38045bdc-efe1-41de-b10f-282aa371af62: start FollowerState
2019-10-01 03:37:31,155 [pool-267-thread-1] INFO  util.JmxRegister (JmxRegister.java:tryRegister(44)) - Successfully registered JMX Bean with object name Ratis:service=RaftServer,group=group-6D2CCA170B3E,id=38045bdc-efe1-41de-b10f-282aa371af62
2019-10-01 03:37:31,156 [pool-247-thread-1] INFO  impl.RaftServerImpl (RaftServerImpl.java:start(181)) - c5c3ee98-126e-4756-b6c5-4783d77f7866@group-6D2CCA170B3E: start as a follower, conf=-1: [38045bdc-efe1-41de-b10f-282aa371af62:192.168.151.109:33776, 28aaf889-d1e2-47f9-961b-1305f40e494b:192.168.151.109:34408, c5c3ee98-126e-4756-b6c5-4783d77f7866:192.168.151.109:36754], old=null
2019-10-01 03:37:31,156 [pool-237-thread-1] INFO  impl.RaftServerImpl (RaftServerImpl.java:start(181)) - 28aaf889-d1e2-47f9-961b-1305f40e494b@group-6D2CCA170B3E: start as a follower, conf=-1: [38045bdc-efe1-41de-b10f-282aa371af62:192.168.151.109:33776, 28aaf889-d1e2-47f9-961b-1305f40e494b:192.168.151.109:34408, c5c3ee98-126e-4756-b6c5-4783d77f7866:192.168.151.109:36754], old=null
2019-10-01 03:37:31,156 [pool-247-thread-1] INFO  impl.RaftServerImpl (RaftServerImpl.java:setRole(170)) - c5c3ee98-126e-4756-b6c5-4783d77f7866@group-6D2CCA170B3E: changes role from      null to FOLLOWER at term 0 for startAsFollower
2019-10-01 03:37:31,156 [pool-237-thread-1] INFO  impl.RaftServerImpl (RaftServerImpl.java:setRole(170)) - 28aaf889-d1e2-47f9-961b-1305f40e494b@group-6D2CCA170B3E: changes role from      null to FOLLOWER at term 0 for startAsFollower
2019-10-01 03:37:31,156 [pool-247-thread-1] INFO  impl.RoleInfo (RoleInfo.java:updateAndGet(143)) - c5c3ee98-126e-4756-b6c5-4783d77f7866: start FollowerState
2019-10-01 03:37:31,156 [pool-237-thread-1] INFO  impl.RoleInfo (RoleInfo.java:updateAndGet(143)) - 28aaf889-d1e2-47f9-961b-1305f40e494b: start FollowerState
2019-10-01 03:37:31,157 [pool-247-thread-1] INFO  util.JmxRegister (JmxRegister.java:tryRegister(44)) - Successfully registered JMX Bean with object name Ratis:service=RaftServer,group=group-6D2CCA170B3E,id=c5c3ee98-126e-4756-b6c5-4783d77f7866
2019-10-01 03:37:31,157 [pool-237-thread-1] INFO  util.JmxRegister (JmxRegister.java:tryRegister(44)) - Successfully registered JMX Bean with object name Ratis:service=RaftServer,group=group-6D2CCA170B3E,id=28aaf889-d1e2-47f9-961b-1305f40e494b
2019-10-01 03:37:31,168 [RatisPipelineUtilsThread] INFO  pipeline.PipelineStateManager (PipelineStateManager.java:addPipeline(56)) - Created pipeline Pipeline[ Id: e748ded5-8cbe-407d-85d5-6d2cca170b3e, Nodes: 38045bdc-efe1-41de-b10f-282aa371af62{ip: 192.168.151.109, host: pr-hdds-1984-zmhd5-2369693365, networkLocation: /default-rack, certSerialId: null}28aaf889-d1e2-47f9-961b-1305f40e494b{ip: 192.168.151.109, host: pr-hdds-1984-zmhd5-2369693365, networkLocation: /default-rack, certSerialId: null}c5c3ee98-126e-4756-b6c5-4783d77f7866{ip: 192.168.151.109, host: pr-hdds-1984-zmhd5-2369693365, networkLocation: /default-rack, certSerialId: null}, Type:RATIS, Factor:THREE, State:OPEN]
2019-10-01 03:37:32,015 [main] INFO  ozone.MiniOzoneClusterImpl (MiniOzoneClusterImpl.java:lambda$waitForClusterToBeReady$0(147)) - Cluster is ready. Got 7 of 7 DN Heartbeats.
2019-10-01 03:37:32,065 [main] INFO  rpc.RpcClient (RpcClient.java:createVolume(276)) - Creating Volume: watchforcommithandlingtest, with jenkins1000 as owner.
2019-10-01 03:37:32,069 [IPC Server handler 13 on 44401] INFO  volume.OMVolumeCreateRequest (OMVolumeCreateRequest.java:validateAndUpdateCache(194)) - created volume:watchforcommithandlingtest for user:jenkins1000
2019-10-01 03:37:32,084 [main] INFO  rpc.RpcClient (RpcClient.java:createBucket(415)) - Creating Bucket: watchforcommithandlingtest/watchforcommithandlingtest, with Versioning false and Storage Type set to DISK and Encryption set to false 
2019-10-01 03:37:32,088 [main] INFO  ozone.MiniOzoneClusterImpl (MiniOzoneClusterImpl.java:getStorageContainerLocationClient(234)) - Creating StorageContainerLocationProtocol RPC client with address /0.0.0.0:41348
2019-10-01 03:37:33,628 [Thread-1387] INFO  container.ReplicationManager (ReplicationManager.java:start(162)) - Starting Replication Monitor Thread.
2019-10-01 03:37:33,631 [ReplicationMonitor] INFO  container.ReplicationManager (ReplicationManager.java:run(225)) - Replication Monitor Thread took 1 milliseconds for processing 1 containers.
2019-10-01 03:37:35,743 [Thread-1392] INFO  impl.FollowerState (FollowerState.java:run(108)) - 1e85a46c-0611-47c1-8e7b-e152e7434ac8@group-CD32142F8E6D-FollowerState: change to CANDIDATE, lastRpcTime:5006ms, electionTimeout:5006ms
2019-10-01 03:37:35,744 [Thread-1392] INFO  impl.RoleInfo (RoleInfo.java:shutdownFollowerState(121)) - 1e85a46c-0611-47c1-8e7b-e152e7434ac8: shutdown FollowerState
2019-10-01 03:37:35,744 [Thread-1392] INFO  impl.RaftServerImpl (RaftServerImpl.java:setRole(170)) - 1e85a46c-0611-47c1-8e7b-e152e7434ac8@group-CD32142F8E6D: changes role from  FOLLOWER to CANDIDATE at term 0 for changeToCandidate
2019-10-01 03:37:35,744 [Thread-1392] INFO  impl.RoleInfo (RoleInfo.java:updateAndGet(143)) - 1e85a46c-0611-47c1-8e7b-e152e7434ac8: start LeaderElection
2019-10-01 03:37:35,769 [1e85a46c-0611-47c1-8e7b-e152e7434ac8@group-CD32142F8E6D-LeaderElection26] INFO  impl.LeaderElection (LeaderElection.java:askForVotes(178)) - 1e85a46c-0611-47c1-8e7b-e152e7434ac8@group-CD32142F8E6D-LeaderElection26: begin an election at term 1 for -1: [1e85a46c-0611-47c1-8e7b-e152e7434ac8:192.168.151.109:36294], old=null
2019-10-01 03:37:35,770 [1e85a46c-0611-47c1-8e7b-e152e7434ac8@group-CD32142F8E6D-LeaderElection26] INFO  impl.RoleInfo (RoleInfo.java:shutdownLeaderElection(134)) - 1e85a46c-0611-47c1-8e7b-e152e7434ac8: shutdown LeaderElection
2019-10-01 03:37:35,770 [1e85a46c-0611-47c1-8e7b-e152e7434ac8@group-CD32142F8E6D-LeaderElection26] INFO  impl.RaftServerImpl (RaftServerImpl.java:setRole(170)) - 1e85a46c-0611-47c1-8e7b-e152e7434ac8@group-CD32142F8E6D: changes role from CANDIDATE to LEADER at term 1 for changeToLeader
2019-10-01 03:37:35,770 [1e85a46c-0611-47c1-8e7b-e152e7434ac8@group-CD32142F8E6D-LeaderElection26] INFO  impl.RaftServerImpl (ServerState.java:setLeader(255)) - 1e85a46c-0611-47c1-8e7b-e152e7434ac8@group-CD32142F8E6D: change Leader from null to 1e85a46c-0611-47c1-8e7b-e152e7434ac8 at term 1 for becomeLeader, leader elected after 5038ms
2019-10-01 03:37:35,771 [1e85a46c-0611-47c1-8e7b-e152e7434ac8@group-CD32142F8E6D-LeaderElection26] INFO  server.RaftServerConfigKeys (ConfUtils.java:logGet(43)) - raft.server.staging.catchup.gap = 1000 (default)
2019-10-01 03:37:35,771 [1e85a46c-0611-47c1-8e7b-e152e7434ac8@group-CD32142F8E6D-LeaderElection26] INFO  server.RaftServerConfigKeys (ConfUtils.java:logGet(43)) - raft.server.rpc.sleep.time = 25ms (default)
2019-10-01 03:37:35,771 [1e85a46c-0611-47c1-8e7b-e152e7434ac8@group-CD32142F8E6D-LeaderElection26] INFO  server.RaftServerConfigKeys (ConfUtils.java:logGet(43)) - raft.server.write.element-limit = 4096 (default)
2019-10-01 03:37:35,772 [1e85a46c-0611-47c1-8e7b-e152e7434ac8@group-CD32142F8E6D-LeaderElection26] INFO  server.RaftServerConfigKeys (ConfUtils.java:logGet(43)) - raft.server.watch.timeout = 10s (default)
2019-10-01 03:37:35,772 [1e85a46c-0611-47c1-8e7b-e152e7434ac8@group-CD32142F8E6D-LeaderElection26] INFO  server.RaftServerConfigKeys (ConfUtils.java:logGet(43)) - raft.server.watch.timeout.denomination = 1s (default)
2019-10-01 03:37:35,772 [1e85a46c-0611-47c1-8e7b-e152e7434ac8@group-CD32142F8E6D-LeaderElection26] INFO  server.RaftServerConfigKeys (ConfUtils.java:logGet(43)) - raft.server.watch.element-limit = 65536 (default)
2019-10-01 03:37:35,776 [1e85a46c-0611-47c1-8e7b-e152e7434ac8@group-CD32142F8E6D-LeaderElection26] INFO  impl.RoleInfo (RoleInfo.java:updateAndGet(143)) - 1e85a46c-0611-47c1-8e7b-e152e7434ac8: start LeaderState
2019-10-01 03:37:35,777 [1e85a46c-0611-47c1-8e7b-e152e7434ac8@group-CD32142F8E6D-LeaderElection26] INFO  segmented.SegmentedRaftLogWorker (SegmentedRaftLogWorker.java:startLogSegment(385)) - 1e85a46c-0611-47c1-8e7b-e152e7434ac8@group-CD32142F8E6D-SegmentedRaftLogWorker: Starting segment from index:0
2019-10-01 03:37:35,778 [1e85a46c-0611-47c1-8e7b-e152e7434ac8@group-CD32142F8E6D-LeaderElection26] INFO  impl.RaftServerImpl (ServerState.java:setRaftConf(356)) - 1e85a46c-0611-47c1-8e7b-e152e7434ac8@group-CD32142F8E6D: set configuration 0: [1e85a46c-0611-47c1-8e7b-e152e7434ac8:192.168.151.109:36294], old=null at 0
2019-10-01 03:37:35,820 [1e85a46c-0611-47c1-8e7b-e152e7434ac8@group-CD32142F8E6D-SegmentedRaftLogWorker] INFO  segmented.SegmentedRaftLogWorker (SegmentedRaftLogWorker.java:execute(574)) - 1e85a46c-0611-47c1-8e7b-e152e7434ac8@group-CD32142F8E6D-SegmentedRaftLogWorker: created new log segment /workdir/hadoop-ozone/integration-test/target/test-dir/MiniOzoneClusterImpl-36867613-8ee7-4520-b00b-3b3d201fc0d0/datanode-1/data/ratis/5dbe6f54-2e17-429f-bc4e-cd32142f8e6d/current/log_inprogress_0
2019-10-01 03:37:35,826 [Thread-1395] INFO  impl.FollowerState (FollowerState.java:run(108)) - 9df5af2a-73e5-4e4a-9c0b-ccd89ab155b9@group-B3DADD874BD2-FollowerState: change to CANDIDATE, lastRpcTime:5027ms, electionTimeout:5027ms
2019-10-01 03:37:35,826 [Thread-1395] INFO  impl.RoleInfo (RoleInfo.java:shutdownFollowerState(121)) - 9df5af2a-73e5-4e4a-9c0b-ccd89ab155b9: shutdown FollowerState
2019-10-01 03:37:35,826 [Thread-1395] INFO  impl.RaftServerImpl (RaftServerImpl.java:setRole(170)) - 9df5af2a-73e5-4e4a-9c0b-ccd89ab155b9@group-B3DADD874BD2: changes role from  FOLLOWER to CANDIDATE at term 0 for changeToCandidate
2019-10-01 03:37:35,826 [Thread-1395] INFO  impl.RoleInfo (RoleInfo.java:updateAndGet(143)) - 9df5af2a-73e5-4e4a-9c0b-ccd89ab155b9: start LeaderElection
2019-10-01 03:37:35,834 [Thread-1389] INFO  impl.FollowerState (FollowerState.java:run(108)) - 337eeeca-189e-484a-8ae8-9f26fc3b75ba@group-14EC6C235245-FollowerState: change to CANDIDATE, lastRpcTime:5150ms, electionTimeout:5147ms
2019-10-01 03:37:35,835 [Thread-1389] INFO  impl.RoleInfo (RoleInfo.java:shutdownFollowerState(121)) - 337eeeca-189e-484a-8ae8-9f26fc3b75ba: shutdown FollowerState
2019-10-01 03:37:35,835 [Thread-1389] INFO  impl.RaftServerImpl (RaftServerImpl.java:setRole(170)) - 337eeeca-189e-484a-8ae8-9f26fc3b75ba@group-14EC6C235245: changes role from  FOLLOWER to CANDIDATE at term 0 for changeToCandidate
2019-10-01 03:37:35,835 [Thread-1389] INFO  impl.RoleInfo (RoleInfo.java:updateAndGet(143)) - 337eeeca-189e-484a-8ae8-9f26fc3b75ba: start LeaderElection
2019-10-01 03:37:35,856 [9df5af2a-73e5-4e4a-9c0b-ccd89ab155b9@group-B3DADD874BD2-LeaderElection27] INFO  impl.LeaderElection (LeaderElection.java:askForVotes(178)) - 9df5af2a-73e5-4e4a-9c0b-ccd89ab155b9@group-B3DADD874BD2-LeaderElection27: begin an election at term 1 for -1: [9df5af2a-73e5-4e4a-9c0b-ccd89ab155b9:192.168.151.109:44053], old=null
2019-10-01 03:37:35,856 [337eeeca-189e-484a-8ae8-9f26fc3b75ba@group-14EC6C235245-LeaderElection28] INFO  impl.LeaderElection (LeaderElection.java:askForVotes(178)) - 337eeeca-189e-484a-8ae8-9f26fc3b75ba@group-14EC6C235245-LeaderElection28: begin an election at term 1 for -1: [337eeeca-189e-484a-8ae8-9f26fc3b75ba:192.168.151.109:33920], old=null
2019-10-01 03:37:35,856 [9df5af2a-73e5-4e4a-9c0b-ccd89ab155b9@group-B3DADD874BD2-LeaderElection27] INFO  impl.RoleInfo (RoleInfo.java:shutdownLeaderElection(134)) - 9df5af2a-73e5-4e4a-9c0b-ccd89ab155b9: shutdown LeaderElection
2019-10-01 03:37:35,856 [337eeeca-189e-484a-8ae8-9f26fc3b75ba@group-14EC6C235245-LeaderElection28] INFO  impl.RoleInfo (RoleInfo.java:shutdownLeaderElection(134)) - 337eeeca-189e-484a-8ae8-9f26fc3b75ba: shutdown LeaderElection
2019-10-01 03:37:35,857 [9df5af2a-73e5-4e4a-9c0b-ccd89ab155b9@group-B3DADD874BD2-LeaderElection27] INFO  impl.RaftServerImpl (RaftServerImpl.java:setRole(170)) - 9df5af2a-73e5-4e4a-9c0b-ccd89ab155b9@group-B3DADD874BD2: changes role from CANDIDATE to LEADER at term 1 for changeToLeader
2019-10-01 03:37:35,857 [337eeeca-189e-484a-8ae8-9f26fc3b75ba@group-14EC6C235245-LeaderElection28] INFO  impl.RaftServerImpl (RaftServerImpl.java:setRole(170)) - 337eeeca-189e-484a-8ae8-9f26fc3b75ba@group-14EC6C235245: changes role from CANDIDATE to LEADER at term 1 for changeToLeader
2019-10-01 03:37:35,857 [9df5af2a-73e5-4e4a-9c0b-ccd89ab155b9@group-B3DADD874BD2-LeaderElection27] INFO  impl.RaftServerImpl (ServerState.java:setLeader(255)) - 9df5af2a-73e5-4e4a-9c0b-ccd89ab155b9@group-B3DADD874BD2: change Leader from null to 9df5af2a-73e5-4e4a-9c0b-ccd89ab155b9 at term 1 for becomeLeader, leader elected after 5067ms
2019-10-01 03:37:35,857 [337eeeca-189e-484a-8ae8-9f26fc3b75ba@group-14EC6C235245-LeaderElection28] INFO  impl.RaftServerImpl (ServerState.java:setLeader(255)) - 337eeeca-189e-484a-8ae8-9f26fc3b75ba@group-14EC6C235245: change Leader from null to 337eeeca-189e-484a-8ae8-9f26fc3b75ba at term 1 for becomeLeader, leader elected after 5187ms
2019-10-01 03:37:35,857 [9df5af2a-73e5-4e4a-9c0b-ccd89ab155b9@group-B3DADD874BD2-LeaderElection27] INFO  server.RaftServerConfigKeys (ConfUtils.java:logGet(43)) - raft.server.staging.catchup.gap = 1000 (default)
2019-10-01 03:37:35,857 [337eeeca-189e-484a-8ae8-9f26fc3b75ba@group-14EC6C235245-LeaderElection28] INFO  server.RaftServerConfigKeys (ConfUtils.java:logGet(43)) - raft.server.staging.catchup.gap = 1000 (default)
2019-10-01 03:37:35,858 [337eeeca-189e-484a-8ae8-9f26fc3b75ba@group-14EC6C235245-LeaderElection28] INFO  server.RaftServerConfigKeys (ConfUtils.java:logGet(43)) - raft.server.rpc.sleep.time = 25ms (default)
2019-10-01 03:37:35,858 [9df5af2a-73e5-4e4a-9c0b-ccd89ab155b9@group-B3DADD874BD2-LeaderElection27] INFO  server.RaftServerConfigKeys (ConfUtils.java:logGet(43)) - raft.server.rpc.sleep.time = 25ms (default)
2019-10-01 03:37:35,858 [337eeeca-189e-484a-8ae8-9f26fc3b75ba@group-14EC6C235245-LeaderElection28] INFO  server.RaftServerConfigKeys (ConfUtils.java:logGet(43)) - raft.server.write.element-limit = 4096 (default)
2019-10-01 03:37:35,858 [9df5af2a-73e5-4e4a-9c0b-ccd89ab155b9@group-B3DADD874BD2-LeaderElection27] INFO  server.RaftServerConfigKeys (ConfUtils.java:logGet(43)) - raft.server.write.element-limit = 4096 (default)
2019-10-01 03:37:35,858 [337eeeca-189e-484a-8ae8-9f26fc3b75ba@group-14EC6C235245-LeaderElection28] INFO  server.RaftServerConfigKeys (ConfUtils.java:logGet(43)) - raft.server.watch.timeout = 10s (default)
2019-10-01 03:37:35,859 [9df5af2a-73e5-4e4a-9c0b-ccd89ab155b9@group-B3DADD874BD2-LeaderElection27] INFO  server.RaftServerConfigKeys (ConfUtils.java:logGet(43)) - raft.server.watch.timeout = 10s (default)
2019-10-01 03:37:35,859 [9df5af2a-73e5-4e4a-9c0b-ccd89ab155b9@group-B3DADD874BD2-LeaderElection27] INFO  server.RaftServerConfigKeys (ConfUtils.java:logGet(43)) - raft.server.watch.timeout.denomination = 1s (default)
2019-10-01 03:37:35,859 [9df5af2a-73e5-4e4a-9c0b-ccd89ab155b9@group-B3DADD874BD2-LeaderElection27] INFO  server.RaftServerConfigKeys (ConfUtils.java:logGet(43)) - raft.server.watch.element-limit = 65536 (default)
2019-10-01 03:37:35,859 [337eeeca-189e-484a-8ae8-9f26fc3b75ba@group-14EC6C235245-LeaderElection28] INFO  server.RaftServerConfigKeys (ConfUtils.java:logGet(43)) - raft.server.watch.timeout.denomination = 1s (default)
2019-10-01 03:37:35,859 [337eeeca-189e-484a-8ae8-9f26fc3b75ba@group-14EC6C235245-LeaderElection28] INFO  server.RaftServerConfigKeys (ConfUtils.java:logGet(43)) - raft.server.watch.element-limit = 65536 (default)
2019-10-01 03:37:35,863 [9df5af2a-73e5-4e4a-9c0b-ccd89ab155b9@group-B3DADD874BD2-LeaderElection27] INFO  impl.RoleInfo (RoleInfo.java:updateAndGet(143)) - 9df5af2a-73e5-4e4a-9c0b-ccd89ab155b9: start LeaderState
2019-10-01 03:37:35,863 [337eeeca-189e-484a-8ae8-9f26fc3b75ba@group-14EC6C235245-LeaderElection28] INFO  impl.RoleInfo (RoleInfo.java:updateAndGet(143)) - 337eeeca-189e-484a-8ae8-9f26fc3b75ba: start LeaderState
2019-10-01 03:37:35,863 [9df5af2a-73e5-4e4a-9c0b-ccd89ab155b9@group-B3DADD874BD2-LeaderElection27] INFO  segmented.SegmentedRaftLogWorker (SegmentedRaftLogWorker.java:startLogSegment(385)) - 9df5af2a-73e5-4e4a-9c0b-ccd89ab155b9@group-B3DADD874BD2-SegmentedRaftLogWorker: Starting segment from index:0
2019-10-01 03:37:35,863 [337eeeca-189e-484a-8ae8-9f26fc3b75ba@group-14EC6C235245-LeaderElection28] INFO  segmented.SegmentedRaftLogWorker (SegmentedRaftLogWorker.java:startLogSegment(385)) - 337eeeca-189e-484a-8ae8-9f26fc3b75ba@group-14EC6C235245-SegmentedRaftLogWorker: Starting segment from index:0
2019-10-01 03:37:35,864 [337eeeca-189e-484a-8ae8-9f26fc3b75ba@group-14EC6C235245-LeaderElection28] INFO  impl.RaftServerImpl (ServerState.java:setRaftConf(356)) - 337eeeca-189e-484a-8ae8-9f26fc3b75ba@group-14EC6C235245: set configuration 0: [337eeeca-189e-484a-8ae8-9f26fc3b75ba:192.168.151.109:33920], old=null at 0
2019-10-01 03:37:35,864 [9df5af2a-73e5-4e4a-9c0b-ccd89ab155b9@group-B3DADD874BD2-LeaderElection27] INFO  impl.RaftServerImpl (ServerState.java:setRaftConf(356)) - 9df5af2a-73e5-4e4a-9c0b-ccd89ab155b9@group-B3DADD874BD2: set configuration 0: [9df5af2a-73e5-4e4a-9c0b-ccd89ab155b9:192.168.151.109:44053], old=null at 0
2019-10-01 03:37:35,902 [Thread-1403] INFO  impl.FollowerState (FollowerState.java:run(108)) - 337eeeca-189e-484a-8ae8-9f26fc3b75ba@group-403EB97D77B2-FollowerState: change to CANDIDATE, lastRpcTime:5038ms, electionTimeout:5038ms
2019-10-01 03:37:35,902 [Thread-1403] INFO  impl.RoleInfo (RoleInfo.java:shutdownFollowerState(121)) - 337eeeca-189e-484a-8ae8-9f26fc3b75ba: shutdown FollowerState
2019-10-01 03:37:35,902 [Thread-1403] INFO  impl.RaftServerImpl (RaftServerImpl.java:setRole(170)) - 337eeeca-189e-484a-8ae8-9f26fc3b75ba@group-403EB97D77B2: changes role from  FOLLOWER to CANDIDATE at term 0 for changeToCandidate
2019-10-01 03:37:35,902 [Thread-1403] INFO  impl.RoleInfo (RoleInfo.java:updateAndGet(143)) - 337eeeca-189e-484a-8ae8-9f26fc3b75ba: start LeaderElection
2019-10-01 03:37:35,907 [337eeeca-189e-484a-8ae8-9f26fc3b75ba@group-14EC6C235245-SegmentedRaftLogWorker] INFO  segmented.SegmentedRaftLogWorker (SegmentedRaftLogWorker.java:execute(574)) - 337eeeca-189e-484a-8ae8-9f26fc3b75ba@group-14EC6C235245-SegmentedRaftLogWorker: created new log segment /workdir/hadoop-ozone/integration-test/target/test-dir/MiniOzoneClusterImpl-36867613-8ee7-4520-b00b-3b3d201fc0d0/datanode-0/data/ratis/12c1f3ee-8f45-40d8-80ec-14ec6c235245/current/log_inprogress_0
2019-10-01 03:37:35,907 [9df5af2a-73e5-4e4a-9c0b-ccd89ab155b9@group-B3DADD874BD2-SegmentedRaftLogWorker] INFO  segmented.SegmentedRaftLogWorker (SegmentedRaftLogWorker.java:execute(574)) - 9df5af2a-73e5-4e4a-9c0b-ccd89ab155b9@group-B3DADD874BD2-SegmentedRaftLogWorker: created new log segment /workdir/hadoop-ozone/integration-test/target/test-dir/MiniOzoneClusterImpl-36867613-8ee7-4520-b00b-3b3d201fc0d0/datanode-2/data/ratis/68f86c7c-1b59-4488-8b0f-b3dadd874bd2/current/log_inprogress_0
2019-10-01 03:37:35,920 [337eeeca-189e-484a-8ae8-9f26fc3b75ba@group-403EB97D77B2-LeaderElection29] INFO  impl.LeaderElection (LeaderElection.java:askForVotes(178)) - 337eeeca-189e-484a-8ae8-9f26fc3b75ba@group-403EB97D77B2-LeaderElection29: begin an election at term 1 for -1: [337eeeca-189e-484a-8ae8-9f26fc3b75ba:192.168.151.109:33920, 9df5af2a-73e5-4e4a-9c0b-ccd89ab155b9:192.168.151.109:44053, 1e85a46c-0611-47c1-8e7b-e152e7434ac8:192.168.151.109:36294], old=null
2019-10-01 03:37:35,946 [grpc-default-executor-0] INFO  impl.RaftServerImpl (RaftServerImpl.java:setRole(170)) - 9df5af2a-73e5-4e4a-9c0b-ccd89ab155b9@group-403EB97D77B2: changes role from  FOLLOWER to FOLLOWER at term 1 for recognizeCandidate:337eeeca-189e-484a-8ae8-9f26fc3b75ba
2019-10-01 03:37:35,946 [grpc-default-executor-1] INFO  impl.RaftServerImpl (RaftServerImpl.java:setRole(170)) - 1e85a46c-0611-47c1-8e7b-e152e7434ac8@group-403EB97D77B2: changes role from  FOLLOWER to FOLLOWER at term 1 for recognizeCandidate:337eeeca-189e-484a-8ae8-9f26fc3b75ba
2019-10-01 03:37:35,946 [grpc-default-executor-0] INFO  impl.RoleInfo (RoleInfo.java:shutdownFollowerState(121)) - 9df5af2a-73e5-4e4a-9c0b-ccd89ab155b9: shutdown FollowerState
2019-10-01 03:37:35,946 [grpc-default-executor-1] INFO  impl.RoleInfo (RoleInfo.java:shutdownFollowerState(121)) - 1e85a46c-0611-47c1-8e7b-e152e7434ac8: shutdown FollowerState
2019-10-01 03:37:35,947 [grpc-default-executor-0] INFO  impl.RoleInfo (RoleInfo.java:updateAndGet(143)) - 9df5af2a-73e5-4e4a-9c0b-ccd89ab155b9: start FollowerState
2019-10-01 03:37:35,947 [Thread-1401] INFO  impl.FollowerState (FollowerState.java:run(117)) - 9df5af2a-73e5-4e4a-9c0b-ccd89ab155b9@group-403EB97D77B2-FollowerState was interrupted: java.lang.InterruptedException: sleep interrupted
2019-10-01 03:37:35,947 [grpc-default-executor-1] INFO  impl.RoleInfo (RoleInfo.java:updateAndGet(143)) - 1e85a46c-0611-47c1-8e7b-e152e7434ac8: start FollowerState
2019-10-01 03:37:35,947 [Thread-1398] INFO  impl.FollowerState (FollowerState.java:run(117)) - 1e85a46c-0611-47c1-8e7b-e152e7434ac8@group-403EB97D77B2-FollowerState was interrupted: java.lang.InterruptedException: sleep interrupted
2019-10-01 03:37:35,979 [337eeeca-189e-484a-8ae8-9f26fc3b75ba@group-403EB97D77B2-LeaderElection29] INFO  impl.LeaderElection (LeaderElection.java:logAndReturn(56)) - 337eeeca-189e-484a-8ae8-9f26fc3b75ba@group-403EB97D77B2-LeaderElection29: Election PASSED; received 1 response(s) [337eeeca-189e-484a-8ae8-9f26fc3b75ba<-1e85a46c-0611-47c1-8e7b-e152e7434ac8#0:OK-t1] and 0 exception(s); 337eeeca-189e-484a-8ae8-9f26fc3b75ba@group-403EB97D77B2:t1, leader=null, voted=337eeeca-189e-484a-8ae8-9f26fc3b75ba, raftlog=337eeeca-189e-484a-8ae8-9f26fc3b75ba@group-403EB97D77B2-SegmentedRaftLog:OPENED:c-1,f-1,i0, conf=-1: [337eeeca-189e-484a-8ae8-9f26fc3b75ba:192.168.151.109:33920, 9df5af2a-73e5-4e4a-9c0b-ccd89ab155b9:192.168.151.109:44053, 1e85a46c-0611-47c1-8e7b-e152e7434ac8:192.168.151.109:36294], old=null
2019-10-01 03:37:35,980 [337eeeca-189e-484a-8ae8-9f26fc3b75ba@group-403EB97D77B2-LeaderElection29] INFO  impl.RoleInfo (RoleInfo.java:shutdownLeaderElection(134)) - 337eeeca-189e-484a-8ae8-9f26fc3b75ba: shutdown LeaderElection
2019-10-01 03:37:35,980 [337eeeca-189e-484a-8ae8-9f26fc3b75ba@group-403EB97D77B2-LeaderElection29] INFO  impl.RaftServerImpl (RaftServerImpl.java:setRole(170)) - 337eeeca-189e-484a-8ae8-9f26fc3b75ba@group-403EB97D77B2: changes role from CANDIDATE to LEADER at term 1 for changeToLeader
2019-10-01 03:37:35,980 [337eeeca-189e-484a-8ae8-9f26fc3b75ba@group-403EB97D77B2-LeaderElection29] INFO  impl.RaftServerImpl (ServerState.java:setLeader(255)) - 337eeeca-189e-484a-8ae8-9f26fc3b75ba@group-403EB97D77B2: change Leader from null to 337eeeca-189e-484a-8ae8-9f26fc3b75ba at term 1 for becomeLeader, leader elected after 5129ms
2019-10-01 03:37:35,980 [337eeeca-189e-484a-8ae8-9f26fc3b75ba@group-403EB97D77B2-LeaderElection29] INFO  server.RaftServerConfigKeys (ConfUtils.java:logGet(43)) - raft.server.staging.catchup.gap = 1000 (default)
2019-10-01 03:37:35,980 [337eeeca-189e-484a-8ae8-9f26fc3b75ba@group-403EB97D77B2-LeaderElection29] INFO  server.RaftServerConfigKeys (ConfUtils.java:logGet(43)) - raft.server.rpc.sleep.time = 25ms (default)
2019-10-01 03:37:35,980 [337eeeca-189e-484a-8ae8-9f26fc3b75ba@group-403EB97D77B2-LeaderElection29] INFO  server.RaftServerConfigKeys (ConfUtils.java:logGet(43)) - raft.server.write.element-limit = 4096 (default)
2019-10-01 03:37:35,980 [337eeeca-189e-484a-8ae8-9f26fc3b75ba@group-403EB97D77B2-LeaderElection29] INFO  server.RaftServerConfigKeys (ConfUtils.java:logGet(43)) - raft.server.watch.timeout = 10s (default)
2019-10-01 03:37:35,980 [337eeeca-189e-484a-8ae8-9f26fc3b75ba@group-403EB97D77B2-LeaderElection29] INFO  server.RaftServerConfigKeys (ConfUtils.java:logGet(43)) - raft.server.watch.timeout.denomination = 1s (default)
2019-10-01 03:37:35,981 [337eeeca-189e-484a-8ae8-9f26fc3b75ba@group-403EB97D77B2-LeaderElection29] INFO  server.RaftServerConfigKeys (ConfUtils.java:logGet(43)) - raft.server.watch.element-limit = 65536 (default)
2019-10-01 03:37:35,983 [337eeeca-189e-484a-8ae8-9f26fc3b75ba@group-403EB97D77B2-LeaderElection29] INFO  server.RaftServerConfigKeys (ConfUtils.java:logGet(43)) - raft.server.log.appender.snapshot.chunk.size.max = 16MB (=16777216) (default)
2019-10-01 03:37:35,983 [337eeeca-189e-484a-8ae8-9f26fc3b75ba@group-403EB97D77B2-LeaderElection29] INFO  server.RaftServerConfigKeys (ConfUtils.java:logGet(43)) - raft.server.log.appender.buffer.byte-limit = 33554432 (custom)
2019-10-01 03:37:35,983 [337eeeca-189e-484a-8ae8-9f26fc3b75ba@group-403EB97D77B2-LeaderElection29] INFO  server.RaftServerConfigKeys (ConfUtils.java:logGet(43)) - raft.server.log.appender.buffer.element-limit = 1 (custom)
2019-10-01 03:37:35,984 [337eeeca-189e-484a-8ae8-9f26fc3b75ba@group-403EB97D77B2-LeaderElection29] INFO  grpc.GrpcConfigKeys$Server (ConfUtils.java:logGet(43)) - raft.grpc.server.leader.outstanding.appends.max = 128 (default)
2019-10-01 03:37:35,984 [337eeeca-189e-484a-8ae8-9f26fc3b75ba@group-403EB97D77B2-LeaderElection29] INFO  server.RaftServerConfigKeys (ConfUtils.java:logGet(43)) - raft.server.rpc.request.timeout = 3000ms (default)
2019-10-01 03:37:35,984 [337eeeca-189e-484a-8ae8-9f26fc3b75ba@group-403EB97D77B2-LeaderElection29] INFO  server.RaftServerConfigKeys (ConfUtils.java:logGet(43)) - raft.server.log.appender.install.snapshot.enabled = false (custom)
2019-10-01 03:37:35,984 [337eeeca-189e-484a-8ae8-9f26fc3b75ba@group-403EB97D77B2-LeaderElection29] INFO  server.RaftServerConfigKeys (ConfUtils.java:logGet(43)) - raft.server.log.appender.snapshot.chunk.size.max = 16MB (=16777216) (default)
2019-10-01 03:37:35,984 [337eeeca-189e-484a-8ae8-9f26fc3b75ba@group-403EB97D77B2-LeaderElection29] INFO  server.RaftServerConfigKeys (ConfUtils.java:logGet(43)) - raft.server.log.appender.buffer.byte-limit = 33554432 (custom)
2019-10-01 03:37:35,985 [337eeeca-189e-484a-8ae8-9f26fc3b75ba@group-403EB97D77B2-LeaderElection29] INFO  server.RaftServerConfigKeys (ConfUtils.java:logGet(43)) - raft.server.log.appender.buffer.element-limit = 1 (custom)
2019-10-01 03:37:35,985 [337eeeca-189e-484a-8ae8-9f26fc3b75ba@group-403EB97D77B2-LeaderElection29] INFO  grpc.GrpcConfigKeys$Server (ConfUtils.java:logGet(43)) - raft.grpc.server.leader.outstanding.appends.max = 128 (default)
2019-10-01 03:37:35,985 [337eeeca-189e-484a-8ae8-9f26fc3b75ba@group-403EB97D77B2-LeaderElection29] INFO  server.RaftServerConfigKeys (ConfUtils.java:logGet(43)) - raft.server.rpc.request.timeout = 3000ms (default)
2019-10-01 03:37:35,985 [337eeeca-189e-484a-8ae8-9f26fc3b75ba@group-403EB97D77B2-LeaderElection29] INFO  server.RaftServerConfigKeys (ConfUtils.java:logGet(43)) - raft.server.log.appender.install.snapshot.enabled = false (custom)
2019-10-01 03:37:35,985 [337eeeca-189e-484a-8ae8-9f26fc3b75ba@group-403EB97D77B2-LeaderElection29] INFO  impl.RoleInfo (RoleInfo.java:updateAndGet(143)) - 337eeeca-189e-484a-8ae8-9f26fc3b75ba: start LeaderState
2019-10-01 03:37:35,986 [337eeeca-189e-484a-8ae8-9f26fc3b75ba@group-403EB97D77B2-LeaderElection29] INFO  segmented.SegmentedRaftLogWorker (SegmentedRaftLogWorker.java:startLogSegment(385)) - 337eeeca-189e-484a-8ae8-9f26fc3b75ba@group-403EB97D77B2-SegmentedRaftLogWorker: Starting segment from index:0
2019-10-01 03:37:35,986 [337eeeca-189e-484a-8ae8-9f26fc3b75ba@group-403EB97D77B2-LeaderElection29] INFO  impl.RaftServerImpl (ServerState.java:setRaftConf(356)) - 337eeeca-189e-484a-8ae8-9f26fc3b75ba@group-403EB97D77B2: set configuration 0: [337eeeca-189e-484a-8ae8-9f26fc3b75ba:192.168.151.109:33920, 9df5af2a-73e5-4e4a-9c0b-ccd89ab155b9:192.168.151.109:44053, 1e85a46c-0611-47c1-8e7b-e152e7434ac8:192.168.151.109:36294], old=null at 0
2019-10-01 03:37:36,021 [grpc-default-executor-1] INFO  impl.RaftServerImpl (ServerState.java:setLeader(255)) - 1e85a46c-0611-47c1-8e7b-e152e7434ac8@group-403EB97D77B2: change Leader from null to 337eeeca-189e-484a-8ae8-9f26fc3b75ba at term 1 for appendEntries, leader elected after 5171ms
2019-10-01 03:37:36,021 [grpc-default-executor-0] INFO  impl.RaftServerImpl (ServerState.java:setLeader(255)) - 9df5af2a-73e5-4e4a-9c0b-ccd89ab155b9@group-403EB97D77B2: change Leader from null to 337eeeca-189e-484a-8ae8-9f26fc3b75ba at term 1 for appendEntries, leader elected after 5171ms
2019-10-01 03:37:36,029 [grpc-default-executor-0] INFO  impl.RaftServerImpl (ServerState.java:setRaftConf(356)) - 9df5af2a-73e5-4e4a-9c0b-ccd89ab155b9@group-403EB97D77B2: set configuration 0: [337eeeca-189e-484a-8ae8-9f26fc3b75ba:192.168.151.109:33920, 9df5af2a-73e5-4e4a-9c0b-ccd89ab155b9:192.168.151.109:44053, 1e85a46c-0611-47c1-8e7b-e152e7434ac8:192.168.151.109:36294], old=null at 0
2019-10-01 03:37:36,029 [grpc-default-executor-0] INFO  segmented.SegmentedRaftLogWorker (SegmentedRaftLogWorker.java:startLogSegment(385)) - 9df5af2a-73e5-4e4a-9c0b-ccd89ab155b9@group-403EB97D77B2-SegmentedRaftLogWorker: Starting segment from index:0
2019-10-01 03:37:36,029 [grpc-default-executor-1] INFO  impl.RaftServerImpl (ServerState.java:setRaftConf(356)) - 1e85a46c-0611-47c1-8e7b-e152e7434ac8@group-403EB97D77B2: set configuration 0: [337eeeca-189e-484a-8ae8-9f26fc3b75ba:192.168.151.109:33920, 9df5af2a-73e5-4e4a-9c0b-ccd89ab155b9:192.168.151.109:44053, 1e85a46c-0611-47c1-8e7b-e152e7434ac8:192.168.151.109:36294], old=null at 0
2019-10-01 03:37:36,029 [grpc-default-executor-1] INFO  segmented.SegmentedRaftLogWorker (SegmentedRaftLogWorker.java:startLogSegment(385)) - 1e85a46c-0611-47c1-8e7b-e152e7434ac8@group-403EB97D77B2-SegmentedRaftLogWorker: Starting segment from index:0
2019-10-01 03:37:36,032 [337eeeca-189e-484a-8ae8-9f26fc3b75ba@group-403EB97D77B2-SegmentedRaftLogWorker] INFO  segmented.SegmentedRaftLogWorker (SegmentedRaftLogWorker.java:execute(574)) - 337eeeca-189e-484a-8ae8-9f26fc3b75ba@group-403EB97D77B2-SegmentedRaftLogWorker: created new log segment /workdir/hadoop-ozone/integration-test/target/test-dir/MiniOzoneClusterImpl-36867613-8ee7-4520-b00b-3b3d201fc0d0/datanode-0/data/ratis/fd79f393-8fec-4590-8f18-403eb97d77b2/current/log_inprogress_0
2019-10-01 03:37:36,057 [Thread-1407] INFO  impl.FollowerState (FollowerState.java:run(108)) - 28aaf889-d1e2-47f9-961b-1305f40e494b@group-6543FDC63F5D-FollowerState: change to CANDIDATE, lastRpcTime:5128ms, electionTimeout:5128ms
2019-10-01 03:37:36,057 [Thread-1407] INFO  impl.RoleInfo (RoleInfo.java:shutdownFollowerState(121)) - 28aaf889-d1e2-47f9-961b-1305f40e494b: shutdown FollowerState
2019-10-01 03:37:36,057 [Thread-1407] INFO  impl.RaftServerImpl (RaftServerImpl.java:setRole(170)) - 28aaf889-d1e2-47f9-961b-1305f40e494b@group-6543FDC63F5D: changes role from  FOLLOWER to CANDIDATE at term 0 for changeToCandidate
2019-10-01 03:37:36,057 [Thread-1407] INFO  impl.RoleInfo (RoleInfo.java:updateAndGet(143)) - 28aaf889-d1e2-47f9-961b-1305f40e494b: start LeaderElection
2019-10-01 03:37:36,065 [1e85a46c-0611-47c1-8e7b-e152e7434ac8@group-403EB97D77B2-SegmentedRaftLogWorker] INFO  segmented.SegmentedRaftLogWorker (SegmentedRaftLogWorker.java:execute(574)) - 1e85a46c-0611-47c1-8e7b-e152e7434ac8@group-403EB97D77B2-SegmentedRaftLogWorker: created new log segment /workdir/hadoop-ozone/integration-test/target/test-dir/MiniOzoneClusterImpl-36867613-8ee7-4520-b00b-3b3d201fc0d0/datanode-1/data/ratis/fd79f393-8fec-4590-8f18-403eb97d77b2/current/log_inprogress_0
2019-10-01 03:37:36,065 [9df5af2a-73e5-4e4a-9c0b-ccd89ab155b9@group-403EB97D77B2-SegmentedRaftLogWorker] INFO  segmented.SegmentedRaftLogWorker (SegmentedRaftLogWorker.java:execute(574)) - 9df5af2a-73e5-4e4a-9c0b-ccd89ab155b9@group-403EB97D77B2-SegmentedRaftLogWorker: created new log segment /workdir/hadoop-ozone/integration-test/target/test-dir/MiniOzoneClusterImpl-36867613-8ee7-4520-b00b-3b3d201fc0d0/datanode-2/data/ratis/fd79f393-8fec-4590-8f18-403eb97d77b2/current/log_inprogress_0
2019-10-01 03:37:36,080 [28aaf889-d1e2-47f9-961b-1305f40e494b@group-6543FDC63F5D-LeaderElection30] INFO  impl.LeaderElection (LeaderElection.java:askForVotes(178)) - 28aaf889-d1e2-47f9-961b-1305f40e494b@group-6543FDC63F5D-LeaderElection30: begin an election at term 1 for -1: [28aaf889-d1e2-47f9-961b-1305f40e494b:192.168.151.109:34408], old=null
2019-10-01 03:37:36,080 [28aaf889-d1e2-47f9-961b-1305f40e494b@group-6543FDC63F5D-LeaderElection30] INFO  impl.RoleInfo (RoleInfo.java:shutdownLeaderElection(134)) - 28aaf889-d1e2-47f9-961b-1305f40e494b: shutdown LeaderElection
2019-10-01 03:37:36,081 [28aaf889-d1e2-47f9-961b-1305f40e494b@group-6543FDC63F5D-LeaderElection30] INFO  impl.RaftServerImpl (RaftServerImpl.java:setRole(170)) - 28aaf889-d1e2-47f9-961b-1305f40e494b@group-6543FDC63F5D: changes role from CANDIDATE to LEADER at term 1 for changeToLeader
2019-10-01 03:37:36,081 [28aaf889-d1e2-47f9-961b-1305f40e494b@group-6543FDC63F5D-LeaderElection30] INFO  impl.RaftServerImpl (ServerState.java:setLeader(255)) - 28aaf889-d1e2-47f9-961b-1305f40e494b@group-6543FDC63F5D: change Leader from null to 28aaf889-d1e2-47f9-961b-1305f40e494b at term 1 for becomeLeader, leader elected after 5157ms
2019-10-01 03:37:36,081 [28aaf889-d1e2-47f9-961b-1305f40e494b@group-6543FDC63F5D-LeaderElection30] INFO  server.RaftServerConfigKeys (ConfUtils.java:logGet(43)) - raft.server.staging.catchup.gap = 1000 (default)
2019-10-01 03:37:36,081 [28aaf889-d1e2-47f9-961b-1305f40e494b@group-6543FDC63F5D-LeaderElection30] INFO  server.RaftServerConfigKeys (ConfUtils.java:logGet(43)) - raft.server.rpc.sleep.time = 25ms (default)
2019-10-01 03:37:36,081 [28aaf889-d1e2-47f9-961b-1305f40e494b@group-6543FDC63F5D-LeaderElection30] INFO  server.RaftServerConfigKeys (ConfUtils.java:logGet(43)) - raft.server.write.element-limit = 4096 (default)
2019-10-01 03:37:36,081 [28aaf889-d1e2-47f9-961b-1305f40e494b@group-6543FDC63F5D-LeaderElection30] INFO  server.RaftServerConfigKeys (ConfUtils.java:logGet(43)) - raft.server.watch.timeout = 10s (default)
2019-10-01 03:37:36,081 [28aaf889-d1e2-47f9-961b-1305f40e494b@group-6543FDC63F5D-LeaderElection30] INFO  server.RaftServerConfigKeys (ConfUtils.java:logGet(43)) - raft.server.watch.timeout.denomination = 1s (default)
2019-10-01 03:37:36,082 [28aaf889-d1e2-47f9-961b-1305f40e494b@group-6543FDC63F5D-LeaderElection30] INFO  server.RaftServerConfigKeys (ConfUtils.java:logGet(43)) - raft.server.watch.element-limit = 65536 (default)
2019-10-01 03:37:36,083 [28aaf889-d1e2-47f9-961b-1305f40e494b@group-6543FDC63F5D-LeaderElection30] INFO  impl.RoleInfo (RoleInfo.java:updateAndGet(143)) - 28aaf889-d1e2-47f9-961b-1305f40e494b: start LeaderState
2019-10-01 03:37:36,084 [28aaf889-d1e2-47f9-961b-1305f40e494b@group-6543FDC63F5D-LeaderElection30] INFO  segmented.SegmentedRaftLogWorker (SegmentedRaftLogWorker.java:startLogSegment(385)) - 28aaf889-d1e2-47f9-961b-1305f40e494b@group-6543FDC63F5D-SegmentedRaftLogWorker: Starting segment from index:0
2019-10-01 03:37:36,084 [28aaf889-d1e2-47f9-961b-1305f40e494b@group-6543FDC63F5D-LeaderElection30] INFO  impl.RaftServerImpl (ServerState.java:setRaftConf(356)) - 28aaf889-d1e2-47f9-961b-1305f40e494b@group-6543FDC63F5D: set configuration 0: [28aaf889-d1e2-47f9-961b-1305f40e494b:192.168.151.109:34408], old=null at 0
2019-10-01 03:37:36,125 [28aaf889-d1e2-47f9-961b-1305f40e494b@group-6543FDC63F5D-SegmentedRaftLogWorker] INFO  segmented.SegmentedRaftLogWorker (SegmentedRaftLogWorker.java:execute(574)) - 28aaf889-d1e2-47f9-961b-1305f40e494b@group-6543FDC63F5D-SegmentedRaftLogWorker: created new log segment /workdir/hadoop-ozone/integration-test/target/test-dir/MiniOzoneClusterImpl-36867613-8ee7-4520-b00b-3b3d201fc0d0/datanode-3/data/ratis/2705ac2a-073a-4299-a487-6543fdc63f5d/current/log_inprogress_0
2019-10-01 03:37:36,160 [Thread-1410] INFO  impl.FollowerState (FollowerState.java:run(108)) - c5c3ee98-126e-4756-b6c5-4783d77f7866@group-2233BCB1675A-FollowerState: change to CANDIDATE, lastRpcTime:5187ms, electionTimeout:5187ms
2019-10-01 03:37:36,161 [Thread-1410] INFO  impl.RoleInfo (RoleInfo.java:shutdownFollowerState(121)) - c5c3ee98-126e-4756-b6c5-4783d77f7866: shutdown FollowerState
2019-10-01 03:37:36,161 [Thread-1410] INFO  impl.RaftServerImpl (RaftServerImpl.java:setRole(170)) - c5c3ee98-126e-4756-b6c5-4783d77f7866@group-2233BCB1675A: changes role from  FOLLOWER to CANDIDATE at term 0 for changeToCandidate
2019-10-01 03:37:36,161 [Thread-1410] INFO  impl.RoleInfo (RoleInfo.java:updateAndGet(143)) - c5c3ee98-126e-4756-b6c5-4783d77f7866: start LeaderElection
2019-10-01 03:37:36,175 [Thread-1421] INFO  impl.FollowerState (FollowerState.java:run(108)) - 38045bdc-efe1-41de-b10f-282aa371af62@group-6D2CCA170B3E-FollowerState: change to CANDIDATE, lastRpcTime:5016ms, electionTimeout:5013ms
2019-10-01 03:37:36,175 [Thread-1421] INFO  impl.RoleInfo (RoleInfo.java:shutdownFollowerState(121)) - 38045bdc-efe1-41de-b10f-282aa371af62: shutdown FollowerState
2019-10-01 03:37:36,175 [Thread-1421] INFO  impl.RaftServerImpl (RaftServerImpl.java:setRole(170)) - 38045bdc-efe1-41de-b10f-282aa371af62@group-6D2CCA170B3E: changes role from  FOLLOWER to CANDIDATE at term 0 for changeToCandidate
2019-10-01 03:37:36,175 [Thread-1421] INFO  impl.RoleInfo (RoleInfo.java:updateAndGet(143)) - 38045bdc-efe1-41de-b10f-282aa371af62: start LeaderElection
2019-10-01 03:37:36,188 [c5c3ee98-126e-4756-b6c5-4783d77f7866@group-2233BCB1675A-LeaderElection31] INFO  impl.LeaderElection (LeaderElection.java:askForVotes(178)) - c5c3ee98-126e-4756-b6c5-4783d77f7866@group-2233BCB1675A-LeaderElection31: begin an election at term 1 for -1: [c5c3ee98-126e-4756-b6c5-4783d77f7866:192.168.151.109:36754], old=null
2019-10-01 03:37:36,188 [38045bdc-efe1-41de-b10f-282aa371af62@group-6D2CCA170B3E-LeaderElection32] INFO  impl.LeaderElection (LeaderElection.java:askForVotes(178)) - 38045bdc-efe1-41de-b10f-282aa371af62@group-6D2CCA170B3E-LeaderElection32: begin an election at term 1 for -1: [38045bdc-efe1-41de-b10f-282aa371af62:192.168.151.109:33776, 28aaf889-d1e2-47f9-961b-1305f40e494b:192.168.151.109:34408, c5c3ee98-126e-4756-b6c5-4783d77f7866:192.168.151.109:36754], old=null
2019-10-01 03:37:36,188 [c5c3ee98-126e-4756-b6c5-4783d77f7866@group-2233BCB1675A-LeaderElection31] INFO  impl.RoleInfo (RoleInfo.java:shutdownLeaderElection(134)) - c5c3ee98-126e-4756-b6c5-4783d77f7866: shutdown LeaderElection
2019-10-01 03:37:36,189 [c5c3ee98-126e-4756-b6c5-4783d77f7866@group-2233BCB1675A-LeaderElection31] INFO  impl.RaftServerImpl (RaftServerImpl.java:setRole(170)) - c5c3ee98-126e-4756-b6c5-4783d77f7866@group-2233BCB1675A: changes role from CANDIDATE to LEADER at term 1 for changeToLeader
2019-10-01 03:37:36,189 [c5c3ee98-126e-4756-b6c5-4783d77f7866@group-2233BCB1675A-LeaderElection31] INFO  impl.RaftServerImpl (ServerState.java:setLeader(255)) - c5c3ee98-126e-4756-b6c5-4783d77f7866@group-2233BCB1675A: change Leader from null to c5c3ee98-126e-4756-b6c5-4783d77f7866 at term 1 for becomeLeader, leader elected after 5223ms
2019-10-01 03:37:36,189 [c5c3ee98-126e-4756-b6c5-4783d77f7866@group-2233BCB1675A-LeaderElection31] INFO  server.RaftServerConfigKeys (ConfUtils.java:logGet(43)) - raft.server.staging.catchup.gap = 1000 (default)
2019-10-01 03:37:36,189 [c5c3ee98-126e-4756-b6c5-4783d77f7866@group-2233BCB1675A-LeaderElection31] INFO  server.RaftServerConfigKeys (ConfUtils.java:logGet(43)) - raft.server.rpc.sleep.time = 25ms (default)
2019-10-01 03:37:36,189 [c5c3ee98-126e-4756-b6c5-4783d77f7866@group-2233BCB1675A-LeaderElection31] INFO  server.RaftServerConfigKeys (ConfUtils.java:logGet(43)) - raft.server.write.element-limit = 4096 (default)
2019-10-01 03:37:36,189 [c5c3ee98-126e-4756-b6c5-4783d77f7866@group-2233BCB1675A-LeaderElection31] INFO  server.RaftServerConfigKeys (ConfUtils.java:logGet(43)) - raft.server.watch.timeout = 10s (default)
2019-10-01 03:37:36,190 [c5c3ee98-126e-4756-b6c5-4783d77f7866@group-2233BCB1675A-LeaderElection31] INFO  server.RaftServerConfigKeys (ConfUtils.java:logGet(43)) - raft.server.watch.timeout.denomination = 1s (default)
2019-10-01 03:37:36,190 [c5c3ee98-126e-4756-b6c5-4783d77f7866@group-2233BCB1675A-LeaderElection31] INFO  server.RaftServerConfigKeys (ConfUtils.java:logGet(43)) - raft.server.watch.element-limit = 65536 (default)
2019-10-01 03:37:36,192 [c5c3ee98-126e-4756-b6c5-4783d77f7866@group-2233BCB1675A-LeaderElection31] INFO  impl.RoleInfo (RoleInfo.java:updateAndGet(143)) - c5c3ee98-126e-4756-b6c5-4783d77f7866: start LeaderState
2019-10-01 03:37:36,192 [c5c3ee98-126e-4756-b6c5-4783d77f7866@group-2233BCB1675A-LeaderElection31] INFO  segmented.SegmentedRaftLogWorker (SegmentedRaftLogWorker.java:startLogSegment(385)) - c5c3ee98-126e-4756-b6c5-4783d77f7866@group-2233BCB1675A-SegmentedRaftLogWorker: Starting segment from index:0
2019-10-01 03:37:36,196 [grpc-default-executor-0] INFO  impl.RaftServerImpl (RaftServerImpl.java:setRole(170)) - 28aaf889-d1e2-47f9-961b-1305f40e494b@group-6D2CCA170B3E: changes role from  FOLLOWER to FOLLOWER at term 1 for recognizeCandidate:38045bdc-efe1-41de-b10f-282aa371af62
2019-10-01 03:37:36,196 [grpc-default-executor-1] INFO  impl.RaftServerImpl (RaftServerImpl.java:setRole(170)) - c5c3ee98-126e-4756-b6c5-4783d77f7866@group-6D2CCA170B3E: changes role from  FOLLOWER to FOLLOWER at term 1 for recognizeCandidate:38045bdc-efe1-41de-b10f-282aa371af62
2019-10-01 03:37:36,196 [c5c3ee98-126e-4756-b6c5-4783d77f7866@group-2233BCB1675A-LeaderElection31] INFO  impl.RaftServerImpl (ServerState.java:setRaftConf(356)) - c5c3ee98-126e-4756-b6c5-4783d77f7866@group-2233BCB1675A: set configuration 0: [c5c3ee98-126e-4756-b6c5-4783d77f7866:192.168.151.109:36754], old=null at 0
2019-10-01 03:37:36,196 [grpc-default-executor-0] INFO  impl.RoleInfo (RoleInfo.java:shutdownFollowerState(121)) - 28aaf889-d1e2-47f9-961b-1305f40e494b: shutdown FollowerState
2019-10-01 03:37:36,197 [grpc-default-executor-1] INFO  impl.RoleInfo (RoleInfo.java:shutdownFollowerState(121)) - c5c3ee98-126e-4756-b6c5-4783d77f7866: shutdown FollowerState
2019-10-01 03:37:36,197 [Thread-1423] INFO  impl.FollowerState (FollowerState.java:run(117)) - 28aaf889-d1e2-47f9-961b-1305f40e494b@group-6D2CCA170B3E-FollowerState was interrupted: java.lang.InterruptedException: sleep interrupted
2019-10-01 03:37:36,197 [grpc-default-executor-0] INFO  impl.RoleInfo (RoleInfo.java:updateAndGet(143)) - 28aaf889-d1e2-47f9-961b-1305f40e494b: start FollowerState
2019-10-01 03:37:36,230 [Thread-1422] INFO  impl.FollowerState (FollowerState.java:run(117)) - c5c3ee98-126e-4756-b6c5-4783d77f7866@group-6D2CCA170B3E-FollowerState was interrupted: java.lang.InterruptedException: sleep interrupted
2019-10-01 03:37:36,230 [Thread-1416] INFO  impl.FollowerState (FollowerState.java:run(108)) - 38045bdc-efe1-41de-b10f-282aa371af62@group-74BC1E1D43C8-FollowerState: change to CANDIDATE, lastRpcTime:5141ms, electionTimeout:5110ms
2019-10-01 03:37:36,230 [Thread-1413] INFO  impl.FollowerState (FollowerState.java:run(108)) - dde6dfee-c234-49d8-8ff6-60b9a3571463@group-9B2D0244CEF2-FollowerState: change to CANDIDATE, lastRpcTime:5193ms, electionTimeout:5171ms
2019-10-01 03:37:36,197 [grpc-default-executor-1] INFO  impl.RoleInfo (RoleInfo.java:updateAndGet(143)) - c5c3ee98-126e-4756-b6c5-4783d77f7866: start FollowerState
2019-10-01 03:37:36,233 [Thread-1413] INFO  impl.RoleInfo (RoleInfo.java:shutdownFollowerState(121)) - dde6dfee-c234-49d8-8ff6-60b9a3571463: shutdown FollowerState
2019-10-01 03:37:36,233 [Thread-1416] INFO  impl.RoleInfo (RoleInfo.java:shutdownFollowerState(121)) - 38045bdc-efe1-41de-b10f-282aa371af62: shutdown FollowerState
2019-10-01 03:37:36,233 [Thread-1416] INFO  impl.RaftServerImpl (RaftServerImpl.java:setRole(170)) - 38045bdc-efe1-41de-b10f-282aa371af62@group-74BC1E1D43C8: changes role from  FOLLOWER to CANDIDATE at term 0 for changeToCandidate
2019-10-01 03:37:36,233 [Thread-1416] INFO  impl.RoleInfo (RoleInfo.java:updateAndGet(143)) - 38045bdc-efe1-41de-b10f-282aa371af62: start LeaderElection
2019-10-01 03:37:36,234 [Thread-1413] INFO  impl.RaftServerImpl (RaftServerImpl.java:setRole(170)) - dde6dfee-c234-49d8-8ff6-60b9a3571463@group-9B2D0244CEF2: changes role from  FOLLOWER to CANDIDATE at term 0 for changeToCandidate
2019-10-01 03:37:36,234 [Thread-1413] INFO  impl.RoleInfo (RoleInfo.java:updateAndGet(143)) - dde6dfee-c234-49d8-8ff6-60b9a3571463: start LeaderElection
2019-10-01 03:37:36,243 [c5c3ee98-126e-4756-b6c5-4783d77f7866@group-2233BCB1675A-SegmentedRaftLogWorker] INFO  segmented.SegmentedRaftLogWorker (SegmentedRaftLogWorker.java:execute(574)) - c5c3ee98-126e-4756-b6c5-4783d77f7866@group-2233BCB1675A-SegmentedRaftLogWorker: created new log segment /workdir/hadoop-ozone/integration-test/target/test-dir/MiniOzoneClusterImpl-36867613-8ee7-4520-b00b-3b3d201fc0d0/datanode-4/data/ratis/7a4458df-7526-4415-a06c-2233bcb1675a/current/log_inprogress_0
2019-10-01 03:37:36,247 [38045bdc-efe1-41de-b10f-282aa371af62@group-6D2CCA170B3E-LeaderElection32] INFO  impl.LeaderElection (LeaderElection.java:logAndReturn(56)) - 38045bdc-efe1-41de-b10f-282aa371af62@group-6D2CCA170B3E-LeaderElection32: Election PASSED; received 1 response(s) [38045bdc-efe1-41de-b10f-282aa371af62<-28aaf889-d1e2-47f9-961b-1305f40e494b#0:OK-t1] and 0 exception(s); 38045bdc-efe1-41de-b10f-282aa371af62@group-6D2CCA170B3E:t1, leader=null, voted=38045bdc-efe1-41de-b10f-282aa371af62, raftlog=38045bdc-efe1-41de-b10f-282aa371af62@group-6D2CCA170B3E-SegmentedRaftLog:OPENED:c-1,f-1,i0, conf=-1: [38045bdc-efe1-41de-b10f-282aa371af62:192.168.151.109:33776, 28aaf889-d1e2-47f9-961b-1305f40e494b:192.168.151.109:34408, c5c3ee98-126e-4756-b6c5-4783d77f7866:192.168.151.109:36754], old=null
2019-10-01 03:37:36,247 [38045bdc-efe1-41de-b10f-282aa371af62@group-6D2CCA170B3E-LeaderElection32] INFO  impl.RoleInfo (RoleInfo.java:shutdownLeaderElection(134)) - 38045bdc-efe1-41de-b10f-282aa371af62: shutdown LeaderElection
2019-10-01 03:37:36,247 [38045bdc-efe1-41de-b10f-282aa371af62@group-6D2CCA170B3E-LeaderElection32] INFO  impl.RaftServerImpl (RaftServerImpl.java:setRole(170)) - 38045bdc-efe1-41de-b10f-282aa371af62@group-6D2CCA170B3E: changes role from CANDIDATE to LEADER at term 1 for changeToLeader
2019-10-01 03:37:36,247 [38045bdc-efe1-41de-b10f-282aa371af62@group-6D2CCA170B3E-LeaderElection32] INFO  impl.RaftServerImpl (ServerState.java:setLeader(255)) - 38045bdc-efe1-41de-b10f-282aa371af62@group-6D2CCA170B3E: change Leader from null to 38045bdc-efe1-41de-b10f-282aa371af62 at term 1 for becomeLeader, leader elected after 5104ms
2019-10-01 03:37:36,247 [38045bdc-efe1-41de-b10f-282aa371af62@group-6D2CCA170B3E-LeaderElection32] INFO  server.RaftServerConfigKeys (ConfUtils.java:logGet(43)) - raft.server.staging.catchup.gap = 1000 (default)
2019-10-01 03:37:36,247 [38045bdc-efe1-41de-b10f-282aa371af62@group-6D2CCA170B3E-LeaderElection32] INFO  server.RaftServerConfigKeys (ConfUtils.java:logGet(43)) - raft.server.rpc.sleep.time = 25ms (default)
2019-10-01 03:37:36,248 [38045bdc-efe1-41de-b10f-282aa371af62@group-6D2CCA170B3E-LeaderElection32] INFO  server.RaftServerConfigKeys (ConfUtils.java:logGet(43)) - raft.server.write.element-limit = 4096 (default)
2019-10-01 03:37:36,248 [38045bdc-efe1-41de-b10f-282aa371af62@group-6D2CCA170B3E-LeaderElection32] INFO  server.RaftServerConfigKeys (ConfUtils.java:logGet(43)) - raft.server.watch.timeout = 10s (default)
2019-10-01 03:37:36,248 [38045bdc-efe1-41de-b10f-282aa371af62@group-6D2CCA170B3E-LeaderElection32] INFO  server.RaftServerConfigKeys (ConfUtils.java:logGet(43)) - raft.server.watch.timeout.denomination = 1s (default)
2019-10-01 03:37:36,248 [38045bdc-efe1-41de-b10f-282aa371af62@group-6D2CCA170B3E-LeaderElection32] INFO  server.RaftServerConfigKeys (ConfUtils.java:logGet(43)) - raft.server.watch.element-limit = 65536 (default)
2019-10-01 03:37:36,253 [38045bdc-efe1-41de-b10f-282aa371af62@group-6D2CCA170B3E-LeaderElection32] INFO  server.RaftServerConfigKeys (ConfUtils.java:logGet(43)) - raft.server.log.appender.snapshot.chunk.size.max = 16MB (=16777216) (default)
2019-10-01 03:37:36,254 [38045bdc-efe1-41de-b10f-282aa371af62@group-6D2CCA170B3E-LeaderElection32] INFO  server.RaftServerConfigKeys (ConfUtils.java:logGet(43)) - raft.server.log.appender.buffer.byte-limit = 33554432 (custom)
2019-10-01 03:37:36,257 [38045bdc-efe1-41de-b10f-282aa371af62@group-6D2CCA170B3E-LeaderElection32] INFO  server.RaftServerConfigKeys (ConfUtils.java:logGet(43)) - raft.server.log.appender.buffer.element-limit = 1 (custom)
2019-10-01 03:37:36,259 [38045bdc-efe1-41de-b10f-282aa371af62@group-74BC1E1D43C8-LeaderElection33] INFO  impl.LeaderElection (LeaderElection.java:askForVotes(178)) - 38045bdc-efe1-41de-b10f-282aa371af62@group-74BC1E1D43C8-LeaderElection33: begin an election at term 1 for -1: [38045bdc-efe1-41de-b10f-282aa371af62:192.168.151.109:33776], old=null
2019-10-01 03:37:36,261 [38045bdc-efe1-41de-b10f-282aa371af62@group-6D2CCA170B3E-LeaderElection32] INFO  grpc.GrpcConfigKeys$Server (ConfUtils.java:logGet(43)) - raft.grpc.server.leader.outstanding.appends.max = 128 (default)
2019-10-01 03:37:36,261 [dde6dfee-c234-49d8-8ff6-60b9a3571463@group-9B2D0244CEF2-LeaderElection34] INFO  impl.LeaderElection (LeaderElection.java:askForVotes(178)) - dde6dfee-c234-49d8-8ff6-60b9a3571463@group-9B2D0244CEF2-LeaderElection34: begin an election at term 1 for -1: [dde6dfee-c234-49d8-8ff6-60b9a3571463:192.168.151.109:45910], old=null
2019-10-01 03:37:36,263 [38045bdc-efe1-41de-b10f-282aa371af62@group-6D2CCA170B3E-LeaderElection32] INFO  server.RaftServerConfigKeys (ConfUtils.java:logGet(43)) - raft.server.rpc.request.timeout = 3000ms (default)
2019-10-01 03:37:36,265 [38045bdc-efe1-41de-b10f-282aa371af62@group-6D2CCA170B3E-LeaderElection32] INFO  server.RaftServerConfigKeys (ConfUtils.java:logGet(43)) - raft.server.log.appender.install.snapshot.enabled = false (custom)
2019-10-01 03:37:36,261 [38045bdc-efe1-41de-b10f-282aa371af62@group-74BC1E1D43C8-LeaderElection33] INFO  impl.RoleInfo (RoleInfo.java:shutdownLeaderElection(134)) - 38045bdc-efe1-41de-b10f-282aa371af62: shutdown LeaderElection
2019-10-01 03:37:36,267 [38045bdc-efe1-41de-b10f-282aa371af62@group-6D2CCA170B3E-LeaderElection32] INFO  server.RaftServerConfigKeys (ConfUtils.java:logGet(43)) - raft.server.log.appender.snapshot.chunk.size.max = 16MB (=16777216) (default)
2019-10-01 03:37:36,263 [dde6dfee-c234-49d8-8ff6-60b9a3571463@group-9B2D0244CEF2-LeaderElection34] INFO  impl.RoleInfo (RoleInfo.java:shutdownLeaderElection(134)) - dde6dfee-c234-49d8-8ff6-60b9a3571463: shutdown LeaderElection
2019-10-01 03:37:36,267 [38045bdc-efe1-41de-b10f-282aa371af62@group-6D2CCA170B3E-LeaderElection32] INFO  server.RaftServerConfigKeys (ConfUtils.java:logGet(43)) - raft.server.log.appender.buffer.byte-limit = 33554432 (custom)
2019-10-01 03:37:36,267 [38045bdc-efe1-41de-b10f-282aa371af62@group-6D2CCA170B3E-LeaderElection32] INFO  server.RaftServerConfigKeys (ConfUtils.java:logGet(43)) - raft.server.log.appender.buffer.element-limit = 1 (custom)
2019-10-01 03:37:36,267 [38045bdc-efe1-41de-b10f-282aa371af62@group-74BC1E1D43C8-LeaderElection33] INFO  impl.RaftServerImpl (RaftServerImpl.java:setRole(170)) - 38045bdc-efe1-41de-b10f-282aa371af62@group-74BC1E1D43C8: changes role from CANDIDATE to LEADER at term 1 for changeToLeader
2019-10-01 03:37:36,267 [38045bdc-efe1-41de-b10f-282aa371af62@group-6D2CCA170B3E-LeaderElection32] INFO  grpc.GrpcConfigKeys$Server (ConfUtils.java:logGet(43)) - raft.grpc.server.leader.outstanding.appends.max = 128 (default)
2019-10-01 03:37:36,267 [dde6dfee-c234-49d8-8ff6-60b9a3571463@group-9B2D0244CEF2-LeaderElection34] INFO  impl.RaftServerImpl (RaftServerImpl.java:setRole(170)) - dde6dfee-c234-49d8-8ff6-60b9a3571463@group-9B2D0244CEF2: changes role from CANDIDATE to LEADER at term 1 for changeToLeader
2019-10-01 03:37:36,268 [38045bdc-efe1-41de-b10f-282aa371af62@group-6D2CCA170B3E-LeaderElection32] INFO  server.RaftServerConfigKeys (ConfUtils.java:logGet(43)) - raft.server.rpc.request.timeout = 3000ms (default)
2019-10-01 03:37:36,268 [38045bdc-efe1-41de-b10f-282aa371af62@group-74BC1E1D43C8-LeaderElection33] INFO  impl.RaftServerImpl (ServerState.java:setLeader(255)) - 38045bdc-efe1-41de-b10f-282aa371af62@group-74BC1E1D43C8: change Leader from null to 38045bdc-efe1-41de-b10f-282aa371af62 at term 1 for becomeLeader, leader elected after 5185ms
2019-10-01 03:37:36,268 [38045bdc-efe1-41de-b10f-282aa371af62@group-6D2CCA170B3E-LeaderElection32] INFO  server.RaftServerConfigKeys (ConfUtils.java:logGet(43)) - raft.server.log.appender.install.snapshot.enabled = false (custom)
2019-10-01 03:37:36,268 [dde6dfee-c234-49d8-8ff6-60b9a3571463@group-9B2D0244CEF2-LeaderElection34] INFO  impl.RaftServerImpl (ServerState.java:setLeader(255)) - dde6dfee-c234-49d8-8ff6-60b9a3571463@group-9B2D0244CEF2: change Leader from null to dde6dfee-c234-49d8-8ff6-60b9a3571463 at term 1 for becomeLeader, leader elected after 5240ms
2019-10-01 03:37:36,268 [38045bdc-efe1-41de-b10f-282aa371af62@group-74BC1E1D43C8-LeaderElection33] INFO  server.RaftServerConfigKeys (ConfUtils.java:logGet(43)) - raft.server.staging.catchup.gap = 1000 (default)
2019-10-01 03:37:36,268 [38045bdc-efe1-41de-b10f-282aa371af62@group-6D2CCA170B3E-LeaderElection32] INFO  impl.RoleInfo (RoleInfo.java:updateAndGet(143)) - 38045bdc-efe1-41de-b10f-282aa371af62: start LeaderState
2019-10-01 03:37:36,268 [dde6dfee-c234-49d8-8ff6-60b9a3571463@group-9B2D0244CEF2-LeaderElection34] INFO  server.RaftServerConfigKeys (ConfUtils.java:logGet(43)) - raft.server.staging.catchup.gap = 1000 (default)
2019-10-01 03:37:36,269 [38045bdc-efe1-41de-b10f-282aa371af62@group-74BC1E1D43C8-LeaderElection33] INFO  server.RaftServerConfigKeys (ConfUtils.java:logGet(43)) - raft.server.rpc.sleep.time = 25ms (default)
2019-10-01 03:37:36,269 [dde6dfee-c234-49d8-8ff6-60b9a3571463@group-9B2D0244CEF2-LeaderElection34] INFO  server.RaftServerConfigKeys (ConfUtils.java:logGet(43)) - raft.server.rpc.sleep.time = 25ms (default)
2019-10-01 03:37:36,269 [38045bdc-efe1-41de-b10f-282aa371af62@group-6D2CCA170B3E-LeaderElection32] INFO  segmented.SegmentedRaftLogWorker (SegmentedRaftLogWorker.java:startLogSegment(385)) - 38045bdc-efe1-41de-b10f-282aa371af62@group-6D2CCA170B3E-SegmentedRaftLogWorker: Starting segment from index:0
2019-10-01 03:37:36,269 [dde6dfee-c234-49d8-8ff6-60b9a3571463@group-9B2D0244CEF2-LeaderElection34] INFO  server.RaftServerConfigKeys (ConfUtils.java:logGet(43)) - raft.server.write.element-limit = 4096 (default)
2019-10-01 03:37:36,269 [38045bdc-efe1-41de-b10f-282aa371af62@group-74BC1E1D43C8-LeaderElection33] INFO  server.RaftServerConfigKeys (ConfUtils.java:logGet(43)) - raft.server.write.element-limit = 4096 (default)
2019-10-01 03:37:36,270 [dde6dfee-c234-49d8-8ff6-60b9a3571463@group-9B2D0244CEF2-LeaderElection34] INFO  server.RaftServerConfigKeys (ConfUtils.java:logGet(43)) - raft.server.watch.timeout = 10s (default)
2019-10-01 03:37:36,270 [38045bdc-efe1-41de-b10f-282aa371af62@group-74BC1E1D43C8-LeaderElection33] INFO  server.RaftServerConfigKeys (ConfUtils.java:logGet(43)) - raft.server.watch.timeout = 10s (default)
2019-10-01 03:37:36,270 [dde6dfee-c234-49d8-8ff6-60b9a3571463@group-9B2D0244CEF2-LeaderElection34] INFO  server.RaftServerConfigKeys (ConfUtils.java:logGet(43)) - raft.server.watch.timeout.denomination = 1s (default)
2019-10-01 03:37:36,270 [38045bdc-efe1-41de-b10f-282aa371af62@group-6D2CCA170B3E-LeaderElection32] INFO  impl.RaftServerImpl (ServerState.java:setRaftConf(356)) - 38045bdc-efe1-41de-b10f-282aa371af62@group-6D2CCA170B3E: set configuration 0: [38045bdc-efe1-41de-b10f-282aa371af62:192.168.151.109:33776, 28aaf889-d1e2-47f9-961b-1305f40e494b:192.168.151.109:34408, c5c3ee98-126e-4756-b6c5-4783d77f7866:192.168.151.109:36754], old=null at 0
2019-10-01 03:37:36,301 [dde6dfee-c234-49d8-8ff6-60b9a3571463@group-9B2D0244CEF2-LeaderElection34] INFO  server.RaftServerConfigKeys (ConfUtils.java:logGet(43)) - raft.server.watch.element-limit = 65536 (default)
2019-10-01 03:37:36,301 [38045bdc-efe1-41de-b10f-282aa371af62@group-74BC1E1D43C8-LeaderElection33] INFO  server.RaftServerConfigKeys (ConfUtils.java:logGet(43)) - raft.server.watch.timeout.denomination = 1s (default)
2019-10-01 03:37:36,302 [38045bdc-efe1-41de-b10f-282aa371af62@group-74BC1E1D43C8-LeaderElection33] INFO  server.RaftServerConfigKeys (ConfUtils.java:logGet(43)) - raft.server.watch.element-limit = 65536 (default)
2019-10-01 03:37:36,304 [grpc-default-executor-0] INFO  impl.RaftServerImpl (ServerState.java:setLeader(255)) - c5c3ee98-126e-4756-b6c5-4783d77f7866@group-6D2CCA170B3E: change Leader from null to 38045bdc-efe1-41de-b10f-282aa371af62 at term 1 for appendEntries, leader elected after 5161ms
2019-10-01 03:37:36,304 [grpc-default-executor-1] INFO  impl.RaftServerImpl (ServerState.java:setLeader(255)) - 28aaf889-d1e2-47f9-961b-1305f40e494b@group-6D2CCA170B3E: change Leader from null to 38045bdc-efe1-41de-b10f-282aa371af62 at term 1 for appendEntries, leader elected after 5161ms
2019-10-01 03:37:36,307 [grpc-default-executor-1] INFO  impl.RaftServerImpl (ServerState.java:setRaftConf(356)) - 28aaf889-d1e2-47f9-961b-1305f40e494b@group-6D2CCA170B3E: set configuration 0: [38045bdc-efe1-41de-b10f-282aa371af62:192.168.151.109:33776, 28aaf889-d1e2-47f9-961b-1305f40e494b:192.168.151.109:34408, c5c3ee98-126e-4756-b6c5-4783d77f7866:192.168.151.109:36754], old=null at 0
2019-10-01 03:37:36,307 [grpc-default-executor-2] INFO  impl.RaftServerImpl (ServerState.java:setRaftConf(356)) - c5c3ee98-126e-4756-b6c5-4783d77f7866@group-6D2CCA170B3E: set configuration 0: [38045bdc-efe1-41de-b10f-282aa371af62:192.168.151.109:33776, 28aaf889-d1e2-47f9-961b-1305f40e494b:192.168.151.109:34408, c5c3ee98-126e-4756-b6c5-4783d77f7866:192.168.151.109:36754], old=null at 0
2019-10-01 03:37:36,307 [grpc-default-executor-1] INFO  segmented.SegmentedRaftLogWorker (SegmentedRaftLogWorker.java:startLogSegment(385)) - 28aaf889-d1e2-47f9-961b-1305f40e494b@group-6D2CCA170B3E-SegmentedRaftLogWorker: Starting segment from index:0
2019-10-01 03:37:36,308 [grpc-default-executor-2] INFO  segmented.SegmentedRaftLogWorker (SegmentedRaftLogWorker.java:startLogSegment(385)) - c5c3ee98-126e-4756-b6c5-4783d77f7866@group-6D2CCA170B3E-SegmentedRaftLogWorker: Starting segment from index:0
2019-10-01 03:37:36,309 [dde6dfee-c234-49d8-8ff6-60b9a3571463@group-9B2D0244CEF2-LeaderElection34] INFO  impl.RoleInfo (RoleInfo.java:updateAndGet(143)) - dde6dfee-c234-49d8-8ff6-60b9a3571463: start LeaderState
2019-10-01 03:37:36,309 [38045bdc-efe1-41de-b10f-282aa371af62@group-74BC1E1D43C8-LeaderElection33] INFO  impl.RoleInfo (RoleInfo.java:updateAndGet(143)) - 38045bdc-efe1-41de-b10f-282aa371af62: start LeaderState
2019-10-01 03:37:36,309 [dde6dfee-c234-49d8-8ff6-60b9a3571463@group-9B2D0244CEF2-LeaderElection34] INFO  segmented.SegmentedRaftLogWorker (SegmentedRaftLogWorker.java:startLogSegment(385)) - dde6dfee-c234-49d8-8ff6-60b9a3571463@group-9B2D0244CEF2-SegmentedRaftLogWorker: Starting segment from index:0
2019-10-01 03:37:36,309 [38045bdc-efe1-41de-b10f-282aa371af62@group-74BC1E1D43C8-LeaderElection33] INFO  segmented.SegmentedRaftLogWorker (SegmentedRaftLogWorker.java:startLogSegment(385)) - 38045bdc-efe1-41de-b10f-282aa371af62@group-74BC1E1D43C8-SegmentedRaftLogWorker: Starting segment from index:0
2019-10-01 03:37:36,310 [dde6dfee-c234-49d8-8ff6-60b9a3571463@group-9B2D0244CEF2-LeaderElection34] INFO  impl.RaftServerImpl (ServerState.java:setRaftConf(356)) - dde6dfee-c234-49d8-8ff6-60b9a3571463@group-9B2D0244CEF2: set configuration 0: [dde6dfee-c234-49d8-8ff6-60b9a3571463:192.168.151.109:45910], old=null at 0
2019-10-01 03:37:36,310 [38045bdc-efe1-41de-b10f-282aa371af62@group-74BC1E1D43C8-LeaderElection33] INFO  impl.RaftServerImpl (ServerState.java:setRaftConf(356)) - 38045bdc-efe1-41de-b10f-282aa371af62@group-74BC1E1D43C8: set configuration 0: [38045bdc-efe1-41de-b10f-282aa371af62:192.168.151.109:33776], old=null at 0
2019-10-01 03:37:36,323 [38045bdc-efe1-41de-b10f-282aa371af62@group-6D2CCA170B3E-SegmentedRaftLogWorker] INFO  segmented.SegmentedRaftLogWorker (SegmentedRaftLogWorker.java:execute(574)) - 38045bdc-efe1-41de-b10f-282aa371af62@group-6D2CCA170B3E-SegmentedRaftLogWorker: created new log segment /workdir/hadoop-ozone/integration-test/target/test-dir/MiniOzoneClusterImpl-36867613-8ee7-4520-b00b-3b3d201fc0d0/datanode-6/data/ratis/e748ded5-8cbe-407d-85d5-6d2cca170b3e/current/log_inprogress_0
2019-10-01 03:37:36,344 [c5c3ee98-126e-4756-b6c5-4783d77f7866@group-6D2CCA170B3E-SegmentedRaftLogWorker] INFO  segmented.SegmentedRaftLogWorker (SegmentedRaftLogWorker.java:execute(574)) - c5c3ee98-126e-4756-b6c5-4783d77f7866@group-6D2CCA170B3E-SegmentedRaftLogWorker: created new log segment /workdir/hadoop-ozone/integration-test/target/test-dir/MiniOzoneClusterImpl-36867613-8ee7-4520-b00b-3b3d201fc0d0/datanode-4/data/ratis/e748ded5-8cbe-407d-85d5-6d2cca170b3e/current/log_inprogress_0
2019-10-01 03:37:36,344 [dde6dfee-c234-49d8-8ff6-60b9a3571463@group-9B2D0244CEF2-SegmentedRaftLogWorker] INFO  segmented.SegmentedRaftLogWorker (SegmentedRaftLogWorker.java:execute(574)) - dde6dfee-c234-49d8-8ff6-60b9a3571463@group-9B2D0244CEF2-SegmentedRaftLogWorker: created new log segment /workdir/hadoop-ozone/integration-test/target/test-dir/MiniOzoneClusterImpl-36867613-8ee7-4520-b00b-3b3d201fc0d0/datanode-5/data/ratis/3f94e1ad-faf2-479e-9db6-9b2d0244cef2/current/log_inprogress_0
2019-10-01 03:37:36,359 [28aaf889-d1e2-47f9-961b-1305f40e494b@group-6D2CCA170B3E-SegmentedRaftLogWorker] INFO  segmented.SegmentedRaftLogWorker (SegmentedRaftLogWorker.java:execute(574)) - 28aaf889-d1e2-47f9-961b-1305f40e494b@group-6D2CCA170B3E-SegmentedRaftLogWorker: created new log segment /workdir/hadoop-ozone/integration-test/target/test-dir/MiniOzoneClusterImpl-36867613-8ee7-4520-b00b-3b3d201fc0d0/datanode-3/data/ratis/e748ded5-8cbe-407d-85d5-6d2cca170b3e/current/log_inprogress_0
2019-10-01 03:37:36,362 [38045bdc-efe1-41de-b10f-282aa371af62@group-74BC1E1D43C8-SegmentedRaftLogWorker] INFO  segmented.SegmentedRaftLogWorker (SegmentedRaftLogWorker.java:execute(574)) - 38045bdc-efe1-41de-b10f-282aa371af62@group-74BC1E1D43C8-SegmentedRaftLogWorker: created new log segment /workdir/hadoop-ozone/integration-test/target/test-dir/MiniOzoneClusterImpl-36867613-8ee7-4520-b00b-3b3d201fc0d0/datanode-6/data/ratis/3e893802-18ca-4c2b-a97f-74bc1e1d43c8/current/log_inprogress_0
2019-10-01 03:37:37,439 [Datanode State Machine Thread - 0] INFO  statemachine.DatanodeStateMachine (DatanodeStateMachine.java:lambda$startDaemon$0(350)) - Ozone container server started.
2019-10-01 03:37:41,466 [main] INFO  ozoneimpl.OzoneContainer (OzoneContainer.java:stop(231)) - Attempting to stop container services.
2019-10-01 03:37:41,466 [main] INFO  impl.RaftServerProxy (RaftServerProxy.java:lambda$close$4(314)) - 1e85a46c-0611-47c1-8e7b-e152e7434ac8: close
2019-10-01 03:37:41,467 [main] INFO  impl.RaftServerImpl (RaftServerImpl.java:lambda$shutdown$3(247)) - 1e85a46c-0611-47c1-8e7b-e152e7434ac8@group-CD32142F8E6D: shutdown
2019-10-01 03:37:41,467 [main] INFO  util.JmxRegister (JmxRegister.java:unregister(73)) - Successfully un-registered JMX Bean with object name Ratis:service=RaftServer,group=group-CD32142F8E6D,id=1e85a46c-0611-47c1-8e7b-e152e7434ac8
2019-10-01 03:37:41,467 [main] INFO  impl.RoleInfo (RoleInfo.java:shutdownLeaderState(104)) - 1e85a46c-0611-47c1-8e7b-e152e7434ac8: shutdown LeaderState
2019-10-01 03:37:41,468 [main] INFO  impl.PendingRequests (PendingRequests.java:sendNotLeaderResponses(202)) - 1e85a46c-0611-47c1-8e7b-e152e7434ac8@group-CD32142F8E6D-PendingRequests: sendNotLeaderResponses
2019-10-01 03:37:41,468 [main] INFO  impl.StateMachineUpdater (StateMachineUpdater.java:stopAndJoin(136)) - 1e85a46c-0611-47c1-8e7b-e152e7434ac8@group-CD32142F8E6D-StateMachineUpdater: set stopIndex = 0
2019-10-01 03:37:41,468 [main] INFO  impl.RaftServerImpl (ServerState.java:close(387)) - 1e85a46c-0611-47c1-8e7b-e152e7434ac8@group-CD32142F8E6D: closes. applyIndex: 0
2019-10-01 03:37:41,469 [1e85a46c-0611-47c1-8e7b-e152e7434ac8@group-CD32142F8E6D-SegmentedRaftLogWorker] INFO  segmented.SegmentedRaftLogWorker (SegmentedRaftLogWorker.java:run(316)) - 1e85a46c-0611-47c1-8e7b-e152e7434ac8@group-CD32142F8E6D-SegmentedRaftLogWorker was interrupted, exiting. There are 0 tasks remaining in the queue.
2019-10-01 03:37:41,473 [main] INFO  segmented.SegmentedRaftLogWorker (SegmentedRaftLogWorker.java:close(224)) - 1e85a46c-0611-47c1-8e7b-e152e7434ac8@group-CD32142F8E6D-SegmentedRaftLogWorker close()
2019-10-01 03:37:41,477 [main] INFO  impl.RaftServerImpl (RaftServerImpl.java:lambda$shutdown$3(247)) - 1e85a46c-0611-47c1-8e7b-e152e7434ac8@group-403EB97D77B2: shutdown
2019-10-01 03:37:41,478 [main] INFO  util.JmxRegister (JmxRegister.java:unregister(73)) - Successfully un-registered JMX Bean with object name Ratis:service=RaftServer,group=group-403EB97D77B2,id=1e85a46c-0611-47c1-8e7b-e152e7434ac8
2019-10-01 03:37:41,478 [main] INFO  impl.RoleInfo (RoleInfo.java:shutdownFollowerState(121)) - 1e85a46c-0611-47c1-8e7b-e152e7434ac8: shutdown FollowerState
2019-10-01 03:37:41,478 [main] INFO  impl.StateMachineUpdater (StateMachineUpdater.java:stopAndJoin(136)) - 1e85a46c-0611-47c1-8e7b-e152e7434ac8@group-403EB97D77B2-StateMachineUpdater: set stopIndex = 2
2019-10-01 03:37:41,478 [1e85a46c-0611-47c1-8e7b-e152e7434ac8@group-403EB97D77B2-StateMachineUpdater] INFO  ratis.ContainerStateMachine (ContainerStateMachine.java:takeSnapshot(289)) - group-403EB97D77B2: Taking a snapshot at:(t:1, i:1) file /workdir/hadoop-ozone/integration-test/target/test-dir/MiniOzoneClusterImpl-36867613-8ee7-4520-b00b-3b3d201fc0d0/datanode-1/data/ratis/fd79f393-8fec-4590-8f18-403eb97d77b2/sm/snapshot.1_1
2019-10-01 03:37:41,478 [Thread-1458] INFO  impl.FollowerState (FollowerState.java:run(117)) - 1e85a46c-0611-47c1-8e7b-e152e7434ac8@group-403EB97D77B2-FollowerState was interrupted: java.lang.InterruptedException: sleep interrupted
2019-10-01 03:37:41,506 [1e85a46c-0611-47c1-8e7b-e152e7434ac8@group-403EB97D77B2-StateMachineUpdater] INFO  ratis.ContainerStateMachine (ContainerStateMachine.java:takeSnapshot(300)) - group-403EB97D77B2: Finished taking a snapshot at:(t:1, i:1) file:/workdir/hadoop-ozone/integration-test/target/test-dir/MiniOzoneClusterImpl-36867613-8ee7-4520-b00b-3b3d201fc0d0/datanode-1/data/ratis/fd79f393-8fec-4590-8f18-403eb97d77b2/sm/snapshot.1_1 time:28
2019-10-01 03:37:41,507 [1e85a46c-0611-47c1-8e7b-e152e7434ac8@group-403EB97D77B2-StateMachineUpdater] INFO  impl.StateMachineUpdater (StateMachineUpdater.java:takeSnapshot(269)) - 1e85a46c-0611-47c1-8e7b-e152e7434ac8@group-403EB97D77B2-StateMachineUpdater: Took a snapshot at index 1
2019-10-01 03:37:41,507 [1e85a46c-0611-47c1-8e7b-e152e7434ac8@group-403EB97D77B2-StateMachineUpdater] INFO  impl.StateMachineUpdater (StateMachineUpdater.java:lambda$new$0(84)) - 1e85a46c-0611-47c1-8e7b-e152e7434ac8@group-403EB97D77B2-StateMachineUpdater: snapshotIndex: updateIncreasingly -1 -> 1
2019-10-01 03:37:41,507 [1e85a46c-0611-47c1-8e7b-e152e7434ac8@group-403EB97D77B2-StateMachineUpdater] INFO  ratis.ContainerStateMachine (ContainerStateMachine.java:takeSnapshot(289)) - group-403EB97D77B2: Taking a snapshot at:(t:1, i:1) file /workdir/hadoop-ozone/integration-test/target/test-dir/MiniOzoneClusterImpl-36867613-8ee7-4520-b00b-3b3d201fc0d0/datanode-1/data/ratis/fd79f393-8fec-4590-8f18-403eb97d77b2/sm/snapshot.1_1
2019-10-01 03:37:41,520 [1e85a46c-0611-47c1-8e7b-e152e7434ac8@group-403EB97D77B2-StateMachineUpdater] INFO  ratis.ContainerStateMachine (ContainerStateMachine.java:takeSnapshot(300)) - group-403EB97D77B2: Finished taking a snapshot at:(t:1, i:1) file:/workdir/hadoop-ozone/integration-test/target/test-dir/MiniOzoneClusterImpl-36867613-8ee7-4520-b00b-3b3d201fc0d0/datanode-1/data/ratis/fd79f393-8fec-4590-8f18-403eb97d77b2/sm/snapshot.1_1 time:13
2019-10-01 03:37:41,520 [1e85a46c-0611-47c1-8e7b-e152e7434ac8@group-403EB97D77B2-StateMachineUpdater] INFO  impl.StateMachineUpdater (StateMachineUpdater.java:takeSnapshot(269)) - 1e85a46c-0611-47c1-8e7b-e152e7434ac8@group-403EB97D77B2-StateMachineUpdater: Took a snapshot at index 1
2019-10-01 03:37:41,520 [1e85a46c-0611-47c1-8e7b-e152e7434ac8@group-403EB97D77B2-StateMachineUpdater] INFO  impl.StateMachineUpdater (StateMachineUpdater.java:lambda$new$0(84)) - 1e85a46c-0611-47c1-8e7b-e152e7434ac8@group-403EB97D77B2-StateMachineUpdater: snapshotIndex: updateIncreasingly 1 -> 1
2019-10-01 03:37:41,521 [main] INFO  impl.RaftServerImpl (ServerState.java:close(387)) - 1e85a46c-0611-47c1-8e7b-e152e7434ac8@group-403EB97D77B2: closes. applyIndex: 2
2019-10-01 03:37:41,521 [1e85a46c-0611-47c1-8e7b-e152e7434ac8@group-403EB97D77B2-SegmentedRaftLogWorker] INFO  segmented.SegmentedRaftLogWorker (SegmentedRaftLogWorker.java:run(316)) - 1e85a46c-0611-47c1-8e7b-e152e7434ac8@group-403EB97D77B2-SegmentedRaftLogWorker was interrupted, exiting. There are 0 tasks remaining in the queue.
2019-10-01 03:37:41,524 [main] INFO  segmented.SegmentedRaftLogWorker (SegmentedRaftLogWorker.java:close(224)) - 1e85a46c-0611-47c1-8e7b-e152e7434ac8@group-403EB97D77B2-SegmentedRaftLogWorker close()
2019-10-01 03:37:41,530 [main] INFO  server.GrpcService (GrpcService.java:closeImpl(164)) - 1e85a46c-0611-47c1-8e7b-e152e7434ac8: shutdown server with port 36294 now
2019-10-01 03:37:41,534 [grpc-default-executor-1] WARN  server.GrpcServerProtocolService (LogUtils.java:warn(134)) - 1e85a46c-0611-47c1-8e7b-e152e7434ac8: installSnapshot onError, lastRequest: 337eeeca-189e-484a-8ae8-9f26fc3b75ba->1e85a46c-0611-47c1-8e7b-e152e7434ac8#5-t1, previous=(t:1, i:2), leaderCommit=2, initializing? false, entries: <empty>: org.apache.ratis.thirdparty.io.grpc.StatusRuntimeException: CANCELLED: cancelled before receiving half close
2019-10-01 03:37:41,534 [grpc-default-executor-2] WARN  server.GrpcLogAppender (LogUtils.java:warn(134)) - 337eeeca-189e-484a-8ae8-9f26fc3b75ba@group-403EB97D77B2->1e85a46c-0611-47c1-8e7b-e152e7434ac8-AppendLogResponseHandler: Failed appendEntries: org.apache.ratis.thirdparty.io.grpc.StatusRuntimeException: CANCELLED: HTTP/2 error code: CANCEL
Received Rst Stream
2019-10-01 03:37:41,534 [main] INFO  server.GrpcService (GrpcService.java:closeImpl(172)) - 1e85a46c-0611-47c1-8e7b-e152e7434ac8: shutdown server with port 36294 successfully
2019-10-01 03:37:41,535 [grpc-default-executor-2] INFO  impl.FollowerInfo (FollowerInfo.java:lambda$new$0(51)) - 337eeeca-189e-484a-8ae8-9f26fc3b75ba@group-403EB97D77B2->1e85a46c-0611-47c1-8e7b-e152e7434ac8: nextIndex: updateUnconditionally 3 -> 2
2019-10-01 03:37:41,536 [refreshUsed-/workdir/hadoop-ozone/integration-test/target/test-dir/MiniOzoneClusterImpl-36867613-8ee7-4520-b00b-3b3d201fc0d0/datanode-1/data/containers] WARN  fs.CachingGetSpaceUsed (CachingGetSpaceUsed.java:run(183)) - Thread Interrupted waiting to refresh disk information: sleep interrupted
2019-10-01 03:37:41,556 [main] INFO  utils.BackgroundService (BackgroundService.java:shutdown(148)) - Shutting down service BlockDeletingService
2019-10-01 03:37:41,566 [main] INFO  statemachine.DatanodeStateMachine (DatanodeStateMachine.java:stopDaemon(395)) - Ozone container server stopped.
2019-10-01 03:37:41,567 [main] INFO  handler.ContextHandler (ContextHandler.java:doStop(910)) - Stopped o.e.j.w.WebAppContext@5a90265a{/,null,UNAVAILABLE}{/hddsDatanode}
2019-10-01 03:37:41,570 [main] INFO  server.AbstractConnector (AbstractConnector.java:doStop(318)) - Stopped ServerConnector@6a32191e{HTTP/1.1,[http/1.1]}{0.0.0.0:0}
2019-10-01 03:37:41,571 [main] INFO  handler.ContextHandler (ContextHandler.java:doStop(910)) - Stopped o.e.j.s.ServletContextHandler@8aeab9e{/static,jar:file:/home/user/.m2/repository/org/apache/hadoop/hadoop-hdds-container-service/0.5.0-SNAPSHOT/hadoop-hdds-container-service-0.5.0-SNAPSHOT.jar!/webapps/static,UNAVAILABLE}
2019-10-01 03:37:41,571 [main] INFO  handler.ContextHandler (ContextHandler.java:doStop(910)) - Stopped o.e.j.s.ServletContextHandler@16a5c7e4{/logs,file:///workdir/hadoop-ozone/integration-test/target/log,UNAVAILABLE}
2019-10-01 03:37:42,439 [Datanode State Machine Thread - 0] INFO  statemachine.DatanodeStateMachine (DatanodeStateMachine.java:lambda$startDaemon$0(350)) - Ozone container server started.
2019-10-01 03:37:43,834 [grpc-default-executor-0] WARN  server.GrpcLogAppender (LogUtils.java:warn(134)) - 337eeeca-189e-484a-8ae8-9f26fc3b75ba@group-403EB97D77B2->1e85a46c-0611-47c1-8e7b-e152e7434ac8-AppendLogResponseHandler: Failed appendEntries: org.apache.ratis.thirdparty.io.grpc.StatusRuntimeException: UNAVAILABLE: io exception
2019-10-01 03:37:43,834 [grpc-default-executor-0] INFO  impl.FollowerInfo (FollowerInfo.java:lambda$new$0(51)) - 337eeeca-189e-484a-8ae8-9f26fc3b75ba@group-403EB97D77B2->1e85a46c-0611-47c1-8e7b-e152e7434ac8: nextIndex: updateUnconditionally 2 -> 1
2019-10-01 03:37:46,336 [grpc-default-executor-2] WARN  server.GrpcLogAppender (LogUtils.java:warn(134)) - 337eeeca-189e-484a-8ae8-9f26fc3b75ba@group-403EB97D77B2->1e85a46c-0611-47c1-8e7b-e152e7434ac8-AppendLogResponseHandler: Failed appendEntries: org.apache.ratis.thirdparty.io.grpc.StatusRuntimeException: UNAVAILABLE: io exception
2019-10-01 03:37:46,337 [grpc-default-executor-2] INFO  impl.FollowerInfo (FollowerInfo.java:lambda$new$0(51)) - 337eeeca-189e-484a-8ae8-9f26fc3b75ba@group-403EB97D77B2->1e85a46c-0611-47c1-8e7b-e152e7434ac8: nextIndex: updateUnconditionally 1 -> 0
2019-10-01 03:37:46,573 [main] INFO  ozoneimpl.OzoneContainer (OzoneContainer.java:stop(231)) - Attempting to stop container services.
2019-10-01 03:37:46,575 [main] INFO  impl.RaftServerProxy (RaftServerProxy.java:lambda$close$4(314)) - 9df5af2a-73e5-4e4a-9c0b-ccd89ab155b9: close
2019-10-01 03:37:46,576 [main] INFO  impl.RaftServerImpl (RaftServerImpl.java:lambda$shutdown$3(247)) - 9df5af2a-73e5-4e4a-9c0b-ccd89ab155b9@group-B3DADD874BD2: shutdown
2019-10-01 03:37:46,576 [ForkJoinPool.commonPool-worker-1] INFO  impl.RaftServerImpl (RaftServerImpl.java:lambda$shutdown$3(247)) - 9df5af2a-73e5-4e4a-9c0b-ccd89ab155b9@group-403EB97D77B2: shutdown
2019-10-01 03:37:46,576 [main] INFO  util.JmxRegister (JmxRegister.java:unregister(73)) - Successfully un-registered JMX Bean with object name Ratis:service=RaftServer,group=group-B3DADD874BD2,id=9df5af2a-73e5-4e4a-9c0b-ccd89ab155b9
2019-10-01 03:37:46,577 [ForkJoinPool.commonPool-worker-1] INFO  util.JmxRegister (JmxRegister.java:unregister(73)) - Successfully un-registered JMX Bean with object name Ratis:service=RaftServer,group=group-403EB97D77B2,id=9df5af2a-73e5-4e4a-9c0b-ccd89ab155b9
2019-10-01 03:37:46,577 [main] INFO  impl.RoleInfo (RoleInfo.java:shutdownLeaderState(104)) - 9df5af2a-73e5-4e4a-9c0b-ccd89ab155b9: shutdown LeaderState
2019-10-01 03:37:46,577 [ForkJoinPool.commonPool-worker-1] INFO  impl.RoleInfo (RoleInfo.java:shutdownFollowerState(121)) - 9df5af2a-73e5-4e4a-9c0b-ccd89ab155b9: shutdown FollowerState
2019-10-01 03:37:46,578 [main] INFO  impl.PendingRequests (PendingRequests.java:sendNotLeaderResponses(202)) - 9df5af2a-73e5-4e4a-9c0b-ccd89ab155b9@group-B3DADD874BD2-PendingRequests: sendNotLeaderResponses
2019-10-01 03:37:46,578 [9df5af2a-73e5-4e4a-9c0b-ccd89ab155b9@group-403EB97D77B2-StateMachineUpdater] INFO  ratis.ContainerStateMachine (ContainerStateMachine.java:takeSnapshot(289)) - group-403EB97D77B2: Taking a snapshot at:(t:1, i:1) file /workdir/hadoop-ozone/integration-test/target/test-dir/MiniOzoneClusterImpl-36867613-8ee7-4520-b00b-3b3d201fc0d0/datanode-2/data/ratis/fd79f393-8fec-4590-8f18-403eb97d77b2/sm/snapshot.1_1
2019-10-01 03:37:46,578 [ForkJoinPool.commonPool-worker-1] INFO  impl.StateMachineUpdater (StateMachineUpdater.java:stopAndJoin(136)) - 9df5af2a-73e5-4e4a-9c0b-ccd89ab155b9@group-403EB97D77B2-StateMachineUpdater: set stopIndex = 2
2019-10-01 03:37:46,578 [Thread-1457] INFO  impl.FollowerState (FollowerState.java:run(117)) - 9df5af2a-73e5-4e4a-9c0b-ccd89ab155b9@group-403EB97D77B2-FollowerState was interrupted: java.lang.InterruptedException: sleep interrupted
2019-10-01 03:37:46,583 [main] INFO  impl.StateMachineUpdater (StateMachineUpdater.java:stopAndJoin(136)) - 9df5af2a-73e5-4e4a-9c0b-ccd89ab155b9@group-B3DADD874BD2-StateMachineUpdater: set stopIndex = 0
2019-10-01 03:37:46,584 [main] INFO  impl.RaftServerImpl (ServerState.java:close(387)) - 9df5af2a-73e5-4e4a-9c0b-ccd89ab155b9@group-B3DADD874BD2: closes. applyIndex: 0
2019-10-01 03:37:46,584 [9df5af2a-73e5-4e4a-9c0b-ccd89ab155b9@group-B3DADD874BD2-SegmentedRaftLogWorker] INFO  segmented.SegmentedRaftLogWorker (SegmentedRaftLogWorker.java:run(316)) - 9df5af2a-73e5-4e4a-9c0b-ccd89ab155b9@group-B3DADD874BD2-SegmentedRaftLogWorker was interrupted, exiting. There are 0 tasks remaining in the queue.
2019-10-01 03:37:46,587 [main] INFO  segmented.SegmentedRaftLogWorker (SegmentedRaftLogWorker.java:close(224)) - 9df5af2a-73e5-4e4a-9c0b-ccd89ab155b9@group-B3DADD874BD2-SegmentedRaftLogWorker close()
2019-10-01 03:37:46,597 [9df5af2a-73e5-4e4a-9c0b-ccd89ab155b9@group-403EB97D77B2-StateMachineUpdater] INFO  ratis.ContainerStateMachine (ContainerStateMachine.java:takeSnapshot(300)) - group-403EB97D77B2: Finished taking a snapshot at:(t:1, i:1) file:/workdir/hadoop-ozone/integration-test/target/test-dir/MiniOzoneClusterImpl-36867613-8ee7-4520-b00b-3b3d201fc0d0/datanode-2/data/ratis/fd79f393-8fec-4590-8f18-403eb97d77b2/sm/snapshot.1_1 time:18
2019-10-01 03:37:46,597 [9df5af2a-73e5-4e4a-9c0b-ccd89ab155b9@group-403EB97D77B2-StateMachineUpdater] INFO  impl.StateMachineUpdater (StateMachineUpdater.java:takeSnapshot(269)) - 9df5af2a-73e5-4e4a-9c0b-ccd89ab155b9@group-403EB97D77B2-StateMachineUpdater: Took a snapshot at index 1
2019-10-01 03:37:46,597 [9df5af2a-73e5-4e4a-9c0b-ccd89ab155b9@group-403EB97D77B2-StateMachineUpdater] INFO  impl.StateMachineUpdater (StateMachineUpdater.java:lambda$new$0(84)) - 9df5af2a-73e5-4e4a-9c0b-ccd89ab155b9@group-403EB97D77B2-StateMachineUpdater: snapshotIndex: updateIncreasingly -1 -> 1
2019-10-01 03:37:46,598 [9df5af2a-73e5-4e4a-9c0b-ccd89ab155b9@group-403EB97D77B2-StateMachineUpdater] INFO  ratis.ContainerStateMachine (ContainerStateMachine.java:takeSnapshot(289)) - group-403EB97D77B2: Taking a snapshot at:(t:1, i:1) file /workdir/hadoop-ozone/integration-test/target/test-dir/MiniOzoneClusterImpl-36867613-8ee7-4520-b00b-3b3d201fc0d0/datanode-2/data/ratis/fd79f393-8fec-4590-8f18-403eb97d77b2/sm/snapshot.1_1
2019-10-01 03:37:46,611 [9df5af2a-73e5-4e4a-9c0b-ccd89ab155b9@group-403EB97D77B2-StateMachineUpdater] INFO  ratis.ContainerStateMachine (ContainerStateMachine.java:takeSnapshot(300)) - group-403EB97D77B2: Finished taking a snapshot at:(t:1, i:1) file:/workdir/hadoop-ozone/integration-test/target/test-dir/MiniOzoneClusterImpl-36867613-8ee7-4520-b00b-3b3d201fc0d0/datanode-2/data/ratis/fd79f393-8fec-4590-8f18-403eb97d77b2/sm/snapshot.1_1 time:12
2019-10-01 03:37:46,611 [9df5af2a-73e5-4e4a-9c0b-ccd89ab155b9@group-403EB97D77B2-StateMachineUpdater] INFO  impl.StateMachineUpdater (StateMachineUpdater.java:takeSnapshot(269)) - 9df5af2a-73e5-4e4a-9c0b-ccd89ab155b9@group-403EB97D77B2-StateMachineUpdater: Took a snapshot at index 1
2019-10-01 03:37:46,611 [9df5af2a-73e5-4e4a-9c0b-ccd89ab155b9@group-403EB97D77B2-StateMachineUpdater] INFO  impl.StateMachineUpdater (StateMachineUpdater.java:lambda$new$0(84)) - 9df5af2a-73e5-4e4a-9c0b-ccd89ab155b9@group-403EB97D77B2-StateMachineUpdater: snapshotIndex: updateIncreasingly 1 -> 1
2019-10-01 03:37:46,612 [ForkJoinPool.commonPool-worker-1] INFO  impl.RaftServerImpl (ServerState.java:close(387)) - 9df5af2a-73e5-4e4a-9c0b-ccd89ab155b9@group-403EB97D77B2: closes. applyIndex: 2
2019-10-01 03:37:46,612 [9df5af2a-73e5-4e4a-9c0b-ccd89ab155b9@group-403EB97D77B2-SegmentedRaftLogWorker] INFO  segmented.SegmentedRaftLogWorker (SegmentedRaftLogWorker.java:run(316)) - 9df5af2a-73e5-4e4a-9c0b-ccd89ab155b9@group-403EB97D77B2-SegmentedRaftLogWorker was interrupted, exiting. There are 0 tasks remaining in the queue.
2019-10-01 03:37:46,614 [ForkJoinPool.commonPool-worker-1] INFO  segmented.SegmentedRaftLogWorker (SegmentedRaftLogWorker.java:close(224)) - 9df5af2a-73e5-4e4a-9c0b-ccd89ab155b9@group-403EB97D77B2-SegmentedRaftLogWorker close()
2019-10-01 03:37:46,619 [main] INFO  server.GrpcService (GrpcService.java:closeImpl(164)) - 9df5af2a-73e5-4e4a-9c0b-ccd89ab155b9: shutdown server with port 44053 now
2019-10-01 03:37:46,623 [grpc-default-executor-0] WARN  server.GrpcServerProtocolService (LogUtils.java:warn(134)) - 9df5af2a-73e5-4e4a-9c0b-ccd89ab155b9: installSnapshot onError, lastRequest: 337eeeca-189e-484a-8ae8-9f26fc3b75ba->9df5af2a-73e5-4e4a-9c0b-ccd89ab155b9#7-t1, previous=(t:1, i:2), leaderCommit=2, initializing? false, entries: <empty>: org.apache.ratis.thirdparty.io.grpc.StatusRuntimeException: CANCELLED: cancelled before receiving half close
2019-10-01 03:37:46,624 [grpc-default-executor-1] WARN  server.GrpcLogAppender (LogUtils.java:warn(134)) - 337eeeca-189e-484a-8ae8-9f26fc3b75ba@group-403EB97D77B2->9df5af2a-73e5-4e4a-9c0b-ccd89ab155b9-AppendLogResponseHandler: Failed appendEntries: org.apache.ratis.thirdparty.io.grpc.StatusRuntimeException: CANCELLED: HTTP/2 error code: CANCEL
Received Rst Stream
2019-10-01 03:37:46,624 [main] INFO  server.GrpcService (GrpcService.java:closeImpl(172)) - 9df5af2a-73e5-4e4a-9c0b-ccd89ab155b9: shutdown server with port 44053 successfully
2019-10-01 03:37:46,624 [grpc-default-executor-1] INFO  impl.FollowerInfo (FollowerInfo.java:lambda$new$0(51)) - 337eeeca-189e-484a-8ae8-9f26fc3b75ba@group-403EB97D77B2->9df5af2a-73e5-4e4a-9c0b-ccd89ab155b9: nextIndex: updateUnconditionally 3 -> 2
2019-10-01 03:37:46,630 [refreshUsed-/workdir/hadoop-ozone/integration-test/target/test-dir/MiniOzoneClusterImpl-36867613-8ee7-4520-b00b-3b3d201fc0d0/datanode-2/data/containers] WARN  fs.CachingGetSpaceUsed (CachingGetSpaceUsed.java:run(183)) - Thread Interrupted waiting to refresh disk information: sleep interrupted
2019-10-01 03:37:46,641 [main] INFO  utils.BackgroundService (BackgroundService.java:shutdown(148)) - Shutting down service BlockDeletingService
2019-10-01 03:37:46,648 [main] INFO  statemachine.DatanodeStateMachine (DatanodeStateMachine.java:stopDaemon(395)) - Ozone container server stopped.
2019-10-01 03:37:46,649 [main] INFO  handler.ContextHandler (ContextHandler.java:doStop(910)) - Stopped o.e.j.w.WebAppContext@67fa5045{/,null,UNAVAILABLE}{/hddsDatanode}
2019-10-01 03:37:46,650 [main] INFO  server.AbstractConnector (AbstractConnector.java:doStop(318)) - Stopped ServerConnector@6f347d7{HTTP/1.1,[http/1.1]}{0.0.0.0:0}
2019-10-01 03:37:46,650 [main] INFO  handler.ContextHandler (ContextHandler.java:doStop(910)) - Stopped o.e.j.s.ServletContextHandler@1a538ed8{/static,jar:file:/home/user/.m2/repository/org/apache/hadoop/hadoop-hdds-container-service/0.5.0-SNAPSHOT/hadoop-hdds-container-service-0.5.0-SNAPSHOT.jar!/webapps/static,UNAVAILABLE}
2019-10-01 03:37:46,650 [main] INFO  handler.ContextHandler (ContextHandler.java:doStop(910)) - Stopped o.e.j.s.ServletContextHandler@e29f4f6{/logs,file:///workdir/hadoop-ozone/integration-test/target/log,UNAVAILABLE}
2019-10-01 03:37:48,836 [grpc-default-executor-2] WARN  server.GrpcLogAppender (LogUtils.java:warn(134)) - 337eeeca-189e-484a-8ae8-9f26fc3b75ba@group-403EB97D77B2->1e85a46c-0611-47c1-8e7b-e152e7434ac8-AppendLogResponseHandler: Failed appendEntries: org.apache.ratis.thirdparty.io.grpc.StatusRuntimeException: UNAVAILABLE: io exception
2019-10-01 03:37:48,837 [grpc-default-executor-2] INFO  impl.FollowerInfo (FollowerInfo.java:lambda$new$0(51)) - 337eeeca-189e-484a-8ae8-9f26fc3b75ba@group-403EB97D77B2->1e85a46c-0611-47c1-8e7b-e152e7434ac8: nextIndex: updateUnconditionally 0 -> 0
2019-10-01 03:37:48,839 [grpc-default-executor-1] WARN  server.GrpcLogAppender (LogUtils.java:warn(134)) - 337eeeca-189e-484a-8ae8-9f26fc3b75ba@group-403EB97D77B2->9df5af2a-73e5-4e4a-9c0b-ccd89ab155b9-AppendLogResponseHandler: Failed appendEntries: org.apache.ratis.thirdparty.io.grpc.StatusRuntimeException: UNAVAILABLE: io exception
2019-10-01 03:37:48,839 [grpc-default-executor-1] INFO  impl.FollowerInfo (FollowerInfo.java:lambda$new$0(51)) - 337eeeca-189e-484a-8ae8-9f26fc3b75ba@group-403EB97D77B2->9df5af2a-73e5-4e4a-9c0b-ccd89ab155b9: nextIndex: updateUnconditionally 2 -> 1
2019-10-01 03:37:51,337 [grpc-default-executor-1] WARN  server.GrpcLogAppender (LogUtils.java:warn(134)) - 337eeeca-189e-484a-8ae8-9f26fc3b75ba@group-403EB97D77B2->1e85a46c-0611-47c1-8e7b-e152e7434ac8-AppendLogResponseHandler: Failed appendEntries: org.apache.ratis.thirdparty.io.grpc.StatusRuntimeException: UNAVAILABLE: io exception
2019-10-01 03:37:51,337 [grpc-default-executor-1] INFO  impl.FollowerInfo (FollowerInfo.java:lambda$new$0(51)) - 337eeeca-189e-484a-8ae8-9f26fc3b75ba@group-403EB97D77B2->1e85a46c-0611-47c1-8e7b-e152e7434ac8: nextIndex: updateUnconditionally 0 -> 0
2019-10-01 03:37:51,339 [grpc-default-executor-0] WARN  server.GrpcLogAppender (LogUtils.java:warn(134)) - 337eeeca-189e-484a-8ae8-9f26fc3b75ba@group-403EB97D77B2->9df5af2a-73e5-4e4a-9c0b-ccd89ab155b9-AppendLogResponseHandler: Failed appendEntries: org.apache.ratis.thirdparty.io.grpc.StatusRuntimeException: UNAVAILABLE: io exception
2019-10-01 03:37:51,340 [grpc-default-executor-0] INFO  impl.FollowerInfo (FollowerInfo.java:lambda$new$0(51)) - 337eeeca-189e-484a-8ae8-9f26fc3b75ba@group-403EB97D77B2->9df5af2a-73e5-4e4a-9c0b-ccd89ab155b9: nextIndex: updateUnconditionally 1 -> 0
2019-10-01 03:37:53,838 [grpc-default-executor-0] WARN  server.GrpcLogAppender (LogUtils.java:warn(134)) - 337eeeca-189e-484a-8ae8-9f26fc3b75ba@group-403EB97D77B2->1e85a46c-0611-47c1-8e7b-e152e7434ac8-AppendLogResponseHandler: Failed appendEntries: org.apache.ratis.thirdparty.io.grpc.StatusRuntimeException: UNAVAILABLE: io exception
2019-10-01 03:37:53,838 [grpc-default-executor-0] INFO  impl.FollowerInfo (FollowerInfo.java:lambda$new$0(51)) - 337eeeca-189e-484a-8ae8-9f26fc3b75ba@group-403EB97D77B2->1e85a46c-0611-47c1-8e7b-e152e7434ac8: nextIndex: updateUnconditionally 0 -> 0
2019-10-01 03:37:53,839 [grpc-default-executor-2] WARN  server.GrpcLogAppender (LogUtils.java:warn(134)) - 337eeeca-189e-484a-8ae8-9f26fc3b75ba@group-403EB97D77B2->9df5af2a-73e5-4e4a-9c0b-ccd89ab155b9-AppendLogResponseHandler: Failed appendEntries: org.apache.ratis.thirdparty.io.grpc.StatusRuntimeException: UNAVAILABLE: io exception
2019-10-01 03:37:53,840 [grpc-default-executor-2] INFO  impl.FollowerInfo (FollowerInfo.java:lambda$new$0(51)) - 337eeeca-189e-484a-8ae8-9f26fc3b75ba@group-403EB97D77B2->9df5af2a-73e5-4e4a-9c0b-ccd89ab155b9: nextIndex: updateUnconditionally 0 -> 0
2019-10-01 03:37:56,340 [grpc-default-executor-5] WARN  server.GrpcLogAppender (LogUtils.java:warn(134)) - 337eeeca-189e-484a-8ae8-9f26fc3b75ba@group-403EB97D77B2->1e85a46c-0611-47c1-8e7b-e152e7434ac8-AppendLogResponseHandler: Failed appendEntries: org.apache.ratis.thirdparty.io.grpc.StatusRuntimeException: UNAVAILABLE: io exception
2019-10-01 03:37:56,340 [grpc-default-executor-0] WARN  server.GrpcLogAppender (LogUtils.java:warn(134)) - 337eeeca-189e-484a-8ae8-9f26fc3b75ba@group-403EB97D77B2->9df5af2a-73e5-4e4a-9c0b-ccd89ab155b9-AppendLogResponseHandler: Failed appendEntries: org.apache.ratis.thirdparty.io.grpc.StatusRuntimeException: UNAVAILABLE: io exception
2019-10-01 03:37:56,341 [grpc-default-executor-5] INFO  impl.FollowerInfo (FollowerInfo.java:lambda$new$0(51)) - 337eeeca-189e-484a-8ae8-9f26fc3b75ba@group-403EB97D77B2->1e85a46c-0611-47c1-8e7b-e152e7434ac8: nextIndex: updateUnconditionally 0 -> 0
2019-10-01 03:37:56,341 [grpc-default-executor-0] INFO  impl.FollowerInfo (FollowerInfo.java:lambda$new$0(51)) - 337eeeca-189e-484a-8ae8-9f26fc3b75ba@group-403EB97D77B2->9df5af2a-73e5-4e4a-9c0b-ccd89ab155b9: nextIndex: updateUnconditionally 0 -> 0
2019-10-01 03:37:57,058 [Thread-1530] INFO  client.GrpcClientProtocolService (GrpcClientProtocolService.java:lambda$processClientRequest$0(278)) - Failed RaftClientRequest:client-40BE61B1CC52->337eeeca-189e-484a-8ae8-9f26fc3b75ba@group-403EB97D77B2, cid=67, seq=0, Watch-ALL_COMMITTED(106), Message:<EMPTY>, reply=RaftClientReply:client-40BE61B1CC52->337eeeca-189e-484a-8ae8-9f26fc3b75ba@group-403EB97D77B2, cid=67, FAILED org.apache.ratis.protocol.NotReplicatedException: Request with call Id 67 and log index 106 is not yet replicated to ALL_COMMITTED, logIndex=106, commits[337eeeca-189e-484a-8ae8-9f26fc3b75ba:c2, 9df5af2a-73e5-4e4a-9c0b-ccd89ab155b9:c2, 1e85a46c-0611-47c1-8e7b-e152e7434ac8:c2]
2019-10-01 03:37:58,840 [grpc-default-executor-0] WARN  server.GrpcLogAppender (LogUtils.java:warn(134)) - 337eeeca-189e-484a-8ae8-9f26fc3b75ba@group-403EB97D77B2->1e85a46c-0611-47c1-8e7b-e152e7434ac8-AppendLogResponseHandler: Failed appendEntries: org.apache.ratis.thirdparty.io.grpc.StatusRuntimeException: UNAVAILABLE: io exception
2019-10-01 03:37:58,841 [grpc-default-executor-0] INFO  impl.FollowerInfo (FollowerInfo.java:lambda$new$0(51)) - 337eeeca-189e-484a-8ae8-9f26fc3b75ba@group-403EB97D77B2->1e85a46c-0611-47c1-8e7b-e152e7434ac8: nextIndex: updateUnconditionally 0 -> 0
2019-10-01 03:37:58,842 [grpc-default-executor-2] WARN  server.GrpcLogAppender (LogUtils.java:warn(134)) - 337eeeca-189e-484a-8ae8-9f26fc3b75ba@group-403EB97D77B2->9df5af2a-73e5-4e4a-9c0b-ccd89ab155b9-AppendLogResponseHandler: Failed appendEntries: org.apache.ratis.thirdparty.io.grpc.StatusRuntimeException: UNAVAILABLE: io exception
2019-10-01 03:37:58,845 [grpc-default-executor-2] INFO  impl.FollowerInfo (FollowerInfo.java:lambda$new$0(51)) - 337eeeca-189e-484a-8ae8-9f26fc3b75ba@group-403EB97D77B2->9df5af2a-73e5-4e4a-9c0b-ccd89ab155b9: nextIndex: updateUnconditionally 0 -> 0
2019-10-01 03:38:01,343 [grpc-default-executor-0] WARN  server.GrpcLogAppender (LogUtils.java:warn(134)) - 337eeeca-189e-484a-8ae8-9f26fc3b75ba@group-403EB97D77B2->9df5af2a-73e5-4e4a-9c0b-ccd89ab155b9-AppendLogResponseHandler: Failed appendEntries: org.apache.ratis.thirdparty.io.grpc.StatusRuntimeException: UNAVAILABLE: io exception
2019-10-01 03:38:01,343 [grpc-default-executor-2] WARN  server.GrpcLogAppender (LogUtils.java:warn(134)) - 337eeeca-189e-484a-8ae8-9f26fc3b75ba@group-403EB97D77B2->1e85a46c-0611-47c1-8e7b-e152e7434ac8-AppendLogResponseHandler: Failed appendEntries: org.apache.ratis.thirdparty.io.grpc.StatusRuntimeException: UNAVAILABLE: io exception
2019-10-01 03:38:01,344 [grpc-default-executor-0] INFO  impl.FollowerInfo (FollowerInfo.java:lambda$new$0(51)) - 337eeeca-189e-484a-8ae8-9f26fc3b75ba@group-403EB97D77B2->9df5af2a-73e5-4e4a-9c0b-ccd89ab155b9: nextIndex: updateUnconditionally 0 -> 0
2019-10-01 03:38:01,344 [grpc-default-executor-2] INFO  impl.FollowerInfo (FollowerInfo.java:lambda$new$0(51)) - 337eeeca-189e-484a-8ae8-9f26fc3b75ba@group-403EB97D77B2->1e85a46c-0611-47c1-8e7b-e152e7434ac8: nextIndex: updateUnconditionally 0 -> 0
2019-10-01 03:38:03,845 [grpc-default-executor-5] WARN  server.GrpcLogAppender (LogUtils.java:warn(134)) - 337eeeca-189e-484a-8ae8-9f26fc3b75ba@group-403EB97D77B2->1e85a46c-0611-47c1-8e7b-e152e7434ac8-AppendLogResponseHandler: Failed appendEntries: org.apache.ratis.thirdparty.io.grpc.StatusRuntimeException: UNAVAILABLE: io exception
2019-10-01 03:38:03,845 [grpc-default-executor-6] WARN  server.GrpcLogAppender (LogUtils.java:warn(134)) - 337eeeca-189e-484a-8ae8-9f26fc3b75ba@group-403EB97D77B2->9df5af2a-73e5-4e4a-9c0b-ccd89ab155b9-AppendLogResponseHandler: Failed appendEntries: org.apache.ratis.thirdparty.io.grpc.StatusRuntimeException: UNAVAILABLE: io exception
2019-10-01 03:38:03,845 [grpc-default-executor-5] INFO  impl.FollowerInfo (FollowerInfo.java:lambda$new$0(51)) - 337eeeca-189e-484a-8ae8-9f26fc3b75ba@group-403EB97D77B2->1e85a46c-0611-47c1-8e7b-e152e7434ac8: nextIndex: updateUnconditionally 0 -> 0
2019-10-01 03:38:03,846 [grpc-default-executor-6] INFO  impl.FollowerInfo (FollowerInfo.java:lambda$new$0(51)) - 337eeeca-189e-484a-8ae8-9f26fc3b75ba@group-403EB97D77B2->9df5af2a-73e5-4e4a-9c0b-ccd89ab155b9: nextIndex: updateUnconditionally 0 -> 0
2019-10-01 03:38:06,347 [grpc-default-executor-5] WARN  server.GrpcLogAppender (LogUtils.java:warn(134)) - 337eeeca-189e-484a-8ae8-9f26fc3b75ba@group-403EB97D77B2->1e85a46c-0611-47c1-8e7b-e152e7434ac8-AppendLogResponseHandler: Failed appendEntries: org.apache.ratis.thirdparty.io.grpc.StatusRuntimeException: UNAVAILABLE: io exception
2019-10-01 03:38:06,347 [grpc-default-executor-6] WARN  server.GrpcLogAppender (LogUtils.java:warn(134)) - 337eeeca-189e-484a-8ae8-9f26fc3b75ba@group-403EB97D77B2->9df5af2a-73e5-4e4a-9c0b-ccd89ab155b9-AppendLogResponseHandler: Failed appendEntries: org.apache.ratis.thirdparty.io.grpc.StatusRuntimeException: UNAVAILABLE: io exception
2019-10-01 03:38:06,347 [grpc-default-executor-5] INFO  impl.FollowerInfo (FollowerInfo.java:lambda$new$0(51)) - 337eeeca-189e-484a-8ae8-9f26fc3b75ba@group-403EB97D77B2->1e85a46c-0611-47c1-8e7b-e152e7434ac8: nextIndex: updateUnconditionally 0 -> 0
2019-10-01 03:38:06,347 [grpc-default-executor-6] INFO  impl.FollowerInfo (FollowerInfo.java:lambda$new$0(51)) - 337eeeca-189e-484a-8ae8-9f26fc3b75ba@group-403EB97D77B2->9df5af2a-73e5-4e4a-9c0b-ccd89ab155b9: nextIndex: updateUnconditionally 0 -> 0
2019-10-01 03:38:06,653 [main] WARN  scm.XceiverClientRatis (XceiverClientRatis.java:watchForCommit(292)) - 3 way commit failed on pipeline Pipeline[ Id: fd79f393-8fec-4590-8f18-403eb97d77b2, Nodes: 1e85a46c-0611-47c1-8e7b-e152e7434ac8{ip: 192.168.151.109, host: pr-hdds-1984-zmhd5-2369693365, networkLocation: /default-rack, certSerialId: null}9df5af2a-73e5-4e4a-9c0b-ccd89ab155b9{ip: 192.168.151.109, host: pr-hdds-1984-zmhd5-2369693365, networkLocation: /default-rack, certSerialId: null}337eeeca-189e-484a-8ae8-9f26fc3b75ba{ip: 192.168.151.109, host: pr-hdds-1984-zmhd5-2369693365, networkLocation: /default-rack, certSerialId: null}, Type:RATIS, Factor:THREE, State:OPEN]
java.util.concurrent.TimeoutException
	at java.util.concurrent.CompletableFuture.timedGet(CompletableFuture.java:1771)
	at java.util.concurrent.CompletableFuture.get(CompletableFuture.java:1915)
	at org.apache.hadoop.hdds.scm.XceiverClientRatis.watchForCommit(XceiverClientRatis.java:289)
	at org.apache.hadoop.ozone.client.rpc.TestWatchForCommit.testWatchForCommitForRetryfailure(TestWatchForCommit.java:345)
	at sun.reflect.NativeMethodAccessorImpl.invoke0(Native Method)
	at sun.reflect.NativeMethodAccessorImpl.invoke(NativeMethodAccessorImpl.java:62)
	at sun.reflect.DelegatingMethodAccessorImpl.invoke(DelegatingMethodAccessorImpl.java:43)
	at java.lang.reflect.Method.invoke(Method.java:498)
	at org.junit.runners.model.FrameworkMethod$1.runReflectiveCall(FrameworkMethod.java:47)
	at org.junit.internal.runners.model.ReflectiveCallable.run(ReflectiveCallable.java:12)
	at org.junit.runners.model.FrameworkMethod.invokeExplosively(FrameworkMethod.java:44)
	at org.junit.internal.runners.statements.InvokeMethod.evaluate(InvokeMethod.java:17)
	at org.junit.runners.ParentRunner.runLeaf(ParentRunner.java:271)
	at org.junit.runners.BlockJUnit4ClassRunner.runChild(BlockJUnit4ClassRunner.java:70)
	at org.junit.runners.BlockJUnit4ClassRunner.runChild(BlockJUnit4ClassRunner.java:50)
	at org.junit.runners.ParentRunner$3.run(ParentRunner.java:238)
	at org.junit.runners.ParentRunner$1.schedule(ParentRunner.java:63)
	at org.junit.runners.ParentRunner.runChildren(ParentRunner.java:236)
	at org.junit.runners.ParentRunner.access$000(ParentRunner.java:53)
	at org.junit.runners.ParentRunner$2.evaluate(ParentRunner.java:229)
	at org.junit.runners.ParentRunner.run(ParentRunner.java:309)
	at org.apache.maven.surefire.junit4.JUnit4Provider.execute(JUnit4Provider.java:365)
	at org.apache.maven.surefire.junit4.JUnit4Provider.executeWithRerun(JUnit4Provider.java:273)
	at org.apache.maven.surefire.junit4.JUnit4Provider.executeTestSet(JUnit4Provider.java:238)
	at org.apache.maven.surefire.junit4.JUnit4Provider.invoke(JUnit4Provider.java:159)
	at org.apache.maven.surefire.booter.ForkedBooter.invokeProviderInSameClassLoader(ForkedBooter.java:384)
	at org.apache.maven.surefire.booter.ForkedBooter.runSuitesInProcess(ForkedBooter.java:345)
	at org.apache.maven.surefire.booter.ForkedBooter.execute(ForkedBooter.java:126)
	at org.apache.maven.surefire.booter.ForkedBooter.main(ForkedBooter.java:418)
2019-10-01 03:38:08,846 [grpc-default-executor-1] WARN  server.GrpcLogAppender (LogUtils.java:warn(134)) - 337eeeca-189e-484a-8ae8-9f26fc3b75ba@group-403EB97D77B2->1e85a46c-0611-47c1-8e7b-e152e7434ac8-AppendLogResponseHandler: Failed appendEntries: org.apache.ratis.thirdparty.io.grpc.StatusRuntimeException: UNAVAILABLE: io exception
2019-10-01 03:38:08,846 [grpc-default-executor-5] WARN  server.GrpcLogAppender (LogUtils.java:warn(134)) - 337eeeca-189e-484a-8ae8-9f26fc3b75ba@group-403EB97D77B2->9df5af2a-73e5-4e4a-9c0b-ccd89ab155b9-AppendLogResponseHandler: Failed appendEntries: org.apache.ratis.thirdparty.io.grpc.StatusRuntimeException: UNAVAILABLE: io exception
2019-10-01 03:38:08,850 [grpc-default-executor-1] INFO  impl.FollowerInfo (FollowerInfo.java:lambda$new$0(51)) - 337eeeca-189e-484a-8ae8-9f26fc3b75ba@group-403EB97D77B2->1e85a46c-0611-47c1-8e7b-e152e7434ac8: nextIndex: updateUnconditionally 0 -> 0
2019-10-01 03:38:08,851 [grpc-default-executor-5] INFO  impl.FollowerInfo (FollowerInfo.java:lambda$new$0(51)) - 337eeeca-189e-484a-8ae8-9f26fc3b75ba@group-403EB97D77B2->9df5af2a-73e5-4e4a-9c0b-ccd89ab155b9: nextIndex: updateUnconditionally 0 -> 0
2019-10-01 03:38:10,056 [Thread-1555] INFO  client.GrpcClientProtocolService (GrpcClientProtocolService.java:lambda$processClientRequest$0(278)) - Failed RaftClientRequest:client-40BE61B1CC52->337eeeca-189e-484a-8ae8-9f26fc3b75ba@group-403EB97D77B2, cid=67, seq=0, Watch-ALL_COMMITTED(106), Message:<EMPTY>, reply=RaftClientReply:client-40BE61B1CC52->337eeeca-189e-484a-8ae8-9f26fc3b75ba@group-403EB97D77B2, cid=67, FAILED org.apache.ratis.protocol.NotReplicatedException: Request with call Id 67 and log index 106 is not yet replicated to ALL_COMMITTED, logIndex=106, commits[337eeeca-189e-484a-8ae8-9f26fc3b75ba:c2, 9df5af2a-73e5-4e4a-9c0b-ccd89ab155b9:c2, 1e85a46c-0611-47c1-8e7b-e152e7434ac8:c2]
2019-10-01 03:38:11,348 [grpc-default-executor-2] WARN  server.GrpcLogAppender (LogUtils.java:warn(134)) - 337eeeca-189e-484a-8ae8-9f26fc3b75ba@group-403EB97D77B2->1e85a46c-0611-47c1-8e7b-e152e7434ac8-AppendLogResponseHandler: Failed appendEntries: org.apache.ratis.thirdparty.io.grpc.StatusRuntimeException: UNAVAILABLE: io exception
2019-10-01 03:38:11,348 [grpc-default-executor-6] WARN  server.GrpcLogAppender (LogUtils.java:warn(134)) - 337eeeca-189e-484a-8ae8-9f26fc3b75ba@group-403EB97D77B2->9df5af2a-73e5-4e4a-9c0b-ccd89ab155b9-AppendLogResponseHandler: Failed appendEntries: org.apache.ratis.thirdparty.io.grpc.StatusRuntimeException: UNAVAILABLE: io exception
2019-10-01 03:38:11,351 [grpc-default-executor-2] INFO  impl.FollowerInfo (FollowerInfo.java:lambda$new$0(51)) - 337eeeca-189e-484a-8ae8-9f26fc3b75ba@group-403EB97D77B2->1e85a46c-0611-47c1-8e7b-e152e7434ac8: nextIndex: updateUnconditionally 0 -> 0
2019-10-01 03:38:11,351 [grpc-default-executor-6] INFO  impl.FollowerInfo (FollowerInfo.java:lambda$new$0(51)) - 337eeeca-189e-484a-8ae8-9f26fc3b75ba@group-403EB97D77B2->9df5af2a-73e5-4e4a-9c0b-ccd89ab155b9: nextIndex: updateUnconditionally 0 -> 0
2019-10-01 03:38:13,849 [grpc-default-executor-2] WARN  server.GrpcLogAppender (LogUtils.java:warn(134)) - 337eeeca-189e-484a-8ae8-9f26fc3b75ba@group-403EB97D77B2->9df5af2a-73e5-4e4a-9c0b-ccd89ab155b9-AppendLogResponseHandler: Failed appendEntries: org.apache.ratis.thirdparty.io.grpc.StatusRuntimeException: UNAVAILABLE: io exception
2019-10-01 03:38:13,849 [grpc-default-executor-6] WARN  server.GrpcLogAppender (LogUtils.java:warn(134)) - 337eeeca-189e-484a-8ae8-9f26fc3b75ba@group-403EB97D77B2->1e85a46c-0611-47c1-8e7b-e152e7434ac8-AppendLogResponseHandler: Failed appendEntries: org.apache.ratis.thirdparty.io.grpc.StatusRuntimeException: UNAVAILABLE: io exception
2019-10-01 03:38:13,849 [grpc-default-executor-2] INFO  impl.FollowerInfo (FollowerInfo.java:lambda$new$0(51)) - 337eeeca-189e-484a-8ae8-9f26fc3b75ba@group-403EB97D77B2->9df5af2a-73e5-4e4a-9c0b-ccd89ab155b9: nextIndex: updateUnconditionally 0 -> 0
2019-10-01 03:38:13,849 [grpc-default-executor-6] INFO  impl.FollowerInfo (FollowerInfo.java:lambda$new$0(51)) - 337eeeca-189e-484a-8ae8-9f26fc3b75ba@group-403EB97D77B2->1e85a46c-0611-47c1-8e7b-e152e7434ac8: nextIndex: updateUnconditionally 0 -> 0
2019-10-01 03:38:16,353 [grpc-default-executor-0] WARN  server.GrpcLogAppender (LogUtils.java:warn(134)) - 337eeeca-189e-484a-8ae8-9f26fc3b75ba@group-403EB97D77B2->1e85a46c-0611-47c1-8e7b-e152e7434ac8-AppendLogResponseHandler: Failed appendEntries: org.apache.ratis.thirdparty.io.grpc.StatusRuntimeException: UNAVAILABLE: io exception
2019-10-01 03:38:16,353 [grpc-default-executor-2] WARN  server.GrpcLogAppender (LogUtils.java:warn(134)) - 337eeeca-189e-484a-8ae8-9f26fc3b75ba@group-403EB97D77B2->9df5af2a-73e5-4e4a-9c0b-ccd89ab155b9-AppendLogResponseHandler: Failed appendEntries: org.apache.ratis.thirdparty.io.grpc.StatusRuntimeException: UNAVAILABLE: io exception
2019-10-01 03:38:16,354 [grpc-default-executor-0] INFO  impl.FollowerInfo (FollowerInfo.java:lambda$new$0(51)) - 337eeeca-189e-484a-8ae8-9f26fc3b75ba@group-403EB97D77B2->1e85a46c-0611-47c1-8e7b-e152e7434ac8: nextIndex: updateUnconditionally 0 -> 0
2019-10-01 03:38:16,354 [grpc-default-executor-2] INFO  impl.FollowerInfo (FollowerInfo.java:lambda$new$0(51)) - 337eeeca-189e-484a-8ae8-9f26fc3b75ba@group-403EB97D77B2->9df5af2a-73e5-4e4a-9c0b-ccd89ab155b9: nextIndex: updateUnconditionally 0 -> 0
2019-10-01 03:38:18,852 [grpc-default-executor-2] WARN  server.GrpcLogAppender (LogUtils.java:warn(134)) - 337eeeca-189e-484a-8ae8-9f26fc3b75ba@group-403EB97D77B2->9df5af2a-73e5-4e4a-9c0b-ccd89ab155b9-AppendLogResponseHandler: Failed appendEntries: org.apache.ratis.thirdparty.io.grpc.StatusRuntimeException: UNAVAILABLE: io exception
2019-10-01 03:38:18,852 [grpc-default-executor-0] WARN  server.GrpcLogAppender (LogUtils.java:warn(134)) - 337eeeca-189e-484a-8ae8-9f26fc3b75ba@group-403EB97D77B2->1e85a46c-0611-47c1-8e7b-e152e7434ac8-AppendLogResponseHandler: Failed appendEntries: org.apache.ratis.thirdparty.io.grpc.StatusRuntimeException: UNAVAILABLE: io exception
2019-10-01 03:38:18,853 [grpc-default-executor-2] INFO  impl.FollowerInfo (FollowerInfo.java:lambda$new$0(51)) - 337eeeca-189e-484a-8ae8-9f26fc3b75ba@group-403EB97D77B2->9df5af2a-73e5-4e4a-9c0b-ccd89ab155b9: nextIndex: updateUnconditionally 0 -> 0
2019-10-01 03:38:18,853 [grpc-default-executor-0] INFO  impl.FollowerInfo (FollowerInfo.java:lambda$new$0(51)) - 337eeeca-189e-484a-8ae8-9f26fc3b75ba@group-403EB97D77B2->1e85a46c-0611-47c1-8e7b-e152e7434ac8: nextIndex: updateUnconditionally 0 -> 0
2019-10-01 03:38:21,354 [grpc-default-executor-0] WARN  server.GrpcLogAppender (LogUtils.java:warn(134)) - 337eeeca-189e-484a-8ae8-9f26fc3b75ba@group-403EB97D77B2->9df5af2a-73e5-4e4a-9c0b-ccd89ab155b9-AppendLogResponseHandler: Failed appendEntries: org.apache.ratis.thirdparty.io.grpc.StatusRuntimeException: UNAVAILABLE: io exception
2019-10-01 03:38:21,354 [grpc-default-executor-5] WARN  server.GrpcLogAppender (LogUtils.java:warn(134)) - 337eeeca-189e-484a-8ae8-9f26fc3b75ba@group-403EB97D77B2->1e85a46c-0611-47c1-8e7b-e152e7434ac8-AppendLogResponseHandler: Failed appendEntries: org.apache.ratis.thirdparty.io.grpc.StatusRuntimeException: UNAVAILABLE: io exception
2019-10-01 03:38:21,355 [grpc-default-executor-0] INFO  impl.FollowerInfo (FollowerInfo.java:lambda$new$0(51)) - 337eeeca-189e-484a-8ae8-9f26fc3b75ba@group-403EB97D77B2->9df5af2a-73e5-4e4a-9c0b-ccd89ab155b9: nextIndex: updateUnconditionally 0 -> 0
2019-10-01 03:38:21,355 [grpc-default-executor-5] INFO  impl.FollowerInfo (FollowerInfo.java:lambda$new$0(51)) - 337eeeca-189e-484a-8ae8-9f26fc3b75ba@group-403EB97D77B2->1e85a46c-0611-47c1-8e7b-e152e7434ac8: nextIndex: updateUnconditionally 0 -> 0
2019-10-01 03:38:23,056 [Thread-1581] INFO  client.GrpcClientProtocolService (GrpcClientProtocolService.java:lambda$processClientRequest$0(278)) - Failed RaftClientRequest:client-40BE61B1CC52->337eeeca-189e-484a-8ae8-9f26fc3b75ba@group-403EB97D77B2, cid=67, seq=0, Watch-ALL_COMMITTED(106), Message:<EMPTY>, reply=RaftClientReply:client-40BE61B1CC52->337eeeca-189e-484a-8ae8-9f26fc3b75ba@group-403EB97D77B2, cid=67, FAILED org.apache.ratis.protocol.NotReplicatedException: Request with call Id 67 and log index 106 is not yet replicated to ALL_COMMITTED, logIndex=106, commits[337eeeca-189e-484a-8ae8-9f26fc3b75ba:c2, 9df5af2a-73e5-4e4a-9c0b-ccd89ab155b9:c2, 1e85a46c-0611-47c1-8e7b-e152e7434ac8:c2]
2019-10-01 03:38:23,059 [Thread-1582] INFO  client.GrpcClientProtocolService (GrpcClientProtocolService.java:lambda$processClientRequest$0(278)) - Failed RaftClientRequest:client-40BE61B1CC52->337eeeca-189e-484a-8ae8-9f26fc3b75ba@group-403EB97D77B2, cid=68, seq=0, Watch-MAJORITY_COMMITTED(106), Message:<EMPTY>, reply=RaftClientReply:client-40BE61B1CC52->337eeeca-189e-484a-8ae8-9f26fc3b75ba@group-403EB97D77B2, cid=68, FAILED org.apache.ratis.protocol.NotReplicatedException: Request with call Id 68 and log index 106 is not yet replicated to MAJORITY_COMMITTED, logIndex=106, commits[337eeeca-189e-484a-8ae8-9f26fc3b75ba:c2, 9df5af2a-73e5-4e4a-9c0b-ccd89ab155b9:c2, 1e85a46c-0611-47c1-8e7b-e152e7434ac8:c2]
2019-10-01 03:38:23,854 [grpc-default-executor-5] WARN  server.GrpcLogAppender (LogUtils.java:warn(134)) - 337eeeca-189e-484a-8ae8-9f26fc3b75ba@group-403EB97D77B2->9df5af2a-73e5-4e4a-9c0b-ccd89ab155b9-AppendLogResponseHandler: Failed appendEntries: org.apache.ratis.thirdparty.io.grpc.StatusRuntimeException: UNAVAILABLE: io exception
2019-10-01 03:38:23,854 [grpc-default-executor-6] WARN  server.GrpcLogAppender (LogUtils.java:warn(134)) - 337eeeca-189e-484a-8ae8-9f26fc3b75ba@group-403EB97D77B2->1e85a46c-0611-47c1-8e7b-e152e7434ac8-AppendLogResponseHandler: Failed appendEntries: org.apache.ratis.thirdparty.io.grpc.StatusRuntimeException: UNAVAILABLE: io exception
2019-10-01 03:38:23,858 [grpc-default-executor-5] INFO  impl.FollowerInfo (FollowerInfo.java:lambda$new$0(51)) - 337eeeca-189e-484a-8ae8-9f26fc3b75ba@group-403EB97D77B2->9df5af2a-73e5-4e4a-9c0b-ccd89ab155b9: nextIndex: updateUnconditionally 0 -> 0
2019-10-01 03:38:23,858 [grpc-default-executor-6] INFO  impl.FollowerInfo (FollowerInfo.java:lambda$new$0(51)) - 337eeeca-189e-484a-8ae8-9f26fc3b75ba@group-403EB97D77B2->1e85a46c-0611-47c1-8e7b-e152e7434ac8: nextIndex: updateUnconditionally 0 -> 0
2019-10-01 03:38:26,355 [grpc-default-executor-5] WARN  server.GrpcLogAppender (LogUtils.java:warn(134)) - 337eeeca-189e-484a-8ae8-9f26fc3b75ba@group-403EB97D77B2->9df5af2a-73e5-4e4a-9c0b-ccd89ab155b9-AppendLogResponseHandler: Failed appendEntries: org.apache.ratis.thirdparty.io.grpc.StatusRuntimeException: UNAVAILABLE: io exception
2019-10-01 03:38:26,355 [grpc-default-executor-2] WARN  server.GrpcLogAppender (LogUtils.java:warn(134)) - 337eeeca-189e-484a-8ae8-9f26fc3b75ba@group-403EB97D77B2->1e85a46c-0611-47c1-8e7b-e152e7434ac8-AppendLogResponseHandler: Failed appendEntries: org.apache.ratis.thirdparty.io.grpc.StatusRuntimeException: UNAVAILABLE: io exception
2019-10-01 03:38:26,355 [grpc-default-executor-5] INFO  impl.FollowerInfo (FollowerInfo.java:lambda$new$0(51)) - 337eeeca-189e-484a-8ae8-9f26fc3b75ba@group-403EB97D77B2->9df5af2a-73e5-4e4a-9c0b-ccd89ab155b9: nextIndex: updateUnconditionally 0 -> 0
2019-10-01 03:38:26,356 [grpc-default-executor-2] INFO  impl.FollowerInfo (FollowerInfo.java:lambda$new$0(51)) - 337eeeca-189e-484a-8ae8-9f26fc3b75ba@group-403EB97D77B2->1e85a46c-0611-47c1-8e7b-e152e7434ac8: nextIndex: updateUnconditionally 0 -> 0
]]></system-out>
    <system-err><![CDATA[Oct 01, 2019 3:37:41 AM org.apache.ratis.thirdparty.io.grpc.internal.SerializingExecutor run
SEVERE: Exception while executing runnable org.apache.ratis.thirdparty.io.grpc.internal.ServerImpl$JumpToApplicationThreadServerStreamListener$1Closed@431d26a6
org.apache.ratis.thirdparty.io.grpc.StatusRuntimeException: CANCELLED: call already cancelled
	at org.apache.ratis.thirdparty.io.grpc.Status.asRuntimeException(Status.java:517)
	at org.apache.ratis.thirdparty.io.grpc.stub.ServerCalls$ServerCallStreamObserverImpl.onCompleted(ServerCalls.java:356)
	at org.apache.ratis.grpc.server.GrpcServerProtocolService$ServerRequestStreamObserver.onError(GrpcServerProtocolService.java:121)
	at org.apache.ratis.thirdparty.io.grpc.stub.ServerCalls$StreamingServerCallHandler$StreamingServerCallListener.onCancel(ServerCalls.java:269)
	at org.apache.ratis.thirdparty.io.grpc.internal.ServerCallImpl$ServerStreamListenerImpl.closed(ServerCallImpl.java:293)
	at org.apache.ratis.thirdparty.io.grpc.internal.ServerImpl$JumpToApplicationThreadServerStreamListener$1Closed.runInContext(ServerImpl.java:741)
	at org.apache.ratis.thirdparty.io.grpc.internal.ContextRunnable.run(ContextRunnable.java:37)
	at org.apache.ratis.thirdparty.io.grpc.internal.SerializingExecutor.run(SerializingExecutor.java:123)
	at java.util.concurrent.ThreadPoolExecutor.runWorker(ThreadPoolExecutor.java:1149)
	at java.util.concurrent.ThreadPoolExecutor$Worker.run(ThreadPoolExecutor.java:624)
	at java.lang.Thread.run(Thread.java:748)

Oct 01, 2019 3:37:46 AM org.apache.ratis.thirdparty.io.grpc.internal.SerializingExecutor run
SEVERE: Exception while executing runnable org.apache.ratis.thirdparty.io.grpc.internal.ServerImpl$JumpToApplicationThreadServerStreamListener$1Closed@24cc42f4
org.apache.ratis.thirdparty.io.grpc.StatusRuntimeException: CANCELLED: call already cancelled
	at org.apache.ratis.thirdparty.io.grpc.Status.asRuntimeException(Status.java:517)
	at org.apache.ratis.thirdparty.io.grpc.stub.ServerCalls$ServerCallStreamObserverImpl.onCompleted(ServerCalls.java:356)
	at org.apache.ratis.grpc.server.GrpcServerProtocolService$ServerRequestStreamObserver.onError(GrpcServerProtocolService.java:121)
	at org.apache.ratis.thirdparty.io.grpc.stub.ServerCalls$StreamingServerCallHandler$StreamingServerCallListener.onCancel(ServerCalls.java:269)
	at org.apache.ratis.thirdparty.io.grpc.internal.ServerCallImpl$ServerStreamListenerImpl.closed(ServerCallImpl.java:293)
	at org.apache.ratis.thirdparty.io.grpc.internal.ServerImpl$JumpToApplicationThreadServerStreamListener$1Closed.runInContext(ServerImpl.java:741)
	at org.apache.ratis.thirdparty.io.grpc.internal.ContextRunnable.run(ContextRunnable.java:37)
	at org.apache.ratis.thirdparty.io.grpc.internal.SerializingExecutor.run(SerializingExecutor.java:123)
	at java.util.concurrent.ThreadPoolExecutor.runWorker(ThreadPoolExecutor.java:1149)
	at java.util.concurrent.ThreadPoolExecutor$Worker.run(ThreadPoolExecutor.java:624)
	at java.lang.Thread.run(Thread.java:748)

]]></system-err>
  </testcase>
  <testcase name="testWatchForCommitForGroupMismatchException" classname="org.apache.hadoop.ozone.client.rpc.TestWatchForCommit" time="32.948"/>
  <testcase name="test2WayCommitForTimeoutException" classname="org.apache.hadoop.ozone.client.rpc.TestWatchForCommit" time="27.338">
    <error message="org.apache.ratis.protocol.RaftRetryFailureException: Failed RaftClientRequest:client-B4E933C5ABED-&gt;b0362125-041a-412e-80f3-086761e28f3c@group-319A780DD72D, cid=103, seq=2*, RW, org.apache.hadoop.hdds.scm.XceiverClientRatis$$Lambda$405/477319344@25fda429 for 20 attempts with RetryLimited(maxAttempts=20, sleepTime=1000ms)" type="java.util.concurrent.ExecutionException">java.util.concurrent.ExecutionException: org.apache.ratis.protocol.RaftRetryFailureException: Failed RaftClientRequest:client-B4E933C5ABED->b0362125-041a-412e-80f3-086761e28f3c@group-319A780DD72D, cid=103, seq=2*, RW, org.apache.hadoop.hdds.scm.XceiverClientRatis$$Lambda$405/477319344@25fda429 for 20 attempts with RetryLimited(maxAttempts=20, sleepTime=1000ms)
	at java.util.concurrent.CompletableFuture.reportGet(CompletableFuture.java:357)
	at java.util.concurrent.CompletableFuture.get(CompletableFuture.java:1895)
	at org.apache.hadoop.ozone.client.rpc.TestWatchForCommit.test2WayCommitForTimeoutException(TestWatchForCommit.java:390)
	at sun.reflect.NativeMethodAccessorImpl.invoke0(Native Method)
	at sun.reflect.NativeMethodAccessorImpl.invoke(NativeMethodAccessorImpl.java:62)
	at sun.reflect.DelegatingMethodAccessorImpl.invoke(DelegatingMethodAccessorImpl.java:43)
	at java.lang.reflect.Method.invoke(Method.java:498)
	at org.junit.runners.model.FrameworkMethod$1.runReflectiveCall(FrameworkMethod.java:47)
	at org.junit.internal.runners.model.ReflectiveCallable.run(ReflectiveCallable.java:12)
	at org.junit.runners.model.FrameworkMethod.invokeExplosively(FrameworkMethod.java:44)
	at org.junit.internal.runners.statements.InvokeMethod.evaluate(InvokeMethod.java:17)
	at org.junit.runners.ParentRunner.runLeaf(ParentRunner.java:271)
	at org.junit.runners.BlockJUnit4ClassRunner.runChild(BlockJUnit4ClassRunner.java:70)
	at org.junit.runners.BlockJUnit4ClassRunner.runChild(BlockJUnit4ClassRunner.java:50)
	at org.junit.runners.ParentRunner$3.run(ParentRunner.java:238)
	at org.junit.runners.ParentRunner$1.schedule(ParentRunner.java:63)
	at org.junit.runners.ParentRunner.runChildren(ParentRunner.java:236)
	at org.junit.runners.ParentRunner.access$000(ParentRunner.java:53)
	at org.junit.runners.ParentRunner$2.evaluate(ParentRunner.java:229)
	at org.junit.runners.ParentRunner.run(ParentRunner.java:309)
	at org.apache.maven.surefire.junit4.JUnit4Provider.execute(JUnit4Provider.java:365)
	at org.apache.maven.surefire.junit4.JUnit4Provider.executeWithRerun(JUnit4Provider.java:273)
	at org.apache.maven.surefire.junit4.JUnit4Provider.executeTestSet(JUnit4Provider.java:238)
	at org.apache.maven.surefire.junit4.JUnit4Provider.invoke(JUnit4Provider.java:159)
	at org.apache.maven.surefire.booter.ForkedBooter.invokeProviderInSameClassLoader(ForkedBooter.java:384)
	at org.apache.maven.surefire.booter.ForkedBooter.runSuitesInProcess(ForkedBooter.java:345)
	at org.apache.maven.surefire.booter.ForkedBooter.execute(ForkedBooter.java:126)
	at org.apache.maven.surefire.booter.ForkedBooter.main(ForkedBooter.java:418)
Caused by: org.apache.ratis.protocol.RaftRetryFailureException: Failed RaftClientRequest:client-B4E933C5ABED->b0362125-041a-412e-80f3-086761e28f3c@group-319A780DD72D, cid=103, seq=2*, RW, org.apache.hadoop.hdds.scm.XceiverClientRatis$$Lambda$405/477319344@25fda429 for 20 attempts with RetryLimited(maxAttempts=20, sleepTime=1000ms)
	at org.apache.ratis.client.impl.RaftClientImpl.noMoreRetries(RaftClientImpl.java:271)
	at org.apache.ratis.client.impl.OrderedAsync.handleAsyncRetryFailure(OrderedAsync.java:138)
	at org.apache.ratis.client.impl.OrderedAsync.lambda$sendRequest$10(OrderedAsync.java:230)
	at java.util.concurrent.CompletableFuture.uniExceptionally(CompletableFuture.java:870)
	at java.util.concurrent.CompletableFuture$UniExceptionally.tryFire(CompletableFuture.java:852)
	at java.util.concurrent.CompletableFuture.postComplete(CompletableFuture.java:474)
	at java.util.concurrent.CompletableFuture.completeExceptionally(CompletableFuture.java:1977)
	at org.apache.ratis.grpc.client.GrpcClientProtocolClient$AsyncStreamObservers.completeReplyExceptionally(GrpcClientProtocolClient.java:345)
	at org.apache.ratis.grpc.client.GrpcClientProtocolClient$AsyncStreamObservers.access$000(GrpcClientProtocolClient.java:261)
	at org.apache.ratis.grpc.client.GrpcClientProtocolClient$AsyncStreamObservers$1.onNext(GrpcClientProtocolClient.java:273)
	at org.apache.ratis.grpc.client.GrpcClientProtocolClient$AsyncStreamObservers$1.onNext(GrpcClientProtocolClient.java:264)
	at org.apache.ratis.thirdparty.io.grpc.stub.ClientCalls$StreamObserverToCallListenerAdapter.onMessage(ClientCalls.java:421)
	at org.apache.ratis.thirdparty.io.grpc.ForwardingClientCallListener.onMessage(ForwardingClientCallListener.java:33)
	at org.apache.ratis.thirdparty.io.grpc.ForwardingClientCallListener.onMessage(ForwardingClientCallListener.java:33)
	at org.apache.ratis.thirdparty.io.grpc.internal.ClientCallImpl$ClientStreamListenerImpl$1MessagesAvailable.runInContext(ClientCallImpl.java:519)
	at org.apache.ratis.thirdparty.io.grpc.internal.ContextRunnable.run(ContextRunnable.java:37)
	at org.apache.ratis.thirdparty.io.grpc.internal.SerializingExecutor.run(SerializingExecutor.java:123)
	at java.util.concurrent.ThreadPoolExecutor.runWorker(ThreadPoolExecutor.java:1149)
	at java.util.concurrent.ThreadPoolExecutor$Worker.run(ThreadPoolExecutor.java:624)
	at java.lang.Thread.run(Thread.java:748)
Caused by: org.apache.ratis.protocol.NotLeaderException: Server b0362125-041a-412e-80f3-086761e28f3c@group-319A780DD72D is not the leader 467f3fdb-1a0d-4d86-8fd2-938cb172d61c:192.168.151.109:42633
	at org.apache.ratis.client.impl.ClientProtoUtils.toRaftClientReply(ClientProtoUtils.java:243)
	at org.apache.ratis.grpc.client.GrpcClientProtocolClient$AsyncStreamObservers$1.onNext(GrpcClientProtocolClient.java:269)
	... 10 more
</error>
    <system-out><![CDATA[2019-10-01 03:38:59,633 [main] WARN  server.ServerUtils (ServerUtils.java:getScmDbDir(145)) - ozone.scm.db.dirs is not configured. We recommend adding this setting. Falling back to ozone.metadata.dirs instead.
2019-10-01 03:38:59,648 [main] WARN  server.ServerUtils (ServerUtils.java:getScmDbDir(145)) - ozone.scm.db.dirs is not configured. We recommend adding this setting. Falling back to ozone.metadata.dirs instead.
2019-10-01 03:38:59,649 [main] WARN  server.ServerUtils (ServerUtils.java:getScmDbDir(145)) - ozone.scm.db.dirs is not configured. We recommend adding this setting. Falling back to ozone.metadata.dirs instead.
2019-10-01 03:38:59,649 [main] INFO  db.DBStoreBuilder (DBStoreBuilder.java:addTable(110)) - using custom profile for table: deletedBlocks
2019-10-01 03:38:59,649 [main] INFO  db.DBStoreBuilder (DBStoreBuilder.java:processTables(161)) - Using default column profile:DBProfile.DISK for Table:deletedBlocks
2019-10-01 03:38:59,650 [main] INFO  db.DBStoreBuilder (DBStoreBuilder.java:addTable(110)) - using custom profile for table: validCerts
2019-10-01 03:38:59,650 [main] INFO  db.DBStoreBuilder (DBStoreBuilder.java:processTables(161)) - Using default column profile:DBProfile.DISK for Table:validCerts
2019-10-01 03:38:59,650 [main] INFO  db.DBStoreBuilder (DBStoreBuilder.java:addTable(110)) - using custom profile for table: revokedCerts
2019-10-01 03:38:59,650 [main] INFO  db.DBStoreBuilder (DBStoreBuilder.java:processTables(161)) - Using default column profile:DBProfile.DISK for Table:revokedCerts
2019-10-01 03:38:59,650 [main] INFO  db.DBStoreBuilder (DBStoreBuilder.java:addTable(110)) - using custom profile for table: default
2019-10-01 03:38:59,651 [main] INFO  db.DBStoreBuilder (DBStoreBuilder.java:processTables(167)) - Using default column profile:DBProfile.DISK for Table:default
2019-10-01 03:38:59,651 [main] INFO  db.DBStoreBuilder (DBStoreBuilder.java:getDbProfile(198)) - Using default options. DBProfile.DISK
2019-10-01 03:38:59,822 [main] INFO  net.NodeSchemaLoader (NodeSchemaLoader.java:loadSchemaFromFile(125)) - Loading file from sun.misc.CompoundEnumeration@47044f7d
2019-10-01 03:38:59,822 [main] INFO  net.NodeSchemaLoader (NodeSchemaLoader.java:loadSchema(171)) - Loading network topology layer schema file
2019-10-01 03:38:59,827 [main] WARN  server.ServerUtils (ServerUtils.java:sanitizeUserArgs(70)) - ozone.scm.stale.node.interval value = 300000 is larger than max = 100000 based on the key value of ozone.scm.heartbeat.thread.interval, reset to the max value 100000.
2019-10-01 03:38:59,827 [main] WARN  server.ServerUtils (ServerUtils.java:sanitizeUserArgs(70)) - ozone.scm.stale.node.interval value = 300000 is larger than max = 100000 based on the key value of ozone.scm.heartbeat.thread.interval, reset to the max value 100000.
2019-10-01 03:38:59,828 [main] INFO  node.SCMNodeManager (SCMNodeManager.java:<init>(114)) - Entering startup safe mode.
2019-10-01 03:38:59,828 [main] INFO  algorithms.ContainerPlacementPolicyFactory (ContainerPlacementPolicyFactory.java:getPolicy(57)) - Create container placement policy of type org.apache.hadoop.hdds.scm.container.placement.algorithms.SCMContainerPlacementRandom
2019-10-01 03:38:59,829 [main] WARN  server.ServerUtils (ServerUtils.java:getScmDbDir(145)) - ozone.scm.db.dirs is not configured. We recommend adding this setting. Falling back to ozone.metadata.dirs instead.
2019-10-01 03:38:59,894 [main] INFO  pipeline.SCMPipelineManager (SCMPipelineManager.java:initializePipelineState(132)) - No pipeline exists in current db
2019-10-01 03:38:59,894 [main] WARN  server.ServerUtils (ServerUtils.java:getScmDbDir(145)) - ozone.scm.db.dirs is not configured. We recommend adding this setting. Falling back to ozone.metadata.dirs instead.
2019-10-01 03:38:59,942 [main] WARN  events.EventQueue (EventQueue.java:fireEvent(183)) - No event handler registered for event TypedEvent{payloadType=SafeModeStatus, name='SafeModeStatus'}
2019-10-01 03:38:59,943 [main] INFO  ipc.CallQueueManager (CallQueueManager.java:<init>(84)) - Using callQueue: class java.util.concurrent.LinkedBlockingQueue, queueCapacity: 2000, scheduler: class org.apache.hadoop.ipc.DefaultRpcScheduler, ipcBackoff: false.
2019-10-01 03:38:59,944 [Socket Reader #1 for port 44202] INFO  ipc.Server (Server.java:run(1074)) - Starting Socket Reader #1 for port 44202
2019-10-01 03:38:59,965 [main] INFO  ipc.CallQueueManager (CallQueueManager.java:<init>(84)) - Using callQueue: class java.util.concurrent.LinkedBlockingQueue, queueCapacity: 2000, scheduler: class org.apache.hadoop.ipc.DefaultRpcScheduler, ipcBackoff: false.
2019-10-01 03:38:59,966 [Socket Reader #1 for port 35633] INFO  ipc.Server (Server.java:run(1074)) - Starting Socket Reader #1 for port 35633
2019-10-01 03:38:59,969 [main] INFO  ipc.CallQueueManager (CallQueueManager.java:<init>(84)) - Using callQueue: class java.util.concurrent.LinkedBlockingQueue, queueCapacity: 2000, scheduler: class org.apache.hadoop.ipc.DefaultRpcScheduler, ipcBackoff: false.
2019-10-01 03:38:59,970 [Socket Reader #1 for port 39938] INFO  ipc.Server (Server.java:run(1074)) - Starting Socket Reader #1 for port 39938
2019-10-01 03:38:59,973 [main] INFO  hdfs.DFSUtil (DFSUtil.java:httpServerTemplateForNNAndJN(1641)) - Starting Web-server for scm at: http://0.0.0.0:0
2019-10-01 03:38:59,974 [main] INFO  server.AuthenticationFilter (AuthenticationFilter.java:constructSecretProvider(240)) - Unable to initialize FileSignerSecretProvider, falling back to use random secrets.
2019-10-01 03:38:59,975 [main] WARN  http.HttpRequestLog (HttpRequestLog.java:getRequestLog(97)) - Jetty request log can only be enabled using Log4j
2019-10-01 03:38:59,976 [main] INFO  http.HttpServer2 (HttpServer2.java:addGlobalFilter(975)) - Added global filter 'safety' (class=org.apache.hadoop.http.HttpServer2$QuotingInputFilter)
2019-10-01 03:38:59,977 [main] INFO  http.HttpServer2 (HttpServer2.java:addFilter(948)) - Added filter static_user_filter (class=org.apache.hadoop.http.lib.StaticUserWebFilter$StaticUserFilter) to context scm
2019-10-01 03:38:59,977 [main] INFO  http.HttpServer2 (HttpServer2.java:addFilter(958)) - Added filter static_user_filter (class=org.apache.hadoop.http.lib.StaticUserWebFilter$StaticUserFilter) to context static
2019-10-01 03:38:59,977 [main] INFO  http.HttpServer2 (HttpServer2.java:addFilter(958)) - Added filter static_user_filter (class=org.apache.hadoop.http.lib.StaticUserWebFilter$StaticUserFilter) to context logs
2019-10-01 03:38:59,978 [main] INFO  server.StorageContainerManager (StorageContainerManager.java:start(770)) - StorageContainerLocationProtocol RPC server is listening at /0.0.0.0:39938
2019-10-01 03:38:59,980 [main] WARN  impl.MetricsConfig (MetricsConfig.java:loadFirst(134)) - Cannot locate configuration: tried hadoop-metrics2-storagecontainermanager.properties,hadoop-metrics2.properties
2019-10-01 03:38:59,981 [main] INFO  impl.MetricsSystemImpl (MetricsSystemImpl.java:startTimer(374)) - Scheduled Metric snapshot period at 10 second(s).
2019-10-01 03:38:59,981 [main] INFO  impl.MetricsSystemImpl (MetricsSystemImpl.java:start(191)) - StorageContainerManager metrics system started
2019-10-01 03:39:00,267 [main] WARN  impl.MetricsSystemImpl (MetricsSystemImpl.java:register(276)) - Sink prometheus already exists!
2019-10-01 03:39:00,760 [SCM Heartbeat Processing Thread - 0] ERROR node.NodeStateManager (NodeStateManager.java:checkNodesHealth(626)) - Total time spend processing datanode HB's is greater than configured values for datanode heartbeats. Please adjust the heartbeat configs. Time Spend on HB processing: 0 seconds Datanode heartbeat Interval: 100 seconds.
2019-10-01 03:39:00,883 [main] INFO  server.SCMClientProtocolServer (SCMClientProtocolServer.java:start(150)) - RPC server for Client  is listening at /0.0.0.0:39938
2019-10-01 03:39:00,884 [IPC Server Responder] INFO  ipc.Server (Server.java:run(1314)) - IPC Server Responder: starting
2019-10-01 03:39:00,884 [IPC Server listener on 39938] INFO  ipc.Server (Server.java:run(1153)) - IPC Server listener on 39938: starting
2019-10-01 03:39:00,895 [main] INFO  server.StorageContainerManager (StorageContainerManager.java:start(780)) - ScmBlockLocationProtocol RPC server is listening at /0.0.0.0:35633
2019-10-01 03:39:00,895 [main] INFO  server.SCMBlockProtocolServer (SCMBlockProtocolServer.java:start(146)) - RPC server for Block Protocol is listening at /0.0.0.0:35633
2019-10-01 03:39:00,895 [IPC Server listener on 35633] INFO  ipc.Server (Server.java:run(1153)) - IPC Server listener on 35633: starting
2019-10-01 03:39:00,895 [IPC Server Responder] INFO  ipc.Server (Server.java:run(1314)) - IPC Server Responder: starting
2019-10-01 03:39:00,903 [main] INFO  server.StorageContainerManager (StorageContainerManager.java:start(784)) - ScmDatanodeProtocl RPC server is listening at /0.0.0.0:44202
2019-10-01 03:39:00,904 [main] INFO  server.SCMDatanodeProtocolServer (SCMDatanodeProtocolServer.java:start(191)) - RPC server for DataNodes is listening at /0.0.0.0:44202
2019-10-01 03:39:00,904 [IPC Server Responder] INFO  ipc.Server (Server.java:run(1314)) - IPC Server Responder: starting
2019-10-01 03:39:00,904 [IPC Server listener on 44202] INFO  ipc.Server (Server.java:run(1153)) - IPC Server listener on 44202: starting
2019-10-01 03:39:00,916 [main] INFO  http.HttpServer2 (HttpServer2.java:bindListener(1191)) - Jetty bound to port 41850
2019-10-01 03:39:00,917 [main] INFO  server.Server (Server.java:doStart(351)) - jetty-9.3.25.v20180904, build timestamp: 2018-09-04T21:11:46Z, git hash: 3ce520221d0240229c862b122d2b06c12a625732
2019-10-01 03:39:00,918 [main] INFO  handler.ContextHandler (ContextHandler.java:doStart(781)) - Started o.e.j.s.ServletContextHandler@4a864d4d{/logs,file:///workdir/hadoop-ozone/integration-test/target/log,AVAILABLE}
2019-10-01 03:39:00,919 [main] INFO  handler.ContextHandler (ContextHandler.java:doStart(781)) - Started o.e.j.s.ServletContextHandler@46a123e4{/static,file:///workdir/hadoop-ozone/integration-test/target/test-classes/webapps/static,AVAILABLE}
2019-10-01 03:39:00,923 [main] INFO  handler.ContextHandler (ContextHandler.java:doStart(781)) - Started o.e.j.w.WebAppContext@4fb64e14{/,file:///workdir/hadoop-ozone/integration-test/target/test-classes/webapps/scm/,AVAILABLE}{/scm}
2019-10-01 03:39:00,923 [main] INFO  server.AbstractConnector (AbstractConnector.java:doStart(278)) - Started ServerConnector@118041c7{HTTP/1.1,[http/1.1]}{0.0.0.0:41850}
2019-10-01 03:39:00,925 [main] INFO  server.Server (Server.java:doStart(419)) - Started @217106ms
2019-10-01 03:39:00,926 [main] WARN  impl.MetricsSystemImpl (MetricsSystemImpl.java:register(276)) - Sink prometheus already exists!
2019-10-01 03:39:00,926 [main] INFO  server.BaseHttpServer (BaseHttpServer.java:updateConnectorAddress(215)) - HTTP server of SCM is listening at http://0.0.0.0:41850
2019-10-01 03:39:00,929 [main] WARN  server.ServerUtils (ServerUtils.java:getDBPath(222)) - ozone.om.db.dirs is not configured. We recommend adding this setting. Falling back to ozone.metadata.dirs instead.
2019-10-01 03:39:00,929 [org.apache.hadoop.util.JvmPauseMonitor$Monitor@5c4cc644] INFO  util.JvmPauseMonitor (JvmPauseMonitor.java:run(188)) - Starting JVM pause monitor
2019-10-01 03:39:00,943 [main] WARN  server.ServerUtils (ServerUtils.java:getDBPath(222)) - ozone.om.db.dirs is not configured. We recommend adding this setting. Falling back to ozone.metadata.dirs instead.
2019-10-01 03:39:00,943 [main] WARN  server.ServerUtils (ServerUtils.java:getDBPath(222)) - ozone.om.db.dirs is not configured. We recommend adding this setting. Falling back to ozone.metadata.dirs instead.
2019-10-01 03:39:00,943 [main] INFO  om.OzoneManager (OzoneManager.java:setOMNodeDetails(652)) - OM Service ID is not set. Setting it to the default ID: omServiceIdDefault
2019-10-01 03:39:00,943 [main] INFO  om.OzoneManager (OzoneManager.java:setOMNodeDetails(658)) - OM Node ID is not set. Setting it to the OmStorage's OmID: e68d577e-30a7-4b8a-8a36-e9cbf9b85553
2019-10-01 03:39:00,944 [main] INFO  om.OzoneManager (OzoneManager.java:loadOMHAConfigs(609)) - Found matching OM address with OMServiceId: null, OMNodeId: null, RPC Address: localhost:0 and Ratis port: 9872
2019-10-01 03:39:00,956 [main] WARN  server.ServerUtils (ServerUtils.java:getDBPath(222)) - ozone.om.db.dirs is not configured. We recommend adding this setting. Falling back to ozone.metadata.dirs instead.
2019-10-01 03:39:00,956 [main] INFO  db.DBStoreBuilder (DBStoreBuilder.java:addTable(110)) - using custom profile for table: userTable
2019-10-01 03:39:00,957 [main] INFO  db.DBStoreBuilder (DBStoreBuilder.java:processTables(161)) - Using default column profile:DBProfile.DISK for Table:userTable
2019-10-01 03:39:00,957 [main] INFO  db.DBStoreBuilder (DBStoreBuilder.java:addTable(110)) - using custom profile for table: volumeTable
2019-10-01 03:39:00,957 [main] INFO  db.DBStoreBuilder (DBStoreBuilder.java:processTables(161)) - Using default column profile:DBProfile.DISK for Table:volumeTable
2019-10-01 03:39:00,957 [main] INFO  db.DBStoreBuilder (DBStoreBuilder.java:addTable(110)) - using custom profile for table: bucketTable
2019-10-01 03:39:00,958 [main] INFO  db.DBStoreBuilder (DBStoreBuilder.java:processTables(161)) - Using default column profile:DBProfile.DISK for Table:bucketTable
2019-10-01 03:39:00,958 [main] INFO  db.DBStoreBuilder (DBStoreBuilder.java:addTable(110)) - using custom profile for table: keyTable
2019-10-01 03:39:00,958 [main] INFO  db.DBStoreBuilder (DBStoreBuilder.java:processTables(161)) - Using default column profile:DBProfile.DISK for Table:keyTable
2019-10-01 03:39:00,958 [main] INFO  db.DBStoreBuilder (DBStoreBuilder.java:addTable(110)) - using custom profile for table: deletedTable
2019-10-01 03:39:00,959 [main] INFO  db.DBStoreBuilder (DBStoreBuilder.java:processTables(161)) - Using default column profile:DBProfile.DISK for Table:deletedTable
2019-10-01 03:39:00,959 [main] INFO  db.DBStoreBuilder (DBStoreBuilder.java:addTable(110)) - using custom profile for table: openKeyTable
2019-10-01 03:39:00,959 [main] INFO  db.DBStoreBuilder (DBStoreBuilder.java:processTables(161)) - Using default column profile:DBProfile.DISK for Table:openKeyTable
2019-10-01 03:39:00,959 [main] INFO  db.DBStoreBuilder (DBStoreBuilder.java:addTable(110)) - using custom profile for table: s3Table
2019-10-01 03:39:00,960 [main] INFO  db.DBStoreBuilder (DBStoreBuilder.java:processTables(161)) - Using default column profile:DBProfile.DISK for Table:s3Table
2019-10-01 03:39:00,960 [main] INFO  db.DBStoreBuilder (DBStoreBuilder.java:addTable(110)) - using custom profile for table: multipartInfoTable
2019-10-01 03:39:00,960 [main] INFO  db.DBStoreBuilder (DBStoreBuilder.java:processTables(161)) - Using default column profile:DBProfile.DISK for Table:multipartInfoTable
2019-10-01 03:39:00,960 [main] INFO  db.DBStoreBuilder (DBStoreBuilder.java:addTable(110)) - using custom profile for table: dTokenTable
2019-10-01 03:39:00,960 [main] INFO  db.DBStoreBuilder (DBStoreBuilder.java:processTables(161)) - Using default column profile:DBProfile.DISK for Table:dTokenTable
2019-10-01 03:39:00,961 [main] INFO  db.DBStoreBuilder (DBStoreBuilder.java:addTable(110)) - using custom profile for table: s3SecretTable
2019-10-01 03:39:00,963 [main] INFO  db.DBStoreBuilder (DBStoreBuilder.java:processTables(161)) - Using default column profile:DBProfile.DISK for Table:s3SecretTable
2019-10-01 03:39:00,963 [main] INFO  db.DBStoreBuilder (DBStoreBuilder.java:addTable(110)) - using custom profile for table: prefixTable
2019-10-01 03:39:00,964 [main] INFO  db.DBStoreBuilder (DBStoreBuilder.java:processTables(161)) - Using default column profile:DBProfile.DISK for Table:prefixTable
2019-10-01 03:39:00,964 [main] INFO  db.DBStoreBuilder (DBStoreBuilder.java:addTable(110)) - using custom profile for table: default
2019-10-01 03:39:00,964 [main] INFO  db.DBStoreBuilder (DBStoreBuilder.java:processTables(167)) - Using default column profile:DBProfile.DISK for Table:default
2019-10-01 03:39:00,964 [main] INFO  db.DBStoreBuilder (DBStoreBuilder.java:getDbProfile(198)) - Using default options. DBProfile.DISK
2019-10-01 03:39:01,367 [grpc-default-executor-6] WARN  server.GrpcLogAppender (LogUtils.java:warn(134)) - 337eeeca-189e-484a-8ae8-9f26fc3b75ba@group-403EB97D77B2->9df5af2a-73e5-4e4a-9c0b-ccd89ab155b9-AppendLogResponseHandler: Failed appendEntries: org.apache.ratis.thirdparty.io.grpc.StatusRuntimeException: UNAVAILABLE: io exception
2019-10-01 03:39:01,367 [grpc-default-executor-6] INFO  impl.FollowerInfo (FollowerInfo.java:lambda$new$0(51)) - 337eeeca-189e-484a-8ae8-9f26fc3b75ba@group-403EB97D77B2->9df5af2a-73e5-4e4a-9c0b-ccd89ab155b9: nextIndex: updateUnconditionally 0 -> 0
2019-10-01 03:39:01,377 [grpc-default-executor-0] WARN  server.GrpcLogAppender (LogUtils.java:warn(134)) - 337eeeca-189e-484a-8ae8-9f26fc3b75ba@group-403EB97D77B2->1e85a46c-0611-47c1-8e7b-e152e7434ac8-AppendLogResponseHandler: Failed appendEntries: org.apache.ratis.thirdparty.io.grpc.StatusRuntimeException: UNAVAILABLE: io exception
2019-10-01 03:39:01,377 [grpc-default-executor-0] INFO  impl.FollowerInfo (FollowerInfo.java:lambda$new$0(51)) - 337eeeca-189e-484a-8ae8-9f26fc3b75ba@group-403EB97D77B2->1e85a46c-0611-47c1-8e7b-e152e7434ac8: nextIndex: updateUnconditionally 0 -> 0
2019-10-01 03:39:01,413 [main] INFO  ipc.CallQueueManager (CallQueueManager.java:<init>(84)) - Using callQueue: class java.util.concurrent.LinkedBlockingQueue, queueCapacity: 2000, scheduler: class org.apache.hadoop.ipc.DefaultRpcScheduler, ipcBackoff: false.
2019-10-01 03:39:01,414 [Socket Reader #1 for port 37415] INFO  ipc.Server (Server.java:run(1074)) - Starting Socket Reader #1 for port 37415
2019-10-01 03:39:01,434 [main] INFO  om.OzoneManager (OzoneManager.java:start(1243)) - OzoneManager RPC server is listening at localhost/127.0.0.1:37415
2019-10-01 03:39:01,434 [main] INFO  impl.MetricsSystemImpl (MetricsSystemImpl.java:init(158)) - OzoneManager metrics system started (again)
2019-10-01 03:39:01,435 [IPC Server Responder] INFO  ipc.Server (Server.java:run(1314)) - IPC Server Responder: starting
2019-10-01 03:39:01,438 [IPC Server listener on 37415] INFO  ipc.Server (Server.java:run(1153)) - IPC Server listener on 37415: starting
2019-10-01 03:39:01,447 [main] INFO  hdfs.DFSUtil (DFSUtil.java:httpServerTemplateForNNAndJN(1641)) - Starting Web-server for ozoneManager at: http://0.0.0.0:0
2019-10-01 03:39:01,450 [main] INFO  server.AuthenticationFilter (AuthenticationFilter.java:constructSecretProvider(240)) - Unable to initialize FileSignerSecretProvider, falling back to use random secrets.
2019-10-01 03:39:01,451 [main] WARN  http.HttpRequestLog (HttpRequestLog.java:getRequestLog(97)) - Jetty request log can only be enabled using Log4j
2019-10-01 03:39:01,453 [main] INFO  http.HttpServer2 (HttpServer2.java:addGlobalFilter(975)) - Added global filter 'safety' (class=org.apache.hadoop.http.HttpServer2$QuotingInputFilter)
2019-10-01 03:39:01,453 [main] INFO  http.HttpServer2 (HttpServer2.java:addFilter(948)) - Added filter static_user_filter (class=org.apache.hadoop.http.lib.StaticUserWebFilter$StaticUserFilter) to context ozoneManager
2019-10-01 03:39:01,453 [main] INFO  http.HttpServer2 (HttpServer2.java:addFilter(958)) - Added filter static_user_filter (class=org.apache.hadoop.http.lib.StaticUserWebFilter$StaticUserFilter) to context logs
2019-10-01 03:39:01,454 [main] INFO  http.HttpServer2 (HttpServer2.java:addFilter(958)) - Added filter static_user_filter (class=org.apache.hadoop.http.lib.StaticUserWebFilter$StaticUserFilter) to context static
2019-10-01 03:39:01,454 [main] INFO  http.HttpServer2 (HttpServer2.java:bindListener(1191)) - Jetty bound to port 37903
2019-10-01 03:39:01,454 [main] INFO  server.Server (Server.java:doStart(351)) - jetty-9.3.25.v20180904, build timestamp: 2018-09-04T21:11:46Z, git hash: 3ce520221d0240229c862b122d2b06c12a625732
2019-10-01 03:39:01,456 [main] INFO  handler.ContextHandler (ContextHandler.java:doStart(781)) - Started o.e.j.s.ServletContextHandler@4d354a3e{/logs,file:///workdir/hadoop-ozone/integration-test/target/log,AVAILABLE}
2019-10-01 03:39:01,457 [main] INFO  handler.ContextHandler (ContextHandler.java:doStart(781)) - Started o.e.j.s.ServletContextHandler@604d28c6{/static,file:///workdir/hadoop-ozone/integration-test/target/test-classes/webapps/static,AVAILABLE}
2019-10-01 03:39:01,461 [main] INFO  handler.ContextHandler (ContextHandler.java:doStart(781)) - Started o.e.j.w.WebAppContext@2416c658{/,file:///workdir/hadoop-ozone/integration-test/target/test-classes/webapps/ozoneManager/,AVAILABLE}{/ozoneManager}
2019-10-01 03:39:01,461 [main] INFO  server.AbstractConnector (AbstractConnector.java:doStart(278)) - Started ServerConnector@6d5f4900{HTTP/1.1,[http/1.1]}{0.0.0.0:37903}
2019-10-01 03:39:01,463 [main] INFO  server.Server (Server.java:doStart(419)) - Started @217644ms
2019-10-01 03:39:01,464 [main] WARN  impl.MetricsSystemImpl (MetricsSystemImpl.java:register(276)) - Sink prometheus already exists!
2019-10-01 03:39:01,464 [main] INFO  server.BaseHttpServer (BaseHttpServer.java:updateConnectorAddress(215)) - HTTP server of OZONEMANAGER is listening at http://0.0.0.0:37903
2019-10-01 03:39:01,480 [main] INFO  impl.MetricsSystemImpl (MetricsSystemImpl.java:init(158)) - HddsDatanode metrics system started (again)
2019-10-01 03:39:01,498 [main] INFO  ozone.HddsDatanodeService (HddsDatanodeService.java:start(184)) - HddsDatanodeService host:pr-hdds-1984-zmhd5-2369693365 ip:192.168.151.109
2019-10-01 03:39:01,508 [main] INFO  volume.HddsVolume (HddsVolume.java:<init>(176)) - Creating Volume: /workdir/hadoop-ozone/integration-test/target/test-dir/MiniOzoneClusterImpl-67659162-a2b1-4c6f-a3f1-09d570d06e0f/datanode-0/data/containers/hdds of  storage type : DISK and capacity : 1482555576320
2019-10-01 03:39:01,508 [main] INFO  volume.VolumeSet (VolumeSet.java:initializeVolumeSet(170)) - Added Volume : /workdir/hadoop-ozone/integration-test/target/test-dir/MiniOzoneClusterImpl-67659162-a2b1-4c6f-a3f1-09d570d06e0f/datanode-0/data/containers/hdds to VolumeSet
2019-10-01 03:39:01,509 [main] INFO  volume.ThrottledAsyncChecker (ThrottledAsyncChecker.java:schedule(139)) - Scheduling a check for org.apache.hadoop.ozone.container.common.volume.HddsVolume@7aded903
2019-10-01 03:39:01,511 [main] INFO  volume.HddsVolumeChecker (HddsVolumeChecker.java:checkAllVolumes(202)) - Scheduled health check for volume org.apache.hadoop.ozone.container.common.volume.HddsVolume@7aded903
2019-10-01 03:39:01,523 [main] INFO  impl.RaftServerProxy (ConfUtils.java:logGet(43)) - raft.rpc.type = GRPC (default)
2019-10-01 03:39:01,524 [main] INFO  grpc.GrpcFactory (GrpcFactory.java:checkPooledByteBufAllocatorUseCacheForAllThreads(45)) - PERFORMANCE WARNING: useCacheForAllThreads is true that may cause Netty to create a lot garbage objects and, as a result, trigger GC.
	It is recommended to disable useCacheForAllThreads by setting -Dorg.apache.ratis.thirdparty.io.netty.allocator.useCacheForAllThreads=false in command line.
2019-10-01 03:39:01,524 [main] INFO  grpc.GrpcConfigKeys$Server (ConfUtils.java:logGet(43)) - raft.grpc.server.port = 0 (default)
2019-10-01 03:39:01,524 [main] INFO  server.GrpcService (ConfUtils.java:logGet(43)) - raft.grpc.message.size.max = 33570816 (custom)
2019-10-01 03:39:01,524 [main] INFO  server.RaftServerConfigKeys (ConfUtils.java:logGet(43)) - raft.server.log.appender.buffer.byte-limit = 33554432 (custom)
2019-10-01 03:39:01,524 [main] INFO  server.GrpcService (ConfUtils.java:logGet(43)) - raft.grpc.flow.control.window = 1MB (=1048576) (default)
2019-10-01 03:39:01,525 [main] INFO  server.RaftServerConfigKeys (ConfUtils.java:logGet(43)) - raft.server.rpc.request.timeout = 3000ms (default)
2019-10-01 03:39:01,525 [main] INFO  server.RaftServerConfigKeys (ConfUtils.java:logGet(43)) - raft.server.storage.dir = [/workdir/hadoop-ozone/integration-test/target/test-dir/MiniOzoneClusterImpl-67659162-a2b1-4c6f-a3f1-09d570d06e0f/datanode-0/data/ratis] (custom)
2019-10-01 03:39:01,526 [main] INFO  hdfs.DFSUtil (DFSUtil.java:httpServerTemplateForNNAndJN(1641)) - Starting Web-server for hddsDatanode at: http://0.0.0.0:0
2019-10-01 03:39:01,527 [main] INFO  server.AuthenticationFilter (AuthenticationFilter.java:constructSecretProvider(240)) - Unable to initialize FileSignerSecretProvider, falling back to use random secrets.
2019-10-01 03:39:01,528 [main] WARN  http.HttpRequestLog (HttpRequestLog.java:getRequestLog(97)) - Jetty request log can only be enabled using Log4j
2019-10-01 03:39:01,531 [main] INFO  http.HttpServer2 (HttpServer2.java:addGlobalFilter(975)) - Added global filter 'safety' (class=org.apache.hadoop.http.HttpServer2$QuotingInputFilter)
2019-10-01 03:39:01,531 [main] INFO  http.HttpServer2 (HttpServer2.java:addFilter(948)) - Added filter static_user_filter (class=org.apache.hadoop.http.lib.StaticUserWebFilter$StaticUserFilter) to context hddsDatanode
2019-10-01 03:39:01,532 [main] INFO  http.HttpServer2 (HttpServer2.java:addFilter(958)) - Added filter static_user_filter (class=org.apache.hadoop.http.lib.StaticUserWebFilter$StaticUserFilter) to context static
2019-10-01 03:39:01,532 [main] INFO  http.HttpServer2 (HttpServer2.java:addFilter(958)) - Added filter static_user_filter (class=org.apache.hadoop.http.lib.StaticUserWebFilter$StaticUserFilter) to context logs
2019-10-01 03:39:01,532 [main] INFO  http.HttpServer2 (HttpServer2.java:bindListener(1191)) - Jetty bound to port 46839
2019-10-01 03:39:01,533 [main] INFO  server.Server (Server.java:doStart(351)) - jetty-9.3.25.v20180904, build timestamp: 2018-09-04T21:11:46Z, git hash: 3ce520221d0240229c862b122d2b06c12a625732
2019-10-01 03:39:01,534 [main] INFO  handler.ContextHandler (ContextHandler.java:doStart(781)) - Started o.e.j.s.ServletContextHandler@2a8dd942{/logs,file:///workdir/hadoop-ozone/integration-test/target/log,AVAILABLE}
2019-10-01 03:39:01,534 [main] INFO  handler.ContextHandler (ContextHandler.java:doStart(781)) - Started o.e.j.s.ServletContextHandler@35025a0a{/static,jar:file:/home/user/.m2/repository/org/apache/hadoop/hadoop-hdds-container-service/0.5.0-SNAPSHOT/hadoop-hdds-container-service-0.5.0-SNAPSHOT.jar!/webapps/static,AVAILABLE}
2019-10-01 03:39:01,562 [main] INFO  handler.ContextHandler (ContextHandler.java:doStart(781)) - Started o.e.j.w.WebAppContext@22f02996{/,file:///tmp/jetty-0.0.0.0-46839-hddsDatanode-_-any-4689448209314319923.dir/webapp/,AVAILABLE}{/hddsDatanode}
2019-10-01 03:39:01,562 [main] INFO  server.AbstractConnector (AbstractConnector.java:doStart(278)) - Started ServerConnector@7c8874ef{HTTP/1.1,[http/1.1]}{0.0.0.0:46839}
2019-10-01 03:39:01,564 [main] INFO  server.Server (Server.java:doStart(419)) - Started @217744ms
2019-10-01 03:39:01,564 [main] WARN  impl.MetricsSystemImpl (MetricsSystemImpl.java:register(276)) - Sink prometheus already exists!
2019-10-01 03:39:01,565 [main] INFO  server.BaseHttpServer (BaseHttpServer.java:updateConnectorAddress(215)) - HTTP server of HDDSDATANODE is listening at http://0.0.0.0:46839
2019-10-01 03:39:01,565 [main] INFO  impl.MetricsSystemImpl (MetricsSystemImpl.java:init(158)) - HddsDatanode metrics system started (again)
2019-10-01 03:39:01,581 [org.apache.hadoop.util.JvmPauseMonitor$Monitor@5479596] INFO  util.JvmPauseMonitor (JvmPauseMonitor.java:run(188)) - Starting JVM pause monitor
2019-10-01 03:39:01,583 [main] INFO  ozone.HddsDatanodeService (HddsDatanodeService.java:start(184)) - HddsDatanodeService host:pr-hdds-1984-zmhd5-2369693365 ip:192.168.151.109
2019-10-01 03:39:01,583 [Datanode State Machine Thread - 0] INFO  datanode.InitDatanodeState (InitDatanodeState.java:persistContainerDatanodeDetails(140)) - DatanodeDetails is persisted to /workdir/hadoop-ozone/integration-test/target/test-dir/MiniOzoneClusterImpl-67659162-a2b1-4c6f-a3f1-09d570d06e0f/datanode-0/meta/datanode.id
2019-10-01 03:39:01,590 [main] INFO  volume.HddsVolume (HddsVolume.java:<init>(176)) - Creating Volume: /workdir/hadoop-ozone/integration-test/target/test-dir/MiniOzoneClusterImpl-67659162-a2b1-4c6f-a3f1-09d570d06e0f/datanode-1/data/containers/hdds of  storage type : DISK and capacity : 1482555576320
2019-10-01 03:39:01,591 [main] INFO  volume.VolumeSet (VolumeSet.java:initializeVolumeSet(170)) - Added Volume : /workdir/hadoop-ozone/integration-test/target/test-dir/MiniOzoneClusterImpl-67659162-a2b1-4c6f-a3f1-09d570d06e0f/datanode-1/data/containers/hdds to VolumeSet
2019-10-01 03:39:01,591 [main] INFO  volume.ThrottledAsyncChecker (ThrottledAsyncChecker.java:schedule(139)) - Scheduling a check for org.apache.hadoop.ozone.container.common.volume.HddsVolume@119290b9
2019-10-01 03:39:01,591 [main] INFO  volume.HddsVolumeChecker (HddsVolumeChecker.java:checkAllVolumes(202)) - Scheduled health check for volume org.apache.hadoop.ozone.container.common.volume.HddsVolume@119290b9
2019-10-01 03:39:01,606 [main] INFO  impl.RaftServerProxy (ConfUtils.java:logGet(43)) - raft.rpc.type = GRPC (default)
2019-10-01 03:39:01,606 [main] INFO  grpc.GrpcFactory (GrpcFactory.java:checkPooledByteBufAllocatorUseCacheForAllThreads(45)) - PERFORMANCE WARNING: useCacheForAllThreads is true that may cause Netty to create a lot garbage objects and, as a result, trigger GC.
	It is recommended to disable useCacheForAllThreads by setting -Dorg.apache.ratis.thirdparty.io.netty.allocator.useCacheForAllThreads=false in command line.
2019-10-01 03:39:01,606 [main] INFO  grpc.GrpcConfigKeys$Server (ConfUtils.java:logGet(43)) - raft.grpc.server.port = 0 (default)
2019-10-01 03:39:01,606 [main] INFO  server.GrpcService (ConfUtils.java:logGet(43)) - raft.grpc.message.size.max = 33570816 (custom)
2019-10-01 03:39:01,607 [main] INFO  server.RaftServerConfigKeys (ConfUtils.java:logGet(43)) - raft.server.log.appender.buffer.byte-limit = 33554432 (custom)
2019-10-01 03:39:01,607 [main] INFO  server.GrpcService (ConfUtils.java:logGet(43)) - raft.grpc.flow.control.window = 1MB (=1048576) (default)
2019-10-01 03:39:01,607 [main] INFO  server.RaftServerConfigKeys (ConfUtils.java:logGet(43)) - raft.server.rpc.request.timeout = 3000ms (default)
2019-10-01 03:39:01,607 [main] INFO  server.RaftServerConfigKeys (ConfUtils.java:logGet(43)) - raft.server.storage.dir = [/workdir/hadoop-ozone/integration-test/target/test-dir/MiniOzoneClusterImpl-67659162-a2b1-4c6f-a3f1-09d570d06e0f/datanode-1/data/ratis] (custom)
2019-10-01 03:39:01,609 [main] INFO  hdfs.DFSUtil (DFSUtil.java:httpServerTemplateForNNAndJN(1641)) - Starting Web-server for hddsDatanode at: http://0.0.0.0:0
2019-10-01 03:39:01,610 [main] INFO  server.AuthenticationFilter (AuthenticationFilter.java:constructSecretProvider(240)) - Unable to initialize FileSignerSecretProvider, falling back to use random secrets.
2019-10-01 03:39:01,610 [main] WARN  http.HttpRequestLog (HttpRequestLog.java:getRequestLog(97)) - Jetty request log can only be enabled using Log4j
2019-10-01 03:39:01,611 [main] INFO  http.HttpServer2 (HttpServer2.java:addGlobalFilter(975)) - Added global filter 'safety' (class=org.apache.hadoop.http.HttpServer2$QuotingInputFilter)
2019-10-01 03:39:01,612 [main] INFO  http.HttpServer2 (HttpServer2.java:addFilter(948)) - Added filter static_user_filter (class=org.apache.hadoop.http.lib.StaticUserWebFilter$StaticUserFilter) to context hddsDatanode
2019-10-01 03:39:01,612 [main] INFO  http.HttpServer2 (HttpServer2.java:addFilter(958)) - Added filter static_user_filter (class=org.apache.hadoop.http.lib.StaticUserWebFilter$StaticUserFilter) to context static
2019-10-01 03:39:01,612 [main] INFO  http.HttpServer2 (HttpServer2.java:addFilter(958)) - Added filter static_user_filter (class=org.apache.hadoop.http.lib.StaticUserWebFilter$StaticUserFilter) to context logs
2019-10-01 03:39:01,612 [main] INFO  http.HttpServer2 (HttpServer2.java:bindListener(1191)) - Jetty bound to port 34122
2019-10-01 03:39:01,613 [main] INFO  server.Server (Server.java:doStart(351)) - jetty-9.3.25.v20180904, build timestamp: 2018-09-04T21:11:46Z, git hash: 3ce520221d0240229c862b122d2b06c12a625732
2019-10-01 03:39:01,614 [main] INFO  handler.ContextHandler (ContextHandler.java:doStart(781)) - Started o.e.j.s.ServletContextHandler@496cc217{/logs,file:///workdir/hadoop-ozone/integration-test/target/log,AVAILABLE}
2019-10-01 03:39:01,615 [main] INFO  handler.ContextHandler (ContextHandler.java:doStart(781)) - Started o.e.j.s.ServletContextHandler@1cd2ff5b{/static,jar:file:/home/user/.m2/repository/org/apache/hadoop/hadoop-hdds-container-service/0.5.0-SNAPSHOT/hadoop-hdds-container-service-0.5.0-SNAPSHOT.jar!/webapps/static,AVAILABLE}
2019-10-01 03:39:01,689 [main] INFO  handler.ContextHandler (ContextHandler.java:doStart(781)) - Started o.e.j.w.WebAppContext@16d431b4{/,file:///tmp/jetty-0.0.0.0-34122-hddsDatanode-_-any-2248385199170808880.dir/webapp/,AVAILABLE}{/hddsDatanode}
2019-10-01 03:39:01,690 [main] INFO  server.AbstractConnector (AbstractConnector.java:doStart(278)) - Started ServerConnector@6c0b51da{HTTP/1.1,[http/1.1]}{0.0.0.0:34122}
2019-10-01 03:39:01,693 [main] INFO  server.Server (Server.java:doStart(419)) - Started @217873ms
2019-10-01 03:39:01,693 [main] WARN  impl.MetricsSystemImpl (MetricsSystemImpl.java:register(276)) - Sink prometheus already exists!
2019-10-01 03:39:01,694 [main] INFO  server.BaseHttpServer (BaseHttpServer.java:updateConnectorAddress(215)) - HTTP server of HDDSDATANODE is listening at http://0.0.0.0:34122
2019-10-01 03:39:01,694 [main] INFO  impl.MetricsSystemImpl (MetricsSystemImpl.java:init(158)) - HddsDatanode metrics system started (again)
2019-10-01 03:39:01,716 [org.apache.hadoop.util.JvmPauseMonitor$Monitor@5fcfe83f] INFO  util.JvmPauseMonitor (JvmPauseMonitor.java:run(188)) - Starting JVM pause monitor
2019-10-01 03:39:01,718 [main] INFO  ozone.HddsDatanodeService (HddsDatanodeService.java:start(184)) - HddsDatanodeService host:pr-hdds-1984-zmhd5-2369693365 ip:192.168.151.109
2019-10-01 03:39:01,719 [Datanode State Machine Thread - 0] INFO  datanode.InitDatanodeState (InitDatanodeState.java:persistContainerDatanodeDetails(140)) - DatanodeDetails is persisted to /workdir/hadoop-ozone/integration-test/target/test-dir/MiniOzoneClusterImpl-67659162-a2b1-4c6f-a3f1-09d570d06e0f/datanode-1/meta/datanode.id
2019-10-01 03:39:01,730 [main] INFO  volume.HddsVolume (HddsVolume.java:<init>(176)) - Creating Volume: /workdir/hadoop-ozone/integration-test/target/test-dir/MiniOzoneClusterImpl-67659162-a2b1-4c6f-a3f1-09d570d06e0f/datanode-2/data/containers/hdds of  storage type : DISK and capacity : 1482555576320
2019-10-01 03:39:01,731 [main] INFO  volume.VolumeSet (VolumeSet.java:initializeVolumeSet(170)) - Added Volume : /workdir/hadoop-ozone/integration-test/target/test-dir/MiniOzoneClusterImpl-67659162-a2b1-4c6f-a3f1-09d570d06e0f/datanode-2/data/containers/hdds to VolumeSet
2019-10-01 03:39:01,731 [main] INFO  volume.ThrottledAsyncChecker (ThrottledAsyncChecker.java:schedule(139)) - Scheduling a check for org.apache.hadoop.ozone.container.common.volume.HddsVolume@6222391a
2019-10-01 03:39:01,732 [main] INFO  volume.HddsVolumeChecker (HddsVolumeChecker.java:checkAllVolumes(202)) - Scheduled health check for volume org.apache.hadoop.ozone.container.common.volume.HddsVolume@6222391a
2019-10-01 03:39:01,747 [main] INFO  impl.RaftServerProxy (ConfUtils.java:logGet(43)) - raft.rpc.type = GRPC (default)
2019-10-01 03:39:01,748 [main] INFO  grpc.GrpcFactory (GrpcFactory.java:checkPooledByteBufAllocatorUseCacheForAllThreads(45)) - PERFORMANCE WARNING: useCacheForAllThreads is true that may cause Netty to create a lot garbage objects and, as a result, trigger GC.
	It is recommended to disable useCacheForAllThreads by setting -Dorg.apache.ratis.thirdparty.io.netty.allocator.useCacheForAllThreads=false in command line.
2019-10-01 03:39:01,748 [main] INFO  grpc.GrpcConfigKeys$Server (ConfUtils.java:logGet(43)) - raft.grpc.server.port = 0 (default)
2019-10-01 03:39:01,748 [main] INFO  server.GrpcService (ConfUtils.java:logGet(43)) - raft.grpc.message.size.max = 33570816 (custom)
2019-10-01 03:39:01,748 [main] INFO  server.RaftServerConfigKeys (ConfUtils.java:logGet(43)) - raft.server.log.appender.buffer.byte-limit = 33554432 (custom)
2019-10-01 03:39:01,748 [main] INFO  server.GrpcService (ConfUtils.java:logGet(43)) - raft.grpc.flow.control.window = 1MB (=1048576) (default)
2019-10-01 03:39:01,749 [main] INFO  server.RaftServerConfigKeys (ConfUtils.java:logGet(43)) - raft.server.rpc.request.timeout = 3000ms (default)
2019-10-01 03:39:01,749 [main] INFO  server.RaftServerConfigKeys (ConfUtils.java:logGet(43)) - raft.server.storage.dir = [/workdir/hadoop-ozone/integration-test/target/test-dir/MiniOzoneClusterImpl-67659162-a2b1-4c6f-a3f1-09d570d06e0f/datanode-2/data/ratis] (custom)
2019-10-01 03:39:01,751 [main] INFO  hdfs.DFSUtil (DFSUtil.java:httpServerTemplateForNNAndJN(1641)) - Starting Web-server for hddsDatanode at: http://0.0.0.0:0
2019-10-01 03:39:01,752 [main] INFO  server.AuthenticationFilter (AuthenticationFilter.java:constructSecretProvider(240)) - Unable to initialize FileSignerSecretProvider, falling back to use random secrets.
2019-10-01 03:39:01,753 [main] WARN  http.HttpRequestLog (HttpRequestLog.java:getRequestLog(97)) - Jetty request log can only be enabled using Log4j
2019-10-01 03:39:01,754 [main] INFO  http.HttpServer2 (HttpServer2.java:addGlobalFilter(975)) - Added global filter 'safety' (class=org.apache.hadoop.http.HttpServer2$QuotingInputFilter)
2019-10-01 03:39:01,754 [main] INFO  http.HttpServer2 (HttpServer2.java:addFilter(948)) - Added filter static_user_filter (class=org.apache.hadoop.http.lib.StaticUserWebFilter$StaticUserFilter) to context hddsDatanode
2019-10-01 03:39:01,755 [main] INFO  http.HttpServer2 (HttpServer2.java:addFilter(958)) - Added filter static_user_filter (class=org.apache.hadoop.http.lib.StaticUserWebFilter$StaticUserFilter) to context static
2019-10-01 03:39:01,755 [main] INFO  http.HttpServer2 (HttpServer2.java:addFilter(958)) - Added filter static_user_filter (class=org.apache.hadoop.http.lib.StaticUserWebFilter$StaticUserFilter) to context logs
2019-10-01 03:39:01,755 [main] INFO  http.HttpServer2 (HttpServer2.java:bindListener(1191)) - Jetty bound to port 43706
2019-10-01 03:39:01,755 [main] INFO  server.Server (Server.java:doStart(351)) - jetty-9.3.25.v20180904, build timestamp: 2018-09-04T21:11:46Z, git hash: 3ce520221d0240229c862b122d2b06c12a625732
2019-10-01 03:39:01,757 [main] INFO  handler.ContextHandler (ContextHandler.java:doStart(781)) - Started o.e.j.s.ServletContextHandler@46f73ffa{/logs,file:///workdir/hadoop-ozone/integration-test/target/log,AVAILABLE}
2019-10-01 03:39:01,758 [main] INFO  handler.ContextHandler (ContextHandler.java:doStart(781)) - Started o.e.j.s.ServletContextHandler@afde064{/static,jar:file:/home/user/.m2/repository/org/apache/hadoop/hadoop-hdds-container-service/0.5.0-SNAPSHOT/hadoop-hdds-container-service-0.5.0-SNAPSHOT.jar!/webapps/static,AVAILABLE}
2019-10-01 03:39:01,785 [main] INFO  handler.ContextHandler (ContextHandler.java:doStart(781)) - Started o.e.j.w.WebAppContext@64656b9e{/,file:///tmp/jetty-0.0.0.0-43706-hddsDatanode-_-any-2552624757150729530.dir/webapp/,AVAILABLE}{/hddsDatanode}
2019-10-01 03:39:01,786 [main] INFO  server.AbstractConnector (AbstractConnector.java:doStart(278)) - Started ServerConnector@6870cfac{HTTP/1.1,[http/1.1]}{0.0.0.0:43706}
2019-10-01 03:39:01,789 [main] INFO  server.Server (Server.java:doStart(419)) - Started @217969ms
2019-10-01 03:39:01,789 [main] WARN  impl.MetricsSystemImpl (MetricsSystemImpl.java:register(276)) - Sink prometheus already exists!
2019-10-01 03:39:01,790 [main] INFO  server.BaseHttpServer (BaseHttpServer.java:updateConnectorAddress(215)) - HTTP server of HDDSDATANODE is listening at http://0.0.0.0:43706
2019-10-01 03:39:01,790 [main] INFO  impl.MetricsSystemImpl (MetricsSystemImpl.java:init(158)) - HddsDatanode metrics system started (again)
2019-10-01 03:39:01,807 [org.apache.hadoop.util.JvmPauseMonitor$Monitor@81a0875] INFO  util.JvmPauseMonitor (JvmPauseMonitor.java:run(188)) - Starting JVM pause monitor
2019-10-01 03:39:01,809 [Datanode State Machine Thread - 0] INFO  datanode.InitDatanodeState (InitDatanodeState.java:persistContainerDatanodeDetails(140)) - DatanodeDetails is persisted to /workdir/hadoop-ozone/integration-test/target/test-dir/MiniOzoneClusterImpl-67659162-a2b1-4c6f-a3f1-09d570d06e0f/datanode-2/meta/datanode.id
2019-10-01 03:39:01,809 [main] INFO  ozone.HddsDatanodeService (HddsDatanodeService.java:start(184)) - HddsDatanodeService host:pr-hdds-1984-zmhd5-2369693365 ip:192.168.151.109
2019-10-01 03:39:01,818 [main] INFO  volume.HddsVolume (HddsVolume.java:<init>(176)) - Creating Volume: /workdir/hadoop-ozone/integration-test/target/test-dir/MiniOzoneClusterImpl-67659162-a2b1-4c6f-a3f1-09d570d06e0f/datanode-3/data/containers/hdds of  storage type : DISK and capacity : 1482555576320
2019-10-01 03:39:01,818 [main] INFO  volume.VolumeSet (VolumeSet.java:initializeVolumeSet(170)) - Added Volume : /workdir/hadoop-ozone/integration-test/target/test-dir/MiniOzoneClusterImpl-67659162-a2b1-4c6f-a3f1-09d570d06e0f/datanode-3/data/containers/hdds to VolumeSet
2019-10-01 03:39:01,818 [main] INFO  volume.ThrottledAsyncChecker (ThrottledAsyncChecker.java:schedule(139)) - Scheduling a check for org.apache.hadoop.ozone.container.common.volume.HddsVolume@7d0cd23c
2019-10-01 03:39:01,819 [main] INFO  volume.HddsVolumeChecker (HddsVolumeChecker.java:checkAllVolumes(202)) - Scheduled health check for volume org.apache.hadoop.ozone.container.common.volume.HddsVolume@7d0cd23c
2019-10-01 03:39:01,833 [main] INFO  impl.RaftServerProxy (ConfUtils.java:logGet(43)) - raft.rpc.type = GRPC (default)
2019-10-01 03:39:01,833 [main] INFO  grpc.GrpcFactory (GrpcFactory.java:checkPooledByteBufAllocatorUseCacheForAllThreads(45)) - PERFORMANCE WARNING: useCacheForAllThreads is true that may cause Netty to create a lot garbage objects and, as a result, trigger GC.
	It is recommended to disable useCacheForAllThreads by setting -Dorg.apache.ratis.thirdparty.io.netty.allocator.useCacheForAllThreads=false in command line.
2019-10-01 03:39:01,833 [main] INFO  grpc.GrpcConfigKeys$Server (ConfUtils.java:logGet(43)) - raft.grpc.server.port = 0 (default)
2019-10-01 03:39:01,834 [main] INFO  server.GrpcService (ConfUtils.java:logGet(43)) - raft.grpc.message.size.max = 33570816 (custom)
2019-10-01 03:39:01,834 [main] INFO  server.RaftServerConfigKeys (ConfUtils.java:logGet(43)) - raft.server.log.appender.buffer.byte-limit = 33554432 (custom)
2019-10-01 03:39:01,834 [main] INFO  server.GrpcService (ConfUtils.java:logGet(43)) - raft.grpc.flow.control.window = 1MB (=1048576) (default)
2019-10-01 03:39:01,834 [main] INFO  server.RaftServerConfigKeys (ConfUtils.java:logGet(43)) - raft.server.rpc.request.timeout = 3000ms (default)
2019-10-01 03:39:01,834 [main] INFO  server.RaftServerConfigKeys (ConfUtils.java:logGet(43)) - raft.server.storage.dir = [/workdir/hadoop-ozone/integration-test/target/test-dir/MiniOzoneClusterImpl-67659162-a2b1-4c6f-a3f1-09d570d06e0f/datanode-3/data/ratis] (custom)
2019-10-01 03:39:01,836 [main] INFO  hdfs.DFSUtil (DFSUtil.java:httpServerTemplateForNNAndJN(1641)) - Starting Web-server for hddsDatanode at: http://0.0.0.0:0
2019-10-01 03:39:01,837 [main] INFO  server.AuthenticationFilter (AuthenticationFilter.java:constructSecretProvider(240)) - Unable to initialize FileSignerSecretProvider, falling back to use random secrets.
2019-10-01 03:39:01,837 [main] WARN  http.HttpRequestLog (HttpRequestLog.java:getRequestLog(97)) - Jetty request log can only be enabled using Log4j
2019-10-01 03:39:01,839 [main] INFO  http.HttpServer2 (HttpServer2.java:addGlobalFilter(975)) - Added global filter 'safety' (class=org.apache.hadoop.http.HttpServer2$QuotingInputFilter)
2019-10-01 03:39:01,839 [main] INFO  http.HttpServer2 (HttpServer2.java:addFilter(948)) - Added filter static_user_filter (class=org.apache.hadoop.http.lib.StaticUserWebFilter$StaticUserFilter) to context hddsDatanode
2019-10-01 03:39:01,839 [main] INFO  http.HttpServer2 (HttpServer2.java:addFilter(958)) - Added filter static_user_filter (class=org.apache.hadoop.http.lib.StaticUserWebFilter$StaticUserFilter) to context logs
2019-10-01 03:39:01,839 [main] INFO  http.HttpServer2 (HttpServer2.java:addFilter(958)) - Added filter static_user_filter (class=org.apache.hadoop.http.lib.StaticUserWebFilter$StaticUserFilter) to context static
2019-10-01 03:39:01,840 [main] INFO  http.HttpServer2 (HttpServer2.java:bindListener(1191)) - Jetty bound to port 36883
2019-10-01 03:39:01,840 [main] INFO  server.Server (Server.java:doStart(351)) - jetty-9.3.25.v20180904, build timestamp: 2018-09-04T21:11:46Z, git hash: 3ce520221d0240229c862b122d2b06c12a625732
2019-10-01 03:39:01,842 [main] INFO  handler.ContextHandler (ContextHandler.java:doStart(781)) - Started o.e.j.s.ServletContextHandler@6459f4ea{/logs,file:///workdir/hadoop-ozone/integration-test/target/log,AVAILABLE}
2019-10-01 03:39:01,842 [main] INFO  handler.ContextHandler (ContextHandler.java:doStart(781)) - Started o.e.j.s.ServletContextHandler@476fde05{/static,jar:file:/home/user/.m2/repository/org/apache/hadoop/hadoop-hdds-container-service/0.5.0-SNAPSHOT/hadoop-hdds-container-service-0.5.0-SNAPSHOT.jar!/webapps/static,AVAILABLE}
2019-10-01 03:39:01,872 [main] INFO  handler.ContextHandler (ContextHandler.java:doStart(781)) - Started o.e.j.w.WebAppContext@212fafd1{/,file:///tmp/jetty-0.0.0.0-36883-hddsDatanode-_-any-6962312272570313428.dir/webapp/,AVAILABLE}{/hddsDatanode}
2019-10-01 03:39:01,872 [main] INFO  server.AbstractConnector (AbstractConnector.java:doStart(278)) - Started ServerConnector@448462f0{HTTP/1.1,[http/1.1]}{0.0.0.0:36883}
2019-10-01 03:39:01,874 [main] INFO  server.Server (Server.java:doStart(419)) - Started @218055ms
2019-10-01 03:39:01,874 [main] WARN  impl.MetricsSystemImpl (MetricsSystemImpl.java:register(276)) - Sink prometheus already exists!
2019-10-01 03:39:01,875 [main] INFO  server.BaseHttpServer (BaseHttpServer.java:updateConnectorAddress(215)) - HTTP server of HDDSDATANODE is listening at http://0.0.0.0:36883
2019-10-01 03:39:01,875 [main] INFO  impl.MetricsSystemImpl (MetricsSystemImpl.java:init(158)) - HddsDatanode metrics system started (again)
2019-10-01 03:39:01,894 [org.apache.hadoop.util.JvmPauseMonitor$Monitor@53404519] INFO  util.JvmPauseMonitor (JvmPauseMonitor.java:run(188)) - Starting JVM pause monitor
2019-10-01 03:39:01,896 [Datanode State Machine Thread - 0] INFO  datanode.InitDatanodeState (InitDatanodeState.java:persistContainerDatanodeDetails(140)) - DatanodeDetails is persisted to /workdir/hadoop-ozone/integration-test/target/test-dir/MiniOzoneClusterImpl-67659162-a2b1-4c6f-a3f1-09d570d06e0f/datanode-3/meta/datanode.id
2019-10-01 03:39:01,896 [main] INFO  ozone.HddsDatanodeService (HddsDatanodeService.java:start(184)) - HddsDatanodeService host:pr-hdds-1984-zmhd5-2369693365 ip:192.168.151.109
2019-10-01 03:39:01,905 [main] INFO  volume.HddsVolume (HddsVolume.java:<init>(176)) - Creating Volume: /workdir/hadoop-ozone/integration-test/target/test-dir/MiniOzoneClusterImpl-67659162-a2b1-4c6f-a3f1-09d570d06e0f/datanode-4/data/containers/hdds of  storage type : DISK and capacity : 1482555576320
2019-10-01 03:39:01,906 [main] INFO  volume.VolumeSet (VolumeSet.java:initializeVolumeSet(170)) - Added Volume : /workdir/hadoop-ozone/integration-test/target/test-dir/MiniOzoneClusterImpl-67659162-a2b1-4c6f-a3f1-09d570d06e0f/datanode-4/data/containers/hdds to VolumeSet
2019-10-01 03:39:01,906 [main] INFO  volume.ThrottledAsyncChecker (ThrottledAsyncChecker.java:schedule(139)) - Scheduling a check for org.apache.hadoop.ozone.container.common.volume.HddsVolume@5fb3111a
2019-10-01 03:39:01,906 [main] INFO  volume.HddsVolumeChecker (HddsVolumeChecker.java:checkAllVolumes(202)) - Scheduled health check for volume org.apache.hadoop.ozone.container.common.volume.HddsVolume@5fb3111a
2019-10-01 03:39:01,919 [main] INFO  impl.RaftServerProxy (ConfUtils.java:logGet(43)) - raft.rpc.type = GRPC (default)
2019-10-01 03:39:01,920 [main] INFO  grpc.GrpcFactory (GrpcFactory.java:checkPooledByteBufAllocatorUseCacheForAllThreads(45)) - PERFORMANCE WARNING: useCacheForAllThreads is true that may cause Netty to create a lot garbage objects and, as a result, trigger GC.
	It is recommended to disable useCacheForAllThreads by setting -Dorg.apache.ratis.thirdparty.io.netty.allocator.useCacheForAllThreads=false in command line.
2019-10-01 03:39:01,920 [main] INFO  grpc.GrpcConfigKeys$Server (ConfUtils.java:logGet(43)) - raft.grpc.server.port = 0 (default)
2019-10-01 03:39:01,920 [main] INFO  server.GrpcService (ConfUtils.java:logGet(43)) - raft.grpc.message.size.max = 33570816 (custom)
2019-10-01 03:39:01,920 [main] INFO  server.RaftServerConfigKeys (ConfUtils.java:logGet(43)) - raft.server.log.appender.buffer.byte-limit = 33554432 (custom)
2019-10-01 03:39:01,920 [main] INFO  server.GrpcService (ConfUtils.java:logGet(43)) - raft.grpc.flow.control.window = 1MB (=1048576) (default)
2019-10-01 03:39:01,921 [main] INFO  server.RaftServerConfigKeys (ConfUtils.java:logGet(43)) - raft.server.rpc.request.timeout = 3000ms (default)
2019-10-01 03:39:01,921 [main] INFO  server.RaftServerConfigKeys (ConfUtils.java:logGet(43)) - raft.server.storage.dir = [/workdir/hadoop-ozone/integration-test/target/test-dir/MiniOzoneClusterImpl-67659162-a2b1-4c6f-a3f1-09d570d06e0f/datanode-4/data/ratis] (custom)
2019-10-01 03:39:01,922 [main] INFO  hdfs.DFSUtil (DFSUtil.java:httpServerTemplateForNNAndJN(1641)) - Starting Web-server for hddsDatanode at: http://0.0.0.0:0
2019-10-01 03:39:01,923 [main] INFO  server.AuthenticationFilter (AuthenticationFilter.java:constructSecretProvider(240)) - Unable to initialize FileSignerSecretProvider, falling back to use random secrets.
2019-10-01 03:39:01,924 [main] WARN  http.HttpRequestLog (HttpRequestLog.java:getRequestLog(97)) - Jetty request log can only be enabled using Log4j
2019-10-01 03:39:01,925 [main] INFO  http.HttpServer2 (HttpServer2.java:addGlobalFilter(975)) - Added global filter 'safety' (class=org.apache.hadoop.http.HttpServer2$QuotingInputFilter)
2019-10-01 03:39:01,926 [main] INFO  http.HttpServer2 (HttpServer2.java:addFilter(948)) - Added filter static_user_filter (class=org.apache.hadoop.http.lib.StaticUserWebFilter$StaticUserFilter) to context hddsDatanode
2019-10-01 03:39:01,926 [main] INFO  http.HttpServer2 (HttpServer2.java:addFilter(958)) - Added filter static_user_filter (class=org.apache.hadoop.http.lib.StaticUserWebFilter$StaticUserFilter) to context logs
2019-10-01 03:39:01,926 [main] INFO  http.HttpServer2 (HttpServer2.java:addFilter(958)) - Added filter static_user_filter (class=org.apache.hadoop.http.lib.StaticUserWebFilter$StaticUserFilter) to context static
2019-10-01 03:39:01,927 [main] INFO  http.HttpServer2 (HttpServer2.java:bindListener(1191)) - Jetty bound to port 45728
2019-10-01 03:39:01,927 [main] INFO  server.Server (Server.java:doStart(351)) - jetty-9.3.25.v20180904, build timestamp: 2018-09-04T21:11:46Z, git hash: 3ce520221d0240229c862b122d2b06c12a625732
2019-10-01 03:39:01,928 [main] INFO  handler.ContextHandler (ContextHandler.java:doStart(781)) - Started o.e.j.s.ServletContextHandler@4602f874{/logs,file:///workdir/hadoop-ozone/integration-test/target/log,AVAILABLE}
2019-10-01 03:39:01,929 [main] INFO  handler.ContextHandler (ContextHandler.java:doStart(781)) - Started o.e.j.s.ServletContextHandler@353c6da1{/static,jar:file:/home/user/.m2/repository/org/apache/hadoop/hadoop-hdds-container-service/0.5.0-SNAPSHOT/hadoop-hdds-container-service-0.5.0-SNAPSHOT.jar!/webapps/static,AVAILABLE}
2019-10-01 03:39:01,956 [main] INFO  handler.ContextHandler (ContextHandler.java:doStart(781)) - Started o.e.j.w.WebAppContext@3457cc8d{/,file:///tmp/jetty-0.0.0.0-45728-hddsDatanode-_-any-1785579130562066418.dir/webapp/,AVAILABLE}{/hddsDatanode}
2019-10-01 03:39:01,957 [main] INFO  server.AbstractConnector (AbstractConnector.java:doStart(278)) - Started ServerConnector@7a66c35a{HTTP/1.1,[http/1.1]}{0.0.0.0:45728}
2019-10-01 03:39:01,959 [main] INFO  server.Server (Server.java:doStart(419)) - Started @218140ms
2019-10-01 03:39:01,960 [main] WARN  impl.MetricsSystemImpl (MetricsSystemImpl.java:register(276)) - Sink prometheus already exists!
2019-10-01 03:39:01,960 [main] INFO  server.BaseHttpServer (BaseHttpServer.java:updateConnectorAddress(215)) - HTTP server of HDDSDATANODE is listening at http://0.0.0.0:45728
2019-10-01 03:39:01,960 [main] INFO  impl.MetricsSystemImpl (MetricsSystemImpl.java:init(158)) - HddsDatanode metrics system started (again)
2019-10-01 03:39:01,980 [org.apache.hadoop.util.JvmPauseMonitor$Monitor@377f3870] INFO  util.JvmPauseMonitor (JvmPauseMonitor.java:run(188)) - Starting JVM pause monitor
2019-10-01 03:39:01,981 [Datanode State Machine Thread - 0] INFO  datanode.InitDatanodeState (InitDatanodeState.java:persistContainerDatanodeDetails(140)) - DatanodeDetails is persisted to /workdir/hadoop-ozone/integration-test/target/test-dir/MiniOzoneClusterImpl-67659162-a2b1-4c6f-a3f1-09d570d06e0f/datanode-4/meta/datanode.id
2019-10-01 03:39:01,982 [main] INFO  ozone.HddsDatanodeService (HddsDatanodeService.java:start(184)) - HddsDatanodeService host:pr-hdds-1984-zmhd5-2369693365 ip:192.168.151.109
2019-10-01 03:39:01,990 [main] INFO  volume.HddsVolume (HddsVolume.java:<init>(176)) - Creating Volume: /workdir/hadoop-ozone/integration-test/target/test-dir/MiniOzoneClusterImpl-67659162-a2b1-4c6f-a3f1-09d570d06e0f/datanode-5/data/containers/hdds of  storage type : DISK and capacity : 1482555576320
2019-10-01 03:39:01,991 [main] INFO  volume.VolumeSet (VolumeSet.java:initializeVolumeSet(170)) - Added Volume : /workdir/hadoop-ozone/integration-test/target/test-dir/MiniOzoneClusterImpl-67659162-a2b1-4c6f-a3f1-09d570d06e0f/datanode-5/data/containers/hdds to VolumeSet
2019-10-01 03:39:01,991 [main] INFO  volume.ThrottledAsyncChecker (ThrottledAsyncChecker.java:schedule(139)) - Scheduling a check for org.apache.hadoop.ozone.container.common.volume.HddsVolume@27ec8754
2019-10-01 03:39:01,991 [main] INFO  volume.HddsVolumeChecker (HddsVolumeChecker.java:checkAllVolumes(202)) - Scheduled health check for volume org.apache.hadoop.ozone.container.common.volume.HddsVolume@27ec8754
2019-10-01 03:39:02,005 [main] INFO  impl.RaftServerProxy (ConfUtils.java:logGet(43)) - raft.rpc.type = GRPC (default)
2019-10-01 03:39:02,006 [main] INFO  grpc.GrpcFactory (GrpcFactory.java:checkPooledByteBufAllocatorUseCacheForAllThreads(45)) - PERFORMANCE WARNING: useCacheForAllThreads is true that may cause Netty to create a lot garbage objects and, as a result, trigger GC.
	It is recommended to disable useCacheForAllThreads by setting -Dorg.apache.ratis.thirdparty.io.netty.allocator.useCacheForAllThreads=false in command line.
2019-10-01 03:39:02,006 [main] INFO  grpc.GrpcConfigKeys$Server (ConfUtils.java:logGet(43)) - raft.grpc.server.port = 0 (default)
2019-10-01 03:39:02,006 [main] INFO  server.GrpcService (ConfUtils.java:logGet(43)) - raft.grpc.message.size.max = 33570816 (custom)
2019-10-01 03:39:02,006 [main] INFO  server.RaftServerConfigKeys (ConfUtils.java:logGet(43)) - raft.server.log.appender.buffer.byte-limit = 33554432 (custom)
2019-10-01 03:39:02,006 [main] INFO  server.GrpcService (ConfUtils.java:logGet(43)) - raft.grpc.flow.control.window = 1MB (=1048576) (default)
2019-10-01 03:39:02,007 [main] INFO  server.RaftServerConfigKeys (ConfUtils.java:logGet(43)) - raft.server.rpc.request.timeout = 3000ms (default)
2019-10-01 03:39:02,007 [main] INFO  server.RaftServerConfigKeys (ConfUtils.java:logGet(43)) - raft.server.storage.dir = [/workdir/hadoop-ozone/integration-test/target/test-dir/MiniOzoneClusterImpl-67659162-a2b1-4c6f-a3f1-09d570d06e0f/datanode-5/data/ratis] (custom)
2019-10-01 03:39:02,008 [main] INFO  hdfs.DFSUtil (DFSUtil.java:httpServerTemplateForNNAndJN(1641)) - Starting Web-server for hddsDatanode at: http://0.0.0.0:0
2019-10-01 03:39:02,009 [main] INFO  server.AuthenticationFilter (AuthenticationFilter.java:constructSecretProvider(240)) - Unable to initialize FileSignerSecretProvider, falling back to use random secrets.
2019-10-01 03:39:02,010 [main] WARN  http.HttpRequestLog (HttpRequestLog.java:getRequestLog(97)) - Jetty request log can only be enabled using Log4j
2019-10-01 03:39:02,011 [main] INFO  http.HttpServer2 (HttpServer2.java:addGlobalFilter(975)) - Added global filter 'safety' (class=org.apache.hadoop.http.HttpServer2$QuotingInputFilter)
2019-10-01 03:39:02,011 [main] INFO  http.HttpServer2 (HttpServer2.java:addFilter(948)) - Added filter static_user_filter (class=org.apache.hadoop.http.lib.StaticUserWebFilter$StaticUserFilter) to context hddsDatanode
2019-10-01 03:39:02,012 [main] INFO  http.HttpServer2 (HttpServer2.java:addFilter(958)) - Added filter static_user_filter (class=org.apache.hadoop.http.lib.StaticUserWebFilter$StaticUserFilter) to context logs
2019-10-01 03:39:02,012 [main] INFO  http.HttpServer2 (HttpServer2.java:addFilter(958)) - Added filter static_user_filter (class=org.apache.hadoop.http.lib.StaticUserWebFilter$StaticUserFilter) to context static
2019-10-01 03:39:02,012 [main] INFO  http.HttpServer2 (HttpServer2.java:bindListener(1191)) - Jetty bound to port 41460
2019-10-01 03:39:02,012 [main] INFO  server.Server (Server.java:doStart(351)) - jetty-9.3.25.v20180904, build timestamp: 2018-09-04T21:11:46Z, git hash: 3ce520221d0240229c862b122d2b06c12a625732
2019-10-01 03:39:02,014 [main] INFO  handler.ContextHandler (ContextHandler.java:doStart(781)) - Started o.e.j.s.ServletContextHandler@46468f0{/logs,file:///workdir/hadoop-ozone/integration-test/target/log,AVAILABLE}
2019-10-01 03:39:02,014 [main] INFO  handler.ContextHandler (ContextHandler.java:doStart(781)) - Started o.e.j.s.ServletContextHandler@34a6d9db{/static,jar:file:/home/user/.m2/repository/org/apache/hadoop/hadoop-hdds-container-service/0.5.0-SNAPSHOT/hadoop-hdds-container-service-0.5.0-SNAPSHOT.jar!/webapps/static,AVAILABLE}
2019-10-01 03:39:02,041 [main] INFO  handler.ContextHandler (ContextHandler.java:doStart(781)) - Started o.e.j.w.WebAppContext@4cc12db2{/,file:///tmp/jetty-0.0.0.0-41460-hddsDatanode-_-any-325132970503434689.dir/webapp/,AVAILABLE}{/hddsDatanode}
2019-10-01 03:39:02,042 [main] INFO  server.AbstractConnector (AbstractConnector.java:doStart(278)) - Started ServerConnector@5ea7bc4{HTTP/1.1,[http/1.1]}{0.0.0.0:41460}
2019-10-01 03:39:02,044 [main] INFO  server.Server (Server.java:doStart(419)) - Started @218225ms
2019-10-01 03:39:02,044 [main] WARN  impl.MetricsSystemImpl (MetricsSystemImpl.java:register(276)) - Sink prometheus already exists!
2019-10-01 03:39:02,045 [main] INFO  server.BaseHttpServer (BaseHttpServer.java:updateConnectorAddress(215)) - HTTP server of HDDSDATANODE is listening at http://0.0.0.0:41460
2019-10-01 03:39:02,045 [main] INFO  impl.MetricsSystemImpl (MetricsSystemImpl.java:init(158)) - HddsDatanode metrics system started (again)
2019-10-01 03:39:02,065 [org.apache.hadoop.util.JvmPauseMonitor$Monitor@5c69248a] INFO  util.JvmPauseMonitor (JvmPauseMonitor.java:run(188)) - Starting JVM pause monitor
2019-10-01 03:39:02,067 [Datanode State Machine Thread - 0] INFO  datanode.InitDatanodeState (InitDatanodeState.java:persistContainerDatanodeDetails(140)) - DatanodeDetails is persisted to /workdir/hadoop-ozone/integration-test/target/test-dir/MiniOzoneClusterImpl-67659162-a2b1-4c6f-a3f1-09d570d06e0f/datanode-5/meta/datanode.id
2019-10-01 03:39:02,067 [main] INFO  ozone.HddsDatanodeService (HddsDatanodeService.java:start(184)) - HddsDatanodeService host:pr-hdds-1984-zmhd5-2369693365 ip:192.168.151.109
2019-10-01 03:39:02,076 [main] INFO  volume.HddsVolume (HddsVolume.java:<init>(176)) - Creating Volume: /workdir/hadoop-ozone/integration-test/target/test-dir/MiniOzoneClusterImpl-67659162-a2b1-4c6f-a3f1-09d570d06e0f/datanode-6/data/containers/hdds of  storage type : DISK and capacity : 1482555576320
2019-10-01 03:39:02,076 [main] INFO  volume.VolumeSet (VolumeSet.java:initializeVolumeSet(170)) - Added Volume : /workdir/hadoop-ozone/integration-test/target/test-dir/MiniOzoneClusterImpl-67659162-a2b1-4c6f-a3f1-09d570d06e0f/datanode-6/data/containers/hdds to VolumeSet
2019-10-01 03:39:02,076 [main] INFO  volume.ThrottledAsyncChecker (ThrottledAsyncChecker.java:schedule(139)) - Scheduling a check for org.apache.hadoop.ozone.container.common.volume.HddsVolume@39c87b42
2019-10-01 03:39:02,077 [main] INFO  volume.HddsVolumeChecker (HddsVolumeChecker.java:checkAllVolumes(202)) - Scheduled health check for volume org.apache.hadoop.ozone.container.common.volume.HddsVolume@39c87b42
2019-10-01 03:39:02,091 [main] INFO  impl.RaftServerProxy (ConfUtils.java:logGet(43)) - raft.rpc.type = GRPC (default)
2019-10-01 03:39:02,091 [main] INFO  grpc.GrpcFactory (GrpcFactory.java:checkPooledByteBufAllocatorUseCacheForAllThreads(45)) - PERFORMANCE WARNING: useCacheForAllThreads is true that may cause Netty to create a lot garbage objects and, as a result, trigger GC.
	It is recommended to disable useCacheForAllThreads by setting -Dorg.apache.ratis.thirdparty.io.netty.allocator.useCacheForAllThreads=false in command line.
2019-10-01 03:39:02,091 [main] INFO  grpc.GrpcConfigKeys$Server (ConfUtils.java:logGet(43)) - raft.grpc.server.port = 0 (default)
2019-10-01 03:39:02,091 [main] INFO  server.GrpcService (ConfUtils.java:logGet(43)) - raft.grpc.message.size.max = 33570816 (custom)
2019-10-01 03:39:02,091 [main] INFO  server.RaftServerConfigKeys (ConfUtils.java:logGet(43)) - raft.server.log.appender.buffer.byte-limit = 33554432 (custom)
2019-10-01 03:39:02,092 [main] INFO  server.GrpcService (ConfUtils.java:logGet(43)) - raft.grpc.flow.control.window = 1MB (=1048576) (default)
2019-10-01 03:39:02,092 [main] INFO  server.RaftServerConfigKeys (ConfUtils.java:logGet(43)) - raft.server.rpc.request.timeout = 3000ms (default)
2019-10-01 03:39:02,092 [main] INFO  server.RaftServerConfigKeys (ConfUtils.java:logGet(43)) - raft.server.storage.dir = [/workdir/hadoop-ozone/integration-test/target/test-dir/MiniOzoneClusterImpl-67659162-a2b1-4c6f-a3f1-09d570d06e0f/datanode-6/data/ratis] (custom)
2019-10-01 03:39:02,093 [main] INFO  hdfs.DFSUtil (DFSUtil.java:httpServerTemplateForNNAndJN(1641)) - Starting Web-server for hddsDatanode at: http://0.0.0.0:0
2019-10-01 03:39:02,094 [main] INFO  server.AuthenticationFilter (AuthenticationFilter.java:constructSecretProvider(240)) - Unable to initialize FileSignerSecretProvider, falling back to use random secrets.
2019-10-01 03:39:02,095 [main] WARN  http.HttpRequestLog (HttpRequestLog.java:getRequestLog(97)) - Jetty request log can only be enabled using Log4j
2019-10-01 03:39:02,096 [main] INFO  http.HttpServer2 (HttpServer2.java:addGlobalFilter(975)) - Added global filter 'safety' (class=org.apache.hadoop.http.HttpServer2$QuotingInputFilter)
2019-10-01 03:39:02,097 [main] INFO  http.HttpServer2 (HttpServer2.java:addFilter(948)) - Added filter static_user_filter (class=org.apache.hadoop.http.lib.StaticUserWebFilter$StaticUserFilter) to context hddsDatanode
2019-10-01 03:39:02,097 [main] INFO  http.HttpServer2 (HttpServer2.java:addFilter(958)) - Added filter static_user_filter (class=org.apache.hadoop.http.lib.StaticUserWebFilter$StaticUserFilter) to context logs
2019-10-01 03:39:02,097 [main] INFO  http.HttpServer2 (HttpServer2.java:addFilter(958)) - Added filter static_user_filter (class=org.apache.hadoop.http.lib.StaticUserWebFilter$StaticUserFilter) to context static
2019-10-01 03:39:02,097 [main] INFO  http.HttpServer2 (HttpServer2.java:bindListener(1191)) - Jetty bound to port 39866
2019-10-01 03:39:02,098 [main] INFO  server.Server (Server.java:doStart(351)) - jetty-9.3.25.v20180904, build timestamp: 2018-09-04T21:11:46Z, git hash: 3ce520221d0240229c862b122d2b06c12a625732
2019-10-01 03:39:02,099 [main] INFO  handler.ContextHandler (ContextHandler.java:doStart(781)) - Started o.e.j.s.ServletContextHandler@70b48eb3{/logs,file:///workdir/hadoop-ozone/integration-test/target/log,AVAILABLE}
2019-10-01 03:39:02,100 [main] INFO  handler.ContextHandler (ContextHandler.java:doStart(781)) - Started o.e.j.s.ServletContextHandler@a91119b{/static,jar:file:/home/user/.m2/repository/org/apache/hadoop/hadoop-hdds-container-service/0.5.0-SNAPSHOT/hadoop-hdds-container-service-0.5.0-SNAPSHOT.jar!/webapps/static,AVAILABLE}
2019-10-01 03:39:02,127 [main] INFO  handler.ContextHandler (ContextHandler.java:doStart(781)) - Started o.e.j.w.WebAppContext@70d4f672{/,file:///tmp/jetty-0.0.0.0-39866-hddsDatanode-_-any-2548323779933996706.dir/webapp/,AVAILABLE}{/hddsDatanode}
2019-10-01 03:39:02,127 [main] INFO  server.AbstractConnector (AbstractConnector.java:doStart(278)) - Started ServerConnector@68dfda77{HTTP/1.1,[http/1.1]}{0.0.0.0:39866}
2019-10-01 03:39:02,131 [main] INFO  server.Server (Server.java:doStart(419)) - Started @218312ms
2019-10-01 03:39:02,132 [main] WARN  impl.MetricsSystemImpl (MetricsSystemImpl.java:register(276)) - Sink prometheus already exists!
2019-10-01 03:39:02,132 [main] INFO  server.BaseHttpServer (BaseHttpServer.java:updateConnectorAddress(215)) - HTTP server of HDDSDATANODE is listening at http://0.0.0.0:39866
2019-10-01 03:39:02,133 [main] INFO  ozone.MiniOzoneClusterImpl (MiniOzoneClusterImpl.java:lambda$waitForClusterToBeReady$0(147)) - Waiting for cluster to be ready. Got 0 of 7 DN Heartbeats.
2019-10-01 03:39:02,133 [org.apache.hadoop.util.JvmPauseMonitor$Monitor@6bc23245] INFO  util.JvmPauseMonitor (JvmPauseMonitor.java:run(188)) - Starting JVM pause monitor
2019-10-01 03:39:02,134 [Datanode State Machine Thread - 0] INFO  datanode.InitDatanodeState (InitDatanodeState.java:persistContainerDatanodeDetails(140)) - DatanodeDetails is persisted to /workdir/hadoop-ozone/integration-test/target/test-dir/MiniOzoneClusterImpl-67659162-a2b1-4c6f-a3f1-09d570d06e0f/datanode-6/meta/datanode.id
2019-10-01 03:39:03,133 [main] INFO  ozone.MiniOzoneClusterImpl (MiniOzoneClusterImpl.java:lambda$waitForClusterToBeReady$0(147)) - Waiting for cluster to be ready. Got 0 of 7 DN Heartbeats.
2019-10-01 03:39:03,636 [Datanode State Machine Thread - 0] INFO  ozoneimpl.OzoneContainer (OzoneContainer.java:start(217)) - Attempting to start container services.
2019-10-01 03:39:03,637 [Datanode State Machine Thread - 0] INFO  ozoneimpl.OzoneContainer (OzoneContainer.java:startContainerScrub(179)) - Background container scanner has been disabled.
2019-10-01 03:39:03,637 [Datanode State Machine Thread - 0] INFO  ratis.XceiverServerRatis (XceiverServerRatis.java:start(417)) - Starting XceiverServerRatis b0362125-041a-412e-80f3-086761e28f3c at port 0
2019-10-01 03:39:03,640 [Datanode State Machine Thread - 0] INFO  impl.RaftServerProxy (RaftServerProxy.java:lambda$start$3(299)) - b0362125-041a-412e-80f3-086761e28f3c: start RPC server
2019-10-01 03:39:03,641 [Datanode State Machine Thread - 0] INFO  server.GrpcService (GrpcService.java:startImpl(158)) - b0362125-041a-412e-80f3-086761e28f3c: GrpcService started, listening on 0.0.0.0/0.0.0.0:32769
2019-10-01 03:39:03,641 [Datanode State Machine Thread - 0] INFO  ratis.XceiverServerRatis (XceiverServerRatis.java:start(427)) - XceiverServerRatis b0362125-041a-412e-80f3-086761e28f3c is started using port 32769
2019-10-01 03:39:03,650 [Datanode State Machine Thread - 0] INFO  server.XceiverServerGrpc (XceiverServerGrpc.java:start(149)) - XceiverServerGrpc b0362125-041a-412e-80f3-086761e28f3c is started using port 33841
2019-10-01 03:39:03,734 [Datanode State Machine Thread - 0] INFO  ozoneimpl.OzoneContainer (OzoneContainer.java:start(217)) - Attempting to start container services.
2019-10-01 03:39:03,735 [Datanode State Machine Thread - 0] INFO  ozoneimpl.OzoneContainer (OzoneContainer.java:startContainerScrub(179)) - Background container scanner has been disabled.
2019-10-01 03:39:03,735 [Datanode State Machine Thread - 0] INFO  ratis.XceiverServerRatis (XceiverServerRatis.java:start(417)) - Starting XceiverServerRatis 1321ed38-012f-44a7-8ef8-897a57408968 at port 0
2019-10-01 03:39:03,739 [Datanode State Machine Thread - 0] INFO  impl.RaftServerProxy (RaftServerProxy.java:lambda$start$3(299)) - 1321ed38-012f-44a7-8ef8-897a57408968: start RPC server
2019-10-01 03:39:03,740 [Datanode State Machine Thread - 0] INFO  server.GrpcService (GrpcService.java:startImpl(158)) - 1321ed38-012f-44a7-8ef8-897a57408968: GrpcService started, listening on 0.0.0.0/0.0.0.0:34624
2019-10-01 03:39:03,740 [Datanode State Machine Thread - 0] INFO  ratis.XceiverServerRatis (XceiverServerRatis.java:start(427)) - XceiverServerRatis 1321ed38-012f-44a7-8ef8-897a57408968 is started using port 34624
2019-10-01 03:39:03,743 [Datanode State Machine Thread - 0] INFO  server.XceiverServerGrpc (XceiverServerGrpc.java:start(149)) - XceiverServerGrpc 1321ed38-012f-44a7-8ef8-897a57408968 is started using port 36547
2019-10-01 03:39:03,822 [Datanode State Machine Thread - 0] INFO  ozoneimpl.OzoneContainer (OzoneContainer.java:start(217)) - Attempting to start container services.
2019-10-01 03:39:03,823 [Datanode State Machine Thread - 0] INFO  ozoneimpl.OzoneContainer (OzoneContainer.java:startContainerScrub(179)) - Background container scanner has been disabled.
2019-10-01 03:39:03,823 [Datanode State Machine Thread - 0] INFO  ratis.XceiverServerRatis (XceiverServerRatis.java:start(417)) - Starting XceiverServerRatis 467f3fdb-1a0d-4d86-8fd2-938cb172d61c at port 0
2019-10-01 03:39:03,828 [Datanode State Machine Thread - 0] INFO  impl.RaftServerProxy (RaftServerProxy.java:lambda$start$3(299)) - 467f3fdb-1a0d-4d86-8fd2-938cb172d61c: start RPC server
2019-10-01 03:39:03,833 [Datanode State Machine Thread - 0] INFO  server.GrpcService (GrpcService.java:startImpl(158)) - 467f3fdb-1a0d-4d86-8fd2-938cb172d61c: GrpcService started, listening on 0.0.0.0/0.0.0.0:42633
2019-10-01 03:39:03,833 [Datanode State Machine Thread - 0] INFO  ratis.XceiverServerRatis (XceiverServerRatis.java:start(427)) - XceiverServerRatis 467f3fdb-1a0d-4d86-8fd2-938cb172d61c is started using port 42633
2019-10-01 03:39:03,833 [Datanode State Machine Thread - 0] INFO  server.XceiverServerGrpc (XceiverServerGrpc.java:start(149)) - XceiverServerGrpc 467f3fdb-1a0d-4d86-8fd2-938cb172d61c is started using port 45280
2019-10-01 03:39:03,868 [grpc-default-executor-6] WARN  server.GrpcLogAppender (LogUtils.java:warn(134)) - 337eeeca-189e-484a-8ae8-9f26fc3b75ba@group-403EB97D77B2->9df5af2a-73e5-4e4a-9c0b-ccd89ab155b9-AppendLogResponseHandler: Failed appendEntries: org.apache.ratis.thirdparty.io.grpc.StatusRuntimeException: UNAVAILABLE: io exception
2019-10-01 03:39:03,868 [grpc-default-executor-6] INFO  impl.FollowerInfo (FollowerInfo.java:lambda$new$0(51)) - 337eeeca-189e-484a-8ae8-9f26fc3b75ba@group-403EB97D77B2->9df5af2a-73e5-4e4a-9c0b-ccd89ab155b9: nextIndex: updateUnconditionally 0 -> 0
2019-10-01 03:39:03,878 [grpc-default-executor-5] WARN  server.GrpcLogAppender (LogUtils.java:warn(134)) - 337eeeca-189e-484a-8ae8-9f26fc3b75ba@group-403EB97D77B2->1e85a46c-0611-47c1-8e7b-e152e7434ac8-AppendLogResponseHandler: Failed appendEntries: org.apache.ratis.thirdparty.io.grpc.StatusRuntimeException: UNAVAILABLE: io exception
2019-10-01 03:39:03,878 [grpc-default-executor-5] INFO  impl.FollowerInfo (FollowerInfo.java:lambda$new$0(51)) - 337eeeca-189e-484a-8ae8-9f26fc3b75ba@group-403EB97D77B2->1e85a46c-0611-47c1-8e7b-e152e7434ac8: nextIndex: updateUnconditionally 0 -> 0
2019-10-01 03:39:03,908 [Datanode State Machine Thread - 0] INFO  ozoneimpl.OzoneContainer (OzoneContainer.java:start(217)) - Attempting to start container services.
2019-10-01 03:39:03,908 [Datanode State Machine Thread - 0] INFO  ozoneimpl.OzoneContainer (OzoneContainer.java:startContainerScrub(179)) - Background container scanner has been disabled.
2019-10-01 03:39:03,908 [Datanode State Machine Thread - 0] INFO  ratis.XceiverServerRatis (XceiverServerRatis.java:start(417)) - Starting XceiverServerRatis a086a3c1-6899-4c45-b90a-aa11b3ab53ac at port 0
2019-10-01 03:39:03,914 [Datanode State Machine Thread - 0] INFO  impl.RaftServerProxy (RaftServerProxy.java:lambda$start$3(299)) - a086a3c1-6899-4c45-b90a-aa11b3ab53ac: start RPC server
2019-10-01 03:39:03,919 [Datanode State Machine Thread - 0] INFO  server.GrpcService (GrpcService.java:startImpl(158)) - a086a3c1-6899-4c45-b90a-aa11b3ab53ac: GrpcService started, listening on 0.0.0.0/0.0.0.0:46684
2019-10-01 03:39:03,919 [Datanode State Machine Thread - 0] INFO  ratis.XceiverServerRatis (XceiverServerRatis.java:start(427)) - XceiverServerRatis a086a3c1-6899-4c45-b90a-aa11b3ab53ac is started using port 46684
2019-10-01 03:39:03,924 [Datanode State Machine Thread - 0] INFO  server.XceiverServerGrpc (XceiverServerGrpc.java:start(149)) - XceiverServerGrpc a086a3c1-6899-4c45-b90a-aa11b3ab53ac is started using port 37345
2019-10-01 03:39:03,993 [Datanode State Machine Thread - 0] INFO  ozoneimpl.OzoneContainer (OzoneContainer.java:start(217)) - Attempting to start container services.
2019-10-01 03:39:03,993 [Datanode State Machine Thread - 0] INFO  ozoneimpl.OzoneContainer (OzoneContainer.java:startContainerScrub(179)) - Background container scanner has been disabled.
2019-10-01 03:39:03,993 [Datanode State Machine Thread - 0] INFO  ratis.XceiverServerRatis (XceiverServerRatis.java:start(417)) - Starting XceiverServerRatis 9beb7b3c-1359-4ac3-8f27-ebb4469f4b69 at port 0
2019-10-01 03:39:04,000 [Datanode State Machine Thread - 0] INFO  impl.RaftServerProxy (RaftServerProxy.java:lambda$start$3(299)) - 9beb7b3c-1359-4ac3-8f27-ebb4469f4b69: start RPC server
2019-10-01 03:39:04,000 [Datanode State Machine Thread - 0] INFO  server.GrpcService (GrpcService.java:startImpl(158)) - 9beb7b3c-1359-4ac3-8f27-ebb4469f4b69: GrpcService started, listening on 0.0.0.0/0.0.0.0:46847
2019-10-01 03:39:04,001 [Datanode State Machine Thread - 0] INFO  ratis.XceiverServerRatis (XceiverServerRatis.java:start(427)) - XceiverServerRatis 9beb7b3c-1359-4ac3-8f27-ebb4469f4b69 is started using port 46847
2019-10-01 03:39:04,001 [Datanode State Machine Thread - 0] INFO  server.XceiverServerGrpc (XceiverServerGrpc.java:start(149)) - XceiverServerGrpc 9beb7b3c-1359-4ac3-8f27-ebb4469f4b69 is started using port 43336
2019-10-01 03:39:04,080 [Datanode State Machine Thread - 0] INFO  ozoneimpl.OzoneContainer (OzoneContainer.java:start(217)) - Attempting to start container services.
2019-10-01 03:39:04,080 [Datanode State Machine Thread - 0] INFO  ozoneimpl.OzoneContainer (OzoneContainer.java:startContainerScrub(179)) - Background container scanner has been disabled.
2019-10-01 03:39:04,080 [Datanode State Machine Thread - 0] INFO  ratis.XceiverServerRatis (XceiverServerRatis.java:start(417)) - Starting XceiverServerRatis 562e05b5-b7ec-4d88-9d19-fe27da8d8ac0 at port 0
2019-10-01 03:39:04,086 [Datanode State Machine Thread - 0] INFO  impl.RaftServerProxy (RaftServerProxy.java:lambda$start$3(299)) - 562e05b5-b7ec-4d88-9d19-fe27da8d8ac0: start RPC server
2019-10-01 03:39:04,086 [Datanode State Machine Thread - 0] INFO  server.GrpcService (GrpcService.java:startImpl(158)) - 562e05b5-b7ec-4d88-9d19-fe27da8d8ac0: GrpcService started, listening on 0.0.0.0/0.0.0.0:36237
2019-10-01 03:39:04,086 [Datanode State Machine Thread - 0] INFO  ratis.XceiverServerRatis (XceiverServerRatis.java:start(427)) - XceiverServerRatis 562e05b5-b7ec-4d88-9d19-fe27da8d8ac0 is started using port 36237
2019-10-01 03:39:04,087 [Datanode State Machine Thread - 0] INFO  server.XceiverServerGrpc (XceiverServerGrpc.java:start(149)) - XceiverServerGrpc 562e05b5-b7ec-4d88-9d19-fe27da8d8ac0 is started using port 33871
2019-10-01 03:39:04,133 [main] INFO  ozone.MiniOzoneClusterImpl (MiniOzoneClusterImpl.java:lambda$waitForClusterToBeReady$0(147)) - Waiting for cluster to be ready. Got 0 of 7 DN Heartbeats.
2019-10-01 03:39:04,157 [Datanode State Machine Thread - 0] INFO  ozoneimpl.OzoneContainer (OzoneContainer.java:start(217)) - Attempting to start container services.
2019-10-01 03:39:04,157 [Datanode State Machine Thread - 0] INFO  ozoneimpl.OzoneContainer (OzoneContainer.java:startContainerScrub(179)) - Background container scanner has been disabled.
2019-10-01 03:39:04,157 [Datanode State Machine Thread - 0] INFO  ratis.XceiverServerRatis (XceiverServerRatis.java:start(417)) - Starting XceiverServerRatis 704d377f-022e-4784-8c75-60089d79e0d5 at port 0
2019-10-01 03:39:04,163 [Datanode State Machine Thread - 0] INFO  impl.RaftServerProxy (RaftServerProxy.java:lambda$start$3(299)) - 704d377f-022e-4784-8c75-60089d79e0d5: start RPC server
2019-10-01 03:39:04,163 [Datanode State Machine Thread - 0] INFO  server.GrpcService (GrpcService.java:startImpl(158)) - 704d377f-022e-4784-8c75-60089d79e0d5: GrpcService started, listening on 0.0.0.0/0.0.0.0:41485
2019-10-01 03:39:04,163 [Datanode State Machine Thread - 0] INFO  ratis.XceiverServerRatis (XceiverServerRatis.java:start(427)) - XceiverServerRatis 704d377f-022e-4784-8c75-60089d79e0d5 is started using port 41485
2019-10-01 03:39:04,178 [Datanode State Machine Thread - 0] INFO  server.XceiverServerGrpc (XceiverServerGrpc.java:start(149)) - XceiverServerGrpc 704d377f-022e-4784-8c75-60089d79e0d5 is started using port 43774
2019-10-01 03:39:05,134 [main] INFO  ozone.MiniOzoneClusterImpl (MiniOzoneClusterImpl.java:lambda$waitForClusterToBeReady$0(147)) - Waiting for cluster to be ready. Got 0 of 7 DN Heartbeats.
2019-10-01 03:39:05,588 [IPC Server handler 2 on 44202] INFO  net.NetworkTopology (NetworkTopologyImpl.java:add(111)) - Added a new node: /default-rack/b0362125-041a-412e-80f3-086761e28f3c
2019-10-01 03:39:05,591 [IPC Server handler 2 on 44202] INFO  node.SCMNodeManager (SCMNodeManager.java:register(266)) - Registered Data node : b0362125-041a-412e-80f3-086761e28f3c{ip: 192.168.151.109, host: pr-hdds-1984-zmhd5-2369693365, networkLocation: /default-rack, certSerialId: null}
2019-10-01 03:39:05,592 [EventQueue-NodeRegistrationContainerReportForDataNodeSafeModeRule] INFO  safemode.SCMSafeModeManager (DataNodeSafeModeRule.java:process(71)) - SCM in safe mode. 1 DataNodes registered, 1 required.
2019-10-01 03:39:05,594 [EventQueue-NodeRegistrationContainerReportForDataNodeSafeModeRule] INFO  safemode.SCMSafeModeManager (SCMSafeModeManager.java:validateSafeModeExitRules(177)) - ScmSafeModeManager, all rules are successfully validated
2019-10-01 03:39:05,594 [EventQueue-NodeRegistrationContainerReportForDataNodeSafeModeRule] INFO  safemode.SCMSafeModeManager (SCMSafeModeManager.java:exitSafeMode(193)) - SCM exiting safe mode.
2019-10-01 03:39:05,603 [grpc-default-executor-6] INFO  impl.RaftServerProxy (RaftServerProxy.java:addNew(89)) - b0362125-041a-412e-80f3-086761e28f3c: addNew group-0B48BA145C2F:[b0362125-041a-412e-80f3-086761e28f3c:192.168.151.109:32769] returns group-0B48BA145C2F:java.util.concurrent.CompletableFuture@5441dc0d[Not completed]
2019-10-01 03:39:05,604 [pool-383-thread-1] INFO  impl.RaftServerImpl (RaftServerImpl.java:<init>(95)) - b0362125-041a-412e-80f3-086761e28f3c: new RaftServerImpl for group-0B48BA145C2F:[b0362125-041a-412e-80f3-086761e28f3c:192.168.151.109:32769] with ContainerStateMachine:uninitialized
2019-10-01 03:39:05,605 [pool-383-thread-1] INFO  server.RaftServerConfigKeys (ConfUtils.java:logGet(43)) - raft.server.rpc.timeout.min = 5s (custom)
2019-10-01 03:39:05,605 [pool-383-thread-1] INFO  server.RaftServerConfigKeys (ConfUtils.java:logGet(43)) - raft.server.rpc.timeout.max = 5200ms (custom)
2019-10-01 03:39:05,605 [pool-383-thread-1] INFO  server.RaftServerConfigKeys (ConfUtils.java:logGet(43)) - raft.server.rpcslowness.timeout = 120s (custom)
2019-10-01 03:39:05,605 [pool-383-thread-1] INFO  server.RaftServerConfigKeys (ConfUtils.java:logGet(43)) - raft.server.sleep.deviation.threshold = 300 (default)
2019-10-01 03:39:05,605 [pool-383-thread-1] INFO  server.RaftServerConfigKeys (ConfUtils.java:logGet(43)) - raft.server.log.appender.install.snapshot.enabled = false (custom)
2019-10-01 03:39:05,605 [pool-383-thread-1] INFO  impl.RaftServerImpl (ServerState.java:<init>(103)) - b0362125-041a-412e-80f3-086761e28f3c@group-0B48BA145C2F: ConfigurationManager, init=-1: [b0362125-041a-412e-80f3-086761e28f3c:192.168.151.109:32769], old=null, confs=<EMPTY_MAP>
2019-10-01 03:39:05,605 [pool-383-thread-1] INFO  server.RaftServerConfigKeys (ConfUtils.java:logGet(43)) - raft.server.storage.dir = [/workdir/hadoop-ozone/integration-test/target/test-dir/MiniOzoneClusterImpl-67659162-a2b1-4c6f-a3f1-09d570d06e0f/datanode-0/data/ratis] (custom)
2019-10-01 03:39:05,606 [pool-383-thread-1] INFO  server.RaftServerConfigKeys (ConfUtils.java:logGet(43)) - raft.server.log.corruption.policy = EXCEPTION (default)
2019-10-01 03:39:05,606 [pool-383-thread-1] INFO  storage.RaftStorageDirectory (RaftStorageDirectory.java:analyzeStorage(246)) - The storage directory /workdir/hadoop-ozone/integration-test/target/test-dir/MiniOzoneClusterImpl-67659162-a2b1-4c6f-a3f1-09d570d06e0f/datanode-0/data/ratis/50234682-921a-4291-9e18-0b48ba145c2f does not exist. Creating ...
2019-10-01 03:39:05,619 [pool-383-thread-1] INFO  storage.RaftStorageDirectory (RaftStorageDirectory.java:tryLock(328)) - Lock on /workdir/hadoop-ozone/integration-test/target/test-dir/MiniOzoneClusterImpl-67659162-a2b1-4c6f-a3f1-09d570d06e0f/datanode-0/data/ratis/50234682-921a-4291-9e18-0b48ba145c2f/in_use.lock acquired by nodename 20914@pr-hdds-1984-zmhd5-2369693365
2019-10-01 03:39:05,632 [pool-383-thread-1] INFO  storage.RaftStorage (RaftStorage.java:format(84)) - Storage directory /workdir/hadoop-ozone/integration-test/target/test-dir/MiniOzoneClusterImpl-67659162-a2b1-4c6f-a3f1-09d570d06e0f/datanode-0/data/ratis/50234682-921a-4291-9e18-0b48ba145c2f has been successfully formatted.
2019-10-01 03:39:05,633 [pool-383-thread-1] INFO  ratis.ContainerStateMachine (ContainerStateMachine.java:loadSnapshot(230)) - group-0B48BA145C2F: The snapshot info is null. Setting the last applied indexto:(t:0, i:~)
2019-10-01 03:39:05,633 [pool-383-thread-1] INFO  server.RaftServerConfigKeys (ConfUtils.java:logGet(43)) - raft.server.notification.no-leader.timeout = 120s (custom)
2019-10-01 03:39:05,633 [pool-383-thread-1] INFO  server.RaftServerConfigKeys (ConfUtils.java:logGet(43)) - raft.server.log.use.memory = false (default)
2019-10-01 03:39:05,633 [pool-383-thread-1] INFO  server.RaftServerConfigKeys (ConfUtils.java:logGet(43)) - raft.server.log.purge.gap = 1000000 (custom)
2019-10-01 03:39:05,633 [pool-383-thread-1] INFO  server.RaftServerConfigKeys (ConfUtils.java:logGet(43)) - raft.server.log.appender.buffer.byte-limit = 33554432 (custom)
2019-10-01 03:39:05,634 [pool-383-thread-1] INFO  server.RaftServerConfigKeys (ConfUtils.java:logGet(43)) - raft.server.log.segment.size.max = 1048576 (custom)
2019-10-01 03:39:05,636 [pool-383-thread-1] INFO  server.RaftServerConfigKeys (ConfUtils.java:logGet(43)) - raft.server.log.segment.cache.num.max = 2 (custom)
2019-10-01 03:39:05,636 [pool-383-thread-1] INFO  segmented.SegmentedRaftLogWorker (SegmentedRaftLogWorker.java:<init>(173)) - new b0362125-041a-412e-80f3-086761e28f3c@group-0B48BA145C2F-SegmentedRaftLogWorker for RaftStorage:Storage Directory /workdir/hadoop-ozone/integration-test/target/test-dir/MiniOzoneClusterImpl-67659162-a2b1-4c6f-a3f1-09d570d06e0f/datanode-0/data/ratis/50234682-921a-4291-9e18-0b48ba145c2f
2019-10-01 03:39:05,636 [pool-383-thread-1] INFO  server.RaftServerConfigKeys (ConfUtils.java:logGet(43)) - raft.server.log.queue.byte-limit = 2147483647 (custom)
2019-10-01 03:39:05,636 [pool-383-thread-1] INFO  server.RaftServerConfigKeys (ConfUtils.java:logGet(43)) - raft.server.log.queue.element-limit = 1024 (custom)
2019-10-01 03:39:05,636 [pool-383-thread-1] INFO  server.RaftServerConfigKeys (ConfUtils.java:logGet(43)) - raft.server.log.segment.size.max = 1048576 (custom)
2019-10-01 03:39:05,637 [pool-383-thread-1] INFO  server.RaftServerConfigKeys (ConfUtils.java:logGet(43)) - raft.server.log.preallocated.size = 16384 (custom)
2019-10-01 03:39:05,637 [pool-383-thread-1] INFO  server.RaftServerConfigKeys (ConfUtils.java:logGet(43)) - raft.server.log.write.buffer.size = 33554432 (custom)
2019-10-01 03:39:05,637 [pool-383-thread-1] INFO  server.RaftServerConfigKeys (ConfUtils.java:logGet(43)) - raft.server.log.force.sync.num = 128 (default)
2019-10-01 03:39:05,637 [pool-383-thread-1] INFO  server.RaftServerConfigKeys (ConfUtils.java:logGet(43)) - raft.server.log.statemachine.data.sync = true (default)
2019-10-01 03:39:05,637 [pool-383-thread-1] INFO  server.RaftServerConfigKeys (ConfUtils.java:logGet(43)) - raft.server.log.statemachine.data.sync.timeout = 10s (default)
2019-10-01 03:39:05,637 [pool-383-thread-1] INFO  server.RaftServerConfigKeys (ConfUtils.java:logGet(43)) - raft.server.log.statemachine.data.sync.timeout.retry = -1 (default)
2019-10-01 03:39:05,638 [pool-383-thread-1] INFO  server.RaftServerConfigKeys (ConfUtils.java:logGet(43)) - raft.server.log.statemachine.data.caching.enabled = true (custom)
2019-10-01 03:39:05,638 [pool-383-thread-1] INFO  segmented.SegmentedRaftLogWorker (SegmentedRaftLogWorker.java:lambda$new$0(128)) - b0362125-041a-412e-80f3-086761e28f3c@group-0B48BA145C2F-SegmentedRaftLogWorker: flushIndex: setUnconditionally 0 -> -1
2019-10-01 03:39:05,638 [pool-383-thread-1] INFO  server.RaftServerConfigKeys (ConfUtils.java:logGet(43)) - raft.server.snapshot.auto.trigger.enabled = true (custom)
2019-10-01 03:39:05,638 [pool-383-thread-1] INFO  server.RaftServerConfigKeys (ConfUtils.java:logGet(43)) - raft.server.snapshot.auto.trigger.threshold = 10000 (custom)
2019-10-01 03:39:05,639 [pool-383-thread-1] INFO  server.RaftServerConfigKeys (ConfUtils.java:logGet(43)) - raft.server.snapshot.retention.file.num = 5 (custom)
2019-10-01 03:39:05,639 [pool-383-thread-1] INFO  server.RaftServerConfigKeys (ConfUtils.java:logGet(43)) - raft.server.retrycache.expirytime = 600000ms (custom)
2019-10-01 03:39:05,640 [pool-383-thread-1] INFO  impl.RaftServerImpl (RaftServerImpl.java:start(181)) - b0362125-041a-412e-80f3-086761e28f3c@group-0B48BA145C2F: start as a follower, conf=-1: [b0362125-041a-412e-80f3-086761e28f3c:192.168.151.109:32769], old=null
2019-10-01 03:39:05,641 [pool-383-thread-1] INFO  impl.RaftServerImpl (RaftServerImpl.java:setRole(170)) - b0362125-041a-412e-80f3-086761e28f3c@group-0B48BA145C2F: changes role from      null to FOLLOWER at term 0 for startAsFollower
2019-10-01 03:39:05,641 [pool-383-thread-1] INFO  impl.RoleInfo (RoleInfo.java:updateAndGet(143)) - b0362125-041a-412e-80f3-086761e28f3c: start FollowerState
2019-10-01 03:39:05,641 [pool-383-thread-1] INFO  util.JmxRegister (JmxRegister.java:tryRegister(44)) - Successfully registered JMX Bean with object name Ratis:service=RaftServer,group=group-0B48BA145C2F,id=b0362125-041a-412e-80f3-086761e28f3c
2019-10-01 03:39:05,651 [RatisPipelineUtilsThread] INFO  pipeline.PipelineStateManager (PipelineStateManager.java:addPipeline(56)) - Created pipeline Pipeline[ Id: 50234682-921a-4291-9e18-0b48ba145c2f, Nodes: b0362125-041a-412e-80f3-086761e28f3c{ip: 192.168.151.109, host: pr-hdds-1984-zmhd5-2369693365, networkLocation: /default-rack, certSerialId: null}, Type:RATIS, Factor:ONE, State:OPEN]
2019-10-01 03:39:05,716 [IPC Server handler 3 on 44202] INFO  net.NetworkTopology (NetworkTopologyImpl.java:add(111)) - Added a new node: /default-rack/1321ed38-012f-44a7-8ef8-897a57408968
2019-10-01 03:39:05,717 [IPC Server handler 3 on 44202] INFO  node.SCMNodeManager (SCMNodeManager.java:register(266)) - Registered Data node : 1321ed38-012f-44a7-8ef8-897a57408968{ip: 192.168.151.109, host: pr-hdds-1984-zmhd5-2369693365, networkLocation: /default-rack, certSerialId: null}
2019-10-01 03:39:05,727 [grpc-default-executor-6] INFO  impl.RaftServerProxy (RaftServerProxy.java:addNew(89)) - 1321ed38-012f-44a7-8ef8-897a57408968: addNew group-23783256975D:[1321ed38-012f-44a7-8ef8-897a57408968:192.168.151.109:34624] returns group-23783256975D:java.util.concurrent.CompletableFuture@30b9c90f[Not completed]
2019-10-01 03:39:05,728 [pool-393-thread-1] INFO  impl.RaftServerImpl (RaftServerImpl.java:<init>(95)) - 1321ed38-012f-44a7-8ef8-897a57408968: new RaftServerImpl for group-23783256975D:[1321ed38-012f-44a7-8ef8-897a57408968:192.168.151.109:34624] with ContainerStateMachine:uninitialized
2019-10-01 03:39:05,728 [pool-393-thread-1] INFO  server.RaftServerConfigKeys (ConfUtils.java:logGet(43)) - raft.server.rpc.timeout.min = 5s (custom)
2019-10-01 03:39:05,728 [pool-393-thread-1] INFO  server.RaftServerConfigKeys (ConfUtils.java:logGet(43)) - raft.server.rpc.timeout.max = 5200ms (custom)
2019-10-01 03:39:05,728 [pool-393-thread-1] INFO  server.RaftServerConfigKeys (ConfUtils.java:logGet(43)) - raft.server.rpcslowness.timeout = 120s (custom)
2019-10-01 03:39:05,729 [pool-393-thread-1] INFO  server.RaftServerConfigKeys (ConfUtils.java:logGet(43)) - raft.server.sleep.deviation.threshold = 300 (default)
2019-10-01 03:39:05,729 [pool-393-thread-1] INFO  server.RaftServerConfigKeys (ConfUtils.java:logGet(43)) - raft.server.log.appender.install.snapshot.enabled = false (custom)
2019-10-01 03:39:05,729 [pool-393-thread-1] INFO  impl.RaftServerImpl (ServerState.java:<init>(103)) - 1321ed38-012f-44a7-8ef8-897a57408968@group-23783256975D: ConfigurationManager, init=-1: [1321ed38-012f-44a7-8ef8-897a57408968:192.168.151.109:34624], old=null, confs=<EMPTY_MAP>
2019-10-01 03:39:05,729 [pool-393-thread-1] INFO  server.RaftServerConfigKeys (ConfUtils.java:logGet(43)) - raft.server.storage.dir = [/workdir/hadoop-ozone/integration-test/target/test-dir/MiniOzoneClusterImpl-67659162-a2b1-4c6f-a3f1-09d570d06e0f/datanode-1/data/ratis] (custom)
2019-10-01 03:39:05,729 [pool-393-thread-1] INFO  server.RaftServerConfigKeys (ConfUtils.java:logGet(43)) - raft.server.log.corruption.policy = EXCEPTION (default)
2019-10-01 03:39:05,729 [pool-393-thread-1] INFO  storage.RaftStorageDirectory (RaftStorageDirectory.java:analyzeStorage(246)) - The storage directory /workdir/hadoop-ozone/integration-test/target/test-dir/MiniOzoneClusterImpl-67659162-a2b1-4c6f-a3f1-09d570d06e0f/datanode-1/data/ratis/9dda6472-f0f7-4621-881a-23783256975d does not exist. Creating ...
2019-10-01 03:39:05,742 [pool-393-thread-1] INFO  storage.RaftStorageDirectory (RaftStorageDirectory.java:tryLock(328)) - Lock on /workdir/hadoop-ozone/integration-test/target/test-dir/MiniOzoneClusterImpl-67659162-a2b1-4c6f-a3f1-09d570d06e0f/datanode-1/data/ratis/9dda6472-f0f7-4621-881a-23783256975d/in_use.lock acquired by nodename 20914@pr-hdds-1984-zmhd5-2369693365
2019-10-01 03:39:05,755 [pool-393-thread-1] INFO  storage.RaftStorage (RaftStorage.java:format(84)) - Storage directory /workdir/hadoop-ozone/integration-test/target/test-dir/MiniOzoneClusterImpl-67659162-a2b1-4c6f-a3f1-09d570d06e0f/datanode-1/data/ratis/9dda6472-f0f7-4621-881a-23783256975d has been successfully formatted.
2019-10-01 03:39:05,755 [pool-393-thread-1] INFO  ratis.ContainerStateMachine (ContainerStateMachine.java:loadSnapshot(230)) - group-23783256975D: The snapshot info is null. Setting the last applied indexto:(t:0, i:~)
2019-10-01 03:39:05,755 [pool-393-thread-1] INFO  server.RaftServerConfigKeys (ConfUtils.java:logGet(43)) - raft.server.notification.no-leader.timeout = 120s (custom)
2019-10-01 03:39:05,755 [pool-393-thread-1] INFO  server.RaftServerConfigKeys (ConfUtils.java:logGet(43)) - raft.server.log.use.memory = false (default)
2019-10-01 03:39:05,755 [pool-393-thread-1] INFO  server.RaftServerConfigKeys (ConfUtils.java:logGet(43)) - raft.server.log.purge.gap = 1000000 (custom)
2019-10-01 03:39:05,755 [pool-393-thread-1] INFO  server.RaftServerConfigKeys (ConfUtils.java:logGet(43)) - raft.server.log.appender.buffer.byte-limit = 33554432 (custom)
2019-10-01 03:39:05,755 [pool-393-thread-1] INFO  server.RaftServerConfigKeys (ConfUtils.java:logGet(43)) - raft.server.log.segment.size.max = 1048576 (custom)
2019-10-01 03:39:05,757 [pool-393-thread-1] INFO  server.RaftServerConfigKeys (ConfUtils.java:logGet(43)) - raft.server.log.segment.cache.num.max = 2 (custom)
2019-10-01 03:39:05,757 [pool-393-thread-1] INFO  segmented.SegmentedRaftLogWorker (SegmentedRaftLogWorker.java:<init>(173)) - new 1321ed38-012f-44a7-8ef8-897a57408968@group-23783256975D-SegmentedRaftLogWorker for RaftStorage:Storage Directory /workdir/hadoop-ozone/integration-test/target/test-dir/MiniOzoneClusterImpl-67659162-a2b1-4c6f-a3f1-09d570d06e0f/datanode-1/data/ratis/9dda6472-f0f7-4621-881a-23783256975d
2019-10-01 03:39:05,757 [pool-393-thread-1] INFO  server.RaftServerConfigKeys (ConfUtils.java:logGet(43)) - raft.server.log.queue.byte-limit = 2147483647 (custom)
2019-10-01 03:39:05,757 [pool-393-thread-1] INFO  server.RaftServerConfigKeys (ConfUtils.java:logGet(43)) - raft.server.log.queue.element-limit = 1024 (custom)
2019-10-01 03:39:05,757 [pool-393-thread-1] INFO  server.RaftServerConfigKeys (ConfUtils.java:logGet(43)) - raft.server.log.segment.size.max = 1048576 (custom)
2019-10-01 03:39:05,757 [pool-393-thread-1] INFO  server.RaftServerConfigKeys (ConfUtils.java:logGet(43)) - raft.server.log.preallocated.size = 16384 (custom)
2019-10-01 03:39:05,758 [pool-393-thread-1] INFO  server.RaftServerConfigKeys (ConfUtils.java:logGet(43)) - raft.server.log.write.buffer.size = 33554432 (custom)
2019-10-01 03:39:05,758 [pool-393-thread-1] INFO  server.RaftServerConfigKeys (ConfUtils.java:logGet(43)) - raft.server.log.force.sync.num = 128 (default)
2019-10-01 03:39:05,758 [pool-393-thread-1] INFO  server.RaftServerConfigKeys (ConfUtils.java:logGet(43)) - raft.server.log.statemachine.data.sync = true (default)
2019-10-01 03:39:05,758 [pool-393-thread-1] INFO  server.RaftServerConfigKeys (ConfUtils.java:logGet(43)) - raft.server.log.statemachine.data.sync.timeout = 10s (default)
2019-10-01 03:39:05,758 [pool-393-thread-1] INFO  server.RaftServerConfigKeys (ConfUtils.java:logGet(43)) - raft.server.log.statemachine.data.sync.timeout.retry = -1 (default)
2019-10-01 03:39:05,758 [pool-393-thread-1] INFO  server.RaftServerConfigKeys (ConfUtils.java:logGet(43)) - raft.server.log.statemachine.data.caching.enabled = true (custom)
2019-10-01 03:39:05,759 [pool-393-thread-1] INFO  segmented.SegmentedRaftLogWorker (SegmentedRaftLogWorker.java:lambda$new$0(128)) - 1321ed38-012f-44a7-8ef8-897a57408968@group-23783256975D-SegmentedRaftLogWorker: flushIndex: setUnconditionally 0 -> -1
2019-10-01 03:39:05,759 [pool-393-thread-1] INFO  server.RaftServerConfigKeys (ConfUtils.java:logGet(43)) - raft.server.snapshot.auto.trigger.enabled = true (custom)
2019-10-01 03:39:05,759 [pool-393-thread-1] INFO  server.RaftServerConfigKeys (ConfUtils.java:logGet(43)) - raft.server.snapshot.auto.trigger.threshold = 10000 (custom)
2019-10-01 03:39:05,759 [pool-393-thread-1] INFO  server.RaftServerConfigKeys (ConfUtils.java:logGet(43)) - raft.server.snapshot.retention.file.num = 5 (custom)
2019-10-01 03:39:05,759 [pool-393-thread-1] INFO  server.RaftServerConfigKeys (ConfUtils.java:logGet(43)) - raft.server.retrycache.expirytime = 600000ms (custom)
2019-10-01 03:39:05,761 [pool-393-thread-1] INFO  impl.RaftServerImpl (RaftServerImpl.java:start(181)) - 1321ed38-012f-44a7-8ef8-897a57408968@group-23783256975D: start as a follower, conf=-1: [1321ed38-012f-44a7-8ef8-897a57408968:192.168.151.109:34624], old=null
2019-10-01 03:39:05,761 [pool-393-thread-1] INFO  impl.RaftServerImpl (RaftServerImpl.java:setRole(170)) - 1321ed38-012f-44a7-8ef8-897a57408968@group-23783256975D: changes role from      null to FOLLOWER at term 0 for startAsFollower
2019-10-01 03:39:05,761 [pool-393-thread-1] INFO  impl.RoleInfo (RoleInfo.java:updateAndGet(143)) - 1321ed38-012f-44a7-8ef8-897a57408968: start FollowerState
2019-10-01 03:39:05,762 [pool-393-thread-1] INFO  util.JmxRegister (JmxRegister.java:tryRegister(44)) - Successfully registered JMX Bean with object name Ratis:service=RaftServer,group=group-23783256975D,id=1321ed38-012f-44a7-8ef8-897a57408968
2019-10-01 03:39:05,771 [RatisPipelineUtilsThread] INFO  pipeline.PipelineStateManager (PipelineStateManager.java:addPipeline(56)) - Created pipeline Pipeline[ Id: 9dda6472-f0f7-4621-881a-23783256975d, Nodes: 1321ed38-012f-44a7-8ef8-897a57408968{ip: 192.168.151.109, host: pr-hdds-1984-zmhd5-2369693365, networkLocation: /default-rack, certSerialId: null}, Type:RATIS, Factor:ONE, State:OPEN]
2019-10-01 03:39:05,810 [IPC Server handler 6 on 44202] INFO  net.NetworkTopology (NetworkTopologyImpl.java:add(111)) - Added a new node: /default-rack/467f3fdb-1a0d-4d86-8fd2-938cb172d61c
2019-10-01 03:39:05,810 [IPC Server handler 6 on 44202] INFO  node.SCMNodeManager (SCMNodeManager.java:register(266)) - Registered Data node : 467f3fdb-1a0d-4d86-8fd2-938cb172d61c{ip: 192.168.151.109, host: pr-hdds-1984-zmhd5-2369693365, networkLocation: /default-rack, certSerialId: null}
2019-10-01 03:39:05,818 [grpc-default-executor-6] INFO  impl.RaftServerProxy (RaftServerProxy.java:addNew(89)) - 467f3fdb-1a0d-4d86-8fd2-938cb172d61c: addNew group-52F1FCECDD5B:[467f3fdb-1a0d-4d86-8fd2-938cb172d61c:192.168.151.109:42633] returns group-52F1FCECDD5B:java.util.concurrent.CompletableFuture@633de372[Not completed]
2019-10-01 03:39:05,820 [pool-403-thread-1] INFO  impl.RaftServerImpl (RaftServerImpl.java:<init>(95)) - 467f3fdb-1a0d-4d86-8fd2-938cb172d61c: new RaftServerImpl for group-52F1FCECDD5B:[467f3fdb-1a0d-4d86-8fd2-938cb172d61c:192.168.151.109:42633] with ContainerStateMachine:uninitialized
2019-10-01 03:39:05,820 [pool-403-thread-1] INFO  server.RaftServerConfigKeys (ConfUtils.java:logGet(43)) - raft.server.rpc.timeout.min = 5s (custom)
2019-10-01 03:39:05,820 [pool-403-thread-1] INFO  server.RaftServerConfigKeys (ConfUtils.java:logGet(43)) - raft.server.rpc.timeout.max = 5200ms (custom)
2019-10-01 03:39:05,820 [pool-403-thread-1] INFO  server.RaftServerConfigKeys (ConfUtils.java:logGet(43)) - raft.server.rpcslowness.timeout = 120s (custom)
2019-10-01 03:39:05,820 [pool-403-thread-1] INFO  server.RaftServerConfigKeys (ConfUtils.java:logGet(43)) - raft.server.sleep.deviation.threshold = 300 (default)
2019-10-01 03:39:05,820 [pool-403-thread-1] INFO  server.RaftServerConfigKeys (ConfUtils.java:logGet(43)) - raft.server.log.appender.install.snapshot.enabled = false (custom)
2019-10-01 03:39:05,820 [pool-403-thread-1] INFO  impl.RaftServerImpl (ServerState.java:<init>(103)) - 467f3fdb-1a0d-4d86-8fd2-938cb172d61c@group-52F1FCECDD5B: ConfigurationManager, init=-1: [467f3fdb-1a0d-4d86-8fd2-938cb172d61c:192.168.151.109:42633], old=null, confs=<EMPTY_MAP>
2019-10-01 03:39:05,821 [pool-403-thread-1] INFO  server.RaftServerConfigKeys (ConfUtils.java:logGet(43)) - raft.server.storage.dir = [/workdir/hadoop-ozone/integration-test/target/test-dir/MiniOzoneClusterImpl-67659162-a2b1-4c6f-a3f1-09d570d06e0f/datanode-2/data/ratis] (custom)
2019-10-01 03:39:05,821 [pool-403-thread-1] INFO  server.RaftServerConfigKeys (ConfUtils.java:logGet(43)) - raft.server.log.corruption.policy = EXCEPTION (default)
2019-10-01 03:39:05,821 [pool-403-thread-1] INFO  storage.RaftStorageDirectory (RaftStorageDirectory.java:analyzeStorage(246)) - The storage directory /workdir/hadoop-ozone/integration-test/target/test-dir/MiniOzoneClusterImpl-67659162-a2b1-4c6f-a3f1-09d570d06e0f/datanode-2/data/ratis/4c033850-9e2a-4128-a54d-52f1fcecdd5b does not exist. Creating ...
2019-10-01 03:39:05,834 [pool-403-thread-1] INFO  storage.RaftStorageDirectory (RaftStorageDirectory.java:tryLock(328)) - Lock on /workdir/hadoop-ozone/integration-test/target/test-dir/MiniOzoneClusterImpl-67659162-a2b1-4c6f-a3f1-09d570d06e0f/datanode-2/data/ratis/4c033850-9e2a-4128-a54d-52f1fcecdd5b/in_use.lock acquired by nodename 20914@pr-hdds-1984-zmhd5-2369693365
2019-10-01 03:39:05,847 [pool-403-thread-1] INFO  storage.RaftStorage (RaftStorage.java:format(84)) - Storage directory /workdir/hadoop-ozone/integration-test/target/test-dir/MiniOzoneClusterImpl-67659162-a2b1-4c6f-a3f1-09d570d06e0f/datanode-2/data/ratis/4c033850-9e2a-4128-a54d-52f1fcecdd5b has been successfully formatted.
2019-10-01 03:39:05,847 [pool-403-thread-1] INFO  ratis.ContainerStateMachine (ContainerStateMachine.java:loadSnapshot(230)) - group-52F1FCECDD5B: The snapshot info is null. Setting the last applied indexto:(t:0, i:~)
2019-10-01 03:39:05,847 [pool-403-thread-1] INFO  server.RaftServerConfigKeys (ConfUtils.java:logGet(43)) - raft.server.notification.no-leader.timeout = 120s (custom)
2019-10-01 03:39:05,847 [pool-403-thread-1] INFO  server.RaftServerConfigKeys (ConfUtils.java:logGet(43)) - raft.server.log.use.memory = false (default)
2019-10-01 03:39:05,847 [pool-403-thread-1] INFO  server.RaftServerConfigKeys (ConfUtils.java:logGet(43)) - raft.server.log.purge.gap = 1000000 (custom)
2019-10-01 03:39:05,847 [pool-403-thread-1] INFO  server.RaftServerConfigKeys (ConfUtils.java:logGet(43)) - raft.server.log.appender.buffer.byte-limit = 33554432 (custom)
2019-10-01 03:39:05,847 [pool-403-thread-1] INFO  server.RaftServerConfigKeys (ConfUtils.java:logGet(43)) - raft.server.log.segment.size.max = 1048576 (custom)
2019-10-01 03:39:05,849 [pool-403-thread-1] INFO  server.RaftServerConfigKeys (ConfUtils.java:logGet(43)) - raft.server.log.segment.cache.num.max = 2 (custom)
2019-10-01 03:39:05,849 [pool-403-thread-1] INFO  segmented.SegmentedRaftLogWorker (SegmentedRaftLogWorker.java:<init>(173)) - new 467f3fdb-1a0d-4d86-8fd2-938cb172d61c@group-52F1FCECDD5B-SegmentedRaftLogWorker for RaftStorage:Storage Directory /workdir/hadoop-ozone/integration-test/target/test-dir/MiniOzoneClusterImpl-67659162-a2b1-4c6f-a3f1-09d570d06e0f/datanode-2/data/ratis/4c033850-9e2a-4128-a54d-52f1fcecdd5b
2019-10-01 03:39:05,849 [pool-403-thread-1] INFO  server.RaftServerConfigKeys (ConfUtils.java:logGet(43)) - raft.server.log.queue.byte-limit = 2147483647 (custom)
2019-10-01 03:39:05,849 [pool-403-thread-1] INFO  server.RaftServerConfigKeys (ConfUtils.java:logGet(43)) - raft.server.log.queue.element-limit = 1024 (custom)
2019-10-01 03:39:05,850 [pool-403-thread-1] INFO  server.RaftServerConfigKeys (ConfUtils.java:logGet(43)) - raft.server.log.segment.size.max = 1048576 (custom)
2019-10-01 03:39:05,850 [pool-403-thread-1] INFO  server.RaftServerConfigKeys (ConfUtils.java:logGet(43)) - raft.server.log.preallocated.size = 16384 (custom)
2019-10-01 03:39:05,850 [pool-403-thread-1] INFO  server.RaftServerConfigKeys (ConfUtils.java:logGet(43)) - raft.server.log.write.buffer.size = 33554432 (custom)
2019-10-01 03:39:05,850 [pool-403-thread-1] INFO  server.RaftServerConfigKeys (ConfUtils.java:logGet(43)) - raft.server.log.force.sync.num = 128 (default)
2019-10-01 03:39:05,850 [pool-403-thread-1] INFO  server.RaftServerConfigKeys (ConfUtils.java:logGet(43)) - raft.server.log.statemachine.data.sync = true (default)
2019-10-01 03:39:05,850 [pool-403-thread-1] INFO  server.RaftServerConfigKeys (ConfUtils.java:logGet(43)) - raft.server.log.statemachine.data.sync.timeout = 10s (default)
2019-10-01 03:39:05,850 [pool-403-thread-1] INFO  server.RaftServerConfigKeys (ConfUtils.java:logGet(43)) - raft.server.log.statemachine.data.sync.timeout.retry = -1 (default)
2019-10-01 03:39:05,851 [pool-403-thread-1] INFO  server.RaftServerConfigKeys (ConfUtils.java:logGet(43)) - raft.server.log.statemachine.data.caching.enabled = true (custom)
2019-10-01 03:39:05,851 [pool-403-thread-1] INFO  segmented.SegmentedRaftLogWorker (SegmentedRaftLogWorker.java:lambda$new$0(128)) - 467f3fdb-1a0d-4d86-8fd2-938cb172d61c@group-52F1FCECDD5B-SegmentedRaftLogWorker: flushIndex: setUnconditionally 0 -> -1
2019-10-01 03:39:05,852 [pool-403-thread-1] INFO  server.RaftServerConfigKeys (ConfUtils.java:logGet(43)) - raft.server.snapshot.auto.trigger.enabled = true (custom)
2019-10-01 03:39:05,852 [pool-403-thread-1] INFO  server.RaftServerConfigKeys (ConfUtils.java:logGet(43)) - raft.server.snapshot.auto.trigger.threshold = 10000 (custom)
2019-10-01 03:39:05,852 [pool-403-thread-1] INFO  server.RaftServerConfigKeys (ConfUtils.java:logGet(43)) - raft.server.snapshot.retention.file.num = 5 (custom)
2019-10-01 03:39:05,852 [pool-403-thread-1] INFO  server.RaftServerConfigKeys (ConfUtils.java:logGet(43)) - raft.server.retrycache.expirytime = 600000ms (custom)
2019-10-01 03:39:05,853 [pool-403-thread-1] INFO  impl.RaftServerImpl (RaftServerImpl.java:start(181)) - 467f3fdb-1a0d-4d86-8fd2-938cb172d61c@group-52F1FCECDD5B: start as a follower, conf=-1: [467f3fdb-1a0d-4d86-8fd2-938cb172d61c:192.168.151.109:42633], old=null
2019-10-01 03:39:05,853 [pool-403-thread-1] INFO  impl.RaftServerImpl (RaftServerImpl.java:setRole(170)) - 467f3fdb-1a0d-4d86-8fd2-938cb172d61c@group-52F1FCECDD5B: changes role from      null to FOLLOWER at term 0 for startAsFollower
2019-10-01 03:39:05,853 [pool-403-thread-1] INFO  impl.RoleInfo (RoleInfo.java:updateAndGet(143)) - 467f3fdb-1a0d-4d86-8fd2-938cb172d61c: start FollowerState
2019-10-01 03:39:05,854 [pool-403-thread-1] INFO  util.JmxRegister (JmxRegister.java:tryRegister(44)) - Successfully registered JMX Bean with object name Ratis:service=RaftServer,group=group-52F1FCECDD5B,id=467f3fdb-1a0d-4d86-8fd2-938cb172d61c
2019-10-01 03:39:05,861 [RatisPipelineUtilsThread] INFO  pipeline.PipelineStateManager (PipelineStateManager.java:addPipeline(56)) - Created pipeline Pipeline[ Id: 4c033850-9e2a-4128-a54d-52f1fcecdd5b, Nodes: 467f3fdb-1a0d-4d86-8fd2-938cb172d61c{ip: 192.168.151.109, host: pr-hdds-1984-zmhd5-2369693365, networkLocation: /default-rack, certSerialId: null}, Type:RATIS, Factor:ONE, State:OPEN]
2019-10-01 03:39:05,871 [grpc-default-executor-0] INFO  impl.RaftServerProxy (RaftServerProxy.java:addNew(89)) - b0362125-041a-412e-80f3-086761e28f3c: addNew group-319A780DD72D:[1321ed38-012f-44a7-8ef8-897a57408968:192.168.151.109:34624, b0362125-041a-412e-80f3-086761e28f3c:192.168.151.109:32769, 467f3fdb-1a0d-4d86-8fd2-938cb172d61c:192.168.151.109:42633] returns group-319A780DD72D:java.util.concurrent.CompletableFuture@47f9ec49[Not completed]
2019-10-01 03:39:05,872 [grpc-default-executor-5] INFO  impl.RaftServerProxy (RaftServerProxy.java:addNew(89)) - 467f3fdb-1a0d-4d86-8fd2-938cb172d61c: addNew group-319A780DD72D:[1321ed38-012f-44a7-8ef8-897a57408968:192.168.151.109:34624, b0362125-041a-412e-80f3-086761e28f3c:192.168.151.109:32769, 467f3fdb-1a0d-4d86-8fd2-938cb172d61c:192.168.151.109:42633] returns group-319A780DD72D:java.util.concurrent.CompletableFuture@6280fb25[Not completed]
2019-10-01 03:39:05,872 [grpc-default-executor-6] INFO  impl.RaftServerProxy (RaftServerProxy.java:addNew(89)) - 1321ed38-012f-44a7-8ef8-897a57408968: addNew group-319A780DD72D:[1321ed38-012f-44a7-8ef8-897a57408968:192.168.151.109:34624, b0362125-041a-412e-80f3-086761e28f3c:192.168.151.109:32769, 467f3fdb-1a0d-4d86-8fd2-938cb172d61c:192.168.151.109:42633] returns group-319A780DD72D:java.util.concurrent.CompletableFuture@6159f97e[Not completed]
2019-10-01 03:39:05,873 [pool-393-thread-1] INFO  impl.RaftServerImpl (RaftServerImpl.java:<init>(95)) - 1321ed38-012f-44a7-8ef8-897a57408968: new RaftServerImpl for group-319A780DD72D:[1321ed38-012f-44a7-8ef8-897a57408968:192.168.151.109:34624, b0362125-041a-412e-80f3-086761e28f3c:192.168.151.109:32769, 467f3fdb-1a0d-4d86-8fd2-938cb172d61c:192.168.151.109:42633] with ContainerStateMachine:uninitialized
2019-10-01 03:39:05,874 [pool-393-thread-1] INFO  server.RaftServerConfigKeys (ConfUtils.java:logGet(43)) - raft.server.rpc.timeout.min = 5s (custom)
2019-10-01 03:39:05,874 [pool-393-thread-1] INFO  server.RaftServerConfigKeys (ConfUtils.java:logGet(43)) - raft.server.rpc.timeout.max = 5200ms (custom)
2019-10-01 03:39:05,874 [pool-393-thread-1] INFO  server.RaftServerConfigKeys (ConfUtils.java:logGet(43)) - raft.server.rpcslowness.timeout = 120s (custom)
2019-10-01 03:39:05,874 [pool-393-thread-1] INFO  server.RaftServerConfigKeys (ConfUtils.java:logGet(43)) - raft.server.sleep.deviation.threshold = 300 (default)
2019-10-01 03:39:05,874 [pool-393-thread-1] INFO  server.RaftServerConfigKeys (ConfUtils.java:logGet(43)) - raft.server.log.appender.install.snapshot.enabled = false (custom)
2019-10-01 03:39:05,874 [pool-393-thread-1] INFO  impl.RaftServerImpl (ServerState.java:<init>(103)) - 1321ed38-012f-44a7-8ef8-897a57408968@group-319A780DD72D: ConfigurationManager, init=-1: [1321ed38-012f-44a7-8ef8-897a57408968:192.168.151.109:34624, b0362125-041a-412e-80f3-086761e28f3c:192.168.151.109:32769, 467f3fdb-1a0d-4d86-8fd2-938cb172d61c:192.168.151.109:42633], old=null, confs=<EMPTY_MAP>
2019-10-01 03:39:05,874 [pool-393-thread-1] INFO  server.RaftServerConfigKeys (ConfUtils.java:logGet(43)) - raft.server.storage.dir = [/workdir/hadoop-ozone/integration-test/target/test-dir/MiniOzoneClusterImpl-67659162-a2b1-4c6f-a3f1-09d570d06e0f/datanode-1/data/ratis] (custom)
2019-10-01 03:39:05,874 [pool-383-thread-1] INFO  impl.RaftServerImpl (RaftServerImpl.java:<init>(95)) - b0362125-041a-412e-80f3-086761e28f3c: new RaftServerImpl for group-319A780DD72D:[1321ed38-012f-44a7-8ef8-897a57408968:192.168.151.109:34624, b0362125-041a-412e-80f3-086761e28f3c:192.168.151.109:32769, 467f3fdb-1a0d-4d86-8fd2-938cb172d61c:192.168.151.109:42633] with ContainerStateMachine:uninitialized
2019-10-01 03:39:05,875 [pool-393-thread-1] INFO  server.RaftServerConfigKeys (ConfUtils.java:logGet(43)) - raft.server.log.corruption.policy = EXCEPTION (default)
2019-10-01 03:39:05,875 [pool-383-thread-1] INFO  server.RaftServerConfigKeys (ConfUtils.java:logGet(43)) - raft.server.rpc.timeout.min = 5s (custom)
2019-10-01 03:39:05,875 [pool-393-thread-1] INFO  storage.RaftStorageDirectory (RaftStorageDirectory.java:analyzeStorage(246)) - The storage directory /workdir/hadoop-ozone/integration-test/target/test-dir/MiniOzoneClusterImpl-67659162-a2b1-4c6f-a3f1-09d570d06e0f/datanode-1/data/ratis/764a1e22-e19a-4e25-896c-319a780dd72d does not exist. Creating ...
2019-10-01 03:39:05,875 [pool-403-thread-1] INFO  impl.RaftServerImpl (RaftServerImpl.java:<init>(95)) - 467f3fdb-1a0d-4d86-8fd2-938cb172d61c: new RaftServerImpl for group-319A780DD72D:[1321ed38-012f-44a7-8ef8-897a57408968:192.168.151.109:34624, b0362125-041a-412e-80f3-086761e28f3c:192.168.151.109:32769, 467f3fdb-1a0d-4d86-8fd2-938cb172d61c:192.168.151.109:42633] with ContainerStateMachine:uninitialized
2019-10-01 03:39:05,875 [pool-383-thread-1] INFO  server.RaftServerConfigKeys (ConfUtils.java:logGet(43)) - raft.server.rpc.timeout.max = 5200ms (custom)
2019-10-01 03:39:05,875 [pool-403-thread-1] INFO  server.RaftServerConfigKeys (ConfUtils.java:logGet(43)) - raft.server.rpc.timeout.min = 5s (custom)
2019-10-01 03:39:05,876 [pool-383-thread-1] INFO  server.RaftServerConfigKeys (ConfUtils.java:logGet(43)) - raft.server.rpcslowness.timeout = 120s (custom)
2019-10-01 03:39:05,876 [pool-403-thread-1] INFO  server.RaftServerConfigKeys (ConfUtils.java:logGet(43)) - raft.server.rpc.timeout.max = 5200ms (custom)
2019-10-01 03:39:05,876 [pool-383-thread-1] INFO  server.RaftServerConfigKeys (ConfUtils.java:logGet(43)) - raft.server.sleep.deviation.threshold = 300 (default)
2019-10-01 03:39:05,876 [pool-403-thread-1] INFO  server.RaftServerConfigKeys (ConfUtils.java:logGet(43)) - raft.server.rpcslowness.timeout = 120s (custom)
2019-10-01 03:39:05,876 [pool-383-thread-1] INFO  server.RaftServerConfigKeys (ConfUtils.java:logGet(43)) - raft.server.log.appender.install.snapshot.enabled = false (custom)
2019-10-01 03:39:05,876 [pool-403-thread-1] INFO  server.RaftServerConfigKeys (ConfUtils.java:logGet(43)) - raft.server.sleep.deviation.threshold = 300 (default)
2019-10-01 03:39:05,876 [pool-383-thread-1] INFO  impl.RaftServerImpl (ServerState.java:<init>(103)) - b0362125-041a-412e-80f3-086761e28f3c@group-319A780DD72D: ConfigurationManager, init=-1: [1321ed38-012f-44a7-8ef8-897a57408968:192.168.151.109:34624, b0362125-041a-412e-80f3-086761e28f3c:192.168.151.109:32769, 467f3fdb-1a0d-4d86-8fd2-938cb172d61c:192.168.151.109:42633], old=null, confs=<EMPTY_MAP>
2019-10-01 03:39:05,876 [pool-403-thread-1] INFO  server.RaftServerConfigKeys (ConfUtils.java:logGet(43)) - raft.server.log.appender.install.snapshot.enabled = false (custom)
2019-10-01 03:39:05,877 [pool-383-thread-1] INFO  server.RaftServerConfigKeys (ConfUtils.java:logGet(43)) - raft.server.storage.dir = [/workdir/hadoop-ozone/integration-test/target/test-dir/MiniOzoneClusterImpl-67659162-a2b1-4c6f-a3f1-09d570d06e0f/datanode-0/data/ratis] (custom)
2019-10-01 03:39:05,877 [pool-403-thread-1] INFO  impl.RaftServerImpl (ServerState.java:<init>(103)) - 467f3fdb-1a0d-4d86-8fd2-938cb172d61c@group-319A780DD72D: ConfigurationManager, init=-1: [1321ed38-012f-44a7-8ef8-897a57408968:192.168.151.109:34624, b0362125-041a-412e-80f3-086761e28f3c:192.168.151.109:32769, 467f3fdb-1a0d-4d86-8fd2-938cb172d61c:192.168.151.109:42633], old=null, confs=<EMPTY_MAP>
2019-10-01 03:39:05,877 [pool-403-thread-1] INFO  server.RaftServerConfigKeys (ConfUtils.java:logGet(43)) - raft.server.storage.dir = [/workdir/hadoop-ozone/integration-test/target/test-dir/MiniOzoneClusterImpl-67659162-a2b1-4c6f-a3f1-09d570d06e0f/datanode-2/data/ratis] (custom)
2019-10-01 03:39:05,877 [pool-383-thread-1] INFO  server.RaftServerConfigKeys (ConfUtils.java:logGet(43)) - raft.server.log.corruption.policy = EXCEPTION (default)
2019-10-01 03:39:05,877 [pool-383-thread-1] INFO  storage.RaftStorageDirectory (RaftStorageDirectory.java:analyzeStorage(246)) - The storage directory /workdir/hadoop-ozone/integration-test/target/test-dir/MiniOzoneClusterImpl-67659162-a2b1-4c6f-a3f1-09d570d06e0f/datanode-0/data/ratis/764a1e22-e19a-4e25-896c-319a780dd72d does not exist. Creating ...
2019-10-01 03:39:05,877 [pool-403-thread-1] INFO  server.RaftServerConfigKeys (ConfUtils.java:logGet(43)) - raft.server.log.corruption.policy = EXCEPTION (default)
2019-10-01 03:39:05,878 [pool-403-thread-1] INFO  storage.RaftStorageDirectory (RaftStorageDirectory.java:analyzeStorage(246)) - The storage directory /workdir/hadoop-ozone/integration-test/target/test-dir/MiniOzoneClusterImpl-67659162-a2b1-4c6f-a3f1-09d570d06e0f/datanode-2/data/ratis/764a1e22-e19a-4e25-896c-319a780dd72d does not exist. Creating ...
2019-10-01 03:39:05,878 [pool-393-thread-1] INFO  storage.RaftStorageDirectory (RaftStorageDirectory.java:tryLock(328)) - Lock on /workdir/hadoop-ozone/integration-test/target/test-dir/MiniOzoneClusterImpl-67659162-a2b1-4c6f-a3f1-09d570d06e0f/datanode-1/data/ratis/764a1e22-e19a-4e25-896c-319a780dd72d/in_use.lock acquired by nodename 20914@pr-hdds-1984-zmhd5-2369693365
2019-10-01 03:39:05,880 [pool-403-thread-1] INFO  storage.RaftStorageDirectory (RaftStorageDirectory.java:tryLock(328)) - Lock on /workdir/hadoop-ozone/integration-test/target/test-dir/MiniOzoneClusterImpl-67659162-a2b1-4c6f-a3f1-09d570d06e0f/datanode-2/data/ratis/764a1e22-e19a-4e25-896c-319a780dd72d/in_use.lock acquired by nodename 20914@pr-hdds-1984-zmhd5-2369693365
2019-10-01 03:39:05,880 [pool-383-thread-1] INFO  storage.RaftStorageDirectory (RaftStorageDirectory.java:tryLock(328)) - Lock on /workdir/hadoop-ozone/integration-test/target/test-dir/MiniOzoneClusterImpl-67659162-a2b1-4c6f-a3f1-09d570d06e0f/datanode-0/data/ratis/764a1e22-e19a-4e25-896c-319a780dd72d/in_use.lock acquired by nodename 20914@pr-hdds-1984-zmhd5-2369693365
2019-10-01 03:39:05,882 [pool-393-thread-1] INFO  storage.RaftStorage (RaftStorage.java:format(84)) - Storage directory /workdir/hadoop-ozone/integration-test/target/test-dir/MiniOzoneClusterImpl-67659162-a2b1-4c6f-a3f1-09d570d06e0f/datanode-1/data/ratis/764a1e22-e19a-4e25-896c-319a780dd72d has been successfully formatted.
2019-10-01 03:39:05,882 [pool-393-thread-1] INFO  ratis.ContainerStateMachine (ContainerStateMachine.java:loadSnapshot(230)) - group-319A780DD72D: The snapshot info is null. Setting the last applied indexto:(t:0, i:~)
2019-10-01 03:39:05,882 [pool-393-thread-1] INFO  server.RaftServerConfigKeys (ConfUtils.java:logGet(43)) - raft.server.notification.no-leader.timeout = 120s (custom)
2019-10-01 03:39:05,882 [pool-393-thread-1] INFO  server.RaftServerConfigKeys (ConfUtils.java:logGet(43)) - raft.server.log.use.memory = false (default)
2019-10-01 03:39:05,882 [pool-393-thread-1] INFO  server.RaftServerConfigKeys (ConfUtils.java:logGet(43)) - raft.server.log.purge.gap = 1000000 (custom)
2019-10-01 03:39:05,882 [pool-393-thread-1] INFO  server.RaftServerConfigKeys (ConfUtils.java:logGet(43)) - raft.server.log.appender.buffer.byte-limit = 33554432 (custom)
2019-10-01 03:39:05,882 [pool-393-thread-1] INFO  server.RaftServerConfigKeys (ConfUtils.java:logGet(43)) - raft.server.log.segment.size.max = 1048576 (custom)
2019-10-01 03:39:05,882 [pool-393-thread-1] INFO  server.RaftServerConfigKeys (ConfUtils.java:logGet(43)) - raft.server.log.segment.cache.num.max = 2 (custom)
2019-10-01 03:39:05,883 [pool-393-thread-1] INFO  segmented.SegmentedRaftLogWorker (SegmentedRaftLogWorker.java:<init>(173)) - new 1321ed38-012f-44a7-8ef8-897a57408968@group-319A780DD72D-SegmentedRaftLogWorker for RaftStorage:Storage Directory /workdir/hadoop-ozone/integration-test/target/test-dir/MiniOzoneClusterImpl-67659162-a2b1-4c6f-a3f1-09d570d06e0f/datanode-1/data/ratis/764a1e22-e19a-4e25-896c-319a780dd72d
2019-10-01 03:39:05,883 [pool-393-thread-1] INFO  server.RaftServerConfigKeys (ConfUtils.java:logGet(43)) - raft.server.log.queue.byte-limit = 2147483647 (custom)
2019-10-01 03:39:05,883 [pool-393-thread-1] INFO  server.RaftServerConfigKeys (ConfUtils.java:logGet(43)) - raft.server.log.queue.element-limit = 1024 (custom)
2019-10-01 03:39:05,883 [pool-393-thread-1] INFO  server.RaftServerConfigKeys (ConfUtils.java:logGet(43)) - raft.server.log.segment.size.max = 1048576 (custom)
2019-10-01 03:39:05,883 [pool-393-thread-1] INFO  server.RaftServerConfigKeys (ConfUtils.java:logGet(43)) - raft.server.log.preallocated.size = 16384 (custom)
2019-10-01 03:39:05,883 [pool-393-thread-1] INFO  server.RaftServerConfigKeys (ConfUtils.java:logGet(43)) - raft.server.log.write.buffer.size = 33554432 (custom)
2019-10-01 03:39:05,883 [pool-393-thread-1] INFO  server.RaftServerConfigKeys (ConfUtils.java:logGet(43)) - raft.server.log.force.sync.num = 128 (default)
2019-10-01 03:39:05,883 [pool-393-thread-1] INFO  server.RaftServerConfigKeys (ConfUtils.java:logGet(43)) - raft.server.log.statemachine.data.sync = true (default)
2019-10-01 03:39:05,883 [pool-393-thread-1] INFO  server.RaftServerConfigKeys (ConfUtils.java:logGet(43)) - raft.server.log.statemachine.data.sync.timeout = 10s (default)
2019-10-01 03:39:05,883 [pool-393-thread-1] INFO  server.RaftServerConfigKeys (ConfUtils.java:logGet(43)) - raft.server.log.statemachine.data.sync.timeout.retry = -1 (default)
2019-10-01 03:39:05,884 [pool-393-thread-1] INFO  server.RaftServerConfigKeys (ConfUtils.java:logGet(43)) - raft.server.log.statemachine.data.caching.enabled = true (custom)
2019-10-01 03:39:05,884 [pool-393-thread-1] INFO  segmented.SegmentedRaftLogWorker (SegmentedRaftLogWorker.java:lambda$new$0(128)) - 1321ed38-012f-44a7-8ef8-897a57408968@group-319A780DD72D-SegmentedRaftLogWorker: flushIndex: setUnconditionally 0 -> -1
2019-10-01 03:39:05,884 [pool-393-thread-1] INFO  server.RaftServerConfigKeys (ConfUtils.java:logGet(43)) - raft.server.snapshot.auto.trigger.enabled = true (custom)
2019-10-01 03:39:05,884 [pool-393-thread-1] INFO  server.RaftServerConfigKeys (ConfUtils.java:logGet(43)) - raft.server.snapshot.auto.trigger.threshold = 10000 (custom)
2019-10-01 03:39:05,884 [pool-393-thread-1] INFO  server.RaftServerConfigKeys (ConfUtils.java:logGet(43)) - raft.server.snapshot.retention.file.num = 5 (custom)
2019-10-01 03:39:05,884 [pool-393-thread-1] INFO  server.RaftServerConfigKeys (ConfUtils.java:logGet(43)) - raft.server.retrycache.expirytime = 600000ms (custom)
2019-10-01 03:39:05,885 [pool-383-thread-1] INFO  storage.RaftStorage (RaftStorage.java:format(84)) - Storage directory /workdir/hadoop-ozone/integration-test/target/test-dir/MiniOzoneClusterImpl-67659162-a2b1-4c6f-a3f1-09d570d06e0f/datanode-0/data/ratis/764a1e22-e19a-4e25-896c-319a780dd72d has been successfully formatted.
2019-10-01 03:39:05,885 [pool-403-thread-1] INFO  storage.RaftStorage (RaftStorage.java:format(84)) - Storage directory /workdir/hadoop-ozone/integration-test/target/test-dir/MiniOzoneClusterImpl-67659162-a2b1-4c6f-a3f1-09d570d06e0f/datanode-2/data/ratis/764a1e22-e19a-4e25-896c-319a780dd72d has been successfully formatted.
2019-10-01 03:39:05,885 [pool-383-thread-1] INFO  ratis.ContainerStateMachine (ContainerStateMachine.java:loadSnapshot(230)) - group-319A780DD72D: The snapshot info is null. Setting the last applied indexto:(t:0, i:~)
2019-10-01 03:39:05,885 [pool-383-thread-1] INFO  server.RaftServerConfigKeys (ConfUtils.java:logGet(43)) - raft.server.notification.no-leader.timeout = 120s (custom)
2019-10-01 03:39:05,885 [pool-403-thread-1] INFO  ratis.ContainerStateMachine (ContainerStateMachine.java:loadSnapshot(230)) - group-319A780DD72D: The snapshot info is null. Setting the last applied indexto:(t:0, i:~)
2019-10-01 03:39:05,885 [pool-383-thread-1] INFO  server.RaftServerConfigKeys (ConfUtils.java:logGet(43)) - raft.server.log.use.memory = false (default)
2019-10-01 03:39:05,885 [pool-403-thread-1] INFO  server.RaftServerConfigKeys (ConfUtils.java:logGet(43)) - raft.server.notification.no-leader.timeout = 120s (custom)
2019-10-01 03:39:05,885 [pool-383-thread-1] INFO  server.RaftServerConfigKeys (ConfUtils.java:logGet(43)) - raft.server.log.purge.gap = 1000000 (custom)
2019-10-01 03:39:05,885 [pool-403-thread-1] INFO  server.RaftServerConfigKeys (ConfUtils.java:logGet(43)) - raft.server.log.use.memory = false (default)
2019-10-01 03:39:05,885 [pool-383-thread-1] INFO  server.RaftServerConfigKeys (ConfUtils.java:logGet(43)) - raft.server.log.appender.buffer.byte-limit = 33554432 (custom)
2019-10-01 03:39:05,886 [pool-403-thread-1] INFO  server.RaftServerConfigKeys (ConfUtils.java:logGet(43)) - raft.server.log.purge.gap = 1000000 (custom)
2019-10-01 03:39:05,886 [pool-383-thread-1] INFO  server.RaftServerConfigKeys (ConfUtils.java:logGet(43)) - raft.server.log.segment.size.max = 1048576 (custom)
2019-10-01 03:39:05,886 [pool-403-thread-1] INFO  server.RaftServerConfigKeys (ConfUtils.java:logGet(43)) - raft.server.log.appender.buffer.byte-limit = 33554432 (custom)
2019-10-01 03:39:05,886 [pool-393-thread-1] INFO  impl.RaftServerImpl (RaftServerImpl.java:start(181)) - 1321ed38-012f-44a7-8ef8-897a57408968@group-319A780DD72D: start as a follower, conf=-1: [1321ed38-012f-44a7-8ef8-897a57408968:192.168.151.109:34624, b0362125-041a-412e-80f3-086761e28f3c:192.168.151.109:32769, 467f3fdb-1a0d-4d86-8fd2-938cb172d61c:192.168.151.109:42633], old=null
2019-10-01 03:39:05,886 [pool-403-thread-1] INFO  server.RaftServerConfigKeys (ConfUtils.java:logGet(43)) - raft.server.log.segment.size.max = 1048576 (custom)
2019-10-01 03:39:05,886 [pool-383-thread-1] INFO  server.RaftServerConfigKeys (ConfUtils.java:logGet(43)) - raft.server.log.segment.cache.num.max = 2 (custom)
2019-10-01 03:39:05,886 [pool-403-thread-1] INFO  server.RaftServerConfigKeys (ConfUtils.java:logGet(43)) - raft.server.log.segment.cache.num.max = 2 (custom)
2019-10-01 03:39:05,886 [pool-393-thread-1] INFO  impl.RaftServerImpl (RaftServerImpl.java:setRole(170)) - 1321ed38-012f-44a7-8ef8-897a57408968@group-319A780DD72D: changes role from      null to FOLLOWER at term 0 for startAsFollower
2019-10-01 03:39:05,887 [pool-403-thread-1] INFO  segmented.SegmentedRaftLogWorker (SegmentedRaftLogWorker.java:<init>(173)) - new 467f3fdb-1a0d-4d86-8fd2-938cb172d61c@group-319A780DD72D-SegmentedRaftLogWorker for RaftStorage:Storage Directory /workdir/hadoop-ozone/integration-test/target/test-dir/MiniOzoneClusterImpl-67659162-a2b1-4c6f-a3f1-09d570d06e0f/datanode-2/data/ratis/764a1e22-e19a-4e25-896c-319a780dd72d
2019-10-01 03:39:05,886 [pool-383-thread-1] INFO  segmented.SegmentedRaftLogWorker (SegmentedRaftLogWorker.java:<init>(173)) - new b0362125-041a-412e-80f3-086761e28f3c@group-319A780DD72D-SegmentedRaftLogWorker for RaftStorage:Storage Directory /workdir/hadoop-ozone/integration-test/target/test-dir/MiniOzoneClusterImpl-67659162-a2b1-4c6f-a3f1-09d570d06e0f/datanode-0/data/ratis/764a1e22-e19a-4e25-896c-319a780dd72d
2019-10-01 03:39:05,887 [pool-403-thread-1] INFO  server.RaftServerConfigKeys (ConfUtils.java:logGet(43)) - raft.server.log.queue.byte-limit = 2147483647 (custom)
2019-10-01 03:39:05,887 [pool-393-thread-1] INFO  impl.RoleInfo (RoleInfo.java:updateAndGet(143)) - 1321ed38-012f-44a7-8ef8-897a57408968: start FollowerState
2019-10-01 03:39:05,887 [pool-403-thread-1] INFO  server.RaftServerConfigKeys (ConfUtils.java:logGet(43)) - raft.server.log.queue.element-limit = 1024 (custom)
2019-10-01 03:39:05,887 [pool-383-thread-1] INFO  server.RaftServerConfigKeys (ConfUtils.java:logGet(43)) - raft.server.log.queue.byte-limit = 2147483647 (custom)
2019-10-01 03:39:05,887 [pool-393-thread-1] INFO  util.JmxRegister (JmxRegister.java:tryRegister(44)) - Successfully registered JMX Bean with object name Ratis:service=RaftServer,group=group-319A780DD72D,id=1321ed38-012f-44a7-8ef8-897a57408968
2019-10-01 03:39:05,887 [pool-403-thread-1] INFO  server.RaftServerConfigKeys (ConfUtils.java:logGet(43)) - raft.server.log.segment.size.max = 1048576 (custom)
2019-10-01 03:39:05,888 [pool-383-thread-1] INFO  server.RaftServerConfigKeys (ConfUtils.java:logGet(43)) - raft.server.log.queue.element-limit = 1024 (custom)
2019-10-01 03:39:05,888 [pool-403-thread-1] INFO  server.RaftServerConfigKeys (ConfUtils.java:logGet(43)) - raft.server.log.preallocated.size = 16384 (custom)
2019-10-01 03:39:05,888 [pool-383-thread-1] INFO  server.RaftServerConfigKeys (ConfUtils.java:logGet(43)) - raft.server.log.segment.size.max = 1048576 (custom)
2019-10-01 03:39:05,888 [pool-403-thread-1] INFO  server.RaftServerConfigKeys (ConfUtils.java:logGet(43)) - raft.server.log.write.buffer.size = 33554432 (custom)
2019-10-01 03:39:05,888 [pool-383-thread-1] INFO  server.RaftServerConfigKeys (ConfUtils.java:logGet(43)) - raft.server.log.preallocated.size = 16384 (custom)
2019-10-01 03:39:05,888 [pool-403-thread-1] INFO  server.RaftServerConfigKeys (ConfUtils.java:logGet(43)) - raft.server.log.force.sync.num = 128 (default)
2019-10-01 03:39:05,888 [pool-403-thread-1] INFO  server.RaftServerConfigKeys (ConfUtils.java:logGet(43)) - raft.server.log.statemachine.data.sync = true (default)
2019-10-01 03:39:05,888 [pool-383-thread-1] INFO  server.RaftServerConfigKeys (ConfUtils.java:logGet(43)) - raft.server.log.write.buffer.size = 33554432 (custom)
2019-10-01 03:39:05,888 [pool-403-thread-1] INFO  server.RaftServerConfigKeys (ConfUtils.java:logGet(43)) - raft.server.log.statemachine.data.sync.timeout = 10s (default)
2019-10-01 03:39:05,889 [pool-383-thread-1] INFO  server.RaftServerConfigKeys (ConfUtils.java:logGet(43)) - raft.server.log.force.sync.num = 128 (default)
2019-10-01 03:39:05,889 [pool-403-thread-1] INFO  server.RaftServerConfigKeys (ConfUtils.java:logGet(43)) - raft.server.log.statemachine.data.sync.timeout.retry = -1 (default)
2019-10-01 03:39:05,889 [pool-383-thread-1] INFO  server.RaftServerConfigKeys (ConfUtils.java:logGet(43)) - raft.server.log.statemachine.data.sync = true (default)
2019-10-01 03:39:05,889 [pool-403-thread-1] INFO  server.RaftServerConfigKeys (ConfUtils.java:logGet(43)) - raft.server.log.statemachine.data.caching.enabled = true (custom)
2019-10-01 03:39:05,889 [pool-383-thread-1] INFO  server.RaftServerConfigKeys (ConfUtils.java:logGet(43)) - raft.server.log.statemachine.data.sync.timeout = 10s (default)
2019-10-01 03:39:05,889 [pool-383-thread-1] INFO  server.RaftServerConfigKeys (ConfUtils.java:logGet(43)) - raft.server.log.statemachine.data.sync.timeout.retry = -1 (default)
2019-10-01 03:39:05,889 [pool-403-thread-1] INFO  segmented.SegmentedRaftLogWorker (SegmentedRaftLogWorker.java:lambda$new$0(128)) - 467f3fdb-1a0d-4d86-8fd2-938cb172d61c@group-319A780DD72D-SegmentedRaftLogWorker: flushIndex: setUnconditionally 0 -> -1
2019-10-01 03:39:05,889 [pool-383-thread-1] INFO  server.RaftServerConfigKeys (ConfUtils.java:logGet(43)) - raft.server.log.statemachine.data.caching.enabled = true (custom)
2019-10-01 03:39:05,894 [pool-403-thread-1] INFO  server.RaftServerConfigKeys (ConfUtils.java:logGet(43)) - raft.server.snapshot.auto.trigger.enabled = true (custom)
2019-10-01 03:39:05,899 [pool-403-thread-1] INFO  server.RaftServerConfigKeys (ConfUtils.java:logGet(43)) - raft.server.snapshot.auto.trigger.threshold = 10000 (custom)
2019-10-01 03:39:05,899 [pool-383-thread-1] INFO  segmented.SegmentedRaftLogWorker (SegmentedRaftLogWorker.java:lambda$new$0(128)) - b0362125-041a-412e-80f3-086761e28f3c@group-319A780DD72D-SegmentedRaftLogWorker: flushIndex: setUnconditionally 0 -> -1
2019-10-01 03:39:05,899 [pool-403-thread-1] INFO  server.RaftServerConfigKeys (ConfUtils.java:logGet(43)) - raft.server.snapshot.retention.file.num = 5 (custom)
2019-10-01 03:39:05,899 [IPC Server handler 4 on 44202] INFO  net.NetworkTopology (NetworkTopologyImpl.java:add(111)) - Added a new node: /default-rack/a086a3c1-6899-4c45-b90a-aa11b3ab53ac
2019-10-01 03:39:05,899 [pool-403-thread-1] INFO  server.RaftServerConfigKeys (ConfUtils.java:logGet(43)) - raft.server.retrycache.expirytime = 600000ms (custom)
2019-10-01 03:39:05,899 [pool-383-thread-1] INFO  server.RaftServerConfigKeys (ConfUtils.java:logGet(43)) - raft.server.snapshot.auto.trigger.enabled = true (custom)
2019-10-01 03:39:05,900 [IPC Server handler 4 on 44202] INFO  node.SCMNodeManager (SCMNodeManager.java:register(266)) - Registered Data node : a086a3c1-6899-4c45-b90a-aa11b3ab53ac{ip: 192.168.151.109, host: pr-hdds-1984-zmhd5-2369693365, networkLocation: /default-rack, certSerialId: null}
2019-10-01 03:39:05,900 [pool-383-thread-1] INFO  server.RaftServerConfigKeys (ConfUtils.java:logGet(43)) - raft.server.snapshot.auto.trigger.threshold = 10000 (custom)
2019-10-01 03:39:05,900 [pool-383-thread-1] INFO  server.RaftServerConfigKeys (ConfUtils.java:logGet(43)) - raft.server.snapshot.retention.file.num = 5 (custom)
2019-10-01 03:39:05,900 [pool-383-thread-1] INFO  server.RaftServerConfigKeys (ConfUtils.java:logGet(43)) - raft.server.retrycache.expirytime = 600000ms (custom)
2019-10-01 03:39:05,902 [pool-403-thread-1] INFO  impl.RaftServerImpl (RaftServerImpl.java:start(181)) - 467f3fdb-1a0d-4d86-8fd2-938cb172d61c@group-319A780DD72D: start as a follower, conf=-1: [1321ed38-012f-44a7-8ef8-897a57408968:192.168.151.109:34624, b0362125-041a-412e-80f3-086761e28f3c:192.168.151.109:32769, 467f3fdb-1a0d-4d86-8fd2-938cb172d61c:192.168.151.109:42633], old=null
2019-10-01 03:39:05,902 [pool-383-thread-1] INFO  impl.RaftServerImpl (RaftServerImpl.java:start(181)) - b0362125-041a-412e-80f3-086761e28f3c@group-319A780DD72D: start as a follower, conf=-1: [1321ed38-012f-44a7-8ef8-897a57408968:192.168.151.109:34624, b0362125-041a-412e-80f3-086761e28f3c:192.168.151.109:32769, 467f3fdb-1a0d-4d86-8fd2-938cb172d61c:192.168.151.109:42633], old=null
2019-10-01 03:39:05,902 [pool-403-thread-1] INFO  impl.RaftServerImpl (RaftServerImpl.java:setRole(170)) - 467f3fdb-1a0d-4d86-8fd2-938cb172d61c@group-319A780DD72D: changes role from      null to FOLLOWER at term 0 for startAsFollower
2019-10-01 03:39:05,902 [pool-383-thread-1] INFO  impl.RaftServerImpl (RaftServerImpl.java:setRole(170)) - b0362125-041a-412e-80f3-086761e28f3c@group-319A780DD72D: changes role from      null to FOLLOWER at term 0 for startAsFollower
2019-10-01 03:39:05,903 [pool-403-thread-1] INFO  impl.RoleInfo (RoleInfo.java:updateAndGet(143)) - 467f3fdb-1a0d-4d86-8fd2-938cb172d61c: start FollowerState
2019-10-01 03:39:05,903 [pool-383-thread-1] INFO  impl.RoleInfo (RoleInfo.java:updateAndGet(143)) - b0362125-041a-412e-80f3-086761e28f3c: start FollowerState
2019-10-01 03:39:05,903 [pool-383-thread-1] INFO  util.JmxRegister (JmxRegister.java:tryRegister(44)) - Successfully registered JMX Bean with object name Ratis:service=RaftServer,group=group-319A780DD72D,id=b0362125-041a-412e-80f3-086761e28f3c
2019-10-01 03:39:05,903 [pool-403-thread-1] INFO  util.JmxRegister (JmxRegister.java:tryRegister(44)) - Successfully registered JMX Bean with object name Ratis:service=RaftServer,group=group-319A780DD72D,id=467f3fdb-1a0d-4d86-8fd2-938cb172d61c
2019-10-01 03:39:05,913 [RatisPipelineUtilsThread] INFO  pipeline.PipelineStateManager (PipelineStateManager.java:addPipeline(56)) - Created pipeline Pipeline[ Id: 764a1e22-e19a-4e25-896c-319a780dd72d, Nodes: 1321ed38-012f-44a7-8ef8-897a57408968{ip: 192.168.151.109, host: pr-hdds-1984-zmhd5-2369693365, networkLocation: /default-rack, certSerialId: null}b0362125-041a-412e-80f3-086761e28f3c{ip: 192.168.151.109, host: pr-hdds-1984-zmhd5-2369693365, networkLocation: /default-rack, certSerialId: null}467f3fdb-1a0d-4d86-8fd2-938cb172d61c{ip: 192.168.151.109, host: pr-hdds-1984-zmhd5-2369693365, networkLocation: /default-rack, certSerialId: null}, Type:RATIS, Factor:THREE, State:OPEN]
2019-10-01 03:39:05,980 [IPC Server handler 1 on 44202] INFO  net.NetworkTopology (NetworkTopologyImpl.java:add(111)) - Added a new node: /default-rack/9beb7b3c-1359-4ac3-8f27-ebb4469f4b69
2019-10-01 03:39:05,981 [IPC Server handler 1 on 44202] INFO  node.SCMNodeManager (SCMNodeManager.java:register(266)) - Registered Data node : 9beb7b3c-1359-4ac3-8f27-ebb4469f4b69{ip: 192.168.151.109, host: pr-hdds-1984-zmhd5-2369693365, networkLocation: /default-rack, certSerialId: null}
2019-10-01 03:39:05,988 [grpc-default-executor-6] INFO  impl.RaftServerProxy (RaftServerProxy.java:addNew(89)) - a086a3c1-6899-4c45-b90a-aa11b3ab53ac: addNew group-36D60F2216D9:[a086a3c1-6899-4c45-b90a-aa11b3ab53ac:192.168.151.109:46684] returns group-36D60F2216D9:java.util.concurrent.CompletableFuture@44efcfbe[Not completed]
2019-10-01 03:39:05,992 [pool-413-thread-1] INFO  impl.RaftServerImpl (RaftServerImpl.java:<init>(95)) - a086a3c1-6899-4c45-b90a-aa11b3ab53ac: new RaftServerImpl for group-36D60F2216D9:[a086a3c1-6899-4c45-b90a-aa11b3ab53ac:192.168.151.109:46684] with ContainerStateMachine:uninitialized
2019-10-01 03:39:05,992 [pool-413-thread-1] INFO  server.RaftServerConfigKeys (ConfUtils.java:logGet(43)) - raft.server.rpc.timeout.min = 5s (custom)
2019-10-01 03:39:05,992 [pool-413-thread-1] INFO  server.RaftServerConfigKeys (ConfUtils.java:logGet(43)) - raft.server.rpc.timeout.max = 5200ms (custom)
2019-10-01 03:39:05,992 [pool-413-thread-1] INFO  server.RaftServerConfigKeys (ConfUtils.java:logGet(43)) - raft.server.rpcslowness.timeout = 120s (custom)
2019-10-01 03:39:05,992 [pool-413-thread-1] INFO  server.RaftServerConfigKeys (ConfUtils.java:logGet(43)) - raft.server.sleep.deviation.threshold = 300 (default)
2019-10-01 03:39:05,992 [pool-413-thread-1] INFO  server.RaftServerConfigKeys (ConfUtils.java:logGet(43)) - raft.server.log.appender.install.snapshot.enabled = false (custom)
2019-10-01 03:39:05,992 [pool-413-thread-1] INFO  impl.RaftServerImpl (ServerState.java:<init>(103)) - a086a3c1-6899-4c45-b90a-aa11b3ab53ac@group-36D60F2216D9: ConfigurationManager, init=-1: [a086a3c1-6899-4c45-b90a-aa11b3ab53ac:192.168.151.109:46684], old=null, confs=<EMPTY_MAP>
2019-10-01 03:39:05,992 [pool-413-thread-1] INFO  server.RaftServerConfigKeys (ConfUtils.java:logGet(43)) - raft.server.storage.dir = [/workdir/hadoop-ozone/integration-test/target/test-dir/MiniOzoneClusterImpl-67659162-a2b1-4c6f-a3f1-09d570d06e0f/datanode-3/data/ratis] (custom)
2019-10-01 03:39:05,993 [pool-413-thread-1] INFO  server.RaftServerConfigKeys (ConfUtils.java:logGet(43)) - raft.server.log.corruption.policy = EXCEPTION (default)
2019-10-01 03:39:05,993 [pool-413-thread-1] INFO  storage.RaftStorageDirectory (RaftStorageDirectory.java:analyzeStorage(246)) - The storage directory /workdir/hadoop-ozone/integration-test/target/test-dir/MiniOzoneClusterImpl-67659162-a2b1-4c6f-a3f1-09d570d06e0f/datanode-3/data/ratis/1379d0eb-4322-4acf-9798-36d60f2216d9 does not exist. Creating ...
2019-10-01 03:39:06,005 [pool-413-thread-1] INFO  storage.RaftStorageDirectory (RaftStorageDirectory.java:tryLock(328)) - Lock on /workdir/hadoop-ozone/integration-test/target/test-dir/MiniOzoneClusterImpl-67659162-a2b1-4c6f-a3f1-09d570d06e0f/datanode-3/data/ratis/1379d0eb-4322-4acf-9798-36d60f2216d9/in_use.lock acquired by nodename 20914@pr-hdds-1984-zmhd5-2369693365
2019-10-01 03:39:06,018 [pool-413-thread-1] INFO  storage.RaftStorage (RaftStorage.java:format(84)) - Storage directory /workdir/hadoop-ozone/integration-test/target/test-dir/MiniOzoneClusterImpl-67659162-a2b1-4c6f-a3f1-09d570d06e0f/datanode-3/data/ratis/1379d0eb-4322-4acf-9798-36d60f2216d9 has been successfully formatted.
2019-10-01 03:39:06,018 [pool-413-thread-1] INFO  ratis.ContainerStateMachine (ContainerStateMachine.java:loadSnapshot(230)) - group-36D60F2216D9: The snapshot info is null. Setting the last applied indexto:(t:0, i:~)
2019-10-01 03:39:06,019 [pool-413-thread-1] INFO  server.RaftServerConfigKeys (ConfUtils.java:logGet(43)) - raft.server.notification.no-leader.timeout = 120s (custom)
2019-10-01 03:39:06,019 [pool-413-thread-1] INFO  server.RaftServerConfigKeys (ConfUtils.java:logGet(43)) - raft.server.log.use.memory = false (default)
2019-10-01 03:39:06,019 [pool-413-thread-1] INFO  server.RaftServerConfigKeys (ConfUtils.java:logGet(43)) - raft.server.log.purge.gap = 1000000 (custom)
2019-10-01 03:39:06,019 [pool-413-thread-1] INFO  server.RaftServerConfigKeys (ConfUtils.java:logGet(43)) - raft.server.log.appender.buffer.byte-limit = 33554432 (custom)
2019-10-01 03:39:06,019 [pool-413-thread-1] INFO  server.RaftServerConfigKeys (ConfUtils.java:logGet(43)) - raft.server.log.segment.size.max = 1048576 (custom)
2019-10-01 03:39:06,022 [pool-413-thread-1] INFO  server.RaftServerConfigKeys (ConfUtils.java:logGet(43)) - raft.server.log.segment.cache.num.max = 2 (custom)
2019-10-01 03:39:06,023 [pool-413-thread-1] INFO  segmented.SegmentedRaftLogWorker (SegmentedRaftLogWorker.java:<init>(173)) - new a086a3c1-6899-4c45-b90a-aa11b3ab53ac@group-36D60F2216D9-SegmentedRaftLogWorker for RaftStorage:Storage Directory /workdir/hadoop-ozone/integration-test/target/test-dir/MiniOzoneClusterImpl-67659162-a2b1-4c6f-a3f1-09d570d06e0f/datanode-3/data/ratis/1379d0eb-4322-4acf-9798-36d60f2216d9
2019-10-01 03:39:06,023 [pool-413-thread-1] INFO  server.RaftServerConfigKeys (ConfUtils.java:logGet(43)) - raft.server.log.queue.byte-limit = 2147483647 (custom)
2019-10-01 03:39:06,023 [pool-413-thread-1] INFO  server.RaftServerConfigKeys (ConfUtils.java:logGet(43)) - raft.server.log.queue.element-limit = 1024 (custom)
2019-10-01 03:39:06,023 [pool-413-thread-1] INFO  server.RaftServerConfigKeys (ConfUtils.java:logGet(43)) - raft.server.log.segment.size.max = 1048576 (custom)
2019-10-01 03:39:06,023 [pool-413-thread-1] INFO  server.RaftServerConfigKeys (ConfUtils.java:logGet(43)) - raft.server.log.preallocated.size = 16384 (custom)
2019-10-01 03:39:06,023 [pool-413-thread-1] INFO  server.RaftServerConfigKeys (ConfUtils.java:logGet(43)) - raft.server.log.write.buffer.size = 33554432 (custom)
2019-10-01 03:39:06,023 [pool-413-thread-1] INFO  server.RaftServerConfigKeys (ConfUtils.java:logGet(43)) - raft.server.log.force.sync.num = 128 (default)
2019-10-01 03:39:06,023 [pool-413-thread-1] INFO  server.RaftServerConfigKeys (ConfUtils.java:logGet(43)) - raft.server.log.statemachine.data.sync = true (default)
2019-10-01 03:39:06,024 [pool-413-thread-1] INFO  server.RaftServerConfigKeys (ConfUtils.java:logGet(43)) - raft.server.log.statemachine.data.sync.timeout = 10s (default)
2019-10-01 03:39:06,024 [pool-413-thread-1] INFO  server.RaftServerConfigKeys (ConfUtils.java:logGet(43)) - raft.server.log.statemachine.data.sync.timeout.retry = -1 (default)
2019-10-01 03:39:06,024 [pool-413-thread-1] INFO  server.RaftServerConfigKeys (ConfUtils.java:logGet(43)) - raft.server.log.statemachine.data.caching.enabled = true (custom)
2019-10-01 03:39:06,024 [pool-413-thread-1] INFO  segmented.SegmentedRaftLogWorker (SegmentedRaftLogWorker.java:lambda$new$0(128)) - a086a3c1-6899-4c45-b90a-aa11b3ab53ac@group-36D60F2216D9-SegmentedRaftLogWorker: flushIndex: setUnconditionally 0 -> -1
2019-10-01 03:39:06,025 [pool-413-thread-1] INFO  server.RaftServerConfigKeys (ConfUtils.java:logGet(43)) - raft.server.snapshot.auto.trigger.enabled = true (custom)
2019-10-01 03:39:06,025 [pool-413-thread-1] INFO  server.RaftServerConfigKeys (ConfUtils.java:logGet(43)) - raft.server.snapshot.auto.trigger.threshold = 10000 (custom)
2019-10-01 03:39:06,025 [pool-413-thread-1] INFO  server.RaftServerConfigKeys (ConfUtils.java:logGet(43)) - raft.server.snapshot.retention.file.num = 5 (custom)
2019-10-01 03:39:06,025 [pool-413-thread-1] INFO  server.RaftServerConfigKeys (ConfUtils.java:logGet(43)) - raft.server.retrycache.expirytime = 600000ms (custom)
2019-10-01 03:39:06,027 [pool-413-thread-1] INFO  impl.RaftServerImpl (RaftServerImpl.java:start(181)) - a086a3c1-6899-4c45-b90a-aa11b3ab53ac@group-36D60F2216D9: start as a follower, conf=-1: [a086a3c1-6899-4c45-b90a-aa11b3ab53ac:192.168.151.109:46684], old=null
2019-10-01 03:39:06,027 [pool-413-thread-1] INFO  impl.RaftServerImpl (RaftServerImpl.java:setRole(170)) - a086a3c1-6899-4c45-b90a-aa11b3ab53ac@group-36D60F2216D9: changes role from      null to FOLLOWER at term 0 for startAsFollower
2019-10-01 03:39:06,027 [pool-413-thread-1] INFO  impl.RoleInfo (RoleInfo.java:updateAndGet(143)) - a086a3c1-6899-4c45-b90a-aa11b3ab53ac: start FollowerState
2019-10-01 03:39:06,027 [pool-413-thread-1] INFO  util.JmxRegister (JmxRegister.java:tryRegister(44)) - Successfully registered JMX Bean with object name Ratis:service=RaftServer,group=group-36D60F2216D9,id=a086a3c1-6899-4c45-b90a-aa11b3ab53ac
2019-10-01 03:39:06,036 [RatisPipelineUtilsThread] INFO  pipeline.PipelineStateManager (PipelineStateManager.java:addPipeline(56)) - Created pipeline Pipeline[ Id: 1379d0eb-4322-4acf-9798-36d60f2216d9, Nodes: a086a3c1-6899-4c45-b90a-aa11b3ab53ac{ip: 192.168.151.109, host: pr-hdds-1984-zmhd5-2369693365, networkLocation: /default-rack, certSerialId: null}, Type:RATIS, Factor:ONE, State:OPEN]
2019-10-01 03:39:06,043 [grpc-default-executor-6] INFO  impl.RaftServerProxy (RaftServerProxy.java:addNew(89)) - 9beb7b3c-1359-4ac3-8f27-ebb4469f4b69: addNew group-732F77924AF3:[9beb7b3c-1359-4ac3-8f27-ebb4469f4b69:192.168.151.109:46847] returns group-732F77924AF3:java.util.concurrent.CompletableFuture@344fd1b9[Not completed]
2019-10-01 03:39:06,045 [pool-423-thread-1] INFO  impl.RaftServerImpl (RaftServerImpl.java:<init>(95)) - 9beb7b3c-1359-4ac3-8f27-ebb4469f4b69: new RaftServerImpl for group-732F77924AF3:[9beb7b3c-1359-4ac3-8f27-ebb4469f4b69:192.168.151.109:46847] with ContainerStateMachine:uninitialized
2019-10-01 03:39:06,045 [pool-423-thread-1] INFO  server.RaftServerConfigKeys (ConfUtils.java:logGet(43)) - raft.server.rpc.timeout.min = 5s (custom)
2019-10-01 03:39:06,045 [pool-423-thread-1] INFO  server.RaftServerConfigKeys (ConfUtils.java:logGet(43)) - raft.server.rpc.timeout.max = 5200ms (custom)
2019-10-01 03:39:06,045 [pool-423-thread-1] INFO  server.RaftServerConfigKeys (ConfUtils.java:logGet(43)) - raft.server.rpcslowness.timeout = 120s (custom)
2019-10-01 03:39:06,045 [pool-423-thread-1] INFO  server.RaftServerConfigKeys (ConfUtils.java:logGet(43)) - raft.server.sleep.deviation.threshold = 300 (default)
2019-10-01 03:39:06,045 [pool-423-thread-1] INFO  server.RaftServerConfigKeys (ConfUtils.java:logGet(43)) - raft.server.log.appender.install.snapshot.enabled = false (custom)
2019-10-01 03:39:06,045 [pool-423-thread-1] INFO  impl.RaftServerImpl (ServerState.java:<init>(103)) - 9beb7b3c-1359-4ac3-8f27-ebb4469f4b69@group-732F77924AF3: ConfigurationManager, init=-1: [9beb7b3c-1359-4ac3-8f27-ebb4469f4b69:192.168.151.109:46847], old=null, confs=<EMPTY_MAP>
2019-10-01 03:39:06,045 [pool-423-thread-1] INFO  server.RaftServerConfigKeys (ConfUtils.java:logGet(43)) - raft.server.storage.dir = [/workdir/hadoop-ozone/integration-test/target/test-dir/MiniOzoneClusterImpl-67659162-a2b1-4c6f-a3f1-09d570d06e0f/datanode-4/data/ratis] (custom)
2019-10-01 03:39:06,045 [pool-423-thread-1] INFO  server.RaftServerConfigKeys (ConfUtils.java:logGet(43)) - raft.server.log.corruption.policy = EXCEPTION (default)
2019-10-01 03:39:06,046 [pool-423-thread-1] INFO  storage.RaftStorageDirectory (RaftStorageDirectory.java:analyzeStorage(246)) - The storage directory /workdir/hadoop-ozone/integration-test/target/test-dir/MiniOzoneClusterImpl-67659162-a2b1-4c6f-a3f1-09d570d06e0f/datanode-4/data/ratis/ea34b850-d5a4-423f-8bc5-732f77924af3 does not exist. Creating ...
2019-10-01 03:39:06,058 [pool-423-thread-1] INFO  storage.RaftStorageDirectory (RaftStorageDirectory.java:tryLock(328)) - Lock on /workdir/hadoop-ozone/integration-test/target/test-dir/MiniOzoneClusterImpl-67659162-a2b1-4c6f-a3f1-09d570d06e0f/datanode-4/data/ratis/ea34b850-d5a4-423f-8bc5-732f77924af3/in_use.lock acquired by nodename 20914@pr-hdds-1984-zmhd5-2369693365
2019-10-01 03:39:06,066 [IPC Server handler 7 on 44202] INFO  net.NetworkTopology (NetworkTopologyImpl.java:add(111)) - Added a new node: /default-rack/562e05b5-b7ec-4d88-9d19-fe27da8d8ac0
2019-10-01 03:39:06,066 [IPC Server handler 7 on 44202] INFO  node.SCMNodeManager (SCMNodeManager.java:register(266)) - Registered Data node : 562e05b5-b7ec-4d88-9d19-fe27da8d8ac0{ip: 192.168.151.109, host: pr-hdds-1984-zmhd5-2369693365, networkLocation: /default-rack, certSerialId: null}
2019-10-01 03:39:06,072 [pool-423-thread-1] INFO  storage.RaftStorage (RaftStorage.java:format(84)) - Storage directory /workdir/hadoop-ozone/integration-test/target/test-dir/MiniOzoneClusterImpl-67659162-a2b1-4c6f-a3f1-09d570d06e0f/datanode-4/data/ratis/ea34b850-d5a4-423f-8bc5-732f77924af3 has been successfully formatted.
2019-10-01 03:39:06,072 [pool-423-thread-1] INFO  ratis.ContainerStateMachine (ContainerStateMachine.java:loadSnapshot(230)) - group-732F77924AF3: The snapshot info is null. Setting the last applied indexto:(t:0, i:~)
2019-10-01 03:39:06,072 [pool-423-thread-1] INFO  server.RaftServerConfigKeys (ConfUtils.java:logGet(43)) - raft.server.notification.no-leader.timeout = 120s (custom)
2019-10-01 03:39:06,072 [pool-423-thread-1] INFO  server.RaftServerConfigKeys (ConfUtils.java:logGet(43)) - raft.server.log.use.memory = false (default)
2019-10-01 03:39:06,072 [pool-423-thread-1] INFO  server.RaftServerConfigKeys (ConfUtils.java:logGet(43)) - raft.server.log.purge.gap = 1000000 (custom)
2019-10-01 03:39:06,073 [pool-423-thread-1] INFO  server.RaftServerConfigKeys (ConfUtils.java:logGet(43)) - raft.server.log.appender.buffer.byte-limit = 33554432 (custom)
2019-10-01 03:39:06,073 [pool-423-thread-1] INFO  server.RaftServerConfigKeys (ConfUtils.java:logGet(43)) - raft.server.log.segment.size.max = 1048576 (custom)
2019-10-01 03:39:06,074 [pool-423-thread-1] INFO  server.RaftServerConfigKeys (ConfUtils.java:logGet(43)) - raft.server.log.segment.cache.num.max = 2 (custom)
2019-10-01 03:39:06,074 [pool-423-thread-1] INFO  segmented.SegmentedRaftLogWorker (SegmentedRaftLogWorker.java:<init>(173)) - new 9beb7b3c-1359-4ac3-8f27-ebb4469f4b69@group-732F77924AF3-SegmentedRaftLogWorker for RaftStorage:Storage Directory /workdir/hadoop-ozone/integration-test/target/test-dir/MiniOzoneClusterImpl-67659162-a2b1-4c6f-a3f1-09d570d06e0f/datanode-4/data/ratis/ea34b850-d5a4-423f-8bc5-732f77924af3
2019-10-01 03:39:06,074 [pool-423-thread-1] INFO  server.RaftServerConfigKeys (ConfUtils.java:logGet(43)) - raft.server.log.queue.byte-limit = 2147483647 (custom)
2019-10-01 03:39:06,074 [pool-423-thread-1] INFO  server.RaftServerConfigKeys (ConfUtils.java:logGet(43)) - raft.server.log.queue.element-limit = 1024 (custom)
2019-10-01 03:39:06,074 [pool-423-thread-1] INFO  server.RaftServerConfigKeys (ConfUtils.java:logGet(43)) - raft.server.log.segment.size.max = 1048576 (custom)
2019-10-01 03:39:06,074 [pool-423-thread-1] INFO  server.RaftServerConfigKeys (ConfUtils.java:logGet(43)) - raft.server.log.preallocated.size = 16384 (custom)
2019-10-01 03:39:06,074 [pool-423-thread-1] INFO  server.RaftServerConfigKeys (ConfUtils.java:logGet(43)) - raft.server.log.write.buffer.size = 33554432 (custom)
2019-10-01 03:39:06,074 [pool-423-thread-1] INFO  server.RaftServerConfigKeys (ConfUtils.java:logGet(43)) - raft.server.log.force.sync.num = 128 (default)
2019-10-01 03:39:06,074 [pool-423-thread-1] INFO  server.RaftServerConfigKeys (ConfUtils.java:logGet(43)) - raft.server.log.statemachine.data.sync = true (default)
2019-10-01 03:39:06,074 [pool-423-thread-1] INFO  server.RaftServerConfigKeys (ConfUtils.java:logGet(43)) - raft.server.log.statemachine.data.sync.timeout = 10s (default)
2019-10-01 03:39:06,075 [pool-423-thread-1] INFO  server.RaftServerConfigKeys (ConfUtils.java:logGet(43)) - raft.server.log.statemachine.data.sync.timeout.retry = -1 (default)
2019-10-01 03:39:06,075 [pool-423-thread-1] INFO  server.RaftServerConfigKeys (ConfUtils.java:logGet(43)) - raft.server.log.statemachine.data.caching.enabled = true (custom)
2019-10-01 03:39:06,075 [pool-423-thread-1] INFO  segmented.SegmentedRaftLogWorker (SegmentedRaftLogWorker.java:lambda$new$0(128)) - 9beb7b3c-1359-4ac3-8f27-ebb4469f4b69@group-732F77924AF3-SegmentedRaftLogWorker: flushIndex: setUnconditionally 0 -> -1
2019-10-01 03:39:06,075 [pool-423-thread-1] INFO  server.RaftServerConfigKeys (ConfUtils.java:logGet(43)) - raft.server.snapshot.auto.trigger.enabled = true (custom)
2019-10-01 03:39:06,075 [pool-423-thread-1] INFO  server.RaftServerConfigKeys (ConfUtils.java:logGet(43)) - raft.server.snapshot.auto.trigger.threshold = 10000 (custom)
2019-10-01 03:39:06,075 [pool-423-thread-1] INFO  server.RaftServerConfigKeys (ConfUtils.java:logGet(43)) - raft.server.snapshot.retention.file.num = 5 (custom)
2019-10-01 03:39:06,075 [pool-423-thread-1] INFO  server.RaftServerConfigKeys (ConfUtils.java:logGet(43)) - raft.server.retrycache.expirytime = 600000ms (custom)
2019-10-01 03:39:06,077 [pool-423-thread-1] INFO  impl.RaftServerImpl (RaftServerImpl.java:start(181)) - 9beb7b3c-1359-4ac3-8f27-ebb4469f4b69@group-732F77924AF3: start as a follower, conf=-1: [9beb7b3c-1359-4ac3-8f27-ebb4469f4b69:192.168.151.109:46847], old=null
2019-10-01 03:39:06,077 [pool-423-thread-1] INFO  impl.RaftServerImpl (RaftServerImpl.java:setRole(170)) - 9beb7b3c-1359-4ac3-8f27-ebb4469f4b69@group-732F77924AF3: changes role from      null to FOLLOWER at term 0 for startAsFollower
2019-10-01 03:39:06,077 [pool-423-thread-1] INFO  impl.RoleInfo (RoleInfo.java:updateAndGet(143)) - 9beb7b3c-1359-4ac3-8f27-ebb4469f4b69: start FollowerState
2019-10-01 03:39:06,077 [pool-423-thread-1] INFO  util.JmxRegister (JmxRegister.java:tryRegister(44)) - Successfully registered JMX Bean with object name Ratis:service=RaftServer,group=group-732F77924AF3,id=9beb7b3c-1359-4ac3-8f27-ebb4469f4b69
2019-10-01 03:39:06,084 [RatisPipelineUtilsThread] INFO  pipeline.PipelineStateManager (PipelineStateManager.java:addPipeline(56)) - Created pipeline Pipeline[ Id: ea34b850-d5a4-423f-8bc5-732f77924af3, Nodes: 9beb7b3c-1359-4ac3-8f27-ebb4469f4b69{ip: 192.168.151.109, host: pr-hdds-1984-zmhd5-2369693365, networkLocation: /default-rack, certSerialId: null}, Type:RATIS, Factor:ONE, State:OPEN]
2019-10-01 03:39:06,090 [grpc-default-executor-6] INFO  impl.RaftServerProxy (RaftServerProxy.java:addNew(89)) - 562e05b5-b7ec-4d88-9d19-fe27da8d8ac0: addNew group-AB25BC85E80B:[562e05b5-b7ec-4d88-9d19-fe27da8d8ac0:192.168.151.109:36237] returns group-AB25BC85E80B:java.util.concurrent.CompletableFuture@1b07ee79[Not completed]
2019-10-01 03:39:06,091 [pool-433-thread-1] INFO  impl.RaftServerImpl (RaftServerImpl.java:<init>(95)) - 562e05b5-b7ec-4d88-9d19-fe27da8d8ac0: new RaftServerImpl for group-AB25BC85E80B:[562e05b5-b7ec-4d88-9d19-fe27da8d8ac0:192.168.151.109:36237] with ContainerStateMachine:uninitialized
2019-10-01 03:39:06,091 [pool-433-thread-1] INFO  server.RaftServerConfigKeys (ConfUtils.java:logGet(43)) - raft.server.rpc.timeout.min = 5s (custom)
2019-10-01 03:39:06,091 [pool-433-thread-1] INFO  server.RaftServerConfigKeys (ConfUtils.java:logGet(43)) - raft.server.rpc.timeout.max = 5200ms (custom)
2019-10-01 03:39:06,092 [pool-433-thread-1] INFO  server.RaftServerConfigKeys (ConfUtils.java:logGet(43)) - raft.server.rpcslowness.timeout = 120s (custom)
2019-10-01 03:39:06,092 [pool-433-thread-1] INFO  server.RaftServerConfigKeys (ConfUtils.java:logGet(43)) - raft.server.sleep.deviation.threshold = 300 (default)
2019-10-01 03:39:06,092 [pool-433-thread-1] INFO  server.RaftServerConfigKeys (ConfUtils.java:logGet(43)) - raft.server.log.appender.install.snapshot.enabled = false (custom)
2019-10-01 03:39:06,092 [pool-433-thread-1] INFO  impl.RaftServerImpl (ServerState.java:<init>(103)) - 562e05b5-b7ec-4d88-9d19-fe27da8d8ac0@group-AB25BC85E80B: ConfigurationManager, init=-1: [562e05b5-b7ec-4d88-9d19-fe27da8d8ac0:192.168.151.109:36237], old=null, confs=<EMPTY_MAP>
2019-10-01 03:39:06,092 [pool-433-thread-1] INFO  server.RaftServerConfigKeys (ConfUtils.java:logGet(43)) - raft.server.storage.dir = [/workdir/hadoop-ozone/integration-test/target/test-dir/MiniOzoneClusterImpl-67659162-a2b1-4c6f-a3f1-09d570d06e0f/datanode-5/data/ratis] (custom)
2019-10-01 03:39:06,092 [pool-433-thread-1] INFO  server.RaftServerConfigKeys (ConfUtils.java:logGet(43)) - raft.server.log.corruption.policy = EXCEPTION (default)
2019-10-01 03:39:06,092 [pool-433-thread-1] INFO  storage.RaftStorageDirectory (RaftStorageDirectory.java:analyzeStorage(246)) - The storage directory /workdir/hadoop-ozone/integration-test/target/test-dir/MiniOzoneClusterImpl-67659162-a2b1-4c6f-a3f1-09d570d06e0f/datanode-5/data/ratis/14a263d4-514b-4fed-b14b-ab25bc85e80b does not exist. Creating ...
2019-10-01 03:39:06,105 [pool-433-thread-1] INFO  storage.RaftStorageDirectory (RaftStorageDirectory.java:tryLock(328)) - Lock on /workdir/hadoop-ozone/integration-test/target/test-dir/MiniOzoneClusterImpl-67659162-a2b1-4c6f-a3f1-09d570d06e0f/datanode-5/data/ratis/14a263d4-514b-4fed-b14b-ab25bc85e80b/in_use.lock acquired by nodename 20914@pr-hdds-1984-zmhd5-2369693365
2019-10-01 03:39:06,117 [pool-433-thread-1] INFO  storage.RaftStorage (RaftStorage.java:format(84)) - Storage directory /workdir/hadoop-ozone/integration-test/target/test-dir/MiniOzoneClusterImpl-67659162-a2b1-4c6f-a3f1-09d570d06e0f/datanode-5/data/ratis/14a263d4-514b-4fed-b14b-ab25bc85e80b has been successfully formatted.
2019-10-01 03:39:06,117 [pool-433-thread-1] INFO  ratis.ContainerStateMachine (ContainerStateMachine.java:loadSnapshot(230)) - group-AB25BC85E80B: The snapshot info is null. Setting the last applied indexto:(t:0, i:~)
2019-10-01 03:39:06,118 [pool-433-thread-1] INFO  server.RaftServerConfigKeys (ConfUtils.java:logGet(43)) - raft.server.notification.no-leader.timeout = 120s (custom)
2019-10-01 03:39:06,118 [pool-433-thread-1] INFO  server.RaftServerConfigKeys (ConfUtils.java:logGet(43)) - raft.server.log.use.memory = false (default)
2019-10-01 03:39:06,118 [pool-433-thread-1] INFO  server.RaftServerConfigKeys (ConfUtils.java:logGet(43)) - raft.server.log.purge.gap = 1000000 (custom)
2019-10-01 03:39:06,118 [pool-433-thread-1] INFO  server.RaftServerConfigKeys (ConfUtils.java:logGet(43)) - raft.server.log.appender.buffer.byte-limit = 33554432 (custom)
2019-10-01 03:39:06,118 [pool-433-thread-1] INFO  server.RaftServerConfigKeys (ConfUtils.java:logGet(43)) - raft.server.log.segment.size.max = 1048576 (custom)
2019-10-01 03:39:06,119 [pool-433-thread-1] INFO  server.RaftServerConfigKeys (ConfUtils.java:logGet(43)) - raft.server.log.segment.cache.num.max = 2 (custom)
2019-10-01 03:39:06,119 [pool-433-thread-1] INFO  segmented.SegmentedRaftLogWorker (SegmentedRaftLogWorker.java:<init>(173)) - new 562e05b5-b7ec-4d88-9d19-fe27da8d8ac0@group-AB25BC85E80B-SegmentedRaftLogWorker for RaftStorage:Storage Directory /workdir/hadoop-ozone/integration-test/target/test-dir/MiniOzoneClusterImpl-67659162-a2b1-4c6f-a3f1-09d570d06e0f/datanode-5/data/ratis/14a263d4-514b-4fed-b14b-ab25bc85e80b
2019-10-01 03:39:06,119 [pool-433-thread-1] INFO  server.RaftServerConfigKeys (ConfUtils.java:logGet(43)) - raft.server.log.queue.byte-limit = 2147483647 (custom)
2019-10-01 03:39:06,119 [pool-433-thread-1] INFO  server.RaftServerConfigKeys (ConfUtils.java:logGet(43)) - raft.server.log.queue.element-limit = 1024 (custom)
2019-10-01 03:39:06,119 [pool-433-thread-1] INFO  server.RaftServerConfigKeys (ConfUtils.java:logGet(43)) - raft.server.log.segment.size.max = 1048576 (custom)
2019-10-01 03:39:06,119 [pool-433-thread-1] INFO  server.RaftServerConfigKeys (ConfUtils.java:logGet(43)) - raft.server.log.preallocated.size = 16384 (custom)
2019-10-01 03:39:06,120 [pool-433-thread-1] INFO  server.RaftServerConfigKeys (ConfUtils.java:logGet(43)) - raft.server.log.write.buffer.size = 33554432 (custom)
2019-10-01 03:39:06,120 [pool-433-thread-1] INFO  server.RaftServerConfigKeys (ConfUtils.java:logGet(43)) - raft.server.log.force.sync.num = 128 (default)
2019-10-01 03:39:06,120 [pool-433-thread-1] INFO  server.RaftServerConfigKeys (ConfUtils.java:logGet(43)) - raft.server.log.statemachine.data.sync = true (default)
2019-10-01 03:39:06,120 [pool-433-thread-1] INFO  server.RaftServerConfigKeys (ConfUtils.java:logGet(43)) - raft.server.log.statemachine.data.sync.timeout = 10s (default)
2019-10-01 03:39:06,120 [pool-433-thread-1] INFO  server.RaftServerConfigKeys (ConfUtils.java:logGet(43)) - raft.server.log.statemachine.data.sync.timeout.retry = -1 (default)
2019-10-01 03:39:06,120 [pool-433-thread-1] INFO  server.RaftServerConfigKeys (ConfUtils.java:logGet(43)) - raft.server.log.statemachine.data.caching.enabled = true (custom)
2019-10-01 03:39:06,120 [pool-433-thread-1] INFO  segmented.SegmentedRaftLogWorker (SegmentedRaftLogWorker.java:lambda$new$0(128)) - 562e05b5-b7ec-4d88-9d19-fe27da8d8ac0@group-AB25BC85E80B-SegmentedRaftLogWorker: flushIndex: setUnconditionally 0 -> -1
2019-10-01 03:39:06,120 [pool-433-thread-1] INFO  server.RaftServerConfigKeys (ConfUtils.java:logGet(43)) - raft.server.snapshot.auto.trigger.enabled = true (custom)
2019-10-01 03:39:06,121 [pool-433-thread-1] INFO  server.RaftServerConfigKeys (ConfUtils.java:logGet(43)) - raft.server.snapshot.auto.trigger.threshold = 10000 (custom)
2019-10-01 03:39:06,121 [pool-433-thread-1] INFO  server.RaftServerConfigKeys (ConfUtils.java:logGet(43)) - raft.server.snapshot.retention.file.num = 5 (custom)
2019-10-01 03:39:06,121 [pool-433-thread-1] INFO  server.RaftServerConfigKeys (ConfUtils.java:logGet(43)) - raft.server.retrycache.expirytime = 600000ms (custom)
2019-10-01 03:39:06,122 [pool-433-thread-1] INFO  impl.RaftServerImpl (RaftServerImpl.java:start(181)) - 562e05b5-b7ec-4d88-9d19-fe27da8d8ac0@group-AB25BC85E80B: start as a follower, conf=-1: [562e05b5-b7ec-4d88-9d19-fe27da8d8ac0:192.168.151.109:36237], old=null
2019-10-01 03:39:06,122 [pool-433-thread-1] INFO  impl.RaftServerImpl (RaftServerImpl.java:setRole(170)) - 562e05b5-b7ec-4d88-9d19-fe27da8d8ac0@group-AB25BC85E80B: changes role from      null to FOLLOWER at term 0 for startAsFollower
2019-10-01 03:39:06,122 [pool-433-thread-1] INFO  impl.RoleInfo (RoleInfo.java:updateAndGet(143)) - 562e05b5-b7ec-4d88-9d19-fe27da8d8ac0: start FollowerState
2019-10-01 03:39:06,122 [pool-433-thread-1] INFO  util.JmxRegister (JmxRegister.java:tryRegister(44)) - Successfully registered JMX Bean with object name Ratis:service=RaftServer,group=group-AB25BC85E80B,id=562e05b5-b7ec-4d88-9d19-fe27da8d8ac0
2019-10-01 03:39:06,129 [RatisPipelineUtilsThread] INFO  pipeline.PipelineStateManager (PipelineStateManager.java:addPipeline(56)) - Created pipeline Pipeline[ Id: 14a263d4-514b-4fed-b14b-ab25bc85e80b, Nodes: 562e05b5-b7ec-4d88-9d19-fe27da8d8ac0{ip: 192.168.151.109, host: pr-hdds-1984-zmhd5-2369693365, networkLocation: /default-rack, certSerialId: null}, Type:RATIS, Factor:ONE, State:OPEN]
2019-10-01 03:39:06,134 [main] INFO  ozone.MiniOzoneClusterImpl (MiniOzoneClusterImpl.java:lambda$waitForClusterToBeReady$0(147)) - Waiting for cluster to be ready. Got 6 of 7 DN Heartbeats.
2019-10-01 03:39:06,137 [IPC Server handler 2 on 44202] INFO  net.NetworkTopology (NetworkTopologyImpl.java:add(111)) - Added a new node: /default-rack/704d377f-022e-4784-8c75-60089d79e0d5
2019-10-01 03:39:06,138 [IPC Server handler 2 on 44202] INFO  node.SCMNodeManager (SCMNodeManager.java:register(266)) - Registered Data node : 704d377f-022e-4784-8c75-60089d79e0d5{ip: 192.168.151.109, host: pr-hdds-1984-zmhd5-2369693365, networkLocation: /default-rack, certSerialId: null}
2019-10-01 03:39:06,144 [grpc-default-executor-6] INFO  impl.RaftServerProxy (RaftServerProxy.java:addNew(89)) - 9beb7b3c-1359-4ac3-8f27-ebb4469f4b69: addNew group-9620F88608F8:[a086a3c1-6899-4c45-b90a-aa11b3ab53ac:192.168.151.109:46684, 9beb7b3c-1359-4ac3-8f27-ebb4469f4b69:192.168.151.109:46847, 562e05b5-b7ec-4d88-9d19-fe27da8d8ac0:192.168.151.109:36237] returns group-9620F88608F8:java.util.concurrent.CompletableFuture@6408fccb[Not completed]
2019-10-01 03:39:06,144 [grpc-default-executor-5] INFO  impl.RaftServerProxy (RaftServerProxy.java:addNew(89)) - a086a3c1-6899-4c45-b90a-aa11b3ab53ac: addNew group-9620F88608F8:[a086a3c1-6899-4c45-b90a-aa11b3ab53ac:192.168.151.109:46684, 9beb7b3c-1359-4ac3-8f27-ebb4469f4b69:192.168.151.109:46847, 562e05b5-b7ec-4d88-9d19-fe27da8d8ac0:192.168.151.109:36237] returns group-9620F88608F8:java.util.concurrent.CompletableFuture@6e708e4e[Not completed]
2019-10-01 03:39:06,144 [grpc-default-executor-6] INFO  impl.RaftServerProxy (RaftServerProxy.java:addNew(89)) - 562e05b5-b7ec-4d88-9d19-fe27da8d8ac0: addNew group-9620F88608F8:[a086a3c1-6899-4c45-b90a-aa11b3ab53ac:192.168.151.109:46684, 9beb7b3c-1359-4ac3-8f27-ebb4469f4b69:192.168.151.109:46847, 562e05b5-b7ec-4d88-9d19-fe27da8d8ac0:192.168.151.109:36237] returns group-9620F88608F8:java.util.concurrent.CompletableFuture@2fd3fe11[Not completed]
2019-10-01 03:39:06,144 [pool-423-thread-1] INFO  impl.RaftServerImpl (RaftServerImpl.java:<init>(95)) - 9beb7b3c-1359-4ac3-8f27-ebb4469f4b69: new RaftServerImpl for group-9620F88608F8:[a086a3c1-6899-4c45-b90a-aa11b3ab53ac:192.168.151.109:46684, 9beb7b3c-1359-4ac3-8f27-ebb4469f4b69:192.168.151.109:46847, 562e05b5-b7ec-4d88-9d19-fe27da8d8ac0:192.168.151.109:36237] with ContainerStateMachine:uninitialized
2019-10-01 03:39:06,144 [pool-423-thread-1] INFO  server.RaftServerConfigKeys (ConfUtils.java:logGet(43)) - raft.server.rpc.timeout.min = 5s (custom)
2019-10-01 03:39:06,144 [pool-423-thread-1] INFO  server.RaftServerConfigKeys (ConfUtils.java:logGet(43)) - raft.server.rpc.timeout.max = 5200ms (custom)
2019-10-01 03:39:06,144 [pool-423-thread-1] INFO  server.RaftServerConfigKeys (ConfUtils.java:logGet(43)) - raft.server.rpcslowness.timeout = 120s (custom)
2019-10-01 03:39:06,145 [pool-423-thread-1] INFO  server.RaftServerConfigKeys (ConfUtils.java:logGet(43)) - raft.server.sleep.deviation.threshold = 300 (default)
2019-10-01 03:39:06,145 [pool-423-thread-1] INFO  server.RaftServerConfigKeys (ConfUtils.java:logGet(43)) - raft.server.log.appender.install.snapshot.enabled = false (custom)
2019-10-01 03:39:06,145 [pool-423-thread-1] INFO  impl.RaftServerImpl (ServerState.java:<init>(103)) - 9beb7b3c-1359-4ac3-8f27-ebb4469f4b69@group-9620F88608F8: ConfigurationManager, init=-1: [a086a3c1-6899-4c45-b90a-aa11b3ab53ac:192.168.151.109:46684, 9beb7b3c-1359-4ac3-8f27-ebb4469f4b69:192.168.151.109:46847, 562e05b5-b7ec-4d88-9d19-fe27da8d8ac0:192.168.151.109:36237], old=null, confs=<EMPTY_MAP>
2019-10-01 03:39:06,145 [pool-423-thread-1] INFO  server.RaftServerConfigKeys (ConfUtils.java:logGet(43)) - raft.server.storage.dir = [/workdir/hadoop-ozone/integration-test/target/test-dir/MiniOzoneClusterImpl-67659162-a2b1-4c6f-a3f1-09d570d06e0f/datanode-4/data/ratis] (custom)
2019-10-01 03:39:06,145 [pool-413-thread-1] INFO  impl.RaftServerImpl (RaftServerImpl.java:<init>(95)) - a086a3c1-6899-4c45-b90a-aa11b3ab53ac: new RaftServerImpl for group-9620F88608F8:[a086a3c1-6899-4c45-b90a-aa11b3ab53ac:192.168.151.109:46684, 9beb7b3c-1359-4ac3-8f27-ebb4469f4b69:192.168.151.109:46847, 562e05b5-b7ec-4d88-9d19-fe27da8d8ac0:192.168.151.109:36237] with ContainerStateMachine:uninitialized
2019-10-01 03:39:06,145 [pool-423-thread-1] INFO  server.RaftServerConfigKeys (ConfUtils.java:logGet(43)) - raft.server.log.corruption.policy = EXCEPTION (default)
2019-10-01 03:39:06,145 [pool-413-thread-1] INFO  server.RaftServerConfigKeys (ConfUtils.java:logGet(43)) - raft.server.rpc.timeout.min = 5s (custom)
2019-10-01 03:39:06,145 [pool-433-thread-1] INFO  impl.RaftServerImpl (RaftServerImpl.java:<init>(95)) - 562e05b5-b7ec-4d88-9d19-fe27da8d8ac0: new RaftServerImpl for group-9620F88608F8:[a086a3c1-6899-4c45-b90a-aa11b3ab53ac:192.168.151.109:46684, 9beb7b3c-1359-4ac3-8f27-ebb4469f4b69:192.168.151.109:46847, 562e05b5-b7ec-4d88-9d19-fe27da8d8ac0:192.168.151.109:36237] with ContainerStateMachine:uninitialized
2019-10-01 03:39:06,145 [pool-423-thread-1] INFO  storage.RaftStorageDirectory (RaftStorageDirectory.java:analyzeStorage(246)) - The storage directory /workdir/hadoop-ozone/integration-test/target/test-dir/MiniOzoneClusterImpl-67659162-a2b1-4c6f-a3f1-09d570d06e0f/datanode-4/data/ratis/f367db54-5458-44ae-95f4-9620f88608f8 does not exist. Creating ...
2019-10-01 03:39:06,145 [pool-433-thread-1] INFO  server.RaftServerConfigKeys (ConfUtils.java:logGet(43)) - raft.server.rpc.timeout.min = 5s (custom)
2019-10-01 03:39:06,145 [pool-413-thread-1] INFO  server.RaftServerConfigKeys (ConfUtils.java:logGet(43)) - raft.server.rpc.timeout.max = 5200ms (custom)
2019-10-01 03:39:06,146 [pool-433-thread-1] INFO  server.RaftServerConfigKeys (ConfUtils.java:logGet(43)) - raft.server.rpc.timeout.max = 5200ms (custom)
2019-10-01 03:39:06,146 [pool-413-thread-1] INFO  server.RaftServerConfigKeys (ConfUtils.java:logGet(43)) - raft.server.rpcslowness.timeout = 120s (custom)
2019-10-01 03:39:06,146 [pool-433-thread-1] INFO  server.RaftServerConfigKeys (ConfUtils.java:logGet(43)) - raft.server.rpcslowness.timeout = 120s (custom)
2019-10-01 03:39:06,146 [pool-413-thread-1] INFO  server.RaftServerConfigKeys (ConfUtils.java:logGet(43)) - raft.server.sleep.deviation.threshold = 300 (default)
2019-10-01 03:39:06,146 [pool-433-thread-1] INFO  server.RaftServerConfigKeys (ConfUtils.java:logGet(43)) - raft.server.sleep.deviation.threshold = 300 (default)
2019-10-01 03:39:06,146 [pool-413-thread-1] INFO  server.RaftServerConfigKeys (ConfUtils.java:logGet(43)) - raft.server.log.appender.install.snapshot.enabled = false (custom)
2019-10-01 03:39:06,146 [pool-433-thread-1] INFO  server.RaftServerConfigKeys (ConfUtils.java:logGet(43)) - raft.server.log.appender.install.snapshot.enabled = false (custom)
2019-10-01 03:39:06,146 [pool-413-thread-1] INFO  impl.RaftServerImpl (ServerState.java:<init>(103)) - a086a3c1-6899-4c45-b90a-aa11b3ab53ac@group-9620F88608F8: ConfigurationManager, init=-1: [a086a3c1-6899-4c45-b90a-aa11b3ab53ac:192.168.151.109:46684, 9beb7b3c-1359-4ac3-8f27-ebb4469f4b69:192.168.151.109:46847, 562e05b5-b7ec-4d88-9d19-fe27da8d8ac0:192.168.151.109:36237], old=null, confs=<EMPTY_MAP>
2019-10-01 03:39:06,146 [pool-433-thread-1] INFO  impl.RaftServerImpl (ServerState.java:<init>(103)) - 562e05b5-b7ec-4d88-9d19-fe27da8d8ac0@group-9620F88608F8: ConfigurationManager, init=-1: [a086a3c1-6899-4c45-b90a-aa11b3ab53ac:192.168.151.109:46684, 9beb7b3c-1359-4ac3-8f27-ebb4469f4b69:192.168.151.109:46847, 562e05b5-b7ec-4d88-9d19-fe27da8d8ac0:192.168.151.109:36237], old=null, confs=<EMPTY_MAP>
2019-10-01 03:39:06,147 [pool-413-thread-1] INFO  server.RaftServerConfigKeys (ConfUtils.java:logGet(43)) - raft.server.storage.dir = [/workdir/hadoop-ozone/integration-test/target/test-dir/MiniOzoneClusterImpl-67659162-a2b1-4c6f-a3f1-09d570d06e0f/datanode-3/data/ratis] (custom)
2019-10-01 03:39:06,147 [pool-433-thread-1] INFO  server.RaftServerConfigKeys (ConfUtils.java:logGet(43)) - raft.server.storage.dir = [/workdir/hadoop-ozone/integration-test/target/test-dir/MiniOzoneClusterImpl-67659162-a2b1-4c6f-a3f1-09d570d06e0f/datanode-5/data/ratis] (custom)
2019-10-01 03:39:06,147 [pool-413-thread-1] INFO  server.RaftServerConfigKeys (ConfUtils.java:logGet(43)) - raft.server.log.corruption.policy = EXCEPTION (default)
2019-10-01 03:39:06,147 [pool-433-thread-1] INFO  server.RaftServerConfigKeys (ConfUtils.java:logGet(43)) - raft.server.log.corruption.policy = EXCEPTION (default)
2019-10-01 03:39:06,147 [pool-413-thread-1] INFO  storage.RaftStorageDirectory (RaftStorageDirectory.java:analyzeStorage(246)) - The storage directory /workdir/hadoop-ozone/integration-test/target/test-dir/MiniOzoneClusterImpl-67659162-a2b1-4c6f-a3f1-09d570d06e0f/datanode-3/data/ratis/f367db54-5458-44ae-95f4-9620f88608f8 does not exist. Creating ...
2019-10-01 03:39:06,147 [pool-433-thread-1] INFO  storage.RaftStorageDirectory (RaftStorageDirectory.java:analyzeStorage(246)) - The storage directory /workdir/hadoop-ozone/integration-test/target/test-dir/MiniOzoneClusterImpl-67659162-a2b1-4c6f-a3f1-09d570d06e0f/datanode-5/data/ratis/f367db54-5458-44ae-95f4-9620f88608f8 does not exist. Creating ...
2019-10-01 03:39:06,158 [pool-433-thread-1] INFO  storage.RaftStorageDirectory (RaftStorageDirectory.java:tryLock(328)) - Lock on /workdir/hadoop-ozone/integration-test/target/test-dir/MiniOzoneClusterImpl-67659162-a2b1-4c6f-a3f1-09d570d06e0f/datanode-5/data/ratis/f367db54-5458-44ae-95f4-9620f88608f8/in_use.lock acquired by nodename 20914@pr-hdds-1984-zmhd5-2369693365
2019-10-01 03:39:06,158 [pool-413-thread-1] INFO  storage.RaftStorageDirectory (RaftStorageDirectory.java:tryLock(328)) - Lock on /workdir/hadoop-ozone/integration-test/target/test-dir/MiniOzoneClusterImpl-67659162-a2b1-4c6f-a3f1-09d570d06e0f/datanode-3/data/ratis/f367db54-5458-44ae-95f4-9620f88608f8/in_use.lock acquired by nodename 20914@pr-hdds-1984-zmhd5-2369693365
2019-10-01 03:39:06,158 [pool-423-thread-1] INFO  storage.RaftStorageDirectory (RaftStorageDirectory.java:tryLock(328)) - Lock on /workdir/hadoop-ozone/integration-test/target/test-dir/MiniOzoneClusterImpl-67659162-a2b1-4c6f-a3f1-09d570d06e0f/datanode-4/data/ratis/f367db54-5458-44ae-95f4-9620f88608f8/in_use.lock acquired by nodename 20914@pr-hdds-1984-zmhd5-2369693365
2019-10-01 03:39:06,171 [pool-423-thread-1] INFO  storage.RaftStorage (RaftStorage.java:format(84)) - Storage directory /workdir/hadoop-ozone/integration-test/target/test-dir/MiniOzoneClusterImpl-67659162-a2b1-4c6f-a3f1-09d570d06e0f/datanode-4/data/ratis/f367db54-5458-44ae-95f4-9620f88608f8 has been successfully formatted.
2019-10-01 03:39:06,171 [pool-413-thread-1] INFO  storage.RaftStorage (RaftStorage.java:format(84)) - Storage directory /workdir/hadoop-ozone/integration-test/target/test-dir/MiniOzoneClusterImpl-67659162-a2b1-4c6f-a3f1-09d570d06e0f/datanode-3/data/ratis/f367db54-5458-44ae-95f4-9620f88608f8 has been successfully formatted.
2019-10-01 03:39:06,171 [pool-433-thread-1] INFO  storage.RaftStorage (RaftStorage.java:format(84)) - Storage directory /workdir/hadoop-ozone/integration-test/target/test-dir/MiniOzoneClusterImpl-67659162-a2b1-4c6f-a3f1-09d570d06e0f/datanode-5/data/ratis/f367db54-5458-44ae-95f4-9620f88608f8 has been successfully formatted.
2019-10-01 03:39:06,172 [pool-423-thread-1] INFO  ratis.ContainerStateMachine (ContainerStateMachine.java:loadSnapshot(230)) - group-9620F88608F8: The snapshot info is null. Setting the last applied indexto:(t:0, i:~)
2019-10-01 03:39:06,172 [pool-413-thread-1] INFO  ratis.ContainerStateMachine (ContainerStateMachine.java:loadSnapshot(230)) - group-9620F88608F8: The snapshot info is null. Setting the last applied indexto:(t:0, i:~)
2019-10-01 03:39:06,172 [pool-423-thread-1] INFO  server.RaftServerConfigKeys (ConfUtils.java:logGet(43)) - raft.server.notification.no-leader.timeout = 120s (custom)
2019-10-01 03:39:06,172 [pool-433-thread-1] INFO  ratis.ContainerStateMachine (ContainerStateMachine.java:loadSnapshot(230)) - group-9620F88608F8: The snapshot info is null. Setting the last applied indexto:(t:0, i:~)
2019-10-01 03:39:06,172 [pool-423-thread-1] INFO  server.RaftServerConfigKeys (ConfUtils.java:logGet(43)) - raft.server.log.use.memory = false (default)
2019-10-01 03:39:06,172 [pool-413-thread-1] INFO  server.RaftServerConfigKeys (ConfUtils.java:logGet(43)) - raft.server.notification.no-leader.timeout = 120s (custom)
2019-10-01 03:39:06,172 [pool-423-thread-1] INFO  server.RaftServerConfigKeys (ConfUtils.java:logGet(43)) - raft.server.log.purge.gap = 1000000 (custom)
2019-10-01 03:39:06,172 [pool-433-thread-1] INFO  server.RaftServerConfigKeys (ConfUtils.java:logGet(43)) - raft.server.notification.no-leader.timeout = 120s (custom)
2019-10-01 03:39:06,172 [pool-423-thread-1] INFO  server.RaftServerConfigKeys (ConfUtils.java:logGet(43)) - raft.server.log.appender.buffer.byte-limit = 33554432 (custom)
2019-10-01 03:39:06,172 [pool-413-thread-1] INFO  server.RaftServerConfigKeys (ConfUtils.java:logGet(43)) - raft.server.log.use.memory = false (default)
2019-10-01 03:39:06,173 [pool-423-thread-1] INFO  server.RaftServerConfigKeys (ConfUtils.java:logGet(43)) - raft.server.log.segment.size.max = 1048576 (custom)
2019-10-01 03:39:06,173 [pool-433-thread-1] INFO  server.RaftServerConfigKeys (ConfUtils.java:logGet(43)) - raft.server.log.use.memory = false (default)
2019-10-01 03:39:06,173 [pool-423-thread-1] INFO  server.RaftServerConfigKeys (ConfUtils.java:logGet(43)) - raft.server.log.segment.cache.num.max = 2 (custom)
2019-10-01 03:39:06,173 [pool-413-thread-1] INFO  server.RaftServerConfigKeys (ConfUtils.java:logGet(43)) - raft.server.log.purge.gap = 1000000 (custom)
2019-10-01 03:39:06,173 [pool-423-thread-1] INFO  segmented.SegmentedRaftLogWorker (SegmentedRaftLogWorker.java:<init>(173)) - new 9beb7b3c-1359-4ac3-8f27-ebb4469f4b69@group-9620F88608F8-SegmentedRaftLogWorker for RaftStorage:Storage Directory /workdir/hadoop-ozone/integration-test/target/test-dir/MiniOzoneClusterImpl-67659162-a2b1-4c6f-a3f1-09d570d06e0f/datanode-4/data/ratis/f367db54-5458-44ae-95f4-9620f88608f8
2019-10-01 03:39:06,173 [pool-433-thread-1] INFO  server.RaftServerConfigKeys (ConfUtils.java:logGet(43)) - raft.server.log.purge.gap = 1000000 (custom)
2019-10-01 03:39:06,173 [pool-423-thread-1] INFO  server.RaftServerConfigKeys (ConfUtils.java:logGet(43)) - raft.server.log.queue.byte-limit = 2147483647 (custom)
2019-10-01 03:39:06,173 [pool-413-thread-1] INFO  server.RaftServerConfigKeys (ConfUtils.java:logGet(43)) - raft.server.log.appender.buffer.byte-limit = 33554432 (custom)
2019-10-01 03:39:06,174 [pool-423-thread-1] INFO  server.RaftServerConfigKeys (ConfUtils.java:logGet(43)) - raft.server.log.queue.element-limit = 1024 (custom)
2019-10-01 03:39:06,173 [pool-433-thread-1] INFO  server.RaftServerConfigKeys (ConfUtils.java:logGet(43)) - raft.server.log.appender.buffer.byte-limit = 33554432 (custom)
2019-10-01 03:39:06,174 [pool-423-thread-1] INFO  server.RaftServerConfigKeys (ConfUtils.java:logGet(43)) - raft.server.log.segment.size.max = 1048576 (custom)
2019-10-01 03:39:06,174 [pool-413-thread-1] INFO  server.RaftServerConfigKeys (ConfUtils.java:logGet(43)) - raft.server.log.segment.size.max = 1048576 (custom)
2019-10-01 03:39:06,174 [pool-423-thread-1] INFO  server.RaftServerConfigKeys (ConfUtils.java:logGet(43)) - raft.server.log.preallocated.size = 16384 (custom)
2019-10-01 03:39:06,174 [pool-433-thread-1] INFO  server.RaftServerConfigKeys (ConfUtils.java:logGet(43)) - raft.server.log.segment.size.max = 1048576 (custom)
2019-10-01 03:39:06,174 [pool-423-thread-1] INFO  server.RaftServerConfigKeys (ConfUtils.java:logGet(43)) - raft.server.log.write.buffer.size = 33554432 (custom)
2019-10-01 03:39:06,174 [pool-413-thread-1] INFO  server.RaftServerConfigKeys (ConfUtils.java:logGet(43)) - raft.server.log.segment.cache.num.max = 2 (custom)
2019-10-01 03:39:06,174 [pool-423-thread-1] INFO  server.RaftServerConfigKeys (ConfUtils.java:logGet(43)) - raft.server.log.force.sync.num = 128 (default)
2019-10-01 03:39:06,174 [pool-433-thread-1] INFO  server.RaftServerConfigKeys (ConfUtils.java:logGet(43)) - raft.server.log.segment.cache.num.max = 2 (custom)
2019-10-01 03:39:06,175 [pool-423-thread-1] INFO  server.RaftServerConfigKeys (ConfUtils.java:logGet(43)) - raft.server.log.statemachine.data.sync = true (default)
2019-10-01 03:39:06,175 [pool-413-thread-1] INFO  segmented.SegmentedRaftLogWorker (SegmentedRaftLogWorker.java:<init>(173)) - new a086a3c1-6899-4c45-b90a-aa11b3ab53ac@group-9620F88608F8-SegmentedRaftLogWorker for RaftStorage:Storage Directory /workdir/hadoop-ozone/integration-test/target/test-dir/MiniOzoneClusterImpl-67659162-a2b1-4c6f-a3f1-09d570d06e0f/datanode-3/data/ratis/f367db54-5458-44ae-95f4-9620f88608f8
2019-10-01 03:39:06,175 [pool-423-thread-1] INFO  server.RaftServerConfigKeys (ConfUtils.java:logGet(43)) - raft.server.log.statemachine.data.sync.timeout = 10s (default)
2019-10-01 03:39:06,175 [pool-433-thread-1] INFO  segmented.SegmentedRaftLogWorker (SegmentedRaftLogWorker.java:<init>(173)) - new 562e05b5-b7ec-4d88-9d19-fe27da8d8ac0@group-9620F88608F8-SegmentedRaftLogWorker for RaftStorage:Storage Directory /workdir/hadoop-ozone/integration-test/target/test-dir/MiniOzoneClusterImpl-67659162-a2b1-4c6f-a3f1-09d570d06e0f/datanode-5/data/ratis/f367db54-5458-44ae-95f4-9620f88608f8
2019-10-01 03:39:06,175 [pool-423-thread-1] INFO  server.RaftServerConfigKeys (ConfUtils.java:logGet(43)) - raft.server.log.statemachine.data.sync.timeout.retry = -1 (default)
2019-10-01 03:39:06,175 [pool-413-thread-1] INFO  server.RaftServerConfigKeys (ConfUtils.java:logGet(43)) - raft.server.log.queue.byte-limit = 2147483647 (custom)
2019-10-01 03:39:06,175 [pool-423-thread-1] INFO  server.RaftServerConfigKeys (ConfUtils.java:logGet(43)) - raft.server.log.statemachine.data.caching.enabled = true (custom)
2019-10-01 03:39:06,175 [pool-433-thread-1] INFO  server.RaftServerConfigKeys (ConfUtils.java:logGet(43)) - raft.server.log.queue.byte-limit = 2147483647 (custom)
2019-10-01 03:39:06,175 [pool-413-thread-1] INFO  server.RaftServerConfigKeys (ConfUtils.java:logGet(43)) - raft.server.log.queue.element-limit = 1024 (custom)
2019-10-01 03:39:06,176 [pool-423-thread-1] INFO  segmented.SegmentedRaftLogWorker (SegmentedRaftLogWorker.java:lambda$new$0(128)) - 9beb7b3c-1359-4ac3-8f27-ebb4469f4b69@group-9620F88608F8-SegmentedRaftLogWorker: flushIndex: setUnconditionally 0 -> -1
2019-10-01 03:39:06,176 [pool-433-thread-1] INFO  server.RaftServerConfigKeys (ConfUtils.java:logGet(43)) - raft.server.log.queue.element-limit = 1024 (custom)
2019-10-01 03:39:06,176 [pool-413-thread-1] INFO  server.RaftServerConfigKeys (ConfUtils.java:logGet(43)) - raft.server.log.segment.size.max = 1048576 (custom)
2019-10-01 03:39:06,176 [pool-423-thread-1] INFO  server.RaftServerConfigKeys (ConfUtils.java:logGet(43)) - raft.server.snapshot.auto.trigger.enabled = true (custom)
2019-10-01 03:39:06,176 [pool-433-thread-1] INFO  server.RaftServerConfigKeys (ConfUtils.java:logGet(43)) - raft.server.log.segment.size.max = 1048576 (custom)
2019-10-01 03:39:06,176 [pool-423-thread-1] INFO  server.RaftServerConfigKeys (ConfUtils.java:logGet(43)) - raft.server.snapshot.auto.trigger.threshold = 10000 (custom)
2019-10-01 03:39:06,176 [pool-413-thread-1] INFO  server.RaftServerConfigKeys (ConfUtils.java:logGet(43)) - raft.server.log.preallocated.size = 16384 (custom)
2019-10-01 03:39:06,176 [pool-423-thread-1] INFO  server.RaftServerConfigKeys (ConfUtils.java:logGet(43)) - raft.server.snapshot.retention.file.num = 5 (custom)
2019-10-01 03:39:06,176 [pool-433-thread-1] INFO  server.RaftServerConfigKeys (ConfUtils.java:logGet(43)) - raft.server.log.preallocated.size = 16384 (custom)
2019-10-01 03:39:06,176 [pool-423-thread-1] INFO  server.RaftServerConfigKeys (ConfUtils.java:logGet(43)) - raft.server.retrycache.expirytime = 600000ms (custom)
2019-10-01 03:39:06,176 [pool-413-thread-1] INFO  server.RaftServerConfigKeys (ConfUtils.java:logGet(43)) - raft.server.log.write.buffer.size = 33554432 (custom)
2019-10-01 03:39:06,176 [pool-433-thread-1] INFO  server.RaftServerConfigKeys (ConfUtils.java:logGet(43)) - raft.server.log.write.buffer.size = 33554432 (custom)
2019-10-01 03:39:06,177 [pool-413-thread-1] INFO  server.RaftServerConfigKeys (ConfUtils.java:logGet(43)) - raft.server.log.force.sync.num = 128 (default)
2019-10-01 03:39:06,177 [pool-433-thread-1] INFO  server.RaftServerConfigKeys (ConfUtils.java:logGet(43)) - raft.server.log.force.sync.num = 128 (default)
2019-10-01 03:39:06,177 [pool-413-thread-1] INFO  server.RaftServerConfigKeys (ConfUtils.java:logGet(43)) - raft.server.log.statemachine.data.sync = true (default)
2019-10-01 03:39:06,177 [pool-433-thread-1] INFO  server.RaftServerConfigKeys (ConfUtils.java:logGet(43)) - raft.server.log.statemachine.data.sync = true (default)
2019-10-01 03:39:06,177 [pool-413-thread-1] INFO  server.RaftServerConfigKeys (ConfUtils.java:logGet(43)) - raft.server.log.statemachine.data.sync.timeout = 10s (default)
2019-10-01 03:39:06,177 [pool-433-thread-1] INFO  server.RaftServerConfigKeys (ConfUtils.java:logGet(43)) - raft.server.log.statemachine.data.sync.timeout = 10s (default)
2019-10-01 03:39:06,178 [pool-423-thread-1] INFO  impl.RaftServerImpl (RaftServerImpl.java:start(181)) - 9beb7b3c-1359-4ac3-8f27-ebb4469f4b69@group-9620F88608F8: start as a follower, conf=-1: [a086a3c1-6899-4c45-b90a-aa11b3ab53ac:192.168.151.109:46684, 9beb7b3c-1359-4ac3-8f27-ebb4469f4b69:192.168.151.109:46847, 562e05b5-b7ec-4d88-9d19-fe27da8d8ac0:192.168.151.109:36237], old=null
2019-10-01 03:39:06,177 [pool-413-thread-1] INFO  server.RaftServerConfigKeys (ConfUtils.java:logGet(43)) - raft.server.log.statemachine.data.sync.timeout.retry = -1 (default)
2019-10-01 03:39:06,178 [pool-423-thread-1] INFO  impl.RaftServerImpl (RaftServerImpl.java:setRole(170)) - 9beb7b3c-1359-4ac3-8f27-ebb4469f4b69@group-9620F88608F8: changes role from      null to FOLLOWER at term 0 for startAsFollower
2019-10-01 03:39:06,178 [pool-413-thread-1] INFO  server.RaftServerConfigKeys (ConfUtils.java:logGet(43)) - raft.server.log.statemachine.data.caching.enabled = true (custom)
2019-10-01 03:39:06,178 [pool-433-thread-1] INFO  server.RaftServerConfigKeys (ConfUtils.java:logGet(43)) - raft.server.log.statemachine.data.sync.timeout.retry = -1 (default)
2019-10-01 03:39:06,178 [pool-423-thread-1] INFO  impl.RoleInfo (RoleInfo.java:updateAndGet(143)) - 9beb7b3c-1359-4ac3-8f27-ebb4469f4b69: start FollowerState
2019-10-01 03:39:06,178 [pool-413-thread-1] INFO  segmented.SegmentedRaftLogWorker (SegmentedRaftLogWorker.java:lambda$new$0(128)) - a086a3c1-6899-4c45-b90a-aa11b3ab53ac@group-9620F88608F8-SegmentedRaftLogWorker: flushIndex: setUnconditionally 0 -> -1
2019-10-01 03:39:06,178 [pool-433-thread-1] INFO  server.RaftServerConfigKeys (ConfUtils.java:logGet(43)) - raft.server.log.statemachine.data.caching.enabled = true (custom)
2019-10-01 03:39:06,178 [pool-423-thread-1] INFO  util.JmxRegister (JmxRegister.java:tryRegister(44)) - Successfully registered JMX Bean with object name Ratis:service=RaftServer,group=group-9620F88608F8,id=9beb7b3c-1359-4ac3-8f27-ebb4469f4b69
2019-10-01 03:39:06,178 [pool-433-thread-1] INFO  segmented.SegmentedRaftLogWorker (SegmentedRaftLogWorker.java:lambda$new$0(128)) - 562e05b5-b7ec-4d88-9d19-fe27da8d8ac0@group-9620F88608F8-SegmentedRaftLogWorker: flushIndex: setUnconditionally 0 -> -1
2019-10-01 03:39:06,178 [pool-413-thread-1] INFO  server.RaftServerConfigKeys (ConfUtils.java:logGet(43)) - raft.server.snapshot.auto.trigger.enabled = true (custom)
2019-10-01 03:39:06,179 [pool-433-thread-1] INFO  server.RaftServerConfigKeys (ConfUtils.java:logGet(43)) - raft.server.snapshot.auto.trigger.enabled = true (custom)
2019-10-01 03:39:06,179 [pool-413-thread-1] INFO  server.RaftServerConfigKeys (ConfUtils.java:logGet(43)) - raft.server.snapshot.auto.trigger.threshold = 10000 (custom)
2019-10-01 03:39:06,179 [pool-433-thread-1] INFO  server.RaftServerConfigKeys (ConfUtils.java:logGet(43)) - raft.server.snapshot.auto.trigger.threshold = 10000 (custom)
2019-10-01 03:39:06,179 [pool-413-thread-1] INFO  server.RaftServerConfigKeys (ConfUtils.java:logGet(43)) - raft.server.snapshot.retention.file.num = 5 (custom)
2019-10-01 03:39:06,179 [pool-433-thread-1] INFO  server.RaftServerConfigKeys (ConfUtils.java:logGet(43)) - raft.server.snapshot.retention.file.num = 5 (custom)
2019-10-01 03:39:06,179 [pool-413-thread-1] INFO  server.RaftServerConfigKeys (ConfUtils.java:logGet(43)) - raft.server.retrycache.expirytime = 600000ms (custom)
2019-10-01 03:39:06,179 [pool-433-thread-1] INFO  server.RaftServerConfigKeys (ConfUtils.java:logGet(43)) - raft.server.retrycache.expirytime = 600000ms (custom)
2019-10-01 03:39:06,185 [pool-413-thread-1] INFO  impl.RaftServerImpl (RaftServerImpl.java:start(181)) - a086a3c1-6899-4c45-b90a-aa11b3ab53ac@group-9620F88608F8: start as a follower, conf=-1: [a086a3c1-6899-4c45-b90a-aa11b3ab53ac:192.168.151.109:46684, 9beb7b3c-1359-4ac3-8f27-ebb4469f4b69:192.168.151.109:46847, 562e05b5-b7ec-4d88-9d19-fe27da8d8ac0:192.168.151.109:36237], old=null
2019-10-01 03:39:06,185 [pool-413-thread-1] INFO  impl.RaftServerImpl (RaftServerImpl.java:setRole(170)) - a086a3c1-6899-4c45-b90a-aa11b3ab53ac@group-9620F88608F8: changes role from      null to FOLLOWER at term 0 for startAsFollower
2019-10-01 03:39:06,185 [pool-433-thread-1] INFO  impl.RaftServerImpl (RaftServerImpl.java:start(181)) - 562e05b5-b7ec-4d88-9d19-fe27da8d8ac0@group-9620F88608F8: start as a follower, conf=-1: [a086a3c1-6899-4c45-b90a-aa11b3ab53ac:192.168.151.109:46684, 9beb7b3c-1359-4ac3-8f27-ebb4469f4b69:192.168.151.109:46847, 562e05b5-b7ec-4d88-9d19-fe27da8d8ac0:192.168.151.109:36237], old=null
2019-10-01 03:39:06,185 [pool-413-thread-1] INFO  impl.RoleInfo (RoleInfo.java:updateAndGet(143)) - a086a3c1-6899-4c45-b90a-aa11b3ab53ac: start FollowerState
2019-10-01 03:39:06,185 [pool-433-thread-1] INFO  impl.RaftServerImpl (RaftServerImpl.java:setRole(170)) - 562e05b5-b7ec-4d88-9d19-fe27da8d8ac0@group-9620F88608F8: changes role from      null to FOLLOWER at term 0 for startAsFollower
2019-10-01 03:39:06,185 [pool-433-thread-1] INFO  impl.RoleInfo (RoleInfo.java:updateAndGet(143)) - 562e05b5-b7ec-4d88-9d19-fe27da8d8ac0: start FollowerState
2019-10-01 03:39:06,186 [pool-413-thread-1] INFO  util.JmxRegister (JmxRegister.java:tryRegister(44)) - Successfully registered JMX Bean with object name Ratis:service=RaftServer,group=group-9620F88608F8,id=a086a3c1-6899-4c45-b90a-aa11b3ab53ac
2019-10-01 03:39:06,186 [pool-433-thread-1] INFO  util.JmxRegister (JmxRegister.java:tryRegister(44)) - Successfully registered JMX Bean with object name Ratis:service=RaftServer,group=group-9620F88608F8,id=562e05b5-b7ec-4d88-9d19-fe27da8d8ac0
2019-10-01 03:39:06,193 [RatisPipelineUtilsThread] INFO  pipeline.PipelineStateManager (PipelineStateManager.java:addPipeline(56)) - Created pipeline Pipeline[ Id: f367db54-5458-44ae-95f4-9620f88608f8, Nodes: a086a3c1-6899-4c45-b90a-aa11b3ab53ac{ip: 192.168.151.109, host: pr-hdds-1984-zmhd5-2369693365, networkLocation: /default-rack, certSerialId: null}9beb7b3c-1359-4ac3-8f27-ebb4469f4b69{ip: 192.168.151.109, host: pr-hdds-1984-zmhd5-2369693365, networkLocation: /default-rack, certSerialId: null}562e05b5-b7ec-4d88-9d19-fe27da8d8ac0{ip: 192.168.151.109, host: pr-hdds-1984-zmhd5-2369693365, networkLocation: /default-rack, certSerialId: null}, Type:RATIS, Factor:THREE, State:OPEN]
2019-10-01 03:39:06,368 [grpc-default-executor-0] WARN  server.GrpcLogAppender (LogUtils.java:warn(134)) - 337eeeca-189e-484a-8ae8-9f26fc3b75ba@group-403EB97D77B2->9df5af2a-73e5-4e4a-9c0b-ccd89ab155b9-AppendLogResponseHandler: Failed appendEntries: org.apache.ratis.thirdparty.io.grpc.StatusRuntimeException: UNAVAILABLE: io exception
2019-10-01 03:39:06,369 [grpc-default-executor-0] INFO  impl.FollowerInfo (FollowerInfo.java:lambda$new$0(51)) - 337eeeca-189e-484a-8ae8-9f26fc3b75ba@group-403EB97D77B2->9df5af2a-73e5-4e4a-9c0b-ccd89ab155b9: nextIndex: updateUnconditionally 0 -> 0
2019-10-01 03:39:06,378 [grpc-default-executor-6] WARN  server.GrpcLogAppender (LogUtils.java:warn(134)) - 337eeeca-189e-484a-8ae8-9f26fc3b75ba@group-403EB97D77B2->1e85a46c-0611-47c1-8e7b-e152e7434ac8-AppendLogResponseHandler: Failed appendEntries: org.apache.ratis.thirdparty.io.grpc.StatusRuntimeException: UNAVAILABLE: io exception
2019-10-01 03:39:06,384 [grpc-default-executor-6] INFO  impl.FollowerInfo (FollowerInfo.java:lambda$new$0(51)) - 337eeeca-189e-484a-8ae8-9f26fc3b75ba@group-403EB97D77B2->1e85a46c-0611-47c1-8e7b-e152e7434ac8: nextIndex: updateUnconditionally 0 -> 0
2019-10-01 03:39:07,137 [main] INFO  ozone.MiniOzoneClusterImpl (MiniOzoneClusterImpl.java:lambda$waitForClusterToBeReady$0(147)) - Cluster is ready. Got 7 of 7 DN Heartbeats.
2019-10-01 03:39:07,185 [main] INFO  rpc.RpcClient (RpcClient.java:createVolume(276)) - Creating Volume: watchforcommithandlingtest, with jenkins1000 as owner.
2019-10-01 03:39:07,187 [IPC Server handler 0 on 37415] INFO  volume.OMVolumeCreateRequest (OMVolumeCreateRequest.java:validateAndUpdateCache(194)) - created volume:watchforcommithandlingtest for user:jenkins1000
2019-10-01 03:39:07,200 [main] INFO  rpc.RpcClient (RpcClient.java:createBucket(415)) - Creating Bucket: watchforcommithandlingtest/watchforcommithandlingtest, with Versioning false and Storage Type set to DISK and Encryption set to false 
2019-10-01 03:39:07,205 [main] INFO  ozone.MiniOzoneClusterImpl (MiniOzoneClusterImpl.java:getStorageContainerLocationClient(234)) - Creating StorageContainerLocationProtocol RPC client with address /0.0.0.0:39938
2019-10-01 03:39:08,595 [Thread-2276] INFO  container.ReplicationManager (ReplicationManager.java:start(162)) - Starting Replication Monitor Thread.
2019-10-01 03:39:08,601 [ReplicationMonitor] INFO  container.ReplicationManager (ReplicationManager.java:run(225)) - Replication Monitor Thread took 0 milliseconds for processing 1 containers.
2019-10-01 03:39:08,869 [grpc-default-executor-5] WARN  server.GrpcLogAppender (LogUtils.java:warn(134)) - 337eeeca-189e-484a-8ae8-9f26fc3b75ba@group-403EB97D77B2->9df5af2a-73e5-4e4a-9c0b-ccd89ab155b9-AppendLogResponseHandler: Failed appendEntries: org.apache.ratis.thirdparty.io.grpc.StatusRuntimeException: UNAVAILABLE: io exception
2019-10-01 03:39:08,869 [grpc-default-executor-5] INFO  impl.FollowerInfo (FollowerInfo.java:lambda$new$0(51)) - 337eeeca-189e-484a-8ae8-9f26fc3b75ba@group-403EB97D77B2->9df5af2a-73e5-4e4a-9c0b-ccd89ab155b9: nextIndex: updateUnconditionally 0 -> 0
2019-10-01 03:39:08,878 [grpc-default-executor-0] WARN  server.GrpcLogAppender (LogUtils.java:warn(134)) - 337eeeca-189e-484a-8ae8-9f26fc3b75ba@group-403EB97D77B2->1e85a46c-0611-47c1-8e7b-e152e7434ac8-AppendLogResponseHandler: Failed appendEntries: org.apache.ratis.thirdparty.io.grpc.StatusRuntimeException: UNAVAILABLE: io exception
2019-10-01 03:39:08,878 [grpc-default-executor-0] INFO  impl.FollowerInfo (FollowerInfo.java:lambda$new$0(51)) - 337eeeca-189e-484a-8ae8-9f26fc3b75ba@group-403EB97D77B2->1e85a46c-0611-47c1-8e7b-e152e7434ac8: nextIndex: updateUnconditionally 0 -> 0
2019-10-01 03:39:10,641 [Thread-2278] INFO  impl.FollowerState (FollowerState.java:run(108)) - b0362125-041a-412e-80f3-086761e28f3c@group-0B48BA145C2F-FollowerState: change to CANDIDATE, lastRpcTime:5000ms, electionTimeout:5000ms
2019-10-01 03:39:10,642 [Thread-2278] INFO  impl.RoleInfo (RoleInfo.java:shutdownFollowerState(121)) - b0362125-041a-412e-80f3-086761e28f3c: shutdown FollowerState
2019-10-01 03:39:10,642 [Thread-2278] INFO  impl.RaftServerImpl (RaftServerImpl.java:setRole(170)) - b0362125-041a-412e-80f3-086761e28f3c@group-0B48BA145C2F: changes role from  FOLLOWER to CANDIDATE at term 0 for changeToCandidate
2019-10-01 03:39:10,642 [Thread-2278] INFO  impl.RoleInfo (RoleInfo.java:updateAndGet(143)) - b0362125-041a-412e-80f3-086761e28f3c: start LeaderElection
2019-10-01 03:39:10,671 [b0362125-041a-412e-80f3-086761e28f3c@group-0B48BA145C2F-LeaderElection51] INFO  impl.LeaderElection (LeaderElection.java:askForVotes(178)) - b0362125-041a-412e-80f3-086761e28f3c@group-0B48BA145C2F-LeaderElection51: begin an election at term 1 for -1: [b0362125-041a-412e-80f3-086761e28f3c:192.168.151.109:32769], old=null
2019-10-01 03:39:10,671 [b0362125-041a-412e-80f3-086761e28f3c@group-0B48BA145C2F-LeaderElection51] INFO  impl.RoleInfo (RoleInfo.java:shutdownLeaderElection(134)) - b0362125-041a-412e-80f3-086761e28f3c: shutdown LeaderElection
2019-10-01 03:39:10,671 [b0362125-041a-412e-80f3-086761e28f3c@group-0B48BA145C2F-LeaderElection51] INFO  impl.RaftServerImpl (RaftServerImpl.java:setRole(170)) - b0362125-041a-412e-80f3-086761e28f3c@group-0B48BA145C2F: changes role from CANDIDATE to LEADER at term 1 for changeToLeader
2019-10-01 03:39:10,671 [b0362125-041a-412e-80f3-086761e28f3c@group-0B48BA145C2F-LeaderElection51] INFO  impl.RaftServerImpl (ServerState.java:setLeader(255)) - b0362125-041a-412e-80f3-086761e28f3c@group-0B48BA145C2F: change Leader from null to b0362125-041a-412e-80f3-086761e28f3c at term 1 for becomeLeader, leader elected after 5038ms
2019-10-01 03:39:10,671 [b0362125-041a-412e-80f3-086761e28f3c@group-0B48BA145C2F-LeaderElection51] INFO  server.RaftServerConfigKeys (ConfUtils.java:logGet(43)) - raft.server.staging.catchup.gap = 1000 (default)
2019-10-01 03:39:10,671 [b0362125-041a-412e-80f3-086761e28f3c@group-0B48BA145C2F-LeaderElection51] INFO  server.RaftServerConfigKeys (ConfUtils.java:logGet(43)) - raft.server.rpc.sleep.time = 25ms (default)
2019-10-01 03:39:10,672 [b0362125-041a-412e-80f3-086761e28f3c@group-0B48BA145C2F-LeaderElection51] INFO  server.RaftServerConfigKeys (ConfUtils.java:logGet(43)) - raft.server.write.element-limit = 4096 (default)
2019-10-01 03:39:10,672 [b0362125-041a-412e-80f3-086761e28f3c@group-0B48BA145C2F-LeaderElection51] INFO  server.RaftServerConfigKeys (ConfUtils.java:logGet(43)) - raft.server.watch.timeout = 10s (default)
2019-10-01 03:39:10,672 [b0362125-041a-412e-80f3-086761e28f3c@group-0B48BA145C2F-LeaderElection51] INFO  server.RaftServerConfigKeys (ConfUtils.java:logGet(43)) - raft.server.watch.timeout.denomination = 1s (default)
2019-10-01 03:39:10,672 [b0362125-041a-412e-80f3-086761e28f3c@group-0B48BA145C2F-LeaderElection51] INFO  server.RaftServerConfigKeys (ConfUtils.java:logGet(43)) - raft.server.watch.element-limit = 65536 (default)
2019-10-01 03:39:10,674 [b0362125-041a-412e-80f3-086761e28f3c@group-0B48BA145C2F-LeaderElection51] INFO  impl.RoleInfo (RoleInfo.java:updateAndGet(143)) - b0362125-041a-412e-80f3-086761e28f3c: start LeaderState
2019-10-01 03:39:10,674 [b0362125-041a-412e-80f3-086761e28f3c@group-0B48BA145C2F-LeaderElection51] INFO  segmented.SegmentedRaftLogWorker (SegmentedRaftLogWorker.java:startLogSegment(385)) - b0362125-041a-412e-80f3-086761e28f3c@group-0B48BA145C2F-SegmentedRaftLogWorker: Starting segment from index:0
2019-10-01 03:39:10,675 [b0362125-041a-412e-80f3-086761e28f3c@group-0B48BA145C2F-LeaderElection51] INFO  impl.RaftServerImpl (ServerState.java:setRaftConf(356)) - b0362125-041a-412e-80f3-086761e28f3c@group-0B48BA145C2F: set configuration 0: [b0362125-041a-412e-80f3-086761e28f3c:192.168.151.109:32769], old=null at 0
2019-10-01 03:39:10,715 [b0362125-041a-412e-80f3-086761e28f3c@group-0B48BA145C2F-SegmentedRaftLogWorker] INFO  segmented.SegmentedRaftLogWorker (SegmentedRaftLogWorker.java:execute(574)) - b0362125-041a-412e-80f3-086761e28f3c@group-0B48BA145C2F-SegmentedRaftLogWorker: created new log segment /workdir/hadoop-ozone/integration-test/target/test-dir/MiniOzoneClusterImpl-67659162-a2b1-4c6f-a3f1-09d570d06e0f/datanode-0/data/ratis/50234682-921a-4291-9e18-0b48ba145c2f/current/log_inprogress_0
2019-10-01 03:39:10,775 [Thread-2281] INFO  impl.FollowerState (FollowerState.java:run(108)) - 1321ed38-012f-44a7-8ef8-897a57408968@group-23783256975D-FollowerState: change to CANDIDATE, lastRpcTime:5013ms, electionTimeout:5013ms
2019-10-01 03:39:10,775 [Thread-2281] INFO  impl.RoleInfo (RoleInfo.java:shutdownFollowerState(121)) - 1321ed38-012f-44a7-8ef8-897a57408968: shutdown FollowerState
2019-10-01 03:39:10,775 [Thread-2281] INFO  impl.RaftServerImpl (RaftServerImpl.java:setRole(170)) - 1321ed38-012f-44a7-8ef8-897a57408968@group-23783256975D: changes role from  FOLLOWER to CANDIDATE at term 0 for changeToCandidate
2019-10-01 03:39:10,775 [Thread-2281] INFO  impl.RoleInfo (RoleInfo.java:updateAndGet(143)) - 1321ed38-012f-44a7-8ef8-897a57408968: start LeaderElection
2019-10-01 03:39:10,798 [1321ed38-012f-44a7-8ef8-897a57408968@group-23783256975D-LeaderElection52] INFO  impl.LeaderElection (LeaderElection.java:askForVotes(178)) - 1321ed38-012f-44a7-8ef8-897a57408968@group-23783256975D-LeaderElection52: begin an election at term 1 for -1: [1321ed38-012f-44a7-8ef8-897a57408968:192.168.151.109:34624], old=null
2019-10-01 03:39:10,798 [1321ed38-012f-44a7-8ef8-897a57408968@group-23783256975D-LeaderElection52] INFO  impl.RoleInfo (RoleInfo.java:shutdownLeaderElection(134)) - 1321ed38-012f-44a7-8ef8-897a57408968: shutdown LeaderElection
2019-10-01 03:39:10,799 [1321ed38-012f-44a7-8ef8-897a57408968@group-23783256975D-LeaderElection52] INFO  impl.RaftServerImpl (RaftServerImpl.java:setRole(170)) - 1321ed38-012f-44a7-8ef8-897a57408968@group-23783256975D: changes role from CANDIDATE to LEADER at term 1 for changeToLeader
2019-10-01 03:39:10,799 [1321ed38-012f-44a7-8ef8-897a57408968@group-23783256975D-LeaderElection52] INFO  impl.RaftServerImpl (ServerState.java:setLeader(255)) - 1321ed38-012f-44a7-8ef8-897a57408968@group-23783256975D: change Leader from null to 1321ed38-012f-44a7-8ef8-897a57408968 at term 1 for becomeLeader, leader elected after 5043ms
2019-10-01 03:39:10,799 [1321ed38-012f-44a7-8ef8-897a57408968@group-23783256975D-LeaderElection52] INFO  server.RaftServerConfigKeys (ConfUtils.java:logGet(43)) - raft.server.staging.catchup.gap = 1000 (default)
2019-10-01 03:39:10,799 [1321ed38-012f-44a7-8ef8-897a57408968@group-23783256975D-LeaderElection52] INFO  server.RaftServerConfigKeys (ConfUtils.java:logGet(43)) - raft.server.rpc.sleep.time = 25ms (default)
2019-10-01 03:39:10,799 [1321ed38-012f-44a7-8ef8-897a57408968@group-23783256975D-LeaderElection52] INFO  server.RaftServerConfigKeys (ConfUtils.java:logGet(43)) - raft.server.write.element-limit = 4096 (default)
2019-10-01 03:39:10,799 [1321ed38-012f-44a7-8ef8-897a57408968@group-23783256975D-LeaderElection52] INFO  server.RaftServerConfigKeys (ConfUtils.java:logGet(43)) - raft.server.watch.timeout = 10s (default)
2019-10-01 03:39:10,799 [1321ed38-012f-44a7-8ef8-897a57408968@group-23783256975D-LeaderElection52] INFO  server.RaftServerConfigKeys (ConfUtils.java:logGet(43)) - raft.server.watch.timeout.denomination = 1s (default)
2019-10-01 03:39:10,799 [1321ed38-012f-44a7-8ef8-897a57408968@group-23783256975D-LeaderElection52] INFO  server.RaftServerConfigKeys (ConfUtils.java:logGet(43)) - raft.server.watch.element-limit = 65536 (default)
2019-10-01 03:39:10,801 [1321ed38-012f-44a7-8ef8-897a57408968@group-23783256975D-LeaderElection52] INFO  impl.RoleInfo (RoleInfo.java:updateAndGet(143)) - 1321ed38-012f-44a7-8ef8-897a57408968: start LeaderState
2019-10-01 03:39:10,801 [1321ed38-012f-44a7-8ef8-897a57408968@group-23783256975D-LeaderElection52] INFO  segmented.SegmentedRaftLogWorker (SegmentedRaftLogWorker.java:startLogSegment(385)) - 1321ed38-012f-44a7-8ef8-897a57408968@group-23783256975D-SegmentedRaftLogWorker: Starting segment from index:0
2019-10-01 03:39:10,801 [1321ed38-012f-44a7-8ef8-897a57408968@group-23783256975D-LeaderElection52] INFO  impl.RaftServerImpl (ServerState.java:setRaftConf(356)) - 1321ed38-012f-44a7-8ef8-897a57408968@group-23783256975D: set configuration 0: [1321ed38-012f-44a7-8ef8-897a57408968:192.168.151.109:34624], old=null at 0
2019-10-01 03:39:10,836 [1321ed38-012f-44a7-8ef8-897a57408968@group-23783256975D-SegmentedRaftLogWorker] INFO  segmented.SegmentedRaftLogWorker (SegmentedRaftLogWorker.java:execute(574)) - 1321ed38-012f-44a7-8ef8-897a57408968@group-23783256975D-SegmentedRaftLogWorker: created new log segment /workdir/hadoop-ozone/integration-test/target/test-dir/MiniOzoneClusterImpl-67659162-a2b1-4c6f-a3f1-09d570d06e0f/datanode-1/data/ratis/9dda6472-f0f7-4621-881a-23783256975d/current/log_inprogress_0
2019-10-01 03:39:10,895 [Thread-2287] INFO  impl.FollowerState (FollowerState.java:run(108)) - 1321ed38-012f-44a7-8ef8-897a57408968@group-319A780DD72D-FollowerState: change to CANDIDATE, lastRpcTime:5007ms, electionTimeout:5007ms
2019-10-01 03:39:10,895 [Thread-2287] INFO  impl.RoleInfo (RoleInfo.java:shutdownFollowerState(121)) - 1321ed38-012f-44a7-8ef8-897a57408968: shutdown FollowerState
2019-10-01 03:39:10,895 [Thread-2287] INFO  impl.RaftServerImpl (RaftServerImpl.java:setRole(170)) - 1321ed38-012f-44a7-8ef8-897a57408968@group-319A780DD72D: changes role from  FOLLOWER to CANDIDATE at term 0 for changeToCandidate
2019-10-01 03:39:10,895 [Thread-2287] INFO  impl.RoleInfo (RoleInfo.java:updateAndGet(143)) - 1321ed38-012f-44a7-8ef8-897a57408968: start LeaderElection
2019-10-01 03:39:10,916 [1321ed38-012f-44a7-8ef8-897a57408968@group-319A780DD72D-LeaderElection53] INFO  impl.LeaderElection (LeaderElection.java:askForVotes(178)) - 1321ed38-012f-44a7-8ef8-897a57408968@group-319A780DD72D-LeaderElection53: begin an election at term 1 for -1: [1321ed38-012f-44a7-8ef8-897a57408968:192.168.151.109:34624, b0362125-041a-412e-80f3-086761e28f3c:192.168.151.109:32769, 467f3fdb-1a0d-4d86-8fd2-938cb172d61c:192.168.151.109:42633], old=null
2019-10-01 03:39:10,918 [Thread-2291] INFO  impl.FollowerState (FollowerState.java:run(108)) - 467f3fdb-1a0d-4d86-8fd2-938cb172d61c@group-319A780DD72D-FollowerState: change to CANDIDATE, lastRpcTime:5015ms, electionTimeout:5015ms
2019-10-01 03:39:10,918 [Thread-2291] INFO  impl.RoleInfo (RoleInfo.java:shutdownFollowerState(121)) - 467f3fdb-1a0d-4d86-8fd2-938cb172d61c: shutdown FollowerState
2019-10-01 03:39:10,919 [Thread-2291] INFO  impl.RaftServerImpl (RaftServerImpl.java:setRole(170)) - 467f3fdb-1a0d-4d86-8fd2-938cb172d61c@group-319A780DD72D: changes role from  FOLLOWER to CANDIDATE at term 0 for changeToCandidate
2019-10-01 03:39:10,919 [Thread-2291] INFO  impl.RoleInfo (RoleInfo.java:updateAndGet(143)) - 467f3fdb-1a0d-4d86-8fd2-938cb172d61c: start LeaderElection
2019-10-01 03:39:10,927 [grpc-default-executor-0] INFO  impl.RaftServerImpl (RaftServerImpl.java:setRole(170)) - b0362125-041a-412e-80f3-086761e28f3c@group-319A780DD72D: changes role from  FOLLOWER to FOLLOWER at term 1 for recognizeCandidate:1321ed38-012f-44a7-8ef8-897a57408968
2019-10-01 03:39:10,928 [grpc-default-executor-0] INFO  impl.RoleInfo (RoleInfo.java:shutdownFollowerState(121)) - b0362125-041a-412e-80f3-086761e28f3c: shutdown FollowerState
2019-10-01 03:39:10,928 [grpc-default-executor-0] INFO  impl.RoleInfo (RoleInfo.java:updateAndGet(143)) - b0362125-041a-412e-80f3-086761e28f3c: start FollowerState
2019-10-01 03:39:10,928 [Thread-2292] INFO  impl.FollowerState (FollowerState.java:run(117)) - b0362125-041a-412e-80f3-086761e28f3c@group-319A780DD72D-FollowerState was interrupted: java.lang.InterruptedException: sleep interrupted
2019-10-01 03:39:10,940 [467f3fdb-1a0d-4d86-8fd2-938cb172d61c@group-319A780DD72D-LeaderElection54] INFO  impl.LeaderElection (LeaderElection.java:askForVotes(178)) - 467f3fdb-1a0d-4d86-8fd2-938cb172d61c@group-319A780DD72D-LeaderElection54: begin an election at term 1 for -1: [1321ed38-012f-44a7-8ef8-897a57408968:192.168.151.109:34624, b0362125-041a-412e-80f3-086761e28f3c:192.168.151.109:32769, 467f3fdb-1a0d-4d86-8fd2-938cb172d61c:192.168.151.109:42633], old=null
2019-10-01 03:39:10,945 [1321ed38-012f-44a7-8ef8-897a57408968@group-319A780DD72D-LeaderElection53] INFO  impl.LeaderElection (LeaderElection.java:logAndReturn(56)) - 1321ed38-012f-44a7-8ef8-897a57408968@group-319A780DD72D-LeaderElection53: Election PASSED; received 1 response(s) [1321ed38-012f-44a7-8ef8-897a57408968<-b0362125-041a-412e-80f3-086761e28f3c#0:OK-t1] and 0 exception(s); 1321ed38-012f-44a7-8ef8-897a57408968@group-319A780DD72D:t1, leader=null, voted=1321ed38-012f-44a7-8ef8-897a57408968, raftlog=1321ed38-012f-44a7-8ef8-897a57408968@group-319A780DD72D-SegmentedRaftLog:OPENED:c-1,f-1,i0, conf=-1: [1321ed38-012f-44a7-8ef8-897a57408968:192.168.151.109:34624, b0362125-041a-412e-80f3-086761e28f3c:192.168.151.109:32769, 467f3fdb-1a0d-4d86-8fd2-938cb172d61c:192.168.151.109:42633], old=null
2019-10-01 03:39:10,946 [1321ed38-012f-44a7-8ef8-897a57408968@group-319A780DD72D-LeaderElection53] INFO  impl.RoleInfo (RoleInfo.java:shutdownLeaderElection(134)) - 1321ed38-012f-44a7-8ef8-897a57408968: shutdown LeaderElection
2019-10-01 03:39:10,946 [1321ed38-012f-44a7-8ef8-897a57408968@group-319A780DD72D-LeaderElection53] INFO  impl.RaftServerImpl (RaftServerImpl.java:setRole(170)) - 1321ed38-012f-44a7-8ef8-897a57408968@group-319A780DD72D: changes role from CANDIDATE to LEADER at term 1 for changeToLeader
2019-10-01 03:39:10,946 [1321ed38-012f-44a7-8ef8-897a57408968@group-319A780DD72D-LeaderElection53] INFO  impl.RaftServerImpl (ServerState.java:setLeader(255)) - 1321ed38-012f-44a7-8ef8-897a57408968@group-319A780DD72D: change Leader from null to 1321ed38-012f-44a7-8ef8-897a57408968 at term 1 for becomeLeader, leader elected after 5064ms
2019-10-01 03:39:10,946 [1321ed38-012f-44a7-8ef8-897a57408968@group-319A780DD72D-LeaderElection53] INFO  server.RaftServerConfigKeys (ConfUtils.java:logGet(43)) - raft.server.staging.catchup.gap = 1000 (default)
2019-10-01 03:39:10,946 [1321ed38-012f-44a7-8ef8-897a57408968@group-319A780DD72D-LeaderElection53] INFO  server.RaftServerConfigKeys (ConfUtils.java:logGet(43)) - raft.server.rpc.sleep.time = 25ms (default)
2019-10-01 03:39:10,947 [1321ed38-012f-44a7-8ef8-897a57408968@group-319A780DD72D-LeaderElection53] INFO  server.RaftServerConfigKeys (ConfUtils.java:logGet(43)) - raft.server.write.element-limit = 4096 (default)
2019-10-01 03:39:10,947 [1321ed38-012f-44a7-8ef8-897a57408968@group-319A780DD72D-LeaderElection53] INFO  server.RaftServerConfigKeys (ConfUtils.java:logGet(43)) - raft.server.watch.timeout = 10s (default)
2019-10-01 03:39:10,947 [1321ed38-012f-44a7-8ef8-897a57408968@group-319A780DD72D-LeaderElection53] INFO  server.RaftServerConfigKeys (ConfUtils.java:logGet(43)) - raft.server.watch.timeout.denomination = 1s (default)
2019-10-01 03:39:10,947 [1321ed38-012f-44a7-8ef8-897a57408968@group-319A780DD72D-LeaderElection53] INFO  server.RaftServerConfigKeys (ConfUtils.java:logGet(43)) - raft.server.watch.element-limit = 65536 (default)
2019-10-01 03:39:10,954 [1321ed38-012f-44a7-8ef8-897a57408968@group-319A780DD72D-LeaderElection53] INFO  server.RaftServerConfigKeys (ConfUtils.java:logGet(43)) - raft.server.log.appender.snapshot.chunk.size.max = 16MB (=16777216) (default)
2019-10-01 03:39:10,954 [1321ed38-012f-44a7-8ef8-897a57408968@group-319A780DD72D-LeaderElection53] INFO  server.RaftServerConfigKeys (ConfUtils.java:logGet(43)) - raft.server.log.appender.buffer.byte-limit = 33554432 (custom)
2019-10-01 03:39:10,954 [1321ed38-012f-44a7-8ef8-897a57408968@group-319A780DD72D-LeaderElection53] INFO  server.RaftServerConfigKeys (ConfUtils.java:logGet(43)) - raft.server.log.appender.buffer.element-limit = 1 (custom)
2019-10-01 03:39:10,954 [1321ed38-012f-44a7-8ef8-897a57408968@group-319A780DD72D-LeaderElection53] INFO  grpc.GrpcConfigKeys$Server (ConfUtils.java:logGet(43)) - raft.grpc.server.leader.outstanding.appends.max = 128 (default)
2019-10-01 03:39:10,954 [1321ed38-012f-44a7-8ef8-897a57408968@group-319A780DD72D-LeaderElection53] INFO  server.RaftServerConfigKeys (ConfUtils.java:logGet(43)) - raft.server.rpc.request.timeout = 3000ms (default)
2019-10-01 03:39:10,955 [1321ed38-012f-44a7-8ef8-897a57408968@group-319A780DD72D-LeaderElection53] INFO  server.RaftServerConfigKeys (ConfUtils.java:logGet(43)) - raft.server.log.appender.install.snapshot.enabled = false (custom)
2019-10-01 03:39:10,955 [1321ed38-012f-44a7-8ef8-897a57408968@group-319A780DD72D-LeaderElection53] INFO  server.RaftServerConfigKeys (ConfUtils.java:logGet(43)) - raft.server.log.appender.snapshot.chunk.size.max = 16MB (=16777216) (default)
2019-10-01 03:39:10,955 [1321ed38-012f-44a7-8ef8-897a57408968@group-319A780DD72D-LeaderElection53] INFO  server.RaftServerConfigKeys (ConfUtils.java:logGet(43)) - raft.server.log.appender.buffer.byte-limit = 33554432 (custom)
2019-10-01 03:39:10,955 [1321ed38-012f-44a7-8ef8-897a57408968@group-319A780DD72D-LeaderElection53] INFO  server.RaftServerConfigKeys (ConfUtils.java:logGet(43)) - raft.server.log.appender.buffer.element-limit = 1 (custom)
2019-10-01 03:39:10,955 [1321ed38-012f-44a7-8ef8-897a57408968@group-319A780DD72D-LeaderElection53] INFO  grpc.GrpcConfigKeys$Server (ConfUtils.java:logGet(43)) - raft.grpc.server.leader.outstanding.appends.max = 128 (default)
2019-10-01 03:39:10,955 [1321ed38-012f-44a7-8ef8-897a57408968@group-319A780DD72D-LeaderElection53] INFO  server.RaftServerConfigKeys (ConfUtils.java:logGet(43)) - raft.server.rpc.request.timeout = 3000ms (default)
2019-10-01 03:39:10,956 [1321ed38-012f-44a7-8ef8-897a57408968@group-319A780DD72D-LeaderElection53] INFO  server.RaftServerConfigKeys (ConfUtils.java:logGet(43)) - raft.server.log.appender.install.snapshot.enabled = false (custom)
2019-10-01 03:39:10,956 [1321ed38-012f-44a7-8ef8-897a57408968@group-319A780DD72D-LeaderElection53] INFO  impl.RoleInfo (RoleInfo.java:updateAndGet(143)) - 1321ed38-012f-44a7-8ef8-897a57408968: start LeaderState
2019-10-01 03:39:10,956 [1321ed38-012f-44a7-8ef8-897a57408968@group-319A780DD72D-LeaderElection53] INFO  segmented.SegmentedRaftLogWorker (SegmentedRaftLogWorker.java:startLogSegment(385)) - 1321ed38-012f-44a7-8ef8-897a57408968@group-319A780DD72D-SegmentedRaftLogWorker: Starting segment from index:0
2019-10-01 03:39:10,957 [1321ed38-012f-44a7-8ef8-897a57408968@group-319A780DD72D-LeaderElection53] INFO  impl.RaftServerImpl (ServerState.java:setRaftConf(356)) - 1321ed38-012f-44a7-8ef8-897a57408968@group-319A780DD72D: set configuration 0: [1321ed38-012f-44a7-8ef8-897a57408968:192.168.151.109:34624, b0362125-041a-412e-80f3-086761e28f3c:192.168.151.109:32769, 467f3fdb-1a0d-4d86-8fd2-938cb172d61c:192.168.151.109:42633], old=null at 0
2019-10-01 03:39:10,957 [grpc-default-executor-5] INFO  impl.RaftServerImpl (RaftServerImpl.java:requestVote(754)) - 1321ed38-012f-44a7-8ef8-897a57408968@group-319A780DD72D-   LEADER: Withhold vote from candidate 467f3fdb-1a0d-4d86-8fd2-938cb172d61c with term 1. State: leader=1321ed38-012f-44a7-8ef8-897a57408968, term=1, lastRpcElapsed=null
2019-10-01 03:39:11,026 [1321ed38-012f-44a7-8ef8-897a57408968@group-319A780DD72D-SegmentedRaftLogWorker] INFO  segmented.SegmentedRaftLogWorker (SegmentedRaftLogWorker.java:execute(574)) - 1321ed38-012f-44a7-8ef8-897a57408968@group-319A780DD72D-SegmentedRaftLogWorker: created new log segment /workdir/hadoop-ozone/integration-test/target/test-dir/MiniOzoneClusterImpl-67659162-a2b1-4c6f-a3f1-09d570d06e0f/datanode-1/data/ratis/764a1e22-e19a-4e25-896c-319a780dd72d/current/log_inprogress_0
2019-10-01 03:39:11,031 [Thread-2284] INFO  impl.FollowerState (FollowerState.java:run(108)) - 467f3fdb-1a0d-4d86-8fd2-938cb172d61c@group-52F1FCECDD5B-FollowerState: change to CANDIDATE, lastRpcTime:5177ms, electionTimeout:5174ms
2019-10-01 03:39:11,032 [467f3fdb-1a0d-4d86-8fd2-938cb172d61c@group-319A780DD72D-LeaderElection54] INFO  impl.LeaderElection (LeaderElection.java:logAndReturn(56)) - 467f3fdb-1a0d-4d86-8fd2-938cb172d61c@group-319A780DD72D-LeaderElection54: Election REJECTED; received 2 response(s) [467f3fdb-1a0d-4d86-8fd2-938cb172d61c<-b0362125-041a-412e-80f3-086761e28f3c#0:FAIL-t1, 467f3fdb-1a0d-4d86-8fd2-938cb172d61c<-1321ed38-012f-44a7-8ef8-897a57408968#0:FAIL-t1] and 0 exception(s); 467f3fdb-1a0d-4d86-8fd2-938cb172d61c@group-319A780DD72D:t1, leader=null, voted=467f3fdb-1a0d-4d86-8fd2-938cb172d61c, raftlog=467f3fdb-1a0d-4d86-8fd2-938cb172d61c@group-319A780DD72D-SegmentedRaftLog:OPENED:c-1,f-1,i0, conf=-1: [1321ed38-012f-44a7-8ef8-897a57408968:192.168.151.109:34624, b0362125-041a-412e-80f3-086761e28f3c:192.168.151.109:32769, 467f3fdb-1a0d-4d86-8fd2-938cb172d61c:192.168.151.109:42633], old=null
2019-10-01 03:39:11,032 [Thread-2284] INFO  impl.RoleInfo (RoleInfo.java:shutdownFollowerState(121)) - 467f3fdb-1a0d-4d86-8fd2-938cb172d61c: shutdown FollowerState
2019-10-01 03:39:11,032 [Thread-2284] INFO  impl.RaftServerImpl (RaftServerImpl.java:setRole(170)) - 467f3fdb-1a0d-4d86-8fd2-938cb172d61c@group-52F1FCECDD5B: changes role from  FOLLOWER to CANDIDATE at term 0 for changeToCandidate
2019-10-01 03:39:11,032 [467f3fdb-1a0d-4d86-8fd2-938cb172d61c@group-319A780DD72D-LeaderElection54] INFO  impl.RaftServerImpl (RaftServerImpl.java:setRole(170)) - 467f3fdb-1a0d-4d86-8fd2-938cb172d61c@group-319A780DD72D: changes role from CANDIDATE to FOLLOWER at term 1 for DISCOVERED_A_NEW_TERM
2019-10-01 03:39:11,032 [Thread-2284] INFO  impl.RoleInfo (RoleInfo.java:updateAndGet(143)) - 467f3fdb-1a0d-4d86-8fd2-938cb172d61c: start LeaderElection
2019-10-01 03:39:11,037 [467f3fdb-1a0d-4d86-8fd2-938cb172d61c@group-319A780DD72D-LeaderElection54] INFO  impl.RoleInfo (RoleInfo.java:shutdownLeaderElection(134)) - 467f3fdb-1a0d-4d86-8fd2-938cb172d61c: shutdown LeaderElection
2019-10-01 03:39:11,037 [467f3fdb-1a0d-4d86-8fd2-938cb172d61c@group-319A780DD72D-LeaderElection54] INFO  impl.RoleInfo (RoleInfo.java:updateAndGet(143)) - 467f3fdb-1a0d-4d86-8fd2-938cb172d61c: start FollowerState
2019-10-01 03:39:11,044 [grpc-default-executor-5] INFO  impl.RaftServerImpl (ServerState.java:setLeader(255)) - b0362125-041a-412e-80f3-086761e28f3c@group-319A780DD72D: change Leader from null to 1321ed38-012f-44a7-8ef8-897a57408968 at term 1 for appendEntries, leader elected after 5159ms
2019-10-01 03:39:11,048 [grpc-default-executor-0] INFO  impl.RaftServerImpl (ServerState.java:setLeader(255)) - 467f3fdb-1a0d-4d86-8fd2-938cb172d61c@group-319A780DD72D: change Leader from null to 1321ed38-012f-44a7-8ef8-897a57408968 at term 1 for appendEntries, leader elected after 5162ms
2019-10-01 03:39:11,054 [grpc-default-executor-5] INFO  impl.RaftServerImpl (ServerState.java:setRaftConf(356)) - 467f3fdb-1a0d-4d86-8fd2-938cb172d61c@group-319A780DD72D: set configuration 0: [1321ed38-012f-44a7-8ef8-897a57408968:192.168.151.109:34624, b0362125-041a-412e-80f3-086761e28f3c:192.168.151.109:32769, 467f3fdb-1a0d-4d86-8fd2-938cb172d61c:192.168.151.109:42633], old=null at 0
2019-10-01 03:39:11,054 [grpc-default-executor-0] INFO  impl.RaftServerImpl (ServerState.java:setRaftConf(356)) - b0362125-041a-412e-80f3-086761e28f3c@group-319A780DD72D: set configuration 0: [1321ed38-012f-44a7-8ef8-897a57408968:192.168.151.109:34624, b0362125-041a-412e-80f3-086761e28f3c:192.168.151.109:32769, 467f3fdb-1a0d-4d86-8fd2-938cb172d61c:192.168.151.109:42633], old=null at 0
2019-10-01 03:39:11,054 [grpc-default-executor-5] INFO  segmented.SegmentedRaftLogWorker (SegmentedRaftLogWorker.java:startLogSegment(385)) - 467f3fdb-1a0d-4d86-8fd2-938cb172d61c@group-319A780DD72D-SegmentedRaftLogWorker: Starting segment from index:0
2019-10-01 03:39:11,054 [grpc-default-executor-0] INFO  segmented.SegmentedRaftLogWorker (SegmentedRaftLogWorker.java:startLogSegment(385)) - b0362125-041a-412e-80f3-086761e28f3c@group-319A780DD72D-SegmentedRaftLogWorker: Starting segment from index:0
2019-10-01 03:39:11,064 [467f3fdb-1a0d-4d86-8fd2-938cb172d61c@group-52F1FCECDD5B-LeaderElection55] INFO  impl.LeaderElection (LeaderElection.java:askForVotes(178)) - 467f3fdb-1a0d-4d86-8fd2-938cb172d61c@group-52F1FCECDD5B-LeaderElection55: begin an election at term 1 for -1: [467f3fdb-1a0d-4d86-8fd2-938cb172d61c:192.168.151.109:42633], old=null
2019-10-01 03:39:11,064 [467f3fdb-1a0d-4d86-8fd2-938cb172d61c@group-52F1FCECDD5B-LeaderElection55] INFO  impl.RoleInfo (RoleInfo.java:shutdownLeaderElection(134)) - 467f3fdb-1a0d-4d86-8fd2-938cb172d61c: shutdown LeaderElection
2019-10-01 03:39:11,064 [467f3fdb-1a0d-4d86-8fd2-938cb172d61c@group-52F1FCECDD5B-LeaderElection55] INFO  impl.RaftServerImpl (RaftServerImpl.java:setRole(170)) - 467f3fdb-1a0d-4d86-8fd2-938cb172d61c@group-52F1FCECDD5B: changes role from CANDIDATE to LEADER at term 1 for changeToLeader
2019-10-01 03:39:11,064 [467f3fdb-1a0d-4d86-8fd2-938cb172d61c@group-52F1FCECDD5B-LeaderElection55] INFO  impl.RaftServerImpl (ServerState.java:setLeader(255)) - 467f3fdb-1a0d-4d86-8fd2-938cb172d61c@group-52F1FCECDD5B: change Leader from null to 467f3fdb-1a0d-4d86-8fd2-938cb172d61c at term 1 for becomeLeader, leader elected after 5217ms
2019-10-01 03:39:11,065 [467f3fdb-1a0d-4d86-8fd2-938cb172d61c@group-52F1FCECDD5B-LeaderElection55] INFO  server.RaftServerConfigKeys (ConfUtils.java:logGet(43)) - raft.server.staging.catchup.gap = 1000 (default)
2019-10-01 03:39:11,065 [467f3fdb-1a0d-4d86-8fd2-938cb172d61c@group-52F1FCECDD5B-LeaderElection55] INFO  server.RaftServerConfigKeys (ConfUtils.java:logGet(43)) - raft.server.rpc.sleep.time = 25ms (default)
2019-10-01 03:39:11,065 [467f3fdb-1a0d-4d86-8fd2-938cb172d61c@group-52F1FCECDD5B-LeaderElection55] INFO  server.RaftServerConfigKeys (ConfUtils.java:logGet(43)) - raft.server.write.element-limit = 4096 (default)
2019-10-01 03:39:11,065 [467f3fdb-1a0d-4d86-8fd2-938cb172d61c@group-52F1FCECDD5B-LeaderElection55] INFO  server.RaftServerConfigKeys (ConfUtils.java:logGet(43)) - raft.server.watch.timeout = 10s (default)
2019-10-01 03:39:11,065 [467f3fdb-1a0d-4d86-8fd2-938cb172d61c@group-52F1FCECDD5B-LeaderElection55] INFO  server.RaftServerConfigKeys (ConfUtils.java:logGet(43)) - raft.server.watch.timeout.denomination = 1s (default)
2019-10-01 03:39:11,065 [467f3fdb-1a0d-4d86-8fd2-938cb172d61c@group-52F1FCECDD5B-LeaderElection55] INFO  server.RaftServerConfigKeys (ConfUtils.java:logGet(43)) - raft.server.watch.element-limit = 65536 (default)
2019-10-01 03:39:11,066 [467f3fdb-1a0d-4d86-8fd2-938cb172d61c@group-52F1FCECDD5B-LeaderElection55] INFO  impl.RoleInfo (RoleInfo.java:updateAndGet(143)) - 467f3fdb-1a0d-4d86-8fd2-938cb172d61c: start LeaderState
2019-10-01 03:39:11,067 [467f3fdb-1a0d-4d86-8fd2-938cb172d61c@group-52F1FCECDD5B-LeaderElection55] INFO  segmented.SegmentedRaftLogWorker (SegmentedRaftLogWorker.java:startLogSegment(385)) - 467f3fdb-1a0d-4d86-8fd2-938cb172d61c@group-52F1FCECDD5B-SegmentedRaftLogWorker: Starting segment from index:0
2019-10-01 03:39:11,067 [467f3fdb-1a0d-4d86-8fd2-938cb172d61c@group-52F1FCECDD5B-LeaderElection55] INFO  impl.RaftServerImpl (ServerState.java:setRaftConf(356)) - 467f3fdb-1a0d-4d86-8fd2-938cb172d61c@group-52F1FCECDD5B: set configuration 0: [467f3fdb-1a0d-4d86-8fd2-938cb172d61c:192.168.151.109:42633], old=null at 0
2019-10-01 03:39:11,080 [Thread-2296] INFO  impl.FollowerState (FollowerState.java:run(108)) - a086a3c1-6899-4c45-b90a-aa11b3ab53ac@group-36D60F2216D9-FollowerState: change to CANDIDATE, lastRpcTime:5053ms, electionTimeout:5053ms
2019-10-01 03:39:11,081 [Thread-2296] INFO  impl.RoleInfo (RoleInfo.java:shutdownFollowerState(121)) - a086a3c1-6899-4c45-b90a-aa11b3ab53ac: shutdown FollowerState
2019-10-01 03:39:11,081 [Thread-2296] INFO  impl.RaftServerImpl (RaftServerImpl.java:setRole(170)) - a086a3c1-6899-4c45-b90a-aa11b3ab53ac@group-36D60F2216D9: changes role from  FOLLOWER to CANDIDATE at term 0 for changeToCandidate
2019-10-01 03:39:11,081 [Thread-2296] INFO  impl.RoleInfo (RoleInfo.java:updateAndGet(143)) - a086a3c1-6899-4c45-b90a-aa11b3ab53ac: start LeaderElection
2019-10-01 03:39:11,130 [b0362125-041a-412e-80f3-086761e28f3c@group-319A780DD72D-SegmentedRaftLogWorker] INFO  segmented.SegmentedRaftLogWorker (SegmentedRaftLogWorker.java:execute(574)) - b0362125-041a-412e-80f3-086761e28f3c@group-319A780DD72D-SegmentedRaftLogWorker: created new log segment /workdir/hadoop-ozone/integration-test/target/test-dir/MiniOzoneClusterImpl-67659162-a2b1-4c6f-a3f1-09d570d06e0f/datanode-0/data/ratis/764a1e22-e19a-4e25-896c-319a780dd72d/current/log_inprogress_0
2019-10-01 03:39:11,131 [a086a3c1-6899-4c45-b90a-aa11b3ab53ac@group-36D60F2216D9-LeaderElection56] INFO  impl.LeaderElection (LeaderElection.java:askForVotes(178)) - a086a3c1-6899-4c45-b90a-aa11b3ab53ac@group-36D60F2216D9-LeaderElection56: begin an election at term 1 for -1: [a086a3c1-6899-4c45-b90a-aa11b3ab53ac:192.168.151.109:46684], old=null
2019-10-01 03:39:11,131 [467f3fdb-1a0d-4d86-8fd2-938cb172d61c@group-52F1FCECDD5B-SegmentedRaftLogWorker] INFO  segmented.SegmentedRaftLogWorker (SegmentedRaftLogWorker.java:execute(574)) - 467f3fdb-1a0d-4d86-8fd2-938cb172d61c@group-52F1FCECDD5B-SegmentedRaftLogWorker: created new log segment /workdir/hadoop-ozone/integration-test/target/test-dir/MiniOzoneClusterImpl-67659162-a2b1-4c6f-a3f1-09d570d06e0f/datanode-2/data/ratis/4c033850-9e2a-4128-a54d-52f1fcecdd5b/current/log_inprogress_0
2019-10-01 03:39:11,131 [467f3fdb-1a0d-4d86-8fd2-938cb172d61c@group-319A780DD72D-SegmentedRaftLogWorker] INFO  segmented.SegmentedRaftLogWorker (SegmentedRaftLogWorker.java:execute(574)) - 467f3fdb-1a0d-4d86-8fd2-938cb172d61c@group-319A780DD72D-SegmentedRaftLogWorker: created new log segment /workdir/hadoop-ozone/integration-test/target/test-dir/MiniOzoneClusterImpl-67659162-a2b1-4c6f-a3f1-09d570d06e0f/datanode-2/data/ratis/764a1e22-e19a-4e25-896c-319a780dd72d/current/log_inprogress_0
2019-10-01 03:39:11,131 [a086a3c1-6899-4c45-b90a-aa11b3ab53ac@group-36D60F2216D9-LeaderElection56] INFO  impl.RoleInfo (RoleInfo.java:shutdownLeaderElection(134)) - a086a3c1-6899-4c45-b90a-aa11b3ab53ac: shutdown LeaderElection
2019-10-01 03:39:11,131 [a086a3c1-6899-4c45-b90a-aa11b3ab53ac@group-36D60F2216D9-LeaderElection56] INFO  impl.RaftServerImpl (RaftServerImpl.java:setRole(170)) - a086a3c1-6899-4c45-b90a-aa11b3ab53ac@group-36D60F2216D9: changes role from CANDIDATE to LEADER at term 1 for changeToLeader
2019-10-01 03:39:11,131 [a086a3c1-6899-4c45-b90a-aa11b3ab53ac@group-36D60F2216D9-LeaderElection56] INFO  impl.RaftServerImpl (ServerState.java:setLeader(255)) - a086a3c1-6899-4c45-b90a-aa11b3ab53ac@group-36D60F2216D9: change Leader from null to a086a3c1-6899-4c45-b90a-aa11b3ab53ac at term 1 for becomeLeader, leader elected after 5112ms
2019-10-01 03:39:11,131 [a086a3c1-6899-4c45-b90a-aa11b3ab53ac@group-36D60F2216D9-LeaderElection56] INFO  server.RaftServerConfigKeys (ConfUtils.java:logGet(43)) - raft.server.staging.catchup.gap = 1000 (default)
2019-10-01 03:39:11,131 [a086a3c1-6899-4c45-b90a-aa11b3ab53ac@group-36D60F2216D9-LeaderElection56] INFO  server.RaftServerConfigKeys (ConfUtils.java:logGet(43)) - raft.server.rpc.sleep.time = 25ms (default)
2019-10-01 03:39:11,132 [a086a3c1-6899-4c45-b90a-aa11b3ab53ac@group-36D60F2216D9-LeaderElection56] INFO  server.RaftServerConfigKeys (ConfUtils.java:logGet(43)) - raft.server.write.element-limit = 4096 (default)
2019-10-01 03:39:11,132 [a086a3c1-6899-4c45-b90a-aa11b3ab53ac@group-36D60F2216D9-LeaderElection56] INFO  server.RaftServerConfigKeys (ConfUtils.java:logGet(43)) - raft.server.watch.timeout = 10s (default)
2019-10-01 03:39:11,132 [a086a3c1-6899-4c45-b90a-aa11b3ab53ac@group-36D60F2216D9-LeaderElection56] INFO  server.RaftServerConfigKeys (ConfUtils.java:logGet(43)) - raft.server.watch.timeout.denomination = 1s (default)
2019-10-01 03:39:11,132 [a086a3c1-6899-4c45-b90a-aa11b3ab53ac@group-36D60F2216D9-LeaderElection56] INFO  server.RaftServerConfigKeys (ConfUtils.java:logGet(43)) - raft.server.watch.element-limit = 65536 (default)
2019-10-01 03:39:11,133 [a086a3c1-6899-4c45-b90a-aa11b3ab53ac@group-36D60F2216D9-LeaderElection56] INFO  impl.RoleInfo (RoleInfo.java:updateAndGet(143)) - a086a3c1-6899-4c45-b90a-aa11b3ab53ac: start LeaderState
2019-10-01 03:39:11,134 [a086a3c1-6899-4c45-b90a-aa11b3ab53ac@group-36D60F2216D9-LeaderElection56] INFO  segmented.SegmentedRaftLogWorker (SegmentedRaftLogWorker.java:startLogSegment(385)) - a086a3c1-6899-4c45-b90a-aa11b3ab53ac@group-36D60F2216D9-SegmentedRaftLogWorker: Starting segment from index:0
2019-10-01 03:39:11,134 [a086a3c1-6899-4c45-b90a-aa11b3ab53ac@group-36D60F2216D9-LeaderElection56] INFO  impl.RaftServerImpl (ServerState.java:setRaftConf(356)) - a086a3c1-6899-4c45-b90a-aa11b3ab53ac@group-36D60F2216D9: set configuration 0: [a086a3c1-6899-4c45-b90a-aa11b3ab53ac:192.168.151.109:46684], old=null at 0
2019-10-01 03:39:11,135 [Thread-2299] INFO  impl.FollowerState (FollowerState.java:run(108)) - 9beb7b3c-1359-4ac3-8f27-ebb4469f4b69@group-732F77924AF3-FollowerState: change to CANDIDATE, lastRpcTime:5058ms, electionTimeout:5058ms
2019-10-01 03:39:11,136 [Thread-2299] INFO  impl.RoleInfo (RoleInfo.java:shutdownFollowerState(121)) - 9beb7b3c-1359-4ac3-8f27-ebb4469f4b69: shutdown FollowerState
2019-10-01 03:39:11,136 [Thread-2299] INFO  impl.RaftServerImpl (RaftServerImpl.java:setRole(170)) - 9beb7b3c-1359-4ac3-8f27-ebb4469f4b69@group-732F77924AF3: changes role from  FOLLOWER to CANDIDATE at term 0 for changeToCandidate
2019-10-01 03:39:11,136 [Thread-2299] INFO  impl.RoleInfo (RoleInfo.java:updateAndGet(143)) - 9beb7b3c-1359-4ac3-8f27-ebb4469f4b69: start LeaderElection
2019-10-01 03:39:11,179 [a086a3c1-6899-4c45-b90a-aa11b3ab53ac@group-36D60F2216D9-SegmentedRaftLogWorker] INFO  segmented.SegmentedRaftLogWorker (SegmentedRaftLogWorker.java:execute(574)) - a086a3c1-6899-4c45-b90a-aa11b3ab53ac@group-36D60F2216D9-SegmentedRaftLogWorker: created new log segment /workdir/hadoop-ozone/integration-test/target/test-dir/MiniOzoneClusterImpl-67659162-a2b1-4c6f-a3f1-09d570d06e0f/datanode-3/data/ratis/1379d0eb-4322-4acf-9798-36d60f2216d9/current/log_inprogress_0
2019-10-01 03:39:11,179 [9beb7b3c-1359-4ac3-8f27-ebb4469f4b69@group-732F77924AF3-LeaderElection57] INFO  impl.LeaderElection (LeaderElection.java:askForVotes(178)) - 9beb7b3c-1359-4ac3-8f27-ebb4469f4b69@group-732F77924AF3-LeaderElection57: begin an election at term 1 for -1: [9beb7b3c-1359-4ac3-8f27-ebb4469f4b69:192.168.151.109:46847], old=null
2019-10-01 03:39:11,179 [9beb7b3c-1359-4ac3-8f27-ebb4469f4b69@group-732F77924AF3-LeaderElection57] INFO  impl.RoleInfo (RoleInfo.java:shutdownLeaderElection(134)) - 9beb7b3c-1359-4ac3-8f27-ebb4469f4b69: shutdown LeaderElection
2019-10-01 03:39:11,179 [9beb7b3c-1359-4ac3-8f27-ebb4469f4b69@group-732F77924AF3-LeaderElection57] INFO  impl.RaftServerImpl (RaftServerImpl.java:setRole(170)) - 9beb7b3c-1359-4ac3-8f27-ebb4469f4b69@group-732F77924AF3: changes role from CANDIDATE to LEADER at term 1 for changeToLeader
2019-10-01 03:39:11,179 [9beb7b3c-1359-4ac3-8f27-ebb4469f4b69@group-732F77924AF3-LeaderElection57] INFO  impl.RaftServerImpl (ServerState.java:setLeader(255)) - 9beb7b3c-1359-4ac3-8f27-ebb4469f4b69@group-732F77924AF3: change Leader from null to 9beb7b3c-1359-4ac3-8f27-ebb4469f4b69 at term 1 for becomeLeader, leader elected after 5106ms
2019-10-01 03:39:11,179 [9beb7b3c-1359-4ac3-8f27-ebb4469f4b69@group-732F77924AF3-LeaderElection57] INFO  server.RaftServerConfigKeys (ConfUtils.java:logGet(43)) - raft.server.staging.catchup.gap = 1000 (default)
2019-10-01 03:39:11,179 [9beb7b3c-1359-4ac3-8f27-ebb4469f4b69@group-732F77924AF3-LeaderElection57] INFO  server.RaftServerConfigKeys (ConfUtils.java:logGet(43)) - raft.server.rpc.sleep.time = 25ms (default)
2019-10-01 03:39:11,180 [9beb7b3c-1359-4ac3-8f27-ebb4469f4b69@group-732F77924AF3-LeaderElection57] INFO  server.RaftServerConfigKeys (ConfUtils.java:logGet(43)) - raft.server.write.element-limit = 4096 (default)
2019-10-01 03:39:11,180 [9beb7b3c-1359-4ac3-8f27-ebb4469f4b69@group-732F77924AF3-LeaderElection57] INFO  server.RaftServerConfigKeys (ConfUtils.java:logGet(43)) - raft.server.watch.timeout = 10s (default)
2019-10-01 03:39:11,180 [9beb7b3c-1359-4ac3-8f27-ebb4469f4b69@group-732F77924AF3-LeaderElection57] INFO  server.RaftServerConfigKeys (ConfUtils.java:logGet(43)) - raft.server.watch.timeout.denomination = 1s (default)
2019-10-01 03:39:11,180 [9beb7b3c-1359-4ac3-8f27-ebb4469f4b69@group-732F77924AF3-LeaderElection57] INFO  server.RaftServerConfigKeys (ConfUtils.java:logGet(43)) - raft.server.watch.element-limit = 65536 (default)
2019-10-01 03:39:11,182 [9beb7b3c-1359-4ac3-8f27-ebb4469f4b69@group-732F77924AF3-LeaderElection57] INFO  impl.RoleInfo (RoleInfo.java:updateAndGet(143)) - 9beb7b3c-1359-4ac3-8f27-ebb4469f4b69: start LeaderState
2019-10-01 03:39:11,182 [9beb7b3c-1359-4ac3-8f27-ebb4469f4b69@group-732F77924AF3-LeaderElection57] INFO  segmented.SegmentedRaftLogWorker (SegmentedRaftLogWorker.java:startLogSegment(385)) - 9beb7b3c-1359-4ac3-8f27-ebb4469f4b69@group-732F77924AF3-SegmentedRaftLogWorker: Starting segment from index:0
2019-10-01 03:39:11,183 [9beb7b3c-1359-4ac3-8f27-ebb4469f4b69@group-732F77924AF3-LeaderElection57] INFO  impl.RaftServerImpl (ServerState.java:setRaftConf(356)) - 9beb7b3c-1359-4ac3-8f27-ebb4469f4b69@group-732F77924AF3: set configuration 0: [9beb7b3c-1359-4ac3-8f27-ebb4469f4b69:192.168.151.109:46847], old=null at 0
2019-10-01 03:39:11,219 [9beb7b3c-1359-4ac3-8f27-ebb4469f4b69@group-732F77924AF3-SegmentedRaftLogWorker] INFO  segmented.SegmentedRaftLogWorker (SegmentedRaftLogWorker.java:execute(574)) - 9beb7b3c-1359-4ac3-8f27-ebb4469f4b69@group-732F77924AF3-SegmentedRaftLogWorker: created new log segment /workdir/hadoop-ozone/integration-test/target/test-dir/MiniOzoneClusterImpl-67659162-a2b1-4c6f-a3f1-09d570d06e0f/datanode-4/data/ratis/ea34b850-d5a4-423f-8bc5-732f77924af3/current/log_inprogress_0
2019-10-01 03:39:11,224 [Thread-2302] INFO  impl.FollowerState (FollowerState.java:run(108)) - 562e05b5-b7ec-4d88-9d19-fe27da8d8ac0@group-AB25BC85E80B-FollowerState: change to CANDIDATE, lastRpcTime:5102ms, electionTimeout:5102ms
2019-10-01 03:39:11,224 [Thread-2302] INFO  impl.RoleInfo (RoleInfo.java:shutdownFollowerState(121)) - 562e05b5-b7ec-4d88-9d19-fe27da8d8ac0: shutdown FollowerState
2019-10-01 03:39:11,224 [Thread-2302] INFO  impl.RaftServerImpl (RaftServerImpl.java:setRole(170)) - 562e05b5-b7ec-4d88-9d19-fe27da8d8ac0@group-AB25BC85E80B: changes role from  FOLLOWER to CANDIDATE at term 0 for changeToCandidate
2019-10-01 03:39:11,225 [Thread-2302] INFO  impl.RoleInfo (RoleInfo.java:updateAndGet(143)) - 562e05b5-b7ec-4d88-9d19-fe27da8d8ac0: start LeaderElection
2019-10-01 03:39:11,249 [562e05b5-b7ec-4d88-9d19-fe27da8d8ac0@group-AB25BC85E80B-LeaderElection58] INFO  impl.LeaderElection (LeaderElection.java:askForVotes(178)) - 562e05b5-b7ec-4d88-9d19-fe27da8d8ac0@group-AB25BC85E80B-LeaderElection58: begin an election at term 1 for -1: [562e05b5-b7ec-4d88-9d19-fe27da8d8ac0:192.168.151.109:36237], old=null
2019-10-01 03:39:11,249 [562e05b5-b7ec-4d88-9d19-fe27da8d8ac0@group-AB25BC85E80B-LeaderElection58] INFO  impl.RoleInfo (RoleInfo.java:shutdownLeaderElection(134)) - 562e05b5-b7ec-4d88-9d19-fe27da8d8ac0: shutdown LeaderElection
2019-10-01 03:39:11,250 [562e05b5-b7ec-4d88-9d19-fe27da8d8ac0@group-AB25BC85E80B-LeaderElection58] INFO  impl.RaftServerImpl (RaftServerImpl.java:setRole(170)) - 562e05b5-b7ec-4d88-9d19-fe27da8d8ac0@group-AB25BC85E80B: changes role from CANDIDATE to LEADER at term 1 for changeToLeader
2019-10-01 03:39:11,250 [562e05b5-b7ec-4d88-9d19-fe27da8d8ac0@group-AB25BC85E80B-LeaderElection58] INFO  impl.RaftServerImpl (ServerState.java:setLeader(255)) - 562e05b5-b7ec-4d88-9d19-fe27da8d8ac0@group-AB25BC85E80B: change Leader from null to 562e05b5-b7ec-4d88-9d19-fe27da8d8ac0 at term 1 for becomeLeader, leader elected after 5132ms
2019-10-01 03:39:11,250 [562e05b5-b7ec-4d88-9d19-fe27da8d8ac0@group-AB25BC85E80B-LeaderElection58] INFO  server.RaftServerConfigKeys (ConfUtils.java:logGet(43)) - raft.server.staging.catchup.gap = 1000 (default)
2019-10-01 03:39:11,250 [562e05b5-b7ec-4d88-9d19-fe27da8d8ac0@group-AB25BC85E80B-LeaderElection58] INFO  server.RaftServerConfigKeys (ConfUtils.java:logGet(43)) - raft.server.rpc.sleep.time = 25ms (default)
2019-10-01 03:39:11,250 [562e05b5-b7ec-4d88-9d19-fe27da8d8ac0@group-AB25BC85E80B-LeaderElection58] INFO  server.RaftServerConfigKeys (ConfUtils.java:logGet(43)) - raft.server.write.element-limit = 4096 (default)
2019-10-01 03:39:11,250 [562e05b5-b7ec-4d88-9d19-fe27da8d8ac0@group-AB25BC85E80B-LeaderElection58] INFO  server.RaftServerConfigKeys (ConfUtils.java:logGet(43)) - raft.server.watch.timeout = 10s (default)
2019-10-01 03:39:11,250 [562e05b5-b7ec-4d88-9d19-fe27da8d8ac0@group-AB25BC85E80B-LeaderElection58] INFO  server.RaftServerConfigKeys (ConfUtils.java:logGet(43)) - raft.server.watch.timeout.denomination = 1s (default)
2019-10-01 03:39:11,251 [562e05b5-b7ec-4d88-9d19-fe27da8d8ac0@group-AB25BC85E80B-LeaderElection58] INFO  server.RaftServerConfigKeys (ConfUtils.java:logGet(43)) - raft.server.watch.element-limit = 65536 (default)
2019-10-01 03:39:11,252 [562e05b5-b7ec-4d88-9d19-fe27da8d8ac0@group-AB25BC85E80B-LeaderElection58] INFO  impl.RoleInfo (RoleInfo.java:updateAndGet(143)) - 562e05b5-b7ec-4d88-9d19-fe27da8d8ac0: start LeaderState
2019-10-01 03:39:11,253 [562e05b5-b7ec-4d88-9d19-fe27da8d8ac0@group-AB25BC85E80B-LeaderElection58] INFO  segmented.SegmentedRaftLogWorker (SegmentedRaftLogWorker.java:startLogSegment(385)) - 562e05b5-b7ec-4d88-9d19-fe27da8d8ac0@group-AB25BC85E80B-SegmentedRaftLogWorker: Starting segment from index:0
2019-10-01 03:39:11,253 [562e05b5-b7ec-4d88-9d19-fe27da8d8ac0@group-AB25BC85E80B-LeaderElection58] INFO  impl.RaftServerImpl (ServerState.java:setRaftConf(356)) - 562e05b5-b7ec-4d88-9d19-fe27da8d8ac0@group-AB25BC85E80B: set configuration 0: [562e05b5-b7ec-4d88-9d19-fe27da8d8ac0:192.168.151.109:36237], old=null at 0
2019-10-01 03:39:11,292 [562e05b5-b7ec-4d88-9d19-fe27da8d8ac0@group-AB25BC85E80B-SegmentedRaftLogWorker] INFO  segmented.SegmentedRaftLogWorker (SegmentedRaftLogWorker.java:execute(574)) - 562e05b5-b7ec-4d88-9d19-fe27da8d8ac0@group-AB25BC85E80B-SegmentedRaftLogWorker: created new log segment /workdir/hadoop-ozone/integration-test/target/test-dir/MiniOzoneClusterImpl-67659162-a2b1-4c6f-a3f1-09d570d06e0f/datanode-5/data/ratis/14a263d4-514b-4fed-b14b-ab25bc85e80b/current/log_inprogress_0
2019-10-01 03:39:11,301 [Thread-2310] INFO  impl.FollowerState (FollowerState.java:run(108)) - 562e05b5-b7ec-4d88-9d19-fe27da8d8ac0@group-9620F88608F8-FollowerState: change to CANDIDATE, lastRpcTime:5115ms, electionTimeout:5115ms
2019-10-01 03:39:11,301 [Thread-2310] INFO  impl.RoleInfo (RoleInfo.java:shutdownFollowerState(121)) - 562e05b5-b7ec-4d88-9d19-fe27da8d8ac0: shutdown FollowerState
2019-10-01 03:39:11,301 [Thread-2310] INFO  impl.RaftServerImpl (RaftServerImpl.java:setRole(170)) - 562e05b5-b7ec-4d88-9d19-fe27da8d8ac0@group-9620F88608F8: changes role from  FOLLOWER to CANDIDATE at term 0 for changeToCandidate
2019-10-01 03:39:11,301 [Thread-2310] INFO  impl.RoleInfo (RoleInfo.java:updateAndGet(143)) - 562e05b5-b7ec-4d88-9d19-fe27da8d8ac0: start LeaderElection
2019-10-01 03:39:11,333 [562e05b5-b7ec-4d88-9d19-fe27da8d8ac0@group-9620F88608F8-LeaderElection59] INFO  impl.LeaderElection (LeaderElection.java:askForVotes(178)) - 562e05b5-b7ec-4d88-9d19-fe27da8d8ac0@group-9620F88608F8-LeaderElection59: begin an election at term 1 for -1: [a086a3c1-6899-4c45-b90a-aa11b3ab53ac:192.168.151.109:46684, 9beb7b3c-1359-4ac3-8f27-ebb4469f4b69:192.168.151.109:46847, 562e05b5-b7ec-4d88-9d19-fe27da8d8ac0:192.168.151.109:36237], old=null
2019-10-01 03:39:11,354 [grpc-default-executor-6] INFO  impl.RaftServerImpl (RaftServerImpl.java:setRole(170)) - a086a3c1-6899-4c45-b90a-aa11b3ab53ac@group-9620F88608F8: changes role from  FOLLOWER to FOLLOWER at term 1 for recognizeCandidate:562e05b5-b7ec-4d88-9d19-fe27da8d8ac0
2019-10-01 03:39:11,354 [grpc-default-executor-6] INFO  impl.RoleInfo (RoleInfo.java:shutdownFollowerState(121)) - a086a3c1-6899-4c45-b90a-aa11b3ab53ac: shutdown FollowerState
2019-10-01 03:39:11,354 [grpc-default-executor-6] INFO  impl.RoleInfo (RoleInfo.java:updateAndGet(143)) - a086a3c1-6899-4c45-b90a-aa11b3ab53ac: start FollowerState
2019-10-01 03:39:11,354 [Thread-2309] INFO  impl.FollowerState (FollowerState.java:run(117)) - a086a3c1-6899-4c45-b90a-aa11b3ab53ac@group-9620F88608F8-FollowerState was interrupted: java.lang.InterruptedException: sleep interrupted
2019-10-01 03:39:11,359 [grpc-default-executor-5] INFO  impl.RaftServerImpl (RaftServerImpl.java:setRole(170)) - 9beb7b3c-1359-4ac3-8f27-ebb4469f4b69@group-9620F88608F8: changes role from  FOLLOWER to FOLLOWER at term 1 for recognizeCandidate:562e05b5-b7ec-4d88-9d19-fe27da8d8ac0
2019-10-01 03:39:11,359 [grpc-default-executor-5] INFO  impl.RoleInfo (RoleInfo.java:shutdownFollowerState(121)) - 9beb7b3c-1359-4ac3-8f27-ebb4469f4b69: shutdown FollowerState
2019-10-01 03:39:11,359 [grpc-default-executor-5] INFO  impl.RoleInfo (RoleInfo.java:updateAndGet(143)) - 9beb7b3c-1359-4ac3-8f27-ebb4469f4b69: start FollowerState
2019-10-01 03:39:11,359 [Thread-2305] INFO  impl.FollowerState (FollowerState.java:run(117)) - 9beb7b3c-1359-4ac3-8f27-ebb4469f4b69@group-9620F88608F8-FollowerState was interrupted: java.lang.InterruptedException: sleep interrupted
2019-10-01 03:39:11,369 [grpc-default-executor-0] WARN  server.GrpcLogAppender (LogUtils.java:warn(134)) - 337eeeca-189e-484a-8ae8-9f26fc3b75ba@group-403EB97D77B2->9df5af2a-73e5-4e4a-9c0b-ccd89ab155b9-AppendLogResponseHandler: Failed appendEntries: org.apache.ratis.thirdparty.io.grpc.StatusRuntimeException: UNAVAILABLE: io exception
2019-10-01 03:39:11,369 [grpc-default-executor-0] INFO  impl.FollowerInfo (FollowerInfo.java:lambda$new$0(51)) - 337eeeca-189e-484a-8ae8-9f26fc3b75ba@group-403EB97D77B2->9df5af2a-73e5-4e4a-9c0b-ccd89ab155b9: nextIndex: updateUnconditionally 0 -> 0
2019-10-01 03:39:11,383 [562e05b5-b7ec-4d88-9d19-fe27da8d8ac0@group-9620F88608F8-LeaderElection59] INFO  impl.LeaderElection (LeaderElection.java:logAndReturn(56)) - 562e05b5-b7ec-4d88-9d19-fe27da8d8ac0@group-9620F88608F8-LeaderElection59: Election PASSED; received 1 response(s) [562e05b5-b7ec-4d88-9d19-fe27da8d8ac0<-a086a3c1-6899-4c45-b90a-aa11b3ab53ac#0:OK-t1] and 0 exception(s); 562e05b5-b7ec-4d88-9d19-fe27da8d8ac0@group-9620F88608F8:t1, leader=null, voted=562e05b5-b7ec-4d88-9d19-fe27da8d8ac0, raftlog=562e05b5-b7ec-4d88-9d19-fe27da8d8ac0@group-9620F88608F8-SegmentedRaftLog:OPENED:c-1,f-1,i0, conf=-1: [a086a3c1-6899-4c45-b90a-aa11b3ab53ac:192.168.151.109:46684, 9beb7b3c-1359-4ac3-8f27-ebb4469f4b69:192.168.151.109:46847, 562e05b5-b7ec-4d88-9d19-fe27da8d8ac0:192.168.151.109:36237], old=null
2019-10-01 03:39:11,384 [562e05b5-b7ec-4d88-9d19-fe27da8d8ac0@group-9620F88608F8-LeaderElection59] INFO  impl.RoleInfo (RoleInfo.java:shutdownLeaderElection(134)) - 562e05b5-b7ec-4d88-9d19-fe27da8d8ac0: shutdown LeaderElection
2019-10-01 03:39:11,384 [562e05b5-b7ec-4d88-9d19-fe27da8d8ac0@group-9620F88608F8-LeaderElection59] INFO  impl.RaftServerImpl (RaftServerImpl.java:setRole(170)) - 562e05b5-b7ec-4d88-9d19-fe27da8d8ac0@group-9620F88608F8: changes role from CANDIDATE to LEADER at term 1 for changeToLeader
2019-10-01 03:39:11,384 [562e05b5-b7ec-4d88-9d19-fe27da8d8ac0@group-9620F88608F8-LeaderElection59] INFO  impl.RaftServerImpl (ServerState.java:setLeader(255)) - 562e05b5-b7ec-4d88-9d19-fe27da8d8ac0@group-9620F88608F8: change Leader from null to 562e05b5-b7ec-4d88-9d19-fe27da8d8ac0 at term 1 for becomeLeader, leader elected after 5211ms
2019-10-01 03:39:11,384 [562e05b5-b7ec-4d88-9d19-fe27da8d8ac0@group-9620F88608F8-LeaderElection59] INFO  server.RaftServerConfigKeys (ConfUtils.java:logGet(43)) - raft.server.staging.catchup.gap = 1000 (default)
2019-10-01 03:39:11,384 [562e05b5-b7ec-4d88-9d19-fe27da8d8ac0@group-9620F88608F8-LeaderElection59] INFO  server.RaftServerConfigKeys (ConfUtils.java:logGet(43)) - raft.server.rpc.sleep.time = 25ms (default)
2019-10-01 03:39:11,385 [562e05b5-b7ec-4d88-9d19-fe27da8d8ac0@group-9620F88608F8-LeaderElection59] INFO  server.RaftServerConfigKeys (ConfUtils.java:logGet(43)) - raft.server.write.element-limit = 4096 (default)
2019-10-01 03:39:11,385 [562e05b5-b7ec-4d88-9d19-fe27da8d8ac0@group-9620F88608F8-LeaderElection59] INFO  server.RaftServerConfigKeys (ConfUtils.java:logGet(43)) - raft.server.watch.timeout = 10s (default)
2019-10-01 03:39:11,385 [562e05b5-b7ec-4d88-9d19-fe27da8d8ac0@group-9620F88608F8-LeaderElection59] INFO  server.RaftServerConfigKeys (ConfUtils.java:logGet(43)) - raft.server.watch.timeout.denomination = 1s (default)
2019-10-01 03:39:11,385 [562e05b5-b7ec-4d88-9d19-fe27da8d8ac0@group-9620F88608F8-LeaderElection59] INFO  server.RaftServerConfigKeys (ConfUtils.java:logGet(43)) - raft.server.watch.element-limit = 65536 (default)
2019-10-01 03:39:11,385 [grpc-default-executor-5] WARN  server.GrpcLogAppender (LogUtils.java:warn(134)) - 337eeeca-189e-484a-8ae8-9f26fc3b75ba@group-403EB97D77B2->1e85a46c-0611-47c1-8e7b-e152e7434ac8-AppendLogResponseHandler: Failed appendEntries: org.apache.ratis.thirdparty.io.grpc.StatusRuntimeException: UNAVAILABLE: io exception
2019-10-01 03:39:11,389 [grpc-default-executor-5] INFO  impl.FollowerInfo (FollowerInfo.java:lambda$new$0(51)) - 337eeeca-189e-484a-8ae8-9f26fc3b75ba@group-403EB97D77B2->1e85a46c-0611-47c1-8e7b-e152e7434ac8: nextIndex: updateUnconditionally 0 -> 0
2019-10-01 03:39:11,390 [562e05b5-b7ec-4d88-9d19-fe27da8d8ac0@group-9620F88608F8-LeaderElection59] INFO  server.RaftServerConfigKeys (ConfUtils.java:logGet(43)) - raft.server.log.appender.snapshot.chunk.size.max = 16MB (=16777216) (default)
2019-10-01 03:39:11,390 [562e05b5-b7ec-4d88-9d19-fe27da8d8ac0@group-9620F88608F8-LeaderElection59] INFO  server.RaftServerConfigKeys (ConfUtils.java:logGet(43)) - raft.server.log.appender.buffer.byte-limit = 33554432 (custom)
2019-10-01 03:39:11,390 [562e05b5-b7ec-4d88-9d19-fe27da8d8ac0@group-9620F88608F8-LeaderElection59] INFO  server.RaftServerConfigKeys (ConfUtils.java:logGet(43)) - raft.server.log.appender.buffer.element-limit = 1 (custom)
2019-10-01 03:39:11,390 [562e05b5-b7ec-4d88-9d19-fe27da8d8ac0@group-9620F88608F8-LeaderElection59] INFO  grpc.GrpcConfigKeys$Server (ConfUtils.java:logGet(43)) - raft.grpc.server.leader.outstanding.appends.max = 128 (default)
2019-10-01 03:39:11,391 [562e05b5-b7ec-4d88-9d19-fe27da8d8ac0@group-9620F88608F8-LeaderElection59] INFO  server.RaftServerConfigKeys (ConfUtils.java:logGet(43)) - raft.server.rpc.request.timeout = 3000ms (default)
2019-10-01 03:39:11,391 [562e05b5-b7ec-4d88-9d19-fe27da8d8ac0@group-9620F88608F8-LeaderElection59] INFO  server.RaftServerConfigKeys (ConfUtils.java:logGet(43)) - raft.server.log.appender.install.snapshot.enabled = false (custom)
2019-10-01 03:39:11,391 [562e05b5-b7ec-4d88-9d19-fe27da8d8ac0@group-9620F88608F8-LeaderElection59] INFO  server.RaftServerConfigKeys (ConfUtils.java:logGet(43)) - raft.server.log.appender.snapshot.chunk.size.max = 16MB (=16777216) (default)
2019-10-01 03:39:11,391 [562e05b5-b7ec-4d88-9d19-fe27da8d8ac0@group-9620F88608F8-LeaderElection59] INFO  server.RaftServerConfigKeys (ConfUtils.java:logGet(43)) - raft.server.log.appender.buffer.byte-limit = 33554432 (custom)
2019-10-01 03:39:11,391 [562e05b5-b7ec-4d88-9d19-fe27da8d8ac0@group-9620F88608F8-LeaderElection59] INFO  server.RaftServerConfigKeys (ConfUtils.java:logGet(43)) - raft.server.log.appender.buffer.element-limit = 1 (custom)
2019-10-01 03:39:11,391 [562e05b5-b7ec-4d88-9d19-fe27da8d8ac0@group-9620F88608F8-LeaderElection59] INFO  grpc.GrpcConfigKeys$Server (ConfUtils.java:logGet(43)) - raft.grpc.server.leader.outstanding.appends.max = 128 (default)
2019-10-01 03:39:11,391 [562e05b5-b7ec-4d88-9d19-fe27da8d8ac0@group-9620F88608F8-LeaderElection59] INFO  server.RaftServerConfigKeys (ConfUtils.java:logGet(43)) - raft.server.rpc.request.timeout = 3000ms (default)
2019-10-01 03:39:11,391 [562e05b5-b7ec-4d88-9d19-fe27da8d8ac0@group-9620F88608F8-LeaderElection59] INFO  server.RaftServerConfigKeys (ConfUtils.java:logGet(43)) - raft.server.log.appender.install.snapshot.enabled = false (custom)
2019-10-01 03:39:11,392 [562e05b5-b7ec-4d88-9d19-fe27da8d8ac0@group-9620F88608F8-LeaderElection59] INFO  impl.RoleInfo (RoleInfo.java:updateAndGet(143)) - 562e05b5-b7ec-4d88-9d19-fe27da8d8ac0: start LeaderState
2019-10-01 03:39:11,392 [562e05b5-b7ec-4d88-9d19-fe27da8d8ac0@group-9620F88608F8-LeaderElection59] INFO  segmented.SegmentedRaftLogWorker (SegmentedRaftLogWorker.java:startLogSegment(385)) - 562e05b5-b7ec-4d88-9d19-fe27da8d8ac0@group-9620F88608F8-SegmentedRaftLogWorker: Starting segment from index:0
2019-10-01 03:39:11,392 [562e05b5-b7ec-4d88-9d19-fe27da8d8ac0@group-9620F88608F8-LeaderElection59] INFO  impl.RaftServerImpl (ServerState.java:setRaftConf(356)) - 562e05b5-b7ec-4d88-9d19-fe27da8d8ac0@group-9620F88608F8: set configuration 0: [a086a3c1-6899-4c45-b90a-aa11b3ab53ac:192.168.151.109:46684, 9beb7b3c-1359-4ac3-8f27-ebb4469f4b69:192.168.151.109:46847, 562e05b5-b7ec-4d88-9d19-fe27da8d8ac0:192.168.151.109:36237], old=null at 0
2019-10-01 03:39:11,425 [grpc-default-executor-5] INFO  impl.RaftServerImpl (ServerState.java:setLeader(255)) - a086a3c1-6899-4c45-b90a-aa11b3ab53ac@group-9620F88608F8: change Leader from null to 562e05b5-b7ec-4d88-9d19-fe27da8d8ac0 at term 1 for appendEntries, leader elected after 5253ms
2019-10-01 03:39:11,425 [grpc-default-executor-2] INFO  impl.RaftServerImpl (ServerState.java:setLeader(255)) - 9beb7b3c-1359-4ac3-8f27-ebb4469f4b69@group-9620F88608F8: change Leader from null to 562e05b5-b7ec-4d88-9d19-fe27da8d8ac0 at term 1 for appendEntries, leader elected after 5253ms
2019-10-01 03:39:11,427 [grpc-default-executor-2] INFO  impl.RaftServerImpl (ServerState.java:setRaftConf(356)) - a086a3c1-6899-4c45-b90a-aa11b3ab53ac@group-9620F88608F8: set configuration 0: [a086a3c1-6899-4c45-b90a-aa11b3ab53ac:192.168.151.109:46684, 9beb7b3c-1359-4ac3-8f27-ebb4469f4b69:192.168.151.109:46847, 562e05b5-b7ec-4d88-9d19-fe27da8d8ac0:192.168.151.109:36237], old=null at 0
2019-10-01 03:39:11,427 [grpc-default-executor-5] INFO  impl.RaftServerImpl (ServerState.java:setRaftConf(356)) - 9beb7b3c-1359-4ac3-8f27-ebb4469f4b69@group-9620F88608F8: set configuration 0: [a086a3c1-6899-4c45-b90a-aa11b3ab53ac:192.168.151.109:46684, 9beb7b3c-1359-4ac3-8f27-ebb4469f4b69:192.168.151.109:46847, 562e05b5-b7ec-4d88-9d19-fe27da8d8ac0:192.168.151.109:36237], old=null at 0
2019-10-01 03:39:11,428 [grpc-default-executor-2] INFO  segmented.SegmentedRaftLogWorker (SegmentedRaftLogWorker.java:startLogSegment(385)) - a086a3c1-6899-4c45-b90a-aa11b3ab53ac@group-9620F88608F8-SegmentedRaftLogWorker: Starting segment from index:0
2019-10-01 03:39:11,428 [grpc-default-executor-5] INFO  segmented.SegmentedRaftLogWorker (SegmentedRaftLogWorker.java:startLogSegment(385)) - 9beb7b3c-1359-4ac3-8f27-ebb4469f4b69@group-9620F88608F8-SegmentedRaftLogWorker: Starting segment from index:0
2019-10-01 03:39:11,437 [562e05b5-b7ec-4d88-9d19-fe27da8d8ac0@group-9620F88608F8-SegmentedRaftLogWorker] INFO  segmented.SegmentedRaftLogWorker (SegmentedRaftLogWorker.java:execute(574)) - 562e05b5-b7ec-4d88-9d19-fe27da8d8ac0@group-9620F88608F8-SegmentedRaftLogWorker: created new log segment /workdir/hadoop-ozone/integration-test/target/test-dir/MiniOzoneClusterImpl-67659162-a2b1-4c6f-a3f1-09d570d06e0f/datanode-5/data/ratis/f367db54-5458-44ae-95f4-9620f88608f8/current/log_inprogress_0
2019-10-01 03:39:11,471 [a086a3c1-6899-4c45-b90a-aa11b3ab53ac@group-9620F88608F8-SegmentedRaftLogWorker] INFO  segmented.SegmentedRaftLogWorker (SegmentedRaftLogWorker.java:execute(574)) - a086a3c1-6899-4c45-b90a-aa11b3ab53ac@group-9620F88608F8-SegmentedRaftLogWorker: created new log segment /workdir/hadoop-ozone/integration-test/target/test-dir/MiniOzoneClusterImpl-67659162-a2b1-4c6f-a3f1-09d570d06e0f/datanode-3/data/ratis/f367db54-5458-44ae-95f4-9620f88608f8/current/log_inprogress_0
2019-10-01 03:39:11,471 [9beb7b3c-1359-4ac3-8f27-ebb4469f4b69@group-9620F88608F8-SegmentedRaftLogWorker] INFO  segmented.SegmentedRaftLogWorker (SegmentedRaftLogWorker.java:execute(574)) - 9beb7b3c-1359-4ac3-8f27-ebb4469f4b69@group-9620F88608F8-SegmentedRaftLogWorker: created new log segment /workdir/hadoop-ozone/integration-test/target/test-dir/MiniOzoneClusterImpl-67659162-a2b1-4c6f-a3f1-09d570d06e0f/datanode-4/data/ratis/f367db54-5458-44ae-95f4-9620f88608f8/current/log_inprogress_0
2019-10-01 03:39:12,478 [Datanode State Machine Thread - 0] INFO  statemachine.DatanodeStateMachine (DatanodeStateMachine.java:lambda$startDaemon$0(350)) - Ozone container server started.
2019-10-01 03:39:13,869 [grpc-default-executor-2] WARN  server.GrpcLogAppender (LogUtils.java:warn(134)) - 337eeeca-189e-484a-8ae8-9f26fc3b75ba@group-403EB97D77B2->9df5af2a-73e5-4e4a-9c0b-ccd89ab155b9-AppendLogResponseHandler: Failed appendEntries: org.apache.ratis.thirdparty.io.grpc.StatusRuntimeException: UNAVAILABLE: io exception
2019-10-01 03:39:13,870 [grpc-default-executor-2] INFO  impl.FollowerInfo (FollowerInfo.java:lambda$new$0(51)) - 337eeeca-189e-484a-8ae8-9f26fc3b75ba@group-403EB97D77B2->9df5af2a-73e5-4e4a-9c0b-ccd89ab155b9: nextIndex: updateUnconditionally 0 -> 0
2019-10-01 03:39:13,885 [grpc-default-executor-0] WARN  server.GrpcLogAppender (LogUtils.java:warn(134)) - 337eeeca-189e-484a-8ae8-9f26fc3b75ba@group-403EB97D77B2->1e85a46c-0611-47c1-8e7b-e152e7434ac8-AppendLogResponseHandler: Failed appendEntries: org.apache.ratis.thirdparty.io.grpc.StatusRuntimeException: UNAVAILABLE: io exception
2019-10-01 03:39:13,885 [grpc-default-executor-0] INFO  impl.FollowerInfo (FollowerInfo.java:lambda$new$0(51)) - 337eeeca-189e-484a-8ae8-9f26fc3b75ba@group-403EB97D77B2->1e85a46c-0611-47c1-8e7b-e152e7434ac8: nextIndex: updateUnconditionally 0 -> 0
2019-10-01 03:39:16,372 [grpc-default-executor-0] WARN  server.GrpcLogAppender (LogUtils.java:warn(134)) - 337eeeca-189e-484a-8ae8-9f26fc3b75ba@group-403EB97D77B2->9df5af2a-73e5-4e4a-9c0b-ccd89ab155b9-AppendLogResponseHandler: Failed appendEntries: org.apache.ratis.thirdparty.io.grpc.StatusRuntimeException: UNAVAILABLE: io exception
2019-10-01 03:39:16,373 [grpc-default-executor-0] INFO  impl.FollowerInfo (FollowerInfo.java:lambda$new$0(51)) - 337eeeca-189e-484a-8ae8-9f26fc3b75ba@group-403EB97D77B2->9df5af2a-73e5-4e4a-9c0b-ccd89ab155b9: nextIndex: updateUnconditionally 0 -> 0
2019-10-01 03:39:16,386 [grpc-default-executor-6] WARN  server.GrpcLogAppender (LogUtils.java:warn(134)) - 337eeeca-189e-484a-8ae8-9f26fc3b75ba@group-403EB97D77B2->1e85a46c-0611-47c1-8e7b-e152e7434ac8-AppendLogResponseHandler: Failed appendEntries: org.apache.ratis.thirdparty.io.grpc.StatusRuntimeException: UNAVAILABLE: io exception
2019-10-01 03:39:16,386 [grpc-default-executor-6] INFO  impl.FollowerInfo (FollowerInfo.java:lambda$new$0(51)) - 337eeeca-189e-484a-8ae8-9f26fc3b75ba@group-403EB97D77B2->1e85a46c-0611-47c1-8e7b-e152e7434ac8: nextIndex: updateUnconditionally 0 -> 0
2019-10-01 03:39:16,499 [main] INFO  ozoneimpl.OzoneContainer (OzoneContainer.java:stop(231)) - Attempting to stop container services.
2019-10-01 03:39:16,500 [main] INFO  impl.RaftServerProxy (RaftServerProxy.java:lambda$close$4(314)) - 1321ed38-012f-44a7-8ef8-897a57408968: close
2019-10-01 03:39:16,500 [main] INFO  impl.RaftServerImpl (RaftServerImpl.java:lambda$shutdown$3(247)) - 1321ed38-012f-44a7-8ef8-897a57408968@group-319A780DD72D: shutdown
2019-10-01 03:39:16,500 [main] INFO  util.JmxRegister (JmxRegister.java:unregister(73)) - Successfully un-registered JMX Bean with object name Ratis:service=RaftServer,group=group-319A780DD72D,id=1321ed38-012f-44a7-8ef8-897a57408968
2019-10-01 03:39:16,501 [main] INFO  impl.RoleInfo (RoleInfo.java:shutdownLeaderState(104)) - 1321ed38-012f-44a7-8ef8-897a57408968: shutdown LeaderState
2019-10-01 03:39:16,507 [main] INFO  impl.PendingRequests (PendingRequests.java:sendNotLeaderResponses(202)) - 1321ed38-012f-44a7-8ef8-897a57408968@group-319A780DD72D-PendingRequests: sendNotLeaderResponses
2019-10-01 03:39:16,507 [org.apache.ratis.server.impl.LogAppender$AppenderDaemon$$Lambda$524/1728587043@105082c1] WARN  server.GrpcLogAppender (GrpcLogAppender.java:mayWait(143)) - 1321ed38-012f-44a7-8ef8-897a57408968@group-319A780DD72D->b0362125-041a-412e-80f3-086761e28f3c-GrpcLogAppender: Wait interrupted by java.lang.InterruptedException
2019-10-01 03:39:16,507 [org.apache.ratis.server.impl.LogAppender$AppenderDaemon$$Lambda$524/1728587043@1c1d5431] WARN  server.GrpcLogAppender (GrpcLogAppender.java:mayWait(143)) - 1321ed38-012f-44a7-8ef8-897a57408968@group-319A780DD72D->467f3fdb-1a0d-4d86-8fd2-938cb172d61c-GrpcLogAppender: Wait interrupted by java.lang.InterruptedException
2019-10-01 03:39:16,518 [main] INFO  impl.StateMachineUpdater (StateMachineUpdater.java:stopAndJoin(136)) - 1321ed38-012f-44a7-8ef8-897a57408968@group-319A780DD72D-StateMachineUpdater: set stopIndex = 2
2019-10-01 03:39:16,518 [1321ed38-012f-44a7-8ef8-897a57408968@group-319A780DD72D-StateMachineUpdater] INFO  ratis.ContainerStateMachine (ContainerStateMachine.java:takeSnapshot(289)) - group-319A780DD72D: Taking a snapshot at:(t:1, i:2) file /workdir/hadoop-ozone/integration-test/target/test-dir/MiniOzoneClusterImpl-67659162-a2b1-4c6f-a3f1-09d570d06e0f/datanode-1/data/ratis/764a1e22-e19a-4e25-896c-319a780dd72d/sm/snapshot.1_2
2019-10-01 03:39:16,518 [grpc-default-executor-6] INFO  server.GrpcServerProtocolService (GrpcServerProtocolService.java:onCompleted(113)) - b0362125-041a-412e-80f3-086761e28f3c: Completed APPEND_ENTRIES, lastRequest: 1321ed38-012f-44a7-8ef8-897a57408968->b0362125-041a-412e-80f3-086761e28f3c#5-t1, previous=(t:1, i:2), leaderCommit=2, initializing? false, entries: <empty>
2019-10-01 03:39:16,518 [grpc-default-executor-2] INFO  server.GrpcServerProtocolService (GrpcServerProtocolService.java:onCompleted(113)) - 467f3fdb-1a0d-4d86-8fd2-938cb172d61c: Completed APPEND_ENTRIES, lastRequest: 1321ed38-012f-44a7-8ef8-897a57408968->467f3fdb-1a0d-4d86-8fd2-938cb172d61c#5-t1, previous=(t:1, i:2), leaderCommit=2, initializing? false, entries: <empty>
2019-10-01 03:39:16,521 [grpc-default-executor-6] INFO  server.GrpcLogAppender (GrpcLogAppender.java:onCompleted(293)) - 1321ed38-012f-44a7-8ef8-897a57408968@group-319A780DD72D->b0362125-041a-412e-80f3-086761e28f3c-AppendLogResponseHandler: follower responses appendEntries COMPLETED
2019-10-01 03:39:16,521 [grpc-default-executor-0] INFO  server.GrpcLogAppender (GrpcLogAppender.java:onCompleted(293)) - 1321ed38-012f-44a7-8ef8-897a57408968@group-319A780DD72D->467f3fdb-1a0d-4d86-8fd2-938cb172d61c-AppendLogResponseHandler: follower responses appendEntries COMPLETED
2019-10-01 03:39:16,521 [grpc-default-executor-6] INFO  impl.FollowerInfo (FollowerInfo.java:lambda$new$0(51)) - 1321ed38-012f-44a7-8ef8-897a57408968@group-319A780DD72D->b0362125-041a-412e-80f3-086761e28f3c: nextIndex: updateUnconditionally 3 -> 2
2019-10-01 03:39:16,522 [grpc-default-executor-0] INFO  impl.FollowerInfo (FollowerInfo.java:lambda$new$0(51)) - 1321ed38-012f-44a7-8ef8-897a57408968@group-319A780DD72D->467f3fdb-1a0d-4d86-8fd2-938cb172d61c: nextIndex: updateUnconditionally 3 -> 2
2019-10-01 03:39:16,530 [EventQueue-StaleNodeForStaleNodeHandler] INFO  node.StaleNodeHandler (StaleNodeHandler.java:onMessage(58)) - Datanode 1e85a46c-0611-47c1-8e7b-e152e7434ac8{ip: 192.168.151.109, host: pr-hdds-1984-zmhd5-2369693365, networkLocation: /default-rack, certSerialId: null} moved to stale state. Finalizing its pipelines [PipelineID=5dbe6f54-2e17-429f-bc4e-cd32142f8e6d, PipelineID=fd79f393-8fec-4590-8f18-403eb97d77b2]
2019-10-01 03:39:16,530 [EventQueue-StaleNodeForStaleNodeHandler] INFO  pipeline.SCMPipelineManager (SCMPipelineManager.java:finalizeAndDestroyPipeline(315)) - destroying pipeline:Pipeline[ Id: 5dbe6f54-2e17-429f-bc4e-cd32142f8e6d, Nodes: 1e85a46c-0611-47c1-8e7b-e152e7434ac8{ip: 192.168.151.109, host: pr-hdds-1984-zmhd5-2369693365, networkLocation: /default-rack, certSerialId: null}, Type:RATIS, Factor:ONE, State:OPEN]
2019-10-01 03:39:16,530 [EventQueue-StaleNodeForStaleNodeHandler] INFO  pipeline.PipelineStateManager (PipelineStateManager.java:finalizePipeline(123)) - Pipeline Pipeline[ Id: 5dbe6f54-2e17-429f-bc4e-cd32142f8e6d, Nodes: 1e85a46c-0611-47c1-8e7b-e152e7434ac8{ip: 192.168.151.109, host: pr-hdds-1984-zmhd5-2369693365, networkLocation: /default-rack, certSerialId: null}, Type:RATIS, Factor:ONE, State:CLOSED] moved to CLOSED state
2019-10-01 03:39:16,531 [EventQueue-StaleNodeForStaleNodeHandler] INFO  pipeline.SCMPipelineManager (SCMPipelineManager.java:finalizeAndDestroyPipeline(315)) - destroying pipeline:Pipeline[ Id: fd79f393-8fec-4590-8f18-403eb97d77b2, Nodes: 1e85a46c-0611-47c1-8e7b-e152e7434ac8{ip: 192.168.151.109, host: pr-hdds-1984-zmhd5-2369693365, networkLocation: /default-rack, certSerialId: null}9df5af2a-73e5-4e4a-9c0b-ccd89ab155b9{ip: 192.168.151.109, host: pr-hdds-1984-zmhd5-2369693365, networkLocation: /default-rack, certSerialId: null}337eeeca-189e-484a-8ae8-9f26fc3b75ba{ip: 192.168.151.109, host: pr-hdds-1984-zmhd5-2369693365, networkLocation: /default-rack, certSerialId: null}, Type:RATIS, Factor:THREE, State:OPEN]
2019-10-01 03:39:16,531 [EventQueue-StaleNodeForStaleNodeHandler] INFO  pipeline.PipelineStateManager (PipelineStateManager.java:finalizePipeline(123)) - Pipeline Pipeline[ Id: fd79f393-8fec-4590-8f18-403eb97d77b2, Nodes: 1e85a46c-0611-47c1-8e7b-e152e7434ac8{ip: 192.168.151.109, host: pr-hdds-1984-zmhd5-2369693365, networkLocation: /default-rack, certSerialId: null}9df5af2a-73e5-4e4a-9c0b-ccd89ab155b9{ip: 192.168.151.109, host: pr-hdds-1984-zmhd5-2369693365, networkLocation: /default-rack, certSerialId: null}337eeeca-189e-484a-8ae8-9f26fc3b75ba{ip: 192.168.151.109, host: pr-hdds-1984-zmhd5-2369693365, networkLocation: /default-rack, certSerialId: null}, Type:RATIS, Factor:THREE, State:CLOSED] moved to CLOSED state
2019-10-01 03:39:16,531 [EventQueue-CloseContainerForCloseContainerEventHandler] INFO  container.CloseContainerEventHandler (CloseContainerEventHandler.java:onMessage(61)) - Close container Event triggered for container : #1
2019-10-01 03:39:16,535 [1321ed38-012f-44a7-8ef8-897a57408968@group-319A780DD72D-StateMachineUpdater] INFO  ratis.ContainerStateMachine (ContainerStateMachine.java:takeSnapshot(300)) - group-319A780DD72D: Finished taking a snapshot at:(t:1, i:2) file:/workdir/hadoop-ozone/integration-test/target/test-dir/MiniOzoneClusterImpl-67659162-a2b1-4c6f-a3f1-09d570d06e0f/datanode-1/data/ratis/764a1e22-e19a-4e25-896c-319a780dd72d/sm/snapshot.1_2 time:17
2019-10-01 03:39:16,537 [1321ed38-012f-44a7-8ef8-897a57408968@group-319A780DD72D-StateMachineUpdater] INFO  impl.StateMachineUpdater (StateMachineUpdater.java:takeSnapshot(269)) - 1321ed38-012f-44a7-8ef8-897a57408968@group-319A780DD72D-StateMachineUpdater: Took a snapshot at index 2
2019-10-01 03:39:16,537 [1321ed38-012f-44a7-8ef8-897a57408968@group-319A780DD72D-StateMachineUpdater] INFO  impl.StateMachineUpdater (StateMachineUpdater.java:lambda$new$0(84)) - 1321ed38-012f-44a7-8ef8-897a57408968@group-319A780DD72D-StateMachineUpdater: snapshotIndex: updateIncreasingly -1 -> 2
2019-10-01 03:39:16,538 [main] INFO  impl.RaftServerImpl (ServerState.java:close(387)) - 1321ed38-012f-44a7-8ef8-897a57408968@group-319A780DD72D: closes. applyIndex: 2
2019-10-01 03:39:16,538 [1321ed38-012f-44a7-8ef8-897a57408968@group-319A780DD72D-SegmentedRaftLogWorker] INFO  segmented.SegmentedRaftLogWorker (SegmentedRaftLogWorker.java:run(316)) - 1321ed38-012f-44a7-8ef8-897a57408968@group-319A780DD72D-SegmentedRaftLogWorker was interrupted, exiting. There are 0 tasks remaining in the queue.
2019-10-01 03:39:16,541 [main] INFO  segmented.SegmentedRaftLogWorker (SegmentedRaftLogWorker.java:close(224)) - 1321ed38-012f-44a7-8ef8-897a57408968@group-319A780DD72D-SegmentedRaftLogWorker close()
2019-10-01 03:39:16,545 [main] INFO  impl.RaftServerImpl (RaftServerImpl.java:lambda$shutdown$3(247)) - 1321ed38-012f-44a7-8ef8-897a57408968@group-23783256975D: shutdown
2019-10-01 03:39:16,546 [main] INFO  util.JmxRegister (JmxRegister.java:unregister(73)) - Successfully un-registered JMX Bean with object name Ratis:service=RaftServer,group=group-23783256975D,id=1321ed38-012f-44a7-8ef8-897a57408968
2019-10-01 03:39:16,546 [main] INFO  impl.RoleInfo (RoleInfo.java:shutdownLeaderState(104)) - 1321ed38-012f-44a7-8ef8-897a57408968: shutdown LeaderState
2019-10-01 03:39:16,546 [main] INFO  impl.PendingRequests (PendingRequests.java:sendNotLeaderResponses(202)) - 1321ed38-012f-44a7-8ef8-897a57408968@group-23783256975D-PendingRequests: sendNotLeaderResponses
2019-10-01 03:39:16,546 [main] INFO  impl.StateMachineUpdater (StateMachineUpdater.java:stopAndJoin(136)) - 1321ed38-012f-44a7-8ef8-897a57408968@group-23783256975D-StateMachineUpdater: set stopIndex = 0
2019-10-01 03:39:16,547 [main] INFO  impl.RaftServerImpl (ServerState.java:close(387)) - 1321ed38-012f-44a7-8ef8-897a57408968@group-23783256975D: closes. applyIndex: 0
2019-10-01 03:39:16,547 [1321ed38-012f-44a7-8ef8-897a57408968@group-23783256975D-SegmentedRaftLogWorker] INFO  segmented.SegmentedRaftLogWorker (SegmentedRaftLogWorker.java:run(316)) - 1321ed38-012f-44a7-8ef8-897a57408968@group-23783256975D-SegmentedRaftLogWorker was interrupted, exiting. There are 0 tasks remaining in the queue.
2019-10-01 03:39:16,549 [main] INFO  segmented.SegmentedRaftLogWorker (SegmentedRaftLogWorker.java:close(224)) - 1321ed38-012f-44a7-8ef8-897a57408968@group-23783256975D-SegmentedRaftLogWorker close()
2019-10-01 03:39:16,554 [main] INFO  server.GrpcService (GrpcService.java:closeImpl(164)) - 1321ed38-012f-44a7-8ef8-897a57408968: shutdown server with port 34624 now
2019-10-01 03:39:16,554 [main] INFO  server.GrpcService (GrpcService.java:closeImpl(172)) - 1321ed38-012f-44a7-8ef8-897a57408968: shutdown server with port 34624 successfully
2019-10-01 03:39:16,556 [refreshUsed-/workdir/hadoop-ozone/integration-test/target/test-dir/MiniOzoneClusterImpl-67659162-a2b1-4c6f-a3f1-09d570d06e0f/datanode-1/data/containers] WARN  fs.CachingGetSpaceUsed (CachingGetSpaceUsed.java:run(183)) - Thread Interrupted waiting to refresh disk information: sleep interrupted
2019-10-01 03:39:16,574 [main] INFO  utils.BackgroundService (BackgroundService.java:shutdown(148)) - Shutting down service BlockDeletingService
2019-10-01 03:39:16,582 [main] INFO  statemachine.DatanodeStateMachine (DatanodeStateMachine.java:stopDaemon(395)) - Ozone container server stopped.
2019-10-01 03:39:16,583 [main] INFO  handler.ContextHandler (ContextHandler.java:doStop(910)) - Stopped o.e.j.w.WebAppContext@16d431b4{/,null,UNAVAILABLE}{/hddsDatanode}
2019-10-01 03:39:16,584 [main] INFO  server.AbstractConnector (AbstractConnector.java:doStop(318)) - Stopped ServerConnector@6c0b51da{HTTP/1.1,[http/1.1]}{0.0.0.0:0}
2019-10-01 03:39:16,585 [main] INFO  handler.ContextHandler (ContextHandler.java:doStop(910)) - Stopped o.e.j.s.ServletContextHandler@1cd2ff5b{/static,jar:file:/home/user/.m2/repository/org/apache/hadoop/hadoop-hdds-container-service/0.5.0-SNAPSHOT/hadoop-hdds-container-service-0.5.0-SNAPSHOT.jar!/webapps/static,UNAVAILABLE}
2019-10-01 03:39:16,587 [main] INFO  handler.ContextHandler (ContextHandler.java:doStop(910)) - Stopped o.e.j.s.ServletContextHandler@496cc217{/logs,file:///workdir/hadoop-ozone/integration-test/target/log,UNAVAILABLE}
2019-10-01 03:39:18,872 [grpc-default-executor-0] WARN  server.GrpcLogAppender (LogUtils.java:warn(134)) - 337eeeca-189e-484a-8ae8-9f26fc3b75ba@group-403EB97D77B2->9df5af2a-73e5-4e4a-9c0b-ccd89ab155b9-AppendLogResponseHandler: Failed appendEntries: org.apache.ratis.thirdparty.io.grpc.StatusRuntimeException: UNAVAILABLE: io exception
2019-10-01 03:39:18,872 [grpc-default-executor-0] INFO  impl.FollowerInfo (FollowerInfo.java:lambda$new$0(51)) - 337eeeca-189e-484a-8ae8-9f26fc3b75ba@group-403EB97D77B2->9df5af2a-73e5-4e4a-9c0b-ccd89ab155b9: nextIndex: updateUnconditionally 0 -> 0
2019-10-01 03:39:18,886 [grpc-default-executor-6] WARN  server.GrpcLogAppender (LogUtils.java:warn(134)) - 337eeeca-189e-484a-8ae8-9f26fc3b75ba@group-403EB97D77B2->1e85a46c-0611-47c1-8e7b-e152e7434ac8-AppendLogResponseHandler: Failed appendEntries: org.apache.ratis.thirdparty.io.grpc.StatusRuntimeException: UNAVAILABLE: io exception
2019-10-01 03:39:18,886 [grpc-default-executor-6] INFO  impl.FollowerInfo (FollowerInfo.java:lambda$new$0(51)) - 337eeeca-189e-484a-8ae8-9f26fc3b75ba@group-403EB97D77B2->1e85a46c-0611-47c1-8e7b-e152e7434ac8: nextIndex: updateUnconditionally 0 -> 0
2019-10-01 03:39:19,463 [grpc-default-executor-2] WARN  server.GrpcLogAppender (LogUtils.java:warn(134)) - 337eeeca-189e-484a-8ae8-9f26fc3b75ba@group-403EB97D77B2->9df5af2a-73e5-4e4a-9c0b-ccd89ab155b9-AppendLogResponseHandler: Failed appendEntries: org.apache.ratis.thirdparty.io.grpc.StatusRuntimeException: UNAVAILABLE: io exception
2019-10-01 03:39:19,463 [grpc-default-executor-1] WARN  server.GrpcLogAppender (LogUtils.java:warn(134)) - 337eeeca-189e-484a-8ae8-9f26fc3b75ba@group-403EB97D77B2->1e85a46c-0611-47c1-8e7b-e152e7434ac8-AppendLogResponseHandler: Failed appendEntries: org.apache.ratis.thirdparty.io.grpc.StatusRuntimeException: UNAVAILABLE: io exception
2019-10-01 03:39:19,464 [grpc-default-executor-2] INFO  impl.FollowerInfo (FollowerInfo.java:lambda$new$0(51)) - 337eeeca-189e-484a-8ae8-9f26fc3b75ba@group-403EB97D77B2->9df5af2a-73e5-4e4a-9c0b-ccd89ab155b9: nextIndex: updateUnconditionally 1 -> 0
2019-10-01 03:39:19,464 [grpc-default-executor-1] INFO  impl.FollowerInfo (FollowerInfo.java:lambda$new$0(51)) - 337eeeca-189e-484a-8ae8-9f26fc3b75ba@group-403EB97D77B2->1e85a46c-0611-47c1-8e7b-e152e7434ac8: nextIndex: updateUnconditionally 1 -> 0
2019-10-01 03:39:21,539 [EventQueue-StaleNodeForStaleNodeHandler] INFO  node.StaleNodeHandler (StaleNodeHandler.java:onMessage(58)) - Datanode 9df5af2a-73e5-4e4a-9c0b-ccd89ab155b9{ip: 192.168.151.109, host: pr-hdds-1984-zmhd5-2369693365, networkLocation: /default-rack, certSerialId: null} moved to stale state. Finalizing its pipelines [PipelineID=68f86c7c-1b59-4488-8b0f-b3dadd874bd2, PipelineID=fd79f393-8fec-4590-8f18-403eb97d77b2]
2019-10-01 03:39:21,539 [EventQueue-StaleNodeForStaleNodeHandler] INFO  pipeline.SCMPipelineManager (SCMPipelineManager.java:finalizeAndDestroyPipeline(315)) - destroying pipeline:Pipeline[ Id: 68f86c7c-1b59-4488-8b0f-b3dadd874bd2, Nodes: 9df5af2a-73e5-4e4a-9c0b-ccd89ab155b9{ip: 192.168.151.109, host: pr-hdds-1984-zmhd5-2369693365, networkLocation: /default-rack, certSerialId: null}, Type:RATIS, Factor:ONE, State:OPEN]
2019-10-01 03:39:21,539 [EventQueue-StaleNodeForStaleNodeHandler] INFO  pipeline.PipelineStateManager (PipelineStateManager.java:finalizePipeline(123)) - Pipeline Pipeline[ Id: 68f86c7c-1b59-4488-8b0f-b3dadd874bd2, Nodes: 9df5af2a-73e5-4e4a-9c0b-ccd89ab155b9{ip: 192.168.151.109, host: pr-hdds-1984-zmhd5-2369693365, networkLocation: /default-rack, certSerialId: null}, Type:RATIS, Factor:ONE, State:CLOSED] moved to CLOSED state
2019-10-01 03:39:21,540 [EventQueue-StaleNodeForStaleNodeHandler] INFO  pipeline.SCMPipelineManager (SCMPipelineManager.java:finalizeAndDestroyPipeline(315)) - destroying pipeline:Pipeline[ Id: fd79f393-8fec-4590-8f18-403eb97d77b2, Nodes: 1e85a46c-0611-47c1-8e7b-e152e7434ac8{ip: 192.168.151.109, host: pr-hdds-1984-zmhd5-2369693365, networkLocation: /default-rack, certSerialId: null}9df5af2a-73e5-4e4a-9c0b-ccd89ab155b9{ip: 192.168.151.109, host: pr-hdds-1984-zmhd5-2369693365, networkLocation: /default-rack, certSerialId: null}337eeeca-189e-484a-8ae8-9f26fc3b75ba{ip: 192.168.151.109, host: pr-hdds-1984-zmhd5-2369693365, networkLocation: /default-rack, certSerialId: null}, Type:RATIS, Factor:THREE, State:CLOSED]
2019-10-01 03:39:21,964 [grpc-default-executor-6] WARN  server.GrpcLogAppender (LogUtils.java:warn(134)) - 337eeeca-189e-484a-8ae8-9f26fc3b75ba@group-403EB97D77B2->1e85a46c-0611-47c1-8e7b-e152e7434ac8-AppendLogResponseHandler: Failed appendEntries: org.apache.ratis.thirdparty.io.grpc.StatusRuntimeException: UNAVAILABLE: io exception
2019-10-01 03:39:21,964 [grpc-default-executor-0] WARN  server.GrpcLogAppender (LogUtils.java:warn(134)) - 337eeeca-189e-484a-8ae8-9f26fc3b75ba@group-403EB97D77B2->9df5af2a-73e5-4e4a-9c0b-ccd89ab155b9-AppendLogResponseHandler: Failed appendEntries: org.apache.ratis.thirdparty.io.grpc.StatusRuntimeException: UNAVAILABLE: io exception
2019-10-01 03:39:21,970 [grpc-default-executor-6] INFO  impl.FollowerInfo (FollowerInfo.java:lambda$new$0(51)) - 337eeeca-189e-484a-8ae8-9f26fc3b75ba@group-403EB97D77B2->1e85a46c-0611-47c1-8e7b-e152e7434ac8: nextIndex: updateUnconditionally 0 -> 0
2019-10-01 03:39:21,970 [grpc-default-executor-0] INFO  impl.FollowerInfo (FollowerInfo.java:lambda$new$0(51)) - 337eeeca-189e-484a-8ae8-9f26fc3b75ba@group-403EB97D77B2->9df5af2a-73e5-4e4a-9c0b-ccd89ab155b9: nextIndex: updateUnconditionally 0 -> 0
2019-10-01 03:39:24,469 [grpc-default-executor-2] WARN  server.GrpcLogAppender (LogUtils.java:warn(134)) - 337eeeca-189e-484a-8ae8-9f26fc3b75ba@group-403EB97D77B2->9df5af2a-73e5-4e4a-9c0b-ccd89ab155b9-AppendLogResponseHandler: Failed appendEntries: org.apache.ratis.thirdparty.io.grpc.StatusRuntimeException: UNAVAILABLE: io exception
2019-10-01 03:39:24,469 [grpc-default-executor-0] WARN  server.GrpcLogAppender (LogUtils.java:warn(134)) - 337eeeca-189e-484a-8ae8-9f26fc3b75ba@group-403EB97D77B2->1e85a46c-0611-47c1-8e7b-e152e7434ac8-AppendLogResponseHandler: Failed appendEntries: org.apache.ratis.thirdparty.io.grpc.StatusRuntimeException: UNAVAILABLE: io exception
2019-10-01 03:39:24,469 [grpc-default-executor-2] INFO  impl.FollowerInfo (FollowerInfo.java:lambda$new$0(51)) - 337eeeca-189e-484a-8ae8-9f26fc3b75ba@group-403EB97D77B2->9df5af2a-73e5-4e4a-9c0b-ccd89ab155b9: nextIndex: updateUnconditionally 0 -> 0
2019-10-01 03:39:24,469 [grpc-default-executor-0] INFO  impl.FollowerInfo (FollowerInfo.java:lambda$new$0(51)) - 337eeeca-189e-484a-8ae8-9f26fc3b75ba@group-403EB97D77B2->1e85a46c-0611-47c1-8e7b-e152e7434ac8: nextIndex: updateUnconditionally 0 -> 0
2019-10-01 03:39:26,305 [Thread-2346] INFO  impl.FollowerState (FollowerState.java:run(108)) - 467f3fdb-1a0d-4d86-8fd2-938cb172d61c@group-319A780DD72D-FollowerState: change to CANDIDATE, lastRpcTime:9915ms, electionTimeout:5051ms
2019-10-01 03:39:26,305 [Thread-2346] INFO  impl.RoleInfo (RoleInfo.java:shutdownFollowerState(121)) - 467f3fdb-1a0d-4d86-8fd2-938cb172d61c: shutdown FollowerState
2019-10-01 03:39:26,306 [Thread-2346] INFO  impl.RaftServerImpl (RaftServerImpl.java:setRole(170)) - 467f3fdb-1a0d-4d86-8fd2-938cb172d61c@group-319A780DD72D: changes role from  FOLLOWER to CANDIDATE at term 1 for changeToCandidate
2019-10-01 03:39:26,306 [Thread-2346] INFO  impl.RoleInfo (RoleInfo.java:updateAndGet(143)) - 467f3fdb-1a0d-4d86-8fd2-938cb172d61c: start LeaderElection
2019-10-01 03:39:26,311 [467f3fdb-1a0d-4d86-8fd2-938cb172d61c@group-319A780DD72D-LeaderElection60] INFO  impl.RaftServerImpl (ServerState.java:setLeader(255)) - 467f3fdb-1a0d-4d86-8fd2-938cb172d61c@group-319A780DD72D: change Leader from 1321ed38-012f-44a7-8ef8-897a57408968 to null at term 1 for initElection
2019-10-01 03:39:26,327 [467f3fdb-1a0d-4d86-8fd2-938cb172d61c@group-319A780DD72D-LeaderElection60] INFO  impl.LeaderElection (LeaderElection.java:askForVotes(178)) - 467f3fdb-1a0d-4d86-8fd2-938cb172d61c@group-319A780DD72D-LeaderElection60: begin an election at term 2 for 0: [1321ed38-012f-44a7-8ef8-897a57408968:192.168.151.109:34624, b0362125-041a-412e-80f3-086761e28f3c:192.168.151.109:32769, 467f3fdb-1a0d-4d86-8fd2-938cb172d61c:192.168.151.109:42633], old=null
2019-10-01 03:39:26,329 [467f3fdb-1a0d-4d86-8fd2-938cb172d61c@group-319A780DD72D-LeaderElection60] INFO  impl.LeaderElection (LogUtils.java:infoOrTrace(149)) - 467f3fdb-1a0d-4d86-8fd2-938cb172d61c@group-319A780DD72D-LeaderElection60 got exception when requesting votes: {}
java.util.concurrent.ExecutionException: org.apache.ratis.thirdparty.io.grpc.StatusRuntimeException: UNAVAILABLE: io exception
	at java.util.concurrent.FutureTask.report(FutureTask.java:122)
	at java.util.concurrent.FutureTask.get(FutureTask.java:192)
	at org.apache.ratis.server.impl.LeaderElection.waitForResults(LeaderElection.java:259)
	at org.apache.ratis.server.impl.LeaderElection.askForVotes(LeaderElection.java:197)
	at org.apache.ratis.server.impl.LeaderElection.run(LeaderElection.java:133)
	at java.lang.Thread.run(Thread.java:748)
Caused by: org.apache.ratis.thirdparty.io.grpc.StatusRuntimeException: UNAVAILABLE: io exception
	at org.apache.ratis.thirdparty.io.grpc.stub.ClientCalls.toStatusRuntimeException(ClientCalls.java:233)
	at org.apache.ratis.thirdparty.io.grpc.stub.ClientCalls.getUnchecked(ClientCalls.java:214)
	at org.apache.ratis.thirdparty.io.grpc.stub.ClientCalls.blockingUnaryCall(ClientCalls.java:139)
	at org.apache.ratis.proto.grpc.RaftServerProtocolServiceGrpc$RaftServerProtocolServiceBlockingStub.requestVote(RaftServerProtocolServiceGrpc.java:265)
	at org.apache.ratis.grpc.server.GrpcServerProtocolClient.requestVote(GrpcServerProtocolClient.java:99)
	at org.apache.ratis.grpc.server.GrpcService.requestVote(GrpcService.java:204)
	at org.apache.ratis.server.impl.LeaderElection.lambda$submitRequests$1(LeaderElection.java:234)
	at java.util.concurrent.FutureTask.run(FutureTask.java:266)
	at java.util.concurrent.Executors$RunnableAdapter.call(Executors.java:511)
	at java.util.concurrent.FutureTask.run(FutureTask.java:266)
	at java.util.concurrent.ThreadPoolExecutor.runWorker(ThreadPoolExecutor.java:1149)
	at java.util.concurrent.ThreadPoolExecutor$Worker.run(ThreadPoolExecutor.java:624)
	... 1 more
Caused by: org.apache.ratis.thirdparty.io.netty.channel.AbstractChannel$AnnotatedConnectException: Connection refused: /192.168.151.109:34624
	at sun.nio.ch.SocketChannelImpl.checkConnect(Native Method)
	at sun.nio.ch.SocketChannelImpl.finishConnect(SocketChannelImpl.java:717)
	at org.apache.ratis.thirdparty.io.netty.channel.socket.nio.NioSocketChannel.doFinishConnect(NioSocketChannel.java:327)
	at org.apache.ratis.thirdparty.io.netty.channel.nio.AbstractNioChannel$AbstractNioUnsafe.finishConnect(AbstractNioChannel.java:340)
	at org.apache.ratis.thirdparty.io.netty.channel.nio.NioEventLoop.processSelectedKey(NioEventLoop.java:632)
	at org.apache.ratis.thirdparty.io.netty.channel.nio.NioEventLoop.processSelectedKeysOptimized(NioEventLoop.java:579)
	at org.apache.ratis.thirdparty.io.netty.channel.nio.NioEventLoop.processSelectedKeys(NioEventLoop.java:496)
	at org.apache.ratis.thirdparty.io.netty.channel.nio.NioEventLoop.run(NioEventLoop.java:458)
	at org.apache.ratis.thirdparty.io.netty.util.concurrent.SingleThreadEventExecutor$5.run(SingleThreadEventExecutor.java:897)
	at org.apache.ratis.thirdparty.io.netty.util.concurrent.FastThreadLocalRunnable.run(FastThreadLocalRunnable.java:30)
	... 1 more
Caused by: java.net.ConnectException: Connection refused
	... 11 more
2019-10-01 03:39:26,334 [grpc-default-executor-0] INFO  impl.RaftServerImpl (ServerState.java:setLeader(255)) - b0362125-041a-412e-80f3-086761e28f3c@group-319A780DD72D: change Leader from 1321ed38-012f-44a7-8ef8-897a57408968 to null at term 2 for updateCurrentTerm
2019-10-01 03:39:26,335 [grpc-default-executor-0] INFO  impl.RaftServerImpl (RaftServerImpl.java:setRole(170)) - b0362125-041a-412e-80f3-086761e28f3c@group-319A780DD72D: changes role from  FOLLOWER to FOLLOWER at term 2 for recognizeCandidate:467f3fdb-1a0d-4d86-8fd2-938cb172d61c
2019-10-01 03:39:26,335 [grpc-default-executor-0] INFO  impl.RoleInfo (RoleInfo.java:shutdownFollowerState(121)) - b0362125-041a-412e-80f3-086761e28f3c: shutdown FollowerState
2019-10-01 03:39:26,335 [grpc-default-executor-0] INFO  impl.RoleInfo (RoleInfo.java:updateAndGet(143)) - b0362125-041a-412e-80f3-086761e28f3c: start FollowerState
2019-10-01 03:39:26,335 [Thread-2337] INFO  impl.FollowerState (FollowerState.java:run(117)) - b0362125-041a-412e-80f3-086761e28f3c@group-319A780DD72D-FollowerState was interrupted: java.lang.InterruptedException: sleep interrupted
2019-10-01 03:39:26,354 [467f3fdb-1a0d-4d86-8fd2-938cb172d61c@group-319A780DD72D-LeaderElection60] INFO  impl.LeaderElection (LeaderElection.java:logAndReturn(56)) - 467f3fdb-1a0d-4d86-8fd2-938cb172d61c@group-319A780DD72D-LeaderElection60: Election PASSED; received 1 response(s) [467f3fdb-1a0d-4d86-8fd2-938cb172d61c<-b0362125-041a-412e-80f3-086761e28f3c#0:OK-t2] and 1 exception(s); 467f3fdb-1a0d-4d86-8fd2-938cb172d61c@group-319A780DD72D:t2, leader=null, voted=467f3fdb-1a0d-4d86-8fd2-938cb172d61c, raftlog=467f3fdb-1a0d-4d86-8fd2-938cb172d61c@group-319A780DD72D-SegmentedRaftLog:OPENED:c2,f2,i2, conf=0: [1321ed38-012f-44a7-8ef8-897a57408968:192.168.151.109:34624, b0362125-041a-412e-80f3-086761e28f3c:192.168.151.109:32769, 467f3fdb-1a0d-4d86-8fd2-938cb172d61c:192.168.151.109:42633], old=null
2019-10-01 03:39:26,354 [467f3fdb-1a0d-4d86-8fd2-938cb172d61c@group-319A780DD72D-LeaderElection60] INFO  impl.LeaderElection (LogUtils.java:infoOrTrace(149)) -   Exception 0: {}
java.util.concurrent.ExecutionException: org.apache.ratis.thirdparty.io.grpc.StatusRuntimeException: UNAVAILABLE: io exception
	at java.util.concurrent.FutureTask.report(FutureTask.java:122)
	at java.util.concurrent.FutureTask.get(FutureTask.java:192)
	at org.apache.ratis.server.impl.LeaderElection.waitForResults(LeaderElection.java:259)
	at org.apache.ratis.server.impl.LeaderElection.askForVotes(LeaderElection.java:197)
	at org.apache.ratis.server.impl.LeaderElection.run(LeaderElection.java:133)
	at java.lang.Thread.run(Thread.java:748)
Caused by: org.apache.ratis.thirdparty.io.grpc.StatusRuntimeException: UNAVAILABLE: io exception
	at org.apache.ratis.thirdparty.io.grpc.stub.ClientCalls.toStatusRuntimeException(ClientCalls.java:233)
	at org.apache.ratis.thirdparty.io.grpc.stub.ClientCalls.getUnchecked(ClientCalls.java:214)
	at org.apache.ratis.thirdparty.io.grpc.stub.ClientCalls.blockingUnaryCall(ClientCalls.java:139)
	at org.apache.ratis.proto.grpc.RaftServerProtocolServiceGrpc$RaftServerProtocolServiceBlockingStub.requestVote(RaftServerProtocolServiceGrpc.java:265)
	at org.apache.ratis.grpc.server.GrpcServerProtocolClient.requestVote(GrpcServerProtocolClient.java:99)
	at org.apache.ratis.grpc.server.GrpcService.requestVote(GrpcService.java:204)
	at org.apache.ratis.server.impl.LeaderElection.lambda$submitRequests$1(LeaderElection.java:234)
	at java.util.concurrent.FutureTask.run(FutureTask.java:266)
	at java.util.concurrent.Executors$RunnableAdapter.call(Executors.java:511)
	at java.util.concurrent.FutureTask.run(FutureTask.java:266)
	at java.util.concurrent.ThreadPoolExecutor.runWorker(ThreadPoolExecutor.java:1149)
	at java.util.concurrent.ThreadPoolExecutor$Worker.run(ThreadPoolExecutor.java:624)
	... 1 more
Caused by: org.apache.ratis.thirdparty.io.netty.channel.AbstractChannel$AnnotatedConnectException: Connection refused: /192.168.151.109:34624
	at sun.nio.ch.SocketChannelImpl.checkConnect(Native Method)
	at sun.nio.ch.SocketChannelImpl.finishConnect(SocketChannelImpl.java:717)
	at org.apache.ratis.thirdparty.io.netty.channel.socket.nio.NioSocketChannel.doFinishConnect(NioSocketChannel.java:327)
	at org.apache.ratis.thirdparty.io.netty.channel.nio.AbstractNioChannel$AbstractNioUnsafe.finishConnect(AbstractNioChannel.java:340)
	at org.apache.ratis.thirdparty.io.netty.channel.nio.NioEventLoop.processSelectedKey(NioEventLoop.java:632)
	at org.apache.ratis.thirdparty.io.netty.channel.nio.NioEventLoop.processSelectedKeysOptimized(NioEventLoop.java:579)
	at org.apache.ratis.thirdparty.io.netty.channel.nio.NioEventLoop.processSelectedKeys(NioEventLoop.java:496)
	at org.apache.ratis.thirdparty.io.netty.channel.nio.NioEventLoop.run(NioEventLoop.java:458)
	at org.apache.ratis.thirdparty.io.netty.util.concurrent.SingleThreadEventExecutor$5.run(SingleThreadEventExecutor.java:897)
	at org.apache.ratis.thirdparty.io.netty.util.concurrent.FastThreadLocalRunnable.run(FastThreadLocalRunnable.java:30)
	... 1 more
Caused by: java.net.ConnectException: Connection refused
	... 11 more
2019-10-01 03:39:26,354 [467f3fdb-1a0d-4d86-8fd2-938cb172d61c@group-319A780DD72D-LeaderElection60] INFO  impl.RoleInfo (RoleInfo.java:shutdownLeaderElection(134)) - 467f3fdb-1a0d-4d86-8fd2-938cb172d61c: shutdown LeaderElection
2019-10-01 03:39:26,355 [467f3fdb-1a0d-4d86-8fd2-938cb172d61c@group-319A780DD72D-LeaderElection60] INFO  impl.RaftServerImpl (RaftServerImpl.java:setRole(170)) - 467f3fdb-1a0d-4d86-8fd2-938cb172d61c@group-319A780DD72D: changes role from CANDIDATE to LEADER at term 2 for changeToLeader
2019-10-01 03:39:26,355 [467f3fdb-1a0d-4d86-8fd2-938cb172d61c@group-319A780DD72D-LeaderElection60] INFO  impl.RaftServerImpl (ServerState.java:setLeader(255)) - 467f3fdb-1a0d-4d86-8fd2-938cb172d61c@group-319A780DD72D: change Leader from null to 467f3fdb-1a0d-4d86-8fd2-938cb172d61c at term 2 for becomeLeader, leader elected after 43ms
2019-10-01 03:39:26,355 [467f3fdb-1a0d-4d86-8fd2-938cb172d61c@group-319A780DD72D-LeaderElection60] INFO  server.RaftServerConfigKeys (ConfUtils.java:logGet(43)) - raft.server.staging.catchup.gap = 1000 (default)
2019-10-01 03:39:26,355 [467f3fdb-1a0d-4d86-8fd2-938cb172d61c@group-319A780DD72D-LeaderElection60] INFO  server.RaftServerConfigKeys (ConfUtils.java:logGet(43)) - raft.server.rpc.sleep.time = 25ms (default)
2019-10-01 03:39:26,356 [467f3fdb-1a0d-4d86-8fd2-938cb172d61c@group-319A780DD72D-LeaderElection60] INFO  server.RaftServerConfigKeys (ConfUtils.java:logGet(43)) - raft.server.write.element-limit = 4096 (default)
2019-10-01 03:39:26,356 [467f3fdb-1a0d-4d86-8fd2-938cb172d61c@group-319A780DD72D-LeaderElection60] INFO  server.RaftServerConfigKeys (ConfUtils.java:logGet(43)) - raft.server.watch.timeout = 10s (default)
2019-10-01 03:39:26,356 [467f3fdb-1a0d-4d86-8fd2-938cb172d61c@group-319A780DD72D-LeaderElection60] INFO  server.RaftServerConfigKeys (ConfUtils.java:logGet(43)) - raft.server.watch.timeout.denomination = 1s (default)
2019-10-01 03:39:26,356 [467f3fdb-1a0d-4d86-8fd2-938cb172d61c@group-319A780DD72D-LeaderElection60] INFO  server.RaftServerConfigKeys (ConfUtils.java:logGet(43)) - raft.server.watch.element-limit = 65536 (default)
2019-10-01 03:39:26,359 [467f3fdb-1a0d-4d86-8fd2-938cb172d61c@group-319A780DD72D-LeaderElection60] INFO  server.RaftServerConfigKeys (ConfUtils.java:logGet(43)) - raft.server.log.appender.snapshot.chunk.size.max = 16MB (=16777216) (default)
2019-10-01 03:39:26,359 [467f3fdb-1a0d-4d86-8fd2-938cb172d61c@group-319A780DD72D-LeaderElection60] INFO  server.RaftServerConfigKeys (ConfUtils.java:logGet(43)) - raft.server.log.appender.buffer.byte-limit = 33554432 (custom)
2019-10-01 03:39:26,359 [467f3fdb-1a0d-4d86-8fd2-938cb172d61c@group-319A780DD72D-LeaderElection60] INFO  server.RaftServerConfigKeys (ConfUtils.java:logGet(43)) - raft.server.log.appender.buffer.element-limit = 1 (custom)
2019-10-01 03:39:26,360 [467f3fdb-1a0d-4d86-8fd2-938cb172d61c@group-319A780DD72D-LeaderElection60] INFO  grpc.GrpcConfigKeys$Server (ConfUtils.java:logGet(43)) - raft.grpc.server.leader.outstanding.appends.max = 128 (default)
2019-10-01 03:39:26,360 [467f3fdb-1a0d-4d86-8fd2-938cb172d61c@group-319A780DD72D-LeaderElection60] INFO  server.RaftServerConfigKeys (ConfUtils.java:logGet(43)) - raft.server.rpc.request.timeout = 3000ms (default)
2019-10-01 03:39:26,360 [467f3fdb-1a0d-4d86-8fd2-938cb172d61c@group-319A780DD72D-LeaderElection60] INFO  server.RaftServerConfigKeys (ConfUtils.java:logGet(43)) - raft.server.log.appender.install.snapshot.enabled = false (custom)
2019-10-01 03:39:26,360 [467f3fdb-1a0d-4d86-8fd2-938cb172d61c@group-319A780DD72D-LeaderElection60] INFO  server.RaftServerConfigKeys (ConfUtils.java:logGet(43)) - raft.server.log.appender.snapshot.chunk.size.max = 16MB (=16777216) (default)
2019-10-01 03:39:26,361 [467f3fdb-1a0d-4d86-8fd2-938cb172d61c@group-319A780DD72D-LeaderElection60] INFO  server.RaftServerConfigKeys (ConfUtils.java:logGet(43)) - raft.server.log.appender.buffer.byte-limit = 33554432 (custom)
2019-10-01 03:39:26,361 [467f3fdb-1a0d-4d86-8fd2-938cb172d61c@group-319A780DD72D-LeaderElection60] INFO  server.RaftServerConfigKeys (ConfUtils.java:logGet(43)) - raft.server.log.appender.buffer.element-limit = 1 (custom)
2019-10-01 03:39:26,361 [467f3fdb-1a0d-4d86-8fd2-938cb172d61c@group-319A780DD72D-LeaderElection60] INFO  grpc.GrpcConfigKeys$Server (ConfUtils.java:logGet(43)) - raft.grpc.server.leader.outstanding.appends.max = 128 (default)
2019-10-01 03:39:26,361 [467f3fdb-1a0d-4d86-8fd2-938cb172d61c@group-319A780DD72D-LeaderElection60] INFO  server.RaftServerConfigKeys (ConfUtils.java:logGet(43)) - raft.server.rpc.request.timeout = 3000ms (default)
2019-10-01 03:39:26,361 [467f3fdb-1a0d-4d86-8fd2-938cb172d61c@group-319A780DD72D-LeaderElection60] INFO  server.RaftServerConfigKeys (ConfUtils.java:logGet(43)) - raft.server.log.appender.install.snapshot.enabled = false (custom)
2019-10-01 03:39:26,361 [467f3fdb-1a0d-4d86-8fd2-938cb172d61c@group-319A780DD72D-LeaderElection60] INFO  impl.RoleInfo (RoleInfo.java:updateAndGet(143)) - 467f3fdb-1a0d-4d86-8fd2-938cb172d61c: start LeaderState
2019-10-01 03:39:26,362 [467f3fdb-1a0d-4d86-8fd2-938cb172d61c@group-319A780DD72D-LeaderElection60] INFO  segmented.SegmentedRaftLogWorker (SegmentedRaftLogWorker.java:rollLogSegment(390)) - 467f3fdb-1a0d-4d86-8fd2-938cb172d61c@group-319A780DD72D-SegmentedRaftLogWorker: Rolling segment log-0_2 to index:2
2019-10-01 03:39:26,363 [467f3fdb-1a0d-4d86-8fd2-938cb172d61c@group-319A780DD72D-SegmentedRaftLogWorker] INFO  segmented.SegmentedRaftLogWorker (SegmentedRaftLogWorker.java:execute(531)) - 467f3fdb-1a0d-4d86-8fd2-938cb172d61c@group-319A780DD72D-SegmentedRaftLogWorker: Rolled log segment from /workdir/hadoop-ozone/integration-test/target/test-dir/MiniOzoneClusterImpl-67659162-a2b1-4c6f-a3f1-09d570d06e0f/datanode-2/data/ratis/764a1e22-e19a-4e25-896c-319a780dd72d/current/log_inprogress_0 to /workdir/hadoop-ozone/integration-test/target/test-dir/MiniOzoneClusterImpl-67659162-a2b1-4c6f-a3f1-09d570d06e0f/datanode-2/data/ratis/764a1e22-e19a-4e25-896c-319a780dd72d/current/log_0-2
2019-10-01 03:39:26,363 [467f3fdb-1a0d-4d86-8fd2-938cb172d61c@group-319A780DD72D-LeaderElection60] INFO  impl.RaftServerImpl (ServerState.java:setRaftConf(356)) - 467f3fdb-1a0d-4d86-8fd2-938cb172d61c@group-319A780DD72D: set configuration 3: [1321ed38-012f-44a7-8ef8-897a57408968:192.168.151.109:34624, b0362125-041a-412e-80f3-086761e28f3c:192.168.151.109:32769, 467f3fdb-1a0d-4d86-8fd2-938cb172d61c:192.168.151.109:42633], old=null at 3
2019-10-01 03:39:26,369 [grpc-default-executor-0] WARN  server.GrpcLogAppender (LogUtils.java:warn(134)) - 467f3fdb-1a0d-4d86-8fd2-938cb172d61c@group-319A780DD72D->1321ed38-012f-44a7-8ef8-897a57408968-AppendLogResponseHandler: Failed appendEntries: org.apache.ratis.thirdparty.io.grpc.StatusRuntimeException: UNAVAILABLE: io exception
2019-10-01 03:39:26,401 [grpc-default-executor-0] INFO  impl.FollowerInfo (FollowerInfo.java:lambda$new$0(51)) - 467f3fdb-1a0d-4d86-8fd2-938cb172d61c@group-319A780DD72D->1321ed38-012f-44a7-8ef8-897a57408968: nextIndex: updateUnconditionally 3 -> 1
2019-10-01 03:39:26,402 [grpc-default-executor-0] INFO  impl.RaftServerImpl (ServerState.java:setLeader(255)) - b0362125-041a-412e-80f3-086761e28f3c@group-319A780DD72D: change Leader from null to 467f3fdb-1a0d-4d86-8fd2-938cb172d61c at term 2 for appendEntries, leader elected after 67ms
2019-10-01 03:39:26,403 [grpc-default-executor-1] WARN  server.GrpcLogAppender (LogUtils.java:warn(134)) - 467f3fdb-1a0d-4d86-8fd2-938cb172d61c@group-319A780DD72D->1321ed38-012f-44a7-8ef8-897a57408968-AppendLogResponseHandler: Failed appendEntries: org.apache.ratis.thirdparty.io.grpc.StatusRuntimeException: UNAVAILABLE: io exception
2019-10-01 03:39:26,403 [grpc-default-executor-1] INFO  impl.FollowerInfo (FollowerInfo.java:lambda$new$0(51)) - 467f3fdb-1a0d-4d86-8fd2-938cb172d61c@group-319A780DD72D->1321ed38-012f-44a7-8ef8-897a57408968: nextIndex: updateUnconditionally 2 -> 1
2019-10-01 03:39:26,404 [grpc-default-executor-0] INFO  impl.RaftServerImpl (ServerState.java:setRaftConf(356)) - b0362125-041a-412e-80f3-086761e28f3c@group-319A780DD72D: set configuration 3: [1321ed38-012f-44a7-8ef8-897a57408968:192.168.151.109:34624, b0362125-041a-412e-80f3-086761e28f3c:192.168.151.109:32769, 467f3fdb-1a0d-4d86-8fd2-938cb172d61c:192.168.151.109:42633], old=null at 3
2019-10-01 03:39:26,404 [grpc-default-executor-0] INFO  segmented.SegmentedRaftLogWorker (SegmentedRaftLogWorker.java:rollLogSegment(390)) - b0362125-041a-412e-80f3-086761e28f3c@group-319A780DD72D-SegmentedRaftLogWorker: Rolling segment log-0_2 to index:2
2019-10-01 03:39:26,405 [b0362125-041a-412e-80f3-086761e28f3c@group-319A780DD72D-SegmentedRaftLogWorker] INFO  segmented.SegmentedRaftLogWorker (SegmentedRaftLogWorker.java:execute(531)) - b0362125-041a-412e-80f3-086761e28f3c@group-319A780DD72D-SegmentedRaftLogWorker: Rolled log segment from /workdir/hadoop-ozone/integration-test/target/test-dir/MiniOzoneClusterImpl-67659162-a2b1-4c6f-a3f1-09d570d06e0f/datanode-0/data/ratis/764a1e22-e19a-4e25-896c-319a780dd72d/current/log_inprogress_0 to /workdir/hadoop-ozone/integration-test/target/test-dir/MiniOzoneClusterImpl-67659162-a2b1-4c6f-a3f1-09d570d06e0f/datanode-0/data/ratis/764a1e22-e19a-4e25-896c-319a780dd72d/current/log_0-2
2019-10-01 03:39:26,414 [467f3fdb-1a0d-4d86-8fd2-938cb172d61c@group-319A780DD72D-SegmentedRaftLogWorker] INFO  segmented.SegmentedRaftLogWorker (SegmentedRaftLogWorker.java:execute(574)) - 467f3fdb-1a0d-4d86-8fd2-938cb172d61c@group-319A780DD72D-SegmentedRaftLogWorker: created new log segment /workdir/hadoop-ozone/integration-test/target/test-dir/MiniOzoneClusterImpl-67659162-a2b1-4c6f-a3f1-09d570d06e0f/datanode-2/data/ratis/764a1e22-e19a-4e25-896c-319a780dd72d/current/log_inprogress_3
2019-10-01 03:39:26,438 [b0362125-041a-412e-80f3-086761e28f3c@group-319A780DD72D-SegmentedRaftLogWorker] INFO  segmented.SegmentedRaftLogWorker (SegmentedRaftLogWorker.java:execute(574)) - b0362125-041a-412e-80f3-086761e28f3c@group-319A780DD72D-SegmentedRaftLogWorker: created new log segment /workdir/hadoop-ozone/integration-test/target/test-dir/MiniOzoneClusterImpl-67659162-a2b1-4c6f-a3f1-09d570d06e0f/datanode-0/data/ratis/764a1e22-e19a-4e25-896c-319a780dd72d/current/log_inprogress_3
2019-10-01 03:39:26,463 [grpc-default-executor-2] WARN  server.GrpcLogAppender (LogUtils.java:warn(134)) - 467f3fdb-1a0d-4d86-8fd2-938cb172d61c@group-319A780DD72D->1321ed38-012f-44a7-8ef8-897a57408968-AppendLogResponseHandler: Failed appendEntries: org.apache.ratis.thirdparty.io.grpc.StatusRuntimeException: UNAVAILABLE: io exception
2019-10-01 03:39:26,463 [grpc-default-executor-2] INFO  impl.FollowerInfo (FollowerInfo.java:lambda$new$0(51)) - 467f3fdb-1a0d-4d86-8fd2-938cb172d61c@group-319A780DD72D->1321ed38-012f-44a7-8ef8-897a57408968: nextIndex: updateUnconditionally 2 -> 1
2019-10-01 03:39:26,474 [grpc-default-executor-1] WARN  server.GrpcLogAppender (LogUtils.java:warn(134)) - 467f3fdb-1a0d-4d86-8fd2-938cb172d61c@group-319A780DD72D->1321ed38-012f-44a7-8ef8-897a57408968-AppendLogResponseHandler: Failed appendEntries: org.apache.ratis.thirdparty.io.grpc.StatusRuntimeException: UNAVAILABLE: io exception
2019-10-01 03:39:26,474 [grpc-default-executor-1] INFO  impl.FollowerInfo (FollowerInfo.java:lambda$new$0(51)) - 467f3fdb-1a0d-4d86-8fd2-938cb172d61c@group-319A780DD72D->1321ed38-012f-44a7-8ef8-897a57408968: nextIndex: updateUnconditionally 2 -> 1
]]></system-out>
  </testcase>
</testsuite>