<?xml version="1.0" encoding="UTF-8"?>
<testsuite xmlns:xsi="http://www.w3.org/2001/XMLSchema-instance" xsi:noNamespaceSchemaLocation="https://maven.apache.org/surefire/maven-surefire-plugin/xsd/surefire-test-report.xsd" name="org.apache.hadoop.fs.ozone.TestOzoneFSInputStream" time="122.13" tests="2" errors="2" skipped="0" failures="0">
  <properties>
    <property name="awt.toolkit" value="sun.awt.X11.XToolkit"/>
    <property name="file.encoding.pkg" value="sun.io"/>
    <property name="java.specification.version" value="1.8"/>
    <property name="sun.cpu.isalist" value=""/>
    <property name="sun.jnu.encoding" value="UTF-8"/>
    <property name="java.class.path" value="/workdir/hadoop-ozone/ozonefs/target/test-classes:/workdir/hadoop-ozone/ozonefs/target/classes:/home/user/.m2/repository/org/apache/hadoop/hadoop-common/3.2.0/hadoop-common-3.2.0.jar:/home/user/.m2/repository/org/apache/hadoop/hadoop-annotations/3.2.0/hadoop-annotations-3.2.0.jar:/usr/lib/jvm/java-1.8-openjdk/jre/../lib/tools.jar:/home/user/.m2/repository/com/google/guava/guava/11.0.2/guava-11.0.2.jar:/home/user/.m2/repository/commons-cli/commons-cli/1.2/commons-cli-1.2.jar:/home/user/.m2/repository/org/apache/commons/commons-math3/3.1.1/commons-math3-3.1.1.jar:/home/user/.m2/repository/commons-codec/commons-codec/1.11/commons-codec-1.11.jar:/home/user/.m2/repository/commons-io/commons-io/2.5/commons-io-2.5.jar:/home/user/.m2/repository/commons-net/commons-net/3.6/commons-net-3.6.jar:/home/user/.m2/repository/commons-collections/commons-collections/3.2.2/commons-collections-3.2.2.jar:/home/user/.m2/repository/javax/servlet/javax.servlet-api/3.1.0/javax.servlet-api-3.1.0.jar:/home/user/.m2/repository/org/eclipse/jetty/jetty-server/9.3.25.v20180904/jetty-server-9.3.25.v20180904.jar:/home/user/.m2/repository/org/eclipse/jetty/jetty-http/9.3.25.v20180904/jetty-http-9.3.25.v20180904.jar:/home/user/.m2/repository/org/eclipse/jetty/jetty-io/9.3.25.v20180904/jetty-io-9.3.25.v20180904.jar:/home/user/.m2/repository/org/eclipse/jetty/jetty-util/9.3.25.v20180904/jetty-util-9.3.25.v20180904.jar:/home/user/.m2/repository/org/eclipse/jetty/jetty-servlet/9.3.25.v20180904/jetty-servlet-9.3.25.v20180904.jar:/home/user/.m2/repository/org/eclipse/jetty/jetty-security/9.3.25.v20180904/jetty-security-9.3.25.v20180904.jar:/home/user/.m2/repository/org/eclipse/jetty/jetty-webapp/9.3.25.v20180904/jetty-webapp-9.3.25.v20180904.jar:/home/user/.m2/repository/org/eclipse/jetty/jetty-xml/9.3.25.v20180904/jetty-xml-9.3.25.v20180904.jar:/home/user/.m2/repository/javax/servlet/jsp/jsp-api/2.1/jsp-api-2.1.jar:/home/user/.m2/repository/com/sun/jersey/jersey-core/1.19/jersey-core-1.19.jar:/home/user/.m2/repository/javax/ws/rs/jsr311-api/1.1.1/jsr311-api-1.1.1.jar:/home/user/.m2/repository/com/sun/jersey/jersey-servlet/1.19/jersey-servlet-1.19.jar:/home/user/.m2/repository/com/sun/jersey/jersey-json/1.19/jersey-json-1.19.jar:/home/user/.m2/repository/org/codehaus/jettison/jettison/1.1/jettison-1.1.jar:/home/user/.m2/repository/com/sun/xml/bind/jaxb-impl/2.3.0.1/jaxb-impl-2.3.0.1.jar:/home/user/.m2/repository/org/codehaus/jackson/jackson-core-asl/1.9.13/jackson-core-asl-1.9.13.jar:/home/user/.m2/repository/org/codehaus/jackson/jackson-mapper-asl/1.9.13/jackson-mapper-asl-1.9.13.jar:/home/user/.m2/repository/org/codehaus/jackson/jackson-jaxrs/1.9.13/jackson-jaxrs-1.9.13.jar:/home/user/.m2/repository/org/codehaus/jackson/jackson-xc/1.9.13/jackson-xc-1.9.13.jar:/home/user/.m2/repository/com/sun/jersey/jersey-server/1.19/jersey-server-1.19.jar:/home/user/.m2/repository/commons-logging/commons-logging/1.1.3/commons-logging-1.1.3.jar:/home/user/.m2/repository/log4j/log4j/1.2.17/log4j-1.2.17.jar:/home/user/.m2/repository/commons-beanutils/commons-beanutils/1.9.4/commons-beanutils-1.9.4.jar:/home/user/.m2/repository/org/apache/commons/commons-configuration2/2.1.1/commons-configuration2-2.1.1.jar:/home/user/.m2/repository/org/apache/commons/commons-lang3/3.7/commons-lang3-3.7.jar:/home/user/.m2/repository/org/apache/commons/commons-text/1.4/commons-text-1.4.jar:/home/user/.m2/repository/org/slf4j/slf4j-api/1.7.25/slf4j-api-1.7.25.jar:/home/user/.m2/repository/org/slf4j/slf4j-log4j12/1.7.25/slf4j-log4j12-1.7.25.jar:/home/user/.m2/repository/org/apache/avro/avro/1.7.7/avro-1.7.7.jar:/home/user/.m2/repository/com/thoughtworks/paranamer/paranamer/2.3/paranamer-2.3.jar:/home/user/.m2/repository/org/xerial/snappy/snappy-java/1.0.5/snappy-java-1.0.5.jar:/home/user/.m2/repository/com/google/re2j/re2j/1.1/re2j-1.1.jar:/home/user/.m2/repository/com/google/protobuf/protobuf-java/2.5.0/protobuf-java-2.5.0.jar:/home/user/.m2/repository/com/google/code/gson/gson/2.2.4/gson-2.2.4.jar:/home/user/.m2/repository/org/apache/hadoop/hadoop-auth/3.2.0/hadoop-auth-3.2.0.jar:/home/user/.m2/repository/com/nimbusds/nimbus-jose-jwt/4.41.1/nimbus-jose-jwt-4.41.1.jar:/home/user/.m2/repository/com/github/stephenc/jcip/jcip-annotations/1.0-1/jcip-annotations-1.0-1.jar:/home/user/.m2/repository/net/minidev/json-smart/2.3/json-smart-2.3.jar:/home/user/.m2/repository/net/minidev/accessors-smart/1.2/accessors-smart-1.2.jar:/home/user/.m2/repository/org/apache/curator/curator-framework/2.12.0/curator-framework-2.12.0.jar:/home/user/.m2/repository/com/jcraft/jsch/0.1.54/jsch-0.1.54.jar:/home/user/.m2/repository/org/apache/curator/curator-client/2.12.0/curator-client-2.12.0.jar:/home/user/.m2/repository/org/apache/curator/curator-recipes/2.12.0/curator-recipes-2.12.0.jar:/home/user/.m2/repository/com/google/code/findbugs/jsr305/3.0.0/jsr305-3.0.0.jar:/home/user/.m2/repository/org/apache/htrace/htrace-core4/4.1.0-incubating/htrace-core4-4.1.0-incubating.jar:/home/user/.m2/repository/org/apache/zookeeper/zookeeper/3.4.13/zookeeper-3.4.13.jar:/home/user/.m2/repository/jline/jline/0.9.94/jline-0.9.94.jar:/home/user/.m2/repository/org/apache/yetus/audience-annotations/0.5.0/audience-annotations-0.5.0.jar:/home/user/.m2/repository/org/apache/commons/commons-compress/1.4.1/commons-compress-1.4.1.jar:/home/user/.m2/repository/org/tukaani/xz/1.0/xz-1.0.jar:/home/user/.m2/repository/org/apache/kerby/kerb-simplekdc/1.0.1/kerb-simplekdc-1.0.1.jar:/home/user/.m2/repository/org/apache/kerby/kerb-client/1.0.1/kerb-client-1.0.1.jar:/home/user/.m2/repository/org/apache/kerby/kerby-config/1.0.1/kerby-config-1.0.1.jar:/home/user/.m2/repository/org/apache/kerby/kerb-core/1.0.1/kerb-core-1.0.1.jar:/home/user/.m2/repository/org/apache/kerby/kerby-pkix/1.0.1/kerby-pkix-1.0.1.jar:/home/user/.m2/repository/org/apache/kerby/kerby-asn1/1.0.1/kerby-asn1-1.0.1.jar:/home/user/.m2/repository/org/apache/kerby/kerby-util/1.0.1/kerby-util-1.0.1.jar:/home/user/.m2/repository/org/apache/kerby/kerb-common/1.0.1/kerb-common-1.0.1.jar:/home/user/.m2/repository/org/apache/kerby/kerb-crypto/1.0.1/kerb-crypto-1.0.1.jar:/home/user/.m2/repository/org/apache/kerby/kerb-util/1.0.1/kerb-util-1.0.1.jar:/home/user/.m2/repository/org/apache/kerby/token-provider/1.0.1/token-provider-1.0.1.jar:/home/user/.m2/repository/org/apache/kerby/kerb-admin/1.0.1/kerb-admin-1.0.1.jar:/home/user/.m2/repository/org/apache/kerby/kerb-server/1.0.1/kerb-server-1.0.1.jar:/home/user/.m2/repository/org/apache/kerby/kerb-identity/1.0.1/kerb-identity-1.0.1.jar:/home/user/.m2/repository/org/apache/kerby/kerby-xdr/1.0.1/kerby-xdr-1.0.1.jar:/home/user/.m2/repository/com/fasterxml/jackson/core/jackson-databind/2.9.9/jackson-databind-2.9.9.jar:/home/user/.m2/repository/com/fasterxml/jackson/core/jackson-annotations/2.9.9/jackson-annotations-2.9.9.jar:/home/user/.m2/repository/com/fasterxml/jackson/core/jackson-core/2.9.9/jackson-core-2.9.9.jar:/home/user/.m2/repository/org/codehaus/woodstox/stax2-api/3.1.4/stax2-api-3.1.4.jar:/home/user/.m2/repository/com/fasterxml/woodstox/woodstox-core/5.0.3/woodstox-core-5.0.3.jar:/home/user/.m2/repository/dnsjava/dnsjava/2.1.7/dnsjava-2.1.7.jar:/home/user/.m2/repository/org/apache/hadoop/hadoop-hdfs/3.2.0/hadoop-hdfs-3.2.0.jar:/home/user/.m2/repository/org/eclipse/jetty/jetty-util-ajax/9.3.25.v20180904/jetty-util-ajax-9.3.25.v20180904.jar:/home/user/.m2/repository/commons-daemon/commons-daemon/1.0.13/commons-daemon-1.0.13.jar:/home/user/.m2/repository/io/netty/netty/3.10.5.Final/netty-3.10.5.Final.jar:/home/user/.m2/repository/io/netty/netty-all/4.0.52.Final/netty-all-4.0.52.Final.jar:/home/user/.m2/repository/org/fusesource/leveldbjni/leveldbjni-all/1.8/leveldbjni-all-1.8.jar:/home/user/.m2/repository/org/apache/hadoop/hadoop-hdds-common/0.5.0-SNAPSHOT/hadoop-hdds-common-0.5.0-SNAPSHOT.jar:/home/user/.m2/repository/org/apache/hadoop/hadoop-hdds-config/0.5.0-SNAPSHOT/hadoop-hdds-config-0.5.0-SNAPSHOT.jar:/home/user/.m2/repository/javax/annotation/javax.annotation-api/1.2/javax.annotation-api-1.2.jar:/home/user/.m2/repository/org/apache/ratis/ratis-server/0.4.0/ratis-server-0.4.0.jar:/home/user/.m2/repository/org/apache/ratis/ratis-thirdparty-misc/0.2.0/ratis-thirdparty-misc-0.2.0.jar:/home/user/.m2/repository/org/apache/ratis/ratis-proto/0.4.0/ratis-proto-0.4.0.jar:/home/user/.m2/repository/org/apache/ratis/ratis-common/0.4.0/ratis-common-0.4.0.jar:/home/user/.m2/repository/org/apache/ratis/ratis-client/0.4.0/ratis-client-0.4.0.jar:/home/user/.m2/repository/org/apache/ratis/ratis-metrics/0.4.0/ratis-metrics-0.4.0.jar:/home/user/.m2/repository/com/github/joshelser/dropwizard-metrics-hadoop-metrics2-reporter/0.1.2/dropwizard-metrics-hadoop-metrics2-reporter-0.1.2.jar:/home/user/.m2/repository/io/dropwizard/metrics/metrics-jvm/3.2.5/metrics-jvm-3.2.5.jar:/home/user/.m2/repository/io/dropwizard/metrics/metrics-ganglia/3.2.5/metrics-ganglia-3.2.5.jar:/home/user/.m2/repository/info/ganglia/gmetric4j/gmetric4j/1.0.7/gmetric4j-1.0.7.jar:/home/user/.m2/repository/org/apache/ratis/ratis-netty/0.4.0/ratis-netty-0.4.0.jar:/home/user/.m2/repository/org/apache/ratis/ratis-grpc/0.4.0/ratis-grpc-0.4.0.jar:/home/user/.m2/repository/org/rocksdb/rocksdbjni/6.0.1/rocksdbjni-6.0.1.jar:/home/user/.m2/repository/org/apache/logging/log4j/log4j-api/2.11.0/log4j-api-2.11.0.jar:/home/user/.m2/repository/org/apache/logging/log4j/log4j-core/2.11.0/log4j-core-2.11.0.jar:/home/user/.m2/repository/com/lmax/disruptor/3.4.2/disruptor-3.4.2.jar:/home/user/.m2/repository/org/apache/commons/commons-pool2/2.6.0/commons-pool2-2.6.0.jar:/home/user/.m2/repository/org/bouncycastle/bcpkix-jdk15on/1.60/bcpkix-jdk15on-1.60.jar:/home/user/.m2/repository/commons-validator/commons-validator/1.6/commons-validator-1.6.jar:/home/user/.m2/repository/commons-digester/commons-digester/1.8.1/commons-digester-1.8.1.jar:/home/user/.m2/repository/io/jaegertracing/jaeger-client/0.34.0/jaeger-client-0.34.0.jar:/home/user/.m2/repository/io/jaegertracing/jaeger-thrift/0.34.0/jaeger-thrift-0.34.0.jar:/home/user/.m2/repository/org/apache/thrift/libthrift/0.12.0/libthrift-0.12.0.jar:/home/user/.m2/repository/com/squareup/okhttp3/okhttp/3.9.0/okhttp-3.9.0.jar:/home/user/.m2/repository/com/squareup/okio/okio/1.13.0/okio-1.13.0.jar:/home/user/.m2/repository/io/jaegertracing/jaeger-core/0.34.0/jaeger-core-0.34.0.jar:/home/user/.m2/repository/io/jaegertracing/jaeger-tracerresolver/0.34.0/jaeger-tracerresolver-0.34.0.jar:/home/user/.m2/repository/io/opentracing/contrib/opentracing-tracerresolver/0.1.5/opentracing-tracerresolver-0.1.5.jar:/home/user/.m2/repository/io/opentracing/opentracing-util/0.31.0/opentracing-util-0.31.0.jar:/home/user/.m2/repository/io/opentracing/opentracing-api/0.31.0/opentracing-api-0.31.0.jar:/home/user/.m2/repository/io/opentracing/opentracing-noop/0.31.0/opentracing-noop-0.31.0.jar:/home/user/.m2/repository/org/yaml/snakeyaml/1.16/snakeyaml-1.16.jar:/home/user/.m2/repository/org/apache/hadoop/hadoop-hdfs-client/3.2.0/hadoop-hdfs-client-3.2.0.jar:/home/user/.m2/repository/info/picocli/picocli/3.9.6/picocli-3.9.6.jar:/home/user/.m2/repository/org/apache/hadoop/hadoop-hdds-server-scm/0.5.0-SNAPSHOT/hadoop-hdds-server-scm-0.5.0-SNAPSHOT.jar:/home/user/.m2/repository/org/apache/hadoop/hadoop-hdds-docs/0.5.0-SNAPSHOT/hadoop-hdds-docs-0.5.0-SNAPSHOT.jar:/home/user/.m2/repository/io/dropwizard/metrics/metrics-core/3.2.4/metrics-core-3.2.4.jar:/home/user/.m2/repository/org/hamcrest/hamcrest-all/1.3/hamcrest-all-1.3.jar:/home/user/.m2/repository/org/bouncycastle/bcprov-jdk15on/1.60/bcprov-jdk15on-1.60.jar:/home/user/.m2/repository/org/apache/hadoop/hadoop-hdds-server-framework/0.5.0-SNAPSHOT/hadoop-hdds-server-framework-0.5.0-SNAPSHOT.jar:/home/user/.m2/repository/org/apache/hadoop/hadoop-ozone-ozone-manager/0.5.0-SNAPSHOT/hadoop-ozone-ozone-manager-0.5.0-SNAPSHOT.jar:/home/user/.m2/repository/org/apache/hadoop/hadoop-hdds-container-service/0.5.0-SNAPSHOT/hadoop-hdds-container-service-0.5.0-SNAPSHOT.jar:/home/user/.m2/repository/org/apache/hadoop/hadoop-hdds-client/0.5.0-SNAPSHOT/hadoop-hdds-client-0.5.0-SNAPSHOT.jar:/home/user/.m2/repository/org/apache/hadoop/hadoop-ozone-common/0.5.0-SNAPSHOT/hadoop-ozone-common-0.5.0-SNAPSHOT.jar:/home/user/.m2/repository/org/apache/hadoop/hadoop-hdds-tools/0.5.0-SNAPSHOT/hadoop-hdds-tools-0.5.0-SNAPSHOT.jar:/home/user/.m2/repository/org/xerial/sqlite-jdbc/3.25.2/sqlite-jdbc-3.25.2.jar:/home/user/.m2/repository/org/apache/httpcomponents/httpclient/4.5.2/httpclient-4.5.2.jar:/home/user/.m2/repository/org/apache/httpcomponents/httpcore/4.4.4/httpcore-4.4.4.jar:/home/user/.m2/repository/com/google/code/findbugs/findbugs/3.0.1/findbugs-3.0.1.jar:/home/user/.m2/repository/net/jcip/jcip-annotations/1.0/jcip-annotations-1.0.jar:/home/user/.m2/repository/com/google/code/findbugs/bcel-findbugs/6.0/bcel-findbugs-6.0.jar:/home/user/.m2/repository/com/google/code/findbugs/jFormatString/2.0.1/jFormatString-2.0.1.jar:/home/user/.m2/repository/dom4j/dom4j/1.6.1/dom4j-1.6.1.jar:/home/user/.m2/repository/xml-apis/xml-apis/1.0.b2/xml-apis-1.0.b2.jar:/home/user/.m2/repository/org/ow2/asm/asm-debug-all/5.0.2/asm-debug-all-5.0.2.jar:/home/user/.m2/repository/org/ow2/asm/asm-commons/5.0.2/asm-commons-5.0.2.jar:/home/user/.m2/repository/org/ow2/asm/asm-tree/5.0.2/asm-tree-5.0.2.jar:/home/user/.m2/repository/org/ow2/asm/asm/5.0.4/asm-5.0.4.jar:/home/user/.m2/repository/commons-lang/commons-lang/2.6/commons-lang-2.6.jar:/home/user/.m2/repository/com/apple/AppleJavaExtensions/1.4/AppleJavaExtensions-1.4.jar:/home/user/.m2/repository/jaxen/jaxen/1.1.6/jaxen-1.1.6.jar:/home/user/.m2/repository/org/apache/hadoop/hadoop-common/3.2.0/hadoop-common-3.2.0-tests.jar:/home/user/.m2/repository/org/apache/hadoop/hadoop-ozone-client/0.5.0-SNAPSHOT/hadoop-ozone-client-0.5.0-SNAPSHOT.jar:/home/user/.m2/repository/org/apache/hadoop/hadoop-hdfs/3.2.0/hadoop-hdfs-3.2.0-tests.jar:/workdir/hadoop-ozone/integration-test/target/test-classes:/home/user/.m2/repository/org/apache/hadoop/hadoop-ozone-s3gateway/0.5.0-SNAPSHOT/hadoop-ozone-s3gateway-0.5.0-SNAPSHOT.jar:/home/user/.m2/repository/org/jboss/weld/servlet/weld-servlet/2.4.7.Final/weld-servlet-2.4.7.Final.jar:/home/user/.m2/repository/org/glassfish/jersey/containers/jersey-container-servlet-core/2.27/jersey-container-servlet-core-2.27.jar:/home/user/.m2/repository/org/glassfish/hk2/external/javax.inject/2.5.0-b42/javax.inject-2.5.0-b42.jar:/home/user/.m2/repository/org/glassfish/jersey/core/jersey-common/2.27/jersey-common-2.27.jar:/home/user/.m2/repository/org/glassfish/hk2/osgi-resource-locator/1.0.1/osgi-resource-locator-1.0.1.jar:/home/user/.m2/repository/javax/ws/rs/javax.ws.rs-api/2.1/javax.ws.rs-api-2.1.jar:/home/user/.m2/repository/org/glassfish/jersey/ext/cdi/jersey-cdi1x/2.27/jersey-cdi1x-2.27.jar:/home/user/.m2/repository/org/glassfish/jersey/inject/jersey-hk2/2.27/jersey-hk2-2.27.jar:/home/user/.m2/repository/org/glassfish/hk2/hk2-locator/2.5.0-b42/hk2-locator-2.5.0-b42.jar:/home/user/.m2/repository/org/javassist/javassist/3.22.0-CR2/javassist-3.22.0-CR2.jar:/home/user/.m2/repository/org/glassfish/hk2/hk2-api/2.5.0/hk2-api-2.5.0.jar:/home/user/.m2/repository/org/glassfish/hk2/external/jakarta.inject/2.5.0/jakarta.inject-2.5.0.jar:/home/user/.m2/repository/org/glassfish/hk2/hk2-utils/2.5.0/hk2-utils-2.5.0.jar:/home/user/.m2/repository/jakarta/annotation/jakarta.annotation-api/1.3.4/jakarta.annotation-api-1.3.4.jar:/home/user/.m2/repository/org/glassfish/hk2/external/aopalliance-repackaged/2.5.0/aopalliance-repackaged-2.5.0.jar:/home/user/.m2/repository/com/fasterxml/jackson/dataformat/jackson-dataformat-xml/2.9.0/jackson-dataformat-xml-2.9.0.jar:/home/user/.m2/repository/com/fasterxml/jackson/module/jackson-module-jaxb-annotations/2.9.9/jackson-module-jaxb-annotations-2.9.9.jar:/home/user/.m2/repository/javax/enterprise/cdi-api/1.2/cdi-api-1.2.jar:/home/user/.m2/repository/javax/el/javax.el-api/3.0.0/javax.el-api-3.0.0.jar:/home/user/.m2/repository/javax/interceptor/javax.interceptor-api/1.2/javax.interceptor-api-1.2.jar:/home/user/.m2/repository/javax/inject/javax.inject/1/javax.inject-1.jar:/home/user/.m2/repository/com/sun/xml/bind/jaxb-core/2.3.0.1/jaxb-core-2.3.0.1.jar:/home/user/.m2/repository/javax/xml/bind/jaxb-api/2.3.0/jaxb-api-2.3.0.jar:/home/user/.m2/repository/javax/activation/activation/1.1.1/activation-1.1.1.jar:/home/user/.m2/repository/org/apache/hadoop/hadoop-ozone-csi/0.5.0-SNAPSHOT/hadoop-ozone-csi-0.5.0-SNAPSHOT.jar:/home/user/.m2/repository/com/google/protobuf/protobuf-java-util/3.5.1/protobuf-java-util-3.5.1.jar:/home/user/.m2/repository/io/grpc/grpc-netty/1.17.1/grpc-netty-1.17.1.jar:/home/user/.m2/repository/io/grpc/grpc-core/1.17.1/grpc-core-1.17.1.jar:/home/user/.m2/repository/io/grpc/grpc-context/1.17.1/grpc-context-1.17.1.jar:/home/user/.m2/repository/com/google/errorprone/error_prone_annotations/2.2.0/error_prone_annotations-2.2.0.jar:/home/user/.m2/repository/org/codehaus/mojo/animal-sniffer-annotations/1.17/animal-sniffer-annotations-1.17.jar:/home/user/.m2/repository/io/opencensus/opencensus-api/0.17.0/opencensus-api-0.17.0.jar:/home/user/.m2/repository/io/opencensus/opencensus-contrib-grpc-metrics/0.17.0/opencensus-contrib-grpc-metrics-0.17.0.jar:/home/user/.m2/repository/io/netty/netty-codec-http2/4.1.30.Final/netty-codec-http2-4.1.30.Final.jar:/home/user/.m2/repository/io/netty/netty-codec-http/4.1.30.Final/netty-codec-http-4.1.30.Final.jar:/home/user/.m2/repository/io/netty/netty-codec/4.1.30.Final/netty-codec-4.1.30.Final.jar:/home/user/.m2/repository/io/netty/netty-handler/4.1.30.Final/netty-handler-4.1.30.Final.jar:/home/user/.m2/repository/io/netty/netty-handler-proxy/4.1.30.Final/netty-handler-proxy-4.1.30.Final.jar:/home/user/.m2/repository/io/netty/netty-codec-socks/4.1.30.Final/netty-codec-socks-4.1.30.Final.jar:/home/user/.m2/repository/io/netty/netty-transport-native-epoll/4.1.30.Final/netty-transport-native-epoll-4.1.30.Final.jar:/home/user/.m2/repository/io/netty/netty-common/4.1.30.Final/netty-common-4.1.30.Final.jar:/home/user/.m2/repository/io/netty/netty-buffer/4.1.30.Final/netty-buffer-4.1.30.Final.jar:/home/user/.m2/repository/io/netty/netty-transport/4.1.30.Final/netty-transport-4.1.30.Final.jar:/home/user/.m2/repository/io/netty/netty-resolver/4.1.30.Final/netty-resolver-4.1.30.Final.jar:/home/user/.m2/repository/io/netty/netty-transport-native-unix-common/4.1.30.Final/netty-transport-native-unix-common-4.1.30.Final.jar:/home/user/.m2/repository/io/grpc/grpc-protobuf/1.17.1/grpc-protobuf-1.17.1.jar:/home/user/.m2/repository/com/google/api/grpc/proto-google-common-protos/1.0.0/proto-google-common-protos-1.0.0.jar:/home/user/.m2/repository/io/grpc/grpc-protobuf-lite/1.17.1/grpc-protobuf-lite-1.17.1.jar:/home/user/.m2/repository/io/grpc/grpc-stub/1.17.1/grpc-stub-1.17.1.jar:/home/user/.m2/repository/org/apache/hadoop/hadoop-ozone-recon/0.5.0-SNAPSHOT/hadoop-ozone-recon-0.5.0-SNAPSHOT.jar:/home/user/.m2/repository/org/apache/hadoop/hadoop-ozone-reconcodegen/0.5.0-SNAPSHOT/hadoop-ozone-reconcodegen-0.5.0-SNAPSHOT.jar:/home/user/.m2/repository/com/google/inject/extensions/guice-multibindings/4.0/guice-multibindings-4.0.jar:/home/user/.m2/repository/com/google/inject/guice/4.0/guice-4.0.jar:/home/user/.m2/repository/aopalliance/aopalliance/1.0/aopalliance-1.0.jar:/home/user/.m2/repository/org/glassfish/jersey/containers/jersey-container-servlet/2.27/jersey-container-servlet-2.27.jar:/home/user/.m2/repository/org/glassfish/hk2/guice-bridge/2.5.0/guice-bridge-2.5.0.jar:/home/user/.m2/repository/org/glassfish/jersey/core/jersey-server/2.27/jersey-server-2.27.jar:/home/user/.m2/repository/org/glassfish/jersey/core/jersey-client/2.27/jersey-client-2.27.jar:/home/user/.m2/repository/org/glassfish/jersey/media/jersey-media-jaxb/2.27/jersey-media-jaxb-2.27.jar:/home/user/.m2/repository/javax/validation/validation-api/1.1.0.Final/validation-api-1.1.0.Final.jar:/home/user/.m2/repository/org/glassfish/jersey/media/jersey-media-json-jackson/2.27/jersey-media-json-jackson-2.27.jar:/home/user/.m2/repository/org/glassfish/jersey/ext/jersey-entity-filtering/2.27/jersey-entity-filtering-2.27.jar:/home/user/.m2/repository/com/google/inject/extensions/guice-assistedinject/4.0/guice-assistedinject-4.0.jar:/home/user/.m2/repository/org/jooq/jooq/3.11.10/jooq-3.11.10.jar:/home/user/.m2/repository/org/jooq/jooq-meta/3.11.10/jooq-meta-3.11.10.jar:/home/user/.m2/repository/org/jooq/jooq-codegen/3.11.10/jooq-codegen-3.11.10.jar:/home/user/.m2/repository/com/jolbox/bonecp/0.8.0.RELEASE/bonecp-0.8.0.RELEASE.jar:/home/user/.m2/repository/org/springframework/spring-jdbc/5.1.3.RELEASE/spring-jdbc-5.1.3.RELEASE.jar:/home/user/.m2/repository/org/springframework/spring-beans/5.1.3.RELEASE/spring-beans-5.1.3.RELEASE.jar:/home/user/.m2/repository/org/springframework/spring-core/5.1.3.RELEASE/spring-core-5.1.3.RELEASE.jar:/home/user/.m2/repository/org/springframework/spring-jcl/5.1.3.RELEASE/spring-jcl-5.1.3.RELEASE.jar:/home/user/.m2/repository/org/springframework/spring-tx/5.1.3.RELEASE/spring-tx-5.1.3.RELEASE.jar:/home/user/.m2/repository/org/mockito/mockito-all/1.10.19/mockito-all-1.10.19.jar:/home/user/.m2/repository/junit/junit/4.11/junit-4.11.jar:/home/user/.m2/repository/org/hamcrest/hamcrest-core/1.3/hamcrest-core-1.3.jar:/home/user/.m2/repository/org/apache/hadoop/hadoop-distcp/3.2.0/hadoop-distcp-3.2.0.jar:/home/user/.m2/repository/org/apache/hadoop/hadoop-distcp/3.2.0/hadoop-distcp-3.2.0-tests.jar:/home/user/.m2/repository/org/apache/hadoop/hadoop-mapreduce-client-jobclient/3.2.0/hadoop-mapreduce-client-jobclient-3.2.0.jar:/home/user/.m2/repository/org/apache/hadoop/hadoop-mapreduce-client-common/3.2.0/hadoop-mapreduce-client-common-3.2.0.jar:/home/user/.m2/repository/org/apache/hadoop/hadoop-yarn-common/3.2.0/hadoop-yarn-common-3.2.0.jar:/home/user/.m2/repository/org/apache/hadoop/hadoop-yarn-api/3.2.0/hadoop-yarn-api-3.2.0.jar:/home/user/.m2/repository/com/sun/jersey/jersey-client/1.19/jersey-client-1.19.jar:/home/user/.m2/repository/com/sun/jersey/contribs/jersey-guice/1.19/jersey-guice-1.19.jar:/home/user/.m2/repository/com/fasterxml/jackson/jaxrs/jackson-jaxrs-json-provider/2.9.9/jackson-jaxrs-json-provider-2.9.9.jar:/home/user/.m2/repository/com/fasterxml/jackson/jaxrs/jackson-jaxrs-base/2.9.9/jackson-jaxrs-base-2.9.9.jar:/home/user/.m2/repository/org/apache/hadoop/hadoop-yarn-client/3.2.0/hadoop-yarn-client-3.2.0.jar:/home/user/.m2/repository/org/apache/hadoop/hadoop-mapreduce-client-core/3.2.0/hadoop-mapreduce-client-core-3.2.0.jar:/home/user/.m2/repository/com/google/inject/extensions/guice-servlet/4.0/guice-servlet-4.0.jar:/home/user/.m2/repository/org/powermock/powermock-module-junit4/1.6.5/powermock-module-junit4-1.6.5.jar:/home/user/.m2/repository/org/powermock/powermock-module-junit4-common/1.6.5/powermock-module-junit4-common-1.6.5.jar:/home/user/.m2/repository/org/powermock/powermock-core/1.6.5/powermock-core-1.6.5.jar:/home/user/.m2/repository/org/powermock/powermock-reflect/1.6.5/powermock-reflect-1.6.5.jar:/home/user/.m2/repository/org/powermock/powermock-api-mockito/1.6.5/powermock-api-mockito-1.6.5.jar:/home/user/.m2/repository/org/mockito/mockito-core/1.10.19/mockito-core-1.10.19.jar:/home/user/.m2/repository/org/objenesis/objenesis/1.0/objenesis-1.0.jar:/home/user/.m2/repository/org/powermock/powermock-api-mockito-common/1.6.5/powermock-api-mockito-common-1.6.5.jar:/home/user/.m2/repository/org/powermock/powermock-api-support/1.6.5/powermock-api-support-1.6.5.jar:"/>
    <property name="java.vm.vendor" value="IcedTea"/>
    <property name="sun.arch.data.model" value="64"/>
    <property name="test.build.dir" value="/workdir/hadoop-ozone/ozonefs/target/test-dir"/>
    <property name="test.cache.data" value=""/>
    <property name="java.vendor.url" value="https://icedtea.classpath.org"/>
    <property name="user.timezone" value=""/>
    <property name="java.vm.specification.version" value="1.8"/>
    <property name="os.name" value="Linux"/>
    <property name="test.build.data" value="/workdir/hadoop-ozone/ozonefs/target/test-dir"/>
    <property name="user.country" value="US"/>
    <property name="sun.java.launcher" value="SUN_STANDARD"/>
    <property name="sun.boot.library.path" value="/usr/lib/jvm/java-1.8-openjdk/jre/lib/amd64"/>
    <property name="sun.java.command" value="/workdir/hadoop-ozone/ozonefs/target/surefire/surefirebooter7637616038327381946.jar /workdir/hadoop-ozone/ozonefs/target/surefire 2019-09-26T15-34-27_911-jvmRun1 surefire4229094148606939619tmp surefire_925656616863037685532tmp"/>
    <property name="test" value="!TestMiniChaosOzoneCluster"/>
    <property name="surefire.test.class.path" value="/workdir/hadoop-ozone/ozonefs/target/test-classes:/workdir/hadoop-ozone/ozonefs/target/classes:/home/user/.m2/repository/org/apache/hadoop/hadoop-common/3.2.0/hadoop-common-3.2.0.jar:/home/user/.m2/repository/org/apache/hadoop/hadoop-annotations/3.2.0/hadoop-annotations-3.2.0.jar:/usr/lib/jvm/java-1.8-openjdk/jre/../lib/tools.jar:/home/user/.m2/repository/com/google/guava/guava/11.0.2/guava-11.0.2.jar:/home/user/.m2/repository/commons-cli/commons-cli/1.2/commons-cli-1.2.jar:/home/user/.m2/repository/org/apache/commons/commons-math3/3.1.1/commons-math3-3.1.1.jar:/home/user/.m2/repository/commons-codec/commons-codec/1.11/commons-codec-1.11.jar:/home/user/.m2/repository/commons-io/commons-io/2.5/commons-io-2.5.jar:/home/user/.m2/repository/commons-net/commons-net/3.6/commons-net-3.6.jar:/home/user/.m2/repository/commons-collections/commons-collections/3.2.2/commons-collections-3.2.2.jar:/home/user/.m2/repository/javax/servlet/javax.servlet-api/3.1.0/javax.servlet-api-3.1.0.jar:/home/user/.m2/repository/org/eclipse/jetty/jetty-server/9.3.25.v20180904/jetty-server-9.3.25.v20180904.jar:/home/user/.m2/repository/org/eclipse/jetty/jetty-http/9.3.25.v20180904/jetty-http-9.3.25.v20180904.jar:/home/user/.m2/repository/org/eclipse/jetty/jetty-io/9.3.25.v20180904/jetty-io-9.3.25.v20180904.jar:/home/user/.m2/repository/org/eclipse/jetty/jetty-util/9.3.25.v20180904/jetty-util-9.3.25.v20180904.jar:/home/user/.m2/repository/org/eclipse/jetty/jetty-servlet/9.3.25.v20180904/jetty-servlet-9.3.25.v20180904.jar:/home/user/.m2/repository/org/eclipse/jetty/jetty-security/9.3.25.v20180904/jetty-security-9.3.25.v20180904.jar:/home/user/.m2/repository/org/eclipse/jetty/jetty-webapp/9.3.25.v20180904/jetty-webapp-9.3.25.v20180904.jar:/home/user/.m2/repository/org/eclipse/jetty/jetty-xml/9.3.25.v20180904/jetty-xml-9.3.25.v20180904.jar:/home/user/.m2/repository/javax/servlet/jsp/jsp-api/2.1/jsp-api-2.1.jar:/home/user/.m2/repository/com/sun/jersey/jersey-core/1.19/jersey-core-1.19.jar:/home/user/.m2/repository/javax/ws/rs/jsr311-api/1.1.1/jsr311-api-1.1.1.jar:/home/user/.m2/repository/com/sun/jersey/jersey-servlet/1.19/jersey-servlet-1.19.jar:/home/user/.m2/repository/com/sun/jersey/jersey-json/1.19/jersey-json-1.19.jar:/home/user/.m2/repository/org/codehaus/jettison/jettison/1.1/jettison-1.1.jar:/home/user/.m2/repository/com/sun/xml/bind/jaxb-impl/2.3.0.1/jaxb-impl-2.3.0.1.jar:/home/user/.m2/repository/org/codehaus/jackson/jackson-core-asl/1.9.13/jackson-core-asl-1.9.13.jar:/home/user/.m2/repository/org/codehaus/jackson/jackson-mapper-asl/1.9.13/jackson-mapper-asl-1.9.13.jar:/home/user/.m2/repository/org/codehaus/jackson/jackson-jaxrs/1.9.13/jackson-jaxrs-1.9.13.jar:/home/user/.m2/repository/org/codehaus/jackson/jackson-xc/1.9.13/jackson-xc-1.9.13.jar:/home/user/.m2/repository/com/sun/jersey/jersey-server/1.19/jersey-server-1.19.jar:/home/user/.m2/repository/commons-logging/commons-logging/1.1.3/commons-logging-1.1.3.jar:/home/user/.m2/repository/log4j/log4j/1.2.17/log4j-1.2.17.jar:/home/user/.m2/repository/commons-beanutils/commons-beanutils/1.9.4/commons-beanutils-1.9.4.jar:/home/user/.m2/repository/org/apache/commons/commons-configuration2/2.1.1/commons-configuration2-2.1.1.jar:/home/user/.m2/repository/org/apache/commons/commons-lang3/3.7/commons-lang3-3.7.jar:/home/user/.m2/repository/org/apache/commons/commons-text/1.4/commons-text-1.4.jar:/home/user/.m2/repository/org/slf4j/slf4j-api/1.7.25/slf4j-api-1.7.25.jar:/home/user/.m2/repository/org/slf4j/slf4j-log4j12/1.7.25/slf4j-log4j12-1.7.25.jar:/home/user/.m2/repository/org/apache/avro/avro/1.7.7/avro-1.7.7.jar:/home/user/.m2/repository/com/thoughtworks/paranamer/paranamer/2.3/paranamer-2.3.jar:/home/user/.m2/repository/org/xerial/snappy/snappy-java/1.0.5/snappy-java-1.0.5.jar:/home/user/.m2/repository/com/google/re2j/re2j/1.1/re2j-1.1.jar:/home/user/.m2/repository/com/google/protobuf/protobuf-java/2.5.0/protobuf-java-2.5.0.jar:/home/user/.m2/repository/com/google/code/gson/gson/2.2.4/gson-2.2.4.jar:/home/user/.m2/repository/org/apache/hadoop/hadoop-auth/3.2.0/hadoop-auth-3.2.0.jar:/home/user/.m2/repository/com/nimbusds/nimbus-jose-jwt/4.41.1/nimbus-jose-jwt-4.41.1.jar:/home/user/.m2/repository/com/github/stephenc/jcip/jcip-annotations/1.0-1/jcip-annotations-1.0-1.jar:/home/user/.m2/repository/net/minidev/json-smart/2.3/json-smart-2.3.jar:/home/user/.m2/repository/net/minidev/accessors-smart/1.2/accessors-smart-1.2.jar:/home/user/.m2/repository/org/apache/curator/curator-framework/2.12.0/curator-framework-2.12.0.jar:/home/user/.m2/repository/com/jcraft/jsch/0.1.54/jsch-0.1.54.jar:/home/user/.m2/repository/org/apache/curator/curator-client/2.12.0/curator-client-2.12.0.jar:/home/user/.m2/repository/org/apache/curator/curator-recipes/2.12.0/curator-recipes-2.12.0.jar:/home/user/.m2/repository/com/google/code/findbugs/jsr305/3.0.0/jsr305-3.0.0.jar:/home/user/.m2/repository/org/apache/htrace/htrace-core4/4.1.0-incubating/htrace-core4-4.1.0-incubating.jar:/home/user/.m2/repository/org/apache/zookeeper/zookeeper/3.4.13/zookeeper-3.4.13.jar:/home/user/.m2/repository/jline/jline/0.9.94/jline-0.9.94.jar:/home/user/.m2/repository/org/apache/yetus/audience-annotations/0.5.0/audience-annotations-0.5.0.jar:/home/user/.m2/repository/org/apache/commons/commons-compress/1.4.1/commons-compress-1.4.1.jar:/home/user/.m2/repository/org/tukaani/xz/1.0/xz-1.0.jar:/home/user/.m2/repository/org/apache/kerby/kerb-simplekdc/1.0.1/kerb-simplekdc-1.0.1.jar:/home/user/.m2/repository/org/apache/kerby/kerb-client/1.0.1/kerb-client-1.0.1.jar:/home/user/.m2/repository/org/apache/kerby/kerby-config/1.0.1/kerby-config-1.0.1.jar:/home/user/.m2/repository/org/apache/kerby/kerb-core/1.0.1/kerb-core-1.0.1.jar:/home/user/.m2/repository/org/apache/kerby/kerby-pkix/1.0.1/kerby-pkix-1.0.1.jar:/home/user/.m2/repository/org/apache/kerby/kerby-asn1/1.0.1/kerby-asn1-1.0.1.jar:/home/user/.m2/repository/org/apache/kerby/kerby-util/1.0.1/kerby-util-1.0.1.jar:/home/user/.m2/repository/org/apache/kerby/kerb-common/1.0.1/kerb-common-1.0.1.jar:/home/user/.m2/repository/org/apache/kerby/kerb-crypto/1.0.1/kerb-crypto-1.0.1.jar:/home/user/.m2/repository/org/apache/kerby/kerb-util/1.0.1/kerb-util-1.0.1.jar:/home/user/.m2/repository/org/apache/kerby/token-provider/1.0.1/token-provider-1.0.1.jar:/home/user/.m2/repository/org/apache/kerby/kerb-admin/1.0.1/kerb-admin-1.0.1.jar:/home/user/.m2/repository/org/apache/kerby/kerb-server/1.0.1/kerb-server-1.0.1.jar:/home/user/.m2/repository/org/apache/kerby/kerb-identity/1.0.1/kerb-identity-1.0.1.jar:/home/user/.m2/repository/org/apache/kerby/kerby-xdr/1.0.1/kerby-xdr-1.0.1.jar:/home/user/.m2/repository/com/fasterxml/jackson/core/jackson-databind/2.9.9/jackson-databind-2.9.9.jar:/home/user/.m2/repository/com/fasterxml/jackson/core/jackson-annotations/2.9.9/jackson-annotations-2.9.9.jar:/home/user/.m2/repository/com/fasterxml/jackson/core/jackson-core/2.9.9/jackson-core-2.9.9.jar:/home/user/.m2/repository/org/codehaus/woodstox/stax2-api/3.1.4/stax2-api-3.1.4.jar:/home/user/.m2/repository/com/fasterxml/woodstox/woodstox-core/5.0.3/woodstox-core-5.0.3.jar:/home/user/.m2/repository/dnsjava/dnsjava/2.1.7/dnsjava-2.1.7.jar:/home/user/.m2/repository/org/apache/hadoop/hadoop-hdfs/3.2.0/hadoop-hdfs-3.2.0.jar:/home/user/.m2/repository/org/eclipse/jetty/jetty-util-ajax/9.3.25.v20180904/jetty-util-ajax-9.3.25.v20180904.jar:/home/user/.m2/repository/commons-daemon/commons-daemon/1.0.13/commons-daemon-1.0.13.jar:/home/user/.m2/repository/io/netty/netty/3.10.5.Final/netty-3.10.5.Final.jar:/home/user/.m2/repository/io/netty/netty-all/4.0.52.Final/netty-all-4.0.52.Final.jar:/home/user/.m2/repository/org/fusesource/leveldbjni/leveldbjni-all/1.8/leveldbjni-all-1.8.jar:/home/user/.m2/repository/org/apache/hadoop/hadoop-hdds-common/0.5.0-SNAPSHOT/hadoop-hdds-common-0.5.0-SNAPSHOT.jar:/home/user/.m2/repository/org/apache/hadoop/hadoop-hdds-config/0.5.0-SNAPSHOT/hadoop-hdds-config-0.5.0-SNAPSHOT.jar:/home/user/.m2/repository/javax/annotation/javax.annotation-api/1.2/javax.annotation-api-1.2.jar:/home/user/.m2/repository/org/apache/ratis/ratis-server/0.4.0/ratis-server-0.4.0.jar:/home/user/.m2/repository/org/apache/ratis/ratis-thirdparty-misc/0.2.0/ratis-thirdparty-misc-0.2.0.jar:/home/user/.m2/repository/org/apache/ratis/ratis-proto/0.4.0/ratis-proto-0.4.0.jar:/home/user/.m2/repository/org/apache/ratis/ratis-common/0.4.0/ratis-common-0.4.0.jar:/home/user/.m2/repository/org/apache/ratis/ratis-client/0.4.0/ratis-client-0.4.0.jar:/home/user/.m2/repository/org/apache/ratis/ratis-metrics/0.4.0/ratis-metrics-0.4.0.jar:/home/user/.m2/repository/com/github/joshelser/dropwizard-metrics-hadoop-metrics2-reporter/0.1.2/dropwizard-metrics-hadoop-metrics2-reporter-0.1.2.jar:/home/user/.m2/repository/io/dropwizard/metrics/metrics-jvm/3.2.5/metrics-jvm-3.2.5.jar:/home/user/.m2/repository/io/dropwizard/metrics/metrics-ganglia/3.2.5/metrics-ganglia-3.2.5.jar:/home/user/.m2/repository/info/ganglia/gmetric4j/gmetric4j/1.0.7/gmetric4j-1.0.7.jar:/home/user/.m2/repository/org/apache/ratis/ratis-netty/0.4.0/ratis-netty-0.4.0.jar:/home/user/.m2/repository/org/apache/ratis/ratis-grpc/0.4.0/ratis-grpc-0.4.0.jar:/home/user/.m2/repository/org/rocksdb/rocksdbjni/6.0.1/rocksdbjni-6.0.1.jar:/home/user/.m2/repository/org/apache/logging/log4j/log4j-api/2.11.0/log4j-api-2.11.0.jar:/home/user/.m2/repository/org/apache/logging/log4j/log4j-core/2.11.0/log4j-core-2.11.0.jar:/home/user/.m2/repository/com/lmax/disruptor/3.4.2/disruptor-3.4.2.jar:/home/user/.m2/repository/org/apache/commons/commons-pool2/2.6.0/commons-pool2-2.6.0.jar:/home/user/.m2/repository/org/bouncycastle/bcpkix-jdk15on/1.60/bcpkix-jdk15on-1.60.jar:/home/user/.m2/repository/commons-validator/commons-validator/1.6/commons-validator-1.6.jar:/home/user/.m2/repository/commons-digester/commons-digester/1.8.1/commons-digester-1.8.1.jar:/home/user/.m2/repository/io/jaegertracing/jaeger-client/0.34.0/jaeger-client-0.34.0.jar:/home/user/.m2/repository/io/jaegertracing/jaeger-thrift/0.34.0/jaeger-thrift-0.34.0.jar:/home/user/.m2/repository/org/apache/thrift/libthrift/0.12.0/libthrift-0.12.0.jar:/home/user/.m2/repository/com/squareup/okhttp3/okhttp/3.9.0/okhttp-3.9.0.jar:/home/user/.m2/repository/com/squareup/okio/okio/1.13.0/okio-1.13.0.jar:/home/user/.m2/repository/io/jaegertracing/jaeger-core/0.34.0/jaeger-core-0.34.0.jar:/home/user/.m2/repository/io/jaegertracing/jaeger-tracerresolver/0.34.0/jaeger-tracerresolver-0.34.0.jar:/home/user/.m2/repository/io/opentracing/contrib/opentracing-tracerresolver/0.1.5/opentracing-tracerresolver-0.1.5.jar:/home/user/.m2/repository/io/opentracing/opentracing-util/0.31.0/opentracing-util-0.31.0.jar:/home/user/.m2/repository/io/opentracing/opentracing-api/0.31.0/opentracing-api-0.31.0.jar:/home/user/.m2/repository/io/opentracing/opentracing-noop/0.31.0/opentracing-noop-0.31.0.jar:/home/user/.m2/repository/org/yaml/snakeyaml/1.16/snakeyaml-1.16.jar:/home/user/.m2/repository/org/apache/hadoop/hadoop-hdfs-client/3.2.0/hadoop-hdfs-client-3.2.0.jar:/home/user/.m2/repository/info/picocli/picocli/3.9.6/picocli-3.9.6.jar:/home/user/.m2/repository/org/apache/hadoop/hadoop-hdds-server-scm/0.5.0-SNAPSHOT/hadoop-hdds-server-scm-0.5.0-SNAPSHOT.jar:/home/user/.m2/repository/org/apache/hadoop/hadoop-hdds-docs/0.5.0-SNAPSHOT/hadoop-hdds-docs-0.5.0-SNAPSHOT.jar:/home/user/.m2/repository/io/dropwizard/metrics/metrics-core/3.2.4/metrics-core-3.2.4.jar:/home/user/.m2/repository/org/hamcrest/hamcrest-all/1.3/hamcrest-all-1.3.jar:/home/user/.m2/repository/org/bouncycastle/bcprov-jdk15on/1.60/bcprov-jdk15on-1.60.jar:/home/user/.m2/repository/org/apache/hadoop/hadoop-hdds-server-framework/0.5.0-SNAPSHOT/hadoop-hdds-server-framework-0.5.0-SNAPSHOT.jar:/home/user/.m2/repository/org/apache/hadoop/hadoop-ozone-ozone-manager/0.5.0-SNAPSHOT/hadoop-ozone-ozone-manager-0.5.0-SNAPSHOT.jar:/home/user/.m2/repository/org/apache/hadoop/hadoop-hdds-container-service/0.5.0-SNAPSHOT/hadoop-hdds-container-service-0.5.0-SNAPSHOT.jar:/home/user/.m2/repository/org/apache/hadoop/hadoop-hdds-client/0.5.0-SNAPSHOT/hadoop-hdds-client-0.5.0-SNAPSHOT.jar:/home/user/.m2/repository/org/apache/hadoop/hadoop-ozone-common/0.5.0-SNAPSHOT/hadoop-ozone-common-0.5.0-SNAPSHOT.jar:/home/user/.m2/repository/org/apache/hadoop/hadoop-hdds-tools/0.5.0-SNAPSHOT/hadoop-hdds-tools-0.5.0-SNAPSHOT.jar:/home/user/.m2/repository/org/xerial/sqlite-jdbc/3.25.2/sqlite-jdbc-3.25.2.jar:/home/user/.m2/repository/org/apache/httpcomponents/httpclient/4.5.2/httpclient-4.5.2.jar:/home/user/.m2/repository/org/apache/httpcomponents/httpcore/4.4.4/httpcore-4.4.4.jar:/home/user/.m2/repository/com/google/code/findbugs/findbugs/3.0.1/findbugs-3.0.1.jar:/home/user/.m2/repository/net/jcip/jcip-annotations/1.0/jcip-annotations-1.0.jar:/home/user/.m2/repository/com/google/code/findbugs/bcel-findbugs/6.0/bcel-findbugs-6.0.jar:/home/user/.m2/repository/com/google/code/findbugs/jFormatString/2.0.1/jFormatString-2.0.1.jar:/home/user/.m2/repository/dom4j/dom4j/1.6.1/dom4j-1.6.1.jar:/home/user/.m2/repository/xml-apis/xml-apis/1.0.b2/xml-apis-1.0.b2.jar:/home/user/.m2/repository/org/ow2/asm/asm-debug-all/5.0.2/asm-debug-all-5.0.2.jar:/home/user/.m2/repository/org/ow2/asm/asm-commons/5.0.2/asm-commons-5.0.2.jar:/home/user/.m2/repository/org/ow2/asm/asm-tree/5.0.2/asm-tree-5.0.2.jar:/home/user/.m2/repository/org/ow2/asm/asm/5.0.4/asm-5.0.4.jar:/home/user/.m2/repository/commons-lang/commons-lang/2.6/commons-lang-2.6.jar:/home/user/.m2/repository/com/apple/AppleJavaExtensions/1.4/AppleJavaExtensions-1.4.jar:/home/user/.m2/repository/jaxen/jaxen/1.1.6/jaxen-1.1.6.jar:/home/user/.m2/repository/org/apache/hadoop/hadoop-common/3.2.0/hadoop-common-3.2.0-tests.jar:/home/user/.m2/repository/org/apache/hadoop/hadoop-ozone-client/0.5.0-SNAPSHOT/hadoop-ozone-client-0.5.0-SNAPSHOT.jar:/home/user/.m2/repository/org/apache/hadoop/hadoop-hdfs/3.2.0/hadoop-hdfs-3.2.0-tests.jar:/workdir/hadoop-ozone/integration-test/target/test-classes:/home/user/.m2/repository/org/apache/hadoop/hadoop-ozone-s3gateway/0.5.0-SNAPSHOT/hadoop-ozone-s3gateway-0.5.0-SNAPSHOT.jar:/home/user/.m2/repository/org/jboss/weld/servlet/weld-servlet/2.4.7.Final/weld-servlet-2.4.7.Final.jar:/home/user/.m2/repository/org/glassfish/jersey/containers/jersey-container-servlet-core/2.27/jersey-container-servlet-core-2.27.jar:/home/user/.m2/repository/org/glassfish/hk2/external/javax.inject/2.5.0-b42/javax.inject-2.5.0-b42.jar:/home/user/.m2/repository/org/glassfish/jersey/core/jersey-common/2.27/jersey-common-2.27.jar:/home/user/.m2/repository/org/glassfish/hk2/osgi-resource-locator/1.0.1/osgi-resource-locator-1.0.1.jar:/home/user/.m2/repository/javax/ws/rs/javax.ws.rs-api/2.1/javax.ws.rs-api-2.1.jar:/home/user/.m2/repository/org/glassfish/jersey/ext/cdi/jersey-cdi1x/2.27/jersey-cdi1x-2.27.jar:/home/user/.m2/repository/org/glassfish/jersey/inject/jersey-hk2/2.27/jersey-hk2-2.27.jar:/home/user/.m2/repository/org/glassfish/hk2/hk2-locator/2.5.0-b42/hk2-locator-2.5.0-b42.jar:/home/user/.m2/repository/org/javassist/javassist/3.22.0-CR2/javassist-3.22.0-CR2.jar:/home/user/.m2/repository/org/glassfish/hk2/hk2-api/2.5.0/hk2-api-2.5.0.jar:/home/user/.m2/repository/org/glassfish/hk2/external/jakarta.inject/2.5.0/jakarta.inject-2.5.0.jar:/home/user/.m2/repository/org/glassfish/hk2/hk2-utils/2.5.0/hk2-utils-2.5.0.jar:/home/user/.m2/repository/jakarta/annotation/jakarta.annotation-api/1.3.4/jakarta.annotation-api-1.3.4.jar:/home/user/.m2/repository/org/glassfish/hk2/external/aopalliance-repackaged/2.5.0/aopalliance-repackaged-2.5.0.jar:/home/user/.m2/repository/com/fasterxml/jackson/dataformat/jackson-dataformat-xml/2.9.0/jackson-dataformat-xml-2.9.0.jar:/home/user/.m2/repository/com/fasterxml/jackson/module/jackson-module-jaxb-annotations/2.9.9/jackson-module-jaxb-annotations-2.9.9.jar:/home/user/.m2/repository/javax/enterprise/cdi-api/1.2/cdi-api-1.2.jar:/home/user/.m2/repository/javax/el/javax.el-api/3.0.0/javax.el-api-3.0.0.jar:/home/user/.m2/repository/javax/interceptor/javax.interceptor-api/1.2/javax.interceptor-api-1.2.jar:/home/user/.m2/repository/javax/inject/javax.inject/1/javax.inject-1.jar:/home/user/.m2/repository/com/sun/xml/bind/jaxb-core/2.3.0.1/jaxb-core-2.3.0.1.jar:/home/user/.m2/repository/javax/xml/bind/jaxb-api/2.3.0/jaxb-api-2.3.0.jar:/home/user/.m2/repository/javax/activation/activation/1.1.1/activation-1.1.1.jar:/home/user/.m2/repository/org/apache/hadoop/hadoop-ozone-csi/0.5.0-SNAPSHOT/hadoop-ozone-csi-0.5.0-SNAPSHOT.jar:/home/user/.m2/repository/com/google/protobuf/protobuf-java-util/3.5.1/protobuf-java-util-3.5.1.jar:/home/user/.m2/repository/io/grpc/grpc-netty/1.17.1/grpc-netty-1.17.1.jar:/home/user/.m2/repository/io/grpc/grpc-core/1.17.1/grpc-core-1.17.1.jar:/home/user/.m2/repository/io/grpc/grpc-context/1.17.1/grpc-context-1.17.1.jar:/home/user/.m2/repository/com/google/errorprone/error_prone_annotations/2.2.0/error_prone_annotations-2.2.0.jar:/home/user/.m2/repository/org/codehaus/mojo/animal-sniffer-annotations/1.17/animal-sniffer-annotations-1.17.jar:/home/user/.m2/repository/io/opencensus/opencensus-api/0.17.0/opencensus-api-0.17.0.jar:/home/user/.m2/repository/io/opencensus/opencensus-contrib-grpc-metrics/0.17.0/opencensus-contrib-grpc-metrics-0.17.0.jar:/home/user/.m2/repository/io/netty/netty-codec-http2/4.1.30.Final/netty-codec-http2-4.1.30.Final.jar:/home/user/.m2/repository/io/netty/netty-codec-http/4.1.30.Final/netty-codec-http-4.1.30.Final.jar:/home/user/.m2/repository/io/netty/netty-codec/4.1.30.Final/netty-codec-4.1.30.Final.jar:/home/user/.m2/repository/io/netty/netty-handler/4.1.30.Final/netty-handler-4.1.30.Final.jar:/home/user/.m2/repository/io/netty/netty-handler-proxy/4.1.30.Final/netty-handler-proxy-4.1.30.Final.jar:/home/user/.m2/repository/io/netty/netty-codec-socks/4.1.30.Final/netty-codec-socks-4.1.30.Final.jar:/home/user/.m2/repository/io/netty/netty-transport-native-epoll/4.1.30.Final/netty-transport-native-epoll-4.1.30.Final.jar:/home/user/.m2/repository/io/netty/netty-common/4.1.30.Final/netty-common-4.1.30.Final.jar:/home/user/.m2/repository/io/netty/netty-buffer/4.1.30.Final/netty-buffer-4.1.30.Final.jar:/home/user/.m2/repository/io/netty/netty-transport/4.1.30.Final/netty-transport-4.1.30.Final.jar:/home/user/.m2/repository/io/netty/netty-resolver/4.1.30.Final/netty-resolver-4.1.30.Final.jar:/home/user/.m2/repository/io/netty/netty-transport-native-unix-common/4.1.30.Final/netty-transport-native-unix-common-4.1.30.Final.jar:/home/user/.m2/repository/io/grpc/grpc-protobuf/1.17.1/grpc-protobuf-1.17.1.jar:/home/user/.m2/repository/com/google/api/grpc/proto-google-common-protos/1.0.0/proto-google-common-protos-1.0.0.jar:/home/user/.m2/repository/io/grpc/grpc-protobuf-lite/1.17.1/grpc-protobuf-lite-1.17.1.jar:/home/user/.m2/repository/io/grpc/grpc-stub/1.17.1/grpc-stub-1.17.1.jar:/home/user/.m2/repository/org/apache/hadoop/hadoop-ozone-recon/0.5.0-SNAPSHOT/hadoop-ozone-recon-0.5.0-SNAPSHOT.jar:/home/user/.m2/repository/org/apache/hadoop/hadoop-ozone-reconcodegen/0.5.0-SNAPSHOT/hadoop-ozone-reconcodegen-0.5.0-SNAPSHOT.jar:/home/user/.m2/repository/com/google/inject/extensions/guice-multibindings/4.0/guice-multibindings-4.0.jar:/home/user/.m2/repository/com/google/inject/guice/4.0/guice-4.0.jar:/home/user/.m2/repository/aopalliance/aopalliance/1.0/aopalliance-1.0.jar:/home/user/.m2/repository/org/glassfish/jersey/containers/jersey-container-servlet/2.27/jersey-container-servlet-2.27.jar:/home/user/.m2/repository/org/glassfish/hk2/guice-bridge/2.5.0/guice-bridge-2.5.0.jar:/home/user/.m2/repository/org/glassfish/jersey/core/jersey-server/2.27/jersey-server-2.27.jar:/home/user/.m2/repository/org/glassfish/jersey/core/jersey-client/2.27/jersey-client-2.27.jar:/home/user/.m2/repository/org/glassfish/jersey/media/jersey-media-jaxb/2.27/jersey-media-jaxb-2.27.jar:/home/user/.m2/repository/javax/validation/validation-api/1.1.0.Final/validation-api-1.1.0.Final.jar:/home/user/.m2/repository/org/glassfish/jersey/media/jersey-media-json-jackson/2.27/jersey-media-json-jackson-2.27.jar:/home/user/.m2/repository/org/glassfish/jersey/ext/jersey-entity-filtering/2.27/jersey-entity-filtering-2.27.jar:/home/user/.m2/repository/com/google/inject/extensions/guice-assistedinject/4.0/guice-assistedinject-4.0.jar:/home/user/.m2/repository/org/jooq/jooq/3.11.10/jooq-3.11.10.jar:/home/user/.m2/repository/org/jooq/jooq-meta/3.11.10/jooq-meta-3.11.10.jar:/home/user/.m2/repository/org/jooq/jooq-codegen/3.11.10/jooq-codegen-3.11.10.jar:/home/user/.m2/repository/com/jolbox/bonecp/0.8.0.RELEASE/bonecp-0.8.0.RELEASE.jar:/home/user/.m2/repository/org/springframework/spring-jdbc/5.1.3.RELEASE/spring-jdbc-5.1.3.RELEASE.jar:/home/user/.m2/repository/org/springframework/spring-beans/5.1.3.RELEASE/spring-beans-5.1.3.RELEASE.jar:/home/user/.m2/repository/org/springframework/spring-core/5.1.3.RELEASE/spring-core-5.1.3.RELEASE.jar:/home/user/.m2/repository/org/springframework/spring-jcl/5.1.3.RELEASE/spring-jcl-5.1.3.RELEASE.jar:/home/user/.m2/repository/org/springframework/spring-tx/5.1.3.RELEASE/spring-tx-5.1.3.RELEASE.jar:/home/user/.m2/repository/org/mockito/mockito-all/1.10.19/mockito-all-1.10.19.jar:/home/user/.m2/repository/junit/junit/4.11/junit-4.11.jar:/home/user/.m2/repository/org/hamcrest/hamcrest-core/1.3/hamcrest-core-1.3.jar:/home/user/.m2/repository/org/apache/hadoop/hadoop-distcp/3.2.0/hadoop-distcp-3.2.0.jar:/home/user/.m2/repository/org/apache/hadoop/hadoop-distcp/3.2.0/hadoop-distcp-3.2.0-tests.jar:/home/user/.m2/repository/org/apache/hadoop/hadoop-mapreduce-client-jobclient/3.2.0/hadoop-mapreduce-client-jobclient-3.2.0.jar:/home/user/.m2/repository/org/apache/hadoop/hadoop-mapreduce-client-common/3.2.0/hadoop-mapreduce-client-common-3.2.0.jar:/home/user/.m2/repository/org/apache/hadoop/hadoop-yarn-common/3.2.0/hadoop-yarn-common-3.2.0.jar:/home/user/.m2/repository/org/apache/hadoop/hadoop-yarn-api/3.2.0/hadoop-yarn-api-3.2.0.jar:/home/user/.m2/repository/com/sun/jersey/jersey-client/1.19/jersey-client-1.19.jar:/home/user/.m2/repository/com/sun/jersey/contribs/jersey-guice/1.19/jersey-guice-1.19.jar:/home/user/.m2/repository/com/fasterxml/jackson/jaxrs/jackson-jaxrs-json-provider/2.9.9/jackson-jaxrs-json-provider-2.9.9.jar:/home/user/.m2/repository/com/fasterxml/jackson/jaxrs/jackson-jaxrs-base/2.9.9/jackson-jaxrs-base-2.9.9.jar:/home/user/.m2/repository/org/apache/hadoop/hadoop-yarn-client/3.2.0/hadoop-yarn-client-3.2.0.jar:/home/user/.m2/repository/org/apache/hadoop/hadoop-mapreduce-client-core/3.2.0/hadoop-mapreduce-client-core-3.2.0.jar:/home/user/.m2/repository/com/google/inject/extensions/guice-servlet/4.0/guice-servlet-4.0.jar:/home/user/.m2/repository/org/powermock/powermock-module-junit4/1.6.5/powermock-module-junit4-1.6.5.jar:/home/user/.m2/repository/org/powermock/powermock-module-junit4-common/1.6.5/powermock-module-junit4-common-1.6.5.jar:/home/user/.m2/repository/org/powermock/powermock-core/1.6.5/powermock-core-1.6.5.jar:/home/user/.m2/repository/org/powermock/powermock-reflect/1.6.5/powermock-reflect-1.6.5.jar:/home/user/.m2/repository/org/powermock/powermock-api-mockito/1.6.5/powermock-api-mockito-1.6.5.jar:/home/user/.m2/repository/org/mockito/mockito-core/1.10.19/mockito-core-1.10.19.jar:/home/user/.m2/repository/org/objenesis/objenesis/1.0/objenesis-1.0.jar:/home/user/.m2/repository/org/powermock/powermock-api-mockito-common/1.6.5/powermock-api-mockito-common-1.6.5.jar:/home/user/.m2/repository/org/powermock/powermock-api-support/1.6.5/powermock-api-support-1.6.5.jar:"/>
    <property name="sun.cpu.endian" value="little"/>
    <property name="user.home" value="/home/user"/>
    <property name="user.language" value="en"/>
    <property name="java.specification.vendor" value="Oracle Corporation"/>
    <property name="java.home" value="/usr/lib/jvm/java-1.8-openjdk/jre"/>
    <property name="java.security.krb5.conf" value="/workdir/hadoop-ozone/ozonefs/target/test-classes/krb5.conf"/>
    <property name="basedir" value="/workdir/hadoop-ozone/ozonefs"/>
    <property name="file.separator" value="/"/>
    <property name="line.separator" value="&#10;"/>
    <property name="java.vm.specification.vendor" value="Oracle Corporation"/>
    <property name="java.specification.name" value="Java Platform API Specification"/>
    <property name="java.awt.graphicsenv" value="sun.awt.X11GraphicsEnvironment"/>
    <property name="surefire.real.class.path" value="/workdir/hadoop-ozone/ozonefs/target/surefire/surefirebooter7637616038327381946.jar"/>
    <property name="hadoop.log.dir" value="/workdir/hadoop-ozone/ozonefs/target/log"/>
    <property name="sun.boot.class.path" value="/usr/lib/jvm/java-1.8-openjdk/jre/lib/resources.jar:/usr/lib/jvm/java-1.8-openjdk/jre/lib/rt.jar:/usr/lib/jvm/java-1.8-openjdk/jre/lib/sunrsasign.jar:/usr/lib/jvm/java-1.8-openjdk/jre/lib/jsse.jar:/usr/lib/jvm/java-1.8-openjdk/jre/lib/jce.jar:/usr/lib/jvm/java-1.8-openjdk/jre/lib/charsets.jar:/usr/lib/jvm/java-1.8-openjdk/jre/lib/jfr.jar:/usr/lib/jvm/java-1.8-openjdk/jre/classes"/>
    <property name="sun.management.compiler" value="HotSpot 64-Bit Tiered Compilers"/>
    <property name="java.runtime.version" value="1.8.0_212-b04"/>
    <property name="java.net.preferIPv4Stack" value="true"/>
    <property name="user.name" value="jenkins1000"/>
    <property name="path.separator" value=":"/>
    <property name="java.security.egd" value="file:///dev/urandom"/>
    <property name="os.version" value="3.10.0-957.12.2.el7.x86_64"/>
    <property name="java.endorsed.dirs" value="/usr/lib/jvm/java-1.8-openjdk/jre/lib/endorsed"/>
    <property name="java.runtime.name" value="OpenJDK Runtime Environment"/>
    <property name="file.encoding" value="UTF-8"/>
    <property name="java.vm.name" value="OpenJDK 64-Bit Server VM"/>
    <property name="test.build.webapps" value=""/>
    <property name="localRepository" value="/home/user/.m2/repository"/>
    <property name="java.vendor.url.bug" value="https://icedtea.classpath.org/bugzilla"/>
    <property name="java.io.tmpdir" value="/tmp"/>
    <property name="require.test.libhadoop" value=""/>
    <property name="java.version" value="1.8.0_212"/>
    <property name="user.dir" value="/workdir/hadoop-ozone/ozonefs"/>
    <property name="os.arch" value="amd64"/>
    <property name="java.vm.specification.name" value="Java Virtual Machine Specification"/>
    <property name="test.build.classes" value="/workdir/hadoop-ozone/ozonefs/target/test-classes"/>
    <property name="java.awt.printerjob" value="sun.print.PSPrinterJob"/>
    <property name="sun.os.patch.level" value="unknown"/>
    <property name="hadoop.tmp.dir" value="/workdir/hadoop-ozone/ozonefs/target/tmp"/>
    <property name="java.library.path" value="/usr/lib/jvm/java-1.8-openjdk/jre/lib/amd64/server:/usr/lib/jvm/java-1.8-openjdk/jre/lib/amd64:/usr/lib/jvm/java-1.8-openjdk/jre/../lib/amd64:/workdir/hadoop-ozone/ozonefs/target/native/target/usr/local/lib:/workdir/hadoop-ozone/ozonefs/../../hadoop-common-project/hadoop-common/target/native/target/usr/local/lib:/usr/java/packages/lib/amd64:/usr/lib64:/lib64:/lib:/usr/lib"/>
    <property name="java.vm.info" value="mixed mode"/>
    <property name="java.vendor" value="IcedTea"/>
    <property name="java.vm.version" value="25.212-b04"/>
    <property name="java.ext.dirs" value="/usr/lib/jvm/java-1.8-openjdk/jre/lib/ext:/usr/java/packages/lib/ext"/>
    <property name="sun.io.unicode.encoding" value="UnicodeLittle"/>
    <property name="java.class.version" value="52.0"/>
  </properties>
  <testcase name="org.apache.hadoop.fs.ozone.TestOzoneFSInputStream" classname="org.apache.hadoop.fs.ozone.TestOzoneFSInputStream" time="122.129">
    <error message="Connection refused" type="java.net.ConnectException"><![CDATA[java.net.ConnectException: Connection refused
	at sun.nio.ch.SocketChannelImpl.checkConnect(Native Method)
	at sun.nio.ch.SocketChannelImpl.finishConnect(SocketChannelImpl.java:717)
	at org.apache.hadoop.net.SocketIOWithTimeout.connect(SocketIOWithTimeout.java:206)
	at org.apache.hadoop.net.NetUtils.connect(NetUtils.java:531)
	at org.apache.hadoop.ipc.Client$Connection.setupConnection(Client.java:690)
	at org.apache.hadoop.ipc.Client$Connection.setupIOstreams(Client.java:794)
	at org.apache.hadoop.ipc.Client$Connection.access$3700(Client.java:411)
	at org.apache.hadoop.ipc.Client.getConnection(Client.java:1572)
	at org.apache.hadoop.ipc.Client.call(Client.java:1403)
	at org.apache.hadoop.ipc.Client.call(Client.java:1367)
	at org.apache.hadoop.ipc.ProtobufRpcEngine$Invoker.invoke(ProtobufRpcEngine.java:228)
	at org.apache.hadoop.ipc.ProtobufRpcEngine$Invoker.invoke(ProtobufRpcEngine.java:116)
	at com.sun.proxy.$Proxy36.submitRequest(Unknown Source)
	at sun.reflect.NativeMethodAccessorImpl.invoke0(Native Method)
	at sun.reflect.NativeMethodAccessorImpl.invoke(NativeMethodAccessorImpl.java:62)
	at sun.reflect.DelegatingMethodAccessorImpl.invoke(DelegatingMethodAccessorImpl.java:43)
	at java.lang.reflect.Method.invoke(Method.java:498)
	at org.apache.hadoop.io.retry.RetryInvocationHandler.invokeMethod(RetryInvocationHandler.java:422)
	at org.apache.hadoop.io.retry.RetryInvocationHandler$Call.invokeMethod(RetryInvocationHandler.java:165)
	at org.apache.hadoop.io.retry.RetryInvocationHandler$Call.invoke(RetryInvocationHandler.java:157)
	at org.apache.hadoop.io.retry.RetryInvocationHandler$Call.invokeOnce(RetryInvocationHandler.java:95)
	at org.apache.hadoop.io.retry.RetryInvocationHandler.invoke(RetryInvocationHandler.java:359)
	at com.sun.proxy.$Proxy36.submitRequest(Unknown Source)
	at org.apache.hadoop.ozone.om.protocolPB.OzoneManagerProtocolClientSideTranslatorPB.submitRequest(OzoneManagerProtocolClientSideTranslatorPB.java:338)
	at org.apache.hadoop.ozone.om.protocolPB.OzoneManagerProtocolClientSideTranslatorPB.getServiceInfo(OzoneManagerProtocolClientSideTranslatorPB.java:1223)
	at sun.reflect.NativeMethodAccessorImpl.invoke0(Native Method)
	at sun.reflect.NativeMethodAccessorImpl.invoke(NativeMethodAccessorImpl.java:62)
	at sun.reflect.DelegatingMethodAccessorImpl.invoke(DelegatingMethodAccessorImpl.java:43)
	at java.lang.reflect.Method.invoke(Method.java:498)
	at org.apache.hadoop.hdds.tracing.TraceAllMethod.invoke(TraceAllMethod.java:66)
	at com.sun.proxy.$Proxy37.getServiceInfo(Unknown Source)
	at org.apache.hadoop.ozone.client.rpc.RpcClient.<init>(RpcClient.java:154)
	at org.apache.hadoop.ozone.client.OzoneClientFactory.getClientProtocol(OzoneClientFactory.java:256)
	at org.apache.hadoop.ozone.client.OzoneClientFactory.getClientProtocol(OzoneClientFactory.java:239)
	at org.apache.hadoop.ozone.client.OzoneClientFactory.getClient(OzoneClientFactory.java:75)
	at org.apache.hadoop.ozone.MiniOzoneClusterImpl.getClient(MiniOzoneClusterImpl.java:212)
	at org.apache.hadoop.ozone.TestDataUtil.createVolumeAndBucket(TestDataUtil.java:51)
	at org.apache.hadoop.ozone.TestDataUtil.createVolumeAndBucket(TestDataUtil.java:93)
	at org.apache.hadoop.fs.ozone.TestOzoneFSInputStream.init(TestOzoneFSInputStream.java:72)
	at sun.reflect.NativeMethodAccessorImpl.invoke0(Native Method)
	at sun.reflect.NativeMethodAccessorImpl.invoke(NativeMethodAccessorImpl.java:62)
	at sun.reflect.DelegatingMethodAccessorImpl.invoke(DelegatingMethodAccessorImpl.java:43)
	at java.lang.reflect.Method.invoke(Method.java:498)
	at org.junit.runners.model.FrameworkMethod$1.runReflectiveCall(FrameworkMethod.java:47)
	at org.junit.internal.runners.model.ReflectiveCallable.run(ReflectiveCallable.java:12)
	at org.junit.runners.model.FrameworkMethod.invokeExplosively(FrameworkMethod.java:44)
	at org.junit.internal.runners.statements.RunBefores.evaluate(RunBefores.java:24)
	at org.junit.internal.runners.statements.RunAfters.evaluate(RunAfters.java:27)
	at org.junit.runners.ParentRunner.run(ParentRunner.java:309)
	at org.apache.maven.surefire.junit4.JUnit4Provider.execute(JUnit4Provider.java:365)
	at org.apache.maven.surefire.junit4.JUnit4Provider.executeWithRerun(JUnit4Provider.java:273)
	at org.apache.maven.surefire.junit4.JUnit4Provider.executeTestSet(JUnit4Provider.java:238)
	at org.apache.maven.surefire.junit4.JUnit4Provider.invoke(JUnit4Provider.java:159)
	at org.apache.maven.surefire.booter.ForkedBooter.invokeProviderInSameClassLoader(ForkedBooter.java:384)
	at org.apache.maven.surefire.booter.ForkedBooter.runSuitesInProcess(ForkedBooter.java:345)
	at org.apache.maven.surefire.booter.ForkedBooter.execute(ForkedBooter.java:126)
	at org.apache.maven.surefire.booter.ForkedBooter.main(ForkedBooter.java:418)
]]></error>
    <system-out><![CDATA[2019-09-26 18:20:26,414 [main] WARN  server.ServerUtils (ServerUtils.java:getScmDbDir(145)) - ozone.scm.db.dirs is not configured. We recommend adding this setting. Falling back to ozone.metadata.dirs instead.
2019-09-26 18:20:26,511 [main] WARN  server.ServerUtils (ServerUtils.java:getScmDbDir(145)) - ozone.scm.db.dirs is not configured. We recommend adding this setting. Falling back to ozone.metadata.dirs instead.
2019-09-26 18:20:26,514 [main] WARN  server.ServerUtils (ServerUtils.java:getScmDbDir(145)) - ozone.scm.db.dirs is not configured. We recommend adding this setting. Falling back to ozone.metadata.dirs instead.
2019-09-26 18:20:26,531 [main] INFO  util.log (Log.java:initialized(192)) - Logging initialized @907ms
2019-09-26 18:20:26,666 [main] INFO  db.DBStoreBuilder (DBStoreBuilder.java:addTable(110)) - using custom profile for table: deletedBlocks
2019-09-26 18:20:26,667 [main] INFO  db.DBStoreBuilder (DBStoreBuilder.java:processTables(161)) - Using default column profile:DBProfile.DISK for Table:deletedBlocks
2019-09-26 18:20:26,667 [main] INFO  db.DBStoreBuilder (DBStoreBuilder.java:addTable(110)) - using custom profile for table: validCerts
2019-09-26 18:20:26,667 [main] INFO  db.DBStoreBuilder (DBStoreBuilder.java:processTables(161)) - Using default column profile:DBProfile.DISK for Table:validCerts
2019-09-26 18:20:26,668 [main] INFO  db.DBStoreBuilder (DBStoreBuilder.java:addTable(110)) - using custom profile for table: revokedCerts
2019-09-26 18:20:26,668 [main] INFO  db.DBStoreBuilder (DBStoreBuilder.java:processTables(161)) - Using default column profile:DBProfile.DISK for Table:revokedCerts
2019-09-26 18:20:26,682 [main] INFO  db.DBStoreBuilder (DBStoreBuilder.java:addTable(110)) - using custom profile for table: default
2019-09-26 18:20:26,682 [main] INFO  db.DBStoreBuilder (DBStoreBuilder.java:processTables(167)) - Using default column profile:DBProfile.DISK for Table:default
2019-09-26 18:20:26,683 [main] INFO  db.DBStoreBuilder (DBStoreBuilder.java:getDbProfile(198)) - Using default options. DBProfile.DISK
2019-09-26 18:20:26,995 [main] INFO  net.NodeSchemaLoader (NodeSchemaLoader.java:loadSchemaFromFile(125)) - Loading file from sun.misc.CompoundEnumeration@6771beb3
2019-09-26 18:20:26,997 [main] INFO  net.NodeSchemaLoader (NodeSchemaLoader.java:loadSchema(171)) - Loading network topology layer schema file
2019-09-26 18:20:27,073 [main] WARN  server.ServerUtils (ServerUtils.java:sanitizeUserArgs(70)) - ozone.scm.stale.node.interval value = 300000 is larger than max = 100000 based on the key value of ozone.scm.heartbeat.thread.interval, reset to the max value 100000.
2019-09-26 18:20:27,075 [main] WARN  server.ServerUtils (ServerUtils.java:sanitizeUserArgs(70)) - ozone.scm.stale.node.interval value = 300000 is larger than max = 100000 based on the key value of ozone.scm.heartbeat.thread.interval, reset to the max value 100000.
2019-09-26 18:20:27,078 [main] INFO  node.SCMNodeManager (SCMNodeManager.java:<init>(114)) - Entering startup safe mode.
2019-09-26 18:20:27,222 [main] INFO  algorithms.ContainerPlacementPolicyFactory (ContainerPlacementPolicyFactory.java:getPolicy(57)) - Create container placement policy of type org.apache.hadoop.hdds.scm.container.placement.algorithms.SCMContainerPlacementRandom
2019-09-26 18:20:27,238 [main] WARN  server.ServerUtils (ServerUtils.java:getScmDbDir(145)) - ozone.scm.db.dirs is not configured. We recommend adding this setting. Falling back to ozone.metadata.dirs instead.
2019-09-26 18:20:27,327 [main] INFO  pipeline.SCMPipelineManager (SCMPipelineManager.java:initializePipelineState(132)) - No pipeline exists in current db
2019-09-26 18:20:27,332 [main] WARN  server.ServerUtils (ServerUtils.java:getScmDbDir(145)) - ozone.scm.db.dirs is not configured. We recommend adding this setting. Falling back to ozone.metadata.dirs instead.
2019-09-26 18:20:27,457 [main] WARN  events.EventQueue (EventQueue.java:fireEvent(183)) - No event handler registered for event TypedEvent{payloadType=SafeModeStatus, name='SafeModeStatus'}
2019-09-26 18:20:27,914 [main] INFO  ipc.CallQueueManager (CallQueueManager.java:<init>(84)) - Using callQueue: class java.util.concurrent.LinkedBlockingQueue, queueCapacity: 2000, scheduler: class org.apache.hadoop.ipc.DefaultRpcScheduler, ipcBackoff: false.
2019-09-26 18:20:28,053 [Socket Reader #1 for port 40953] INFO  ipc.Server (Server.java:run(1074)) - Starting Socket Reader #1 for port 40953
2019-09-26 18:20:28,097 [main] INFO  ipc.CallQueueManager (CallQueueManager.java:<init>(84)) - Using callQueue: class java.util.concurrent.LinkedBlockingQueue, queueCapacity: 2000, scheduler: class org.apache.hadoop.ipc.DefaultRpcScheduler, ipcBackoff: false.
2019-09-26 18:20:28,099 [Socket Reader #1 for port 32944] INFO  ipc.Server (Server.java:run(1074)) - Starting Socket Reader #1 for port 32944
2019-09-26 18:20:28,110 [main] INFO  ipc.CallQueueManager (CallQueueManager.java:<init>(84)) - Using callQueue: class java.util.concurrent.LinkedBlockingQueue, queueCapacity: 2000, scheduler: class org.apache.hadoop.ipc.DefaultRpcScheduler, ipcBackoff: false.
2019-09-26 18:20:28,111 [Socket Reader #1 for port 41306] INFO  ipc.Server (Server.java:run(1074)) - Starting Socket Reader #1 for port 41306
2019-09-26 18:20:28,139 [main] INFO  hdfs.DFSUtil (DFSUtil.java:httpServerTemplateForNNAndJN(1641)) - Starting Web-server for scm at: http://0.0.0.0:0
2019-09-26 18:20:28,303 [main] INFO  server.AuthenticationFilter (AuthenticationFilter.java:constructSecretProvider(240)) - Unable to initialize FileSignerSecretProvider, falling back to use random secrets.
2019-09-26 18:20:28,320 [main] WARN  http.HttpRequestLog (HttpRequestLog.java:getRequestLog(97)) - Jetty request log can only be enabled using Log4j
2019-09-26 18:20:28,331 [main] INFO  http.HttpServer2 (HttpServer2.java:addGlobalFilter(975)) - Added global filter 'safety' (class=org.apache.hadoop.http.HttpServer2$QuotingInputFilter)
2019-09-26 18:20:28,333 [main] INFO  http.HttpServer2 (HttpServer2.java:addFilter(948)) - Added filter static_user_filter (class=org.apache.hadoop.http.lib.StaticUserWebFilter$StaticUserFilter) to context scm
2019-09-26 18:20:28,334 [main] INFO  http.HttpServer2 (HttpServer2.java:addFilter(958)) - Added filter static_user_filter (class=org.apache.hadoop.http.lib.StaticUserWebFilter$StaticUserFilter) to context logs
2019-09-26 18:20:28,334 [main] INFO  http.HttpServer2 (HttpServer2.java:addFilter(958)) - Added filter static_user_filter (class=org.apache.hadoop.http.lib.StaticUserWebFilter$StaticUserFilter) to context static
2019-09-26 18:20:28,365 [main] INFO  server.StorageContainerManager (StorageContainerManager.java:start(770)) - StorageContainerLocationProtocol RPC server is listening at /0.0.0.0:41306
2019-09-26 18:20:28,426 [main] WARN  impl.MetricsConfig (MetricsConfig.java:loadFirst(134)) - Cannot locate configuration: tried hadoop-metrics2-storagecontainermanager.properties,hadoop-metrics2.properties
2019-09-26 18:20:28,440 [main] INFO  impl.MetricsSystemImpl (MetricsSystemImpl.java:startTimer(374)) - Scheduled Metric snapshot period at 10 second(s).
2019-09-26 18:20:28,440 [main] INFO  impl.MetricsSystemImpl (MetricsSystemImpl.java:start(191)) - StorageContainerManager metrics system started
2019-09-26 18:20:28,678 [main] INFO  server.SCMClientProtocolServer (SCMClientProtocolServer.java:start(151)) - RPC server for Client  is listening at /0.0.0.0:41306
2019-09-26 18:20:28,679 [IPC Server Responder] INFO  ipc.Server (Server.java:run(1314)) - IPC Server Responder: starting
2019-09-26 18:20:28,679 [IPC Server listener on 41306] INFO  ipc.Server (Server.java:run(1153)) - IPC Server listener on 41306: starting
2019-09-26 18:20:28,683 [main] INFO  server.StorageContainerManager (StorageContainerManager.java:start(780)) - ScmBlockLocationProtocol RPC server is listening at /0.0.0.0:32944
2019-09-26 18:20:28,684 [main] INFO  server.SCMBlockProtocolServer (SCMBlockProtocolServer.java:start(146)) - RPC server for Block Protocol is listening at /0.0.0.0:32944
2019-09-26 18:20:28,685 [IPC Server Responder] INFO  ipc.Server (Server.java:run(1314)) - IPC Server Responder: starting
2019-09-26 18:20:28,685 [IPC Server listener on 32944] INFO  ipc.Server (Server.java:run(1153)) - IPC Server listener on 32944: starting
2019-09-26 18:20:28,687 [main] INFO  server.StorageContainerManager (StorageContainerManager.java:start(784)) - ScmDatanodeProtocl RPC server is listening at /0.0.0.0:40953
2019-09-26 18:20:28,687 [main] INFO  server.SCMDatanodeProtocolServer (SCMDatanodeProtocolServer.java:start(191)) - RPC server for DataNodes is listening at /0.0.0.0:40953
2019-09-26 18:20:28,688 [IPC Server Responder] INFO  ipc.Server (Server.java:run(1314)) - IPC Server Responder: starting
2019-09-26 18:20:28,688 [IPC Server listener on 40953] INFO  ipc.Server (Server.java:run(1153)) - IPC Server listener on 40953: starting
2019-09-26 18:20:28,696 [main] INFO  http.HttpServer2 (HttpServer2.java:bindListener(1191)) - Jetty bound to port 36338
2019-09-26 18:20:28,697 [main] INFO  server.Server (Server.java:doStart(351)) - jetty-9.3.25.v20180904, build timestamp: 2018-09-04T21:11:46Z, git hash: 3ce520221d0240229c862b122d2b06c12a625732
2019-09-26 18:20:28,735 [main] INFO  handler.ContextHandler (ContextHandler.java:doStart(781)) - Started o.e.j.s.ServletContextHandler@52d239ba{/logs,file:///workdir/hadoop-ozone/ozonefs/target/log,AVAILABLE}
2019-09-26 18:20:28,736 [main] INFO  handler.ContextHandler (ContextHandler.java:doStart(781)) - Started o.e.j.s.ServletContextHandler@2f05be7f{/static,jar:file:/home/user/.m2/repository/org/apache/hadoop/hadoop-hdds-server-scm/0.5.0-SNAPSHOT/hadoop-hdds-server-scm-0.5.0-SNAPSHOT.jar!/webapps/static,AVAILABLE}
2019-09-26 18:20:28,805 [main] INFO  handler.ContextHandler (ContextHandler.java:doStart(781)) - Started o.e.j.w.WebAppContext@263f04ca{/,file:///tmp/jetty-0.0.0.0-36338-scm-_-any-828663231404690958.dir/webapp/,AVAILABLE}{/scm}
2019-09-26 18:20:28,810 [main] INFO  server.AbstractConnector (AbstractConnector.java:doStart(278)) - Started ServerConnector@5c77053b{HTTP/1.1,[http/1.1]}{0.0.0.0:36338}
2019-09-26 18:20:28,810 [main] INFO  server.Server (Server.java:doStart(419)) - Started @3186ms
2019-09-26 18:20:28,813 [main] INFO  impl.MetricsSinkAdapter (MetricsSinkAdapter.java:start(204)) - Sink prometheus started
2019-09-26 18:20:28,813 [main] INFO  impl.MetricsSystemImpl (MetricsSystemImpl.java:registerSink(301)) - Registered sink prometheus
2019-09-26 18:20:28,815 [main] INFO  server.BaseHttpServer (BaseHttpServer.java:updateConnectorAddress(215)) - HTTP server of SCM is listening at http://0.0.0.0:36338
2019-09-26 18:20:28,825 [org.apache.hadoop.util.JvmPauseMonitor$Monitor@2ad3a1bb] INFO  util.JvmPauseMonitor (JvmPauseMonitor.java:run(188)) - Starting JVM pause monitor
2019-09-26 18:20:28,830 [main] WARN  server.ServerUtils (ServerUtils.java:getDBPath(222)) - ozone.om.db.dirs is not configured. We recommend adding this setting. Falling back to ozone.metadata.dirs instead.
2019-09-26 18:20:28,950 [main] INFO  ha.OMHANodeDetails (OMHANodeDetails.java:loadOMHAConfig(194)) - Configuration either no ozone.om.address set. Falling back to the default OM address /127.0.0.1:0
2019-09-26 18:20:28,950 [main] INFO  ha.OMHANodeDetails (OMHANodeDetails.java:getOMNodeDetails(224)) - OM Service ID is not set. Setting it to the default ID: omServiceIdDefault
2019-09-26 18:20:28,952 [main] WARN  server.ServerUtils (ServerUtils.java:getDBPath(222)) - ozone.om.db.dirs is not configured. We recommend adding this setting. Falling back to ozone.metadata.dirs instead.
2019-09-26 18:20:28,953 [main] WARN  server.ServerUtils (ServerUtils.java:getDBPath(222)) - ozone.om.db.dirs is not configured. We recommend adding this setting. Falling back to ozone.metadata.dirs instead.
2019-09-26 18:20:29,764 [main] WARN  server.ServerUtils (ServerUtils.java:getDBPath(222)) - ozone.om.db.dirs is not configured. We recommend adding this setting. Falling back to ozone.metadata.dirs instead.
2019-09-26 18:20:29,775 [main] INFO  db.DBStoreBuilder (DBStoreBuilder.java:addTable(110)) - using custom profile for table: userTable
2019-09-26 18:20:29,775 [main] INFO  db.DBStoreBuilder (DBStoreBuilder.java:processTables(161)) - Using default column profile:DBProfile.DISK for Table:userTable
2019-09-26 18:20:29,775 [main] INFO  db.DBStoreBuilder (DBStoreBuilder.java:addTable(110)) - using custom profile for table: volumeTable
2019-09-26 18:20:29,776 [main] INFO  db.DBStoreBuilder (DBStoreBuilder.java:processTables(161)) - Using default column profile:DBProfile.DISK for Table:volumeTable
2019-09-26 18:20:29,776 [main] INFO  db.DBStoreBuilder (DBStoreBuilder.java:addTable(110)) - using custom profile for table: bucketTable
2019-09-26 18:20:29,776 [main] INFO  db.DBStoreBuilder (DBStoreBuilder.java:processTables(161)) - Using default column profile:DBProfile.DISK for Table:bucketTable
2019-09-26 18:20:29,776 [main] INFO  db.DBStoreBuilder (DBStoreBuilder.java:addTable(110)) - using custom profile for table: keyTable
2019-09-26 18:20:29,777 [main] INFO  db.DBStoreBuilder (DBStoreBuilder.java:processTables(161)) - Using default column profile:DBProfile.DISK for Table:keyTable
2019-09-26 18:20:29,777 [main] INFO  db.DBStoreBuilder (DBStoreBuilder.java:addTable(110)) - using custom profile for table: deletedTable
2019-09-26 18:20:29,777 [main] INFO  db.DBStoreBuilder (DBStoreBuilder.java:processTables(161)) - Using default column profile:DBProfile.DISK for Table:deletedTable
2019-09-26 18:20:29,777 [main] INFO  db.DBStoreBuilder (DBStoreBuilder.java:addTable(110)) - using custom profile for table: openKeyTable
2019-09-26 18:20:29,777 [main] INFO  db.DBStoreBuilder (DBStoreBuilder.java:processTables(161)) - Using default column profile:DBProfile.DISK for Table:openKeyTable
2019-09-26 18:20:29,778 [main] INFO  db.DBStoreBuilder (DBStoreBuilder.java:addTable(110)) - using custom profile for table: s3Table
2019-09-26 18:20:29,778 [main] INFO  db.DBStoreBuilder (DBStoreBuilder.java:processTables(161)) - Using default column profile:DBProfile.DISK for Table:s3Table
2019-09-26 18:20:29,778 [main] INFO  db.DBStoreBuilder (DBStoreBuilder.java:addTable(110)) - using custom profile for table: multipartInfoTable
2019-09-26 18:20:29,778 [main] INFO  db.DBStoreBuilder (DBStoreBuilder.java:processTables(161)) - Using default column profile:DBProfile.DISK for Table:multipartInfoTable
2019-09-26 18:20:29,779 [main] INFO  db.DBStoreBuilder (DBStoreBuilder.java:addTable(110)) - using custom profile for table: dTokenTable
2019-09-26 18:20:29,779 [main] INFO  db.DBStoreBuilder (DBStoreBuilder.java:processTables(161)) - Using default column profile:DBProfile.DISK for Table:dTokenTable
2019-09-26 18:20:29,779 [main] INFO  db.DBStoreBuilder (DBStoreBuilder.java:addTable(110)) - using custom profile for table: s3SecretTable
2019-09-26 18:20:29,779 [main] INFO  db.DBStoreBuilder (DBStoreBuilder.java:processTables(161)) - Using default column profile:DBProfile.DISK for Table:s3SecretTable
2019-09-26 18:20:29,780 [main] INFO  db.DBStoreBuilder (DBStoreBuilder.java:addTable(110)) - using custom profile for table: prefixTable
2019-09-26 18:20:29,780 [main] INFO  db.DBStoreBuilder (DBStoreBuilder.java:processTables(161)) - Using default column profile:DBProfile.DISK for Table:prefixTable
2019-09-26 18:20:29,780 [main] INFO  db.DBStoreBuilder (DBStoreBuilder.java:addTable(110)) - using custom profile for table: default
2019-09-26 18:20:29,780 [main] INFO  db.DBStoreBuilder (DBStoreBuilder.java:processTables(167)) - Using default column profile:DBProfile.DISK for Table:default
2019-09-26 18:20:29,780 [main] INFO  db.DBStoreBuilder (DBStoreBuilder.java:getDbProfile(198)) - Using default options. DBProfile.DISK
2019-09-26 18:20:30,284 [main] INFO  ipc.CallQueueManager (CallQueueManager.java:<init>(84)) - Using callQueue: class java.util.concurrent.LinkedBlockingQueue, queueCapacity: 2000, scheduler: class org.apache.hadoop.ipc.DefaultRpcScheduler, ipcBackoff: false.
2019-09-26 18:20:30,288 [Socket Reader #1 for port 35787] INFO  ipc.Server (Server.java:run(1074)) - Starting Socket Reader #1 for port 35787
2019-09-26 18:20:30,323 [main] INFO  om.OzoneManager (OzoneManager.java:start(1069)) - OzoneManager RPC server is listening at localhost/127.0.0.1:35787
2019-09-26 18:20:30,324 [main] INFO  impl.MetricsSystemImpl (MetricsSystemImpl.java:init(158)) - OzoneManager metrics system started (again)
2019-09-26 18:20:30,326 [IPC Server listener on 35787] INFO  ipc.Server (Server.java:run(1153)) - IPC Server listener on 35787: starting
2019-09-26 18:20:30,327 [IPC Server Responder] INFO  ipc.Server (Server.java:run(1314)) - IPC Server Responder: starting
2019-09-26 18:20:30,339 [main] INFO  hdfs.DFSUtil (DFSUtil.java:httpServerTemplateForNNAndJN(1641)) - Starting Web-server for ozoneManager at: http://0.0.0.0:0
2019-09-26 18:20:30,345 [main] INFO  server.AuthenticationFilter (AuthenticationFilter.java:constructSecretProvider(240)) - Unable to initialize FileSignerSecretProvider, falling back to use random secrets.
2019-09-26 18:20:30,347 [main] WARN  http.HttpRequestLog (HttpRequestLog.java:getRequestLog(97)) - Jetty request log can only be enabled using Log4j
2019-09-26 18:20:30,352 [main] INFO  http.HttpServer2 (HttpServer2.java:addGlobalFilter(975)) - Added global filter 'safety' (class=org.apache.hadoop.http.HttpServer2$QuotingInputFilter)
2019-09-26 18:20:30,355 [main] INFO  http.HttpServer2 (HttpServer2.java:addFilter(948)) - Added filter static_user_filter (class=org.apache.hadoop.http.lib.StaticUserWebFilter$StaticUserFilter) to context ozoneManager
2019-09-26 18:20:30,356 [main] INFO  http.HttpServer2 (HttpServer2.java:addFilter(958)) - Added filter static_user_filter (class=org.apache.hadoop.http.lib.StaticUserWebFilter$StaticUserFilter) to context static
2019-09-26 18:20:30,356 [main] INFO  http.HttpServer2 (HttpServer2.java:addFilter(958)) - Added filter static_user_filter (class=org.apache.hadoop.http.lib.StaticUserWebFilter$StaticUserFilter) to context logs
2019-09-26 18:20:30,361 [main] INFO  http.HttpServer2 (HttpServer2.java:bindListener(1191)) - Jetty bound to port 33324
2019-09-26 18:20:30,362 [main] INFO  server.Server (Server.java:doStart(351)) - jetty-9.3.25.v20180904, build timestamp: 2018-09-04T21:11:46Z, git hash: 3ce520221d0240229c862b122d2b06c12a625732
2019-09-26 18:20:30,365 [main] INFO  handler.ContextHandler (ContextHandler.java:doStart(781)) - Started o.e.j.s.ServletContextHandler@19569ebd{/logs,file:///workdir/hadoop-ozone/ozonefs/target/log,AVAILABLE}
2019-09-26 18:20:30,367 [main] INFO  handler.ContextHandler (ContextHandler.java:doStart(781)) - Started o.e.j.s.ServletContextHandler@6e1f8469{/static,jar:file:/home/user/.m2/repository/org/apache/hadoop/hadoop-ozone-ozone-manager/0.5.0-SNAPSHOT/hadoop-ozone-ozone-manager-0.5.0-SNAPSHOT.jar!/webapps/static,AVAILABLE}
2019-09-26 18:20:30,421 [main] INFO  handler.ContextHandler (ContextHandler.java:doStart(781)) - Started o.e.j.w.WebAppContext@7ac9af2a{/,file:///tmp/jetty-0.0.0.0-33324-ozoneManager-_-any-5179751854728332074.dir/webapp/,AVAILABLE}{/ozoneManager}
2019-09-26 18:20:30,422 [main] INFO  server.AbstractConnector (AbstractConnector.java:doStart(278)) - Started ServerConnector@7bb004b8{HTTP/1.1,[http/1.1]}{0.0.0.0:33324}
2019-09-26 18:20:30,423 [main] INFO  server.Server (Server.java:doStart(419)) - Started @4799ms
2019-09-26 18:20:30,423 [main] WARN  impl.MetricsSystemImpl (MetricsSystemImpl.java:register(276)) - Sink prometheus already exists!
2019-09-26 18:20:30,425 [main] INFO  server.BaseHttpServer (BaseHttpServer.java:updateConnectorAddress(215)) - HTTP server of OZONEMANAGER is listening at http://0.0.0.0:33324
2019-09-26 18:20:30,842 [main] INFO  impl.MetricsSystemImpl (MetricsSystemImpl.java:init(158)) - HddsDatanode metrics system started (again)
2019-09-26 18:20:30,908 [main] INFO  ozone.HddsDatanodeService (HddsDatanodeService.java:start(184)) - HddsDatanodeService host:pr-hdds-2162-htzpk-1451759861 ip:192.168.157.234
2019-09-26 18:20:30,945 [main] INFO  volume.HddsVolume (HddsVolume.java:<init>(176)) - Creating Volume: /workdir/hadoop-ozone/ozonefs/target/test-dir/MiniOzoneClusterImpl-4cd181c8-bc9e-4466-88a4-d14dd15eb960/datanode-0/data/containers/hdds of  storage type : DISK and capacity : 1482555576320
2019-09-26 18:20:30,947 [main] INFO  volume.VolumeSet (VolumeSet.java:initializeVolumeSet(170)) - Added Volume : /workdir/hadoop-ozone/ozonefs/target/test-dir/MiniOzoneClusterImpl-4cd181c8-bc9e-4466-88a4-d14dd15eb960/datanode-0/data/containers/hdds to VolumeSet
2019-09-26 18:20:30,949 [main] INFO  volume.ThrottledAsyncChecker (ThrottledAsyncChecker.java:schedule(139)) - Scheduling a check for org.apache.hadoop.ozone.container.common.volume.HddsVolume@4ce14f05
2019-09-26 18:20:30,968 [main] INFO  volume.HddsVolumeChecker (HddsVolumeChecker.java:checkAllVolumes(202)) - Scheduled health check for volume org.apache.hadoop.ozone.container.common.volume.HddsVolume@4ce14f05
2019-09-26 18:20:31,094 [main] INFO  impl.RaftServerProxy (ConfUtils.java:logGet(43)) - raft.rpc.type = GRPC (default)
2019-09-26 18:20:31,167 [main] INFO  grpc.GrpcFactory (GrpcFactory.java:checkPooledByteBufAllocatorUseCacheForAllThreads(45)) - PERFORMANCE WARNING: useCacheForAllThreads is true that may cause Netty to create a lot garbage objects and, as a result, trigger GC.
	It is recommended to disable useCacheForAllThreads by setting -Dorg.apache.ratis.thirdparty.io.netty.allocator.useCacheForAllThreads=false in command line.
2019-09-26 18:20:31,173 [main] INFO  grpc.GrpcConfigKeys$Server (ConfUtils.java:logGet(43)) - raft.grpc.server.port = 0 (default)
2019-09-26 18:20:31,174 [main] INFO  server.GrpcService (ConfUtils.java:logGet(43)) - raft.grpc.message.size.max = 33570816 (custom)
2019-09-26 18:20:31,175 [main] INFO  server.RaftServerConfigKeys (ConfUtils.java:logGet(43)) - raft.server.log.appender.buffer.byte-limit = 33554432 (custom)
2019-09-26 18:20:31,176 [main] INFO  server.GrpcService (ConfUtils.java:logGet(43)) - raft.grpc.flow.control.window = 1MB (=1048576) (default)
2019-09-26 18:20:31,177 [main] INFO  server.RaftServerConfigKeys (ConfUtils.java:logGet(43)) - raft.server.rpc.request.timeout = 3000ms (default)
2019-09-26 18:20:31,391 [main] INFO  server.RaftServerConfigKeys (ConfUtils.java:logGet(43)) - raft.server.storage.dir = [/workdir/hadoop-ozone/ozonefs/target/test-dir/MiniOzoneClusterImpl-4cd181c8-bc9e-4466-88a4-d14dd15eb960/datanode-0/data/ratis] (custom)
2019-09-26 18:20:31,453 [main] INFO  hdfs.DFSUtil (DFSUtil.java:httpServerTemplateForNNAndJN(1641)) - Starting Web-server for hddsDatanode at: http://0.0.0.0:0
2019-09-26 18:20:31,456 [main] INFO  server.AuthenticationFilter (AuthenticationFilter.java:constructSecretProvider(240)) - Unable to initialize FileSignerSecretProvider, falling back to use random secrets.
2019-09-26 18:20:31,457 [main] WARN  http.HttpRequestLog (HttpRequestLog.java:getRequestLog(97)) - Jetty request log can only be enabled using Log4j
2019-09-26 18:20:31,459 [main] INFO  http.HttpServer2 (HttpServer2.java:addGlobalFilter(975)) - Added global filter 'safety' (class=org.apache.hadoop.http.HttpServer2$QuotingInputFilter)
2019-09-26 18:20:31,460 [main] INFO  http.HttpServer2 (HttpServer2.java:addFilter(948)) - Added filter static_user_filter (class=org.apache.hadoop.http.lib.StaticUserWebFilter$StaticUserFilter) to context hddsDatanode
2019-09-26 18:20:31,460 [main] INFO  http.HttpServer2 (HttpServer2.java:addFilter(958)) - Added filter static_user_filter (class=org.apache.hadoop.http.lib.StaticUserWebFilter$StaticUserFilter) to context logs
2019-09-26 18:20:31,461 [main] INFO  http.HttpServer2 (HttpServer2.java:addFilter(958)) - Added filter static_user_filter (class=org.apache.hadoop.http.lib.StaticUserWebFilter$StaticUserFilter) to context static
2019-09-26 18:20:31,462 [main] INFO  http.HttpServer2 (HttpServer2.java:bindListener(1191)) - Jetty bound to port 40047
2019-09-26 18:20:31,462 [main] INFO  server.Server (Server.java:doStart(351)) - jetty-9.3.25.v20180904, build timestamp: 2018-09-04T21:11:46Z, git hash: 3ce520221d0240229c862b122d2b06c12a625732
2019-09-26 18:20:31,464 [main] INFO  handler.ContextHandler (ContextHandler.java:doStart(781)) - Started o.e.j.s.ServletContextHandler@784abd3e{/logs,file:///workdir/hadoop-ozone/ozonefs/target/log,AVAILABLE}
2019-09-26 18:20:31,465 [main] INFO  handler.ContextHandler (ContextHandler.java:doStart(781)) - Started o.e.j.s.ServletContextHandler@434514d8{/static,jar:file:/home/user/.m2/repository/org/apache/hadoop/hadoop-hdds-container-service/0.5.0-SNAPSHOT/hadoop-hdds-container-service-0.5.0-SNAPSHOT.jar!/webapps/static,AVAILABLE}
2019-09-26 18:20:31,501 [main] INFO  handler.ContextHandler (ContextHandler.java:doStart(781)) - Started o.e.j.w.WebAppContext@4b97c4ad{/,file:///tmp/jetty-0.0.0.0-40047-hddsDatanode-_-any-7443993820027110417.dir/webapp/,AVAILABLE}{/hddsDatanode}
2019-09-26 18:20:31,501 [main] INFO  server.AbstractConnector (AbstractConnector.java:doStart(278)) - Started ServerConnector@7640a5b1{HTTP/1.1,[http/1.1]}{0.0.0.0:40047}
2019-09-26 18:20:31,502 [main] INFO  server.Server (Server.java:doStart(419)) - Started @5878ms
2019-09-26 18:20:31,504 [main] WARN  impl.MetricsSystemImpl (MetricsSystemImpl.java:register(276)) - Sink prometheus already exists!
2019-09-26 18:20:31,505 [main] INFO  server.BaseHttpServer (BaseHttpServer.java:updateConnectorAddress(215)) - HTTP server of HDDSDATANODE is listening at http://0.0.0.0:40047
2019-09-26 18:20:31,506 [main] INFO  impl.MetricsSystemImpl (MetricsSystemImpl.java:init(158)) - HddsDatanode metrics system started (again)
2019-09-26 18:20:31,509 [main] INFO  ozone.HddsDatanodeService (HddsDatanodeService.java:start(184)) - HddsDatanodeService host:pr-hdds-2162-htzpk-1451759861 ip:192.168.157.234
2019-09-26 18:20:31,512 [org.apache.hadoop.util.JvmPauseMonitor$Monitor@62e0b21] INFO  util.JvmPauseMonitor (JvmPauseMonitor.java:run(188)) - Starting JVM pause monitor
2019-09-26 18:20:31,518 [main] INFO  volume.HddsVolume (HddsVolume.java:<init>(176)) - Creating Volume: /workdir/hadoop-ozone/ozonefs/target/test-dir/MiniOzoneClusterImpl-4cd181c8-bc9e-4466-88a4-d14dd15eb960/datanode-1/data/containers/hdds of  storage type : DISK and capacity : 1482555576320
2019-09-26 18:20:31,520 [main] INFO  volume.VolumeSet (VolumeSet.java:initializeVolumeSet(170)) - Added Volume : /workdir/hadoop-ozone/ozonefs/target/test-dir/MiniOzoneClusterImpl-4cd181c8-bc9e-4466-88a4-d14dd15eb960/datanode-1/data/containers/hdds to VolumeSet
2019-09-26 18:20:31,520 [main] INFO  volume.ThrottledAsyncChecker (ThrottledAsyncChecker.java:schedule(139)) - Scheduling a check for org.apache.hadoop.ozone.container.common.volume.HddsVolume@6573d2f7
2019-09-26 18:20:31,521 [main] INFO  volume.HddsVolumeChecker (HddsVolumeChecker.java:checkAllVolumes(202)) - Scheduled health check for volume org.apache.hadoop.ozone.container.common.volume.HddsVolume@6573d2f7
2019-09-26 18:20:31,545 [main] INFO  impl.RaftServerProxy (ConfUtils.java:logGet(43)) - raft.rpc.type = GRPC (default)
2019-09-26 18:20:31,545 [main] INFO  grpc.GrpcFactory (GrpcFactory.java:checkPooledByteBufAllocatorUseCacheForAllThreads(45)) - PERFORMANCE WARNING: useCacheForAllThreads is true that may cause Netty to create a lot garbage objects and, as a result, trigger GC.
	It is recommended to disable useCacheForAllThreads by setting -Dorg.apache.ratis.thirdparty.io.netty.allocator.useCacheForAllThreads=false in command line.
2019-09-26 18:20:31,545 [main] INFO  grpc.GrpcConfigKeys$Server (ConfUtils.java:logGet(43)) - raft.grpc.server.port = 0 (default)
2019-09-26 18:20:31,546 [main] INFO  server.GrpcService (ConfUtils.java:logGet(43)) - raft.grpc.message.size.max = 33570816 (custom)
2019-09-26 18:20:31,546 [main] INFO  server.RaftServerConfigKeys (ConfUtils.java:logGet(43)) - raft.server.log.appender.buffer.byte-limit = 33554432 (custom)
2019-09-26 18:20:31,546 [main] INFO  server.GrpcService (ConfUtils.java:logGet(43)) - raft.grpc.flow.control.window = 1MB (=1048576) (default)
2019-09-26 18:20:31,547 [main] INFO  server.RaftServerConfigKeys (ConfUtils.java:logGet(43)) - raft.server.rpc.request.timeout = 3000ms (default)
2019-09-26 18:20:31,547 [main] INFO  server.RaftServerConfigKeys (ConfUtils.java:logGet(43)) - raft.server.storage.dir = [/workdir/hadoop-ozone/ozonefs/target/test-dir/MiniOzoneClusterImpl-4cd181c8-bc9e-4466-88a4-d14dd15eb960/datanode-1/data/ratis] (custom)
2019-09-26 18:20:31,549 [main] INFO  hdfs.DFSUtil (DFSUtil.java:httpServerTemplateForNNAndJN(1641)) - Starting Web-server for hddsDatanode at: http://0.0.0.0:0
2019-09-26 18:20:31,550 [main] INFO  server.AuthenticationFilter (AuthenticationFilter.java:constructSecretProvider(240)) - Unable to initialize FileSignerSecretProvider, falling back to use random secrets.
2019-09-26 18:20:31,551 [main] WARN  http.HttpRequestLog (HttpRequestLog.java:getRequestLog(97)) - Jetty request log can only be enabled using Log4j
2019-09-26 18:20:31,553 [main] INFO  http.HttpServer2 (HttpServer2.java:addGlobalFilter(975)) - Added global filter 'safety' (class=org.apache.hadoop.http.HttpServer2$QuotingInputFilter)
2019-09-26 18:20:31,554 [main] INFO  http.HttpServer2 (HttpServer2.java:addFilter(948)) - Added filter static_user_filter (class=org.apache.hadoop.http.lib.StaticUserWebFilter$StaticUserFilter) to context hddsDatanode
2019-09-26 18:20:31,554 [main] INFO  http.HttpServer2 (HttpServer2.java:addFilter(958)) - Added filter static_user_filter (class=org.apache.hadoop.http.lib.StaticUserWebFilter$StaticUserFilter) to context static
2019-09-26 18:20:31,555 [main] INFO  http.HttpServer2 (HttpServer2.java:addFilter(958)) - Added filter static_user_filter (class=org.apache.hadoop.http.lib.StaticUserWebFilter$StaticUserFilter) to context logs
2019-09-26 18:20:31,555 [main] INFO  http.HttpServer2 (HttpServer2.java:bindListener(1191)) - Jetty bound to port 45392
2019-09-26 18:20:31,556 [main] INFO  server.Server (Server.java:doStart(351)) - jetty-9.3.25.v20180904, build timestamp: 2018-09-04T21:11:46Z, git hash: 3ce520221d0240229c862b122d2b06c12a625732
2019-09-26 18:20:31,560 [main] INFO  handler.ContextHandler (ContextHandler.java:doStart(781)) - Started o.e.j.s.ServletContextHandler@3a082ff4{/logs,file:///workdir/hadoop-ozone/ozonefs/target/log,AVAILABLE}
2019-09-26 18:20:31,561 [main] INFO  handler.ContextHandler (ContextHandler.java:doStart(781)) - Started o.e.j.s.ServletContextHandler@3f0d6038{/static,jar:file:/home/user/.m2/repository/org/apache/hadoop/hadoop-hdds-container-service/0.5.0-SNAPSHOT/hadoop-hdds-container-service-0.5.0-SNAPSHOT.jar!/webapps/static,AVAILABLE}
2019-09-26 18:20:31,606 [main] INFO  handler.ContextHandler (ContextHandler.java:doStart(781)) - Started o.e.j.w.WebAppContext@75d982d3{/,file:///tmp/jetty-0.0.0.0-45392-hddsDatanode-_-any-3232175377932570879.dir/webapp/,AVAILABLE}{/hddsDatanode}
2019-09-26 18:20:31,607 [main] INFO  server.AbstractConnector (AbstractConnector.java:doStart(278)) - Started ServerConnector@4f89331f{HTTP/1.1,[http/1.1]}{0.0.0.0:45392}
2019-09-26 18:20:31,609 [main] INFO  server.Server (Server.java:doStart(419)) - Started @5984ms
2019-09-26 18:20:31,609 [main] WARN  impl.MetricsSystemImpl (MetricsSystemImpl.java:register(276)) - Sink prometheus already exists!
2019-09-26 18:20:31,610 [main] INFO  server.BaseHttpServer (BaseHttpServer.java:updateConnectorAddress(215)) - HTTP server of HDDSDATANODE is listening at http://0.0.0.0:45392
2019-09-26 18:20:31,611 [main] INFO  impl.MetricsSystemImpl (MetricsSystemImpl.java:init(158)) - HddsDatanode metrics system started (again)
2019-09-26 18:20:31,614 [main] INFO  ozone.HddsDatanodeService (HddsDatanodeService.java:start(184)) - HddsDatanodeService host:pr-hdds-2162-htzpk-1451759861 ip:192.168.157.234
2019-09-26 18:20:31,614 [org.apache.hadoop.util.JvmPauseMonitor$Monitor@3033d221] INFO  util.JvmPauseMonitor (JvmPauseMonitor.java:run(188)) - Starting JVM pause monitor
2019-09-26 18:20:31,625 [main] INFO  volume.HddsVolume (HddsVolume.java:<init>(176)) - Creating Volume: /workdir/hadoop-ozone/ozonefs/target/test-dir/MiniOzoneClusterImpl-4cd181c8-bc9e-4466-88a4-d14dd15eb960/datanode-2/data/containers/hdds of  storage type : DISK and capacity : 1482555576320
2019-09-26 18:20:31,625 [main] INFO  volume.VolumeSet (VolumeSet.java:initializeVolumeSet(170)) - Added Volume : /workdir/hadoop-ozone/ozonefs/target/test-dir/MiniOzoneClusterImpl-4cd181c8-bc9e-4466-88a4-d14dd15eb960/datanode-2/data/containers/hdds to VolumeSet
2019-09-26 18:20:31,625 [main] INFO  volume.ThrottledAsyncChecker (ThrottledAsyncChecker.java:schedule(139)) - Scheduling a check for org.apache.hadoop.ozone.container.common.volume.HddsVolume@142213d5
2019-09-26 18:20:31,626 [main] INFO  volume.HddsVolumeChecker (HddsVolumeChecker.java:checkAllVolumes(202)) - Scheduled health check for volume org.apache.hadoop.ozone.container.common.volume.HddsVolume@142213d5
2019-09-26 18:20:31,650 [main] INFO  impl.RaftServerProxy (ConfUtils.java:logGet(43)) - raft.rpc.type = GRPC (default)
2019-09-26 18:20:31,650 [main] INFO  grpc.GrpcFactory (GrpcFactory.java:checkPooledByteBufAllocatorUseCacheForAllThreads(45)) - PERFORMANCE WARNING: useCacheForAllThreads is true that may cause Netty to create a lot garbage objects and, as a result, trigger GC.
	It is recommended to disable useCacheForAllThreads by setting -Dorg.apache.ratis.thirdparty.io.netty.allocator.useCacheForAllThreads=false in command line.
2019-09-26 18:20:31,650 [main] INFO  grpc.GrpcConfigKeys$Server (ConfUtils.java:logGet(43)) - raft.grpc.server.port = 0 (default)
2019-09-26 18:20:31,651 [main] INFO  server.GrpcService (ConfUtils.java:logGet(43)) - raft.grpc.message.size.max = 33570816 (custom)
2019-09-26 18:20:31,651 [main] INFO  server.RaftServerConfigKeys (ConfUtils.java:logGet(43)) - raft.server.log.appender.buffer.byte-limit = 33554432 (custom)
2019-09-26 18:20:31,651 [main] INFO  server.GrpcService (ConfUtils.java:logGet(43)) - raft.grpc.flow.control.window = 1MB (=1048576) (default)
2019-09-26 18:20:31,652 [main] INFO  server.RaftServerConfigKeys (ConfUtils.java:logGet(43)) - raft.server.rpc.request.timeout = 3000ms (default)
2019-09-26 18:20:31,653 [main] INFO  server.RaftServerConfigKeys (ConfUtils.java:logGet(43)) - raft.server.storage.dir = [/workdir/hadoop-ozone/ozonefs/target/test-dir/MiniOzoneClusterImpl-4cd181c8-bc9e-4466-88a4-d14dd15eb960/datanode-2/data/ratis] (custom)
2019-09-26 18:20:31,655 [main] INFO  hdfs.DFSUtil (DFSUtil.java:httpServerTemplateForNNAndJN(1641)) - Starting Web-server for hddsDatanode at: http://0.0.0.0:0
2019-09-26 18:20:31,657 [main] INFO  server.AuthenticationFilter (AuthenticationFilter.java:constructSecretProvider(240)) - Unable to initialize FileSignerSecretProvider, falling back to use random secrets.
2019-09-26 18:20:31,657 [main] WARN  http.HttpRequestLog (HttpRequestLog.java:getRequestLog(97)) - Jetty request log can only be enabled using Log4j
2019-09-26 18:20:31,659 [main] INFO  http.HttpServer2 (HttpServer2.java:addGlobalFilter(975)) - Added global filter 'safety' (class=org.apache.hadoop.http.HttpServer2$QuotingInputFilter)
2019-09-26 18:20:31,660 [main] INFO  http.HttpServer2 (HttpServer2.java:addFilter(948)) - Added filter static_user_filter (class=org.apache.hadoop.http.lib.StaticUserWebFilter$StaticUserFilter) to context hddsDatanode
2019-09-26 18:20:31,660 [main] INFO  http.HttpServer2 (HttpServer2.java:addFilter(958)) - Added filter static_user_filter (class=org.apache.hadoop.http.lib.StaticUserWebFilter$StaticUserFilter) to context static
2019-09-26 18:20:31,661 [main] INFO  http.HttpServer2 (HttpServer2.java:addFilter(958)) - Added filter static_user_filter (class=org.apache.hadoop.http.lib.StaticUserWebFilter$StaticUserFilter) to context logs
2019-09-26 18:20:31,661 [main] INFO  http.HttpServer2 (HttpServer2.java:bindListener(1191)) - Jetty bound to port 36692
2019-09-26 18:20:31,662 [main] INFO  server.Server (Server.java:doStart(351)) - jetty-9.3.25.v20180904, build timestamp: 2018-09-04T21:11:46Z, git hash: 3ce520221d0240229c862b122d2b06c12a625732
2019-09-26 18:20:31,664 [main] INFO  handler.ContextHandler (ContextHandler.java:doStart(781)) - Started o.e.j.s.ServletContextHandler@75d4a80f{/logs,file:///workdir/hadoop-ozone/ozonefs/target/log,AVAILABLE}
2019-09-26 18:20:31,664 [main] INFO  handler.ContextHandler (ContextHandler.java:doStart(781)) - Started o.e.j.s.ServletContextHandler@ccf91df{/static,jar:file:/home/user/.m2/repository/org/apache/hadoop/hadoop-hdds-container-service/0.5.0-SNAPSHOT/hadoop-hdds-container-service-0.5.0-SNAPSHOT.jar!/webapps/static,AVAILABLE}
2019-09-26 18:20:31,666 [Datanode State Machine Thread - 0] INFO  datanode.InitDatanodeState (InitDatanodeState.java:persistContainerDatanodeDetails(140)) - DatanodeDetails is persisted to /workdir/hadoop-ozone/ozonefs/target/test-dir/MiniOzoneClusterImpl-4cd181c8-bc9e-4466-88a4-d14dd15eb960/datanode-0/meta/datanode.id
2019-09-26 18:20:31,671 [Datanode State Machine Thread - 0] INFO  datanode.InitDatanodeState (InitDatanodeState.java:persistContainerDatanodeDetails(140)) - DatanodeDetails is persisted to /workdir/hadoop-ozone/ozonefs/target/test-dir/MiniOzoneClusterImpl-4cd181c8-bc9e-4466-88a4-d14dd15eb960/datanode-1/meta/datanode.id
2019-09-26 18:20:31,696 [main] INFO  handler.ContextHandler (ContextHandler.java:doStart(781)) - Started o.e.j.w.WebAppContext@74fab04a{/,file:///tmp/jetty-0.0.0.0-36692-hddsDatanode-_-any-8259037655664926446.dir/webapp/,AVAILABLE}{/hddsDatanode}
2019-09-26 18:20:31,697 [main] INFO  server.AbstractConnector (AbstractConnector.java:doStart(278)) - Started ServerConnector@3c83468e{HTTP/1.1,[http/1.1]}{0.0.0.0:36692}
2019-09-26 18:20:31,698 [main] INFO  server.Server (Server.java:doStart(419)) - Started @6074ms
2019-09-26 18:20:31,699 [main] WARN  impl.MetricsSystemImpl (MetricsSystemImpl.java:register(276)) - Sink prometheus already exists!
2019-09-26 18:20:31,700 [main] INFO  server.BaseHttpServer (BaseHttpServer.java:updateConnectorAddress(215)) - HTTP server of HDDSDATANODE is listening at http://0.0.0.0:36692
2019-09-26 18:20:31,700 [main] INFO  impl.MetricsSystemImpl (MetricsSystemImpl.java:init(158)) - HddsDatanode metrics system started (again)
2019-09-26 18:20:31,703 [main] INFO  ozone.HddsDatanodeService (HddsDatanodeService.java:start(184)) - HddsDatanodeService host:pr-hdds-2162-htzpk-1451759861 ip:192.168.157.234
2019-09-26 18:20:31,704 [org.apache.hadoop.util.JvmPauseMonitor$Monitor@3705208b] INFO  util.JvmPauseMonitor (JvmPauseMonitor.java:run(188)) - Starting JVM pause monitor
2019-09-26 18:20:31,705 [Datanode State Machine Thread - 0] INFO  datanode.InitDatanodeState (InitDatanodeState.java:persistContainerDatanodeDetails(140)) - DatanodeDetails is persisted to /workdir/hadoop-ozone/ozonefs/target/test-dir/MiniOzoneClusterImpl-4cd181c8-bc9e-4466-88a4-d14dd15eb960/datanode-2/meta/datanode.id
2019-09-26 18:20:31,712 [main] INFO  volume.HddsVolume (HddsVolume.java:<init>(176)) - Creating Volume: /workdir/hadoop-ozone/ozonefs/target/test-dir/MiniOzoneClusterImpl-4cd181c8-bc9e-4466-88a4-d14dd15eb960/datanode-3/data/containers/hdds of  storage type : DISK and capacity : 1482555576320
2019-09-26 18:20:31,712 [main] INFO  volume.VolumeSet (VolumeSet.java:initializeVolumeSet(170)) - Added Volume : /workdir/hadoop-ozone/ozonefs/target/test-dir/MiniOzoneClusterImpl-4cd181c8-bc9e-4466-88a4-d14dd15eb960/datanode-3/data/containers/hdds to VolumeSet
2019-09-26 18:20:31,713 [main] INFO  volume.ThrottledAsyncChecker (ThrottledAsyncChecker.java:schedule(139)) - Scheduling a check for org.apache.hadoop.ozone.container.common.volume.HddsVolume@788ddc1f
2019-09-26 18:20:31,713 [main] INFO  volume.HddsVolumeChecker (HddsVolumeChecker.java:checkAllVolumes(202)) - Scheduled health check for volume org.apache.hadoop.ozone.container.common.volume.HddsVolume@788ddc1f
2019-09-26 18:20:31,735 [main] INFO  impl.RaftServerProxy (ConfUtils.java:logGet(43)) - raft.rpc.type = GRPC (default)
2019-09-26 18:20:31,735 [main] INFO  grpc.GrpcFactory (GrpcFactory.java:checkPooledByteBufAllocatorUseCacheForAllThreads(45)) - PERFORMANCE WARNING: useCacheForAllThreads is true that may cause Netty to create a lot garbage objects and, as a result, trigger GC.
	It is recommended to disable useCacheForAllThreads by setting -Dorg.apache.ratis.thirdparty.io.netty.allocator.useCacheForAllThreads=false in command line.
2019-09-26 18:20:31,735 [main] INFO  grpc.GrpcConfigKeys$Server (ConfUtils.java:logGet(43)) - raft.grpc.server.port = 0 (default)
2019-09-26 18:20:31,736 [main] INFO  server.GrpcService (ConfUtils.java:logGet(43)) - raft.grpc.message.size.max = 33570816 (custom)
2019-09-26 18:20:31,736 [main] INFO  server.RaftServerConfigKeys (ConfUtils.java:logGet(43)) - raft.server.log.appender.buffer.byte-limit = 33554432 (custom)
2019-09-26 18:20:31,736 [main] INFO  server.GrpcService (ConfUtils.java:logGet(43)) - raft.grpc.flow.control.window = 1MB (=1048576) (default)
2019-09-26 18:20:31,736 [main] INFO  server.RaftServerConfigKeys (ConfUtils.java:logGet(43)) - raft.server.rpc.request.timeout = 3000ms (default)
2019-09-26 18:20:31,737 [main] INFO  server.RaftServerConfigKeys (ConfUtils.java:logGet(43)) - raft.server.storage.dir = [/workdir/hadoop-ozone/ozonefs/target/test-dir/MiniOzoneClusterImpl-4cd181c8-bc9e-4466-88a4-d14dd15eb960/datanode-3/data/ratis] (custom)
2019-09-26 18:20:31,739 [main] INFO  hdfs.DFSUtil (DFSUtil.java:httpServerTemplateForNNAndJN(1641)) - Starting Web-server for hddsDatanode at: http://0.0.0.0:0
2019-09-26 18:20:31,740 [main] INFO  server.AuthenticationFilter (AuthenticationFilter.java:constructSecretProvider(240)) - Unable to initialize FileSignerSecretProvider, falling back to use random secrets.
2019-09-26 18:20:31,741 [main] WARN  http.HttpRequestLog (HttpRequestLog.java:getRequestLog(97)) - Jetty request log can only be enabled using Log4j
2019-09-26 18:20:31,742 [main] INFO  http.HttpServer2 (HttpServer2.java:addGlobalFilter(975)) - Added global filter 'safety' (class=org.apache.hadoop.http.HttpServer2$QuotingInputFilter)
2019-09-26 18:20:31,744 [main] INFO  http.HttpServer2 (HttpServer2.java:addFilter(948)) - Added filter static_user_filter (class=org.apache.hadoop.http.lib.StaticUserWebFilter$StaticUserFilter) to context hddsDatanode
2019-09-26 18:20:31,744 [main] INFO  http.HttpServer2 (HttpServer2.java:addFilter(958)) - Added filter static_user_filter (class=org.apache.hadoop.http.lib.StaticUserWebFilter$StaticUserFilter) to context logs
2019-09-26 18:20:31,744 [main] INFO  http.HttpServer2 (HttpServer2.java:addFilter(958)) - Added filter static_user_filter (class=org.apache.hadoop.http.lib.StaticUserWebFilter$StaticUserFilter) to context static
2019-09-26 18:20:31,745 [main] INFO  http.HttpServer2 (HttpServer2.java:bindListener(1191)) - Jetty bound to port 42924
2019-09-26 18:20:31,745 [main] INFO  server.Server (Server.java:doStart(351)) - jetty-9.3.25.v20180904, build timestamp: 2018-09-04T21:11:46Z, git hash: 3ce520221d0240229c862b122d2b06c12a625732
2019-09-26 18:20:31,749 [main] INFO  handler.ContextHandler (ContextHandler.java:doStart(781)) - Started o.e.j.s.ServletContextHandler@1f9f381d{/logs,file:///workdir/hadoop-ozone/ozonefs/target/log,AVAILABLE}
2019-09-26 18:20:31,750 [main] INFO  handler.ContextHandler (ContextHandler.java:doStart(781)) - Started o.e.j.s.ServletContextHandler@623ebac7{/static,jar:file:/home/user/.m2/repository/org/apache/hadoop/hadoop-hdds-container-service/0.5.0-SNAPSHOT/hadoop-hdds-container-service-0.5.0-SNAPSHOT.jar!/webapps/static,AVAILABLE}
2019-09-26 18:20:31,778 [main] INFO  handler.ContextHandler (ContextHandler.java:doStart(781)) - Started o.e.j.w.WebAppContext@5cf3157b{/,file:///tmp/jetty-0.0.0.0-42924-hddsDatanode-_-any-6299709985867678103.dir/webapp/,AVAILABLE}{/hddsDatanode}
2019-09-26 18:20:31,778 [main] INFO  server.AbstractConnector (AbstractConnector.java:doStart(278)) - Started ServerConnector@625dfff3{HTTP/1.1,[http/1.1]}{0.0.0.0:42924}
2019-09-26 18:20:31,779 [main] INFO  server.Server (Server.java:doStart(419)) - Started @6155ms
2019-09-26 18:20:31,779 [main] WARN  impl.MetricsSystemImpl (MetricsSystemImpl.java:register(276)) - Sink prometheus already exists!
2019-09-26 18:20:31,780 [main] INFO  server.BaseHttpServer (BaseHttpServer.java:updateConnectorAddress(215)) - HTTP server of HDDSDATANODE is listening at http://0.0.0.0:42924
2019-09-26 18:20:31,780 [main] INFO  impl.MetricsSystemImpl (MetricsSystemImpl.java:init(158)) - HddsDatanode metrics system started (again)
2019-09-26 18:20:31,782 [org.apache.hadoop.util.JvmPauseMonitor$Monitor@1719e515] INFO  util.JvmPauseMonitor (JvmPauseMonitor.java:run(188)) - Starting JVM pause monitor
2019-09-26 18:20:31,782 [main] INFO  ozone.HddsDatanodeService (HddsDatanodeService.java:start(184)) - HddsDatanodeService host:pr-hdds-2162-htzpk-1451759861 ip:192.168.157.234
2019-09-26 18:20:31,785 [Datanode State Machine Thread - 0] INFO  datanode.InitDatanodeState (InitDatanodeState.java:persistContainerDatanodeDetails(140)) - DatanodeDetails is persisted to /workdir/hadoop-ozone/ozonefs/target/test-dir/MiniOzoneClusterImpl-4cd181c8-bc9e-4466-88a4-d14dd15eb960/datanode-3/meta/datanode.id
2019-09-26 18:20:31,791 [main] INFO  volume.HddsVolume (HddsVolume.java:<init>(176)) - Creating Volume: /workdir/hadoop-ozone/ozonefs/target/test-dir/MiniOzoneClusterImpl-4cd181c8-bc9e-4466-88a4-d14dd15eb960/datanode-4/data/containers/hdds of  storage type : DISK and capacity : 1482555576320
2019-09-26 18:20:31,791 [main] INFO  volume.VolumeSet (VolumeSet.java:initializeVolumeSet(170)) - Added Volume : /workdir/hadoop-ozone/ozonefs/target/test-dir/MiniOzoneClusterImpl-4cd181c8-bc9e-4466-88a4-d14dd15eb960/datanode-4/data/containers/hdds to VolumeSet
2019-09-26 18:20:31,791 [main] INFO  volume.ThrottledAsyncChecker (ThrottledAsyncChecker.java:schedule(139)) - Scheduling a check for org.apache.hadoop.ozone.container.common.volume.HddsVolume@3c74aa0d
2019-09-26 18:20:31,792 [main] INFO  volume.HddsVolumeChecker (HddsVolumeChecker.java:checkAllVolumes(202)) - Scheduled health check for volume org.apache.hadoop.ozone.container.common.volume.HddsVolume@3c74aa0d
2019-09-26 18:20:31,810 [main] INFO  impl.RaftServerProxy (ConfUtils.java:logGet(43)) - raft.rpc.type = GRPC (default)
2019-09-26 18:20:31,810 [main] INFO  grpc.GrpcFactory (GrpcFactory.java:checkPooledByteBufAllocatorUseCacheForAllThreads(45)) - PERFORMANCE WARNING: useCacheForAllThreads is true that may cause Netty to create a lot garbage objects and, as a result, trigger GC.
	It is recommended to disable useCacheForAllThreads by setting -Dorg.apache.ratis.thirdparty.io.netty.allocator.useCacheForAllThreads=false in command line.
2019-09-26 18:20:31,810 [main] INFO  grpc.GrpcConfigKeys$Server (ConfUtils.java:logGet(43)) - raft.grpc.server.port = 0 (default)
2019-09-26 18:20:31,811 [main] INFO  server.GrpcService (ConfUtils.java:logGet(43)) - raft.grpc.message.size.max = 33570816 (custom)
2019-09-26 18:20:31,811 [main] INFO  server.RaftServerConfigKeys (ConfUtils.java:logGet(43)) - raft.server.log.appender.buffer.byte-limit = 33554432 (custom)
2019-09-26 18:20:31,811 [main] INFO  server.GrpcService (ConfUtils.java:logGet(43)) - raft.grpc.flow.control.window = 1MB (=1048576) (default)
2019-09-26 18:20:31,811 [main] INFO  server.RaftServerConfigKeys (ConfUtils.java:logGet(43)) - raft.server.rpc.request.timeout = 3000ms (default)
2019-09-26 18:20:31,812 [main] INFO  server.RaftServerConfigKeys (ConfUtils.java:logGet(43)) - raft.server.storage.dir = [/workdir/hadoop-ozone/ozonefs/target/test-dir/MiniOzoneClusterImpl-4cd181c8-bc9e-4466-88a4-d14dd15eb960/datanode-4/data/ratis] (custom)
2019-09-26 18:20:31,814 [main] INFO  hdfs.DFSUtil (DFSUtil.java:httpServerTemplateForNNAndJN(1641)) - Starting Web-server for hddsDatanode at: http://0.0.0.0:0
2019-09-26 18:20:31,815 [main] INFO  server.AuthenticationFilter (AuthenticationFilter.java:constructSecretProvider(240)) - Unable to initialize FileSignerSecretProvider, falling back to use random secrets.
2019-09-26 18:20:31,816 [main] WARN  http.HttpRequestLog (HttpRequestLog.java:getRequestLog(97)) - Jetty request log can only be enabled using Log4j
2019-09-26 18:20:31,817 [main] INFO  http.HttpServer2 (HttpServer2.java:addGlobalFilter(975)) - Added global filter 'safety' (class=org.apache.hadoop.http.HttpServer2$QuotingInputFilter)
2019-09-26 18:20:31,818 [main] INFO  http.HttpServer2 (HttpServer2.java:addFilter(948)) - Added filter static_user_filter (class=org.apache.hadoop.http.lib.StaticUserWebFilter$StaticUserFilter) to context hddsDatanode
2019-09-26 18:20:31,818 [main] INFO  http.HttpServer2 (HttpServer2.java:addFilter(958)) - Added filter static_user_filter (class=org.apache.hadoop.http.lib.StaticUserWebFilter$StaticUserFilter) to context logs
2019-09-26 18:20:31,818 [main] INFO  http.HttpServer2 (HttpServer2.java:addFilter(958)) - Added filter static_user_filter (class=org.apache.hadoop.http.lib.StaticUserWebFilter$StaticUserFilter) to context static
2019-09-26 18:20:31,819 [main] INFO  http.HttpServer2 (HttpServer2.java:bindListener(1191)) - Jetty bound to port 33488
2019-09-26 18:20:31,819 [main] INFO  server.Server (Server.java:doStart(351)) - jetty-9.3.25.v20180904, build timestamp: 2018-09-04T21:11:46Z, git hash: 3ce520221d0240229c862b122d2b06c12a625732
2019-09-26 18:20:31,821 [main] INFO  handler.ContextHandler (ContextHandler.java:doStart(781)) - Started o.e.j.s.ServletContextHandler@19a64eae{/logs,file:///workdir/hadoop-ozone/ozonefs/target/log,AVAILABLE}
2019-09-26 18:20:31,822 [main] INFO  handler.ContextHandler (ContextHandler.java:doStart(781)) - Started o.e.j.s.ServletContextHandler@2da3b078{/static,jar:file:/home/user/.m2/repository/org/apache/hadoop/hadoop-hdds-container-service/0.5.0-SNAPSHOT/hadoop-hdds-container-service-0.5.0-SNAPSHOT.jar!/webapps/static,AVAILABLE}
2019-09-26 18:20:31,850 [main] INFO  handler.ContextHandler (ContextHandler.java:doStart(781)) - Started o.e.j.w.WebAppContext@7e446d92{/,file:///tmp/jetty-0.0.0.0-33488-hddsDatanode-_-any-1338678304520246093.dir/webapp/,AVAILABLE}{/hddsDatanode}
2019-09-26 18:20:31,850 [main] INFO  server.AbstractConnector (AbstractConnector.java:doStart(278)) - Started ServerConnector@57f9b467{HTTP/1.1,[http/1.1]}{0.0.0.0:33488}
2019-09-26 18:20:31,851 [main] INFO  server.Server (Server.java:doStart(419)) - Started @6227ms
2019-09-26 18:20:31,851 [main] WARN  impl.MetricsSystemImpl (MetricsSystemImpl.java:register(276)) - Sink prometheus already exists!
2019-09-26 18:20:31,852 [main] INFO  server.BaseHttpServer (BaseHttpServer.java:updateConnectorAddress(215)) - HTTP server of HDDSDATANODE is listening at http://0.0.0.0:33488
2019-09-26 18:20:31,852 [main] INFO  impl.MetricsSystemImpl (MetricsSystemImpl.java:init(158)) - HddsDatanode metrics system started (again)
2019-09-26 18:20:31,855 [main] INFO  ozone.HddsDatanodeService (HddsDatanodeService.java:start(184)) - HddsDatanodeService host:pr-hdds-2162-htzpk-1451759861 ip:192.168.157.234
2019-09-26 18:20:31,855 [org.apache.hadoop.util.JvmPauseMonitor$Monitor@78f2168f] INFO  util.JvmPauseMonitor (JvmPauseMonitor.java:run(188)) - Starting JVM pause monitor
2019-09-26 18:20:31,858 [Datanode State Machine Thread - 0] INFO  datanode.InitDatanodeState (InitDatanodeState.java:persistContainerDatanodeDetails(140)) - DatanodeDetails is persisted to /workdir/hadoop-ozone/ozonefs/target/test-dir/MiniOzoneClusterImpl-4cd181c8-bc9e-4466-88a4-d14dd15eb960/datanode-4/meta/datanode.id
2019-09-26 18:20:31,863 [main] INFO  volume.HddsVolume (HddsVolume.java:<init>(176)) - Creating Volume: /workdir/hadoop-ozone/ozonefs/target/test-dir/MiniOzoneClusterImpl-4cd181c8-bc9e-4466-88a4-d14dd15eb960/datanode-5/data/containers/hdds of  storage type : DISK and capacity : 1482555576320
2019-09-26 18:20:31,863 [main] INFO  volume.VolumeSet (VolumeSet.java:initializeVolumeSet(170)) - Added Volume : /workdir/hadoop-ozone/ozonefs/target/test-dir/MiniOzoneClusterImpl-4cd181c8-bc9e-4466-88a4-d14dd15eb960/datanode-5/data/containers/hdds to VolumeSet
2019-09-26 18:20:31,864 [main] INFO  volume.ThrottledAsyncChecker (ThrottledAsyncChecker.java:schedule(139)) - Scheduling a check for org.apache.hadoop.ozone.container.common.volume.HddsVolume@5de6cf3a
2019-09-26 18:20:31,864 [main] INFO  volume.HddsVolumeChecker (HddsVolumeChecker.java:checkAllVolumes(202)) - Scheduled health check for volume org.apache.hadoop.ozone.container.common.volume.HddsVolume@5de6cf3a
2019-09-26 18:20:31,883 [main] INFO  impl.RaftServerProxy (ConfUtils.java:logGet(43)) - raft.rpc.type = GRPC (default)
2019-09-26 18:20:31,883 [main] INFO  grpc.GrpcFactory (GrpcFactory.java:checkPooledByteBufAllocatorUseCacheForAllThreads(45)) - PERFORMANCE WARNING: useCacheForAllThreads is true that may cause Netty to create a lot garbage objects and, as a result, trigger GC.
	It is recommended to disable useCacheForAllThreads by setting -Dorg.apache.ratis.thirdparty.io.netty.allocator.useCacheForAllThreads=false in command line.
2019-09-26 18:20:31,883 [main] INFO  grpc.GrpcConfigKeys$Server (ConfUtils.java:logGet(43)) - raft.grpc.server.port = 0 (default)
2019-09-26 18:20:31,884 [main] INFO  server.GrpcService (ConfUtils.java:logGet(43)) - raft.grpc.message.size.max = 33570816 (custom)
2019-09-26 18:20:31,884 [main] INFO  server.RaftServerConfigKeys (ConfUtils.java:logGet(43)) - raft.server.log.appender.buffer.byte-limit = 33554432 (custom)
2019-09-26 18:20:31,884 [main] INFO  server.GrpcService (ConfUtils.java:logGet(43)) - raft.grpc.flow.control.window = 1MB (=1048576) (default)
2019-09-26 18:20:31,884 [main] INFO  server.RaftServerConfigKeys (ConfUtils.java:logGet(43)) - raft.server.rpc.request.timeout = 3000ms (default)
2019-09-26 18:20:31,885 [main] INFO  server.RaftServerConfigKeys (ConfUtils.java:logGet(43)) - raft.server.storage.dir = [/workdir/hadoop-ozone/ozonefs/target/test-dir/MiniOzoneClusterImpl-4cd181c8-bc9e-4466-88a4-d14dd15eb960/datanode-5/data/ratis] (custom)
2019-09-26 18:20:31,886 [main] INFO  hdfs.DFSUtil (DFSUtil.java:httpServerTemplateForNNAndJN(1641)) - Starting Web-server for hddsDatanode at: http://0.0.0.0:0
2019-09-26 18:20:31,888 [main] INFO  server.AuthenticationFilter (AuthenticationFilter.java:constructSecretProvider(240)) - Unable to initialize FileSignerSecretProvider, falling back to use random secrets.
2019-09-26 18:20:31,888 [main] WARN  http.HttpRequestLog (HttpRequestLog.java:getRequestLog(97)) - Jetty request log can only be enabled using Log4j
2019-09-26 18:20:31,890 [main] INFO  http.HttpServer2 (HttpServer2.java:addGlobalFilter(975)) - Added global filter 'safety' (class=org.apache.hadoop.http.HttpServer2$QuotingInputFilter)
2019-09-26 18:20:31,890 [main] INFO  http.HttpServer2 (HttpServer2.java:addFilter(948)) - Added filter static_user_filter (class=org.apache.hadoop.http.lib.StaticUserWebFilter$StaticUserFilter) to context hddsDatanode
2019-09-26 18:20:31,890 [main] INFO  http.HttpServer2 (HttpServer2.java:addFilter(958)) - Added filter static_user_filter (class=org.apache.hadoop.http.lib.StaticUserWebFilter$StaticUserFilter) to context logs
2019-09-26 18:20:31,891 [main] INFO  http.HttpServer2 (HttpServer2.java:addFilter(958)) - Added filter static_user_filter (class=org.apache.hadoop.http.lib.StaticUserWebFilter$StaticUserFilter) to context static
2019-09-26 18:20:31,891 [main] INFO  http.HttpServer2 (HttpServer2.java:bindListener(1191)) - Jetty bound to port 44055
2019-09-26 18:20:31,891 [main] INFO  server.Server (Server.java:doStart(351)) - jetty-9.3.25.v20180904, build timestamp: 2018-09-04T21:11:46Z, git hash: 3ce520221d0240229c862b122d2b06c12a625732
2019-09-26 18:20:31,893 [main] INFO  handler.ContextHandler (ContextHandler.java:doStart(781)) - Started o.e.j.s.ServletContextHandler@27e7c77f{/logs,file:///workdir/hadoop-ozone/ozonefs/target/log,AVAILABLE}
2019-09-26 18:20:31,894 [main] INFO  handler.ContextHandler (ContextHandler.java:doStart(781)) - Started o.e.j.s.ServletContextHandler@6ae62c7e{/static,jar:file:/home/user/.m2/repository/org/apache/hadoop/hadoop-hdds-container-service/0.5.0-SNAPSHOT/hadoop-hdds-container-service-0.5.0-SNAPSHOT.jar!/webapps/static,AVAILABLE}
2019-09-26 18:20:31,922 [main] INFO  handler.ContextHandler (ContextHandler.java:doStart(781)) - Started o.e.j.w.WebAppContext@424de326{/,file:///tmp/jetty-0.0.0.0-44055-hddsDatanode-_-any-4092056930569782079.dir/webapp/,AVAILABLE}{/hddsDatanode}
2019-09-26 18:20:31,922 [main] INFO  server.AbstractConnector (AbstractConnector.java:doStart(278)) - Started ServerConnector@4bc33720{HTTP/1.1,[http/1.1]}{0.0.0.0:44055}
2019-09-26 18:20:31,923 [main] INFO  server.Server (Server.java:doStart(419)) - Started @6299ms
2019-09-26 18:20:31,923 [main] WARN  impl.MetricsSystemImpl (MetricsSystemImpl.java:register(276)) - Sink prometheus already exists!
2019-09-26 18:20:31,924 [main] INFO  server.BaseHttpServer (BaseHttpServer.java:updateConnectorAddress(215)) - HTTP server of HDDSDATANODE is listening at http://0.0.0.0:44055
2019-09-26 18:20:31,924 [main] INFO  impl.MetricsSystemImpl (MetricsSystemImpl.java:init(158)) - HddsDatanode metrics system started (again)
2019-09-26 18:20:31,928 [main] INFO  ozone.HddsDatanodeService (HddsDatanodeService.java:start(184)) - HddsDatanodeService host:pr-hdds-2162-htzpk-1451759861 ip:192.168.157.234
2019-09-26 18:20:31,929 [org.apache.hadoop.util.JvmPauseMonitor$Monitor@7d41adef] INFO  util.JvmPauseMonitor (JvmPauseMonitor.java:run(188)) - Starting JVM pause monitor
2019-09-26 18:20:31,931 [Datanode State Machine Thread - 0] INFO  datanode.InitDatanodeState (InitDatanodeState.java:persistContainerDatanodeDetails(140)) - DatanodeDetails is persisted to /workdir/hadoop-ozone/ozonefs/target/test-dir/MiniOzoneClusterImpl-4cd181c8-bc9e-4466-88a4-d14dd15eb960/datanode-5/meta/datanode.id
2019-09-26 18:20:31,936 [main] INFO  volume.HddsVolume (HddsVolume.java:<init>(176)) - Creating Volume: /workdir/hadoop-ozone/ozonefs/target/test-dir/MiniOzoneClusterImpl-4cd181c8-bc9e-4466-88a4-d14dd15eb960/datanode-6/data/containers/hdds of  storage type : DISK and capacity : 1482555576320
2019-09-26 18:20:31,937 [main] INFO  volume.VolumeSet (VolumeSet.java:initializeVolumeSet(170)) - Added Volume : /workdir/hadoop-ozone/ozonefs/target/test-dir/MiniOzoneClusterImpl-4cd181c8-bc9e-4466-88a4-d14dd15eb960/datanode-6/data/containers/hdds to VolumeSet
2019-09-26 18:20:31,937 [main] INFO  volume.ThrottledAsyncChecker (ThrottledAsyncChecker.java:schedule(139)) - Scheduling a check for org.apache.hadoop.ozone.container.common.volume.HddsVolume@7b676112
2019-09-26 18:20:31,938 [main] INFO  volume.HddsVolumeChecker (HddsVolumeChecker.java:checkAllVolumes(202)) - Scheduled health check for volume org.apache.hadoop.ozone.container.common.volume.HddsVolume@7b676112
2019-09-26 18:20:31,961 [main] INFO  impl.RaftServerProxy (ConfUtils.java:logGet(43)) - raft.rpc.type = GRPC (default)
2019-09-26 18:20:31,961 [main] INFO  grpc.GrpcFactory (GrpcFactory.java:checkPooledByteBufAllocatorUseCacheForAllThreads(45)) - PERFORMANCE WARNING: useCacheForAllThreads is true that may cause Netty to create a lot garbage objects and, as a result, trigger GC.
	It is recommended to disable useCacheForAllThreads by setting -Dorg.apache.ratis.thirdparty.io.netty.allocator.useCacheForAllThreads=false in command line.
2019-09-26 18:20:31,961 [main] INFO  grpc.GrpcConfigKeys$Server (ConfUtils.java:logGet(43)) - raft.grpc.server.port = 0 (default)
2019-09-26 18:20:31,962 [main] INFO  server.GrpcService (ConfUtils.java:logGet(43)) - raft.grpc.message.size.max = 33570816 (custom)
2019-09-26 18:20:31,962 [main] INFO  server.RaftServerConfigKeys (ConfUtils.java:logGet(43)) - raft.server.log.appender.buffer.byte-limit = 33554432 (custom)
2019-09-26 18:20:31,962 [main] INFO  server.GrpcService (ConfUtils.java:logGet(43)) - raft.grpc.flow.control.window = 1MB (=1048576) (default)
2019-09-26 18:20:31,962 [main] INFO  server.RaftServerConfigKeys (ConfUtils.java:logGet(43)) - raft.server.rpc.request.timeout = 3000ms (default)
2019-09-26 18:20:31,963 [main] INFO  server.RaftServerConfigKeys (ConfUtils.java:logGet(43)) - raft.server.storage.dir = [/workdir/hadoop-ozone/ozonefs/target/test-dir/MiniOzoneClusterImpl-4cd181c8-bc9e-4466-88a4-d14dd15eb960/datanode-6/data/ratis] (custom)
2019-09-26 18:20:31,964 [main] INFO  hdfs.DFSUtil (DFSUtil.java:httpServerTemplateForNNAndJN(1641)) - Starting Web-server for hddsDatanode at: http://0.0.0.0:0
2019-09-26 18:20:31,965 [main] INFO  server.AuthenticationFilter (AuthenticationFilter.java:constructSecretProvider(240)) - Unable to initialize FileSignerSecretProvider, falling back to use random secrets.
2019-09-26 18:20:31,966 [main] WARN  http.HttpRequestLog (HttpRequestLog.java:getRequestLog(97)) - Jetty request log can only be enabled using Log4j
2019-09-26 18:20:31,967 [main] INFO  http.HttpServer2 (HttpServer2.java:addGlobalFilter(975)) - Added global filter 'safety' (class=org.apache.hadoop.http.HttpServer2$QuotingInputFilter)
2019-09-26 18:20:31,968 [main] INFO  http.HttpServer2 (HttpServer2.java:addFilter(948)) - Added filter static_user_filter (class=org.apache.hadoop.http.lib.StaticUserWebFilter$StaticUserFilter) to context hddsDatanode
2019-09-26 18:20:31,968 [main] INFO  http.HttpServer2 (HttpServer2.java:addFilter(958)) - Added filter static_user_filter (class=org.apache.hadoop.http.lib.StaticUserWebFilter$StaticUserFilter) to context static
2019-09-26 18:20:31,968 [main] INFO  http.HttpServer2 (HttpServer2.java:addFilter(958)) - Added filter static_user_filter (class=org.apache.hadoop.http.lib.StaticUserWebFilter$StaticUserFilter) to context logs
2019-09-26 18:20:31,969 [main] INFO  http.HttpServer2 (HttpServer2.java:bindListener(1191)) - Jetty bound to port 39961
2019-09-26 18:20:31,969 [main] INFO  server.Server (Server.java:doStart(351)) - jetty-9.3.25.v20180904, build timestamp: 2018-09-04T21:11:46Z, git hash: 3ce520221d0240229c862b122d2b06c12a625732
2019-09-26 18:20:31,971 [main] INFO  handler.ContextHandler (ContextHandler.java:doStart(781)) - Started o.e.j.s.ServletContextHandler@797c3c3b{/logs,file:///workdir/hadoop-ozone/ozonefs/target/log,AVAILABLE}
2019-09-26 18:20:31,972 [main] INFO  handler.ContextHandler (ContextHandler.java:doStart(781)) - Started o.e.j.s.ServletContextHandler@4375b013{/static,jar:file:/home/user/.m2/repository/org/apache/hadoop/hadoop-hdds-container-service/0.5.0-SNAPSHOT/hadoop-hdds-container-service-0.5.0-SNAPSHOT.jar!/webapps/static,AVAILABLE}
2019-09-26 18:20:31,999 [main] INFO  handler.ContextHandler (ContextHandler.java:doStart(781)) - Started o.e.j.w.WebAppContext@2da66a44{/,file:///tmp/jetty-0.0.0.0-39961-hddsDatanode-_-any-3637995974740017582.dir/webapp/,AVAILABLE}{/hddsDatanode}
2019-09-26 18:20:31,999 [main] INFO  server.AbstractConnector (AbstractConnector.java:doStart(278)) - Started ServerConnector@527fc8e{HTTP/1.1,[http/1.1]}{0.0.0.0:39961}
2019-09-26 18:20:32,000 [main] INFO  server.Server (Server.java:doStart(419)) - Started @6376ms
2019-09-26 18:20:32,001 [main] WARN  impl.MetricsSystemImpl (MetricsSystemImpl.java:register(276)) - Sink prometheus already exists!
2019-09-26 18:20:32,001 [main] INFO  server.BaseHttpServer (BaseHttpServer.java:updateConnectorAddress(215)) - HTTP server of HDDSDATANODE is listening at http://0.0.0.0:39961
2019-09-26 18:20:32,002 [main] INFO  impl.MetricsSystemImpl (MetricsSystemImpl.java:init(158)) - HddsDatanode metrics system started (again)
2019-09-26 18:20:32,005 [main] INFO  ozone.HddsDatanodeService (HddsDatanodeService.java:start(184)) - HddsDatanodeService host:pr-hdds-2162-htzpk-1451759861 ip:192.168.157.234
2019-09-26 18:20:32,006 [org.apache.hadoop.util.JvmPauseMonitor$Monitor@1392100b] INFO  util.JvmPauseMonitor (JvmPauseMonitor.java:run(188)) - Starting JVM pause monitor
2019-09-26 18:20:32,009 [Datanode State Machine Thread - 0] INFO  datanode.InitDatanodeState (InitDatanodeState.java:persistContainerDatanodeDetails(140)) - DatanodeDetails is persisted to /workdir/hadoop-ozone/ozonefs/target/test-dir/MiniOzoneClusterImpl-4cd181c8-bc9e-4466-88a4-d14dd15eb960/datanode-6/meta/datanode.id
2019-09-26 18:20:32,014 [main] INFO  volume.HddsVolume (HddsVolume.java:<init>(176)) - Creating Volume: /workdir/hadoop-ozone/ozonefs/target/test-dir/MiniOzoneClusterImpl-4cd181c8-bc9e-4466-88a4-d14dd15eb960/datanode-7/data/containers/hdds of  storage type : DISK and capacity : 1482555576320
2019-09-26 18:20:32,014 [main] INFO  volume.VolumeSet (VolumeSet.java:initializeVolumeSet(170)) - Added Volume : /workdir/hadoop-ozone/ozonefs/target/test-dir/MiniOzoneClusterImpl-4cd181c8-bc9e-4466-88a4-d14dd15eb960/datanode-7/data/containers/hdds to VolumeSet
2019-09-26 18:20:32,014 [main] INFO  volume.ThrottledAsyncChecker (ThrottledAsyncChecker.java:schedule(139)) - Scheduling a check for org.apache.hadoop.ozone.container.common.volume.HddsVolume@5e0ec41f
2019-09-26 18:20:32,015 [main] INFO  volume.HddsVolumeChecker (HddsVolumeChecker.java:checkAllVolumes(202)) - Scheduled health check for volume org.apache.hadoop.ozone.container.common.volume.HddsVolume@5e0ec41f
2019-09-26 18:20:32,035 [main] INFO  impl.RaftServerProxy (ConfUtils.java:logGet(43)) - raft.rpc.type = GRPC (default)
2019-09-26 18:20:32,035 [main] INFO  grpc.GrpcFactory (GrpcFactory.java:checkPooledByteBufAllocatorUseCacheForAllThreads(45)) - PERFORMANCE WARNING: useCacheForAllThreads is true that may cause Netty to create a lot garbage objects and, as a result, trigger GC.
	It is recommended to disable useCacheForAllThreads by setting -Dorg.apache.ratis.thirdparty.io.netty.allocator.useCacheForAllThreads=false in command line.
2019-09-26 18:20:32,035 [main] INFO  grpc.GrpcConfigKeys$Server (ConfUtils.java:logGet(43)) - raft.grpc.server.port = 0 (default)
2019-09-26 18:20:32,035 [main] INFO  server.GrpcService (ConfUtils.java:logGet(43)) - raft.grpc.message.size.max = 33570816 (custom)
2019-09-26 18:20:32,036 [main] INFO  server.RaftServerConfigKeys (ConfUtils.java:logGet(43)) - raft.server.log.appender.buffer.byte-limit = 33554432 (custom)
2019-09-26 18:20:32,036 [main] INFO  server.GrpcService (ConfUtils.java:logGet(43)) - raft.grpc.flow.control.window = 1MB (=1048576) (default)
2019-09-26 18:20:32,036 [main] INFO  server.RaftServerConfigKeys (ConfUtils.java:logGet(43)) - raft.server.rpc.request.timeout = 3000ms (default)
2019-09-26 18:20:32,037 [main] INFO  server.RaftServerConfigKeys (ConfUtils.java:logGet(43)) - raft.server.storage.dir = [/workdir/hadoop-ozone/ozonefs/target/test-dir/MiniOzoneClusterImpl-4cd181c8-bc9e-4466-88a4-d14dd15eb960/datanode-7/data/ratis] (custom)
2019-09-26 18:20:32,038 [main] INFO  hdfs.DFSUtil (DFSUtil.java:httpServerTemplateForNNAndJN(1641)) - Starting Web-server for hddsDatanode at: http://0.0.0.0:0
2019-09-26 18:20:32,040 [main] INFO  server.AuthenticationFilter (AuthenticationFilter.java:constructSecretProvider(240)) - Unable to initialize FileSignerSecretProvider, falling back to use random secrets.
2019-09-26 18:20:32,040 [main] WARN  http.HttpRequestLog (HttpRequestLog.java:getRequestLog(97)) - Jetty request log can only be enabled using Log4j
2019-09-26 18:20:32,044 [main] INFO  http.HttpServer2 (HttpServer2.java:addGlobalFilter(975)) - Added global filter 'safety' (class=org.apache.hadoop.http.HttpServer2$QuotingInputFilter)
2019-09-26 18:20:32,045 [main] INFO  http.HttpServer2 (HttpServer2.java:addFilter(948)) - Added filter static_user_filter (class=org.apache.hadoop.http.lib.StaticUserWebFilter$StaticUserFilter) to context hddsDatanode
2019-09-26 18:20:32,045 [main] INFO  http.HttpServer2 (HttpServer2.java:addFilter(958)) - Added filter static_user_filter (class=org.apache.hadoop.http.lib.StaticUserWebFilter$StaticUserFilter) to context static
2019-09-26 18:20:32,045 [main] INFO  http.HttpServer2 (HttpServer2.java:addFilter(958)) - Added filter static_user_filter (class=org.apache.hadoop.http.lib.StaticUserWebFilter$StaticUserFilter) to context logs
2019-09-26 18:20:32,046 [main] INFO  http.HttpServer2 (HttpServer2.java:bindListener(1191)) - Jetty bound to port 40402
2019-09-26 18:20:32,046 [main] INFO  server.Server (Server.java:doStart(351)) - jetty-9.3.25.v20180904, build timestamp: 2018-09-04T21:11:46Z, git hash: 3ce520221d0240229c862b122d2b06c12a625732
2019-09-26 18:20:32,049 [main] INFO  handler.ContextHandler (ContextHandler.java:doStart(781)) - Started o.e.j.s.ServletContextHandler@9679750{/logs,file:///workdir/hadoop-ozone/ozonefs/target/log,AVAILABLE}
2019-09-26 18:20:32,049 [main] INFO  handler.ContextHandler (ContextHandler.java:doStart(781)) - Started o.e.j.s.ServletContextHandler@75a0c890{/static,jar:file:/home/user/.m2/repository/org/apache/hadoop/hadoop-hdds-container-service/0.5.0-SNAPSHOT/hadoop-hdds-container-service-0.5.0-SNAPSHOT.jar!/webapps/static,AVAILABLE}
2019-09-26 18:20:32,089 [main] INFO  handler.ContextHandler (ContextHandler.java:doStart(781)) - Started o.e.j.w.WebAppContext@5a75ec37{/,file:///tmp/jetty-0.0.0.0-40402-hddsDatanode-_-any-1553941980711014406.dir/webapp/,AVAILABLE}{/hddsDatanode}
2019-09-26 18:20:32,090 [main] INFO  server.AbstractConnector (AbstractConnector.java:doStart(278)) - Started ServerConnector@2c05ff9d{HTTP/1.1,[http/1.1]}{0.0.0.0:40402}
2019-09-26 18:20:32,090 [main] INFO  server.Server (Server.java:doStart(419)) - Started @6466ms
2019-09-26 18:20:32,091 [main] WARN  impl.MetricsSystemImpl (MetricsSystemImpl.java:register(276)) - Sink prometheus already exists!
2019-09-26 18:20:32,091 [main] INFO  server.BaseHttpServer (BaseHttpServer.java:updateConnectorAddress(215)) - HTTP server of HDDSDATANODE is listening at http://0.0.0.0:40402
2019-09-26 18:20:32,092 [main] INFO  impl.MetricsSystemImpl (MetricsSystemImpl.java:init(158)) - HddsDatanode metrics system started (again)
2019-09-26 18:20:32,098 [org.apache.hadoop.util.JvmPauseMonitor$Monitor@fe63ef0] INFO  util.JvmPauseMonitor (JvmPauseMonitor.java:run(188)) - Starting JVM pause monitor
2019-09-26 18:20:32,098 [main] INFO  ozone.HddsDatanodeService (HddsDatanodeService.java:start(184)) - HddsDatanodeService host:pr-hdds-2162-htzpk-1451759861 ip:192.168.157.234
2019-09-26 18:20:32,105 [Datanode State Machine Thread - 0] INFO  datanode.InitDatanodeState (InitDatanodeState.java:persistContainerDatanodeDetails(140)) - DatanodeDetails is persisted to /workdir/hadoop-ozone/ozonefs/target/test-dir/MiniOzoneClusterImpl-4cd181c8-bc9e-4466-88a4-d14dd15eb960/datanode-7/meta/datanode.id
2019-09-26 18:20:32,114 [main] INFO  volume.HddsVolume (HddsVolume.java:<init>(176)) - Creating Volume: /workdir/hadoop-ozone/ozonefs/target/test-dir/MiniOzoneClusterImpl-4cd181c8-bc9e-4466-88a4-d14dd15eb960/datanode-8/data/containers/hdds of  storage type : DISK and capacity : 1482555576320
2019-09-26 18:20:32,115 [main] INFO  volume.VolumeSet (VolumeSet.java:initializeVolumeSet(170)) - Added Volume : /workdir/hadoop-ozone/ozonefs/target/test-dir/MiniOzoneClusterImpl-4cd181c8-bc9e-4466-88a4-d14dd15eb960/datanode-8/data/containers/hdds to VolumeSet
2019-09-26 18:20:32,115 [main] INFO  volume.ThrottledAsyncChecker (ThrottledAsyncChecker.java:schedule(139)) - Scheduling a check for org.apache.hadoop.ozone.container.common.volume.HddsVolume@f5b6e78
2019-09-26 18:20:32,115 [main] INFO  volume.HddsVolumeChecker (HddsVolumeChecker.java:checkAllVolumes(202)) - Scheduled health check for volume org.apache.hadoop.ozone.container.common.volume.HddsVolume@f5b6e78
2019-09-26 18:20:32,138 [main] INFO  impl.RaftServerProxy (ConfUtils.java:logGet(43)) - raft.rpc.type = GRPC (default)
2019-09-26 18:20:32,138 [main] INFO  grpc.GrpcFactory (GrpcFactory.java:checkPooledByteBufAllocatorUseCacheForAllThreads(45)) - PERFORMANCE WARNING: useCacheForAllThreads is true that may cause Netty to create a lot garbage objects and, as a result, trigger GC.
	It is recommended to disable useCacheForAllThreads by setting -Dorg.apache.ratis.thirdparty.io.netty.allocator.useCacheForAllThreads=false in command line.
2019-09-26 18:20:32,139 [main] INFO  grpc.GrpcConfigKeys$Server (ConfUtils.java:logGet(43)) - raft.grpc.server.port = 0 (default)
2019-09-26 18:20:32,139 [main] INFO  server.GrpcService (ConfUtils.java:logGet(43)) - raft.grpc.message.size.max = 33570816 (custom)
2019-09-26 18:20:32,139 [main] INFO  server.RaftServerConfigKeys (ConfUtils.java:logGet(43)) - raft.server.log.appender.buffer.byte-limit = 33554432 (custom)
2019-09-26 18:20:32,139 [main] INFO  server.GrpcService (ConfUtils.java:logGet(43)) - raft.grpc.flow.control.window = 1MB (=1048576) (default)
2019-09-26 18:20:32,140 [main] INFO  server.RaftServerConfigKeys (ConfUtils.java:logGet(43)) - raft.server.rpc.request.timeout = 3000ms (default)
2019-09-26 18:20:32,140 [main] INFO  server.RaftServerConfigKeys (ConfUtils.java:logGet(43)) - raft.server.storage.dir = [/workdir/hadoop-ozone/ozonefs/target/test-dir/MiniOzoneClusterImpl-4cd181c8-bc9e-4466-88a4-d14dd15eb960/datanode-8/data/ratis] (custom)
2019-09-26 18:20:32,142 [main] INFO  hdfs.DFSUtil (DFSUtil.java:httpServerTemplateForNNAndJN(1641)) - Starting Web-server for hddsDatanode at: http://0.0.0.0:0
2019-09-26 18:20:32,143 [main] INFO  server.AuthenticationFilter (AuthenticationFilter.java:constructSecretProvider(240)) - Unable to initialize FileSignerSecretProvider, falling back to use random secrets.
2019-09-26 18:20:32,144 [main] WARN  http.HttpRequestLog (HttpRequestLog.java:getRequestLog(97)) - Jetty request log can only be enabled using Log4j
2019-09-26 18:20:32,145 [main] INFO  http.HttpServer2 (HttpServer2.java:addGlobalFilter(975)) - Added global filter 'safety' (class=org.apache.hadoop.http.HttpServer2$QuotingInputFilter)
2019-09-26 18:20:32,146 [main] INFO  http.HttpServer2 (HttpServer2.java:addFilter(948)) - Added filter static_user_filter (class=org.apache.hadoop.http.lib.StaticUserWebFilter$StaticUserFilter) to context hddsDatanode
2019-09-26 18:20:32,146 [main] INFO  http.HttpServer2 (HttpServer2.java:addFilter(958)) - Added filter static_user_filter (class=org.apache.hadoop.http.lib.StaticUserWebFilter$StaticUserFilter) to context static
2019-09-26 18:20:32,146 [main] INFO  http.HttpServer2 (HttpServer2.java:addFilter(958)) - Added filter static_user_filter (class=org.apache.hadoop.http.lib.StaticUserWebFilter$StaticUserFilter) to context logs
2019-09-26 18:20:32,147 [main] INFO  http.HttpServer2 (HttpServer2.java:bindListener(1191)) - Jetty bound to port 34768
2019-09-26 18:20:32,147 [main] INFO  server.Server (Server.java:doStart(351)) - jetty-9.3.25.v20180904, build timestamp: 2018-09-04T21:11:46Z, git hash: 3ce520221d0240229c862b122d2b06c12a625732
2019-09-26 18:20:32,149 [main] INFO  handler.ContextHandler (ContextHandler.java:doStart(781)) - Started o.e.j.s.ServletContextHandler@187e5235{/logs,file:///workdir/hadoop-ozone/ozonefs/target/log,AVAILABLE}
2019-09-26 18:20:32,150 [main] INFO  handler.ContextHandler (ContextHandler.java:doStart(781)) - Started o.e.j.s.ServletContextHandler@5434e40c{/static,jar:file:/home/user/.m2/repository/org/apache/hadoop/hadoop-hdds-container-service/0.5.0-SNAPSHOT/hadoop-hdds-container-service-0.5.0-SNAPSHOT.jar!/webapps/static,AVAILABLE}
2019-09-26 18:20:32,177 [main] INFO  handler.ContextHandler (ContextHandler.java:doStart(781)) - Started o.e.j.w.WebAppContext@5c83ae01{/,file:///tmp/jetty-0.0.0.0-34768-hddsDatanode-_-any-3683140403181801948.dir/webapp/,AVAILABLE}{/hddsDatanode}
2019-09-26 18:20:32,178 [main] INFO  server.AbstractConnector (AbstractConnector.java:doStart(278)) - Started ServerConnector@2d64c100{HTTP/1.1,[http/1.1]}{0.0.0.0:34768}
2019-09-26 18:20:32,179 [main] INFO  server.Server (Server.java:doStart(419)) - Started @6555ms
2019-09-26 18:20:32,179 [main] WARN  impl.MetricsSystemImpl (MetricsSystemImpl.java:register(276)) - Sink prometheus already exists!
2019-09-26 18:20:32,180 [main] INFO  server.BaseHttpServer (BaseHttpServer.java:updateConnectorAddress(215)) - HTTP server of HDDSDATANODE is listening at http://0.0.0.0:34768
2019-09-26 18:20:32,180 [main] INFO  impl.MetricsSystemImpl (MetricsSystemImpl.java:init(158)) - HddsDatanode metrics system started (again)
2019-09-26 18:20:32,185 [main] INFO  ozone.HddsDatanodeService (HddsDatanodeService.java:start(184)) - HddsDatanodeService host:pr-hdds-2162-htzpk-1451759861 ip:192.168.157.234
2019-09-26 18:20:32,186 [org.apache.hadoop.util.JvmPauseMonitor$Monitor@16d40a8a] INFO  util.JvmPauseMonitor (JvmPauseMonitor.java:run(188)) - Starting JVM pause monitor
2019-09-26 18:20:32,189 [Datanode State Machine Thread - 0] INFO  datanode.InitDatanodeState (InitDatanodeState.java:persistContainerDatanodeDetails(140)) - DatanodeDetails is persisted to /workdir/hadoop-ozone/ozonefs/target/test-dir/MiniOzoneClusterImpl-4cd181c8-bc9e-4466-88a4-d14dd15eb960/datanode-8/meta/datanode.id
2019-09-26 18:20:32,196 [main] INFO  volume.HddsVolume (HddsVolume.java:<init>(176)) - Creating Volume: /workdir/hadoop-ozone/ozonefs/target/test-dir/MiniOzoneClusterImpl-4cd181c8-bc9e-4466-88a4-d14dd15eb960/datanode-9/data/containers/hdds of  storage type : DISK and capacity : 1482555576320
2019-09-26 18:20:32,197 [main] INFO  volume.VolumeSet (VolumeSet.java:initializeVolumeSet(170)) - Added Volume : /workdir/hadoop-ozone/ozonefs/target/test-dir/MiniOzoneClusterImpl-4cd181c8-bc9e-4466-88a4-d14dd15eb960/datanode-9/data/containers/hdds to VolumeSet
2019-09-26 18:20:32,197 [main] INFO  volume.ThrottledAsyncChecker (ThrottledAsyncChecker.java:schedule(139)) - Scheduling a check for org.apache.hadoop.ozone.container.common.volume.HddsVolume@7f37b6d9
2019-09-26 18:20:32,197 [main] INFO  volume.HddsVolumeChecker (HddsVolumeChecker.java:checkAllVolumes(202)) - Scheduled health check for volume org.apache.hadoop.ozone.container.common.volume.HddsVolume@7f37b6d9
2019-09-26 18:20:32,219 [main] INFO  impl.RaftServerProxy (ConfUtils.java:logGet(43)) - raft.rpc.type = GRPC (default)
2019-09-26 18:20:32,219 [main] INFO  grpc.GrpcFactory (GrpcFactory.java:checkPooledByteBufAllocatorUseCacheForAllThreads(45)) - PERFORMANCE WARNING: useCacheForAllThreads is true that may cause Netty to create a lot garbage objects and, as a result, trigger GC.
	It is recommended to disable useCacheForAllThreads by setting -Dorg.apache.ratis.thirdparty.io.netty.allocator.useCacheForAllThreads=false in command line.
2019-09-26 18:20:32,219 [main] INFO  grpc.GrpcConfigKeys$Server (ConfUtils.java:logGet(43)) - raft.grpc.server.port = 0 (default)
2019-09-26 18:20:32,220 [main] INFO  server.GrpcService (ConfUtils.java:logGet(43)) - raft.grpc.message.size.max = 33570816 (custom)
2019-09-26 18:20:32,220 [main] INFO  server.RaftServerConfigKeys (ConfUtils.java:logGet(43)) - raft.server.log.appender.buffer.byte-limit = 33554432 (custom)
2019-09-26 18:20:32,220 [main] INFO  server.GrpcService (ConfUtils.java:logGet(43)) - raft.grpc.flow.control.window = 1MB (=1048576) (default)
2019-09-26 18:20:32,220 [main] INFO  server.RaftServerConfigKeys (ConfUtils.java:logGet(43)) - raft.server.rpc.request.timeout = 3000ms (default)
2019-09-26 18:20:32,221 [main] INFO  server.RaftServerConfigKeys (ConfUtils.java:logGet(43)) - raft.server.storage.dir = [/workdir/hadoop-ozone/ozonefs/target/test-dir/MiniOzoneClusterImpl-4cd181c8-bc9e-4466-88a4-d14dd15eb960/datanode-9/data/ratis] (custom)
2019-09-26 18:20:32,222 [main] INFO  hdfs.DFSUtil (DFSUtil.java:httpServerTemplateForNNAndJN(1641)) - Starting Web-server for hddsDatanode at: http://0.0.0.0:0
2019-09-26 18:20:32,224 [main] INFO  server.AuthenticationFilter (AuthenticationFilter.java:constructSecretProvider(240)) - Unable to initialize FileSignerSecretProvider, falling back to use random secrets.
2019-09-26 18:20:32,224 [main] WARN  http.HttpRequestLog (HttpRequestLog.java:getRequestLog(97)) - Jetty request log can only be enabled using Log4j
2019-09-26 18:20:32,226 [main] INFO  http.HttpServer2 (HttpServer2.java:addGlobalFilter(975)) - Added global filter 'safety' (class=org.apache.hadoop.http.HttpServer2$QuotingInputFilter)
2019-09-26 18:20:32,227 [main] INFO  http.HttpServer2 (HttpServer2.java:addFilter(948)) - Added filter static_user_filter (class=org.apache.hadoop.http.lib.StaticUserWebFilter$StaticUserFilter) to context hddsDatanode
2019-09-26 18:20:32,227 [main] INFO  http.HttpServer2 (HttpServer2.java:addFilter(958)) - Added filter static_user_filter (class=org.apache.hadoop.http.lib.StaticUserWebFilter$StaticUserFilter) to context logs
2019-09-26 18:20:32,227 [main] INFO  http.HttpServer2 (HttpServer2.java:addFilter(958)) - Added filter static_user_filter (class=org.apache.hadoop.http.lib.StaticUserWebFilter$StaticUserFilter) to context static
2019-09-26 18:20:32,228 [main] INFO  http.HttpServer2 (HttpServer2.java:bindListener(1191)) - Jetty bound to port 32800
2019-09-26 18:20:32,228 [main] INFO  server.Server (Server.java:doStart(351)) - jetty-9.3.25.v20180904, build timestamp: 2018-09-04T21:11:46Z, git hash: 3ce520221d0240229c862b122d2b06c12a625732
2019-09-26 18:20:32,230 [main] INFO  handler.ContextHandler (ContextHandler.java:doStart(781)) - Started o.e.j.s.ServletContextHandler@4f0cab0a{/logs,file:///workdir/hadoop-ozone/ozonefs/target/log,AVAILABLE}
2019-09-26 18:20:32,230 [main] INFO  handler.ContextHandler (ContextHandler.java:doStart(781)) - Started o.e.j.s.ServletContextHandler@7ab4ae59{/static,jar:file:/home/user/.m2/repository/org/apache/hadoop/hadoop-hdds-container-service/0.5.0-SNAPSHOT/hadoop-hdds-container-service-0.5.0-SNAPSHOT.jar!/webapps/static,AVAILABLE}
2019-09-26 18:20:32,258 [main] INFO  handler.ContextHandler (ContextHandler.java:doStart(781)) - Started o.e.j.w.WebAppContext@43fda8d9{/,file:///tmp/jetty-0.0.0.0-32800-hddsDatanode-_-any-4091080159943679084.dir/webapp/,AVAILABLE}{/hddsDatanode}
2019-09-26 18:20:32,258 [main] INFO  server.AbstractConnector (AbstractConnector.java:doStart(278)) - Started ServerConnector@49d831c2{HTTP/1.1,[http/1.1]}{0.0.0.0:32800}
2019-09-26 18:20:32,260 [main] INFO  server.Server (Server.java:doStart(419)) - Started @6636ms
2019-09-26 18:20:32,260 [main] WARN  impl.MetricsSystemImpl (MetricsSystemImpl.java:register(276)) - Sink prometheus already exists!
2019-09-26 18:20:32,261 [main] INFO  server.BaseHttpServer (BaseHttpServer.java:updateConnectorAddress(215)) - HTTP server of HDDSDATANODE is listening at http://0.0.0.0:32800
2019-09-26 18:20:32,266 [main] INFO  ozone.MiniOzoneClusterImpl (MiniOzoneClusterImpl.java:lambda$waitForClusterToBeReady$0(147)) - Waiting for cluster to be ready. Got 0 of 10 DN Heartbeats.
2019-09-26 18:20:32,267 [org.apache.hadoop.util.JvmPauseMonitor$Monitor@16d18977] INFO  util.JvmPauseMonitor (JvmPauseMonitor.java:run(188)) - Starting JVM pause monitor
2019-09-26 18:20:32,270 [Datanode State Machine Thread - 0] INFO  datanode.InitDatanodeState (InitDatanodeState.java:persistContainerDatanodeDetails(140)) - DatanodeDetails is persisted to /workdir/hadoop-ozone/ozonefs/target/test-dir/MiniOzoneClusterImpl-4cd181c8-bc9e-4466-88a4-d14dd15eb960/datanode-9/meta/datanode.id
2019-09-26 18:20:33,266 [main] INFO  ozone.MiniOzoneClusterImpl (MiniOzoneClusterImpl.java:lambda$waitForClusterToBeReady$0(147)) - Waiting for cluster to be ready. Got 0 of 10 DN Heartbeats.
2019-09-26 18:20:33,594 [Datanode State Machine Thread - 0] INFO  ozoneimpl.OzoneContainer (OzoneContainer.java:start(217)) - Attempting to start container services.
2019-09-26 18:20:33,596 [Datanode State Machine Thread - 0] INFO  ozoneimpl.OzoneContainer (OzoneContainer.java:startContainerScrub(179)) - Background container scanner has been disabled.
2019-09-26 18:20:33,596 [Datanode State Machine Thread - 0] INFO  ratis.XceiverServerRatis (XceiverServerRatis.java:start(411)) - Starting XceiverServerRatis a97db397-b1f1-4b99-87cc-fea8e8393d8a at port 0
2019-09-26 18:20:33,622 [Datanode State Machine Thread - 0] INFO  impl.RaftServerProxy (RaftServerProxy.java:lambda$start$3(299)) - a97db397-b1f1-4b99-87cc-fea8e8393d8a: start RPC server
2019-09-26 18:20:33,644 [Datanode State Machine Thread - 0] INFO  ozoneimpl.OzoneContainer (OzoneContainer.java:start(217)) - Attempting to start container services.
2019-09-26 18:20:33,653 [Datanode State Machine Thread - 0] INFO  ozoneimpl.OzoneContainer (OzoneContainer.java:startContainerScrub(179)) - Background container scanner has been disabled.
2019-09-26 18:20:33,653 [Datanode State Machine Thread - 0] INFO  ratis.XceiverServerRatis (XceiverServerRatis.java:start(411)) - Starting XceiverServerRatis ec22b462-faa7-446e-b905-d6083fd751dd at port 0
2019-09-26 18:20:33,665 [Datanode State Machine Thread - 0] INFO  impl.RaftServerProxy (RaftServerProxy.java:lambda$start$3(299)) - ec22b462-faa7-446e-b905-d6083fd751dd: start RPC server
2019-09-26 18:20:33,720 [Datanode State Machine Thread - 0] INFO  ozoneimpl.OzoneContainer (OzoneContainer.java:start(217)) - Attempting to start container services.
2019-09-26 18:20:33,720 [Datanode State Machine Thread - 0] INFO  ozoneimpl.OzoneContainer (OzoneContainer.java:startContainerScrub(179)) - Background container scanner has been disabled.
2019-09-26 18:20:33,720 [Datanode State Machine Thread - 0] INFO  ratis.XceiverServerRatis (XceiverServerRatis.java:start(411)) - Starting XceiverServerRatis 2f4b2a07-0a7a-46e2-b6cf-45c85d46ba30 at port 0
2019-09-26 18:20:33,729 [Datanode State Machine Thread - 0] INFO  impl.RaftServerProxy (RaftServerProxy.java:lambda$start$3(299)) - 2f4b2a07-0a7a-46e2-b6cf-45c85d46ba30: start RPC server
2019-09-26 18:20:33,802 [Datanode State Machine Thread - 0] INFO  server.GrpcService (GrpcService.java:startImpl(158)) - a97db397-b1f1-4b99-87cc-fea8e8393d8a: GrpcService started, listening on 0.0.0.0/0.0.0.0:44695
2019-09-26 18:20:33,802 [Datanode State Machine Thread - 0] INFO  server.GrpcService (GrpcService.java:startImpl(158)) - 2f4b2a07-0a7a-46e2-b6cf-45c85d46ba30: GrpcService started, listening on 0.0.0.0/0.0.0.0:37570
2019-09-26 18:20:33,802 [Datanode State Machine Thread - 0] INFO  server.GrpcService (GrpcService.java:startImpl(158)) - ec22b462-faa7-446e-b905-d6083fd751dd: GrpcService started, listening on 0.0.0.0/0.0.0.0:42096
2019-09-26 18:20:33,803 [Datanode State Machine Thread - 0] INFO  ratis.XceiverServerRatis (XceiverServerRatis.java:start(421)) - XceiverServerRatis 2f4b2a07-0a7a-46e2-b6cf-45c85d46ba30 is started using port 37570
2019-09-26 18:20:33,803 [Datanode State Machine Thread - 0] INFO  ratis.XceiverServerRatis (XceiverServerRatis.java:start(421)) - XceiverServerRatis a97db397-b1f1-4b99-87cc-fea8e8393d8a is started using port 44695
2019-09-26 18:20:33,803 [Datanode State Machine Thread - 0] INFO  ratis.XceiverServerRatis (XceiverServerRatis.java:start(421)) - XceiverServerRatis ec22b462-faa7-446e-b905-d6083fd751dd is started using port 42096
2019-09-26 18:20:33,804 [Datanode State Machine Thread - 0] INFO  ozoneimpl.OzoneContainer (OzoneContainer.java:start(217)) - Attempting to start container services.
2019-09-26 18:20:33,805 [Datanode State Machine Thread - 0] INFO  ozoneimpl.OzoneContainer (OzoneContainer.java:startContainerScrub(179)) - Background container scanner has been disabled.
2019-09-26 18:20:33,805 [Datanode State Machine Thread - 0] INFO  ratis.XceiverServerRatis (XceiverServerRatis.java:start(411)) - Starting XceiverServerRatis cdae5251-09d5-44f4-b358-655664201067 at port 0
2019-09-26 18:20:33,813 [Datanode State Machine Thread - 0] INFO  server.XceiverServerGrpc (XceiverServerGrpc.java:start(149)) - XceiverServerGrpc 2f4b2a07-0a7a-46e2-b6cf-45c85d46ba30 is started using port 38764
2019-09-26 18:20:33,813 [Datanode State Machine Thread - 0] INFO  server.XceiverServerGrpc (XceiverServerGrpc.java:start(149)) - XceiverServerGrpc ec22b462-faa7-446e-b905-d6083fd751dd is started using port 37620
2019-09-26 18:20:33,813 [Datanode State Machine Thread - 0] INFO  server.XceiverServerGrpc (XceiverServerGrpc.java:start(149)) - XceiverServerGrpc a97db397-b1f1-4b99-87cc-fea8e8393d8a is started using port 41994
2019-09-26 18:20:33,832 [Datanode State Machine Thread - 0] INFO  impl.RaftServerProxy (RaftServerProxy.java:lambda$start$3(299)) - cdae5251-09d5-44f4-b358-655664201067: start RPC server
2019-09-26 18:20:33,835 [Datanode State Machine Thread - 0] INFO  server.GrpcService (GrpcService.java:startImpl(158)) - cdae5251-09d5-44f4-b358-655664201067: GrpcService started, listening on 0.0.0.0/0.0.0.0:36748
2019-09-26 18:20:33,835 [Datanode State Machine Thread - 0] INFO  ratis.XceiverServerRatis (XceiverServerRatis.java:start(421)) - XceiverServerRatis cdae5251-09d5-44f4-b358-655664201067 is started using port 36748
2019-09-26 18:20:33,838 [Datanode State Machine Thread - 0] INFO  server.XceiverServerGrpc (XceiverServerGrpc.java:start(149)) - XceiverServerGrpc cdae5251-09d5-44f4-b358-655664201067 is started using port 45940
2019-09-26 18:20:33,871 [Datanode State Machine Thread - 0] INFO  ozoneimpl.OzoneContainer (OzoneContainer.java:start(217)) - Attempting to start container services.
2019-09-26 18:20:33,871 [Datanode State Machine Thread - 0] INFO  ozoneimpl.OzoneContainer (OzoneContainer.java:startContainerScrub(179)) - Background container scanner has been disabled.
2019-09-26 18:20:33,871 [Datanode State Machine Thread - 0] INFO  ratis.XceiverServerRatis (XceiverServerRatis.java:start(411)) - Starting XceiverServerRatis bae3409c-6898-459a-9ead-f389836c7215 at port 0
2019-09-26 18:20:33,881 [Datanode State Machine Thread - 0] INFO  impl.RaftServerProxy (RaftServerProxy.java:lambda$start$3(299)) - bae3409c-6898-459a-9ead-f389836c7215: start RPC server
2019-09-26 18:20:33,884 [Datanode State Machine Thread - 0] INFO  server.GrpcService (GrpcService.java:startImpl(158)) - bae3409c-6898-459a-9ead-f389836c7215: GrpcService started, listening on 0.0.0.0/0.0.0.0:35770
2019-09-26 18:20:33,884 [Datanode State Machine Thread - 0] INFO  ratis.XceiverServerRatis (XceiverServerRatis.java:start(421)) - XceiverServerRatis bae3409c-6898-459a-9ead-f389836c7215 is started using port 35770
2019-09-26 18:20:33,887 [Datanode State Machine Thread - 0] INFO  server.XceiverServerGrpc (XceiverServerGrpc.java:start(149)) - XceiverServerGrpc bae3409c-6898-459a-9ead-f389836c7215 is started using port 35933
2019-09-26 18:20:33,945 [Datanode State Machine Thread - 0] INFO  ozoneimpl.OzoneContainer (OzoneContainer.java:start(217)) - Attempting to start container services.
2019-09-26 18:20:33,945 [Datanode State Machine Thread - 0] INFO  ozoneimpl.OzoneContainer (OzoneContainer.java:startContainerScrub(179)) - Background container scanner has been disabled.
2019-09-26 18:20:33,946 [Datanode State Machine Thread - 0] INFO  ratis.XceiverServerRatis (XceiverServerRatis.java:start(411)) - Starting XceiverServerRatis 928b8ca6-1d06-472f-9df7-59380a31cc4f at port 0
2019-09-26 18:20:33,954 [Datanode State Machine Thread - 0] INFO  impl.RaftServerProxy (RaftServerProxy.java:lambda$start$3(299)) - 928b8ca6-1d06-472f-9df7-59380a31cc4f: start RPC server
2019-09-26 18:20:33,959 [Datanode State Machine Thread - 0] INFO  server.GrpcService (GrpcService.java:startImpl(158)) - 928b8ca6-1d06-472f-9df7-59380a31cc4f: GrpcService started, listening on 0.0.0.0/0.0.0.0:42208
2019-09-26 18:20:33,959 [Datanode State Machine Thread - 0] INFO  ratis.XceiverServerRatis (XceiverServerRatis.java:start(421)) - XceiverServerRatis 928b8ca6-1d06-472f-9df7-59380a31cc4f is started using port 42208
2019-09-26 18:20:33,963 [Datanode State Machine Thread - 0] INFO  server.XceiverServerGrpc (XceiverServerGrpc.java:start(149)) - XceiverServerGrpc 928b8ca6-1d06-472f-9df7-59380a31cc4f is started using port 36769
2019-09-26 18:20:34,022 [Datanode State Machine Thread - 0] INFO  ozoneimpl.OzoneContainer (OzoneContainer.java:start(217)) - Attempting to start container services.
2019-09-26 18:20:34,022 [Datanode State Machine Thread - 0] INFO  ozoneimpl.OzoneContainer (OzoneContainer.java:startContainerScrub(179)) - Background container scanner has been disabled.
2019-09-26 18:20:34,022 [Datanode State Machine Thread - 0] INFO  ratis.XceiverServerRatis (XceiverServerRatis.java:start(411)) - Starting XceiverServerRatis 6c2fb94c-a365-43b2-bbf6-b1ef1568b50c at port 0
2019-09-26 18:20:34,032 [Datanode State Machine Thread - 0] INFO  impl.RaftServerProxy (RaftServerProxy.java:lambda$start$3(299)) - 6c2fb94c-a365-43b2-bbf6-b1ef1568b50c: start RPC server
2019-09-26 18:20:34,037 [Datanode State Machine Thread - 0] INFO  server.GrpcService (GrpcService.java:startImpl(158)) - 6c2fb94c-a365-43b2-bbf6-b1ef1568b50c: GrpcService started, listening on 0.0.0.0/0.0.0.0:46404
2019-09-26 18:20:34,037 [Datanode State Machine Thread - 0] INFO  ratis.XceiverServerRatis (XceiverServerRatis.java:start(421)) - XceiverServerRatis 6c2fb94c-a365-43b2-bbf6-b1ef1568b50c is started using port 46404
2019-09-26 18:20:34,044 [Datanode State Machine Thread - 0] INFO  server.XceiverServerGrpc (XceiverServerGrpc.java:start(149)) - XceiverServerGrpc 6c2fb94c-a365-43b2-bbf6-b1ef1568b50c is started using port 35747
2019-09-26 18:20:34,114 [Datanode State Machine Thread - 0] INFO  ozoneimpl.OzoneContainer (OzoneContainer.java:start(217)) - Attempting to start container services.
2019-09-26 18:20:34,115 [Datanode State Machine Thread - 0] INFO  ozoneimpl.OzoneContainer (OzoneContainer.java:startContainerScrub(179)) - Background container scanner has been disabled.
2019-09-26 18:20:34,115 [Datanode State Machine Thread - 0] INFO  ratis.XceiverServerRatis (XceiverServerRatis.java:start(411)) - Starting XceiverServerRatis 6d4b3972-949b-4922-a608-4c13a92fd060 at port 0
2019-09-26 18:20:34,131 [Datanode State Machine Thread - 0] INFO  impl.RaftServerProxy (RaftServerProxy.java:lambda$start$3(299)) - 6d4b3972-949b-4922-a608-4c13a92fd060: start RPC server
2019-09-26 18:20:34,136 [Datanode State Machine Thread - 0] INFO  server.GrpcService (GrpcService.java:startImpl(158)) - 6d4b3972-949b-4922-a608-4c13a92fd060: GrpcService started, listening on 0.0.0.0/0.0.0.0:34362
2019-09-26 18:20:34,136 [Datanode State Machine Thread - 0] INFO  ratis.XceiverServerRatis (XceiverServerRatis.java:start(421)) - XceiverServerRatis 6d4b3972-949b-4922-a608-4c13a92fd060 is started using port 34362
2019-09-26 18:20:34,141 [Datanode State Machine Thread - 0] INFO  server.XceiverServerGrpc (XceiverServerGrpc.java:start(149)) - XceiverServerGrpc 6d4b3972-949b-4922-a608-4c13a92fd060 is started using port 38197
2019-09-26 18:20:34,203 [Datanode State Machine Thread - 0] INFO  ozoneimpl.OzoneContainer (OzoneContainer.java:start(217)) - Attempting to start container services.
2019-09-26 18:20:34,203 [Datanode State Machine Thread - 0] INFO  ozoneimpl.OzoneContainer (OzoneContainer.java:startContainerScrub(179)) - Background container scanner has been disabled.
2019-09-26 18:20:34,204 [Datanode State Machine Thread - 0] INFO  ratis.XceiverServerRatis (XceiverServerRatis.java:start(411)) - Starting XceiverServerRatis 93947204-6523-4053-8a53-59a9107be111 at port 0
2019-09-26 18:20:34,215 [Datanode State Machine Thread - 0] INFO  impl.RaftServerProxy (RaftServerProxy.java:lambda$start$3(299)) - 93947204-6523-4053-8a53-59a9107be111: start RPC server
2019-09-26 18:20:34,222 [Datanode State Machine Thread - 0] INFO  server.GrpcService (GrpcService.java:startImpl(158)) - 93947204-6523-4053-8a53-59a9107be111: GrpcService started, listening on 0.0.0.0/0.0.0.0:37418
2019-09-26 18:20:34,222 [Datanode State Machine Thread - 0] INFO  ratis.XceiverServerRatis (XceiverServerRatis.java:start(421)) - XceiverServerRatis 93947204-6523-4053-8a53-59a9107be111 is started using port 37418
2019-09-26 18:20:34,238 [Datanode State Machine Thread - 0] INFO  server.XceiverServerGrpc (XceiverServerGrpc.java:start(149)) - XceiverServerGrpc 93947204-6523-4053-8a53-59a9107be111 is started using port 34967
2019-09-26 18:20:34,267 [main] INFO  ozone.MiniOzoneClusterImpl (MiniOzoneClusterImpl.java:lambda$waitForClusterToBeReady$0(147)) - Waiting for cluster to be ready. Got 0 of 10 DN Heartbeats.
2019-09-26 18:20:34,284 [Datanode State Machine Thread - 0] INFO  ozoneimpl.OzoneContainer (OzoneContainer.java:start(217)) - Attempting to start container services.
2019-09-26 18:20:34,284 [Datanode State Machine Thread - 0] INFO  ozoneimpl.OzoneContainer (OzoneContainer.java:startContainerScrub(179)) - Background container scanner has been disabled.
2019-09-26 18:20:34,284 [Datanode State Machine Thread - 0] INFO  ratis.XceiverServerRatis (XceiverServerRatis.java:start(411)) - Starting XceiverServerRatis fa9f2368-1bb6-42af-a1bb-0ecd29289437 at port 0
2019-09-26 18:20:34,348 [Datanode State Machine Thread - 0] INFO  impl.RaftServerProxy (RaftServerProxy.java:lambda$start$3(299)) - fa9f2368-1bb6-42af-a1bb-0ecd29289437: start RPC server
2019-09-26 18:20:34,357 [Datanode State Machine Thread - 0] INFO  server.GrpcService (GrpcService.java:startImpl(158)) - fa9f2368-1bb6-42af-a1bb-0ecd29289437: GrpcService started, listening on 0.0.0.0/0.0.0.0:39317
2019-09-26 18:20:34,361 [Datanode State Machine Thread - 0] INFO  ratis.XceiverServerRatis (XceiverServerRatis.java:start(421)) - XceiverServerRatis fa9f2368-1bb6-42af-a1bb-0ecd29289437 is started using port 39317
2019-09-26 18:20:34,429 [Datanode State Machine Thread - 0] INFO  server.XceiverServerGrpc (XceiverServerGrpc.java:start(149)) - XceiverServerGrpc fa9f2368-1bb6-42af-a1bb-0ecd29289437 is started using port 42831
2019-09-26 18:20:35,267 [main] INFO  ozone.MiniOzoneClusterImpl (MiniOzoneClusterImpl.java:lambda$waitForClusterToBeReady$0(147)) - Waiting for cluster to be ready. Got 0 of 10 DN Heartbeats.
2019-09-26 18:20:35,566 [IPC Server handler 7 on 40953] INFO  net.NetworkTopology (NetworkTopologyImpl.java:add(111)) - Added a new node: /default-rack/a97db397-b1f1-4b99-87cc-fea8e8393d8a
2019-09-26 18:20:35,566 [IPC Server handler 7 on 40953] INFO  node.SCMNodeManager (SCMNodeManager.java:register(266)) - Registered Data node : a97db397-b1f1-4b99-87cc-fea8e8393d8a{ip: 192.168.157.234, host: pr-hdds-2162-htzpk-1451759861, networkLocation: /default-rack, certSerialId: null}
2019-09-26 18:20:35,575 [EventQueue-NodeRegistrationContainerReportForDataNodeSafeModeRule] INFO  safemode.SCMSafeModeManager (DataNodeSafeModeRule.java:process(71)) - SCM in safe mode. 1 DataNodes registered, 1 required.
2019-09-26 18:20:35,576 [EventQueue-NodeRegistrationContainerReportForDataNodeSafeModeRule] INFO  safemode.SCMSafeModeManager (SCMSafeModeManager.java:validateSafeModeExitRules(177)) - ScmSafeModeManager, all rules are successfully validated
2019-09-26 18:20:35,576 [EventQueue-NodeRegistrationContainerReportForDataNodeSafeModeRule] INFO  safemode.SCMSafeModeManager (SCMSafeModeManager.java:exitSafeMode(193)) - SCM exiting safe mode.
2019-09-26 18:20:35,621 [IPC Server handler 9 on 40953] INFO  net.NetworkTopology (NetworkTopologyImpl.java:add(111)) - Added a new node: /default-rack/ec22b462-faa7-446e-b905-d6083fd751dd
2019-09-26 18:20:35,621 [IPC Server handler 9 on 40953] INFO  node.SCMNodeManager (SCMNodeManager.java:register(266)) - Registered Data node : ec22b462-faa7-446e-b905-d6083fd751dd{ip: 192.168.157.234, host: pr-hdds-2162-htzpk-1451759861, networkLocation: /default-rack, certSerialId: null}
2019-09-26 18:20:35,709 [IPC Server handler 2 on 40953] INFO  net.NetworkTopology (NetworkTopologyImpl.java:add(111)) - Added a new node: /default-rack/2f4b2a07-0a7a-46e2-b6cf-45c85d46ba30
2019-09-26 18:20:35,709 [IPC Server handler 2 on 40953] INFO  node.SCMNodeManager (SCMNodeManager.java:register(266)) - Registered Data node : 2f4b2a07-0a7a-46e2-b6cf-45c85d46ba30{ip: 192.168.157.234, host: pr-hdds-2162-htzpk-1451759861, networkLocation: /default-rack, certSerialId: null}
2019-09-26 18:20:35,788 [IPC Server handler 1 on 40953] INFO  net.NetworkTopology (NetworkTopologyImpl.java:add(111)) - Added a new node: /default-rack/cdae5251-09d5-44f4-b358-655664201067
2019-09-26 18:20:35,788 [IPC Server handler 1 on 40953] INFO  node.SCMNodeManager (SCMNodeManager.java:register(266)) - Registered Data node : cdae5251-09d5-44f4-b358-655664201067{ip: 192.168.157.234, host: pr-hdds-2162-htzpk-1451759861, networkLocation: /default-rack, certSerialId: null}
2019-09-26 18:20:35,862 [IPC Server handler 4 on 40953] INFO  net.NetworkTopology (NetworkTopologyImpl.java:add(111)) - Added a new node: /default-rack/bae3409c-6898-459a-9ead-f389836c7215
2019-09-26 18:20:35,862 [IPC Server handler 4 on 40953] INFO  node.SCMNodeManager (SCMNodeManager.java:register(266)) - Registered Data node : bae3409c-6898-459a-9ead-f389836c7215{ip: 192.168.157.234, host: pr-hdds-2162-htzpk-1451759861, networkLocation: /default-rack, certSerialId: null}
2019-09-26 18:20:35,934 [IPC Server handler 5 on 40953] INFO  net.NetworkTopology (NetworkTopologyImpl.java:add(111)) - Added a new node: /default-rack/928b8ca6-1d06-472f-9df7-59380a31cc4f
2019-09-26 18:20:35,935 [IPC Server handler 5 on 40953] INFO  node.SCMNodeManager (SCMNodeManager.java:register(266)) - Registered Data node : 928b8ca6-1d06-472f-9df7-59380a31cc4f{ip: 192.168.157.234, host: pr-hdds-2162-htzpk-1451759861, networkLocation: /default-rack, certSerialId: null}
2019-09-26 18:20:36,020 [IPC Server handler 3 on 40953] INFO  net.NetworkTopology (NetworkTopologyImpl.java:add(111)) - Added a new node: /default-rack/6c2fb94c-a365-43b2-bbf6-b1ef1568b50c
2019-09-26 18:20:36,020 [IPC Server handler 3 on 40953] INFO  node.SCMNodeManager (SCMNodeManager.java:register(266)) - Registered Data node : 6c2fb94c-a365-43b2-bbf6-b1ef1568b50c{ip: 192.168.157.234, host: pr-hdds-2162-htzpk-1451759861, networkLocation: /default-rack, certSerialId: null}
2019-09-26 18:20:36,102 [IPC Server handler 6 on 40953] INFO  net.NetworkTopology (NetworkTopologyImpl.java:add(111)) - Added a new node: /default-rack/6d4b3972-949b-4922-a608-4c13a92fd060
2019-09-26 18:20:36,102 [IPC Server handler 6 on 40953] INFO  node.SCMNodeManager (SCMNodeManager.java:register(266)) - Registered Data node : 6d4b3972-949b-4922-a608-4c13a92fd060{ip: 192.168.157.234, host: pr-hdds-2162-htzpk-1451759861, networkLocation: /default-rack, certSerialId: null}
2019-09-26 18:20:36,191 [IPC Server handler 8 on 40953] INFO  net.NetworkTopology (NetworkTopologyImpl.java:add(111)) - Added a new node: /default-rack/93947204-6523-4053-8a53-59a9107be111
2019-09-26 18:20:36,191 [IPC Server handler 8 on 40953] INFO  node.SCMNodeManager (SCMNodeManager.java:register(266)) - Registered Data node : 93947204-6523-4053-8a53-59a9107be111{ip: 192.168.157.234, host: pr-hdds-2162-htzpk-1451759861, networkLocation: /default-rack, certSerialId: null}
2019-09-26 18:20:36,234 [grpc-default-executor-0] INFO  impl.RaftServerProxy (RaftServerProxy.java:addNew(89)) - a97db397-b1f1-4b99-87cc-fea8e8393d8a: addNew group-250841D7D363:[a97db397-b1f1-4b99-87cc-fea8e8393d8a:192.168.157.234:44695] returns group-250841D7D363:java.util.concurrent.CompletableFuture@107cc8f9[Not completed]
2019-09-26 18:20:36,273 [main] INFO  ozone.MiniOzoneClusterImpl (MiniOzoneClusterImpl.java:lambda$waitForClusterToBeReady$0(147)) - Waiting for cluster to be ready. Got 9 of 10 DN Heartbeats.
2019-09-26 18:20:36,289 [IPC Server handler 7 on 40953] INFO  net.NetworkTopology (NetworkTopologyImpl.java:add(111)) - Added a new node: /default-rack/fa9f2368-1bb6-42af-a1bb-0ecd29289437
2019-09-26 18:20:36,290 [IPC Server handler 7 on 40953] INFO  node.SCMNodeManager (SCMNodeManager.java:register(266)) - Registered Data node : fa9f2368-1bb6-42af-a1bb-0ecd29289437{ip: 192.168.157.234, host: pr-hdds-2162-htzpk-1451759861, networkLocation: /default-rack, certSerialId: null}
2019-09-26 18:20:36,300 [pool-27-thread-1] INFO  impl.RaftServerImpl (RaftServerImpl.java:<init>(95)) - a97db397-b1f1-4b99-87cc-fea8e8393d8a: new RaftServerImpl for group-250841D7D363:[a97db397-b1f1-4b99-87cc-fea8e8393d8a:192.168.157.234:44695] with ContainerStateMachine:uninitialized
2019-09-26 18:20:36,302 [pool-27-thread-1] INFO  server.RaftServerConfigKeys (ConfUtils.java:logGet(43)) - raft.server.rpc.timeout.min = 5s (custom)
2019-09-26 18:20:36,304 [pool-27-thread-1] INFO  server.RaftServerConfigKeys (ConfUtils.java:logGet(43)) - raft.server.rpc.timeout.max = 5200ms (custom)
2019-09-26 18:20:36,304 [pool-27-thread-1] INFO  server.RaftServerConfigKeys (ConfUtils.java:logGet(43)) - raft.server.rpcslowness.timeout = 120s (custom)
2019-09-26 18:20:36,305 [pool-27-thread-1] INFO  server.RaftServerConfigKeys (ConfUtils.java:logGet(43)) - raft.server.sleep.deviation.threshold = 300 (default)
2019-09-26 18:20:36,306 [pool-27-thread-1] INFO  server.RaftServerConfigKeys (ConfUtils.java:logGet(43)) - raft.server.log.appender.install.snapshot.enabled = false (custom)
2019-09-26 18:20:36,315 [pool-27-thread-1] INFO  impl.RaftServerImpl (ServerState.java:<init>(103)) - a97db397-b1f1-4b99-87cc-fea8e8393d8a@group-250841D7D363: ConfigurationManager, init=-1: [a97db397-b1f1-4b99-87cc-fea8e8393d8a:192.168.157.234:44695], old=null, confs=<EMPTY_MAP>
2019-09-26 18:20:36,316 [pool-27-thread-1] INFO  server.RaftServerConfigKeys (ConfUtils.java:logGet(43)) - raft.server.storage.dir = [/workdir/hadoop-ozone/ozonefs/target/test-dir/MiniOzoneClusterImpl-4cd181c8-bc9e-4466-88a4-d14dd15eb960/datanode-0/data/ratis] (custom)
2019-09-26 18:20:36,324 [pool-27-thread-1] INFO  storage.RaftStorageDirectory (RaftStorageDirectory.java:analyzeStorage(246)) - The storage directory /workdir/hadoop-ozone/ozonefs/target/test-dir/MiniOzoneClusterImpl-4cd181c8-bc9e-4466-88a4-d14dd15eb960/datanode-0/data/ratis/b7fe21e0-f349-42d8-9d31-250841d7d363 does not exist. Creating ...
2019-09-26 18:20:36,342 [pool-27-thread-1] INFO  storage.RaftStorageDirectory (RaftStorageDirectory.java:tryLock(328)) - Lock on /workdir/hadoop-ozone/ozonefs/target/test-dir/MiniOzoneClusterImpl-4cd181c8-bc9e-4466-88a4-d14dd15eb960/datanode-0/data/ratis/b7fe21e0-f349-42d8-9d31-250841d7d363/in_use.lock acquired by nodename 12203@pr-hdds-2162-htzpk-1451759861
2019-09-26 18:20:36,358 [pool-27-thread-1] INFO  storage.RaftStorage (RaftStorage.java:format(72)) - Storage directory /workdir/hadoop-ozone/ozonefs/target/test-dir/MiniOzoneClusterImpl-4cd181c8-bc9e-4466-88a4-d14dd15eb960/datanode-0/data/ratis/b7fe21e0-f349-42d8-9d31-250841d7d363 has been successfully formatted.
2019-09-26 18:20:36,362 [pool-27-thread-1] INFO  ratis.ContainerStateMachine (ContainerStateMachine.java:loadSnapshot(230)) - group-250841D7D363: The snapshot info is null. Setting the last applied indexto:(t:0, i:~)
2019-09-26 18:20:36,362 [pool-27-thread-1] INFO  server.RaftServerConfigKeys (ConfUtils.java:logGet(43)) - raft.server.notification.no-leader.timeout = 120s (custom)
2019-09-26 18:20:36,365 [pool-27-thread-1] INFO  server.RaftServerConfigKeys (ConfUtils.java:logGet(43)) - raft.server.log.use.memory = false (default)
2019-09-26 18:20:36,374 [pool-27-thread-1] INFO  server.RaftServerConfigKeys (ConfUtils.java:logGet(43)) - raft.server.log.purge.gap = 1000000 (custom)
2019-09-26 18:20:36,374 [pool-27-thread-1] INFO  server.RaftServerConfigKeys (ConfUtils.java:logGet(43)) - raft.server.log.appender.buffer.byte-limit = 33554432 (custom)
2019-09-26 18:20:36,378 [pool-27-thread-1] INFO  server.RaftServerConfigKeys (ConfUtils.java:logGet(43)) - raft.server.log.segment.size.max = 1048576 (custom)
2019-09-26 18:20:36,384 [pool-27-thread-1] INFO  server.RaftServerConfigKeys (ConfUtils.java:logGet(43)) - raft.server.log.segment.cache.num.max = 2 (custom)
2019-09-26 18:20:36,392 [pool-27-thread-1] INFO  segmented.SegmentedRaftLogWorker (SegmentedRaftLogWorker.java:<init>(172)) - new a97db397-b1f1-4b99-87cc-fea8e8393d8a@group-250841D7D363-SegmentedRaftLogWorker for RaftStorage:Storage Directory /workdir/hadoop-ozone/ozonefs/target/test-dir/MiniOzoneClusterImpl-4cd181c8-bc9e-4466-88a4-d14dd15eb960/datanode-0/data/ratis/b7fe21e0-f349-42d8-9d31-250841d7d363
2019-09-26 18:20:36,394 [pool-27-thread-1] INFO  impl.MetricsSystemImpl (MetricsSystemImpl.java:init(158)) - ratis metrics system started (again)
2019-09-26 18:20:36,403 [pool-27-thread-1] INFO  metrics.MetricRegistries (MetricRegistriesLoader.java:load(64)) - Loaded MetricRegistries class org.apache.ratis.metrics.impl.MetricRegistriesImpl
2019-09-26 18:20:36,440 [pool-27-thread-1] INFO  server.RaftServerConfigKeys (ConfUtils.java:logGet(43)) - raft.server.log.queue.byte-limit = 2147483647 (custom)
2019-09-26 18:20:36,441 [pool-27-thread-1] INFO  server.RaftServerConfigKeys (ConfUtils.java:logGet(43)) - raft.server.log.queue.element-limit = 1024 (custom)
2019-09-26 18:20:36,445 [pool-27-thread-1] INFO  server.RaftServerConfigKeys (ConfUtils.java:logGet(43)) - raft.server.log.segment.size.max = 1048576 (custom)
2019-09-26 18:20:36,445 [pool-27-thread-1] INFO  server.RaftServerConfigKeys (ConfUtils.java:logGet(43)) - raft.server.log.preallocated.size = 16384 (custom)
2019-09-26 18:20:36,446 [pool-27-thread-1] INFO  server.RaftServerConfigKeys (ConfUtils.java:logGet(43)) - raft.server.log.write.buffer.size = 33554432 (custom)
2019-09-26 18:20:36,446 [pool-27-thread-1] INFO  server.RaftServerConfigKeys (ConfUtils.java:logGet(43)) - raft.server.log.force.sync.num = 128 (default)
2019-09-26 18:20:36,447 [pool-27-thread-1] INFO  server.RaftServerConfigKeys (ConfUtils.java:logGet(43)) - raft.server.log.statemachine.data.sync = true (default)
2019-09-26 18:20:36,447 [pool-27-thread-1] INFO  server.RaftServerConfigKeys (ConfUtils.java:logGet(43)) - raft.server.log.statemachine.data.sync.timeout = 10s (default)
2019-09-26 18:20:36,448 [pool-27-thread-1] INFO  server.RaftServerConfigKeys (ConfUtils.java:logGet(43)) - raft.server.log.statemachine.data.sync.timeout.retry = -1 (default)
2019-09-26 18:20:36,461 [pool-27-thread-1] INFO  server.RaftServerConfigKeys (ConfUtils.java:logGet(43)) - raft.server.log.statemachine.data.caching.enabled = true (custom)
2019-09-26 18:20:36,470 [pool-27-thread-1] INFO  segmented.SegmentedRaftLogWorker (SegmentedRaftLogWorker.java:lambda$new$0(132)) - a97db397-b1f1-4b99-87cc-fea8e8393d8a@group-250841D7D363-SegmentedRaftLogWorker: flushIndex: setUnconditionally 0 -> -1
2019-09-26 18:20:36,478 [pool-27-thread-1] INFO  server.RaftServerConfigKeys (ConfUtils.java:logGet(43)) - raft.server.snapshot.auto.trigger.enabled = true (custom)
2019-09-26 18:20:36,479 [pool-27-thread-1] INFO  server.RaftServerConfigKeys (ConfUtils.java:logGet(43)) - raft.server.snapshot.auto.trigger.threshold = 10000 (custom)
2019-09-26 18:20:36,480 [pool-27-thread-1] INFO  server.RaftServerConfigKeys (ConfUtils.java:logGet(43)) - raft.server.snapshot.retention.num.files = 5 (custom)
2019-09-26 18:20:36,481 [pool-27-thread-1] INFO  server.RaftServerConfigKeys (ConfUtils.java:logGet(43)) - raft.server.retrycache.expirytime = 600000ms (custom)
2019-09-26 18:20:36,532 [pool-27-thread-1] INFO  impl.RaftServerImpl (RaftServerImpl.java:start(185)) - a97db397-b1f1-4b99-87cc-fea8e8393d8a@group-250841D7D363: start as a follower, conf=-1: [a97db397-b1f1-4b99-87cc-fea8e8393d8a:192.168.157.234:44695], old=null
2019-09-26 18:20:36,534 [pool-27-thread-1] INFO  impl.RaftServerImpl (RaftServerImpl.java:setRole(174)) - a97db397-b1f1-4b99-87cc-fea8e8393d8a@group-250841D7D363: changes role from      null to FOLLOWER at term 0 for startAsFollower
2019-09-26 18:20:36,536 [pool-27-thread-1] INFO  impl.RoleInfo (RoleInfo.java:updateAndGet(143)) - a97db397-b1f1-4b99-87cc-fea8e8393d8a: start FollowerState
2019-09-26 18:20:36,538 [pool-27-thread-1] INFO  util.JmxRegister (JmxRegister.java:tryRegister(44)) - Successfully registered JMX Bean with object name Ratis:service=RaftServer,group=group-250841D7D363,id=a97db397-b1f1-4b99-87cc-fea8e8393d8a
2019-09-26 18:20:36,629 [RatisPipelineUtilsThread] INFO  pipeline.PipelineStateManager (PipelineStateManager.java:addPipeline(56)) - Created pipeline Pipeline[ Id: b7fe21e0-f349-42d8-9d31-250841d7d363, Nodes: a97db397-b1f1-4b99-87cc-fea8e8393d8a{ip: 192.168.157.234, host: pr-hdds-2162-htzpk-1451759861, networkLocation: /default-rack, certSerialId: null}, Type:RATIS, Factor:ONE, State:OPEN]
2019-09-26 18:20:36,663 [grpc-default-executor-0] INFO  impl.RaftServerProxy (RaftServerProxy.java:addNew(89)) - bae3409c-6898-459a-9ead-f389836c7215: addNew group-F63AEF285D64:[bae3409c-6898-459a-9ead-f389836c7215:192.168.157.234:35770] returns group-F63AEF285D64:java.util.concurrent.CompletableFuture@614ded83[Not completed]
2019-09-26 18:20:36,741 [pool-67-thread-1] INFO  impl.RaftServerImpl (RaftServerImpl.java:<init>(95)) - bae3409c-6898-459a-9ead-f389836c7215: new RaftServerImpl for group-F63AEF285D64:[bae3409c-6898-459a-9ead-f389836c7215:192.168.157.234:35770] with ContainerStateMachine:uninitialized
2019-09-26 18:20:36,743 [pool-67-thread-1] INFO  server.RaftServerConfigKeys (ConfUtils.java:logGet(43)) - raft.server.rpc.timeout.min = 5s (custom)
2019-09-26 18:20:36,743 [pool-67-thread-1] INFO  server.RaftServerConfigKeys (ConfUtils.java:logGet(43)) - raft.server.rpc.timeout.max = 5200ms (custom)
2019-09-26 18:20:36,743 [pool-67-thread-1] INFO  server.RaftServerConfigKeys (ConfUtils.java:logGet(43)) - raft.server.rpcslowness.timeout = 120s (custom)
2019-09-26 18:20:36,743 [pool-67-thread-1] INFO  server.RaftServerConfigKeys (ConfUtils.java:logGet(43)) - raft.server.sleep.deviation.threshold = 300 (default)
2019-09-26 18:20:36,744 [pool-67-thread-1] INFO  server.RaftServerConfigKeys (ConfUtils.java:logGet(43)) - raft.server.log.appender.install.snapshot.enabled = false (custom)
2019-09-26 18:20:36,744 [pool-67-thread-1] INFO  impl.RaftServerImpl (ServerState.java:<init>(103)) - bae3409c-6898-459a-9ead-f389836c7215@group-F63AEF285D64: ConfigurationManager, init=-1: [bae3409c-6898-459a-9ead-f389836c7215:192.168.157.234:35770], old=null, confs=<EMPTY_MAP>
2019-09-26 18:20:36,744 [pool-67-thread-1] INFO  server.RaftServerConfigKeys (ConfUtils.java:logGet(43)) - raft.server.storage.dir = [/workdir/hadoop-ozone/ozonefs/target/test-dir/MiniOzoneClusterImpl-4cd181c8-bc9e-4466-88a4-d14dd15eb960/datanode-4/data/ratis] (custom)
2019-09-26 18:20:36,744 [pool-67-thread-1] INFO  storage.RaftStorageDirectory (RaftStorageDirectory.java:analyzeStorage(246)) - The storage directory /workdir/hadoop-ozone/ozonefs/target/test-dir/MiniOzoneClusterImpl-4cd181c8-bc9e-4466-88a4-d14dd15eb960/datanode-4/data/ratis/ec785e2c-50af-424d-a6cc-f63aef285d64 does not exist. Creating ...
2019-09-26 18:20:36,760 [pool-67-thread-1] INFO  storage.RaftStorageDirectory (RaftStorageDirectory.java:tryLock(328)) - Lock on /workdir/hadoop-ozone/ozonefs/target/test-dir/MiniOzoneClusterImpl-4cd181c8-bc9e-4466-88a4-d14dd15eb960/datanode-4/data/ratis/ec785e2c-50af-424d-a6cc-f63aef285d64/in_use.lock acquired by nodename 12203@pr-hdds-2162-htzpk-1451759861
2019-09-26 18:20:36,773 [pool-67-thread-1] INFO  storage.RaftStorage (RaftStorage.java:format(72)) - Storage directory /workdir/hadoop-ozone/ozonefs/target/test-dir/MiniOzoneClusterImpl-4cd181c8-bc9e-4466-88a4-d14dd15eb960/datanode-4/data/ratis/ec785e2c-50af-424d-a6cc-f63aef285d64 has been successfully formatted.
2019-09-26 18:20:36,775 [pool-67-thread-1] INFO  ratis.ContainerStateMachine (ContainerStateMachine.java:loadSnapshot(230)) - group-F63AEF285D64: The snapshot info is null. Setting the last applied indexto:(t:0, i:~)
2019-09-26 18:20:36,776 [pool-67-thread-1] INFO  server.RaftServerConfigKeys (ConfUtils.java:logGet(43)) - raft.server.notification.no-leader.timeout = 120s (custom)
2019-09-26 18:20:36,777 [pool-67-thread-1] INFO  server.RaftServerConfigKeys (ConfUtils.java:logGet(43)) - raft.server.log.use.memory = false (default)
2019-09-26 18:20:36,777 [pool-67-thread-1] INFO  server.RaftServerConfigKeys (ConfUtils.java:logGet(43)) - raft.server.log.purge.gap = 1000000 (custom)
2019-09-26 18:20:36,777 [pool-67-thread-1] INFO  server.RaftServerConfigKeys (ConfUtils.java:logGet(43)) - raft.server.log.appender.buffer.byte-limit = 33554432 (custom)
2019-09-26 18:20:36,777 [pool-67-thread-1] INFO  server.RaftServerConfigKeys (ConfUtils.java:logGet(43)) - raft.server.log.segment.size.max = 1048576 (custom)
2019-09-26 18:20:36,777 [pool-67-thread-1] INFO  server.RaftServerConfigKeys (ConfUtils.java:logGet(43)) - raft.server.log.segment.cache.num.max = 2 (custom)
2019-09-26 18:20:36,778 [pool-67-thread-1] INFO  segmented.SegmentedRaftLogWorker (SegmentedRaftLogWorker.java:<init>(172)) - new bae3409c-6898-459a-9ead-f389836c7215@group-F63AEF285D64-SegmentedRaftLogWorker for RaftStorage:Storage Directory /workdir/hadoop-ozone/ozonefs/target/test-dir/MiniOzoneClusterImpl-4cd181c8-bc9e-4466-88a4-d14dd15eb960/datanode-4/data/ratis/ec785e2c-50af-424d-a6cc-f63aef285d64
2019-09-26 18:20:36,785 [pool-67-thread-1] INFO  server.RaftServerConfigKeys (ConfUtils.java:logGet(43)) - raft.server.log.queue.byte-limit = 2147483647 (custom)
2019-09-26 18:20:36,786 [pool-67-thread-1] INFO  server.RaftServerConfigKeys (ConfUtils.java:logGet(43)) - raft.server.log.queue.element-limit = 1024 (custom)
2019-09-26 18:20:36,786 [pool-67-thread-1] INFO  server.RaftServerConfigKeys (ConfUtils.java:logGet(43)) - raft.server.log.segment.size.max = 1048576 (custom)
2019-09-26 18:20:36,786 [pool-67-thread-1] INFO  server.RaftServerConfigKeys (ConfUtils.java:logGet(43)) - raft.server.log.preallocated.size = 16384 (custom)
2019-09-26 18:20:36,786 [pool-67-thread-1] INFO  server.RaftServerConfigKeys (ConfUtils.java:logGet(43)) - raft.server.log.write.buffer.size = 33554432 (custom)
2019-09-26 18:20:36,786 [pool-67-thread-1] INFO  server.RaftServerConfigKeys (ConfUtils.java:logGet(43)) - raft.server.log.force.sync.num = 128 (default)
2019-09-26 18:20:36,787 [pool-67-thread-1] INFO  server.RaftServerConfigKeys (ConfUtils.java:logGet(43)) - raft.server.log.statemachine.data.sync = true (default)
2019-09-26 18:20:36,787 [pool-67-thread-1] INFO  server.RaftServerConfigKeys (ConfUtils.java:logGet(43)) - raft.server.log.statemachine.data.sync.timeout = 10s (default)
2019-09-26 18:20:36,787 [pool-67-thread-1] INFO  server.RaftServerConfigKeys (ConfUtils.java:logGet(43)) - raft.server.log.statemachine.data.sync.timeout.retry = -1 (default)
2019-09-26 18:20:36,788 [pool-67-thread-1] INFO  server.RaftServerConfigKeys (ConfUtils.java:logGet(43)) - raft.server.log.statemachine.data.caching.enabled = true (custom)
2019-09-26 18:20:36,788 [pool-67-thread-1] INFO  segmented.SegmentedRaftLogWorker (SegmentedRaftLogWorker.java:lambda$new$0(132)) - bae3409c-6898-459a-9ead-f389836c7215@group-F63AEF285D64-SegmentedRaftLogWorker: flushIndex: setUnconditionally 0 -> -1
2019-09-26 18:20:36,788 [pool-67-thread-1] INFO  server.RaftServerConfigKeys (ConfUtils.java:logGet(43)) - raft.server.snapshot.auto.trigger.enabled = true (custom)
2019-09-26 18:20:36,789 [pool-67-thread-1] INFO  server.RaftServerConfigKeys (ConfUtils.java:logGet(43)) - raft.server.snapshot.auto.trigger.threshold = 10000 (custom)
2019-09-26 18:20:36,789 [pool-67-thread-1] INFO  server.RaftServerConfigKeys (ConfUtils.java:logGet(43)) - raft.server.snapshot.retention.num.files = 5 (custom)
2019-09-26 18:20:36,789 [pool-67-thread-1] INFO  server.RaftServerConfigKeys (ConfUtils.java:logGet(43)) - raft.server.retrycache.expirytime = 600000ms (custom)
2019-09-26 18:20:36,795 [pool-67-thread-1] INFO  impl.RaftServerImpl (RaftServerImpl.java:start(185)) - bae3409c-6898-459a-9ead-f389836c7215@group-F63AEF285D64: start as a follower, conf=-1: [bae3409c-6898-459a-9ead-f389836c7215:192.168.157.234:35770], old=null
2019-09-26 18:20:36,795 [pool-67-thread-1] INFO  impl.RaftServerImpl (RaftServerImpl.java:setRole(174)) - bae3409c-6898-459a-9ead-f389836c7215@group-F63AEF285D64: changes role from      null to FOLLOWER at term 0 for startAsFollower
2019-09-26 18:20:36,795 [pool-67-thread-1] INFO  impl.RoleInfo (RoleInfo.java:updateAndGet(143)) - bae3409c-6898-459a-9ead-f389836c7215: start FollowerState
2019-09-26 18:20:36,797 [pool-67-thread-1] INFO  util.JmxRegister (JmxRegister.java:tryRegister(44)) - Successfully registered JMX Bean with object name Ratis:service=RaftServer,group=group-F63AEF285D64,id=bae3409c-6898-459a-9ead-f389836c7215
2019-09-26 18:20:36,813 [RatisPipelineUtilsThread] INFO  pipeline.PipelineStateManager (PipelineStateManager.java:addPipeline(56)) - Created pipeline Pipeline[ Id: ec785e2c-50af-424d-a6cc-f63aef285d64, Nodes: bae3409c-6898-459a-9ead-f389836c7215{ip: 192.168.157.234, host: pr-hdds-2162-htzpk-1451759861, networkLocation: /default-rack, certSerialId: null}, Type:RATIS, Factor:ONE, State:OPEN]
2019-09-26 18:20:36,836 [grpc-default-executor-0] INFO  impl.RaftServerProxy (RaftServerProxy.java:addNew(89)) - 93947204-6523-4053-8a53-59a9107be111: addNew group-BBAF7B207632:[93947204-6523-4053-8a53-59a9107be111:192.168.157.234:37418] returns group-BBAF7B207632:java.util.concurrent.CompletableFuture@319918f5[Not completed]
2019-09-26 18:20:36,869 [pool-107-thread-1] INFO  impl.RaftServerImpl (RaftServerImpl.java:<init>(95)) - 93947204-6523-4053-8a53-59a9107be111: new RaftServerImpl for group-BBAF7B207632:[93947204-6523-4053-8a53-59a9107be111:192.168.157.234:37418] with ContainerStateMachine:uninitialized
2019-09-26 18:20:36,869 [pool-107-thread-1] INFO  server.RaftServerConfigKeys (ConfUtils.java:logGet(43)) - raft.server.rpc.timeout.min = 5s (custom)
2019-09-26 18:20:36,870 [pool-107-thread-1] INFO  server.RaftServerConfigKeys (ConfUtils.java:logGet(43)) - raft.server.rpc.timeout.max = 5200ms (custom)
2019-09-26 18:20:36,870 [pool-107-thread-1] INFO  server.RaftServerConfigKeys (ConfUtils.java:logGet(43)) - raft.server.rpcslowness.timeout = 120s (custom)
2019-09-26 18:20:36,870 [pool-107-thread-1] INFO  server.RaftServerConfigKeys (ConfUtils.java:logGet(43)) - raft.server.sleep.deviation.threshold = 300 (default)
2019-09-26 18:20:36,870 [pool-107-thread-1] INFO  server.RaftServerConfigKeys (ConfUtils.java:logGet(43)) - raft.server.log.appender.install.snapshot.enabled = false (custom)
2019-09-26 18:20:36,870 [pool-107-thread-1] INFO  impl.RaftServerImpl (ServerState.java:<init>(103)) - 93947204-6523-4053-8a53-59a9107be111@group-BBAF7B207632: ConfigurationManager, init=-1: [93947204-6523-4053-8a53-59a9107be111:192.168.157.234:37418], old=null, confs=<EMPTY_MAP>
2019-09-26 18:20:36,871 [pool-107-thread-1] INFO  server.RaftServerConfigKeys (ConfUtils.java:logGet(43)) - raft.server.storage.dir = [/workdir/hadoop-ozone/ozonefs/target/test-dir/MiniOzoneClusterImpl-4cd181c8-bc9e-4466-88a4-d14dd15eb960/datanode-8/data/ratis] (custom)
2019-09-26 18:20:36,871 [pool-107-thread-1] INFO  storage.RaftStorageDirectory (RaftStorageDirectory.java:analyzeStorage(246)) - The storage directory /workdir/hadoop-ozone/ozonefs/target/test-dir/MiniOzoneClusterImpl-4cd181c8-bc9e-4466-88a4-d14dd15eb960/datanode-8/data/ratis/0556ac7e-c667-4091-b39b-bbaf7b207632 does not exist. Creating ...
2019-09-26 18:20:36,893 [pool-107-thread-1] INFO  storage.RaftStorageDirectory (RaftStorageDirectory.java:tryLock(328)) - Lock on /workdir/hadoop-ozone/ozonefs/target/test-dir/MiniOzoneClusterImpl-4cd181c8-bc9e-4466-88a4-d14dd15eb960/datanode-8/data/ratis/0556ac7e-c667-4091-b39b-bbaf7b207632/in_use.lock acquired by nodename 12203@pr-hdds-2162-htzpk-1451759861
2019-09-26 18:20:36,906 [pool-107-thread-1] INFO  storage.RaftStorage (RaftStorage.java:format(72)) - Storage directory /workdir/hadoop-ozone/ozonefs/target/test-dir/MiniOzoneClusterImpl-4cd181c8-bc9e-4466-88a4-d14dd15eb960/datanode-8/data/ratis/0556ac7e-c667-4091-b39b-bbaf7b207632 has been successfully formatted.
2019-09-26 18:20:36,907 [pool-107-thread-1] INFO  ratis.ContainerStateMachine (ContainerStateMachine.java:loadSnapshot(230)) - group-BBAF7B207632: The snapshot info is null. Setting the last applied indexto:(t:0, i:~)
2019-09-26 18:20:36,907 [pool-107-thread-1] INFO  server.RaftServerConfigKeys (ConfUtils.java:logGet(43)) - raft.server.notification.no-leader.timeout = 120s (custom)
2019-09-26 18:20:36,907 [pool-107-thread-1] INFO  server.RaftServerConfigKeys (ConfUtils.java:logGet(43)) - raft.server.log.use.memory = false (default)
2019-09-26 18:20:36,907 [pool-107-thread-1] INFO  server.RaftServerConfigKeys (ConfUtils.java:logGet(43)) - raft.server.log.purge.gap = 1000000 (custom)
2019-09-26 18:20:36,907 [pool-107-thread-1] INFO  server.RaftServerConfigKeys (ConfUtils.java:logGet(43)) - raft.server.log.appender.buffer.byte-limit = 33554432 (custom)
2019-09-26 18:20:36,908 [pool-107-thread-1] INFO  server.RaftServerConfigKeys (ConfUtils.java:logGet(43)) - raft.server.log.segment.size.max = 1048576 (custom)
2019-09-26 18:20:36,908 [pool-107-thread-1] INFO  server.RaftServerConfigKeys (ConfUtils.java:logGet(43)) - raft.server.log.segment.cache.num.max = 2 (custom)
2019-09-26 18:20:36,908 [pool-107-thread-1] INFO  segmented.SegmentedRaftLogWorker (SegmentedRaftLogWorker.java:<init>(172)) - new 93947204-6523-4053-8a53-59a9107be111@group-BBAF7B207632-SegmentedRaftLogWorker for RaftStorage:Storage Directory /workdir/hadoop-ozone/ozonefs/target/test-dir/MiniOzoneClusterImpl-4cd181c8-bc9e-4466-88a4-d14dd15eb960/datanode-8/data/ratis/0556ac7e-c667-4091-b39b-bbaf7b207632
2019-09-26 18:20:36,976 [pool-107-thread-1] INFO  server.RaftServerConfigKeys (ConfUtils.java:logGet(43)) - raft.server.log.queue.byte-limit = 2147483647 (custom)
2019-09-26 18:20:36,976 [pool-107-thread-1] INFO  server.RaftServerConfigKeys (ConfUtils.java:logGet(43)) - raft.server.log.queue.element-limit = 1024 (custom)
2019-09-26 18:20:36,976 [pool-107-thread-1] INFO  server.RaftServerConfigKeys (ConfUtils.java:logGet(43)) - raft.server.log.segment.size.max = 1048576 (custom)
2019-09-26 18:20:36,977 [pool-107-thread-1] INFO  server.RaftServerConfigKeys (ConfUtils.java:logGet(43)) - raft.server.log.preallocated.size = 16384 (custom)
2019-09-26 18:20:36,977 [pool-107-thread-1] INFO  server.RaftServerConfigKeys (ConfUtils.java:logGet(43)) - raft.server.log.write.buffer.size = 33554432 (custom)
2019-09-26 18:20:36,977 [pool-107-thread-1] INFO  server.RaftServerConfigKeys (ConfUtils.java:logGet(43)) - raft.server.log.force.sync.num = 128 (default)
2019-09-26 18:20:36,977 [pool-107-thread-1] INFO  server.RaftServerConfigKeys (ConfUtils.java:logGet(43)) - raft.server.log.statemachine.data.sync = true (default)
2019-09-26 18:20:36,978 [pool-107-thread-1] INFO  server.RaftServerConfigKeys (ConfUtils.java:logGet(43)) - raft.server.log.statemachine.data.sync.timeout = 10s (default)
2019-09-26 18:20:36,978 [pool-107-thread-1] INFO  server.RaftServerConfigKeys (ConfUtils.java:logGet(43)) - raft.server.log.statemachine.data.sync.timeout.retry = -1 (default)
2019-09-26 18:20:36,978 [pool-107-thread-1] INFO  server.RaftServerConfigKeys (ConfUtils.java:logGet(43)) - raft.server.log.statemachine.data.caching.enabled = true (custom)
2019-09-26 18:20:36,979 [pool-107-thread-1] INFO  segmented.SegmentedRaftLogWorker (SegmentedRaftLogWorker.java:lambda$new$0(132)) - 93947204-6523-4053-8a53-59a9107be111@group-BBAF7B207632-SegmentedRaftLogWorker: flushIndex: setUnconditionally 0 -> -1
2019-09-26 18:20:36,979 [pool-107-thread-1] INFO  server.RaftServerConfigKeys (ConfUtils.java:logGet(43)) - raft.server.snapshot.auto.trigger.enabled = true (custom)
2019-09-26 18:20:36,979 [pool-107-thread-1] INFO  server.RaftServerConfigKeys (ConfUtils.java:logGet(43)) - raft.server.snapshot.auto.trigger.threshold = 10000 (custom)
2019-09-26 18:20:36,980 [pool-107-thread-1] INFO  server.RaftServerConfigKeys (ConfUtils.java:logGet(43)) - raft.server.snapshot.retention.num.files = 5 (custom)
2019-09-26 18:20:36,980 [pool-107-thread-1] INFO  server.RaftServerConfigKeys (ConfUtils.java:logGet(43)) - raft.server.retrycache.expirytime = 600000ms (custom)
2019-09-26 18:20:36,986 [pool-107-thread-1] INFO  impl.RaftServerImpl (RaftServerImpl.java:start(185)) - 93947204-6523-4053-8a53-59a9107be111@group-BBAF7B207632: start as a follower, conf=-1: [93947204-6523-4053-8a53-59a9107be111:192.168.157.234:37418], old=null
2019-09-26 18:20:36,986 [pool-107-thread-1] INFO  impl.RaftServerImpl (RaftServerImpl.java:setRole(174)) - 93947204-6523-4053-8a53-59a9107be111@group-BBAF7B207632: changes role from      null to FOLLOWER at term 0 for startAsFollower
2019-09-26 18:20:36,986 [pool-107-thread-1] INFO  impl.RoleInfo (RoleInfo.java:updateAndGet(143)) - 93947204-6523-4053-8a53-59a9107be111: start FollowerState
2019-09-26 18:20:36,987 [pool-107-thread-1] INFO  util.JmxRegister (JmxRegister.java:tryRegister(44)) - Successfully registered JMX Bean with object name Ratis:service=RaftServer,group=group-BBAF7B207632,id=93947204-6523-4053-8a53-59a9107be111
2019-09-26 18:20:37,006 [RatisPipelineUtilsThread] INFO  pipeline.PipelineStateManager (PipelineStateManager.java:addPipeline(56)) - Created pipeline Pipeline[ Id: 0556ac7e-c667-4091-b39b-bbaf7b207632, Nodes: 93947204-6523-4053-8a53-59a9107be111{ip: 192.168.157.234, host: pr-hdds-2162-htzpk-1451759861, networkLocation: /default-rack, certSerialId: null}, Type:RATIS, Factor:ONE, State:OPEN]
2019-09-26 18:20:37,034 [grpc-default-executor-0] INFO  impl.RaftServerProxy (RaftServerProxy.java:addNew(89)) - 6d4b3972-949b-4922-a608-4c13a92fd060: addNew group-13FFE1C171DC:[6d4b3972-949b-4922-a608-4c13a92fd060:192.168.157.234:34362] returns group-13FFE1C171DC:java.util.concurrent.CompletableFuture@5f9d242b[Not completed]
2019-09-26 18:20:37,040 [pool-97-thread-1] INFO  impl.RaftServerImpl (RaftServerImpl.java:<init>(95)) - 6d4b3972-949b-4922-a608-4c13a92fd060: new RaftServerImpl for group-13FFE1C171DC:[6d4b3972-949b-4922-a608-4c13a92fd060:192.168.157.234:34362] with ContainerStateMachine:uninitialized
2019-09-26 18:20:37,040 [pool-97-thread-1] INFO  server.RaftServerConfigKeys (ConfUtils.java:logGet(43)) - raft.server.rpc.timeout.min = 5s (custom)
2019-09-26 18:20:37,040 [pool-97-thread-1] INFO  server.RaftServerConfigKeys (ConfUtils.java:logGet(43)) - raft.server.rpc.timeout.max = 5200ms (custom)
2019-09-26 18:20:37,040 [pool-97-thread-1] INFO  server.RaftServerConfigKeys (ConfUtils.java:logGet(43)) - raft.server.rpcslowness.timeout = 120s (custom)
2019-09-26 18:20:37,040 [pool-97-thread-1] INFO  server.RaftServerConfigKeys (ConfUtils.java:logGet(43)) - raft.server.sleep.deviation.threshold = 300 (default)
2019-09-26 18:20:37,041 [pool-97-thread-1] INFO  server.RaftServerConfigKeys (ConfUtils.java:logGet(43)) - raft.server.log.appender.install.snapshot.enabled = false (custom)
2019-09-26 18:20:37,041 [pool-97-thread-1] INFO  impl.RaftServerImpl (ServerState.java:<init>(103)) - 6d4b3972-949b-4922-a608-4c13a92fd060@group-13FFE1C171DC: ConfigurationManager, init=-1: [6d4b3972-949b-4922-a608-4c13a92fd060:192.168.157.234:34362], old=null, confs=<EMPTY_MAP>
2019-09-26 18:20:37,041 [pool-97-thread-1] INFO  server.RaftServerConfigKeys (ConfUtils.java:logGet(43)) - raft.server.storage.dir = [/workdir/hadoop-ozone/ozonefs/target/test-dir/MiniOzoneClusterImpl-4cd181c8-bc9e-4466-88a4-d14dd15eb960/datanode-7/data/ratis] (custom)
2019-09-26 18:20:37,042 [pool-97-thread-1] INFO  storage.RaftStorageDirectory (RaftStorageDirectory.java:analyzeStorage(246)) - The storage directory /workdir/hadoop-ozone/ozonefs/target/test-dir/MiniOzoneClusterImpl-4cd181c8-bc9e-4466-88a4-d14dd15eb960/datanode-7/data/ratis/1ec0a6f3-cfaa-4de2-960e-13ffe1c171dc does not exist. Creating ...
2019-09-26 18:20:37,055 [pool-97-thread-1] INFO  storage.RaftStorageDirectory (RaftStorageDirectory.java:tryLock(328)) - Lock on /workdir/hadoop-ozone/ozonefs/target/test-dir/MiniOzoneClusterImpl-4cd181c8-bc9e-4466-88a4-d14dd15eb960/datanode-7/data/ratis/1ec0a6f3-cfaa-4de2-960e-13ffe1c171dc/in_use.lock acquired by nodename 12203@pr-hdds-2162-htzpk-1451759861
2019-09-26 18:20:37,069 [pool-97-thread-1] INFO  storage.RaftStorage (RaftStorage.java:format(72)) - Storage directory /workdir/hadoop-ozone/ozonefs/target/test-dir/MiniOzoneClusterImpl-4cd181c8-bc9e-4466-88a4-d14dd15eb960/datanode-7/data/ratis/1ec0a6f3-cfaa-4de2-960e-13ffe1c171dc has been successfully formatted.
2019-09-26 18:20:37,069 [pool-97-thread-1] INFO  ratis.ContainerStateMachine (ContainerStateMachine.java:loadSnapshot(230)) - group-13FFE1C171DC: The snapshot info is null. Setting the last applied indexto:(t:0, i:~)
2019-09-26 18:20:37,069 [pool-97-thread-1] INFO  server.RaftServerConfigKeys (ConfUtils.java:logGet(43)) - raft.server.notification.no-leader.timeout = 120s (custom)
2019-09-26 18:20:37,070 [pool-97-thread-1] INFO  server.RaftServerConfigKeys (ConfUtils.java:logGet(43)) - raft.server.log.use.memory = false (default)
2019-09-26 18:20:37,070 [pool-97-thread-1] INFO  server.RaftServerConfigKeys (ConfUtils.java:logGet(43)) - raft.server.log.purge.gap = 1000000 (custom)
2019-09-26 18:20:37,070 [pool-97-thread-1] INFO  server.RaftServerConfigKeys (ConfUtils.java:logGet(43)) - raft.server.log.appender.buffer.byte-limit = 33554432 (custom)
2019-09-26 18:20:37,070 [pool-97-thread-1] INFO  server.RaftServerConfigKeys (ConfUtils.java:logGet(43)) - raft.server.log.segment.size.max = 1048576 (custom)
2019-09-26 18:20:37,071 [pool-97-thread-1] INFO  server.RaftServerConfigKeys (ConfUtils.java:logGet(43)) - raft.server.log.segment.cache.num.max = 2 (custom)
2019-09-26 18:20:37,071 [pool-97-thread-1] INFO  segmented.SegmentedRaftLogWorker (SegmentedRaftLogWorker.java:<init>(172)) - new 6d4b3972-949b-4922-a608-4c13a92fd060@group-13FFE1C171DC-SegmentedRaftLogWorker for RaftStorage:Storage Directory /workdir/hadoop-ozone/ozonefs/target/test-dir/MiniOzoneClusterImpl-4cd181c8-bc9e-4466-88a4-d14dd15eb960/datanode-7/data/ratis/1ec0a6f3-cfaa-4de2-960e-13ffe1c171dc
2019-09-26 18:20:37,077 [pool-97-thread-1] INFO  server.RaftServerConfigKeys (ConfUtils.java:logGet(43)) - raft.server.log.queue.byte-limit = 2147483647 (custom)
2019-09-26 18:20:37,077 [pool-97-thread-1] INFO  server.RaftServerConfigKeys (ConfUtils.java:logGet(43)) - raft.server.log.queue.element-limit = 1024 (custom)
2019-09-26 18:20:37,077 [pool-97-thread-1] INFO  server.RaftServerConfigKeys (ConfUtils.java:logGet(43)) - raft.server.log.segment.size.max = 1048576 (custom)
2019-09-26 18:20:37,077 [pool-97-thread-1] INFO  server.RaftServerConfigKeys (ConfUtils.java:logGet(43)) - raft.server.log.preallocated.size = 16384 (custom)
2019-09-26 18:20:37,078 [pool-97-thread-1] INFO  server.RaftServerConfigKeys (ConfUtils.java:logGet(43)) - raft.server.log.write.buffer.size = 33554432 (custom)
2019-09-26 18:20:37,078 [pool-97-thread-1] INFO  server.RaftServerConfigKeys (ConfUtils.java:logGet(43)) - raft.server.log.force.sync.num = 128 (default)
2019-09-26 18:20:37,078 [pool-97-thread-1] INFO  server.RaftServerConfigKeys (ConfUtils.java:logGet(43)) - raft.server.log.statemachine.data.sync = true (default)
2019-09-26 18:20:37,078 [pool-97-thread-1] INFO  server.RaftServerConfigKeys (ConfUtils.java:logGet(43)) - raft.server.log.statemachine.data.sync.timeout = 10s (default)
2019-09-26 18:20:37,078 [pool-97-thread-1] INFO  server.RaftServerConfigKeys (ConfUtils.java:logGet(43)) - raft.server.log.statemachine.data.sync.timeout.retry = -1 (default)
2019-09-26 18:20:37,079 [pool-97-thread-1] INFO  server.RaftServerConfigKeys (ConfUtils.java:logGet(43)) - raft.server.log.statemachine.data.caching.enabled = true (custom)
2019-09-26 18:20:37,079 [pool-97-thread-1] INFO  segmented.SegmentedRaftLogWorker (SegmentedRaftLogWorker.java:lambda$new$0(132)) - 6d4b3972-949b-4922-a608-4c13a92fd060@group-13FFE1C171DC-SegmentedRaftLogWorker: flushIndex: setUnconditionally 0 -> -1
2019-09-26 18:20:37,080 [pool-97-thread-1] INFO  server.RaftServerConfigKeys (ConfUtils.java:logGet(43)) - raft.server.snapshot.auto.trigger.enabled = true (custom)
2019-09-26 18:20:37,080 [pool-97-thread-1] INFO  server.RaftServerConfigKeys (ConfUtils.java:logGet(43)) - raft.server.snapshot.auto.trigger.threshold = 10000 (custom)
2019-09-26 18:20:37,080 [pool-97-thread-1] INFO  server.RaftServerConfigKeys (ConfUtils.java:logGet(43)) - raft.server.snapshot.retention.num.files = 5 (custom)
2019-09-26 18:20:37,080 [pool-97-thread-1] INFO  server.RaftServerConfigKeys (ConfUtils.java:logGet(43)) - raft.server.retrycache.expirytime = 600000ms (custom)
2019-09-26 18:20:37,086 [pool-97-thread-1] INFO  impl.RaftServerImpl (RaftServerImpl.java:start(185)) - 6d4b3972-949b-4922-a608-4c13a92fd060@group-13FFE1C171DC: start as a follower, conf=-1: [6d4b3972-949b-4922-a608-4c13a92fd060:192.168.157.234:34362], old=null
2019-09-26 18:20:37,086 [pool-97-thread-1] INFO  impl.RaftServerImpl (RaftServerImpl.java:setRole(174)) - 6d4b3972-949b-4922-a608-4c13a92fd060@group-13FFE1C171DC: changes role from      null to FOLLOWER at term 0 for startAsFollower
2019-09-26 18:20:37,086 [pool-97-thread-1] INFO  impl.RoleInfo (RoleInfo.java:updateAndGet(143)) - 6d4b3972-949b-4922-a608-4c13a92fd060: start FollowerState
2019-09-26 18:20:37,087 [pool-97-thread-1] INFO  util.JmxRegister (JmxRegister.java:tryRegister(44)) - Successfully registered JMX Bean with object name Ratis:service=RaftServer,group=group-13FFE1C171DC,id=6d4b3972-949b-4922-a608-4c13a92fd060
2019-09-26 18:20:37,110 [RatisPipelineUtilsThread] INFO  pipeline.PipelineStateManager (PipelineStateManager.java:addPipeline(56)) - Created pipeline Pipeline[ Id: 1ec0a6f3-cfaa-4de2-960e-13ffe1c171dc, Nodes: 6d4b3972-949b-4922-a608-4c13a92fd060{ip: 192.168.157.234, host: pr-hdds-2162-htzpk-1451759861, networkLocation: /default-rack, certSerialId: null}, Type:RATIS, Factor:ONE, State:OPEN]
2019-09-26 18:20:37,128 [grpc-default-executor-0] INFO  impl.RaftServerProxy (RaftServerProxy.java:addNew(89)) - 2f4b2a07-0a7a-46e2-b6cf-45c85d46ba30: addNew group-F564DBC40354:[2f4b2a07-0a7a-46e2-b6cf-45c85d46ba30:192.168.157.234:37570] returns group-F564DBC40354:java.util.concurrent.CompletableFuture@2519bcbe[Not completed]
2019-09-26 18:20:37,133 [pool-47-thread-1] INFO  impl.RaftServerImpl (RaftServerImpl.java:<init>(95)) - 2f4b2a07-0a7a-46e2-b6cf-45c85d46ba30: new RaftServerImpl for group-F564DBC40354:[2f4b2a07-0a7a-46e2-b6cf-45c85d46ba30:192.168.157.234:37570] with ContainerStateMachine:uninitialized
2019-09-26 18:20:37,133 [pool-47-thread-1] INFO  server.RaftServerConfigKeys (ConfUtils.java:logGet(43)) - raft.server.rpc.timeout.min = 5s (custom)
2019-09-26 18:20:37,133 [pool-47-thread-1] INFO  server.RaftServerConfigKeys (ConfUtils.java:logGet(43)) - raft.server.rpc.timeout.max = 5200ms (custom)
2019-09-26 18:20:37,134 [pool-47-thread-1] INFO  server.RaftServerConfigKeys (ConfUtils.java:logGet(43)) - raft.server.rpcslowness.timeout = 120s (custom)
2019-09-26 18:20:37,134 [pool-47-thread-1] INFO  server.RaftServerConfigKeys (ConfUtils.java:logGet(43)) - raft.server.sleep.deviation.threshold = 300 (default)
2019-09-26 18:20:37,134 [pool-47-thread-1] INFO  server.RaftServerConfigKeys (ConfUtils.java:logGet(43)) - raft.server.log.appender.install.snapshot.enabled = false (custom)
2019-09-26 18:20:37,134 [pool-47-thread-1] INFO  impl.RaftServerImpl (ServerState.java:<init>(103)) - 2f4b2a07-0a7a-46e2-b6cf-45c85d46ba30@group-F564DBC40354: ConfigurationManager, init=-1: [2f4b2a07-0a7a-46e2-b6cf-45c85d46ba30:192.168.157.234:37570], old=null, confs=<EMPTY_MAP>
2019-09-26 18:20:37,135 [pool-47-thread-1] INFO  server.RaftServerConfigKeys (ConfUtils.java:logGet(43)) - raft.server.storage.dir = [/workdir/hadoop-ozone/ozonefs/target/test-dir/MiniOzoneClusterImpl-4cd181c8-bc9e-4466-88a4-d14dd15eb960/datanode-2/data/ratis] (custom)
2019-09-26 18:20:37,135 [pool-47-thread-1] INFO  storage.RaftStorageDirectory (RaftStorageDirectory.java:analyzeStorage(246)) - The storage directory /workdir/hadoop-ozone/ozonefs/target/test-dir/MiniOzoneClusterImpl-4cd181c8-bc9e-4466-88a4-d14dd15eb960/datanode-2/data/ratis/1d1c3afc-c931-4838-8e28-f564dbc40354 does not exist. Creating ...
2019-09-26 18:20:37,148 [pool-47-thread-1] INFO  storage.RaftStorageDirectory (RaftStorageDirectory.java:tryLock(328)) - Lock on /workdir/hadoop-ozone/ozonefs/target/test-dir/MiniOzoneClusterImpl-4cd181c8-bc9e-4466-88a4-d14dd15eb960/datanode-2/data/ratis/1d1c3afc-c931-4838-8e28-f564dbc40354/in_use.lock acquired by nodename 12203@pr-hdds-2162-htzpk-1451759861
2019-09-26 18:20:37,179 [pool-47-thread-1] INFO  storage.RaftStorage (RaftStorage.java:format(72)) - Storage directory /workdir/hadoop-ozone/ozonefs/target/test-dir/MiniOzoneClusterImpl-4cd181c8-bc9e-4466-88a4-d14dd15eb960/datanode-2/data/ratis/1d1c3afc-c931-4838-8e28-f564dbc40354 has been successfully formatted.
2019-09-26 18:20:37,179 [pool-47-thread-1] INFO  ratis.ContainerStateMachine (ContainerStateMachine.java:loadSnapshot(230)) - group-F564DBC40354: The snapshot info is null. Setting the last applied indexto:(t:0, i:~)
2019-09-26 18:20:37,179 [pool-47-thread-1] INFO  server.RaftServerConfigKeys (ConfUtils.java:logGet(43)) - raft.server.notification.no-leader.timeout = 120s (custom)
2019-09-26 18:20:37,180 [pool-47-thread-1] INFO  server.RaftServerConfigKeys (ConfUtils.java:logGet(43)) - raft.server.log.use.memory = false (default)
2019-09-26 18:20:37,180 [pool-47-thread-1] INFO  server.RaftServerConfigKeys (ConfUtils.java:logGet(43)) - raft.server.log.purge.gap = 1000000 (custom)
2019-09-26 18:20:37,180 [pool-47-thread-1] INFO  server.RaftServerConfigKeys (ConfUtils.java:logGet(43)) - raft.server.log.appender.buffer.byte-limit = 33554432 (custom)
2019-09-26 18:20:37,180 [pool-47-thread-1] INFO  server.RaftServerConfigKeys (ConfUtils.java:logGet(43)) - raft.server.log.segment.size.max = 1048576 (custom)
2019-09-26 18:20:37,181 [pool-47-thread-1] INFO  server.RaftServerConfigKeys (ConfUtils.java:logGet(43)) - raft.server.log.segment.cache.num.max = 2 (custom)
2019-09-26 18:20:37,181 [pool-47-thread-1] INFO  segmented.SegmentedRaftLogWorker (SegmentedRaftLogWorker.java:<init>(172)) - new 2f4b2a07-0a7a-46e2-b6cf-45c85d46ba30@group-F564DBC40354-SegmentedRaftLogWorker for RaftStorage:Storage Directory /workdir/hadoop-ozone/ozonefs/target/test-dir/MiniOzoneClusterImpl-4cd181c8-bc9e-4466-88a4-d14dd15eb960/datanode-2/data/ratis/1d1c3afc-c931-4838-8e28-f564dbc40354
2019-09-26 18:20:37,186 [pool-47-thread-1] INFO  server.RaftServerConfigKeys (ConfUtils.java:logGet(43)) - raft.server.log.queue.byte-limit = 2147483647 (custom)
2019-09-26 18:20:37,186 [pool-47-thread-1] INFO  server.RaftServerConfigKeys (ConfUtils.java:logGet(43)) - raft.server.log.queue.element-limit = 1024 (custom)
2019-09-26 18:20:37,186 [pool-47-thread-1] INFO  server.RaftServerConfigKeys (ConfUtils.java:logGet(43)) - raft.server.log.segment.size.max = 1048576 (custom)
2019-09-26 18:20:37,187 [pool-47-thread-1] INFO  server.RaftServerConfigKeys (ConfUtils.java:logGet(43)) - raft.server.log.preallocated.size = 16384 (custom)
2019-09-26 18:20:37,187 [pool-47-thread-1] INFO  server.RaftServerConfigKeys (ConfUtils.java:logGet(43)) - raft.server.log.write.buffer.size = 33554432 (custom)
2019-09-26 18:20:37,187 [pool-47-thread-1] INFO  server.RaftServerConfigKeys (ConfUtils.java:logGet(43)) - raft.server.log.force.sync.num = 128 (default)
2019-09-26 18:20:37,187 [pool-47-thread-1] INFO  server.RaftServerConfigKeys (ConfUtils.java:logGet(43)) - raft.server.log.statemachine.data.sync = true (default)
2019-09-26 18:20:37,187 [pool-47-thread-1] INFO  server.RaftServerConfigKeys (ConfUtils.java:logGet(43)) - raft.server.log.statemachine.data.sync.timeout = 10s (default)
2019-09-26 18:20:37,188 [pool-47-thread-1] INFO  server.RaftServerConfigKeys (ConfUtils.java:logGet(43)) - raft.server.log.statemachine.data.sync.timeout.retry = -1 (default)
2019-09-26 18:20:37,188 [pool-47-thread-1] INFO  server.RaftServerConfigKeys (ConfUtils.java:logGet(43)) - raft.server.log.statemachine.data.caching.enabled = true (custom)
2019-09-26 18:20:37,188 [pool-47-thread-1] INFO  segmented.SegmentedRaftLogWorker (SegmentedRaftLogWorker.java:lambda$new$0(132)) - 2f4b2a07-0a7a-46e2-b6cf-45c85d46ba30@group-F564DBC40354-SegmentedRaftLogWorker: flushIndex: setUnconditionally 0 -> -1
2019-09-26 18:20:37,189 [pool-47-thread-1] INFO  server.RaftServerConfigKeys (ConfUtils.java:logGet(43)) - raft.server.snapshot.auto.trigger.enabled = true (custom)
2019-09-26 18:20:37,189 [pool-47-thread-1] INFO  server.RaftServerConfigKeys (ConfUtils.java:logGet(43)) - raft.server.snapshot.auto.trigger.threshold = 10000 (custom)
2019-09-26 18:20:37,189 [pool-47-thread-1] INFO  server.RaftServerConfigKeys (ConfUtils.java:logGet(43)) - raft.server.snapshot.retention.num.files = 5 (custom)
2019-09-26 18:20:37,190 [pool-47-thread-1] INFO  server.RaftServerConfigKeys (ConfUtils.java:logGet(43)) - raft.server.retrycache.expirytime = 600000ms (custom)
2019-09-26 18:20:37,195 [pool-47-thread-1] INFO  impl.RaftServerImpl (RaftServerImpl.java:start(185)) - 2f4b2a07-0a7a-46e2-b6cf-45c85d46ba30@group-F564DBC40354: start as a follower, conf=-1: [2f4b2a07-0a7a-46e2-b6cf-45c85d46ba30:192.168.157.234:37570], old=null
2019-09-26 18:20:37,195 [pool-47-thread-1] INFO  impl.RaftServerImpl (RaftServerImpl.java:setRole(174)) - 2f4b2a07-0a7a-46e2-b6cf-45c85d46ba30@group-F564DBC40354: changes role from      null to FOLLOWER at term 0 for startAsFollower
2019-09-26 18:20:37,195 [pool-47-thread-1] INFO  impl.RoleInfo (RoleInfo.java:updateAndGet(143)) - 2f4b2a07-0a7a-46e2-b6cf-45c85d46ba30: start FollowerState
2019-09-26 18:20:37,196 [pool-47-thread-1] INFO  util.JmxRegister (JmxRegister.java:tryRegister(44)) - Successfully registered JMX Bean with object name Ratis:service=RaftServer,group=group-F564DBC40354,id=2f4b2a07-0a7a-46e2-b6cf-45c85d46ba30
2019-09-26 18:20:37,214 [RatisPipelineUtilsThread] INFO  pipeline.PipelineStateManager (PipelineStateManager.java:addPipeline(56)) - Created pipeline Pipeline[ Id: 1d1c3afc-c931-4838-8e28-f564dbc40354, Nodes: 2f4b2a07-0a7a-46e2-b6cf-45c85d46ba30{ip: 192.168.157.234, host: pr-hdds-2162-htzpk-1451759861, networkLocation: /default-rack, certSerialId: null}, Type:RATIS, Factor:ONE, State:OPEN]
2019-09-26 18:20:37,235 [grpc-default-executor-0] INFO  impl.RaftServerProxy (RaftServerProxy.java:addNew(89)) - 928b8ca6-1d06-472f-9df7-59380a31cc4f: addNew group-DC90561E1A9A:[928b8ca6-1d06-472f-9df7-59380a31cc4f:192.168.157.234:42208] returns group-DC90561E1A9A:java.util.concurrent.CompletableFuture@4f4c303a[Not completed]
2019-09-26 18:20:37,242 [pool-77-thread-1] INFO  impl.RaftServerImpl (RaftServerImpl.java:<init>(95)) - 928b8ca6-1d06-472f-9df7-59380a31cc4f: new RaftServerImpl for group-DC90561E1A9A:[928b8ca6-1d06-472f-9df7-59380a31cc4f:192.168.157.234:42208] with ContainerStateMachine:uninitialized
2019-09-26 18:20:37,242 [pool-77-thread-1] INFO  server.RaftServerConfigKeys (ConfUtils.java:logGet(43)) - raft.server.rpc.timeout.min = 5s (custom)
2019-09-26 18:20:37,242 [pool-77-thread-1] INFO  server.RaftServerConfigKeys (ConfUtils.java:logGet(43)) - raft.server.rpc.timeout.max = 5200ms (custom)
2019-09-26 18:20:37,242 [pool-77-thread-1] INFO  server.RaftServerConfigKeys (ConfUtils.java:logGet(43)) - raft.server.rpcslowness.timeout = 120s (custom)
2019-09-26 18:20:37,243 [pool-77-thread-1] INFO  server.RaftServerConfigKeys (ConfUtils.java:logGet(43)) - raft.server.sleep.deviation.threshold = 300 (default)
2019-09-26 18:20:37,243 [pool-77-thread-1] INFO  server.RaftServerConfigKeys (ConfUtils.java:logGet(43)) - raft.server.log.appender.install.snapshot.enabled = false (custom)
2019-09-26 18:20:37,243 [pool-77-thread-1] INFO  impl.RaftServerImpl (ServerState.java:<init>(103)) - 928b8ca6-1d06-472f-9df7-59380a31cc4f@group-DC90561E1A9A: ConfigurationManager, init=-1: [928b8ca6-1d06-472f-9df7-59380a31cc4f:192.168.157.234:42208], old=null, confs=<EMPTY_MAP>
2019-09-26 18:20:37,243 [pool-77-thread-1] INFO  server.RaftServerConfigKeys (ConfUtils.java:logGet(43)) - raft.server.storage.dir = [/workdir/hadoop-ozone/ozonefs/target/test-dir/MiniOzoneClusterImpl-4cd181c8-bc9e-4466-88a4-d14dd15eb960/datanode-5/data/ratis] (custom)
2019-09-26 18:20:37,244 [pool-77-thread-1] INFO  storage.RaftStorageDirectory (RaftStorageDirectory.java:analyzeStorage(246)) - The storage directory /workdir/hadoop-ozone/ozonefs/target/test-dir/MiniOzoneClusterImpl-4cd181c8-bc9e-4466-88a4-d14dd15eb960/datanode-5/data/ratis/bcf92f55-2681-4837-927c-dc90561e1a9a does not exist. Creating ...
2019-09-26 18:20:37,268 [pool-77-thread-1] INFO  storage.RaftStorageDirectory (RaftStorageDirectory.java:tryLock(328)) - Lock on /workdir/hadoop-ozone/ozonefs/target/test-dir/MiniOzoneClusterImpl-4cd181c8-bc9e-4466-88a4-d14dd15eb960/datanode-5/data/ratis/bcf92f55-2681-4837-927c-dc90561e1a9a/in_use.lock acquired by nodename 12203@pr-hdds-2162-htzpk-1451759861
2019-09-26 18:20:37,274 [main] INFO  ozone.MiniOzoneClusterImpl (MiniOzoneClusterImpl.java:lambda$waitForClusterToBeReady$0(147)) - Cluster is ready. Got 10 of 10 DN Heartbeats.
2019-09-26 18:20:37,283 [pool-77-thread-1] INFO  storage.RaftStorage (RaftStorage.java:format(72)) - Storage directory /workdir/hadoop-ozone/ozonefs/target/test-dir/MiniOzoneClusterImpl-4cd181c8-bc9e-4466-88a4-d14dd15eb960/datanode-5/data/ratis/bcf92f55-2681-4837-927c-dc90561e1a9a has been successfully formatted.
2019-09-26 18:20:37,283 [pool-77-thread-1] INFO  ratis.ContainerStateMachine (ContainerStateMachine.java:loadSnapshot(230)) - group-DC90561E1A9A: The snapshot info is null. Setting the last applied indexto:(t:0, i:~)
2019-09-26 18:20:37,284 [pool-77-thread-1] INFO  server.RaftServerConfigKeys (ConfUtils.java:logGet(43)) - raft.server.notification.no-leader.timeout = 120s (custom)
2019-09-26 18:20:37,284 [pool-77-thread-1] INFO  server.RaftServerConfigKeys (ConfUtils.java:logGet(43)) - raft.server.log.use.memory = false (default)
2019-09-26 18:20:37,284 [pool-77-thread-1] INFO  server.RaftServerConfigKeys (ConfUtils.java:logGet(43)) - raft.server.log.purge.gap = 1000000 (custom)
2019-09-26 18:20:37,284 [pool-77-thread-1] INFO  server.RaftServerConfigKeys (ConfUtils.java:logGet(43)) - raft.server.log.appender.buffer.byte-limit = 33554432 (custom)
2019-09-26 18:20:37,285 [pool-77-thread-1] INFO  server.RaftServerConfigKeys (ConfUtils.java:logGet(43)) - raft.server.log.segment.size.max = 1048576 (custom)
2019-09-26 18:20:37,285 [pool-77-thread-1] INFO  server.RaftServerConfigKeys (ConfUtils.java:logGet(43)) - raft.server.log.segment.cache.num.max = 2 (custom)
2019-09-26 18:20:37,285 [pool-77-thread-1] INFO  segmented.SegmentedRaftLogWorker (SegmentedRaftLogWorker.java:<init>(172)) - new 928b8ca6-1d06-472f-9df7-59380a31cc4f@group-DC90561E1A9A-SegmentedRaftLogWorker for RaftStorage:Storage Directory /workdir/hadoop-ozone/ozonefs/target/test-dir/MiniOzoneClusterImpl-4cd181c8-bc9e-4466-88a4-d14dd15eb960/datanode-5/data/ratis/bcf92f55-2681-4837-927c-dc90561e1a9a
2019-09-26 18:20:37,290 [pool-77-thread-1] INFO  server.RaftServerConfigKeys (ConfUtils.java:logGet(43)) - raft.server.log.queue.byte-limit = 2147483647 (custom)
2019-09-26 18:20:37,290 [pool-77-thread-1] INFO  server.RaftServerConfigKeys (ConfUtils.java:logGet(43)) - raft.server.log.queue.element-limit = 1024 (custom)
2019-09-26 18:20:37,293 [pool-77-thread-1] INFO  server.RaftServerConfigKeys (ConfUtils.java:logGet(43)) - raft.server.log.segment.size.max = 1048576 (custom)
2019-09-26 18:20:37,293 [pool-77-thread-1] INFO  server.RaftServerConfigKeys (ConfUtils.java:logGet(43)) - raft.server.log.preallocated.size = 16384 (custom)
2019-09-26 18:20:37,293 [pool-77-thread-1] INFO  server.RaftServerConfigKeys (ConfUtils.java:logGet(43)) - raft.server.log.write.buffer.size = 33554432 (custom)
2019-09-26 18:20:37,294 [pool-77-thread-1] INFO  server.RaftServerConfigKeys (ConfUtils.java:logGet(43)) - raft.server.log.force.sync.num = 128 (default)
2019-09-26 18:20:37,294 [pool-77-thread-1] INFO  server.RaftServerConfigKeys (ConfUtils.java:logGet(43)) - raft.server.log.statemachine.data.sync = true (default)
2019-09-26 18:20:37,294 [pool-77-thread-1] INFO  server.RaftServerConfigKeys (ConfUtils.java:logGet(43)) - raft.server.log.statemachine.data.sync.timeout = 10s (default)
2019-09-26 18:20:37,294 [pool-77-thread-1] INFO  server.RaftServerConfigKeys (ConfUtils.java:logGet(43)) - raft.server.log.statemachine.data.sync.timeout.retry = -1 (default)
2019-09-26 18:20:37,295 [pool-77-thread-1] INFO  server.RaftServerConfigKeys (ConfUtils.java:logGet(43)) - raft.server.log.statemachine.data.caching.enabled = true (custom)
2019-09-26 18:20:37,295 [pool-77-thread-1] INFO  segmented.SegmentedRaftLogWorker (SegmentedRaftLogWorker.java:lambda$new$0(132)) - 928b8ca6-1d06-472f-9df7-59380a31cc4f@group-DC90561E1A9A-SegmentedRaftLogWorker: flushIndex: setUnconditionally 0 -> -1
2019-09-26 18:20:37,295 [pool-77-thread-1] INFO  server.RaftServerConfigKeys (ConfUtils.java:logGet(43)) - raft.server.snapshot.auto.trigger.enabled = true (custom)
2019-09-26 18:20:37,296 [pool-77-thread-1] INFO  server.RaftServerConfigKeys (ConfUtils.java:logGet(43)) - raft.server.snapshot.auto.trigger.threshold = 10000 (custom)
2019-09-26 18:20:37,296 [pool-77-thread-1] INFO  server.RaftServerConfigKeys (ConfUtils.java:logGet(43)) - raft.server.snapshot.retention.num.files = 5 (custom)
2019-09-26 18:20:37,296 [pool-77-thread-1] INFO  server.RaftServerConfigKeys (ConfUtils.java:logGet(43)) - raft.server.retrycache.expirytime = 600000ms (custom)
2019-09-26 18:20:37,301 [pool-77-thread-1] INFO  impl.RaftServerImpl (RaftServerImpl.java:start(185)) - 928b8ca6-1d06-472f-9df7-59380a31cc4f@group-DC90561E1A9A: start as a follower, conf=-1: [928b8ca6-1d06-472f-9df7-59380a31cc4f:192.168.157.234:42208], old=null
2019-09-26 18:20:37,301 [pool-77-thread-1] INFO  impl.RaftServerImpl (RaftServerImpl.java:setRole(174)) - 928b8ca6-1d06-472f-9df7-59380a31cc4f@group-DC90561E1A9A: changes role from      null to FOLLOWER at term 0 for startAsFollower
2019-09-26 18:20:37,301 [pool-77-thread-1] INFO  impl.RoleInfo (RoleInfo.java:updateAndGet(143)) - 928b8ca6-1d06-472f-9df7-59380a31cc4f: start FollowerState
2019-09-26 18:20:37,302 [pool-77-thread-1] INFO  util.JmxRegister (JmxRegister.java:tryRegister(44)) - Successfully registered JMX Bean with object name Ratis:service=RaftServer,group=group-DC90561E1A9A,id=928b8ca6-1d06-472f-9df7-59380a31cc4f
2019-09-26 18:20:37,322 [RatisPipelineUtilsThread] INFO  pipeline.PipelineStateManager (PipelineStateManager.java:addPipeline(56)) - Created pipeline Pipeline[ Id: bcf92f55-2681-4837-927c-dc90561e1a9a, Nodes: 928b8ca6-1d06-472f-9df7-59380a31cc4f{ip: 192.168.157.234, host: pr-hdds-2162-htzpk-1451759861, networkLocation: /default-rack, certSerialId: null}, Type:RATIS, Factor:ONE, State:OPEN]
2019-09-26 18:20:37,344 [grpc-default-executor-0] INFO  impl.RaftServerProxy (RaftServerProxy.java:addNew(89)) - cdae5251-09d5-44f4-b358-655664201067: addNew group-1920697C5010:[cdae5251-09d5-44f4-b358-655664201067:192.168.157.234:36748] returns group-1920697C5010:java.util.concurrent.CompletableFuture@63b40dc1[Not completed]
2019-09-26 18:20:37,351 [pool-57-thread-1] INFO  impl.RaftServerImpl (RaftServerImpl.java:<init>(95)) - cdae5251-09d5-44f4-b358-655664201067: new RaftServerImpl for group-1920697C5010:[cdae5251-09d5-44f4-b358-655664201067:192.168.157.234:36748] with ContainerStateMachine:uninitialized
2019-09-26 18:20:37,352 [pool-57-thread-1] INFO  server.RaftServerConfigKeys (ConfUtils.java:logGet(43)) - raft.server.rpc.timeout.min = 5s (custom)
2019-09-26 18:20:37,352 [pool-57-thread-1] INFO  server.RaftServerConfigKeys (ConfUtils.java:logGet(43)) - raft.server.rpc.timeout.max = 5200ms (custom)
2019-09-26 18:20:37,352 [pool-57-thread-1] INFO  server.RaftServerConfigKeys (ConfUtils.java:logGet(43)) - raft.server.rpcslowness.timeout = 120s (custom)
2019-09-26 18:20:37,352 [pool-57-thread-1] INFO  server.RaftServerConfigKeys (ConfUtils.java:logGet(43)) - raft.server.sleep.deviation.threshold = 300 (default)
2019-09-26 18:20:37,352 [pool-57-thread-1] INFO  server.RaftServerConfigKeys (ConfUtils.java:logGet(43)) - raft.server.log.appender.install.snapshot.enabled = false (custom)
2019-09-26 18:20:37,352 [pool-57-thread-1] INFO  impl.RaftServerImpl (ServerState.java:<init>(103)) - cdae5251-09d5-44f4-b358-655664201067@group-1920697C5010: ConfigurationManager, init=-1: [cdae5251-09d5-44f4-b358-655664201067:192.168.157.234:36748], old=null, confs=<EMPTY_MAP>
2019-09-26 18:20:37,353 [pool-57-thread-1] INFO  server.RaftServerConfigKeys (ConfUtils.java:logGet(43)) - raft.server.storage.dir = [/workdir/hadoop-ozone/ozonefs/target/test-dir/MiniOzoneClusterImpl-4cd181c8-bc9e-4466-88a4-d14dd15eb960/datanode-3/data/ratis] (custom)
2019-09-26 18:20:37,353 [pool-57-thread-1] INFO  storage.RaftStorageDirectory (RaftStorageDirectory.java:analyzeStorage(246)) - The storage directory /workdir/hadoop-ozone/ozonefs/target/test-dir/MiniOzoneClusterImpl-4cd181c8-bc9e-4466-88a4-d14dd15eb960/datanode-3/data/ratis/af7c4761-3a6d-411a-8a4d-1920697c5010 does not exist. Creating ...
2019-09-26 18:20:37,366 [pool-57-thread-1] INFO  storage.RaftStorageDirectory (RaftStorageDirectory.java:tryLock(328)) - Lock on /workdir/hadoop-ozone/ozonefs/target/test-dir/MiniOzoneClusterImpl-4cd181c8-bc9e-4466-88a4-d14dd15eb960/datanode-3/data/ratis/af7c4761-3a6d-411a-8a4d-1920697c5010/in_use.lock acquired by nodename 12203@pr-hdds-2162-htzpk-1451759861
2019-09-26 18:20:37,379 [pool-57-thread-1] INFO  storage.RaftStorage (RaftStorage.java:format(72)) - Storage directory /workdir/hadoop-ozone/ozonefs/target/test-dir/MiniOzoneClusterImpl-4cd181c8-bc9e-4466-88a4-d14dd15eb960/datanode-3/data/ratis/af7c4761-3a6d-411a-8a4d-1920697c5010 has been successfully formatted.
2019-09-26 18:20:37,380 [pool-57-thread-1] INFO  ratis.ContainerStateMachine (ContainerStateMachine.java:loadSnapshot(230)) - group-1920697C5010: The snapshot info is null. Setting the last applied indexto:(t:0, i:~)
2019-09-26 18:20:37,380 [pool-57-thread-1] INFO  server.RaftServerConfigKeys (ConfUtils.java:logGet(43)) - raft.server.notification.no-leader.timeout = 120s (custom)
2019-09-26 18:20:37,380 [pool-57-thread-1] INFO  server.RaftServerConfigKeys (ConfUtils.java:logGet(43)) - raft.server.log.use.memory = false (default)
2019-09-26 18:20:37,380 [pool-57-thread-1] INFO  server.RaftServerConfigKeys (ConfUtils.java:logGet(43)) - raft.server.log.purge.gap = 1000000 (custom)
2019-09-26 18:20:37,380 [pool-57-thread-1] INFO  server.RaftServerConfigKeys (ConfUtils.java:logGet(43)) - raft.server.log.appender.buffer.byte-limit = 33554432 (custom)
2019-09-26 18:20:37,381 [pool-57-thread-1] INFO  server.RaftServerConfigKeys (ConfUtils.java:logGet(43)) - raft.server.log.segment.size.max = 1048576 (custom)
2019-09-26 18:20:37,381 [pool-57-thread-1] INFO  server.RaftServerConfigKeys (ConfUtils.java:logGet(43)) - raft.server.log.segment.cache.num.max = 2 (custom)
2019-09-26 18:20:37,381 [pool-57-thread-1] INFO  segmented.SegmentedRaftLogWorker (SegmentedRaftLogWorker.java:<init>(172)) - new cdae5251-09d5-44f4-b358-655664201067@group-1920697C5010-SegmentedRaftLogWorker for RaftStorage:Storage Directory /workdir/hadoop-ozone/ozonefs/target/test-dir/MiniOzoneClusterImpl-4cd181c8-bc9e-4466-88a4-d14dd15eb960/datanode-3/data/ratis/af7c4761-3a6d-411a-8a4d-1920697c5010
2019-09-26 18:20:37,384 [pool-57-thread-1] INFO  server.RaftServerConfigKeys (ConfUtils.java:logGet(43)) - raft.server.log.queue.byte-limit = 2147483647 (custom)
2019-09-26 18:20:37,385 [pool-57-thread-1] INFO  server.RaftServerConfigKeys (ConfUtils.java:logGet(43)) - raft.server.log.queue.element-limit = 1024 (custom)
2019-09-26 18:20:37,385 [pool-57-thread-1] INFO  server.RaftServerConfigKeys (ConfUtils.java:logGet(43)) - raft.server.log.segment.size.max = 1048576 (custom)
2019-09-26 18:20:37,385 [pool-57-thread-1] INFO  server.RaftServerConfigKeys (ConfUtils.java:logGet(43)) - raft.server.log.preallocated.size = 16384 (custom)
2019-09-26 18:20:37,385 [pool-57-thread-1] INFO  server.RaftServerConfigKeys (ConfUtils.java:logGet(43)) - raft.server.log.write.buffer.size = 33554432 (custom)
2019-09-26 18:20:37,385 [pool-57-thread-1] INFO  server.RaftServerConfigKeys (ConfUtils.java:logGet(43)) - raft.server.log.force.sync.num = 128 (default)
2019-09-26 18:20:37,386 [pool-57-thread-1] INFO  server.RaftServerConfigKeys (ConfUtils.java:logGet(43)) - raft.server.log.statemachine.data.sync = true (default)
2019-09-26 18:20:37,386 [pool-57-thread-1] INFO  server.RaftServerConfigKeys (ConfUtils.java:logGet(43)) - raft.server.log.statemachine.data.sync.timeout = 10s (default)
2019-09-26 18:20:37,386 [pool-57-thread-1] INFO  server.RaftServerConfigKeys (ConfUtils.java:logGet(43)) - raft.server.log.statemachine.data.sync.timeout.retry = -1 (default)
2019-09-26 18:20:37,386 [pool-57-thread-1] INFO  server.RaftServerConfigKeys (ConfUtils.java:logGet(43)) - raft.server.log.statemachine.data.caching.enabled = true (custom)
2019-09-26 18:20:37,387 [pool-57-thread-1] INFO  segmented.SegmentedRaftLogWorker (SegmentedRaftLogWorker.java:lambda$new$0(132)) - cdae5251-09d5-44f4-b358-655664201067@group-1920697C5010-SegmentedRaftLogWorker: flushIndex: setUnconditionally 0 -> -1
2019-09-26 18:20:37,387 [pool-57-thread-1] INFO  server.RaftServerConfigKeys (ConfUtils.java:logGet(43)) - raft.server.snapshot.auto.trigger.enabled = true (custom)
2019-09-26 18:20:37,387 [pool-57-thread-1] INFO  server.RaftServerConfigKeys (ConfUtils.java:logGet(43)) - raft.server.snapshot.auto.trigger.threshold = 10000 (custom)
2019-09-26 18:20:37,387 [pool-57-thread-1] INFO  server.RaftServerConfigKeys (ConfUtils.java:logGet(43)) - raft.server.snapshot.retention.num.files = 5 (custom)
2019-09-26 18:20:37,388 [pool-57-thread-1] INFO  server.RaftServerConfigKeys (ConfUtils.java:logGet(43)) - raft.server.retrycache.expirytime = 600000ms (custom)
2019-09-26 18:20:37,390 [pool-57-thread-1] INFO  impl.RaftServerImpl (RaftServerImpl.java:start(185)) - cdae5251-09d5-44f4-b358-655664201067@group-1920697C5010: start as a follower, conf=-1: [cdae5251-09d5-44f4-b358-655664201067:192.168.157.234:36748], old=null
2019-09-26 18:20:37,390 [pool-57-thread-1] INFO  impl.RaftServerImpl (RaftServerImpl.java:setRole(174)) - cdae5251-09d5-44f4-b358-655664201067@group-1920697C5010: changes role from      null to FOLLOWER at term 0 for startAsFollower
2019-09-26 18:20:37,391 [pool-57-thread-1] INFO  impl.RoleInfo (RoleInfo.java:updateAndGet(143)) - cdae5251-09d5-44f4-b358-655664201067: start FollowerState
2019-09-26 18:20:37,391 [pool-57-thread-1] INFO  util.JmxRegister (JmxRegister.java:tryRegister(44)) - Successfully registered JMX Bean with object name Ratis:service=RaftServer,group=group-1920697C5010,id=cdae5251-09d5-44f4-b358-655664201067
2019-09-26 18:20:37,421 [RatisPipelineUtilsThread] INFO  pipeline.PipelineStateManager (PipelineStateManager.java:addPipeline(56)) - Created pipeline Pipeline[ Id: af7c4761-3a6d-411a-8a4d-1920697c5010, Nodes: cdae5251-09d5-44f4-b358-655664201067{ip: 192.168.157.234, host: pr-hdds-2162-htzpk-1451759861, networkLocation: /default-rack, certSerialId: null}, Type:RATIS, Factor:ONE, State:OPEN]
2019-09-26 18:20:37,444 [grpc-default-executor-0] INFO  impl.RaftServerProxy (RaftServerProxy.java:addNew(89)) - fa9f2368-1bb6-42af-a1bb-0ecd29289437: addNew group-315DF4067817:[fa9f2368-1bb6-42af-a1bb-0ecd29289437:192.168.157.234:39317] returns group-315DF4067817:java.util.concurrent.CompletableFuture@a25302f[Not completed]
2019-09-26 18:20:37,451 [pool-117-thread-1] INFO  impl.RaftServerImpl (RaftServerImpl.java:<init>(95)) - fa9f2368-1bb6-42af-a1bb-0ecd29289437: new RaftServerImpl for group-315DF4067817:[fa9f2368-1bb6-42af-a1bb-0ecd29289437:192.168.157.234:39317] with ContainerStateMachine:uninitialized
2019-09-26 18:20:37,452 [pool-117-thread-1] INFO  server.RaftServerConfigKeys (ConfUtils.java:logGet(43)) - raft.server.rpc.timeout.min = 5s (custom)
2019-09-26 18:20:37,452 [pool-117-thread-1] INFO  server.RaftServerConfigKeys (ConfUtils.java:logGet(43)) - raft.server.rpc.timeout.max = 5200ms (custom)
2019-09-26 18:20:37,452 [pool-117-thread-1] INFO  server.RaftServerConfigKeys (ConfUtils.java:logGet(43)) - raft.server.rpcslowness.timeout = 120s (custom)
2019-09-26 18:20:37,452 [pool-117-thread-1] INFO  server.RaftServerConfigKeys (ConfUtils.java:logGet(43)) - raft.server.sleep.deviation.threshold = 300 (default)
2019-09-26 18:20:37,453 [pool-117-thread-1] INFO  server.RaftServerConfigKeys (ConfUtils.java:logGet(43)) - raft.server.log.appender.install.snapshot.enabled = false (custom)
2019-09-26 18:20:37,453 [pool-117-thread-1] INFO  impl.RaftServerImpl (ServerState.java:<init>(103)) - fa9f2368-1bb6-42af-a1bb-0ecd29289437@group-315DF4067817: ConfigurationManager, init=-1: [fa9f2368-1bb6-42af-a1bb-0ecd29289437:192.168.157.234:39317], old=null, confs=<EMPTY_MAP>
2019-09-26 18:20:37,453 [pool-117-thread-1] INFO  server.RaftServerConfigKeys (ConfUtils.java:logGet(43)) - raft.server.storage.dir = [/workdir/hadoop-ozone/ozonefs/target/test-dir/MiniOzoneClusterImpl-4cd181c8-bc9e-4466-88a4-d14dd15eb960/datanode-9/data/ratis] (custom)
2019-09-26 18:20:37,454 [pool-117-thread-1] INFO  storage.RaftStorageDirectory (RaftStorageDirectory.java:analyzeStorage(246)) - The storage directory /workdir/hadoop-ozone/ozonefs/target/test-dir/MiniOzoneClusterImpl-4cd181c8-bc9e-4466-88a4-d14dd15eb960/datanode-9/data/ratis/29cb90d6-d5c7-4ef8-9ffa-315df4067817 does not exist. Creating ...
2019-09-26 18:20:37,467 [pool-117-thread-1] INFO  storage.RaftStorageDirectory (RaftStorageDirectory.java:tryLock(328)) - Lock on /workdir/hadoop-ozone/ozonefs/target/test-dir/MiniOzoneClusterImpl-4cd181c8-bc9e-4466-88a4-d14dd15eb960/datanode-9/data/ratis/29cb90d6-d5c7-4ef8-9ffa-315df4067817/in_use.lock acquired by nodename 12203@pr-hdds-2162-htzpk-1451759861
2019-09-26 18:20:37,484 [pool-117-thread-1] INFO  storage.RaftStorage (RaftStorage.java:format(72)) - Storage directory /workdir/hadoop-ozone/ozonefs/target/test-dir/MiniOzoneClusterImpl-4cd181c8-bc9e-4466-88a4-d14dd15eb960/datanode-9/data/ratis/29cb90d6-d5c7-4ef8-9ffa-315df4067817 has been successfully formatted.
2019-09-26 18:20:37,484 [pool-117-thread-1] INFO  ratis.ContainerStateMachine (ContainerStateMachine.java:loadSnapshot(230)) - group-315DF4067817: The snapshot info is null. Setting the last applied indexto:(t:0, i:~)
2019-09-26 18:20:37,484 [pool-117-thread-1] INFO  server.RaftServerConfigKeys (ConfUtils.java:logGet(43)) - raft.server.notification.no-leader.timeout = 120s (custom)
2019-09-26 18:20:37,485 [pool-117-thread-1] INFO  server.RaftServerConfigKeys (ConfUtils.java:logGet(43)) - raft.server.log.use.memory = false (default)
2019-09-26 18:20:37,485 [pool-117-thread-1] INFO  server.RaftServerConfigKeys (ConfUtils.java:logGet(43)) - raft.server.log.purge.gap = 1000000 (custom)
2019-09-26 18:20:37,485 [pool-117-thread-1] INFO  server.RaftServerConfigKeys (ConfUtils.java:logGet(43)) - raft.server.log.appender.buffer.byte-limit = 33554432 (custom)
2019-09-26 18:20:37,485 [pool-117-thread-1] INFO  server.RaftServerConfigKeys (ConfUtils.java:logGet(43)) - raft.server.log.segment.size.max = 1048576 (custom)
2019-09-26 18:20:37,485 [pool-117-thread-1] INFO  server.RaftServerConfigKeys (ConfUtils.java:logGet(43)) - raft.server.log.segment.cache.num.max = 2 (custom)
2019-09-26 18:20:37,486 [pool-117-thread-1] INFO  segmented.SegmentedRaftLogWorker (SegmentedRaftLogWorker.java:<init>(172)) - new fa9f2368-1bb6-42af-a1bb-0ecd29289437@group-315DF4067817-SegmentedRaftLogWorker for RaftStorage:Storage Directory /workdir/hadoop-ozone/ozonefs/target/test-dir/MiniOzoneClusterImpl-4cd181c8-bc9e-4466-88a4-d14dd15eb960/datanode-9/data/ratis/29cb90d6-d5c7-4ef8-9ffa-315df4067817
2019-09-26 18:20:37,489 [pool-117-thread-1] INFO  server.RaftServerConfigKeys (ConfUtils.java:logGet(43)) - raft.server.log.queue.byte-limit = 2147483647 (custom)
2019-09-26 18:20:37,489 [pool-117-thread-1] INFO  server.RaftServerConfigKeys (ConfUtils.java:logGet(43)) - raft.server.log.queue.element-limit = 1024 (custom)
2019-09-26 18:20:37,490 [pool-117-thread-1] INFO  server.RaftServerConfigKeys (ConfUtils.java:logGet(43)) - raft.server.log.segment.size.max = 1048576 (custom)
2019-09-26 18:20:37,490 [pool-117-thread-1] INFO  server.RaftServerConfigKeys (ConfUtils.java:logGet(43)) - raft.server.log.preallocated.size = 16384 (custom)
2019-09-26 18:20:37,490 [pool-117-thread-1] INFO  server.RaftServerConfigKeys (ConfUtils.java:logGet(43)) - raft.server.log.write.buffer.size = 33554432 (custom)
2019-09-26 18:20:37,490 [pool-117-thread-1] INFO  server.RaftServerConfigKeys (ConfUtils.java:logGet(43)) - raft.server.log.force.sync.num = 128 (default)
2019-09-26 18:20:37,490 [pool-117-thread-1] INFO  server.RaftServerConfigKeys (ConfUtils.java:logGet(43)) - raft.server.log.statemachine.data.sync = true (default)
2019-09-26 18:20:37,490 [pool-117-thread-1] INFO  server.RaftServerConfigKeys (ConfUtils.java:logGet(43)) - raft.server.log.statemachine.data.sync.timeout = 10s (default)
2019-09-26 18:20:37,491 [pool-117-thread-1] INFO  server.RaftServerConfigKeys (ConfUtils.java:logGet(43)) - raft.server.log.statemachine.data.sync.timeout.retry = -1 (default)
2019-09-26 18:20:37,491 [pool-117-thread-1] INFO  server.RaftServerConfigKeys (ConfUtils.java:logGet(43)) - raft.server.log.statemachine.data.caching.enabled = true (custom)
2019-09-26 18:20:37,491 [pool-117-thread-1] INFO  segmented.SegmentedRaftLogWorker (SegmentedRaftLogWorker.java:lambda$new$0(132)) - fa9f2368-1bb6-42af-a1bb-0ecd29289437@group-315DF4067817-SegmentedRaftLogWorker: flushIndex: setUnconditionally 0 -> -1
2019-09-26 18:20:37,492 [pool-117-thread-1] INFO  server.RaftServerConfigKeys (ConfUtils.java:logGet(43)) - raft.server.snapshot.auto.trigger.enabled = true (custom)
2019-09-26 18:20:37,492 [pool-117-thread-1] INFO  server.RaftServerConfigKeys (ConfUtils.java:logGet(43)) - raft.server.snapshot.auto.trigger.threshold = 10000 (custom)
2019-09-26 18:20:37,492 [pool-117-thread-1] INFO  server.RaftServerConfigKeys (ConfUtils.java:logGet(43)) - raft.server.snapshot.retention.num.files = 5 (custom)
2019-09-26 18:20:37,492 [pool-117-thread-1] INFO  server.RaftServerConfigKeys (ConfUtils.java:logGet(43)) - raft.server.retrycache.expirytime = 600000ms (custom)
2019-09-26 18:20:37,495 [pool-117-thread-1] INFO  impl.RaftServerImpl (RaftServerImpl.java:start(185)) - fa9f2368-1bb6-42af-a1bb-0ecd29289437@group-315DF4067817: start as a follower, conf=-1: [fa9f2368-1bb6-42af-a1bb-0ecd29289437:192.168.157.234:39317], old=null
2019-09-26 18:20:37,496 [pool-117-thread-1] INFO  impl.RaftServerImpl (RaftServerImpl.java:setRole(174)) - fa9f2368-1bb6-42af-a1bb-0ecd29289437@group-315DF4067817: changes role from      null to FOLLOWER at term 0 for startAsFollower
2019-09-26 18:20:37,496 [pool-117-thread-1] INFO  impl.RoleInfo (RoleInfo.java:updateAndGet(143)) - fa9f2368-1bb6-42af-a1bb-0ecd29289437: start FollowerState
2019-09-26 18:20:37,496 [pool-117-thread-1] INFO  util.JmxRegister (JmxRegister.java:tryRegister(44)) - Successfully registered JMX Bean with object name Ratis:service=RaftServer,group=group-315DF4067817,id=fa9f2368-1bb6-42af-a1bb-0ecd29289437
2019-09-26 18:20:37,514 [RatisPipelineUtilsThread] INFO  pipeline.PipelineStateManager (PipelineStateManager.java:addPipeline(56)) - Created pipeline Pipeline[ Id: 29cb90d6-d5c7-4ef8-9ffa-315df4067817, Nodes: fa9f2368-1bb6-42af-a1bb-0ecd29289437{ip: 192.168.157.234, host: pr-hdds-2162-htzpk-1451759861, networkLocation: /default-rack, certSerialId: null}, Type:RATIS, Factor:ONE, State:OPEN]
2019-09-26 18:20:37,539 [grpc-default-executor-0] INFO  impl.RaftServerProxy (RaftServerProxy.java:addNew(89)) - 6c2fb94c-a365-43b2-bbf6-b1ef1568b50c: addNew group-C971C529400C:[6c2fb94c-a365-43b2-bbf6-b1ef1568b50c:192.168.157.234:46404] returns group-C971C529400C:java.util.concurrent.CompletableFuture@3af58364[Not completed]
2019-09-26 18:20:37,549 [pool-87-thread-1] INFO  impl.RaftServerImpl (RaftServerImpl.java:<init>(95)) - 6c2fb94c-a365-43b2-bbf6-b1ef1568b50c: new RaftServerImpl for group-C971C529400C:[6c2fb94c-a365-43b2-bbf6-b1ef1568b50c:192.168.157.234:46404] with ContainerStateMachine:uninitialized
2019-09-26 18:20:37,549 [pool-87-thread-1] INFO  server.RaftServerConfigKeys (ConfUtils.java:logGet(43)) - raft.server.rpc.timeout.min = 5s (custom)
2019-09-26 18:20:37,549 [pool-87-thread-1] INFO  server.RaftServerConfigKeys (ConfUtils.java:logGet(43)) - raft.server.rpc.timeout.max = 5200ms (custom)
2019-09-26 18:20:37,549 [pool-87-thread-1] INFO  server.RaftServerConfigKeys (ConfUtils.java:logGet(43)) - raft.server.rpcslowness.timeout = 120s (custom)
2019-09-26 18:20:37,550 [pool-87-thread-1] INFO  server.RaftServerConfigKeys (ConfUtils.java:logGet(43)) - raft.server.sleep.deviation.threshold = 300 (default)
2019-09-26 18:20:37,550 [pool-87-thread-1] INFO  server.RaftServerConfigKeys (ConfUtils.java:logGet(43)) - raft.server.log.appender.install.snapshot.enabled = false (custom)
2019-09-26 18:20:37,550 [pool-87-thread-1] INFO  impl.RaftServerImpl (ServerState.java:<init>(103)) - 6c2fb94c-a365-43b2-bbf6-b1ef1568b50c@group-C971C529400C: ConfigurationManager, init=-1: [6c2fb94c-a365-43b2-bbf6-b1ef1568b50c:192.168.157.234:46404], old=null, confs=<EMPTY_MAP>
2019-09-26 18:20:37,550 [pool-87-thread-1] INFO  server.RaftServerConfigKeys (ConfUtils.java:logGet(43)) - raft.server.storage.dir = [/workdir/hadoop-ozone/ozonefs/target/test-dir/MiniOzoneClusterImpl-4cd181c8-bc9e-4466-88a4-d14dd15eb960/datanode-6/data/ratis] (custom)
2019-09-26 18:20:37,551 [pool-87-thread-1] INFO  storage.RaftStorageDirectory (RaftStorageDirectory.java:analyzeStorage(246)) - The storage directory /workdir/hadoop-ozone/ozonefs/target/test-dir/MiniOzoneClusterImpl-4cd181c8-bc9e-4466-88a4-d14dd15eb960/datanode-6/data/ratis/3afde9b4-8297-4103-8dd0-c971c529400c does not exist. Creating ...
2019-09-26 18:20:37,565 [pool-87-thread-1] INFO  storage.RaftStorageDirectory (RaftStorageDirectory.java:tryLock(328)) - Lock on /workdir/hadoop-ozone/ozonefs/target/test-dir/MiniOzoneClusterImpl-4cd181c8-bc9e-4466-88a4-d14dd15eb960/datanode-6/data/ratis/3afde9b4-8297-4103-8dd0-c971c529400c/in_use.lock acquired by nodename 12203@pr-hdds-2162-htzpk-1451759861
2019-09-26 18:20:37,578 [pool-87-thread-1] INFO  storage.RaftStorage (RaftStorage.java:format(72)) - Storage directory /workdir/hadoop-ozone/ozonefs/target/test-dir/MiniOzoneClusterImpl-4cd181c8-bc9e-4466-88a4-d14dd15eb960/datanode-6/data/ratis/3afde9b4-8297-4103-8dd0-c971c529400c has been successfully formatted.
2019-09-26 18:20:37,578 [pool-87-thread-1] INFO  ratis.ContainerStateMachine (ContainerStateMachine.java:loadSnapshot(230)) - group-C971C529400C: The snapshot info is null. Setting the last applied indexto:(t:0, i:~)
2019-09-26 18:20:37,578 [pool-87-thread-1] INFO  server.RaftServerConfigKeys (ConfUtils.java:logGet(43)) - raft.server.notification.no-leader.timeout = 120s (custom)
2019-09-26 18:20:37,579 [pool-87-thread-1] INFO  server.RaftServerConfigKeys (ConfUtils.java:logGet(43)) - raft.server.log.use.memory = false (default)
2019-09-26 18:20:37,579 [pool-87-thread-1] INFO  server.RaftServerConfigKeys (ConfUtils.java:logGet(43)) - raft.server.log.purge.gap = 1000000 (custom)
2019-09-26 18:20:37,579 [pool-87-thread-1] INFO  server.RaftServerConfigKeys (ConfUtils.java:logGet(43)) - raft.server.log.appender.buffer.byte-limit = 33554432 (custom)
2019-09-26 18:20:37,579 [pool-87-thread-1] INFO  server.RaftServerConfigKeys (ConfUtils.java:logGet(43)) - raft.server.log.segment.size.max = 1048576 (custom)
2019-09-26 18:20:37,580 [pool-87-thread-1] INFO  server.RaftServerConfigKeys (ConfUtils.java:logGet(43)) - raft.server.log.segment.cache.num.max = 2 (custom)
2019-09-26 18:20:37,581 [pool-87-thread-1] INFO  segmented.SegmentedRaftLogWorker (SegmentedRaftLogWorker.java:<init>(172)) - new 6c2fb94c-a365-43b2-bbf6-b1ef1568b50c@group-C971C529400C-SegmentedRaftLogWorker for RaftStorage:Storage Directory /workdir/hadoop-ozone/ozonefs/target/test-dir/MiniOzoneClusterImpl-4cd181c8-bc9e-4466-88a4-d14dd15eb960/datanode-6/data/ratis/3afde9b4-8297-4103-8dd0-c971c529400c
2019-09-26 18:20:37,588 [pool-87-thread-1] INFO  server.RaftServerConfigKeys (ConfUtils.java:logGet(43)) - raft.server.log.queue.byte-limit = 2147483647 (custom)
2019-09-26 18:20:37,588 [pool-87-thread-1] INFO  server.RaftServerConfigKeys (ConfUtils.java:logGet(43)) - raft.server.log.queue.element-limit = 1024 (custom)
2019-09-26 18:20:37,588 [pool-87-thread-1] INFO  server.RaftServerConfigKeys (ConfUtils.java:logGet(43)) - raft.server.log.segment.size.max = 1048576 (custom)
2019-09-26 18:20:37,588 [pool-87-thread-1] INFO  server.RaftServerConfigKeys (ConfUtils.java:logGet(43)) - raft.server.log.preallocated.size = 16384 (custom)
2019-09-26 18:20:37,588 [pool-87-thread-1] INFO  server.RaftServerConfigKeys (ConfUtils.java:logGet(43)) - raft.server.log.write.buffer.size = 33554432 (custom)
2019-09-26 18:20:37,589 [pool-87-thread-1] INFO  server.RaftServerConfigKeys (ConfUtils.java:logGet(43)) - raft.server.log.force.sync.num = 128 (default)
2019-09-26 18:20:37,589 [pool-87-thread-1] INFO  server.RaftServerConfigKeys (ConfUtils.java:logGet(43)) - raft.server.log.statemachine.data.sync = true (default)
2019-09-26 18:20:37,589 [pool-87-thread-1] INFO  server.RaftServerConfigKeys (ConfUtils.java:logGet(43)) - raft.server.log.statemachine.data.sync.timeout = 10s (default)
2019-09-26 18:20:37,589 [pool-87-thread-1] INFO  server.RaftServerConfigKeys (ConfUtils.java:logGet(43)) - raft.server.log.statemachine.data.sync.timeout.retry = -1 (default)
2019-09-26 18:20:37,589 [pool-87-thread-1] INFO  server.RaftServerConfigKeys (ConfUtils.java:logGet(43)) - raft.server.log.statemachine.data.caching.enabled = true (custom)
2019-09-26 18:20:37,590 [pool-87-thread-1] INFO  segmented.SegmentedRaftLogWorker (SegmentedRaftLogWorker.java:lambda$new$0(132)) - 6c2fb94c-a365-43b2-bbf6-b1ef1568b50c@group-C971C529400C-SegmentedRaftLogWorker: flushIndex: setUnconditionally 0 -> -1
2019-09-26 18:20:37,590 [pool-87-thread-1] INFO  server.RaftServerConfigKeys (ConfUtils.java:logGet(43)) - raft.server.snapshot.auto.trigger.enabled = true (custom)
2019-09-26 18:20:37,590 [pool-87-thread-1] INFO  server.RaftServerConfigKeys (ConfUtils.java:logGet(43)) - raft.server.snapshot.auto.trigger.threshold = 10000 (custom)
2019-09-26 18:20:37,590 [pool-87-thread-1] INFO  server.RaftServerConfigKeys (ConfUtils.java:logGet(43)) - raft.server.snapshot.retention.num.files = 5 (custom)
2019-09-26 18:20:37,590 [pool-87-thread-1] INFO  server.RaftServerConfigKeys (ConfUtils.java:logGet(43)) - raft.server.retrycache.expirytime = 600000ms (custom)
2019-09-26 18:20:37,593 [pool-87-thread-1] INFO  impl.RaftServerImpl (RaftServerImpl.java:start(185)) - 6c2fb94c-a365-43b2-bbf6-b1ef1568b50c@group-C971C529400C: start as a follower, conf=-1: [6c2fb94c-a365-43b2-bbf6-b1ef1568b50c:192.168.157.234:46404], old=null
2019-09-26 18:20:37,593 [pool-87-thread-1] INFO  impl.RaftServerImpl (RaftServerImpl.java:setRole(174)) - 6c2fb94c-a365-43b2-bbf6-b1ef1568b50c@group-C971C529400C: changes role from      null to FOLLOWER at term 0 for startAsFollower
2019-09-26 18:20:37,593 [pool-87-thread-1] INFO  impl.RoleInfo (RoleInfo.java:updateAndGet(143)) - 6c2fb94c-a365-43b2-bbf6-b1ef1568b50c: start FollowerState
2019-09-26 18:20:37,593 [pool-87-thread-1] INFO  util.JmxRegister (JmxRegister.java:tryRegister(44)) - Successfully registered JMX Bean with object name Ratis:service=RaftServer,group=group-C971C529400C,id=6c2fb94c-a365-43b2-bbf6-b1ef1568b50c
2019-09-26 18:20:37,608 [RatisPipelineUtilsThread] INFO  pipeline.PipelineStateManager (PipelineStateManager.java:addPipeline(56)) - Created pipeline Pipeline[ Id: 3afde9b4-8297-4103-8dd0-c971c529400c, Nodes: 6c2fb94c-a365-43b2-bbf6-b1ef1568b50c{ip: 192.168.157.234, host: pr-hdds-2162-htzpk-1451759861, networkLocation: /default-rack, certSerialId: null}, Type:RATIS, Factor:ONE, State:OPEN]
2019-09-26 18:20:37,639 [grpc-default-executor-0] INFO  impl.RaftServerProxy (RaftServerProxy.java:addNew(89)) - ec22b462-faa7-446e-b905-d6083fd751dd: addNew group-72A6158BF803:[ec22b462-faa7-446e-b905-d6083fd751dd:192.168.157.234:42096] returns group-72A6158BF803:java.util.concurrent.CompletableFuture@6a896c06[Not completed]
2019-09-26 18:20:37,650 [pool-37-thread-1] INFO  impl.RaftServerImpl (RaftServerImpl.java:<init>(95)) - ec22b462-faa7-446e-b905-d6083fd751dd: new RaftServerImpl for group-72A6158BF803:[ec22b462-faa7-446e-b905-d6083fd751dd:192.168.157.234:42096] with ContainerStateMachine:uninitialized
2019-09-26 18:20:37,651 [pool-37-thread-1] INFO  server.RaftServerConfigKeys (ConfUtils.java:logGet(43)) - raft.server.rpc.timeout.min = 5s (custom)
2019-09-26 18:20:37,651 [pool-37-thread-1] INFO  server.RaftServerConfigKeys (ConfUtils.java:logGet(43)) - raft.server.rpc.timeout.max = 5200ms (custom)
2019-09-26 18:20:37,651 [pool-37-thread-1] INFO  server.RaftServerConfigKeys (ConfUtils.java:logGet(43)) - raft.server.rpcslowness.timeout = 120s (custom)
2019-09-26 18:20:37,651 [pool-37-thread-1] INFO  server.RaftServerConfigKeys (ConfUtils.java:logGet(43)) - raft.server.sleep.deviation.threshold = 300 (default)
2019-09-26 18:20:37,651 [pool-37-thread-1] INFO  server.RaftServerConfigKeys (ConfUtils.java:logGet(43)) - raft.server.log.appender.install.snapshot.enabled = false (custom)
2019-09-26 18:20:37,651 [pool-37-thread-1] INFO  impl.RaftServerImpl (ServerState.java:<init>(103)) - ec22b462-faa7-446e-b905-d6083fd751dd@group-72A6158BF803: ConfigurationManager, init=-1: [ec22b462-faa7-446e-b905-d6083fd751dd:192.168.157.234:42096], old=null, confs=<EMPTY_MAP>
2019-09-26 18:20:37,652 [pool-37-thread-1] INFO  server.RaftServerConfigKeys (ConfUtils.java:logGet(43)) - raft.server.storage.dir = [/workdir/hadoop-ozone/ozonefs/target/test-dir/MiniOzoneClusterImpl-4cd181c8-bc9e-4466-88a4-d14dd15eb960/datanode-1/data/ratis] (custom)
2019-09-26 18:20:37,652 [pool-37-thread-1] INFO  storage.RaftStorageDirectory (RaftStorageDirectory.java:analyzeStorage(246)) - The storage directory /workdir/hadoop-ozone/ozonefs/target/test-dir/MiniOzoneClusterImpl-4cd181c8-bc9e-4466-88a4-d14dd15eb960/datanode-1/data/ratis/83cbd935-c848-48db-aed5-72a6158bf803 does not exist. Creating ...
2019-09-26 18:20:37,666 [pool-37-thread-1] INFO  storage.RaftStorageDirectory (RaftStorageDirectory.java:tryLock(328)) - Lock on /workdir/hadoop-ozone/ozonefs/target/test-dir/MiniOzoneClusterImpl-4cd181c8-bc9e-4466-88a4-d14dd15eb960/datanode-1/data/ratis/83cbd935-c848-48db-aed5-72a6158bf803/in_use.lock acquired by nodename 12203@pr-hdds-2162-htzpk-1451759861
2019-09-26 18:20:37,686 [pool-37-thread-1] INFO  storage.RaftStorage (RaftStorage.java:format(72)) - Storage directory /workdir/hadoop-ozone/ozonefs/target/test-dir/MiniOzoneClusterImpl-4cd181c8-bc9e-4466-88a4-d14dd15eb960/datanode-1/data/ratis/83cbd935-c848-48db-aed5-72a6158bf803 has been successfully formatted.
2019-09-26 18:20:37,686 [pool-37-thread-1] INFO  ratis.ContainerStateMachine (ContainerStateMachine.java:loadSnapshot(230)) - group-72A6158BF803: The snapshot info is null. Setting the last applied indexto:(t:0, i:~)
2019-09-26 18:20:37,686 [pool-37-thread-1] INFO  server.RaftServerConfigKeys (ConfUtils.java:logGet(43)) - raft.server.notification.no-leader.timeout = 120s (custom)
2019-09-26 18:20:37,686 [pool-37-thread-1] INFO  server.RaftServerConfigKeys (ConfUtils.java:logGet(43)) - raft.server.log.use.memory = false (default)
2019-09-26 18:20:37,686 [pool-37-thread-1] INFO  server.RaftServerConfigKeys (ConfUtils.java:logGet(43)) - raft.server.log.purge.gap = 1000000 (custom)
2019-09-26 18:20:37,686 [pool-37-thread-1] INFO  server.RaftServerConfigKeys (ConfUtils.java:logGet(43)) - raft.server.log.appender.buffer.byte-limit = 33554432 (custom)
2019-09-26 18:20:37,687 [pool-37-thread-1] INFO  server.RaftServerConfigKeys (ConfUtils.java:logGet(43)) - raft.server.log.segment.size.max = 1048576 (custom)
2019-09-26 18:20:37,687 [pool-37-thread-1] INFO  server.RaftServerConfigKeys (ConfUtils.java:logGet(43)) - raft.server.log.segment.cache.num.max = 2 (custom)
2019-09-26 18:20:37,687 [pool-37-thread-1] INFO  segmented.SegmentedRaftLogWorker (SegmentedRaftLogWorker.java:<init>(172)) - new ec22b462-faa7-446e-b905-d6083fd751dd@group-72A6158BF803-SegmentedRaftLogWorker for RaftStorage:Storage Directory /workdir/hadoop-ozone/ozonefs/target/test-dir/MiniOzoneClusterImpl-4cd181c8-bc9e-4466-88a4-d14dd15eb960/datanode-1/data/ratis/83cbd935-c848-48db-aed5-72a6158bf803
2019-09-26 18:20:37,689 [pool-37-thread-1] INFO  server.RaftServerConfigKeys (ConfUtils.java:logGet(43)) - raft.server.log.queue.byte-limit = 2147483647 (custom)
2019-09-26 18:20:37,690 [pool-37-thread-1] INFO  server.RaftServerConfigKeys (ConfUtils.java:logGet(43)) - raft.server.log.queue.element-limit = 1024 (custom)
2019-09-26 18:20:37,690 [pool-37-thread-1] INFO  server.RaftServerConfigKeys (ConfUtils.java:logGet(43)) - raft.server.log.segment.size.max = 1048576 (custom)
2019-09-26 18:20:37,690 [pool-37-thread-1] INFO  server.RaftServerConfigKeys (ConfUtils.java:logGet(43)) - raft.server.log.preallocated.size = 16384 (custom)
2019-09-26 18:20:37,690 [pool-37-thread-1] INFO  server.RaftServerConfigKeys (ConfUtils.java:logGet(43)) - raft.server.log.write.buffer.size = 33554432 (custom)
2019-09-26 18:20:37,690 [pool-37-thread-1] INFO  server.RaftServerConfigKeys (ConfUtils.java:logGet(43)) - raft.server.log.force.sync.num = 128 (default)
2019-09-26 18:20:37,690 [pool-37-thread-1] INFO  server.RaftServerConfigKeys (ConfUtils.java:logGet(43)) - raft.server.log.statemachine.data.sync = true (default)
2019-09-26 18:20:37,691 [pool-37-thread-1] INFO  server.RaftServerConfigKeys (ConfUtils.java:logGet(43)) - raft.server.log.statemachine.data.sync.timeout = 10s (default)
2019-09-26 18:20:37,691 [pool-37-thread-1] INFO  server.RaftServerConfigKeys (ConfUtils.java:logGet(43)) - raft.server.log.statemachine.data.sync.timeout.retry = -1 (default)
2019-09-26 18:20:37,693 [pool-37-thread-1] INFO  server.RaftServerConfigKeys (ConfUtils.java:logGet(43)) - raft.server.log.statemachine.data.caching.enabled = true (custom)
2019-09-26 18:20:37,694 [pool-37-thread-1] INFO  segmented.SegmentedRaftLogWorker (SegmentedRaftLogWorker.java:lambda$new$0(132)) - ec22b462-faa7-446e-b905-d6083fd751dd@group-72A6158BF803-SegmentedRaftLogWorker: flushIndex: setUnconditionally 0 -> -1
2019-09-26 18:20:37,694 [pool-37-thread-1] INFO  server.RaftServerConfigKeys (ConfUtils.java:logGet(43)) - raft.server.snapshot.auto.trigger.enabled = true (custom)
2019-09-26 18:20:37,694 [pool-37-thread-1] INFO  server.RaftServerConfigKeys (ConfUtils.java:logGet(43)) - raft.server.snapshot.auto.trigger.threshold = 10000 (custom)
2019-09-26 18:20:37,695 [pool-37-thread-1] INFO  server.RaftServerConfigKeys (ConfUtils.java:logGet(43)) - raft.server.snapshot.retention.num.files = 5 (custom)
2019-09-26 18:20:37,695 [pool-37-thread-1] INFO  server.RaftServerConfigKeys (ConfUtils.java:logGet(43)) - raft.server.retrycache.expirytime = 600000ms (custom)
2019-09-26 18:20:37,698 [pool-37-thread-1] INFO  impl.RaftServerImpl (RaftServerImpl.java:start(185)) - ec22b462-faa7-446e-b905-d6083fd751dd@group-72A6158BF803: start as a follower, conf=-1: [ec22b462-faa7-446e-b905-d6083fd751dd:192.168.157.234:42096], old=null
2019-09-26 18:20:37,699 [pool-37-thread-1] INFO  impl.RaftServerImpl (RaftServerImpl.java:setRole(174)) - ec22b462-faa7-446e-b905-d6083fd751dd@group-72A6158BF803: changes role from      null to FOLLOWER at term 0 for startAsFollower
2019-09-26 18:20:37,699 [pool-37-thread-1] INFO  impl.RoleInfo (RoleInfo.java:updateAndGet(143)) - ec22b462-faa7-446e-b905-d6083fd751dd: start FollowerState
2019-09-26 18:20:37,699 [pool-37-thread-1] INFO  util.JmxRegister (JmxRegister.java:tryRegister(44)) - Successfully registered JMX Bean with object name Ratis:service=RaftServer,group=group-72A6158BF803,id=ec22b462-faa7-446e-b905-d6083fd751dd
2019-09-26 18:20:37,715 [RatisPipelineUtilsThread] INFO  pipeline.PipelineStateManager (PipelineStateManager.java:addPipeline(56)) - Created pipeline Pipeline[ Id: 83cbd935-c848-48db-aed5-72a6158bf803, Nodes: ec22b462-faa7-446e-b905-d6083fd751dd{ip: 192.168.157.234, host: pr-hdds-2162-htzpk-1451759861, networkLocation: /default-rack, certSerialId: null}, Type:RATIS, Factor:ONE, State:OPEN]
2019-09-26 18:20:37,743 [grpc-default-executor-2] INFO  impl.RaftServerProxy (RaftServerProxy.java:addNew(89)) - 6d4b3972-949b-4922-a608-4c13a92fd060: addNew group-D24A3562F45D:[93947204-6523-4053-8a53-59a9107be111:192.168.157.234:37418, bae3409c-6898-459a-9ead-f389836c7215:192.168.157.234:35770, 6d4b3972-949b-4922-a608-4c13a92fd060:192.168.157.234:34362] returns group-D24A3562F45D:java.util.concurrent.CompletableFuture@6afcc63c[Not completed]
2019-09-26 18:20:37,746 [grpc-default-executor-1] INFO  impl.RaftServerProxy (RaftServerProxy.java:addNew(89)) - 93947204-6523-4053-8a53-59a9107be111: addNew group-D24A3562F45D:[93947204-6523-4053-8a53-59a9107be111:192.168.157.234:37418, bae3409c-6898-459a-9ead-f389836c7215:192.168.157.234:35770, 6d4b3972-949b-4922-a608-4c13a92fd060:192.168.157.234:34362] returns group-D24A3562F45D:java.util.concurrent.CompletableFuture@ba7cd0d[Not completed]
2019-09-26 18:20:37,748 [grpc-default-executor-2] INFO  impl.RaftServerProxy (RaftServerProxy.java:addNew(89)) - bae3409c-6898-459a-9ead-f389836c7215: addNew group-D24A3562F45D:[93947204-6523-4053-8a53-59a9107be111:192.168.157.234:37418, bae3409c-6898-459a-9ead-f389836c7215:192.168.157.234:35770, 6d4b3972-949b-4922-a608-4c13a92fd060:192.168.157.234:34362] returns group-D24A3562F45D:java.util.concurrent.CompletableFuture@2ffe4507[Not completed]
2019-09-26 18:20:37,748 [pool-97-thread-1] INFO  impl.RaftServerImpl (RaftServerImpl.java:<init>(95)) - 6d4b3972-949b-4922-a608-4c13a92fd060: new RaftServerImpl for group-D24A3562F45D:[93947204-6523-4053-8a53-59a9107be111:192.168.157.234:37418, bae3409c-6898-459a-9ead-f389836c7215:192.168.157.234:35770, 6d4b3972-949b-4922-a608-4c13a92fd060:192.168.157.234:34362] with ContainerStateMachine:uninitialized
2019-09-26 18:20:37,748 [pool-97-thread-1] INFO  server.RaftServerConfigKeys (ConfUtils.java:logGet(43)) - raft.server.rpc.timeout.min = 5s (custom)
2019-09-26 18:20:37,749 [pool-97-thread-1] INFO  server.RaftServerConfigKeys (ConfUtils.java:logGet(43)) - raft.server.rpc.timeout.max = 5200ms (custom)
2019-09-26 18:20:37,749 [pool-97-thread-1] INFO  server.RaftServerConfigKeys (ConfUtils.java:logGet(43)) - raft.server.rpcslowness.timeout = 120s (custom)
2019-09-26 18:20:37,749 [pool-97-thread-1] INFO  server.RaftServerConfigKeys (ConfUtils.java:logGet(43)) - raft.server.sleep.deviation.threshold = 300 (default)
2019-09-26 18:20:37,749 [pool-97-thread-1] INFO  server.RaftServerConfigKeys (ConfUtils.java:logGet(43)) - raft.server.log.appender.install.snapshot.enabled = false (custom)
2019-09-26 18:20:37,749 [pool-97-thread-1] INFO  impl.RaftServerImpl (ServerState.java:<init>(103)) - 6d4b3972-949b-4922-a608-4c13a92fd060@group-D24A3562F45D: ConfigurationManager, init=-1: [93947204-6523-4053-8a53-59a9107be111:192.168.157.234:37418, bae3409c-6898-459a-9ead-f389836c7215:192.168.157.234:35770, 6d4b3972-949b-4922-a608-4c13a92fd060:192.168.157.234:34362], old=null, confs=<EMPTY_MAP>
2019-09-26 18:20:37,749 [pool-107-thread-1] INFO  impl.RaftServerImpl (RaftServerImpl.java:<init>(95)) - 93947204-6523-4053-8a53-59a9107be111: new RaftServerImpl for group-D24A3562F45D:[93947204-6523-4053-8a53-59a9107be111:192.168.157.234:37418, bae3409c-6898-459a-9ead-f389836c7215:192.168.157.234:35770, 6d4b3972-949b-4922-a608-4c13a92fd060:192.168.157.234:34362] with ContainerStateMachine:uninitialized
2019-09-26 18:20:37,749 [pool-97-thread-1] INFO  server.RaftServerConfigKeys (ConfUtils.java:logGet(43)) - raft.server.storage.dir = [/workdir/hadoop-ozone/ozonefs/target/test-dir/MiniOzoneClusterImpl-4cd181c8-bc9e-4466-88a4-d14dd15eb960/datanode-7/data/ratis] (custom)
2019-09-26 18:20:37,750 [pool-107-thread-1] INFO  server.RaftServerConfigKeys (ConfUtils.java:logGet(43)) - raft.server.rpc.timeout.min = 5s (custom)
2019-09-26 18:20:37,750 [pool-107-thread-1] INFO  server.RaftServerConfigKeys (ConfUtils.java:logGet(43)) - raft.server.rpc.timeout.max = 5200ms (custom)
2019-09-26 18:20:37,750 [pool-97-thread-1] INFO  storage.RaftStorageDirectory (RaftStorageDirectory.java:analyzeStorage(246)) - The storage directory /workdir/hadoop-ozone/ozonefs/target/test-dir/MiniOzoneClusterImpl-4cd181c8-bc9e-4466-88a4-d14dd15eb960/datanode-7/data/ratis/b7207480-d3dd-489c-9dbd-d24a3562f45d does not exist. Creating ...
2019-09-26 18:20:37,750 [pool-107-thread-1] INFO  server.RaftServerConfigKeys (ConfUtils.java:logGet(43)) - raft.server.rpcslowness.timeout = 120s (custom)
2019-09-26 18:20:37,750 [pool-107-thread-1] INFO  server.RaftServerConfigKeys (ConfUtils.java:logGet(43)) - raft.server.sleep.deviation.threshold = 300 (default)
2019-09-26 18:20:37,750 [pool-107-thread-1] INFO  server.RaftServerConfigKeys (ConfUtils.java:logGet(43)) - raft.server.log.appender.install.snapshot.enabled = false (custom)
2019-09-26 18:20:37,750 [pool-67-thread-1] INFO  impl.RaftServerImpl (RaftServerImpl.java:<init>(95)) - bae3409c-6898-459a-9ead-f389836c7215: new RaftServerImpl for group-D24A3562F45D:[93947204-6523-4053-8a53-59a9107be111:192.168.157.234:37418, bae3409c-6898-459a-9ead-f389836c7215:192.168.157.234:35770, 6d4b3972-949b-4922-a608-4c13a92fd060:192.168.157.234:34362] with ContainerStateMachine:uninitialized
2019-09-26 18:20:37,751 [pool-107-thread-1] INFO  impl.RaftServerImpl (ServerState.java:<init>(103)) - 93947204-6523-4053-8a53-59a9107be111@group-D24A3562F45D: ConfigurationManager, init=-1: [93947204-6523-4053-8a53-59a9107be111:192.168.157.234:37418, bae3409c-6898-459a-9ead-f389836c7215:192.168.157.234:35770, 6d4b3972-949b-4922-a608-4c13a92fd060:192.168.157.234:34362], old=null, confs=<EMPTY_MAP>
2019-09-26 18:20:37,751 [pool-67-thread-1] INFO  server.RaftServerConfigKeys (ConfUtils.java:logGet(43)) - raft.server.rpc.timeout.min = 5s (custom)
2019-09-26 18:20:37,751 [pool-107-thread-1] INFO  server.RaftServerConfigKeys (ConfUtils.java:logGet(43)) - raft.server.storage.dir = [/workdir/hadoop-ozone/ozonefs/target/test-dir/MiniOzoneClusterImpl-4cd181c8-bc9e-4466-88a4-d14dd15eb960/datanode-8/data/ratis] (custom)
2019-09-26 18:20:37,751 [pool-67-thread-1] INFO  server.RaftServerConfigKeys (ConfUtils.java:logGet(43)) - raft.server.rpc.timeout.max = 5200ms (custom)
2019-09-26 18:20:37,751 [pool-67-thread-1] INFO  server.RaftServerConfigKeys (ConfUtils.java:logGet(43)) - raft.server.rpcslowness.timeout = 120s (custom)
2019-09-26 18:20:37,751 [pool-107-thread-1] INFO  storage.RaftStorageDirectory (RaftStorageDirectory.java:analyzeStorage(246)) - The storage directory /workdir/hadoop-ozone/ozonefs/target/test-dir/MiniOzoneClusterImpl-4cd181c8-bc9e-4466-88a4-d14dd15eb960/datanode-8/data/ratis/b7207480-d3dd-489c-9dbd-d24a3562f45d does not exist. Creating ...
2019-09-26 18:20:37,751 [pool-67-thread-1] INFO  server.RaftServerConfigKeys (ConfUtils.java:logGet(43)) - raft.server.sleep.deviation.threshold = 300 (default)
2019-09-26 18:20:37,752 [pool-67-thread-1] INFO  server.RaftServerConfigKeys (ConfUtils.java:logGet(43)) - raft.server.log.appender.install.snapshot.enabled = false (custom)
2019-09-26 18:20:37,752 [pool-67-thread-1] INFO  impl.RaftServerImpl (ServerState.java:<init>(103)) - bae3409c-6898-459a-9ead-f389836c7215@group-D24A3562F45D: ConfigurationManager, init=-1: [93947204-6523-4053-8a53-59a9107be111:192.168.157.234:37418, bae3409c-6898-459a-9ead-f389836c7215:192.168.157.234:35770, 6d4b3972-949b-4922-a608-4c13a92fd060:192.168.157.234:34362], old=null, confs=<EMPTY_MAP>
2019-09-26 18:20:37,752 [pool-67-thread-1] INFO  server.RaftServerConfigKeys (ConfUtils.java:logGet(43)) - raft.server.storage.dir = [/workdir/hadoop-ozone/ozonefs/target/test-dir/MiniOzoneClusterImpl-4cd181c8-bc9e-4466-88a4-d14dd15eb960/datanode-4/data/ratis] (custom)
2019-09-26 18:20:37,752 [pool-67-thread-1] INFO  storage.RaftStorageDirectory (RaftStorageDirectory.java:analyzeStorage(246)) - The storage directory /workdir/hadoop-ozone/ozonefs/target/test-dir/MiniOzoneClusterImpl-4cd181c8-bc9e-4466-88a4-d14dd15eb960/datanode-4/data/ratis/b7207480-d3dd-489c-9dbd-d24a3562f45d does not exist. Creating ...
2019-09-26 18:20:37,764 [pool-107-thread-1] INFO  storage.RaftStorageDirectory (RaftStorageDirectory.java:tryLock(328)) - Lock on /workdir/hadoop-ozone/ozonefs/target/test-dir/MiniOzoneClusterImpl-4cd181c8-bc9e-4466-88a4-d14dd15eb960/datanode-8/data/ratis/b7207480-d3dd-489c-9dbd-d24a3562f45d/in_use.lock acquired by nodename 12203@pr-hdds-2162-htzpk-1451759861
2019-09-26 18:20:37,764 [pool-97-thread-1] INFO  storage.RaftStorageDirectory (RaftStorageDirectory.java:tryLock(328)) - Lock on /workdir/hadoop-ozone/ozonefs/target/test-dir/MiniOzoneClusterImpl-4cd181c8-bc9e-4466-88a4-d14dd15eb960/datanode-7/data/ratis/b7207480-d3dd-489c-9dbd-d24a3562f45d/in_use.lock acquired by nodename 12203@pr-hdds-2162-htzpk-1451759861
2019-09-26 18:20:37,764 [pool-67-thread-1] INFO  storage.RaftStorageDirectory (RaftStorageDirectory.java:tryLock(328)) - Lock on /workdir/hadoop-ozone/ozonefs/target/test-dir/MiniOzoneClusterImpl-4cd181c8-bc9e-4466-88a4-d14dd15eb960/datanode-4/data/ratis/b7207480-d3dd-489c-9dbd-d24a3562f45d/in_use.lock acquired by nodename 12203@pr-hdds-2162-htzpk-1451759861
2019-09-26 18:20:37,778 [pool-97-thread-1] INFO  storage.RaftStorage (RaftStorage.java:format(72)) - Storage directory /workdir/hadoop-ozone/ozonefs/target/test-dir/MiniOzoneClusterImpl-4cd181c8-bc9e-4466-88a4-d14dd15eb960/datanode-7/data/ratis/b7207480-d3dd-489c-9dbd-d24a3562f45d has been successfully formatted.
2019-09-26 18:20:37,778 [pool-107-thread-1] INFO  storage.RaftStorage (RaftStorage.java:format(72)) - Storage directory /workdir/hadoop-ozone/ozonefs/target/test-dir/MiniOzoneClusterImpl-4cd181c8-bc9e-4466-88a4-d14dd15eb960/datanode-8/data/ratis/b7207480-d3dd-489c-9dbd-d24a3562f45d has been successfully formatted.
2019-09-26 18:20:37,778 [pool-67-thread-1] INFO  storage.RaftStorage (RaftStorage.java:format(72)) - Storage directory /workdir/hadoop-ozone/ozonefs/target/test-dir/MiniOzoneClusterImpl-4cd181c8-bc9e-4466-88a4-d14dd15eb960/datanode-4/data/ratis/b7207480-d3dd-489c-9dbd-d24a3562f45d has been successfully formatted.
2019-09-26 18:20:37,779 [pool-97-thread-1] INFO  ratis.ContainerStateMachine (ContainerStateMachine.java:loadSnapshot(230)) - group-D24A3562F45D: The snapshot info is null. Setting the last applied indexto:(t:0, i:~)
2019-09-26 18:20:37,779 [pool-107-thread-1] INFO  ratis.ContainerStateMachine (ContainerStateMachine.java:loadSnapshot(230)) - group-D24A3562F45D: The snapshot info is null. Setting the last applied indexto:(t:0, i:~)
2019-09-26 18:20:37,779 [pool-97-thread-1] INFO  server.RaftServerConfigKeys (ConfUtils.java:logGet(43)) - raft.server.notification.no-leader.timeout = 120s (custom)
2019-09-26 18:20:37,779 [pool-107-thread-1] INFO  server.RaftServerConfigKeys (ConfUtils.java:logGet(43)) - raft.server.notification.no-leader.timeout = 120s (custom)
2019-09-26 18:20:37,779 [pool-67-thread-1] INFO  ratis.ContainerStateMachine (ContainerStateMachine.java:loadSnapshot(230)) - group-D24A3562F45D: The snapshot info is null. Setting the last applied indexto:(t:0, i:~)
2019-09-26 18:20:37,779 [pool-107-thread-1] INFO  server.RaftServerConfigKeys (ConfUtils.java:logGet(43)) - raft.server.log.use.memory = false (default)
2019-09-26 18:20:37,779 [pool-97-thread-1] INFO  server.RaftServerConfigKeys (ConfUtils.java:logGet(43)) - raft.server.log.use.memory = false (default)
2019-09-26 18:20:37,779 [pool-107-thread-1] INFO  server.RaftServerConfigKeys (ConfUtils.java:logGet(43)) - raft.server.log.purge.gap = 1000000 (custom)
2019-09-26 18:20:37,779 [pool-67-thread-1] INFO  server.RaftServerConfigKeys (ConfUtils.java:logGet(43)) - raft.server.notification.no-leader.timeout = 120s (custom)
2019-09-26 18:20:37,780 [pool-107-thread-1] INFO  server.RaftServerConfigKeys (ConfUtils.java:logGet(43)) - raft.server.log.appender.buffer.byte-limit = 33554432 (custom)
2019-09-26 18:20:37,780 [pool-97-thread-1] INFO  server.RaftServerConfigKeys (ConfUtils.java:logGet(43)) - raft.server.log.purge.gap = 1000000 (custom)
2019-09-26 18:20:37,780 [pool-107-thread-1] INFO  server.RaftServerConfigKeys (ConfUtils.java:logGet(43)) - raft.server.log.segment.size.max = 1048576 (custom)
2019-09-26 18:20:37,780 [pool-67-thread-1] INFO  server.RaftServerConfigKeys (ConfUtils.java:logGet(43)) - raft.server.log.use.memory = false (default)
2019-09-26 18:20:37,780 [pool-107-thread-1] INFO  server.RaftServerConfigKeys (ConfUtils.java:logGet(43)) - raft.server.log.segment.cache.num.max = 2 (custom)
2019-09-26 18:20:37,780 [pool-97-thread-1] INFO  server.RaftServerConfigKeys (ConfUtils.java:logGet(43)) - raft.server.log.appender.buffer.byte-limit = 33554432 (custom)
2019-09-26 18:20:37,780 [pool-107-thread-1] INFO  segmented.SegmentedRaftLogWorker (SegmentedRaftLogWorker.java:<init>(172)) - new 93947204-6523-4053-8a53-59a9107be111@group-D24A3562F45D-SegmentedRaftLogWorker for RaftStorage:Storage Directory /workdir/hadoop-ozone/ozonefs/target/test-dir/MiniOzoneClusterImpl-4cd181c8-bc9e-4466-88a4-d14dd15eb960/datanode-8/data/ratis/b7207480-d3dd-489c-9dbd-d24a3562f45d
2019-09-26 18:20:37,780 [pool-67-thread-1] INFO  server.RaftServerConfigKeys (ConfUtils.java:logGet(43)) - raft.server.log.purge.gap = 1000000 (custom)
2019-09-26 18:20:37,781 [pool-107-thread-1] INFO  server.RaftServerConfigKeys (ConfUtils.java:logGet(43)) - raft.server.log.queue.byte-limit = 2147483647 (custom)
2019-09-26 18:20:37,780 [pool-97-thread-1] INFO  server.RaftServerConfigKeys (ConfUtils.java:logGet(43)) - raft.server.log.segment.size.max = 1048576 (custom)
2019-09-26 18:20:37,781 [pool-107-thread-1] INFO  server.RaftServerConfigKeys (ConfUtils.java:logGet(43)) - raft.server.log.queue.element-limit = 1024 (custom)
2019-09-26 18:20:37,781 [pool-67-thread-1] INFO  server.RaftServerConfigKeys (ConfUtils.java:logGet(43)) - raft.server.log.appender.buffer.byte-limit = 33554432 (custom)
2019-09-26 18:20:37,781 [pool-107-thread-1] INFO  server.RaftServerConfigKeys (ConfUtils.java:logGet(43)) - raft.server.log.segment.size.max = 1048576 (custom)
2019-09-26 18:20:37,781 [pool-97-thread-1] INFO  server.RaftServerConfigKeys (ConfUtils.java:logGet(43)) - raft.server.log.segment.cache.num.max = 2 (custom)
2019-09-26 18:20:37,781 [pool-107-thread-1] INFO  server.RaftServerConfigKeys (ConfUtils.java:logGet(43)) - raft.server.log.preallocated.size = 16384 (custom)
2019-09-26 18:20:37,781 [pool-67-thread-1] INFO  server.RaftServerConfigKeys (ConfUtils.java:logGet(43)) - raft.server.log.segment.size.max = 1048576 (custom)
2019-09-26 18:20:37,781 [pool-107-thread-1] INFO  server.RaftServerConfigKeys (ConfUtils.java:logGet(43)) - raft.server.log.write.buffer.size = 33554432 (custom)
2019-09-26 18:20:37,781 [pool-97-thread-1] INFO  segmented.SegmentedRaftLogWorker (SegmentedRaftLogWorker.java:<init>(172)) - new 6d4b3972-949b-4922-a608-4c13a92fd060@group-D24A3562F45D-SegmentedRaftLogWorker for RaftStorage:Storage Directory /workdir/hadoop-ozone/ozonefs/target/test-dir/MiniOzoneClusterImpl-4cd181c8-bc9e-4466-88a4-d14dd15eb960/datanode-7/data/ratis/b7207480-d3dd-489c-9dbd-d24a3562f45d
2019-09-26 18:20:37,782 [pool-107-thread-1] INFO  server.RaftServerConfigKeys (ConfUtils.java:logGet(43)) - raft.server.log.force.sync.num = 128 (default)
2019-09-26 18:20:37,782 [pool-67-thread-1] INFO  server.RaftServerConfigKeys (ConfUtils.java:logGet(43)) - raft.server.log.segment.cache.num.max = 2 (custom)
2019-09-26 18:20:37,782 [pool-107-thread-1] INFO  server.RaftServerConfigKeys (ConfUtils.java:logGet(43)) - raft.server.log.statemachine.data.sync = true (default)
2019-09-26 18:20:37,782 [pool-97-thread-1] INFO  server.RaftServerConfigKeys (ConfUtils.java:logGet(43)) - raft.server.log.queue.byte-limit = 2147483647 (custom)
2019-09-26 18:20:37,782 [pool-107-thread-1] INFO  server.RaftServerConfigKeys (ConfUtils.java:logGet(43)) - raft.server.log.statemachine.data.sync.timeout = 10s (default)
2019-09-26 18:20:37,782 [pool-67-thread-1] INFO  segmented.SegmentedRaftLogWorker (SegmentedRaftLogWorker.java:<init>(172)) - new bae3409c-6898-459a-9ead-f389836c7215@group-D24A3562F45D-SegmentedRaftLogWorker for RaftStorage:Storage Directory /workdir/hadoop-ozone/ozonefs/target/test-dir/MiniOzoneClusterImpl-4cd181c8-bc9e-4466-88a4-d14dd15eb960/datanode-4/data/ratis/b7207480-d3dd-489c-9dbd-d24a3562f45d
2019-09-26 18:20:37,782 [pool-107-thread-1] INFO  server.RaftServerConfigKeys (ConfUtils.java:logGet(43)) - raft.server.log.statemachine.data.sync.timeout.retry = -1 (default)
2019-09-26 18:20:37,782 [pool-97-thread-1] INFO  server.RaftServerConfigKeys (ConfUtils.java:logGet(43)) - raft.server.log.queue.element-limit = 1024 (custom)
2019-09-26 18:20:37,783 [pool-107-thread-1] INFO  server.RaftServerConfigKeys (ConfUtils.java:logGet(43)) - raft.server.log.statemachine.data.caching.enabled = true (custom)
2019-09-26 18:20:37,782 [pool-67-thread-1] INFO  server.RaftServerConfigKeys (ConfUtils.java:logGet(43)) - raft.server.log.queue.byte-limit = 2147483647 (custom)
2019-09-26 18:20:37,783 [pool-97-thread-1] INFO  server.RaftServerConfigKeys (ConfUtils.java:logGet(43)) - raft.server.log.segment.size.max = 1048576 (custom)
2019-09-26 18:20:37,783 [pool-67-thread-1] INFO  server.RaftServerConfigKeys (ConfUtils.java:logGet(43)) - raft.server.log.queue.element-limit = 1024 (custom)
2019-09-26 18:20:37,786 [pool-97-thread-1] INFO  server.RaftServerConfigKeys (ConfUtils.java:logGet(43)) - raft.server.log.preallocated.size = 16384 (custom)
2019-09-26 18:20:37,786 [pool-107-thread-1] INFO  segmented.SegmentedRaftLogWorker (SegmentedRaftLogWorker.java:lambda$new$0(132)) - 93947204-6523-4053-8a53-59a9107be111@group-D24A3562F45D-SegmentedRaftLogWorker: flushIndex: setUnconditionally 0 -> -1
2019-09-26 18:20:37,786 [pool-97-thread-1] INFO  server.RaftServerConfigKeys (ConfUtils.java:logGet(43)) - raft.server.log.write.buffer.size = 33554432 (custom)
2019-09-26 18:20:37,786 [pool-67-thread-1] INFO  server.RaftServerConfigKeys (ConfUtils.java:logGet(43)) - raft.server.log.segment.size.max = 1048576 (custom)
2019-09-26 18:20:37,789 [pool-107-thread-1] INFO  server.RaftServerConfigKeys (ConfUtils.java:logGet(43)) - raft.server.snapshot.auto.trigger.enabled = true (custom)
2019-09-26 18:20:37,789 [pool-97-thread-1] INFO  server.RaftServerConfigKeys (ConfUtils.java:logGet(43)) - raft.server.log.force.sync.num = 128 (default)
2019-09-26 18:20:37,790 [pool-107-thread-1] INFO  server.RaftServerConfigKeys (ConfUtils.java:logGet(43)) - raft.server.snapshot.auto.trigger.threshold = 10000 (custom)
2019-09-26 18:20:37,790 [pool-67-thread-1] INFO  server.RaftServerConfigKeys (ConfUtils.java:logGet(43)) - raft.server.log.preallocated.size = 16384 (custom)
2019-09-26 18:20:37,790 [pool-107-thread-1] INFO  server.RaftServerConfigKeys (ConfUtils.java:logGet(43)) - raft.server.snapshot.retention.num.files = 5 (custom)
2019-09-26 18:20:37,790 [pool-97-thread-1] INFO  server.RaftServerConfigKeys (ConfUtils.java:logGet(43)) - raft.server.log.statemachine.data.sync = true (default)
2019-09-26 18:20:37,790 [pool-107-thread-1] INFO  server.RaftServerConfigKeys (ConfUtils.java:logGet(43)) - raft.server.retrycache.expirytime = 600000ms (custom)
2019-09-26 18:20:37,790 [pool-67-thread-1] INFO  server.RaftServerConfigKeys (ConfUtils.java:logGet(43)) - raft.server.log.write.buffer.size = 33554432 (custom)
2019-09-26 18:20:37,790 [pool-97-thread-1] INFO  server.RaftServerConfigKeys (ConfUtils.java:logGet(43)) - raft.server.log.statemachine.data.sync.timeout = 10s (default)
2019-09-26 18:20:37,790 [pool-67-thread-1] INFO  server.RaftServerConfigKeys (ConfUtils.java:logGet(43)) - raft.server.log.force.sync.num = 128 (default)
2019-09-26 18:20:37,791 [pool-97-thread-1] INFO  server.RaftServerConfigKeys (ConfUtils.java:logGet(43)) - raft.server.log.statemachine.data.sync.timeout.retry = -1 (default)
2019-09-26 18:20:37,791 [pool-67-thread-1] INFO  server.RaftServerConfigKeys (ConfUtils.java:logGet(43)) - raft.server.log.statemachine.data.sync = true (default)
2019-09-26 18:20:37,791 [pool-97-thread-1] INFO  server.RaftServerConfigKeys (ConfUtils.java:logGet(43)) - raft.server.log.statemachine.data.caching.enabled = true (custom)
2019-09-26 18:20:37,791 [pool-67-thread-1] INFO  server.RaftServerConfigKeys (ConfUtils.java:logGet(43)) - raft.server.log.statemachine.data.sync.timeout = 10s (default)
2019-09-26 18:20:37,791 [pool-67-thread-1] INFO  server.RaftServerConfigKeys (ConfUtils.java:logGet(43)) - raft.server.log.statemachine.data.sync.timeout.retry = -1 (default)
2019-09-26 18:20:37,791 [pool-97-thread-1] INFO  segmented.SegmentedRaftLogWorker (SegmentedRaftLogWorker.java:lambda$new$0(132)) - 6d4b3972-949b-4922-a608-4c13a92fd060@group-D24A3562F45D-SegmentedRaftLogWorker: flushIndex: setUnconditionally 0 -> -1
2019-09-26 18:20:37,792 [pool-67-thread-1] INFO  server.RaftServerConfigKeys (ConfUtils.java:logGet(43)) - raft.server.log.statemachine.data.caching.enabled = true (custom)
2019-09-26 18:20:37,792 [pool-97-thread-1] INFO  server.RaftServerConfigKeys (ConfUtils.java:logGet(43)) - raft.server.snapshot.auto.trigger.enabled = true (custom)
2019-09-26 18:20:37,792 [pool-67-thread-1] INFO  segmented.SegmentedRaftLogWorker (SegmentedRaftLogWorker.java:lambda$new$0(132)) - bae3409c-6898-459a-9ead-f389836c7215@group-D24A3562F45D-SegmentedRaftLogWorker: flushIndex: setUnconditionally 0 -> -1
2019-09-26 18:20:37,792 [pool-97-thread-1] INFO  server.RaftServerConfigKeys (ConfUtils.java:logGet(43)) - raft.server.snapshot.auto.trigger.threshold = 10000 (custom)
2019-09-26 18:20:37,792 [pool-67-thread-1] INFO  server.RaftServerConfigKeys (ConfUtils.java:logGet(43)) - raft.server.snapshot.auto.trigger.enabled = true (custom)
2019-09-26 18:20:37,792 [pool-97-thread-1] INFO  server.RaftServerConfigKeys (ConfUtils.java:logGet(43)) - raft.server.snapshot.retention.num.files = 5 (custom)
2019-09-26 18:20:37,792 [pool-67-thread-1] INFO  server.RaftServerConfigKeys (ConfUtils.java:logGet(43)) - raft.server.snapshot.auto.trigger.threshold = 10000 (custom)
2019-09-26 18:20:37,792 [pool-97-thread-1] INFO  server.RaftServerConfigKeys (ConfUtils.java:logGet(43)) - raft.server.retrycache.expirytime = 600000ms (custom)
2019-09-26 18:20:37,792 [pool-67-thread-1] INFO  server.RaftServerConfigKeys (ConfUtils.java:logGet(43)) - raft.server.snapshot.retention.num.files = 5 (custom)
2019-09-26 18:20:37,793 [pool-67-thread-1] INFO  server.RaftServerConfigKeys (ConfUtils.java:logGet(43)) - raft.server.retrycache.expirytime = 600000ms (custom)
2019-09-26 18:20:37,793 [pool-107-thread-1] INFO  impl.RaftServerImpl (RaftServerImpl.java:start(185)) - 93947204-6523-4053-8a53-59a9107be111@group-D24A3562F45D: start as a follower, conf=-1: [93947204-6523-4053-8a53-59a9107be111:192.168.157.234:37418, bae3409c-6898-459a-9ead-f389836c7215:192.168.157.234:35770, 6d4b3972-949b-4922-a608-4c13a92fd060:192.168.157.234:34362], old=null
2019-09-26 18:20:37,793 [pool-107-thread-1] INFO  impl.RaftServerImpl (RaftServerImpl.java:setRole(174)) - 93947204-6523-4053-8a53-59a9107be111@group-D24A3562F45D: changes role from      null to FOLLOWER at term 0 for startAsFollower
2019-09-26 18:20:37,793 [pool-107-thread-1] INFO  impl.RoleInfo (RoleInfo.java:updateAndGet(143)) - 93947204-6523-4053-8a53-59a9107be111: start FollowerState
2019-09-26 18:20:37,794 [pool-107-thread-1] INFO  util.JmxRegister (JmxRegister.java:tryRegister(44)) - Successfully registered JMX Bean with object name Ratis:service=RaftServer,group=group-D24A3562F45D,id=93947204-6523-4053-8a53-59a9107be111
2019-09-26 18:20:37,795 [pool-97-thread-1] INFO  impl.RaftServerImpl (RaftServerImpl.java:start(185)) - 6d4b3972-949b-4922-a608-4c13a92fd060@group-D24A3562F45D: start as a follower, conf=-1: [93947204-6523-4053-8a53-59a9107be111:192.168.157.234:37418, bae3409c-6898-459a-9ead-f389836c7215:192.168.157.234:35770, 6d4b3972-949b-4922-a608-4c13a92fd060:192.168.157.234:34362], old=null
2019-09-26 18:20:37,795 [pool-97-thread-1] INFO  impl.RaftServerImpl (RaftServerImpl.java:setRole(174)) - 6d4b3972-949b-4922-a608-4c13a92fd060@group-D24A3562F45D: changes role from      null to FOLLOWER at term 0 for startAsFollower
2019-09-26 18:20:37,795 [pool-97-thread-1] INFO  impl.RoleInfo (RoleInfo.java:updateAndGet(143)) - 6d4b3972-949b-4922-a608-4c13a92fd060: start FollowerState
2019-09-26 18:20:37,795 [pool-67-thread-1] INFO  impl.RaftServerImpl (RaftServerImpl.java:start(185)) - bae3409c-6898-459a-9ead-f389836c7215@group-D24A3562F45D: start as a follower, conf=-1: [93947204-6523-4053-8a53-59a9107be111:192.168.157.234:37418, bae3409c-6898-459a-9ead-f389836c7215:192.168.157.234:35770, 6d4b3972-949b-4922-a608-4c13a92fd060:192.168.157.234:34362], old=null
2019-09-26 18:20:37,795 [pool-67-thread-1] INFO  impl.RaftServerImpl (RaftServerImpl.java:setRole(174)) - bae3409c-6898-459a-9ead-f389836c7215@group-D24A3562F45D: changes role from      null to FOLLOWER at term 0 for startAsFollower
2019-09-26 18:20:37,795 [pool-97-thread-1] INFO  util.JmxRegister (JmxRegister.java:tryRegister(44)) - Successfully registered JMX Bean with object name Ratis:service=RaftServer,group=group-D24A3562F45D,id=6d4b3972-949b-4922-a608-4c13a92fd060
2019-09-26 18:20:37,795 [pool-67-thread-1] INFO  impl.RoleInfo (RoleInfo.java:updateAndGet(143)) - bae3409c-6898-459a-9ead-f389836c7215: start FollowerState
2019-09-26 18:20:37,796 [pool-67-thread-1] INFO  util.JmxRegister (JmxRegister.java:tryRegister(44)) - Successfully registered JMX Bean with object name Ratis:service=RaftServer,group=group-D24A3562F45D,id=bae3409c-6898-459a-9ead-f389836c7215
2019-09-26 18:20:37,830 [RatisPipelineUtilsThread] INFO  pipeline.PipelineStateManager (PipelineStateManager.java:addPipeline(56)) - Created pipeline Pipeline[ Id: b7207480-d3dd-489c-9dbd-d24a3562f45d, Nodes: bae3409c-6898-459a-9ead-f389836c7215{ip: 192.168.157.234, host: pr-hdds-2162-htzpk-1451759861, networkLocation: /default-rack, certSerialId: null}93947204-6523-4053-8a53-59a9107be111{ip: 192.168.157.234, host: pr-hdds-2162-htzpk-1451759861, networkLocation: /default-rack, certSerialId: null}6d4b3972-949b-4922-a608-4c13a92fd060{ip: 192.168.157.234, host: pr-hdds-2162-htzpk-1451759861, networkLocation: /default-rack, certSerialId: null}, Type:RATIS, Factor:THREE, State:OPEN]
2019-09-26 18:20:37,856 [grpc-default-executor-0] INFO  impl.RaftServerProxy (RaftServerProxy.java:addNew(89)) - 2f4b2a07-0a7a-46e2-b6cf-45c85d46ba30: addNew group-82EBB51B89A0:[a97db397-b1f1-4b99-87cc-fea8e8393d8a:192.168.157.234:44695, 928b8ca6-1d06-472f-9df7-59380a31cc4f:192.168.157.234:42208, 2f4b2a07-0a7a-46e2-b6cf-45c85d46ba30:192.168.157.234:37570] returns group-82EBB51B89A0:java.util.concurrent.CompletableFuture@3ccad66b[Not completed]
2019-09-26 18:20:37,856 [grpc-default-executor-1] INFO  impl.RaftServerProxy (RaftServerProxy.java:addNew(89)) - 928b8ca6-1d06-472f-9df7-59380a31cc4f: addNew group-82EBB51B89A0:[a97db397-b1f1-4b99-87cc-fea8e8393d8a:192.168.157.234:44695, 928b8ca6-1d06-472f-9df7-59380a31cc4f:192.168.157.234:42208, 2f4b2a07-0a7a-46e2-b6cf-45c85d46ba30:192.168.157.234:37570] returns group-82EBB51B89A0:java.util.concurrent.CompletableFuture@323569fa[Not completed]
2019-09-26 18:20:37,863 [pool-47-thread-1] INFO  impl.RaftServerImpl (RaftServerImpl.java:<init>(95)) - 2f4b2a07-0a7a-46e2-b6cf-45c85d46ba30: new RaftServerImpl for group-82EBB51B89A0:[a97db397-b1f1-4b99-87cc-fea8e8393d8a:192.168.157.234:44695, 928b8ca6-1d06-472f-9df7-59380a31cc4f:192.168.157.234:42208, 2f4b2a07-0a7a-46e2-b6cf-45c85d46ba30:192.168.157.234:37570] with ContainerStateMachine:uninitialized
2019-09-26 18:20:37,863 [pool-47-thread-1] INFO  server.RaftServerConfigKeys (ConfUtils.java:logGet(43)) - raft.server.rpc.timeout.min = 5s (custom)
2019-09-26 18:20:37,863 [pool-47-thread-1] INFO  server.RaftServerConfigKeys (ConfUtils.java:logGet(43)) - raft.server.rpc.timeout.max = 5200ms (custom)
2019-09-26 18:20:37,863 [grpc-default-executor-1] INFO  impl.RaftServerProxy (RaftServerProxy.java:addNew(89)) - a97db397-b1f1-4b99-87cc-fea8e8393d8a: addNew group-82EBB51B89A0:[a97db397-b1f1-4b99-87cc-fea8e8393d8a:192.168.157.234:44695, 928b8ca6-1d06-472f-9df7-59380a31cc4f:192.168.157.234:42208, 2f4b2a07-0a7a-46e2-b6cf-45c85d46ba30:192.168.157.234:37570] returns group-82EBB51B89A0:java.util.concurrent.CompletableFuture@7f215ef2[Not completed]
2019-09-26 18:20:37,864 [pool-47-thread-1] INFO  server.RaftServerConfigKeys (ConfUtils.java:logGet(43)) - raft.server.rpcslowness.timeout = 120s (custom)
2019-09-26 18:20:37,864 [pool-47-thread-1] INFO  server.RaftServerConfigKeys (ConfUtils.java:logGet(43)) - raft.server.sleep.deviation.threshold = 300 (default)
2019-09-26 18:20:37,864 [pool-47-thread-1] INFO  server.RaftServerConfigKeys (ConfUtils.java:logGet(43)) - raft.server.log.appender.install.snapshot.enabled = false (custom)
2019-09-26 18:20:37,864 [pool-47-thread-1] INFO  impl.RaftServerImpl (ServerState.java:<init>(103)) - 2f4b2a07-0a7a-46e2-b6cf-45c85d46ba30@group-82EBB51B89A0: ConfigurationManager, init=-1: [a97db397-b1f1-4b99-87cc-fea8e8393d8a:192.168.157.234:44695, 928b8ca6-1d06-472f-9df7-59380a31cc4f:192.168.157.234:42208, 2f4b2a07-0a7a-46e2-b6cf-45c85d46ba30:192.168.157.234:37570], old=null, confs=<EMPTY_MAP>
2019-09-26 18:20:37,864 [pool-77-thread-1] INFO  impl.RaftServerImpl (RaftServerImpl.java:<init>(95)) - 928b8ca6-1d06-472f-9df7-59380a31cc4f: new RaftServerImpl for group-82EBB51B89A0:[a97db397-b1f1-4b99-87cc-fea8e8393d8a:192.168.157.234:44695, 928b8ca6-1d06-472f-9df7-59380a31cc4f:192.168.157.234:42208, 2f4b2a07-0a7a-46e2-b6cf-45c85d46ba30:192.168.157.234:37570] with ContainerStateMachine:uninitialized
2019-09-26 18:20:37,864 [pool-47-thread-1] INFO  server.RaftServerConfigKeys (ConfUtils.java:logGet(43)) - raft.server.storage.dir = [/workdir/hadoop-ozone/ozonefs/target/test-dir/MiniOzoneClusterImpl-4cd181c8-bc9e-4466-88a4-d14dd15eb960/datanode-2/data/ratis] (custom)
2019-09-26 18:20:37,864 [pool-77-thread-1] INFO  server.RaftServerConfigKeys (ConfUtils.java:logGet(43)) - raft.server.rpc.timeout.min = 5s (custom)
2019-09-26 18:20:37,865 [pool-77-thread-1] INFO  server.RaftServerConfigKeys (ConfUtils.java:logGet(43)) - raft.server.rpc.timeout.max = 5200ms (custom)
2019-09-26 18:20:37,865 [pool-47-thread-1] INFO  storage.RaftStorageDirectory (RaftStorageDirectory.java:analyzeStorage(246)) - The storage directory /workdir/hadoop-ozone/ozonefs/target/test-dir/MiniOzoneClusterImpl-4cd181c8-bc9e-4466-88a4-d14dd15eb960/datanode-2/data/ratis/a9284609-b156-4907-b852-82ebb51b89a0 does not exist. Creating ...
2019-09-26 18:20:37,865 [pool-77-thread-1] INFO  server.RaftServerConfigKeys (ConfUtils.java:logGet(43)) - raft.server.rpcslowness.timeout = 120s (custom)
2019-09-26 18:20:37,865 [pool-77-thread-1] INFO  server.RaftServerConfigKeys (ConfUtils.java:logGet(43)) - raft.server.sleep.deviation.threshold = 300 (default)
2019-09-26 18:20:37,865 [pool-27-thread-1] INFO  impl.RaftServerImpl (RaftServerImpl.java:<init>(95)) - a97db397-b1f1-4b99-87cc-fea8e8393d8a: new RaftServerImpl for group-82EBB51B89A0:[a97db397-b1f1-4b99-87cc-fea8e8393d8a:192.168.157.234:44695, 928b8ca6-1d06-472f-9df7-59380a31cc4f:192.168.157.234:42208, 2f4b2a07-0a7a-46e2-b6cf-45c85d46ba30:192.168.157.234:37570] with ContainerStateMachine:uninitialized
2019-09-26 18:20:37,865 [pool-77-thread-1] INFO  server.RaftServerConfigKeys (ConfUtils.java:logGet(43)) - raft.server.log.appender.install.snapshot.enabled = false (custom)
2019-09-26 18:20:37,865 [pool-27-thread-1] INFO  server.RaftServerConfigKeys (ConfUtils.java:logGet(43)) - raft.server.rpc.timeout.min = 5s (custom)
2019-09-26 18:20:37,865 [pool-77-thread-1] INFO  impl.RaftServerImpl (ServerState.java:<init>(103)) - 928b8ca6-1d06-472f-9df7-59380a31cc4f@group-82EBB51B89A0: ConfigurationManager, init=-1: [a97db397-b1f1-4b99-87cc-fea8e8393d8a:192.168.157.234:44695, 928b8ca6-1d06-472f-9df7-59380a31cc4f:192.168.157.234:42208, 2f4b2a07-0a7a-46e2-b6cf-45c85d46ba30:192.168.157.234:37570], old=null, confs=<EMPTY_MAP>
2019-09-26 18:20:37,866 [pool-27-thread-1] INFO  server.RaftServerConfigKeys (ConfUtils.java:logGet(43)) - raft.server.rpc.timeout.max = 5200ms (custom)
2019-09-26 18:20:37,866 [pool-77-thread-1] INFO  server.RaftServerConfigKeys (ConfUtils.java:logGet(43)) - raft.server.storage.dir = [/workdir/hadoop-ozone/ozonefs/target/test-dir/MiniOzoneClusterImpl-4cd181c8-bc9e-4466-88a4-d14dd15eb960/datanode-5/data/ratis] (custom)
2019-09-26 18:20:37,866 [pool-27-thread-1] INFO  server.RaftServerConfigKeys (ConfUtils.java:logGet(43)) - raft.server.rpcslowness.timeout = 120s (custom)
2019-09-26 18:20:37,866 [pool-27-thread-1] INFO  server.RaftServerConfigKeys (ConfUtils.java:logGet(43)) - raft.server.sleep.deviation.threshold = 300 (default)
2019-09-26 18:20:37,866 [pool-77-thread-1] INFO  storage.RaftStorageDirectory (RaftStorageDirectory.java:analyzeStorage(246)) - The storage directory /workdir/hadoop-ozone/ozonefs/target/test-dir/MiniOzoneClusterImpl-4cd181c8-bc9e-4466-88a4-d14dd15eb960/datanode-5/data/ratis/a9284609-b156-4907-b852-82ebb51b89a0 does not exist. Creating ...
2019-09-26 18:20:37,866 [pool-27-thread-1] INFO  server.RaftServerConfigKeys (ConfUtils.java:logGet(43)) - raft.server.log.appender.install.snapshot.enabled = false (custom)
2019-09-26 18:20:37,866 [pool-27-thread-1] INFO  impl.RaftServerImpl (ServerState.java:<init>(103)) - a97db397-b1f1-4b99-87cc-fea8e8393d8a@group-82EBB51B89A0: ConfigurationManager, init=-1: [a97db397-b1f1-4b99-87cc-fea8e8393d8a:192.168.157.234:44695, 928b8ca6-1d06-472f-9df7-59380a31cc4f:192.168.157.234:42208, 2f4b2a07-0a7a-46e2-b6cf-45c85d46ba30:192.168.157.234:37570], old=null, confs=<EMPTY_MAP>
2019-09-26 18:20:37,867 [pool-27-thread-1] INFO  server.RaftServerConfigKeys (ConfUtils.java:logGet(43)) - raft.server.storage.dir = [/workdir/hadoop-ozone/ozonefs/target/test-dir/MiniOzoneClusterImpl-4cd181c8-bc9e-4466-88a4-d14dd15eb960/datanode-0/data/ratis] (custom)
2019-09-26 18:20:37,867 [pool-27-thread-1] INFO  storage.RaftStorageDirectory (RaftStorageDirectory.java:analyzeStorage(246)) - The storage directory /workdir/hadoop-ozone/ozonefs/target/test-dir/MiniOzoneClusterImpl-4cd181c8-bc9e-4466-88a4-d14dd15eb960/datanode-0/data/ratis/a9284609-b156-4907-b852-82ebb51b89a0 does not exist. Creating ...
2019-09-26 18:20:37,890 [pool-77-thread-1] INFO  storage.RaftStorageDirectory (RaftStorageDirectory.java:tryLock(328)) - Lock on /workdir/hadoop-ozone/ozonefs/target/test-dir/MiniOzoneClusterImpl-4cd181c8-bc9e-4466-88a4-d14dd15eb960/datanode-5/data/ratis/a9284609-b156-4907-b852-82ebb51b89a0/in_use.lock acquired by nodename 12203@pr-hdds-2162-htzpk-1451759861
2019-09-26 18:20:37,890 [pool-27-thread-1] INFO  storage.RaftStorageDirectory (RaftStorageDirectory.java:tryLock(328)) - Lock on /workdir/hadoop-ozone/ozonefs/target/test-dir/MiniOzoneClusterImpl-4cd181c8-bc9e-4466-88a4-d14dd15eb960/datanode-0/data/ratis/a9284609-b156-4907-b852-82ebb51b89a0/in_use.lock acquired by nodename 12203@pr-hdds-2162-htzpk-1451759861
2019-09-26 18:20:37,890 [pool-47-thread-1] INFO  storage.RaftStorageDirectory (RaftStorageDirectory.java:tryLock(328)) - Lock on /workdir/hadoop-ozone/ozonefs/target/test-dir/MiniOzoneClusterImpl-4cd181c8-bc9e-4466-88a4-d14dd15eb960/datanode-2/data/ratis/a9284609-b156-4907-b852-82ebb51b89a0/in_use.lock acquired by nodename 12203@pr-hdds-2162-htzpk-1451759861
2019-09-26 18:20:37,916 [pool-77-thread-1] INFO  storage.RaftStorage (RaftStorage.java:format(72)) - Storage directory /workdir/hadoop-ozone/ozonefs/target/test-dir/MiniOzoneClusterImpl-4cd181c8-bc9e-4466-88a4-d14dd15eb960/datanode-5/data/ratis/a9284609-b156-4907-b852-82ebb51b89a0 has been successfully formatted.
2019-09-26 18:20:37,916 [pool-27-thread-1] INFO  storage.RaftStorage (RaftStorage.java:format(72)) - Storage directory /workdir/hadoop-ozone/ozonefs/target/test-dir/MiniOzoneClusterImpl-4cd181c8-bc9e-4466-88a4-d14dd15eb960/datanode-0/data/ratis/a9284609-b156-4907-b852-82ebb51b89a0 has been successfully formatted.
2019-09-26 18:20:37,916 [pool-47-thread-1] INFO  storage.RaftStorage (RaftStorage.java:format(72)) - Storage directory /workdir/hadoop-ozone/ozonefs/target/test-dir/MiniOzoneClusterImpl-4cd181c8-bc9e-4466-88a4-d14dd15eb960/datanode-2/data/ratis/a9284609-b156-4907-b852-82ebb51b89a0 has been successfully formatted.
2019-09-26 18:20:37,916 [pool-77-thread-1] INFO  ratis.ContainerStateMachine (ContainerStateMachine.java:loadSnapshot(230)) - group-82EBB51B89A0: The snapshot info is null. Setting the last applied indexto:(t:0, i:~)
2019-09-26 18:20:37,916 [pool-27-thread-1] INFO  ratis.ContainerStateMachine (ContainerStateMachine.java:loadSnapshot(230)) - group-82EBB51B89A0: The snapshot info is null. Setting the last applied indexto:(t:0, i:~)
2019-09-26 18:20:37,916 [pool-47-thread-1] INFO  ratis.ContainerStateMachine (ContainerStateMachine.java:loadSnapshot(230)) - group-82EBB51B89A0: The snapshot info is null. Setting the last applied indexto:(t:0, i:~)
2019-09-26 18:20:37,917 [pool-27-thread-1] INFO  server.RaftServerConfigKeys (ConfUtils.java:logGet(43)) - raft.server.notification.no-leader.timeout = 120s (custom)
2019-09-26 18:20:37,916 [pool-77-thread-1] INFO  server.RaftServerConfigKeys (ConfUtils.java:logGet(43)) - raft.server.notification.no-leader.timeout = 120s (custom)
2019-09-26 18:20:37,917 [pool-27-thread-1] INFO  server.RaftServerConfigKeys (ConfUtils.java:logGet(43)) - raft.server.log.use.memory = false (default)
2019-09-26 18:20:37,917 [pool-47-thread-1] INFO  server.RaftServerConfigKeys (ConfUtils.java:logGet(43)) - raft.server.notification.no-leader.timeout = 120s (custom)
2019-09-26 18:20:37,917 [pool-27-thread-1] INFO  server.RaftServerConfigKeys (ConfUtils.java:logGet(43)) - raft.server.log.purge.gap = 1000000 (custom)
2019-09-26 18:20:37,917 [pool-77-thread-1] INFO  server.RaftServerConfigKeys (ConfUtils.java:logGet(43)) - raft.server.log.use.memory = false (default)
2019-09-26 18:20:37,917 [pool-27-thread-1] INFO  server.RaftServerConfigKeys (ConfUtils.java:logGet(43)) - raft.server.log.appender.buffer.byte-limit = 33554432 (custom)
2019-09-26 18:20:37,917 [pool-47-thread-1] INFO  server.RaftServerConfigKeys (ConfUtils.java:logGet(43)) - raft.server.log.use.memory = false (default)
2019-09-26 18:20:37,918 [pool-27-thread-1] INFO  server.RaftServerConfigKeys (ConfUtils.java:logGet(43)) - raft.server.log.segment.size.max = 1048576 (custom)
2019-09-26 18:20:37,918 [pool-77-thread-1] INFO  server.RaftServerConfigKeys (ConfUtils.java:logGet(43)) - raft.server.log.purge.gap = 1000000 (custom)
2019-09-26 18:20:37,918 [pool-27-thread-1] INFO  server.RaftServerConfigKeys (ConfUtils.java:logGet(43)) - raft.server.log.segment.cache.num.max = 2 (custom)
2019-09-26 18:20:37,918 [pool-47-thread-1] INFO  server.RaftServerConfigKeys (ConfUtils.java:logGet(43)) - raft.server.log.purge.gap = 1000000 (custom)
2019-09-26 18:20:37,918 [pool-27-thread-1] INFO  segmented.SegmentedRaftLogWorker (SegmentedRaftLogWorker.java:<init>(172)) - new a97db397-b1f1-4b99-87cc-fea8e8393d8a@group-82EBB51B89A0-SegmentedRaftLogWorker for RaftStorage:Storage Directory /workdir/hadoop-ozone/ozonefs/target/test-dir/MiniOzoneClusterImpl-4cd181c8-bc9e-4466-88a4-d14dd15eb960/datanode-0/data/ratis/a9284609-b156-4907-b852-82ebb51b89a0
2019-09-26 18:20:37,918 [pool-77-thread-1] INFO  server.RaftServerConfigKeys (ConfUtils.java:logGet(43)) - raft.server.log.appender.buffer.byte-limit = 33554432 (custom)
2019-09-26 18:20:37,919 [pool-27-thread-1] INFO  server.RaftServerConfigKeys (ConfUtils.java:logGet(43)) - raft.server.log.queue.byte-limit = 2147483647 (custom)
2019-09-26 18:20:37,919 [pool-47-thread-1] INFO  server.RaftServerConfigKeys (ConfUtils.java:logGet(43)) - raft.server.log.appender.buffer.byte-limit = 33554432 (custom)
2019-09-26 18:20:37,919 [pool-27-thread-1] INFO  server.RaftServerConfigKeys (ConfUtils.java:logGet(43)) - raft.server.log.queue.element-limit = 1024 (custom)
2019-09-26 18:20:37,919 [pool-77-thread-1] INFO  server.RaftServerConfigKeys (ConfUtils.java:logGet(43)) - raft.server.log.segment.size.max = 1048576 (custom)
2019-09-26 18:20:37,919 [pool-27-thread-1] INFO  server.RaftServerConfigKeys (ConfUtils.java:logGet(43)) - raft.server.log.segment.size.max = 1048576 (custom)
2019-09-26 18:20:37,919 [pool-47-thread-1] INFO  server.RaftServerConfigKeys (ConfUtils.java:logGet(43)) - raft.server.log.segment.size.max = 1048576 (custom)
2019-09-26 18:20:37,920 [pool-27-thread-1] INFO  server.RaftServerConfigKeys (ConfUtils.java:logGet(43)) - raft.server.log.preallocated.size = 16384 (custom)
2019-09-26 18:20:37,920 [pool-77-thread-1] INFO  server.RaftServerConfigKeys (ConfUtils.java:logGet(43)) - raft.server.log.segment.cache.num.max = 2 (custom)
2019-09-26 18:20:37,920 [pool-27-thread-1] INFO  server.RaftServerConfigKeys (ConfUtils.java:logGet(43)) - raft.server.log.write.buffer.size = 33554432 (custom)
2019-09-26 18:20:37,920 [pool-47-thread-1] INFO  server.RaftServerConfigKeys (ConfUtils.java:logGet(43)) - raft.server.log.segment.cache.num.max = 2 (custom)
2019-09-26 18:20:37,920 [pool-27-thread-1] INFO  server.RaftServerConfigKeys (ConfUtils.java:logGet(43)) - raft.server.log.force.sync.num = 128 (default)
2019-09-26 18:20:37,920 [pool-77-thread-1] INFO  segmented.SegmentedRaftLogWorker (SegmentedRaftLogWorker.java:<init>(172)) - new 928b8ca6-1d06-472f-9df7-59380a31cc4f@group-82EBB51B89A0-SegmentedRaftLogWorker for RaftStorage:Storage Directory /workdir/hadoop-ozone/ozonefs/target/test-dir/MiniOzoneClusterImpl-4cd181c8-bc9e-4466-88a4-d14dd15eb960/datanode-5/data/ratis/a9284609-b156-4907-b852-82ebb51b89a0
2019-09-26 18:20:37,921 [pool-27-thread-1] INFO  server.RaftServerConfigKeys (ConfUtils.java:logGet(43)) - raft.server.log.statemachine.data.sync = true (default)
2019-09-26 18:20:37,920 [pool-47-thread-1] INFO  segmented.SegmentedRaftLogWorker (SegmentedRaftLogWorker.java:<init>(172)) - new 2f4b2a07-0a7a-46e2-b6cf-45c85d46ba30@group-82EBB51B89A0-SegmentedRaftLogWorker for RaftStorage:Storage Directory /workdir/hadoop-ozone/ozonefs/target/test-dir/MiniOzoneClusterImpl-4cd181c8-bc9e-4466-88a4-d14dd15eb960/datanode-2/data/ratis/a9284609-b156-4907-b852-82ebb51b89a0
2019-09-26 18:20:37,921 [pool-27-thread-1] INFO  server.RaftServerConfigKeys (ConfUtils.java:logGet(43)) - raft.server.log.statemachine.data.sync.timeout = 10s (default)
2019-09-26 18:20:37,921 [pool-77-thread-1] INFO  server.RaftServerConfigKeys (ConfUtils.java:logGet(43)) - raft.server.log.queue.byte-limit = 2147483647 (custom)
2019-09-26 18:20:37,921 [pool-27-thread-1] INFO  server.RaftServerConfigKeys (ConfUtils.java:logGet(43)) - raft.server.log.statemachine.data.sync.timeout.retry = -1 (default)
2019-09-26 18:20:37,921 [pool-47-thread-1] INFO  server.RaftServerConfigKeys (ConfUtils.java:logGet(43)) - raft.server.log.queue.byte-limit = 2147483647 (custom)
2019-09-26 18:20:37,921 [pool-77-thread-1] INFO  server.RaftServerConfigKeys (ConfUtils.java:logGet(43)) - raft.server.log.queue.element-limit = 1024 (custom)
2019-09-26 18:20:37,922 [pool-27-thread-1] INFO  server.RaftServerConfigKeys (ConfUtils.java:logGet(43)) - raft.server.log.statemachine.data.caching.enabled = true (custom)
2019-09-26 18:20:37,922 [pool-47-thread-1] INFO  server.RaftServerConfigKeys (ConfUtils.java:logGet(43)) - raft.server.log.queue.element-limit = 1024 (custom)
2019-09-26 18:20:37,922 [pool-77-thread-1] INFO  server.RaftServerConfigKeys (ConfUtils.java:logGet(43)) - raft.server.log.segment.size.max = 1048576 (custom)
2019-09-26 18:20:37,922 [pool-47-thread-1] INFO  server.RaftServerConfigKeys (ConfUtils.java:logGet(43)) - raft.server.log.segment.size.max = 1048576 (custom)
2019-09-26 18:20:37,922 [pool-27-thread-1] INFO  segmented.SegmentedRaftLogWorker (SegmentedRaftLogWorker.java:lambda$new$0(132)) - a97db397-b1f1-4b99-87cc-fea8e8393d8a@group-82EBB51B89A0-SegmentedRaftLogWorker: flushIndex: setUnconditionally 0 -> -1
2019-09-26 18:20:37,922 [pool-77-thread-1] INFO  server.RaftServerConfigKeys (ConfUtils.java:logGet(43)) - raft.server.log.preallocated.size = 16384 (custom)
2019-09-26 18:20:37,922 [pool-47-thread-1] INFO  server.RaftServerConfigKeys (ConfUtils.java:logGet(43)) - raft.server.log.preallocated.size = 16384 (custom)
2019-09-26 18:20:37,923 [pool-77-thread-1] INFO  server.RaftServerConfigKeys (ConfUtils.java:logGet(43)) - raft.server.log.write.buffer.size = 33554432 (custom)
2019-09-26 18:20:37,923 [pool-27-thread-1] INFO  server.RaftServerConfigKeys (ConfUtils.java:logGet(43)) - raft.server.snapshot.auto.trigger.enabled = true (custom)
2019-09-26 18:20:37,923 [pool-47-thread-1] INFO  server.RaftServerConfigKeys (ConfUtils.java:logGet(43)) - raft.server.log.write.buffer.size = 33554432 (custom)
2019-09-26 18:20:37,923 [pool-27-thread-1] INFO  server.RaftServerConfigKeys (ConfUtils.java:logGet(43)) - raft.server.snapshot.auto.trigger.threshold = 10000 (custom)
2019-09-26 18:20:37,923 [pool-77-thread-1] INFO  server.RaftServerConfigKeys (ConfUtils.java:logGet(43)) - raft.server.log.force.sync.num = 128 (default)
2019-09-26 18:20:37,924 [pool-27-thread-1] INFO  server.RaftServerConfigKeys (ConfUtils.java:logGet(43)) - raft.server.snapshot.retention.num.files = 5 (custom)
2019-09-26 18:20:37,923 [pool-47-thread-1] INFO  server.RaftServerConfigKeys (ConfUtils.java:logGet(43)) - raft.server.log.force.sync.num = 128 (default)
2019-09-26 18:20:37,924 [pool-77-thread-1] INFO  server.RaftServerConfigKeys (ConfUtils.java:logGet(43)) - raft.server.log.statemachine.data.sync = true (default)
2019-09-26 18:20:37,924 [pool-27-thread-1] INFO  server.RaftServerConfigKeys (ConfUtils.java:logGet(43)) - raft.server.retrycache.expirytime = 600000ms (custom)
2019-09-26 18:20:37,924 [pool-47-thread-1] INFO  server.RaftServerConfigKeys (ConfUtils.java:logGet(43)) - raft.server.log.statemachine.data.sync = true (default)
2019-09-26 18:20:37,924 [pool-77-thread-1] INFO  server.RaftServerConfigKeys (ConfUtils.java:logGet(43)) - raft.server.log.statemachine.data.sync.timeout = 10s (default)
2019-09-26 18:20:37,924 [pool-47-thread-1] INFO  server.RaftServerConfigKeys (ConfUtils.java:logGet(43)) - raft.server.log.statemachine.data.sync.timeout = 10s (default)
2019-09-26 18:20:37,925 [pool-77-thread-1] INFO  server.RaftServerConfigKeys (ConfUtils.java:logGet(43)) - raft.server.log.statemachine.data.sync.timeout.retry = -1 (default)
2019-09-26 18:20:37,925 [pool-47-thread-1] INFO  server.RaftServerConfigKeys (ConfUtils.java:logGet(43)) - raft.server.log.statemachine.data.sync.timeout.retry = -1 (default)
2019-09-26 18:20:37,925 [pool-77-thread-1] INFO  server.RaftServerConfigKeys (ConfUtils.java:logGet(43)) - raft.server.log.statemachine.data.caching.enabled = true (custom)
2019-09-26 18:20:37,925 [pool-47-thread-1] INFO  server.RaftServerConfigKeys (ConfUtils.java:logGet(43)) - raft.server.log.statemachine.data.caching.enabled = true (custom)
2019-09-26 18:20:37,925 [pool-77-thread-1] INFO  segmented.SegmentedRaftLogWorker (SegmentedRaftLogWorker.java:lambda$new$0(132)) - 928b8ca6-1d06-472f-9df7-59380a31cc4f@group-82EBB51B89A0-SegmentedRaftLogWorker: flushIndex: setUnconditionally 0 -> -1
2019-09-26 18:20:37,925 [pool-47-thread-1] INFO  segmented.SegmentedRaftLogWorker (SegmentedRaftLogWorker.java:lambda$new$0(132)) - 2f4b2a07-0a7a-46e2-b6cf-45c85d46ba30@group-82EBB51B89A0-SegmentedRaftLogWorker: flushIndex: setUnconditionally 0 -> -1
2019-09-26 18:20:37,926 [pool-77-thread-1] INFO  server.RaftServerConfigKeys (ConfUtils.java:logGet(43)) - raft.server.snapshot.auto.trigger.enabled = true (custom)
2019-09-26 18:20:37,926 [pool-47-thread-1] INFO  server.RaftServerConfigKeys (ConfUtils.java:logGet(43)) - raft.server.snapshot.auto.trigger.enabled = true (custom)
2019-09-26 18:20:37,926 [pool-77-thread-1] INFO  server.RaftServerConfigKeys (ConfUtils.java:logGet(43)) - raft.server.snapshot.auto.trigger.threshold = 10000 (custom)
2019-09-26 18:20:37,926 [pool-47-thread-1] INFO  server.RaftServerConfigKeys (ConfUtils.java:logGet(43)) - raft.server.snapshot.auto.trigger.threshold = 10000 (custom)
2019-09-26 18:20:37,926 [pool-77-thread-1] INFO  server.RaftServerConfigKeys (ConfUtils.java:logGet(43)) - raft.server.snapshot.retention.num.files = 5 (custom)
2019-09-26 18:20:37,926 [pool-47-thread-1] INFO  server.RaftServerConfigKeys (ConfUtils.java:logGet(43)) - raft.server.snapshot.retention.num.files = 5 (custom)
2019-09-26 18:20:37,927 [pool-77-thread-1] INFO  server.RaftServerConfigKeys (ConfUtils.java:logGet(43)) - raft.server.retrycache.expirytime = 600000ms (custom)
2019-09-26 18:20:37,927 [pool-47-thread-1] INFO  server.RaftServerConfigKeys (ConfUtils.java:logGet(43)) - raft.server.retrycache.expirytime = 600000ms (custom)
2019-09-26 18:20:37,928 [pool-27-thread-1] INFO  impl.RaftServerImpl (RaftServerImpl.java:start(185)) - a97db397-b1f1-4b99-87cc-fea8e8393d8a@group-82EBB51B89A0: start as a follower, conf=-1: [a97db397-b1f1-4b99-87cc-fea8e8393d8a:192.168.157.234:44695, 928b8ca6-1d06-472f-9df7-59380a31cc4f:192.168.157.234:42208, 2f4b2a07-0a7a-46e2-b6cf-45c85d46ba30:192.168.157.234:37570], old=null
2019-09-26 18:20:37,928 [pool-27-thread-1] INFO  impl.RaftServerImpl (RaftServerImpl.java:setRole(174)) - a97db397-b1f1-4b99-87cc-fea8e8393d8a@group-82EBB51B89A0: changes role from      null to FOLLOWER at term 0 for startAsFollower
2019-09-26 18:20:37,928 [pool-27-thread-1] INFO  impl.RoleInfo (RoleInfo.java:updateAndGet(143)) - a97db397-b1f1-4b99-87cc-fea8e8393d8a: start FollowerState
2019-09-26 18:20:37,929 [pool-27-thread-1] INFO  util.JmxRegister (JmxRegister.java:tryRegister(44)) - Successfully registered JMX Bean with object name Ratis:service=RaftServer,group=group-82EBB51B89A0,id=a97db397-b1f1-4b99-87cc-fea8e8393d8a
2019-09-26 18:20:37,934 [pool-47-thread-1] INFO  impl.RaftServerImpl (RaftServerImpl.java:start(185)) - 2f4b2a07-0a7a-46e2-b6cf-45c85d46ba30@group-82EBB51B89A0: start as a follower, conf=-1: [a97db397-b1f1-4b99-87cc-fea8e8393d8a:192.168.157.234:44695, 928b8ca6-1d06-472f-9df7-59380a31cc4f:192.168.157.234:42208, 2f4b2a07-0a7a-46e2-b6cf-45c85d46ba30:192.168.157.234:37570], old=null
2019-09-26 18:20:37,934 [pool-77-thread-1] INFO  impl.RaftServerImpl (RaftServerImpl.java:start(185)) - 928b8ca6-1d06-472f-9df7-59380a31cc4f@group-82EBB51B89A0: start as a follower, conf=-1: [a97db397-b1f1-4b99-87cc-fea8e8393d8a:192.168.157.234:44695, 928b8ca6-1d06-472f-9df7-59380a31cc4f:192.168.157.234:42208, 2f4b2a07-0a7a-46e2-b6cf-45c85d46ba30:192.168.157.234:37570], old=null
2019-09-26 18:20:37,934 [pool-47-thread-1] INFO  impl.RaftServerImpl (RaftServerImpl.java:setRole(174)) - 2f4b2a07-0a7a-46e2-b6cf-45c85d46ba30@group-82EBB51B89A0: changes role from      null to FOLLOWER at term 0 for startAsFollower
2019-09-26 18:20:37,934 [pool-77-thread-1] INFO  impl.RaftServerImpl (RaftServerImpl.java:setRole(174)) - 928b8ca6-1d06-472f-9df7-59380a31cc4f@group-82EBB51B89A0: changes role from      null to FOLLOWER at term 0 for startAsFollower
2019-09-26 18:20:37,936 [pool-47-thread-1] INFO  impl.RoleInfo (RoleInfo.java:updateAndGet(143)) - 2f4b2a07-0a7a-46e2-b6cf-45c85d46ba30: start FollowerState
2019-09-26 18:20:37,936 [pool-77-thread-1] INFO  impl.RoleInfo (RoleInfo.java:updateAndGet(143)) - 928b8ca6-1d06-472f-9df7-59380a31cc4f: start FollowerState
2019-09-26 18:20:37,936 [pool-47-thread-1] INFO  util.JmxRegister (JmxRegister.java:tryRegister(44)) - Successfully registered JMX Bean with object name Ratis:service=RaftServer,group=group-82EBB51B89A0,id=2f4b2a07-0a7a-46e2-b6cf-45c85d46ba30
2019-09-26 18:20:37,946 [pool-77-thread-1] INFO  util.JmxRegister (JmxRegister.java:tryRegister(44)) - Successfully registered JMX Bean with object name Ratis:service=RaftServer,group=group-82EBB51B89A0,id=928b8ca6-1d06-472f-9df7-59380a31cc4f
2019-09-26 18:20:37,954 [RatisPipelineUtilsThread] INFO  pipeline.PipelineStateManager (PipelineStateManager.java:addPipeline(56)) - Created pipeline Pipeline[ Id: a9284609-b156-4907-b852-82ebb51b89a0, Nodes: a97db397-b1f1-4b99-87cc-fea8e8393d8a{ip: 192.168.157.234, host: pr-hdds-2162-htzpk-1451759861, networkLocation: /default-rack, certSerialId: null}2f4b2a07-0a7a-46e2-b6cf-45c85d46ba30{ip: 192.168.157.234, host: pr-hdds-2162-htzpk-1451759861, networkLocation: /default-rack, certSerialId: null}928b8ca6-1d06-472f-9df7-59380a31cc4f{ip: 192.168.157.234, host: pr-hdds-2162-htzpk-1451759861, networkLocation: /default-rack, certSerialId: null}, Type:RATIS, Factor:THREE, State:OPEN]
2019-09-26 18:20:37,978 [grpc-default-executor-0] INFO  impl.RaftServerProxy (RaftServerProxy.java:addNew(89)) - fa9f2368-1bb6-42af-a1bb-0ecd29289437: addNew group-540DC7593EC8:[6c2fb94c-a365-43b2-bbf6-b1ef1568b50c:192.168.157.234:46404, cdae5251-09d5-44f4-b358-655664201067:192.168.157.234:36748, fa9f2368-1bb6-42af-a1bb-0ecd29289437:192.168.157.234:39317] returns group-540DC7593EC8:java.util.concurrent.CompletableFuture@6cdc7026[Not completed]
2019-09-26 18:20:37,984 [grpc-default-executor-2] INFO  impl.RaftServerProxy (RaftServerProxy.java:addNew(89)) - cdae5251-09d5-44f4-b358-655664201067: addNew group-540DC7593EC8:[6c2fb94c-a365-43b2-bbf6-b1ef1568b50c:192.168.157.234:46404, cdae5251-09d5-44f4-b358-655664201067:192.168.157.234:36748, fa9f2368-1bb6-42af-a1bb-0ecd29289437:192.168.157.234:39317] returns group-540DC7593EC8:java.util.concurrent.CompletableFuture@12da1369[Not completed]
2019-09-26 18:20:37,987 [grpc-default-executor-0] INFO  impl.RaftServerProxy (RaftServerProxy.java:addNew(89)) - 6c2fb94c-a365-43b2-bbf6-b1ef1568b50c: addNew group-540DC7593EC8:[6c2fb94c-a365-43b2-bbf6-b1ef1568b50c:192.168.157.234:46404, cdae5251-09d5-44f4-b358-655664201067:192.168.157.234:36748, fa9f2368-1bb6-42af-a1bb-0ecd29289437:192.168.157.234:39317] returns group-540DC7593EC8:java.util.concurrent.CompletableFuture@72db12b9[Not completed]
2019-09-26 18:20:37,991 [pool-117-thread-1] INFO  impl.RaftServerImpl (RaftServerImpl.java:<init>(95)) - fa9f2368-1bb6-42af-a1bb-0ecd29289437: new RaftServerImpl for group-540DC7593EC8:[6c2fb94c-a365-43b2-bbf6-b1ef1568b50c:192.168.157.234:46404, cdae5251-09d5-44f4-b358-655664201067:192.168.157.234:36748, fa9f2368-1bb6-42af-a1bb-0ecd29289437:192.168.157.234:39317] with ContainerStateMachine:uninitialized
2019-09-26 18:20:37,991 [pool-117-thread-1] INFO  server.RaftServerConfigKeys (ConfUtils.java:logGet(43)) - raft.server.rpc.timeout.min = 5s (custom)
2019-09-26 18:20:37,991 [pool-117-thread-1] INFO  server.RaftServerConfigKeys (ConfUtils.java:logGet(43)) - raft.server.rpc.timeout.max = 5200ms (custom)
2019-09-26 18:20:37,992 [pool-117-thread-1] INFO  server.RaftServerConfigKeys (ConfUtils.java:logGet(43)) - raft.server.rpcslowness.timeout = 120s (custom)
2019-09-26 18:20:37,992 [pool-117-thread-1] INFO  server.RaftServerConfigKeys (ConfUtils.java:logGet(43)) - raft.server.sleep.deviation.threshold = 300 (default)
2019-09-26 18:20:37,992 [pool-117-thread-1] INFO  server.RaftServerConfigKeys (ConfUtils.java:logGet(43)) - raft.server.log.appender.install.snapshot.enabled = false (custom)
2019-09-26 18:20:37,992 [pool-117-thread-1] INFO  impl.RaftServerImpl (ServerState.java:<init>(103)) - fa9f2368-1bb6-42af-a1bb-0ecd29289437@group-540DC7593EC8: ConfigurationManager, init=-1: [6c2fb94c-a365-43b2-bbf6-b1ef1568b50c:192.168.157.234:46404, cdae5251-09d5-44f4-b358-655664201067:192.168.157.234:36748, fa9f2368-1bb6-42af-a1bb-0ecd29289437:192.168.157.234:39317], old=null, confs=<EMPTY_MAP>
2019-09-26 18:20:37,992 [pool-87-thread-1] INFO  impl.RaftServerImpl (RaftServerImpl.java:<init>(95)) - 6c2fb94c-a365-43b2-bbf6-b1ef1568b50c: new RaftServerImpl for group-540DC7593EC8:[6c2fb94c-a365-43b2-bbf6-b1ef1568b50c:192.168.157.234:46404, cdae5251-09d5-44f4-b358-655664201067:192.168.157.234:36748, fa9f2368-1bb6-42af-a1bb-0ecd29289437:192.168.157.234:39317] with ContainerStateMachine:uninitialized
2019-09-26 18:20:37,992 [pool-117-thread-1] INFO  server.RaftServerConfigKeys (ConfUtils.java:logGet(43)) - raft.server.storage.dir = [/workdir/hadoop-ozone/ozonefs/target/test-dir/MiniOzoneClusterImpl-4cd181c8-bc9e-4466-88a4-d14dd15eb960/datanode-9/data/ratis] (custom)
2019-09-26 18:20:37,992 [pool-87-thread-1] INFO  server.RaftServerConfigKeys (ConfUtils.java:logGet(43)) - raft.server.rpc.timeout.min = 5s (custom)
2019-09-26 18:20:37,993 [pool-87-thread-1] INFO  server.RaftServerConfigKeys (ConfUtils.java:logGet(43)) - raft.server.rpc.timeout.max = 5200ms (custom)
2019-09-26 18:20:37,993 [pool-117-thread-1] INFO  storage.RaftStorageDirectory (RaftStorageDirectory.java:analyzeStorage(246)) - The storage directory /workdir/hadoop-ozone/ozonefs/target/test-dir/MiniOzoneClusterImpl-4cd181c8-bc9e-4466-88a4-d14dd15eb960/datanode-9/data/ratis/a1961905-cc52-41c9-9466-540dc7593ec8 does not exist. Creating ...
2019-09-26 18:20:37,993 [pool-87-thread-1] INFO  server.RaftServerConfigKeys (ConfUtils.java:logGet(43)) - raft.server.rpcslowness.timeout = 120s (custom)
2019-09-26 18:20:37,993 [pool-87-thread-1] INFO  server.RaftServerConfigKeys (ConfUtils.java:logGet(43)) - raft.server.sleep.deviation.threshold = 300 (default)
2019-09-26 18:20:37,993 [pool-57-thread-1] INFO  impl.RaftServerImpl (RaftServerImpl.java:<init>(95)) - cdae5251-09d5-44f4-b358-655664201067: new RaftServerImpl for group-540DC7593EC8:[6c2fb94c-a365-43b2-bbf6-b1ef1568b50c:192.168.157.234:46404, cdae5251-09d5-44f4-b358-655664201067:192.168.157.234:36748, fa9f2368-1bb6-42af-a1bb-0ecd29289437:192.168.157.234:39317] with ContainerStateMachine:uninitialized
2019-09-26 18:20:37,993 [pool-87-thread-1] INFO  server.RaftServerConfigKeys (ConfUtils.java:logGet(43)) - raft.server.log.appender.install.snapshot.enabled = false (custom)
2019-09-26 18:20:37,996 [pool-57-thread-1] INFO  server.RaftServerConfigKeys (ConfUtils.java:logGet(43)) - raft.server.rpc.timeout.min = 5s (custom)
2019-09-26 18:20:37,996 [pool-87-thread-1] INFO  impl.RaftServerImpl (ServerState.java:<init>(103)) - 6c2fb94c-a365-43b2-bbf6-b1ef1568b50c@group-540DC7593EC8: ConfigurationManager, init=-1: [6c2fb94c-a365-43b2-bbf6-b1ef1568b50c:192.168.157.234:46404, cdae5251-09d5-44f4-b358-655664201067:192.168.157.234:36748, fa9f2368-1bb6-42af-a1bb-0ecd29289437:192.168.157.234:39317], old=null, confs=<EMPTY_MAP>
2019-09-26 18:20:37,996 [pool-57-thread-1] INFO  server.RaftServerConfigKeys (ConfUtils.java:logGet(43)) - raft.server.rpc.timeout.max = 5200ms (custom)
2019-09-26 18:20:37,997 [pool-87-thread-1] INFO  server.RaftServerConfigKeys (ConfUtils.java:logGet(43)) - raft.server.storage.dir = [/workdir/hadoop-ozone/ozonefs/target/test-dir/MiniOzoneClusterImpl-4cd181c8-bc9e-4466-88a4-d14dd15eb960/datanode-6/data/ratis] (custom)
2019-09-26 18:20:37,997 [pool-57-thread-1] INFO  server.RaftServerConfigKeys (ConfUtils.java:logGet(43)) - raft.server.rpcslowness.timeout = 120s (custom)
2019-09-26 18:20:37,997 [pool-57-thread-1] INFO  server.RaftServerConfigKeys (ConfUtils.java:logGet(43)) - raft.server.sleep.deviation.threshold = 300 (default)
2019-09-26 18:20:37,997 [pool-87-thread-1] INFO  storage.RaftStorageDirectory (RaftStorageDirectory.java:analyzeStorage(246)) - The storage directory /workdir/hadoop-ozone/ozonefs/target/test-dir/MiniOzoneClusterImpl-4cd181c8-bc9e-4466-88a4-d14dd15eb960/datanode-6/data/ratis/a1961905-cc52-41c9-9466-540dc7593ec8 does not exist. Creating ...
2019-09-26 18:20:37,997 [pool-57-thread-1] INFO  server.RaftServerConfigKeys (ConfUtils.java:logGet(43)) - raft.server.log.appender.install.snapshot.enabled = false (custom)
2019-09-26 18:20:37,997 [pool-57-thread-1] INFO  impl.RaftServerImpl (ServerState.java:<init>(103)) - cdae5251-09d5-44f4-b358-655664201067@group-540DC7593EC8: ConfigurationManager, init=-1: [6c2fb94c-a365-43b2-bbf6-b1ef1568b50c:192.168.157.234:46404, cdae5251-09d5-44f4-b358-655664201067:192.168.157.234:36748, fa9f2368-1bb6-42af-a1bb-0ecd29289437:192.168.157.234:39317], old=null, confs=<EMPTY_MAP>
2019-09-26 18:20:37,998 [pool-57-thread-1] INFO  server.RaftServerConfigKeys (ConfUtils.java:logGet(43)) - raft.server.storage.dir = [/workdir/hadoop-ozone/ozonefs/target/test-dir/MiniOzoneClusterImpl-4cd181c8-bc9e-4466-88a4-d14dd15eb960/datanode-3/data/ratis] (custom)
2019-09-26 18:20:37,998 [pool-57-thread-1] INFO  storage.RaftStorageDirectory (RaftStorageDirectory.java:analyzeStorage(246)) - The storage directory /workdir/hadoop-ozone/ozonefs/target/test-dir/MiniOzoneClusterImpl-4cd181c8-bc9e-4466-88a4-d14dd15eb960/datanode-3/data/ratis/a1961905-cc52-41c9-9466-540dc7593ec8 does not exist. Creating ...
2019-09-26 18:20:38,009 [pool-57-thread-1] INFO  storage.RaftStorageDirectory (RaftStorageDirectory.java:tryLock(328)) - Lock on /workdir/hadoop-ozone/ozonefs/target/test-dir/MiniOzoneClusterImpl-4cd181c8-bc9e-4466-88a4-d14dd15eb960/datanode-3/data/ratis/a1961905-cc52-41c9-9466-540dc7593ec8/in_use.lock acquired by nodename 12203@pr-hdds-2162-htzpk-1451759861
2019-09-26 18:20:38,009 [pool-87-thread-1] INFO  storage.RaftStorageDirectory (RaftStorageDirectory.java:tryLock(328)) - Lock on /workdir/hadoop-ozone/ozonefs/target/test-dir/MiniOzoneClusterImpl-4cd181c8-bc9e-4466-88a4-d14dd15eb960/datanode-6/data/ratis/a1961905-cc52-41c9-9466-540dc7593ec8/in_use.lock acquired by nodename 12203@pr-hdds-2162-htzpk-1451759861
2019-09-26 18:20:38,009 [pool-117-thread-1] INFO  storage.RaftStorageDirectory (RaftStorageDirectory.java:tryLock(328)) - Lock on /workdir/hadoop-ozone/ozonefs/target/test-dir/MiniOzoneClusterImpl-4cd181c8-bc9e-4466-88a4-d14dd15eb960/datanode-9/data/ratis/a1961905-cc52-41c9-9466-540dc7593ec8/in_use.lock acquired by nodename 12203@pr-hdds-2162-htzpk-1451759861
2019-09-26 18:20:38,035 [pool-117-thread-1] INFO  storage.RaftStorage (RaftStorage.java:format(72)) - Storage directory /workdir/hadoop-ozone/ozonefs/target/test-dir/MiniOzoneClusterImpl-4cd181c8-bc9e-4466-88a4-d14dd15eb960/datanode-9/data/ratis/a1961905-cc52-41c9-9466-540dc7593ec8 has been successfully formatted.
2019-09-26 18:20:38,035 [pool-57-thread-1] INFO  storage.RaftStorage (RaftStorage.java:format(72)) - Storage directory /workdir/hadoop-ozone/ozonefs/target/test-dir/MiniOzoneClusterImpl-4cd181c8-bc9e-4466-88a4-d14dd15eb960/datanode-3/data/ratis/a1961905-cc52-41c9-9466-540dc7593ec8 has been successfully formatted.
2019-09-26 18:20:38,035 [pool-87-thread-1] INFO  storage.RaftStorage (RaftStorage.java:format(72)) - Storage directory /workdir/hadoop-ozone/ozonefs/target/test-dir/MiniOzoneClusterImpl-4cd181c8-bc9e-4466-88a4-d14dd15eb960/datanode-6/data/ratis/a1961905-cc52-41c9-9466-540dc7593ec8 has been successfully formatted.
2019-09-26 18:20:38,035 [pool-117-thread-1] INFO  ratis.ContainerStateMachine (ContainerStateMachine.java:loadSnapshot(230)) - group-540DC7593EC8: The snapshot info is null. Setting the last applied indexto:(t:0, i:~)
2019-09-26 18:20:38,035 [pool-57-thread-1] INFO  ratis.ContainerStateMachine (ContainerStateMachine.java:loadSnapshot(230)) - group-540DC7593EC8: The snapshot info is null. Setting the last applied indexto:(t:0, i:~)
2019-09-26 18:20:38,035 [pool-117-thread-1] INFO  server.RaftServerConfigKeys (ConfUtils.java:logGet(43)) - raft.server.notification.no-leader.timeout = 120s (custom)
2019-09-26 18:20:38,035 [pool-87-thread-1] INFO  ratis.ContainerStateMachine (ContainerStateMachine.java:loadSnapshot(230)) - group-540DC7593EC8: The snapshot info is null. Setting the last applied indexto:(t:0, i:~)
2019-09-26 18:20:38,036 [pool-117-thread-1] INFO  server.RaftServerConfigKeys (ConfUtils.java:logGet(43)) - raft.server.log.use.memory = false (default)
2019-09-26 18:20:38,036 [pool-57-thread-1] INFO  server.RaftServerConfigKeys (ConfUtils.java:logGet(43)) - raft.server.notification.no-leader.timeout = 120s (custom)
2019-09-26 18:20:38,036 [pool-117-thread-1] INFO  server.RaftServerConfigKeys (ConfUtils.java:logGet(43)) - raft.server.log.purge.gap = 1000000 (custom)
2019-09-26 18:20:38,036 [pool-87-thread-1] INFO  server.RaftServerConfigKeys (ConfUtils.java:logGet(43)) - raft.server.notification.no-leader.timeout = 120s (custom)
2019-09-26 18:20:38,037 [pool-117-thread-1] INFO  server.RaftServerConfigKeys (ConfUtils.java:logGet(43)) - raft.server.log.appender.buffer.byte-limit = 33554432 (custom)
2019-09-26 18:20:38,036 [pool-57-thread-1] INFO  server.RaftServerConfigKeys (ConfUtils.java:logGet(43)) - raft.server.log.use.memory = false (default)
2019-09-26 18:20:38,037 [pool-117-thread-1] INFO  server.RaftServerConfigKeys (ConfUtils.java:logGet(43)) - raft.server.log.segment.size.max = 1048576 (custom)
2019-09-26 18:20:38,037 [pool-87-thread-1] INFO  server.RaftServerConfigKeys (ConfUtils.java:logGet(43)) - raft.server.log.use.memory = false (default)
2019-09-26 18:20:38,037 [pool-117-thread-1] INFO  server.RaftServerConfigKeys (ConfUtils.java:logGet(43)) - raft.server.log.segment.cache.num.max = 2 (custom)
2019-09-26 18:20:38,037 [pool-57-thread-1] INFO  server.RaftServerConfigKeys (ConfUtils.java:logGet(43)) - raft.server.log.purge.gap = 1000000 (custom)
2019-09-26 18:20:38,038 [pool-117-thread-1] INFO  segmented.SegmentedRaftLogWorker (SegmentedRaftLogWorker.java:<init>(172)) - new fa9f2368-1bb6-42af-a1bb-0ecd29289437@group-540DC7593EC8-SegmentedRaftLogWorker for RaftStorage:Storage Directory /workdir/hadoop-ozone/ozonefs/target/test-dir/MiniOzoneClusterImpl-4cd181c8-bc9e-4466-88a4-d14dd15eb960/datanode-9/data/ratis/a1961905-cc52-41c9-9466-540dc7593ec8
2019-09-26 18:20:38,037 [pool-87-thread-1] INFO  server.RaftServerConfigKeys (ConfUtils.java:logGet(43)) - raft.server.log.purge.gap = 1000000 (custom)
2019-09-26 18:20:38,038 [pool-117-thread-1] INFO  server.RaftServerConfigKeys (ConfUtils.java:logGet(43)) - raft.server.log.queue.byte-limit = 2147483647 (custom)
2019-09-26 18:20:38,038 [pool-57-thread-1] INFO  server.RaftServerConfigKeys (ConfUtils.java:logGet(43)) - raft.server.log.appender.buffer.byte-limit = 33554432 (custom)
2019-09-26 18:20:38,038 [pool-117-thread-1] INFO  server.RaftServerConfigKeys (ConfUtils.java:logGet(43)) - raft.server.log.queue.element-limit = 1024 (custom)
2019-09-26 18:20:38,038 [pool-87-thread-1] INFO  server.RaftServerConfigKeys (ConfUtils.java:logGet(43)) - raft.server.log.appender.buffer.byte-limit = 33554432 (custom)
2019-09-26 18:20:38,039 [pool-117-thread-1] INFO  server.RaftServerConfigKeys (ConfUtils.java:logGet(43)) - raft.server.log.segment.size.max = 1048576 (custom)
2019-09-26 18:20:38,039 [pool-57-thread-1] INFO  server.RaftServerConfigKeys (ConfUtils.java:logGet(43)) - raft.server.log.segment.size.max = 1048576 (custom)
2019-09-26 18:20:38,039 [pool-117-thread-1] INFO  server.RaftServerConfigKeys (ConfUtils.java:logGet(43)) - raft.server.log.preallocated.size = 16384 (custom)
2019-09-26 18:20:38,039 [pool-87-thread-1] INFO  server.RaftServerConfigKeys (ConfUtils.java:logGet(43)) - raft.server.log.segment.size.max = 1048576 (custom)
2019-09-26 18:20:38,039 [pool-117-thread-1] INFO  server.RaftServerConfigKeys (ConfUtils.java:logGet(43)) - raft.server.log.write.buffer.size = 33554432 (custom)
2019-09-26 18:20:38,039 [pool-57-thread-1] INFO  server.RaftServerConfigKeys (ConfUtils.java:logGet(43)) - raft.server.log.segment.cache.num.max = 2 (custom)
2019-09-26 18:20:38,040 [pool-117-thread-1] INFO  server.RaftServerConfigKeys (ConfUtils.java:logGet(43)) - raft.server.log.force.sync.num = 128 (default)
2019-09-26 18:20:38,040 [pool-87-thread-1] INFO  server.RaftServerConfigKeys (ConfUtils.java:logGet(43)) - raft.server.log.segment.cache.num.max = 2 (custom)
2019-09-26 18:20:38,040 [pool-117-thread-1] INFO  server.RaftServerConfigKeys (ConfUtils.java:logGet(43)) - raft.server.log.statemachine.data.sync = true (default)
2019-09-26 18:20:38,040 [pool-57-thread-1] INFO  segmented.SegmentedRaftLogWorker (SegmentedRaftLogWorker.java:<init>(172)) - new cdae5251-09d5-44f4-b358-655664201067@group-540DC7593EC8-SegmentedRaftLogWorker for RaftStorage:Storage Directory /workdir/hadoop-ozone/ozonefs/target/test-dir/MiniOzoneClusterImpl-4cd181c8-bc9e-4466-88a4-d14dd15eb960/datanode-3/data/ratis/a1961905-cc52-41c9-9466-540dc7593ec8
2019-09-26 18:20:38,041 [pool-117-thread-1] INFO  server.RaftServerConfigKeys (ConfUtils.java:logGet(43)) - raft.server.log.statemachine.data.sync.timeout = 10s (default)
2019-09-26 18:20:38,040 [pool-87-thread-1] INFO  segmented.SegmentedRaftLogWorker (SegmentedRaftLogWorker.java:<init>(172)) - new 6c2fb94c-a365-43b2-bbf6-b1ef1568b50c@group-540DC7593EC8-SegmentedRaftLogWorker for RaftStorage:Storage Directory /workdir/hadoop-ozone/ozonefs/target/test-dir/MiniOzoneClusterImpl-4cd181c8-bc9e-4466-88a4-d14dd15eb960/datanode-6/data/ratis/a1961905-cc52-41c9-9466-540dc7593ec8
2019-09-26 18:20:38,041 [pool-57-thread-1] INFO  server.RaftServerConfigKeys (ConfUtils.java:logGet(43)) - raft.server.log.queue.byte-limit = 2147483647 (custom)
2019-09-26 18:20:38,041 [pool-117-thread-1] INFO  server.RaftServerConfigKeys (ConfUtils.java:logGet(43)) - raft.server.log.statemachine.data.sync.timeout.retry = -1 (default)
2019-09-26 18:20:38,041 [pool-87-thread-1] INFO  server.RaftServerConfigKeys (ConfUtils.java:logGet(43)) - raft.server.log.queue.byte-limit = 2147483647 (custom)
2019-09-26 18:20:38,042 [pool-117-thread-1] INFO  server.RaftServerConfigKeys (ConfUtils.java:logGet(43)) - raft.server.log.statemachine.data.caching.enabled = true (custom)
2019-09-26 18:20:38,041 [pool-57-thread-1] INFO  server.RaftServerConfigKeys (ConfUtils.java:logGet(43)) - raft.server.log.queue.element-limit = 1024 (custom)
2019-09-26 18:20:38,042 [pool-87-thread-1] INFO  server.RaftServerConfigKeys (ConfUtils.java:logGet(43)) - raft.server.log.queue.element-limit = 1024 (custom)
2019-09-26 18:20:38,042 [pool-57-thread-1] INFO  server.RaftServerConfigKeys (ConfUtils.java:logGet(43)) - raft.server.log.segment.size.max = 1048576 (custom)
2019-09-26 18:20:38,042 [pool-87-thread-1] INFO  server.RaftServerConfigKeys (ConfUtils.java:logGet(43)) - raft.server.log.segment.size.max = 1048576 (custom)
2019-09-26 18:20:38,042 [pool-117-thread-1] INFO  segmented.SegmentedRaftLogWorker (SegmentedRaftLogWorker.java:lambda$new$0(132)) - fa9f2368-1bb6-42af-a1bb-0ecd29289437@group-540DC7593EC8-SegmentedRaftLogWorker: flushIndex: setUnconditionally 0 -> -1
2019-09-26 18:20:38,042 [pool-87-thread-1] INFO  server.RaftServerConfigKeys (ConfUtils.java:logGet(43)) - raft.server.log.preallocated.size = 16384 (custom)
2019-09-26 18:20:38,042 [pool-57-thread-1] INFO  server.RaftServerConfigKeys (ConfUtils.java:logGet(43)) - raft.server.log.preallocated.size = 16384 (custom)
2019-09-26 18:20:38,043 [pool-117-thread-1] INFO  server.RaftServerConfigKeys (ConfUtils.java:logGet(43)) - raft.server.snapshot.auto.trigger.enabled = true (custom)
2019-09-26 18:20:38,043 [pool-87-thread-1] INFO  server.RaftServerConfigKeys (ConfUtils.java:logGet(43)) - raft.server.log.write.buffer.size = 33554432 (custom)
2019-09-26 18:20:38,043 [pool-117-thread-1] INFO  server.RaftServerConfigKeys (ConfUtils.java:logGet(43)) - raft.server.snapshot.auto.trigger.threshold = 10000 (custom)
2019-09-26 18:20:38,043 [pool-57-thread-1] INFO  server.RaftServerConfigKeys (ConfUtils.java:logGet(43)) - raft.server.log.write.buffer.size = 33554432 (custom)
2019-09-26 18:20:38,043 [pool-117-thread-1] INFO  server.RaftServerConfigKeys (ConfUtils.java:logGet(43)) - raft.server.snapshot.retention.num.files = 5 (custom)
2019-09-26 18:20:38,043 [pool-87-thread-1] INFO  server.RaftServerConfigKeys (ConfUtils.java:logGet(43)) - raft.server.log.force.sync.num = 128 (default)
2019-09-26 18:20:38,044 [pool-117-thread-1] INFO  server.RaftServerConfigKeys (ConfUtils.java:logGet(43)) - raft.server.retrycache.expirytime = 600000ms (custom)
2019-09-26 18:20:38,044 [pool-57-thread-1] INFO  server.RaftServerConfigKeys (ConfUtils.java:logGet(43)) - raft.server.log.force.sync.num = 128 (default)
2019-09-26 18:20:38,044 [pool-87-thread-1] INFO  server.RaftServerConfigKeys (ConfUtils.java:logGet(43)) - raft.server.log.statemachine.data.sync = true (default)
2019-09-26 18:20:38,044 [pool-57-thread-1] INFO  server.RaftServerConfigKeys (ConfUtils.java:logGet(43)) - raft.server.log.statemachine.data.sync = true (default)
2019-09-26 18:20:38,044 [pool-87-thread-1] INFO  server.RaftServerConfigKeys (ConfUtils.java:logGet(43)) - raft.server.log.statemachine.data.sync.timeout = 10s (default)
2019-09-26 18:20:38,045 [pool-57-thread-1] INFO  server.RaftServerConfigKeys (ConfUtils.java:logGet(43)) - raft.server.log.statemachine.data.sync.timeout = 10s (default)
2019-09-26 18:20:38,045 [pool-87-thread-1] INFO  server.RaftServerConfigKeys (ConfUtils.java:logGet(43)) - raft.server.log.statemachine.data.sync.timeout.retry = -1 (default)
2019-09-26 18:20:38,045 [pool-57-thread-1] INFO  server.RaftServerConfigKeys (ConfUtils.java:logGet(43)) - raft.server.log.statemachine.data.sync.timeout.retry = -1 (default)
2019-09-26 18:20:38,045 [pool-87-thread-1] INFO  server.RaftServerConfigKeys (ConfUtils.java:logGet(43)) - raft.server.log.statemachine.data.caching.enabled = true (custom)
2019-09-26 18:20:38,045 [pool-57-thread-1] INFO  server.RaftServerConfigKeys (ConfUtils.java:logGet(43)) - raft.server.log.statemachine.data.caching.enabled = true (custom)
2019-09-26 18:20:38,046 [pool-87-thread-1] INFO  segmented.SegmentedRaftLogWorker (SegmentedRaftLogWorker.java:lambda$new$0(132)) - 6c2fb94c-a365-43b2-bbf6-b1ef1568b50c@group-540DC7593EC8-SegmentedRaftLogWorker: flushIndex: setUnconditionally 0 -> -1
2019-09-26 18:20:38,046 [pool-57-thread-1] INFO  segmented.SegmentedRaftLogWorker (SegmentedRaftLogWorker.java:lambda$new$0(132)) - cdae5251-09d5-44f4-b358-655664201067@group-540DC7593EC8-SegmentedRaftLogWorker: flushIndex: setUnconditionally 0 -> -1
2019-09-26 18:20:38,046 [pool-87-thread-1] INFO  server.RaftServerConfigKeys (ConfUtils.java:logGet(43)) - raft.server.snapshot.auto.trigger.enabled = true (custom)
2019-09-26 18:20:38,046 [pool-57-thread-1] INFO  server.RaftServerConfigKeys (ConfUtils.java:logGet(43)) - raft.server.snapshot.auto.trigger.enabled = true (custom)
2019-09-26 18:20:38,046 [pool-87-thread-1] INFO  server.RaftServerConfigKeys (ConfUtils.java:logGet(43)) - raft.server.snapshot.auto.trigger.threshold = 10000 (custom)
2019-09-26 18:20:38,047 [pool-57-thread-1] INFO  server.RaftServerConfigKeys (ConfUtils.java:logGet(43)) - raft.server.snapshot.auto.trigger.threshold = 10000 (custom)
2019-09-26 18:20:38,047 [pool-87-thread-1] INFO  server.RaftServerConfigKeys (ConfUtils.java:logGet(43)) - raft.server.snapshot.retention.num.files = 5 (custom)
2019-09-26 18:20:38,047 [pool-57-thread-1] INFO  server.RaftServerConfigKeys (ConfUtils.java:logGet(43)) - raft.server.snapshot.retention.num.files = 5 (custom)
2019-09-26 18:20:38,047 [pool-87-thread-1] INFO  server.RaftServerConfigKeys (ConfUtils.java:logGet(43)) - raft.server.retrycache.expirytime = 600000ms (custom)
2019-09-26 18:20:38,047 [pool-57-thread-1] INFO  server.RaftServerConfigKeys (ConfUtils.java:logGet(43)) - raft.server.retrycache.expirytime = 600000ms (custom)
2019-09-26 18:20:38,047 [pool-117-thread-1] INFO  impl.RaftServerImpl (RaftServerImpl.java:start(185)) - fa9f2368-1bb6-42af-a1bb-0ecd29289437@group-540DC7593EC8: start as a follower, conf=-1: [6c2fb94c-a365-43b2-bbf6-b1ef1568b50c:192.168.157.234:46404, cdae5251-09d5-44f4-b358-655664201067:192.168.157.234:36748, fa9f2368-1bb6-42af-a1bb-0ecd29289437:192.168.157.234:39317], old=null
2019-09-26 18:20:38,048 [pool-117-thread-1] INFO  impl.RaftServerImpl (RaftServerImpl.java:setRole(174)) - fa9f2368-1bb6-42af-a1bb-0ecd29289437@group-540DC7593EC8: changes role from      null to FOLLOWER at term 0 for startAsFollower
2019-09-26 18:20:38,048 [pool-117-thread-1] INFO  impl.RoleInfo (RoleInfo.java:updateAndGet(143)) - fa9f2368-1bb6-42af-a1bb-0ecd29289437: start FollowerState
2019-09-26 18:20:38,048 [pool-117-thread-1] INFO  util.JmxRegister (JmxRegister.java:tryRegister(44)) - Successfully registered JMX Bean with object name Ratis:service=RaftServer,group=group-540DC7593EC8,id=fa9f2368-1bb6-42af-a1bb-0ecd29289437
2019-09-26 18:20:38,050 [pool-87-thread-1] INFO  impl.RaftServerImpl (RaftServerImpl.java:start(185)) - 6c2fb94c-a365-43b2-bbf6-b1ef1568b50c@group-540DC7593EC8: start as a follower, conf=-1: [6c2fb94c-a365-43b2-bbf6-b1ef1568b50c:192.168.157.234:46404, cdae5251-09d5-44f4-b358-655664201067:192.168.157.234:36748, fa9f2368-1bb6-42af-a1bb-0ecd29289437:192.168.157.234:39317], old=null
2019-09-26 18:20:38,051 [pool-87-thread-1] INFO  impl.RaftServerImpl (RaftServerImpl.java:setRole(174)) - 6c2fb94c-a365-43b2-bbf6-b1ef1568b50c@group-540DC7593EC8: changes role from      null to FOLLOWER at term 0 for startAsFollower
2019-09-26 18:20:38,051 [pool-87-thread-1] INFO  impl.RoleInfo (RoleInfo.java:updateAndGet(143)) - 6c2fb94c-a365-43b2-bbf6-b1ef1568b50c: start FollowerState
2019-09-26 18:20:38,051 [pool-57-thread-1] INFO  impl.RaftServerImpl (RaftServerImpl.java:start(185)) - cdae5251-09d5-44f4-b358-655664201067@group-540DC7593EC8: start as a follower, conf=-1: [6c2fb94c-a365-43b2-bbf6-b1ef1568b50c:192.168.157.234:46404, cdae5251-09d5-44f4-b358-655664201067:192.168.157.234:36748, fa9f2368-1bb6-42af-a1bb-0ecd29289437:192.168.157.234:39317], old=null
2019-09-26 18:20:38,051 [pool-57-thread-1] INFO  impl.RaftServerImpl (RaftServerImpl.java:setRole(174)) - cdae5251-09d5-44f4-b358-655664201067@group-540DC7593EC8: changes role from      null to FOLLOWER at term 0 for startAsFollower
2019-09-26 18:20:38,051 [pool-87-thread-1] INFO  util.JmxRegister (JmxRegister.java:tryRegister(44)) - Successfully registered JMX Bean with object name Ratis:service=RaftServer,group=group-540DC7593EC8,id=6c2fb94c-a365-43b2-bbf6-b1ef1568b50c
2019-09-26 18:20:38,051 [pool-57-thread-1] INFO  impl.RoleInfo (RoleInfo.java:updateAndGet(143)) - cdae5251-09d5-44f4-b358-655664201067: start FollowerState
2019-09-26 18:20:38,054 [pool-57-thread-1] INFO  util.JmxRegister (JmxRegister.java:tryRegister(44)) - Successfully registered JMX Bean with object name Ratis:service=RaftServer,group=group-540DC7593EC8,id=cdae5251-09d5-44f4-b358-655664201067
2019-09-26 18:20:38,064 [RatisPipelineUtilsThread] INFO  pipeline.PipelineStateManager (PipelineStateManager.java:addPipeline(56)) - Created pipeline Pipeline[ Id: a1961905-cc52-41c9-9466-540dc7593ec8, Nodes: cdae5251-09d5-44f4-b358-655664201067{ip: 192.168.157.234, host: pr-hdds-2162-htzpk-1451759861, networkLocation: /default-rack, certSerialId: null}fa9f2368-1bb6-42af-a1bb-0ecd29289437{ip: 192.168.157.234, host: pr-hdds-2162-htzpk-1451759861, networkLocation: /default-rack, certSerialId: null}6c2fb94c-a365-43b2-bbf6-b1ef1568b50c{ip: 192.168.157.234, host: pr-hdds-2162-htzpk-1451759861, networkLocation: /default-rack, certSerialId: null}, Type:RATIS, Factor:THREE, State:OPEN]
2019-09-26 18:20:38,791 [main] INFO  ipc.Client (Client.java:handleConnectionFailure(948)) - Retrying connect to server: localhost/127.0.0.1:0. Already tried 0 time(s); retry policy is RetryUpToMaximumCountWithFixedSleep(maxRetries=10, sleepTime=1000 MILLISECONDS)
2019-09-26 18:20:38,923 [Thread-283] INFO  container.ReplicationManager (ReplicationManager.java:start(162)) - Starting Replication Monitor Thread.
2019-09-26 18:20:38,927 [ReplicationMonitor] INFO  container.ReplicationManager (ReplicationManager.java:run(225)) - Replication Monitor Thread took 1 milliseconds for processing 0 containers.
2019-09-26 18:20:39,793 [main] INFO  ipc.Client (Client.java:handleConnectionFailure(948)) - Retrying connect to server: localhost/127.0.0.1:0. Already tried 1 time(s); retry policy is RetryUpToMaximumCountWithFixedSleep(maxRetries=10, sleepTime=1000 MILLISECONDS)
2019-09-26 18:20:40,802 [main] INFO  ipc.Client (Client.java:handleConnectionFailure(948)) - Retrying connect to server: localhost/127.0.0.1:0. Already tried 2 time(s); retry policy is RetryUpToMaximumCountWithFixedSleep(maxRetries=10, sleepTime=1000 MILLISECONDS)
2019-09-26 18:20:41,686 [Thread-285] INFO  impl.FollowerState (FollowerState.java:run(106)) - a97db397-b1f1-4b99-87cc-fea8e8393d8a:group-250841D7D363 changes to CANDIDATE, lastRpcTime:5151, electionTimeout:5150ms
2019-09-26 18:20:41,689 [Thread-285] INFO  impl.RoleInfo (RoleInfo.java:shutdownFollowerState(121)) - a97db397-b1f1-4b99-87cc-fea8e8393d8a: shutdown FollowerState
2019-09-26 18:20:41,690 [Thread-285] INFO  impl.RaftServerImpl (RaftServerImpl.java:setRole(174)) - a97db397-b1f1-4b99-87cc-fea8e8393d8a@group-250841D7D363: changes role from  FOLLOWER to CANDIDATE at term 0 for changeToCandidate
2019-09-26 18:20:41,694 [Thread-285] INFO  impl.RoleInfo (RoleInfo.java:updateAndGet(143)) - a97db397-b1f1-4b99-87cc-fea8e8393d8a: start LeaderElection
2019-09-26 18:20:41,716 [a97db397-b1f1-4b99-87cc-fea8e8393d8a@group-250841D7D363:LeaderElection1] INFO  impl.LeaderElection (LeaderElection.java:askForVotes(182)) - a97db397-b1f1-4b99-87cc-fea8e8393d8a@group-250841D7D363:LeaderElection1: begin an election at term 1 for -1: [a97db397-b1f1-4b99-87cc-fea8e8393d8a:192.168.157.234:44695], old=null
2019-09-26 18:20:41,717 [a97db397-b1f1-4b99-87cc-fea8e8393d8a@group-250841D7D363:LeaderElection1] INFO  impl.RoleInfo (RoleInfo.java:shutdownLeaderElection(134)) - a97db397-b1f1-4b99-87cc-fea8e8393d8a: shutdown LeaderElection
2019-09-26 18:20:41,718 [a97db397-b1f1-4b99-87cc-fea8e8393d8a@group-250841D7D363:LeaderElection1] INFO  impl.RaftServerImpl (RaftServerImpl.java:setRole(174)) - a97db397-b1f1-4b99-87cc-fea8e8393d8a@group-250841D7D363: changes role from CANDIDATE to LEADER at term 1 for changeToLeader
2019-09-26 18:20:41,718 [a97db397-b1f1-4b99-87cc-fea8e8393d8a@group-250841D7D363:LeaderElection1] INFO  impl.RaftServerImpl (ServerState.java:setLeader(253)) - a97db397-b1f1-4b99-87cc-fea8e8393d8a@group-250841D7D363: change Leader from null to a97db397-b1f1-4b99-87cc-fea8e8393d8a at term 1 for becomeLeader, leader elected after 5356ms
2019-09-26 18:20:41,724 [a97db397-b1f1-4b99-87cc-fea8e8393d8a@group-250841D7D363:LeaderElection1] INFO  server.RaftServerConfigKeys (ConfUtils.java:logGet(43)) - raft.server.staging.catchup.gap = 1000 (default)
2019-09-26 18:20:41,724 [a97db397-b1f1-4b99-87cc-fea8e8393d8a@group-250841D7D363:LeaderElection1] INFO  server.RaftServerConfigKeys (ConfUtils.java:logGet(43)) - raft.server.rpc.sleep.time = 25ms (default)
2019-09-26 18:20:41,727 [a97db397-b1f1-4b99-87cc-fea8e8393d8a@group-250841D7D363:LeaderElection1] INFO  server.RaftServerConfigKeys (ConfUtils.java:logGet(43)) - raft.server.write.element-limit = 4096 (default)
2019-09-26 18:20:41,730 [a97db397-b1f1-4b99-87cc-fea8e8393d8a@group-250841D7D363:LeaderElection1] INFO  server.RaftServerConfigKeys (ConfUtils.java:logGet(43)) - raft.server.watch.timeout = 10s (default)
2019-09-26 18:20:41,730 [a97db397-b1f1-4b99-87cc-fea8e8393d8a@group-250841D7D363:LeaderElection1] INFO  server.RaftServerConfigKeys (ConfUtils.java:logGet(43)) - raft.server.watch.timeout.denomination = 1s (default)
2019-09-26 18:20:41,731 [a97db397-b1f1-4b99-87cc-fea8e8393d8a@group-250841D7D363:LeaderElection1] INFO  server.RaftServerConfigKeys (ConfUtils.java:logGet(43)) - raft.server.watch.element-limit = 65536 (default)
2019-09-26 18:20:41,743 [a97db397-b1f1-4b99-87cc-fea8e8393d8a@group-250841D7D363:LeaderElection1] INFO  impl.RoleInfo (RoleInfo.java:updateAndGet(143)) - a97db397-b1f1-4b99-87cc-fea8e8393d8a: start LeaderState
2019-09-26 18:20:41,769 [a97db397-b1f1-4b99-87cc-fea8e8393d8a@group-250841D7D363:LeaderElection1] INFO  segmented.SegmentedRaftLogWorker (SegmentedRaftLogWorker.java:startLogSegment(380)) - a97db397-b1f1-4b99-87cc-fea8e8393d8a@group-250841D7D363-SegmentedRaftLogWorker: Starting segment from index:0
2019-09-26 18:20:41,777 [a97db397-b1f1-4b99-87cc-fea8e8393d8a@group-250841D7D363:LeaderElection1] INFO  impl.RaftServerImpl (ServerState.java:setRaftConf(354)) - a97db397-b1f1-4b99-87cc-fea8e8393d8a@group-250841D7D363: set configuration 0: [a97db397-b1f1-4b99-87cc-fea8e8393d8a:192.168.157.234:44695], old=null at 0
2019-09-26 18:20:41,803 [main] INFO  ipc.Client (Client.java:handleConnectionFailure(948)) - Retrying connect to server: localhost/127.0.0.1:0. Already tried 3 time(s); retry policy is RetryUpToMaximumCountWithFixedSleep(maxRetries=10, sleepTime=1000 MILLISECONDS)
2019-09-26 18:20:41,831 [Thread-288] INFO  impl.FollowerState (FollowerState.java:run(106)) - bae3409c-6898-459a-9ead-f389836c7215:group-F63AEF285D64 changes to CANDIDATE, lastRpcTime:5036, electionTimeout:5034ms
2019-09-26 18:20:41,833 [Thread-288] INFO  impl.RoleInfo (RoleInfo.java:shutdownFollowerState(121)) - bae3409c-6898-459a-9ead-f389836c7215: shutdown FollowerState
2019-09-26 18:20:41,833 [Thread-288] INFO  impl.RaftServerImpl (RaftServerImpl.java:setRole(174)) - bae3409c-6898-459a-9ead-f389836c7215@group-F63AEF285D64: changes role from  FOLLOWER to CANDIDATE at term 0 for changeToCandidate
2019-09-26 18:20:41,834 [Thread-288] INFO  impl.RoleInfo (RoleInfo.java:updateAndGet(143)) - bae3409c-6898-459a-9ead-f389836c7215: start LeaderElection
2019-09-26 18:20:41,853 [bae3409c-6898-459a-9ead-f389836c7215@group-F63AEF285D64:LeaderElection2] INFO  impl.LeaderElection (LeaderElection.java:askForVotes(182)) - bae3409c-6898-459a-9ead-f389836c7215@group-F63AEF285D64:LeaderElection2: begin an election at term 1 for -1: [bae3409c-6898-459a-9ead-f389836c7215:192.168.157.234:35770], old=null
2019-09-26 18:20:41,854 [bae3409c-6898-459a-9ead-f389836c7215@group-F63AEF285D64:LeaderElection2] INFO  impl.RoleInfo (RoleInfo.java:shutdownLeaderElection(134)) - bae3409c-6898-459a-9ead-f389836c7215: shutdown LeaderElection
2019-09-26 18:20:41,855 [bae3409c-6898-459a-9ead-f389836c7215@group-F63AEF285D64:LeaderElection2] INFO  impl.RaftServerImpl (RaftServerImpl.java:setRole(174)) - bae3409c-6898-459a-9ead-f389836c7215@group-F63AEF285D64: changes role from CANDIDATE to LEADER at term 1 for changeToLeader
2019-09-26 18:20:41,855 [bae3409c-6898-459a-9ead-f389836c7215@group-F63AEF285D64:LeaderElection2] INFO  impl.RaftServerImpl (ServerState.java:setLeader(253)) - bae3409c-6898-459a-9ead-f389836c7215@group-F63AEF285D64: change Leader from null to bae3409c-6898-459a-9ead-f389836c7215 at term 1 for becomeLeader, leader elected after 5078ms
2019-09-26 18:20:41,855 [bae3409c-6898-459a-9ead-f389836c7215@group-F63AEF285D64:LeaderElection2] INFO  server.RaftServerConfigKeys (ConfUtils.java:logGet(43)) - raft.server.staging.catchup.gap = 1000 (default)
2019-09-26 18:20:41,855 [bae3409c-6898-459a-9ead-f389836c7215@group-F63AEF285D64:LeaderElection2] INFO  server.RaftServerConfigKeys (ConfUtils.java:logGet(43)) - raft.server.rpc.sleep.time = 25ms (default)
2019-09-26 18:20:41,855 [bae3409c-6898-459a-9ead-f389836c7215@group-F63AEF285D64:LeaderElection2] INFO  server.RaftServerConfigKeys (ConfUtils.java:logGet(43)) - raft.server.write.element-limit = 4096 (default)
2019-09-26 18:20:41,856 [bae3409c-6898-459a-9ead-f389836c7215@group-F63AEF285D64:LeaderElection2] INFO  server.RaftServerConfigKeys (ConfUtils.java:logGet(43)) - raft.server.watch.timeout = 10s (default)
2019-09-26 18:20:41,856 [bae3409c-6898-459a-9ead-f389836c7215@group-F63AEF285D64:LeaderElection2] INFO  server.RaftServerConfigKeys (ConfUtils.java:logGet(43)) - raft.server.watch.timeout.denomination = 1s (default)
2019-09-26 18:20:41,856 [bae3409c-6898-459a-9ead-f389836c7215@group-F63AEF285D64:LeaderElection2] INFO  server.RaftServerConfigKeys (ConfUtils.java:logGet(43)) - raft.server.watch.element-limit = 65536 (default)
2019-09-26 18:20:41,859 [bae3409c-6898-459a-9ead-f389836c7215@group-F63AEF285D64:LeaderElection2] INFO  impl.RoleInfo (RoleInfo.java:updateAndGet(143)) - bae3409c-6898-459a-9ead-f389836c7215: start LeaderState
2019-09-26 18:20:41,859 [bae3409c-6898-459a-9ead-f389836c7215@group-F63AEF285D64:LeaderElection2] INFO  segmented.SegmentedRaftLogWorker (SegmentedRaftLogWorker.java:startLogSegment(380)) - bae3409c-6898-459a-9ead-f389836c7215@group-F63AEF285D64-SegmentedRaftLogWorker: Starting segment from index:0
2019-09-26 18:20:41,860 [bae3409c-6898-459a-9ead-f389836c7215@group-F63AEF285D64:LeaderElection2] INFO  impl.RaftServerImpl (ServerState.java:setRaftConf(354)) - bae3409c-6898-459a-9ead-f389836c7215@group-F63AEF285D64: set configuration 0: [bae3409c-6898-459a-9ead-f389836c7215:192.168.157.234:35770], old=null at 0
2019-09-26 18:20:42,059 [bae3409c-6898-459a-9ead-f389836c7215@group-F63AEF285D64-SegmentedRaftLogWorker] INFO  segmented.SegmentedRaftLogWorker (SegmentedRaftLogWorker.java:execute(569)) - bae3409c-6898-459a-9ead-f389836c7215@group-F63AEF285D64-SegmentedRaftLogWorker: created new log segment /workdir/hadoop-ozone/ozonefs/target/test-dir/MiniOzoneClusterImpl-4cd181c8-bc9e-4466-88a4-d14dd15eb960/datanode-4/data/ratis/ec785e2c-50af-424d-a6cc-f63aef285d64/current/log_inprogress_0
2019-09-26 18:20:42,059 [a97db397-b1f1-4b99-87cc-fea8e8393d8a@group-250841D7D363-SegmentedRaftLogWorker] INFO  segmented.SegmentedRaftLogWorker (SegmentedRaftLogWorker.java:execute(569)) - a97db397-b1f1-4b99-87cc-fea8e8393d8a@group-250841D7D363-SegmentedRaftLogWorker: created new log segment /workdir/hadoop-ozone/ozonefs/target/test-dir/MiniOzoneClusterImpl-4cd181c8-bc9e-4466-88a4-d14dd15eb960/datanode-0/data/ratis/b7fe21e0-f349-42d8-9d31-250841d7d363/current/log_inprogress_0
2019-09-26 18:20:42,174 [Thread-291] INFO  impl.FollowerState (FollowerState.java:run(106)) - 93947204-6523-4053-8a53-59a9107be111:group-BBAF7B207632 changes to CANDIDATE, lastRpcTime:5187, electionTimeout:5187ms
2019-09-26 18:20:42,174 [Thread-291] INFO  impl.RoleInfo (RoleInfo.java:shutdownFollowerState(121)) - 93947204-6523-4053-8a53-59a9107be111: shutdown FollowerState
2019-09-26 18:20:42,175 [Thread-291] INFO  impl.RaftServerImpl (RaftServerImpl.java:setRole(174)) - 93947204-6523-4053-8a53-59a9107be111@group-BBAF7B207632: changes role from  FOLLOWER to CANDIDATE at term 0 for changeToCandidate
2019-09-26 18:20:42,175 [Thread-291] INFO  impl.RoleInfo (RoleInfo.java:updateAndGet(143)) - 93947204-6523-4053-8a53-59a9107be111: start LeaderElection
2019-09-26 18:20:42,191 [Thread-294] INFO  impl.FollowerState (FollowerState.java:run(106)) - 6d4b3972-949b-4922-a608-4c13a92fd060:group-13FFE1C171DC changes to CANDIDATE, lastRpcTime:5104, electionTimeout:5092ms
2019-09-26 18:20:42,191 [Thread-294] INFO  impl.RoleInfo (RoleInfo.java:shutdownFollowerState(121)) - 6d4b3972-949b-4922-a608-4c13a92fd060: shutdown FollowerState
2019-09-26 18:20:42,191 [Thread-294] INFO  impl.RaftServerImpl (RaftServerImpl.java:setRole(174)) - 6d4b3972-949b-4922-a608-4c13a92fd060@group-13FFE1C171DC: changes role from  FOLLOWER to CANDIDATE at term 0 for changeToCandidate
2019-09-26 18:20:42,192 [Thread-294] INFO  impl.RoleInfo (RoleInfo.java:updateAndGet(143)) - 6d4b3972-949b-4922-a608-4c13a92fd060: start LeaderElection
2019-09-26 18:20:42,216 [6d4b3972-949b-4922-a608-4c13a92fd060@group-13FFE1C171DC:LeaderElection4] INFO  impl.LeaderElection (LeaderElection.java:askForVotes(182)) - 6d4b3972-949b-4922-a608-4c13a92fd060@group-13FFE1C171DC:LeaderElection4: begin an election at term 1 for -1: [6d4b3972-949b-4922-a608-4c13a92fd060:192.168.157.234:34362], old=null
2019-09-26 18:20:42,216 [93947204-6523-4053-8a53-59a9107be111@group-BBAF7B207632:LeaderElection3] INFO  impl.LeaderElection (LeaderElection.java:askForVotes(182)) - 93947204-6523-4053-8a53-59a9107be111@group-BBAF7B207632:LeaderElection3: begin an election at term 1 for -1: [93947204-6523-4053-8a53-59a9107be111:192.168.157.234:37418], old=null
2019-09-26 18:20:42,217 [6d4b3972-949b-4922-a608-4c13a92fd060@group-13FFE1C171DC:LeaderElection4] INFO  impl.RoleInfo (RoleInfo.java:shutdownLeaderElection(134)) - 6d4b3972-949b-4922-a608-4c13a92fd060: shutdown LeaderElection
2019-09-26 18:20:42,217 [93947204-6523-4053-8a53-59a9107be111@group-BBAF7B207632:LeaderElection3] INFO  impl.RoleInfo (RoleInfo.java:shutdownLeaderElection(134)) - 93947204-6523-4053-8a53-59a9107be111: shutdown LeaderElection
2019-09-26 18:20:42,217 [6d4b3972-949b-4922-a608-4c13a92fd060@group-13FFE1C171DC:LeaderElection4] INFO  impl.RaftServerImpl (RaftServerImpl.java:setRole(174)) - 6d4b3972-949b-4922-a608-4c13a92fd060@group-13FFE1C171DC: changes role from CANDIDATE to LEADER at term 1 for changeToLeader
2019-09-26 18:20:42,217 [93947204-6523-4053-8a53-59a9107be111@group-BBAF7B207632:LeaderElection3] INFO  impl.RaftServerImpl (RaftServerImpl.java:setRole(174)) - 93947204-6523-4053-8a53-59a9107be111@group-BBAF7B207632: changes role from CANDIDATE to LEADER at term 1 for changeToLeader
2019-09-26 18:20:42,217 [6d4b3972-949b-4922-a608-4c13a92fd060@group-13FFE1C171DC:LeaderElection4] INFO  impl.RaftServerImpl (ServerState.java:setLeader(253)) - 6d4b3972-949b-4922-a608-4c13a92fd060@group-13FFE1C171DC: change Leader from null to 6d4b3972-949b-4922-a608-4c13a92fd060 at term 1 for becomeLeader, leader elected after 5147ms
2019-09-26 18:20:42,217 [93947204-6523-4053-8a53-59a9107be111@group-BBAF7B207632:LeaderElection3] INFO  impl.RaftServerImpl (ServerState.java:setLeader(253)) - 93947204-6523-4053-8a53-59a9107be111@group-BBAF7B207632: change Leader from null to 93947204-6523-4053-8a53-59a9107be111 at term 1 for becomeLeader, leader elected after 5310ms
2019-09-26 18:20:42,218 [6d4b3972-949b-4922-a608-4c13a92fd060@group-13FFE1C171DC:LeaderElection4] INFO  server.RaftServerConfigKeys (ConfUtils.java:logGet(43)) - raft.server.staging.catchup.gap = 1000 (default)
2019-09-26 18:20:42,218 [93947204-6523-4053-8a53-59a9107be111@group-BBAF7B207632:LeaderElection3] INFO  server.RaftServerConfigKeys (ConfUtils.java:logGet(43)) - raft.server.staging.catchup.gap = 1000 (default)
2019-09-26 18:20:42,218 [6d4b3972-949b-4922-a608-4c13a92fd060@group-13FFE1C171DC:LeaderElection4] INFO  server.RaftServerConfigKeys (ConfUtils.java:logGet(43)) - raft.server.rpc.sleep.time = 25ms (default)
2019-09-26 18:20:42,218 [93947204-6523-4053-8a53-59a9107be111@group-BBAF7B207632:LeaderElection3] INFO  server.RaftServerConfigKeys (ConfUtils.java:logGet(43)) - raft.server.rpc.sleep.time = 25ms (default)
2019-09-26 18:20:42,218 [6d4b3972-949b-4922-a608-4c13a92fd060@group-13FFE1C171DC:LeaderElection4] INFO  server.RaftServerConfigKeys (ConfUtils.java:logGet(43)) - raft.server.write.element-limit = 4096 (default)
2019-09-26 18:20:42,219 [93947204-6523-4053-8a53-59a9107be111@group-BBAF7B207632:LeaderElection3] INFO  server.RaftServerConfigKeys (ConfUtils.java:logGet(43)) - raft.server.write.element-limit = 4096 (default)
2019-09-26 18:20:42,219 [6d4b3972-949b-4922-a608-4c13a92fd060@group-13FFE1C171DC:LeaderElection4] INFO  server.RaftServerConfigKeys (ConfUtils.java:logGet(43)) - raft.server.watch.timeout = 10s (default)
2019-09-26 18:20:42,219 [93947204-6523-4053-8a53-59a9107be111@group-BBAF7B207632:LeaderElection3] INFO  server.RaftServerConfigKeys (ConfUtils.java:logGet(43)) - raft.server.watch.timeout = 10s (default)
2019-09-26 18:20:42,219 [6d4b3972-949b-4922-a608-4c13a92fd060@group-13FFE1C171DC:LeaderElection4] INFO  server.RaftServerConfigKeys (ConfUtils.java:logGet(43)) - raft.server.watch.timeout.denomination = 1s (default)
2019-09-26 18:20:42,219 [93947204-6523-4053-8a53-59a9107be111@group-BBAF7B207632:LeaderElection3] INFO  server.RaftServerConfigKeys (ConfUtils.java:logGet(43)) - raft.server.watch.timeout.denomination = 1s (default)
2019-09-26 18:20:42,219 [6d4b3972-949b-4922-a608-4c13a92fd060@group-13FFE1C171DC:LeaderElection4] INFO  server.RaftServerConfigKeys (ConfUtils.java:logGet(43)) - raft.server.watch.element-limit = 65536 (default)
2019-09-26 18:20:42,220 [93947204-6523-4053-8a53-59a9107be111@group-BBAF7B207632:LeaderElection3] INFO  server.RaftServerConfigKeys (ConfUtils.java:logGet(43)) - raft.server.watch.element-limit = 65536 (default)
2019-09-26 18:20:42,224 [6d4b3972-949b-4922-a608-4c13a92fd060@group-13FFE1C171DC:LeaderElection4] INFO  impl.RoleInfo (RoleInfo.java:updateAndGet(143)) - 6d4b3972-949b-4922-a608-4c13a92fd060: start LeaderState
2019-09-26 18:20:42,225 [6d4b3972-949b-4922-a608-4c13a92fd060@group-13FFE1C171DC:LeaderElection4] INFO  segmented.SegmentedRaftLogWorker (SegmentedRaftLogWorker.java:startLogSegment(380)) - 6d4b3972-949b-4922-a608-4c13a92fd060@group-13FFE1C171DC-SegmentedRaftLogWorker: Starting segment from index:0
2019-09-26 18:20:42,225 [93947204-6523-4053-8a53-59a9107be111@group-BBAF7B207632:LeaderElection3] INFO  impl.RoleInfo (RoleInfo.java:updateAndGet(143)) - 93947204-6523-4053-8a53-59a9107be111: start LeaderState
2019-09-26 18:20:42,226 [93947204-6523-4053-8a53-59a9107be111@group-BBAF7B207632:LeaderElection3] INFO  segmented.SegmentedRaftLogWorker (SegmentedRaftLogWorker.java:startLogSegment(380)) - 93947204-6523-4053-8a53-59a9107be111@group-BBAF7B207632-SegmentedRaftLogWorker: Starting segment from index:0
2019-09-26 18:20:42,226 [6d4b3972-949b-4922-a608-4c13a92fd060@group-13FFE1C171DC:LeaderElection4] INFO  impl.RaftServerImpl (ServerState.java:setRaftConf(354)) - 6d4b3972-949b-4922-a608-4c13a92fd060@group-13FFE1C171DC: set configuration 0: [6d4b3972-949b-4922-a608-4c13a92fd060:192.168.157.234:34362], old=null at 0
2019-09-26 18:20:42,277 [93947204-6523-4053-8a53-59a9107be111@group-BBAF7B207632:LeaderElection3] INFO  impl.RaftServerImpl (ServerState.java:setRaftConf(354)) - 93947204-6523-4053-8a53-59a9107be111@group-BBAF7B207632: set configuration 0: [93947204-6523-4053-8a53-59a9107be111:192.168.157.234:37418], old=null at 0
2019-09-26 18:20:42,300 [6d4b3972-949b-4922-a608-4c13a92fd060@group-13FFE1C171DC-SegmentedRaftLogWorker] INFO  segmented.SegmentedRaftLogWorker (SegmentedRaftLogWorker.java:execute(569)) - 6d4b3972-949b-4922-a608-4c13a92fd060@group-13FFE1C171DC-SegmentedRaftLogWorker: created new log segment /workdir/hadoop-ozone/ozonefs/target/test-dir/MiniOzoneClusterImpl-4cd181c8-bc9e-4466-88a4-d14dd15eb960/datanode-7/data/ratis/1ec0a6f3-cfaa-4de2-960e-13ffe1c171dc/current/log_inprogress_0
2019-09-26 18:20:42,307 [93947204-6523-4053-8a53-59a9107be111@group-BBAF7B207632-SegmentedRaftLogWorker] INFO  segmented.SegmentedRaftLogWorker (SegmentedRaftLogWorker.java:execute(569)) - 93947204-6523-4053-8a53-59a9107be111@group-BBAF7B207632-SegmentedRaftLogWorker: created new log segment /workdir/hadoop-ozone/ozonefs/target/test-dir/MiniOzoneClusterImpl-4cd181c8-bc9e-4466-88a4-d14dd15eb960/datanode-8/data/ratis/0556ac7e-c667-4091-b39b-bbaf7b207632/current/log_inprogress_0
2019-09-26 18:20:42,315 [Thread-297] INFO  impl.FollowerState (FollowerState.java:run(106)) - 2f4b2a07-0a7a-46e2-b6cf-45c85d46ba30:group-F564DBC40354 changes to CANDIDATE, lastRpcTime:5119, electionTimeout:5119ms
2019-09-26 18:20:42,316 [Thread-297] INFO  impl.RoleInfo (RoleInfo.java:shutdownFollowerState(121)) - 2f4b2a07-0a7a-46e2-b6cf-45c85d46ba30: shutdown FollowerState
2019-09-26 18:20:42,316 [Thread-297] INFO  impl.RaftServerImpl (RaftServerImpl.java:setRole(174)) - 2f4b2a07-0a7a-46e2-b6cf-45c85d46ba30@group-F564DBC40354: changes role from  FOLLOWER to CANDIDATE at term 0 for changeToCandidate
2019-09-26 18:20:42,316 [Thread-297] INFO  impl.RoleInfo (RoleInfo.java:updateAndGet(143)) - 2f4b2a07-0a7a-46e2-b6cf-45c85d46ba30: start LeaderElection
2019-09-26 18:20:42,334 [2f4b2a07-0a7a-46e2-b6cf-45c85d46ba30@group-F564DBC40354:LeaderElection5] INFO  impl.LeaderElection (LeaderElection.java:askForVotes(182)) - 2f4b2a07-0a7a-46e2-b6cf-45c85d46ba30@group-F564DBC40354:LeaderElection5: begin an election at term 1 for -1: [2f4b2a07-0a7a-46e2-b6cf-45c85d46ba30:192.168.157.234:37570], old=null
2019-09-26 18:20:42,334 [2f4b2a07-0a7a-46e2-b6cf-45c85d46ba30@group-F564DBC40354:LeaderElection5] INFO  impl.RoleInfo (RoleInfo.java:shutdownLeaderElection(134)) - 2f4b2a07-0a7a-46e2-b6cf-45c85d46ba30: shutdown LeaderElection
2019-09-26 18:20:42,334 [2f4b2a07-0a7a-46e2-b6cf-45c85d46ba30@group-F564DBC40354:LeaderElection5] INFO  impl.RaftServerImpl (RaftServerImpl.java:setRole(174)) - 2f4b2a07-0a7a-46e2-b6cf-45c85d46ba30@group-F564DBC40354: changes role from CANDIDATE to LEADER at term 1 for changeToLeader
2019-09-26 18:20:42,334 [2f4b2a07-0a7a-46e2-b6cf-45c85d46ba30@group-F564DBC40354:LeaderElection5] INFO  impl.RaftServerImpl (ServerState.java:setLeader(253)) - 2f4b2a07-0a7a-46e2-b6cf-45c85d46ba30@group-F564DBC40354: change Leader from null to 2f4b2a07-0a7a-46e2-b6cf-45c85d46ba30 at term 1 for becomeLeader, leader elected after 5154ms
2019-09-26 18:20:42,334 [2f4b2a07-0a7a-46e2-b6cf-45c85d46ba30@group-F564DBC40354:LeaderElection5] INFO  server.RaftServerConfigKeys (ConfUtils.java:logGet(43)) - raft.server.staging.catchup.gap = 1000 (default)
2019-09-26 18:20:42,335 [2f4b2a07-0a7a-46e2-b6cf-45c85d46ba30@group-F564DBC40354:LeaderElection5] INFO  server.RaftServerConfigKeys (ConfUtils.java:logGet(43)) - raft.server.rpc.sleep.time = 25ms (default)
2019-09-26 18:20:42,335 [2f4b2a07-0a7a-46e2-b6cf-45c85d46ba30@group-F564DBC40354:LeaderElection5] INFO  server.RaftServerConfigKeys (ConfUtils.java:logGet(43)) - raft.server.write.element-limit = 4096 (default)
2019-09-26 18:20:42,335 [2f4b2a07-0a7a-46e2-b6cf-45c85d46ba30@group-F564DBC40354:LeaderElection5] INFO  server.RaftServerConfigKeys (ConfUtils.java:logGet(43)) - raft.server.watch.timeout = 10s (default)
2019-09-26 18:20:42,335 [2f4b2a07-0a7a-46e2-b6cf-45c85d46ba30@group-F564DBC40354:LeaderElection5] INFO  server.RaftServerConfigKeys (ConfUtils.java:logGet(43)) - raft.server.watch.timeout.denomination = 1s (default)
2019-09-26 18:20:42,336 [2f4b2a07-0a7a-46e2-b6cf-45c85d46ba30@group-F564DBC40354:LeaderElection5] INFO  server.RaftServerConfigKeys (ConfUtils.java:logGet(43)) - raft.server.watch.element-limit = 65536 (default)
2019-09-26 18:20:42,339 [2f4b2a07-0a7a-46e2-b6cf-45c85d46ba30@group-F564DBC40354:LeaderElection5] INFO  impl.RoleInfo (RoleInfo.java:updateAndGet(143)) - 2f4b2a07-0a7a-46e2-b6cf-45c85d46ba30: start LeaderState
2019-09-26 18:20:42,340 [2f4b2a07-0a7a-46e2-b6cf-45c85d46ba30@group-F564DBC40354:LeaderElection5] INFO  segmented.SegmentedRaftLogWorker (SegmentedRaftLogWorker.java:startLogSegment(380)) - 2f4b2a07-0a7a-46e2-b6cf-45c85d46ba30@group-F564DBC40354-SegmentedRaftLogWorker: Starting segment from index:0
2019-09-26 18:20:42,340 [2f4b2a07-0a7a-46e2-b6cf-45c85d46ba30@group-F564DBC40354:LeaderElection5] INFO  impl.RaftServerImpl (ServerState.java:setRaftConf(354)) - 2f4b2a07-0a7a-46e2-b6cf-45c85d46ba30@group-F564DBC40354: set configuration 0: [2f4b2a07-0a7a-46e2-b6cf-45c85d46ba30:192.168.157.234:37570], old=null at 0
2019-09-26 18:20:42,377 [2f4b2a07-0a7a-46e2-b6cf-45c85d46ba30@group-F564DBC40354-SegmentedRaftLogWorker] INFO  segmented.SegmentedRaftLogWorker (SegmentedRaftLogWorker.java:execute(569)) - 2f4b2a07-0a7a-46e2-b6cf-45c85d46ba30@group-F564DBC40354-SegmentedRaftLogWorker: created new log segment /workdir/hadoop-ozone/ozonefs/target/test-dir/MiniOzoneClusterImpl-4cd181c8-bc9e-4466-88a4-d14dd15eb960/datanode-2/data/ratis/1d1c3afc-c931-4838-8e28-f564dbc40354/current/log_inprogress_0
2019-09-26 18:20:42,441 [Thread-303] INFO  impl.FollowerState (FollowerState.java:run(106)) - cdae5251-09d5-44f4-b358-655664201067:group-1920697C5010 changes to CANDIDATE, lastRpcTime:5050, electionTimeout:5050ms
2019-09-26 18:20:42,442 [Thread-303] INFO  impl.RoleInfo (RoleInfo.java:shutdownFollowerState(121)) - cdae5251-09d5-44f4-b358-655664201067: shutdown FollowerState
2019-09-26 18:20:42,442 [Thread-303] INFO  impl.RaftServerImpl (RaftServerImpl.java:setRole(174)) - cdae5251-09d5-44f4-b358-655664201067@group-1920697C5010: changes role from  FOLLOWER to CANDIDATE at term 0 for changeToCandidate
2019-09-26 18:20:42,442 [Thread-303] INFO  impl.RoleInfo (RoleInfo.java:updateAndGet(143)) - cdae5251-09d5-44f4-b358-655664201067: start LeaderElection
2019-09-26 18:20:42,462 [cdae5251-09d5-44f4-b358-655664201067@group-1920697C5010:LeaderElection6] INFO  impl.LeaderElection (LeaderElection.java:askForVotes(182)) - cdae5251-09d5-44f4-b358-655664201067@group-1920697C5010:LeaderElection6: begin an election at term 1 for -1: [cdae5251-09d5-44f4-b358-655664201067:192.168.157.234:36748], old=null
2019-09-26 18:20:42,462 [cdae5251-09d5-44f4-b358-655664201067@group-1920697C5010:LeaderElection6] INFO  impl.RoleInfo (RoleInfo.java:shutdownLeaderElection(134)) - cdae5251-09d5-44f4-b358-655664201067: shutdown LeaderElection
2019-09-26 18:20:42,462 [cdae5251-09d5-44f4-b358-655664201067@group-1920697C5010:LeaderElection6] INFO  impl.RaftServerImpl (RaftServerImpl.java:setRole(174)) - cdae5251-09d5-44f4-b358-655664201067@group-1920697C5010: changes role from CANDIDATE to LEADER at term 1 for changeToLeader
2019-09-26 18:20:42,462 [cdae5251-09d5-44f4-b358-655664201067@group-1920697C5010:LeaderElection6] INFO  impl.RaftServerImpl (ServerState.java:setLeader(253)) - cdae5251-09d5-44f4-b358-655664201067@group-1920697C5010: change Leader from null to cdae5251-09d5-44f4-b358-655664201067 at term 1 for becomeLeader, leader elected after 5082ms
2019-09-26 18:20:42,463 [cdae5251-09d5-44f4-b358-655664201067@group-1920697C5010:LeaderElection6] INFO  server.RaftServerConfigKeys (ConfUtils.java:logGet(43)) - raft.server.staging.catchup.gap = 1000 (default)
2019-09-26 18:20:42,463 [cdae5251-09d5-44f4-b358-655664201067@group-1920697C5010:LeaderElection6] INFO  server.RaftServerConfigKeys (ConfUtils.java:logGet(43)) - raft.server.rpc.sleep.time = 25ms (default)
2019-09-26 18:20:42,463 [cdae5251-09d5-44f4-b358-655664201067@group-1920697C5010:LeaderElection6] INFO  server.RaftServerConfigKeys (ConfUtils.java:logGet(43)) - raft.server.write.element-limit = 4096 (default)
2019-09-26 18:20:42,463 [cdae5251-09d5-44f4-b358-655664201067@group-1920697C5010:LeaderElection6] INFO  server.RaftServerConfigKeys (ConfUtils.java:logGet(43)) - raft.server.watch.timeout = 10s (default)
2019-09-26 18:20:42,463 [cdae5251-09d5-44f4-b358-655664201067@group-1920697C5010:LeaderElection6] INFO  server.RaftServerConfigKeys (ConfUtils.java:logGet(43)) - raft.server.watch.timeout.denomination = 1s (default)
2019-09-26 18:20:42,464 [cdae5251-09d5-44f4-b358-655664201067@group-1920697C5010:LeaderElection6] INFO  server.RaftServerConfigKeys (ConfUtils.java:logGet(43)) - raft.server.watch.element-limit = 65536 (default)
2019-09-26 18:20:42,468 [cdae5251-09d5-44f4-b358-655664201067@group-1920697C5010:LeaderElection6] INFO  impl.RoleInfo (RoleInfo.java:updateAndGet(143)) - cdae5251-09d5-44f4-b358-655664201067: start LeaderState
2019-09-26 18:20:42,468 [cdae5251-09d5-44f4-b358-655664201067@group-1920697C5010:LeaderElection6] INFO  segmented.SegmentedRaftLogWorker (SegmentedRaftLogWorker.java:startLogSegment(380)) - cdae5251-09d5-44f4-b358-655664201067@group-1920697C5010-SegmentedRaftLogWorker: Starting segment from index:0
2019-09-26 18:20:42,469 [cdae5251-09d5-44f4-b358-655664201067@group-1920697C5010:LeaderElection6] INFO  impl.RaftServerImpl (ServerState.java:setRaftConf(354)) - cdae5251-09d5-44f4-b358-655664201067@group-1920697C5010: set configuration 0: [cdae5251-09d5-44f4-b358-655664201067:192.168.157.234:36748], old=null at 0
2019-09-26 18:20:42,469 [Thread-300] INFO  impl.FollowerState (FollowerState.java:run(106)) - 928b8ca6-1d06-472f-9df7-59380a31cc4f:group-DC90561E1A9A changes to CANDIDATE, lastRpcTime:5167, electionTimeout:5167ms
2019-09-26 18:20:42,490 [Thread-300] INFO  impl.RoleInfo (RoleInfo.java:shutdownFollowerState(121)) - 928b8ca6-1d06-472f-9df7-59380a31cc4f: shutdown FollowerState
2019-09-26 18:20:42,490 [Thread-300] INFO  impl.RaftServerImpl (RaftServerImpl.java:setRole(174)) - 928b8ca6-1d06-472f-9df7-59380a31cc4f@group-DC90561E1A9A: changes role from  FOLLOWER to CANDIDATE at term 0 for changeToCandidate
2019-09-26 18:20:42,490 [Thread-300] INFO  impl.RoleInfo (RoleInfo.java:updateAndGet(143)) - 928b8ca6-1d06-472f-9df7-59380a31cc4f: start LeaderElection
2019-09-26 18:20:42,514 [cdae5251-09d5-44f4-b358-655664201067@group-1920697C5010-SegmentedRaftLogWorker] INFO  segmented.SegmentedRaftLogWorker (SegmentedRaftLogWorker.java:execute(569)) - cdae5251-09d5-44f4-b358-655664201067@group-1920697C5010-SegmentedRaftLogWorker: created new log segment /workdir/hadoop-ozone/ozonefs/target/test-dir/MiniOzoneClusterImpl-4cd181c8-bc9e-4466-88a4-d14dd15eb960/datanode-3/data/ratis/af7c4761-3a6d-411a-8a4d-1920697c5010/current/log_inprogress_0
2019-09-26 18:20:42,514 [928b8ca6-1d06-472f-9df7-59380a31cc4f@group-DC90561E1A9A:LeaderElection7] INFO  impl.LeaderElection (LeaderElection.java:askForVotes(182)) - 928b8ca6-1d06-472f-9df7-59380a31cc4f@group-DC90561E1A9A:LeaderElection7: begin an election at term 1 for -1: [928b8ca6-1d06-472f-9df7-59380a31cc4f:192.168.157.234:42208], old=null
2019-09-26 18:20:42,515 [928b8ca6-1d06-472f-9df7-59380a31cc4f@group-DC90561E1A9A:LeaderElection7] INFO  impl.RoleInfo (RoleInfo.java:shutdownLeaderElection(134)) - 928b8ca6-1d06-472f-9df7-59380a31cc4f: shutdown LeaderElection
2019-09-26 18:20:42,515 [928b8ca6-1d06-472f-9df7-59380a31cc4f@group-DC90561E1A9A:LeaderElection7] INFO  impl.RaftServerImpl (RaftServerImpl.java:setRole(174)) - 928b8ca6-1d06-472f-9df7-59380a31cc4f@group-DC90561E1A9A: changes role from CANDIDATE to LEADER at term 1 for changeToLeader
2019-09-26 18:20:42,515 [928b8ca6-1d06-472f-9df7-59380a31cc4f@group-DC90561E1A9A:LeaderElection7] INFO  impl.RaftServerImpl (ServerState.java:setLeader(253)) - 928b8ca6-1d06-472f-9df7-59380a31cc4f@group-DC90561E1A9A: change Leader from null to 928b8ca6-1d06-472f-9df7-59380a31cc4f at term 1 for becomeLeader, leader elected after 5231ms
2019-09-26 18:20:42,515 [928b8ca6-1d06-472f-9df7-59380a31cc4f@group-DC90561E1A9A:LeaderElection7] INFO  server.RaftServerConfigKeys (ConfUtils.java:logGet(43)) - raft.server.staging.catchup.gap = 1000 (default)
2019-09-26 18:20:42,515 [928b8ca6-1d06-472f-9df7-59380a31cc4f@group-DC90561E1A9A:LeaderElection7] INFO  server.RaftServerConfigKeys (ConfUtils.java:logGet(43)) - raft.server.rpc.sleep.time = 25ms (default)
2019-09-26 18:20:42,516 [928b8ca6-1d06-472f-9df7-59380a31cc4f@group-DC90561E1A9A:LeaderElection7] INFO  server.RaftServerConfigKeys (ConfUtils.java:logGet(43)) - raft.server.write.element-limit = 4096 (default)
2019-09-26 18:20:42,516 [928b8ca6-1d06-472f-9df7-59380a31cc4f@group-DC90561E1A9A:LeaderElection7] INFO  server.RaftServerConfigKeys (ConfUtils.java:logGet(43)) - raft.server.watch.timeout = 10s (default)
2019-09-26 18:20:42,516 [928b8ca6-1d06-472f-9df7-59380a31cc4f@group-DC90561E1A9A:LeaderElection7] INFO  server.RaftServerConfigKeys (ConfUtils.java:logGet(43)) - raft.server.watch.timeout.denomination = 1s (default)
2019-09-26 18:20:42,516 [928b8ca6-1d06-472f-9df7-59380a31cc4f@group-DC90561E1A9A:LeaderElection7] INFO  server.RaftServerConfigKeys (ConfUtils.java:logGet(43)) - raft.server.watch.element-limit = 65536 (default)
2019-09-26 18:20:42,520 [928b8ca6-1d06-472f-9df7-59380a31cc4f@group-DC90561E1A9A:LeaderElection7] INFO  impl.RoleInfo (RoleInfo.java:updateAndGet(143)) - 928b8ca6-1d06-472f-9df7-59380a31cc4f: start LeaderState
2019-09-26 18:20:42,521 [928b8ca6-1d06-472f-9df7-59380a31cc4f@group-DC90561E1A9A:LeaderElection7] INFO  segmented.SegmentedRaftLogWorker (SegmentedRaftLogWorker.java:startLogSegment(380)) - 928b8ca6-1d06-472f-9df7-59380a31cc4f@group-DC90561E1A9A-SegmentedRaftLogWorker: Starting segment from index:0
2019-09-26 18:20:42,521 [928b8ca6-1d06-472f-9df7-59380a31cc4f@group-DC90561E1A9A:LeaderElection7] INFO  impl.RaftServerImpl (ServerState.java:setRaftConf(354)) - 928b8ca6-1d06-472f-9df7-59380a31cc4f@group-DC90561E1A9A: set configuration 0: [928b8ca6-1d06-472f-9df7-59380a31cc4f:192.168.157.234:42208], old=null at 0
2019-09-26 18:20:42,590 [928b8ca6-1d06-472f-9df7-59380a31cc4f@group-DC90561E1A9A-SegmentedRaftLogWorker] INFO  segmented.SegmentedRaftLogWorker (SegmentedRaftLogWorker.java:execute(569)) - 928b8ca6-1d06-472f-9df7-59380a31cc4f@group-DC90561E1A9A-SegmentedRaftLogWorker: created new log segment /workdir/hadoop-ozone/ozonefs/target/test-dir/MiniOzoneClusterImpl-4cd181c8-bc9e-4466-88a4-d14dd15eb960/datanode-5/data/ratis/bcf92f55-2681-4837-927c-dc90561e1a9a/current/log_inprogress_0
2019-09-26 18:20:42,671 [Thread-306] INFO  impl.FollowerState (FollowerState.java:run(106)) - fa9f2368-1bb6-42af-a1bb-0ecd29289437:group-315DF4067817 changes to CANDIDATE, lastRpcTime:5174, electionTimeout:5174ms
2019-09-26 18:20:42,671 [Thread-306] INFO  impl.RoleInfo (RoleInfo.java:shutdownFollowerState(121)) - fa9f2368-1bb6-42af-a1bb-0ecd29289437: shutdown FollowerState
2019-09-26 18:20:42,671 [Thread-306] INFO  impl.RaftServerImpl (RaftServerImpl.java:setRole(174)) - fa9f2368-1bb6-42af-a1bb-0ecd29289437@group-315DF4067817: changes role from  FOLLOWER to CANDIDATE at term 0 for changeToCandidate
2019-09-26 18:20:42,671 [Thread-306] INFO  impl.RoleInfo (RoleInfo.java:updateAndGet(143)) - fa9f2368-1bb6-42af-a1bb-0ecd29289437: start LeaderElection
2019-09-26 18:20:42,693 [fa9f2368-1bb6-42af-a1bb-0ecd29289437@group-315DF4067817:LeaderElection8] INFO  impl.LeaderElection (LeaderElection.java:askForVotes(182)) - fa9f2368-1bb6-42af-a1bb-0ecd29289437@group-315DF4067817:LeaderElection8: begin an election at term 1 for -1: [fa9f2368-1bb6-42af-a1bb-0ecd29289437:192.168.157.234:39317], old=null
2019-09-26 18:20:42,693 [fa9f2368-1bb6-42af-a1bb-0ecd29289437@group-315DF4067817:LeaderElection8] INFO  impl.RoleInfo (RoleInfo.java:shutdownLeaderElection(134)) - fa9f2368-1bb6-42af-a1bb-0ecd29289437: shutdown LeaderElection
2019-09-26 18:20:42,693 [fa9f2368-1bb6-42af-a1bb-0ecd29289437@group-315DF4067817:LeaderElection8] INFO  impl.RaftServerImpl (RaftServerImpl.java:setRole(174)) - fa9f2368-1bb6-42af-a1bb-0ecd29289437@group-315DF4067817: changes role from CANDIDATE to LEADER at term 1 for changeToLeader
2019-09-26 18:20:42,694 [fa9f2368-1bb6-42af-a1bb-0ecd29289437@group-315DF4067817:LeaderElection8] INFO  impl.RaftServerImpl (ServerState.java:setLeader(253)) - fa9f2368-1bb6-42af-a1bb-0ecd29289437@group-315DF4067817: change Leader from null to fa9f2368-1bb6-42af-a1bb-0ecd29289437 at term 1 for becomeLeader, leader elected after 5209ms
2019-09-26 18:20:42,694 [fa9f2368-1bb6-42af-a1bb-0ecd29289437@group-315DF4067817:LeaderElection8] INFO  server.RaftServerConfigKeys (ConfUtils.java:logGet(43)) - raft.server.staging.catchup.gap = 1000 (default)
2019-09-26 18:20:42,694 [fa9f2368-1bb6-42af-a1bb-0ecd29289437@group-315DF4067817:LeaderElection8] INFO  server.RaftServerConfigKeys (ConfUtils.java:logGet(43)) - raft.server.rpc.sleep.time = 25ms (default)
2019-09-26 18:20:42,694 [fa9f2368-1bb6-42af-a1bb-0ecd29289437@group-315DF4067817:LeaderElection8] INFO  server.RaftServerConfigKeys (ConfUtils.java:logGet(43)) - raft.server.write.element-limit = 4096 (default)
2019-09-26 18:20:42,694 [fa9f2368-1bb6-42af-a1bb-0ecd29289437@group-315DF4067817:LeaderElection8] INFO  server.RaftServerConfigKeys (ConfUtils.java:logGet(43)) - raft.server.watch.timeout = 10s (default)
2019-09-26 18:20:42,695 [fa9f2368-1bb6-42af-a1bb-0ecd29289437@group-315DF4067817:LeaderElection8] INFO  server.RaftServerConfigKeys (ConfUtils.java:logGet(43)) - raft.server.watch.timeout.denomination = 1s (default)
2019-09-26 18:20:42,695 [fa9f2368-1bb6-42af-a1bb-0ecd29289437@group-315DF4067817:LeaderElection8] INFO  server.RaftServerConfigKeys (ConfUtils.java:logGet(43)) - raft.server.watch.element-limit = 65536 (default)
2019-09-26 18:20:42,698 [fa9f2368-1bb6-42af-a1bb-0ecd29289437@group-315DF4067817:LeaderElection8] INFO  impl.RoleInfo (RoleInfo.java:updateAndGet(143)) - fa9f2368-1bb6-42af-a1bb-0ecd29289437: start LeaderState
2019-09-26 18:20:42,698 [fa9f2368-1bb6-42af-a1bb-0ecd29289437@group-315DF4067817:LeaderElection8] INFO  segmented.SegmentedRaftLogWorker (SegmentedRaftLogWorker.java:startLogSegment(380)) - fa9f2368-1bb6-42af-a1bb-0ecd29289437@group-315DF4067817-SegmentedRaftLogWorker: Starting segment from index:0
2019-09-26 18:20:42,699 [fa9f2368-1bb6-42af-a1bb-0ecd29289437@group-315DF4067817:LeaderElection8] INFO  impl.RaftServerImpl (ServerState.java:setRaftConf(354)) - fa9f2368-1bb6-42af-a1bb-0ecd29289437@group-315DF4067817: set configuration 0: [fa9f2368-1bb6-42af-a1bb-0ecd29289437:192.168.157.234:39317], old=null at 0
2019-09-26 18:20:42,729 [fa9f2368-1bb6-42af-a1bb-0ecd29289437@group-315DF4067817-SegmentedRaftLogWorker] INFO  segmented.SegmentedRaftLogWorker (SegmentedRaftLogWorker.java:execute(569)) - fa9f2368-1bb6-42af-a1bb-0ecd29289437@group-315DF4067817-SegmentedRaftLogWorker: created new log segment /workdir/hadoop-ozone/ozonefs/target/test-dir/MiniOzoneClusterImpl-4cd181c8-bc9e-4466-88a4-d14dd15eb960/datanode-9/data/ratis/29cb90d6-d5c7-4ef8-9ffa-315df4067817/current/log_inprogress_0
2019-09-26 18:20:42,755 [Thread-309] INFO  impl.FollowerState (FollowerState.java:run(106)) - 6c2fb94c-a365-43b2-bbf6-b1ef1568b50c:group-C971C529400C changes to CANDIDATE, lastRpcTime:5161, electionTimeout:5161ms
2019-09-26 18:20:42,755 [Thread-309] INFO  impl.RoleInfo (RoleInfo.java:shutdownFollowerState(121)) - 6c2fb94c-a365-43b2-bbf6-b1ef1568b50c: shutdown FollowerState
2019-09-26 18:20:42,755 [Thread-309] INFO  impl.RaftServerImpl (RaftServerImpl.java:setRole(174)) - 6c2fb94c-a365-43b2-bbf6-b1ef1568b50c@group-C971C529400C: changes role from  FOLLOWER to CANDIDATE at term 0 for changeToCandidate
2019-09-26 18:20:42,755 [Thread-309] INFO  impl.RoleInfo (RoleInfo.java:updateAndGet(143)) - 6c2fb94c-a365-43b2-bbf6-b1ef1568b50c: start LeaderElection
2019-09-26 18:20:42,772 [6c2fb94c-a365-43b2-bbf6-b1ef1568b50c@group-C971C529400C:LeaderElection9] INFO  impl.LeaderElection (LeaderElection.java:askForVotes(182)) - 6c2fb94c-a365-43b2-bbf6-b1ef1568b50c@group-C971C529400C:LeaderElection9: begin an election at term 1 for -1: [6c2fb94c-a365-43b2-bbf6-b1ef1568b50c:192.168.157.234:46404], old=null
2019-09-26 18:20:42,772 [6c2fb94c-a365-43b2-bbf6-b1ef1568b50c@group-C971C529400C:LeaderElection9] INFO  impl.RoleInfo (RoleInfo.java:shutdownLeaderElection(134)) - 6c2fb94c-a365-43b2-bbf6-b1ef1568b50c: shutdown LeaderElection
2019-09-26 18:20:42,773 [6c2fb94c-a365-43b2-bbf6-b1ef1568b50c@group-C971C529400C:LeaderElection9] INFO  impl.RaftServerImpl (RaftServerImpl.java:setRole(174)) - 6c2fb94c-a365-43b2-bbf6-b1ef1568b50c@group-C971C529400C: changes role from CANDIDATE to LEADER at term 1 for changeToLeader
2019-09-26 18:20:42,773 [6c2fb94c-a365-43b2-bbf6-b1ef1568b50c@group-C971C529400C:LeaderElection9] INFO  impl.RaftServerImpl (ServerState.java:setLeader(253)) - 6c2fb94c-a365-43b2-bbf6-b1ef1568b50c@group-C971C529400C: change Leader from null to 6c2fb94c-a365-43b2-bbf6-b1ef1568b50c at term 1 for becomeLeader, leader elected after 5194ms
2019-09-26 18:20:42,773 [6c2fb94c-a365-43b2-bbf6-b1ef1568b50c@group-C971C529400C:LeaderElection9] INFO  server.RaftServerConfigKeys (ConfUtils.java:logGet(43)) - raft.server.staging.catchup.gap = 1000 (default)
2019-09-26 18:20:42,773 [6c2fb94c-a365-43b2-bbf6-b1ef1568b50c@group-C971C529400C:LeaderElection9] INFO  server.RaftServerConfigKeys (ConfUtils.java:logGet(43)) - raft.server.rpc.sleep.time = 25ms (default)
2019-09-26 18:20:42,773 [6c2fb94c-a365-43b2-bbf6-b1ef1568b50c@group-C971C529400C:LeaderElection9] INFO  server.RaftServerConfigKeys (ConfUtils.java:logGet(43)) - raft.server.write.element-limit = 4096 (default)
2019-09-26 18:20:42,773 [6c2fb94c-a365-43b2-bbf6-b1ef1568b50c@group-C971C529400C:LeaderElection9] INFO  server.RaftServerConfigKeys (ConfUtils.java:logGet(43)) - raft.server.watch.timeout = 10s (default)
2019-09-26 18:20:42,774 [6c2fb94c-a365-43b2-bbf6-b1ef1568b50c@group-C971C529400C:LeaderElection9] INFO  server.RaftServerConfigKeys (ConfUtils.java:logGet(43)) - raft.server.watch.timeout.denomination = 1s (default)
2019-09-26 18:20:42,774 [6c2fb94c-a365-43b2-bbf6-b1ef1568b50c@group-C971C529400C:LeaderElection9] INFO  server.RaftServerConfigKeys (ConfUtils.java:logGet(43)) - raft.server.watch.element-limit = 65536 (default)
2019-09-26 18:20:42,776 [6c2fb94c-a365-43b2-bbf6-b1ef1568b50c@group-C971C529400C:LeaderElection9] INFO  impl.RoleInfo (RoleInfo.java:updateAndGet(143)) - 6c2fb94c-a365-43b2-bbf6-b1ef1568b50c: start LeaderState
2019-09-26 18:20:42,776 [6c2fb94c-a365-43b2-bbf6-b1ef1568b50c@group-C971C529400C:LeaderElection9] INFO  segmented.SegmentedRaftLogWorker (SegmentedRaftLogWorker.java:startLogSegment(380)) - 6c2fb94c-a365-43b2-bbf6-b1ef1568b50c@group-C971C529400C-SegmentedRaftLogWorker: Starting segment from index:0
2019-09-26 18:20:42,777 [6c2fb94c-a365-43b2-bbf6-b1ef1568b50c@group-C971C529400C:LeaderElection9] INFO  impl.RaftServerImpl (ServerState.java:setRaftConf(354)) - 6c2fb94c-a365-43b2-bbf6-b1ef1568b50c@group-C971C529400C: set configuration 0: [6c2fb94c-a365-43b2-bbf6-b1ef1568b50c:192.168.157.234:46404], old=null at 0
2019-09-26 18:20:42,804 [main] INFO  ipc.Client (Client.java:handleConnectionFailure(948)) - Retrying connect to server: localhost/127.0.0.1:0. Already tried 4 time(s); retry policy is RetryUpToMaximumCountWithFixedSleep(maxRetries=10, sleepTime=1000 MILLISECONDS)
2019-09-26 18:20:42,813 [Thread-318] INFO  impl.FollowerState (FollowerState.java:run(106)) - 93947204-6523-4053-8a53-59a9107be111:group-D24A3562F45D changes to CANDIDATE, lastRpcTime:5019, electionTimeout:5019ms
2019-09-26 18:20:42,813 [Thread-318] INFO  impl.RoleInfo (RoleInfo.java:shutdownFollowerState(121)) - 93947204-6523-4053-8a53-59a9107be111: shutdown FollowerState
2019-09-26 18:20:42,814 [Thread-318] INFO  impl.RaftServerImpl (RaftServerImpl.java:setRole(174)) - 93947204-6523-4053-8a53-59a9107be111@group-D24A3562F45D: changes role from  FOLLOWER to CANDIDATE at term 0 for changeToCandidate
2019-09-26 18:20:42,814 [Thread-318] INFO  impl.RoleInfo (RoleInfo.java:updateAndGet(143)) - 93947204-6523-4053-8a53-59a9107be111: start LeaderElection
2019-09-26 18:20:42,818 [6c2fb94c-a365-43b2-bbf6-b1ef1568b50c@group-C971C529400C-SegmentedRaftLogWorker] INFO  segmented.SegmentedRaftLogWorker (SegmentedRaftLogWorker.java:execute(569)) - 6c2fb94c-a365-43b2-bbf6-b1ef1568b50c@group-C971C529400C-SegmentedRaftLogWorker: created new log segment /workdir/hadoop-ozone/ozonefs/target/test-dir/MiniOzoneClusterImpl-4cd181c8-bc9e-4466-88a4-d14dd15eb960/datanode-6/data/ratis/3afde9b4-8297-4103-8dd0-c971c529400c/current/log_inprogress_0
2019-09-26 18:20:42,823 [Thread-320] INFO  impl.FollowerState (FollowerState.java:run(106)) - 6d4b3972-949b-4922-a608-4c13a92fd060:group-D24A3562F45D changes to CANDIDATE, lastRpcTime:5028, electionTimeout:5028ms
2019-09-26 18:20:42,824 [Thread-320] INFO  impl.RoleInfo (RoleInfo.java:shutdownFollowerState(121)) - 6d4b3972-949b-4922-a608-4c13a92fd060: shutdown FollowerState
2019-09-26 18:20:42,824 [Thread-320] INFO  impl.RaftServerImpl (RaftServerImpl.java:setRole(174)) - 6d4b3972-949b-4922-a608-4c13a92fd060@group-D24A3562F45D: changes role from  FOLLOWER to CANDIDATE at term 0 for changeToCandidate
2019-09-26 18:20:42,824 [Thread-320] INFO  impl.RoleInfo (RoleInfo.java:updateAndGet(143)) - 6d4b3972-949b-4922-a608-4c13a92fd060: start LeaderElection
2019-09-26 18:20:42,845 [6d4b3972-949b-4922-a608-4c13a92fd060@group-D24A3562F45D:LeaderElection11] INFO  impl.LeaderElection (LeaderElection.java:askForVotes(182)) - 6d4b3972-949b-4922-a608-4c13a92fd060@group-D24A3562F45D:LeaderElection11: begin an election at term 1 for -1: [93947204-6523-4053-8a53-59a9107be111:192.168.157.234:37418, bae3409c-6898-459a-9ead-f389836c7215:192.168.157.234:35770, 6d4b3972-949b-4922-a608-4c13a92fd060:192.168.157.234:34362], old=null
2019-09-26 18:20:42,845 [93947204-6523-4053-8a53-59a9107be111@group-D24A3562F45D:LeaderElection10] INFO  impl.LeaderElection (LeaderElection.java:askForVotes(182)) - 93947204-6523-4053-8a53-59a9107be111@group-D24A3562F45D:LeaderElection10: begin an election at term 1 for -1: [93947204-6523-4053-8a53-59a9107be111:192.168.157.234:37418, bae3409c-6898-459a-9ead-f389836c7215:192.168.157.234:35770, 6d4b3972-949b-4922-a608-4c13a92fd060:192.168.157.234:34362], old=null
2019-09-26 18:20:42,899 [Thread-312] INFO  impl.FollowerState (FollowerState.java:run(106)) - ec22b462-faa7-446e-b905-d6083fd751dd:group-72A6158BF803 changes to CANDIDATE, lastRpcTime:5199, electionTimeout:5199ms
2019-09-26 18:20:42,903 [Thread-312] INFO  impl.RoleInfo (RoleInfo.java:shutdownFollowerState(121)) - ec22b462-faa7-446e-b905-d6083fd751dd: shutdown FollowerState
2019-09-26 18:20:42,903 [Thread-312] INFO  impl.RaftServerImpl (RaftServerImpl.java:setRole(174)) - ec22b462-faa7-446e-b905-d6083fd751dd@group-72A6158BF803: changes role from  FOLLOWER to CANDIDATE at term 0 for changeToCandidate
2019-09-26 18:20:42,903 [grpc-default-executor-1] INFO  impl.RaftServerImpl (RaftServerImpl.java:setRole(174)) - bae3409c-6898-459a-9ead-f389836c7215@group-D24A3562F45D: changes role from  FOLLOWER to FOLLOWER at term 1 for recognizeCandidate:93947204-6523-4053-8a53-59a9107be111
2019-09-26 18:20:42,903 [Thread-312] INFO  impl.RoleInfo (RoleInfo.java:updateAndGet(143)) - ec22b462-faa7-446e-b905-d6083fd751dd: start LeaderElection
2019-09-26 18:20:42,903 [grpc-default-executor-1] INFO  impl.RoleInfo (RoleInfo.java:shutdownFollowerState(121)) - bae3409c-6898-459a-9ead-f389836c7215: shutdown FollowerState
2019-09-26 18:20:42,907 [grpc-default-executor-1] INFO  impl.RoleInfo (RoleInfo.java:updateAndGet(143)) - bae3409c-6898-459a-9ead-f389836c7215: start FollowerState
2019-09-26 18:20:42,912 [Thread-321] INFO  impl.FollowerState (FollowerState.java:run(115)) - bae3409c-6898-459a-9ead-f389836c7215: FollowerState was interrupted: java.lang.InterruptedException: sleep interrupted
2019-09-26 18:20:42,936 [ec22b462-faa7-446e-b905-d6083fd751dd@group-72A6158BF803:LeaderElection12] INFO  impl.LeaderElection (LeaderElection.java:askForVotes(182)) - ec22b462-faa7-446e-b905-d6083fd751dd@group-72A6158BF803:LeaderElection12: begin an election at term 1 for -1: [ec22b462-faa7-446e-b905-d6083fd751dd:192.168.157.234:42096], old=null
2019-09-26 18:20:42,937 [ec22b462-faa7-446e-b905-d6083fd751dd@group-72A6158BF803:LeaderElection12] INFO  impl.RoleInfo (RoleInfo.java:shutdownLeaderElection(134)) - ec22b462-faa7-446e-b905-d6083fd751dd: shutdown LeaderElection
2019-09-26 18:20:42,937 [ec22b462-faa7-446e-b905-d6083fd751dd@group-72A6158BF803:LeaderElection12] INFO  impl.RaftServerImpl (RaftServerImpl.java:setRole(174)) - ec22b462-faa7-446e-b905-d6083fd751dd@group-72A6158BF803: changes role from CANDIDATE to LEADER at term 1 for changeToLeader
2019-09-26 18:20:42,937 [ec22b462-faa7-446e-b905-d6083fd751dd@group-72A6158BF803:LeaderElection12] INFO  impl.RaftServerImpl (ServerState.java:setLeader(253)) - ec22b462-faa7-446e-b905-d6083fd751dd@group-72A6158BF803: change Leader from null to ec22b462-faa7-446e-b905-d6083fd751dd at term 1 for becomeLeader, leader elected after 5250ms
2019-09-26 18:20:42,937 [ec22b462-faa7-446e-b905-d6083fd751dd@group-72A6158BF803:LeaderElection12] INFO  server.RaftServerConfigKeys (ConfUtils.java:logGet(43)) - raft.server.staging.catchup.gap = 1000 (default)
2019-09-26 18:20:42,937 [ec22b462-faa7-446e-b905-d6083fd751dd@group-72A6158BF803:LeaderElection12] INFO  server.RaftServerConfigKeys (ConfUtils.java:logGet(43)) - raft.server.rpc.sleep.time = 25ms (default)
2019-09-26 18:20:42,938 [ec22b462-faa7-446e-b905-d6083fd751dd@group-72A6158BF803:LeaderElection12] INFO  server.RaftServerConfigKeys (ConfUtils.java:logGet(43)) - raft.server.write.element-limit = 4096 (default)
2019-09-26 18:20:42,938 [ec22b462-faa7-446e-b905-d6083fd751dd@group-72A6158BF803:LeaderElection12] INFO  server.RaftServerConfigKeys (ConfUtils.java:logGet(43)) - raft.server.watch.timeout = 10s (default)
2019-09-26 18:20:42,938 [ec22b462-faa7-446e-b905-d6083fd751dd@group-72A6158BF803:LeaderElection12] INFO  server.RaftServerConfigKeys (ConfUtils.java:logGet(43)) - raft.server.watch.timeout.denomination = 1s (default)
2019-09-26 18:20:42,938 [ec22b462-faa7-446e-b905-d6083fd751dd@group-72A6158BF803:LeaderElection12] INFO  server.RaftServerConfigKeys (ConfUtils.java:logGet(43)) - raft.server.watch.element-limit = 65536 (default)
2019-09-26 18:20:42,942 [ec22b462-faa7-446e-b905-d6083fd751dd@group-72A6158BF803:LeaderElection12] INFO  impl.RoleInfo (RoleInfo.java:updateAndGet(143)) - ec22b462-faa7-446e-b905-d6083fd751dd: start LeaderState
2019-09-26 18:20:42,942 [ec22b462-faa7-446e-b905-d6083fd751dd@group-72A6158BF803:LeaderElection12] INFO  segmented.SegmentedRaftLogWorker (SegmentedRaftLogWorker.java:startLogSegment(380)) - ec22b462-faa7-446e-b905-d6083fd751dd@group-72A6158BF803-SegmentedRaftLogWorker: Starting segment from index:0
2019-09-26 18:20:42,943 [ec22b462-faa7-446e-b905-d6083fd751dd@group-72A6158BF803:LeaderElection12] INFO  impl.RaftServerImpl (ServerState.java:setRaftConf(354)) - ec22b462-faa7-446e-b905-d6083fd751dd@group-72A6158BF803: set configuration 0: [ec22b462-faa7-446e-b905-d6083fd751dd:192.168.157.234:42096], old=null at 0
2019-09-26 18:20:42,943 [Thread-327] INFO  impl.FollowerState (FollowerState.java:run(106)) - a97db397-b1f1-4b99-87cc-fea8e8393d8a:group-82EBB51B89A0 changes to CANDIDATE, lastRpcTime:5014, electionTimeout:5014ms
2019-09-26 18:20:42,982 [Thread-329] INFO  impl.FollowerState (FollowerState.java:run(106)) - 2f4b2a07-0a7a-46e2-b6cf-45c85d46ba30:group-82EBB51B89A0 changes to CANDIDATE, lastRpcTime:5046, electionTimeout:5039ms
2019-09-26 18:20:42,982 [Thread-327] INFO  impl.RoleInfo (RoleInfo.java:shutdownFollowerState(121)) - a97db397-b1f1-4b99-87cc-fea8e8393d8a: shutdown FollowerState
2019-09-26 18:20:42,982 [Thread-329] INFO  impl.RoleInfo (RoleInfo.java:shutdownFollowerState(121)) - 2f4b2a07-0a7a-46e2-b6cf-45c85d46ba30: shutdown FollowerState
2019-09-26 18:20:42,982 [Thread-327] INFO  impl.RaftServerImpl (RaftServerImpl.java:setRole(174)) - a97db397-b1f1-4b99-87cc-fea8e8393d8a@group-82EBB51B89A0: changes role from  FOLLOWER to CANDIDATE at term 0 for changeToCandidate
2019-09-26 18:20:42,982 [Thread-329] INFO  impl.RaftServerImpl (RaftServerImpl.java:setRole(174)) - 2f4b2a07-0a7a-46e2-b6cf-45c85d46ba30@group-82EBB51B89A0: changes role from  FOLLOWER to CANDIDATE at term 0 for changeToCandidate
2019-09-26 18:20:42,983 [Thread-329] INFO  impl.RoleInfo (RoleInfo.java:updateAndGet(143)) - 2f4b2a07-0a7a-46e2-b6cf-45c85d46ba30: start LeaderElection
2019-09-26 18:20:42,983 [Thread-327] INFO  impl.RoleInfo (RoleInfo.java:updateAndGet(143)) - a97db397-b1f1-4b99-87cc-fea8e8393d8a: start LeaderElection
2019-09-26 18:20:42,983 [6d4b3972-949b-4922-a608-4c13a92fd060@group-D24A3562F45D:LeaderElection11] INFO  impl.LeaderElection (LeaderElection.java:logAndReturn(56)) - 6d4b3972-949b-4922-a608-4c13a92fd060@group-D24A3562F45D:LeaderElection11: Election REJECTED; received 2 response(s) [6d4b3972-949b-4922-a608-4c13a92fd060<-93947204-6523-4053-8a53-59a9107be111#0:FAIL-t1, 6d4b3972-949b-4922-a608-4c13a92fd060<-bae3409c-6898-459a-9ead-f389836c7215#0:FAIL-t1] and 0 exception(s); 6d4b3972-949b-4922-a608-4c13a92fd060@group-D24A3562F45D:t1, leader=null, voted=6d4b3972-949b-4922-a608-4c13a92fd060, raftlog=6d4b3972-949b-4922-a608-4c13a92fd060@group-D24A3562F45D-SegmentedRaftLog:OPENED:c-1,f-1,i0, conf=-1: [93947204-6523-4053-8a53-59a9107be111:192.168.157.234:37418, bae3409c-6898-459a-9ead-f389836c7215:192.168.157.234:35770, 6d4b3972-949b-4922-a608-4c13a92fd060:192.168.157.234:34362], old=null
2019-09-26 18:20:42,991 [93947204-6523-4053-8a53-59a9107be111@group-D24A3562F45D:LeaderElection10] INFO  impl.LeaderElection (LeaderElection.java:logAndReturn(56)) - 93947204-6523-4053-8a53-59a9107be111@group-D24A3562F45D:LeaderElection10: Election PASSED; received 2 response(s) [93947204-6523-4053-8a53-59a9107be111<-bae3409c-6898-459a-9ead-f389836c7215#0:OK-t1, 93947204-6523-4053-8a53-59a9107be111<-6d4b3972-949b-4922-a608-4c13a92fd060#0:FAIL-t1] and 0 exception(s); 93947204-6523-4053-8a53-59a9107be111@group-D24A3562F45D:t1, leader=null, voted=93947204-6523-4053-8a53-59a9107be111, raftlog=93947204-6523-4053-8a53-59a9107be111@group-D24A3562F45D-SegmentedRaftLog:OPENED:c-1,f-1,i0, conf=-1: [93947204-6523-4053-8a53-59a9107be111:192.168.157.234:37418, bae3409c-6898-459a-9ead-f389836c7215:192.168.157.234:35770, 6d4b3972-949b-4922-a608-4c13a92fd060:192.168.157.234:34362], old=null
2019-09-26 18:20:42,994 [6d4b3972-949b-4922-a608-4c13a92fd060@group-D24A3562F45D:LeaderElection11] INFO  impl.RaftServerImpl (RaftServerImpl.java:setRole(174)) - 6d4b3972-949b-4922-a608-4c13a92fd060@group-D24A3562F45D: changes role from CANDIDATE to FOLLOWER at term 1 for DISCOVERED_A_NEW_TERM
2019-09-26 18:20:42,997 [6d4b3972-949b-4922-a608-4c13a92fd060@group-D24A3562F45D:LeaderElection11] INFO  impl.RoleInfo (RoleInfo.java:shutdownLeaderElection(134)) - 6d4b3972-949b-4922-a608-4c13a92fd060: shutdown LeaderElection
2019-09-26 18:20:42,997 [ec22b462-faa7-446e-b905-d6083fd751dd@group-72A6158BF803-SegmentedRaftLogWorker] INFO  segmented.SegmentedRaftLogWorker (SegmentedRaftLogWorker.java:execute(569)) - ec22b462-faa7-446e-b905-d6083fd751dd@group-72A6158BF803-SegmentedRaftLogWorker: created new log segment /workdir/hadoop-ozone/ozonefs/target/test-dir/MiniOzoneClusterImpl-4cd181c8-bc9e-4466-88a4-d14dd15eb960/datanode-1/data/ratis/83cbd935-c848-48db-aed5-72a6158bf803/current/log_inprogress_0
2019-09-26 18:20:42,997 [93947204-6523-4053-8a53-59a9107be111@group-D24A3562F45D:LeaderElection10] INFO  impl.RoleInfo (RoleInfo.java:shutdownLeaderElection(134)) - 93947204-6523-4053-8a53-59a9107be111: shutdown LeaderElection
2019-09-26 18:20:43,008 [6d4b3972-949b-4922-a608-4c13a92fd060@group-D24A3562F45D:LeaderElection11] INFO  impl.RoleInfo (RoleInfo.java:updateAndGet(143)) - 6d4b3972-949b-4922-a608-4c13a92fd060: start FollowerState
2019-09-26 18:20:43,008 [93947204-6523-4053-8a53-59a9107be111@group-D24A3562F45D:LeaderElection10] INFO  impl.RaftServerImpl (RaftServerImpl.java:setRole(174)) - 93947204-6523-4053-8a53-59a9107be111@group-D24A3562F45D: changes role from CANDIDATE to LEADER at term 1 for changeToLeader
2019-09-26 18:20:43,009 [93947204-6523-4053-8a53-59a9107be111@group-D24A3562F45D:LeaderElection10] INFO  impl.RaftServerImpl (ServerState.java:setLeader(253)) - 93947204-6523-4053-8a53-59a9107be111@group-D24A3562F45D: change Leader from null to 93947204-6523-4053-8a53-59a9107be111 at term 1 for becomeLeader, leader elected after 5229ms
2019-09-26 18:20:43,011 [93947204-6523-4053-8a53-59a9107be111@group-D24A3562F45D:LeaderElection10] INFO  server.RaftServerConfigKeys (ConfUtils.java:logGet(43)) - raft.server.staging.catchup.gap = 1000 (default)
2019-09-26 18:20:43,012 [93947204-6523-4053-8a53-59a9107be111@group-D24A3562F45D:LeaderElection10] INFO  server.RaftServerConfigKeys (ConfUtils.java:logGet(43)) - raft.server.rpc.sleep.time = 25ms (default)
2019-09-26 18:20:43,012 [93947204-6523-4053-8a53-59a9107be111@group-D24A3562F45D:LeaderElection10] INFO  server.RaftServerConfigKeys (ConfUtils.java:logGet(43)) - raft.server.write.element-limit = 4096 (default)
2019-09-26 18:20:43,012 [93947204-6523-4053-8a53-59a9107be111@group-D24A3562F45D:LeaderElection10] INFO  server.RaftServerConfigKeys (ConfUtils.java:logGet(43)) - raft.server.watch.timeout = 10s (default)
2019-09-26 18:20:43,012 [93947204-6523-4053-8a53-59a9107be111@group-D24A3562F45D:LeaderElection10] INFO  server.RaftServerConfigKeys (ConfUtils.java:logGet(43)) - raft.server.watch.timeout.denomination = 1s (default)
2019-09-26 18:20:43,012 [93947204-6523-4053-8a53-59a9107be111@group-D24A3562F45D:LeaderElection10] INFO  server.RaftServerConfigKeys (ConfUtils.java:logGet(43)) - raft.server.watch.element-limit = 65536 (default)
2019-09-26 18:20:43,021 [93947204-6523-4053-8a53-59a9107be111@group-D24A3562F45D:LeaderElection10] INFO  server.RaftServerConfigKeys (ConfUtils.java:logGet(43)) - raft.server.log.appender.snapshot.chunk.size.max = 16MB (=16777216) (default)
2019-09-26 18:20:43,022 [93947204-6523-4053-8a53-59a9107be111@group-D24A3562F45D:LeaderElection10] INFO  server.RaftServerConfigKeys (ConfUtils.java:logGet(43)) - raft.server.log.appender.buffer.byte-limit = 33554432 (custom)
2019-09-26 18:20:43,022 [93947204-6523-4053-8a53-59a9107be111@group-D24A3562F45D:LeaderElection10] INFO  server.RaftServerConfigKeys (ConfUtils.java:logGet(43)) - raft.server.log.appender.buffer.element-limit = 1 (custom)
2019-09-26 18:20:43,027 [93947204-6523-4053-8a53-59a9107be111@group-D24A3562F45D:LeaderElection10] INFO  grpc.GrpcConfigKeys$Server (ConfUtils.java:logGet(43)) - raft.grpc.server.leader.outstanding.appends.max = 128 (default)
2019-09-26 18:20:43,039 [a97db397-b1f1-4b99-87cc-fea8e8393d8a@group-82EBB51B89A0:LeaderElection13] INFO  impl.LeaderElection (LeaderElection.java:askForVotes(182)) - a97db397-b1f1-4b99-87cc-fea8e8393d8a@group-82EBB51B89A0:LeaderElection13: begin an election at term 1 for -1: [a97db397-b1f1-4b99-87cc-fea8e8393d8a:192.168.157.234:44695, 928b8ca6-1d06-472f-9df7-59380a31cc4f:192.168.157.234:42208, 2f4b2a07-0a7a-46e2-b6cf-45c85d46ba30:192.168.157.234:37570], old=null
2019-09-26 18:20:43,039 [93947204-6523-4053-8a53-59a9107be111@group-D24A3562F45D:LeaderElection10] INFO  server.RaftServerConfigKeys (ConfUtils.java:logGet(43)) - raft.server.rpc.request.timeout = 3000ms (default)
2019-09-26 18:20:43,039 [2f4b2a07-0a7a-46e2-b6cf-45c85d46ba30@group-82EBB51B89A0:LeaderElection14] INFO  impl.LeaderElection (LeaderElection.java:askForVotes(182)) - 2f4b2a07-0a7a-46e2-b6cf-45c85d46ba30@group-82EBB51B89A0:LeaderElection14: begin an election at term 1 for -1: [a97db397-b1f1-4b99-87cc-fea8e8393d8a:192.168.157.234:44695, 928b8ca6-1d06-472f-9df7-59380a31cc4f:192.168.157.234:42208, 2f4b2a07-0a7a-46e2-b6cf-45c85d46ba30:192.168.157.234:37570], old=null
2019-09-26 18:20:43,040 [93947204-6523-4053-8a53-59a9107be111@group-D24A3562F45D:LeaderElection10] INFO  server.RaftServerConfigKeys (ConfUtils.java:logGet(43)) - raft.server.log.appender.install.snapshot.enabled = false (custom)
2019-09-26 18:20:43,047 [93947204-6523-4053-8a53-59a9107be111@group-D24A3562F45D:LeaderElection10] INFO  server.RaftServerConfigKeys (ConfUtils.java:logGet(43)) - raft.server.log.appender.snapshot.chunk.size.max = 16MB (=16777216) (default)
2019-09-26 18:20:43,049 [93947204-6523-4053-8a53-59a9107be111@group-D24A3562F45D:LeaderElection10] INFO  server.RaftServerConfigKeys (ConfUtils.java:logGet(43)) - raft.server.log.appender.buffer.byte-limit = 33554432 (custom)
2019-09-26 18:20:43,050 [93947204-6523-4053-8a53-59a9107be111@group-D24A3562F45D:LeaderElection10] INFO  server.RaftServerConfigKeys (ConfUtils.java:logGet(43)) - raft.server.log.appender.buffer.element-limit = 1 (custom)
2019-09-26 18:20:43,050 [93947204-6523-4053-8a53-59a9107be111@group-D24A3562F45D:LeaderElection10] INFO  grpc.GrpcConfigKeys$Server (ConfUtils.java:logGet(43)) - raft.grpc.server.leader.outstanding.appends.max = 128 (default)
2019-09-26 18:20:43,050 [93947204-6523-4053-8a53-59a9107be111@group-D24A3562F45D:LeaderElection10] INFO  server.RaftServerConfigKeys (ConfUtils.java:logGet(43)) - raft.server.rpc.request.timeout = 3000ms (default)
2019-09-26 18:20:43,050 [93947204-6523-4053-8a53-59a9107be111@group-D24A3562F45D:LeaderElection10] INFO  server.RaftServerConfigKeys (ConfUtils.java:logGet(43)) - raft.server.log.appender.install.snapshot.enabled = false (custom)
2019-09-26 18:20:43,056 [93947204-6523-4053-8a53-59a9107be111@group-D24A3562F45D:LeaderElection10] INFO  impl.RoleInfo (RoleInfo.java:updateAndGet(143)) - 93947204-6523-4053-8a53-59a9107be111: start LeaderState
2019-09-26 18:20:43,057 [93947204-6523-4053-8a53-59a9107be111@group-D24A3562F45D:LeaderElection10] INFO  segmented.SegmentedRaftLogWorker (SegmentedRaftLogWorker.java:startLogSegment(380)) - 93947204-6523-4053-8a53-59a9107be111@group-D24A3562F45D-SegmentedRaftLogWorker: Starting segment from index:0
2019-09-26 18:20:43,058 [93947204-6523-4053-8a53-59a9107be111@group-D24A3562F45D:LeaderElection10] INFO  impl.RaftServerImpl (ServerState.java:setRaftConf(354)) - 93947204-6523-4053-8a53-59a9107be111@group-D24A3562F45D: set configuration 0: [93947204-6523-4053-8a53-59a9107be111:192.168.157.234:37418, bae3409c-6898-459a-9ead-f389836c7215:192.168.157.234:35770, 6d4b3972-949b-4922-a608-4c13a92fd060:192.168.157.234:34362], old=null at 0
2019-09-26 18:20:43,098 [Thread-336] INFO  impl.FollowerState (FollowerState.java:run(106)) - fa9f2368-1bb6-42af-a1bb-0ecd29289437:group-540DC7593EC8 changes to CANDIDATE, lastRpcTime:5049, electionTimeout:5032ms
2019-09-26 18:20:43,107 [Thread-330] INFO  impl.FollowerState (FollowerState.java:run(106)) - 928b8ca6-1d06-472f-9df7-59380a31cc4f:group-82EBB51B89A0 changes to CANDIDATE, lastRpcTime:5170, electionTimeout:5160ms
2019-09-26 18:20:43,107 [Thread-339] INFO  impl.FollowerState (FollowerState.java:run(106)) - cdae5251-09d5-44f4-b358-655664201067:group-540DC7593EC8 changes to CANDIDATE, lastRpcTime:5055, electionTimeout:5051ms
2019-09-26 18:20:43,110 [Thread-330] INFO  impl.RoleInfo (RoleInfo.java:shutdownFollowerState(121)) - 928b8ca6-1d06-472f-9df7-59380a31cc4f: shutdown FollowerState
2019-09-26 18:20:43,107 [Thread-336] INFO  impl.RoleInfo (RoleInfo.java:shutdownFollowerState(121)) - fa9f2368-1bb6-42af-a1bb-0ecd29289437: shutdown FollowerState
2019-09-26 18:20:43,111 [Thread-330] INFO  impl.RaftServerImpl (RaftServerImpl.java:setRole(174)) - 928b8ca6-1d06-472f-9df7-59380a31cc4f@group-82EBB51B89A0: changes role from  FOLLOWER to CANDIDATE at term 0 for changeToCandidate
2019-09-26 18:20:43,111 [93947204-6523-4053-8a53-59a9107be111@group-D24A3562F45D-SegmentedRaftLogWorker] INFO  segmented.SegmentedRaftLogWorker (SegmentedRaftLogWorker.java:execute(569)) - 93947204-6523-4053-8a53-59a9107be111@group-D24A3562F45D-SegmentedRaftLogWorker: created new log segment /workdir/hadoop-ozone/ozonefs/target/test-dir/MiniOzoneClusterImpl-4cd181c8-bc9e-4466-88a4-d14dd15eb960/datanode-8/data/ratis/b7207480-d3dd-489c-9dbd-d24a3562f45d/current/log_inprogress_0
2019-09-26 18:20:43,114 [Thread-330] INFO  impl.RoleInfo (RoleInfo.java:updateAndGet(143)) - 928b8ca6-1d06-472f-9df7-59380a31cc4f: start LeaderElection
2019-09-26 18:20:43,110 [Thread-339] INFO  impl.RoleInfo (RoleInfo.java:shutdownFollowerState(121)) - cdae5251-09d5-44f4-b358-655664201067: shutdown FollowerState
2019-09-26 18:20:43,111 [Thread-336] INFO  impl.RaftServerImpl (RaftServerImpl.java:setRole(174)) - fa9f2368-1bb6-42af-a1bb-0ecd29289437@group-540DC7593EC8: changes role from  FOLLOWER to CANDIDATE at term 0 for changeToCandidate
2019-09-26 18:20:43,114 [Thread-339] INFO  impl.RaftServerImpl (RaftServerImpl.java:setRole(174)) - cdae5251-09d5-44f4-b358-655664201067@group-540DC7593EC8: changes role from  FOLLOWER to CANDIDATE at term 0 for changeToCandidate
2019-09-26 18:20:43,117 [Thread-336] INFO  impl.RoleInfo (RoleInfo.java:updateAndGet(143)) - fa9f2368-1bb6-42af-a1bb-0ecd29289437: start LeaderElection
2019-09-26 18:20:43,121 [Thread-339] INFO  impl.RoleInfo (RoleInfo.java:updateAndGet(143)) - cdae5251-09d5-44f4-b358-655664201067: start LeaderElection
2019-09-26 18:20:43,118 [grpc-default-executor-2] INFO  impl.RaftServerImpl (RaftServerImpl.java:setRole(174)) - 928b8ca6-1d06-472f-9df7-59380a31cc4f@group-82EBB51B89A0: changes role from CANDIDATE to FOLLOWER at term 1 for recognizeCandidate:2f4b2a07-0a7a-46e2-b6cf-45c85d46ba30
2019-09-26 18:20:43,127 [grpc-default-executor-2] INFO  impl.RoleInfo (RoleInfo.java:shutdownLeaderElection(134)) - 928b8ca6-1d06-472f-9df7-59380a31cc4f: shutdown LeaderElection
2019-09-26 18:20:43,141 [grpc-default-executor-2] INFO  impl.RoleInfo (RoleInfo.java:updateAndGet(143)) - 928b8ca6-1d06-472f-9df7-59380a31cc4f: start FollowerState
2019-09-26 18:20:43,173 [fa9f2368-1bb6-42af-a1bb-0ecd29289437@group-540DC7593EC8:LeaderElection16] INFO  impl.LeaderElection (LeaderElection.java:askForVotes(182)) - fa9f2368-1bb6-42af-a1bb-0ecd29289437@group-540DC7593EC8:LeaderElection16: begin an election at term 1 for -1: [6c2fb94c-a365-43b2-bbf6-b1ef1568b50c:192.168.157.234:46404, cdae5251-09d5-44f4-b358-655664201067:192.168.157.234:36748, fa9f2368-1bb6-42af-a1bb-0ecd29289437:192.168.157.234:39317], old=null
2019-09-26 18:20:43,173 [cdae5251-09d5-44f4-b358-655664201067@group-540DC7593EC8:LeaderElection17] INFO  impl.LeaderElection (LeaderElection.java:askForVotes(182)) - cdae5251-09d5-44f4-b358-655664201067@group-540DC7593EC8:LeaderElection17: begin an election at term 1 for -1: [6c2fb94c-a365-43b2-bbf6-b1ef1568b50c:192.168.157.234:46404, cdae5251-09d5-44f4-b358-655664201067:192.168.157.234:36748, fa9f2368-1bb6-42af-a1bb-0ecd29289437:192.168.157.234:39317], old=null
2019-09-26 18:20:43,173 [grpc-default-executor-1] INFO  impl.RaftServerImpl (RaftServerImpl.java:setRole(174)) - 928b8ca6-1d06-472f-9df7-59380a31cc4f@group-82EBB51B89A0: changes role from  FOLLOWER to FOLLOWER at term 1 for recognizeCandidate:a97db397-b1f1-4b99-87cc-fea8e8393d8a
2019-09-26 18:20:43,173 [grpc-default-executor-1] INFO  impl.RoleInfo (RoleInfo.java:shutdownFollowerState(121)) - 928b8ca6-1d06-472f-9df7-59380a31cc4f: shutdown FollowerState
2019-09-26 18:20:43,174 [Thread-383] INFO  impl.FollowerState (FollowerState.java:run(115)) - 928b8ca6-1d06-472f-9df7-59380a31cc4f: FollowerState was interrupted: java.lang.InterruptedException: sleep interrupted
2019-09-26 18:20:43,174 [grpc-default-executor-1] INFO  impl.RoleInfo (RoleInfo.java:updateAndGet(143)) - 928b8ca6-1d06-472f-9df7-59380a31cc4f: start FollowerState
2019-09-26 18:20:43,190 [grpc-default-executor-0] INFO  impl.RaftServerImpl (ServerState.java:setLeader(253)) - bae3409c-6898-459a-9ead-f389836c7215@group-D24A3562F45D: change Leader from null to 93947204-6523-4053-8a53-59a9107be111 at term 1 for appendEntries, leader elected after 5410ms
2019-09-26 18:20:43,190 [grpc-default-executor-3] INFO  impl.RaftServerImpl (ServerState.java:setLeader(253)) - 6d4b3972-949b-4922-a608-4c13a92fd060@group-D24A3562F45D: change Leader from null to 93947204-6523-4053-8a53-59a9107be111 at term 1 for appendEntries, leader elected after 5411ms
2019-09-26 18:20:43,196 [2f4b2a07-0a7a-46e2-b6cf-45c85d46ba30@group-82EBB51B89A0:LeaderElection14] INFO  impl.LeaderElection (LeaderElection.java:logAndReturn(56)) - 2f4b2a07-0a7a-46e2-b6cf-45c85d46ba30@group-82EBB51B89A0:LeaderElection14: Election REJECTED; received 2 response(s) [2f4b2a07-0a7a-46e2-b6cf-45c85d46ba30<-a97db397-b1f1-4b99-87cc-fea8e8393d8a#0:FAIL-t1, 2f4b2a07-0a7a-46e2-b6cf-45c85d46ba30<-928b8ca6-1d06-472f-9df7-59380a31cc4f#0:FAIL-t1] and 0 exception(s); 2f4b2a07-0a7a-46e2-b6cf-45c85d46ba30@group-82EBB51B89A0:t1, leader=null, voted=2f4b2a07-0a7a-46e2-b6cf-45c85d46ba30, raftlog=2f4b2a07-0a7a-46e2-b6cf-45c85d46ba30@group-82EBB51B89A0-SegmentedRaftLog:OPENED:c-1,f-1,i0, conf=-1: [a97db397-b1f1-4b99-87cc-fea8e8393d8a:192.168.157.234:44695, 928b8ca6-1d06-472f-9df7-59380a31cc4f:192.168.157.234:42208, 2f4b2a07-0a7a-46e2-b6cf-45c85d46ba30:192.168.157.234:37570], old=null
2019-09-26 18:20:43,208 [2f4b2a07-0a7a-46e2-b6cf-45c85d46ba30@group-82EBB51B89A0:LeaderElection14] INFO  impl.RaftServerImpl (RaftServerImpl.java:setRole(174)) - 2f4b2a07-0a7a-46e2-b6cf-45c85d46ba30@group-82EBB51B89A0: changes role from CANDIDATE to FOLLOWER at term 1 for DISCOVERED_A_NEW_TERM
2019-09-26 18:20:43,208 [2f4b2a07-0a7a-46e2-b6cf-45c85d46ba30@group-82EBB51B89A0:LeaderElection14] INFO  impl.RoleInfo (RoleInfo.java:shutdownLeaderElection(134)) - 2f4b2a07-0a7a-46e2-b6cf-45c85d46ba30: shutdown LeaderElection
2019-09-26 18:20:43,209 [2f4b2a07-0a7a-46e2-b6cf-45c85d46ba30@group-82EBB51B89A0:LeaderElection14] INFO  impl.RoleInfo (RoleInfo.java:updateAndGet(143)) - 2f4b2a07-0a7a-46e2-b6cf-45c85d46ba30: start FollowerState
2019-09-26 18:20:43,230 [grpc-default-executor-6] INFO  impl.RaftServerImpl (RaftServerImpl.java:setRole(174)) - 6c2fb94c-a365-43b2-bbf6-b1ef1568b50c@group-540DC7593EC8: changes role from  FOLLOWER to FOLLOWER at term 1 for recognizeCandidate:fa9f2368-1bb6-42af-a1bb-0ecd29289437
2019-09-26 18:20:43,232 [grpc-default-executor-6] INFO  impl.RoleInfo (RoleInfo.java:shutdownFollowerState(121)) - 6c2fb94c-a365-43b2-bbf6-b1ef1568b50c: shutdown FollowerState
2019-09-26 18:20:43,233 [grpc-default-executor-6] INFO  impl.RoleInfo (RoleInfo.java:updateAndGet(143)) - 6c2fb94c-a365-43b2-bbf6-b1ef1568b50c: start FollowerState
2019-09-26 18:20:43,233 [Thread-338] INFO  impl.FollowerState (FollowerState.java:run(115)) - 6c2fb94c-a365-43b2-bbf6-b1ef1568b50c: FollowerState was interrupted: java.lang.InterruptedException: sleep interrupted
2019-09-26 18:20:43,246 [928b8ca6-1d06-472f-9df7-59380a31cc4f@group-82EBB51B89A0:LeaderElection15] INFO  impl.LeaderElection (LeaderElection.java:askForVotes(182)) - 928b8ca6-1d06-472f-9df7-59380a31cc4f@group-82EBB51B89A0:LeaderElection15: begin an election at term 2 for -1: [a97db397-b1f1-4b99-87cc-fea8e8393d8a:192.168.157.234:44695, 928b8ca6-1d06-472f-9df7-59380a31cc4f:192.168.157.234:42208, 2f4b2a07-0a7a-46e2-b6cf-45c85d46ba30:192.168.157.234:37570], old=null
2019-09-26 18:20:43,256 [928b8ca6-1d06-472f-9df7-59380a31cc4f@group-82EBB51B89A0:LeaderElection15] INFO  impl.LeaderElection (LeaderElection.java:logAndReturn(56)) - 928b8ca6-1d06-472f-9df7-59380a31cc4f@group-82EBB51B89A0:LeaderElection15: Election REJECTED; received 0 response(s) [] and 0 exception(s); 928b8ca6-1d06-472f-9df7-59380a31cc4f@group-82EBB51B89A0:t2, leader=null, voted=928b8ca6-1d06-472f-9df7-59380a31cc4f, raftlog=928b8ca6-1d06-472f-9df7-59380a31cc4f@group-82EBB51B89A0-SegmentedRaftLog:OPENED:c-1,f-1,i0, conf=-1: [a97db397-b1f1-4b99-87cc-fea8e8393d8a:192.168.157.234:44695, 928b8ca6-1d06-472f-9df7-59380a31cc4f:192.168.157.234:42208, 2f4b2a07-0a7a-46e2-b6cf-45c85d46ba30:192.168.157.234:37570], old=null
2019-09-26 18:20:43,256 [a97db397-b1f1-4b99-87cc-fea8e8393d8a@group-82EBB51B89A0:LeaderElection13] INFO  impl.LeaderElection (LeaderElection.java:logAndReturn(56)) - a97db397-b1f1-4b99-87cc-fea8e8393d8a@group-82EBB51B89A0:LeaderElection13: Election PASSED; received 2 response(s) [a97db397-b1f1-4b99-87cc-fea8e8393d8a<-928b8ca6-1d06-472f-9df7-59380a31cc4f#0:OK-t1, a97db397-b1f1-4b99-87cc-fea8e8393d8a<-2f4b2a07-0a7a-46e2-b6cf-45c85d46ba30#0:FAIL-t1] and 0 exception(s); a97db397-b1f1-4b99-87cc-fea8e8393d8a@group-82EBB51B89A0:t1, leader=null, voted=a97db397-b1f1-4b99-87cc-fea8e8393d8a, raftlog=a97db397-b1f1-4b99-87cc-fea8e8393d8a@group-82EBB51B89A0-SegmentedRaftLog:OPENED:c-1,f-1,i0, conf=-1: [a97db397-b1f1-4b99-87cc-fea8e8393d8a:192.168.157.234:44695, 928b8ca6-1d06-472f-9df7-59380a31cc4f:192.168.157.234:42208, 2f4b2a07-0a7a-46e2-b6cf-45c85d46ba30:192.168.157.234:37570], old=null
2019-09-26 18:20:43,270 [a97db397-b1f1-4b99-87cc-fea8e8393d8a@group-82EBB51B89A0:LeaderElection13] INFO  impl.RoleInfo (RoleInfo.java:shutdownLeaderElection(134)) - a97db397-b1f1-4b99-87cc-fea8e8393d8a: shutdown LeaderElection
2019-09-26 18:20:43,274 [a97db397-b1f1-4b99-87cc-fea8e8393d8a@group-82EBB51B89A0:LeaderElection13] INFO  impl.RaftServerImpl (RaftServerImpl.java:setRole(174)) - a97db397-b1f1-4b99-87cc-fea8e8393d8a@group-82EBB51B89A0: changes role from CANDIDATE to LEADER at term 1 for changeToLeader
2019-09-26 18:20:43,280 [a97db397-b1f1-4b99-87cc-fea8e8393d8a@group-82EBB51B89A0:LeaderElection13] INFO  impl.RaftServerImpl (ServerState.java:setLeader(253)) - a97db397-b1f1-4b99-87cc-fea8e8393d8a@group-82EBB51B89A0: change Leader from null to a97db397-b1f1-4b99-87cc-fea8e8393d8a at term 1 for becomeLeader, leader elected after 5362ms
2019-09-26 18:20:43,280 [a97db397-b1f1-4b99-87cc-fea8e8393d8a@group-82EBB51B89A0:LeaderElection13] INFO  server.RaftServerConfigKeys (ConfUtils.java:logGet(43)) - raft.server.staging.catchup.gap = 1000 (default)
2019-09-26 18:20:43,280 [a97db397-b1f1-4b99-87cc-fea8e8393d8a@group-82EBB51B89A0:LeaderElection13] INFO  server.RaftServerConfigKeys (ConfUtils.java:logGet(43)) - raft.server.rpc.sleep.time = 25ms (default)
2019-09-26 18:20:43,280 [a97db397-b1f1-4b99-87cc-fea8e8393d8a@group-82EBB51B89A0:LeaderElection13] INFO  server.RaftServerConfigKeys (ConfUtils.java:logGet(43)) - raft.server.write.element-limit = 4096 (default)
2019-09-26 18:20:43,281 [a97db397-b1f1-4b99-87cc-fea8e8393d8a@group-82EBB51B89A0:LeaderElection13] INFO  server.RaftServerConfigKeys (ConfUtils.java:logGet(43)) - raft.server.watch.timeout = 10s (default)
2019-09-26 18:20:43,281 [a97db397-b1f1-4b99-87cc-fea8e8393d8a@group-82EBB51B89A0:LeaderElection13] INFO  server.RaftServerConfigKeys (ConfUtils.java:logGet(43)) - raft.server.watch.timeout.denomination = 1s (default)
2019-09-26 18:20:43,281 [a97db397-b1f1-4b99-87cc-fea8e8393d8a@group-82EBB51B89A0:LeaderElection13] INFO  server.RaftServerConfigKeys (ConfUtils.java:logGet(43)) - raft.server.watch.element-limit = 65536 (default)
2019-09-26 18:20:43,293 [fa9f2368-1bb6-42af-a1bb-0ecd29289437@group-540DC7593EC8:LeaderElection16] INFO  impl.LeaderElection (LeaderElection.java:logAndReturn(56)) - fa9f2368-1bb6-42af-a1bb-0ecd29289437@group-540DC7593EC8:LeaderElection16: Election PASSED; received 1 response(s) [fa9f2368-1bb6-42af-a1bb-0ecd29289437<-6c2fb94c-a365-43b2-bbf6-b1ef1568b50c#0:OK-t1] and 0 exception(s); fa9f2368-1bb6-42af-a1bb-0ecd29289437@group-540DC7593EC8:t1, leader=null, voted=fa9f2368-1bb6-42af-a1bb-0ecd29289437, raftlog=fa9f2368-1bb6-42af-a1bb-0ecd29289437@group-540DC7593EC8-SegmentedRaftLog:OPENED:c-1,f-1,i0, conf=-1: [6c2fb94c-a365-43b2-bbf6-b1ef1568b50c:192.168.157.234:46404, cdae5251-09d5-44f4-b358-655664201067:192.168.157.234:36748, fa9f2368-1bb6-42af-a1bb-0ecd29289437:192.168.157.234:39317], old=null
2019-09-26 18:20:43,295 [fa9f2368-1bb6-42af-a1bb-0ecd29289437@group-540DC7593EC8:LeaderElection16] INFO  impl.RoleInfo (RoleInfo.java:shutdownLeaderElection(134)) - fa9f2368-1bb6-42af-a1bb-0ecd29289437: shutdown LeaderElection
2019-09-26 18:20:43,295 [fa9f2368-1bb6-42af-a1bb-0ecd29289437@group-540DC7593EC8:LeaderElection16] INFO  impl.RaftServerImpl (RaftServerImpl.java:setRole(174)) - fa9f2368-1bb6-42af-a1bb-0ecd29289437@group-540DC7593EC8: changes role from CANDIDATE to LEADER at term 1 for changeToLeader
2019-09-26 18:20:43,295 [fa9f2368-1bb6-42af-a1bb-0ecd29289437@group-540DC7593EC8:LeaderElection16] INFO  impl.RaftServerImpl (ServerState.java:setLeader(253)) - fa9f2368-1bb6-42af-a1bb-0ecd29289437@group-540DC7593EC8: change Leader from null to fa9f2368-1bb6-42af-a1bb-0ecd29289437 at term 1 for becomeLeader, leader elected after 5260ms
2019-09-26 18:20:43,295 [a97db397-b1f1-4b99-87cc-fea8e8393d8a@group-82EBB51B89A0:LeaderElection13] INFO  server.RaftServerConfigKeys (ConfUtils.java:logGet(43)) - raft.server.log.appender.snapshot.chunk.size.max = 16MB (=16777216) (default)
2019-09-26 18:20:43,298 [fa9f2368-1bb6-42af-a1bb-0ecd29289437@group-540DC7593EC8:LeaderElection16] INFO  server.RaftServerConfigKeys (ConfUtils.java:logGet(43)) - raft.server.staging.catchup.gap = 1000 (default)
2019-09-26 18:20:43,298 [a97db397-b1f1-4b99-87cc-fea8e8393d8a@group-82EBB51B89A0:LeaderElection13] INFO  server.RaftServerConfigKeys (ConfUtils.java:logGet(43)) - raft.server.log.appender.buffer.byte-limit = 33554432 (custom)
2019-09-26 18:20:43,298 [fa9f2368-1bb6-42af-a1bb-0ecd29289437@group-540DC7593EC8:LeaderElection16] INFO  server.RaftServerConfigKeys (ConfUtils.java:logGet(43)) - raft.server.rpc.sleep.time = 25ms (default)
2019-09-26 18:20:43,299 [a97db397-b1f1-4b99-87cc-fea8e8393d8a@group-82EBB51B89A0:LeaderElection13] INFO  server.RaftServerConfigKeys (ConfUtils.java:logGet(43)) - raft.server.log.appender.buffer.element-limit = 1 (custom)
2019-09-26 18:20:43,299 [fa9f2368-1bb6-42af-a1bb-0ecd29289437@group-540DC7593EC8:LeaderElection16] INFO  server.RaftServerConfigKeys (ConfUtils.java:logGet(43)) - raft.server.write.element-limit = 4096 (default)
2019-09-26 18:20:43,301 [fa9f2368-1bb6-42af-a1bb-0ecd29289437@group-540DC7593EC8:LeaderElection16] INFO  server.RaftServerConfigKeys (ConfUtils.java:logGet(43)) - raft.server.watch.timeout = 10s (default)
2019-09-26 18:20:43,302 [a97db397-b1f1-4b99-87cc-fea8e8393d8a@group-82EBB51B89A0:LeaderElection13] INFO  grpc.GrpcConfigKeys$Server (ConfUtils.java:logGet(43)) - raft.grpc.server.leader.outstanding.appends.max = 128 (default)
2019-09-26 18:20:43,304 [fa9f2368-1bb6-42af-a1bb-0ecd29289437@group-540DC7593EC8:LeaderElection16] INFO  server.RaftServerConfigKeys (ConfUtils.java:logGet(43)) - raft.server.watch.timeout.denomination = 1s (default)
2019-09-26 18:20:43,304 [a97db397-b1f1-4b99-87cc-fea8e8393d8a@group-82EBB51B89A0:LeaderElection13] INFO  server.RaftServerConfigKeys (ConfUtils.java:logGet(43)) - raft.server.rpc.request.timeout = 3000ms (default)
2019-09-26 18:20:43,304 [fa9f2368-1bb6-42af-a1bb-0ecd29289437@group-540DC7593EC8:LeaderElection16] INFO  server.RaftServerConfigKeys (ConfUtils.java:logGet(43)) - raft.server.watch.element-limit = 65536 (default)
2019-09-26 18:20:43,305 [a97db397-b1f1-4b99-87cc-fea8e8393d8a@group-82EBB51B89A0:LeaderElection13] INFO  server.RaftServerConfigKeys (ConfUtils.java:logGet(43)) - raft.server.log.appender.install.snapshot.enabled = false (custom)
2019-09-26 18:20:43,305 [cdae5251-09d5-44f4-b358-655664201067@group-540DC7593EC8:LeaderElection17] INFO  impl.LeaderElection (LeaderElection.java:logAndReturn(56)) - cdae5251-09d5-44f4-b358-655664201067@group-540DC7593EC8:LeaderElection17: Election REJECTED; received 2 response(s) [cdae5251-09d5-44f4-b358-655664201067<-6c2fb94c-a365-43b2-bbf6-b1ef1568b50c#0:FAIL-t1, cdae5251-09d5-44f4-b358-655664201067<-fa9f2368-1bb6-42af-a1bb-0ecd29289437#0:FAIL-t1] and 0 exception(s); cdae5251-09d5-44f4-b358-655664201067@group-540DC7593EC8:t1, leader=null, voted=cdae5251-09d5-44f4-b358-655664201067, raftlog=cdae5251-09d5-44f4-b358-655664201067@group-540DC7593EC8-SegmentedRaftLog:OPENED:c-1,f-1,i0, conf=-1: [6c2fb94c-a365-43b2-bbf6-b1ef1568b50c:192.168.157.234:46404, cdae5251-09d5-44f4-b358-655664201067:192.168.157.234:36748, fa9f2368-1bb6-42af-a1bb-0ecd29289437:192.168.157.234:39317], old=null
2019-09-26 18:20:43,305 [a97db397-b1f1-4b99-87cc-fea8e8393d8a@group-82EBB51B89A0:LeaderElection13] INFO  server.RaftServerConfigKeys (ConfUtils.java:logGet(43)) - raft.server.log.appender.snapshot.chunk.size.max = 16MB (=16777216) (default)
2019-09-26 18:20:43,305 [cdae5251-09d5-44f4-b358-655664201067@group-540DC7593EC8:LeaderElection17] INFO  impl.RaftServerImpl (RaftServerImpl.java:setRole(174)) - cdae5251-09d5-44f4-b358-655664201067@group-540DC7593EC8: changes role from CANDIDATE to FOLLOWER at term 1 for DISCOVERED_A_NEW_TERM
2019-09-26 18:20:43,306 [a97db397-b1f1-4b99-87cc-fea8e8393d8a@group-82EBB51B89A0:LeaderElection13] INFO  server.RaftServerConfigKeys (ConfUtils.java:logGet(43)) - raft.server.log.appender.buffer.byte-limit = 33554432 (custom)
2019-09-26 18:20:43,308 [cdae5251-09d5-44f4-b358-655664201067@group-540DC7593EC8:LeaderElection17] INFO  impl.RoleInfo (RoleInfo.java:shutdownLeaderElection(134)) - cdae5251-09d5-44f4-b358-655664201067: shutdown LeaderElection
2019-09-26 18:20:43,308 [a97db397-b1f1-4b99-87cc-fea8e8393d8a@group-82EBB51B89A0:LeaderElection13] INFO  server.RaftServerConfigKeys (ConfUtils.java:logGet(43)) - raft.server.log.appender.buffer.element-limit = 1 (custom)
2019-09-26 18:20:43,309 [cdae5251-09d5-44f4-b358-655664201067@group-540DC7593EC8:LeaderElection17] INFO  impl.RoleInfo (RoleInfo.java:updateAndGet(143)) - cdae5251-09d5-44f4-b358-655664201067: start FollowerState
2019-09-26 18:20:43,309 [a97db397-b1f1-4b99-87cc-fea8e8393d8a@group-82EBB51B89A0:LeaderElection13] INFO  grpc.GrpcConfigKeys$Server (ConfUtils.java:logGet(43)) - raft.grpc.server.leader.outstanding.appends.max = 128 (default)
2019-09-26 18:20:43,311 [a97db397-b1f1-4b99-87cc-fea8e8393d8a@group-82EBB51B89A0:LeaderElection13] INFO  server.RaftServerConfigKeys (ConfUtils.java:logGet(43)) - raft.server.rpc.request.timeout = 3000ms (default)
2019-09-26 18:20:43,312 [a97db397-b1f1-4b99-87cc-fea8e8393d8a@group-82EBB51B89A0:LeaderElection13] INFO  server.RaftServerConfigKeys (ConfUtils.java:logGet(43)) - raft.server.log.appender.install.snapshot.enabled = false (custom)
2019-09-26 18:20:43,312 [grpc-default-executor-7] INFO  impl.RaftServerImpl (RaftServerImpl.java:setRole(174)) - 2f4b2a07-0a7a-46e2-b6cf-45c85d46ba30@group-82EBB51B89A0: changes role from  FOLLOWER to FOLLOWER at term 2 for recognizeCandidate:928b8ca6-1d06-472f-9df7-59380a31cc4f
2019-09-26 18:20:43,314 [grpc-default-executor-7] INFO  impl.RoleInfo (RoleInfo.java:shutdownFollowerState(121)) - 2f4b2a07-0a7a-46e2-b6cf-45c85d46ba30: shutdown FollowerState
2019-09-26 18:20:43,314 [a97db397-b1f1-4b99-87cc-fea8e8393d8a@group-82EBB51B89A0:LeaderElection13] INFO  impl.RoleInfo (RoleInfo.java:updateAndGet(143)) - a97db397-b1f1-4b99-87cc-fea8e8393d8a: start LeaderState
2019-09-26 18:20:43,314 [grpc-default-executor-7] INFO  impl.RoleInfo (RoleInfo.java:updateAndGet(143)) - 2f4b2a07-0a7a-46e2-b6cf-45c85d46ba30: start FollowerState
2019-09-26 18:20:43,314 [Thread-391] INFO  impl.FollowerState (FollowerState.java:run(115)) - 2f4b2a07-0a7a-46e2-b6cf-45c85d46ba30: FollowerState was interrupted: java.lang.InterruptedException: sleep interrupted
2019-09-26 18:20:43,315 [a97db397-b1f1-4b99-87cc-fea8e8393d8a@group-82EBB51B89A0:LeaderElection13] INFO  segmented.SegmentedRaftLogWorker (SegmentedRaftLogWorker.java:startLogSegment(380)) - a97db397-b1f1-4b99-87cc-fea8e8393d8a@group-82EBB51B89A0-SegmentedRaftLogWorker: Starting segment from index:0
2019-09-26 18:20:43,315 [fa9f2368-1bb6-42af-a1bb-0ecd29289437@group-540DC7593EC8:LeaderElection16] INFO  server.RaftServerConfigKeys (ConfUtils.java:logGet(43)) - raft.server.log.appender.snapshot.chunk.size.max = 16MB (=16777216) (default)
2019-09-26 18:20:43,316 [fa9f2368-1bb6-42af-a1bb-0ecd29289437@group-540DC7593EC8:LeaderElection16] INFO  server.RaftServerConfigKeys (ConfUtils.java:logGet(43)) - raft.server.log.appender.buffer.byte-limit = 33554432 (custom)
2019-09-26 18:20:43,357 [fa9f2368-1bb6-42af-a1bb-0ecd29289437@group-540DC7593EC8:LeaderElection16] INFO  server.RaftServerConfigKeys (ConfUtils.java:logGet(43)) - raft.server.log.appender.buffer.element-limit = 1 (custom)
2019-09-26 18:20:43,357 [a97db397-b1f1-4b99-87cc-fea8e8393d8a@group-82EBB51B89A0:LeaderElection13] INFO  impl.RaftServerImpl (ServerState.java:setRaftConf(354)) - a97db397-b1f1-4b99-87cc-fea8e8393d8a@group-82EBB51B89A0: set configuration 0: [a97db397-b1f1-4b99-87cc-fea8e8393d8a:192.168.157.234:44695, 928b8ca6-1d06-472f-9df7-59380a31cc4f:192.168.157.234:42208, 2f4b2a07-0a7a-46e2-b6cf-45c85d46ba30:192.168.157.234:37570], old=null at 0
2019-09-26 18:20:43,358 [fa9f2368-1bb6-42af-a1bb-0ecd29289437@group-540DC7593EC8:LeaderElection16] INFO  grpc.GrpcConfigKeys$Server (ConfUtils.java:logGet(43)) - raft.grpc.server.leader.outstanding.appends.max = 128 (default)
2019-09-26 18:20:43,358 [grpc-default-executor-5] INFO  impl.RaftServerImpl (ServerState.java:setLeader(253)) - a97db397-b1f1-4b99-87cc-fea8e8393d8a@group-82EBB51B89A0: change Leader from a97db397-b1f1-4b99-87cc-fea8e8393d8a to null at term 2 for updateCurrentTerm
2019-09-26 18:20:43,358 [fa9f2368-1bb6-42af-a1bb-0ecd29289437@group-540DC7593EC8:LeaderElection16] INFO  server.RaftServerConfigKeys (ConfUtils.java:logGet(43)) - raft.server.rpc.request.timeout = 3000ms (default)
2019-09-26 18:20:43,358 [grpc-default-executor-5] INFO  impl.RaftServerImpl (RaftServerImpl.java:setRole(174)) - a97db397-b1f1-4b99-87cc-fea8e8393d8a@group-82EBB51B89A0: changes role from    LEADER to FOLLOWER at term 2 for recognizeCandidate:928b8ca6-1d06-472f-9df7-59380a31cc4f
2019-09-26 18:20:43,359 [fa9f2368-1bb6-42af-a1bb-0ecd29289437@group-540DC7593EC8:LeaderElection16] INFO  server.RaftServerConfigKeys (ConfUtils.java:logGet(43)) - raft.server.log.appender.install.snapshot.enabled = false (custom)
2019-09-26 18:20:43,362 [grpc-default-executor-5] INFO  impl.RoleInfo (RoleInfo.java:shutdownLeaderState(104)) - a97db397-b1f1-4b99-87cc-fea8e8393d8a: shutdown LeaderState
2019-09-26 18:20:43,367 [fa9f2368-1bb6-42af-a1bb-0ecd29289437@group-540DC7593EC8:LeaderElection16] INFO  server.RaftServerConfigKeys (ConfUtils.java:logGet(43)) - raft.server.log.appender.snapshot.chunk.size.max = 16MB (=16777216) (default)
2019-09-26 18:20:43,374 [fa9f2368-1bb6-42af-a1bb-0ecd29289437@group-540DC7593EC8:LeaderElection16] INFO  server.RaftServerConfigKeys (ConfUtils.java:logGet(43)) - raft.server.log.appender.buffer.byte-limit = 33554432 (custom)
2019-09-26 18:20:43,374 [fa9f2368-1bb6-42af-a1bb-0ecd29289437@group-540DC7593EC8:LeaderElection16] INFO  server.RaftServerConfigKeys (ConfUtils.java:logGet(43)) - raft.server.log.appender.buffer.element-limit = 1 (custom)
2019-09-26 18:20:43,381 [org.apache.ratis.server.impl.LogAppender$AppenderDaemon$$Lambda$405/1077708980@484bebd6] WARN  server.GrpcLogAppender (GrpcLogAppender.java:mayWait(143)) - a97db397-b1f1-4b99-87cc-fea8e8393d8a@group-82EBB51B89A0->2f4b2a07-0a7a-46e2-b6cf-45c85d46ba30-GrpcLogAppender: Wait interrupted by java.lang.InterruptedException
2019-09-26 18:20:43,381 [fa9f2368-1bb6-42af-a1bb-0ecd29289437@group-540DC7593EC8:LeaderElection16] INFO  grpc.GrpcConfigKeys$Server (ConfUtils.java:logGet(43)) - raft.grpc.server.leader.outstanding.appends.max = 128 (default)
2019-09-26 18:20:43,381 [org.apache.ratis.server.impl.LogAppender$AppenderDaemon$$Lambda$405/1077708980@6ffa0299] WARN  server.GrpcLogAppender (GrpcLogAppender.java:mayWait(143)) - a97db397-b1f1-4b99-87cc-fea8e8393d8a@group-82EBB51B89A0->928b8ca6-1d06-472f-9df7-59380a31cc4f-GrpcLogAppender: Wait interrupted by java.lang.InterruptedException
2019-09-26 18:20:43,384 [fa9f2368-1bb6-42af-a1bb-0ecd29289437@group-540DC7593EC8:LeaderElection16] INFO  server.RaftServerConfigKeys (ConfUtils.java:logGet(43)) - raft.server.rpc.request.timeout = 3000ms (default)
2019-09-26 18:20:43,385 [fa9f2368-1bb6-42af-a1bb-0ecd29289437@group-540DC7593EC8:LeaderElection16] INFO  server.RaftServerConfigKeys (ConfUtils.java:logGet(43)) - raft.server.log.appender.install.snapshot.enabled = false (custom)
2019-09-26 18:20:43,384 [a97db397-b1f1-4b99-87cc-fea8e8393d8a@group-82EBB51B89A0-SegmentedRaftLogWorker] INFO  segmented.SegmentedRaftLogWorker (SegmentedRaftLogWorker.java:execute(569)) - a97db397-b1f1-4b99-87cc-fea8e8393d8a@group-82EBB51B89A0-SegmentedRaftLogWorker: created new log segment /workdir/hadoop-ozone/ozonefs/target/test-dir/MiniOzoneClusterImpl-4cd181c8-bc9e-4466-88a4-d14dd15eb960/datanode-0/data/ratis/a9284609-b156-4907-b852-82ebb51b89a0/current/log_inprogress_0
2019-09-26 18:20:43,388 [fa9f2368-1bb6-42af-a1bb-0ecd29289437@group-540DC7593EC8:LeaderElection16] INFO  impl.RoleInfo (RoleInfo.java:updateAndGet(143)) - fa9f2368-1bb6-42af-a1bb-0ecd29289437: start LeaderState
2019-09-26 18:20:43,391 [grpc-default-executor-5] INFO  impl.PendingRequests (PendingRequests.java:sendNotLeaderResponses(202)) - a97db397-b1f1-4b99-87cc-fea8e8393d8a-PendingRequests: sendNotLeaderResponses
2019-09-26 18:20:43,391 [fa9f2368-1bb6-42af-a1bb-0ecd29289437@group-540DC7593EC8:LeaderElection16] INFO  segmented.SegmentedRaftLogWorker (SegmentedRaftLogWorker.java:startLogSegment(380)) - fa9f2368-1bb6-42af-a1bb-0ecd29289437@group-540DC7593EC8-SegmentedRaftLogWorker: Starting segment from index:0
2019-09-26 18:20:43,392 [fa9f2368-1bb6-42af-a1bb-0ecd29289437@group-540DC7593EC8:LeaderElection16] INFO  impl.RaftServerImpl (ServerState.java:setRaftConf(354)) - fa9f2368-1bb6-42af-a1bb-0ecd29289437@group-540DC7593EC8: set configuration 0: [6c2fb94c-a365-43b2-bbf6-b1ef1568b50c:192.168.157.234:46404, cdae5251-09d5-44f4-b358-655664201067:192.168.157.234:36748, fa9f2368-1bb6-42af-a1bb-0ecd29289437:192.168.157.234:39317], old=null at 0
2019-09-26 18:20:43,393 [grpc-default-executor-7] INFO  server.GrpcServerProtocolService (GrpcServerProtocolService.java:onCompleted(113)) - 928b8ca6-1d06-472f-9df7-59380a31cc4f: Completed APPEND_ENTRIES, lastRequest: a97db397-b1f1-4b99-87cc-fea8e8393d8a->928b8ca6-1d06-472f-9df7-59380a31cc4f#0-t1, previous=(t:0, i:0), leaderCommit=-1, initializing? false, entries: <empty>
2019-09-26 18:20:43,393 [grpc-default-executor-3] INFO  server.GrpcServerProtocolService (GrpcServerProtocolService.java:onCompleted(113)) - 2f4b2a07-0a7a-46e2-b6cf-45c85d46ba30: Completed APPEND_ENTRIES, lastRequest: a97db397-b1f1-4b99-87cc-fea8e8393d8a->2f4b2a07-0a7a-46e2-b6cf-45c85d46ba30#0-t1, previous=(t:0, i:0), leaderCommit=-1, initializing? false, entries: <empty>
2019-09-26 18:20:43,439 [grpc-default-executor-5] INFO  impl.RoleInfo (RoleInfo.java:updateAndGet(143)) - a97db397-b1f1-4b99-87cc-fea8e8393d8a: start FollowerState
2019-09-26 18:20:43,461 [grpc-default-executor-3] INFO  impl.RaftServerImpl (ServerState.java:setLeader(253)) - cdae5251-09d5-44f4-b358-655664201067@group-540DC7593EC8: change Leader from null to fa9f2368-1bb6-42af-a1bb-0ecd29289437 at term 1 for appendEntries, leader elected after 5425ms
2019-09-26 18:20:43,461 [grpc-default-executor-1] INFO  impl.RaftServerImpl (ServerState.java:setLeader(253)) - 6c2fb94c-a365-43b2-bbf6-b1ef1568b50c@group-540DC7593EC8: change Leader from null to fa9f2368-1bb6-42af-a1bb-0ecd29289437 at term 1 for appendEntries, leader elected after 5425ms
2019-09-26 18:20:43,462 [fa9f2368-1bb6-42af-a1bb-0ecd29289437@group-540DC7593EC8-SegmentedRaftLogWorker] INFO  segmented.SegmentedRaftLogWorker (SegmentedRaftLogWorker.java:execute(569)) - fa9f2368-1bb6-42af-a1bb-0ecd29289437@group-540DC7593EC8-SegmentedRaftLogWorker: created new log segment /workdir/hadoop-ozone/ozonefs/target/test-dir/MiniOzoneClusterImpl-4cd181c8-bc9e-4466-88a4-d14dd15eb960/datanode-9/data/ratis/a1961905-cc52-41c9-9466-540dc7593ec8/current/log_inprogress_0
2019-09-26 18:20:43,465 [grpc-default-executor-7] INFO  impl.RaftServerImpl (ServerState.java:setRaftConf(354)) - bae3409c-6898-459a-9ead-f389836c7215@group-D24A3562F45D: set configuration 0: [93947204-6523-4053-8a53-59a9107be111:192.168.157.234:37418, bae3409c-6898-459a-9ead-f389836c7215:192.168.157.234:35770, 6d4b3972-949b-4922-a608-4c13a92fd060:192.168.157.234:34362], old=null at 0
2019-09-26 18:20:43,465 [grpc-default-executor-3] INFO  impl.RaftServerImpl (ServerState.java:setRaftConf(354)) - cdae5251-09d5-44f4-b358-655664201067@group-540DC7593EC8: set configuration 0: [6c2fb94c-a365-43b2-bbf6-b1ef1568b50c:192.168.157.234:46404, cdae5251-09d5-44f4-b358-655664201067:192.168.157.234:36748, fa9f2368-1bb6-42af-a1bb-0ecd29289437:192.168.157.234:39317], old=null at 0
2019-09-26 18:20:43,465 [grpc-default-executor-7] INFO  segmented.SegmentedRaftLogWorker (SegmentedRaftLogWorker.java:startLogSegment(380)) - bae3409c-6898-459a-9ead-f389836c7215@group-D24A3562F45D-SegmentedRaftLogWorker: Starting segment from index:0
2019-09-26 18:20:43,465 [grpc-default-executor-4] INFO  impl.RaftServerImpl (ServerState.java:setRaftConf(354)) - 6d4b3972-949b-4922-a608-4c13a92fd060@group-D24A3562F45D: set configuration 0: [93947204-6523-4053-8a53-59a9107be111:192.168.157.234:37418, bae3409c-6898-459a-9ead-f389836c7215:192.168.157.234:35770, 6d4b3972-949b-4922-a608-4c13a92fd060:192.168.157.234:34362], old=null at 0
2019-09-26 18:20:43,466 [grpc-default-executor-1] INFO  impl.RaftServerImpl (ServerState.java:setRaftConf(354)) - 6c2fb94c-a365-43b2-bbf6-b1ef1568b50c@group-540DC7593EC8: set configuration 0: [6c2fb94c-a365-43b2-bbf6-b1ef1568b50c:192.168.157.234:46404, cdae5251-09d5-44f4-b358-655664201067:192.168.157.234:36748, fa9f2368-1bb6-42af-a1bb-0ecd29289437:192.168.157.234:39317], old=null at 0
2019-09-26 18:20:43,465 [grpc-default-executor-3] INFO  segmented.SegmentedRaftLogWorker (SegmentedRaftLogWorker.java:startLogSegment(380)) - cdae5251-09d5-44f4-b358-655664201067@group-540DC7593EC8-SegmentedRaftLogWorker: Starting segment from index:0
2019-09-26 18:20:43,466 [grpc-default-executor-1] INFO  segmented.SegmentedRaftLogWorker (SegmentedRaftLogWorker.java:startLogSegment(380)) - 6c2fb94c-a365-43b2-bbf6-b1ef1568b50c@group-540DC7593EC8-SegmentedRaftLogWorker: Starting segment from index:0
2019-09-26 18:20:43,466 [grpc-default-executor-4] INFO  segmented.SegmentedRaftLogWorker (SegmentedRaftLogWorker.java:startLogSegment(380)) - 6d4b3972-949b-4922-a608-4c13a92fd060@group-D24A3562F45D-SegmentedRaftLogWorker: Starting segment from index:0
2019-09-26 18:20:43,476 [grpc-default-executor-6] INFO  server.GrpcLogAppender (GrpcLogAppender.java:onCompleted(293)) - a97db397-b1f1-4b99-87cc-fea8e8393d8a@group-82EBB51B89A0->2f4b2a07-0a7a-46e2-b6cf-45c85d46ba30-AppendLogResponseHandler: follower responses appendEntries COMPLETED
2019-09-26 18:20:43,476 [grpc-default-executor-0] INFO  server.GrpcLogAppender (GrpcLogAppender.java:onCompleted(293)) - a97db397-b1f1-4b99-87cc-fea8e8393d8a@group-82EBB51B89A0->928b8ca6-1d06-472f-9df7-59380a31cc4f-AppendLogResponseHandler: follower responses appendEntries COMPLETED
2019-09-26 18:20:43,527 [grpc-default-executor-6] INFO  impl.FollowerInfo (FollowerInfo.java:lambda$new$0(51)) - a97db397-b1f1-4b99-87cc-fea8e8393d8a@group-82EBB51B89A0->2f4b2a07-0a7a-46e2-b6cf-45c85d46ba30: nextIndex: updateUnconditionally 0 -> 0
2019-09-26 18:20:43,527 [grpc-default-executor-0] INFO  impl.FollowerInfo (FollowerInfo.java:lambda$new$0(51)) - a97db397-b1f1-4b99-87cc-fea8e8393d8a@group-82EBB51B89A0->928b8ca6-1d06-472f-9df7-59380a31cc4f: nextIndex: updateUnconditionally 0 -> 0
2019-09-26 18:20:43,532 [bae3409c-6898-459a-9ead-f389836c7215@group-D24A3562F45D-SegmentedRaftLogWorker] INFO  segmented.SegmentedRaftLogWorker (SegmentedRaftLogWorker.java:execute(569)) - bae3409c-6898-459a-9ead-f389836c7215@group-D24A3562F45D-SegmentedRaftLogWorker: created new log segment /workdir/hadoop-ozone/ozonefs/target/test-dir/MiniOzoneClusterImpl-4cd181c8-bc9e-4466-88a4-d14dd15eb960/datanode-4/data/ratis/b7207480-d3dd-489c-9dbd-d24a3562f45d/current/log_inprogress_0
2019-09-26 18:20:43,532 [6d4b3972-949b-4922-a608-4c13a92fd060@group-D24A3562F45D-SegmentedRaftLogWorker] INFO  segmented.SegmentedRaftLogWorker (SegmentedRaftLogWorker.java:execute(569)) - 6d4b3972-949b-4922-a608-4c13a92fd060@group-D24A3562F45D-SegmentedRaftLogWorker: created new log segment /workdir/hadoop-ozone/ozonefs/target/test-dir/MiniOzoneClusterImpl-4cd181c8-bc9e-4466-88a4-d14dd15eb960/datanode-7/data/ratis/b7207480-d3dd-489c-9dbd-d24a3562f45d/current/log_inprogress_0
2019-09-26 18:20:43,532 [cdae5251-09d5-44f4-b358-655664201067@group-540DC7593EC8-SegmentedRaftLogWorker] INFO  segmented.SegmentedRaftLogWorker (SegmentedRaftLogWorker.java:execute(569)) - cdae5251-09d5-44f4-b358-655664201067@group-540DC7593EC8-SegmentedRaftLogWorker: created new log segment /workdir/hadoop-ozone/ozonefs/target/test-dir/MiniOzoneClusterImpl-4cd181c8-bc9e-4466-88a4-d14dd15eb960/datanode-3/data/ratis/a1961905-cc52-41c9-9466-540dc7593ec8/current/log_inprogress_0
2019-09-26 18:20:43,532 [6c2fb94c-a365-43b2-bbf6-b1ef1568b50c@group-540DC7593EC8-SegmentedRaftLogWorker] INFO  segmented.SegmentedRaftLogWorker (SegmentedRaftLogWorker.java:execute(569)) - 6c2fb94c-a365-43b2-bbf6-b1ef1568b50c@group-540DC7593EC8-SegmentedRaftLogWorker: created new log segment /workdir/hadoop-ozone/ozonefs/target/test-dir/MiniOzoneClusterImpl-4cd181c8-bc9e-4466-88a4-d14dd15eb960/datanode-6/data/ratis/a1961905-cc52-41c9-9466-540dc7593ec8/current/log_inprogress_0
2019-09-26 18:20:43,805 [main] INFO  ipc.Client (Client.java:handleConnectionFailure(948)) - Retrying connect to server: localhost/127.0.0.1:0. Already tried 5 time(s); retry policy is RetryUpToMaximumCountWithFixedSleep(maxRetries=10, sleepTime=1000 MILLISECONDS)
2019-09-26 18:20:44,806 [main] INFO  ipc.Client (Client.java:handleConnectionFailure(948)) - Retrying connect to server: localhost/127.0.0.1:0. Already tried 6 time(s); retry policy is RetryUpToMaximumCountWithFixedSleep(maxRetries=10, sleepTime=1000 MILLISECONDS)
2019-09-26 18:20:45,808 [main] INFO  ipc.Client (Client.java:handleConnectionFailure(948)) - Retrying connect to server: localhost/127.0.0.1:0. Already tried 7 time(s); retry policy is RetryUpToMaximumCountWithFixedSleep(maxRetries=10, sleepTime=1000 MILLISECONDS)
2019-09-26 18:20:46,809 [main] INFO  ipc.Client (Client.java:handleConnectionFailure(948)) - Retrying connect to server: localhost/127.0.0.1:0. Already tried 8 time(s); retry policy is RetryUpToMaximumCountWithFixedSleep(maxRetries=10, sleepTime=1000 MILLISECONDS)
2019-09-26 18:20:47,811 [main] INFO  ipc.Client (Client.java:handleConnectionFailure(948)) - Retrying connect to server: localhost/127.0.0.1:0. Already tried 9 time(s); retry policy is RetryUpToMaximumCountWithFixedSleep(maxRetries=10, sleepTime=1000 MILLISECONDS)
2019-09-26 18:20:48,190 [Thread-389] INFO  impl.FollowerState (FollowerState.java:run(106)) - 928b8ca6-1d06-472f-9df7-59380a31cc4f:group-82EBB51B89A0 changes to CANDIDATE, lastRpcTime:5015, electionTimeout:5009ms
2019-09-26 18:20:48,190 [Thread-389] INFO  impl.RoleInfo (RoleInfo.java:shutdownFollowerState(121)) - 928b8ca6-1d06-472f-9df7-59380a31cc4f: shutdown FollowerState
2019-09-26 18:20:48,190 [Thread-389] INFO  impl.RaftServerImpl (RaftServerImpl.java:setRole(174)) - 928b8ca6-1d06-472f-9df7-59380a31cc4f@group-82EBB51B89A0: changes role from  FOLLOWER to CANDIDATE at term 2 for changeToCandidate
2019-09-26 18:20:48,191 [Thread-389] INFO  impl.RoleInfo (RoleInfo.java:updateAndGet(143)) - 928b8ca6-1d06-472f-9df7-59380a31cc4f: start LeaderElection
2019-09-26 18:20:48,219 [928b8ca6-1d06-472f-9df7-59380a31cc4f@group-82EBB51B89A0:LeaderElection18] INFO  impl.LeaderElection (LeaderElection.java:askForVotes(182)) - 928b8ca6-1d06-472f-9df7-59380a31cc4f@group-82EBB51B89A0:LeaderElection18: begin an election at term 3 for -1: [a97db397-b1f1-4b99-87cc-fea8e8393d8a:192.168.157.234:44695, 928b8ca6-1d06-472f-9df7-59380a31cc4f:192.168.157.234:42208, 2f4b2a07-0a7a-46e2-b6cf-45c85d46ba30:192.168.157.234:37570], old=null
2019-09-26 18:20:48,238 [grpc-default-executor-4] INFO  impl.RaftServerImpl (RaftServerImpl.java:setRole(174)) - a97db397-b1f1-4b99-87cc-fea8e8393d8a@group-82EBB51B89A0: changes role from  FOLLOWER to FOLLOWER at term 3 for recognizeCandidate:928b8ca6-1d06-472f-9df7-59380a31cc4f
2019-09-26 18:20:48,238 [grpc-default-executor-4] INFO  impl.RoleInfo (RoleInfo.java:shutdownFollowerState(121)) - a97db397-b1f1-4b99-87cc-fea8e8393d8a: shutdown FollowerState
2019-09-26 18:20:48,239 [grpc-default-executor-6] INFO  impl.RaftServerImpl (RaftServerImpl.java:setRole(174)) - 2f4b2a07-0a7a-46e2-b6cf-45c85d46ba30@group-82EBB51B89A0: changes role from  FOLLOWER to FOLLOWER at term 3 for recognizeCandidate:928b8ca6-1d06-472f-9df7-59380a31cc4f
2019-09-26 18:20:48,239 [Thread-408] INFO  impl.FollowerState (FollowerState.java:run(115)) - a97db397-b1f1-4b99-87cc-fea8e8393d8a: FollowerState was interrupted: java.lang.InterruptedException: sleep interrupted
2019-09-26 18:20:48,239 [grpc-default-executor-4] INFO  impl.RoleInfo (RoleInfo.java:updateAndGet(143)) - a97db397-b1f1-4b99-87cc-fea8e8393d8a: start FollowerState
2019-09-26 18:20:48,239 [grpc-default-executor-6] INFO  impl.RoleInfo (RoleInfo.java:shutdownFollowerState(121)) - 2f4b2a07-0a7a-46e2-b6cf-45c85d46ba30: shutdown FollowerState
2019-09-26 18:20:48,242 [grpc-default-executor-6] INFO  impl.RoleInfo (RoleInfo.java:updateAndGet(143)) - 2f4b2a07-0a7a-46e2-b6cf-45c85d46ba30: start FollowerState
2019-09-26 18:20:48,242 [Thread-402] INFO  impl.FollowerState (FollowerState.java:run(115)) - 2f4b2a07-0a7a-46e2-b6cf-45c85d46ba30: FollowerState was interrupted: java.lang.InterruptedException: sleep interrupted
2019-09-26 18:20:48,274 [928b8ca6-1d06-472f-9df7-59380a31cc4f@group-82EBB51B89A0:LeaderElection18] INFO  impl.LeaderElection (LeaderElection.java:logAndReturn(56)) - 928b8ca6-1d06-472f-9df7-59380a31cc4f@group-82EBB51B89A0:LeaderElection18: Election PASSED; received 1 response(s) [928b8ca6-1d06-472f-9df7-59380a31cc4f<-2f4b2a07-0a7a-46e2-b6cf-45c85d46ba30#0:OK-t3] and 0 exception(s); 928b8ca6-1d06-472f-9df7-59380a31cc4f@group-82EBB51B89A0:t3, leader=null, voted=928b8ca6-1d06-472f-9df7-59380a31cc4f, raftlog=928b8ca6-1d06-472f-9df7-59380a31cc4f@group-82EBB51B89A0-SegmentedRaftLog:OPENED:c-1,f-1,i0, conf=-1: [a97db397-b1f1-4b99-87cc-fea8e8393d8a:192.168.157.234:44695, 928b8ca6-1d06-472f-9df7-59380a31cc4f:192.168.157.234:42208, 2f4b2a07-0a7a-46e2-b6cf-45c85d46ba30:192.168.157.234:37570], old=null
2019-09-26 18:20:48,274 [928b8ca6-1d06-472f-9df7-59380a31cc4f@group-82EBB51B89A0:LeaderElection18] INFO  impl.RoleInfo (RoleInfo.java:shutdownLeaderElection(134)) - 928b8ca6-1d06-472f-9df7-59380a31cc4f: shutdown LeaderElection
2019-09-26 18:20:48,278 [928b8ca6-1d06-472f-9df7-59380a31cc4f@group-82EBB51B89A0:LeaderElection18] INFO  impl.RaftServerImpl (RaftServerImpl.java:setRole(174)) - 928b8ca6-1d06-472f-9df7-59380a31cc4f@group-82EBB51B89A0: changes role from CANDIDATE to LEADER at term 3 for changeToLeader
2019-09-26 18:20:48,278 [928b8ca6-1d06-472f-9df7-59380a31cc4f@group-82EBB51B89A0:LeaderElection18] INFO  impl.RaftServerImpl (ServerState.java:setLeader(253)) - 928b8ca6-1d06-472f-9df7-59380a31cc4f@group-82EBB51B89A0: change Leader from null to 928b8ca6-1d06-472f-9df7-59380a31cc4f at term 3 for becomeLeader, leader elected after 10361ms
2019-09-26 18:20:48,278 [928b8ca6-1d06-472f-9df7-59380a31cc4f@group-82EBB51B89A0:LeaderElection18] INFO  server.RaftServerConfigKeys (ConfUtils.java:logGet(43)) - raft.server.staging.catchup.gap = 1000 (default)
2019-09-26 18:20:48,278 [928b8ca6-1d06-472f-9df7-59380a31cc4f@group-82EBB51B89A0:LeaderElection18] INFO  server.RaftServerConfigKeys (ConfUtils.java:logGet(43)) - raft.server.rpc.sleep.time = 25ms (default)
2019-09-26 18:20:48,279 [928b8ca6-1d06-472f-9df7-59380a31cc4f@group-82EBB51B89A0:LeaderElection18] INFO  server.RaftServerConfigKeys (ConfUtils.java:logGet(43)) - raft.server.write.element-limit = 4096 (default)
2019-09-26 18:20:48,279 [928b8ca6-1d06-472f-9df7-59380a31cc4f@group-82EBB51B89A0:LeaderElection18] INFO  server.RaftServerConfigKeys (ConfUtils.java:logGet(43)) - raft.server.watch.timeout = 10s (default)
2019-09-26 18:20:48,279 [928b8ca6-1d06-472f-9df7-59380a31cc4f@group-82EBB51B89A0:LeaderElection18] INFO  server.RaftServerConfigKeys (ConfUtils.java:logGet(43)) - raft.server.watch.timeout.denomination = 1s (default)
2019-09-26 18:20:48,279 [928b8ca6-1d06-472f-9df7-59380a31cc4f@group-82EBB51B89A0:LeaderElection18] INFO  server.RaftServerConfigKeys (ConfUtils.java:logGet(43)) - raft.server.watch.element-limit = 65536 (default)
2019-09-26 18:20:48,283 [928b8ca6-1d06-472f-9df7-59380a31cc4f@group-82EBB51B89A0:LeaderElection18] INFO  server.RaftServerConfigKeys (ConfUtils.java:logGet(43)) - raft.server.log.appender.snapshot.chunk.size.max = 16MB (=16777216) (default)
2019-09-26 18:20:48,284 [928b8ca6-1d06-472f-9df7-59380a31cc4f@group-82EBB51B89A0:LeaderElection18] INFO  server.RaftServerConfigKeys (ConfUtils.java:logGet(43)) - raft.server.log.appender.buffer.byte-limit = 33554432 (custom)
2019-09-26 18:20:48,284 [928b8ca6-1d06-472f-9df7-59380a31cc4f@group-82EBB51B89A0:LeaderElection18] INFO  server.RaftServerConfigKeys (ConfUtils.java:logGet(43)) - raft.server.log.appender.buffer.element-limit = 1 (custom)
2019-09-26 18:20:48,284 [928b8ca6-1d06-472f-9df7-59380a31cc4f@group-82EBB51B89A0:LeaderElection18] INFO  grpc.GrpcConfigKeys$Server (ConfUtils.java:logGet(43)) - raft.grpc.server.leader.outstanding.appends.max = 128 (default)
2019-09-26 18:20:48,285 [928b8ca6-1d06-472f-9df7-59380a31cc4f@group-82EBB51B89A0:LeaderElection18] INFO  server.RaftServerConfigKeys (ConfUtils.java:logGet(43)) - raft.server.rpc.request.timeout = 3000ms (default)
2019-09-26 18:20:48,285 [928b8ca6-1d06-472f-9df7-59380a31cc4f@group-82EBB51B89A0:LeaderElection18] INFO  server.RaftServerConfigKeys (ConfUtils.java:logGet(43)) - raft.server.log.appender.install.snapshot.enabled = false (custom)
2019-09-26 18:20:48,285 [928b8ca6-1d06-472f-9df7-59380a31cc4f@group-82EBB51B89A0:LeaderElection18] INFO  server.RaftServerConfigKeys (ConfUtils.java:logGet(43)) - raft.server.log.appender.snapshot.chunk.size.max = 16MB (=16777216) (default)
2019-09-26 18:20:48,286 [928b8ca6-1d06-472f-9df7-59380a31cc4f@group-82EBB51B89A0:LeaderElection18] INFO  server.RaftServerConfigKeys (ConfUtils.java:logGet(43)) - raft.server.log.appender.buffer.byte-limit = 33554432 (custom)
2019-09-26 18:20:48,286 [928b8ca6-1d06-472f-9df7-59380a31cc4f@group-82EBB51B89A0:LeaderElection18] INFO  server.RaftServerConfigKeys (ConfUtils.java:logGet(43)) - raft.server.log.appender.buffer.element-limit = 1 (custom)
2019-09-26 18:20:48,286 [928b8ca6-1d06-472f-9df7-59380a31cc4f@group-82EBB51B89A0:LeaderElection18] INFO  grpc.GrpcConfigKeys$Server (ConfUtils.java:logGet(43)) - raft.grpc.server.leader.outstanding.appends.max = 128 (default)
2019-09-26 18:20:48,286 [928b8ca6-1d06-472f-9df7-59380a31cc4f@group-82EBB51B89A0:LeaderElection18] INFO  server.RaftServerConfigKeys (ConfUtils.java:logGet(43)) - raft.server.rpc.request.timeout = 3000ms (default)
2019-09-26 18:20:48,287 [928b8ca6-1d06-472f-9df7-59380a31cc4f@group-82EBB51B89A0:LeaderElection18] INFO  server.RaftServerConfigKeys (ConfUtils.java:logGet(43)) - raft.server.log.appender.install.snapshot.enabled = false (custom)
2019-09-26 18:20:48,287 [928b8ca6-1d06-472f-9df7-59380a31cc4f@group-82EBB51B89A0:LeaderElection18] INFO  impl.RoleInfo (RoleInfo.java:updateAndGet(143)) - 928b8ca6-1d06-472f-9df7-59380a31cc4f: start LeaderState
2019-09-26 18:20:48,287 [928b8ca6-1d06-472f-9df7-59380a31cc4f@group-82EBB51B89A0:LeaderElection18] INFO  segmented.SegmentedRaftLogWorker (SegmentedRaftLogWorker.java:startLogSegment(380)) - 928b8ca6-1d06-472f-9df7-59380a31cc4f@group-82EBB51B89A0-SegmentedRaftLogWorker: Starting segment from index:0
2019-09-26 18:20:48,289 [928b8ca6-1d06-472f-9df7-59380a31cc4f@group-82EBB51B89A0:LeaderElection18] INFO  impl.RaftServerImpl (ServerState.java:setRaftConf(354)) - 928b8ca6-1d06-472f-9df7-59380a31cc4f@group-82EBB51B89A0: set configuration 0: [a97db397-b1f1-4b99-87cc-fea8e8393d8a:192.168.157.234:44695, 928b8ca6-1d06-472f-9df7-59380a31cc4f:192.168.157.234:42208, 2f4b2a07-0a7a-46e2-b6cf-45c85d46ba30:192.168.157.234:37570], old=null at 0
2019-09-26 18:20:48,338 [grpc-default-executor-4] INFO  impl.RaftServerImpl (ServerState.java:setLeader(253)) - 2f4b2a07-0a7a-46e2-b6cf-45c85d46ba30@group-82EBB51B89A0: change Leader from null to 928b8ca6-1d06-472f-9df7-59380a31cc4f at term 3 for appendEntries, leader elected after 10421ms
2019-09-26 18:20:48,341 [grpc-default-executor-6] INFO  impl.RaftServerImpl (ServerState.java:setLeader(253)) - a97db397-b1f1-4b99-87cc-fea8e8393d8a@group-82EBB51B89A0: change Leader from null to 928b8ca6-1d06-472f-9df7-59380a31cc4f at term 3 for appendEntries, leader elected after 4980ms
2019-09-26 18:20:48,346 [928b8ca6-1d06-472f-9df7-59380a31cc4f@group-82EBB51B89A0-SegmentedRaftLogWorker] INFO  segmented.SegmentedRaftLogWorker (SegmentedRaftLogWorker.java:execute(569)) - 928b8ca6-1d06-472f-9df7-59380a31cc4f@group-82EBB51B89A0-SegmentedRaftLogWorker: created new log segment /workdir/hadoop-ozone/ozonefs/target/test-dir/MiniOzoneClusterImpl-4cd181c8-bc9e-4466-88a4-d14dd15eb960/datanode-5/data/ratis/a9284609-b156-4907-b852-82ebb51b89a0/current/log_inprogress_0
2019-09-26 18:20:48,347 [grpc-default-executor-6] INFO  impl.RaftServerImpl (ServerState.java:setRaftConf(354)) - a97db397-b1f1-4b99-87cc-fea8e8393d8a@group-82EBB51B89A0: set configuration 0: [a97db397-b1f1-4b99-87cc-fea8e8393d8a:192.168.157.234:44695, 928b8ca6-1d06-472f-9df7-59380a31cc4f:192.168.157.234:42208, 2f4b2a07-0a7a-46e2-b6cf-45c85d46ba30:192.168.157.234:37570], old=null at 0
2019-09-26 18:20:48,347 [grpc-default-executor-4] INFO  impl.RaftServerImpl (ServerState.java:setRaftConf(354)) - 2f4b2a07-0a7a-46e2-b6cf-45c85d46ba30@group-82EBB51B89A0: set configuration 0: [a97db397-b1f1-4b99-87cc-fea8e8393d8a:192.168.157.234:44695, 928b8ca6-1d06-472f-9df7-59380a31cc4f:192.168.157.234:42208, 2f4b2a07-0a7a-46e2-b6cf-45c85d46ba30:192.168.157.234:37570], old=null at 0
2019-09-26 18:20:48,348 [grpc-default-executor-4] INFO  segmented.SegmentedRaftLogWorker (SegmentedRaftLogWorker.java:startLogSegment(380)) - 2f4b2a07-0a7a-46e2-b6cf-45c85d46ba30@group-82EBB51B89A0-SegmentedRaftLogWorker: Starting segment from index:0
2019-09-26 18:20:48,353 [grpc-default-executor-6] INFO  segmented.SegmentedRaftLogWorker (SegmentedRaftLogWorker.java:truncate(396)) - a97db397-b1f1-4b99-87cc-fea8e8393d8a@group-82EBB51B89A0-SegmentedRaftLogWorker: Truncating segments toTruncate: null
  toDelete: [(0, 0) isOpen? true, length=0, newEndIndex=-1], start index 0
2019-09-26 18:20:48,354 [grpc-default-executor-6] INFO  segmented.SegmentedRaftLogWorker (SegmentedRaftLogWorker.java:startLogSegment(380)) - a97db397-b1f1-4b99-87cc-fea8e8393d8a@group-82EBB51B89A0-SegmentedRaftLogWorker: Starting segment from index:0
2019-09-26 18:20:48,356 [a97db397-b1f1-4b99-87cc-fea8e8393d8a@group-82EBB51B89A0-SegmentedRaftLogWorker] INFO  segmented.SegmentedRaftLogWorker (SegmentedRaftLogWorker.java:execute(633)) - a97db397-b1f1-4b99-87cc-fea8e8393d8a@group-82EBB51B89A0-SegmentedRaftLogWorker: Deleted log file /workdir/hadoop-ozone/ozonefs/target/test-dir/MiniOzoneClusterImpl-4cd181c8-bc9e-4466-88a4-d14dd15eb960/datanode-0/data/ratis/a9284609-b156-4907-b852-82ebb51b89a0/current/log_inprogress_0
2019-09-26 18:20:48,357 [a97db397-b1f1-4b99-87cc-fea8e8393d8a@group-82EBB51B89A0-SegmentedRaftLogWorker] INFO  segmented.SegmentedRaftLogWorker (SegmentedRaftLogWorker.java:lambda$new$0(132)) - a97db397-b1f1-4b99-87cc-fea8e8393d8a@group-82EBB51B89A0-SegmentedRaftLogWorker: flushIndex: setUnconditionally 0 -> -1
2019-09-26 18:20:48,397 [a97db397-b1f1-4b99-87cc-fea8e8393d8a@group-82EBB51B89A0-SegmentedRaftLogWorker] INFO  segmented.SegmentedRaftLogWorker (SegmentedRaftLogWorker.java:execute(569)) - a97db397-b1f1-4b99-87cc-fea8e8393d8a@group-82EBB51B89A0-SegmentedRaftLogWorker: created new log segment /workdir/hadoop-ozone/ozonefs/target/test-dir/MiniOzoneClusterImpl-4cd181c8-bc9e-4466-88a4-d14dd15eb960/datanode-0/data/ratis/a9284609-b156-4907-b852-82ebb51b89a0/current/log_inprogress_0
2019-09-26 18:20:48,397 [2f4b2a07-0a7a-46e2-b6cf-45c85d46ba30@group-82EBB51B89A0-SegmentedRaftLogWorker] INFO  segmented.SegmentedRaftLogWorker (SegmentedRaftLogWorker.java:execute(569)) - 2f4b2a07-0a7a-46e2-b6cf-45c85d46ba30@group-82EBB51B89A0-SegmentedRaftLogWorker: created new log segment /workdir/hadoop-ozone/ozonefs/target/test-dir/MiniOzoneClusterImpl-4cd181c8-bc9e-4466-88a4-d14dd15eb960/datanode-2/data/ratis/a9284609-b156-4907-b852-82ebb51b89a0/current/log_inprogress_0
2019-09-26 18:20:48,817 [main] INFO  ipc.Client (Client.java:handleConnectionFailure(948)) - Retrying connect to server: localhost/127.0.0.1:0. Already tried 0 time(s); retry policy is RetryUpToMaximumCountWithFixedSleep(maxRetries=10, sleepTime=1000 MILLISECONDS)
2019-09-26 18:20:49,818 [main] INFO  ipc.Client (Client.java:handleConnectionFailure(948)) - Retrying connect to server: localhost/127.0.0.1:0. Already tried 1 time(s); retry policy is RetryUpToMaximumCountWithFixedSleep(maxRetries=10, sleepTime=1000 MILLISECONDS)
2019-09-26 18:20:50,819 [main] INFO  ipc.Client (Client.java:handleConnectionFailure(948)) - Retrying connect to server: localhost/127.0.0.1:0. Already tried 2 time(s); retry policy is RetryUpToMaximumCountWithFixedSleep(maxRetries=10, sleepTime=1000 MILLISECONDS)
2019-09-26 18:20:51,820 [main] INFO  ipc.Client (Client.java:handleConnectionFailure(948)) - Retrying connect to server: localhost/127.0.0.1:0. Already tried 3 time(s); retry policy is RetryUpToMaximumCountWithFixedSleep(maxRetries=10, sleepTime=1000 MILLISECONDS)
2019-09-26 18:20:52,822 [main] INFO  ipc.Client (Client.java:handleConnectionFailure(948)) - Retrying connect to server: localhost/127.0.0.1:0. Already tried 4 time(s); retry policy is RetryUpToMaximumCountWithFixedSleep(maxRetries=10, sleepTime=1000 MILLISECONDS)
2019-09-26 18:20:53,823 [main] INFO  ipc.Client (Client.java:handleConnectionFailure(948)) - Retrying connect to server: localhost/127.0.0.1:0. Already tried 5 time(s); retry policy is RetryUpToMaximumCountWithFixedSleep(maxRetries=10, sleepTime=1000 MILLISECONDS)
2019-09-26 18:20:54,825 [main] INFO  ipc.Client (Client.java:handleConnectionFailure(948)) - Retrying connect to server: localhost/127.0.0.1:0. Already tried 6 time(s); retry policy is RetryUpToMaximumCountWithFixedSleep(maxRetries=10, sleepTime=1000 MILLISECONDS)
2019-09-26 18:20:55,826 [main] INFO  ipc.Client (Client.java:handleConnectionFailure(948)) - Retrying connect to server: localhost/127.0.0.1:0. Already tried 7 time(s); retry policy is RetryUpToMaximumCountWithFixedSleep(maxRetries=10, sleepTime=1000 MILLISECONDS)
2019-09-26 18:20:56,827 [main] INFO  ipc.Client (Client.java:handleConnectionFailure(948)) - Retrying connect to server: localhost/127.0.0.1:0. Already tried 8 time(s); retry policy is RetryUpToMaximumCountWithFixedSleep(maxRetries=10, sleepTime=1000 MILLISECONDS)
2019-09-26 18:20:57,829 [main] INFO  ipc.Client (Client.java:handleConnectionFailure(948)) - Retrying connect to server: localhost/127.0.0.1:0. Already tried 9 time(s); retry policy is RetryUpToMaximumCountWithFixedSleep(maxRetries=10, sleepTime=1000 MILLISECONDS)
2019-09-26 18:20:57,830 [main] INFO  retry.RetryInvocationHandler (RetryInvocationHandler.java:log(411)) - com.google.protobuf.ServiceException: java.net.ConnectException: Your endpoint configuration is wrong; For more details see:  http://wiki.apache.org/hadoop/UnsetHostnameOrPort, while invoking $Proxy36.submitRequest over nodeId=null,nodeAddress=127.0.0.1:0 after 1 failover attempts. Trying to failover immediately.
2019-09-26 18:20:58,832 [main] INFO  ipc.Client (Client.java:handleConnectionFailure(948)) - Retrying connect to server: localhost/127.0.0.1:0. Already tried 0 time(s); retry policy is RetryUpToMaximumCountWithFixedSleep(maxRetries=10, sleepTime=1000 MILLISECONDS)
2019-09-26 18:20:59,834 [main] INFO  ipc.Client (Client.java:handleConnectionFailure(948)) - Retrying connect to server: localhost/127.0.0.1:0. Already tried 1 time(s); retry policy is RetryUpToMaximumCountWithFixedSleep(maxRetries=10, sleepTime=1000 MILLISECONDS)
2019-09-26 18:21:00,835 [main] INFO  ipc.Client (Client.java:handleConnectionFailure(948)) - Retrying connect to server: localhost/127.0.0.1:0. Already tried 2 time(s); retry policy is RetryUpToMaximumCountWithFixedSleep(maxRetries=10, sleepTime=1000 MILLISECONDS)
2019-09-26 18:21:01,837 [main] INFO  ipc.Client (Client.java:handleConnectionFailure(948)) - Retrying connect to server: localhost/127.0.0.1:0. Already tried 3 time(s); retry policy is RetryUpToMaximumCountWithFixedSleep(maxRetries=10, sleepTime=1000 MILLISECONDS)
2019-09-26 18:21:02,838 [main] INFO  ipc.Client (Client.java:handleConnectionFailure(948)) - Retrying connect to server: localhost/127.0.0.1:0. Already tried 4 time(s); retry policy is RetryUpToMaximumCountWithFixedSleep(maxRetries=10, sleepTime=1000 MILLISECONDS)
2019-09-26 18:21:03,840 [main] INFO  ipc.Client (Client.java:handleConnectionFailure(948)) - Retrying connect to server: localhost/127.0.0.1:0. Already tried 5 time(s); retry policy is RetryUpToMaximumCountWithFixedSleep(maxRetries=10, sleepTime=1000 MILLISECONDS)
2019-09-26 18:21:04,841 [main] INFO  ipc.Client (Client.java:handleConnectionFailure(948)) - Retrying connect to server: localhost/127.0.0.1:0. Already tried 6 time(s); retry policy is RetryUpToMaximumCountWithFixedSleep(maxRetries=10, sleepTime=1000 MILLISECONDS)
2019-09-26 18:21:05,842 [main] INFO  ipc.Client (Client.java:handleConnectionFailure(948)) - Retrying connect to server: localhost/127.0.0.1:0. Already tried 7 time(s); retry policy is RetryUpToMaximumCountWithFixedSleep(maxRetries=10, sleepTime=1000 MILLISECONDS)
2019-09-26 18:21:06,844 [main] INFO  ipc.Client (Client.java:handleConnectionFailure(948)) - Retrying connect to server: localhost/127.0.0.1:0. Already tried 8 time(s); retry policy is RetryUpToMaximumCountWithFixedSleep(maxRetries=10, sleepTime=1000 MILLISECONDS)
2019-09-26 18:21:07,845 [main] INFO  ipc.Client (Client.java:handleConnectionFailure(948)) - Retrying connect to server: localhost/127.0.0.1:0. Already tried 9 time(s); retry policy is RetryUpToMaximumCountWithFixedSleep(maxRetries=10, sleepTime=1000 MILLISECONDS)
2019-09-26 18:21:07,847 [main] INFO  retry.RetryInvocationHandler (RetryInvocationHandler.java:log(411)) - com.google.protobuf.ServiceException: java.net.ConnectException: Your endpoint configuration is wrong; For more details see:  http://wiki.apache.org/hadoop/UnsetHostnameOrPort, while invoking $Proxy36.submitRequest over nodeId=null,nodeAddress=127.0.0.1:0 after 2 failover attempts. Trying to failover immediately.
2019-09-26 18:21:08,848 [main] INFO  ipc.Client (Client.java:handleConnectionFailure(948)) - Retrying connect to server: localhost/127.0.0.1:0. Already tried 0 time(s); retry policy is RetryUpToMaximumCountWithFixedSleep(maxRetries=10, sleepTime=1000 MILLISECONDS)
2019-09-26 18:21:09,850 [main] INFO  ipc.Client (Client.java:handleConnectionFailure(948)) - Retrying connect to server: localhost/127.0.0.1:0. Already tried 1 time(s); retry policy is RetryUpToMaximumCountWithFixedSleep(maxRetries=10, sleepTime=1000 MILLISECONDS)
2019-09-26 18:21:10,851 [main] INFO  ipc.Client (Client.java:handleConnectionFailure(948)) - Retrying connect to server: localhost/127.0.0.1:0. Already tried 2 time(s); retry policy is RetryUpToMaximumCountWithFixedSleep(maxRetries=10, sleepTime=1000 MILLISECONDS)
2019-09-26 18:21:11,852 [main] INFO  ipc.Client (Client.java:handleConnectionFailure(948)) - Retrying connect to server: localhost/127.0.0.1:0. Already tried 3 time(s); retry policy is RetryUpToMaximumCountWithFixedSleep(maxRetries=10, sleepTime=1000 MILLISECONDS)
2019-09-26 18:21:12,854 [main] INFO  ipc.Client (Client.java:handleConnectionFailure(948)) - Retrying connect to server: localhost/127.0.0.1:0. Already tried 4 time(s); retry policy is RetryUpToMaximumCountWithFixedSleep(maxRetries=10, sleepTime=1000 MILLISECONDS)
2019-09-26 18:21:13,855 [main] INFO  ipc.Client (Client.java:handleConnectionFailure(948)) - Retrying connect to server: localhost/127.0.0.1:0. Already tried 5 time(s); retry policy is RetryUpToMaximumCountWithFixedSleep(maxRetries=10, sleepTime=1000 MILLISECONDS)
2019-09-26 18:21:14,856 [main] INFO  ipc.Client (Client.java:handleConnectionFailure(948)) - Retrying connect to server: localhost/127.0.0.1:0. Already tried 6 time(s); retry policy is RetryUpToMaximumCountWithFixedSleep(maxRetries=10, sleepTime=1000 MILLISECONDS)
2019-09-26 18:21:15,857 [main] INFO  ipc.Client (Client.java:handleConnectionFailure(948)) - Retrying connect to server: localhost/127.0.0.1:0. Already tried 7 time(s); retry policy is RetryUpToMaximumCountWithFixedSleep(maxRetries=10, sleepTime=1000 MILLISECONDS)
2019-09-26 18:21:16,859 [main] INFO  ipc.Client (Client.java:handleConnectionFailure(948)) - Retrying connect to server: localhost/127.0.0.1:0. Already tried 8 time(s); retry policy is RetryUpToMaximumCountWithFixedSleep(maxRetries=10, sleepTime=1000 MILLISECONDS)
2019-09-26 18:21:17,860 [main] INFO  ipc.Client (Client.java:handleConnectionFailure(948)) - Retrying connect to server: localhost/127.0.0.1:0. Already tried 9 time(s); retry policy is RetryUpToMaximumCountWithFixedSleep(maxRetries=10, sleepTime=1000 MILLISECONDS)
2019-09-26 18:21:17,862 [main] INFO  retry.RetryInvocationHandler (RetryInvocationHandler.java:log(411)) - com.google.protobuf.ServiceException: java.net.ConnectException: Your endpoint configuration is wrong; For more details see:  http://wiki.apache.org/hadoop/UnsetHostnameOrPort, while invoking $Proxy36.submitRequest over nodeId=null,nodeAddress=127.0.0.1:0 after 3 failover attempts. Trying to failover immediately.
2019-09-26 18:21:18,863 [main] INFO  ipc.Client (Client.java:handleConnectionFailure(948)) - Retrying connect to server: localhost/127.0.0.1:0. Already tried 0 time(s); retry policy is RetryUpToMaximumCountWithFixedSleep(maxRetries=10, sleepTime=1000 MILLISECONDS)
2019-09-26 18:21:19,865 [main] INFO  ipc.Client (Client.java:handleConnectionFailure(948)) - Retrying connect to server: localhost/127.0.0.1:0. Already tried 1 time(s); retry policy is RetryUpToMaximumCountWithFixedSleep(maxRetries=10, sleepTime=1000 MILLISECONDS)
2019-09-26 18:21:20,866 [main] INFO  ipc.Client (Client.java:handleConnectionFailure(948)) - Retrying connect to server: localhost/127.0.0.1:0. Already tried 2 time(s); retry policy is RetryUpToMaximumCountWithFixedSleep(maxRetries=10, sleepTime=1000 MILLISECONDS)
2019-09-26 18:21:21,867 [main] INFO  ipc.Client (Client.java:handleConnectionFailure(948)) - Retrying connect to server: localhost/127.0.0.1:0. Already tried 3 time(s); retry policy is RetryUpToMaximumCountWithFixedSleep(maxRetries=10, sleepTime=1000 MILLISECONDS)
2019-09-26 18:21:22,869 [main] INFO  ipc.Client (Client.java:handleConnectionFailure(948)) - Retrying connect to server: localhost/127.0.0.1:0. Already tried 4 time(s); retry policy is RetryUpToMaximumCountWithFixedSleep(maxRetries=10, sleepTime=1000 MILLISECONDS)
2019-09-26 18:21:23,870 [main] INFO  ipc.Client (Client.java:handleConnectionFailure(948)) - Retrying connect to server: localhost/127.0.0.1:0. Already tried 5 time(s); retry policy is RetryUpToMaximumCountWithFixedSleep(maxRetries=10, sleepTime=1000 MILLISECONDS)
2019-09-26 18:21:24,871 [main] INFO  ipc.Client (Client.java:handleConnectionFailure(948)) - Retrying connect to server: localhost/127.0.0.1:0. Already tried 6 time(s); retry policy is RetryUpToMaximumCountWithFixedSleep(maxRetries=10, sleepTime=1000 MILLISECONDS)
2019-09-26 18:21:25,873 [main] INFO  ipc.Client (Client.java:handleConnectionFailure(948)) - Retrying connect to server: localhost/127.0.0.1:0. Already tried 7 time(s); retry policy is RetryUpToMaximumCountWithFixedSleep(maxRetries=10, sleepTime=1000 MILLISECONDS)
2019-09-26 18:21:26,874 [main] INFO  ipc.Client (Client.java:handleConnectionFailure(948)) - Retrying connect to server: localhost/127.0.0.1:0. Already tried 8 time(s); retry policy is RetryUpToMaximumCountWithFixedSleep(maxRetries=10, sleepTime=1000 MILLISECONDS)
2019-09-26 18:21:27,875 [main] INFO  ipc.Client (Client.java:handleConnectionFailure(948)) - Retrying connect to server: localhost/127.0.0.1:0. Already tried 9 time(s); retry policy is RetryUpToMaximumCountWithFixedSleep(maxRetries=10, sleepTime=1000 MILLISECONDS)
2019-09-26 18:21:27,877 [main] INFO  retry.RetryInvocationHandler (RetryInvocationHandler.java:log(411)) - com.google.protobuf.ServiceException: java.net.ConnectException: Your endpoint configuration is wrong; For more details see:  http://wiki.apache.org/hadoop/UnsetHostnameOrPort, while invoking $Proxy36.submitRequest over nodeId=null,nodeAddress=127.0.0.1:0 after 4 failover attempts. Trying to failover immediately.
2019-09-26 18:21:28,879 [main] INFO  ipc.Client (Client.java:handleConnectionFailure(948)) - Retrying connect to server: localhost/127.0.0.1:0. Already tried 0 time(s); retry policy is RetryUpToMaximumCountWithFixedSleep(maxRetries=10, sleepTime=1000 MILLISECONDS)
2019-09-26 18:21:29,880 [main] INFO  ipc.Client (Client.java:handleConnectionFailure(948)) - Retrying connect to server: localhost/127.0.0.1:0. Already tried 1 time(s); retry policy is RetryUpToMaximumCountWithFixedSleep(maxRetries=10, sleepTime=1000 MILLISECONDS)
2019-09-26 18:21:30,881 [main] INFO  ipc.Client (Client.java:handleConnectionFailure(948)) - Retrying connect to server: localhost/127.0.0.1:0. Already tried 2 time(s); retry policy is RetryUpToMaximumCountWithFixedSleep(maxRetries=10, sleepTime=1000 MILLISECONDS)
2019-09-26 18:21:31,972 [main] INFO  ipc.Client (Client.java:handleConnectionFailure(948)) - Retrying connect to server: localhost/127.0.0.1:0. Already tried 3 time(s); retry policy is RetryUpToMaximumCountWithFixedSleep(maxRetries=10, sleepTime=1000 MILLISECONDS)
2019-09-26 18:21:32,980 [main] INFO  ipc.Client (Client.java:handleConnectionFailure(948)) - Retrying connect to server: localhost/127.0.0.1:0. Already tried 4 time(s); retry policy is RetryUpToMaximumCountWithFixedSleep(maxRetries=10, sleepTime=1000 MILLISECONDS)
2019-09-26 18:21:33,981 [main] INFO  ipc.Client (Client.java:handleConnectionFailure(948)) - Retrying connect to server: localhost/127.0.0.1:0. Already tried 5 time(s); retry policy is RetryUpToMaximumCountWithFixedSleep(maxRetries=10, sleepTime=1000 MILLISECONDS)
2019-09-26 18:21:34,982 [main] INFO  ipc.Client (Client.java:handleConnectionFailure(948)) - Retrying connect to server: localhost/127.0.0.1:0. Already tried 6 time(s); retry policy is RetryUpToMaximumCountWithFixedSleep(maxRetries=10, sleepTime=1000 MILLISECONDS)
2019-09-26 18:21:35,984 [main] INFO  ipc.Client (Client.java:handleConnectionFailure(948)) - Retrying connect to server: localhost/127.0.0.1:0. Already tried 7 time(s); retry policy is RetryUpToMaximumCountWithFixedSleep(maxRetries=10, sleepTime=1000 MILLISECONDS)
2019-09-26 18:21:36,985 [main] INFO  ipc.Client (Client.java:handleConnectionFailure(948)) - Retrying connect to server: localhost/127.0.0.1:0. Already tried 8 time(s); retry policy is RetryUpToMaximumCountWithFixedSleep(maxRetries=10, sleepTime=1000 MILLISECONDS)
2019-09-26 18:21:37,989 [main] INFO  ipc.Client (Client.java:handleConnectionFailure(948)) - Retrying connect to server: localhost/127.0.0.1:0. Already tried 9 time(s); retry policy is RetryUpToMaximumCountWithFixedSleep(maxRetries=10, sleepTime=1000 MILLISECONDS)
2019-09-26 18:21:37,992 [main] INFO  retry.RetryInvocationHandler (RetryInvocationHandler.java:log(411)) - com.google.protobuf.ServiceException: java.net.ConnectException: Your endpoint configuration is wrong; For more details see:  http://wiki.apache.org/hadoop/UnsetHostnameOrPort, while invoking $Proxy36.submitRequest over nodeId=null,nodeAddress=127.0.0.1:0 after 5 failover attempts. Trying to failover immediately.
2019-09-26 18:21:38,993 [main] INFO  ipc.Client (Client.java:handleConnectionFailure(948)) - Retrying connect to server: localhost/127.0.0.1:0. Already tried 0 time(s); retry policy is RetryUpToMaximumCountWithFixedSleep(maxRetries=10, sleepTime=1000 MILLISECONDS)
2019-09-26 18:21:39,994 [main] INFO  ipc.Client (Client.java:handleConnectionFailure(948)) - Retrying connect to server: localhost/127.0.0.1:0. Already tried 1 time(s); retry policy is RetryUpToMaximumCountWithFixedSleep(maxRetries=10, sleepTime=1000 MILLISECONDS)
2019-09-26 18:21:40,995 [main] INFO  ipc.Client (Client.java:handleConnectionFailure(948)) - Retrying connect to server: localhost/127.0.0.1:0. Already tried 2 time(s); retry policy is RetryUpToMaximumCountWithFixedSleep(maxRetries=10, sleepTime=1000 MILLISECONDS)
2019-09-26 18:21:41,997 [main] INFO  ipc.Client (Client.java:handleConnectionFailure(948)) - Retrying connect to server: localhost/127.0.0.1:0. Already tried 3 time(s); retry policy is RetryUpToMaximumCountWithFixedSleep(maxRetries=10, sleepTime=1000 MILLISECONDS)
2019-09-26 18:21:42,998 [main] INFO  ipc.Client (Client.java:handleConnectionFailure(948)) - Retrying connect to server: localhost/127.0.0.1:0. Already tried 4 time(s); retry policy is RetryUpToMaximumCountWithFixedSleep(maxRetries=10, sleepTime=1000 MILLISECONDS)
2019-09-26 18:21:43,999 [main] INFO  ipc.Client (Client.java:handleConnectionFailure(948)) - Retrying connect to server: localhost/127.0.0.1:0. Already tried 5 time(s); retry policy is RetryUpToMaximumCountWithFixedSleep(maxRetries=10, sleepTime=1000 MILLISECONDS)
2019-09-26 18:21:45,001 [main] INFO  ipc.Client (Client.java:handleConnectionFailure(948)) - Retrying connect to server: localhost/127.0.0.1:0. Already tried 6 time(s); retry policy is RetryUpToMaximumCountWithFixedSleep(maxRetries=10, sleepTime=1000 MILLISECONDS)
2019-09-26 18:21:46,002 [main] INFO  ipc.Client (Client.java:handleConnectionFailure(948)) - Retrying connect to server: localhost/127.0.0.1:0. Already tried 7 time(s); retry policy is RetryUpToMaximumCountWithFixedSleep(maxRetries=10, sleepTime=1000 MILLISECONDS)
2019-09-26 18:21:47,004 [main] INFO  ipc.Client (Client.java:handleConnectionFailure(948)) - Retrying connect to server: localhost/127.0.0.1:0. Already tried 8 time(s); retry policy is RetryUpToMaximumCountWithFixedSleep(maxRetries=10, sleepTime=1000 MILLISECONDS)
2019-09-26 18:21:48,005 [main] INFO  ipc.Client (Client.java:handleConnectionFailure(948)) - Retrying connect to server: localhost/127.0.0.1:0. Already tried 9 time(s); retry policy is RetryUpToMaximumCountWithFixedSleep(maxRetries=10, sleepTime=1000 MILLISECONDS)
2019-09-26 18:21:48,006 [main] INFO  retry.RetryInvocationHandler (RetryInvocationHandler.java:log(411)) - com.google.protobuf.ServiceException: java.net.ConnectException: Your endpoint configuration is wrong; For more details see:  http://wiki.apache.org/hadoop/UnsetHostnameOrPort, while invoking $Proxy36.submitRequest over nodeId=null,nodeAddress=127.0.0.1:0 after 6 failover attempts. Trying to failover immediately.
2019-09-26 18:21:49,008 [main] INFO  ipc.Client (Client.java:handleConnectionFailure(948)) - Retrying connect to server: localhost/127.0.0.1:0. Already tried 0 time(s); retry policy is RetryUpToMaximumCountWithFixedSleep(maxRetries=10, sleepTime=1000 MILLISECONDS)
2019-09-26 18:21:50,009 [main] INFO  ipc.Client (Client.java:handleConnectionFailure(948)) - Retrying connect to server: localhost/127.0.0.1:0. Already tried 1 time(s); retry policy is RetryUpToMaximumCountWithFixedSleep(maxRetries=10, sleepTime=1000 MILLISECONDS)
2019-09-26 18:21:51,010 [main] INFO  ipc.Client (Client.java:handleConnectionFailure(948)) - Retrying connect to server: localhost/127.0.0.1:0. Already tried 2 time(s); retry policy is RetryUpToMaximumCountWithFixedSleep(maxRetries=10, sleepTime=1000 MILLISECONDS)
2019-09-26 18:21:52,012 [main] INFO  ipc.Client (Client.java:handleConnectionFailure(948)) - Retrying connect to server: localhost/127.0.0.1:0. Already tried 3 time(s); retry policy is RetryUpToMaximumCountWithFixedSleep(maxRetries=10, sleepTime=1000 MILLISECONDS)
2019-09-26 18:21:53,013 [main] INFO  ipc.Client (Client.java:handleConnectionFailure(948)) - Retrying connect to server: localhost/127.0.0.1:0. Already tried 4 time(s); retry policy is RetryUpToMaximumCountWithFixedSleep(maxRetries=10, sleepTime=1000 MILLISECONDS)
2019-09-26 18:21:54,014 [main] INFO  ipc.Client (Client.java:handleConnectionFailure(948)) - Retrying connect to server: localhost/127.0.0.1:0. Already tried 5 time(s); retry policy is RetryUpToMaximumCountWithFixedSleep(maxRetries=10, sleepTime=1000 MILLISECONDS)
2019-09-26 18:21:55,016 [main] INFO  ipc.Client (Client.java:handleConnectionFailure(948)) - Retrying connect to server: localhost/127.0.0.1:0. Already tried 6 time(s); retry policy is RetryUpToMaximumCountWithFixedSleep(maxRetries=10, sleepTime=1000 MILLISECONDS)
2019-09-26 18:21:56,017 [main] INFO  ipc.Client (Client.java:handleConnectionFailure(948)) - Retrying connect to server: localhost/127.0.0.1:0. Already tried 7 time(s); retry policy is RetryUpToMaximumCountWithFixedSleep(maxRetries=10, sleepTime=1000 MILLISECONDS)
2019-09-26 18:21:57,019 [main] INFO  ipc.Client (Client.java:handleConnectionFailure(948)) - Retrying connect to server: localhost/127.0.0.1:0. Already tried 8 time(s); retry policy is RetryUpToMaximumCountWithFixedSleep(maxRetries=10, sleepTime=1000 MILLISECONDS)
2019-09-26 18:21:58,020 [main] INFO  ipc.Client (Client.java:handleConnectionFailure(948)) - Retrying connect to server: localhost/127.0.0.1:0. Already tried 9 time(s); retry policy is RetryUpToMaximumCountWithFixedSleep(maxRetries=10, sleepTime=1000 MILLISECONDS)
2019-09-26 18:21:58,022 [main] INFO  retry.RetryInvocationHandler (RetryInvocationHandler.java:log(411)) - com.google.protobuf.ServiceException: java.net.ConnectException: Your endpoint configuration is wrong; For more details see:  http://wiki.apache.org/hadoop/UnsetHostnameOrPort, while invoking $Proxy36.submitRequest over nodeId=null,nodeAddress=127.0.0.1:0 after 7 failover attempts. Trying to failover immediately.
2019-09-26 18:21:59,023 [main] INFO  ipc.Client (Client.java:handleConnectionFailure(948)) - Retrying connect to server: localhost/127.0.0.1:0. Already tried 0 time(s); retry policy is RetryUpToMaximumCountWithFixedSleep(maxRetries=10, sleepTime=1000 MILLISECONDS)
2019-09-26 18:22:00,025 [main] INFO  ipc.Client (Client.java:handleConnectionFailure(948)) - Retrying connect to server: localhost/127.0.0.1:0. Already tried 1 time(s); retry policy is RetryUpToMaximumCountWithFixedSleep(maxRetries=10, sleepTime=1000 MILLISECONDS)
2019-09-26 18:22:01,026 [main] INFO  ipc.Client (Client.java:handleConnectionFailure(948)) - Retrying connect to server: localhost/127.0.0.1:0. Already tried 2 time(s); retry policy is RetryUpToMaximumCountWithFixedSleep(maxRetries=10, sleepTime=1000 MILLISECONDS)
2019-09-26 18:22:02,028 [main] INFO  ipc.Client (Client.java:handleConnectionFailure(948)) - Retrying connect to server: localhost/127.0.0.1:0. Already tried 3 time(s); retry policy is RetryUpToMaximumCountWithFixedSleep(maxRetries=10, sleepTime=1000 MILLISECONDS)
2019-09-26 18:22:03,029 [main] INFO  ipc.Client (Client.java:handleConnectionFailure(948)) - Retrying connect to server: localhost/127.0.0.1:0. Already tried 4 time(s); retry policy is RetryUpToMaximumCountWithFixedSleep(maxRetries=10, sleepTime=1000 MILLISECONDS)
2019-09-26 18:22:04,031 [main] INFO  ipc.Client (Client.java:handleConnectionFailure(948)) - Retrying connect to server: localhost/127.0.0.1:0. Already tried 5 time(s); retry policy is RetryUpToMaximumCountWithFixedSleep(maxRetries=10, sleepTime=1000 MILLISECONDS)
2019-09-26 18:22:05,032 [main] INFO  ipc.Client (Client.java:handleConnectionFailure(948)) - Retrying connect to server: localhost/127.0.0.1:0. Already tried 6 time(s); retry policy is RetryUpToMaximumCountWithFixedSleep(maxRetries=10, sleepTime=1000 MILLISECONDS)
2019-09-26 18:22:06,033 [main] INFO  ipc.Client (Client.java:handleConnectionFailure(948)) - Retrying connect to server: localhost/127.0.0.1:0. Already tried 7 time(s); retry policy is RetryUpToMaximumCountWithFixedSleep(maxRetries=10, sleepTime=1000 MILLISECONDS)
2019-09-26 18:22:07,039 [main] INFO  ipc.Client (Client.java:handleConnectionFailure(948)) - Retrying connect to server: localhost/127.0.0.1:0. Already tried 8 time(s); retry policy is RetryUpToMaximumCountWithFixedSleep(maxRetries=10, sleepTime=1000 MILLISECONDS)
2019-09-26 18:22:08,043 [main] INFO  ipc.Client (Client.java:handleConnectionFailure(948)) - Retrying connect to server: localhost/127.0.0.1:0. Already tried 9 time(s); retry policy is RetryUpToMaximumCountWithFixedSleep(maxRetries=10, sleepTime=1000 MILLISECONDS)
2019-09-26 18:22:08,045 [main] INFO  retry.RetryInvocationHandler (RetryInvocationHandler.java:log(411)) - com.google.protobuf.ServiceException: java.net.ConnectException: Your endpoint configuration is wrong; For more details see:  http://wiki.apache.org/hadoop/UnsetHostnameOrPort, while invoking $Proxy36.submitRequest over nodeId=null,nodeAddress=127.0.0.1:0 after 8 failover attempts. Trying to failover immediately.
2019-09-26 18:22:09,047 [main] INFO  ipc.Client (Client.java:handleConnectionFailure(948)) - Retrying connect to server: localhost/127.0.0.1:0. Already tried 0 time(s); retry policy is RetryUpToMaximumCountWithFixedSleep(maxRetries=10, sleepTime=1000 MILLISECONDS)
2019-09-26 18:22:10,049 [main] INFO  ipc.Client (Client.java:handleConnectionFailure(948)) - Retrying connect to server: localhost/127.0.0.1:0. Already tried 1 time(s); retry policy is RetryUpToMaximumCountWithFixedSleep(maxRetries=10, sleepTime=1000 MILLISECONDS)
2019-09-26 18:22:11,051 [main] INFO  ipc.Client (Client.java:handleConnectionFailure(948)) - Retrying connect to server: localhost/127.0.0.1:0. Already tried 2 time(s); retry policy is RetryUpToMaximumCountWithFixedSleep(maxRetries=10, sleepTime=1000 MILLISECONDS)
2019-09-26 18:22:12,052 [main] INFO  ipc.Client (Client.java:handleConnectionFailure(948)) - Retrying connect to server: localhost/127.0.0.1:0. Already tried 3 time(s); retry policy is RetryUpToMaximumCountWithFixedSleep(maxRetries=10, sleepTime=1000 MILLISECONDS)
2019-09-26 18:22:13,054 [main] INFO  ipc.Client (Client.java:handleConnectionFailure(948)) - Retrying connect to server: localhost/127.0.0.1:0. Already tried 4 time(s); retry policy is RetryUpToMaximumCountWithFixedSleep(maxRetries=10, sleepTime=1000 MILLISECONDS)
2019-09-26 18:22:14,055 [main] INFO  ipc.Client (Client.java:handleConnectionFailure(948)) - Retrying connect to server: localhost/127.0.0.1:0. Already tried 5 time(s); retry policy is RetryUpToMaximumCountWithFixedSleep(maxRetries=10, sleepTime=1000 MILLISECONDS)
2019-09-26 18:22:15,056 [main] INFO  ipc.Client (Client.java:handleConnectionFailure(948)) - Retrying connect to server: localhost/127.0.0.1:0. Already tried 6 time(s); retry policy is RetryUpToMaximumCountWithFixedSleep(maxRetries=10, sleepTime=1000 MILLISECONDS)
2019-09-26 18:22:16,058 [main] INFO  ipc.Client (Client.java:handleConnectionFailure(948)) - Retrying connect to server: localhost/127.0.0.1:0. Already tried 7 time(s); retry policy is RetryUpToMaximumCountWithFixedSleep(maxRetries=10, sleepTime=1000 MILLISECONDS)
2019-09-26 18:22:17,060 [main] INFO  ipc.Client (Client.java:handleConnectionFailure(948)) - Retrying connect to server: localhost/127.0.0.1:0. Already tried 8 time(s); retry policy is RetryUpToMaximumCountWithFixedSleep(maxRetries=10, sleepTime=1000 MILLISECONDS)
2019-09-26 18:22:18,061 [main] INFO  ipc.Client (Client.java:handleConnectionFailure(948)) - Retrying connect to server: localhost/127.0.0.1:0. Already tried 9 time(s); retry policy is RetryUpToMaximumCountWithFixedSleep(maxRetries=10, sleepTime=1000 MILLISECONDS)
2019-09-26 18:22:18,063 [main] INFO  retry.RetryInvocationHandler (RetryInvocationHandler.java:log(411)) - com.google.protobuf.ServiceException: java.net.ConnectException: Your endpoint configuration is wrong; For more details see:  http://wiki.apache.org/hadoop/UnsetHostnameOrPort, while invoking $Proxy36.submitRequest over nodeId=null,nodeAddress=127.0.0.1:0 after 9 failover attempts. Trying to failover immediately.
2019-09-26 18:22:19,064 [main] INFO  ipc.Client (Client.java:handleConnectionFailure(948)) - Retrying connect to server: localhost/127.0.0.1:0. Already tried 0 time(s); retry policy is RetryUpToMaximumCountWithFixedSleep(maxRetries=10, sleepTime=1000 MILLISECONDS)
2019-09-26 18:22:20,067 [main] INFO  ipc.Client (Client.java:handleConnectionFailure(948)) - Retrying connect to server: localhost/127.0.0.1:0. Already tried 1 time(s); retry policy is RetryUpToMaximumCountWithFixedSleep(maxRetries=10, sleepTime=1000 MILLISECONDS)
2019-09-26 18:22:21,068 [main] INFO  ipc.Client (Client.java:handleConnectionFailure(948)) - Retrying connect to server: localhost/127.0.0.1:0. Already tried 2 time(s); retry policy is RetryUpToMaximumCountWithFixedSleep(maxRetries=10, sleepTime=1000 MILLISECONDS)
2019-09-26 18:22:22,070 [main] INFO  ipc.Client (Client.java:handleConnectionFailure(948)) - Retrying connect to server: localhost/127.0.0.1:0. Already tried 3 time(s); retry policy is RetryUpToMaximumCountWithFixedSleep(maxRetries=10, sleepTime=1000 MILLISECONDS)
2019-09-26 18:22:23,071 [main] INFO  ipc.Client (Client.java:handleConnectionFailure(948)) - Retrying connect to server: localhost/127.0.0.1:0. Already tried 4 time(s); retry policy is RetryUpToMaximumCountWithFixedSleep(maxRetries=10, sleepTime=1000 MILLISECONDS)
2019-09-26 18:22:24,072 [main] INFO  ipc.Client (Client.java:handleConnectionFailure(948)) - Retrying connect to server: localhost/127.0.0.1:0. Already tried 5 time(s); retry policy is RetryUpToMaximumCountWithFixedSleep(maxRetries=10, sleepTime=1000 MILLISECONDS)
2019-09-26 18:22:25,074 [main] INFO  ipc.Client (Client.java:handleConnectionFailure(948)) - Retrying connect to server: localhost/127.0.0.1:0. Already tried 6 time(s); retry policy is RetryUpToMaximumCountWithFixedSleep(maxRetries=10, sleepTime=1000 MILLISECONDS)
2019-09-26 18:22:26,075 [main] INFO  ipc.Client (Client.java:handleConnectionFailure(948)) - Retrying connect to server: localhost/127.0.0.1:0. Already tried 7 time(s); retry policy is RetryUpToMaximumCountWithFixedSleep(maxRetries=10, sleepTime=1000 MILLISECONDS)
2019-09-26 18:22:27,077 [main] INFO  ipc.Client (Client.java:handleConnectionFailure(948)) - Retrying connect to server: localhost/127.0.0.1:0. Already tried 8 time(s); retry policy is RetryUpToMaximumCountWithFixedSleep(maxRetries=10, sleepTime=1000 MILLISECONDS)
2019-09-26 18:22:28,078 [main] INFO  ipc.Client (Client.java:handleConnectionFailure(948)) - Retrying connect to server: localhost/127.0.0.1:0. Already tried 9 time(s); retry policy is RetryUpToMaximumCountWithFixedSleep(maxRetries=10, sleepTime=1000 MILLISECONDS)
2019-09-26 18:22:28,081 [main] ERROR ha.OMFailoverProxyProvider (OzoneManagerProtocolClientSideTranslatorPB.java:getRetryAction(268)) - Failed to connect to OM. Attempted 10 retries and 10 failovers
2019-09-26 18:22:28,085 [main] ERROR client.OzoneClientFactory (OzoneClientFactory.java:getClientProtocol(259)) - Couldn't create RpcClient protocol exception: 
java.net.ConnectException: Your endpoint configuration is wrong; For more details see:  http://wiki.apache.org/hadoop/UnsetHostnameOrPort
	at sun.reflect.NativeConstructorAccessorImpl.newInstance0(Native Method)
	at sun.reflect.NativeConstructorAccessorImpl.newInstance(NativeConstructorAccessorImpl.java:62)
	at sun.reflect.DelegatingConstructorAccessorImpl.newInstance(DelegatingConstructorAccessorImpl.java:45)
	at java.lang.reflect.Constructor.newInstance(Constructor.java:423)
	at org.apache.hadoop.net.NetUtils.wrapWithMessage(NetUtils.java:831)
	at org.apache.hadoop.net.NetUtils.wrapException(NetUtils.java:751)
	at org.apache.hadoop.ipc.Client.getRpcResponse(Client.java:1515)
	at org.apache.hadoop.ipc.Client.call(Client.java:1457)
	at org.apache.hadoop.ipc.Client.call(Client.java:1367)
	at org.apache.hadoop.ipc.ProtobufRpcEngine$Invoker.invoke(ProtobufRpcEngine.java:228)
	at org.apache.hadoop.ipc.ProtobufRpcEngine$Invoker.invoke(ProtobufRpcEngine.java:116)
	at com.sun.proxy.$Proxy36.submitRequest(Unknown Source)
	at sun.reflect.NativeMethodAccessorImpl.invoke0(Native Method)
	at sun.reflect.NativeMethodAccessorImpl.invoke(NativeMethodAccessorImpl.java:62)
	at sun.reflect.DelegatingMethodAccessorImpl.invoke(DelegatingMethodAccessorImpl.java:43)
	at java.lang.reflect.Method.invoke(Method.java:498)
	at org.apache.hadoop.io.retry.RetryInvocationHandler.invokeMethod(RetryInvocationHandler.java:422)
	at org.apache.hadoop.io.retry.RetryInvocationHandler$Call.invokeMethod(RetryInvocationHandler.java:165)
	at org.apache.hadoop.io.retry.RetryInvocationHandler$Call.invoke(RetryInvocationHandler.java:157)
	at org.apache.hadoop.io.retry.RetryInvocationHandler$Call.invokeOnce(RetryInvocationHandler.java:95)
	at org.apache.hadoop.io.retry.RetryInvocationHandler.invoke(RetryInvocationHandler.java:359)
	at com.sun.proxy.$Proxy36.submitRequest(Unknown Source)
	at org.apache.hadoop.ozone.om.protocolPB.OzoneManagerProtocolClientSideTranslatorPB.submitRequest(OzoneManagerProtocolClientSideTranslatorPB.java:338)
	at org.apache.hadoop.ozone.om.protocolPB.OzoneManagerProtocolClientSideTranslatorPB.getServiceInfo(OzoneManagerProtocolClientSideTranslatorPB.java:1223)
	at sun.reflect.NativeMethodAccessorImpl.invoke0(Native Method)
	at sun.reflect.NativeMethodAccessorImpl.invoke(NativeMethodAccessorImpl.java:62)
	at sun.reflect.DelegatingMethodAccessorImpl.invoke(DelegatingMethodAccessorImpl.java:43)
	at java.lang.reflect.Method.invoke(Method.java:498)
	at org.apache.hadoop.hdds.tracing.TraceAllMethod.invoke(TraceAllMethod.java:66)
	at com.sun.proxy.$Proxy37.getServiceInfo(Unknown Source)
	at org.apache.hadoop.ozone.client.rpc.RpcClient.<init>(RpcClient.java:154)
	at org.apache.hadoop.ozone.client.OzoneClientFactory.getClientProtocol(OzoneClientFactory.java:256)
	at org.apache.hadoop.ozone.client.OzoneClientFactory.getClientProtocol(OzoneClientFactory.java:239)
	at org.apache.hadoop.ozone.client.OzoneClientFactory.getClient(OzoneClientFactory.java:75)
	at org.apache.hadoop.ozone.MiniOzoneClusterImpl.getClient(MiniOzoneClusterImpl.java:212)
	at org.apache.hadoop.ozone.TestDataUtil.createVolumeAndBucket(TestDataUtil.java:51)
	at org.apache.hadoop.ozone.TestDataUtil.createVolumeAndBucket(TestDataUtil.java:93)
	at org.apache.hadoop.fs.ozone.TestOzoneFSInputStream.init(TestOzoneFSInputStream.java:72)
	at sun.reflect.NativeMethodAccessorImpl.invoke0(Native Method)
	at sun.reflect.NativeMethodAccessorImpl.invoke(NativeMethodAccessorImpl.java:62)
	at sun.reflect.DelegatingMethodAccessorImpl.invoke(DelegatingMethodAccessorImpl.java:43)
	at java.lang.reflect.Method.invoke(Method.java:498)
	at org.junit.runners.model.FrameworkMethod$1.runReflectiveCall(FrameworkMethod.java:47)
	at org.junit.internal.runners.model.ReflectiveCallable.run(ReflectiveCallable.java:12)
	at org.junit.runners.model.FrameworkMethod.invokeExplosively(FrameworkMethod.java:44)
	at org.junit.internal.runners.statements.RunBefores.evaluate(RunBefores.java:24)
	at org.junit.internal.runners.statements.RunAfters.evaluate(RunAfters.java:27)
	at org.junit.runners.ParentRunner.run(ParentRunner.java:309)
	at org.apache.maven.surefire.junit4.JUnit4Provider.execute(JUnit4Provider.java:365)
	at org.apache.maven.surefire.junit4.JUnit4Provider.executeWithRerun(JUnit4Provider.java:273)
	at org.apache.maven.surefire.junit4.JUnit4Provider.executeTestSet(JUnit4Provider.java:238)
	at org.apache.maven.surefire.junit4.JUnit4Provider.invoke(JUnit4Provider.java:159)
	at org.apache.maven.surefire.booter.ForkedBooter.invokeProviderInSameClassLoader(ForkedBooter.java:384)
	at org.apache.maven.surefire.booter.ForkedBooter.runSuitesInProcess(ForkedBooter.java:345)
	at org.apache.maven.surefire.booter.ForkedBooter.execute(ForkedBooter.java:126)
	at org.apache.maven.surefire.booter.ForkedBooter.main(ForkedBooter.java:418)
Caused by: java.net.ConnectException: Connection refused
	at sun.nio.ch.SocketChannelImpl.checkConnect(Native Method)
	at sun.nio.ch.SocketChannelImpl.finishConnect(SocketChannelImpl.java:717)
	at org.apache.hadoop.net.SocketIOWithTimeout.connect(SocketIOWithTimeout.java:206)
	at org.apache.hadoop.net.NetUtils.connect(NetUtils.java:531)
	at org.apache.hadoop.ipc.Client$Connection.setupConnection(Client.java:690)
	at org.apache.hadoop.ipc.Client$Connection.setupIOstreams(Client.java:794)
	at org.apache.hadoop.ipc.Client$Connection.access$3700(Client.java:411)
	at org.apache.hadoop.ipc.Client.getConnection(Client.java:1572)
	at org.apache.hadoop.ipc.Client.call(Client.java:1403)
	... 48 more
]]></system-out>
    <system-err><![CDATA[ERROR StatusLogger No Log4j 2 configuration file found. Using default configuration (logging only errors to the console), or user programmatically provided configurations. Set system property 'log4j2.debug' to show Log4j 2 internal initialization logging. See https://logging.apache.org/log4j/2.x/manual/configuration.html for instructions on how to configure Log4j 2
]]></system-err>
  </testcase>
  <testcase name="org.apache.hadoop.fs.ozone.TestOzoneFSInputStream" classname="org.apache.hadoop.fs.ozone.TestOzoneFSInputStream" time="122.13">
    <error type="java.lang.NullPointerException">java.lang.NullPointerException
	at org.apache.hadoop.fs.ozone.TestOzoneFSInputStream.shutdown(TestOzoneFSInputStream.java:96)
	at sun.reflect.NativeMethodAccessorImpl.invoke0(Native Method)
	at sun.reflect.NativeMethodAccessorImpl.invoke(NativeMethodAccessorImpl.java:62)
	at sun.reflect.DelegatingMethodAccessorImpl.invoke(DelegatingMethodAccessorImpl.java:43)
	at java.lang.reflect.Method.invoke(Method.java:498)
	at org.junit.runners.model.FrameworkMethod$1.runReflectiveCall(FrameworkMethod.java:47)
	at org.junit.internal.runners.model.ReflectiveCallable.run(ReflectiveCallable.java:12)
	at org.junit.runners.model.FrameworkMethod.invokeExplosively(FrameworkMethod.java:44)
	at org.junit.internal.runners.statements.RunAfters.evaluate(RunAfters.java:33)
	at org.junit.runners.ParentRunner.run(ParentRunner.java:309)
	at org.apache.maven.surefire.junit4.JUnit4Provider.execute(JUnit4Provider.java:365)
	at org.apache.maven.surefire.junit4.JUnit4Provider.executeWithRerun(JUnit4Provider.java:273)
	at org.apache.maven.surefire.junit4.JUnit4Provider.executeTestSet(JUnit4Provider.java:238)
	at org.apache.maven.surefire.junit4.JUnit4Provider.invoke(JUnit4Provider.java:159)
	at org.apache.maven.surefire.booter.ForkedBooter.invokeProviderInSameClassLoader(ForkedBooter.java:384)
	at org.apache.maven.surefire.booter.ForkedBooter.runSuitesInProcess(ForkedBooter.java:345)
	at org.apache.maven.surefire.booter.ForkedBooter.execute(ForkedBooter.java:126)
	at org.apache.maven.surefire.booter.ForkedBooter.main(ForkedBooter.java:418)
</error>
  </testcase>
</testsuite>